		Time			Cycle	PC		Insn	Decoded instruction	Register and memory contents
         65.000 ns	         5	80000000	f14022f3	csrrs	x5,mhartid,x0	  x0:0x00000000  x5=0xffffff14
         75.000 ns	         6	80000004	00000313	addi	x6,x0,0	  x0:0x00000000  x6=0x00000000
         85.000 ns	         7	80000008	00628263	beq	x5,x6,8000000c	  x5:0x00000000  x6:0x00000000
         95.000 ns	         8	8000000c	00000d97	auipc	x27,0x0	 x27=0x8000000c
        105.000 ns	         9	80000010	00cd8d93	addi	x27,x27,12	 x27:0x00000000 x27=0x80000018
        115.000 ns	        10	80000014	000d8067	jalr	x0,x27,0	 x27:0x00000000
        165.000 ns	        15	80000018	400017b7	lui	x15,0x40001	 x15=0x40001000
        175.000 ns	        16	8000001c	12078793	addi	x15,x15,288	 x15:0x00000000 x15=0x40001120
        185.000 ns	        17	80000020	30179073	csrrw	x0,misa,x15	 x15:0x00000000
        195.000 ns	        18	80000024	00041297	auipc	x5,0x41	  x5=0x80041024
        205.000 ns	        19	80000028	00028293	addi	x5,x5,0	  x5:0xffffff14  x5=0x80041024
        215.000 ns	        20	8000002c	0000b797	auipc	x15,0xb	 x15=0x8000b02c
        225.000 ns	        21	80000030	8c478793	addi	x15,x15,-1852	 x15:0x40001120 x15=0x8000a8f0
        235.000 ns	        22	80000034	0017e793	ori	x15,x15,1	 x15:0x40001120 x15=0x8000a8f1
        245.000 ns	        23	80000038	30579073	csrrw	x0,mtvec,x15	 x15:0x8000b02c
        255.000 ns	        24	8000003c	00000797	auipc	x15,0x0	 x15=0x8000003c
        265.000 ns	        25	80000040	02878793	addi	x15,x15,40	 x15:0x8000a8f1 x15=0x80000064
        275.000 ns	        26	80000044	34179073	csrrw	x0,mepc,x15	 x15:0x8000a8f1
        285.000 ns	        27	80000048	00000013	addi	x0,x0,0	  x0:0x00000000
        295.000 ns	        28	8000004c	000047b7	lui	x15,0x4	 x15=0x00004000
        305.000 ns	        29	80000050	80078793	addi	x15,x15,-2048	 x15:0x80000064 x15=0x00003800
        315.000 ns	        30	80000054	30079073	csrrw	x0,mstatus,x15	 x15:0x80000064
        325.000 ns	        31	80000058	00000793	addi	x15,x0,0	  x0:0x00000000 x15=0x00000000
        335.000 ns	        32	8000005c	30479073	csrrw	x0,mie,x15	 x15:0x00003800
        345.000 ns	        33	80000060	30200073	mret	
        355.000 ns	        34	80000064	7f8007b7	lui	x15,0x7f800	 x15=0x7f800000
        365.000 ns	        35	80000068	00178793	addi	x15,x15,1	 x15:0x00000000 x15=0x7f800001
        385.000 ns	        37	8000006c	f0078053	fmv.w.x	f0,x15	 x15:0x00000000  f0=0x7f800001
        405.000 ns	        39	80000070	800007b7	lui	x15,0x80000	 x15=0x80000000
        425.000 ns	        41	80000074	f00780d3	fmv.w.x	f1,x15	 x15:0x7f800001  f1=0x80000000
        445.000 ns	        43	80000078	ff8007b7	lui	x15,0xff800	 x15=0xff800000
        455.000 ns	        44	8000007c	fff78793	addi	x15,x15,-1	 x15:0x80000000 x15=0xff7fffff
        475.000 ns	        46	80000080	f0078153	fmv.w.x	f2,x15	 x15:0x80000000  f2=0xff7fffff
        495.000 ns	        48	80000084	c0a6a7b7	lui	x15,0xc0a6a	 x15=0xc0a6a000
        505.000 ns	        49	80000088	a2078793	addi	x15,x15,-1504	 x15:0xff7fffff x15=0xc0a69a20
        525.000 ns	        51	8000008c	f00781d3	fmv.w.x	f3,x15	 x15:0xff7fffff  f3=0xc0a69a20
        545.000 ns	        53	80000090	7f8007b7	lui	x15,0x7f800	 x15=0x7f800000
        555.000 ns	        54	80000094	fff78793	addi	x15,x15,-1	 x15:0xc0a69a20 x15=0x7f7fffff
        575.000 ns	        56	80000098	f0078253	fmv.w.x	f4,x15	 x15:0xc0a69a20  f4=0x7f7fffff
        595.000 ns	        58	8000009c	801067b7	lui	x15,0x80106	 x15=0x80106000
        605.000 ns	        59	800000a0	fa378793	addi	x15,x15,-93	 x15:0x7f7fffff x15=0x80105fa3
        625.000 ns	        61	800000a4	f00782d3	fmv.w.x	f5,x15	 x15:0x7f7fffff  f5=0x80105fa3
        645.000 ns	        63	800000a8	ff8007b7	lui	x15,0xff800	 x15=0xff800000
        655.000 ns	        64	800000ac	fff78793	addi	x15,x15,-1	 x15:0x80105fa3 x15=0xff7fffff
        675.000 ns	        66	800000b0	f0078353	fmv.w.x	f6,x15	 x15:0x80105fa3  f6=0xff7fffff
        695.000 ns	        68	800000b4	ff8007b7	lui	x15,0xff800	 x15=0xff800000
        705.000 ns	        69	800000b8	fff78793	addi	x15,x15,-1	 x15:0xff7fffff x15=0xff7fffff
        725.000 ns	        71	800000bc	f00783d3	fmv.w.x	f7,x15	 x15:0xff7fffff  f7=0xff7fffff
        745.000 ns	        73	800000c0	00000793	addi	x15,x0,0	  x0:0x00000000 x15=0x00000000
        765.000 ns	        75	800000c4	f0078453	fmv.w.x	f8,x15	 x15:0xff7fffff  f8=0x00000000
        785.000 ns	        77	800000c8	806e67b7	lui	x15,0x806e6	 x15=0x806e6000
        795.000 ns	        78	800000cc	38a78793	addi	x15,x15,906	 x15:0x00000000 x15=0x806e638a
        815.000 ns	        80	800000d0	f00784d3	fmv.w.x	f9,x15	 x15:0x00000000  f9=0x806e638a
        835.000 ns	        82	800000d4	7f8007b7	lui	x15,0x7f800	 x15=0x7f800000
        845.000 ns	        83	800000d8	fff78793	addi	x15,x15,-1	 x15:0x806e638a x15=0x7f7fffff
        865.000 ns	        85	800000dc	f0078553	fmv.w.x	f10,x15	 x15:0x806e638a f10=0x7f7fffff
        885.000 ns	        87	800000e0	7f8007b7	lui	x15,0x7f800	 x15=0x7f800000
        905.000 ns	        89	800000e4	f00785d3	fmv.w.x	f11,x15	 x15:0x7f7fffff f11=0x7f800000
        925.000 ns	        91	800000e8	807c47b7	lui	x15,0x807c4	 x15=0x807c4000
        935.000 ns	        92	800000ec	3ee78793	addi	x15,x15,1006	 x15:0x7f800000 x15=0x807c43ee
        955.000 ns	        94	800000f0	f0078653	fmv.w.x	f12,x15	 x15:0x7f800000 f12=0x807c43ee
        975.000 ns	        96	800000f4	d23c87b7	lui	x15,0xd23c8	 x15=0xd23c8000
        985.000 ns	        97	800000f8	b6478793	addi	x15,x15,-1180	 x15:0x807c43ee x15=0xd23c7b64
       1005.000 ns	        99	800000fc	f00786d3	fmv.w.x	f13,x15	 x15:0x807c43ee f13=0xd23c7b64
       1025.000 ns	       101	80000100	007247b7	lui	x15,0x724	 x15=0x00724000
       1035.000 ns	       102	80000104	7cc78793	addi	x15,x15,1996	 x15:0xd23c7b64 x15=0x007247cc
       1055.000 ns	       104	80000108	f0078753	fmv.w.x	f14,x15	 x15:0xd23c7b64 f14=0x007247cc
       1075.000 ns	       106	8000010c	7fc007b7	lui	x15,0x7fc00	 x15=0x7fc00000
       1095.000 ns	       108	80000110	f00787d3	fmv.w.x	f15,x15	 x15:0x007247cc f15=0x7fc00000
       1115.000 ns	       110	80000114	7f8007b7	lui	x15,0x7f800	 x15=0x7f800000
       1125.000 ns	       111	80000118	00178793	addi	x15,x15,1	 x15:0x7fc00000 x15=0x7f800001
       1145.000 ns	       113	8000011c	f0078853	fmv.w.x	f16,x15	 x15:0x7fc00000 f16=0x7f800001
       1165.000 ns	       115	80000120	7fc007b7	lui	x15,0x7fc00	 x15=0x7fc00000
       1185.000 ns	       117	80000124	f00788d3	fmv.w.x	f17,x15	 x15:0x7f800001 f17=0x7fc00000
       1205.000 ns	       119	80000128	00000793	addi	x15,x0,0	  x0:0x00000000 x15=0x00000000
       1225.000 ns	       121	8000012c	f0078953	fmv.w.x	f18,x15	 x15:0x7fc00000 f18=0x00000000
       1245.000 ns	       123	80000130	00000793	addi	x15,x0,0	  x0:0x00000000 x15=0x00000000
       1265.000 ns	       125	80000134	f00789d3	fmv.w.x	f19,x15	 x15:0x00000000 f19=0x00000000
       1285.000 ns	       127	80000138	ff8007b7	lui	x15,0xff800	 x15=0xff800000
       1305.000 ns	       129	8000013c	f0078a53	fmv.w.x	f20,x15	 x15:0x00000000 f20=0xff800000
       1325.000 ns	       131	80000140	ff8007b7	lui	x15,0xff800	 x15=0xff800000
       1345.000 ns	       133	80000144	f0078ad3	fmv.w.x	f21,x15	 x15:0xff800000 f21=0xff800000
       1365.000 ns	       135	80000148	800007b7	lui	x15,0x80000	 x15=0x80000000
       1385.000 ns	       137	8000014c	f0078b53	fmv.w.x	f22,x15	 x15:0xff800000 f22=0x80000000
       1405.000 ns	       139	80000150	0058a7b7	lui	x15,0x58a	 x15=0x0058a000
       1415.000 ns	       140	80000154	37c78793	addi	x15,x15,892	 x15:0x80000000 x15=0x0058a37c
       1435.000 ns	       142	80000158	f0078bd3	fmv.w.x	f23,x15	 x15:0x80000000 f23=0x0058a37c
       1455.000 ns	       144	8000015c	805b07b7	lui	x15,0x805b0	 x15=0x805b0000
       1465.000 ns	       145	80000160	74978793	addi	x15,x15,1865	 x15:0x0058a37c x15=0x805b0749
       1485.000 ns	       147	80000164	f0078c53	fmv.w.x	f24,x15	 x15:0x0058a37c f24=0x805b0749
       1505.000 ns	       149	80000168	800007b7	lui	x15,0x80000	 x15=0x80000000
       1525.000 ns	       151	8000016c	f0078cd3	fmv.w.x	f25,x15	 x15:0x805b0749 f25=0x80000000
       1545.000 ns	       153	80000170	800007b7	lui	x15,0x80000	 x15=0x80000000
       1565.000 ns	       155	80000174	f0078d53	fmv.w.x	f26,x15	 x15:0x80000000 f26=0x80000000
       1585.000 ns	       157	80000178	7fc007b7	lui	x15,0x7fc00	 x15=0x7fc00000
       1605.000 ns	       159	8000017c	f0078dd3	fmv.w.x	f27,x15	 x15:0x80000000 f27=0x7fc00000
       1625.000 ns	       161	80000180	7f8007b7	lui	x15,0x7f800	 x15=0x7f800000
       1635.000 ns	       162	80000184	fff78793	addi	x15,x15,-1	 x15:0x7fc00000 x15=0x7f7fffff
       1655.000 ns	       164	80000188	f0078e53	fmv.w.x	f28,x15	 x15:0x7fc00000 f28=0x7f7fffff
       1675.000 ns	       166	8000018c	7fc007b7	lui	x15,0x7fc00	 x15=0x7fc00000
       1695.000 ns	       168	80000190	f0078ed3	fmv.w.x	f29,x15	 x15:0x7f7fffff f29=0x7fc00000
       1715.000 ns	       170	80000194	7f8007b7	lui	x15,0x7f800	 x15=0x7f800000
       1725.000 ns	       171	80000198	00178793	addi	x15,x15,1	 x15:0x7fc00000 x15=0x7f800001
       1745.000 ns	       173	8000019c	f0078f53	fmv.w.x	f30,x15	 x15:0x7fc00000 f30=0x7f800001
       1765.000 ns	       175	800001a0	84c117b7	lui	x15,0x84c11	 x15=0x84c11000
       1775.000 ns	       176	800001a4	86978793	addi	x15,x15,-1943	 x15:0x7f800001 x15=0x84c10869
       1795.000 ns	       178	800001a8	f0078fd3	fmv.w.x	f31,x15	 x15:0x7f800001 f31=0x84c10869
       1815.000 ns	       180	800001ac	0020d073	csrrwi	x0,frm,1	
       1825.000 ns	       181	800001b0	00000013	addi	x0,x0,0	  x0:0x00000000
       1835.000 ns	       182	800001b4	800000b7	lui	x1,0x80000	  x1=0x80000000
       1845.000 ns	       183	800001b8	80000137	lui	x2,0x80000	  x2=0x80000000
       1855.000 ns	       184	800001bc	3438c1b7	lui	x3,0x3438c	  x3=0x3438c000
       1865.000 ns	       185	800001c0	8c418193	addi	x3,x3,-1852	  x3:0x00000000  x3=0x3438b8c4
       1875.000 ns	       186	800001c4	00100213	addi	x4,x0,1	  x0:0x00000000  x4=0x00000001
       1885.000 ns	       187	800001c8	dd3aa337	lui	x6,0xdd3aa	  x6=0xdd3aa000
       1895.000 ns	       188	800001cc	d1630313	addi	x6,x6,-746	  x6:0x00000000  x6=0xdd3a9d16
       1905.000 ns	       189	800001d0	00000393	addi	x7,x0,0	  x0:0x00000000  x7=0x00000000
       1915.000 ns	       190	800001d4	80000437	lui	x8,0x80000	  x8=0x80000000
       1925.000 ns	       191	800001d8	d470f4b7	lui	x9,0xd470f	  x9=0xd470f000
       1935.000 ns	       192	800001dc	12148493	addi	x9,x9,289	  x9:0x00000000  x9=0xd470f121
       1945.000 ns	       193	800001e0	929ba537	lui	x10,0x929ba	 x10=0x929ba000
       1955.000 ns	       194	800001e4	bcf50513	addi	x10,x10,-1073	 x10:0x00000000 x10=0x929b9bcf
       1965.000 ns	       195	800001e8	00000593	addi	x11,x0,0	  x0:0x00000000 x11=0x00000000
       1975.000 ns	       196	800001ec	f0eae637	lui	x12,0xf0eae	 x12=0xf0eae000
       1985.000 ns	       197	800001f0	aa860613	addi	x12,x12,-1368	 x12:0x00000000 x12=0xf0eadaa8
       1995.000 ns	       198	800001f4	c04bf6b7	lui	x13,0xc04bf	 x13=0xc04bf000
       2005.000 ns	       199	800001f8	aa368693	addi	x13,x13,-1373	 x13:0x00000000 x13=0xc04beaa3
       2015.000 ns	       200	800001fc	f0d7a737	lui	x14,0xf0d7a	 x14=0xf0d7a000
       2025.000 ns	       201	80000200	40970713	addi	x14,x14,1033	 x14:0x00000000 x14=0xf0d7a409
       2035.000 ns	       202	80000204	00b00793	addi	x15,x0,11	  x0:0x00000000 x15=0x0000000b
       2045.000 ns	       203	80000208	fa67a8b7	lui	x17,0xfa67a	 x17=0xfa67a000
       2055.000 ns	       204	8000020c	3cc88893	addi	x17,x17,972	 x17:0x00000000 x17=0xfa67a3cc
       2065.000 ns	       205	80000210	00000913	addi	x18,x0,0	  x0:0x00000000 x18=0x00000000
       2075.000 ns	       206	80000214	00000993	addi	x19,x0,0	  x0:0x00000000 x19=0x00000000
       2085.000 ns	       207	80000218	1c605a37	lui	x20,0x1c605	 x20=0x1c605000
       2095.000 ns	       208	8000021c	268a0a13	addi	x20,x20,616	 x20:0x00000000 x20=0x1c605268
       2105.000 ns	       209	80000220	72a94ab7	lui	x21,0x72a94	 x21=0x72a94000
       2115.000 ns	       210	80000224	b12a8a93	addi	x21,x21,-1262	 x21:0x00000000 x21=0x72a93b12
       2125.000 ns	       211	80000228	80000b37	lui	x22,0x80000	 x22=0x80000000
       2135.000 ns	       212	8000022c	00000b93	addi	x23,x0,0	  x0:0x00000000 x23=0x00000000
       2145.000 ns	       213	80000230	80000c37	lui	x24,0x80000	 x24=0x80000000
       2155.000 ns	       214	80000234	ff2dacb7	lui	x25,0xff2da	 x25=0xff2da000
       2165.000 ns	       215	80000238	637c8c93	addi	x25,x25,1591	 x25:0x00000000 x25=0xff2da637
       2175.000 ns	       216	8000023c	f42c2d37	lui	x26,0xf42c2	 x26=0xf42c2000
       2185.000 ns	       217	80000240	e44d0d13	addi	x26,x26,-444	 x26:0x00000000 x26=0xf42c1e44
       2195.000 ns	       218	80000244	f9af3db7	lui	x27,0xf9af3	 x27=0xf9af3000
       2205.000 ns	       219	80000248	af0d8d93	addi	x27,x27,-1296	 x27:0x80000018 x27=0xf9af2af0
       2215.000 ns	       220	8000024c	00500e13	addi	x28,x0,5	  x0:0x00000000 x28=0x00000005
       2225.000 ns	       221	80000250	00400e93	addi	x29,x0,4	  x0:0x00000000 x29=0x00000004
       2235.000 ns	       222	80000254	3fe22f37	lui	x30,0x3fe22	 x30=0x3fe22000
       2245.000 ns	       223	80000258	ea7f0f13	addi	x30,x30,-345	 x30:0x00000000 x30=0x3fe21ea7
       2255.000 ns	       224	8000025c	f7a90fb7	lui	x31,0xf7a90	 x31=0xf7a90000
       2265.000 ns	       225	80000260	133f8f93	addi	x31,x31,307	 x31:0x00000000 x31=0xf7a90133
       2275.000 ns	       226	80000264	00041817	auipc	x16,0x41	 x16=0x80041264
       2285.000 ns	       227	80000268	d8080813	addi	x16,x16,-640	 x16:0x00000000 x16=0x80040fe4
       2315.000 ns	       230	8000026c	10ac2453	fmul.s	f8,f24,f10	 f24:0x805b0749 f10:0x7f7fffff  f8=0xc0360e92
       2335.000 ns	       232	80000270	416d0233	sub	x4,x26,x22	 x26:0xf42c1e44 x22:0x80000000  x4=0x742c1e44
       2355.000 ns	       234	80000274	027336b3	mulhu	x13,x6,x7	  x6:0xdd3a9d16  x7:0x00000000 x13=0x00000000
       2375.000 ns	       236	80000278	007b9013	slli	x0,x23,0x7	 x23:0x00000000
       2385.000 ns	       237	8000027c	41ae8c33	sub	x24,x29,x26	 x29:0x00000004 x26:0xf42c1e44 x24=0x0bd3e1c0
       2395.000 ns	       238	80000280	002430b3	sltu	x1,x8,x2	  x8:0x80000000  x2:0x80000000  x1=0x00000000
       2415.000 ns	       240	80000284	e00d1fd3	fclass.s	x31,f26	 f26:0x80000000 x31=0x00000008
       2455.000 ns	       244	80000288	191c9b53	fdiv.s	f22,f25,f17	 f25:0x80000000 f17:0x7fc00000 f22=0x7fc00000
       2485.000 ns	       247	8000028c	f00e07d3	fmv.w.x	f15,x28	 x28:0x00000005 f15=0x00000005
       2505.000 ns	       249	80000290	01c60fb3	add	x31,x12,x28	 x12:0xf0eadaa8 x28:0x00000005 x31=0xf0eadaad
       2515.000 ns	       250	80000294	b99e8413	addi	x8,x29,-1127	 x29:0x00000004  x8=0xfffffb9d
       2535.000 ns	       252	80000298	02562f33	mulhsu	x30,x12,x5	 x12:0xf0eadaa8  x5:0x80041024 x30=0xf875300b
       2555.000 ns	       254	8000029c	2cc75f97	auipc	x31,0x2cc75	 x31=0xacc7529c
       2915.000 ns	       290	800002a0	0306d333	divu	x6,x13,x16	 x13:0x00000000 x16:0x80040fe4  x6=0x00000000
       2935.000 ns	       292	800002a4	70bd7597	auipc	x11,0x70bd7	 x11=0xf0bd72a4
       2965.000 ns	       295	800002a8	10cf7753	fmul.s	f14,f30,f12	 f30:0x7f800001 f12:0x807c43ee f14=0x7fc00000
       2995.000 ns	       298	800002ac	c002bb53	fcvt.w.s	x22,f5	  f5:0x80105fa3 x22=0x00000000
       3025.000 ns	       301	800002b0	02ab2f33	mulhsu	x30,x22,x10	 x22:0x80000000 x10:0x929b9bcf x30=0x00000000
       3055.000 ns	       304	800002b4	a1b821d3	feq.s	x3,f16,f27	 f16:0x7f800001 f27:0x7fc00000  x3=0x00000000
       3085.000 ns	       307	800002b8	02d41f33	mulh	x30,x8,x13	  x8:0xfffffb9d x13:0x00000000 x30=0x00000000
       3455.000 ns	       344	800002bc	02276cb3	rem	x25,x14,x2	 x14:0xf0d7a409  x2:0x80000000 x25=0xf0d7a409
       3485.000 ns	       347	800002c0	295513d3	fmax.s	f7,f10,f21	 f10:0x7f7fffff f21:0xff800000  f7=0x7f7fffff
       3855.000 ns	       384	800002c4	02e65c33	divu	x24,x12,x14	 x12:0xf0eadaa8 x14:0xf0d7a409 x24=0x00000001
       3875.000 ns	       386	800002c8	56126b13	ori	x22,x4,1377	  x4:0x742c1e44 x22=0x742c1f65
       3895.000 ns	       388	800002cc	a100a753	feq.s	x14,f1,f16	  f1:0x80000000 f16:0x7f800001 x14=0x00000000
       3925.000 ns	       391	800002d0	21379dd3	fsgnjn.s	f27,f15,f19	 f15:0x00000005 f19:0x00000000 f27=0x80000005
       3955.000 ns	       394	800002d4	a0d29a53	flt.s	x20,f5,f13	  f5:0x80105fa3 f13:0xd23c7b64 x20=0x00000000
       3985.000 ns	       397	800002d8	f00100d3	fmv.w.x	f1,x2	  x2:0x80000000  f1=0x80000000
       4015.000 ns	       400	800002dc	c0074e53	fcvt.w.s	x28,f14	 f14:0x7fc00000 x28=0x7fffffff
       4385.000 ns	       437	800002e0	03144033	div	x0,x8,x17	  x8:0xfffffb9d x17:0xfa67a3cc
       4425.000 ns	       441	800002e4	112accd3	fmul.s	f25,f21,f18	 f21:0xff800000 f18:0x00000000 f25=0x7fc00000
       4445.000 ns	       443	800002e8	40ab8133	sub	x2,x23,x10	 x23:0x00000000 x10:0x929b9bcf  x2=0x6d646431
       4455.000 ns	       444	800002ec	417857b3	sra	x15,x16,x23	 x16:0x80040fe4 x23:0x00000000 x15=0x80040fe4
       4495.000 ns	       448	800002f0	091d4d53	fsub.s	f26,f26,f17	 f26:0x80000000 f17:0x7fc00000 f26=0x7fc00000
       4525.000 ns	       451	800002f4	c01ef1d3	fcvt.wu.s	x3,f29	 f29:0x7fc00000  x3=0xffffffff
       4545.000 ns	       453	800002f8	01dacd33	xor	x26,x21,x29	 x21:0x72a93b12 x29:0x00000004 x26=0x72a93b16
       4555.000 ns	       454	800002fc	010d1333	sll	x6,x26,x16	 x26:0xf42c1e44 x16:0x80040fe4  x6=0x2a93b160
       4585.000 ns	       457	80000300	580cf853	fsqrt.s	f16,f25	 f25:0x7fc00000 f16=0x7fc00000
       4605.000 ns	       459	80000304	001aaf33	slt	x30,x21,x1	 x21:0x72a93b12  x1:0x00000000 x30=0x00000000
       4615.000 ns	       460	80000308	3f54e593	ori	x11,x9,1013	  x9:0xd470f121 x11=0xd470f3f5
       4655.000 ns	       464	8000030c	014af053	fadd.s	f0,f21,f20	 f21:0xff800000 f20:0xff800000  f0=0x80000000
       4705.000 ns	       469	80000310	08749dd3	fsub.s	f27,f9,f7	  f9:0x806e638a  f7:0x7f7fffff f27=0xff7fffff
       5075.000 ns	       506	80000314	036c4fb3	div	x31,x24,x22	 x24:0x00000001 x22:0x742c1f65 x31=0x00000000
       5095.000 ns	       508	80000318	01f8c8b3	xor	x17,x17,x31	 x17:0xfa67a3cc x31:0xacc7529c x17=0xfa67a3cc
       5105.000 ns	       509	8000031c	00636c33	or	x24,x6,x6	  x6:0x2a93b160  x6:0x2a93b160 x24=0x2a93b160
       5125.000 ns	       511	80000320	035c2fb3	mulhsu	x31,x24,x21	 x24:0x00000001 x21:0x72a93b12 x31=0x1311ea4f
       5155.000 ns	       514	80000324	29bd1c53	fmax.s	f24,f26,f27	 f26:0x7fc00000 f27:0xff7fffff f24=0xff7fffff
       5205.000 ns	       519	80000328	081f1253	fsub.s	f4,f30,f1	 f30:0x7f800001  f1:0x80000000  f4=0x7fc00000
       5235.000 ns	       522	8000032c	a0f50053	fle.s	x0,f10,f15	 f10:0x7f7fffff f15:0x00000005
       5605.000 ns	       559	80000330	02a070b3	remu	x1,x0,x10	  x0:0x00000000 x10:0x929b9bcf  x1=0x00000000
       5635.000 ns	       562	80000334	c0098753	fcvt.w.s	x14,f19	 f19:0x00000000 x14=0x00000000
       5665.000 ns	       565	80000338	a1918353	fle.s	x6,f3,f25	  f3:0xc0a69a20 f25:0x7fc00000  x6=0x00000000
       5685.000 ns	       567	8000033c	060d9d17	auipc	x26,0x60d9	 x26=0x860d933c
       5715.000 ns	       570	80000340	5808c353	fsqrt.s	f6,f17	 f17:0x7fc00000  f6=0x7fc00000
       5745.000 ns	       573	80000344	d001b8d3	fcvt.s.w	f17,x3	  x3:0xffffffff f17=0xbf800000
       5765.000 ns	       575	80000348	bb213c93	sltiu	x25,x2,-1102	  x2:0x6d646431 x25=0x00000001
       5785.000 ns	       577	8000034c	02323133	mulhu	x2,x4,x3	  x4:0x742c1e44  x3:0xffffffff  x2=0x742c1e43
       5815.000 ns	       580	80000350	d01bb3d3	fcvt.s.wu	f7,x23	 x23:0x00000000  f7=0x00000000
       5835.000 ns	       582	80000354	01cf9733	sll	x14,x31,x28	 x31:0x1311ea4f x28:0x7fffffff x14=0x80000000
       5845.000 ns	       583	80000358	e6048393	addi	x7,x9,-416	  x9:0xd470f121  x7=0xd470ef81
       5885.000 ns	       587	8000035c	01794ad3	fadd.s	f21,f18,f23	 f18:0x00000000 f23:0x0058a37c f21=0x0058a37c
       5905.000 ns	       589	80000360	00397233	and	x4,x18,x3	 x18:0x00000000  x3:0xffffffff  x4=0x00000000
       5925.000 ns	       591	80000364	c00c7ed3	fcvt.w.s	x29,f24	 f24:0xff7fffff x29=0x80000000
       5945.000 ns	       593	80000368	6a406593	ori	x11,x0,1700	  x0:0x00000000 x11=0x000006a4
       5965.000 ns	       595	8000036c	293f01d3	fmin.s	f3,f30,f19	 f30:0x7f800001 f19:0x00000000  f3=0x00000000
       5985.000 ns	       597	80000370	0064c1b3	xor	x3,x9,x6	  x9:0xd470f121  x6:0x00000000  x3=0xd470f121
       6025.000 ns	       601	80000374	00829653	fadd.s	f12,f5,f8	  f5:0x80105fa3  f8:0xc0360e92 f12=0xc0360e92
       6045.000 ns	       603	80000378	013b8b33	add	x22,x23,x19	 x23:0x00000000 x19:0x00000000 x22=0x00000000
       6065.000 ns	       605	8000037c	c0021f53	fcvt.w.s	x30,f4	  f4:0x7fc00000 x30=0x7fffffff
       6095.000 ns	       608	80000380	e0001453	fclass.s	x8,f0	  f0:0x80000000  x8=0x00000008
       6125.000 ns	       611	80000384	20f59453	fsgnjn.s	f8,f11,f15	 f11:0x7f800000 f15:0x00000005  f8=0xff800000
       6175.000 ns	       616	80000388	08a645d3	fsub.s	f11,f12,f10	 f12:0xc0360e92 f10:0x7f7fffff f11=0xff7fffff
       6205.000 ns	       619	8000038c	f00c0cd3	fmv.w.x	f25,x24	 x24:0x2a93b160 f25=0x2a93b160
       6235.000 ns	       622	80000390	03228c33	mul	x24,x5,x18	  x5:0x80041024 x18:0x00000000 x24=0x00000000
       6265.000 ns	       625	80000394	a0e7a953	feq.s	x18,f15,f14	 f15:0x00000005 f14:0x7fc00000 x18=0x00000000
       6295.000 ns	       628	80000398	03748bb3	mul	x23,x9,x23	  x9:0xd470f121 x23:0x00000000 x23=0x00000000
       6315.000 ns	       630	8000039c	ad7b4693	xori	x13,x22,-1321	 x22:0x00000000 x13=0xfffffad7
       6335.000 ns	       632	800003a0	215129d3	fsgnjx.s	f19,f2,f21	  f2:0xff7fffff f21:0x0058a37c f19=0xff7fffff
       6365.000 ns	       635	800003a4	c005f3d3	fcvt.w.s	x7,f11	 f11:0xff7fffff  x7=0x80000000
       6385.000 ns	       637	800003a8	01a19113	slli	x2,x3,0x1a	  x3:0xd470f121  x2=0x84000000
       6405.000 ns	       639	800003ac	d01b7ad3	fcvt.s.wu	f21,x22	 x22:0x00000000 f21=0x00000000
       6435.000 ns	       642	800003b0	2084aed3	fsgnjx.s	f29,f9,f8	  f9:0x806e638a  f8:0xff800000 f29=0x006e638a
       6455.000 ns	       644	800003b4	c01bf413	andi	x8,x23,-1023	 x23:0x00000000  x8=0x00000000
       6475.000 ns	       646	800003b8	f0030453	fmv.w.x	f8,x6	  x6:0x00000000  f8=0x00000000
       6495.000 ns	       648	800003bc	01b96033	or	x0,x18,x27	 x18:0x00000000 x27:0xf9af2af0
       6855.000 ns	       684	800003c0	03f7dcb3	divu	x25,x15,x31	 x15:0x80040fe4 x31:0x1311ea4f x25=0x00000006
       6905.000 ns	       689	800003c4	09a67653	fsub.s	f12,f12,f26	 f12:0xc0360e92 f26:0x7fc00000 f12=0x7fc00000
       6945.000 ns	       693	800003c8	18a22d53	fdiv.s	f26,f4,f10	  f4:0x7fc00000 f10:0x7f7fffff f26=0x7fc00000
       6965.000 ns	       695	800003cc	78640f93	addi	x31,x8,1926	  x8:0x00000000 x31=0x00000786
       6975.000 ns	       696	800003d0	416c0d33	sub	x26,x24,x22	 x24:0x00000000 x22:0x00000000 x26=0x00000000
       7005.000 ns	       699	800003d4	196f7853	fdiv.s	f16,f30,f22	 f30:0x7f800001 f22:0x7fc00000 f16=0x7fc00000
       7035.000 ns	       702	800003d8	217e0ed3	fsgnj.s	f29,f28,f23	 f28:0x7f7fffff f23:0x0058a37c f29=0x7f7fffff
       7055.000 ns	       704	800003dc	0173b633	sltu	x12,x7,x23	  x7:0x80000000 x23:0x00000000 x12=0x00000000
       7065.000 ns	       705	800003e0	2efef893	andi	x17,x29,751	 x29:0x80000000 x17=0x00000000
       7085.000 ns	       707	800003e4	c0132c53	fcvt.wu.s	x24,f6	  f6:0x7fc00000 x24=0xffffffff
       7115.000 ns	       710	800003e8	a0ee01d3	fle.s	x3,f28,f14	 f28:0x7f7fffff f14:0x7fc00000  x3=0x00000000
       7135.000 ns	       712	800003ec	e32a8197	auipc	x3,0xe32a8	  x3=0x632a83ec
       7495.000 ns	       748	800003f0	0382c533	div	x10,x5,x24	  x5:0x80041024 x24:0xffffffff x10=0x7ffbefdc
       7515.000 ns	       750	800003f4	615df893	andi	x17,x27,1557	 x27:0xf9af2af0 x17=0x00000210
       7875.000 ns	       786	800003f8	03c5e433	rem	x8,x11,x28	 x11:0x000006a4 x28:0x7fffffff  x8=0x000006a4
       7905.000 ns	       789	800003fc	20602553	fsgnjx.s	f10,f0,f6	  f0:0x80000000  f6:0x7fc00000 f10=0x80000000
       7955.000 ns	       794	80000400	0084af53	fadd.s	f30,f9,f8	  f9:0x806e638a  f8:0x00000000 f30=0x806e638a
       7975.000 ns	       796	80000404	f621ec93	ori	x25,x3,-158	  x3:0x632a83ec x25=0xffffffee
       8335.000 ns	       832	80000408	035adfb3	divu	x31,x21,x21	 x21:0x72a93b12 x21:0x72a93b12 x31=0x00000001
       8355.000 ns	       834	8000040c	ddfcb793	sltiu	x15,x25,-545	 x25:0x00000006 x15=0x00000000
       8375.000 ns	       836	80000410	03b516b3	mulh	x13,x10,x27	 x10:0x7ffbefdc x27:0xf9af2af0 x13=0xfcd7af21
       8395.000 ns	       838	80000414	003affb3	and	x31,x21,x3	 x21:0x72a93b12  x3:0x632a83ec x31=0x62280300
       8415.000 ns	       840	80000418	213a8753	fsgnj.s	f14,f21,f19	 f21:0x00000000 f19:0xff7fffff f14=0x80000000
       8785.000 ns	       877	8000041c	02d0dab3	divu	x21,x1,x13	  x1:0x00000000 x13:0xfcd7af21 x21=0x00000000
       8815.000 ns	       880	80000420	c00b23d3	fcvt.w.s	x7,f22	 f22:0x7fc00000  x7=0x7fffffff
       8835.000 ns	       882	80000424	e4b80113	addi	x2,x16,-437	 x16:0x80040fe4  x2=0x80040e2f
       8845.000 ns	       883	80000428	009b8f33	add	x30,x23,x9	 x23:0x00000000  x9:0xd470f121 x30=0xd470f121
       9205.000 ns	       919	8000042c	0388d233	divu	x4,x17,x24	 x17:0x00000210 x24:0xffffffff  x4=0x00000000
       9235.000 ns	       922	80000430	d01479d3	fcvt.s.wu	f19,x8	  x8:0x000006a4 f19=0x44d48000
       9255.000 ns	       924	80000434	01cc9fb3	sll	x31,x25,x28	 x25:0xffffffee x28:0x7fffffff x31=0x00000000
       9275.000 ns	       926	80000438	d001f9d3	fcvt.s.w	f19,x3	  x3:0x632a83ec f19=0x4ec65507
       9305.000 ns	       929	8000043c	20480b53	fsgnj.s	f22,f16,f4	 f16:0x7fc00000  f4:0x7fc00000 f22=0x7fc00000
       9335.000 ns	       932	80000440	02f09033	mulh	x0,x1,x15	  x1:0x00000000 x15:0x00000000
       9365.000 ns	       935	80000444	d00e4053	fcvt.s.w	f0,x28	 x28:0x7fffffff  f0=0x4f000000
       9395.000 ns	       938	80000448	03667333	remu	x6,x12,x22	 x12:0x00000000 x22:0x00000000  x6=0x00000000
       9415.000 ns	       940	8000044c	00000013	addi	x0,x0,0	  x0:0x00000000
       9435.000 ns	       942	80000450	028bad33	mulhsu	x26,x23,x8	 x23:0x00000000  x8:0x000006a4 x26=0x00000000
       9455.000 ns	       944	80000454	014e1c93	slli	x25,x28,0x14	 x28:0x7fffffff x25=0xfff00000
       9475.000 ns	       946	80000458	28b08fd3	fmin.s	f31,f1,f11	  f1:0x80000000 f11:0xff7fffff f31=0xff7fffff
       9505.000 ns	       949	8000045c	f00702d3	fmv.w.x	f5,x14	 x14:0x80000000  f5=0x80000000
       9535.000 ns	       952	80000460	20d916d3	fsgnjn.s	f13,f18,f13	 f18:0x00000000 f13:0xd23c7b64 f13=0x00000000
       9565.000 ns	       955	80000464	c01cc353	fcvt.wu.s	x6,f25	 f25:0x2a93b160  x6=0x00000000
       9585.000 ns	       957	80000468	d74d7993	andi	x19,x26,-652	 x26:0x00000000 x19=0x00000000
       9595.000 ns	       958	8000046c	01a03c33	sltu	x24,x0,x26	  x0:0x00000000 x26:0x00000000 x24=0x00000000
       9605.000 ns	       959	80000470	630fae13	slti	x28,x31,1584	 x31:0x00000000 x28=0x00000001
       9625.000 ns	       961	80000474	e0030753	fmv.x.w	x14,f6	  f6:0x7fc00000 x14=0x7fc00000
       9645.000 ns	       963	80000478	01fbea33	or	x20,x23,x31	 x23:0x00000000 x31:0x00000000 x20=0x00000000
       9665.000 ns	       965	8000047c	28b801d3	fmin.s	f3,f16,f11	 f16:0x7fc00000 f11:0xff7fffff  f3=0xff7fffff
       9685.000 ns	       967	80000480	014bf333	and	x6,x23,x20	 x23:0x00000000 x20:0x00000000  x6=0x00000000
       9725.000 ns	       971	80000484	08c370d3	fsub.s	f1,f6,f12	  f6:0x7fc00000 f12:0x7fc00000  f1=0x7fc00000
       9755.000 ns	       974	80000488	a0c98053	fle.s	x0,f19,f12	 f19:0x4ec65507 f12:0x7fc00000
       9785.000 ns	       977	8000048c	c0143053	fcvt.wu.s	x0,f8	  f8:0x00000000
       9835.000 ns	       982	80000490	09ac2cd3	fsub.s	f25,f24,f26	 f24:0xff7fffff f26:0x7fc00000 f25=0x7fc00000
       9885.000 ns	       987	80000494	09950553	fsub.s	f10,f10,f25	 f10:0x80000000 f25:0x2a93b160 f10=0x7fc00000
       9915.000 ns	       990	80000498	03019c33	mulh	x24,x3,x16	  x3:0x632a83ec x16:0x80040fe4 x24=0xce6c50db
       9935.000 ns	       992	8000049c	007cdf33	srl	x30,x25,x7	 x25:0xfff00000  x7:0x7fffffff x30=0x00000001
       9965.000 ns	       995	800004a0	580477d3	fsqrt.s	f15,f8	  f8:0x00000000 f15=0x00000000
       9985.000 ns	       997	800004a4	ef8caf97	auipc	x31,0xef8ca	 x31=0x6f8ca4a4
      10005.000 ns	       999	800004a8	214b9ad3	fsgnjn.s	f21,f23,f20	 f23:0x0058a37c f20:0xff800000 f21=0x0058a37c
      10045.000 ns	      1003	800004ac	58089653	fsqrt.s	f12,f17	 f17:0xbf800000 f12=0x7fc00000
      10065.000 ns	      1005	800004b0	41fddc13	srai	x24,x27,0x1f	 x27:0xf9af2af0 x24=0xffffffff
      10075.000 ns	      1006	800004b4	01c167b3	or	x15,x2,x28	  x2:0x80040e2f x28:0x00000001 x15=0x80040e2f
      10085.000 ns	      1007	800004b8	0111da33	srl	x20,x3,x17	  x3:0x632a83ec x17:0x00000210 x20=0x0000632a
      10095.000 ns	      1008	800004bc	f35290b7	lui	x1,0xf3529	  x1=0xf3529000
      10105.000 ns	      1009	800004c0	d1f2e213	ori	x4,x5,-737	  x5:0x80041024  x4=0xfffffd3f
      10115.000 ns	      1010	800004c4	00000013	addi	x0,x0,0	  x0:0x00000000
      10135.000 ns	      1012	800004c8	020ed5b3	divu	x11,x29,x0	 x29:0x80000000  x0:0x00000000 x11=0xffffffff
      10165.000 ns	      1015	800004cc	c00640d3	fcvt.w.s	x1,f12	 f12:0x7fc00000  x1=0x7fffffff
      10195.000 ns	      1018	800004d0	03842d33	mulhsu	x26,x8,x24	  x8:0x000006a4 x24:0xffffffff x26=0x000006a3
      10225.000 ns	      1021	800004d4	e0009cd3	fclass.s	x25,f1	  f1:0x7fc00000 x25=0x00000200
      10245.000 ns	      1023	800004d8	878a8e93	addi	x29,x21,-1928	 x21:0x00000000 x29=0xfffff878
      10265.000 ns	      1025	800004dc	d012f053	fcvt.s.wu	f0,x5	  x5:0x80041024  f0=0x4f000410
      10295.000 ns	      1028	800004e0	f00481d3	fmv.w.x	f3,x9	  x9:0xd470f121  f3=0xd470f121
      10325.000 ns	      1031	800004e4	03ec3133	mulhu	x2,x24,x30	 x24:0xffffffff x30:0x00000001  x2=0x00000000
      10345.000 ns	      1033	800004e8	a46b2e13	slti	x28,x22,-1466	 x22:0x00000000 x28=0x00000000
      10355.000 ns	      1034	800004ec	008ca033	slt	x0,x25,x8	 x25:0x00000200  x8:0x000006a4
      10375.000 ns	      1036	800004f0	21330ad3	fsgnj.s	f21,f6,f19	  f6:0x7fc00000 f19:0x4ec65507 f21=0x7fc00000
      10395.000 ns	      1038	800004f4	74166d13	ori	x26,x12,1857	 x12:0x00000000 x26=0x00000741
      10415.000 ns	      1040	800004f8	d01b3553	fcvt.s.wu	f10,x22	 x22:0x00000000 f10=0x00000000
      10445.000 ns	      1043	800004fc	0381bab3	mulhu	x21,x3,x24	  x3:0x632a83ec x24:0xffffffff x21=0x632a83eb
      10465.000 ns	      1045	80000500	31f6ba37	lui	x20,0x31f6b	 x20=0x31f6b000
      10485.000 ns	      1047	80000504	f00a85d3	fmv.w.x	f11,x21	 x21:0x632a83eb f11=0x632a83eb
      10505.000 ns	      1049	80000508	4c6f8713	addi	x14,x31,1222	 x31:0x6f8ca4a4 x14=0x6f8ca96a
      10515.000 ns	      1050	8000050c	73f4b117	auipc	x2,0x73f4b	  x2=0xf3f4b50c
      10525.000 ns	      1051	80000510	00fbd593	srli	x11,x23,0xf	 x23:0x00000000 x11=0x00000000
      10545.000 ns	      1053	80000514	210dacd3	fsgnjx.s	f25,f27,f16	 f27:0xff7fffff f16:0x7fc00000 f25=0xff7fffff
      10565.000 ns	      1055	80000518	a4dd8b13	addi	x22,x27,-1459	 x27:0xf9af2af0 x22=0xf9af253d
      10575.000 ns	      1056	8000051c	019c2cb3	slt	x25,x24,x25	 x24:0xffffffff x25:0x00000200 x25=0x00000001
      10585.000 ns	      1057	80000520	409b5693	srai	x13,x22,0x9	 x22:0x00000000 x13=0xfffcd792
      10605.000 ns	      1059	80000524	21791153	fsgnjn.s	f2,f18,f23	 f18:0x00000000 f23:0x0058a37c  f2=0x80000000
      10625.000 ns	      1061	80000528	c1762093	slti	x1,x12,-1001	 x12:0x00000000  x1=0x00000000
      10645.000 ns	      1063	8000052c	a1aca653	feq.s	x12,f25,f26	 f25:0xff7fffff f26:0x7fc00000 x12=0x00000000
      10695.000 ns	      1068	80000530	0041f8d3	fadd.s	f17,f3,f4	  f3:0xd470f121  f4:0x7fc00000 f17=0x7fc00000
      10715.000 ns	      1070	80000534	002c06b3	add	x13,x24,x2	 x24:0xffffffff  x2:0xf3f4b50c x13=0xf3f4b50b
      10735.000 ns	      1072	80000538	e00397d3	fclass.s	x15,f7	  f7:0x00000000 x15=0x00000010
      10765.000 ns	      1075	8000053c	d0091ed3	fcvt.s.w	f29,x18	 x18:0x00000000 f29=0x00000000
      10785.000 ns	      1077	80000540	01ed37b3	sltu	x15,x26,x30	 x26:0x00000741 x30:0x00000001 x15=0x00000000
      10805.000 ns	      1079	80000544	21da8553	fsgnj.s	f10,f21,f29	 f21:0x7fc00000 f29:0x00000000 f10=0x7fc00000
      10835.000 ns	      1082	80000548	e00a0d53	fmv.x.w	x26,f20	 f20:0xff800000 x26=0xff800000
      10865.000 ns	      1085	8000054c	291d9fd3	fmax.s	f31,f27,f17	 f27:0xff7fffff f17:0x7fc00000 f31=0xff7fffff
      10895.000 ns	      1088	80000550	d0103a53	fcvt.s.wu	f20,x0	  x0:0x00000000 f20=0x00000000
      10915.000 ns	      1090	80000554	ea044913	xori	x18,x8,-352	  x8:0x000006a4 x18=0xfffff804
      10935.000 ns	      1092	80000558	a14d9753	flt.s	x14,f27,f20	 f27:0xff7fffff f20:0x00000000 x14=0x00000001
      10965.000 ns	      1095	8000055c	d013f2d3	fcvt.s.wu	f5,x7	  x7:0x7fffffff  f5=0x4effffff
      10995.000 ns	      1098	80000560	d01e3b53	fcvt.s.wu	f22,x28	 x28:0x00000000 f22=0x00000000
      11025.000 ns	      1101	80000564	023f9f33	mulh	x30,x31,x3	 x31:0x6f8ca4a4  x3:0x632a83ec x30=0x2b35ea3a
      11045.000 ns	      1103	80000568	02e03693	sltiu	x13,x0,46	  x0:0x00000000 x13=0x00000001
      11065.000 ns	      1105	8000056c	02b98533	mul	x10,x19,x11	 x19:0x00000000 x11:0x00000000 x10=0x00000000
      11085.000 ns	      1107	80000570	41195d33	sra	x26,x18,x17	 x18:0xfffff804 x17:0x00000210 x26=0xffffffff
      11105.000 ns	      1109	80000574	d002f853	fcvt.s.w	f16,x5	  x5:0x80041024 f16=0xcefff7df
      11125.000 ns	      1111	80000578	01ef1c13	slli	x24,x30,0x1e	 x30:0x2b35ea3a x24=0x80000000
      11135.000 ns	      1112	8000057c	00000013	addi	x0,x0,0	  x0:0x00000000
      11145.000 ns	      1113	80000580	01adbcb3	sltu	x25,x27,x26	 x27:0xf9af2af0 x26:0xffffffff x25=0x00000001
      11185.000 ns	      1117	80000584	08f2a253	fsub.s	f4,f5,f15	  f5:0x4effffff f15:0x00000000  f4=0x4effffff
      11205.000 ns	      1119	80000588	008d70b3	and	x1,x26,x8	 x26:0xffffffff  x8:0x000006a4  x1=0x000006a4
      11565.000 ns	      1155	8000058c	03676d33	rem	x26,x14,x22	 x14:0x00000001 x22:0xf9af253d x26=0x00000001
      11595.000 ns	      1158	80000590	c00e0753	fcvt.w.s	x14,f28	 f28:0x7f7fffff x14=0x7fffffff
      11935.000 ns	      1192	80000594	185cca53	fdiv.s	f20,f25,f5	 f25:0xff7fffff  f5:0x4effffff f20=0xf0000000
      11965.000 ns	      1195	80000598	03d023b3	mulhsu	x7,x0,x29	  x0:0x00000000 x29:0xfffff878  x7=0x00000000
      12005.000 ns	      1199	8000059c	580738d3	fsqrt.s	f17,f14	 f14:0x80000000 f17=0x80000000
      12035.000 ns	      1202	800005a0	f00e8d53	fmv.w.x	f26,x29	 x29:0xfffff878 f26=0xfffff878
      12065.000 ns	      1205	800005a4	a1141353	flt.s	x6,f8,f17	  f8:0x00000000 f17:0x80000000  x6=0x00000000
      12085.000 ns	      1207	800005a8	40d55913	srai	x18,x10,0xd	 x10:0x00000000 x18=0x00000000
      12095.000 ns	      1208	800005ac	00b15693	srli	x13,x2,0xb	  x2:0xf3f4b50c x13=0x001e7e96
      12115.000 ns	      1210	800005b0	a0550b53	fle.s	x22,f10,f5	 f10:0x7fc00000  f5:0x4effffff x22=0x00000000
      12135.000 ns	      1212	800005b4	06dafb97	auipc	x23,0x6daf	 x23=0x86daf5b4
      12155.000 ns	      1214	800005b8	0279bd33	mulhu	x26,x19,x7	 x19:0x00000000  x7:0x00000000 x26=0x00000000
      12175.000 ns	      1216	800005bc	c9358613	addi	x12,x11,-877	 x11:0x00000000 x12=0xfffffc93
      12185.000 ns	      1217	800005c0	00000013	addi	x0,x0,0	  x0:0x00000000
      12205.000 ns	      1219	800005c4	2006a0d3	fsgnjx.s	f1,f13,f0	 f13:0x00000000  f0:0x4f000410  f1=0x00000000
      12225.000 ns	      1221	800005c8	011666b3	or	x13,x12,x17	 x12:0xfffffc93 x17:0x00000210 x13=0xfffffe93
      12265.000 ns	      1225	800005cc	01a516d3	fadd.s	f13,f10,f26	 f10:0x7fc00000 f26:0xfffff878 f13=0x7fc00000
      12295.000 ns	      1228	800005d0	a13594d3	flt.s	x9,f11,f19	 f11:0x632a83eb f19:0x4ec65507  x9=0x00000000
      12315.000 ns	      1230	800005d4	00bd2133	slt	x2,x26,x11	 x26:0x00000000 x11:0x00000000  x2=0x00000000
      12325.000 ns	      1231	800005d8	40675193	srai	x3,x14,0x6	 x14:0x7fffffff  x3=0x01ffffff
      12355.000 ns	      1234	800005dc	5807bb53	fsqrt.s	f22,f15	 f15:0x00000000 f22=0x00000000
      12385.000 ns	      1237	800005e0	c016b6d3	fcvt.wu.s	x13,f13	 f13:0x7fc00000 x13=0xffffffff
      12415.000 ns	      1240	800005e4	20f089d3	fsgnj.s	f19,f1,f15	  f1:0x00000000 f15:0x00000000 f19=0x00000000
      12435.000 ns	      1242	800005e8	4067dc13	srai	x24,x15,0x6	 x15:0x00000000 x24=0x00000000
      12455.000 ns	      1244	800005ec	a166a4d3	feq.s	x9,f13,f22	 f13:0x7fc00000 f22:0x00000000  x9=0x00000000
      12485.000 ns	      1247	800005f0	207aa053	fsgnjx.s	f0,f21,f7	 f21:0x7fc00000  f7:0x00000000  f0=0x7fc00000
      12525.000 ns	      1251	800005f4	5804fa53	fsqrt.s	f20,f9	  f9:0x806e638a f20=0x7fc00000
      12545.000 ns	      1253	800005f8	398a0e13	addi	x28,x20,920	 x20:0x31f6b000 x28=0x31f6b398
      12555.000 ns	      1254	800005fc	417cd4b3	sra	x9,x25,x23	 x25:0x00000001 x23:0x86daf5b4  x9=0x00000000
      12565.000 ns	      1255	80000600	01bf9113	slli	x2,x31,0x1b	 x31:0x6f8ca4a4  x2=0x20000000
      12585.000 ns	      1257	80000604	299497d3	fmax.s	f15,f9,f25	  f9:0x806e638a f25:0xff7fffff f15=0x806e638a
      12615.000 ns	      1260	80000608	297c0bd3	fmin.s	f23,f24,f23	 f24:0xff7fffff f23:0x0058a37c f23=0xff7fffff
      12635.000 ns	      1262	8000060c	01eadb33	srl	x22,x21,x30	 x21:0x632a83eb x30:0x2b35ea3a x22=0x00000018
      12645.000 ns	      1263	80000610	4064db13	srai	x22,x9,0x6	  x9:0x00000000 x22=0x00000000
      12665.000 ns	      1265	80000614	026af933	remu	x18,x21,x6	 x21:0x632a83eb  x6:0x00000000 x18=0x632a83eb
      12685.000 ns	      1267	80000618	01307a33	and	x20,x0,x19	  x0:0x00000000 x19:0x00000000 x20=0x00000000
      12695.000 ns	      1268	8000061c	406e8c33	sub	x24,x29,x6	 x29:0xfffff878  x6:0x00000000 x24=0xfffff878
      12705.000 ns	      1269	80000620	00000013	addi	x0,x0,0	  x0:0x00000000
      12715.000 ns	      1270	80000624	41bfd313	srai	x6,x31,0x1b	 x31:0x6f8ca4a4  x6=0x0000000d
      12725.000 ns	      1271	80000628	415c57b3	sra	x15,x24,x21	 x24:0xfffff878 x21:0x632a83eb x15=0xffffffff
      12745.000 ns	      1273	8000062c	03304433	div	x8,x0,x19	  x0:0x00000000 x19:0x00000000  x8=0xffffffff
      12775.000 ns	      1276	80000630	29c51153	fmax.s	f2,f10,f28	 f10:0x7fc00000 f28:0x7f7fffff  f2=0x7f7fffff
      12795.000 ns	      1278	80000634	0092a8b3	slt	x17,x5,x9	  x5:0x80041024  x9:0x00000000 x17=0x00000001
      12835.000 ns	      1282	80000638	01fffdd3	fadd.s	f27,f31,f31	 f31:0xff7fffff f31:0xff7fffff f27=0xff800000
      12855.000 ns	      1284	8000063c	01454733	xor	x14,x10,x20	 x10:0x00000000 x20:0x00000000 x14=0x00000000
      12865.000 ns	      1285	80000640	01d71093	slli	x1,x14,0x1d	 x14:0x7fffffff  x1=0x00000000
      12885.000 ns	      1287	80000644	29d202d3	fmin.s	f5,f4,f29	  f4:0x4effffff f29:0x00000000  f5=0x00000000
      12915.000 ns	      1290	80000648	20cb0ed3	fsgnj.s	f29,f22,f12	 f22:0x00000000 f12:0x7fc00000 f29=0x00000000
      12965.000 ns	      1295	8000064c	00bbf7d3	fadd.s	f15,f23,f11	 f23:0xff7fffff f11:0x632a83eb f15=0xff7fffff
      12995.000 ns	      1298	80000650	f0040553	fmv.w.x	f10,x8	  x8:0xffffffff f10=0xffffffff
      13015.000 ns	      1300	80000654	0005be33	sltu	x28,x11,x0	 x11:0x00000000  x0:0x00000000 x28=0x00000000
      13035.000 ns	      1302	80000658	029caa33	mulhsu	x20,x25,x9	 x25:0x00000001  x9:0x00000000 x20=0x00000000
      13405.000 ns	      1339	8000065c	02daff33	remu	x30,x21,x13	 x21:0x632a83eb x13:0xffffffff x30=0x632a83eb
      13435.000 ns	      1342	80000660	e00a97d3	fclass.s	x15,f21	 f21:0x7fc00000 x15=0x00000200
      13465.000 ns	      1345	80000664	20100753	fsgnj.s	f14,f0,f1	  f0:0x7fc00000  f1:0x00000000 f14=0x7fc00000
      13485.000 ns	      1347	80000668	0102cb33	xor	x22,x5,x16	  x5:0x80041024 x16:0x80040fe4 x22=0x00001fc0
      13505.000 ns	      1349	8000066c	d01878d3	fcvt.s.wu	f17,x16	 x16:0x80040fe4 f17=0x4f00040f
      13535.000 ns	      1352	80000670	a09fa953	feq.s	x18,f31,f9	 f31:0xff7fffff  f9:0x806e638a x18=0x00000000
      13555.000 ns	      1354	80000674	faacfb93	andi	x23,x25,-86	 x25:0x00000001 x23=0x00000000
      13575.000 ns	      1356	80000678	e0050a53	fmv.x.w	x20,f10	 f10:0xffffffff x20=0xffffffff
      13605.000 ns	      1359	8000067c	a1e886d3	fle.s	x13,f17,f30	 f17:0x4f00040f f30:0x806e638a x13=0x00000000
      13625.000 ns	      1361	80000680	17834c93	xori	x25,x6,376	  x6:0x0000000d x25=0x00000175
      13645.000 ns	      1363	80000684	035a39b3	mulhu	x19,x20,x21	 x20:0xffffffff x21:0x632a83eb x19=0x632a83ea
      13665.000 ns	      1365	80000688	372b2093	slti	x1,x22,882	 x22:0x00001fc0  x1=0x00000000
      13685.000 ns	      1367	8000068c	284f96d3	fmax.s	f13,f31,f4	 f31:0xff7fffff  f4:0x4effffff f13=0x4effffff
      13705.000 ns	      1369	80000690	00301533	sll	x10,x0,x3	  x0:0x00000000  x3:0x01ffffff x10=0x00000000
      13715.000 ns	      1370	80000694	010b1cb3	sll	x25,x22,x16	 x22:0x00001fc0 x16:0x80040fe4 x25=0x0001fc00
      13725.000 ns	      1371	80000698	b38c8013	addi	x0,x25,-1224	 x25:0x00000175
      13735.000 ns	      1372	8000069c	c3cf3597	auipc	x11,0xc3cf3	 x11=0x43cf369c
      13755.000 ns	      1374	800006a0	035ba5b3	mulhsu	x11,x23,x21	 x23:0x00000000 x21:0x632a83eb x11=0x00000000
      13775.000 ns	      1376	800006a4	01c91a33	sll	x20,x18,x28	 x18:0x00000000 x28:0x00000000 x20=0x00000000
      13795.000 ns	      1378	800006a8	a0fca5d3	feq.s	x11,f25,f15	 f25:0xff7fffff f15:0xff7fffff x11=0x00000001
      14135.000 ns	      1412	800006ac	18df7e53	fdiv.s	f28,f30,f13	 f30:0x806e638a f13:0x4effffff f28=0x80000000
      14155.000 ns	      1414	800006b0	b2890993	addi	x19,x18,-1240	 x18:0x00000000 x19=0xfffffb28
      14175.000 ns	      1416	800006b4	a0b405d3	fle.s	x11,f8,f11	  f8:0x00000000 f11:0x632a83eb x11=0x00000001
      14225.000 ns	      1421	800006b8	01e4fdd3	fadd.s	f27,f9,f30	  f9:0x806e638a f30:0x806e638a f27=0x805cc714
      14245.000 ns	      1423	800006bc	007a9413	slli	x8,x21,0x7	 x21:0x632a83eb  x8=0x9541f580
      14255.000 ns	      1424	800006c0	40efd0b3	sra	x1,x31,x14	 x31:0x6f8ca4a4 x14:0x00000000  x1=0x6f8ca4a4
      14265.000 ns	      1425	800006c4	01bde0b3	or	x1,x27,x27	 x27:0xf9af2af0 x27:0xf9af2af0  x1=0xf9af2af0
      14305.000 ns	      1429	800006c8	09c0fd53	fsub.s	f26,f1,f28	  f1:0x00000000 f28:0x80000000 f26=0x00000000
      14675.000 ns	      1466	800006cc	0285f333	remu	x6,x11,x8	 x11:0x00000001  x8:0x9541f580  x6=0x00000001
      14695.000 ns	      1468	800006d0	00000013	addi	x0,x0,0	  x0:0x00000000
      14705.000 ns	      1469	800006d4	00000013	addi	x0,x0,0	  x0:0x00000000
      14715.000 ns	      1470	800006d8	f90197b7	lui	x15,0xf9019	 x15=0xf9019000
      14745.000 ns	      1473	800006dc	58061353	fsqrt.s	f6,f12	 f12:0x7fc00000  f6=0x7fc00000
      14775.000 ns	      1476	800006e0	a1fd8653	fle.s	x12,f27,f31	 f27:0x805cc714 f31:0xff7fffff x12=0x00000000
      14805.000 ns	      1479	800006e4	20ac8253	fsgnj.s	f4,f25,f10	 f25:0xff7fffff f10:0xffffffff  f4=0xff7fffff
      14855.000 ns	      1484	800006e8	018328d3	fadd.s	f17,f6,f24	  f6:0x7fc00000 f24:0xff7fffff f17=0x7fc00000
      14885.000 ns	      1487	800006ec	e0010bd3	fmv.x.w	x23,f2	  f2:0x7f7fffff x23=0x7f7fffff
      14905.000 ns	      1489	800006f0	91efb713	sltiu	x14,x31,-1762	 x31:0x6f8ca4a4 x14=0x00000001
      15265.000 ns	      1525	800006f4	025946b3	div	x13,x18,x5	 x18:0x00000000  x5:0x80041024 x13=0x00000000
      15295.000 ns	      1528	800006f8	c01374d3	fcvt.wu.s	x9,f6	  f6:0x7fc00000  x9=0xffffffff
      15315.000 ns	      1530	800006fc	01b39fb3	sll	x31,x7,x27	  x7:0x00000000 x27:0xf9af2af0 x31=0x00000000
      15335.000 ns	      1532	80000700	e0030cd3	fmv.x.w	x25,f6	  f6:0x7fc00000 x25=0x7fc00000
      15365.000 ns	      1535	80000704	c00df053	fcvt.w.s	x0,f27	 f27:0x805cc714
      15385.000 ns	      1537	80000708	44adaf13	slti	x30,x27,1098	 x27:0xf9af2af0 x30=0x00000001
      15405.000 ns	      1539	8000070c	032a50b3	divu	x1,x20,x18	 x20:0x00000000 x18:0x00000000  x1=0xffffffff
      15435.000 ns	      1542	80000710	a07f2653	feq.s	x12,f30,f7	 f30:0x806e638a  f7:0x00000000 x12=0x00000000
      15465.000 ns	      1545	80000714	a09b1c53	flt.s	x24,f22,f9	 f22:0x00000000  f9:0x806e638a x24=0x00000000
      15835.000 ns	      1582	80000718	029777b3	remu	x15,x14,x9	 x14:0x00000001  x9:0xffffffff x15=0x00000001
      15885.000 ns	      1587	8000071c	099b1653	fsub.s	f12,f22,f25	 f22:0x00000000 f25:0xff7fffff f12=0x7f7fffff
      15905.000 ns	      1589	80000720	014d78b3	and	x17,x26,x20	 x26:0x00000000 x20:0x00000000 x17=0x00000000
      15935.000 ns	      1592	80000724	58027953	fsqrt.s	f18,f4	  f4:0xff7fffff f18=0x7fc00000
      15965.000 ns	      1595	80000728	02cf9633	mulh	x12,x31,x12	 x31:0x00000000 x12:0x00000000 x12=0x00000000
      15985.000 ns	      1597	8000072c	00000013	addi	x0,x0,0	  x0:0x00000000
      16025.000 ns	      1601	80000730	00dafed3	fadd.s	f29,f21,f13	 f21:0x7fc00000 f13:0x4effffff f29=0x7fc00000
      16045.000 ns	      1603	80000734	01a0a033	slt	x0,x1,x26	  x1:0xffffffff x26:0x00000000
      16065.000 ns	      1605	80000738	e0019d53	fclass.s	x26,f3	  f3:0xd470f121 x26=0x00000002
      16085.000 ns	      1607	8000073c	ba109697	auipc	x13,0xba109	 x13=0x3a10973c
      16095.000 ns	      1608	80000740	00000013	addi	x0,x0,0	  x0:0x00000000
      16105.000 ns	      1609	80000744	fd706c97	auipc	x25,0xfd706	 x25=0x7d706744
      16115.000 ns	      1610	80000748	ea8e7097	auipc	x1,0xea8e7	  x1=0x6a8e7748
      16135.000 ns	      1612	8000074c	20839bd3	fsgnjn.s	f23,f7,f8	  f7:0x00000000  f8:0x00000000 f23=0x80000000
      16165.000 ns	      1615	80000750	d0080e53	fcvt.s.w	f28,x16	 x16:0x80040fe4 f28=0xcefff7e0
      16195.000 ns	      1618	80000754	03478ab3	mul	x21,x15,x20	 x15:0x00000001 x20:0x00000000 x21=0x00000000
      16565.000 ns	      1655	80000758	029361b3	rem	x3,x6,x9	  x6:0x00000001  x9:0xffffffff  x3=0x00000000
      16595.000 ns	      1658	8000075c	037c26b3	mulhsu	x13,x24,x23	 x24:0x00000000 x23:0x7f7fffff x13=0x00000000
      16615.000 ns	      1660	80000760	00d496b3	sll	x13,x9,x13	  x9:0xffffffff x13:0x3a10973c x13=0xffffffff
      16625.000 ns	      1661	80000764	00635933	srl	x18,x6,x6	  x6:0x00000001  x6:0x00000001 x18=0x00000000
      16645.000 ns	      1663	80000768	03f57c33	remu	x24,x10,x31	 x10:0x00000000 x31:0x00000000 x24=0x00000000
      16665.000 ns	      1665	8000076c	1fe1e713	ori	x14,x3,510	  x3:0x00000000 x14=0x000001fe
      16675.000 ns	      1666	80000770	30c9c413	xori	x8,x19,780	 x19:0xfffffb28  x8=0xfffff824
      16695.000 ns	      1668	80000774	a1aca0d3	feq.s	x1,f25,f26	 f25:0xff7fffff f26:0x00000000  x1=0x00000000
      16725.000 ns	      1671	80000778	201b9cd3	fsgnjn.s	f25,f23,f1	 f23:0x80000000  f1:0x00000000 f25=0x80000000
      16745.000 ns	      1673	8000077c	006fd8b3	srl	x17,x31,x6	 x31:0x00000000  x6:0x00000001 x17=0x00000000
      16765.000 ns	      1675	80000780	c00401d3	fcvt.w.s	x3,f8	  f8:0x00000000  x3=0x00000000
      16785.000 ns	      1677	80000784	e066fb17	auipc	x22,0xe066f	 x22=0x6066f784
      16795.000 ns	      1678	80000788	415787b3	sub	x15,x15,x21	 x15:0x00000001 x21:0x00000000 x15=0x00000001
      16815.000 ns	      1680	8000078c	f00785d3	fmv.w.x	f11,x15	 x15:0x00000001 f11=0x00000001
      16845.000 ns	      1683	80000790	024f8e33	mul	x28,x31,x4	 x31:0x00000000  x4:0xfffffd3f x28=0x00000000
      16865.000 ns	      1685	80000794	d6e3a613	slti	x12,x7,-658	  x7:0x00000000 x12=0x00000000
      16885.000 ns	      1687	80000798	036f8233	mul	x4,x31,x22	 x31:0x00000000 x22:0x6066f784  x4=0x00000000
      16915.000 ns	      1690	8000079c	d00b3bd3	fcvt.s.w	f23,x22	 x22:0x6066f784 f23=0x4ec0cdf0
      16935.000 ns	      1692	800007a0	00000013	addi	x0,x0,0	  x0:0x00000000
      16955.000 ns	      1694	800007a4	e00983d3	fmv.x.w	x7,f19	 f19:0x00000000  x7=0x00000000
      17005.000 ns	      1699	800007a8	09bb93d3	fsub.s	f7,f23,f27	 f23:0x4ec0cdf0 f27:0x805cc714  f7=0x4ec0cdf0
      17375.000 ns	      1736	800007ac	0225df33	divu	x30,x11,x2	 x11:0x00000001  x2:0x20000000 x30=0x00000000
      17395.000 ns	      1738	800007b0	414d8733	sub	x14,x27,x20	 x27:0xf9af2af0 x20:0x00000000 x14=0xf9af2af0
      17425.000 ns	      1741	800007b4	1147ba53	fmul.s	f20,f15,f20	 f15:0xff7fffff f20:0x7fc00000 f20=0x7fc00000
      17465.000 ns	      1745	800007b8	19cea853	fdiv.s	f16,f29,f28	 f29:0x7fc00000 f28:0xcefff7e0 f16=0x7fc00000
      17495.000 ns	      1748	800007bc	c0048353	fcvt.w.s	x6,f9	  f9:0x806e638a  x6=0x00000000
      17515.000 ns	      1750	800007c0	84cff1b7	lui	x3,0x84cff	  x3=0x84cff000
      17535.000 ns	      1752	800007c4	29229153	fmax.s	f2,f5,f18	  f5:0x00000000 f18:0x7fc00000  f2=0x00000000
      17905.000 ns	      1789	800007c8	0367c633	div	x12,x15,x22	 x15:0x00000001 x22:0x6066f784 x12=0x00000000
      17925.000 ns	      1791	800007cc	41215193	srai	x3,x2,0x12	  x2:0x20000000  x3=0x00000800
      17945.000 ns	      1793	800007d0	e0069653	fclass.s	x12,f13	 f13:0x4effffff x12=0x00000040
      17975.000 ns	      1796	800007d4	d0118053	fcvt.s.wu	f0,x3	  x3:0x84cff000  f0=0x45000000
      18005.000 ns	      1799	800007d8	e0081bd3	fclass.s	x23,f16	 f16:0x7fc00000 x23=0x00000200
      18025.000 ns	      1801	800007dc	0020a0b3	slt	x1,x1,x2	  x1:0x00000000  x2:0x20000000  x1=0x00000001
      18035.000 ns	      1802	800007e0	008ec8b3	xor	x17,x29,x8	 x29:0xfffff878  x8:0xfffff824 x17=0x0000005c
      18395.000 ns	      1838	800007e4	021cc1b3	div	x3,x25,x1	 x25:0x7d706744  x1:0x00000000  x3=0x7d706744
      18425.000 ns	      1841	800007e8	f00a88d3	fmv.w.x	f17,x21	 x21:0x00000000 f17=0x00000000
      18455.000 ns	      1844	800007ec	21a88cd3	fsgnj.s	f25,f17,f26	 f17:0x7fc00000 f26:0x00000000 f25=0x00000000
      18485.000 ns	      1847	800007f0	f0048d53	fmv.w.x	f26,x9	  x9:0xffffffff f26=0xffffffff
      18505.000 ns	      1849	800007f4	0145ffb3	and	x31,x11,x20	 x11:0x00000001 x20:0x00000000 x31=0x00000000
      18525.000 ns	      1851	800007f8	03ca6f33	rem	x30,x20,x28	 x20:0x00000000 x28:0x00000000 x30=0x00000000
      18555.000 ns	      1854	800007fc	a0b68353	fle.s	x6,f13,f11	 f13:0x4effffff f11:0x00000001  x6=0x00000000
      18925.000 ns	      1891	80000800	03d4d533	divu	x10,x9,x29	  x9:0xffffffff x29:0xfffff878 x10=0x00000001
      18945.000 ns	      1893	80000804	00165493	srli	x9,x12,0x1	 x12:0x00000040  x9=0x00000020
      18955.000 ns	      1894	80000808	6f200f13	addi	x30,x0,1778	  x0:0x00000000 x30=0x000006f2
      18985.000 ns	      1897	8000080c	5809f3d3	fsqrt.s	f7,f19	 f19:0x00000000  f7=0x00000000
      19015.000 ns	      1900	80000810	295e9bd3	fmax.s	f23,f29,f21	 f29:0x7fc00000 f21:0x7fc00000 f23=0x7fc00000
      19055.000 ns	      1904	80000814	58097e53	fsqrt.s	f28,f18	 f18:0x7fc00000 f28=0x7fc00000
      19425.000 ns	      1941	80000818	02355e33	divu	x28,x10,x3	 x10:0x00000001  x3:0x7d706744 x28=0x00000000
      19455.000 ns	      1944	8000081c	20e4a6d3	fsgnjx.s	f13,f9,f14	  f9:0x806e638a f14:0x7fc00000 f13=0x806e638a
      19475.000 ns	      1946	80000820	0141e8b3	or	x17,x3,x20	  x3:0x7d706744 x20:0x00000000 x17=0x7d706744
      19485.000 ns	      1947	80000824	9fc17f17	auipc	x30,0x9fc17	 x30=0x1fc17824
      19495.000 ns	      1948	80000828	00c036b3	sltu	x13,x0,x12	  x0:0x00000000 x12:0x00000040 x13=0x00000001
      19515.000 ns	      1950	8000082c	a0970ad3	fle.s	x21,f14,f9	 f14:0x7fc00000  f9:0x806e638a x21=0x00000000
      19885.000 ns	      1987	80000830	02ef4ab3	div	x21,x30,x14	 x30:0x1fc17824 x14:0xf9af2af0 x21=0xfffffffb
      19915.000 ns	      1990	80000834	d006fed3	fcvt.s.w	f29,x13	 x13:0x00000001 f29=0x3f800000
      19935.000 ns	      1992	80000838	00000013	addi	x0,x0,0	  x0:0x00000000
      19945.000 ns	      1993	8000083c	00000013	addi	x0,x0,0	  x0:0x00000000
      20275.000 ns	      2026	80000840	198f7a53	fdiv.s	f20,f30,f24	 f30:0x806e638a f24:0xff7fffff f20=0x00000000
      20305.000 ns	      2029	80000844	0266f4b3	remu	x9,x13,x6	 x13:0x00000001  x6:0x00000000  x9=0x00000001
      20345.000 ns	      2033	80000848	580cf153	fsqrt.s	f2,f25	 f25:0x00000000  f2=0x00000000
      20365.000 ns	      2035	8000084c	008f9513	slli	x10,x31,0x8	 x31:0x00000000 x10=0x00000000
      20375.000 ns	      2036	80000850	0117a3b3	slt	x7,x15,x17	 x15:0x00000001 x17:0x7d706744  x7=0x00000001
      20415.000 ns	      2040	80000854	0055f1d3	fadd.s	f3,f11,f5	 f11:0x00000001  f5:0x00000000  f3=0x00000001
      20445.000 ns	      2043	80000858	038c36b3	mulhu	x13,x24,x24	 x24:0x00000000 x24:0x00000000 x13=0x00000000
      20475.000 ns	      2046	8000085c	038ce6b3	rem	x13,x25,x24	 x25:0x7d706744 x24:0x00000000 x13=0x7d706744
      20505.000 ns	      2049	80000860	d0000bd3	fcvt.s.w	f23,x0	  x0:0x00000000 f23=0x00000000
      20535.000 ns	      2052	80000864	022d1fb3	mulh	x31,x26,x2	 x26:0x00000002  x2:0x20000000 x31=0x00000000
      20555.000 ns	      2054	80000868	01aff0b3	and	x1,x31,x26	 x31:0x00000000 x26:0x00000002  x1=0x00000000
      20565.000 ns	      2055	8000086c	7c16fbb7	lui	x23,0x7c16f	 x23=0x7c16f000
      20585.000 ns	      2057	80000870	e00f0ed3	fmv.x.w	x29,f30	 f30:0x806e638a x29=0x806e638a
      20955.000 ns	      2094	80000874	035869b3	rem	x19,x16,x21	 x16:0x80040fe4 x21:0xfffffffb x19=0xffffffff
      21325.000 ns	      2131	80000878	023a4633	div	x12,x20,x3	 x20:0x00000000  x3:0x7d706744 x12=0x00000000
      21345.000 ns	      2133	8000087c	009ad893	srli	x17,x21,0x9	 x21:0xfffffffb x17=0x007fffff
      21355.000 ns	      2134	80000880	01c9d3b3	srl	x7,x19,x28	 x19:0xffffffff x28:0x00000000  x7=0xffffffff
      21365.000 ns	      2135	80000884	4ed53f93	sltiu	x31,x10,1261	 x10:0x00000000 x31=0x00000001
      21375.000 ns	      2136	80000888	406a5f93	srai	x31,x20,0x6	 x20:0x00000000 x31=0x00000000
      21385.000 ns	      2137	8000088c	00c4e233	or	x4,x9,x12	  x9:0x00000001 x12:0x00000000  x4=0x00000001
      21405.000 ns	      2139	80000890	f0000a53	fmv.w.x	f20,x0	  x0:0x00000000 f20=0x00000000
      21425.000 ns	      2141	80000894	01135893	srli	x17,x6,0x11	  x6:0x00000000 x17=0x00000000
      21445.000 ns	      2143	80000898	035c8333	mul	x6,x25,x21	 x25:0x7d706744 x21:0xfffffffb  x6=0x8ccdfbac
      21815.000 ns	      2180	8000089c	0244cb33	div	x22,x9,x4	  x9:0x00000001  x4:0x00000001 x22=0x00000001
      21835.000 ns	      2182	800008a0	00000013	addi	x0,x0,0	  x0:0x00000000
      22195.000 ns	      2218	800008a4	023369b3	rem	x19,x6,x3	  x6:0x8ccdfbac  x3:0x7d706744 x19=0x8ccdfbac
      22565.000 ns	      2255	800008a8	025e7a33	remu	x20,x28,x5	 x28:0x00000000  x5:0x80041024 x20=0x00000000
      22595.000 ns	      2258	800008ac	03dc0133	mul	x2,x24,x29	 x24:0x00000000 x29:0x806e638a  x2=0x00000000
      22625.000 ns	      2261	800008b0	296a9bd3	fmax.s	f23,f21,f22	 f21:0x7fc00000 f22:0x00000000 f23=0x00000000
      22645.000 ns	      2263	800008b4	2f4ac913	xori	x18,x21,756	 x21:0xfffffffb x18=0xfffffd0f
      22655.000 ns	      2264	800008b8	002ee6b3	or	x13,x29,x2	 x29:0x806e638a  x2:0x00000000 x13=0x806e638a
      22665.000 ns	      2265	800008bc	00ac56b3	srl	x13,x24,x10	 x24:0x00000000 x10:0x00000000 x13=0x00000000
      22685.000 ns	      2267	800008c0	038c3933	mulhu	x18,x24,x24	 x24:0x00000000 x24:0x00000000 x18=0x00000000
      22715.000 ns	      2270	800008c4	e0049053	fclass.s	x0,f9	  f9:0x806e638a
      22735.000 ns	      2272	800008c8	fdd855b7	lui	x11,0xfdd85	 x11=0xfdd85000
      22775.000 ns	      2276	800008cc	096e0653	fsub.s	f12,f28,f22	 f28:0x7fc00000 f22:0x00000000 f12=0x7fc00000
      23145.000 ns	      2313	800008d0	027ef1b3	remu	x3,x29,x7	 x29:0x806e638a  x7:0xffffffff  x3=0x806e638a
      23165.000 ns	      2315	800008d4	002a9133	sll	x2,x21,x2	 x21:0xfffffffb  x2:0x00000000  x2=0xfffffffb
      23185.000 ns	      2317	800008d8	a16b0553	fle.s	x10,f22,f22	 f22:0x00000000 f22:0x00000000 x10=0x00000001
      23205.000 ns	      2319	800008dc	018ad133	srl	x2,x21,x24	 x21:0xfffffffb x24:0x00000000  x2=0xfffffffb
      23225.000 ns	      2321	800008e0	02d100b3	mul	x1,x2,x13	  x2:0xfffffffb x13:0x00000000  x1=0x00000000
      23245.000 ns	      2323	800008e4	d505c093	xori	x1,x11,-688	 x11:0xfdd85000  x1=0x0227ad50
      23255.000 ns	      2324	800008e8	00ec86b3	add	x13,x25,x14	 x25:0x7d706744 x14:0xf9af2af0 x13=0x771f9234
      23265.000 ns	      2325	800008ec	012a9a93	slli	x21,x21,0x12	 x21:0xfffffffb x21=0xffec0000
      23275.000 ns	      2326	800008f0	4176dfb3	sra	x31,x13,x23	 x13:0x00000000 x23:0x7c16f000 x31=0x771f9234
      23295.000 ns	      2328	800008f4	c012fd53	fcvt.wu.s	x26,f5	  f5:0x00000000 x26=0x00000000
      23315.000 ns	      2330	800008f8	52bf0413	addi	x8,x30,1323	 x30:0x1fc17824  x8=0x1fc17d4f
      23335.000 ns	      2332	800008fc	d00f7dd3	fcvt.s.w	f27,x30	 x30:0x1fc17824 f27=0x4dfe0bc1
      23355.000 ns	      2334	80000900	005da5b3	slt	x11,x27,x5	 x27:0xf9af2af0  x5:0x80041024 x11=0x00000000
      23365.000 ns	      2335	80000904	40f2d333	sra	x6,x5,x15	  x5:0x80041024 x15:0x00000001  x6=0xc0020812
      23385.000 ns	      2337	80000908	20c48ed3	fsgnj.s	f29,f9,f12	  f9:0x806e638a f12:0x7fc00000 f29=0x006e638a
      23405.000 ns	      2339	8000090c	ea099217	auipc	x4,0xea099	  x4=0x6a09990c
      23425.000 ns	      2341	80000910	f0088ad3	fmv.w.x	f21,x17	 x17:0x00000000 f21=0x00000000
      23455.000 ns	      2344	80000914	030130b3	mulhu	x1,x2,x16	  x2:0xfffffffb x16:0x80040fe4  x1=0x80040fe1
      23485.000 ns	      2347	80000918	038be7b3	rem	x15,x23,x24	 x23:0x7c16f000 x24:0x00000000 x15=0x7c16f000
      23515.000 ns	      2350	8000091c	219514d3	fsgnjn.s	f9,f10,f25	 f10:0xffffffff f25:0x00000000  f9=0xffffffff
      23535.000 ns	      2352	80000920	58274793	xori	x15,x14,1410	 x14:0xf9af2af0 x15=0xf9af2f72
      23555.000 ns	      2354	80000924	287682d3	fmin.s	f5,f13,f7	 f13:0x806e638a  f7:0x00000000  f5=0x806e638a
      23575.000 ns	      2356	80000928	00d456b3	srl	x13,x8,x13	  x8:0x1fc17d4f x13:0x771f9234 x13=0x000001fc
      23595.000 ns	      2358	8000092c	e0009153	fclass.s	x2,f1	  f1:0x00000000  x2=0x00000010
      23615.000 ns	      2360	80000930	01d7c9b3	xor	x19,x15,x29	 x15:0xf9af2f72 x29:0x806e638a x19=0x79c14cf8
      23625.000 ns	      2361	80000934	00ccabb3	slt	x23,x25,x12	 x25:0x7d706744 x12:0x00000000 x23=0x00000000
      23635.000 ns	      2362	80000938	00efdd33	srl	x26,x31,x14	 x31:0x771f9234 x14:0xf9af2af0 x26=0x0000771f
      23645.000 ns	      2363	8000093c	00ec9633	sll	x12,x25,x14	 x25:0x7d706744 x14:0xf9af2af0 x12=0x67440000
      23655.000 ns	      2364	80000940	40b35893	srai	x17,x6,0xb	  x6:0xc0020812 x17=0xfff80041
      24015.000 ns	      2400	80000944	02e6f233	remu	x4,x13,x14	 x13:0x000001fc x14:0xf9af2af0  x4=0x000001fc
      24045.000 ns	      2403	80000948	29128253	fmin.s	f4,f5,f17	  f5:0x806e638a f17:0x00000000  f4=0x806e638a
      24075.000 ns	      2406	8000094c	295f0953	fmin.s	f18,f30,f21	 f30:0x806e638a f21:0x00000000 f18=0x806e638a
      24445.000 ns	      2443	80000950	0313d533	divu	x10,x7,x17	  x7:0xffffffff x17:0xfff80041 x10=0x00000001
      24465.000 ns	      2445	80000954	412b0bb3	sub	x23,x22,x18	 x22:0x00000001 x18:0x00000000 x23=0x00000001
      24475.000 ns	      2446	80000958	49fe3313	sltiu	x6,x28,1183	 x28:0x00000000  x6=0x00000001
      24495.000 ns	      2448	8000095c	03b125b3	mulhsu	x11,x2,x27	  x2:0x00000010 x27:0xf9af2af0 x11=0x0000000f
      24525.000 ns	      2451	80000960	209129d3	fsgnjx.s	f19,f2,f9	  f2:0x00000000  f9:0xffffffff f19=0x80000000
      24895.000 ns	      2488	80000964	039054b3	divu	x9,x0,x25	  x0:0x00000000 x25:0x7d706744  x9=0x00000000
      24915.000 ns	      2490	80000968	841f3513	sltiu	x10,x30,-1983	 x30:0x1fc17824 x10=0x00000001
      24925.000 ns	      2491	8000096c	00089333	sll	x6,x17,x0	 x17:0xfff80041  x0:0x00000000  x6=0xfff80041
      24945.000 ns	      2493	80000970	a0238c53	fle.s	x24,f7,f2	  f7:0x00000000  f2:0x00000000 x24=0x00000001
      24975.000 ns	      2496	80000974	c01dfbd3	fcvt.wu.s	x23,f27	 f27:0x4dfe0bc1 x23=0x1fc17820
      24995.000 ns	      2498	80000978	006c1b13	slli	x22,x24,0x6	 x24:0x00000001 x22=0x00000040
      25005.000 ns	      2499	8000097c	002c4933	xor	x18,x24,x2	 x24:0x00000001  x2:0x00000010 x18=0x00000011
      25025.000 ns	      2501	80000980	d01909d3	fcvt.s.wu	f19,x18	 x18:0x00000000 f19=0x41880000
      25055.000 ns	      2504	80000984	f0000a53	fmv.w.x	f20,x0	  x0:0x00000000 f20=0x00000000
      25075.000 ns	      2506	80000988	4beee197	auipc	x3,0x4beee	  x3=0xcbeee988
      25095.000 ns	      2508	8000098c	c00ff553	fcvt.w.s	x10,f31	 f31:0xff7fffff x10=0x80000000
      25125.000 ns	      2511	80000990	f0008a53	fmv.w.x	f20,x1	  x1:0x80040fe1 f20=0x80040fe1
      25175.000 ns	      2516	80000994	09afa0d3	fsub.s	f1,f31,f26	 f31:0xff7fffff f26:0xffffffff  f1=0x7fc00000
      25215.000 ns	      2520	80000998	10b826d3	fmul.s	f13,f16,f11	 f16:0x7fc00000 f11:0x00000001 f13=0x7fc00000
      25235.000 ns	      2522	8000099c	3ea12e93	slti	x29,x2,1002	  x2:0x00000010 x29=0x00000001
      25565.000 ns	      2555	800009a0	1845ff53	fdiv.s	f30,f11,f4	 f11:0x00000001  f4:0x806e638a f30=0xb3b4b4b7
      25935.000 ns	      2592	800009a4	03fa6633	rem	x12,x20,x31	 x20:0x00000000 x31:0x771f9234 x12=0x00000000
      25955.000 ns	      2594	800009a8	f34b6037	lui	x0,0xf34b6	
      25965.000 ns	      2595	800009ac	01824333	xor	x6,x4,x24	  x4:0x000001fc x24:0x00000001  x6=0x000001fd
      25985.000 ns	      2597	800009b0	214022d3	fsgnjx.s	f5,f0,f20	  f0:0x45000000 f20:0x80040fe1  f5=0xc5000000
      26005.000 ns	      2599	800009b4	01985593	srli	x11,x16,0x19	 x16:0x80040fe4 x11=0x00000040
      26025.000 ns	      2601	800009b8	a0cb0953	fle.s	x18,f22,f12	 f22:0x00000000 f12:0x7fc00000 x18=0x00000000
      26055.000 ns	      2604	800009bc	20d88653	fsgnj.s	f12,f17,f13	 f17:0x00000000 f13:0x7fc00000 f12=0x00000000
      26085.000 ns	      2607	800009c0	03e61b33	mulh	x22,x12,x30	 x12:0x00000000 x30:0x1fc17824 x22=0x00000000
      26115.000 ns	      2610	800009c4	039db4b3	mulhu	x9,x27,x25	 x27:0xf9af2af0 x25:0x7d706744  x9=0x7a582951
      26155.000 ns	      2614	800009c8	1907f053	fdiv.s	f0,f15,f16	 f15:0xff7fffff f16:0x7fc00000  f0=0x7fc00000
      26185.000 ns	      2617	800009cc	21112753	fsgnjx.s	f14,f2,f17	  f2:0x00000000 f17:0x00000000 f14=0x00000000
      26205.000 ns	      2619	800009d0	00d8de33	srl	x28,x17,x13	 x17:0xfff80041 x13:0x000001fc x28=0x0000000f
      26215.000 ns	      2620	800009d4	00edaab3	slt	x21,x27,x14	 x27:0xf9af2af0 x14:0xf9af2af0 x21=0x00000000
      26235.000 ns	      2622	800009d8	a0c40953	fle.s	x18,f8,f12	  f8:0x00000000 f12:0x00000000 x18=0x00000001
      26255.000 ns	      2624	800009dc	40815433	sra	x8,x2,x8	  x2:0x00000010  x8:0x1fc17d4f  x8=0x00000000
      26275.000 ns	      2626	800009e0	c01b77d3	fcvt.wu.s	x15,f22	 f22:0x00000000 x15=0x00000000
      26305.000 ns	      2629	800009e4	a0341ed3	flt.s	x29,f8,f3	  f8:0x00000000  f3:0x00000001 x29=0x00000001
      26325.000 ns	      2631	800009e8	1e3b4617	auipc	x12,0x1e3b4	 x12=0x9e3b49e8
      26335.000 ns	      2632	800009ec	01496b33	or	x22,x18,x20	 x18:0x00000001 x20:0x00000000 x22=0x00000001
      26355.000 ns	      2634	800009f0	f0030453	fmv.w.x	f8,x6	  x6:0x000001fd  f8=0x000001fd
      26385.000 ns	      2637	800009f4	28ea8253	fmin.s	f4,f21,f14	 f21:0x00000000 f14:0x00000000  f4=0x00000000
      26405.000 ns	      2639	800009f8	013c1133	sll	x2,x24,x19	 x24:0x00000001 x19:0x79c14cf8  x2=0x01000000
      26415.000 ns	      2640	800009fc	00000013	addi	x0,x0,0	  x0:0x00000000
      26425.000 ns	      2641	80000a00	000b5e13	srli	x28,x22,0x0	 x22:0x00000001 x28=0x00000001
      26785.000 ns	      2677	80000a04	02a256b3	divu	x13,x4,x10	  x4:0x000001fc x10:0x80000000 x13=0x00000000
      26815.000 ns	      2680	80000a08	213d8d53	fsgnj.s	f26,f27,f19	 f27:0x4dfe0bc1 f19:0x41880000 f26=0x4dfe0bc1
      26845.000 ns	      2683	80000a0c	02501233	mulh	x4,x0,x5	  x0:0x00000000  x5:0x80041024  x4=0x00000000
      26875.000 ns	      2686	80000a10	216ea6d3	fsgnjx.s	f13,f29,f22	 f29:0x006e638a f22:0x00000000 f13=0x006e638a
      26905.000 ns	      2689	80000a14	03949933	mulh	x18,x9,x25	  x9:0x7a582951 x25:0x7d706744 x18=0x3bf2c418
      26925.000 ns	      2691	80000a18	00b79013	slli	x0,x15,0xb	 x15:0x00000000
      26935.000 ns	      2692	80000a1c	406a5893	srai	x17,x20,0x6	 x20:0x00000000 x17=0x00000000
      26955.000 ns	      2694	80000a20	e0028ad3	fmv.x.w	x21,f5	  f5:0xc5000000 x21=0xc5000000
      26975.000 ns	      2696	80000a24	003eecb3	or	x25,x29,x3	 x29:0x00000001  x3:0xcbeee988 x25=0xcbeee989
      26995.000 ns	      2698	80000a28	d0077ad3	fcvt.s.w	f21,x14	 x14:0xf9af2af0 f21=0xccca1aa2
      27025.000 ns	      2701	80000a2c	d019c3d3	fcvt.s.wu	f7,x19	 x19:0x79c14cf8  f7=0x4ef3829a
      27055.000 ns	      2704	80000a30	028d6b33	rem	x22,x26,x8	 x26:0x0000771f  x8:0x00000000 x22=0x0000771f
      27085.000 ns	      2707	80000a34	28ba91d3	fmax.s	f3,f21,f11	 f21:0xccca1aa2 f11:0x00000001  f3=0x00000001
      27115.000 ns	      2710	80000a38	e00509d3	fmv.x.w	x19,f10	 f10:0xffffffff x19=0xffffffff
      27145.000 ns	      2713	80000a3c	03430933	mul	x18,x6,x20	  x6:0x000001fd x20:0x00000000 x18=0x00000000
      27515.000 ns	      2750	80000a40	03e4e033	rem	x0,x9,x30	  x9:0x7a582951 x30:0x1fc17824
      27545.000 ns	      2753	80000a44	218a9d53	fsgnjn.s	f26,f21,f24	 f21:0xccca1aa2 f24:0xff7fffff f26=0x4cca1aa2
      27565.000 ns	      2755	80000a48	008bbcb3	sltu	x25,x23,x8	 x23:0x1fc17820  x8:0x00000000 x25=0x00000000
      27585.000 ns	      2757	80000a4c	c00578d3	fcvt.w.s	x17,f10	 f10:0xffffffff x17=0x7fffffff
      27635.000 ns	      2762	80000a50	088280d3	fsub.s	f1,f5,f8	  f5:0xc5000000  f8:0x000001fd  f1=0xc5000000
      27655.000 ns	      2764	80000a54	019f6cb3	or	x25,x30,x25	 x30:0x1fc17824 x25:0x00000000 x25=0x1fc17824
      28015.000 ns	      2800	80000a58	02655e33	divu	x28,x10,x6	 x10:0x80000000  x6:0x000001fd x28=0x00406090
      28035.000 ns	      2802	80000a5c	01eb13b3	sll	x7,x22,x30	 x22:0x0000771f x30:0x1fc17824  x7=0x000771f0
      28045.000 ns	      2803	80000a60	41e6db13	srai	x22,x13,0x1e	 x13:0x00000000 x22=0x00000000
      28055.000 ns	      2804	80000a64	00449993	slli	x19,x9,0x4	  x9:0x7a582951 x19=0xa5829510
      28415.000 ns	      2840	80000a68	0385e4b3	rem	x9,x11,x24	 x11:0x00000040 x24:0x00000001  x9=0x00000000
      28445.000 ns	      2843	80000a6c	e0049253	fclass.s	x4,f9	  f9:0xffffffff  x4=0x00000200
      28495.000 ns	      2848	80000a70	08043853	fsub.s	f16,f8,f0	  f8:0x000001fd  f0:0x7fc00000 f16=0x7fc00000
      28525.000 ns	      2851	80000a74	02860e33	mul	x28,x12,x8	 x12:0x9e3b49e8  x8:0x00000000 x28=0x00000000
      28545.000 ns	      2853	80000a78	1d342793	slti	x15,x8,467	  x8:0x00000000 x15=0x00000001
      28565.000 ns	      2855	80000a7c	f00705d3	fmv.w.x	f11,x14	 x14:0xf9af2af0 f11=0xf9af2af0
      28585.000 ns	      2857	80000a80	bf057713	andi	x14,x10,-1040	 x10:0x80000000 x14=0x80000000
      28595.000 ns	      2858	80000a84	01ade1b3	or	x3,x27,x26	 x27:0xf9af2af0 x26:0x0000771f  x3=0xf9af7fff
      28615.000 ns	      2860	80000a88	02a7abb3	mulhsu	x23,x15,x10	 x15:0x00000001 x10:0x80000000 x23=0x00000000
      28645.000 ns	      2863	80000a8c	20b22653	fsgnjx.s	f12,f4,f11	  f4:0x00000000 f11:0xf9af2af0 f12=0x80000000
      28665.000 ns	      2865	80000a90	01711933	sll	x18,x2,x23	  x2:0x01000000 x23:0x00000000 x18=0x01000000
      28685.000 ns	      2867	80000a94	28108953	fmin.s	f18,f1,f1	  f1:0xc5000000  f1:0xc5000000 f18=0xc5000000
      29055.000 ns	      2904	80000a98	0300e633	rem	x12,x1,x16	  x1:0x80040fe1 x16:0x80040fe4 x12=0xfffffffd
      29075.000 ns	      2906	80000a9c	0163d993	srli	x19,x7,0x16	  x7:0x000771f0 x19=0x00000000
      29435.000 ns	      2942	80000aa0	03a9ebb3	rem	x23,x19,x26	 x19:0xa5829510 x26:0x0000771f x23=0x00000000
      29455.000 ns	      2944	80000aa4	0060aab3	slt	x21,x1,x6	  x1:0x80040fe1  x6:0x000001fd x21=0x00000001
      29475.000 ns	      2946	80000aa8	20220c53	fsgnj.s	f24,f4,f2	  f4:0x00000000  f2:0x00000000 f24=0x00000000
      29495.000 ns	      2948	80000aac	014e26b3	slt	x13,x28,x20	 x28:0x00000000 x20:0x00000000 x13=0x00000000
      29505.000 ns	      2949	80000ab0	00ba1a93	slli	x21,x20,0xb	 x20:0x00000000 x21=0x00000000
      29535.000 ns	      2952	80000ab4	18be0153	fdiv.s	f2,f28,f11	 f28:0x7fc00000 f11:0xf9af2af0  f2=0x7fc00000
      29555.000 ns	      2954	80000ab8	a636ca93	xori	x21,x13,-1437	 x13:0x00000000 x21=0xfffffa63
      29575.000 ns	      2956	80000abc	21a893d3	fsgnjn.s	f7,f17,f26	 f17:0x00000000 f26:0x4cca1aa2  f7=0x80000000
      29615.000 ns	      2960	80000ac0	19c7bb53	fdiv.s	f22,f15,f28	 f15:0xff7fffff f28:0x7fc00000 f22=0x7fc00000
      29635.000 ns	      2962	80000ac4	00d850b3	srl	x1,x16,x13	 x16:0x80040fe4 x13:0x00000000  x1=0x80040fe4
      29645.000 ns	      2963	80000ac8	1a22f493	andi	x9,x5,418	  x5:0x80041024  x9=0x00000020
      29655.000 ns	      2964	80000acc	01af2b33	slt	x22,x30,x26	 x30:0x1fc17824 x26:0x0000771f x22=0x00000000
      29665.000 ns	      2965	80000ad0	47353793	sltiu	x15,x10,1139	 x10:0x80000000 x15=0x00000000
      29685.000 ns	      2967	80000ad4	a16994d3	flt.s	x9,f19,f22	 f19:0x41880000 f22:0x7fc00000  x9=0x00000000
      29715.000 ns	      2970	80000ad8	a07f8453	fle.s	x8,f31,f7	 f31:0xff7fffff  f7:0x80000000  x8=0x00000001
      29745.000 ns	      2973	80000adc	c0187ed3	fcvt.wu.s	x29,f16	 f16:0x7fc00000 x29=0xffffffff
      29765.000 ns	      2975	80000ae0	01e35213	srli	x4,x6,0x1e	  x6:0x000001fd  x4=0x00000000
      29775.000 ns	      2976	80000ae4	a6338113	addi	x2,x7,-1437	  x7:0x000771f0  x2=0x00076c53
      29785.000 ns	      2977	80000ae8	01c01693	slli	x13,x0,0x1c	  x0:0x00000000 x13=0x00000000
      29795.000 ns	      2978	80000aec	019bc533	xor	x10,x23,x25	 x23:0x00000000 x25:0x1fc17824 x10=0x1fc17824
      29805.000 ns	      2979	80000af0	0060b3b3	sltu	x7,x1,x6	  x1:0x80040fe4  x6:0x000001fd  x7=0x00000000
      29815.000 ns	      2980	80000af4	21814d13	xori	x26,x2,536	  x2:0x00076c53 x26=0x00076e4b
      29835.000 ns	      2982	80000af8	f0058853	fmv.w.x	f16,x11	 x11:0x00000040 f16=0x00000040
      29855.000 ns	      2984	80000afc	01499013	slli	x0,x19,0x14	 x19:0x00000000
      29875.000 ns	      2986	80000b00	033a4cb3	div	x25,x20,x19	 x20:0x00000000 x19:0x00000000 x25=0xffffffff
      29895.000 ns	      2988	80000b04	0162d133	srl	x2,x5,x22	  x5:0x80041024 x22:0x00000000  x2=0x80041024
      29915.000 ns	      2990	80000b08	02220fb3	mul	x31,x4,x2	  x4:0x00000000  x2:0x00076c53 x31=0x00000000
      29935.000 ns	      2992	80000b0c	015ed333	srl	x6,x29,x21	 x29:0xffffffff x21:0xfffffa63  x6=0x1fffffff
      29945.000 ns	      2993	80000b10	00000013	addi	x0,x0,0	  x0:0x00000000
      29955.000 ns	      2994	80000b14	1ee4e493	ori	x9,x9,494	  x9:0x00000000  x9=0x000001ee
      29975.000 ns	      2996	80000b18	e00703d3	fmv.x.w	x7,f14	 f14:0x00000000  x7=0x00000000
      29995.000 ns	      2998	80000b1c	018fd333	srl	x6,x31,x24	 x31:0x00000000 x24:0x00000001  x6=0x00000000
      30005.000 ns	      2999	80000b20	24072513	slti	x10,x14,576	 x14:0x80000000 x10=0x00000001
      30025.000 ns	      3001	80000b24	200595d3	fsgnjn.s	f11,f11,f0	 f11:0xf9af2af0  f0:0x7fc00000 f11=0xf9af2af0
      30075.000 ns	      3006	80000b28	00befc53	fadd.s	f24,f29,f11	 f29:0x006e638a f11:0xf9af2af0 f24=0xf9af2af0
      30105.000 ns	      3009	80000b2c	d0133bd3	fcvt.s.wu	f23,x6	  x6:0x00000000 f23=0x00000000
      30145.000 ns	      3013	80000b30	19d07953	fdiv.s	f18,f0,f29	  f0:0x7fc00000 f29:0x006e638a f18=0x7fc00000
      30175.000 ns	      3016	80000b34	c0158bd3	fcvt.wu.s	x23,f11	 f11:0xf9af2af0 x23=0x00000000
      30205.000 ns	      3019	80000b38	c00c7c53	fcvt.w.s	x24,f24	 f24:0xf9af2af0 x24=0x80000000
      30235.000 ns	      3022	80000b3c	28dd0ed3	fmin.s	f29,f26,f13	 f26:0x4cca1aa2 f13:0x006e638a f29=0x006e638a
      30275.000 ns	      3026	80000b40	18b073d3	fdiv.s	f7,f0,f11	  f0:0x7fc00000 f11:0xf9af2af0  f7=0x7fc00000
      30305.000 ns	      3029	80000b44	026bfcb3	remu	x25,x23,x6	 x23:0x00000000  x6:0x00000000 x25=0x00000000
      30335.000 ns	      3032	80000b48	e00f98d3	fclass.s	x17,f31	 f31:0xff7fffff x17=0x00000002
      30365.000 ns	      3035	80000b4c	21982d53	fsgnjx.s	f26,f16,f25	 f16:0x00000040 f25:0x00000000 f26=0x00000040
      30395.000 ns	      3038	80000b50	027401b3	mul	x3,x8,x7	  x8:0x00000001  x7:0x00000000  x3=0x00000000
      30425.000 ns	      3041	80000b54	a0f9ac53	feq.s	x24,f19,f15	 f19:0x41880000 f15:0xff7fffff x24=0x00000000
      30455.000 ns	      3044	80000b58	286694d3	fmax.s	f9,f13,f6	 f13:0x006e638a  f6:0x7fc00000  f9=0x006e638a
      30485.000 ns	      3047	80000b5c	a01c9153	flt.s	x2,f25,f1	 f25:0x00000000  f1:0xc5000000  x2=0x00000000
      30515.000 ns	      3050	80000b60	d00b33d3	fcvt.s.w	f7,x22	 x22:0x00000000  f7=0x00000000
      30555.000 ns	      3054	80000b64	18310fd3	fdiv.s	f31,f2,f3	  f2:0x7fc00000  f3:0x00000001 f31=0x7fc00000
      30585.000 ns	      3057	80000b68	02ae3bb3	mulhu	x23,x28,x10	 x28:0x00000000 x10:0x00000001 x23=0x00000000
      30605.000 ns	      3059	80000b6c	010af6b3	and	x13,x21,x16	 x21:0xfffffa63 x16:0x80040fe4 x13=0x80040a60
      30615.000 ns	      3060	80000b70	c7411b97	auipc	x23,0xc7411	 x23=0x47411b70
      30625.000 ns	      3061	80000b74	00000013	addi	x0,x0,0	  x0:0x00000000
      30635.000 ns	      3062	80000b78	f6440b93	addi	x23,x8,-156	  x8:0x00000001 x23=0xffffff65
      30655.000 ns	      3064	80000b7c	a03f9e53	flt.s	x28,f31,f3	 f31:0x7fc00000  f3:0x00000001 x28=0x00000000
      30685.000 ns	      3067	80000b80	a04d2f53	feq.s	x30,f26,f4	 f26:0x00000040  f4:0x00000000 x30=0x00000000
      30705.000 ns	      3069	80000b84	afccc713	xori	x14,x25,-1284	 x25:0x00000000 x14=0xfffffafc
      30745.000 ns	      3073	80000b88	08bd7c53	fsub.s	f24,f26,f11	 f26:0x00000040 f11:0xf9af2af0 f24=0x79af2af0
      30775.000 ns	      3076	80000b8c	21428353	fsgnj.s	f6,f5,f20	  f5:0xc5000000 f20:0x80040fe1  f6=0xc5000000
      31145.000 ns	      3113	80000b90	02c76a33	rem	x20,x14,x12	 x14:0xfffffafc x12:0xfffffffd x20=0x00000000
      31175.000 ns	      3116	80000b94	a18c1053	flt.s	x0,f24,f24	 f24:0x79af2af0 f24:0x79af2af0
      31195.000 ns	      3118	80000b98	37b6a713	slti	x14,x13,891	 x13:0x80040a60 x14=0x00000001
      31205.000 ns	      3119	80000b9c	001bef33	or	x30,x23,x1	 x23:0xffffff65  x1:0x80040fe4 x30=0xffffffe5
      31215.000 ns	      3120	80000ba0	00f911b3	sll	x3,x18,x15	 x18:0x01000000 x15:0x00000000  x3=0x01000000
      31225.000 ns	      3121	80000ba4	41ce0233	sub	x4,x28,x28	 x28:0x00000000 x28:0x00000000  x4=0x00000000
      31245.000 ns	      3123	80000ba8	02b93733	mulhu	x14,x18,x11	 x18:0x01000000 x11:0x00000040 x14=0x00000000
      31275.000 ns	      3126	80000bac	038c9bb3	mulh	x23,x25,x24	 x25:0x00000000 x24:0x00000000 x23=0x00000000
      31295.000 ns	      3128	80000bb0	86df4013	xori	x0,x30,-1939	 x30:0xffffffe5
      31305.000 ns	      3129	80000bb4	01cbc233	xor	x4,x23,x28	 x23:0x00000000 x28:0x00000000  x4=0x00000000
      31325.000 ns	      3131	80000bb8	e00e9153	fclass.s	x2,f29	 f29:0x006e638a  x2=0x00000020
      31355.000 ns	      3134	80000bbc	29121653	fmax.s	f12,f4,f17	  f4:0x00000000 f17:0x00000000 f12=0x00000000
      31375.000 ns	      3136	80000bc0	00c15533	srl	x10,x2,x12	  x2:0x00000020 x12:0xfffffffd x10=0x00000000
      31385.000 ns	      3137	80000bc4	787f3e17	auipc	x28,0x787f3	 x28=0xf87f3bc4
      31405.000 ns	      3139	80000bc8	28af17d3	fmax.s	f15,f30,f10	 f30:0xb3b4b4b7 f10:0xffffffff f15=0xb3b4b4b7
      31435.000 ns	      3142	80000bcc	d0157853	fcvt.s.wu	f16,x10	 x10:0x00000000 f16=0x00000000
      31455.000 ns	      3144	80000bd0	755c3613	sltiu	x12,x24,1877	 x24:0x00000000 x12=0x00000001
      31465.000 ns	      3145	80000bd4	4077deb3	sra	x29,x15,x7	 x15:0x00000000  x7:0x00000000 x29=0x00000000
      31485.000 ns	      3147	80000bd8	02e11d33	mulh	x26,x2,x14	  x2:0x00000020 x14:0x00000000 x26=0x00000000
      31505.000 ns	      3149	80000bdc	820afd13	andi	x26,x21,-2016	 x21:0xfffffa63 x26=0xfffff820
      31525.000 ns	      3151	80000be0	021926b3	mulhsu	x13,x18,x1	 x18:0x01000000  x1:0x80040fe4 x13=0x0080040f
      31555.000 ns	      3154	80000be4	f0038453	fmv.w.x	f8,x7	  x7:0x00000000  f8=0x00000000
      31585.000 ns	      3157	80000be8	e0029353	fclass.s	x6,f5	  f5:0xc5000000  x6=0x00000002
      31615.000 ns	      3160	80000bec	a1b884d3	fle.s	x9,f17,f27	 f17:0x00000000 f27:0x4dfe0bc1  x9=0x00000001
      31635.000 ns	      3162	80000bf0	00dc6d33	or	x26,x24,x13	 x24:0x00000000 x13:0x0080040f x26=0x0080040f
      31655.000 ns	      3164	80000bf4	205d9553	fsgnjn.s	f10,f27,f5	 f27:0x4dfe0bc1  f5:0xc5000000 f10=0x4dfe0bc1
      31685.000 ns	      3167	80000bf8	03de13b3	mulh	x7,x28,x29	 x28:0xf87f3bc4 x29:0x00000000  x7=0x00000000
      31715.000 ns	      3170	80000bfc	a1dd1e53	flt.s	x28,f26,f29	 f26:0x00000040 f29:0x006e638a x28=0x00000001
      31745.000 ns	      3173	80000c00	20db13d3	fsgnjn.s	f7,f22,f13	 f22:0x7fc00000 f13:0x006e638a  f7=0xffc00000
      31775.000 ns	      3176	80000c04	d001c4d3	fcvt.s.w	f9,x3	  x3:0x01000000  f9=0x4b800000
      31805.000 ns	      3179	80000c08	29930653	fmin.s	f12,f6,f25	  f6:0xc5000000 f25:0x00000000 f12=0xc5000000
      31835.000 ns	      3182	80000c0c	c01d8753	fcvt.wu.s	x14,f27	 f27:0x4dfe0bc1 x14=0x1fc17820
      31865.000 ns	      3185	80000c10	c0039e53	fcvt.w.s	x28,f7	  f7:0xffc00000 x28=0x7fffffff
      31905.000 ns	      3189	80000c14	10ad9ad3	fmul.s	f21,f27,f10	 f27:0x4dfe0bc1 f10:0x4dfe0bc1 f21=0x5c7c1b53
      31935.000 ns	      3192	80000c18	c00f7053	fcvt.w.s	x0,f30	 f30:0xb3b4b4b7
      31965.000 ns	      3195	80000c1c	a14808d3	fle.s	x17,f16,f20	 f16:0x00000000 f20:0x80040fe1 x17=0x00000000
      31995.000 ns	      3198	80000c20	c00af653	fcvt.w.s	x12,f21	 f21:0x5c7c1b53 x12=0x7fffffff
      32035.000 ns	      3202	80000c24	58000cd3	fsqrt.s	f25,f0	  f0:0x7fc00000 f25=0x7fc00000
      32065.000 ns	      3205	80000c28	20da0a53	fsgnj.s	f20,f20,f13	 f20:0x80040fe1 f13:0x006e638a f20=0x00040fe1
      32095.000 ns	      3208	80000c2c	c01271d3	fcvt.wu.s	x3,f4	  f4:0x00000000  x3=0x00000000
      32115.000 ns	      3210	80000c30	65a95f97	auipc	x31,0x65a95	 x31=0xe5a95c30
      32125.000 ns	      3211	80000c34	8c87e093	ori	x1,x15,-1848	 x15:0x00000000  x1=0xfffff8c8
      32135.000 ns	      3212	80000c38	00f15013	srli	x0,x2,0xf	  x2:0x00000020
      32155.000 ns	      3214	80000c3c	020e9b33	mulh	x22,x29,x0	 x29:0x00000000  x0:0x00000000 x22=0x00000000
      32205.000 ns	      3219	80000c40	01947cd3	fadd.s	f25,f8,f25	  f8:0x00000000 f25:0x7fc00000 f25=0x7fc00000
      32225.000 ns	      3221	80000c44	01801313	slli	x6,x0,0x18	  x0:0x00000000  x6=0x00000000
      32235.000 ns	      3222	80000c48	6ab17493	andi	x9,x2,1707	  x2:0x00000020  x9=0x00000020
      32245.000 ns	      3223	80000c4c	01561f93	slli	x31,x12,0x15	 x12:0x7fffffff x31=0xffe00000
      32265.000 ns	      3225	80000c50	e00305d3	fmv.x.w	x11,f6	  f6:0xc5000000 x11=0xc5000000
      32295.000 ns	      3228	80000c54	02f42533	mulhsu	x10,x8,x15	  x8:0x00000001 x15:0x00000000 x10=0x00000000
      32325.000 ns	      3231	80000c58	023df5b3	remu	x11,x27,x3	 x27:0xf9af2af0  x3:0x00000000 x11=0xf9af2af0
      32355.000 ns	      3234	80000c5c	c015cf53	fcvt.wu.s	x30,f11	 f11:0xf9af2af0 x30=0x00000000
      32385.000 ns	      3237	80000c60	20572bd3	fsgnjx.s	f23,f14,f5	 f14:0x00000000  f5:0xc5000000 f23=0x80000000
      32415.000 ns	      3240	80000c64	02821cb3	mulh	x25,x4,x8	  x4:0x00000000  x8:0x00000001 x25=0x00000000
      32435.000 ns	      3242	80000c68	012387b3	add	x15,x7,x18	  x7:0x00000000 x18:0x01000000 x15=0x01000000
      32455.000 ns	      3244	80000c6c	e0019053	fclass.s	x0,f3	  f3:0x00000001
      32485.000 ns	      3247	80000c70	02b48d33	mul	x26,x9,x11	  x9:0x00000020 x11:0xf9af2af0 x26=0x35e55e00
      32855.000 ns	      3284	80000c74	029bec33	rem	x24,x23,x9	 x23:0x00000000  x9:0x00000020 x24=0x00000000
      32875.000 ns	      3286	80000c78	54d9bb93	sltiu	x23,x19,1357	 x19:0x00000000 x23=0x00000001
      32895.000 ns	      3288	80000c7c	0262d033	divu	x0,x5,x6	  x5:0x80041024  x6:0x00000000
      32925.000 ns	      3291	80000c80	296115d3	fmax.s	f11,f2,f22	  f2:0x7fc00000 f22:0x7fc00000 f11=0x7fc00000
      32955.000 ns	      3294	80000c84	03789533	mulh	x10,x17,x23	 x17:0x00000000 x23:0x00000001 x10=0x00000000
      32985.000 ns	      3297	80000c88	e0090a53	fmv.x.w	x20,f18	 f18:0x7fc00000 x20=0x7fc00000
      33005.000 ns	      3299	80000c8c	00496133	or	x2,x18,x4	 x18:0x01000000  x4:0x00000000  x2=0x01000000
      33025.000 ns	      3301	80000c90	218d9753	fsgnjn.s	f14,f27,f24	 f27:0x4dfe0bc1 f24:0x79af2af0 f14=0xcdfe0bc1
      33045.000 ns	      3303	80000c94	00867033	and	x0,x12,x8	 x12:0x7fffffff  x8:0x00000001
      33065.000 ns	      3305	80000c98	022125b3	mulhsu	x11,x2,x2	  x2:0x01000000  x2:0x01000000 x11=0x00010000
      33095.000 ns	      3308	80000c9c	f00f8f53	fmv.w.x	f30,x31	 x31:0xffe00000 f30=0xffe00000
      33115.000 ns	      3310	80000ca0	011d1e13	slli	x28,x26,0x11	 x26:0x35e55e00 x28=0xbc000000
      33125.000 ns	      3311	80000ca4	01f26433	or	x8,x4,x31	  x4:0x00000000 x31:0xffe00000  x8=0xffe00000
      33135.000 ns	      3312	80000ca8	5c3ffa13	andi	x20,x31,1475	 x31:0xffe00000 x20=0x00000000
      33145.000 ns	      3313	80000cac	40905e93	srai	x29,x0,0x9	  x0:0x00000000 x29=0x00000000
      33155.000 ns	      3314	80000cb0	00000013	addi	x0,x0,0	  x0:0x00000000
      33165.000 ns	      3315	80000cb4	01ea08b3	add	x17,x20,x30	 x20:0x00000000 x30:0x00000000 x17=0x00000000
      33195.000 ns	      3318	80000cb8	580282d3	fsqrt.s	f5,f5	  f5:0xc5000000  f5=0x7fc00000
      33215.000 ns	      3320	80000cbc	41518a33	sub	x20,x3,x21	  x3:0x00000000 x21:0xfffffa63 x20=0x0000059d
      33235.000 ns	      3322	80000cc0	03978733	mul	x14,x15,x25	 x15:0x01000000 x25:0x00000000 x14=0x00000000
      33255.000 ns	      3324	80000cc4	41075233	sra	x4,x14,x16	 x14:0x1fc17820 x16:0x80040fe4  x4=0x00000000
      33265.000 ns	      3325	80000cc8	864ae693	ori	x13,x21,-1948	 x21:0xfffffa63 x13=0xfffffa67
      33275.000 ns	      3326	80000ccc	00302333	slt	x6,x0,x3	  x0:0x00000000  x3:0x00000000  x6=0x00000000
      33305.000 ns	      3329	80000cd0	198b0ed3	fdiv.s	f29,f22,f24	 f22:0x7fc00000 f24:0x79af2af0 f29=0x7fc00000
      33335.000 ns	      3332	80000cd4	a1a813d3	flt.s	x7,f16,f26	 f16:0x00000000 f26:0x00000040  x7=0x00000001
      33365.000 ns	      3335	80000cd8	e00a0953	fmv.x.w	x18,f20	 f20:0x00040fe1 x18=0x00040fe1
      33395.000 ns	      3338	80000cdc	d004fbd3	fcvt.s.w	f23,x9	  x9:0x00000020 f23=0x42000000
      33765.000 ns	      3375	80000ce0	03b25eb3	divu	x29,x4,x27	  x4:0x00000000 x27:0xf9af2af0 x29=0x00000000
      33795.000 ns	      3378	80000ce4	d0133153	fcvt.s.wu	f2,x6	  x6:0x00000000  f2=0x00000000
      33845.000 ns	      3383	80000ce8	00bb3353	fadd.s	f6,f22,f11	 f22:0x7fc00000 f11:0x7fc00000  f6=0x7fc00000
      33865.000 ns	      3385	80000cec	01a963b3	or	x7,x18,x26	 x18:0x00040fe1 x26:0x35e55e00  x7=0x35e55fe1
      33875.000 ns	      3386	80000cf0	6ce2ebb7	lui	x23,0x6ce2e	 x23=0x6ce2e000
      33895.000 ns	      3388	80000cf4	20d91853	fsgnjn.s	f16,f18,f13	 f18:0x7fc00000 f13:0x006e638a f16=0xffc00000
      33925.000 ns	      3391	80000cf8	e0069153	fclass.s	x2,f13	 f13:0x006e638a  x2=0x00000020
      33945.000 ns	      3393	80000cfc	413bd233	sra	x4,x23,x19	 x23:0x6ce2e000 x19:0x00000000  x4=0x6ce2e000
      33965.000 ns	      3395	80000d00	a02f2ad3	feq.s	x21,f30,f2	 f30:0xffe00000  f2:0x00000000 x21=0x00000000
      33995.000 ns	      3398	80000d04	03617733	remu	x14,x2,x22	  x2:0x00000020 x22:0x00000000 x14=0x00000020
      34025.000 ns	      3401	80000d08	037c3533	mulhu	x10,x24,x23	 x24:0x00000000 x23:0x6ce2e000 x10=0x00000000
      34045.000 ns	      3403	80000d0c	e57cc993	xori	x19,x25,-425	 x25:0x00000000 x19=0xfffffe57
      34055.000 ns	      3404	80000d10	01614633	xor	x12,x2,x22	  x2:0x00000020 x22:0x00000000 x12=0x00000020
      34065.000 ns	      3405	80000d14	015df4b3	and	x9,x27,x21	 x27:0xf9af2af0 x21:0x00000000  x9=0x00000000
      34075.000 ns	      3406	80000d18	08826e93	ori	x29,x4,136	  x4:0x6ce2e000 x29=0x6ce2e088
      34085.000 ns	      3407	80000d1c	402cdb93	srai	x23,x25,0x2	 x25:0x00000000 x23=0x00000000
      34095.000 ns	      3408	80000d20	00000013	addi	x0,x0,0	  x0:0x00000000
      34105.000 ns	      3409	80000d24	5ba16313	ori	x6,x2,1466	  x2:0x00000020  x6=0x000005ba
      34115.000 ns	      3410	80000d28	9468b193	sltiu	x3,x17,-1722	 x17:0x00000000  x3=0x00000001
      34135.000 ns	      3412	80000d2c	03053cb3	mulhu	x25,x10,x16	 x10:0x00000000 x16:0x80040fe4 x25=0x00000000
      34165.000 ns	      3415	80000d30	d01eb353	fcvt.s.wu	f6,x29	 x29:0x6ce2e088  f6=0x4ed9c5c2
      34195.000 ns	      3418	80000d34	29228bd3	fmin.s	f23,f5,f18	  f5:0x7fc00000 f18:0x7fc00000 f23=0x7fc00000
      34215.000 ns	      3420	80000d38	72cf7593	andi	x11,x30,1836	 x30:0x00000000 x11=0x00000000
      34575.000 ns	      3456	80000d3c	024544b3	div	x9,x10,x4	 x10:0x00000000  x4:0x6ce2e000  x9=0x00000000
      34595.000 ns	      3458	80000d40	00d4f0b3	and	x1,x9,x13	  x9:0x00000000 x13:0xfffffa67  x1=0x00000000
      34625.000 ns	      3461	80000d44	1168f6d3	fmul.s	f13,f17,f22	 f17:0x00000000 f22:0x7fc00000 f13=0x7fc00000
      34655.000 ns	      3464	80000d48	d00e7e53	fcvt.s.w	f28,x28	 x28:0xbc000000 f28=0xce880000
      34675.000 ns	      3466	80000d4c	01e747b3	xor	x15,x14,x30	 x14:0x00000020 x30:0x00000000 x15=0x00000020
      34695.000 ns	      3468	80000d50	29dc8953	fmin.s	f18,f25,f29	 f25:0x7fc00000 f29:0x7fc00000 f18=0x7fc00000
      35065.000 ns	      3505	80000d54	02e06e33	rem	x28,x0,x14	  x0:0x00000000 x14:0x00000020 x28=0x00000000
      35095.000 ns	      3508	80000d58	d01ec8d3	fcvt.s.wu	f17,x29	 x29:0x6ce2e088 f17=0x4ed9c5c1
      35115.000 ns	      3510	80000d5c	e219cf13	xori	x30,x19,-479	 x19:0xfffffe57 x30=0x00000076
      35135.000 ns	      3512	80000d60	02abd5b3	divu	x11,x23,x10	 x23:0x00000000 x10:0x00000000 x11=0xffffffff
      35165.000 ns	      3515	80000d64	211298d3	fsgnjn.s	f17,f5,f17	  f5:0x7fc00000 f17:0x4ed9c5c1 f17=0xffc00000
      35185.000 ns	      3517	80000d68	eb26e913	ori	x18,x13,-334	 x13:0xfffffa67 x18=0xfffffef7
      35195.000 ns	      3518	80000d6c	00000013	addi	x0,x0,0	  x0:0x00000000
      35215.000 ns	      3520	80000d70	f00e0353	fmv.w.x	f6,x28	 x28:0x00000000  f6=0x00000000
      35235.000 ns	      3522	80000d74	ade338b7	lui	x17,0xade33	 x17=0xade33000
      35255.000 ns	      3524	80000d78	f0018353	fmv.w.x	f6,x3	  x3:0x00000001  f6=0x00000001
      35275.000 ns	      3526	80000d7c	77223493	sltiu	x9,x4,1906	  x4:0x6ce2e000  x9=0x00000000
      35295.000 ns	      3528	80000d80	29db80d3	fmin.s	f1,f23,f29	 f23:0x7fc00000 f29:0x7fc00000  f1=0x7fc00000
      35315.000 ns	      3530	80000d84	009690b3	sll	x1,x13,x9	 x13:0xfffffa67  x9:0x00000000  x1=0xfffffa67
      35335.000 ns	      3532	80000d88	210c09d3	fsgnj.s	f19,f24,f16	 f24:0x79af2af0 f16:0xffc00000 f19=0xf9af2af0
      35355.000 ns	      3534	80000d8c	84258693	addi	x13,x11,-1982	 x11:0xffffffff x13=0xfffff841
      35375.000 ns	      3536	80000d90	29c59ed3	fmax.s	f29,f11,f28	 f11:0x7fc00000 f28:0xce880000 f29=0xce880000
      35395.000 ns	      3538	80000d94	016523b3	slt	x7,x10,x22	 x10:0x00000000 x22:0x00000000  x7=0x00000000
      35405.000 ns	      3539	80000d98	418ad333	sra	x6,x21,x24	 x21:0x00000000 x24:0x00000000  x6=0x00000000
      35425.000 ns	      3541	80000d9c	02299033	mulh	x0,x19,x2	 x19:0xfffffe57  x2:0x00000020
      35455.000 ns	      3544	80000da0	a00c8bd3	fle.s	x23,f25,f0	 f25:0x7fc00000  f0:0x7fc00000 x23=0x00000000
      35825.000 ns	      3581	80000da4	02da7533	remu	x10,x20,x13	 x20:0x0000059d x13:0xfffff841 x10=0x0000059d
      35845.000 ns	      3583	80000da8	007d8d33	add	x26,x27,x7	 x27:0xf9af2af0  x7:0x00000000 x26=0xf9af2af0
      35855.000 ns	      3584	80000dac	01d1a4b3	slt	x9,x3,x29	  x3:0x00000001 x29:0x6ce2e088  x9=0x00000001
      35875.000 ns	      3586	80000db0	206daad3	fsgnjx.s	f21,f27,f6	 f27:0x4dfe0bc1  f6:0x00000001 f21=0x4dfe0bc1
      35895.000 ns	      3588	80000db4	012fa533	slt	x10,x31,x18	 x31:0xffe00000 x18:0xfffffef7 x10=0x00000001
      35915.000 ns	      3590	80000db8	0398ae33	mulhsu	x28,x17,x25	 x17:0xade33000 x25:0x00000000 x28=0x00000000
      35945.000 ns	      3593	80000dbc	02e0b1b3	mulhu	x3,x1,x14	  x1:0xfffffa67 x14:0x00000020  x3=0x0000001f
      35965.000 ns	      3595	80000dc0	b0dbb913	sltiu	x18,x23,-1267	 x23:0x00000000 x18=0x00000001
      35985.000 ns	      3597	80000dc4	a07a8ad3	fle.s	x21,f21,f7	 f21:0x4dfe0bc1  f7:0xffc00000 x21=0x00000000
      36005.000 ns	      3599	80000dc8	4c678713	addi	x14,x15,1222	 x15:0x00000020 x14=0x000004e6
      36365.000 ns	      3635	80000dcc	02ae51b3	divu	x3,x28,x10	 x28:0x00000000 x10:0x00000001  x3=0x00000000
      36385.000 ns	      3637	80000dd0	41ab07b3	sub	x15,x22,x26	 x22:0x00000000 x26:0xf9af2af0 x15=0x0650d510
      36405.000 ns	      3639	80000dd4	21929e53	fsgnjn.s	f28,f5,f25	  f5:0x7fc00000 f25:0x7fc00000 f28=0xffc00000
      36435.000 ns	      3642	80000dd8	c006fcd3	fcvt.w.s	x25,f13	 f13:0x7fc00000 x25=0x7fffffff
      36455.000 ns	      3644	80000ddc	c1683593	sltiu	x11,x16,-1002	 x16:0x80040fe4 x11=0x00000001
      36465.000 ns	      3645	80000de0	01011133	sll	x2,x2,x16	  x2:0x00000020 x16:0x80040fe4  x2=0x00000200
      36825.000 ns	      3681	80000de4	0345ceb3	div	x29,x11,x20	 x11:0xffffffff x20:0x0000059d x29=0x00000000
      36845.000 ns	      3683	80000de8	e0bb4e93	xori	x29,x22,-501	 x22:0x00000000 x29=0xfffffe0b
      37205.000 ns	      3719	80000dec	029ae3b3	rem	x7,x21,x9	 x21:0x00000000  x9:0x00000001  x7=0x00000000
      37225.000 ns	      3721	80000df0	1b2eab93	slti	x23,x29,434	 x29:0x00000000 x23=0x00000001
      37235.000 ns	      3722	80000df4	01ed5e13	srli	x28,x26,0x1e	 x26:0xf9af2af0 x28=0x00000003
      37245.000 ns	      3723	80000df8	41110fb3	sub	x31,x2,x17	  x2:0x00000200 x17:0xade33000 x31=0x521cd200
      37265.000 ns	      3725	80000dfc	c015f1d3	fcvt.wu.s	x3,f11	 f11:0x7fc00000  x3=0xffffffff
      37295.000 ns	      3728	80000e00	f0010753	fmv.w.x	f14,x2	  x2:0x00000200 f14=0x00000200
      37315.000 ns	      3730	80000e04	37642013	slti	x0,x8,886	  x8:0xffe00000
      37335.000 ns	      3732	80000e08	a04418d3	flt.s	x17,f8,f4	  f8:0x00000000  f4:0x00000000 x17=0x00000000
      37365.000 ns	      3735	80000e0c	a0c21353	flt.s	x6,f4,f12	  f4:0x00000000 f12:0xc5000000  x6=0x00000000
      37395.000 ns	      3738	80000e10	21819f53	fsgnjn.s	f30,f3,f24	  f3:0x00000001 f24:0x79af2af0 f30=0x80000001
      37415.000 ns	      3740	80000e14	0019e3b3	or	x7,x19,x1	 x19:0xfffffe57  x1:0xfffffa67  x7=0xfffffe77
      37435.000 ns	      3742	80000e18	034f9733	mulh	x14,x31,x20	 x31:0x521cd200 x20:0x0000059d x14=0x000001cc
      37455.000 ns	      3744	80000e1c	00000013	addi	x0,x0,0	  x0:0x00000000
      37475.000 ns	      3746	80000e20	d00ab953	fcvt.s.w	f18,x21	 x21:0x00000000 f18=0x00000000
      37495.000 ns	      3748	80000e24	5c392e93	slti	x29,x18,1475	 x18:0x00000001 x29=0x00000001
      37515.000 ns	      3750	80000e28	a048a653	feq.s	x12,f17,f4	 f17:0xffc00000  f4:0x00000000 x12=0x00000000
      37535.000 ns	      3752	80000e2c	00e1bcb3	sltu	x25,x3,x14	  x3:0xffffffff x14:0x000001cc x25=0x00000000
      37545.000 ns	      3753	80000e30	a71e4c13	xori	x24,x28,-1423	 x28:0x00000003 x24=0xfffffa72
      37555.000 ns	      3754	80000e34	009911b3	sll	x3,x18,x9	 x18:0x00000001  x9:0x00000001  x3=0x00000002
      37585.000 ns	      3757	80000e38	580b7ad3	fsqrt.s	f21,f22	 f22:0x7fc00000 f21=0x7fc00000
      37615.000 ns	      3760	80000e3c	031a8133	mul	x2,x21,x17	 x21:0x00000000 x17:0x00000000  x2=0x00000000
      37635.000 ns	      3762	80000e40	2f556237	lui	x4,0x2f556	  x4=0x2f556000
      37655.000 ns	      3764	80000e44	290f8353	fmin.s	f6,f31,f16	 f31:0x7fc00000 f16:0xffc00000  f6=0x7fc00000
      37675.000 ns	      3766	80000e48	e097c893	xori	x17,x15,-503	 x15:0x0650d510 x17=0xf9af2b19
      37685.000 ns	      3767	80000e4c	010529b3	slt	x19,x10,x16	 x10:0x00000001 x16:0x80040fe4 x19=0x00000000
      37695.000 ns	      3768	80000e50	017325b3	slt	x11,x6,x23	  x6:0x00000000 x23:0x00000001 x11=0x00000001
      37705.000 ns	      3769	80000e54	00000013	addi	x0,x0,0	  x0:0x00000000
      37715.000 ns	      3770	80000e58	acf90493	addi	x9,x18,-1329	 x18:0x00000001  x9=0xfffffad0
      37735.000 ns	      3772	80000e5c	027d9733	mulh	x14,x27,x7	 x27:0xf9af2af0  x7:0xfffffe77 x14=0x00000009
      37765.000 ns	      3775	80000e60	d0057b53	fcvt.s.w	f22,x10	 x10:0x00000001 f22=0x3f800000
      37815.000 ns	      3780	80000e64	097b7053	fsub.s	f0,f22,f23	 f22:0x7fc00000 f23:0x7fc00000  f0=0x7fc00000
      37845.000 ns	      3783	80000e68	034ebab3	mulhu	x21,x29,x20	 x29:0x00000001 x20:0x0000059d x21=0x00000000
      37895.000 ns	      3788	80000e6c	00db1f53	fadd.s	f30,f22,f13	 f22:0x3f800000 f13:0x7fc00000 f30=0x7fc00000
      37925.000 ns	      3791	80000e70	a04f19d3	flt.s	x19,f30,f4	 f30:0x80000001  f4:0x00000000 x19=0x00000000
      37955.000 ns	      3794	80000e74	a032a9d3	feq.s	x19,f5,f3	  f5:0x7fc00000  f3:0x00000001 x19=0x00000000
      37985.000 ns	      3797	80000e78	02dd2b33	mulhsu	x22,x26,x13	 x26:0xf9af2af0 x13:0xfffff841 x22=0xf9af2b20
      38005.000 ns	      3799	80000e7c	9bc14b13	xori	x22,x2,-1604	  x2:0x00000000 x22=0xfffff9bc
      39175.000 ns	      3916	80000e80	580a3753	fsqrt.s	f14,f20	 f20:0x00040fe1 f14=0x1f3ac30e
      39205.000 ns	      3919	80000e84	e00610d3	fclass.s	x1,f12	 f12:0xc5000000  x1=0x00000002
      39245.000 ns	      3923	80000e88	18d7fbd3	fdiv.s	f23,f15,f13	 f15:0xb3b4b4b7 f13:0x7fc00000 f23=0x7fc00000
      39265.000 ns	      3925	80000e8c	01030a33	add	x20,x6,x16	  x6:0x00000000 x16:0x80040fe4 x20=0x80040fe4
      39285.000 ns	      3927	80000e90	a06e2fd3	feq.s	x31,f28,f6	 f28:0xffc00000  f6:0x7fc00000 x31=0x00000000
      39305.000 ns	      3929	80000e94	00dd1713	slli	x14,x26,0xd	 x26:0xf9af2af0 x14=0xe55e0000
      39325.000 ns	      3931	80000e98	e0091e53	fclass.s	x28,f18	 f18:0x00000000 x28=0x00000010
      39345.000 ns	      3933	80000e9c	41d98eb3	sub	x29,x19,x29	 x19:0x00000000 x29:0x00000001 x29=0xffffffff
      39365.000 ns	      3935	80000ea0	c0021a53	fcvt.w.s	x20,f4	  f4:0x00000000 x20=0x00000000
      39395.000 ns	      3938	80000ea4	02081533	mulh	x10,x16,x0	 x16:0x80040fe4  x0:0x00000000 x10=0x00000000
      39765.000 ns	      3975	80000ea8	0386e6b3	rem	x13,x13,x24	 x13:0xfffff841 x24:0xfffffa72 x13=0xfffffdcf
      39795.000 ns	      3978	80000eac	293a1fd3	fmax.s	f31,f20,f19	 f20:0x00040fe1 f19:0xf9af2af0 f31=0x00040fe1
      39815.000 ns	      3980	80000eb0	010899b3	sll	x19,x17,x16	 x17:0xf9af2b19 x16:0x80040fe4 x19=0x9af2b190
      39825.000 ns	      3981	80000eb4	007737b3	sltu	x15,x14,x7	 x14:0xe55e0000  x7:0xfffffe77 x15=0x00000001
      39835.000 ns	      3982	80000eb8	00b2c6b3	xor	x13,x5,x11	  x5:0x80041024 x11:0x00000001 x13=0x80041025
      39845.000 ns	      3983	80000ebc	00072cb3	slt	x25,x14,x0	 x14:0xe55e0000  x0:0x00000000 x25=0x00000001
      39855.000 ns	      3984	80000ec0	005cda33	srl	x20,x25,x5	 x25:0x00000000  x5:0x80041024 x20=0x00000000
      41025.000 ns	      4101	80000ec4	580ff953	fsqrt.s	f18,f31	 f31:0x00040fe1 f18=0x1f3ac30e
      41065.000 ns	      4105	80000ec8	118f7dd3	fmul.s	f27,f30,f24	 f30:0x7fc00000 f24:0x79af2af0 f27=0x7fc00000
      41095.000 ns	      4108	80000ecc	2199a553	fsgnjx.s	f10,f19,f25	 f19:0xf9af2af0 f25:0x7fc00000 f10=0xf9af2af0
      41135.000 ns	      4112	80000ed0	11277653	fmul.s	f12,f14,f18	 f14:0x1f3ac30e f18:0x1f3ac30e f12=0x7f084005
      41165.000 ns	      4115	80000ed4	a1eba6d3	feq.s	x13,f23,f30	 f23:0x7fc00000 f30:0x7fc00000 x13=0x00000000
      41195.000 ns	      4118	80000ed8	0225a3b3	mulhsu	x7,x11,x2	 x11:0x00000001  x2:0x00000000  x7=0x00000000
      41235.000 ns	      4122	80000edc	19fbffd3	fdiv.s	f31,f23,f31	 f23:0x7fc00000 f31:0x00040fe1 f31=0x7fc00000
      41275.000 ns	      4126	80000ee0	110a7c53	fmul.s	f24,f20,f16	 f20:0x00040fe1 f16:0xffc00000 f24=0x7fc00000
      41305.000 ns	      4129	80000ee4	a05998d3	flt.s	x17,f19,f5	 f19:0xf9af2af0  f5:0x7fc00000 x17=0x00000000
      41335.000 ns	      4132	80000ee8	21b09153	fsgnjn.s	f2,f1,f27	  f1:0x7fc00000 f27:0x7fc00000  f2=0xffc00000
      41365.000 ns	      4135	80000eec	03c63733	mulhu	x14,x12,x28	 x12:0x00000000 x28:0x00000010 x14=0x00000000
      41385.000 ns	      4137	80000ef0	f6f78193	addi	x3,x15,-145	 x15:0x00000001  x3=0xffffff70
      41745.000 ns	      4173	80000ef4	03d860b3	rem	x1,x16,x29	 x16:0x80040fe4 x29:0xffffffff  x1=0x00000000
      41775.000 ns	      4176	80000ef8	035ccb33	div	x22,x25,x21	 x25:0x00000001 x21:0x00000000 x22=0xffffffff
      41795.000 ns	      4178	80000efc	01421413	slli	x8,x4,0x14	  x4:0x2f556000  x8=0x00000000
      41815.000 ns	      4180	80000f00	a1a509d3	fle.s	x19,f10,f26	 f10:0xf9af2af0 f26:0x00000040 x19=0x00000001
      41845.000 ns	      4183	80000f04	d002b8d3	fcvt.s.w	f17,x5	  x5:0x80041024 f17=0xcefff7e0
      41865.000 ns	      4185	80000f08	44bda613	slti	x12,x27,1099	 x27:0xf9af2af0 x12=0x00000001
      41885.000 ns	      4187	80000f0c	c00d7a53	fcvt.w.s	x20,f26	 f26:0x00000040 x20=0x00000000
      41905.000 ns	      4189	80000f10	19faa493	slti	x9,x21,415	 x21:0x00000000  x9=0x00000001
      41915.000 ns	      4190	80000f14	016fd113	srli	x2,x31,0x16	 x31:0x00000000  x2=0x00000000
      41925.000 ns	      4191	80000f18	00000013	addi	x0,x0,0	  x0:0x00000000
      41935.000 ns	      4192	80000f1c	00a9db13	srli	x22,x19,0xa	 x19:0x00000001 x22=0x00000000
      41945.000 ns	      4193	80000f20	406e5c93	srai	x25,x28,0x6	 x28:0x00000010 x25=0x00000000
      41965.000 ns	      4195	80000f24	025631b3	mulhu	x3,x12,x5	 x12:0x00000001  x5:0x80041024  x3=0x00000000
      41985.000 ns	      4197	80000f28	00cd3233	sltu	x4,x26,x12	 x26:0xf9af2af0 x12:0x00000001  x4=0x00000000
      41995.000 ns	      4198	80000f2c	40d05413	srai	x8,x0,0xd	  x0:0x00000000  x8=0x00000000
      42015.000 ns	      4200	80000f30	02373ab3	mulhu	x21,x14,x3	 x14:0x00000000  x3:0x00000000 x21=0x00000000
      42045.000 ns	      4203	80000f34	d01919d3	fcvt.s.wu	f19,x18	 x18:0x00000001 f19=0x3f800000
      42065.000 ns	      4205	80000f38	004486b3	add	x13,x9,x4	  x9:0x00000001  x4:0x00000000 x13=0x00000001
      42425.000 ns	      4241	80000f3c	038243b3	div	x7,x4,x24	  x4:0x00000000 x24:0xfffffa72  x7=0x00000000
      42455.000 ns	      4244	80000f40	a1e12253	feq.s	x4,f2,f30	  f2:0xffc00000 f30:0x7fc00000  x4=0x00000000
      42475.000 ns	      4246	80000f44	00a00fb3	add	x31,x0,x10	  x0:0x00000000 x10:0x00000000 x31=0x00000000
      42495.000 ns	      4248	80000f48	c00177d3	fcvt.w.s	x15,f2	  f2:0xffc00000 x15=0x7fffffff
      42545.000 ns	      4253	80000f4c	0189c5d3	fadd.s	f11,f19,f24	 f19:0x3f800000 f24:0x7fc00000 f11=0x7fc00000
      42575.000 ns	      4256	80000f50	034cf033	remu	x0,x25,x20	 x25:0x00000000 x20:0x00000000
      42605.000 ns	      4259	80000f54	c01db053	fcvt.wu.s	x0,f27	 f27:0x7fc00000
      42625.000 ns	      4261	80000f58	da62f513	andi	x10,x5,-602	  x5:0x80041024 x10=0x80041024
      42645.000 ns	      4263	80000f5c	21232853	fsgnjx.s	f16,f6,f18	  f6:0x7fc00000 f18:0x1f3ac30e f16=0x7fc00000
      42665.000 ns	      4265	80000f60	d831c093	xori	x1,x3,-637	  x3:0x00000000  x1=0xfffffd83
      42685.000 ns	      4267	80000f64	a17b0e53	fle.s	x28,f22,f23	 f22:0x3f800000 f23:0x7fc00000 x28=0x00000000
      42715.000 ns	      4270	80000f68	2053a253	fsgnjx.s	f4,f7,f5	  f7:0xffc00000  f5:0x7fc00000  f4=0xffc00000
      42735.000 ns	      4272	80000f6c	00000013	addi	x0,x0,0	  x0:0x00000000
      42755.000 ns	      4274	80000f70	21c388d3	fsgnj.s	f17,f7,f28	  f7:0xffc00000 f28:0xffc00000 f17=0xffc00000
      42775.000 ns	      4276	80000f74	00835f33	srl	x30,x6,x8	  x6:0x00000000  x8:0x00000000 x30=0x00000000
      42785.000 ns	      4277	80000f78	01e15413	srli	x8,x2,0x1e	  x2:0x00000000  x8=0x00000000
      42805.000 ns	      4279	80000f7c	21caacd3	fsgnjx.s	f25,f21,f28	 f21:0x7fc00000 f28:0xffc00000 f25=0xffc00000
      42835.000 ns	      4282	80000f80	c0117bd3	fcvt.wu.s	x23,f2	  f2:0xffc00000 x23=0xffffffff
      42855.000 ns	      4284	80000f84	018f5233	srl	x4,x30,x24	 x30:0x00000000 x24:0xfffffa72  x4=0x00000000
      42865.000 ns	      4285	80000f88	405f0fb3	sub	x31,x30,x5	 x30:0x00000000  x5:0x80041024 x31=0x7ffbefdc
      42895.000 ns	      4288	80000f8c	58010b53	fsqrt.s	f22,f2	  f2:0xffc00000 f22=0x7fc00000
      42925.000 ns	      4291	80000f90	29870dd3	fmin.s	f27,f14,f24	 f14:0x1f3ac30e f24:0x7fc00000 f27=0x1f3ac30e
      42945.000 ns	      4293	80000f94	25b04113	xori	x2,x0,603	  x0:0x00000000  x2=0x0000025b
      42965.000 ns	      4295	80000f98	21211bd3	fsgnjn.s	f23,f2,f18	  f2:0xffc00000 f18:0x1f3ac30e f23=0xffc00000
      42985.000 ns	      4297	80000f9c	00659913	slli	x18,x11,0x6	 x11:0x00000001 x18=0x00000040
      43005.000 ns	      4299	80000fa0	03b9bd33	mulhu	x26,x19,x27	 x19:0x00000001 x27:0xf9af2af0 x26=0x00000000
      43025.000 ns	      4301	80000fa4	42f9b093	sltiu	x1,x19,1071	 x19:0x00000001  x1=0x00000001
      43065.000 ns	      4305	80000fa8	0191f1d3	fadd.s	f3,f3,f25	  f3:0x00000001 f25:0xffc00000  f3=0x7fc00000
      43085.000 ns	      4307	80000fac	01a563b3	or	x7,x10,x26	 x10:0x80041024 x26:0x00000000  x7=0x80041024
      43105.000 ns	      4309	80000fb0	20940bd3	fsgnj.s	f23,f8,f9	  f8:0x00000000  f9:0x4b800000 f23=0x00000000
      43135.000 ns	      4312	80000fb4	034063b3	rem	x7,x0,x20	  x0:0x00000000 x20:0x00000000  x7=0x00000000
      43155.000 ns	      4314	80000fb8	0dd4cb93	xori	x23,x9,221	  x9:0x00000001 x23=0x000000dc
      43175.000 ns	      4316	80000fbc	205692d3	fsgnjn.s	f5,f13,f5	 f13:0x7fc00000  f5:0x7fc00000  f5=0xffc00000
      44035.000 ns	      4402	80000fc0	5809f153	fsqrt.s	f2,f19	 f19:0x3f800000  f2=0x3f8006aa
      44055.000 ns	      4404	80000fc4	d7560c13	addi	x24,x12,-651	 x12:0x00000001 x24=0xfffffd76
      44075.000 ns	      4406	80000fc8	a0d28953	fle.s	x18,f5,f13	  f5:0xffc00000 f13:0x7fc00000 x18=0x00000000
      44095.000 ns	      4408	80000fcc	005c5e33	srl	x28,x24,x5	 x24:0xfffffa72  x5:0x80041024 x28=0x0fffffd7
      44125.000 ns	      4411	80000fd0	580373d3	fsqrt.s	f7,f6	  f6:0x7fc00000  f7=0x7fc00000
      44145.000 ns	      4413	80000fd4	00a15993	srli	x19,x2,0xa	  x2:0x0000025b x19=0x00000000
      44155.000 ns	      4414	80000fd8	00f54fb3	xor	x31,x10,x15	 x10:0x80041024 x15:0x7fffffff x31=0xfffbefdb
      44185.000 ns	      4417	80000fdc	10d487d3	fmul.s	f15,f9,f13	  f9:0x4b800000 f13:0x7fc00000 f15=0x7fc00000
      44205.000 ns	      4419	80000fe0	01765ab3	srl	x21,x12,x23	 x12:0x00000001 x23:0x000000dc x21=0x00000000
      44215.000 ns	      4420	80000fe4	c0e84717	auipc	x14,0xc0e84	 x14=0x40e84fe4
      44575.000 ns	      4456	80000fe8	0295e3b3	rem	x7,x11,x9	 x11:0x00000001  x9:0x00000001  x7=0x00000000
      44605.000 ns	      4459	80000fec	e00416d3	fclass.s	x13,f8	  f8:0x00000000 x13=0x00000010
      44635.000 ns	      4462	80000ff0	a0cf9cd3	flt.s	x25,f31,f12	 f31:0x7fc00000 f12:0x7f084005 x25=0x00000000
      44665.000 ns	      4465	80000ff4	02794f33	div	x30,x18,x7	 x18:0x00000000  x7:0x00000000 x30=0xffffffff
      44695.000 ns	      4468	80000ff8	e00007d3	fmv.x.w	x15,f0	  f0:0x7fc00000 x15=0x7fc00000
      44725.000 ns	      4471	80000ffc	02822233	mulhsu	x4,x4,x8	  x4:0x00000000  x8:0x00000000  x4=0x00000000
      44745.000 ns	      4473	80001000	0130a033	slt	x0,x1,x19	  x1:0x00000001 x19:0x00000000
      44755.000 ns	      4474	80001004	01eac6b3	xor	x13,x21,x30	 x21:0x00000000 x30:0xffffffff x13=0xffffffff
      44765.000 ns	      4475	80001008	40a88333	sub	x6,x17,x10	 x17:0x00000000 x10:0x80041024  x6=0x7ffbefdc
      44775.000 ns	      4476	8000100c	4186dcb3	sra	x25,x13,x24	 x13:0x00000010 x24:0xfffffd76 x25=0xffffffff
      44785.000 ns	      4477	80001010	007b2eb3	slt	x29,x22,x7	 x22:0x00000000  x7:0x00000000 x29=0x00000000
      44805.000 ns	      4479	80001014	c00dc053	fcvt.w.s	x0,f27	 f27:0x1f3ac30e
      44825.000 ns	      4481	80001018	0176df33	srl	x30,x13,x23	 x13:0xffffffff x23:0x000000dc x30=0x0000000f
      44835.000 ns	      4482	8000101c	cbcf4493	xori	x9,x30,-836	 x30:0xffffffff  x9=0xfffffcb3
      44845.000 ns	      4483	80001020	40f108b3	sub	x17,x2,x15	  x2:0x0000025b x15:0x7fc00000 x17=0x8040025b
      44855.000 ns	      4484	80001024	40c008b3	sub	x17,x0,x12	  x0:0x00000000 x12:0x00000001 x17=0xffffffff
      44875.000 ns	      4486	80001028	0276c533	div	x10,x13,x7	 x13:0xffffffff  x7:0x00000000 x10=0xffffffff
      44895.000 ns	      4488	8000102c	00067b33	and	x22,x12,x0	 x12:0x00000001  x0:0x00000000 x22=0x00000000
      44915.000 ns	      4490	80001030	031c9a33	mulh	x20,x25,x17	 x25:0xffffffff x17:0xffffffff x20=0x00000000
      44935.000 ns	      4492	80001034	ad8b7e13	andi	x28,x22,-1320	 x22:0x00000000 x28=0x00000000
      44945.000 ns	      4493	80001038	1911b213	sltiu	x4,x3,401	  x3:0x00000000  x4=0x00000001
      44955.000 ns	      4494	8000103c	018ed013	srli	x0,x29,0x18	 x29:0x00000000
      44965.000 ns	      4495	80001040	00d1cfb3	xor	x31,x3,x13	  x3:0x00000000 x13:0xffffffff x31=0xffffffff
      44985.000 ns	      4497	80001044	d00046d3	fcvt.s.w	f13,x0	  x0:0x00000000 f13=0x00000000
      45005.000 ns	      4499	80001048	00000013	addi	x0,x0,0	  x0:0x00000000
      45025.000 ns	      4501	8000104c	a0e29ad3	flt.s	x21,f5,f14	  f5:0xffc00000 f14:0x1f3ac30e x21=0x00000000
      45055.000 ns	      4504	80001050	21700c53	fsgnj.s	f24,f0,f23	  f0:0x7fc00000 f23:0x00000000 f24=0x7fc00000
      45085.000 ns	      4507	80001054	a1b69f53	flt.s	x30,f13,f27	 f13:0x00000000 f27:0x1f3ac30e x30=0x00000001
      45115.000 ns	      4510	80001058	d00dae53	fcvt.s.w	f28,x27	 x27:0xf9af2af0 f28=0xccca1aa2
      45135.000 ns	      4512	8000105c	403f0333	sub	x6,x30,x3	 x30:0x00000001  x3:0x00000000  x6=0x00000001
      45145.000 ns	      4513	80001060	00000013	addi	x0,x0,0	  x0:0x00000000
      45155.000 ns	      4514	80001064	00549193	slli	x3,x9,0x5	  x9:0xfffffcb3  x3=0xffff9660
      45175.000 ns	      4516	80001068	a1131a53	flt.s	x20,f6,f17	  f6:0x7fc00000 f17:0xffc00000 x20=0x00000000
      45215.000 ns	      4520	8000106c	580e7b53	fsqrt.s	f22,f28	 f28:0xccca1aa2 f22=0x7fc00000
      45255.000 ns	      4524	80001070	1848f8d3	fdiv.s	f17,f17,f4	 f17:0xffc00000  f4:0xffc00000 f17=0x7fc00000
      45275.000 ns	      4526	80001074	898f0593	addi	x11,x30,-1896	 x30:0x00000001 x11=0xfffff899
      45285.000 ns	      4527	80001078	ae8a2c13	slti	x24,x20,-1304	 x20:0x00000000 x24=0x00000000
      45295.000 ns	      4528	8000107c	0137c133	xor	x2,x15,x19	 x15:0x7fc00000 x19:0x00000000  x2=0x7fc00000
      45305.000 ns	      4529	80001080	9af92537	lui	x10,0x9af92	 x10=0x9af92000
      45315.000 ns	      4530	80001084	60393793	sltiu	x15,x18,1539	 x18:0x00000000 x15=0x00000001
      45325.000 ns	      4531	80001088	00969f33	sll	x30,x13,x9	 x13:0xffffffff  x9:0xfffffcb3 x30=0xfff80000
      45345.000 ns	      4533	8000108c	28e189d3	fmin.s	f19,f3,f14	  f3:0x7fc00000 f14:0x1f3ac30e f19=0x1f3ac30e
      45395.000 ns	      4538	80001090	093eff53	fsub.s	f30,f29,f19	 f29:0xce880000 f19:0x3f800000 f30=0xce880000
      45425.000 ns	      4541	80001094	e0021cd3	fclass.s	x25,f4	  f4:0xffc00000 x25=0x00000200
      45455.000 ns	      4544	80001098	e00e1cd3	fclass.s	x25,f28	 f28:0xccca1aa2 x25=0x00000002
      45485.000 ns	      4547	8000109c	c010ba53	fcvt.wu.s	x20,f1	  f1:0x7fc00000 x20=0xffffffff
      45505.000 ns	      4549	800010a0	0110a9b3	slt	x19,x1,x17	  x1:0x00000001 x17:0xffffffff x19=0x00000000
      45515.000 ns	      4550	800010a4	00ad98b3	sll	x17,x27,x10	 x27:0xf9af2af0 x10:0x9af92000 x17=0xf9af2af0
      45535.000 ns	      4552	800010a8	d00c92d3	fcvt.s.w	f5,x25	 x25:0x00000002  f5=0x40000000
      45555.000 ns	      4554	800010ac	1f8ca893	slti	x17,x25,504	 x25:0x00000002 x17=0x00000001
      45575.000 ns	      4556	800010b0	293a9c53	fmax.s	f24,f21,f19	 f21:0x7fc00000 f19:0x1f3ac30e f24=0x1f3ac30e
      45595.000 ns	      4558	800010b4	41c9d793	srai	x15,x19,0x1c	 x19:0x00000000 x15=0x00000000
      45605.000 ns	      4559	800010b8	41620eb3	sub	x29,x4,x22	  x4:0x00000001 x22:0x00000000 x29=0x00000001
      45615.000 ns	      4560	800010bc	73ff0613	addi	x12,x30,1855	 x30:0xfff80000 x12=0xfff8073f
      45635.000 ns	      4562	800010c0	a1e0afd3	feq.s	x31,f1,f30	  f1:0x7fc00000 f30:0xce880000 x31=0x00000000
      45655.000 ns	      4564	800010c4	0dc4c593	xori	x11,x9,220	  x9:0xfffffcb3 x11=0xfffffc6f
      45675.000 ns	      4566	800010c8	c01c1653	fcvt.wu.s	x12,f24	 f24:0x1f3ac30e x12=0x00000000
      45705.000 ns	      4569	800010cc	027a0533	mul	x10,x20,x7	 x20:0xffffffff  x7:0x00000000 x10=0x00000000
      45725.000 ns	      4571	800010d0	b1e81d37	lui	x26,0xb1e81	 x26=0xb1e81000
      45735.000 ns	      4572	800010d4	2e75d6b7	lui	x13,0x2e75d	 x13=0x2e75d000
      45745.000 ns	      4573	800010d8	b4775f37	lui	x30,0xb4775	 x30=0xb4775000
      45755.000 ns	      4574	800010dc	40505613	srai	x12,x0,0x5	  x0:0x00000000 x12=0x00000000
      45775.000 ns	      4576	800010e0	a1e29053	flt.s	x0,f5,f30	  f5:0x40000000 f30:0xce880000
      45805.000 ns	      4579	800010e4	e0041ad3	fclass.s	x21,f8	  f8:0x00000000 x21=0x00000010
      45835.000 ns	      4582	800010e8	c003c6d3	fcvt.w.s	x13,f7	  f7:0x7fc00000 x13=0x7fffffff
      45855.000 ns	      4584	800010ec	0010cd33	xor	x26,x1,x1	  x1:0x00000001  x1:0x00000001 x26=0x00000000
      45865.000 ns	      4585	800010f0	41ff84b3	sub	x9,x31,x31	 x31:0x00000000 x31:0x00000000  x9=0x00000000
      45885.000 ns	      4587	800010f4	020ae233	rem	x4,x21,x0	 x21:0x00000010  x0:0x00000000  x4=0x00000010
      45915.000 ns	      4590	800010f8	039ba433	mulhsu	x8,x23,x25	 x23:0x000000dc x25:0x00000002  x8=0x00000000
      45935.000 ns	      4592	800010fc	0035d613	srli	x12,x11,0x3	 x11:0xfffffc6f x12=0x1fffff8d
      45945.000 ns	      4593	80001100	010897b3	sll	x15,x17,x16	 x17:0x00000001 x16:0x80040fe4 x15=0x00000010
      45965.000 ns	      4595	80001104	c00c8753	fcvt.w.s	x14,f25	 f25:0xffc00000 x14=0x7fffffff
      45995.000 ns	      4598	80001108	02439933	mulh	x18,x7,x4	  x7:0x00000000  x4:0x00000010 x18=0x00000000
      46015.000 ns	      4600	8000110c	017e91b3	sll	x3,x29,x23	 x29:0x00000001 x23:0x000000dc  x3=0x10000000
      46035.000 ns	      4602	80001110	a08b27d3	feq.s	x15,f22,f8	 f22:0x7fc00000  f8:0x00000000 x15=0x00000000
      46065.000 ns	      4605	80001114	29c20ed3	fmin.s	f29,f4,f28	  f4:0xffc00000 f28:0xccca1aa2 f29=0xccca1aa2
      46085.000 ns	      4607	80001118	e8428a13	addi	x20,x5,-380	  x5:0x80041024 x20=0x80040ea8
      46105.000 ns	      4609	8000111c	03e127b3	mulhsu	x15,x2,x30	  x2:0x7fc00000 x30:0xb4775000 x15=0x5a0e8a2c
      46125.000 ns	      4611	80001120	3421aa37	lui	x20,0x3421a	 x20=0x3421a000
      46135.000 ns	      4612	80001124	cbe1c693	xori	x13,x3,-834	  x3:0x10000000 x13=0xeffffcbe
      46155.000 ns	      4614	80001128	e00f1ad3	fclass.s	x21,f30	 f30:0xce880000 x21=0x00000002
      46525.000 ns	      4651	8000112c	023fdeb3	divu	x29,x31,x3	 x31:0x00000000  x3:0x10000000 x29=0x00000000
      46545.000 ns	      4653	80001130	01920733	add	x14,x4,x25	  x4:0x00000010 x25:0x00000002 x14=0x00000012
      46565.000 ns	      4655	80001134	e00008d3	fmv.x.w	x17,f0	  f0:0x7fc00000 x17=0x7fc00000
      46595.000 ns	      4658	80001138	29b111d3	fmax.s	f3,f2,f27	  f2:0x3f8006aa f27:0x1f3ac30e  f3=0x3f8006aa
      46625.000 ns	      4661	8000113c	a1221bd3	flt.s	x23,f4,f18	  f4:0xffc00000 f18:0x1f3ac30e x23=0x00000000
      46645.000 ns	      4663	80001140	ca688093	addi	x1,x17,-858	 x17:0x7fc00000  x1=0x7fbffca6
      46655.000 ns	      4664	80001144	ea138b93	addi	x23,x7,-351	  x7:0x00000000 x23=0xfffffea1
      47015.000 ns	      4700	80001148	02e1d133	divu	x2,x3,x14	  x3:0x10000000 x14:0x00000012  x2=0x00e38e38
      47035.000 ns	      4702	8000114c	007241b3	xor	x3,x4,x7	  x4:0x00000010  x7:0x00000000  x3=0x00000010
      47055.000 ns	      4704	80001150	2124a7d3	fsgnjx.s	f15,f9,f18	  f9:0x4b800000 f18:0x1f3ac30e f15=0x4b800000
      47075.000 ns	      4706	80001154	00233033	sltu	x0,x6,x2	  x6:0x00000001  x2:0x00e38e38
      47085.000 ns	      4707	80001158	010cf933	and	x18,x25,x16	 x25:0x00000002 x16:0x80040fe4 x18=0x00000000
      47095.000 ns	      4708	8000115c	40d80233	sub	x4,x16,x13	 x16:0x80040fe4 x13:0xeffffcbe  x4=0x90041326
      47115.000 ns	      4710	80001160	28b98753	fmin.s	f14,f19,f11	 f19:0x1f3ac30e f11:0x7fc00000 f14=0x1f3ac30e
      47145.000 ns	      4713	80001164	d01b9ed3	fcvt.s.wu	f29,x23	 x23:0xfffffea1 f29=0x4f7ffffe
      47175.000 ns	      4716	80001168	287283d3	fmin.s	f7,f5,f7	  f5:0x40000000  f7:0x7fc00000  f7=0x40000000
      47195.000 ns	      4718	8000116c	407250b3	sra	x1,x4,x7	  x4:0x90041326  x7:0x00000000  x1=0x90041326
      47215.000 ns	      4720	80001170	03f8f633	remu	x12,x17,x31	 x17:0x7fc00000 x31:0x00000000 x12=0x7fc00000
      47245.000 ns	      4723	80001174	a0a68cd3	fle.s	x25,f13,f10	 f13:0x00000000 f10:0xf9af2af0 x25=0x00000000
      47275.000 ns	      4726	80001178	20b795d3	fsgnjn.s	f11,f15,f11	 f15:0x4b800000 f11:0x7fc00000 f11=0xcb800000
      47305.000 ns	      4729	8000117c	c01e7153	fcvt.wu.s	x2,f28	 f28:0xccca1aa2  x2=0x0650d510
      47335.000 ns	      4732	80001180	c019f1d3	fcvt.wu.s	x3,f19	 f19:0x1f3ac30e  x3=0x00000000
      47365.000 ns	      4735	80001184	21f92653	fsgnjx.s	f12,f18,f31	 f18:0x1f3ac30e f31:0x7fc00000 f12=0x1f3ac30e
      47395.000 ns	      4738	80001188	e0099953	fclass.s	x18,f19	 f19:0x1f3ac30e x18=0x00000040
      47425.000 ns	      4741	8000118c	d018c353	fcvt.s.wu	f6,x17	 x17:0x7fc00000  f6=0x4eff8000
      47445.000 ns	      4743	80001190	00aac733	xor	x14,x21,x10	 x21:0x00000002 x10:0x00000000 x14=0x00000002
      47455.000 ns	      4744	80001194	409a2993	slti	x19,x20,1033	 x20:0x3421a000 x19=0x00000000
      47475.000 ns	      4746	80001198	219207d3	fsgnj.s	f15,f4,f25	  f4:0xffc00000 f25:0xffc00000 f15=0xffc00000
      47525.000 ns	      4751	8000119c	00922b53	fadd.s	f22,f4,f9	  f4:0xffc00000  f9:0x4b800000 f22=0x7fc00000
      47555.000 ns	      4754	800011a0	f00c81d3	fmv.w.x	f3,x25	 x25:0x00000000  f3=0x00000000
      47585.000 ns	      4757	800011a4	d000f8d3	fcvt.s.w	f17,x1	  x1:0x90041326 f17=0xcedff7d9
      47955.000 ns	      4794	800011a8	02d17fb3	remu	x31,x2,x13	  x2:0x0650d510 x13:0xeffffcbe x31=0x0650d510
      47985.000 ns	      4797	800011ac	c011f053	fcvt.wu.s	x0,f3	  f3:0x00000000
      48015.000 ns	      4800	800011b0	0277d7b3	divu	x15,x15,x7	 x15:0x5a0e8a2c  x7:0x00000000 x15=0xffffffff
      48055.000 ns	      4804	800011b4	11dff953	fmul.s	f18,f31,f29	 f31:0x7fc00000 f29:0x4f7ffffe f18=0x7fc00000
      48085.000 ns	      4807	800011b8	e0038553	fmv.x.w	x10,f7	  f7:0x40000000 x10=0x40000000
      48115.000 ns	      4810	800011bc	f00f0d53	fmv.w.x	f26,x30	 x30:0xb4775000 f26=0xb4775000
      48135.000 ns	      4812	800011c0	001888b3	add	x17,x17,x1	 x17:0x7fc00000  x1:0x90041326 x17=0x0fc41326
      48175.000 ns	      4816	800011c4	0975f2d3	fsub.s	f5,f11,f23	 f11:0xcb800000 f23:0x00000000  f5=0xcb800000
      48215.000 ns	      4820	800011c8	5806f553	fsqrt.s	f10,f13	 f13:0x00000000 f10=0x00000000
      48235.000 ns	      4822	800011cc	004fdb13	srli	x22,x31,0x4	 x31:0x0650d510 x22=0x00650d51
      48245.000 ns	      4823	800011d0	00000013	addi	x0,x0,0	  x0:0x00000000
      48255.000 ns	      4824	800011d4	01811393	slli	x7,x2,0x18	  x2:0x0650d510  x7=0x10000000
      48265.000 ns	      4825	800011d8	40d5db33	sra	x22,x11,x13	 x11:0xfffffc6f x13:0xeffffcbe x22=0xffffffff
      48285.000 ns	      4827	800011dc	e0079d53	fclass.s	x26,f15	 f15:0xffc00000 x26=0x00000200
      48315.000 ns	      4830	800011e0	e00788d3	fmv.x.w	x17,f15	 f15:0xffc00000 x17=0xffc00000
      48335.000 ns	      4832	800011e4	0109bd33	sltu	x26,x19,x16	 x19:0x00000000 x16:0x80040fe4 x26=0x00000001
      48345.000 ns	      4833	800011e8	017261b3	or	x3,x4,x23	  x4:0x90041326 x23:0xfffffea1  x3=0xffffffa7
      48355.000 ns	      4834	800011ec	00cfdbb3	srl	x23,x31,x12	 x31:0x0650d510 x12:0x7fc00000 x23=0x0650d510
      48375.000 ns	      4836	800011f0	02cf3ab3	mulhu	x21,x30,x12	 x30:0xb4775000 x12:0x7fc00000 x21=0x5a0e8a2c
      48395.000 ns	      4838	800011f4	00ba2e33	slt	x28,x20,x11	 x20:0x3421a000 x11:0xfffffc6f x28=0x00000000
      48415.000 ns	      4840	800011f8	e00296d3	fclass.s	x13,f5	  f5:0xcb800000 x13=0x00000002
      48445.000 ns	      4843	800011fc	c0013b53	fcvt.w.s	x22,f2	  f2:0x3f8006aa x22=0x00000002
      48465.000 ns	      4845	80001200	41c35f33	sra	x30,x6,x28	  x6:0x00000001 x28:0x00000000 x30=0x00000001
      48475.000 ns	      4846	80001204	01599413	slli	x8,x19,0x15	 x19:0x00000000  x8=0x00000000
      48485.000 ns	      4847	80001208	00fe8cb3	add	x25,x29,x15	 x29:0x00000000 x15:0xffffffff x25=0xffffffff
      48495.000 ns	      4848	8000120c	01239a93	slli	x21,x7,0x12	  x7:0x10000000 x21=0x00000000
      48505.000 ns	      4849	80001210	00095793	srli	x15,x18,0x0	 x18:0x00000040 x15=0x00000040
      48525.000 ns	      4851	80001214	a137a6d3	feq.s	x13,f15,f19	 f15:0xffc00000 f19:0x1f3ac30e x13=0x00000000
      48545.000 ns	      4853	80001218	3e10cc17	auipc	x24,0x3e10c	 x24=0xbe10d218
      48555.000 ns	      4854	8000121c	00e308b3	add	x17,x6,x14	  x6:0x00000001 x14:0x00000002 x17=0x00000003
      48575.000 ns	      4856	80001220	e00305d3	fmv.x.w	x11,f6	  f6:0x4eff8000 x11=0x4eff8000
      48595.000 ns	      4858	80001224	7d40a493	slti	x9,x1,2004	  x1:0x90041326  x9=0x00000001
      48615.000 ns	      4860	80001228	291e93d3	fmax.s	f7,f29,f17	 f29:0x4f7ffffe f17:0xcedff7d9  f7=0x4f7ffffe
      48635.000 ns	      4862	8000122c	73222b97	auipc	x23,0x73222	 x23=0xf322322c
      48645.000 ns	      4863	80001230	2461b513	sltiu	x10,x3,582	  x3:0xffffffa7 x10=0x00000000
      48655.000 ns	      4864	80001234	bd77fd13	andi	x26,x15,-1065	 x15:0x00000040 x26=0x00000040
      48665.000 ns	      4865	80001238	00029793	slli	x15,x5,0x0	  x5:0x80041024 x15=0x80041024
      48675.000 ns	      4866	8000123c	01be4933	xor	x18,x28,x27	 x28:0x00000000 x27:0xf9af2af0 x18=0xf9af2af0
      48695.000 ns	      4868	80001240	02d12cb3	mulhsu	x25,x2,x13	  x2:0x0650d510 x13:0x00000000 x25=0x00000000
      48715.000 ns	      4870	80001244	00549893	slli	x17,x9,0x5	  x9:0x00000001 x17=0x00000020
      48725.000 ns	      4871	80001248	01e315b3	sll	x11,x6,x30	  x6:0x00000001 x30:0x00000001 x11=0x00000002
      48735.000 ns	      4872	8000124c	2a39e013	ori	x0,x19,675	 x19:0x00000000
      48745.000 ns	      4873	80001250	016c1ab3	sll	x21,x24,x22	 x24:0xbe10d218 x22:0x00000002 x21=0xf8434860
      48765.000 ns	      4875	80001254	29c99d53	fmax.s	f26,f19,f28	 f19:0x1f3ac30e f28:0xccca1aa2 f26=0x1f3ac30e
      48795.000 ns	      4878	80001258	294991d3	fmax.s	f3,f19,f20	 f19:0x1f3ac30e f20:0x00040fe1  f3=0x1f3ac30e
      48815.000 ns	      4880	8000125c	013fb233	sltu	x4,x31,x19	 x31:0x0650d510 x19:0x00000000  x4=0x00000000
      48825.000 ns	      4881	80001260	28607393	andi	x7,x0,646	  x0:0x00000000  x7=0x00000000
      48835.000 ns	      4882	80001264	41bd5393	srai	x7,x26,0x1b	 x26:0x00000040  x7=0x00000000
      48845.000 ns	      4883	80001268	01debfb3	sltu	x31,x29,x29	 x29:0x00000000 x29:0x00000000 x31=0x00000000
      48855.000 ns	      4884	8000126c	0035ebb3	or	x23,x11,x3	 x11:0x00000002  x3:0xffffffa7 x23=0xffffffa7
      48865.000 ns	      4885	80001270	011235b3	sltu	x11,x4,x17	  x4:0x00000000 x17:0x00000020 x11=0x00000001
      48875.000 ns	      4886	80001274	92507cb7	lui	x25,0x92507	 x25=0x92507000
      48885.000 ns	      4887	80001278	01a54a33	xor	x20,x10,x26	 x10:0x00000000 x26:0x00000040 x20=0x00000040
      48905.000 ns	      4889	8000127c	c01f7ad3	fcvt.wu.s	x21,f30	 f30:0xce880000 x21=0x44000000
      48935.000 ns	      4892	80001280	d00bf2d3	fcvt.s.w	f5,x23	 x23:0xffffffa7  f5=0xc2b20000
      48965.000 ns	      4895	80001284	e0049a53	fclass.s	x20,f9	  f9:0x4b800000 x20=0x00000040
      48995.000 ns	      4898	80001288	d016f753	fcvt.s.wu	f14,x13	 x13:0x00000000 f14=0x00000000
      49025.000 ns	      4901	8000128c	214ea1d3	fsgnjx.s	f3,f29,f20	 f29:0x4f7ffffe f20:0x00040fe1  f3=0x4f7ffffe
      49055.000 ns	      4904	80001290	f00d0c53	fmv.w.x	f24,x26	 x26:0x00000040 f24=0x00000040
      49085.000 ns	      4907	80001294	d01510d3	fcvt.s.wu	f1,x10	 x10:0x00000000  f1=0x00000000
      49115.000 ns	      4910	80001298	02a5f133	remu	x2,x11,x10	 x11:0x00000001 x10:0x00000000  x2=0x00000001
      49145.000 ns	      4913	8000129c	02d550b3	divu	x1,x10,x13	 x10:0x00000000 x13:0x00000000  x1=0xffffffff
      49175.000 ns	      4916	800012a0	020ca6b3	mulhsu	x13,x25,x0	 x25:0x92507000  x0:0x00000000 x13=0x00000000
      49225.000 ns	      4921	800012a4	00b3fc53	fadd.s	f24,f7,f11	  f7:0x4f7ffffe f11:0xcb800000 f24=0x4f7efffe
      49255.000 ns	      4924	800012a8	03e6a133	mulhsu	x2,x13,x30	 x13:0x00000000 x30:0x00000001  x2=0x00000000
      49305.000 ns	      4929	800012ac	0978bb53	fsub.s	f22,f17,f23	 f17:0xcedff7d9 f23:0x00000000 f22=0xcedff7d9
      49325.000 ns	      4931	800012b0	0131e9b3	or	x19,x3,x19	  x3:0xffffffa7 x19:0x00000000 x19=0xffffffa7
      49335.000 ns	      4932	800012b4	97cfb893	sltiu	x17,x31,-1668	 x31:0x00000000 x17=0x00000001
      49355.000 ns	      4934	800012b8	c01f91d3	fcvt.wu.s	x3,f31	 f31:0x7fc00000  x3=0xffffffff
      49385.000 ns	      4937	800012bc	a05d83d3	fle.s	x7,f27,f5	 f27:0x1f3ac30e  f5:0xc2b20000  x7=0x00000000
      49405.000 ns	      4939	800012c0	402e5d13	srai	x26,x28,0x2	 x28:0x00000000 x26=0x00000000
      49415.000 ns	      4940	800012c4	00b15a93	srli	x21,x2,0xb	  x2:0x00000000 x21=0x00000000
      49455.000 ns	      4944	800012c8	08d4c8d3	fsub.s	f17,f9,f13	  f9:0x4b800000 f13:0x00000000 f17=0x4b800000
      49485.000 ns	      4947	800012cc	21038553	fsgnj.s	f10,f7,f16	  f7:0x4f7ffffe f16:0x7fc00000 f10=0x4f7ffffe
      49535.000 ns	      4952	800012d0	08a17d53	fsub.s	f26,f2,f10	  f2:0x3f8006aa f10:0x00000000 f26=0xcf7ffffd
      49555.000 ns	      4954	800012d4	4105da13	srai	x20,x11,0x10	 x11:0x00000001 x20=0x00000000
      49575.000 ns	      4956	800012d8	20ea0ad3	fsgnj.s	f21,f20,f14	 f20:0x00040fe1 f14:0x00000000 f21=0x00040fe1
      49595.000 ns	      4958	800012dc	6d9ba013	slti	x0,x23,1753	 x23:0xffffffa7
      49605.000 ns	      4959	800012e0	54d53993	sltiu	x19,x10,1357	 x10:0x00000000 x19=0x00000001
      49615.000 ns	      4960	800012e4	014bdb13	srli	x22,x23,0x14	 x23:0xffffffa7 x22=0x00000fff
      49625.000 ns	      4961	800012e8	fdc38b13	addi	x22,x7,-36	  x7:0x00000000 x22=0xffffffdc
      49655.000 ns	      4964	800012ec	580bfdd3	fsqrt.s	f27,f23	 f23:0x00000000 f27=0x00000000
      49685.000 ns	      4967	800012f0	a0e52ad3	feq.s	x21,f10,f14	 f10:0x4f7ffffe f14:0x00000000 x21=0x00000000
      50055.000 ns	      5004	800012f4	037dd933	divu	x18,x27,x23	 x27:0xf9af2af0 x23:0xffffffa7 x18=0x00000000
      50085.000 ns	      5007	800012f8	e00a8453	fmv.x.w	x8,f21	 f21:0x00040fe1  x8=0x00040fe1
      50105.000 ns	      5009	800012fc	01a264b3	or	x9,x4,x26	  x4:0x00000000 x26:0x00000000  x9=0x00000000
      50125.000 ns	      5011	80001300	c00603d3	fcvt.w.s	x7,f12	 f12:0x1f3ac30e  x7=0x00000000
      50155.000 ns	      5014	80001304	03dead33	mulhsu	x26,x29,x29	 x29:0x00000000 x29:0x00000000 x26=0x00000000
      50175.000 ns	      5016	80001308	0a887413	andi	x8,x16,168	 x16:0x80040fe4  x8=0x000000a0
      50185.000 ns	      5017	8000130c	40d95d33	sra	x26,x18,x13	 x18:0x00000000 x13:0x00000000 x26=0x00000000
      50195.000 ns	      5018	80001310	b9518713	addi	x14,x3,-1131	  x3:0xffffffff x14=0xfffffb94
      50205.000 ns	      5019	80001314	01775f33	srl	x30,x14,x23	 x14:0x00000002 x23:0xffffffa7 x30=0x01fffff7
      50245.000 ns	      5023	80001318	08f3fa53	fsub.s	f20,f7,f15	  f7:0x4f7ffffe f15:0xffc00000 f20=0x7fc00000
      50275.000 ns	      5026	8000131c	29d18bd3	fmin.s	f23,f3,f29	  f3:0x4f7ffffe f29:0x4f7ffffe f23=0x4f7ffffe
      50295.000 ns	      5028	80001320	4e855d17	auipc	x26,0x4e855	 x26=0xce856320
      50315.000 ns	      5030	80001324	28179653	fmax.s	f12,f15,f1	 f15:0xffc00000  f1:0x00000000 f12=0x00000000
      50345.000 ns	      5033	80001328	a079a8d3	feq.s	x17,f19,f7	 f19:0x1f3ac30e  f7:0x4f7ffffe x17=0x00000000
      50365.000 ns	      5035	8000132c	0105ebb3	or	x23,x11,x16	 x11:0x00000001 x16:0x80040fe4 x23=0x80040fe5
      50375.000 ns	      5036	80001330	01b0d093	srli	x1,x1,0x1b	  x1:0xffffffff  x1=0x0000001f
      50385.000 ns	      5037	80001334	8b714093	xori	x1,x2,-1865	  x2:0x00000000  x1=0xfffff8b7
      50405.000 ns	      5039	80001338	0345c4b3	div	x9,x11,x20	 x11:0x00000001 x20:0x00000000  x9=0xffffffff
      50425.000 ns	      5041	8000133c	00e53b33	sltu	x22,x10,x14	 x10:0x00000000 x14:0xfffffb94 x22=0x00000001
      50435.000 ns	      5042	80001340	41998133	sub	x2,x19,x25	 x19:0x00000001 x25:0x92507000  x2=0x6daf9001
      50445.000 ns	      5043	80001344	a185a593	slti	x11,x11,-1512	 x11:0x00000001 x11=0x00000000
      50465.000 ns	      5045	80001348	0312cbb3	div	x23,x5,x17	  x5:0x80041024 x17:0x00000000 x23=0xffffffff
      50485.000 ns	      5047	8000134c	70f14213	xori	x4,x2,1807	  x2:0x6daf9001  x4=0x6daf970e
      50495.000 ns	      5048	80001350	01e60133	add	x2,x12,x30	 x12:0x7fc00000 x30:0x01fffff7  x2=0x81bffff7
      50505.000 ns	      5049	80001354	01afc733	xor	x14,x31,x26	 x31:0x00000000 x26:0xce856320 x14=0xce856320
      50525.000 ns	      5051	80001358	03e88eb3	mul	x29,x17,x30	 x17:0x00000000 x30:0x01fffff7 x29=0x00000000
      50555.000 ns	      5054	8000135c	20650753	fsgnj.s	f14,f10,f6	 f10:0x4f7ffffe  f6:0x4eff8000 f14=0x4f7ffffe
      50585.000 ns	      5057	80001360	208f1a53	fsgnjn.s	f20,f30,f8	 f30:0xce880000  f8:0x00000000 f20=0xce880000
      50615.000 ns	      5060	80001364	027a8933	mul	x18,x21,x7	 x21:0x00000000  x7:0x00000000 x18=0x00000000
      50635.000 ns	      5062	80001368	0058fbb3	and	x23,x17,x5	 x17:0x00000000  x5:0x80041024 x23=0x00000000
      50655.000 ns	      5064	8000136c	c007fe53	fcvt.w.s	x28,f15	 f15:0xffc00000 x28=0x7fffffff
      50675.000 ns	      5066	80001370	01bd2333	slt	x6,x26,x27	 x26:0xce856320 x27:0xf9af2af0  x6=0x00000001
      50695.000 ns	      5068	80001374	20491c53	fsgnjn.s	f24,f18,f4	 f18:0x7fc00000  f4:0xffc00000 f24=0x7fc00000
      51065.000 ns	      5105	80001378	02156033	rem	x0,x10,x1	 x10:0x00000000  x1:0xfffff8b7
      51085.000 ns	      5107	8000137c	00000013	addi	x0,x0,0	  x0:0x00000000
      51105.000 ns	      5109	80001380	02862033	mulhsu	x0,x12,x8	 x12:0x7fc00000  x8:0x000000a0
      51135.000 ns	      5112	80001384	21080553	fsgnj.s	f10,f16,f16	 f16:0x7fc00000 f16:0x7fc00000 f10=0x7fc00000
      51505.000 ns	      5149	80001388	0217d8b3	divu	x17,x15,x1	 x15:0x80041024  x1:0xfffff8b7 x17=0x00000000
      51845.000 ns	      5183	8000138c	1968f053	fdiv.s	f0,f17,f22	 f17:0x4b800000 f22:0xcedff7d9  f0=0xbc000000
      51875.000 ns	      5186	80001390	d00990d3	fcvt.s.w	f1,x19	 x19:0x00000001  f1=0x3f800000
      51895.000 ns	      5188	80001394	00ab66b3	or	x13,x22,x10	 x22:0x00000001 x10:0x00000000 x13=0x00000001
      51915.000 ns	      5190	80001398	c01815d3	fcvt.wu.s	x11,f16	 f16:0x7fc00000 x11=0xffffffff
      51965.000 ns	      5195	8000139c	08731253	fsub.s	f4,f6,f7	  f6:0x4eff8000  f7:0x4f7ffffe  f4=0xcf003ffe
      52335.000 ns	      5232	800013a0	03e67733	remu	x14,x12,x30	 x12:0x7fc00000 x30:0x01fffff7 x14=0x01c00237
      52355.000 ns	      5234	800013a4	00211eb3	sll	x29,x2,x2	  x2:0x81bffff7  x2:0x81bffff7 x29=0xfb800000
      52365.000 ns	      5235	800013a8	84d00513	addi	x10,x0,-1971	  x0:0x00000000 x10=0xfffff84d
      52385.000 ns	      5237	800013ac	02e038b3	mulhu	x17,x0,x14	  x0:0x00000000 x14:0x01c00237 x17=0x00000000
      52405.000 ns	      5239	800013b0	01dbdf13	srli	x30,x23,0x1d	 x23:0x00000000 x30=0x00000000
      52425.000 ns	      5241	800013b4	21479dd3	fsgnjn.s	f27,f15,f20	 f15:0xffc00000 f20:0xce880000 f27=0x7fc00000
      53605.000 ns	      5359	800013b8	58009153	fsqrt.s	f2,f1	  f1:0x3f800000  f2=0x3f7fffae
      53635.000 ns	      5362	800013bc	03090633	mul	x12,x18,x16	 x18:0x00000000 x16:0x80040fe4 x12=0x00000000
      53655.000 ns	      5364	800013c0	01ab4a33	xor	x20,x22,x26	 x22:0x00000001 x26:0xce856320 x20=0xce856321
      53675.000 ns	      5366	800013c4	d002f7d3	fcvt.s.w	f15,x5	  x5:0x80041024 f15=0xcefff7df
      53695.000 ns	      5368	800013c8	41e201b3	sub	x3,x4,x30	  x4:0x6daf970e x30:0x00000000  x3=0x6daf970e
      53715.000 ns	      5370	800013cc	e00a9c53	fclass.s	x24,f21	 f21:0x00040fe1 x24=0x00000020
      53765.000 ns	      5375	800013d0	0065f553	fadd.s	f10,f11,f6	 f11:0xcb800000  f6:0x4eff8000 f10=0x4efd8000
      53785.000 ns	      5377	800013d4	00ce6cb3	or	x25,x28,x12	 x28:0x7fffffff x12:0x00000000 x25=0x7fffffff
      53805.000 ns	      5379	800013d8	c00ffcd3	fcvt.w.s	x25,f31	 f31:0x7fc00000 x25=0x7fffffff
      53825.000 ns	      5381	800013dc	73573693	sltiu	x13,x14,1845	 x14:0x01c00237 x13=0x00000000
      53845.000 ns	      5383	800013e0	29490753	fmin.s	f14,f18,f20	 f18:0x7fc00000 f20:0xce880000 f14=0xce880000
      53865.000 ns	      5385	800013e4	00000013	addi	x0,x0,0	  x0:0x00000000
      53895.000 ns	      5388	800013e8	580fa3d3	fsqrt.s	f7,f31	 f31:0x7fc00000  f7=0x7fc00000
      53925.000 ns	      5391	800013ec	20490f53	fsgnj.s	f30,f18,f4	 f18:0x7fc00000  f4:0xcf003ffe f30=0xffc00000
      53945.000 ns	      5393	800013f0	00439393	slli	x7,x7,0x4	  x7:0x00000000  x7=0x00000000
      53955.000 ns	      5394	800013f4	01fd3c33	sltu	x24,x26,x31	 x26:0xce856320 x31:0x00000000 x24=0x00000000
      53975.000 ns	      5396	800013f8	a021a8d3	feq.s	x17,f3,f2	  f3:0x4f7ffffe  f2:0x3f7fffae x17=0x00000000
      54005.000 ns	      5399	800013fc	d018fe53	fcvt.s.wu	f28,x17	 x17:0x00000000 f28=0x00000000
      54025.000 ns	      5401	80001400	f0ea6d17	auipc	x26,0xf0ea6	 x26=0x70ea7400
      54035.000 ns	      5402	80001404	00046c33	or	x24,x8,x0	  x8:0x000000a0  x0:0x00000000 x24=0x000000a0
      54045.000 ns	      5403	80001408	4167d193	srai	x3,x15,0x16	 x15:0x80041024  x3=0xfffffe00
      54065.000 ns	      5405	8000140c	2111a5d3	fsgnjx.s	f11,f3,f17	  f3:0x4f7ffffe f17:0x4b800000 f11=0x4f7ffffe
      54095.000 ns	      5408	80001410	f00b89d3	fmv.w.x	f19,x23	 x23:0x00000000 f19=0x00000000
      54125.000 ns	      5411	80001414	29e310d3	fmax.s	f1,f6,f30	  f6:0x4eff8000 f30:0xffc00000  f1=0x4eff8000
      54495.000 ns	      5448	80001418	0248f233	remu	x4,x17,x4	 x17:0x00000000  x4:0x6daf970e  x4=0x00000000
      54515.000 ns	      5450	8000141c	006d1ab3	sll	x21,x26,x6	 x26:0x70ea7400  x6:0x00000001 x21=0xe1d4e800
      54525.000 ns	      5451	80001420	01e081b3	add	x3,x1,x30	  x1:0xfffff8b7 x30:0x00000000  x3=0xfffff8b7
      54535.000 ns	      5452	80001424	939d8a97	auipc	x21,0x939d8	 x21=0x139d9424
      54555.000 ns	      5454	80001428	03aea533	mulhsu	x10,x29,x26	 x29:0xfb800000 x26:0x70ea7400 x10=0xfe03e0f6
      54575.000 ns	      5456	8000142c	009f9b13	slli	x22,x31,0x9	 x31:0x00000000 x22=0x00000000
      54595.000 ns	      5458	80001430	031b5a33	divu	x20,x22,x17	 x22:0x00000001 x17:0x00000000 x20=0xffffffff
      54625.000 ns	      5461	80001434	034ebd33	mulhu	x26,x29,x20	 x29:0xfb800000 x20:0xce856321 x26=0xfb7fffff
      54645.000 ns	      5463	80001438	035e4893	xori	x17,x28,53	 x28:0x7fffffff x17=0x7fffffca
      54665.000 ns	      5465	8000143c	02130133	mul	x2,x6,x1	  x6:0x00000001  x1:0xfffff8b7  x2=0xfffff8b7
      54695.000 ns	      5468	80001440	a0d09453	flt.s	x8,f1,f13	  f1:0x4eff8000 f13:0x00000000  x8=0x00000000
      54725.000 ns	      5471	80001444	e00088d3	fmv.x.w	x17,f1	  f1:0x4eff8000 x17=0x4eff8000
      54745.000 ns	      5473	80001448	015eb133	sltu	x2,x29,x21	 x29:0xfb800000 x21:0x139d9424  x2=0x00000000
      54765.000 ns	      5475	8000144c	d0017353	fcvt.s.w	f6,x2	  x2:0xfffff8b7  f6=0x00000000
      54805.000 ns	      5479	80001450	580b7f53	fsqrt.s	f30,f22	 f22:0xcedff7d9 f30=0x7fc00000
      54835.000 ns	      5482	80001454	f0080ed3	fmv.w.x	f29,x16	 x16:0x80040fe4 f29=0x80040fe4
      55945.000 ns	      5593	80001458	58017853	fsqrt.s	f16,f2	  f2:0x3f7fffae f16=0x3f35042a
      55965.000 ns	      5595	8000145c	00728b33	add	x22,x5,x7	  x5:0x80041024  x7:0x00000000 x22=0x80041024
      55975.000 ns	      5596	80001460	010ae9b3	or	x19,x21,x16	 x21:0x139d9424 x16:0x80040fe4 x19=0x939d9fe4
      56005.000 ns	      5599	80001464	5803f853	fsqrt.s	f16,f7	  f7:0x7fc00000 f16=0x7fc00000
      56035.000 ns	      5602	80001468	02c29f33	mulh	x30,x5,x12	  x5:0x80041024 x12:0x00000000 x30=0x00000000
      56055.000 ns	      5604	8000146c	0004fd33	and	x26,x9,x0	  x9:0xffffffff  x0:0x00000000 x26=0x00000000
      56095.000 ns	      5608	80001470	006cf1d3	fadd.s	f3,f25,f6	 f25:0xffc00000  f6:0x00000000  f3=0x7fc00000
      56145.000 ns	      5613	80001474	086e7153	fsub.s	f2,f28,f6	 f28:0x00000000  f6:0x00000000  f2=0x80000000
      56175.000 ns	      5616	80001478	020e5633	divu	x12,x28,x0	 x28:0x7fffffff  x0:0x00000000 x12=0xffffffff
      56205.000 ns	      5619	8000147c	03745233	divu	x4,x8,x23	  x8:0x00000000 x23:0x00000000  x4=0xffffffff
      56225.000 ns	      5621	80001480	41bda113	slti	x2,x27,1051	 x27:0xf9af2af0  x2=0x00000001
      56235.000 ns	      5622	80001484	01632eb3	slt	x29,x6,x22	  x6:0x00000001 x22:0x80041024 x29=0x00000000
      56245.000 ns	      5623	80001488	00bd8033	add	x0,x27,x11	 x27:0xf9af2af0 x11:0xffffffff
      56255.000 ns	      5624	8000148c	401153b3	sra	x7,x2,x1	  x2:0x00000001  x1:0xfffff8b7  x7=0x00000000
      56275.000 ns	      5626	80001490	295e0653	fmin.s	f12,f28,f21	 f28:0x00000000 f21:0x00040fe1 f12=0x00000000
      56305.000 ns	      5629	80001494	21aa8b53	fsgnj.s	f22,f21,f26	 f21:0x00040fe1 f26:0xcf7ffffd f22=0x80040fe1
      56345.000 ns	      5633	80001498	5802f153	fsqrt.s	f2,f5	  f5:0xc2b20000  f2=0x7fc00000
      56385.000 ns	      5637	8000149c	10f64e53	fmul.s	f28,f12,f15	 f12:0x00000000 f15:0xcefff7df f28=0x80000000
      56425.000 ns	      5641	800014a0	10147253	fmul.s	f4,f8,f1	  f8:0x00000000  f1:0x4eff8000  f4=0x00000000
      56455.000 ns	      5644	800014a4	d00d7053	fcvt.s.w	f0,x26	 x26:0x00000000  f0=0x00000000
      56475.000 ns	      5646	800014a8	000380b3	add	x1,x7,x0	  x7:0x00000000  x0:0x00000000  x1=0x00000000
      56495.000 ns	      5648	800014ac	29080bd3	fmin.s	f23,f16,f16	 f16:0x7fc00000 f16:0x7fc00000 f23=0x7fc00000
      56525.000 ns	      5651	800014b0	28611953	fmax.s	f18,f2,f6	  f2:0x7fc00000  f6:0x00000000 f18=0x00000000
      56545.000 ns	      5653	800014b4	01405f93	srli	x31,x0,0x14	  x0:0x00000000 x31=0x00000000
      56555.000 ns	      5654	800014b8	0170dd13	srli	x26,x1,0x17	  x1:0x00000000 x26=0x00000000
      56575.000 ns	      5656	800014bc	286c9c53	fmax.s	f24,f25,f6	 f25:0xffc00000  f6:0x00000000 f24=0x00000000
      56595.000 ns	      5658	800014c0	01641e93	slli	x29,x8,0x16	  x8:0x00000000 x29=0x00000000
      56635.000 ns	      5662	800014c4	0907acd3	fsub.s	f25,f15,f16	 f15:0xcefff7df f16:0x7fc00000 f25=0x7fc00000
      56665.000 ns	      5665	800014c8	a0e518d3	flt.s	x17,f10,f14	 f10:0x4efd8000 f14:0xce880000 x17=0x00000000
      56695.000 ns	      5668	800014cc	f00f87d3	fmv.w.x	f15,x31	 x31:0x00000000 f15=0x00000000
      56725.000 ns	      5671	800014d0	29511153	fmax.s	f2,f2,f21	  f2:0x7fc00000 f21:0x00040fe1  f2=0x00040fe1
      57095.000 ns	      5708	800014d4	030dfeb3	remu	x29,x27,x16	 x27:0xf9af2af0 x16:0x80040fe4 x29=0x79ab1b0c
      57125.000 ns	      5711	800014d8	033b8cb3	mul	x25,x23,x19	 x23:0x00000000 x19:0x939d9fe4 x25=0x00000000
      57145.000 ns	      5713	800014dc	93b87997	auipc	x19,0x93b87	 x19=0x13b884dc
      57155.000 ns	      5714	800014e0	0057d033	srl	x0,x15,x5	 x15:0x80041024  x5:0x80041024
      57165.000 ns	      5715	800014e4	00000013	addi	x0,x0,0	  x0:0x00000000
      57175.000 ns	      5716	800014e8	6d58cc93	xori	x25,x17,1749	 x17:0x00000000 x25=0x000006d5
      57185.000 ns	      5717	800014ec	c4fa2113	slti	x2,x20,-945	 x20:0xffffffff  x2=0x00000000
      57195.000 ns	      5718	800014f0	01fcdcb3	srl	x25,x25,x31	 x25:0x00000000 x31:0x00000000 x25=0x000006d5
      57225.000 ns	      5721	800014f4	580374d3	fsqrt.s	f9,f6	  f6:0x00000000  f9=0x00000000
      57255.000 ns	      5724	800014f8	21819bd3	fsgnjn.s	f23,f3,f24	  f3:0x7fc00000 f24:0x00000000 f23=0xffc00000
      57295.000 ns	      5728	800014fc	1167f153	fmul.s	f2,f15,f22	 f15:0x00000000 f22:0x80040fe1  f2=0x80000000
      57325.000 ns	      5731	80001500	026a9f33	mulh	x30,x21,x6	 x21:0x139d9424  x6:0x00000001 x30=0x00000000
      57345.000 ns	      5733	80001504	4592c317	auipc	x6,0x4592c	  x6=0xc592d504
      57375.000 ns	      5736	80001508	5802f953	fsqrt.s	f18,f5	  f5:0xc2b20000 f18=0x7fc00000
      57405.000 ns	      5739	8000150c	e0090e53	fmv.x.w	x28,f18	 f18:0x00000000 x28=0x7fc00000
      57435.000 ns	      5742	80001510	02c384b3	mul	x9,x7,x12	  x7:0x00000000 x12:0xffffffff  x9=0x00000000
      57465.000 ns	      5745	80001514	d00bb353	fcvt.s.w	f6,x23	 x23:0x00000000  f6=0x00000000
      57495.000 ns	      5748	80001518	039a3433	mulhu	x8,x20,x25	 x20:0xffffffff x25:0x000006d5  x8=0x000006d4
      57525.000 ns	      5751	8000151c	a120a6d3	feq.s	x13,f1,f18	  f1:0x4eff8000 f18:0x7fc00000 x13=0x00000000
      57555.000 ns	      5754	80001520	a1ac9753	flt.s	x14,f25,f26	 f25:0x7fc00000 f26:0xcf7ffffd x14=0x00000000
      57575.000 ns	      5756	80001524	00075533	srl	x10,x14,x0	 x14:0x01c00237  x0:0x00000000 x10=0x00000000
      57595.000 ns	      5758	80001528	c0053ad3	fcvt.w.s	x21,f10	 f10:0x4efd8000 x21=0x7ec00000
      57615.000 ns	      5760	8000152c	01d425b3	slt	x11,x8,x29	  x8:0x000006d4 x29:0x79ab1b0c x11=0x00000001
      57645.000 ns	      5763	80001530	18d975d3	fdiv.s	f11,f18,f13	 f18:0x7fc00000 f13:0x00000000 f11=0x7fc00000
      57665.000 ns	      5765	80001534	fffba413	slti	x8,x23,-1	 x23:0x00000000  x8=0x00000000
      57685.000 ns	      5767	80001538	c0100ad3	fcvt.wu.s	x21,f0	  f0:0x00000000 x21=0x00000000
      57705.000 ns	      5769	8000153c	8e626097	auipc	x1,0x8e626	  x1=0x0e62753c
      58065.000 ns	      5805	80001540	02bd7333	remu	x6,x26,x11	 x26:0x00000000 x11:0x00000001  x6=0x00000000
      58085.000 ns	      5807	80001544	77e37713	andi	x14,x6,1918	  x6:0xc592d504 x14=0x00000000
      58105.000 ns	      5809	80001548	031cf5b3	remu	x11,x25,x17	 x25:0x000006d5 x17:0x00000000 x11=0x000006d5
      58475.000 ns	      5846	8000154c	02f775b3	remu	x11,x14,x15	 x14:0x00000000 x15:0x80041024 x11=0x00000000
      58505.000 ns	      5849	80001550	290f04d3	fmin.s	f9,f30,f16	 f30:0x7fc00000 f16:0x7fc00000  f9=0x7fc00000
      58525.000 ns	      5851	80001554	36dc2213	slti	x4,x24,877	 x24:0x000000a0  x4=0x00000001
      58535.000 ns	      5852	80001558	00b62cb3	slt	x25,x12,x11	 x12:0xffffffff x11:0x00000000 x25=0x00000001
      58555.000 ns	      5854	8000155c	d002f3d3	fcvt.s.w	f7,x5	  x5:0x80041024  f7=0xcefff7df
      58585.000 ns	      5857	80001560	c0078ad3	fcvt.w.s	x21,f15	 f15:0x00000000 x21=0x00000000
      58615.000 ns	      5860	80001564	03793233	mulhu	x4,x18,x23	 x18:0x00000000 x23:0x00000000  x4=0x00000000
      58635.000 ns	      5862	80001568	007938b3	sltu	x17,x18,x7	 x18:0x00000000  x7:0x00000000 x17=0x00000000
      58645.000 ns	      5863	8000156c	88497693	andi	x13,x18,-1916	 x18:0x00000000 x13=0x00000000
      58665.000 ns	      5865	80001570	c017fd53	fcvt.wu.s	x26,f15	 f15:0x00000000 x26=0x00000000
      59035.000 ns	      5902	80001574	023978b3	remu	x17,x18,x3	 x18:0x00000000  x3:0xfffff8b7 x17=0x00000000
      59055.000 ns	      5904	80001578	010de933	or	x18,x27,x16	 x27:0xf9af2af0 x16:0x80040fe4 x18=0xf9af2ff4
      59075.000 ns	      5906	8000157c	e0041753	fclass.s	x14,f8	  f8:0x00000000 x14=0x00000010
      59095.000 ns	      5908	80001580	3f98b593	sltiu	x11,x17,1017	 x17:0x00000000 x11=0x00000001
      59125.000 ns	      5911	80001584	10033153	fmul.s	f2,f6,f0	  f6:0x00000000  f0:0x00000000  f2=0x00000000
      59155.000 ns	      5914	80001588	c008f0d3	fcvt.w.s	x1,f17	 f17:0x4b800000  x1=0x01000000
      59175.000 ns	      5916	8000158c	012e1d13	slli	x26,x28,0x12	 x28:0x7fc00000 x26=0x00000000
      59535.000 ns	      5952	80001590	038e5e33	divu	x28,x28,x24	 x28:0x7fc00000 x24:0x000000a0 x28=0x00cc6666
      59555.000 ns	      5954	80001594	9719ca97	auipc	x21,0x9719c	 x21=0x1719d594
      59565.000 ns	      5955	80001598	30c16013	ori	x0,x2,780	  x2:0x00000000
      59585.000 ns	      5957	8000159c	02712033	mulhsu	x0,x2,x7	  x2:0x00000000  x7:0x00000000
      59605.000 ns	      5959	800015a0	011ed033	srl	x0,x29,x17	 x29:0x79ab1b0c x17:0x00000000
      59625.000 ns	      5961	800015a4	02259d33	mulh	x26,x11,x2	 x11:0x00000001  x2:0x00000000 x26=0x00000000
      59645.000 ns	      5963	800015a8	9ab8ae13	slti	x28,x17,-1621	 x17:0x00000000 x28=0x00000000
      59675.000 ns	      5966	800015ac	10010553	fmul.s	f10,f2,f0	  f2:0x00000000  f0:0x00000000 f10=0x00000000
      59705.000 ns	      5969	800015b0	0282c633	div	x12,x5,x8	  x5:0x80041024  x8:0x00000000 x12=0xffffffff
      59745.000 ns	      5973	800015b4	1889b453	fdiv.s	f8,f19,f8	 f19:0x00000000  f8:0x00000000  f8=0x7fc00000
      60115.000 ns	      6010	800015b8	0218f7b3	remu	x15,x17,x1	 x17:0x00000000  x1:0x01000000 x15=0x00000000
      60135.000 ns	      6012	800015bc	00000013	addi	x0,x0,0	  x0:0x00000000
      60155.000 ns	      6014	800015c0	d00d45d3	fcvt.s.w	f11,x26	 x26:0x00000000 f11=0x00000000
      60185.000 ns	      6017	800015c4	a0ca0f53	fle.s	x30,f20,f12	 f20:0xce880000 f12:0x00000000 x30=0x00000001
      60205.000 ns	      6019	800015c8	f21e6c93	ori	x25,x28,-223	 x28:0x00000000 x25=0xffffff21
      60225.000 ns	      6021	800015cc	a1a127d3	feq.s	x15,f2,f26	  f2:0x00000000 f26:0xcf7ffffd x15=0x00000000
      60245.000 ns	      6023	800015d0	0188e533	or	x10,x17,x24	 x17:0x00000000 x24:0x000000a0 x10=0x000000a0
      60255.000 ns	      6024	800015d4	00b07b33	and	x22,x0,x11	  x0:0x00000000 x11:0x00000001 x22=0x00000000
      60295.000 ns	      6028	800015d8	01b5ad53	fadd.s	f26,f11,f27	 f11:0x00000000 f27:0x7fc00000 f26=0x7fc00000
      60325.000 ns	      6031	800015dc	e0001ed3	fclass.s	x29,f0	  f0:0x00000000 x29=0x00000010
      60695.000 ns	      6068	800015e0	03b64d33	div	x26,x12,x27	 x12:0xffffffff x27:0xf9af2af0 x26=0x00000000
      60715.000 ns	      6070	800015e4	417154b3	sra	x9,x2,x23	  x2:0x00000000 x23:0x00000000  x9=0x00000000
      60735.000 ns	      6072	800015e8	a0e10bd3	fle.s	x23,f2,f14	  f2:0x00000000 f14:0xce880000 x23=0x00000000
      60755.000 ns	      6074	800015ec	019e0ab3	add	x21,x28,x25	 x28:0x00000000 x25:0xffffff21 x21=0xffffff21
      60775.000 ns	      6076	800015f0	035511b3	mulh	x3,x10,x21	 x10:0x000000a0 x21:0x1719d594  x3=0xffffffff
      60795.000 ns	      6078	800015f4	d5b0b4b7	lui	x9,0xd5b0b	  x9=0xd5b0b000
      60815.000 ns	      6080	800015f8	a1792ad3	feq.s	x21,f18,f23	 f18:0x7fc00000 f23:0xffc00000 x21=0x00000000
      60845.000 ns	      6083	800015fc	0356b133	mulhu	x2,x13,x21	 x13:0x00000000 x21:0xffffff21  x2=0x00000000
      60865.000 ns	      6085	80001600	01c659b3	srl	x19,x12,x28	 x12:0xffffffff x28:0x00000000 x19=0xffffffff
      60875.000 ns	      6086	80001604	00000013	addi	x0,x0,0	  x0:0x00000000
      60915.000 ns	      6090	80001608	0022f0d3	fadd.s	f1,f5,f2	  f5:0xc2b20000  f2:0x00000000  f1=0xc2b20000
      60945.000 ns	      6093	8000160c	20330453	fsgnj.s	f8,f6,f3	  f6:0x00000000  f3:0x7fc00000  f8=0x00000000
      61315.000 ns	      6130	80001610	02c5fbb3	remu	x23,x11,x12	 x11:0x00000001 x12:0xffffffff x23=0x00000001
      61335.000 ns	      6132	80001614	013d06b3	add	x13,x26,x19	 x26:0x00000000 x19:0xffffffff x13=0xffffffff
      61345.000 ns	      6133	80001618	75f23b93	sltiu	x23,x4,1887	  x4:0x00000000 x23=0x00000001
      61365.000 ns	      6135	8000161c	f00a8153	fmv.w.x	f2,x21	 x21:0x00000000  f2=0x00000000
      61395.000 ns	      6138	80001620	02091d33	mulh	x26,x18,x0	 x18:0xf9af2ff4  x0:0x00000000 x26=0x00000000
      61415.000 ns	      6140	80001624	a0226c13	ori	x24,x4,-1534	  x4:0x00000000 x24=0xfffffa02
      61425.000 ns	      6141	80001628	00e86933	or	x18,x16,x14	 x16:0x80040fe4 x14:0x00000010 x18=0x80040ff4
      61445.000 ns	      6143	8000162c	c011b8d3	fcvt.wu.s	x17,f3	  f3:0x7fc00000 x17=0xffffffff
      61475.000 ns	      6146	80001630	a0a8a7d3	feq.s	x15,f17,f10	 f17:0x4b800000 f10:0x00000000 x15=0x00000000
      61505.000 ns	      6149	80001634	f00f81d3	fmv.w.x	f3,x31	 x31:0x00000000  f3=0x00000000
      61875.000 ns	      6186	80001638	03e25933	divu	x18,x4,x30	  x4:0x00000000 x30:0x00000001 x18=0x00000000
      61895.000 ns	      6188	8000163c	001ed393	srli	x7,x29,0x1	 x29:0x00000010  x7=0x00000008
      61915.000 ns	      6190	80001640	c004f053	fcvt.w.s	x0,f9	  f9:0x7fc00000
      61955.000 ns	      6194	80001644	580cc853	fsqrt.s	f16,f25	 f25:0x7fc00000 f16=0x7fc00000
      61985.000 ns	      6197	80001648	a18f85d3	fle.s	x11,f31,f24	 f31:0x7fc00000 f24:0x00000000 x11=0x00000000
      62015.000 ns	      6200	8000164c	28621953	fmax.s	f18,f4,f6	  f4:0x00000000  f6:0x00000000 f18=0x00000000
      62035.000 ns	      6202	80001650	004c44b3	xor	x9,x24,x4	 x24:0xfffffa02  x4:0x00000000  x9=0xfffffa02
      62045.000 ns	      6203	80001654	c9b16493	ori	x9,x2,-869	  x2:0x00000000  x9=0xfffffc9b
      62065.000 ns	      6205	80001658	03644bb3	div	x23,x8,x22	  x8:0x00000000 x22:0x00000000 x23=0xffffffff
      62095.000 ns	      6208	8000165c	d01ac4d3	fcvt.s.wu	f9,x21	 x21:0x00000000  f9=0x00000000
      62125.000 ns	      6211	80001660	20bda7d3	fsgnjx.s	f15,f27,f11	 f27:0x7fc00000 f11:0x00000000 f15=0x7fc00000
      62145.000 ns	      6213	80001664	6d7eca17	auipc	x20,0x6d7ec	 x20=0xed7ed664
      62165.000 ns	      6215	80001668	c01a44d3	fcvt.wu.s	x9,f20	 f20:0xce880000  x9=0x44000000
      62195.000 ns	      6218	8000166c	d01ab2d3	fcvt.s.wu	f5,x21	 x21:0x00000000  f5=0x00000000
      62215.000 ns	      6220	80001670	40365633	sra	x12,x12,x3	 x12:0xffffffff  x3:0xffffffff x12=0xffffffff
      62225.000 ns	      6221	80001674	01525f33	srl	x30,x4,x21	  x4:0x00000000 x21:0x00000000 x30=0x00000000
      62245.000 ns	      6223	80001678	a1be9bd3	flt.s	x23,f29,f27	 f29:0x80040fe4 f27:0x7fc00000 x23=0x00000000
      62275.000 ns	      6226	8000167c	28f99c53	fmax.s	f24,f19,f15	 f19:0x00000000 f15:0x7fc00000 f24=0x00000000
      62295.000 ns	      6228	80001680	1d53e393	ori	x7,x7,469	  x7:0x00000008  x7=0x000001dd
      62305.000 ns	      6229	80001684	f3c1bf13	sltiu	x30,x3,-196	  x3:0xffffffff x30=0x00000000
      62315.000 ns	      6230	80001688	001479b3	and	x19,x8,x1	  x8:0x00000000  x1:0x01000000 x19=0x00000000
      62335.000 ns	      6232	8000168c	c016fe53	fcvt.wu.s	x28,f13	 f13:0x00000000 x28=0x00000000
      62355.000 ns	      6234	80001690	85ffb513	sltiu	x10,x31,-1953	 x31:0x00000000 x10=0x00000001
      62375.000 ns	      6236	80001694	2108a353	fsgnjx.s	f6,f17,f16	 f17:0x4b800000 f16:0x7fc00000  f6=0x4b800000
      62395.000 ns	      6238	80001698	01e96333	or	x6,x18,x30	 x18:0x00000000 x30:0x00000000  x6=0x00000000
      62415.000 ns	      6240	8000169c	a16ead53	feq.s	x26,f29,f22	 f29:0x80040fe4 f22:0x80040fe1 x26=0x00000000
      62435.000 ns	      6242	800016a0	01641893	slli	x17,x8,0x16	  x8:0x00000000 x17=0x00000000
      62445.000 ns	      6243	800016a4	00374f33	xor	x30,x14,x3	 x14:0x00000010  x3:0xffffffff x30=0xffffffef
      62465.000 ns	      6245	800016a8	c0087153	fcvt.w.s	x2,f16	 f16:0x7fc00000  x2=0x7fffffff
      62485.000 ns	      6247	800016ac	548ee093	ori	x1,x29,1352	 x29:0x00000010  x1=0x00000558
      62505.000 ns	      6249	800016b0	c0012753	fcvt.w.s	x14,f2	  f2:0x00000000 x14=0x00000000
      62535.000 ns	      6252	800016b4	21778453	fsgnj.s	f8,f15,f23	 f15:0x7fc00000 f23:0xffc00000  f8=0xffc00000
      62565.000 ns	      6255	800016b8	d0120e53	fcvt.s.wu	f28,x4	  x4:0x00000000 f28=0x00000000
      62595.000 ns	      6258	800016bc	a0a70153	fle.s	x2,f14,f10	 f14:0xce880000 f10:0x00000000  x2=0x00000001
      62625.000 ns	      6261	800016c0	f0070e53	fmv.w.x	f28,x14	 x14:0x00000000 f28=0x00000000
      62645.000 ns	      6263	800016c4	b6570a13	addi	x20,x14,-1179	 x14:0x00000000 x20=0xfffffb65
      62655.000 ns	      6264	800016c8	017014b3	sll	x9,x0,x23	  x0:0x00000000 x23:0x00000000  x9=0x00000000
      62675.000 ns	      6266	800016cc	a03790d3	flt.s	x1,f15,f3	 f15:0x7fc00000  f3:0x00000000  x1=0x00000000
      62695.000 ns	      6268	800016d0	010aea33	or	x20,x21,x16	 x21:0x00000000 x16:0x80040fe4 x20=0x80040fe4
      62715.000 ns	      6270	800016d4	d00373d3	fcvt.s.w	f7,x6	  x6:0x00000000  f7=0x00000000
      62745.000 ns	      6273	800016d8	c00370d3	fcvt.w.s	x1,f6	  f6:0x4b800000  x1=0x01000000
      62765.000 ns	      6275	800016dc	41c98a33	sub	x20,x19,x28	 x19:0x00000000 x28:0x00000000 x20=0x00000000
      62785.000 ns	      6277	800016e0	a167a4d3	feq.s	x9,f15,f22	 f15:0x7fc00000 f22:0x80040fe1  x9=0x00000000
      62805.000 ns	      6279	800016e4	417f3513	sltiu	x10,x30,1047	 x30:0xffffffef x10=0x00000000
      62815.000 ns	      6280	800016e8	01727b33	and	x22,x4,x23	  x4:0x00000000 x23:0x00000000 x22=0x00000000
      62825.000 ns	      6281	800016ec	8ff67593	andi	x11,x12,-1793	 x12:0xffffffff x11=0xfffff8ff
      62865.000 ns	      6285	800016f0	0122a953	fadd.s	f18,f5,f18	  f5:0x00000000 f18:0x00000000 f18=0x00000000
      62895.000 ns	      6288	800016f4	a1bf10d3	flt.s	x1,f30,f27	 f30:0x7fc00000 f27:0x7fc00000  x1=0x00000000
      62915.000 ns	      6290	800016f8	412a5c93	srai	x25,x20,0x12	 x20:0x00000000 x25=0x00000000
      62945.000 ns	      6293	800016fc	18afa253	fdiv.s	f4,f31,f10	 f31:0x7fc00000 f10:0x00000000  f4=0x7fc00000
      62975.000 ns	      6296	80001700	e00a8953	fmv.x.w	x18,f21	 f21:0x00040fe1 x18=0x00040fe1
      63005.000 ns	      6299	80001704	024d2533	mulhsu	x10,x26,x4	 x26:0x00000000  x4:0x00000000 x10=0x00000000
      63035.000 ns	      6302	80001708	e00d0cd3	fmv.x.w	x25,f26	 f26:0x7fc00000 x25=0x7fc00000
      63055.000 ns	      6304	8000170c	a3903f37	lui	x30,0xa3903	 x30=0xa3903000
      63065.000 ns	      6305	80001710	663c0093	addi	x1,x24,1635	 x24:0xfffffa02  x1=0x00000065
      63095.000 ns	      6308	80001714	11d61e53	fmul.s	f28,f12,f29	 f12:0x00000000 f29:0x80040fe4 f28=0x80000000
      63115.000 ns	      6310	80001718	01f5e633	or	x12,x11,x31	 x11:0xfffff8ff x31:0x00000000 x12=0xfffff8ff
      63125.000 ns	      6311	8000171c	8d8dac93	slti	x25,x27,-1832	 x27:0xf9af2af0 x25=0x00000001
      63135.000 ns	      6312	80001720	d82f0f13	addi	x30,x30,-638	 x30:0xa3903000 x30=0xa3902d82
      63155.000 ns	      6314	80001724	e00a96d3	fclass.s	x13,f21	 f21:0x00040fe1 x13=0x00000020
      63175.000 ns	      6316	80001728	0079f633	and	x12,x19,x7	 x19:0x00000000  x7:0x000001dd x12=0x00000000
      63185.000 ns	      6317	8000172c	5b964b13	xori	x22,x12,1465	 x12:0xfffff8ff x22=0x000005b9
      63205.000 ns	      6319	80001730	f00a0553	fmv.w.x	f10,x20	 x20:0x00000000 f10=0x00000000
      63575.000 ns	      6356	80001734	027adcb3	divu	x25,x21,x7	 x21:0x00000000  x7:0x000001dd x25=0x00000000
      63595.000 ns	      6358	80001738	414b0a33	sub	x20,x22,x20	 x22:0x000005b9 x20:0x00000000 x20=0x000005b9
      63615.000 ns	      6360	8000173c	218d2553	fsgnjx.s	f10,f26,f24	 f26:0x7fc00000 f24:0x00000000 f10=0x7fc00000
      63645.000 ns	      6363	80001740	20ae9bd3	fsgnjn.s	f23,f29,f10	 f29:0x80040fe4 f10:0x00000000 f23=0x80040fe4
      63675.000 ns	      6366	80001744	0334cab3	div	x21,x9,x19	  x9:0x00000000 x19:0x00000000 x21=0xffffffff
      63695.000 ns	      6368	80001748	00f63eb3	sltu	x29,x12,x15	 x12:0x00000000 x15:0x00000000 x29=0x00000000
      63705.000 ns	      6369	8000174c	01641f33	sll	x30,x8,x22	  x8:0x00000000 x22:0x000005b9 x30=0x00000000
      63715.000 ns	      6370	80001750	00440b33	add	x22,x8,x4	  x8:0x00000000  x4:0x00000000 x22=0x00000000
      63735.000 ns	      6372	80001754	e00c1453	fclass.s	x8,f24	 f24:0x00000000  x8=0x00000010
      63765.000 ns	      6375	80001758	a1bca353	feq.s	x6,f25,f27	 f25:0x7fc00000 f27:0x7fc00000  x6=0x00000000
      63795.000 ns	      6378	8000175c	285c89d3	fmin.s	f19,f25,f5	 f25:0x7fc00000  f5:0x00000000 f19=0x00000000
      63825.000 ns	      6381	80001760	a023ad53	feq.s	x26,f7,f2	  f7:0x00000000  f2:0x00000000 x26=0x00000001
      63855.000 ns	      6384	80001764	e0051253	fclass.s	x4,f10	 f10:0x7fc00000  x4=0x00000200
      63885.000 ns	      6387	80001768	e0029053	fclass.s	x0,f5	  f5:0x00000000
      63915.000 ns	      6390	8000176c	e0050c53	fmv.x.w	x24,f10	 f10:0x7fc00000 x24=0x7fc00000
      63945.000 ns	      6393	80001770	c0039953	fcvt.w.s	x18,f7	  f7:0x00000000 x18=0x00000000
      63975.000 ns	      6396	80001774	c017f453	fcvt.wu.s	x8,f15	 f15:0x7fc00000  x8=0xffffffff
      64015.000 ns	      6400	80001778	58082fd3	fsqrt.s	f31,f16	 f16:0x7fc00000 f31=0x7fc00000
      64065.000 ns	      6405	8000177c	0034bcd3	fadd.s	f25,f9,f3	  f9:0x00000000  f3:0x00000000 f25=0x00000000
      64085.000 ns	      6407	80001780	418a5993	srai	x19,x20,0x18	 x20:0x000005b9 x19=0x00000000
      64095.000 ns	      6408	80001784	df26cf93	xori	x31,x13,-526	 x13:0x00000020 x31=0xfffffdd2
      64105.000 ns	      6409	80001788	dbd56f93	ori	x31,x10,-579	 x10:0x00000000 x31=0xfffffdbd
      64115.000 ns	      6410	8000178c	004ed893	srli	x17,x29,0x4	 x29:0x00000000 x17=0x00000000
      64125.000 ns	      6411	80001790	90109317	auipc	x6,0x90109	  x6=0x1010a790
      64135.000 ns	      6412	80001794	40ac5133	sra	x2,x24,x10	 x24:0x7fc00000 x10:0x00000000  x2=0x7fc00000
      64155.000 ns	      6414	80001798	03c2fa33	remu	x20,x5,x28	  x5:0x80041024 x28:0x00000000 x20=0x80041024
      64175.000 ns	      6416	8000179c	00c8af33	slt	x30,x17,x12	 x17:0x00000000 x12:0x00000000 x30=0x00000000
      64185.000 ns	      6417	800017a0	00a94e33	xor	x28,x18,x10	 x18:0x00000000 x10:0x00000000 x28=0x00000000
      64215.000 ns	      6420	800017a4	5804b753	fsqrt.s	f14,f9	  f9:0x00000000 f14=0x00000000
      64235.000 ns	      6422	800017a8	0065a233	slt	x4,x11,x6	 x11:0xfffff8ff  x6:0x1010a790  x4=0x00000001
      64255.000 ns	      6424	800017ac	e0011f53	fclass.s	x30,f2	  f2:0x00000000 x30=0x00000010
      64285.000 ns	      6427	800017b0	d018ff53	fcvt.s.wu	f30,x17	 x17:0x00000000 f30=0x00000000
      64315.000 ns	      6430	800017b4	036ebeb3	mulhu	x29,x29,x22	 x29:0x00000000 x22:0x00000000 x29=0x00000000
      64365.000 ns	      6435	800017b8	00cefbd3	fadd.s	f23,f29,f12	 f29:0x80040fe4 f12:0x00000000 f23=0x80040fe4
      64385.000 ns	      6437	800017bc	2b602417	auipc	x8,0x2b602	  x8=0xab6037bc
      64395.000 ns	      6438	800017c0	01b11f93	slli	x31,x2,0x1b	  x2:0x7fc00000 x31=0x00000000
      64415.000 ns	      6440	800017c4	2108a253	fsgnjx.s	f4,f17,f16	 f17:0x4b800000 f16:0x7fc00000  f4=0x4b800000
      64445.000 ns	      6443	800017c8	02732cb3	mulhsu	x25,x6,x7	  x6:0x1010a790  x7:0x000001dd x25=0x0000001d
      64475.000 ns	      6446	800017cc	02c99fb3	mulh	x31,x19,x12	 x19:0x00000000 x12:0x00000000 x31=0x00000000
      64505.000 ns	      6449	800017d0	21050853	fsgnj.s	f16,f10,f16	 f10:0x7fc00000 f16:0x7fc00000 f16=0x7fc00000
      64525.000 ns	      6451	800017d4	888a2193	slti	x3,x20,-1912	 x20:0x80041024  x3=0x00000001
      64535.000 ns	      6452	800017d8	01373bb3	sltu	x23,x14,x19	 x14:0x00000000 x19:0x00000000 x23=0x00000000
      64545.000 ns	      6453	800017dc	b21a6893	ori	x17,x20,-1247	 x20:0x80041024 x17=0xfffffb25
      64565.000 ns	      6455	800017e0	210ca553	fsgnjx.s	f10,f25,f16	 f25:0x00000000 f16:0x7fc00000 f10=0x00000000
      64595.000 ns	      6458	800017e4	c0047953	fcvt.w.s	x18,f8	  f8:0xffc00000 x18=0x7fffffff
      64615.000 ns	      6460	800017e8	01311713	slli	x14,x2,0x13	  x2:0x7fc00000 x14=0x00000000
      64625.000 ns	      6461	800017ec	5d7c6393	ori	x7,x24,1495	 x24:0x7fc00000  x7=0x7fc005d7
      64645.000 ns	      6463	800017f0	c016f8d3	fcvt.wu.s	x17,f13	 f13:0x00000000 x17=0x00000000
      64675.000 ns	      6466	800017f4	e0051ed3	fclass.s	x29,f10	 f10:0x00000000 x29=0x00000010
      64705.000 ns	      6469	800017f8	212da153	fsgnjx.s	f2,f27,f18	 f27:0x7fc00000 f18:0x00000000  f2=0x7fc00000
      64725.000 ns	      6471	800017fc	01507fb3	and	x31,x0,x21	  x0:0x00000000 x21:0xffffffff x31=0x00000000
      64745.000 ns	      6473	80001800	02aab9b3	mulhu	x19,x21,x10	 x21:0xffffffff x10:0x00000000 x19=0x00000000
      64775.000 ns	      6476	80001804	037d81b3	mul	x3,x27,x23	 x27:0xf9af2af0 x23:0x00000000  x3=0x00000000
      64805.000 ns	      6479	80001808	e00f9bd3	fclass.s	x23,f31	 f31:0x7fc00000 x23=0x00000200
      64835.000 ns	      6482	8000180c	03ddb433	mulhu	x8,x27,x29	 x27:0xf9af2af0 x29:0x00000010  x8=0x0000000f
      64855.000 ns	      6484	80001810	7e4bc417	auipc	x8,0x7e4bc	  x8=0xfe4bd810
      64865.000 ns	      6485	80001814	00d55593	srli	x11,x10,0xd	 x10:0x00000000 x11=0x00000000
      64875.000 ns	      6486	80001818	b627c493	xori	x9,x15,-1182	 x15:0x00000000  x9=0xfffffb62
      64885.000 ns	      6487	8000181c	853f6c93	ori	x25,x30,-1965	 x30:0x00000010 x25=0xfffff853
      64895.000 ns	      6488	80001820	004f1113	slli	x2,x30,0x4	 x30:0x00000010  x2=0x00000100
      64905.000 ns	      6489	80001824	00c5c933	xor	x18,x11,x12	 x11:0x00000000 x12:0x00000000 x18=0x00000000
      64925.000 ns	      6491	80001828	a01297d3	flt.s	x15,f5,f1	  f5:0x00000000  f1:0xc2b20000 x15=0x00000000
      64975.000 ns	      6496	8000182c	000172d3	fadd.s	f5,f2,f0	  f2:0x7fc00000  f0:0x00000000  f5=0x7fc00000
      64995.000 ns	      6498	80001830	1a1db393	sltiu	x7,x27,417	 x27:0xf9af2af0  x7=0x00000000
      65015.000 ns	      6500	80001834	20159053	fsgnjn.s	f0,f11,f1	 f11:0x00000000  f1:0xc2b20000  f0=0x00000000
      65035.000 ns	      6502	80001838	00000013	addi	x0,x0,0	  x0:0x00000000
      65045.000 ns	      6503	8000183c	0040c8b3	xor	x17,x1,x4	  x1:0x00000065  x4:0x00000001 x17=0x00000064
      65065.000 ns	      6505	80001840	a01d0653	fle.s	x12,f26,f1	 f26:0x7fc00000  f1:0xc2b20000 x12=0x00000000
      65115.000 ns	      6510	80001844	013b77d3	fadd.s	f15,f22,f19	 f22:0x80040fe1 f19:0x00000000 f15=0x80040fe1
      65135.000 ns	      6512	80001848	014ec1b3	xor	x3,x29,x20	 x29:0x00000010 x20:0x80041024  x3=0x80041034
      65155.000 ns	      6514	8000184c	205c22d3	fsgnjx.s	f5,f24,f5	 f24:0x00000000  f5:0x7fc00000  f5=0x00000000
      65185.000 ns	      6517	80001850	28fa0cd3	fmin.s	f25,f20,f15	 f20:0xce880000 f15:0x80040fe1 f25=0xce880000
      65225.000 ns	      6521	80001854	5803f7d3	fsqrt.s	f15,f7	  f7:0x00000000 f15=0x00000000
      65245.000 ns	      6523	80001858	01452233	slt	x4,x10,x20	 x10:0x00000000 x20:0x80041024  x4=0x00000000
      65255.000 ns	      6524	8000185c	414e8033	sub	x0,x29,x20	 x29:0x00000010 x20:0x80041024
      65265.000 ns	      6525	80001860	a236e413	ori	x8,x13,-1501	 x13:0x00000020  x8=0xfffffa23
      65275.000 ns	      6526	80001864	01e79393	slli	x7,x15,0x1e	 x15:0x00000000  x7=0x00000000
      65295.000 ns	      6528	80001868	c0188553	fcvt.wu.s	x10,f17	 f17:0x4b800000 x10=0x01000000
      65335.000 ns	      6532	8000186c	19c57553	fdiv.s	f10,f10,f28	 f10:0x00000000 f28:0x80000000 f10=0x7fc00000
      65355.000 ns	      6534	80001870	00000013	addi	x0,x0,0	  x0:0x00000000
      65365.000 ns	      6535	80001874	00c68333	add	x6,x13,x12	 x13:0x00000020 x12:0x00000000  x6=0x00000020
      65375.000 ns	      6536	80001878	01965733	srl	x14,x12,x25	 x12:0x00000000 x25:0xfffff853 x14=0x00000000
      65385.000 ns	      6537	8000187c	91852897	auipc	x17,0x91852	 x17=0x1185387c
      65395.000 ns	      6538	80001880	f1a46a93	ori	x21,x8,-230	  x8:0xfffffa23 x21=0xffffff3b
      65415.000 ns	      6540	80001884	02ccc5b3	div	x11,x25,x12	 x25:0xfffff853 x12:0x00000000 x11=0xffffffff
      65445.000 ns	      6543	80001888	21401553	fsgnjn.s	f10,f0,f20	  f0:0x00000000 f20:0xce880000 f10=0x00000000
      65815.000 ns	      6580	8000188c	039dfbb3	remu	x23,x27,x25	 x27:0xf9af2af0 x25:0xfffff853 x23=0xf9af2af0
      65845.000 ns	      6583	80001890	29fd09d3	fmin.s	f19,f26,f31	 f26:0x7fc00000 f31:0x7fc00000 f19=0x7fc00000
      65865.000 ns	      6585	80001894	005aea33	or	x20,x21,x5	 x21:0xffffff3b  x5:0x80041024 x20=0xffffff3f
      65875.000 ns	      6586	80001898	019a1fb3	sll	x31,x20,x25	 x20:0x80041024 x25:0xfffff853 x31=0xf9f80000
      65895.000 ns	      6588	8000189c	f00d0fd3	fmv.w.x	f31,x26	 x26:0x00000001 f31=0x00000001
      65925.000 ns	      6591	800018a0	e0008ed3	fmv.x.w	x29,f1	  f1:0xc2b20000 x29=0xc2b20000
      65955.000 ns	      6594	800018a4	c01af753	fcvt.wu.s	x14,f21	 f21:0x00040fe1 x14=0x00000000
      65985.000 ns	      6597	800018a8	a00e06d3	fle.s	x13,f28,f0	 f28:0x80000000  f0:0x00000000 x13=0x00000001
      66015.000 ns	      6600	800018ac	202907d3	fsgnj.s	f15,f18,f2	 f18:0x00000000  f2:0x7fc00000 f15=0x00000000
      66035.000 ns	      6602	800018b0	414d8c33	sub	x24,x27,x20	 x27:0xf9af2af0 x20:0xffffff3f x24=0xf9af2bb1
      66055.000 ns	      6604	800018b4	a03e86d3	fle.s	x13,f29,f3	 f29:0x80040fe4  f3:0x00000000 x13=0x00000001
      66085.000 ns	      6607	800018b8	28961dd3	fmax.s	f27,f12,f9	 f12:0x00000000  f9:0x00000000 f27=0x00000000
      66125.000 ns	      6611	800018bc	118b3ad3	fmul.s	f21,f22,f24	 f22:0x80040fe1 f24:0x00000000 f21=0x80000000
      66155.000 ns	      6614	800018c0	d00ef8d3	fcvt.s.w	f17,x29	 x29:0xc2b20000 f17=0xce753800
      66205.000 ns	      6619	800018c4	098270d3	fsub.s	f1,f4,f24	  f4:0x4b800000 f24:0x00000000  f1=0x4b800000
      66575.000 ns	      6656	800018c8	031a6d33	rem	x26,x20,x17	 x20:0xffffff3f x17:0x1185387c x26=0xffffff3f
      66595.000 ns	      6658	800018cc	8bff2d13	slti	x26,x30,-1857	 x30:0x00000010 x26=0x00000000
      66605.000 ns	      6659	800018d0	01be76b3	and	x13,x28,x27	 x28:0x00000000 x27:0xf9af2af0 x13=0x00000000
      66615.000 ns	      6660	800018d4	0a64e713	ori	x14,x9,166	  x9:0xfffffb62 x14=0xfffffbe6
      66635.000 ns	      6662	800018d8	a07e9c53	flt.s	x24,f29,f7	 f29:0x80040fe4  f7:0x00000000 x24=0x00000001
      66655.000 ns	      6664	800018dc	010a1613	slli	x12,x20,0x10	 x20:0xffffff3f x12=0xff3f0000
      66665.000 ns	      6665	800018e0	41bb5033	sra	x0,x22,x27	 x22:0x00000000 x27:0xf9af2af0
      66675.000 ns	      6666	800018e4	35c7c493	xori	x9,x15,860	 x15:0x00000000  x9=0x0000035c
      66695.000 ns	      6668	800018e8	204d2053	fsgnjx.s	f0,f26,f4	 f26:0x7fc00000  f4:0x4b800000  f0=0x7fc00000
      66725.000 ns	      6671	800018ec	e00e09d3	fmv.x.w	x19,f28	 f28:0x80000000 x19=0x80000000
      66745.000 ns	      6673	800018f0	001519b3	sll	x19,x10,x1	 x10:0x01000000  x1:0x00000065 x19=0x20000000
      66755.000 ns	      6674	800018f4	fec7ba93	sltiu	x21,x15,-20	 x15:0x00000000 x21=0x00000001
      66765.000 ns	      6675	800018f8	ecb58317	auipc	x6,0xecb58	  x6=0x6cb598f8
      66775.000 ns	      6676	800018fc	01f0a233	slt	x4,x1,x31	  x1:0x00000065 x31:0xf9f80000  x4=0x00000000
      66795.000 ns	      6678	80001900	c0037fd3	fcvt.w.s	x31,f6	  f6:0x4b800000 x31=0x01000000
      66815.000 ns	      6680	80001904	aa0de693	ori	x13,x27,-1376	 x27:0xf9af2af0 x13=0xfffffaf0
      66825.000 ns	      6681	80001908	01c135b3	sltu	x11,x2,x28	  x2:0x00000100 x28:0x00000000 x11=0x00000000
      66845.000 ns	      6683	8000190c	e0078b53	fmv.x.w	x22,f15	 f15:0x00000000 x22=0x00000000
      66865.000 ns	      6685	80001910	408301b3	sub	x3,x6,x8	  x6:0x6cb598f8  x8:0xfffffa23  x3=0x6cb59ed5
      66875.000 ns	      6686	80001914	00f9e0b3	or	x1,x19,x15	 x19:0x20000000 x15:0x00000000  x1=0x20000000
      66905.000 ns	      6689	80001918	19daf253	fdiv.s	f4,f21,f29	 f21:0x80000000 f29:0x80040fe4  f4=0x00000000
      66925.000 ns	      6691	8000191c	00000013	addi	x0,x0,0	  x0:0x00000000
      66935.000 ns	      6692	80001920	01d49513	slli	x10,x9,0x1d	  x9:0x0000035c x10=0x80000000
      66945.000 ns	      6693	80001924	01425993	srli	x19,x4,0x14	  x4:0x00000000 x19=0x00000000
      66965.000 ns	      6695	80001928	029b1a33	mulh	x20,x22,x9	 x22:0x00000000  x9:0x0000035c x20=0x00000000
      66985.000 ns	      6697	8000192c	009b26b3	slt	x13,x22,x9	 x22:0x00000000  x9:0x0000035c x13=0x00000001
      67005.000 ns	      6699	80001930	28349fd3	fmax.s	f31,f9,f3	  f9:0x00000000  f3:0x00000000 f31=0x00000000
      67035.000 ns	      6702	80001934	02783933	mulhu	x18,x16,x7	 x16:0x80040fe4  x7:0x00000000 x18=0x00000000
      67055.000 ns	      6704	80001938	bad66793	ori	x15,x12,-1107	 x12:0xff3f0000 x15=0xfffffbad
      67075.000 ns	      6706	8000193c	d00579d3	fcvt.s.w	f19,x10	 x10:0x80000000 f19=0xcf000000
      67115.000 ns	      6710	80001940	580af653	fsqrt.s	f12,f21	 f21:0x80000000 f12=0x80000000
      67155.000 ns	      6714	80001944	580e76d3	fsqrt.s	f13,f28	 f28:0x80000000 f13=0x80000000
      67185.000 ns	      6717	80001948	d0018fd3	fcvt.s.w	f31,x3	  x3:0x6cb59ed5 f31=0x4ed96b3d
      67205.000 ns	      6719	8000194c	8fdf6d13	ori	x26,x30,-1795	 x30:0x00000010 x26=0xfffff8fd
      67215.000 ns	      6720	80001950	018f6fb3	or	x31,x30,x24	 x30:0x00000010 x24:0x00000001 x31=0x00000011
      67255.000 ns	      6724	80001954	087d74d3	fsub.s	f9,f26,f7	 f26:0x7fc00000  f7:0x00000000  f9=0x7fc00000
      67275.000 ns	      6726	80001958	0151cfb3	xor	x31,x3,x21	  x3:0x6cb59ed5 x21:0x00000001 x31=0x6cb59ed4
      67295.000 ns	      6728	8000195c	f00c8c53	fmv.w.x	f24,x25	 x25:0xfffff853 f24=0xfffff853
      67665.000 ns	      6765	80001960	02646333	rem	x6,x8,x6	  x8:0xfffffa23  x6:0x6cb598f8  x6=0xfffffa23
      67685.000 ns	      6767	80001964	6333b917	auipc	x18,0x6333b	 x18=0xe333c964
      68045.000 ns	      6803	80001968	02c55733	divu	x14,x10,x12	 x10:0x80000000 x12:0xff3f0000 x14=0x00000000
      68065.000 ns	      6805	8000196c	69eb6997	auipc	x19,0x69eb6	 x19=0xe9eb796c
      68085.000 ns	      6807	80001970	022d1a33	mulh	x20,x26,x2	 x26:0xfffff8fd  x2:0x00000100 x20=0xffffffff
      68105.000 ns	      6809	80001974	00000013	addi	x0,x0,0	  x0:0x00000000
      68115.000 ns	      6810	80001978	87f18d13	addi	x26,x3,-1921	  x3:0x6cb59ed5 x26=0x6cb59754
      68135.000 ns	      6812	8000197c	f0068fd3	fmv.w.x	f31,x13	 x13:0x00000001 f31=0x00000001
      68505.000 ns	      6849	80001980	035346b3	div	x13,x6,x21	  x6:0xfffffa23 x21:0x00000001 x13=0xfffffa23
      68525.000 ns	      6851	80001984	00ab3b33	sltu	x22,x22,x10	 x22:0x00000000 x10:0x80000000 x22=0x00000001
      68535.000 ns	      6852	80001988	4fb87797	auipc	x15,0x4fb87	 x15=0xcfb88988
      68545.000 ns	      6853	8000198c	01fd9433	sll	x8,x27,x31	 x27:0xf9af2af0 x31:0x6cb59ed4  x8=0xaf000000
      68565.000 ns	      6855	80001990	d0027953	fcvt.s.w	f18,x4	  x4:0x00000000 f18=0x00000000
      68595.000 ns	      6858	80001994	a065aa53	feq.s	x20,f11,f6	 f11:0x00000000  f6:0x4b800000 x20=0x00000000
      68615.000 ns	      6860	80001998	4098db93	srai	x23,x17,0x9	 x17:0x1185387c x23=0x0008c29c
      68625.000 ns	      6861	8000199c	4181d4b3	sra	x9,x3,x24	  x3:0x6cb59ed5 x24:0x00000001  x9=0x365acf6a
      68635.000 ns	      6862	800019a0	40df80b3	sub	x1,x31,x13	 x31:0x6cb59ed4 x13:0xfffffa23  x1=0x6cb5a4b1
      68645.000 ns	      6863	800019a4	e4d7c513	xori	x10,x15,-435	 x15:0xcfb88988 x10=0x304777c5
      69005.000 ns	      6899	800019a8	03865eb3	divu	x29,x12,x24	 x12:0xff3f0000 x24:0x00000001 x29=0xff3f0000
      69035.000 ns	      6902	800019ac	d01afa53	fcvt.s.wu	f20,x21	 x21:0x00000001 f20=0x3f800000
      69065.000 ns	      6905	800019b0	295d9c53	fmax.s	f24,f27,f21	 f27:0x00000000 f21:0x80000000 f24=0x00000000
      69095.000 ns	      6908	800019b4	c00f4fd3	fcvt.w.s	x31,f30	 f30:0x00000000 x31=0x00000000
      69125.000 ns	      6911	800019b8	e00d0ed3	fmv.x.w	x29,f26	 f26:0x7fc00000 x29=0x7fc00000
      69145.000 ns	      6913	800019bc	01c4dd33	srl	x26,x9,x28	  x9:0x365acf6a x28:0x00000000 x26=0x365acf6a
      69165.000 ns	      6915	800019c0	c00574d3	fcvt.w.s	x9,f10	 f10:0x00000000  x9=0x00000000
      69195.000 ns	      6918	800019c4	28ff03d3	fmin.s	f7,f30,f15	 f30:0x00000000 f15:0x00000000  f7=0x00000000
      69565.000 ns	      6955	800019c8	0324f433	remu	x8,x9,x18	  x9:0x00000000 x18:0xe333c964  x8=0x00000000
      69585.000 ns	      6957	800019cc	01a050b3	srl	x1,x0,x26	  x0:0x00000000 x26:0x365acf6a  x1=0x00000000
      69605.000 ns	      6959	800019d0	20809cd3	fsgnjn.s	f25,f1,f8	  f1:0x4b800000  f8:0xffc00000 f25=0x4b800000
      69625.000 ns	      6961	800019d4	004fd733	srl	x14,x31,x4	 x31:0x00000000  x4:0x00000000 x14=0x00000000
      69645.000 ns	      6963	800019d8	c017b653	fcvt.wu.s	x12,f15	 f15:0x00000000 x12=0x00000000
      69675.000 ns	      6966	800019dc	e00490d3	fclass.s	x1,f9	  f9:0x7fc00000  x1=0x00000200
      69695.000 ns	      6968	800019e0	144bb993	sltiu	x19,x23,324	 x23:0x0008c29c x19=0x00000000
      69705.000 ns	      6969	800019e4	00f440b3	xor	x1,x8,x15	  x8:0x00000000 x15:0xcfb88988  x1=0xcfb88988
      69715.000 ns	      6970	800019e8	00700933	add	x18,x0,x7	  x0:0x00000000  x7:0x00000000 x18=0x00000000
      69735.000 ns	      6972	800019ec	21d729d3	fsgnjx.s	f19,f14,f29	 f14:0x00000000 f29:0x80040fe4 f19=0x80000000
      69755.000 ns	      6974	800019f0	01142933	slt	x18,x8,x17	  x8:0x00000000 x17:0x1185387c x18=0x00000001
      69775.000 ns	      6976	800019f4	2131a953	fsgnjx.s	f18,f3,f19	  f3:0x00000000 f19:0x80000000 f18=0x80000000
      69805.000 ns	      6979	800019f8	026a35b3	mulhu	x11,x20,x6	 x20:0x00000000  x6:0xfffffa23 x11=0x00000000
      69825.000 ns	      6981	800019fc	01eb9613	slli	x12,x23,0x1e	 x23:0x0008c29c x12=0x00000000
      69835.000 ns	      6982	80001a00	8c05f517	auipc	x10,0x8c05f	 x10=0x0c060a00
      69855.000 ns	      6984	80001a04	03f789b3	mul	x19,x15,x31	 x15:0xcfb88988 x31:0x00000000 x19=0x00000000
      69885.000 ns	      6987	80001a08	e00c9253	fclass.s	x4,f25	 f25:0x4b800000  x4=0x00000040
      70255.000 ns	      7024	80001a0c	021cf3b3	remu	x7,x25,x1	 x25:0xfffff853  x1:0xcfb88988  x7=0x30476ecb
      70285.000 ns	      7027	80001a10	039080b3	mul	x1,x1,x25	  x1:0xcfb88988 x25:0xfffff853  x1=0x94885718
      70315.000 ns	      7030	80001a14	20a507d3	fsgnj.s	f15,f10,f10	 f10:0x00000000 f10:0x00000000 f15=0x00000000
      70685.000 ns	      7067	80001a18	02406eb3	rem	x29,x0,x4	  x0:0x00000000  x4:0x00000040 x29=0x00000000
      70705.000 ns	      7069	80001a1c	40cedf93	srai	x31,x29,0xc	 x29:0x7fc00000 x31=0x00000000
      70745.000 ns	      7073	80001a20	086f17d3	fsub.s	f15,f30,f6	 f30:0x00000000  f6:0x4b800000 f15=0xcb800000
      70775.000 ns	      7076	80001a24	295b8653	fmin.s	f12,f23,f21	 f23:0x80040fe4 f21:0x80000000 f12=0x80040fe4
      71145.000 ns	      7113	80001a28	03a14f33	div	x30,x2,x26	  x2:0x00000100 x26:0x365acf6a x30=0x00000000
      71185.000 ns	      7117	80001a2c	10872153	fmul.s	f2,f14,f8	 f14:0x00000000  f8:0xffc00000  f2=0x7fc00000
      71205.000 ns	      7119	80001a30	30d88893	addi	x17,x17,781	 x17:0x1185387c x17=0x11853b89
      71245.000 ns	      7123	80001a34	01c77153	fadd.s	f2,f14,f28	 f14:0x00000000 f28:0x80000000  f2=0x80000000
      71265.000 ns	      7125	80001a38	00000013	addi	x0,x0,0	  x0:0x00000000
      71285.000 ns	      7127	80001a3c	a03f23d3	feq.s	x7,f30,f3	 f30:0x00000000  f3:0x00000000  x7=0x00000001
      71655.000 ns	      7164	80001a40	0309c0b3	div	x1,x19,x16	 x19:0x00000000 x16:0x80040fe4  x1=0x00000000
      71685.000 ns	      7167	80001a44	206d91d3	fsgnjn.s	f3,f27,f6	 f27:0x00000000  f6:0x4b800000  f3=0x80000000
      71705.000 ns	      7169	80001a48	00751c13	slli	x24,x10,0x7	 x10:0x0c060a00 x24=0x03050000
      71725.000 ns	      7171	80001a4c	d01b3f53	fcvt.s.wu	f30,x22	 x22:0x00000001 f30=0x3f800000
      71765.000 ns	      7175	80001a50	18fd7c53	fdiv.s	f24,f26,f15	 f26:0x7fc00000 f15:0xcb800000 f24=0x7fc00000
      72135.000 ns	      7212	80001a54	02fc6933	rem	x18,x24,x15	 x24:0x03050000 x15:0xcfb88988 x18=0x03050000
      72155.000 ns	      7214	80001a58	00000013	addi	x0,x0,0	  x0:0x00000000
      72165.000 ns	      7215	80001a5c	009258b3	srl	x17,x4,x9	  x4:0x00000040  x9:0x00000000 x17=0x00000040
      72185.000 ns	      7217	80001a60	d012ffd3	fcvt.s.wu	f31,x5	  x5:0x80041024 f31=0x4f000410
      72215.000 ns	      7220	80001a64	21d7a4d3	fsgnjx.s	f9,f15,f29	 f15:0xcb800000 f29:0x80040fe4  f9=0x4b800000
      72245.000 ns	      7223	80001a68	03ea59b3	divu	x19,x20,x30	 x20:0x00000000 x30:0x00000000 x19=0xffffffff
      72265.000 ns	      7225	80001a6c	d0f7fd37	lui	x26,0xd0f7f	 x26=0xd0f7f000
      72275.000 ns	      7226	80001a70	e5ae3117	auipc	x2,0xe5ae3	  x2=0x65ae4a70
      72635.000 ns	      7262	80001a74	0386f3b3	remu	x7,x13,x24	 x13:0xfffffa23 x24:0x03050000  x7=0x025bfa23
      72655.000 ns	      7264	80001a78	ecbe0a93	addi	x21,x28,-309	 x28:0x00000000 x21=0xfffffecb
      73015.000 ns	      7300	80001a7c	03355f33	divu	x30,x10,x19	 x10:0x0c060a00 x19:0xffffffff x30=0x00000000
      73035.000 ns	      7302	80001a80	40678a33	sub	x20,x15,x6	 x15:0xcfb88988  x6:0xfffffa23 x20=0xcfb88f65
      73055.000 ns	      7304	80001a84	f00f8653	fmv.w.x	f12,x31	 x31:0x00000000 f12=0x00000000
      73105.000 ns	      7309	80001a88	0957f4d3	fsub.s	f9,f15,f21	 f15:0xcb800000 f21:0x80000000  f9=0xcb800000
      73135.000 ns	      7312	80001a8c	d0163953	fcvt.s.wu	f18,x12	 x12:0x00000000 f18=0x00000000
      73155.000 ns	      7314	80001a90	01ad59b3	srl	x19,x26,x26	 x26:0xd0f7f000 x26:0xd0f7f000 x19=0xd0f7f000
      73515.000 ns	      7350	80001a94	02286233	rem	x4,x16,x2	 x16:0x80040fe4  x2:0x65ae4a70  x4=0xe5b25a54
      73555.000 ns	      7354	80001a98	183a86d3	fdiv.s	f13,f21,f3	 f21:0x80000000  f3:0x80000000 f13=0x7fc00000
      73585.000 ns	      7357	80001a9c	c01c3153	fcvt.wu.s	x2,f24	 f24:0x7fc00000  x2=0xffffffff
      73605.000 ns	      7359	80001aa0	013c20b3	slt	x1,x24,x19	 x24:0x03050000 x19:0xd0f7f000  x1=0x00000000
      73615.000 ns	      7360	80001aa4	00000013	addi	x0,x0,0	  x0:0x00000000
      73655.000 ns	      7364	80001aa8	09c5f253	fsub.s	f4,f11,f28	 f11:0x00000000 f28:0x80000000  f4=0x00000000
      73685.000 ns	      7367	80001aac	d018f953	fcvt.s.wu	f18,x17	 x17:0x00000040 f18=0x42800000
      73715.000 ns	      7370	80001ab0	029505b3	mul	x11,x10,x9	 x10:0x0c060a00  x9:0x00000000 x11=0x00000000
      73745.000 ns	      7373	80001ab4	c0128453	fcvt.wu.s	x8,f5	  f5:0x00000000  x8=0x00000000
      73765.000 ns	      7375	80001ab8	3cd00113	addi	x2,x0,973	  x0:0x00000000  x2=0x000003cd
      73805.000 ns	      7379	80001abc	08eb4053	fsub.s	f0,f22,f14	 f22:0x80040fe1 f14:0x00000000  f0=0x80040fe1
      73825.000 ns	      7381	80001ac0	129cd737	lui	x14,0x129cd	 x14=0x129cd000
      73835.000 ns	      7382	80001ac4	00000013	addi	x0,x0,0	  x0:0x00000000
      73855.000 ns	      7384	80001ac8	a1ec0953	fle.s	x18,f24,f30	 f24:0x7fc00000 f30:0x3f800000 x18=0x00000000
      73885.000 ns	      7387	80001acc	a05b0553	fle.s	x10,f22,f5	 f22:0x80040fe1  f5:0x00000000 x10=0x00000001
      73915.000 ns	      7390	80001ad0	20bb2e53	fsgnjx.s	f28,f22,f11	 f22:0x80040fe1 f11:0x00000000 f28=0x80040fe1
      73935.000 ns	      7392	80001ad4	c7cb0a17	auipc	x20,0xc7cb0	 x20=0x47cb1ad4
      73945.000 ns	      7393	80001ad8	01b91bb3	sll	x23,x18,x27	 x18:0x00000000 x27:0xf9af2af0 x23=0x00000000
      73955.000 ns	      7394	80001adc	73138c93	addi	x25,x7,1841	  x7:0x025bfa23 x25=0x025c0154
      73965.000 ns	      7395	80001ae0	000dd233	srl	x4,x27,x0	 x27:0xf9af2af0  x0:0x00000000  x4=0xf9af2af0
      73975.000 ns	      7396	80001ae4	41eb5333	sra	x6,x22,x30	 x22:0x00000001 x30:0x00000000  x6=0x00000001
      73995.000 ns	      7398	80001ae8	02160cb3	mul	x25,x12,x1	 x12:0x00000000  x1:0x00000000 x25=0x00000000
      74025.000 ns	      7401	80001aec	03cdbe33	mulhu	x28,x27,x28	 x27:0xf9af2af0 x28:0x00000000 x28=0x00000000
      74045.000 ns	      7403	80001af0	bedc6a93	ori	x21,x24,-1043	 x24:0x03050000 x21=0xfffffbed
      74055.000 ns	      7404	80001af4	01d79cb3	sll	x25,x15,x29	 x15:0xcfb88988 x29:0x00000000 x25=0xcfb88988
      74065.000 ns	      7405	80001af8	00624233	xor	x4,x4,x6	  x4:0xf9af2af0  x6:0x00000001  x4=0xf9af2af1
      74075.000 ns	      7406	80001afc	00f708b3	add	x17,x14,x15	 x14:0x129cd000 x15:0xcfb88988 x17=0xe2555988
      74115.000 ns	      7410	80001b00	01b3a253	fadd.s	f4,f7,f27	  f7:0x00000000 f27:0x00000000  f4=0x00000000
      74145.000 ns	      7413	80001b04	e0048d53	fmv.x.w	x26,f9	  f9:0xcb800000 x26=0xcb800000
      74185.000 ns	      7417	80001b08	18dc7ad3	fdiv.s	f21,f24,f13	 f24:0x7fc00000 f13:0x7fc00000 f21=0x7fc00000
      74215.000 ns	      7420	80001b0c	f00a0253	fmv.w.x	f4,x20	 x20:0x47cb1ad4  f4=0x47cb1ad4
      74235.000 ns	      7422	80001b10	006b5eb3	srl	x29,x22,x6	 x22:0x00000001  x6:0x00000001 x29=0x00000000
      74245.000 ns	      7423	80001b14	017e41b3	xor	x3,x28,x23	 x28:0x00000000 x23:0x00000000  x3=0x00000000
      74255.000 ns	      7424	80001b18	097e1d37	lui	x26,0x97e1	 x26=0x097e1000
      74275.000 ns	      7426	80001b1c	f0088bd3	fmv.w.x	f23,x17	 x17:0xe2555988 f23=0xe2555988
      74295.000 ns	      7428	80001b20	afafcb13	xori	x22,x31,-1286	 x31:0x00000000 x22=0xfffffafa
      74305.000 ns	      7429	80001b24	00181893	slli	x17,x16,0x1	 x16:0x80040fe4 x17=0x00081fc8
      74315.000 ns	      7430	80001b28	921fb137	lui	x2,0x921fb	  x2=0x921fb000
      74325.000 ns	      7431	80001b2c	16128137	lui	x2,0x16128	  x2=0x16128000
      74345.000 ns	      7433	80001b30	a17118d3	flt.s	x17,f2,f23	  f2:0x80000000 f23:0xe2555988 x17=0x00000000
      74395.000 ns	      7438	80001b34	010df953	fadd.s	f18,f27,f16	 f27:0x00000000 f16:0x7fc00000 f18=0x7fc00000
      74415.000 ns	      7440	80001b38	01562f33	slt	x30,x12,x21	 x12:0x00000000 x21:0xfffffbed x30=0x00000000
      74435.000 ns	      7442	80001b3c	218a8d53	fsgnj.s	f26,f21,f24	 f21:0x7fc00000 f24:0x7fc00000 f26=0x7fc00000
      74465.000 ns	      7445	80001b40	28971b53	fmax.s	f22,f14,f9	 f14:0x00000000  f9:0xcb800000 f22=0x00000000
      74485.000 ns	      7447	80001b44	c843ab13	slti	x22,x7,-892	  x7:0x025bfa23 x22=0x00000000
      74515.000 ns	      7450	80001b48	1051fe53	fmul.s	f28,f3,f5	  f3:0x80000000  f5:0x00000000 f28=0x80000000
      74535.000 ns	      7452	80001b4c	b1e3fe93	andi	x29,x7,-1250	  x7:0x025bfa23 x29=0x025bfa02
      74545.000 ns	      7453	80001b50	5b476e13	ori	x28,x14,1460	 x14:0x129cd000 x28=0x129cd5b4
      74565.000 ns	      7455	80001b54	211c8753	fsgnj.s	f14,f25,f17	 f25:0x4b800000 f17:0xce753800 f14=0xcb800000
      74595.000 ns	      7458	80001b58	03b92cb3	mulhsu	x25,x18,x27	 x18:0x00000000 x27:0xf9af2af0 x25=0x00000000
      74615.000 ns	      7460	80001b5c	00301d33	sll	x26,x0,x3	  x0:0x00000000  x3:0x00000000 x26=0x00000000
      74645.000 ns	      7463	80001b60	104b26d3	fmul.s	f13,f22,f4	 f22:0x00000000  f4:0x47cb1ad4 f13=0x00000000
      74675.000 ns	      7466	80001b64	f00f8553	fmv.w.x	f10,x31	 x31:0x00000000 f10=0x00000000
      74695.000 ns	      7468	80001b68	01c2b633	sltu	x12,x5,x28	  x5:0x80041024 x28:0x129cd5b4 x12=0x00000000
      74705.000 ns	      7469	80001b6c	002de933	or	x18,x27,x2	 x27:0xf9af2af0  x2:0x16128000 x18=0xffbfaaf0
      74725.000 ns	      7471	80001b70	02a126b3	mulhsu	x13,x2,x10	  x2:0x16128000 x10:0x00000001 x13=0x00000000
      74755.000 ns	      7474	80001b74	e00a0bd3	fmv.x.w	x23,f20	 f20:0x3f800000 x23=0x3f800000
      74775.000 ns	      7476	80001b78	018d3b33	sltu	x22,x26,x24	 x26:0x00000000 x24:0x03050000 x22=0x00000001
      74785.000 ns	      7477	80001b7c	01169033	sll	x0,x13,x17	 x13:0x00000000 x17:0x00000000
      74805.000 ns	      7479	80001b80	29809453	fmax.s	f8,f1,f24	  f1:0x4b800000 f24:0x7fc00000  f8=0x4b800000
      74845.000 ns	      7483	80001b84	192e7c53	fdiv.s	f24,f28,f18	 f28:0x80000000 f18:0x7fc00000 f24=0x7fc00000
      74865.000 ns	      7485	80001b88	812bbd37	lui	x26,0x812bb	 x26=0x812bb000
      74875.000 ns	      7486	80001b8c	41835693	srai	x13,x6,0x18	  x6:0x00000001 x13=0x00000000
      74915.000 ns	      7490	80001b90	0853f953	fsub.s	f18,f7,f5	  f7:0x00000000  f5:0x00000000 f18=0x80000000
      75285.000 ns	      7527	80001b94	035143b3	div	x7,x2,x21	  x2:0x16128000 x21:0xfffffbed  x7=0xfffa951c
      75305.000 ns	      7529	80001b98	016d1733	sll	x14,x26,x22	 x26:0x812bb000 x22:0x00000001 x14=0x02576000
      75315.000 ns	      7530	80001b9c	01331913	slli	x18,x6,0x13	  x6:0x00000001 x18=0x00080000
      75335.000 ns	      7532	80001ba0	28ff82d3	fmin.s	f5,f31,f15	 f31:0x4f000410 f15:0xcb800000  f5=0xcb800000
      75355.000 ns	      7534	80001ba4	006decb3	or	x25,x27,x6	 x27:0xf9af2af0  x6:0x00000001 x25=0xf9af2af1
      75365.000 ns	      7535	80001ba8	009265b3	or	x11,x4,x9	  x4:0xf9af2af1  x9:0x00000000 x11=0xf9af2af1
      75385.000 ns	      7537	80001bac	213b2cd3	fsgnjx.s	f25,f22,f19	 f22:0x00000000 f19:0x80000000 f25=0x80000000
      75415.000 ns	      7540	80001bb0	a0412653	feq.s	x12,f2,f4	  f2:0x80000000  f4:0x47cb1ad4 x12=0x00000000
      75435.000 ns	      7542	80001bb4	00754133	xor	x2,x10,x7	 x10:0x00000001  x7:0xfffa951c  x2=0xfffa951d
      75445.000 ns	      7543	80001bb8	0149aab3	slt	x21,x19,x20	 x19:0xd0f7f000 x20:0x47cb1ad4 x21=0x00000001
      75455.000 ns	      7544	80001bbc	6b937593	andi	x11,x6,1721	  x6:0x00000001 x11=0x00000001
      75475.000 ns	      7546	80001bc0	d00386d3	fcvt.s.w	f13,x7	  x7:0xfffa951c f13=0xc8ad5c80
      75505.000 ns	      7549	80001bc4	e0070a53	fmv.x.w	x20,f14	 f14:0xcb800000 x20=0xcb800000
      75535.000 ns	      7552	80001bc8	200f8e53	fsgnj.s	f28,f31,f0	 f31:0x4f000410  f0:0x80040fe1 f28=0xcf000410
      75555.000 ns	      7554	80001bcc	01677eb3	and	x29,x14,x22	 x14:0x02576000 x22:0x00000001 x29=0x00000000
      75565.000 ns	      7555	80001bd0	0114c233	xor	x4,x9,x17	  x9:0x00000000 x17:0x00000000  x4=0x00000000
      75575.000 ns	      7556	80001bd4	00117eb3	and	x29,x2,x1	  x2:0xfffa951d  x1:0x00000000 x29=0x00000000
      75585.000 ns	      7557	80001bd8	0190f7b3	and	x15,x1,x25	  x1:0x00000000 x25:0xf9af2af1 x15=0x00000000
      75605.000 ns	      7559	80001bdc	023fc433	div	x8,x31,x3	 x31:0x00000000  x3:0x00000000  x8=0xffffffff
      75945.000 ns	      7593	80001be0	1897ccd3	fdiv.s	f25,f15,f9	 f15:0xcb800000  f9:0xcb800000 f25=0x3f000000
      75975.000 ns	      7596	80001be4	d00374d3	fcvt.s.w	f9,x6	  x6:0x00000001  f9=0x3f800000
      75995.000 ns	      7598	80001be8	22a3e197	auipc	x3,0x22a3e	  x3=0xa2a3fbe8
      76355.000 ns	      7634	80001bec	03c14ab3	div	x21,x2,x28	  x2:0xfffa951d x28:0x129cd5b4 x21=0x00000000
      76385.000 ns	      7637	80001bf0	205ba853	fsgnjx.s	f16,f23,f5	 f23:0xe2555988  f5:0xcb800000 f16=0x62555988
      76405.000 ns	      7639	80001bf4	00e316b3	sll	x13,x6,x14	  x6:0x00000001 x14:0x02576000 x13=0x00000001
      76415.000 ns	      7640	80001bf8	cbf3e317	auipc	x6,0xcbf3e	  x6=0x4bf3fbf8
      76425.000 ns	      7641	80001bfc	016c8b33	add	x22,x25,x22	 x25:0xf9af2af1 x22:0x00000001 x22=0xf9af2af2
      76455.000 ns	      7644	80001c00	11d976d3	fmul.s	f13,f18,f29	 f18:0x80000000 f29:0x80040fe4 f13=0x00000000
      76485.000 ns	      7647	80001c04	20318553	fsgnj.s	f10,f3,f3	  f3:0x80000000  f3:0x80000000 f10=0x80000000
      76505.000 ns	      7649	80001c08	439231b7	lui	x3,0x43923	  x3=0x43923000
      76865.000 ns	      7685	80001c0c	02636533	rem	x10,x6,x6	  x6:0x4bf3fbf8  x6:0x4bf3fbf8 x10=0x00000000
      77235.000 ns	      7722	80001c10	02df4ab3	div	x21,x30,x13	 x30:0x00000000 x13:0x00000001 x21=0x00000000
      77255.000 ns	      7724	80001c14	e045f613	andi	x12,x11,-508	 x11:0x00000001 x12=0x00000000
      77265.000 ns	      7725	80001c18	41230633	sub	x12,x6,x18	  x6:0x4bf3fbf8 x18:0x00080000 x12=0x4bebfbf8
      77285.000 ns	      7727	80001c1c	02cd03b3	mul	x7,x26,x12	 x26:0x812bb000 x12:0x00000000  x7=0x87e28000
      77315.000 ns	      7730	80001c20	2120a953	fsgnjx.s	f18,f1,f18	  f1:0x4b800000 f18:0x80000000 f18=0xcb800000
      77335.000 ns	      7732	80001c24	1c04bd13	sltiu	x26,x9,448	  x9:0x00000000 x26=0x00000001
      77355.000 ns	      7734	80001c28	283d1553	fmax.s	f10,f26,f3	 f26:0x7fc00000  f3:0x80000000 f10=0x80000000
      77395.000 ns	      7738	80001c2c	10777fd3	fmul.s	f31,f14,f7	 f14:0xcb800000  f7:0x00000000 f31=0x80000000
      77425.000 ns	      7741	80001c30	d00370d3	fcvt.s.w	f1,x6	  x6:0x4bf3fbf8  f1=0x4e97e7f7
      77445.000 ns	      7743	80001c34	2ebf2a93	slti	x21,x30,747	 x30:0x00000000 x21=0x00000001
      77455.000 ns	      7744	80001c38	5e8e2b13	slti	x22,x28,1512	 x28:0x129cd5b4 x22=0x00000000
      77475.000 ns	      7746	80001c3c	033213b3	mulh	x7,x4,x19	  x4:0x00000000 x19:0xd0f7f000  x7=0x00000000
      77525.000 ns	      7751	80001c40	09d8fa53	fsub.s	f20,f17,f29	 f17:0xce753800 f29:0x80040fe4 f20=0xce753800
      77555.000 ns	      7754	80001c44	e00c0653	fmv.x.w	x12,f24	 f24:0x7fc00000 x12=0x7fc00000
      77575.000 ns	      7756	80001c48	7b70e713	ori	x14,x1,1975	  x1:0x00000000 x14=0x000007b7
      77605.000 ns	      7759	80001c4c	11ec1853	fmul.s	f16,f24,f30	 f24:0x7fc00000 f30:0x3f800000 f16=0x7fc00000
      77635.000 ns	      7762	80001c50	21a81d53	fsgnjn.s	f26,f16,f26	 f16:0x62555988 f26:0x7fc00000 f26=0xffc00000
      77655.000 ns	      7764	80001c54	3c187713	andi	x14,x16,961	 x16:0x80040fe4 x14=0x000003c0
      77665.000 ns	      7765	80001c58	018fe1b3	or	x3,x31,x24	 x31:0x00000000 x24:0x03050000  x3=0x03050000
      77705.000 ns	      7769	80001c5c	0076f553	fadd.s	f10,f13,f7	 f13:0x00000000  f7:0x00000000 f10=0x00000000
      77725.000 ns	      7771	80001c60	01662333	slt	x6,x12,x22	 x12:0x7fc00000 x22:0x00000000  x6=0x00000000
      77745.000 ns	      7773	80001c64	03644233	div	x4,x8,x22	  x8:0xffffffff x22:0x00000000  x4=0xffffffff
      77775.000 ns	      7776	80001c68	a1b40153	fle.s	x2,f8,f27	  f8:0x4b800000 f27:0x00000000  x2=0x00000000
      77815.000 ns	      7780	80001c6c	198ea553	fdiv.s	f10,f29,f24	 f29:0x80040fe4 f24:0x7fc00000 f10=0x7fc00000
      77835.000 ns	      7782	80001c70	01192e33	slt	x28,x18,x17	 x18:0x00080000 x17:0x00000000 x28=0x00000000
      77845.000 ns	      7783	80001c74	00a20e33	add	x28,x4,x10	  x4:0xffffffff x10:0x00000000 x28=0xffffffff
      77865.000 ns	      7785	80001c78	032c1933	mulh	x18,x24,x18	 x24:0x03050000 x18:0x00080000 x18=0x00001828
      77885.000 ns	      7787	80001c7c	00455633	srl	x12,x10,x4	 x10:0x00000000  x4:0xffffffff x12=0x00000000
      77895.000 ns	      7788	80001c80	01451e93	slli	x29,x10,0x14	 x10:0x00000000 x29=0x00000000
      77905.000 ns	      7789	80001c84	0043c7b3	xor	x15,x7,x4	  x7:0x00000000  x4:0xffffffff x15=0xffffffff
      77915.000 ns	      7790	80001c88	00414333	xor	x6,x2,x4	  x2:0x00000000  x4:0xffffffff  x6=0xffffffff
      77935.000 ns	      7792	80001c8c	02348033	mul	x0,x9,x3	  x9:0x00000000  x3:0x03050000
      77965.000 ns	      7795	80001c90	032a05b3	mul	x11,x20,x18	 x20:0xcb800000 x18:0x00001828 x11=0xcc000000
      77995.000 ns	      7798	80001c94	02a4d433	divu	x8,x9,x10	  x9:0x00000000 x10:0x00000000  x8=0xffffffff
      78025.000 ns	      7801	80001c98	289f9ed3	fmax.s	f29,f31,f9	 f31:0x80000000  f9:0x3f800000 f29=0x3f800000
      78055.000 ns	      7804	80001c9c	a05f90d3	flt.s	x1,f31,f5	 f31:0x80000000  f5:0xcb800000  x1=0x00000000
      78075.000 ns	      7806	80001ca0	016061b3	or	x3,x0,x22	  x0:0x00000000 x22:0x00000000  x3=0x00000000
      78095.000 ns	      7808	80001ca4	20c48cd3	fsgnj.s	f25,f9,f12	  f9:0x3f800000 f12:0x00000000 f25=0x3f800000
      78135.000 ns	      7812	80001ca8	5809fdd3	fsqrt.s	f27,f19	 f19:0x80000000 f27=0x80000000
      78185.000 ns	      7817	80001cac	00cc13d3	fadd.s	f7,f24,f12	 f24:0x7fc00000 f12:0x00000000  f7=0x7fc00000
      78215.000 ns	      7820	80001cb0	029636b3	mulhu	x13,x12,x9	 x12:0x00000000  x9:0x00000000 x13=0x00000000
      78235.000 ns	      7822	80001cb4	01b80d33	add	x26,x16,x27	 x16:0x80040fe4 x27:0xf9af2af0 x26=0x79b33ad4
      78265.000 ns	      7825	80001cb8	19b577d3	fdiv.s	f15,f10,f27	 f10:0x7fc00000 f27:0x80000000 f15=0x7fc00000
      78285.000 ns	      7827	80001cbc	01cd6fb3	or	x31,x26,x28	 x26:0x00000001 x28:0xffffffff x31=0xffffffff
      78305.000 ns	      7829	80001cc0	21f48253	fsgnj.s	f4,f9,f31	  f9:0x3f800000 f31:0x80000000  f4=0xbf800000
      78345.000 ns	      7833	80001cc4	100d0e53	fmul.s	f28,f26,f0	 f26:0xffc00000  f0:0x80040fe1 f28=0x7fc00000
      78375.000 ns	      7836	80001cc8	e00f8953	fmv.x.w	x18,f31	 f31:0x80000000 x18=0x80000000
      78405.000 ns	      7839	80001ccc	a0799253	flt.s	x4,f19,f7	 f19:0x80000000  f7:0x7fc00000  x4=0x00000000
      78425.000 ns	      7841	80001cd0	72d0ab97	auipc	x23,0x72d0a	 x23=0xf2d0bcd0
      78445.000 ns	      7843	80001cd4	c00dc553	fcvt.w.s	x10,f27	 f27:0x80000000 x10=0x00000000
      78475.000 ns	      7846	80001cd8	c01f9fd3	fcvt.wu.s	x31,f31	 f31:0x80000000 x31=0x00000000
      78495.000 ns	      7848	80001cdc	00d70bb3	add	x23,x14,x13	 x14:0x000003c0 x13:0x00000000 x23=0x000003c0
      78855.000 ns	      7884	80001ce0	03595fb3	divu	x31,x18,x21	 x18:0x80000000 x21:0x00000001 x31=0x80000000
      78875.000 ns	      7886	80001ce4	017bb333	sltu	x6,x23,x23	 x23:0xf2d0bcd0 x23:0xf2d0bcd0  x6=0x00000000
      78895.000 ns	      7888	80001ce8	f00187d3	fmv.w.x	f15,x3	  x3:0x00000000 f15=0x00000000
      79265.000 ns	      7925	80001cec	0387f0b3	remu	x1,x15,x24	 x15:0xffffffff x24:0x03050000  x1=0x025bffff
      79295.000 ns	      7928	80001cf0	03458d33	mul	x26,x11,x20	 x11:0xcc000000 x20:0xcb800000 x26=0x00000000
      79315.000 ns	      7930	80001cf4	00fb5bb3	srl	x23,x22,x15	 x22:0x00000000 x15:0xffffffff x23=0x00000000
      79325.000 ns	      7931	80001cf8	0179e8b3	or	x17,x19,x23	 x19:0xd0f7f000 x23:0x000003c0 x17=0xd0f7f000
      79345.000 ns	      7933	80001cfc	e00a9053	fclass.s	x0,f21	 f21:0x7fc00000
      79385.000 ns	      7937	80001d00	102a7bd3	fmul.s	f23,f20,f2	 f20:0xce753800  f2:0x80000000 f23=0x00000000
      79405.000 ns	      7939	80001d04	00000013	addi	x0,x0,0	  x0:0x00000000
      79425.000 ns	      7941	80001d08	025631b3	mulhu	x3,x12,x5	 x12:0x00000000  x5:0x80041024  x3=0x00000000
      79455.000 ns	      7944	80001d0c	c0127f53	fcvt.wu.s	x30,f4	  f4:0xbf800000 x30=0x00000001
      79485.000 ns	      7947	80001d10	a188a9d3	feq.s	x19,f17,f24	 f17:0xce753800 f24:0x7fc00000 x19=0x00000000
      79505.000 ns	      7949	80001d14	01541513	slli	x10,x8,0x15	  x8:0xffffffff x10=0xffe00000
      79525.000 ns	      7951	80001d18	a1ad8a53	fle.s	x20,f27,f26	 f27:0x80000000 f26:0xffc00000 x20=0x00000000
      79545.000 ns	      7953	80001d1c	92733313	sltiu	x6,x6,-1753	  x6:0x00000000  x6=0x00000001
      79555.000 ns	      7954	80001d20	41705433	sra	x8,x0,x23	  x0:0x00000000 x23:0x00000000  x8=0x00000000
      79565.000 ns	      7955	80001d24	ee748793	addi	x15,x9,-281	  x9:0x00000000 x15=0xfffffee7
      79575.000 ns	      7956	80001d28	2c35ba13	sltiu	x20,x11,707	 x11:0xcc000000 x20=0x00000000
      79585.000 ns	      7957	80001d2c	0021e633	or	x12,x3,x2	  x3:0x00000000  x2:0x00000000 x12=0x00000000
      79625.000 ns	      7961	80001d30	00e1fdd3	fadd.s	f27,f3,f14	  f3:0x80000000 f14:0xcb800000 f27=0xcb800000
      79655.000 ns	      7964	80001d34	286e87d3	fmin.s	f15,f29,f6	 f29:0x3f800000  f6:0x4b800000 f15=0x3f800000
      79695.000 ns	      7968	80001d38	11e57953	fmul.s	f18,f10,f30	 f10:0x7fc00000 f30:0x3f800000 f18=0x7fc00000
      79725.000 ns	      7971	80001d3c	a0e7ae53	feq.s	x28,f15,f14	 f15:0x3f800000 f14:0xcb800000 x28=0x00000000
      79755.000 ns	      7974	80001d40	c0020753	fcvt.w.s	x14,f4	  f4:0xbf800000 x14=0xffffffff
      79785.000 ns	      7977	80001d44	a0138553	fle.s	x10,f7,f1	  f7:0x7fc00000  f1:0x4e97e7f7 x10=0x00000000
      79805.000 ns	      7979	80001d48	412dd9b3	sra	x19,x27,x18	 x27:0xf9af2af0 x18:0x80000000 x19=0xf9af2af0
      79825.000 ns	      7981	80001d4c	e0001bd3	fclass.s	x23,f0	  f0:0x80040fe1 x23=0x00000004
      79875.000 ns	      7986	80001d50	0816aad3	fsub.s	f21,f13,f1	 f13:0x00000000  f1:0x4e97e7f7 f21=0xce97e7f7
      79895.000 ns	      7988	80001d54	0081d213	srli	x4,x3,0x8	  x3:0x00000000  x4=0x00000000
      79905.000 ns	      7989	80001d58	00c15233	srl	x4,x2,x12	  x2:0x00000000 x12:0x00000000  x4=0x00000000
      79925.000 ns	      7991	80001d5c	020c67b3	rem	x15,x24,x0	 x24:0x03050000  x0:0x00000000 x15=0x03050000
      79965.000 ns	      7995	80001d60	11bb0353	fmul.s	f6,f22,f27	 f22:0x00000000 f27:0xcb800000  f6=0x80000000
      79985.000 ns	      7997	80001d64	15879e97	auipc	x29,0x15879	 x29=0x9587ad64
      80005.000 ns	      7999	80001d68	a0aea553	feq.s	x10,f29,f10	 f29:0x3f800000 f10:0x7fc00000 x10=0x00000000
      80025.000 ns	      8001	80001d6c	016db8b3	sltu	x17,x27,x22	 x27:0xf9af2af0 x22:0x00000000 x17=0x00000000
      80035.000 ns	      8002	80001d70	bb417b13	andi	x22,x2,-1100	  x2:0x00000000 x22=0x00000000
      80055.000 ns	      8004	80001d74	c01f7ed3	fcvt.wu.s	x29,f30	 f30:0x3f800000 x29=0x00000001
      80075.000 ns	      8006	80001d78	04c8c6b7	lui	x13,0x4c8c	 x13=0x04c8c000
      80095.000 ns	      8008	80001d7c	02fe2b33	mulhsu	x22,x28,x15	 x28:0x00000000 x15:0x03050000 x22=0x00000000
      80115.000 ns	      8010	80001d80	0002f233	and	x4,x5,x0	  x5:0x80041024  x0:0x00000000  x4=0x00000000
      80135.000 ns	      8012	80001d84	e00c91d3	fclass.s	x3,f25	 f25:0x3f800000  x3=0x00000040
      80165.000 ns	      8015	80001d88	a023abd3	feq.s	x23,f7,f2	  f7:0x7fc00000  f2:0x80000000 x23=0x00000000
      80185.000 ns	      8017	80001d8c	f90fba13	sltiu	x20,x31,-112	 x31:0x80000000 x20=0x00000001
      80205.000 ns	      8019	80001d90	c018f3d3	fcvt.wu.s	x7,f17	 f17:0xce753800  x7=0x3d4e0000
      80225.000 ns	      8021	80001d94	743e4c93	xori	x25,x28,1859	 x28:0x00000000 x25=0x00000743
      80235.000 ns	      8022	80001d98	f5cc2793	slti	x15,x24,-164	 x24:0x03050000 x15=0x00000000
      80255.000 ns	      8024	80001d9c	a07d9653	flt.s	x12,f27,f7	 f27:0xcb800000  f7:0x7fc00000 x12=0x00000000
      80285.000 ns	      8027	80001da0	d00c7bd3	fcvt.s.w	f23,x24	 x24:0x03050000 f23=0x4c414000
      80315.000 ns	      8030	80001da4	a17c9753	flt.s	x14,f25,f23	 f25:0x3f800000 f23:0x00000000 x14=0x00000001
      80335.000 ns	      8032	80001da8	4004d793	srai	x15,x9,0x0	  x9:0x00000000 x15=0x00000000
      80355.000 ns	      8034	80001dac	03faad33	mulhsu	x26,x21,x31	 x21:0x00000001 x31:0x80000000 x26=0x00000000
      80375.000 ns	      8036	80001db0	05ed8337	lui	x6,0x5ed8	  x6=0x05ed8000
      80385.000 ns	      8037	80001db4	00000013	addi	x0,x0,0	  x0:0x00000000
      80405.000 ns	      8039	80001db8	028a01b3	mul	x3,x20,x8	 x20:0x00000001  x8:0x00000000  x3=0x00000000
      80425.000 ns	      8041	80001dbc	01bb6c33	or	x24,x22,x27	 x22:0x00000000 x27:0xf9af2af0 x24=0xf9af2af0
      80435.000 ns	      8042	80001dc0	01683bb3	sltu	x23,x16,x22	 x16:0x80040fe4 x22:0x00000000 x23=0x00000000
      80445.000 ns	      8043	80001dc4	00a00033	add	x0,x0,x10	  x0:0x00000000 x10:0x00000000
      80465.000 ns	      8045	80001dc8	21aba3d3	fsgnjx.s	f7,f23,f26	 f23:0x4c414000 f26:0xffc00000  f7=0xcc414000
      80495.000 ns	      8048	80001dcc	0282eeb3	rem	x29,x5,x8	  x5:0x80041024  x8:0x00000000 x29=0x80041024
      80525.000 ns	      8051	80001dd0	02a86033	rem	x0,x16,x10	 x16:0x80040fe4 x10:0x00000000
      80555.000 ns	      8054	80001dd4	03390c33	mul	x24,x18,x19	 x18:0x80000000 x19:0xf9af2af0 x24=0x00000000
      80595.000 ns	      8058	80001dd8	194e7b53	fdiv.s	f22,f28,f20	 f28:0x7fc00000 f20:0xce753800 f22=0x7fc00000
      80615.000 ns	      8060	80001ddc	0001fc33	and	x24,x3,x0	  x3:0x00000000  x0:0x00000000 x24=0x00000000
      80645.000 ns	      8063	80001de0	18b9bcd3	fdiv.s	f25,f19,f11	 f19:0x80000000 f11:0x00000000 f25=0x7fc00000
      80675.000 ns	      8066	80001de4	207f8ed3	fsgnj.s	f29,f31,f7	 f31:0x80000000  f7:0xcc414000 f29=0x80000000
      80705.000 ns	      8069	80001de8	02fecab3	div	x21,x29,x15	 x29:0x80041024 x15:0x00000000 x21=0xffffffff
      80735.000 ns	      8072	80001dec	28b498d3	fmax.s	f17,f9,f11	  f9:0x3f800000 f11:0x00000000 f17=0x3f800000
      80755.000 ns	      8074	80001df0	015430b3	sltu	x1,x8,x21	  x8:0x00000000 x21:0xffffffff  x1=0x00000001
      80765.000 ns	      8075	80001df4	415f5093	srai	x1,x30,0x15	 x30:0x00000001  x1=0x00000000
      80785.000 ns	      8077	80001df8	d0188b53	fcvt.s.wu	f22,x17	 x17:0x00000000 f22=0x00000000
      80815.000 ns	      8080	80001dfc	e00404d3	fmv.x.w	x9,f8	  f8:0x4b800000  x9=0x4b800000
      80845.000 ns	      8083	80001e00	02491a33	mulh	x20,x18,x4	 x18:0x80000000  x4:0x00000000 x20=0x00000000
      80865.000 ns	      8085	80001e04	002a49b3	xor	x19,x20,x2	 x20:0x00000001  x2:0x00000000 x19=0x00000000
      81225.000 ns	      8121	80001e08	02b8f1b3	remu	x3,x17,x11	 x17:0x00000000 x11:0xcc000000  x3=0x00000000
      81265.000 ns	      8125	80001e0c	19217ad3	fdiv.s	f21,f2,f18	  f2:0x80000000 f18:0x7fc00000 f21=0x7fc00000
      81285.000 ns	      8127	80001e10	01168933	add	x18,x13,x17	 x13:0x04c8c000 x17:0x00000000 x18=0x04c8c000
      81305.000 ns	      8129	80001e14	c016f353	fcvt.wu.s	x6,f13	 f13:0x00000000  x6=0x00000000
      81355.000 ns	      8134	80001e18	083b3cd3	fsub.s	f25,f22,f3	 f22:0x00000000  f3:0x80000000 f25=0x00000000
      81375.000 ns	      8136	80001e1c	bf025337	lui	x6,0xbf025	  x6=0xbf025000
      81395.000 ns	      8138	80001e20	f00089d3	fmv.w.x	f19,x1	  x1:0x00000000 f19=0x00000000
      81425.000 ns	      8141	80001e24	d01ff0d3	fcvt.s.wu	f1,x31	 x31:0x80000000  f1=0x4f000000
      81445.000 ns	      8143	80001e28	00a3d933	srl	x18,x7,x10	  x7:0x3d4e0000 x10:0x00000000 x18=0x3d4e0000
      81455.000 ns	      8144	80001e2c	00c7a9b3	slt	x19,x15,x12	 x15:0x00000000 x12:0x00000000 x19=0x00000000
      81475.000 ns	      8146	80001e30	a077ab53	feq.s	x22,f15,f7	 f15:0x3f800000  f7:0xcc414000 x22=0x00000000
      81495.000 ns	      8148	80001e34	f0e30f93	addi	x31,x6,-242	  x6:0xbf025000 x31=0xbf024f0e
      81515.000 ns	      8150	80001e38	c0187253	fcvt.wu.s	x4,f16	 f16:0x7fc00000  x4=0xffffffff
      81545.000 ns	      8153	80001e3c	a16da5d3	feq.s	x11,f27,f22	 f27:0xcb800000 f22:0x00000000 x11=0x00000000
      81565.000 ns	      8155	80001e40	1231c013	xori	x0,x3,291	  x3:0x00000000
      81585.000 ns	      8157	80001e44	c001f3d3	fcvt.w.s	x7,f3	  f3:0x80000000  x7=0x00000000
      81625.000 ns	      8161	80001e48	1174ff53	fmul.s	f30,f9,f23	  f9:0x3f800000 f23:0x4c414000 f30=0x4c414000
      81655.000 ns	      8164	80001e4c	03368d33	mul	x26,x13,x19	 x13:0x04c8c000 x19:0x00000000 x26=0x00000000
      81685.000 ns	      8167	80001e50	032a0b33	mul	x22,x20,x18	 x20:0x00000000 x18:0x3d4e0000 x22=0x00000000
      81705.000 ns	      8169	80001e54	b7b07f13	andi	x30,x0,-1157	  x0:0x00000000 x30=0x00000000
      82065.000 ns	      8205	80001e58	0357c6b3	div	x13,x15,x21	 x15:0x00000000 x21:0xffffffff x13=0x00000000
      82095.000 ns	      8208	80001e5c	03250e33	mul	x28,x10,x18	 x10:0x00000000 x18:0x3d4e0000 x28=0x00000000
      82115.000 ns	      8210	80001e60	1a563a93	sltiu	x21,x12,421	 x12:0x00000000 x21=0x00000001
      82125.000 ns	      8211	80001e64	00710e33	add	x28,x2,x7	  x2:0x00000000  x7:0x00000000 x28=0x00000000
      82165.000 ns	      8215	80001e68	007070d3	fadd.s	f1,f0,f7	  f0:0x80040fe1  f7:0xcc414000  f1=0xcc414000
      82185.000 ns	      8217	80001e6c	016f5113	srli	x2,x30,0x16	 x30:0x00000000  x2=0x00000000
      82205.000 ns	      8219	80001e70	21da0c53	fsgnj.s	f24,f20,f29	 f20:0xce753800 f29:0x80000000 f24=0xce753800
      82225.000 ns	      8221	80001e74	00000013	addi	x0,x0,0	  x0:0x00000000
      82235.000 ns	      8222	80001e78	00000013	addi	x0,x0,0	  x0:0x00000000
      82265.000 ns	      8225	80001e7c	19cd7353	fdiv.s	f6,f26,f28	 f26:0xffc00000 f28:0x7fc00000  f6=0x7fc00000
      82285.000 ns	      8227	80001e80	40715e13	srai	x28,x2,0x7	  x2:0x00000000 x28=0x00000000
      82295.000 ns	      8228	80001e84	301aa493	slti	x9,x21,769	 x21:0x00000001  x9=0x00000001
      82305.000 ns	      8229	80001e88	43b807b7	lui	x15,0x43b80	 x15=0x43b80000
      82325.000 ns	      8231	80001e8c	02032033	mulhsu	x0,x6,x0	  x6:0xbf025000  x0:0x00000000
      82355.000 ns	      8234	80001e90	02cf5133	divu	x2,x30,x12	 x30:0x00000000 x12:0x00000000  x2=0xffffffff
      82375.000 ns	      8236	80001e94	e6b4a193	slti	x3,x9,-405	  x9:0x00000001  x3=0x00000000
      82385.000 ns	      8237	80001e98	00dd5933	srl	x18,x26,x13	 x26:0x00000000 x13:0x00000000 x18=0x00000000
      82405.000 ns	      8239	80001e9c	28fe1853	fmax.s	f16,f28,f15	 f28:0x7fc00000 f15:0x3f800000 f16=0x3f800000
      82435.000 ns	      8242	80001ea0	034e4333	div	x6,x28,x20	 x28:0x00000000 x20:0x00000000  x6=0xffffffff
      82455.000 ns	      8244	80001ea4	000e18b3	sll	x17,x28,x0	 x28:0x00000000  x0:0x00000000 x17=0x00000000
      82495.000 ns	      8248	80001ea8	01b11853	fadd.s	f16,f2,f27	  f2:0x80000000 f27:0xcb800000 f16=0xcb800000
      82515.000 ns	      8250	80001eac	00000013	addi	x0,x0,0	  x0:0x00000000
      82525.000 ns	      8251	80001eb0	4203aa93	slti	x21,x7,1056	  x7:0x00000000 x21=0x00000001
      82535.000 ns	      8252	80001eb4	01f70533	add	x10,x14,x31	 x14:0x00000001 x31:0xbf024f0e x10=0xbf024f0f
      82555.000 ns	      8254	80001eb8	021c6f33	rem	x30,x24,x1	 x24:0x00000000  x1:0x00000000 x30=0x00000000
      82585.000 ns	      8257	80001ebc	d00ab9d3	fcvt.s.w	f19,x21	 x21:0x00000001 f19=0x3f800000
      82605.000 ns	      8259	80001ec0	42f884b7	lui	x9,0x42f88	  x9=0x42f88000
      82615.000 ns	      8260	80001ec4	01e056b3	srl	x13,x0,x30	  x0:0x00000000 x30:0x00000000 x13=0x00000000
      82625.000 ns	      8261	80001ec8	00e21f33	sll	x30,x4,x14	  x4:0xffffffff x14:0x00000001 x30=0xfffffffe
      82635.000 ns	      8262	80001ecc	01e404b3	add	x9,x8,x30	  x8:0x00000000 x30:0x00000000  x9=0xfffffffe
      82645.000 ns	      8263	80001ed0	00000013	addi	x0,x0,0	  x0:0x00000000
      82655.000 ns	      8264	80001ed4	44b0b3b7	lui	x7,0x44b0b	  x7=0x44b0b000
      82665.000 ns	      8265	80001ed8	00415993	srli	x19,x2,0x4	  x2:0xffffffff x19=0x0fffffff
      82685.000 ns	      8267	80001edc	e00509d3	fmv.x.w	x19,f10	 f10:0x7fc00000 x19=0x7fc00000
      82715.000 ns	      8270	80001ee0	e00e1253	fclass.s	x4,f28	 f28:0x7fc00000  x4=0x00000200
      82745.000 ns	      8273	80001ee4	02589bb3	mulh	x23,x17,x5	 x17:0x00000000  x5:0x80041024 x23=0x00000000
      83115.000 ns	      8310	80001ee8	02aa4cb3	div	x25,x20,x10	 x20:0x00000000 x10:0xbf024f0f x25=0x00000000
      83165.000 ns	      8315	80001eec	005d14d3	fadd.s	f9,f26,f5	 f26:0xffc00000  f5:0xcb800000  f9=0x7fc00000
      83205.000 ns	      8319	80001ef0	58037553	fsqrt.s	f10,f6	  f6:0x7fc00000 f10=0x7fc00000
      83235.000 ns	      8322	80001ef4	0343c9b3	div	x19,x7,x20	  x7:0x44b0b000 x20:0x00000000 x19=0xffffffff
      83255.000 ns	      8324	80001ef8	417fd993	srai	x19,x31,0x17	 x31:0xbf024f0e x19=0xffffff7e
      83265.000 ns	      8325	80001efc	9da1c893	xori	x17,x3,-1574	  x3:0x00000000 x17=0xfffff9da
      83285.000 ns	      8327	80001f00	e0041353	fclass.s	x6,f8	  f8:0x4b800000  x6=0x00000040
      83315.000 ns	      8330	80001f04	030cbb33	mulhu	x22,x25,x16	 x25:0x00000000 x16:0x80040fe4 x22=0x00000000
      83335.000 ns	      8332	80001f08	6ed64617	auipc	x12,0x6ed64	 x12=0xeed65f08
      83345.000 ns	      8333	80001f0c	3982c013	xori	x0,x5,920	  x5:0x80041024
      83355.000 ns	      8334	80001f10	4f000f13	addi	x30,x0,1264	  x0:0x00000000 x30=0x000004f0
      83365.000 ns	      8335	80001f14	01f537b3	sltu	x15,x10,x31	 x10:0xbf024f0f x31:0xbf024f0e x15=0x00000000
      83385.000 ns	      8337	80001f18	e00981d3	fmv.x.w	x3,f19	 f19:0x3f800000  x3=0x3f800000
      84345.000 ns	      8433	80001f1c	580f7fd3	fsqrt.s	f31,f30	 f30:0x4c414000 f31=0x4588a5f3
      84365.000 ns	      8435	80001f20	00000013	addi	x0,x0,0	  x0:0x00000000
      84385.000 ns	      8437	80001f24	f00305d3	fmv.w.x	f11,x6	  x6:0x00000040 f11=0x00000040
      84405.000 ns	      8439	80001f28	003d9b13	slli	x22,x27,0x3	 x27:0xf9af2af0 x22=0xcd795780
      84415.000 ns	      8440	80001f2c	01355eb3	srl	x29,x10,x19	 x10:0xbf024f0f x19:0xffffff7e x29=0x00000002
      84435.000 ns	      8442	80001f30	028e1333	mulh	x6,x28,x8	 x28:0x00000000  x8:0x00000000  x6=0x00000000
      84465.000 ns	      8445	80001f34	0213c6b3	div	x13,x7,x1	  x7:0x44b0b000  x1:0x00000000 x13=0xffffffff
      84495.000 ns	      8448	80001f38	209a1753	fsgnjn.s	f14,f20,f9	 f20:0xce753800  f9:0x7fc00000 f14=0xce753800
      84865.000 ns	      8485	80001f3c	02aa46b3	div	x13,x20,x10	 x20:0x00000000 x10:0xbf024f0f x13=0x00000000
      84885.000 ns	      8487	80001f40	0099d8b3	srl	x17,x19,x9	 x19:0xffffff7e  x9:0xfffffffe x17=0x00000003
      85245.000 ns	      8523	80001f44	025977b3	remu	x15,x18,x5	 x18:0x00000000  x5:0x80041024 x15=0x00000000
      85275.000 ns	      8526	80001f48	296380d3	fmin.s	f1,f7,f22	  f7:0xcc414000 f22:0x00000000  f1=0xcc414000
      85295.000 ns	      8528	80001f4c	000b9913	slli	x18,x23,0x0	 x23:0x00000000 x18=0x00000000
      85305.000 ns	      8529	80001f50	01c4d913	srli	x18,x9,0x1c	  x9:0xfffffffe x18=0x0000000f
      85315.000 ns	      8530	80001f54	5101ea13	ori	x20,x3,1296	  x3:0x3f800000 x20=0x3f800510
      85335.000 ns	      8532	80001f58	e00a0bd3	fmv.x.w	x23,f20	 f20:0xce753800 x23=0xce753800
      85355.000 ns	      8534	80001f5c	451fe013	ori	x0,x31,1105	 x31:0xbf024f0e
      85365.000 ns	      8535	80001f60	40920433	sub	x8,x4,x9	  x4:0x00000200  x9:0xfffffffe  x8=0x00000202
      85405.000 ns	      8539	80001f64	09f2a6d3	fsub.s	f13,f5,f31	  f5:0xcb800000 f31:0x4588a5f3 f13=0xcb80088b
      85435.000 ns	      8542	80001f68	020dc4b3	div	x9,x27,x0	 x27:0xf9af2af0  x0:0x00000000  x9=0xffffffff
      85455.000 ns	      8544	80001f6c	4000dab3	sra	x21,x1,x0	  x1:0x00000000  x0:0x00000000 x21=0x00000000
      85465.000 ns	      8545	80001f70	69228413	addi	x8,x5,1682	  x5:0x80041024  x8=0x800416b6
      85485.000 ns	      8547	80001f74	02f4d8b3	divu	x17,x9,x15	  x9:0xffffffff x15:0x00000000 x17=0xffffffff
      85505.000 ns	      8549	80001f78	41e706b3	sub	x13,x14,x30	 x14:0x00000001 x30:0x000004f0 x13=0xfffffb11
      85865.000 ns	      8585	80001f7c	02377533	remu	x10,x14,x3	 x14:0x00000001  x3:0x3f800000 x10=0x00000001
      85885.000 ns	      8587	80001f80	001e9a13	slli	x20,x29,0x1	 x29:0x00000002 x20=0x00000004
      85895.000 ns	      8588	80001f84	015bdcb3	srl	x25,x23,x21	 x23:0xce753800 x21:0x00000000 x25=0xce753800
      85915.000 ns	      8590	80001f88	c00efb53	fcvt.w.s	x22,f29	 f29:0x80000000 x22=0x00000000
      85945.000 ns	      8593	80001f8c	f0048e53	fmv.w.x	f28,x9	  x9:0xffffffff f28=0xffffffff
      85965.000 ns	      8595	80001f90	01000c33	add	x24,x0,x16	  x0:0x00000000 x16:0x80040fe4 x24=0x80040fe4
      85985.000 ns	      8597	80001f94	f0008c53	fmv.w.x	f24,x1	  x1:0x00000000 f24=0x00000000
      86005.000 ns	      8599	80001f98	925aa717	auipc	x14,0x925aa	 x14=0x125abf98
      86015.000 ns	      8600	80001f9c	51024693	xori	x13,x4,1296	  x4:0x00000200 x13=0x00000710
      86035.000 ns	      8602	80001fa0	215f1a53	fsgnjn.s	f20,f30,f21	 f30:0x4c414000 f21:0x7fc00000 f20=0xcc414000
      86085.000 ns	      8607	80001fa4	018f2e53	fadd.s	f28,f30,f24	 f30:0x4c414000 f24:0x00000000 f28=0x4c414000
      86115.000 ns	      8610	80001fa8	a0bb1ad3	flt.s	x21,f22,f11	 f22:0x00000000 f11:0x00000040 x21=0x00000001
      86485.000 ns	      8647	80001fac	0292da33	divu	x20,x5,x9	  x5:0x80041024  x9:0xffffffff x20=0x00000000
      86525.000 ns	      8651	80001fb0	18c8f2d3	fdiv.s	f5,f17,f12	 f17:0x3f800000 f12:0x00000000  f5=0x7f800000
      86545.000 ns	      8653	80001fb4	01c47d33	and	x26,x8,x28	  x8:0x800416b6 x28:0x00000000 x26=0x00000000
      86565.000 ns	      8655	80001fb8	d00fa6d3	fcvt.s.w	f13,x31	 x31:0xbf024f0e f13=0xce81fb62
      86595.000 ns	      8658	80001fbc	e0019cd3	fclass.s	x25,f3	  f3:0x80000000 x25=0x00000008
      86635.000 ns	      8662	80001fc0	1957ccd3	fdiv.s	f25,f15,f21	 f15:0x3f800000 f21:0x7fc00000 f25=0x7fc00000
      86655.000 ns	      8664	80001fc4	3daf0093	addi	x1,x30,986	 x30:0x000004f0  x1=0x000008ca
      87015.000 ns	      8700	80001fc8	03fa5e33	divu	x28,x20,x31	 x20:0x00000000 x31:0xbf024f0e x28=0x00000000
      87035.000 ns	      8702	80001fcc	548b2893	slti	x17,x22,1352	 x22:0x00000000 x17=0x00000001
      87055.000 ns	      8704	80001fd0	c01fffd3	fcvt.wu.s	x31,f31	 f31:0x4588a5f3 x31=0x00001114
      87085.000 ns	      8707	80001fd4	e00c9b53	fclass.s	x22,f25	 f25:0x7fc00000 x22=0x00000200
      87105.000 ns	      8709	80001fd8	00791133	sll	x2,x18,x7	 x18:0x0000000f  x7:0x44b0b000  x2=0x0000000f
      87115.000 ns	      8710	80001fdc	005f5313	srli	x6,x30,0x5	 x30:0x000004f0  x6=0x00000027
      87155.000 ns	      8714	80001fe0	09ffb5d3	fsub.s	f11,f31,f31	 f31:0x4588a5f3 f31:0x4588a5f3 f11=0x80000000
      87175.000 ns	      8716	80001fe4	0bc72213	slti	x4,x14,188	 x14:0x125abf98  x4=0x00000000
      87185.000 ns	      8717	80001fe8	81fa8593	addi	x11,x21,-2017	 x21:0x00000001 x11=0xfffff820
      87205.000 ns	      8719	80001fec	e00d0bd3	fmv.x.w	x23,f26	 f26:0xffc00000 x23=0xffc00000
      87225.000 ns	      8721	80001ff0	93ecec13	ori	x24,x25,-1730	 x25:0x00000008 x24=0xfffff93e
      87245.000 ns	      8723	80001ff4	200e2f53	fsgnjx.s	f30,f28,f0	 f28:0x4c414000  f0:0x80040fe1 f30=0xcc414000
      87275.000 ns	      8726	80001ff8	28da02d3	fmin.s	f5,f20,f13	 f20:0xcc414000 f13:0xce81fb62  f5=0xce81fb62
      87295.000 ns	      8728	80001ffc	d9406f93	ori	x31,x0,-620	  x0:0x00000000 x31=0xfffffd94
      87655.000 ns	      8764	80002000	030cd9b3	divu	x19,x25,x16	 x25:0x00000008 x16:0x80040fe4 x19=0x00000000
      87675.000 ns	      8766	80002004	0156c3b3	xor	x7,x13,x21	 x13:0x00000710 x21:0x00000001  x7=0x00000711
      87685.000 ns	      8767	80002008	00000013	addi	x0,x0,0	  x0:0x00000000
      87705.000 ns	      8769	8000200c	d0034ad3	fcvt.s.w	f21,x6	  x6:0x00000027 f21=0x421c0000
      87755.000 ns	      8774	80002010	000890d3	fadd.s	f1,f17,f0	 f17:0x3f800000  f0:0x80040fe1  f1=0x3f800000
      87785.000 ns	      8777	80002014	c0057553	fcvt.w.s	x10,f10	 f10:0x7fc00000 x10=0x7fffffff
      87815.000 ns	      8780	80002018	d00df0d3	fcvt.s.w	f1,x27	 x27:0xf9af2af0  f1=0xccca1aa2
      87835.000 ns	      8782	8000201c	f289e013	ori	x0,x19,-216	 x19:0x00000000
      87855.000 ns	      8784	80002020	210e8153	fsgnj.s	f2,f29,f16	 f29:0x80000000 f16:0xcb800000  f2=0x80000000
      87885.000 ns	      8787	80002024	a01e0553	fle.s	x10,f28,f1	 f28:0x4c414000  f1:0xccca1aa2 x10=0x00000000
      87915.000 ns	      8790	80002028	02fba3b3	mulhsu	x7,x23,x15	 x23:0xffc00000 x15:0x00000000  x7=0x00000000
      87945.000 ns	      8793	8000202c	e00a04d3	fmv.x.w	x9,f20	 f20:0xcc414000  x9=0xcc414000
      87975.000 ns	      8796	80002030	f00600d3	fmv.w.x	f1,x12	 x12:0xeed65f08  f1=0xeed65f08
      88015.000 ns	      8800	80002034	580931d3	fsqrt.s	f3,f18	 f18:0x7fc00000  f3=0x7fc00000
      88035.000 ns	      8802	80002038	4071dab3	sra	x21,x3,x7	  x3:0x3f800000  x7:0x00000000 x21=0x3f800000
      88045.000 ns	      8803	8000203c	40d98b33	sub	x22,x19,x13	 x19:0x00000000 x13:0x00000710 x22=0xfffff8f0
      88055.000 ns	      8804	80002040	03260413	addi	x8,x12,50	 x12:0xeed65f08  x8=0xeed65f3a
      88075.000 ns	      8806	80002044	a1f11153	flt.s	x2,f2,f31	  f2:0x80000000 f31:0x4588a5f3  x2=0x00000001
      88105.000 ns	      8809	80002048	21698e53	fsgnj.s	f28,f19,f22	 f19:0x3f800000 f22:0x00000000 f28=0x3f800000
      88125.000 ns	      8811	8000204c	015694b3	sll	x9,x13,x21	 x13:0x00000710 x21:0x3f800000  x9=0x00000710
      88135.000 ns	      8812	80002050	b79bcab7	lui	x21,0xb79bc	 x21=0xb79bc000
      88145.000 ns	      8813	80002054	01560c33	add	x24,x12,x21	 x12:0xeed65f08 x21:0x3f800000 x24=0xa6721f08
      88175.000 ns	      8816	80002058	18fd4a53	fdiv.s	f20,f26,f15	 f26:0xffc00000 f15:0x3f800000 f20=0x7fc00000
      88195.000 ns	      8818	8000205c	01125613	srli	x12,x4,0x11	  x4:0x00000000 x12=0x00000000
      88555.000 ns	      8854	80002060	0281f733	remu	x14,x3,x8	  x3:0x3f800000  x8:0xeed65f3a x14=0x3f800000
      88595.000 ns	      8858	80002064	1148fe53	fmul.s	f28,f17,f20	 f17:0x3f800000 f20:0x7fc00000 f28=0x7fc00000
      88625.000 ns	      8861	80002068	e0029653	fclass.s	x12,f5	  f5:0xce81fb62 x12=0x00000002
      88655.000 ns	      8864	8000206c	201e86d3	fsgnj.s	f13,f29,f1	 f29:0x80000000  f1:0xeed65f08 f13=0x80000000
      88675.000 ns	      8866	80002070	d44c1f17	auipc	x30,0xd44c1	 x30=0x544c3070
      88685.000 ns	      8867	80002074	850fea93	ori	x21,x31,-1968	 x31:0xfffffd94 x21=0xfffffdd4
      88695.000 ns	      8868	80002078	9e8cbe93	sltiu	x29,x25,-1560	 x25:0x00000008 x29=0x00000001
      88715.000 ns	      8870	8000207c	f0020753	fmv.w.x	f14,x4	  x4:0x00000000 f14=0x00000000
      88735.000 ns	      8872	80002080	01db9f13	slli	x30,x23,0x1d	 x23:0xffc00000 x30=0x00000000
      88775.000 ns	      8876	80002084	08822b53	fsub.s	f22,f4,f8	  f4:0xbf800000  f8:0x4b800000 f22=0xcb800001
      88795.000 ns	      8878	80002088	007f08b3	add	x17,x30,x7	 x30:0x544c3070  x7:0x00000000 x17=0x00000000
      88805.000 ns	      8879	8000208c	0116c933	xor	x18,x13,x17	 x13:0x00000710 x17:0x00000001 x18=0x00000710
      88825.000 ns	      8881	80002090	28e28ad3	fmin.s	f21,f5,f14	  f5:0xce81fb62 f14:0x00000000 f21=0xce81fb62
      89195.000 ns	      8918	80002094	02e4f033	remu	x0,x9,x14	  x9:0x00000710 x14:0x3f800000
      89235.000 ns	      8922	80002098	11f12953	fmul.s	f18,f2,f31	  f2:0x80000000 f31:0x4588a5f3 f18=0x80000000
      89255.000 ns	      8924	8000209c	01ef4533	xor	x10,x30,x30	 x30:0x00000000 x30:0x00000000 x10=0x00000000
      89615.000 ns	      8960	800020a0	02585bb3	divu	x23,x16,x5	 x16:0x80040fe4  x5:0x80041024 x23=0x00000000
      89635.000 ns	      8962	800020a4	00792bb3	slt	x23,x18,x7	 x18:0x00000710  x7:0x00000000 x23=0x00000000
      89645.000 ns	      8963	800020a8	86e0f9b7	lui	x19,0x86e0f	 x19=0x86e0f000
      89655.000 ns	      8964	800020ac	734c0593	addi	x11,x24,1844	 x24:0xa6721f08 x11=0xa672263c
      89675.000 ns	      8966	800020b0	02c61e33	mulh	x28,x12,x12	 x12:0x00000002 x12:0x00000002 x28=0x00000000
      89705.000 ns	      8969	800020b4	02f69033	mulh	x0,x13,x15	 x13:0x00000710 x15:0x00000000
      89725.000 ns	      8971	800020b8	18b80fb7	lui	x31,0x18b80	 x31=0x18b80000
      89735.000 ns	      8972	800020bc	00c1fcb3	and	x25,x3,x12	  x3:0x3f800000 x12:0x00000002 x25=0x00000000
      89745.000 ns	      8973	800020c0	01657933	and	x18,x10,x22	 x10:0x00000000 x22:0xfffff8f0 x18=0x00000000
      89755.000 ns	      8974	800020c4	01d45ab3	srl	x21,x8,x29	  x8:0xeed65f3a x29:0x00000001 x21=0x776b2f9d
      89765.000 ns	      8975	800020c8	0ee4b713	sltiu	x14,x9,238	  x9:0x00000710 x14=0x00000000
      89775.000 ns	      8976	800020cc	407fd493	srai	x9,x31,0x7	 x31:0x18b80000  x9=0x00317000
      89805.000 ns	      8979	800020d0	102afad3	fmul.s	f21,f21,f2	 f21:0xce81fb62  f2:0x80000000 f21=0x00000000
      89825.000 ns	      8981	800020d4	0185a933	slt	x18,x11,x24	 x11:0xa672263c x24:0xa6721f08 x18=0x00000000
      89835.000 ns	      8982	800020d8	826b8317	auipc	x6,0x826b8	  x6=0x026ba0d8
      89845.000 ns	      8983	800020dc	01b3f133	and	x2,x7,x27	  x7:0x00000000 x27:0xf9af2af0  x2=0x00000000
      89855.000 ns	      8984	800020e0	01f08bb3	add	x23,x1,x31	  x1:0x000008ca x31:0x18b80000 x23=0x18b808ca
      89865.000 ns	      8985	800020e4	00286bb3	or	x23,x16,x2	 x16:0x80040fe4  x2:0x00000001 x23=0x80040fe4
      89875.000 ns	      8986	800020e8	00b19033	sll	x0,x3,x11	  x3:0x3f800000 x11:0xa672263c
      89895.000 ns	      8988	800020ec	a0871653	flt.s	x12,f14,f8	 f14:0x00000000  f8:0x4b800000 x12=0x00000001
      89915.000 ns	      8990	800020f0	00c54eb3	xor	x29,x10,x12	 x10:0x00000000 x12:0x00000002 x29=0x00000001
      89935.000 ns	      8992	800020f4	a0ec8cd3	fle.s	x25,f25,f14	 f25:0x7fc00000 f14:0x00000000 x25=0x00000000
      89955.000 ns	      8994	800020f8	af518a13	addi	x20,x3,-1291	  x3:0x3f800000 x20=0x3f7ffaf5
      89965.000 ns	      8995	800020fc	77678613	addi	x12,x15,1910	 x15:0x00000000 x12=0x00000776
      89985.000 ns	      8997	80002100	e00908d3	fmv.x.w	x17,f18	 f18:0x80000000 x17=0x80000000
      90005.000 ns	      8999	80002104	ff9afc93	andi	x25,x21,-7	 x21:0x776b2f9d x25=0x776b2f99
      90025.000 ns	      9001	80002108	03509033	mulh	x0,x1,x21	  x1:0x000008ca x21:0x776b2f9d
      90045.000 ns	      9003	8000210c	0008d8b3	srl	x17,x17,x0	 x17:0x80000000  x0:0x00000000 x17=0x80000000
      90055.000 ns	      9004	80002110	b0fb6493	ori	x9,x22,-1265	 x22:0xfffff8f0  x9=0xfffffbff
      90065.000 ns	      9005	80002114	ba4b8397	auipc	x7,0xba4b8	  x7=0x3a4ba114
      90075.000 ns	      9006	80002118	96b37093	andi	x1,x6,-1685	  x6:0x026ba0d8  x1=0x026ba048
      90435.000 ns	      9042	8000211c	02917433	remu	x8,x2,x9	  x2:0x00000000  x9:0xfffffbff  x8=0x00000000
      90465.000 ns	      9045	80002120	c018f3d3	fcvt.wu.s	x7,f17	 f17:0x3f800000  x7=0x00000001
      90835.000 ns	      9082	80002124	03544eb3	div	x29,x8,x21	  x8:0x00000000 x21:0x776b2f9d x29=0x00000000
      90855.000 ns	      9084	80002128	db6bb993	sltiu	x19,x23,-586	 x23:0x80040fe4 x19=0x00000001
      90875.000 ns	      9086	8000212c	a0a99c53	flt.s	x24,f19,f10	 f19:0x3f800000 f10:0x7fc00000 x24=0x00000000
      90905.000 ns	      9089	80002130	28599fd3	fmax.s	f31,f19,f5	 f19:0x3f800000  f5:0xce81fb62 f31=0x3f800000
      90925.000 ns	      9091	80002134	01421a33	sll	x20,x4,x20	  x4:0x00000000 x20:0x3f7ffaf5 x20=0x00000000
      90945.000 ns	      9093	80002138	032508b3	mul	x17,x10,x18	 x10:0x00000000 x18:0x00000000 x17=0x00000000
      90975.000 ns	      9096	8000213c	03343033	mulhu	x0,x8,x19	  x8:0x00000000 x19:0x00000001
      91005.000 ns	      9099	80002140	20d29bd3	fsgnjn.s	f23,f5,f13	  f5:0xce81fb62 f13:0x80000000 f23=0x4e81fb62
      91025.000 ns	      9101	80002144	faaf7413	andi	x8,x30,-86	 x30:0x00000000  x8=0x00000000
      91035.000 ns	      9102	80002148	412389b3	sub	x19,x7,x18	  x7:0x00000001 x18:0x00000000 x19=0x00000001
      91045.000 ns	      9103	8000214c	00daa6b3	slt	x13,x21,x13	 x21:0x776b2f9d x13:0x00000710 x13=0x00000000
      91055.000 ns	      9104	80002150	01b0d513	srli	x10,x1,0x1b	  x1:0x026ba048 x10=0x00000000
      91065.000 ns	      9105	80002154	013194b3	sll	x9,x3,x19	  x3:0x3f800000 x19:0x00000001  x9=0x7f000000
      91085.000 ns	      9107	80002158	020efbb3	remu	x23,x29,x0	 x29:0x00000000  x0:0x00000000 x23=0x00000000
      91115.000 ns	      9110	8000215c	039387b3	mul	x15,x7,x25	  x7:0x00000001 x25:0x776b2f99 x15=0x776b2f99
      91455.000 ns	      9144	80002160	18ff7fd3	fdiv.s	f31,f30,f15	 f30:0xcc414000 f15:0x3f800000 f31=0xcc413f69
      91485.000 ns	      9147	80002164	023a30b3	mulhu	x1,x20,x3	 x20:0x00000000  x3:0x3f800000  x1=0x00000000
      91505.000 ns	      9149	80002168	00000013	addi	x0,x0,0	  x0:0x00000000
      91545.000 ns	      9153	8000216c	08bb3d53	fsub.s	f26,f22,f11	 f22:0xcb800001 f11:0x80000000 f26=0xcb800001
      91575.000 ns	      9156	80002170	d00af253	fcvt.s.w	f4,x21	 x21:0x776b2f9d  f4=0x4eeed65f
      91605.000 ns	      9159	80002174	035306b3	mul	x13,x6,x21	  x6:0x026ba0d8 x21:0x776b2f9d x13=0xe0d14c78
      91635.000 ns	      9162	80002178	20040753	fsgnj.s	f14,f8,f0	  f8:0x4b800000  f0:0x80040fe1 f14=0xcb800000
      91665.000 ns	      9165	8000217c	d01aff53	fcvt.s.wu	f30,x21	 x21:0x776b2f9d f30=0x4eeed65f
      91685.000 ns	      9167	80002180	012e6fb3	or	x31,x28,x18	 x28:0x00000000 x18:0x00000000 x31=0x00000000
      91695.000 ns	      9168	80002184	4150d6b3	sra	x13,x1,x21	  x1:0x00000000 x21:0x776b2f9d x13=0x00000000
      91715.000 ns	      9170	80002188	f0000253	fmv.w.x	f4,x0	  x0:0x00000000  f4=0x00000000
      91735.000 ns	      9172	8000218c	cedde597	auipc	x11,0xcedde	 x11=0x4ede018c
      91755.000 ns	      9174	80002190	21c613d3	fsgnjn.s	f7,f12,f28	 f12:0x00000000 f28:0x7fc00000  f7=0x80000000
      91775.000 ns	      9176	80002194	01f39d13	slli	x26,x7,0x1f	  x7:0x00000001 x26=0x80000000
      91785.000 ns	      9177	80002198	007e1d13	slli	x26,x28,0x7	 x28:0x00000000 x26=0x00000000
      91795.000 ns	      9178	8000219c	01d600b3	add	x1,x12,x29	 x12:0x00000776 x29:0x00000000  x1=0x00000776
      92155.000 ns	      9214	800021a0	02f154b3	divu	x9,x2,x15	  x2:0x00000000 x15:0x776b2f99  x9=0x00000000
      92175.000 ns	      9216	800021a4	6d7ee493	ori	x9,x29,1751	 x29:0x00000000  x9=0x000006d7
      92205.000 ns	      9219	800021a8	58058a53	fsqrt.s	f20,f11	 f11:0x80000000 f20=0x80000000
      92225.000 ns	      9221	800021ac	014ceeb3	or	x29,x25,x20	 x25:0x776b2f99 x20:0x00000000 x29=0x776b2f99
      92265.000 ns	      9225	800021b0	09b57ed3	fsub.s	f29,f10,f27	 f10:0x7fc00000 f27:0xcb800000 f29=0x7fc00000
      92295.000 ns	      9228	800021b4	a06c2653	feq.s	x12,f24,f6	 f24:0x00000000  f6:0x7fc00000 x12=0x00000000
      92325.000 ns	      9231	800021b8	211120d3	fsgnjx.s	f1,f2,f17	  f2:0x80000000 f17:0x3f800000  f1=0x80000000
      92345.000 ns	      9233	800021bc	41700533	sub	x10,x0,x23	  x0:0x00000000 x23:0x00000000 x10=0x00000000
      92355.000 ns	      9234	800021c0	0160f6b3	and	x13,x1,x22	  x1:0x00000776 x22:0xfffff8f0 x13=0x00000070
      92375.000 ns	      9236	800021c4	210420d3	fsgnjx.s	f1,f8,f16	  f8:0x4b800000 f16:0xcb800000  f1=0xcb800000
      92415.000 ns	      9240	800021c8	5801f2d3	fsqrt.s	f5,f3	  f3:0x7fc00000  f5=0x7fc00000
      92465.000 ns	      9245	800021cc	08ad7a53	fsub.s	f20,f26,f10	 f26:0xcb800001 f10:0x7fc00000 f20=0x7fc00000
      92485.000 ns	      9247	800021d0	89f22613	slti	x12,x4,-1889	  x4:0x00000000 x12=0x00000000
      92505.000 ns	      9249	800021d4	03ac4433	div	x8,x24,x26	 x24:0x00000000 x26:0x00000000  x8=0xffffffff
      92525.000 ns	      9251	800021d8	01941613	slli	x12,x8,0x19	  x8:0x00000000 x12=0xfe000000
      92535.000 ns	      9252	800021dc	40e25fb3	sra	x31,x4,x14	  x4:0x00000000 x14:0x00000000 x31=0x00000000
      92555.000 ns	      9254	800021e0	03438333	mul	x6,x7,x20	  x7:0x00000001 x20:0x00000000  x6=0x00000000
      92585.000 ns	      9257	800021e4	03a8d533	divu	x10,x17,x26	 x17:0x00000000 x26:0x00000000 x10=0xffffffff
      92635.000 ns	      9262	800021e8	08fd79d3	fsub.s	f19,f26,f15	 f26:0xcb800001 f15:0x3f800000 f19=0xcb800001
      92655.000 ns	      9264	800021ec	41775a13	srai	x20,x14,0x17	 x14:0x00000000 x20=0x00000000
      92675.000 ns	      9266	800021f0	031f3bb3	mulhu	x23,x30,x17	 x30:0x00000000 x17:0x00000000 x23=0x00000000
      92695.000 ns	      9268	800021f4	000e3d33	sltu	x26,x28,x0	 x28:0x00000000  x0:0x00000000 x26=0x00000000
      92705.000 ns	      9269	800021f8	f357e393	ori	x7,x15,-203	 x15:0x776b2f99  x7=0xffffffbd
      92725.000 ns	      9271	800021fc	210a2653	fsgnjx.s	f12,f20,f16	 f20:0x7fc00000 f16:0xcb800000 f12=0xffc00000
      92755.000 ns	      9274	80002200	02658433	mul	x8,x11,x6	 x11:0x4ede018c  x6:0x00000000  x8=0x00000000
      92775.000 ns	      9276	80002204	00c2a033	slt	x0,x5,x12	  x5:0x80041024 x12:0xfe000000
      92795.000 ns	      9278	80002208	02b21e33	mulh	x28,x4,x11	  x4:0x00000000 x11:0x4ede018c x28=0x00000000
      92815.000 ns	      9280	8000220c	400e09b3	sub	x19,x28,x0	 x28:0x00000000  x0:0x00000000 x19=0x00000000
      92835.000 ns	      9282	80002210	03be9b33	mulh	x22,x29,x27	 x29:0x776b2f99 x27:0xf9af2af0 x22=0xfd0dc7ff
      92865.000 ns	      9285	80002214	208406d3	fsgnj.s	f13,f8,f8	  f8:0x4b800000  f8:0x4b800000 f13=0x4b800000
      92895.000 ns	      9288	80002218	038a0bb3	mul	x23,x20,x24	 x20:0x00000000 x24:0x00000000 x23=0x00000000
      92925.000 ns	      9291	8000221c	02835fb3	divu	x31,x6,x8	  x6:0x00000000  x8:0x00000000 x31=0xffffffff
      92975.000 ns	      9296	80002220	011f3bd3	fadd.s	f23,f30,f17	 f30:0x4eeed65f f17:0x3f800000 f23=0x4eeed660
      92995.000 ns	      9298	80002224	c67eb113	sltiu	x2,x29,-921	 x29:0x776b2f99  x2=0x00000001
      93005.000 ns	      9299	80002228	01daa4b3	slt	x9,x21,x29	 x21:0x776b2f9d x29:0x776b2f99  x9=0x00000000
      93025.000 ns	      9301	8000222c	c0152d53	fcvt.wu.s	x26,f10	 f10:0x7fc00000 x26=0xffffffff
      93045.000 ns	      9303	80002230	01731533	sll	x10,x6,x23	  x6:0x00000000 x23:0x00000000 x10=0x00000000
      93065.000 ns	      9305	80002234	28d41253	fmax.s	f4,f8,f13	  f8:0x4b800000 f13:0x4b800000  f4=0x4b800000
      93085.000 ns	      9307	80002238	edc70f93	addi	x31,x14,-292	 x14:0x00000000 x31=0xfffffedc
      93095.000 ns	      9308	8000223c	00891593	slli	x11,x18,0x8	 x18:0x00000000 x11=0x00000000
      93455.000 ns	      9344	80002240	03a8f433	remu	x8,x17,x26	 x17:0x00000000 x26:0xffffffff  x8=0x00000000
      93475.000 ns	      9346	80002244	41c25b93	srai	x23,x4,0x1c	  x4:0x00000000 x23=0x00000000
      93485.000 ns	      9347	80002248	0097e6b3	or	x13,x15,x9	 x15:0x776b2f99  x9:0x00000000 x13=0x776b2f99
      93505.000 ns	      9349	8000224c	02eac133	div	x2,x21,x14	 x21:0x776b2f9d x14:0x00000000  x2=0xffffffff
      93845.000 ns	      9383	80002250	19edf6d3	fdiv.s	f13,f27,f30	 f27:0xcb800000 f30:0x4eeed65f f13=0xbc000000
      93865.000 ns	      9385	80002254	0148c533	xor	x10,x17,x20	 x17:0x00000000 x20:0x00000000 x10=0x00000000
      93875.000 ns	      9386	80002258	002d7cb3	and	x25,x26,x2	 x26:0xffffffff  x2:0xffffffff x25=0xffffffff
      93895.000 ns	      9388	8000225c	03240033	mul	x0,x8,x18	  x8:0x00000000 x18:0x00000000
      93915.000 ns	      9390	80002260	00000013	addi	x0,x0,0	  x0:0x00000000
      93925.000 ns	      9391	80002264	00cb97b3	sll	x15,x23,x12	 x23:0x00000000 x12:0xfe000000 x15=0x00000000
      93935.000 ns	      9392	80002268	0082a933	slt	x18,x5,x8	  x5:0x80041024  x8:0x00000000 x18=0x00000001
      93945.000 ns	      9393	8000226c	932e3c93	sltiu	x25,x28,-1742	 x28:0x00000000 x25=0x00000001
      93955.000 ns	      9394	80002270	00d25f33	srl	x30,x4,x13	  x4:0x00000000 x13:0x776b2f99 x30=0x00000000
      93965.000 ns	      9395	80002274	eb6dac93	slti	x25,x27,-330	 x27:0xf9af2af0 x25=0x00000001
      93985.000 ns	      9397	80002278	02201533	mulh	x10,x0,x2	  x0:0x00000000  x2:0xffffffff x10=0x00000000
      94005.000 ns	      9399	8000227c	9d28b593	sltiu	x11,x17,-1582	 x17:0x00000000 x11=0x00000001
      94015.000 ns	      9400	80002280	6d9a6493	ori	x9,x20,1753	 x20:0x00000000  x9=0x000006d9
      94025.000 ns	      9401	80002284	01e31fb3	sll	x31,x6,x30	  x6:0x00000000 x30:0x00000000 x31=0x00000000
      94045.000 ns	      9403	80002288	f0000cd3	fmv.w.x	f25,x0	  x0:0x00000000 f25=0x00000000
      94065.000 ns	      9405	8000228c	00b59113	slli	x2,x11,0xb	 x11:0x00000001  x2=0x00000800
      94075.000 ns	      9406	80002290	00e7e533	or	x10,x15,x14	 x15:0x00000000 x14:0x00000000 x10=0x00000000
      94435.000 ns	      9442	80002294	02d8d9b3	divu	x19,x17,x13	 x17:0x00000000 x13:0x776b2f99 x19=0x00000000
      94455.000 ns	      9444	80002298	00ad1e93	slli	x29,x26,0xa	 x26:0xffffffff x29=0xfffffc00
      94465.000 ns	      9445	8000229c	00000013	addi	x0,x0,0	  x0:0x00000000
      94485.000 ns	      9447	800022a0	212ea353	fsgnjx.s	f6,f29,f18	 f29:0x7fc00000 f18:0x80000000  f6=0xffc00000
      94515.000 ns	      9450	800022a4	28d09f53	fmax.s	f30,f1,f13	  f1:0xcb800000 f13:0xbc000000 f30=0xbc000000
      94545.000 ns	      9453	800022a8	021483b3	mul	x7,x9,x1	  x9:0x000006d9  x1:0x00000776  x7=0x00331706
      94575.000 ns	      9456	800022ac	d0167053	fcvt.s.wu	f0,x12	 x12:0xfe000000  f0=0x4f7e0000
      94595.000 ns	      9458	800022b0	000f35b3	sltu	x11,x30,x0	 x30:0x00000000  x0:0x00000000 x11=0x00000000
      94615.000 ns	      9460	800022b4	d00ff453	fcvt.s.w	f8,x31	 x31:0x00000000  f8=0x00000000
      94645.000 ns	      9463	800022b8	c01014d3	fcvt.wu.s	x9,f0	  f0:0x4f7e0000  x9=0xfe000000
      94675.000 ns	      9466	800022bc	a00595d3	flt.s	x11,f11,f0	 f11:0x80000000  f0:0x4f7e0000 x11=0x00000001
      94705.000 ns	      9469	800022c0	c01607d3	fcvt.wu.s	x15,f12	 f12:0xffc00000 x15=0xffffffff
      94725.000 ns	      9471	800022c4	01f20633	add	x12,x4,x31	  x4:0x00000000 x31:0x00000000 x12=0x00000000
      95085.000 ns	      9507	800022c8	03a84533	div	x10,x16,x26	 x16:0x80040fe4 x26:0xffffffff x10=0x7ffbf01c
      95105.000 ns	      9509	800022cc	41264613	xori	x12,x12,1042	 x12:0xfe000000 x12=0x00000412
      95115.000 ns	      9510	800022d0	00bf1e93	slli	x29,x30,0xb	 x30:0x00000000 x29=0x00000000
      95125.000 ns	      9511	800022d4	4139dab3	sra	x21,x19,x19	 x19:0x00000000 x19:0x00000000 x21=0x00000000
      95145.000 ns	      9513	800022d8	20489f53	fsgnjn.s	f30,f17,f4	 f17:0x3f800000  f4:0x4b800000 f30=0xbf800000
      95175.000 ns	      9516	800022dc	a007a653	feq.s	x12,f15,f0	 f15:0x3f800000  f0:0x4f7e0000 x12=0x00000000
      95205.000 ns	      9519	800022e0	c00f2953	fcvt.w.s	x18,f30	 f30:0xbf800000 x18=0xffffffff
      95225.000 ns	      9521	800022e4	903fb913	sltiu	x18,x31,-1789	 x31:0x00000000 x18=0x00000001
      95245.000 ns	      9523	800022e8	03d658b3	divu	x17,x12,x29	 x12:0x00000000 x29:0x00000000 x17=0xffffffff
      95275.000 ns	      9526	800022ec	c0117e53	fcvt.wu.s	x28,f2	  f2:0x80000000 x28=0x00000000
      95305.000 ns	      9529	800022f0	c01617d3	fcvt.wu.s	x15,f12	 f12:0xffc00000 x15=0xffffffff
      95355.000 ns	      9534	800022f4	0918fed3	fsub.s	f29,f17,f17	 f17:0x3f800000 f17:0x3f800000 f29=0x80000000
      95375.000 ns	      9536	800022f8	9fd54c93	xori	x25,x10,-1539	 x10:0x7ffbf01c x25=0x800409e1
      95405.000 ns	      9539	800022fc	119174d3	fmul.s	f9,f2,f25	  f2:0x80000000 f25:0x00000000  f9=0x80000000
      95435.000 ns	      9542	80002300	a096a753	feq.s	x14,f13,f9	 f13:0xbc000000  f9:0x7fc00000 x14=0x00000000
      95465.000 ns	      9545	80002304	c00b0353	fcvt.w.s	x6,f22	 f22:0xcb800001  x6=0xfefffffe
      95495.000 ns	      9548	80002308	025c26b3	mulhsu	x13,x24,x5	 x24:0x00000000  x5:0x80041024 x13=0x00000000
      95525.000 ns	      9551	8000230c	02cafb33	remu	x22,x21,x12	 x21:0x00000000 x12:0x00000000 x22=0x00000000
      95545.000 ns	      9553	80002310	99b30593	addi	x11,x6,-1637	  x6:0xfefffffe x11=0xfefff999
      95565.000 ns	      9555	80002314	025db6b3	mulhu	x13,x27,x5	 x27:0xf9af2af0  x5:0x80041024 x13=0x7cdb8bf2
      95585.000 ns	      9557	80002318	0037e933	or	x18,x15,x3	 x15:0xffffffff  x3:0x3f800000 x18=0xffffffff
      95595.000 ns	      9558	8000231c	014ed5b3	srl	x11,x29,x20	 x29:0x00000000 x20:0x00000000 x11=0x00000000
      95615.000 ns	      9560	80002320	c00e7153	fcvt.w.s	x2,f28	 f28:0x7fc00000  x2=0x7fffffff
      95635.000 ns	      9562	80002324	26193493	sltiu	x9,x18,609	 x18:0xffffffff  x9=0x00000000
      95645.000 ns	      9563	80002328	00329d33	sll	x26,x5,x3	  x5:0x80041024  x3:0x3f800000 x26=0x80041024
      95655.000 ns	      9564	8000232c	01b267b3	or	x15,x4,x27	  x4:0x00000000 x27:0xf9af2af0 x15=0xf9af2af0
      95665.000 ns	      9565	80002330	4bcac793	xori	x15,x21,1212	 x21:0x00000000 x15=0x000004bc
      95675.000 ns	      9566	80002334	400183b3	sub	x7,x3,x0	  x3:0x3f800000  x0:0x00000000  x7=0x3f800000
      95695.000 ns	      9568	80002338	20b31453	fsgnjn.s	f8,f6,f11	  f6:0xffc00000 f11:0x80000000  f8=0x7fc00000
      96065.000 ns	      9605	8000233c	021273b3	remu	x7,x4,x1	  x4:0x00000000  x1:0x00000776  x7=0x00000000
      96095.000 ns	      9608	80002340	28850253	fmin.s	f4,f10,f8	 f10:0x7fc00000  f8:0x7fc00000  f4=0x7fc00000
      96125.000 ns	      9611	80002344	a16d0fd3	fle.s	x31,f26,f22	 f26:0xcb800001 f22:0xcb800001 x31=0x00000001
      96145.000 ns	      9613	80002348	017753b3	srl	x7,x14,x23	 x14:0x00000000 x23:0x00000000  x7=0x00000000
      96155.000 ns	      9614	8000234c	89556017	auipc	x0,0x89556	
      96175.000 ns	      9616	80002350	d01223d3	fcvt.s.wu	f7,x4	  x4:0x00000000  f7=0x00000000
      96545.000 ns	      9653	80002354	039454b3	divu	x9,x8,x25	  x8:0x00000000 x25:0x800409e1  x9=0x00000000
      96575.000 ns	      9656	80002358	a1470453	fle.s	x8,f14,f20	 f14:0xcb800000 f20:0x7fc00000  x8=0x00000000
      96595.000 ns	      9658	8000235c	ebb1ab93	slti	x23,x3,-325	  x3:0x3f800000 x23=0x00000000
      96605.000 ns	      9659	80002360	008976b3	and	x13,x18,x8	 x18:0xffffffff  x8:0x00000000 x13=0x00000000
      96615.000 ns	      9660	80002364	91ee2713	slti	x14,x28,-1762	 x28:0x00000000 x14=0x00000000
      96625.000 ns	      9661	80002368	40b2da93	srai	x21,x5,0xb	  x5:0x80041024 x21=0xfff00082
      96635.000 ns	      9662	8000236c	418ad193	srai	x3,x21,0x18	 x21:0x00000000  x3=0xffffffff
      96995.000 ns	      9698	80002370	025f58b3	divu	x17,x30,x5	 x30:0x00000000  x5:0x80041024 x17=0x00000000
      97015.000 ns	      9700	80002374	66b83213	sltiu	x4,x16,1643	 x16:0x80040fe4  x4=0x00000000
      97035.000 ns	      9702	80002378	d014c653	fcvt.s.wu	f12,x9	  x9:0x00000000 f12=0x00000000
      97065.000 ns	      9705	8000237c	c0087ed3	fcvt.w.s	x29,f16	 f16:0xcb800000 x29=0x01000000
      97095.000 ns	      9708	80002380	d01570d3	fcvt.s.wu	f1,x10	 x10:0x7ffbf01c  f1=0x4efff7e0
      97125.000 ns	      9711	80002384	21ec9cd3	fsgnjn.s	f25,f25,f30	 f25:0x00000000 f30:0xbf800000 f25=0x00000000
      97145.000 ns	      9713	80002388	00b5fbb3	and	x23,x11,x11	 x11:0x00000000 x11:0x00000000 x23=0x00000000
      97165.000 ns	      9715	8000238c	d01e2553	fcvt.s.wu	f10,x28	 x28:0x00000000 f10=0x00000000
      97185.000 ns	      9717	80002390	016a4d33	xor	x26,x20,x22	 x20:0x00000000 x22:0x00000000 x26=0x00000000
      97545.000 ns	      9753	80002394	021a6333	rem	x6,x20,x1	 x20:0x00000000  x1:0x00000776  x6=0x00000000
      97585.000 ns	      9757	80002398	18b8f953	fdiv.s	f18,f17,f11	 f17:0x3f800000 f11:0x80000000 f18=0xff800000
      97615.000 ns	      9760	8000239c	29781a53	fmax.s	f20,f16,f23	 f16:0xcb800000 f23:0x4eeed660 f20=0x4eeed660
      97645.000 ns	      9763	800023a0	21bb2e53	fsgnjx.s	f28,f22,f27	 f22:0xcb800001 f27:0xcb800000 f28=0x4b800001
      97675.000 ns	      9766	800023a4	c01e13d3	fcvt.wu.s	x7,f28	 f28:0x7fc00000  x7=0x01000002
      97705.000 ns	      9769	800023a8	a06a96d3	flt.s	x13,f21,f6	 f21:0x00000000  f6:0xffc00000 x13=0x00000000
      97725.000 ns	      9771	800023ac	2042bb13	sltiu	x22,x5,516	  x5:0x80041024 x22=0x00000000
      97745.000 ns	      9773	800023b0	c006f8d3	fcvt.w.s	x17,f13	 f13:0xbc000000 x17=0x00000000
      97765.000 ns	      9775	800023b4	27ff0c93	addi	x25,x30,639	 x30:0x00000000 x25=0x0000027f
      97775.000 ns	      9776	800023b8	badff493	andi	x9,x31,-1107	 x31:0x00000001  x9=0x00000001
      97805.000 ns	      9779	800023bc	18caa353	fdiv.s	f6,f21,f12	 f21:0x00000000 f12:0x00000000  f6=0x7fc00000
      97825.000 ns	      9781	800023c0	000577b3	and	x15,x10,x0	 x10:0x7ffbf01c  x0:0x00000000 x15=0x00000000
      97835.000 ns	      9782	800023c4	01e64ab3	xor	x21,x12,x30	 x12:0x00000000 x30:0x00000000 x21=0x00000000
      97855.000 ns	      9784	800023c8	036b61b3	rem	x3,x22,x22	 x22:0x00000000 x22:0x00000000  x3=0x00000000
      97875.000 ns	      9786	800023cc	408fd733	sra	x14,x31,x8	 x31:0x00000001  x8:0x00000000 x14=0x00000001
      97905.000 ns	      9789	800023d0	1933b7d3	fdiv.s	f15,f7,f19	  f7:0x00000000 f19:0xcb800001 f15=0x80000000
      97925.000 ns	      9791	800023d4	0ebce513	ori	x10,x25,235	 x25:0x0000027f x10=0x000002ff
      97935.000 ns	      9792	800023d8	e19c8b37	lui	x22,0xe19c8	 x22=0xe19c8000
      97955.000 ns	      9794	800023dc	208599d3	fsgnjn.s	f19,f11,f8	 f11:0x80000000  f8:0x7fc00000 f19=0x80000000
      97985.000 ns	      9797	800023e0	03edde33	divu	x28,x27,x30	 x27:0xf9af2af0 x30:0x00000000 x28=0xffffffff
      98005.000 ns	      9799	800023e4	000a2e33	slt	x28,x20,x0	 x20:0x00000000  x0:0x00000000 x28=0x00000000
      98015.000 ns	      9800	800023e8	00000013	addi	x0,x0,0	  x0:0x00000000
      98025.000 ns	      9801	800023ec	00000013	addi	x0,x0,0	  x0:0x00000000
      98035.000 ns	      9802	800023f0	679aa013	slti	x0,x21,1657	 x21:0x00000000
      98045.000 ns	      9803	800023f4	39bbaa13	slti	x20,x23,923	 x23:0x00000000 x20=0x00000001
      98055.000 ns	      9804	800023f8	00e591b3	sll	x3,x11,x14	 x11:0x00000000 x14:0x00000001  x3=0x00000000
      98075.000 ns	      9806	800023fc	282d8953	fmin.s	f18,f27,f2	 f27:0xcb800000  f2:0x80000000 f18=0xcb800000
      98105.000 ns	      9809	80002400	d009f7d3	fcvt.s.w	f15,x19	 x19:0x00000000 f15=0x00000000
      98475.000 ns	      9846	80002404	025e4233	div	x4,x28,x5	 x28:0x00000000  x5:0x80041024  x4=0x00000000
      98495.000 ns	      9848	80002408	01682533	slt	x10,x16,x22	 x16:0x80040fe4 x22:0xe19c8000 x10=0x00000001
      98515.000 ns	      9850	8000240c	0232c933	div	x18,x5,x3	  x5:0x80041024  x3:0x00000000 x18=0xffffffff
      98545.000 ns	      9853	80002410	d00812d3	fcvt.s.w	f5,x16	 x16:0x80040fe4  f5=0xcefff7e0
      98575.000 ns	      9856	80002414	02eaa5b3	mulhsu	x11,x21,x14	 x21:0x00000000 x14:0x00000001 x11=0x00000000
      98625.000 ns	      9861	80002418	09dc7853	fsub.s	f16,f24,f29	 f24:0x00000000 f29:0x80000000 f16=0x00000000
      98655.000 ns	      9864	8000241c	03163933	mulhu	x18,x12,x17	 x12:0x00000000 x17:0x00000000 x18=0x00000000
      98675.000 ns	      9866	80002420	41f90933	sub	x18,x18,x31	 x18:0xffffffff x31:0x00000001 x18=0xffffffff
      98695.000 ns	      9868	80002424	02c90233	mul	x4,x18,x12	 x18:0x00000000 x12:0x00000000  x4=0x00000000
      98735.000 ns	      9872	80002428	114ccad3	fmul.s	f21,f25,f20	 f25:0x00000000 f20:0x4eeed660 f21=0x00000000
      98765.000 ns	      9875	8000242c	f0020ed3	fmv.w.x	f29,x4	  x4:0x00000000 f29=0x00000000
      98795.000 ns	      9878	80002430	288c1bd3	fmax.s	f23,f24,f8	 f24:0x00000000  f8:0x7fc00000 f23=0x00000000
      98825.000 ns	      9881	80002434	e0031153	fclass.s	x2,f6	  f6:0x7fc00000  x2=0x00000200
      98845.000 ns	      9883	80002438	41a158b3	sra	x17,x2,x26	  x2:0x7fffffff x26:0x00000000 x17=0x00000200
      98875.000 ns	      9886	8000243c	18167853	fdiv.s	f16,f12,f1	 f12:0x00000000  f1:0x4efff7e0 f16=0x00000000
      98895.000 ns	      9888	80002440	013d76b3	and	x13,x26,x19	 x26:0x00000000 x19:0x00000000 x13=0x00000000
      98935.000 ns	      9892	80002444	098a7753	fsub.s	f14,f20,f24	 f20:0x4eeed660 f24:0x00000000 f14=0x4eeed660
      98955.000 ns	      9894	80002448	0d0a8793	addi	x15,x21,208	 x21:0x00000000 x15=0x000000d0
      98965.000 ns	      9895	8000244c	00a120b3	slt	x1,x2,x10	  x2:0x00000200 x10:0x00000001  x1=0x00000000
      98975.000 ns	      9896	80002450	41c7d193	srai	x3,x15,0x1c	 x15:0x00000000  x3=0x00000000
      98985.000 ns	      9897	80002454	00039313	slli	x6,x7,0x0	  x7:0x01000002  x6=0x01000002
      99005.000 ns	      9899	80002458	a12ea653	feq.s	x12,f29,f18	 f29:0x00000000 f18:0xcb800000 x12=0x00000000
      99025.000 ns	      9901	8000245c	dbeea493	slti	x9,x29,-578	 x29:0x01000000  x9=0x00000000
      99035.000 ns	      9902	80002460	007bde93	srli	x29,x23,0x7	 x23:0x00000000 x29=0x00000000
      99055.000 ns	      9904	80002464	03772433	mulhsu	x8,x14,x23	 x14:0x00000001 x23:0x00000000  x8=0x00000000
      99075.000 ns	      9906	80002468	40bd0233	sub	x4,x26,x11	 x26:0x00000000 x11:0x00000000  x4=0x00000000
      99095.000 ns	      9908	8000246c	296f16d3	fmax.s	f13,f30,f22	 f30:0xbf800000 f22:0xcb800001 f13=0xbf800000
      99115.000 ns	      9910	80002470	76a20513	addi	x10,x4,1898	  x4:0x00000000 x10=0x0000076a
      99135.000 ns	      9912	80002474	021f36b3	mulhu	x13,x30,x1	 x30:0x00000000  x1:0x00000000 x13=0x00000000
      99155.000 ns	      9914	80002478	e0117613	andi	x12,x2,-511	  x2:0x00000200 x12=0x00000200
      99165.000 ns	      9915	8000247c	f9cc3513	sltiu	x10,x24,-100	 x24:0x00000000 x10=0x00000001
      99205.000 ns	      9919	80002480	08711d53	fsub.s	f26,f2,f7	  f2:0x80000000  f7:0x00000000 f26=0x80000000
      99575.000 ns	      9956	80002484	03f2dcb3	divu	x25,x5,x31	  x5:0x80041024 x31:0x00000001 x25=0x80041024
      99605.000 ns	      9959	80002488	216b0a53	fsgnj.s	f20,f22,f22	 f22:0xcb800001 f22:0xcb800001 f20=0xcb800001
      99635.000 ns	      9962	8000248c	20a19b53	fsgnjn.s	f22,f3,f10	  f3:0x7fc00000 f10:0x00000000 f22=0xffc00000
      99655.000 ns	      9964	80002490	96af0693	addi	x13,x30,-1686	 x30:0x00000000 x13=0xfffff96a
      99665.000 ns	      9965	80002494	0097f133	and	x2,x15,x9	 x15:0x000000d0  x9:0x00000000  x2=0x00000000
      99705.000 ns	      9969	80002498	080079d3	fsub.s	f19,f0,f0	  f0:0x4f7e0000  f0:0x4f7e0000 f19=0x80000000
      99735.000 ns	      9972	8000249c	e0098653	fmv.x.w	x12,f19	 f19:0x80000000 x12=0x80000000
      99765.000 ns	      9975	800024a0	e00d1953	fclass.s	x18,f26	 f26:0x80000000 x18=0x00000008
      99795.000 ns	      9978	800024a4	03aac8b3	div	x17,x21,x26	 x21:0x00000000 x26:0x00000000 x17=0xffffffff
      99815.000 ns	      9980	800024a8	01f65893	srli	x17,x12,0x1f	 x12:0x80000000 x17=0x00000001
      99845.000 ns	      9983	800024ac	18f47b53	fdiv.s	f22,f8,f15	  f8:0x7fc00000 f15:0x00000000 f22=0x7fc00000
      99875.000 ns	      9986	800024b0	a0472f53	feq.s	x30,f14,f4	 f14:0x4eeed660  f4:0x7fc00000 x30=0x00000000
     101055.000 ns	     10104	800024b4	580070d3	fsqrt.s	f1,f0	  f0:0x4f7e0000  f1=0x47339a7b
     101075.000 ns	     10106	800024b8	00c11693	slli	x13,x2,0xc	  x2:0x00000000 x13=0x00000000
     101095.000 ns	     10108	800024bc	c008f3d3	fcvt.w.s	x7,f17	 f17:0x3f800000  x7=0x00000001
     101125.000 ns	     10111	800024c0	f00c8d53	fmv.w.x	f26,x25	 x25:0x80041024 f26=0x80041024
     101155.000 ns	     10114	800024c4	f0038153	fmv.w.x	f2,x7	  x7:0x00000001  f2=0x00000001
     101175.000 ns	     10116	800024c8	00730d33	add	x26,x6,x7	  x6:0x01000002  x7:0x00000001 x26=0x01000003
     101185.000 ns	     10117	800024cc	cbca0913	addi	x18,x20,-836	 x20:0x00000001 x18=0xfffffcbd
     101195.000 ns	     10118	800024d0	01a400b3	add	x1,x8,x26	  x8:0x00000000 x26:0x00000000  x1=0x01000003
     101215.000 ns	     10120	800024d4	c004f353	fcvt.w.s	x6,f9	  f9:0x80000000  x6=0x00000000
     101245.000 ns	     10123	800024d8	039207b3	mul	x15,x4,x25	  x4:0x00000000 x25:0x80041024 x15=0x00000000
     101295.000 ns	     10128	800024dc	09effd53	fsub.s	f26,f31,f30	 f31:0xcc413f69 f30:0xbf800000 f26=0xcc413f68
     101325.000 ns	     10131	800024e0	e0041453	fclass.s	x8,f8	  f8:0x7fc00000  x8=0x00000200
     101345.000 ns	     10133	800024e4	f74a3793	sltiu	x15,x20,-140	 x20:0x00000001 x15=0x00000001
     101375.000 ns	     10136	800024e8	1077f2d3	fmul.s	f5,f15,f7	 f15:0x00000000  f7:0x00000000  f5=0x00000000
     101395.000 ns	     10138	800024ec	9c817c13	andi	x24,x2,-1592	  x2:0x00000000 x24=0x00000000
     101405.000 ns	     10139	800024f0	41815713	srai	x14,x2,0x18	  x2:0x00000000 x14=0x00000000
     101765.000 ns	     10175	800024f4	034b4e33	div	x28,x22,x20	 x22:0xe19c8000 x20:0x00000001 x28=0xe19c8000
     101785.000 ns	     10177	800024f8	bb0a7f93	andi	x31,x20,-1104	 x20:0x00000001 x31=0x00000000
     101795.000 ns	     10178	800024fc	1c4ac017	auipc	x0,0x1c4ac	
     101805.000 ns	     10179	80002500	6ae80893	addi	x17,x16,1710	 x16:0x80040fe4 x17=0x80041692
     101815.000 ns	     10180	80002504	00569993	slli	x19,x13,0x5	 x13:0x00000000 x19=0x00000000
     101825.000 ns	     10181	80002508	02c3be93	sltiu	x29,x7,44	  x7:0x00000001 x29=0x00000001
     101835.000 ns	     10182	8000250c	40b801b3	sub	x3,x16,x11	 x16:0x80040fe4 x11:0x00000000  x3=0x80040fe4
     101845.000 ns	     10183	80002510	007a4233	xor	x4,x20,x7	 x20:0x00000001  x7:0x00000001  x4=0x00000000
     101865.000 ns	     10185	80002514	20d1a3d3	fsgnjx.s	f7,f3,f13	  f3:0x7fc00000 f13:0xbf800000  f7=0xffc00000
     101885.000 ns	     10187	80002518	01a173b3	and	x7,x2,x26	  x2:0x00000000 x26:0x01000003  x7=0x00000000
     101895.000 ns	     10188	8000251c	401d8bb3	sub	x23,x27,x1	 x27:0xf9af2af0  x1:0x01000003 x23=0xf8af2aed
     101905.000 ns	     10189	80002520	01e407b3	add	x15,x8,x30	  x8:0x00000200 x30:0x00000000 x15=0x00000200
     101945.000 ns	     10193	80002524	09f27e53	fsub.s	f28,f4,f31	  f4:0x7fc00000 f31:0xcc413f69 f28=0x7fc00000
     101965.000 ns	     10195	80002528	019b1113	slli	x2,x22,0x19	 x22:0xe19c8000  x2=0x00000000
     101985.000 ns	     10197	8000252c	d0019f53	fcvt.s.w	f30,x3	  x3:0x80040fe4 f30=0xcefff7e0
     102005.000 ns	     10199	80002530	01ce6f33	or	x30,x28,x28	 x28:0xe19c8000 x28:0xe19c8000 x30=0xe19c8000
     102015.000 ns	     10200	80002534	a5c63b13	sltiu	x22,x12,-1444	 x12:0x80000000 x22=0x00000001
     102025.000 ns	     10201	80002538	0f8dab93	slti	x23,x27,248	 x27:0xf9af2af0 x23=0x00000001
     102035.000 ns	     10202	8000253c	004b65b3	or	x11,x22,x4	 x22:0xe19c8000  x4:0x00000000 x11=0x00000001
     102065.000 ns	     10205	80002540	10f4a7d3	fmul.s	f15,f9,f15	  f9:0x80000000 f15:0x00000000 f15=0x80000000
     102115.000 ns	     10210	80002544	081ac2d3	fsub.s	f5,f21,f1	 f21:0x00000000  f1:0x47339a7b  f5=0xc7339a7b
     102485.000 ns	     10247	80002548	03ea55b3	divu	x11,x20,x30	 x20:0x00000001 x30:0xe19c8000 x11=0x00000000
     102505.000 ns	     10249	8000254c	40f55393	srai	x7,x10,0xf	 x10:0x00000001  x7=0x00000000
     102515.000 ns	     10250	80002550	00987ab3	and	x21,x16,x9	 x16:0x80040fe4  x9:0x00000000 x21=0x00000000
     102535.000 ns	     10252	80002554	025a1bb3	mulh	x23,x20,x5	 x20:0x00000001  x5:0x80041024 x23=0xffffffff
     102585.000 ns	     10257	80002558	00f87d53	fadd.s	f26,f16,f15	 f16:0x00000000 f15:0x80000000 f26=0x80000000
     102625.000 ns	     10261	8000255c	100b25d3	fmul.s	f11,f22,f0	 f22:0x7fc00000  f0:0x4f7e0000 f11=0x7fc00000
     102645.000 ns	     10263	80002560	01a51193	slli	x3,x10,0x1a	 x10:0x00000001  x3=0x04000000
     102655.000 ns	     10264	80002564	401581b3	sub	x3,x11,x1	 x11:0x00000000  x1:0x01000003  x3=0xfefffffd
     102665.000 ns	     10265	80002568	ab158693	addi	x13,x11,-1359	 x11:0x00000000 x13=0xfffffab1
     102705.000 ns	     10269	8000256c	01c2fe53	fadd.s	f28,f5,f28	  f5:0xc7339a7b f28:0x7fc00000 f28=0x7fc00000
     102735.000 ns	     10272	80002570	e00789d3	fmv.x.w	x19,f15	 f15:0x80000000 x19=0x80000000
     102755.000 ns	     10274	80002574	412f56b3	sra	x13,x30,x18	 x30:0xe19c8000 x18:0xfffffcbd x13=0xffffffff
     102765.000 ns	     10275	80002578	00b58533	add	x10,x11,x11	 x11:0x00000000 x11:0x00000000 x10=0x00000000
     102775.000 ns	     10276	8000257c	0029d0b3	srl	x1,x19,x2	 x19:0x80000000  x2:0x00000000  x1=0x80000000
     102785.000 ns	     10277	80002580	00523b33	sltu	x22,x4,x5	  x4:0x00000000  x5:0x80041024 x22=0x00000001
     102805.000 ns	     10279	80002584	a0ba1353	flt.s	x6,f20,f11	 f20:0xcb800001 f11:0x7fc00000  x6=0x00000000
     102835.000 ns	     10282	80002588	d00976d3	fcvt.s.w	f13,x18	 x18:0xfffffcbd f13=0xc450c000
     102855.000 ns	     10284	8000258c	415207b3	sub	x15,x4,x21	  x4:0x00000000 x21:0x00000000 x15=0x00000000
     102895.000 ns	     10288	80002590	089cfbd3	fsub.s	f23,f25,f9	 f25:0x00000000  f9:0x80000000 f23=0x00000000
     102915.000 ns	     10290	80002594	015361b3	or	x3,x6,x21	  x6:0x00000000 x21:0x00000000  x3=0x00000000
     102935.000 ns	     10292	80002598	a17585d3	fle.s	x11,f11,f23	 f11:0x7fc00000 f23:0x00000000 x11=0x00000000
     102955.000 ns	     10294	8000259c	40658333	sub	x6,x11,x6	 x11:0x00000000  x6:0x00000000  x6=0x00000000
     102995.000 ns	     10298	800025a0	083ea953	fsub.s	f18,f29,f3	 f29:0x00000000  f3:0x7fc00000 f18=0x7fc00000
     103025.000 ns	     10301	800025a4	298f99d3	fmax.s	f19,f31,f24	 f31:0xcc413f69 f24:0x00000000 f19=0x00000000
     103065.000 ns	     10305	800025a8	10fe0f53	fmul.s	f30,f28,f15	 f28:0x7fc00000 f15:0x80000000 f30=0x7fc00000
     103085.000 ns	     10307	800025ac	00000013	addi	x0,x0,0	  x0:0x00000000
     103105.000 ns	     10309	800025b0	03a901b3	mul	x3,x18,x26	 x18:0xfffffcbd x26:0x01000003  x3=0xbcfff637
     103125.000 ns	     10311	800025b4	00972e33	slt	x28,x14,x9	 x14:0x00000000  x9:0x00000000 x28=0x00000000
     103145.000 ns	     10313	800025b8	023a11b3	mulh	x3,x20,x3	 x20:0x00000001  x3:0xbcfff637  x3=0xffffffff
     103175.000 ns	     10316	800025bc	20838a53	fsgnj.s	f20,f7,f8	  f7:0xffc00000  f8:0x7fc00000 f20=0x7fc00000
     103225.000 ns	     10321	800025c0	002972d3	fadd.s	f5,f18,f2	 f18:0x7fc00000  f2:0x00000001  f5=0x7fc00000
     103255.000 ns	     10324	800025c4	f0078d53	fmv.w.x	f26,x15	 x15:0x00000000 f26=0x00000000
     103285.000 ns	     10327	800025c8	02372333	mulhsu	x6,x14,x3	 x14:0x00000000  x3:0xffffffff  x6=0x00000000
     103315.000 ns	     10330	800025cc	033f31b3	mulhu	x3,x30,x19	 x30:0xe19c8000 x19:0x80000000  x3=0x70ce4000
     103335.000 ns	     10332	800025d0	017d40b3	xor	x1,x26,x23	 x26:0x01000003 x23:0xffffffff  x1=0xfefffffc
     103355.000 ns	     10334	800025d4	028a1533	mulh	x10,x20,x8	 x20:0x00000001  x8:0x00000200 x10=0x00000000
     103375.000 ns	     10336	800025d8	003b2bb3	slt	x23,x22,x3	 x22:0x00000001  x3:0x70ce4000 x23=0x00000001
     103395.000 ns	     10338	800025dc	c01936d3	fcvt.wu.s	x13,f18	 f18:0x7fc00000 x13=0xffffffff
     103445.000 ns	     10343	800025e0	08e5c3d3	fsub.s	f7,f11,f14	 f11:0x7fc00000 f14:0x4eeed660  f7=0x7fc00000
     103475.000 ns	     10346	800025e4	c010f9d3	fcvt.wu.s	x19,f1	  f1:0x47339a7b x19=0x0000b39a
     103505.000 ns	     10349	800025e8	03c86a33	rem	x20,x16,x28	 x16:0x80040fe4 x28:0x00000000 x20=0x80040fe4
     103525.000 ns	     10351	800025ec	01176b13	ori	x22,x14,17	 x14:0x00000000 x22=0x00000011
     103545.000 ns	     10353	800025f0	e0020653	fmv.x.w	x12,f4	  f4:0x7fc00000 x12=0x7fc00000
     103915.000 ns	     10390	800025f4	03225a33	divu	x20,x4,x18	  x4:0x00000000 x18:0xfffffcbd x20=0x00000000
     103945.000 ns	     10393	800025f8	f0068f53	fmv.w.x	f30,x13	 x13:0xffffffff f30=0xffffffff
     103965.000 ns	     10395	800025fc	7277c013	xori	x0,x15,1831	 x15:0x00000000
     103975.000 ns	     10396	80002600	01d29e93	slli	x29,x5,0x1d	  x5:0x80041024 x29=0x80000000
     103985.000 ns	     10397	80002604	0048cbb3	xor	x23,x17,x4	 x17:0x80041692  x4:0x00000000 x23=0x80041692
     103995.000 ns	     10398	80002608	762c2b13	slti	x22,x24,1890	 x24:0x00000000 x22=0x00000001
     104015.000 ns	     10400	8000260c	286e1953	fmax.s	f18,f28,f6	 f28:0x7fc00000  f6:0x7fc00000 f18=0x7fc00000
     104035.000 ns	     10402	80002610	4c90a713	slti	x14,x1,1225	  x1:0xfefffffc x14=0x00000001
     104055.000 ns	     10404	80002614	02389033	mulh	x0,x17,x3	 x17:0x80041692  x3:0x70ce4000
     104425.000 ns	     10441	80002618	02c377b3	remu	x15,x6,x12	  x6:0x00000000 x12:0x7fc00000 x15=0x00000000
     104445.000 ns	     10443	8000261c	05120393	addi	x7,x4,81	  x4:0x00000000  x7=0x00000051
     104455.000 ns	     10444	80002620	9d85f793	andi	x15,x11,-1576	 x11:0x00000000 x15=0x00000000
     104465.000 ns	     10445	80002624	01edf033	and	x0,x27,x30	 x27:0xf9af2af0 x30:0xe19c8000
     104795.000 ns	     10478	80002628	19bdf3d3	fdiv.s	f7,f27,f27	 f27:0xcb800000 f27:0xcb800000  f7=0x3f000000
     105165.000 ns	     10515	8000262c	031466b3	rem	x13,x8,x17	  x8:0x00000200 x17:0x80041692 x13=0x00000200
     105195.000 ns	     10518	80002630	d01e3353	fcvt.s.wu	f6,x28	 x28:0x00000000  f6=0x00000000
     105215.000 ns	     10520	80002634	18624d37	lui	x26,0x18624	 x26=0x18624000
     105235.000 ns	     10522	80002638	e0040d53	fmv.x.w	x26,f8	  f8:0x7fc00000 x26=0x7fc00000
     105255.000 ns	     10524	8000263c	a31351b7	lui	x3,0xa3135	  x3=0xa3135000
     105265.000 ns	     10525	80002640	001cd313	srli	x6,x25,0x1	 x25:0x80041024  x6=0x40020812
     105285.000 ns	     10527	80002644	e0071553	fclass.s	x10,f14	 f14:0x4eeed660 x10=0x00000040
     105305.000 ns	     10529	80002648	01a14a33	xor	x20,x2,x26	  x2:0x00000000 x26:0x7fc00000 x20=0x7fc00000
     105315.000 ns	     10530	8000264c	00045433	srl	x8,x8,x0	  x8:0x00000200  x0:0x00000000  x8=0x00000200
     105325.000 ns	     10531	80002650	41555ab3	sra	x21,x10,x21	 x10:0x00000040 x21:0x00000000 x21=0x00000040
     105335.000 ns	     10532	80002654	402ddf33	sra	x30,x27,x2	 x27:0xf9af2af0  x2:0x00000000 x30=0xf9af2af0
     105355.000 ns	     10534	80002658	036d2233	mulhsu	x4,x26,x22	 x26:0x7fc00000 x22:0x00000001  x4=0x00000000
     105725.000 ns	     10571	8000265c	03b55933	divu	x18,x10,x27	 x10:0x00000040 x27:0xf9af2af0 x18=0x00000000
     105765.000 ns	     10575	80002660	580af053	fsqrt.s	f0,f21	 f21:0x00000000  f0=0x00000000
     106135.000 ns	     10612	80002664	026fff33	remu	x30,x31,x6	 x31:0x00000000  x6:0x40020812 x30=0x00000000
     106185.000 ns	     10617	80002668	08647853	fsub.s	f16,f8,f6	  f8:0x7fc00000  f6:0x00000000 f16=0x7fc00000
     106215.000 ns	     10620	8000266c	f00784d3	fmv.w.x	f9,x15	 x15:0x00000000  f9=0x00000000
     106245.000 ns	     10623	80002670	28dc86d3	fmin.s	f13,f25,f13	 f25:0x00000000 f13:0xc450c000 f13=0xc450c000
     106275.000 ns	     10626	80002674	e00c11d3	fclass.s	x3,f24	 f24:0x00000000  x3=0x00000010
     106295.000 ns	     10628	80002678	23473613	sltiu	x12,x14,564	 x14:0x00000001 x12=0x00000001
     106315.000 ns	     10630	8000267c	2142a1d3	fsgnjx.s	f3,f5,f20	  f5:0x7fc00000 f20:0x7fc00000  f3=0x7fc00000
     106335.000 ns	     10632	80002680	7f6b2f13	slti	x30,x22,2038	 x22:0x00000001 x30=0x00000001
     106345.000 ns	     10633	80002684	4a0e0693	addi	x13,x28,1184	 x28:0x00000000 x13=0x000004a0
     106355.000 ns	     10634	80002688	00a18133	add	x2,x3,x10	  x3:0x00000010 x10:0x00000040  x2=0x00000050
     106365.000 ns	     10635	8000268c	41320433	sub	x8,x4,x19	  x4:0x00000000 x19:0x0000b39a  x8=0xffff4c66
     106375.000 ns	     10636	80002690	8bcea713	slti	x14,x29,-1860	 x29:0x80000000 x14=0x00000001
     106385.000 ns	     10637	80002694	00775c33	srl	x24,x14,x7	 x14:0x00000001  x7:0x00000051 x24=0x00000000
     106395.000 ns	     10638	80002698	00000013	addi	x0,x0,0	  x0:0x00000000
     106415.000 ns	     10640	8000269c	024ac4b3	div	x9,x21,x4	 x21:0x00000040  x4:0x00000000  x9=0xffffffff
     106435.000 ns	     10642	800026a0	9c79f513	andi	x10,x19,-1593	 x19:0x0000b39a x10=0x0000b182
     106455.000 ns	     10644	800026a4	e0021cd3	fclass.s	x25,f4	  f4:0x7fc00000 x25=0x00000200
     106485.000 ns	     10647	800026a8	29069053	fmax.s	f0,f13,f16	 f13:0xc450c000 f16:0x7fc00000  f0=0xc450c000
     106515.000 ns	     10650	800026ac	e0039753	fclass.s	x14,f7	  f7:0x3f000000 x14=0x00000040
     106535.000 ns	     10652	800026b0	7a6ae013	ori	x0,x21,1958	 x21:0x00000040
     106895.000 ns	     10688	800026b4	0264cc33	div	x24,x9,x6	  x9:0xffffffff  x6:0x40020812 x24=0x00000000
     106925.000 ns	     10691	800026b8	02ca0533	mul	x10,x20,x12	 x20:0x7fc00000 x12:0x00000001 x10=0x7fc00000
     106955.000 ns	     10694	800026bc	20321b53	fsgnjn.s	f22,f4,f3	  f4:0x7fc00000  f3:0x7fc00000 f22=0xffc00000
     106975.000 ns	     10696	800026c0	bd35be93	sltiu	x29,x11,-1069	 x11:0x00000000 x29=0x00000001
     106995.000 ns	     10698	800026c4	a1781fd3	flt.s	x31,f16,f23	 f16:0x7fc00000 f23:0x00000000 x31=0x00000000
     107365.000 ns	     10735	800026c8	0332e6b3	rem	x13,x5,x19	  x5:0x80041024 x19:0x0000b39a x13=0xffff511c
     107735.000 ns	     10772	800026cc	03a06e33	rem	x28,x0,x26	  x0:0x00000000 x26:0x7fc00000 x28=0x00000000
     107755.000 ns	     10774	800026d0	00000013	addi	x0,x0,0	  x0:0x00000000
     107775.000 ns	     10776	800026d4	289c07d3	fmin.s	f15,f24,f9	 f24:0x00000000  f9:0x00000000 f15=0x00000000
     107795.000 ns	     10778	800026d8	0125b8b3	sltu	x17,x11,x18	 x11:0x00000000 x18:0x00000000 x17=0x00000000
     107825.000 ns	     10781	800026dc	182f7553	fdiv.s	f10,f30,f2	 f30:0xffffffff  f2:0x00000001 f10=0x7fc00000
     107845.000 ns	     10783	800026e0	c1e26613	ori	x12,x4,-994	  x4:0x00000000 x12=0xfffffc1e
     107855.000 ns	     10784	800026e4	92b2bf93	sltiu	x31,x5,-1749	  x5:0x80041024 x31=0x00000001
     107865.000 ns	     10785	800026e8	22af6793	ori	x15,x30,554	 x30:0x00000001 x15=0x0000022b
     107875.000 ns	     10786	800026ec	401e8c33	sub	x24,x29,x1	 x29:0x00000001  x1:0xfefffffc x24=0x01000005
     107885.000 ns	     10787	800026f0	41ba5793	srai	x15,x20,0x1b	 x20:0x7fc00000 x15=0x0000000f
     107925.000 ns	     10791	800026f4	092af7d3	fsub.s	f15,f21,f18	 f21:0x00000000 f18:0x7fc00000 f15=0x7fc00000
     107945.000 ns	     10793	800026f8	00fb1113	slli	x2,x22,0xf	 x22:0x00000001  x2=0x00008000
     107955.000 ns	     10794	800026fc	00556ab3	or	x21,x10,x5	 x10:0x7fc00000  x5:0x80041024 x21=0xffc41024
     107965.000 ns	     10795	80002700	0105d693	srli	x13,x11,0x10	 x11:0x00000000 x13=0x00000000
     108325.000 ns	     10831	80002704	02917bb3	remu	x23,x2,x9	  x2:0x00008000  x9:0xffffffff x23=0x00008000
     108355.000 ns	     10834	80002708	a0da9453	flt.s	x8,f21,f13	 f21:0x00000000 f13:0xc450c000  x8=0x00000000
     108385.000 ns	     10837	8000270c	a1c30653	fle.s	x12,f6,f28	  f6:0x00000000 f28:0x7fc00000 x12=0x00000000
     108415.000 ns	     10840	80002710	03ec95b3	mulh	x11,x25,x30	 x25:0x00000200 x30:0x00000001 x11=0x00000000
     108445.000 ns	     10843	80002714	c0122ed3	fcvt.wu.s	x29,f4	  f4:0x7fc00000 x29=0xffffffff
     108465.000 ns	     10845	80002718	00ab29b3	slt	x19,x22,x10	 x22:0x00000001 x10:0x7fc00000 x19=0x00000001
     108475.000 ns	     10846	8000271c	410e5c33	sra	x24,x28,x16	 x28:0x00000000 x16:0x80040fe4 x24=0x00000000
     108485.000 ns	     10847	80002720	01d7f933	and	x18,x15,x29	 x15:0x0000000f x29:0xffffffff x18=0x0000000f
     108505.000 ns	     10849	80002724	d015f1d3	fcvt.s.wu	f3,x11	 x11:0x00000000  f3=0x00000000
     108525.000 ns	     10851	80002728	00d984b3	add	x9,x19,x13	 x19:0x00000001 x13:0x00000000  x9=0x00000001
     108545.000 ns	     10853	8000272c	c0064c53	fcvt.w.s	x24,f12	 f12:0x00000000 x24=0x00000000
     108565.000 ns	     10855	80002730	00445013	srli	x0,x8,0x4	  x8:0x00000000
     108575.000 ns	     10856	80002734	00000013	addi	x0,x0,0	  x0:0x00000000
     108585.000 ns	     10857	80002738	01f8ac33	slt	x24,x17,x31	 x17:0x00000000 x31:0x00000001 x24=0x00000001
     108605.000 ns	     10859	8000273c	a0c387d3	fle.s	x15,f7,f12	  f7:0x3f000000 f12:0x00000000 x15=0x00000000
     108625.000 ns	     10861	80002740	00a70133	add	x2,x14,x10	 x14:0x00000040 x10:0x7fc00000  x2=0x7fc00040
     108985.000 ns	     10897	80002744	026f43b3	div	x7,x30,x6	 x30:0x00000001  x6:0x40020812  x7=0x00000000
     109005.000 ns	     10899	80002748	0081de13	srli	x28,x3,0x8	  x3:0x00000010 x28=0x00000000
     109035.000 ns	     10902	8000274c	195dffd3	fdiv.s	f31,f27,f21	 f27:0xcb800000 f21:0x00000000 f31=0xff800000
     109065.000 ns	     10905	80002750	c006fb53	fcvt.w.s	x22,f13	 f13:0xc450c000 x22=0x00000343
     109085.000 ns	     10907	80002754	48e44313	xori	x6,x8,1166	  x8:0x00000000  x6=0x0000048e
     109105.000 ns	     10909	80002758	212a8553	fsgnj.s	f10,f21,f18	 f21:0x00000000 f18:0x7fc00000 f10=0x00000000
     109135.000 ns	     10912	8000275c	c00af453	fcvt.w.s	x8,f21	 f21:0x00000000  x8=0x00000000
     109155.000 ns	     10914	80002760	015b5c33	srl	x24,x22,x21	 x22:0x00000343 x21:0xffc41024 x24=0x00000034
     109515.000 ns	     10950	80002764	021740b3	div	x1,x14,x1	 x14:0x00000040  x1:0xfefffffc  x1=0x00000000
     109565.000 ns	     10955	80002768	08557f53	fsub.s	f30,f10,f5	 f10:0x00000000  f5:0x7fc00000 f30=0x7fc00000
     109585.000 ns	     10957	8000276c	872f7013	andi	x0,x30,-1934	 x30:0x00000001
     109945.000 ns	     10993	80002770	02374733	div	x14,x14,x3	 x14:0x00000040  x3:0x00000010 x14=0x00000004
     109975.000 ns	     10996	80002774	e0078ad3	fmv.x.w	x21,f15	 f15:0x7fc00000 x21=0x7fc00000
     110025.000 ns	     11001	80002778	01c51553	fadd.s	f10,f10,f28	 f10:0x00000000 f28:0x7fc00000 f10=0x7fc00000
     110055.000 ns	     11004	8000277c	e00704d3	fmv.x.w	x9,f14	 f14:0x4eeed660  x9=0x4eeed660
     110425.000 ns	     11041	80002780	0220f733	remu	x14,x1,x2	  x1:0x00000000  x2:0x7fc00040 x14=0x00000000
     110455.000 ns	     11044	80002784	28f90a53	fmin.s	f20,f18,f15	 f18:0x7fc00000 f15:0x7fc00000 f20=0x7fc00000
     110485.000 ns	     11047	80002788	a10303d3	fle.s	x7,f6,f16	  f6:0x00000000 f16:0x7fc00000  x7=0x00000000
     110855.000 ns	     11084	8000278c	0349d033	divu	x0,x19,x20	 x19:0x00000001 x20:0x7fc00000
     110885.000 ns	     11087	80002790	282a1b53	fmax.s	f22,f20,f2	 f20:0x7fc00000  f2:0x00000001 f22=0x00000001
     110915.000 ns	     11090	80002794	a1788bd3	fle.s	x23,f17,f23	 f17:0x3f800000 f23:0x00000000 x23=0x00000000
     110935.000 ns	     11092	80002798	01cec733	xor	x14,x29,x28	 x29:0xffffffff x28:0x00000000 x14=0xffffffff
     110945.000 ns	     11093	8000279c	017e3eb3	sltu	x29,x28,x23	 x28:0x00000000 x23:0x00000000 x29=0x00000000
     110965.000 ns	     11095	800027a0	03b0b6b3	mulhu	x13,x1,x27	  x1:0x00000000 x27:0xf9af2af0 x13=0x00000000
     110985.000 ns	     11097	800027a4	01cdfe33	and	x28,x27,x28	 x27:0xf9af2af0 x28:0x00000000 x28=0x00000000
     110995.000 ns	     11098	800027a8	00dc4933	xor	x18,x24,x13	 x24:0x00000034 x13:0x00000000 x18=0x00000034
     111005.000 ns	     11099	800027ac	b2753c93	sltiu	x25,x10,-1241	 x10:0x7fc00000 x25=0x00000001
     111035.000 ns	     11102	800027b0	5804f8d3	fsqrt.s	f17,f9	  f9:0x00000000 f17=0x00000000
     111085.000 ns	     11107	800027b4	00d37853	fadd.s	f16,f6,f13	  f6:0x00000000 f13:0xc450c000 f16=0xc450c000
     111105.000 ns	     11109	800027b8	01623233	sltu	x4,x4,x22	  x4:0x00000000 x22:0x00000343  x4=0x00000001
     111125.000 ns	     11111	800027bc	21fd8953	fsgnj.s	f18,f27,f31	 f27:0xcb800000 f31:0xff800000 f18=0xcb800000
     111495.000 ns	     11148	800027c0	025651b3	divu	x3,x12,x5	 x12:0x00000000  x5:0x80041024  x3=0x00000000
     111525.000 ns	     11151	800027c4	022599b3	mulh	x19,x11,x2	 x11:0x00000000  x2:0x7fc00040 x19=0x00000000
     111555.000 ns	     11154	800027c8	a043a453	feq.s	x8,f7,f4	  f7:0x3f000000  f4:0x7fc00000  x8=0x00000000
     111585.000 ns	     11157	800027cc	02b76e33	rem	x28,x14,x11	 x14:0xffffffff x11:0x00000000 x28=0xffffffff
     111615.000 ns	     11160	800027d0	a18b2653	feq.s	x12,f22,f24	 f22:0x00000001 f24:0x00000000 x12=0x00000000
     111645.000 ns	     11163	800027d4	026d3eb3	mulhu	x29,x26,x6	 x26:0x7fc00000  x6:0x0000048e x29=0x00000245
     111665.000 ns	     11165	800027d8	3ed9f213	andi	x4,x19,1005	 x19:0x00000000  x4=0x00000000
     111675.000 ns	     11166	800027dc	004da633	slt	x12,x27,x4	 x27:0xf9af2af0  x4:0x00000001 x12=0x00000001
     111695.000 ns	     11168	800027e0	29d29dd3	fmax.s	f27,f5,f29	  f5:0x7fc00000 f29:0x00000000 f27=0x00000000
     111715.000 ns	     11170	800027e4	0139e633	or	x12,x19,x19	 x19:0x00000000 x19:0x00000000 x12=0x00000000
     111725.000 ns	     11171	800027e8	412a5333	sra	x6,x20,x18	 x20:0x7fc00000 x18:0x00000034  x6=0x000007fc
     111735.000 ns	     11172	800027ec	3b430213	addi	x4,x6,948	  x6:0x0000048e  x4=0x00000bb0
     111755.000 ns	     11174	800027f0	d007fc53	fcvt.s.w	f24,x15	 x15:0x00000000 f24=0x00000000
     111775.000 ns	     11176	800027f4	00000013	addi	x0,x0,0	  x0:0x00000000
     111805.000 ns	     11179	800027f8	1993f4d3	fdiv.s	f9,f7,f25	  f7:0x3f000000 f25:0x00000000  f9=0x7f800000
     111825.000 ns	     11181	800027fc	50cdb897	auipc	x17,0x50cdb	 x17=0xd0cdd7fc
     112185.000 ns	     11217	80002800	031fcf33	div	x30,x31,x17	 x31:0x00000001 x17:0x00000000 x30=0x00000000
     112215.000 ns	     11220	80002804	c012aad3	fcvt.wu.s	x21,f5	  f5:0x7fc00000 x21=0xffffffff
     112245.000 ns	     11223	80002808	a1011c53	flt.s	x24,f2,f16	  f2:0x00000001 f16:0xc450c000 x24=0x00000000
     112295.000 ns	     11228	8000280c	004b0d53	fadd.s	f26,f22,f4	 f22:0x00000001  f4:0x7fc00000 f26=0x7fc00000
     112315.000 ns	     11230	80002810	019a4633	xor	x12,x20,x25	 x20:0x7fc00000 x25:0x00000001 x12=0x7fc00001
     112325.000 ns	     11231	80002814	4ff1fb13	andi	x22,x3,1279	  x3:0x00000000 x22=0x00000000
     112345.000 ns	     11233	80002818	0278ca33	div	x20,x17,x7	 x17:0xd0cdd7fc  x7:0x00000000 x20=0xffffffff
     112365.000 ns	     11235	8000281c	40bbd6b3	sra	x13,x23,x11	 x23:0x00000000 x11:0x00000000 x13=0x00000000
     112375.000 ns	     11236	80002820	00c59c13	slli	x24,x11,0xc	 x11:0x00000000 x24=0x00000000
     112405.000 ns	     11239	80002824	10e270d3	fmul.s	f1,f4,f14	  f4:0x7fc00000 f14:0x4eeed660  f1=0x7fc00000
     112425.000 ns	     11241	80002828	01b03eb3	sltu	x29,x0,x27	  x0:0x00000000 x27:0xf9af2af0 x29=0x00000001
     112445.000 ns	     11243	8000282c	e00006d3	fmv.x.w	x13,f0	  f0:0xc450c000 x13=0xc450c000
     112465.000 ns	     11245	80002830	7c5a3393	sltiu	x7,x20,1989	 x20:0xffffffff  x7=0x00000000
     112475.000 ns	     11246	80002834	00a81c33	sll	x24,x16,x10	 x16:0x80040fe4 x10:0x7fc00000 x24=0x80040fe4
     112495.000 ns	     11248	80002838	a06491d3	flt.s	x3,f9,f6	  f9:0x7f800000  f6:0x00000000  x3=0x00000000
     112515.000 ns	     11250	8000283c	33233e93	sltiu	x29,x6,818	  x6:0x000007fc x29=0x00000000
     112535.000 ns	     11252	80002840	036f7733	remu	x14,x30,x22	 x30:0x00000000 x22:0x00000000 x14=0x00000000
     112555.000 ns	     11254	80002844	88abe093	ori	x1,x23,-1910	 x23:0x00000000  x1=0xfffff88a
     112585.000 ns	     11257	80002848	18147e53	fdiv.s	f28,f8,f1	  f8:0x7fc00000  f1:0x7fc00000 f28=0x7fc00000
     112615.000 ns	     11260	8000284c	21b58853	fsgnj.s	f16,f11,f27	 f11:0x7fc00000 f27:0x00000000 f16=0x7fc00000
     112645.000 ns	     11263	80002850	e0098153	fmv.x.w	x2,f19	 f19:0x00000000  x2=0x00000000
     112695.000 ns	     11268	80002854	081d3353	fsub.s	f6,f26,f1	 f26:0x7fc00000  f1:0x7fc00000  f6=0x7fc00000
     112715.000 ns	     11270	80002858	40d15633	sra	x12,x2,x13	  x2:0x00000000 x13:0xc450c000 x12=0x00000000
     112735.000 ns	     11272	8000285c	02a12e33	mulhsu	x28,x2,x10	  x2:0x00000000 x10:0x7fc00000 x28=0x00000000
     112775.000 ns	     11276	80002860	1038c053	fmul.s	f0,f17,f3	 f17:0x00000000  f3:0x00000000  f0=0x00000000
     112805.000 ns	     11279	80002864	28b481d3	fmin.s	f3,f9,f11	  f9:0x7f800000 f11:0x7fc00000  f3=0x7f800000
     112835.000 ns	     11282	80002868	e0031753	fclass.s	x14,f6	  f6:0x7fc00000 x14=0x00000200
     112865.000 ns	     11285	8000286c	e00a1c53	fclass.s	x24,f20	 f20:0x7fc00000 x24=0x00000200
     112895.000 ns	     11288	80002870	21a014d3	fsgnjn.s	f9,f0,f26	  f0:0x00000000 f26:0x7fc00000  f9=0x80000000
     112915.000 ns	     11290	80002874	001fcf33	xor	x30,x31,x1	 x31:0x00000001  x1:0xfffff88a x30=0xfffff88b
     112925.000 ns	     11291	80002878	fa6e90b7	lui	x1,0xfa6e9	  x1=0xfa6e9000
     112935.000 ns	     11292	8000287c	00932c33	slt	x24,x6,x9	  x6:0x000007fc  x9:0x4eeed660 x24=0x00000001
     112955.000 ns	     11294	80002880	f00b8cd3	fmv.w.x	f25,x23	 x23:0x00000000 f25=0x00000000
     112975.000 ns	     11296	80002884	e48d0413	addi	x8,x26,-440	 x26:0x7fc00000  x8=0x7fbffe48
     112985.000 ns	     11297	80002888	413b5c33	sra	x24,x22,x19	 x22:0x00000000 x19:0x00000000 x24=0x00000000
     112995.000 ns	     11298	8000288c	00a5e0b3	or	x1,x11,x10	 x11:0x00000000 x10:0x7fc00000  x1=0x7fc00000
     113015.000 ns	     11300	80002890	a10518d3	flt.s	x17,f10,f16	 f10:0x7fc00000 f16:0x7fc00000 x17=0x00000000
     113045.000 ns	     11303	80002894	29f91853	fmax.s	f16,f18,f31	 f18:0xcb800000 f31:0xff800000 f16=0xcb800000
     113095.000 ns	     11308	80002898	01757d53	fadd.s	f26,f10,f23	 f10:0x7fc00000 f23:0x00000000 f26=0x7fc00000
     113125.000 ns	     11311	8000289c	02f28fb3	mul	x31,x5,x15	  x5:0x80041024 x15:0x00000000 x31=0x00000000
     113155.000 ns	     11314	800028a0	e0020b53	fmv.x.w	x22,f4	  f4:0x7fc00000 x22=0x7fc00000
     113185.000 ns	     11317	800028a4	c00b7453	fcvt.w.s	x8,f22	 f22:0x00000001  x8=0x00000000
     113215.000 ns	     11320	800028a8	a0e0a553	feq.s	x10,f1,f14	  f1:0x7fc00000 f14:0x4eeed660 x10=0x00000000
     113245.000 ns	     11323	800028ac	a05e0953	fle.s	x18,f28,f5	 f28:0x7fc00000  f5:0x7fc00000 x18=0x00000000
     113275.000 ns	     11326	800028b0	a02d9353	flt.s	x6,f27,f2	 f27:0x00000000  f2:0x00000001  x6=0x00000001
     113305.000 ns	     11329	800028b4	02499d33	mulh	x26,x19,x4	 x19:0x00000000  x4:0x00000bb0 x26=0x00000000
     113335.000 ns	     11332	800028b8	d0071ad3	fcvt.s.w	f21,x14	 x14:0x00000200 f21=0x44000000
     113355.000 ns	     11334	800028bc	a15b7097	auipc	x1,0xa15b7	  x1=0x215b98bc
     113365.000 ns	     11335	800028c0	0150de93	srli	x29,x1,0x15	  x1:0x7fc00000 x29=0x0000010a
     113385.000 ns	     11337	800028c4	031156b3	divu	x13,x2,x17	  x2:0x00000000 x17:0x00000000 x13=0xffffffff
     113415.000 ns	     11340	800028c8	2032a153	fsgnjx.s	f2,f5,f3	  f5:0x7fc00000  f3:0x7f800000  f2=0x7fc00000
     113445.000 ns	     11343	800028cc	d01548d3	fcvt.s.wu	f17,x10	 x10:0x00000000 f17=0x00000000
     113485.000 ns	     11347	800028d0	10a93bd3	fmul.s	f23,f18,f10	 f18:0xcb800000 f10:0x7fc00000 f23=0x7fc00000
     113505.000 ns	     11349	800028d4	30897c13	andi	x24,x18,776	 x18:0x00000000 x24=0x00000000
     113515.000 ns	     11350	800028d8	00f95433	srl	x8,x18,x15	 x18:0x00000000 x15:0x00000000  x8=0x00000000
     113545.000 ns	     11353	800028dc	11647053	fmul.s	f0,f8,f22	  f8:0x7fc00000 f22:0x00000001  f0=0x7fc00000
     113575.000 ns	     11356	800028e0	a055ae53	feq.s	x28,f11,f5	 f11:0x7fc00000  f5:0x7fc00000 x28=0x00000000
     113595.000 ns	     11358	800028e4	01d16133	or	x2,x2,x29	  x2:0x00000000 x29:0x0000010a  x2=0x0000010a
     113605.000 ns	     11359	800028e8	0108d8b3	srl	x17,x17,x16	 x17:0x00000000 x16:0x80040fe4 x17=0x00000000
     113625.000 ns	     11361	800028ec	c0100c53	fcvt.wu.s	x24,f0	  f0:0x7fc00000 x24=0xffffffff
     113645.000 ns	     11363	800028f0	0043c6b3	xor	x13,x7,x4	  x7:0x00000000  x4:0x00000bb0 x13=0x00000bb0
     113675.000 ns	     11366	800028f4	5805ca53	fsqrt.s	f20,f11	 f11:0x7fc00000 f20=0x7fc00000
     113705.000 ns	     11369	800028f8	28520d53	fmin.s	f26,f4,f5	  f4:0x7fc00000  f5:0x7fc00000 f26=0x7fc00000
     113735.000 ns	     11372	800028fc	20c814d3	fsgnjn.s	f9,f16,f12	 f16:0xcb800000 f12:0x00000000  f9=0xcb800000
     114105.000 ns	     11409	80002900	02e963b3	rem	x7,x18,x14	 x18:0x00000000 x14:0x00000200  x7=0x00000000
     114125.000 ns	     11411	80002904	0028c433	xor	x8,x17,x2	 x17:0x00000000  x2:0x0000010a  x8=0x0000010a
     114155.000 ns	     11414	80002908	580310d3	fsqrt.s	f1,f6	  f6:0x7fc00000  f1=0x7fc00000
     114185.000 ns	     11417	8000290c	03f54d33	div	x26,x10,x31	 x10:0x00000000 x31:0x00000000 x26=0xffffffff
     114215.000 ns	     11420	80002910	20bfae53	fsgnjx.s	f28,f31,f11	 f31:0xff800000 f11:0x7fc00000 f28=0xff800000
     114245.000 ns	     11423	80002914	c01a98d3	fcvt.wu.s	x17,f21	 f21:0x44000000 x17=0x00000200
     114265.000 ns	     11425	80002918	d776cf93	xori	x31,x13,-649	 x13:0x00000bb0 x31=0xfffff6c7
     114285.000 ns	     11427	8000291c	21450e53	fsgnj.s	f28,f10,f20	 f10:0x7fc00000 f20:0x7fc00000 f28=0x7fc00000
     114305.000 ns	     11429	80002920	41255a13	srai	x20,x10,0x12	 x10:0x00000000 x20=0x00000000
     114335.000 ns	     11432	80002924	188af953	fdiv.s	f18,f21,f8	 f21:0x44000000  f8:0x7fc00000 f18=0x7fc00000
     114355.000 ns	     11434	80002928	011e1633	sll	x12,x28,x17	 x28:0x00000000 x17:0x00000200 x12=0x00000000
     114365.000 ns	     11435	8000292c	004a3c33	sltu	x24,x20,x4	 x20:0x00000000  x4:0x00000bb0 x24=0x00000001
     114385.000 ns	     11437	80002930	e00e0353	fmv.x.w	x6,f28	 f28:0x7fc00000  x6=0x7fc00000
     114415.000 ns	     11440	80002934	e0000253	fmv.x.w	x4,f0	  f0:0x7fc00000  x4=0x7fc00000
     114465.000 ns	     11445	80002938	0132f6d3	fadd.s	f13,f5,f19	  f5:0x7fc00000 f19:0x00000000 f13=0x7fc00000
     114485.000 ns	     11447	8000293c	01e994b3	sll	x9,x19,x30	 x19:0x00000000 x30:0xfffff88b  x9=0x00000000
     114495.000 ns	     11448	80002940	006e78b3	and	x17,x28,x6	 x28:0x00000000  x6:0x7fc00000 x17=0x00000000
     114505.000 ns	     11449	80002944	53c5ab93	slti	x23,x11,1340	 x11:0x00000000 x23=0x00000001
     114515.000 ns	     11450	80002948	015fed33	or	x26,x31,x21	 x31:0xfffff6c7 x21:0xffffffff x26=0xffffffff
     114525.000 ns	     11451	8000294c	40be8cb3	sub	x25,x29,x11	 x29:0x0000010a x11:0x00000000 x25=0x0000010a
     114545.000 ns	     11453	80002950	02268eb3	mul	x29,x13,x2	 x13:0x00000bb0  x2:0x0000010a x29=0x000c24e0
     114565.000 ns	     11455	80002954	00d1a6b3	slt	x13,x3,x13	  x3:0x00000000 x13:0x00000bb0 x13=0x00000001
     114595.000 ns	     11458	80002958	185fb8d3	fdiv.s	f17,f31,f5	 f31:0xff800000  f5:0x7fc00000 f17=0x7fc00000
     114625.000 ns	     11461	8000295c	20e5abd3	fsgnjx.s	f23,f11,f14	 f11:0x7fc00000 f14:0x4eeed660 f23=0x7fc00000
     114655.000 ns	     11464	80002960	03cc1b33	mulh	x22,x24,x28	 x24:0x00000001 x28:0x00000000 x22=0x00000000
     114685.000 ns	     11467	80002964	0365f0b3	remu	x1,x11,x22	 x11:0x00000000 x22:0x7fc00000  x1=0x00000000
     114725.000 ns	     11471	80002968	11a5f7d3	fmul.s	f15,f11,f26	 f11:0x7fc00000 f26:0x7fc00000 f15=0x7fc00000
     114755.000 ns	     11474	8000296c	024c11b3	mulh	x3,x24,x4	 x24:0x00000001  x4:0x7fc00000  x3=0x00000000
     114785.000 ns	     11477	80002970	02d683b3	mul	x7,x13,x13	 x13:0x00000001 x13:0x00000001  x7=0x00000001
     114815.000 ns	     11480	80002974	c00bbcd3	fcvt.w.s	x25,f23	 f23:0x7fc00000 x25=0x7fffffff
     114845.000 ns	     11483	80002978	02174433	div	x8,x14,x1	 x14:0x00000200  x1:0x00000000  x8=0xffffffff
     114875.000 ns	     11486	8000297c	e00d04d3	fmv.x.w	x9,f26	 f26:0x7fc00000  x9=0x7fc00000
     114905.000 ns	     11489	80002980	03e013b3	mulh	x7,x0,x30	  x0:0x00000000 x30:0xfffff88b  x7=0x00000000
     114945.000 ns	     11493	80002984	106c92d3	fmul.s	f5,f25,f6	 f25:0x00000000  f6:0x7fc00000  f5=0x7fc00000
     114985.000 ns	     11497	80002988	199298d3	fdiv.s	f17,f5,f25	  f5:0x7fc00000 f25:0x00000000 f17=0x7fc00000
     115015.000 ns	     11500	8000298c	c00c09d3	fcvt.w.s	x19,f24	 f24:0x00000000 x19=0x00000000
     115035.000 ns	     11502	80002990	40c45e93	srai	x29,x8,0xc	  x8:0xffffffff x29=0xffffffff
     115075.000 ns	     11506	80002994	006ac753	fadd.s	f14,f21,f6	 f21:0x44000000  f6:0x7fc00000 f14=0x7fc00000
     115095.000 ns	     11508	80002998	00e6b5b3	sltu	x11,x13,x14	 x13:0x00000001 x14:0x00000200 x11=0x00000001
     115105.000 ns	     11509	8000299c	01c27c33	and	x24,x4,x28	  x4:0x7fc00000 x28:0x00000000 x24=0x00000000
     115135.000 ns	     11512	800029a0	58057d53	fsqrt.s	f26,f10	 f10:0x7fc00000 f26=0x7fc00000
     115165.000 ns	     11515	800029a4	a05a1fd3	flt.s	x31,f20,f5	 f20:0x7fc00000  f5:0x7fc00000 x31=0x00000000
     115195.000 ns	     11518	800029a8	036e0233	mul	x4,x28,x22	 x28:0x00000000 x22:0x00000000  x4=0x00000000
     115215.000 ns	     11520	800029ac	40368b33	sub	x22,x13,x3	 x13:0x00000001  x3:0x00000000 x22=0x00000001
     115235.000 ns	     11522	800029b0	e0008653	fmv.x.w	x12,f1	  f1:0x7fc00000 x12=0x7fc00000
     115255.000 ns	     11524	800029b4	f2838893	addi	x17,x7,-216	  x7:0x00000000 x17=0xffffff28
     115265.000 ns	     11525	800029b8	40ced913	srai	x18,x29,0xc	 x29:0xffffffff x18=0xffffffff
     115275.000 ns	     11526	800029bc	00cb56b3	srl	x13,x22,x12	 x22:0x00000001 x12:0x7fc00000 x13=0x00000001
     115285.000 ns	     11527	800029c0	016cdf93	srli	x31,x25,0x16	 x25:0x7fffffff x31=0x000001ff
     115315.000 ns	     11530	800029c4	5806cbd3	fsqrt.s	f23,f13	 f13:0x7fc00000 f23=0x7fc00000
     115335.000 ns	     11532	800029c8	00b58133	add	x2,x11,x11	 x11:0x00000001 x11:0x00000001  x2=0x00000002
     115355.000 ns	     11534	800029cc	c0057753	fcvt.w.s	x14,f10	 f10:0x7fc00000 x14=0x7fffffff
     115385.000 ns	     11537	800029d0	208c20d3	fsgnjx.s	f1,f24,f8	 f24:0x00000000  f8:0x7fc00000  f1=0x00000000
     115405.000 ns	     11539	800029d4	245dbb93	sltiu	x23,x27,581	 x27:0xf9af2af0 x23=0x00000000
     115415.000 ns	     11540	800029d8	f2eb7c93	andi	x25,x22,-210	 x22:0x00000001 x25=0x00000000
     115425.000 ns	     11541	800029dc	40c1df33	sra	x30,x3,x12	  x3:0x00000000 x12:0x7fc00000 x30=0x00000000
     115435.000 ns	     11542	800029e0	01d916b3	sll	x13,x18,x29	 x18:0xffffffff x29:0xffffffff x13=0x80000000
     115795.000 ns	     11578	800029e4	0312d133	divu	x2,x5,x17	  x5:0x80041024 x17:0xffffff28  x2=0x00000000
     115825.000 ns	     11581	800029e8	027429b3	mulhsu	x19,x8,x7	  x8:0xffffffff  x7:0x00000000 x19=0x00000000
     115845.000 ns	     11583	800029ec	01411893	slli	x17,x2,0x14	  x2:0x00000000 x17=0x00000000
     115855.000 ns	     11584	800029f0	0167e233	or	x4,x15,x22	 x15:0x00000000 x22:0x00000001  x4=0x00000001
     115865.000 ns	     11585	800029f4	01719133	sll	x2,x3,x23	  x3:0x00000000 x23:0x00000000  x2=0x00000000
     115875.000 ns	     11586	800029f8	287d8213	addi	x4,x27,647	 x27:0xf9af2af0  x4=0xf9af2d77
     115885.000 ns	     11587	800029fc	0069feb3	and	x29,x19,x6	 x19:0x00000000  x6:0x7fc00000 x29=0x00000000
     115915.000 ns	     11590	80002a00	580078d3	fsqrt.s	f17,f0	  f0:0x7fc00000 f17=0x7fc00000
     115945.000 ns	     11593	80002a04	a1518353	fle.s	x6,f3,f21	  f3:0x7f800000 f21:0x44000000  x6=0x00000000
     116315.000 ns	     11630	80002a08	02cbc1b3	div	x3,x23,x12	 x23:0x00000000 x12:0x7fc00000  x3=0x00000000
     116345.000 ns	     11633	80002a0c	030e17b3	mulh	x15,x28,x16	 x28:0x00000000 x16:0x80040fe4 x15=0x00000000
     116365.000 ns	     11635	80002a10	00b1deb3	srl	x29,x3,x11	  x3:0x00000000 x11:0x00000001 x29=0x00000000
     116385.000 ns	     11637	80002a14	c0007253	fcvt.w.s	x4,f0	  f0:0x7fc00000  x4=0x7fffffff
     116415.000 ns	     11640	80002a18	f00e0fd3	fmv.w.x	f31,x28	 x28:0x00000000 f31=0x00000000
     116445.000 ns	     11643	80002a1c	a0a69d53	flt.s	x26,f13,f10	 f13:0x7fc00000 f10:0x7fc00000 x26=0x00000000
     116815.000 ns	     11680	80002a20	02d04133	div	x2,x0,x13	  x0:0x00000000 x13:0x80000000  x2=0x00000000
     116835.000 ns	     11682	80002a24	406c5f93	srai	x31,x24,0x6	 x24:0x00000000 x31=0x00000000
     116845.000 ns	     11683	80002a28	ba6abe93	sltiu	x29,x21,-1114	 x21:0xffffffff x29=0x00000000
     116865.000 ns	     11685	80002a2c	d018a4d3	fcvt.s.wu	f9,x17	 x17:0x00000000  f9=0x00000000
     116895.000 ns	     11688	80002a30	28a69653	fmax.s	f12,f13,f10	 f13:0x7fc00000 f10:0x7fc00000 f12=0x7fc00000
     116915.000 ns	     11690	80002a34	e4237e93	andi	x29,x6,-446	  x6:0x00000000 x29=0x00000000
     116925.000 ns	     11691	80002a38	012af133	and	x2,x21,x18	 x21:0xffffffff x18:0xffffffff  x2=0xffffffff
     116945.000 ns	     11693	80002a3c	212b2bd3	fsgnjx.s	f23,f22,f18	 f22:0x00000001 f18:0x7fc00000 f23=0x00000001
     116995.000 ns	     11698	80002a40	08efc4d3	fsub.s	f9,f31,f14	 f31:0x00000000 f14:0x7fc00000  f9=0x7fc00000
     117365.000 ns	     11735	80002a44	02c665b3	rem	x11,x12,x12	 x12:0x7fc00000 x12:0x7fc00000 x11=0x00000000
     117735.000 ns	     11772	80002a48	035147b3	div	x15,x2,x21	  x2:0xffffffff x21:0xffffffff x15=0x00000001
     117765.000 ns	     11775	80002a4c	02f58933	mul	x18,x11,x15	 x11:0x00000000 x15:0x00000000 x18=0x00000000
     117795.000 ns	     11778	80002a50	f0038853	fmv.w.x	f16,x7	  x7:0x00000000 f16=0x00000000
     117845.000 ns	     11783	80002a54	00c87953	fadd.s	f18,f16,f12	 f16:0xcb800000 f12:0x7fc00000 f18=0x7fc00000
     117885.000 ns	     11787	80002a58	10ef7ed3	fmul.s	f29,f30,f14	 f30:0x7fc00000 f14:0x7fc00000 f29=0x7fc00000
     117915.000 ns	     11790	80002a5c	20efa153	fsgnjx.s	f2,f31,f14	 f31:0x00000000 f14:0x7fc00000  f2=0x00000000
     117945.000 ns	     11793	80002a60	02f22e33	mulhsu	x28,x4,x15	  x4:0x7fffffff x15:0x00000001 x28=0x00000000
     117975.000 ns	     11796	80002a64	21492653	fsgnjx.s	f12,f18,f20	 f18:0x7fc00000 f20:0x7fc00000 f12=0x7fc00000
     117995.000 ns	     11798	80002a68	6a24df37	lui	x30,0x6a24d	 x30=0x6a24d000
     118015.000 ns	     11800	80002a6c	29b01dd3	fmax.s	f27,f0,f27	  f0:0x7fc00000 f27:0x00000000 f27=0x00000000
     118035.000 ns	     11802	80002a70	a3c4c893	xori	x17,x9,-1476	  x9:0x7fc00000 x17=0x803ffa3c
     118045.000 ns	     11803	80002a74	00000013	addi	x0,x0,0	  x0:0x00000000
     118055.000 ns	     11804	80002a78	38e74393	xori	x7,x14,910	 x14:0x7fffffff  x7=0x7ffffc71
     118075.000 ns	     11806	80002a7c	a14c17d3	flt.s	x15,f24,f20	 f24:0x00000000 f20:0x7fc00000 x15=0x00000000
     118095.000 ns	     11808	80002a80	00ab1633	sll	x12,x22,x10	 x22:0x00000001 x10:0x00000000 x12=0x00000001
     118115.000 ns	     11810	80002a84	285e0153	fmin.s	f2,f28,f5	 f28:0x7fc00000  f5:0x7fc00000  f2=0x7fc00000
     118135.000 ns	     11812	80002a88	630c0d37	lui	x26,0x630c0	 x26=0x630c0000
     118495.000 ns	     11848	80002a8c	024657b3	divu	x15,x12,x4	 x12:0x00000001  x4:0x7fffffff x15=0x00000000
     118515.000 ns	     11850	80002a90	01fac4b3	xor	x9,x21,x31	 x21:0xffffffff x31:0x00000000  x9=0xffffffff
     118525.000 ns	     11851	80002a94	00f3ee33	or	x28,x7,x15	  x7:0x7ffffc71 x15:0x00000000 x28=0x7ffffc71
     118545.000 ns	     11853	80002a98	c012b7d3	fcvt.wu.s	x15,f5	  f5:0x7fc00000 x15=0xffffffff
     118565.000 ns	     11855	80002a9c	00c20bb3	add	x23,x4,x12	  x4:0x7fffffff x12:0x00000001 x23=0x80000000
     118605.000 ns	     11859	80002aa0	08b97d53	fsub.s	f26,f18,f11	 f18:0x7fc00000 f11:0x7fc00000 f26=0x7fc00000
     118635.000 ns	     11862	80002aa4	d0197953	fcvt.s.wu	f18,x18	 x18:0x00000000 f18=0x00000000
     118665.000 ns	     11865	80002aa8	028d2f33	mulhsu	x30,x26,x8	 x26:0x630c0000  x8:0xffffffff x30=0x630bffff
     118715.000 ns	     11870	80002aac	08d5f953	fsub.s	f18,f11,f13	 f11:0x7fc00000 f13:0x7fc00000 f18=0x7fc00000
     118735.000 ns	     11872	80002ab0	00dc5b93	srli	x23,x24,0xd	 x24:0x00000000 x23=0x00000000
     118745.000 ns	     11873	80002ab4	0097b6b3	sltu	x13,x15,x9	 x15:0xffffffff  x9:0xffffffff x13=0x00000000
     118755.000 ns	     11874	80002ab8	fd9b6e93	ori	x29,x22,-39	 x22:0x00000001 x29=0xffffffd9
     118765.000 ns	     11875	80002abc	01064e33	xor	x28,x12,x16	 x12:0x00000001 x16:0x80040fe4 x28=0x80040fe5
     118785.000 ns	     11877	80002ac0	c01f70d3	fcvt.wu.s	x1,f30	 f30:0x7fc00000  x1=0xffffffff
     118805.000 ns	     11879	80002ac4	00bea5b3	slt	x11,x29,x11	 x29:0xffffffd9 x11:0x00000000 x11=0x00000001
     118815.000 ns	     11880	80002ac8	1bda7213	andi	x4,x20,445	 x20:0x00000000  x4=0x00000000
     118825.000 ns	     11881	80002acc	00000013	addi	x0,x0,0	  x0:0x00000000
     118835.000 ns	     11882	80002ad0	c9b13e13	sltiu	x28,x2,-869	  x2:0xffffffff x28=0x00000000
     118845.000 ns	     11883	80002ad4	4c2ba313	slti	x6,x23,1218	 x23:0x00000000  x6=0x00000001
     118865.000 ns	     11885	80002ad8	f0058853	fmv.w.x	f16,x11	 x11:0x00000001 f16=0x00000001
     118885.000 ns	     11887	80002adc	00829093	slli	x1,x5,0x8	  x5:0x80041024  x1=0x04102400
     118895.000 ns	     11888	80002ae0	00d3d133	srl	x2,x7,x13	  x7:0x7ffffc71 x13:0x00000000  x2=0x7ffffc71
     118915.000 ns	     11890	80002ae4	205ea4d3	fsgnjx.s	f9,f29,f5	 f29:0x7fc00000  f5:0x7fc00000  f9=0x7fc00000
     118945.000 ns	     11893	80002ae8	c004ffd3	fcvt.w.s	x31,f9	  f9:0x7fc00000 x31=0x7fffffff
     118975.000 ns	     11896	80002aec	02d5f1b3	remu	x3,x11,x13	 x11:0x00000001 x13:0x00000000  x3=0x00000001
     119005.000 ns	     11899	80002af0	d0057653	fcvt.s.w	f12,x10	 x10:0x00000000 f12=0x00000000
     119025.000 ns	     11901	80002af4	e0a9e493	ori	x9,x19,-502	 x19:0x00000000  x9=0xfffffe0a
     119035.000 ns	     11902	80002af8	00d5fc33	and	x24,x11,x13	 x11:0x00000001 x13:0x00000000 x24=0x00000000
     119045.000 ns	     11903	80002afc	8649bb13	sltiu	x22,x19,-1948	 x19:0x00000000 x22=0x00000001
     119055.000 ns	     11904	80002b00	c2b90b93	addi	x23,x18,-981	 x18:0x00000000 x23=0xfffffc2b
     119075.000 ns	     11906	80002b04	03e186b3	mul	x13,x3,x30	  x3:0x00000001 x30:0x630bffff x13=0x630bffff
     119095.000 ns	     11908	80002b08	f4b1e593	ori	x11,x3,-181	  x3:0x00000001 x11=0xffffff4b
     119105.000 ns	     11909	80002b0c	40a8b713	sltiu	x14,x17,1034	 x17:0x803ffa3c x14=0x00000000
     119115.000 ns	     11910	80002b10	012a7d33	and	x26,x20,x18	 x20:0x00000000 x18:0x00000000 x26=0x00000000
     119125.000 ns	     11911	80002b14	01681933	sll	x18,x16,x22	 x16:0x80040fe4 x22:0x00000001 x18=0x00081fc8
     119135.000 ns	     11912	80002b18	f80dfb13	andi	x22,x27,-128	 x27:0xf9af2af0 x22=0xf9af2a80
     119145.000 ns	     11913	80002b1c	00000013	addi	x0,x0,0	  x0:0x00000000
     119165.000 ns	     11915	80002b20	0389aa33	mulhsu	x20,x19,x24	 x19:0x00000000 x24:0x00000000 x20=0x00000000
     119195.000 ns	     11918	80002b24	20ed1c53	fsgnjn.s	f24,f26,f14	 f26:0x7fc00000 f14:0x7fc00000 f24=0xffc00000
     119225.000 ns	     11921	80002b28	c00576d3	fcvt.w.s	x13,f10	 f10:0x7fc00000 x13=0x7fffffff
     119245.000 ns	     11923	80002b2c	22f6ce93	xori	x29,x13,559	 x13:0x630bffff x29=0x7ffffdd0
     119255.000 ns	     11924	80002b30	01b1e733	or	x14,x3,x27	  x3:0x00000001 x27:0xf9af2af0 x14=0xf9af2af1
     119265.000 ns	     11925	80002b34	016d55b3	srl	x11,x26,x22	 x26:0x00000000 x22:0xf9af2a80 x11=0x00000000
     119275.000 ns	     11926	80002b38	a34ab793	sltiu	x15,x21,-1484	 x21:0xffffffff x15=0x00000000
     119285.000 ns	     11927	80002b3c	4040f137	lui	x2,0x4040f	  x2=0x4040f000
     119295.000 ns	     11928	80002b40	b96cef37	lui	x30,0xb96ce	 x30=0xb96ce000
     119305.000 ns	     11929	80002b44	73804093	xori	x1,x0,1848	  x0:0x00000000  x1=0x00000738
     119325.000 ns	     11931	80002b48	21151a53	fsgnjn.s	f20,f10,f17	 f10:0x7fc00000 f17:0x7fc00000 f20=0xffc00000
     119345.000 ns	     11933	80002b4c	41bdd9b3	sra	x19,x27,x27	 x27:0xf9af2af0 x27:0xf9af2af0 x19=0xfffff9af
     119365.000 ns	     11935	80002b50	a0942153	feq.s	x2,f8,f9	  f8:0x7fc00000  f9:0x7fc00000  x2=0x00000000
     119385.000 ns	     11937	80002b54	01b95e93	srli	x29,x18,0x1b	 x18:0x00081fc8 x29=0x00000000
     119395.000 ns	     11938	80002b58	00401e33	sll	x28,x0,x4	  x0:0x00000000  x4:0x00000000 x28=0x00000000
     119425.000 ns	     11941	80002b5c	58060553	fsqrt.s	f10,f12	 f12:0x00000000 f10=0x00000000
     119445.000 ns	     11943	80002b60	0140e5b3	or	x11,x1,x20	  x1:0x00000738 x20:0x00000000 x11=0x00000738
     119465.000 ns	     11945	80002b64	a05f8ad3	fle.s	x21,f31,f5	 f31:0x00000000  f5:0x7fc00000 x21=0x00000000
     119485.000 ns	     11947	80002b68	40de5033	sra	x0,x28,x13	 x28:0x00000000 x13:0x7fffffff
     119505.000 ns	     11949	80002b6c	c00a0f53	fcvt.w.s	x30,f20	 f20:0xffc00000 x30=0x7fffffff
     120565.000 ns	     12055	80002b70	580bf153	fsqrt.s	f2,f23	 f23:0x00000001  f2=0x1f350483
     120935.000 ns	     12092	80002b74	028be8b3	rem	x17,x23,x8	 x23:0xfffffc2b  x8:0xffffffff x17=0x00000000
     120965.000 ns	     12095	80002b78	29589253	fmax.s	f4,f17,f21	 f17:0x7fc00000 f21:0x44000000  f4=0x44000000
     120985.000 ns	     12097	80002b7c	0059de93	srli	x29,x19,0x5	 x19:0xfffff9af x29=0x07ffffcd
     121345.000 ns	     12133	80002b80	02845433	divu	x8,x8,x8	  x8:0xffffffff  x8:0xffffffff  x8=0x00000001
     121365.000 ns	     12135	80002b84	49e86193	ori	x3,x16,1182	 x16:0x80040fe4  x3=0x80040ffe
     121375.000 ns	     12136	80002b88	00d5e533	or	x10,x11,x13	 x11:0x00000738 x13:0x7fffffff x10=0x7fffffff
     121385.000 ns	     12137	80002b8c	00496433	or	x8,x18,x4	 x18:0x00081fc8  x4:0x00000000  x8=0x00081fc8
     121405.000 ns	     12139	80002b90	e00717d3	fclass.s	x15,f14	 f14:0x7fc00000 x15=0x00000200
     121425.000 ns	     12141	80002b94	a8302693	slti	x13,x0,-1405	  x0:0x00000000 x13=0x00000000
     121445.000 ns	     12143	80002b98	e00c8cd3	fmv.x.w	x25,f25	 f25:0x00000000 x25=0x00000000
     121475.000 ns	     12146	80002b9c	c012cbd3	fcvt.wu.s	x23,f5	  f5:0x7fc00000 x23=0xffffffff
     121505.000 ns	     12149	80002ba0	20b10e53	fsgnj.s	f28,f2,f11	  f2:0x1f350483 f11:0x7fc00000 f28=0x1f350483
     121525.000 ns	     12151	80002ba4	007d76b3	and	x13,x26,x7	 x26:0x00000000  x7:0x7ffffc71 x13=0x00000000
     121535.000 ns	     12152	80002ba8	40fddf13	srai	x30,x27,0xf	 x27:0xf9af2af0 x30=0xfffff35e
     121895.000 ns	     12188	80002bac	023a5033	divu	x0,x20,x3	 x20:0x00000000  x3:0x80040ffe
     121925.000 ns	     12191	80002bb0	02012e33	mulhsu	x28,x2,x0	  x2:0x00000000  x0:0x00000000 x28=0x00000000
     121945.000 ns	     12193	80002bb4	01e05c33	srl	x24,x0,x30	  x0:0x00000000 x30:0xfffff35e x24=0x00000000
     121965.000 ns	     12195	80002bb8	20a01f53	fsgnjn.s	f30,f0,f10	  f0:0x7fc00000 f10:0x00000000 f30=0xffc00000
     121985.000 ns	     12197	80002bbc	00619893	slli	x17,x3,0x6	  x3:0x80040ffe x17=0x0103ff80
     121995.000 ns	     12198	80002bc0	00675f93	srli	x31,x14,0x6	 x14:0xf9af2af1 x31=0x03e6bcab
     122005.000 ns	     12199	80002bc4	4132ea13	ori	x20,x5,1043	  x5:0x80041024 x20=0x80041437
     122015.000 ns	     12200	80002bc8	00000013	addi	x0,x0,0	  x0:0x00000000
     122025.000 ns	     12201	80002bcc	01da5893	srli	x17,x20,0x1d	 x20:0x00000000 x17=0x00000004
     122035.000 ns	     12202	80002bd0	4b8a0193	addi	x3,x20,1208	 x20:0x80041437  x3=0x800418ef
     122045.000 ns	     12203	80002bd4	00a55ab3	srl	x21,x10,x10	 x10:0x7fffffff x10:0x7fffffff x21=0x00000000
     122055.000 ns	     12204	80002bd8	00202ab3	slt	x21,x0,x2	  x0:0x00000000  x2:0x00000000 x21=0x00000000
     122075.000 ns	     12206	80002bdc	a1171253	flt.s	x4,f14,f17	 f14:0x7fc00000 f17:0x7fc00000  x4=0x00000000
     122095.000 ns	     12208	80002be0	00508733	add	x14,x1,x5	  x1:0x00000738  x5:0x80041024 x14=0x8004175c
     122455.000 ns	     12244	80002be4	02bb4633	div	x12,x22,x11	 x22:0xf9af2a80 x11:0x00000738 x12=0xffff2006
     122475.000 ns	     12246	80002be8	01fe6f33	or	x30,x28,x31	 x28:0x00000000 x31:0x03e6bcab x30=0x03e6bcab
     122485.000 ns	     12247	80002bec	410a8ab3	sub	x21,x21,x16	 x21:0x00000000 x16:0x80040fe4 x21=0x7ffbf01c
     122505.000 ns	     12249	80002bf0	039a81b3	mul	x3,x21,x25	 x21:0x00000000 x25:0x00000000  x3=0x00000000
     122535.000 ns	     12252	80002bf4	03c73933	mulhu	x18,x14,x28	 x14:0x8004175c x28:0x00000000 x18=0x00000000
     122555.000 ns	     12254	80002bf8	00a8ba33	sltu	x20,x17,x10	 x17:0x00000004 x10:0x7fffffff x20=0x00000001
     122575.000 ns	     12256	80002bfc	e00b9a53	fclass.s	x20,f23	 f23:0x00000001 x20=0x00000020
     122605.000 ns	     12259	80002c00	207b1553	fsgnjn.s	f10,f22,f7	 f22:0x00000001  f7:0x3f000000 f10=0x80000001
     122635.000 ns	     12262	80002c04	f00b09d3	fmv.w.x	f19,x22	 x22:0xf9af2a80 f19=0xf9af2a80
     122665.000 ns	     12265	80002c08	d0127ed3	fcvt.s.wu	f29,x4	  x4:0x00000000 f29=0x00000000
     122695.000 ns	     12268	80002c0c	e00914d3	fclass.s	x9,f18	 f18:0x7fc00000  x9=0x00000200
     122715.000 ns	     12270	80002c10	c1b97a13	andi	x20,x18,-997	 x18:0x00000000 x20=0x00000000
     122735.000 ns	     12272	80002c14	d007c2d3	fcvt.s.w	f5,x15	 x15:0x00000200  f5=0x44000000
     122765.000 ns	     12275	80002c18	c00b4a53	fcvt.w.s	x20,f22	 f22:0x00000001 x20=0x00000000
     122795.000 ns	     12278	80002c1c	f00d07d3	fmv.w.x	f15,x26	 x26:0x00000000 f15=0x00000000
     122825.000 ns	     12281	80002c20	205f1553	fsgnjn.s	f10,f30,f5	 f30:0xffc00000  f5:0x44000000 f10=0xffc00000
     122845.000 ns	     12283	80002c24	83b5f493	andi	x9,x11,-1989	 x11:0x00000738  x9=0x00000038
     122865.000 ns	     12285	80002c28	02399e33	mulh	x28,x19,x3	 x19:0xfffff9af  x3:0x00000000 x28=0x00000000
     122885.000 ns	     12287	80002c2c	50e4c093	xori	x1,x9,1294	  x9:0x00000200  x1=0x00000536
     122895.000 ns	     12288	80002c30	01909e33	sll	x28,x1,x25	  x1:0x00000738 x25:0x00000000 x28=0x00000536
     122915.000 ns	     12290	80002c34	a0e9ac53	feq.s	x24,f19,f14	 f19:0xf9af2a80 f14:0x7fc00000 x24=0x00000000
     123285.000 ns	     12327	80002c38	02a1c733	div	x14,x3,x10	  x3:0x00000000 x10:0x7fffffff x14=0x00000000
     123325.000 ns	     12331	80002c3c	1975a0d3	fdiv.s	f1,f11,f23	 f11:0x7fc00000 f23:0x00000001  f1=0x7fc00000
     123355.000 ns	     12334	80002c40	d015c3d3	fcvt.s.wu	f7,x11	 x11:0x00000738  f7=0x44e70000
     123375.000 ns	     12336	80002c44	01d3d113	srli	x2,x7,0x1d	  x7:0x7ffffc71  x2=0x00000003
     123385.000 ns	     12337	80002c48	00b9fab3	and	x21,x19,x11	 x19:0xfffff9af x11:0x00000738 x21=0x00000128
     123395.000 ns	     12338	80002c4c	e0aa0897	auipc	x17,0xe0aa0	 x17=0x60aa2c4c
     123415.000 ns	     12340	80002c50	a1468653	fle.s	x12,f13,f20	 f13:0x7fc00000 f20:0xffc00000 x12=0x00000000
     123435.000 ns	     12342	80002c54	8a2c4b13	xori	x22,x24,-1886	 x24:0x00000000 x22=0xfffff8a2
     123445.000 ns	     12343	80002c58	d8f14a93	xori	x21,x2,-625	  x2:0x00000003 x21=0xfffffd8c
     123455.000 ns	     12344	80002c5c	00893433	sltu	x8,x18,x8	 x18:0x00000000  x8:0x00081fc8  x8=0x00000001
     123485.000 ns	     12347	80002c60	199e29d3	fdiv.s	f19,f28,f25	 f28:0x1f350483 f25:0x00000000 f19=0x7f800000
     123505.000 ns	     12349	80002c64	00c7a133	slt	x2,x15,x12	 x15:0x00000200 x12:0x00000000  x2=0x00000000
     123515.000 ns	     12350	80002c68	006434b3	sltu	x9,x8,x6	  x8:0x00000001  x6:0x00000001  x9=0x00000000
     123525.000 ns	     12351	80002c6c	41b15a93	srai	x21,x2,0x1b	  x2:0x00000003 x21=0x00000000
     123545.000 ns	     12353	80002c70	a0ec1653	flt.s	x12,f24,f14	 f24:0xffc00000 f14:0x7fc00000 x12=0x00000000
     123575.000 ns	     12356	80002c74	2027a353	fsgnjx.s	f6,f15,f2	 f15:0x00000000  f2:0x1f350483  f6=0x00000000
     123595.000 ns	     12358	80002c78	fc788f13	addi	x30,x17,-57	 x17:0x60aa2c4c x30=0x60aa2c13
     123635.000 ns	     12362	80002c7c	080ff953	fsub.s	f18,f31,f0	 f31:0x00000000  f0:0x7fc00000 f18=0x7fc00000
     123655.000 ns	     12364	80002c80	1f40eb93	ori	x23,x1,500	  x1:0x00000536 x23=0x000005f6
     123675.000 ns	     12366	80002c84	f00a8dd3	fmv.w.x	f27,x21	 x21:0x00000000 f27=0x00000000
     123705.000 ns	     12369	80002c88	a0e9aed3	feq.s	x29,f19,f14	 f19:0x7f800000 f14:0x7fc00000 x29=0x00000000
     123725.000 ns	     12371	80002c8c	772a00b7	lui	x1,0x772a0	  x1=0x772a0000
     123755.000 ns	     12374	80002c90	58037fd3	fsqrt.s	f31,f6	  f6:0x00000000 f31=0x00000000
     123785.000 ns	     12377	80002c94	a190aed3	feq.s	x29,f1,f25	  f1:0x7fc00000 f25:0x00000000 x29=0x00000000
     124155.000 ns	     12414	80002c98	0312e333	rem	x6,x5,x17	  x5:0x80041024 x17:0x60aa2c4c  x6=0xe0ae3c70
     124185.000 ns	     12417	80002c9c	d000ae53	fcvt.s.w	f28,x1	  x1:0x772a0000 f28=0x4eee5400
     124215.000 ns	     12420	80002ca0	d017f0d3	fcvt.s.wu	f1,x15	 x15:0x00000200  f1=0x44000000
     124235.000 ns	     12422	80002ca4	009bbcb3	sltu	x25,x23,x9	 x23:0x000005f6  x9:0x00000000 x25=0x00000000
     124255.000 ns	     12424	80002ca8	0329be33	mulhu	x28,x19,x18	 x19:0xfffff9af x18:0x00000000 x28=0x00000000
     124275.000 ns	     12426	80002cac	833b5917	auipc	x18,0x833b5	 x18=0x033b7cac
     124285.000 ns	     12427	80002cb0	404fdc33	sra	x24,x31,x4	 x31:0x03e6bcab  x4:0x00000000 x24=0x03e6bcab
     124295.000 ns	     12428	80002cb4	74d2fe13	andi	x28,x5,1869	  x5:0x80041024 x28=0x00000004
     124335.000 ns	     12432	80002cb8	0968f3d3	fsub.s	f7,f17,f22	 f17:0x7fc00000 f22:0x00000001  f7=0x7fc00000
     124355.000 ns	     12434	80002cbc	bb331eb7	lui	x29,0xbb331	 x29=0xbb331000
     124365.000 ns	     12435	80002cc0	f5622f13	slti	x30,x4,-170	  x4:0x00000000 x30=0x00000000
     124375.000 ns	     12436	80002cc4	22ca6393	ori	x7,x20,556	 x20:0x00000000  x7=0x0000022c
     124395.000 ns	     12438	80002cc8	039996b3	mulh	x13,x19,x25	 x19:0xfffff9af x25:0x00000000 x13=0x00000000
     124415.000 ns	     12440	80002ccc	00f3bfb3	sltu	x31,x7,x15	  x7:0x7ffffc71 x15:0x00000200 x31=0x00000000
     124435.000 ns	     12442	80002cd0	a1c62353	feq.s	x6,f12,f28	 f12:0x00000000 f28:0x4eee5400  x6=0x00000000
     124455.000 ns	     12444	80002cd4	d3a14b37	lui	x22,0xd3a14	 x22=0xd3a14000
     124475.000 ns	     12446	80002cd8	a08d2a53	feq.s	x20,f26,f8	 f26:0x7fc00000  f8:0x7fc00000 x20=0x00000000
     124505.000 ns	     12449	80002cdc	02dc3ab3	mulhu	x21,x24,x13	 x24:0x03e6bcab x13:0x00000000 x21=0x00000000
     124545.000 ns	     12453	80002ce0	5808c453	fsqrt.s	f8,f17	 f17:0x7fc00000  f8=0x7fc00000
     124575.000 ns	     12456	80002ce4	03f33e33	mulhu	x28,x6,x31	  x6:0x00000000 x31:0x00000000 x28=0x00000000
     124595.000 ns	     12458	80002ce8	f9bb7a97	auipc	x21,0xf9bb7	 x21=0x79bb9ce8
     124605.000 ns	     12459	80002cec	00dcc233	xor	x4,x25,x13	 x25:0x00000000 x13:0x00000000  x4=0x00000000
     124625.000 ns	     12461	80002cf0	038b34b3	mulhu	x9,x22,x24	 x22:0xd3a14000 x24:0x03e6bcab  x9=0x0339a297
     124655.000 ns	     12464	80002cf4	20ad2053	fsgnjx.s	f0,f26,f10	 f26:0x7fc00000 f10:0xffc00000  f0=0xffc00000
     124685.000 ns	     12467	80002cf8	f0010453	fmv.w.x	f8,x2	  x2:0x00000000  f8=0x00000000
     124705.000 ns	     12469	80002cfc	019effb3	and	x31,x29,x25	 x29:0xbb331000 x25:0x00000000 x31=0x00000000
     124725.000 ns	     12471	80002d00	e00c80d3	fmv.x.w	x1,f25	 f25:0x00000000  x1=0x00000000
     124755.000 ns	     12474	80002d04	e0031fd3	fclass.s	x31,f6	  f6:0x00000000 x31=0x00000010
     124775.000 ns	     12476	80002d08	00000013	addi	x0,x0,0	  x0:0x00000000
     124815.000 ns	     12480	80002d0c	08951253	fsub.s	f4,f10,f9	 f10:0xffc00000  f9:0x7fc00000  f4=0x7fc00000
     124835.000 ns	     12482	80002d10	41a357b3	sra	x15,x6,x26	  x6:0x00000000 x26:0x00000000 x15=0x00000000
     124845.000 ns	     12483	80002d14	971cf193	andi	x3,x25,-1679	 x25:0x00000000  x3=0x00000000
     124855.000 ns	     12484	80002d18	f3766a13	ori	x20,x12,-201	 x12:0x00000000 x20=0xffffff37
     124875.000 ns	     12486	80002d1c	c01a7953	fcvt.wu.s	x18,f20	 f20:0xffc00000 x18=0xffffffff
     124905.000 ns	     12489	80002d20	d008f053	fcvt.s.w	f0,x17	 x17:0x60aa2c4c  f0=0x4ec15458
     124935.000 ns	     12492	80002d24	e0080d53	fmv.x.w	x26,f16	 f16:0x00000001 x26=0x00000001
     124965.000 ns	     12495	80002d28	209094d3	fsgnjn.s	f9,f1,f9	  f1:0x44000000  f9:0x7fc00000  f9=0xc4000000
     125335.000 ns	     12532	80002d2c	03dff233	remu	x4,x31,x29	 x31:0x00000010 x29:0xbb331000  x4=0x00000010
     125355.000 ns	     12534	80002d30	0155d3b3	srl	x7,x11,x21	 x11:0x00000738 x21:0x79bb9ce8  x7=0x00000007
     125375.000 ns	     12536	80002d34	a1bb1653	flt.s	x12,f22,f27	 f22:0x00000001 f27:0x00000000 x12=0x00000000
     125405.000 ns	     12539	80002d38	20c41fd3	fsgnjn.s	f31,f8,f12	  f8:0x00000000 f12:0x00000000 f31=0x80000000
     125425.000 ns	     12541	80002d3c	00a37ab3	and	x21,x6,x10	  x6:0x00000000 x10:0x7fffffff x21=0x00000000
     125455.000 ns	     12544	80002d40	110b2953	fmul.s	f18,f22,f16	 f22:0x00000001 f16:0x00000001 f18=0x00000000
     125475.000 ns	     12546	80002d44	40310533	sub	x10,x2,x3	  x2:0x00000000  x3:0x00000000 x10=0x00000000
     125495.000 ns	     12548	80002d48	a16a18d3	flt.s	x17,f20,f22	 f20:0xffc00000 f22:0x00000001 x17=0x00000000
     125865.000 ns	     12585	80002d4c	0364fa33	remu	x20,x9,x22	  x9:0x0339a297 x22:0xd3a14000 x20=0x0339a297
     125885.000 ns	     12587	80002d50	7c8c0393	addi	x7,x24,1992	 x24:0x03e6bcab  x7=0x03e6c473
     125895.000 ns	     12588	80002d54	79908893	addi	x17,x1,1945	  x1:0x00000000 x17=0x00000799
     125905.000 ns	     12589	80002d58	41c04413	xori	x8,x0,1052	  x0:0x00000000  x8=0x0000041c
     125925.000 ns	     12591	80002d5c	f00a0953	fmv.w.x	f18,x20	 x20:0x0339a297 f18=0x0339a297
     125955.000 ns	     12594	80002d60	d0143753	fcvt.s.wu	f14,x8	  x8:0x00000001 f14=0x44838000
     125975.000 ns	     12596	80002d64	00e81013	slli	x0,x16,0xe	 x16:0x80040fe4
     125985.000 ns	     12597	80002d68	00b8dcb3	srl	x25,x17,x11	 x17:0x00000799 x11:0x00000738 x25=0x00000000
     125995.000 ns	     12598	80002d6c	0170b933	sltu	x18,x1,x23	  x1:0x00000000 x23:0x000005f6 x18=0x00000001
     126015.000 ns	     12600	80002d70	20d2a4d3	fsgnjx.s	f9,f5,f13	  f5:0x44000000 f13:0x7fc00000  f9=0x44000000
     126055.000 ns	     12604	80002d74	18a9f2d3	fdiv.s	f5,f19,f10	 f19:0x7f800000 f10:0xffc00000  f5=0x7fc00000
     126085.000 ns	     12607	80002d78	28520ad3	fmin.s	f21,f4,f5	  f4:0x7fc00000  f5:0x44000000 f21=0x7fc00000
     126115.000 ns	     12610	80002d7c	034280b3	mul	x1,x5,x20	  x5:0x80041024 x20:0x0339a297  x1=0x18a04d3c
     126135.000 ns	     12612	80002d80	40b15033	sra	x0,x2,x11	  x2:0x00000000 x11:0x00000738
     126155.000 ns	     12614	80002d84	21d2ad53	fsgnjx.s	f26,f5,f29	  f5:0x7fc00000 f29:0x00000000 f26=0x7fc00000
     126175.000 ns	     12616	80002d88	00463433	sltu	x8,x12,x4	 x12:0x00000000  x4:0x00000010  x8=0x00000001
     126195.000 ns	     12618	80002d8c	29441153	fmax.s	f2,f8,f20	  f8:0x00000000 f20:0xffc00000  f2=0x00000000
     126225.000 ns	     12621	80002d90	a1d920d3	feq.s	x1,f18,f29	 f18:0x0339a297 f29:0x00000000  x1=0x00000000
     126595.000 ns	     12658	80002d94	025c4fb3	div	x31,x24,x5	 x24:0x03e6bcab  x5:0x80041024 x31=0x00000000
     126615.000 ns	     12660	80002d98	01c31133	sll	x2,x6,x28	  x6:0x00000000 x28:0x00000000  x2=0x00000000
     126635.000 ns	     12662	80002d9c	0306a933	mulhsu	x18,x13,x16	 x13:0x00000000 x16:0x80040fe4 x18=0x00000000
     126655.000 ns	     12664	80002da0	0179c5b3	xor	x11,x19,x23	 x19:0xfffff9af x23:0x000005f6 x11=0xfffffc59
     126665.000 ns	     12665	80002da4	002d8333	add	x6,x27,x2	 x27:0xf9af2af0  x2:0x00000000  x6=0xf9af2af0
     126675.000 ns	     12666	80002da8	a2cbc213	xori	x4,x23,-1492	 x23:0x000005f6  x4=0xffffffda
     126685.000 ns	     12667	80002dac	4036d7b3	sra	x15,x13,x3	 x13:0x00000000  x3:0x00000000 x15=0x00000000
     126705.000 ns	     12669	80002db0	02204f33	div	x30,x0,x2	  x0:0x00000000  x2:0x00000000 x30=0xffffffff
     126735.000 ns	     12672	80002db4	e00211d3	fclass.s	x3,f4	  f4:0x7fc00000  x3=0x00000200
     126765.000 ns	     12675	80002db8	c00c7953	fcvt.w.s	x18,f24	 f24:0xffc00000 x18=0x7fffffff
     126795.000 ns	     12678	80002dbc	a0df8a53	fle.s	x20,f31,f13	 f31:0x80000000 f13:0x7fc00000 x20=0x00000000
     126815.000 ns	     12680	80002dc0	a2f0a913	slti	x18,x1,-1489	  x1:0x00000000 x18=0x00000000
     126835.000 ns	     12682	80002dc4	28139153	fmax.s	f2,f7,f1	  f7:0x7fc00000  f1:0x44000000  f2=0x44000000
     126855.000 ns	     12684	80002dc8	a6853793	sltiu	x15,x10,-1432	 x10:0x00000000 x15=0x00000001
     126865.000 ns	     12685	80002dcc	017c7733	and	x14,x24,x23	 x24:0x03e6bcab x23:0x000005f6 x14=0x000004a2
     126885.000 ns	     12687	80002dd0	c00a7753	fcvt.w.s	x14,f20	 f20:0xffc00000 x14=0x7fffffff
     126905.000 ns	     12689	80002dd4	648bee13	ori	x28,x23,1608	 x23:0x000005f6 x28=0x000007fe
     126925.000 ns	     12691	80002dd8	03a83cb3	mulhu	x25,x16,x26	 x16:0x80040fe4 x26:0x00000001 x25=0x00000000
     126955.000 ns	     12694	80002ddc	c012a353	fcvt.wu.s	x6,f5	  f5:0x7fc00000  x6=0xffffffff
     126975.000 ns	     12696	80002de0	00e23433	sltu	x8,x4,x14	  x4:0xffffffda x14:0x7fffffff  x8=0x00000000
     126995.000 ns	     12698	80002de4	213bac53	fsgnjx.s	f24,f23,f19	 f23:0x00000001 f19:0x7f800000 f24=0x00000001
     127015.000 ns	     12700	80002de8	017c9a93	slli	x21,x25,0x17	 x25:0x00000000 x21=0x00000000
     127025.000 ns	     12701	80002dec	008cc133	xor	x2,x25,x8	 x25:0x00000000  x8:0x00000000  x2=0x00000000
     127045.000 ns	     12703	80002df0	0357bb33	mulhu	x22,x15,x21	 x15:0x00000001 x21:0x00000000 x22=0x00000000
     127075.000 ns	     12706	80002df4	031f9fb3	mulh	x31,x31,x17	 x31:0x00000000 x17:0x00000799 x31=0x00000000
     127415.000 ns	     12740	80002df8	19617353	fdiv.s	f6,f2,f22	  f2:0x44000000 f22:0x00000001  f6=0x7f800000
     127435.000 ns	     12742	80002dfc	0138f133	and	x2,x17,x19	 x17:0x00000799 x19:0xfffff9af  x2=0x00000189
     127455.000 ns	     12744	80002e00	d01afa53	fcvt.s.wu	f20,x21	 x21:0x00000000 f20=0x00000000
     127475.000 ns	     12746	80002e04	0c1bfc93	andi	x25,x23,193	 x23:0x000005f6 x25=0x000000c0
     127835.000 ns	     12782	80002e08	03ab5033	divu	x0,x22,x26	 x22:0x00000000 x26:0x00000001
     127865.000 ns	     12785	80002e0c	a0932b53	feq.s	x22,f6,f9	  f6:0x7f800000  f9:0x44000000 x22=0x00000000
     127895.000 ns	     12788	80002e10	e00186d3	fmv.x.w	x13,f3	  f3:0x7f800000 x13=0x7f800000
     127915.000 ns	     12790	80002e14	015f3733	sltu	x14,x30,x21	 x30:0xffffffff x21:0x00000000 x14=0x00000000
     127925.000 ns	     12791	80002e18	00025493	srli	x9,x4,0x0	  x4:0xffffffda  x9=0xffffffda
     127935.000 ns	     12792	80002e1c	f4a76417	auipc	x8,0xf4a76	  x8=0x74a78e1c
     128295.000 ns	     12828	80002e20	02fef3b3	remu	x7,x29,x15	 x29:0xbb331000 x15:0x00000001  x7=0x00000000
     128315.000 ns	     12830	80002e24	015c9713	slli	x14,x25,0x15	 x25:0x000000c0 x14=0x18000000
     128335.000 ns	     12832	80002e28	e0070fd3	fmv.x.w	x31,f14	 f14:0x44838000 x31=0x44838000
     128355.000 ns	     12834	80002e2c	416d5913	srai	x18,x26,0x16	 x26:0x00000001 x18=0x00000000
     128365.000 ns	     12835	80002e30	41260d33	sub	x26,x12,x18	 x12:0x00000000 x18:0x00000000 x26=0x00000000
     128385.000 ns	     12837	80002e34	219e22d3	fsgnjx.s	f5,f28,f25	 f28:0x4eee5400 f25:0x00000000  f5=0x4eee5400
     128415.000 ns	     12840	80002e38	212c97d3	fsgnjn.s	f15,f25,f18	 f25:0x00000000 f18:0x0339a297 f15=0x80000000
     128445.000 ns	     12843	80002e3c	0321ce33	div	x28,x3,x18	  x3:0x00000200 x18:0x00000000 x28=0xffffffff
     128465.000 ns	     12845	80002e40	41ead033	sra	x0,x21,x30	 x21:0x00000000 x30:0xffffffff
     128485.000 ns	     12847	80002e44	29d097d3	fmax.s	f15,f1,f29	  f1:0x44000000 f29:0x00000000 f15=0x44000000
     128515.000 ns	     12850	80002e48	036533b3	mulhu	x7,x10,x22	 x10:0x00000000 x22:0x00000000  x7=0x00000000
     128545.000 ns	     12853	80002e4c	a0eda3d3	feq.s	x7,f27,f14	 f27:0x00000000 f14:0x44838000  x7=0x00000000
     128575.000 ns	     12856	80002e50	c00cca53	fcvt.w.s	x20,f25	 f25:0x00000000 x20=0x00000000
     128615.000 ns	     12860	80002e54	183d3ad3	fdiv.s	f21,f26,f3	 f26:0x7fc00000  f3:0x7f800000 f21=0x7fc00000
     128985.000 ns	     12897	80002e58	028055b3	divu	x11,x0,x8	  x0:0x00000000  x8:0x74a78e1c x11=0x00000000
     129015.000 ns	     12900	80002e5c	a0381353	flt.s	x6,f16,f3	 f16:0x00000001  f3:0x7f800000  x6=0x00000001
     129045.000 ns	     12903	80002e60	02672c33	mulhsu	x24,x14,x6	 x14:0x18000000  x6:0xffffffff x24=0x00000000
     129065.000 ns	     12905	80002e64	044b4d13	xori	x26,x22,68	 x22:0x00000000 x26=0x00000044
     129075.000 ns	     12906	80002e68	00e28433	add	x8,x5,x14	  x5:0x80041024 x14:0x18000000  x8=0x98041024
     129085.000 ns	     12907	80002e6c	41a95893	srai	x17,x18,0x1a	 x18:0x00000000 x17=0x00000000
     129095.000 ns	     12908	80002e70	00000013	addi	x0,x0,0	  x0:0x00000000
     129105.000 ns	     12909	80002e74	01c3de93	srli	x29,x7,0x1c	  x7:0x00000000 x29=0x00000000
     129115.000 ns	     12910	80002e78	f539a093	slti	x1,x19,-173	 x19:0xfffff9af  x1=0x00000001
     129125.000 ns	     12911	80002e7c	003201b3	add	x3,x4,x3	  x4:0xffffffda  x3:0x00000200  x3=0x000001da
     129145.000 ns	     12913	80002e80	034bbbb3	mulhu	x23,x23,x20	 x23:0x000005f6 x20:0x00000000 x23=0x00000000
     129165.000 ns	     12915	80002e84	00f59913	slli	x18,x11,0xf	 x11:0x00000000 x18=0x00000000
     129525.000 ns	     12951	80002e88	02635633	divu	x12,x6,x6	  x6:0x00000001  x6:0x00000001 x12=0x00000001
     129555.000 ns	     12954	80002e8c	03d4feb3	remu	x29,x9,x29	  x9:0xffffffda x29:0x00000000 x29=0xffffffda
     129585.000 ns	     12957	80002e90	024a1e33	mulh	x28,x20,x4	 x20:0x00000000  x4:0xffffffda x28=0x00000000
     129615.000 ns	     12960	80002e94	021a10b3	mulh	x1,x20,x1	 x20:0x00000000  x1:0x00000001  x1=0x00000000
     129645.000 ns	     12963	80002e98	035523b3	mulhsu	x7,x10,x21	 x10:0x00000000 x21:0x00000000  x7=0x00000000
     129675.000 ns	     12966	80002e9c	d0107ed3	fcvt.s.wu	f29,x0	  x0:0x00000000 f29=0x00000000
     129705.000 ns	     12969	80002ea0	2091ab53	fsgnjx.s	f22,f3,f9	  f3:0x7f800000  f9:0x44000000 f22=0x7f800000
     129735.000 ns	     12972	80002ea4	d0073853	fcvt.s.w	f16,x14	 x14:0x18000000 f16=0x4dc00000
     129765.000 ns	     12975	80002ea8	02540ab3	mul	x21,x8,x5	  x8:0x98041024  x5:0x80041024 x21=0xe2248510
     129785.000 ns	     12977	80002eac	005d7bb3	and	x23,x26,x5	 x26:0x00000044  x5:0x80041024 x23=0x00000004
     129795.000 ns	     12978	80002eb0	019c1bb3	sll	x23,x24,x25	 x24:0x00000000 x25:0x000000c0 x23=0x00000000
     129815.000 ns	     12980	80002eb4	20019d53	fsgnjn.s	f26,f3,f0	  f3:0x7f800000  f0:0x4ec15458 f26=0xff800000
     129845.000 ns	     12983	80002eb8	a151aad3	feq.s	x21,f3,f21	  f3:0x7f800000 f21:0x7fc00000 x21=0x00000000
     129865.000 ns	     12985	80002ebc	000d6cb3	or	x25,x26,x0	 x26:0x00000044  x0:0x00000000 x25=0x00000044
     130225.000 ns	     13021	80002ec0	02e46e33	rem	x28,x8,x14	  x8:0x98041024 x14:0x18000000 x28=0xf8041024
     130245.000 ns	     13023	80002ec4	01a81cb3	sll	x25,x16,x26	 x16:0x80040fe4 x26:0x00000044 x25=0x0040fe40
     130265.000 ns	     13025	80002ec8	02ad3cb3	mulhu	x25,x26,x10	 x26:0x00000044 x10:0x00000000 x25=0x00000000
     130285.000 ns	     13027	80002ecc	406ed3b3	sra	x7,x29,x6	 x29:0xffffffda  x6:0x00000001  x7=0xffffffed
     130305.000 ns	     13029	80002ed0	a1959153	flt.s	x2,f11,f25	 f11:0x7fc00000 f25:0x00000000  x2=0x00000000
     130335.000 ns	     13032	80002ed4	e00d1253	fclass.s	x4,f26	 f26:0xff800000  x4=0x00000001
     130355.000 ns	     13034	80002ed8	00c634b3	sltu	x9,x12,x12	 x12:0x00000001 x12:0x00000001  x9=0x00000000
     130395.000 ns	     13038	80002edc	01bf00d3	fadd.s	f1,f30,f27	 f30:0xffc00000 f27:0x00000000  f1=0x7fc00000
     130415.000 ns	     13040	80002ee0	0160cab3	xor	x21,x1,x22	  x1:0x00000000 x22:0x00000000 x21=0x00000000
     130435.000 ns	     13042	80002ee4	20b484d3	fsgnj.s	f9,f9,f11	  f9:0x44000000 f11:0x7fc00000  f9=0x44000000
     130465.000 ns	     13045	80002ee8	d00e8cd3	fcvt.s.w	f25,x29	 x29:0xffffffda f25=0xc2180000
     130485.000 ns	     13047	80002eec	05c47793	andi	x15,x8,92	  x8:0x98041024 x15=0x00000004
     130495.000 ns	     13048	80002ef0	c358c493	xori	x9,x17,-971	 x17:0x00000000  x9=0xfffffc35
     130505.000 ns	     13049	80002ef4	c2388317	auipc	x6,0xc2388	  x6=0x4238aef4
     130525.000 ns	     13051	80002ef8	a1d39a53	flt.s	x20,f7,f29	  f7:0x7fc00000 f29:0x00000000 x20=0x00000000
     130545.000 ns	     13053	80002efc	ccbb1d17	auipc	x26,0xccbb1	 x26=0x4cbb3efc
     130555.000 ns	     13054	80002f00	015c4933	xor	x18,x24,x21	 x24:0x00000000 x21:0x00000000 x18=0x00000000
     130575.000 ns	     13056	80002f04	d0128953	fcvt.s.wu	f18,x5	  x5:0x80041024 f18=0x4f000410
     130605.000 ns	     13059	80002f08	c00f78d3	fcvt.w.s	x17,f30	 f30:0xffc00000 x17=0x7fffffff
     130635.000 ns	     13062	80002f0c	c00d7cd3	fcvt.w.s	x25,f26	 f26:0xff800000 x25=0x80000000
     130665.000 ns	     13065	80002f10	024a1fb3	mulh	x31,x20,x4	 x20:0x00000000  x4:0x00000001 x31=0x00000000
     131035.000 ns	     13102	80002f14	02636a33	rem	x20,x6,x6	  x6:0x4238aef4  x6:0x4238aef4 x20=0x00000000
     131065.000 ns	     13105	80002f18	03c303b3	mul	x7,x6,x28	  x6:0x4238aef4 x28:0xf8041024  x7=0xf6b7da50
     131095.000 ns	     13108	80002f1c	c01cfcd3	fcvt.wu.s	x25,f25	 f25:0xc2180000 x25=0x00000026
     131115.000 ns	     13110	80002f20	00a39413	slli	x8,x7,0xa	  x7:0xf6b7da50  x8=0xdf694000
     131125.000 ns	     13111	80002f24	00b28333	add	x6,x5,x11	  x5:0x80041024 x11:0x00000000  x6=0x80041024
     131145.000 ns	     13113	80002f28	a10aafd3	feq.s	x31,f21,f16	 f21:0x7fc00000 f16:0x4dc00000 x31=0x00000000
     131165.000 ns	     13115	80002f2c	009f38b3	sltu	x17,x30,x9	 x30:0xffffffff  x9:0xfffffc35 x17=0x00000000
     131185.000 ns	     13117	80002f30	e0000253	fmv.x.w	x4,f0	  f0:0x4ec15458  x4=0x4ec15458
     131215.000 ns	     13120	80002f34	d01cce53	fcvt.s.wu	f28,x25	 x25:0x00000026 f28=0x42180000
     131235.000 ns	     13122	80002f38	e7344113	xori	x2,x8,-397	  x8:0xdf694000  x2=0x2096be73
     131255.000 ns	     13124	80002f3c	a09c8fd3	fle.s	x31,f25,f9	 f25:0xc2180000  f9:0x44000000 x31=0x00000001
     131275.000 ns	     13126	80002f40	bde2cc13	xori	x24,x5,-1058	  x5:0x80041024 x24=0x7ffbebfa
     131295.000 ns	     13128	80002f44	f00205d3	fmv.w.x	f11,x4	  x4:0x4ec15458 f11=0x4ec15458
     131665.000 ns	     13165	80002f48	03dfc933	div	x18,x31,x29	 x31:0x00000001 x29:0xffffffda x18=0x00000000
     131685.000 ns	     13167	80002f4c	1f87c313	xori	x6,x15,504	 x15:0x00000004  x6=0x000001fc
     131695.000 ns	     13168	80002f50	d36b0f13	addi	x30,x22,-714	 x22:0x00000000 x30=0xfffffd36
     131705.000 ns	     13169	80002f54	9ea5ff93	andi	x31,x11,-1558	 x11:0x00000000 x31=0x00000000
     131725.000 ns	     13171	80002f58	f00004d3	fmv.w.x	f9,x0	  x0:0x00000000  f9=0x00000000
     131755.000 ns	     13174	80002f5c	c00e3253	fcvt.w.s	x4,f28	 f28:0x42180000  x4=0x00000026
     131785.000 ns	     13177	80002f60	21a49b53	fsgnjn.s	f22,f9,f26	  f9:0x00000000 f26:0xff800000 f22=0x00000000
     131805.000 ns	     13179	80002f64	002050b3	srl	x1,x0,x2	  x0:0x00000000  x2:0x2096be73  x1=0x00000000
     131815.000 ns	     13180	80002f68	017dcf33	xor	x30,x27,x23	 x27:0xf9af2af0 x23:0x00000000 x30=0xf9af2af0
     131835.000 ns	     13182	80002f6c	29680453	fmin.s	f8,f16,f22	 f16:0x4dc00000 f22:0x00000000  f8=0x00000000
     131855.000 ns	     13184	80002f70	55b88793	addi	x15,x17,1371	 x17:0x00000000 x15=0x0000055b
     131865.000 ns	     13185	80002f74	01845f33	srl	x30,x8,x24	  x8:0xdf694000 x24:0x7ffbebfa x30=0x00000037
     132225.000 ns	     13221	80002f78	03b843b3	div	x7,x16,x27	 x16:0x80040fe4 x27:0xf9af2af0  x7=0x00000014
     132275.000 ns	     13226	80002f7c	00f3fdd3	fadd.s	f27,f7,f15	  f7:0x7fc00000 f15:0x44000000 f27=0x7fc00000
     132295.000 ns	     13228	80002f80	e8277013	andi	x0,x14,-382	 x14:0x18000000
     132315.000 ns	     13230	80002f84	e00991d3	fclass.s	x3,f19	 f19:0x7f800000  x3=0x00000080
     132345.000 ns	     13233	80002f88	21bf1553	fsgnjn.s	f10,f30,f27	 f30:0xffc00000 f27:0x7fc00000 f10=0xffc00000
     132365.000 ns	     13235	80002f8c	41cc5593	srai	x11,x24,0x1c	 x24:0x7ffbebfa x11=0x00000007
     132375.000 ns	     13236	80002f90	00000013	addi	x0,x0,0	  x0:0x00000000
     132395.000 ns	     13238	80002f94	293f0653	fmin.s	f12,f30,f19	 f30:0xffc00000 f19:0x7f800000 f12=0x7f800000
     132425.000 ns	     13241	80002f98	038f95b3	mulh	x11,x31,x24	 x31:0x00000000 x24:0x7ffbebfa x11=0x00000000
     132445.000 ns	     13243	80002f9c	011276b3	and	x13,x4,x17	  x4:0x00000026 x17:0x00000000 x13=0x00000000
     132465.000 ns	     13245	80002fa0	a0eda253	feq.s	x4,f27,f14	 f27:0x7fc00000 f14:0x44838000  x4=0x00000000
     132485.000 ns	     13247	80002fa4	01b61733	sll	x14,x12,x27	 x12:0x00000001 x27:0xf9af2af0 x14=0x00010000
     132505.000 ns	     13249	80002fa8	d003a453	fcvt.s.w	f8,x7	  x7:0x00000014  f8=0x41a00000
     132875.000 ns	     13286	80002fac	022b7cb3	remu	x25,x22,x2	 x22:0x00000000  x2:0x2096be73 x25=0x00000000
     132895.000 ns	     13288	80002fb0	41dd0d33	sub	x26,x26,x29	 x26:0x4cbb3efc x29:0xffffffda x26=0x4cbb3f22
     134065.000 ns	     13405	80002fb4	5805f953	fsqrt.s	f18,f11	 f11:0x4ec15458 f18=0x471d4f1f
     134095.000 ns	     13408	80002fb8	a0370953	fle.s	x18,f14,f3	 f14:0x44838000  f3:0x7f800000 x18=0x00000001
     135275.000 ns	     13526	80002fbc	58017fd3	fsqrt.s	f31,f2	  f2:0x44000000 f31=0x41350482
     135295.000 ns	     13528	80002fc0	009fb6b3	sltu	x13,x31,x9	 x31:0x00000000  x9:0xfffffc35 x13=0x00000001
     135655.000 ns	     13564	80002fc4	03a45f33	divu	x30,x8,x26	  x8:0xdf694000 x26:0x4cbb3f22 x30=0x00000002
     135675.000 ns	     13566	80002fc8	b0081a97	auipc	x21,0xb0081	 x21=0x30083fc8
     135685.000 ns	     13567	80002fcc	419e51b3	sra	x3,x28,x25	 x28:0xf8041024 x25:0x00000000  x3=0xf8041024
     135695.000 ns	     13568	80002fd0	40655413	srai	x8,x10,0x6	 x10:0x00000000  x8=0x00000000
     135715.000 ns	     13570	80002fd4	c01546d3	fcvt.wu.s	x13,f10	 f10:0xffc00000 x13=0xffffffff
     135765.000 ns	     13575	80002fd8	09c7f353	fsub.s	f6,f15,f28	 f15:0x44000000 f28:0x42180000  f6=0x43ed0000
     135805.000 ns	     13579	80002fdc	11d7f053	fmul.s	f0,f15,f29	 f15:0x44000000 f29:0x00000000  f0=0x00000000
     135835.000 ns	     13582	80002fe0	d0132c53	fcvt.s.wu	f24,x6	  x6:0x000001fc f24=0x43fe0000
     135875.000 ns	     13586	80002fe4	580386d3	fsqrt.s	f13,f7	  f7:0x7fc00000 f13=0x7fc00000
     135915.000 ns	     13590	80002fe8	580cf8d3	fsqrt.s	f17,f25	 f25:0xc2180000 f17=0x7fc00000
     135935.000 ns	     13592	80002fec	0148f1b3	and	x3,x17,x20	 x17:0x00000000 x20:0x00000000  x3=0x00000000
     135945.000 ns	     13593	80002ff0	fc2d6413	ori	x8,x26,-62	 x26:0x4cbb3f22  x8=0xffffffe2
     135955.000 ns	     13594	80002ff4	00000013	addi	x0,x0,0	  x0:0x00000000
     135975.000 ns	     13596	80002ff8	28539153	fmax.s	f2,f7,f5	  f7:0x7fc00000  f5:0x4eee5400  f2=0x4eee5400
     135995.000 ns	     13598	80002ffc	0166e7b3	or	x15,x13,x22	 x13:0xffffffff x22:0x00000000 x15=0xffffffff
     136035.000 ns	     13602	80003000	01d8fd53	fadd.s	f26,f17,f29	 f17:0x7fc00000 f29:0x00000000 f26=0x7fc00000
     136405.000 ns	     13639	80003004	0387e6b3	rem	x13,x15,x24	 x15:0x0000055b x24:0x7ffbebfa x13=0xffffffff
     136435.000 ns	     13642	80003008	e00006d3	fmv.x.w	x13,f0	  f0:0x00000000 x13=0x00000000
     136455.000 ns	     13644	8000300c	41410533	sub	x10,x2,x20	  x2:0x2096be73 x20:0x00000000 x10=0x2096be73
     136475.000 ns	     13646	80003010	02458733	mul	x14,x11,x4	 x11:0x00000000  x4:0x00000000 x14=0x00000000
     136515.000 ns	     13650	80003014	18660d53	fdiv.s	f26,f12,f6	 f12:0x7f800000  f6:0x43ed0000 f26=0x7f800000
     136545.000 ns	     13653	80003018	c0169553	fcvt.wu.s	x10,f13	 f13:0x7fc00000 x10=0xffffffff
     136595.000 ns	     13658	8000301c	080bc1d3	fsub.s	f3,f23,f0	 f23:0x00000001  f0:0x00000000  f3=0x00000001
     136625.000 ns	     13661	80003020	203d87d3	fsgnj.s	f15,f27,f3	 f27:0x7fc00000  f3:0x7f800000 f15=0x7fc00000
     136655.000 ns	     13664	80003024	c01f01d3	fcvt.wu.s	x3,f30	 f30:0xffc00000  x3=0xffffffff
     136685.000 ns	     13667	80003028	02079933	mulh	x18,x15,x0	 x15:0xffffffff  x0:0x00000000 x18=0x00000000
     136705.000 ns	     13669	8000302c	01ed4c33	xor	x24,x26,x30	 x26:0x4cbb3f22 x30:0x00000002 x24=0x4cbb3f20
     137065.000 ns	     13705	80003030	02a774b3	remu	x9,x14,x10	 x14:0x00000000 x10:0xffffffff  x9=0x00000000
     137085.000 ns	     13707	80003034	9c2a3f93	sltiu	x31,x20,-1598	 x20:0x00000000 x31=0x00000001
     137105.000 ns	     13709	80003038	026d2933	mulhsu	x18,x26,x6	 x26:0x4cbb3f22  x6:0x000001fc x18=0x00000098
     137125.000 ns	     13711	8000303c	4161d613	srai	x12,x3,0x16	  x3:0xffffffff x12=0xffffffff
     137135.000 ns	     13712	80003040	019c3f33	sltu	x30,x24,x25	 x24:0x4cbb3f20 x25:0x00000000 x30=0x00000000
     137145.000 ns	     13713	80003044	6908c493	xori	x9,x17,1680	 x17:0x00000000  x9=0x00000690
     137165.000 ns	     13715	80003048	a13d1553	flt.s	x10,f26,f19	 f26:0x7f800000 f19:0x7f800000 x10=0x00000000
     137195.000 ns	     13718	8000304c	28c10553	fmin.s	f10,f2,f12	  f2:0x4eee5400 f12:0x7f800000 f10=0x4eee5400
     137225.000 ns	     13721	80003050	296a8dd3	fmin.s	f27,f21,f22	 f21:0x7fc00000 f22:0x00000000 f27=0x00000000
     137245.000 ns	     13723	80003054	82ab7713	andi	x14,x22,-2006	 x22:0x00000000 x14=0x00000000
     137255.000 ns	     13724	80003058	007a2733	slt	x14,x20,x7	 x20:0x00000000  x7:0x00000014 x14=0x00000001
     137285.000 ns	     13727	8000305c	19f9f4d3	fdiv.s	f9,f19,f31	 f19:0x7f800000 f31:0x41350482  f9=0x7f800000
     137315.000 ns	     13730	80003060	a0d62253	feq.s	x4,f12,f13	 f12:0x7f800000 f13:0x7fc00000  x4=0x00000000
     137345.000 ns	     13733	80003064	03904bb3	div	x23,x0,x25	  x0:0x00000000 x25:0x00000000 x23=0xffffffff
     137375.000 ns	     13736	80003068	200509d3	fsgnj.s	f19,f10,f0	 f10:0x4eee5400  f0:0x00000000 f19=0x4eee5400
     137395.000 ns	     13738	8000306c	ebbddc17	auipc	x24,0xebbdd	 x24=0x6bbe006c
     137415.000 ns	     13740	80003070	a06407d3	fle.s	x15,f8,f6	  f8:0x41a00000  f6:0x43ed0000 x15=0x00000001
     137445.000 ns	     13743	80003074	d00fc253	fcvt.s.w	f4,x31	 x31:0x00000001  f4=0x3f800000
     137495.000 ns	     13748	80003078	00e07bd3	fadd.s	f23,f0,f14	  f0:0x00000000 f14:0x44838000 f23=0x44838000
     137525.000 ns	     13751	8000307c	02289eb3	mulh	x29,x17,x2	 x17:0x00000000  x2:0x2096be73 x29=0x00000000
     137555.000 ns	     13754	80003080	039e6433	rem	x8,x28,x25	 x28:0xf8041024 x25:0x00000000  x8=0xf8041024
     137585.000 ns	     13757	80003084	216fa253	fsgnjx.s	f4,f31,f22	 f31:0x41350482 f22:0x00000000  f4=0x41350482
     137615.000 ns	     13760	80003088	a0261ed3	flt.s	x29,f12,f2	 f12:0x7f800000  f2:0x4eee5400 x29=0x00000000
     137635.000 ns	     13762	8000308c	004e7eb3	and	x29,x28,x4	 x28:0xf8041024  x4:0x00000000 x29=0x00000000
     137655.000 ns	     13764	80003090	a0082653	feq.s	x12,f16,f0	 f16:0x4dc00000  f0:0x00000000 x12=0x00000000
     137685.000 ns	     13767	80003094	28000153	fmin.s	f2,f0,f0	  f0:0x00000000  f0:0x00000000  f2=0x00000000
     137715.000 ns	     13770	80003098	28430653	fmin.s	f12,f6,f4	  f6:0x43ed0000  f4:0x41350482 f12=0x41350482
     137735.000 ns	     13772	8000309c	b8e75037	lui	x0,0xb8e75	
     137755.000 ns	     13774	800030a0	03400033	mul	x0,x0,x20	  x0:0x00000000 x20:0x00000000
     137775.000 ns	     13776	800030a4	415c80b3	sub	x1,x25,x21	 x25:0x00000000 x21:0x30083fc8  x1=0xcff7c038
     137795.000 ns	     13778	800030a8	e0048953	fmv.x.w	x18,f9	  f9:0x7f800000 x18=0x7f800000
     137815.000 ns	     13780	800030ac	62306093	ori	x1,x0,1571	  x0:0x00000000  x1=0x00000623
     137835.000 ns	     13782	800030b0	d001ffd3	fcvt.s.w	f31,x3	  x3:0xffffffff f31=0xbf800000
     137855.000 ns	     13784	800030b4	97488393	addi	x7,x17,-1676	 x17:0x00000000  x7=0xfffff974
     137865.000 ns	     13785	800030b8	01e71c13	slli	x24,x14,0x1e	 x14:0x00000001 x24=0x40000000
     137875.000 ns	     13786	800030bc	40f08a33	sub	x20,x1,x15	  x1:0x00000623 x15:0x00000001 x20=0x00000622
     137895.000 ns	     13788	800030c0	21688653	fsgnj.s	f12,f17,f22	 f17:0x7fc00000 f22:0x00000000 f12=0x7fc00000
     137925.000 ns	     13791	800030c4	02d32d33	mulhsu	x26,x6,x13	  x6:0x000001fc x13:0x00000000 x26=0x00000000
     137945.000 ns	     13793	800030c8	01a920b3	slt	x1,x18,x26	 x18:0x7f800000 x26:0x4cbb3f22  x1=0x00000000
     137965.000 ns	     13795	800030cc	d00346d3	fcvt.s.w	f13,x6	  x6:0x000001fc f13=0x43fe0000
     138005.000 ns	     13799	800030d0	1864a653	fdiv.s	f12,f9,f6	  f9:0x7f800000  f6:0x43ed0000 f12=0x7f800000
     138035.000 ns	     13802	800030d4	a1881ad3	flt.s	x21,f16,f24	 f16:0x4dc00000 f24:0x43fe0000 x21=0x00000000
     138055.000 ns	     13804	800030d8	7fabe393	ori	x7,x23,2042	 x23:0xffffffff  x7=0xffffffff
     138065.000 ns	     13805	800030dc	00fee1b3	or	x3,x29,x15	 x29:0x00000000 x15:0x00000001  x3=0x00000001
     138075.000 ns	     13806	800030e0	01786433	or	x8,x16,x23	 x16:0x80040fe4 x23:0xffffffff  x8=0xffffffff
     138085.000 ns	     13807	800030e4	d990f993	andi	x19,x1,-615	  x1:0x00000000 x19=0x00000000
     138095.000 ns	     13808	800030e8	00000013	addi	x0,x0,0	  x0:0x00000000
     138105.000 ns	     13809	800030ec	00000013	addi	x0,x0,0	  x0:0x00000000
     138115.000 ns	     13810	800030f0	016d4433	xor	x8,x26,x22	 x26:0x00000000 x22:0x00000000  x8=0x00000000
     138125.000 ns	     13811	800030f4	00000013	addi	x0,x0,0	  x0:0x00000000
     138135.000 ns	     13812	800030f8	802eac13	slti	x24,x29,-2046	 x29:0x00000000 x24=0x00000000
     138155.000 ns	     13814	800030fc	c00213d3	fcvt.w.s	x7,f4	  f4:0x41350482  x7=0x0000000b
     138175.000 ns	     13816	80003100	7f8fae93	slti	x29,x31,2040	 x31:0x00000001 x29=0x00000001
     138185.000 ns	     13817	80003104	004320b3	slt	x1,x6,x4	  x6:0x000001fc  x4:0x00000000  x1=0x00000000
     138195.000 ns	     13818	80003108	d63334b7	lui	x9,0xd6333	  x9=0xd6333000
     138225.000 ns	     13821	8000310c	112dac53	fmul.s	f24,f27,f18	 f27:0x00000000 f18:0x471d4f1f f24=0x00000000
     138275.000 ns	     13826	80003110	092d34d3	fsub.s	f9,f26,f18	 f26:0x7f800000 f18:0x471d4f1f  f9=0x7f800000
     138305.000 ns	     13829	80003114	a1788cd3	fle.s	x25,f17,f23	 f17:0x7fc00000 f23:0x44838000 x25=0x00000000
     138325.000 ns	     13831	80003118	5e1f3113	sltiu	x2,x30,1505	 x30:0x00000000  x2=0x00000001
     138345.000 ns	     13833	8000311c	035014b3	mulh	x9,x0,x21	  x0:0x00000000 x21:0x00000000  x9=0x00000000
     138385.000 ns	     13837	80003120	580c1953	fsqrt.s	f18,f24	 f24:0x00000000 f18=0x00000000
     138405.000 ns	     13839	80003124	419e8cb3	sub	x25,x29,x25	 x29:0x00000001 x25:0x00000000 x25=0x00000001
     138415.000 ns	     13840	80003128	88018713	addi	x14,x3,-1920	  x3:0x00000001 x14=0xfffff881
     138435.000 ns	     13842	8000312c	c01391d3	fcvt.wu.s	x3,f7	  f7:0x7fc00000  x3=0xffffffff
     138455.000 ns	     13844	80003130	00486d33	or	x26,x16,x4	 x16:0x80040fe4  x4:0x00000000 x26=0x80040fe4
     138465.000 ns	     13845	80003134	00d357b3	srl	x15,x6,x13	  x6:0x000001fc x13:0x00000000 x15=0x000001fc
     138485.000 ns	     13847	80003138	d00a7353	fcvt.s.w	f6,x20	 x20:0x00000622  f6=0x44c44000
     138505.000 ns	     13849	8000313c	003b7633	and	x12,x22,x3	 x22:0x00000000  x3:0xffffffff x12=0x00000000
     138515.000 ns	     13850	80003140	da51fa13	andi	x20,x3,-603	  x3:0xffffffff x20=0xfffffda5
     138535.000 ns	     13852	80003144	a1e8a353	feq.s	x6,f17,f30	 f17:0x7fc00000 f30:0xffc00000  x6=0x00000000
     138565.000 ns	     13855	80003148	a05f8cd3	fle.s	x25,f31,f5	 f31:0xbf800000  f5:0x4eee5400 x25=0x00000001
     138595.000 ns	     13858	8000314c	215814d3	fsgnjn.s	f9,f16,f21	 f16:0x4dc00000 f21:0x7fc00000  f9=0xcdc00000
     138625.000 ns	     13861	80003150	c0047b53	fcvt.w.s	x22,f8	  f8:0x41a00000 x22=0x00000014
     138645.000 ns	     13863	80003154	4191d093	srai	x1,x3,0x19	  x3:0xffffffff  x1=0xffffffff
     138655.000 ns	     13864	80003158	8f6e8013	addi	x0,x29,-1802	 x29:0x00000001
     138665.000 ns	     13865	8000315c	33724213	xori	x4,x4,823	  x4:0x00000000  x4=0x00000337
     138675.000 ns	     13866	80003160	01abb233	sltu	x4,x23,x26	 x23:0xffffffff x26:0x80040fe4  x4=0x00000000
     138695.000 ns	     13868	80003164	217a24d3	fsgnjx.s	f9,f20,f23	 f20:0x00000000 f23:0x44838000  f9=0x00000000
     138715.000 ns	     13870	80003168	412f5cb3	sra	x25,x30,x18	 x30:0x00000000 x18:0x7f800000 x25=0x00000000
     138755.000 ns	     13874	8000316c	004f9253	fadd.s	f4,f31,f4	 f31:0xbf800000  f4:0x41350482  f4=0x41250482
     138785.000 ns	     13877	80003170	f00f8d53	fmv.w.x	f26,x31	 x31:0x00000001 f26=0x00000001
     138825.000 ns	     13881	80003174	102276d3	fmul.s	f13,f4,f2	  f4:0x41250482  f2:0x00000000 f13=0x00000000
     139195.000 ns	     13918	80003178	027cf733	remu	x14,x25,x7	 x25:0x00000000  x7:0x0000000b x14=0x00000000
     139225.000 ns	     13921	8000317c	206c0cd3	fsgnj.s	f25,f24,f6	 f24:0x00000000  f6:0x44c44000 f25=0x00000000
     139255.000 ns	     13924	80003180	a0098e53	fle.s	x28,f19,f0	 f19:0x4eee5400  f0:0x00000000 x28=0x00000000
     139285.000 ns	     13927	80003184	20dd9053	fsgnjn.s	f0,f27,f13	 f27:0x00000000 f13:0x00000000  f0=0x80000000
     139315.000 ns	     13930	80003188	029a0c33	mul	x24,x20,x9	 x20:0xfffffda5  x9:0x00000000 x24=0x00000000
     139345.000 ns	     13933	8000318c	d00df3d3	fcvt.s.w	f7,x27	 x27:0xf9af2af0  f7=0xccca1aa2
     139715.000 ns	     13970	80003190	027ad0b3	divu	x1,x21,x7	 x21:0x00000000  x7:0x0000000b  x1=0x00000000
     139755.000 ns	     13974	80003194	1055be53	fmul.s	f28,f11,f5	 f11:0x4ec15458  f5:0x4eee5400 f28=0x5e33fbda
     139805.000 ns	     13979	80003198	01758b53	fadd.s	f22,f11,f23	 f11:0x4ec15458 f23:0x44838000 f22=0x4ec15460
     139835.000 ns	     13982	8000319c	f00a8bd3	fmv.w.x	f23,x21	 x21:0x00000000 f23=0x00000000
     139855.000 ns	     13984	800031a0	56ac2897	auipc	x17,0x56ac2	 x17=0xd6ac51a0
     139875.000 ns	     13986	800031a4	0284d9b3	divu	x19,x9,x8	  x9:0x00000000  x8:0x00000000 x19=0xffffffff
     139895.000 ns	     13988	800031a8	012cd093	srli	x1,x25,0x12	 x25:0x00000000  x1=0x00000000
     139905.000 ns	     13989	800031ac	00bd5893	srli	x17,x26,0xb	 x26:0x80040fe4 x17=0x00100081
     139925.000 ns	     13991	800031b0	28cf08d3	fmin.s	f17,f30,f12	 f30:0xffc00000 f12:0x7f800000 f17=0x7f800000
     140295.000 ns	     14028	800031b4	022477b3	remu	x15,x8,x2	  x8:0x00000000  x2:0x00000001 x15=0x00000000
     140325.000 ns	     14031	800031b8	d0139bd3	fcvt.s.wu	f23,x7	  x7:0x0000000b f23=0x41300000
     140345.000 ns	     14033	800031bc	01682a33	slt	x20,x16,x22	 x16:0x80040fe4 x22:0x00000014 x20=0x00000001
     140385.000 ns	     14037	800031c0	08967ad3	fsub.s	f21,f12,f9	 f12:0x7f800000  f9:0x00000000 f21=0x7f800000
     140415.000 ns	     14040	800031c4	201a8553	fsgnj.s	f10,f21,f1	 f21:0x7fc00000  f1:0x7fc00000 f10=0x7f800000
     140445.000 ns	     14043	800031c8	e0069053	fclass.s	x0,f13	 f13:0x00000000
     140475.000 ns	     14046	800031cc	a1cd2b53	feq.s	x22,f26,f28	 f26:0x00000001 f28:0x5e33fbda x22=0x00000000
     140495.000 ns	     14048	800031d0	01979e93	slli	x29,x15,0x19	 x15:0x00000000 x29=0x00000000
     140515.000 ns	     14050	800031d4	a05d9e53	flt.s	x28,f27,f5	 f27:0x00000000  f5:0x4eee5400 x28=0x00000001
     140535.000 ns	     14052	800031d8	c3db3013	sltiu	x0,x22,-963	 x22:0x00000000
     140555.000 ns	     14054	800031dc	a0bf01d3	fle.s	x3,f30,f11	 f30:0xffc00000 f11:0x4ec15458  x3=0x00000000
     140575.000 ns	     14056	800031e0	01ee0333	add	x6,x28,x30	 x28:0x00000001 x30:0x00000000  x6=0x00000001
     140585.000 ns	     14057	800031e4	00bb7d33	and	x26,x22,x11	 x22:0x00000000 x11:0x00000000 x26=0x00000000
     140595.000 ns	     14058	800031e8	0186d133	srl	x2,x13,x24	 x13:0x00000000 x24:0x00000000  x2=0x00000000
     140605.000 ns	     14059	800031ec	010deeb3	or	x29,x27,x16	 x27:0xf9af2af0 x16:0x80040fe4 x29=0xf9af2ff4
     140615.000 ns	     14060	800031f0	78917413	andi	x8,x2,1929	  x2:0x00000001  x8=0x00000000
     140635.000 ns	     14062	800031f4	201c9253	fsgnjn.s	f4,f25,f1	 f25:0x00000000  f1:0x7fc00000  f4=0x80000000
     140655.000 ns	     14064	800031f8	71384193	xori	x3,x16,1811	 x16:0x80040fe4  x3=0x800408f7
     140675.000 ns	     14066	800031fc	21532e53	fsgnjx.s	f28,f6,f21	  f6:0x44c44000 f21:0x7f800000 f28=0x44c44000
     141045.000 ns	     14103	80003200	026f5f33	divu	x30,x30,x6	 x30:0x00000000  x6:0x00000001 x30=0x00000000
     141075.000 ns	     14106	80003204	280888d3	fmin.s	f17,f17,f0	 f17:0x7f800000  f0:0x80000000 f17=0x80000000
     141095.000 ns	     14108	80003208	004e58b3	srl	x17,x28,x4	 x28:0x00000001  x4:0x00000000 x17=0x00000001
     141115.000 ns	     14110	8000320c	029d03b3	mul	x7,x26,x9	 x26:0x00000000  x9:0x00000000  x7=0x00000000
     141135.000 ns	     14112	80003210	9878c7b7	lui	x15,0x9878c	 x15=0x9878c000
     141165.000 ns	     14115	80003214	190091d3	fdiv.s	f3,f1,f16	  f1:0x7fc00000 f16:0x4dc00000  f3=0x7fc00000
     141185.000 ns	     14117	80003218	34248d13	addi	x26,x9,834	  x9:0x00000000 x26=0x00000342
     141205.000 ns	     14119	8000321c	03cb3fb3	mulhu	x31,x22,x28	 x22:0x00000000 x28:0x00000001 x31=0x00000000
     141235.000 ns	     14122	80003220	e00c8253	fmv.x.w	x4,f25	 f25:0x00000000  x4=0x00000000
     141255.000 ns	     14124	80003224	70b26493	ori	x9,x4,1803	  x4:0x00000000  x9=0x0000070b
     141275.000 ns	     14126	80003228	c00eab53	fcvt.w.s	x22,f29	 f29:0x00000000 x22=0x00000000
     141295.000 ns	     14128	8000322c	015d3bb3	sltu	x23,x26,x21	 x26:0x00000342 x21:0x00000000 x23=0x00000000
     141315.000 ns	     14130	80003230	a1b32153	feq.s	x2,f6,f27	  f6:0x44c44000 f27:0x00000000  x2=0x00000000
     141345.000 ns	     14133	80003234	a0308f53	fle.s	x30,f1,f3	  f1:0x7fc00000  f3:0x7fc00000 x30=0x00000000
     141375.000 ns	     14136	80003238	02611eb3	mulh	x29,x2,x6	  x2:0x00000000  x6:0x00000001 x29=0x00000000
     141405.000 ns	     14139	8000323c	c0191653	fcvt.wu.s	x12,f18	 f18:0x00000000 x12=0x00000000
     141435.000 ns	     14142	80003240	d000fed3	fcvt.s.w	f29,x1	  x1:0x00000000 f29=0x00000000
     141465.000 ns	     14145	80003244	29a81753	fmax.s	f14,f16,f26	 f16:0x4dc00000 f26:0x00000001 f14=0x4dc00000
     141495.000 ns	     14148	80003248	e0030e53	fmv.x.w	x28,f6	  f6:0x44c44000 x28=0x44c44000
     141525.000 ns	     14151	8000324c	29e81d53	fmax.s	f26,f16,f30	 f16:0x4dc00000 f30:0xffc00000 f26=0x4dc00000
     141555.000 ns	     14154	80003250	a027a9d3	feq.s	x19,f15,f2	 f15:0x7fc00000  f2:0x00000000 x19=0x00000000
     141585.000 ns	     14157	80003254	d017bf53	fcvt.s.wu	f30,x15	 x15:0x9878c000 f30=0x4f1878c0
     141605.000 ns	     14159	80003258	4c6321b7	lui	x3,0x4c632	  x3=0x4c632000
     141625.000 ns	     14161	8000325c	d0147bd3	fcvt.s.wu	f23,x8	  x8:0x00000000 f23=0x00000000
     141645.000 ns	     14163	80003260	2cea2313	slti	x6,x20,718	 x20:0x00000001  x6=0x00000001
     141655.000 ns	     14164	80003264	7777a893	slti	x17,x15,1911	 x15:0x9878c000 x17=0x00000001
     141675.000 ns	     14166	80003268	024f3cb3	mulhu	x25,x30,x4	 x30:0x00000000  x4:0x00000000 x25=0x00000000
     141705.000 ns	     14169	8000326c	21c79853	fsgnjn.s	f16,f15,f28	 f15:0x7fc00000 f28:0x44c44000 f16=0xffc00000
     141735.000 ns	     14172	80003270	03222fb3	mulhsu	x31,x4,x18	  x4:0x00000000 x18:0x7f800000 x31=0x00000000
     142105.000 ns	     14209	80003274	03c96f33	rem	x30,x18,x28	 x18:0x7f800000 x28:0x44c44000 x30=0x3abbc000
     142125.000 ns	     14211	80003278	0174a9b3	slt	x19,x9,x23	  x9:0x0000070b x23:0x00000000 x19=0x00000000
     142135.000 ns	     14212	8000327c	40badd33	sra	x26,x21,x11	 x21:0x00000000 x11:0x00000000 x26=0x00000000
     142155.000 ns	     14214	80003280	03ba8f33	mul	x30,x21,x27	 x21:0x00000000 x27:0xf9af2af0 x30=0x00000000
     142185.000 ns	     14217	80003284	0299bfb3	mulhu	x31,x19,x9	 x19:0x00000000  x9:0x0000070b x31=0x00000000
     142215.000 ns	     14220	80003288	e0029bd3	fclass.s	x23,f5	  f5:0x4eee5400 x23=0x00000040
     142585.000 ns	     14257	8000328c	031e6133	rem	x2,x28,x17	 x28:0x44c44000 x17:0x00000001  x2=0x00000000
     142605.000 ns	     14259	80003290	01415593	srli	x11,x2,0x14	  x2:0x00000000 x11=0x00000000
     142625.000 ns	     14261	80003294	d00bfa53	fcvt.s.w	f20,x23	 x23:0x00000040 f20=0x42800000
     142655.000 ns	     14264	80003298	f0018a53	fmv.w.x	f20,x3	  x3:0x4c632000 f20=0x4c632000
     142685.000 ns	     14267	8000329c	03f338b3	mulhu	x17,x6,x31	  x6:0x00000001 x31:0x00000000 x17=0x00000000
     142705.000 ns	     14269	800032a0	7b8efa13	andi	x20,x29,1976	 x29:0x00000000 x20=0x00000000
     142725.000 ns	     14271	800032a4	03c810b3	mulh	x1,x16,x28	 x16:0x80040fe4 x28:0x44c44000  x1=0xdd9ef755
     142755.000 ns	     14274	800032a8	03111433	mulh	x8,x2,x17	  x2:0x00000000 x17:0x00000000  x8=0x00000000
     142775.000 ns	     14276	800032ac	016b8f33	add	x30,x23,x22	 x23:0x00000040 x22:0x00000000 x30=0x00000040
     142795.000 ns	     14278	800032b0	21baa5d3	fsgnjx.s	f11,f21,f27	 f21:0x7f800000 f27:0x00000000 f11=0x7f800000
     142825.000 ns	     14281	800032b4	e00616d3	fclass.s	x13,f12	 f12:0x7f800000 x13=0x00000080
     142855.000 ns	     14284	800032b8	c0017b53	fcvt.w.s	x22,f2	  f2:0x00000000 x22=0x00000000
     142885.000 ns	     14287	800032bc	203e8fd3	fsgnj.s	f31,f29,f3	 f29:0x00000000  f3:0x7fc00000 f31=0x00000000
     142905.000 ns	     14289	800032c0	01c8cbb3	xor	x23,x17,x28	 x17:0x00000000 x28:0x44c44000 x23=0x44c44000
     142925.000 ns	     14291	800032c4	0323b3b3	mulhu	x7,x7,x18	  x7:0x00000000 x18:0x7f800000  x7=0x00000000
     142955.000 ns	     14294	800032c8	a0bf06d3	fle.s	x13,f30,f11	 f30:0x4f1878c0 f11:0x7f800000 x13=0x00000001
     142985.000 ns	     14297	800032cc	e0088653	fmv.x.w	x12,f17	 f17:0x80000000 x12=0x80000000
     143005.000 ns	     14299	800032d0	40be5e33	sra	x28,x28,x11	 x28:0x44c44000 x11:0x00000000 x28=0x44c44000
     143015.000 ns	     14300	800032d4	dc0b0f93	addi	x31,x22,-576	 x22:0x00000000 x31=0xfffffdc0
     143025.000 ns	     14301	800032d8	01602633	slt	x12,x0,x22	  x0:0x00000000 x22:0x00000000 x12=0x00000000
     143035.000 ns	     14302	800032dc	0013c7b3	xor	x15,x7,x1	  x7:0x00000000  x1:0xdd9ef755 x15=0xdd9ef755
     143055.000 ns	     14304	800032e0	21ca2553	fsgnjx.s	f10,f20,f28	 f20:0x4c632000 f28:0x44c44000 f10=0x4c632000
     143105.000 ns	     14309	800032e4	09a5f6d3	fsub.s	f13,f11,f26	 f11:0x7f800000 f26:0x4dc00000 f13=0x7f800000
     143135.000 ns	     14312	800032e8	a1ce16d3	flt.s	x13,f28,f28	 f28:0x44c44000 f28:0x44c44000 x13=0x00000000
     143165.000 ns	     14315	800032ec	c01900d3	fcvt.wu.s	x1,f18	 f18:0x00000000  x1=0x00000000
     143215.000 ns	     14320	800032f0	01747ed3	fadd.s	f29,f8,f23	  f8:0x41a00000 f23:0x00000000 f29=0x41a00000
     143235.000 ns	     14322	800032f4	00b33033	sltu	x0,x6,x11	  x6:0x00000001 x11:0x00000000
     143255.000 ns	     14324	800032f8	0223fcb3	remu	x25,x7,x2	  x7:0x00000000  x2:0x00000000 x25=0x00000000
     143285.000 ns	     14327	800032fc	287e8ed3	fmin.s	f29,f29,f7	 f29:0x41a00000  f7:0xccca1aa2 f29=0xccca1aa2
     143335.000 ns	     14332	80003300	00e27553	fadd.s	f10,f4,f14	  f4:0x80000000 f14:0x4dc00000 f10=0x4dc00000
     143355.000 ns	     14334	80003304	01067333	and	x6,x12,x16	 x12:0x00000000 x16:0x80040fe4  x6=0x00000000
     143375.000 ns	     14336	80003308	e0089ad3	fclass.s	x21,f17	 f17:0x80000000 x21=0x00000008
     143395.000 ns	     14338	8000330c	6777b513	sltiu	x10,x15,1655	 x15:0xdd9ef755 x10=0x00000000
     143405.000 ns	     14339	80003310	d1072a93	slti	x21,x14,-752	 x14:0x00000000 x21=0x00000000
     143425.000 ns	     14341	80003314	20b42fd3	fsgnjx.s	f31,f8,f11	  f8:0x41a00000 f11:0x7f800000 f31=0x41a00000
     143475.000 ns	     14346	80003318	01d17653	fadd.s	f12,f2,f29	  f2:0x00000000 f29:0xccca1aa2 f12=0xccca1aa2
     143505.000 ns	     14349	8000331c	02dbf1b3	remu	x3,x23,x13	 x23:0x44c44000 x13:0x00000000  x3=0x44c44000
     143525.000 ns	     14351	80003320	849fa597	auipc	x11,0x849fa	 x11=0x049fd320
     143545.000 ns	     14353	80003324	0315d3b3	divu	x7,x11,x17	 x11:0x00000000 x17:0x00000000  x7=0xffffffff
     143575.000 ns	     14356	80003328	c0122a53	fcvt.wu.s	x20,f4	  f4:0x80000000 x20=0x00000000
     143605.000 ns	     14359	8000332c	210da8d3	fsgnjx.s	f17,f27,f16	 f27:0x00000000 f16:0xffc00000 f17=0x80000000
     143635.000 ns	     14362	80003330	02164933	div	x18,x12,x1	 x12:0x00000000  x1:0x00000000 x18=0xffffffff
     143655.000 ns	     14364	80003334	00000013	addi	x0,x0,0	  x0:0x00000000
     143665.000 ns	     14365	80003338	c5b3b6b7	lui	x13,0xc5b3b	 x13=0xc5b3b000
     143675.000 ns	     14366	8000333c	0004f133	and	x2,x9,x0	  x9:0x0000070b  x0:0x00000000  x2=0x00000000
     144035.000 ns	     14402	80003340	03c95bb3	divu	x23,x18,x28	 x18:0xffffffff x28:0x44c44000 x23=0x00000003
     144065.000 ns	     14405	80003344	03e5afb3	mulhsu	x31,x11,x30	 x11:0x049fd320 x30:0x00000040 x31=0x00000001
     144085.000 ns	     14407	80003348	b24cfc13	andi	x24,x25,-1244	 x25:0x00000000 x24=0x00000000
     144125.000 ns	     14411	8000334c	015d7753	fadd.s	f14,f26,f21	 f26:0x4dc00000 f21:0x7f800000 f14=0x7f800000
     144145.000 ns	     14413	80003350	41550133	sub	x2,x10,x21	 x10:0x00000000 x21:0x00000000  x2=0x00000000
     144185.000 ns	     14417	80003354	09197e53	fsub.s	f28,f18,f17	 f18:0x00000000 f17:0x80000000 f28=0x00000000
     144205.000 ns	     14419	80003358	41350633	sub	x12,x10,x19	 x10:0x00000000 x19:0x00000000 x12=0x00000000
     144245.000 ns	     14423	8000335c	099416d3	fsub.s	f13,f8,f25	  f8:0x41a00000 f25:0x00000000 f13=0x41a00000
     144265.000 ns	     14425	80003360	006bb1b3	sltu	x3,x23,x6	 x23:0x00000003  x6:0x00000000  x3=0x00000000
     144275.000 ns	     14426	80003364	01e3ff33	and	x30,x7,x30	  x7:0xffffffff x30:0x00000040 x30=0x00000040
     144295.000 ns	     14428	80003368	03d320b3	mulhsu	x1,x6,x29	  x6:0x00000000 x29:0x00000000  x1=0x00000000
     144325.000 ns	     14431	8000336c	21bba5d3	fsgnjx.s	f11,f23,f27	 f23:0x00000000 f27:0x00000000 f11=0x00000000
     144355.000 ns	     14434	80003370	f0070e53	fmv.w.x	f28,x14	 x14:0x00000000 f28=0x00000000
     144725.000 ns	     14471	80003374	025fe5b3	rem	x11,x31,x5	 x31:0x00000001  x5:0x80041024 x11=0x00000001
     144755.000 ns	     14474	80003378	031ce3b3	rem	x7,x25,x17	 x25:0x00000000 x17:0x00000000  x7=0x00000000
     144775.000 ns	     14476	8000337c	00a48b33	add	x22,x9,x10	  x9:0x0000070b x10:0x00000000 x22=0x0000070b
     144815.000 ns	     14480	80003380	017f0f53	fadd.s	f30,f30,f23	 f30:0x4f1878c0 f23:0x00000000 f30=0x4f1878c0
     144835.000 ns	     14482	80003384	4046d5b3	sra	x11,x13,x4	 x13:0xc5b3b000  x4:0x00000000 x11=0xc5b3b000
     144845.000 ns	     14483	80003388	00d32d33	slt	x26,x6,x13	  x6:0x00000000 x13:0xc5b3b000 x26=0x00000000
     144885.000 ns	     14487	8000338c	0953f6d3	fsub.s	f13,f7,f21	  f7:0xccca1aa2 f21:0x7f800000 f13=0xff800000
     146065.000 ns	     14605	80003390	580ff253	fsqrt.s	f4,f31	 f31:0x41a00000  f4=0x408f1b8f
     146095.000 ns	     14608	80003394	020a4333	div	x6,x20,x0	 x20:0x00000000  x0:0x00000000  x6=0xffffffff
     146125.000 ns	     14611	80003398	f00e8953	fmv.w.x	f18,x29	 x29:0x00000000 f18=0x00000000
     146155.000 ns	     14614	8000339c	e00193d3	fclass.s	x7,f3	  f3:0x7fc00000  x7=0x00000200
     146185.000 ns	     14617	800033a0	0313cfb3	div	x31,x7,x17	  x7:0x00000000 x17:0x00000000 x31=0xffffffff
     146215.000 ns	     14620	800033a4	e00f0f53	fmv.x.w	x30,f30	 f30:0x4f1878c0 x30=0x4f1878c0
     146245.000 ns	     14623	800033a8	21d38c53	fsgnj.s	f24,f7,f29	  f7:0xccca1aa2 f29:0xccca1aa2 f24=0xccca1aa2
     146275.000 ns	     14626	800033ac	a1e62bd3	feq.s	x23,f12,f30	 f12:0xccca1aa2 f30:0x4f1878c0 x23=0x00000000
     146295.000 ns	     14628	800033b0	82a8d697	auipc	x13,0x82a8d	 x13=0x02a903b0
     146315.000 ns	     14630	800033b4	29ab04d3	fmin.s	f9,f22,f26	 f22:0x4ec15460 f26:0x4dc00000  f9=0x4dc00000
     146355.000 ns	     14634	800033b8	1998f253	fdiv.s	f4,f17,f25	 f17:0x80000000 f25:0x00000000  f4=0x7fc00000
     146375.000 ns	     14636	800033bc	00751693	slli	x13,x10,0x7	 x10:0x00000000 x13=0x00000000
     146385.000 ns	     14637	800033c0	82616c97	auipc	x25,0x82616	 x25=0x026193c0
     146395.000 ns	     14638	800033c4	01763633	sltu	x12,x12,x23	 x12:0x00000000 x23:0x00000000 x12=0x00000000
     146405.000 ns	     14639	800033c8	00e21313	slli	x6,x4,0xe	  x4:0x00000000  x6=0x00000000
     146425.000 ns	     14641	800033cc	c004fc53	fcvt.w.s	x24,f9	  f9:0x4dc00000 x24=0x18000000
     146445.000 ns	     14643	800033d0	5e0c7613	andi	x12,x24,1504	 x24:0x00000000 x12=0x00000000
     146465.000 ns	     14645	800033d4	03e89d33	mulh	x26,x17,x30	 x17:0x00000000 x30:0x4f1878c0 x26=0x00000000
     146485.000 ns	     14647	800033d8	00b6d6b3	srl	x13,x13,x11	 x13:0x00000000 x11:0xc5b3b000 x13=0x00000000
     146495.000 ns	     14648	800033dc	00a11c13	slli	x24,x2,0xa	  x2:0x00000000 x24=0x00000000
     146515.000 ns	     14650	800033e0	a1bd1153	flt.s	x2,f26,f27	 f26:0x4dc00000 f27:0x00000000  x2=0x00000000
     146545.000 ns	     14653	800033e4	20b723d3	fsgnjx.s	f7,f14,f11	 f14:0x7f800000 f11:0x00000000  f7=0x7f800000
     146575.000 ns	     14656	800033e8	02cd6ab3	rem	x21,x26,x12	 x26:0x00000000 x12:0x00000000 x21=0x00000000
     146595.000 ns	     14658	800033ec	00d4f4b3	and	x9,x9,x13	  x9:0x0000070b x13:0x00000000  x9=0x00000000
     146615.000 ns	     14660	800033f0	0395bfb3	mulhu	x31,x11,x25	 x11:0xc5b3b000 x25:0x026193c0 x31=0x01d6c290
     146635.000 ns	     14662	800033f4	0199f4b3	and	x9,x19,x25	 x19:0x00000000 x25:0x026193c0  x9=0x00000000
     146645.000 ns	     14663	800033f8	98c87b93	andi	x23,x16,-1652	 x16:0x80040fe4 x23=0x80040984
     146665.000 ns	     14665	800033fc	21faa0d3	fsgnjx.s	f1,f21,f31	 f21:0x7f800000 f31:0x41a00000  f1=0x7f800000
     146695.000 ns	     14668	80003400	021e2933	mulhsu	x18,x28,x1	 x28:0x44c44000  x1:0x00000000 x18=0x00000000
     146715.000 ns	     14670	80003404	01008733	add	x14,x1,x16	  x1:0x00000000 x16:0x80040fe4 x14=0x80040fe4
     147075.000 ns	     14706	80003408	037c64b3	rem	x9,x24,x23	 x24:0x00000000 x23:0x80040984  x9=0x00000000
     147095.000 ns	     14708	8000340c	00cc9fb3	sll	x31,x25,x12	 x25:0x026193c0 x12:0x00000000 x31=0x026193c0
     147135.000 ns	     14712	80003410	01d37853	fadd.s	f16,f6,f29	  f6:0x44c44000 f29:0xccca1aa2 f16=0xccca19dd
     147155.000 ns	     14714	80003414	40df5ab3	sra	x21,x30,x13	 x30:0x4f1878c0 x13:0x00000000 x21=0x4f1878c0
     147515.000 ns	     14750	80003418	02f74a33	div	x20,x14,x15	 x14:0x80040fe4 x15:0xdd9ef755 x20=0x00000003
     147535.000 ns	     14752	8000341c	0b8ea237	lui	x4,0xb8ea	  x4=0x0b8ea000
     147545.000 ns	     14753	80003420	71ea6913	ori	x18,x20,1822	 x20:0x00000003 x18=0x0000071f
     147555.000 ns	     14754	80003424	01d0f0b3	and	x1,x1,x29	  x1:0x00000000 x29:0x00000000  x1=0x00000000
     147575.000 ns	     14756	80003428	20662ad3	fsgnjx.s	f21,f12,f6	 f12:0xccca1aa2  f6:0x44c44000 f21=0xccca1aa2
     147595.000 ns	     14758	8000342c	006fd9b3	srl	x19,x31,x6	 x31:0x026193c0  x6:0x00000000 x19=0x026193c0
     147605.000 ns	     14759	80003430	006db7b3	sltu	x15,x27,x6	 x27:0xf9af2af0  x6:0x00000000 x15=0x00000000
     147615.000 ns	     14760	80003434	01f55eb3	srl	x29,x10,x31	 x10:0x00000000 x31:0x026193c0 x29=0x00000000
     147635.000 ns	     14762	80003438	20a6aad3	fsgnjx.s	f21,f13,f10	 f13:0xff800000 f10:0x4dc00000 f21=0xff800000
     147675.000 ns	     14766	8000343c	19198c53	fdiv.s	f24,f19,f17	 f19:0x4eee5400 f17:0x80000000 f24=0xff800000
     147705.000 ns	     14769	80003440	02986233	rem	x4,x16,x9	 x16:0x80040fe4  x9:0x00000000  x4=0x80040fe4
     147755.000 ns	     14774	80003444	09e0f1d3	fsub.s	f3,f1,f30	  f1:0x7f800000 f30:0x4f1878c0  f3=0x7f800000
     147775.000 ns	     14776	80003448	000dd033	srl	x0,x27,x0	 x27:0xf9af2af0  x0:0x00000000
     147795.000 ns	     14778	8000344c	03478a33	mul	x20,x15,x20	 x15:0x00000000 x20:0x00000003 x20=0x00000000
     147825.000 ns	     14781	80003450	02f230b3	mulhu	x1,x4,x15	  x4:0x80040fe4 x15:0x00000000  x1=0x00000000
     147845.000 ns	     14783	80003454	4086dcb3	sra	x25,x13,x8	 x13:0x00000000  x8:0x00000000 x25=0x00000000
     147865.000 ns	     14785	80003458	03e91f33	mulh	x30,x18,x30	 x18:0x0000071f x30:0x4f1878c0 x30=0x00000233
     147885.000 ns	     14787	8000345c	7c928b93	addi	x23,x5,1993	  x5:0x80041024 x23=0x800417ed
     147895.000 ns	     14788	80003460	3999e597	auipc	x11,0x3999e	 x11=0xb99a1460
     147905.000 ns	     14789	80003464	ee0d6d37	lui	x26,0xee0d6	 x26=0xee0d6000
     147915.000 ns	     14790	80003468	41a15e13	srai	x28,x2,0x1a	  x2:0x00000000 x28=0x00000000
     147925.000 ns	     14791	8000346c	7a87f893	andi	x17,x15,1960	 x15:0x00000000 x17=0x00000000
     147935.000 ns	     14792	80003470	017f43b3	xor	x7,x30,x23	 x30:0x00000233 x23:0x800417ed  x7=0x800415de
     147975.000 ns	     14796	80003474	01527553	fadd.s	f10,f4,f21	  f4:0x7fc00000 f21:0xff800000 f10=0x7fc00000
     148005.000 ns	     14799	80003478	e00191d3	fclass.s	x3,f3	  f3:0x7f800000  x3=0x00000080
     148035.000 ns	     14802	8000347c	e00b1e53	fclass.s	x28,f22	 f22:0x4ec15460 x28=0x00000040
     148055.000 ns	     14804	80003480	48794093	xori	x1,x18,1159	 x18:0x0000071f  x1=0x00000398
     148065.000 ns	     14805	80003484	5e398e93	addi	x29,x19,1507	 x19:0x026193c0 x29=0x026199a3
     148085.000 ns	     14807	80003488	02c9e533	rem	x10,x19,x12	 x19:0x026193c0 x12:0x00000000 x10=0x026193c0
     148105.000 ns	     14809	8000348c	00b7db13	srli	x22,x15,0xb	 x15:0x00000000 x22=0x00000000
     148115.000 ns	     14810	80003490	16572393	slti	x7,x14,357	 x14:0x80040fe4  x7=0x00000001
     148135.000 ns	     14812	80003494	e00004d3	fmv.x.w	x9,f0	  f0:0x80000000  x9=0x80000000
     148155.000 ns	     14814	80003498	01f77633	and	x12,x14,x31	 x14:0x80040fe4 x31:0x026193c0 x12=0x000003c0
     148175.000 ns	     14816	8000349c	03b3bd33	mulhu	x26,x7,x27	  x7:0x00000001 x27:0xf9af2af0 x26=0x00000000
     148205.000 ns	     14819	800034a0	d00efa53	fcvt.s.w	f20,x29	 x29:0x026199a3 f20=0x4c186668
     148255.000 ns	     14824	800034a4	095baa53	fsub.s	f20,f23,f21	 f23:0x00000000 f21:0xff800000 f20=0x7f800000
     148285.000 ns	     14827	800034a8	02f32633	mulhsu	x12,x6,x15	  x6:0x00000000 x15:0x00000000 x12=0x00000000
     148315.000 ns	     14830	800034ac	a0c52153	feq.s	x2,f10,f12	 f10:0x7fc00000 f12:0xccca1aa2  x2=0x00000000
     148335.000 ns	     14832	800034b0	4d280137	lui	x2,0x4d280	  x2=0x4d280000
     148355.000 ns	     14834	800034b4	a1231c53	flt.s	x24,f6,f18	  f6:0x44c44000 f18:0x00000000 x24=0x00000000
     148385.000 ns	     14837	800034b8	02433eb3	mulhu	x29,x6,x4	  x6:0x00000000  x4:0x80040fe4 x29=0x00000000
     148405.000 ns	     14839	800034bc	d018b413	sltiu	x8,x17,-767	 x17:0x00000000  x8=0x00000001
     148415.000 ns	     14840	800034c0	00b0e733	or	x14,x1,x11	  x1:0x00000398 x11:0xb99a1460 x14=0xb99a17f8
     148425.000 ns	     14841	800034c4	009e3fb3	sltu	x31,x28,x9	 x28:0x00000040  x9:0x80000000 x31=0x00000001
     148435.000 ns	     14842	800034c8	110fb093	sltiu	x1,x31,272	 x31:0x026193c0  x1=0x00000001
     148445.000 ns	     14843	800034cc	009bc633	xor	x12,x23,x9	 x23:0x800417ed  x9:0x80000000 x12=0x000417ed
     148455.000 ns	     14844	800034d0	dbec8a93	addi	x21,x25,-578	 x25:0x00000000 x21=0xfffffdbe
     148465.000 ns	     14845	800034d4	37ff3793	sltiu	x15,x30,895	 x30:0x00000233 x15=0x00000001
     148485.000 ns	     14847	800034d8	03318433	mul	x8,x3,x19	  x3:0x00000080 x19:0x026193c0  x8=0x30c9e000
     148505.000 ns	     14849	800034dc	010bba33	sltu	x20,x23,x16	 x23:0x800417ed x16:0x80040fe4 x20=0x00000000
     148515.000 ns	     14850	800034e0	41375393	srai	x7,x14,0x13	 x14:0xb99a17f8  x7=0xfffff733
     148525.000 ns	     14851	800034e4	009cd093	srli	x1,x25,0x9	 x25:0x00000000  x1=0x00000000
     148555.000 ns	     14854	800034e8	580cc8d3	fsqrt.s	f17,f25	 f25:0x00000000 f17=0x00000000
     148585.000 ns	     14857	800034ec	02032ab3	mulhsu	x21,x6,x0	  x6:0x00000000  x0:0x00000000 x21=0x00000000
     148615.000 ns	     14860	800034f0	e00311d3	fclass.s	x3,f6	  f6:0x44c44000  x3=0x00000040
     148645.000 ns	     14863	800034f4	20bc1753	fsgnjn.s	f14,f24,f11	 f24:0xff800000 f11:0x00000000 f14=0xff800000
     148675.000 ns	     14866	800034f8	f0050b53	fmv.w.x	f22,x10	 x10:0x026193c0 f22=0x026193c0
     148705.000 ns	     14869	800034fc	d00ac553	fcvt.s.w	f10,x21	 x21:0x00000000 f10=0x00000000
     148735.000 ns	     14872	80003500	033e8233	mul	x4,x29,x19	 x29:0x00000000 x19:0x026193c0  x4=0x00000000
     148755.000 ns	     14874	80003504	cbfc1717	auipc	x14,0xcbfc1	 x14=0x4bfc4504
     148775.000 ns	     14876	80003508	03301933	mulh	x18,x0,x19	  x0:0x00000000 x19:0x026193c0 x18=0x00000000
     148795.000 ns	     14878	8000350c	019ff3b3	and	x7,x31,x25	 x31:0x00000001 x25:0x00000000  x7=0x00000000
     148815.000 ns	     14880	80003510	d01bf153	fcvt.s.wu	f2,x23	 x23:0x800417ed  f2=0x4f000417
     148845.000 ns	     14883	80003514	c0121c53	fcvt.wu.s	x24,f4	  f4:0x7fc00000 x24=0xffffffff
     148875.000 ns	     14886	80003518	d0090353	fcvt.s.w	f6,x18	 x18:0x00000000  f6=0x00000000
     148905.000 ns	     14889	8000351c	c0097ed3	fcvt.w.s	x29,f18	 f18:0x00000000 x29=0x00000000
     148935.000 ns	     14892	80003520	21ab02d3	fsgnj.s	f5,f22,f26	 f22:0x026193c0 f26:0x4dc00000  f5=0x026193c0
     148965.000 ns	     14895	80003524	d0098453	fcvt.s.w	f8,x19	 x19:0x026193c0  f8=0x4c1864f0
     148985.000 ns	     14897	80003528	00edda13	srli	x20,x27,0xe	 x27:0xf9af2af0 x20=0x0003e6bc
     148995.000 ns	     14898	8000352c	81c0b113	sltiu	x2,x1,-2020	  x1:0x00000000  x2=0x00000001
     149005.000 ns	     14899	80003530	4027d6b3	sra	x13,x15,x2	 x15:0x00000001  x2:0x4d280000 x13=0x00000000
     149015.000 ns	     14900	80003534	4f38ca93	xori	x21,x17,1267	 x17:0x00000000 x21=0x000004f3
     149035.000 ns	     14902	80003538	032a1233	mulh	x4,x20,x18	 x20:0x0003e6bc x18:0x00000000  x4=0x00000000
     149065.000 ns	     14905	8000353c	c01220d3	fcvt.wu.s	x1,f4	  f4:0x7fc00000  x1=0xffffffff
     149095.000 ns	     14908	80003540	d01da3d3	fcvt.s.wu	f7,x27	 x27:0xf9af2af0  f7=0x4f79af2b
     149125.000 ns	     14911	80003544	a1649bd3	flt.s	x23,f9,f22	  f9:0x4dc00000 f22:0x026193c0 x23=0x00000000
     149145.000 ns	     14913	80003548	00c05b13	srli	x22,x0,0xc	  x0:0x00000000 x22=0x00000000
     149185.000 ns	     14917	8000354c	00091953	fadd.s	f18,f18,f0	 f18:0x00000000  f0:0x80000000 f18=0x80000000
     149205.000 ns	     14919	80003550	13293c13	sltiu	x24,x18,306	 x18:0x00000000 x24=0x00000001
     149215.000 ns	     14920	80003554	3edb8913	addi	x18,x23,1005	 x23:0x00000000 x18=0x000003ed
     149225.000 ns	     14921	80003558	00a611b3	sll	x3,x12,x10	 x12:0x000417ed x10:0x026193c0  x3=0x000417ed
     149235.000 ns	     14922	8000355c	00495e93	srli	x29,x18,0x4	 x18:0x00000000 x29=0x0000003e
     149245.000 ns	     14923	80003560	01beaa33	slt	x20,x29,x27	 x29:0x00000000 x27:0xf9af2af0 x20=0x00000000
     149255.000 ns	     14924	80003564	40915493	srai	x9,x2,0x9	  x2:0x00000001  x9=0x00000000
     149265.000 ns	     14925	80003568	00000013	addi	x0,x0,0	  x0:0x00000000
     149285.000 ns	     14927	8000356c	02dbfcb3	remu	x25,x23,x13	 x23:0x00000000 x13:0x00000000 x25=0x00000000
     149315.000 ns	     14930	80003570	c0040153	fcvt.w.s	x2,f8	  f8:0x4c1864f0  x2=0x026193c0
     149345.000 ns	     14933	80003574	21f38353	fsgnj.s	f6,f7,f31	  f7:0x4f79af2b f31:0x41a00000  f6=0x4f79af2b
     149395.000 ns	     14938	80003578	01612853	fadd.s	f16,f2,f22	  f2:0x4f000417 f22:0x026193c0 f16=0x4f000417
     149765.000 ns	     14975	8000357c	02c1c5b3	div	x11,x3,x12	  x3:0x000417ed x12:0x000417ed x11=0x00000001
     149815.000 ns	     14980	80003580	09cd2153	fsub.s	f2,f26,f28	 f26:0x4dc00000 f28:0x00000000  f2=0x4dc00000
     149845.000 ns	     14983	80003584	a1f507d3	fle.s	x15,f10,f31	 f10:0x00000000 f31:0x41a00000 x15=0x00000001
     149875.000 ns	     14986	80003588	21af29d3	fsgnjx.s	f19,f30,f26	 f30:0x4f1878c0 f26:0x4dc00000 f19=0x4f1878c0
     150245.000 ns	     15023	8000358c	02b4e5b3	rem	x11,x9,x11	  x9:0x00000000 x11:0x00000001 x11=0x00000000
     150265.000 ns	     15025	80003590	76253217	auipc	x4,0x76253	  x4=0xf6256590
     150275.000 ns	     15026	80003594	018b9013	slli	x0,x23,0x18	 x23:0x00000000
     150295.000 ns	     15028	80003598	03562fb3	mulhsu	x31,x12,x21	 x12:0x000417ed x21:0x000004f3 x31=0x00000000
     150325.000 ns	     15031	8000359c	e0041053	fclass.s	x0,f8	  f8:0x4c1864f0
     150355.000 ns	     15034	800035a0	c0177453	fcvt.wu.s	x8,f14	 f14:0xff800000  x8=0x00000000
     150385.000 ns	     15037	800035a4	a0ee23d3	feq.s	x7,f28,f14	 f28:0x00000000 f14:0xff800000  x7=0x00000000
     150755.000 ns	     15074	800035a8	02a8d033	divu	x0,x17,x10	 x17:0x00000000 x10:0x026193c0
     150775.000 ns	     15076	800035ac	00341c13	slli	x24,x8,0x3	  x8:0x00000000 x24=0x00000000
     150795.000 ns	     15078	800035b0	212bacd3	fsgnjx.s	f25,f23,f18	 f23:0x00000000 f18:0x80000000 f25=0x80000000
     150835.000 ns	     15082	800035b4	580638d3	fsqrt.s	f17,f12	 f12:0xccca1aa2 f17=0x7fc00000
     150865.000 ns	     15085	800035b8	028579b3	remu	x19,x10,x8	 x10:0x026193c0  x8:0x00000000 x19=0x026193c0
     150885.000 ns	     15087	800035bc	0054cf33	xor	x30,x9,x5	  x9:0x00000000  x5:0x80041024 x30=0x80041024
     150895.000 ns	     15088	800035c0	01e83633	sltu	x12,x16,x30	 x16:0x80040fe4 x30:0x00000233 x12=0x00000001
     150905.000 ns	     15089	800035c4	8916e137	lui	x2,0x8916e	  x2=0x8916e000
     150925.000 ns	     15091	800035c8	d0011853	fcvt.s.w	f16,x2	  x2:0x026193c0 f16=0xceedd240
     150955.000 ns	     15094	800035cc	a1ea9053	flt.s	x0,f21,f30	 f21:0xff800000 f30:0x4f1878c0
     150985.000 ns	     15097	800035d0	d014a1d3	fcvt.s.wu	f3,x9	  x9:0x00000000  f3=0x00000000
     151015.000 ns	     15100	800035d4	03941d33	mulh	x26,x8,x25	  x8:0x00000000 x25:0x00000000 x26=0x00000000
     151035.000 ns	     15102	800035d8	4160d1b3	sra	x3,x1,x22	  x1:0xffffffff x22:0x00000000  x3=0xffffffff
     151055.000 ns	     15104	800035dc	e00a1953	fclass.s	x18,f20	 f20:0x7f800000 x18=0x00000080
     151075.000 ns	     15106	800035e0	77de8b13	addi	x22,x29,1917	 x29:0x0000003e x22=0x000007bb
     151095.000 ns	     15108	800035e4	203c8353	fsgnj.s	f6,f25,f3	 f25:0x80000000  f3:0x00000000  f6=0x00000000
     151125.000 ns	     15111	800035e8	289314d3	fmax.s	f9,f6,f9	  f6:0x4f79af2b  f9:0x4dc00000  f9=0x4dc00000
     151165.000 ns	     15115	800035ec	580af0d3	fsqrt.s	f1,f21	 f21:0xff800000  f1=0x7fc00000
     151185.000 ns	     15117	800035f0	00a6acb3	slt	x25,x13,x10	 x13:0x00000000 x10:0x026193c0 x25=0x00000001
     151195.000 ns	     15118	800035f4	78e7eb93	ori	x23,x15,1934	 x15:0x00000001 x23=0x0000078f
     151215.000 ns	     15120	800035f8	03bbb9b3	mulhu	x19,x23,x27	 x23:0x00000000 x27:0xf9af2af0 x19=0x0000075f
     151265.000 ns	     15125	800035fc	0045f5d3	fadd.s	f11,f11,f4	 f11:0x00000000  f4:0x7fc00000 f11=0x7fc00000
     151295.000 ns	     15128	80003600	03ddb333	mulhu	x6,x27,x29	 x27:0xf9af2af0 x29:0x0000003e  x6=0x0000003c
     151315.000 ns	     15130	80003604	007d7533	and	x10,x26,x7	 x26:0x00000000  x7:0x00000000 x10=0x00000000
     151345.000 ns	     15133	80003608	10bbfcd3	fmul.s	f25,f23,f11	 f23:0x00000000 f11:0x7fc00000 f25=0x7fc00000
     151375.000 ns	     15136	8000360c	a1ffa453	feq.s	x8,f31,f31	 f31:0x41a00000 f31:0x41a00000  x8=0x00000001
     151395.000 ns	     15138	80003610	017ae633	or	x12,x21,x23	 x21:0x000004f3 x23:0x0000078f x12=0x000007ff
     151415.000 ns	     15140	80003614	034dafb3	mulhsu	x31,x27,x20	 x27:0xf9af2af0 x20:0x00000000 x31=0x00000000
     151435.000 ns	     15142	80003618	2aa6a997	auipc	x19,0x2aa6a	 x19=0xaaa6d618
     151445.000 ns	     15143	8000361c	00000013	addi	x0,x0,0	  x0:0x00000000
     151465.000 ns	     15145	80003620	0394b7b3	mulhu	x15,x9,x25	  x9:0x00000000 x25:0x00000001 x15=0x00000000
     151495.000 ns	     15148	80003624	a18d24d3	feq.s	x9,f26,f24	 f26:0x4dc00000 f24:0xff800000  x9=0x00000000
     151515.000 ns	     15150	80003628	01b16b33	or	x22,x2,x27	  x2:0x8916e000 x27:0xf9af2af0 x22=0xf9bfeaf0
     151535.000 ns	     15152	8000362c	29719b53	fmax.s	f22,f3,f23	  f3:0x00000000 f23:0x00000000 f22=0x00000000
     151555.000 ns	     15154	80003630	afbebe93	sltiu	x29,x29,-1285	 x29:0x0000003e x29=0x00000001
     151565.000 ns	     15155	80003634	f3026893	ori	x17,x4,-208	  x4:0xf6256590 x17=0xffffffb0
     151575.000 ns	     15156	80003638	01676633	or	x12,x14,x22	 x14:0x4bfc4504 x22:0xf9bfeaf0 x12=0xfbffeff4
     151595.000 ns	     15158	8000363c	a15ca553	feq.s	x10,f25,f21	 f25:0x7fc00000 f21:0xff800000 x10=0x00000000
     151635.000 ns	     15162	80003640	180f3853	fdiv.s	f16,f30,f0	 f30:0x4f1878c0  f0:0x80000000 f16=0xff800000
     151685.000 ns	     15167	80003644	00eaf7d3	fadd.s	f15,f21,f14	 f21:0xff800000 f14:0xff800000 f15=0x80000000
     152055.000 ns	     15204	80003648	028fe4b3	rem	x9,x31,x8	 x31:0x00000000  x8:0x00000001  x9=0x00000000
     152425.000 ns	     15241	8000364c	0327f933	remu	x18,x15,x18	 x15:0x00000000 x18:0x00000080 x18=0x00000000
     152455.000 ns	     15244	80003650	e0001953	fclass.s	x18,f0	  f0:0x80000000 x18=0x00000008
     152485.000 ns	     15247	80003654	d0042053	fcvt.s.w	f0,x8	  x8:0x00000001  f0=0x3f800000
     152505.000 ns	     15249	80003658	014d5613	srli	x12,x26,0x14	 x26:0x00000000 x12=0x00000000
     152545.000 ns	     15253	8000365c	01c9c553	fadd.s	f10,f19,f28	 f19:0x4f1878c0 f28:0x00000000 f10=0x4f1878c0
     152565.000 ns	     15255	80003660	2c923613	sltiu	x12,x4,713	  x4:0xf6256590 x12=0x00000000
     152595.000 ns	     15258	80003664	1092b4d3	fmul.s	f9,f5,f9	  f5:0x026193c0  f9:0x4dc00000  f9=0x10a92ed0
     152615.000 ns	     15260	80003668	0158c3b3	xor	x7,x17,x21	 x17:0xffffffb0 x21:0x000004f3  x7=0xfffffb43
     152625.000 ns	     15261	8000366c	3ac60613	addi	x12,x12,940	 x12:0x00000000 x12=0x000003ac
     152635.000 ns	     15262	80003670	b380ff97	auipc	x31,0xb380f	 x31=0x33812670
     152655.000 ns	     15264	80003674	296a98d3	fmax.s	f17,f21,f22	 f21:0xff800000 f22:0x00000000 f17=0x00000000
     152685.000 ns	     15267	80003678	c0103bd3	fcvt.wu.s	x23,f0	  f0:0x3f800000 x23=0x00000001
     152705.000 ns	     15269	8000367c	299fc013	xori	x0,x31,665	 x31:0x33812670
     153065.000 ns	     15305	80003680	037869b3	rem	x19,x16,x23	 x16:0x80040fe4 x23:0x00000001 x19=0x00000000
     153085.000 ns	     15307	80003684	54e0b013	sltiu	x0,x1,1358	  x1:0xffffffff
     153095.000 ns	     15308	80003688	5b723513	sltiu	x10,x4,1463	  x4:0xf6256590 x10=0x00000000
     153115.000 ns	     15310	8000368c	03231433	mulh	x8,x6,x18	  x6:0x0000003c x18:0x00000008  x8=0x00000000
     153135.000 ns	     15312	80003690	01ae5933	srl	x18,x28,x26	 x28:0x00000040 x26:0x00000000 x18=0x00000040
     153155.000 ns	     15314	80003694	031589b3	mul	x19,x11,x17	 x11:0x00000000 x17:0xffffffb0 x19=0x00000000
     153195.000 ns	     15318	80003698	1920fc53	fdiv.s	f24,f1,f18	  f1:0x7fc00000 f18:0x80000000 f24=0x7fc00000
     153215.000 ns	     15320	8000369c	41e6d733	sra	x14,x13,x30	 x13:0x00000000 x30:0x80041024 x14=0x00000000
     153225.000 ns	     15321	800036a0	00d1d933	srl	x18,x3,x13	  x3:0xffffffff x13:0x00000000 x18=0xffffffff
     153245.000 ns	     15323	800036a4	a0ed8553	fle.s	x10,f27,f14	 f27:0x00000000 f14:0xff800000 x10=0x00000000
     153275.000 ns	     15326	800036a8	d00a7bd3	fcvt.s.w	f23,x20	 x20:0x00000000 f23=0x00000000
     153295.000 ns	     15328	800036ac	00965c33	srl	x24,x12,x9	 x12:0x000003ac  x9:0x00000000 x24=0x000003ac
     153305.000 ns	     15329	800036b0	0083bfb3	sltu	x31,x7,x8	  x7:0xfffffb43  x8:0x00000000 x31=0x00000000
     153665.000 ns	     15365	800036b4	0303e333	rem	x6,x7,x16	  x7:0xfffffb43 x16:0x80040fe4  x6=0xfffffb43
     153695.000 ns	     15368	800036b8	039e1633	mulh	x12,x28,x25	 x28:0x00000040 x25:0x00000001 x12=0x00000000
     153735.000 ns	     15372	800036bc	18b97fd3	fdiv.s	f31,f18,f11	 f18:0x80000000 f11:0x7fc00000 f31=0x7fc00000
     153755.000 ns	     15374	800036c0	d455ce93	xori	x29,x11,-699	 x11:0x00000000 x29=0xfffffd45
     153765.000 ns	     15375	800036c4	007cd433	srl	x8,x25,x7	 x25:0x00000001  x7:0xfffffb43  x8=0x00000000
     153775.000 ns	     15376	800036c8	83457013	andi	x0,x10,-1996	 x10:0x00000000
     153785.000 ns	     15377	800036cc	0ddbaa93	slti	x21,x23,221	 x23:0x00000001 x21=0x00000001
     153795.000 ns	     15378	800036d0	55e125b7	lui	x11,0x55e12	 x11=0x55e12000
     153815.000 ns	     15380	800036d4	a16286d3	fle.s	x13,f5,f22	  f5:0x026193c0 f22:0x00000000 x13=0x00000000
     153845.000 ns	     15383	800036d8	d01c0fd3	fcvt.s.wu	f31,x24	 x24:0x000003ac f31=0x446b0000
     154215.000 ns	     15420	800036dc	03156bb3	rem	x23,x10,x17	 x10:0x00000000 x17:0xffffffb0 x23=0x00000000
     154245.000 ns	     15423	800036e0	d0017b53	fcvt.s.w	f22,x2	  x2:0x8916e000 f22=0xceedd240
     154275.000 ns	     15426	800036e4	a140a5d3	feq.s	x11,f1,f20	  f1:0x7fc00000 f20:0x7f800000 x11=0x00000000
     154295.000 ns	     15428	800036e8	01374e33	xor	x28,x14,x19	 x14:0x00000000 x19:0x00000000 x28=0x00000000
     154315.000 ns	     15430	800036ec	f0038353	fmv.w.x	f6,x7	  x7:0xfffffb43  f6=0xfffffb43
     154685.000 ns	     15467	800036f0	03587933	remu	x18,x16,x21	 x16:0x80040fe4 x21:0x00000001 x18=0x00000000
     154725.000 ns	     15471	800036f4	19fafcd3	fdiv.s	f25,f21,f31	 f21:0xff800000 f31:0x446b0000 f25=0xff800000
     154745.000 ns	     15473	800036f8	7593c617	auipc	x12,0x7593c	 x12=0xf593f6f8
     154765.000 ns	     15475	800036fc	03b20a33	mul	x20,x4,x27	  x4:0xf6256590 x27:0xf9af2af0 x20=0x6328d700
     154795.000 ns	     15478	80003700	c0082fd3	fcvt.w.s	x31,f16	 f16:0xff800000 x31=0x80000000
     154815.000 ns	     15480	80003704	00753f33	sltu	x30,x10,x7	 x10:0x00000000  x7:0xfffffb43 x30=0x00000001
     154825.000 ns	     15481	80003708	013b5eb3	srl	x29,x22,x19	 x22:0xf9bfeaf0 x19:0x00000000 x29=0xf9bfeaf0
     154845.000 ns	     15483	8000370c	20cf2ad3	fsgnjx.s	f21,f30,f12	 f30:0x4f1878c0 f12:0xccca1aa2 f21=0xcf1878c0
     154875.000 ns	     15486	80003710	21479053	fsgnjn.s	f0,f15,f20	 f15:0x80000000 f20:0x7f800000  f0=0x80000000
     154895.000 ns	     15488	80003714	4c809017	auipc	x0,0x4c809	
     154915.000 ns	     15490	80003718	c0181ad3	fcvt.wu.s	x21,f16	 f16:0xff800000 x21=0x00000000
     154935.000 ns	     15492	8000371c	4154d433	sra	x8,x9,x21	  x9:0x00000000 x21:0x00000001  x8=0x00000000
     154955.000 ns	     15494	80003720	20f585d3	fsgnj.s	f11,f11,f15	 f11:0x7fc00000 f15:0x80000000 f11=0xffc00000
     154975.000 ns	     15496	80003724	c5084e13	xori	x28,x16,-944	 x16:0x80040fe4 x28=0x7ffbf3b4
     154985.000 ns	     15497	80003728	f95b9637	lui	x12,0xf95b9	 x12=0xf95b9000
     154995.000 ns	     15498	8000372c	6fb64613	xori	x12,x12,1787	 x12:0xf593f6f8 x12=0xf95b96fb
     155355.000 ns	     15534	80003730	02cb4ab3	div	x21,x22,x12	 x22:0xf9bfeaf0 x12:0xf593f6f8 x21=0x00000000
     155375.000 ns	     15536	80003734	2342e0b7	lui	x1,0x2342e	  x1=0x2342e000
     155385.000 ns	     15537	80003738	255fa413	slti	x8,x31,597	 x31:0x80000000  x8=0x00000001
     155395.000 ns	     15538	8000373c	41135f13	srai	x30,x6,0x11	  x6:0xfffffb43 x30=0xffffffff
     155415.000 ns	     15540	80003740	03aef633	remu	x12,x29,x26	 x29:0xf9bfeaf0 x26:0x00000000 x12=0xf9bfeaf0
     155435.000 ns	     15542	80003744	47afcf13	xori	x30,x31,1146	 x31:0x80000000 x30=0x8000047a
     155445.000 ns	     15543	80003748	fd204c93	xori	x25,x0,-46	  x0:0x00000000 x25=0xffffffd2
     155455.000 ns	     15544	8000374c	efea2613	slti	x12,x20,-258	 x20:0x6328d700 x12=0x00000000
     155475.000 ns	     15546	80003750	e0028353	fmv.x.w	x6,f5	  f5:0x026193c0  x6=0x026193c0
     155495.000 ns	     15548	80003754	01419d13	slli	x26,x3,0x14	  x3:0xffffffff x26=0xfff00000
     155505.000 ns	     15549	80003758	00987033	and	x0,x16,x9	 x16:0x80040fe4  x9:0x00000000
     155515.000 ns	     15550	8000375c	00f41e13	slli	x28,x8,0xf	  x8:0x00000001 x28=0x00008000
     155525.000 ns	     15551	80003760	018671b3	and	x3,x12,x24	 x12:0x00000000 x24:0x000003ac  x3=0x00000000
     155535.000 ns	     15552	80003764	00991033	sll	x0,x18,x9	 x18:0x00000000  x9:0x00000000
     155545.000 ns	     15553	80003768	f4ffe017	auipc	x0,0xf4ffe	
     155575.000 ns	     15556	8000376c	580a7f53	fsqrt.s	f30,f20	 f20:0x7f800000 f30=0x7f800000
     155595.000 ns	     15558	80003770	262f9037	lui	x0,0x262f9	
     155605.000 ns	     15559	80003774	53761f97	auipc	x31,0x53761	 x31=0xd3764774
     155615.000 ns	     15560	80003778	0187c6b3	xor	x13,x15,x24	 x15:0x00000000 x24:0x000003ac x13=0x000003ac
     155635.000 ns	     15562	8000377c	f00a8cd3	fmv.w.x	f25,x21	 x21:0x00000000 f25=0x00000000
     155665.000 ns	     15565	80003780	e00b0bd3	fmv.x.w	x23,f22	 f22:0xceedd240 x23=0xceedd240
     155695.000 ns	     15568	80003784	c00cb753	fcvt.w.s	x14,f25	 f25:0x00000000 x14=0x00000000
     155715.000 ns	     15570	80003788	01de4eb3	xor	x29,x28,x29	 x28:0x00008000 x29:0xf9bfeaf0 x29=0xf9bf6af0
     155735.000 ns	     15572	8000378c	e0030e53	fmv.x.w	x28,f6	  f6:0xfffffb43 x28=0xfffffb43
     155755.000 ns	     15574	80003790	00affeb3	and	x29,x31,x10	 x31:0xd3764774 x10:0x00000000 x29=0x00000000
     155775.000 ns	     15576	80003794	a0d91b53	flt.s	x22,f18,f13	 f18:0x80000000 f13:0xff800000 x22=0x00000000
     155805.000 ns	     15579	80003798	c01cf7d3	fcvt.wu.s	x15,f25	 f25:0x00000000 x15=0x00000000
     155825.000 ns	     15581	8000379c	01228733	add	x14,x5,x18	  x5:0x80041024 x18:0x00000000 x14=0x80041024
     156715.000 ns	     15670	800037a0	580387d3	fsqrt.s	f15,f7	  f7:0x4f79af2b f15=0x47308d72
     156745.000 ns	     15673	800037a4	20529753	fsgnjn.s	f14,f5,f5	  f5:0x026193c0  f5:0x026193c0 f14=0x826193c0
     156765.000 ns	     15675	800037a8	01c3f3b3	and	x7,x7,x28	  x7:0xfffffb43 x28:0xfffffb43  x7=0xfffffb43
     156785.000 ns	     15677	800037ac	29ee9d53	fmax.s	f26,f29,f30	 f29:0xccca1aa2 f30:0x7f800000 f26=0x7f800000
     156815.000 ns	     15680	800037b0	210b2c53	fsgnjx.s	f24,f22,f16	 f22:0xceedd240 f16:0xff800000 f24=0x4eedd240
     156845.000 ns	     15683	800037b4	03607bb3	remu	x23,x0,x22	  x0:0x00000000 x22:0x00000000 x23=0x00000000
     156865.000 ns	     15685	800037b8	b92ba593	slti	x11,x23,-1134	 x23:0xceedd240 x11=0x00000000
     156875.000 ns	     15686	800037bc	a27fc493	xori	x9,x31,-1497	 x31:0xd3764774  x9=0x2c89bd53
     156885.000 ns	     15687	800037c0	401c5613	srai	x12,x24,0x1	 x24:0x000003ac x12=0x000001d6
     156905.000 ns	     15689	800037c4	a0430fd3	fle.s	x31,f6,f4	  f6:0xfffffb43  f4:0x7fc00000 x31=0x00000000
     156935.000 ns	     15692	800037c8	028404b3	mul	x9,x8,x8	  x8:0x00000001  x8:0x00000001  x9=0x00000001
     156955.000 ns	     15694	800037cc	01805cb3	srl	x25,x0,x24	  x0:0x00000000 x24:0x000003ac x25=0x00000000
     156995.000 ns	     15698	800037d0	01e40ad3	fadd.s	f21,f8,f30	  f8:0x4c1864f0 f30:0x7f800000 f21=0x7f800000
     157025.000 ns	     15701	800037d4	e0041553	fclass.s	x10,f8	  f8:0x4c1864f0 x10=0x00000040
     157045.000 ns	     15703	800037d8	0140d0b3	srl	x1,x1,x20	  x1:0x2342e000 x20:0x6328d700  x1=0x2342e000
     157055.000 ns	     15704	800037dc	01359313	slli	x6,x11,0x13	 x11:0x00000000  x6=0x00000000
     157065.000 ns	     15705	800037e0	00923d33	sltu	x26,x4,x9	  x4:0xf6256590  x9:0x00000001 x26=0x00000000
     157075.000 ns	     15706	800037e4	0190d793	srli	x15,x1,0x19	  x1:0x2342e000 x15=0x00000011
     157085.000 ns	     15707	800037e8	da282117	auipc	x2,0xda282	  x2=0x5a2857e8
     157105.000 ns	     15709	800037ec	d01c1ed3	fcvt.s.wu	f29,x24	 x24:0x000003ac f29=0x446b0000
     157135.000 ns	     15712	800037f0	02581eb3	mulh	x29,x16,x5	 x16:0x80040fe4  x5:0x80041024 x29=0x3ffbf00c
     157185.000 ns	     15717	800037f4	09beb0d3	fsub.s	f1,f29,f27	 f29:0x446b0000 f27:0x00000000  f1=0x446b0000
     157205.000 ns	     15719	800037f8	4bd11537	lui	x10,0x4bd11	 x10=0x4bd11000
     157215.000 ns	     15720	800037fc	d3d48893	addi	x17,x9,-707	  x9:0x00000001 x17=0xfffffd3e
     157235.000 ns	     15722	80003800	e00d80d3	fmv.x.w	x1,f27	 f27:0x00000000  x1=0x00000000
     157255.000 ns	     15724	80003804	96ed0493	addi	x9,x26,-1682	 x26:0x00000000  x9=0xfffff96e
     157275.000 ns	     15726	80003808	c00f7ed3	fcvt.w.s	x29,f30	 f30:0x7f800000 x29=0x7fffffff
     157305.000 ns	     15729	8000380c	c0019453	fcvt.w.s	x8,f3	  f3:0x00000000  x8=0x00000000
     157325.000 ns	     15731	80003810	019f49b3	xor	x19,x30,x25	 x30:0x8000047a x25:0x00000000 x19=0x8000047a
     157345.000 ns	     15733	80003814	e0069ed3	fclass.s	x29,f13	 f13:0xff800000 x29=0x00000001
     157375.000 ns	     15736	80003818	c007bcd3	fcvt.w.s	x25,f15	 f15:0x47308d72 x25=0x0000b08e
     157395.000 ns	     15738	8000381c	00d25a93	srli	x21,x4,0xd	  x4:0xf6256590 x21=0x0007b12b
     157405.000 ns	     15739	80003820	57f56137	lui	x2,0x57f56	  x2=0x57f56000
     157425.000 ns	     15741	80003824	025e1933	mulh	x18,x28,x5	 x28:0xfffffb43  x5:0x80041024 x18=0x0000025e
     157795.000 ns	     15778	80003828	02d74233	div	x4,x14,x13	 x14:0x80041024 x13:0x000003ac  x4=0xffdd250f
     157825.000 ns	     15781	8000382c	c01e3c53	fcvt.wu.s	x24,f28	 f28:0x00000000 x24=0x00000000
     157855.000 ns	     15784	80003830	d00eb6d3	fcvt.s.w	f13,x29	 x29:0x00000001 f13=0x3f800000
     157875.000 ns	     15786	80003834	401c8d33	sub	x26,x25,x1	 x25:0x0000b08e  x1:0x00000000 x26=0x0000b08e
     158235.000 ns	     15822	80003838	02747c33	remu	x24,x8,x7	  x8:0x00000000  x7:0xfffffb43 x24=0x00000000
     158265.000 ns	     15825	8000383c	21a78853	fsgnj.s	f16,f15,f26	 f15:0x47308d72 f26:0x7f800000 f16=0x47308d72
     158285.000 ns	     15827	80003840	01e9ebb3	or	x23,x19,x30	 x19:0x8000047a x30:0x8000047a x23=0x8000047a
     158305.000 ns	     15829	80003844	20cd0653	fsgnj.s	f12,f26,f12	 f26:0x7f800000 f12:0xccca1aa2 f12=0xff800000
     158335.000 ns	     15832	80003848	03340033	mul	x0,x8,x19	  x8:0x00000000 x19:0x8000047a
     158355.000 ns	     15834	8000384c	69dac713	xori	x14,x21,1693	 x21:0x0007b12b x14=0x0007b7b6
     158375.000 ns	     15836	80003850	a1968c53	fle.s	x24,f13,f25	 f13:0x3f800000 f25:0x00000000 x24=0x00000000
     158405.000 ns	     15839	80003854	21c80bd3	fsgnj.s	f23,f16,f28	 f16:0x47308d72 f28:0x00000000 f23=0x47308d72
     158435.000 ns	     15842	80003858	026c8d33	mul	x26,x25,x6	 x25:0x0000b08e  x6:0x00000000 x26=0x00000000
     158455.000 ns	     15844	8000385c	7f274b13	xori	x22,x14,2034	 x14:0x0007b7b6 x22=0x0007b044
     158465.000 ns	     15845	80003860	00575393	srli	x7,x14,0x5	 x14:0x0007b7b6  x7=0x00003dbd
     158485.000 ns	     15847	80003864	a1f703d3	fle.s	x7,f14,f31	 f14:0x826193c0 f31:0x446b0000  x7=0x00000001
     158515.000 ns	     15850	80003868	20fa0953	fsgnj.s	f18,f20,f15	 f20:0x7f800000 f15:0x47308d72 f18=0x7f800000
     158545.000 ns	     15853	8000386c	d00827d3	fcvt.s.w	f15,x16	 x16:0x80040fe4 f15=0xcefff7e1
     158575.000 ns	     15856	80003870	0228a933	mulhsu	x18,x17,x2	 x17:0xfffffd3e  x2:0x57f56000 x18=0xffffff0d
     158605.000 ns	     15859	80003874	29f815d3	fmax.s	f11,f16,f31	 f16:0x47308d72 f31:0x446b0000 f11=0x47308d72
     158625.000 ns	     15861	80003878	00000013	addi	x0,x0,0	  x0:0x00000000
     158985.000 ns	     15897	8000387c	03d37533	remu	x10,x6,x29	  x6:0x00000000 x29:0x00000001 x10=0x00000000
     159005.000 ns	     15899	80003880	0134d313	srli	x6,x9,0x13	  x9:0xfffff96e  x6=0x00001fff
     159015.000 ns	     15900	80003884	40045c93	srai	x25,x8,0x0	  x8:0x00000000 x25=0x00000000
     159025.000 ns	     15901	80003888	00b40033	add	x0,x8,x11	  x8:0x00000000 x11:0x00000000
     159035.000 ns	     15902	8000388c	40a983b3	sub	x7,x19,x10	 x19:0x8000047a x10:0x00000000  x7=0x8000047a
     159045.000 ns	     15903	80003890	4043dfb3	sra	x31,x7,x4	  x7:0x00000001  x4:0xffdd250f x31=0xffff0000
     159065.000 ns	     15905	80003894	298c1dd3	fmax.s	f27,f24,f24	 f24:0x4eedd240 f24:0x4eedd240 f27=0x4eedd240
     159095.000 ns	     15908	80003898	03e1ae33	mulhsu	x28,x3,x30	  x3:0x00000000 x30:0x8000047a x28=0x00000000
     159125.000 ns	     15911	8000389c	c0007153	fcvt.w.s	x2,f0	  f0:0x80000000  x2=0x00000000
     159145.000 ns	     15913	800038a0	00d1fe33	and	x28,x3,x13	  x3:0x00000000 x13:0x000003ac x28=0x00000000
     159155.000 ns	     15914	800038a4	01051c33	sll	x24,x10,x16	 x10:0x00000000 x16:0x80040fe4 x24=0x00000000
     159195.000 ns	     15918	800038a8	019b1353	fadd.s	f6,f22,f25	 f22:0xceedd240 f25:0x00000000  f6=0xceedd240
     159215.000 ns	     15920	800038ac	00c9f633	and	x12,x19,x12	 x19:0x8000047a x12:0x000001d6 x12=0x00000052
     159225.000 ns	     15921	800038b0	5100b613	sltiu	x12,x1,1296	  x1:0x00000000 x12=0x00000001
     159235.000 ns	     15922	800038b4	01db4e33	xor	x28,x22,x29	 x22:0x0007b044 x29:0x00000001 x28=0x0007b045
     159245.000 ns	     15923	800038b8	91d24413	xori	x8,x4,-1763	  x4:0xffdd250f  x8=0x0022dc12
     159255.000 ns	     15924	800038bc	0159f0b3	and	x1,x19,x21	 x19:0x8000047a x21:0x0007b12b  x1=0x0000002a
     159265.000 ns	     15925	800038c0	a13ec613	xori	x12,x29,-1517	 x29:0x00000001 x12=0xfffffa12
     159625.000 ns	     15961	800038c4	03697ab3	remu	x21,x18,x22	 x18:0xffffff0d x22:0x0007b044 x21=0x00069721
     159645.000 ns	     15963	800038c8	00a9cbb3	xor	x23,x19,x10	 x19:0x8000047a x10:0x00000000 x23=0x8000047a
     159655.000 ns	     15964	800038cc	403c0133	sub	x2,x24,x3	 x24:0x00000000  x3:0x00000000  x2=0x00000000
     159675.000 ns	     15966	800038d0	283387d3	fmin.s	f15,f7,f3	  f7:0x4f79af2b  f3:0x00000000 f15=0x00000000
     159695.000 ns	     15968	800038d4	004024b3	slt	x9,x0,x4	  x0:0x00000000  x4:0xffdd250f  x9=0x00000000
     159705.000 ns	     15969	800038d8	614f4413	xori	x8,x30,1556	 x30:0x8000047a  x8=0x8000026e
     159715.000 ns	     15970	800038dc	c5e06713	ori	x14,x0,-930	  x0:0x00000000 x14=0xfffffc5e
     159725.000 ns	     15971	800038e0	647874b7	lui	x9,0x64787	  x9=0x64787000
     159745.000 ns	     15973	800038e4	28ce81d3	fmin.s	f3,f29,f12	 f29:0x446b0000 f12:0xff800000  f3=0xff800000
     159775.000 ns	     15976	800038e8	207e1953	fsgnjn.s	f18,f28,f7	 f28:0x00000000  f7:0x4f79af2b f18=0x80000000
     159805.000 ns	     15979	800038ec	294a09d3	fmin.s	f19,f20,f20	 f20:0x7f800000 f20:0x7f800000 f19=0x7f800000
     159825.000 ns	     15981	800038f0	ad440413	addi	x8,x8,-1324	  x8:0x8000026e  x8=0x7ffffd42
     159835.000 ns	     15982	800038f4	0091f933	and	x18,x3,x9	  x3:0x00000000  x9:0x64787000 x18=0x00000000
     159855.000 ns	     15984	800038f8	298f95d3	fmax.s	f11,f31,f24	 f31:0x446b0000 f24:0x4eedd240 f11=0x4eedd240
     159875.000 ns	     15986	800038fc	01bcfab3	and	x21,x25,x27	 x25:0x00000000 x27:0xf9af2af0 x21=0x00000000
     159885.000 ns	     15987	80003900	019df8b3	and	x17,x27,x25	 x27:0xf9af2af0 x25:0x00000000 x17=0x00000000
     159925.000 ns	     15991	80003904	09cf7653	fsub.s	f12,f30,f28	 f30:0x7f800000 f28:0x00000000 f12=0x7f800000
     159955.000 ns	     15994	80003908	29a698d3	fmax.s	f17,f13,f26	 f13:0x3f800000 f26:0x7f800000 f17=0x7f800000
     160005.000 ns	     15999	8000390c	08ff14d3	fsub.s	f9,f30,f15	 f30:0x7f800000 f15:0x00000000  f9=0x7f800000
     160375.000 ns	     16036	80003910	029f68b3	rem	x17,x30,x9	 x30:0x8000047a  x9:0x64787000 x17=0xe478747a
     160395.000 ns	     16038	80003914	ebe97117	auipc	x2,0xebe97	  x2=0x6be9a914
     160425.000 ns	     16041	80003918	11fbaf53	fmul.s	f30,f23,f31	 f23:0x47308d72 f31:0x446b0000 f30=0x4c2211d7
     160455.000 ns	     16044	8000391c	03163433	mulhu	x8,x12,x17	 x12:0xfffffa12 x17:0xe478747a  x8=0xe4786f2f
     160475.000 ns	     16046	80003920	00f85913	srli	x18,x16,0xf	 x16:0x80040fe4 x18=0x00010008
     160515.000 ns	     16050	80003924	004914d3	fadd.s	f9,f18,f4	 f18:0x80000000  f4:0x7fc00000  f9=0x7fc00000
     160535.000 ns	     16052	80003928	00de2633	slt	x12,x28,x13	 x28:0x0007b045 x13:0x000003ac x12=0x00000000
     160555.000 ns	     16054	8000392c	f00b8d53	fmv.w.x	f26,x23	 x23:0x8000047a f26=0x8000047a
     160575.000 ns	     16056	80003930	21452313	slti	x6,x10,532	 x10:0x00000000  x6=0x00000001
     160585.000 ns	     16057	80003934	7fac50b7	lui	x1,0x7fac5	  x1=0x7fac5000
     160595.000 ns	     16058	80003938	00e957b3	srl	x15,x18,x14	 x18:0x00010008 x14:0xfffffc5e x15=0x00000000
     160615.000 ns	     16060	8000393c	21a61e53	fsgnjn.s	f28,f12,f26	 f12:0x7f800000 f26:0x8000047a f28=0x7f800000
     160645.000 ns	     16063	80003940	d00f7ed3	fcvt.s.w	f29,x30	 x30:0x8000047a f29=0xcefffff7
     161015.000 ns	     16100	80003944	0367d6b3	divu	x13,x15,x22	 x15:0x00000000 x22:0x0007b044 x13=0x00000000
     161045.000 ns	     16103	80003948	285b0053	fmin.s	f0,f22,f5	 f22:0xceedd240  f5:0x026193c0  f0=0xceedd240
     161065.000 ns	     16105	8000394c	0132dab3	srl	x21,x5,x19	  x5:0x80041024 x19:0x8000047a x21=0x00000020
     161085.000 ns	     16107	80003950	28d00153	fmin.s	f2,f0,f13	  f0:0xceedd240 f13:0x3f800000  f2=0xceedd240
     161105.000 ns	     16109	80003954	0033b233	sltu	x4,x7,x3	  x7:0x8000047a  x3:0x00000000  x4=0x00000000
     161125.000 ns	     16111	80003958	02df5933	divu	x18,x30,x13	 x30:0x8000047a x13:0x00000000 x18=0xffffffff
     161145.000 ns	     16113	8000395c	ad136e93	ori	x29,x6,-1327	  x6:0x00000001 x29=0xfffffad1
     161155.000 ns	     16114	80003960	cbf64f93	xori	x31,x12,-833	 x12:0x00000000 x31=0xfffffcbf
     161515.000 ns	     16150	80003964	0315c133	div	x2,x11,x17	 x11:0x00000000 x17:0xe478747a  x2=0x00000000
     161535.000 ns	     16152	80003968	c37a4c17	auipc	x24,0xc37a4	 x24=0x437a7968
     161555.000 ns	     16154	8000396c	21471253	fsgnjn.s	f4,f14,f20	 f14:0x826193c0 f20:0x7f800000  f4=0x826193c0
     161585.000 ns	     16157	80003970	023e4333	div	x6,x28,x3	 x28:0x0007b045  x3:0x00000000  x6=0xffffffff
     161605.000 ns	     16159	80003974	3ddb8913	addi	x18,x23,989	 x23:0x8000047a x18=0x80000857
     161615.000 ns	     16160	80003978	00a41513	slli	x10,x8,0xa	  x8:0xe4786f2f x10=0xe1bcbc00
     161625.000 ns	     16161	8000397c	201ae4b7	lui	x9,0x201ae	  x9=0x201ae000
     161635.000 ns	     16162	80003980	002d1313	slli	x6,x26,0x2	 x26:0x00000000  x6=0x00000000
     161645.000 ns	     16163	80003984	32cb6a93	ori	x21,x22,812	 x22:0x0007b044 x21=0x0007b36c
     161655.000 ns	     16164	80003988	20a7a193	slti	x3,x15,522	 x15:0x00000000  x3=0x00000001
     162015.000 ns	     16200	8000398c	03f7e933	rem	x18,x15,x31	 x15:0x00000000 x31:0xfffffcbf x18=0x00000000
     162045.000 ns	     16203	80003990	0208f7b3	remu	x15,x17,x0	 x17:0xe478747a  x0:0x00000000 x15=0xe478747a
     162075.000 ns	     16206	80003994	a0569053	flt.s	x0,f13,f5	 f13:0x3f800000  f5:0x026193c0
     162095.000 ns	     16208	80003998	000fb8b3	sltu	x17,x31,x0	 x31:0xfffffcbf  x0:0x00000000 x17=0x00000000
     162115.000 ns	     16210	8000399c	a01a8cd3	fle.s	x25,f21,f1	 f21:0x7f800000  f1:0x446b0000 x25=0x00000000
     162145.000 ns	     16213	800039a0	d011fbd3	fcvt.s.wu	f23,x3	  x3:0x00000001 f23=0x3f800000
     162165.000 ns	     16215	800039a4	53fa5917	auipc	x18,0x53fa5	 x18=0xd3fa89a4
     162175.000 ns	     16216	800039a8	00000013	addi	x0,x0,0	  x0:0x00000000
     162195.000 ns	     16218	800039ac	03133a33	mulhu	x20,x6,x17	  x6:0x00000000 x17:0x00000000 x20=0x00000000
     162225.000 ns	     16221	800039b0	a110afd3	feq.s	x31,f1,f17	  f1:0x446b0000 f17:0x7f800000 x31=0x00000000
     162245.000 ns	     16223	800039b4	cc2b7113	andi	x2,x22,-830	 x22:0x0007b044  x2=0x0007b040
     162255.000 ns	     16224	800039b8	50bc2c93	slti	x25,x24,1291	 x24:0x437a7968 x25=0x00000000
     162615.000 ns	     16260	800039bc	03b9f7b3	remu	x15,x19,x27	 x19:0x8000047a x27:0xf9af2af0 x15=0x8000047a
     162665.000 ns	     16265	800039c0	01047453	fadd.s	f8,f8,f16	  f8:0x4c1864f0 f16:0x47308d72  f8=0x4c189113
     162695.000 ns	     16268	800039c4	02462233	mulhsu	x4,x12,x4	 x12:0x00000000  x4:0x00000000  x4=0x00000000
     162725.000 ns	     16271	800039c8	02120b33	mul	x22,x4,x1	  x4:0x00000000  x1:0x7fac5000 x22=0x00000000
     162745.000 ns	     16273	800039cc	ff01a713	slti	x14,x3,-16	  x3:0x00000001 x14=0x00000000
     162765.000 ns	     16275	800039d0	024c69b3	rem	x19,x24,x4	 x24:0x437a7968  x4:0x00000000 x19=0x437a7968
     163135.000 ns	     16312	800039d4	03c45133	divu	x2,x8,x28	  x8:0xe4786f2f x28:0x0007b045  x2=0x00001db7
     163155.000 ns	     16314	800039d8	f4264d13	xori	x26,x12,-190	 x12:0x00000000 x26=0xffffff42
     163175.000 ns	     16316	800039dc	20ce0753	fsgnj.s	f14,f28,f12	 f28:0x7f800000 f12:0x7f800000 f14=0x7f800000
     163205.000 ns	     16319	800039e0	03f26333	rem	x6,x4,x31	  x4:0x00000000 x31:0x00000000  x6=0x00000000
     163225.000 ns	     16321	800039e4	00000013	addi	x0,x0,0	  x0:0x00000000
     163255.000 ns	     16324	800039e8	18f77dd3	fdiv.s	f27,f14,f15	 f14:0x7f800000 f15:0x00000000 f27=0x7f800000
     163285.000 ns	     16327	800039ec	e00b8653	fmv.x.w	x12,f23	 f23:0x3f800000 x12=0x3f800000
     163305.000 ns	     16329	800039f0	4135da13	srai	x20,x11,0x13	 x11:0x00000000 x20=0x00000000
     163325.000 ns	     16331	800039f4	a1da16d3	flt.s	x13,f20,f29	 f20:0x7f800000 f29:0xcefffff7 x13=0x00000000
     163355.000 ns	     16334	800039f8	e0031fd3	fclass.s	x31,f6	  f6:0xceedd240 x31=0x00000002
     163385.000 ns	     16337	800039fc	e00a0753	fmv.x.w	x14,f20	 f20:0x7f800000 x14=0x7f800000
     163405.000 ns	     16339	80003a00	40eb0433	sub	x8,x22,x14	 x22:0x00000000 x14:0x00000000  x8=0x80800000
     163425.000 ns	     16341	80003a04	031966b3	rem	x13,x18,x17	 x18:0xd3fa89a4 x17:0x00000000 x13=0xd3fa89a4
     163455.000 ns	     16344	80003a08	29fc8e53	fmin.s	f28,f25,f31	 f25:0x00000000 f31:0x446b0000 f28=0x00000000
     163485.000 ns	     16347	80003a0c	d016fc53	fcvt.s.wu	f24,x13	 x13:0xd3fa89a4 f24=0x4f53fa89
     163505.000 ns	     16349	80003a10	584bb793	sltiu	x15,x23,1412	 x23:0x8000047a x15=0x00000000
     163515.000 ns	     16350	80003a14	80926913	ori	x18,x4,-2039	  x4:0x00000000 x18=0xfffff809
     163535.000 ns	     16352	80003a18	c00b2fd3	fcvt.w.s	x31,f22	 f22:0xceedd240 x31=0x8916e000
     163905.000 ns	     16389	80003a1c	0237dbb3	divu	x23,x15,x3	 x15:0x00000000  x3:0x00000001 x23=0x00000000
     163935.000 ns	     16392	80003a20	c017f7d3	fcvt.wu.s	x15,f15	 f15:0x00000000 x15=0x00000000
     163955.000 ns	     16394	80003a24	bc2e7093	andi	x1,x28,-1086	 x28:0x0007b045  x1=0x0007b040
     163965.000 ns	     16395	80003a28	00000013	addi	x0,x0,0	  x0:0x00000000
     163975.000 ns	     16396	80003a2c	00d17cb3	and	x25,x2,x13	  x2:0x00001db7 x13:0xd3fa89a4 x25=0x000009a4
     163995.000 ns	     16398	80003a30	c002a253	fcvt.w.s	x4,f5	  f5:0x026193c0  x4=0x00000000
     164015.000 ns	     16400	80003a34	40b9d393	srai	x7,x19,0xb	 x19:0x437a7968  x7=0x00086f4f
     164025.000 ns	     16401	80003a38	0133d013	srli	x0,x7,0x13	  x7:0x8000047a
     164045.000 ns	     16403	80003a3c	d01b7e53	fcvt.s.wu	f28,x22	 x22:0x00000000 f28=0x00000000
     164065.000 ns	     16405	80003a40	00000013	addi	x0,x0,0	  x0:0x00000000
     164095.000 ns	     16408	80003a44	11d07b53	fmul.s	f22,f0,f29	  f0:0xceedd240 f29:0xcefffff7 f22=0x5e6dd238
     164115.000 ns	     16410	80003a48	80264917	auipc	x18,0x80264	 x18=0x00267a48
     164125.000 ns	     16411	80003a4c	00fd5113	srli	x2,x26,0xf	 x26:0xffffff42  x2=0x0001ffff
     164485.000 ns	     16447	80003a50	02d16633	rem	x12,x2,x13	  x2:0x00001db7 x13:0xd3fa89a4 x12=0x0001ffff
     164515.000 ns	     16450	80003a54	d0152653	fcvt.s.wu	f12,x10	 x10:0xe1bcbc00 f12=0x4f61bcbc
     164545.000 ns	     16453	80003a58	a1a88253	fle.s	x4,f17,f26	 f17:0x7f800000 f26:0x8000047a  x4=0x00000000
     164915.000 ns	     16490	80003a5c	03efec33	rem	x24,x31,x30	 x31:0x8916e000 x30:0x8000047a x24=0x8916e000
     164935.000 ns	     16492	80003a60	222dc513	xori	x10,x27,546	 x27:0xf9af2af0 x10=0xf9af28d2
     164955.000 ns	     16494	80003a64	c00773d3	fcvt.w.s	x7,f14	 f14:0x7f800000  x7=0x7fffffff
     164975.000 ns	     16496	80003a68	1d534d13	xori	x26,x6,469	  x6:0x00000000 x26=0x000001d5
     164985.000 ns	     16497	80003a6c	419c0533	sub	x10,x24,x25	 x24:0x8916e000 x25:0x000009a4 x10=0x8916d65c
     165005.000 ns	     16499	80003a70	a01001d3	fle.s	x3,f0,f1	  f0:0xceedd240  f1:0x446b0000  x3=0x00000001
     165375.000 ns	     16536	80003a74	03885c33	divu	x24,x16,x24	 x16:0x80040fe4 x24:0x8916e000 x24=0x00000000
     165715.000 ns	     16570	80003a78	197c7ad3	fdiv.s	f21,f24,f23	 f24:0x4f53fa89 f23:0x3f800000 f21=0x4f53f9e3
     165765.000 ns	     16575	80003a7c	00ecfbd3	fadd.s	f23,f25,f14	 f25:0x00000000 f14:0x7f800000 f23=0x7f800000
     165785.000 ns	     16577	80003a80	00495933	srl	x18,x18,x4	 x18:0x00267a48  x4:0x00000000 x18=0x00267a48
     165795.000 ns	     16578	80003a84	fab48093	addi	x1,x9,-85	  x9:0x201ae000  x1=0x201adfab
     165815.000 ns	     16580	80003a88	03c0b633	mulhu	x12,x1,x28	  x1:0x0007b040 x28:0x0007b045 x12=0x0000f6d7
     166185.000 ns	     16617	80003a8c	029f6633	rem	x12,x30,x9	 x30:0x8000047a  x9:0x201ae000 x12=0xe050a47a
     166215.000 ns	     16620	80003a90	28759353	fmax.s	f6,f11,f7	 f11:0x4eedd240  f7:0x4f79af2b  f6=0x4f79af2b
     166235.000 ns	     16622	80003a94	3bf78213	addi	x4,x15,959	 x15:0x00000000  x4=0x000003bf
     166255.000 ns	     16624	80003a98	a12d9553	flt.s	x10,f27,f18	 f27:0x7f800000 f18:0x80000000 x10=0x00000000
     166275.000 ns	     16626	80003a9c	01887a33	and	x20,x16,x24	 x16:0x80040fe4 x24:0x00000000 x20=0x00000000
     166295.000 ns	     16628	80003aa0	a15081d3	fle.s	x3,f1,f21	  f1:0x446b0000 f21:0x4f53f9e3  x3=0x00000001
     166325.000 ns	     16631	80003aa4	037dd533	divu	x10,x27,x23	 x27:0xf9af2af0 x23:0x00000000 x10=0xffffffff
     166355.000 ns	     16634	80003aa8	c013f653	fcvt.wu.s	x12,f7	  f7:0x4f79af2b x12=0xf9af2b00
     166385.000 ns	     16637	80003aac	e00c0cd3	fmv.x.w	x25,f24	 f24:0x4f53fa89 x25=0x4f53fa89
     166415.000 ns	     16640	80003ab0	0389f233	remu	x4,x19,x24	 x19:0x437a7968 x24:0x00000000  x4=0x437a7968
     166445.000 ns	     16643	80003ab4	a04b8753	fle.s	x14,f23,f4	 f23:0x7f800000  f4:0x826193c0 x14=0x00000000
     166475.000 ns	     16646	80003ab8	03165f33	divu	x30,x12,x17	 x12:0xf9af2b00 x17:0x00000000 x30=0xffffffff
     166505.000 ns	     16649	80003abc	206c90d3	fsgnjn.s	f1,f25,f6	 f25:0x00000000  f6:0x4f79af2b  f1=0x80000000
     166535.000 ns	     16652	80003ac0	215d0853	fsgnj.s	f16,f26,f21	 f26:0x8000047a f21:0x4f53f9e3 f16=0x0000047a
     166575.000 ns	     16656	80003ac4	116afdd3	fmul.s	f27,f21,f22	 f21:0x4f53f9e3 f22:0x5e6dd238 f27=0x6e44ec69
     166605.000 ns	     16659	80003ac8	02b89633	mulh	x12,x17,x11	 x17:0x00000000 x11:0x00000000 x12=0x00000000
     166635.000 ns	     16662	80003acc	292381d3	fmin.s	f3,f7,f18	  f7:0x4f79af2b f18:0x80000000  f3=0x80000000
     167815.000 ns	     16780	80003ad0	580f1653	fsqrt.s	f12,f30	 f30:0x4c2211d7 f12=0x456532f4
     167845.000 ns	     16783	80003ad4	e00584d3	fmv.x.w	x9,f11	 f11:0x4eedd240  x9=0x4eedd240
     167875.000 ns	     16786	80003ad8	212721d3	fsgnjx.s	f3,f14,f18	 f14:0x7f800000 f18:0x80000000  f3=0xff800000
     167905.000 ns	     16789	80003adc	0330aa33	mulhsu	x20,x1,x19	  x1:0x201adfab x19:0x437a7968 x20=0x08766492
     167925.000 ns	     16791	80003ae0	cf733993	sltiu	x19,x6,-777	  x6:0x00000000 x19=0x00000001
     167935.000 ns	     16792	80003ae4	2a686793	ori	x15,x16,678	 x16:0x80040fe4 x15=0x80040fe6
     167945.000 ns	     16793	80003ae8	403d51b3	sra	x3,x26,x3	 x26:0x000001d5  x3:0x00000001  x3=0x000000ea
     167955.000 ns	     16794	80003aec	01543eb3	sltu	x29,x8,x21	  x8:0x80800000 x21:0x0007b36c x29=0x00000000
     167985.000 ns	     16797	80003af0	18f7c953	fdiv.s	f18,f15,f15	 f15:0x00000000 f15:0x00000000 f18=0x7fc00000
     168005.000 ns	     16799	80003af4	41915a33	sra	x20,x2,x25	  x2:0x0001ffff x25:0x4f53fa89 x20=0x000000ff
     168025.000 ns	     16801	80003af8	a0f72953	feq.s	x18,f14,f15	 f14:0x7f800000 f15:0x00000000 x18=0x00000000
     168055.000 ns	     16804	80003afc	201f0653	fsgnj.s	f12,f30,f1	 f30:0x4c2211d7  f1:0x80000000 f12=0xcc2211d7
     168095.000 ns	     16808	80003b00	1178f753	fmul.s	f14,f17,f23	 f17:0x7f800000 f23:0x7f800000 f14=0x7f800000
     169275.000 ns	     16926	80003b04	580f71d3	fsqrt.s	f3,f30	 f30:0x4c2211d7  f3=0x456532f4
     169325.000 ns	     16931	80003b08	00042cd3	fadd.s	f25,f8,f0	  f8:0x4c189113  f0:0xceedd240 f25=0xcee90db8
     169365.000 ns	     16935	80003b0c	19b9fd53	fdiv.s	f26,f19,f27	 f19:0x7f800000 f27:0x6e44ec69 f26=0x7f800000
     169395.000 ns	     16938	80003b10	039f0e33	mul	x28,x30,x25	 x30:0xffffffff x25:0x4f53fa89 x28=0xb0ac0577
     169415.000 ns	     16940	80003b14	40d20433	sub	x8,x4,x13	  x4:0x437a7968 x13:0xd3fa89a4  x8=0x6f7fefc4
     169445.000 ns	     16943	80003b18	116d2953	fmul.s	f18,f26,f22	 f26:0x7f800000 f22:0x5e6dd238 f18=0x7f800000
     169475.000 ns	     16946	80003b1c	28e91ed3	fmax.s	f29,f18,f14	 f18:0x7fc00000 f14:0x7f800000 f29=0x7f800000
     169495.000 ns	     16948	80003b20	0022d733	srl	x14,x5,x2	  x5:0x80041024  x2:0x0001ffff x14=0x00000001
     169505.000 ns	     16949	80003b24	00f73c33	sltu	x24,x14,x15	 x14:0x00000000 x15:0x80040fe6 x24=0x00000001
     169515.000 ns	     16950	80003b28	01b061b3	or	x3,x0,x27	  x0:0x00000000 x27:0xf9af2af0  x3=0xf9af2af0
     169535.000 ns	     16952	80003b2c	0250a7b3	mulhsu	x15,x1,x5	  x1:0x201adfab  x5:0x80041024 x15=0x100df247
     169565.000 ns	     16955	80003b30	21faa653	fsgnjx.s	f12,f21,f31	 f21:0x4f53f9e3 f31:0x446b0000 f12=0x4f53f9e3
     169595.000 ns	     16958	80003b34	e00b8353	fmv.x.w	x6,f23	 f23:0x7f800000  x6=0x7f800000
     169965.000 ns	     16995	80003b38	021ecbb3	div	x23,x29,x1	 x29:0x00000000  x1:0x201adfab x23=0x00000000
     169995.000 ns	     16998	80003b3c	02899cb3	mulh	x25,x19,x8	 x19:0x00000001  x8:0x6f7fefc4 x25=0x00000000
     170025.000 ns	     17001	80003b40	02cda333	mulhsu	x6,x27,x12	 x27:0xf9af2af0 x12:0x00000000  x6=0x00000000
     170045.000 ns	     17003	80003b44	f6cd4693	xori	x13,x26,-148	 x26:0x000001d5 x13=0xfffffeb9
     170085.000 ns	     17007	80003b48	008e7753	fadd.s	f14,f28,f8	 f28:0x00000000  f8:0x4c189113 f14=0x4c189113
     170125.000 ns	     17011	80003b4c	580ef4d3	fsqrt.s	f9,f29	 f29:0x7f800000  f9=0x7f800000
     171265.000 ns	     17125	80003b50	5806fb53	fsqrt.s	f22,f13	 f13:0x3f800000 f22=0x3f7fffae
     171285.000 ns	     17127	80003b54	3eb68113	addi	x2,x13,1003	 x13:0xfffffeb9  x2=0x000002a4
     171295.000 ns	     17128	80003b58	01ef8a33	add	x20,x31,x30	 x31:0x8916e000 x30:0xffffffff x20=0x8916dfff
     171315.000 ns	     17130	80003b5c	d01c9dd3	fcvt.s.wu	f27,x25	 x25:0x00000000 f27=0x00000000
     171335.000 ns	     17132	80003b60	0083d793	srli	x15,x7,0x8	  x7:0x7fffffff x15=0x007fffff
     171355.000 ns	     17134	80003b64	03f1b333	mulhu	x6,x3,x31	  x3:0xf9af2af0 x31:0x8916e000  x6=0x85b50d81
     171375.000 ns	     17136	80003b68	0161d733	srl	x14,x3,x22	  x3:0xf9af2af0 x22:0x00000000 x14=0xf9af2af0
     171385.000 ns	     17137	80003b6c	0094e633	or	x12,x9,x9	  x9:0x4eedd240  x9:0x4eedd240 x12=0x4eedd240
     171745.000 ns	     17173	80003b70	027be133	rem	x2,x23,x7	 x23:0x00000000  x7:0x7fffffff  x2=0x00000000
     171775.000 ns	     17176	80003b74	c0192453	fcvt.wu.s	x8,f18	 f18:0x7f800000  x8=0xffffffff
     171795.000 ns	     17178	80003b78	e3ca6893	ori	x17,x20,-452	 x20:0x8916dfff x17=0xffffffff
     171805.000 ns	     17179	80003b7c	dc79e793	ori	x15,x19,-569	 x19:0x00000001 x15=0xfffffdc7
     171825.000 ns	     17181	80003b80	201e18d3	fsgnjn.s	f17,f28,f1	 f28:0x00000000  f1:0x80000000 f17=0x00000000
     171845.000 ns	     17183	80003b84	01ada6b3	slt	x13,x27,x26	 x27:0xf9af2af0 x26:0x000001d5 x13=0x00000001
     171855.000 ns	     17184	80003b88	005c86b3	add	x13,x25,x5	 x25:0x00000000  x5:0x80041024 x13=0x80041024
     171865.000 ns	     17185	80003b8c	017ef033	and	x0,x29,x23	 x29:0x00000000 x23:0x00000000
     171875.000 ns	     17186	80003b90	ef45c693	xori	x13,x11,-268	 x11:0x00000000 x13=0xfffffef4
     171895.000 ns	     17188	80003b94	e0010a53	fmv.x.w	x20,f2	  f2:0xceedd240 x20=0xceedd240
     171925.000 ns	     17191	80003b98	d0184fd3	fcvt.s.wu	f31,x16	 x16:0x80040fe4 f31=0x4f000410
     171955.000 ns	     17194	80003b9c	03764b33	div	x22,x12,x23	 x12:0x4eedd240 x23:0x00000000 x22=0xffffffff
     171975.000 ns	     17196	80003ba0	6616bc93	sltiu	x25,x13,1633	 x13:0xfffffef4 x25=0x00000000
     171985.000 ns	     17197	80003ba4	24636a93	ori	x21,x6,582	  x6:0x85b50d81 x21=0x85b50fc7
     171995.000 ns	     17198	80003ba8	41d4dfb3	sra	x31,x9,x29	  x9:0x4eedd240 x29:0x00000000 x31=0x4eedd240
     172015.000 ns	     17200	80003bac	28079053	fmax.s	f0,f15,f0	 f15:0x00000000  f0:0xceedd240  f0=0x00000000
     172045.000 ns	     17203	80003bb0	202d2e53	fsgnjx.s	f28,f26,f2	 f26:0x7f800000  f2:0xceedd240 f28=0xff800000
     172065.000 ns	     17205	80003bb4	01620b33	add	x22,x4,x22	  x4:0x437a7968 x22:0xffffffff x22=0x437a7967
     172075.000 ns	     17206	80003bb8	009edf33	srl	x30,x29,x9	 x29:0x00000000  x9:0x4eedd240 x30=0x00000000
     172095.000 ns	     17208	80003bbc	a0aa0453	fle.s	x8,f20,f10	 f20:0x7f800000 f10:0x4f1878c0  x8=0x00000000
     172125.000 ns	     17211	80003bc0	0271ba33	mulhu	x20,x3,x7	  x3:0xf9af2af0  x7:0x7fffffff x20=0x7cd79577
     172145.000 ns	     17213	80003bc4	00000013	addi	x0,x0,0	  x0:0x00000000
     172175.000 ns	     17216	80003bc8	11463753	fmul.s	f14,f12,f20	 f12:0x4f53f9e3 f20:0x7f800000 f14=0x7f800000
     172195.000 ns	     17218	80003bcc	019fb433	sltu	x8,x31,x25	 x31:0x4eedd240 x25:0x00000000  x8=0x00000000
     172215.000 ns	     17220	80003bd0	02a5b333	mulhu	x6,x11,x10	 x11:0x00000000 x10:0xffffffff  x6=0x00000000
     172235.000 ns	     17222	80003bd4	6f8f8e93	addi	x29,x31,1784	 x31:0x4eedd240 x29=0x4eedd938
     172255.000 ns	     17224	80003bd8	d0187ad3	fcvt.s.wu	f21,x16	 x16:0x80040fe4 f21=0x4f00040f
     172275.000 ns	     17226	80003bdc	00271513	slli	x10,x14,0x2	 x14:0xf9af2af0 x10=0xe6bcabc0
     172285.000 ns	     17227	80003be0	019a1133	sll	x2,x20,x25	 x20:0x7cd79577 x25:0x00000000  x2=0x7cd79577
     172305.000 ns	     17229	80003be4	20d90d53	fsgnj.s	f26,f18,f13	 f18:0x7f800000 f13:0x3f800000 f26=0x7f800000
     172335.000 ns	     17232	80003be8	20d41553	fsgnjn.s	f10,f8,f13	  f8:0x4c189113 f13:0x3f800000 f10=0xcc189113
     172355.000 ns	     17234	80003bec	016fdcb3	srl	x25,x31,x22	 x31:0x4eedd240 x22:0x437a7967 x25=0x009ddba4
     172375.000 ns	     17236	80003bf0	a09c9c53	flt.s	x24,f25,f9	 f25:0xcee90db8  f9:0x7f800000 x24=0x00000001
     172405.000 ns	     17239	80003bf4	f00581d3	fmv.w.x	f3,x11	 x11:0x00000000  f3=0x00000000
     172435.000 ns	     17242	80003bf8	03d22033	mulhsu	x0,x4,x29	  x4:0x437a7968 x29:0x4eedd938
     172465.000 ns	     17245	80003bfc	02c83733	mulhu	x14,x16,x12	 x16:0x80040fe4 x12:0x4eedd240 x14=0x277829bd
     172495.000 ns	     17248	80003c00	c00d21d3	fcvt.w.s	x3,f26	 f26:0x7f800000  x3=0x7fffffff
     172515.000 ns	     17250	80003c04	01489f33	sll	x30,x17,x20	 x17:0xffffffff x20:0x7cd79577 x30=0xff800000
     172525.000 ns	     17251	80003c08	4007d513	srai	x10,x15,0x0	 x15:0xfffffdc7 x10=0xfffffdc7
     172555.000 ns	     17254	80003c0c	1142fbd3	fmul.s	f23,f5,f20	  f5:0x026193c0 f20:0x7f800000 f23=0x7f800000
     172575.000 ns	     17256	80003c10	41128033	sub	x0,x5,x17	  x5:0x80041024 x17:0xffffffff
     172595.000 ns	     17258	80003c14	a14a2d53	feq.s	x26,f20,f20	 f20:0x7f800000 f20:0x7f800000 x26=0x00000001
     172615.000 ns	     17260	80003c18	48207e93	andi	x29,x0,1154	  x0:0x00000000 x29=0x00000000
     172645.000 ns	     17263	80003c1c	19b23ed3	fdiv.s	f29,f4,f27	  f4:0x826193c0 f27:0x00000000 f29=0xff800000
     172665.000 ns	     17265	80003c20	a1147c37	lui	x24,0xa1147	 x24=0xa1147000
     172675.000 ns	     17266	80003c24	41c95413	srai	x8,x18,0x1c	 x18:0x00000000  x8=0x00000000
     172695.000 ns	     17268	80003c28	20fd2753	fsgnjx.s	f14,f26,f15	 f26:0x7f800000 f15:0x00000000 f14=0x7f800000
     172745.000 ns	     17273	80003c2c	08affdd3	fsub.s	f27,f31,f10	 f31:0x4f000410 f10:0xcc189113 f27=0x4f026654
     172775.000 ns	     17276	80003c30	20a49dd3	fsgnjn.s	f27,f9,f10	  f9:0x7f800000 f10:0xcc189113 f27=0x7f800000
     172805.000 ns	     17279	80003c34	e00a8153	fmv.x.w	x2,f21	 f21:0x4f00040f  x2=0x4f00040f
     172835.000 ns	     17282	80003c38	f0010cd3	fmv.w.x	f25,x2	  x2:0x7cd79577 f25=0x4f00040f
     172885.000 ns	     17287	80003c3c	009f8e53	fadd.s	f28,f31,f9	 f31:0x4f000410  f9:0x7f800000 f28=0x7f800000
     172915.000 ns	     17290	80003c40	0321da33	divu	x20,x3,x18	  x3:0x7fffffff x18:0x00000000 x20=0xffffffff
     172965.000 ns	     17295	80003c44	00e2fe53	fadd.s	f28,f5,f14	  f5:0x026193c0 f14:0x7f800000 f28=0x7f800000
     172985.000 ns	     17297	80003c48	00000013	addi	x0,x0,0	  x0:0x00000000
     172995.000 ns	     17298	80003c4c	005a5d33	srl	x26,x20,x5	 x20:0xffffffff  x5:0x80041024 x26=0x0fffffff
     173015.000 ns	     17300	80003c50	c01a05d3	fcvt.wu.s	x11,f20	 f20:0x7f800000 x11=0xffffffff
     173045.000 ns	     17303	80003c54	f00c84d3	fmv.w.x	f9,x25	 x25:0x009ddba4  f9=0x009ddba4
     173065.000 ns	     17305	80003c58	179baf13	slti	x30,x23,377	 x23:0x00000000 x30=0x00000001
     173085.000 ns	     17307	80003c5c	21d58053	fsgnj.s	f0,f11,f29	 f11:0x4eedd240 f29:0xff800000  f0=0xceedd240
     173105.000 ns	     17309	80003c60	019c2933	slt	x18,x24,x25	 x24:0xa1147000 x25:0x009ddba4 x18=0x00000001
     173115.000 ns	     17310	80003c64	001c8f33	add	x30,x25,x1	 x25:0x009ddba4  x1:0x201adfab x30=0x20b8bb4f
     173125.000 ns	     17311	80003c68	fa2da413	slti	x8,x27,-94	 x27:0xf9af2af0  x8=0x00000001
     173165.000 ns	     17315	80003c6c	087644d3	fsub.s	f9,f12,f7	 f12:0x4f53f9e3  f7:0x4f79af2b  f9=0xce16d520
     173185.000 ns	     17317	80003c70	0145e933	or	x18,x11,x20	 x11:0xffffffff x20:0xffffffff x18=0xffffffff
     173195.000 ns	     17318	80003c74	00000013	addi	x0,x0,0	  x0:0x00000000
     173215.000 ns	     17320	80003c78	e00d8e53	fmv.x.w	x28,f27	 f27:0x7f800000 x28=0x7f800000
     173245.000 ns	     17323	80003c7c	281f9ad3	fmax.s	f21,f31,f1	 f31:0x4f000410  f1:0x80000000 f21=0x4f000410
     173265.000 ns	     17325	80003c80	6dc18a93	addi	x21,x3,1756	  x3:0x7fffffff x21=0x800006db
     173285.000 ns	     17327	80003c84	c007f953	fcvt.w.s	x18,f15	 f15:0x00000000 x18=0x00000000
     173305.000 ns	     17329	80003c88	b609a997	auipc	x19,0xb609a	 x19=0x3609dc88
     173315.000 ns	     17330	80003c8c	0013d613	srli	x12,x7,0x1	  x7:0x7fffffff x12=0x3fffffff
     173335.000 ns	     17332	80003c90	20b82853	fsgnjx.s	f16,f16,f11	 f16:0x0000047a f11:0x4eedd240 f16=0x0000047a
     173355.000 ns	     17334	80003c94	00aff933	and	x18,x31,x10	 x31:0x4eedd240 x10:0xfffffdc7 x18=0x4eedd040
     173375.000 ns	     17336	80003c98	03e1aa33	mulhsu	x20,x3,x30	  x3:0x7fffffff x30:0x20b8bb4f x20=0x105c5da7
     173405.000 ns	     17339	80003c9c	e0070c53	fmv.x.w	x24,f14	 f14:0x7f800000 x24=0x7f800000
     173435.000 ns	     17342	80003ca0	d0033bd3	fcvt.s.w	f23,x6	  x6:0x00000000 f23=0x00000000
     173465.000 ns	     17345	80003ca4	d00470d3	fcvt.s.w	f1,x8	  x8:0x00000001  f1=0x3f800000
     173495.000 ns	     17348	80003ca8	d015f6d3	fcvt.s.wu	f13,x11	 x11:0xffffffff f13=0x4f7fffff
     173535.000 ns	     17352	80003cac	10fd7153	fmul.s	f2,f26,f15	 f26:0x7f800000 f15:0x00000000  f2=0x7fc00000
     173565.000 ns	     17355	80003cb0	02015333	divu	x6,x2,x0	  x2:0x4f00040f  x0:0x00000000  x6=0xffffffff
     173595.000 ns	     17358	80003cb4	a15e87d3	fle.s	x15,f29,f21	 f29:0xff800000 f21:0x4f000410 x15=0x00000001
     173615.000 ns	     17360	80003cb8	01dcc6b3	xor	x13,x25,x29	 x25:0x009ddba4 x29:0x00000000 x13=0x009ddba4
     173635.000 ns	     17362	80003cbc	a1051bd3	flt.s	x23,f10,f16	 f10:0xcc189113 f16:0x0000047a x23=0x00000001
     173655.000 ns	     17364	80003cc0	01aebcb3	sltu	x25,x29,x26	 x29:0x00000000 x26:0x0fffffff x25=0x00000001
     173675.000 ns	     17366	80003cc4	02b203b3	mul	x7,x4,x11	  x4:0x437a7968 x11:0xffffffff  x7=0xbc858698
     173695.000 ns	     17368	80003cc8	4a3d7037	lui	x0,0x4a3d7	
     173715.000 ns	     17370	80003ccc	a13a8653	fle.s	x12,f21,f19	 f21:0x4f000410 f19:0x7f800000 x12=0x00000001
     173745.000 ns	     17373	80003cd0	28f397d3	fmax.s	f15,f7,f15	  f7:0x4f79af2b f15:0x00000000 f15=0x4f79af2b
     173765.000 ns	     17375	80003cd4	e5dbf413	andi	x8,x23,-419	 x23:0x00000001  x8=0x00000001
     173785.000 ns	     17377	80003cd8	219a1cd3	fsgnjn.s	f25,f20,f25	 f20:0x7f800000 f25:0x4f00040f f25=0xff800000
     174155.000 ns	     17414	80003cdc	03b9f6b3	remu	x13,x19,x27	 x19:0x3609dc88 x27:0xf9af2af0 x13=0x3609dc88
     174185.000 ns	     17417	80003ce0	29369bd3	fmax.s	f23,f13,f19	 f13:0x4f7fffff f19:0x7f800000 f23=0x7f800000
     174205.000 ns	     17419	80003ce4	016006b3	add	x13,x0,x22	  x0:0x00000000 x22:0x437a7967 x13=0x437a7967
     174215.000 ns	     17420	80003ce8	a9d63993	sltiu	x19,x12,-1379	 x12:0x00000001 x19=0x00000001
     174235.000 ns	     17422	80003cec	e00c1553	fclass.s	x10,f24	 f24:0x4f53fa89 x10=0x00000040
     174255.000 ns	     17424	80003cf0	4ec96a93	ori	x21,x18,1260	 x18:0x4eedd040 x21=0x4eedd4ec
     174265.000 ns	     17425	80003cf4	00c31633	sll	x12,x6,x12	  x6:0xffffffff x12:0x00000001 x12=0xfffffffe
     174285.000 ns	     17427	80003cf8	28790153	fmin.s	f2,f18,f7	 f18:0x7f800000  f7:0x4f79af2b  f2=0x4f79af2b
     174305.000 ns	     17429	80003cfc	408f5233	sra	x4,x30,x8	 x30:0x20b8bb4f  x8:0x00000001  x4=0x105c5da7
     174325.000 ns	     17431	80003d00	a15e23d3	feq.s	x7,f28,f21	 f28:0x7f800000 f21:0x4f000410  x7=0x00000000
     174365.000 ns	     17435	80003d04	580effd3	fsqrt.s	f31,f29	 f29:0xff800000 f31=0x7fc00000
     174385.000 ns	     17437	80003d08	30cf3397	auipc	x7,0x30cf3	  x7=0xb0cf6d08
     174405.000 ns	     17439	80003d0c	294c8953	fmin.s	f18,f25,f20	 f25:0xff800000 f20:0x7f800000 f18=0xff800000
     174435.000 ns	     17442	80003d10	211aa0d3	fsgnjx.s	f1,f21,f17	 f21:0x4f000410 f17:0x00000000  f1=0x4f000410
     174805.000 ns	     17479	80003d14	02fac633	div	x12,x21,x15	 x21:0x4eedd4ec x15:0x00000001 x12=0x4eedd4ec
     174835.000 ns	     17482	80003d18	c0147fd3	fcvt.wu.s	x31,f8	  f8:0x4c189113 x31=0x0262444c
     174855.000 ns	     17484	80003d1c	2d1eb497	auipc	x9,0x2d1eb	  x9=0xad1eed1c
     175215.000 ns	     17520	80003d20	023ddeb3	divu	x29,x27,x3	 x27:0xf9af2af0  x3:0x7fffffff x29=0x00000001
     175265.000 ns	     17525	80003d24	01b5c7d3	fadd.s	f15,f11,f27	 f11:0x4eedd240 f27:0x7f800000 f15=0x7f800000
     175295.000 ns	     17528	80003d28	2138abd3	fsgnjx.s	f23,f17,f19	 f17:0x00000000 f19:0x7f800000 f23=0x00000000
     175325.000 ns	     17531	80003d2c	c008f0d3	fcvt.w.s	x1,f17	 f17:0x00000000  x1=0x00000000
     175345.000 ns	     17533	80003d30	009654b3	srl	x9,x12,x9	 x12:0x4eedd4ec  x9:0xad1eed1c  x9=0x00000004
     175355.000 ns	     17534	80003d34	88dc2e97	auipc	x29,0x88dc2	 x29=0x08dc5d34
     175365.000 ns	     17535	80003d38	01219633	sll	x12,x3,x18	  x3:0x7fffffff x18:0x4eedd040 x12=0x7fffffff
     175375.000 ns	     17536	80003d3c	0050ab33	slt	x22,x1,x5	  x1:0x00000000  x5:0x80041024 x22=0x00000000
     175395.000 ns	     17538	80003d40	208a9953	fsgnjn.s	f18,f21,f8	 f21:0x4f000410  f8:0x4c189113 f18=0xcf000410
     175765.000 ns	     17575	80003d44	027b7e33	remu	x28,x22,x7	 x22:0x437a7967  x7:0xb0cf6d08 x28=0x00000000
     175795.000 ns	     17578	80003d48	286514d3	fmax.s	f9,f10,f6	 f10:0xcc189113  f6:0x4f79af2b  f9=0x4f79af2b
     175825.000 ns	     17581	80003d4c	e0019bd3	fclass.s	x23,f3	  f3:0x00000000 x23=0x00000010
     175865.000 ns	     17585	80003d50	197fba53	fdiv.s	f20,f31,f23	 f31:0x7fc00000 f23:0x00000000 f20=0x7fc00000
     175895.000 ns	     17588	80003d54	f00604d3	fmv.w.x	f9,x12	 x12:0x7fffffff  f9=0x7fffffff
     175925.000 ns	     17591	80003d58	0208a333	mulhsu	x6,x17,x0	 x17:0xffffffff  x0:0x00000000  x6=0x00000000
     175945.000 ns	     17593	80003d5c	01b0d893	srli	x17,x1,0x1b	  x1:0x00000000 x17=0x00000000
     175985.000 ns	     17597	80003d60	0984cb53	fsub.s	f22,f9,f24	  f9:0x7fffffff f24:0x4f53fa89 f22=0x7fc00000
     176015.000 ns	     17600	80003d64	a038a553	feq.s	x10,f17,f3	 f17:0x00000000  f3:0x00000000 x10=0x00000001
     176035.000 ns	     17602	80003d68	2d456d37	lui	x26,0x2d456	 x26=0x2d456000
     176055.000 ns	     17604	80003d6c	0365cd33	div	x26,x11,x22	 x11:0xffffffff x22:0x00000000 x26=0xffffffff
     176085.000 ns	     17607	80003d70	03fc1b33	mulh	x22,x24,x31	 x24:0x7f800000 x31:0x0262444c x22=0x012ff103
     176105.000 ns	     17609	80003d74	413984b3	sub	x9,x19,x19	 x19:0x00000001 x19:0x00000001  x9=0x00000000
     176115.000 ns	     17610	80003d78	ab064493	xori	x9,x12,-1360	 x12:0x7fffffff  x9=0x8000054f
     176135.000 ns	     17612	80003d7c	035a1cb3	mulh	x25,x20,x21	 x20:0x105c5da7 x21:0x4eedd4ec x25=0x050b57a7
     176165.000 ns	     17615	80003d80	02692533	mulhsu	x10,x18,x6	 x18:0x4eedd040  x6:0x00000000 x10=0x00000000
     176535.000 ns	     17652	80003d84	027ee0b3	rem	x1,x29,x7	 x29:0x08dc5d34  x7:0xb0cf6d08  x1=0x08dc5d34
     176565.000 ns	     17655	80003d88	c01814d3	fcvt.wu.s	x9,f16	 f16:0x0000047a  x9=0x00000000
     176595.000 ns	     17658	80003d8c	c00408d3	fcvt.w.s	x17,f8	  f8:0x4c189113 x17=0x0262444c
     176645.000 ns	     17663	80003d90	08b5fe53	fsub.s	f28,f11,f11	 f11:0x4eedd240 f11:0x4eedd240 f28=0x80000000
     176665.000 ns	     17665	80003d94	009b2b33	slt	x22,x22,x9	 x22:0x012ff103  x9:0x00000000 x22=0x00000000
     176675.000 ns	     17666	80003d98	65353393	sltiu	x7,x10,1619	 x10:0x00000000  x7=0x00000001
     176695.000 ns	     17668	80003d9c	a1ab87d3	fle.s	x15,f23,f26	 f23:0x00000000 f26:0x7f800000 x15=0x00000001
     176715.000 ns	     17670	80003da0	00d95f93	srli	x31,x18,0xd	 x18:0x4eedd040 x31=0x0002776e
     176755.000 ns	     17674	80003da4	0085c0d3	fadd.s	f1,f11,f8	 f11:0x4eedd240  f8:0x4c189113  f1=0x4ef296c9
     176785.000 ns	     17677	80003da8	e00c9d53	fclass.s	x26,f25	 f25:0xff800000 x26=0x00000001
     176815.000 ns	     17680	80003dac	c0007453	fcvt.w.s	x8,f0	  f0:0xceedd240  x8=0x76e92000
     176845.000 ns	     17683	80003db0	f0050953	fmv.w.x	f18,x10	 x10:0x00000000 f18=0x00000000
     176865.000 ns	     17685	80003db4	a1072913	slti	x18,x14,-1520	 x14:0x277829bd x18=0x00000000
     176875.000 ns	     17686	80003db8	24bd3c13	sltiu	x24,x26,587	 x26:0x00000001 x24=0x00000001
     176885.000 ns	     17687	80003dbc	015e7d33	and	x26,x28,x21	 x28:0x00000000 x21:0x4eedd4ec x26=0x00000000
     176905.000 ns	     17689	80003dc0	026db6b3	mulhu	x13,x27,x6	 x27:0xf9af2af0  x6:0x00000000 x13=0x00000000
     176935.000 ns	     17692	80003dc4	d014f953	fcvt.s.wu	f18,x9	  x9:0x00000000 f18=0x00000000
     176965.000 ns	     17695	80003dc8	21b6ac53	fsgnjx.s	f24,f13,f27	 f13:0x4f7fffff f27:0x7f800000 f24=0x4f7fffff
     176995.000 ns	     17698	80003dcc	207fae53	fsgnjx.s	f28,f31,f7	 f31:0x7fc00000  f7:0x4f79af2b f28=0x7fc00000
     177025.000 ns	     17701	80003dd0	c001ff53	fcvt.w.s	x30,f3	  f3:0x00000000 x30=0x00000000
     177075.000 ns	     17706	80003dd4	086ac453	fsub.s	f8,f21,f6	 f21:0x4f000410  f6:0x4f79af2b  f8=0xcef35636
     177095.000 ns	     17708	80003dd8	00ba7633	and	x12,x20,x11	 x20:0x105c5da7 x11:0xffffffff x12=0x105c5da7
     177115.000 ns	     17710	80003ddc	e00d13d3	fclass.s	x7,f26	 f26:0x7f800000  x7=0x00000080
     177135.000 ns	     17712	80003de0	2790dbb7	lui	x23,0x2790d	 x23=0x2790d000
     177155.000 ns	     17714	80003de4	d00a73d3	fcvt.s.w	f7,x20	 x20:0x105c5da7  f7=0x4d82e2ed
     177185.000 ns	     17717	80003de8	d00f94d3	fcvt.s.w	f9,x31	 x31:0x0002776e  f9=0x481ddb80
     177205.000 ns	     17719	80003dec	41280d33	sub	x26,x16,x18	 x16:0x80040fe4 x18:0x00000000 x26=0x80040fe4
     177215.000 ns	     17720	80003df0	009b9c93	slli	x25,x23,0x9	 x23:0x2790d000 x25=0x21a00000
     177235.000 ns	     17722	80003df4	02af98b3	mulh	x17,x31,x10	 x31:0x0002776e x10:0x00000000 x17=0x00000000
     177255.000 ns	     17724	80003df8	d4c1c493	xori	x9,x3,-692	  x3:0x7fffffff  x9=0x800002b3
     177615.000 ns	     17760	80003dfc	039853b3	divu	x7,x16,x25	 x16:0x80040fe4 x25:0x21a00000  x7=0x00000003
     177645.000 ns	     17763	80003e00	d003c453	fcvt.s.w	f8,x7	  x7:0x00000080  f8=0x40400000
     177665.000 ns	     17765	80003e04	0189e933	or	x18,x19,x24	 x19:0x00000001 x24:0x00000001 x18=0x00000001
     177675.000 ns	     17766	80003e08	00c1d033	srl	x0,x3,x12	  x3:0x7fffffff x12:0x105c5da7
     177695.000 ns	     17768	80003e0c	a0350553	fle.s	x10,f10,f3	 f10:0xcc189113  f3:0x00000000 x10=0x00000001
     177715.000 ns	     17770	80003e10	003d9013	slli	x0,x27,0x3	 x27:0xf9af2af0
     177725.000 ns	     17771	80003e14	4ce2eb13	ori	x22,x5,1230	  x5:0x80041024 x22=0x800414ee
     178085.000 ns	     17807	80003e18	037763b3	rem	x7,x14,x23	 x14:0x277829bd x23:0x2790d000  x7=0x277829bd
     178115.000 ns	     17810	80003e1c	20b32cd3	fsgnjx.s	f25,f6,f11	  f6:0x4f79af2b f11:0x4eedd240 f25=0x4f79af2b
     179295.000 ns	     17928	80003e20	580879d3	fsqrt.s	f19,f16	 f16:0x0000047a f19=0x1f350ad8
     179315.000 ns	     17930	80003e24	00fc3433	sltu	x8,x24,x15	 x24:0x00000001 x15:0x00000001  x8=0x00000000
     179335.000 ns	     17932	80003e28	c006f053	fcvt.w.s	x0,f13	 f13:0x4f7fffff
     179365.000 ns	     17935	80003e2c	a1a49c53	flt.s	x24,f9,f26	  f9:0x481ddb80 f26:0x7f800000 x24=0x00000001
     179735.000 ns	     17972	80003e30	0357f1b3	remu	x3,x15,x21	 x15:0x00000001 x21:0x4eedd4ec  x3=0x00000001
     179765.000 ns	     17975	80003e34	d015aa53	fcvt.s.wu	f20,x11	 x11:0xffffffff f20=0x4f800000
     179795.000 ns	     17978	80003e38	28378cd3	fmin.s	f25,f15,f3	 f15:0x7f800000  f3:0x00000000 f25=0x00000000
     179815.000 ns	     17980	80003e3c	00260333	add	x6,x12,x2	 x12:0x105c5da7  x2:0x4f00040f  x6=0x5f5c61b6
     179835.000 ns	     17982	80003e40	02d541b3	div	x3,x10,x13	 x10:0x00000001 x13:0x00000000  x3=0xffffffff
     179855.000 ns	     17984	80003e44	00c38a33	add	x20,x7,x12	  x7:0x277829bd x12:0x105c5da7 x20=0x37d48764
     180215.000 ns	     18020	80003e48	02495cb3	divu	x25,x18,x4	 x18:0x00000001  x4:0x105c5da7 x25=0x00000000
     180245.000 ns	     18023	80003e4c	02d7bf33	mulhu	x30,x15,x13	 x15:0x00000001 x13:0x00000000 x30=0x00000000
     180615.000 ns	     18060	80003e50	02bade33	divu	x28,x21,x11	 x21:0x4eedd4ec x11:0xffffffff x28=0x00000000
     180645.000 ns	     18063	80003e54	20428ed3	fsgnj.s	f29,f5,f4	  f5:0x026193c0  f4:0x826193c0 f29=0x826193c0
     180665.000 ns	     18065	80003e58	00c5a3b3	slt	x7,x11,x12	 x11:0xffffffff x12:0x105c5da7  x7=0x00000001
     180675.000 ns	     18066	80003e5c	01cfdbb3	srl	x23,x31,x28	 x31:0x0002776e x28:0x00000000 x23=0x0002776e
     180685.000 ns	     18067	80003e60	416ade93	srai	x29,x21,0x16	 x21:0x4eedd4ec x29=0x0000013b
     180705.000 ns	     18069	80003e64	2023aad3	fsgnjx.s	f21,f7,f2	  f7:0x4d82e2ed  f2:0x4f79af2b f21=0x4d82e2ed
     180735.000 ns	     18072	80003e68	a161a653	feq.s	x12,f3,f22	  f3:0x00000000 f22:0x7fc00000 x12=0x00000000
     180785.000 ns	     18077	80003e6c	01aa14d3	fadd.s	f9,f20,f26	 f20:0x4f800000 f26:0x7f800000  f9=0x7f800000
     180815.000 ns	     18080	80003e70	e0039053	fclass.s	x0,f7	  f7:0x4d82e2ed
     180845.000 ns	     18083	80003e74	0363a033	mulhsu	x0,x7,x22	  x7:0x00000001 x22:0x800414ee
     180875.000 ns	     18086	80003e78	d00ac453	fcvt.s.w	f8,x21	 x21:0x4eedd4ec  f8=0x4e9ddbaa
     180905.000 ns	     18089	80003e7c	a11c0bd3	fle.s	x23,f24,f17	 f24:0x4f7fffff f17:0x00000000 x23=0x00000000
     180925.000 ns	     18091	80003e80	01f99413	slli	x8,x19,0x1f	 x19:0x00000001  x8=0x80000000
     180935.000 ns	     18092	80003e84	0fc76237	lui	x4,0xfc76	  x4=0x0fc76000
     180955.000 ns	     18094	80003e88	292900d3	fmin.s	f1,f18,f18	 f18:0x00000000 f18:0x00000000  f1=0x00000000
     180975.000 ns	     18096	80003e8c	011fd013	srli	x0,x31,0x11	 x31:0x0002776e
     180985.000 ns	     18097	80003e90	01a79733	sll	x14,x15,x26	 x15:0x00000001 x26:0x80040fe4 x14=0x00000010
     181005.000 ns	     18099	80003e94	20baa053	fsgnjx.s	f0,f21,f11	 f21:0x4d82e2ed f11:0x4eedd240  f0=0x4d82e2ed
     181025.000 ns	     18101	80003e98	4048deb3	sra	x29,x17,x4	 x17:0x00000000  x4:0x0fc76000 x29=0x00000000
     181055.000 ns	     18104	80003e9c	580eabd3	fsqrt.s	f23,f29	 f29:0x826193c0 f23=0x7fc00000
     181075.000 ns	     18106	80003ea0	00cceb33	or	x22,x25,x12	 x25:0x00000000 x12:0x00000000 x22=0x00000000
     181085.000 ns	     18107	80003ea4	dd1e3013	sltiu	x0,x28,-559	 x28:0x00000000
     181115.000 ns	     18110	80003ea8	58008053	fsqrt.s	f0,f1	  f1:0x00000000  f0=0x00000000
     181145.000 ns	     18113	80003eac	d0070053	fcvt.s.w	f0,x14	 x14:0x00000010  f0=0x41800000
     181175.000 ns	     18116	80003eb0	283c8b53	fmin.s	f22,f25,f3	 f25:0x00000000  f3:0x00000000 f22=0x00000000
     181195.000 ns	     18118	80003eb4	c9b84413	xori	x8,x16,-869	 x16:0x80040fe4  x8=0x7ffbf37f
     181205.000 ns	     18119	80003eb8	014db8b3	sltu	x17,x27,x20	 x27:0xf9af2af0 x20:0x37d48764 x17=0x00000000
     181225.000 ns	     18121	80003ebc	d01fc2d3	fcvt.s.wu	f5,x31	 x31:0x0002776e  f5=0x481ddb80
     181245.000 ns	     18123	80003ec0	01a29a33	sll	x20,x5,x26	  x5:0x80041024 x26:0x80040fe4 x20=0x00410240
     181255.000 ns	     18124	80003ec4	01ccffb3	and	x31,x25,x28	 x25:0x00000000 x28:0x00000000 x31=0x00000000
     181265.000 ns	     18125	80003ec8	fd422a17	auipc	x20,0xfd422	 x20=0x7d425ec8
     181275.000 ns	     18126	80003ecc	00132233	slt	x4,x6,x1	  x6:0x5f5c61b6  x1:0x08dc5d34  x4=0x00000000
     181295.000 ns	     18128	80003ed0	e00487d3	fmv.x.w	x15,f9	  f9:0x7f800000 x15=0x7f800000
     181325.000 ns	     18131	80003ed4	03330d33	mul	x26,x6,x19	  x6:0x5f5c61b6 x19:0x00000001 x26=0x5f5c61b6
     181345.000 ns	     18133	80003ed8	40d18733	sub	x14,x3,x13	  x3:0xffffffff x13:0x00000000 x14=0xffffffff
     181355.000 ns	     18134	80003edc	0003f433	and	x8,x7,x0	  x7:0x00000001  x0:0x00000000  x8=0x00000000
     181365.000 ns	     18135	80003ee0	408f0b33	sub	x22,x30,x8	 x30:0x00000000  x8:0x7ffbf37f x22=0x00000000
     181405.000 ns	     18139	80003ee4	09187053	fsub.s	f0,f16,f17	 f16:0x0000047a f17:0x00000000  f0=0x0000047a
     181435.000 ns	     18142	80003ee8	e00b13d3	fclass.s	x7,f22	 f22:0x00000000  x7=0x00000010
     181455.000 ns	     18144	80003eec	00cebbb3	sltu	x23,x29,x12	 x29:0x00000000 x12:0x00000000 x23=0x00000000
     181465.000 ns	     18145	80003ef0	00000013	addi	x0,x0,0	  x0:0x00000000
     181475.000 ns	     18146	80003ef4	00b12fb3	slt	x31,x2,x11	  x2:0x4f00040f x11:0xffffffff x31=0x00000000
     181485.000 ns	     18147	80003ef8	0bba3613	sltiu	x12,x20,187	 x20:0x7d425ec8 x12=0x00000000
     181495.000 ns	     18148	80003efc	010f9f93	slli	x31,x31,0x10	 x31:0x00000000 x31=0x00000000
     181855.000 ns	     18184	80003f00	02534f33	div	x30,x6,x5	  x6:0x5f5c61b6  x5:0x80041024 x30=0x00000000
     181875.000 ns	     18186	80003f04	0068c133	xor	x2,x17,x6	 x17:0x00000000  x6:0x5f5c61b6  x2=0x5f5c61b6
     181895.000 ns	     18188	80003f08	03bb8f33	mul	x30,x23,x27	 x23:0x00000000 x27:0xf9af2af0 x30=0x00000000
     181925.000 ns	     18191	80003f0c	f0030fd3	fmv.w.x	f31,x6	  x6:0x5f5c61b6 f31=0x5f5c61b6
     181945.000 ns	     18193	80003f10	00a53433	sltu	x8,x10,x10	 x10:0x00000001 x10:0x00000001  x8=0x00000000
     182305.000 ns	     18229	80003f14	022c50b3	divu	x1,x24,x2	 x24:0x00000001  x2:0x5f5c61b6  x1=0x00000000
     182335.000 ns	     18232	80003f18	d000f653	fcvt.s.w	f12,x1	  x1:0x08dc5d34 f12=0x00000000
     182705.000 ns	     18269	80003f1c	02965f33	divu	x30,x12,x9	 x12:0x00000000  x9:0x800002b3 x30=0x00000000
     182735.000 ns	     18272	80003f20	a1dd0cd3	fle.s	x25,f26,f29	 f26:0x7f800000 f29:0x826193c0 x25=0x00000000
     182765.000 ns	     18275	80003f24	e00e0953	fmv.x.w	x18,f28	 f28:0x7fc00000 x18=0x7fc00000
     182795.000 ns	     18278	80003f28	283e8ed3	fmin.s	f29,f29,f3	 f29:0x826193c0  f3:0x00000000 f29=0x826193c0
     182825.000 ns	     18281	80003f2c	a134a553	feq.s	x10,f9,f19	  f9:0x7f800000 f19:0x1f350ad8 x10=0x00000000
     182855.000 ns	     18284	80003f30	02fd13b3	mulh	x7,x26,x15	 x26:0x5f5c61b6 x15:0x7f800000  x7=0x2f7e82aa
     182895.000 ns	     18288	80003f34	19ee7ed3	fdiv.s	f29,f28,f30	 f28:0x7fc00000 f30:0x4c2211d7 f29=0x7fc00000
     182925.000 ns	     18291	80003f38	d01307d3	fcvt.s.wu	f15,x6	  x6:0x5f5c61b6 f15=0x4ebeb8c3
     182975.000 ns	     18296	80003f3c	010d33d3	fadd.s	f7,f26,f16	 f26:0x7f800000 f16:0x0000047a  f7=0x7f800000
     182995.000 ns	     18298	80003f40	0156b733	sltu	x14,x13,x21	 x13:0x00000000 x21:0x4eedd4ec x14=0x00000001
     183015.000 ns	     18300	80003f44	29d40cd3	fmin.s	f25,f8,f29	  f8:0x4e9ddbaa f29:0x7fc00000 f25=0x4e9ddbaa
     183045.000 ns	     18303	80003f48	a08527d3	feq.s	x15,f10,f8	 f10:0xcc189113  f8:0x4e9ddbaa x15=0x00000000
     183065.000 ns	     18305	80003f4c	018d97b3	sll	x15,x27,x24	 x27:0xf9af2af0 x24:0x00000001 x15=0xf35e55e0
     183105.000 ns	     18309	80003f50	00a20c53	fadd.s	f24,f4,f10	  f4:0x826193c0 f10:0xcc189113 f24=0xcc189113
     183155.000 ns	     18314	80003f54	01ba7153	fadd.s	f2,f20,f27	 f20:0x4f800000 f27:0x7f800000  f2=0x7f800000
     183185.000 ns	     18317	80003f58	e00589d3	fmv.x.w	x19,f11	 f11:0x4eedd240 x19=0x4eedd240
     183205.000 ns	     18319	80003f5c	00970133	add	x2,x14,x9	 x14:0x00000001  x9:0x800002b3  x2=0x800002b4
     183215.000 ns	     18320	80003f60	f730e513	ori	x10,x1,-141	  x1:0x00000000 x10=0xffffff73
     183575.000 ns	     18356	80003f64	032c51b3	divu	x3,x24,x18	 x24:0x00000001 x18:0x7fc00000  x3=0x00000000
     183605.000 ns	     18359	80003f68	e0099253	fclass.s	x4,f19	 f19:0x1f350ad8  x4=0x00000040
     183635.000 ns	     18362	80003f6c	d0179bd3	fcvt.s.wu	f23,x15	 x15:0xf35e55e0 f23=0x4f735e55
     183655.000 ns	     18364	80003f70	0014bf33	sltu	x30,x9,x1	  x9:0x800002b3  x1:0x00000000 x30=0x00000000
     183675.000 ns	     18366	80003f74	03193cb3	mulhu	x25,x18,x17	 x18:0x7fc00000 x17:0x00000000 x25=0x00000000
     183695.000 ns	     18368	80003f78	f362ef93	ori	x31,x5,-202	  x5:0x80041024 x31=0xffffff36
     184865.000 ns	     18485	80003f7c	580c8e53	fsqrt.s	f28,f25	 f25:0x4e9ddbaa f28=0x470e2580
     185235.000 ns	     18522	80003f80	025d70b3	remu	x1,x26,x5	 x26:0x5f5c61b6  x5:0x80041024  x1=0x5f5c61b6
     185265.000 ns	     18525	80003f84	21459fd3	fsgnjn.s	f31,f11,f20	 f11:0x4eedd240 f20:0x4f800000 f31=0xceedd240
     185285.000 ns	     18527	80003f88	010c5f93	srli	x31,x24,0x10	 x24:0x00000001 x31=0x00000000
     185295.000 ns	     18528	80003f8c	b7525a97	auipc	x21,0xb7525	 x21=0x37528f8c
     185315.000 ns	     18530	80003f90	f0018453	fmv.w.x	f8,x3	  x3:0x00000000  f8=0x00000000
     185335.000 ns	     18532	80003f94	019ad693	srli	x13,x21,0x19	 x21:0x4eedd4ec x13=0x0000001b
     185345.000 ns	     18533	80003f98	019956b3	srl	x13,x18,x25	 x18:0x7fc00000 x25:0x00000000 x13=0x7fc00000
     185365.000 ns	     18535	80003f9c	a1578c53	fle.s	x24,f15,f21	 f15:0x4ebeb8c3 f21:0x4d82e2ed x24=0x00000000
     185385.000 ns	     18537	80003fa0	01f145b3	xor	x11,x2,x31	  x2:0x800002b4 x31:0x00000000 x11=0x800002b4
     185405.000 ns	     18539	80003fa4	d01b7e53	fcvt.s.wu	f28,x22	 x22:0x00000000 f28=0x00000000
     185435.000 ns	     18542	80003fa8	e0018953	fmv.x.w	x18,f3	  f3:0x00000000 x18=0x00000000
     185465.000 ns	     18545	80003fac	299d9653	fmax.s	f12,f27,f25	 f27:0x7f800000 f25:0x4e9ddbaa f12=0x7f800000
     185495.000 ns	     18548	80003fb0	031484b3	mul	x9,x9,x17	  x9:0x800002b3 x17:0x00000000  x9=0x00000000
     185515.000 ns	     18550	80003fb4	17bb4313	xori	x6,x22,379	 x22:0x00000000  x6=0x0000017b
     185545.000 ns	     18553	80003fb8	102cf7d3	fmul.s	f15,f25,f2	 f25:0x4e9ddbaa  f2:0x7f800000 f15=0x7f800000
     185575.000 ns	     18556	80003fbc	f00781d3	fmv.w.x	f3,x15	 x15:0xf35e55e0  f3=0xf35e55e0
     185595.000 ns	     18558	80003fc0	01b05c33	srl	x24,x0,x27	  x0:0x00000000 x27:0xf9af2af0 x24=0x00000000
     185615.000 ns	     18560	80003fc4	d00b0453	fcvt.s.w	f8,x22	 x22:0x00000000  f8=0x00000000
     185635.000 ns	     18562	80003fc8	01ae34b3	sltu	x9,x28,x26	 x28:0x00000000 x26:0x5f5c61b6  x9=0x00000001
     185645.000 ns	     18563	80003fcc	f6e1f513	andi	x10,x3,-146	  x3:0x00000000 x10=0x00000000
     185665.000 ns	     18565	80003fd0	28768953	fmin.s	f18,f13,f7	 f13:0x4f7fffff  f7:0x7f800000 f18=0x4f7fffff
     185695.000 ns	     18568	80003fd4	a00a15d3	flt.s	x11,f20,f0	 f20:0x4f800000  f0:0x0000047a x11=0x00000000
     185715.000 ns	     18570	80003fd8	415554b3	sra	x9,x10,x21	 x10:0x00000000 x21:0x37528f8c  x9=0x00000000
     186885.000 ns	     18687	80003fdc	58087cd3	fsqrt.s	f25,f16	 f16:0x0000047a f25=0x1f350ad8
     186915.000 ns	     18690	80003fe0	e00593d3	fclass.s	x7,f11	 f11:0x4eedd240  x7=0x00000040
     186945.000 ns	     18693	80003fe4	a03a2353	feq.s	x6,f20,f3	 f20:0x4f800000  f3:0xf35e55e0  x6=0x00000000
     186975.000 ns	     18696	80003fe8	03d425b3	mulhsu	x11,x8,x29	  x8:0x00000000 x29:0x00000000 x11=0x00000000
     186995.000 ns	     18698	80003fec	00deb033	sltu	x0,x29,x13	 x29:0x00000000 x13:0x7fc00000
     187005.000 ns	     18699	80003ff0	9b5df613	andi	x12,x27,-1611	 x27:0xf9af2af0 x12=0xf9af28b0
     187025.000 ns	     18701	80003ff4	a0b70653	fle.s	x12,f14,f11	 f14:0x7f800000 f11:0x4eedd240 x12=0x00000000
     187045.000 ns	     18703	80003ff8	01b76e33	or	x28,x14,x27	 x14:0x00000001 x27:0xf9af2af0 x28=0xf9af2af1
     187055.000 ns	     18704	80003ffc	01ba1f13	slli	x30,x20,0x1b	 x20:0x7d425ec8 x30=0x40000000
     187065.000 ns	     18705	80004000	41195913	srai	x18,x18,0x11	 x18:0x00000000 x18=0x00000000
     187105.000 ns	     18709	80004004	00ac0653	fadd.s	f12,f24,f10	 f24:0xcc189113 f10:0xcc189113 f12=0xcc989113
     187125.000 ns	     18711	80004008	0023c033	xor	x0,x7,x2	  x7:0x00000040  x2:0x800002b4
     187155.000 ns	     18714	8000400c	580776d3	fsqrt.s	f13,f14	 f14:0x7f800000 f13=0x7f800000
     187175.000 ns	     18716	80004010	00bdd213	srli	x4,x27,0xb	 x27:0xf9af2af0  x4=0x001f35e5
     187185.000 ns	     18717	80004014	00a39b93	slli	x23,x7,0xa	  x7:0x00000040 x23=0x00010000
     187205.000 ns	     18719	80004018	207ea3d3	fsgnjx.s	f7,f29,f7	 f29:0x7fc00000  f7:0x7f800000  f7=0x7fc00000
     187235.000 ns	     18722	8000401c	d013ad53	fcvt.s.wu	f26,x7	  x7:0x00000040 f26=0x42800000
     187285.000 ns	     18727	80004020	098378d3	fsub.s	f17,f6,f24	  f6:0x4f79af2b f24:0xcc189113 f17=0x4f7c116f
     187315.000 ns	     18730	80004024	03bca033	mulhsu	x0,x25,x27	 x25:0x00000000 x27:0xf9af2af0
     187345.000 ns	     18733	80004028	21d58ad3	fsgnj.s	f21,f11,f29	 f11:0x4eedd240 f29:0x7fc00000 f21=0x4eedd240
     187715.000 ns	     18770	8000402c	030ed6b3	divu	x13,x29,x16	 x29:0x00000000 x16:0x80040fe4 x13=0x00000000
     187765.000 ns	     18775	80004030	0114f253	fadd.s	f4,f9,f17	  f9:0x7f800000 f17:0x4f7c116f  f4=0x7f800000
     187795.000 ns	     18778	80004034	a0cd2a53	feq.s	x20,f26,f12	 f26:0x42800000 f12:0xcc989113 x20=0x00000000
     187815.000 ns	     18780	80004038	6009c713	xori	x14,x19,1536	 x19:0x4eedd240 x14=0x4eedd440
     187835.000 ns	     18782	8000403c	212badd3	fsgnjx.s	f27,f23,f18	 f23:0x4f735e55 f18:0x4f7fffff f27=0x4f735e55
     187855.000 ns	     18784	80004040	01976ab3	or	x21,x14,x25	 x14:0x00000001 x25:0x00000000 x21=0x4eedd440
     188215.000 ns	     18820	80004044	03cafab3	remu	x21,x21,x28	 x21:0x37528f8c x28:0xf9af2af1 x21=0x4eedd440
     188235.000 ns	     18822	80004048	5c8a4c17	auipc	x24,0x5c8a4	 x24=0xdc8a8048
     188245.000 ns	     18823	8000404c	8d07ab93	slti	x23,x15,-1840	 x15:0xf35e55e0 x23=0x00000001
     188265.000 ns	     18825	80004050	a09faad3	feq.s	x21,f31,f9	 f31:0xceedd240  f9:0x7f800000 x21=0x00000000
     188295.000 ns	     18828	80004054	a10b10d3	flt.s	x1,f22,f16	 f22:0x00000000 f16:0x0000047a  x1=0x00000001
     188315.000 ns	     18830	80004058	785ea637	lui	x12,0x785ea	 x12=0x785ea000
     188325.000 ns	     18831	8000405c	46bab437	lui	x8,0x46bab	  x8=0x46bab000
     188335.000 ns	     18832	80004060	017f6633	or	x12,x30,x23	 x30:0x40000000 x23:0x00000001 x12=0x40000001
     188355.000 ns	     18834	80004064	a0690653	fle.s	x12,f18,f6	 f18:0x4f7fffff  f6:0x4f79af2b x12=0x00000000
     188405.000 ns	     18839	80004068	000111d3	fadd.s	f3,f2,f0	  f2:0x7f800000  f0:0x0000047a  f3=0x7f800000
     188425.000 ns	     18841	8000406c	ebe90f93	addi	x31,x18,-322	 x18:0x00000000 x31=0xfffffebe
     188435.000 ns	     18842	80004070	003c96b3	sll	x13,x25,x3	 x25:0x00000000  x3:0x00000000 x13=0x00000000
     188455.000 ns	     18844	80004074	a1f296d3	flt.s	x13,f5,f31	  f5:0x481ddb80 f31:0xceedd240 x13=0x00000000
     188485.000 ns	     18847	80004078	c01273d3	fcvt.wu.s	x7,f4	  f4:0x7f800000  x7=0xffffffff
     188855.000 ns	     18884	8000407c	0271e633	rem	x12,x3,x7	  x3:0x00000000  x7:0x00000040 x12=0x00000000
     188875.000 ns	     18886	80004080	00c381b3	add	x3,x7,x12	  x7:0xffffffff x12:0x00000000  x3=0xffffffff
     188885.000 ns	     18887	80004084	7277b893	sltiu	x17,x15,1831	 x15:0xf35e55e0 x17=0x00000000
     188895.000 ns	     18888	80004088	00ebf433	and	x8,x23,x14	 x23:0x00000001 x14:0x4eedd440  x8=0x00000000
     188915.000 ns	     18890	8000408c	02b124b3	mulhsu	x9,x2,x11	  x2:0x800002b4 x11:0x00000000  x9=0x00000000
     188945.000 ns	     18893	80004090	f0080353	fmv.w.x	f6,x16	 x16:0x80040fe4  f6=0x80040fe4
     188965.000 ns	     18895	80004094	40e85533	sra	x10,x16,x14	 x16:0x80040fe4 x14:0x4eedd440 x10=0x80040fe4
     188985.000 ns	     18897	80004098	d00dfb53	fcvt.s.w	f22,x27	 x27:0xf9af2af0 f22=0xccca1aa2
     189015.000 ns	     18900	8000409c	e0071b53	fclass.s	x22,f14	 f14:0x7f800000 x22=0x00000080
     189045.000 ns	     18903	800040a0	281f9a53	fmax.s	f20,f31,f1	 f31:0xceedd240  f1:0x00000000 f20=0x00000000
     189065.000 ns	     18905	800040a4	19548b93	addi	x23,x9,405	  x9:0x00000000 x23=0x00000195
     189425.000 ns	     18941	800040a8	0232e5b3	rem	x11,x5,x3	  x5:0x80041024  x3:0xffffffff x11=0x00000000
     189795.000 ns	     18978	800040ac	03c84ab3	div	x21,x16,x28	 x16:0x80040fe4 x28:0xf9af2af1 x21=0x00000014
     189815.000 ns	     18980	800040b0	014f78b3	and	x17,x30,x20	 x30:0x40000000 x20:0x00000000 x17=0x00000000
     189855.000 ns	     18984	800040b4	006a7d53	fadd.s	f26,f20,f6	 f20:0x00000000  f6:0x80040fe4 f26=0x80040fe4
     189875.000 ns	     18986	800040b8	ff060a93	addi	x21,x12,-16	 x12:0x00000000 x21=0xfffffff0
     189885.000 ns	     18987	800040bc	003990b3	sll	x1,x19,x3	 x19:0x4eedd240  x3:0xffffffff  x1=0x00000000
     189895.000 ns	     18988	800040c0	574b7993	andi	x19,x22,1396	 x22:0x00000080 x19=0x00000000
     189925.000 ns	     18991	800040c4	11acbcd3	fmul.s	f25,f25,f26	 f25:0x1f350ad8 f26:0x80040fe4 f25=0x80000000
     189945.000 ns	     18993	800040c8	004d1cb3	sll	x25,x26,x4	 x26:0x5f5c61b6  x4:0x001f35e5 x25=0xeb8c36c0
     189955.000 ns	     18994	800040cc	00b45033	srl	x0,x8,x11	  x8:0x00000000 x11:0x00000000
     189965.000 ns	     18995	800040d0	000e5a33	srl	x20,x28,x0	 x28:0xf9af2af1  x0:0x00000000 x20=0xf9af2af1
     189985.000 ns	     18997	800040d4	02bcdb33	divu	x22,x25,x11	 x25:0xeb8c36c0 x11:0x00000000 x22=0xffffffff
     190005.000 ns	     18999	800040d8	4e736e37	lui	x28,0x4e736	 x28=0x4e736000
     190015.000 ns	     19000	800040dc	00000013	addi	x0,x0,0	  x0:0x00000000
     190025.000 ns	     19001	800040e0	00ae4c33	xor	x24,x28,x10	 x28:0xf9af2af1 x10:0x80040fe4 x24=0xce776fe4
     190355.000 ns	     19034	800040e4	19fb7ed3	fdiv.s	f29,f22,f31	 f22:0xccca1aa2 f31:0xceedd240 f29=0x3d4a1aa2
     190385.000 ns	     19037	800040e8	031dfbb3	remu	x23,x27,x17	 x27:0xf9af2af0 x17:0x00000000 x23=0xf9af2af0
     190415.000 ns	     19040	800040ec	21999553	fsgnjn.s	f10,f19,f25	 f19:0x1f350ad8 f25:0x80000000 f10=0x1f350ad8
     190445.000 ns	     19043	800040f0	a1249c53	flt.s	x24,f9,f18	  f9:0x7f800000 f18:0x4f7fffff x24=0x00000000
     190475.000 ns	     19046	800040f4	02f9b0b3	mulhu	x1,x19,x15	 x19:0x00000000 x15:0xf35e55e0  x1=0x00000000
     190505.000 ns	     19049	800040f8	a0b70c53	fle.s	x24,f14,f11	 f14:0x7f800000 f11:0x4eedd240 x24=0x00000000
     190535.000 ns	     19052	800040fc	a17c1e53	flt.s	x28,f24,f23	 f24:0xcc189113 f23:0x4f735e55 x28=0x00000001
     190565.000 ns	     19055	80004100	f00505d3	fmv.w.x	f11,x10	 x10:0x80040fe4 f11=0x80040fe4
     190585.000 ns	     19057	80004104	4137dfb3	sra	x31,x15,x19	 x15:0xf35e55e0 x19:0x00000000 x31=0xf35e55e0
     190605.000 ns	     19059	80004108	a0fb05d3	fle.s	x11,f22,f15	 f22:0xccca1aa2 f15:0x7f800000 x11=0x00000001
     190635.000 ns	     19062	8000410c	e0078153	fmv.x.w	x2,f15	 f15:0x7f800000  x2=0x7f800000
     190665.000 ns	     19065	80004110	20c89c53	fsgnjn.s	f24,f17,f12	 f17:0x4f7c116f f12:0xcc989113 f24=0x4f7c116f
     190705.000 ns	     19069	80004114	11fcf653	fmul.s	f12,f25,f31	 f25:0x80000000 f31:0xceedd240 f12=0x00000000
     190745.000 ns	     19073	80004118	199f7553	fdiv.s	f10,f30,f25	 f30:0x4c2211d7 f25:0x80000000 f10=0xff800000
     190775.000 ns	     19076	8000411c	03b51fb3	mulh	x31,x10,x27	 x10:0x80040fe4 x27:0xf9af2af0 x31=0x032850e0
     190805.000 ns	     19079	80004120	e0008453	fmv.x.w	x8,f1	  f1:0x00000000  x8=0x00000000
     191175.000 ns	     19116	80004124	034ec4b3	div	x9,x29,x20	 x29:0x00000000 x20:0xf9af2af1  x9=0x00000000
     191205.000 ns	     19119	80004128	21511ad3	fsgnjn.s	f21,f2,f21	  f2:0x7f800000 f21:0x4eedd240 f21=0xff800000
     191235.000 ns	     19122	8000412c	03799e33	mulh	x28,x19,x23	 x19:0x00000000 x23:0xf9af2af0 x28=0x00000000
     191255.000 ns	     19124	80004130	02c5f693	andi	x13,x11,44	 x11:0x00000001 x13=0x00000000
     191275.000 ns	     19126	80004134	a14d20d3	feq.s	x1,f26,f20	 f26:0x80040fe4 f20:0x00000000  x1=0x00000000
     191295.000 ns	     19128	80004138	bb2da713	slti	x14,x27,-1102	 x27:0xf9af2af0 x14=0x00000001
     191305.000 ns	     19129	8000413c	84076e93	ori	x29,x14,-1984	 x14:0x4eedd440 x29=0xfffff841
     191325.000 ns	     19131	80004140	21e70353	fsgnj.s	f6,f14,f30	 f14:0x7f800000 f30:0x4c2211d7  f6=0x7f800000
     191355.000 ns	     19134	80004144	e00491d3	fclass.s	x3,f9	  f9:0x7f800000  x3=0x00000080
     191725.000 ns	     19171	80004148	024545b3	div	x11,x10,x4	 x10:0x80040fe4  x4:0x001f35e5 x11=0xfffffbe7
     191755.000 ns	     19174	8000414c	c007f053	fcvt.w.s	x0,f15	 f15:0x7f800000
     191785.000 ns	     19177	80004150	a16e0fd3	fle.s	x31,f28,f22	 f28:0x00000000 f22:0xccca1aa2 x31=0x00000000
     191815.000 ns	     19180	80004154	c003be53	fcvt.w.s	x28,f7	  f7:0x7fc00000 x28=0x7fffffff
     191845.000 ns	     19183	80004158	e00c9ed3	fclass.s	x29,f25	 f25:0x80000000 x29=0x00000008
     191875.000 ns	     19186	8000415c	2133ab53	fsgnjx.s	f22,f7,f19	  f7:0x7fc00000 f19:0x1f350ad8 f22=0x7fc00000
     191905.000 ns	     19189	80004160	a0e98753	fle.s	x14,f19,f14	 f19:0x1f350ad8 f14:0x7f800000 x14=0x00000001
     191925.000 ns	     19191	80004164	01a7bfb3	sltu	x31,x15,x26	 x15:0xf35e55e0 x26:0x5f5c61b6 x31=0x00000000
     191935.000 ns	     19192	80004168	013523b3	slt	x7,x10,x19	 x10:0x80040fe4 x19:0x00000000  x7=0x00000001
     191955.000 ns	     19194	8000416c	03a22933	mulhsu	x18,x4,x26	  x4:0x001f35e5 x26:0x5f5c61b6 x18=0x000ba043
     191975.000 ns	     19196	80004170	2643bb93	sltiu	x23,x7,612	  x7:0xffffffff x23=0x00000001
     191985.000 ns	     19197	80004174	15ab6593	ori	x11,x22,346	 x22:0xffffffff x11=0xffffffff
     192005.000 ns	     19199	80004178	e0020f53	fmv.x.w	x30,f4	  f4:0x7f800000 x30=0x7f800000
     192035.000 ns	     19202	8000417c	21dba0d3	fsgnjx.s	f1,f23,f29	 f23:0x4f735e55 f29:0x3d4a1aa2  f1=0x4f735e55
     192085.000 ns	     19207	80004180	01617ad3	fadd.s	f21,f2,f22	  f2:0x7f800000 f22:0x7fc00000 f21=0x7fc00000
     192105.000 ns	     19209	80004184	017e58b3	srl	x17,x28,x23	 x28:0x7fffffff x23:0x00000001 x17=0x3fffffff
     192125.000 ns	     19211	80004188	a0111e53	flt.s	x28,f2,f1	  f2:0x7f800000  f1:0x4f735e55 x28=0x00000000
     192145.000 ns	     19213	8000418c	00570433	add	x8,x14,x5	 x14:0x00000001  x5:0x80041024  x8=0x80041025
     192165.000 ns	     19215	80004190	d005fe53	fcvt.s.w	f28,x11	 x11:0xffffffff f28=0xbf800000
     192185.000 ns	     19217	80004194	40e20033	sub	x0,x4,x14	  x4:0x001f35e5 x14:0x00000001
     192515.000 ns	     19250	80004198	190bf8d3	fdiv.s	f17,f23,f16	 f23:0x4f735e55 f16:0x0000047a f17=0x7f800000
     192535.000 ns	     19252	8000419c	1eb53693	sltiu	x13,x10,491	 x10:0x80040fe4 x13=0x00000000
     192545.000 ns	     19253	800041a0	7e82bb93	sltiu	x23,x5,2024	  x5:0x80041024 x23=0x00000000
     192565.000 ns	     19255	800041a4	a06a2953	feq.s	x18,f20,f6	 f20:0x00000000  f6:0x7f800000 x18=0x00000000
     192585.000 ns	     19257	800041a8	00d09ab3	sll	x21,x1,x13	  x1:0x00000000 x13:0x00000000 x21=0x00000000
     192605.000 ns	     19259	800041ac	a1ea9fd3	flt.s	x31,f21,f30	 f21:0x7fc00000 f30:0x4c2211d7 x31=0x00000000
     192635.000 ns	     19262	800041b0	a1229e53	flt.s	x28,f5,f18	  f5:0x481ddb80 f18:0x4f7fffff x28=0x00000001
     192665.000 ns	     19265	800041b4	a0ad0fd3	fle.s	x31,f26,f10	 f26:0x80040fe4 f10:0xff800000 x31=0x00000000
     192695.000 ns	     19268	800041b8	e0048c53	fmv.x.w	x24,f9	  f9:0x7f800000 x24=0x7f800000
     192715.000 ns	     19270	800041bc	00b9b6b3	sltu	x13,x19,x11	 x19:0x00000000 x11:0xffffffff x13=0x00000001
     193885.000 ns	     19387	800041c0	5800f5d3	fsqrt.s	f11,f1	  f1:0x4f735e55 f11=0x472c1651
     193915.000 ns	     19390	800041c4	21dbafd3	fsgnjx.s	f31,f23,f29	 f23:0x4f735e55 f29:0x3d4a1aa2 f31=0x4f735e55
     193955.000 ns	     19394	800041c8	580a75d3	fsqrt.s	f11,f20	 f20:0x00000000 f11=0x00000000
     193975.000 ns	     19396	800041cc	9abff313	andi	x6,x31,-1621	 x31:0x00000000  x6=0x00000000
     193985.000 ns	     19397	800041d0	000a0233	add	x4,x20,x0	 x20:0xf9af2af1  x0:0x00000000  x4=0xf9af2af1
     194015.000 ns	     19400	800041d4	195d74d3	fdiv.s	f9,f26,f21	 f26:0x80040fe4 f21:0x7fc00000  f9=0x7fc00000
     194055.000 ns	     19404	800041d8	102e75d3	fmul.s	f11,f28,f2	 f28:0xbf800000  f2:0x7f800000 f11=0xff800000
     194075.000 ns	     19406	800041dc	004c55b3	srl	x11,x24,x4	 x24:0x7f800000  x4:0xf9af2af1 x11=0x00003fc0
     194115.000 ns	     19410	800041e0	01f10d53	fadd.s	f26,f2,f31	  f2:0x7f800000 f31:0x4f735e55 f26=0x7f800000
     194145.000 ns	     19413	800041e4	03593633	mulhu	x12,x18,x21	 x18:0x00000000 x21:0x00000000 x12=0x00000000
     194175.000 ns	     19416	800041e8	020e53b3	divu	x7,x28,x0	 x28:0x00000001  x0:0x00000000  x7=0xffffffff
     194205.000 ns	     19419	800041ec	022e3633	mulhu	x12,x28,x2	 x28:0x00000001  x2:0x7f800000 x12=0x00000000
     194225.000 ns	     19421	800041f0	5cb96d17	auipc	x26,0x5cb96	 x26=0xdcb9a1f0
     194235.000 ns	     19422	800041f4	06bead17	auipc	x26,0x6bea	 x26=0x86bee1f4
     194245.000 ns	     19423	800041f8	00c35713	srli	x14,x6,0xc	  x6:0x00000000 x14=0x00000000
     194255.000 ns	     19424	800041fc	012ef033	and	x0,x29,x18	 x29:0x00000008 x18:0x00000000
     194275.000 ns	     19426	80004200	20020153	fsgnj.s	f2,f4,f0	  f4:0x7f800000  f0:0x0000047a  f2=0x7f800000
     194295.000 ns	     19428	80004204	b2b8b793	sltiu	x15,x17,-1237	 x17:0x3fffffff x15=0x00000001
     194315.000 ns	     19430	80004208	28248a53	fmin.s	f20,f9,f2	  f9:0x7fc00000  f2:0x7f800000 f20=0x7f800000
     194365.000 ns	     19435	8000420c	08167853	fsub.s	f16,f12,f1	 f12:0x00000000  f1:0x4f735e55 f16=0xcf735e55
     194385.000 ns	     19437	80004210	f36e1797	auipc	x15,0xf36e1	 x15=0x736e5210
     194395.000 ns	     19438	80004214	81a64137	lui	x2,0x81a64	  x2=0x81a64000
     194435.000 ns	     19442	80004218	01caf7d3	fadd.s	f15,f21,f28	 f21:0x7fc00000 f28:0xbf800000 f15=0x7fc00000
     194465.000 ns	     19445	8000421c	e0000353	fmv.x.w	x6,f0	  f0:0x0000047a  x6=0x0000047a
     194835.000 ns	     19482	80004220	0313d1b3	divu	x3,x7,x17	  x7:0xffffffff x17:0x3fffffff  x3=0x00000004
     194855.000 ns	     19484	80004224	00b1d713	srli	x14,x3,0xb	  x3:0x00000080 x14=0x00000000
     194865.000 ns	     19485	80004228	01139b93	slli	x23,x7,0x11	  x7:0xffffffff x23=0xfffe0000
     194875.000 ns	     19486	8000422c	006e5013	srli	x0,x28,0x6	 x28:0x00000001
     194895.000 ns	     19488	80004230	a0df8bd3	fle.s	x23,f31,f13	 f31:0x4f735e55 f13:0x7f800000 x23=0x00000001
     194915.000 ns	     19490	80004234	0123c533	xor	x10,x7,x18	  x7:0xffffffff x18:0x00000000 x10=0xffffffff
     194925.000 ns	     19491	80004238	00f45b93	srli	x23,x8,0xf	  x8:0x80041025 x23=0x00010008
     194935.000 ns	     19492	8000423c	00892f33	slt	x30,x18,x8	 x18:0x00000000  x8:0x80041025 x30=0x00000000
     194945.000 ns	     19493	80004240	01fda533	slt	x10,x27,x31	 x27:0xf9af2af0 x31:0x00000000 x10=0x00000001
     194955.000 ns	     19494	80004244	01cf68b3	or	x17,x30,x28	 x30:0x7f800000 x28:0x00000001 x17=0x00000001
     194965.000 ns	     19495	80004248	00000013	addi	x0,x0,0	  x0:0x00000000
     194975.000 ns	     19496	8000424c	ce8a31b7	lui	x3,0xce8a3	  x3=0xce8a3000
     194995.000 ns	     19498	80004250	03e3aeb3	mulhsu	x29,x7,x30	  x7:0xffffffff x30:0x00000000 x29=0x00000000
     195025.000 ns	     19501	80004254	e00e8053	fmv.x.w	x0,f29	 f29:0x3d4a1aa2
     195045.000 ns	     19503	80004258	416a8033	sub	x0,x21,x22	 x21:0x00000000 x22:0xffffffff
     195055.000 ns	     19504	8000425c	e23eae93	slti	x29,x29,-477	 x29:0x00000000 x29=0x00000000
     195065.000 ns	     19505	80004260	2101a913	slti	x18,x3,528	  x3:0xce8a3000 x18=0x00000001
     195085.000 ns	     19507	80004264	e0079153	fclass.s	x2,f15	 f15:0x7fc00000  x2=0x00000200
     195105.000 ns	     19509	80004268	007b7933	and	x18,x22,x7	 x22:0xffffffff  x7:0xffffffff x18=0xffffffff
     195125.000 ns	     19511	8000426c	02c32433	mulhsu	x8,x6,x12	  x6:0x0000047a x12:0x00000000  x8=0x00000000
     195155.000 ns	     19514	80004270	e0081353	fclass.s	x6,f16	 f16:0xcf735e55  x6=0x00000002
     195175.000 ns	     19516	80004274	409dd333	sra	x6,x27,x9	 x27:0xf9af2af0  x9:0x00000000  x6=0xf9af2af0
     195215.000 ns	     19520	80004278	0876a6d3	fsub.s	f13,f13,f7	 f13:0x7f800000  f7:0x7fc00000 f13=0x7fc00000
     195235.000 ns	     19522	8000427c	40a5da93	srai	x21,x11,0xa	 x11:0x00003fc0 x21=0x0000000f
     195255.000 ns	     19524	80004280	f0098753	fmv.w.x	f14,x19	 x19:0x00000000 f14=0x00000000
     195275.000 ns	     19526	80004284	41f77017	auipc	x0,0x41f77	
     195295.000 ns	     19528	80004288	c01a20d3	fcvt.wu.s	x1,f20	 f20:0x7f800000  x1=0xffffffff
     195325.000 ns	     19531	8000428c	d0147253	fcvt.s.wu	f4,x8	  x8:0x00000000  f4=0x00000000
     195355.000 ns	     19534	80004290	c0098fd3	fcvt.w.s	x31,f19	 f19:0x1f350ad8 x31=0x00000000
     195385.000 ns	     19537	80004294	29fa9553	fmax.s	f10,f21,f31	 f21:0x7fc00000 f31:0x4f735e55 f10=0x4f735e55
     195405.000 ns	     19539	80004298	5cf20893	addi	x17,x4,1487	  x4:0xf9af2af1 x17=0xf9af30c0
     195415.000 ns	     19540	8000429c	dee48793	addi	x15,x9,-530	  x9:0x00000000 x15=0xfffffdee
     195425.000 ns	     19541	800042a0	00471693	slli	x13,x14,0x4	 x14:0x00000000 x13=0x00000000
     195435.000 ns	     19542	800042a4	ade8dd37	lui	x26,0xade8d	 x26=0xade8d000
     195475.000 ns	     19546	800042a8	08be16d3	fsub.s	f13,f28,f11	 f28:0xbf800000 f11:0xff800000 f13=0x7f800000
     195495.000 ns	     19548	800042ac	019041b3	xor	x3,x0,x25	  x0:0x00000000 x25:0xeb8c36c0  x3=0xeb8c36c0
     195505.000 ns	     19549	800042b0	40c9df93	srai	x31,x19,0xc	 x19:0x00000000 x31=0x00000000
     195545.000 ns	     19553	800042b4	01110553	fadd.s	f10,f2,f17	  f2:0x7f800000 f17:0x7f800000 f10=0x00000000
     195565.000 ns	     19555	800042b8	1e7a4193	xori	x3,x20,487	 x20:0xf9af2af1  x3=0xf9af2b16
     195575.000 ns	     19556	800042bc	00000013	addi	x0,x0,0	  x0:0x00000000
     195585.000 ns	     19557	800042c0	cf4fc693	xori	x13,x31,-780	 x31:0x00000000 x13=0xfffffcf4
     195595.000 ns	     19558	800042c4	40020333	sub	x6,x4,x0	  x4:0xf9af2af1  x0:0x00000000  x6=0xf9af2af1
     195605.000 ns	     19559	800042c8	00d21393	slli	x7,x4,0xd	  x4:0xf9af2af1  x7=0xe55e2000
     195625.000 ns	     19561	800042cc	29ae83d3	fmin.s	f7,f29,f26	 f29:0x3d4a1aa2 f26:0x7f800000  f7=0x3d4a1aa2
     195645.000 ns	     19563	800042d0	d832b793	sltiu	x15,x5,-637	  x5:0x80041024 x15=0x00000001
     195655.000 ns	     19564	800042d4	00290b33	add	x22,x18,x2	 x18:0xffffffff  x2:0x00000200 x22=0x000001ff
     195685.000 ns	     19567	800042d8	1089f5d3	fmul.s	f11,f19,f8	 f19:0x1f350ad8  f8:0x00000000 f11=0x00000000
     195715.000 ns	     19570	800042dc	025cb633	mulhu	x12,x25,x5	 x25:0xeb8c36c0  x5:0x80041024 x12=0x75c9d86a
     195765.000 ns	     19575	800042e0	01bcffd3	fadd.s	f31,f25,f27	 f25:0x80000000 f27:0x4f735e55 f31=0x4f735e55
     195785.000 ns	     19577	800042e4	9640fcb7	lui	x25,0x9640f	 x25=0x9640f000
     196145.000 ns	     19613	800042e8	031b4633	div	x12,x22,x17	 x22:0x000001ff x17:0xf9af30c0 x12=0x00000000
     196185.000 ns	     19617	800042ec	58017853	fsqrt.s	f16,f2	  f2:0x7f800000 f16=0x7f800000
     196205.000 ns	     19619	800042f0	5c18d1b7	lui	x3,0x5c18d	  x3=0x5c18d000
     196225.000 ns	     19621	800042f4	21f78753	fsgnj.s	f14,f15,f31	 f15:0x7fc00000 f31:0x4f735e55 f14=0x7fc00000
     196255.000 ns	     19624	800042f8	d00df053	fcvt.s.w	f0,x27	 x27:0xf9af2af0  f0=0xccca1aa2
     196275.000 ns	     19626	800042fc	40285413	srai	x8,x16,0x2	 x16:0x80040fe4  x8=0xe00103f9
     196295.000 ns	     19628	80004300	03f8c8b3	div	x17,x17,x31	 x17:0xf9af30c0 x31:0x00000000 x17=0xffffffff
     196325.000 ns	     19631	80004304	e00c0ed3	fmv.x.w	x29,f24	 f24:0x4f7c116f x29=0x4f7c116f
     196345.000 ns	     19633	80004308	0b188a13	addi	x20,x17,177	 x17:0xffffffff x20=0x000000b0
     196355.000 ns	     19634	8000430c	82946213	ori	x4,x8,-2007	  x8:0xe00103f9  x4=0xfffffbf9
     196365.000 ns	     19635	80004310	9d6dbc13	sltiu	x24,x27,-1578	 x27:0xf9af2af0 x24=0x00000001
     196385.000 ns	     19637	80004314	02859733	mulh	x14,x11,x8	 x11:0x00003fc0  x8:0xe00103f9 x14=0xfffff808
     196415.000 ns	     19640	80004318	201428d3	fsgnjx.s	f17,f8,f1	  f8:0x00000000  f1:0x4f735e55 f17=0x00000000
     196445.000 ns	     19643	8000431c	021e3333	mulhu	x6,x28,x1	 x28:0x00000001  x1:0xffffffff  x6=0x00000000
     196465.000 ns	     19645	80004320	363fa9b7	lui	x19,0x363fa	 x19=0x363fa000
     196475.000 ns	     19646	80004324	000861b3	or	x3,x16,x0	 x16:0x80040fe4  x0:0x00000000  x3=0x80040fe4
     196485.000 ns	     19647	80004328	01ded213	srli	x4,x29,0x1d	 x29:0x4f7c116f  x4=0x00000002
     196495.000 ns	     19648	8000432c	0132cbb3	xor	x23,x5,x19	  x5:0x80041024 x19:0x363fa000 x23=0xb63bb024
     196505.000 ns	     19649	80004330	0107d5b3	srl	x11,x15,x16	 x15:0x00000001 x16:0x80040fe4 x11=0x00000000
     196515.000 ns	     19650	80004334	00000013	addi	x0,x0,0	  x0:0x00000000
     196525.000 ns	     19651	80004338	a7920a37	lui	x20,0xa7920	 x20=0xa7920000
     196535.000 ns	     19652	8000433c	48186613	ori	x12,x16,1153	 x16:0x80040fe4 x12=0x80040fe5
     196545.000 ns	     19653	80004340	0109e133	or	x2,x19,x16	 x19:0x363fa000 x16:0x80040fe4  x2=0xb63fafe4
     196565.000 ns	     19655	80004344	a12989d3	fle.s	x19,f19,f18	 f19:0x1f350ad8 f18:0x4f7fffff x19=0x00000001
     196585.000 ns	     19657	80004348	001c8ab3	add	x21,x25,x1	 x25:0x9640f000  x1:0xffffffff x21=0x9640efff
     196595.000 ns	     19658	8000434c	b1ebad13	slti	x26,x23,-1250	 x23:0xb63bb024 x26=0x00000001
     196605.000 ns	     19659	80004350	017aa633	slt	x12,x21,x23	 x21:0x0000000f x23:0xb63bb024 x12=0x00000001
     196625.000 ns	     19661	80004354	28ca0ad3	fmin.s	f21,f20,f12	 f20:0x7f800000 f12:0x00000000 f21=0x00000000
     196655.000 ns	     19664	80004358	e00d0c53	fmv.x.w	x24,f26	 f26:0x7f800000 x24=0x7f800000
     196675.000 ns	     19666	8000435c	8284a393	slti	x7,x9,-2008	  x9:0x00000000  x7=0x00000000
     196715.000 ns	     19670	80004360	09a20f53	fsub.s	f30,f4,f26	  f4:0x00000000 f26:0x7f800000 f30=0xff800000
     197085.000 ns	     19707	80004364	02d8e6b3	rem	x13,x17,x13	 x17:0xffffffff x13:0xfffffcf4 x13=0xffffffff
     197105.000 ns	     19709	80004368	d9e23893	sltiu	x17,x4,-610	  x4:0x00000002 x17=0x00000001
     197125.000 ns	     19711	8000436c	0302a4b3	mulhsu	x9,x5,x16	  x5:0x80041024 x16:0x80040fe4  x9=0xc0000030
     197145.000 ns	     19713	80004370	4390c893	xori	x17,x1,1081	  x1:0xffffffff x17=0xfffffbc6
     197155.000 ns	     19714	80004374	41a5d033	sra	x0,x11,x26	 x11:0x00000000 x26:0x00000001
     197165.000 ns	     19715	80004378	40708bb3	sub	x23,x1,x7	  x1:0xffffffff  x7:0x00000000 x23=0xffffffff
     197175.000 ns	     19716	8000437c	01a58e33	add	x28,x11,x26	 x11:0x00000000 x26:0x00000001 x28=0x00000001
     197535.000 ns	     19752	80004380	02ef75b3	remu	x11,x30,x14	 x30:0x00000000 x14:0xfffff808 x11=0x00000000
     197565.000 ns	     19755	80004384	035b19b3	mulh	x19,x22,x21	 x22:0x000001ff x21:0x9640efff x19=0xffffff2c
     197595.000 ns	     19758	80004388	a0541553	flt.s	x10,f8,f5	  f8:0x00000000  f5:0x481ddb80 x10=0x00000001
     197615.000 ns	     19760	8000438c	41d85093	srai	x1,x16,0x1d	 x16:0x80040fe4  x1=0xfffffffc
     197635.000 ns	     19762	80004390	e0000e53	fmv.x.w	x28,f0	  f0:0xccca1aa2 x28=0xccca1aa2
     197655.000 ns	     19764	80004394	6c1a6c93	ori	x25,x20,1729	 x20:0xa7920000 x25=0xa79206c1
     197685.000 ns	     19767	80004398	580cb353	fsqrt.s	f6,f25	 f25:0x80000000  f6=0x80000000
     197705.000 ns	     19769	8000439c	00a820b3	slt	x1,x16,x10	 x16:0x80040fe4 x10:0x00000001  x1=0x00000001
     197715.000 ns	     19770	800043a0	00287533	and	x10,x16,x2	 x16:0x80040fe4  x2:0xb63fafe4 x10=0x80040fe4
     197725.000 ns	     19771	800043a4	0044c133	xor	x2,x9,x4	  x9:0xc0000030  x4:0x00000002  x2=0xc0000032
     197745.000 ns	     19773	800043a8	e00809d3	fmv.x.w	x19,f16	 f16:0x7f800000 x19=0x7f800000
     197785.000 ns	     19777	800043ac	580f23d3	fsqrt.s	f7,f30	 f30:0xff800000  f7=0x7fc00000
     197815.000 ns	     19780	800043b0	20d72a53	fsgnjx.s	f20,f14,f13	 f14:0x7fc00000 f13:0x7f800000 f20=0x7fc00000
     197835.000 ns	     19782	800043b4	01cab433	sltu	x8,x21,x28	 x21:0x9640efff x28:0xccca1aa2  x8=0x00000001
     197855.000 ns	     19784	800043b8	a13c8753	fle.s	x14,f25,f19	 f25:0x80000000 f19:0x1f350ad8 x14=0x00000001
     197885.000 ns	     19787	800043bc	02271933	mulh	x18,x14,x2	 x14:0xfffff808  x2:0xc0000032 x18=0xffffffff
     197905.000 ns	     19789	800043c0	003974b3	and	x9,x18,x3	 x18:0xffffffff  x3:0x80040fe4  x9=0x80040fe4
     197915.000 ns	     19790	800043c4	3690cc37	lui	x24,0x3690c	 x24=0x3690c000
     198275.000 ns	     19826	800043c8	0223f333	remu	x6,x7,x2	  x7:0x00000000  x2:0xc0000032  x6=0x00000000
     198295.000 ns	     19828	800043cc	009aea33	or	x20,x21,x9	 x21:0x9640efff  x9:0x80040fe4 x20=0x9644efff
     198315.000 ns	     19830	800043d0	d00499d3	fcvt.s.w	f19,x9	  x9:0x80040fe4 f19=0xcefff7e0
     198345.000 ns	     19833	800043d4	28b98fd3	fmin.s	f31,f19,f11	 f19:0x1f350ad8 f11:0x00000000 f31=0xcefff7e0
     198365.000 ns	     19835	800043d8	ebac3a13	sltiu	x20,x24,-326	 x24:0x3690c000 x20=0x00000001
     198385.000 ns	     19837	800043dc	c0080c53	fcvt.w.s	x24,f16	 f16:0x7f800000 x24=0x7fffffff
     198415.000 ns	     19840	800043e0	03ce2b33	mulhsu	x22,x28,x28	 x28:0xccca1aa2 x28:0xccca1aa2 x22=0xd7089f5e
     198445.000 ns	     19843	800043e4	d0067a53	fcvt.s.w	f20,x12	 x12:0x00000001 f20=0x3f800000
     198465.000 ns	     19845	800043e8	f41a4993	xori	x19,x20,-191	 x20:0x00000001 x19=0xffffff40
     198485.000 ns	     19847	800043ec	c012ced3	fcvt.wu.s	x29,f5	  f5:0x481ddb80 x29=0x0002776e
     198515.000 ns	     19850	800043f0	0366a7b3	mulhsu	x15,x13,x22	 x13:0xffffffff x22:0xd7089f5e x15=0xffffffff
     198545.000 ns	     19853	800043f4	d0010ed3	fcvt.s.w	f29,x2	  x2:0xc0000032 f29=0xce7fffff
     198565.000 ns	     19855	800043f8	9c324493	xori	x9,x4,-1597	  x4:0x00000002  x9=0xfffff9c1
     198575.000 ns	     19856	800043fc	00149a93	slli	x21,x9,0x1	  x9:0x80040fe4 x21=0xfffff382
     198615.000 ns	     19860	80004400	08a5fe53	fsub.s	f28,f11,f10	 f11:0x00000000 f10:0x00000000 f28=0x80000000
     198635.000 ns	     19862	80004404	01159f33	sll	x30,x11,x17	 x11:0x00000000 x17:0xfffffbc6 x30=0x00000000
     198645.000 ns	     19863	80004408	01237733	and	x14,x6,x18	  x6:0x00000000 x18:0xffffffff x14=0x00000000
     198675.000 ns	     19866	8000440c	187974d3	fdiv.s	f9,f18,f7	 f18:0x4f7fffff  f7:0x7fc00000  f9=0x7fc00000
     198695.000 ns	     19868	80004410	01801413	slli	x8,x0,0x18	  x0:0x00000000  x8=0x00000000
     198705.000 ns	     19869	80004414	417d5cb3	sra	x25,x26,x23	 x26:0x00000001 x23:0xffffffff x25=0x00000000
     198735.000 ns	     19872	80004418	1926f553	fdiv.s	f10,f13,f18	 f13:0x7f800000 f18:0x4f7fffff f10=0x7f800000
     198765.000 ns	     19875	8000441c	f0068353	fmv.w.x	f6,x13	 x13:0xffffffff  f6=0xffffffff
     198815.000 ns	     19880	80004420	01a23b53	fadd.s	f22,f4,f26	  f4:0x00000000 f26:0x7f800000 f22=0x7f800000
     198835.000 ns	     19882	80004424	acfcac93	slti	x25,x25,-1329	 x25:0x00000000 x25=0x00000000
     198845.000 ns	     19883	80004428	00f457b3	srl	x15,x8,x15	  x8:0x00000000 x15:0xffffffff x15=0x00000000
     198865.000 ns	     19885	8000442c	d01e7253	fcvt.s.wu	f4,x28	 x28:0xccca1aa2  f4=0x4f4cca1a
     198885.000 ns	     19887	80004430	40ea8ab3	sub	x21,x21,x14	 x21:0xfffff382 x14:0x00000000 x21=0xfffff382
     198905.000 ns	     19889	80004434	e0009a53	fclass.s	x20,f1	  f1:0x4f735e55 x20=0x00000040
     198935.000 ns	     19892	80004438	02bfea33	rem	x20,x31,x11	 x31:0x00000000 x11:0x00000000 x20=0x00000000
     198975.000 ns	     19896	8000443c	198d7d53	fdiv.s	f26,f26,f24	 f26:0x7f800000 f24:0x4f7c116f f26=0x7f800000
     199005.000 ns	     19899	80004440	03811c33	mulh	x24,x2,x24	  x2:0xc0000032 x24:0x7fffffff x24=0xe0000019
     199375.000 ns	     19936	80004444	0228ee33	rem	x28,x17,x2	 x17:0xfffffbc6  x2:0xc0000032 x28=0xfffffbc6
     199405.000 ns	     19939	80004448	a192a353	feq.s	x6,f5,f25	  f5:0x481ddb80 f25:0x80000000  x6=0x00000000
     199435.000 ns	     19942	8000444c	039a5133	divu	x2,x20,x25	 x20:0x00000000 x25:0x00000000  x2=0xffffffff
     199455.000 ns	     19944	80004450	404f5613	srai	x12,x30,0x4	 x30:0x00000000 x12=0x00000000
     199475.000 ns	     19946	80004454	2042add3	fsgnjx.s	f27,f5,f4	  f5:0x481ddb80  f4:0x4f4cca1a f27=0x481ddb80
     199495.000 ns	     19948	80004458	41855493	srai	x9,x10,0x18	 x10:0x80040fe4  x9=0xffffff80
     199515.000 ns	     19950	8000445c	a0942bd3	feq.s	x23,f8,f9	  f8:0x00000000  f9:0x7fc00000 x23=0x00000000
     199545.000 ns	     19953	80004460	c01b7fd3	fcvt.wu.s	x31,f22	 f22:0x7f800000 x31=0xffffffff
     199565.000 ns	     19955	80004464	004e95b3	sll	x11,x29,x4	 x29:0x0002776e  x4:0x00000002 x11=0x0009ddb8
     199585.000 ns	     19957	80004468	039a8333	mul	x6,x21,x25	 x21:0xfffff382 x25:0x00000000  x6=0x00000000
     199615.000 ns	     19960	8000446c	037821b3	mulhsu	x3,x16,x23	 x16:0x80040fe4 x23:0x00000000  x3=0x00000000
     199635.000 ns	     19962	80004470	be5ae093	ori	x1,x21,-1051	 x21:0xfffff382  x1=0xfffffbe7
     199645.000 ns	     19963	80004474	00000013	addi	x0,x0,0	  x0:0x00000000
     199655.000 ns	     19964	80004478	b650f213	andi	x4,x1,-1179	  x1:0x00000001  x4=0xfffffb65
     199685.000 ns	     19967	8000447c	580e1a53	fsqrt.s	f20,f28	 f28:0x80000000 f20=0x80000000
     199705.000 ns	     19969	80004480	03580493	addi	x9,x16,53	 x16:0x80040fe4  x9=0x80041019
     199725.000 ns	     19971	80004484	20bb27d3	fsgnjx.s	f15,f22,f11	 f22:0x7f800000 f11:0x00000000 f15=0x7f800000
     199745.000 ns	     19973	80004488	00631c13	slli	x24,x6,0x6	  x6:0x00000000 x24=0x00000000
     199755.000 ns	     19974	8000448c	f2720213	addi	x4,x4,-217	  x4:0xfffffb65  x4=0xfffffa8c
     199775.000 ns	     19976	80004490	038d0733	mul	x14,x26,x24	 x26:0x00000001 x24:0xe0000019 x14=0x00000000
     199795.000 ns	     19978	80004494	01e8dd33	srl	x26,x17,x30	 x17:0xfffffbc6 x30:0x00000000 x26=0xfffffbc6
     199805.000 ns	     19979	80004498	013cc8b3	xor	x17,x25,x19	 x25:0x00000000 x19:0xffffff40 x17=0xffffff40
     199845.000 ns	     19983	8000449c	09099353	fsub.s	f6,f19,f16	 f19:0xcefff7e0 f16:0x7f800000  f6=0xff800000
     200215.000 ns	     20020	800044a0	03cb6933	rem	x18,x22,x28	 x22:0xd7089f5e x28:0xfffffbc6 x18=0xfffffed0
     200245.000 ns	     20023	800044a4	03243033	mulhu	x0,x8,x18	  x8:0x00000000 x18:0xffffffff
     200265.000 ns	     20025	800044a8	8e35a213	slti	x4,x11,-1821	 x11:0x0009ddb8  x4=0x00000000
     200285.000 ns	     20027	800044ac	283c1753	fmax.s	f14,f24,f3	 f24:0x4f7c116f  f3:0x7f800000 f14=0x7f800000
     200315.000 ns	     20030	800044b0	e0078753	fmv.x.w	x14,f15	 f15:0x7f800000 x14=0x7f800000
     200335.000 ns	     20032	800044b4	003f86b3	add	x13,x31,x3	 x31:0xffffffff  x3:0x00000000 x13=0xffffffff
     200695.000 ns	     20068	800044b8	03fc7ab3	remu	x21,x24,x31	 x24:0x00000000 x31:0xffffffff x21=0x00000000
     200725.000 ns	     20071	800044bc	a1b6ab53	feq.s	x22,f13,f27	 f13:0x7f800000 f27:0x481ddb80 x22=0x00000000
     200755.000 ns	     20074	800044c0	c0100ed3	fcvt.wu.s	x29,f0	  f0:0xccca1aa2 x29=0x0650d510
     200775.000 ns	     20076	800044c4	01c35193	srli	x3,x6,0x1c	  x6:0x00000000  x3=0x00000000
     200795.000 ns	     20078	800044c8	21ba0e53	fsgnj.s	f28,f20,f27	 f20:0x80000000 f27:0x481ddb80 f28=0x00000000
     200835.000 ns	     20082	800044cc	10497b53	fmul.s	f22,f18,f4	 f18:0x4f7fffff  f4:0x4f4cca1a f22=0x5f4cca19
     200875.000 ns	     20086	800044d0	182efcd3	fdiv.s	f25,f29,f2	 f29:0xce7fffff  f2:0x7f800000 f25=0x80000000
     200895.000 ns	     20088	800044d4	41b68f33	sub	x30,x13,x27	 x13:0xffffffff x27:0xf9af2af0 x30=0x0650d50f
     200915.000 ns	     20090	800044d8	d0043fd3	fcvt.s.w	f31,x8	  x8:0x00000000 f31=0x00000000
     200945.000 ns	     20093	800044dc	a07b15d3	flt.s	x11,f22,f7	 f22:0x5f4cca19  f7:0x7fc00000 x11=0x00000000
     200965.000 ns	     20095	800044e0	00d51033	sll	x0,x10,x13	 x10:0x80040fe4 x13:0xffffffff
     200975.000 ns	     20096	800044e4	8dc4bcb7	lui	x25,0x8dc4b	 x25=0x8dc4b000
     200985.000 ns	     20097	800044e8	401a5bb3	sra	x23,x20,x1	 x20:0x00000000  x1:0xfffffbe7 x23=0x00000000
     200995.000 ns	     20098	800044ec	a202a893	slti	x17,x5,-1504	  x5:0x80041024 x17=0x00000001
     201005.000 ns	     20099	800044f0	00ad2ab3	slt	x21,x26,x10	 x26:0xfffffbc6 x10:0x80040fe4 x21=0x00000000
     201045.000 ns	     20103	800044f4	01d346d3	fadd.s	f13,f6,f29	  f6:0xff800000 f29:0xce7fffff f13=0xff800000
     201065.000 ns	     20105	800044f8	69e1ce93	xori	x29,x3,1694	  x3:0x00000000 x29=0x0000069e
     201075.000 ns	     20106	800044fc	00688433	add	x8,x17,x6	 x17:0x00000001  x6:0x00000000  x8=0x00000001
     201435.000 ns	     20142	80004500	0225e4b3	rem	x9,x11,x2	 x11:0x00000000  x2:0xffffffff  x9=0x00000000
     201465.000 ns	     20145	80004504	02938f33	mul	x30,x7,x9	  x7:0x00000000  x9:0x80041019 x30=0x00000000
     201495.000 ns	     20148	80004508	c00b4ed3	fcvt.w.s	x29,f22	 f22:0x5f4cca19 x29=0x7fffffff
     201515.000 ns	     20150	8000450c	00000013	addi	x0,x0,0	  x0:0x00000000
     201535.000 ns	     20152	80004510	0377ef33	rem	x30,x15,x23	 x15:0x00000000 x23:0x00000000 x30=0x00000000
     201565.000 ns	     20155	80004514	a1709b53	flt.s	x22,f1,f23	  f1:0x4f735e55 f23:0x4f735e55 x22=0x00000000
     201585.000 ns	     20157	80004518	00bf9d13	slli	x26,x31,0xb	 x31:0xffffffff x26=0xfffff800
     201945.000 ns	     20193	8000451c	0253cb33	div	x22,x7,x5	  x7:0x00000000  x5:0x80041024 x22=0x00000000
     201985.000 ns	     20197	80004520	1149fed3	fmul.s	f29,f19,f20	 f19:0xcefff7e0 f20:0x80000000 f29=0x00000000
     202005.000 ns	     20199	80004524	41570533	sub	x10,x14,x21	 x14:0x7f800000 x21:0x00000000 x10=0x7f800000
     202025.000 ns	     20201	80004528	d000f253	fcvt.s.w	f4,x1	  x1:0xfffffbe7  f4=0xc4832000
     202055.000 ns	     20204	8000452c	f00e0cd3	fmv.w.x	f25,x28	 x28:0xfffffbc6 f25=0xfffffbc6
     202075.000 ns	     20206	80004530	a8124413	xori	x8,x4,-1407	  x4:0x00000000  x8=0xfffffa81
     202115.000 ns	     20210	80004534	00b9f9d3	fadd.s	f19,f19,f11	 f19:0xcefff7e0 f11:0x00000000 f19=0xcefff7e0
     202135.000 ns	     20212	80004538	080a3a97	auipc	x21,0x80a3	 x21=0x880a7538
     202145.000 ns	     20213	8000453c	01e2a233	slt	x4,x5,x30	  x5:0x80041024 x30:0x00000000  x4=0x00000001
     202155.000 ns	     20214	80004540	00161713	slli	x14,x12,0x1	 x12:0x00000000 x14=0x00000000
     202185.000 ns	     20217	80004544	111a7ed3	fmul.s	f29,f20,f17	 f20:0x80000000 f17:0x00000000 f29=0x80000000
     202205.000 ns	     20219	80004548	41945933	sra	x18,x8,x25	  x8:0xfffffa81 x25:0x8dc4b000 x18=0xfffffa81
     202215.000 ns	     20220	8000454c	0098f733	and	x14,x17,x9	 x17:0x00000001  x9:0x00000000 x14=0x00000000
     202255.000 ns	     20224	80004550	08ff7e53	fsub.s	f28,f30,f15	 f30:0xff800000 f15:0x7f800000 f28=0x80000000
     202285.000 ns	     20227	80004554	02060733	mul	x14,x12,x0	 x12:0x00000000  x0:0x00000000 x14=0x00000000
     202325.000 ns	     20231	80004558	19c37e53	fdiv.s	f28,f6,f28	  f6:0xff800000 f28:0x80000000 f28=0x7f800000
     202345.000 ns	     20233	8000455c	01f8f433	and	x8,x17,x31	 x17:0x00000001 x31:0xffffffff  x8=0x00000001
     202355.000 ns	     20234	80004560	01d1b9b3	sltu	x19,x3,x29	  x3:0x00000000 x29:0x7fffffff x19=0x00000001
     202365.000 ns	     20235	80004564	58910fb7	lui	x31,0x58910	 x31=0x58910000
     202385.000 ns	     20237	80004568	03be88b3	mul	x17,x29,x27	 x29:0x7fffffff x27:0xf9af2af0 x17=0x0650d510
     202415.000 ns	     20240	8000456c	032810b3	mulh	x1,x16,x18	 x16:0x80040fe4 x18:0xfffffa81  x1=0x000002bf
     202445.000 ns	     20243	80004570	28170e53	fmin.s	f28,f14,f1	 f14:0x7f800000  f1:0x4f735e55 f28=0x4f735e55
     202475.000 ns	     20246	80004574	0268ac33	mulhsu	x24,x17,x6	 x17:0x0650d510  x6:0x00000000 x24=0x00000000
     202495.000 ns	     20248	80004578	e479eb93	ori	x23,x19,-441	 x19:0x00000001 x23=0xfffffe47
     202855.000 ns	     20284	8000457c	03536733	rem	x14,x6,x21	  x6:0x00000000 x21:0x880a7538 x14=0x00000000
     202895.000 ns	     20288	80004580	580ff153	fsqrt.s	f2,f31	 f31:0x00000000  f2=0x00000000
     202925.000 ns	     20291	80004584	03788cb3	mul	x25,x17,x23	 x17:0x0650d510 x23:0xfffffe47 x25=0x1ec0f770
     202945.000 ns	     20293	80004588	ae8ef993	andi	x19,x29,-1304	 x29:0x7fffffff x19=0x7ffffae8
     202955.000 ns	     20294	8000458c	01a7e6b3	or	x13,x15,x26	 x15:0x00000000 x26:0xfffff800 x13=0xfffff800
     202975.000 ns	     20296	80004590	03b2b933	mulhu	x18,x5,x27	  x5:0x80041024 x27:0xf9af2af0 x18=0x7cdb8bf2
     202995.000 ns	     20298	80004594	01d81093	slli	x1,x16,0x1d	 x16:0x80040fe4  x1=0x80000000
     203015.000 ns	     20300	80004598	030708b3	mul	x17,x14,x16	 x14:0x00000000 x16:0x80040fe4 x17=0x00000000
     203045.000 ns	     20303	8000459c	a1f78ed3	fle.s	x29,f15,f31	 f15:0x7f800000 f31:0x00000000 x29=0x00000000
     203065.000 ns	     20305	800045a0	41f35333	sra	x6,x6,x31	  x6:0x00000000 x31:0x58910000  x6=0x00000000
     203075.000 ns	     20306	800045a4	e83c6497	auipc	x9,0xe83c6	  x9=0x683ca5a4
     203105.000 ns	     20309	800045a8	183275d3	fdiv.s	f11,f4,f3	  f4:0xc4832000  f3:0x7f800000 f11=0x80000000
     203135.000 ns	     20312	800045ac	21e812d3	fsgnjn.s	f5,f16,f30	 f16:0x7f800000 f30:0xff800000  f5=0x7f800000
     203165.000 ns	     20315	800045b0	0207b933	mulhu	x18,x15,x0	 x15:0x00000000  x0:0x00000000 x18=0x00000000
     203185.000 ns	     20317	800045b4	0133d733	srl	x14,x7,x19	  x7:0x00000000 x19:0x7ffffae8 x14=0x00000000
     203205.000 ns	     20319	800045b8	02532333	mulhsu	x6,x6,x5	  x6:0x00000000  x5:0x80041024  x6=0x00000000
     203245.000 ns	     20323	800045bc	109d7c53	fmul.s	f24,f26,f9	 f26:0x7f800000  f9:0x7fc00000 f24=0x7fc00000
     203275.000 ns	     20326	800045c0	e00d0b53	fmv.x.w	x22,f26	 f26:0x7f800000 x22=0x7f800000
     203295.000 ns	     20328	800045c4	8ea33193	sltiu	x3,x6,-1814	  x6:0x00000000  x3=0x00000001
     203325.000 ns	     20331	800045c8	18ba23d3	fdiv.s	f7,f20,f11	 f20:0x80000000 f11:0x80000000  f7=0x7fc00000
     203355.000 ns	     20334	800045cc	03fdbab3	mulhu	x21,x27,x31	 x27:0xf9af2af0 x31:0x58910000 x21=0x5661a2f9
     203395.000 ns	     20338	800045d0	580f72d3	fsqrt.s	f5,f30	 f30:0xff800000  f5=0x7fc00000
     203425.000 ns	     20341	800045d4	020ad533	divu	x10,x21,x0	 x21:0x5661a2f9  x0:0x00000000 x10=0xffffffff
     203455.000 ns	     20344	800045d8	d01421d3	fcvt.s.wu	f3,x8	  x8:0x00000001  f3=0x3f800000
     203485.000 ns	     20347	800045dc	03d4c233	div	x4,x9,x29	  x9:0x683ca5a4 x29:0x00000000  x4=0xffffffff
     203505.000 ns	     20349	800045e0	013fe5b3	or	x11,x31,x19	 x31:0x58910000 x19:0x7ffffae8 x11=0x7ffffae8
     203535.000 ns	     20352	800045e4	5806f6d3	fsqrt.s	f13,f13	 f13:0xff800000 f13=0x7fc00000
     203565.000 ns	     20355	800045e8	2151acd3	fsgnjx.s	f25,f3,f21	  f3:0x3f800000 f21:0x00000000 f25=0x3f800000
     203585.000 ns	     20357	800045ec	c9dd39b7	lui	x19,0xc9dd3	 x19=0xc9dd3000
     203605.000 ns	     20359	800045f0	a1ac80d3	fle.s	x1,f25,f26	 f25:0x3f800000 f26:0x7f800000  x1=0x00000001
     203625.000 ns	     20361	800045f4	013bdc33	srl	x24,x23,x19	 x23:0xfffffe47 x19:0x7ffffae8 x24=0xfffffe47
     203635.000 ns	     20362	800045f8	011d4cb3	xor	x25,x26,x17	 x26:0xfffff800 x17:0x00000000 x25=0xfffff800
     203665.000 ns	     20365	800045fc	11caccd3	fmul.s	f25,f21,f28	 f21:0x00000000 f28:0x4f735e55 f25=0x00000000
     203695.000 ns	     20368	80004600	c01c7bd3	fcvt.wu.s	x23,f24	 f24:0x7fc00000 x23=0xffffffff
     203745.000 ns	     20373	80004604	01c57953	fadd.s	f18,f10,f28	 f10:0x7f800000 f28:0x4f735e55 f18=0x7f800000
     203775.000 ns	     20376	80004608	e0001153	fclass.s	x2,f0	  f0:0xccca1aa2  x2=0x00000002
     203795.000 ns	     20378	8000460c	628af993	andi	x19,x21,1576	 x21:0x5661a2f9 x19=0x00000228
     203805.000 ns	     20379	80004610	00000013	addi	x0,x0,0	  x0:0x00000000
     203815.000 ns	     20380	80004614	f23f8713	addi	x14,x31,-221	 x31:0x58910000 x14=0x5890ff23
     203835.000 ns	     20382	80004618	a040a4d3	feq.s	x9,f1,f4	  f1:0x4f735e55  f4:0xc4832000  x9=0x00000000
     203875.000 ns	     20386	8000461c	11e73653	fmul.s	f12,f14,f30	 f14:0x7f800000 f30:0xff800000 f12=0xff800000
     203905.000 ns	     20389	80004620	026080b3	mul	x1,x1,x6	  x1:0x00000001  x6:0x00000000  x1=0x00000000
     203935.000 ns	     20392	80004624	03dce9b3	rem	x19,x25,x29	 x25:0xfffff800 x29:0x00000000 x19=0xfffff800
     203965.000 ns	     20395	80004628	d0147953	fcvt.s.wu	f18,x8	  x8:0x00000001 f18=0x3f800000
     203995.000 ns	     20398	8000462c	a01ba753	feq.s	x14,f23,f1	 f23:0x4f735e55  f1:0x4f735e55 x14=0x00000001
     204025.000 ns	     20401	80004630	033b04b3	mul	x9,x22,x19	 x22:0x7f800000 x19:0xfffff800  x9=0x00000000
     204045.000 ns	     20403	80004634	0116ef33	or	x30,x13,x17	 x13:0xfffff800 x17:0x00000000 x30=0xfffff800
     204055.000 ns	     20404	80004638	a003cc13	xori	x24,x7,-1536	  x7:0x00000000 x24=0xfffffa00
     204065.000 ns	     20405	8000463c	f11e3f93	sltiu	x31,x28,-239	 x28:0xfffffbc6 x31=0x00000001
     204085.000 ns	     20407	80004640	a01c09d3	fle.s	x19,f24,f1	 f24:0x7fc00000  f1:0x4f735e55 x19=0x00000000
     204115.000 ns	     20410	80004644	d00ef8d3	fcvt.s.w	f17,x29	 x29:0x00000000 f17=0x00000000
     204135.000 ns	     20412	80004648	0f7a8c93	addi	x25,x21,247	 x21:0x5661a2f9 x25=0x5661a3f0
     204145.000 ns	     20413	8000464c	a431b313	sltiu	x6,x3,-1469	  x3:0x00000001  x6=0x00000001
     204155.000 ns	     20414	80004650	00ee6cb3	or	x25,x28,x14	 x28:0xfffffbc6 x14:0x00000001 x25=0xfffffbc7
     204165.000 ns	     20415	80004654	b6e4b093	sltiu	x1,x9,-1170	  x9:0x00000000  x1=0x00000001
     204175.000 ns	     20416	80004658	01625893	srli	x17,x4,0x16	  x4:0xffffffff x17=0x000003ff
     204195.000 ns	     20418	8000465c	a1de1a53	flt.s	x20,f28,f29	 f28:0x4f735e55 f29:0x80000000 x20=0x00000000
     204225.000 ns	     20421	80004660	d001fdd3	fcvt.s.w	f27,x3	  x3:0x00000001 f27=0x3f800000
     204245.000 ns	     20423	80004664	010d48b3	xor	x17,x26,x16	 x26:0xfffff800 x16:0x80040fe4 x17=0x7ffbf7e4
     204255.000 ns	     20424	80004668	01d0e8b3	or	x17,x1,x29	  x1:0x00000001 x29:0x00000000 x17=0x00000001
     204285.000 ns	     20427	8000466c	181178d3	fdiv.s	f17,f2,f1	  f2:0x00000000  f1:0x4f735e55 f17=0x00000000
     204325.000 ns	     20431	80004670	186faad3	fdiv.s	f21,f31,f6	 f31:0x00000000  f6:0xff800000 f21=0x80000000
     204355.000 ns	     20434	80004674	d007f8d3	fcvt.s.w	f17,x15	 x15:0x00000000 f17=0x00000000
     204385.000 ns	     20437	80004678	0291fab3	remu	x21,x3,x9	  x3:0x00000001  x9:0x00000000 x21=0x00000001
     204425.000 ns	     20441	8000467c	11e71953	fmul.s	f18,f14,f30	 f14:0x7f800000 f30:0xff800000 f18=0xff800000
     204455.000 ns	     20444	80004680	202187d3	fsgnj.s	f15,f3,f2	  f3:0x3f800000  f2:0x00000000 f15=0x3f800000
     204485.000 ns	     20447	80004684	c016ffd3	fcvt.wu.s	x31,f13	 f13:0x7fc00000 x31=0xffffffff
     205665.000 ns	     20565	80004688	5800c2d3	fsqrt.s	f5,f1	  f1:0x4f735e55  f5=0x472c1651
     205685.000 ns	     20567	8000468c	cac4b997	auipc	x19,0xcac4b	 x19=0x4ac4f68c
     205725.000 ns	     20571	80004690	09970ad3	fsub.s	f21,f14,f25	 f14:0x7f800000 f25:0x00000000 f21=0x7f800000
     205755.000 ns	     20574	80004694	a0822fd3	feq.s	x31,f4,f8	  f4:0xc4832000  f8:0x00000000 x31=0x00000000
     205775.000 ns	     20576	80004698	cf1f8593	addi	x11,x31,-783	 x31:0xffffffff x11=0xfffffcf1
     205795.000 ns	     20578	8000469c	e0080653	fmv.x.w	x12,f16	 f16:0x7f800000 x12=0x7f800000
     205825.000 ns	     20581	800046a0	d01df2d3	fcvt.s.wu	f5,x27	 x27:0xf9af2af0  f5=0x4f79af2a
     205855.000 ns	     20584	800046a4	f00383d3	fmv.w.x	f7,x7	  x7:0x00000000  f7=0x00000000
     205885.000 ns	     20587	800046a8	039eaf33	mulhsu	x30,x29,x25	 x29:0x00000000 x25:0xfffffbc7 x30=0x00000000
     205905.000 ns	     20589	800046ac	00000013	addi	x0,x0,0	  x0:0x00000000
     205935.000 ns	     20592	800046b0	191efdd3	fdiv.s	f27,f29,f17	 f29:0x80000000 f17:0x00000000 f27=0x7fc00000
     205965.000 ns	     20595	800046b4	c0012553	fcvt.w.s	x10,f2	  f2:0x00000000 x10=0x00000000
     205995.000 ns	     20598	800046b8	c01fcfd3	fcvt.wu.s	x31,f31	 f31:0x00000000 x31=0x00000000
     206015.000 ns	     20600	800046bc	413753b3	sra	x7,x14,x19	 x14:0x00000001 x19:0x4ac4f68c  x7=0x00000000
     206035.000 ns	     20602	800046c0	20542c53	fsgnjx.s	f24,f8,f5	  f8:0x00000000  f5:0x4f79af2a f24=0x00000000
     206055.000 ns	     20604	800046c4	f5a33fb7	lui	x31,0xf5a33	 x31=0xf5a33000
     206075.000 ns	     20606	800046c8	217694d3	fsgnjn.s	f9,f13,f23	 f13:0x7fc00000 f23:0x4f735e55  f9=0xffc00000
     206095.000 ns	     20608	800046cc	0098cbb3	xor	x23,x17,x9	 x17:0x00000001  x9:0x00000000 x23=0x00000001
     206125.000 ns	     20611	800046d0	580875d3	fsqrt.s	f11,f16	 f16:0x7f800000 f11=0x7f800000
     206145.000 ns	     20613	800046d4	d9d88993	addi	x19,x17,-611	 x17:0x00000001 x19=0xfffffd9e
     206505.000 ns	     20649	800046d8	02816d33	rem	x26,x2,x8	  x2:0x00000002  x8:0x00000001 x26=0x00000000
     206875.000 ns	     20686	800046dc	037dd533	divu	x10,x27,x23	 x27:0xf9af2af0 x23:0x00000001 x10=0xf9af2af0
     206895.000 ns	     20688	800046e0	fe75bf93	sltiu	x31,x11,-25	 x11:0xfffffcf1 x31=0x00000001
     206905.000 ns	     20689	800046e4	01ee3e33	sltu	x28,x28,x30	 x28:0xfffffbc6 x30:0x00000000 x28=0x00000000
     206925.000 ns	     20691	800046e8	037f33b3	mulhu	x7,x30,x23	 x30:0x00000000 x23:0x00000001  x7=0x00000000
     206945.000 ns	     20693	800046ec	a3ce8513	addi	x10,x29,-1476	 x29:0x00000000 x10=0xfffffa3c
     206955.000 ns	     20694	800046f0	36e0fd17	auipc	x26,0x36e0f	 x26=0xb6e136f0
     206975.000 ns	     20696	800046f4	03ea1933	mulh	x18,x20,x30	 x20:0x00000000 x30:0x00000000 x18=0x00000000
     207005.000 ns	     20699	800046f8	a0082f53	feq.s	x30,f16,f0	 f16:0x7f800000  f0:0xccca1aa2 x30=0x00000000
     207025.000 ns	     20701	800046fc	0069fc33	and	x24,x19,x6	 x19:0xfffffd9e  x6:0x00000001 x24=0x00000000
     207045.000 ns	     20703	80004700	20f98f53	fsgnj.s	f30,f19,f15	 f19:0xcefff7e0 f15:0x3f800000 f30=0x4efff7e0
     207065.000 ns	     20705	80004704	2bc72a13	slti	x20,x14,700	 x14:0x00000001 x20=0x00000001
     207085.000 ns	     20707	80004708	29c00953	fmin.s	f18,f0,f28	  f0:0xccca1aa2 f28:0x4f735e55 f18=0xccca1aa2
     207105.000 ns	     20709	8000470c	407cd793	srai	x15,x25,0x7	 x25:0xfffffbc7 x15=0xfffffff7
     207125.000 ns	     20711	80004710	20c81f53	fsgnjn.s	f30,f16,f12	 f16:0x7f800000 f12:0xff800000 f30=0x7f800000
     207155.000 ns	     20714	80004714	e0058b53	fmv.x.w	x22,f11	 f11:0x7f800000 x22=0x7f800000
     207185.000 ns	     20717	80004718	c00a73d3	fcvt.w.s	x7,f20	 f20:0x80000000  x7=0x00000000
     207215.000 ns	     20720	8000471c	e00a85d3	fmv.x.w	x11,f21	 f21:0x7f800000 x11=0x7f800000
     207245.000 ns	     20723	80004720	e00110d3	fclass.s	x1,f2	  f2:0x00000000  x1=0x00000010
     207265.000 ns	     20725	80004724	d58a2213	slti	x4,x20,-680	 x20:0x00000001  x4=0x00000000
     207275.000 ns	     20726	80004728	00eb9893	slli	x17,x23,0xe	 x23:0x00000001 x17=0x00004000
     207285.000 ns	     20727	8000472c	e2443e93	sltiu	x29,x8,-476	  x8:0x00000001 x29=0x00000001
     207305.000 ns	     20729	80004730	c00b7a53	fcvt.w.s	x20,f22	 f22:0x5f4cca19 x20=0x7fffffff
     207675.000 ns	     20766	80004734	03526c33	rem	x24,x4,x21	  x4:0x00000000 x21:0x00000001 x24=0x00000000
     207725.000 ns	     20771	80004738	091f0fd3	fsub.s	f31,f30,f17	 f30:0x7f800000 f17:0x00000000 f31=0x7f800000
     207755.000 ns	     20774	8000473c	c0063953	fcvt.w.s	x18,f12	 f12:0xff800000 x18=0x80000000
     207775.000 ns	     20776	80004740	41dfde13	srai	x28,x31,0x1d	 x31:0x00000001 x28=0x00000000
     207785.000 ns	     20777	80004744	015a3333	sltu	x6,x20,x21	 x20:0x7fffffff x21:0x00000001  x6=0x00000000
     207805.000 ns	     20779	80004748	024e5d33	divu	x26,x28,x4	 x28:0x00000000  x4:0x00000000 x26=0xffffffff
     207835.000 ns	     20782	8000474c	a0b28bd3	fle.s	x23,f5,f11	  f5:0x4f79af2a f11:0x7f800000 x23=0x00000001
     207855.000 ns	     20784	80004750	7d120413	addi	x8,x4,2001	  x4:0x00000000  x8=0x000007d1
     207875.000 ns	     20786	80004754	0386e533	rem	x10,x13,x24	 x13:0xfffff800 x24:0x00000000 x10=0xfffff800
     207905.000 ns	     20789	80004758	28798153	fmin.s	f2,f19,f7	 f19:0xcefff7e0  f7:0x00000000  f2=0xcefff7e0
     207935.000 ns	     20792	8000475c	21ab1153	fsgnjn.s	f2,f22,f26	 f22:0x5f4cca19 f26:0x7f800000  f2=0xdf4cca19
     207965.000 ns	     20795	80004760	a1db1bd3	flt.s	x23,f22,f29	 f22:0x5f4cca19 f29:0x80000000 x23=0x00000000
     207995.000 ns	     20798	80004764	033fac33	mulhsu	x24,x31,x19	 x31:0x00000001 x19:0xfffffd9e x24=0x00000000
     208025.000 ns	     20801	80004768	0360ab33	mulhsu	x22,x1,x22	  x1:0x00000010 x22:0x7f800000 x22=0x00000007
     208045.000 ns	     20803	8000476c	010aa133	slt	x2,x21,x16	 x21:0x00000001 x16:0x80040fe4  x2=0x00000000
     209215.000 ns	     20920	80004770	580b3fd3	fsqrt.s	f31,f22	 f22:0x5f4cca19 f31=0x4f10ced8
     209245.000 ns	     20923	80004774	f0038253	fmv.w.x	f4,x7	  x7:0x00000000  f4=0x00000000
     209265.000 ns	     20925	80004778	007c9513	slli	x10,x25,0x7	 x25:0xfffffbc7 x10=0xfffde380
     209285.000 ns	     20927	8000477c	a1370053	fle.s	x0,f14,f19	 f14:0x7f800000 f19:0xcefff7e0
     209315.000 ns	     20930	80004780	c01d0253	fcvt.wu.s	x4,f26	 f26:0x7f800000  x4=0xffffffff
     209335.000 ns	     20932	80004784	41478f33	sub	x30,x15,x20	 x15:0xfffffff7 x20:0x7fffffff x30=0x7ffffff8
     209355.000 ns	     20934	80004788	030f8733	mul	x14,x31,x16	 x31:0x00000001 x16:0x80040fe4 x14=0x80040fe4
     209375.000 ns	     20936	8000478c	00877333	and	x6,x14,x8	 x14:0x00000001  x8:0x000007d1  x6=0x000007c0
     209735.000 ns	     20972	80004790	039956b3	divu	x13,x18,x25	 x18:0x80000000 x25:0xfffffbc7 x13=0x00000000
     209765.000 ns	     20975	80004794	03938533	mul	x10,x7,x25	  x7:0x00000000 x25:0xfffffbc7 x10=0x00000000
     209785.000 ns	     20977	80004798	00031393	slli	x7,x6,0x0	  x6:0x000007c0  x7=0x000007c0
     209795.000 ns	     20978	8000479c	f50ec793	xori	x15,x29,-176	 x29:0x00000001 x15=0xffffff51
     209815.000 ns	     20980	800047a0	c01109d3	fcvt.wu.s	x19,f2	  f2:0xdf4cca19 x19=0x00000000
     210185.000 ns	     21017	800047a4	03145cb3	divu	x25,x8,x17	  x8:0x000007d1 x17:0x00004000 x25=0x00000000
     210225.000 ns	     21021	800047a8	10fd4dd3	fmul.s	f27,f26,f15	 f26:0x7f800000 f15:0x3f800000 f27=0x7f800000
     210255.000 ns	     21024	800047ac	20b80cd3	fsgnj.s	f25,f16,f11	 f16:0x7f800000 f11:0x7f800000 f25=0x7f800000
     210275.000 ns	     21026	800047b0	01d7dd13	srli	x26,x15,0x1d	 x15:0xffffff51 x26=0x00000007
     210285.000 ns	     21027	800047b4	01921933	sll	x18,x4,x25	  x4:0xffffffff x25:0x00000000 x18=0xffffffff
     210645.000 ns	     21063	800047b8	02e158b3	divu	x17,x2,x14	  x2:0x00000000 x14:0x80040fe4 x17=0x00000000
     210675.000 ns	     21066	800047bc	d002fad3	fcvt.s.w	f21,x5	  x5:0x80041024 f21=0xcefff7df
     210695.000 ns	     21068	800047c0	01091093	slli	x1,x18,0x10	 x18:0xffffffff  x1=0xffff0000
     210715.000 ns	     21070	800047c4	a05005d3	fle.s	x11,f0,f5	  f0:0xccca1aa2  f5:0x4f79af2a x11=0x00000001
     210745.000 ns	     21073	800047c8	033a5933	divu	x18,x20,x19	 x20:0x7fffffff x19:0x00000000 x18=0xffffffff
     210765.000 ns	     21075	800047cc	268c8193	addi	x3,x25,616	 x25:0x00000000  x3=0x00000268
     210785.000 ns	     21077	800047d0	20a59a53	fsgnjn.s	f20,f11,f10	 f11:0x7f800000 f10:0x7f800000 f20=0xff800000
     210815.000 ns	     21080	800047d4	03a03c33	mulhu	x24,x0,x26	  x0:0x00000000 x26:0x00000007 x24=0x00000000
     210835.000 ns	     21082	800047d8	00000013	addi	x0,x0,0	  x0:0x00000000
     210845.000 ns	     21083	800047dc	8f1a8113	addi	x2,x21,-1807	 x21:0x00000001  x2=0xfffff8f2
     210865.000 ns	     21085	800047e0	20fe90d3	fsgnjn.s	f1,f29,f15	 f29:0x80000000 f15:0x3f800000  f1=0x80000000
     210885.000 ns	     21087	800047e4	01b1b9b3	sltu	x19,x3,x27	  x3:0x00000268 x27:0xf9af2af0 x19=0x00000001
     210905.000 ns	     21089	800047e8	204a86d3	fsgnj.s	f13,f21,f4	 f21:0xcefff7df  f4:0x00000000 f13=0x4efff7df
     210935.000 ns	     21092	800047ec	e00418d3	fclass.s	x17,f8	  f8:0x00000000 x17=0x00000010
     210985.000 ns	     21097	800047f0	01b2fa53	fadd.s	f20,f5,f27	  f5:0x4f79af2a f27:0x7f800000 f20=0x7f800000
     211005.000 ns	     21099	800047f4	256a0413	addi	x8,x20,598	 x20:0x7fffffff  x8=0x80000255
     211025.000 ns	     21101	800047f8	218c2253	fsgnjx.s	f4,f24,f24	 f24:0x00000000 f24:0x00000000  f4=0x00000000
     211055.000 ns	     21104	800047fc	d0147cd3	fcvt.s.wu	f25,x8	  x8:0x000007d1 f25=0x4f000002
     211085.000 ns	     21107	80004800	280a9853	fmax.s	f16,f21,f0	 f21:0xcefff7df  f0:0xccca1aa2 f16=0xccca1aa2
     211105.000 ns	     21109	80004804	7e8c6eb7	lui	x29,0x7e8c6	 x29=0x7e8c6000
     211125.000 ns	     21111	80004808	28d08853	fmin.s	f16,f1,f13	  f1:0x80000000 f13:0x4efff7df f16=0x80000000
     211145.000 ns	     21113	8000480c	404c8bb3	sub	x23,x25,x4	 x25:0x00000000  x4:0xffffffff x23=0x00000001
     211155.000 ns	     21114	80004810	01150eb3	add	x29,x10,x17	 x10:0x00000000 x17:0x00000010 x29=0x00000010
     211175.000 ns	     21116	80004814	a0792753	feq.s	x14,f18,f7	 f18:0xccca1aa2  f7:0x00000000 x14=0x00000000
     211205.000 ns	     21119	80004818	a1eb1e53	flt.s	x28,f22,f30	 f22:0x5f4cca19 f30:0x7f800000 x28=0x00000001
     211225.000 ns	     21121	8000481c	00a17bb3	and	x23,x2,x10	  x2:0xfffff8f2 x10:0x00000000 x23=0x00000000
     211235.000 ns	     21122	80004820	41845433	sra	x8,x8,x24	  x8:0x80000255 x24:0x00000000  x8=0x80000255
     211595.000 ns	     21158	80004824	03e0c0b3	div	x1,x1,x30	  x1:0xffff0000 x30:0x7ffffff8  x1=0x00000000
     211625.000 ns	     21161	80004828	e00b0ed3	fmv.x.w	x29,f22	 f22:0x5f4cca19 x29=0x5f4cca19
     211655.000 ns	     21164	8000482c	28a38353	fmin.s	f6,f7,f10	  f7:0x00000000 f10:0x7f800000  f6=0x00000000
     211675.000 ns	     21166	80004830	00a65693	srli	x13,x12,0xa	 x12:0x7f800000 x13=0x001fe000
     211695.000 ns	     21168	80004834	289c8553	fmin.s	f10,f25,f9	 f25:0x4f000002  f9:0xffc00000 f10=0x4f000002
     211725.000 ns	     21171	80004838	29de1853	fmax.s	f16,f28,f29	 f28:0x4f735e55 f29:0x80000000 f16=0x4f735e55
     211745.000 ns	     21173	8000483c	01e27bb3	and	x23,x4,x30	  x4:0xffffffff x30:0x7ffffff8 x23=0x7ffffff8
     211755.000 ns	     21174	80004840	0004d433	srl	x8,x9,x0	  x9:0x00000000  x0:0x00000000  x8=0x00000000
     212115.000 ns	     21210	80004844	0231d433	divu	x8,x3,x3	  x3:0x00000268  x3:0x00000268  x8=0x00000001
     212145.000 ns	     21213	80004848	28888953	fmin.s	f18,f17,f8	 f17:0x00000000  f8:0x00000000 f18=0x00000000
     212195.000 ns	     21218	8000484c	00a025d3	fadd.s	f11,f0,f10	  f0:0xccca1aa2 f10:0x4f000002 f11=0x4ef35e58
     212225.000 ns	     21221	80004850	a1b88253	fle.s	x4,f17,f27	 f17:0x00000000 f27:0x7f800000  x4=0x00000001
     212255.000 ns	     21224	80004854	a02a27d3	feq.s	x15,f20,f2	 f20:0x7f800000  f2:0xdf4cca19 x15=0x00000000
     212305.000 ns	     21229	80004858	0928f8d3	fsub.s	f17,f17,f18	 f17:0x00000000 f18:0x00000000 f17=0x80000000
     212355.000 ns	     21234	8000485c	0858f2d3	fsub.s	f5,f17,f5	 f17:0x00000000  f5:0x4f79af2a  f5=0xcf79af2a
     212375.000 ns	     21236	80004860	01dfd5b3	srl	x11,x31,x29	 x31:0x00000001 x29:0x5f4cca19 x11=0x00000000
     212385.000 ns	     21237	80004864	00befd33	and	x26,x29,x11	 x29:0x5f4cca19 x11:0x00000001 x26=0x00000000
     212745.000 ns	     21273	80004868	02c07d33	remu	x26,x0,x12	  x0:0x00000000 x12:0x7f800000 x26=0x00000000
     213925.000 ns	     21391	8000486c	58087bd3	fsqrt.s	f23,f16	 f16:0x4f735e55 f23=0x472c1651
     213975.000 ns	     21396	80004870	0155a053	fadd.s	f0,f11,f21	 f11:0x4ef35e58 f21:0xcefff7df  f0=0xccc99870
     214005.000 ns	     21399	80004874	21b928d3	fsgnjx.s	f17,f18,f27	 f18:0x00000000 f27:0x7f800000 f17=0x00000000
     214035.000 ns	     21402	80004878	f0068c53	fmv.w.x	f24,x13	 x13:0x001fe000 f24=0x001fe000
     214065.000 ns	     21405	8000487c	03099333	mulh	x6,x19,x16	 x19:0x00000001 x16:0x80040fe4  x6=0xffffffff
     214105.000 ns	     21409	80004880	58017953	fsqrt.s	f18,f2	  f2:0xdf4cca19 f18=0x7fc00000
     214135.000 ns	     21412	80004884	d00d71d3	fcvt.s.w	f3,x26	 x26:0x00000000  f3=0x00000000
     214165.000 ns	     21415	80004888	a06705d3	fle.s	x11,f14,f6	 f14:0x7f800000  f6:0x00000000 x11=0x00000000
     214195.000 ns	     21418	8000488c	d0047753	fcvt.s.w	f14,x8	  x8:0x00000001 f14=0x3f800000
     214535.000 ns	     21452	80004890	18d07653	fdiv.s	f12,f0,f13	  f0:0xccc99870 f13:0x4efff7df f12=0xbd499870
     214565.000 ns	     21455	80004894	21b31cd3	fsgnjn.s	f25,f6,f27	  f6:0x00000000 f27:0x7f800000 f25=0x80000000
     214585.000 ns	     21457	80004898	83aa0393	addi	x7,x20,-1990	 x20:0x7fffffff  x7=0x7ffff839
     214605.000 ns	     21459	8000489c	c008b553	fcvt.w.s	x10,f17	 f17:0x00000000 x10=0x00000000
     214655.000 ns	     21464	800048a0	08228ed3	fsub.s	f29,f5,f2	  f5:0xcf79af2a  f2:0xdf4cca19 f29=0x5f4cca19
     214685.000 ns	     21467	800048a4	d01ffc53	fcvt.s.wu	f24,x31	 x31:0x00000001 f24=0x3f800000
     214715.000 ns	     21470	800048a8	d01f87d3	fcvt.s.wu	f15,x31	 x31:0x00000001 f15=0x3f800000
     214735.000 ns	     21472	800048ac	00de8733	add	x14,x29,x13	 x29:0x5f4cca19 x13:0x001fe000 x14=0x5f6caa19
     214755.000 ns	     21474	800048b0	28dd0b53	fmin.s	f22,f26,f13	 f26:0x7f800000 f13:0x4efff7df f22=0x4efff7df
     215095.000 ns	     21508	800048b4	18a10253	fdiv.s	f4,f2,f10	  f2:0xdf4cca19 f10:0x4f000002  f4=0xcf4cca1a
     215125.000 ns	     21511	800048b8	e0040553	fmv.x.w	x10,f8	  f8:0x00000000 x10=0x00000000
     215145.000 ns	     21513	800048bc	aaf48237	lui	x4,0xaaf48	  x4=0xaaf48000
     215165.000 ns	     21515	800048c0	a18e1353	flt.s	x6,f28,f24	 f28:0x4f735e55 f24:0x3f800000  x6=0x00000000
     215185.000 ns	     21517	800048c4	01dc31b3	sltu	x3,x24,x29	 x24:0x00000000 x29:0x5f4cca19  x3=0x00000001
     215205.000 ns	     21519	800048c8	d0063f53	fcvt.s.w	f30,x12	 x12:0x7f800000 f30=0x4eff0000
     215225.000 ns	     21521	800048cc	014e6ab3	or	x21,x28,x20	 x28:0x00000001 x20:0x7fffffff x21=0x7fffffff
     215245.000 ns	     21523	800048d0	03d12233	mulhsu	x4,x2,x29	  x2:0xfffff8f2 x29:0x5f4cca19  x4=0xfffffd5f
     215275.000 ns	     21526	800048d4	e0071053	fclass.s	x0,f14	 f14:0x3f800000
     215305.000 ns	     21529	800048d8	03c81fb3	mulh	x31,x16,x28	 x16:0x80040fe4 x28:0x00000001 x31=0xffffffff
     215325.000 ns	     21531	800048dc	a3ff6c13	ori	x24,x30,-1473	 x30:0x7ffffff8 x24=0xffffffff
     215335.000 ns	     21532	800048e0	00fb7533	and	x10,x22,x15	 x22:0x00000007 x15:0x00000000 x10=0x00000000
     215355.000 ns	     21534	800048e4	e0088ed3	fmv.x.w	x29,f17	 f17:0x00000000 x29=0x00000000
     215385.000 ns	     21537	800048e8	d01835d3	fcvt.s.wu	f11,x16	 x16:0x80040fe4 f11=0x4f000410
     215405.000 ns	     21539	800048ec	dd7f4913	xori	x18,x30,-553	 x30:0x7ffffff8 x18=0x8000022f
     215415.000 ns	     21540	800048f0	00795313	srli	x6,x18,0x7	 x18:0xffffffff  x6=0x01000004
     215425.000 ns	     21541	800048f4	da5c6c13	ori	x24,x24,-603	 x24:0xffffffff x24=0xffffffff
     215445.000 ns	     21543	800048f8	d01e7c53	fcvt.s.wu	f24,x28	 x28:0x00000001 f24=0x3f800000
     215475.000 ns	     21546	800048fc	d00e79d3	fcvt.s.w	f19,x28	 x28:0x00000001 f19=0x3f800000
     215505.000 ns	     21549	80004900	e00916d3	fclass.s	x13,f18	 f18:0x7fc00000 x13=0x00000200
     215525.000 ns	     21551	80004904	7f312893	slti	x17,x2,2035	  x2:0xfffff8f2 x17=0x00000001
     215535.000 ns	     21552	80004908	00000013	addi	x0,x0,0	  x0:0x00000000
     215555.000 ns	     21554	8000490c	29790253	fmin.s	f4,f18,f23	 f18:0x7fc00000 f23:0x472c1651  f4=0x472c1651
     216735.000 ns	     21672	80004910	58057fd3	fsqrt.s	f31,f10	 f10:0x4f000002 f31=0x46b50483
     216765.000 ns	     21675	80004914	a1a690d3	flt.s	x1,f13,f26	 f13:0x4efff7df f26:0x7f800000  x1=0x00000001
     216795.000 ns	     21678	80004918	02cb23b3	mulhsu	x7,x22,x12	 x22:0x00000007 x12:0x7f800000  x7=0x00000003
     216815.000 ns	     21680	8000491c	00f3e933	or	x18,x7,x15	  x7:0x7ffff839 x15:0x00000000 x18=0x00000003
     216825.000 ns	     21681	80004920	00000013	addi	x0,x0,0	  x0:0x00000000
     216835.000 ns	     21682	80004924	00734fb3	xor	x31,x6,x7	  x6:0x01000004  x7:0x00000003 x31=0x01000007
     216845.000 ns	     21683	80004928	00dd5513	srli	x10,x26,0xd	 x26:0x00000000 x10=0x00000000
     216855.000 ns	     21684	8000492c	d177c193	xori	x3,x15,-745	 x15:0x00000000  x3=0xfffffd17
     216875.000 ns	     21686	80004930	c018cd53	fcvt.wu.s	x26,f17	 f17:0x00000000 x26=0x00000000
     216895.000 ns	     21688	80004934	00db9c33	sll	x24,x23,x13	 x23:0x7ffffff8 x13:0x00000200 x24=0x7ffffff8
     216905.000 ns	     21689	80004938	01f15393	srli	x7,x2,0x1f	  x2:0xfffff8f2  x7=0x00000001
     216915.000 ns	     21690	8000493c	01695e33	srl	x28,x18,x22	 x18:0x00000003 x22:0x00000007 x28=0x00000000
     217275.000 ns	     21726	80004940	0354f5b3	remu	x11,x9,x21	  x9:0x00000000 x21:0x7fffffff x11=0x00000000
     217615.000 ns	     21760	80004944	19864353	fdiv.s	f6,f12,f24	 f12:0xbd499870 f24:0x3f800000  f6=0xbd4997d3
     217645.000 ns	     21763	80004948	03e7ad33	mulhsu	x26,x15,x30	 x15:0x00000000 x30:0x7ffffff8 x26=0x00000000
     217675.000 ns	     21766	8000494c	e0081b53	fclass.s	x22,f16	 f16:0x4f735e55 x22=0x00000040
     217695.000 ns	     21768	80004950	db2fb213	sltiu	x4,x31,-590	 x31:0x01000007  x4=0x00000001
     217705.000 ns	     21769	80004954	0031ac33	slt	x24,x3,x3	  x3:0xfffffd17  x3:0xfffffd17 x24=0x00000000
     217725.000 ns	     21771	80004958	d0107bd3	fcvt.s.wu	f23,x0	  x0:0x00000000 f23=0x00000000
     217745.000 ns	     21773	8000495c	01abd013	srli	x0,x23,0x1a	 x23:0x7ffffff8
     217755.000 ns	     21774	80004960	002794b3	sll	x9,x15,x2	 x15:0x00000000  x2:0xfffff8f2  x9=0x00000000
     217765.000 ns	     21775	80004964	01faa333	slt	x6,x21,x31	 x21:0x7fffffff x31:0x01000007  x6=0x00000000
     217785.000 ns	     21777	80004968	0394b933	mulhu	x18,x9,x25	  x9:0x00000000 x25:0x00000000 x18=0x00000000
     217815.000 ns	     21780	8000496c	20d52353	fsgnjx.s	f6,f10,f13	 f10:0x4f000002 f13:0x4efff7df  f6=0x4f000002
     217845.000 ns	     21783	80004970	0250b8b3	mulhu	x17,x1,x5	  x1:0x00000001  x5:0x80041024 x17=0x00000000
     217865.000 ns	     21785	80004974	00000013	addi	x0,x0,0	  x0:0x00000000
     217875.000 ns	     21786	80004978	40a209b3	sub	x19,x4,x10	  x4:0x00000001 x10:0x00000000 x19=0x00000001
     217895.000 ns	     21788	8000497c	21780253	fsgnj.s	f4,f16,f23	 f16:0x4f735e55 f23:0x00000000  f4=0x4f735e55
     217915.000 ns	     21790	80004980	56fc0a93	addi	x21,x24,1391	 x24:0x00000000 x21=0x0000056f
     217935.000 ns	     21792	80004984	d005c153	fcvt.s.w	f2,x11	 x11:0x00000000  f2=0x00000000
     217965.000 ns	     21795	80004988	036c0a33	mul	x20,x24,x22	 x24:0x00000000 x22:0x00000040 x20=0x00000000
     217995.000 ns	     21798	8000498c	a1948053	fle.s	x0,f9,f25	  f9:0xffc00000 f25:0x80000000
     218025.000 ns	     21801	80004990	029e38b3	mulhu	x17,x28,x9	 x28:0x00000000  x9:0x00000000 x17=0x00000000
     218055.000 ns	     21804	80004994	2039a153	fsgnjx.s	f2,f19,f3	 f19:0x3f800000  f3:0x00000000  f2=0x3f800000
     218075.000 ns	     21806	80004998	87dd4893	xori	x17,x26,-1923	 x26:0x00000000 x17=0xfffff87d
     218095.000 ns	     21808	8000499c	c01ef353	fcvt.wu.s	x6,f29	 f29:0x5f4cca19  x6=0xffffffff
     218125.000 ns	     21811	800049a0	02a5ff33	remu	x30,x11,x10	 x11:0x00000000 x10:0x00000000 x30=0x00000000
     218155.000 ns	     21814	800049a4	a0b419d3	flt.s	x19,f8,f11	  f8:0x00000000 f11:0x4f000410 x19=0x00000001
     218185.000 ns	     21817	800049a8	29fd1f53	fmax.s	f30,f26,f31	 f26:0x7f800000 f31:0x46b50483 f30=0x7f800000
     218215.000 ns	     21820	800049ac	0251ad33	mulhsu	x26,x3,x5	  x3:0xfffffd17  x5:0x80041024 x26=0xfffffe8b
     218235.000 ns	     21822	800049b0	40935533	sra	x10,x6,x9	  x6:0xffffffff  x9:0x00000000 x10=0xffffffff
     218255.000 ns	     21824	800049b4	023980b3	mul	x1,x19,x3	 x19:0x00000001  x3:0xfffffd17  x1=0xfffffd17
     218275.000 ns	     21826	800049b8	01b43f33	sltu	x30,x8,x27	  x8:0x00000001 x27:0xf9af2af0 x30=0x00000001
     218295.000 ns	     21828	800049bc	d0073d53	fcvt.s.w	f26,x14	 x14:0x5f6caa19 f26=0x4ebed955
     218325.000 ns	     21831	800049c0	29f79d53	fmax.s	f26,f15,f31	 f15:0x3f800000 f31:0x46b50483 f26=0x46b50483
     218365.000 ns	     21835	800049c4	199a7dd3	fdiv.s	f27,f20,f25	 f20:0x7f800000 f25:0x80000000 f27=0xff800000
     218385.000 ns	     21837	800049c8	0154b4b3	sltu	x9,x9,x21	  x9:0x00000000 x21:0x0000056f  x9=0x00000001
     218405.000 ns	     21839	800049cc	f00f80d3	fmv.w.x	f1,x31	 x31:0x01000007  f1=0x01000007
     218425.000 ns	     21841	800049d0	a6ce3913	sltiu	x18,x28,-1428	 x28:0x00000000 x18=0x00000001
     218785.000 ns	     21877	800049d4	023cc333	div	x6,x25,x3	 x25:0x00000000  x3:0xfffffd17  x6=0x00000000
     218805.000 ns	     21879	800049d8	c9608893	addi	x17,x1,-874	  x1:0xfffffd17 x17=0xfffff9ad
     218825.000 ns	     21881	800049dc	20e889d3	fsgnj.s	f19,f17,f14	 f17:0x00000000 f14:0x3f800000 f19=0x00000000
     218855.000 ns	     21884	800049e0	a0d109d3	fle.s	x19,f2,f13	  f2:0x3f800000 f13:0x4efff7df x19=0x00000001
     218895.000 ns	     21888	800049e4	102c8853	fmul.s	f16,f25,f2	 f25:0x80000000  f2:0x3f800000 f16=0x80000000
     219265.000 ns	     21925	800049e8	0376dc33	divu	x24,x13,x23	 x13:0x00000200 x23:0x7ffffff8 x24=0x00000000
     219285.000 ns	     21927	800049ec	017a9413	slli	x8,x21,0x17	 x21:0x0000056f  x8=0xb7800000
     219295.000 ns	     21928	800049f0	00b56c33	or	x24,x10,x11	 x10:0xffffffff x11:0x00000000 x24=0xffffffff
     219655.000 ns	     21964	800049f4	03225c33	divu	x24,x4,x18	  x4:0x00000001 x18:0x00000001 x24=0x00000001
     219675.000 ns	     21966	800049f8	00000013	addi	x0,x0,0	  x0:0x00000000
     219685.000 ns	     21967	800049fc	15fbef93	ori	x31,x23,351	 x23:0x7ffffff8 x31=0x7fffffff
     219705.000 ns	     21969	80004a00	a0d5a953	feq.s	x18,f11,f13	 f11:0x4f000410 f13:0x4efff7df x18=0x00000000
     219735.000 ns	     21972	80004a04	a1300253	fle.s	x4,f0,f19	  f0:0xccc99870 f19:0x00000000  x4=0x00000001
     219785.000 ns	     21977	80004a08	0082fcd3	fadd.s	f25,f5,f8	  f5:0xcf79af2a  f8:0x00000000 f25=0xcf79af2a
     219805.000 ns	     21979	80004a0c	019628b3	slt	x17,x12,x25	 x12:0x7f800000 x25:0x00000000 x17=0x00000000
     219815.000 ns	     21980	80004a10	38c70413	addi	x8,x14,908	 x14:0x5f6caa19  x8=0x5f6cada5
     219825.000 ns	     21981	80004a14	015d5933	srl	x18,x26,x21	 x26:0xfffffe8b x21:0x0000056f x18=0x0001ffff
     219835.000 ns	     21982	80004a18	c3807c17	auipc	x24,0xc3807	 x24=0x4380ba18
     219845.000 ns	     21983	80004a1c	b3b3e193	ori	x3,x7,-1221	  x7:0x00000001  x3=0xfffffb3b
     219855.000 ns	     21984	80004a20	01ee7133	and	x2,x28,x30	 x28:0x00000000 x30:0x00000001  x2=0x00000000
     219865.000 ns	     21985	80004a24	409cdb13	srai	x22,x25,0x9	 x25:0x00000000 x22=0x00000000
     220225.000 ns	     22021	80004a28	03204fb3	div	x31,x0,x18	  x0:0x00000000 x18:0x0001ffff x31=0x00000000
     220245.000 ns	     22023	80004a2c	41aad433	sra	x8,x21,x26	 x21:0x0000056f x26:0xfffffe8b  x8=0x00000000
     220255.000 ns	     22024	80004a30	40588b33	sub	x22,x17,x5	 x17:0x00000000  x5:0x80041024 x22=0x7ffbefdc
     220265.000 ns	     22025	80004a34	00d774b3	and	x9,x14,x13	 x14:0x5f6caa19 x13:0x00000200  x9=0x00000200
     220285.000 ns	     22027	80004a38	f0038a53	fmv.w.x	f20,x7	  x7:0x00000001 f20=0x00000001
     220315.000 ns	     22030	80004a3c	217b2b53	fsgnjx.s	f22,f22,f23	 f22:0x4efff7df f23:0x00000000 f22=0x4efff7df
     220335.000 ns	     22032	80004a40	011bb8b3	sltu	x17,x23,x17	 x23:0x7ffffff8 x17:0x00000000 x17=0x00000000
     220345.000 ns	     22033	80004a44	018d2533	slt	x10,x26,x24	 x26:0xfffffe8b x24:0x4380ba18 x10=0x00000001
     220355.000 ns	     22034	80004a48	5d656313	ori	x6,x10,1494	 x10:0xffffffff  x6=0x000005d7
     220715.000 ns	     22070	80004a4c	03bfd8b3	divu	x17,x31,x27	 x31:0x00000000 x27:0xf9af2af0 x17=0x00000000
     220735.000 ns	     22072	80004a50	000213b3	sll	x7,x4,x0	  x4:0x00000001  x0:0x00000000  x7=0x00000001
     221095.000 ns	     22108	80004a54	0361e233	rem	x4,x3,x22	  x3:0xfffffb3b x22:0x7ffbefdc  x4=0xfffffb3b
     221125.000 ns	     22111	80004a58	a0d22d53	feq.s	x26,f4,f13	  f4:0x4f735e55 f13:0x4efff7df x26=0x00000000
     221495.000 ns	     22148	80004a5c	0294c433	div	x8,x9,x9	  x9:0x00000200  x9:0x00000200  x8=0x00000001
     221515.000 ns	     22150	80004a60	01cb6033	or	x0,x22,x28	 x22:0x7ffbefdc x28:0x00000000
     221525.000 ns	     22151	80004a64	00ae9a93	slli	x21,x29,0xa	 x29:0x00000000 x21=0x00000000
     221535.000 ns	     22152	80004a68	01245913	srli	x18,x8,0x12	  x8:0x00000001 x18=0x00000000
     221555.000 ns	     22154	80004a6c	c001f9d3	fcvt.w.s	x19,f3	  f3:0x00000000 x19=0x00000000
     221595.000 ns	     22158	80004a70	1160fdd3	fmul.s	f27,f1,f22	  f1:0x01000007 f22:0x4efff7df f27=0x107ff7ec
     221625.000 ns	     22161	80004a74	e0030d53	fmv.x.w	x26,f6	  f6:0x4f000002 x26=0x4f000002
     221645.000 ns	     22163	80004a78	1709a793	slti	x15,x19,368	 x19:0x00000000 x15=0x00000001
     221655.000 ns	     22164	80004a7c	00000013	addi	x0,x0,0	  x0:0x00000000
     221665.000 ns	     22165	80004a80	003f7a33	and	x20,x30,x3	 x30:0x00000001  x3:0xfffffb3b x20=0x00000001
     221685.000 ns	     22167	80004a84	c01ebfd3	fcvt.wu.s	x31,f29	 f29:0x5f4cca19 x31=0xffffffff
     221725.000 ns	     22171	80004a88	580077d3	fsqrt.s	f15,f0	  f0:0xccc99870 f15=0x7fc00000
     221755.000 ns	     22174	80004a8c	f0008b53	fmv.w.x	f22,x1	  x1:0xfffffd17 f22=0xfffffd17
     221785.000 ns	     22177	80004a90	20fda553	fsgnjx.s	f10,f27,f15	 f27:0x107ff7ec f15:0x7fc00000 f10=0x107ff7ec
     221815.000 ns	     22180	80004a94	02a90a33	mul	x20,x18,x10	 x18:0x00000000 x10:0x00000001 x20=0x00000000
     221845.000 ns	     22183	80004a98	c01a27d3	fcvt.wu.s	x15,f20	 f20:0x00000001 x15=0x00000000
     221865.000 ns	     22185	80004a9c	01eed033	srl	x0,x29,x30	 x29:0x00000000 x30:0x00000001
     221875.000 ns	     22186	80004aa0	47a44693	xori	x13,x8,1146	  x8:0x00000001 x13=0x0000047b
     221895.000 ns	     22188	80004aa4	f00e0053	fmv.w.x	f0,x28	 x28:0x00000000  f0=0x00000000
     221925.000 ns	     22191	80004aa8	29fe88d3	fmin.s	f17,f29,f31	 f29:0x5f4cca19 f31:0x46b50483 f17=0x46b50483
     221955.000 ns	     22194	80004aac	c0007353	fcvt.w.s	x6,f0	  f0:0x00000000  x6=0x00000000
     221975.000 ns	     22196	80004ab0	010b0e33	add	x28,x22,x16	 x22:0x7ffbefdc x16:0x80040fe4 x28=0xffffffc0
     221995.000 ns	     22198	80004ab4	e00419d3	fclass.s	x19,f8	  f8:0x00000000 x19=0x00000010
     222015.000 ns	     22200	80004ab8	01c8f233	and	x4,x17,x28	 x17:0x00000000 x28:0x00000000  x4=0x00000000
     222025.000 ns	     22201	80004abc	0191b633	sltu	x12,x3,x25	  x3:0xfffffb3b x25:0x00000000 x12=0x00000000
     222045.000 ns	     22203	80004ac0	202b9e53	fsgnjn.s	f28,f23,f2	 f23:0x00000000  f2:0x3f800000 f28=0x80000000
     222075.000 ns	     22206	80004ac4	c0109353	fcvt.wu.s	x6,f1	  f1:0x01000007  x6=0x00000000
     222105.000 ns	     22209	80004ac8	296a11d3	fmax.s	f3,f20,f22	 f20:0x00000001 f22:0xfffffd17  f3=0x00000001
     222135.000 ns	     22212	80004acc	a0871753	flt.s	x14,f14,f8	 f14:0x3f800000  f8:0x00000000 x14=0x00000000
     222165.000 ns	     22215	80004ad0	020ee4b3	rem	x9,x29,x0	 x29:0x00000000  x0:0x00000000  x9=0x00000000
     222185.000 ns	     22217	80004ad4	005f3cb3	sltu	x25,x30,x5	 x30:0x00000001  x5:0x80041024 x25=0x00000001
     222195.000 ns	     22218	80004ad8	018f1933	sll	x18,x30,x24	 x30:0x00000001 x24:0x4380ba18 x18=0x01000000
     222215.000 ns	     22220	80004adc	d01e9553	fcvt.s.wu	f10,x29	 x29:0x00000000 f10=0x00000000
     222255.000 ns	     22224	80004ae0	18c9f1d3	fdiv.s	f3,f19,f12	 f19:0x00000000 f12:0xbd499870  f3=0x80000000
     222625.000 ns	     22261	80004ae4	0288ceb3	div	x29,x17,x8	 x17:0x00000000  x8:0x00000001 x29=0x00000000
     222655.000 ns	     22264	80004ae8	29709cd3	fmax.s	f25,f1,f23	  f1:0x01000007 f23:0x00000000 f25=0x01000007
     223835.000 ns	     22382	80004aec	5808f7d3	fsqrt.s	f15,f17	 f17:0x46b50483 f15=0x431837af
     223855.000 ns	     22384	80004af0	689bfe93	andi	x29,x23,1673	 x23:0x7ffffff8 x29=0x00000688
     223875.000 ns	     22386	80004af4	024ac3b3	div	x7,x21,x4	 x21:0x00000000  x4:0x00000000  x7=0xffffffff
     223905.000 ns	     22389	80004af8	02d62cb3	mulhsu	x25,x12,x13	 x12:0x00000000 x13:0x0000047b x25=0x00000000
     223925.000 ns	     22391	80004afc	005f9d13	slli	x26,x31,0x5	 x31:0xffffffff x26=0xffffffe0
     223945.000 ns	     22393	80004b00	21859353	fsgnjn.s	f6,f11,f24	 f11:0x4f000410 f24:0x3f800000  f6=0xcf000410
     223995.000 ns	     22398	80004b04	08e13d53	fsub.s	f26,f2,f14	  f2:0x3f800000 f14:0x3f800000 f26=0x80000000
     224025.000 ns	     22401	80004b08	29e383d3	fmin.s	f7,f7,f30	  f7:0x00000000 f30:0x7f800000  f7=0x00000000
     224045.000 ns	     22403	80004b0c	01d689b3	add	x19,x13,x29	 x13:0x0000047b x29:0x00000688 x19=0x00000b03
     224055.000 ns	     22404	80004b10	e6a4e913	ori	x18,x9,-406	  x9:0x00000000 x18=0xfffffe6a
     224065.000 ns	     22405	80004b14	234e6713	ori	x14,x28,564	 x28:0xffffffc0 x14=0xfffffff4
     224085.000 ns	     22407	80004b18	a0d793d3	flt.s	x7,f15,f13	 f15:0x431837af f13:0x4efff7df  x7=0x00000001
     224105.000 ns	     22409	80004b1c	01040233	add	x4,x8,x16	  x8:0x00000001 x16:0x80040fe4  x4=0x80040fe5
     224135.000 ns	     22412	80004b20	19ef8253	fdiv.s	f4,f31,f30	 f31:0x46b50483 f30:0x7f800000  f4=0x00000000
     224165.000 ns	     22415	80004b24	a11ea153	feq.s	x2,f29,f17	 f29:0x5f4cca19 f17:0x46b50483  x2=0x00000000
     224205.000 ns	     22419	80004b28	18a43353	fdiv.s	f6,f8,f10	  f8:0x00000000 f10:0x00000000  f6=0x7fc00000
     224225.000 ns	     22421	80004b2c	f71af493	andi	x9,x21,-143	 x21:0x00000000  x9=0x00000000
     224235.000 ns	     22422	80004b30	00000013	addi	x0,x0,0	  x0:0x00000000
     224265.000 ns	     22425	80004b34	11e675d3	fmul.s	f11,f12,f30	 f12:0xbd499870 f30:0x7f800000 f11=0xff800000
     224295.000 ns	     22428	80004b38	e00e0253	fmv.x.w	x4,f28	 f28:0x80000000  x4=0x80000000
     224325.000 ns	     22431	80004b3c	c00fa8d3	fcvt.w.s	x17,f31	 f31:0x46b50483 x17=0x00005a82
     224375.000 ns	     22436	80004b40	00cb4a53	fadd.s	f20,f22,f12	 f22:0xfffffd17 f12:0xbd499870 f20=0x7fc00000
     224395.000 ns	     22438	80004b44	aed09437	lui	x8,0xaed09	  x8=0xaed09000
     224405.000 ns	     22439	80004b48	407b5d13	srai	x26,x22,0x7	 x22:0x7ffbefdc x26=0x00fff7df
     224415.000 ns	     22440	80004b4c	00a073b3	and	x7,x0,x10	  x0:0x00000000 x10:0x00000001  x7=0x00000000
     224435.000 ns	     22442	80004b50	037c07b3	mul	x15,x24,x23	 x24:0x4380ba18 x23:0x7ffffff8 x15=0xe3fa2f40
     224455.000 ns	     22444	80004b54	007fd193	srli	x3,x31,0x7	 x31:0xffffffff  x3=0x01ffffff
     224475.000 ns	     22446	80004b58	d00723d3	fcvt.s.w	f7,x14	 x14:0xfffffff4  f7=0xc1400000
     224845.000 ns	     22483	80004b5c	03afc633	div	x12,x31,x26	 x31:0xffffffff x26:0x00fff7df x12=0x00000000
     224875.000 ns	     22486	80004b60	d0147e53	fcvt.s.wu	f28,x8	  x8:0xaed09000 f28=0x4f2ed090
     225245.000 ns	     22523	80004b64	02105933	divu	x18,x0,x1	  x0:0x00000000  x1:0xfffffd17 x18=0x00000000
     225275.000 ns	     22526	80004b68	02fd3733	mulhu	x14,x26,x15	 x26:0x00fff7df x15:0xe3fa2f40 x14=0x00e3f2f2
     225295.000 ns	     22528	80004b6c	00000013	addi	x0,x0,0	  x0:0x00000000
     225305.000 ns	     22529	80004b70	01c95cb3	srl	x25,x18,x28	 x18:0x00000000 x28:0xffffffc0 x25=0x00000000
     225315.000 ns	     22530	80004b74	01e43533	sltu	x10,x8,x30	  x8:0xaed09000 x30:0x00000001 x10=0x00000000
     225335.000 ns	     22532	80004b78	02a23f33	mulhu	x30,x4,x10	  x4:0x80000000 x10:0x00000001 x30=0x00000000
     225355.000 ns	     22534	80004b7c	404c5633	sra	x12,x24,x4	 x24:0x4380ba18  x4:0x80000000 x12=0x4380ba18
     225715.000 ns	     22570	80004b80	025ada33	divu	x20,x21,x5	 x21:0x00000000  x5:0x80041024 x20=0x00000000
     225735.000 ns	     22572	80004b84	01cc8ab3	add	x21,x25,x28	 x25:0x00000000 x28:0xffffffc0 x21=0xffffffc0
     225755.000 ns	     22574	80004b88	c01497d3	fcvt.wu.s	x15,f9	  f9:0xffc00000 x15=0xffffffff
     226095.000 ns	     22608	80004b8c	18e7f353	fdiv.s	f6,f15,f14	 f15:0x431837af f14:0x3f800000  f6=0x43183738
     226465.000 ns	     22645	80004b90	03c24ab3	div	x21,x4,x28	  x4:0x80000000 x28:0xffffffc0 x21=0x02000000
     226495.000 ns	     22648	80004b94	03da0f33	mul	x30,x20,x29	 x20:0x00000000 x29:0x00000688 x30=0x00000000
     226515.000 ns	     22650	80004b98	01909f93	slli	x31,x1,0x19	  x1:0xfffffd17 x31=0x2e000000
     227685.000 ns	     22767	80004b9c	5806f8d3	fsqrt.s	f17,f13	 f13:0x4efff7df f17=0x473501cb
     227715.000 ns	     22770	80004ba0	026c7233	remu	x4,x24,x6	 x24:0x4380ba18  x6:0x00000000  x4=0x4380ba18
     227745.000 ns	     22773	80004ba4	e00d8bd3	fmv.x.w	x23,f27	 f27:0x107ff7ec x23=0x107ff7ec
     228115.000 ns	     22810	80004ba8	030ad3b3	divu	x7,x21,x16	 x21:0x02000000 x16:0x80040fe4  x7=0x00000000
     228135.000 ns	     22812	80004bac	0078da93	srli	x21,x17,0x7	 x17:0x00005a82 x21=0x000000b5
     228155.000 ns	     22814	80004bb0	d0018ad3	fcvt.s.w	f21,x3	  x3:0x01ffffff f21=0x4c000000
     228205.000 ns	     22819	80004bb4	00ab2353	fadd.s	f6,f22,f10	 f22:0xfffffd17 f10:0x00000000  f6=0x7fc00000
     228235.000 ns	     22822	80004bb8	03221b33	mulh	x22,x4,x18	  x4:0x4380ba18 x18:0x00000000 x22=0x00000000
     228265.000 ns	     22825	80004bbc	03579033	mulh	x0,x15,x21	 x15:0xffffffff x21:0x000000b5
     228285.000 ns	     22827	80004bc0	4b3f2613	slti	x12,x30,1203	 x30:0x00000000 x12=0x00000001
     228325.000 ns	     22831	80004bc4	0949cb53	fsub.s	f22,f19,f20	 f19:0x00000000 f20:0x7fc00000 f22=0x7fc00000
     228355.000 ns	     22834	80004bc8	c0198d53	fcvt.wu.s	x26,f19	 f19:0x00000000 x26=0x00000000
     228385.000 ns	     22837	80004bcc	a03e1553	flt.s	x10,f28,f3	 f28:0x4f2ed090  f3:0x80000000 x10=0x00000000
     228425.000 ns	     22841	80004bd0	103c2ad3	fmul.s	f21,f24,f3	 f24:0x3f800000  f3:0x80000000 f21=0x80000000
     228455.000 ns	     22844	80004bd4	d00a0f53	fcvt.s.w	f30,x20	 x20:0x00000000 f30=0x00000000
     228485.000 ns	     22847	80004bd8	d0127753	fcvt.s.wu	f14,x4	  x4:0x4380ba18 f14=0x4e870174
     228515.000 ns	     22850	80004bdc	20842f53	fsgnjx.s	f30,f8,f8	  f8:0x00000000  f8:0x00000000 f30=0x00000000
     228545.000 ns	     22853	80004be0	a08ea453	feq.s	x8,f29,f8	 f29:0x5f4cca19  f8:0x00000000  x8=0x00000000
     228575.000 ns	     22856	80004be4	a1811a53	flt.s	x20,f2,f24	  f2:0x3f800000 f24:0x3f800000 x20=0x00000000
     228595.000 ns	     22858	80004be8	010d9893	slli	x17,x27,0x10	 x27:0xf9af2af0 x17=0x2af00000
     228615.000 ns	     22860	80004bec	03a31933	mulh	x18,x6,x26	  x6:0x00000000 x26:0x00000000 x18=0x00000000
     228645.000 ns	     22863	80004bf0	28ec0cd3	fmin.s	f25,f24,f14	 f24:0x3f800000 f14:0x4e870174 f25=0x3f800000
     228665.000 ns	     22865	80004bf4	013685b3	add	x11,x13,x19	 x13:0x0000047b x19:0x00000b03 x11=0x00000f7e
     228695.000 ns	     22868	80004bf8	11b87153	fmul.s	f2,f16,f27	 f16:0x80000000 f27:0x107ff7ec  f2=0x80000000
     228745.000 ns	     22873	80004bfc	01f8f453	fadd.s	f8,f17,f31	 f17:0x473501cb f31:0x46b50483  f8=0x4787c206
     228775.000 ns	     22876	80004c00	029b31b3	mulhu	x3,x22,x9	 x22:0x00000000  x9:0x00000000  x3=0x00000000
     228795.000 ns	     22878	80004c04	00c5d033	srl	x0,x11,x12	 x11:0x00000f7e x12:0x00000001
     228805.000 ns	     22879	80004c08	0198d0b3	srl	x1,x17,x25	 x17:0x2af00000 x25:0x00000000  x1=0x2af00000
     228825.000 ns	     22881	80004c0c	d0057353	fcvt.s.w	f6,x10	 x10:0x00000000  f6=0x00000000
     228845.000 ns	     22883	80004c10	012b4333	xor	x6,x22,x18	 x22:0x00000000 x18:0x00000000  x6=0x00000000
     228865.000 ns	     22885	80004c14	c0127653	fcvt.wu.s	x12,f4	  f4:0x00000000 x12=0x00000000
     228895.000 ns	     22888	80004c18	02c995b3	mulh	x11,x19,x12	 x19:0x00000b03 x12:0x00000001 x11=0x00000000
     228925.000 ns	     22891	80004c1c	022af3b3	remu	x7,x21,x2	 x21:0x000000b5  x2:0x00000000  x7=0x000000b5
     228975.000 ns	     22896	80004c20	09578b53	fsub.s	f22,f15,f21	 f15:0x431837af f21:0x80000000 f22=0x431837af
     228995.000 ns	     22898	80004c24	5e8aca93	xori	x21,x21,1512	 x21:0x000000b5 x21=0x0000055d
     229015.000 ns	     22900	80004c28	0260a133	mulhsu	x2,x1,x6	  x1:0x2af00000  x6:0x00000000  x2=0x00000000
     229035.000 ns	     22902	80004c2c	00b2c033	xor	x0,x5,x11	  x5:0x80041024 x11:0x00000000
     229045.000 ns	     22903	80004c30	01baea33	or	x20,x21,x27	 x21:0x0000055d x27:0xf9af2af0 x20=0xf9af2ffd
     229055.000 ns	     22904	80004c34	00af5433	srl	x8,x30,x10	 x30:0x00000000 x10:0x00000000  x8=0x00000000
     229075.000 ns	     22906	80004c38	a1e719d3	flt.s	x19,f14,f30	 f14:0x4e870174 f30:0x00000000 x19=0x00000000
     229095.000 ns	     22908	80004c3c	79c46f93	ori	x31,x8,1948	  x8:0x00000000 x31=0x0000079c
     229105.000 ns	     22909	80004c40	17514313	xori	x6,x2,373	  x2:0x00000000  x6=0x00000175
     229465.000 ns	     22945	80004c44	0255f6b3	remu	x13,x11,x5	 x11:0x00000000  x5:0x80041024 x13=0x00000000
     229485.000 ns	     22947	80004c48	41248233	sub	x4,x9,x18	  x9:0x00000000 x18:0x00000000  x4=0x00000000
     229505.000 ns	     22949	80004c4c	285d9fd3	fmax.s	f31,f27,f5	 f27:0x107ff7ec  f5:0xcf79af2a f31=0x107ff7ec
     229525.000 ns	     22951	80004c50	01cd17b3	sll	x15,x26,x28	 x26:0x00000000 x28:0xffffffc0 x15=0x00000000
     229545.000 ns	     22953	80004c54	200ca653	fsgnjx.s	f12,f25,f0	 f25:0x3f800000  f0:0x00000000 f12=0x3f800000
     229585.000 ns	     22957	80004c58	19d498d3	fdiv.s	f17,f9,f29	  f9:0xffc00000 f29:0x5f4cca19 f17=0x7fc00000
     229605.000 ns	     22959	80004c5c	419d5f13	srai	x30,x26,0x19	 x26:0x00000000 x30=0x00000000
     229615.000 ns	     22960	80004c60	01a71613	slli	x12,x14,0x1a	 x14:0x00e3f2f2 x12=0xc8000000
     229635.000 ns	     22962	80004c64	d00b87d3	fcvt.s.w	f15,x23	 x23:0x107ff7ec f15=0x4d83ffbf
     229655.000 ns	     22964	80004c68	41355a33	sra	x20,x10,x19	 x10:0x00000000 x19:0x00000000 x20=0x00000000
     229675.000 ns	     22966	80004c6c	a0b605d3	fle.s	x11,f12,f11	 f12:0x3f800000 f11:0xff800000 x11=0x00000000
     229695.000 ns	     22968	80004c70	0004b5b3	sltu	x11,x9,x0	  x9:0x00000000  x0:0x00000000 x11=0x00000000
     230025.000 ns	     23001	80004c74	19beb653	fdiv.s	f12,f29,f27	 f29:0x5f4cca19 f27:0x107ff7ec f12=0x7f800000
     230365.000 ns	     23035	80004c78	19fc8cd3	fdiv.s	f25,f25,f31	 f25:0x3f800000 f31:0x107ff7ec f25=0x6eb4b4b6
     230735.000 ns	     23072	80004c7c	03d7df33	divu	x30,x15,x29	 x15:0x00000000 x29:0x00000688 x30=0x00000000
     230765.000 ns	     23075	80004c80	e0009553	fclass.s	x10,f1	  f1:0x01000007 x10=0x00000040
     230795.000 ns	     23078	80004c84	e0049453	fclass.s	x8,f9	  f9:0xffc00000  x8=0x00000200
     230825.000 ns	     23081	80004c88	a1e11ed3	flt.s	x29,f2,f30	  f2:0x80000000 f30:0x00000000 x29=0x00000000
     230845.000 ns	     23083	80004c8c	00000013	addi	x0,x0,0	  x0:0x00000000
     230865.000 ns	     23085	80004c90	c012cc53	fcvt.wu.s	x24,f5	  f5:0xcf79af2a x24=0xf9af2a00
     230895.000 ns	     23088	80004c94	208d9353	fsgnjn.s	f6,f27,f8	 f27:0x107ff7ec  f8:0x4787c206  f6=0x907ff7ec
     231265.000 ns	     23125	80004c98	03ff43b3	div	x7,x30,x31	 x30:0x00000000 x31:0x0000079c  x7=0x00000000
     231285.000 ns	     23127	80004c9c	416904b3	sub	x9,x18,x22	 x18:0x00000000 x22:0x00000000  x9=0x00000000
     231305.000 ns	     23129	80004ca0	a1f00953	fle.s	x18,f0,f31	  f0:0x00000000 f31:0x107ff7ec x18=0x00000001
     231335.000 ns	     23132	80004ca4	c00d13d3	fcvt.w.s	x7,f26	 f26:0x80000000  x7=0x00000000
     231355.000 ns	     23134	80004ca8	4184d993	srai	x19,x9,0x18	  x9:0x00000000 x19=0x00000000
     231375.000 ns	     23136	80004cac	c00e17d3	fcvt.w.s	x15,f28	 f28:0x4f2ed090 x15=0x7fffffff
     231405.000 ns	     23139	80004cb0	037faeb3	mulhsu	x29,x31,x23	 x31:0x0000079c x23:0x107ff7ec x29=0x0000007d
     231435.000 ns	     23142	80004cb4	d01244d3	fcvt.s.wu	f9,x4	  x4:0x00000000  f9=0x00000000
     231455.000 ns	     23144	80004cb8	41d85b13	srai	x22,x16,0x1d	 x16:0x80040fe4 x22=0xfffffffc
     231475.000 ns	     23146	80004cbc	c0027a53	fcvt.w.s	x20,f4	  f4:0x00000000 x20=0x00000000
     231495.000 ns	     23148	80004cc0	1460c013	xori	x0,x1,326	  x1:0x2af00000
     231505.000 ns	     23149	80004cc4	00da5933	srl	x18,x20,x13	 x20:0x00000000 x13:0x00000000 x18=0x00000000
     231865.000 ns	     23185	80004cc8	03666a33	rem	x20,x12,x22	 x12:0xc8000000 x22:0xfffffffc x20=0x00000000
     231915.000 ns	     23190	80004ccc	009a82d3	fadd.s	f5,f21,f9	 f21:0x80000000  f9:0x00000000  f5=0x00000000
     231935.000 ns	     23192	80004cd0	01e1a633	slt	x12,x3,x30	  x3:0x00000000 x30:0x00000000 x12=0x00000000
     231945.000 ns	     23193	80004cd4	01e33c33	sltu	x24,x6,x30	  x6:0x00000175 x30:0x00000000 x24=0x00000000
     231965.000 ns	     23195	80004cd8	29740953	fmin.s	f18,f8,f23	  f8:0x4787c206 f23:0x00000000 f18=0x00000000
     232005.000 ns	     23199	80004cdc	11e37e53	fmul.s	f28,f6,f30	  f6:0x907ff7ec f30:0x00000000 f28=0x80000000
     232025.000 ns	     23201	80004ce0	012e6f33	or	x30,x28,x18	 x28:0xffffffc0 x18:0x00000000 x30=0xffffffc0
     232045.000 ns	     23203	80004ce4	20d52153	fsgnjx.s	f2,f10,f13	 f10:0x00000000 f13:0x4efff7df  f2=0x00000000
     232075.000 ns	     23206	80004ce8	c01a08d3	fcvt.wu.s	x17,f20	 f20:0x7fc00000 x17=0xffffffff
     232105.000 ns	     23209	80004cec	a0238ad3	fle.s	x21,f7,f2	  f7:0xc1400000  f2:0x00000000 x21=0x00000001
     232135.000 ns	     23212	80004cf0	c01fa053	fcvt.wu.s	x0,f31	 f31:0x107ff7ec
     232165.000 ns	     23215	80004cf4	28258d53	fmin.s	f26,f11,f2	 f11:0xff800000  f2:0x00000000 f26=0xff800000
     232185.000 ns	     23217	80004cf8	ab188393	addi	x7,x17,-1359	 x17:0xffffffff  x7=0xfffffab0
     232225.000 ns	     23221	80004cfc	08237cd3	fsub.s	f25,f6,f2	  f6:0x907ff7ec  f2:0x00000000 f25=0x907ff7ec
     232255.000 ns	     23224	80004d00	f00903d3	fmv.w.x	f7,x18	 x18:0x00000000  f7=0x00000000
     232305.000 ns	     23229	80004d04	00e434d3	fadd.s	f9,f8,f14	  f8:0x4787c206 f14:0x4e870174  f9=0x4e870394
     232335.000 ns	     23232	80004d08	c019fcd3	fcvt.wu.s	x25,f19	 f19:0x00000000 x25=0x00000000
     232355.000 ns	     23234	80004d0c	5dc30593	addi	x11,x6,1500	  x6:0x00000175 x11=0x00000751
     232375.000 ns	     23236	80004d10	214c2dd3	fsgnjx.s	f27,f24,f20	 f24:0x3f800000 f20:0x7fc00000 f27=0x3f800000
     232405.000 ns	     23239	80004d14	0218a933	mulhsu	x18,x17,x1	 x17:0xffffffff  x1:0x2af00000 x18=0xffffffff
     232435.000 ns	     23242	80004d18	20160e53	fsgnj.s	f28,f12,f1	 f12:0x7f800000  f1:0x01000007 f28=0x7f800000
     232455.000 ns	     23244	80004d1c	00f61093	slli	x1,x12,0xf	 x12:0x00000000  x1=0x00000000
     232465.000 ns	     23245	80004d20	41b55bb3	sra	x23,x10,x27	 x10:0x00000040 x27:0xf9af2af0 x23=0x00000000
     232475.000 ns	     23246	80004d24	0140d313	srli	x6,x1,0x14	  x1:0x2af00000  x6=0x00000000
     232485.000 ns	     23247	80004d28	efd23013	sltiu	x0,x4,-259	  x4:0x00000000
     232505.000 ns	     23249	80004d2c	2064af53	fsgnjx.s	f30,f9,f6	  f9:0x4e870394  f6:0x907ff7ec f30=0xce870394
     232525.000 ns	     23251	80004d30	00000013	addi	x0,x0,0	  x0:0x00000000
     232545.000 ns	     23253	80004d34	a1ad93d3	flt.s	x7,f27,f26	 f27:0x3f800000 f26:0xff800000  x7=0x00000000
     232565.000 ns	     23255	80004d38	2f2e2993	slti	x19,x28,754	 x28:0xffffffc0 x19=0x00000001
     232575.000 ns	     23256	80004d3c	0168beb3	sltu	x29,x17,x22	 x17:0xffffffff x22:0xfffffffc x29=0x00000000
     232585.000 ns	     23257	80004d40	a69b8213	addi	x4,x23,-1431	 x23:0x00000000  x4=0xfffffa69
     232615.000 ns	     23260	80004d44	58097053	fsqrt.s	f0,f18	 f18:0x00000000  f0=0x00000000
     232645.000 ns	     23263	80004d48	21119cd3	fsgnjn.s	f25,f3,f17	  f3:0x80000000 f17:0x7fc00000 f25=0x80000000
     232675.000 ns	     23266	80004d4c	20ca2753	fsgnjx.s	f14,f20,f12	 f20:0x7fc00000 f12:0x7f800000 f14=0x7fc00000
     232715.000 ns	     23270	80004d50	108c7cd3	fmul.s	f25,f24,f8	 f24:0x3f800000  f8:0x4787c206 f25=0x4787c206
     232745.000 ns	     23273	80004d54	28eb06d3	fmin.s	f13,f22,f14	 f22:0x431837af f14:0x7fc00000 f13=0x431837af
     232775.000 ns	     23276	80004d58	03813233	mulhu	x4,x2,x24	  x2:0x00000000 x24:0x00000000  x4=0x00000000
     232795.000 ns	     23278	80004d5c	6a398493	addi	x9,x19,1699	 x19:0x00000001  x9=0x000006a4
     232815.000 ns	     23280	80004d60	0377d8b3	divu	x17,x15,x23	 x15:0x7fffffff x23:0x00000000 x17=0xffffffff
     232845.000 ns	     23283	80004d64	e0039153	fclass.s	x2,f7	  f7:0x00000000  x2=0x00000010
     232865.000 ns	     23285	80004d68	6d452037	lui	x0,0x6d452	
     232885.000 ns	     23287	80004d6c	02f8ac33	mulhsu	x24,x17,x15	 x17:0xffffffff x15:0x7fffffff x24=0xffffffff
     232905.000 ns	     23289	80004d70	77a1b893	sltiu	x17,x3,1914	  x3:0x00000000 x17=0x00000001
     232925.000 ns	     23291	80004d74	f00106d3	fmv.w.x	f13,x2	  x2:0x00000010 f13=0x00000010
     233295.000 ns	     23328	80004d78	030750b3	divu	x1,x14,x16	 x14:0x00e3f2f2 x16:0x80040fe4  x1=0x00000000
     233315.000 ns	     23330	80004d7c	788ac593	xori	x11,x21,1928	 x21:0x00000001 x11=0x00000789
     233335.000 ns	     23332	80004d80	21ca09d3	fsgnj.s	f19,f20,f28	 f20:0x7fc00000 f28:0x7f800000 f19=0x7fc00000
     233365.000 ns	     23335	80004d84	0262e133	rem	x2,x5,x6	  x5:0x80041024  x6:0x00000000  x2=0x80041024
     233385.000 ns	     23337	80004d88	00000013	addi	x0,x0,0	  x0:0x00000000
     233425.000 ns	     23341	80004d8c	08b57c53	fsub.s	f24,f10,f11	 f10:0x00000000 f11:0xff800000 f24=0x7f800000
     233445.000 ns	     23343	80004d90	019bd013	srli	x0,x23,0x19	 x23:0x00000000
     233465.000 ns	     23345	80004d94	a1998553	fle.s	x10,f19,f25	 f19:0x7fc00000 f25:0x4787c206 x10=0x00000000
     233515.000 ns	     23350	80004d98	09fe0953	fsub.s	f18,f28,f31	 f28:0x7f800000 f31:0x107ff7ec f18=0x7f800000
     233535.000 ns	     23352	80004d9c	8226c317	auipc	x6,0x8226c	  x6=0x02270d9c
     233575.000 ns	     23356	80004da0	00d4f7d3	fadd.s	f15,f9,f13	  f9:0x4e870394 f13:0x00000010 f15=0x4e870394
     233945.000 ns	     23393	80004da4	0364e933	rem	x18,x9,x22	  x9:0x000006a4 x22:0xfffffffc x18=0x00000000
     234315.000 ns	     23430	80004da8	02985b33	divu	x22,x16,x9	 x16:0x80040fe4  x9:0x000006a4 x22=0x00134716
     234335.000 ns	     23432	80004dac	11370a13	addi	x20,x14,275	 x14:0x00e3f2f2 x20=0x00e3f405
     234355.000 ns	     23434	80004db0	02b328b3	mulhsu	x17,x6,x11	  x6:0x02270d9c x11:0x00000789 x17=0x00000010
     234375.000 ns	     23436	80004db4	400d5313	srai	x6,x26,0x0	 x26:0x00000000  x6=0x00000000
     234385.000 ns	     23437	80004db8	01731eb3	sll	x29,x6,x23	  x6:0x02270d9c x23:0x00000000 x29=0x00000000
     234405.000 ns	     23439	80004dbc	c01199d3	fcvt.wu.s	x19,f3	  f3:0x80000000 x19=0x00000000
     234445.000 ns	     23443	80004dc0	192a7353	fdiv.s	f6,f20,f18	 f20:0x7fc00000 f18:0x7f800000  f6=0x7fc00000
     234475.000 ns	     23446	80004dc4	e0019fd3	fclass.s	x31,f3	  f3:0x80000000 x31=0x00000008
     234505.000 ns	     23449	80004dc8	02322a33	mulhsu	x20,x4,x3	  x4:0x00000000  x3:0x00000000 x20=0x00000000
     234525.000 ns	     23451	80004dcc	00e5a9b3	slt	x19,x11,x14	 x11:0x00000789 x14:0x00e3f2f2 x19=0x00000001
     234535.000 ns	     23452	80004dd0	01397fb3	and	x31,x18,x19	 x18:0x00000000 x19:0x00000000 x31=0x00000000
     234565.000 ns	     23455	80004dd4	19ea3cd3	fdiv.s	f25,f20,f30	 f20:0x7fc00000 f30:0xce870394 f25=0x7fc00000
     234935.000 ns	     23492	80004dd8	033940b3	div	x1,x18,x19	 x18:0x00000000 x19:0x00000001  x1=0x00000000
     234975.000 ns	     23496	80004ddc	58011653	fsqrt.s	f12,f2	  f2:0x00000000 f12=0x00000000
     235005.000 ns	     23499	80004de0	21eb05d3	fsgnj.s	f11,f22,f30	 f22:0x431837af f30:0xce870394 f11=0xc31837af
     235025.000 ns	     23501	80004de4	849f6c13	ori	x24,x30,-1975	 x30:0xffffffc0 x24=0xffffffc9
     235035.000 ns	     23502	80004de8	2d4dee17	auipc	x28,0x2d4de	 x28=0xad4e2de8
     235065.000 ns	     23505	80004dec	18eecc53	fdiv.s	f24,f29,f14	 f29:0x5f4cca19 f14:0x7fc00000 f24=0x7fc00000
     235095.000 ns	     23508	80004df0	0203a133	mulhsu	x2,x7,x0	  x7:0x00000000  x0:0x00000000  x2=0x00000000
     235125.000 ns	     23511	80004df4	21ba0c53	fsgnj.s	f24,f20,f27	 f20:0x7fc00000 f27:0x3f800000 f24=0x7fc00000
     235165.000 ns	     23515	80004df8	199bafd3	fdiv.s	f31,f23,f25	 f23:0x00000000 f25:0x7fc00000 f31=0x7fc00000
     235185.000 ns	     23517	80004dfc	4fa8e713	ori	x14,x17,1274	 x17:0x00000010 x14=0x000004fa
     235195.000 ns	     23518	80004e00	40915433	sra	x8,x2,x9	  x2:0x00000000  x9:0x000006a4  x8=0x00000000
     235205.000 ns	     23519	80004e04	006699b3	sll	x19,x13,x6	 x13:0x00000000  x6:0x00000000 x19=0x00000000
     235225.000 ns	     23521	80004e08	c012c8d3	fcvt.wu.s	x17,f5	  f5:0x00000000 x17=0x00000000
     235245.000 ns	     23523	80004e0c	01401a13	slli	x20,x0,0x14	  x0:0x00000000 x20=0x00000000
     235265.000 ns	     23525	80004e10	28e81053	fmax.s	f0,f16,f14	 f16:0x80000000 f14:0x7fc00000  f0=0x80000000
     235305.000 ns	     23529	80004e14	186377d3	fdiv.s	f15,f6,f6	  f6:0x7fc00000  f6:0x7fc00000 f15=0x7fc00000
     235325.000 ns	     23531	80004e18	00a15033	srl	x0,x2,x10	  x2:0x00000000 x10:0x00000000
     235355.000 ns	     23534	80004e1c	195bf3d3	fdiv.s	f7,f23,f21	 f23:0x00000000 f21:0x80000000  f7=0x7fc00000
     235375.000 ns	     23536	80004e20	a7d12417	auipc	x8,0xa7d12	  x8=0x27d16e20
     235735.000 ns	     23572	80004e24	02fc4d33	div	x26,x24,x15	 x24:0xffffffc9 x15:0x7fffffff x26=0x00000000
     235755.000 ns	     23574	80004e28	848bc213	xori	x4,x23,-1976	 x23:0x00000000  x4=0xfffff848
     235765.000 ns	     23575	80004e2c	c6ab21b7	lui	x3,0xc6ab2	  x3=0xc6ab2000
     235775.000 ns	     23576	80004e30	bbb97013	andi	x0,x18,-1093	 x18:0x00000000
     235785.000 ns	     23577	80004e34	fdc8ff17	auipc	x30,0xfdc8f	 x30=0x7dc93e34
     235795.000 ns	     23578	80004e38	a19cd697	auipc	x13,0xa19cd	 x13=0x219d1e38
     235805.000 ns	     23579	80004e3c	00000013	addi	x0,x0,0	  x0:0x00000000
     236975.000 ns	     23696	80004e40	58009f53	fsqrt.s	f30,f1	  f1:0x01000007 f30=0x1fb5048c
     237005.000 ns	     23699	80004e44	c01e2fd3	fcvt.wu.s	x31,f28	 f28:0x7f800000 x31=0xffffffff
     237025.000 ns	     23701	80004e48	00385213	srli	x4,x16,0x3	 x16:0x80040fe4  x4=0x100081fc
     237035.000 ns	     23702	80004e4c	00479113	slli	x2,x15,0x4	 x15:0x7fffffff  x2=0xfffffff0
     237055.000 ns	     23704	80004e50	02c94533	div	x10,x18,x12	 x18:0x00000000 x12:0x00000000 x10=0xffffffff
     237085.000 ns	     23707	80004e54	a1ea0c53	fle.s	x24,f20,f30	 f20:0x7fc00000 f30:0x1fb5048c x24=0x00000000
     237115.000 ns	     23710	80004e58	027e8ab3	mul	x21,x29,x7	 x29:0x00000000  x7:0x00000000 x21=0x00000000
     237135.000 ns	     23712	80004e5c	403f5d33	sra	x26,x30,x3	 x30:0x7dc93e34  x3:0xc6ab2000 x26=0x7dc93e34
     237145.000 ns	     23713	80004e60	013d5f33	srl	x30,x26,x19	 x26:0x00000000 x19:0x00000000 x30=0x7dc93e34
     237165.000 ns	     23715	80004e64	20e799d3	fsgnjn.s	f19,f15,f14	 f15:0x7fc00000 f14:0x7fc00000 f19=0xffc00000
     237195.000 ns	     23718	80004e68	f00e80d3	fmv.w.x	f1,x29	 x29:0x00000000  f1=0x00000000
     237215.000 ns	     23720	80004e6c	006178b3	and	x17,x2,x6	  x2:0xfffffff0  x6:0x00000000 x17=0x00000000
     237235.000 ns	     23722	80004e70	c014f553	fcvt.wu.s	x10,f9	  f9:0x4e870394 x10=0x4381ca00
     237265.000 ns	     23725	80004e74	a02e16d3	flt.s	x13,f28,f2	 f28:0x7f800000  f2:0x00000000 x13=0x00000000
     237295.000 ns	     23728	80004e78	a1330053	fle.s	x0,f6,f19	  f6:0x7fc00000 f19:0xffc00000
     237335.000 ns	     23732	80004e7c	19447e53	fdiv.s	f28,f8,f20	  f8:0x4787c206 f20:0x7fc00000 f28=0x7fc00000
     237365.000 ns	     23735	80004e80	21218953	fsgnj.s	f18,f3,f18	  f3:0x80000000 f18:0x7f800000 f18=0x00000000
     237385.000 ns	     23737	80004e84	0cd77f93	andi	x31,x14,205	 x14:0x000004fa x31=0x000000c8
     237405.000 ns	     23739	80004e88	02d191b3	mulh	x3,x3,x13	  x3:0xc6ab2000 x13:0x00000000  x3=0x00000000
     237425.000 ns	     23741	80004e8c	bffaa793	slti	x15,x21,-1025	 x21:0x00000000 x15=0x00000000
     237435.000 ns	     23742	80004e90	41c05493	srai	x9,x0,0x1c	  x0:0x00000000  x9=0x00000000
     237465.000 ns	     23745	80004e94	194891d3	fdiv.s	f3,f17,f20	 f17:0x7fc00000 f20:0x7fc00000  f3=0x7fc00000
     237485.000 ns	     23747	80004e98	00f513b3	sll	x7,x10,x15	 x10:0x4381ca00 x15:0x00000000  x7=0x4381ca00
     237495.000 ns	     23748	80004e9c	00000013	addi	x0,x0,0	  x0:0x00000000
     237505.000 ns	     23749	80004ea0	957f8093	addi	x1,x31,-1705	 x31:0x000000c8  x1=0xfffffa1f
     237515.000 ns	     23750	80004ea4	005424b3	slt	x9,x8,x5	  x8:0x27d16e20  x5:0x80041024  x9=0x00000000
     237555.000 ns	     23754	80004ea8	01ecf0d3	fadd.s	f1,f25,f30	 f25:0x7fc00000 f30:0x1fb5048c  f1=0x7fc00000
     237585.000 ns	     23757	80004eac	21d20053	fsgnj.s	f0,f4,f29	  f4:0x00000000 f29:0x5f4cca19  f0=0x00000000
     237615.000 ns	     23760	80004eb0	026391b3	mulh	x3,x7,x6	  x7:0x4381ca00  x6:0x00000000  x3=0x00000000
     237645.000 ns	     23763	80004eb4	d017f9d3	fcvt.s.wu	f19,x15	 x15:0x00000000 f19=0x00000000
     237675.000 ns	     23766	80004eb8	20928ed3	fsgnj.s	f29,f5,f9	  f5:0x00000000  f9:0x4e870394 f29=0x00000000
     237695.000 ns	     23768	80004ebc	87b76f93	ori	x31,x14,-1925	 x14:0x000004fa x31=0xfffffcfb
     237705.000 ns	     23769	80004ec0	01c6f9b3	and	x19,x13,x28	 x13:0x00000000 x28:0xad4e2de8 x19=0x00000000
     237725.000 ns	     23771	80004ec4	021687b3	mul	x15,x13,x1	 x13:0x00000000  x1:0xfffffa1f x15=0x00000000
     238095.000 ns	     23808	80004ec8	02515c33	divu	x24,x2,x5	  x2:0xfffffff0  x5:0x80041024 x24=0x00000001
     238125.000 ns	     23811	80004ecc	e00c0ad3	fmv.x.w	x21,f24	 f24:0x7fc00000 x21=0x7fc00000
     238155.000 ns	     23814	80004ed0	29e506d3	fmin.s	f13,f10,f30	 f10:0x00000000 f30:0x1fb5048c f13=0x00000000
     238175.000 ns	     23816	80004ed4	40a086b3	sub	x13,x1,x10	  x1:0xfffffa1f x10:0x4381ca00 x13=0xbc7e301f
     238185.000 ns	     23817	80004ed8	01ad1613	slli	x12,x26,0x1a	 x26:0x7dc93e34 x12=0xd0000000
     238205.000 ns	     23819	80004edc	f0018c53	fmv.w.x	f24,x3	  x3:0x00000000 f24=0x00000000
     238225.000 ns	     23821	80004ee0	5ae20c93	addi	x25,x4,1454	  x4:0x100081fc x25=0x100087aa
     238235.000 ns	     23822	80004ee4	8899f093	andi	x1,x19,-1911	 x19:0x00000000  x1=0x00000000
     238275.000 ns	     23826	80004ee8	09582d53	fsub.s	f26,f16,f21	 f16:0x80000000 f21:0x80000000 f26=0x00000000
     238645.000 ns	     23863	80004eec	0280f1b3	remu	x3,x1,x8	  x1:0xfffffa1f  x8:0x27d16e20  x3=0x00000000
     238665.000 ns	     23865	80004ef0	0077c8b3	xor	x17,x15,x7	 x15:0x00000000  x7:0x4381ca00 x17=0x4381ca00
     238675.000 ns	     23866	80004ef4	4058dc93	srai	x25,x17,0x5	 x17:0x00000000 x25=0x021c0e50
     238685.000 ns	     23867	80004ef8	0154f933	and	x18,x9,x21	  x9:0x00000000 x21:0x7fc00000 x18=0x00000000
     238695.000 ns	     23868	80004efc	01a3f1b3	and	x3,x7,x26	  x7:0x4381ca00 x26:0x7dc93e34  x3=0x41810a00
     238705.000 ns	     23869	80004f00	00000013	addi	x0,x0,0	  x0:0x00000000
     238725.000 ns	     23871	80004f04	29fd9e53	fmax.s	f28,f27,f31	 f27:0x3f800000 f31:0x7fc00000 f28=0x3f800000
     238745.000 ns	     23873	80004f08	00f139b3	sltu	x19,x2,x15	  x2:0xfffffff0 x15:0x00000000 x19=0x00000000
     238765.000 ns	     23875	80004f0c	039108b3	mul	x17,x2,x25	  x2:0xfffffff0 x25:0x021c0e50 x17=0xde3f1b00
     238795.000 ns	     23878	80004f10	a1c319d3	flt.s	x19,f6,f28	  f6:0x7fc00000 f28:0x3f800000 x19=0x00000000
     238815.000 ns	     23880	80004f14	cb404513	xori	x10,x0,-844	  x0:0x00000000 x10=0xfffffcb4
     238835.000 ns	     23882	80004f18	02b63233	mulhu	x4,x12,x11	 x12:0xd0000000 x11:0x00000789  x4=0x0000061f
     238855.000 ns	     23884	80004f1c	d0bc2b93	slti	x23,x24,-757	 x24:0x00000001 x23=0x00000000
     238865.000 ns	     23885	80004f20	adc7cd13	xori	x26,x15,-1316	 x15:0x00000000 x26=0xfffffadc
     239225.000 ns	     23921	80004f24	036140b3	div	x1,x2,x22	  x2:0xfffffff0 x22:0x00134716  x1=0x00000000
     239245.000 ns	     23923	80004f28	41cc5d33	sra	x26,x24,x28	 x24:0x00000001 x28:0xad4e2de8 x26=0x00000000
     239255.000 ns	     23924	80004f2c	01ff9f33	sll	x30,x31,x31	 x31:0xfffffcfb x31:0xfffffcfb x30=0xd8000000
     239275.000 ns	     23926	80004f30	03d149b3	div	x19,x2,x29	  x2:0xfffffff0 x29:0x00000000 x19=0xffffffff
     239305.000 ns	     23929	80004f34	289213d3	fmax.s	f7,f4,f9	  f4:0x00000000  f9:0x4e870394  f7=0x4e870394
     239345.000 ns	     23933	80004f38	1054f0d3	fmul.s	f1,f9,f5	  f9:0x4e870394  f5:0x00000000  f1=0x00000000
     239375.000 ns	     23936	80004f3c	219d9153	fsgnjn.s	f2,f27,f25	 f27:0x3f800000 f25:0x7fc00000  f2=0xbf800000
     239405.000 ns	     23939	80004f40	201d9ed3	fsgnjn.s	f29,f27,f1	 f27:0x3f800000  f1:0x00000000 f29=0xbf800000
     239435.000 ns	     23942	80004f44	a0b4af53	feq.s	x30,f9,f11	  f9:0x4e870394 f11:0xc31837af x30=0x00000000
     239455.000 ns	     23944	80004f48	3f3beb93	ori	x23,x23,1011	 x23:0x00000000 x23=0x000003f3
     239475.000 ns	     23946	80004f4c	f00787d3	fmv.w.x	f15,x15	 x15:0x00000000 f15=0x00000000
     239495.000 ns	     23948	80004f50	67684593	xori	x11,x16,1654	 x16:0x80040fe4 x11=0x80040992
     239855.000 ns	     23984	80004f54	0332f133	remu	x2,x5,x19	  x5:0x80041024 x19:0xffffffff  x2=0x80041024
     239895.000 ns	     23988	80004f58	10b272d3	fmul.s	f5,f4,f11	  f4:0x00000000 f11:0xc31837af  f5=0x80000000
     239915.000 ns	     23990	80004f5c	07c4d217	auipc	x4,0x7c4d	  x4=0x87c51f5c
     239925.000 ns	     23991	80004f60	9e618a93	addi	x21,x3,-1562	  x3:0x41810a00 x21=0x418103e6
     239935.000 ns	     23992	80004f64	4116de13	srai	x28,x13,0x11	 x13:0xbc7e301f x28=0xffffde3f
     239945.000 ns	     23993	80004f68	e762e093	ori	x1,x5,-394	  x5:0x80041024  x1=0xfffffe76
     239985.000 ns	     23997	80004f6c	007cfed3	fadd.s	f29,f25,f7	 f25:0x7fc00000  f7:0x4e870394 f29=0x7fc00000
     240035.000 ns	     24002	80004f70	08cec6d3	fsub.s	f13,f29,f12	 f29:0xbf800000 f12:0x00000000 f13=0x7fc00000
     240055.000 ns	     24004	80004f74	011a6bb3	or	x23,x20,x17	 x20:0x00000000 x17:0xde3f1b00 x23=0xde3f1b00
     240075.000 ns	     24006	80004f78	a13480d3	fle.s	x1,f9,f19	  f9:0x4e870394 f19:0x00000000  x1=0x00000000
     240105.000 ns	     24009	80004f7c	20d88753	fsgnj.s	f14,f17,f13	 f17:0x7fc00000 f13:0x7fc00000 f14=0x7fc00000
     240135.000 ns	     24012	80004f80	a0121f53	flt.s	x30,f4,f1	  f4:0x00000000  f1:0x00000000 x30=0x00000000
     240505.000 ns	     24049	80004f84	03f95a33	divu	x20,x18,x31	 x18:0x00000000 x31:0xfffffcfb x20=0x00000000
     240525.000 ns	     24051	80004f88	c939cd13	xori	x26,x19,-877	 x19:0xffffffff x26=0x0000036c
     240545.000 ns	     24053	80004f8c	021fec33	rem	x24,x31,x1	 x31:0xfffffcfb  x1:0x00000000 x24=0xfffffcfb
     240575.000 ns	     24056	80004f90	02bfb533	mulhu	x10,x31,x11	 x31:0xfffffcfb x11:0x80040992 x10=0x8004080f
     240595.000 ns	     24058	80004f94	01cf16b3	sll	x13,x30,x28	 x30:0x00000000 x28:0xffffde3f x13=0x00000000
     240605.000 ns	     24059	80004f98	016e1bb3	sll	x23,x28,x22	 x28:0xffffde3f x22:0x00134716 x23=0x8fc00000
     240625.000 ns	     24061	80004f9c	201c9ad3	fsgnjn.s	f21,f25,f1	 f25:0x7fc00000  f1:0x00000000 f21=0xffc00000
     240675.000 ns	     24066	80004fa0	00aac153	fadd.s	f2,f21,f10	 f21:0x80000000 f10:0x00000000  f2=0x7fc00000
     240705.000 ns	     24069	80004fa4	024189b3	mul	x19,x3,x4	  x3:0x41810a00  x4:0x87c51f5c x19=0xdc959800
     240735.000 ns	     24072	80004fa8	a130a1d3	feq.s	x3,f1,f19	  f1:0x00000000 f19:0x00000000  x3=0x00000001
     240765.000 ns	     24075	80004fac	d00432d3	fcvt.s.w	f5,x8	  x8:0x27d16e20  f5=0x4e1f45b9
     240795.000 ns	     24078	80004fb0	2098a2d3	fsgnjx.s	f5,f17,f9	 f17:0x7fc00000  f9:0x4e870394  f5=0x7fc00000
     240825.000 ns	     24081	80004fb4	a08d8fd3	fle.s	x31,f27,f8	 f27:0x3f800000  f8:0x4787c206 x31=0x00000001
     241195.000 ns	     24118	80004fb8	022ed433	divu	x8,x29,x2	 x29:0x00000000  x2:0x80041024  x8=0x00000000
     241225.000 ns	     24121	80004fbc	026b7333	remu	x6,x22,x6	 x22:0x00134716  x6:0x00000000  x6=0x00134716
     241245.000 ns	     24123	80004fc0	88c8c193	xori	x3,x17,-1908	 x17:0xde3f1b00  x3=0x21c0e38c
     241265.000 ns	     24125	80004fc4	f0078553	fmv.w.x	f10,x15	 x15:0x00000000 f10=0x00000000
     241295.000 ns	     24128	80004fc8	038e8633	mul	x12,x29,x24	 x29:0x00000000 x24:0xfffffcfb x12=0x00000000
     241325.000 ns	     24131	80004fcc	f0000353	fmv.w.x	f6,x0	  x0:0x00000000  f6=0x00000000
     241355.000 ns	     24134	80004fd0	e00408d3	fmv.x.w	x17,f8	  f8:0x4787c206 x17=0x4787c206
     241375.000 ns	     24136	80004fd4	404083b3	sub	x7,x1,x4	  x1:0x00000000  x4:0x87c51f5c  x7=0x783ae0a4
     241395.000 ns	     24138	80004fd8	28c09453	fmax.s	f8,f1,f12	  f1:0x00000000 f12:0x00000000  f8=0x00000000
     241415.000 ns	     24140	80004fdc	00044133	xor	x2,x8,x0	  x8:0x00000000  x0:0x00000000  x2=0x00000000
     241435.000 ns	     24142	80004fe0	0347d9b3	divu	x19,x15,x20	 x15:0x00000000 x20:0x00000000 x19=0xffffffff
     241805.000 ns	     24179	80004fe4	03f5ec33	rem	x24,x11,x31	 x11:0x80040992 x31:0x00000001 x24=0x00000000
     241825.000 ns	     24181	80004fe8	009df233	and	x4,x27,x9	 x27:0xf9af2af0  x9:0x00000000  x4=0x00000000
     241835.000 ns	     24182	80004fec	86888a93	addi	x21,x17,-1944	 x17:0x4787c206 x21=0x4787ba6e
     241845.000 ns	     24183	80004ff0	0033ccb3	xor	x25,x7,x3	  x7:0x783ae0a4  x3:0x21c0e38c x25=0x59fa0328
     241865.000 ns	     24185	80004ff4	039bb7b3	mulhu	x15,x23,x25	 x23:0x8fc00000 x25:0x021c0e50 x15=0x32862345
     241895.000 ns	     24188	80004ff8	293f01d3	fmin.s	f3,f30,f19	 f30:0x1fb5048c f19:0x00000000  f3=0x00000000
     241925.000 ns	     24191	80004ffc	f00880d3	fmv.w.x	f1,x17	 x17:0x4787c206  f1=0x4787c206
     242295.000 ns	     24228	80005000	0265d033	divu	x0,x11,x6	 x11:0x80040992  x6:0x00134716
     242315.000 ns	     24230	80005004	00a79513	slli	x10,x15,0xa	 x15:0x32862345 x10=0x188d1400
     242335.000 ns	     24232	80005008	e0088ed3	fmv.x.w	x29,f17	 f17:0x7fc00000 x29=0x7fc00000
     242365.000 ns	     24235	8000500c	e00e80d3	fmv.x.w	x1,f29	 f29:0x7fc00000  x1=0x7fc00000
     242395.000 ns	     24238	80005010	d00d73d3	fcvt.s.w	f7,x26	 x26:0x0000036c  f7=0x445b0000
     242425.000 ns	     24241	80005014	28e19253	fmax.s	f4,f3,f14	  f3:0x00000000 f14:0x7fc00000  f4=0x00000000
     242455.000 ns	     24244	80005018	2030a953	fsgnjx.s	f18,f1,f3	  f1:0x4787c206  f3:0x00000000 f18=0x4787c206
     242825.000 ns	     24281	8000501c	037e6a33	rem	x20,x28,x23	 x28:0xffffde3f x23:0x8fc00000 x20=0xffffde3f
     242845.000 ns	     24283	80005020	a6207a13	andi	x20,x0,-1438	  x0:0x00000000 x20=0x00000000
     242855.000 ns	     24284	80005024	1f660a13	addi	x20,x12,502	 x12:0x00000000 x20=0x000001f6
     242875.000 ns	     24286	80005028	e00a9453	fclass.s	x8,f21	 f21:0xffc00000  x8=0x00000200
     242895.000 ns	     24288	8000502c	0166d493	srli	x9,x13,0x16	 x13:0x00000000  x9=0x00000000
     242915.000 ns	     24290	80005030	022f7a33	remu	x20,x30,x2	 x30:0x00000000  x2:0x00000000 x20=0x00000000
     242955.000 ns	     24294	80005034	183d7b53	fdiv.s	f22,f26,f3	 f26:0x00000000  f3:0x00000000 f22=0x7fc00000
     242975.000 ns	     24296	80005038	2dfd37b7	lui	x15,0x2dfd3	 x15=0x2dfd3000
     242985.000 ns	     24297	8000503c	00d464b3	or	x9,x8,x13	  x8:0x00000200 x13:0x00000000  x9=0x00000200
     243005.000 ns	     24299	80005040	f00b0dd3	fmv.w.x	f27,x22	 x22:0x00134716 f27=0x00134716
     243045.000 ns	     24303	80005044	580478d3	fsqrt.s	f17,f8	  f8:0x00000000 f17=0x00000000
     243075.000 ns	     24306	80005048	29d61b53	fmax.s	f22,f12,f29	 f12:0x00000000 f29:0x7fc00000 f22=0x00000000
     243095.000 ns	     24308	8000504c	81ece213	ori	x4,x25,-2018	 x25:0x59fa0328  x4=0xfffffb3e
     243105.000 ns	     24309	80005050	009eb7b3	sltu	x15,x29,x9	 x29:0x7fc00000  x9:0x00000200 x15=0x00000000
     243115.000 ns	     24310	80005054	009c8f33	add	x30,x25,x9	 x25:0x59fa0328  x9:0x00000200 x30=0x59fa0528
     243125.000 ns	     24311	80005058	41e285b3	sub	x11,x5,x30	  x5:0x80041024 x30:0x00000000 x11=0x260a0afc
     243145.000 ns	     24313	8000505c	20a915d3	fsgnjn.s	f11,f18,f10	 f18:0x4787c206 f10:0x00000000 f11=0xc787c206
     243515.000 ns	     24350	80005060	03c9d433	divu	x8,x19,x28	 x19:0xffffffff x28:0xffffde3f  x8=0x00000001
     243565.000 ns	     24355	80005064	0906aa53	fsub.s	f20,f13,f16	 f13:0x7fc00000 f16:0x80000000 f20=0x7fc00000
     243595.000 ns	     24358	80005068	a1b899d3	flt.s	x19,f17,f27	 f17:0x00000000 f27:0x00134716 x19=0x00000001
     243615.000 ns	     24360	8000506c	412005b3	sub	x11,x0,x18	  x0:0x00000000 x18:0x00000000 x11=0x00000000
     243635.000 ns	     24362	80005070	a0740fd3	fle.s	x31,f8,f7	  f8:0x00000000  f7:0x445b0000 x31=0x00000001
     243665.000 ns	     24365	80005074	e00f1353	fclass.s	x6,f30	 f30:0x1fb5048c  x6=0x00000040
     243685.000 ns	     24367	80005078	00825513	srli	x10,x4,0x8	  x4:0xfffffb3e x10=0x00fffffb
     243695.000 ns	     24368	8000507c	00c99633	sll	x12,x19,x12	 x19:0x00000001 x12:0x00000000 x12=0x00000001
     243705.000 ns	     24369	80005080	017fd013	srli	x0,x31,0x17	 x31:0x00000001
     243715.000 ns	     24370	80005084	01912eb3	slt	x29,x2,x25	  x2:0x00000000 x25:0x59fa0328 x29=0x00000001
     243735.000 ns	     24372	80005088	c01f3fd3	fcvt.wu.s	x31,f30	 f30:0x1fb5048c x31=0x00000000
     243765.000 ns	     24375	8000508c	c01b8bd3	fcvt.wu.s	x23,f23	 f23:0x00000000 x23=0x00000000
     243795.000 ns	     24378	80005090	022e76b3	remu	x13,x28,x2	 x28:0xffffde3f  x2:0x00000000 x13=0xffffde3f
     243815.000 ns	     24380	80005094	b48c6a97	auipc	x21,0xb48c6	 x21=0x348cb094
     243825.000 ns	     24381	80005098	002b1933	sll	x18,x22,x2	 x22:0x00134716  x2:0x00000000 x18=0x00134716
     243835.000 ns	     24382	8000509c	001b0c33	add	x24,x22,x1	 x22:0x00134716  x1:0x7fc00000 x24=0x7fd34716
     244195.000 ns	     24418	800050a0	03e97b33	remu	x22,x18,x30	 x18:0x00000000 x30:0x59fa0528 x22=0x00134716
     244215.000 ns	     24420	800050a4	014b6133	or	x2,x22,x20	 x22:0x00134716 x20:0x00000000  x2=0x00134716
     244575.000 ns	     24456	800050a8	03876633	rem	x12,x14,x24	 x14:0x000004fa x24:0x7fd34716 x12=0x000004fa
     244595.000 ns	     24458	800050ac	4121de13	srai	x28,x3,0x12	  x3:0x21c0e38c x28=0x00000870
     244955.000 ns	     24494	800050b0	02517fb3	remu	x31,x2,x5	  x2:0x00134716  x5:0x80041024 x31=0x00134716
     244985.000 ns	     24497	800050b4	e00e1453	fclass.s	x8,f28	 f28:0x3f800000  x8=0x00000040
     245015.000 ns	     24500	800050b8	f0068dd3	fmv.w.x	f27,x13	 x13:0xffffde3f f27=0xffffde3f
     245055.000 ns	     24504	800050bc	580af8d3	fsqrt.s	f17,f21	 f21:0xffc00000 f17=0x7fc00000
     245085.000 ns	     24507	800050c0	200386d3	fsgnj.s	f13,f7,f0	  f7:0x445b0000  f0:0x00000000 f13=0x445b0000
     245105.000 ns	     24509	800050c4	006a1e93	slli	x29,x20,0x6	 x20:0x00000000 x29=0x00000000
     245125.000 ns	     24511	800050c8	20d002d3	fsgnj.s	f5,f0,f13	  f0:0x00000000 f13:0x445b0000  f5=0x00000000
     245495.000 ns	     24548	800050cc	0362d3b3	divu	x7,x5,x22	  x5:0x80041024 x22:0x00134716  x7=0x000006a4
     245515.000 ns	     24550	800050d0	8bfd2193	slti	x3,x26,-1857	 x26:0x0000036c  x3=0x00000000
     245535.000 ns	     24552	800050d4	291c8bd3	fmin.s	f23,f25,f17	 f25:0x7fc00000 f17:0x7fc00000 f23=0x7fc00000
     245555.000 ns	     24554	800050d8	0179bab3	sltu	x21,x19,x23	 x19:0x00000001 x23:0x00000000 x21=0x00000000
     245575.000 ns	     24556	800050dc	d017aad3	fcvt.s.wu	f21,x15	 x15:0x00000000 f21=0x00000000
     245605.000 ns	     24559	800050e0	d001fd53	fcvt.s.w	f26,x3	  x3:0x00000000 f26=0x00000000
     245625.000 ns	     24561	800050e4	408dd5b3	sra	x11,x27,x8	 x27:0xf9af2af0  x8:0x00000040 x11=0xf9af2af0
     245655.000 ns	     24564	800050e8	1149f553	fmul.s	f10,f19,f20	 f19:0x00000000 f20:0x7fc00000 f10=0x7fc00000
     245675.000 ns	     24566	800050ec	010c5b33	srl	x22,x24,x16	 x24:0x7fd34716 x16:0x80040fe4 x22=0x07fd3471
     245695.000 ns	     24568	800050f0	c0007653	fcvt.w.s	x12,f0	  f0:0x00000000 x12=0x00000000
     245725.000 ns	     24571	800050f4	0397afb3	mulhsu	x31,x15,x25	 x15:0x00000000 x25:0x59fa0328 x31=0x00000000
     245755.000 ns	     24574	800050f8	287e9cd3	fmax.s	f25,f29,f7	 f29:0x7fc00000  f7:0x445b0000 f25=0x445b0000
     245785.000 ns	     24577	800050fc	033290b3	mulh	x1,x5,x19	  x5:0x80041024 x19:0x00000001  x1=0xffffffff
     245815.000 ns	     24580	80005100	02943c33	mulhu	x24,x8,x9	  x8:0x00000040  x9:0x00000200 x24=0x00000000
     245845.000 ns	     24583	80005104	034ac033	div	x0,x21,x20	 x21:0x00000000 x20:0x00000000
     245865.000 ns	     24585	80005108	8198b493	sltiu	x9,x17,-2023	 x17:0x4787c206  x9=0x00000001
     245875.000 ns	     24586	8000510c	013d2133	slt	x2,x26,x19	 x26:0x0000036c x19:0x00000001  x2=0x00000000
     245885.000 ns	     24587	80005110	008490b3	sll	x1,x9,x8	  x9:0x00000200  x8:0x00000040  x1=0x00000001
     245915.000 ns	     24590	80005114	1846ae53	fdiv.s	f28,f13,f4	 f13:0x445b0000  f4:0x00000000 f28=0x7f800000
     245965.000 ns	     24595	80005118	00c9b7d3	fadd.s	f15,f19,f12	 f19:0x00000000 f12:0x00000000 f15=0x00000000
     245985.000 ns	     24597	8000511c	009e5413	srli	x8,x28,0x9	 x28:0x00000870  x8=0x00000004
     246005.000 ns	     24599	80005120	298786d3	fmin.s	f13,f15,f24	 f15:0x00000000 f24:0x00000000 f13=0x00000000
     246025.000 ns	     24601	80005124	00b17533	and	x10,x2,x11	  x2:0x00000000 x11:0xf9af2af0 x10=0x00000000
     246385.000 ns	     24637	80005128	0393f1b3	remu	x3,x7,x25	  x7:0x000006a4 x25:0x59fa0328  x3=0x000006a4
     246415.000 ns	     24640	8000512c	c00b4453	fcvt.w.s	x8,f22	 f22:0x00000000  x8=0x00000000
     246435.000 ns	     24642	80005130	00d7b8b3	sltu	x17,x15,x13	 x15:0x00000000 x13:0xffffde3f x17=0x00000001
     246445.000 ns	     24643	80005134	008c9413	slli	x8,x25,0x8	 x25:0x59fa0328  x8=0xfa032800
     246465.000 ns	     24645	80005138	03fde933	rem	x18,x27,x31	 x27:0xf9af2af0 x31:0x00000000 x18=0xf9af2af0
     246495.000 ns	     24648	8000513c	029eb633	mulhu	x12,x29,x9	 x29:0x00000000  x9:0x00000001 x12=0x00000000
     246525.000 ns	     24651	80005140	a0ee1753	flt.s	x14,f28,f14	 f28:0x7f800000 f14:0x7fc00000 x14=0x00000000
     246555.000 ns	     24654	80005144	020110b3	mulh	x1,x2,x0	  x2:0x00000000  x0:0x00000000  x1=0x00000000
     246585.000 ns	     24657	80005148	a1ab13d3	flt.s	x7,f22,f26	 f22:0x00000000 f26:0x00000000  x7=0x00000000
     246615.000 ns	     24660	8000514c	a0ea8653	fle.s	x12,f21,f14	 f21:0x00000000 f14:0x7fc00000 x12=0x00000000
     246635.000 ns	     24662	80005150	0045f233	and	x4,x11,x4	 x11:0xf9af2af0  x4:0xfffffb3e  x4=0xf9af2a30
     246665.000 ns	     24665	80005154	58037bd3	fsqrt.s	f23,f6	  f6:0x00000000 f23=0x00000000
     246715.000 ns	     24670	80005158	087941d3	fsub.s	f3,f18,f7	 f18:0x4787c206  f7:0x445b0000  f3=0x47860c06
     246745.000 ns	     24673	8000515c	a05f2353	feq.s	x6,f30,f5	 f30:0x1fb5048c  f5:0x00000000  x6=0x00000000
     246765.000 ns	     24675	80005160	40555613	srai	x12,x10,0x5	 x10:0x00000000 x12=0x00000000
     246805.000 ns	     24679	80005164	00117453	fadd.s	f8,f2,f1	  f2:0x7fc00000  f1:0x4787c206  f8=0x7fc00000
     246835.000 ns	     24682	80005168	02d88c33	mul	x24,x17,x13	 x17:0x00000001 x13:0xffffde3f x24=0xffffde3f
     246865.000 ns	     24685	8000516c	03b01133	mulh	x2,x0,x27	  x0:0x00000000 x27:0xf9af2af0  x2=0x00000000
     246885.000 ns	     24687	80005170	e28a2413	slti	x8,x20,-472	 x20:0x00000000  x8=0x00000000
     246905.000 ns	     24689	80005174	e00c8553	fmv.x.w	x10,f25	 f25:0x445b0000 x10=0x445b0000
     247275.000 ns	     24726	80005178	03b0e333	rem	x6,x1,x27	  x1:0x00000000 x27:0xf9af2af0  x6=0x00000000
     247305.000 ns	     24729	8000517c	207b27d3	fsgnjx.s	f15,f22,f7	 f22:0x00000000  f7:0x445b0000 f15=0x00000000
     247325.000 ns	     24731	80005180	01df2f33	slt	x30,x30,x29	 x30:0x59fa0528 x29:0x00000000 x30=0x00000000
     247685.000 ns	     24767	80005184	03a2d533	divu	x10,x5,x26	  x5:0x80041024 x26:0x0000036c x10=0x00256939
     247705.000 ns	     24769	80005188	010eecb3	or	x25,x29,x16	 x29:0x00000000 x16:0x80040fe4 x25=0x80040fe4
     247735.000 ns	     24772	8000518c	580efd53	fsqrt.s	f26,f29	 f29:0x7fc00000 f26=0x7fc00000
     247755.000 ns	     24774	80005190	00de1fb3	sll	x31,x28,x13	 x28:0x00000870 x13:0xffffde3f x31=0x00000000
     247765.000 ns	     24775	80005194	40425f13	srai	x30,x4,0x4	  x4:0xf9af2a30 x30=0xff9af2a3
     247785.000 ns	     24777	80005198	a1059553	flt.s	x10,f11,f16	 f11:0xc787c206 f16:0x80000000 x10=0x00000001
     247805.000 ns	     24779	8000519c	415a80b3	sub	x1,x21,x21	 x21:0x00000000 x21:0x00000000  x1=0x00000000
     247825.000 ns	     24781	800051a0	0261bb33	mulhu	x22,x3,x6	  x3:0x000006a4  x6:0x00000000 x22=0x00000000
     247855.000 ns	     24784	800051a4	219e0bd3	fsgnj.s	f23,f28,f25	 f28:0x7f800000 f25:0x445b0000 f23=0x7f800000
     247875.000 ns	     24786	800051a8	57e81037	lui	x0,0x57e81	
     247885.000 ns	     24787	800051ac	285ac593	xori	x11,x21,645	 x21:0x00000000 x11=0x00000285
     248245.000 ns	     24823	800051b0	03274eb3	div	x29,x14,x18	 x14:0x00000000 x18:0xf9af2af0 x29=0x00000000
     248265.000 ns	     24825	800051b4	019f0d33	add	x26,x30,x25	 x30:0xff9af2a3 x25:0x80040fe4 x26=0x7f9f0287
     248275.000 ns	     24826	800051b8	019450b3	srl	x1,x8,x25	  x8:0x00000000 x25:0x80040fe4  x1=0x00000000
     248285.000 ns	     24827	800051bc	00762c33	slt	x24,x12,x7	 x12:0x00000000  x7:0x00000000 x24=0x00000000
     248305.000 ns	     24829	800051c0	03635333	divu	x6,x6,x22	  x6:0x00000000 x22:0x00000000  x6=0xffffffff
     248335.000 ns	     24832	800051c4	03089cb3	mulh	x25,x17,x16	 x17:0x00000001 x16:0x80040fe4 x25=0xffffffff
     248355.000 ns	     24834	800051c8	08f5c037	lui	x0,0x8f5c	
     248395.000 ns	     24838	800051cc	091a72d3	fsub.s	f5,f20,f17	 f20:0x7fc00000 f17:0x7fc00000  f5=0x7fc00000
     248415.000 ns	     24840	800051d0	00040b33	add	x22,x8,x0	  x8:0x00000000  x0:0x00000000 x22=0x00000000
     248435.000 ns	     24842	800051d4	0234a033	mulhsu	x0,x9,x3	  x9:0x00000001  x3:0x000006a4
     248465.000 ns	     24845	800051d8	a0ef9753	flt.s	x14,f31,f14	 f31:0x7fc00000 f14:0x7fc00000 x14=0x00000000
     248485.000 ns	     24847	800051dc	b9974b97	auipc	x23,0xb9974	 x23=0x399791dc
     248505.000 ns	     24849	800051e0	a0549953	flt.s	x18,f9,f5	  f9:0x4e870394  f5:0x7fc00000 x18=0x00000000
     248875.000 ns	     24886	800051e4	03a1fab3	remu	x21,x3,x26	  x3:0x000006a4 x26:0x7f9f0287 x21=0x000006a4
     248905.000 ns	     24889	800051e8	a18e86d3	fle.s	x13,f29,f24	 f29:0x7fc00000 f24:0x00000000 x13=0x00000000
     248925.000 ns	     24891	800051ec	406d0bb3	sub	x23,x26,x6	 x26:0x7f9f0287  x6:0xffffffff x23=0x7f9f0288
     248955.000 ns	     24894	800051f0	58014cd3	fsqrt.s	f25,f2	  f2:0x7fc00000 f25=0x7fc00000
     248975.000 ns	     24896	800051f4	89abef93	ori	x31,x23,-1894	 x23:0x399791dc x31=0xfffffa9a
     248985.000 ns	     24897	800051f8	2b066113	ori	x2,x12,688	 x12:0x00000000  x2=0x000002b0
     249005.000 ns	     24899	800051fc	a01396d3	flt.s	x13,f7,f1	  f7:0x445b0000  f1:0x4787c206 x13=0x00000001
     249025.000 ns	     24901	80005200	00831633	sll	x12,x6,x8	  x6:0xffffffff  x8:0x00000000 x12=0xffffffff
     249045.000 ns	     24903	80005204	020e56b3	divu	x13,x28,x0	 x28:0x00000870  x0:0x00000000 x13=0xffffffff
     249075.000 ns	     24906	80005208	02cf8233	mul	x4,x31,x12	 x31:0xfffffa9a x12:0x00000000  x4=0x00000566
     249105.000 ns	     24909	8000520c	02101b33	mulh	x22,x0,x1	  x0:0x00000000  x1:0x00000000 x22=0x00000000
     249135.000 ns	     24912	80005210	d008f553	fcvt.s.w	f10,x17	 x17:0x00000001 f10=0x3f800000
     249165.000 ns	     24915	80005214	d014f353	fcvt.s.wu	f6,x9	  x9:0x00000001  f6=0x3f800000
     249185.000 ns	     24917	80005218	008c19b3	sll	x19,x24,x8	 x24:0x00000000  x8:0x00000000 x19=0x00000000
     249215.000 ns	     24920	8000521c	18314753	fdiv.s	f14,f2,f3	  f2:0x7fc00000  f3:0x47860c06 f14=0x7fc00000
     249235.000 ns	     24922	80005220	0052dc33	srl	x24,x5,x5	  x5:0x80041024  x5:0x80041024 x24=0x08004102
     249255.000 ns	     24924	80005224	294e8753	fmin.s	f14,f29,f20	 f29:0x7fc00000 f20:0x7fc00000 f14=0x7fc00000
     249275.000 ns	     24926	80005228	01a5cbb3	xor	x23,x11,x26	 x11:0x00000285 x26:0x7f9f0287 x23=0x7f9f0002
     249285.000 ns	     24927	8000522c	01bb5713	srli	x14,x22,0x1b	 x22:0x00000000 x14=0x00000000
     249295.000 ns	     24928	80005230	000ed433	srl	x8,x29,x0	 x29:0x00000000  x0:0x00000000  x8=0x00000000
     249335.000 ns	     24932	80005234	01e7fa53	fadd.s	f20,f15,f30	 f15:0x00000000 f30:0x1fb5048c f20=0x1fb5048c
     249355.000 ns	     24934	80005238	00135113	srli	x2,x6,0x1	  x6:0xffffffff  x2=0x7fffffff
     249365.000 ns	     24935	8000523c	0072bc33	sltu	x24,x5,x7	  x5:0x80041024  x7:0x00000000 x24=0x00000000
     249395.000 ns	     24938	80005240	5808f753	fsqrt.s	f14,f17	 f17:0x7fc00000 f14=0x7fc00000
     249415.000 ns	     24940	80005244	ce009d37	lui	x26,0xce009	 x26=0xce009000
     249435.000 ns	     24942	80005248	f0088153	fmv.w.x	f2,x17	 x17:0x00000001  f2=0x00000001
     249465.000 ns	     24945	8000524c	a09fa0d3	feq.s	x1,f31,f9	 f31:0x7fc00000  f9:0x4e870394  x1=0x00000000
     249505.000 ns	     24949	80005250	1806c3d3	fdiv.s	f7,f13,f0	 f13:0x00000000  f0:0x00000000  f7=0x7fc00000
     249525.000 ns	     24951	80005254	7ee3a193	slti	x3,x7,2030	  x7:0x00000000  x3=0x00000001
     249535.000 ns	     24952	80005258	4f516e93	ori	x29,x2,1269	  x2:0x7fffffff x29=0x7fffffff
     249575.000 ns	     24956	8000525c	08cd4a53	fsub.s	f20,f26,f12	 f26:0x7fc00000 f12:0x00000000 f20=0x7fc00000
     249595.000 ns	     24958	80005260	41eed893	srai	x17,x29,0x1e	 x29:0x00000000 x17=0x00000001
     249605.000 ns	     24959	80005264	018880b3	add	x1,x17,x24	 x17:0x00000001 x24:0x00000000  x1=0x00000001
     249615.000 ns	     24960	80005268	01c5e633	or	x12,x11,x28	 x11:0x00000285 x28:0x00000870 x12=0x00000af5
     249635.000 ns	     24962	8000526c	d01f73d3	fcvt.s.wu	f7,x30	 x30:0xff9af2a3  f7=0x4f7f9af2
     249665.000 ns	     24965	80005270	a14794d3	flt.s	x9,f15,f20	 f15:0x00000000 f20:0x7fc00000  x9=0x00000000
     249695.000 ns	     24968	80005274	f0078dd3	fmv.w.x	f27,x15	 x15:0x00000000 f27=0x00000000
     249715.000 ns	     24970	80005278	00965113	srli	x2,x12,0x9	 x12:0x00000af5  x2=0x00000005
     249735.000 ns	     24972	8000527c	d01df7d3	fcvt.s.wu	f15,x27	 x27:0xf9af2af0 f15=0x4f79af2a
     249755.000 ns	     24974	80005280	81c1c113	xori	x2,x3,-2020	  x3:0x00000001  x2=0xfffff81d
     249765.000 ns	     24975	80005284	cc82c393	xori	x7,x5,-824	  x5:0x80041024  x7=0x7ffbecec
     249775.000 ns	     24976	80005288	71ac2a13	slti	x20,x24,1818	 x24:0x00000000 x20=0x00000001
     249785.000 ns	     24977	8000528c	c5736b13	ori	x22,x6,-937	  x6:0xffffffff x22=0xffffffff
     249815.000 ns	     24980	80005290	190f92d3	fdiv.s	f5,f31,f16	 f31:0x7fc00000 f16:0x80000000  f5=0x7fc00000
     249865.000 ns	     24985	80005294	081efed3	fsub.s	f29,f29,f1	 f29:0x7fc00000  f1:0x4787c206 f29=0x7fc00000
     249915.000 ns	     24990	80005298	01987e53	fadd.s	f28,f16,f25	 f16:0x80000000 f25:0x7fc00000 f28=0x7fc00000
     249935.000 ns	     24992	8000529c	00434633	xor	x12,x6,x4	  x6:0xffffffff  x4:0x00000566 x12=0xfffffa99
     249975.000 ns	     24996	800052a0	08810753	fsub.s	f14,f2,f8	  f2:0x00000001  f8:0x7fc00000 f14=0x7fc00000
     250005.000 ns	     24999	800052a4	a0e819d3	flt.s	x19,f16,f14	 f16:0x80000000 f14:0x7fc00000 x19=0x00000000
     250035.000 ns	     25002	800052a8	212f8053	fsgnj.s	f0,f31,f18	 f31:0x7fc00000 f18:0x4787c206  f0=0x7fc00000
     250075.000 ns	     25006	800052ac	580246d3	fsqrt.s	f13,f4	  f4:0x00000000 f13=0x00000000
     250095.000 ns	     25008	800052b0	00d1d433	srl	x8,x3,x13	  x3:0x00000001 x13:0xffffffff  x8=0x00000000
     250105.000 ns	     25009	800052b4	00421d33	sll	x26,x4,x4	  x4:0x00000566  x4:0x00000566 x26=0x00015980
     250125.000 ns	     25011	800052b8	02660d33	mul	x26,x12,x6	 x12:0xfffffa99  x6:0xffffffff x26=0x00000567
     250145.000 ns	     25013	800052bc	01308d33	add	x26,x1,x19	  x1:0x00000001 x19:0x00000000 x26=0x00000001
     250165.000 ns	     25015	800052c0	02f97133	remu	x2,x18,x15	 x18:0x00000000 x15:0x00000000  x2=0x00000000
     250185.000 ns	     25017	800052c4	78532113	slti	x2,x6,1925	  x6:0xffffffff  x2=0x00000001
     250205.000 ns	     25019	800052c8	03871633	mulh	x12,x14,x24	 x14:0x00000000 x24:0x00000000 x12=0x00000000
     250225.000 ns	     25021	800052cc	013a7ab3	and	x21,x20,x19	 x20:0x00000001 x19:0x00000000 x21=0x00000000
     250235.000 ns	     25022	800052d0	00fa4bb3	xor	x23,x20,x15	 x20:0x00000001 x15:0x00000000 x23=0x00000001
     250255.000 ns	     25024	800052d4	a01393d3	flt.s	x7,f7,f1	  f7:0x4f7f9af2  f1:0x4787c206  x7=0x00000000
     250285.000 ns	     25027	800052d8	02e6f633	remu	x12,x13,x14	 x13:0xffffffff x14:0x00000000 x12=0xffffffff
     250305.000 ns	     25029	800052dc	40705bb3	sra	x23,x0,x7	  x0:0x00000000  x7:0x00000000 x23=0x00000000
     250325.000 ns	     25031	800052e0	a0370e53	fle.s	x28,f14,f3	 f14:0x7fc00000  f3:0x47860c06 x28=0x00000000
     250355.000 ns	     25034	800052e4	030b37b3	mulhu	x15,x22,x16	 x22:0xffffffff x16:0x80040fe4 x15=0x80040fe3
     250375.000 ns	     25036	800052e8	40b70033	sub	x0,x14,x11	 x14:0x00000000 x11:0x00000285
     250385.000 ns	     25037	800052ec	00772f33	slt	x30,x14,x7	 x14:0x00000000  x7:0x00000000 x30=0x00000000
     250395.000 ns	     25038	800052f0	9d21a517	auipc	x10,0x9d21a	 x10=0x1d21f2f0
     250405.000 ns	     25039	800052f4	019a5913	srli	x18,x20,0x19	 x20:0x00000001 x18=0x00000000
     250415.000 ns	     25040	800052f8	011dd493	srli	x9,x27,0x11	 x27:0xf9af2af0  x9=0x00007cd7
     250435.000 ns	     25042	800052fc	02100e33	mul	x28,x0,x1	  x0:0x00000000  x1:0x00000001 x28=0x00000000
     250455.000 ns	     25044	80005300	41acd613	srai	x12,x25,0x1a	 x25:0xffffffff x12=0xffffffff
     250815.000 ns	     25080	80005304	02406733	rem	x14,x0,x4	  x0:0x00000000  x4:0x00000566 x14=0x00000000
     250835.000 ns	     25082	80005308	1ebdef93	ori	x31,x27,491	 x27:0xf9af2af0 x31=0xf9af2bfb
     250845.000 ns	     25083	8000530c	00c05993	srli	x19,x0,0xc	  x0:0x00000000 x19=0x00000000
     250865.000 ns	     25085	80005310	e00297d3	fclass.s	x15,f5	  f5:0x7fc00000 x15=0x00000200
     250885.000 ns	     25087	80005314	adc2b193	sltiu	x3,x5,-1316	  x5:0x80041024  x3=0x00000001
     250905.000 ns	     25089	80005318	a15a8e53	fle.s	x28,f21,f21	 f21:0x00000000 f21:0x00000000 x28=0x00000001
     250935.000 ns	     25092	8000531c	c01af5d3	fcvt.wu.s	x11,f21	 f21:0x00000000 x11=0x00000000
     250955.000 ns	     25094	80005320	00030333	add	x6,x6,x0	  x6:0xffffffff  x0:0x00000000  x6=0xffffffff
     250965.000 ns	     25095	80005324	677d6313	ori	x6,x26,1655	 x26:0x00000001  x6=0x00000677
     251005.000 ns	     25099	80005328	0019c353	fadd.s	f6,f19,f1	 f19:0x00000000  f1:0x4787c206  f6=0x4787c206
     251035.000 ns	     25102	8000532c	022d9f33	mulh	x30,x27,x2	 x27:0xf9af2af0  x2:0x00000001 x30=0xffffffff
     251065.000 ns	     25105	80005330	c008f453	fcvt.w.s	x8,f17	 f17:0x7fc00000  x8=0x7fffffff
     251435.000 ns	     25142	80005334	02a3e0b3	rem	x1,x7,x10	  x7:0x00000000 x10:0x1d21f2f0  x1=0x00000000
     251455.000 ns	     25144	80005338	01cf6533	or	x10,x30,x28	 x30:0xffffffff x28:0x00000001 x10=0xffffffff
     251475.000 ns	     25146	8000533c	d0088953	fcvt.s.w	f18,x17	 x17:0x00000001 f18=0x3f800000
     251845.000 ns	     25183	80005340	03aff733	remu	x14,x31,x26	 x31:0xf9af2bfb x26:0x00000001 x14=0x00000000
     252215.000 ns	     25220	80005344	03cf7d33	remu	x26,x30,x28	 x30:0xffffffff x28:0x00000001 x26=0x00000000
     252245.000 ns	     25223	80005348	0210d5b3	divu	x11,x1,x1	  x1:0x00000000  x1:0x00000000 x11=0xffffffff
     252265.000 ns	     25225	8000534c	8e517313	andi	x6,x2,-1819	  x2:0x00000001  x6=0x00000001
     252275.000 ns	     25226	80005350	0052a233	slt	x4,x5,x5	  x5:0x80041024  x5:0x80041024  x4=0x00000000
     252285.000 ns	     25227	80005354	12514313	xori	x6,x2,293	  x2:0x00000001  x6=0x00000124
     252295.000 ns	     25228	80005358	40165fb3	sra	x31,x12,x1	 x12:0xffffffff  x1:0x00000000 x31=0xffffffff
     252315.000 ns	     25230	8000535c	20bd8253	fsgnj.s	f4,f27,f11	 f27:0x00000000 f11:0xc787c206  f4=0x80000000
     252345.000 ns	     25233	80005360	c00bbad3	fcvt.w.s	x21,f23	 f23:0x7f800000 x21=0x7fffffff
     252365.000 ns	     25235	80005364	01fbf4b3	and	x9,x23,x31	 x23:0x00000000 x31:0xffffffff  x9=0x00000000
     252375.000 ns	     25236	80005368	aac1e6b7	lui	x13,0xaac1e	 x13=0xaac1e000
     252735.000 ns	     25272	8000536c	03d075b3	remu	x11,x0,x29	  x0:0x00000000 x29:0x7fffffff x11=0x00000000
     252765.000 ns	     25275	80005370	03691a33	mulh	x20,x18,x22	 x18:0x00000000 x22:0xffffffff x20=0x00000000
     252795.000 ns	     25278	80005374	0364a8b3	mulhsu	x17,x9,x22	  x9:0x00000000 x22:0xffffffff x17=0x00000000
     252815.000 ns	     25280	80005378	00000013	addi	x0,x0,0	  x0:0x00000000
     252825.000 ns	     25281	8000537c	834c5597	auipc	x11,0x834c5	 x11=0x034ca37c
     252835.000 ns	     25282	80005380	01326e33	or	x28,x4,x19	  x4:0x00000000 x19:0x00000000 x28=0x00000000
     252845.000 ns	     25283	80005384	01be4533	xor	x10,x28,x27	 x28:0x00000001 x27:0xf9af2af0 x10=0xf9af2af0
     252885.000 ns	     25287	80005388	087bf3d3	fsub.s	f7,f23,f7	 f23:0x7f800000  f7:0x4f7f9af2  f7=0x7f800000
     253255.000 ns	     25324	8000538c	03ed7d33	remu	x26,x26,x30	 x26:0x00000000 x30:0xffffffff x26=0x00000000
     253285.000 ns	     25327	80005390	a0220153	fle.s	x2,f4,f2	  f4:0x80000000  f2:0x00000001  x2=0x00000001
     253315.000 ns	     25330	80005394	a03c1ad3	flt.s	x21,f24,f3	 f24:0x00000000  f3:0x47860c06 x21=0x00000001
     253335.000 ns	     25332	80005398	74f8a113	slti	x2,x17,1871	 x17:0x00000000  x2=0x00000001
     253345.000 ns	     25333	8000539c	a248b317	auipc	x6,0xa248b	  x6=0x2249039c
     253355.000 ns	     25334	800053a0	005427b3	slt	x15,x8,x5	  x8:0x7fffffff  x5:0x80041024 x15=0x00000000
     253375.000 ns	     25336	800053a4	c01a1a53	fcvt.wu.s	x20,f20	 f20:0x7fc00000 x20=0xffffffff
     253405.000 ns	     25339	800053a8	d011fa53	fcvt.s.wu	f20,x3	  x3:0x00000001 f20=0x3f800000
     253425.000 ns	     25341	800053ac	006f2733	slt	x14,x30,x6	 x30:0xffffffff  x6:0x2249039c x14=0x00000001
     253435.000 ns	     25342	800053b0	005c3d33	sltu	x26,x24,x5	 x24:0x00000000  x5:0x80041024 x26=0x00000001
     253455.000 ns	     25344	800053b4	29259ed3	fmax.s	f29,f11,f18	 f11:0xc787c206 f18:0x3f800000 f29=0x3f800000
     253485.000 ns	     25347	800053b8	03061b33	mulh	x22,x12,x16	 x12:0xffffffff x16:0x80040fe4 x22=0x00000000
     253505.000 ns	     25349	800053bc	013f1e93	slli	x29,x30,0x13	 x30:0xffffffff x29=0xfff80000
     253525.000 ns	     25351	800053c0	f00881d3	fmv.w.x	f3,x17	 x17:0x00000000  f3=0x00000000
     253545.000 ns	     25353	800053c4	00000013	addi	x0,x0,0	  x0:0x00000000
     253565.000 ns	     25355	800053c8	d00d4353	fcvt.s.w	f6,x26	 x26:0x00000001  f6=0x3f800000
     253595.000 ns	     25358	800053cc	02bf06b3	mul	x13,x30,x11	 x30:0xffffffff x11:0x034ca37c x13=0xfcb35c84
     253615.000 ns	     25360	800053d0	4e59fd17	auipc	x26,0x4e59f	 x26=0xce5a43d0
     253625.000 ns	     25361	800053d4	00ef1b33	sll	x22,x30,x14	 x30:0xffffffff x14:0x00000001 x22=0xfffffffe
     253645.000 ns	     25363	800053d8	21f7a5d3	fsgnjx.s	f11,f15,f31	 f15:0x4f79af2a f31:0x7fc00000 f11=0x4f79af2a
     253665.000 ns	     25365	800053dc	00000013	addi	x0,x0,0	  x0:0x00000000
     253685.000 ns	     25367	800053e0	a0a8a6d3	feq.s	x13,f17,f10	 f17:0x7fc00000 f10:0x3f800000 x13=0x00000000
     253705.000 ns	     25369	800053e4	56db0e37	lui	x28,0x56db0	 x28=0x56db0000
     253725.000 ns	     25371	800053e8	20891ad3	fsgnjn.s	f21,f18,f8	 f18:0x3f800000  f8:0x7fc00000 f21=0xbf800000
     253745.000 ns	     25373	800053ec	aa0b9397	auipc	x7,0xaa0b9	  x7=0x2a0be3ec
     253765.000 ns	     25375	800053f0	29968453	fmin.s	f8,f13,f25	 f13:0x00000000 f25:0x7fc00000  f8=0x00000000
     253785.000 ns	     25377	800053f4	00535093	srli	x1,x6,0x5	  x6:0x2249039c  x1=0x0112481c
     253825.000 ns	     25381	800053f8	00a783d3	fadd.s	f7,f15,f10	 f15:0x4f79af2a f10:0x3f800000  f7=0x4f79af2a
     253855.000 ns	     25384	800053fc	29a58b53	fmin.s	f22,f11,f26	 f11:0x4f79af2a f26:0x7fc00000 f22=0x4f79af2a
     253875.000 ns	     25386	80005400	d7356893	ori	x17,x10,-653	 x10:0xf9af2af0 x17=0xfffffff3
     253885.000 ns	     25387	80005404	00ad5f93	srli	x31,x26,0xa	 x26:0xce5a43d0 x31=0x00339690
     253925.000 ns	     25391	80005408	08757cd3	fsub.s	f25,f10,f7	 f10:0x3f800000  f7:0x4f79af2a f25=0xcf79af29
     253955.000 ns	     25394	8000540c	21119553	fsgnjn.s	f10,f3,f17	  f3:0x00000000 f17:0x7fc00000 f10=0x80000000
     253985.000 ns	     25397	80005410	e00509d3	fmv.x.w	x19,f10	 f10:0x3f800000 x19=0x80000000
     254005.000 ns	     25399	80005414	a7007913	andi	x18,x0,-1424	  x0:0x00000000 x18=0x00000000
     254015.000 ns	     25400	80005418	5df6a537	lui	x10,0x5df6a	 x10=0x5df6a000
     254025.000 ns	     25401	8000541c	b430fe93	andi	x29,x1,-1213	  x1:0x0112481c x29=0x01124800
     254045.000 ns	     25403	80005420	c01e7f53	fcvt.wu.s	x30,f28	 f28:0x7fc00000 x30=0xffffffff
     254075.000 ns	     25406	80005424	e0058c53	fmv.x.w	x24,f11	 f11:0x4f79af2a x24=0x4f79af2a
     254105.000 ns	     25409	80005428	f00203d3	fmv.w.x	f7,x4	  x4:0x00000000  f7=0x00000000
     254125.000 ns	     25411	8000542c	0079cb33	xor	x22,x19,x7	 x19:0x80000000  x7:0x2a0be3ec x22=0xaa0be3ec
     254135.000 ns	     25412	80005430	00945493	srli	x9,x8,0x9	  x8:0x7fffffff  x9=0x003fffff
     254145.000 ns	     25413	80005434	3f5b0913	addi	x18,x22,1013	 x22:0xfffffffe x18=0xaa0be7e1
     254165.000 ns	     25415	80005438	03a41c33	mulh	x24,x8,x26	  x8:0x7fffffff x26:0xce5a43d0 x24=0xe72d21e8
     254185.000 ns	     25417	8000543c	b6454993	xori	x19,x10,-1180	 x10:0x5df6a000 x19=0xa2095b64
     254205.000 ns	     25419	80005440	e0068cd3	fmv.x.w	x25,f13	 f13:0x00000000 x25=0x00000000
     254225.000 ns	     25421	80005444	22564993	xori	x19,x12,549	 x12:0xffffffff x19=0xfffffdda
     254235.000 ns	     25422	80005448	001a25b3	slt	x11,x20,x1	 x20:0xffffffff  x1:0x0112481c x11=0x00000001
     254255.000 ns	     25424	8000544c	f00807d3	fmv.w.x	f15,x16	 x16:0x80040fe4 f15=0x80040fe4
     254285.000 ns	     25427	80005450	21311cd3	fsgnjn.s	f25,f2,f19	  f2:0x00000001 f19:0x00000000 f25=0x80000001
     254315.000 ns	     25430	80005454	02007bb3	remu	x23,x0,x0	  x0:0x00000000  x0:0x00000000 x23=0x00000000
     254355.000 ns	     25434	80005458	11187e53	fmul.s	f28,f16,f17	 f16:0x80000000 f17:0x7fc00000 f28=0x7fc00000
     254405.000 ns	     25439	8000545c	008b18d3	fadd.s	f17,f22,f8	 f22:0x4f79af2a  f8:0x00000000 f17=0x4f79af2a
     254435.000 ns	     25442	80005460	f0040353	fmv.w.x	f6,x8	  x8:0x7fffffff  f6=0x7fffffff
     254455.000 ns	     25444	80005464	01fa5413	srli	x8,x20,0x1f	 x20:0xffffffff  x8=0x00000001
     254465.000 ns	     25445	80005468	00ca77b3	and	x15,x20,x12	 x20:0xffffffff x12:0xffffffff x15=0xffffffff
     254475.000 ns	     25446	8000546c	00000013	addi	x0,x0,0	  x0:0x00000000
     254485.000 ns	     25447	80005470	40170c33	sub	x24,x14,x1	 x14:0x00000001  x1:0x0112481c x24=0xfeedb7e5
     254495.000 ns	     25448	80005474	9d74cf13	xori	x30,x9,-1577	  x9:0x003fffff x30=0xffc00628
     254505.000 ns	     25449	80005478	403f5393	srai	x7,x30,0x3	 x30:0xffffffff  x7=0xfff800c5
     254525.000 ns	     25451	8000547c	a0642153	feq.s	x2,f8,f6	  f8:0x00000000  f6:0x7fffffff  x2=0x00000000
     254555.000 ns	     25454	80005480	21699753	fsgnjn.s	f14,f19,f22	 f19:0x00000000 f22:0x4f79af2a f14=0x80000000
     254585.000 ns	     25457	80005484	0295a933	mulhsu	x18,x11,x9	 x11:0x00000001  x9:0x003fffff x18=0x00000000
     254605.000 ns	     25459	80005488	13a8e593	ori	x11,x17,314	 x17:0xfffffff3 x11=0xfffffffb
     254615.000 ns	     25460	8000548c	c411a513	slti	x10,x3,-959	  x3:0x00000001 x10=0x00000000
     254635.000 ns	     25462	80005490	20a98c53	fsgnj.s	f24,f19,f10	 f19:0x00000000 f10:0x80000000 f24=0x80000000
     254655.000 ns	     25464	80005494	6f106f93	ori	x31,x0,1777	  x0:0x00000000 x31=0x000006f1
     254665.000 ns	     25465	80005498	8eff4893	xori	x17,x30,-1809	 x30:0xffc00628 x17=0x003ffec7
     254705.000 ns	     25469	8000549c	00044d53	fadd.s	f26,f8,f0	  f8:0x00000000  f0:0x7fc00000 f26=0x7fc00000
     254725.000 ns	     25471	800054a0	01eb1093	slli	x1,x22,0x1e	 x22:0xaa0be3ec  x1=0x00000000
     254745.000 ns	     25473	800054a4	29951f53	fmax.s	f30,f10,f25	 f10:0x80000000 f25:0x80000001 f30=0x80000000
     254765.000 ns	     25475	800054a8	00ee3033	sltu	x0,x28,x14	 x28:0x56db0000 x14:0x00000001
     254775.000 ns	     25476	800054ac	001f2f33	slt	x30,x30,x1	 x30:0xffc00628  x1:0x00000000 x30=0x00000001
     254785.000 ns	     25477	800054b0	41e9d413	srai	x8,x19,0x1e	 x19:0xfffffdda  x8=0xffffffff
     254795.000 ns	     25478	800054b4	43b98c13	addi	x24,x19,1083	 x19:0xfffffdda x24=0x00000215
     254815.000 ns	     25480	800054b8	e00f9f53	fclass.s	x30,f31	 f31:0x7fc00000 x30=0x00000200
     254845.000 ns	     25483	800054bc	033a39b3	mulhu	x19,x20,x19	 x20:0xffffffff x19:0xfffffdda x19=0xfffffdd9
     254865.000 ns	     25485	800054c0	4189c313	xori	x6,x19,1048	 x19:0xfffffdda  x6=0xfffff9c1
     254885.000 ns	     25487	800054c4	c0037753	fcvt.w.s	x14,f6	  f6:0x7fffffff x14=0x7fffffff
     254905.000 ns	     25489	800054c8	00a81933	sll	x18,x16,x10	 x16:0x80040fe4 x10:0x00000000 x18=0x80040fe4
     254925.000 ns	     25491	800054cc	28308cd3	fmin.s	f25,f1,f3	  f1:0x4787c206  f3:0x00000000 f25=0x00000000
     254955.000 ns	     25494	800054d0	c01d1253	fcvt.wu.s	x4,f26	 f26:0x7fc00000  x4=0xffffffff
     255005.000 ns	     25499	800054d4	00d87c53	fadd.s	f24,f16,f13	 f16:0x80000000 f13:0x00000000 f24=0x00000000
     255025.000 ns	     25501	800054d8	312c2a93	slti	x21,x24,786	 x24:0x00000215 x21=0x00000001
     255035.000 ns	     25502	800054dc	00f05093	srli	x1,x0,0xf	  x0:0x00000000  x1=0x00000000
     255055.000 ns	     25504	800054e0	288b9253	fmax.s	f4,f23,f8	 f23:0x7f800000  f8:0x00000000  f4=0x7f800000
     255075.000 ns	     25506	800054e4	00000013	addi	x0,x0,0	  x0:0x00000000
     255095.000 ns	     25508	800054e8	03e713b3	mulh	x7,x14,x30	 x14:0x7fffffff x30:0x00000200  x7=0x000000ff
     255125.000 ns	     25511	800054ec	c00f0c53	fcvt.w.s	x24,f30	 f30:0x80000000 x24=0x00000000
     255155.000 ns	     25514	800054f0	021df6b3	remu	x13,x27,x1	 x27:0xf9af2af0  x1:0x00000000 x13=0xf9af2af0
     255185.000 ns	     25517	800054f4	21ea2dd3	fsgnjx.s	f27,f20,f30	 f20:0x3f800000 f30:0x80000000 f27=0xbf800000
     255225.000 ns	     25521	800054f8	19388bd3	fdiv.s	f23,f17,f19	 f17:0x4f79af2a f19:0x00000000 f23=0x7f800000
     255245.000 ns	     25523	800054fc	3e64f7b7	lui	x15,0x3e64f	 x15=0x3e64f000
     255265.000 ns	     25525	80005500	29281553	fmax.s	f10,f16,f18	 f16:0x80000000 f18:0x3f800000 f10=0x3f800000
     255295.000 ns	     25528	80005504	03c93533	mulhu	x10,x18,x28	 x18:0x80040fe4 x28:0x56db0000 x10=0x2b6ee0d0
     255345.000 ns	     25533	80005508	01c4f453	fadd.s	f8,f9,f28	  f9:0x4e870394 f28:0x7fc00000  f8=0x7fc00000
     255375.000 ns	     25536	8000550c	033a1d33	mulh	x26,x20,x19	 x20:0xffffffff x19:0xfffffdd9 x26=0x00000000
     255395.000 ns	     25538	80005510	01974733	xor	x14,x14,x25	 x14:0x7fffffff x25:0x00000000 x14=0x7fffffff
     255405.000 ns	     25539	80005514	008933b3	sltu	x7,x18,x8	 x18:0x80040fe4  x8:0xffffffff  x7=0x00000001
     255415.000 ns	     25540	80005518	00995e13	srli	x28,x18,0x9	 x18:0x80040fe4 x28=0x00400207
     255425.000 ns	     25541	8000551c	004b44b3	xor	x9,x22,x4	 x22:0xaa0be3ec  x4:0xffffffff  x9=0x55f41c13
     255445.000 ns	     25543	80005520	d00e1353	fcvt.s.w	f6,x28	 x28:0x56db0000  f6=0x4a80040e
     255465.000 ns	     25545	80005524	00000013	addi	x0,x0,0	  x0:0x00000000
     255505.000 ns	     25549	80005528	01bf3d53	fadd.s	f26,f30,f27	 f30:0x80000000 f27:0xbf800000 f26=0xbf800000
     255535.000 ns	     25552	8000552c	e00290d3	fclass.s	x1,f5	  f5:0x7fc00000  x1=0x00000200
     255555.000 ns	     25554	80005530	00a0d393	srli	x7,x1,0xa	  x1:0x00000000  x7=0x00000000
     255575.000 ns	     25556	80005534	e00819d3	fclass.s	x19,f16	 f16:0x80000000 x19=0x00000008
     255595.000 ns	     25558	80005538	00c24a33	xor	x20,x4,x12	  x4:0xffffffff x12:0xffffffff x20=0x00000000
     255615.000 ns	     25560	8000553c	d009a953	fcvt.s.w	f18,x19	 x19:0x00000008 f18=0x41000000
     255635.000 ns	     25562	80005540	00bb1333	sll	x6,x22,x11	 x22:0xaa0be3ec x11:0xfffffffb  x6=0x60000000
     255645.000 ns	     25563	80005544	40da85b3	sub	x11,x21,x13	 x21:0x00000001 x13:0xf9af2af0 x11=0x0650d511
     255655.000 ns	     25564	80005548	b0107e93	andi	x29,x0,-1279	  x0:0x00000000 x29=0x00000000
     255665.000 ns	     25565	8000554c	000a2233	slt	x4,x20,x0	 x20:0x00000000  x0:0x00000000  x4=0x00000000
     255685.000 ns	     25567	80005550	a0b1a953	feq.s	x18,f3,f11	  f3:0x00000000 f11:0x4f79af2a x18=0x00000000
     255725.000 ns	     25571	80005554	580afe53	fsqrt.s	f28,f21	 f21:0xbf800000 f28=0x7fc00000
     255755.000 ns	     25574	80005558	e00303d3	fmv.x.w	x7,f6	  f6:0x4a80040e  x7=0x4a80040e
     255775.000 ns	     25576	8000555c	004c61b3	or	x3,x24,x4	 x24:0x00000000  x4:0x00000000  x3=0x00000000
     255795.000 ns	     25578	80005560	03ab25b3	mulhsu	x11,x22,x26	 x22:0xaa0be3ec x26:0x00000000 x11=0x00000000
     255825.000 ns	     25581	80005564	031b11b3	mulh	x3,x22,x17	 x22:0xaa0be3ec x17:0x003ffec7  x3=0xffea8362
     255865.000 ns	     25585	80005568	19311dd3	fdiv.s	f27,f2,f19	  f2:0x00000001 f19:0x00000000 f27=0x7f800000
     255885.000 ns	     25587	8000556c	0e53f613	andi	x12,x7,229	  x7:0x4a80040e x12=0x00000004
     255895.000 ns	     25588	80005570	6019a413	slti	x8,x19,1537	 x19:0x00000008  x8=0x00000001
     255915.000 ns	     25590	80005574	21eb2cd3	fsgnjx.s	f25,f22,f30	 f22:0x4f79af2a f30:0x80000000 f25=0xcf79af2a
     255935.000 ns	     25592	80005578	0093afb3	slt	x31,x7,x9	  x7:0x4a80040e  x9:0x55f41c13 x31=0x00000001
     255955.000 ns	     25594	8000557c	0346aab3	mulhsu	x21,x13,x20	 x13:0xf9af2af0 x20:0x00000000 x21=0x00000000
     255985.000 ns	     25597	80005580	d01439d3	fcvt.s.wu	f19,x8	  x8:0x00000001 f19=0x3f800000
     256005.000 ns	     25599	80005584	013905b3	add	x11,x18,x19	 x18:0x00000000 x19:0x00000008 x11=0x00000008
     256015.000 ns	     25600	80005588	dc6b7b13	andi	x22,x22,-570	 x22:0xaa0be3ec x22=0xaa0be1c4
     256035.000 ns	     25602	8000558c	29e586d3	fmin.s	f13,f11,f30	 f11:0x4f79af2a f30:0x80000000 f13=0x80000000
     256065.000 ns	     25605	80005590	21f69553	fsgnjn.s	f10,f13,f31	 f13:0x00000000 f31:0x7fc00000 f10=0x80000000
     256435.000 ns	     25642	80005594	033f77b3	remu	x15,x30,x19	 x30:0x00000200 x19:0x00000008 x15=0x00000000
     256465.000 ns	     25645	80005598	03b995b3	mulh	x11,x19,x27	 x19:0x00000008 x27:0xf9af2af0 x11=0xffffffff
     256495.000 ns	     25648	8000559c	a1d7af53	feq.s	x30,f15,f29	 f15:0x80040fe4 f29:0x3f800000 x30=0x00000000
     256515.000 ns	     25650	800055a0	00952f33	slt	x30,x10,x9	 x10:0x2b6ee0d0  x9:0x55f41c13 x30=0x00000001
     256535.000 ns	     25652	800055a4	c01dccd3	fcvt.wu.s	x25,f27	 f27:0x7f800000 x25=0xffffffff
     256565.000 ns	     25655	800055a8	03e58f33	mul	x30,x11,x30	 x11:0xffffffff x30:0x00000000 x30=0xffffffff
     256595.000 ns	     25658	800055ac	f0048f53	fmv.w.x	f30,x9	  x9:0x55f41c13 f30=0x55f41c13
     256965.000 ns	     25695	800055b0	03115a33	divu	x20,x2,x17	  x2:0x00000000 x17:0x003ffec7 x20=0x00000000
     256995.000 ns	     25698	800055b4	219f9cd3	fsgnjn.s	f25,f31,f25	 f31:0x7fc00000 f25:0xcf79af2a f25=0x7fc00000
     257015.000 ns	     25700	800055b8	01b21f13	slli	x30,x4,0x1b	  x4:0x00000000 x30=0x00000000
     257035.000 ns	     25702	800055bc	e00e95d3	fclass.s	x11,f29	 f29:0x3f800000 x11=0x00000040
     257055.000 ns	     25704	800055c0	01691e93	slli	x29,x18,0x16	 x18:0x00000000 x29=0x00000000
     257065.000 ns	     25705	800055c4	aed80337	lui	x6,0xaed80	  x6=0xaed80000
     257085.000 ns	     25707	800055c8	207b0b53	fsgnj.s	f22,f22,f7	 f22:0x4f79af2a  f7:0x00000000 f22=0x4f79af2a
     257455.000 ns	     25744	800055cc	0314dc33	divu	x24,x9,x17	  x9:0x55f41c13 x17:0x003ffec7 x24=0x00000157
     257475.000 ns	     25746	800055d0	003e5793	srli	x15,x28,0x3	 x28:0x00400207 x15=0x00080040
     257495.000 ns	     25748	800055d4	e0020c53	fmv.x.w	x24,f4	  f4:0x7f800000 x24=0x7f800000
     257515.000 ns	     25750	800055d8	6ca8be13	sltiu	x28,x17,1738	 x17:0x003ffec7 x28=0x00000000
     257525.000 ns	     25751	800055dc	407f5993	srai	x19,x30,0x7	 x30:0x00000000 x19=0x00000000
     257545.000 ns	     25753	800055e0	d01f9953	fcvt.s.wu	f18,x31	 x31:0x00000001 f18=0x3f800000
     257575.000 ns	     25756	800055e4	29f09ad3	fmax.s	f21,f1,f31	  f1:0x4787c206 f31:0x7fc00000 f21=0x4787c206
     257605.000 ns	     25759	800055e8	d00b10d3	fcvt.s.w	f1,x22	 x22:0xaa0be1c4  f1=0xceabe83c
     257975.000 ns	     25796	800055ec	02a2c933	div	x18,x5,x10	  x5:0x80041024 x10:0x2b6ee0d0 x18=0xfffffffe
     257995.000 ns	     25798	800055f0	41fdde93	srai	x29,x27,0x1f	 x27:0xf9af2af0 x29=0xffffffff
     258015.000 ns	     25800	800055f4	0387a033	mulhsu	x0,x15,x24	 x15:0x00080040 x24:0x7f800000
     258035.000 ns	     25802	800055f8	8e083a13	sltiu	x20,x16,-1824	 x16:0x80040fe4 x20=0x00000001
     258395.000 ns	     25838	800055fc	03dfd1b3	divu	x3,x31,x29	 x31:0x00000001 x29:0xffffffff  x3=0x00000000
     258415.000 ns	     25840	80005600	01c50933	add	x18,x10,x28	 x10:0x2b6ee0d0 x28:0x00000000 x18=0x2b6ee0d0
     258425.000 ns	     25841	80005604	01a81a33	sll	x20,x16,x26	 x16:0x80040fe4 x26:0x00000000 x20=0x80040fe4
     258445.000 ns	     25843	80005608	a03699d3	flt.s	x19,f13,f3	 f13:0x80000000  f3:0x00000000 x19=0x00000000
     258475.000 ns	     25846	8000560c	a083ad53	feq.s	x26,f7,f8	  f7:0x00000000  f8:0x7fc00000 x26=0x00000000
     259655.000 ns	     25964	80005610	580f0bd3	fsqrt.s	f23,f30	 f30:0x55f41c13 f23=0x4ab0c3ea
     259685.000 ns	     25967	80005614	024e2eb3	mulhsu	x29,x28,x4	 x28:0x00000000  x4:0x00000000 x29=0x00000000
     259705.000 ns	     25969	80005618	0140e133	or	x2,x1,x20	  x1:0x00000200 x20:0x80040fe4  x2=0x80040fe4
     259715.000 ns	     25970	8000561c	c6da0d13	addi	x26,x20,-915	 x20:0x80040fe4 x26=0x80040c51
     259735.000 ns	     25972	80005620	f00203d3	fmv.w.x	f7,x4	  x4:0x00000000  f7=0x00000000
     259765.000 ns	     25975	80005624	e00007d3	fmv.x.w	x15,f0	  f0:0x7fc00000 x15=0x7fc00000
     259795.000 ns	     25978	80005628	f00d0ad3	fmv.w.x	f21,x26	 x26:0x80040c51 f21=0x80040c51
     259815.000 ns	     25980	8000562c	00000013	addi	x0,x0,0	  x0:0x00000000
     259825.000 ns	     25981	80005630	40315393	srai	x7,x2,0x3	  x2:0x80040fe4  x7=0xf00081fc
     259845.000 ns	     25983	80005634	212f0a53	fsgnj.s	f20,f30,f18	 f30:0x55f41c13 f18:0x3f800000 f20=0x55f41c13
     259865.000 ns	     25985	80005638	00f35f13	srli	x30,x6,0xf	  x6:0xaed80000 x30=0x00015db0
     259875.000 ns	     25986	8000563c	419c5213	srai	x4,x24,0x19	 x24:0x7f800000  x4=0x0000003f
     259895.000 ns	     25988	80005640	c007aad3	fcvt.w.s	x21,f15	 f15:0x80040fe4 x21=0x00000000
     259915.000 ns	     25990	80005644	019769b3	or	x19,x14,x25	 x14:0x7fffffff x25:0xffffffff x19=0xffffffff
     259925.000 ns	     25991	80005648	1c410d37	lui	x26,0x1c410	 x26=0x1c410000
     259945.000 ns	     25993	8000564c	e00e97d3	fclass.s	x15,f29	 f29:0x3f800000 x15=0x00000040
     259975.000 ns	     25996	80005650	a06485d3	fle.s	x11,f9,f6	  f9:0x4e870394  f6:0x4a80040e x11=0x00000000
     259995.000 ns	     25998	80005654	41098433	sub	x8,x19,x16	 x19:0xffffffff x16:0x80040fe4  x8=0x7ffbf01b
     260005.000 ns	     25999	80005658	01265893	srli	x17,x12,0x12	 x12:0x00000004 x17=0x00000000
     260025.000 ns	     26001	8000565c	a1799753	flt.s	x14,f19,f23	 f19:0x3f800000 f23:0x4ab0c3ea x14=0x00000001
     260055.000 ns	     26004	80005660	a0ee17d3	flt.s	x15,f28,f14	 f28:0x7fc00000 f14:0x80000000 x15=0x00000000
     260085.000 ns	     26007	80005664	03802f33	mulhsu	x30,x0,x24	  x0:0x00000000 x24:0x7f800000 x30=0x00000000
     260115.000 ns	     26010	80005668	a0f181d3	fle.s	x3,f3,f15	  f3:0x00000000 f15:0x80040fe4  x3=0x00000000
     260145.000 ns	     26013	8000566c	031efd33	remu	x26,x29,x17	 x29:0x00000000 x17:0x00000000 x26=0x00000000
     260175.000 ns	     26016	80005670	e0060bd3	fmv.x.w	x23,f12	 f12:0x00000000 x23=0x00000000
     260205.000 ns	     26019	80005674	f0088ad3	fmv.w.x	f21,x17	 x17:0x00000000 f21=0x00000000
     260225.000 ns	     26021	80005678	00000013	addi	x0,x0,0	  x0:0x00000000
     260265.000 ns	     26025	8000567c	08637653	fsub.s	f12,f6,f6	  f6:0x4a80040e  f6:0x4a80040e f12=0x80000000
     260285.000 ns	     26027	80005680	00b35593	srli	x11,x6,0xb	  x6:0xaed80000 x11=0x0015db00
     260295.000 ns	     26028	80005684	eb6a0a93	addi	x21,x20,-330	 x20:0x80040fe4 x21=0x80040e9a
     260335.000 ns	     26032	80005688	00e515d3	fadd.s	f11,f10,f14	 f10:0x80000000 f14:0x80000000 f11=0x80000000
     260365.000 ns	     26035	8000568c	f0008bd3	fmv.w.x	f23,x1	  x1:0x00000200 f23=0x00000200
     260385.000 ns	     26037	80005690	01e26fb3	or	x31,x4,x30	  x4:0x0000003f x30:0x00000000 x31=0x0000003f
     260405.000 ns	     26039	80005694	031b9433	mulh	x8,x23,x17	 x23:0x00000000 x17:0x00000000  x8=0x00000000
     260775.000 ns	     26076	80005698	02b3d3b3	divu	x7,x7,x11	  x7:0xf00081fc x11:0x0015db00  x7=0x00000afb
     260805.000 ns	     26079	8000569c	2154a053	fsgnjx.s	f0,f9,f21	  f9:0x4e870394 f21:0x00000000  f0=0x4e870394
     260825.000 ns	     26081	800056a0	df7c4793	xori	x15,x24,-521	 x24:0x7f800000 x15=0x807ffdf7
     260845.000 ns	     26083	800056a4	a00d16d3	flt.s	x13,f26,f0	 f26:0xbf800000  f0:0x4e870394 x13=0x00000001
     260875.000 ns	     26086	800056a8	a0080e53	fle.s	x28,f16,f0	 f16:0x80000000  f0:0x4e870394 x28=0x00000001
     260895.000 ns	     26088	800056ac	f1533193	sltiu	x3,x6,-235	  x6:0xaed80000  x3=0x00000001
     260905.000 ns	     26089	800056b0	b82ae313	ori	x6,x21,-1150	 x21:0x80040e9a  x6=0xffffff9a
     260925.000 ns	     26091	800056b4	028cceb3	div	x29,x25,x8	 x25:0xffffffff  x8:0x00000000 x29=0xffffffff
     260945.000 ns	     26093	800056b8	01910bb3	add	x23,x2,x25	  x2:0x80040fe4 x25:0xffffffff x23=0x80040fe3
     261305.000 ns	     26129	800056bc	035af233	remu	x4,x21,x21	 x21:0x80040e9a x21:0x80040e9a  x4=0x00000000
     261325.000 ns	     26131	800056c0	01fbc7b3	xor	x15,x23,x31	 x23:0x00000000 x31:0x0000003f x15=0x80040fdc
     261345.000 ns	     26133	800056c4	a1200453	fle.s	x8,f0,f18	  f0:0x4e870394 f18:0x3f800000  x8=0x00000000
     261375.000 ns	     26136	800056c8	d00036d3	fcvt.s.w	f13,x0	  x0:0x00000000 f13=0x00000000
     261395.000 ns	     26138	800056cc	01bf1333	sll	x6,x30,x27	 x30:0x00000000 x27:0xf9af2af0  x6=0x00000000
     261415.000 ns	     26140	800056d0	e00f1453	fclass.s	x8,f30	 f30:0x55f41c13  x8=0x00000040
     261445.000 ns	     26143	800056d4	02563cb3	mulhu	x25,x12,x5	 x12:0x00000004  x5:0x80041024 x25=0x00000002
     261465.000 ns	     26145	800056d8	00d7d093	srli	x1,x15,0xd	 x15:0x80040fdc  x1=0x00040020
     261475.000 ns	     26146	800056dc	eeb50393	addi	x7,x10,-277	 x10:0x2b6ee0d0  x7=0x2b6edfbb
     261485.000 ns	     26147	800056e0	01f5fab3	and	x21,x11,x31	 x11:0x0015db00 x31:0x0000003f x21=0x00000000
     261505.000 ns	     26149	800056e4	02ce1eb3	mulh	x29,x28,x12	 x28:0x00000001 x12:0x00000004 x29=0x00000000
     261525.000 ns	     26151	800056e8	16d7c513	xori	x10,x15,365	 x15:0x80040fdc x10=0x80040eb1
     261535.000 ns	     26152	800056ec	40655793	srai	x15,x10,0x6	 x10:0x2b6ee0d0 x15=0xfe00103a
     261555.000 ns	     26154	800056f0	e00c9ed3	fclass.s	x29,f25	 f25:0x7fc00000 x29=0x00000200
     261585.000 ns	     26157	800056f4	a1f60c53	fle.s	x24,f12,f31	 f12:0x80000000 f31:0x7fc00000 x24=0x00000000
     261615.000 ns	     26160	800056f8	203d8453	fsgnj.s	f8,f27,f3	 f27:0x7f800000  f3:0x00000000  f8=0x7f800000
     261645.000 ns	     26163	800056fc	033699b3	mulh	x19,x13,x19	 x13:0x00000001 x19:0xffffffff x19=0xffffffff
     261695.000 ns	     26168	80005700	00907a53	fadd.s	f20,f0,f9	  f0:0x4e870394  f9:0x4e870394 f20=0x4f070394
     261725.000 ns	     26171	80005704	206024d3	fsgnjx.s	f9,f0,f6	  f0:0x4e870394  f6:0x4a80040e  f9=0x4e870394
     261745.000 ns	     26173	80005708	007b5633	srl	x12,x22,x7	 x22:0xaa0be1c4  x7:0x2b6edfbb x12=0x00000015
     261755.000 ns	     26174	8000570c	28db8213	addi	x4,x23,653	 x23:0x80040fe3  x4=0x80041270
     261775.000 ns	     26176	80005710	02e725b3	mulhsu	x11,x14,x14	 x14:0x00000001 x14:0x00000001 x11=0x00000000
     261825.000 ns	     26181	80005714	01847353	fadd.s	f6,f8,f24	  f8:0x7f800000 f24:0x00000000  f6=0x7f800000
     261845.000 ns	     26183	80005718	a22e3e13	sltiu	x28,x28,-1502	 x28:0x00000001 x28=0x00000001
     261865.000 ns	     26185	8000571c	c00c46d3	fcvt.w.s	x13,f24	 f24:0x00000000 x13=0x00000000
     261885.000 ns	     26187	80005720	00631113	slli	x2,x6,0x6	  x6:0x00000000  x2=0x00000000
     261905.000 ns	     26189	80005724	03185633	divu	x12,x16,x17	 x16:0x80040fe4 x17:0x00000000 x12=0xffffffff
     261935.000 ns	     26192	80005728	c010b5d3	fcvt.wu.s	x11,f1	  f1:0xceabe83c x11=0x55f41e00
     262305.000 ns	     26229	8000572c	02e96a33	rem	x20,x18,x14	 x18:0x2b6ee0d0 x14:0x00000001 x20=0x00000000
     262325.000 ns	     26231	80005730	0106f133	and	x2,x13,x16	 x13:0x00000000 x16:0x80040fe4  x2=0x00000000
     262345.000 ns	     26233	80005734	28c109d3	fmin.s	f19,f2,f12	  f2:0x00000001 f12:0x80000000 f19=0x80000000
     262365.000 ns	     26235	80005738	00fd8a33	add	x20,x27,x15	 x27:0xf9af2af0 x15:0xfe00103a x20=0xf7af3b2a
     262385.000 ns	     26237	8000573c	20021353	fsgnjn.s	f6,f4,f0	  f4:0x7f800000  f0:0x4e870394  f6=0xff800000
     262405.000 ns	     26239	80005740	40e18bb3	sub	x23,x3,x14	  x3:0x00000001 x14:0x00000001 x23=0x00000000
     262415.000 ns	     26240	80005744	005f70b3	and	x1,x30,x5	 x30:0x00000000  x5:0x80041024  x1=0x00000000
     262435.000 ns	     26242	80005748	28f61a53	fmax.s	f20,f12,f15	 f12:0x80000000 f15:0x80040fe4 f20=0x80000000
     262465.000 ns	     26245	8000574c	02eb3f33	mulhu	x30,x22,x14	 x22:0xaa0be1c4 x14:0x00000001 x30=0x00000000
     262485.000 ns	     26247	80005750	ebdc8013	addi	x0,x25,-323	 x25:0x00000002
     262505.000 ns	     26249	80005754	20d984d3	fsgnj.s	f9,f19,f13	 f19:0x80000000 f13:0x00000000  f9=0x00000000
     262525.000 ns	     26251	80005758	00821e93	slli	x29,x4,0x8	  x4:0x80041270 x29=0x04127000
     262535.000 ns	     26252	8000575c	0178b6b3	sltu	x13,x17,x23	 x17:0x00000000 x23:0x00000000 x13=0x00000000
     262555.000 ns	     26254	80005760	02e517b3	mulh	x15,x10,x14	 x10:0x80040eb1 x14:0x00000001 x15=0xffffffff
     262585.000 ns	     26257	80005764	d00977d3	fcvt.s.w	f15,x18	 x18:0x2b6ee0d0 f15=0x4e2dbb83
     262605.000 ns	     26259	80005768	01f87c33	and	x24,x16,x31	 x16:0x80040fe4 x31:0x0000003f x24=0x00000024
     262625.000 ns	     26261	8000576c	a1a5acd3	feq.s	x25,f11,f26	 f11:0x80000000 f26:0xbf800000 x25=0x00000000
     262645.000 ns	     26263	80005770	009d2433	slt	x8,x26,x9	 x26:0x00000000  x9:0x55f41c13  x8=0x00000001
     262655.000 ns	     26264	80005774	018b1533	sll	x10,x22,x24	 x22:0xaa0be1c4 x24:0x00000024 x10=0xa0be1c40
     262665.000 ns	     26265	80005778	417c09b3	sub	x19,x24,x23	 x24:0x00000024 x23:0x00000000 x19=0x00000024
     262685.000 ns	     26267	8000577c	021a30b3	mulhu	x1,x20,x1	 x20:0xf7af3b2a  x1:0x00000000  x1=0x00000000
     262705.000 ns	     26269	80005780	3206bc93	sltiu	x25,x13,800	 x13:0x00000000 x25=0x00000001
     262715.000 ns	     26270	80005784	1c5760b7	lui	x1,0x1c576	  x1=0x1c576000
     262725.000 ns	     26271	80005788	00ad9ab3	sll	x21,x27,x10	 x27:0xf9af2af0 x10:0xa0be1c40 x21=0xf9af2af0
     262735.000 ns	     26272	8000578c	002b4713	xori	x14,x22,2	 x22:0xaa0be1c4 x14=0xaa0be1c6
     262745.000 ns	     26273	80005790	cffcff13	andi	x30,x25,-769	 x25:0x00000001 x30=0x00000001
     262765.000 ns	     26275	80005794	28971453	fmax.s	f8,f14,f9	 f14:0x80000000  f9:0x00000000  f8=0x00000000
     262795.000 ns	     26278	80005798	a1150153	fle.s	x2,f10,f17	 f10:0x80000000 f17:0x4f79af2a  x2=0x00000001
     262825.000 ns	     26281	8000579c	f00f80d3	fmv.w.x	f1,x31	 x31:0x0000003f  f1=0x0000003f
     262875.000 ns	     26286	800057a0	085ffad3	fsub.s	f21,f31,f5	 f31:0x7fc00000  f5:0x7fc00000 f21=0x7fc00000
     262915.000 ns	     26290	800057a4	11d1f553	fmul.s	f10,f3,f29	  f3:0x00000000 f29:0x3f800000 f10=0x00000000
     262935.000 ns	     26292	800057a8	00000013	addi	x0,x0,0	  x0:0x00000000
     262955.000 ns	     26294	800057ac	020a3b33	mulhu	x22,x20,x0	 x20:0xf7af3b2a  x0:0x00000000 x22=0x00000000
     262975.000 ns	     26296	800057b0	5c1f3e93	sltiu	x29,x30,1473	 x30:0x00000001 x29=0x00000001
     262995.000 ns	     26298	800057b4	e00f1bd3	fclass.s	x23,f30	 f30:0x55f41c13 x23=0x00000040
     263025.000 ns	     26301	800057b8	e00a8753	fmv.x.w	x14,f21	 f21:0x7fc00000 x14=0x7fc00000
     263055.000 ns	     26304	800057bc	a050a9d3	feq.s	x19,f1,f5	  f1:0x0000003f  f5:0x7fc00000 x19=0x00000000
     263085.000 ns	     26307	800057c0	c01bf753	fcvt.wu.s	x14,f23	 f23:0x00000200 x14=0x00000000
     263115.000 ns	     26310	800057c4	02e06e33	rem	x28,x0,x14	  x0:0x00000000 x14:0x7fc00000 x28=0x00000000
     263135.000 ns	     26312	800057c8	003f8eb3	add	x29,x31,x3	 x31:0x0000003f  x3:0x00000001 x29=0x00000040
     263155.000 ns	     26314	800057cc	a1a503d3	fle.s	x7,f10,f26	 f10:0x00000000 f26:0xbf800000  x7=0x00000000
     263185.000 ns	     26317	800057d0	20c7ab53	fsgnjx.s	f22,f15,f12	 f15:0x4e2dbb83 f12:0x80000000 f22=0xce2dbb83
     263215.000 ns	     26320	800057d4	282a8a53	fmin.s	f20,f21,f2	 f21:0x7fc00000  f2:0x00000001 f20=0x00000001
     263245.000 ns	     26323	800057d8	d0063d53	fcvt.s.w	f26,x12	 x12:0xffffffff f26=0xbf800000
     263265.000 ns	     26325	800057dc	98e4d6b7	lui	x13,0x98e4d	 x13=0x98e4d000
     263285.000 ns	     26327	800057e0	c00fbf53	fcvt.w.s	x30,f31	 f31:0x7fc00000 x30=0x7fffffff
     263305.000 ns	     26329	800057e4	006979b3	and	x19,x18,x6	 x18:0x2b6ee0d0  x6:0x00000000 x19=0x00000000
     263325.000 ns	     26331	800057e8	c0149d53	fcvt.wu.s	x26,f9	  f9:0x00000000 x26=0x00000000
     263355.000 ns	     26334	800057ec	0208f6b3	remu	x13,x17,x0	 x17:0x00000000  x0:0x00000000 x13=0x00000000
     263385.000 ns	     26337	800057f0	03655233	divu	x4,x10,x22	 x10:0xa0be1c40 x22:0x00000000  x4=0xffffffff
     263405.000 ns	     26339	800057f4	003103b3	add	x7,x2,x3	  x2:0x00000001  x3:0x00000001  x7=0x00000002
     263415.000 ns	     26340	800057f8	00b83033	sltu	x0,x16,x11	 x16:0x80040fe4 x11:0x55f41e00
     263435.000 ns	     26342	800057fc	214aaad3	fsgnjx.s	f21,f21,f20	 f21:0x7fc00000 f20:0x00000001 f21=0x7fc00000
     263465.000 ns	     26345	80005800	297b81d3	fmin.s	f3,f23,f23	 f23:0x00000200 f23:0x00000200  f3=0x00000200
     263515.000 ns	     26350	80005804	004ff653	fadd.s	f12,f31,f4	 f31:0x7fc00000  f4:0x7f800000 f12=0x7fc00000
     263545.000 ns	     26353	80005808	02deb533	mulhu	x10,x29,x13	 x29:0x00000040 x13:0x00000000 x10=0x00000000
     263585.000 ns	     26357	8000580c	580289d3	fsqrt.s	f19,f5	  f5:0x7fc00000 f19=0x7fc00000
     263605.000 ns	     26359	80005810	8a3f2113	slti	x2,x30,-1885	 x30:0x7fffffff  x2=0x00000000
     263625.000 ns	     26361	80005814	2120ac53	fsgnjx.s	f24,f1,f18	  f1:0x0000003f f18:0x3f800000 f24=0x0000003f
     263645.000 ns	     26363	80005818	419d84b3	sub	x9,x27,x25	 x27:0xf9af2af0 x25:0x00000001  x9=0xf9af2aef
     263655.000 ns	     26364	8000581c	01739ab3	sll	x21,x7,x23	  x7:0x00000002 x23:0x00000040 x21=0x00000002
     263665.000 ns	     26365	80005820	01c087b3	add	x15,x1,x28	  x1:0x1c576000 x28:0x00000000 x15=0x1c576000
     263685.000 ns	     26367	80005824	d00f73d3	fcvt.s.w	f7,x30	 x30:0x7fffffff  f7=0x4effffff
     263705.000 ns	     26369	80005828	41925b13	srai	x22,x4,0x19	  x4:0xffffffff x22=0xffffffff
     264065.000 ns	     26405	8000582c	0300c5b3	div	x11,x1,x16	  x1:0x1c576000 x16:0x80040fe4 x11=0x00000000
     264095.000 ns	     26408	80005830	e00d9653	fclass.s	x12,f27	 f27:0x7f800000 x12=0x00000080
     264115.000 ns	     26410	80005834	01fc5cb3	srl	x25,x24,x31	 x24:0x00000024 x31:0x0000003f x25=0x00000000
     264155.000 ns	     26414	80005838	08f622d3	fsub.s	f5,f12,f15	 f12:0x7fc00000 f15:0x4e2dbb83  f5=0x7fc00000
     264185.000 ns	     26417	8000583c	02ad38b3	mulhu	x17,x26,x10	 x26:0x00000000 x10:0x00000000 x17=0x00000000
     264215.000 ns	     26420	80005840	a0eb91d3	flt.s	x3,f23,f14	 f23:0x00000200 f14:0x80000000  x3=0x00000000
     264245.000 ns	     26423	80005844	d0077853	fcvt.s.w	f16,x14	 x14:0x00000000 f16=0x00000000
     264265.000 ns	     26425	80005848	40dfd433	sra	x8,x31,x13	 x31:0x0000003f x13:0x00000000  x8=0x0000003f
     264285.000 ns	     26427	8000584c	c0087e53	fcvt.w.s	x28,f16	 f16:0x00000000 x28=0x00000000
     264305.000 ns	     26429	80005850	01ae45b3	xor	x11,x28,x26	 x28:0x00000000 x26:0x00000000 x11=0x00000000
     264315.000 ns	     26430	80005854	01e31b33	sll	x22,x6,x30	  x6:0x00000000 x30:0x7fffffff x22=0x00000000
     264335.000 ns	     26432	80005858	a1fb8053	fle.s	x0,f23,f31	 f23:0x00000200 f31:0x7fc00000
     264355.000 ns	     26434	8000585c	01b978b3	and	x17,x18,x27	 x18:0x2b6ee0d0 x27:0xf9af2af0 x17=0x292e20d0
     264365.000 ns	     26435	80005860	8fbaa8b7	lui	x17,0x8fbaa	 x17=0x8fbaa000
     264375.000 ns	     26436	80005864	0977f613	andi	x12,x15,151	 x15:0x1c576000 x12=0x00000000
     264385.000 ns	     26437	80005868	00a36bb3	or	x23,x6,x10	  x6:0x00000000 x10:0x00000000 x23=0x00000000
     264395.000 ns	     26438	8000586c	b9530f93	addi	x31,x6,-1131	  x6:0x00000000 x31=0xfffffb95
     264415.000 ns	     26440	80005870	f0040253	fmv.w.x	f4,x8	  x8:0x0000003f  f4=0x0000003f
     264445.000 ns	     26443	80005874	02432e33	mulhsu	x28,x6,x4	  x6:0x00000000  x4:0xffffffff x28=0x00000000
     264465.000 ns	     26445	80005878	001b39b3	sltu	x19,x22,x1	 x22:0x00000000  x1:0x1c576000 x19=0x00000001
     264505.000 ns	     26449	8000587c	09604f53	fsub.s	f30,f0,f22	  f0:0x4e870394 f22:0xce2dbb83 f30=0x4edde156
     264535.000 ns	     26452	80005880	f0048653	fmv.w.x	f12,x9	  x9:0xf9af2aef f12=0xf9af2aef
     264565.000 ns	     26455	80005884	20202ed3	fsgnjx.s	f29,f0,f2	  f0:0x4e870394  f2:0x00000001 f29=0x4e870394
     264595.000 ns	     26458	80005888	03bc8533	mul	x10,x25,x27	 x25:0x00000000 x27:0xf9af2af0 x10=0x00000000
     265775.000 ns	     26576	8000588c	58097c53	fsqrt.s	f24,f18	 f18:0x3f800000 f24=0x3f7fffae
     265805.000 ns	     26579	80005890	295002d3	fmin.s	f5,f0,f21	  f0:0x4e870394 f21:0x7fc00000  f5=0x4e870394
     265825.000 ns	     26581	80005894	01ee7ab3	and	x21,x28,x30	 x28:0x00000000 x30:0x7fffffff x21=0x00000000
     265845.000 ns	     26583	80005898	29041053	fmax.s	f0,f8,f16	  f8:0x00000000 f16:0x00000000  f0=0x00000000
     265865.000 ns	     26585	8000589c	bf58a237	lui	x4,0xbf58a	  x4=0xbf58a000
     265885.000 ns	     26587	800058a0	202d8ad3	fsgnj.s	f21,f27,f2	 f27:0x7f800000  f2:0x00000001 f21=0x7f800000
     265915.000 ns	     26590	800058a4	211026d3	fsgnjx.s	f13,f0,f17	  f0:0x00000000 f17:0x4f79af2a f13=0x00000000
     265935.000 ns	     26592	800058a8	00e11013	slli	x0,x2,0xe	  x2:0x00000000
     265955.000 ns	     26594	800058ac	a0489753	flt.s	x14,f17,f4	 f17:0x4f79af2a  f4:0x0000003f x14=0x00000000
     265985.000 ns	     26597	800058b0	295f0653	fmin.s	f12,f30,f21	 f30:0x4edde156 f21:0x7f800000 f12=0x4edde156
     266355.000 ns	     26634	800058b4	02f74933	div	x18,x14,x15	 x14:0x00000000 x15:0x1c576000 x18=0x00000000
     266375.000 ns	     26636	800058b8	01143533	sltu	x10,x8,x17	  x8:0x0000003f x17:0x8fbaa000 x10=0x00000001
     266385.000 ns	     26637	800058bc	01e177b3	and	x15,x2,x30	  x2:0x00000000 x30:0x7fffffff x15=0x00000000
     266405.000 ns	     26639	800058c0	02358733	mul	x14,x11,x3	 x11:0x00000000  x3:0x00000000 x14=0x00000000
     266775.000 ns	     26676	800058c4	031ff1b3	remu	x3,x31,x17	 x31:0xfffffb95 x17:0x8fbaa000  x3=0x70455b95
     266795.000 ns	     26678	800058c8	2a4aca13	xori	x20,x21,676	 x21:0x00000000 x20=0x000002a4
     266815.000 ns	     26680	800058cc	034e9d33	mulh	x26,x29,x20	 x29:0x00000040 x20:0xf7af3b2a x26=0x00000000
     266845.000 ns	     26683	800058d0	02ea9d33	mulh	x26,x21,x14	 x21:0x00000000 x14:0x00000000 x26=0x00000000
     266875.000 ns	     26686	800058d4	a0261a53	flt.s	x20,f12,f2	 f12:0x4edde156  f2:0x00000001 x20=0x00000000
     266895.000 ns	     26688	800058d8	f9786c93	ori	x25,x16,-105	 x16:0x80040fe4 x25=0xfffffff7
     266905.000 ns	     26689	800058dc	011ac8b3	xor	x17,x21,x17	 x21:0x00000000 x17:0x8fbaa000 x17=0x8fbaa000
     266925.000 ns	     26691	800058e0	e0048053	fmv.x.w	x0,f9	  f9:0x00000000
     266945.000 ns	     26693	800058e4	01256fb3	or	x31,x10,x18	 x10:0x00000001 x18:0x00000000 x31=0x00000001
     266985.000 ns	     26697	800058e8	08bb7e53	fsub.s	f28,f22,f11	 f22:0xce2dbb83 f11:0x80000000 f28=0xce2dbb83
     267005.000 ns	     26699	800058ec	41a60cb3	sub	x25,x12,x26	 x12:0x00000000 x26:0x00000000 x25=0x00000000
     267025.000 ns	     26701	800058f0	032b3ab3	mulhu	x21,x22,x18	 x22:0x00000000 x18:0x00000000 x21=0x00000000
     267045.000 ns	     26703	800058f4	06244793	xori	x15,x8,98	  x8:0x0000003f x15=0x0000005d
     267065.000 ns	     26705	800058f8	0375dcb3	divu	x25,x11,x23	 x11:0x00000000 x23:0x00000000 x25=0xffffffff
     267085.000 ns	     26707	800058fc	00cdc3b3	xor	x7,x27,x12	 x27:0xf9af2af0 x12:0x00000000  x7=0xf9af2af0
     267105.000 ns	     26709	80005900	a1f80453	fle.s	x8,f16,f31	 f16:0x00000000 f31:0x7fc00000  x8=0x00000000
     267125.000 ns	     26711	80005904	00082cb3	slt	x25,x16,x0	 x16:0x80040fe4  x0:0x00000000 x25=0x00000001
     267135.000 ns	     26712	80005908	f85e7f93	andi	x31,x28,-123	 x28:0x00000000 x31=0x00000000
     267155.000 ns	     26714	8000590c	03458133	mul	x2,x11,x20	 x11:0x00000000 x20:0x00000000  x2=0x00000000
     267185.000 ns	     26717	80005910	28e397d3	fmax.s	f15,f7,f14	  f7:0x4effffff f14:0x80000000 f15=0x4effffff
     267205.000 ns	     26719	80005914	01289393	slli	x7,x17,0x12	 x17:0x8fbaa000  x7=0x80000000
     267245.000 ns	     26723	80005918	01e379d3	fadd.s	f19,f6,f30	  f6:0xff800000 f30:0x4edde156 f19=0xff800000
     267295.000 ns	     26728	8000591c	017974d3	fadd.s	f9,f18,f23	 f18:0x3f800000 f23:0x00000200  f9=0x3f800000
     267315.000 ns	     26730	80005920	d9a78417	auipc	x8,0xd9a78	  x8=0x59a7d920
     267325.000 ns	     26731	80005924	00000013	addi	x0,x0,0	  x0:0x00000000
     267345.000 ns	     26733	80005928	036b9933	mulh	x18,x23,x22	 x23:0x00000000 x22:0x00000000 x18=0x00000000
     267365.000 ns	     26735	8000592c	01ed5e93	srli	x29,x26,0x1e	 x26:0x00000000 x29=0x00000000
     267375.000 ns	     26736	80005930	32616b93	ori	x23,x2,806	  x2:0x00000000 x23=0x00000326
     267395.000 ns	     26738	80005934	20d317d3	fsgnjn.s	f15,f6,f13	  f6:0xff800000 f13:0x00000000 f15=0xff800000
     267415.000 ns	     26740	80005938	c603fe93	andi	x29,x7,-928	  x7:0x80000000 x29=0x80000000
     267425.000 ns	     26741	8000593c	6828f113	andi	x2,x17,1666	 x17:0x8fbaa000  x2=0x00000000
     267435.000 ns	     26742	80005940	01c96333	or	x6,x18,x28	 x18:0x00000000 x28:0x00000000  x6=0x00000000
     267795.000 ns	     26778	80005944	023f67b3	rem	x15,x30,x3	 x30:0x7fffffff  x3:0x70455b95 x15=0x0fbaa46a
     267845.000 ns	     26783	80005948	010439d3	fadd.s	f19,f8,f16	  f8:0x00000000 f16:0x00000000 f19=0x00000000
     267875.000 ns	     26786	8000594c	a0c49cd3	flt.s	x25,f9,f12	  f9:0x3f800000 f12:0x4edde156 x25=0x00000001
     267905.000 ns	     26789	80005950	28b99fd3	fmax.s	f31,f19,f11	 f19:0x00000000 f11:0x80000000 f31=0x00000000
     267955.000 ns	     26794	80005954	005e2753	fadd.s	f14,f28,f5	 f28:0xce2dbb83  f5:0x4e870394 f14=0x4dc09748
     268005.000 ns	     26799	80005958	08b3f653	fsub.s	f12,f7,f11	  f7:0x4effffff f11:0x80000000 f12=0x4effffff
     268035.000 ns	     26802	8000595c	c00f7ed3	fcvt.w.s	x29,f30	 f30:0x4edde156 x29=0x6ef0ab00
     268055.000 ns	     26804	80005960	41d057b3	sra	x15,x0,x29	  x0:0x00000000 x29:0x80000000 x15=0x00000000
     268075.000 ns	     26806	80005964	0313bd33	mulhu	x26,x7,x17	  x7:0x80000000 x17:0x8fbaa000 x26=0x47dd5000
     268105.000 ns	     26809	80005968	03358133	mul	x2,x11,x19	 x11:0x00000000 x19:0x00000001  x2=0x00000000
     268135.000 ns	     26812	8000596c	a1c595d3	flt.s	x11,f11,f28	 f11:0x80000000 f28:0xce2dbb83 x11=0x00000000
     268185.000 ns	     26817	80005970	0929f5d3	fsub.s	f11,f19,f18	 f19:0x00000000 f18:0x3f800000 f11=0xbf800000
     268215.000 ns	     26820	80005974	03f6e9b3	rem	x19,x13,x31	 x13:0x00000000 x31:0x00000000 x19=0x00000000
     268235.000 ns	     26822	80005978	89e05937	lui	x18,0x89e05	 x18=0x89e05000
     268245.000 ns	     26823	8000597c	01014c33	xor	x24,x2,x16	  x2:0x00000000 x16:0x80040fe4 x24=0x80040fe4
     268605.000 ns	     26859	80005980	032efe33	remu	x28,x29,x18	 x29:0x6ef0ab00 x18:0x00000000 x28=0x6ef0ab00
     268625.000 ns	     26861	80005984	00549733	sll	x14,x9,x5	  x9:0xf9af2aef  x5:0x80041024 x14=0x9af2aef0
     268635.000 ns	     26862	80005988	01eed0b3	srl	x1,x29,x30	 x29:0x6ef0ab00 x30:0x7fffffff  x1=0x00000000
     268675.000 ns	     26866	8000598c	01c6f453	fadd.s	f8,f13,f28	 f13:0x00000000 f28:0xce2dbb83  f8=0xce2dbb83
     268705.000 ns	     26869	80005990	c0197353	fcvt.wu.s	x6,f18	 f18:0x3f800000  x6=0x00000001
     268725.000 ns	     26871	80005994	006760b3	or	x1,x14,x6	 x14:0x9af2aef0  x6:0x00000000  x1=0x9af2aef1
     268745.000 ns	     26873	80005998	f00a0353	fmv.w.x	f6,x20	 x20:0x00000000  f6=0x00000000
     268765.000 ns	     26875	8000599c	4085db33	sra	x22,x11,x8	 x11:0x00000000  x8:0x59a7d920 x22=0x00000000
     268775.000 ns	     26876	800059a0	0080e133	or	x2,x1,x8	  x1:0x9af2aef1  x8:0x59a7d920  x2=0xdbf7fff1
     268795.000 ns	     26878	800059a4	f00d0653	fmv.w.x	f12,x26	 x26:0x47dd5000 f12=0x47dd5000
     268825.000 ns	     26881	800059a8	20348c53	fsgnj.s	f24,f9,f3	  f9:0x3f800000  f3:0x00000200 f24=0x3f800000
     268855.000 ns	     26884	800059ac	03fa49b3	div	x19,x20,x31	 x20:0x00000000 x31:0x00000000 x19=0xffffffff
     268885.000 ns	     26887	800059b0	c00e8ed3	fcvt.w.s	x29,f29	 f29:0x4e870394 x29=0x4381ca00
     268915.000 ns	     26890	800059b4	0385a4b3	mulhsu	x9,x11,x24	 x11:0x00000000 x24:0x80040fe4  x9=0x00000000
     268945.000 ns	     26893	800059b8	21688cd3	fsgnj.s	f25,f17,f22	 f17:0x4f79af2a f22:0xce2dbb83 f25=0xcf79af2a
     268965.000 ns	     26895	800059bc	01aaea13	ori	x20,x21,26	 x21:0x00000000 x20=0x0000001a
     268985.000 ns	     26897	800059c0	205c2f53	fsgnjx.s	f30,f24,f5	 f24:0x3f800000  f5:0x4e870394 f30=0x3f800000
     269005.000 ns	     26899	800059c4	40a9dfb3	sra	x31,x19,x10	 x19:0xffffffff x10:0x00000001 x31=0xffffffff
     269015.000 ns	     26900	800059c8	00cccfb3	xor	x31,x25,x12	 x25:0x00000001 x12:0x00000000 x31=0x00000001
     269035.000 ns	     26902	800059cc	a017aed3	feq.s	x29,f15,f1	 f15:0xff800000  f1:0x0000003f x29=0x00000000
     269065.000 ns	     26905	800059d0	28151653	fmax.s	f12,f10,f1	 f10:0x00000000  f1:0x0000003f f12=0x0000003f
     269085.000 ns	     26907	800059d4	01b5b533	sltu	x10,x11,x27	 x11:0x00000000 x27:0xf9af2af0 x10=0x00000001
     269105.000 ns	     26909	800059d8	e00387d3	fmv.x.w	x15,f7	  f7:0x4effffff x15=0x4effffff
     269125.000 ns	     26911	800059dc	00000013	addi	x0,x0,0	  x0:0x00000000
     269135.000 ns	     26912	800059e0	00895613	srli	x12,x18,0x8	 x18:0x89e05000 x12=0x0089e050
     269155.000 ns	     26914	800059e4	027113b3	mulh	x7,x2,x7	  x2:0xdbf7fff1  x7:0x80000000  x7=0x12040007
     269175.000 ns	     26916	800059e8	00d65213	srli	x4,x12,0xd	 x12:0x00000000  x4=0x0000044f
     269185.000 ns	     26917	800059ec	33614193	xori	x3,x2,822	  x2:0xdbf7fff1  x3=0xdbf7fcc7
     269205.000 ns	     26919	800059f0	e00d1053	fclass.s	x0,f26	 f26:0xbf800000
     269225.000 ns	     26921	800059f4	895a3713	sltiu	x14,x20,-1899	 x20:0x0000001a x14=0x00000001
     269585.000 ns	     26957	800059f8	0215f1b3	remu	x3,x11,x1	 x11:0x00000000  x1:0x9af2aef1  x3=0x00000000
     269615.000 ns	     26960	800059fc	a0611953	flt.s	x18,f2,f6	  f2:0x00000001  f6:0x00000000 x18=0x00000000
     269635.000 ns	     26962	80005a00	a41d4013	xori	x0,x26,-1471	 x26:0x47dd5000
     269655.000 ns	     26964	80005a04	034f28b3	mulhsu	x17,x30,x20	 x30:0x7fffffff x20:0x0000001a x17=0x0000000c
     269675.000 ns	     26966	80005a08	7ed1f093	andi	x1,x3,2029	  x3:0x00000000  x1=0x00000000
     269685.000 ns	     26967	80005a0c	4024d133	sra	x2,x9,x2	  x9:0x00000000  x2:0xdbf7fff1  x2=0x00000000
     269705.000 ns	     26969	80005a10	03a01533	mulh	x10,x0,x26	  x0:0x00000000 x26:0x47dd5000 x10=0x00000000
     269735.000 ns	     26972	80005a14	03fc0ab3	mul	x21,x24,x31	 x24:0x80040fe4 x31:0x00000001 x21=0x80040fe4
     269755.000 ns	     26974	80005a18	a6682f97	auipc	x31,0xa6682	 x31=0x26687a18
     269785.000 ns	     26977	80005a1c	58047bd3	fsqrt.s	f23,f8	  f8:0xce2dbb83 f23=0x7fc00000
     269825.000 ns	     26981	80005a20	580ff553	fsqrt.s	f10,f31	 f31:0x00000000 f10=0x00000000
     269855.000 ns	     26984	80005a24	a03f1353	flt.s	x6,f30,f3	 f30:0x3f800000  f3:0x00000200  x6=0x00000000
     269875.000 ns	     26986	80005a28	bf08a713	slti	x14,x17,-1040	 x17:0x0000000c x14=0x00000000
     269885.000 ns	     26987	80005a2c	a0e88113	addi	x2,x17,-1522	 x17:0x0000000c  x2=0xfffffa1a
     269905.000 ns	     26989	80005a30	03d08933	mul	x18,x1,x29	  x1:0x00000000 x29:0x00000000 x18=0x00000000
     269955.000 ns	     26994	80005a34	094ef4d3	fsub.s	f9,f29,f20	 f29:0x4e870394 f20:0x00000001  f9=0x4e870394
     270325.000 ns	     27031	80005a38	03e24eb3	div	x29,x4,x30	  x4:0x0000044f x30:0x7fffffff x29=0x00000000
     270345.000 ns	     27033	80005a3c	00d35733	srl	x14,x6,x13	  x6:0x00000000 x13:0x00000000 x14=0x00000000
     270355.000 ns	     27034	80005a40	66053193	sltiu	x3,x10,1632	 x10:0x00000000  x3=0x00000001
     270365.000 ns	     27035	80005a44	75ccc097	auipc	x1,0x75ccc	  x1=0xf5cd1a44
     270725.000 ns	     27071	80005a48	0352f4b3	remu	x9,x5,x21	  x5:0x80041024 x21:0x80040fe4  x9=0x00000040
     270755.000 ns	     27074	80005a4c	285a1bd3	fmax.s	f23,f20,f5	 f20:0x00000001  f5:0x4e870394 f23=0x4e870394
     271125.000 ns	     27111	80005a50	028155b3	divu	x11,x2,x8	  x2:0xfffffa1a  x8:0x59a7d920 x11=0x00000002
     271155.000 ns	     27114	80005a54	02232133	mulhsu	x2,x6,x2	  x6:0x00000000  x2:0xfffffa1a  x2=0x00000000
     271175.000 ns	     27116	80005a58	00603533	sltu	x10,x0,x6	  x0:0x00000000  x6:0x00000000 x10=0x00000000
     271185.000 ns	     27117	80005a5c	008f1d13	slli	x26,x30,0x8	 x30:0x7fffffff x26=0xffffff00
     271545.000 ns	     27153	80005a60	02cccf33	div	x30,x25,x12	 x25:0x00000001 x12:0x0089e050 x30=0x00000000
     271565.000 ns	     27155	80005a64	01819933	sll	x18,x3,x24	  x3:0x00000001 x24:0x80040fe4 x18=0x00000010
     271585.000 ns	     27157	80005a68	03ca1033	mulh	x0,x20,x28	 x20:0x0000001a x28:0x6ef0ab00
     271955.000 ns	     27194	80005a6c	03555eb3	divu	x29,x10,x21	 x10:0x00000000 x21:0x80040fe4 x29=0x00000000
     271975.000 ns	     27196	80005a70	410cd593	srai	x11,x25,0x10	 x25:0x00000001 x11=0x00000000
     271985.000 ns	     27197	80005a74	5f332093	slti	x1,x6,1523	  x6:0x00000000  x1=0x00000001
     272315.000 ns	     27230	80005a78	19247c53	fdiv.s	f24,f8,f18	  f8:0xce2dbb83 f18:0x3f800000 f24=0xce2dbafb
     272345.000 ns	     27233	80005a7c	d00748d3	fcvt.s.w	f17,x14	 x14:0x00000000 f17=0x00000000
     272365.000 ns	     27235	80005a80	01255693	srli	x13,x10,0x12	 x10:0x00000000 x13=0x00000000
     272375.000 ns	     27236	80005a84	006e8433	add	x8,x29,x6	 x29:0x00000000  x6:0x00000000  x8=0x00000000
     272395.000 ns	     27238	80005a88	024a05b3	mul	x11,x20,x4	 x20:0x0000001a  x4:0x0000044f x11=0x00007006
     272435.000 ns	     27242	80005a8c	58030453	fsqrt.s	f8,f6	  f6:0x00000000  f8=0x00000000
     272455.000 ns	     27244	80005a90	f90ce993	ori	x19,x25,-112	 x25:0x00000001 x19=0xffffff91
     272465.000 ns	     27245	80005a94	0058e033	or	x0,x17,x5	 x17:0x0000000c  x5:0x80041024
     272475.000 ns	     27246	80005a98	96fc2f13	slti	x30,x24,-1681	 x24:0x80040fe4 x30=0x00000001
     272485.000 ns	     27247	80005a9c	00735f33	srl	x30,x6,x7	  x6:0x00000000  x7:0x12040007 x30=0x00000000
     272495.000 ns	     27248	80005aa0	006f5633	srl	x12,x30,x6	 x30:0x00000000  x6:0x00000000 x12=0x00000000
     272855.000 ns	     27284	80005aa4	02fa51b3	divu	x3,x20,x15	 x20:0x0000001a x15:0x4effffff  x3=0x00000000
     272875.000 ns	     27286	80005aa8	412608b3	sub	x17,x12,x18	 x12:0x0089e050 x18:0x00000010 x17=0xfffffff0
     272895.000 ns	     27288	80005aac	a0022053	feq.s	x0,f4,f0	  f4:0x0000003f  f0:0x00000000
     273265.000 ns	     27325	80005ab0	0240eeb3	rem	x29,x1,x4	  x1:0x00000001  x4:0x0000044f x29=0x00000001
     273285.000 ns	     27327	80005ab4	00b2ebb3	or	x23,x5,x11	  x5:0x80041024 x11:0x00007006 x23=0x80047026
     273305.000 ns	     27329	80005ab8	211a0b53	fsgnj.s	f22,f20,f17	 f20:0x00000001 f17:0x00000000 f22=0x00000001
     273325.000 ns	     27331	80005abc	003b16b3	sll	x13,x22,x3	 x22:0x00000000  x3:0x00000000 x13=0x00000000
     273335.000 ns	     27332	80005ac0	8b2ed537	lui	x10,0x8b2ed	 x10=0x8b2ed000
     273345.000 ns	     27333	80005ac4	e5d6e793	ori	x15,x13,-419	 x13:0x00000000 x15=0xfffffe5d
     273675.000 ns	     27366	80005ac8	19ae1ed3	fdiv.s	f29,f28,f26	 f28:0xce2dbb83 f26:0xbf800000 f29=0x4db3aa22
     273695.000 ns	     27368	80005acc	00c8b333	sltu	x6,x17,x12	 x17:0xfffffff0 x12:0x00000000  x6=0x00000000
     273715.000 ns	     27370	80005ad0	03aa9e33	mulh	x28,x21,x26	 x21:0x80040fe4 x26:0xffffff00 x28=0x0000007f
     273735.000 ns	     27372	80005ad4	41a5d333	sra	x6,x11,x26	 x11:0x00007006 x26:0xffffff00  x6=0x00007006
     273745.000 ns	     27373	80005ad8	308c6137	lui	x2,0x308c6	  x2=0x308c6000
     273765.000 ns	     27375	80005adc	c01974d3	fcvt.wu.s	x9,f18	 f18:0x3f800000  x9=0x00000001
     273795.000 ns	     27378	80005ae0	c015f653	fcvt.wu.s	x12,f11	 f11:0xbf800000 x12=0x00000001
     273825.000 ns	     27381	80005ae4	023130b3	mulhu	x1,x2,x3	  x2:0x308c6000  x3:0x00000000  x1=0x00000000
     273875.000 ns	     27386	80005ae8	0877f6d3	fsub.s	f13,f15,f7	 f15:0xff800000  f7:0x4effffff f13=0xff800000
     273895.000 ns	     27388	80005aec	00f91a13	slli	x20,x18,0xf	 x18:0x00000010 x20=0x00080000
     274255.000 ns	     27424	80005af0	02ba6233	rem	x4,x20,x11	 x20:0x0000001a x11:0x00007006  x4=0x00001f94
     274275.000 ns	     27426	80005af4	a7fff513	andi	x10,x31,-1409	 x31:0x26687a18 x10=0x26687a18
     274285.000 ns	     27427	80005af8	00000013	addi	x0,x0,0	  x0:0x00000000
     274295.000 ns	     27428	80005afc	204e5e37	lui	x28,0x204e5	 x28=0x204e5000
     274315.000 ns	     27430	80005b00	0200fab3	remu	x21,x1,x0	  x1:0x00000000  x0:0x00000000 x21=0x00000000
     274355.000 ns	     27434	80005b04	11480453	fmul.s	f8,f16,f20	 f16:0x00000000 f20:0x00000001  f8=0x00000000
     274385.000 ns	     27437	80005b08	a0b003d3	fle.s	x7,f0,f11	  f0:0x00000000 f11:0xbf800000  x7=0x00000000
     274405.000 ns	     27439	80005b0c	011c5b33	srl	x22,x24,x17	 x24:0x80040fe4 x17:0xfffffff0 x22=0x00008004
     274415.000 ns	     27440	80005b10	00256033	or	x0,x10,x2	 x10:0x26687a18  x2:0x308c6000
     274435.000 ns	     27442	80005b14	21a30953	fsgnj.s	f18,f6,f26	  f6:0x00000000 f26:0xbf800000 f18=0x80000000
     274465.000 ns	     27445	80005b18	a1b5a5d3	feq.s	x11,f11,f27	 f11:0xbf800000 f27:0x7f800000 x11=0x00000000
     274485.000 ns	     27447	80005b1c	98ac3313	sltiu	x6,x24,-1654	 x24:0x80040fe4  x6=0x00000001
     274505.000 ns	     27449	80005b20	284401d3	fmin.s	f3,f8,f4	  f8:0x00000000  f4:0x0000003f  f3=0x00000000
     274875.000 ns	     27486	80005b24	02c34e33	div	x28,x6,x12	  x6:0x00007006 x12:0x00000001 x28=0x00000001
     274895.000 ns	     27488	80005b28	006a9113	slli	x2,x21,0x6	 x21:0x00000000  x2=0x00000000
     275255.000 ns	     27524	80005b2c	03d7c433	div	x8,x15,x29	 x15:0xfffffe5d x29:0x00000001  x8=0xfffffe5d
     275275.000 ns	     27526	80005b30	b01a4b13	xori	x22,x20,-1279	 x20:0x00080000 x22=0xfff7fb01
     275635.000 ns	     27562	80005b34	03d9c133	div	x2,x19,x29	 x19:0xffffff91 x29:0x00000001  x2=0xffffff91
     275655.000 ns	     27564	80005b38	f3f7a393	slti	x7,x15,-193	 x15:0xfffffe5d  x7=0x00000001
     275665.000 ns	     27565	80005b3c	00985d33	srl	x26,x16,x9	 x16:0x80040fe4  x9:0x00000001 x26=0x400207f2
     275685.000 ns	     27567	80005b40	21a90d53	fsgnj.s	f26,f18,f26	 f18:0x80000000 f26:0xbf800000 f26=0x80000000
     275715.000 ns	     27570	80005b44	c0167e53	fcvt.wu.s	x28,f12	 f12:0x0000003f x28=0x00000000
     275735.000 ns	     27572	80005b48	fea5ce13	xori	x28,x11,-22	 x11:0x00000000 x28=0xffffffea
     275755.000 ns	     27574	80005b4c	d0157fd3	fcvt.s.wu	f31,x10	 x10:0x26687a18 f31=0x4e19a1e8
     275775.000 ns	     27576	80005b50	00000013	addi	x0,x0,0	  x0:0x00000000
     275795.000 ns	     27578	80005b54	02127333	remu	x6,x4,x1	  x4:0x00001f94  x1:0x00000000  x6=0x00001f94
     275825.000 ns	     27581	80005b58	03c73333	mulhu	x6,x14,x28	 x14:0x00000000 x28:0xffffffea  x6=0x00000000
     275855.000 ns	     27584	80005b5c	e00594d3	fclass.s	x9,f11	 f11:0xbf800000  x9=0x00000002
     275885.000 ns	     27587	80005b60	f0028dd3	fmv.w.x	f27,x5	  x5:0x80041024 f27=0x80041024
     275915.000 ns	     27590	80005b64	29779c53	fmax.s	f24,f15,f23	 f15:0xff800000 f23:0x4e870394 f24=0x4e870394
     275945.000 ns	     27593	80005b68	c0137a53	fcvt.wu.s	x20,f6	  f6:0x00000000 x20=0x00000000
     275965.000 ns	     27595	80005b6c	00461933	sll	x18,x12,x4	 x12:0x00000001  x4:0x00001f94 x18=0x00100000
     275995.000 ns	     27598	80005b70	19e985d3	fdiv.s	f11,f19,f30	 f19:0x00000000 f30:0x3f800000 f11=0x00000000
     276025.000 ns	     27601	80005b74	21fb8453	fsgnj.s	f8,f23,f31	 f23:0x4e870394 f31:0x4e19a1e8  f8=0x4e870394
     276045.000 ns	     27603	80005b78	22406593	ori	x11,x0,548	  x0:0x00000000 x11=0x00000224
     276055.000 ns	     27604	80005b7c	9977cc13	xori	x24,x15,-1641	 x15:0xfffffe5d x24=0x000007ca
     276075.000 ns	     27606	80005b80	c012fed3	fcvt.wu.s	x29,f5	  f5:0x4e870394 x29=0x4381ca00
     276095.000 ns	     27608	80005b84	00000013	addi	x0,x0,0	  x0:0x00000000
     276125.000 ns	     27611	80005b88	195b19d3	fdiv.s	f19,f22,f21	 f22:0x00000001 f21:0x7f800000 f19=0x00000000
     276495.000 ns	     27648	80005b8c	02c8e633	rem	x12,x17,x12	 x17:0xfffffff0 x12:0x00000001 x12=0x00000000
     276515.000 ns	     27650	80005b90	c4817493	andi	x9,x2,-952	  x2:0xffffff91  x9=0xfffffc00
     276875.000 ns	     27686	80005b94	03d143b3	div	x7,x2,x29	  x2:0xffffff91 x29:0x4381ca00  x7=0x00000000
     276905.000 ns	     27689	80005b98	a0ba84d3	fle.s	x9,f21,f11	 f21:0x7f800000 f11:0x00000000  x9=0x00000000
     276925.000 ns	     27691	80005b9c	01a8f033	and	x0,x17,x26	 x17:0xfffffff0 x26:0x400207f2
     276945.000 ns	     27693	80005ba0	203421d3	fsgnjx.s	f3,f8,f3	  f8:0x4e870394  f3:0x00000000  f3=0x4e870394
     276975.000 ns	     27696	80005ba4	c00973d3	fcvt.w.s	x7,f18	 f18:0x80000000  x7=0x00000000
     277015.000 ns	     27700	80005ba8	10b24153	fmul.s	f2,f4,f11	  f4:0x0000003f f11:0x00000000  f2=0x00000000
     277045.000 ns	     27703	80005bac	02fc2ab3	mulhsu	x21,x24,x15	 x24:0x000007ca x15:0xfffffe5d x21=0x000007c9
     277075.000 ns	     27706	80005bb0	e0001bd3	fclass.s	x23,f0	  f0:0x00000000 x23=0x00000010
     277095.000 ns	     27708	80005bb4	41c154b3	sra	x9,x2,x28	  x2:0xffffff91 x28:0xffffffea  x9=0xffffffff
     277105.000 ns	     27709	80005bb8	01bb5e33	srl	x28,x22,x27	 x22:0xfff7fb01 x27:0xf9af2af0 x28=0x0000fff7
     277125.000 ns	     27711	80005bbc	e0058553	fmv.x.w	x10,f11	 f11:0x00000000 x10=0x00000000
     277145.000 ns	     27713	80005bc0	41eed913	srai	x18,x29,0x1e	 x29:0x4381ca00 x18=0x00000001
     277155.000 ns	     27714	80005bc4	409189b3	sub	x19,x3,x9	  x3:0x00000000  x9:0xffffffff x19=0x00000001
     277175.000 ns	     27716	80005bc8	02c09fb3	mulh	x31,x1,x12	  x1:0x00000000 x12:0x00000000 x31=0x00000000
     277215.000 ns	     27720	80005bcc	5805fe53	fsqrt.s	f28,f11	 f11:0x00000000 f28=0x00000000
     277245.000 ns	     27723	80005bd0	294304d3	fmin.s	f9,f6,f20	  f6:0x00000000 f20:0x00000001  f9=0x00000000
     277265.000 ns	     27725	80005bd4	01ab9893	slli	x17,x23,0x1a	 x23:0x00000010 x17=0x40000000
     277285.000 ns	     27727	80005bd8	d0192053	fcvt.s.wu	f0,x18	 x18:0x00000001  f0=0x3f800000
     277655.000 ns	     27764	80005bdc	03a2d433	divu	x8,x5,x26	  x5:0x80041024 x26:0x400207f2  x8=0x00000002
     277675.000 ns	     27766	80005be0	00000013	addi	x0,x0,0	  x0:0x00000000
     277685.000 ns	     27767	80005be4	01ffbfb3	sltu	x31,x31,x31	 x31:0x00000000 x31:0x00000000 x31=0x00000000
     277705.000 ns	     27769	80005be8	039a0fb3	mul	x31,x20,x25	 x20:0x00000000 x25:0x00000001 x31=0x00000000
     277735.000 ns	     27772	80005bec	287b1553	fmax.s	f10,f22,f7	 f22:0x00000001  f7:0x4effffff f10=0x4effffff
     277765.000 ns	     27775	80005bf0	29b19fd3	fmax.s	f31,f3,f27	  f3:0x4e870394 f27:0x80041024 f31=0x4e870394
     277785.000 ns	     27777	80005bf4	23672637	lui	x12,0x23672	 x12=0x23672000
     277805.000 ns	     27779	80005bf8	f00106d3	fmv.w.x	f13,x2	  x2:0xffffff91 f13=0xffffff91
     277845.000 ns	     27783	80005bfc	58097653	fsqrt.s	f12,f18	 f18:0x80000000 f12=0x80000000
     277875.000 ns	     27786	80005c00	21210a53	fsgnj.s	f20,f2,f18	  f2:0x00000000 f18:0x80000000 f20=0x80000000
     277895.000 ns	     27788	80005c04	00237533	and	x10,x6,x2	  x6:0x00000000  x2:0xffffff91 x10=0x00000000
     277905.000 ns	     27789	80005c08	9892c693	xori	x13,x5,-1655	  x5:0x80041024 x13=0x7ffbe9ad
     277925.000 ns	     27791	80005c0c	e0061b53	fclass.s	x22,f12	 f12:0x80000000 x22=0x00000008
     277955.000 ns	     27794	80005c10	c007fe53	fcvt.w.s	x28,f15	 f15:0xff800000 x28=0x80000000
     277985.000 ns	     27797	80005c14	a18799d3	flt.s	x19,f15,f24	 f15:0xff800000 f24:0x4e870394 x19=0x00000001
     278005.000 ns	     27799	80005c18	32638113	addi	x2,x7,806	  x7:0x00000000  x2=0x00000326
     278365.000 ns	     27835	80005c1c	03db6533	rem	x10,x22,x29	 x22:0x00000008 x29:0x4381ca00 x10=0x00000008
     278395.000 ns	     27838	80005c20	0232a1b3	mulhsu	x3,x5,x3	  x5:0x80041024  x3:0x00000000  x3=0x00000000
     278415.000 ns	     27840	80005c24	402ddcb3	sra	x25,x27,x2	 x27:0xf9af2af0  x2:0x00000326 x25=0xffe6bcab
     278435.000 ns	     27842	80005c28	02d60033	mul	x0,x12,x13	 x12:0x23672000 x13:0x7ffbe9ad
     278455.000 ns	     27844	80005c2c	40098d13	addi	x26,x19,1024	 x19:0x00000001 x26=0x00000401
     278475.000 ns	     27846	80005c30	03ed37b3	mulhu	x15,x26,x30	 x26:0x400207f2 x30:0x00000000 x15=0x00000000
     278505.000 ns	     27849	80005c34	e0000f53	fmv.x.w	x30,f0	  f0:0x3f800000 x30=0x3f800000
     278535.000 ns	     27852	80005c38	c018bb53	fcvt.wu.s	x22,f17	 f17:0x00000000 x22=0x00000000
     278555.000 ns	     27854	80005c3c	a293ac13	slti	x24,x7,-1495	  x7:0x00000000 x24=0x00000000
     278565.000 ns	     27855	80005c40	81213413	sltiu	x8,x2,-2030	  x2:0x00000326  x8=0x00000001
     278585.000 ns	     27857	80005c44	02f90c33	mul	x24,x18,x15	 x18:0x00000001 x15:0x00000000 x24=0x00000000
     278605.000 ns	     27859	80005c48	00f000b3	add	x1,x0,x15	  x0:0x00000000 x15:0x00000000  x1=0x00000000
     278615.000 ns	     27860	80005c4c	e34ff717	auipc	x14,0xe34ff	 x14=0x63504c4c
     278645.000 ns	     27863	80005c50	19d11453	fdiv.s	f8,f2,f29	  f2:0x00000000 f29:0x4db3aa22  f8=0x00000000
     278665.000 ns	     27865	80005c54	40bcd313	srai	x6,x25,0xb	 x25:0xffe6bcab  x6=0xfffffcd7
     278685.000 ns	     27867	80005c58	295b8ed3	fmin.s	f29,f23,f21	 f23:0x4e870394 f21:0x7f800000 f29=0x4e870394
     278705.000 ns	     27869	80005c5c	fc133893	sltiu	x17,x6,-63	  x6:0x00000000 x17=0x00000001
     278715.000 ns	     27870	80005c60	01329513	slli	x10,x5,0x13	  x5:0x80041024 x10=0x81200000
     278735.000 ns	     27872	80005c64	e00895d3	fclass.s	x11,f17	 f17:0x00000000 x11=0x00000010
     279105.000 ns	     27909	80005c68	031cc1b3	div	x3,x25,x17	 x25:0xffe6bcab x17:0x00000001  x3=0xffe6bcab
     279125.000 ns	     27911	80005c6c	00ebd233	srl	x4,x23,x14	 x23:0x00000010 x14:0x63504c4c  x4=0x00000000
     279145.000 ns	     27913	80005c70	02fa53b3	divu	x7,x20,x15	 x20:0x00000000 x15:0x00000000  x7=0xffffffff
     279175.000 ns	     27916	80005c74	d000cc53	fcvt.s.w	f24,x1	  x1:0x00000000 f24=0x00000000
     279195.000 ns	     27918	80005c78	b3d7e913	ori	x18,x15,-1219	 x15:0x00000000 x18=0xfffffb3d
     279215.000 ns	     27920	80005c7c	c01420d3	fcvt.wu.s	x1,f8	  f8:0x00000000  x1=0x00000000
     279245.000 ns	     27923	80005c80	20c9acd3	fsgnjx.s	f25,f19,f12	 f19:0x00000000 f12:0x80000000 f25=0x80000000
     279265.000 ns	     27925	80005c84	00000013	addi	x0,x0,0	  x0:0x00000000
     279275.000 ns	     27926	80005c88	1639e9b7	lui	x19,0x1639e	 x19=0x1639e000
     279635.000 ns	     27962	80005c8c	03195d33	divu	x26,x18,x17	 x18:0xfffffb3d x17:0x00000001 x26=0xfffffb3d
     279665.000 ns	     27965	80005c90	02044cb3	div	x25,x8,x0	  x8:0x00000001  x0:0x00000000 x25=0xffffffff
     279695.000 ns	     27968	80005c94	f0060753	fmv.w.x	f14,x12	 x12:0x23672000 f14=0x23672000
     279725.000 ns	     27971	80005c98	e0071753	fclass.s	x14,f14	 f14:0x4dc09748 x14=0x00000040
     279755.000 ns	     27974	80005c9c	0342f933	remu	x18,x5,x20	  x5:0x80041024 x20:0x00000000 x18=0x80041024
     279775.000 ns	     27976	80005ca0	003dd193	srli	x3,x27,0x3	 x27:0xf9af2af0  x3=0x1f35e55e
     279785.000 ns	     27977	80005ca4	01d85033	srl	x0,x16,x29	 x16:0x80040fe4 x29:0x4381ca00
     279795.000 ns	     27978	80005ca8	405fd613	srai	x12,x31,0x5	 x31:0x00000000 x12=0x00000000
     279805.000 ns	     27979	80005cac	015add33	srl	x26,x21,x21	 x21:0x000007c9 x21:0x000007c9 x26=0x00000003
     279815.000 ns	     27980	80005cb0	00000013	addi	x0,x0,0	  x0:0x00000000
     279845.000 ns	     27983	80005cb4	18a8f553	fdiv.s	f10,f17,f10	 f17:0x00000000 f10:0x4effffff f10=0x00000000
     279865.000 ns	     27985	80005cb8	017f6d33	or	x26,x30,x23	 x30:0x3f800000 x23:0x00000010 x26=0x3f800010
     279875.000 ns	     27986	80005cbc	8e688893	addi	x17,x17,-1818	 x17:0x00000001 x17=0xfffff8e7
     279895.000 ns	     27988	80005cc0	a1cda0d3	feq.s	x1,f27,f28	 f27:0x80041024 f28:0x00000000  x1=0x00000000
     279915.000 ns	     27990	80005cc4	41da86b3	sub	x13,x21,x29	 x21:0x000007c9 x29:0x4381ca00 x13=0xbc7e3dc9
     279935.000 ns	     27992	80005cc8	a0d116d3	flt.s	x13,f2,f13	  f2:0x00000000 f13:0xffffff91 x13=0x00000000
     279965.000 ns	     27995	80005ccc	219325d3	fsgnjx.s	f11,f6,f25	  f6:0x00000000 f25:0x80000000 f11=0x80000000
     279995.000 ns	     27998	80005cd0	202f1653	fsgnjn.s	f12,f30,f2	 f30:0x3f800000  f2:0x00000000 f12=0xbf800000
     280015.000 ns	     28000	80005cd4	fa35ae13	slti	x28,x11,-93	 x11:0x00000010 x28=0x00000000
     280025.000 ns	     28001	80005cd8	6fd0f893	andi	x17,x1,1789	  x1:0x00000000 x17=0x00000000
     280045.000 ns	     28003	80005cdc	201100d3	fsgnj.s	f1,f2,f1	  f2:0x00000000  f1:0x0000003f  f1=0x00000000
     280065.000 ns	     28005	80005ce0	40805b33	sra	x22,x0,x8	  x0:0x00000000  x8:0x00000001 x22=0x00000000
     280105.000 ns	     28009	80005ce4	0992f0d3	fsub.s	f1,f5,f25	  f5:0x4e870394 f25:0x80000000  f1=0x4e870394
     280135.000 ns	     28012	80005ce8	03abb533	mulhu	x10,x23,x26	 x23:0x00000010 x26:0x3f800010 x10=0x00000003
     280165.000 ns	     28015	80005cec	a11a99d3	flt.s	x19,f21,f17	 f21:0x7f800000 f17:0x00000000 x19=0x00000000
     280185.000 ns	     28017	80005cf0	006f7c33	and	x24,x30,x6	 x30:0x3f800000  x6:0xfffffcd7 x24=0x3f800000
     280195.000 ns	     28018	80005cf4	60184713	xori	x14,x16,1537	 x16:0x80040fe4 x14=0x800409e5
     280225.000 ns	     28021	80005cf8	106b22d3	fmul.s	f5,f22,f6	 f22:0x00000001  f6:0x00000000  f5=0x00000000
     280255.000 ns	     28024	80005cfc	023c3433	mulhu	x8,x24,x3	 x24:0x3f800000  x3:0x1f35e55e  x8=0x07bdde64
     280295.000 ns	     28028	80005d00	10e94ed3	fmul.s	f29,f18,f14	 f18:0x80000000 f14:0x23672000 f29=0x80000000
     280315.000 ns	     28030	80005d04	01fd6fb3	or	x31,x26,x31	 x26:0x3f800010 x31:0x00000000 x31=0x3f800010
     280325.000 ns	     28031	80005d08	013a0233	add	x4,x20,x19	 x20:0x00000000 x19:0x00000000  x4=0x00000000
     280335.000 ns	     28032	80005d0c	01adefb3	or	x31,x27,x26	 x27:0xf9af2af0 x26:0x3f800010 x31=0xffaf2af0
     280345.000 ns	     28033	80005d10	00000013	addi	x0,x0,0	  x0:0x00000000
     280355.000 ns	     28034	80005d14	76ef7b13	andi	x22,x30,1902	 x30:0x3f800000 x22=0x00000000
     280365.000 ns	     28035	80005d18	cf9e6b13	ori	x22,x28,-775	 x28:0x00000000 x22=0xfffffcf9
     280375.000 ns	     28036	80005d1c	d58c2c13	slti	x24,x24,-680	 x24:0x3f800000 x24=0x00000000
     280395.000 ns	     28038	80005d20	03e635b3	mulhu	x11,x12,x30	 x12:0x00000000 x30:0x3f800000 x11=0x00000000
     280415.000 ns	     28040	80005d24	002a35b3	sltu	x11,x20,x2	 x20:0x00000000  x2:0x00000326 x11=0x00000001
     280455.000 ns	     28044	80005d28	0028fad3	fadd.s	f21,f17,f2	 f17:0x00000000  f2:0x00000000 f21=0x00000000
     280485.000 ns	     28047	80005d2c	e00a8053	fmv.x.w	x0,f21	 f21:0x7f800000
     280505.000 ns	     28049	80005d30	000998b3	sll	x17,x19,x0	 x19:0x00000000  x0:0x00000000 x17=0x00000000
     280515.000 ns	     28050	80005d34	01d2d933	srl	x18,x5,x29	  x5:0x80041024 x29:0x4381ca00 x18=0x80041024
     280535.000 ns	     28052	80005d38	02703133	mulhu	x2,x0,x7	  x0:0x00000000  x7:0xffffffff  x2=0x00000000
     280555.000 ns	     28054	80005d3c	41e05533	sra	x10,x0,x30	  x0:0x00000000 x30:0x3f800000 x10=0x00000000
     280565.000 ns	     28055	80005d40	00205313	srli	x6,x0,0x2	  x0:0x00000000  x6=0x00000000
     280585.000 ns	     28057	80005d44	d0118a53	fcvt.s.wu	f20,x3	  x3:0x1f35e55e f20=0x4df9af2b
     280615.000 ns	     28060	80005d48	a1108ad3	fle.s	x21,f1,f17	  f1:0x4e870394 f17:0x00000000 x21=0x00000000
     280635.000 ns	     28062	80005d4c	00000013	addi	x0,x0,0	  x0:0x00000000
     280665.000 ns	     28065	80005d50	10a43553	fmul.s	f10,f8,f10	  f8:0x00000000 f10:0x00000000 f10=0x00000000
     280685.000 ns	     28067	80005d54	01b8d993	srli	x19,x17,0x1b	 x17:0x00000000 x19=0x00000000
     280725.000 ns	     28071	80005d58	09437353	fsub.s	f6,f6,f20	  f6:0x00000000 f20:0x4df9af2b  f6=0xcdf9af2b
     280755.000 ns	     28074	80005d5c	0212a033	mulhsu	x0,x5,x1	  x5:0x80041024  x1:0x00000000
     280775.000 ns	     28076	80005d60	0058a9b3	slt	x19,x17,x5	 x17:0x00000000  x5:0x80041024 x19=0x00000000
     280795.000 ns	     28078	80005d64	20c00753	fsgnj.s	f14,f0,f12	  f0:0x3f800000 f12:0xbf800000 f14=0xbf800000
     280845.000 ns	     28083	80005d68	096e48d3	fsub.s	f17,f28,f22	 f28:0x00000000 f22:0x00000001 f17=0x80000001
     280875.000 ns	     28086	80005d6c	e0080ad3	fmv.x.w	x21,f16	 f16:0x00000000 x21=0x00000000
     280895.000 ns	     28088	80005d70	415c3c93	sltiu	x25,x24,1045	 x24:0x00000000 x25=0x00000001
     280905.000 ns	     28089	80005d74	248fdc37	lui	x24,0x248fd	 x24=0x248fd000
     280915.000 ns	     28090	80005d78	ecec0f13	addi	x30,x24,-306	 x24:0x00000000 x30=0x248fcece
     280935.000 ns	     28092	80005d7c	026504b3	mul	x9,x10,x6	 x10:0x00000000  x6:0x00000000  x9=0x00000000
     280955.000 ns	     28094	80005d80	01629193	slli	x3,x5,0x16	  x5:0x80041024  x3=0x09000000
     280965.000 ns	     28095	80005d84	68674037	lui	x0,0x68674	
     280975.000 ns	     28096	80005d88	00000013	addi	x0,x0,0	  x0:0x00000000
     280985.000 ns	     28097	80005d8c	005f5cb3	srl	x25,x30,x5	 x30:0x248fcece  x5:0x80041024 x25=0x0248fcec
     280995.000 ns	     28098	80005d90	00170733	add	x14,x14,x1	 x14:0x800409e5  x1:0x00000000 x14=0x800409e5
     281015.000 ns	     28100	80005d94	a057a253	feq.s	x4,f15,f5	 f15:0xff800000  f5:0x00000000  x4=0x00000000
     281035.000 ns	     28102	80005d98	5ee5f913	andi	x18,x11,1518	 x11:0x00000001 x18=0x00000000
     281045.000 ns	     28103	80005d9c	1974f913	andi	x18,x9,407	  x9:0x00000000 x18=0x00000000
     281075.000 ns	     28106	80005da0	18587bd3	fdiv.s	f23,f16,f5	 f16:0x00000000  f5:0x00000000 f23=0x7fc00000
     281095.000 ns	     28108	80005da4	f6b8b793	sltiu	x15,x17,-149	 x17:0x00000000 x15=0x00000001
     281105.000 ns	     28109	80005da8	00000013	addi	x0,x0,0	  x0:0x00000000
     281115.000 ns	     28110	80005dac	408f08b3	sub	x17,x30,x8	 x30:0x248fcece  x8:0x07bdde64 x17=0x1cd1f06a
     281125.000 ns	     28111	80005db0	00000013	addi	x0,x0,0	  x0:0x00000000
     281135.000 ns	     28112	80005db4	93954a13	xori	x20,x10,-1735	 x10:0x00000000 x20=0xfffff939
     281145.000 ns	     28113	80005db8	5947b697	auipc	x13,0x5947b	 x13=0xd9480db8
     281165.000 ns	     28115	80005dbc	204525d3	fsgnjx.s	f11,f10,f4	 f10:0x00000000  f4:0x0000003f f11=0x00000000
     281185.000 ns	     28117	80005dc0	00d59f33	sll	x30,x11,x13	 x11:0x00000001 x13:0x00000000 x30=0x01000000
     281205.000 ns	     28119	80005dc4	c00f00d3	fcvt.w.s	x1,f30	 f30:0x3f800000  x1=0x00000001
     281245.000 ns	     28123	80005dc8	10847dd3	fmul.s	f27,f8,f8	  f8:0x00000000  f8:0x00000000 f27=0x00000000
     281265.000 ns	     28125	80005dcc	41275413	srai	x8,x14,0x12	 x14:0x800409e5  x8=0xffffe001
     281625.000 ns	     28161	80005dd0	03e1fbb3	remu	x23,x3,x30	  x3:0x09000000 x30:0x01000000 x23=0x00000000
     281645.000 ns	     28163	80005dd4	cfc57217	auipc	x4,0xcfc57	  x4=0x4fc5cdd4
     281655.000 ns	     28164	80005dd8	01ada9b3	slt	x19,x27,x26	 x27:0xf9af2af0 x26:0x3f800010 x19=0x00000001
     281675.000 ns	     28166	80005ddc	03a60ab3	mul	x21,x12,x26	 x12:0x00000000 x26:0x3f800010 x21=0x00000000
     281705.000 ns	     28169	80005de0	29831353	fmax.s	f6,f6,f24	  f6:0xcdf9af2b f24:0x00000000  f6=0x00000000
     281735.000 ns	     28172	80005de4	a1f52b53	feq.s	x22,f10,f31	 f10:0x00000000 f31:0x4e870394 x22=0x00000000
     281775.000 ns	     28176	80005de8	189172d3	fdiv.s	f5,f2,f9	  f2:0x00000000  f9:0x00000000  f5=0x7fc00000
     281825.000 ns	     28181	80005dec	00e5bf53	fadd.s	f30,f11,f14	 f11:0x00000000 f14:0xbf800000 f30=0xbf800000
     281845.000 ns	     28183	80005df0	3c578393	addi	x7,x15,965	 x15:0x00000001  x7=0x000003c6
     281855.000 ns	     28184	80005df4	011c8f33	add	x30,x25,x17	 x25:0x0248fcec x17:0x1cd1f06a x30=0x1f1aed56
     281865.000 ns	     28185	80005df8	3d86c493	xori	x9,x13,984	 x13:0xd9480db8  x9=0xd9480e60
     281875.000 ns	     28186	80005dfc	00000013	addi	x0,x0,0	  x0:0x00000000
     281885.000 ns	     28187	80005e00	05aec093	xori	x1,x29,90	 x29:0x4381ca00  x1=0x4381ca5a
     281895.000 ns	     28188	80005e04	419ddb93	srai	x23,x27,0x19	 x27:0xf9af2af0 x23=0xfffffffc
     281935.000 ns	     28192	80005e08	0054fcd3	fadd.s	f25,f9,f5	  f9:0x00000000  f5:0x7fc00000 f25=0x7fc00000
     281985.000 ns	     28197	80005e0c	01acf753	fadd.s	f14,f25,f26	 f25:0x80000000 f26:0x80000000 f14=0x7fc00000
     282005.000 ns	     28199	80005e10	fa24e613	ori	x12,x9,-94	  x9:0xd9480e60 x12=0xffffffe2
     282025.000 ns	     28201	80005e14	c002f453	fcvt.w.s	x8,f5	  f5:0x7fc00000  x8=0x7fffffff
     282055.000 ns	     28204	80005e18	f0048cd3	fmv.w.x	f25,x9	  x9:0xd9480e60 f25=0xd9480e60
     282075.000 ns	     28206	80005e1c	be2dbe17	auipc	x28,0xbe2db	 x28=0x3e2e0e1c
     282085.000 ns	     28207	80005e20	01849393	slli	x7,x9,0x18	  x9:0xd9480e60  x7=0x60000000
     282095.000 ns	     28208	80005e24	05c86f13	ori	x30,x16,92	 x16:0x80040fe4 x30=0x80040ffc
     282455.000 ns	     28244	80005e28	037068b3	rem	x17,x0,x23	  x0:0x00000000 x23:0xfffffffc x17=0x00000000
     282505.000 ns	     28249	80005e2c	008cc2d3	fadd.s	f5,f25,f8	 f25:0xd9480e60  f8:0x00000000  f5=0xd9480e60
     282525.000 ns	     28251	80005e30	00633733	sltu	x14,x6,x6	  x6:0x00000000  x6:0x00000000 x14=0x00000000
     282535.000 ns	     28252	80005e34	df42ac93	slti	x25,x5,-524	  x5:0x80041024 x25=0x00000001
     282565.000 ns	     28255	80005e38	18a92553	fdiv.s	f10,f18,f10	 f18:0x80000000 f10:0x00000000 f10=0x7fc00000
     282595.000 ns	     28258	80005e3c	d004f3d3	fcvt.s.w	f7,x9	  x9:0xd9480e60  f7=0xce1adfc6
     282625.000 ns	     28261	80005e40	284712d3	fmax.s	f5,f14,f4	 f14:0x7fc00000  f4:0x0000003f  f5=0x0000003f
     282655.000 ns	     28264	80005e44	21008e53	fsgnj.s	f28,f1,f16	  f1:0x4e870394 f16:0x00000000 f28=0x4e870394
     282685.000 ns	     28267	80005e48	030728b3	mulhsu	x17,x14,x16	 x14:0x00000000 x16:0x80040fe4 x17=0x00000000
     282715.000 ns	     28270	80005e4c	f00b8bd3	fmv.w.x	f23,x23	 x23:0xfffffffc f23=0xfffffffc
     282745.000 ns	     28273	80005e50	02a209b3	mul	x19,x4,x10	  x4:0x4fc5cdd4 x10:0x00000000 x19=0x00000000
     282775.000 ns	     28276	80005e54	a13283d3	fle.s	x7,f5,f19	  f5:0x0000003f f19:0x00000000  x7=0x00000000
     282815.000 ns	     28280	80005e58	18f8f353	fdiv.s	f6,f17,f15	 f17:0x80000001 f15:0xff800000  f6=0x00000000
     282865.000 ns	     28285	80005e5c	0838f8d3	fsub.s	f17,f17,f3	 f17:0x80000001  f3:0x4e870394 f17=0xce870394
     282895.000 ns	     28288	80005e60	d018f6d3	fcvt.s.wu	f13,x17	 x17:0x00000000 f13=0x00000000
     282915.000 ns	     28290	80005e64	004cd3b3	srl	x7,x25,x4	 x25:0x00000001  x4:0x4fc5cdd4  x7=0x00000000
     282925.000 ns	     28291	80005e68	01667533	and	x10,x12,x22	 x12:0xffffffe2 x22:0x00000000 x10=0x00000000
     282945.000 ns	     28293	80005e6c	d0027a53	fcvt.s.w	f20,x4	  x4:0x4fc5cdd4 f20=0x4e9f8b9b
     282965.000 ns	     28295	80005e70	00707733	and	x14,x0,x7	  x0:0x00000000  x7:0x00000000 x14=0x00000000
     282975.000 ns	     28296	80005e74	41d80d33	sub	x26,x16,x29	 x16:0x80040fe4 x29:0x4381ca00 x26=0x3c8245e4
     283335.000 ns	     28332	80005e78	0299c233	div	x4,x19,x9	 x19:0x00000000  x9:0xd9480e60  x4=0x00000000
     283365.000 ns	     28335	80005e7c	a1339d53	flt.s	x26,f7,f19	  f7:0xce1adfc6 f19:0x00000000 x26=0x00000001
     283415.000 ns	     28340	80005e80	00657253	fadd.s	f4,f10,f6	 f10:0x7fc00000  f6:0x00000000  f4=0x7fc00000
     283435.000 ns	     28342	80005e84	004adf13	srli	x30,x21,0x4	 x21:0x00000000 x30=0x00000000
     283465.000 ns	     28345	80005e88	117873d3	fmul.s	f7,f16,f23	 f16:0x00000000 f23:0xfffffffc  f7=0x7fc00000
     283485.000 ns	     28347	80005e8c	454d2993	slti	x19,x26,1108	 x26:0x00000001 x19=0x00000001
     283505.000 ns	     28349	80005e90	d0087fd3	fcvt.s.w	f31,x16	 x16:0x80040fe4 f31=0xcefff7e0
     283555.000 ns	     28354	80005e94	005affd3	fadd.s	f31,f21,f5	 f21:0x00000000  f5:0x0000003f f31=0x0000003f
     283585.000 ns	     28357	80005e98	e00818d3	fclass.s	x17,f16	 f16:0x00000000 x17=0x00000010
     283615.000 ns	     28360	80005e9c	d0037d53	fcvt.s.w	f26,x6	  x6:0x00000000 f26=0x00000000
     283635.000 ns	     28362	80005ea0	00d6bc33	sltu	x24,x13,x13	 x13:0xd9480db8 x13:0xd9480db8 x24=0x00000000
     283655.000 ns	     28364	80005ea4	e00d9253	fclass.s	x4,f27	 f27:0x00000000  x4=0x00000010
     283695.000 ns	     28368	80005ea8	11cf72d3	fmul.s	f5,f30,f28	 f30:0xbf800000 f28:0x4e870394  f5=0xce870394
     283725.000 ns	     28371	80005eac	291c10d3	fmax.s	f1,f24,f17	 f24:0x00000000 f17:0xce870394  f1=0x00000000
     283745.000 ns	     28373	80005eb0	40fdd8b3	sra	x17,x27,x15	 x27:0xf9af2af0 x15:0x00000001 x17=0xfcd79578
     283765.000 ns	     28375	80005eb4	d0123653	fcvt.s.wu	f12,x4	  x4:0x00000010 f12=0x41800000
     283785.000 ns	     28377	80005eb8	3924f413	andi	x8,x9,914	  x9:0xd9480e60  x8=0x00000200
     283795.000 ns	     28378	80005ebc	051e01b7	lui	x3,0x51e0	  x3=0x051e0000
     283815.000 ns	     28380	80005ec0	c001f9d3	fcvt.w.s	x19,f3	  f3:0x4e870394 x19=0x4381ca00
     283845.000 ns	     28383	80005ec4	20a181d3	fsgnj.s	f3,f3,f10	  f3:0x4e870394 f10:0x7fc00000  f3=0x4e870394
     283875.000 ns	     28386	80005ec8	e0058553	fmv.x.w	x10,f11	 f11:0x00000000 x10=0x00000000
     283895.000 ns	     28388	80005ecc	9cdb8213	addi	x4,x23,-1587	 x23:0xfffffffc  x4=0xfffff9c9
     283905.000 ns	     28389	80005ed0	00000013	addi	x0,x0,0	  x0:0x00000000
     283915.000 ns	     28390	80005ed4	b428fa93	andi	x21,x17,-1214	 x17:0xfcd79578 x21=0xfcd79140
     283925.000 ns	     28391	80005ed8	00756333	or	x6,x10,x7	 x10:0x00000000  x7:0x00000000  x6=0x00000000
     283935.000 ns	     28392	80005edc	b906ba93	sltiu	x21,x13,-1136	 x13:0xd9480db8 x21=0x00000001
     283955.000 ns	     28394	80005ee0	02a19a33	mulh	x20,x3,x10	  x3:0x051e0000 x10:0x00000000 x20=0x00000000
     283985.000 ns	     28397	80005ee4	d00825d3	fcvt.s.w	f11,x16	 x16:0x80040fe4 f11=0xcefff7e1
     284025.000 ns	     28401	80005ee8	1159b153	fmul.s	f2,f19,f21	 f19:0x00000000 f21:0x00000000  f2=0x00000000
     284055.000 ns	     28404	80005eec	030cbe33	mulhu	x28,x25,x16	 x25:0x00000001 x16:0x80040fe4 x28=0x00000000
     284075.000 ns	     28406	80005ef0	00377b33	and	x22,x14,x3	 x14:0x00000000  x3:0x051e0000 x22=0x00000000
     284095.000 ns	     28408	80005ef4	c00a9ed3	fcvt.w.s	x29,f21	 f21:0x00000000 x29=0x00000000
     284115.000 ns	     28410	80005ef8	1c417493	andi	x9,x2,452	  x2:0x00000000  x9=0x00000000
     284125.000 ns	     28411	80005efc	16ed6e13	ori	x28,x26,366	 x26:0x00000001 x28=0x0000016f
     284145.000 ns	     28413	80005f00	d009f8d3	fcvt.s.w	f17,x19	 x19:0x4381ca00 f17=0x4e870394
     284175.000 ns	     28416	80005f04	a1aa0053	fle.s	x0,f20,f26	 f20:0x4e9f8b9b f26:0x00000000
     284195.000 ns	     28418	80005f08	2c99ce13	xori	x28,x19,713	 x19:0x4381ca00 x28=0x4381c8c9
     284235.000 ns	     28422	80005f0c	09457553	fsub.s	f10,f10,f20	 f10:0x7fc00000 f20:0x4e9f8b9b f10=0x7fc00000
     284255.000 ns	     28424	80005f10	00396eb3	or	x29,x18,x3	 x18:0x00000000  x3:0x051e0000 x29=0x051e0000
     284285.000 ns	     28427	80005f14	580bf653	fsqrt.s	f12,f23	 f23:0xfffffffc f12=0x7fc00000
     284315.000 ns	     28430	80005f18	02044cb3	div	x25,x8,x0	  x8:0x00000200  x0:0x00000000 x25=0xffffffff
     284355.000 ns	     28434	80005f1c	19597d53	fdiv.s	f26,f18,f21	 f18:0x80000000 f21:0x00000000 f26=0x7fc00000
     284405.000 ns	     28439	80005f20	01b339d3	fadd.s	f19,f6,f27	  f6:0x00000000 f27:0x00000000 f19=0x00000000
     284425.000 ns	     28441	80005f24	00000013	addi	x0,x0,0	  x0:0x00000000
     284445.000 ns	     28443	80005f28	c0103e53	fcvt.wu.s	x28,f0	  f0:0x3f800000 x28=0x00000001
     284465.000 ns	     28445	80005f2c	00f3f8b3	and	x17,x7,x15	  x7:0x00000000 x15:0x00000001 x17=0x00000000
     284475.000 ns	     28446	80005f30	01e99133	sll	x2,x19,x30	 x19:0x4381ca00 x30:0x00000000  x2=0x4381ca00
     284495.000 ns	     28448	80005f34	036fcab3	div	x21,x31,x22	 x31:0xffaf2af0 x22:0x00000000 x21=0xffffffff
     285425.000 ns	     28541	80005f38	580ff2d3	fsqrt.s	f5,f31	 f31:0x0000003f  f5=0x1f3504de
     285455.000 ns	     28544	80005f3c	a1cb27d3	feq.s	x15,f22,f28	 f22:0x00000001 f28:0x4e870394 x15=0x00000000
     285475.000 ns	     28546	80005f40	0008e5b3	or	x11,x17,x0	 x17:0x00000000  x0:0x00000000 x11=0x00000000
     285485.000 ns	     28547	80005f44	cf956737	lui	x14,0xcf956	 x14=0xcf956000
     285495.000 ns	     28548	80005f48	c48e4513	xori	x10,x28,-952	 x28:0x00000001 x10=0xfffffc49
     285535.000 ns	     28552	80005f4c	00d0fc53	fadd.s	f24,f1,f13	  f1:0x00000000 f13:0x00000000 f24=0x00000000
     285555.000 ns	     28554	80005f50	9f6ad9b7	lui	x19,0x9f6ad	 x19=0x9f6ad000
     285575.000 ns	     28556	80005f54	f0028bd3	fmv.w.x	f23,x5	  x5:0x80041024 f23=0x80041024
     285605.000 ns	     28559	80005f58	295d8553	fmin.s	f10,f27,f21	 f27:0x00000000 f21:0x00000000 f10=0x00000000
     285645.000 ns	     28563	80005f5c	19967a53	fdiv.s	f20,f12,f25	 f12:0x7fc00000 f25:0xd9480e60 f20=0x7fc00000
     285675.000 ns	     28566	80005f60	20c59653	fsgnjn.s	f12,f11,f12	 f11:0xcefff7e1 f12:0x7fc00000 f12=0xcefff7e1
     286045.000 ns	     28603	80005f64	0399e733	rem	x14,x19,x25	 x19:0x9f6ad000 x25:0xffffffff x14=0x00000000
     286075.000 ns	     28606	80005f68	a09e8353	fle.s	x6,f29,f9	 f29:0x80000000  f9:0x00000000  x6=0x00000001
     286095.000 ns	     28608	80005f6c	014f1c33	sll	x24,x30,x20	 x30:0x00000000 x20:0x00000000 x24=0x00000000
     286105.000 ns	     28609	80005f70	015c16b3	sll	x13,x24,x21	 x24:0x00000000 x21:0xffffffff x13=0x00000000
     286125.000 ns	     28611	80005f74	c0004153	fcvt.w.s	x2,f0	  f0:0x3f800000  x2=0x00000001
     286165.000 ns	     28615	80005f78	197775d3	fdiv.s	f11,f14,f23	 f14:0x7fc00000 f23:0x80041024 f11=0x7fc00000
     286185.000 ns	     28617	80005f7c	58c8b013	sltiu	x0,x17,1420	 x17:0x00000000
     286195.000 ns	     28618	80005f80	40b38933	sub	x18,x7,x11	  x7:0x00000000 x11:0x00000000 x18=0x00000000
     286215.000 ns	     28620	80005f84	f0028b53	fmv.w.x	f22,x5	  x5:0x80041024 f22=0x80041024
     286245.000 ns	     28623	80005f88	c01d7753	fcvt.wu.s	x14,f26	 f26:0x7fc00000 x14=0xffffffff
     286265.000 ns	     28625	80005f8c	416c5f93	srai	x31,x24,0x16	 x24:0x00000000 x31=0x00000000
     286275.000 ns	     28626	80005f90	0077d033	srl	x0,x15,x7	 x15:0x00000000  x7:0x00000000
     286285.000 ns	     28627	80005f94	00795d13	srli	x26,x18,0x7	 x18:0x00000000 x26=0x00000000
     286305.000 ns	     28629	80005f98	03ee1eb3	mulh	x29,x28,x30	 x28:0x00000001 x30:0x00000000 x29=0x00000000
     286335.000 ns	     28632	80005f9c	022e9133	mulh	x2,x29,x2	 x29:0x051e0000  x2:0x00000001  x2=0x00000000
     286355.000 ns	     28634	80005fa0	00000013	addi	x0,x0,0	  x0:0x00000000
     286365.000 ns	     28635	80005fa4	badd0eb7	lui	x29,0xbadd0	 x29=0xbadd0000
     286375.000 ns	     28636	80005fa8	9e044913	xori	x18,x8,-1568	  x8:0x00000200 x18=0xfffffbe0
     286405.000 ns	     28639	80005fac	101bf653	fmul.s	f12,f23,f1	 f23:0x80041024  f1:0x00000000 f12=0x80000000
     286445.000 ns	     28643	80005fb0	11101053	fmul.s	f0,f0,f17	  f0:0x3f800000 f17:0x4e870394  f0=0x4e870394
     286475.000 ns	     28646	80005fb4	02448733	mul	x14,x9,x4	  x9:0x00000000  x4:0xfffff9c9 x14=0x00000000
     286505.000 ns	     28649	80005fb8	d01022d3	fcvt.s.wu	f5,x0	  x0:0x00000000  f5=0x00000000
     286535.000 ns	     28652	80005fbc	d013a053	fcvt.s.wu	f0,x7	  x7:0x00000000  f0=0x00000000
     286565.000 ns	     28655	80005fc0	29408553	fmin.s	f10,f1,f20	  f1:0x00000000 f20:0x7fc00000 f10=0x00000000
     286585.000 ns	     28657	80005fc4	6c2be437	lui	x8,0x6c2be	  x8=0x6c2be000
     286595.000 ns	     28658	80005fc8	1e707f93	andi	x31,x0,487	  x0:0x00000000 x31=0x00000000
     286605.000 ns	     28659	80005fcc	415c09b3	sub	x19,x24,x21	 x24:0x00000000 x21:0xffffffff x19=0x00000001
     286965.000 ns	     28695	80005fd0	025ee533	rem	x10,x29,x5	 x29:0xbadd0000  x5:0x80041024 x10=0xbadd0000
     286985.000 ns	     28697	80005fd4	00000013	addi	x0,x0,0	  x0:0x00000000
     286995.000 ns	     28698	80005fd8	c7324613	xori	x12,x4,-909	  x4:0xfffff9c9 x12=0x000005ba
     287015.000 ns	     28700	80005fdc	21c40fd3	fsgnj.s	f31,f8,f28	  f8:0x00000000 f28:0x4e870394 f31=0x00000000
     287035.000 ns	     28702	80005fe0	d67d5a37	lui	x20,0xd67d5	 x20=0xd67d5000
     287055.000 ns	     28704	80005fe4	c000b953	fcvt.w.s	x18,f1	  f1:0x00000000 x18=0x00000000
     287075.000 ns	     28706	80005fe8	2a156393	ori	x7,x10,673	 x10:0xbadd0000  x7=0xbadd02a1
     287095.000 ns	     28708	80005fec	025235b3	mulhu	x11,x4,x5	  x4:0xfffff9c9  x5:0x80041024 x11=0x80040d08
     287125.000 ns	     28711	80005ff0	a1472553	feq.s	x10,f14,f20	 f14:0x7fc00000 f20:0x7fc00000 x10=0x00000000
     287145.000 ns	     28713	80005ff4	00c78d33	add	x26,x15,x12	 x15:0x00000000 x12:0x000005ba x26=0x000005ba
     287155.000 ns	     28714	80005ff8	68eaea17	auipc	x20,0x68eae	 x20=0xe8eb3ff8
     287515.000 ns	     28750	80005ffc	021ec333	div	x6,x29,x1	 x29:0xbadd0000  x1:0x4381ca5a  x6=0xffffffff
     287545.000 ns	     28753	80006000	035abd33	mulhu	x26,x21,x21	 x21:0xffffffff x21:0xffffffff x26=0xfffffffe
     287565.000 ns	     28755	80006004	01671793	slli	x15,x14,0x16	 x14:0x00000000 x15=0x00000000
     287575.000 ns	     28756	80006008	0022ccb3	xor	x25,x5,x2	  x5:0x80041024  x2:0x00000000 x25=0x80041024
     287595.000 ns	     28758	8000600c	214aa1d3	fsgnjx.s	f3,f21,f20	 f21:0x00000000 f20:0x7fc00000  f3=0x00000000
     287625.000 ns	     28761	80006010	e00a10d3	fclass.s	x1,f20	 f20:0x7fc00000  x1=0x00000200
     287645.000 ns	     28763	80006014	00000013	addi	x0,x0,0	  x0:0x00000000
     288005.000 ns	     28799	80006018	0274c033	div	x0,x9,x7	  x9:0x00000000  x7:0xbadd02a1
     288035.000 ns	     28802	8000601c	d013fb53	fcvt.s.wu	f22,x7	  x7:0xbadd02a1 f22=0x4f3add02
     288055.000 ns	     28804	80006020	c4970993	addi	x19,x14,-951	 x14:0x00000000 x19=0xfffffc49
     288085.000 ns	     28807	80006024	100ab753	fmul.s	f14,f21,f0	 f21:0x00000000  f0:0x00000000 f14=0x00000000
     288105.000 ns	     28809	80006028	00ce28b3	slt	x17,x28,x12	 x28:0x00000001 x12:0x000005ba x17=0x00000001
     288125.000 ns	     28811	8000602c	29a186d3	fmin.s	f13,f3,f26	  f3:0x00000000 f26:0x7fc00000 f13=0x00000000
     288155.000 ns	     28814	80006030	e00c19d3	fclass.s	x19,f24	 f24:0x00000000 x19=0x00000010
     288175.000 ns	     28816	80006034	000bfcb3	and	x25,x23,x0	 x23:0xfffffffc  x0:0x00000000 x25=0x00000000
     288185.000 ns	     28817	80006038	41475cb3	sra	x25,x14,x20	 x14:0x00000000 x20:0xe8eb3ff8 x25=0x00000000
     288195.000 ns	     28818	8000603c	0fa63d13	sltiu	x26,x12,250	 x12:0x000005ba x26=0x00000000
     288225.000 ns	     28821	80006040	1011b553	fmul.s	f10,f3,f1	  f3:0x00000000  f1:0x00000000 f10=0x00000000
     288245.000 ns	     28823	80006044	405553b3	sra	x7,x10,x5	 x10:0x00000000  x5:0x80041024  x7=0x00000000
     288255.000 ns	     28824	80006048	00ee3433	sltu	x8,x28,x14	 x28:0x00000001 x14:0x00000000  x8=0x00000000
     288265.000 ns	     28825	8000604c	40a6d4b3	sra	x9,x13,x10	 x13:0x00000000 x10:0x00000000  x9=0x00000000
     288275.000 ns	     28826	80006050	973f0693	addi	x13,x30,-1677	 x30:0x00000000 x13=0xfffff973
     288635.000 ns	     28862	80006054	03435d33	divu	x26,x6,x20	  x6:0xffffffff x20:0xe8eb3ff8 x26=0x00000001
     288655.000 ns	     28864	80006058	01893ab3	sltu	x21,x18,x24	 x18:0x00000000 x24:0x00000000 x21=0x00000000
     288675.000 ns	     28866	8000605c	210104d3	fsgnj.s	f9,f2,f16	  f2:0x00000000 f16:0x00000000  f9=0x00000000
     288705.000 ns	     28869	80006060	f0020753	fmv.w.x	f14,x4	  x4:0xfffff9c9 f14=0xfffff9c9
     288735.000 ns	     28872	80006064	037eb3b3	mulhu	x7,x29,x23	 x29:0xbadd0000 x23:0xfffffffc  x7=0xbadcfffd
     288755.000 ns	     28874	80006068	254ce017	auipc	x0,0x254ce	
     288765.000 ns	     28875	8000606c	01121c33	sll	x24,x4,x17	  x4:0xfffff9c9 x17:0x00000001 x24=0xfffff392
     288775.000 ns	     28876	80006070	df758393	addi	x7,x11,-521	 x11:0x80040d08  x7=0x80040aff
     288785.000 ns	     28877	80006074	40f2d393	srai	x7,x5,0xf	  x5:0x80041024  x7=0xffff0008
     288805.000 ns	     28879	80006078	03583f33	mulhu	x30,x16,x21	 x16:0x80040fe4 x21:0x00000000 x30=0x00000000
     288825.000 ns	     28881	8000607c	00741913	slli	x18,x8,0x7	  x8:0x00000000 x18=0x00000000
     288845.000 ns	     28883	80006080	201311d3	fsgnjn.s	f3,f6,f1	  f6:0x00000000  f1:0x00000000  f3=0x80000000
     288865.000 ns	     28885	80006084	41638133	sub	x2,x7,x22	  x7:0xffff0008 x22:0x00000000  x2=0xffff0008
     288875.000 ns	     28886	80006088	00a91e33	sll	x28,x18,x10	 x18:0x00000000 x10:0x00000000 x28=0x00000000
     288885.000 ns	     28887	8000608c	927dba13	sltiu	x20,x27,-1753	 x27:0xf9af2af0 x20=0x00000001
     288905.000 ns	     28889	80006090	0289dc33	divu	x24,x19,x8	 x19:0x00000010  x8:0x00000000 x24=0xffffffff
     288935.000 ns	     28892	80006094	02e8a4b3	mulhsu	x9,x17,x14	 x17:0x00000001 x14:0x00000000  x9=0x00000000
     288965.000 ns	     28895	80006098	033c9433	mulh	x8,x25,x19	 x25:0x00000000 x19:0x00000010  x8=0x00000000
     288985.000 ns	     28897	8000609c	00dc34b3	sltu	x9,x24,x13	 x24:0xffffffff x13:0xfffff973  x9=0x00000000
     289015.000 ns	     28900	800060a0	117672d3	fmul.s	f5,f12,f23	 f12:0x80000000 f23:0x80041024  f5=0x00000000
     289045.000 ns	     28903	800060a4	e00c9bd3	fclass.s	x23,f25	 f25:0xd9480e60 x23=0x00000002
     289075.000 ns	     28906	800060a8	034608b3	mul	x17,x12,x20	 x12:0x000005ba x20:0x00000001 x17=0x000005ba
     289125.000 ns	     28911	800060ac	00f374d3	fadd.s	f9,f6,f15	  f6:0x00000000 f15:0xff800000  f9=0xff800000
     289155.000 ns	     28914	800060b0	219e0453	fsgnj.s	f8,f28,f25	 f28:0x4e870394 f25:0xd9480e60  f8=0xce870394
     289175.000 ns	     28916	800060b4	01890433	add	x8,x18,x24	 x18:0x00000000 x24:0xffffffff  x8=0xffffffff
     289185.000 ns	     28917	800060b8	01683c33	sltu	x24,x16,x22	 x16:0x80040fe4 x22:0x00000000 x24=0x00000000
     289195.000 ns	     28918	800060bc	00810bb3	add	x23,x2,x8	  x2:0xffff0008  x8:0x00000000 x23=0xffff0007
     289205.000 ns	     28919	800060c0	00cdda33	srl	x20,x27,x12	 x27:0xf9af2af0 x12:0x000005ba x20=0x0000003e
     289215.000 ns	     28920	800060c4	40475b13	srai	x22,x14,0x4	 x14:0x00000000 x22=0x00000000
     289235.000 ns	     28922	800060c8	d019a553	fcvt.s.wu	f10,x19	 x19:0x00000010 f10=0x41800000
     289255.000 ns	     28924	800060cc	00e78e33	add	x28,x15,x14	 x15:0x00000000 x14:0x00000000 x28=0x00000000
     289275.000 ns	     28926	800060d0	a03f8353	fle.s	x6,f31,f3	 f31:0x00000000  f3:0x80000000  x6=0x00000001
     289295.000 ns	     28928	800060d4	01ef5c13	srli	x24,x30,0x1e	 x30:0x00000000 x24=0x00000000
     289305.000 ns	     28929	800060d8	01170233	add	x4,x14,x17	 x14:0x00000000 x17:0x000005ba  x4=0x000005ba
     289315.000 ns	     28930	800060dc	012d7e33	and	x28,x26,x18	 x26:0x00000001 x18:0x00000000 x28=0x00000000
     289335.000 ns	     28932	800060e0	21701853	fsgnjn.s	f16,f0,f23	  f0:0x00000000 f23:0x80041024 f16=0x00000000
     289375.000 ns	     28936	800060e4	580f1353	fsqrt.s	f6,f30	 f30:0xbf800000  f6=0x7fc00000
     289395.000 ns	     28938	800060e8	00000013	addi	x0,x0,0	  x0:0x00000000
     289415.000 ns	     28940	800060ec	a1730153	fle.s	x2,f6,f23	  f6:0x7fc00000 f23:0x80041024  x2=0x00000000
     289445.000 ns	     28943	800060f0	d00330d3	fcvt.s.w	f1,x6	  x6:0x00000001  f1=0x3f800000
     289465.000 ns	     28945	800060f4	1f5ef313	andi	x6,x29,501	 x29:0xbadd0000  x6=0x00000000
     289825.000 ns	     28981	800060f8	0374e7b3	rem	x15,x9,x23	  x9:0x00000000 x23:0xffff0007 x15=0x00000000
     289855.000 ns	     28984	800060fc	d011afd3	fcvt.s.wu	f31,x3	  x3:0x051e0000 f31=0x4ca3c000
     289885.000 ns	     28987	80006100	d005fdd3	fcvt.s.w	f27,x11	 x11:0x80040d08 f27=0xcefff7e5
     289915.000 ns	     28990	80006104	e0081353	fclass.s	x6,f16	 f16:0x00000000  x6=0x00000010
     289935.000 ns	     28992	80006108	01556bb3	or	x23,x10,x21	 x10:0x00000000 x21:0x00000000 x23=0x00000000
     289955.000 ns	     28994	8000610c	032c9bb3	mulh	x23,x25,x18	 x25:0x00000000 x18:0x00000000 x23=0x00000000
     289975.000 ns	     28996	80006110	a62f6413	ori	x8,x30,-1438	 x30:0x00000000  x8=0xfffffa62
     289995.000 ns	     28998	80006114	d0129bd3	fcvt.s.wu	f23,x5	  x5:0x80041024 f23=0x4f000410
     290025.000 ns	     29001	80006118	d00270d3	fcvt.s.w	f1,x4	  x4:0x000005ba  f1=0x44b74000
     290055.000 ns	     29004	8000611c	297f8e53	fmin.s	f28,f31,f23	 f31:0x4ca3c000 f23:0x4f000410 f28=0x4ca3c000
     290075.000 ns	     29006	80006120	015eeab3	or	x21,x29,x21	 x29:0xbadd0000 x21:0x00000000 x21=0xbadd0000
     290085.000 ns	     29007	80006124	407355b3	sra	x11,x6,x7	  x6:0x00000010  x7:0xffff0008 x11=0x00000000
     290095.000 ns	     29008	80006128	85956c93	ori	x25,x10,-1959	 x10:0x00000000 x25=0xfffff859
     290115.000 ns	     29010	8000612c	296186d3	fmin.s	f13,f3,f22	  f3:0x80000000 f22:0x4f3add02 f13=0x80000000
     290155.000 ns	     29014	80006130	580128d3	fsqrt.s	f17,f2	  f2:0x00000000 f17=0x00000000
     290175.000 ns	     29016	80006134	007923b3	slt	x7,x18,x7	 x18:0x00000000  x7:0xffff0008  x7=0x00000000
     290195.000 ns	     29018	80006138	02f00b33	mul	x22,x0,x15	  x0:0x00000000 x15:0x00000000 x22=0x00000000
     290215.000 ns	     29020	8000613c	41940ab3	sub	x21,x8,x25	  x8:0xfffffa62 x25:0xfffff859 x21=0x00000209
     290255.000 ns	     29024	80006140	010626d3	fadd.s	f13,f12,f16	 f12:0x80000000 f16:0x00000000 f13=0x00000000
     290295.000 ns	     29028	80006144	19b5f6d3	fdiv.s	f13,f11,f27	 f11:0x7fc00000 f27:0xcefff7e5 f13=0x7fc00000
     290335.000 ns	     29032	80006148	18d877d3	fdiv.s	f15,f16,f13	 f16:0x00000000 f13:0x00000000 f15=0x7fc00000
     290355.000 ns	     29034	8000614c	d13e2997	auipc	x19,0xd13e2	 x19=0x513e814c
     290375.000 ns	     29036	80006150	03c76ab3	rem	x21,x14,x28	 x14:0x00000000 x28:0x00000000 x21=0x00000000
     290395.000 ns	     29038	80006154	41568733	sub	x14,x13,x21	 x13:0xfffff973 x21:0x00000209 x14=0xfffff973
     290415.000 ns	     29040	80006158	20df81d3	fsgnj.s	f3,f31,f13	 f31:0x4ca3c000 f13:0x7fc00000  f3=0x4ca3c000
     290435.000 ns	     29042	8000615c	3a08d117	auipc	x2,0x3a08d	  x2=0xba09315c
     290465.000 ns	     29045	80006160	5805a3d3	fsqrt.s	f7,f11	 f11:0x7fc00000  f7=0x7fc00000
     290495.000 ns	     29048	80006164	29038ad3	fmin.s	f21,f7,f16	  f7:0x7fc00000 f16:0x00000000 f21=0x00000000
     290525.000 ns	     29051	80006168	02481a33	mulh	x20,x16,x4	 x16:0x80040fe4  x4:0x000005ba x20=0xfffffd23
     290545.000 ns	     29053	8000616c	01a08533	add	x10,x1,x26	  x1:0x00000200 x26:0x00000001 x10=0x00000201
     290565.000 ns	     29055	80006170	a1e5aa53	feq.s	x20,f11,f30	 f11:0x7fc00000 f30:0xbf800000 x20=0x00000000
     290585.000 ns	     29057	80006174	009b1933	sll	x18,x22,x9	 x22:0x00000000  x9:0x00000000 x18=0x00000000
     290605.000 ns	     29059	80006178	0271b6b3	mulhu	x13,x3,x7	  x3:0x051e0000  x7:0x00000000 x13=0x00000000
     290625.000 ns	     29061	8000617c	4ac48013	addi	x0,x9,1196	  x9:0x00000000
     290635.000 ns	     29062	80006180	66b0c0b7	lui	x1,0x66b0c	  x1=0x66b0c000
     290655.000 ns	     29064	80006184	03fb5cb3	divu	x25,x22,x31	 x22:0x00000000 x31:0x00000000 x25=0xffffffff
     290675.000 ns	     29066	80006188	b4832993	slti	x19,x6,-1208	  x6:0x00000010 x19=0x00000000
     290685.000 ns	     29067	8000618c	7b1181b7	lui	x3,0x7b118	  x3=0x7b118000
     290695.000 ns	     29068	80006190	50614093	xori	x1,x2,1286	  x2:0xba09315c  x1=0xba09345a
     290725.000 ns	     29071	80006194	119d4153	fmul.s	f2,f26,f25	 f26:0x7fc00000 f25:0xd9480e60  f2=0x7fc00000
     290775.000 ns	     29076	80006198	0109bc53	fadd.s	f24,f19,f16	 f19:0x00000000 f16:0x00000000 f24=0x00000000
     290825.000 ns	     29081	8000619c	0964f6d3	fsub.s	f13,f9,f22	  f9:0xff800000 f22:0x4f3add02 f13=0xff800000
     290865.000 ns	     29085	800061a0	10149d53	fmul.s	f26,f9,f1	  f9:0xff800000  f1:0x44b74000 f26=0xff800000
     290895.000 ns	     29088	800061a4	20aaaad3	fsgnjx.s	f21,f21,f10	 f21:0x00000000 f10:0x41800000 f21=0x00000000
     291265.000 ns	     29125	800061a8	03d8f3b3	remu	x7,x17,x29	 x17:0x000005ba x29:0xbadd0000  x7=0x000005ba
     291285.000 ns	     29127	800061ac	01c4af33	slt	x30,x9,x28	  x9:0x00000000 x28:0x00000000 x30=0x00000000
     291295.000 ns	     29128	800061b0	00ee7f33	and	x30,x28,x14	 x28:0x00000000 x14:0xfffff973 x30=0x00000000
     291305.000 ns	     29129	800061b4	83587793	andi	x15,x16,-1995	 x16:0x80040fe4 x15=0x80040824
     291315.000 ns	     29130	800061b8	58c0f593	andi	x11,x1,1420	  x1:0xba09345a x11=0x00000408
     291345.000 ns	     29133	800061bc	183327d3	fdiv.s	f15,f6,f3	  f6:0x7fc00000  f3:0x4ca3c000 f15=0x7fc00000
     291375.000 ns	     29136	800061c0	03d51433	mulh	x8,x10,x29	 x10:0x00000201 x29:0xbadd0000  x8=0xffffff75
     291405.000 ns	     29139	800061c4	d00e7ad3	fcvt.s.w	f21,x28	 x28:0x00000000 f21=0x00000000
     291425.000 ns	     29141	800061c8	01d90d33	add	x26,x18,x29	 x18:0x00000000 x29:0xbadd0000 x26=0xbadd0000
     291445.000 ns	     29143	800061cc	0325fe33	remu	x28,x11,x18	 x11:0x00000408 x18:0x00000000 x28=0x00000408
     291465.000 ns	     29145	800061d0	01bd2633	slt	x12,x26,x27	 x26:0x00000001 x27:0xf9af2af0 x12=0x00000001
     291475.000 ns	     29146	800061d4	016e34b3	sltu	x9,x28,x22	 x28:0x00000408 x22:0x00000000  x9=0x00000000
     291485.000 ns	     29147	800061d8	011647b3	xor	x15,x12,x17	 x12:0x000005ba x17:0x000005ba x15=0x000005bb
     291515.000 ns	     29150	800061dc	1907fc53	fdiv.s	f24,f15,f16	 f15:0x7fc00000 f16:0x00000000 f24=0x7fc00000
     291565.000 ns	     29155	800061e0	08d581d3	fsub.s	f3,f11,f13	 f11:0x7fc00000 f13:0xff800000  f3=0x7fc00000
     291585.000 ns	     29157	800061e4	0122f7b3	and	x15,x5,x18	  x5:0x80041024 x18:0x00000000 x15=0x00000000
     291605.000 ns	     29159	800061e8	e0068153	fmv.x.w	x2,f13	 f13:0xff800000  x2=0xff800000
     291635.000 ns	     29162	800061ec	e0060d53	fmv.x.w	x26,f12	 f12:0x80000000 x26=0x80000000
     291665.000 ns	     29165	800061f0	02451d33	mulh	x26,x10,x4	 x10:0x00000201  x4:0x000005ba x26=0x00000000
     291685.000 ns	     29167	800061f4	00000013	addi	x0,x0,0	  x0:0x00000000
     291695.000 ns	     29168	800061f8	0053d033	srl	x0,x7,x5	  x7:0x000005ba  x5:0x80041024
     291705.000 ns	     29169	800061fc	9abba017	auipc	x0,0x9abba	
     291725.000 ns	     29171	80006200	a1ef2253	feq.s	x4,f30,f30	 f30:0xbf800000 f30:0xbf800000  x4=0x00000001
     291775.000 ns	     29176	80006204	0904b553	fsub.s	f10,f9,f16	  f9:0xff800000 f16:0x00000000 f10=0xff800000
     291805.000 ns	     29179	80006208	02f788b3	mul	x17,x15,x15	 x15:0x00000000 x15:0x00000000 x17=0x00000000
     291855.000 ns	     29184	8000620c	0836f9d3	fsub.s	f19,f13,f3	 f13:0xff800000  f3:0x7fc00000 f19=0x7fc00000
     291885.000 ns	     29187	80006210	03fed1b3	divu	x3,x29,x31	 x29:0xbadd0000 x31:0x00000000  x3=0xffffffff
     291905.000 ns	     29189	80006214	0049beb3	sltu	x29,x19,x4	 x19:0x00000000  x4:0x00000001 x29=0x00000001
     291915.000 ns	     29190	80006218	00a7dc33	srl	x24,x15,x10	 x15:0x00000000 x10:0x00000201 x24=0x00000000
     291925.000 ns	     29191	8000621c	00da9cb3	sll	x25,x21,x13	 x21:0x00000000 x13:0x00000000 x25=0x00000000
     291935.000 ns	     29192	80006220	ad772513	slti	x10,x14,-1321	 x14:0xfffff973 x10=0x00000001
     291955.000 ns	     29194	80006224	03150b33	mul	x22,x10,x17	 x10:0x00000201 x17:0x00000000 x22=0x00000000
     291975.000 ns	     29196	80006228	40f005b3	sub	x11,x0,x15	  x0:0x00000000 x15:0x00000000 x11=0x00000000
     291995.000 ns	     29198	8000622c	e00c1d53	fclass.s	x26,f24	 f24:0x7fc00000 x26=0x00000200
     292015.000 ns	     29200	80006230	011fb893	sltiu	x17,x31,17	 x31:0x00000000 x17=0x00000001
     292035.000 ns	     29202	80006234	e00e8053	fmv.x.w	x0,f29	 f29:0x80000000
     292055.000 ns	     29204	80006238	d0b6cb17	auipc	x22,0xd0b6c	 x22=0x50b72238
     292065.000 ns	     29205	8000623c	41aed893	srai	x17,x29,0x1a	 x29:0x00000001 x17=0x00000000
     292085.000 ns	     29207	80006240	a13d2bd3	feq.s	x23,f26,f19	 f26:0xff800000 f19:0x7fc00000 x23=0x00000000
     292115.000 ns	     29210	80006244	20ec1953	fsgnjn.s	f18,f24,f14	 f24:0x7fc00000 f14:0xfffff9c9 f18=0x7fc00000
     292135.000 ns	     29212	80006248	01b12533	slt	x10,x2,x27	  x2:0xff800000 x27:0xf9af2af0 x10=0x00000000
     292145.000 ns	     29213	8000624c	8e17b313	sltiu	x6,x15,-1823	 x15:0x00000000  x6=0x00000001
     292165.000 ns	     29215	80006250	c00c1a53	fcvt.w.s	x20,f24	 f24:0x7fc00000 x20=0x7fffffff
     292185.000 ns	     29217	80006254	b5300593	addi	x11,x0,-1197	  x0:0x00000000 x11=0xfffffb53
     292205.000 ns	     29219	80006258	f0040fd3	fmv.w.x	f31,x8	  x8:0xffffff75 f31=0xffffff75
     292225.000 ns	     29221	8000625c	008995b3	sll	x11,x19,x8	 x19:0x00000000  x8:0xffffff75 x11=0x00000000
     292235.000 ns	     29222	80006260	0011b933	sltu	x18,x3,x1	  x3:0xffffffff  x1:0xba09345a x18=0x00000000
     292255.000 ns	     29224	80006264	c00100d3	fcvt.w.s	x1,f2	  f2:0x7fc00000  x1=0x7fffffff
     292285.000 ns	     29227	80006268	e0059d53	fclass.s	x26,f11	 f11:0x7fc00000 x26=0x00000200
     292305.000 ns	     29229	8000626c	0179d4b3	srl	x9,x19,x23	 x19:0x00000000 x23:0x00000000  x9=0x00000000
     292315.000 ns	     29230	80006270	0182ffb3	and	x31,x5,x24	  x5:0x80041024 x24:0x00000000 x31=0x00000000
     292325.000 ns	     29231	80006274	23417a93	andi	x21,x2,564	  x2:0xff800000 x21=0x00000000
     292335.000 ns	     29232	80006278	6c162793	slti	x15,x12,1729	 x12:0x00000001 x15=0x00000001
     292375.000 ns	     29236	8000627c	011076d3	fadd.s	f13,f0,f17	  f0:0x00000000 f17:0x00000000 f13=0x00000000
     292395.000 ns	     29238	80006280	01fd3cb3	sltu	x25,x26,x31	 x26:0x00000200 x31:0x00000000 x25=0x00000000
     292405.000 ns	     29239	80006284	ccd9b713	sltiu	x14,x19,-819	 x19:0x00000000 x14=0x00000001
     292415.000 ns	     29240	80006288	6c2fab13	slti	x22,x31,1730	 x31:0x00000000 x22=0x00000001
     292435.000 ns	     29242	8000628c	e0071353	fclass.s	x6,f14	 f14:0xfffff9c9  x6=0x00000200
     292455.000 ns	     29244	80006290	197a0893	addi	x17,x20,407	 x20:0x7fffffff x17=0x80000196
     292475.000 ns	     29246	80006294	20f784d3	fsgnj.s	f9,f15,f15	 f15:0x7fc00000 f15:0x7fc00000  f9=0x7fc00000
     292495.000 ns	     29248	80006298	01b01d33	sll	x26,x0,x27	  x0:0x00000000 x27:0xf9af2af0 x26=0x00000000
     292855.000 ns	     29284	8000629c	03d3efb3	rem	x31,x7,x29	  x7:0x000005ba x29:0x00000001 x31=0x00000000
     292895.000 ns	     29288	800062a0	1852a253	fdiv.s	f4,f5,f5	  f5:0x00000000  f5:0x00000000  f4=0x7fc00000
     292915.000 ns	     29290	800062a4	00c59b93	slli	x23,x11,0xc	 x11:0x00000000 x23=0x00000000
     292925.000 ns	     29291	800062a8	40920fb3	sub	x31,x4,x9	  x4:0x00000001  x9:0x00000000 x31=0x00000001
     292935.000 ns	     29292	800062ac	0161feb3	and	x29,x3,x22	  x3:0xffffffff x22:0x00000001 x29=0x00000001
     292965.000 ns	     29295	800062b0	11292a53	fmul.s	f20,f18,f18	 f18:0x7fc00000 f18:0x7fc00000 f20=0x7fc00000
     292995.000 ns	     29298	800062b4	28270ed3	fmin.s	f29,f14,f2	 f14:0xfffff9c9  f2:0x7fc00000 f29=0x7fc00000
     293025.000 ns	     29301	800062b8	c01e7e53	fcvt.wu.s	x28,f28	 f28:0x4ca3c000 x28=0x051e0000
     293055.000 ns	     29304	800062bc	03e17533	remu	x10,x2,x30	  x2:0xff800000 x30:0x00000000 x10=0xff800000
     293085.000 ns	     29307	800062c0	02bcc533	div	x10,x25,x11	 x25:0x00000000 x11:0x00000000 x10=0xffffffff
     293135.000 ns	     29312	800062c4	001a3cd3	fadd.s	f25,f20,f1	 f20:0x7fc00000  f1:0x44b74000 f25=0x7fc00000
     293165.000 ns	     29315	800062c8	c01b9ad3	fcvt.wu.s	x21,f23	 f23:0x4f000410 x21=0x80041000
     293205.000 ns	     29319	800062cc	58020653	fsqrt.s	f12,f4	  f4:0x7fc00000 f12=0x7fc00000
     293235.000 ns	     29322	800062d0	032f9ab3	mulh	x21,x31,x18	 x31:0x00000001 x18:0x00000000 x21=0x00000000
     293285.000 ns	     29327	800062d4	0987fad3	fsub.s	f21,f15,f24	 f15:0x7fc00000 f24:0x7fc00000 f21=0x7fc00000
     293315.000 ns	     29330	800062d8	0378fa33	remu	x20,x17,x23	 x17:0x80000196 x23:0x00000000 x20=0x80000196
     293345.000 ns	     29333	800062dc	02d005b3	mul	x11,x0,x13	  x0:0x00000000 x13:0x00000000 x11=0x00000000
     293365.000 ns	     29335	800062e0	017a5bb3	srl	x23,x20,x23	 x20:0x80000196 x23:0x00000000 x23=0x80000196
     293375.000 ns	     29336	800062e4	4084d513	srai	x10,x9,0x8	  x9:0x00000000 x10=0x00000000
     293385.000 ns	     29337	800062e8	013008b3	add	x17,x0,x19	  x0:0x00000000 x19:0x00000000 x17=0x00000000
     293405.000 ns	     29339	800062ec	02c1bfb3	mulhu	x31,x3,x12	  x3:0xffffffff x12:0x00000001 x31=0x00000000
     293455.000 ns	     29344	800062f0	009df8d3	fadd.s	f17,f27,f9	 f27:0xcefff7e5  f9:0x7fc00000 f17=0x7fc00000
     293485.000 ns	     29347	800062f4	02679ab3	mulh	x21,x15,x6	 x15:0x00000001  x6:0x00000200 x21=0x00000000
     293515.000 ns	     29350	800062f8	c00dbbd3	fcvt.w.s	x23,f27	 f27:0xcefff7e5 x23=0x80040d80
     293535.000 ns	     29352	800062fc	01a7ccb3	xor	x25,x15,x26	 x15:0x00000001 x26:0x00000000 x25=0x00000001
     293555.000 ns	     29354	80006300	d0138fd3	fcvt.s.wu	f31,x7	  x7:0x000005ba f31=0x44b74000
     293585.000 ns	     29357	80006304	21d20c53	fsgnj.s	f24,f4,f29	  f4:0x7fc00000 f29:0x7fc00000 f24=0x7fc00000
     293605.000 ns	     29359	80006308	721f2b17	auipc	x22,0x721f2	 x22=0xf21f8308
     293645.000 ns	     29363	8000630c	001281d3	fadd.s	f3,f5,f1	  f5:0x00000000  f1:0x44b74000  f3=0x44b74000
     293675.000 ns	     29366	80006310	025f8b33	mul	x22,x31,x5	 x31:0x00000000  x5:0x80041024 x22=0x00000000
     293705.000 ns	     29369	80006314	c01f4fd3	fcvt.wu.s	x31,f30	 f30:0xbf800000 x31=0x00000001
     293735.000 ns	     29372	80006318	29411f53	fmax.s	f30,f2,f20	  f2:0x7fc00000 f20:0x7fc00000 f30=0x7fc00000
     293755.000 ns	     29374	8000631c	423d6213	ori	x4,x26,1059	 x26:0x00000000  x4=0x00000423
     293785.000 ns	     29377	80006320	580215d3	fsqrt.s	f11,f4	  f4:0x7fc00000 f11=0x7fc00000
     293805.000 ns	     29379	80006324	00000013	addi	x0,x0,0	  x0:0x00000000
     293825.000 ns	     29381	80006328	032f7bb3	remu	x23,x30,x18	 x30:0x00000000 x18:0x00000000 x23=0x00000000
     293845.000 ns	     29383	8000632c	00000013	addi	x0,x0,0	  x0:0x00000000
     293865.000 ns	     29385	80006330	034897b3	mulh	x15,x17,x20	 x17:0x00000000 x20:0x80000196 x15=0x00000000
     294235.000 ns	     29422	80006334	03424d33	div	x26,x4,x20	  x4:0x00000423 x20:0x80000196 x26=0x00000000
     294255.000 ns	     29424	80006338	406c0433	sub	x8,x24,x6	 x24:0x00000000  x6:0x00000200  x8=0xfffffe00
     294275.000 ns	     29426	8000633c	298a8dd3	fmin.s	f27,f21,f24	 f21:0x7fc00000 f24:0x7fc00000 f27=0x7fc00000
     294305.000 ns	     29429	80006340	028ab9b3	mulhu	x19,x21,x8	 x21:0x00000000  x8:0xffffff75 x19=0x00000000
     294335.000 ns	     29432	80006344	020ca633	mulhsu	x12,x25,x0	 x25:0x00000001  x0:0x00000000 x12=0x00000000
     294365.000 ns	     29435	80006348	a1319153	flt.s	x2,f3,f19	  f3:0x44b74000 f19:0x7fc00000  x2=0x00000000
     294405.000 ns	     29439	8000634c	10e83ed3	fmul.s	f29,f16,f14	 f16:0x00000000 f14:0xfffff9c9 f29=0x7fc00000
     294425.000 ns	     29441	80006350	415985b3	sub	x11,x19,x21	 x19:0x00000000 x21:0x00000000 x11=0x00000000
     294445.000 ns	     29443	80006354	a0de23d3	feq.s	x7,f28,f13	 f28:0x4ca3c000 f13:0x00000000  x7=0x00000000
     294475.000 ns	     29446	80006358	027e1d33	mulh	x26,x28,x7	 x28:0x051e0000  x7:0x000005ba x26=0x00000000
     294845.000 ns	     29483	8000635c	03cd4b33	div	x22,x26,x28	 x26:0x00000000 x28:0x051e0000 x22=0x00000000
     294875.000 ns	     29486	80006360	a0568353	fle.s	x6,f13,f5	 f13:0x00000000  f5:0x00000000  x6=0x00000001
     294905.000 ns	     29489	80006364	03eb9eb3	mulh	x29,x23,x30	 x23:0x00000000 x30:0x00000000 x29=0x00000000
     294925.000 ns	     29491	80006368	909f8313	addi	x6,x31,-1783	 x31:0x00000001  x6=0xfffff90a
     294945.000 ns	     29493	8000636c	a05e14d3	flt.s	x9,f28,f5	 f28:0x4ca3c000  f5:0x00000000  x9=0x00000000
     294975.000 ns	     29496	80006370	02b76033	rem	x0,x14,x11	 x14:0x00000001 x11:0x00000000
     294995.000 ns	     29498	80006374	011c1e93	slli	x29,x24,0x11	 x24:0x00000000 x29=0x00000000
     295035.000 ns	     29502	80006378	084cc5d3	fsub.s	f11,f25,f4	 f25:0x7fc00000  f4:0x7fc00000 f11=0x7fc00000
     295075.000 ns	     29506	8000637c	580822d3	fsqrt.s	f5,f16	 f16:0x00000000  f5=0x00000000
     295095.000 ns	     29508	80006380	18469e97	auipc	x29,0x18469	 x29=0x9846f380
     295105.000 ns	     29509	80006384	00201d33	sll	x26,x0,x2	  x0:0x00000000  x2:0x00000000 x26=0x00000000
     295115.000 ns	     29510	80006388	3e16bb93	sltiu	x23,x13,993	 x13:0x00000000 x23=0x00000001
     295125.000 ns	     29511	8000638c	009ff8b3	and	x17,x31,x9	 x31:0x00000001  x9:0x00000000 x17=0x00000000
     295135.000 ns	     29512	80006390	00df1f13	slli	x30,x30,0xd	 x30:0x00000000 x30=0x00000000
     295155.000 ns	     29514	80006394	02b18bb3	mul	x23,x3,x11	  x3:0xffffffff x11:0x00000000 x23=0x00000000
     295175.000 ns	     29516	80006398	401b89b3	sub	x19,x23,x1	 x23:0x00000001  x1:0x7fffffff x19=0x80000001
     295205.000 ns	     29519	8000639c	1055c453	fmul.s	f8,f11,f5	 f11:0x7fc00000  f5:0x00000000  f8=0x7fc00000
     295235.000 ns	     29522	800063a0	037e1c33	mulh	x24,x28,x23	 x28:0x051e0000 x23:0x00000000 x24=0x00000000
     295265.000 ns	     29525	800063a4	299f1f53	fmax.s	f30,f30,f25	 f30:0x7fc00000 f25:0x7fc00000 f30=0x7fc00000
     295295.000 ns	     29528	800063a8	204a1f53	fsgnjn.s	f30,f20,f4	 f20:0x7fc00000  f4:0x7fc00000 f30=0xffc00000
     295335.000 ns	     29532	800063ac	58047053	fsqrt.s	f0,f8	  f8:0x7fc00000  f0=0x7fc00000
     295375.000 ns	     29536	800063b0	10fbf8d3	fmul.s	f17,f23,f15	 f23:0x4f000410 f15:0x7fc00000 f17=0x7fc00000
     295395.000 ns	     29538	800063b4	41f48333	sub	x6,x9,x31	  x9:0x00000000 x31:0x00000001  x6=0xffffffff
     295405.000 ns	     29539	800063b8	4c647093	andi	x1,x8,1222	  x8:0xfffffe00  x1=0x00000400
     295425.000 ns	     29541	800063bc	a05c1953	flt.s	x18,f24,f5	 f24:0x7fc00000  f5:0x00000000 x18=0x00000000
     295455.000 ns	     29544	800063c0	03c810b3	mulh	x1,x16,x28	 x16:0x80040fe4 x28:0x051e0000  x1=0xfd7114c9
     295475.000 ns	     29546	800063c4	dd058893	addi	x17,x11,-560	 x11:0x00000000 x17=0xfffffdd0
     295495.000 ns	     29548	800063c8	c00d3a53	fcvt.w.s	x20,f26	 f26:0xff800000 x20=0x80000000
     295525.000 ns	     29551	800063cc	219e8d53	fsgnj.s	f26,f29,f25	 f29:0x7fc00000 f25:0x7fc00000 f26=0x7fc00000
     295555.000 ns	     29554	800063d0	02611f33	mulh	x30,x2,x6	  x2:0x00000000  x6:0xffffffff x30=0x00000000
     295605.000 ns	     29559	800063d4	00c87953	fadd.s	f18,f16,f12	 f16:0x00000000 f12:0x7fc00000 f18=0x7fc00000
     295635.000 ns	     29562	800063d8	a11fa653	feq.s	x12,f31,f17	 f31:0x44b74000 f17:0x7fc00000 x12=0x00000000
     295655.000 ns	     29564	800063dc	292da313	slti	x6,x27,658	 x27:0xf9af2af0  x6=0x00000001
     295665.000 ns	     29565	800063e0	00000013	addi	x0,x0,0	  x0:0x00000000
     295685.000 ns	     29567	800063e4	28af94d3	fmax.s	f9,f31,f10	 f31:0x44b74000 f10:0xff800000  f9=0x44b74000
     295705.000 ns	     29569	800063e8	416f5213	srai	x4,x30,0x16	 x30:0x00000000  x4=0x00000000
     295715.000 ns	     29570	800063ec	0083d413	srli	x8,x7,0x8	  x7:0x00000000  x8=0x00000000
     295735.000 ns	     29572	800063f0	a13a8b53	fle.s	x22,f21,f19	 f21:0x7fc00000 f19:0x7fc00000 x22=0x00000000
     295775.000 ns	     29576	800063f4	5805c153	fsqrt.s	f2,f11	 f11:0x7fc00000  f2=0x7fc00000
     295805.000 ns	     29579	800063f8	d01e7453	fcvt.s.wu	f8,x28	 x28:0x051e0000  f8=0x4ca3c000
     295855.000 ns	     29584	800063fc	0103c953	fadd.s	f18,f7,f16	  f7:0x7fc00000 f16:0x00000000 f18=0x7fc00000
     295885.000 ns	     29587	80006400	28458d53	fmin.s	f26,f11,f4	 f11:0x7fc00000  f4:0x7fc00000 f26=0x7fc00000
     295915.000 ns	     29590	80006404	e0039553	fclass.s	x10,f7	  f7:0x7fc00000 x10=0x00000200
     295945.000 ns	     29593	80006408	a0a928d3	feq.s	x17,f18,f10	 f18:0x7fc00000 f10:0xff800000 x17=0x00000000
     295975.000 ns	     29596	8000640c	29a284d3	fmin.s	f9,f5,f26	  f5:0x00000000 f26:0x7fc00000  f9=0x00000000
     295995.000 ns	     29598	80006410	5909b513	sltiu	x10,x19,1424	 x19:0x80000001 x10=0x00000000
     296015.000 ns	     29600	80006414	03bbaab3	mulhsu	x21,x23,x27	 x23:0x00000000 x27:0xf9af2af0 x21=0x00000000
     296045.000 ns	     29603	80006418	208d12d3	fsgnjn.s	f5,f26,f8	 f26:0x7fc00000  f8:0x4ca3c000  f5=0xffc00000
     296915.000 ns	     29690	8000641c	580bce53	fsqrt.s	f28,f23	 f23:0x4f000410 f28=0x46b50a30
     296945.000 ns	     29693	80006420	023c2033	mulhsu	x0,x24,x3	 x24:0x00000000  x3:0xffffffff
     296975.000 ns	     29696	80006424	288d1153	fmax.s	f2,f26,f8	 f26:0x7fc00000  f8:0x4ca3c000  f2=0x4ca3c000
     297025.000 ns	     29701	80006428	09859d53	fsub.s	f26,f11,f24	 f11:0x7fc00000 f24:0x7fc00000 f26=0x7fc00000
     297055.000 ns	     29704	8000642c	c0027bd3	fcvt.w.s	x23,f4	  f4:0x7fc00000 x23=0x7fffffff
     297085.000 ns	     29707	80006430	d001b853	fcvt.s.w	f16,x3	  x3:0xffffffff f16=0xbf800000
     297105.000 ns	     29709	80006434	00defb33	and	x22,x29,x13	 x29:0x9846f380 x13:0x00000000 x22=0x00000000
     297125.000 ns	     29711	80006438	f00a8853	fmv.w.x	f16,x21	 x21:0x00000000 f16=0x00000000
     297155.000 ns	     29714	8000643c	29399b53	fmax.s	f22,f19,f19	 f19:0x7fc00000 f19:0x7fc00000 f22=0x7fc00000
     297185.000 ns	     29717	80006440	d009f6d3	fcvt.s.w	f13,x19	 x19:0x80000001 f13=0xceffffff
     297215.000 ns	     29720	80006444	e00b9a53	fclass.s	x20,f23	 f23:0x4f000410 x20=0x00000040
     297235.000 ns	     29722	80006448	015df7b3	and	x15,x27,x21	 x27:0xf9af2af0 x21:0x00000000 x15=0x00000000
     297265.000 ns	     29725	8000644c	11473953	fmul.s	f18,f14,f20	 f14:0xfffff9c9 f20:0x7fc00000 f18=0x7fc00000
     297285.000 ns	     29727	80006450	00a21bb3	sll	x23,x4,x10	  x4:0x00000000 x10:0x00000000 x23=0x00000000
     297295.000 ns	     29728	80006454	407adc13	srai	x24,x21,0x7	 x21:0x00000000 x24=0x00000000
     297315.000 ns	     29730	80006458	d0197d53	fcvt.s.wu	f26,x18	 x18:0x00000000 f26=0x00000000
     297345.000 ns	     29733	8000645c	02b887b3	mul	x15,x17,x11	 x17:0x00000000 x11:0x00000000 x15=0x00000000
     297365.000 ns	     29735	80006460	f8819eb7	lui	x29,0xf8819	 x29=0xf8819000
     297385.000 ns	     29737	80006464	a1fd19d3	flt.s	x19,f26,f31	 f26:0x00000000 f31:0x44b74000 x19=0x00000001
     297425.000 ns	     29741	80006468	19d37653	fdiv.s	f12,f6,f29	  f6:0x7fc00000 f29:0x7fc00000 f12=0x7fc00000
     297445.000 ns	     29743	8000646c	417e0933	sub	x18,x28,x23	 x28:0x051e0000 x23:0x00000000 x18=0x051e0000
     297455.000 ns	     29744	80006470	5bafb917	auipc	x18,0x5bafb	 x18=0xdbb01470
     297465.000 ns	     29745	80006474	92aaa913	slti	x18,x21,-1750	 x21:0x00000000 x18=0x00000000
     297485.000 ns	     29747	80006478	a1fa81d3	fle.s	x3,f21,f31	 f21:0x7fc00000 f31:0x44b74000  x3=0x00000000
     297505.000 ns	     29749	8000647c	410e5e33	sra	x28,x28,x16	 x28:0x051e0000 x16:0x80040fe4 x28=0x0051e000
     297515.000 ns	     29750	80006480	c20c6913	ori	x18,x24,-992	 x24:0x00000000 x18=0xfffffc20
     297555.000 ns	     29754	80006484	019efad3	fadd.s	f21,f29,f25	 f29:0x7fc00000 f25:0x7fc00000 f21=0x7fc00000
     297585.000 ns	     29757	80006488	280495d3	fmax.s	f11,f9,f0	  f9:0x00000000  f0:0x7fc00000 f11=0x00000000
     297605.000 ns	     29759	8000648c	41288b33	sub	x22,x17,x18	 x17:0x00000000 x18:0xfffffc20 x22=0x000003e0
     297625.000 ns	     29761	80006490	29bd8d53	fmin.s	f26,f27,f27	 f27:0x7fc00000 f27:0x7fc00000 f26=0x7fc00000
     297655.000 ns	     29764	80006494	21678453	fsgnj.s	f8,f15,f22	 f15:0x7fc00000 f22:0x7fc00000  f8=0x7fc00000
     297675.000 ns	     29766	80006498	414f8bb3	sub	x23,x31,x20	 x31:0x00000001 x20:0x00000040 x23=0xffffffc1
     297695.000 ns	     29768	8000649c	212c8fd3	fsgnj.s	f31,f25,f18	 f25:0x7fc00000 f18:0x7fc00000 f31=0x7fc00000
     297725.000 ns	     29771	800064a0	028d7233	remu	x4,x26,x8	 x26:0x00000000  x8:0x00000000  x4=0x00000000
     297765.000 ns	     29775	800064a4	11caf853	fmul.s	f16,f21,f28	 f21:0x7fc00000 f28:0x46b50a30 f16=0x7fc00000
     297785.000 ns	     29777	800064a8	d197ca13	xori	x20,x15,-743	 x15:0x00000000 x20=0xfffffd19
     297795.000 ns	     29778	800064ac	012e5e13	srli	x28,x28,0x12	 x28:0x0051e000 x28=0x00000014
     297815.000 ns	     29780	800064b0	020924b3	mulhsu	x9,x18,x0	 x18:0xfffffc20  x0:0x00000000  x9=0x00000000
     298185.000 ns	     29817	800064b4	0334dc33	divu	x24,x9,x19	  x9:0x00000000 x19:0x00000001 x24=0x00000000
     298205.000 ns	     29819	800064b8	c38705b7	lui	x11,0xc3870	 x11=0xc3870000
     298215.000 ns	     29820	800064bc	000b9bb3	sll	x23,x23,x0	 x23:0xffffffc1  x0:0x00000000 x23=0xffffffc1
     298225.000 ns	     29821	800064c0	8f534897	auipc	x17,0x8f534	 x17=0x0f53a4c0
     298245.000 ns	     29823	800064c4	d004f853	fcvt.s.w	f16,x9	  x9:0x00000000 f16=0x00000000
     298275.000 ns	     29826	800064c8	298d10d3	fmax.s	f1,f26,f24	 f26:0x7fc00000 f24:0x7fc00000  f1=0x7fc00000
     298295.000 ns	     29828	800064cc	a3feb097	auipc	x1,0xa3feb	  x1=0x23ff14cc
     298325.000 ns	     29831	800064d0	11b37153	fmul.s	f2,f6,f27	  f6:0x7fc00000 f27:0x7fc00000  f2=0x7fc00000
     298345.000 ns	     29833	800064d4	f6f6fa13	andi	x20,x13,-145	 x13:0x00000000 x20=0x00000000
     298365.000 ns	     29835	800064d8	29141a53	fmax.s	f20,f8,f17	  f8:0x7fc00000 f17:0x7fc00000 f20=0x7fc00000
     298385.000 ns	     29837	800064dc	7cd9c237	lui	x4,0x7cd9c	  x4=0x7cd9c000
     298405.000 ns	     29839	800064e0	a0ad9153	flt.s	x2,f27,f10	 f27:0x7fc00000 f10:0xff800000  x2=0x00000000
     298435.000 ns	     29842	800064e4	29a59553	fmax.s	f10,f11,f26	 f11:0x00000000 f26:0x7fc00000 f10=0x00000000
     298455.000 ns	     29844	800064e8	01afdc93	srli	x25,x31,0x1a	 x31:0x00000001 x25=0x00000000
     298465.000 ns	     29845	800064ec	01801793	slli	x15,x0,0x18	  x0:0x00000000 x15=0x00000000
     298485.000 ns	     29847	800064f0	a08019d3	flt.s	x19,f0,f8	  f0:0x7fc00000  f8:0x7fc00000 x19=0x00000000
     298525.000 ns	     29851	800064f4	5809c353	fsqrt.s	f6,f19	 f19:0x7fc00000  f6=0x7fc00000
     298895.000 ns	     29888	800064f8	0211cc33	div	x24,x3,x1	  x3:0x00000000  x1:0x23ff14cc x24=0x00000000
     298925.000 ns	     29891	800064fc	02439cb3	mulh	x25,x7,x4	  x7:0x00000000  x4:0x7cd9c000 x25=0x00000000
     298945.000 ns	     29893	80006500	00e7b6b3	sltu	x13,x15,x14	 x15:0x00000000 x14:0x00000001 x13=0x00000001
     298985.000 ns	     29897	80006504	08a99253	fsub.s	f4,f19,f10	 f19:0x7fc00000 f10:0x00000000  f4=0x7fc00000
     299015.000 ns	     29900	80006508	a0b10453	fle.s	x8,f2,f11	  f2:0x7fc00000 f11:0x00000000  x8=0x00000000
     299035.000 ns	     29902	8000650c	00000013	addi	x0,x0,0	  x0:0x00000000
     299055.000 ns	     29904	80006510	c00123d3	fcvt.w.s	x7,f2	  f2:0x7fc00000  x7=0x7fffffff
     299075.000 ns	     29906	80006514	b241ff13	andi	x30,x3,-1244	  x3:0x00000000 x30=0x00000000
     299095.000 ns	     29908	80006518	21939253	fsgnjn.s	f4,f7,f25	  f7:0x7fc00000 f25:0x7fc00000  f4=0xffc00000
     299125.000 ns	     29911	8000651c	e00b1ed3	fclass.s	x29,f22	 f22:0x7fc00000 x29=0x00000200
     299145.000 ns	     29913	80006520	6525ac17	auipc	x24,0x6525a	 x24=0xe5260520
     299165.000 ns	     29915	80006524	a1631753	flt.s	x14,f6,f22	  f6:0x7fc00000 f22:0x7fc00000 x14=0x00000000
     299185.000 ns	     29917	80006528	5b032113	slti	x2,x6,1456	  x6:0x00000001  x2=0x00000001
     299195.000 ns	     29918	8000652c	00000013	addi	x0,x0,0	  x0:0x00000000
     299205.000 ns	     29919	80006530	00000013	addi	x0,x0,0	  x0:0x00000000
     299215.000 ns	     29920	80006534	00dd4433	xor	x8,x26,x13	 x26:0x00000000 x13:0x00000001  x8=0x00000001
     299225.000 ns	     29921	80006538	0181d993	srli	x19,x3,0x18	  x3:0x00000000 x19=0x00000000
     299235.000 ns	     29922	8000653c	cd584b93	xori	x23,x16,-811	 x16:0x80040fe4 x23=0x7ffbf331
     299255.000 ns	     29924	80006540	f00f8553	fmv.w.x	f10,x31	 x31:0x00000001 f10=0x00000001
     299285.000 ns	     29927	80006544	c00ec253	fcvt.w.s	x4,f29	 f29:0x7fc00000  x4=0x7fffffff
     299655.000 ns	     29964	80006548	025fce33	div	x28,x31,x5	 x31:0x00000001  x5:0x80041024 x28=0x00000000
     299685.000 ns	     29967	8000654c	e0091453	fclass.s	x8,f18	 f18:0x7fc00000  x8=0x00000200
     299715.000 ns	     29970	80006550	e0071353	fclass.s	x6,f14	 f14:0xfffff9c9  x6=0x00000200
     299745.000 ns	     29973	80006554	29349dd3	fmax.s	f27,f9,f19	  f9:0x00000000 f19:0x7fc00000 f27=0x00000000
     299765.000 ns	     29975	80006558	ee526793	ori	x15,x4,-283	  x4:0x7fffffff x15=0xffffffff
     299785.000 ns	     29977	8000655c	e0020ed3	fmv.x.w	x29,f4	  f4:0xffc00000 x29=0xffc00000
     299805.000 ns	     29979	80006560	bd2c0d13	addi	x26,x24,-1070	 x24:0xe5260520 x26=0xe52600f2
     299815.000 ns	     29980	80006564	003c74b3	and	x9,x24,x3	 x24:0xe5260520  x3:0x00000000  x9=0x00000000
     299825.000 ns	     29981	80006568	2245ea13	ori	x20,x11,548	 x11:0xc3870000 x20=0xc3870224
     299835.000 ns	     29982	8000656c	00c59b13	slli	x22,x11,0xc	 x11:0xc3870000 x22=0x70000000
     299865.000 ns	     29985	80006570	1825f6d3	fdiv.s	f13,f11,f2	 f11:0x00000000  f2:0x7fc00000 f13=0x7fc00000
     299895.000 ns	     29988	80006574	2178a7d3	fsgnjx.s	f15,f17,f23	 f17:0x7fc00000 f23:0x4f000410 f15=0x7fc00000
     299925.000 ns	     29991	80006578	03502e33	mulhsu	x28,x0,x21	  x0:0x00000000 x21:0x00000000 x28=0x00000000
     299965.000 ns	     29995	8000657c	10dd7053	fmul.s	f0,f26,f13	 f26:0x7fc00000 f13:0x7fc00000  f0=0x7fc00000
     301145.000 ns	     30113	80006580	58057ad3	fsqrt.s	f21,f10	 f10:0x00000001 f21=0x1f350483
     301175.000 ns	     30116	80006584	a19587d3	fle.s	x15,f11,f25	 f11:0x00000000 f25:0x7fc00000 x15=0x00000000
     301545.000 ns	     30153	80006588	0379c6b3	div	x13,x19,x23	 x19:0x00000000 x23:0x7ffbf331 x13=0x00000000
     301575.000 ns	     30156	8000658c	039ff8b3	remu	x17,x31,x25	 x31:0x00000001 x25:0x00000000 x17=0x00000001
     301605.000 ns	     30159	80006590	0204f133	remu	x2,x9,x0	  x9:0x00000000  x0:0x00000000  x2=0x00000000
     301635.000 ns	     30162	80006594	20189cd3	fsgnjn.s	f25,f17,f1	 f17:0x7fc00000  f1:0x7fc00000 f25=0xffc00000
     301655.000 ns	     30164	80006598	007d96b3	sll	x13,x27,x7	 x27:0xf9af2af0  x7:0x7fffffff x13=0x00000000
     301675.000 ns	     30166	8000659c	d00bf653	fcvt.s.w	f12,x23	 x23:0x7ffbf331 f12=0x4efff7e6
     301705.000 ns	     30169	800065a0	20e20353	fsgnj.s	f6,f4,f14	  f4:0xffc00000 f14:0xfffff9c9  f6=0xffc00000
     301725.000 ns	     30171	800065a4	00301fb3	sll	x31,x0,x3	  x0:0x00000000  x3:0x00000000 x31=0x00000000
     301745.000 ns	     30173	800065a8	21dd91d3	fsgnjn.s	f3,f27,f29	 f27:0x00000000 f29:0x7fc00000  f3=0x80000000
     301765.000 ns	     30175	800065ac	857ecf13	xori	x30,x29,-1961	 x29:0xffc00000 x30=0x003ff857
     301775.000 ns	     30176	800065b0	01fbd593	srli	x11,x23,0x1f	 x23:0x7ffbf331 x11=0x00000000
     301815.000 ns	     30180	800065b4	0010fe53	fadd.s	f28,f1,f1	  f1:0x7fc00000  f1:0x7fc00000 f28=0x7fc00000
     301855.000 ns	     30184	800065b8	100c7953	fmul.s	f18,f24,f0	 f24:0x7fc00000  f0:0x7fc00000 f18=0x7fc00000
     301885.000 ns	     30187	800065bc	03ca7533	remu	x10,x20,x28	 x20:0xc3870224 x28:0x00000000 x10=0xc3870224
     301905.000 ns	     30189	800065c0	205f8b13	addi	x22,x31,517	 x31:0x00000000 x22=0x00000205
     301915.000 ns	     30190	800065c4	41655ab3	sra	x21,x10,x22	 x10:0xc3870224 x22:0x70000000 x21=0xfe1c3811
     301935.000 ns	     30192	800065c8	031a9633	mulh	x12,x21,x17	 x21:0x00000000 x17:0x00000001 x12=0xffffffff
     301955.000 ns	     30194	800065cc	0050d313	srli	x6,x1,0x5	  x1:0x23ff14cc  x6=0x011ff8a6
     301985.000 ns	     30197	800065d0	19f5fad3	fdiv.s	f21,f11,f31	 f11:0x00000000 f31:0x7fc00000 f21=0x7fc00000
     302015.000 ns	     30200	800065d4	a11207d3	fle.s	x15,f4,f17	  f4:0xffc00000 f17:0x7fc00000 x15=0x00000000
     302035.000 ns	     30202	800065d8	005fc033	xor	x0,x31,x5	 x31:0x00000000  x5:0x80041024
     302045.000 ns	     30203	800065dc	00bd15b3	sll	x11,x26,x11	 x26:0xe52600f2 x11:0x00000000 x11=0xe52600f2
     302065.000 ns	     30205	800065e0	29040253	fmin.s	f4,f8,f16	  f8:0x7fc00000 f16:0x00000000  f4=0x00000000
     302085.000 ns	     30207	800065e4	00c89533	sll	x10,x17,x12	 x17:0x00000001 x12:0xffffffff x10=0x80000000
     302095.000 ns	     30208	800065e8	00aa5033	srl	x0,x20,x10	 x20:0xc3870224 x10:0xc3870224
     302115.000 ns	     30210	800065ec	d00aff53	fcvt.s.w	f30,x21	 x21:0xfe1c3811 f30=0xcbf1e3f7
     302135.000 ns	     30212	800065f0	e6c26613	ori	x12,x4,-404	  x4:0x7fffffff x12=0xffffffff
     302145.000 ns	     30213	800065f4	0162c633	xor	x12,x5,x22	  x5:0x80041024 x22:0x00000205 x12=0x80041221
     302155.000 ns	     30214	800065f8	001bfbb3	and	x23,x23,x1	 x23:0x7ffbf331  x1:0x23ff14cc x23=0x23fb1000
     302175.000 ns	     30216	800065fc	02080733	mul	x14,x16,x0	 x16:0x80040fe4  x0:0x00000000 x14=0x00000000
     302225.000 ns	     30221	80006600	00679fd3	fadd.s	f31,f15,f6	 f15:0x7fc00000  f6:0xffc00000 f31=0x7fc00000
     302245.000 ns	     30223	80006604	ee2f3993	sltiu	x19,x30,-286	 x30:0x003ff857 x19=0x00000001
     302255.000 ns	     30224	80006608	0160a7b3	slt	x15,x1,x22	  x1:0x23ff14cc x22:0x00000205 x15=0x00000000
     302265.000 ns	     30225	8000660c	008b2cb3	slt	x25,x22,x8	 x22:0x00000205  x8:0x00000200 x25=0x00000000
     302305.000 ns	     30229	80006610	090547d3	fsub.s	f15,f10,f16	 f10:0x00000001 f16:0x00000000 f15=0x00000001
     302355.000 ns	     30234	80006614	09793dd3	fsub.s	f27,f18,f23	 f18:0x7fc00000 f23:0x4f000410 f27=0x7fc00000
     302385.000 ns	     30237	80006618	21e8ad53	fsgnjx.s	f26,f17,f30	 f17:0x7fc00000 f30:0xcbf1e3f7 f26=0xffc00000
     302415.000 ns	     30240	8000661c	c0094453	fcvt.w.s	x8,f18	 f18:0x7fc00000  x8=0x7fffffff
     302465.000 ns	     30245	80006620	09a2fc53	fsub.s	f24,f5,f26	  f5:0xffc00000 f26:0xffc00000 f24=0x7fc00000
     302485.000 ns	     30247	80006624	b7e523b7	lui	x7,0xb7e52	  x7=0xb7e52000
     302515.000 ns	     30250	80006628	10d2f753	fmul.s	f14,f5,f13	  f5:0xffc00000 f13:0x7fc00000 f14=0x7fc00000
     302555.000 ns	     30254	8000662c	5808f753	fsqrt.s	f14,f17	 f17:0x7fc00000 f14=0x7fc00000
     302575.000 ns	     30256	80006630	001d3433	sltu	x8,x26,x1	 x26:0xe52600f2  x1:0x23ff14cc  x8=0x00000000
     302605.000 ns	     30259	80006634	580aced3	fsqrt.s	f29,f21	 f21:0x7fc00000 f29=0x7fc00000
     302625.000 ns	     30261	80006638	7f860213	addi	x4,x12,2040	 x12:0x80041221  x4=0x80041a19
     302645.000 ns	     30263	8000663c	21759f53	fsgnjn.s	f30,f11,f23	 f11:0x00000000 f23:0x4f000410 f30=0x80000000
     302675.000 ns	     30266	80006640	289b9fd3	fmax.s	f31,f23,f9	 f23:0x4f000410  f9:0x00000000 f31=0x4f000410
     302725.000 ns	     30271	80006644	09944dd3	fsub.s	f27,f8,f25	  f8:0x7fc00000 f25:0xffc00000 f27=0x7fc00000
     302745.000 ns	     30273	80006648	edfe3913	sltiu	x18,x28,-289	 x28:0x00000000 x18=0x00000001
     302765.000 ns	     30275	8000664c	03c20fb3	mul	x31,x4,x28	  x4:0x80041a19 x28:0x00000000 x31=0x00000000
     302785.000 ns	     30277	80006650	01d323b3	slt	x7,x6,x29	  x6:0x011ff8a6 x29:0xffc00000  x7=0x00000000
     302805.000 ns	     30279	80006654	28b60cd3	fmin.s	f25,f12,f11	 f12:0x4efff7e6 f11:0x00000000 f25=0x00000000
     302835.000 ns	     30282	80006658	a035aa53	feq.s	x20,f11,f3	 f11:0x00000000  f3:0x80000000 x20=0x00000001
     302865.000 ns	     30285	8000665c	f00580d3	fmv.w.x	f1,x11	 x11:0xe52600f2  f1=0xe52600f2
     302885.000 ns	     30287	80006660	0051d213	srli	x4,x3,0x5	  x3:0x00000000  x4=0x00000000
     302895.000 ns	     30288	80006664	b0ebb693	sltiu	x13,x23,-1266	 x23:0x23fb1000 x13=0x00000001
     302915.000 ns	     30290	80006668	03669933	mulh	x18,x13,x22	 x13:0x00000000 x22:0x00000205 x18=0x00000000
     302955.000 ns	     30294	8000666c	18ff1ad3	fdiv.s	f21,f30,f15	 f30:0x80000000 f15:0x00000001 f21=0x80000000
     302975.000 ns	     30296	80006670	100bdd37	lui	x26,0x100bd	 x26=0x100bd000
     302995.000 ns	     30298	80006674	023d17b3	mulh	x15,x26,x3	 x26:0xe52600f2  x3:0x00000000 x15=0x00000000
     303015.000 ns	     30300	80006678	65b40913	addi	x18,x8,1627	  x8:0x00000000 x18=0x0000065b
     303025.000 ns	     30301	8000667c	01cbe4b3	or	x9,x23,x28	 x23:0x23fb1000 x28:0x00000000  x9=0x23fb1000
     303045.000 ns	     30303	80006680	d01b75d3	fcvt.s.wu	f11,x22	 x22:0x00000205 f11=0x44014000
     303065.000 ns	     30305	80006684	014bd713	srli	x14,x23,0x14	 x23:0x23fb1000 x14=0x0000023f
     303085.000 ns	     30307	80006688	03d304b3	mul	x9,x6,x29	  x6:0x011ff8a6 x29:0xffc00000  x9=0xd6800000
     303455.000 ns	     30344	8000668c	02c0ffb3	remu	x31,x1,x12	  x1:0x23ff14cc x12:0x80041221 x31=0x23ff14cc
     303485.000 ns	     30347	80006690	d0032bd3	fcvt.s.w	f23,x6	  x6:0x011ff8a6 f23=0x4b8ffc53
     303515.000 ns	     30350	80006694	c0100a53	fcvt.wu.s	x20,f0	  f0:0x7fc00000 x20=0xffffffff
     303535.000 ns	     30352	80006698	88869097	auipc	x1,0x88869	  x1=0x0886f698
     303545.000 ns	     30353	8000669c	01c2ccb3	xor	x25,x5,x28	  x5:0x80041024 x28:0x00000000 x25=0x80041024
     303555.000 ns	     30354	800066a0	86cf3b13	sltiu	x22,x30,-1940	 x30:0x003ff857 x22=0x00000001
     303915.000 ns	     30390	800066a4	037f7ab3	remu	x21,x30,x23	 x30:0x003ff857 x23:0x23fb1000 x21=0x003ff857
     303935.000 ns	     30392	800066a8	a85c6d13	ori	x26,x24,-1403	 x24:0xe5260520 x26=0xffffffa5
     303955.000 ns	     30394	800066ac	c00baed3	fcvt.w.s	x29,f23	 f23:0x4b8ffc53 x29=0x011ff8a6
     303995.000 ns	     30398	800066b0	580989d3	fsqrt.s	f19,f19	 f19:0x7fc00000 f19=0x7fc00000
     304015.000 ns	     30400	800066b4	a85eaf37	lui	x30,0xa85ea	 x30=0xa85ea000
     304375.000 ns	     30436	800066b8	03b3c1b3	div	x3,x7,x27	  x7:0x00000000 x27:0xf9af2af0  x3=0x00000000
     304405.000 ns	     30439	800066bc	029a8c33	mul	x24,x21,x9	 x21:0x003ff857  x9:0xd6800000 x24=0xe5800000
     304435.000 ns	     30442	800066c0	20068153	fsgnj.s	f2,f13,f0	 f13:0x7fc00000  f0:0x7fc00000  f2=0x7fc00000
     304475.000 ns	     30446	800066c4	580f7f53	fsqrt.s	f30,f30	 f30:0x80000000 f30=0x80000000
     304845.000 ns	     30483	800066c8	03854633	div	x12,x10,x24	 x10:0x80000000 x24:0xe5800000 x12=0x00000004
     304875.000 ns	     30486	800066cc	285818d3	fmax.s	f17,f16,f5	 f16:0x00000000  f5:0xffc00000 f17=0x00000000
     304905.000 ns	     30489	800066d0	020e08b3	mul	x17,x28,x0	 x28:0x00000000  x0:0x00000000 x17=0x00000000
     304945.000 ns	     30493	800066d4	1176bcd3	fmul.s	f25,f13,f23	 f13:0x7fc00000 f23:0x4b8ffc53 f25=0x7fc00000
     304975.000 ns	     30496	800066d8	d01879d3	fcvt.s.wu	f19,x16	 x16:0x80040fe4 f19=0x4f00040f
     305005.000 ns	     30499	800066dc	20ce2653	fsgnjx.s	f12,f28,f12	 f28:0x7fc00000 f12:0x4efff7e6 f12=0x7fc00000
     305035.000 ns	     30502	800066e0	03513933	mulhu	x18,x2,x21	  x2:0x00000000 x21:0x003ff857 x18=0x00000000
     305055.000 ns	     30504	800066e4	014c0933	add	x18,x24,x20	 x24:0xe5800000 x20:0xffffffff x18=0xe57fffff
     305065.000 ns	     30505	800066e8	013874b3	and	x9,x16,x19	 x16:0x80040fe4 x19:0x00000001  x9=0x00000000
     305085.000 ns	     30507	800066ec	a09c97d3	flt.s	x15,f25,f9	 f25:0x7fc00000  f9:0x00000000 x15=0x00000000
     305115.000 ns	     30510	800066f0	a0f80653	fle.s	x12,f16,f15	 f16:0x00000000 f15:0x00000001 x12=0x00000001
     305145.000 ns	     30513	800066f4	f0030953	fmv.w.x	f18,x6	  x6:0x011ff8a6 f18=0x011ff8a6
     305165.000 ns	     30515	800066f8	410e85b3	sub	x11,x29,x16	 x29:0x011ff8a6 x16:0x80040fe4 x11=0x811be8c2
     305185.000 ns	     30517	800066fc	02964333	div	x6,x12,x9	 x12:0x00000001  x9:0x00000000  x6=0xffffffff
     305205.000 ns	     30519	80006700	413087b3	sub	x15,x1,x19	  x1:0x0886f698 x19:0x00000001 x15=0x0886f697
     305225.000 ns	     30521	80006704	03c50a33	mul	x20,x10,x28	 x10:0x80000000 x28:0x00000000 x20=0x00000000
     305255.000 ns	     30524	80006708	a0301c53	flt.s	x24,f0,f3	  f0:0x7fc00000  f3:0x80000000 x24=0x00000000
     305275.000 ns	     30526	8000670c	00c05433	srl	x8,x0,x12	  x0:0x00000000 x12:0x00000001  x8=0x00000000
     305295.000 ns	     30528	80006710	29f60cd3	fmin.s	f25,f12,f31	 f12:0x7fc00000 f31:0x4f000410 f25=0x4f000410
     305335.000 ns	     30532	80006714	11b518d3	fmul.s	f17,f10,f27	 f10:0x00000001 f27:0x7fc00000 f17=0x7fc00000
     305355.000 ns	     30534	80006718	c15b7893	andi	x17,x22,-1003	 x22:0x00000001 x17=0x00000001
     305375.000 ns	     30536	8000671c	e0021f53	fclass.s	x30,f4	  f4:0x00000000 x30=0x00000010
     305395.000 ns	     30538	80006720	c2e5bab7	lui	x21,0xc2e5b	 x21=0xc2e5b000
     305405.000 ns	     30539	80006724	92b8ba93	sltiu	x21,x17,-1749	 x17:0x00000001 x21=0x00000001
     305415.000 ns	     30540	80006728	00000013	addi	x0,x0,0	  x0:0x00000000
     305445.000 ns	     30543	8000672c	58024453	fsqrt.s	f8,f4	  f4:0x00000000  f8=0x00000000
     305465.000 ns	     30545	80006730	40755c33	sra	x24,x10,x7	 x10:0x80000000  x7:0x00000000 x24=0x80000000
     305475.000 ns	     30546	80006734	0014fa33	and	x20,x9,x1	  x9:0x00000000  x1:0x0886f698 x20=0x00000000
     305495.000 ns	     30548	80006738	0247e9b3	rem	x19,x15,x4	 x15:0x0886f697  x4:0x00000000 x19=0x0886f697
     305515.000 ns	     30550	8000673c	01501413	slli	x8,x0,0x15	  x0:0x00000000  x8=0x00000000
     305535.000 ns	     30552	80006740	d0112a53	fcvt.s.wu	f20,x2	  x2:0x00000000 f20=0x00000000
     305575.000 ns	     30556	80006744	5806f9d3	fsqrt.s	f19,f13	 f13:0x7fc00000 f19=0x7fc00000
     305945.000 ns	     30593	80006748	03b1f233	remu	x4,x3,x27	  x3:0x00000000 x27:0xf9af2af0  x4=0x00000000
     305965.000 ns	     30595	8000674c	40a35eb3	sra	x29,x6,x10	  x6:0xffffffff x10:0x80000000 x29=0xffffffff
     305975.000 ns	     30596	80006750	e777fa93	andi	x21,x15,-393	 x15:0x0886f697 x21=0x0886f617
     305995.000 ns	     30598	80006754	21631cd3	fsgnjn.s	f25,f6,f22	  f6:0xffc00000 f22:0x7fc00000 f25=0xffc00000
     306035.000 ns	     30602	80006758	580872d3	fsqrt.s	f5,f16	 f16:0x00000000  f5=0x00000000
     306065.000 ns	     30605	8000675c	20409253	fsgnjn.s	f4,f1,f4	  f1:0xe52600f2  f4:0x00000000  f4=0xe52600f2
     306095.000 ns	     30608	80006760	c00778d3	fcvt.w.s	x17,f14	 f14:0x7fc00000 x17=0x7fffffff
     306115.000 ns	     30610	80006764	75acbab7	lui	x21,0x75acb	 x21=0x75acb000
     306125.000 ns	     30611	80006768	016c6633	or	x12,x24,x22	 x24:0x80000000 x22:0x00000001 x12=0x80000001
     306145.000 ns	     30613	8000676c	e0009153	fclass.s	x2,f1	  f1:0xe52600f2  x2=0x00000002
     306175.000 ns	     30616	80006770	024323b3	mulhsu	x7,x6,x4	  x6:0xffffffff  x4:0x00000000  x7=0x00000000
     306195.000 ns	     30618	80006774	00914eb3	xor	x29,x2,x9	  x2:0x00000002  x9:0x00000000 x29=0x00000002
     306215.000 ns	     30620	80006778	28bf1ed3	fmax.s	f29,f30,f11	 f30:0x80000000 f11:0x44014000 f29=0x44014000
     306235.000 ns	     30622	8000677c	aa31ff13	andi	x30,x3,-1373	  x3:0x00000000 x30=0x00000000
     306245.000 ns	     30623	80006780	91a44913	xori	x18,x8,-1766	  x8:0x00000000 x18=0xfffff91a
     306255.000 ns	     30624	80006784	0087e1b3	or	x3,x15,x8	 x15:0x0886f697  x8:0x00000000  x3=0x0886f697
     306285.000 ns	     30627	80006788	100a7ed3	fmul.s	f29,f20,f0	 f20:0x00000000  f0:0x7fc00000 f29=0x7fc00000
     306315.000 ns	     30630	8000678c	c0130553	fcvt.wu.s	x10,f6	  f6:0xffc00000 x10=0xffffffff
     306335.000 ns	     30632	80006790	48dece17	auipc	x28,0x48dec	 x28=0xc8df2790
     306365.000 ns	     30635	80006794	19c1ae53	fdiv.s	f28,f3,f28	  f3:0x80000000 f28:0x7fc00000 f28=0x7fc00000
     306385.000 ns	     30637	80006798	00291a93	slli	x21,x18,0x2	 x18:0xfffff91a x21=0xffffe468
     306395.000 ns	     30638	8000679c	ff29f397	auipc	x7,0xff29f	  x7=0x7f2a579c
     306405.000 ns	     30639	800067a0	01a2d9b3	srl	x19,x5,x26	  x5:0x80041024 x26:0xffffffa5 x19=0x04002081
     306415.000 ns	     30640	800067a4	40b556b3	sra	x13,x10,x11	 x10:0xffffffff x11:0x811be8c2 x13=0xffffffff
     306775.000 ns	     30676	800067a8	03515cb3	divu	x25,x2,x21	  x2:0x00000002 x21:0xffffe468 x25=0x00000000
     306805.000 ns	     30679	800067ac	02081333	mulh	x6,x16,x0	 x16:0x80040fe4  x0:0x00000000  x6=0x00000000
     306825.000 ns	     30681	800067b0	fe860b93	addi	x23,x12,-24	 x12:0x80000001 x23=0x7fffffe9
     306845.000 ns	     30683	800067b4	a1849cd3	flt.s	x25,f9,f24	  f9:0x00000000 f24:0x7fc00000 x25=0x00000000
     306865.000 ns	     30685	800067b8	a90ca517	auipc	x10,0xa90ca	 x10=0x290d07b8
     306875.000 ns	     30686	800067bc	41095393	srai	x7,x18,0x10	 x18:0xfffff91a  x7=0xffffffff
     306895.000 ns	     30688	800067c0	036a3bb3	mulhu	x23,x20,x22	 x20:0x00000000 x22:0x00000001 x23=0x00000000
     306915.000 ns	     30690	800067c4	0117fd33	and	x26,x15,x17	 x15:0x0886f697 x17:0x7fffffff x26=0x0886f697
     306935.000 ns	     30692	800067c8	d017f8d3	fcvt.s.wu	f17,x15	 x15:0x0886f697 f17=0x4d086f69
     306955.000 ns	     30694	800067cc	41dc5bb3	sra	x23,x24,x29	 x24:0x80000000 x29:0x00000002 x23=0xe0000000
     306965.000 ns	     30695	800067d0	45183393	sltiu	x7,x16,1105	 x16:0x80040fe4  x7=0x00000000
     306995.000 ns	     30698	800067d4	18c7f0d3	fdiv.s	f1,f15,f12	 f15:0x00000001 f12:0x7fc00000  f1=0x7fc00000
     307015.000 ns	     30700	800067d8	00d35593	srli	x11,x6,0xd	  x6:0x00000000 x11=0x00000000
     307025.000 ns	     30701	800067dc	00dc88b3	add	x17,x25,x13	 x25:0x00000000 x13:0xffffffff x17=0xffffffff
     307035.000 ns	     30702	800067e0	abb82b93	slti	x23,x16,-1349	 x16:0x80040fe4 x23=0x00000001
     307055.000 ns	     30704	800067e4	03c4bcb3	mulhu	x25,x9,x28	  x9:0x00000000 x28:0xc8df2790 x25=0x00000000
     307075.000 ns	     30706	800067e8	c54f8c13	addi	x24,x31,-940	 x31:0x23ff14cc x24=0x23ff1120
     307085.000 ns	     30707	800067ec	018f3333	sltu	x6,x30,x24	 x30:0x00000000 x24:0x80000000  x6=0x00000001
     307095.000 ns	     30708	800067f0	00cb9693	slli	x13,x23,0xc	 x23:0x00000001 x13=0x00001000
     307115.000 ns	     30710	800067f4	c00b71d3	fcvt.w.s	x3,f22	 f22:0x7fc00000  x3=0x7fffffff
     307145.000 ns	     30713	800067f8	29bb80d3	fmin.s	f1,f23,f27	 f23:0x4b8ffc53 f27:0x7fc00000  f1=0x4b8ffc53
     307185.000 ns	     30717	800067fc	19837a53	fdiv.s	f20,f6,f24	  f6:0xffc00000 f24:0x7fc00000 f20=0x7fc00000
     307205.000 ns	     30719	80006800	a927d6b7	lui	x13,0xa927d	 x13=0xa927d000
     307215.000 ns	     30720	80006804	01e11433	sll	x8,x2,x30	  x2:0x00000002 x30:0x00000000  x8=0x00000002
     307225.000 ns	     30721	80006808	011e6eb3	or	x29,x28,x17	 x28:0xc8df2790 x17:0xffffffff x29=0xffffffff
     307235.000 ns	     30722	8000680c	015da733	slt	x14,x27,x21	 x27:0xf9af2af0 x21:0xffffe468 x14=0x00000001
     307255.000 ns	     30724	80006810	033a9233	mulh	x4,x21,x19	 x21:0xffffe468 x19:0x04002081  x4=0xffffff91
     307625.000 ns	     30761	80006814	03c94933	div	x18,x18,x28	 x18:0xfffff91a x28:0xc8df2790 x18=0x00000000
     307645.000 ns	     30763	80006818	ec15bc13	sltiu	x24,x11,-319	 x11:0x00000000 x24=0x00000001
     307655.000 ns	     30764	8000681c	2cacacb7	lui	x25,0x2caca	 x25=0x2caca000
     307665.000 ns	     30765	80006820	41d0d113	srai	x2,x1,0x1d	  x1:0x0886f698  x2=0x00000000
     307675.000 ns	     30766	80006824	b9b93513	sltiu	x10,x18,-1125	 x18:0x00000000 x10=0x00000001
     307695.000 ns	     30768	80006828	034cb0b3	mulhu	x1,x25,x20	 x25:0x2caca000 x20:0x00000000  x1=0x00000000
     308065.000 ns	     30805	8000682c	026ae4b3	rem	x9,x21,x6	 x21:0xffffe468  x6:0x00000001  x9=0x00000000
     308085.000 ns	     30807	80006830	493f0013	addi	x0,x30,1171	 x30:0x00000000
     308095.000 ns	     30808	80006834	b89f7b93	andi	x23,x30,-1143	 x30:0x00000000 x23=0x00000000
     308135.000 ns	     30812	80006838	0048f153	fadd.s	f2,f17,f4	 f17:0x4d086f69  f4:0xe52600f2  f2=0xe52600f2
     308165.000 ns	     30815	8000683c	21ff23d3	fsgnjx.s	f7,f30,f31	 f30:0x80000000 f31:0x4f000410  f7=0x80000000
     308185.000 ns	     30817	80006840	419b0133	sub	x2,x22,x25	 x22:0x00000001 x25:0x2caca000  x2=0xd3536001
     308545.000 ns	     30853	80006844	023dffb3	remu	x31,x27,x3	 x27:0xf9af2af0  x3:0x7fffffff x31=0x79af2af1
     308565.000 ns	     30855	80006848	f929fb93	andi	x23,x19,-110	 x19:0x04002081 x23=0x04002080
     308585.000 ns	     30857	8000684c	d00411d3	fcvt.s.w	f3,x8	  x8:0x00000002  f3=0x40000000
     308615.000 ns	     30860	80006850	c0094253	fcvt.w.s	x4,f18	 f18:0x011ff8a6  x4=0x00000000
     308645.000 ns	     30863	80006854	a1098053	fle.s	x0,f19,f16	 f19:0x7fc00000 f16:0x00000000
     308675.000 ns	     30866	80006858	21868a53	fsgnj.s	f20,f13,f24	 f13:0x7fc00000 f24:0x7fc00000 f20=0x7fc00000
     308705.000 ns	     30869	8000685c	a1cb0e53	fle.s	x28,f22,f28	 f22:0x7fc00000 f28:0x7fc00000 x28=0x00000000
     308735.000 ns	     30872	80006860	02b31d33	mulh	x26,x6,x11	  x6:0x00000001 x11:0x00000000 x26=0x00000000
     308765.000 ns	     30875	80006864	f0088f53	fmv.w.x	f30,x17	 x17:0xffffffff f30=0xffffffff
     308785.000 ns	     30877	80006868	ab940313	addi	x6,x8,-1351	  x8:0x00000002  x6=0xfffffabb
     309145.000 ns	     30913	8000686c	02f4dc33	divu	x24,x9,x15	  x9:0x00000000 x15:0x0886f697 x24=0x00000000
     309165.000 ns	     30915	80006870	01b19013	slli	x0,x3,0x1b	  x3:0x7fffffff
     309175.000 ns	     30916	80006874	007e78b3	and	x17,x28,x7	 x28:0x00000000  x7:0x00000000 x17=0x00000000
     309535.000 ns	     30952	80006878	0368e233	rem	x4,x17,x22	 x17:0xffffffff x22:0x00000001  x4=0x00000000
     309565.000 ns	     30955	8000687c	21c301d3	fsgnj.s	f3,f6,f28	  f6:0xffc00000 f28:0x7fc00000  f3=0x7fc00000
     309595.000 ns	     30958	80006880	03ea7e33	remu	x28,x20,x30	 x20:0x00000000 x30:0x00000000 x28=0x00000000
     309625.000 ns	     30961	80006884	c0187053	fcvt.wu.s	x0,f16	 f16:0x00000000
     309645.000 ns	     30963	80006888	00473cb3	sltu	x25,x14,x4	 x14:0x00000001  x4:0x00000000 x25=0x00000000
     309665.000 ns	     30965	8000688c	a12927d3	feq.s	x15,f18,f18	 f18:0x011ff8a6 f18:0x011ff8a6 x15=0x00000001
     309685.000 ns	     30967	80006890	90a06f13	ori	x30,x0,-1782	  x0:0x00000000 x30=0xfffff90a
     309705.000 ns	     30969	80006894	025886b3	mul	x13,x17,x5	 x17:0x00000000  x5:0x80041024 x13=0x00000000
     309725.000 ns	     30971	80006898	005ad033	srl	x0,x21,x5	 x21:0xffffe468  x5:0x80041024
     309745.000 ns	     30973	8000689c	e0078c53	fmv.x.w	x24,f15	 f15:0x00000001 x24=0x00000001
     309775.000 ns	     30976	800068a0	29019353	fmax.s	f6,f3,f16	  f3:0x7fc00000 f16:0x00000000  f6=0x00000000
     309815.000 ns	     30980	800068a4	580b75d3	fsqrt.s	f11,f22	 f22:0x7fc00000 f11=0x7fc00000
     309835.000 ns	     30982	800068a8	00651993	slli	x19,x10,0x6	 x10:0x00000001 x19=0x00000040
     309855.000 ns	     30984	800068ac	024976b3	remu	x13,x18,x4	 x18:0x00000000  x4:0x00000000 x13=0x00000000
     309875.000 ns	     30986	800068b0	402bd413	srai	x8,x23,0x2	 x23:0x04002080  x8=0x01000820
     309895.000 ns	     30988	800068b4	e00694d3	fclass.s	x9,f13	 f13:0x7fc00000  x9=0x00000200
     309925.000 ns	     30991	800068b8	280e0f53	fmin.s	f30,f28,f0	 f28:0x7fc00000  f0:0x7fc00000 f30=0x7fc00000
     309955.000 ns	     30994	800068bc	c00428d3	fcvt.w.s	x17,f8	  f8:0x00000000 x17=0x00000000
     309975.000 ns	     30996	800068c0	dababb13	sltiu	x22,x21,-597	 x21:0xffffe468 x22=0x00000001
     309995.000 ns	     30998	800068c4	e0081253	fclass.s	x4,f16	 f16:0x00000000  x4=0x00000010
     310015.000 ns	     31000	800068c8	41d8db93	srai	x23,x17,0x1d	 x17:0x00000000 x23=0x00000000
     310035.000 ns	     31002	800068cc	29691d53	fmax.s	f26,f18,f22	 f18:0x011ff8a6 f22:0x7fc00000 f26=0x011ff8a6
     310055.000 ns	     31004	800068d0	e8259e37	lui	x28,0xe8259	 x28=0xe8259000
     310075.000 ns	     31006	800068d4	a18595d3	flt.s	x11,f11,f24	 f11:0x7fc00000 f24:0x7fc00000 x11=0x00000000
     310115.000 ns	     31010	800068d8	1993fed3	fdiv.s	f29,f7,f25	  f7:0x80000000 f25:0xffc00000 f29=0x7fc00000
     310165.000 ns	     31015	800068dc	0888fdd3	fsub.s	f27,f17,f8	 f17:0x4d086f69  f8:0x00000000 f27=0x4d086f69
     310195.000 ns	     31018	800068e0	20d905d3	fsgnj.s	f11,f18,f13	 f18:0x011ff8a6 f13:0x7fc00000 f11=0x011ff8a6
     310565.000 ns	     31055	800068e4	02edce33	div	x28,x27,x14	 x27:0xf9af2af0 x14:0x00000001 x28=0xf9af2af0
     310605.000 ns	     31059	800068e8	10e28653	fmul.s	f12,f5,f14	  f5:0x00000000 f14:0x7fc00000 f12=0x7fc00000
     310625.000 ns	     31061	800068ec	01e2c0b3	xor	x1,x5,x30	  x5:0x80041024 x30:0xfffff90a  x1=0x7ffbe92e
     310645.000 ns	     31063	800068f0	a0e485d3	fle.s	x11,f9,f14	  f9:0x00000000 f14:0x7fc00000 x11=0x00000000
     310665.000 ns	     31065	800068f4	93f27e13	andi	x28,x4,-1729	  x4:0x00000010 x28=0x00000010
     311025.000 ns	     31101	800068f8	0247f433	remu	x8,x15,x4	 x15:0x00000001  x4:0x00000010  x8=0x00000001
     311075.000 ns	     31106	800068fc	0044a8d3	fadd.s	f17,f9,f4	  f9:0x00000000  f4:0xe52600f2 f17=0xe52600f2
     311095.000 ns	     31108	80006900	00590033	add	x0,x18,x5	 x18:0x00000000  x5:0x80041024
     311115.000 ns	     31110	80006904	e0099d53	fclass.s	x26,f19	 f19:0x7fc00000 x26=0x00000200
     311145.000 ns	     31113	80006908	d01d0953	fcvt.s.wu	f18,x26	 x26:0x00000000 f18=0x44000000
     311175.000 ns	     31116	8000690c	023fb333	mulhu	x6,x31,x3	 x31:0x79af2af1  x3:0x7fffffff  x6=0x3cd79578
     311205.000 ns	     31119	80006910	29170ed3	fmin.s	f29,f14,f17	 f14:0x7fc00000 f17:0xe52600f2 f29=0xe52600f2
     311235.000 ns	     31122	80006914	20c60253	fsgnj.s	f4,f12,f12	 f12:0x7fc00000 f12:0x7fc00000  f4=0x7fc00000
     311255.000 ns	     31124	80006918	01cbd413	srli	x8,x23,0x1c	 x23:0x00000000  x8=0x00000000
     311275.000 ns	     31126	8000691c	0249a533	mulhsu	x10,x19,x4	 x19:0x00000040  x4:0x00000010 x10=0x00000000
     311305.000 ns	     31129	80006920	0314e4b3	rem	x9,x9,x17	  x9:0x00000200 x17:0x00000000  x9=0x00000200
     311325.000 ns	     31131	80006924	00cbc7b3	xor	x15,x23,x12	 x23:0x00000000 x12:0x80000001 x15=0x80000001
     311335.000 ns	     31132	80006928	01d39793	slli	x15,x7,0x1d	  x7:0x00000000 x15=0x00000000
     311355.000 ns	     31134	8000692c	20181553	fsgnjn.s	f10,f16,f1	 f16:0x00000000  f1:0x4b8ffc53 f10=0x80000000
     311375.000 ns	     31136	80006930	41445ab3	sra	x21,x8,x20	  x8:0x00000000 x20:0x00000000 x21=0x00000000
     311385.000 ns	     31137	80006934	40e4d7b3	sra	x15,x9,x14	  x9:0x00000200 x14:0x00000001 x15=0x00000100
     311395.000 ns	     31138	80006938	00081a33	sll	x20,x16,x0	 x16:0x80040fe4  x0:0x00000000 x20=0x80040fe4
     311415.000 ns	     31140	8000693c	d004f253	fcvt.s.w	f4,x9	  x9:0x00000200  f4=0x44000000
     311435.000 ns	     31142	80006940	844bba13	sltiu	x20,x23,-1980	 x23:0x00000000 x20=0x00000001
     311445.000 ns	     31143	80006944	7859f793	andi	x15,x19,1925	 x19:0x00000040 x15=0x00000000
     311485.000 ns	     31147	80006948	0184bad3	fadd.s	f21,f9,f24	  f9:0x00000000 f24:0x7fc00000 f21=0x7fc00000
     311505.000 ns	     31149	8000694c	00b9bcb3	sltu	x25,x19,x11	 x19:0x00000040 x11:0x00000000 x25=0x00000000
     311525.000 ns	     31151	80006950	a14a88d3	fle.s	x17,f21,f20	 f21:0x7fc00000 f20:0x7fc00000 x17=0x00000000
     311545.000 ns	     31153	80006954	009cd133	srl	x2,x25,x9	 x25:0x00000000  x9:0x00000200  x2=0x00000000
     311555.000 ns	     31154	80006958	01999493	slli	x9,x19,0x19	 x19:0x00000040  x9=0x80000000
     311565.000 ns	     31155	8000695c	402ad9b3	sra	x19,x21,x2	 x21:0x00000000  x2:0xd3536001 x19=0x00000000
     311925.000 ns	     31191	80006960	025fceb3	div	x29,x31,x5	 x31:0x79af2af1  x5:0x80041024 x29=0x00000000
     311945.000 ns	     31193	80006964	01167733	and	x14,x12,x17	 x12:0x80000001 x17:0x00000000 x14=0x00000000
     311955.000 ns	     31194	80006968	01178933	add	x18,x15,x17	 x15:0x00000000 x17:0x00000000 x18=0x00000000
     313125.000 ns	     31311	8000696c	5800f053	fsqrt.s	f0,f1	  f1:0x4b8ffc53  f0=0x4587c1c6
     313145.000 ns	     31313	80006970	11ff7913	andi	x18,x30,287	 x30:0xfffff90a x18=0x0000010a
     313165.000 ns	     31315	80006974	0353b3b3	mulhu	x7,x7,x21	  x7:0x00000000 x21:0x00000000  x7=0x00000000
     313195.000 ns	     31318	80006978	02704333	div	x6,x0,x7	  x0:0x00000000  x7:0x00000000  x6=0xffffffff
     313225.000 ns	     31321	8000697c	0334a333	mulhsu	x6,x9,x19	  x9:0x80000000 x19:0x00000000  x6=0x00000000
     313245.000 ns	     31323	80006980	489f2597	auipc	x11,0x489f2	 x11=0xc89f8980
     313605.000 ns	     31359	80006984	032ac533	div	x10,x21,x18	 x21:0x00000000 x18:0x0000010a x10=0x00000000
     313635.000 ns	     31362	80006988	28ab16d3	fmax.s	f13,f22,f10	 f22:0x7fc00000 f10:0x80000000 f13=0x80000000
     313655.000 ns	     31364	8000698c	34afbd37	lui	x26,0x34afb	 x26=0x34afb000
     313665.000 ns	     31365	80006990	0109a9b3	slt	x19,x19,x16	 x19:0x00000000 x16:0x80040fe4 x19=0x00000000
     313685.000 ns	     31367	80006994	d013b1d3	fcvt.s.wu	f3,x7	  x7:0x00000000  f3=0x00000000
     313705.000 ns	     31369	80006998	010aea33	or	x20,x21,x16	 x21:0x00000000 x16:0x80040fe4 x20=0x80040fe4
     313715.000 ns	     31370	8000699c	41540d33	sub	x26,x8,x21	  x8:0x00000000 x21:0x00000000 x26=0x00000000
     313755.000 ns	     31374	800069a0	007dfc53	fadd.s	f24,f27,f7	 f27:0x4d086f69  f7:0x80000000 f24=0x4d086f69
     313775.000 ns	     31376	800069a4	40725bb3	sra	x23,x4,x7	  x4:0x00000010  x7:0x00000000 x23=0x00000010
     313785.000 ns	     31377	800069a8	40980133	sub	x2,x16,x9	 x16:0x80040fe4  x9:0x80000000  x2=0x00040fe4
     313805.000 ns	     31379	800069ac	a1c32b53	feq.s	x22,f6,f28	  f6:0x00000000 f28:0x7fc00000 x22=0x00000000
     313835.000 ns	     31382	800069b0	03200233	mul	x4,x0,x18	  x0:0x00000000 x18:0x0000010a  x4=0x00000000
     313855.000 ns	     31384	800069b4	41ce5a93	srai	x21,x28,0x1c	 x28:0x00000010 x21=0x00000000
     313865.000 ns	     31385	800069b8	41e65133	sra	x2,x12,x30	 x12:0x80000001 x30:0xfffff90a  x2=0xffe00000
     313885.000 ns	     31387	800069bc	e00b8253	fmv.x.w	x4,f23	 f23:0x4b8ffc53  x4=0x4b8ffc53
     313915.000 ns	     31390	800069c0	c01bb5d3	fcvt.wu.s	x11,f23	 f23:0x4b8ffc53 x11=0x011ff8a6
     313945.000 ns	     31393	800069c4	20a303d3	fsgnj.s	f7,f6,f10	  f6:0x00000000 f10:0x80000000  f7=0x80000000
     313975.000 ns	     31396	800069c8	219000d3	fsgnj.s	f1,f0,f25	  f0:0x4587c1c6 f25:0xffc00000  f1=0xc587c1c6
     314025.000 ns	     31401	800069cc	08997e53	fsub.s	f28,f18,f9	 f18:0x44000000  f9:0x00000000 f28=0x44000000
     314065.000 ns	     31405	800069d0	19979d53	fdiv.s	f26,f15,f25	 f15:0x00000001 f25:0xffc00000 f26=0x7fc00000
     314095.000 ns	     31408	800069d4	c0017353	fcvt.w.s	x6,f2	  f2:0xe52600f2  x6=0x80000000
     314125.000 ns	     31411	800069d8	f00e0a53	fmv.w.x	f20,x28	 x28:0x00000010 f20=0x00000010
     314145.000 ns	     31413	800069dc	00000013	addi	x0,x0,0	  x0:0x00000000
     314505.000 ns	     31449	800069e0	0380e933	rem	x18,x1,x24	  x1:0x7ffbe92e x24:0x00000001 x18=0x00000000
     314525.000 ns	     31451	800069e4	53abc413	xori	x8,x23,1338	 x23:0x00000010  x8=0x0000052a
     314545.000 ns	     31453	800069e8	a1080253	fle.s	x4,f16,f16	 f16:0x00000000 f16:0x00000000  x4=0x00000001
     314565.000 ns	     31455	800069ec	017b8bb3	add	x23,x23,x23	 x23:0x00000010 x23:0x00000010 x23=0x00000020
     314585.000 ns	     31457	800069f0	02f29f33	mulh	x30,x5,x15	  x5:0x80041024 x15:0x00000000 x30=0x00000000
     314605.000 ns	     31459	800069f4	f2a2b413	sltiu	x8,x5,-214	  x5:0x80041024  x8=0x00000001
     314635.000 ns	     31462	800069f8	58047753	fsqrt.s	f14,f8	  f8:0x00000000 f14=0x00000000
     314655.000 ns	     31464	800069fc	00f0e233	or	x4,x1,x15	  x1:0x7ffbe92e x15:0x00000000  x4=0x7ffbe92e
     314685.000 ns	     31467	80006a00	11128bd3	fmul.s	f23,f5,f17	  f5:0x00000000 f17:0xe52600f2 f23=0x80000000
     314705.000 ns	     31469	80006a04	00b783b3	add	x7,x15,x11	 x15:0x00000000 x11:0x011ff8a6  x7=0x011ff8a6
     314715.000 ns	     31470	80006a08	38877593	andi	x11,x14,904	 x14:0x00000000 x11=0x00000000
     314725.000 ns	     31471	80006a0c	41508eb3	sub	x29,x1,x21	  x1:0x7ffbe92e x21:0x00000000 x29=0x7ffbe92e
     314745.000 ns	     31473	80006a10	c0147fd3	fcvt.wu.s	x31,f8	  f8:0x00000000 x31=0x00000000
     314775.000 ns	     31476	80006a14	02401eb3	mulh	x29,x0,x4	  x0:0x00000000  x4:0x7ffbe92e x29=0x00000000
     314795.000 ns	     31478	80006a18	00299733	sll	x14,x19,x2	 x19:0x00000000  x2:0xffe00000 x14=0x00000000
     314815.000 ns	     31480	80006a1c	03f8c8b3	div	x17,x17,x31	 x17:0x00000000 x31:0x00000000 x17=0xffffffff
     314835.000 ns	     31482	80006a20	01b278b3	and	x17,x4,x27	  x4:0x7ffbe92e x27:0xf9af2af0 x17=0x79ab2820
     314855.000 ns	     31484	80006a24	02532033	mulhsu	x0,x6,x5	  x6:0x80000000  x5:0x80041024
     314885.000 ns	     31487	80006a28	a00b1cd3	flt.s	x25,f22,f0	 f22:0x7fc00000  f0:0x4587c1c6 x25=0x00000000
     314915.000 ns	     31490	80006a2c	03606eb3	rem	x29,x0,x22	  x0:0x00000000 x22:0x00000000 x29=0x00000000
     314935.000 ns	     31492	80006a30	19aaa793	slti	x15,x21,410	 x21:0x00000000 x15=0x00000001
     314945.000 ns	     31493	80006a34	00ae7e33	and	x28,x28,x10	 x28:0x00000010 x10:0x00000000 x28=0x00000000
     314965.000 ns	     31495	80006a38	a1768653	fle.s	x12,f13,f23	 f13:0x80000000 f23:0x80000000 x12=0x00000001
     314985.000 ns	     31497	80006a3c	f9fb3a13	sltiu	x20,x22,-97	 x22:0x00000000 x20=0x00000001
     315005.000 ns	     31499	80006a40	a0f40cd3	fle.s	x25,f8,f15	  f8:0x00000000 f15:0x00000001 x25=0x00000001
     315035.000 ns	     31502	80006a44	a1e987d3	fle.s	x15,f19,f30	 f19:0x7fc00000 f30:0x7fc00000 x15=0x00000000
     315065.000 ns	     31505	80006a48	e00a16d3	fclass.s	x13,f20	 f20:0x00000010 x13=0x00000020
     315095.000 ns	     31508	80006a4c	d007b6d3	fcvt.s.w	f13,x15	 x15:0x00000000 f13=0x00000000
     315145.000 ns	     31513	80006a50	0144a653	fadd.s	f12,f9,f20	  f9:0x00000000 f20:0x00000010 f12=0x00000010
     315175.000 ns	     31516	80006a54	297586d3	fmin.s	f13,f11,f23	 f11:0x011ff8a6 f23:0x80000000 f13=0x80000000
     315205.000 ns	     31519	80006a58	e00094d3	fclass.s	x9,f1	  f1:0xc587c1c6  x9=0x00000002
     315255.000 ns	     31524	80006a5c	08f77e53	fsub.s	f28,f14,f15	 f14:0x00000000 f15:0x00000001 f28=0x80000001
     315305.000 ns	     31529	80006a60	08e475d3	fsub.s	f11,f8,f14	  f8:0x00000000 f14:0x00000000 f11=0x80000000
     315355.000 ns	     31534	80006a64	09f77d53	fsub.s	f26,f14,f31	 f14:0x00000000 f31:0x4f000410 f26=0xcf000410
     315375.000 ns	     31536	80006a68	00e9d1b3	srl	x3,x19,x14	 x19:0x00000000 x14:0x00000000  x3=0x00000000
     315385.000 ns	     31537	80006a6c	00e194b3	sll	x9,x3,x14	  x3:0x7fffffff x14:0x00000000  x9=0x00000000
     315395.000 ns	     31538	80006a70	4090da33	sra	x20,x1,x9	  x1:0x7ffbe92e  x9:0x00000002 x20=0x7ffbe92e
     315415.000 ns	     31540	80006a74	f00588d3	fmv.w.x	f17,x11	 x11:0x00000000 f17=0x00000000
     315785.000 ns	     31577	80006a78	02c14433	div	x8,x2,x12	  x2:0xffe00000 x12:0x00000001  x8=0xffe00000
     315815.000 ns	     31580	80006a7c	e00c0053	fmv.x.w	x0,f24	 f24:0x4d086f69
     315845.000 ns	     31583	80006a80	e0098fd3	fmv.x.w	x31,f19	 f19:0x7fc00000 x31=0x7fc00000
     315865.000 ns	     31585	80006a84	003dbeb3	sltu	x29,x27,x3	 x27:0xf9af2af0  x3:0x00000000 x29=0x00000000
     315885.000 ns	     31587	80006a88	f0088753	fmv.w.x	f14,x17	 x17:0x79ab2820 f14=0x79ab2820
     315905.000 ns	     31589	80006a8c	40f35f93	srai	x31,x6,0xf	  x6:0x80000000 x31=0xffff0000
     315925.000 ns	     31591	80006a90	28df1fd3	fmax.s	f31,f30,f13	 f30:0x7fc00000 f13:0x80000000 f31=0x80000000
     315945.000 ns	     31593	80006a94	401707b3	sub	x15,x14,x1	 x14:0x00000000  x1:0x7ffbe92e x15=0x800416d2
     315965.000 ns	     31595	80006a98	d01af153	fcvt.s.wu	f2,x21	 x21:0x00000000  f2=0x00000000
     315995.000 ns	     31598	80006a9c	03eb6e33	rem	x28,x22,x30	 x22:0x00000000 x30:0x00000000 x28=0x00000000
     316015.000 ns	     31600	80006aa0	009c2ab3	slt	x21,x24,x9	 x24:0x00000001  x9:0x00000000 x21=0x00000000
     316055.000 ns	     31604	80006aa4	09ff71d3	fsub.s	f3,f30,f31	 f30:0x7fc00000 f31:0x80000000  f3=0x7fc00000
     316075.000 ns	     31606	80006aa8	1914a517	auipc	x10,0x1914a	 x10=0x99150aa8
     316085.000 ns	     31607	80006aac	1c7dcf93	xori	x31,x27,455	 x27:0xf9af2af0 x31=0xf9af2b37
     316105.000 ns	     31609	80006ab0	d01f2653	fcvt.s.wu	f12,x30	 x30:0x00000000 f12=0x00000000
     316145.000 ns	     31613	80006ab4	1983b1d3	fdiv.s	f3,f7,f24	  f7:0x80000000 f24:0x4d086f69  f3=0x80000000
     316165.000 ns	     31615	80006ab8	004bcfb3	xor	x31,x23,x4	 x23:0x00000020  x4:0x7ffbe92e x31=0x7ffbe90e
     316185.000 ns	     31617	80006abc	02afaeb3	mulhsu	x29,x31,x10	 x31:0xf9af2b37 x10:0x99150aa8 x29=0x4c881347
     316235.000 ns	     31622	80006ac0	01f63dd3	fadd.s	f27,f12,f31	 f12:0x00000000 f31:0x80000000 f27=0x80000000
     316605.000 ns	     31659	80006ac4	03fefcb3	remu	x25,x29,x31	 x29:0x4c881347 x31:0x7ffbe90e x25=0x4c881347
     316625.000 ns	     31661	80006ac8	010906b3	add	x13,x18,x16	 x18:0x00000000 x16:0x80040fe4 x13=0x80040fe4
     316645.000 ns	     31663	80006acc	c01b4553	fcvt.wu.s	x10,f22	 f22:0x7fc00000 x10=0xffffffff
     316675.000 ns	     31666	80006ad0	0318bcb3	mulhu	x25,x17,x17	 x17:0x79ab2820 x17:0x79ab2820 x25=0x39d33e5c
     316705.000 ns	     31669	80006ad4	c00e7253	fcvt.w.s	x4,f28	 f28:0x80000001  x4=0x00000000
     316725.000 ns	     31671	80006ad8	4169de13	srai	x28,x19,0x16	 x19:0x00000000 x28=0x00000000
     316745.000 ns	     31673	80006adc	021917b3	mulh	x15,x18,x1	 x18:0x00000000  x1:0x7ffbe92e x15=0x00000000
     316765.000 ns	     31675	80006ae0	00000013	addi	x0,x0,0	  x0:0x00000000
     316775.000 ns	     31676	80006ae4	5bcca413	slti	x8,x25,1468	 x25:0x39d33e5c  x8=0x00000000
     316785.000 ns	     31677	80006ae8	e706ff93	andi	x31,x13,-400	 x13:0x80040fe4 x31=0x80040e60
     316805.000 ns	     31679	80006aec	035bb033	mulhu	x0,x23,x21	 x23:0x00000020 x21:0x00000000
     316825.000 ns	     31681	80006af0	7cfa8397	auipc	x7,0x7cfa8	  x7=0xfcfaeaf0
     316845.000 ns	     31683	80006af4	03a6b733	mulhu	x14,x13,x26	 x13:0x80040fe4 x26:0x00000000 x14=0x00000000
     316865.000 ns	     31685	80006af8	f02bcb13	xori	x22,x23,-254	 x23:0x00000020 x22=0xffffff22
     316875.000 ns	     31686	80006afc	01ee28b3	slt	x17,x28,x30	 x28:0x00000000 x30:0x00000000 x17=0x00000000
     316885.000 ns	     31687	80006b00	93aca593	slti	x11,x25,-1734	 x25:0x39d33e5c x11=0x00000000
     316895.000 ns	     31688	80006b04	77c86193	ori	x3,x16,1916	 x16:0x80040fe4  x3=0x80040ffc
     316915.000 ns	     31690	80006b08	03e00ab3	mul	x21,x0,x30	  x0:0x00000000 x30:0x00000000 x21=0x00000000
     316945.000 ns	     31693	80006b0c	201c8bd3	fsgnj.s	f23,f25,f1	 f25:0xffc00000  f1:0xc587c1c6 f23=0xffc00000
     317285.000 ns	     31727	80006b10	19a726d3	fdiv.s	f13,f14,f26	 f14:0x79ab2820 f26:0xcf000410 f13=0xe9ab2820
     317305.000 ns	     31729	80006b14	413d88b3	sub	x17,x27,x19	 x27:0xf9af2af0 x19:0x00000000 x17=0xf9af2af0
     317325.000 ns	     31731	80006b18	c00c7cd3	fcvt.w.s	x25,f24	 f24:0x4d086f69 x25=0x0886f690
     317355.000 ns	     31734	80006b1c	a16509d3	fle.s	x19,f10,f22	 f10:0x80000000 f22:0x7fc00000 x19=0x00000000
     317375.000 ns	     31736	80006b20	a24c2c93	slti	x25,x24,-1500	 x24:0x00000001 x25=0x00000000
     317395.000 ns	     31738	80006b24	20ef2b53	fsgnjx.s	f22,f30,f14	 f30:0x7fc00000 f14:0x79ab2820 f22=0x7fc00000
     317425.000 ns	     31741	80006b28	21228653	fsgnj.s	f12,f5,f18	  f5:0x00000000 f18:0x44000000 f12=0x00000000
     317455.000 ns	     31744	80006b2c	29769553	fmax.s	f10,f13,f23	 f13:0xe9ab2820 f23:0xffc00000 f10=0xe9ab2820
     317485.000 ns	     31747	80006b30	d0057353	fcvt.s.w	f6,x10	 x10:0xffffffff  f6=0xbf800000
     317515.000 ns	     31750	80006b34	d00bf153	fcvt.s.w	f2,x23	 x23:0x00000020  f2=0x42000000
     317545.000 ns	     31753	80006b38	21521853	fsgnjn.s	f16,f4,f21	  f4:0x44000000 f21:0x7fc00000 f16=0xc4000000
     317565.000 ns	     31755	80006b3c	00a866b3	or	x13,x16,x10	 x16:0x80040fe4 x10:0xffffffff x13=0xffffffff
     317575.000 ns	     31756	80006b40	e3d38d37	lui	x26,0xe3d38	 x26=0xe3d38000
     317585.000 ns	     31757	80006b44	00ce0cb3	add	x25,x28,x12	 x28:0x00000000 x12:0x00000001 x25=0x00000001
     317595.000 ns	     31758	80006b48	01a9dd33	srl	x26,x19,x26	 x19:0x00000000 x26:0x00000000 x26=0x00000000
     317615.000 ns	     31760	80006b4c	d00e00d3	fcvt.s.w	f1,x28	 x28:0x00000000  f1=0x00000000
     317635.000 ns	     31762	80006b50	00774133	xor	x2,x14,x7	 x14:0x00000000  x7:0xfcfaeaf0  x2=0xfcfaeaf0
     317645.000 ns	     31763	80006b54	00385013	srli	x0,x16,0x3	 x16:0x80040fe4
     317655.000 ns	     31764	80006b58	c3044493	xori	x9,x8,-976	  x8:0x00000000  x9=0xfffffc30
     317675.000 ns	     31766	80006b5c	a0cd8bd3	fle.s	x23,f27,f12	 f27:0x80000000 f12:0x00000000 x23=0x00000001
     317695.000 ns	     31768	80006b60	00ff84b3	add	x9,x31,x15	 x31:0x80040e60 x15:0x00000000  x9=0x80040e60
     317705.000 ns	     31769	80006b64	68030493	addi	x9,x6,1664	  x6:0x80000000  x9=0x80000680
     317715.000 ns	     31770	80006b68	3a8a2893	slti	x17,x20,936	 x20:0x7ffbe92e x17=0x00000000
     317735.000 ns	     31772	80006b6c	a1c01bd3	flt.s	x23,f0,f28	  f0:0x4587c1c6 f28:0x80000001 x23=0x00000000
     318105.000 ns	     31809	80006b70	029e76b3	remu	x13,x28,x9	 x28:0x00000000  x9:0x80000680 x13=0x00000000
     318125.000 ns	     31811	80006b74	45f9a317	auipc	x6,0x45f9a	  x6=0xc5fa0b74
     318135.000 ns	     31812	80006b78	01347fb3	and	x31,x8,x19	  x8:0x00000000 x19:0x00000000 x31=0x00000000
     318145.000 ns	     31813	80006b7c	4190d213	srai	x4,x1,0x19	  x1:0x7ffbe92e  x4=0x0000003f
     318155.000 ns	     31814	80006b80	4c484313	xori	x6,x16,1220	 x16:0x80040fe4  x6=0x80040b20
     318165.000 ns	     31815	80006b84	00478f33	add	x30,x15,x4	 x15:0x00000000  x4:0x00000000 x30=0x0000003f
     318185.000 ns	     31817	80006b88	288890d3	fmax.s	f1,f17,f8	 f17:0x00000000  f8:0x00000000  f1=0x00000000
     318205.000 ns	     31819	80006b8c	01e37933	and	x18,x6,x30	  x6:0x80040b20 x30:0x00000000 x18=0x00000020
     318215.000 ns	     31820	80006b90	00a46333	or	x6,x8,x10	  x8:0x00000000 x10:0xffffffff  x6=0xffffffff
     318235.000 ns	     31822	80006b94	d00473d3	fcvt.s.w	f7,x8	  x8:0x00000000  f7=0x00000000
     318255.000 ns	     31824	80006b98	fff58393	addi	x7,x11,-1	 x11:0x00000000  x7=0xffffffff
     318275.000 ns	     31826	80006b9c	204a0cd3	fsgnj.s	f25,f20,f4	 f20:0x00000010  f4:0x44000000 f25=0x00000010
     318305.000 ns	     31829	80006ba0	037fa533	mulhsu	x10,x31,x23	 x31:0x00000000 x23:0x00000000 x10=0x00000000
     318335.000 ns	     31832	80006ba4	a1342bd3	feq.s	x23,f8,f19	  f8:0x00000000 f19:0x7fc00000 x23=0x00000000
     318355.000 ns	     31834	80006ba8	013b27b3	slt	x15,x22,x19	 x22:0xffffff22 x19:0x00000000 x15=0x00000001
     318375.000 ns	     31836	80006bac	a0a629d3	feq.s	x19,f12,f10	 f12:0x00000000 f10:0xe9ab2820 x19=0x00000000
     318405.000 ns	     31839	80006bb0	a01a0ad3	fle.s	x21,f20,f1	 f20:0x00000010  f1:0x00000000 x21=0x00000000
     318455.000 ns	     31844	80006bb4	01d27953	fadd.s	f18,f4,f29	  f4:0x44000000 f29:0xe52600f2 f18=0xe52600f2
     318505.000 ns	     31849	80006bb8	00a94753	fadd.s	f14,f18,f10	 f18:0x44000000 f10:0xe9ab2820 f14=0xe9ab7b20
     318535.000 ns	     31852	80006bbc	c002b6d3	fcvt.w.s	x13,f5	  f5:0x00000000 x13=0x00000000
     318565.000 ns	     31855	80006bc0	e00d8d53	fmv.x.w	x26,f27	 f27:0x80000000 x26=0x80000000
     318905.000 ns	     31889	80006bc4	19ca1353	fdiv.s	f6,f20,f28	 f20:0x00000010 f28:0x80000001  f6=0xb5b4b4b6
     318925.000 ns	     31891	80006bc8	b2aebb13	sltiu	x22,x29,-1238	 x29:0x4c881347 x22=0x00000001
     318945.000 ns	     31893	80006bcc	02c6a8b3	mulhsu	x17,x13,x12	 x13:0x00000000 x12:0x00000001 x17=0x00000000
     318965.000 ns	     31895	80006bd0	0162bcb3	sltu	x25,x5,x22	  x5:0x80041024 x22:0xffffff22 x25=0x00000000
     318985.000 ns	     31897	80006bd4	29698753	fmin.s	f14,f19,f22	 f19:0x7fc00000 f22:0x7fc00000 f14=0x7fc00000
     319005.000 ns	     31899	80006bd8	01485b93	srli	x23,x16,0x14	 x16:0x80040fe4 x23=0x00000800
     319015.000 ns	     31900	80006bdc	417b0233	sub	x4,x22,x23	 x22:0x00000001 x23:0x00000000  x4=0xfffff801
     319025.000 ns	     31901	80006be0	c9a38213	addi	x4,x7,-870	  x7:0xffffffff  x4=0xfffffc99
     319035.000 ns	     31902	80006be4	00000013	addi	x0,x0,0	  x0:0x00000000
     319045.000 ns	     31903	80006be8	45834313	xori	x6,x6,1112	  x6:0xffffffff  x6=0xfffffba7
     319065.000 ns	     31905	80006bec	023523b3	mulhsu	x7,x10,x3	 x10:0x00000000  x3:0x80040ffc  x7=0x00000000
     319105.000 ns	     31909	80006bf0	197cf7d3	fdiv.s	f15,f25,f23	 f25:0x00000010 f23:0xffc00000 f15=0x7fc00000
     319125.000 ns	     31911	80006bf4	015b1113	slli	x2,x22,0x15	 x22:0x00000001  x2=0x00200000
     319145.000 ns	     31913	80006bf8	0335e7b3	rem	x15,x11,x19	 x11:0x00000000 x19:0x00000000 x15=0x00000000
     319165.000 ns	     31915	80006bfc	a45d7693	andi	x13,x26,-1467	 x26:0x80000000 x13=0x80000000
     319185.000 ns	     31917	80006c00	f00c85d3	fmv.w.x	f11,x25	 x25:0x00000000 f11=0x00000000
     319205.000 ns	     31919	80006c04	412483b3	sub	x7,x9,x18	  x9:0x80000680 x18:0x00000020  x7=0x80000660
     319225.000 ns	     31921	80006c08	a00606d3	fle.s	x13,f12,f0	 f12:0x00000000  f0:0x4587c1c6 x13=0x00000001
     319255.000 ns	     31924	80006c0c	290c03d3	fmin.s	f7,f24,f16	 f24:0x4d086f69 f16:0xc4000000  f7=0xc4000000
     319275.000 ns	     31926	80006c10	00566ab3	or	x21,x12,x5	 x12:0x00000001  x5:0x80041024 x21=0x80041025
     319285.000 ns	     31927	80006c14	01f7df93	srli	x31,x15,0x1f	 x15:0x00000000 x31=0x00000000
     319305.000 ns	     31929	80006c18	209d1953	fsgnjn.s	f18,f26,f9	 f26:0xcf000410  f9:0x00000000 f18=0xcf000410
     319355.000 ns	     31934	80006c1c	00b9f253	fadd.s	f4,f19,f11	 f19:0x7fc00000 f11:0x00000000  f4=0x7fc00000
     319375.000 ns	     31936	80006c20	2205a393	slti	x7,x11,544	 x11:0x00000000  x7=0x00000001
     319415.000 ns	     31940	80006c24	081193d3	fsub.s	f7,f3,f1	  f3:0x80000000  f1:0x00000000  f7=0x80000000
     319435.000 ns	     31942	80006c28	00ef7bb3	and	x23,x30,x14	 x30:0x0000003f x14:0x00000000 x23=0x00000000
     319455.000 ns	     31944	80006c2c	213e8d53	fsgnj.s	f26,f29,f19	 f29:0xe52600f2 f19:0x7fc00000 f26=0x652600f2
     319485.000 ns	     31947	80006c30	c01744d3	fcvt.wu.s	x9,f14	 f14:0x7fc00000  x9=0xffffffff
     319505.000 ns	     31949	80006c34	001fc133	xor	x2,x31,x1	 x31:0x00000000  x1:0x7ffbe92e  x2=0x7ffbe92e
     319525.000 ns	     31951	80006c38	e0090253	fmv.x.w	x4,f18	 f18:0xcf000410  x4=0xcf000410
     319555.000 ns	     31954	80006c3c	21a01bd3	fsgnjn.s	f23,f0,f26	  f0:0x4587c1c6 f26:0x652600f2 f23=0xc587c1c6
     319595.000 ns	     31958	80006c40	580df653	fsqrt.s	f12,f27	 f27:0x80000000 f12=0x80000000
     319615.000 ns	     31960	80006c44	41125033	sra	x0,x4,x17	  x4:0xcf000410 x17:0x00000000
     319655.000 ns	     31964	80006c48	09fe3bd3	fsub.s	f23,f28,f31	 f28:0x80000001 f31:0x80000000 f23=0x80000001
     319675.000 ns	     31966	80006c4c	013f4f33	xor	x30,x30,x19	 x30:0x0000003f x19:0x00000000 x30=0x0000003f
     319685.000 ns	     31967	80006c50	018f3f33	sltu	x30,x30,x24	 x30:0x0000003f x24:0x00000001 x30=0x00000000
     319695.000 ns	     31968	80006c54	01cf5f13	srli	x30,x30,0x1c	 x30:0x0000003f x30=0x00000000
     319715.000 ns	     31970	80006c58	d00e88d3	fcvt.s.w	f17,x29	 x29:0x4c881347 f17=0x4e991026
     319735.000 ns	     31972	80006c5c	014538b3	sltu	x17,x10,x20	 x10:0x00000000 x20:0x7ffbe92e x17=0x00000001
     320095.000 ns	     32008	80006c60	02795c33	divu	x24,x18,x7	 x18:0x00000020  x7:0x00000001 x24=0x00000020
     320125.000 ns	     32011	80006c64	03fc01b3	mul	x3,x24,x31	 x24:0x00000001 x31:0x00000000  x3=0x00000000
     320155.000 ns	     32014	80006c68	21df8353	fsgnj.s	f6,f31,f29	 f31:0x80000000 f29:0xe52600f2  f6=0x80000000
     320175.000 ns	     32016	80006c6c	005a1433	sll	x8,x20,x5	 x20:0x7ffbe92e  x5:0x80041024  x8=0xffbe92e0
     320195.000 ns	     32018	80006c70	a130a8d3	feq.s	x17,f1,f19	  f1:0x00000000 f19:0x7fc00000 x17=0x00000000
     320215.000 ns	     32020	80006c74	73740f93	addi	x31,x8,1847	  x8:0x00000000 x31=0xffbe9a17
     320235.000 ns	     32022	80006c78	28828f53	fmin.s	f30,f5,f8	  f5:0x00000000  f8:0x00000000 f30=0x00000000
     320265.000 ns	     32025	80006c7c	2060a1d3	fsgnjx.s	f3,f1,f6	  f1:0x00000000  f6:0x80000000  f3=0x80000000
     320285.000 ns	     32027	80006c80	361abd13	sltiu	x26,x21,865	 x21:0x80041025 x26=0x00000000
     320305.000 ns	     32029	80006c84	c00bf753	fcvt.w.s	x14,f23	 f23:0x80000001 x14=0x00000000
     320335.000 ns	     32032	80006c88	d00dfed3	fcvt.s.w	f29,x27	 x27:0xf9af2af0 f29=0xccca1aa2
     320355.000 ns	     32034	80006c8c	01c79113	slli	x2,x15,0x1c	 x15:0x00000000  x2=0x00000000
     320375.000 ns	     32036	80006c90	a1990953	fle.s	x18,f18,f25	 f18:0xcf000410 f25:0x00000010 x18=0x00000001
     320395.000 ns	     32038	80006c94	00000013	addi	x0,x0,0	  x0:0x00000000
     320755.000 ns	     32074	80006c98	0389d433	divu	x8,x19,x24	 x19:0x00000000 x24:0x00000020  x8=0x00000000
     320785.000 ns	     32077	80006c9c	c00fc6d3	fcvt.w.s	x13,f31	 f31:0x80000000 x13=0x00000000
     320815.000 ns	     32080	80006ca0	c01500d3	fcvt.wu.s	x1,f10	 f10:0xe9ab2820  x1=0x00000000
     320835.000 ns	     32082	80006ca4	013db9b3	sltu	x19,x27,x19	 x27:0xf9af2af0 x19:0x00000000 x19=0x00000000
     320845.000 ns	     32083	80006ca8	24aff013	andi	x0,x31,586	 x31:0xffbe9a17
     320885.000 ns	     32087	80006cac	003b7953	fadd.s	f18,f22,f3	 f22:0x7fc00000  f3:0x80000000 f18=0x7fc00000
     320905.000 ns	     32089	80006cb0	00cbc733	xor	x14,x23,x12	 x23:0x00000000 x12:0x00000001 x14=0x00000001
     320915.000 ns	     32090	80006cb4	00296033	or	x0,x18,x2	 x18:0x00000001  x2:0x00000000
     320925.000 ns	     32091	80006cb8	12e4fc93	andi	x25,x9,302	  x9:0xffffffff x25=0x0000012e
     320945.000 ns	     32093	80006cbc	e0038953	fmv.x.w	x18,f7	  f7:0x80000000 x18=0x80000000
     320965.000 ns	     32095	80006cc0	010b90b3	sll	x1,x23,x16	 x23:0x00000000 x16:0x80040fe4  x1=0x00000000
     320975.000 ns	     32096	80006cc4	fa72f8b7	lui	x17,0xfa72f	 x17=0xfa72f000
     320985.000 ns	     32097	80006cc8	00e110b3	sll	x1,x2,x14	  x2:0x00000000 x14:0x00000001  x1=0x00000000
     320995.000 ns	     32098	80006ccc	be6e0e93	addi	x29,x28,-1050	 x28:0x00000000 x29=0xfffffbe6
     321015.000 ns	     32100	80006cd0	03150233	mul	x4,x10,x17	 x10:0x00000000 x17:0xfa72f000  x4=0x00000000
     321035.000 ns	     32102	80006cd4	82146a93	ori	x21,x8,-2015	  x8:0x00000000 x21=0xfffff821
     321055.000 ns	     32104	80006cd8	285f0fd3	fmin.s	f31,f30,f5	 f30:0x00000000  f5:0x00000000 f31=0x00000000
     321085.000 ns	     32107	80006cdc	21e811d3	fsgnjn.s	f3,f16,f30	 f16:0xc4000000 f30:0x00000000  f3=0xc4000000
     321115.000 ns	     32110	80006ce0	a0ec13d3	flt.s	x7,f24,f14	 f24:0x4d086f69 f14:0x7fc00000  x7=0x00000000
     321145.000 ns	     32113	80006ce4	e0078753	fmv.x.w	x14,f15	 f15:0x7fc00000 x14=0x7fc00000
     321165.000 ns	     32115	80006ce8	00000013	addi	x0,x0,0	  x0:0x00000000
     321175.000 ns	     32116	80006cec	01b19fb3	sll	x31,x3,x27	  x3:0x00000000 x27:0xf9af2af0 x31=0x00000000
     321185.000 ns	     32117	80006cf0	f0f77593	andi	x11,x14,-241	 x14:0x7fc00000 x11=0x7fc00000
     321205.000 ns	     32119	80006cf4	a0db1fd3	flt.s	x31,f22,f13	 f22:0x7fc00000 f13:0xe9ab2820 x31=0x00000000
     321225.000 ns	     32121	80006cf8	0129a6b3	slt	x13,x19,x18	 x19:0x00000000 x18:0x80000000 x13=0x00000000
     321265.000 ns	     32125	80006cfc	0928c3d3	fsub.s	f7,f17,f18	 f17:0x4e991026 f18:0x7fc00000  f7=0x7fc00000
     321295.000 ns	     32128	80006d00	c01e34d3	fcvt.wu.s	x9,f28	 f28:0x80000001  x9=0x00000000
     321345.000 ns	     32133	80006d04	01a875d3	fadd.s	f11,f16,f26	 f16:0xc4000000 f26:0x652600f2 f11=0x652600f2
     321395.000 ns	     32138	80006d08	09b61853	fsub.s	f16,f12,f27	 f12:0x80000000 f27:0x80000000 f16=0x00000000
     321425.000 ns	     32141	80006d0c	f0030053	fmv.w.x	f0,x6	  x6:0xfffffba7  f0=0xfffffba7
     321455.000 ns	     32144	80006d10	e0021a53	fclass.s	x20,f4	  f4:0x7fc00000 x20=0x00000200
     321485.000 ns	     32147	80006d14	d0147f53	fcvt.s.wu	f30,x8	  x8:0x00000000 f30=0x00000000
     321515.000 ns	     32150	80006d18	02d8dbb3	divu	x23,x17,x13	 x17:0xfa72f000 x13:0x00000000 x23=0xffffffff
     321535.000 ns	     32152	80006d1c	4024d5b3	sra	x11,x9,x2	  x9:0x00000000  x2:0x00000000 x11=0x00000000
     321555.000 ns	     32154	80006d20	281d1ed3	fmax.s	f29,f26,f1	 f26:0x652600f2  f1:0x00000000 f29=0x652600f2
     321585.000 ns	     32157	80006d24	e0048d53	fmv.x.w	x26,f9	  f9:0x00000000 x26=0x00000000
     321605.000 ns	     32159	80006d28	8430f793	andi	x15,x1,-1981	  x1:0x00000000 x15=0x00000000
     321625.000 ns	     32161	80006d2c	a0512553	feq.s	x10,f2,f5	  f2:0x42000000  f5:0x00000000 x10=0x00000000
     321655.000 ns	     32164	80006d30	e00b16d3	fclass.s	x13,f22	 f22:0x7fc00000 x13=0x00000200
     321675.000 ns	     32166	80006d34	0114b433	sltu	x8,x9,x17	  x9:0x00000000 x17:0xfa72f000  x8=0x00000001
     321685.000 ns	     32167	80006d38	005db133	sltu	x2,x27,x5	 x27:0xf9af2af0  x5:0x80041024  x2=0x00000000
     321705.000 ns	     32169	80006d3c	029683b3	mul	x7,x13,x9	 x13:0x00000200  x9:0x00000000  x7=0x00000000
     321725.000 ns	     32171	80006d40	aabf8a93	addi	x21,x31,-1365	 x31:0x00000000 x21=0xfffffaab
     321735.000 ns	     32172	80006d44	41328033	sub	x0,x5,x19	  x5:0x80041024 x19:0x00000000
     321755.000 ns	     32174	80006d48	02a05133	divu	x2,x0,x10	  x0:0x00000000 x10:0x00000000  x2=0xffffffff
     321785.000 ns	     32177	80006d4c	20d8add3	fsgnjx.s	f27,f17,f13	 f17:0x4e991026 f13:0xe9ab2820 f27=0xce991026
     321805.000 ns	     32179	80006d50	00fb00b3	add	x1,x22,x15	 x22:0x00000001 x15:0x00000000  x1=0x00000001
     321815.000 ns	     32180	80006d54	0197d713	srli	x14,x15,0x19	 x15:0x00000000 x14=0x00000000
     321825.000 ns	     32181	80006d58	01d0d793	srli	x15,x1,0x1d	  x1:0x00000000 x15=0x00000000
     322185.000 ns	     32217	80006d5c	02cdf633	remu	x12,x27,x12	 x27:0xf9af2af0 x12:0x00000001 x12=0x00000000
     322205.000 ns	     32219	80006d60	0088d433	srl	x8,x17,x8	 x17:0xfa72f000  x8:0x00000001  x8=0x7d397800
     322565.000 ns	     32255	80006d64	028b59b3	divu	x19,x22,x8	 x22:0x00000001  x8:0x00000001 x19=0x00000000
     322585.000 ns	     32257	80006d68	40ee55b3	sra	x11,x28,x14	 x28:0x00000000 x14:0x00000000 x11=0x00000000
     322945.000 ns	     32293	80006d6c	038475b3	remu	x11,x8,x24	  x8:0x7d397800 x24:0x00000020 x11=0x00000000
     322975.000 ns	     32296	80006d70	d000f6d3	fcvt.s.w	f13,x1	  x1:0x00000001 f13=0x3f800000
     323005.000 ns	     32299	80006d74	02acb233	mulhu	x4,x25,x10	 x25:0x0000012e x10:0x00000000  x4=0x00000000
     323035.000 ns	     32302	80006d78	020da233	mulhsu	x4,x27,x0	 x27:0xf9af2af0  x0:0x00000000  x4=0x00000000
     323065.000 ns	     32305	80006d7c	033438b3	mulhu	x17,x8,x19	  x8:0x7d397800 x19:0x00000000 x17=0x00000000
     323105.000 ns	     32309	80006d80	580e7e53	fsqrt.s	f28,f28	 f28:0x80000001 f28=0x7fc00000
     323125.000 ns	     32311	80006d84	342b3093	sltiu	x1,x22,834	 x22:0x00000001  x1=0x00000001
     323145.000 ns	     32313	80006d88	29ae8fd3	fmin.s	f31,f29,f26	 f29:0x652600f2 f26:0x652600f2 f31=0x652600f2
     323175.000 ns	     32316	80006d8c	038a2d33	mulhsu	x26,x20,x24	 x20:0x00000200 x24:0x00000020 x26=0x00000000
     323205.000 ns	     32319	80006d90	28da1153	fmax.s	f2,f20,f13	 f20:0x00000010 f13:0x3f800000  f2=0x3f800000
     323235.000 ns	     32322	80006d94	02fcbd33	mulhu	x26,x25,x15	 x25:0x0000012e x15:0x00000000 x26=0x00000000
     323255.000 ns	     32324	80006d98	00000013	addi	x0,x0,0	  x0:0x00000000
     323275.000 ns	     32326	80006d9c	02796733	rem	x14,x18,x7	 x18:0x80000000  x7:0x00000000 x14=0x80000000
     323295.000 ns	     32328	80006da0	482bf593	andi	x11,x23,1154	 x23:0xffffffff x11=0x00000482
     323315.000 ns	     32330	80006da4	027c1e33	mulh	x28,x24,x7	 x24:0x00000020  x7:0x00000000 x28=0x00000000
     323345.000 ns	     32333	80006da8	e00f8f53	fmv.x.w	x30,f31	 f31:0x652600f2 x30=0x652600f2
     323365.000 ns	     32335	80006dac	f6d88a97	auipc	x21,0xf6d88	 x21=0x76d8edac
     323375.000 ns	     32336	80006db0	00f506b3	add	x13,x10,x15	 x10:0x00000000 x15:0x00000000 x13=0x00000000
     323385.000 ns	     32337	80006db4	b3a0c093	xori	x1,x1,-1222	  x1:0x00000001  x1=0xfffffb3b
     323395.000 ns	     32338	80006db8	40e65eb3	sra	x29,x12,x14	 x12:0x00000000 x14:0x80000000 x29=0x00000000
     324245.000 ns	     32423	80006dbc	580fbbd3	fsqrt.s	f23,f31	 f31:0x652600f2 f23=0x51eac34e
     324265.000 ns	     32425	80006dc0	01db4c33	xor	x24,x22,x29	 x22:0x00000001 x29:0xfffffbe6 x24=0x00000001
     324285.000 ns	     32427	80006dc4	02fcb133	mulhu	x2,x25,x15	 x25:0x0000012e x15:0x00000000  x2=0x00000000
     324315.000 ns	     32430	80006dc8	201b1e53	fsgnjn.s	f28,f22,f1	 f22:0x7fc00000  f1:0x00000000 f28=0xffc00000
     324345.000 ns	     32433	80006dcc	297982d3	fmin.s	f5,f19,f23	 f19:0x7fc00000 f23:0x51eac34e  f5=0x51eac34e
     324375.000 ns	     32436	80006dd0	e0010453	fmv.x.w	x8,f2	  f2:0x3f800000  x8=0x3f800000
     324405.000 ns	     32439	80006dd4	03b1bfb3	mulhu	x31,x3,x27	  x3:0x00000000 x27:0xf9af2af0 x31=0x00000000
     324425.000 ns	     32441	80006dd8	79857f13	andi	x30,x10,1944	 x10:0x00000000 x30=0x00000000
     324435.000 ns	     32442	80006ddc	ef766c93	ori	x25,x12,-265	 x12:0x00000000 x25=0xfffffef7
     324445.000 ns	     32443	80006de0	00ce6233	or	x4,x28,x12	 x28:0x00000000 x12:0x00000000  x4=0x00000000
     324465.000 ns	     32445	80006de4	f00e8853	fmv.w.x	f16,x29	 x29:0x00000000 f16=0x00000000
     324495.000 ns	     32448	80006de8	284a8253	fmin.s	f4,f21,f4	 f21:0x7fc00000  f4:0x7fc00000  f4=0x7fc00000
     324525.000 ns	     32451	80006dec	21b320d3	fsgnjx.s	f1,f6,f27	  f6:0x80000000 f27:0xce991026  f1=0x00000000
     324545.000 ns	     32453	80006df0	00125693	srli	x13,x4,0x1	  x4:0x00000000 x13=0x00000000
     324555.000 ns	     32454	80006df4	408e5193	srai	x3,x28,0x8	 x28:0x00000000  x3=0x00000000
     324565.000 ns	     32455	80006df8	1dbb5c97	auipc	x25,0x1dbb5	 x25=0x9dbbbdf8
     324575.000 ns	     32456	80006dfc	006a9333	sll	x6,x21,x6	 x21:0x76d8edac  x6:0xfffffba7  x6=0x6c76d600
     324595.000 ns	     32458	80006e00	c00219d3	fcvt.w.s	x19,f4	  f4:0x7fc00000 x19=0x7fffffff
     324625.000 ns	     32461	80006e04	d00526d3	fcvt.s.w	f13,x10	 x10:0x00000000 f13=0x00000000
     324645.000 ns	     32463	80006e08	01f29d13	slli	x26,x5,0x1f	  x5:0x80041024 x26=0x00000000
     324665.000 ns	     32465	80006e0c	03771eb3	mulh	x29,x14,x23	 x14:0x80000000 x23:0xffffffff x29=0x00000000
     324705.000 ns	     32469	80006e10	110a8b53	fmul.s	f22,f21,f16	 f21:0x7fc00000 f16:0x00000000 f22=0x7fc00000
     324735.000 ns	     32472	80006e14	03e72f33	mulhsu	x30,x14,x30	 x14:0x80000000 x30:0x00000000 x30=0x00000000
     324765.000 ns	     32475	80006e18	c00abbd3	fcvt.w.s	x23,f21	 f21:0x7fc00000 x23=0x7fffffff
     324785.000 ns	     32477	80006e1c	461a0493	addi	x9,x20,1121	 x20:0x00000200  x9=0x00000661
     324795.000 ns	     32478	80006e20	01c22f33	slt	x30,x4,x28	  x4:0x00000000 x28:0x00000000 x30=0x00000000
     325155.000 ns	     32514	80006e24	03854133	div	x2,x10,x24	 x10:0x00000000 x24:0x00000001  x2=0x00000000
     325175.000 ns	     32516	80006e28	bf4ef013	andi	x0,x29,-1036	 x29:0x00000000
     325185.000 ns	     32517	80006e2c	002cbbb3	sltu	x23,x25,x2	 x25:0x9dbbbdf8  x2:0x00000000 x23=0x00000000
     325195.000 ns	     32518	80006e30	7549e437	lui	x8,0x7549e	  x8=0x7549e000
     325205.000 ns	     32519	80006e34	a2c77a13	andi	x20,x14,-1492	 x14:0x80000000 x20=0x80000000
     325225.000 ns	     32521	80006e38	d019fad3	fcvt.s.wu	f21,x19	 x19:0x7fffffff f21=0x4effffff
     325255.000 ns	     32524	80006e3c	02c42133	mulhsu	x2,x8,x12	  x8:0x7549e000 x12:0x00000000  x2=0x00000000
     325285.000 ns	     32527	80006e40	a1c6a9d3	feq.s	x19,f13,f28	 f13:0x00000000 f28:0xffc00000 x19=0x00000000
     325305.000 ns	     32529	80006e44	404bd633	sra	x12,x23,x4	 x23:0x00000000  x4:0x00000000 x12=0x00000000
     325315.000 ns	     32530	80006e48	40c857b3	sra	x15,x16,x12	 x16:0x80040fe4 x12:0x00000000 x15=0x80040fe4
     325335.000 ns	     32532	80006e4c	29249853	fmax.s	f16,f9,f18	  f9:0x00000000 f18:0x7fc00000 f16=0x00000000
     325355.000 ns	     32534	80006e50	1fa1aa93	slti	x21,x3,506	  x3:0x00000000 x21=0x00000001
     325365.000 ns	     32535	80006e54	466d0393	addi	x7,x26,1126	 x26:0x00000000  x7=0x00000466
     325375.000 ns	     32536	80006e58	41fd8a33	sub	x20,x27,x31	 x27:0xf9af2af0 x31:0x00000000 x20=0xf9af2af0
     325385.000 ns	     32537	80006e5c	7abc6c93	ori	x25,x24,1963	 x24:0x00000001 x25=0x000007ab
     325405.000 ns	     32539	80006e60	032d2e33	mulhsu	x28,x26,x18	 x26:0x00000000 x18:0x80000000 x28=0x00000000
     325775.000 ns	     32576	80006e64	02897c33	remu	x24,x18,x8	 x18:0x80000000  x8:0x7549e000 x24=0x0ab62000
     325795.000 ns	     32578	80006e68	1c02c313	xori	x6,x5,448	  x5:0x80041024  x6=0x800411e4
     325805.000 ns	     32579	80006e6c	db562d13	slti	x26,x12,-587	 x12:0x00000000 x26=0x00000000
     325825.000 ns	     32581	80006e70	02c334b3	mulhu	x9,x6,x12	  x6:0x6c76d600 x12:0x00000000  x9=0x00000000
     325845.000 ns	     32583	80006e74	8dc54d13	xori	x26,x10,-1828	 x10:0x00000000 x26=0xfffff8dc
     325855.000 ns	     32584	80006e78	c5b0ea13	ori	x20,x1,-933	  x1:0xfffffb3b x20=0xffffff7b
     325865.000 ns	     32585	80006e7c	010d3bb3	sltu	x23,x26,x16	 x26:0x00000000 x16:0x80040fe4 x23=0x00000000
     325875.000 ns	     32586	80006e80	d7eff617	auipc	x12,0xd7eff	 x12=0x57f05e80
     325885.000 ns	     32587	80006e84	80c22093	slti	x1,x4,-2036	  x4:0x00000000  x1=0x00000000
     326245.000 ns	     32623	80006e88	0326e333	rem	x6,x13,x18	 x13:0x00000000 x18:0x80000000  x6=0x00000000
     326265.000 ns	     32625	80006e8c	010301b3	add	x3,x6,x16	  x6:0x800411e4 x16:0x80040fe4  x3=0x80040fe4
     326285.000 ns	     32627	80006e90	20f0a0d3	fsgnjx.s	f1,f1,f15	  f1:0x00000000 f15:0x7fc00000  f1=0x00000000
     326305.000 ns	     32629	80006e94	0127a233	slt	x4,x15,x18	 x15:0x80040fe4 x18:0x80000000  x4=0x00000000
     326335.000 ns	     32632	80006e98	113f16d3	fmul.s	f13,f30,f19	 f30:0x00000000 f19:0x7fc00000 f13=0x7fc00000
     326355.000 ns	     32634	80006e9c	ae47bf93	sltiu	x31,x15,-1308	 x15:0x80040fe4 x31=0x00000001
     326375.000 ns	     32636	80006ea0	03022333	mulhsu	x6,x4,x16	  x4:0x00000000 x16:0x80040fe4  x6=0x00000000
     326395.000 ns	     32638	80006ea4	de49fb37	lui	x22,0xde49f	 x22=0xde49f000
     326415.000 ns	     32640	80006ea8	02ffa6b3	mulhsu	x13,x31,x15	 x31:0x00000001 x15:0x80040fe4 x13=0x00000000
     326465.000 ns	     32645	80006eac	011183d3	fadd.s	f7,f3,f17	  f3:0xc4000000 f17:0x4e991026  f7=0x4e991022
     326495.000 ns	     32648	80006eb0	c0170ad3	fcvt.wu.s	x21,f14	 f14:0x7fc00000 x21=0xffffffff
     326515.000 ns	     32650	80006eb4	4029d413	srai	x8,x19,0x2	 x19:0x00000000  x8=0x00000000
     326535.000 ns	     32652	80006eb8	03610ab3	mul	x21,x2,x22	  x2:0x00000000 x22:0xde49f000 x21=0x00000000
     326565.000 ns	     32655	80006ebc	02e396b3	mulh	x13,x7,x14	  x7:0x00000466 x14:0x80000000 x13=0xfffffdcd
     326585.000 ns	     32657	80006ec0	1eb4f537	lui	x10,0x1eb4f	 x10=0x1eb4f000
     326605.000 ns	     32659	80006ec4	c009b753	fcvt.w.s	x14,f19	 f19:0x7fc00000 x14=0x7fffffff
     326635.000 ns	     32662	80006ec8	d005f453	fcvt.s.w	f8,x11	 x11:0x00000482  f8=0x44904000
     326665.000 ns	     32665	80006ecc	023d0d33	mul	x26,x26,x3	 x26:0xfffff8dc  x3:0x80040fe4 x26=0xe2fe87f0
     326695.000 ns	     32668	80006ed0	28538c53	fmin.s	f24,f7,f5	  f7:0x4e991022  f5:0x51eac34e f24=0x4e991022
     326725.000 ns	     32671	80006ed4	03d6f933	remu	x18,x13,x29	 x13:0xfffffdcd x29:0x00000000 x18=0xfffffdcd
     326755.000 ns	     32674	80006ed8	e0069ad3	fclass.s	x21,f13	 f13:0x7fc00000 x21=0x00000200
     326785.000 ns	     32677	80006edc	a1009953	flt.s	x18,f1,f16	  f1:0x00000000 f16:0x00000000 x18=0x00000000
     326805.000 ns	     32679	80006ee0	009fd993	srli	x19,x31,0x9	 x31:0x00000001 x19=0x00000000
     326825.000 ns	     32681	80006ee4	c00b1ad3	fcvt.w.s	x21,f22	 f22:0x7fc00000 x21=0x7fffffff
     326845.000 ns	     32683	80006ee8	0097d893	srli	x17,x15,0x9	 x15:0x80040fe4 x17=0x00400207
     326865.000 ns	     32685	80006eec	28f60153	fmin.s	f2,f12,f15	 f12:0x80000000 f15:0x7fc00000  f2=0x80000000
     326895.000 ns	     32688	80006ef0	024901b3	mul	x3,x18,x4	 x18:0x00000000  x4:0x00000000  x3=0x00000000
     326925.000 ns	     32691	80006ef4	c0000653	fcvt.w.s	x12,f0	  f0:0xfffffba7 x12=0x7fffffff
     326945.000 ns	     32693	80006ef8	00051d33	sll	x26,x10,x0	 x10:0x1eb4f000  x0:0x00000000 x26=0x1eb4f000
     326955.000 ns	     32694	80006efc	410fdc93	srai	x25,x31,0x10	 x31:0x00000001 x25=0x00000000
     326965.000 ns	     32695	80006f00	2a758917	auipc	x18,0x2a758	 x18=0xaa75ef00
     326975.000 ns	     32696	80006f04	00f0cfb3	xor	x31,x1,x15	  x1:0x00000000 x15:0x80040fe4 x31=0x80040fe4
     326995.000 ns	     32698	80006f08	207f1853	fsgnjn.s	f16,f30,f7	 f30:0x00000000  f7:0x4e991022 f16=0x80000000
     327015.000 ns	     32700	80006f0c	2ffd6c13	ori	x24,x26,767	 x26:0x1eb4f000 x24=0x1eb4f2ff
     327035.000 ns	     32702	80006f10	d01c7cd3	fcvt.s.wu	f25,x24	 x24:0x0ab62000 f25=0x4df5a797
     328215.000 ns	     32820	80006f14	580282d3	fsqrt.s	f5,f5	  f5:0x51eac34e  f5=0x48ad592a
     328245.000 ns	     32823	80006f18	d00aa3d3	fcvt.s.w	f7,x21	 x21:0x7fffffff  f7=0x4f000000
     328275.000 ns	     32826	80006f1c	0339c933	div	x18,x19,x19	 x19:0x00000000 x19:0x00000000 x18=0xffffffff
     328305.000 ns	     32829	80006f20	29249ad3	fmax.s	f21,f9,f18	  f9:0x00000000 f18:0x7fc00000 f21=0x00000000
     328325.000 ns	     32831	80006f24	40d45013	srai	x0,x8,0xd	  x8:0x00000000
     328335.000 ns	     32832	80006f28	01677b33	and	x22,x14,x22	 x14:0x7fffffff x22:0xde49f000 x22=0x5e49f000
     328345.000 ns	     32833	80006f2c	ba47bf93	sltiu	x31,x15,-1116	 x15:0x80040fe4 x31=0x00000001
     328355.000 ns	     32834	80006f30	01d3a133	slt	x2,x7,x29	  x7:0x00000466 x29:0x00000000  x2=0x00000000
     328365.000 ns	     32835	80006f34	01a45133	srl	x2,x8,x26	  x8:0x00000000 x26:0x1eb4f000  x2=0x00000000
     328385.000 ns	     32837	80006f38	02f88033	mul	x0,x17,x15	 x17:0x00400207 x15:0x80040fe4
     328415.000 ns	     32840	80006f3c	d00e40d3	fcvt.s.w	f1,x28	 x28:0x00000000  f1=0x00000000
     328445.000 ns	     32843	80006f40	a0f707d3	fle.s	x15,f14,f15	 f14:0x7fc00000 f15:0x7fc00000 x15=0x00000000
     328475.000 ns	     32846	80006f44	28a794d3	fmax.s	f9,f15,f10	 f15:0x7fc00000 f10:0xe9ab2820  f9=0xe9ab2820
     328505.000 ns	     32849	80006f48	a1bb9fd3	flt.s	x31,f23,f27	 f23:0x51eac34e f27:0xce991026 x31=0x00000000
     328535.000 ns	     32852	80006f4c	a17f96d3	flt.s	x13,f31,f23	 f31:0x652600f2 f23:0x51eac34e x13=0x00000000
     328565.000 ns	     32855	80006f50	29490353	fmin.s	f6,f18,f20	 f18:0x7fc00000 f20:0x00000010  f6=0x00000010
     328585.000 ns	     32857	80006f54	a825ab13	slti	x22,x11,-1406	 x11:0x00000482 x22=0x00000000
     328605.000 ns	     32859	80006f58	29ee11d3	fmax.s	f3,f28,f30	 f28:0xffc00000 f30:0x00000000  f3=0x00000000
     328625.000 ns	     32861	80006f5c	00f37f33	and	x30,x6,x15	  x6:0x00000000 x15:0x00000000 x30=0x00000000
     328655.000 ns	     32864	80006f60	580f72d3	fsqrt.s	f5,f30	 f30:0x00000000  f5=0x00000000
     328685.000 ns	     32867	80006f64	d008c153	fcvt.s.w	f2,x17	 x17:0x00400207  f2=0x4a80040e
     328715.000 ns	     32870	80006f68	205e9c53	fsgnjn.s	f24,f29,f5	 f29:0x652600f2  f5:0x00000000 f24=0xe52600f2
     328745.000 ns	     32873	80006f6c	e00e1253	fclass.s	x4,f28	 f28:0xffc00000  x4=0x00000200
     328785.000 ns	     32877	80006f70	19b87453	fdiv.s	f8,f16,f27	 f16:0x80000000 f27:0xce991026  f8=0x00000000
     328805.000 ns	     32879	80006f74	5da03117	auipc	x2,0x5da03	  x2=0xdda09f74
     328815.000 ns	     32880	80006f78	40cb5f33	sra	x30,x22,x12	 x22:0x00000000 x12:0x7fffffff x30=0x00000000
     328845.000 ns	     32883	80006f7c	58067953	fsqrt.s	f18,f12	 f12:0x80000000 f18=0x80000000
     328865.000 ns	     32885	80006f80	0128de33	srl	x28,x17,x18	 x17:0x00400207 x18:0xffffffff x28=0x00000000
     328885.000 ns	     32887	80006f84	03e254b3	divu	x9,x4,x30	  x4:0x00000200 x30:0x00000000  x9=0xffffffff
     328915.000 ns	     32890	80006f88	028b7eb3	remu	x29,x22,x8	 x22:0x00000000  x8:0x00000000 x29=0x00000000
     328945.000 ns	     32893	80006f8c	a1798953	fle.s	x18,f19,f23	 f19:0x7fc00000 f23:0x51eac34e x18=0x00000000
     329315.000 ns	     32930	80006f90	02e8f5b3	remu	x11,x17,x14	 x17:0x00400207 x14:0x7fffffff x11=0x00400207
     329335.000 ns	     32932	80006f94	015890b3	sll	x1,x17,x21	 x17:0x00400207 x21:0x7fffffff  x1=0x80000000
     329345.000 ns	     32933	80006f98	005125b3	slt	x11,x2,x5	  x2:0xdda09f74  x5:0x80041024 x11=0x00000000
     329355.000 ns	     32934	80006f9c	12108513	addi	x10,x1,289	  x1:0x00000000 x10=0x80000121
     329375.000 ns	     32936	80006fa0	d006f3d3	fcvt.s.w	f7,x13	 x13:0x00000000  f7=0x00000000
     329395.000 ns	     32938	80006fa4	011fb333	sltu	x6,x31,x17	 x31:0x00000000 x17:0x00400207  x6=0x00000001
     329415.000 ns	     32940	80006fa8	20cf07d3	fsgnj.s	f15,f30,f12	 f30:0x00000000 f12:0x80000000 f15=0x80000000
     329445.000 ns	     32943	80006fac	e00f9b53	fclass.s	x22,f31	 f31:0x652600f2 x22=0x00000040
     329485.000 ns	     32947	80006fb0	103caad3	fmul.s	f21,f25,f3	 f25:0x4df5a797  f3:0x00000000 f21=0x00000000
     329535.000 ns	     32952	80006fb4	016144d3	fadd.s	f9,f2,f22	  f2:0x4a80040e f22:0x7fc00000  f9=0x7fc00000
     329565.000 ns	     32955	80006fb8	a1ae83d3	fle.s	x7,f29,f26	 f29:0x652600f2 f26:0x652600f2  x7=0x00000001
     329585.000 ns	     32957	80006fbc	007350b3	srl	x1,x6,x7	  x6:0x00000001  x7:0x00000466  x1=0x00000000
     329605.000 ns	     32959	80006fc0	03ddafb3	mulhsu	x31,x27,x29	 x27:0xf9af2af0 x29:0x00000000 x31=0x00000000
     329625.000 ns	     32961	80006fc4	01875233	srl	x4,x14,x24	 x14:0x7fffffff x24:0x1eb4f2ff  x4=0x00000000
     329985.000 ns	     32997	80006fc8	02986433	rem	x8,x16,x9	 x16:0x80040fe4  x9:0xffffffff  x8=0x00000000
     330025.000 ns	     33001	80006fcc	195b77d3	fdiv.s	f15,f22,f21	 f22:0x7fc00000 f21:0x00000000 f15=0x7fc00000
     330065.000 ns	     33005	80006fd0	18067753	fdiv.s	f14,f12,f0	 f12:0x80000000  f0:0xfffffba7 f14=0x7fc00000
     330085.000 ns	     33007	80006fd4	59c87b37	lui	x22,0x59c87	 x22=0x59c87000
     330105.000 ns	     33009	80006fd8	e0039453	fclass.s	x8,f7	  f7:0x00000000  x8=0x00000010
     330125.000 ns	     33011	80006fdc	007a1533	sll	x10,x20,x7	 x20:0xffffff7b  x7:0x00000001 x10=0xfffffef6
     330145.000 ns	     33013	80006fe0	c010ccd3	fcvt.wu.s	x25,f1	  f1:0x00000000 x25=0x00000000
     330165.000 ns	     33015	80006fe4	007c74b3	and	x9,x24,x7	 x24:0x1eb4f2ff  x7:0x00000001  x9=0x00000001
     330185.000 ns	     33017	80006fe8	d0097b53	fcvt.s.w	f22,x18	 x18:0x00000000 f22=0x00000000
     330215.000 ns	     33020	80006fec	03ae8933	mul	x18,x29,x26	 x29:0x00000000 x26:0x1eb4f000 x18=0x00000000
     330235.000 ns	     33022	80006ff0	017d9593	slli	x11,x27,0x17	 x27:0xf9af2af0 x11=0x78000000
     330245.000 ns	     33023	80006ff4	01350b33	add	x22,x10,x19	 x10:0xfffffef6 x19:0x00000000 x22=0xfffffef6
     330255.000 ns	     33024	80006ff8	0188efb3	or	x31,x17,x24	 x17:0x00400207 x24:0x1eb4f2ff x31=0x1ef4f2ff
     330275.000 ns	     33026	80006ffc	20730d53	fsgnj.s	f26,f6,f7	  f6:0x00000010  f7:0x00000000 f26=0x00000010
     330295.000 ns	     33028	80007000	0004e4b3	or	x9,x9,x0	  x9:0x00000001  x0:0x00000000  x9=0x00000001
     330315.000 ns	     33030	80007004	02fb3133	mulhu	x2,x22,x15	 x22:0xfffffef6 x15:0x00000000  x2=0x00000000
     330335.000 ns	     33032	80007008	46bbf593	andi	x11,x23,1131	 x23:0x00000000 x11=0x00000000
     330375.000 ns	     33036	8000700c	080bf9d3	fsub.s	f19,f23,f0	 f23:0x51eac34e  f0:0xfffffba7 f19=0x7fc00000
     330395.000 ns	     33038	80007010	00000013	addi	x0,x0,0	  x0:0x00000000
     330405.000 ns	     33039	80007014	41d7da13	srai	x20,x15,0x1d	 x15:0x00000000 x20=0x00000000
     330435.000 ns	     33042	80007018	19974dd3	fdiv.s	f27,f14,f25	 f14:0x7fc00000 f25:0x4df5a797 f27=0x7fc00000
     330455.000 ns	     33044	8000701c	418f0cb3	sub	x25,x30,x24	 x30:0x00000000 x24:0x1eb4f2ff x25=0xe14b0d01
     330465.000 ns	     33045	80007020	01b95233	srl	x4,x18,x27	 x18:0x00000000 x27:0xf9af2af0  x4=0x00000000
     330485.000 ns	     33047	80007024	e00d0453	fmv.x.w	x8,f26	 f26:0x00000010  x8=0x00000010
     330515.000 ns	     33050	80007028	02f8b6b3	mulhu	x13,x17,x15	 x17:0x00400207 x15:0x00000000 x13=0x00000000
     330545.000 ns	     33053	8000702c	e0029e53	fclass.s	x28,f5	  f5:0x00000000 x28=0x00000010
     330565.000 ns	     33055	80007030	0029b5b3	sltu	x11,x19,x2	 x19:0x00000000  x2:0x00000000 x11=0x00000000
     330585.000 ns	     33057	80007034	292b8bd3	fmin.s	f23,f23,f18	 f23:0x51eac34e f18:0x80000000 f23=0x80000000
     330605.000 ns	     33059	80007038	0062d313	srli	x6,x5,0x6	  x5:0x80041024  x6=0x02001040
     330625.000 ns	     33061	8000703c	033071b3	remu	x3,x0,x19	  x0:0x00000000 x19:0x00000000  x3=0x00000000
     330645.000 ns	     33063	80007040	4bc4f213	andi	x4,x9,1212	  x9:0x00000001  x4=0x00000000
     330655.000 ns	     33064	80007044	00000013	addi	x0,x0,0	  x0:0x00000000
     330675.000 ns	     33066	80007048	e00f1c53	fclass.s	x24,f30	 f30:0x00000000 x24=0x00000010
     330695.000 ns	     33068	8000704c	b45d4c13	xori	x24,x26,-1211	 x26:0x1eb4f000 x24=0xe14b0b45
     330705.000 ns	     33069	80007050	414cdb93	srai	x23,x25,0x14	 x25:0xe14b0d01 x23=0xfffffe14
     330715.000 ns	     33070	80007054	01405eb3	srl	x29,x0,x20	  x0:0x00000000 x20:0x00000000 x29=0x00000000
     330735.000 ns	     33072	80007058	028a97b3	mulh	x15,x21,x8	 x21:0x7fffffff  x8:0x00000010 x15=0x00000007
     330765.000 ns	     33075	8000705c	c00709d3	fcvt.w.s	x19,f14	 f14:0x7fc00000 x19=0x7fffffff
     330795.000 ns	     33078	80007060	a0312053	feq.s	x0,f2,f3	  f2:0x4a80040e  f3:0x00000000
     330815.000 ns	     33080	80007064	01c91633	sll	x12,x18,x28	 x18:0x00000000 x28:0x00000010 x12=0x00000000
     330825.000 ns	     33081	80007068	417c0933	sub	x18,x24,x23	 x24:0xe14b0b45 x23:0xfffffe14 x18=0xe14b0d31
     330845.000 ns	     33083	8000706c	e00f0453	fmv.x.w	x8,f30	 f30:0x00000000  x8=0x00000000
     330875.000 ns	     33086	80007070	2154aed3	fsgnjx.s	f29,f9,f21	  f9:0x7fc00000 f21:0x00000000 f29=0x7fc00000
     330905.000 ns	     33089	80007074	03d144b3	div	x9,x2,x29	  x2:0x00000000 x29:0x00000000  x9=0xffffffff
     330925.000 ns	     33091	80007078	014177b3	and	x15,x2,x20	  x2:0x00000000 x20:0x00000000 x15=0x00000000
     330965.000 ns	     33095	8000707c	00e5f3d3	fadd.s	f7,f11,f14	 f11:0x652600f2 f14:0x7fc00000  f7=0x7fc00000
     330995.000 ns	     33098	80007080	21f503d3	fsgnj.s	f7,f10,f31	 f10:0xe9ab2820 f31:0x652600f2  f7=0x69ab2820
     331015.000 ns	     33100	80007084	b16c8b13	addi	x22,x25,-1258	 x25:0xe14b0d01 x22=0xe14b0817
     331035.000 ns	     33102	80007088	e0030ad3	fmv.x.w	x21,f6	  f6:0x00000010 x21=0x00000010
     331065.000 ns	     33105	8000708c	a0d38453	fle.s	x8,f7,f13	  f7:0x69ab2820 f13:0x7fc00000  x8=0x00000000
     331115.000 ns	     33110	80007090	083e7cd3	fsub.s	f25,f28,f3	 f28:0xffc00000  f3:0x00000000 f25=0x7fc00000
     331145.000 ns	     33113	80007094	a1699153	flt.s	x2,f19,f22	 f19:0x7fc00000 f22:0x00000000  x2=0x00000000
     331175.000 ns	     33116	80007098	024c31b3	mulhu	x3,x24,x4	 x24:0xe14b0b45  x4:0x00000000  x3=0x00000000
     331215.000 ns	     33120	8000709c	580e9e53	fsqrt.s	f28,f29	 f29:0x7fc00000 f28=0x7fc00000
     331585.000 ns	     33157	800070a0	031fe1b3	rem	x3,x31,x17	 x31:0x1ef4f2ff x17:0x00400207  x3=0x0033f9a2
     331605.000 ns	     33159	800070a4	00121613	slli	x12,x4,0x1	  x4:0x00000000 x12=0x00000000
     331615.000 ns	     33160	800070a8	b6dd2093	slti	x1,x26,-1171	 x26:0x1eb4f000  x1=0x00000000
     331635.000 ns	     33162	800070ac	c0057953	fcvt.w.s	x18,f10	 f10:0xe9ab2820 x18=0x80000000
     331665.000 ns	     33165	800070b0	296d0553	fmin.s	f10,f26,f22	 f26:0x00000010 f22:0x00000000 f10=0x00000000
     331695.000 ns	     33168	800070b4	d011f753	fcvt.s.wu	f14,x3	  x3:0x0033f9a2 f14=0x4a4fe688
     331715.000 ns	     33170	800070b8	00cb6433	or	x8,x22,x12	 x22:0xe14b0817 x12:0x00000000  x8=0xe14b0817
     331755.000 ns	     33174	800070bc	013c7753	fadd.s	f14,f24,f19	 f24:0xe52600f2 f19:0x7fc00000 f14=0x7fc00000
     331785.000 ns	     33177	800070c0	02df81b3	mul	x3,x31,x13	 x31:0x1ef4f2ff x13:0x00000000  x3=0x00000000
     331815.000 ns	     33180	800070c4	032ba133	mulhsu	x2,x23,x18	 x23:0xfffffe14 x18:0x80000000  x2=0xffffff0a
     332185.000 ns	     33217	800070c8	031dd1b3	divu	x3,x27,x17	 x27:0xf9af2af0 x17:0x00400207  x3=0x000003e6
     332555.000 ns	     33254	800070cc	03b2cfb3	div	x31,x5,x27	  x5:0x80041024 x27:0xf9af2af0 x31=0x00000014
     332575.000 ns	     33256	800070d0	79214e93	xori	x29,x2,1938	  x2:0xffffff0a x29=0xfffff898
     332615.000 ns	     33260	800070d4	006374d3	fadd.s	f9,f6,f6	  f6:0x00000010  f6:0x00000010  f9=0x00000020
     332635.000 ns	     33262	800070d8	40a30f33	sub	x30,x6,x10	  x6:0x02001040 x10:0xfffffef6 x30=0x0200114a
     332655.000 ns	     33264	800070dc	02bb80b3	mul	x1,x23,x11	 x23:0xfffffe14 x11:0x00000000  x1=0x00000000
     332695.000 ns	     33268	800070e0	1035f253	fmul.s	f4,f11,f3	 f11:0x652600f2  f3:0x00000000  f4=0x00000000
     332715.000 ns	     33270	800070e4	d0ee6713	ori	x14,x28,-754	 x28:0x00000010 x14=0xfffffd1e
     332725.000 ns	     33271	800070e8	00c853b3	srl	x7,x16,x12	 x16:0x80040fe4 x12:0x00000000  x7=0x80040fe4
     332745.000 ns	     33273	800070ec	03588133	mul	x2,x17,x21	 x17:0x00400207 x21:0x00000010  x2=0x04002070
     332775.000 ns	     33276	800070f0	d002ca53	fcvt.s.w	f20,x5	  x5:0x80041024 f20=0xcefff7e0
     332795.000 ns	     33278	800070f4	019dfcb3	and	x25,x27,x25	 x27:0xf9af2af0 x25:0xe14b0d01 x25=0xe10b0800
     332805.000 ns	     33279	800070f8	68b95e17	auipc	x28,0x68b95	 x28=0xe8b9c0f8
     332815.000 ns	     33280	800070fc	010828b3	slt	x17,x16,x16	 x16:0x80040fe4 x16:0x80040fe4 x17=0x00000000
     332835.000 ns	     33282	80007100	c014fad3	fcvt.wu.s	x21,f9	  f9:0x00000020 x21=0x00000000
     333205.000 ns	     33319	80007104	0264c333	div	x6,x9,x6	  x9:0xffffffff  x6:0x02001040  x6=0x00000000
     333235.000 ns	     33322	80007108	03ee9733	mulh	x14,x29,x30	 x29:0xfffff898 x30:0x0200114a x14=0xfffffff1
     333265.000 ns	     33325	8000710c	a00c08d3	fle.s	x17,f24,f0	 f24:0xe52600f2  f0:0xfffffba7 x17=0x00000000
     333295.000 ns	     33328	80007110	c0061ed3	fcvt.w.s	x29,f12	 f12:0x80000000 x29=0x00000000
     333315.000 ns	     33330	80007114	01d016b3	sll	x13,x0,x29	  x0:0x00000000 x29:0xfffff898 x13=0x00000000
     333335.000 ns	     33332	80007118	a128a9d3	feq.s	x19,f17,f18	 f17:0x4e991026 f18:0x80000000 x19=0x00000000
     333365.000 ns	     33335	8000711c	28331553	fmax.s	f10,f6,f3	  f6:0x00000010  f3:0x00000000 f10=0x00000010
     333405.000 ns	     33339	80007120	11deca53	fmul.s	f20,f29,f29	 f29:0x7fc00000 f29:0x7fc00000 f20=0x7fc00000
     333425.000 ns	     33341	80007124	015931b3	sltu	x3,x18,x21	 x18:0x80000000 x21:0x00000000  x3=0x00000000
     333435.000 ns	     33342	80007128	00bb29b3	slt	x19,x22,x11	 x22:0xe14b0817 x11:0x00000000 x19=0x00000001
     333445.000 ns	     33343	8000712c	18e98c93	addi	x25,x19,398	 x19:0x00000000 x25=0x0000018f
     333455.000 ns	     33344	80007130	59d4eb13	ori	x22,x9,1437	  x9:0xffffffff x22=0xffffffff
     333475.000 ns	     33346	80007134	e00c9bd3	fclass.s	x23,f25	 f25:0x7fc00000 x23=0x00000200
     333495.000 ns	     33348	80007138	01b288b3	add	x17,x5,x27	  x5:0x80041024 x27:0xf9af2af0 x17=0x79b33b14
     333535.000 ns	     33352	8000713c	00cf1053	fadd.s	f0,f30,f12	 f30:0x00000000 f12:0x80000000  f0=0x80000000
     333565.000 ns	     33355	80007140	21c902d3	fsgnj.s	f5,f18,f28	 f18:0x80000000 f28:0x7fc00000  f5=0x00000000
     333595.000 ns	     33358	80007144	a1d29753	flt.s	x14,f5,f29	  f5:0x00000000 f29:0x7fc00000 x14=0x00000000
     333965.000 ns	     33395	80007148	0376c1b3	div	x3,x13,x23	 x13:0x00000000 x23:0x00000200  x3=0x00000000
     333995.000 ns	     33398	8000714c	0241cab3	div	x21,x3,x4	  x3:0x00000000  x4:0x00000000 x21=0xffffffff
     334015.000 ns	     33400	80007150	280bbb13	sltiu	x22,x23,640	 x23:0x00000200 x22=0x00000001
     334035.000 ns	     33402	80007154	03d96bb3	rem	x23,x18,x29	 x18:0x80000000 x29:0x00000000 x23=0x80000000
     334085.000 ns	     33407	80007158	09bbf6d3	fsub.s	f13,f23,f27	 f23:0x80000000 f27:0x7fc00000 f13=0x7fc00000
     334105.000 ns	     33409	8000715c	00f76333	or	x6,x14,x15	 x14:0x00000000 x15:0x00000000  x6=0x00000000
     334125.000 ns	     33411	80007160	03ad1733	mulh	x14,x26,x26	 x26:0x1eb4f000 x26:0x1eb4f000 x14=0x03aee822
     334145.000 ns	     33413	80007164	00d51593	slli	x11,x10,0xd	 x10:0xfffffef6 x11=0xffdec000
     334165.000 ns	     33415	80007168	28b71553	fmax.s	f10,f14,f11	 f14:0x7fc00000 f11:0x652600f2 f10=0x652600f2
     334185.000 ns	     33417	8000716c	4b3167b7	lui	x15,0x4b316	 x15=0x4b316000
     334205.000 ns	     33419	80007170	29ba8dd3	fmin.s	f27,f21,f27	 f21:0x00000000 f27:0x7fc00000 f27=0x00000000
     334235.000 ns	     33422	80007174	d00e0153	fcvt.s.w	f2,x28	 x28:0xe8b9c0f8  f2=0xcdba31f8
     334255.000 ns	     33424	80007178	017321b3	slt	x3,x6,x23	  x6:0x00000000 x23:0x80000000  x3=0x00000000
     334275.000 ns	     33426	8000717c	c00f8a53	fcvt.w.s	x20,f31	 f31:0x652600f2 x20=0x7fffffff
     334305.000 ns	     33429	80007180	e00d9353	fclass.s	x6,f27	 f27:0x00000000  x6=0x00000010
     334325.000 ns	     33431	80007184	5f262f17	auipc	x30,0x5f262	 x30=0xdf269184
     334365.000 ns	     33435	80007188	01ef3353	fadd.s	f6,f30,f30	 f30:0x00000000 f30:0x00000000  f6=0x00000000
     334395.000 ns	     33438	8000718c	21a10f53	fsgnj.s	f30,f2,f26	  f2:0xcdba31f8 f26:0x00000010 f30=0x4dba31f8
     334415.000 ns	     33440	80007190	3edfec93	ori	x25,x31,1005	 x31:0x00000014 x25=0x000003fd
     334425.000 ns	     33441	80007194	0153cb33	xor	x22,x7,x21	  x7:0x80040fe4 x21:0xffffffff x22=0x7ffbf01b
     334445.000 ns	     33443	80007198	208c9853	fsgnjn.s	f16,f25,f8	 f25:0x7fc00000  f8:0x00000000 f16=0xffc00000
     334495.000 ns	     33448	8000719c	08adf853	fsub.s	f16,f27,f10	 f27:0x00000000 f10:0x652600f2 f16=0xe52600f2
     334515.000 ns	     33450	800071a0	f164c093	xori	x1,x9,-234	  x9:0xffffffff  x1=0x000000e9
     334535.000 ns	     33452	800071a4	21830ad3	fsgnj.s	f21,f6,f24	  f6:0x00000000 f24:0xe52600f2 f21=0x80000000
     334575.000 ns	     33456	800071a8	11af4453	fmul.s	f8,f30,f26	 f30:0x4dba31f8 f26:0x00000010  f8=0x053a31f9
     334605.000 ns	     33459	800071ac	c01113d3	fcvt.wu.s	x7,f2	  f2:0xcdba31f8  x7=0x17463f00
     334625.000 ns	     33461	800071b0	204f3e97	auipc	x29,0x204f3	 x29=0xa04fa1b0
     334635.000 ns	     33462	800071b4	7ede8213	addi	x4,x29,2029	 x29:0x00000000  x4=0xa04fa99d
     334655.000 ns	     33464	800071b8	d00b98d3	fcvt.s.w	f17,x23	 x23:0x80000000 f17=0xcf000000
     334675.000 ns	     33466	800071bc	93147b37	lui	x22,0x93147	 x22=0x93147000
     334695.000 ns	     33468	800071c0	f00e86d3	fmv.w.x	f13,x29	 x29:0xa04fa1b0 f13=0xa04fa1b0
     334715.000 ns	     33470	800071c4	00000013	addi	x0,x0,0	  x0:0x00000000
     334725.000 ns	     33471	800071c8	0044ba33	sltu	x20,x9,x4	  x9:0xffffffff  x4:0xa04fa99d x20=0x00000000
     334735.000 ns	     33472	800071cc	41b25613	srai	x12,x4,0x1b	  x4:0xa04fa99d x12=0xfffffff4
     334755.000 ns	     33474	800071d0	f0060953	fmv.w.x	f18,x12	 x12:0x00000000 f18=0xfffffff4
     334785.000 ns	     33477	800071d4	29730553	fmin.s	f10,f6,f23	  f6:0x00000000 f23:0x80000000 f10=0x80000000
     334805.000 ns	     33479	800071d8	5bd2bb13	sltiu	x22,x5,1469	  x5:0x80041024 x22=0x00000000
     334825.000 ns	     33481	800071dc	025696b3	mulh	x13,x13,x5	 x13:0x00000000  x5:0x80041024 x13=0x00000000
     334845.000 ns	     33483	800071e0	169ac013	xori	x0,x21,361	 x21:0xffffffff
     334855.000 ns	     33484	800071e4	c7b63cb7	lui	x25,0xc7b63	 x25=0xc7b63000
     334865.000 ns	     33485	800071e8	f41e3313	sltiu	x6,x28,-191	 x28:0xe8b9c0f8  x6=0x00000001
     334885.000 ns	     33487	800071ec	215f06d3	fsgnj.s	f13,f30,f21	 f30:0x4dba31f8 f21:0x80000000 f13=0xcdba31f8
     334915.000 ns	     33490	800071f0	d01f08d3	fcvt.s.wu	f17,x30	 x30:0xdf269184 f17=0x4f5f2692
     334955.000 ns	     33494	800071f4	192f8453	fdiv.s	f8,f31,f18	 f31:0x652600f2 f18:0xfffffff4  f8=0x7fc00000
     334975.000 ns	     33496	800071f8	dd8f5097	auipc	x1,0xdd8f5	  x1=0x5d8fc1f8
     334985.000 ns	     33497	800071fc	41f85a93	srai	x21,x16,0x1f	 x16:0x80040fe4 x21=0xffffffff
     334995.000 ns	     33498	80007200	8196b193	sltiu	x3,x13,-2023	 x13:0x00000000  x3=0x00000001
     335015.000 ns	     33500	80007204	d007f453	fcvt.s.w	f8,x15	 x15:0x4b316000  f8=0x4e9662c0
     335045.000 ns	     33503	80007208	e0011e53	fclass.s	x28,f2	  f2:0xcdba31f8 x28=0x00000002
     335065.000 ns	     33505	8000720c	00000013	addi	x0,x0,0	  x0:0x00000000
     335085.000 ns	     33507	80007210	03ec8b33	mul	x22,x25,x30	 x25:0xc7b63000 x30:0xdf269184 x22=0x4b20c000
     335115.000 ns	     33510	80007214	d0151053	fcvt.s.wu	f0,x10	 x10:0xfffffef6  f0=0x4f7ffffe
     335155.000 ns	     33514	80007218	19754c53	fdiv.s	f24,f10,f23	 f10:0x80000000 f23:0x80000000 f24=0x7fc00000
     335175.000 ns	     33516	8000721c	01779513	slli	x10,x15,0x17	 x15:0x4b316000 x10=0x00000000
     335205.000 ns	     33519	80007220	182bf453	fdiv.s	f8,f23,f2	 f23:0x80000000  f2:0xcdba31f8  f8=0x00000000
     335255.000 ns	     33524	80007224	00e6ff53	fadd.s	f30,f13,f14	 f13:0xcdba31f8 f14:0x7fc00000 f30=0x7fc00000
     335275.000 ns	     33526	80007228	5e2a0193	addi	x3,x20,1506	 x20:0x00000000  x3=0x000005e2
     335295.000 ns	     33528	8000722c	e0051ad3	fclass.s	x21,f10	 f10:0x80000000 x21=0x00000008
     335325.000 ns	     33531	80007230	d0040353	fcvt.s.w	f6,x8	  x8:0xe14b0817  f6=0xcdf5a7bf
     335345.000 ns	     33533	80007234	6ffc3913	sltiu	x18,x24,1791	 x24:0xe14b0b45 x18=0x00000000
     335355.000 ns	     33534	80007238	5a29e193	ori	x3,x19,1442	 x19:0x00000001  x3=0x000005a3
     335365.000 ns	     33535	8000723c	409ddd13	srai	x26,x27,0x9	 x27:0xf9af2af0 x26=0xfffcd795
     335375.000 ns	     33536	80007240	40c98333	sub	x6,x19,x12	 x19:0x00000001 x12:0xfffffff4  x6=0x0000000d
     335385.000 ns	     33537	80007244	f00a1737	lui	x14,0xf00a1	 x14=0xf00a1000
     335405.000 ns	     33539	80007248	e00491d3	fclass.s	x3,f9	  f9:0x00000020  x3=0x00000020
     335425.000 ns	     33541	8000724c	7b163d17	auipc	x26,0x7b163	 x26=0xfb16a24c
     335445.000 ns	     33543	80007250	d0137753	fcvt.s.wu	f14,x6	  x6:0x0000000d f14=0x41500000
     335465.000 ns	     33545	80007254	414e8c33	sub	x24,x29,x20	 x29:0xa04fa1b0 x20:0x00000000 x24=0xa04fa1b0
     335505.000 ns	     33549	80007258	08dac0d3	fsub.s	f1,f21,f13	 f21:0x80000000 f13:0xcdba31f8  f1=0x4dba31f8
     335535.000 ns	     33552	8000725c	02d5b7b3	mulhu	x15,x11,x13	 x11:0xffdec000 x13:0x00000000 x15=0x00000000
     335565.000 ns	     33555	80007260	20900053	fsgnj.s	f0,f0,f9	  f0:0x4f7ffffe  f9:0x00000020  f0=0x4f7ffffe
     335585.000 ns	     33557	80007264	d7cbb793	sltiu	x15,x23,-644	 x23:0x80000000 x15=0x00000001
     335595.000 ns	     33558	80007268	00b74ab3	xor	x21,x14,x11	 x14:0xf00a1000 x11:0xffdec000 x21=0x0fd4d000
     335615.000 ns	     33560	8000726c	d012fed3	fcvt.s.wu	f29,x5	  x5:0x80041024 f29=0x4f000410
     335645.000 ns	     33563	80007270	e00b8f53	fmv.x.w	x30,f23	 f23:0x80000000 x30=0x80000000
     335665.000 ns	     33565	80007274	01f7ed33	or	x26,x15,x31	 x15:0x00000001 x31:0x00000014 x26=0x00000015
     335695.000 ns	     33568	80007278	10677dd3	fmul.s	f27,f14,f6	 f14:0x41500000  f6:0xcdf5a7bf f27=0xcfc7984b
     335715.000 ns	     33570	8000727c	a6d4b617	auipc	x12,0xa6d4b	 x12=0x26d5227c
     335735.000 ns	     33572	80007280	a06ea5d3	feq.s	x11,f29,f6	 f29:0x4f000410  f6:0xcdf5a7bf x11=0x00000000
     335755.000 ns	     33574	80007284	016257b3	srl	x15,x4,x22	  x4:0xa04fa99d x22:0x4b20c000 x15=0xa04fa99d
     335765.000 ns	     33575	80007288	00cdf333	and	x6,x27,x12	 x27:0xf9af2af0 x12:0x26d5227c  x6=0x20852270
     335785.000 ns	     33577	8000728c	c00c75d3	fcvt.w.s	x11,f24	 f24:0x7fc00000 x11=0x7fffffff
     335805.000 ns	     33579	80007290	01819233	sll	x4,x3,x24	  x3:0x00000020 x24:0xa04fa1b0  x4=0x00200000
     335825.000 ns	     33581	80007294	03b33233	mulhu	x4,x6,x27	  x6:0x20852270 x27:0xf9af2af0  x4=0x1fb7bef5
     335855.000 ns	     33584	80007298	e00387d3	fmv.x.w	x15,f7	  f7:0x69ab2820 x15=0x69ab2820
     335905.000 ns	     33589	8000729c	01a6af53	fadd.s	f30,f13,f26	 f13:0xcdba31f8 f26:0x00000010 f30=0xcdba31f8
     335925.000 ns	     33591	800072a0	3b564e93	xori	x29,x12,949	 x12:0x26d5227c x29=0x26d521c9
     335945.000 ns	     33593	800072a4	d00e7ad3	fcvt.s.w	f21,x28	 x28:0x00000002 f21=0x40000000
     335965.000 ns	     33595	800072a8	0148c233	xor	x4,x17,x20	 x17:0x79b33b14 x20:0x00000000  x4=0x79b33b14
     335975.000 ns	     33596	800072ac	00000013	addi	x0,x0,0	  x0:0x00000000
     335985.000 ns	     33597	800072b0	ade14f93	xori	x31,x2,-1314	  x2:0x04002070 x31=0xfbffdaae
     335995.000 ns	     33598	800072b4	6fe62893	slti	x17,x12,1790	 x12:0x26d5227c x17=0x00000000
     336015.000 ns	     33600	800072b8	e00a94d3	fclass.s	x9,f21	 f21:0x40000000  x9=0x00000040
     336035.000 ns	     33602	800072bc	c789c093	xori	x1,x19,-904	 x19:0x00000001  x1=0xfffffc79
     336045.000 ns	     33603	800072c0	cc5b4317	auipc	x6,0xcc5b4	  x6=0x4c5bb2c0
     336065.000 ns	     33605	800072c4	c013fa53	fcvt.wu.s	x20,f7	  f7:0x69ab2820 x20=0xffffffff
     336085.000 ns	     33607	800072c8	01a18ab3	add	x21,x3,x26	  x3:0x00000020 x26:0x00000015 x21=0x00000035
     336095.000 ns	     33608	800072cc	f81b2b93	slti	x23,x22,-127	 x22:0x4b20c000 x23=0x00000000
     336115.000 ns	     33610	800072d0	28a40c53	fmin.s	f24,f8,f10	  f8:0x00000000 f10:0x80000000 f24=0x80000000
     336145.000 ns	     33613	800072d4	0210aab3	mulhsu	x21,x1,x1	  x1:0xfffffc79  x1:0xfffffc79 x21=0xfffffc79
     336165.000 ns	     33615	800072d8	0568fc17	auipc	x24,0x568f	 x24=0x856962d8
     336175.000 ns	     33616	800072dc	1f141137	lui	x2,0x1f141	  x2=0x1f141000
     336195.000 ns	     33618	800072e0	f0040d53	fmv.w.x	f26,x8	  x8:0xe14b0817 f26=0xe14b0817
     336225.000 ns	     33621	800072e4	a0652b53	feq.s	x22,f10,f6	 f10:0x80000000  f6:0xcdf5a7bf x22=0x00000000
     336255.000 ns	     33624	800072e8	212504d3	fsgnj.s	f9,f10,f18	 f10:0x80000000 f18:0xfffffff4  f9=0x80000000
     336275.000 ns	     33626	800072ec	29933f13	sltiu	x30,x6,665	  x6:0x4c5bb2c0 x30=0x00000000
     336305.000 ns	     33629	800072f0	580cf653	fsqrt.s	f12,f25	 f25:0x7fc00000 f12=0x7fc00000
     336355.000 ns	     33634	800072f4	095f7a53	fsub.s	f20,f30,f21	 f30:0xcdba31f8 f21:0x40000000 f20=0xcdba31f8
     336385.000 ns	     33637	800072f8	29710fd3	fmin.s	f31,f2,f23	  f2:0xcdba31f8 f23:0x80000000 f31=0xcdba31f8
     336405.000 ns	     33639	800072fc	eed7bc93	sltiu	x25,x15,-275	 x15:0x69ab2820 x25=0x00000001
     336415.000 ns	     33640	80007300	003a8e33	add	x28,x21,x3	 x21:0xfffffc79  x3:0x00000020 x28=0xfffffc99
     336425.000 ns	     33641	80007304	00000013	addi	x0,x0,0	  x0:0x00000000
     336445.000 ns	     33643	80007308	214a12d3	fsgnjn.s	f5,f20,f20	 f20:0xcdba31f8 f20:0xcdba31f8  f5=0x4dba31f8
     336495.000 ns	     33648	8000730c	016f8353	fadd.s	f6,f31,f22	 f31:0xcdba31f8 f22:0x00000000  f6=0xcdba31f8
     336515.000 ns	     33650	80007310	017dd093	srli	x1,x27,0x17	 x27:0xf9af2af0  x1=0x000001f3
     336525.000 ns	     33651	80007314	018e60b3	or	x1,x28,x24	 x28:0xfffffc99 x24:0x856962d8  x1=0xfffffed9
     336545.000 ns	     33653	80007318	d0110153	fcvt.s.wu	f2,x2	  x2:0x1f141000  f2=0x4df8a080
     336575.000 ns	     33656	8000731c	038d29b3	mulhsu	x19,x26,x24	 x26:0x00000015 x24:0x856962d8 x19=0x0000000a
     336595.000 ns	     33658	80007320	00f49c93	slli	x25,x9,0xf	  x9:0x00000040 x25=0x00200000
     336605.000 ns	     33659	80007324	40ad5c13	srai	x24,x26,0xa	 x26:0x00000015 x24=0x00000000
     336625.000 ns	     33661	80007328	21c287d3	fsgnj.s	f15,f5,f28	  f5:0x4dba31f8 f28:0x7fc00000 f15=0x4dba31f8
     336645.000 ns	     33663	8000732c	009f5733	srl	x14,x30,x9	 x30:0x00000000  x9:0x00000040 x14=0x00000000
     336655.000 ns	     33664	80007330	78a03f13	sltiu	x30,x0,1930	  x0:0x00000000 x30=0x00000001
     336665.000 ns	     33665	80007334	00d710b3	sll	x1,x14,x13	 x14:0xf00a1000 x13:0x00000000  x1=0x00000000
     336705.000 ns	     33669	80007338	081781d3	fsub.s	f3,f15,f1	 f15:0x4dba31f8  f1:0x4dba31f8  f3=0x80000000
     336725.000 ns	     33671	8000733c	407685b3	sub	x11,x13,x7	 x13:0x00000000  x7:0x17463f00 x11=0xe8b9c100
     336735.000 ns	     33672	80007340	eb9079b7	lui	x19,0xeb907	 x19=0xeb907000
     337095.000 ns	     33708	80007344	0340f8b3	remu	x17,x1,x20	  x1:0x00000000 x20:0xffffffff x17=0x00000000
     337135.000 ns	     33712	80007348	19b62f53	fdiv.s	f30,f12,f27	 f12:0x7fc00000 f27:0xcfc7984b f30=0x7fc00000
     337155.000 ns	     33714	8000734c	01543ab3	sltu	x21,x8,x21	  x8:0xe14b0817 x21:0xfffffc79 x21=0x00000001
     337165.000 ns	     33715	80007350	bf6c7413	andi	x8,x24,-1034	 x24:0x00000000  x8=0x00000000
     337185.000 ns	     33717	80007354	a156a753	feq.s	x14,f13,f21	 f13:0xcdba31f8 f21:0x40000000 x14=0x00000000
     337215.000 ns	     33720	80007358	024619b3	mulh	x19,x12,x4	 x12:0x26d5227c  x4:0x79b33b14 x19=0x1275ed49
     337235.000 ns	     33722	8000735c	015bbc33	sltu	x24,x23,x21	 x23:0x00000000 x21:0x00000001 x24=0x00000001
     337255.000 ns	     33724	80007360	d01324d3	fcvt.s.wu	f9,x6	  x6:0x4c5bb2c0  f9=0x4e98b766
     337625.000 ns	     33761	80007364	03c8d9b3	divu	x19,x17,x28	 x17:0x00000000 x28:0xfffffc99 x19=0x00000000
     337645.000 ns	     33763	80007368	407ddd13	srai	x26,x27,0x7	 x27:0xf9af2af0 x26=0xfff35e55
     337655.000 ns	     33764	8000736c	904e5737	lui	x14,0x904e5	 x14=0x904e5000
     337665.000 ns	     33765	80007370	41545d33	sra	x26,x8,x21	  x8:0x00000000 x21:0x00000001 x26=0x00000000
     337675.000 ns	     33766	80007374	00b0af93	slti	x31,x1,11	  x1:0x00000000 x31=0x00000001
     337685.000 ns	     33767	80007378	08ff0e13	addi	x28,x30,143	 x30:0x00000001 x28=0x00000090
     337695.000 ns	     33768	8000737c	cf644f93	xori	x31,x8,-778	  x8:0x00000000 x31=0xfffffcf6
     338055.000 ns	     33804	80007380	022f5533	divu	x10,x30,x2	 x30:0x00000001  x2:0x1f141000 x10=0x00000000
     338085.000 ns	     33807	80007384	290b9153	fmax.s	f2,f23,f16	 f23:0x80000000 f16:0xe52600f2  f2=0x80000000
     338105.000 ns	     33809	80007388	7b437393	andi	x7,x6,1972	  x6:0x4c5bb2c0  x7=0x00000280
     338135.000 ns	     33812	8000738c	10dbcbd3	fmul.s	f23,f23,f13	 f23:0x80000000 f13:0xcdba31f8 f23=0x00000000
     338505.000 ns	     33849	80007390	03885ab3	divu	x21,x16,x24	 x16:0x80040fe4 x24:0x00000001 x21=0x80040fe4
     338535.000 ns	     33852	80007394	a1e32ad3	feq.s	x21,f6,f30	  f6:0xcdba31f8 f30:0x7fc00000 x21=0x00000000
     338905.000 ns	     33889	80007398	0243d633	divu	x12,x7,x4	  x7:0x00000280  x4:0x79b33b14 x12=0x00000000
     338935.000 ns	     33892	8000739c	022a2133	mulhsu	x2,x20,x2	 x20:0xffffffff  x2:0x1f141000  x2=0xffffffff
     338965.000 ns	     33895	800073a0	031080b3	mul	x1,x1,x17	  x1:0x00000000 x17:0x00000000  x1=0x00000000
     338995.000 ns	     33898	800073a4	206aacd3	fsgnjx.s	f25,f21,f6	 f21:0x40000000  f6:0xcdba31f8 f25=0xc0000000
     339015.000 ns	     33900	800073a8	00000013	addi	x0,x0,0	  x0:0x00000000
     339025.000 ns	     33901	800073ac	412451b3	sra	x3,x8,x18	  x8:0x00000000 x18:0x00000000  x3=0x00000000
     339035.000 ns	     33902	800073b0	419883b3	sub	x7,x17,x25	 x17:0x00000000 x25:0x00200000  x7=0xffe00000
     339075.000 ns	     33906	800073b4	01faf3d3	fadd.s	f7,f21,f31	 f21:0x40000000 f31:0xcdba31f8  f7=0xcdba31f7
     339415.000 ns	     33940	800073b8	19029ad3	fdiv.s	f21,f5,f16	  f5:0x4dba31f8 f16:0xe52600f2 f21=0xa7ba31f8
     339445.000 ns	     33943	800073bc	a09f0d53	fle.s	x26,f30,f9	 f30:0x7fc00000  f9:0x4e98b766 x26=0x00000000
     339465.000 ns	     33945	800073c0	01e61e93	slli	x29,x12,0x1e	 x12:0x00000000 x29=0x00000000
     339475.000 ns	     33946	800073c4	011f1433	sll	x8,x30,x17	 x30:0x00000001 x17:0x00000000  x8=0x00000001
     339495.000 ns	     33948	800073c8	02458d33	mul	x26,x11,x4	 x11:0xe8b9c100  x4:0x79b33b14 x26=0xf0fe1400
     339515.000 ns	     33950	800073cc	f4b14d13	xori	x26,x2,-181	  x2:0xffffffff x26=0x000000b4
     339875.000 ns	     33986	800073d0	03f261b3	rem	x3,x4,x31	  x4:0x79b33b14 x31:0xfffffcf6  x3=0x0000022e
     339895.000 ns	     33988	800073d4	402d8eb3	sub	x29,x27,x2	 x27:0xf9af2af0  x2:0xffffffff x29=0xf9af2af1
     339905.000 ns	     33989	800073d8	018acd33	xor	x26,x21,x24	 x21:0x00000000 x24:0x00000001 x26=0x00000001
     339925.000 ns	     33991	800073dc	d01ec8d3	fcvt.s.wu	f17,x29	 x29:0x00000000 f17=0x4f79af2b
     340295.000 ns	     34028	800073e0	03a9f033	remu	x0,x19,x26	 x19:0x00000000 x26:0x000000b4
     340325.000 ns	     34031	800073e4	a1df14d3	flt.s	x9,f30,f29	 f30:0x7fc00000 f29:0x4f000410  x9=0x00000000
     340355.000 ns	     34034	800073e8	219f1053	fsgnjn.s	f0,f30,f25	 f30:0x7fc00000 f25:0xc0000000  f0=0x7fc00000
     340385.000 ns	     34037	800073ec	024928b3	mulhsu	x17,x18,x4	 x18:0x00000000  x4:0x79b33b14 x17=0x00000000
     340405.000 ns	     34039	800073f0	407b53b3	sra	x7,x22,x7	 x22:0x00000000  x7:0xffe00000  x7=0x00000000
     340425.000 ns	     34041	800073f4	03353433	mulhu	x8,x10,x19	 x10:0x00000000 x19:0x00000000  x8=0x00000000
     340475.000 ns	     34046	800073f8	0082f253	fadd.s	f4,f5,f8	  f5:0x4dba31f8  f8:0x00000000  f4=0x4dba31f8
     340505.000 ns	     34049	800073fc	02141933	mulh	x18,x8,x1	  x8:0x00000000  x1:0x00000000 x18=0x00000000
     340525.000 ns	     34051	80007400	9c0a6f37	lui	x30,0x9c0a6	 x30=0x9c0a6000
     340535.000 ns	     34052	80007404	def1fa13	andi	x20,x3,-529	  x3:0x0000022e x20=0x0000002e
     340545.000 ns	     34053	80007408	724de093	ori	x1,x27,1828	 x27:0xf9af2af0  x1=0xf9af2ff4
     340555.000 ns	     34054	8000740c	40da8f33	sub	x30,x21,x13	 x21:0x00000000 x13:0x00000000 x30=0x00000000
     340595.000 ns	     34058	80007410	00717a53	fadd.s	f20,f2,f7	  f2:0x80000000  f7:0xcdba31f7 f20=0xcdba31f7
     340615.000 ns	     34060	80007414	9ed28f13	addi	x30,x5,-1555	  x5:0x80041024 x30=0x80040a11
     340625.000 ns	     34061	80007418	0085bbb3	sltu	x23,x11,x8	 x11:0xe8b9c100  x8:0x00000000 x23=0x00000000
     340645.000 ns	     34063	8000741c	a1a884d3	fle.s	x9,f17,f26	 f17:0x4f79af2b f26:0xe14b0817  x9=0x00000000
     340675.000 ns	     34066	80007420	a05629d3	feq.s	x19,f12,f5	 f12:0x7fc00000  f5:0x4dba31f8 x19=0x00000000
     340705.000 ns	     34069	80007424	21d31ed3	fsgnjn.s	f29,f6,f29	  f6:0xcdba31f8 f29:0x4f000410 f29=0xcdba31f8
     340735.000 ns	     34072	80007428	29451853	fmax.s	f16,f10,f20	 f10:0x80000000 f20:0xcdba31f7 f16=0x80000000
     340765.000 ns	     34075	8000742c	02d89eb3	mulh	x29,x17,x13	 x17:0x00000000 x13:0x00000000 x29=0x00000000
     340785.000 ns	     34077	80007430	4161d413	srai	x8,x3,0x16	  x3:0x0000022e  x8=0x00000000
     340805.000 ns	     34079	80007434	204a24d3	fsgnjx.s	f9,f20,f4	 f20:0xcdba31f7  f4:0x4dba31f8  f9=0xcdba31f7
     340825.000 ns	     34081	80007438	00221c93	slli	x25,x4,0x2	  x4:0x79b33b14 x25=0xe6ccec50
     340845.000 ns	     34083	8000743c	e00e8653	fmv.x.w	x12,f29	 f29:0xcdba31f8 x12=0xcdba31f8
     340865.000 ns	     34085	80007440	00465ab3	srl	x21,x12,x4	 x12:0x00000000  x4:0x79b33b14 x21=0x00000cdb
     340905.000 ns	     34089	80007444	08550c53	fsub.s	f24,f10,f5	 f10:0x80000000  f5:0x4dba31f8 f24=0xcdba31f8
     340935.000 ns	     34092	80007448	a0bc1553	flt.s	x10,f24,f11	 f24:0x80000000 f11:0x652600f2 x10=0x00000001
     340955.000 ns	     34094	8000744c	0142cab3	xor	x21,x5,x20	  x5:0x80041024 x20:0x0000002e x21=0x8004100a
     340965.000 ns	     34095	80007450	41d08e33	sub	x28,x1,x29	  x1:0xf9af2ff4 x29:0x00000000 x28=0xf9af2ff4
     340985.000 ns	     34097	80007454	f0070453	fmv.w.x	f8,x14	 x14:0x904e5000  f8=0x904e5000
     341015.000 ns	     34100	80007458	028adfb3	divu	x31,x21,x8	 x21:0x8004100a  x8:0x00000000 x31=0xffffffff
     341035.000 ns	     34102	8000745c	e8d83393	sltiu	x7,x16,-371	 x16:0x80040fe4  x7=0x00000001
     341045.000 ns	     34103	80007460	699b6e13	ori	x28,x22,1689	 x22:0x00000000 x28=0x00000699
     341065.000 ns	     34105	80007464	c0039a53	fcvt.w.s	x20,f7	  f7:0xcdba31f7 x20=0xe8b9c120
     341095.000 ns	     34108	80007468	a132a753	feq.s	x14,f5,f19	  f5:0x4dba31f8 f19:0x7fc00000 x14=0x00000000
     341115.000 ns	     34110	8000746c	0030f033	and	x0,x1,x3	  x1:0xf9af2ff4  x3:0x0000022e
     341135.000 ns	     34112	80007470	0315a933	mulhsu	x18,x11,x17	 x11:0xe8b9c100 x17:0x00000000 x18=0x00000000
     341175.000 ns	     34116	80007474	5806c853	fsqrt.s	f16,f13	 f13:0xcdba31f8 f16=0x7fc00000
     341195.000 ns	     34118	80007478	4049d713	srai	x14,x19,0x4	 x19:0x00000000 x14=0x00000000
     341205.000 ns	     34119	8000747c	00bde633	or	x12,x27,x11	 x27:0xf9af2af0 x11:0xe8b9c100 x12=0xf9bfebf0
     341225.000 ns	     34121	80007480	a11684d3	fle.s	x9,f13,f17	 f13:0xcdba31f8 f17:0x4f79af2b  x9=0x00000001
     341275.000 ns	     34126	80007484	09763d53	fsub.s	f26,f12,f23	 f12:0x7fc00000 f23:0x00000000 f26=0x7fc00000
     341305.000 ns	     34129	80007488	a1c0af53	feq.s	x30,f1,f28	  f1:0x4dba31f8 f28:0x7fc00000 x30=0x00000000
     341325.000 ns	     34131	8000748c	004a9333	sll	x6,x21,x4	 x21:0x8004100a  x4:0x79b33b14  x6=0x00a00000
     341345.000 ns	     34133	80007490	a10aad53	feq.s	x26,f21,f16	 f21:0xa7ba31f8 f16:0x7fc00000 x26=0x00000000
     341395.000 ns	     34138	80007494	09ba25d3	fsub.s	f11,f20,f27	 f20:0xcdba31f7 f27:0xcfc7984b f11=0x4fbbf52b
     341425.000 ns	     34141	80007498	03e336b3	mulhu	x13,x6,x30	  x6:0x00a00000 x30:0x00000000 x13=0x00000000
     341445.000 ns	     34143	8000749c	41c853b3	sra	x7,x16,x28	 x16:0x80040fe4 x28:0x00000699  x7=0xffffffc0
     341455.000 ns	     34144	800074a0	003549b3	xor	x19,x10,x3	 x10:0x00000001  x3:0x0000022e x19=0x0000022f
     341465.000 ns	     34145	800074a4	efca0193	addi	x3,x20,-260	 x20:0xe8b9c120  x3=0xe8b9c01c
     341475.000 ns	     34146	800074a8	018b14b3	sll	x9,x22,x24	 x22:0x00000000 x24:0x00000001  x9=0x00000000
     341495.000 ns	     34148	800074ac	c00d3f53	fcvt.w.s	x30,f26	 f26:0x7fc00000 x30=0x7fffffff
     341515.000 ns	     34150	800074b0	008cf7b3	and	x15,x25,x8	 x25:0xe6ccec50  x8:0x00000000 x15=0x00000000
     341535.000 ns	     34152	800074b4	29599fd3	fmax.s	f31,f19,f21	 f19:0x7fc00000 f21:0xa7ba31f8 f31=0xa7ba31f8
     341565.000 ns	     34155	800074b8	03e73733	mulhu	x14,x14,x30	 x14:0x00000000 x30:0x7fffffff x14=0x00000000
     341595.000 ns	     34158	800074bc	c00474d3	fcvt.w.s	x9,f8	  f8:0x904e5000  x9=0x00000000
     341625.000 ns	     34161	800074c0	03bd97b3	mulh	x15,x27,x27	 x27:0xf9af2af0 x27:0xf9af2af0 x15=0x0027e382
     341655.000 ns	     34164	800074c4	20450c53	fsgnj.s	f24,f10,f4	 f10:0x80000000  f4:0x4dba31f8 f24=0x00000000
     341685.000 ns	     34167	800074c8	e0098f53	fmv.x.w	x30,f19	 f19:0x7fc00000 x30=0x7fc00000
     341715.000 ns	     34170	800074cc	e00801d3	fmv.x.w	x3,f16	 f16:0x7fc00000  x3=0x7fc00000
     341745.000 ns	     34173	800074d0	036d94b3	mulh	x9,x27,x22	 x27:0xf9af2af0 x22:0x00000000  x9=0x00000000
     341775.000 ns	     34176	800074d4	a1a70253	fle.s	x4,f14,f26	 f14:0x41500000 f26:0x7fc00000  x4=0x00000000
     341805.000 ns	     34179	800074d8	c0132cd3	fcvt.wu.s	x25,f6	  f6:0xcdba31f8 x25=0x17463f00
     341845.000 ns	     34183	800074dc	10581253	fmul.s	f4,f16,f5	 f16:0x7fc00000  f5:0x4dba31f8  f4=0x7fc00000
     341875.000 ns	     34186	800074e0	216d95d3	fsgnjn.s	f11,f27,f22	 f27:0xcfc7984b f22:0x00000000 f11=0xcfc7984b
     341905.000 ns	     34189	800074e4	03bb31b3	mulhu	x3,x22,x27	 x22:0x00000000 x27:0xf9af2af0  x3=0x00000000
     341935.000 ns	     34192	800074e8	29699b53	fmax.s	f22,f19,f22	 f19:0x7fc00000 f22:0x00000000 f22=0x00000000
     341965.000 ns	     34195	800074ec	02395e33	divu	x28,x18,x3	 x18:0x00000000  x3:0x00000000 x28=0xffffffff
     341985.000 ns	     34197	800074f0	c3b94393	xori	x7,x18,-965	 x18:0x00000000  x7=0xfffffc3b
     341995.000 ns	     34198	800074f4	41f255b3	sra	x11,x4,x31	  x4:0x00000000 x31:0xffffffff x11=0x00000000
     342015.000 ns	     34200	800074f8	a07dac53	feq.s	x24,f27,f7	 f27:0xcfc7984b  f7:0xcdba31f7 x24=0x00000000
     342035.000 ns	     34202	800074fc	4c974913	xori	x18,x14,1225	 x14:0x00000000 x18=0x000004c9
     342055.000 ns	     34204	80007500	21212053	fsgnjx.s	f0,f2,f18	  f2:0x80000000 f18:0xfffffff4  f0=0x00000000
     342395.000 ns	     34238	80007504	188eff53	fdiv.s	f30,f29,f8	 f29:0xcdba31f8  f8:0x904e5000 f30=0x7d036e92
     342425.000 ns	     34241	80007508	e00e8553	fmv.x.w	x10,f29	 f29:0xcdba31f8 x10=0xcdba31f8
     342455.000 ns	     34244	8000750c	29479dd3	fmax.s	f27,f15,f20	 f15:0x4dba31f8 f20:0xcdba31f7 f27=0x4dba31f8
     342485.000 ns	     34247	80007510	281a0cd3	fmin.s	f25,f20,f1	 f20:0xcdba31f7  f1:0x4dba31f8 f25=0xcdba31f7
     342505.000 ns	     34249	80007514	002125b3	slt	x11,x2,x2	  x2:0xffffffff  x2:0xffffffff x11=0x00000000
     342525.000 ns	     34251	80007518	f00583d3	fmv.w.x	f7,x11	 x11:0x00000000  f7=0x00000000
     342545.000 ns	     34253	8000751c	4132df93	srai	x31,x5,0x13	  x5:0x80041024 x31=0xfffff000
     342905.000 ns	     34289	80007520	027841b3	div	x3,x16,x7	 x16:0x80040fe4  x7:0xfffffc3b  x3=0x0021f3c7
     342925.000 ns	     34291	80007524	00e68633	add	x12,x13,x14	 x13:0x00000000 x14:0x00000000 x12=0x00000000
     342965.000 ns	     34295	80007528	009a8dd3	fadd.s	f27,f21,f9	 f21:0xa7ba31f8  f9:0xcdba31f7 f27=0xcdba31f7
     342995.000 ns	     34298	8000752c	02d1c8b3	div	x17,x3,x13	  x3:0x0021f3c7 x13:0x00000000 x17=0xffffffff
     343015.000 ns	     34300	80007530	d7037c13	andi	x24,x6,-656	  x6:0x00a00000 x24=0x00a00000
     343025.000 ns	     34301	80007534	40bcd193	srai	x3,x25,0xb	 x25:0x17463f00  x3=0x0002e8c7
     343035.000 ns	     34302	80007538	40305a93	srai	x21,x0,0x3	  x0:0x00000000 x21=0x00000000
     343045.000 ns	     34303	8000753c	41b85693	srai	x13,x16,0x1b	 x16:0x80040fe4 x13=0xfffffff0
     343065.000 ns	     34305	80007540	a0a52153	feq.s	x2,f10,f10	 f10:0x80000000 f10:0x80000000  x2=0x00000001
     343095.000 ns	     34308	80007544	029fe933	rem	x18,x31,x9	 x31:0xfffff000  x9:0x00000000 x18=0xfffff000
     343125.000 ns	     34311	80007548	28b89a53	fmax.s	f20,f17,f11	 f17:0x4f79af2b f11:0xcfc7984b f20=0x4f79af2b
     343155.000 ns	     34314	8000754c	02179f33	mulh	x30,x15,x1	 x15:0x0027e382  x1:0xf9af2ff4 x30=0xffff0413
     343185.000 ns	     34317	80007550	a0080ad3	fle.s	x21,f16,f0	 f16:0x7fc00000  f0:0x00000000 x21=0x00000000
     343215.000 ns	     34320	80007554	e00f9353	fclass.s	x6,f31	 f31:0xa7ba31f8  x6=0x00000002
     343245.000 ns	     34323	80007558	02446c33	rem	x24,x8,x4	  x8:0x00000000  x4:0x00000000 x24=0x00000000
     343265.000 ns	     34325	8000755c	ed0fbf13	sltiu	x30,x31,-304	 x31:0xfffff000 x30=0x00000001
     343285.000 ns	     34327	80007560	204e1bd3	fsgnjn.s	f23,f28,f4	 f28:0x7fc00000  f4:0x7fc00000 f23=0xffc00000
     343305.000 ns	     34329	80007564	019c5693	srli	x13,x24,0x19	 x24:0x00000000 x13=0x00000000
     343315.000 ns	     34330	80007568	00df9893	slli	x17,x31,0xd	 x31:0xfffff000 x17=0xfe000000
     344485.000 ns	     34447	8000756c	5808f6d3	fsqrt.s	f13,f17	 f17:0x4f79af2b f13=0x47308d72
     344505.000 ns	     34449	80007570	00000013	addi	x0,x0,0	  x0:0x00000000
     344515.000 ns	     34450	80007574	4152de93	srai	x29,x5,0x15	  x5:0x80041024 x29=0xfffffc00
     344535.000 ns	     34452	80007578	e00106d3	fmv.x.w	x13,f2	  f2:0x80000000 x13=0x80000000
     344565.000 ns	     34455	8000757c	f0040453	fmv.w.x	f8,x8	  x8:0x00000000  f8=0x00000000
     344595.000 ns	     34458	80007580	038ed733	divu	x14,x29,x24	 x29:0xfffffc00 x24:0x00000000 x14=0xffffffff
     344625.000 ns	     34461	80007584	0376f1b3	remu	x3,x13,x23	 x13:0x80000000 x23:0x00000000  x3=0x80000000
     344655.000 ns	     34464	80007588	a0c32bd3	feq.s	x23,f6,f12	  f6:0xcdba31f8 f12:0x7fc00000 x23=0x00000000
     344685.000 ns	     34467	8000758c	20700a53	fsgnj.s	f20,f0,f7	  f0:0x00000000  f7:0x00000000 f20=0x00000000
     344725.000 ns	     34471	80007590	10387d53	fmul.s	f26,f16,f3	 f16:0x7fc00000  f3:0x80000000 f26=0x7fc00000
     344745.000 ns	     34473	80007594	00a283b3	add	x7,x5,x10	  x5:0x80041024 x10:0xcdba31f8  x7=0x4dbe421c
     345075.000 ns	     34506	80007598	19bcf3d3	fdiv.s	f7,f25,f27	 f25:0xcdba31f7 f27:0xcdba31f7  f7=0x3f3a31f8
     345095.000 ns	     34508	8000759c	00000013	addi	x0,x0,0	  x0:0x00000000
     345115.000 ns	     34510	800075a0	c01296d3	fcvt.wu.s	x13,f5	  f5:0x4dba31f8 x13=0x17463f00
     345145.000 ns	     34513	800075a4	a0fb9753	flt.s	x14,f23,f15	 f23:0xffc00000 f15:0x4dba31f8 x14=0x00000000
     345165.000 ns	     34515	800075a8	d02c67b7	lui	x15,0xd02c6	 x15=0xd02c6000
     345175.000 ns	     34516	800075ac	00a7d193	srli	x3,x15,0xa	 x15:0x0027e382  x3=0x00340b18
     346345.000 ns	     34633	800075b0	5808bcd3	fsqrt.s	f25,f17	 f17:0x4f79af2b f25=0x47308d72
     346375.000 ns	     34636	800075b4	a0ab1053	flt.s	x0,f22,f10	 f22:0x00000000 f10:0x80000000
     346405.000 ns	     34639	800075b8	c010f1d3	fcvt.wu.s	x3,f1	  f1:0x4dba31f8  x3=0x17463f00
     346425.000 ns	     34641	800075bc	ea574693	xori	x13,x14,-347	 x14:0x00000000 x13=0xfffffea5
     346435.000 ns	     34642	800075c0	0196bb33	sltu	x22,x13,x25	 x13:0x17463f00 x25:0x17463f00 x22=0x00000000
     346455.000 ns	     34644	800075c4	20530bd3	fsgnj.s	f23,f6,f5	  f6:0xcdba31f8  f5:0x4dba31f8 f23=0x4dba31f8
     346475.000 ns	     34646	800075c8	5f96a113	slti	x2,x13,1529	 x13:0xfffffea5  x2=0x00000001
     346495.000 ns	     34648	800075cc	e0009353	fclass.s	x6,f1	  f1:0x4dba31f8  x6=0x00000040
     346545.000 ns	     34653	800075d0	087033d3	fsub.s	f7,f0,f7	  f0:0x00000000  f7:0x3f3a31f8  f7=0xbf3a31f8
     346565.000 ns	     34655	800075d4	2c49bf93	sltiu	x31,x19,708	 x19:0x0000022f x31=0x00000001
     346575.000 ns	     34656	800075d8	cf62b617	auipc	x12,0xcf62b	 x12=0x4f6325d8
     346595.000 ns	     34658	800075dc	217729d3	fsgnjx.s	f19,f14,f23	 f14:0x41500000 f23:0x4dba31f8 f19=0x41500000
     346615.000 ns	     34660	800075e0	00000013	addi	x0,x0,0	  x0:0x00000000
     346635.000 ns	     34662	800075e4	e00291d3	fclass.s	x3,f5	  f5:0x4dba31f8  x3=0x00000040
     346655.000 ns	     34664	800075e8	007b1233	sll	x4,x22,x7	 x22:0x00000000  x7:0x4dbe421c  x4=0x00000000
     346665.000 ns	     34665	800075ec	00906d33	or	x26,x0,x9	  x0:0x00000000  x9:0x00000000 x26=0x00000000
     346685.000 ns	     34667	800075f0	e00117d3	fclass.s	x15,f2	  f2:0x80000000 x15=0x00000008
     346705.000 ns	     34669	800075f4	93a7d717	auipc	x14,0x93a7d	 x14=0x13a845f4
     346715.000 ns	     34670	800075f8	007280b3	add	x1,x5,x7	  x5:0x80041024  x7:0x4dbe421c  x1=0xcdc25240
     346725.000 ns	     34671	800075fc	00392fb3	slt	x31,x18,x3	 x18:0xfffff000  x3:0x00000040 x31=0x00000001
     347085.000 ns	     34707	80007600	033ed0b3	divu	x1,x29,x19	 x29:0xfffffc00 x19:0x0000022f  x1=0x00753ce6
     347115.000 ns	     34710	80007604	a18f9fd3	flt.s	x31,f31,f24	 f31:0xa7ba31f8 f24:0x00000000 x31=0x00000001
     347135.000 ns	     34712	80007608	0030a7b3	slt	x15,x1,x3	  x1:0x00753ce6  x3:0x00000040 x15=0x00000000
     347495.000 ns	     34748	8000760c	03fe7433	remu	x8,x28,x31	 x28:0xffffffff x31:0x00000001  x8=0x00000000
     347525.000 ns	     34751	80007610	e00d87d3	fmv.x.w	x15,f27	 f27:0xcdba31f7 x15=0xcdba31f7
     347555.000 ns	     34754	80007614	029634b3	mulhu	x9,x12,x9	 x12:0x4f6325d8  x9:0x00000000  x9=0x00000000
     347585.000 ns	     34757	80007618	d01808d3	fcvt.s.wu	f17,x16	 x16:0x80040fe4 f17=0x4f000410
     347615.000 ns	     34760	8000761c	c00ff7d3	fcvt.w.s	x15,f31	 f31:0xa7ba31f8 x15=0x00000000
     347645.000 ns	     34763	80007620	038ee533	rem	x10,x29,x24	 x29:0xfffffc00 x24:0x00000000 x10=0xfffffc00
     347675.000 ns	     34766	80007624	a10509d3	fle.s	x19,f10,f16	 f10:0x80000000 f16:0x7fc00000 x19=0x00000000
     347695.000 ns	     34768	80007628	003c2e33	slt	x28,x24,x3	 x24:0x00000000  x3:0x00000040 x28=0x00000001
     347715.000 ns	     34770	8000762c	20a597d3	fsgnjn.s	f15,f11,f10	 f11:0xcfc7984b f10:0x80000000 f15=0x4fc7984b
     347735.000 ns	     34772	80007630	400b07b3	sub	x15,x22,x0	 x22:0x00000000  x0:0x00000000 x15=0x00000000
     347745.000 ns	     34773	80007634	3751f717	auipc	x14,0x3751f	 x14=0xb7526634
     347755.000 ns	     34774	80007638	0069d213	srli	x4,x19,0x6	 x19:0x00000000  x4=0x00000000
     347765.000 ns	     34775	8000763c	5b4b6893	ori	x17,x22,1460	 x22:0x00000000 x17=0x000005b4
     347785.000 ns	     34777	80007640	0353e533	rem	x10,x7,x21	  x7:0x4dbe421c x21:0x00000000 x10=0x4dbe421c
     347815.000 ns	     34780	80007644	03f83333	mulhu	x6,x16,x31	 x16:0x80040fe4 x31:0x00000001  x6=0x00000000
     347835.000 ns	     34782	80007648	6673ea13	ori	x20,x7,1639	  x7:0x4dbe421c x20=0x4dbe467f
     347845.000 ns	     34783	8000764c	8b4fe213	ori	x4,x31,-1868	 x31:0x00000001  x4=0xfffff8b5
     347855.000 ns	     34784	80007650	01952cb3	slt	x25,x10,x25	 x10:0x4dbe421c x25:0x17463f00 x25=0x00000000
     347875.000 ns	     34786	80007654	292710d3	fmax.s	f1,f14,f18	 f14:0x41500000 f18:0xfffffff4  f1=0x41500000
     347905.000 ns	     34789	80007658	d0162d53	fcvt.s.wu	f26,x12	 x12:0x4f6325d8 f26=0x4e9ec64c
     347935.000 ns	     34792	8000765c	a0cc0453	fle.s	x8,f24,f12	 f24:0x00000000 f12:0x7fc00000  x8=0x00000000
     347965.000 ns	     34795	80007660	c00af3d3	fcvt.w.s	x7,f21	 f21:0xa7ba31f8  x7=0x00000000
     347985.000 ns	     34797	80007664	01dd5093	srli	x1,x26,0x1d	 x26:0x00000000  x1=0x00000000
     347995.000 ns	     34798	80007668	4e6b6b93	ori	x23,x22,1254	 x22:0x00000000 x23=0x000004e6
     348025.000 ns	     34801	8000766c	10b2bed3	fmul.s	f29,f5,f11	  f5:0x4dba31f8 f11:0xcfc7984b f29=0xde112b9b
     348055.000 ns	     34804	80007670	216b1dd3	fsgnjn.s	f27,f22,f22	 f22:0x00000000 f22:0x00000000 f27=0x80000000
     348075.000 ns	     34806	80007674	010e5d33	srl	x26,x28,x16	 x28:0x00000001 x16:0x80040fe4 x26=0x00000000
     348085.000 ns	     34807	80007678	012765b3	or	x11,x14,x18	 x14:0xb7526634 x18:0xfffff000 x11=0xfffff634
     348095.000 ns	     34808	8000767c	de090993	addi	x19,x18,-544	 x18:0xfffff000 x19=0xffffede0
     348115.000 ns	     34810	80007680	a196a253	feq.s	x4,f13,f25	 f13:0x47308d72 f25:0x47308d72  x4=0x00000001
     348145.000 ns	     34813	80007684	218c13d3	fsgnjn.s	f7,f24,f24	 f24:0x00000000 f24:0x00000000  f7=0x80000000
     348165.000 ns	     34815	80007688	40c65b33	sra	x22,x12,x12	 x12:0x4f6325d8 x12:0x4f6325d8 x22=0x0000004f
     348175.000 ns	     34816	8000768c	40e25cb3	sra	x25,x4,x14	  x4:0x00000001 x14:0xb7526634 x25=0x00000000
     348185.000 ns	     34817	80007690	0156ab33	slt	x22,x13,x21	 x13:0xfffffea5 x21:0x00000000 x22=0x00000001
     348195.000 ns	     34818	80007694	729bf313	andi	x6,x23,1833	 x23:0x000004e6  x6=0x00000420
     348215.000 ns	     34820	80007698	20f78253	fsgnj.s	f4,f15,f15	 f15:0x4fc7984b f15:0x4fc7984b  f4=0x4fc7984b
     348235.000 ns	     34822	8000769c	01d35fb3	srl	x31,x6,x29	  x6:0x00000000 x29:0xfffffc00 x31=0x00000420
     348245.000 ns	     34823	800076a0	00249233	sll	x4,x9,x2	  x9:0x00000000  x2:0x00000001  x4=0x00000000
     348265.000 ns	     34825	800076a4	f0080e53	fmv.w.x	f28,x16	 x16:0x80040fe4 f28=0x80040fe4
     348285.000 ns	     34827	800076a8	00d95bb3	srl	x23,x18,x13	 x18:0xfffff000 x13:0xfffffea5 x23=0x07ffff80
     348295.000 ns	     34828	800076ac	4136d133	sra	x2,x13,x19	 x13:0xfffffea5 x19:0xffffede0  x2=0xfffffea5
     348335.000 ns	     34832	800076b0	017478d3	fadd.s	f17,f8,f23	  f8:0x00000000 f23:0x4dba31f8 f17=0x4dba31f8
     348365.000 ns	     34835	800076b4	d00bf353	fcvt.s.w	f6,x23	 x23:0x07ffff80  f6=0x4cfffff0
     348395.000 ns	     34838	800076b8	282c8653	fmin.s	f12,f25,f2	 f25:0x47308d72  f2:0x80000000 f12=0x80000000
     348415.000 ns	     34840	800076bc	00bf9993	slli	x19,x31,0xb	 x31:0x00000420 x19=0x00210000
     348425.000 ns	     34841	800076c0	000d10b3	sll	x1,x26,x0	 x26:0x00000000  x0:0x00000000  x1=0x00000000
     348435.000 ns	     34842	800076c4	40d20333	sub	x6,x4,x13	  x4:0x00000000 x13:0xfffffea5  x6=0x0000015b
     348445.000 ns	     34843	800076c8	b216ee93	ori	x29,x13,-1247	 x13:0xfffffea5 x29=0xffffffa5
     348455.000 ns	     34844	800076cc	40f4d793	srai	x15,x9,0xf	  x9:0x00000000 x15=0x00000000
     348465.000 ns	     34845	800076d0	01161213	slli	x4,x12,0x11	 x12:0x4f6325d8  x4=0x4bb00000
     349635.000 ns	     34962	800076d4	580f78d3	fsqrt.s	f17,f30	 f30:0x7d036e92 f17=0x5db9def2
     349665.000 ns	     34965	800076d8	21f61053	fsgnjn.s	f0,f12,f31	 f12:0x80000000 f31:0xa7ba31f8  f0=0x00000000
     349715.000 ns	     34970	800076dc	081b04d3	fsub.s	f9,f22,f1	 f22:0x00000000  f1:0x41500000  f9=0xc1500000
     349765.000 ns	     34975	800076e0	0065f9d3	fadd.s	f19,f11,f6	 f11:0xcfc7984b  f6:0x4cfffff0 f19=0xcfc3984b
     349785.000 ns	     34977	800076e4	9135c313	xori	x6,x11,-1773	 x11:0xfffff634  x6=0x00000f27
     349795.000 ns	     34978	800076e8	00711f13	slli	x30,x2,0x7	  x2:0xfffffea5 x30=0xffff5280
     349815.000 ns	     34980	800076ec	e0021453	fclass.s	x8,f4	  f4:0x4fc7984b  x8=0x00000040
     349845.000 ns	     34983	800076f0	020ee9b3	rem	x19,x29,x0	 x29:0xffffffa5  x0:0x00000000 x19=0xffffffa5
     349865.000 ns	     34985	800076f4	5af03793	sltiu	x15,x0,1455	  x0:0x00000000 x15=0x00000001
     349875.000 ns	     34986	800076f8	01fa9c33	sll	x24,x21,x31	 x21:0x00000000 x31:0x00000420 x24=0x00000000
     349895.000 ns	     34988	800076fc	0294b9b3	mulhu	x19,x9,x9	  x9:0x00000000  x9:0x00000000 x19=0x00000000
     349915.000 ns	     34990	80007700	01278eb3	add	x29,x15,x18	 x15:0x00000001 x18:0xfffff000 x29=0xfffff001
     349935.000 ns	     34992	80007704	c00924d3	fcvt.w.s	x9,f18	 f18:0xfffffff4  x9=0x7fffffff
     349975.000 ns	     34996	80007708	10d57853	fmul.s	f16,f10,f13	 f10:0x80000000 f13:0x47308d72 f16=0x80000000
     350005.000 ns	     34999	8000770c	c00a7cd3	fcvt.w.s	x25,f20	 f20:0x00000000 x25=0x00000000
     350025.000 ns	     35001	80007710	412854b3	sra	x9,x16,x18	 x16:0x80040fe4 x18:0xfffff000  x9=0x80040fe4
     350035.000 ns	     35002	80007714	00000013	addi	x0,x0,0	  x0:0x00000000
     350055.000 ns	     35004	80007718	023717b3	mulh	x15,x14,x3	 x14:0xb7526634  x3:0x00000040 x15=0xffffffed
     350085.000 ns	     35007	8000771c	a0609c53	flt.s	x24,f1,f6	  f1:0x41500000  f6:0x4cfffff0 x24=0x00000001
     351265.000 ns	     35125	80007720	580ba1d3	fsqrt.s	f3,f23	 f23:0x4dba31f8  f3=0x469a6110
     351285.000 ns	     35127	80007724	01895e33	srl	x28,x18,x24	 x18:0xfffff000 x24:0x00000001 x28=0x7ffff800
     351295.000 ns	     35128	80007728	00d29533	sll	x10,x5,x13	  x5:0x80041024 x13:0xfffffea5 x10=0x00820480
     351305.000 ns	     35129	8000772c	412d0133	sub	x2,x26,x18	 x26:0x00000000 x18:0xfffff000  x2=0x00001000
     351635.000 ns	     35162	80007730	197f46d3	fdiv.s	f13,f30,f23	 f30:0x7d036e92 f23:0x4dba31f8 f13=0x6e836e92
     351665.000 ns	     35165	80007734	02588f33	mul	x30,x17,x5	 x17:0x000005b4  x5:0x80041024 x30=0x172c0d50
     351715.000 ns	     35170	80007738	08b6ccd3	fsub.s	f25,f13,f11	 f13:0x6e836e92 f11:0xcfc7984b f25=0x6e836e92
     351735.000 ns	     35172	8000773c	41f2dc93	srai	x25,x5,0x1f	  x5:0x80041024 x25=0xffffffff
     351745.000 ns	     35173	80007740	00bc2e33	slt	x28,x24,x11	 x24:0x00000001 x11:0xfffff634 x28=0x00000000
     351755.000 ns	     35174	80007744	0137b6b3	sltu	x13,x15,x19	 x15:0xffffffed x19:0x00000000 x13=0x00000000
     351765.000 ns	     35175	80007748	00046bb3	or	x23,x8,x0	  x8:0x00000040  x0:0x00000000 x23=0x00000040
     351805.000 ns	     35179	8000774c	01f5fc53	fadd.s	f24,f11,f31	 f11:0xcfc7984b f31:0xa7ba31f8 f24=0xcfc7984b
     351825.000 ns	     35181	80007750	14e88693	addi	x13,x17,334	 x17:0x000005b4 x13=0x00000702
     351845.000 ns	     35183	80007754	c015f353	fcvt.wu.s	x6,f11	 f11:0xcfc7984b  x6=0x00000000
     351885.000 ns	     35187	80007758	1014a253	fmul.s	f4,f9,f1	  f9:0xc1500000  f1:0x41500000  f4=0xc3290000
     351905.000 ns	     35189	8000775c	00367133	and	x2,x12,x3	 x12:0x4f6325d8  x3:0x00000040  x2=0x00000040
     351925.000 ns	     35191	80007760	d013c953	fcvt.s.wu	f18,x7	  x7:0x00000000 f18=0x00000000
     351945.000 ns	     35193	80007764	01bbf5b3	and	x11,x23,x27	 x23:0x00000040 x27:0xf9af2af0 x11=0x00000040
     351955.000 ns	     35194	80007768	01d41c33	sll	x24,x8,x29	  x8:0x00000040 x29:0xfffff001 x24=0x00000080
     351975.000 ns	     35196	8000776c	f00b8ad3	fmv.w.x	f21,x23	 x23:0x00000040 f21=0x00000040
     351995.000 ns	     35198	80007770	01e7c0b3	xor	x1,x15,x30	 x15:0xffffffed x30:0x172c0d50  x1=0xe8d3f2bd
     352035.000 ns	     35202	80007774	0979a4d3	fsub.s	f9,f19,f23	 f19:0xcfc3984b f23:0x4dba31f8  f9=0xcfcf3b6b
     352055.000 ns	     35204	80007778	23786013	ori	x0,x16,567	 x16:0x80040fe4
     352065.000 ns	     35205	8000777c	01779f13	slli	x30,x15,0x17	 x15:0xffffffed x30=0xf6800000
     352095.000 ns	     35208	80007780	114c1253	fmul.s	f4,f24,f20	 f24:0xcfc7984b f20:0x00000000  f4=0x80000000
     352125.000 ns	     35211	80007784	c00c71d3	fcvt.w.s	x3,f24	 f24:0xcfc7984b  x3=0x80000000
     352155.000 ns	     35214	80007788	c01238d3	fcvt.wu.s	x17,f4	  f4:0x80000000 x17=0x00000000
     352185.000 ns	     35217	8000778c	20ca9a53	fsgnjn.s	f20,f21,f12	 f21:0x00000040 f12:0x80000000 f20=0x00000040
     352215.000 ns	     35220	80007790	02d6a4b3	mulhsu	x9,x13,x13	 x13:0x00000702 x13:0x00000702  x9=0x00000000
     352235.000 ns	     35222	80007794	00c7cab3	xor	x21,x15,x12	 x15:0xffffffed x12:0x4f6325d8 x21=0xb09cda35
     352595.000 ns	     35258	80007798	024ae933	rem	x18,x21,x4	 x21:0x00000000  x4:0x4bb00000 x18=0xfc4cda35
     352615.000 ns	     35260	8000779c	a75fb613	sltiu	x12,x31,-1419	 x31:0x00000420 x12=0x00000001
     352635.000 ns	     35262	800077a0	d00523d3	fcvt.s.w	f7,x10	 x10:0x00820480  f7=0x4b020480
     352665.000 ns	     35265	800077a4	02acb0b3	mulhu	x1,x25,x10	 x25:0xffffffff x10:0x00820480  x1=0x0082047f
     352685.000 ns	     35267	800077a8	40a75133	sra	x2,x14,x10	 x14:0xb7526634 x10:0x00820480  x2=0xb7526634
     352725.000 ns	     35271	800077ac	09157453	fsub.s	f8,f10,f17	 f10:0x80000000 f17:0x5db9def2  f8=0xddb9def2
     352775.000 ns	     35276	800077b0	006374d3	fadd.s	f9,f6,f6	  f6:0x4cfffff0  f6:0x4cfffff0  f9=0x4d7ffff0
     352805.000 ns	     35279	800077b4	c01d79d3	fcvt.wu.s	x19,f26	 f26:0x4e9ec64c x19=0x4f632600
     353175.000 ns	     35316	800077b8	032b4233	div	x4,x22,x18	 x22:0x00000001 x18:0xfc4cda35  x4=0x00000000
     353195.000 ns	     35318	800077bc	e6024a93	xori	x21,x4,-416	  x4:0x4bb00000 x21=0xfffffe60
     353215.000 ns	     35320	800077c0	d0097e53	fcvt.s.w	f28,x18	 x18:0xfc4cda35 f28=0xcc6cc972
     353235.000 ns	     35322	800077c4	00ba34b3	sltu	x9,x20,x11	 x20:0x4dbe467f x11:0x00000040  x9=0x00000000
     353255.000 ns	     35324	800077c8	02aa06b3	mul	x13,x20,x10	 x20:0x4dbe467f x10:0x00820480 x13=0xa4bb3b80
     353275.000 ns	     35326	800077cc	007c1c33	sll	x24,x24,x7	 x24:0x00000080  x7:0x00000000 x24=0x00000080
     353285.000 ns	     35327	800077d0	010b31b3	sltu	x3,x22,x16	 x22:0x00000001 x16:0x80040fe4  x3=0x00000001
     353295.000 ns	     35328	800077d4	01b01a33	sll	x20,x0,x27	  x0:0x00000000 x27:0xf9af2af0 x20=0x00000000
     353315.000 ns	     35330	800077d8	d0170953	fcvt.s.wu	f18,x14	 x14:0xb7526634 f18=0x4f375266
     353335.000 ns	     35332	800077dc	00000013	addi	x0,x0,0	  x0:0x00000000
     353355.000 ns	     35334	800077e0	a0470453	fle.s	x8,f14,f4	 f14:0x41500000  f4:0x80000000  x8=0x00000000
     353385.000 ns	     35337	800077e4	0350b8b3	mulhu	x17,x1,x21	  x1:0x0082047f x21:0xfffffe60 x17=0x0082047e
     353415.000 ns	     35340	800077e8	a0d698d3	flt.s	x17,f13,f13	 f13:0x6e836e92 f13:0x6e836e92 x17=0x00000000
     353435.000 ns	     35342	800077ec	002edbb3	srl	x23,x29,x2	 x29:0xfffff001  x2:0xb7526634 x23=0x00000fff
     353445.000 ns	     35343	800077f0	410d54b3	sra	x9,x26,x16	 x26:0x00000000 x16:0x80040fe4  x9=0x00000000
     353455.000 ns	     35344	800077f4	01d1b4b3	sltu	x9,x3,x29	  x3:0x00000001 x29:0xfffff001  x9=0x00000001
     353465.000 ns	     35345	800077f8	011b0433	add	x8,x22,x17	 x22:0x00000001 x17:0x00000000  x8=0x00000001
     353475.000 ns	     35346	800077fc	00c4d693	srli	x13,x9,0xc	  x9:0x00000000 x13=0x00000000
     353485.000 ns	     35347	80007800	40c2dab3	sra	x21,x5,x12	  x5:0x80041024 x12:0x00000001 x21=0xc0020812
     353525.000 ns	     35351	80007804	09e0fa53	fsub.s	f20,f1,f30	  f1:0x41500000 f30:0x7d036e92 f20=0xfd036e92
     353555.000 ns	     35354	80007808	c0021353	fcvt.w.s	x6,f4	  f4:0x80000000  x6=0x00000000
     353605.000 ns	     35359	8000780c	080fb7d3	fsub.s	f15,f31,f0	 f31:0xa7ba31f8  f0:0x00000000 f15=0xa7ba31f8
     353625.000 ns	     35361	80007810	00fac9b3	xor	x19,x21,x15	 x21:0xc0020812 x15:0xffffffed x19=0x3ffdf7ff
     353645.000 ns	     35363	80007814	21e38853	fsgnj.s	f16,f7,f30	  f7:0x4b020480 f30:0x7d036e92 f16=0x4b020480
     354015.000 ns	     35400	80007818	03576233	rem	x4,x14,x21	 x14:0xb7526634 x21:0xc0020812  x4=0xf7505e22
     354035.000 ns	     35402	8000781c	00000013	addi	x0,x0,0	  x0:0x00000000
     354055.000 ns	     35404	80007820	d005fcd3	fcvt.s.w	f25,x11	 x11:0x00000040 f25=0x42800000
     354085.000 ns	     35407	80007824	d0079553	fcvt.s.w	f10,x15	 x15:0xffffffed f10=0xc1980000
     354105.000 ns	     35409	80007828	f7e17c93	andi	x25,x2,-130	  x2:0xb7526634 x25=0xb7526634
     354135.000 ns	     35412	8000782c	180d76d3	fdiv.s	f13,f26,f0	 f26:0x4e9ec64c  f0:0x00000000 f13=0x7f800000
     354505.000 ns	     35449	80007830	03ebed33	rem	x26,x23,x30	 x23:0x00000fff x30:0xf6800000 x26=0x00000fff
     354535.000 ns	     35452	80007834	a198a253	feq.s	x4,f17,f25	 f17:0x5db9def2 f25:0x42800000  x4=0x00000000
     354555.000 ns	     35454	80007838	00000013	addi	x0,x0,0	  x0:0x00000000
     355725.000 ns	     35571	8000783c	5800fc53	fsqrt.s	f24,f1	  f1:0x41500000 f24=0x40131405
     355755.000 ns	     35574	80007840	a19d1953	flt.s	x18,f26,f25	 f26:0x4e9ec64c f25:0x42800000 x18=0x00000000
     355775.000 ns	     35576	80007844	bb544b93	xori	x23,x8,-1099	  x8:0x00000001 x23=0xfffffbb4
     355785.000 ns	     35577	80007848	a26f7f93	andi	x31,x30,-1498	 x30:0xf6800000 x31=0xf6800000
     355805.000 ns	     35579	8000784c	21d192d3	fsgnjn.s	f5,f3,f29	  f3:0x469a6110 f29:0xde112b9b  f5=0x469a6110
     355835.000 ns	     35582	80007850	c01c9e53	fcvt.wu.s	x28,f25	 f25:0x42800000 x28=0x00000040
     355855.000 ns	     35584	80007854	ebca6f93	ori	x31,x20,-324	 x20:0x00000000 x31=0xfffffebc
     355865.000 ns	     35585	80007858	fdf37b13	andi	x22,x6,-33	  x6:0x00000000 x22=0x00000000
     355875.000 ns	     35586	8000785c	96b53c93	sltiu	x25,x10,-1685	 x10:0x00820480 x25=0x00000001
     355885.000 ns	     35587	80007860	00b25c33	srl	x24,x4,x11	  x4:0x00000000 x11:0x00000040 x24=0x00000000
     355925.000 ns	     35591	80007864	08f0f5d3	fsub.s	f11,f1,f15	  f1:0x41500000 f15:0xa7ba31f8 f11=0x41500000
     355945.000 ns	     35593	80007868	01b01bb3	sll	x23,x0,x27	  x0:0x00000000 x27:0xf9af2af0 x23=0x00000000
     355955.000 ns	     35594	8000786c	00a6c0b3	xor	x1,x13,x10	 x13:0x00000000 x10:0x00820480  x1=0x00820480
     355995.000 ns	     35598	80007870	080c4b53	fsub.s	f22,f24,f0	 f24:0x40131405  f0:0x00000000 f22=0x40131405
     356015.000 ns	     35600	80007874	41f4d913	srai	x18,x9,0x1f	  x9:0x00000001 x18=0x00000000
     356035.000 ns	     35602	80007878	28db98d3	fmax.s	f17,f23,f13	 f23:0x4dba31f8 f13:0x7f800000 f17=0x7f800000
     356075.000 ns	     35606	8000787c	10da99d3	fmul.s	f19,f21,f13	 f21:0x00000040 f13:0x7f800000 f19=0x7f800000
     356095.000 ns	     35608	80007880	017b3e33	sltu	x28,x22,x23	 x22:0x00000000 x23:0x00000000 x28=0x00000000
     356105.000 ns	     35609	80007884	0058db93	srli	x23,x17,0x5	 x17:0x00000000 x23=0x00000000
     356115.000 ns	     35610	80007888	01ea97b3	sll	x15,x21,x30	 x21:0xc0020812 x30:0xf6800000 x15=0xc0020812
     356125.000 ns	     35611	8000788c	26b7e793	ori	x15,x15,619	 x15:0xffffffed x15=0xc0020a7b
     356135.000 ns	     35612	80007890	0049d313	srli	x6,x19,0x4	 x19:0x3ffdf7ff  x6=0x03ffdf7f
     356145.000 ns	     35613	80007894	00000013	addi	x0,x0,0	  x0:0x00000000
     356165.000 ns	     35615	80007898	29e200d3	fmin.s	f1,f4,f30	  f4:0x80000000 f30:0x7d036e92  f1=0x80000000
     356195.000 ns	     35618	8000789c	f00983d3	fmv.w.x	f7,x19	 x19:0x3ffdf7ff  f7=0x3ffdf7ff
     356225.000 ns	     35621	800078a0	28dc0053	fmin.s	f0,f24,f13	 f24:0x40131405 f13:0x7f800000  f0=0x40131405
     356595.000 ns	     35658	800078a4	0304cab3	div	x21,x9,x16	  x9:0x00000001 x16:0x80040fe4 x21=0x00000000
     356625.000 ns	     35661	800078a8	d01d7553	fcvt.s.wu	f10,x26	 x26:0x00000fff f10=0x457ff000
     356995.000 ns	     35698	800078ac	033afab3	remu	x21,x21,x19	 x21:0x00000000 x19:0x3ffdf7ff x21=0x00000000
     357025.000 ns	     35701	800078b0	024526b3	mulhsu	x13,x10,x4	 x10:0x00820480  x4:0x00000000 x13=0x00000000
     357045.000 ns	     35703	800078b4	00b0d133	srl	x2,x1,x11	  x1:0x00820480 x11:0x00000040  x2=0x00820480
     357055.000 ns	     35704	800078b8	0041df93	srli	x31,x3,0x4	  x3:0x00000001 x31=0x00000000
     357095.000 ns	     35708	800078bc	09b19bd3	fsub.s	f23,f3,f27	  f3:0x469a6110 f27:0x80000000 f23=0x469a6110
     357115.000 ns	     35710	800078c0	53018613	addi	x12,x3,1328	  x3:0x00000001 x12=0x00000531
     357135.000 ns	     35712	800078c4	02c08a33	mul	x20,x1,x12	  x1:0x00820480 x12:0x00000001 x20=0xa2f95c80
     357155.000 ns	     35714	800078c8	00000013	addi	x0,x0,0	  x0:0x00000000
     357165.000 ns	     35715	800078cc	00000013	addi	x0,x0,0	  x0:0x00000000
     357185.000 ns	     35717	800078d0	20781a53	fsgnjn.s	f20,f16,f7	 f16:0x4b020480  f7:0x3ffdf7ff f20=0xcb020480
     357555.000 ns	     35754	800078d4	033f6bb3	rem	x23,x30,x19	 x30:0xf6800000 x19:0x3ffdf7ff x23=0xf6800000
     357575.000 ns	     35756	800078d8	01271e33	sll	x28,x14,x18	 x14:0xb7526634 x18:0x00000000 x28=0xb7526634
     357585.000 ns	     35757	800078dc	01eaa933	slt	x18,x21,x30	 x21:0x00000000 x30:0xf6800000 x18=0x00000000
     357615.000 ns	     35760	800078e0	11d0af53	fmul.s	f30,f1,f29	  f1:0x80000000 f29:0xde112b9b f30=0x00000000
     357635.000 ns	     35762	800078e4	00000013	addi	x0,x0,0	  x0:0x00000000
     357645.000 ns	     35763	800078e8	05732913	slti	x18,x6,87	  x6:0x03ffdf7f x18=0x00000000
     357665.000 ns	     35765	800078ec	026aaeb3	mulhsu	x29,x21,x6	 x21:0x00000000  x6:0x03ffdf7f x29=0x00000000
     357685.000 ns	     35767	800078f0	da628f93	addi	x31,x5,-602	  x5:0x80041024 x31=0x80040dca
     357695.000 ns	     35768	800078f4	016f9793	slli	x15,x31,0x16	 x31:0x00000000 x15=0x72800000
     357705.000 ns	     35769	800078f8	01ff5a33	srl	x20,x30,x31	 x30:0xf6800000 x31:0x00000000 x20=0x003da000
     357725.000 ns	     35771	800078fc	a1dc17d3	flt.s	x15,f24,f29	 f24:0x40131405 f29:0xde112b9b x15=0x00000000
     357745.000 ns	     35773	80007900	005b97b3	sll	x15,x23,x5	 x23:0xf6800000  x5:0x80041024 x15=0x68000000
     358915.000 ns	     35890	80007904	580bf4d3	fsqrt.s	f9,f23	 f23:0x469a6110  f9=0x430c9246
     358965.000 ns	     35895	80007908	090ecfd3	fsub.s	f31,f29,f16	 f29:0xde112b9b f16:0x4b020480 f31=0xde112b9b
     359335.000 ns	     35932	8000790c	02c04bb3	div	x23,x0,x12	  x0:0x00000000 x12:0x00000531 x23=0x00000000
     359355.000 ns	     35934	80007910	407c8eb3	sub	x29,x25,x7	 x25:0x00000001  x7:0x00000000 x29=0x00000001
     359365.000 ns	     35935	80007914	7669cc93	xori	x25,x19,1894	 x19:0x3ffdf7ff x25=0x3ffdf099
     359385.000 ns	     35937	80007918	a0c18c53	fle.s	x24,f3,f12	  f3:0x469a6110 f12:0x80000000 x24=0x00000000
     359405.000 ns	     35939	8000791c	8e07eb13	ori	x22,x15,-1824	 x15:0x68000000 x22=0xfffff8e0
     359415.000 ns	     35940	80007920	bd056097	auipc	x1,0xbd056	  x1=0x3d05d920
     359775.000 ns	     35976	80007924	02b150b3	divu	x1,x2,x11	  x2:0x00820480 x11:0x00000040  x1=0x00020812
     359805.000 ns	     35979	80007928	a07a8bd3	fle.s	x23,f21,f7	 f21:0x00000040  f7:0x3ffdf7ff x23=0x00000001
     360175.000 ns	     36016	8000792c	03f4f1b3	remu	x3,x9,x31	  x9:0x00000001 x31:0x80040dca  x3=0x00000001
     360195.000 ns	     36018	80007930	406955b3	sra	x11,x18,x6	 x18:0x00000000  x6:0x03ffdf7f x11=0x00000000
     360205.000 ns	     36019	80007934	00ec7ab3	and	x21,x24,x14	 x24:0x00000000 x14:0xb7526634 x21=0x00000000
     360215.000 ns	     36020	80007938	406f5c33	sra	x24,x30,x6	 x30:0xf6800000  x6:0x03ffdf7f x24=0xffffffff
     360575.000 ns	     36056	8000793c	03424a33	div	x20,x4,x20	  x4:0x00000000 x20:0x003da000 x20=0x00000000
     360595.000 ns	     36058	80007940	01053633	sltu	x12,x10,x16	 x10:0x00820480 x16:0x80040fe4 x12=0x00000001
     360605.000 ns	     36059	80007944	40f30333	sub	x6,x6,x15	  x6:0x03ffdf7f x15:0x68000000  x6=0x9bffdf7f
     360625.000 ns	     36061	80007948	21cd9553	fsgnjn.s	f10,f27,f28	 f27:0x80000000 f28:0xcc6cc972 f10=0x00000000
     360645.000 ns	     36063	8000794c	00000013	addi	x0,x0,0	  x0:0x00000000
     360655.000 ns	     36064	80007950	29d6e413	ori	x8,x13,669	 x13:0x00000000  x8=0x0000029d
     360985.000 ns	     36097	80007954	18f779d3	fdiv.s	f19,f14,f15	 f14:0x41500000 f15:0xa7ba31f8 f19=0xd912d2d4
     361005.000 ns	     36099	80007958	00000013	addi	x0,x0,0	  x0:0x00000000
     361045.000 ns	     36103	8000795c	094a7953	fsub.s	f18,f20,f20	 f20:0xcb020480 f20:0xcb020480 f18=0x00000000
     361065.000 ns	     36105	80007960	00000013	addi	x0,x0,0	  x0:0x00000000
     361085.000 ns	     36107	80007964	28971553	fmax.s	f10,f14,f9	 f14:0x41500000  f9:0x430c9246 f10=0x430c9246
     361135.000 ns	     36112	80007968	00997c53	fadd.s	f24,f18,f9	 f18:0x00000000  f9:0x430c9246 f24=0x430c9246
     361165.000 ns	     36115	8000796c	0243e1b3	rem	x3,x7,x4	  x7:0x00000000  x4:0x00000000  x3=0x00000000
     361185.000 ns	     36117	80007970	00ee37b3	sltu	x15,x28,x14	 x28:0xb7526634 x14:0xb7526634 x15=0x00000000
     361195.000 ns	     36118	80007974	b5e30097	auipc	x1,0xb5e30	  x1=0x35e37974
     361215.000 ns	     36120	80007978	28cf8e53	fmin.s	f28,f31,f12	 f31:0xde112b9b f12:0x80000000 f28=0xde112b9b
     361235.000 ns	     36122	8000797c	000df1b3	and	x3,x27,x0	 x27:0xf9af2af0  x0:0x00000000  x3=0x00000000
     361255.000 ns	     36124	80007980	03fba333	mulhsu	x6,x23,x31	 x23:0x00000001 x31:0x80040dca  x6=0x00000000
     361275.000 ns	     36126	80007984	015f9533	sll	x10,x31,x21	 x31:0x80040dca x21:0x00000000 x10=0x80040dca
     361635.000 ns	     36162	80007988	038cf633	remu	x12,x25,x24	 x25:0x3ffdf099 x24:0xffffffff x12=0x3ffdf099
     361665.000 ns	     36165	8000798c	a0c3a3d3	feq.s	x7,f7,f12	  f7:0x3ffdf7ff f12:0x80000000  x7=0x00000000
     361685.000 ns	     36167	80007990	00000013	addi	x0,x0,0	  x0:0x00000000
     361695.000 ns	     36168	80007994	987d8393	addi	x7,x27,-1657	 x27:0xf9af2af0  x7=0xf9af2477
     361715.000 ns	     36170	80007998	28d28f53	fmin.s	f30,f5,f13	  f5:0x469a6110 f13:0x7f800000 f30=0x469a6110
     361745.000 ns	     36173	8000799c	e0049ed3	fclass.s	x29,f9	  f9:0x430c9246 x29=0x00000040
     361775.000 ns	     36176	800079a0	e0011ad3	fclass.s	x21,f2	  f2:0x80000000 x21=0x00000008
     361805.000 ns	     36179	800079a4	c0183653	fcvt.wu.s	x12,f16	 f16:0x4b020480 x12=0x00820480
     361835.000 ns	     36182	800079a8	c0180953	fcvt.wu.s	x18,f16	 f16:0x4b020480 x18=0x00820480
     361855.000 ns	     36184	800079ac	f1ca0193	addi	x3,x20,-228	 x20:0x00000000  x3=0xffffff1c
     361875.000 ns	     36186	800079b0	a02a9653	flt.s	x12,f21,f2	 f21:0x00000040  f2:0x80000000 x12=0x00000000
     361905.000 ns	     36189	800079b4	d00c0153	fcvt.s.w	f2,x24	 x24:0xffffffff  f2=0xbf800000
     361925.000 ns	     36191	800079b8	0077a233	slt	x4,x15,x7	 x15:0x00000000  x7:0xf9af2477  x4=0x00000000
     362285.000 ns	     36227	800079bc	03d85033	divu	x0,x16,x29	 x16:0x80040fe4 x29:0x00000040
     362305.000 ns	     36229	800079c0	01195bb3	srl	x23,x18,x17	 x18:0x00820480 x17:0x00000000 x23=0x00820480
     362315.000 ns	     36230	800079c4	41b45033	sra	x0,x8,x27	  x8:0x0000029d x27:0xf9af2af0
     362325.000 ns	     36231	800079c8	80f5a793	slti	x15,x11,-2033	 x11:0x00000000 x15=0x00000000
     362345.000 ns	     36233	800079cc	21b110d3	fsgnjn.s	f1,f2,f27	  f2:0xbf800000 f27:0x80000000  f1=0x3f800000
     362365.000 ns	     36235	800079d0	5f61b193	sltiu	x3,x3,1526	  x3:0xffffff1c  x3=0x00000000
     362375.000 ns	     36236	800079d4	00000013	addi	x0,x0,0	  x0:0x00000000
     362385.000 ns	     36237	800079d8	00319413	slli	x8,x3,0x3	  x3:0xffffff1c  x8=0x00000000
     362405.000 ns	     36239	800079dc	03663b33	mulhu	x22,x12,x22	 x12:0x00000000 x22:0xfffff8e0 x22=0x00000000
     362435.000 ns	     36242	800079e0	02fcd9b3	divu	x19,x25,x15	 x25:0x3ffdf099 x15:0x00000000 x19=0xffffffff
     362455.000 ns	     36244	800079e4	00a6e0b3	or	x1,x13,x10	 x13:0x00000000 x10:0x80040dca  x1=0x80040dca
     362465.000 ns	     36245	800079e8	011a4433	xor	x8,x20,x17	 x20:0x00000000 x17:0x00000000  x8=0x00000000
     362495.000 ns	     36248	800079ec	11d02553	fmul.s	f10,f0,f29	  f0:0x40131405 f29:0xde112b9b f10=0xdea6cec9
     362865.000 ns	     36285	800079f0	030ef0b3	remu	x1,x29,x16	 x29:0x00000040 x16:0x80040fe4  x1=0x00000040
     362885.000 ns	     36287	800079f4	04f52593	slti	x11,x10,79	 x10:0x80040dca x11=0x00000001
     362895.000 ns	     36288	800079f8	9718bcb7	lui	x25,0x9718b	 x25=0x9718b000
     362905.000 ns	     36289	800079fc	0bb58113	addi	x2,x11,187	 x11:0x00000000  x2=0x000000bc
     362935.000 ns	     36292	80007a00	580ff6d3	fsqrt.s	f13,f31	 f31:0xde112b9b f13=0x7fc00000
     362955.000 ns	     36294	80007a04	63a10013	addi	x0,x2,1594	  x2:0x00820480
     362975.000 ns	     36296	80007a08	d00ef6d3	fcvt.s.w	f13,x29	 x29:0x00000040 f13=0x42800000
     363005.000 ns	     36299	80007a0c	03c20bb3	mul	x23,x4,x28	  x4:0x00000000 x28:0xb7526634 x23=0x00000000
     363025.000 ns	     36301	80007a10	2d05eb37	lui	x22,0x2d05e	 x22=0x2d05e000
     363045.000 ns	     36303	80007a14	0200e8b3	rem	x17,x1,x0	  x1:0x00000040  x0:0x00000000 x17=0x00000040
     363075.000 ns	     36306	80007a18	f00b04d3	fmv.w.x	f9,x22	 x22:0x00000000  f9=0x2d05e000
     363095.000 ns	     36308	80007a1c	4932fa93	andi	x21,x5,1171	  x5:0x80041024 x21=0x00000000
     363115.000 ns	     36310	80007a20	28d99cd3	fmax.s	f25,f19,f13	 f19:0xd912d2d4 f13:0x42800000 f25=0x42800000
     363135.000 ns	     36312	80007a24	54730d13	addi	x26,x6,1351	  x6:0x00000000 x26=0x00000547
     363165.000 ns	     36315	80007a28	5809f353	fsqrt.s	f6,f19	 f19:0xd912d2d4  f6=0x7fc00000
     364075.000 ns	     36406	80007a2c	580392d3	fsqrt.s	f5,f7	  f7:0x3ffdf7ff  f5=0x3fb44c85
     364105.000 ns	     36409	80007a30	02a4afb3	mulhsu	x31,x9,x10	  x9:0x00000001 x10:0x80040dca x31=0x00000000
     364135.000 ns	     36412	80007a34	03ac1433	mulh	x8,x24,x26	 x24:0xffffffff x26:0x00000547  x8=0xffffffff
     364165.000 ns	     36415	80007a38	0203fe33	remu	x28,x7,x0	  x7:0xf9af2477  x0:0x00000000 x28=0xf9af2477
     364505.000 ns	     36449	80007a3c	197d76d3	fdiv.s	f13,f26,f23	 f26:0x4e9ec64c f23:0x469a6110 f13=0x47672e96
     364525.000 ns	     36451	80007a40	014ed913	srli	x18,x29,0x14	 x29:0x00000040 x18=0x00000000
     364535.000 ns	     36452	80007a44	a801c713	xori	x14,x3,-1408	  x3:0x00000000 x14=0xfffffa80
     364555.000 ns	     36454	80007a48	03dfb1b3	mulhu	x3,x31,x29	 x31:0x00000000 x29:0x00000040  x3=0x00000000
     364575.000 ns	     36456	80007a4c	dcf04093	xori	x1,x0,-561	  x0:0x00000000  x1=0xfffffdcf
     364605.000 ns	     36459	80007a50	1128fad3	fmul.s	f21,f17,f18	 f17:0x7f800000 f18:0x00000000 f21=0x7fc00000
     364635.000 ns	     36462	80007a54	e0090d53	fmv.x.w	x26,f18	 f18:0x00000000 x26=0x00000000
     364675.000 ns	     36466	80007a58	115090d3	fmul.s	f1,f1,f21	  f1:0x3f800000 f21:0x7fc00000  f1=0x7fc00000
     364695.000 ns	     36468	80007a5c	41bddf93	srai	x31,x27,0x1b	 x27:0xf9af2af0 x31=0xffffffff
     365055.000 ns	     36504	80007a60	0330dc33	divu	x24,x1,x19	  x1:0xfffffdcf x19:0xffffffff x24=0x00000000
     365085.000 ns	     36507	80007a64	a0451c53	flt.s	x24,f10,f4	 f10:0xdea6cec9  f4:0x80000000 x24=0x00000001
     365115.000 ns	     36510	80007a68	c01acf53	fcvt.wu.s	x30,f21	 f21:0x7fc00000 x30=0xffffffff
     365135.000 ns	     36512	80007a6c	7b8f2393	slti	x7,x30,1976	 x30:0xf6800000  x7=0x00000001
     365155.000 ns	     36514	80007a70	020a33b3	mulhu	x7,x20,x0	 x20:0x00000000  x0:0x00000000  x7=0x00000000
     365525.000 ns	     36551	80007a74	0318d5b3	divu	x11,x17,x17	 x17:0x00000040 x17:0x00000040 x11=0x00000001
     365545.000 ns	     36553	80007a78	732e7013	andi	x0,x28,1842	 x28:0xf9af2477
     365555.000 ns	     36554	80007a7c	00061013	slli	x0,x12,0x0	 x12:0x00000000
     365565.000 ns	     36555	80007a80	015ad733	srl	x14,x21,x21	 x21:0x00000000 x21:0x00000000 x14=0x00000000
     365585.000 ns	     36557	80007a84	030897b3	mulh	x15,x17,x16	 x17:0x00000040 x16:0x80040fe4 x15=0xffffffe0
     365615.000 ns	     36560	80007a88	20b0a553	fsgnjx.s	f10,f1,f11	  f1:0x7fc00000 f11:0x41500000 f10=0x7fc00000
     365645.000 ns	     36563	80007a8c	284603d3	fmin.s	f7,f12,f4	 f12:0x80000000  f4:0x80000000  f7=0x80000000
     365675.000 ns	     36566	80007a90	d01d3d53	fcvt.s.wu	f26,x26	 x26:0x00000000 f26=0x00000000
     365705.000 ns	     36569	80007a94	d00978d3	fcvt.s.w	f17,x18	 x18:0x00000000 f17=0x00000000
     365735.000 ns	     36572	80007a98	206a1dd3	fsgnjn.s	f27,f20,f6	 f20:0xcb020480  f6:0x7fc00000 f27=0xcb020480
     365765.000 ns	     36575	80007a9c	21150653	fsgnj.s	f12,f10,f17	 f10:0x7fc00000 f17:0x00000000 f12=0x7fc00000
     365785.000 ns	     36577	80007aa0	df568417	auipc	x8,0xdf568	  x8=0x5f56faa0
     365795.000 ns	     36578	80007aa4	677f4713	xori	x14,x30,1655	 x30:0xffffffff x14=0xfffff988
     365805.000 ns	     36579	80007aa8	41cd8333	sub	x6,x27,x28	 x27:0xf9af2af0 x28:0xf9af2477  x6=0x00000679
     365825.000 ns	     36581	80007aac	02b98bb3	mul	x23,x19,x11	 x19:0xffffffff x11:0x00000001 x23=0xffffffff
     365845.000 ns	     36583	80007ab0	00000013	addi	x0,x0,0	  x0:0x00000000
     365855.000 ns	     36584	80007ab4	20d4b097	auipc	x1,0x20d4b	  x1=0xa0d52ab4
     365875.000 ns	     36586	80007ab8	28ff1353	fmax.s	f6,f30,f15	 f30:0x469a6110 f15:0xa7ba31f8  f6=0x469a6110
     365895.000 ns	     36588	80007abc	000df8b3	and	x17,x27,x0	 x27:0xf9af2af0  x0:0x00000000 x17=0x00000000
     365905.000 ns	     36589	80007ac0	5788d137	lui	x2,0x5788d	  x2=0x5788d000
     365915.000 ns	     36590	80007ac4	006b71b3	and	x3,x22,x6	 x22:0x2d05e000  x6:0x00000679  x3=0x00000000
     365945.000 ns	     36593	80007ac8	192bbf53	fdiv.s	f30,f23,f18	 f23:0x469a6110 f18:0x00000000 f30=0x7f800000
     365965.000 ns	     36595	80007acc	2a0afd17	auipc	x26,0x2a0af	 x26=0xaa0b6acc
     365985.000 ns	     36597	80007ad0	031ab933	mulhu	x18,x21,x17	 x21:0x00000000 x17:0x00000000 x18=0x00000000
     366015.000 ns	     36600	80007ad4	c01f1253	fcvt.wu.s	x4,f30	 f30:0x7f800000  x4=0xffffffff
     366385.000 ns	     36637	80007ad8	024dec33	rem	x24,x27,x4	 x27:0xf9af2af0  x4:0x00000000 x24=0x00000000
     366405.000 ns	     36639	80007adc	010f3bb3	sltu	x23,x30,x16	 x30:0xffffffff x16:0x80040fe4 x23=0x00000000
     366425.000 ns	     36641	80007ae0	a10f18d3	flt.s	x17,f30,f16	 f30:0x7f800000 f16:0x4b020480 x17=0x00000000
     366445.000 ns	     36643	80007ae4	e2861037	lui	x0,0xe2861	
     366465.000 ns	     36645	80007ae8	20f28853	fsgnj.s	f16,f5,f15	  f5:0x3fb44c85 f15:0xa7ba31f8 f16=0xbfb44c85
     366835.000 ns	     36682	80007aec	03d659b3	divu	x19,x12,x29	 x12:0x00000000 x29:0x00000040 x19=0x00000000
     366865.000 ns	     36685	80007af0	f00d8653	fmv.w.x	f12,x27	 x27:0xf9af2af0 f12=0xf9af2af0
     366895.000 ns	     36688	80007af4	e0051053	fclass.s	x0,f10	 f10:0x7fc00000
     366925.000 ns	     36691	80007af8	038f4bb3	div	x23,x30,x24	 x30:0xffffffff x24:0x00000000 x23=0xffffffff
     366965.000 ns	     36695	80007afc	1073ccd3	fmul.s	f25,f7,f7	  f7:0x80000000  f7:0x80000000 f25=0x00000000
     366985.000 ns	     36697	80007b00	ba146513	ori	x10,x8,-1119	  x8:0x5f56faa0 x10=0xfffffba1
     367005.000 ns	     36699	80007b04	a1a317d3	flt.s	x15,f6,f26	  f6:0x469a6110 f26:0x00000000 x15=0x00000000
     367025.000 ns	     36701	80007b08	404a50b3	sra	x1,x20,x4	 x20:0x00000000  x4:0xffffffff  x1=0x00000000
     367045.000 ns	     36703	80007b0c	c01f2753	fcvt.wu.s	x14,f30	 f30:0x7f800000 x14=0xffffffff
     367075.000 ns	     36706	80007b10	c00c7153	fcvt.w.s	x2,f24	 f24:0x430c9246  x2=0x0000008c
     367095.000 ns	     36708	80007b14	6d896693	ori	x13,x18,1752	 x18:0x00000000 x13=0x000006d8
     368265.000 ns	     36825	80007b18	5806fa53	fsqrt.s	f20,f13	 f13:0x47672e96 f20=0x43237868
     368295.000 ns	     36828	80007b1c	0374b9b3	mulhu	x19,x9,x23	  x9:0x00000001 x23:0xffffffff x19=0x00000000
     368315.000 ns	     36830	80007b20	00945693	srli	x13,x8,0x9	  x8:0x5f56faa0 x13=0x002fab7d
     368325.000 ns	     36831	80007b24	00e89493	slli	x9,x17,0xe	 x17:0x00000000  x9=0x00000000
     368335.000 ns	     36832	80007b28	417e0eb3	sub	x29,x28,x23	 x28:0xf9af2477 x23:0xffffffff x29=0xf9af2478
     368345.000 ns	     36833	80007b2c	64ed6413	ori	x8,x26,1614	 x26:0xaa0b6acc  x8=0xaa0b6ece
     368385.000 ns	     36837	80007b30	01fb79d3	fadd.s	f19,f22,f31	 f22:0x40131405 f31:0xde112b9b f19=0xde112b9b
     368405.000 ns	     36839	80007b34	41c95633	sra	x12,x18,x28	 x18:0x00000000 x28:0xf9af2477 x12=0x00000000
     368765.000 ns	     36875	80007b38	026df233	remu	x4,x27,x6	 x27:0xf9af2af0  x6:0x00000679  x4=0x000004be
     368785.000 ns	     36877	80007b3c	4aa38f93	addi	x31,x7,1194	  x7:0x00000000 x31=0x000004aa
     368795.000 ns	     36878	80007b40	0b3e48b7	lui	x17,0xb3e4	 x17=0x0b3e4000
     368815.000 ns	     36880	80007b44	284d0fd3	fmin.s	f31,f26,f4	 f26:0x00000000  f4:0x80000000 f31=0x80000000
     368835.000 ns	     36882	80007b48	016cc6b3	xor	x13,x25,x22	 x25:0x9718b000 x22:0x2d05e000 x13=0xba1d5000
     368845.000 ns	     36883	80007b4c	d8c6e197	auipc	x3,0xd8c6e	  x3=0x58c75b4c
     368855.000 ns	     36884	80007b50	00e49137	lui	x2,0xe49	  x2=0x00e49000
     368875.000 ns	     36886	80007b54	022f87b3	mul	x15,x31,x2	 x31:0x000004aa  x2:0x0000008c x15=0x2a07a000
     368895.000 ns	     36888	80007b58	00000013	addi	x0,x0,0	  x0:0x00000000
     368915.000 ns	     36890	80007b5c	020ad7b3	divu	x15,x21,x0	 x21:0x00000000  x0:0x00000000 x15=0xffffffff
     368945.000 ns	     36893	80007b60	202589d3	fsgnj.s	f19,f11,f2	 f11:0x41500000  f2:0xbf800000 f19=0xc1500000
     368965.000 ns	     36895	80007b64	287e0113	addi	x2,x28,647	 x28:0xf9af2477  x2=0xf9af26fe
     368985.000 ns	     36897	80007b68	20f79c53	fsgnjn.s	f24,f15,f15	 f15:0xa7ba31f8 f15:0xa7ba31f8 f24=0x27ba31f8
     369015.000 ns	     36900	80007b6c	211d2ad3	fsgnjx.s	f21,f26,f17	 f26:0x00000000 f17:0x00000000 f21=0x00000000
     369035.000 ns	     36902	80007b70	01b52bb3	slt	x23,x10,x27	 x10:0xfffffba1 x27:0xf9af2af0 x23=0x00000000
     369045.000 ns	     36903	80007b74	8ceb66b7	lui	x13,0x8ceb6	 x13=0x8ceb6000
     369085.000 ns	     36907	80007b78	01b40353	fadd.s	f6,f8,f27	  f8:0xddb9def2 f27:0xcb020480  f6=0xddb9def2
     369105.000 ns	     36909	80007b7c	00f7bd33	sltu	x26,x15,x15	 x15:0xffffffff x15:0xffffffff x26=0x00000000
     369125.000 ns	     36911	80007b80	d01af853	fcvt.s.wu	f16,x21	 x21:0x00000000 f16=0x00000000
     369155.000 ns	     36914	80007b84	c00639d3	fcvt.w.s	x19,f12	 f12:0xf9af2af0 x19=0x80000000
     369175.000 ns	     36916	80007b88	01b011b3	sll	x3,x0,x27	  x0:0x00000000 x27:0xf9af2af0  x3=0x00000000
     369195.000 ns	     36918	80007b8c	d003b753	fcvt.s.w	f14,x7	  x7:0x00000000 f14=0x00000000
     369215.000 ns	     36920	80007b90	01f226b3	slt	x13,x4,x31	  x4:0x000004be x31:0x000004aa x13=0x00000000
     369235.000 ns	     36922	80007b94	034193b3	mulh	x7,x3,x20	  x3:0x00000000 x20:0x00000000  x7=0x00000000
     369265.000 ns	     36925	80007b98	21f61153	fsgnjn.s	f2,f12,f31	 f12:0xf9af2af0 f31:0x80000000  f2=0x79af2af0
     369285.000 ns	     36927	80007b9c	d666a593	slti	x11,x13,-666	 x13:0x00000000 x11=0x00000000
     369305.000 ns	     36929	80007ba0	03939033	mulh	x0,x7,x25	  x7:0x00000000 x25:0x9718b000
     369325.000 ns	     36931	80007ba4	d6ab6913	ori	x18,x22,-662	 x22:0x2d05e000 x18=0xfffffd6a
     369345.000 ns	     36933	80007ba8	29b98a53	fmin.s	f20,f19,f27	 f19:0xc1500000 f27:0xcb020480 f20=0xcb020480
     369365.000 ns	     36935	80007bac	41105893	srai	x17,x0,0x11	  x0:0x00000000 x17=0x00000000
     369385.000 ns	     36937	80007bb0	283d99d3	fmax.s	f19,f27,f3	 f27:0xcb020480  f3:0x469a6110 f19=0x469a6110
     369405.000 ns	     36939	80007bb4	01a3d713	srli	x14,x7,0x1a	  x7:0x00000000 x14=0x00000000
     369425.000 ns	     36941	80007bb8	033b24b3	mulhsu	x9,x22,x19	 x22:0x2d05e000 x19:0x80000000  x9=0x1682f000
     369455.000 ns	     36944	80007bbc	e00f8b53	fmv.x.w	x22,f31	 f31:0x80000000 x22=0x80000000
     369475.000 ns	     36946	80007bc0	40748ab3	sub	x21,x9,x7	  x9:0x1682f000  x7:0x00000000 x21=0x1682f000
     369495.000 ns	     36948	80007bc4	03d61bb3	mulh	x23,x12,x29	 x12:0x00000000 x29:0xf9af2478 x23=0x00000000
     369525.000 ns	     36951	80007bc8	021d41b3	div	x3,x26,x1	 x26:0x00000000  x1:0x00000000  x3=0xffffffff
     369555.000 ns	     36954	80007bcc	c01e4253	fcvt.wu.s	x4,f28	 f28:0xde112b9b  x4=0x00000000
     369585.000 ns	     36957	80007bd0	c016f453	fcvt.wu.s	x8,f13	 f13:0x47672e96  x8=0x0000e72e
     369615.000 ns	     36960	80007bd4	a1a92d53	feq.s	x26,f18,f26	 f18:0x00000000 f26:0x00000000 x26=0x00000001
     369635.000 ns	     36962	80007bd8	011e2b33	slt	x22,x28,x17	 x28:0xf9af2477 x17:0x00000000 x22=0x00000001
     369655.000 ns	     36964	80007bdc	035985b3	mul	x11,x19,x21	 x19:0x80000000 x21:0x1682f000 x11=0x00000000
     369685.000 ns	     36967	80007be0	200b1953	fsgnjn.s	f18,f22,f0	 f22:0x40131405  f0:0x40131405 f18=0xc0131405
     369735.000 ns	     36972	80007be4	082fc153	fsub.s	f2,f31,f2	 f31:0x80000000  f2:0x79af2af0  f2=0xf9af2af0
     369765.000 ns	     36975	80007be8	a0c00fd3	fle.s	x31,f0,f12	  f0:0x40131405 f12:0xf9af2af0 x31=0x00000000
     369815.000 ns	     36980	80007bec	00ae2453	fadd.s	f8,f28,f10	 f28:0xde112b9b f10:0x7fc00000  f8=0x7fc00000
     369835.000 ns	     36982	80007bf0	005a6933	or	x18,x20,x5	 x20:0x00000000  x5:0x80041024 x18=0x80041024
     369845.000 ns	     36983	80007bf4	00c57bb3	and	x23,x10,x12	 x10:0xfffffba1 x12:0x00000000 x23=0x00000000
     369855.000 ns	     36984	80007bf8	60202c97	auipc	x25,0x60202	 x25=0xe0209bf8
     369865.000 ns	     36985	80007bfc	41eedb33	sra	x22,x29,x30	 x29:0xf9af2478 x30:0xffffffff x22=0xffffffff
     369875.000 ns	     36986	80007c00	005c0e33	add	x28,x24,x5	 x24:0x00000000  x5:0x80041024 x28=0x80041024
     369885.000 ns	     36987	80007c04	40f75533	sra	x10,x14,x15	 x14:0x00000000 x15:0xffffffff x10=0x00000000
     369895.000 ns	     36988	80007c08	018e1f93	slli	x31,x28,0x18	 x28:0xf9af2477 x31=0x24000000
     369915.000 ns	     36990	80007c0c	c01543d3	fcvt.wu.s	x7,f10	 f10:0x7fc00000  x7=0xffffffff
     369945.000 ns	     36993	80007c10	28e28c53	fmin.s	f24,f5,f14	  f5:0x3fb44c85 f14:0x00000000 f24=0x00000000
     369975.000 ns	     36996	80007c14	a06d0cd3	fle.s	x25,f26,f6	 f26:0x00000000  f6:0xddb9def2 x25=0x00000000
     369995.000 ns	     36998	80007c18	000fdb13	srli	x22,x31,0x0	 x31:0x24000000 x22=0x24000000
     370015.000 ns	     37000	80007c1c	21939c53	fsgnjn.s	f24,f7,f25	  f7:0x80000000 f25:0x00000000 f24=0x80000000
     370035.000 ns	     37002	80007c20	01ff51b3	srl	x3,x30,x31	 x30:0xffffffff x31:0x24000000  x3=0xffffffff
     370065.000 ns	     37005	80007c24	10490ed3	fmul.s	f29,f18,f4	 f18:0xc0131405  f4:0x80000000 f29=0x00000000
     370095.000 ns	     37008	80007c28	03d52a33	mulhsu	x20,x10,x29	 x10:0x00000000 x29:0xf9af2478 x20=0x00000000
     370115.000 ns	     37010	80007c2c	01f7e333	or	x6,x15,x31	 x15:0xffffffff x31:0x24000000  x6=0xffffffff
     370135.000 ns	     37012	80007c30	29cf8353	fmin.s	f6,f31,f28	 f31:0x80000000 f28:0xde112b9b  f6=0xde112b9b
     370165.000 ns	     37015	80007c34	02cb6433	rem	x8,x22,x12	 x22:0x24000000 x12:0x00000000  x8=0x24000000
     370215.000 ns	     37020	80007c38	00d49ed3	fadd.s	f29,f9,f13	  f9:0x2d05e000 f13:0x47672e96 f29=0x47672e96
     370235.000 ns	     37022	80007c3c	00759533	sll	x10,x11,x7	 x11:0x00000000  x7:0xffffffff x10=0x00000000
     370255.000 ns	     37024	80007c40	288b9953	fmax.s	f18,f23,f8	 f23:0x469a6110  f8:0x7fc00000 f18=0x469a6110
     370275.000 ns	     37026	80007c44	f33c1617	auipc	x12,0xf33c1	 x12=0x733c8c44
     370285.000 ns	     37027	80007c48	92968613	addi	x12,x13,-1751	 x13:0x00000000 x12=0xfffff929
     370305.000 ns	     37029	80007c4c	03219cb3	mulh	x25,x3,x18	  x3:0xffffffff x18:0x80041024 x25=0x00000000
     370335.000 ns	     37032	80007c50	a04fafd3	feq.s	x31,f31,f4	 f31:0x80000000  f4:0x80000000 x31=0x00000001
     370355.000 ns	     37034	80007c54	01369533	sll	x10,x13,x19	 x13:0x00000000 x19:0x80000000 x10=0x00000000
     370365.000 ns	     37035	80007c58	82fe6113	ori	x2,x28,-2001	 x28:0x80041024  x2=0xfffff82f
     370385.000 ns	     37037	80007c5c	033027b3	mulhsu	x15,x0,x19	  x0:0x00000000 x19:0x80000000 x15=0x00000000
     370405.000 ns	     37039	80007c60	00d2ebb3	or	x23,x5,x13	  x5:0x80041024 x13:0x00000000 x23=0x80041024
     370415.000 ns	     37040	80007c64	402fdbb3	sra	x23,x31,x2	 x31:0x00000001  x2:0xfffff82f x23=0x00000000
     370435.000 ns	     37042	80007c68	215babd3	fsgnjx.s	f23,f23,f21	 f23:0x469a6110 f21:0x00000000 f23=0x469a6110
     370465.000 ns	     37045	80007c6c	c0057353	fcvt.w.s	x6,f10	 f10:0x7fc00000  x6=0x7fffffff
     370485.000 ns	     37047	80007c70	00da7133	and	x2,x20,x13	 x20:0x00000000 x13:0x00000000  x2=0x00000000
     370505.000 ns	     37049	80007c74	c008f5d3	fcvt.w.s	x11,f17	 f17:0x00000000 x11=0x00000000
     370525.000 ns	     37051	80007c78	01b1fab3	and	x21,x3,x27	  x3:0xffffffff x27:0xf9af2af0 x21=0xf9af2af0
     370535.000 ns	     37052	80007c7c	01f6e7b3	or	x15,x13,x31	 x13:0x00000000 x31:0x00000001 x15=0x00000001
     370545.000 ns	     37053	80007c80	015c0a33	add	x20,x24,x21	 x24:0x00000000 x21:0x1682f000 x20=0xf9af2af0
     370555.000 ns	     37054	80007c84	b123a693	slti	x13,x7,-1262	  x7:0xffffffff x13=0x00000000
     370565.000 ns	     37055	80007c88	00000013	addi	x0,x0,0	  x0:0x00000000
     370925.000 ns	     37091	80007c8c	03bb6333	rem	x6,x22,x27	 x22:0x24000000 x27:0xf9af2af0  x6=0x046bd6b0
     370945.000 ns	     37093	80007c90	00b39933	sll	x18,x7,x11	  x7:0xffffffff x11:0x00000000 x18=0xffffffff
     370965.000 ns	     37095	80007c94	217b2b53	fsgnjx.s	f22,f22,f23	 f22:0x40131405 f23:0x469a6110 f22=0x40131405
     370985.000 ns	     37097	80007c98	00425913	srli	x18,x4,0x4	  x4:0x00000000 x18=0x00000000
     371005.000 ns	     37099	80007c9c	02799d33	mulh	x26,x19,x7	 x19:0x80000000  x7:0xffffffff x26=0x00000000
     371025.000 ns	     37101	80007ca0	c5a58d37	lui	x26,0xc5a58	 x26=0xc5a58000
     371045.000 ns	     37103	80007ca4	03bfacb3	mulhsu	x25,x31,x27	 x31:0x00000001 x27:0xf9af2af0 x25=0x00000000
     371075.000 ns	     37106	80007ca8	c01b7953	fcvt.wu.s	x18,f22	 f22:0x40131405 x18=0x00000002
     371095.000 ns	     37108	80007cac	00eb54b3	srl	x9,x22,x14	 x22:0x24000000 x14:0x00000000  x9=0x24000000
     371115.000 ns	     37110	80007cb0	c016b053	fcvt.wu.s	x0,f13	 f13:0x47672e96
     371135.000 ns	     37112	80007cb4	010a97b3	sll	x15,x21,x16	 x21:0xf9af2af0 x16:0x80040fe4 x15=0x9af2af00
     371145.000 ns	     37113	80007cb8	96866f13	ori	x30,x12,-1688	 x12:0xfffff929 x30=0xfffff969
     371155.000 ns	     37114	80007cbc	00eb2bb3	slt	x23,x22,x14	 x22:0x24000000 x14:0x00000000 x23=0x00000000
     371175.000 ns	     37116	80007cc0	c01a76d3	fcvt.wu.s	x13,f20	 f20:0xcb020480 x13=0x00820480
     371215.000 ns	     37120	80007cc4	18a8be53	fdiv.s	f28,f17,f10	 f17:0x00000000 f10:0x7fc00000 f28=0x7fc00000
     371265.000 ns	     37125	80007cc8	00a5f553	fadd.s	f10,f11,f10	 f11:0x41500000 f10:0x7fc00000 f10=0x7fc00000
     371295.000 ns	     37128	80007ccc	e0080a53	fmv.x.w	x20,f16	 f16:0x00000000 x20=0x00000000
     371315.000 ns	     37130	80007cd0	00c74c33	xor	x24,x14,x12	 x14:0x00000000 x12:0xfffff929 x24=0xfffff929
     371335.000 ns	     37132	80007cd4	03a62233	mulhsu	x4,x12,x26	 x12:0xfffff929 x26:0xc5a58000  x4=0xfffffab8
     371355.000 ns	     37134	80007cd8	00338333	add	x6,x7,x3	  x7:0xffffffff  x3:0xffffffff  x6=0xfffffffe
     371365.000 ns	     37135	80007cdc	7d438737	lui	x14,0x7d438	 x14=0x7d438000
     371385.000 ns	     37137	80007ce0	c01aa053	fcvt.wu.s	x0,f21	 f21:0x00000000
     371405.000 ns	     37139	80007ce4	d39bab13	slti	x22,x23,-711	 x23:0x00000000 x22=0x00000000
     371425.000 ns	     37141	80007ce8	d005f353	fcvt.s.w	f6,x11	 x11:0x00000000  f6=0x00000000
     371455.000 ns	     37144	80007cec	0202bfb3	mulhu	x31,x5,x0	  x5:0x80041024  x0:0x00000000 x31=0x00000000
     371475.000 ns	     37146	80007cf0	400dc393	xori	x7,x27,1024	 x27:0xf9af2af0  x7=0xf9af2ef0
     371485.000 ns	     37147	80007cf4	ed547f37	lui	x30,0xed547	 x30=0xed547000
     371505.000 ns	     37149	80007cf8	a0a70953	fle.s	x18,f14,f10	 f14:0x00000000 f10:0x7fc00000 x18=0x00000000
     371535.000 ns	     37152	80007cfc	e00689d3	fmv.x.w	x19,f13	 f13:0x47672e96 x19=0x47672e96
     371565.000 ns	     37155	80007d00	a1d09653	flt.s	x12,f1,f29	  f1:0x7fc00000 f29:0x47672e96 x12=0x00000000
     371595.000 ns	     37158	80007d04	d016a153	fcvt.s.wu	f2,x13	 x13:0x00820480  f2=0x4b020480
     371625.000 ns	     37161	80007d08	e00393d3	fclass.s	x7,f7	  f7:0x80000000  x7=0x00000008
     371645.000 ns	     37163	80007d0c	01cf1433	sll	x8,x30,x28	 x30:0xed547000 x28:0x80041024  x8=0xd5470000
     371665.000 ns	     37165	80007d10	f00188d3	fmv.w.x	f17,x3	  x3:0xffffffff f17=0xffffffff
     371685.000 ns	     37167	80007d14	00ad9b13	slli	x22,x27,0xa	 x27:0xf9af2af0 x22=0xbcabc000
     371705.000 ns	     37169	80007d18	032781b3	mul	x3,x15,x18	 x15:0x9af2af00 x18:0x00000000  x3=0x00000000
     371725.000 ns	     37171	80007d1c	01225513	srli	x10,x4,0x12	  x4:0xfffffab8 x10=0x00003fff
     371745.000 ns	     37173	80007d20	02d09033	mulh	x0,x1,x13	  x1:0x00000000 x13:0x00820480
     371775.000 ns	     37176	80007d24	02f299b3	mulh	x19,x5,x15	  x5:0x80041024 x15:0x9af2af00 x19=0x32850deb
     371795.000 ns	     37178	80007d28	00f07a93	andi	x21,x0,15	  x0:0x00000000 x21=0x00000000
     371805.000 ns	     37179	80007d2c	91d90393	addi	x7,x18,-1763	 x18:0x00000000  x7=0xfffff91d
     371825.000 ns	     37181	80007d30	d01ef853	fcvt.s.wu	f16,x29	 x29:0xf9af2478 f16=0x4f79af24
     371875.000 ns	     37186	80007d34	01f0fed3	fadd.s	f29,f1,f31	  f1:0x7fc00000 f31:0x80000000 f29=0x7fc00000
     371895.000 ns	     37188	80007d38	018c9033	sll	x0,x25,x24	 x25:0x00000000 x24:0xfffff929
     371925.000 ns	     37191	80007d3c	11421953	fmul.s	f18,f4,f20	  f4:0x80000000 f20:0xcb020480 f18=0x00000000
     371945.000 ns	     37193	80007d40	c2002793	slti	x15,x0,-992	  x0:0x00000000 x15=0x00000000
     371975.000 ns	     37196	80007d44	18787653	fdiv.s	f12,f16,f7	 f16:0x4f79af24  f7:0x80000000 f12=0xff800000
     371995.000 ns	     37198	80007d48	0095d713	srli	x14,x11,0x9	 x11:0x00000000 x14=0x00000000
     372025.000 ns	     37201	80007d4c	18cc7e53	fdiv.s	f28,f24,f12	 f24:0x80000000 f12:0xff800000 f28=0x00000000
     372055.000 ns	     37204	80007d50	c0100053	fcvt.wu.s	x0,f0	  f0:0x40131405
     372425.000 ns	     37241	80007d54	02a7f933	remu	x18,x15,x10	 x15:0x00000000 x10:0x00003fff x18=0x00000000
     372445.000 ns	     37243	80007d58	7145a393	slti	x7,x11,1812	 x11:0x00000000  x7=0x00000001
     372485.000 ns	     37247	80007d5c	089e9b53	fsub.s	f22,f29,f9	 f29:0x7fc00000  f9:0x2d05e000 f22=0x7fc00000
     372505.000 ns	     37249	80007d60	00024ab3	xor	x21,x4,x0	  x4:0xfffffab8  x0:0x00000000 x21=0xfffffab8
     372525.000 ns	     37251	80007d64	d01dcb53	fcvt.s.wu	f22,x27	 x27:0xf9af2af0 f22=0x4f79af2b
     372555.000 ns	     37254	80007d68	a01e06d3	fle.s	x13,f28,f1	 f28:0x00000000  f1:0x7fc00000 x13=0x00000000
     372585.000 ns	     37257	80007d6c	c017ff53	fcvt.wu.s	x30,f15	 f15:0xa7ba31f8 x30=0x00000000
     372605.000 ns	     37259	80007d70	013979b3	and	x19,x18,x19	 x18:0x00000000 x19:0x32850deb x19=0x00000000
     372965.000 ns	     37295	80007d74	03b6c5b3	div	x11,x13,x27	 x13:0x00000000 x27:0xf9af2af0 x11=0x00000000
     372985.000 ns	     37297	80007d78	dbc42413	slti	x8,x8,-580	  x8:0xd5470000  x8=0x00000001
     372995.000 ns	     37298	80007d7c	f2a08893	addi	x17,x1,-214	  x1:0x00000000 x17=0xffffff2a
     373025.000 ns	     37301	80007d80	11ac2c53	fmul.s	f24,f24,f26	 f24:0x80000000 f26:0x00000000 f24=0x80000000
     373055.000 ns	     37304	80007d84	20eb95d3	fsgnjn.s	f11,f23,f14	 f23:0x469a6110 f14:0x00000000 f11=0xc69a6110
     373105.000 ns	     37309	80007d88	0816f3d3	fsub.s	f7,f13,f1	 f13:0x47672e96  f1:0x7fc00000  f7=0x7fc00000
     373145.000 ns	     37313	80007d8c	18be8bd3	fdiv.s	f23,f29,f11	 f29:0x7fc00000 f11:0xc69a6110 f23=0x7fc00000
     373175.000 ns	     37316	80007d90	288496d3	fmax.s	f13,f9,f8	  f9:0x2d05e000  f8:0x7fc00000 f13=0x2d05e000
     373195.000 ns	     37318	80007d94	00694fb3	xor	x31,x18,x6	 x18:0x00000000  x6:0xfffffffe x31=0xfffffffe
     373215.000 ns	     37320	80007d98	f0048253	fmv.w.x	f4,x9	  x9:0x24000000  f4=0x24000000
     373235.000 ns	     37322	80007d9c	00000013	addi	x0,x0,0	  x0:0x00000000
     373255.000 ns	     37324	80007da0	e0091c53	fclass.s	x24,f18	 f18:0x00000000 x24=0x00000010
     373285.000 ns	     37327	80007da4	21541453	fsgnjn.s	f8,f8,f21	  f8:0x7fc00000 f21:0x00000000  f8=0xffc00000
     373315.000 ns	     37330	80007da8	e00f93d3	fclass.s	x7,f31	 f31:0x80000000  x7=0x00000008
     373335.000 ns	     37332	80007dac	0d44b413	sltiu	x8,x9,212	  x9:0x24000000  x8=0x00000000
     373355.000 ns	     37334	80007db0	023d98b3	mulh	x17,x27,x3	 x27:0xf9af2af0  x3:0x00000000 x17=0x00000000
     373385.000 ns	     37337	80007db4	a1cf2653	feq.s	x12,f30,f28	 f30:0x7f800000 f28:0x00000000 x12=0x00000000
     373415.000 ns	     37340	80007db8	0235fe33	remu	x28,x11,x3	 x11:0x00000000  x3:0x00000000 x28=0x00000000
     373465.000 ns	     37345	80007dbc	09d60d53	fsub.s	f26,f12,f29	 f12:0xff800000 f29:0x7fc00000 f26=0x7fc00000
     373485.000 ns	     37347	80007dc0	00e06533	or	x10,x0,x14	  x0:0x00000000 x14:0x00000000 x10=0x00000000
     373505.000 ns	     37349	80007dc4	021bde33	divu	x28,x23,x1	 x23:0x00000000  x1:0x00000000 x28=0xffffffff
     373525.000 ns	     37351	80007dc8	004576b3	and	x13,x10,x4	 x10:0x00003fff  x4:0xfffffab8 x13=0x00000000
     373545.000 ns	     37353	80007dcc	29dc1553	fmax.s	f10,f24,f29	 f24:0x80000000 f29:0x7fc00000 f10=0x80000000
     373575.000 ns	     37356	80007dd0	a0132bd3	feq.s	x23,f6,f1	  f6:0x00000000  f1:0x7fc00000 x23=0x00000000
     373595.000 ns	     37358	80007dd4	41c15d13	srai	x26,x2,0x1c	  x2:0x00000000 x26=0x00000000
     373605.000 ns	     37359	80007dd8	01de6d33	or	x26,x28,x29	 x28:0xffffffff x29:0xf9af2478 x26=0xffffffff
     373625.000 ns	     37361	80007ddc	037e2e33	mulhsu	x28,x28,x23	 x28:0xffffffff x23:0x00000000 x28=0x00000000
     373645.000 ns	     37363	80007de0	40dfd633	sra	x12,x31,x13	 x31:0xfffffffe x13:0x00000000 x12=0xfffffffe
     373665.000 ns	     37365	80007de4	02afe0b3	rem	x1,x31,x10	 x31:0xfffffffe x10:0x00000000  x1=0xfffffffe
     373695.000 ns	     37368	80007de8	d011c4d3	fcvt.s.wu	f9,x3	  x3:0x00000000  f9=0x00000000
     373715.000 ns	     37370	80007dec	96d0c7b7	lui	x15,0x96d0c	 x15=0x96d0c000
     373725.000 ns	     37371	80007df0	404b5333	sra	x6,x22,x4	 x22:0xbcabc000  x4:0xfffffab8  x6=0xffffffbc
     373735.000 ns	     37372	80007df4	cbc36d13	ori	x26,x6,-836	  x6:0xfffffffe x26=0xffffffbc
     373745.000 ns	     37373	80007df8	00cd1a93	slli	x21,x26,0xc	 x26:0xffffffff x21=0xfffbc000
     373755.000 ns	     37374	80007dfc	0192cd33	xor	x26,x5,x25	  x5:0x80041024 x25:0x00000000 x26=0x80041024
     373765.000 ns	     37375	80007e00	418a5713	srai	x14,x20,0x18	 x20:0x00000000 x14=0x00000000
     373785.000 ns	     37377	80007e04	02d54fb3	div	x31,x10,x13	 x10:0x00000000 x13:0x00000000 x31=0xffffffff
     373805.000 ns	     37379	80007e08	3bca4613	xori	x12,x20,956	 x20:0x00000000 x12=0x000003bc
     373815.000 ns	     37380	80007e0c	51c8e793	ori	x15,x17,1308	 x17:0x00000000 x15=0x0000051c
     373825.000 ns	     37381	80007e10	00fab7b3	sltu	x15,x21,x15	 x21:0xfffbc000 x15:0x96d0c000 x15=0x00000000
     373855.000 ns	     37384	80007e14	192b0953	fdiv.s	f18,f22,f18	 f22:0x4f79af2b f18:0x00000000 f18=0x7f800000
     373885.000 ns	     37387	80007e18	032ce9b3	rem	x19,x25,x18	 x25:0x00000000 x18:0x00000000 x19=0x00000000
     373915.000 ns	     37390	80007e1c	c01f9ed3	fcvt.wu.s	x29,f31	 f31:0x80000000 x29=0x00000000
     373945.000 ns	     37393	80007e20	a0282b53	feq.s	x22,f16,f2	 f16:0x4f79af24  f2:0x4b020480 x22=0x00000000
     373965.000 ns	     37395	80007e24	4123d3b3	sra	x7,x7,x18	  x7:0x00000008 x18:0x00000000  x7=0x00000008
     373975.000 ns	     37396	80007e28	01fbfc33	and	x24,x23,x31	 x23:0x00000000 x31:0xffffffff x24=0x00000000
     373985.000 ns	     37397	80007e2c	4149dbb3	sra	x23,x19,x20	 x19:0x00000000 x20:0x00000000 x23=0x00000000
     374005.000 ns	     37399	80007e30	c0047b53	fcvt.w.s	x22,f8	  f8:0xffc00000 x22=0x7fffffff
     374025.000 ns	     37401	80007e34	01392c33	slt	x24,x18,x19	 x18:0x00000000 x19:0x00000000 x24=0x00000000
     374045.000 ns	     37403	80007e38	d0047d53	fcvt.s.w	f26,x8	  x8:0x00000000 f26=0x00000000
     374065.000 ns	     37405	80007e3c	01f31433	sll	x8,x6,x31	  x6:0xffffffbc x31:0xffffffff  x8=0x00000000
     374075.000 ns	     37406	80007e40	94414413	xori	x8,x2,-1724	  x2:0x00000000  x8=0xfffff944
     374085.000 ns	     37407	80007e44	000200b3	add	x1,x4,x0	  x4:0xfffffab8  x0:0x00000000  x1=0xfffffab8
     374095.000 ns	     37408	80007e48	406bd8b3	sra	x17,x23,x6	 x23:0x00000000  x6:0xffffffbc x17=0x00000000
     374115.000 ns	     37410	80007e4c	e00b0c53	fmv.x.w	x24,f22	 f22:0x4f79af2b x24=0x4f79af2b
     374135.000 ns	     37412	80007e50	012f10b3	sll	x1,x30,x18	 x30:0x00000000 x18:0x00000000  x1=0x00000000
     374155.000 ns	     37414	80007e54	03f3bd33	mulhu	x26,x7,x31	  x7:0x00000008 x31:0xffffffff x26=0x00000007
     374175.000 ns	     37416	80007e58	00d8a8b3	slt	x17,x17,x13	 x17:0x00000000 x13:0x00000000 x17=0x00000000
     374185.000 ns	     37417	80007e5c	d15f5c17	auipc	x24,0xd15f5	 x24=0x515fce5c
     374195.000 ns	     37418	80007e60	4027d493	srai	x9,x15,0x2	 x15:0x00000000  x9=0x00000000
     374205.000 ns	     37419	80007e64	77770093	addi	x1,x14,1911	 x14:0x00000000  x1=0x00000777
     374225.000 ns	     37421	80007e68	02b27433	remu	x8,x4,x11	  x4:0xfffffab8 x11:0x00000000  x8=0xfffffab8
     374255.000 ns	     37424	80007e6c	e00e0fd3	fmv.x.w	x31,f28	 f28:0x00000000 x31=0x00000000
     374285.000 ns	     37427	80007e70	c009f753	fcvt.w.s	x14,f19	 f19:0x469a6110 x14=0x00004d30
     374305.000 ns	     37429	80007e74	4266e417	auipc	x8,0x4266e	  x8=0xc2675e74
     374325.000 ns	     37431	80007e78	0369aeb3	mulhsu	x29,x19,x22	 x19:0x00000000 x22:0x7fffffff x29=0x00000000
     374375.000 ns	     37436	80007e7c	090723d3	fsub.s	f7,f14,f16	 f14:0x00000000 f16:0x4f79af24  f7=0xcf79af24
     374405.000 ns	     37439	80007e80	026baab3	mulhsu	x21,x23,x6	 x23:0x00000000  x6:0xffffffbc x21=0x00000000
     374425.000 ns	     37441	80007e84	f8ee7c13	andi	x24,x28,-114	 x28:0x00000000 x24=0x00000000
     374445.000 ns	     37443	80007e88	d0012b53	fcvt.s.w	f22,x2	  x2:0x00000000 f22=0x00000000
     374465.000 ns	     37445	80007e8c	00000013	addi	x0,x0,0	  x0:0x00000000
     374485.000 ns	     37447	80007e90	025b9333	mulh	x6,x23,x5	 x23:0x00000000  x5:0x80041024  x6=0x00000000
     374505.000 ns	     37449	80007e94	01758933	add	x18,x11,x23	 x11:0x00000000 x23:0x00000000 x18=0x00000000
     374515.000 ns	     37450	80007e98	01c0b733	sltu	x14,x1,x28	  x1:0x00000777 x28:0x00000000 x14=0x00000000
     374555.000 ns	     37454	80007e9c	01d446d3	fadd.s	f13,f8,f29	  f8:0xffc00000 f29:0x7fc00000 f13=0x7fc00000
     374585.000 ns	     37457	80007ea0	027b99b3	mulh	x19,x23,x7	 x23:0x00000000  x7:0x00000008 x19=0x00000000
     374625.000 ns	     37461	80007ea4	10a6fc53	fmul.s	f24,f13,f10	 f13:0x7fc00000 f10:0x80000000 f24=0x7fc00000
     374645.000 ns	     37463	80007ea8	6a636793	ori	x15,x6,1702	  x6:0x00000000 x15=0x000006a6
     374655.000 ns	     37464	80007eac	00c1a1b3	slt	x3,x3,x12	  x3:0x00000000 x12:0x000003bc  x3=0x00000001
     374665.000 ns	     37465	80007eb0	0083a533	slt	x10,x7,x8	  x7:0x00000008  x8:0xc2675e74 x10=0x00000000
     374705.000 ns	     37469	80007eb4	09504253	fsub.s	f4,f0,f21	  f0:0x40131405 f21:0x00000000  f4=0x40131405
     374725.000 ns	     37471	80007eb8	5df58193	addi	x3,x11,1503	 x11:0x00000000  x3=0x000005df
     374735.000 ns	     37472	80007ebc	0177c7b3	xor	x15,x15,x23	 x15:0x000006a6 x23:0x00000000 x15=0x000006a6
     374755.000 ns	     37474	80007ec0	02f68bb3	mul	x23,x13,x15	 x13:0x00000000 x15:0x000006a6 x23=0x00000000
     374795.000 ns	     37478	80007ec4	114b7e53	fmul.s	f28,f22,f20	 f22:0x00000000 f20:0xcb020480 f28=0x80000000
     374815.000 ns	     37480	80007ec8	00425433	srl	x8,x4,x4	  x4:0xfffffab8  x4:0xfffffab8  x8=0x000000ff
     374835.000 ns	     37482	80007ecc	03cc1733	mulh	x14,x24,x28	 x24:0x00000000 x28:0x00000000 x14=0x00000000
     374855.000 ns	     37484	80007ed0	2ce8be97	auipc	x29,0x2ce8b	 x29=0xace92ed0
     374875.000 ns	     37486	80007ed4	20beab53	fsgnjx.s	f22,f29,f11	 f29:0x7fc00000 f11:0xc69a6110 f22=0xffc00000
     374895.000 ns	     37488	80007ed8	014be133	or	x2,x23,x20	 x23:0x00000000 x20:0x00000000  x2=0x00000000
     374915.000 ns	     37490	80007edc	d011b8d3	fcvt.s.wu	f17,x3	  x3:0x000005df f17=0x44bbe000
     374935.000 ns	     37492	80007ee0	0042e333	or	x6,x5,x4	  x5:0x80041024  x4:0xfffffab8  x6=0xfffffabc
     374945.000 ns	     37493	80007ee4	01f66733	or	x14,x12,x31	 x12:0x000003bc x31:0x00000000 x14=0x000003bc
     374955.000 ns	     37494	80007ee8	5b464637	lui	x12,0x5b464	 x12=0x5b464000
     374965.000 ns	     37495	80007eec	003ba133	slt	x2,x23,x3	 x23:0x00000000  x3:0x000005df  x2=0x00000001
     374985.000 ns	     37497	80007ef0	2175a153	fsgnjx.s	f2,f11,f23	 f11:0xc69a6110 f23:0x7fc00000  f2=0xc69a6110
     375355.000 ns	     37534	80007ef4	02795cb3	divu	x25,x18,x7	 x18:0x00000000  x7:0x00000008 x25=0x00000000
     375385.000 ns	     37537	80007ef8	d00f7b53	fcvt.s.w	f22,x30	 x30:0x00000000 f22=0x00000000
     375405.000 ns	     37539	80007efc	005570b3	and	x1,x10,x5	 x10:0x00000000  x5:0x80041024  x1=0x00000000
     375425.000 ns	     37541	80007f00	a01d81d3	fle.s	x3,f27,f1	 f27:0xcb020480  f1:0x7fc00000  x3=0x00000000
     375795.000 ns	     37578	80007f04	02216b33	rem	x22,x2,x2	  x2:0x00000001  x2:0x00000001 x22=0x00000000
     375815.000 ns	     37580	80007f08	d0572a37	lui	x20,0xd0572	 x20=0xd0572000
     375835.000 ns	     37582	80007f0c	e0079ed3	fclass.s	x29,f15	 f15:0xa7ba31f8 x29=0x00000002
     376205.000 ns	     37619	80007f10	027e6533	rem	x10,x28,x7	 x28:0x00000000  x7:0x00000008 x10=0x00000000
     376225.000 ns	     37621	80007f14	5137b113	sltiu	x2,x15,1299	 x15:0x000006a6  x2=0x00000000
     376235.000 ns	     37622	80007f18	6bc00613	addi	x12,x0,1724	  x0:0x00000000 x12=0x000006bc
     376245.000 ns	     37623	80007f1c	00962a33	slt	x20,x12,x9	 x12:0x5b464000  x9:0x00000000 x20=0x00000000
     376265.000 ns	     37625	80007f20	d0062953	fcvt.s.w	f18,x12	 x12:0x5b464000 f18=0x44d78000
     376285.000 ns	     37627	80007f24	01ca6b33	or	x22,x20,x28	 x20:0xd0572000 x28:0x00000000 x22=0x00000000
     376325.000 ns	     37631	80007f28	084dfed3	fsub.s	f29,f27,f4	 f27:0xcb020480  f4:0x40131405 f29=0xcb020482
     376355.000 ns	     37634	80007f2c	a14b8453	fle.s	x8,f23,f20	 f23:0x7fc00000 f20:0xcb020480  x8=0x00000000
     376385.000 ns	     37637	80007f30	02b217b3	mulh	x15,x4,x11	  x4:0xfffffab8 x11:0x00000000 x15=0x00000000
     376405.000 ns	     37639	80007f34	01f61713	slli	x14,x12,0x1f	 x12:0x000006bc x14=0x00000000
     376425.000 ns	     37641	80007f38	039036b3	mulhu	x13,x0,x25	  x0:0x00000000 x25:0x00000000 x13=0x00000000
     376445.000 ns	     37643	80007f3c	00000013	addi	x0,x0,0	  x0:0x00000000
     376465.000 ns	     37645	80007f40	29388ad3	fmin.s	f21,f17,f19	 f17:0x44bbe000 f19:0x469a6110 f21=0x44bbe000
     376485.000 ns	     37647	80007f44	5d306613	ori	x12,x0,1491	  x0:0x00000000 x12=0x000005d3
     376505.000 ns	     37649	80007f48	03ab10b3	mulh	x1,x22,x26	 x22:0x00000000 x26:0x00000007  x1=0x00000000
     376535.000 ns	     37652	80007f4c	e00608d3	fmv.x.w	x17,f12	 f12:0xff800000 x17=0xff800000
     376565.000 ns	     37655	80007f50	028b8c33	mul	x24,x23,x8	 x23:0x00000000  x8:0x00000000 x24=0x00000000
     376595.000 ns	     37658	80007f54	02aa4033	div	x0,x20,x10	 x20:0x00000000 x10:0x00000000
     376625.000 ns	     37661	80007f58	03d08533	mul	x10,x1,x29	  x1:0x00000000 x29:0x00000002 x10=0x00000000
     376645.000 ns	     37663	80007f5c	6249fb93	andi	x23,x19,1572	 x19:0x00000000 x23=0x00000000
     376665.000 ns	     37665	80007f60	d00b7053	fcvt.s.w	f0,x22	 x22:0x00000000  f0=0x00000000
     376685.000 ns	     37667	80007f64	00ce1993	slli	x19,x28,0xc	 x28:0x00000000 x19=0x00000000
     376705.000 ns	     37669	80007f68	028e3fb3	mulhu	x31,x28,x8	 x28:0x00000000  x8:0x00000000 x31=0x00000000
     377075.000 ns	     37706	80007f6c	03badfb3	divu	x31,x21,x27	 x21:0x00000000 x27:0xf9af2af0 x31=0x00000000
     377105.000 ns	     37709	80007f70	d008ffd3	fcvt.s.w	f31,x17	 x17:0xff800000 f31=0xcb000000
     377135.000 ns	     37712	80007f74	202b88d3	fsgnj.s	f17,f23,f2	 f23:0x7fc00000  f2:0xc69a6110 f17=0xffc00000
     377155.000 ns	     37714	80007f78	3df0b137	lui	x2,0x3df0b	  x2=0x3df0b000
     377175.000 ns	     37716	80007f7c	21d491d3	fsgnjn.s	f3,f9,f29	  f9:0x00000000 f29:0xcb020482  f3=0x00000000
     377545.000 ns	     37753	80007f80	02ca65b3	rem	x11,x20,x12	 x20:0x00000000 x12:0x000005d3 x11=0x00000000
     377575.000 ns	     37756	80007f84	03827433	remu	x8,x4,x24	  x4:0xfffffab8 x24:0x00000000  x8=0xfffffab8
     377605.000 ns	     37759	80007f88	20f819d3	fsgnjn.s	f19,f16,f15	 f16:0x4f79af24 f15:0xa7ba31f8 f19=0x4f79af24
     377625.000 ns	     37761	80007f8c	c7afaa93	slti	x21,x31,-902	 x31:0x00000000 x21=0x00000000
     377645.000 ns	     37763	80007f90	0274a933	mulhsu	x18,x9,x7	  x9:0x00000000  x7:0x00000008 x18=0x00000000
     377665.000 ns	     37765	80007f94	01d6ffb3	and	x31,x13,x29	 x13:0x00000000 x29:0x00000002 x31=0x00000000
     377685.000 ns	     37767	80007f98	e0079fd3	fclass.s	x31,f15	 f15:0xa7ba31f8 x31=0x00000002
     378055.000 ns	     37804	80007f9c	030af9b3	remu	x19,x21,x16	 x21:0x00000000 x16:0x80040fe4 x19=0x00000000
     378085.000 ns	     37807	80007fa0	02dbfab3	remu	x21,x23,x13	 x23:0x00000000 x13:0x00000000 x21=0x00000000
     378105.000 ns	     37809	80007fa4	9b048993	addi	x19,x9,-1616	  x9:0x00000000 x19=0xfffff9b0
     378115.000 ns	     37810	80007fa8	0046efb3	or	x31,x13,x4	 x13:0x00000000  x4:0xfffffab8 x31=0xfffffab8
     378135.000 ns	     37812	80007fac	280192d3	fmax.s	f5,f3,f0	  f3:0x00000000  f0:0x00000000  f5=0x00000000
     378165.000 ns	     37815	80007fb0	a00087d3	fle.s	x15,f1,f0	  f1:0x7fc00000  f0:0x00000000 x15=0x00000000
     378205.000 ns	     37819	80007fb4	58017bd3	fsqrt.s	f23,f2	  f2:0xc69a6110 f23=0x7fc00000
     378235.000 ns	     37822	80007fb8	02cb2033	mulhsu	x0,x22,x12	 x22:0x00000000 x12:0x000005d3
     378255.000 ns	     37824	80007fbc	01bc9433	sll	x8,x25,x27	 x25:0x00000000 x27:0xf9af2af0  x8=0x00000000
     378265.000 ns	     37825	80007fc0	05a78393	addi	x7,x15,90	 x15:0x00000000  x7=0x0000005a
     378295.000 ns	     37828	80007fc4	580cffd3	fsqrt.s	f31,f25	 f25:0x00000000 f31=0x00000000
     378325.000 ns	     37831	80007fc8	d000a353	fcvt.s.w	f6,x1	  x1:0x00000000  f6=0x00000000
     378355.000 ns	     37834	80007fcc	211996d3	fsgnjn.s	f13,f19,f17	 f19:0x4f79af24 f17:0xffc00000 f13=0x4f79af24
     378375.000 ns	     37836	80007fd0	01cd7cb3	and	x25,x26,x28	 x26:0x00000007 x28:0x00000000 x25=0x00000000
     378405.000 ns	     37839	80007fd4	580d0c53	fsqrt.s	f24,f26	 f26:0x00000000 f24=0x00000000
     378435.000 ns	     37842	80007fd8	209a9353	fsgnjn.s	f6,f21,f9	 f21:0x44bbe000  f9:0x00000000  f6=0xc4bbe000
     378455.000 ns	     37844	80007fdc	00fffab3	and	x21,x31,x15	 x31:0xfffffab8 x15:0x00000000 x21=0x00000000
     378475.000 ns	     37846	80007fe0	d0080d53	fcvt.s.w	f26,x16	 x16:0x80040fe4 f26=0xcefff7e0
     378505.000 ns	     37849	80007fe4	29411e53	fmax.s	f28,f2,f20	  f2:0xc69a6110 f20:0xcb020480 f28=0xc69a6110
     378535.000 ns	     37852	80007fe8	28aa1cd3	fmax.s	f25,f20,f10	 f20:0xcb020480 f10:0x80000000 f25=0x80000000
     378555.000 ns	     37854	80007fec	0fd6e413	ori	x8,x13,253	 x13:0x00000000  x8=0x000000fd
     378565.000 ns	     37855	80007ff0	1b07ee93	ori	x29,x15,432	 x15:0x00000000 x29=0x000001b0
     378575.000 ns	     37856	80007ff4	417e0533	sub	x10,x28,x23	 x28:0x00000000 x23:0x00000000 x10=0x00000000
     378585.000 ns	     37857	80007ff8	cde7bb93	sltiu	x23,x15,-802	 x15:0x00000000 x23=0x00000001
     378595.000 ns	     37858	80007ffc	b1650993	addi	x19,x10,-1258	 x10:0x00000000 x19=0xfffffb16
     378615.000 ns	     37860	80008000	a1990a53	fle.s	x20,f18,f25	 f18:0x44d78000 f25:0x80000000 x20=0x00000000
     378645.000 ns	     37863	80008004	21512cd3	fsgnjx.s	f25,f2,f21	  f2:0xc69a6110 f21:0x44bbe000 f25=0xc69a6110
     378665.000 ns	     37865	80008008	9f4c3593	sltiu	x11,x24,-1548	 x24:0x00000000 x11=0x00000001
     378705.000 ns	     37869	8000800c	08c67e53	fsub.s	f28,f12,f12	 f12:0xff800000 f12:0xff800000 f28=0x00000000
     378745.000 ns	     37873	80008010	19f13753	fdiv.s	f14,f2,f31	  f2:0xc69a6110 f31:0x00000000 f14=0xff800000
     378765.000 ns	     37875	80008014	01d6f233	and	x4,x13,x29	 x13:0x00000000 x29:0x000001b0  x4=0x00000000
     378785.000 ns	     37877	80008018	a0611453	flt.s	x8,f2,f6	  f2:0xc69a6110  f6:0xc4bbe000  x8=0x00000001
     378825.000 ns	     37881	8000801c	10f88853	fmul.s	f16,f17,f15	 f17:0xffc00000 f15:0xa7ba31f8 f16=0x7fc00000
     378855.000 ns	     37884	80008020	a1d91ed3	flt.s	x29,f18,f29	 f18:0x44d78000 f29:0xcb020482 x29=0x00000000
     379225.000 ns	     37921	80008024	02c36a33	rem	x20,x6,x12	  x6:0xfffffabc x12:0x000005d3 x20=0xfffffabc
     379255.000 ns	     37924	80008028	d0010a53	fcvt.s.w	f20,x2	  x2:0x3df0b000 f20=0x4e77c2c0
     379625.000 ns	     37961	8000802c	0256d3b3	divu	x7,x13,x5	 x13:0x00000000  x5:0x80041024  x7=0x00000000
     379655.000 ns	     37964	80008030	d01d8153	fcvt.s.wu	f2,x27	 x27:0xf9af2af0  f2=0x4f79af2b
     379675.000 ns	     37966	80008034	00000013	addi	x0,x0,0	  x0:0x00000000
     379685.000 ns	     37967	80008038	44dcea93	ori	x21,x25,1101	 x25:0x00000000 x21=0x0000044d
     379705.000 ns	     37969	8000803c	03eb2e33	mulhsu	x28,x22,x30	 x22:0x00000000 x30:0x00000000 x28=0x00000000
     379735.000 ns	     37972	80008040	20041ad3	fsgnjn.s	f21,f8,f0	  f8:0xffc00000  f0:0x00000000 f21=0xffc00000
     379755.000 ns	     37974	80008044	0648b893	sltiu	x17,x17,100	 x17:0xff800000 x17=0x00000000
     379775.000 ns	     37976	80008048	f0098bd3	fmv.w.x	f23,x19	 x19:0xfffffb16 f23=0xfffffb16
     379795.000 ns	     37978	8000804c	41660733	sub	x14,x12,x22	 x12:0x000005d3 x22:0x00000000 x14=0x000005d3
     379805.000 ns	     37979	80008050	efea7e37	lui	x28,0xefea7	 x28=0xefea7000
     379815.000 ns	     37980	80008054	5fbcfa37	lui	x20,0x5fbcf	 x20=0x5fbcf000
     379835.000 ns	     37982	80008058	02e103b3	mul	x7,x2,x14	  x2:0x3df0b000 x14:0x000005d3  x7=0xc0d11000
     379855.000 ns	     37984	8000805c	01cc4633	xor	x12,x24,x28	 x24:0x00000000 x28:0xefea7000 x12=0xefea7000
     379865.000 ns	     37985	80008060	00a25eb3	srl	x29,x4,x10	  x4:0x00000000 x10:0x00000000 x29=0x00000000
     379885.000 ns	     37987	80008064	28cd1dd3	fmax.s	f27,f26,f12	 f26:0xcefff7e0 f12:0xff800000 f27=0xcefff7e0
     379905.000 ns	     37989	80008068	012acd33	xor	x26,x21,x18	 x21:0x0000044d x18:0x00000000 x26=0x0000044d
     380235.000 ns	     38022	8000806c	194d32d3	fdiv.s	f5,f26,f20	 f26:0xcefff7e0 f20:0x4e77c2c0  f5=0xbffff7e0
     380255.000 ns	     38024	80008070	5b30f713	andi	x14,x1,1459	  x1:0x00000000 x14=0x00000000
     380265.000 ns	     38025	80008074	8a596693	ori	x13,x18,-1883	 x18:0x00000000 x13=0xfffff8a5
     380285.000 ns	     38027	80008078	a1d41253	flt.s	x4,f8,f29	  f8:0xffc00000 f29:0xcb020482  x4=0x00000000
     380305.000 ns	     38029	8000807c	410e8fb3	sub	x31,x29,x16	 x29:0x00000000 x16:0x80040fe4 x31=0x7ffbf01c
     380315.000 ns	     38030	80008080	945fea93	ori	x21,x31,-1723	 x31:0xfffffab8 x21=0xfffff95d
     380335.000 ns	     38032	80008084	29c717d3	fmax.s	f15,f14,f28	 f14:0xff800000 f28:0x00000000 f15=0x00000000
     380365.000 ns	     38035	80008088	02f431b3	mulhu	x3,x8,x15	  x8:0x00000001 x15:0x00000000  x3=0x00000000
     380395.000 ns	     38038	8000808c	d01cf2d3	fcvt.s.wu	f5,x25	 x25:0x00000000  f5=0x00000000
     380425.000 ns	     38041	80008090	c00f74d3	fcvt.w.s	x9,f30	 f30:0x7f800000  x9=0x7fffffff
     380455.000 ns	     38044	80008094	d0011dd3	fcvt.s.w	f27,x2	  x2:0x3df0b000 f27=0x4e77c2c0
     380485.000 ns	     38047	80008098	03d64333	div	x6,x12,x29	 x12:0xefea7000 x29:0x00000000  x6=0xffffffff
     380515.000 ns	     38050	8000809c	28229353	fmax.s	f6,f5,f2	  f5:0x00000000  f2:0x4f79af2b  f6=0x4f79af2b
     380535.000 ns	     38052	800080a0	00e92c33	slt	x24,x18,x14	 x18:0x00000000 x14:0x00000000 x24=0x00000000
     380555.000 ns	     38054	800080a4	2035af53	fsgnjx.s	f30,f11,f3	 f11:0xc69a6110  f3:0x00000000 f30=0xc69a6110
     380585.000 ns	     38057	800080a8	c00478d3	fcvt.w.s	x17,f8	  f8:0xffc00000 x17=0x7fffffff
     380605.000 ns	     38059	800080ac	01ccceb3	xor	x29,x25,x28	 x25:0x00000000 x28:0xefea7000 x29=0xefea7000
     380965.000 ns	     38095	800080b0	03b7e433	rem	x8,x15,x27	 x15:0x00000000 x27:0xf9af2af0  x8=0x00000000
     380985.000 ns	     38097	800080b4	00fb3233	sltu	x4,x22,x15	 x22:0x00000000 x15:0x00000000  x4=0x00000000
     380995.000 ns	     38098	800080b8	00000013	addi	x0,x0,0	  x0:0x00000000
     381015.000 ns	     38100	800080bc	c002fcd3	fcvt.w.s	x25,f5	  f5:0x00000000 x25=0x00000000
     381035.000 ns	     38102	800080c0	41f004b3	sub	x9,x0,x31	  x0:0x00000000 x31:0x7ffbf01c  x9=0x80040fe4
     381055.000 ns	     38104	800080c4	21d499d3	fsgnjn.s	f19,f9,f29	  f9:0x00000000 f29:0xcb020482 f19=0x00000000
     381075.000 ns	     38106	800080c8	010d4e33	xor	x28,x26,x16	 x26:0x0000044d x16:0x80040fe4 x28=0x80040ba9
     381085.000 ns	     38107	800080cc	1950ab93	slti	x23,x1,405	  x1:0x00000000 x23=0x00000001
     381095.000 ns	     38108	800080d0	014eacb3	slt	x25,x29,x20	 x29:0xefea7000 x20:0x5fbcf000 x25=0x00000001
     381115.000 ns	     38110	800080d4	02a42cb3	mulhsu	x25,x8,x10	  x8:0x00000000 x10:0x00000000 x25=0x00000000
     381135.000 ns	     38112	800080d8	008fad33	slt	x26,x31,x8	 x31:0x7ffbf01c  x8:0x00000000 x26=0x00000000
     381145.000 ns	     38113	800080dc	41c406b3	sub	x13,x8,x28	  x8:0x00000000 x28:0x80040ba9 x13=0x7ffbf457
     381165.000 ns	     38115	800080e0	21499453	fsgnjn.s	f8,f19,f20	 f19:0x00000000 f20:0x4e77c2c0  f8=0x80000000
     381185.000 ns	     38117	800080e4	41a28eb3	sub	x29,x5,x26	  x5:0x80041024 x26:0x00000000 x29=0x80041024
     381205.000 ns	     38119	800080e8	20f0ad53	fsgnjx.s	f26,f1,f15	  f1:0x7fc00000 f15:0x00000000 f26=0x7fc00000
     381225.000 ns	     38121	800080ec	00239033	sll	x0,x7,x2	  x7:0xc0d11000  x2:0x3df0b000
     381235.000 ns	     38122	800080f0	013a1793	slli	x15,x20,0x13	 x20:0x5fbcf000 x15=0x80000000
     381245.000 ns	     38123	800080f4	009d35b3	sltu	x11,x26,x9	 x26:0x00000000  x9:0x80040fe4 x11=0x00000001
     381265.000 ns	     38125	800080f8	e00c85d3	fmv.x.w	x11,f25	 f25:0xc69a6110 x11=0xc69a6110
     381305.000 ns	     38129	800080fc	10a67dd3	fmul.s	f27,f12,f10	 f12:0xff800000 f10:0x80000000 f27=0x7fc00000
     381325.000 ns	     38131	80008100	4005d513	srai	x10,x11,0x0	 x11:0xc69a6110 x10=0xc69a6110
     381335.000 ns	     38132	80008104	0099d093	srli	x1,x19,0x9	 x19:0xfffffb16  x1=0x007ffffd
     381375.000 ns	     38136	80008108	01fe2053	fadd.s	f0,f28,f31	 f28:0x00000000 f31:0x00000000  f0=0x00000000
     381745.000 ns	     38173	8000810c	021b7eb3	remu	x29,x22,x1	 x22:0x00000000  x1:0x00000000 x29=0x00000000
     381775.000 ns	     38176	80008110	c00c7553	fcvt.w.s	x10,f24	 f24:0x00000000 x10=0x00000000
     381815.000 ns	     38180	80008114	11387ad3	fmul.s	f21,f16,f19	 f16:0x7fc00000 f19:0x00000000 f21=0x7fc00000
     381865.000 ns	     38185	80008118	00c148d3	fadd.s	f17,f2,f12	  f2:0x4f79af2b f12:0xff800000 f17=0xff800000
     381895.000 ns	     38188	8000811c	c007f5d3	fcvt.w.s	x11,f15	 f15:0x00000000 x11=0x00000000
     381915.000 ns	     38190	80008120	01ea1533	sll	x10,x20,x30	 x20:0x5fbcf000 x30:0x00000000 x10=0x5fbcf000
     381925.000 ns	     38191	80008124	00581633	sll	x12,x16,x5	 x16:0x80040fe4  x5:0x80041024 x12=0x0040fe40
     381945.000 ns	     38193	80008128	02ab2933	mulhsu	x18,x22,x10	 x22:0x00000000 x10:0x00000000 x18=0x00000000
     381965.000 ns	     38195	8000812c	0162dbb3	srl	x23,x5,x22	  x5:0x80041024 x22:0x00000000 x23=0x80041024
     382325.000 ns	     38231	80008130	033ad333	divu	x6,x21,x19	 x21:0xfffff95d x19:0xfffffb16  x6=0x00000000
     382365.000 ns	     38235	80008134	5807ce53	fsqrt.s	f28,f15	 f15:0x00000000 f28=0x00000000
     382385.000 ns	     38237	80008138	40545bb3	sra	x23,x8,x5	  x8:0x00000000  x5:0x80041024 x23=0x00000000
     382395.000 ns	     38238	8000813c	00a3efb3	or	x31,x7,x10	  x7:0xc0d11000 x10:0x5fbcf000 x31=0xdffdf000
     382755.000 ns	     38274	80008140	03b2eeb3	rem	x29,x5,x27	  x5:0x80041024 x27:0xf9af2af0 x29=0xfe54b564
     382785.000 ns	     38277	80008144	02376bb3	rem	x23,x14,x3	 x14:0x00000000  x3:0x00000000 x23=0x00000000
     382815.000 ns	     38280	80008148	028eeb33	rem	x22,x29,x8	 x29:0xfe54b564  x8:0x00000000 x22=0xfe54b564
     382835.000 ns	     38282	8000814c	00000013	addi	x0,x0,0	  x0:0x00000000
     382845.000 ns	     38283	80008150	c3ada013	slti	x0,x27,-966	 x27:0xf9af2af0
     382865.000 ns	     38285	80008154	c0068c53	fcvt.w.s	x24,f13	 f13:0x4f79af24 x24=0x7fffffff
     382895.000 ns	     38288	80008158	02680933	mul	x18,x16,x6	 x16:0x80040fe4  x6:0x00000000 x18=0x00000000
     382915.000 ns	     38290	8000815c	263a2093	slti	x1,x20,611	 x20:0x5fbcf000  x1=0x00000000
     382925.000 ns	     38291	80008160	014ede93	srli	x29,x29,0x14	 x29:0xfe54b564 x29=0x00000fe5
     383285.000 ns	     38327	80008164	0381fcb3	remu	x25,x3,x24	  x3:0x00000000 x24:0x7fffffff x25=0x00000000
     383315.000 ns	     38330	80008168	02363ab3	mulhu	x21,x12,x3	 x12:0x0040fe40  x3:0x00000000 x21=0x00000000
     383335.000 ns	     38332	8000816c	628ea197	auipc	x3,0x628ea	  x3=0xe28f216c
     383695.000 ns	     38368	80008170	03c563b3	rem	x7,x10,x28	 x10:0x5fbcf000 x28:0x80040ba9  x7=0x5fbcf000
     383735.000 ns	     38372	80008174	58019f53	fsqrt.s	f30,f3	  f3:0x00000000 f30=0x00000000
     383755.000 ns	     38374	80008178	012d7cb3	and	x25,x26,x18	 x26:0x00000000 x18:0x00000000 x25=0x00000000
     383765.000 ns	     38375	8000817c	41ab0233	sub	x4,x22,x26	 x22:0xfe54b564 x26:0x00000000  x4=0xfe54b564
     383785.000 ns	     38377	80008180	a1062753	feq.s	x14,f12,f16	 f12:0xff800000 f16:0x7fc00000 x14=0x00000000
     383815.000 ns	     38380	80008184	e00f9953	fclass.s	x18,f31	 f31:0x00000000 x18=0x00000010
     383845.000 ns	     38383	80008188	e00c99d3	fclass.s	x19,f25	 f25:0xc69a6110 x19=0x00000002
     383875.000 ns	     38386	8000818c	290e06d3	fmin.s	f13,f28,f16	 f28:0x00000000 f16:0x7fc00000 f13=0x00000000
     383905.000 ns	     38389	80008190	024024b3	mulhsu	x9,x0,x4	  x0:0x00000000  x4:0xfe54b564  x9=0x00000000
     383935.000 ns	     38392	80008194	20b92253	fsgnjx.s	f4,f18,f11	 f18:0x44d78000 f11:0xc69a6110  f4=0xc4d78000
     383955.000 ns	     38394	80008198	01999f33	sll	x30,x19,x25	 x19:0x00000002 x25:0x00000000 x30=0x00000002
     383965.000 ns	     38395	8000819c	40b1d193	srai	x3,x3,0xb	  x3:0xe28f216c  x3=0xfffc51e4
     383995.000 ns	     38398	800081a0	58040f53	fsqrt.s	f30,f8	  f8:0x80000000 f30=0x80000000
     384025.000 ns	     38401	800081a4	02889933	mulh	x18,x17,x8	 x17:0x7fffffff  x8:0x00000000 x18=0x00000000
     384045.000 ns	     38403	800081a8	41955a33	sra	x20,x10,x25	 x10:0x5fbcf000 x25:0x00000000 x20=0x5fbcf000
     384055.000 ns	     38404	800081ac	0129c5b3	xor	x11,x19,x18	 x19:0x00000002 x18:0x00000000 x11=0x00000002
     384065.000 ns	     38405	800081b0	4c3039b7	lui	x19,0x4c303	 x19=0x4c303000
     384085.000 ns	     38407	800081b4	d01778d3	fcvt.s.wu	f17,x14	 x14:0x00000000 f17=0x00000000
     384105.000 ns	     38409	800081b8	007bd6b3	srl	x13,x23,x7	 x23:0x00000000  x7:0x5fbcf000 x13=0x00000000
     384125.000 ns	     38411	800081bc	c0127953	fcvt.wu.s	x18,f4	  f4:0xc4d78000 x18=0x000006bc
     384495.000 ns	     38448	800081c0	03f2f7b3	remu	x15,x5,x31	  x5:0x80041024 x31:0xdffdf000 x15=0x80041024
     384535.000 ns	     38452	800081c4	580af2d3	fsqrt.s	f5,f21	 f21:0x7fc00000  f5=0x7fc00000
     384555.000 ns	     38454	800081c8	003df1b3	and	x3,x27,x3	 x27:0xf9af2af0  x3:0xfffc51e4  x3=0xf9ac00e0
     384565.000 ns	     38455	800081cc	4172d613	srai	x12,x5,0x17	  x5:0x80041024 x12=0xffffff00
     384575.000 ns	     38456	800081d0	00000013	addi	x0,x0,0	  x0:0x00000000
     384585.000 ns	     38457	800081d4	0146ccb3	xor	x25,x13,x20	 x13:0x00000000 x20:0x5fbcf000 x25=0x5fbcf000
     384595.000 ns	     38458	800081d8	41c15093	srai	x1,x2,0x1c	  x2:0x3df0b000  x1=0x00000003
     384955.000 ns	     38494	800081dc	036e64b3	rem	x9,x28,x22	 x28:0x80040ba9 x22:0xfe54b564  x9=0xfede31f9
     384995.000 ns	     38498	800081e0	580e06d3	fsqrt.s	f13,f28	 f28:0x00000000 f13=0x00000000
     385025.000 ns	     38501	800081e4	d006c2d3	fcvt.s.w	f5,x13	 x13:0x00000000  f5=0x00000000
     385045.000 ns	     38503	800081e8	4074da13	srai	x20,x9,0x7	  x9:0xfede31f9 x20=0xfffdbc63
     385065.000 ns	     38505	800081ec	c01291d3	fcvt.wu.s	x3,f5	  f5:0x00000000  x3=0x00000000
     385095.000 ns	     38508	800081f0	023d54b3	divu	x9,x26,x3	 x26:0x00000000  x3:0xf9ac00e0  x9=0xffffffff
     385145.000 ns	     38513	800081f4	089bf353	fsub.s	f6,f23,f9	 f23:0xfffffb16  f9:0x00000000  f6=0x7fc00000
     385175.000 ns	     38516	800081f8	023b18b3	mulh	x17,x22,x3	 x22:0xfe54b564  x3:0x00000000 x17=0x00000000
     385205.000 ns	     38519	800081fc	c01fff53	fcvt.wu.s	x30,f31	 f31:0x00000000 x30=0x00000000
     385235.000 ns	     38522	80008200	a0d52a53	feq.s	x20,f10,f13	 f10:0x80000000 f13:0x00000000 x20=0x00000001
     385265.000 ns	     38525	80008204	026b9a33	mulh	x20,x23,x6	 x23:0x00000000  x6:0x00000000 x20=0x00000000
     385295.000 ns	     38528	80008208	03fea733	mulhsu	x14,x29,x31	 x29:0x00000fe5 x31:0xdffdf000 x14=0x00000de8
     385325.000 ns	     38531	8000820c	20579cd3	fsgnjn.s	f25,f15,f5	 f15:0x00000000  f5:0x00000000 f25=0x80000000
     385345.000 ns	     38533	80008210	0c02cf13	xori	x30,x5,192	  x5:0x80041024 x30=0x800410e4
     385365.000 ns	     38535	80008214	29500f53	fmin.s	f30,f0,f21	  f0:0x00000000 f21:0x7fc00000 f30=0x00000000
     385395.000 ns	     38538	80008218	e0048bd3	fmv.x.w	x23,f9	  f9:0x00000000 x23=0x00000000
     385415.000 ns	     38540	8000821c	019f4733	xor	x14,x30,x25	 x30:0x800410e4 x25:0x5fbcf000 x14=0xdfb8e0e4
     385435.000 ns	     38542	80008220	0325ab33	mulhsu	x22,x11,x18	 x11:0x00000002 x18:0x000006bc x22=0x00000000
     385805.000 ns	     38579	80008224	025fda33	divu	x20,x31,x5	 x31:0xdffdf000  x5:0x80041024 x20=0x00000001
     385835.000 ns	     38582	80008228	a17c2453	feq.s	x8,f24,f23	 f24:0x00000000 f23:0xfffffb16  x8=0x00000000
     385865.000 ns	     38585	8000822c	d01e9153	fcvt.s.wu	f2,x29	 x29:0x00000fe5  f2=0x457e5000
     386235.000 ns	     38622	80008230	03d4fab3	remu	x21,x9,x29	  x9:0xffffffff x29:0x00000fe5 x21=0x00000dbe
     386255.000 ns	     38624	80008234	8fa5eb13	ori	x22,x11,-1798	 x11:0x00000002 x22=0xfffff8fa
     386275.000 ns	     38626	80008238	20ea8753	fsgnj.s	f14,f21,f14	 f21:0x7fc00000 f14:0xff800000 f14=0xffc00000
     386295.000 ns	     38628	8000823c	44ad0593	addi	x11,x26,1098	 x26:0x00000000 x11=0x0000044a
     386305.000 ns	     38629	80008240	408d88b3	sub	x17,x27,x8	 x27:0xf9af2af0  x8:0x00000000 x17=0xf9af2af0
     386315.000 ns	     38630	80008244	000bacb3	slt	x25,x23,x0	 x23:0x00000000  x0:0x00000000 x25=0x00000000
     386355.000 ns	     38634	80008248	09c19453	fsub.s	f8,f3,f28	  f3:0x00000000 f28:0x00000000  f8=0x80000000
     386385.000 ns	     38637	8000824c	a0678453	fle.s	x8,f15,f6	 f15:0x00000000  f6:0x7fc00000  x8=0x00000000
     386415.000 ns	     38640	80008250	20d198d3	fsgnjn.s	f17,f3,f13	  f3:0x00000000 f13:0x00000000 f17=0x80000000
     386435.000 ns	     38642	80008254	0057d1b3	srl	x3,x15,x5	 x15:0x80041024  x5:0x80041024  x3=0x08004102
     386455.000 ns	     38644	80008258	21ae9e53	fsgnjn.s	f28,f29,f26	 f29:0xcb020482 f26:0x7fc00000 f28=0xcb020482
     386475.000 ns	     38646	8000825c	01366033	or	x0,x12,x19	 x12:0xffffff00 x19:0x4c303000
     386495.000 ns	     38648	80008260	030c1d33	mulh	x26,x24,x16	 x24:0x7fffffff x16:0x80040fe4 x26=0xc00207f2
     386525.000 ns	     38651	80008264	d01afc53	fcvt.s.wu	f24,x21	 x21:0x00000dbe f24=0x455be000
     386545.000 ns	     38653	80008268	01fe9933	sll	x18,x29,x31	 x29:0x00000fe5 x31:0xdffdf000 x18=0x00000fe5
     386555.000 ns	     38654	8000826c	0db5a113	slti	x2,x11,219	 x11:0x0000044a  x2=0x00000000
     386575.000 ns	     38656	80008270	032a3ab3	mulhu	x21,x20,x18	 x20:0x00000001 x18:0x000006bc x21=0x00000000
     386605.000 ns	     38659	80008274	a19599d3	flt.s	x19,f11,f25	 f11:0xc69a6110 f25:0x80000000 x19=0x00000001
     386625.000 ns	     38661	80008278	01162933	slt	x18,x12,x17	 x12:0xffffff00 x17:0xf9af2af0 x18=0x00000000
     386655.000 ns	     38664	8000827c	580d7f53	fsqrt.s	f30,f26	 f26:0x7fc00000 f30=0x7fc00000
     386685.000 ns	     38667	80008280	02311733	mulh	x14,x2,x3	  x2:0x00000000  x3:0x08004102 x14=0x00000000
     386715.000 ns	     38670	80008284	200ca8d3	fsgnjx.s	f17,f25,f0	 f25:0x80000000  f0:0x00000000 f17=0x80000000
     386735.000 ns	     38672	80008288	57d20137	lui	x2,0x57d20	  x2=0x57d20000
     386745.000 ns	     38673	8000828c	01651fb3	sll	x31,x10,x22	 x10:0x5fbcf000 x22:0xfffff8fa x31=0x00000000
     386755.000 ns	     38674	80008290	0039d793	srli	x15,x19,0x3	 x19:0x00000001 x15=0x00000000
     386775.000 ns	     38676	80008294	03509cb3	mulh	x25,x1,x21	  x1:0x00000003 x21:0x00000000 x25=0x00000000
     386795.000 ns	     38678	80008298	66380093	addi	x1,x16,1635	 x16:0x80040fe4  x1=0x80041647
     386825.000 ns	     38681	8000829c	115d2553	fmul.s	f10,f26,f21	 f26:0x7fc00000 f21:0x7fc00000 f10=0x7fc00000
     386855.000 ns	     38684	800082a0	e00f1f53	fclass.s	x30,f30	 f30:0x7fc00000 x30=0x00000200
     386885.000 ns	     38687	800082a4	c01af953	fcvt.wu.s	x18,f21	 f21:0x7fc00000 x18=0xffffffff
     386905.000 ns	     38689	800082a8	4d7eccb7	lui	x25,0x4d7ec	 x25=0x4d7ec000
     386925.000 ns	     38691	800082ac	d014f153	fcvt.s.wu	f2,x9	  x9:0xffffffff  f2=0x4f7fffff
     386955.000 ns	     38694	800082b0	0260e333	rem	x6,x1,x6	  x1:0x80041647  x6:0x00000000  x6=0x80041647
     386985.000 ns	     38697	800082b4	f0010ed3	fmv.w.x	f29,x2	  x2:0x57d20000 f29=0x57d20000
     387015.000 ns	     38700	800082b8	a134a1d3	feq.s	x3,f9,f19	  f9:0x00000000 f19:0x00000000  x3=0x00000001
     387045.000 ns	     38703	800082bc	a0299053	flt.s	x0,f19,f2	 f19:0x00000000  f2:0x4f7fffff
     387075.000 ns	     38706	800082c0	f00f0bd3	fmv.w.x	f23,x30	 x30:0x00000200 f23=0x00000200
     387105.000 ns	     38709	800082c4	02bd8eb3	mul	x29,x27,x11	 x27:0xf9af2af0 x11:0x0000044a x29=0xe94e2960
     387125.000 ns	     38711	800082c8	002be5b3	or	x11,x23,x2	 x23:0x00000000  x2:0x57d20000 x11=0x57d20000
     387145.000 ns	     38713	800082cc	f0070653	fmv.w.x	f12,x14	 x14:0x00000000 f12=0x00000000
     387175.000 ns	     38716	800082d0	29e793d3	fmax.s	f7,f15,f30	 f15:0x00000000 f30:0x7fc00000  f7=0x00000000
     387195.000 ns	     38718	800082d4	00e020b3	slt	x1,x0,x14	  x0:0x00000000 x14:0x00000000  x1=0x00000000
     387555.000 ns	     38754	800082d8	02a24733	div	x14,x4,x10	  x4:0xfe54b564 x10:0x5fbcf000 x14=0x00000000
     387575.000 ns	     38756	800082dc	011bcfb3	xor	x31,x23,x17	 x23:0x00000000 x17:0xf9af2af0 x31=0xf9af2af0
     387595.000 ns	     38758	800082e0	d0067853	fcvt.s.w	f16,x12	 x12:0xffffff00 f16=0xc3800000
     387625.000 ns	     38761	800082e4	21588353	fsgnj.s	f6,f17,f21	 f17:0x80000000 f21:0x7fc00000  f6=0x00000000
     387665.000 ns	     38765	800082e8	580f9553	fsqrt.s	f10,f31	 f31:0x00000000 f10=0x00000000
     387685.000 ns	     38767	800082ec	00bfec33	or	x24,x31,x11	 x31:0xf9af2af0 x11:0x57d20000 x24=0xffff2af0
     387695.000 ns	     38768	800082f0	c3f34a93	xori	x21,x6,-961	  x6:0x80041647 x21=0x7ffbea78
     387705.000 ns	     38769	800082f4	01b7dc93	srli	x25,x15,0x1b	 x15:0x00000000 x25=0x00000000
     387715.000 ns	     38770	800082f8	d64a4193	xori	x3,x20,-668	 x20:0x00000001  x3=0xfffffd65
     387745.000 ns	     38773	800082fc	19e482d3	fdiv.s	f5,f9,f30	  f9:0x00000000 f30:0x7fc00000  f5=0x7fc00000
     387785.000 ns	     38777	80008300	58047053	fsqrt.s	f0,f8	  f8:0x80000000  f0=0x80000000
     387815.000 ns	     38780	80008304	21ab83d3	fsgnj.s	f7,f23,f26	 f23:0x00000200 f26:0x7fc00000  f7=0x00000200
     387845.000 ns	     38783	80008308	e00604d3	fmv.x.w	x9,f12	 f12:0x00000000  x9=0x00000000
     387885.000 ns	     38787	8000830c	1138a153	fmul.s	f2,f17,f19	 f17:0x80000000 f19:0x00000000  f2=0x80000000
     387905.000 ns	     38789	80008310	2dfdf093	andi	x1,x27,735	 x27:0xf9af2af0  x1=0x000002d0
     387925.000 ns	     38791	80008314	e00e1053	fclass.s	x0,f28	 f28:0xcb020482
     387945.000 ns	     38793	80008318	320c7b93	andi	x23,x24,800	 x24:0xffff2af0 x23=0x00000220
     387955.000 ns	     38794	8000831c	413c0eb3	sub	x29,x24,x19	 x24:0xffff2af0 x19:0x00000001 x29=0xffff2aef
     387975.000 ns	     38796	80008320	03b99633	mulh	x12,x19,x27	 x19:0x00000001 x27:0xf9af2af0 x12=0xffffffff
     388005.000 ns	     38799	80008324	027d9c33	mulh	x24,x27,x7	 x27:0xf9af2af0  x7:0x5fbcf000 x24=0xfda357a6
     388045.000 ns	     38803	80008328	11b61c53	fmul.s	f24,f12,f27	 f12:0x00000000 f27:0x7fc00000 f24=0x7fc00000
     388075.000 ns	     38806	8000832c	f00509d3	fmv.w.x	f19,x10	 x10:0x5fbcf000 f19=0x5fbcf000
     388095.000 ns	     38808	80008330	01323033	sltu	x0,x4,x19	  x4:0xfe54b564 x19:0x00000001
     388125.000 ns	     38811	80008334	1041f7d3	fmul.s	f15,f3,f4	  f3:0x00000000  f4:0xc4d78000 f15=0x80000000
     388145.000 ns	     38813	80008338	caf88e17	auipc	x28,0xcaf88	 x28=0x4af90338
     388155.000 ns	     38814	8000833c	e015f693	andi	x13,x11,-511	 x11:0x57d20000 x13=0x57d20000
     388175.000 ns	     38816	80008340	a1d31ed3	flt.s	x29,f6,f29	  f6:0x00000000 f29:0x57d20000 x29=0x00000001
     388195.000 ns	     38818	80008344	009a37b3	sltu	x15,x20,x9	 x20:0x00000001  x9:0x00000000 x15=0x00000000
     388205.000 ns	     38819	80008348	01fc9793	slli	x15,x25,0x1f	 x25:0x00000000 x15=0x00000000
     388225.000 ns	     38821	8000834c	03bb90b3	mulh	x1,x23,x27	 x23:0x00000220 x27:0xf9af2af0  x1=0xfffffff2
     388255.000 ns	     38824	80008350	03ca20b3	mulhsu	x1,x20,x28	 x20:0x00000001 x28:0x4af90338  x1=0x00000000
     388285.000 ns	     38827	80008354	f00d0753	fmv.w.x	f14,x26	 x26:0xc00207f2 f14=0xc00207f2
     388305.000 ns	     38829	80008358	410cd9b3	sra	x19,x25,x16	 x25:0x00000000 x16:0x80040fe4 x19=0x00000000
     388315.000 ns	     38830	8000835c	00085c93	srli	x25,x16,0x0	 x16:0x80040fe4 x25=0x80040fe4
     388325.000 ns	     38831	80008360	4082d7b3	sra	x15,x5,x8	  x5:0x80041024  x8:0x00000000 x15=0x80041024
     388345.000 ns	     38833	80008364	021c6333	rem	x6,x24,x1	 x24:0xfda357a6  x1:0x00000000  x6=0xfda357a6
     388365.000 ns	     38835	80008368	0066d6b3	srl	x13,x13,x6	 x13:0x57d20000  x6:0x80041647 x13=0x015f4800
     388375.000 ns	     38836	8000836c	00e6de93	srli	x29,x13,0xe	 x13:0x57d20000 x29=0x0000057d
     388395.000 ns	     38838	80008370	200414d3	fsgnjn.s	f9,f8,f0	  f8:0x80000000  f0:0x80000000  f9=0x00000000
     388425.000 ns	     38841	80008374	21de2653	fsgnjx.s	f12,f28,f29	 f28:0xcb020482 f29:0x57d20000 f12=0xcb020482
     388455.000 ns	     38844	80008378	a0be00d3	fle.s	x1,f28,f11	 f28:0xcb020482 f11:0xc69a6110  x1=0x00000001
     388475.000 ns	     38846	8000837c	01d1aeb3	slt	x29,x3,x29	  x3:0xfffffd65 x29:0x0000057d x29=0x00000001
     388835.000 ns	     38882	80008380	02566933	rem	x18,x12,x5	 x12:0xffffffff  x5:0x80041024 x18=0xffffffff
     388855.000 ns	     38884	80008384	36c00f13	addi	x30,x0,876	  x0:0x00000000 x30=0x0000036c
     388875.000 ns	     38886	80008388	f00a81d3	fmv.w.x	f3,x21	 x21:0x7ffbea78  f3=0x7ffbea78
     388895.000 ns	     38888	8000838c	01a6e133	or	x2,x13,x26	 x13:0x015f4800 x26:0xc00207f2  x2=0xc15f4ff2
     388915.000 ns	     38890	80008390	02844a33	div	x20,x8,x8	  x8:0x00000000  x8:0x00000000 x20=0xffffffff
     388945.000 ns	     38893	80008394	21e49d53	fsgnjn.s	f26,f9,f30	  f9:0x00000000 f30:0x7fc00000 f26=0x80000000
     388985.000 ns	     38897	80008398	18e57953	fdiv.s	f18,f10,f14	 f10:0x00000000 f14:0xc00207f2 f18=0x80000000
     389015.000 ns	     38900	8000839c	e00e0153	fmv.x.w	x2,f28	 f28:0xcb020482  x2=0xcb020482
     389035.000 ns	     38902	800083a0	00327933	and	x18,x4,x3	  x4:0xfe54b564  x3:0xfffffd65 x18=0xfe54b564
     389045.000 ns	     38903	800083a4	90febab7	lui	x21,0x90feb	 x21=0x90feb000
     389075.000 ns	     38906	800083a8	189ac453	fdiv.s	f8,f21,f9	 f21:0x7fc00000  f9:0x00000000  f8=0x7fc00000
     389105.000 ns	     38909	800083ac	c017f753	fcvt.wu.s	x14,f15	 f15:0x80000000 x14=0x00000000
     389125.000 ns	     38911	800083b0	ab09ab17	auipc	x22,0xab09a	 x22=0x2b0a23b0
     389145.000 ns	     38913	800083b4	20d311d3	fsgnjn.s	f3,f6,f13	  f6:0x00000000 f13:0x00000000  f3=0x80000000
     389165.000 ns	     38915	800083b8	417fdb13	srai	x22,x31,0x17	 x31:0xf9af2af0 x22=0xfffffff3
     389175.000 ns	     38916	800083bc	41290cb3	sub	x25,x18,x18	 x18:0xfe54b564 x18:0xfe54b564 x25=0x00000000
     389205.000 ns	     38919	800083c0	192b8253	fdiv.s	f4,f23,f18	 f23:0x00000200 f18:0x80000000  f4=0xff800000
     389225.000 ns	     38921	800083c4	41905193	srai	x3,x0,0x19	  x0:0x00000000  x3=0x00000000
     389265.000 ns	     38925	800083c8	010e9353	fadd.s	f6,f29,f16	 f29:0x57d20000 f16:0xc3800000  f6=0x57d1ffff
     389315.000 ns	     38930	800083cc	017137d3	fadd.s	f15,f2,f23	  f2:0x80000000 f23:0x00000200 f15=0x00000200
     389335.000 ns	     38932	800083d0	012861b3	or	x3,x16,x18	 x16:0x80040fe4 x18:0xfe54b564  x3=0xfe54bfe4
     389355.000 ns	     38934	800083d4	e00398d3	fclass.s	x17,f7	  f7:0x00000200 x17=0x00000020
     389385.000 ns	     38937	800083d8	033727b3	mulhsu	x15,x14,x19	 x14:0x00000000 x19:0x00000000 x15=0x00000000
     389425.000 ns	     38941	800083dc	19053bd3	fdiv.s	f23,f10,f16	 f10:0x00000000 f16:0xc3800000 f23=0x80000000
     389445.000 ns	     38943	800083e0	015066b3	or	x13,x0,x21	  x0:0x00000000 x21:0x90feb000 x13=0x90feb000
     389465.000 ns	     38945	800083e4	e0010ad3	fmv.x.w	x21,f2	  f2:0x80000000 x21=0x80000000
     389495.000 ns	     38948	800083e8	d01820d3	fcvt.s.wu	f1,x16	 x16:0x80040fe4  f1=0x4f000410
     389525.000 ns	     38951	800083ec	a00a1053	flt.s	x0,f20,f0	 f20:0x4e77c2c0  f0:0x80000000
     389545.000 ns	     38953	800083f0	012937b3	sltu	x15,x18,x18	 x18:0xfe54b564 x18:0xfe54b564 x15=0x00000000
     389555.000 ns	     38954	800083f4	40500033	sub	x0,x0,x5	  x0:0x00000000  x5:0x80041024
     390725.000 ns	     39071	800083f8	580e9253	fsqrt.s	f4,f29	 f29:0x57d20000  f4=0x4ba3f382
     391095.000 ns	     39108	800083fc	03cd54b3	divu	x9,x26,x28	 x26:0xc00207f2 x28:0x4af90338  x9=0x00000002
     391465.000 ns	     39145	80008400	031fe333	rem	x6,x31,x17	 x31:0xf9af2af0 x17:0x00000020  x6=0xfffffff0
     391485.000 ns	     39147	80008404	d36a2c93	slti	x25,x20,-714	 x20:0xffffffff x25=0x00000000
     391845.000 ns	     39183	80008408	03e6e433	rem	x8,x13,x30	 x13:0x90feb000 x30:0x0000036c  x8=0xfffffef8
     391865.000 ns	     39185	8000840c	4107d993	srai	x19,x15,0x10	 x15:0x00000000 x19=0x00000000
     391885.000 ns	     39187	80008410	29c09ad3	fmax.s	f21,f1,f28	  f1:0x4f000410 f28:0xcb020482 f21=0x4f000410
     391915.000 ns	     39190	80008414	21af8ad3	fsgnj.s	f21,f31,f26	 f31:0x00000000 f26:0x80000000 f21=0x80000000
     391935.000 ns	     39192	80008418	b2a70093	addi	x1,x14,-1238	 x14:0x00000000  x1=0xfffffb2a
     391955.000 ns	     39194	8000841c	e00b0953	fmv.x.w	x18,f22	 f22:0x00000000 x18=0x00000000
     391975.000 ns	     39196	80008420	fd957213	andi	x4,x10,-39	 x10:0x5fbcf000  x4=0x5fbcf000
     392005.000 ns	     39199	80008424	580f3dd3	fsqrt.s	f27,f30	 f30:0x7fc00000 f27=0x7fc00000
     392035.000 ns	     39202	80008428	29220d53	fmin.s	f26,f4,f18	  f4:0x4ba3f382 f18:0x80000000 f26=0x80000000
     393145.000 ns	     39313	8000842c	580a1353	fsqrt.s	f6,f20	 f20:0x4e77c2c0  f6=0x46af314d
     393175.000 ns	     39316	80008430	20ec94d3	fsgnjn.s	f9,f25,f14	 f25:0x80000000 f14:0xc00207f2  f9=0x00000000
     393195.000 ns	     39318	80008434	eb733793	sltiu	x15,x6,-329	  x6:0xfffffff0 x15=0x00000000
     393215.000 ns	     39320	80008438	29278fd3	fmin.s	f31,f15,f18	 f15:0x00000200 f18:0x80000000 f31=0x80000000
     393235.000 ns	     39322	8000843c	01e30d33	add	x26,x6,x30	  x6:0xfffffff0 x30:0x0000036c x26=0x0000035c
     393255.000 ns	     39324	80008440	215e1e53	fsgnjn.s	f28,f28,f21	 f28:0xcb020482 f21:0x80000000 f28=0x4b020482
     393275.000 ns	     39326	80008444	01415a13	srli	x20,x2,0x14	  x2:0xcb020482 x20=0x00000cb0
     393295.000 ns	     39328	80008448	d0121fd3	fcvt.s.wu	f31,x4	  x4:0x5fbcf000 f31=0x4ebf79e0
     393325.000 ns	     39331	8000844c	f0000c53	fmv.w.x	f24,x0	  x0:0x00000000 f24=0x00000000
     393695.000 ns	     39368	80008450	037fe6b3	rem	x13,x31,x23	 x31:0xf9af2af0 x23:0x00000220 x13=0xfffffe70
     393725.000 ns	     39371	80008454	e0021bd3	fclass.s	x23,f4	  f4:0x4ba3f382 x23=0x00000040
     393755.000 ns	     39374	80008458	a1ef0c53	fle.s	x24,f30,f30	 f30:0x7fc00000 f30:0x7fc00000 x24=0x00000000
     393775.000 ns	     39376	8000845c	505f7513	andi	x10,x30,1285	 x30:0x0000036c x10=0x00000104
     393795.000 ns	     39378	80008460	a0a01153	flt.s	x2,f0,f10	  f0:0x80000000 f10:0x00000000  x2=0x00000000
     393825.000 ns	     39381	80008464	208f1153	fsgnjn.s	f2,f30,f8	 f30:0x7fc00000  f8:0x7fc00000  f2=0xffc00000
     393855.000 ns	     39384	80008468	a0d881d3	fle.s	x3,f17,f13	 f17:0x80000000 f13:0x00000000  x3=0x00000001
     393885.000 ns	     39387	8000846c	0283afb3	mulhsu	x31,x7,x8	  x7:0x5fbcf000  x8:0xfffffef8 x31=0x5fbcef9d
     393915.000 ns	     39390	80008470	e0089bd3	fclass.s	x23,f17	 f17:0x80000000 x23=0x00000008
     394285.000 ns	     39427	80008474	029fd5b3	divu	x11,x31,x9	 x31:0x5fbcef9d  x9:0x00000002 x11=0x2fde77ce
     395465.000 ns	     39545	80008478	580ea3d3	fsqrt.s	f7,f29	 f29:0x57d20000  f7=0x4ba3f382
     395495.000 ns	     39548	8000847c	d01f9253	fcvt.s.wu	f4,x31	 x31:0x5fbcef9d  f4=0x4ebf79df
     395525.000 ns	     39551	80008480	03875a33	divu	x20,x14,x24	 x14:0x00000000 x24:0x00000000 x20=0xffffffff
     395545.000 ns	     39553	80008484	000ae1b3	or	x3,x21,x0	 x21:0x80000000  x0:0x00000000  x3=0x80000000
     395565.000 ns	     39555	80008488	d00478d3	fcvt.s.w	f17,x8	  x8:0xfffffef8 f17=0xc3840000
     395585.000 ns	     39557	8000848c	ea997b17	auipc	x22,0xea997	 x22=0x6a99f48c
     395605.000 ns	     39559	80008490	03375033	divu	x0,x14,x19	 x14:0x00000000 x19:0x00000000
     395635.000 ns	     39562	80008494	a08594d3	flt.s	x9,f11,f8	 f11:0xc69a6110  f8:0x7fc00000  x9=0x00000000
     395655.000 ns	     39564	80008498	005e4f33	xor	x30,x28,x5	 x28:0x4af90338  x5:0x80041024 x30=0xcafd131c
     395695.000 ns	     39568	8000849c	08ac89d3	fsub.s	f19,f25,f10	 f25:0x80000000 f10:0x00000000 f19=0x80000000
     395715.000 ns	     39570	800084a0	42d40f93	addi	x31,x8,1069	  x8:0xfffffef8 x31=0x00000325
     395725.000 ns	     39571	800084a4	01ff5d13	srli	x26,x30,0x1f	 x30:0xcafd131c x26=0x00000001
     395735.000 ns	     39572	800084a8	004824b3	slt	x9,x16,x4	 x16:0x80040fe4  x4:0x5fbcf000  x9=0x00000001
     395745.000 ns	     39573	800084ac	01262e33	slt	x28,x12,x18	 x12:0xffffffff x18:0x00000000 x28=0x00000001
     395775.000 ns	     39576	800084b0	1119f2d3	fmul.s	f5,f19,f17	 f19:0x80000000 f17:0xc3840000  f5=0x00000000
     395795.000 ns	     39578	800084b4	40418033	sub	x0,x3,x4	  x3:0x80000000  x4:0x5fbcf000
     396155.000 ns	     39614	800084b8	0267dbb3	divu	x23,x15,x6	 x15:0x00000000  x6:0xfffffff0 x23=0x00000000
     396185.000 ns	     39617	800084bc	21798153	fsgnj.s	f2,f19,f23	 f19:0x80000000 f23:0x80000000  f2=0x80000000
     396205.000 ns	     39619	800084c0	01b6fd33	and	x26,x13,x27	 x13:0xfffffe70 x27:0xf9af2af0 x26=0xf9af2a70
     396215.000 ns	     39620	800084c4	00560c33	add	x24,x12,x5	 x12:0xffffffff  x5:0x80041024 x24=0x80041023
     397385.000 ns	     39737	800084c8	580a7a53	fsqrt.s	f20,f20	 f20:0x4e77c2c0 f20=0x46af314d
     397415.000 ns	     39740	800084cc	02e0b5b3	mulhu	x11,x1,x14	  x1:0xfffffb2a x14:0x00000000 x11=0x00000000
     397435.000 ns	     39742	800084d0	e085f793	andi	x15,x11,-504	 x11:0x2fde77ce x15=0x00000000
     397445.000 ns	     39743	800084d4	003c94b3	sll	x9,x25,x3	 x25:0x00000000  x3:0x80000000  x9=0x00000000
     397455.000 ns	     39744	800084d8	40d90b33	sub	x22,x18,x13	 x18:0x00000000 x13:0xfffffe70 x22=0x00000190
     397475.000 ns	     39746	800084dc	a0970a53	fle.s	x20,f14,f9	 f14:0xc00207f2  f9:0x00000000 x20=0x00000001
     397495.000 ns	     39748	800084e0	00000013	addi	x0,x0,0	  x0:0x00000000
     397515.000 ns	     39750	800084e4	029d6f33	rem	x30,x26,x9	 x26:0xf9af2a70  x9:0x00000000 x30=0xf9af2a70
     397545.000 ns	     39753	800084e8	0336a633	mulhsu	x12,x13,x19	 x13:0xfffffe70 x19:0x00000000 x12=0x00000000
     397565.000 ns	     39755	800084ec	a15da793	slti	x15,x27,-1515	 x27:0xf9af2af0 x15=0x00000001
     397575.000 ns	     39756	800084f0	008bac33	slt	x24,x23,x8	 x23:0x00000000  x8:0xfffffef8 x24=0x00000000
     397585.000 ns	     39757	800084f4	40815693	srai	x13,x2,0x8	  x2:0x00000000 x13=0x00000000
     397945.000 ns	     39793	800084f8	028e6c33	rem	x24,x28,x8	 x28:0x00000001  x8:0xfffffef8 x24=0x00000001
     397965.000 ns	     39795	800084fc	ba1de7b7	lui	x15,0xba1de	 x15=0xba1de000
     397975.000 ns	     39796	80008500	dd95cc37	lui	x24,0xdd95c	 x24=0xdd95c000
     398015.000 ns	     39800	80008504	007976d3	fadd.s	f13,f18,f7	 f18:0x80000000  f7:0x4ba3f382 f13=0x4ba3f382
     398045.000 ns	     39803	80008508	a19399d3	flt.s	x19,f7,f25	  f7:0x4ba3f382 f25:0x80000000 x19=0x00000000
     398065.000 ns	     39805	8000850c	40e52893	slti	x17,x10,1038	 x10:0x00000104 x17=0x00000001
     398085.000 ns	     39807	80008510	28a89ed3	fmax.s	f29,f17,f10	 f17:0xc3840000 f10:0x00000000 f29=0x00000000
     398115.000 ns	     39810	80008514	a0d689d3	fle.s	x19,f13,f13	 f13:0x4ba3f382 f13:0x4ba3f382 x19=0x00000001
     398135.000 ns	     39812	80008518	98a50493	addi	x9,x10,-1654	 x10:0x00000104  x9=0xfffffa8e
     398145.000 ns	     39813	8000851c	668ad4b7	lui	x9,0x668ad	  x9=0x668ad000
     399315.000 ns	     39930	80008520	5807f4d3	fsqrt.s	f9,f15	 f15:0x00000200  f9=0x1f350758
     399345.000 ns	     39933	80008524	039f49b3	div	x19,x30,x25	 x30:0xf9af2a70 x25:0x00000000 x19=0xffffffff
     399375.000 ns	     39936	80008528	d00318d3	fcvt.s.w	f17,x6	  x6:0xfffffff0 f17=0xc1800000
     399405.000 ns	     39939	8000852c	205706d3	fsgnj.s	f13,f14,f5	 f14:0xc00207f2  f5:0x00000000 f13=0x400207f2
     399435.000 ns	     39942	80008530	c0027953	fcvt.w.s	x18,f4	  f4:0x4ebf79df x18=0x5fbcef80
     399455.000 ns	     39944	80008534	01535f93	srli	x31,x6,0x15	  x6:0xfffffff0 x31=0x000007ff
     399465.000 ns	     39945	80008538	01640d33	add	x26,x8,x22	  x8:0xfffffef8 x22:0x00000190 x26=0x00000088
     399485.000 ns	     39947	8000853c	0207abb3	mulhsu	x23,x15,x0	 x15:0xba1de000  x0:0x00000000 x23=0x00000000
     399505.000 ns	     39949	80008540	e85ecc93	xori	x25,x29,-379	 x29:0x00000001 x25=0xfffffe84
     399545.000 ns	     39953	80008544	00f2aed3	fadd.s	f29,f5,f15	  f5:0x00000000 f15:0x00000200 f29=0x00000200
     399565.000 ns	     39955	80008548	a654ff37	lui	x30,0xa654f	 x30=0xa654f000
     399585.000 ns	     39957	8000854c	a18c0cd3	fle.s	x25,f24,f24	 f24:0x00000000 f24:0x00000000 x25=0x00000001
     399615.000 ns	     39960	80008550	a07ea453	feq.s	x8,f29,f7	 f29:0x00000200  f7:0x4ba3f382  x8=0x00000000
     399635.000 ns	     39962	80008554	01633333	sltu	x6,x6,x22	  x6:0xfffffff0 x22:0x00000190  x6=0x00000000
     399675.000 ns	     39966	80008558	01667b53	fadd.s	f22,f12,f22	 f12:0xcb020482 f22:0x00000000 f22=0xcb020482
     399695.000 ns	     39968	8000855c	3f6cc013	xori	x0,x25,1014	 x25:0x00000001
     399715.000 ns	     39970	80008560	e0089653	fclass.s	x12,f17	 f17:0xc1800000 x12=0x00000002
     399735.000 ns	     39972	80008564	01084cb3	xor	x25,x16,x16	 x16:0x80040fe4 x16:0x80040fe4 x25=0x00000000
     399755.000 ns	     39974	80008568	a1460053	fle.s	x0,f12,f20	 f12:0xcb020482 f20:0x46af314d
     399785.000 ns	     39977	8000856c	e0078a53	fmv.x.w	x20,f15	 f15:0x00000200 x20=0x00000200
     399805.000 ns	     39979	80008570	a1bd7693	andi	x13,x26,-1509	 x26:0x00000088 x13=0x00000008
     399825.000 ns	     39981	80008574	20f915d3	fsgnjn.s	f11,f18,f15	 f18:0x80000000 f15:0x00000200 f11=0x80000000
     400195.000 ns	     40018	80008578	024f4b33	div	x22,x30,x4	 x30:0xa654f000  x4:0x5fbcf000 x22=0x00000000
     400215.000 ns	     40020	8000857c	01219613	slli	x12,x3,0x12	  x3:0x80000000 x12=0x00000000
     400575.000 ns	     40056	80008580	02fdc333	div	x6,x27,x15	 x27:0xf9af2af0 x15:0xba1de000  x6=0x00000000
     400615.000 ns	     40060	80008584	580b33d3	fsqrt.s	f7,f22	 f22:0xcb020482  f7=0x7fc00000
     400645.000 ns	     40063	80008588	f0038e53	fmv.w.x	f28,x7	  x7:0x5fbcf000 f28=0x5fbcf000
     400685.000 ns	     40067	8000858c	194174d3	fdiv.s	f9,f2,f20	  f2:0x80000000 f20:0x46af314d  f9=0x80000000
     400715.000 ns	     40070	80008590	a17a01d3	fle.s	x3,f20,f23	 f20:0x46af314d f23:0x80000000  x3=0x00000000
     400745.000 ns	     40073	80008594	02a53933	mulhu	x18,x10,x10	 x10:0x00000104 x10:0x00000104 x18=0x00000000
     400775.000 ns	     40076	80008598	0201f8b3	remu	x17,x3,x0	  x3:0x00000000  x0:0x00000000 x17=0x00000000
     400795.000 ns	     40078	8000859c	415d5c93	srai	x25,x26,0x15	 x26:0x00000088 x25=0x00000000
     400825.000 ns	     40081	800085a0	10717753	fmul.s	f14,f2,f7	  f2:0x80000000  f7:0x7fc00000 f14=0x7fc00000
     400855.000 ns	     40084	800085a4	f00402d3	fmv.w.x	f5,x8	  x8:0x00000000  f5=0x00000000
     400885.000 ns	     40087	800085a8	02241c33	mulh	x24,x8,x2	  x8:0x00000000  x2:0x00000000 x24=0x00000000
     400925.000 ns	     40091	800085ac	580570d3	fsqrt.s	f1,f10	 f10:0x00000000  f1=0x00000000
     400945.000 ns	     40093	800085b0	feb1b913	sltiu	x18,x3,-21	  x3:0x00000000 x18=0x00000001
     400955.000 ns	     40094	800085b4	01451a93	slli	x21,x10,0x14	 x10:0x00000104 x21=0x10400000
     400975.000 ns	     40096	800085b8	a00b1153	flt.s	x2,f22,f0	 f22:0xcb020482  f0:0x80000000  x2=0x00000001
     401005.000 ns	     40099	800085bc	e0091bd3	fclass.s	x23,f18	 f18:0x80000000 x23=0x00000008
     401035.000 ns	     40102	800085c0	218dae53	fsgnjx.s	f28,f27,f24	 f27:0x7fc00000 f24:0x00000000 f28=0x7fc00000
     401055.000 ns	     40104	800085c4	93a82113	slti	x2,x16,-1734	 x16:0x80040fe4  x2=0x00000001
     401065.000 ns	     40105	800085c8	00000013	addi	x0,x0,0	  x0:0x00000000
     401425.000 ns	     40141	800085cc	027c5ab3	divu	x21,x24,x7	 x24:0x00000000  x7:0x5fbcf000 x21=0x00000000
     401445.000 ns	     40143	800085d0	e0067cb7	lui	x25,0xe0067	 x25=0xe0067000
     401455.000 ns	     40144	800085d4	175a0b13	addi	x22,x20,373	 x20:0x00000200 x22=0x00000375
     401475.000 ns	     40146	800085d8	f00e84d3	fmv.w.x	f9,x29	 x29:0x00000001  f9=0x00000001
     401505.000 ns	     40149	800085dc	21e50753	fsgnj.s	f14,f10,f30	 f10:0x00000000 f30:0x7fc00000 f14=0x00000000
     401525.000 ns	     40151	800085e0	41c887b3	sub	x15,x17,x28	 x17:0x00000000 x28:0x00000001 x15=0xffffffff
     401885.000 ns	     40187	800085e4	03f04233	div	x4,x0,x31	  x0:0x00000000 x31:0x000007ff  x4=0x00000000
     401905.000 ns	     40189	800085e8	00a8d193	srli	x3,x17,0xa	 x17:0x00000000  x3=0x00000000
     401915.000 ns	     40190	800085ec	29796913	ori	x18,x18,663	 x18:0x00000001 x18=0x00000297
     401925.000 ns	     40191	800085f0	401883b3	sub	x7,x17,x1	 x17:0x00000000  x1:0xfffffb2a  x7=0x000004d6
     401935.000 ns	     40192	800085f4	003a7033	and	x0,x20,x3	 x20:0x00000200  x3:0x00000000
     401945.000 ns	     40193	800085f8	01249433	sll	x8,x9,x18	  x9:0x668ad000 x18:0x00000297  x8=0x00000000
     401965.000 ns	     40195	800085fc	f0008753	fmv.w.x	f14,x1	  x1:0xfffffb2a f14=0xfffffb2a
     401985.000 ns	     40197	80008600	01be1493	slli	x9,x28,0x1b	 x28:0x00000001  x9=0x08000000
     401995.000 ns	     40198	80008604	3bc97e17	auipc	x28,0x3bc97	 x28=0xbbc9f604
     402005.000 ns	     40199	80008608	0069d1b3	srl	x3,x19,x6	 x19:0xffffffff  x6:0x00000000  x3=0xffffffff
     402015.000 ns	     40200	8000860c	e7572d13	slti	x26,x14,-395	 x14:0x00000000 x26=0x00000000
     402025.000 ns	     40201	80008610	00000013	addi	x0,x0,0	  x0:0x00000000
     402035.000 ns	     40202	80008614	7e598f93	addi	x31,x19,2021	 x19:0xffffffff x31=0x000007e4
     402055.000 ns	     40204	80008618	a1ea0b53	fle.s	x22,f20,f30	 f20:0x46af314d f30:0x7fc00000 x22=0x00000000
     402085.000 ns	     40207	8000861c	290e1453	fmax.s	f8,f28,f16	 f28:0x7fc00000 f16:0xc3800000  f8=0xc3800000
     402105.000 ns	     40209	80008620	00c68d33	add	x26,x13,x12	 x13:0x00000008 x12:0x00000000 x26=0x00000008
     402125.000 ns	     40211	80008624	021f3bb3	mulhu	x23,x30,x1	 x30:0xa654f000  x1:0xfffffb2a x23=0xa654ecdb
     402165.000 ns	     40215	80008628	18102553	fdiv.s	f10,f0,f1	  f0:0x80000000  f1:0x00000000 f10=0x7fc00000
     402195.000 ns	     40218	8000862c	e00a8ad3	fmv.x.w	x21,f21	 f21:0x80000000 x21=0x80000000
     402565.000 ns	     40255	80008630	03cef733	remu	x14,x29,x28	 x29:0x00000001 x28:0xbbc9f604 x14=0x00000001
     402595.000 ns	     40258	80008634	03f18a33	mul	x20,x3,x31	  x3:0xffffffff x31:0x000007e4 x20=0xfffff81c
     402645.000 ns	     40263	80008638	09f01f53	fsub.s	f30,f0,f31	  f0:0x80000000 f31:0x4ebf79e0 f30=0xcebf79e0
     402675.000 ns	     40266	8000863c	29240853	fmin.s	f16,f8,f18	  f8:0xc3800000 f18:0x80000000 f16=0xc3800000
     402695.000 ns	     40268	80008640	00cae633	or	x12,x21,x12	 x21:0x80000000 x12:0x00000000 x12=0x80000000
     402715.000 ns	     40270	80008644	a14a99d3	flt.s	x19,f21,f20	 f21:0x80000000 f20:0x46af314d x19=0x00000001
     402745.000 ns	     40273	80008648	a1f09453	flt.s	x8,f1,f31	  f1:0x00000000 f31:0x4ebf79e0  x8=0x00000001
     402765.000 ns	     40275	8000864c	017481b3	add	x3,x9,x23	  x9:0x08000000 x23:0xa654ecdb  x3=0xae54ecdb
     402785.000 ns	     40277	80008650	c009f653	fcvt.w.s	x12,f19	 f19:0x80000000 x12=0x00000000
     402815.000 ns	     40280	80008654	e00815d3	fclass.s	x11,f16	 f16:0xc3800000 x11=0x00000002
     402845.000 ns	     40283	80008658	28e59f53	fmax.s	f30,f11,f14	 f11:0x80000000 f14:0xfffffb2a f30=0x80000000
     402865.000 ns	     40285	8000865c	7141a793	slti	x15,x3,1812	  x3:0xae54ecdb x15=0x00000001
     402885.000 ns	     40287	80008660	e00814d3	fclass.s	x9,f16	 f16:0xc3800000  x9=0x00000002
     402935.000 ns	     40292	80008664	08ed8ed3	fsub.s	f29,f27,f14	 f27:0x7fc00000 f14:0xfffffb2a f29=0x7fc00000
     403305.000 ns	     40329	80008668	03f6ef33	rem	x30,x13,x31	 x13:0x00000008 x31:0x000007e4 x30=0x00000008
     403335.000 ns	     40332	8000866c	039324b3	mulhsu	x9,x6,x25	  x6:0x00000000 x25:0xe0067000  x9=0x00000000
     403365.000 ns	     40335	80008670	f0040953	fmv.w.x	f18,x8	  x8:0x00000001 f18=0x00000001
     404545.000 ns	     40453	80008674	580f8dd3	fsqrt.s	f27,f31	 f31:0x4ebf79e0 f27=0x471c8d9f
     404575.000 ns	     40456	80008678	0389cc33	div	x24,x19,x24	 x19:0x00000001 x24:0x00000000 x24=0xffffffff
     404605.000 ns	     40459	8000867c	e00780d3	fmv.x.w	x1,f15	 f15:0x00000200  x1=0x00000200
     404625.000 ns	     40461	80008680	00e56b33	or	x22,x10,x14	 x10:0x00000104 x14:0x00000001 x22=0x00000105
     404635.000 ns	     40462	80008684	a5a20e13	addi	x28,x4,-1446	  x4:0x00000000 x28=0xfffffa5a
     404645.000 ns	     40463	80008688	07446937	lui	x18,0x7446	 x18=0x07446000
     404655.000 ns	     40464	8000868c	0027ef33	or	x30,x15,x2	 x15:0x00000001  x2:0x00000001 x30=0x00000001
     404665.000 ns	     40465	80008690	0185de33	srl	x28,x11,x24	 x11:0x00000002 x24:0xffffffff x28=0x00000000
     404675.000 ns	     40466	80008694	01e6f333	and	x6,x13,x30	 x13:0x00000008 x30:0x00000008  x6=0x00000000
     404685.000 ns	     40467	80008698	61f7b193	sltiu	x3,x15,1567	 x15:0x00000001  x3=0x00000001
     404695.000 ns	     40468	8000869c	77e4f493	andi	x9,x9,1918	  x9:0x00000000  x9=0x00000000
     404715.000 ns	     40470	800086a0	20332753	fsgnjx.s	f14,f6,f3	  f6:0x46af314d  f3:0x80000000 f14=0xc6af314d
     404755.000 ns	     40474	800086a4	580ec5d3	fsqrt.s	f11,f29	 f29:0x7fc00000 f11=0x7fc00000
     404775.000 ns	     40476	800086a8	bba66393	ori	x7,x12,-1094	 x12:0x00000000  x7=0xfffffbba
     404785.000 ns	     40477	800086ac	d4620393	addi	x7,x4,-698	  x4:0x00000000  x7=0xfffffd46
     404805.000 ns	     40479	800086b0	29a01ed3	fmax.s	f29,f0,f26	  f0:0x80000000 f26:0x80000000 f29=0x80000000
     404825.000 ns	     40481	800086b4	01473c33	sltu	x24,x14,x20	 x14:0x00000001 x20:0xfffff81c x24=0x00000001
     404845.000 ns	     40483	800086b8	02645933	divu	x18,x8,x6	  x8:0x00000001  x6:0x00000000 x18=0xffffffff
     404875.000 ns	     40486	800086bc	a1631c53	flt.s	x24,f6,f22	  f6:0x46af314d f22:0xcb020482 x24=0x00000000
     404905.000 ns	     40489	800086c0	21df1653	fsgnjn.s	f12,f30,f29	 f30:0x80000000 f29:0x80000000 f12=0x00000000
     404935.000 ns	     40492	800086c4	03be9ab3	mulh	x21,x29,x27	 x29:0x00000001 x27:0xf9af2af0 x21=0xffffffff
     404965.000 ns	     40495	800086c8	205e82d3	fsgnj.s	f5,f29,f5	 f29:0x80000000  f5:0x00000000  f5=0x00000000
     404985.000 ns	     40497	800086cc	01506533	or	x10,x0,x21	  x0:0x00000000 x21:0xffffffff x10=0xffffffff
     405005.000 ns	     40499	800086d0	031a6a33	rem	x20,x20,x17	 x20:0xfffff81c x17:0x00000000 x20=0xfffff81c
     405035.000 ns	     40502	800086d4	027e96b3	mulh	x13,x29,x7	 x29:0x00000001  x7:0xfffffd46 x13=0xffffffff
     405055.000 ns	     40504	800086d8	41dc08b3	sub	x17,x24,x29	 x24:0x00000000 x29:0x00000001 x17=0xffffffff
     405075.000 ns	     40506	800086dc	a0928d53	fle.s	x26,f5,f9	  f5:0x00000000  f9:0x00000001 x26=0x00000001
     405105.000 ns	     40509	800086e0	03a19133	mulh	x2,x3,x26	  x3:0x00000001 x26:0x00000008  x2=0x00000000
     405145.000 ns	     40513	800086e4	580ef853	fsqrt.s	f16,f29	 f29:0x80000000 f16=0x80000000
     405175.000 ns	     40516	800086e8	03c03133	mulhu	x2,x0,x28	  x0:0x00000000 x28:0x00000000  x2=0x00000000
     405545.000 ns	     40553	800086ec	028ee8b3	rem	x17,x29,x8	 x29:0x00000001  x8:0x00000001 x17=0x00000000
     405565.000 ns	     40555	800086f0	01b1f4b3	and	x9,x3,x27	  x3:0x00000001 x27:0xf9af2af0  x9=0x00000000
     405575.000 ns	     40556	800086f4	01b1ee33	or	x28,x3,x27	  x3:0x00000001 x27:0xf9af2af0 x28=0xf9af2af1
     405595.000 ns	     40558	800086f8	d0107f53	fcvt.s.wu	f30,x0	  x0:0x00000000 f30=0x00000000
     405625.000 ns	     40561	800086fc	28c717d3	fmax.s	f15,f14,f12	 f14:0xc6af314d f12:0x00000000 f15=0x00000000
     405655.000 ns	     40564	80008700	295c0453	fmin.s	f8,f24,f21	 f24:0x00000000 f21:0x80000000  f8=0x80000000
     405685.000 ns	     40567	80008704	29141e53	fmax.s	f28,f8,f17	  f8:0xc3800000 f17:0xc1800000 f28=0x80000000
     405735.000 ns	     40572	80008708	008741d3	fadd.s	f3,f14,f8	 f14:0xc6af314d  f8:0x80000000  f3=0xc6af314d
     405765.000 ns	     40575	8000870c	a0619f53	flt.s	x30,f3,f6	  f3:0x80000000  f6:0x46af314d x30=0x00000001
     405785.000 ns	     40577	80008710	00000013	addi	x0,x0,0	  x0:0x00000000
     405795.000 ns	     40578	80008714	40cb8633	sub	x12,x23,x12	 x23:0xa654ecdb x12:0x00000000 x12=0xa654ecdb
     405815.000 ns	     40580	80008718	d01a3553	fcvt.s.wu	f10,x20	 x20:0xfffff81c f10=0x4f7ffff9
     405845.000 ns	     40583	8000871c	f0048753	fmv.w.x	f14,x9	  x9:0x00000000 f14=0x00000000
     405865.000 ns	     40585	80008720	01ecc0b3	xor	x1,x25,x30	 x25:0xe0067000 x30:0x00000001  x1=0xe0067001
     405885.000 ns	     40587	80008724	02f5a6b3	mulhsu	x13,x11,x15	 x11:0x00000002 x15:0x00000001 x13=0x00000000
     406255.000 ns	     40624	80008728	03d3e333	rem	x6,x7,x29	  x7:0xfffffd46 x29:0x00000001  x6=0x00000000
     406275.000 ns	     40626	8000872c	00000013	addi	x0,x0,0	  x0:0x00000000
     406285.000 ns	     40627	80008730	3b88fe13	andi	x28,x17,952	 x17:0x00000000 x28=0x00000000
     406295.000 ns	     40628	80008734	0175a733	slt	x14,x11,x23	 x11:0x00000002 x23:0xa654ecdb x14=0x00000000
     406315.000 ns	     40630	80008738	d011b2d3	fcvt.s.wu	f5,x3	  x3:0x00000001  f5=0x3f800000
     407495.000 ns	     40748	8000873c	5806ff53	fsqrt.s	f30,f13	 f13:0x400207f2 f30=0x3f37e3cc
     407515.000 ns	     40750	80008740	0fdf8893	addi	x17,x31,253	 x31:0x000007e4 x17=0x000008e1
     407875.000 ns	     40786	80008744	03f3eab3	rem	x21,x7,x31	  x7:0xfffffd46 x31:0x000007e4 x21=0xfffffd46
     407895.000 ns	     40788	80008748	409984b3	sub	x9,x19,x9	 x19:0x00000001  x9:0x00000000  x9=0x00000001
     407915.000 ns	     40790	8000874c	28158f53	fmin.s	f30,f11,f1	 f11:0x7fc00000  f1:0x00000000 f30=0x00000000
     407935.000 ns	     40792	80008750	40f4b213	sltiu	x4,x9,1039	  x9:0x00000000  x4=0x00000001
     407945.000 ns	     40793	80008754	423ea593	slti	x11,x29,1059	 x29:0x00000001 x11=0x00000001
     407955.000 ns	     40794	80008758	92210393	addi	x7,x2,-1758	  x2:0x00000000  x7=0xfffff922
     407975.000 ns	     40796	8000875c	f00f8ad3	fmv.w.x	f21,x31	 x31:0x000007e4 f21=0x000007e4
     408005.000 ns	     40799	80008760	03cbdd33	divu	x26,x23,x28	 x23:0xa654ecdb x28:0x00000000 x26=0xffffffff
     408025.000 ns	     40801	80008764	00861213	slli	x4,x12,0x8	 x12:0xa654ecdb  x4=0x54ecdb00
     408035.000 ns	     40802	80008768	a0059237	lui	x4,0xa0059	  x4=0xa0059000
     408055.000 ns	     40804	8000876c	e00e96d3	fclass.s	x13,f29	 f29:0x80000000 x13=0x00000008
     408085.000 ns	     40807	80008770	d00cf153	fcvt.s.w	f2,x25	 x25:0xe0067000  f2=0xcdffcc80
     408105.000 ns	     40809	80008774	01ce80b3	add	x1,x29,x28	 x29:0x00000001 x28:0x00000000  x1=0x00000001
     408125.000 ns	     40811	80008778	213a2653	fsgnjx.s	f12,f20,f19	 f20:0x46af314d f19:0x80000000 f12=0xc6af314d
     408155.000 ns	     40814	8000877c	033c2e33	mulhsu	x28,x24,x19	 x24:0x00000000 x19:0x00000001 x28=0x00000000
     408175.000 ns	     40816	80008780	004649b3	xor	x19,x12,x4	 x12:0xa654ecdb  x4:0xa0059000 x19=0x06517cdb
     408185.000 ns	     40817	80008784	403ed533	sra	x10,x29,x3	 x29:0x00000001  x3:0x00000001 x10=0x00000000
     408205.000 ns	     40819	80008788	02e8e4b3	rem	x9,x17,x14	 x17:0x000008e1 x14:0x00000000  x9=0x000008e1
     408545.000 ns	     40853	8000878c	19b6f253	fdiv.s	f4,f13,f27	 f13:0x400207f2 f27:0x471c8d9f  f4=0x3850d564
     408575.000 ns	     40856	80008790	e00894d3	fclass.s	x9,f17	 f17:0xc1800000  x9=0x00000002
     408595.000 ns	     40858	80008794	41d3df93	srai	x31,x7,0x1d	  x7:0xfffff922 x31=0xffffffff
     408605.000 ns	     40859	80008798	60f4eab7	lui	x21,0x60f4e	 x21=0x60f4e000
     408625.000 ns	     40861	8000879c	02e7c8b3	div	x17,x15,x14	 x15:0x00000001 x14:0x00000000 x17=0xffffffff
     408655.000 ns	     40864	800087a0	026b6433	rem	x8,x22,x6	 x22:0x00000105  x6:0x00000000  x8=0x00000105
     408685.000 ns	     40867	800087a4	a1332253	feq.s	x4,f6,f19	  f6:0x46af314d f19:0x80000000  x4=0x00000000
     408715.000 ns	     40870	800087a8	d01bf553	fcvt.s.wu	f10,x23	 x23:0xa654ecdb f10=0x4f2654ec
     408735.000 ns	     40872	800087ac	000ec133	xor	x2,x29,x0	 x29:0x00000001  x0:0x00000000  x2=0x00000001
     408755.000 ns	     40874	800087b0	20d0aad3	fsgnjx.s	f21,f1,f13	  f1:0x00000000 f13:0x400207f2 f21=0x00000000
     408785.000 ns	     40877	800087b4	2148aed3	fsgnjx.s	f29,f17,f20	 f17:0xc1800000 f20:0x46af314d f29=0xc1800000
     408805.000 ns	     40879	800087b8	00adf733	and	x14,x27,x10	 x27:0xf9af2af0 x10:0x00000000 x14=0x00000000
     409165.000 ns	     40915	800087bc	03744933	div	x18,x8,x23	  x8:0x00000105 x23:0xa654ecdb x18=0x00000000
     409195.000 ns	     40918	800087c0	28af8053	fmin.s	f0,f31,f10	 f31:0x4ebf79e0 f10:0x4f2654ec  f0=0x4ebf79e0
     409225.000 ns	     40921	800087c4	031f34b3	mulhu	x9,x30,x17	 x30:0x00000001 x17:0xffffffff  x9=0x00000000
     409245.000 ns	     40923	800087c8	01c2d393	srli	x7,x5,0x1c	  x5:0x80041024  x7=0x00000008
     409255.000 ns	     40924	800087cc	0189d913	srli	x18,x19,0x18	 x19:0x06517cdb x18=0x00000006
     409265.000 ns	     40925	800087d0	28a98613	addi	x12,x19,650	 x19:0x06517cdb x12=0x06517f65
     409285.000 ns	     40927	800087d4	21cda353	fsgnjx.s	f6,f27,f28	 f27:0x471c8d9f f28:0x80000000  f6=0xc71c8d9f
     409315.000 ns	     40930	800087d8	e0000153	fmv.x.w	x2,f0	  f0:0x4ebf79e0  x2=0x4ebf79e0
     409335.000 ns	     40932	800087dc	12c07a17	auipc	x20,0x12c07	 x20=0x92c0f7dc
     409355.000 ns	     40934	800087e0	a159a753	feq.s	x14,f19,f21	 f19:0x80000000 f21:0x00000000 x14=0x00000001
     409375.000 ns	     40936	800087e4	960f3537	lui	x10,0x960f3	 x10=0x960f3000
     409385.000 ns	     40937	800087e8	00381093	slli	x1,x16,0x3	 x16:0x80040fe4  x1=0x00207f20
     409405.000 ns	     40939	800087ec	a08a1653	flt.s	x12,f20,f8	 f20:0x46af314d  f8:0x80000000 x12=0x00000000
     409445.000 ns	     40943	800087f0	18e9f9d3	fdiv.s	f19,f19,f14	 f19:0x80000000 f14:0x00000000 f19=0x7fc00000
     409465.000 ns	     40945	800087f4	0079d393	srli	x7,x19,0x7	 x19:0x06517cdb  x7=0x000ca2f9
     409475.000 ns	     40946	800087f8	00a0bcb3	sltu	x25,x1,x10	  x1:0x00207f20 x10:0x960f3000 x25=0x00000001
     409495.000 ns	     40948	800087fc	a10b0ed3	fle.s	x29,f22,f16	 f22:0xcb020482 f16:0x80000000 x29=0x00000001
     409515.000 ns	     40950	80008800	01c55b13	srli	x22,x10,0x1c	 x10:0x960f3000 x22=0x00000009
     409535.000 ns	     40952	80008804	03191033	mulh	x0,x18,x17	 x18:0x00000006 x17:0xffffffff
     409565.000 ns	     40955	80008808	20362a53	fsgnjx.s	f20,f12,f3	 f12:0xc6af314d  f3:0xc6af314d f20=0x46af314d
     409615.000 ns	     40960	8000880c	08bc7dd3	fsub.s	f27,f24,f11	 f24:0x00000000 f11:0x7fc00000 f27=0x7fc00000
     409985.000 ns	     40997	80008810	034dc033	div	x0,x27,x20	 x27:0xf9af2af0 x20:0x92c0f7dc
     410025.000 ns	     41001	80008814	19bcf7d3	fdiv.s	f15,f25,f27	 f25:0x80000000 f27:0x7fc00000 f15=0x7fc00000
     410055.000 ns	     41004	80008818	d002bf53	fcvt.s.w	f30,x5	  x5:0x80041024 f30=0xcefff7e0
     410075.000 ns	     41006	8000881c	00b79793	slli	x15,x15,0xb	 x15:0x00000001 x15=0x00000800
     410085.000 ns	     41007	80008820	01a8b1b3	sltu	x3,x17,x26	 x17:0xffffffff x26:0xffffffff  x3=0x00000000
     410095.000 ns	     41008	80008824	014cecb3	or	x25,x25,x20	 x25:0x00000001 x20:0x92c0f7dc x25=0x92c0f7dd
     410115.000 ns	     41010	80008828	028facb3	mulhsu	x25,x31,x8	 x31:0xffffffff  x8:0x00000105 x25=0xffffffff
     410145.000 ns	     41013	8000882c	c00170d3	fcvt.w.s	x1,f2	  f2:0xcdffcc80  x1=0x1ff99000
     410195.000 ns	     41018	80008830	017e7953	fadd.s	f18,f28,f23	 f28:0x80000000 f23:0x80000000 f18=0x80000000
     410565.000 ns	     41055	80008834	032960b3	rem	x1,x18,x18	 x18:0x00000006 x18:0x00000006  x1=0x00000000
     410605.000 ns	     41059	80008838	580efc53	fsqrt.s	f24,f29	 f29:0xc1800000 f24=0x7fc00000
     410655.000 ns	     41064	8000883c	01eb43d3	fadd.s	f7,f22,f30	 f22:0xcb020482 f30:0xcefff7e0  f7=0xcf007df4
     410675.000 ns	     41066	80008840	41f5d0b3	sra	x1,x11,x31	 x11:0x00000001 x31:0xffffffff  x1=0x00000000
     410695.000 ns	     41068	80008844	c0131453	fcvt.wu.s	x8,f6	  f6:0xc71c8d9f  x8=0x00009c8d
     410725.000 ns	     41071	80008848	d00eac53	fcvt.s.w	f24,x29	 x29:0x00000001 f24=0x3f800000
     410755.000 ns	     41074	8000884c	e00917d3	fclass.s	x15,f18	 f18:0x80000000 x15=0x00000008
     410795.000 ns	     41078	80008850	580370d3	fsqrt.s	f1,f6	  f6:0xc71c8d9f  f1=0x7fc00000
     410815.000 ns	     41080	80008854	006fdf93	srli	x31,x31,0x6	 x31:0xffffffff x31=0x03ffffff
     410825.000 ns	     41081	80008858	00000013	addi	x0,x0,0	  x0:0x00000000
     410835.000 ns	     41082	8000885c	59b03797	auipc	x15,0x59b03	 x15=0xd9b0b85c
     410845.000 ns	     41083	80008860	1c920993	addi	x19,x4,457	  x4:0x00000000 x19=0x000001c9
     410865.000 ns	     41085	80008864	20f4aa53	fsgnjx.s	f20,f9,f15	  f9:0x00000001 f15:0x7fc00000 f20=0x00000001
     410885.000 ns	     41087	80008868	c2e58e93	addi	x29,x11,-978	 x11:0x00000001 x29=0xfffffc2f
     410905.000 ns	     41089	8000886c	020c5cb3	divu	x25,x24,x0	 x24:0x00000000  x0:0x00000000 x25=0xffffffff
     410925.000 ns	     41091	80008870	df1bf313	andi	x6,x23,-527	 x23:0xa654ecdb  x6=0xa654ecd1
     410935.000 ns	     41092	80008874	67c9c313	xori	x6,x19,1660	 x19:0x000001c9  x6=0x000007b5
     410955.000 ns	     41094	80008878	21e81bd3	fsgnjn.s	f23,f16,f30	 f16:0x80000000 f30:0xcefff7e0 f23=0x00000000
     410975.000 ns	     41096	8000887c	3b7c4593	xori	x11,x24,951	 x24:0x00000000 x11=0x000003b7
     411005.000 ns	     41099	80008880	18f2fed3	fdiv.s	f29,f5,f15	  f5:0x3f800000 f15:0x7fc00000 f29=0x7fc00000
     411025.000 ns	     41101	80008884	40a55033	sra	x0,x10,x10	 x10:0x960f3000 x10:0x960f3000
     411045.000 ns	     41103	80008888	a0469e53	flt.s	x28,f13,f4	 f13:0x400207f2  f4:0x3850d564 x28=0x00000000
     411065.000 ns	     41105	8000888c	c63ebf93	sltiu	x31,x29,-925	 x29:0xfffffc2f x31=0x00000001
     411395.000 ns	     41138	80008890	184670d3	fdiv.s	f1,f12,f4	 f12:0xc6af314d  f4:0x3850d564  f1=0xcdf74534
     411435.000 ns	     41142	80008894	19c07ed3	fdiv.s	f29,f0,f28	  f0:0x4ebf79e0 f28:0x80000000 f29=0xff800000
     411465.000 ns	     41145	80008898	0388d233	divu	x4,x17,x24	 x17:0xffffffff x24:0x00000000  x4=0xffffffff
     411485.000 ns	     41147	8000889c	0096f3b3	and	x7,x13,x9	 x13:0x00000008  x9:0x00000000  x7=0x00000000
     411505.000 ns	     41149	800088a0	285585d3	fmin.s	f11,f11,f5	 f11:0x7fc00000  f5:0x3f800000 f11=0x3f800000
     411535.000 ns	     41152	800088a4	f0018953	fmv.w.x	f18,x3	  x3:0x00000000 f18=0x00000000
     411575.000 ns	     41156	800088a8	18e1f0d3	fdiv.s	f1,f3,f14	  f3:0xc6af314d f14:0x00000000  f1=0xff800000
     411595.000 ns	     41158	800088ac	011a46b3	xor	x13,x20,x17	 x20:0x92c0f7dc x17:0xffffffff x13=0x6d3f0823
     411605.000 ns	     41159	800088b0	01595f13	srli	x30,x18,0x15	 x18:0x00000006 x30=0x00000000
     411625.000 ns	     41161	800088b4	023cea33	rem	x20,x25,x3	 x25:0xffffffff  x3:0x00000000 x20=0xffffffff
     411645.000 ns	     41163	800088b8	7ca60c93	addi	x25,x12,1994	 x12:0x00000000 x25=0x000007ca
     411665.000 ns	     41165	800088bc	031ebfb3	mulhu	x31,x29,x17	 x29:0xfffffc2f x17:0xffffffff x31=0xfffffc2e
     411695.000 ns	     41168	800088c0	c006ac53	fcvt.w.s	x24,f13	 f13:0x400207f2 x24=0x00000002
     411725.000 ns	     41171	800088c4	c0067fd3	fcvt.w.s	x31,f12	 f12:0xc6af314d x31=0x00005798
     411745.000 ns	     41173	800088c8	00000013	addi	x0,x0,0	  x0:0x00000000
     411765.000 ns	     41175	800088cc	20b688d3	fsgnj.s	f17,f13,f11	 f13:0x400207f2 f11:0x3f800000 f17=0x400207f2
     411795.000 ns	     41178	800088d0	02a91fb3	mulh	x31,x18,x10	 x18:0x00000006 x10:0x960f3000 x31=0xfffffffd
     412165.000 ns	     41215	800088d4	02fc7ab3	remu	x21,x24,x15	 x24:0x00000002 x15:0xd9b0b85c x21=0x00000002
     412195.000 ns	     41218	800088d8	a03389d3	fle.s	x19,f7,f3	  f7:0xcf007df4  f3:0xc6af314d x19=0x00000001
     412225.000 ns	     41221	800088dc	205d91d3	fsgnjn.s	f3,f27,f5	 f27:0x7fc00000  f5:0x3f800000  f3=0xffc00000
     412255.000 ns	     41224	800088e0	f0058cd3	fmv.w.x	f25,x11	 x11:0x000003b7 f25=0x000003b7
     412275.000 ns	     41226	800088e4	01aa9c33	sll	x24,x21,x26	 x21:0x00000002 x26:0xffffffff x24=0x00000000
     412285.000 ns	     41227	800088e8	415d5513	srai	x10,x26,0x15	 x26:0xffffffff x10=0xffffffff
     412295.000 ns	     41228	800088ec	24ac0a93	addi	x21,x24,586	 x24:0x00000002 x21=0x0000024a
     412315.000 ns	     41230	800088f0	f0000853	fmv.w.x	f16,x0	  x0:0x00000000 f16=0x00000000
     412345.000 ns	     41233	800088f4	a1059cd3	flt.s	x25,f11,f16	 f11:0x3f800000 f16:0x80000000 x25=0x00000000
     412365.000 ns	     41235	800088f8	403c5213	srai	x4,x24,0x3	 x24:0x00000000  x4=0x00000000
     412385.000 ns	     41237	800088fc	d002f4d3	fcvt.s.w	f9,x5	  x5:0x80041024  f9=0xcefff7df
     412415.000 ns	     41240	80008900	030aa9b3	mulhsu	x19,x21,x16	 x21:0x0000024a x16:0x80040fe4 x19=0x00000125
     412445.000 ns	     41243	80008904	a0fc1fd3	flt.s	x31,f24,f15	 f24:0x3f800000 f15:0x7fc00000 x31=0x00000000
     412475.000 ns	     41246	80008908	e00f8d53	fmv.x.w	x26,f31	 f31:0x4ebf79e0 x26=0x4ebf79e0
     412525.000 ns	     41251	8000890c	080ca4d3	fsub.s	f9,f25,f0	 f25:0x000003b7  f0:0x4ebf79e0  f9=0xcebf79e0
     412555.000 ns	     41254	80008910	e00f00d3	fmv.x.w	x1,f30	 f30:0xcefff7e0  x1=0xcefff7e0
     412585.000 ns	     41257	80008914	20c89f53	fsgnjn.s	f30,f17,f12	 f17:0x400207f2 f12:0xc6af314d f30=0x400207f2
     412605.000 ns	     41259	80008918	01812b33	slt	x22,x2,x24	  x2:0x4ebf79e0 x24:0x00000000 x22=0x00000000
     412965.000 ns	     41295	8000891c	030946b3	div	x13,x18,x16	 x18:0x00000006 x16:0x80040fe4 x13=0x00000000
     412985.000 ns	     41297	80008920	2453a393	slti	x7,x7,581	  x7:0x00000000  x7=0x00000001
     413005.000 ns	     41299	80008924	02213433	mulhu	x8,x2,x2	  x2:0x4ebf79e0  x2:0x4ebf79e0  x8=0x18393d7b
     413025.000 ns	     41301	80008928	004283b3	add	x7,x5,x4	  x5:0x80041024  x4:0x00000000  x7=0x80041024
     413035.000 ns	     41302	8000892c	00000013	addi	x0,x0,0	  x0:0x00000000
     413045.000 ns	     41303	80008930	008e4333	xor	x6,x28,x8	 x28:0x00000000  x8:0x18393d7b  x6=0x18393d7b
     413065.000 ns	     41305	80008934	03cabbb3	mulhu	x23,x21,x28	 x21:0x0000024a x28:0x00000000 x23=0x00000000
     413085.000 ns	     41307	80008938	41cc04b3	sub	x9,x24,x28	 x24:0x00000000 x28:0x00000000  x9=0x00000000
     413105.000 ns	     41309	8000893c	c0054ad3	fcvt.w.s	x21,f10	 f10:0x4f2654ec x21=0x7fffffff
     413135.000 ns	     41312	80008940	a17c09d3	fle.s	x19,f24,f23	 f24:0x3f800000 f23:0x00000000 x19=0x00000000
     413155.000 ns	     41314	80008944	00e32ab3	slt	x21,x6,x14	  x6:0x18393d7b x14:0x00000001 x21=0x00000000
     413165.000 ns	     41315	80008948	004bac33	slt	x24,x23,x4	 x23:0x00000000  x4:0x00000000 x24=0x00000000
     413185.000 ns	     41317	8000894c	030133b3	mulhu	x7,x2,x16	  x2:0x4ebf79e0 x16:0x80040fe4  x7=0x2760fcd1
     413215.000 ns	     41320	80008950	21b4a853	fsgnjx.s	f16,f9,f27	  f9:0xcebf79e0 f27:0x7fc00000 f16=0xcebf79e0
     413245.000 ns	     41323	80008954	21af95d3	fsgnjn.s	f11,f31,f26	 f31:0x4ebf79e0 f26:0x80000000 f11=0x4ebf79e0
     413265.000 ns	     41325	80008958	fe321437	lui	x8,0xfe321	  x8=0xfe321000
     413275.000 ns	     41326	8000895c	7de6f613	andi	x12,x13,2014	 x13:0x00000000 x12=0x00000000
     413285.000 ns	     41327	80008960	26ec8593	addi	x11,x25,622	 x25:0x00000000 x11=0x0000026e
     413305.000 ns	     41329	80008964	d0028b53	fcvt.s.w	f22,x5	  x5:0x80041024 f22=0xcefff7df
     413325.000 ns	     41331	80008968	01375a13	srli	x20,x14,0x13	 x14:0x00000001 x20=0x00000000
     413345.000 ns	     41333	8000896c	a04810d3	flt.s	x1,f16,f4	 f16:0xcebf79e0  f4:0x3850d564  x1=0x00000001
     413365.000 ns	     41335	80008970	ab032013	slti	x0,x6,-1360	  x6:0x18393d7b
     413385.000 ns	     41337	80008974	212faf53	fsgnjx.s	f30,f31,f18	 f31:0x4ebf79e0 f18:0x00000000 f30=0x4ebf79e0
     413405.000 ns	     41339	80008978	010db3b3	sltu	x7,x27,x16	 x27:0xf9af2af0 x16:0x80040fe4  x7=0x00000000
     413415.000 ns	     41340	8000897c	9f85c893	xori	x17,x11,-1544	 x11:0x0000026e x17=0xfffffb96
     413435.000 ns	     41342	80008980	c01b94d3	fcvt.wu.s	x9,f23	 f23:0x00000000  x9=0x00000000
     413455.000 ns	     41344	80008984	0140da33	srl	x20,x1,x20	  x1:0x00000001 x20:0x00000000 x20=0x00000001
     413475.000 ns	     41346	80008988	a08b96d3	flt.s	x13,f23,f8	 f23:0x00000000  f8:0x80000000 x13=0x00000000
     413505.000 ns	     41349	8000898c	c01ff3d3	fcvt.wu.s	x7,f31	 f31:0x4ebf79e0  x7=0x5fbcf000
     413535.000 ns	     41352	80008990	21341fd3	fsgnjn.s	f31,f8,f19	  f8:0x80000000 f19:0x7fc00000 f31=0x80000000
     413555.000 ns	     41354	80008994	b1bc6093	ori	x1,x24,-1253	 x24:0x00000000  x1=0xfffffb1b
     413565.000 ns	     41355	80008998	c473e613	ori	x12,x7,-953	  x7:0x5fbcf000 x12=0xfffffc47
     413585.000 ns	     41357	8000899c	d0001b53	fcvt.s.w	f22,x0	  x0:0x00000000 f22=0x00000000
     413615.000 ns	     41360	800089a0	d00bf6d3	fcvt.s.w	f13,x23	 x23:0x00000000 f13=0x00000000
     413645.000 ns	     41363	800089a4	d0063d53	fcvt.s.w	f26,x12	 x12:0xfffffc47 f26=0xc46e4000
     413675.000 ns	     41366	800089a8	c01807d3	fcvt.wu.s	x15,f16	 f16:0xcebf79e0 x15=0x5fbcf000
     413695.000 ns	     41368	800089ac	13847c13	andi	x24,x8,312	  x8:0xfe321000 x24=0x00000000
     413705.000 ns	     41369	800089b0	ed29e193	ori	x3,x19,-302	 x19:0x00000000  x3=0xfffffed2
     413745.000 ns	     41373	800089b4	09e0a3d3	fsub.s	f7,f1,f30	  f1:0xff800000 f30:0x4ebf79e0  f7=0xff800000
     413765.000 ns	     41375	800089b8	a05ba493	slti	x9,x23,-1531	 x23:0x00000000  x9=0x00000000
     413785.000 ns	     41377	800089bc	298f8e53	fmin.s	f28,f31,f24	 f31:0x80000000 f24:0x3f800000 f28=0x80000000
     413805.000 ns	     41379	800089c0	f64da213	slti	x4,x27,-156	 x27:0xf9af2af0  x4=0x00000001
     413845.000 ns	     41383	800089c4	08a3ff53	fsub.s	f30,f7,f10	  f7:0xff800000 f10:0x4f2654ec f30=0xff800000
     413885.000 ns	     41387	800089c8	19877553	fdiv.s	f10,f14,f24	 f14:0x00000000 f24:0x3f800000 f10=0x00000000
     413905.000 ns	     41389	800089cc	00955a33	srl	x20,x10,x9	 x10:0xffffffff  x9:0x00000000 x20=0xffffffff
     413915.000 ns	     41390	800089d0	ce663393	sltiu	x7,x12,-794	 x12:0xfffffc47  x7=0x00000001
     413925.000 ns	     41391	800089d4	01945ab3	srl	x21,x8,x25	  x8:0xfe321000 x25:0x00000000 x21=0xfe321000
     413945.000 ns	     41393	800089d8	21298ad3	fsgnj.s	f21,f19,f18	 f19:0x7fc00000 f18:0x00000000 f21=0x7fc00000
     413975.000 ns	     41396	800089dc	03799233	mulh	x4,x19,x23	 x19:0x00000000 x23:0x00000000  x4=0x00000000
     413995.000 ns	     41398	800089e0	41ddd893	srai	x17,x27,0x1d	 x27:0xf9af2af0 x17=0xffffffff
     414005.000 ns	     41399	800089e4	018214b3	sll	x9,x4,x24	  x4:0x00000000 x24:0x00000000  x9=0x00000000
     414045.000 ns	     41403	800089e8	0093b7d3	fadd.s	f15,f7,f9	  f7:0xff800000  f9:0xcebf79e0 f15=0xff800000
     414075.000 ns	     41406	800089ec	205eafd3	fsgnjx.s	f31,f29,f5	 f29:0xff800000  f5:0x3f800000 f31=0xff800000
     414105.000 ns	     41409	800089f0	e0099fd3	fclass.s	x31,f19	 f19:0x7fc00000 x31=0x00000200
     414125.000 ns	     41411	800089f4	018489b3	add	x19,x9,x24	  x9:0x00000000 x24:0x00000000 x19=0x00000000
     414165.000 ns	     41415	800089f8	0923fdd3	fsub.s	f27,f7,f18	  f7:0xff800000 f18:0x00000000 f27=0xff800000
     414195.000 ns	     41418	800089fc	e00514d3	fclass.s	x9,f10	 f10:0x00000000  x9=0x00000010
     414225.000 ns	     41421	80008a00	02ce9d33	mulh	x26,x29,x12	 x29:0xfffffc2f x12:0xfffffc47 x26=0x00000000
     414245.000 ns	     41423	80008a04	0044cab3	xor	x21,x9,x4	  x9:0x00000010  x4:0x00000000 x21=0x00000010
     414255.000 ns	     41424	80008a08	01e1ceb3	xor	x29,x3,x30	  x3:0xfffffed2 x30:0x00000000 x29=0xfffffed2
     414265.000 ns	     41425	80008a0c	40675cb3	sra	x25,x14,x6	 x14:0x00000001  x6:0x18393d7b x25=0x00000000
     414285.000 ns	     41427	80008a10	e00d9753	fclass.s	x14,f27	 f27:0xff800000 x14=0x00000001
     414315.000 ns	     41430	80008a14	204d0053	fsgnj.s	f0,f26,f4	 f26:0xc46e4000  f4:0x3850d564  f0=0x446e4000
     414345.000 ns	     41433	80008a18	f0008bd3	fmv.w.x	f23,x1	  x1:0xfffffb1b f23=0xfffffb1b
     414375.000 ns	     41436	80008a1c	c01e7fd3	fcvt.wu.s	x31,f28	 f28:0x80000000 x31=0x00000000
     414405.000 ns	     41439	80008a20	20131553	fsgnjn.s	f10,f6,f1	  f6:0xc71c8d9f  f1:0xff800000 f10=0x471c8d9f
     414425.000 ns	     41441	80008a24	482ace93	xori	x29,x21,1154	 x21:0x00000010 x29=0x00000492
     414455.000 ns	     41444	80008a28	109b4d53	fmul.s	f26,f22,f9	 f22:0x00000000  f9:0xcebf79e0 f26=0x80000000
     414505.000 ns	     41449	80008a2c	08f64a53	fsub.s	f20,f12,f15	 f12:0xc6af314d f15:0xff800000 f20=0x7f800000
     414525.000 ns	     41451	80008a30	076bdc97	auipc	x25,0x76bd	 x25=0x876c5a30
     414565.000 ns	     41455	80008a34	09b677d3	fsub.s	f15,f12,f27	 f12:0xc6af314d f27:0xff800000 f15=0x7f800000
     414585.000 ns	     41457	80008a38	015e7eb3	and	x29,x28,x21	 x28:0x00000000 x21:0x00000010 x29=0x00000000
     414595.000 ns	     41458	80008a3c	003d98b3	sll	x17,x27,x3	 x27:0xf9af2af0  x3:0xfffffed2 x17=0xabc00000
     414615.000 ns	     41460	80008a40	29ff85d3	fmin.s	f11,f31,f31	 f31:0xff800000 f31:0xff800000 f11=0xff800000
     414635.000 ns	     41462	80008a44	243f4c93	xori	x25,x30,579	 x30:0x00000000 x25=0x00000243
     414655.000 ns	     41464	80008a48	21748d53	fsgnj.s	f26,f9,f23	  f9:0xcebf79e0 f23:0xfffffb1b f26=0xcebf79e0
     414675.000 ns	     41466	80008a4c	2ab01217	auipc	x4,0x2ab01	  x4=0xaab09a4c
     414695.000 ns	     41468	80008a50	d01c7053	fcvt.s.wu	f0,x24	 x24:0x00000000  f0=0x00000000
     414725.000 ns	     41471	80008a54	d00c42d3	fcvt.s.w	f5,x24	 x24:0x00000000  f5=0x00000000
     414755.000 ns	     41474	80008a58	d01c7d53	fcvt.s.wu	f26,x24	 x24:0x00000000 f26=0x00000000
     415125.000 ns	     41511	80008a5c	034445b3	div	x11,x8,x20	  x8:0xfe321000 x20:0xffffffff x11=0x01cdf000
     415155.000 ns	     41514	80008a60	21832253	fsgnjx.s	f4,f6,f24	  f6:0xc71c8d9f f24:0x3f800000  f4=0xc71c8d9f
     415175.000 ns	     41516	80008a64	00a629b3	slt	x19,x12,x10	 x12:0xfffffc47 x10:0xffffffff x19=0x00000001
     415195.000 ns	     41518	80008a68	026b1d33	mulh	x26,x22,x6	 x22:0x00000000  x6:0x18393d7b x26=0x00000000
     415215.000 ns	     41520	80008a6c	0f69bc13	sltiu	x24,x19,246	 x19:0x00000000 x24=0x00000001
     415235.000 ns	     41522	80008a70	f0030ad3	fmv.w.x	f21,x6	  x6:0x18393d7b f21=0x18393d7b
     415265.000 ns	     41525	80008a74	020131b3	mulhu	x3,x2,x0	  x2:0x4ebf79e0  x0:0x00000000  x3=0x00000000
     415285.000 ns	     41527	80008a78	0c0cf393	andi	x7,x25,192	 x25:0x00000243  x7=0x00000040
     415295.000 ns	     41528	80008a7c	415b0e33	sub	x28,x22,x21	 x22:0x00000000 x21:0x00000010 x28=0xfffffff0
     415305.000 ns	     41529	80008a80	7c2c6213	ori	x4,x24,1986	 x24:0x00000001  x4=0x000007c3
     415315.000 ns	     41530	80008a84	c11da913	slti	x18,x27,-1007	 x27:0xf9af2af0 x18=0x00000001
     415335.000 ns	     41532	80008a88	a0779bd3	flt.s	x23,f15,f7	 f15:0x7f800000  f7:0xff800000 x23=0x00000000
     415365.000 ns	     41535	80008a8c	d0122153	fcvt.s.wu	f2,x4	  x4:0x000007c3  f2=0x44f86000
     415385.000 ns	     41537	80008a90	00000013	addi	x0,x0,0	  x0:0x00000000
     415745.000 ns	     41573	80008a94	03b1d1b3	divu	x3,x3,x27	  x3:0x00000000 x27:0xf9af2af0  x3=0x00000000
     415765.000 ns	     41575	80008a98	011f1413	slli	x8,x30,0x11	 x30:0x00000000  x8=0x00000000
     415775.000 ns	     41576	80008a9c	9f78cd13	xori	x26,x17,-1545	 x17:0xabc00000 x26=0x543ff9f7
     415795.000 ns	     41578	80008aa0	a0cb17d3	flt.s	x15,f22,f12	 f22:0x00000000 f12:0xc6af314d x15=0x00000000
     415825.000 ns	     41581	80008aa4	d0018153	fcvt.s.w	f2,x3	  x3:0x00000000  f2=0x00000000
     415855.000 ns	     41584	80008aa8	c0057053	fcvt.w.s	x0,f10	 f10:0x471c8d9f
     416225.000 ns	     41621	80008aac	0249dab3	divu	x21,x19,x4	 x19:0x00000001  x4:0x000007c3 x21=0x00000000
     416245.000 ns	     41623	80008ab0	13430413	addi	x8,x6,308	  x6:0x18393d7b  x8=0x18393eaf
     416285.000 ns	     41627	80008ab4	00841353	fadd.s	f6,f8,f8	  f8:0x80000000  f8:0x80000000  f6=0x80000000
     416315.000 ns	     41630	80008ab8	d0141953	fcvt.s.wu	f18,x8	  x8:0x00000000 f18=0x4dc1c9f5
     416345.000 ns	     41633	80008abc	d01f72d3	fcvt.s.wu	f5,x30	 x30:0x00000000  f5=0x00000000
     416365.000 ns	     41635	80008ac0	6cb38b37	lui	x22,0x6cb38	 x22=0x6cb38000
     416385.000 ns	     41637	80008ac4	e00c18d3	fclass.s	x17,f24	 f24:0x3f800000 x17=0x00000040
     416405.000 ns	     41639	80008ac8	409d87b3	sub	x15,x27,x9	 x27:0xf9af2af0  x9:0x00000010 x15=0xf9af2ae0
     416425.000 ns	     41641	80008acc	a0c5a9d3	feq.s	x19,f11,f12	 f11:0xff800000 f12:0xc6af314d x19=0x00000000
     416445.000 ns	     41643	80008ad0	002fc033	xor	x0,x31,x2	 x31:0x00000000  x2:0x4ebf79e0
     416465.000 ns	     41645	80008ad4	03dc4133	div	x2,x24,x29	 x24:0x00000001 x29:0x00000000  x2=0xffffffff
     416505.000 ns	     41649	80008ad8	184f7053	fdiv.s	f0,f30,f4	 f30:0xff800000  f4:0xc71c8d9f  f0=0x7f800000
     416555.000 ns	     41654	80008adc	0010f4d3	fadd.s	f9,f1,f1	  f1:0xff800000  f1:0xff800000  f9=0x80000000
     416595.000 ns	     41658	80008ae0	10cfff53	fmul.s	f30,f31,f12	 f31:0xff800000 f12:0xc6af314d f30=0x7f800000
     416625.000 ns	     41661	80008ae4	e00490d3	fclass.s	x1,f9	  f9:0x80000000  x1=0x00000008
     416675.000 ns	     41666	80008ae8	087592d3	fsub.s	f5,f11,f7	 f11:0xff800000  f7:0xff800000  f5=0x00000000
     416695.000 ns	     41668	80008aec	40d686b3	sub	x13,x13,x13	 x13:0x00000000 x13:0x00000000 x13=0x00000000
     416715.000 ns	     41670	80008af0	f0010753	fmv.w.x	f14,x2	  x2:0xffffffff f14=0xffffffff
     416745.000 ns	     41673	80008af4	e00e0553	fmv.x.w	x10,f28	 f28:0x80000000 x10=0x80000000
     416775.000 ns	     41676	80008af8	031508b3	mul	x17,x10,x17	 x10:0xffffffff x17:0x00000040 x17=0x00000000
     416795.000 ns	     41678	80008afc	0039a7b3	slt	x15,x19,x3	 x19:0x00000000  x3:0x00000000 x15=0x00000000
     416815.000 ns	     41680	80008b00	a1ef09d3	fle.s	x19,f30,f30	 f30:0x7f800000 f30:0x7f800000 x19=0x00000001
     416845.000 ns	     41683	80008b04	e0041bd3	fclass.s	x23,f8	  f8:0x80000000 x23=0x00000008
     416875.000 ns	     41686	80008b08	e0029753	fclass.s	x14,f5	  f5:0x00000000 x14=0x00000010
     416895.000 ns	     41688	80008b0c	00f95c13	srli	x24,x18,0xf	 x18:0x00000001 x24=0x00000000
     416905.000 ns	     41689	80008b10	397c0193	addi	x3,x24,919	 x24:0x00000001  x3=0x00000397
     416935.000 ns	     41692	80008b14	184e9153	fdiv.s	f2,f29,f4	 f29:0xff800000  f4:0xc71c8d9f  f2=0x7f800000
     416955.000 ns	     41694	80008b18	00bfb8b3	sltu	x17,x31,x11	 x31:0x00000000 x11:0x01cdf000 x17=0x00000001
     416975.000 ns	     41696	80008b1c	c01bf053	fcvt.wu.s	x0,f23	 f23:0xfffffb1b
     417005.000 ns	     41699	80008b20	208a21d3	fsgnjx.s	f3,f20,f8	 f20:0x7f800000  f8:0x80000000  f3=0xff800000
     417035.000 ns	     41702	80008b24	037c1f33	mulh	x30,x24,x23	 x24:0x00000000 x23:0x00000008 x30=0x00000000
     417055.000 ns	     41704	80008b28	01516eb3	or	x29,x2,x21	  x2:0xffffffff x21:0x00000000 x29=0xffffffff
     417075.000 ns	     41706	80008b2c	c010f8d3	fcvt.wu.s	x17,f1	  f1:0xff800000 x17=0x00000000
     417445.000 ns	     41743	80008b30	0322dcb3	divu	x25,x5,x18	  x5:0x80041024 x18:0x00000001 x25=0x80041024
     417465.000 ns	     41745	80008b34	00665613	srli	x12,x12,0x6	 x12:0xfffffc47 x12=0x03fffff1
     417485.000 ns	     41747	80008b38	d0122853	fcvt.s.wu	f16,x4	  x4:0x000007c3 f16=0x44f86000
     417505.000 ns	     41749	80008b3c	e5cd7cb7	lui	x25,0xe5cd7	 x25=0xe5cd7000
     417525.000 ns	     41751	80008b40	c01a3e53	fcvt.wu.s	x28,f20	 f20:0x7f800000 x28=0xffffffff
     417555.000 ns	     41754	80008b44	a1f094d3	flt.s	x9,f1,f31	  f1:0xff800000 f31:0xff800000  x9=0x00000000
     417575.000 ns	     41756	80008b48	da0cf213	andi	x4,x25,-608	 x25:0xe5cd7000  x4=0xe5cd7000
     417595.000 ns	     41758	80008b4c	21e59dd3	fsgnjn.s	f27,f11,f30	 f11:0xff800000 f30:0x7f800000 f27=0xff800000
     417615.000 ns	     41760	80008b50	37283513	sltiu	x10,x16,882	 x16:0x80040fe4 x10=0x00000000
     417625.000 ns	     41761	80008b54	40065cb3	sra	x25,x12,x0	 x12:0x03fffff1  x0:0x00000000 x25=0x03fffff1
     417645.000 ns	     41763	80008b58	a04a8153	fle.s	x2,f21,f4	 f21:0x18393d7b  f4:0xc71c8d9f  x2=0x00000000
     417665.000 ns	     41765	80008b5c	29326513	ori	x10,x4,659	  x4:0xe5cd7000 x10=0xe5cd7293
     417685.000 ns	     41767	80008b60	281d1953	fmax.s	f18,f26,f1	 f26:0x00000000  f1:0xff800000 f18=0x00000000
     417705.000 ns	     41769	80008b64	01231133	sll	x2,x6,x18	  x6:0x18393d7b x18:0x00000001  x2=0x30727af6
     417715.000 ns	     41770	80008b68	227e7013	andi	x0,x28,551	 x28:0xffffffff
     417755.000 ns	     41774	80008b6c	08037dd3	fsub.s	f27,f6,f0	  f6:0x80000000  f0:0x7f800000 f27=0xff800000
     417785.000 ns	     41777	80008b70	282817d3	fmax.s	f15,f16,f2	 f16:0x44f86000  f2:0x7f800000 f15=0x7f800000
     417815.000 ns	     41780	80008b74	03e6c033	div	x0,x13,x30	 x13:0x00000000 x30:0x00000000
     417835.000 ns	     41782	80008b78	4dd26a13	ori	x20,x4,1245	  x4:0xe5cd7000 x20=0xe5cd74dd
     417855.000 ns	     41784	80008b7c	f0000353	fmv.w.x	f6,x0	  x0:0x00000000  f6=0x00000000
     417875.000 ns	     41786	80008b80	01af5f33	srl	x30,x30,x26	 x30:0x00000000 x26:0x543ff9f7 x30=0x00000000
     417895.000 ns	     41788	80008b84	f00c0453	fmv.w.x	f8,x24	 x24:0x00000000  f8=0x00000000
     417925.000 ns	     41791	80008b88	281d1dd3	fmax.s	f27,f26,f1	 f26:0x00000000  f1:0xff800000 f27=0x00000000
     417975.000 ns	     41796	80008b8c	012e79d3	fadd.s	f19,f28,f18	 f28:0x80000000 f18:0x00000000 f19=0x00000000
     418005.000 ns	     41799	80008b90	e0020353	fmv.x.w	x6,f4	  f4:0xc71c8d9f  x6=0xc71c8d9f
     418035.000 ns	     41802	80008b94	28221853	fmax.s	f16,f4,f2	  f4:0xc71c8d9f  f2:0x7f800000 f16=0x7f800000
     418055.000 ns	     41804	80008b98	450b4793	xori	x15,x22,1104	 x22:0x6cb38000 x15=0x6cb38450
     418415.000 ns	     41840	80008b9c	02c2feb3	remu	x29,x5,x12	  x5:0x80041024 x12:0x03fffff1 x29=0x00041204
     418445.000 ns	     41843	80008ba0	c01af9d3	fcvt.wu.s	x19,f21	 f21:0x18393d7b x19=0x00000000
     418475.000 ns	     41846	80008ba4	0326ae33	mulhsu	x28,x13,x18	 x13:0x00000000 x18:0x00000001 x28=0x00000000
     418505.000 ns	     41849	80008ba8	29a41dd3	fmax.s	f27,f8,f26	  f8:0x00000000 f26:0x00000000 f27=0x00000000
     418535.000 ns	     41852	80008bac	03feeb33	rem	x22,x29,x31	 x29:0x00041204 x31:0x00000000 x22=0x00041204
     418565.000 ns	     41855	80008bb0	a12e9753	flt.s	x14,f29,f18	 f29:0xff800000 f18:0x00000000 x14=0x00000001
     418595.000 ns	     41858	80008bb4	c00b8453	fcvt.w.s	x8,f23	 f23:0xfffffb1b  x8=0x7fffffff
     418625.000 ns	     41861	80008bb8	28ff13d3	fmax.s	f7,f30,f15	 f30:0x7f800000 f15:0x7f800000  f7=0x7f800000
     418655.000 ns	     41864	80008bbc	037a0b33	mul	x22,x20,x23	 x20:0xe5cd74dd x23:0x00000008 x22=0x2e6ba6e8
     418685.000 ns	     41867	80008bc0	28f71453	fmax.s	f8,f14,f15	 f14:0xffffffff f15:0x7f800000  f8=0x7f800000
     418725.000 ns	     41871	80008bc4	115ffd53	fmul.s	f26,f31,f21	 f31:0xff800000 f21:0x18393d7b f26=0xff800000
     418745.000 ns	     41873	80008bc8	d540d5b7	lui	x11,0xd540d	 x11=0xd540d000
     418765.000 ns	     41875	80008bcc	03c7d3b3	divu	x7,x15,x28	 x15:0x6cb38450 x28:0x00000000  x7=0xffffffff
     418795.000 ns	     41878	80008bd0	02d8b6b3	mulhu	x13,x17,x13	 x17:0x00000000 x13:0x00000000 x13=0x00000000
     418815.000 ns	     41880	80008bd4	0c394113	xori	x2,x18,195	 x18:0x00000001  x2=0x000000c2
     418835.000 ns	     41882	80008bd8	28d98ad3	fmin.s	f21,f19,f13	 f19:0x00000000 f13:0x00000000 f21=0x00000000
     418855.000 ns	     41884	80008bdc	1db084b7	lui	x9,0x1db08	  x9=0x1db08000
     418875.000 ns	     41886	80008be0	e00d1953	fclass.s	x18,f26	 f26:0xff800000 x18=0x00000001
     418895.000 ns	     41888	80008be4	002a4a33	xor	x20,x20,x2	 x20:0xe5cd74dd  x2:0x000000c2 x20=0xe5cd741f
     418905.000 ns	     41889	80008be8	78593013	sltiu	x0,x18,1925	 x18:0x00000001
     418925.000 ns	     41891	80008bec	a1b9a4d3	feq.s	x9,f19,f27	 f19:0x00000000 f27:0x00000000  x9=0x00000001
     418955.000 ns	     41894	80008bf0	023720b3	mulhsu	x1,x14,x3	 x14:0x00000001  x3:0x00000397  x1=0x00000000
     418975.000 ns	     41896	80008bf4	012f5733	srl	x14,x30,x18	 x30:0x00000000 x18:0x00000001 x14=0x00000000
     418985.000 ns	     41897	80008bf8	8ccc6e93	ori	x29,x24,-1844	 x24:0x00000000 x29=0xfffff8cc
     419005.000 ns	     41899	80008bfc	21bb1fd3	fsgnjn.s	f31,f22,f27	 f22:0x00000000 f27:0x00000000 f31=0x80000000
     419035.000 ns	     41902	80008c00	02213c33	mulhu	x24,x2,x2	  x2:0x000000c2  x2:0x000000c2 x24=0x00000000
     419065.000 ns	     41905	80008c04	2019a253	fsgnjx.s	f4,f19,f1	 f19:0x00000000  f1:0xff800000  f4=0x80000000
     419085.000 ns	     41907	80008c08	406ad0b3	sra	x1,x21,x6	 x21:0x00000000  x6:0xc71c8d9f  x1=0x00000000
     419105.000 ns	     41909	80008c0c	02e9eab3	rem	x21,x19,x14	 x19:0x00000000 x14:0x00000000 x21=0x00000000
     419145.000 ns	     41913	80008c10	11c8f6d3	fmul.s	f13,f17,f28	 f17:0x400207f2 f28:0x80000000 f13=0x80000000
     419165.000 ns	     41915	80008c14	0097df33	srl	x30,x15,x9	 x15:0x6cb38450  x9:0x00000001 x30=0x3659c228
     419185.000 ns	     41917	80008c18	e00f9453	fclass.s	x8,f31	 f31:0x80000000  x8=0x00000008
     419205.000 ns	     41919	80008c1c	01b019b3	sll	x19,x0,x27	  x0:0x00000000 x27:0xf9af2af0 x19=0x00000000
     419225.000 ns	     41921	80008c20	c00f0fd3	fcvt.w.s	x31,f30	 f30:0x7f800000 x31=0x7fffffff
     419255.000 ns	     41924	80008c24	211e99d3	fsgnjn.s	f19,f29,f17	 f29:0xff800000 f17:0x400207f2 f19=0xff800000
     419275.000 ns	     41926	80008c28	014da033	slt	x0,x27,x20	 x27:0xf9af2af0 x20:0xe5cd741f
     419285.000 ns	     41927	80008c2c	01569413	slli	x8,x13,0x15	 x13:0x00000000  x8=0x00000000
     419645.000 ns	     41963	80008c30	02f94bb3	div	x23,x18,x15	 x18:0x00000001 x15:0x6cb38450 x23=0x00000000
     419665.000 ns	     41965	80008c34	51990b13	addi	x22,x18,1305	 x18:0x00000001 x22=0x0000051a
     419685.000 ns	     41967	80008c38	21cb2153	fsgnjx.s	f2,f22,f28	 f22:0x00000000 f28:0x80000000  f2=0x80000000
     419715.000 ns	     41970	80008c3c	a0c513d3	flt.s	x7,f10,f12	 f10:0x471c8d9f f12:0xc6af314d  x7=0x00000000
     419745.000 ns	     41973	80008c40	20cda953	fsgnjx.s	f18,f27,f12	 f27:0x00000000 f12:0xc6af314d f18=0x80000000
     420115.000 ns	     42010	80008c44	032df633	remu	x12,x27,x18	 x27:0xf9af2af0 x18:0x00000001 x12=0x00000000
     420135.000 ns	     42012	80008c48	0147f033	and	x0,x15,x20	 x15:0x6cb38450 x20:0xe5cd741f
     420495.000 ns	     42048	80008c4c	03a2f533	remu	x10,x5,x26	  x5:0x80041024 x26:0x543ff9f7 x10=0x2bc4162d
     420515.000 ns	     42050	80008c50	0047bfb3	sltu	x31,x15,x4	 x15:0x6cb38450  x4:0xe5cd7000 x31=0x00000001
     420535.000 ns	     42052	80008c54	0228b033	mulhu	x0,x17,x2	 x17:0x00000000  x2:0x000000c2
     420555.000 ns	     42054	80008c58	010aea33	or	x20,x21,x16	 x21:0x00000000 x16:0x80040fe4 x20=0x80040fe4
     420575.000 ns	     42056	80008c5c	e00b9d53	fclass.s	x26,f23	 f23:0xfffffb1b x26=0x00000200
     420945.000 ns	     42093	80008c60	02f5ff33	remu	x30,x11,x15	 x11:0xd540d000 x15:0x6cb38450 x30=0x688d4bb0
     420965.000 ns	     42095	80008c64	4ef69e97	auipc	x29,0x4ef69	 x29=0xcef71c64
     420985.000 ns	     42097	80008c68	a0a11f53	flt.s	x30,f2,f10	  f2:0x80000000 f10:0x471c8d9f x30=0x00000001
     421015.000 ns	     42100	80008c6c	29341a53	fmax.s	f20,f8,f19	  f8:0x7f800000 f19:0xff800000 f20=0x7f800000
     421045.000 ns	     42103	80008c70	21980753	fsgnj.s	f14,f16,f25	 f16:0x7f800000 f25:0x000003b7 f14=0x7f800000
     421065.000 ns	     42105	80008c74	3177e493	ori	x9,x15,791	 x15:0x6cb38450  x9=0x6cb38757
     421075.000 ns	     42106	80008c78	003de6b3	or	x13,x27,x3	 x27:0xf9af2af0  x3:0x00000397 x13=0xf9af2bf7
     421095.000 ns	     42108	80008c7c	022d89b3	mul	x19,x27,x2	 x27:0xf9af2af0  x2:0x000000c2 x19=0x36be89e0
     421115.000 ns	     42110	80008c80	40125693	srai	x13,x4,0x1	  x4:0xe5cd7000 x13=0xf2e6b800
     421125.000 ns	     42111	80008c84	009a4433	xor	x8,x20,x9	 x20:0x80040fe4  x9:0x6cb38757  x8=0xecb788b3
     421145.000 ns	     42113	80008c88	219088d3	fsgnj.s	f17,f1,f25	  f1:0xff800000 f25:0x000003b7 f17=0x7f800000
     421165.000 ns	     42115	80008c8c	2ffc6413	ori	x8,x24,767	 x24:0x00000000  x8=0x000002ff
     421195.000 ns	     42118	80008c90	19aec9d3	fdiv.s	f19,f29,f26	 f29:0xff800000 f26:0xff800000 f19=0x7fc00000
     421215.000 ns	     42120	80008c94	41825b13	srai	x22,x4,0x18	  x4:0xe5cd7000 x22=0xffffffe5
     421225.000 ns	     42121	80008c98	40d4deb3	sra	x29,x9,x13	  x9:0x6cb38757 x13:0xf2e6b800 x29=0x6cb38757
     421585.000 ns	     42157	80008c9c	0269d6b3	divu	x13,x19,x6	 x19:0x36be89e0  x6:0xc71c8d9f x13=0x00000000
     421615.000 ns	     42160	80008ca0	a157a0d3	feq.s	x1,f15,f21	 f15:0x7f800000 f21:0x00000000  x1=0x00000000
     421635.000 ns	     42162	80008ca4	c83bcd13	xori	x26,x23,-893	 x23:0x00000000 x26=0xfffffc83
     421995.000 ns	     42198	80008ca8	03dd6433	rem	x8,x26,x29	 x26:0x00000200 x29:0x6cb38757  x8=0xfffffc83
     422025.000 ns	     42201	80008cac	215f1053	fsgnjn.s	f0,f30,f21	 f30:0x7f800000 f21:0x00000000  f0=0xff800000
     422045.000 ns	     42203	80008cb0	7517ec93	ori	x25,x15,1873	 x15:0x6cb38450 x25=0x6cb38751
     422055.000 ns	     42204	80008cb4	0168b5b3	sltu	x11,x17,x22	 x17:0x00000000 x22:0xffffffe5 x11=0x00000001
     422065.000 ns	     42205	80008cb8	00dca3b3	slt	x7,x25,x13	 x25:0x03fffff1 x13:0x00000000  x7=0x00000000
     422075.000 ns	     42206	80008cbc	a87973b7	lui	x7,0xa8797	  x7=0xa8797000
     422085.000 ns	     42207	80008cc0	da787013	andi	x0,x16,-601	 x16:0x80040fe4
     422095.000 ns	     42208	80008cc4	00c51333	sll	x6,x10,x12	 x10:0x2bc4162d x12:0x00000000  x6=0x2bc4162d
     422115.000 ns	     42210	80008cc8	29e91bd3	fmax.s	f23,f18,f30	 f18:0x80000000 f30:0x7f800000 f23=0x7f800000
     422145.000 ns	     42213	80008ccc	e00990d3	fclass.s	x1,f19	 f19:0x7fc00000  x1=0x00000200
     422165.000 ns	     42215	80008cd0	40b78533	sub	x10,x15,x11	 x15:0x6cb38450 x11:0x00000001 x10=0x6cb3844f
     422175.000 ns	     42216	80008cd4	41008033	sub	x0,x1,x16	  x1:0x00000200 x16:0x80040fe4
     422195.000 ns	     42218	80008cd8	023186b3	mul	x13,x3,x3	  x3:0x00000397  x3:0x00000397 x13=0x000ce311
     422235.000 ns	     42222	80008cdc	119325d3	fmul.s	f11,f6,f25	  f6:0x00000000 f25:0x000003b7 f11=0x00000000
     422255.000 ns	     42224	80008ce0	008e5fb3	srl	x31,x28,x8	 x28:0x00000000  x8:0xfffffc83 x31=0x00000000
     422265.000 ns	     42225	80008ce4	01d2d993	srli	x19,x5,0x1d	  x5:0x80041024 x19=0x00000004
     422275.000 ns	     42226	80008ce8	fc75a317	auipc	x6,0xfc75a	  x6=0x7c762ce8
     422295.000 ns	     42228	80008cec	20412a53	fsgnjx.s	f20,f2,f4	  f2:0x80000000  f4:0x80000000 f20=0x00000000
     422315.000 ns	     42230	80008cf0	41f33493	sltiu	x9,x6,1055	  x6:0x2bc4162d  x9=0x00000000
     422325.000 ns	     42231	80008cf4	40b9dcb3	sra	x25,x19,x11	 x19:0x00000004 x11:0x00000001 x25=0x00000002
     422345.000 ns	     42233	80008cf8	029e11b3	mulh	x3,x28,x9	 x28:0x00000000  x9:0x6cb38757  x3=0x00000000
     422375.000 ns	     42236	80008cfc	21f087d3	fsgnj.s	f15,f1,f31	  f1:0xff800000 f31:0x80000000 f15=0xff800000
     422405.000 ns	     42239	80008d00	d00df253	fcvt.s.w	f4,x27	 x27:0xf9af2af0  f4=0xccca1aa2
     422435.000 ns	     42242	80008d04	a0661453	flt.s	x8,f12,f6	 f12:0xc6af314d  f6:0x00000000  x8=0x00000001
     422455.000 ns	     42244	80008d08	c4df0193	addi	x3,x30,-947	 x30:0x00000001  x3=0xfffffc4e
     422465.000 ns	     42245	80008d0c	01173933	sltu	x18,x14,x17	 x14:0x00000000 x17:0x00000000 x18=0x00000000
     422475.000 ns	     42246	80008d10	00000013	addi	x0,x0,0	  x0:0x00000000
     422485.000 ns	     42247	80008d14	93ea6493	ori	x9,x20,-1730	 x20:0x80040fe4  x9=0xfffffffe
     422495.000 ns	     42248	80008d18	f080d397	auipc	x7,0xf080d	  x7=0x70815d18
     422535.000 ns	     42252	80008d1c	002576d3	fadd.s	f13,f10,f2	 f10:0x471c8d9f  f2:0x80000000 f13=0x471c8d9f
     422555.000 ns	     42254	80008d20	41e65b93	srai	x23,x12,0x1e	 x12:0x00000000 x23=0x00000000
     422565.000 ns	     42255	80008d24	969d2193	slti	x3,x26,-1687	 x26:0xfffffc83  x3=0x00000000
     422585.000 ns	     42257	80008d28	d010f053	fcvt.s.wu	f0,x1	  x1:0x00000200  f0=0x44000000
     422605.000 ns	     42259	80008d2c	41ff8eb3	sub	x29,x31,x31	 x31:0x00000000 x31:0x00000000 x29=0x00000000
     422625.000 ns	     42261	80008d30	a13026d3	feq.s	x13,f0,f19	  f0:0x44000000 f19:0x7fc00000 x13=0x00000000
     422645.000 ns	     42263	80008d34	019a9433	sll	x8,x21,x25	 x21:0x00000000 x25:0x00000002  x8=0x00000000
     422665.000 ns	     42265	80008d38	d0157b53	fcvt.s.wu	f22,x10	 x10:0x6cb3844f f22=0x4ed96708
     422685.000 ns	     42267	80008d3c	31e53a13	sltiu	x20,x10,798	 x10:0x6cb3844f x20=0x00000000
     422695.000 ns	     42268	80008d40	dfdab513	sltiu	x10,x21,-515	 x21:0x00000000 x10=0x00000001
     422705.000 ns	     42269	80008d44	01efd0b3	srl	x1,x31,x30	 x31:0x00000000 x30:0x00000001  x1=0x00000000
     422725.000 ns	     42271	80008d48	29af11d3	fmax.s	f3,f30,f26	 f30:0x7f800000 f26:0xff800000  f3=0x7f800000
     422765.000 ns	     42275	80008d4c	197f86d3	fdiv.s	f13,f31,f23	 f31:0x80000000 f23:0x7f800000 f13=0x80000000
     422785.000 ns	     42277	80008d50	011af6b3	and	x13,x21,x17	 x21:0x00000000 x17:0x00000000 x13=0x00000000
     422795.000 ns	     42278	80008d54	adc32d13	slti	x26,x6,-1316	  x6:0x7c762ce8 x26=0x00000000
     422805.000 ns	     42279	80008d58	005c44b3	xor	x9,x24,x5	 x24:0x00000000  x5:0x80041024  x9=0x80041024
     422815.000 ns	     42280	80008d5c	5b079ab7	lui	x21,0x5b079	 x21=0x5b079000
     422845.000 ns	     42283	80008d60	11530153	fmul.s	f2,f6,f21	  f6:0x00000000 f21:0x00000000  f2=0x00000000
     423215.000 ns	     42320	80008d64	039fd1b3	divu	x3,x31,x25	 x31:0x00000000 x25:0x00000002  x3=0x00000000
     423245.000 ns	     42323	80008d68	c0060453	fcvt.w.s	x8,f12	 f12:0xc6af314d  x8=0xffffa867
     423275.000 ns	     42326	80008d6c	d0007cd3	fcvt.s.w	f25,x0	  x0:0x00000000 f25=0x00000000
     423305.000 ns	     42329	80008d70	f0040cd3	fmv.w.x	f25,x8	  x8:0xffffa867 f25=0xffffa867
     423325.000 ns	     42331	80008d74	000185b3	add	x11,x3,x0	  x3:0x00000000  x0:0x00000000 x11=0x00000000
     423355.000 ns	     42334	80008d78	580d3653	fsqrt.s	f12,f26	 f26:0xff800000 f12=0x7fc00000
     423385.000 ns	     42337	80008d7c	03889ab3	mulh	x21,x17,x24	 x17:0x00000000 x24:0x00000000 x21=0x00000000
     423405.000 ns	     42339	80008d80	facd8393	addi	x7,x27,-84	 x27:0xf9af2af0  x7=0xf9af2a9c
     423425.000 ns	     42341	80008d84	a0f626d3	feq.s	x13,f12,f15	 f12:0x7fc00000 f15:0xff800000 x13=0x00000000
     423445.000 ns	     42343	80008d88	eb3bef93	ori	x31,x23,-333	 x23:0x00000000 x31=0xfffffeb3
     423465.000 ns	     42345	80008d8c	e00e0ed3	fmv.x.w	x29,f28	 f28:0x80000000 x29=0x80000000
     423485.000 ns	     42347	80008d90	18c43513	sltiu	x10,x8,396	  x8:0xffffa867 x10=0x00000000
     423505.000 ns	     42349	80008d94	030f00b3	mul	x1,x30,x16	 x30:0x00000001 x16:0x80040fe4  x1=0x80040fe4
     423875.000 ns	     42386	80008d98	02264ab3	div	x21,x12,x2	 x12:0x00000000  x2:0x000000c2 x21=0x00000000
     423895.000 ns	     42388	80008d9c	a854ac13	slti	x24,x9,-1403	  x9:0x80041024 x24=0x00000001
     423915.000 ns	     42390	80008da0	03d41033	mulh	x0,x8,x29	  x8:0xffffa867 x29:0x80000000
     423935.000 ns	     42392	80008da4	00519793	slli	x15,x3,0x5	  x3:0x00000000 x15=0x00000000
     423955.000 ns	     42394	80008da8	e00c83d3	fmv.x.w	x7,f25	 f25:0xffffa867  x7=0xffffa867
     423985.000 ns	     42397	80008dac	c01bf953	fcvt.wu.s	x18,f23	 f23:0x7f800000 x18=0xffffffff
     424015.000 ns	     42400	80008db0	f00e0c53	fmv.w.x	f24,x28	 x28:0x00000000 f24=0x00000000
     424035.000 ns	     42402	80008db4	d83a8d13	addi	x26,x21,-637	 x21:0x00000000 x26=0xfffffd83
     424045.000 ns	     42403	80008db8	2d7cca13	xori	x20,x25,727	 x25:0x00000002 x20=0x000002d5
     424085.000 ns	     42407	80008dbc	0192fed3	fadd.s	f29,f5,f25	  f5:0x00000000 f25:0xffffa867 f29=0x7fc00000
     424105.000 ns	     42409	80008dc0	c422b6b7	lui	x13,0xc422b	 x13=0xc422b000
     424115.000 ns	     42410	80008dc4	0050fa33	and	x20,x1,x5	  x1:0x80040fe4  x5:0x80041024 x20=0x80040024
     424135.000 ns	     42412	80008dc8	218e1bd3	fsgnjn.s	f23,f28,f24	 f28:0x80000000 f24:0x00000000 f23=0x80000000
     424165.000 ns	     42415	80008dcc	03c1e333	rem	x6,x3,x28	  x3:0x00000000 x28:0x00000000  x6=0x00000000
     424195.000 ns	     42418	80008dd0	d0129753	fcvt.s.wu	f14,x5	  x5:0x80041024 f14=0x4f000410
     424215.000 ns	     42420	80008dd4	1c6ece93	xori	x29,x29,454	 x29:0x80000000 x29=0x800001c6
     424225.000 ns	     42421	80008dd8	bd472b93	slti	x23,x14,-1068	 x14:0x00000000 x23=0x00000000
     424245.000 ns	     42423	80008ddc	280a80d3	fmin.s	f1,f21,f0	 f21:0x00000000  f0:0x44000000  f1=0x00000000
     424275.000 ns	     42426	80008de0	a11315d3	flt.s	x11,f6,f17	  f6:0x00000000 f17:0x7f800000 x11=0x00000001
     424295.000 ns	     42428	80008de4	416f08b3	sub	x17,x30,x22	 x30:0x00000001 x22:0xffffffe5 x17=0x0000001c
     424315.000 ns	     42430	80008de8	02b92cb3	mulhsu	x25,x18,x11	 x18:0xffffffff x11:0x00000001 x25=0xffffffff
     424335.000 ns	     42432	80008dec	41840ab3	sub	x21,x8,x24	  x8:0xffffa867 x24:0x00000001 x21=0xffffa866
     424345.000 ns	     42433	80008df0	91058913	addi	x18,x11,-1776	 x11:0x00000001 x18=0xfffff911
     424365.000 ns	     42435	80008df4	d0099253	fcvt.s.w	f4,x19	 x19:0x00000004  f4=0x40800000
     424395.000 ns	     42438	80008df8	f0000e53	fmv.w.x	f28,x0	  x0:0x00000000 f28=0x00000000
     424425.000 ns	     42441	80008dfc	e00480d3	fmv.x.w	x1,f9	  f9:0x80000000  x1=0x80000000
     424445.000 ns	     42443	80008e00	2a897a17	auipc	x20,0x2a897	 x20=0xaa89fe00
     424465.000 ns	     42445	80008e04	20632d53	fsgnjx.s	f26,f6,f6	  f6:0x00000000  f6:0x00000000 f26=0x00000000
     424485.000 ns	     42447	80008e08	015c98b3	sll	x17,x25,x21	 x25:0xffffffff x21:0xffffa866 x17=0xffffffc0
     424495.000 ns	     42448	80008e0c	0026a0b3	slt	x1,x13,x2	 x13:0xc422b000  x2:0x000000c2  x1=0x00000001
     424515.000 ns	     42450	80008e10	f00c0b53	fmv.w.x	f22,x24	 x24:0x00000001 f22=0x00000001
     424545.000 ns	     42453	80008e14	d012f9d3	fcvt.s.wu	f19,x5	  x5:0x80041024 f19=0x4f000410
     424575.000 ns	     42456	80008e18	02ed3733	mulhu	x14,x26,x14	 x26:0xfffffd83 x14:0x00000000 x14=0x00000000
     424605.000 ns	     42459	80008e1c	e00814d3	fclass.s	x9,f16	 f16:0x7f800000  x9=0x00000080
     424625.000 ns	     42461	80008e20	00995d13	srli	x26,x18,0x9	 x18:0xfffff911 x26=0x007ffffc
     424635.000 ns	     42462	80008e24	9bc0c517	auipc	x10,0x9bc0c	 x10=0x1bc14e24
     424655.000 ns	     42464	80008e28	e00a08d3	fmv.x.w	x17,f20	 f20:0x00000000 x17=0x00000000
     424705.000 ns	     42469	80008e2c	0996acd3	fsub.s	f25,f13,f25	 f13:0x80000000 f25:0xffffa867 f25=0x7fc00000
     425075.000 ns	     42506	80008e30	02bcc733	div	x14,x25,x11	 x25:0xffffffff x11:0x00000001 x14=0xffffffff
     425105.000 ns	     42509	80008e34	21579d53	fsgnjn.s	f26,f15,f21	 f15:0xff800000 f21:0x00000000 f26=0xff800000
     425135.000 ns	     42512	80008e38	29401dd3	fmax.s	f27,f0,f20	  f0:0x44000000 f20:0x00000000 f27=0x44000000
     425165.000 ns	     42515	80008e3c	025b96b3	mulh	x13,x23,x5	 x23:0x00000000  x5:0x80041024 x13=0x00000000
     425205.000 ns	     42519	80008e40	109783d3	fmul.s	f7,f15,f9	 f15:0xff800000  f9:0x80000000  f7=0x7fc00000
     425225.000 ns	     42521	80008e44	00000013	addi	x0,x0,0	  x0:0x00000000
     425245.000 ns	     42523	80008e48	a0bfa353	feq.s	x6,f31,f11	 f31:0x80000000 f11:0x00000000  x6=0x00000001
     425285.000 ns	     42527	80008e4c	19e5f153	fdiv.s	f2,f11,f30	 f11:0x00000000 f30:0x7f800000  f2=0x00000000
     425655.000 ns	     42564	80008e50	0333d7b3	divu	x15,x7,x19	  x7:0xffffa867 x19:0x00000004 x15=0x3fffea19
     425675.000 ns	     42566	80008e54	00b5bfb3	sltu	x31,x11,x11	 x11:0x00000001 x11:0x00000001 x31=0x00000000
     425705.000 ns	     42569	80008e58	191e23d3	fdiv.s	f7,f28,f17	 f28:0x00000000 f17:0x7f800000  f7=0x00000000
     425735.000 ns	     42572	80008e5c	202f8f53	fsgnj.s	f30,f31,f2	 f31:0x80000000  f2:0x00000000 f30=0x00000000
     425785.000 ns	     42577	80008e60	091a99d3	fsub.s	f19,f21,f17	 f21:0x00000000 f17:0x7f800000 f19=0xff800000
     425815.000 ns	     42580	80008e64	02871133	mulh	x2,x14,x8	 x14:0xffffffff  x8:0xffffa867  x2=0x00000000
     425835.000 ns	     42582	80008e68	01580ab3	add	x21,x16,x21	 x16:0x80040fe4 x21:0xffffa866 x21=0x8003b84a
     425855.000 ns	     42584	80008e6c	02dfa1b3	mulhsu	x3,x31,x13	 x31:0x00000000 x13:0x00000000  x3=0x00000000
     427035.000 ns	     42702	80008e70	58004ed3	fsqrt.s	f29,f0	  f0:0x44000000 f29=0x41350482
     428215.000 ns	     42820	80008e74	580dfc53	fsqrt.s	f24,f27	 f27:0x44000000 f24=0x41350482
     428245.000 ns	     42823	80008e78	0213ad33	mulhsu	x26,x7,x1	  x7:0xffffa867  x1:0x00000001 x26=0xffffffff
     428275.000 ns	     42826	80008e7c	a037aa53	feq.s	x20,f15,f3	 f15:0xff800000  f3:0x7f800000 x20=0x00000000
     428305.000 ns	     42829	80008e80	202c9ad3	fsgnjn.s	f21,f25,f2	 f25:0x7fc00000  f2:0x00000000 f21=0xffc00000
     428335.000 ns	     42832	80008e84	21ca2353	fsgnjx.s	f6,f20,f28	 f20:0x00000000 f28:0x00000000  f6=0x00000000
     428705.000 ns	     42869	80008e88	0216e9b3	rem	x19,x13,x1	 x13:0x00000000  x1:0x00000001 x19=0x00000000
     428735.000 ns	     42872	80008e8c	a1218fd3	fle.s	x31,f3,f18	  f3:0x7f800000 f18:0x80000000 x31=0x00000000
     428755.000 ns	     42874	80008e90	00de0733	add	x14,x28,x13	 x28:0x00000000 x13:0x00000000 x14=0x00000000
     428775.000 ns	     42876	80008e94	20fa9ed3	fsgnjn.s	f29,f21,f15	 f21:0xffc00000 f15:0xff800000 f29=0x7fc00000
     428805.000 ns	     42879	80008e98	f00303d3	fmv.w.x	f7,x6	  x6:0x00000001  f7=0x00000001
     428825.000 ns	     42881	80008e9c	66138513	addi	x10,x7,1633	  x7:0xffffa867 x10=0xffffaec8
     428835.000 ns	     42882	80008ea0	14e8a613	slti	x12,x17,334	 x17:0x00000000 x12=0x00000001
     428855.000 ns	     42884	80008ea4	a12fa753	feq.s	x14,f31,f18	 f31:0x80000000 f18:0x80000000 x14=0x00000001
     428875.000 ns	     42886	80008ea8	b14f8eb7	lui	x29,0xb14f8	 x29=0xb14f8000
     428885.000 ns	     42887	80008eac	92cabe37	lui	x28,0x92cab	 x28=0x92cab000
     428915.000 ns	     42890	80008eb0	5807a053	fsqrt.s	f0,f15	 f15:0xff800000  f0=0x7fc00000
     428935.000 ns	     42892	80008eb4	b9f54e13	xori	x28,x10,-1121	 x10:0xffffaec8 x28=0x00005557
     428945.000 ns	     42893	80008eb8	d1136e13	ori	x28,x6,-751	  x6:0x00000001 x28=0xfffffd11
     428965.000 ns	     42895	80008ebc	c00276d3	fcvt.w.s	x13,f4	  f4:0x40800000 x13=0x00000004
     428995.000 ns	     42898	80008ec0	03c38f33	mul	x30,x7,x28	  x7:0xffffa867 x28:0x00005557 x30=0x0100f9d7
     429015.000 ns	     42900	80008ec4	5c3f3913	sltiu	x18,x30,1475	 x30:0x00000001 x18=0x00000000
     429035.000 ns	     42902	80008ec8	0254b033	mulhu	x0,x9,x5	  x9:0x00000080  x5:0x80041024
     429065.000 ns	     42905	80008ecc	21fa0a53	fsgnj.s	f20,f20,f31	 f20:0x00000000 f31:0x80000000 f20=0x80000000
     429085.000 ns	     42907	80008ed0	965a7117	auipc	x2,0x965a7	  x2=0x165afed0
     429105.000 ns	     42909	80008ed4	d009fdd3	fcvt.s.w	f27,x19	 x19:0x00000000 f27=0x00000000
     429125.000 ns	     42911	80008ed8	4a0c4e13	xori	x28,x24,1184	 x24:0x00000001 x28=0x000004a1
     429155.000 ns	     42914	80008edc	192a3c53	fdiv.s	f24,f20,f18	 f20:0x80000000 f18:0x80000000 f24=0x7fc00000
     429185.000 ns	     42917	80008ee0	e00a0ed3	fmv.x.w	x29,f20	 f20:0x80000000 x29=0x80000000
     429215.000 ns	     42920	80008ee4	03072b33	mulhsu	x22,x14,x16	 x14:0x00000001 x16:0x80040fe4 x22=0x00000000
     429235.000 ns	     42922	80008ee8	005925b3	slt	x11,x18,x5	 x18:0x00000000  x5:0x80041024 x11=0x00000000
     429245.000 ns	     42923	80008eec	41435b13	srai	x22,x6,0x14	  x6:0x00000001 x22=0x00000000
     429265.000 ns	     42925	80008ef0	a185a4d3	feq.s	x9,f11,f24	 f11:0x00000000 f24:0x7fc00000  x9=0x00000000
     429295.000 ns	     42928	80008ef4	023f7f33	remu	x30,x30,x3	 x30:0x0100f9d7  x3:0x00000000 x30=0x0100f9d7
     429335.000 ns	     42932	80008ef8	115189d3	fmul.s	f19,f3,f21	  f3:0x7f800000 f21:0xffc00000 f19=0x7fc00000
     429365.000 ns	     42935	80008efc	29978853	fmin.s	f16,f15,f25	 f15:0xff800000 f25:0x7fc00000 f16=0xff800000
     429385.000 ns	     42937	80008f00	008e1933	sll	x18,x28,x8	 x28:0x000004a1  x8:0xffffa867 x18=0x00025080
     429395.000 ns	     42938	80008f04	012b96b3	sll	x13,x23,x18	 x23:0x00000000 x18:0x00000000 x13=0x00000000
     429415.000 ns	     42940	80008f08	c00b7953	fcvt.w.s	x18,f22	 f22:0x00000001 x18=0x00000000
     430595.000 ns	     43058	80008f0c	58072f53	fsqrt.s	f30,f14	 f14:0x4f000410 f30=0x46b50a40
     430615.000 ns	     43060	80008f10	41ecdab3	sra	x21,x25,x30	 x25:0xffffffff x30:0x0100f9d7 x21=0xffffffff
     430625.000 ns	     43061	80008f14	01f680b3	add	x1,x13,x31	 x13:0x00000000 x31:0x00000000  x1=0x00000000
     430645.000 ns	     43063	80008f18	c001c1d3	fcvt.w.s	x3,f3	  f3:0x7f800000  x3=0x7fffffff
     430665.000 ns	     43065	80008f1c	41cc5ab3	sra	x21,x24,x28	 x24:0x00000001 x28:0x000004a1 x21=0x00000000
     430675.000 ns	     43066	80008f20	00e85893	srli	x17,x16,0xe	 x16:0x80040fe4 x17=0x00020010
     430695.000 ns	     43068	80008f24	f0078253	fmv.w.x	f4,x15	 x15:0x3fffea19  f4=0x3fffea19
     430725.000 ns	     43071	80008f28	c01af453	fcvt.wu.s	x8,f21	 f21:0xffc00000  x8=0xffffffff
     430755.000 ns	     43074	80008f2c	20d52fd3	fsgnjx.s	f31,f10,f13	 f10:0x471c8d9f f13:0x80000000 f31=0xc71c8d9f
     430785.000 ns	     43077	80008f30	21af97d3	fsgnjn.s	f15,f31,f26	 f31:0x80000000 f26:0xff800000 f15=0x471c8d9f
     430805.000 ns	     43079	80008f34	91150b93	addi	x23,x10,-1775	 x10:0xffffaec8 x23=0xffffa7d9
     430825.000 ns	     43081	80008f38	20ef18d3	fsgnjn.s	f17,f30,f14	 f30:0x46b50a40 f14:0x4f000410 f17=0xc6b50a40
     430845.000 ns	     43083	80008f3c	74d1a313	slti	x6,x3,1869	  x3:0x7fffffff  x6=0x00000000
     430865.000 ns	     43085	80008f40	d011fd53	fcvt.s.wu	f26,x3	  x3:0x7fffffff f26=0x4effffff
     430895.000 ns	     43088	80008f44	a169a953	feq.s	x18,f19,f22	 f19:0x7fc00000 f22:0x00000001 x18=0x00000000
     430925.000 ns	     43091	80008f48	c0019353	fcvt.w.s	x6,f3	  f3:0x7f800000  x6=0x7fffffff
     430945.000 ns	     43093	80008f4c	c5e48797	auipc	x15,0xc5e48	 x15=0x45e50f4c
     430975.000 ns	     43096	80008f50	19da9ed3	fdiv.s	f29,f21,f29	 f21:0xffc00000 f29:0x7fc00000 f29=0x7fc00000
     431005.000 ns	     43099	80008f54	208ea053	fsgnjx.s	f0,f29,f8	 f29:0x7fc00000  f8:0x7f800000  f0=0x7fc00000
     431025.000 ns	     43101	80008f58	0194fcb3	and	x25,x9,x25	  x9:0x00000000 x25:0xffffffff x25=0x00000000
     431035.000 ns	     43102	80008f5c	df372f13	slti	x30,x14,-525	 x14:0x00000001 x30=0x00000000
     431055.000 ns	     43104	80008f60	2123a2d3	fsgnjx.s	f5,f7,f18	  f7:0x00000001 f18:0x80000000  f5=0x80000001
     431095.000 ns	     43108	80008f64	19850bd3	fdiv.s	f23,f10,f24	 f10:0x471c8d9f f24:0x7fc00000 f23=0x7fc00000
     431465.000 ns	     43145	80008f68	025ac133	div	x2,x21,x5	 x21:0x00000000  x5:0x80041024  x2=0x00000000
     431485.000 ns	     43147	80008f6c	01337d33	and	x26,x6,x19	  x6:0x7fffffff x19:0x00000000 x26=0x00000000
     431505.000 ns	     43149	80008f70	29fe8553	fmin.s	f10,f29,f31	 f29:0x7fc00000 f31:0xc71c8d9f f10=0xc71c8d9f
     431555.000 ns	     43154	80008f74	099cf4d3	fsub.s	f9,f25,f25	 f25:0x7fc00000 f25:0x7fc00000  f9=0x7fc00000
     431575.000 ns	     43156	80008f78	4085deb3	sra	x29,x11,x8	 x11:0x00000000  x8:0xffffffff x29=0x00000000
     431585.000 ns	     43157	80008f7c	0156fab3	and	x21,x13,x21	 x13:0x00000000 x21:0x00000000 x21=0x00000000
     431595.000 ns	     43158	80008f80	0010beb3	sltu	x29,x1,x1	  x1:0x00000000  x1:0x00000000 x29=0x00000000
     431625.000 ns	     43161	80008f84	11ba3b53	fmul.s	f22,f20,f27	 f20:0x80000000 f27:0x00000000 f22=0x80000000
     431645.000 ns	     43163	80008f88	018eb4b3	sltu	x9,x29,x24	 x29:0x00000000 x24:0x00000001  x9=0x00000001
     431655.000 ns	     43164	80008f8c	00491f33	sll	x30,x18,x4	 x18:0x00000000  x4:0xe5cd7000 x30=0x00000000
     431675.000 ns	     43166	80008f90	d011b1d3	fcvt.s.wu	f3,x3	  x3:0x7fffffff  f3=0x4f000000
     431715.000 ns	     43170	80008f94	185cf2d3	fdiv.s	f5,f25,f5	 f25:0x7fc00000  f5:0x80000001  f5=0x7fc00000
     431765.000 ns	     43175	80008f98	095aac53	fsub.s	f24,f21,f21	 f21:0xffc00000 f21:0xffc00000 f24=0x7fc00000
     431785.000 ns	     43177	80008f9c	5c7db393	sltiu	x7,x27,1479	 x27:0xf9af2af0  x7=0x00000000
     431795.000 ns	     43178	80008fa0	0174cf33	xor	x30,x9,x23	  x9:0x00000001 x23:0xffffa7d9 x30=0xffffa7d8
     431805.000 ns	     43179	80008fa4	018354b3	srl	x9,x6,x24	  x6:0x7fffffff x24:0x00000001  x9=0x3fffffff
     431825.000 ns	     43181	80008fa8	e00d8953	fmv.x.w	x18,f27	 f27:0x00000000 x18=0x00000000
     431845.000 ns	     43183	80008fac	c9823cb7	lui	x25,0xc9823	 x25=0xc9823000
     433015.000 ns	     43300	80008fb0	5803bd53	fsqrt.s	f26,f7	  f7:0x00000001 f26=0x1f350483
     433385.000 ns	     43337	80008fb4	0392ea33	rem	x20,x5,x25	  x5:0x80041024 x25:0x00000000 x20=0xecffb024
     433415.000 ns	     43340	80008fb8	d018f7d3	fcvt.s.wu	f15,x17	 x17:0x00020010 f15=0x48000400
     433445.000 ns	     43343	80008fbc	039b1233	mulh	x4,x22,x25	 x22:0x00000000 x25:0xc9823000  x4=0x00000000
     433465.000 ns	     43345	80008fc0	41008333	sub	x6,x1,x16	  x1:0x00000000 x16:0x80040fe4  x6=0x7ffbf01c
     433485.000 ns	     43347	80008fc4	203e2ad3	fsgnjx.s	f21,f28,f3	 f28:0x00000000  f3:0x4f000000 f21=0x00000000
     433505.000 ns	     43349	80008fc8	c4832117	auipc	x2,0xc4832	  x2=0x4483afc8
     433865.000 ns	     43385	80008fcc	034b43b3	div	x7,x22,x20	 x22:0x00000000 x20:0xecffb024  x7=0x00000000
     433915.000 ns	     43390	80008fd0	018c97d3	fadd.s	f15,f25,f24	 f25:0x7fc00000 f24:0x7fc00000 f15=0x7fc00000
     433945.000 ns	     43393	80008fd4	024c3933	mulhu	x18,x24,x4	 x24:0x00000001  x4:0x00000000 x18=0x00000000
     433975.000 ns	     43396	80008fd8	02ba1233	mulh	x4,x20,x11	 x20:0xecffb024 x11:0x00000000  x4=0x00000000
     433995.000 ns	     43398	80008fdc	210e7517	auipc	x10,0x210e7	 x10=0xa10effdc
     434015.000 ns	     43400	80008fe0	0214fc33	remu	x24,x9,x1	  x9:0x3fffffff  x1:0x00000000 x24=0x3fffffff
     434045.000 ns	     43403	80008fe4	03163133	mulhu	x2,x12,x17	 x12:0x00000001 x17:0x00020010  x2=0x00000000
     434075.000 ns	     43406	80008fe8	287a88d3	fmin.s	f17,f21,f7	 f21:0x00000000  f7:0x00000001 f17=0x00000000
     434105.000 ns	     43409	80008fec	c01ccc53	fcvt.wu.s	x24,f25	 f25:0x7fc00000 x24=0xffffffff
     434145.000 ns	     43413	80008ff0	18527653	fdiv.s	f12,f4,f5	  f4:0x3fffea19  f5:0x7fc00000 f12=0x7fc00000
     434165.000 ns	     43415	80008ff4	01491193	slli	x3,x18,0x14	 x18:0x00000000  x3=0x00000000
     434205.000 ns	     43419	80008ff8	01b10853	fadd.s	f16,f2,f27	  f2:0x00000000 f27:0x00000000 f16=0x00000000
     434235.000 ns	     43422	80008ffc	c0037653	fcvt.w.s	x12,f6	  f6:0x00000000 x12=0x00000000
     434265.000 ns	     43425	80009000	c01746d3	fcvt.wu.s	x13,f14	 f14:0x4f000410 x13=0x80041000
     434635.000 ns	     43462	80009004	0378e0b3	rem	x1,x17,x23	 x17:0x00020010 x23:0xffffa7d9  x1=0x0000474d
     434665.000 ns	     43465	80009008	f00501d3	fmv.w.x	f3,x10	 x10:0xa10effdc  f3=0xa10effdc
     434695.000 ns	     43468	8000900c	02c4a1b3	mulhsu	x3,x9,x12	  x9:0x3fffffff x12:0x00000000  x3=0x00000000
     434715.000 ns	     43470	80009010	4126d993	srai	x19,x13,0x12	 x13:0x80041000 x19=0xffffe001
     434735.000 ns	     43472	80009014	c0067b53	fcvt.w.s	x22,f12	 f12:0x7fc00000 x22=0x7fffffff
     434755.000 ns	     43474	80009018	00184e33	xor	x28,x16,x1	 x16:0x80040fe4  x1:0x0000474d x28=0x800448a9
     434765.000 ns	     43475	8000901c	00631b13	slli	x22,x6,0x6	  x6:0x7ffbf01c x22=0xfefc0700
     434775.000 ns	     43476	80009020	008ef233	and	x4,x29,x8	 x29:0x00000000  x8:0xffffffff  x4=0x00000000
     434795.000 ns	     43478	80009024	c011fcd3	fcvt.wu.s	x25,f3	  f3:0xa10effdc x25=0x00000000
     434815.000 ns	     43480	80009028	2b616693	ori	x13,x2,694	  x2:0x00000000 x13=0x000002b6
     434835.000 ns	     43482	8000902c	039d9e33	mulh	x28,x27,x25	 x27:0xf9af2af0 x25:0x00000000 x28=0x00000000
     434865.000 ns	     43485	80009030	c0127053	fcvt.wu.s	x0,f4	  f4:0x3fffea19
     434895.000 ns	     43488	80009034	a0bc27d3	feq.s	x15,f24,f11	 f24:0x7fc00000 f11:0x00000000 x15=0x00000000
     434915.000 ns	     43490	80009038	40275713	srai	x14,x14,0x2	 x14:0x00000001 x14=0x00000000
     434925.000 ns	     43491	8000903c	7e04ef93	ori	x31,x9,2016	  x9:0x3fffffff x31=0x3fffffff
     434945.000 ns	     43493	80009040	03be88b3	mul	x17,x29,x27	 x29:0x00000000 x27:0xf9af2af0 x17=0x00000000
     434965.000 ns	     43495	80009044	010f4533	xor	x10,x30,x16	 x30:0xffffa7d8 x16:0x80040fe4 x10=0x7ffba83c
     434975.000 ns	     43496	80009048	8114e593	ori	x11,x9,-2031	  x9:0x3fffffff x11=0xffffffff
     434985.000 ns	     43497	8000904c	2fe0a713	slti	x14,x1,766	  x1:0x0000474d x14=0x00000000
     435015.000 ns	     43500	80009050	11987353	fmul.s	f6,f16,f25	 f16:0x00000000 f25:0x7fc00000  f6=0x7fc00000
     435035.000 ns	     43502	80009054	003e1cb3	sll	x25,x28,x3	 x28:0x00000000  x3:0x00000000 x25=0x00000000
     435055.000 ns	     43504	80009058	d01cf7d3	fcvt.s.wu	f15,x25	 x25:0x00000000 f15=0x00000000
     435085.000 ns	     43507	8000905c	0306ad33	mulhsu	x26,x13,x16	 x13:0x000002b6 x16:0x80040fe4 x26=0x0000015b
     435115.000 ns	     43510	80009060	c002fad3	fcvt.w.s	x21,f5	  f5:0x7fc00000 x21=0x7fffffff
     435485.000 ns	     43547	80009064	02aa6333	rem	x6,x20,x10	 x20:0xecffb024 x10:0x7ffba83c  x6=0xecffb024
     435525.000 ns	     43551	80009068	1995bcd3	fdiv.s	f25,f11,f25	 f11:0x00000000 f25:0x7fc00000 f25=0x7fc00000
     435555.000 ns	     43554	8000906c	02853633	mulhu	x12,x10,x8	 x10:0x7ffba83c  x8:0xffffffff x12=0x7ffba83b
     435585.000 ns	     43557	80009070	c012f153	fcvt.wu.s	x2,f5	  f5:0x7fc00000  x2=0xffffffff
     435615.000 ns	     43560	80009074	20a30d53	fsgnj.s	f26,f6,f10	  f6:0x7fc00000 f10:0xc71c8d9f f26=0xffc00000
     435655.000 ns	     43564	80009078	104b7dd3	fmul.s	f27,f22,f4	 f22:0x80000000  f4:0x3fffea19 f27=0x80000000
     435695.000 ns	     43568	8000907c	19bcf9d3	fdiv.s	f19,f25,f27	 f25:0x7fc00000 f27:0x00000000 f19=0x7fc00000
     435715.000 ns	     43570	80009080	018c7cb3	and	x25,x24,x24	 x24:0xffffffff x24:0xffffffff x25=0xffffffff
     435725.000 ns	     43571	80009084	e71aec93	ori	x25,x21,-399	 x21:0x7fffffff x25=0xffffffff
     435745.000 ns	     43573	80009088	03658333	mul	x6,x11,x22	 x11:0xffffffff x22:0xfefc0700  x6=0x0103f900
     435765.000 ns	     43575	8000908c	00000013	addi	x0,x0,0	  x0:0x00000000
     435785.000 ns	     43577	80009090	03adb9b3	mulhu	x19,x27,x26	 x27:0xf9af2af0 x26:0x0000015b x19=0x00000152
     435835.000 ns	     43582	80009094	012176d3	fadd.s	f13,f2,f18	  f2:0x00000000 f18:0x80000000 f13=0x80000000
     435855.000 ns	     43584	80009098	009b4333	xor	x6,x22,x9	 x22:0xfefc0700  x9:0x3fffffff  x6=0xc103f8ff
     436215.000 ns	     43620	8000909c	037b4133	div	x2,x22,x23	 x22:0xfefc0700 x23:0xffffa7d9  x2=0x000002f2
     436245.000 ns	     43623	800090a0	c01b41d3	fcvt.wu.s	x3,f22	 f22:0x80000000  x3=0x00000000
     436275.000 ns	     43626	800090a4	f0080453	fmv.w.x	f8,x16	 x16:0x80040fe4  f8=0x80040fe4
     436305.000 ns	     43629	800090a8	f0060b53	fmv.w.x	f22,x12	 x12:0x7ffba83b f22=0x7ffba83b
     436325.000 ns	     43631	800090ac	00425a93	srli	x21,x4,0x4	  x4:0x00000000 x21=0x00000000
     436365.000 ns	     43635	800090b0	09567a53	fsub.s	f20,f12,f21	 f12:0x7fc00000 f21:0x00000000 f20=0x7fc00000
     436385.000 ns	     43637	800090b4	0018a3b3	slt	x7,x17,x1	 x17:0x00000000  x1:0x0000474d  x7=0x00000001
     436415.000 ns	     43640	800090b8	181ffad3	fdiv.s	f21,f31,f1	 f31:0xc71c8d9f  f1:0x00000000 f21=0xff800000
     436445.000 ns	     43643	800090bc	0320c7b3	div	x15,x1,x18	  x1:0x0000474d x18:0x00000000 x15=0xffffffff
     436475.000 ns	     43646	800090c0	a0081b53	flt.s	x22,f16,f0	 f16:0x00000000  f0:0x7fc00000 x22=0x00000000
     436845.000 ns	     43683	800090c4	022c6ab3	rem	x21,x24,x2	 x24:0xffffffff  x2:0x000002f2 x21=0xffffffff
     436875.000 ns	     43686	800090c8	02396e33	rem	x28,x18,x3	 x18:0x00000000  x3:0x00000000 x28=0x00000000
     436905.000 ns	     43689	800090cc	210982d3	fsgnj.s	f5,f19,f16	 f19:0x7fc00000 f16:0x00000000  f5=0x7fc00000
     436925.000 ns	     43691	800090d0	018781b3	add	x3,x15,x24	 x15:0xffffffff x24:0xffffffff  x3=0xfffffffe
     436935.000 ns	     43692	800090d4	72424513	xori	x10,x4,1828	  x4:0x00000000 x10=0x00000724
     436955.000 ns	     43694	800090d8	d0097453	fcvt.s.w	f8,x18	 x18:0x00000000  f8=0x00000000
     436985.000 ns	     43697	800090dc	0312d5b3	divu	x11,x5,x17	  x5:0x80041024 x17:0x00000000 x11=0xffffffff
     437005.000 ns	     43699	800090e0	3cfe2613	slti	x12,x28,975	 x28:0x00000000 x12=0x00000001
     437015.000 ns	     43700	800090e4	155b9237	lui	x4,0x155b9	  x4=0x155b9000
     437045.000 ns	     43703	800090e8	10e57c53	fmul.s	f24,f10,f14	 f10:0xc71c8d9f f14:0x4f000410 f24=0xd69c9296
     437075.000 ns	     43706	800090ec	282299d3	fmax.s	f19,f5,f2	  f5:0x7fc00000  f2:0x00000000 f19=0x00000000
     437095.000 ns	     43708	800090f0	01c3d793	srli	x15,x7,0x1c	  x7:0x00000001 x15=0x00000000
     437115.000 ns	     43710	800090f4	02e455b3	divu	x11,x8,x14	  x8:0xffffffff x14:0x00000000 x11=0xffffffff
     437145.000 ns	     43713	800090f8	d006f853	fcvt.s.w	f16,x13	 x13:0x000002b6 f16=0x442d8000
     437175.000 ns	     43716	800090fc	e00b1d53	fclass.s	x26,f22	 f22:0x7ffba83b x26=0x00000200
     437195.000 ns	     43718	80009100	0148ab33	slt	x22,x17,x20	 x17:0x00000000 x20:0xecffb024 x22=0x00000000
     437215.000 ns	     43720	80009104	d01408d3	fcvt.s.wu	f17,x8	  x8:0xffffffff f17=0x4f800000
     437245.000 ns	     43723	80009108	a0d088d3	fle.s	x17,f1,f13	  f1:0x00000000 f13:0x80000000 x17=0x00000001
     437265.000 ns	     43725	8000910c	00ea1893	slli	x17,x20,0xe	 x20:0xecffb024 x17=0xec090000
     437275.000 ns	     43726	80009110	00412c33	slt	x24,x2,x4	  x2:0x000002f2  x4:0x155b9000 x24=0x00000001
     437285.000 ns	     43727	80009114	00477013	andi	x0,x14,4	 x14:0x00000000
     437295.000 ns	     43728	80009118	00000013	addi	x0,x0,0	  x0:0x00000000
     437655.000 ns	     43764	8000911c	024b67b3	rem	x15,x22,x4	 x22:0x00000000  x4:0x155b9000 x15=0x00000000
     437685.000 ns	     43767	80009120	c00e7fd3	fcvt.w.s	x31,f28	 f28:0x00000000 x31=0x00000000
     437715.000 ns	     43770	80009124	290e0353	fmin.s	f6,f28,f16	 f28:0x00000000 f16:0x442d8000  f6=0x00000000
     437745.000 ns	     43773	80009128	d00413d3	fcvt.s.w	f7,x8	  x8:0xffffffff  f7=0xbf800000
     437765.000 ns	     43775	8000912c	407d5a13	srai	x20,x26,0x7	 x26:0x00000200 x20=0x00000004
     438125.000 ns	     43811	80009130	02a04933	div	x18,x0,x10	  x0:0x00000000 x10:0x00000724 x18=0x00000000
     438155.000 ns	     43814	80009134	d0004453	fcvt.s.w	f8,x0	  x0:0x00000000  f8=0x00000000
     438185.000 ns	     43817	80009138	f0048953	fmv.w.x	f18,x9	  x9:0x3fffffff f18=0x3fffffff
     438215.000 ns	     43820	8000913c	c00f0053	fcvt.w.s	x0,f30	 f30:0x46b50a40
     438235.000 ns	     43822	80009140	41700a33	sub	x20,x0,x23	  x0:0x00000000 x23:0xffffa7d9 x20=0x00005827
     438255.000 ns	     43824	80009144	02b32933	mulhsu	x18,x6,x11	  x6:0xc103f8ff x11:0xffffffff x18=0xc103f8ff
     439435.000 ns	     43942	80009148	5808cdd3	fsqrt.s	f27,f17	 f17:0x4f800000 f27=0x477fffae
     439455.000 ns	     43944	8000914c	4051d793	srai	x15,x3,0x5	  x3:0xfffffffe x15=0xffffffff
     439465.000 ns	     43945	80009150	00285fb3	srl	x31,x16,x2	 x16:0x80040fe4  x2:0x000002f2 x31=0x00002001
     439475.000 ns	     43946	80009154	00199993	slli	x19,x19,0x1	 x19:0x00000152 x19=0x000002a4
     439835.000 ns	     43982	80009158	026065b3	rem	x11,x0,x6	  x0:0x00000000  x6:0xc103f8ff x11=0x00000000
     439865.000 ns	     43985	8000915c	d00a44d3	fcvt.s.w	f9,x20	 x20:0x00005827  f9=0x46b04e00
     439895.000 ns	     43988	80009160	0395b033	mulhu	x0,x11,x25	 x11:0x00000000 x25:0xffffffff
     439945.000 ns	     43993	80009164	01b203d3	fadd.s	f7,f4,f27	  f4:0x3fffea19 f27:0x477fffae  f7=0x478000d7
     439965.000 ns	     43995	80009168	70a22b13	slti	x22,x4,1802	  x4:0x155b9000 x22=0x00000000
     440325.000 ns	     44031	8000916c	0278e733	rem	x14,x17,x7	 x17:0xec090000  x7:0x00000001 x14=0x00000000
     440355.000 ns	     44034	80009170	c012f7d3	fcvt.wu.s	x15,f5	  f5:0x7fc00000 x15=0xffffffff
     440385.000 ns	     44037	80009174	02928133	mul	x2,x5,x9	  x5:0x80041024  x9:0x3fffffff  x2=0x7ffbefdc
     441565.000 ns	     44155	80009178	5808f1d3	fsqrt.s	f3,f17	 f17:0x4f800000  f3=0x477fffae
     441585.000 ns	     44157	8000917c	00bdf0b3	and	x1,x27,x11	 x27:0xf9af2af0 x11:0x00000000  x1=0x00000000
     441605.000 ns	     44159	80009180	d01e7453	fcvt.s.wu	f8,x28	 x28:0x00000000  f8=0x00000000
     441635.000 ns	     44162	80009184	282c07d3	fmin.s	f15,f24,f2	 f24:0xd69c9296  f2:0x00000000 f15=0xd69c9296
     441655.000 ns	     44164	80009188	45fa7c93	andi	x25,x20,1119	 x20:0x00005827 x25=0x00000007
     441665.000 ns	     44165	8000918c	a2d2a713	slti	x14,x5,-1491	  x5:0x80041024 x14=0x00000001
     441675.000 ns	     44166	80009190	0163acb3	slt	x25,x7,x22	  x7:0x00000001 x22:0x00000000 x25=0x00000000
     441695.000 ns	     44168	80009194	e0068953	fmv.x.w	x18,f13	 f13:0x80000000 x18=0x80000000
     441715.000 ns	     44170	80009198	4110d413	srai	x8,x1,0x11	  x1:0x00000000  x8=0x00000000
     441725.000 ns	     44171	8000919c	41058c33	sub	x24,x11,x16	 x11:0x00000000 x16:0x80040fe4 x24=0x7ffbf01c
     441735.000 ns	     44172	800091a0	01b7d413	srli	x8,x15,0x1b	 x15:0xffffffff  x8=0x0000001f
     442095.000 ns	     44208	800091a4	031ff9b3	remu	x19,x31,x17	 x31:0x00002001 x17:0xec090000 x19=0x00002001
     442115.000 ns	     44210	800091a8	417309b3	sub	x19,x6,x23	  x6:0xc103f8ff x23:0xffffa7d9 x19=0xc1045126
     442125.000 ns	     44211	800091ac	43ce2137	lui	x2,0x43ce2	  x2=0x43ce2000
     442135.000 ns	     44212	800091b0	40b6d6b3	sra	x13,x13,x11	 x13:0x000002b6 x11:0x00000000 x13=0x000002b6
     442155.000 ns	     44214	800091b4	e0051f53	fclass.s	x30,f10	 f10:0xc71c8d9f x30=0x00000002
     442185.000 ns	     44217	800091b8	20180ad3	fsgnj.s	f21,f16,f1	 f16:0x442d8000  f1:0x00000000 f21=0x442d8000
     442215.000 ns	     44220	800091bc	a0559553	flt.s	x10,f11,f5	 f11:0x00000000  f5:0x7fc00000 x10=0x00000000
     442235.000 ns	     44222	800091c0	01b60fb3	add	x31,x12,x27	 x12:0x00000001 x27:0xf9af2af0 x31=0xf9af2af1
     442255.000 ns	     44224	800091c4	e00b8053	fmv.x.w	x0,f23	 f23:0x7fc00000
     442275.000 ns	     44226	800091c8	01aa5793	srli	x15,x20,0x1a	 x20:0x00005827 x15=0x00000000
     442305.000 ns	     44229	800091cc	10d30f53	fmul.s	f30,f6,f13	  f6:0x00000000 f13:0x80000000 f30=0x80000000
     442335.000 ns	     44232	800091d0	027c9cb3	mulh	x25,x25,x7	 x25:0x00000000  x7:0x00000001 x25=0x00000000
     442355.000 ns	     44234	800091d4	b4b96493	ori	x9,x18,-1205	 x18:0x80000000  x9=0xfffffb4b
     442385.000 ns	     44237	800091d8	5802f0d3	fsqrt.s	f1,f5	  f5:0x7fc00000  f1=0x7fc00000
     442415.000 ns	     44240	800091dc	d004c653	fcvt.s.w	f12,x9	  x9:0x3fffffff f12=0xc496a000
     442445.000 ns	     44243	800091e0	f00d07d3	fmv.w.x	f15,x26	 x26:0x00000200 f15=0x00000200
     442465.000 ns	     44245	800091e4	00d5cfb3	xor	x31,x11,x13	 x11:0x00000000 x13:0x000002b6 x31=0x000002b6
     442485.000 ns	     44247	800091e8	a0650553	fle.s	x10,f10,f6	 f10:0xc71c8d9f  f6:0x00000000 x10=0x00000001
     442505.000 ns	     44249	800091ec	2d495b37	lui	x22,0x2d495	 x22=0x2d495000
     442515.000 ns	     44250	800091f0	01868c33	add	x24,x13,x24	 x13:0x000002b6 x24:0x7ffbf01c x24=0x7ffbf2d2
     442525.000 ns	     44251	800091f4	016d5d13	srli	x26,x26,0x16	 x26:0x00000200 x26=0x00000000
     442535.000 ns	     44252	800091f8	3b792c93	slti	x25,x18,951	 x18:0x80000000 x25=0x00000001
     442545.000 ns	     44253	800091fc	41242d13	slti	x26,x8,1042	  x8:0x0000001f x26=0x00000001
     442565.000 ns	     44255	80009200	f0060553	fmv.w.x	f10,x12	 x12:0x00000001 f10=0x00000001
     442595.000 ns	     44258	80009204	e00196d3	fclass.s	x13,f3	  f3:0x477fffae x13=0x00000040
     442625.000 ns	     44261	80009208	f00487d3	fmv.w.x	f15,x9	  x9:0xfffffb4b f15=0xfffffb4b
     442645.000 ns	     44263	8000920c	40b8dc93	srai	x25,x17,0xb	 x17:0xec090000 x25=0xfffd8120
     442655.000 ns	     44264	80009210	d3da7d13	andi	x26,x20,-707	 x20:0x00005827 x26=0x00005825
     442665.000 ns	     44265	80009214	daa46213	ori	x4,x8,-598	  x8:0x0000001f  x4=0xfffffdbf
     443025.000 ns	     44301	80009218	029ee3b3	rem	x7,x29,x9	 x29:0x00000000  x9:0xfffffb4b  x7=0x00000000
     443045.000 ns	     44303	8000921c	412809b3	sub	x19,x16,x18	 x16:0x80040fe4 x18:0x80000000 x19=0x00040fe4
     443065.000 ns	     44305	80009220	03b9bc33	mulhu	x24,x19,x27	 x19:0xc1045126 x27:0xf9af2af0 x24=0x0003f63c
     443085.000 ns	     44307	80009224	2dd95937	lui	x18,0x2dd95	 x18=0x2dd95000
     443105.000 ns	     44309	80009228	02e895b3	mulh	x11,x17,x14	 x17:0xec090000 x14:0x00000001 x11=0xffffffff
     443145.000 ns	     44313	8000922c	115507d3	fmul.s	f15,f10,f21	 f10:0x00000001 f21:0x442d8000 f15=0x000002b7
     443165.000 ns	     44315	80009230	3eee0893	addi	x17,x28,1006	 x28:0x00000000 x17=0x000003ee
     443175.000 ns	     44316	80009234	01ca5713	srli	x14,x20,0x1c	 x20:0x00005827 x14=0x00000000
     443185.000 ns	     44317	80009238	a1a4ac13	slti	x24,x9,-1510	  x9:0xfffffb4b x24=0x00000000
     443195.000 ns	     44318	8000923c	01d2f3b3	and	x7,x5,x29	  x5:0x80041024 x29:0x00000000  x7=0x00000000
     443215.000 ns	     44320	80009240	205b2153	fsgnjx.s	f2,f22,f5	 f22:0x7ffba83b  f5:0x7fc00000  f2=0x7ffba83b
     443245.000 ns	     44323	80009244	21921553	fsgnjn.s	f10,f4,f25	  f4:0x3fffea19 f25:0x7fc00000 f10=0xbfffea19
     443265.000 ns	     44325	80009248	410cd993	srai	x19,x25,0x10	 x25:0xfffd8120 x19=0xfffffffd
     443275.000 ns	     44326	8000924c	630bbe13	sltiu	x28,x23,1584	 x23:0xffffa7d9 x28=0x00000000
     443285.000 ns	     44327	80009250	0053aeb3	slt	x29,x7,x5	  x7:0x00000000  x5:0x80041024 x29=0x00000000
     443305.000 ns	     44329	80009254	29a906d3	fmin.s	f13,f18,f26	 f18:0x3fffffff f26:0xffc00000 f13=0x3fffffff
     443325.000 ns	     44331	80009258	0130d493	srli	x9,x1,0x13	  x1:0x00000000  x9=0x00000000
     443335.000 ns	     44332	8000925c	004c3bb3	sltu	x23,x24,x4	 x24:0x00000000  x4:0xfffffdbf x23=0x00000001
     443345.000 ns	     44333	80009260	41375c13	srai	x24,x14,0x13	 x14:0x00000000 x24=0x00000000
     443355.000 ns	     44334	80009264	0101c333	xor	x6,x3,x16	  x3:0xfffffffe x16:0x80040fe4  x6=0x7ffbf01a
     443365.000 ns	     44335	80009268	015cc033	xor	x0,x25,x21	 x25:0xfffd8120 x21:0xffffffff
     443385.000 ns	     44337	8000926c	21b81753	fsgnjn.s	f14,f16,f27	 f16:0x442d8000 f27:0x477fffae f14=0xc42d8000
     443425.000 ns	     44341	80009270	580fa7d3	fsqrt.s	f15,f31	 f31:0xc71c8d9f f15=0x7fc00000
     443455.000 ns	     44344	80009274	039e9fb3	mulh	x31,x29,x25	 x29:0x00000000 x25:0xfffd8120 x31=0x00000000
     443485.000 ns	     44347	80009278	e0009053	fclass.s	x0,f1	  f1:0x7fc00000
     443535.000 ns	     44352	8000927c	08627f53	fsub.s	f30,f4,f6	  f4:0x3fffea19  f6:0x00000000 f30=0x3fffea19
     443555.000 ns	     44354	80009280	01015093	srli	x1,x2,0x10	  x2:0x43ce2000  x1=0x000043ce
     443565.000 ns	     44355	80009284	001a7733	and	x14,x20,x1	 x20:0x00005827  x1:0x00000000 x14=0x00004006
     443925.000 ns	     44391	80009288	03ad5f33	divu	x30,x26,x26	 x26:0x00005825 x26:0x00005825 x30=0x00000001
     443945.000 ns	     44393	8000928c	0102c233	xor	x4,x5,x16	  x5:0x80041024 x16:0x80040fe4  x4=0x00001fc0
     443965.000 ns	     44395	80009290	a0770b53	fle.s	x22,f14,f7	 f14:0xc42d8000  f7:0x478000d7 x22=0x00000001
     443995.000 ns	     44398	80009294	e00501d3	fmv.x.w	x3,f10	 f10:0xbfffea19  x3=0xbfffea19
     444045.000 ns	     44403	80009298	01ea7753	fadd.s	f14,f20,f30	 f20:0x7fc00000 f30:0x3fffea19 f14=0x7fc00000
     444075.000 ns	     44406	8000929c	a14a9453	flt.s	x8,f21,f20	 f21:0x442d8000 f20:0x7fc00000  x8=0x00000000
     444095.000 ns	     44408	800092a0	005fffb3	and	x31,x31,x5	 x31:0x00000000  x5:0x80041024 x31=0x00000000
     444115.000 ns	     44410	800092a4	e0068153	fmv.x.w	x2,f13	 f13:0x3fffffff  x2=0x3fffffff
     444145.000 ns	     44413	800092a8	d007a9d3	fcvt.s.w	f19,x15	 x15:0x00000000 f19=0x00000000
     444165.000 ns	     44415	800092ac	215c9bb7	lui	x23,0x215c9	 x23=0x215c9000
     444175.000 ns	     44416	800092b0	c76c6a93	ori	x21,x24,-906	 x24:0x00000000 x21=0xfffffc76
     444195.000 ns	     44418	800092b4	c01f7cd3	fcvt.wu.s	x25,f30	 f30:0x3fffea19 x25=0x00000001
     444225.000 ns	     44421	800092b8	c00177d3	fcvt.w.s	x15,f2	  f2:0x7ffba83b x15=0x7fffffff
     444255.000 ns	     44424	800092bc	d01af5d3	fcvt.s.wu	f11,x21	 x21:0xfffffc76 f11=0x4f7ffffc
     444285.000 ns	     44427	800092c0	c00e83d3	fcvt.w.s	x7,f29	 f29:0x7fc00000  x7=0x7fffffff
     444315.000 ns	     44430	800092c4	21e3ae53	fsgnjx.s	f28,f7,f30	  f7:0x478000d7 f30:0x3fffea19 f28=0x478000d7
     444345.000 ns	     44433	800092c8	a0282fd3	feq.s	x31,f16,f2	 f16:0x442d8000  f2:0x7ffba83b x31=0x00000000
     444365.000 ns	     44435	800092cc	bda1b893	sltiu	x17,x3,-1062	  x3:0xbfffea19 x17=0x00000001
     444375.000 ns	     44436	800092d0	629b6317	auipc	x6,0x629b6	  x6=0xe29bf2d0
     444395.000 ns	     44438	800092d4	d01eab53	fcvt.s.wu	f22,x29	 x29:0x00000000 f22=0x00000000
     444425.000 ns	     44441	800092d8	d01e73d3	fcvt.s.wu	f7,x28	 x28:0x00000000  f7=0x00000000
     444445.000 ns	     44443	800092dc	7fdc6f93	ori	x31,x24,2045	 x24:0x00000000 x31=0x000007fd
     444455.000 ns	     44444	800092e0	00c1b433	sltu	x8,x3,x12	  x3:0xbfffea19 x12:0x00000001  x8=0x00000000
     444475.000 ns	     44446	800092e4	a1829a53	flt.s	x20,f5,f24	  f5:0x7fc00000 f24:0xd69c9296 x20=0x00000000
     444495.000 ns	     44448	800092e8	0044feb3	and	x29,x9,x4	  x9:0x00000000  x4:0x00001fc0 x29=0x00000000
     444505.000 ns	     44449	800092ec	40105b93	srai	x23,x0,0x1	  x0:0x00000000 x23=0x00000000
     444515.000 ns	     44450	800092f0	b0eddf97	auipc	x31,0xb0edd	 x31=0x30ee62f0
     444535.000 ns	     44452	800092f4	02ad31b3	mulhu	x3,x26,x10	 x26:0x00005825 x10:0x00000001  x3=0x00000000
     444565.000 ns	     44455	800092f8	e00e03d3	fmv.x.w	x7,f28	 f28:0x478000d7  x7=0x478000d7
     444585.000 ns	     44457	800092fc	416b0b33	sub	x22,x22,x22	 x22:0x00000001 x22:0x00000001 x22=0x00000000
     444605.000 ns	     44459	80009300	20da2fd3	fsgnjx.s	f31,f20,f13	 f20:0x7fc00000 f13:0x3fffffff f31=0x7fc00000
     444655.000 ns	     44464	80009304	000a18d3	fadd.s	f17,f20,f0	 f20:0x7fc00000  f0:0x7fc00000 f17=0x7fc00000
     444675.000 ns	     44466	80009308	03b7ce93	xori	x29,x15,59	 x15:0x7fffffff x29=0x7fffffc4
     444695.000 ns	     44468	8000930c	020cc633	div	x12,x25,x0	 x25:0x00000001  x0:0x00000000 x12=0xffffffff
     444725.000 ns	     44471	80009310	a01fae53	feq.s	x28,f31,f1	 f31:0x7fc00000  f1:0x7fc00000 x28=0x00000000
     444755.000 ns	     44474	80009314	c01423d3	fcvt.wu.s	x7,f8	  f8:0x00000000  x7=0x00000000
     444775.000 ns	     44476	80009318	0045bab3	sltu	x21,x11,x4	 x11:0xffffffff  x4:0x00001fc0 x21=0x00000000
     444795.000 ns	     44478	8000931c	020a8cb3	mul	x25,x21,x0	 x21:0xfffffc76  x0:0x00000000 x25=0x00000000
     444835.000 ns	     44482	80009320	1194fcd3	fmul.s	f25,f9,f25	  f9:0x46b04e00 f25:0x7fc00000 f25=0x7fc00000
     444865.000 ns	     44485	80009324	c01bfad3	fcvt.wu.s	x21,f23	 f23:0x7fc00000 x21=0xffffffff
     444895.000 ns	     44488	80009328	d00496d3	fcvt.s.w	f13,x9	  x9:0x00000000 f13=0x00000000
     444915.000 ns	     44490	8000932c	4033a1b7	lui	x3,0x4033a	  x3=0x4033a000
     444925.000 ns	     44491	80009330	492ea213	slti	x4,x29,1170	 x29:0x7fffffc4  x4=0x00000000
     444945.000 ns	     44493	80009334	038ea533	mulhsu	x10,x29,x24	 x29:0x7fffffc4 x24:0x00000000 x10=0x00000000
     444965.000 ns	     44495	80009338	6494fc93	andi	x25,x9,1609	  x9:0x00000000 x25=0x00000000
     444985.000 ns	     44497	8000933c	d01bf553	fcvt.s.wu	f10,x23	 x23:0x00000000 f10=0x00000000
     445005.000 ns	     44499	80009340	00267d33	and	x26,x12,x2	 x12:0xffffffff  x2:0x3fffffff x26=0x3fffffff
     445025.000 ns	     44501	80009344	e00b9d53	fclass.s	x26,f23	 f23:0x7fc00000 x26=0x00000200
     445055.000 ns	     44504	80009348	20608a53	fsgnj.s	f20,f1,f6	  f1:0x7fc00000  f6:0x00000000 f20=0x7fc00000
     445085.000 ns	     44507	8000934c	284b0b53	fmin.s	f22,f22,f4	 f22:0x00000000  f4:0x3fffea19 f22=0x00000000
     445135.000 ns	     44512	80009350	0827f6d3	fsub.s	f13,f15,f2	 f15:0x7fc00000  f2:0x7ffba83b f13=0x7fc00000
     445165.000 ns	     44515	80009354	e0009f53	fclass.s	x30,f1	  f1:0x7fc00000 x30=0x00000200
     445195.000 ns	     44518	80009358	21a528d3	fsgnjx.s	f17,f10,f26	 f10:0x00000000 f26:0xffc00000 f17=0x80000000
     445235.000 ns	     44522	8000935c	110c12d3	fmul.s	f5,f24,f16	 f24:0xd69c9296 f16:0x442d8000  f5=0xdb543ab1
     445265.000 ns	     44525	80009360	d0087753	fcvt.s.w	f14,x16	 x16:0x80040fe4 f14=0xcefff7e0
     445285.000 ns	     44527	80009364	008445b3	xor	x11,x8,x8	  x8:0x00000000  x8:0x00000000 x11=0x00000000
     445305.000 ns	     44529	80009368	294f8f53	fmin.s	f30,f31,f20	 f31:0x7fc00000 f20:0x7fc00000 f30=0x7fc00000
     445335.000 ns	     44532	8000936c	e0081bd3	fclass.s	x23,f16	 f16:0x442d8000 x23=0x00000040
     445365.000 ns	     44535	80009370	292810d3	fmax.s	f1,f16,f18	 f16:0x442d8000 f18:0x3fffffff  f1=0x442d8000
     445385.000 ns	     44537	80009374	00891193	slli	x3,x18,0x8	 x18:0x2dd95000  x3=0xd9500000
     445395.000 ns	     44538	80009378	5b4f3693	sltiu	x13,x30,1460	 x30:0x00000200 x13=0x00000001
     445435.000 ns	     44542	8000937c	0044f153	fadd.s	f2,f9,f4	  f9:0x46b04e00  f4:0x3fffea19  f2=0x46b051ff
     445455.000 ns	     44544	80009380	411fde33	sra	x28,x31,x17	 x31:0x30ee62f0 x17:0x00000001 x28=0x18773178
     445475.000 ns	     44546	80009384	a1af07d3	fle.s	x15,f30,f26	 f30:0x7fc00000 f26:0xffc00000 x15=0x00000000
     445505.000 ns	     44549	80009388	0224a3b3	mulhsu	x7,x9,x2	  x9:0x00000000  x2:0x3fffffff  x7=0x00000000
     445525.000 ns	     44551	8000938c	21497013	andi	x0,x18,532	 x18:0x2dd95000
     445545.000 ns	     44553	80009390	0243acb3	mulhsu	x25,x7,x4	  x7:0x00000000  x4:0x00000000 x25=0x00000000
     445565.000 ns	     44555	80009394	01abc4b3	xor	x9,x23,x26	 x23:0x00000040 x26:0x00000200  x9=0x00000240
     446735.000 ns	     44672	80009398	58082753	fsqrt.s	f14,f16	 f16:0x442d8000 f14=0x41755d5a
     446765.000 ns	     44675	8000939c	c01ff353	fcvt.wu.s	x6,f31	 f31:0x7fc00000  x6=0xffffffff
     446795.000 ns	     44678	800093a0	034f80b3	mul	x1,x31,x20	 x31:0x30ee62f0 x20:0x00000000  x1=0x00000000
     446815.000 ns	     44680	800093a4	01f39133	sll	x2,x7,x31	  x7:0x00000000 x31:0x30ee62f0  x2=0x00000000
     446835.000 ns	     44682	800093a8	a1e72453	feq.s	x8,f14,f30	 f14:0x41755d5a f30:0x7fc00000  x8=0x00000000
     446855.000 ns	     44684	800093ac	efd461b7	lui	x3,0xefd46	  x3=0xefd46000
     446865.000 ns	     44685	800093b0	a59248b7	lui	x17,0xa5924	 x17=0xa5924000
     446875.000 ns	     44686	800093b4	8dabba17	auipc	x20,0x8dabb	 x20=0x0dac43b4
     446885.000 ns	     44687	800093b8	00679f33	sll	x30,x15,x6	 x15:0x00000000  x6:0xffffffff x30=0x00000000
     446895.000 ns	     44688	800093bc	8e638c17	auipc	x24,0x8e638	 x24=0x0e6413bc
     446915.000 ns	     44690	800093c0	d0137453	fcvt.s.wu	f8,x6	  x6:0xffffffff  f8=0x4f7fffff
     446935.000 ns	     44692	800093c4	400557b3	sra	x15,x10,x0	 x10:0x00000000  x0:0x00000000 x15=0x00000000
     446955.000 ns	     44694	800093c8	02778133	mul	x2,x15,x7	 x15:0x00000000  x7:0x00000000  x2=0x00000000
     446985.000 ns	     44697	800093cc	03242533	mulhsu	x10,x8,x18	  x8:0x00000000 x18:0x2dd95000 x10=0x00000000
     447355.000 ns	     44734	800093d0	03427133	remu	x2,x4,x20	  x4:0x00000000 x20:0x0dac43b4  x2=0x00000000
     447375.000 ns	     44736	800093d4	40dd5a33	sra	x20,x26,x13	 x26:0x00000200 x13:0x00000001 x20=0x00000100
     447385.000 ns	     44737	800093d8	01f17cb3	and	x25,x2,x31	  x2:0x00000000 x31:0x30ee62f0 x25=0x00000000
     447395.000 ns	     44738	800093dc	00079593	slli	x11,x15,0x0	 x15:0x00000000 x11=0x00000000
     447435.000 ns	     44742	800093e0	008e36d3	fadd.s	f13,f28,f8	 f28:0x478000d7  f8:0x4f7fffff f13=0x4f800080
     447455.000 ns	     44744	800093e4	41a480b3	sub	x1,x9,x26	  x9:0x00000240 x26:0x00000200  x1=0x00000040
     447475.000 ns	     44746	800093e8	e0000cd3	fmv.x.w	x25,f0	  f0:0x7fc00000 x25=0x7fc00000
     447505.000 ns	     44749	800093ec	03f135b3	mulhu	x11,x2,x31	  x2:0x00000000 x31:0x30ee62f0 x11=0x00000000
     447545.000 ns	     44753	800093f0	580b33d3	fsqrt.s	f7,f22	 f22:0x00000000  f7=0x00000000
     447565.000 ns	     44755	800093f4	007a5b93	srli	x23,x20,0x7	 x20:0x00000100 x23=0x00000002
     447575.000 ns	     44756	800093f8	01712933	slt	x18,x2,x23	  x2:0x00000000 x23:0x00000040 x18=0x00000001
     447595.000 ns	     44758	800093fc	28f89dd3	fmax.s	f27,f17,f15	 f17:0x80000000 f15:0x7fc00000 f27=0x80000000
     447615.000 ns	     44760	80009400	40935993	srai	x19,x6,0x9	  x6:0xffffffff x19=0xffffffff
     447635.000 ns	     44762	80009404	a0351a53	flt.s	x20,f10,f3	 f10:0x00000000  f3:0x477fffae x20=0x00000001
     447655.000 ns	     44764	80009408	0067d593	srli	x11,x15,0x6	 x15:0x00000000 x11=0x00000000
     447665.000 ns	     44765	8000940c	4146d693	srai	x13,x13,0x14	 x13:0x00000001 x13=0x00000000
     447705.000 ns	     44769	80009410	096e7fd3	fsub.s	f31,f28,f22	 f28:0x478000d7 f22:0x00000000 f31=0x478000d7
     447735.000 ns	     44772	80009414	219d8c53	fsgnj.s	f24,f27,f25	 f27:0x80000000 f25:0x7fc00000 f24=0x00000000
     447765.000 ns	     44775	80009418	a0130653	fle.s	x12,f6,f1	  f6:0x00000000  f1:0x442d8000 x12=0x00000001
     447785.000 ns	     44777	8000941c	00be2633	slt	x12,x28,x11	 x28:0x18773178 x11:0x00000000 x12=0x00000000
     447805.000 ns	     44779	80009420	020b2b33	mulhsu	x22,x22,x0	 x22:0x00000000  x0:0x00000000 x22=0x00000000
     447835.000 ns	     44782	80009424	d01c7ad3	fcvt.s.wu	f21,x24	 x24:0x0e6413bc f21=0x4d66413b
     447855.000 ns	     44784	80009428	ece08897	auipc	x17,0xece08	 x17=0x6ce11428
     447865.000 ns	     44785	8000942c	00000013	addi	x0,x0,0	  x0:0x00000000
     447885.000 ns	     44787	80009430	28749dd3	fmax.s	f27,f9,f7	  f9:0x46b04e00  f7:0x00000000 f27=0x46b04e00
     447915.000 ns	     44790	80009434	d01dbe53	fcvt.s.wu	f28,x27	 x27:0xf9af2af0 f28=0x4f79af2b
     447935.000 ns	     44792	80009438	402ad1b3	sra	x3,x21,x2	 x21:0xffffffff  x2:0x00000000  x3=0xffffffff
     447945.000 ns	     44793	8000943c	408b5f93	srai	x31,x22,0x8	 x22:0x00000000 x31=0x00000000
     447955.000 ns	     44794	80009440	fc62f913	andi	x18,x5,-58	  x5:0x80041024 x18=0x80041004
     447975.000 ns	     44796	80009444	20db1853	fsgnjn.s	f16,f22,f13	 f22:0x00000000 f13:0x4f800080 f16=0x80000000
     448025.000 ns	     44801	80009448	01308853	fadd.s	f16,f1,f19	  f1:0x442d8000 f19:0x00000000 f16=0x442d8000
     448055.000 ns	     44804	8000944c	f00985d3	fmv.w.x	f11,x19	 x19:0xffffffff f11=0xffffffff
     448075.000 ns	     44806	80009450	405dd013	srai	x0,x27,0x5	 x27:0xf9af2af0
     448435.000 ns	     44842	80009454	0302e9b3	rem	x19,x5,x16	  x5:0x80041024 x16:0x80040fe4 x19=0x80041024
     448455.000 ns	     44844	80009458	00634e33	xor	x28,x6,x6	  x6:0xffffffff  x6:0xffffffff x28=0x00000000
     448465.000 ns	     44845	8000945c	0076b6b3	sltu	x13,x13,x7	 x13:0x00000000  x7:0x00000000 x13=0x00000000
     448475.000 ns	     44846	80009460	40288bb3	sub	x23,x17,x2	 x17:0x6ce11428  x2:0x00000000 x23=0x6ce11428
     448485.000 ns	     44847	80009464	0041d133	srl	x2,x3,x4	  x3:0xffffffff  x4:0x00000000  x2=0xffffffff
     448505.000 ns	     44849	80009468	a13419d3	flt.s	x19,f8,f19	  f8:0x4f7fffff f19:0x00000000 x19=0x00000000
     448525.000 ns	     44851	8000946c	41fa8733	sub	x14,x21,x31	 x21:0xffffffff x31:0x00000000 x14=0xffffffff
     448545.000 ns	     44853	80009470	c00fa1d3	fcvt.w.s	x3,f31	 f31:0x478000d7  x3=0x00010001
     448595.000 ns	     44858	80009474	019e33d3	fadd.s	f7,f28,f25	 f28:0x4f79af2b f25:0x7fc00000  f7=0x7fc00000
     448615.000 ns	     44860	80009478	e8cd7513	andi	x10,x26,-372	 x26:0x00000200 x10=0x00000200
     448625.000 ns	     44861	8000947c	12aa6593	ori	x11,x20,298	 x20:0x00000001 x11=0x0000012b
     448645.000 ns	     44863	80009480	03c963b3	rem	x7,x18,x28	 x18:0x80041004 x28:0x00000000  x7=0x80041004
     448675.000 ns	     44866	80009484	0231a0b3	mulhsu	x1,x3,x3	  x3:0x00010001  x3:0x00010001  x1=0x00000001
     448695.000 ns	     44868	80009488	00000013	addi	x0,x0,0	  x0:0x00000000
     448705.000 ns	     44869	8000948c	e54bf313	andi	x6,x23,-428	 x23:0x6ce11428  x6=0x6ce11400
     448715.000 ns	     44870	80009490	f75086b7	lui	x13,0xf7508	 x13=0xf7508000
     448745.000 ns	     44873	80009494	18683653	fdiv.s	f12,f16,f6	 f16:0x442d8000  f6:0x00000000 f12=0x7f800000
     448775.000 ns	     44876	80009498	02ffeab3	rem	x21,x31,x15	 x31:0x00000000 x15:0x00000000 x21=0x00000000
     448815.000 ns	     44880	8000949c	11e8f753	fmul.s	f14,f17,f30	 f17:0x80000000 f30:0x7fc00000 f14=0x7fc00000
     448845.000 ns	     44883	800094a0	a01614d3	flt.s	x9,f12,f1	 f12:0x7f800000  f1:0x442d8000  x9=0x00000000
     448865.000 ns	     44885	800094a4	01d2e3b3	or	x7,x5,x29	  x5:0x80041024 x29:0x7fffffc4  x7=0xffffffe4
     448905.000 ns	     44889	800094a8	08b27b53	fsub.s	f22,f4,f11	  f4:0x3fffea19 f11:0xffffffff f22=0x7fc00000
     448925.000 ns	     44891	800094ac	bbd26a93	ori	x21,x4,-1091	  x4:0x00000000 x21=0xfffffbbd
     448935.000 ns	     44892	800094b0	01339c13	slli	x24,x7,0x13	  x7:0xffffffe4 x24=0xff200000
     448945.000 ns	     44893	800094b4	00000013	addi	x0,x0,0	  x0:0x00000000
     448955.000 ns	     44894	800094b8	0083dc13	srli	x24,x7,0x8	  x7:0xffffffe4 x24=0x00ffffff
     448965.000 ns	     44895	800094bc	016e4eb3	xor	x29,x28,x22	 x28:0x00000000 x22:0x00000000 x29=0x00000000
     449005.000 ns	     44899	800094c0	0090bc53	fadd.s	f24,f1,f9	  f1:0x442d8000  f9:0x46b04e00 f24=0x46b5ba00
     449045.000 ns	     44903	800094c4	58032fd3	fsqrt.s	f31,f6	  f6:0x00000000 f31=0x00000000
     449415.000 ns	     44940	800094c8	0279fa33	remu	x20,x19,x7	 x19:0x00000000  x7:0xffffffe4 x20=0x00000000
     449445.000 ns	     44943	800094cc	0366b333	mulhu	x6,x13,x22	 x13:0xf7508000 x22:0x00000000  x6=0x00000000
     449475.000 ns	     44946	800094d0	c01d7953	fcvt.wu.s	x18,f26	 f26:0xffc00000 x18=0xffffffff
     449495.000 ns	     44948	800094d4	33f46e93	ori	x29,x8,831	  x8:0x00000000 x29=0x0000033f
     449525.000 ns	     44951	800094d8	19557953	fdiv.s	f18,f10,f21	 f10:0x00000000 f21:0x4d66413b f18=0x00000000
     449555.000 ns	     44954	800094dc	022bbeb3	mulhu	x29,x23,x2	 x23:0x6ce11428  x2:0xffffffff x29=0x6ce11427
     449585.000 ns	     44957	800094e0	02a406b3	mul	x13,x8,x10	  x8:0x00000000 x10:0x00000200 x13=0x00000000
     449605.000 ns	     44959	800094e4	0093e533	or	x10,x7,x9	  x7:0xffffffe4  x9:0x00000000 x10=0xffffffe4
     449615.000 ns	     44960	800094e8	7ca52113	slti	x2,x10,1994	 x10:0x00000200  x2=0x00000001
     449625.000 ns	     44961	800094ec	71f88093	addi	x1,x17,1823	 x17:0x6ce11428  x1=0x6ce11b47
     449985.000 ns	     44997	800094f0	03516633	rem	x12,x2,x21	  x2:0xffffffff x21:0xfffffbbd x12=0x00000001
     450005.000 ns	     44999	800094f4	0007a533	slt	x10,x15,x0	 x15:0x00000000  x0:0x00000000 x10=0x00000000
     450015.000 ns	     45000	800094f8	24168613	addi	x12,x13,577	 x13:0x00000000 x12=0x00000241
     450025.000 ns	     45001	800094fc	01a83133	sltu	x2,x16,x26	 x16:0x80040fe4 x26:0x00000200  x2=0x00000000
     450035.000 ns	     45002	80009500	941ab793	sltiu	x15,x21,-1727	 x21:0xfffffbbd x15=0x00000000
     450045.000 ns	     45003	80009504	bb0617b7	lui	x15,0xbb061	 x15=0xbb061000
     450055.000 ns	     45004	80009508	1ac1b713	sltiu	x14,x3,428	  x3:0x00010001 x14=0x00000000
     450075.000 ns	     45006	8000950c	e00c1bd3	fclass.s	x23,f24	 f24:0x46b5ba00 x23=0x00000040
     450095.000 ns	     45008	80009510	00000013	addi	x0,x0,0	  x0:0x00000000
     450115.000 ns	     45010	80009514	f0028bd3	fmv.w.x	f23,x5	  x5:0x80041024 f23=0x80041024
     450145.000 ns	     45013	80009518	0355ae33	mulhsu	x28,x11,x21	 x11:0x0000012b x21:0xfffffbbd x28=0x0000012a
     450515.000 ns	     45050	8000951c	025ee8b3	rem	x17,x29,x5	 x29:0x6ce11427  x5:0x80041024 x17=0x6ce11427
     450535.000 ns	     45052	80009520	90768693	addi	x13,x13,-1785	 x13:0x00000000 x13=0xfffff907
     450545.000 ns	     45053	80009524	5c042a13	slti	x20,x8,1472	  x8:0x00000000 x20=0x00000001
     450555.000 ns	     45054	80009528	4088de33	sra	x28,x17,x8	 x17:0x6ce11427  x8:0x00000000 x28=0x6ce11427
     450575.000 ns	     45056	8000952c	02afc4b3	div	x9,x31,x10	 x31:0x00000000 x10:0x00000000  x9=0xffffffff
     450595.000 ns	     45058	80009530	0085ef33	or	x30,x11,x8	 x11:0x0000012b  x8:0x00000000 x30=0x0000012b
     450615.000 ns	     45060	80009534	c0077f53	fcvt.w.s	x30,f14	 f14:0x7fc00000 x30=0x7fffffff
     450635.000 ns	     45062	80009538	b1974397	auipc	x7,0xb1974	  x7=0x3197d538
     450655.000 ns	     45064	8000953c	03f35533	divu	x10,x6,x31	  x6:0x00000000 x31:0x00000000 x10=0xffffffff
     450685.000 ns	     45067	80009540	a0661d53	flt.s	x26,f12,f6	 f12:0x7f800000  f6:0x00000000 x26=0x00000000
     450705.000 ns	     45069	80009544	40730d33	sub	x26,x6,x7	  x6:0x00000000  x7:0x3197d538 x26=0xce682ac8
     450725.000 ns	     45071	80009548	e00680d3	fmv.x.w	x1,f13	 f13:0x4f800080  x1=0x4f800080
     450745.000 ns	     45073	8000954c	27fee893	ori	x17,x29,639	 x29:0x6ce11427 x17=0x6ce1167f
     450765.000 ns	     45075	80009550	a00d1b53	flt.s	x22,f26,f0	 f26:0xffc00000  f0:0x7fc00000 x22=0x00000000
     450785.000 ns	     45077	80009554	690c7c93	andi	x25,x24,1680	 x24:0x00ffffff x25=0x00000690
     451115.000 ns	     45110	80009558	198486d3	fdiv.s	f13,f9,f24	  f9:0x46b04e00 f24:0x46b5ba00 f13=0x3f490112
     451145.000 ns	     45113	8000955c	a0ac2953	feq.s	x18,f24,f10	 f24:0x46b5ba00 f10:0x00000000 x18=0x00000000
     451175.000 ns	     45116	80009560	283297d3	fmax.s	f15,f5,f3	  f5:0xdb543ab1  f3:0x477fffae f15=0x477fffae
     451195.000 ns	     45118	80009564	01a29eb3	sll	x29,x5,x26	  x5:0x80041024 x26:0xce682ac8 x29=0x04102400
     451215.000 ns	     45120	80009568	e0080ed3	fmv.x.w	x29,f16	 f16:0x442d8000 x29=0x442d8000
     451245.000 ns	     45123	8000956c	03f23d33	mulhu	x26,x4,x31	  x4:0x00000000 x31:0x00000000 x26=0x00000000
     451265.000 ns	     45125	80009570	ad861637	lui	x12,0xad861	 x12=0xad861000
     451285.000 ns	     45127	80009574	a0508bd3	fle.s	x23,f1,f5	  f1:0x442d8000  f5:0xdb543ab1 x23=0x00000000
     451315.000 ns	     45130	80009578	28239b53	fmax.s	f22,f7,f2	  f7:0x7fc00000  f2:0x46b051ff f22=0x46b051ff
     451345.000 ns	     45133	8000957c	f0058753	fmv.w.x	f14,x11	 x11:0x0000012b f14=0x0000012b
     451375.000 ns	     45136	80009580	29099e53	fmax.s	f28,f19,f16	 f19:0x00000000 f16:0x442d8000 f28=0x442d8000
     451415.000 ns	     45140	80009584	19ae8ad3	fdiv.s	f21,f29,f26	 f29:0x7fc00000 f26:0xffc00000 f21=0x7fc00000
     451445.000 ns	     45143	80009588	e0020ad3	fmv.x.w	x21,f4	  f4:0x3fffea19 x21=0x3fffea19
     451465.000 ns	     45145	8000958c	f13ddf37	lui	x30,0xf13dd	 x30=0xf13dd000
     451485.000 ns	     45147	80009590	03452033	mulhsu	x0,x10,x20	 x10:0xffffffff x20:0x00000001
     451515.000 ns	     45150	80009594	206d1dd3	fsgnjn.s	f27,f26,f6	 f26:0xffc00000  f6:0x00000000 f27=0xffc00000
     451555.000 ns	     45154	80009598	18797bd3	fdiv.s	f23,f18,f7	 f18:0x00000000  f7:0x7fc00000 f23=0x7fc00000
     451575.000 ns	     45156	8000959c	00000013	addi	x0,x0,0	  x0:0x00000000
     451595.000 ns	     45158	800095a0	0260ceb3	div	x29,x1,x6	  x1:0x4f800080  x6:0x00000000 x29=0xffffffff
     451625.000 ns	     45161	800095a4	f00389d3	fmv.w.x	f19,x7	  x7:0x3197d538 f19=0x3197d538
     451655.000 ns	     45164	800095a8	c00007d3	fcvt.w.s	x15,f0	  f0:0x7fc00000 x15=0x7fffffff
     451685.000 ns	     45167	800095ac	c01370d3	fcvt.wu.s	x1,f6	  f6:0x00000000  x1=0x00000000
     451715.000 ns	     45170	800095b0	d007bbd3	fcvt.s.w	f23,x15	 x15:0x7fffffff f23=0x4f000000
     451745.000 ns	     45173	800095b4	024ec9b3	div	x19,x29,x4	 x29:0xffffffff  x4:0x00000000 x19=0xffffffff
     451765.000 ns	     45175	800095b8	7cd17713	andi	x14,x2,1997	  x2:0x00000000 x14=0x00000000
     451775.000 ns	     45176	800095bc	346c0893	addi	x17,x24,838	 x24:0x00ffffff x17=0x01000345
     451795.000 ns	     45178	800095c0	f00e8253	fmv.w.x	f4,x29	 x29:0xffffffff  f4=0xffffffff
     451825.000 ns	     45181	800095c4	29a91653	fmax.s	f12,f18,f26	 f18:0x00000000 f26:0xffc00000 f12=0x00000000
     451855.000 ns	     45184	800095c8	20bbaad3	fsgnjx.s	f21,f23,f11	 f23:0x4f000000 f11:0xffffffff f21=0xcf000000
     452225.000 ns	     45221	800095cc	02beca33	div	x20,x29,x11	 x29:0xffffffff x11:0x0000012b x20=0x00000000
     452245.000 ns	     45223	800095d0	4aa8b213	sltiu	x4,x17,1194	 x17:0x01000345  x4=0x00000000
     452265.000 ns	     45225	800095d4	e0070553	fmv.x.w	x10,f14	 f14:0x0000012b x10=0x0000012b
     452635.000 ns	     45262	800095d8	02fb55b3	divu	x11,x22,x15	 x22:0x00000000 x15:0x7fffffff x11=0x00000000
     452655.000 ns	     45264	800095dc	00a66033	or	x0,x12,x10	 x12:0xad861000 x10:0x0000012b
     452665.000 ns	     45265	800095e0	cdeaf793	andi	x15,x21,-802	 x21:0x3fffea19 x15=0x3fffe818
     452685.000 ns	     45267	800095e4	024933b3	mulhu	x7,x18,x4	 x18:0x00000000  x4:0x00000000  x7=0x00000000
     452725.000 ns	     45271	800095e8	10c30cd3	fmul.s	f25,f6,f12	  f6:0x00000000 f12:0x00000000 f25=0x00000000
     452755.000 ns	     45274	800095ec	21b092d3	fsgnjn.s	f5,f1,f27	  f1:0x442d8000 f27:0xffc00000  f5=0x442d8000
     452775.000 ns	     45276	800095f0	40f209b3	sub	x19,x4,x15	  x4:0x00000000 x15:0x3fffe818 x19=0xc00017e8
     452785.000 ns	     45277	800095f4	be192e13	slti	x28,x18,-1055	 x18:0x00000000 x28=0x00000000
     452805.000 ns	     45279	800095f8	291691d3	fmax.s	f3,f13,f17	 f13:0x3f490112 f17:0x80000000  f3=0x3f490112
     452835.000 ns	     45282	800095fc	21b28253	fsgnj.s	f4,f5,f27	  f5:0x442d8000 f27:0xffc00000  f4=0xc42d8000
     452855.000 ns	     45284	80009600	0012db93	srli	x23,x5,0x1	  x5:0x80041024 x23=0x40020812
     452875.000 ns	     45286	80009604	e0081953	fclass.s	x18,f16	 f16:0x442d8000 x18=0x00000040
     452905.000 ns	     45289	80009608	21a094d3	fsgnjn.s	f9,f1,f26	  f1:0x442d8000 f26:0xffc00000  f9=0x442d8000
     452925.000 ns	     45291	8000960c	008141b3	xor	x3,x2,x8	  x2:0x00000000  x8:0x00000000  x3=0x00000000
     452945.000 ns	     45293	80009610	282c1653	fmax.s	f12,f24,f2	 f24:0x46b5ba00  f2:0x46b051ff f12=0x46b5ba00
     452965.000 ns	     45295	80009614	01d43d33	sltu	x26,x8,x29	  x8:0x00000000 x29:0xffffffff x26=0x00000001
     454135.000 ns	     45412	80009618	580e3553	fsqrt.s	f10,f28	 f28:0x442d8000 f10=0x41755d5a
     454165.000 ns	     45415	8000961c	200b06d3	fsgnj.s	f13,f22,f0	 f22:0x46b051ff  f0:0x7fc00000 f13=0x46b051ff
     454185.000 ns	     45417	80009620	00f08133	add	x2,x1,x15	  x1:0x00000000 x15:0x3fffe818  x2=0x3fffe818
     454195.000 ns	     45418	80009624	014f1e93	slli	x29,x30,0x14	 x30:0xf13dd000 x29=0x00000000
     454205.000 ns	     45419	80009628	f7c9f717	auipc	x14,0xf7c9f	 x14=0x77ca8628
     454225.000 ns	     45421	8000962c	c01df753	fcvt.wu.s	x14,f27	 f27:0xffc00000 x14=0xffffffff
     454245.000 ns	     45423	80009630	003d65b3	or	x11,x26,x3	 x26:0x00000001  x3:0x00000000 x11=0x00000001
     454255.000 ns	     45424	80009634	0172d393	srli	x7,x5,0x17	  x5:0x80041024  x7=0x00000100
     454275.000 ns	     45426	80009638	a1a71c53	flt.s	x24,f14,f26	 f14:0x0000012b f26:0xffc00000 x24=0x00000000
     454305.000 ns	     45429	8000963c	0398a533	mulhsu	x10,x17,x25	 x17:0x01000345 x25:0x00000690 x10=0x00000006
     454325.000 ns	     45431	80009640	407c5cb3	sra	x25,x24,x7	 x24:0x00000000  x7:0x00000100 x25=0x00000000
     454335.000 ns	     45432	80009644	018e1c93	slli	x25,x28,0x18	 x28:0x00000000 x25=0x00000000
     454355.000 ns	     45434	80009648	025a29b3	mulhsu	x19,x20,x5	 x20:0x00000000  x5:0x80041024 x19=0x00000000
     454385.000 ns	     45437	8000964c	a1268cd3	fle.s	x25,f13,f18	 f13:0x46b051ff f18:0x00000000 x25=0x00000000
     454415.000 ns	     45440	80009650	29f495d3	fmax.s	f11,f9,f31	  f9:0x442d8000 f31:0x00000000 f11=0x442d8000
     454435.000 ns	     45442	80009654	20b6cf93	xori	x31,x13,523	 x13:0xfffff907 x31=0xfffffb0c
     454455.000 ns	     45444	80009658	02a23c33	mulhu	x24,x4,x10	  x4:0x00000000 x10:0x00000006 x24=0x00000000
     454475.000 ns	     45446	8000965c	41f505b3	sub	x11,x10,x31	 x10:0x00000006 x31:0x00000000 x11=0x000004fa
     454485.000 ns	     45447	80009660	00fb1333	sll	x6,x22,x15	 x22:0x00000000 x15:0x3fffe818  x6=0x00000000
     454505.000 ns	     45449	80009664	02c221b3	mulhsu	x3,x4,x12	  x4:0x00000000 x12:0xad861000  x3=0x00000000
     454525.000 ns	     45451	80009668	00000013	addi	x0,x0,0	  x0:0x00000000
     454545.000 ns	     45453	8000966c	e0098a53	fmv.x.w	x20,f19	 f19:0x3197d538 x20=0x3197d538
     454565.000 ns	     45455	80009670	402554b3	sra	x9,x10,x2	 x10:0x00000006  x2:0x3fffe818  x9=0x00000000
     454575.000 ns	     45456	80009674	cbc3b393	sltiu	x7,x7,-836	  x7:0x00000100  x7=0x00000001
     454595.000 ns	     45458	80009678	29ff0d53	fmin.s	f26,f30,f31	 f30:0x7fc00000 f31:0x00000000 f26=0x00000000
     454965.000 ns	     45495	8000967c	02ddca33	div	x20,x27,x13	 x27:0xf9af2af0 x13:0xfffff907 x20=0x0000e7e1
     454985.000 ns	     45497	80009680	00000013	addi	x0,x0,0	  x0:0x00000000
     455345.000 ns	     45533	80009684	035a4433	div	x8,x20,x21	 x20:0x0000e7e1 x21:0x3fffea19  x8=0x00000000
     455365.000 ns	     45535	80009688	79416337	lui	x6,0x79416	  x6=0x79416000
     455375.000 ns	     45536	8000968c	01fb7c33	and	x24,x22,x31	 x22:0x00000000 x31:0xfffffb0c x24=0x00000000
     455395.000 ns	     45538	80009690	a16725d3	feq.s	x11,f14,f22	 f14:0x0000012b f22:0x46b051ff x11=0x00000000
     455415.000 ns	     45540	80009694	58f6a413	slti	x8,x13,1423	 x13:0xfffff907  x8=0x00000001
     455425.000 ns	     45541	80009698	00935193	srli	x3,x6,0x9	  x6:0x79416000  x3=0x003ca0b0
     455455.000 ns	     45544	8000969c	111ffa53	fmul.s	f20,f31,f17	 f31:0x00000000 f17:0x80000000 f20=0x80000000
     455475.000 ns	     45546	800096a0	00319413	slli	x8,x3,0x3	  x3:0x00000000  x8=0x01e50580
     455485.000 ns	     45547	800096a4	02c3b113	sltiu	x2,x7,44	  x7:0x00000001  x2=0x00000001
     455505.000 ns	     45549	800096a8	03b71233	mulh	x4,x14,x27	 x14:0xffffffff x27:0xf9af2af0  x4=0x00000000
     455525.000 ns	     45551	800096ac	c0ba7c93	andi	x25,x20,-1013	 x20:0x0000e7e1 x25=0x0000e401
     455545.000 ns	     45553	800096b0	a1350353	fle.s	x6,f10,f19	 f10:0x41755d5a f19:0x3197d538  x6=0x00000000
     455565.000 ns	     45555	800096b4	002d9033	sll	x0,x27,x2	 x27:0xf9af2af0  x2:0x00000001
     455575.000 ns	     45556	800096b8	0005a0b3	slt	x1,x11,x0	 x11:0x00000000  x0:0x00000000  x1=0x00000000
     455595.000 ns	     45558	800096bc	29b58a53	fmin.s	f20,f11,f27	 f11:0x442d8000 f27:0xffc00000 f20=0x442d8000
     455615.000 ns	     45560	800096c0	418ed793	srai	x15,x29,0x18	 x29:0x00000000 x15=0x00000000
     455635.000 ns	     45562	800096c4	026eb3b3	mulhu	x7,x29,x6	 x29:0x00000000  x6:0x00000000  x7=0x00000000
     455665.000 ns	     45565	800096c8	29f68253	fmin.s	f4,f13,f31	 f13:0x46b051ff f31:0x00000000  f4=0x00000000
     455685.000 ns	     45567	800096cc	40ea0933	sub	x18,x20,x14	 x20:0x0000e7e1 x14:0xffffffff x18=0x0000e7e2
     455695.000 ns	     45568	800096d0	0061c633	xor	x12,x3,x6	  x3:0x003ca0b0  x6:0x00000000 x12=0x003ca0b0
     455705.000 ns	     45569	800096d4	a2cb2b13	slti	x22,x22,-1492	 x22:0x00000000 x22=0x00000000
     455715.000 ns	     45570	800096d8	a0ce6017	auipc	x0,0xa0ce6	
     455735.000 ns	     45572	800096dc	02fd3733	mulhu	x14,x26,x15	 x26:0x00000001 x15:0x00000000 x14=0x00000000
     455765.000 ns	     45575	800096e0	c01878d3	fcvt.wu.s	x17,f16	 f16:0x442d8000 x17=0x000002b6
     455785.000 ns	     45577	800096e4	1a4af9b7	lui	x19,0x1a4af	 x19=0x1a4af000
     455805.000 ns	     45579	800096e8	d00a72d3	fcvt.s.w	f5,x20	 x20:0x0000e7e1  f5=0x4767e100
     455825.000 ns	     45581	800096ec	4ae1e913	ori	x18,x3,1198	  x3:0x003ca0b0 x18=0x003ca4be
     455835.000 ns	     45582	800096f0	4042dfb3	sra	x31,x5,x4	  x5:0x80041024  x4:0x00000000 x31=0x80041024
     456165.000 ns	     45615	800096f4	18b50f53	fdiv.s	f30,f10,f11	 f10:0x41755d5a f11:0x442d8000 f30=0x3cc89319
     456185.000 ns	     45617	800096f8	41535733	sra	x14,x6,x21	  x6:0x00000000 x21:0x3fffea19 x14=0x00000000
     456205.000 ns	     45619	800096fc	a0862cd3	feq.s	x25,f12,f8	 f12:0x46b5ba00  f8:0x4f7fffff x25=0x00000000
     456235.000 ns	     45622	80009700	0361ea33	rem	x20,x3,x22	  x3:0x003ca0b0 x22:0x00000000 x20=0x003ca0b0
     456255.000 ns	     45624	80009704	f5ff2a13	slti	x20,x30,-161	 x30:0xf13dd000 x20=0x00000001
     456275.000 ns	     45626	80009708	02db18b3	mulh	x17,x22,x13	 x22:0x00000000 x13:0xfffff907 x17=0x00000000
     456295.000 ns	     45628	8000970c	0124cfb3	xor	x31,x9,x18	  x9:0x00000000 x18:0x003ca4be x31=0x003ca4be
     456655.000 ns	     45664	80009710	023d6ab3	rem	x21,x26,x3	 x26:0x00000001  x3:0x003ca0b0 x21=0x00000001
     456675.000 ns	     45666	80009714	41d6d493	srai	x9,x13,0x1d	 x13:0xfffff907  x9=0xffffffff
     456695.000 ns	     45668	80009718	20b88a53	fsgnj.s	f20,f17,f11	 f17:0x80000000 f11:0x442d8000 f20=0x00000000
     456745.000 ns	     45673	8000971c	09dca553	fsub.s	f10,f25,f29	 f25:0x00000000 f29:0x7fc00000 f10=0x7fc00000
     456765.000 ns	     45675	80009720	011d9433	sll	x8,x27,x17	 x27:0xf9af2af0 x17:0x00000000  x8=0xf9af2af0
     456805.000 ns	     45679	80009724	0046f7d3	fadd.s	f15,f13,f4	 f13:0x46b051ff  f4:0x00000000 f15=0x46b051ff
     456835.000 ns	     45682	80009728	0331b533	mulhu	x10,x3,x19	  x3:0x003ca0b0 x19:0x1a4af000 x10=0x00063a11
     456855.000 ns	     45684	8000972c	8fde2993	slti	x19,x28,-1795	 x28:0x00000000 x19=0x00000000
     456875.000 ns	     45686	80009730	29239f53	fmax.s	f30,f7,f18	  f7:0x7fc00000 f18:0x00000000 f30=0x00000000
     456905.000 ns	     45689	80009734	03d27b33	remu	x22,x4,x29	  x4:0x00000000 x29:0x00000000 x22=0x00000000
     456935.000 ns	     45692	80009738	a00c9cd3	flt.s	x25,f25,f0	 f25:0x00000000  f0:0x7fc00000 x25=0x00000000
     456955.000 ns	     45694	8000973c	012f6c33	or	x24,x30,x18	 x30:0xf13dd000 x18:0x003ca4be x24=0xf13df4be
     456975.000 ns	     45696	80009740	d00076d3	fcvt.s.w	f13,x0	  x0:0x00000000 f13=0x00000000
     457005.000 ns	     45699	80009744	030e8bb3	mul	x23,x29,x16	 x29:0x00000000 x16:0x80040fe4 x23=0x00000000
     457035.000 ns	     45702	80009748	d01e9c53	fcvt.s.wu	f24,x29	 x29:0x00000000 f24=0x00000000
     457065.000 ns	     45705	8000974c	29fd12d3	fmax.s	f5,f26,f31	 f26:0x00000000 f31:0x00000000  f5=0x00000000
     457085.000 ns	     45707	80009750	0172da33	srl	x20,x5,x23	  x5:0x80041024 x23:0x00000000 x20=0x80041024
     457105.000 ns	     45709	80009754	02eae8b3	rem	x17,x21,x14	 x21:0x00000001 x14:0x00000000 x17=0x00000001
     457125.000 ns	     45711	80009758	004201b3	add	x3,x4,x4	  x4:0x00000000  x4:0x00000000  x3=0x00000000
     457135.000 ns	     45712	8000975c	0078ef33	or	x30,x17,x7	 x17:0x00000001  x7:0x00000000 x30=0x00000001
     457155.000 ns	     45714	80009760	d005f153	fcvt.s.w	f2,x11	 x11:0x00000000  f2=0x00000000
     457175.000 ns	     45716	80009764	2bb27013	andi	x0,x4,699	  x4:0x00000000
     457195.000 ns	     45718	80009768	288d9dd3	fmax.s	f27,f27,f8	 f27:0xffc00000  f8:0x4f7fffff f27=0x4f7fffff
     457225.000 ns	     45721	8000976c	d01821d3	fcvt.s.wu	f3,x16	 x16:0x80040fe4  f3=0x4f000410
     457265.000 ns	     45725	80009770	101e75d3	fmul.s	f11,f28,f1	 f28:0x442d8000  f1:0x442d8000 f11=0x48eb2c80
     457295.000 ns	     45728	80009774	208f29d3	fsgnjx.s	f19,f30,f8	 f30:0x00000000  f8:0x4f7fffff f19=0x00000000
     457325.000 ns	     45731	80009778	28ce8753	fmin.s	f14,f29,f12	 f29:0x7fc00000 f12:0x46b5ba00 f14=0x46b5ba00
     457345.000 ns	     45733	8000977c	40508e33	sub	x28,x1,x5	  x1:0x00000000  x5:0x80041024 x28=0x7ffbefdc
     457355.000 ns	     45734	80009780	41660ab3	sub	x21,x12,x22	 x12:0x003ca0b0 x22:0x00000000 x21=0x003ca0b0
     457365.000 ns	     45735	80009784	00d04033	xor	x0,x0,x13	  x0:0x00000000 x13:0xfffff907
     457725.000 ns	     45771	80009788	02ce4b33	div	x22,x28,x12	 x28:0x7ffbefdc x12:0x003ca0b0 x22=0x0000021c
     457755.000 ns	     45774	8000978c	a181a9d3	feq.s	x19,f3,f24	  f3:0x4f000410 f24:0x00000000 x19=0x00000000
     457775.000 ns	     45776	80009790	00c7c133	xor	x2,x15,x12	 x15:0x00000000 x12:0x003ca0b0  x2=0x003ca0b0
     457785.000 ns	     45777	80009794	00065313	srli	x6,x12,0x0	 x12:0x003ca0b0  x6=0x003ca0b0
     457795.000 ns	     45778	80009798	0199ae33	slt	x28,x19,x25	 x19:0x00000000 x25:0x00000000 x28=0x00000000
     457805.000 ns	     45779	8000979c	00cbe033	or	x0,x23,x12	 x23:0x00000000 x12:0x003ca0b0
     457815.000 ns	     45780	800097a0	00f74533	xor	x10,x14,x15	 x14:0x00000000 x15:0x00000000 x10=0x00000000
     457835.000 ns	     45782	800097a4	02ef9933	mulh	x18,x31,x14	 x31:0x003ca4be x14:0x00000000 x18=0x00000000
     457855.000 ns	     45784	800097a8	0039d733	srl	x14,x19,x3	 x19:0x00000000  x3:0x00000000 x14=0x00000000
     457865.000 ns	     45785	800097ac	01a1dc13	srli	x24,x3,0x1a	  x3:0x00000000 x24=0x00000000
     457875.000 ns	     45786	800097b0	40555413	srai	x8,x10,0x5	 x10:0x00000000  x8=0x00000000
     457885.000 ns	     45787	800097b4	019a7bb3	and	x23,x20,x25	 x20:0x80041024 x25:0x00000000 x23=0x00000000
     457905.000 ns	     45789	800097b8	d01576d3	fcvt.s.wu	f13,x10	 x10:0x00000000 f13=0x00000000
     458275.000 ns	     45826	800097bc	025b4d33	div	x26,x22,x5	 x22:0x0000021c  x5:0x80041024 x26=0x00000000
     458295.000 ns	     45828	800097c0	0111d1b3	srl	x3,x3,x17	  x3:0x00000000 x17:0x00000001  x3=0x00000000
     458315.000 ns	     45830	800097c4	02edf433	remu	x8,x27,x14	 x27:0xf9af2af0 x14:0x00000000  x8=0xf9af2af0
     458335.000 ns	     45832	800097c8	0063f0b3	and	x1,x7,x6	  x7:0x00000000  x6:0x003ca0b0  x1=0x00000000
     458345.000 ns	     45833	800097cc	00687e33	and	x28,x16,x6	 x16:0x80040fe4  x6:0x003ca0b0 x28=0x000400a0
     458355.000 ns	     45834	800097d0	0168d093	srli	x1,x17,0x16	 x17:0x00000001  x1=0x00000000
     458375.000 ns	     45836	800097d4	e00a89d3	fmv.x.w	x19,f21	 f21:0xcf000000 x19=0xcf000000
     458395.000 ns	     45838	800097d8	012e5c13	srli	x24,x28,0x12	 x28:0x000400a0 x24=0x00000001
     458415.000 ns	     45840	800097dc	20178253	fsgnj.s	f4,f15,f1	 f15:0x46b051ff  f1:0x442d8000  f4=0x46b051ff
     458455.000 ns	     45844	800097e0	199c22d3	fdiv.s	f5,f24,f25	 f24:0x00000000 f25:0x00000000  f5=0x7fc00000
     458475.000 ns	     45846	800097e4	41ff8a33	sub	x20,x31,x31	 x31:0x003ca4be x31:0x003ca4be x20=0x00000000
     458495.000 ns	     45848	800097e8	036c25b3	mulhsu	x11,x24,x22	 x24:0x00000001 x22:0x0000021c x11=0x00000000
     458525.000 ns	     45851	800097ec	28ca0e53	fmin.s	f28,f20,f12	 f20:0x00000000 f12:0x46b5ba00 f28=0x00000000
     458545.000 ns	     45853	800097f0	7c4c9c37	lui	x24,0x7c4c9	 x24=0x7c4c9000
     458585.000 ns	     45857	800097f4	0000fd53	fadd.s	f26,f1,f0	  f1:0x442d8000  f0:0x7fc00000 f26=0x7fc00000
     458615.000 ns	     45860	800097f8	20f81d53	fsgnjn.s	f26,f16,f15	 f16:0x442d8000 f15:0x46b051ff f26=0xc42d8000
     458635.000 ns	     45862	800097fc	40e55ab3	sra	x21,x10,x14	 x10:0x00000000 x14:0x00000000 x21=0x00000000
     458675.000 ns	     45866	80009800	00ec7253	fadd.s	f4,f24,f14	 f24:0x00000000 f14:0x46b5ba00  f4=0x46b5ba00
     458695.000 ns	     45868	80009804	004290b3	sll	x1,x5,x4	  x5:0x80041024  x4:0x00000000  x1=0x80041024
     458715.000 ns	     45870	80009808	a0e58753	fle.s	x14,f11,f14	 f11:0x48eb2c80 f14:0x46b5ba00 x14=0x00000000
     458735.000 ns	     45872	8000980c	40ced133	sra	x2,x29,x12	 x29:0x00000000 x12:0x003ca0b0  x2=0x00000000
     458755.000 ns	     45874	80009810	20918b53	fsgnj.s	f22,f3,f9	  f3:0x4f000410  f9:0x442d8000 f22=0x4f000410
     458795.000 ns	     45878	80009814	105572d3	fmul.s	f5,f10,f5	 f10:0x7fc00000  f5:0x7fc00000  f5=0x7fc00000
     458815.000 ns	     45880	80009818	40510eb3	sub	x29,x2,x5	  x2:0x00000000  x5:0x80041024 x29=0x7ffbefdc
     458835.000 ns	     45882	8000981c	d0063bd3	fcvt.s.w	f23,x12	 x12:0x003ca0b0 f23=0x4a7282c0
     458855.000 ns	     45884	80009820	01193e33	sltu	x28,x18,x17	 x18:0x00000000 x17:0x00000001 x28=0x00000001
     458865.000 ns	     45885	80009824	40d95993	srai	x19,x18,0xd	 x18:0x00000000 x19=0x00000000
     458885.000 ns	     45887	80009828	a0e10c53	fle.s	x24,f2,f14	  f2:0x00000000 f14:0x46b5ba00 x24=0x00000001
     458905.000 ns	     45889	8000982c	00656933	or	x18,x10,x6	 x10:0x00000000  x6:0x003ca0b0 x18=0x003ca0b0
     458915.000 ns	     45890	80009830	01cd8533	add	x10,x27,x28	 x27:0xf9af2af0 x28:0x00000001 x10=0xf9af2af1
     458925.000 ns	     45891	80009834	b4f47c93	andi	x25,x8,-1201	  x8:0xf9af2af0 x25=0xf9af2a40
     458935.000 ns	     45892	80009838	1543e093	ori	x1,x7,340	  x7:0x00000000  x1=0x00000154
     458945.000 ns	     45893	8000983c	ef047c13	andi	x24,x8,-272	  x8:0xf9af2af0 x24=0xf9af2af0
     458975.000 ns	     45896	80009840	18db7353	fdiv.s	f6,f22,f13	 f22:0x4f000410 f13:0x00000000  f6=0x7f800000
     459005.000 ns	     45899	80009844	201d8d53	fsgnj.s	f26,f27,f1	 f27:0x4f7fffff  f1:0x442d8000 f26=0x4f7fffff
     459025.000 ns	     45901	80009848	01923e33	sltu	x28,x4,x25	  x4:0x00000000 x25:0xf9af2a40 x28=0x00000001
     459035.000 ns	     45902	8000984c	5d1c0097	auipc	x1,0x5d1c0	  x1=0xdd1c984c
     459045.000 ns	     45903	80009850	41470f33	sub	x30,x14,x20	 x14:0x00000000 x20:0x00000000 x30=0x00000000
     459055.000 ns	     45904	80009854	00ce05b3	add	x11,x28,x12	 x28:0x00000001 x12:0x003ca0b0 x11=0x003ca0b1
     459065.000 ns	     45905	80009858	38081c17	auipc	x24,0x38081	 x24=0xb808a858
     459075.000 ns	     45906	8000985c	00556a33	or	x20,x10,x5	 x10:0xf9af2af1  x5:0x80041024 x20=0xf9af3af5
     459085.000 ns	     45907	80009860	01549433	sll	x8,x9,x21	  x9:0xffffffff x21:0x00000000  x8=0xffffffff
     459095.000 ns	     45908	80009864	0039e033	or	x0,x19,x3	 x19:0x00000000  x3:0x00000000
     459105.000 ns	     45909	80009868	9864c513	xori	x10,x9,-1658	  x9:0xffffffff x10=0x00000679
     459125.000 ns	     45911	8000986c	02992fb3	mulhsu	x31,x18,x9	 x18:0x003ca0b0  x9:0xffffffff x31=0x003ca0af
     459155.000 ns	     45914	80009870	a121a753	feq.s	x14,f3,f18	  f3:0x4f000410 f18:0x00000000 x14=0x00000000
     459175.000 ns	     45916	80009874	0100e3b3	or	x7,x1,x16	  x1:0xdd1c984c x16:0x80040fe4  x7=0xdd1c9fec
     459215.000 ns	     45920	80009878	08fa2253	fsub.s	f4,f20,f15	 f20:0x00000000 f15:0x46b051ff  f4=0xc6b051ff
     459245.000 ns	     45923	8000987c	21a596d3	fsgnjn.s	f13,f11,f26	 f11:0x48eb2c80 f26:0x4f7fffff f13=0xc8eb2c80
     459265.000 ns	     45925	80009880	6d9a4893	xori	x17,x20,1753	 x20:0xf9af3af5 x17=0xf9af3c2c
     459285.000 ns	     45927	80009884	03ea9eb3	mulh	x29,x21,x30	 x21:0x00000000 x30:0x00000000 x29=0x00000000
     459315.000 ns	     45930	80009888	a0da0a53	fle.s	x20,f20,f13	 f20:0x00000000 f13:0xc8eb2c80 x20=0x00000000
     459345.000 ns	     45933	8000988c	023bb9b3	mulhu	x19,x23,x3	 x23:0x00000000  x3:0x00000000 x19=0x00000000
     459365.000 ns	     45935	80009890	c7853517	auipc	x10,0xc7853	 x10=0x4785c890
     459385.000 ns	     45937	80009894	023c4ab3	div	x21,x24,x3	 x24:0xb808a858  x3:0x00000000 x21=0xffffffff
     459415.000 ns	     45940	80009898	a0682b53	feq.s	x22,f16,f6	 f16:0x442d8000  f6:0x7f800000 x22=0x00000000
     459455.000 ns	     45944	8000989c	104eb9d3	fmul.s	f19,f29,f4	 f29:0x7fc00000  f4:0xc6b051ff f19=0x7fc00000
     459485.000 ns	     45947	800098a0	20d588d3	fsgnj.s	f17,f11,f13	 f11:0x48eb2c80 f13:0xc8eb2c80 f17=0xc8eb2c80
     459515.000 ns	     45950	800098a4	02ec96b3	mulh	x13,x25,x14	 x25:0xf9af2a40 x14:0x00000000 x13=0x00000000
     459535.000 ns	     45952	800098a8	41d25e13	srai	x28,x4,0x1d	  x4:0x00000000 x28=0x00000000
     459565.000 ns	     45955	800098ac	107df5d3	fmul.s	f11,f27,f7	 f27:0x4f7fffff  f7:0x7fc00000 f11=0x7fc00000
     459595.000 ns	     45958	800098b0	a1698e53	fle.s	x28,f19,f22	 f19:0x7fc00000 f22:0x4f000410 x28=0x00000000
     459625.000 ns	     45961	800098b4	d010ab53	fcvt.s.wu	f22,x1	  x1:0xdd1c984c f22=0x4f5d1c99
     459645.000 ns	     45963	800098b8	011c4033	xor	x0,x24,x17	 x24:0xb808a858 x17:0xf9af3c2c
     459655.000 ns	     45964	800098bc	00f220b3	slt	x1,x4,x15	  x4:0x00000000 x15:0x00000000  x1=0x00000000
     459675.000 ns	     45966	800098c0	f0090b53	fmv.w.x	f22,x18	 x18:0x003ca0b0 f22=0x003ca0b0
     459695.000 ns	     45968	800098c4	ac127213	andi	x4,x4,-1343	  x4:0x00000000  x4=0x00000000
     459705.000 ns	     45969	800098c8	97b3e197	auipc	x3,0x97b3e	  x3=0x17b478c8
     459715.000 ns	     45970	800098cc	01a036b3	sltu	x13,x0,x26	  x0:0x00000000 x26:0x00000000 x13=0x00000000
     459725.000 ns	     45971	800098d0	80230f17	auipc	x30,0x80230	 x30=0x002398d0
     459755.000 ns	     45974	800098d4	19973753	fdiv.s	f14,f14,f25	 f14:0x46b5ba00 f25:0x00000000 f14=0x7f800000
     459775.000 ns	     45976	800098d8	0106de33	srl	x28,x13,x16	 x13:0x00000000 x16:0x80040fe4 x28=0x00000000
     459785.000 ns	     45977	800098dc	b252fd13	andi	x26,x5,-1243	  x5:0x80041024 x26=0x80041024
     459795.000 ns	     45978	800098e0	00822bb3	slt	x23,x4,x8	  x4:0x00000000  x8:0xffffffff x23=0x00000000
     459835.000 ns	     45982	800098e4	080871d3	fsub.s	f3,f16,f0	 f16:0x442d8000  f0:0x7fc00000  f3=0x7fc00000
     459855.000 ns	     45984	800098e8	00f43333	sltu	x6,x8,x15	  x8:0xffffffff x15:0x00000000  x6=0x00000000
     459875.000 ns	     45986	800098ec	0254a933	mulhsu	x18,x9,x5	  x9:0xffffffff  x5:0x80041024 x18=0xffffffff
     459905.000 ns	     45989	800098f0	a1600953	fle.s	x18,f0,f22	  f0:0x7fc00000 f22:0x003ca0b0 x18=0x00000000
     459925.000 ns	     45991	800098f4	019323b3	slt	x7,x6,x25	  x6:0x00000000 x25:0xf9af2a40  x7=0x00000000
     459945.000 ns	     45993	800098f8	a0fe18d3	flt.s	x17,f28,f15	 f28:0x00000000 f15:0x46b051ff x17=0x00000001
     459975.000 ns	     45996	800098fc	21119f53	fsgnjn.s	f30,f3,f17	  f3:0x7fc00000 f17:0xc8eb2c80 f30=0x7fc00000
     460005.000 ns	     45999	80009900	02e32bb3	mulhsu	x23,x6,x14	  x6:0x00000000 x14:0x00000000 x23=0x00000000
     460025.000 ns	     46001	80009904	01136433	or	x8,x6,x17	  x6:0x00000000 x17:0x00000001  x8=0x00000001
     460035.000 ns	     46002	80009908	016de7b3	or	x15,x27,x22	 x27:0xf9af2af0 x22:0x00000000 x15=0xf9af2af0
     460055.000 ns	     46004	8000990c	a113a653	feq.s	x12,f7,f17	  f7:0x7fc00000 f17:0xc8eb2c80 x12=0x00000000
     460085.000 ns	     46007	80009910	a0c91053	flt.s	x0,f18,f12	 f18:0x00000000 f12:0x46b5ba00
     460105.000 ns	     46009	80009914	0df02617	auipc	x12,0xdf02	 x12=0x8df0b914
     460115.000 ns	     46010	80009918	4018d913	srai	x18,x17,0x1	 x17:0x00000001 x18=0x00000000
     461285.000 ns	     46127	8000991c	580428d3	fsqrt.s	f17,f8	  f8:0x4f7fffff f17=0x47350461
     461315.000 ns	     46130	80009920	023a38b3	mulhu	x17,x20,x3	 x20:0x00000000  x3:0x17b478c8 x17=0x00000000
     461335.000 ns	     46132	80009924	41965c93	srai	x25,x12,0x19	 x12:0x8df0b914 x25=0xffffffc6
     461345.000 ns	     46133	80009928	00983133	sltu	x2,x16,x9	 x16:0x80040fe4  x9:0xffffffff  x2=0x00000001
     461365.000 ns	     46135	8000992c	c007f7d3	fcvt.w.s	x15,f15	 f15:0x46b051ff x15=0x00005828
     461385.000 ns	     46137	80009930	408bd133	sra	x2,x23,x8	 x23:0x00000000  x8:0x00000001  x2=0x00000000
     461415.000 ns	     46140	80009934	11ea16d3	fmul.s	f13,f20,f30	 f20:0x00000000 f30:0x7fc00000 f13=0x7fc00000
     461435.000 ns	     46142	80009938	00b7d0b3	srl	x1,x15,x11	 x15:0x00005828 x11:0x003ca0b1  x1=0x00000000
     461455.000 ns	     46144	8000993c	033c6bb3	rem	x23,x24,x19	 x24:0xb808a858 x19:0x00000000 x23=0xb808a858
     461475.000 ns	     46146	80009940	00367233	and	x4,x12,x3	 x12:0x8df0b914  x3:0x17b478c8  x4=0x05b03800
     461485.000 ns	     46147	80009944	35ed7f37	lui	x30,0x35ed7	 x30=0x35ed7000
     461505.000 ns	     46149	80009948	03f81033	mulh	x0,x16,x31	 x16:0x80040fe4 x31:0x003ca0af
     461525.000 ns	     46151	8000994c	01075013	srli	x0,x14,0x10	 x14:0x00000000
     461535.000 ns	     46152	80009950	01ad9c33	sll	x24,x27,x26	 x27:0xf9af2af0 x26:0x80041024 x24=0x9af2af00
     461545.000 ns	     46153	80009954	f1388693	addi	x13,x17,-237	 x17:0x00000000 x13=0xffffff13
     461565.000 ns	     46155	80009958	020418b3	mulh	x17,x8,x0	  x8:0x00000001  x0:0x00000000 x17=0x00000000
     461595.000 ns	     46158	8000995c	d01a7d53	fcvt.s.wu	f26,x20	 x20:0x00000000 f26=0x00000000
     461615.000 ns	     46160	80009960	9dff8493	addi	x9,x31,-1569	 x31:0x003ca0af  x9=0x003c9a8e
     461625.000 ns	     46161	80009964	535cf093	andi	x1,x25,1333	 x25:0xffffffc6  x1=0x00000504
     461645.000 ns	     46163	80009968	d012fb53	fcvt.s.wu	f22,x5	  x5:0x80041024 f22=0x4f000410
     461675.000 ns	     46166	8000996c	03b5a433	mulhsu	x8,x11,x27	 x11:0x003ca0b1 x27:0xf9af2af0  x8=0x003b21c8
     461715.000 ns	     46170	80009970	117af6d3	fmul.s	f13,f21,f23	 f21:0xcf000000 f23:0x4a7282c0 f13=0xd9f282c0
     461735.000 ns	     46172	80009974	5534c513	xori	x10,x9,1363	  x9:0x003c9a8e x10=0x003c9fdd
     461745.000 ns	     46173	80009978	5d7bb193	sltiu	x3,x23,1495	 x23:0xb808a858  x3=0x00000000
     462915.000 ns	     46290	8000997c	5808b3d3	fsqrt.s	f7,f17	 f17:0x47350461  f7=0x42fffef4
     462935.000 ns	     46292	80009980	408d5713	srai	x14,x26,0x8	 x26:0x80041024 x14=0xff800410
     462955.000 ns	     46294	80009984	f0038dd3	fmv.w.x	f27,x7	  x7:0x00000000 f27=0x00000000
     462985.000 ns	     46297	80009988	a1969d53	flt.s	x26,f13,f25	 f13:0xd9f282c0 f25:0x00000000 x26=0x00000001
     463035.000 ns	     46302	8000998c	015eb0d3	fadd.s	f1,f29,f21	 f29:0x7fc00000 f21:0xcf000000  f1=0x7fc00000
     463065.000 ns	     46305	80009990	029f1fb3	mulh	x31,x30,x9	 x30:0x35ed7000  x9:0x003c9a8e x31=0x000cc434
     463095.000 ns	     46308	80009994	d00c77d3	fcvt.s.w	f15,x24	 x24:0x9af2af00 f15=0xceca1aa2
     463115.000 ns	     46310	80009998	01ce65b3	or	x11,x28,x28	 x28:0x00000000 x28:0x00000000 x11=0x00000000
     463125.000 ns	     46311	8000999c	403ddb93	srai	x23,x27,0x3	 x27:0xf9af2af0 x23=0xff35e55e
     463135.000 ns	     46312	800099a0	40920233	sub	x4,x4,x9	  x4:0x05b03800  x9:0x003c9a8e  x4=0x05739d72
     463145.000 ns	     46313	800099a4	017df5b3	and	x11,x27,x23	 x27:0xf9af2af0 x23:0xb808a858 x11=0xf9252050
     463155.000 ns	     46314	800099a8	400c5313	srai	x6,x24,0x0	 x24:0x9af2af00  x6=0x9af2af00
     463165.000 ns	     46315	800099ac	00028ab3	add	x21,x5,x0	  x5:0x80041024  x0:0x00000000 x21=0x80041024
     463175.000 ns	     46316	800099b0	00000013	addi	x0,x0,0	  x0:0x00000000
     463195.000 ns	     46318	800099b4	02280533	mul	x10,x16,x2	 x16:0x80040fe4  x2:0x00000000 x10=0x00000000
     463215.000 ns	     46320	800099b8	01a22b33	slt	x22,x4,x26	  x4:0x05739d72 x26:0x00000001 x22=0x00000000
     463235.000 ns	     46322	800099bc	034aaeb3	mulhsu	x29,x21,x20	 x21:0x80041024 x20:0x00000000 x29=0x00000000
     463255.000 ns	     46324	800099c0	013136b3	sltu	x13,x2,x19	  x2:0x00000000 x19:0x00000000 x13=0x00000000
     463265.000 ns	     46325	800099c4	40dd04b3	sub	x9,x26,x13	 x26:0x00000001 x13:0xffffff13  x9=0x00000001
     463275.000 ns	     46326	800099c8	00b2dd13	srli	x26,x5,0xb	  x5:0x80041024 x26=0x00100082
     463295.000 ns	     46328	800099cc	d01cf9d3	fcvt.s.wu	f19,x25	 x25:0xffffffc6 f19=0x4f7fffff
     463315.000 ns	     46330	800099d0	00db37b3	sltu	x15,x22,x13	 x22:0x00000000 x13:0x00000000 x15=0x00000000
     463335.000 ns	     46332	800099d4	280e9bd3	fmax.s	f23,f29,f0	 f29:0x7fc00000  f0:0x7fc00000 f23=0x7fc00000
     463355.000 ns	     46334	800099d8	00277b33	and	x22,x14,x2	 x14:0xff800410  x2:0x00000000 x22=0x00000000
     463365.000 ns	     46335	800099dc	3dd5f7b7	lui	x15,0x3dd5f	 x15=0x3dd5f000
     463385.000 ns	     46337	800099e0	20d02053	fsgnjx.s	f0,f0,f13	  f0:0x7fc00000 f13:0xd9f282c0  f0=0xffc00000
     463415.000 ns	     46340	800099e4	c00d77d3	fcvt.w.s	x15,f26	 f26:0x00000000 x15=0x00000000
     463435.000 ns	     46342	800099e8	017e95b3	sll	x11,x29,x23	 x29:0x00000000 x23:0xff35e55e x11=0x00000000
     463445.000 ns	     46343	800099ec	0155e933	or	x18,x11,x21	 x11:0xf9252050 x21:0x80041024 x18=0x80041024
     463455.000 ns	     46344	800099f0	00de26b3	slt	x13,x28,x13	 x28:0x00000000 x13:0x00000000 x13=0x00000000
     463485.000 ns	     46347	800099f4	187930d3	fdiv.s	f1,f18,f7	 f18:0x00000000  f7:0x42fffef4  f1=0x00000000
     463505.000 ns	     46349	800099f8	01b29bb3	sll	x23,x5,x27	  x5:0x80041024 x27:0xf9af2af0 x23=0x10240000
     463535.000 ns	     46352	800099fc	19771f53	fdiv.s	f30,f14,f23	 f14:0x7f800000 f23:0x7fc00000 f30=0x7fc00000
     463555.000 ns	     46354	80009a00	d2f3ac17	auipc	x24,0xd2f3a	 x24=0x52f43a00
     463595.000 ns	     46358	80009a04	014b72d3	fadd.s	f5,f22,f20	 f22:0x4f000410 f20:0x00000000  f5=0x4f000410
     463645.000 ns	     46363	80009a08	001416d3	fadd.s	f13,f8,f1	  f8:0x4f7fffff  f1:0x00000000 f13=0x4f7fffff
     464015.000 ns	     46400	80009a0c	0217eeb3	rem	x29,x15,x1	 x15:0x00000000  x1:0x00000504 x29=0x00000000
     464035.000 ns	     46402	80009a10	40d9d013	srai	x0,x19,0xd	 x19:0x00000000
     464045.000 ns	     46403	80009a14	0147ebb3	or	x23,x15,x20	 x15:0x00000000 x20:0x00000000 x23=0x00000000
     464055.000 ns	     46404	80009a18	00ac1493	slli	x9,x24,0xa	 x24:0x52f43a00  x9=0xd0e80000
     464085.000 ns	     46407	80009a1c	18f57453	fdiv.s	f8,f10,f15	 f10:0x7fc00000 f15:0xceca1aa2  f8=0x7fc00000
     464115.000 ns	     46410	80009a20	d00579d3	fcvt.s.w	f19,x10	 x10:0x00000000 f19=0x00000000
     464135.000 ns	     46412	80009a24	226eb493	sltiu	x9,x29,550	 x29:0x00000000  x9=0x00000001
     464145.000 ns	     46413	80009a28	41fb5cb3	sra	x25,x22,x31	 x22:0x00000000 x31:0x000cc434 x25=0x00000000
     464165.000 ns	     46415	80009a2c	206310d3	fsgnjn.s	f1,f6,f6	  f6:0x7f800000  f6:0x7f800000  f1=0xff800000
     464185.000 ns	     46417	80009a30	08526a17	auipc	x20,0x8526	 x20=0x8852fa30
     464195.000 ns	     46418	80009a34	018ad013	srli	x0,x21,0x18	 x21:0x80041024
     464205.000 ns	     46419	80009a38	01d0d733	srl	x14,x1,x29	  x1:0x00000504 x29:0x00000000 x14=0x00000504
     464225.000 ns	     46421	80009a3c	a03f1753	flt.s	x14,f30,f3	 f30:0x7fc00000  f3:0x7fc00000 x14=0x00000000
     464275.000 ns	     46426	80009a40	09aaf753	fsub.s	f14,f21,f26	 f21:0xcf000000 f26:0x00000000 f14=0xcf000000
     464305.000 ns	     46429	80009a44	d018cf53	fcvt.s.wu	f30,x17	 x17:0x00000000 f30=0x00000000
     464355.000 ns	     46434	80009a48	09159a53	fsub.s	f20,f11,f17	 f11:0x7fc00000 f17:0x47350461 f20=0x7fc00000
     464385.000 ns	     46437	80009a4c	d008bbd3	fcvt.s.w	f23,x17	 x17:0x00000000 f23=0x00000000
     464405.000 ns	     46439	80009a50	3f5f2413	slti	x8,x30,1013	 x30:0x35ed7000  x8=0x00000000
     464415.000 ns	     46440	80009a54	00000013	addi	x0,x0,0	  x0:0x00000000
     464425.000 ns	     46441	80009a58	4104d513	srai	x10,x9,0x10	  x9:0x00000001 x10=0x00000000
     464445.000 ns	     46443	80009a5c	20529fd3	fsgnjn.s	f31,f5,f5	  f5:0x4f000410  f5:0x4f000410 f31=0xcf000410
     464495.000 ns	     46448	80009a60	00b90953	fadd.s	f18,f18,f11	 f18:0x00000000 f11:0x7fc00000 f18=0x7fc00000
     464515.000 ns	     46450	80009a64	002fa9b3	slt	x19,x31,x2	 x31:0x000cc434  x2:0x00000000 x19=0x00000000
     464525.000 ns	     46451	80009a68	c9776313	ori	x6,x14,-873	 x14:0x00000000  x6=0xfffffc97
     464535.000 ns	     46452	80009a6c	00759393	slli	x7,x11,0x7	 x11:0x00000000  x7=0x00000000
     464575.000 ns	     46456	80009a70	01febbd3	fadd.s	f23,f29,f31	 f29:0x7fc00000 f31:0xcf000410 f23=0x7fc00000
     464595.000 ns	     46458	80009a74	01a55693	srli	x13,x10,0x1a	 x10:0x00000000 x13=0x00000000
     464615.000 ns	     46460	80009a78	02a73133	mulhu	x2,x14,x10	 x14:0x00000000 x10:0x00000000  x2=0x00000000
     464645.000 ns	     46463	80009a7c	03354b33	div	x22,x10,x19	 x10:0x00000000 x19:0x00000000 x22=0xffffffff
     464665.000 ns	     46465	80009a80	40badc33	sra	x24,x21,x11	 x21:0x80041024 x11:0x00000000 x24=0x80041024
     464685.000 ns	     46467	80009a84	211b29d3	fsgnjx.s	f19,f22,f17	 f22:0x4f000410 f17:0x47350461 f19=0x4f000410
     464705.000 ns	     46469	80009a88	1ae4da37	lui	x20,0x1ae4d	 x20=0x1ae4d000
     464725.000 ns	     46471	80009a8c	036a89b3	mul	x19,x21,x22	 x21:0x80041024 x22:0xffffffff x19=0x7ffbefdc
     464745.000 ns	     46473	80009a90	415b5bb3	sra	x23,x22,x21	 x22:0xffffffff x21:0x80041024 x23=0xffffffff
     464755.000 ns	     46474	80009a94	01af4233	xor	x4,x30,x26	 x30:0x35ed7000 x26:0x00100082  x4=0x35fd7082
     464775.000 ns	     46476	80009a98	21dba7d3	fsgnjx.s	f15,f23,f29	 f23:0x7fc00000 f29:0x7fc00000 f15=0x7fc00000
     464805.000 ns	     46479	80009a9c	e0018d53	fmv.x.w	x26,f3	  f3:0x7fc00000 x26=0x7fc00000
     464855.000 ns	     46484	80009aa0	01c7f1d3	fadd.s	f3,f15,f28	 f15:0x7fc00000 f28:0x00000000  f3=0x7fc00000
     464885.000 ns	     46487	80009aa4	02da30b3	mulhu	x1,x20,x13	 x20:0x1ae4d000 x13:0x00000000  x1=0x00000000
     464915.000 ns	     46490	80009aa8	f00d8553	fmv.w.x	f10,x27	 x27:0xf9af2af0 f10=0xf9af2af0
     464945.000 ns	     46493	80009aac	a06295d3	flt.s	x11,f5,f6	  f5:0x4f000410  f6:0x7f800000 x11=0x00000001
     464975.000 ns	     46496	80009ab0	211692d3	fsgnjn.s	f5,f13,f17	 f13:0x4f7fffff f17:0x47350461  f5=0xcf7fffff
     465005.000 ns	     46499	80009ab4	e00d90d3	fclass.s	x1,f27	 f27:0x00000000  x1=0x00000010
     465375.000 ns	     46536	80009ab8	03e5df33	divu	x30,x11,x30	 x11:0x00000001 x30:0x35ed7000 x30=0x00000000
     465425.000 ns	     46541	80009abc	093e7153	fsub.s	f2,f28,f19	 f28:0x00000000 f19:0x4f000410  f2=0xcf000410
     465455.000 ns	     46544	80009ac0	03660633	mul	x12,x12,x22	 x12:0x8df0b914 x22:0xffffffff x12=0x720f46ec
     465485.000 ns	     46547	80009ac4	a113a453	feq.s	x8,f7,f17	  f7:0x42fffef4 f17:0x47350461  x8=0x00000000
     465505.000 ns	     46549	80009ac8	00b76933	or	x18,x14,x11	 x14:0x00000000 x11:0x00000001 x18=0x00000001
     465535.000 ns	     46552	80009acc	11dd8053	fmul.s	f0,f27,f29	 f27:0x00000000 f29:0x7fc00000  f0=0x7fc00000
     465565.000 ns	     46555	80009ad0	02712fb3	mulhsu	x31,x2,x7	  x2:0x00000000  x7:0x00000000 x31=0x00000000
     465595.000 ns	     46558	80009ad4	e00b0553	fmv.x.w	x10,f22	 f22:0x4f000410 x10=0x4f000410
     465625.000 ns	     46561	80009ad8	c0167453	fcvt.wu.s	x8,f12	 f12:0x46b5ba00  x8=0x00005add
     465645.000 ns	     46563	80009adc	00416d33	or	x26,x2,x4	  x2:0x00000000  x4:0x35fd7082 x26=0x35fd7082
     465665.000 ns	     46565	80009ae0	037c98b3	mulh	x17,x25,x23	 x25:0x00000000 x23:0xffffffff x17=0x00000000
     465685.000 ns	     46567	80009ae4	419051b3	sra	x3,x0,x25	  x0:0x00000000 x25:0x00000000  x3=0x00000000
     465705.000 ns	     46569	80009ae8	02e5c9b3	div	x19,x11,x14	 x11:0x00000001 x14:0x00000000 x19=0xffffffff
     465725.000 ns	     46571	80009aec	009fee33	or	x28,x31,x9	 x31:0x00000000  x9:0x00000001 x28=0x00000001
     465745.000 ns	     46573	80009af0	03ec63b3	rem	x7,x24,x30	 x24:0x80041024 x30:0x00000000  x7=0x80041024
     465765.000 ns	     46575	80009af4	016f9033	sll	x0,x31,x22	 x31:0x00000000 x22:0xffffffff
     465775.000 ns	     46576	80009af8	1d283713	sltiu	x14,x16,466	 x16:0x80040fe4 x14=0x00000000
     465795.000 ns	     46578	80009afc	20570453	fsgnj.s	f8,f14,f5	 f14:0xcf000000  f5:0xcf7fffff  f8=0xcf000000
     465815.000 ns	     46580	80009b00	75880d13	addi	x26,x16,1880	 x16:0x80040fe4 x26=0x8004173c
     465825.000 ns	     46581	80009b04	ae84ea93	ori	x21,x9,-1304	  x9:0x00000001 x21=0xfffffae9
     465865.000 ns	     46585	80009b08	000df453	fadd.s	f8,f27,f0	 f27:0x00000000  f0:0x7fc00000  f8=0x7fc00000
     465885.000 ns	     46587	80009b0c	706cc937	lui	x18,0x706cc	 x18=0x706cc000
     465925.000 ns	     46591	80009b10	00fdff53	fadd.s	f30,f27,f15	 f27:0x00000000 f15:0x7fc00000 f30=0x7fc00000
     465955.000 ns	     46594	80009b14	f0098653	fmv.w.x	f12,x19	 x19:0xffffffff f12=0xffffffff
     465975.000 ns	     46596	80009b18	9951f997	auipc	x19,0x9951f	 x19=0x19528b18
     465985.000 ns	     46597	80009b1c	00863733	sltu	x14,x12,x8	 x12:0x720f46ec  x8:0x00005add x14=0x00000000
     465995.000 ns	     46598	80009b20	00bad113	srli	x2,x21,0xb	 x21:0xfffffae9  x2=0x001fffff
     466005.000 ns	     46599	80009b24	20664d13	xori	x26,x12,518	 x12:0x720f46ec x26=0x720f44ea
     466015.000 ns	     46600	80009b28	00d01393	slli	x7,x0,0xd	  x0:0x00000000  x7=0x00000000
     466025.000 ns	     46601	80009b2c	d7292993	slti	x19,x18,-654	 x18:0x706cc000 x19=0x00000000
     466045.000 ns	     46603	80009b30	e00781d3	fmv.x.w	x3,f15	 f15:0x7fc00000  x3=0x7fc00000
     466075.000 ns	     46606	80009b34	28db89d3	fmin.s	f19,f23,f13	 f23:0x7fc00000 f13:0x4f7fffff f19=0x4f7fffff
     466105.000 ns	     46609	80009b38	f0068ed3	fmv.w.x	f29,x13	 x13:0x00000000 f29=0x00000000
     466125.000 ns	     46611	80009b3c	41215733	sra	x14,x2,x18	  x2:0x001fffff x18:0x706cc000 x14=0x001fffff
     466155.000 ns	     46614	80009b40	10ee1dd3	fmul.s	f27,f28,f14	 f28:0x00000000 f14:0xcf000000 f27=0x80000000
     466185.000 ns	     46617	80009b44	21862053	fsgnjx.s	f0,f12,f24	 f12:0xffffffff f24:0x00000000  f0=0xffffffff
     466205.000 ns	     46619	80009b48	8ac38e97	auipc	x29,0x8ac38	 x29=0x0ac41b48
     466245.000 ns	     46623	80009b4c	012c70d3	fadd.s	f1,f24,f18	 f24:0x00000000 f18:0x7fc00000  f1=0x7fc00000
     466275.000 ns	     46626	80009b50	023e8433	mul	x8,x29,x3	 x29:0x00000000  x3:0x7fc00000  x8=0x2e000000
     466295.000 ns	     46628	80009b54	01fa79b3	and	x19,x20,x31	 x20:0x1ae4d000 x31:0x00000000 x19=0x00000000
     466315.000 ns	     46630	80009b58	e00d13d3	fclass.s	x7,f26	 f26:0x00000000  x7=0x00000010
     466345.000 ns	     46633	80009b5c	031c7d33	remu	x26,x24,x17	 x24:0x80041024 x17:0x00000000 x26=0x80041024
     466385.000 ns	     46637	80009b60	183429d3	fdiv.s	f19,f8,f3	  f8:0x7fc00000  f3:0x7fc00000 f19=0x7fc00000
     466405.000 ns	     46639	80009b64	00519413	slli	x8,x3,0x5	  x3:0x7fc00000  x8=0xf8000000
     466425.000 ns	     46641	80009b68	a1b58d53	fle.s	x26,f11,f27	 f11:0x7fc00000 f27:0x80000000 x26=0x00000000
     466455.000 ns	     46644	80009b6c	c007f753	fcvt.w.s	x14,f15	 f15:0x7fc00000 x14=0x7fffffff
     466475.000 ns	     46646	80009b70	cdc66393	ori	x7,x12,-804	 x12:0x720f46ec  x7=0xfffffefc
     466495.000 ns	     46648	80009b74	e0051153	fclass.s	x2,f10	 f10:0xf9af2af0  x2=0x00000002
     466515.000 ns	     46650	80009b78	e9e76213	ori	x4,x14,-354	 x14:0x7fffffff  x4=0xffffffff
     466535.000 ns	     46652	80009b7c	e00c9653	fclass.s	x12,f25	 f25:0x00000000 x12=0x00000010
     466565.000 ns	     46655	80009b80	d008af53	fcvt.s.w	f30,x17	 x17:0x00000000 f30=0x00000000
     466605.000 ns	     46659	80009b84	580ffb53	fsqrt.s	f22,f31	 f31:0xcf000410 f22=0x7fc00000
     466635.000 ns	     46662	80009b88	03eec733	div	x14,x29,x30	 x29:0x0ac41b48 x30:0x00000000 x14=0xffffffff
     466655.000 ns	     46664	80009b8c	0155b933	sltu	x18,x11,x21	 x11:0x00000001 x21:0xfffffae9 x18=0x00000001
     466665.000 ns	     46665	80009b90	ddfd4b93	xori	x23,x26,-545	 x26:0x00000000 x23=0xfffffddf
     466705.000 ns	     46669	80009b94	01b5c453	fadd.s	f8,f11,f27	 f11:0x7fc00000 f27:0x80000000  f8=0x7fc00000
     467745.000 ns	     46773	80009b98	58083c53	fsqrt.s	f24,f16	 f16:0x442d8000 f24=0x41755d5a
     467765.000 ns	     46775	80009b9c	000ed533	srl	x10,x29,x0	 x29:0x0ac41b48  x0:0x00000000 x10=0x0ac41b48
     467785.000 ns	     46777	80009ba0	e00584d3	fmv.x.w	x9,f11	 f11:0x7fc00000  x9=0x7fc00000
     467825.000 ns	     46781	80009ba4	58093353	fsqrt.s	f6,f18	 f18:0x7fc00000  f6=0x7fc00000
     467855.000 ns	     46784	80009ba8	a00599d3	flt.s	x19,f11,f0	 f11:0x7fc00000  f0:0xffffffff x19=0x00000000
     467875.000 ns	     46786	80009bac	3be60893	addi	x17,x12,958	 x12:0x00000010 x17=0x000003ce
     467905.000 ns	     46789	80009bb0	19b072d3	fdiv.s	f5,f0,f27	  f0:0xffffffff f27:0x80000000  f5=0x7fc00000
     467935.000 ns	     46792	80009bb4	024bb733	mulhu	x14,x23,x4	 x23:0xfffffddf  x4:0xffffffff x14=0xfffffdde
     467955.000 ns	     46794	80009bb8	0005c9b3	xor	x19,x11,x0	 x11:0x00000001  x0:0x00000000 x19=0x00000001
     467975.000 ns	     46796	80009bbc	03cb9bb3	mulh	x23,x23,x28	 x23:0xfffffddf x28:0x00000001 x23=0xffffffff
     467995.000 ns	     46798	80009bc0	01311233	sll	x4,x2,x19	  x2:0x00000002 x19:0x00000000  x4=0x00000004
     468005.000 ns	     46799	80009bc4	00c3b333	sltu	x6,x7,x12	  x7:0xfffffefc x12:0x00000010  x6=0x00000000
     468015.000 ns	     46800	80009bc8	54f40613	addi	x12,x8,1359	  x8:0xf8000000 x12=0xf800054f
     468025.000 ns	     46801	80009bcc	00407d33	and	x26,x0,x4	  x0:0x00000000  x4:0x00000004 x26=0x00000000
     468045.000 ns	     46803	80009bd0	20e415d3	fsgnjn.s	f11,f8,f14	  f8:0x7fc00000 f14:0xcf000000 f11=0x7fc00000
     468075.000 ns	     46806	80009bd4	f0050153	fmv.w.x	f2,x10	 x10:0x0ac41b48  f2=0x0ac41b48
     468105.000 ns	     46809	80009bd8	f00983d3	fmv.w.x	f7,x19	 x19:0x00000001  f7=0x00000001
     468135.000 ns	     46812	80009bdc	28f08fd3	fmin.s	f31,f1,f15	  f1:0x7fc00000 f15:0x7fc00000 f31=0x7fc00000
     468155.000 ns	     46814	80009be0	01489033	sll	x0,x17,x20	 x17:0x000003ce x20:0x1ae4d000
     468165.000 ns	     46815	80009be4	217a4097	auipc	x1,0x217a4	  x1=0xa17adbe4
     468185.000 ns	     46817	80009be8	e0000bd3	fmv.x.w	x23,f0	  f0:0xffffffff x23=0xffffffff
     468215.000 ns	     46820	80009bec	208f03d3	fsgnj.s	f7,f30,f8	 f30:0x00000000  f8:0x7fc00000  f7=0x00000000
     468245.000 ns	     46823	80009bf0	f00b0c53	fmv.w.x	f24,x22	 x22:0xffffffff f24=0xffffffff
     468265.000 ns	     46825	80009bf4	2c04e393	ori	x7,x9,704	  x9:0x7fc00000  x7=0x7fc002c0
     468625.000 ns	     46861	80009bf8	024a4033	div	x0,x20,x4	 x20:0x1ae4d000  x4:0x00000004
     468645.000 ns	     46863	80009bfc	00000013	addi	x0,x0,0	  x0:0x00000000
     468675.000 ns	     46866	80009c00	580d7ad3	fsqrt.s	f21,f26	 f26:0x00000000 f21=0x00000000
     468705.000 ns	     46869	80009c04	20ce2653	fsgnjx.s	f12,f28,f12	 f28:0x00000000 f12:0xffffffff f12=0x80000000
     468735.000 ns	     46872	80009c08	e00b0cd3	fmv.x.w	x25,f22	 f22:0x7fc00000 x25=0x7fc00000
     468755.000 ns	     46874	80009c0c	403058b3	sra	x17,x0,x3	  x0:0x00000000  x3:0x7fc00000 x17=0x00000000
     469115.000 ns	     46910	80009c10	02c44933	div	x18,x8,x12	  x8:0xf8000000 x12:0xf800054f x18=0x00000001
     469145.000 ns	     46913	80009c14	a07b87d3	fle.s	x15,f23,f7	 f23:0x7fc00000  f7:0x00000000 x15=0x00000000
     469165.000 ns	     46915	80009c18	007be413	ori	x8,x23,7	 x23:0xffffffff  x8=0xffffffff
     469185.000 ns	     46917	80009c1c	28bf85d3	fmin.s	f11,f31,f11	 f31:0x7fc00000 f11:0x7fc00000 f11=0x7fc00000
     469205.000 ns	     46919	80009c20	63864693	xori	x13,x12,1592	 x12:0xf800054f x13=0xf8000377
     469215.000 ns	     46920	80009c24	01199693	slli	x13,x19,0x11	 x19:0x00000001 x13=0x00020000
     469235.000 ns	     46922	80009c28	f00e89d3	fmv.w.x	f19,x29	 x29:0x0ac41b48 f19=0x0ac41b48
     469255.000 ns	     46924	80009c2c	408457b3	sra	x15,x8,x8	  x8:0xffffffff  x8:0xffffffff x15=0xffffffff
     469265.000 ns	     46925	80009c30	1ba3a493	slti	x9,x7,442	  x7:0x7fc002c0  x9=0x00000000
     469285.000 ns	     46927	80009c34	a06a2253	feq.s	x4,f20,f6	 f20:0x7fc00000  f6:0x7fc00000  x4=0x00000000
     469315.000 ns	     46930	80009c38	023f2ab3	mulhsu	x21,x30,x3	 x30:0x00000000  x3:0x7fc00000 x21=0x00000000
     469335.000 ns	     46932	80009c3c	2e1dfe93	andi	x29,x27,737	 x27:0xf9af2af0 x29=0x000002e0
     469355.000 ns	     46934	80009c40	a1c81f53	flt.s	x30,f16,f28	 f16:0x442d8000 f28:0x00000000 x30=0x00000000
     469375.000 ns	     46936	80009c44	012e9a93	slli	x21,x29,0x12	 x29:0x0ac41b48 x21=0x0b800000
     469385.000 ns	     46937	80009c48	001e21b3	slt	x3,x28,x1	 x28:0x00000001  x1:0xa17adbe4  x3=0x00000000
     469405.000 ns	     46939	80009c4c	29f51dd3	fmax.s	f27,f10,f31	 f10:0xf9af2af0 f31:0x7fc00000 f27=0xf9af2af0
     469425.000 ns	     46941	80009c50	11b02c17	auipc	x24,0x11b02	 x24=0x91b0bc50
     469435.000 ns	     46942	80009c54	40a2d9b3	sra	x19,x5,x10	  x5:0x80041024 x10:0x0ac41b48 x19=0xff800410
     469795.000 ns	     46978	80009c58	032f7033	remu	x0,x30,x18	 x30:0x00000000 x18:0x00000001
     469835.000 ns	     46982	80009c5c	11677953	fmul.s	f18,f14,f22	 f14:0xcf000000 f22:0x7fc00000 f18=0x7fc00000
     469885.000 ns	     46987	80009c60	00b07c53	fadd.s	f24,f0,f11	  f0:0xffffffff f11:0x7fc00000 f24=0x7fc00000
     470255.000 ns	     47024	80009c64	027d7eb3	remu	x29,x26,x7	 x26:0x00000000  x7:0x7fc002c0 x29=0x00000000
     470275.000 ns	     47026	80009c68	01725793	srli	x15,x4,0x17	  x4:0x00000000 x15=0x00000000
     470635.000 ns	     47062	80009c6c	0285e8b3	rem	x17,x11,x8	 x11:0x00000001  x8:0xffffffff x17=0x00000000
     470655.000 ns	     47064	80009c70	50c58713	addi	x14,x11,1292	 x11:0x00000001 x14=0x0000050d
     470665.000 ns	     47065	80009c74	0086c0b3	xor	x1,x13,x8	 x13:0x00020000  x8:0xffffffff  x1=0xfffdffff
     470675.000 ns	     47066	80009c78	01d3f6b3	and	x13,x7,x29	  x7:0x7fc002c0 x29:0x00000000 x13=0x00000000
     470695.000 ns	     47068	80009c7c	a1ef8d53	fle.s	x26,f31,f30	 f31:0x7fc00000 f30:0x00000000 x26=0x00000000
     470725.000 ns	     47071	80009c80	20912c53	fsgnjx.s	f24,f2,f9	  f2:0x0ac41b48  f9:0x442d8000 f24=0x0ac41b48
     470755.000 ns	     47074	80009c84	03f07133	remu	x2,x0,x31	  x0:0x00000000 x31:0x00000000  x2=0x00000000
     470775.000 ns	     47076	80009c88	03cbe893	ori	x17,x23,60	 x23:0xffffffff x17=0xffffffff
     470785.000 ns	     47077	80009c8c	b5e7a493	slti	x9,x15,-1186	 x15:0x00000000  x9=0x00000000
     470795.000 ns	     47078	80009c90	0179a4b3	slt	x9,x19,x23	 x19:0xff800410 x23:0xffffffff  x9=0x00000001
     470815.000 ns	     47080	80009c94	c012f3d3	fcvt.wu.s	x7,f5	  f5:0x7fc00000  x7=0xffffffff
     470855.000 ns	     47084	80009c98	111a73d3	fmul.s	f7,f20,f17	 f20:0x7fc00000 f17:0x47350461  f7=0x7fc00000
     470875.000 ns	     47086	80009c9c	2cb573b7	lui	x7,0x2cb57	  x7=0x2cb57000
     470885.000 ns	     47087	80009ca0	40d286b3	sub	x13,x5,x13	  x5:0x80041024 x13:0x00000000 x13=0x80041024
     470905.000 ns	     47089	80009ca4	032780b3	mul	x1,x15,x18	 x15:0x00000000 x18:0x00000001  x1=0x00000000
     470925.000 ns	     47091	80009ca8	9e8d9197	auipc	x3,0x9e8d9	  x3=0x1e8e2ca8
     470965.000 ns	     47095	80009cac	0014c8d3	fadd.s	f17,f9,f1	  f9:0x442d8000  f1:0x7fc00000 f17=0x7fc00000
     470985.000 ns	     47097	80009cb0	2f1bb613	sltiu	x12,x23,753	 x23:0xffffffff x12=0x00000000
     471005.000 ns	     47099	80009cb4	026cbeb3	mulhu	x29,x25,x6	 x25:0x7fc00000  x6:0x00000000 x29=0x00000000
     471035.000 ns	     47102	80009cb8	029ab4b3	mulhu	x9,x21,x9	 x21:0x0b800000  x9:0x00000001  x9=0x00000000
     471055.000 ns	     47104	80009cbc	00675bb3	srl	x23,x14,x6	 x14:0x0000050d  x6:0x00000000 x23=0x0000050d
     471075.000 ns	     47106	80009cc0	c0070453	fcvt.w.s	x8,f14	 f14:0xcf000000  x8=0x80000000
     471115.000 ns	     47110	80009cc4	119abdd3	fmul.s	f27,f21,f25	 f21:0x00000000 f25:0x00000000 f27=0x00000000
     471135.000 ns	     47112	80009cc8	238e0fb7	lui	x31,0x238e0	 x31=0x238e0000
     471165.000 ns	     47115	80009ccc	1092f253	fmul.s	f4,f5,f9	  f5:0x7fc00000  f9:0x442d8000  f4=0x7fc00000
     471195.000 ns	     47118	80009cd0	028bb4b3	mulhu	x9,x23,x8	 x23:0x0000050d  x8:0x80000000  x9=0x00000286
     471565.000 ns	     47155	80009cd4	02586cb3	rem	x25,x16,x5	 x16:0x80040fe4  x5:0x80041024 x25=0xffffffc0
     471585.000 ns	     47157	80009cd8	0108e333	or	x6,x17,x16	 x17:0xffffffff x16:0x80040fe4  x6=0xffffffff
     471605.000 ns	     47159	80009cdc	2130a9d3	fsgnjx.s	f19,f1,f19	  f1:0x7fc00000 f19:0x0ac41b48 f19=0x7fc00000
     471625.000 ns	     47161	80009ce0	319d6513	ori	x10,x26,793	 x26:0x00000000 x10=0x00000319
     471985.000 ns	     47197	80009ce4	039e6733	rem	x14,x28,x25	 x28:0x00000001 x25:0xffffffc0 x14=0x00000001
     472015.000 ns	     47200	80009ce8	e00f8ed3	fmv.x.w	x29,f31	 f31:0x7fc00000 x29=0x7fc00000
     472035.000 ns	     47202	80009cec	00885793	srli	x15,x16,0x8	 x16:0x80040fe4 x15=0x0080040f
     472055.000 ns	     47204	80009cf0	e00c96d3	fclass.s	x13,f25	 f25:0x00000000 x13=0x00000010
     472085.000 ns	     47207	80009cf4	213a1853	fsgnjn.s	f16,f20,f19	 f20:0x7fc00000 f19:0x7fc00000 f16=0xffc00000
     472115.000 ns	     47210	80009cf8	a05613d3	flt.s	x7,f12,f5	 f12:0x80000000  f5:0x7fc00000  x7=0x00000000
     472135.000 ns	     47212	80009cfc	01795b33	srl	x22,x18,x23	 x18:0x00000001 x23:0x0000050d x22=0x00000000
     472155.000 ns	     47214	80009d00	c01c8fd3	fcvt.wu.s	x31,f25	 f25:0x00000000 x31=0x00000000
     472175.000 ns	     47216	80009d04	0159dbb3	srl	x23,x19,x21	 x19:0xff800410 x21:0x0b800000 x23=0xff800410
     472195.000 ns	     47218	80009d08	28620453	fmin.s	f8,f4,f6	  f4:0x7fc00000  f6:0x7fc00000  f8=0x7fc00000
     472215.000 ns	     47220	80009d0c	c6447d13	andi	x26,x8,-924	  x8:0x80000000 x26=0x80000000
     472225.000 ns	     47221	80009d10	acd56913	ori	x18,x10,-1331	 x10:0x00000319 x18=0xfffffbdd
     472245.000 ns	     47223	80009d14	02e81733	mulh	x14,x16,x14	 x16:0x80040fe4 x14:0x00000001 x14=0xffffffff
     472275.000 ns	     47226	80009d18	a12f2cd3	feq.s	x25,f30,f18	 f30:0x00000000 f18:0x7fc00000 x25=0x00000000
     472305.000 ns	     47229	80009d1c	0332aa33	mulhsu	x20,x5,x19	  x5:0x80041024 x19:0xff800410 x20=0x80440c13
     472335.000 ns	     47232	80009d20	28030dd3	fmin.s	f27,f6,f0	  f6:0x7fc00000  f0:0xffffffff f27=0x7fc00000
     472365.000 ns	     47235	80009d24	c0152953	fcvt.wu.s	x18,f10	 f10:0xf9af2af0 x18=0x00000000
     472385.000 ns	     47237	80009d28	b1bf8d17	auipc	x26,0xb1bf8	 x26=0x31c01d28
     472405.000 ns	     47239	80009d2c	d0153fd3	fcvt.s.wu	f31,x10	 x10:0x00000319 f31=0x44464000
     472435.000 ns	     47242	80009d30	d00e72d3	fcvt.s.w	f5,x28	 x28:0x00000001  f5=0x3f800000
     472805.000 ns	     47279	80009d34	02b05fb3	divu	x31,x0,x11	  x0:0x00000000 x11:0x00000001 x31=0x00000000
     472835.000 ns	     47282	80009d38	e00c8753	fmv.x.w	x14,f25	 f25:0x00000000 x14=0x00000000
     472865.000 ns	     47285	80009d3c	03edb6b3	mulhu	x13,x27,x30	 x27:0xf9af2af0 x30:0x00000000 x13=0x00000000
     472885.000 ns	     47287	80009d40	01339bb3	sll	x23,x7,x19	  x7:0x00000000 x19:0xff800410 x23=0x00000000
     472895.000 ns	     47288	80009d44	402b8c33	sub	x24,x23,x2	 x23:0xff800410  x2:0x00000000 x24=0x00000000
     472915.000 ns	     47290	80009d48	02668133	mul	x2,x13,x6	 x13:0x00000000  x6:0xffffffff  x2=0x00000000
     472945.000 ns	     47293	80009d4c	a1fa9153	flt.s	x2,f21,f31	 f21:0x00000000 f31:0x44464000  x2=0x00000001
     472965.000 ns	     47295	80009d50	00257133	and	x2,x10,x2	 x10:0x00000319  x2:0x00000000  x2=0x00000001
     472975.000 ns	     47296	80009d54	00865cb3	srl	x25,x12,x8	 x12:0x00000000  x8:0x80000000 x25=0x00000000
     472995.000 ns	     47298	80009d58	a1009653	flt.s	x12,f1,f16	  f1:0x7fc00000 f16:0xffc00000 x12=0x00000000
     473035.000 ns	     47302	80009d5c	1888ff53	fdiv.s	f30,f17,f8	 f17:0x7fc00000  f8:0x7fc00000 f30=0x7fc00000
     473065.000 ns	     47305	80009d60	027f8533	mul	x10,x31,x7	 x31:0x00000000  x7:0x00000000 x10=0x00000000
     473085.000 ns	     47307	80009d64	00a9da13	srli	x20,x19,0xa	 x19:0xff800410 x20=0x003fe001
     473105.000 ns	     47309	80009d68	02d0f3b3	remu	x7,x1,x13	  x1:0x00000000 x13:0x00000000  x7=0x00000000
     473125.000 ns	     47311	80009d6c	01e659b3	srl	x19,x12,x30	 x12:0x00000000 x30:0x00000000 x19=0x00000000
     473145.000 ns	     47313	80009d70	a0362753	feq.s	x14,f12,f3	 f12:0x80000000  f3:0x7fc00000 x14=0x00000000
     473195.000 ns	     47318	80009d74	009e0653	fadd.s	f12,f28,f9	 f28:0x00000000  f9:0x442d8000 f12=0x442d8000
     473225.000 ns	     47321	80009d78	e0040fd3	fmv.x.w	x31,f8	  f8:0x7fc00000 x31=0x7fc00000
     473255.000 ns	     47324	80009d7c	032b3d33	mulhu	x26,x22,x18	 x22:0x00000000 x18:0x00000000 x26=0x00000000
     473285.000 ns	     47327	80009d80	a0c38953	fle.s	x18,f7,f12	  f7:0x7fc00000 f12:0x442d8000 x18=0x00000000
     473315.000 ns	     47330	80009d84	c00377d3	fcvt.w.s	x15,f6	  f6:0x7fc00000 x15=0x7fffffff
     473345.000 ns	     47333	80009d88	217bacd3	fsgnjx.s	f25,f23,f23	 f23:0x7fc00000 f23:0x7fc00000 f25=0x7fc00000
     473375.000 ns	     47336	80009d8c	036f5633	divu	x12,x30,x22	 x30:0x00000000 x22:0x00000000 x12=0xffffffff
     473395.000 ns	     47338	80009d90	bf08ff93	andi	x31,x17,-1040	 x17:0xffffffff x31=0xfffffbf0
     473405.000 ns	     47339	80009d94	41aa8eb3	sub	x29,x21,x26	 x21:0x0b800000 x26:0x00000000 x29=0x0b800000
     473415.000 ns	     47340	80009d98	007b5bb3	srl	x23,x22,x7	 x22:0x00000000  x7:0x00000000 x23=0x00000000
     473435.000 ns	     47342	80009d9c	c002a453	fcvt.w.s	x8,f5	  f5:0x3f800000  x8=0x00000001
     473455.000 ns	     47344	80009da0	011c5213	srli	x4,x24,0x11	 x24:0x00000000  x4=0x00000000
     473465.000 ns	     47345	80009da4	003514b3	sll	x9,x10,x3	 x10:0x00000000  x3:0x1e8e2ca8  x9=0x00000000
     473485.000 ns	     47347	80009da8	a11205d3	fle.s	x11,f4,f17	  f4:0x7fc00000 f17:0x7fc00000 x11=0x00000000
     473505.000 ns	     47349	80009dac	a100e393	ori	x7,x1,-1520	  x1:0x00000000  x7=0xfffffa10
     473535.000 ns	     47352	80009db0	1168c953	fmul.s	f18,f17,f22	 f17:0x7fc00000 f22:0x7fc00000 f18=0x7fc00000
     473575.000 ns	     47356	80009db4	184dfdd3	fdiv.s	f27,f27,f4	 f27:0x7fc00000  f4:0x7fc00000 f27=0x7fc00000
     473595.000 ns	     47358	80009db8	000acbb3	xor	x23,x21,x0	 x21:0x0b800000  x0:0x00000000 x23=0x0b800000
     473625.000 ns	     47361	80009dbc	104dfed3	fmul.s	f29,f27,f4	 f27:0x7fc00000  f4:0x7fc00000 f29=0x7fc00000
     473655.000 ns	     47364	80009dc0	d007be53	fcvt.s.w	f28,x15	 x15:0x7fffffff f28=0x4f000000
     473685.000 ns	     47367	80009dc4	200793d3	fsgnjn.s	f7,f15,f0	 f15:0x7fc00000  f0:0xffffffff  f7=0x7fc00000
     473705.000 ns	     47369	80009dc8	2e372f13	slti	x30,x14,739	 x14:0x00000000 x30=0x00000001
     474065.000 ns	     47405	80009dcc	025ee8b3	rem	x17,x29,x5	 x29:0x0b800000  x5:0x80041024 x17=0x0b800000
     474095.000 ns	     47408	80009dd0	e00a8b53	fmv.x.w	x22,f21	 f21:0x00000000 x22=0x00000000
     474125.000 ns	     47411	80009dd4	e00687d3	fmv.x.w	x15,f13	 f13:0x4f7fffff x15=0x4f7fffff
     474145.000 ns	     47413	80009dd8	0048dc93	srli	x25,x17,0x4	 x17:0x0b800000 x25=0x00b80000
     474165.000 ns	     47415	80009ddc	208c13d3	fsgnjn.s	f7,f24,f8	 f24:0x0ac41b48  f8:0x7fc00000  f7=0x8ac41b48
     474205.000 ns	     47419	80009de0	11274653	fmul.s	f12,f14,f18	 f14:0xcf000000 f18:0x7fc00000 f12=0x7fc00000
     474235.000 ns	     47422	80009de4	21e20cd3	fsgnj.s	f25,f4,f30	  f4:0x7fc00000 f30:0x7fc00000 f25=0x7fc00000
     474265.000 ns	     47425	80009de8	213d1353	fsgnjn.s	f6,f26,f19	 f26:0x00000000 f19:0x7fc00000  f6=0x80000000
     474295.000 ns	     47428	80009dec	293e0cd3	fmin.s	f25,f28,f19	 f28:0x4f000000 f19:0x7fc00000 f25=0x4f000000
     474315.000 ns	     47430	80009df0	4c2a7c13	andi	x24,x20,1218	 x20:0x003fe001 x24=0x00000000
     474335.000 ns	     47432	80009df4	0365a1b3	mulhsu	x3,x11,x22	 x11:0x00000000 x22:0x00000000  x3=0x00000000
     474365.000 ns	     47435	80009df8	d01ffbd3	fcvt.s.wu	f23,x31	 x31:0xfffffbf0 f23=0x4f7ffffb
     474395.000 ns	     47438	80009dfc	e00384d3	fmv.x.w	x9,f7	  f7:0x8ac41b48  x9=0x8ac41b48
     474425.000 ns	     47441	80009e00	c00974d3	fcvt.w.s	x9,f18	 f18:0x7fc00000  x9=0x7fffffff
     474445.000 ns	     47443	80009e04	00000013	addi	x0,x0,0	  x0:0x00000000
     474465.000 ns	     47445	80009e08	281216d3	fmax.s	f13,f4,f1	  f4:0x7fc00000  f1:0x7fc00000 f13=0x7fc00000
     474495.000 ns	     47448	80009e0c	f0000f53	fmv.w.x	f30,x0	  x0:0x00000000 f30=0x00000000
     474515.000 ns	     47450	80009e10	417b58b3	sra	x17,x22,x23	 x22:0x00000000 x23:0x0b800000 x17=0x00000000
     474875.000 ns	     47486	80009e14	022dda33	divu	x20,x27,x2	 x27:0xf9af2af0  x2:0x00000001 x20=0xf9af2af0
     474905.000 ns	     47489	80009e18	02651433	mulh	x8,x10,x6	 x10:0x00000000  x6:0xffffffff  x8=0x00000000
     474925.000 ns	     47491	80009e1c	000b3933	sltu	x18,x22,x0	 x22:0x00000000  x0:0x00000000 x18=0x00000000
     474955.000 ns	     47494	80009e20	180e21d3	fdiv.s	f3,f28,f0	 f28:0x4f000000  f0:0xffffffff  f3=0x7fc00000
     474975.000 ns	     47496	80009e24	004e28b3	slt	x17,x28,x4	 x28:0x00000001  x4:0x00000000 x17=0x00000000
     475015.000 ns	     47500	80009e28	095cb753	fsub.s	f14,f25,f21	 f25:0x4f000000 f21:0x00000000 f14=0x4f000000
     475035.000 ns	     47502	80009e2c	cf50a497	auipc	x9,0xcf50a	  x9=0x4f513e2c
     475055.000 ns	     47504	80009e30	0200cfb3	div	x31,x1,x0	  x1:0x00000000  x0:0x00000000 x31=0xffffffff
     475425.000 ns	     47541	80009e34	022af7b3	remu	x15,x21,x2	 x21:0x0b800000  x2:0x00000001 x15=0x00000000
     475445.000 ns	     47543	80009e38	a331c013	xori	x0,x3,-1485	  x3:0x00000000
     475455.000 ns	     47544	80009e3c	d64d7013	andi	x0,x26,-668	 x26:0x00000000
     475465.000 ns	     47545	80009e40	40938eb3	sub	x29,x7,x9	  x7:0xfffffa10  x9:0x4f513e2c x29=0xb0aebbe4
     475485.000 ns	     47547	80009e44	d01f28d3	fcvt.s.wu	f17,x30	 x30:0x00000001 f17=0x3f800000
     475515.000 ns	     47550	80009e48	02c90d33	mul	x26,x18,x12	 x18:0x00000000 x12:0xffffffff x26=0x00000000
     475535.000 ns	     47552	80009e4c	3d330b13	addi	x22,x6,979	  x6:0xffffffff x22=0x000003d2
     475555.000 ns	     47554	80009e50	027896b3	mulh	x13,x17,x7	 x17:0x00000000  x7:0xfffffa10 x13=0x00000000
     475585.000 ns	     47557	80009e54	a13b86d3	fle.s	x13,f23,f19	 f23:0x4f7ffffb f19:0x7fc00000 x13=0x00000000
     475615.000 ns	     47560	80009e58	291381d3	fmin.s	f3,f7,f17	  f7:0x8ac41b48 f17:0x3f800000  f3=0x8ac41b48
     475645.000 ns	     47563	80009e5c	a0b7a353	feq.s	x6,f15,f11	 f15:0x7fc00000 f11:0x7fc00000  x6=0x00000000
     475665.000 ns	     47565	80009e60	40ebde93	srai	x29,x23,0xe	 x23:0x0b800000 x29=0x00002e00
     475685.000 ns	     47567	80009e64	c0037253	fcvt.w.s	x4,f6	  f6:0x80000000  x4=0x00000000
     475705.000 ns	     47569	80009e68	011e7f33	and	x30,x28,x17	 x28:0x00000001 x17:0x00000000 x30=0x00000000
     475715.000 ns	     47570	80009e6c	b79a7b37	lui	x22,0xb79a7	 x22=0xb79a7000
     475725.000 ns	     47571	80009e70	00000013	addi	x0,x0,0	  x0:0x00000000
     475765.000 ns	     47575	80009e74	09dbf7d3	fsub.s	f15,f23,f29	 f23:0x4f7ffffb f29:0x7fc00000 f15=0x7fc00000
     475795.000 ns	     47578	80009e78	c01a7f53	fcvt.wu.s	x30,f20	 f20:0x7fc00000 x30=0xffffffff
     475825.000 ns	     47581	80009e7c	03951933	mulh	x18,x10,x25	 x10:0x00000000 x25:0x00b80000 x18=0x00000000
     475855.000 ns	     47584	80009e80	03d92a33	mulhsu	x20,x18,x29	 x18:0x00000000 x29:0x00002e00 x20=0x00000000
     475885.000 ns	     47587	80009e84	a0a82353	feq.s	x6,f16,f10	 f16:0xffc00000 f10:0xf9af2af0  x6=0x00000000
     475935.000 ns	     47592	80009e88	08c38353	fsub.s	f6,f7,f12	  f7:0x8ac41b48 f12:0x7fc00000  f6=0x7fc00000
     475955.000 ns	     47594	80009e8c	3b3bcb93	xori	x23,x23,947	 x23:0x0b800000 x23=0x0b8003b3
     475965.000 ns	     47595	80009e90	008edc93	srli	x25,x29,0x8	 x29:0x00002e00 x25=0x0000002e
     476005.000 ns	     47599	80009e94	08f9c553	fsub.s	f10,f19,f15	 f19:0x7fc00000 f15:0x7fc00000 f10=0x7fc00000
     476025.000 ns	     47601	80009e98	1d297a17	auipc	x20,0x1d297	 x20=0x9d2a0e98
     476045.000 ns	     47603	80009e9c	e00e98d3	fclass.s	x17,f29	 f29:0x7fc00000 x17=0x00000200
     476075.000 ns	     47606	80009ea0	024e1733	mulh	x14,x28,x4	 x28:0x00000001  x4:0x00000000 x14=0x00000000
     476095.000 ns	     47608	80009ea4	00a911b3	sll	x3,x18,x10	 x18:0x00000000 x10:0x00000000  x3=0x00000000
     476115.000 ns	     47610	80009ea8	03978c33	mul	x24,x15,x25	 x15:0x00000000 x25:0x0000002e x24=0x00000000
     476135.000 ns	     47612	80009eac	00000d97	auipc	x27,0x0	 x27=0x80009eac
     476145.000 ns	     47613	80009eb0	00cd8d93	addi	x27,x27,12	 x27:0xf9af2af0 x27=0x80009eb8
     476155.000 ns	     47614	80009eb4	000d8067	jalr	x0,x27,0	 x27:0xf9af2af0
     476205.000 ns	     47619	80009eb8	00100193	addi	x3,x0,1	  x0:0x00000000  x3=0x00000001
     476215.000 ns	     47620	80009ebc	00000073	ecall	
     476225.000 ns	     47621	80009ec0	00036f17	auipc	x30,0x36	 x30=0x8003fec0
     476235.000 ns	     47622	80009ec4	143f2023	sw	x3,320(x30)	 x30:0xffffffff  x3:0x00000001 PA:0xxxxxxxxx
     476255.000 ns	     47624	80009ec8	ff9ff06f	jal	x0,80009ec4	
     476305.000 ns	     47629	80009ec0	00036f17	auipc	x30,0x36	 x30=0x8003fec0
     476315.000 ns	     47630	80009ec4	143f2023	sw	x3,320(x30)	 x30:0x8003fec0  x3:0x00000001 PA:0xxxxxxxxx
     476335.000 ns	     47632	80009ec8	ff9ff06f	jal	x0,80009ec4	
     476385.000 ns	     47637	80009ec0	00036f17	auipc	x30,0x36	 x30=0x8003fec0
     476395.000 ns	     47638	80009ec4	143f2023	sw	x3,320(x30)	 x30:0x8003fec0  x3:0x00000001 PA:0xxxxxxxxx
     476415.000 ns	     47640	80009ec8	ff9ff06f	jal	x0,80009ec4	
     476465.000 ns	     47645	80009ec0	00036f17	auipc	x30,0x36	 x30=0x8003fec0
     476475.000 ns	     47646	80009ec4	143f2023	sw	x3,320(x30)	 x30:0x8003fec0  x3:0x00000001 PA:0xxxxxxxxx
     476495.000 ns	     47648	80009ec8	ff9ff06f	jal	x0,80009ec4	
     476545.000 ns	     47653	80009ec0	00036f17	auipc	x30,0x36	 x30=0x8003fec0
     476555.000 ns	     47654	80009ec4	143f2023	sw	x3,320(x30)	 x30:0x8003fec0  x3:0x00000001 PA:0xxxxxxxxx
     476575.000 ns	     47656	80009ec8	ff9ff06f	jal	x0,80009ec4	
     476625.000 ns	     47661	80009ec0	00036f17	auipc	x30,0x36	 x30=0x8003fec0
     476635.000 ns	     47662	80009ec4	143f2023	sw	x3,320(x30)	 x30:0x8003fec0  x3:0x00000001 PA:0xxxxxxxxx
     476655.000 ns	     47664	80009ec8	ff9ff06f	jal	x0,80009ec4	
     476705.000 ns	     47669	80009ec0	00036f17	auipc	x30,0x36	 x30=0x8003fec0
     476715.000 ns	     47670	80009ec4	143f2023	sw	x3,320(x30)	 x30:0x8003fec0  x3:0x00000001 PA:0xxxxxxxxx
     476735.000 ns	     47672	80009ec8	ff9ff06f	jal	x0,80009ec4	
     476785.000 ns	     47677	80009ec0	00036f17	auipc	x30,0x36	 x30=0x8003fec0
     476795.000 ns	     47678	80009ec4	143f2023	sw	x3,320(x30)	 x30:0x8003fec0  x3:0x00000001 PA:0xxxxxxxxx
     476815.000 ns	     47680	80009ec8	ff9ff06f	jal	x0,80009ec4	
     476865.000 ns	     47685	80009ec0	00036f17	auipc	x30,0x36	 x30=0x8003fec0
     476875.000 ns	     47686	80009ec4	143f2023	sw	x3,320(x30)	 x30:0x8003fec0  x3:0x00000001 PA:0xxxxxxxxx
     476895.000 ns	     47688	80009ec8	ff9ff06f	jal	x0,80009ec4	
     476945.000 ns	     47693	80009ec0	00036f17	auipc	x30,0x36	 x30=0x8003fec0
     476955.000 ns	     47694	80009ec4	143f2023	sw	x3,320(x30)	 x30:0x8003fec0  x3:0x00000001 PA:0xxxxxxxxx
     476975.000 ns	     47696	80009ec8	ff9ff06f	jal	x0,80009ec4	
     477025.000 ns	     47701	80009ec0	00036f17	auipc	x30,0x36	 x30=0x8003fec0
     477035.000 ns	     47702	80009ec4	143f2023	sw	x3,320(x30)	 x30:0x8003fec0  x3:0x00000001 PA:0xxxxxxxxx
     477055.000 ns	     47704	80009ec8	ff9ff06f	jal	x0,80009ec4	
     477105.000 ns	     47709	80009ec0	00036f17	auipc	x30,0x36	 x30=0x8003fec0
     477115.000 ns	     47710	80009ec4	143f2023	sw	x3,320(x30)	 x30:0x8003fec0  x3:0x00000001 PA:0xxxxxxxxx
     477135.000 ns	     47712	80009ec8	ff9ff06f	jal	x0,80009ec4	
     477185.000 ns	     47717	80009ec0	00036f17	auipc	x30,0x36	 x30=0x8003fec0
     477195.000 ns	     47718	80009ec4	143f2023	sw	x3,320(x30)	 x30:0x8003fec0  x3:0x00000001 PA:0xxxxxxxxx
     477215.000 ns	     47720	80009ec8	ff9ff06f	jal	x0,80009ec4	
     477265.000 ns	     47725	80009ec0	00036f17	auipc	x30,0x36	 x30=0x8003fec0
     477275.000 ns	     47726	80009ec4	143f2023	sw	x3,320(x30)	 x30:0x8003fec0  x3:0x00000001 PA:0xxxxxxxxx
     477295.000 ns	     47728	80009ec8	ff9ff06f	jal	x0,80009ec4	
     477345.000 ns	     47733	80009ec0	00036f17	auipc	x30,0x36	 x30=0x8003fec0
     477355.000 ns	     47734	80009ec4	143f2023	sw	x3,320(x30)	 x30:0x8003fec0  x3:0x00000001 PA:0xxxxxxxxx
     477375.000 ns	     47736	80009ec8	ff9ff06f	jal	x0,80009ec4	
     477425.000 ns	     47741	80009ec0	00036f17	auipc	x30,0x36	 x30=0x8003fec0
     477435.000 ns	     47742	80009ec4	143f2023	sw	x3,320(x30)	 x30:0x8003fec0  x3:0x00000001 PA:0xxxxxxxxx
     477455.000 ns	     47744	80009ec8	ff9ff06f	jal	x0,80009ec4	
     477505.000 ns	     47749	80009ec0	00036f17	auipc	x30,0x36	 x30=0x8003fec0
     477515.000 ns	     47750	80009ec4	143f2023	sw	x3,320(x30)	 x30:0x8003fec0  x3:0x00000001 PA:0xxxxxxxxx
     477535.000 ns	     47752	80009ec8	ff9ff06f	jal	x0,80009ec4	
     477585.000 ns	     47757	80009ec0	00036f17	auipc	x30,0x36	 x30=0x8003fec0
     477595.000 ns	     47758	80009ec4	143f2023	sw	x3,320(x30)	 x30:0x8003fec0  x3:0x00000001 PA:0xxxxxxxxx
     477615.000 ns	     47760	80009ec8	ff9ff06f	jal	x0,80009ec4	
     477665.000 ns	     47765	80009ec0	00036f17	auipc	x30,0x36	 x30=0x8003fec0
     477675.000 ns	     47766	80009ec4	143f2023	sw	x3,320(x30)	 x30:0x8003fec0  x3:0x00000001 PA:0xxxxxxxxx
     477695.000 ns	     47768	80009ec8	ff9ff06f	jal	x0,80009ec4	
     477745.000 ns	     47773	80009ec0	00036f17	auipc	x30,0x36	 x30=0x8003fec0
     477755.000 ns	     47774	80009ec4	143f2023	sw	x3,320(x30)	 x30:0x8003fec0  x3:0x00000001 PA:0xxxxxxxxx
     477775.000 ns	     47776	80009ec8	ff9ff06f	jal	x0,80009ec4	
     477825.000 ns	     47781	80009ec0	00036f17	auipc	x30,0x36	 x30=0x8003fec0
     477835.000 ns	     47782	80009ec4	143f2023	sw	x3,320(x30)	 x30:0x8003fec0  x3:0x00000001 PA:0xxxxxxxxx
     477855.000 ns	     47784	80009ec8	ff9ff06f	jal	x0,80009ec4	
     477905.000 ns	     47789	80009ec0	00036f17	auipc	x30,0x36	 x30=0x8003fec0
     477915.000 ns	     47790	80009ec4	143f2023	sw	x3,320(x30)	 x30:0x8003fec0  x3:0x00000001 PA:0xxxxxxxxx
     477935.000 ns	     47792	80009ec8	ff9ff06f	jal	x0,80009ec4	
     477985.000 ns	     47797	80009ec0	00036f17	auipc	x30,0x36	 x30=0x8003fec0
     477995.000 ns	     47798	80009ec4	143f2023	sw	x3,320(x30)	 x30:0x8003fec0  x3:0x00000001 PA:0xxxxxxxxx
     478015.000 ns	     47800	80009ec8	ff9ff06f	jal	x0,80009ec4	
     478065.000 ns	     47805	80009ec0	00036f17	auipc	x30,0x36	 x30=0x8003fec0
     478075.000 ns	     47806	80009ec4	143f2023	sw	x3,320(x30)	 x30:0x8003fec0  x3:0x00000001 PA:0xxxxxxxxx
     478095.000 ns	     47808	80009ec8	ff9ff06f	jal	x0,80009ec4	
     478145.000 ns	     47813	80009ec0	00036f17	auipc	x30,0x36	 x30=0x8003fec0
     478155.000 ns	     47814	80009ec4	143f2023	sw	x3,320(x30)	 x30:0x8003fec0  x3:0x00000001 PA:0xxxxxxxxx
     478175.000 ns	     47816	80009ec8	ff9ff06f	jal	x0,80009ec4	
     478225.000 ns	     47821	80009ec0	00036f17	auipc	x30,0x36	 x30=0x8003fec0
     478235.000 ns	     47822	80009ec4	143f2023	sw	x3,320(x30)	 x30:0x8003fec0  x3:0x00000001 PA:0xxxxxxxxx
     478255.000 ns	     47824	80009ec8	ff9ff06f	jal	x0,80009ec4	
     478305.000 ns	     47829	80009ec0	00036f17	auipc	x30,0x36	 x30=0x8003fec0
     478315.000 ns	     47830	80009ec4	143f2023	sw	x3,320(x30)	 x30:0x8003fec0  x3:0x00000001 PA:0xxxxxxxxx
     478335.000 ns	     47832	80009ec8	ff9ff06f	jal	x0,80009ec4	
     478385.000 ns	     47837	80009ec0	00036f17	auipc	x30,0x36	 x30=0x8003fec0
     478395.000 ns	     47838	80009ec4	143f2023	sw	x3,320(x30)	 x30:0x8003fec0  x3:0x00000001 PA:0xxxxxxxxx
     478415.000 ns	     47840	80009ec8	ff9ff06f	jal	x0,80009ec4	
     478465.000 ns	     47845	80009ec0	00036f17	auipc	x30,0x36	 x30=0x8003fec0
     478475.000 ns	     47846	80009ec4	143f2023	sw	x3,320(x30)	 x30:0x8003fec0  x3:0x00000001 PA:0xxxxxxxxx
     478495.000 ns	     47848	80009ec8	ff9ff06f	jal	x0,80009ec4	
     478545.000 ns	     47853	80009ec0	00036f17	auipc	x30,0x36	 x30=0x8003fec0
     478555.000 ns	     47854	80009ec4	143f2023	sw	x3,320(x30)	 x30:0x8003fec0  x3:0x00000001 PA:0xxxxxxxxx
     478575.000 ns	     47856	80009ec8	ff9ff06f	jal	x0,80009ec4	
     478625.000 ns	     47861	80009ec0	00036f17	auipc	x30,0x36	 x30=0x8003fec0
     478635.000 ns	     47862	80009ec4	143f2023	sw	x3,320(x30)	 x30:0x8003fec0  x3:0x00000001 PA:0xxxxxxxxx
     478655.000 ns	     47864	80009ec8	ff9ff06f	jal	x0,80009ec4	
     478705.000 ns	     47869	80009ec0	00036f17	auipc	x30,0x36	 x30=0x8003fec0
     478715.000 ns	     47870	80009ec4	143f2023	sw	x3,320(x30)	 x30:0x8003fec0  x3:0x00000001 PA:0xxxxxxxxx
     478735.000 ns	     47872	80009ec8	ff9ff06f	jal	x0,80009ec4	
     478785.000 ns	     47877	80009ec0	00036f17	auipc	x30,0x36	 x30=0x8003fec0
     478795.000 ns	     47878	80009ec4	143f2023	sw	x3,320(x30)	 x30:0x8003fec0  x3:0x00000001 PA:0xxxxxxxxx
     478815.000 ns	     47880	80009ec8	ff9ff06f	jal	x0,80009ec4	
     478865.000 ns	     47885	80009ec0	00036f17	auipc	x30,0x36	 x30=0x8003fec0
     478875.000 ns	     47886	80009ec4	143f2023	sw	x3,320(x30)	 x30:0x8003fec0  x3:0x00000001 PA:0xxxxxxxxx
     478895.000 ns	     47888	80009ec8	ff9ff06f	jal	x0,80009ec4	
     478945.000 ns	     47893	80009ec0	00036f17	auipc	x30,0x36	 x30=0x8003fec0
     478955.000 ns	     47894	80009ec4	143f2023	sw	x3,320(x30)	 x30:0x8003fec0  x3:0x00000001 PA:0xxxxxxxxx
     478975.000 ns	     47896	80009ec8	ff9ff06f	jal	x0,80009ec4	
     479025.000 ns	     47901	80009ec0	00036f17	auipc	x30,0x36	 x30=0x8003fec0
     479035.000 ns	     47902	80009ec4	143f2023	sw	x3,320(x30)	 x30:0x8003fec0  x3:0x00000001 PA:0xxxxxxxxx
     479055.000 ns	     47904	80009ec8	ff9ff06f	jal	x0,80009ec4	
     479105.000 ns	     47909	80009ec0	00036f17	auipc	x30,0x36	 x30=0x8003fec0
     479115.000 ns	     47910	80009ec4	143f2023	sw	x3,320(x30)	 x30:0x8003fec0  x3:0x00000001 PA:0xxxxxxxxx
     479135.000 ns	     47912	80009ec8	ff9ff06f	jal	x0,80009ec4	
     479185.000 ns	     47917	80009ec0	00036f17	auipc	x30,0x36	 x30=0x8003fec0
     479195.000 ns	     47918	80009ec4	143f2023	sw	x3,320(x30)	 x30:0x8003fec0  x3:0x00000001 PA:0xxxxxxxxx
     479215.000 ns	     47920	80009ec8	ff9ff06f	jal	x0,80009ec4	
     479265.000 ns	     47925	80009ec0	00036f17	auipc	x30,0x36	 x30=0x8003fec0
     479275.000 ns	     47926	80009ec4	143f2023	sw	x3,320(x30)	 x30:0x8003fec0  x3:0x00000001 PA:0xxxxxxxxx
     479295.000 ns	     47928	80009ec8	ff9ff06f	jal	x0,80009ec4	
     479345.000 ns	     47933	80009ec0	00036f17	auipc	x30,0x36	 x30=0x8003fec0
     479355.000 ns	     47934	80009ec4	143f2023	sw	x3,320(x30)	 x30:0x8003fec0  x3:0x00000001 PA:0xxxxxxxxx
     479375.000 ns	     47936	80009ec8	ff9ff06f	jal	x0,80009ec4	
     479425.000 ns	     47941	80009ec0	00036f17	auipc	x30,0x36	 x30=0x8003fec0
     479435.000 ns	     47942	80009ec4	143f2023	sw	x3,320(x30)	 x30:0x8003fec0  x3:0x00000001 PA:0xxxxxxxxx
     479455.000 ns	     47944	80009ec8	ff9ff06f	jal	x0,80009ec4	
     479505.000 ns	     47949	80009ec0	00036f17	auipc	x30,0x36	 x30=0x8003fec0
     479515.000 ns	     47950	80009ec4	143f2023	sw	x3,320(x30)	 x30:0x8003fec0  x3:0x00000001 PA:0xxxxxxxxx
     479535.000 ns	     47952	80009ec8	ff9ff06f	jal	x0,80009ec4	
     479585.000 ns	     47957	80009ec0	00036f17	auipc	x30,0x36	 x30=0x8003fec0
     479595.000 ns	     47958	80009ec4	143f2023	sw	x3,320(x30)	 x30:0x8003fec0  x3:0x00000001 PA:0xxxxxxxxx
     479615.000 ns	     47960	80009ec8	ff9ff06f	jal	x0,80009ec4	
     479665.000 ns	     47965	80009ec0	00036f17	auipc	x30,0x36	 x30=0x8003fec0
     479675.000 ns	     47966	80009ec4	143f2023	sw	x3,320(x30)	 x30:0x8003fec0  x3:0x00000001 PA:0xxxxxxxxx
     479695.000 ns	     47968	80009ec8	ff9ff06f	jal	x0,80009ec4	
     479745.000 ns	     47973	80009ec0	00036f17	auipc	x30,0x36	 x30=0x8003fec0
     479755.000 ns	     47974	80009ec4	143f2023	sw	x3,320(x30)	 x30:0x8003fec0  x3:0x00000001 PA:0xxxxxxxxx
     479775.000 ns	     47976	80009ec8	ff9ff06f	jal	x0,80009ec4	
     479825.000 ns	     47981	80009ec0	00036f17	auipc	x30,0x36	 x30=0x8003fec0
     479835.000 ns	     47982	80009ec4	143f2023	sw	x3,320(x30)	 x30:0x8003fec0  x3:0x00000001 PA:0xxxxxxxxx
     479855.000 ns	     47984	80009ec8	ff9ff06f	jal	x0,80009ec4	
     479905.000 ns	     47989	80009ec0	00036f17	auipc	x30,0x36	 x30=0x8003fec0
     479915.000 ns	     47990	80009ec4	143f2023	sw	x3,320(x30)	 x30:0x8003fec0  x3:0x00000001 PA:0xxxxxxxxx
     479935.000 ns	     47992	80009ec8	ff9ff06f	jal	x0,80009ec4	
     479985.000 ns	     47997	80009ec0	00036f17	auipc	x30,0x36	 x30=0x8003fec0
     479995.000 ns	     47998	80009ec4	143f2023	sw	x3,320(x30)	 x30:0x8003fec0  x3:0x00000001 PA:0xxxxxxxxx
     480015.000 ns	     48000	80009ec8	ff9ff06f	jal	x0,80009ec4	
     480065.000 ns	     48005	80009ec0	00036f17	auipc	x30,0x36	 x30=0x8003fec0
     480075.000 ns	     48006	80009ec4	143f2023	sw	x3,320(x30)	 x30:0x8003fec0  x3:0x00000001 PA:0xxxxxxxxx
     480095.000 ns	     48008	80009ec8	ff9ff06f	jal	x0,80009ec4	
     480145.000 ns	     48013	80009ec0	00036f17	auipc	x30,0x36	 x30=0x8003fec0
     480155.000 ns	     48014	80009ec4	143f2023	sw	x3,320(x30)	 x30:0x8003fec0  x3:0x00000001 PA:0xxxxxxxxx
     480175.000 ns	     48016	80009ec8	ff9ff06f	jal	x0,80009ec4	
     480225.000 ns	     48021	80009ec0	00036f17	auipc	x30,0x36	 x30=0x8003fec0
     480235.000 ns	     48022	80009ec4	143f2023	sw	x3,320(x30)	 x30:0x8003fec0  x3:0x00000001 PA:0xxxxxxxxx
     480255.000 ns	     48024	80009ec8	ff9ff06f	jal	x0,80009ec4	
     480305.000 ns	     48029	80009ec0	00036f17	auipc	x30,0x36	 x30=0x8003fec0
     480315.000 ns	     48030	80009ec4	143f2023	sw	x3,320(x30)	 x30:0x8003fec0  x3:0x00000001 PA:0xxxxxxxxx
     480335.000 ns	     48032	80009ec8	ff9ff06f	jal	x0,80009ec4	
     480385.000 ns	     48037	80009ec0	00036f17	auipc	x30,0x36	 x30=0x8003fec0
     480395.000 ns	     48038	80009ec4	143f2023	sw	x3,320(x30)	 x30:0x8003fec0  x3:0x00000001 PA:0xxxxxxxxx
     480415.000 ns	     48040	80009ec8	ff9ff06f	jal	x0,80009ec4	
     480465.000 ns	     48045	80009ec0	00036f17	auipc	x30,0x36	 x30=0x8003fec0
     480475.000 ns	     48046	80009ec4	143f2023	sw	x3,320(x30)	 x30:0x8003fec0  x3:0x00000001 PA:0xxxxxxxxx
     480495.000 ns	     48048	80009ec8	ff9ff06f	jal	x0,80009ec4	
     480545.000 ns	     48053	80009ec0	00036f17	auipc	x30,0x36	 x30=0x8003fec0
     480555.000 ns	     48054	80009ec4	143f2023	sw	x3,320(x30)	 x30:0x8003fec0  x3:0x00000001 PA:0xxxxxxxxx
     480575.000 ns	     48056	80009ec8	ff9ff06f	jal	x0,80009ec4	
     480625.000 ns	     48061	80009ec0	00036f17	auipc	x30,0x36	 x30=0x8003fec0
     480635.000 ns	     48062	80009ec4	143f2023	sw	x3,320(x30)	 x30:0x8003fec0  x3:0x00000001 PA:0xxxxxxxxx
     480655.000 ns	     48064	80009ec8	ff9ff06f	jal	x0,80009ec4	
     480705.000 ns	     48069	80009ec0	00036f17	auipc	x30,0x36	 x30=0x8003fec0
     480715.000 ns	     48070	80009ec4	143f2023	sw	x3,320(x30)	 x30:0x8003fec0  x3:0x00000001 PA:0xxxxxxxxx
     480735.000 ns	     48072	80009ec8	ff9ff06f	jal	x0,80009ec4	
     480785.000 ns	     48077	80009ec0	00036f17	auipc	x30,0x36	 x30=0x8003fec0
     480795.000 ns	     48078	80009ec4	143f2023	sw	x3,320(x30)	 x30:0x8003fec0  x3:0x00000001 PA:0xxxxxxxxx
     480815.000 ns	     48080	80009ec8	ff9ff06f	jal	x0,80009ec4	
     480865.000 ns	     48085	80009ec0	00036f17	auipc	x30,0x36	 x30=0x8003fec0
     480875.000 ns	     48086	80009ec4	143f2023	sw	x3,320(x30)	 x30:0x8003fec0  x3:0x00000001 PA:0xxxxxxxxx
     480895.000 ns	     48088	80009ec8	ff9ff06f	jal	x0,80009ec4	
     480945.000 ns	     48093	80009ec0	00036f17	auipc	x30,0x36	 x30=0x8003fec0
     480955.000 ns	     48094	80009ec4	143f2023	sw	x3,320(x30)	 x30:0x8003fec0  x3:0x00000001 PA:0xxxxxxxxx
     480975.000 ns	     48096	80009ec8	ff9ff06f	jal	x0,80009ec4	
     481025.000 ns	     48101	80009ec0	00036f17	auipc	x30,0x36	 x30=0x8003fec0
     481035.000 ns	     48102	80009ec4	143f2023	sw	x3,320(x30)	 x30:0x8003fec0  x3:0x00000001 PA:0xxxxxxxxx
     481055.000 ns	     48104	80009ec8	ff9ff06f	jal	x0,80009ec4	
     481105.000 ns	     48109	80009ec0	00036f17	auipc	x30,0x36	 x30=0x8003fec0
     481115.000 ns	     48110	80009ec4	143f2023	sw	x3,320(x30)	 x30:0x8003fec0  x3:0x00000001 PA:0xxxxxxxxx
     481135.000 ns	     48112	80009ec8	ff9ff06f	jal	x0,80009ec4	
     481185.000 ns	     48117	80009ec0	00036f17	auipc	x30,0x36	 x30=0x8003fec0
     481195.000 ns	     48118	80009ec4	143f2023	sw	x3,320(x30)	 x30:0x8003fec0  x3:0x00000001 PA:0xxxxxxxxx
     481215.000 ns	     48120	80009ec8	ff9ff06f	jal	x0,80009ec4	
     481265.000 ns	     48125	80009ec0	00036f17	auipc	x30,0x36	 x30=0x8003fec0
     481275.000 ns	     48126	80009ec4	143f2023	sw	x3,320(x30)	 x30:0x8003fec0  x3:0x00000001 PA:0xxxxxxxxx
     481295.000 ns	     48128	80009ec8	ff9ff06f	jal	x0,80009ec4	
     481345.000 ns	     48133	80009ec0	00036f17	auipc	x30,0x36	 x30=0x8003fec0
     481355.000 ns	     48134	80009ec4	143f2023	sw	x3,320(x30)	 x30:0x8003fec0  x3:0x00000001 PA:0xxxxxxxxx
     481375.000 ns	     48136	80009ec8	ff9ff06f	jal	x0,80009ec4	
     481425.000 ns	     48141	80009ec0	00036f17	auipc	x30,0x36	 x30=0x8003fec0
     481435.000 ns	     48142	80009ec4	143f2023	sw	x3,320(x30)	 x30:0x8003fec0  x3:0x00000001 PA:0xxxxxxxxx
     481455.000 ns	     48144	80009ec8	ff9ff06f	jal	x0,80009ec4	
     481505.000 ns	     48149	80009ec0	00036f17	auipc	x30,0x36	 x30=0x8003fec0
     481515.000 ns	     48150	80009ec4	143f2023	sw	x3,320(x30)	 x30:0x8003fec0  x3:0x00000001 PA:0xxxxxxxxx
     481535.000 ns	     48152	80009ec8	ff9ff06f	jal	x0,80009ec4	
     481585.000 ns	     48157	80009ec0	00036f17	auipc	x30,0x36	 x30=0x8003fec0
     481595.000 ns	     48158	80009ec4	143f2023	sw	x3,320(x30)	 x30:0x8003fec0  x3:0x00000001 PA:0xxxxxxxxx
     481615.000 ns	     48160	80009ec8	ff9ff06f	jal	x0,80009ec4	
     481665.000 ns	     48165	80009ec0	00036f17	auipc	x30,0x36	 x30=0x8003fec0
     481675.000 ns	     48166	80009ec4	143f2023	sw	x3,320(x30)	 x30:0x8003fec0  x3:0x00000001 PA:0xxxxxxxxx
     481695.000 ns	     48168	80009ec8	ff9ff06f	jal	x0,80009ec4	
     481745.000 ns	     48173	80009ec0	00036f17	auipc	x30,0x36	 x30=0x8003fec0
     481755.000 ns	     48174	80009ec4	143f2023	sw	x3,320(x30)	 x30:0x8003fec0  x3:0x00000001 PA:0xxxxxxxxx
     481775.000 ns	     48176	80009ec8	ff9ff06f	jal	x0,80009ec4	
     481825.000 ns	     48181	80009ec0	00036f17	auipc	x30,0x36	 x30=0x8003fec0
     481835.000 ns	     48182	80009ec4	143f2023	sw	x3,320(x30)	 x30:0x8003fec0  x3:0x00000001 PA:0xxxxxxxxx
     481855.000 ns	     48184	80009ec8	ff9ff06f	jal	x0,80009ec4	
     481905.000 ns	     48189	80009ec0	00036f17	auipc	x30,0x36	 x30=0x8003fec0
     481915.000 ns	     48190	80009ec4	143f2023	sw	x3,320(x30)	 x30:0x8003fec0  x3:0x00000001 PA:0xxxxxxxxx
     481935.000 ns	     48192	80009ec8	ff9ff06f	jal	x0,80009ec4	
     481985.000 ns	     48197	80009ec0	00036f17	auipc	x30,0x36	 x30=0x8003fec0
     481995.000 ns	     48198	80009ec4	143f2023	sw	x3,320(x30)	 x30:0x8003fec0  x3:0x00000001 PA:0xxxxxxxxx
     482015.000 ns	     48200	80009ec8	ff9ff06f	jal	x0,80009ec4	
     482065.000 ns	     48205	80009ec0	00036f17	auipc	x30,0x36	 x30=0x8003fec0
     482075.000 ns	     48206	80009ec4	143f2023	sw	x3,320(x30)	 x30:0x8003fec0  x3:0x00000001 PA:0xxxxxxxxx
     482095.000 ns	     48208	80009ec8	ff9ff06f	jal	x0,80009ec4	
     482145.000 ns	     48213	80009ec0	00036f17	auipc	x30,0x36	 x30=0x8003fec0
     482155.000 ns	     48214	80009ec4	143f2023	sw	x3,320(x30)	 x30:0x8003fec0  x3:0x00000001 PA:0xxxxxxxxx
     482175.000 ns	     48216	80009ec8	ff9ff06f	jal	x0,80009ec4	
     482225.000 ns	     48221	80009ec0	00036f17	auipc	x30,0x36	 x30=0x8003fec0
     482235.000 ns	     48222	80009ec4	143f2023	sw	x3,320(x30)	 x30:0x8003fec0  x3:0x00000001 PA:0xxxxxxxxx
     482255.000 ns	     48224	80009ec8	ff9ff06f	jal	x0,80009ec4	
     482305.000 ns	     48229	80009ec0	00036f17	auipc	x30,0x36	 x30=0x8003fec0
     482315.000 ns	     48230	80009ec4	143f2023	sw	x3,320(x30)	 x30:0x8003fec0  x3:0x00000001 PA:0xxxxxxxxx
     482335.000 ns	     48232	80009ec8	ff9ff06f	jal	x0,80009ec4	
     482385.000 ns	     48237	80009ec0	00036f17	auipc	x30,0x36	 x30=0x8003fec0
     482395.000 ns	     48238	80009ec4	143f2023	sw	x3,320(x30)	 x30:0x8003fec0  x3:0x00000001 PA:0xxxxxxxxx
     482415.000 ns	     48240	80009ec8	ff9ff06f	jal	x0,80009ec4	
     482465.000 ns	     48245	80009ec0	00036f17	auipc	x30,0x36	 x30=0x8003fec0
     482475.000 ns	     48246	80009ec4	143f2023	sw	x3,320(x30)	 x30:0x8003fec0  x3:0x00000001 PA:0xxxxxxxxx
     482495.000 ns	     48248	80009ec8	ff9ff06f	jal	x0,80009ec4	
     482545.000 ns	     48253	80009ec0	00036f17	auipc	x30,0x36	 x30=0x8003fec0
     482555.000 ns	     48254	80009ec4	143f2023	sw	x3,320(x30)	 x30:0x8003fec0  x3:0x00000001 PA:0xxxxxxxxx
     482575.000 ns	     48256	80009ec8	ff9ff06f	jal	x0,80009ec4	
     482625.000 ns	     48261	80009ec0	00036f17	auipc	x30,0x36	 x30=0x8003fec0
     482635.000 ns	     48262	80009ec4	143f2023	sw	x3,320(x30)	 x30:0x8003fec0  x3:0x00000001 PA:0xxxxxxxxx
     482655.000 ns	     48264	80009ec8	ff9ff06f	jal	x0,80009ec4	
     482705.000 ns	     48269	80009ec0	00036f17	auipc	x30,0x36	 x30=0x8003fec0
     482715.000 ns	     48270	80009ec4	143f2023	sw	x3,320(x30)	 x30:0x8003fec0  x3:0x00000001 PA:0xxxxxxxxx
     482735.000 ns	     48272	80009ec8	ff9ff06f	jal	x0,80009ec4	
     482785.000 ns	     48277	80009ec0	00036f17	auipc	x30,0x36	 x30=0x8003fec0
     482795.000 ns	     48278	80009ec4	143f2023	sw	x3,320(x30)	 x30:0x8003fec0  x3:0x00000001 PA:0xxxxxxxxx
     482815.000 ns	     48280	80009ec8	ff9ff06f	jal	x0,80009ec4	
     482865.000 ns	     48285	80009ec0	00036f17	auipc	x30,0x36	 x30=0x8003fec0
     482875.000 ns	     48286	80009ec4	143f2023	sw	x3,320(x30)	 x30:0x8003fec0  x3:0x00000001 PA:0xxxxxxxxx
     482895.000 ns	     48288	80009ec8	ff9ff06f	jal	x0,80009ec4	
     482945.000 ns	     48293	80009ec0	00036f17	auipc	x30,0x36	 x30=0x8003fec0
     482955.000 ns	     48294	80009ec4	143f2023	sw	x3,320(x30)	 x30:0x8003fec0  x3:0x00000001 PA:0xxxxxxxxx
     482975.000 ns	     48296	80009ec8	ff9ff06f	jal	x0,80009ec4	
     483025.000 ns	     48301	80009ec0	00036f17	auipc	x30,0x36	 x30=0x8003fec0
     483035.000 ns	     48302	80009ec4	143f2023	sw	x3,320(x30)	 x30:0x8003fec0  x3:0x00000001 PA:0xxxxxxxxx
     483055.000 ns	     48304	80009ec8	ff9ff06f	jal	x0,80009ec4	
     483105.000 ns	     48309	80009ec0	00036f17	auipc	x30,0x36	 x30=0x8003fec0
     483115.000 ns	     48310	80009ec4	143f2023	sw	x3,320(x30)	 x30:0x8003fec0  x3:0x00000001 PA:0xxxxxxxxx
     483135.000 ns	     48312	80009ec8	ff9ff06f	jal	x0,80009ec4	
     483185.000 ns	     48317	80009ec0	00036f17	auipc	x30,0x36	 x30=0x8003fec0
     483195.000 ns	     48318	80009ec4	143f2023	sw	x3,320(x30)	 x30:0x8003fec0  x3:0x00000001 PA:0xxxxxxxxx
     483215.000 ns	     48320	80009ec8	ff9ff06f	jal	x0,80009ec4	
     483265.000 ns	     48325	80009ec0	00036f17	auipc	x30,0x36	 x30=0x8003fec0
     483275.000 ns	     48326	80009ec4	143f2023	sw	x3,320(x30)	 x30:0x8003fec0  x3:0x00000001 PA:0xxxxxxxxx
     483295.000 ns	     48328	80009ec8	ff9ff06f	jal	x0,80009ec4	
     483345.000 ns	     48333	80009ec0	00036f17	auipc	x30,0x36	 x30=0x8003fec0
     483355.000 ns	     48334	80009ec4	143f2023	sw	x3,320(x30)	 x30:0x8003fec0  x3:0x00000001 PA:0xxxxxxxxx
     483375.000 ns	     48336	80009ec8	ff9ff06f	jal	x0,80009ec4	
     483425.000 ns	     48341	80009ec0	00036f17	auipc	x30,0x36	 x30=0x8003fec0
     483435.000 ns	     48342	80009ec4	143f2023	sw	x3,320(x30)	 x30:0x8003fec0  x3:0x00000001 PA:0xxxxxxxxx
     483455.000 ns	     48344	80009ec8	ff9ff06f	jal	x0,80009ec4	
     483505.000 ns	     48349	80009ec0	00036f17	auipc	x30,0x36	 x30=0x8003fec0
     483515.000 ns	     48350	80009ec4	143f2023	sw	x3,320(x30)	 x30:0x8003fec0  x3:0x00000001 PA:0xxxxxxxxx
     483535.000 ns	     48352	80009ec8	ff9ff06f	jal	x0,80009ec4	
     483585.000 ns	     48357	80009ec0	00036f17	auipc	x30,0x36	 x30=0x8003fec0
     483595.000 ns	     48358	80009ec4	143f2023	sw	x3,320(x30)	 x30:0x8003fec0  x3:0x00000001 PA:0xxxxxxxxx
     483615.000 ns	     48360	80009ec8	ff9ff06f	jal	x0,80009ec4	
     483665.000 ns	     48365	80009ec0	00036f17	auipc	x30,0x36	 x30=0x8003fec0
     483675.000 ns	     48366	80009ec4	143f2023	sw	x3,320(x30)	 x30:0x8003fec0  x3:0x00000001 PA:0xxxxxxxxx
     483695.000 ns	     48368	80009ec8	ff9ff06f	jal	x0,80009ec4	
     483745.000 ns	     48373	80009ec0	00036f17	auipc	x30,0x36	 x30=0x8003fec0
     483755.000 ns	     48374	80009ec4	143f2023	sw	x3,320(x30)	 x30:0x8003fec0  x3:0x00000001 PA:0xxxxxxxxx
     483775.000 ns	     48376	80009ec8	ff9ff06f	jal	x0,80009ec4	
     483825.000 ns	     48381	80009ec0	00036f17	auipc	x30,0x36	 x30=0x8003fec0
     483835.000 ns	     48382	80009ec4	143f2023	sw	x3,320(x30)	 x30:0x8003fec0  x3:0x00000001 PA:0xxxxxxxxx
     483855.000 ns	     48384	80009ec8	ff9ff06f	jal	x0,80009ec4	
     483905.000 ns	     48389	80009ec0	00036f17	auipc	x30,0x36	 x30=0x8003fec0
     483915.000 ns	     48390	80009ec4	143f2023	sw	x3,320(x30)	 x30:0x8003fec0  x3:0x00000001 PA:0xxxxxxxxx
     483935.000 ns	     48392	80009ec8	ff9ff06f	jal	x0,80009ec4	
     483985.000 ns	     48397	80009ec0	00036f17	auipc	x30,0x36	 x30=0x8003fec0
     483995.000 ns	     48398	80009ec4	143f2023	sw	x3,320(x30)	 x30:0x8003fec0  x3:0x00000001 PA:0xxxxxxxxx
     484015.000 ns	     48400	80009ec8	ff9ff06f	jal	x0,80009ec4	
     484065.000 ns	     48405	80009ec0	00036f17	auipc	x30,0x36	 x30=0x8003fec0
     484075.000 ns	     48406	80009ec4	143f2023	sw	x3,320(x30)	 x30:0x8003fec0  x3:0x00000001 PA:0xxxxxxxxx
     484095.000 ns	     48408	80009ec8	ff9ff06f	jal	x0,80009ec4	
     484145.000 ns	     48413	80009ec0	00036f17	auipc	x30,0x36	 x30=0x8003fec0
     484155.000 ns	     48414	80009ec4	143f2023	sw	x3,320(x30)	 x30:0x8003fec0  x3:0x00000001 PA:0xxxxxxxxx
     484175.000 ns	     48416	80009ec8	ff9ff06f	jal	x0,80009ec4	
     484225.000 ns	     48421	80009ec0	00036f17	auipc	x30,0x36	 x30=0x8003fec0
     484235.000 ns	     48422	80009ec4	143f2023	sw	x3,320(x30)	 x30:0x8003fec0  x3:0x00000001 PA:0xxxxxxxxx
     484255.000 ns	     48424	80009ec8	ff9ff06f	jal	x0,80009ec4	
     484305.000 ns	     48429	80009ec0	00036f17	auipc	x30,0x36	 x30=0x8003fec0
     484315.000 ns	     48430	80009ec4	143f2023	sw	x3,320(x30)	 x30:0x8003fec0  x3:0x00000001 PA:0xxxxxxxxx
     484335.000 ns	     48432	80009ec8	ff9ff06f	jal	x0,80009ec4	
     484385.000 ns	     48437	80009ec0	00036f17	auipc	x30,0x36	 x30=0x8003fec0
     484395.000 ns	     48438	80009ec4	143f2023	sw	x3,320(x30)	 x30:0x8003fec0  x3:0x00000001 PA:0xxxxxxxxx
     484415.000 ns	     48440	80009ec8	ff9ff06f	jal	x0,80009ec4	
     484465.000 ns	     48445	80009ec0	00036f17	auipc	x30,0x36	 x30=0x8003fec0
     484475.000 ns	     48446	80009ec4	143f2023	sw	x3,320(x30)	 x30:0x8003fec0  x3:0x00000001 PA:0xxxxxxxxx
     484495.000 ns	     48448	80009ec8	ff9ff06f	jal	x0,80009ec4	
     484545.000 ns	     48453	80009ec0	00036f17	auipc	x30,0x36	 x30=0x8003fec0
     484555.000 ns	     48454	80009ec4	143f2023	sw	x3,320(x30)	 x30:0x8003fec0  x3:0x00000001 PA:0xxxxxxxxx
     484575.000 ns	     48456	80009ec8	ff9ff06f	jal	x0,80009ec4	
     484625.000 ns	     48461	80009ec0	00036f17	auipc	x30,0x36	 x30=0x8003fec0
     484635.000 ns	     48462	80009ec4	143f2023	sw	x3,320(x30)	 x30:0x8003fec0  x3:0x00000001 PA:0xxxxxxxxx
     484655.000 ns	     48464	80009ec8	ff9ff06f	jal	x0,80009ec4	
     484705.000 ns	     48469	80009ec0	00036f17	auipc	x30,0x36	 x30=0x8003fec0
     484715.000 ns	     48470	80009ec4	143f2023	sw	x3,320(x30)	 x30:0x8003fec0  x3:0x00000001 PA:0xxxxxxxxx
     484735.000 ns	     48472	80009ec8	ff9ff06f	jal	x0,80009ec4	
     484785.000 ns	     48477	80009ec0	00036f17	auipc	x30,0x36	 x30=0x8003fec0
     484795.000 ns	     48478	80009ec4	143f2023	sw	x3,320(x30)	 x30:0x8003fec0  x3:0x00000001 PA:0xxxxxxxxx
     484815.000 ns	     48480	80009ec8	ff9ff06f	jal	x0,80009ec4	
     484865.000 ns	     48485	80009ec0	00036f17	auipc	x30,0x36	 x30=0x8003fec0
     484875.000 ns	     48486	80009ec4	143f2023	sw	x3,320(x30)	 x30:0x8003fec0  x3:0x00000001 PA:0xxxxxxxxx
     484895.000 ns	     48488	80009ec8	ff9ff06f	jal	x0,80009ec4	
     484945.000 ns	     48493	80009ec0	00036f17	auipc	x30,0x36	 x30=0x8003fec0
     484955.000 ns	     48494	80009ec4	143f2023	sw	x3,320(x30)	 x30:0x8003fec0  x3:0x00000001 PA:0xxxxxxxxx
     484975.000 ns	     48496	80009ec8	ff9ff06f	jal	x0,80009ec4	
     485025.000 ns	     48501	80009ec0	00036f17	auipc	x30,0x36	 x30=0x8003fec0
     485035.000 ns	     48502	80009ec4	143f2023	sw	x3,320(x30)	 x30:0x8003fec0  x3:0x00000001 PA:0xxxxxxxxx
     485055.000 ns	     48504	80009ec8	ff9ff06f	jal	x0,80009ec4	
     485105.000 ns	     48509	80009ec0	00036f17	auipc	x30,0x36	 x30=0x8003fec0
     485115.000 ns	     48510	80009ec4	143f2023	sw	x3,320(x30)	 x30:0x8003fec0  x3:0x00000001 PA:0xxxxxxxxx
     485135.000 ns	     48512	80009ec8	ff9ff06f	jal	x0,80009ec4	
     485185.000 ns	     48517	80009ec0	00036f17	auipc	x30,0x36	 x30=0x8003fec0
     485195.000 ns	     48518	80009ec4	143f2023	sw	x3,320(x30)	 x30:0x8003fec0  x3:0x00000001 PA:0xxxxxxxxx
     485215.000 ns	     48520	80009ec8	ff9ff06f	jal	x0,80009ec4	
     485265.000 ns	     48525	80009ec0	00036f17	auipc	x30,0x36	 x30=0x8003fec0
     485275.000 ns	     48526	80009ec4	143f2023	sw	x3,320(x30)	 x30:0x8003fec0  x3:0x00000001 PA:0xxxxxxxxx
     485295.000 ns	     48528	80009ec8	ff9ff06f	jal	x0,80009ec4	
     485345.000 ns	     48533	80009ec0	00036f17	auipc	x30,0x36	 x30=0x8003fec0
     485355.000 ns	     48534	80009ec4	143f2023	sw	x3,320(x30)	 x30:0x8003fec0  x3:0x00000001 PA:0xxxxxxxxx
     485375.000 ns	     48536	80009ec8	ff9ff06f	jal	x0,80009ec4	
     485425.000 ns	     48541	80009ec0	00036f17	auipc	x30,0x36	 x30=0x8003fec0
     485435.000 ns	     48542	80009ec4	143f2023	sw	x3,320(x30)	 x30:0x8003fec0  x3:0x00000001 PA:0xxxxxxxxx
     485455.000 ns	     48544	80009ec8	ff9ff06f	jal	x0,80009ec4	
     485505.000 ns	     48549	80009ec0	00036f17	auipc	x30,0x36	 x30=0x8003fec0
     485515.000 ns	     48550	80009ec4	143f2023	sw	x3,320(x30)	 x30:0x8003fec0  x3:0x00000001 PA:0xxxxxxxxx
     485535.000 ns	     48552	80009ec8	ff9ff06f	jal	x0,80009ec4	
     485585.000 ns	     48557	80009ec0	00036f17	auipc	x30,0x36	 x30=0x8003fec0
     485595.000 ns	     48558	80009ec4	143f2023	sw	x3,320(x30)	 x30:0x8003fec0  x3:0x00000001 PA:0xxxxxxxxx
     485615.000 ns	     48560	80009ec8	ff9ff06f	jal	x0,80009ec4	
     485665.000 ns	     48565	80009ec0	00036f17	auipc	x30,0x36	 x30=0x8003fec0
     485675.000 ns	     48566	80009ec4	143f2023	sw	x3,320(x30)	 x30:0x8003fec0  x3:0x00000001 PA:0xxxxxxxxx
     485695.000 ns	     48568	80009ec8	ff9ff06f	jal	x0,80009ec4	
     485745.000 ns	     48573	80009ec0	00036f17	auipc	x30,0x36	 x30=0x8003fec0
     485755.000 ns	     48574	80009ec4	143f2023	sw	x3,320(x30)	 x30:0x8003fec0  x3:0x00000001 PA:0xxxxxxxxx
     485775.000 ns	     48576	80009ec8	ff9ff06f	jal	x0,80009ec4	
     485825.000 ns	     48581	80009ec0	00036f17	auipc	x30,0x36	 x30=0x8003fec0
     485835.000 ns	     48582	80009ec4	143f2023	sw	x3,320(x30)	 x30:0x8003fec0  x3:0x00000001 PA:0xxxxxxxxx
     485855.000 ns	     48584	80009ec8	ff9ff06f	jal	x0,80009ec4	
     485905.000 ns	     48589	80009ec0	00036f17	auipc	x30,0x36	 x30=0x8003fec0
     485915.000 ns	     48590	80009ec4	143f2023	sw	x3,320(x30)	 x30:0x8003fec0  x3:0x00000001 PA:0xxxxxxxxx
     485935.000 ns	     48592	80009ec8	ff9ff06f	jal	x0,80009ec4	
     485985.000 ns	     48597	80009ec0	00036f17	auipc	x30,0x36	 x30=0x8003fec0
     485995.000 ns	     48598	80009ec4	143f2023	sw	x3,320(x30)	 x30:0x8003fec0  x3:0x00000001 PA:0xxxxxxxxx
     486015.000 ns	     48600	80009ec8	ff9ff06f	jal	x0,80009ec4	
     486065.000 ns	     48605	80009ec0	00036f17	auipc	x30,0x36	 x30=0x8003fec0
     486075.000 ns	     48606	80009ec4	143f2023	sw	x3,320(x30)	 x30:0x8003fec0  x3:0x00000001 PA:0xxxxxxxxx
     486095.000 ns	     48608	80009ec8	ff9ff06f	jal	x0,80009ec4	
     486145.000 ns	     48613	80009ec0	00036f17	auipc	x30,0x36	 x30=0x8003fec0
     486155.000 ns	     48614	80009ec4	143f2023	sw	x3,320(x30)	 x30:0x8003fec0  x3:0x00000001 PA:0xxxxxxxxx
     486175.000 ns	     48616	80009ec8	ff9ff06f	jal	x0,80009ec4	
     486225.000 ns	     48621	80009ec0	00036f17	auipc	x30,0x36	 x30=0x8003fec0
     486235.000 ns	     48622	80009ec4	143f2023	sw	x3,320(x30)	 x30:0x8003fec0  x3:0x00000001 PA:0xxxxxxxxx
     486255.000 ns	     48624	80009ec8	ff9ff06f	jal	x0,80009ec4	
     486305.000 ns	     48629	80009ec0	00036f17	auipc	x30,0x36	 x30=0x8003fec0
     486315.000 ns	     48630	80009ec4	143f2023	sw	x3,320(x30)	 x30:0x8003fec0  x3:0x00000001 PA:0xxxxxxxxx
     486335.000 ns	     48632	80009ec8	ff9ff06f	jal	x0,80009ec4	
     486385.000 ns	     48637	80009ec0	00036f17	auipc	x30,0x36	 x30=0x8003fec0
     486395.000 ns	     48638	80009ec4	143f2023	sw	x3,320(x30)	 x30:0x8003fec0  x3:0x00000001 PA:0xxxxxxxxx
     486415.000 ns	     48640	80009ec8	ff9ff06f	jal	x0,80009ec4	
     486465.000 ns	     48645	80009ec0	00036f17	auipc	x30,0x36	 x30=0x8003fec0
     486475.000 ns	     48646	80009ec4	143f2023	sw	x3,320(x30)	 x30:0x8003fec0  x3:0x00000001 PA:0xxxxxxxxx
     486495.000 ns	     48648	80009ec8	ff9ff06f	jal	x0,80009ec4	
     486545.000 ns	     48653	80009ec0	00036f17	auipc	x30,0x36	 x30=0x8003fec0
     486555.000 ns	     48654	80009ec4	143f2023	sw	x3,320(x30)	 x30:0x8003fec0  x3:0x00000001 PA:0xxxxxxxxx
     486575.000 ns	     48656	80009ec8	ff9ff06f	jal	x0,80009ec4	
     486625.000 ns	     48661	80009ec0	00036f17	auipc	x30,0x36	 x30=0x8003fec0
     486635.000 ns	     48662	80009ec4	143f2023	sw	x3,320(x30)	 x30:0x8003fec0  x3:0x00000001 PA:0xxxxxxxxx
     486655.000 ns	     48664	80009ec8	ff9ff06f	jal	x0,80009ec4	
     486705.000 ns	     48669	80009ec0	00036f17	auipc	x30,0x36	 x30=0x8003fec0
     486715.000 ns	     48670	80009ec4	143f2023	sw	x3,320(x30)	 x30:0x8003fec0  x3:0x00000001 PA:0xxxxxxxxx
     486735.000 ns	     48672	80009ec8	ff9ff06f	jal	x0,80009ec4	
     486785.000 ns	     48677	80009ec0	00036f17	auipc	x30,0x36	 x30=0x8003fec0
     486795.000 ns	     48678	80009ec4	143f2023	sw	x3,320(x30)	 x30:0x8003fec0  x3:0x00000001 PA:0xxxxxxxxx
     486815.000 ns	     48680	80009ec8	ff9ff06f	jal	x0,80009ec4	
     486865.000 ns	     48685	80009ec0	00036f17	auipc	x30,0x36	 x30=0x8003fec0
     486875.000 ns	     48686	80009ec4	143f2023	sw	x3,320(x30)	 x30:0x8003fec0  x3:0x00000001 PA:0xxxxxxxxx
     486895.000 ns	     48688	80009ec8	ff9ff06f	jal	x0,80009ec4	
     486945.000 ns	     48693	80009ec0	00036f17	auipc	x30,0x36	 x30=0x8003fec0
     486955.000 ns	     48694	80009ec4	143f2023	sw	x3,320(x30)	 x30:0x8003fec0  x3:0x00000001 PA:0xxxxxxxxx
     486975.000 ns	     48696	80009ec8	ff9ff06f	jal	x0,80009ec4	
     487025.000 ns	     48701	80009ec0	00036f17	auipc	x30,0x36	 x30=0x8003fec0
     487035.000 ns	     48702	80009ec4	143f2023	sw	x3,320(x30)	 x30:0x8003fec0  x3:0x00000001 PA:0xxxxxxxxx
     487055.000 ns	     48704	80009ec8	ff9ff06f	jal	x0,80009ec4	
     487105.000 ns	     48709	80009ec0	00036f17	auipc	x30,0x36	 x30=0x8003fec0
     487115.000 ns	     48710	80009ec4	143f2023	sw	x3,320(x30)	 x30:0x8003fec0  x3:0x00000001 PA:0xxxxxxxxx
     487135.000 ns	     48712	80009ec8	ff9ff06f	jal	x0,80009ec4	
     487185.000 ns	     48717	80009ec0	00036f17	auipc	x30,0x36	 x30=0x8003fec0
     487195.000 ns	     48718	80009ec4	143f2023	sw	x3,320(x30)	 x30:0x8003fec0  x3:0x00000001 PA:0xxxxxxxxx
     487215.000 ns	     48720	80009ec8	ff9ff06f	jal	x0,80009ec4	
     487265.000 ns	     48725	80009ec0	00036f17	auipc	x30,0x36	 x30=0x8003fec0
     487275.000 ns	     48726	80009ec4	143f2023	sw	x3,320(x30)	 x30:0x8003fec0  x3:0x00000001 PA:0xxxxxxxxx
     487295.000 ns	     48728	80009ec8	ff9ff06f	jal	x0,80009ec4	
     487345.000 ns	     48733	80009ec0	00036f17	auipc	x30,0x36	 x30=0x8003fec0
     487355.000 ns	     48734	80009ec4	143f2023	sw	x3,320(x30)	 x30:0x8003fec0  x3:0x00000001 PA:0xxxxxxxxx
     487375.000 ns	     48736	80009ec8	ff9ff06f	jal	x0,80009ec4	
     487425.000 ns	     48741	80009ec0	00036f17	auipc	x30,0x36	 x30=0x8003fec0
     487435.000 ns	     48742	80009ec4	143f2023	sw	x3,320(x30)	 x30:0x8003fec0  x3:0x00000001 PA:0xxxxxxxxx
     487455.000 ns	     48744	80009ec8	ff9ff06f	jal	x0,80009ec4	
     487505.000 ns	     48749	80009ec0	00036f17	auipc	x30,0x36	 x30=0x8003fec0
     487515.000 ns	     48750	80009ec4	143f2023	sw	x3,320(x30)	 x30:0x8003fec0  x3:0x00000001 PA:0xxxxxxxxx
     487535.000 ns	     48752	80009ec8	ff9ff06f	jal	x0,80009ec4	
     487585.000 ns	     48757	80009ec0	00036f17	auipc	x30,0x36	 x30=0x8003fec0
     487595.000 ns	     48758	80009ec4	143f2023	sw	x3,320(x30)	 x30:0x8003fec0  x3:0x00000001 PA:0xxxxxxxxx
     487615.000 ns	     48760	80009ec8	ff9ff06f	jal	x0,80009ec4	
     487665.000 ns	     48765	80009ec0	00036f17	auipc	x30,0x36	 x30=0x8003fec0
     487675.000 ns	     48766	80009ec4	143f2023	sw	x3,320(x30)	 x30:0x8003fec0  x3:0x00000001 PA:0xxxxxxxxx
     487695.000 ns	     48768	80009ec8	ff9ff06f	jal	x0,80009ec4	
     487745.000 ns	     48773	80009ec0	00036f17	auipc	x30,0x36	 x30=0x8003fec0
     487755.000 ns	     48774	80009ec4	143f2023	sw	x3,320(x30)	 x30:0x8003fec0  x3:0x00000001 PA:0xxxxxxxxx
     487775.000 ns	     48776	80009ec8	ff9ff06f	jal	x0,80009ec4	
     487825.000 ns	     48781	80009ec0	00036f17	auipc	x30,0x36	 x30=0x8003fec0
     487835.000 ns	     48782	80009ec4	143f2023	sw	x3,320(x30)	 x30:0x8003fec0  x3:0x00000001 PA:0xxxxxxxxx
     487855.000 ns	     48784	80009ec8	ff9ff06f	jal	x0,80009ec4	
     487905.000 ns	     48789	80009ec0	00036f17	auipc	x30,0x36	 x30=0x8003fec0
     487915.000 ns	     48790	80009ec4	143f2023	sw	x3,320(x30)	 x30:0x8003fec0  x3:0x00000001 PA:0xxxxxxxxx
     487935.000 ns	     48792	80009ec8	ff9ff06f	jal	x0,80009ec4	
     487985.000 ns	     48797	80009ec0	00036f17	auipc	x30,0x36	 x30=0x8003fec0
     487995.000 ns	     48798	80009ec4	143f2023	sw	x3,320(x30)	 x30:0x8003fec0  x3:0x00000001 PA:0xxxxxxxxx
     488015.000 ns	     48800	80009ec8	ff9ff06f	jal	x0,80009ec4	
     488065.000 ns	     48805	80009ec0	00036f17	auipc	x30,0x36	 x30=0x8003fec0
     488075.000 ns	     48806	80009ec4	143f2023	sw	x3,320(x30)	 x30:0x8003fec0  x3:0x00000001 PA:0xxxxxxxxx
     488095.000 ns	     48808	80009ec8	ff9ff06f	jal	x0,80009ec4	
     488145.000 ns	     48813	80009ec0	00036f17	auipc	x30,0x36	 x30=0x8003fec0
     488155.000 ns	     48814	80009ec4	143f2023	sw	x3,320(x30)	 x30:0x8003fec0  x3:0x00000001 PA:0xxxxxxxxx
     488175.000 ns	     48816	80009ec8	ff9ff06f	jal	x0,80009ec4	
     488225.000 ns	     48821	80009ec0	00036f17	auipc	x30,0x36	 x30=0x8003fec0
     488235.000 ns	     48822	80009ec4	143f2023	sw	x3,320(x30)	 x30:0x8003fec0  x3:0x00000001 PA:0xxxxxxxxx
     488255.000 ns	     48824	80009ec8	ff9ff06f	jal	x0,80009ec4	
     488305.000 ns	     48829	80009ec0	00036f17	auipc	x30,0x36	 x30=0x8003fec0
     488315.000 ns	     48830	80009ec4	143f2023	sw	x3,320(x30)	 x30:0x8003fec0  x3:0x00000001 PA:0xxxxxxxxx
     488335.000 ns	     48832	80009ec8	ff9ff06f	jal	x0,80009ec4	
     488385.000 ns	     48837	80009ec0	00036f17	auipc	x30,0x36	 x30=0x8003fec0
     488395.000 ns	     48838	80009ec4	143f2023	sw	x3,320(x30)	 x30:0x8003fec0  x3:0x00000001 PA:0xxxxxxxxx
     488415.000 ns	     48840	80009ec8	ff9ff06f	jal	x0,80009ec4	
     488465.000 ns	     48845	80009ec0	00036f17	auipc	x30,0x36	 x30=0x8003fec0
     488475.000 ns	     48846	80009ec4	143f2023	sw	x3,320(x30)	 x30:0x8003fec0  x3:0x00000001 PA:0xxxxxxxxx
     488495.000 ns	     48848	80009ec8	ff9ff06f	jal	x0,80009ec4	
     488545.000 ns	     48853	80009ec0	00036f17	auipc	x30,0x36	 x30=0x8003fec0
     488555.000 ns	     48854	80009ec4	143f2023	sw	x3,320(x30)	 x30:0x8003fec0  x3:0x00000001 PA:0xxxxxxxxx
     488575.000 ns	     48856	80009ec8	ff9ff06f	jal	x0,80009ec4	
     488625.000 ns	     48861	80009ec0	00036f17	auipc	x30,0x36	 x30=0x8003fec0
     488635.000 ns	     48862	80009ec4	143f2023	sw	x3,320(x30)	 x30:0x8003fec0  x3:0x00000001 PA:0xxxxxxxxx
     488655.000 ns	     48864	80009ec8	ff9ff06f	jal	x0,80009ec4	
     488705.000 ns	     48869	80009ec0	00036f17	auipc	x30,0x36	 x30=0x8003fec0
     488715.000 ns	     48870	80009ec4	143f2023	sw	x3,320(x30)	 x30:0x8003fec0  x3:0x00000001 PA:0xxxxxxxxx
     488735.000 ns	     48872	80009ec8	ff9ff06f	jal	x0,80009ec4	
     488785.000 ns	     48877	80009ec0	00036f17	auipc	x30,0x36	 x30=0x8003fec0
     488795.000 ns	     48878	80009ec4	143f2023	sw	x3,320(x30)	 x30:0x8003fec0  x3:0x00000001 PA:0xxxxxxxxx
     488815.000 ns	     48880	80009ec8	ff9ff06f	jal	x0,80009ec4	
     488865.000 ns	     48885	80009ec0	00036f17	auipc	x30,0x36	 x30=0x8003fec0
     488875.000 ns	     48886	80009ec4	143f2023	sw	x3,320(x30)	 x30:0x8003fec0  x3:0x00000001 PA:0xxxxxxxxx
     488895.000 ns	     48888	80009ec8	ff9ff06f	jal	x0,80009ec4	
     488945.000 ns	     48893	80009ec0	00036f17	auipc	x30,0x36	 x30=0x8003fec0
     488955.000 ns	     48894	80009ec4	143f2023	sw	x3,320(x30)	 x30:0x8003fec0  x3:0x00000001 PA:0xxxxxxxxx
     488975.000 ns	     48896	80009ec8	ff9ff06f	jal	x0,80009ec4	
     489025.000 ns	     48901	80009ec0	00036f17	auipc	x30,0x36	 x30=0x8003fec0
     489035.000 ns	     48902	80009ec4	143f2023	sw	x3,320(x30)	 x30:0x8003fec0  x3:0x00000001 PA:0xxxxxxxxx
     489055.000 ns	     48904	80009ec8	ff9ff06f	jal	x0,80009ec4	
     489105.000 ns	     48909	80009ec0	00036f17	auipc	x30,0x36	 x30=0x8003fec0
     489115.000 ns	     48910	80009ec4	143f2023	sw	x3,320(x30)	 x30:0x8003fec0  x3:0x00000001 PA:0xxxxxxxxx
     489135.000 ns	     48912	80009ec8	ff9ff06f	jal	x0,80009ec4	
     489185.000 ns	     48917	80009ec0	00036f17	auipc	x30,0x36	 x30=0x8003fec0
     489195.000 ns	     48918	80009ec4	143f2023	sw	x3,320(x30)	 x30:0x8003fec0  x3:0x00000001 PA:0xxxxxxxxx
     489215.000 ns	     48920	80009ec8	ff9ff06f	jal	x0,80009ec4	
     489265.000 ns	     48925	80009ec0	00036f17	auipc	x30,0x36	 x30=0x8003fec0
     489275.000 ns	     48926	80009ec4	143f2023	sw	x3,320(x30)	 x30:0x8003fec0  x3:0x00000001 PA:0xxxxxxxxx
     489295.000 ns	     48928	80009ec8	ff9ff06f	jal	x0,80009ec4	
     489345.000 ns	     48933	80009ec0	00036f17	auipc	x30,0x36	 x30=0x8003fec0
     489355.000 ns	     48934	80009ec4	143f2023	sw	x3,320(x30)	 x30:0x8003fec0  x3:0x00000001 PA:0xxxxxxxxx
     489375.000 ns	     48936	80009ec8	ff9ff06f	jal	x0,80009ec4	
     489425.000 ns	     48941	80009ec0	00036f17	auipc	x30,0x36	 x30=0x8003fec0
     489435.000 ns	     48942	80009ec4	143f2023	sw	x3,320(x30)	 x30:0x8003fec0  x3:0x00000001 PA:0xxxxxxxxx
     489455.000 ns	     48944	80009ec8	ff9ff06f	jal	x0,80009ec4	
     489505.000 ns	     48949	80009ec0	00036f17	auipc	x30,0x36	 x30=0x8003fec0
     489515.000 ns	     48950	80009ec4	143f2023	sw	x3,320(x30)	 x30:0x8003fec0  x3:0x00000001 PA:0xxxxxxxxx
     489535.000 ns	     48952	80009ec8	ff9ff06f	jal	x0,80009ec4	
     489585.000 ns	     48957	80009ec0	00036f17	auipc	x30,0x36	 x30=0x8003fec0
     489595.000 ns	     48958	80009ec4	143f2023	sw	x3,320(x30)	 x30:0x8003fec0  x3:0x00000001 PA:0xxxxxxxxx
     489615.000 ns	     48960	80009ec8	ff9ff06f	jal	x0,80009ec4	
     489665.000 ns	     48965	80009ec0	00036f17	auipc	x30,0x36	 x30=0x8003fec0
     489675.000 ns	     48966	80009ec4	143f2023	sw	x3,320(x30)	 x30:0x8003fec0  x3:0x00000001 PA:0xxxxxxxxx
     489695.000 ns	     48968	80009ec8	ff9ff06f	jal	x0,80009ec4	
     489745.000 ns	     48973	80009ec0	00036f17	auipc	x30,0x36	 x30=0x8003fec0
     489755.000 ns	     48974	80009ec4	143f2023	sw	x3,320(x30)	 x30:0x8003fec0  x3:0x00000001 PA:0xxxxxxxxx
     489775.000 ns	     48976	80009ec8	ff9ff06f	jal	x0,80009ec4	
     489825.000 ns	     48981	80009ec0	00036f17	auipc	x30,0x36	 x30=0x8003fec0
     489835.000 ns	     48982	80009ec4	143f2023	sw	x3,320(x30)	 x30:0x8003fec0  x3:0x00000001 PA:0xxxxxxxxx
     489855.000 ns	     48984	80009ec8	ff9ff06f	jal	x0,80009ec4	
     489905.000 ns	     48989	80009ec0	00036f17	auipc	x30,0x36	 x30=0x8003fec0
     489915.000 ns	     48990	80009ec4	143f2023	sw	x3,320(x30)	 x30:0x8003fec0  x3:0x00000001 PA:0xxxxxxxxx
     489935.000 ns	     48992	80009ec8	ff9ff06f	jal	x0,80009ec4	
     489985.000 ns	     48997	80009ec0	00036f17	auipc	x30,0x36	 x30=0x8003fec0
     489995.000 ns	     48998	80009ec4	143f2023	sw	x3,320(x30)	 x30:0x8003fec0  x3:0x00000001 PA:0xxxxxxxxx
     490015.000 ns	     49000	80009ec8	ff9ff06f	jal	x0,80009ec4	
     490065.000 ns	     49005	80009ec0	00036f17	auipc	x30,0x36	 x30=0x8003fec0
     490075.000 ns	     49006	80009ec4	143f2023	sw	x3,320(x30)	 x30:0x8003fec0  x3:0x00000001 PA:0xxxxxxxxx
     490095.000 ns	     49008	80009ec8	ff9ff06f	jal	x0,80009ec4	
     490145.000 ns	     49013	80009ec0	00036f17	auipc	x30,0x36	 x30=0x8003fec0
     490155.000 ns	     49014	80009ec4	143f2023	sw	x3,320(x30)	 x30:0x8003fec0  x3:0x00000001 PA:0xxxxxxxxx
     490175.000 ns	     49016	80009ec8	ff9ff06f	jal	x0,80009ec4	
     490225.000 ns	     49021	80009ec0	00036f17	auipc	x30,0x36	 x30=0x8003fec0
     490235.000 ns	     49022	80009ec4	143f2023	sw	x3,320(x30)	 x30:0x8003fec0  x3:0x00000001 PA:0xxxxxxxxx
     490255.000 ns	     49024	80009ec8	ff9ff06f	jal	x0,80009ec4	
     490305.000 ns	     49029	80009ec0	00036f17	auipc	x30,0x36	 x30=0x8003fec0
     490315.000 ns	     49030	80009ec4	143f2023	sw	x3,320(x30)	 x30:0x8003fec0  x3:0x00000001 PA:0xxxxxxxxx
     490335.000 ns	     49032	80009ec8	ff9ff06f	jal	x0,80009ec4	
     490385.000 ns	     49037	80009ec0	00036f17	auipc	x30,0x36	 x30=0x8003fec0
     490395.000 ns	     49038	80009ec4	143f2023	sw	x3,320(x30)	 x30:0x8003fec0  x3:0x00000001 PA:0xxxxxxxxx
     490415.000 ns	     49040	80009ec8	ff9ff06f	jal	x0,80009ec4	
     490465.000 ns	     49045	80009ec0	00036f17	auipc	x30,0x36	 x30=0x8003fec0
     490475.000 ns	     49046	80009ec4	143f2023	sw	x3,320(x30)	 x30:0x8003fec0  x3:0x00000001 PA:0xxxxxxxxx
     490495.000 ns	     49048	80009ec8	ff9ff06f	jal	x0,80009ec4	
     490545.000 ns	     49053	80009ec0	00036f17	auipc	x30,0x36	 x30=0x8003fec0
     490555.000 ns	     49054	80009ec4	143f2023	sw	x3,320(x30)	 x30:0x8003fec0  x3:0x00000001 PA:0xxxxxxxxx
     490575.000 ns	     49056	80009ec8	ff9ff06f	jal	x0,80009ec4	
     490625.000 ns	     49061	80009ec0	00036f17	auipc	x30,0x36	 x30=0x8003fec0
     490635.000 ns	     49062	80009ec4	143f2023	sw	x3,320(x30)	 x30:0x8003fec0  x3:0x00000001 PA:0xxxxxxxxx
     490655.000 ns	     49064	80009ec8	ff9ff06f	jal	x0,80009ec4	
     490705.000 ns	     49069	80009ec0	00036f17	auipc	x30,0x36	 x30=0x8003fec0
     490715.000 ns	     49070	80009ec4	143f2023	sw	x3,320(x30)	 x30:0x8003fec0  x3:0x00000001 PA:0xxxxxxxxx
     490735.000 ns	     49072	80009ec8	ff9ff06f	jal	x0,80009ec4	
     490785.000 ns	     49077	80009ec0	00036f17	auipc	x30,0x36	 x30=0x8003fec0
     490795.000 ns	     49078	80009ec4	143f2023	sw	x3,320(x30)	 x30:0x8003fec0  x3:0x00000001 PA:0xxxxxxxxx
     490815.000 ns	     49080	80009ec8	ff9ff06f	jal	x0,80009ec4	
     490865.000 ns	     49085	80009ec0	00036f17	auipc	x30,0x36	 x30=0x8003fec0
     490875.000 ns	     49086	80009ec4	143f2023	sw	x3,320(x30)	 x30:0x8003fec0  x3:0x00000001 PA:0xxxxxxxxx
     490895.000 ns	     49088	80009ec8	ff9ff06f	jal	x0,80009ec4	
     490945.000 ns	     49093	80009ec0	00036f17	auipc	x30,0x36	 x30=0x8003fec0
     490955.000 ns	     49094	80009ec4	143f2023	sw	x3,320(x30)	 x30:0x8003fec0  x3:0x00000001 PA:0xxxxxxxxx
     490975.000 ns	     49096	80009ec8	ff9ff06f	jal	x0,80009ec4	
     491025.000 ns	     49101	80009ec0	00036f17	auipc	x30,0x36	 x30=0x8003fec0
     491035.000 ns	     49102	80009ec4	143f2023	sw	x3,320(x30)	 x30:0x8003fec0  x3:0x00000001 PA:0xxxxxxxxx
     491055.000 ns	     49104	80009ec8	ff9ff06f	jal	x0,80009ec4	
     491105.000 ns	     49109	80009ec0	00036f17	auipc	x30,0x36	 x30=0x8003fec0
     491115.000 ns	     49110	80009ec4	143f2023	sw	x3,320(x30)	 x30:0x8003fec0  x3:0x00000001 PA:0xxxxxxxxx
     491135.000 ns	     49112	80009ec8	ff9ff06f	jal	x0,80009ec4	
     491185.000 ns	     49117	80009ec0	00036f17	auipc	x30,0x36	 x30=0x8003fec0
     491195.000 ns	     49118	80009ec4	143f2023	sw	x3,320(x30)	 x30:0x8003fec0  x3:0x00000001 PA:0xxxxxxxxx
     491215.000 ns	     49120	80009ec8	ff9ff06f	jal	x0,80009ec4	
     491265.000 ns	     49125	80009ec0	00036f17	auipc	x30,0x36	 x30=0x8003fec0
     491275.000 ns	     49126	80009ec4	143f2023	sw	x3,320(x30)	 x30:0x8003fec0  x3:0x00000001 PA:0xxxxxxxxx
     491295.000 ns	     49128	80009ec8	ff9ff06f	jal	x0,80009ec4	
     491345.000 ns	     49133	80009ec0	00036f17	auipc	x30,0x36	 x30=0x8003fec0
     491355.000 ns	     49134	80009ec4	143f2023	sw	x3,320(x30)	 x30:0x8003fec0  x3:0x00000001 PA:0xxxxxxxxx
     491375.000 ns	     49136	80009ec8	ff9ff06f	jal	x0,80009ec4	
     491425.000 ns	     49141	80009ec0	00036f17	auipc	x30,0x36	 x30=0x8003fec0
     491435.000 ns	     49142	80009ec4	143f2023	sw	x3,320(x30)	 x30:0x8003fec0  x3:0x00000001 PA:0xxxxxxxxx
     491455.000 ns	     49144	80009ec8	ff9ff06f	jal	x0,80009ec4	
     491505.000 ns	     49149	80009ec0	00036f17	auipc	x30,0x36	 x30=0x8003fec0
     491515.000 ns	     49150	80009ec4	143f2023	sw	x3,320(x30)	 x30:0x8003fec0  x3:0x00000001 PA:0xxxxxxxxx
     491535.000 ns	     49152	80009ec8	ff9ff06f	jal	x0,80009ec4	
     491585.000 ns	     49157	80009ec0	00036f17	auipc	x30,0x36	 x30=0x8003fec0
     491595.000 ns	     49158	80009ec4	143f2023	sw	x3,320(x30)	 x30:0x8003fec0  x3:0x00000001 PA:0xxxxxxxxx
     491615.000 ns	     49160	80009ec8	ff9ff06f	jal	x0,80009ec4	
     491665.000 ns	     49165	80009ec0	00036f17	auipc	x30,0x36	 x30=0x8003fec0
     491675.000 ns	     49166	80009ec4	143f2023	sw	x3,320(x30)	 x30:0x8003fec0  x3:0x00000001 PA:0xxxxxxxxx
     491695.000 ns	     49168	80009ec8	ff9ff06f	jal	x0,80009ec4	
     491745.000 ns	     49173	80009ec0	00036f17	auipc	x30,0x36	 x30=0x8003fec0
     491755.000 ns	     49174	80009ec4	143f2023	sw	x3,320(x30)	 x30:0x8003fec0  x3:0x00000001 PA:0xxxxxxxxx
     491775.000 ns	     49176	80009ec8	ff9ff06f	jal	x0,80009ec4	
     491825.000 ns	     49181	80009ec0	00036f17	auipc	x30,0x36	 x30=0x8003fec0
     491835.000 ns	     49182	80009ec4	143f2023	sw	x3,320(x30)	 x30:0x8003fec0  x3:0x00000001 PA:0xxxxxxxxx
     491855.000 ns	     49184	80009ec8	ff9ff06f	jal	x0,80009ec4	
     491905.000 ns	     49189	80009ec0	00036f17	auipc	x30,0x36	 x30=0x8003fec0
     491915.000 ns	     49190	80009ec4	143f2023	sw	x3,320(x30)	 x30:0x8003fec0  x3:0x00000001 PA:0xxxxxxxxx
     491935.000 ns	     49192	80009ec8	ff9ff06f	jal	x0,80009ec4	
     491985.000 ns	     49197	80009ec0	00036f17	auipc	x30,0x36	 x30=0x8003fec0
     491995.000 ns	     49198	80009ec4	143f2023	sw	x3,320(x30)	 x30:0x8003fec0  x3:0x00000001 PA:0xxxxxxxxx
     492015.000 ns	     49200	80009ec8	ff9ff06f	jal	x0,80009ec4	
     492065.000 ns	     49205	80009ec0	00036f17	auipc	x30,0x36	 x30=0x8003fec0
     492075.000 ns	     49206	80009ec4	143f2023	sw	x3,320(x30)	 x30:0x8003fec0  x3:0x00000001 PA:0xxxxxxxxx
     492095.000 ns	     49208	80009ec8	ff9ff06f	jal	x0,80009ec4	
     492145.000 ns	     49213	80009ec0	00036f17	auipc	x30,0x36	 x30=0x8003fec0
     492155.000 ns	     49214	80009ec4	143f2023	sw	x3,320(x30)	 x30:0x8003fec0  x3:0x00000001 PA:0xxxxxxxxx
     492175.000 ns	     49216	80009ec8	ff9ff06f	jal	x0,80009ec4	
     492225.000 ns	     49221	80009ec0	00036f17	auipc	x30,0x36	 x30=0x8003fec0
     492235.000 ns	     49222	80009ec4	143f2023	sw	x3,320(x30)	 x30:0x8003fec0  x3:0x00000001 PA:0xxxxxxxxx
     492255.000 ns	     49224	80009ec8	ff9ff06f	jal	x0,80009ec4	
     492305.000 ns	     49229	80009ec0	00036f17	auipc	x30,0x36	 x30=0x8003fec0
     492315.000 ns	     49230	80009ec4	143f2023	sw	x3,320(x30)	 x30:0x8003fec0  x3:0x00000001 PA:0xxxxxxxxx
     492335.000 ns	     49232	80009ec8	ff9ff06f	jal	x0,80009ec4	
     492385.000 ns	     49237	80009ec0	00036f17	auipc	x30,0x36	 x30=0x8003fec0
     492395.000 ns	     49238	80009ec4	143f2023	sw	x3,320(x30)	 x30:0x8003fec0  x3:0x00000001 PA:0xxxxxxxxx
     492415.000 ns	     49240	80009ec8	ff9ff06f	jal	x0,80009ec4	
     492465.000 ns	     49245	80009ec0	00036f17	auipc	x30,0x36	 x30=0x8003fec0
     492475.000 ns	     49246	80009ec4	143f2023	sw	x3,320(x30)	 x30:0x8003fec0  x3:0x00000001 PA:0xxxxxxxxx
     492495.000 ns	     49248	80009ec8	ff9ff06f	jal	x0,80009ec4	
     492545.000 ns	     49253	80009ec0	00036f17	auipc	x30,0x36	 x30=0x8003fec0
     492555.000 ns	     49254	80009ec4	143f2023	sw	x3,320(x30)	 x30:0x8003fec0  x3:0x00000001 PA:0xxxxxxxxx
     492575.000 ns	     49256	80009ec8	ff9ff06f	jal	x0,80009ec4	
     492625.000 ns	     49261	80009ec0	00036f17	auipc	x30,0x36	 x30=0x8003fec0
     492635.000 ns	     49262	80009ec4	143f2023	sw	x3,320(x30)	 x30:0x8003fec0  x3:0x00000001 PA:0xxxxxxxxx
     492655.000 ns	     49264	80009ec8	ff9ff06f	jal	x0,80009ec4	
     492705.000 ns	     49269	80009ec0	00036f17	auipc	x30,0x36	 x30=0x8003fec0
     492715.000 ns	     49270	80009ec4	143f2023	sw	x3,320(x30)	 x30:0x8003fec0  x3:0x00000001 PA:0xxxxxxxxx
     492735.000 ns	     49272	80009ec8	ff9ff06f	jal	x0,80009ec4	
     492785.000 ns	     49277	80009ec0	00036f17	auipc	x30,0x36	 x30=0x8003fec0
     492795.000 ns	     49278	80009ec4	143f2023	sw	x3,320(x30)	 x30:0x8003fec0  x3:0x00000001 PA:0xxxxxxxxx
     492815.000 ns	     49280	80009ec8	ff9ff06f	jal	x0,80009ec4	
     492865.000 ns	     49285	80009ec0	00036f17	auipc	x30,0x36	 x30=0x8003fec0
     492875.000 ns	     49286	80009ec4	143f2023	sw	x3,320(x30)	 x30:0x8003fec0  x3:0x00000001 PA:0xxxxxxxxx
     492895.000 ns	     49288	80009ec8	ff9ff06f	jal	x0,80009ec4	
     492945.000 ns	     49293	80009ec0	00036f17	auipc	x30,0x36	 x30=0x8003fec0
     492955.000 ns	     49294	80009ec4	143f2023	sw	x3,320(x30)	 x30:0x8003fec0  x3:0x00000001 PA:0xxxxxxxxx
     492975.000 ns	     49296	80009ec8	ff9ff06f	jal	x0,80009ec4	
     493025.000 ns	     49301	80009ec0	00036f17	auipc	x30,0x36	 x30=0x8003fec0
     493035.000 ns	     49302	80009ec4	143f2023	sw	x3,320(x30)	 x30:0x8003fec0  x3:0x00000001 PA:0xxxxxxxxx
     493055.000 ns	     49304	80009ec8	ff9ff06f	jal	x0,80009ec4	
     493105.000 ns	     49309	80009ec0	00036f17	auipc	x30,0x36	 x30=0x8003fec0
     493115.000 ns	     49310	80009ec4	143f2023	sw	x3,320(x30)	 x30:0x8003fec0  x3:0x00000001 PA:0xxxxxxxxx
     493135.000 ns	     49312	80009ec8	ff9ff06f	jal	x0,80009ec4	
     493185.000 ns	     49317	80009ec0	00036f17	auipc	x30,0x36	 x30=0x8003fec0
     493195.000 ns	     49318	80009ec4	143f2023	sw	x3,320(x30)	 x30:0x8003fec0  x3:0x00000001 PA:0xxxxxxxxx
     493215.000 ns	     49320	80009ec8	ff9ff06f	jal	x0,80009ec4	
     493265.000 ns	     49325	80009ec0	00036f17	auipc	x30,0x36	 x30=0x8003fec0
     493275.000 ns	     49326	80009ec4	143f2023	sw	x3,320(x30)	 x30:0x8003fec0  x3:0x00000001 PA:0xxxxxxxxx
     493295.000 ns	     49328	80009ec8	ff9ff06f	jal	x0,80009ec4	
     493345.000 ns	     49333	80009ec0	00036f17	auipc	x30,0x36	 x30=0x8003fec0
     493355.000 ns	     49334	80009ec4	143f2023	sw	x3,320(x30)	 x30:0x8003fec0  x3:0x00000001 PA:0xxxxxxxxx
     493375.000 ns	     49336	80009ec8	ff9ff06f	jal	x0,80009ec4	
     493425.000 ns	     49341	80009ec0	00036f17	auipc	x30,0x36	 x30=0x8003fec0
     493435.000 ns	     49342	80009ec4	143f2023	sw	x3,320(x30)	 x30:0x8003fec0  x3:0x00000001 PA:0xxxxxxxxx
     493455.000 ns	     49344	80009ec8	ff9ff06f	jal	x0,80009ec4	
     493505.000 ns	     49349	80009ec0	00036f17	auipc	x30,0x36	 x30=0x8003fec0
     493515.000 ns	     49350	80009ec4	143f2023	sw	x3,320(x30)	 x30:0x8003fec0  x3:0x00000001 PA:0xxxxxxxxx
     493535.000 ns	     49352	80009ec8	ff9ff06f	jal	x0,80009ec4	
     493585.000 ns	     49357	80009ec0	00036f17	auipc	x30,0x36	 x30=0x8003fec0
     493595.000 ns	     49358	80009ec4	143f2023	sw	x3,320(x30)	 x30:0x8003fec0  x3:0x00000001 PA:0xxxxxxxxx
     493615.000 ns	     49360	80009ec8	ff9ff06f	jal	x0,80009ec4	
     493665.000 ns	     49365	80009ec0	00036f17	auipc	x30,0x36	 x30=0x8003fec0
     493675.000 ns	     49366	80009ec4	143f2023	sw	x3,320(x30)	 x30:0x8003fec0  x3:0x00000001 PA:0xxxxxxxxx
     493695.000 ns	     49368	80009ec8	ff9ff06f	jal	x0,80009ec4	
     493745.000 ns	     49373	80009ec0	00036f17	auipc	x30,0x36	 x30=0x8003fec0
     493755.000 ns	     49374	80009ec4	143f2023	sw	x3,320(x30)	 x30:0x8003fec0  x3:0x00000001 PA:0xxxxxxxxx
     493775.000 ns	     49376	80009ec8	ff9ff06f	jal	x0,80009ec4	
     493825.000 ns	     49381	80009ec0	00036f17	auipc	x30,0x36	 x30=0x8003fec0
     493835.000 ns	     49382	80009ec4	143f2023	sw	x3,320(x30)	 x30:0x8003fec0  x3:0x00000001 PA:0xxxxxxxxx
     493855.000 ns	     49384	80009ec8	ff9ff06f	jal	x0,80009ec4	
     493905.000 ns	     49389	80009ec0	00036f17	auipc	x30,0x36	 x30=0x8003fec0
     493915.000 ns	     49390	80009ec4	143f2023	sw	x3,320(x30)	 x30:0x8003fec0  x3:0x00000001 PA:0xxxxxxxxx
     493935.000 ns	     49392	80009ec8	ff9ff06f	jal	x0,80009ec4	
     493985.000 ns	     49397	80009ec0	00036f17	auipc	x30,0x36	 x30=0x8003fec0
     493995.000 ns	     49398	80009ec4	143f2023	sw	x3,320(x30)	 x30:0x8003fec0  x3:0x00000001 PA:0xxxxxxxxx
     494015.000 ns	     49400	80009ec8	ff9ff06f	jal	x0,80009ec4	
     494065.000 ns	     49405	80009ec0	00036f17	auipc	x30,0x36	 x30=0x8003fec0
     494075.000 ns	     49406	80009ec4	143f2023	sw	x3,320(x30)	 x30:0x8003fec0  x3:0x00000001 PA:0xxxxxxxxx
     494095.000 ns	     49408	80009ec8	ff9ff06f	jal	x0,80009ec4	
     494145.000 ns	     49413	80009ec0	00036f17	auipc	x30,0x36	 x30=0x8003fec0
     494155.000 ns	     49414	80009ec4	143f2023	sw	x3,320(x30)	 x30:0x8003fec0  x3:0x00000001 PA:0xxxxxxxxx
     494175.000 ns	     49416	80009ec8	ff9ff06f	jal	x0,80009ec4	
     494225.000 ns	     49421	80009ec0	00036f17	auipc	x30,0x36	 x30=0x8003fec0
     494235.000 ns	     49422	80009ec4	143f2023	sw	x3,320(x30)	 x30:0x8003fec0  x3:0x00000001 PA:0xxxxxxxxx
     494255.000 ns	     49424	80009ec8	ff9ff06f	jal	x0,80009ec4	
     494305.000 ns	     49429	80009ec0	00036f17	auipc	x30,0x36	 x30=0x8003fec0
     494315.000 ns	     49430	80009ec4	143f2023	sw	x3,320(x30)	 x30:0x8003fec0  x3:0x00000001 PA:0xxxxxxxxx
     494335.000 ns	     49432	80009ec8	ff9ff06f	jal	x0,80009ec4	
     494385.000 ns	     49437	80009ec0	00036f17	auipc	x30,0x36	 x30=0x8003fec0
     494395.000 ns	     49438	80009ec4	143f2023	sw	x3,320(x30)	 x30:0x8003fec0  x3:0x00000001 PA:0xxxxxxxxx
     494415.000 ns	     49440	80009ec8	ff9ff06f	jal	x0,80009ec4	
     494465.000 ns	     49445	80009ec0	00036f17	auipc	x30,0x36	 x30=0x8003fec0
     494475.000 ns	     49446	80009ec4	143f2023	sw	x3,320(x30)	 x30:0x8003fec0  x3:0x00000001 PA:0xxxxxxxxx
     494495.000 ns	     49448	80009ec8	ff9ff06f	jal	x0,80009ec4	
     494545.000 ns	     49453	80009ec0	00036f17	auipc	x30,0x36	 x30=0x8003fec0
     494555.000 ns	     49454	80009ec4	143f2023	sw	x3,320(x30)	 x30:0x8003fec0  x3:0x00000001 PA:0xxxxxxxxx
     494575.000 ns	     49456	80009ec8	ff9ff06f	jal	x0,80009ec4	
     494625.000 ns	     49461	80009ec0	00036f17	auipc	x30,0x36	 x30=0x8003fec0
     494635.000 ns	     49462	80009ec4	143f2023	sw	x3,320(x30)	 x30:0x8003fec0  x3:0x00000001 PA:0xxxxxxxxx
     494655.000 ns	     49464	80009ec8	ff9ff06f	jal	x0,80009ec4	
     494705.000 ns	     49469	80009ec0	00036f17	auipc	x30,0x36	 x30=0x8003fec0
     494715.000 ns	     49470	80009ec4	143f2023	sw	x3,320(x30)	 x30:0x8003fec0  x3:0x00000001 PA:0xxxxxxxxx
     494735.000 ns	     49472	80009ec8	ff9ff06f	jal	x0,80009ec4	
     494785.000 ns	     49477	80009ec0	00036f17	auipc	x30,0x36	 x30=0x8003fec0
     494795.000 ns	     49478	80009ec4	143f2023	sw	x3,320(x30)	 x30:0x8003fec0  x3:0x00000001 PA:0xxxxxxxxx
     494815.000 ns	     49480	80009ec8	ff9ff06f	jal	x0,80009ec4	
     494865.000 ns	     49485	80009ec0	00036f17	auipc	x30,0x36	 x30=0x8003fec0
     494875.000 ns	     49486	80009ec4	143f2023	sw	x3,320(x30)	 x30:0x8003fec0  x3:0x00000001 PA:0xxxxxxxxx
     494895.000 ns	     49488	80009ec8	ff9ff06f	jal	x0,80009ec4	
     494945.000 ns	     49493	80009ec0	00036f17	auipc	x30,0x36	 x30=0x8003fec0
     494955.000 ns	     49494	80009ec4	143f2023	sw	x3,320(x30)	 x30:0x8003fec0  x3:0x00000001 PA:0xxxxxxxxx
     494975.000 ns	     49496	80009ec8	ff9ff06f	jal	x0,80009ec4	
     495025.000 ns	     49501	80009ec0	00036f17	auipc	x30,0x36	 x30=0x8003fec0
     495035.000 ns	     49502	80009ec4	143f2023	sw	x3,320(x30)	 x30:0x8003fec0  x3:0x00000001 PA:0xxxxxxxxx
     495055.000 ns	     49504	80009ec8	ff9ff06f	jal	x0,80009ec4	
     495105.000 ns	     49509	80009ec0	00036f17	auipc	x30,0x36	 x30=0x8003fec0
     495115.000 ns	     49510	80009ec4	143f2023	sw	x3,320(x30)	 x30:0x8003fec0  x3:0x00000001 PA:0xxxxxxxxx
     495135.000 ns	     49512	80009ec8	ff9ff06f	jal	x0,80009ec4	
     495185.000 ns	     49517	80009ec0	00036f17	auipc	x30,0x36	 x30=0x8003fec0
     495195.000 ns	     49518	80009ec4	143f2023	sw	x3,320(x30)	 x30:0x8003fec0  x3:0x00000001 PA:0xxxxxxxxx
     495215.000 ns	     49520	80009ec8	ff9ff06f	jal	x0,80009ec4	
     495265.000 ns	     49525	80009ec0	00036f17	auipc	x30,0x36	 x30=0x8003fec0
     495275.000 ns	     49526	80009ec4	143f2023	sw	x3,320(x30)	 x30:0x8003fec0  x3:0x00000001 PA:0xxxxxxxxx
     495295.000 ns	     49528	80009ec8	ff9ff06f	jal	x0,80009ec4	
     495345.000 ns	     49533	80009ec0	00036f17	auipc	x30,0x36	 x30=0x8003fec0
     495355.000 ns	     49534	80009ec4	143f2023	sw	x3,320(x30)	 x30:0x8003fec0  x3:0x00000001 PA:0xxxxxxxxx
     495375.000 ns	     49536	80009ec8	ff9ff06f	jal	x0,80009ec4	
     495425.000 ns	     49541	80009ec0	00036f17	auipc	x30,0x36	 x30=0x8003fec0
     495435.000 ns	     49542	80009ec4	143f2023	sw	x3,320(x30)	 x30:0x8003fec0  x3:0x00000001 PA:0xxxxxxxxx
     495455.000 ns	     49544	80009ec8	ff9ff06f	jal	x0,80009ec4	
     495505.000 ns	     49549	80009ec0	00036f17	auipc	x30,0x36	 x30=0x8003fec0
     495515.000 ns	     49550	80009ec4	143f2023	sw	x3,320(x30)	 x30:0x8003fec0  x3:0x00000001 PA:0xxxxxxxxx
     495535.000 ns	     49552	80009ec8	ff9ff06f	jal	x0,80009ec4	
     495585.000 ns	     49557	80009ec0	00036f17	auipc	x30,0x36	 x30=0x8003fec0
     495595.000 ns	     49558	80009ec4	143f2023	sw	x3,320(x30)	 x30:0x8003fec0  x3:0x00000001 PA:0xxxxxxxxx
     495615.000 ns	     49560	80009ec8	ff9ff06f	jal	x0,80009ec4	
     495665.000 ns	     49565	80009ec0	00036f17	auipc	x30,0x36	 x30=0x8003fec0
     495675.000 ns	     49566	80009ec4	143f2023	sw	x3,320(x30)	 x30:0x8003fec0  x3:0x00000001 PA:0xxxxxxxxx
     495695.000 ns	     49568	80009ec8	ff9ff06f	jal	x0,80009ec4	
     495745.000 ns	     49573	80009ec0	00036f17	auipc	x30,0x36	 x30=0x8003fec0
     495755.000 ns	     49574	80009ec4	143f2023	sw	x3,320(x30)	 x30:0x8003fec0  x3:0x00000001 PA:0xxxxxxxxx
     495775.000 ns	     49576	80009ec8	ff9ff06f	jal	x0,80009ec4	
     495825.000 ns	     49581	80009ec0	00036f17	auipc	x30,0x36	 x30=0x8003fec0
     495835.000 ns	     49582	80009ec4	143f2023	sw	x3,320(x30)	 x30:0x8003fec0  x3:0x00000001 PA:0xxxxxxxxx
     495855.000 ns	     49584	80009ec8	ff9ff06f	jal	x0,80009ec4	
     495905.000 ns	     49589	80009ec0	00036f17	auipc	x30,0x36	 x30=0x8003fec0
     495915.000 ns	     49590	80009ec4	143f2023	sw	x3,320(x30)	 x30:0x8003fec0  x3:0x00000001 PA:0xxxxxxxxx
     495935.000 ns	     49592	80009ec8	ff9ff06f	jal	x0,80009ec4	
     495985.000 ns	     49597	80009ec0	00036f17	auipc	x30,0x36	 x30=0x8003fec0
     495995.000 ns	     49598	80009ec4	143f2023	sw	x3,320(x30)	 x30:0x8003fec0  x3:0x00000001 PA:0xxxxxxxxx
     496015.000 ns	     49600	80009ec8	ff9ff06f	jal	x0,80009ec4	
     496065.000 ns	     49605	80009ec0	00036f17	auipc	x30,0x36	 x30=0x8003fec0
     496075.000 ns	     49606	80009ec4	143f2023	sw	x3,320(x30)	 x30:0x8003fec0  x3:0x00000001 PA:0xxxxxxxxx
     496095.000 ns	     49608	80009ec8	ff9ff06f	jal	x0,80009ec4	
     496145.000 ns	     49613	80009ec0	00036f17	auipc	x30,0x36	 x30=0x8003fec0
     496155.000 ns	     49614	80009ec4	143f2023	sw	x3,320(x30)	 x30:0x8003fec0  x3:0x00000001 PA:0xxxxxxxxx
     496175.000 ns	     49616	80009ec8	ff9ff06f	jal	x0,80009ec4	
     496225.000 ns	     49621	80009ec0	00036f17	auipc	x30,0x36	 x30=0x8003fec0
     496235.000 ns	     49622	80009ec4	143f2023	sw	x3,320(x30)	 x30:0x8003fec0  x3:0x00000001 PA:0xxxxxxxxx
     496255.000 ns	     49624	80009ec8	ff9ff06f	jal	x0,80009ec4	
     496305.000 ns	     49629	80009ec0	00036f17	auipc	x30,0x36	 x30=0x8003fec0
     496315.000 ns	     49630	80009ec4	143f2023	sw	x3,320(x30)	 x30:0x8003fec0  x3:0x00000001 PA:0xxxxxxxxx
     496335.000 ns	     49632	80009ec8	ff9ff06f	jal	x0,80009ec4	
     496385.000 ns	     49637	80009ec0	00036f17	auipc	x30,0x36	 x30=0x8003fec0
     496395.000 ns	     49638	80009ec4	143f2023	sw	x3,320(x30)	 x30:0x8003fec0  x3:0x00000001 PA:0xxxxxxxxx
     496415.000 ns	     49640	80009ec8	ff9ff06f	jal	x0,80009ec4	
     496465.000 ns	     49645	80009ec0	00036f17	auipc	x30,0x36	 x30=0x8003fec0
     496475.000 ns	     49646	80009ec4	143f2023	sw	x3,320(x30)	 x30:0x8003fec0  x3:0x00000001 PA:0xxxxxxxxx
     496495.000 ns	     49648	80009ec8	ff9ff06f	jal	x0,80009ec4	
     496545.000 ns	     49653	80009ec0	00036f17	auipc	x30,0x36	 x30=0x8003fec0
     496555.000 ns	     49654	80009ec4	143f2023	sw	x3,320(x30)	 x30:0x8003fec0  x3:0x00000001 PA:0xxxxxxxxx
     496575.000 ns	     49656	80009ec8	ff9ff06f	jal	x0,80009ec4	
     496625.000 ns	     49661	80009ec0	00036f17	auipc	x30,0x36	 x30=0x8003fec0
     496635.000 ns	     49662	80009ec4	143f2023	sw	x3,320(x30)	 x30:0x8003fec0  x3:0x00000001 PA:0xxxxxxxxx
     496655.000 ns	     49664	80009ec8	ff9ff06f	jal	x0,80009ec4	
     496705.000 ns	     49669	80009ec0	00036f17	auipc	x30,0x36	 x30=0x8003fec0
     496715.000 ns	     49670	80009ec4	143f2023	sw	x3,320(x30)	 x30:0x8003fec0  x3:0x00000001 PA:0xxxxxxxxx
     496735.000 ns	     49672	80009ec8	ff9ff06f	jal	x0,80009ec4	
     496785.000 ns	     49677	80009ec0	00036f17	auipc	x30,0x36	 x30=0x8003fec0
     496795.000 ns	     49678	80009ec4	143f2023	sw	x3,320(x30)	 x30:0x8003fec0  x3:0x00000001 PA:0xxxxxxxxx
     496815.000 ns	     49680	80009ec8	ff9ff06f	jal	x0,80009ec4	
     496865.000 ns	     49685	80009ec0	00036f17	auipc	x30,0x36	 x30=0x8003fec0
     496875.000 ns	     49686	80009ec4	143f2023	sw	x3,320(x30)	 x30:0x8003fec0  x3:0x00000001 PA:0xxxxxxxxx
     496895.000 ns	     49688	80009ec8	ff9ff06f	jal	x0,80009ec4	
     496945.000 ns	     49693	80009ec0	00036f17	auipc	x30,0x36	 x30=0x8003fec0
     496955.000 ns	     49694	80009ec4	143f2023	sw	x3,320(x30)	 x30:0x8003fec0  x3:0x00000001 PA:0xxxxxxxxx
     496975.000 ns	     49696	80009ec8	ff9ff06f	jal	x0,80009ec4	
     497025.000 ns	     49701	80009ec0	00036f17	auipc	x30,0x36	 x30=0x8003fec0
     497035.000 ns	     49702	80009ec4	143f2023	sw	x3,320(x30)	 x30:0x8003fec0  x3:0x00000001 PA:0xxxxxxxxx
     497055.000 ns	     49704	80009ec8	ff9ff06f	jal	x0,80009ec4	
     497105.000 ns	     49709	80009ec0	00036f17	auipc	x30,0x36	 x30=0x8003fec0
     497115.000 ns	     49710	80009ec4	143f2023	sw	x3,320(x30)	 x30:0x8003fec0  x3:0x00000001 PA:0xxxxxxxxx
     497135.000 ns	     49712	80009ec8	ff9ff06f	jal	x0,80009ec4	
     497185.000 ns	     49717	80009ec0	00036f17	auipc	x30,0x36	 x30=0x8003fec0
     497195.000 ns	     49718	80009ec4	143f2023	sw	x3,320(x30)	 x30:0x8003fec0  x3:0x00000001 PA:0xxxxxxxxx
     497215.000 ns	     49720	80009ec8	ff9ff06f	jal	x0,80009ec4	
     497265.000 ns	     49725	80009ec0	00036f17	auipc	x30,0x36	 x30=0x8003fec0
     497275.000 ns	     49726	80009ec4	143f2023	sw	x3,320(x30)	 x30:0x8003fec0  x3:0x00000001 PA:0xxxxxxxxx
     497295.000 ns	     49728	80009ec8	ff9ff06f	jal	x0,80009ec4	
     497345.000 ns	     49733	80009ec0	00036f17	auipc	x30,0x36	 x30=0x8003fec0
     497355.000 ns	     49734	80009ec4	143f2023	sw	x3,320(x30)	 x30:0x8003fec0  x3:0x00000001 PA:0xxxxxxxxx
     497375.000 ns	     49736	80009ec8	ff9ff06f	jal	x0,80009ec4	
     497425.000 ns	     49741	80009ec0	00036f17	auipc	x30,0x36	 x30=0x8003fec0
     497435.000 ns	     49742	80009ec4	143f2023	sw	x3,320(x30)	 x30:0x8003fec0  x3:0x00000001 PA:0xxxxxxxxx
     497455.000 ns	     49744	80009ec8	ff9ff06f	jal	x0,80009ec4	
     497505.000 ns	     49749	80009ec0	00036f17	auipc	x30,0x36	 x30=0x8003fec0
     497515.000 ns	     49750	80009ec4	143f2023	sw	x3,320(x30)	 x30:0x8003fec0  x3:0x00000001 PA:0xxxxxxxxx
     497535.000 ns	     49752	80009ec8	ff9ff06f	jal	x0,80009ec4	
     497585.000 ns	     49757	80009ec0	00036f17	auipc	x30,0x36	 x30=0x8003fec0
     497595.000 ns	     49758	80009ec4	143f2023	sw	x3,320(x30)	 x30:0x8003fec0  x3:0x00000001 PA:0xxxxxxxxx
     497615.000 ns	     49760	80009ec8	ff9ff06f	jal	x0,80009ec4	
     497665.000 ns	     49765	80009ec0	00036f17	auipc	x30,0x36	 x30=0x8003fec0
     497675.000 ns	     49766	80009ec4	143f2023	sw	x3,320(x30)	 x30:0x8003fec0  x3:0x00000001 PA:0xxxxxxxxx
     497695.000 ns	     49768	80009ec8	ff9ff06f	jal	x0,80009ec4	
     497745.000 ns	     49773	80009ec0	00036f17	auipc	x30,0x36	 x30=0x8003fec0
     497755.000 ns	     49774	80009ec4	143f2023	sw	x3,320(x30)	 x30:0x8003fec0  x3:0x00000001 PA:0xxxxxxxxx
     497775.000 ns	     49776	80009ec8	ff9ff06f	jal	x0,80009ec4	
     497825.000 ns	     49781	80009ec0	00036f17	auipc	x30,0x36	 x30=0x8003fec0
     497835.000 ns	     49782	80009ec4	143f2023	sw	x3,320(x30)	 x30:0x8003fec0  x3:0x00000001 PA:0xxxxxxxxx
     497855.000 ns	     49784	80009ec8	ff9ff06f	jal	x0,80009ec4	
     497905.000 ns	     49789	80009ec0	00036f17	auipc	x30,0x36	 x30=0x8003fec0
     497915.000 ns	     49790	80009ec4	143f2023	sw	x3,320(x30)	 x30:0x8003fec0  x3:0x00000001 PA:0xxxxxxxxx
     497935.000 ns	     49792	80009ec8	ff9ff06f	jal	x0,80009ec4	
     497985.000 ns	     49797	80009ec0	00036f17	auipc	x30,0x36	 x30=0x8003fec0
     497995.000 ns	     49798	80009ec4	143f2023	sw	x3,320(x30)	 x30:0x8003fec0  x3:0x00000001 PA:0xxxxxxxxx
     498015.000 ns	     49800	80009ec8	ff9ff06f	jal	x0,80009ec4	
     498065.000 ns	     49805	80009ec0	00036f17	auipc	x30,0x36	 x30=0x8003fec0
     498075.000 ns	     49806	80009ec4	143f2023	sw	x3,320(x30)	 x30:0x8003fec0  x3:0x00000001 PA:0xxxxxxxxx
     498095.000 ns	     49808	80009ec8	ff9ff06f	jal	x0,80009ec4	
     498145.000 ns	     49813	80009ec0	00036f17	auipc	x30,0x36	 x30=0x8003fec0
     498155.000 ns	     49814	80009ec4	143f2023	sw	x3,320(x30)	 x30:0x8003fec0  x3:0x00000001 PA:0xxxxxxxxx
     498175.000 ns	     49816	80009ec8	ff9ff06f	jal	x0,80009ec4	
     498225.000 ns	     49821	80009ec0	00036f17	auipc	x30,0x36	 x30=0x8003fec0
     498235.000 ns	     49822	80009ec4	143f2023	sw	x3,320(x30)	 x30:0x8003fec0  x3:0x00000001 PA:0xxxxxxxxx
     498255.000 ns	     49824	80009ec8	ff9ff06f	jal	x0,80009ec4	
     498305.000 ns	     49829	80009ec0	00036f17	auipc	x30,0x36	 x30=0x8003fec0
     498315.000 ns	     49830	80009ec4	143f2023	sw	x3,320(x30)	 x30:0x8003fec0  x3:0x00000001 PA:0xxxxxxxxx
     498335.000 ns	     49832	80009ec8	ff9ff06f	jal	x0,80009ec4	
     498385.000 ns	     49837	80009ec0	00036f17	auipc	x30,0x36	 x30=0x8003fec0
     498395.000 ns	     49838	80009ec4	143f2023	sw	x3,320(x30)	 x30:0x8003fec0  x3:0x00000001 PA:0xxxxxxxxx
     498415.000 ns	     49840	80009ec8	ff9ff06f	jal	x0,80009ec4	
     498465.000 ns	     49845	80009ec0	00036f17	auipc	x30,0x36	 x30=0x8003fec0
     498475.000 ns	     49846	80009ec4	143f2023	sw	x3,320(x30)	 x30:0x8003fec0  x3:0x00000001 PA:0xxxxxxxxx
     498495.000 ns	     49848	80009ec8	ff9ff06f	jal	x0,80009ec4	
     498545.000 ns	     49853	80009ec0	00036f17	auipc	x30,0x36	 x30=0x8003fec0
     498555.000 ns	     49854	80009ec4	143f2023	sw	x3,320(x30)	 x30:0x8003fec0  x3:0x00000001 PA:0xxxxxxxxx
     498575.000 ns	     49856	80009ec8	ff9ff06f	jal	x0,80009ec4	
     498625.000 ns	     49861	80009ec0	00036f17	auipc	x30,0x36	 x30=0x8003fec0
     498635.000 ns	     49862	80009ec4	143f2023	sw	x3,320(x30)	 x30:0x8003fec0  x3:0x00000001 PA:0xxxxxxxxx
     498655.000 ns	     49864	80009ec8	ff9ff06f	jal	x0,80009ec4	
     498705.000 ns	     49869	80009ec0	00036f17	auipc	x30,0x36	 x30=0x8003fec0
     498715.000 ns	     49870	80009ec4	143f2023	sw	x3,320(x30)	 x30:0x8003fec0  x3:0x00000001 PA:0xxxxxxxxx
     498735.000 ns	     49872	80009ec8	ff9ff06f	jal	x0,80009ec4	
     498785.000 ns	     49877	80009ec0	00036f17	auipc	x30,0x36	 x30=0x8003fec0
     498795.000 ns	     49878	80009ec4	143f2023	sw	x3,320(x30)	 x30:0x8003fec0  x3:0x00000001 PA:0xxxxxxxxx
     498815.000 ns	     49880	80009ec8	ff9ff06f	jal	x0,80009ec4	
     498865.000 ns	     49885	80009ec0	00036f17	auipc	x30,0x36	 x30=0x8003fec0
     498875.000 ns	     49886	80009ec4	143f2023	sw	x3,320(x30)	 x30:0x8003fec0  x3:0x00000001 PA:0xxxxxxxxx
     498895.000 ns	     49888	80009ec8	ff9ff06f	jal	x0,80009ec4	
     498945.000 ns	     49893	80009ec0	00036f17	auipc	x30,0x36	 x30=0x8003fec0
     498955.000 ns	     49894	80009ec4	143f2023	sw	x3,320(x30)	 x30:0x8003fec0  x3:0x00000001 PA:0xxxxxxxxx
     498975.000 ns	     49896	80009ec8	ff9ff06f	jal	x0,80009ec4	
     499025.000 ns	     49901	80009ec0	00036f17	auipc	x30,0x36	 x30=0x8003fec0
     499035.000 ns	     49902	80009ec4	143f2023	sw	x3,320(x30)	 x30:0x8003fec0  x3:0x00000001 PA:0xxxxxxxxx
     499055.000 ns	     49904	80009ec8	ff9ff06f	jal	x0,80009ec4	
     499105.000 ns	     49909	80009ec0	00036f17	auipc	x30,0x36	 x30=0x8003fec0
     499115.000 ns	     49910	80009ec4	143f2023	sw	x3,320(x30)	 x30:0x8003fec0  x3:0x00000001 PA:0xxxxxxxxx
     499135.000 ns	     49912	80009ec8	ff9ff06f	jal	x0,80009ec4	
     499185.000 ns	     49917	80009ec0	00036f17	auipc	x30,0x36	 x30=0x8003fec0
     499195.000 ns	     49918	80009ec4	143f2023	sw	x3,320(x30)	 x30:0x8003fec0  x3:0x00000001 PA:0xxxxxxxxx
     499215.000 ns	     49920	80009ec8	ff9ff06f	jal	x0,80009ec4	
     499265.000 ns	     49925	80009ec0	00036f17	auipc	x30,0x36	 x30=0x8003fec0
     499275.000 ns	     49926	80009ec4	143f2023	sw	x3,320(x30)	 x30:0x8003fec0  x3:0x00000001 PA:0xxxxxxxxx
     499295.000 ns	     49928	80009ec8	ff9ff06f	jal	x0,80009ec4	
     499345.000 ns	     49933	80009ec0	00036f17	auipc	x30,0x36	 x30=0x8003fec0
     499355.000 ns	     49934	80009ec4	143f2023	sw	x3,320(x30)	 x30:0x8003fec0  x3:0x00000001 PA:0xxxxxxxxx
     499375.000 ns	     49936	80009ec8	ff9ff06f	jal	x0,80009ec4	
     499425.000 ns	     49941	80009ec0	00036f17	auipc	x30,0x36	 x30=0x8003fec0
     499435.000 ns	     49942	80009ec4	143f2023	sw	x3,320(x30)	 x30:0x8003fec0  x3:0x00000001 PA:0xxxxxxxxx
     499455.000 ns	     49944	80009ec8	ff9ff06f	jal	x0,80009ec4	
     499505.000 ns	     49949	80009ec0	00036f17	auipc	x30,0x36	 x30=0x8003fec0
     499515.000 ns	     49950	80009ec4	143f2023	sw	x3,320(x30)	 x30:0x8003fec0  x3:0x00000001 PA:0xxxxxxxxx
     499535.000 ns	     49952	80009ec8	ff9ff06f	jal	x0,80009ec4	
     499585.000 ns	     49957	80009ec0	00036f17	auipc	x30,0x36	 x30=0x8003fec0
     499595.000 ns	     49958	80009ec4	143f2023	sw	x3,320(x30)	 x30:0x8003fec0  x3:0x00000001 PA:0xxxxxxxxx
     499615.000 ns	     49960	80009ec8	ff9ff06f	jal	x0,80009ec4	
     499665.000 ns	     49965	80009ec0	00036f17	auipc	x30,0x36	 x30=0x8003fec0
     499675.000 ns	     49966	80009ec4	143f2023	sw	x3,320(x30)	 x30:0x8003fec0  x3:0x00000001 PA:0xxxxxxxxx
     499695.000 ns	     49968	80009ec8	ff9ff06f	jal	x0,80009ec4	
     499745.000 ns	     49973	80009ec0	00036f17	auipc	x30,0x36	 x30=0x8003fec0
     499755.000 ns	     49974	80009ec4	143f2023	sw	x3,320(x30)	 x30:0x8003fec0  x3:0x00000001 PA:0xxxxxxxxx
     499775.000 ns	     49976	80009ec8	ff9ff06f	jal	x0,80009ec4	
     499825.000 ns	     49981	80009ec0	00036f17	auipc	x30,0x36	 x30=0x8003fec0
     499835.000 ns	     49982	80009ec4	143f2023	sw	x3,320(x30)	 x30:0x8003fec0  x3:0x00000001 PA:0xxxxxxxxx
     499855.000 ns	     49984	80009ec8	ff9ff06f	jal	x0,80009ec4	
     499905.000 ns	     49989	80009ec0	00036f17	auipc	x30,0x36	 x30=0x8003fec0
     499915.000 ns	     49990	80009ec4	143f2023	sw	x3,320(x30)	 x30:0x8003fec0  x3:0x00000001 PA:0xxxxxxxxx
     499935.000 ns	     49992	80009ec8	ff9ff06f	jal	x0,80009ec4	
     499985.000 ns	     49997	80009ec0	00036f17	auipc	x30,0x36	 x30=0x8003fec0
