		Time			Cycle	PC		Insn	Decoded instruction	Register and memory contents
         65.000 ns	         5	80000000	f14022f3	csrrs	x5,mhartid,x0	  x0:0x00000000  x5=0xffffff14
         75.000 ns	         6	80000004	00000313	addi	x6,x0,0	  x0:0x00000000  x6=0x00000000
         85.000 ns	         7	80000008	00628263	beq	x5,x6,8000000c	  x5:0x00000000  x6:0x00000000
         95.000 ns	         8	8000000c	00000817	auipc	x16,0x0	 x16=0x8000000c
        105.000 ns	         9	80000010	00c80813	addi	x16,x16,12	 x16:0x00000000 x16=0x80000018
        115.000 ns	        10	80000014	00080067	jalr	x0,x16,0	 x16:0x00000000
        165.000 ns	        15	80000018	40001fb7	lui	x31,0x40001	 x31=0x40001000
        175.000 ns	        16	8000001c	120f8f93	addi	x31,x31,288	 x31:0x00000000 x31=0x40001120
        185.000 ns	        17	80000020	301f9073	csrrw	x0,misa,x31	 x31:0x00000000
        195.000 ns	        18	80000024	00041717	auipc	x14,0x41	 x14=0x80041024
        205.000 ns	        19	80000028	00070713	addi	x14,x14,0	 x14:0x00000000 x14=0x80041024
        215.000 ns	        20	8000002c	0000bf97	auipc	x31,0xb	 x31=0x8000b02c
        225.000 ns	        21	80000030	8c4f8f93	addi	x31,x31,-1852	 x31:0x40001120 x31=0x8000a8f0
        235.000 ns	        22	80000034	001fef93	ori	x31,x31,1	 x31:0x40001120 x31=0x8000a8f1
        245.000 ns	        23	80000038	305f9073	csrrw	x0,mtvec,x31	 x31:0x8000b02c
        255.000 ns	        24	8000003c	00000f97	auipc	x31,0x0	 x31=0x8000003c
        265.000 ns	        25	80000040	028f8f93	addi	x31,x31,40	 x31:0x8000a8f1 x31=0x80000064
        275.000 ns	        26	80000044	341f9073	csrrw	x0,mepc,x31	 x31:0x8000a8f1
        285.000 ns	        27	80000048	00000013	addi	x0,x0,0	  x0:0x00000000
        295.000 ns	        28	8000004c	00004fb7	lui	x31,0x4	 x31=0x00004000
        305.000 ns	        29	80000050	800f8f93	addi	x31,x31,-2048	 x31:0x80000064 x31=0x00003800
        315.000 ns	        30	80000054	300f9073	csrrw	x0,mstatus,x31	 x31:0x80000064
        325.000 ns	        31	80000058	00000f93	addi	x31,x0,0	  x0:0x00000000 x31=0x00000000
        335.000 ns	        32	8000005c	304f9073	csrrw	x0,mie,x31	 x31:0x00003800
        345.000 ns	        33	80000060	30200073	mret	
        355.000 ns	        34	80000064	7f800fb7	lui	x31,0x7f800	 x31=0x7f800000
        365.000 ns	        35	80000068	ffff8f93	addi	x31,x31,-1	 x31:0x00000000 x31=0x7f7fffff
        385.000 ns	        37	8000006c	f00f8053	fmv.w.x	f0,x31	 x31:0x00000000  f0=0x7f7fffff
        405.000 ns	        39	80000070	7f800fb7	lui	x31,0x7f800	 x31=0x7f800000
        425.000 ns	        41	80000074	f00f80d3	fmv.w.x	f1,x31	 x31:0x7f7fffff  f1=0x7f800000
        445.000 ns	        43	80000078	80000fb7	lui	x31,0x80000	 x31=0x80000000
        465.000 ns	        45	8000007c	f00f8153	fmv.w.x	f2,x31	 x31:0x7f800000  f2=0x80000000
        485.000 ns	        47	80000080	7fc00fb7	lui	x31,0x7fc00	 x31=0x7fc00000
        505.000 ns	        49	80000084	f00f81d3	fmv.w.x	f3,x31	 x31:0x80000000  f3=0x7fc00000
        525.000 ns	        51	80000088	e8185fb7	lui	x31,0xe8185	 x31=0xe8185000
        535.000 ns	        52	8000008c	f2ef8f93	addi	x31,x31,-210	 x31:0x7fc00000 x31=0xe8184f2e
        555.000 ns	        54	80000090	f00f8253	fmv.w.x	f4,x31	 x31:0x7fc00000  f4=0xe8184f2e
        575.000 ns	        56	80000094	0016bfb7	lui	x31,0x16b	 x31=0x0016b000
        585.000 ns	        57	80000098	608f8f93	addi	x31,x31,1544	 x31:0xe8184f2e x31=0x0016b608
        605.000 ns	        59	8000009c	f00f82d3	fmv.w.x	f5,x31	 x31:0xe8184f2e  f5=0x0016b608
        625.000 ns	        61	800000a0	ff800fb7	lui	x31,0xff800	 x31=0xff800000
        645.000 ns	        63	800000a4	f00f8353	fmv.w.x	f6,x31	 x31:0x0016b608  f6=0xff800000
        665.000 ns	        65	800000a8	00000f93	addi	x31,x0,0	  x0:0x00000000 x31=0x00000000
        685.000 ns	        67	800000ac	f00f83d3	fmv.w.x	f7,x31	 x31:0xff800000  f7=0x00000000
        705.000 ns	        69	800000b0	7f800fb7	lui	x31,0x7f800	 x31=0x7f800000
        715.000 ns	        70	800000b4	ffff8f93	addi	x31,x31,-1	 x31:0x00000000 x31=0x7f7fffff
        735.000 ns	        72	800000b8	f00f8453	fmv.w.x	f8,x31	 x31:0x00000000  f8=0x7f7fffff
        755.000 ns	        74	800000bc	00346fb7	lui	x31,0x346	 x31=0x00346000
        765.000 ns	        75	800000c0	83df8f93	addi	x31,x31,-1987	 x31:0x7f7fffff x31=0x0034583d
        785.000 ns	        77	800000c4	f00f84d3	fmv.w.x	f9,x31	 x31:0x7f7fffff  f9=0x0034583d
        805.000 ns	        79	800000c8	80102fb7	lui	x31,0x80102	 x31=0x80102000
        815.000 ns	        80	800000cc	660f8f93	addi	x31,x31,1632	 x31:0x0034583d x31=0x80102660
        835.000 ns	        82	800000d0	f00f8553	fmv.w.x	f10,x31	 x31:0x0034583d f10=0x80102660
        855.000 ns	        84	800000d4	00698fb7	lui	x31,0x698	 x31=0x00698000
        865.000 ns	        85	800000d8	750f8f93	addi	x31,x31,1872	 x31:0x80102660 x31=0x00698750
        885.000 ns	        87	800000dc	f00f85d3	fmv.w.x	f11,x31	 x31:0x80102660 f11=0x00698750
        905.000 ns	        89	800000e0	95304fb7	lui	x31,0x95304	 x31=0x95304000
        915.000 ns	        90	800000e4	7edf8f93	addi	x31,x31,2029	 x31:0x00698750 x31=0x953047ed
        935.000 ns	        92	800000e8	f00f8653	fmv.w.x	f12,x31	 x31:0x00698750 f12=0x953047ed
        955.000 ns	        94	800000ec	7fc00fb7	lui	x31,0x7fc00	 x31=0x7fc00000
        975.000 ns	        96	800000f0	f00f86d3	fmv.w.x	f13,x31	 x31:0x953047ed f13=0x7fc00000
        995.000 ns	        98	800000f4	ff800fb7	lui	x31,0xff800	 x31=0xff800000
       1015.000 ns	       100	800000f8	f00f8753	fmv.w.x	f14,x31	 x31:0x7fc00000 f14=0xff800000
       1035.000 ns	       102	800000fc	00663fb7	lui	x31,0x663	 x31=0x00663000
       1045.000 ns	       103	80000100	f51f8f93	addi	x31,x31,-175	 x31:0xff800000 x31=0x00662f51
       1065.000 ns	       105	80000104	f00f87d3	fmv.w.x	f15,x31	 x31:0xff800000 f15=0x00662f51
       1085.000 ns	       107	80000108	00379fb7	lui	x31,0x379	 x31=0x00379000
       1095.000 ns	       108	8000010c	c08f8f93	addi	x31,x31,-1016	 x31:0x00662f51 x31=0x00378c08
       1115.000 ns	       110	80000110	f00f8853	fmv.w.x	f16,x31	 x31:0x00662f51 f16=0x00378c08
       1135.000 ns	       112	80000114	7f800fb7	lui	x31,0x7f800	 x31=0x7f800000
       1145.000 ns	       113	80000118	001f8f93	addi	x31,x31,1	 x31:0x00378c08 x31=0x7f800001
       1165.000 ns	       115	8000011c	f00f88d3	fmv.w.x	f17,x31	 x31:0x00378c08 f17=0x7f800001
       1185.000 ns	       117	80000120	80000fb7	lui	x31,0x80000	 x31=0x80000000
       1205.000 ns	       119	80000124	f00f8953	fmv.w.x	f18,x31	 x31:0x7f800001 f18=0x80000000
       1225.000 ns	       121	80000128	34674fb7	lui	x31,0x34674	 x31=0x34674000
       1235.000 ns	       122	8000012c	77bf8f93	addi	x31,x31,1915	 x31:0x80000000 x31=0x3467477b
       1255.000 ns	       124	80000130	f00f89d3	fmv.w.x	f19,x31	 x31:0x80000000 f19=0x3467477b
       1275.000 ns	       126	80000134	7f800fb7	lui	x31,0x7f800	 x31=0x7f800000
       1295.000 ns	       128	80000138	f00f8a53	fmv.w.x	f20,x31	 x31:0x3467477b f20=0x7f800000
       1315.000 ns	       130	8000013c	ff800fb7	lui	x31,0xff800	 x31=0xff800000
       1325.000 ns	       131	80000140	ffff8f93	addi	x31,x31,-1	 x31:0x7f800000 x31=0xff7fffff
       1345.000 ns	       133	80000144	f00f8ad3	fmv.w.x	f21,x31	 x31:0x7f800000 f21=0xff7fffff
       1365.000 ns	       135	80000148	7f800fb7	lui	x31,0x7f800	 x31=0x7f800000
       1375.000 ns	       136	8000014c	ffff8f93	addi	x31,x31,-1	 x31:0xff7fffff x31=0x7f7fffff
       1395.000 ns	       138	80000150	f00f8b53	fmv.w.x	f22,x31	 x31:0xff7fffff f22=0x7f7fffff
       1415.000 ns	       140	80000154	803a0fb7	lui	x31,0x803a0	 x31=0x803a0000
       1425.000 ns	       141	80000158	155f8f93	addi	x31,x31,341	 x31:0x7f7fffff x31=0x803a0155
       1445.000 ns	       143	8000015c	f00f8bd3	fmv.w.x	f23,x31	 x31:0x7f7fffff f23=0x803a0155
       1465.000 ns	       145	80000160	7f800fb7	lui	x31,0x7f800	 x31=0x7f800000
       1475.000 ns	       146	80000164	ffff8f93	addi	x31,x31,-1	 x31:0x803a0155 x31=0x7f7fffff
       1495.000 ns	       148	80000168	f00f8c53	fmv.w.x	f24,x31	 x31:0x803a0155 f24=0x7f7fffff
       1515.000 ns	       150	8000016c	7f800fb7	lui	x31,0x7f800	 x31=0x7f800000
       1525.000 ns	       151	80000170	ffff8f93	addi	x31,x31,-1	 x31:0x7f7fffff x31=0x7f7fffff
       1545.000 ns	       153	80000174	f00f8cd3	fmv.w.x	f25,x31	 x31:0x7f7fffff f25=0x7f7fffff
       1565.000 ns	       155	80000178	7f800fb7	lui	x31,0x7f800	 x31=0x7f800000
       1575.000 ns	       156	8000017c	001f8f93	addi	x31,x31,1	 x31:0x7f7fffff x31=0x7f800001
       1595.000 ns	       158	80000180	f00f8d53	fmv.w.x	f26,x31	 x31:0x7f7fffff f26=0x7f800001
       1615.000 ns	       160	80000184	ff800fb7	lui	x31,0xff800	 x31=0xff800000
       1625.000 ns	       161	80000188	ffff8f93	addi	x31,x31,-1	 x31:0x7f800001 x31=0xff7fffff
       1645.000 ns	       163	8000018c	f00f8dd3	fmv.w.x	f27,x31	 x31:0x7f800001 f27=0xff7fffff
       1665.000 ns	       165	80000190	ff800fb7	lui	x31,0xff800	 x31=0xff800000
       1675.000 ns	       166	80000194	ffff8f93	addi	x31,x31,-1	 x31:0xff7fffff x31=0xff7fffff
       1695.000 ns	       168	80000198	f00f8e53	fmv.w.x	f28,x31	 x31:0xff7fffff f28=0xff7fffff
       1715.000 ns	       170	8000019c	80778fb7	lui	x31,0x80778	 x31=0x80778000
       1725.000 ns	       171	800001a0	6eef8f93	addi	x31,x31,1774	 x31:0xff7fffff x31=0x807786ee
       1745.000 ns	       173	800001a4	f00f8ed3	fmv.w.x	f29,x31	 x31:0xff7fffff f29=0x807786ee
       1765.000 ns	       175	800001a8	80000fb7	lui	x31,0x80000	 x31=0x80000000
       1785.000 ns	       177	800001ac	f00f8f53	fmv.w.x	f30,x31	 x31:0x807786ee f30=0x80000000
       1805.000 ns	       179	800001b0	7f800fb7	lui	x31,0x7f800	 x31=0x7f800000
       1815.000 ns	       180	800001b4	001f8f93	addi	x31,x31,1	 x31:0x80000000 x31=0x7f800001
       1835.000 ns	       182	800001b8	f00f8fd3	fmv.w.x	f31,x31	 x31:0x80000000 f31=0x7f800001
       1855.000 ns	       184	800001bc	00225073	csrrwi	x0,frm,4	
       1865.000 ns	       185	800001c0	00000013	addi	x0,x0,0	  x0:0x00000000
       1875.000 ns	       186	800001c4	00000093	addi	x1,x0,0	  x0:0x00000000  x1=0x00000000
       1885.000 ns	       187	800001c8	f3992137	lui	x2,0xf3992	  x2=0xf3992000
       1895.000 ns	       188	800001cc	8f210113	addi	x2,x2,-1806	  x2:0x00000000  x2=0xf39918f2
       1905.000 ns	       189	800001d0	f80d91b7	lui	x3,0xf80d9	  x3=0xf80d9000
       1915.000 ns	       190	800001d4	21918193	addi	x3,x3,537	  x3:0x00000000  x3=0xf80d9219
       1925.000 ns	       191	800001d8	f8f92237	lui	x4,0xf8f92	  x4=0xf8f92000
       1935.000 ns	       192	800001dc	21b20213	addi	x4,x4,539	  x4:0x00000000  x4=0xf8f9221b
       1945.000 ns	       193	800001e0	800002b7	lui	x5,0x80000	  x5=0x80000000
       1955.000 ns	       194	800001e4	80000337	lui	x6,0x80000	  x6=0x80000000
       1965.000 ns	       195	800001e8	f81543b7	lui	x7,0xf8154	  x7=0xf8154000
       1975.000 ns	       196	800001ec	95838393	addi	x7,x7,-1704	  x7:0x00000000  x7=0xf8153958
       1985.000 ns	       197	800001f0	80000437	lui	x8,0x80000	  x8=0x80000000
       1995.000 ns	       198	800001f4	00300493	addi	x9,x0,3	  x0:0x00000000  x9=0x00000003
       2005.000 ns	       199	800001f8	00100513	addi	x10,x0,1	  x0:0x00000000 x10=0x00000001
       2015.000 ns	       200	800001fc	f0f155b7	lui	x11,0xf0f15	 x11=0xf0f15000
       2025.000 ns	       201	80000200	7ac58593	addi	x11,x11,1964	 x11:0x00000000 x11=0xf0f157ac
       2035.000 ns	       202	80000204	71b1f637	lui	x12,0x71b1f	 x12=0x71b1f000
       2045.000 ns	       203	80000208	5e560613	addi	x12,x12,1509	 x12:0x00000000 x12=0x71b1f5e5
       2055.000 ns	       204	8000020c	00100693	addi	x13,x0,1	  x0:0x00000000 x13=0x00000001
       2065.000 ns	       205	80000210	76b177b7	lui	x15,0x76b17	 x15=0x76b17000
       2075.000 ns	       206	80000214	f6378793	addi	x15,x15,-157	 x15:0x00000000 x15=0x76b16f63
       2085.000 ns	       207	80000218	00200813	addi	x16,x0,2	  x0:0x00000000 x16=0x00000002
       2095.000 ns	       208	8000021c	f79698b7	lui	x17,0xf7969	 x17=0xf7969000
       2105.000 ns	       209	80000220	c1188893	addi	x17,x17,-1007	 x17:0x00000000 x17=0xf7968c11
       2115.000 ns	       210	80000224	800009b7	lui	x19,0x80000	 x19=0x80000000
       2125.000 ns	       211	80000228	ec97fa37	lui	x20,0xec97f	 x20=0xec97f000
       2135.000 ns	       212	8000022c	34aa0a13	addi	x20,x20,842	 x20:0x00000000 x20=0xec97f34a
       2145.000 ns	       213	80000230	f47f4ab7	lui	x21,0xf47f4	 x21=0xf47f4000
       2155.000 ns	       214	80000234	e1aa8a93	addi	x21,x21,-486	 x21:0x00000000 x21=0xf47f3e1a
       2165.000 ns	       215	80000238	563cab37	lui	x22,0x563ca	 x22=0x563ca000
       2175.000 ns	       216	8000023c	a6bb0b13	addi	x22,x22,-1429	 x22:0x00000000 x22=0x563c9a6b
       2185.000 ns	       217	80000240	00600b93	addi	x23,x0,6	  x0:0x00000000 x23=0x00000006
       2195.000 ns	       218	80000244	00700c13	addi	x24,x0,7	  x0:0x00000000 x24=0x00000007
       2205.000 ns	       219	80000248	00000c93	addi	x25,x0,0	  x0:0x00000000 x25=0x00000000
       2215.000 ns	       220	8000024c	f0ed9d37	lui	x26,0xf0ed9	 x26=0xf0ed9000
       2225.000 ns	       221	80000250	113d0d13	addi	x26,x26,275	 x26:0x00000000 x26=0xf0ed9113
       2235.000 ns	       222	80000254	00000d93	addi	x27,x0,0	  x0:0x00000000 x27=0x00000000
       2245.000 ns	       223	80000258	80000e37	lui	x28,0x80000	 x28=0x80000000
       2255.000 ns	       224	8000025c	80000eb7	lui	x29,0x80000	 x29=0x80000000
       2265.000 ns	       225	80000260	00000f13	addi	x30,x0,0	  x0:0x00000000 x30=0x00000000
       2275.000 ns	       226	80000264	80000fb7	lui	x31,0x80000	 x31=0x80000000
       2285.000 ns	       227	80000268	00041917	auipc	x18,0x41	 x18=0x80041268
       2295.000 ns	       228	8000026c	d7c90913	addi	x18,x18,-644	 x18:0x00000000 x18=0x80040fe4
       2315.000 ns	       230	80000270	d00ff553	fcvt.s.w	f10,x31	 x31:0x80000000 f10=0xcf000000
       2335.000 ns	       232	80000274	01b008b3	add	x17,x0,x27	  x0:0x00000000 x27:0x00000000 x17=0x00000000
       2355.000 ns	       234	80000278	f00002d3	fmv.w.x	f5,x0	  x0:0x00000000  f5=0x00000000
       2375.000 ns	       236	8000027c	005390b3	sll	x1,x7,x5	  x7:0xf8153958  x5:0x80000000  x1=0xf8153958
       2735.000 ns	       272	80000280	02ab7633	remu	x12,x22,x10	 x22:0x563c9a6b x10:0x00000001 x12=0x00000000
       2765.000 ns	       275	80000284	d0083ad3	fcvt.s.w	f21,x16	 x16:0x00000002 f21=0x40000000
       2795.000 ns	       278	80000288	d000fa53	fcvt.s.w	f20,x1	  x1:0xf8153958 f20=0xccfd58d5
       2815.000 ns	       280	8000028c	00000013	addi	x0,x0,0	  x0:0x00000000
       2825.000 ns	       281	80000290	00b86133	or	x2,x16,x11	 x16:0x00000002 x11:0xf0f157ac  x2=0xf0f157ae
       2855.000 ns	       284	80000294	580682d3	fsqrt.s	f5,f13	 f13:0x7fc00000  f5=0x7fc00000
       2885.000 ns	       287	80000298	a03911d3	flt.s	x3,f18,f3	 f18:0x80000000  f3:0x7fc00000  x3=0x00000000
       2915.000 ns	       290	8000029c	a1c50453	fle.s	x8,f10,f28	 f10:0xcf000000 f28:0xff7fffff  x8=0x00000000
       2935.000 ns	       292	800002a0	01961093	slli	x1,x12,0x19	 x12:0x00000000  x1=0x00000000
       2955.000 ns	       294	800002a4	21a7a253	fsgnjx.s	f4,f15,f26	 f15:0x00662f51 f26:0x7f800001  f4=0x00662f51
       2975.000 ns	       296	800002a8	00000013	addi	x0,x0,0	  x0:0x00000000
       2985.000 ns	       297	800002ac	01ef9e33	sll	x28,x31,x30	 x31:0x80000000 x30:0x00000000 x28=0x80000000
       3005.000 ns	       299	800002b0	a0c1ad53	feq.s	x26,f3,f12	  f3:0x7fc00000 f12:0x953047ed x26=0x00000000
       3035.000 ns	       302	800002b4	d00475d3	fcvt.s.w	f11,x8	  x8:0x00000000 f11=0x00000000
       3075.000 ns	       306	800002b8	580bcfd3	fsqrt.s	f31,f23	 f23:0x803a0155 f31=0x7fc00000
       3095.000 ns	       308	800002bc	51db6193	ori	x3,x22,1309	 x22:0x563c9a6b  x3=0x563c9f7f
       3115.000 ns	       310	800002c0	c016ff53	fcvt.wu.s	x30,f13	 f13:0x7fc00000 x30=0xffffffff
       3145.000 ns	       313	800002c4	02220033	mul	x0,x4,x2	  x4:0xf8f9221b  x2:0xf0f157ae
       3175.000 ns	       316	800002c8	c00f7353	fcvt.w.s	x6,f30	 f30:0x80000000  x6=0x00000000
       3225.000 ns	       321	800002cc	002ef3d3	fadd.s	f7,f29,f2	 f29:0x807786ee  f2:0x80000000  f7=0x807786ee
       3245.000 ns	       323	800002d0	019e3ab3	sltu	x21,x28,x25	 x28:0x80000000 x25:0x00000000 x21=0x00000000
       3265.000 ns	       325	800002d4	21f88553	fsgnj.s	f10,f17,f31	 f17:0x7f800001 f31:0x7fc00000 f10=0x7f800001
       3285.000 ns	       327	800002d8	439a2193	slti	x3,x20,1081	 x20:0xec97f34a  x3=0x00000001
       3305.000 ns	       329	800002dc	20539953	fsgnjn.s	f18,f7,f5	  f7:0x807786ee  f5:0x7fc00000 f18=0x807786ee
       3325.000 ns	       331	800002e0	00e19b93	slli	x23,x3,0xe	  x3:0x563c9f7f x23=0x00004000
       3355.000 ns	       334	800002e4	580e2653	fsqrt.s	f12,f28	 f28:0xff7fffff f12=0x7fc00000
       3385.000 ns	       337	800002e8	d01db2d3	fcvt.s.wu	f5,x27	 x27:0x00000000  f5=0x00000000
       3405.000 ns	       339	800002ec	d14e7a13	andi	x20,x28,-748	 x28:0x80000000 x20=0x80000000
       3425.000 ns	       341	800002f0	a0079553	flt.s	x10,f15,f0	 f15:0x00662f51  f0:0x7f7fffff x10=0x00000001
       3445.000 ns	       343	800002f4	014894b3	sll	x9,x17,x20	 x17:0x00000000 x20:0xec97f34a  x9=0x00000000
       3465.000 ns	       345	800002f8	e0028a53	fmv.x.w	x20,f5	  f5:0x00000000 x20=0x00000000
       3495.000 ns	       348	800002fc	037794b3	mulh	x9,x15,x23	 x15:0x76b16f63 x23:0x00004000  x9=0x00001dac
       3525.000 ns	       351	80000300	c01efdd3	fcvt.wu.s	x27,f29	 f29:0x807786ee x27=0x00000000
       3895.000 ns	       388	80000304	033148b3	div	x17,x2,x19	  x2:0xf0f157ae x19:0x80000000 x17=0x00000000
       3915.000 ns	       390	80000308	30c00593	addi	x11,x0,780	  x0:0x00000000 x11=0x0000030c
       3925.000 ns	       391	8000030c	01545393	srli	x7,x8,0x15	  x8:0x00000000  x7=0x00000000
       3935.000 ns	       392	80000310	018c68b3	or	x17,x24,x24	 x24:0x00000007 x24:0x00000007 x17=0x00000007
       3945.000 ns	       393	80000314	00d93b33	sltu	x22,x18,x13	 x18:0x80040fe4 x13:0x00000001 x22=0x00000000
       3985.000 ns	       397	80000318	09c27bd3	fsub.s	f23,f4,f28	  f4:0x00662f51 f28:0xff7fffff f23=0x7f7fffff
       4035.000 ns	       402	8000031c	01d897d3	fadd.s	f15,f17,f29	 f17:0x7f800001 f29:0x807786ee f15=0x7fc00000
       4055.000 ns	       404	80000320	01e61513	slli	x10,x12,0x1e	 x12:0x00000000 x10=0x00000000
       4075.000 ns	       406	80000324	202b9453	fsgnjn.s	f8,f23,f2	 f23:0x7f7fffff  f2:0x80000000  f8=0x7f7fffff
       4095.000 ns	       408	80000328	3cd79a17	auipc	x20,0x3cd79	 x20=0xbcd79328
       4125.000 ns	       411	8000032c	11fcf3d3	fmul.s	f7,f25,f31	 f25:0x7f7fffff f31:0x7fc00000  f7=0x7fc00000
       4145.000 ns	       413	80000330	bd35cd13	xori	x26,x11,-1069	 x11:0x0000030c x26=0xfffff8df
       4155.000 ns	       414	80000334	0023e1b3	or	x3,x7,x2	  x7:0x00000000  x2:0xf0f157ae  x3=0xf0f157ae
       4175.000 ns	       416	80000338	a1440a53	fle.s	x20,f8,f20	  f8:0x7f7fffff f20:0xccfd58d5 x20=0x00000000
       4205.000 ns	       419	8000033c	a178a6d3	feq.s	x13,f17,f23	 f17:0x7f800001 f23:0x7f7fffff x13=0x00000000
       4225.000 ns	       421	80000340	01c06eb3	or	x29,x0,x28	  x0:0x00000000 x28:0x80000000 x29=0x80000000
       4235.000 ns	       422	80000344	007f3db3	sltu	x27,x30,x7	 x30:0xffffffff  x7:0x00000000 x27=0x00000000
       4255.000 ns	       424	80000348	a19a0053	fle.s	x0,f20,f25	 f20:0xccfd58d5 f25:0x7f7fffff
       4275.000 ns	       426	8000034c	d2740f93	addi	x31,x8,-729	  x8:0x00000000 x31=0xfffffd27
       4305.000 ns	       429	80000350	181570d3	fdiv.s	f1,f10,f1	 f10:0x7f800001  f1:0x7f800000  f1=0x7fc00000
       4335.000 ns	       432	80000354	a09b08d3	fle.s	x17,f22,f9	 f22:0x7f7fffff  f9:0x0034583d x17=0x00000000
       4675.000 ns	       466	80000358	19993f53	fdiv.s	f30,f18,f25	 f18:0x807786ee f25:0x7f7fffff f30=0x80000000
       4695.000 ns	       468	8000035c	00000013	addi	x0,x0,0	  x0:0x00000000
       5055.000 ns	       504	80000360	02b7cdb3	div	x27,x15,x11	 x15:0x76b16f63 x11:0x0000030c x27=0x0026f4a7
       5075.000 ns	       506	80000364	0161df33	srl	x30,x3,x22	  x3:0xf0f157ae x22:0x00000000 x30=0xf0f157ae
       5085.000 ns	       507	80000368	00eb9ab3	sll	x21,x23,x14	 x23:0x00004000 x14:0x80041024 x21=0x00040000
       5105.000 ns	       509	8000036c	a0572ed3	feq.s	x29,f14,f5	 f14:0xff800000  f5:0x00000000 x29=0x00000000
       5125.000 ns	       511	80000370	b6f2e493	ori	x9,x5,-1169	  x5:0x80000000  x9=0xfffffb6f
       5145.000 ns	       513	80000374	f00f05d3	fmv.w.x	f11,x30	 x30:0xf0f157ae f11=0xf0f157ae
       5175.000 ns	       516	80000378	29da99d3	fmax.s	f19,f21,f29	 f21:0x40000000 f29:0x807786ee f19=0x40000000
       5195.000 ns	       518	8000037c	41b885b3	sub	x11,x17,x27	 x17:0x00000000 x27:0x0026f4a7 x11=0xffd90b59
       5205.000 ns	       519	80000380	019c53b3	srl	x7,x24,x25	 x24:0x00000007 x25:0x00000000  x7=0x00000007
       5245.000 ns	       523	80000384	09ee7f53	fsub.s	f30,f28,f30	 f28:0xff7fffff f30:0x80000000 f30=0xff7fffff
       5265.000 ns	       525	80000388	40b35133	sra	x2,x6,x11	  x6:0x00000000 x11:0xffd90b59  x2=0x00000000
       5285.000 ns	       527	8000038c	c003b353	fcvt.w.s	x6,f7	  f7:0x7fc00000  x6=0x7fffffff
       5315.000 ns	       530	80000390	28b813d3	fmax.s	f7,f16,f11	 f16:0x00378c08 f11:0xf0f157ae  f7=0x00378c08
       5345.000 ns	       533	80000394	f00c84d3	fmv.w.x	f9,x25	 x25:0x00000000  f9=0x00000000
       5715.000 ns	       570	80000398	0244d8b3	divu	x17,x9,x4	  x9:0xfffffb6f  x4:0xf8f9221b x17=0x00000001
       5735.000 ns	       572	8000039c	01248bb3	add	x23,x9,x18	  x9:0xfffffb6f x18:0x80040fe4 x23=0x80040b53
       5745.000 ns	       573	800003a0	6e57b893	sltiu	x17,x15,1765	 x15:0x76b16f63 x17=0x00000000
       5755.000 ns	       574	800003a4	40e4dfb3	sra	x31,x9,x14	  x9:0xfffffb6f x14:0x80041024 x31=0xffffffb6
       5785.000 ns	       577	800003a8	58014fd3	fsqrt.s	f31,f2	  f2:0x80000000 f31=0x80000000
       5825.000 ns	       581	800003ac	10eff553	fmul.s	f10,f31,f14	 f31:0x7fc00000 f14:0xff800000 f10=0x7fc00000
       5875.000 ns	       586	800003b0	09f50b53	fsub.s	f22,f10,f31	 f10:0x7f800001 f31:0x80000000 f22=0x7fc00000
       5905.000 ns	       589	800003b4	038f36b3	mulhu	x13,x30,x24	 x30:0xf0f157ae x24:0x00000007 x13=0x00000006
       5935.000 ns	       592	800003b8	216100d3	fsgnj.s	f1,f2,f22	  f2:0x80000000 f22:0x7fc00000  f1=0x00000000
       5965.000 ns	       595	800003bc	e00a1453	fclass.s	x8,f20	 f20:0xccfd58d5  x8=0x00000002
       5985.000 ns	       597	800003c0	400ad013	srai	x0,x21,0x0	 x21:0x00040000
       6345.000 ns	       633	800003c4	0331ce33	div	x28,x3,x19	  x3:0xf0f157ae x19:0x80000000 x28=0x00000000
       6375.000 ns	       636	800003c8	c015c4d3	fcvt.wu.s	x9,f11	 f11:0xf0f157ae  x9=0x00000000
       6415.000 ns	       640	800003cc	1018a0d3	fmul.s	f1,f17,f1	 f17:0x7f800001  f1:0x00000000  f1=0x7fc00000
       6435.000 ns	       642	800003d0	00000013	addi	x0,x0,0	  x0:0x00000000
       6445.000 ns	       643	800003d4	017b4533	xor	x10,x22,x23	 x22:0x00000000 x23:0x80040b53 x10=0x80040b53
       6465.000 ns	       645	800003d8	02ca5d33	divu	x26,x20,x12	 x20:0x00000000 x12:0x00000000 x26=0xffffffff
       6485.000 ns	       647	800003dc	999d7393	andi	x7,x26,-1639	 x26:0xfffff8df  x7=0xfffff999
       6515.000 ns	       650	800003e0	58050953	fsqrt.s	f18,f10	 f10:0x7fc00000 f18=0x7fc00000
       6545.000 ns	       653	800003e4	a05d10d3	flt.s	x1,f26,f5	 f26:0x7f800001  f5:0x00000000  x1=0x00000000
       6575.000 ns	       656	800003e8	a0c1a6d3	feq.s	x13,f3,f12	  f3:0x7fc00000 f12:0x7fc00000 x13=0x00000000
       6605.000 ns	       659	800003ec	e00a9bd3	fclass.s	x23,f21	 f21:0x40000000 x23=0x00000040
       6655.000 ns	       664	800003f0	012b3b53	fadd.s	f22,f22,f18	 f22:0x7fc00000 f18:0x7fc00000 f22=0x7fc00000
       6685.000 ns	       667	800003f4	218b1853	fsgnjn.s	f16,f22,f24	 f22:0x7fc00000 f24:0x7f7fffff f16=0xffc00000
       6715.000 ns	       670	800003f8	a1f401d3	fle.s	x3,f8,f31	  f8:0x7f7fffff f31:0x80000000  x3=0x00000000
       7085.000 ns	       707	800003fc	03be7cb3	remu	x25,x28,x27	 x28:0x00000000 x27:0x0026f4a7 x25=0x00000000
       7105.000 ns	       709	80000400	e0784c13	xori	x24,x16,-505	 x16:0x00000002 x24=0xfffffe05
       7125.000 ns	       711	80000404	022592b3	mulh	x5,x11,x2	 x11:0xffd90b59  x2:0x00000000  x5=0x00000000
       7145.000 ns	       713	80000408	0085cb33	xor	x22,x11,x8	 x11:0xffd90b59  x8:0x00000002 x22=0xffd90b5b
       7175.000 ns	       716	8000040c	5800fb53	fsqrt.s	f22,f1	  f1:0x7fc00000 f22=0x7fc00000
       7205.000 ns	       719	80000410	e00c9e53	fclass.s	x28,f25	 f25:0x7f7fffff x28=0x00000040
       7225.000 ns	       721	80000414	001fb4b3	sltu	x9,x31,x1	 x31:0xffffffb6  x1:0x00000000  x9=0x00000000
       7245.000 ns	       723	80000418	21a3a6d3	fsgnjx.s	f13,f7,f26	  f7:0x00378c08 f26:0x7f800001 f13=0x00378c08
       7275.000 ns	       726	8000041c	a1a30dd3	fle.s	x27,f6,f26	  f6:0xff800000 f26:0x7f800001 x27=0x00000000
       7295.000 ns	       728	80000420	01a2bbb3	sltu	x23,x5,x26	  x5:0x00000000 x26:0xffffffff x23=0x00000001
       7305.000 ns	       729	80000424	01802433	slt	x8,x0,x24	  x0:0x00000000 x24:0xfffffe05  x8=0x00000000
       7325.000 ns	       731	80000428	d00902d3	fcvt.s.w	f5,x18	 x18:0x80040fe4  f5=0xcefff7e0
       7355.000 ns	       734	8000042c	a1848dd3	fle.s	x27,f9,f24	  f9:0x00000000 f24:0x7f7fffff x27=0x00000001
       7375.000 ns	       736	80000430	00fd04b3	add	x9,x26,x15	 x26:0xffffffff x15:0x76b16f63  x9=0x76b16f62
       7395.000 ns	       738	80000434	287b0953	fmin.s	f18,f22,f7	 f22:0x7fc00000  f7:0x00378c08 f18=0x00378c08
       7435.000 ns	       742	80000438	11efa7d3	fmul.s	f15,f31,f30	 f31:0x80000000 f30:0xff7fffff f15=0x00000000
       7465.000 ns	       745	8000043c	28bf8053	fmin.s	f0,f31,f11	 f31:0x80000000 f11:0xf0f157ae  f0=0xf0f157ae
       7495.000 ns	       748	80000440	c01effd3	fcvt.wu.s	x31,f29	 f29:0x807786ee x31=0x00000000
       7515.000 ns	       750	80000444	019acf33	xor	x30,x21,x25	 x21:0x00040000 x25:0x00000000 x30=0x00040000
       7535.000 ns	       752	80000448	0212acb3	mulhsu	x25,x5,x1	  x5:0x00000000  x1:0x00000000 x25=0x00000000
       8715.000 ns	       870	8000044c	5806fe53	fsqrt.s	f28,f13	 f13:0x00378c08 f28=0x1f81c975
       8745.000 ns	       873	80000450	20edaad3	fsgnjx.s	f21,f27,f14	 f27:0xff7fffff f14:0xff800000 f21=0x7f7fffff
       8765.000 ns	       875	80000454	00101c93	slli	x25,x0,0x1	  x0:0x00000000 x25=0x00000000
       8785.000 ns	       877	80000458	28c483d3	fmin.s	f7,f9,f12	  f9:0x00000000 f12:0x7fc00000  f7=0x00000000
       8815.000 ns	       880	8000045c	02d334b3	mulhu	x9,x6,x13	  x6:0x7fffffff x13:0x00000000  x9=0x00000000
       8845.000 ns	       883	80000460	f00c0c53	fmv.w.x	f24,x24	 x24:0xfffffe05 f24=0xfffffe05
       8875.000 ns	       886	80000464	a1a80ed3	fle.s	x29,f16,f26	 f16:0xffc00000 f26:0x7f800001 x29=0x00000000
       8905.000 ns	       889	80000468	28fe0153	fmin.s	f2,f28,f15	 f28:0x1f81c975 f15:0x00000000  f2=0x00000000
       8925.000 ns	       891	8000046c	acb23193	sltiu	x3,x4,-1333	  x4:0xf8f9221b  x3=0x00000001
       8955.000 ns	       894	80000470	11d727d3	fmul.s	f15,f14,f29	 f14:0xff800000 f29:0x807786ee f15=0x7f800000
       8985.000 ns	       897	80000474	e00d1553	fclass.s	x10,f26	 f26:0x7f800001 x10=0x00000100
       9005.000 ns	       899	80000478	00c41333	sll	x6,x8,x12	  x8:0x00000000 x12:0x00000000  x6=0x00000000
       9025.000 ns	       901	8000047c	a0f50ed3	fle.s	x29,f10,f15	 f10:0x7fc00000 f15:0x7f800000 x29=0x00000000
       9055.000 ns	       904	80000480	e00b9453	fclass.s	x8,f23	 f23:0x7f7fffff  x8=0x00000040
       9095.000 ns	       908	80000484	10c2f553	fmul.s	f10,f5,f12	  f5:0xcefff7e0 f12:0x7fc00000 f10=0x7fc00000
       9115.000 ns	       910	80000488	9a728493	addi	x9,x5,-1625	  x5:0x00000000  x9=0xfffff9a7
       9125.000 ns	       911	8000048c	004bef33	or	x30,x23,x4	 x23:0x00000001  x4:0xf8f9221b x30=0xf8f9221b
       9135.000 ns	       912	80000490	414e0b33	sub	x22,x28,x20	 x28:0x00000040 x20:0x00000000 x22=0x00000040
       9155.000 ns	       914	80000494	d00288d3	fcvt.s.w	f17,x5	  x5:0x00000000 f17=0x00000000
       9185.000 ns	       917	80000498	21cb2753	fsgnjx.s	f14,f22,f28	 f22:0x7fc00000 f28:0x1f81c975 f14=0x7fc00000
       9205.000 ns	       919	8000049c	b2d9f113	andi	x2,x19,-1235	 x19:0x80000000  x2=0x80000000
       9215.000 ns	       920	800004a0	01280d33	add	x26,x16,x18	 x16:0x00000002 x18:0x80040fe4 x26=0x80040fe6
       9225.000 ns	       921	800004a4	5747c193	xori	x3,x15,1396	 x15:0x76b16f63  x3=0x76b16a17
       9265.000 ns	       925	800004a8	019b80d3	fadd.s	f1,f23,f25	 f23:0x7f7fffff f25:0x7f7fffff  f1=0x7f800000
       9285.000 ns	       927	800004ac	016371b3	and	x3,x6,x22	  x6:0x00000000 x22:0x00000040  x3=0x00000000
       9305.000 ns	       929	800004b0	21f9ae53	fsgnjx.s	f28,f19,f31	 f19:0x40000000 f31:0x80000000 f28=0xc0000000
       9345.000 ns	       933	800004b4	580ffa53	fsqrt.s	f20,f31	 f31:0x80000000 f20=0x80000000
       9375.000 ns	       936	800004b8	21f79bd3	fsgnjn.s	f23,f15,f31	 f15:0x7f800000 f31:0x80000000 f23=0x7f800000
       9395.000 ns	       938	800004bc	40775eb3	sra	x29,x14,x7	 x14:0x80041024  x7:0xfffff999 x29=0xffffffc0
       9755.000 ns	       974	800004c0	03864d33	div	x26,x12,x24	 x12:0x00000000 x24:0xfffffe05 x26=0x00000000
       9785.000 ns	       977	800004c4	29f50fd3	fmin.s	f31,f10,f31	 f10:0x7fc00000 f31:0x80000000 f31=0x80000000
       9815.000 ns	       980	800004c8	e0079dd3	fclass.s	x27,f15	 f15:0x7f800000 x27=0x00000080
       9845.000 ns	       983	800004cc	028526b3	mulhsu	x13,x10,x8	 x10:0x00000100  x8:0x00000040 x13=0x00000000
       9865.000 ns	       985	800004d0	00335633	srl	x12,x6,x3	  x6:0x00000000  x3:0x00000000 x12=0x00000000
       9875.000 ns	       986	800004d4	01f45a93	srli	x21,x8,0x1f	  x8:0x00000040 x21=0x00000000
       9895.000 ns	       988	800004d8	a0b1a153	feq.s	x2,f3,f11	  f3:0x7fc00000 f11:0xf0f157ae  x2=0x00000000
       9915.000 ns	       990	800004dc	019d1c33	sll	x24,x26,x25	 x26:0x00000000 x25:0x00000000 x24=0x00000000
       9955.000 ns	       994	800004e0	01a4f253	fadd.s	f4,f9,f26	  f9:0x00000000 f26:0x7f800001  f4=0x7fc00000
       9975.000 ns	       996	800004e4	4a453993	sltiu	x19,x10,1188	 x10:0x00000100 x19=0x00000001
       9995.000 ns	       998	800004e8	e0060653	fmv.x.w	x12,f12	 f12:0x7fc00000 x12=0x7fc00000
      10035.000 ns	      1002	800004ec	58037453	fsqrt.s	f8,f6	  f6:0xff800000  f8=0x7fc00000
      10065.000 ns	      1005	800004f0	023c4233	div	x4,x24,x3	 x24:0x00000000  x3:0x00000000  x4=0xffffffff
      10085.000 ns	      1007	800004f4	f61f2bb7	lui	x23,0xf61f2	 x23=0xf61f2000
      10095.000 ns	      1008	800004f8	400a8133	sub	x2,x21,x0	 x21:0x00000000  x0:0x00000000  x2=0x00000000
      10105.000 ns	      1009	800004fc	01fe6eb3	or	x29,x28,x31	 x28:0x00000040 x31:0x00000000 x29=0x00000040
      10115.000 ns	      1010	80000500	01560d33	add	x26,x12,x21	 x12:0x7fc00000 x21:0x00000000 x26=0x7fc00000
      10135.000 ns	      1012	80000504	d0067b53	fcvt.s.w	f22,x12	 x12:0x7fc00000 f22=0x4eff8000
      10165.000 ns	      1015	80000508	20011c53	fsgnjn.s	f24,f2,f0	  f2:0x00000000  f0:0xf0f157ae f24=0x00000000
      10185.000 ns	      1017	8000050c	f0172017	auipc	x0,0xf0172	
      10205.000 ns	      1019	80000510	e00702d3	fmv.x.w	x5,f14	 f14:0x7fc00000  x5=0x7fc00000
      10225.000 ns	      1021	80000514	21e44437	lui	x8,0x21e44	  x8=0x21e44000
      10245.000 ns	      1023	80000518	0365ab33	mulhsu	x22,x11,x22	 x11:0xffd90b59 x22:0x00000040 x22=0xffffffff
      10265.000 ns	      1025	8000051c	7f2dc693	xori	x13,x27,2034	 x27:0x00000080 x13=0x00000772
      10275.000 ns	      1026	80000520	40010fb3	sub	x31,x2,x0	  x2:0x00000000  x0:0x00000000 x31=0x00000000
      10295.000 ns	      1028	80000524	02221fb3	mulh	x31,x4,x2	  x4:0xffffffff  x2:0x00000000 x31=0x00000000
      10335.000 ns	      1032	80000528	117606d3	fmul.s	f13,f12,f23	 f12:0x7fc00000 f23:0x7f800000 f13=0x7fc00000
      10355.000 ns	      1034	8000052c	40cad113	srai	x2,x21,0xc	 x21:0x00000000  x2=0x00000000
      10365.000 ns	      1035	80000530	00a5a2b3	slt	x5,x11,x10	 x11:0xffd90b59 x10:0x00000100  x5=0x00000001
      10375.000 ns	      1036	80000534	1e8fbe17	auipc	x28,0x1e8fb	 x28=0x9e8fb534
      10385.000 ns	      1037	80000538	5bbf4e13	xori	x28,x30,1467	 x30:0xf8f9221b x28=0xf8f927a0
      10395.000 ns	      1038	8000053c	012dd1b3	srl	x3,x27,x18	 x27:0x00000080 x18:0x80040fe4  x3=0x00000008
      10405.000 ns	      1039	80000540	0151dd13	srli	x26,x3,0x15	  x3:0x00000000 x26=0x00000000
      10425.000 ns	      1041	80000544	c00dfe53	fcvt.w.s	x28,f27	 f27:0xff7fffff x28=0x80000000
      10455.000 ns	      1044	80000548	e0069253	fclass.s	x4,f13	 f13:0x7fc00000  x4=0x00000200
      10475.000 ns	      1046	8000054c	4f782c93	slti	x25,x16,1271	 x16:0x00000002 x25=0x00000001
      10485.000 ns	      1047	80000550	019b7133	and	x2,x22,x25	 x22:0xffffffff x25:0x00000000  x2=0x00000001
      10845.000 ns	      1083	80000554	03b2dc33	divu	x24,x5,x27	  x5:0x00000001 x27:0x00000080 x24=0x00000000
      10865.000 ns	      1085	80000558	008e9d33	sll	x26,x29,x8	 x29:0x00000040  x8:0x21e44000 x26=0x00000040
      11225.000 ns	      1121	8000055c	02e4d3b3	divu	x7,x9,x14	  x9:0xfffff9a7 x14:0x80041024  x7=0x00000001
      11255.000 ns	      1124	80000560	03196bb3	rem	x23,x18,x17	 x18:0x80040fe4 x17:0x00000000 x23=0x80040fe4
      11275.000 ns	      1126	80000564	013b34b3	sltu	x9,x22,x19	 x22:0xffffffff x19:0x00000001  x9=0x00000000
      11285.000 ns	      1127	80000568	20044cb7	lui	x25,0x20044	 x25=0x20044000
      11295.000 ns	      1128	8000056c	51ddee93	ori	x29,x27,1309	 x27:0x00000080 x29=0x0000059d
      11305.000 ns	      1129	80000570	0075b633	sltu	x12,x11,x7	 x11:0xffd90b59  x7:0x00000001 x12=0x00000000
      11345.000 ns	      1133	80000574	018f0353	fadd.s	f6,f30,f24	 f30:0xff7fffff f24:0x00000000  f6=0xff7fffff
      11365.000 ns	      1135	80000578	400d03b3	sub	x7,x26,x0	 x26:0x00000040  x0:0x00000000  x7=0x00000040
      11375.000 ns	      1136	8000057c	b4268513	addi	x10,x13,-1214	 x13:0x00000772 x10=0x000002b4
      11395.000 ns	      1138	80000580	e00b1653	fclass.s	x12,f22	 f22:0x4eff8000 x12=0x00000040
      11415.000 ns	      1140	80000584	00000013	addi	x0,x0,0	  x0:0x00000000
      11425.000 ns	      1141	80000588	003af033	and	x0,x21,x3	 x21:0x00000000  x3:0x00000008
      11435.000 ns	      1142	8000058c	005608b3	add	x17,x12,x5	 x12:0x00000040  x5:0x00000001 x17=0x00000041
      11445.000 ns	      1143	80000590	018e7633	and	x12,x28,x24	 x28:0x80000000 x24:0x00000000 x12=0x00000000
      11465.000 ns	      1145	80000594	21c61a53	fsgnjn.s	f20,f12,f28	 f12:0x7fc00000 f28:0xc0000000 f20=0x7fc00000
      11495.000 ns	      1148	80000598	207bab53	fsgnjx.s	f22,f23,f7	 f23:0x7f800000  f7:0x00000000 f22=0x7f800000
      11525.000 ns	      1151	8000059c	d00f7b53	fcvt.s.w	f22,x30	 x30:0xf8f9221b f22=0xcce0dbbc
      11545.000 ns	      1153	800005a0	00c6e7b3	or	x15,x13,x12	 x13:0x00000772 x12:0x00000000 x15=0x00000772
      11565.000 ns	      1155	800005a4	a01d8553	fle.s	x10,f27,f1	 f27:0xff7fffff  f1:0x7f800000 x10=0x00000001
      11935.000 ns	      1192	800005a8	02777eb3	remu	x29,x14,x7	 x14:0x80041024  x7:0x00000040 x29=0x00000024
      11965.000 ns	      1195	800005ac	f00182d3	fmv.w.x	f5,x3	  x3:0x00000008  f5=0x00000008
      11985.000 ns	      1197	800005b0	0143c5b3	xor	x11,x7,x20	  x7:0x00000040 x20:0x00000000 x11=0x00000040
      11995.000 ns	      1198	800005b4	005f5513	srli	x10,x30,0x5	 x30:0xf8f9221b x10=0x07c7c910
      12005.000 ns	      1199	800005b8	00134bb3	xor	x23,x6,x1	  x6:0x00000000  x1:0x00000000 x23=0x00000000
      12365.000 ns	      1235	800005bc	031f4333	div	x6,x30,x17	 x30:0xf8f9221b x17:0x00000041  x6=0xffe4533c
      12415.000 ns	      1240	800005c0	00032753	fadd.s	f14,f6,f0	  f6:0xff7fffff  f0:0xf0f157ae f14=0xff800000
      12445.000 ns	      1243	800005c4	a03f9153	flt.s	x2,f31,f3	 f31:0x80000000  f3:0x7fc00000  x2=0x00000000
      12485.000 ns	      1247	800005c8	5800f8d3	fsqrt.s	f17,f1	  f1:0x7f800000 f17=0x7f800000
      12515.000 ns	      1250	800005cc	e0079453	fclass.s	x8,f15	 f15:0x7f800000  x8=0x00000080
      12545.000 ns	      1253	800005d0	f00c8b53	fmv.w.x	f22,x25	 x25:0x20044000 f22=0x20044000
      12575.000 ns	      1256	800005d4	023d3633	mulhu	x12,x26,x3	 x26:0x00000040  x3:0x00000008 x12=0x00000000
      12595.000 ns	      1258	800005d8	01555f13	srli	x30,x10,0x15	 x10:0x07c7c910 x30=0x0000003e
      12605.000 ns	      1259	800005dc	010d9c93	slli	x25,x27,0x10	 x27:0x00000080 x25=0x00800000
      12965.000 ns	      1295	800005e0	03c94bb3	div	x23,x18,x28	 x18:0x80040fe4 x28:0x80000000 x23=0x00000000
      12995.000 ns	      1298	800005e4	28110d53	fmin.s	f26,f2,f1	  f2:0x00000000  f1:0x7f800000 f26=0x00000000
      13015.000 ns	      1300	800005e8	00a51b93	slli	x23,x10,0xa	 x10:0x07c7c910 x23=0x1f244000
      13025.000 ns	      1301	800005ec	40845b93	srai	x23,x8,0x8	  x8:0x00000080 x23=0x00000000
      13045.000 ns	      1303	800005f0	a17f11d3	flt.s	x3,f30,f23	 f30:0xff7fffff f23:0x7f800000  x3=0x00000001
      13065.000 ns	      1305	800005f4	00bcd293	srli	x5,x25,0xb	 x25:0x00800000  x5=0x00001000
      13075.000 ns	      1306	800005f8	4097d2b3	sra	x5,x15,x9	 x15:0x00000772  x9:0x00000000  x5=0x00000772
      13095.000 ns	      1308	800005fc	d0008853	fcvt.s.w	f16,x1	  x1:0x00000000 f16=0x00000000
      13135.000 ns	      1312	80000600	58041fd3	fsqrt.s	f31,f8	  f8:0x7fc00000 f31=0x7fc00000
      13165.000 ns	      1315	80000604	0237b033	mulhu	x0,x15,x3	 x15:0x00000772  x3:0x00000001
      13195.000 ns	      1318	80000608	20da84d3	fsgnj.s	f9,f21,f13	 f21:0x7f7fffff f13:0x7fc00000  f9=0x7f7fffff
      13245.000 ns	      1323	8000060c	09c1f8d3	fsub.s	f17,f3,f28	  f3:0x7fc00000 f28:0xc0000000 f17=0x7fc00000
      13265.000 ns	      1325	80000610	01a85393	srli	x7,x16,0x1a	 x16:0x00000002  x7=0x00000000
      13295.000 ns	      1328	80000614	11f2f053	fmul.s	f0,f5,f31	  f5:0x00000008 f31:0x7fc00000  f0=0x7fc00000
      13315.000 ns	      1330	80000618	41dad9b3	sra	x19,x21,x29	 x21:0x00000000 x29:0x00000024 x19=0x00000000
      13325.000 ns	      1331	8000061c	c36e6e37	lui	x28,0xc36e6	 x28=0xc36e6000
      13335.000 ns	      1332	80000620	4014de93	srai	x29,x9,0x1	  x9:0x00000000 x29=0x00000000
      13355.000 ns	      1334	80000624	a0b40c53	fle.s	x24,f8,f11	  f8:0x7fc00000 f11:0xf0f157ae x24=0x00000000
      13375.000 ns	      1336	80000628	00c90633	add	x12,x18,x12	 x18:0x80040fe4 x12:0x00000000 x12=0x80040fe4
      13735.000 ns	      1372	8000062c	02f4d533	divu	x10,x9,x15	  x9:0x00000000 x15:0x00000772 x10=0x00000000
      13775.000 ns	      1376	80000630	10a07fd3	fmul.s	f31,f0,f10	  f0:0x7fc00000 f10:0x7fc00000 f31=0x7fc00000
      13805.000 ns	      1379	80000634	20bd1053	fsgnjn.s	f0,f26,f11	 f26:0x00000000 f11:0xf0f157ae  f0=0x00000000
      13825.000 ns	      1381	80000638	00000013	addi	x0,x0,0	  x0:0x00000000
      13845.000 ns	      1383	8000063c	f00f8a53	fmv.w.x	f20,x31	 x31:0x00000000 f20=0x00000000
      14215.000 ns	      1420	80000640	02896d33	rem	x26,x18,x8	 x18:0x80040fe4  x8:0x00000080 x26=0xffffffe4
      14235.000 ns	      1422	80000644	01e482b3	add	x5,x9,x30	  x9:0x00000000 x30:0x0000003e  x5=0x0000003e
      14595.000 ns	      1458	80000648	030ad633	divu	x12,x21,x16	 x21:0x00000000 x16:0x00000002 x12=0x00000000
      14625.000 ns	      1461	8000064c	a01c2553	feq.s	x10,f24,f1	 f24:0x00000000  f1:0x7f800000 x10=0x00000000
      14655.000 ns	      1464	80000650	c005f553	fcvt.w.s	x10,f11	 f11:0xf0f157ae x10=0x80000000
      14675.000 ns	      1466	80000654	705b7413	andi	x8,x22,1797	 x22:0xffffffff  x8=0x00000705
      14695.000 ns	      1468	80000658	29e81953	fmax.s	f18,f16,f30	 f16:0x00000000 f30:0xff7fffff f18=0x00000000
      14715.000 ns	      1470	8000065c	406d8d33	sub	x26,x27,x6	 x27:0x00000080  x6:0xffe4533c x26=0x001bad44
      14735.000 ns	      1472	80000660	a0b321d3	feq.s	x3,f6,f11	  f6:0xff7fffff f11:0xf0f157ae  x3=0x00000000
      14755.000 ns	      1474	80000664	01a54d33	xor	x26,x10,x26	 x10:0x80000000 x26:0xffffffe4 x26=0x801bad44
      14765.000 ns	      1475	80000668	01dac8b3	xor	x17,x21,x29	 x21:0x00000000 x29:0x00000000 x17=0x00000000
      14785.000 ns	      1477	8000066c	033845b3	div	x11,x16,x19	 x16:0x00000002 x19:0x00000000 x11=0xffffffff
      14805.000 ns	      1479	80000670	94c87a13	andi	x20,x16,-1716	 x16:0x00000002 x20=0x00000000
      14825.000 ns	      1481	80000674	d00c7a53	fcvt.s.w	f20,x24	 x24:0x00000000 f20=0x00000000
      14855.000 ns	      1484	80000678	29d61d53	fmax.s	f26,f12,f29	 f12:0x7fc00000 f29:0x807786ee f26=0x807786ee
      14875.000 ns	      1486	8000067c	f4382a97	auipc	x21,0xf4382	 x21=0x7438267c
      15205.000 ns	      1519	80000680	19bb35d3	fdiv.s	f11,f22,f27	 f22:0x20044000 f27:0xff7fffff f11=0xff800000
      15245.000 ns	      1523	80000684	5803cbd3	fsqrt.s	f23,f7	  f7:0x00000000 f23=0x00000000
      15265.000 ns	      1525	80000688	003b8333	add	x6,x23,x3	 x23:0x00000000  x3:0x00000000  x6=0x00000000
      15285.000 ns	      1527	8000068c	e00e8cd3	fmv.x.w	x25,f29	 f29:0x807786ee x25=0x807786ee
      15305.000 ns	      1529	80000690	0030ee33	or	x28,x1,x3	  x1:0x00000000  x3:0x00000000 x28=0x00000000
      15325.000 ns	      1531	80000694	e00a0dd3	fmv.x.w	x27,f20	 f20:0x00000000 x27=0x00000000
      15345.000 ns	      1533	80000698	012b47b3	xor	x15,x22,x18	 x22:0xffffffff x18:0x80040fe4 x15=0x7ffbf01b
      15365.000 ns	      1535	8000069c	0227cf33	div	x30,x15,x2	 x15:0x00000772  x2:0x00000000 x30=0xffffffff
      15385.000 ns	      1537	800006a0	41bbdb13	srai	x22,x23,0x1b	 x23:0x00000000 x22=0x00000000
      15395.000 ns	      1538	800006a4	00f6d3b3	srl	x7,x13,x15	 x13:0x00000772 x15:0x7ffbf01b  x7=0x00000000
      15415.000 ns	      1540	800006a8	a0f52e53	feq.s	x28,f10,f15	 f10:0x7fc00000 f15:0x7f800000 x28=0x00000000
      15435.000 ns	      1542	800006ac	017f28b3	slt	x17,x30,x23	 x30:0xffffffff x23:0x00000000 x17=0x00000001
      15455.000 ns	      1544	800006b0	a1532d53	feq.s	x26,f6,f21	  f6:0xff7fffff f21:0x7f7fffff x26=0x00000000
      15485.000 ns	      1547	800006b4	20090b53	fsgnj.s	f22,f18,f0	 f18:0x00000000  f0:0x00000000 f22=0x00000000
      15855.000 ns	      1584	800006b8	02d0f6b3	remu	x13,x1,x13	  x1:0x00000000 x13:0x00000772 x13=0x00000000
      15875.000 ns	      1586	800006bc	ae7c6c93	ori	x25,x24,-1305	 x24:0x00000000 x25=0xfffffae7
      15895.000 ns	      1588	800006c0	f00c8a53	fmv.w.x	f20,x25	 x25:0x807786ee f20=0xfffffae7
      15915.000 ns	      1590	800006c4	400d5613	srai	x12,x26,0x0	 x26:0x00000000 x12=0x00000000
      15925.000 ns	      1591	800006c8	00d75bb3	srl	x23,x14,x13	 x14:0x80041024 x13:0x00000000 x23=0x80041024
      15965.000 ns	      1595	800006cc	0102f353	fadd.s	f6,f5,f16	  f5:0x00000008 f16:0x00000000  f6=0x00000008
      15985.000 ns	      1597	800006d0	00ef6cb3	or	x25,x30,x14	 x30:0xffffffff x14:0x80041024 x25=0xffffffff
      15995.000 ns	      1598	800006d4	01116a33	or	x20,x2,x17	  x2:0x00000000 x17:0x00000001 x20=0x00000001
      16015.000 ns	      1600	800006d8	02cccdb3	div	x27,x25,x12	 x25:0xfffffae7 x12:0x00000000 x27=0xffffffff
      16035.000 ns	      1602	800006dc	013145b3	xor	x11,x2,x19	  x2:0x00000000 x19:0x00000000 x11=0x00000000
      16055.000 ns	      1604	800006e0	20078653	fsgnj.s	f12,f15,f0	 f15:0x7f800000  f0:0x00000000 f12=0x7f800000
      16085.000 ns	      1607	800006e4	a1208d53	fle.s	x26,f1,f18	  f1:0x7f800000 f18:0x00000000 x26=0x00000000
      16105.000 ns	      1609	800006e8	00ff38b3	sltu	x17,x30,x15	 x30:0xffffffff x15:0x7ffbf01b x17=0x00000000
      16125.000 ns	      1611	800006ec	c014fc53	fcvt.wu.s	x24,f9	  f9:0x7f7fffff x24=0xffffffff
      16165.000 ns	      1615	800006f0	5801fed3	fsqrt.s	f29,f3	  f3:0x7fc00000 f29=0x7fc00000
      16185.000 ns	      1617	800006f4	a8173f13	sltiu	x30,x14,-1407	 x14:0x80041024 x30=0x00000001
      16215.000 ns	      1620	800006f8	185275d3	fdiv.s	f11,f4,f5	  f4:0x7fc00000  f5:0x00000008 f11=0x7fc00000
      16235.000 ns	      1622	800006fc	01a57bb7	lui	x23,0x1a57	 x23=0x01a57000
      16255.000 ns	      1624	80000700	03c10633	mul	x12,x2,x28	  x2:0x00000000 x28:0x00000000 x12=0x00000000
      16275.000 ns	      1626	80000704	0b24a013	slti	x0,x9,178	  x9:0x00000000
      16295.000 ns	      1628	80000708	20379c53	fsgnjn.s	f24,f15,f3	 f15:0x7f800000  f3:0x7fc00000 f24=0xff800000
      16315.000 ns	      1630	8000070c	013fb8b3	sltu	x17,x31,x19	 x31:0x00000000 x19:0x00000000 x17=0x00000000
      16335.000 ns	      1632	80000710	e0089c53	fclass.s	x24,f17	 f17:0x7fc00000 x24=0x00000200
      16365.000 ns	      1635	80000714	0225bf33	mulhu	x30,x11,x2	 x11:0x00000000  x2:0x00000000 x30=0x00000000
      16395.000 ns	      1638	80000718	20ed9753	fsgnjn.s	f14,f27,f14	 f27:0xff7fffff f14:0xff800000 f14=0x7f7fffff
      16415.000 ns	      1640	8000071c	00f71ab3	sll	x21,x14,x15	 x14:0x80041024 x15:0x7ffbf01b x21=0x20000000
      16435.000 ns	      1642	80000720	02b27b33	remu	x22,x4,x11	  x4:0x00000200 x11:0x00000000 x22=0x00000200
      16455.000 ns	      1644	80000724	41995a13	srai	x20,x18,0x19	 x18:0x80040fe4 x20=0xffffffc0
      16465.000 ns	      1645	80000728	41b82d13	slti	x26,x16,1051	 x16:0x00000002 x26=0x00000001
      16475.000 ns	      1646	8000072c	40ef5a13	srai	x20,x30,0xe	 x30:0x00000000 x20=0x00000000
      16485.000 ns	      1647	80000730	0179bab3	sltu	x21,x19,x23	 x19:0x00000000 x23:0x01a57000 x21=0x00000001
      16495.000 ns	      1648	80000734	41f481b3	sub	x3,x9,x31	  x9:0x00000000 x31:0x00000000  x3=0x00000000
      16855.000 ns	      1684	80000738	02f5d533	divu	x10,x11,x15	 x11:0x00000000 x15:0x7ffbf01b x10=0x00000000
      17225.000 ns	      1721	8000073c	02f56eb3	rem	x29,x10,x15	 x10:0x80000000 x15:0x7ffbf01b x29=0x00000000
      17245.000 ns	      1723	80000740	01f679b3	and	x19,x12,x31	 x12:0x00000000 x31:0x00000000 x19=0x00000000
      17255.000 ns	      1724	80000744	c296cd93	xori	x27,x13,-983	 x13:0x00000000 x27=0xfffffc29
      17275.000 ns	      1726	80000748	03a891b3	mulh	x3,x17,x26	 x17:0x00000000 x26:0x00000001  x3=0x00000000
      17305.000 ns	      1729	8000074c	036d8eb3	mul	x29,x27,x22	 x27:0xffffffff x22:0x00000200 x29=0xfff85200
      17335.000 ns	      1732	80000750	20bf0b53	fsgnj.s	f22,f30,f11	 f30:0xff7fffff f11:0x7fc00000 f22=0x7f7fffff
      17355.000 ns	      1734	80000754	7b06c037	lui	x0,0x7b06c	
      17365.000 ns	      1735	80000758	005162b3	or	x5,x2,x5	  x2:0x00000000  x5:0x0000003e  x5=0x0000003e
      17395.000 ns	      1738	8000075c	19e09653	fdiv.s	f12,f1,f30	  f1:0x7f800000 f30:0xff7fffff f12=0xff800000
      17435.000 ns	      1742	80000760	19154a53	fdiv.s	f20,f10,f17	 f10:0x7fc00000 f17:0x7fc00000 f20=0x7fc00000
      17465.000 ns	      1745	80000764	d00e32d3	fcvt.s.w	f5,x28	 x28:0x00000000  f5=0x00000000
      17495.000 ns	      1748	80000768	027134b3	mulhu	x9,x2,x7	  x2:0x00000000  x7:0x00000000  x9=0x00000000
      17515.000 ns	      1750	8000076c	e0693493	sltiu	x9,x18,-506	 x18:0x80040fe4  x9=0x00000001
      17525.000 ns	      1751	80000770	00aa84b3	add	x9,x21,x10	 x21:0x00000001 x10:0x00000000  x9=0x00000001
      17535.000 ns	      1752	80000774	00000013	addi	x0,x0,0	  x0:0x00000000
      17545.000 ns	      1753	80000778	f2992f13	slti	x30,x18,-215	 x18:0x80040fe4 x30=0x00000001
      17565.000 ns	      1755	8000077c	e00b8ed3	fmv.x.w	x29,f23	 f23:0x00000000 x29=0x00000000
      17595.000 ns	      1758	80000780	032e8633	mul	x12,x29,x18	 x29:0xfff85200 x18:0x80040fe4 x12=0x00000000
      17625.000 ns	      1761	80000784	213d1053	fsgnjn.s	f0,f26,f19	 f26:0x807786ee f19:0x40000000  f0=0x807786ee
      17645.000 ns	      1763	80000788	00071413	slli	x8,x14,0x0	 x14:0x80041024  x8=0x80041024
      17665.000 ns	      1765	8000078c	02a49133	mulh	x2,x9,x10	  x9:0x00000001 x10:0x00000000  x2=0x00000000
      17685.000 ns	      1767	80000790	005c6cb3	or	x25,x24,x5	 x24:0x00000200  x5:0x0000003e x25=0x0000023e
      17705.000 ns	      1769	80000794	f00883d3	fmv.w.x	f7,x17	 x17:0x00000000  f7=0x00000000
      17735.000 ns	      1772	80000798	c01d2fd3	fcvt.wu.s	x31,f26	 f26:0x807786ee x31=0x00000000
      17765.000 ns	      1775	8000079c	292404d3	fmin.s	f9,f8,f18	  f8:0x7fc00000 f18:0x00000000  f9=0x00000000
      17795.000 ns	      1778	800007a0	02736133	rem	x2,x6,x7	  x6:0x00000000  x7:0x00000000  x2=0x00000000
      17825.000 ns	      1781	800007a4	035224b3	mulhsu	x9,x4,x21	  x4:0x00000200 x21:0x00000001  x9=0x00000000
      17845.000 ns	      1783	800007a8	ae500593	addi	x11,x0,-1307	  x0:0x00000000 x11=0xfffffae5
      17855.000 ns	      1784	800007ac	d144e013	ori	x0,x9,-748	  x9:0x00000000
      17865.000 ns	      1785	800007b0	015d1613	slli	x12,x26,0x15	 x26:0x00000001 x12=0x00200000
      17885.000 ns	      1787	800007b4	03c807b3	mul	x15,x16,x28	 x16:0x00000002 x28:0x00000000 x15=0x00000000
      17915.000 ns	      1790	800007b8	a0e01353	flt.s	x6,f0,f14	  f0:0x807786ee f14:0x7f7fffff  x6=0x00000001
      18285.000 ns	      1827	800007bc	03ed47b3	div	x15,x26,x30	 x26:0x00000001 x30:0x00000001 x15=0x00000001
      18305.000 ns	      1829	800007c0	08c1a993	slti	x19,x3,140	  x3:0x00000000 x19=0x00000001
      18315.000 ns	      1830	800007c4	416ed033	sra	x0,x29,x22	 x29:0x00000000 x22:0x00000200
      18335.000 ns	      1832	800007c8	0273a5b3	mulhsu	x11,x7,x7	  x7:0x00000000  x7:0x00000000 x11=0x00000000
      18355.000 ns	      1834	800007cc	4001da13	srai	x20,x3,0x0	  x3:0x00000000 x20=0x00000000
      18365.000 ns	      1835	800007d0	00dbf9b3	and	x19,x23,x13	 x23:0x01a57000 x13:0x00000000 x19=0x00000000
      18385.000 ns	      1837	800007d4	02a6e333	rem	x6,x13,x10	 x13:0x00000000 x10:0x00000000  x6=0x00000000
      18405.000 ns	      1839	800007d8	41df8eb3	sub	x29,x31,x29	 x31:0x00000000 x29:0x00000000 x29=0x00000000
      18425.000 ns	      1841	800007dc	e00e95d3	fclass.s	x11,f29	 f29:0x7fc00000 x11=0x00000200
      18445.000 ns	      1843	800007e0	40f7d8b3	sra	x17,x15,x15	 x15:0x00000001 x15:0x00000001 x17=0x00000000
      18465.000 ns	      1845	800007e4	d0092953	fcvt.s.w	f18,x18	 x18:0x80040fe4 f18=0xcefff7e1
      18485.000 ns	      1847	800007e8	00000013	addi	x0,x0,0	  x0:0x00000000
      18505.000 ns	      1849	800007ec	f0050b53	fmv.w.x	f22,x10	 x10:0x00000000 f22=0x00000000
      18535.000 ns	      1852	800007f0	03a3af33	mulhsu	x30,x7,x26	  x7:0x00000000 x26:0x00000001 x30=0x00000000
      18555.000 ns	      1854	800007f4	c847c693	xori	x13,x15,-892	 x15:0x00000001 x13=0xfffffc85
      18565.000 ns	      1855	800007f8	9d55c213	xori	x4,x11,-1579	 x11:0x00000200  x4=0xfffffbd5
      18585.000 ns	      1857	800007fc	212118d3	fsgnjn.s	f17,f2,f18	  f2:0x00000000 f18:0xcefff7e1 f17=0x00000000
      18615.000 ns	      1860	80000800	03a501b3	mul	x3,x10,x26	 x10:0x00000000 x26:0x00000001  x3=0x00000000
      18635.000 ns	      1862	80000804	0018c633	xor	x12,x17,x1	 x17:0x00000000  x1:0x00000000 x12=0x00000000
      18645.000 ns	      1863	80000808	007c7e33	and	x28,x24,x7	 x24:0x00000200  x7:0x00000000 x28=0x00000000
      18665.000 ns	      1865	8000080c	f0050453	fmv.w.x	f8,x10	 x10:0x00000000  f8=0x00000000
      18685.000 ns	      1867	80000810	26d6fd93	andi	x27,x13,621	 x13:0xfffffc85 x27=0x00000005
      18705.000 ns	      1869	80000814	293811d3	fmax.s	f3,f16,f19	 f16:0x00000000 f19:0x40000000  f3=0x40000000
      18735.000 ns	      1872	80000818	03170433	mul	x8,x14,x17	 x14:0x80041024 x17:0x00000000  x8=0x00000000
      19105.000 ns	      1909	8000081c	039f48b3	div	x17,x30,x25	 x30:0x00000000 x25:0x0000023e x17=0x00000000
      19135.000 ns	      1912	80000820	a0039d53	flt.s	x26,f7,f0	  f7:0x00000000  f0:0x807786ee x26=0x00000000
      19155.000 ns	      1914	80000824	01d35193	srli	x3,x6,0x1d	  x6:0x00000000  x3=0x00000000
      19175.000 ns	      1916	80000828	d01af953	fcvt.s.wu	f18,x21	 x21:0x00000001 f18=0x3f800000
      19205.000 ns	      1919	8000082c	21ea18d3	fsgnjn.s	f17,f20,f30	 f20:0x7fc00000 f30:0xff7fffff f17=0x7fc00000
      19235.000 ns	      1922	80000830	28b01ad3	fmax.s	f21,f0,f11	  f0:0x807786ee f11:0x7fc00000 f21=0x807786ee
      19265.000 ns	      1925	80000834	e0048cd3	fmv.x.w	x25,f9	  f9:0x00000000 x25=0x00000000
      19285.000 ns	      1927	80000838	d2cb8417	auipc	x8,0xd2cb8	  x8=0x52cb8838
      19295.000 ns	      1928	8000083c	0189fa33	and	x20,x19,x24	 x19:0x00000000 x24:0x00000200 x20=0x00000000
      19335.000 ns	      1932	80000840	08e0f253	fsub.s	f4,f1,f14	  f1:0x7f800000 f14:0x7f7fffff  f4=0x7f800000
      19365.000 ns	      1935	80000844	e00d8253	fmv.x.w	x4,f27	 f27:0xff7fffff  x4=0xff7fffff
      19395.000 ns	      1938	80000848	29da1953	fmax.s	f18,f20,f29	 f20:0x7fc00000 f29:0x7fc00000 f18=0x7fc00000
      19425.000 ns	      1941	8000084c	a0f39453	flt.s	x8,f7,f15	  f7:0x00000000 f15:0x7f800000  x8=0x00000001
      19445.000 ns	      1943	80000850	0083d993	srli	x19,x7,0x8	  x7:0x00000000 x19=0x00000000
      19455.000 ns	      1944	80000854	7d150f93	addi	x31,x10,2001	 x10:0x00000000 x31=0x000007d1
      19485.000 ns	      1947	80000858	58017dd3	fsqrt.s	f27,f2	  f2:0x00000000 f27=0x00000000
      19505.000 ns	      1949	8000085c	b76a2493	slti	x9,x20,-1162	 x20:0x00000000  x9=0x00000000
      19535.000 ns	      1952	80000860	105797d3	fmul.s	f15,f15,f5	 f15:0x7f800000  f5:0x00000000 f15=0x7fc00000
      19555.000 ns	      1954	80000864	f3f62f13	slti	x30,x12,-193	 x12:0x00000000 x30=0x00000000
      19575.000 ns	      1956	80000868	d0007fd3	fcvt.s.w	f31,x0	  x0:0x00000000 f31=0x00000000
      19595.000 ns	      1958	8000086c	c0931a17	auipc	x20,0xc0931	 x20=0x4093186c
      19605.000 ns	      1959	80000870	f17e7193	andi	x3,x28,-233	 x28:0x00000000  x3=0x00000000
      19615.000 ns	      1960	80000874	01f83033	sltu	x0,x16,x31	 x16:0x00000002 x31:0x000007d1
      19635.000 ns	      1962	80000878	e00d82d3	fmv.x.w	x5,f27	 f27:0x00000000  x5=0x00000000
      19655.000 ns	      1964	8000087c	ca1de237	lui	x4,0xca1de	  x4=0xca1de000
      19675.000 ns	      1966	80000880	e0048cd3	fmv.x.w	x25,f9	  f9:0x00000000 x25=0x00000000
      19705.000 ns	      1969	80000884	28819d53	fmax.s	f26,f3,f8	  f3:0x40000000  f8:0x00000000 f26=0x40000000
      20075.000 ns	      2006	80000888	032ce3b3	rem	x7,x25,x18	 x25:0x00000000 x18:0x80040fe4  x7=0x00000000
      20095.000 ns	      2008	8000088c	005b0bb3	add	x23,x22,x5	 x22:0x00000200  x5:0x00000000 x23=0x00000200
      20115.000 ns	      2010	80000890	28ef1c53	fmax.s	f24,f30,f14	 f30:0xff7fffff f14:0x7f7fffff f24=0x7f7fffff
      20145.000 ns	      2013	80000894	d018f753	fcvt.s.wu	f14,x17	 x17:0x00000000 f14=0x00000000
      20175.000 ns	      2016	80000898	a13529d3	feq.s	x19,f10,f19	 f10:0x7fc00000 f19:0x40000000 x19=0x00000000
      20195.000 ns	      2018	8000089c	37c6ae93	slti	x29,x13,892	 x13:0xfffffc85 x29=0x00000001
      20205.000 ns	      2019	800008a0	404f0033	sub	x0,x30,x4	 x30:0x00000000  x4:0xca1de000
      20215.000 ns	      2020	800008a4	78926d13	ori	x26,x4,1929	  x4:0xca1de000 x26=0xca1de789
      20225.000 ns	      2021	800008a8	334de4b7	lui	x9,0x334de	  x9=0x334de000
      20245.000 ns	      2023	800008ac	e00989d3	fmv.x.w	x19,f19	 f19:0x40000000 x19=0x40000000
      20285.000 ns	      2027	800008b0	182172d3	fdiv.s	f5,f2,f2	  f2:0x00000000  f2:0x00000000  f5=0x7fc00000
      20305.000 ns	      2029	800008b4	010712b3	sll	x5,x14,x16	 x14:0x80041024 x16:0x00000002  x5=0x00104090
      20315.000 ns	      2030	800008b8	41525613	srai	x12,x4,0x15	  x4:0xca1de000 x12=0xfffffe50
      20335.000 ns	      2032	800008bc	f00902d3	fmv.w.x	f5,x18	 x18:0x80040fe4  f5=0x80040fe4
      20365.000 ns	      2035	800008c0	03d4be33	mulhu	x28,x9,x29	  x9:0x334de000 x29:0x00000001 x28=0x00000000
      20735.000 ns	      2072	800008c4	0309d7b3	divu	x15,x19,x16	 x19:0x40000000 x16:0x00000002 x15=0x20000000
      20785.000 ns	      2077	800008c8	00a20a53	fadd.s	f20,f4,f10	  f4:0x7f800000 f10:0x7fc00000 f20=0x7fc00000
      21155.000 ns	      2114	800008cc	03dbe233	rem	x4,x23,x29	 x23:0x00000200 x29:0x00000001  x4=0x00000000
      21525.000 ns	      2151	800008d0	03f1f2b3	remu	x5,x3,x31	  x3:0x00000000 x31:0x000007d1  x5=0x00000000
      21555.000 ns	      2154	800008d4	202f2e53	fsgnjx.s	f28,f30,f2	 f30:0xff7fffff  f2:0x00000000 f28=0xff7fffff
      21575.000 ns	      2156	800008d8	e1f2fe13	andi	x28,x5,-481	  x5:0x00000000 x28=0x00000000
      21595.000 ns	      2158	800008dc	a0421b53	flt.s	x22,f4,f4	  f4:0x7f800000  f4:0x7f800000 x22=0x00000000
      21615.000 ns	      2160	800008e0	1e3eb593	sltiu	x11,x29,483	 x29:0x00000001 x11=0x00000001
      21635.000 ns	      2162	800008e4	20fd8553	fsgnj.s	f10,f27,f15	 f27:0x00000000 f15:0x7fc00000 f10=0x00000000
      21655.000 ns	      2164	800008e8	87b34c13	xori	x24,x6,-1925	  x6:0x00000000 x24=0xfffff87b
      21665.000 ns	      2165	800008ec	00000013	addi	x0,x0,0	  x0:0x00000000
      21685.000 ns	      2167	800008f0	280d8453	fmin.s	f8,f27,f0	 f27:0x00000000  f0:0x807786ee  f8=0x807786ee
      21735.000 ns	      2172	800008f4	002b7b53	fadd.s	f22,f22,f2	 f22:0x00000000  f2:0x00000000 f22=0x00000000
      22105.000 ns	      2209	800008f8	03a6ceb3	div	x29,x13,x26	 x13:0xfffffc85 x26:0xca1de789 x29=0x00000000
      22125.000 ns	      2211	800008fc	1d016297	auipc	x5,0x1d016	  x5=0x9d0168fc
      22135.000 ns	      2212	80000900	d59e2d13	slti	x26,x28,-679	 x28:0x00000000 x26=0x00000000
      22155.000 ns	      2214	80000904	c01580d3	fcvt.wu.s	x1,f11	 f11:0x7fc00000  x1=0xffffffff
      22175.000 ns	      2216	80000908	d0934b93	xori	x23,x6,-759	  x6:0x00000000 x23=0xfffffd09
      22185.000 ns	      2217	8000090c	e943c017	auipc	x0,0xe943c	
      22205.000 ns	      2219	80000910	21a4afd3	fsgnjx.s	f31,f9,f26	  f9:0x00000000 f26:0x40000000 f31=0x00000000
      22225.000 ns	      2221	80000914	e6512793	slti	x15,x2,-411	  x2:0x00000000 x15=0x00000000
      22245.000 ns	      2223	80000918	f0028153	fmv.w.x	f2,x5	  x5:0x9d0168fc  f2=0x9d0168fc
      22265.000 ns	      2225	8000091c	00dfd993	srli	x19,x31,0xd	 x31:0x000007d1 x19=0x00000000
      22275.000 ns	      2226	80000920	01955d33	srl	x26,x10,x25	 x10:0x00000000 x25:0x00000000 x26=0x00000000
      22285.000 ns	      2227	80000924	ab42ac13	slti	x24,x5,-1356	  x5:0x9d0168fc x24=0x00000001
      22305.000 ns	      2229	80000928	c00d0b53	fcvt.w.s	x22,f26	 f26:0x40000000 x22=0x00000002
      22325.000 ns	      2231	8000092c	70067d93	andi	x27,x12,1792	 x12:0xfffffe50 x27=0x00000600
      22345.000 ns	      2233	80000930	215c9f53	fsgnjn.s	f30,f25,f21	 f25:0x7f7fffff f21:0x807786ee f30=0x7f7fffff
      22375.000 ns	      2236	80000934	a08029d3	feq.s	x19,f0,f8	  f0:0x807786ee  f8:0x807786ee x19=0x00000001
      22405.000 ns	      2239	80000938	d001f9d3	fcvt.s.w	f19,x3	  x3:0x00000000 f19=0x00000000
      22435.000 ns	      2242	8000093c	0243d0b3	divu	x1,x7,x4	  x7:0x00000000  x4:0x00000000  x1=0xffffffff
      22485.000 ns	      2247	80000940	09ea9dd3	fsub.s	f27,f21,f30	 f21:0x807786ee f30:0x7f7fffff f27=0xff7fffff
      22535.000 ns	      2252	80000944	010af553	fadd.s	f10,f21,f16	 f21:0x807786ee f16:0x00000000 f10=0x807786ee
      22575.000 ns	      2256	80000948	580a4a53	fsqrt.s	f20,f20	 f20:0x7fc00000 f20=0x7fc00000
      22605.000 ns	      2259	8000094c	29019953	fmax.s	f18,f3,f16	  f3:0x40000000 f16:0x00000000 f18=0x40000000
      22645.000 ns	      2263	80000950	580ba253	fsqrt.s	f4,f23	 f23:0x00000000  f4=0x00000000
      22665.000 ns	      2265	80000954	418200b3	sub	x1,x4,x24	  x4:0x00000000 x24:0x00000001  x1=0xffffffff
      23025.000 ns	      2301	80000958	02d066b3	rem	x13,x0,x13	  x0:0x00000000 x13:0xfffffc85 x13=0x00000000
      23395.000 ns	      2338	8000095c	038a4233	div	x4,x20,x24	 x20:0x4093186c x24:0x00000001  x4=0x4093186c
      23415.000 ns	      2340	80000960	00a249b3	xor	x19,x4,x10	  x4:0x00000000 x10:0x00000000 x19=0x4093186c
      23425.000 ns	      2341	80000964	a4888013	addi	x0,x17,-1464	 x17:0x00000000
      23435.000 ns	      2342	80000968	01ae0eb3	add	x29,x28,x26	 x28:0x00000000 x26:0x00000000 x29=0x00000000
      23445.000 ns	      2343	8000096c	838d0613	addi	x12,x26,-1992	 x26:0x00000000 x12=0xfffff838
      23465.000 ns	      2345	80000970	284394d3	fmax.s	f9,f7,f4	  f7:0x00000000  f4:0x00000000  f9=0x00000000
      23495.000 ns	      2348	80000974	d00b7653	fcvt.s.w	f12,x22	 x22:0x00000002 f12=0x40000000
      23525.000 ns	      2351	80000978	d0137ed3	fcvt.s.wu	f29,x6	  x6:0x00000000 f29=0x00000000
      23555.000 ns	      2354	8000097c	a1e21353	flt.s	x6,f4,f30	  f4:0x00000000 f30:0x7f7fffff  x6=0x00000001
      23925.000 ns	      2391	80000980	038674b3	remu	x9,x12,x24	 x12:0xfffff838 x24:0x00000001  x9=0x00000000
      23945.000 ns	      2393	80000984	00991c33	sll	x24,x18,x9	 x18:0x80040fe4  x9:0x334de000 x24=0x80040fe4
      24275.000 ns	      2426	80000988	185afed3	fdiv.s	f29,f21,f5	 f21:0x807786ee  f5:0x80040fe4 f29=0x3f28be7e
      24305.000 ns	      2429	8000098c	024c8fb3	mul	x31,x25,x4	 x25:0x00000000  x4:0x4093186c x31=0x00000000
      24325.000 ns	      2431	80000990	15461cb7	lui	x25,0x15461	 x25=0x15461000
      24335.000 ns	      2432	80000994	00000013	addi	x0,x0,0	  x0:0x00000000
      24345.000 ns	      2433	80000998	00000013	addi	x0,x0,0	  x0:0x00000000
      24365.000 ns	      2435	8000099c	028eb433	mulhu	x8,x29,x8	 x29:0x00000000  x8:0x00000001  x8=0x00000000
      24395.000 ns	      2438	800009a0	21a10f53	fsgnj.s	f30,f2,f26	  f2:0x9d0168fc f26:0x40000000 f30=0x1d0168fc
      24425.000 ns	      2441	800009a4	a1eda1d3	feq.s	x3,f27,f30	 f27:0xff7fffff f30:0x7f7fffff  x3=0x00000000
      24445.000 ns	      2443	800009a8	402c5a93	srai	x21,x24,0x2	 x24:0x80040fe4 x21=0xe00103f9
      24465.000 ns	      2445	800009ac	28b40ed3	fmin.s	f29,f8,f11	  f8:0x807786ee f11:0x7fc00000 f29=0x807786ee
      24495.000 ns	      2448	800009b0	0311e4b3	rem	x9,x3,x17	  x3:0x00000000 x17:0x00000000  x9=0x00000000
      24525.000 ns	      2451	800009b4	200d2053	fsgnjx.s	f0,f26,f0	 f26:0x40000000  f0:0x807786ee  f0=0xc0000000
      24555.000 ns	      2454	800009b8	21379b53	fsgnjn.s	f22,f15,f19	 f15:0x7fc00000 f19:0x00000000 f22=0xffc00000
      24575.000 ns	      2456	800009bc	01b353b3	srl	x7,x6,x27	  x6:0x00000001 x27:0x00000600  x7=0x00000001
      24585.000 ns	      2457	800009c0	77f3f1b7	lui	x3,0x77f3f	  x3=0x77f3f000
      24615.000 ns	      2460	800009c4	18f870d3	fdiv.s	f1,f16,f15	 f16:0x00000000 f15:0x7fc00000  f1=0x7fc00000
      24635.000 ns	      2462	800009c8	e2b54093	xori	x1,x10,-469	 x10:0x00000000  x1=0xfffffe2b
      24645.000 ns	      2463	800009cc	008bf6b3	and	x13,x23,x8	 x23:0xfffffd09  x8:0x00000000 x13=0x00000000
      24675.000 ns	      2466	800009d0	58007bd3	fsqrt.s	f23,f0	  f0:0xc0000000 f23=0x7fc00000
      24695.000 ns	      2468	800009d4	407cdb93	srai	x23,x25,0x7	 x25:0x15461000 x23=0x002a8c20
      24725.000 ns	      2471	800009d8	5800a353	fsqrt.s	f6,f1	  f1:0x7fc00000  f6=0x7fc00000
      24745.000 ns	      2473	800009dc	a570a313	slti	x6,x1,-1449	  x1:0xfffffe2b  x6=0x00000000
      24765.000 ns	      2475	800009e0	29538f53	fmin.s	f30,f7,f21	  f7:0x00000000 f21:0x807786ee f30=0x807786ee
      24805.000 ns	      2479	800009e4	190b25d3	fdiv.s	f11,f22,f16	 f22:0xffc00000 f16:0x00000000 f11=0x7fc00000
      24835.000 ns	      2482	800009e8	d01288d3	fcvt.s.wu	f17,x5	  x5:0x9d0168fc f17=0x4f1d0169
      24855.000 ns	      2484	800009ec	00bfedb3	or	x27,x31,x11	 x31:0x00000000 x11:0x00000001 x27=0x00000001
      25215.000 ns	      2520	800009f0	02587e33	remu	x28,x16,x5	 x16:0x00000002  x5:0x9d0168fc x28=0x00000002
      25245.000 ns	      2523	800009f4	a0b0aed3	feq.s	x29,f1,f11	  f1:0x7fc00000 f11:0x7fc00000 x29=0x00000000
      25265.000 ns	      2525	800009f8	ce703f93	sltiu	x31,x0,-793	  x0:0x00000000 x31=0x00000001
      25285.000 ns	      2527	800009fc	29b48853	fmin.s	f16,f9,f27	  f9:0x00000000 f27:0xff7fffff f16=0xff7fffff
      25305.000 ns	      2529	80000a00	01d46cb3	or	x25,x8,x29	  x8:0x00000000 x29:0x00000000 x25=0x00000000
      25315.000 ns	      2530	80000a04	d91f7217	auipc	x4,0xd91f7	  x4=0x591f7a04
      25335.000 ns	      2532	80000a08	022bc1b3	div	x3,x23,x2	 x23:0x002a8c20  x2:0x00000000  x3=0xffffffff
      25355.000 ns	      2534	80000a0c	01bdd7b3	srl	x15,x27,x27	 x27:0x00000001 x27:0x00000001 x15=0x00000000
      25385.000 ns	      2537	80000a10	114df353	fmul.s	f6,f27,f20	 f27:0xff7fffff f20:0x7fc00000  f6=0x7fc00000
      25415.000 ns	      2540	80000a14	f00c8453	fmv.w.x	f8,x25	 x25:0x00000000  f8=0x00000000
      25445.000 ns	      2543	80000a18	e00685d3	fmv.x.w	x11,f13	 f13:0x7fc00000 x11=0x7fc00000
      25475.000 ns	      2546	80000a1c	023a1333	mulh	x6,x20,x3	 x20:0x4093186c  x3:0xffffffff  x6=0xffffffff
      25495.000 ns	      2548	80000a20	00e99513	slli	x10,x19,0xe	 x19:0x4093186c x10=0xc61b0000
      25855.000 ns	      2584	80000a24	02c8fb33	remu	x22,x17,x12	 x17:0x00000000 x12:0xfffff838 x22=0x00000000
      25885.000 ns	      2587	80000a28	02b99eb3	mulh	x29,x19,x11	 x19:0x4093186c x11:0x7fc00000 x29=0x2039676f
      25925.000 ns	      2591	80000a2c	192ff8d3	fdiv.s	f17,f31,f18	 f31:0x00000000 f18:0x40000000 f17=0x00000000
      25945.000 ns	      2593	80000a30	c5d50b93	addi	x23,x10,-931	 x10:0xc61b0000 x23=0xc61afc5d
      26305.000 ns	      2629	80000a34	0306d6b3	divu	x13,x13,x16	 x13:0x00000000 x16:0x00000002 x13=0x00000000
      26335.000 ns	      2632	80000a38	a13f9253	flt.s	x4,f31,f19	 f31:0x00000000 f19:0x00000000  x4=0x00000000
      26355.000 ns	      2634	80000a3c	018253b3	srl	x7,x4,x24	  x4:0x591f7a04 x24:0x80040fe4  x7=0x00000000
      26365.000 ns	      2635	80000a40	01bee533	or	x10,x29,x27	 x29:0x2039676f x27:0x00000001 x10=0x2039676f
      26375.000 ns	      2636	80000a44	00000013	addi	x0,x0,0	  x0:0x00000000
      26395.000 ns	      2638	80000a48	c009f7d3	fcvt.w.s	x15,f19	 f19:0x00000000 x15=0x00000000
      26415.000 ns	      2640	80000a4c	15a24513	xori	x10,x4,346	  x4:0x00000000 x10=0x0000015a
      26425.000 ns	      2641	80000a50	44e1b513	sltiu	x10,x3,1102	  x3:0xffffffff x10=0x00000000
      26445.000 ns	      2643	80000a54	e00392d3	fclass.s	x5,f7	  f7:0x00000000  x5=0x00000010
      26465.000 ns	      2645	80000a58	c5d1be93	sltiu	x29,x3,-931	  x3:0xffffffff x29=0x00000000
      26475.000 ns	      2646	80000a5c	bc48b497	auipc	x9,0xbc48b	  x9=0x3c48ba5c
      26485.000 ns	      2647	80000a60	00000013	addi	x0,x0,0	  x0:0x00000000
      26505.000 ns	      2649	80000a64	c0113bd3	fcvt.wu.s	x23,f2	  f2:0x9d0168fc x23=0x00000000
      26535.000 ns	      2652	80000a68	d01d7453	fcvt.s.wu	f8,x26	 x26:0x00000000  f8=0x00000000
      26555.000 ns	      2654	80000a6c	01b7a5b3	slt	x11,x15,x27	 x15:0x00000000 x27:0x00000001 x11=0x00000001
      26565.000 ns	      2655	80000a70	01165593	srli	x11,x12,0x11	 x12:0xfffff838 x11=0x00007fff
      26575.000 ns	      2656	80000a74	5ec8b313	sltiu	x6,x17,1516	 x17:0x00000000  x6=0x00000001
      26615.000 ns	      2660	80000a78	08ca70d3	fsub.s	f1,f20,f12	 f20:0x7fc00000 f12:0x40000000  f1=0x7fc00000
      26635.000 ns	      2662	80000a7c	cb6f7a13	andi	x20,x30,-842	 x30:0x00000000 x20=0x00000000
      26655.000 ns	      2664	80000a80	c0198153	fcvt.wu.s	x2,f19	 f19:0x00000000  x2=0x00000000
      26685.000 ns	      2667	80000a84	d00d17d3	fcvt.s.w	f15,x26	 x26:0x00000000 f15=0x00000000
      26715.000 ns	      2670	80000a88	28079653	fmax.s	f12,f15,f0	 f15:0x7fc00000  f0:0xc0000000 f12=0x00000000
      26745.000 ns	      2673	80000a8c	c00dfb53	fcvt.w.s	x22,f27	 f27:0xff7fffff x22=0x80000000
      26775.000 ns	      2676	80000a90	f00402d3	fmv.w.x	f5,x8	  x8:0x00000000  f5=0x00000000
      26805.000 ns	      2679	80000a94	a1d8ac53	feq.s	x24,f17,f29	 f17:0x00000000 f29:0x807786ee x24=0x00000000
      26825.000 ns	      2681	80000a98	00587bb3	and	x23,x16,x5	 x16:0x00000002  x5:0x00000010 x23=0x00000000
      26845.000 ns	      2683	80000a9c	21759b53	fsgnjn.s	f22,f11,f23	 f11:0x7fc00000 f23:0x7fc00000 f22=0xffc00000
      26865.000 ns	      2685	80000aa0	001c7c33	and	x24,x24,x1	 x24:0x00000000  x1:0xfffffe2b x24=0x00000000
      26885.000 ns	      2687	80000aa4	28b80653	fmin.s	f12,f16,f11	 f16:0xff7fffff f11:0x7fc00000 f12=0xff7fffff
      26905.000 ns	      2689	80000aa8	1e3c2b93	slti	x23,x24,483	 x24:0x00000000 x23=0x00000001
      26935.000 ns	      2692	80000aac	183a1153	fdiv.s	f2,f20,f3	 f20:0x7fc00000  f3:0x40000000  f2=0x7fc00000
      26955.000 ns	      2694	80000ab0	41215bb3	sra	x23,x2,x18	  x2:0x00000000 x18:0x80040fe4 x23=0x00000000
      26975.000 ns	      2696	80000ab4	a19f8e53	fle.s	x28,f31,f25	 f31:0x00000000 f25:0x7f7fffff x28=0x00000001
      27005.000 ns	      2699	80000ab8	031e5533	divu	x10,x28,x17	 x28:0x00000002 x17:0x00000000 x10=0xffffffff
      27025.000 ns	      2701	80000abc	00d8ffb3	and	x31,x17,x13	 x17:0x00000000 x13:0x00000000 x31=0x00000000
      27035.000 ns	      2702	80000ac0	00fe02b3	add	x5,x28,x15	 x28:0x00000001 x15:0x00000000  x5=0x00000001
      27055.000 ns	      2704	80000ac4	29e59a53	fmax.s	f20,f11,f30	 f11:0x7fc00000 f30:0x807786ee f20=0x807786ee
      27075.000 ns	      2706	80000ac8	86f27893	andi	x17,x4,-1937	  x4:0x00000000 x17=0x00000000
      27095.000 ns	      2708	80000acc	a144ab53	feq.s	x22,f9,f20	  f9:0x00000000 f20:0x807786ee x22=0x00000000
      27135.000 ns	      2712	80000ad0	1191bed3	fmul.s	f29,f3,f25	  f3:0x40000000 f25:0x7f7fffff f29=0x7f800000
      27165.000 ns	      2715	80000ad4	e00f01d3	fmv.x.w	x3,f30	 f30:0x807786ee  x3=0x807786ee
      27195.000 ns	      2718	80000ad8	e00f13d3	fclass.s	x7,f30	 f30:0x807786ee  x7=0x00000004
      27215.000 ns	      2720	80000adc	7050ee93	ori	x29,x1,1797	  x1:0xfffffe2b x29=0xffffff2f
      27225.000 ns	      2721	80000ae0	40c9da33	sra	x20,x19,x12	 x19:0x4093186c x12:0xfffff838 x20=0x00000040
      27245.000 ns	      2723	80000ae4	021f09b3	mul	x19,x30,x1	 x30:0x00000000  x1:0xfffffe2b x19=0x00000000
      27265.000 ns	      2725	80000ae8	0d510593	addi	x11,x2,213	  x2:0x00000000 x11=0x000000d5
      27295.000 ns	      2728	80000aec	58057653	fsqrt.s	f12,f10	 f10:0x807786ee f12=0x7fc00000
      27315.000 ns	      2730	80000af0	00e4d9b3	srl	x19,x9,x14	  x9:0x3c48ba5c x14:0x80041024 x19=0x03c48ba5
      27325.000 ns	      2731	80000af4	01b47e33	and	x28,x8,x27	  x8:0x00000000 x27:0x00000001 x28=0x00000000
      27345.000 ns	      2733	80000af8	a1a40153	fle.s	x2,f8,f26	  f8:0x00000000 f26:0x40000000  x2=0x00000001
      27365.000 ns	      2735	80000afc	011e2ab3	slt	x21,x28,x17	 x28:0x00000001 x17:0x00000000 x21=0x00000000
      27375.000 ns	      2736	80000b00	00ced793	srli	x15,x29,0xc	 x29:0xffffff2f x15=0x000fffff
      27395.000 ns	      2738	80000b04	286197d3	fmax.s	f15,f3,f6	  f3:0x40000000  f6:0x7fc00000 f15=0x40000000
      27445.000 ns	      2743	80000b08	0853f253	fsub.s	f4,f7,f5	  f7:0x00000000  f5:0x00000000  f4=0x80000000
      27475.000 ns	      2746	80000b0c	20361d53	fsgnjn.s	f26,f12,f3	 f12:0x7fc00000  f3:0x40000000 f26=0xffc00000
      27505.000 ns	      2749	80000b10	a12383d3	fle.s	x7,f7,f18	  f7:0x00000000 f18:0x40000000  x7=0x00000001
      27525.000 ns	      2751	80000b14	00ead6b3	srl	x13,x21,x14	 x21:0x00000000 x14:0x80041024 x13=0x00000000
      27545.000 ns	      2753	80000b18	027eb3b3	mulhu	x7,x29,x7	 x29:0xffffff2f  x7:0x00000001  x7=0x00000000
      27575.000 ns	      2756	80000b1c	030a3433	mulhu	x8,x20,x16	 x20:0x00000040 x16:0x00000002  x8=0x00000000
      27605.000 ns	      2759	80000b20	027b73b3	remu	x7,x22,x7	 x22:0x00000000  x7:0x00000000  x7=0x00000000
      27635.000 ns	      2762	80000b24	02a607b3	mul	x15,x12,x10	 x12:0xfffff838 x10:0xffffffff x15=0x000007c8
      27665.000 ns	      2765	80000b28	a01226d3	feq.s	x13,f4,f1	  f4:0x80000000  f1:0x7fc00000 x13=0x00000000
      27695.000 ns	      2768	80000b2c	c00e1ad3	fcvt.w.s	x21,f28	 f28:0xff7fffff x21=0x80000000
      27715.000 ns	      2770	80000b30	e5ca4eb7	lui	x29,0xe5ca4	 x29=0xe5ca4000
      27725.000 ns	      2771	80000b34	00c53033	sltu	x0,x10,x12	 x10:0xffffffff x12:0xfffff838
      27735.000 ns	      2772	80000b38	40125b93	srai	x23,x4,0x1	  x4:0x00000000 x23=0x00000000
      27755.000 ns	      2774	80000b3c	02deae33	mulhsu	x28,x29,x13	 x29:0xe5ca4000 x13:0x00000000 x28=0x00000000
      27785.000 ns	      2777	80000b40	039e57b3	divu	x15,x28,x25	 x28:0x00000000 x25:0x00000000 x15=0xffffffff
      27815.000 ns	      2780	80000b44	216220d3	fsgnjx.s	f1,f4,f22	  f4:0x80000000 f22:0xffc00000  f1=0x00000000
      27845.000 ns	      2783	80000b48	21248dd3	fsgnj.s	f27,f9,f18	  f9:0x00000000 f18:0x40000000 f27=0x00000000
      27865.000 ns	      2785	80000b4c	f6ecd6b7	lui	x13,0xf6ecd	 x13=0xf6ecd000
      27885.000 ns	      2787	80000b50	038f5433	divu	x8,x30,x24	 x30:0x00000000 x24:0x00000000  x8=0xffffffff
      27915.000 ns	      2790	80000b54	02c13333	mulhu	x6,x2,x12	  x2:0x00000001 x12:0xfffff838  x6=0x00000000
      27935.000 ns	      2792	80000b58	4121d033	sra	x0,x3,x18	  x3:0x807786ee x18:0x80040fe4
      27955.000 ns	      2794	80000b5c	21b3a4d3	fsgnjx.s	f9,f7,f27	  f7:0x00000000 f27:0x00000000  f9=0x00000000
      27995.000 ns	      2798	80000b60	182af053	fdiv.s	f0,f21,f2	 f21:0x807786ee  f2:0x7fc00000  f0=0x7fc00000
      28015.000 ns	      2800	80000b64	018689b3	add	x19,x13,x24	 x13:0xf6ecd000 x24:0x00000000 x19=0xf6ecd000
      28055.000 ns	      2804	80000b68	00f17dd3	fadd.s	f27,f2,f15	  f2:0x7fc00000 f15:0x40000000 f27=0x7fc00000
      28085.000 ns	      2807	80000b6c	02adb9b3	mulhu	x19,x27,x10	 x27:0x00000001 x10:0xffffffff x19=0x00000000
      28105.000 ns	      2809	80000b70	6b2ba213	slti	x4,x23,1714	 x23:0x00000000  x4=0x00000001
      28125.000 ns	      2811	80000b74	03ac5e33	divu	x28,x24,x26	 x24:0x00000000 x26:0x00000000 x28=0xffffffff
      28155.000 ns	      2814	80000b78	02002e33	mulhsu	x28,x0,x0	  x0:0x00000000  x0:0x00000000 x28=0x00000000
      28205.000 ns	      2819	80000b7c	08751053	fsub.s	f0,f10,f7	 f10:0x807786ee  f7:0x00000000  f0=0x807786ee
      28235.000 ns	      2822	80000b80	d003bf53	fcvt.s.w	f30,x7	  x7:0x00000000 f30=0x00000000
      28255.000 ns	      2824	80000b84	007ac6b3	xor	x13,x21,x7	 x21:0x80000000  x7:0x00000000 x13=0x80000000
      28265.000 ns	      2825	80000b88	d590fe93	andi	x29,x1,-679	  x1:0xfffffe2b x29=0xfffffc09
      28285.000 ns	      2827	80000b8c	c00ca153	fcvt.w.s	x2,f25	 f25:0x7f7fffff  x2=0x7fffffff
      28655.000 ns	      2864	80000b90	032a48b3	div	x17,x20,x18	 x20:0x00000040 x18:0x80040fe4 x17=0x00000000
      28685.000 ns	      2867	80000b94	e0098d53	fmv.x.w	x26,f19	 f19:0x00000000 x26=0x00000000
      28715.000 ns	      2870	80000b98	e00e9f53	fclass.s	x30,f29	 f29:0x7f800000 x30=0x00000080
      28735.000 ns	      2872	80000b9c	01aa3533	sltu	x10,x20,x26	 x20:0x00000040 x26:0x00000000 x10=0x00000000
      28755.000 ns	      2874	80000ba0	28189753	fmax.s	f14,f17,f1	 f17:0x00000000  f1:0x00000000 f14=0x00000000
      28775.000 ns	      2876	80000ba4	00a68533	add	x10,x13,x10	 x13:0x80000000 x10:0xffffffff x10=0x80000000
      28795.000 ns	      2878	80000ba8	03aa3533	mulhu	x10,x20,x26	 x20:0x00000040 x26:0x00000000 x10=0x00000000
      28825.000 ns	      2881	80000bac	f00683d3	fmv.w.x	f7,x13	 x13:0x80000000  f7=0x80000000
      28845.000 ns	      2883	80000bb0	01531bb3	sll	x23,x6,x21	  x6:0x00000000 x21:0x80000000 x23=0x00000000
      29205.000 ns	      2919	80000bb4	0237ffb3	remu	x31,x15,x3	 x15:0xffffffff  x3:0x807786ee x31=0x7f887911
      29225.000 ns	      2921	80000bb8	01d26a33	or	x20,x4,x29	  x4:0x00000001 x29:0xfffffc09 x20=0xfffffc09
      29245.000 ns	      2923	80000bbc	03a9a433	mulhsu	x8,x19,x26	 x19:0x00000000 x26:0x00000000  x8=0x00000000
      29275.000 ns	      2926	80000bc0	c004f8d3	fcvt.w.s	x17,f9	  f9:0x00000000 x17=0x00000000
      29305.000 ns	      2929	80000bc4	29050cd3	fmin.s	f25,f10,f16	 f10:0x807786ee f16:0xff7fffff f25=0xff7fffff
      29335.000 ns	      2932	80000bc8	d0047653	fcvt.s.w	f12,x8	  x8:0x00000000 f12=0x00000000
      29365.000 ns	      2935	80000bcc	c009f3d3	fcvt.w.s	x7,f19	 f19:0x00000000  x7=0x00000000
      29385.000 ns	      2937	80000bd0	011ea8b3	slt	x17,x29,x17	 x29:0xfffffc09 x17:0x00000000 x17=0x00000001
      29405.000 ns	      2939	80000bd4	204a8753	fsgnj.s	f14,f21,f4	 f21:0x807786ee  f4:0x80000000 f14=0x807786ee
      29425.000 ns	      2941	80000bd8	01d097b3	sll	x15,x1,x29	  x1:0xfffffe2b x29:0xfffffc09 x15=0xfffc5600
      29465.000 ns	      2945	80000bdc	0843c4d3	fsub.s	f9,f7,f4	  f7:0x80000000  f4:0x80000000  f9=0x00000000
      29495.000 ns	      2948	80000be0	c007c7d3	fcvt.w.s	x15,f15	 f15:0x40000000 x15=0x00000002
      29515.000 ns	      2950	80000be4	d0f4b013	sltiu	x0,x9,-753	  x9:0x3c48ba5c
      29525.000 ns	      2951	80000be8	40eb0433	sub	x8,x22,x14	 x22:0x00000000 x14:0x80041024  x8=0x7ffbefdc
      29535.000 ns	      2952	80000bec	419c5c33	sra	x24,x24,x25	 x24:0x00000000 x25:0x00000000 x24=0x00000000
      29555.000 ns	      2954	80000bf0	291c96d3	fmax.s	f13,f25,f17	 f25:0xff7fffff f17:0x00000000 f13=0x00000000
      29585.000 ns	      2957	80000bf4	020c4e33	div	x28,x24,x0	 x24:0x00000000  x0:0x00000000 x28=0xffffffff
      29625.000 ns	      2961	80000bf8	10468bd3	fmul.s	f23,f13,f4	 f13:0x00000000  f4:0x80000000 f23=0x80000000
      29965.000 ns	      2995	80000bfc	18a1b9d3	fdiv.s	f19,f3,f10	  f3:0x40000000 f10:0x807786ee f19=0xfeb4b4b6
      29995.000 ns	      2998	80000c00	21a60a53	fsgnj.s	f20,f12,f26	 f12:0x00000000 f26:0xffc00000 f20=0x80000000
      30025.000 ns	      3001	80000c04	28c58553	fmin.s	f10,f11,f12	 f11:0x7fc00000 f12:0x00000000 f10=0x00000000
      30055.000 ns	      3004	80000c08	a0fa9c53	flt.s	x24,f21,f15	 f21:0x807786ee f15:0x40000000 x24=0x00000001
      30425.000 ns	      3041	80000c0c	025e5333	divu	x6,x28,x5	 x28:0xffffffff  x5:0x00000001  x6=0xffffffff
      30475.000 ns	      3046	80000c10	00d387d3	fadd.s	f15,f7,f13	  f7:0x80000000 f13:0x00000000 f15=0x00000000
      30495.000 ns	      3048	80000c14	ccd6ca17	auipc	x20,0xccd6c	 x20=0x4cd6cc14
      30515.000 ns	      3050	80000c18	a1950dd3	fle.s	x27,f10,f25	 f10:0x00000000 f25:0xff7fffff x27=0x00000000
      30535.000 ns	      3052	80000c1c	89dbce93	xori	x29,x23,-1891	 x23:0x00000000 x29=0xfffff89d
      30555.000 ns	      3054	80000c20	f00a8dd3	fmv.w.x	f27,x21	 x21:0x80000000 f27=0x80000000
      30595.000 ns	      3058	80000c24	112872d3	fmul.s	f5,f16,f18	 f16:0xff7fffff f18:0x40000000  f5=0xff800000
      30615.000 ns	      3060	80000c28	01dc2133	slt	x2,x24,x29	 x24:0x00000001 x29:0xfffff89d  x2=0x00000000
      30625.000 ns	      3061	80000c2c	01cd3b33	sltu	x22,x26,x28	 x26:0x00000000 x28:0xffffffff x22=0x00000001
      30635.000 ns	      3062	80000c30	81b02793	slti	x15,x0,-2021	  x0:0x00000000 x15=0x00000000
      30655.000 ns	      3064	80000c34	c01516d3	fcvt.wu.s	x13,f10	 f10:0x00000000 x13=0x00000000
      30675.000 ns	      3066	80000c38	c2284693	xori	x13,x16,-990	 x16:0x00000002 x13=0xfffffc20
      30695.000 ns	      3068	80000c3c	a054add3	feq.s	x27,f9,f5	  f9:0x00000000  f5:0xff800000 x27=0x00000000
      30725.000 ns	      3071	80000c40	c0183053	fcvt.wu.s	x0,f16	 f16:0xff7fffff
      31095.000 ns	      3108	80000c44	03e9d4b3	divu	x9,x19,x30	 x19:0x00000000 x30:0x00000080  x9=0x00000000
      31115.000 ns	      3110	80000c48	49ea05b7	lui	x11,0x49ea0	 x11=0x49ea0000
      31135.000 ns	      3112	80000c4c	21d50153	fsgnj.s	f2,f10,f29	 f10:0x00000000 f29:0x7f800000  f2=0x00000000
      31165.000 ns	      3115	80000c50	0372d033	divu	x0,x5,x23	  x5:0x00000001 x23:0x00000000
      31205.000 ns	      3119	80000c54	10e0ccd3	fmul.s	f25,f1,f14	  f1:0x00000000 f14:0x807786ee f25=0x80000000
      31225.000 ns	      3121	80000c58	014e88b3	add	x17,x29,x20	 x29:0xfffff89d x20:0x4cd6cc14 x17=0x4cd6c4b1
      31235.000 ns	      3122	80000c5c	0980cf13	xori	x30,x1,152	  x1:0xfffffe2b x30=0xfffffeb3
      31245.000 ns	      3123	80000c60	0028df93	srli	x31,x17,0x2	 x17:0x00000001 x31=0x1335b12c
      31255.000 ns	      3124	80000c64	01062e33	slt	x28,x12,x16	 x12:0xfffff838 x16:0x00000002 x28=0x00000001
      31265.000 ns	      3125	80000c68	f366a513	slti	x10,x13,-202	 x13:0xfffffc20 x10=0x00000001
      31295.000 ns	      3128	80000c6c	580286d3	fsqrt.s	f13,f5	  f5:0xff800000 f13=0x7fc00000
      31335.000 ns	      3132	80000c70	1180ccd3	fmul.s	f25,f1,f24	  f1:0x00000000 f24:0x7f7fffff f25=0x00000000
      31365.000 ns	      3135	80000c74	d01a23d3	fcvt.s.wu	f7,x20	 x20:0x4cd6cc14  f7=0x4e99ad99
      31395.000 ns	      3138	80000c78	20c9a753	fsgnjx.s	f14,f19,f12	 f19:0xfeb4b4b6 f12:0x00000000 f14=0xfeb4b4b6
      31425.000 ns	      3141	80000c7c	2009ab53	fsgnjx.s	f22,f19,f0	 f19:0xfeb4b4b6  f0:0x807786ee f22=0x7eb4b4b6
      31445.000 ns	      3143	80000c80	cc882f13	slti	x30,x16,-824	 x16:0x00000002 x30=0x00000000
      31455.000 ns	      3144	80000c84	011fe5b3	or	x11,x31,x17	 x31:0x1335b12c x17:0x4cd6c4b1 x11=0x5ff7f5bd
      31475.000 ns	      3146	80000c88	031205b3	mul	x11,x4,x17	  x4:0x00000001 x17:0x4cd6c4b1 x11=0x4cd6c4b1
      31505.000 ns	      3149	80000c8c	28b916d3	fmax.s	f13,f18,f11	 f18:0x40000000 f11:0x7fc00000 f13=0x40000000
      31525.000 ns	      3151	80000c90	ba69b693	sltiu	x13,x19,-1114	 x19:0x00000000 x13=0x00000001
      31535.000 ns	      3152	80000c94	deb34d13	xori	x26,x6,-533	  x6:0xffffffff x26=0x00000214
      31575.000 ns	      3156	80000c98	08cb72d3	fsub.s	f5,f22,f12	 f22:0x7eb4b4b6 f12:0x00000000  f5=0x7eb4b4b6
      31595.000 ns	      3158	80000c9c	00e1cdb3	xor	x27,x3,x14	  x3:0x807786ee x14:0x80041024 x27=0x007396ca
      31615.000 ns	      3160	80000ca0	039b35b3	mulhu	x11,x22,x25	 x22:0x00000001 x25:0x00000000 x11=0x00000000
      31635.000 ns	      3162	80000ca4	00e55413	srli	x8,x10,0xe	 x10:0x00000001  x8=0x00000000
      31655.000 ns	      3164	80000ca8	f00d06d3	fmv.w.x	f13,x26	 x26:0x00000214 f13=0x00000214
      31685.000 ns	      3167	80000cac	c00834d3	fcvt.w.s	x9,f16	 f16:0xff7fffff  x9=0x80000000
      31715.000 ns	      3170	80000cb0	a18f9ed3	flt.s	x29,f31,f24	 f31:0x00000000 f24:0x7f7fffff x29=0x00000001
      31735.000 ns	      3172	80000cb4	01ba27b3	slt	x15,x20,x27	 x20:0x4cd6cc14 x27:0x007396ca x15=0x00000000
      31755.000 ns	      3174	80000cb8	a0c005d3	fle.s	x11,f0,f12	  f0:0x807786ee f12:0x00000000 x11=0x00000001
      31785.000 ns	      3177	80000cbc	c0007f53	fcvt.w.s	x30,f0	  f0:0x807786ee x30=0x00000000
      31825.000 ns	      3181	80000cc0	104273d3	fmul.s	f7,f4,f4	  f4:0x80000000  f4:0x80000000  f7=0x00000000
      31855.000 ns	      3184	80000cc4	d00d8753	fcvt.s.w	f14,x27	 x27:0x007396ca f14=0x4ae72d94
      31885.000 ns	      3187	80000cc8	a0860f53	fle.s	x30,f12,f8	 f12:0x00000000  f8:0x00000000 x30=0x00000001
      31905.000 ns	      3189	80000ccc	24034e93	xori	x29,x6,576	  x6:0xffffffff x29=0xfffffdbf
      31915.000 ns	      3190	80000cd0	00460033	add	x0,x12,x4	 x12:0xfffff838  x4:0x00000001
      32275.000 ns	      3226	80000cd4	03cfceb3	div	x29,x31,x28	 x31:0x1335b12c x28:0x00000001 x29=0x1335b12c
      32305.000 ns	      3229	80000cd8	a0651253	flt.s	x4,f10,f6	 f10:0x00000000  f6:0x7fc00000  x4=0x00000000
      32335.000 ns	      3232	80000cdc	f0080253	fmv.w.x	f4,x16	 x16:0x00000002  f4=0x00000002
      32355.000 ns	      3234	80000ce0	00118d33	add	x26,x3,x1	  x3:0x807786ee  x1:0xfffffe2b x26=0x80778519
      32365.000 ns	      3235	80000ce4	410e88b3	sub	x17,x29,x16	 x29:0x1335b12c x16:0x00000002 x17=0x1335b12a
      32385.000 ns	      3237	80000ce8	c006a553	fcvt.w.s	x10,f13	 f13:0x00000214 x10=0x00000000
      32415.000 ns	      3240	80000cec	f0030053	fmv.w.x	f0,x6	  x6:0xffffffff  f0=0xffffffff
      32455.000 ns	      3244	80000cf0	1155f053	fmul.s	f0,f11,f21	 f11:0x7fc00000 f21:0x807786ee  f0=0x7fc00000
      32475.000 ns	      3246	80000cf4	00f67233	and	x4,x12,x15	 x12:0xfffff838 x15:0x00000000  x4=0x00000000
      32485.000 ns	      3247	80000cf8	014bfbb3	and	x23,x23,x20	 x23:0x00000000 x20:0x4cd6cc14 x23=0x00000000
      32495.000 ns	      3248	80000cfc	9d13f613	andi	x12,x7,-1583	  x7:0x00000000 x12=0x00000000
      32515.000 ns	      3250	80000d00	c01f1153	fcvt.wu.s	x2,f30	 f30:0x00000000  x2=0x00000000
      32535.000 ns	      3252	80000d04	01cadbb3	srl	x23,x21,x28	 x21:0x80000000 x28:0x00000001 x23=0x40000000
      32895.000 ns	      3288	80000d08	03a2feb3	remu	x29,x5,x26	  x5:0x00000001 x26:0x80778519 x29=0x00000001
      32925.000 ns	      3291	80000d0c	0392a2b3	mulhsu	x5,x5,x25	  x5:0x00000001 x25:0x00000000  x5=0x00000000
      32955.000 ns	      3294	80000d10	a1e71ed3	flt.s	x29,f14,f30	 f14:0x4ae72d94 f30:0x00000000 x29=0x00000000
      32985.000 ns	      3297	80000d14	21a91053	fsgnjn.s	f0,f18,f26	 f18:0x40000000 f26:0xffc00000  f0=0x40000000
      33015.000 ns	      3300	80000d18	c001a253	fcvt.w.s	x4,f3	  f3:0x40000000  x4=0x00000002
      33045.000 ns	      3303	80000d1c	a1b21253	flt.s	x4,f4,f27	  f4:0x00000002 f27:0x80000000  x4=0x00000000
      33075.000 ns	      3306	80000d20	a1601353	flt.s	x6,f0,f22	  f0:0x40000000 f22:0x7eb4b4b6  x6=0x00000001
      33095.000 ns	      3308	80000d24	013cb633	sltu	x12,x25,x19	 x25:0x00000000 x19:0x00000000 x12=0x00000000
      33115.000 ns	      3310	80000d28	20fe0553	fsgnj.s	f10,f28,f15	 f28:0xff7fffff f15:0x00000000 f10=0x7f7fffff
      33145.000 ns	      3313	80000d2c	e0011f53	fclass.s	x30,f2	  f2:0x00000000 x30=0x00000010
      33175.000 ns	      3316	80000d30	e00f1253	fclass.s	x4,f30	 f30:0x00000000  x4=0x00000010
      33195.000 ns	      3318	80000d34	00000013	addi	x0,x0,0	  x0:0x00000000
      34365.000 ns	      3435	80000d38	5801f4d3	fsqrt.s	f9,f3	  f3:0x40000000  f9=0x3f350482
      34395.000 ns	      3438	80000d3c	a056a6d3	feq.s	x13,f13,f5	 f13:0x00000214  f5:0x7eb4b4b6 x13=0x00000000
      34415.000 ns	      3440	80000d40	009be333	or	x6,x23,x9	 x23:0x40000000  x9:0x80000000  x6=0xc0000000
      34435.000 ns	      3442	80000d44	a04409d3	fle.s	x19,f8,f4	  f8:0x00000000  f4:0x00000002 x19=0x00000001
      34455.000 ns	      3444	80000d48	41a28c33	sub	x24,x5,x26	  x5:0x00000000 x26:0x80778519 x24=0x7f887ae7
      34465.000 ns	      3445	80000d4c	00443c33	sltu	x24,x8,x4	  x8:0x00000000  x4:0x00000010 x24=0x00000001
      34485.000 ns	      3447	80000d50	03ec32b3	mulhu	x5,x24,x30	 x24:0x00000001 x30:0x00000010  x5=0x00000000
      34535.000 ns	      3452	80000d54	09b40053	fsub.s	f0,f8,f27	  f8:0x00000000 f27:0x80000000  f0=0x00000000
      34555.000 ns	      3454	80000d58	00d25113	srli	x2,x4,0xd	  x4:0x00000010  x2=0x00000000
      34565.000 ns	      3455	80000d5c	000a1133	sll	x2,x20,x0	 x20:0x4cd6cc14  x0:0x00000000  x2=0x4cd6cc14
      34585.000 ns	      3457	80000d60	209496d3	fsgnjn.s	f13,f9,f9	  f9:0x3f350482  f9:0x3f350482 f13=0xbf350482
      34615.000 ns	      3460	80000d64	c0190cd3	fcvt.wu.s	x25,f18	 f18:0x40000000 x25=0x00000002
      34645.000 ns	      3463	80000d68	c003c3d3	fcvt.w.s	x7,f7	  f7:0x00000000  x7=0x00000000
      34675.000 ns	      3466	80000d6c	02ca31b3	mulhu	x3,x20,x12	 x20:0x4cd6cc14 x12:0x00000000  x3=0x00000000
      34705.000 ns	      3469	80000d70	28d50153	fmin.s	f2,f10,f13	 f10:0x7f7fffff f13:0xbf350482  f2=0xbf350482
      34735.000 ns	      3472	80000d74	20fd2bd3	fsgnjx.s	f23,f26,f15	 f26:0xffc00000 f15:0x00000000 f23=0xffc00000
      34755.000 ns	      3474	80000d78	019fdc33	srl	x24,x31,x25	 x31:0x1335b12c x25:0x00000002 x24=0x04cd6c4b
      34765.000 ns	      3475	80000d7c	92e40d13	addi	x26,x8,-1746	  x8:0x00000000 x26=0xfffff92e
      34775.000 ns	      3476	80000d80	2cf42493	slti	x9,x8,719	  x8:0x00000000  x9=0x00000001
      34785.000 ns	      3477	80000d84	0fb10f93	addi	x31,x2,251	  x2:0x4cd6cc14 x31=0x4cd6cd0f
      34795.000 ns	      3478	80000d88	015db033	sltu	x0,x27,x21	 x27:0x007396ca x21:0x80000000
      34805.000 ns	      3479	80000d8c	003c9013	slli	x0,x25,0x3	 x25:0x00000002
      34845.000 ns	      3483	80000d90	089ff3d3	fsub.s	f7,f31,f9	 f31:0x00000000  f9:0x3f350482  f7=0xbf350482
      34875.000 ns	      3486	80000d94	202b03d3	fsgnj.s	f7,f22,f2	 f22:0x7eb4b4b6  f2:0xbf350482  f7=0xfeb4b4b6
      34905.000 ns	      3489	80000d98	f00709d3	fmv.w.x	f19,x14	 x14:0x80041024 f19=0x80041024
      34935.000 ns	      3492	80000d9c	21da09d3	fsgnj.s	f19,f20,f29	 f20:0x80000000 f29:0x7f800000 f19=0x00000000
      34955.000 ns	      3494	80000da0	00593bb3	sltu	x23,x18,x5	 x18:0x80040fe4  x5:0x00000000 x23=0x00000000
      34995.000 ns	      3498	80000da4	092eb653	fsub.s	f12,f29,f18	 f29:0x7f800000 f18:0x40000000 f12=0x7f800000
      35015.000 ns	      3500	80000da8	008f48b3	xor	x17,x30,x8	 x30:0x00000010  x8:0x00000000 x17=0x00000010
      35025.000 ns	      3501	80000dac	409680b3	sub	x1,x13,x9	 x13:0x00000000  x9:0x00000001  x1=0xffffffff
      35045.000 ns	      3503	80000db0	f00107d3	fmv.w.x	f15,x2	  x2:0x4cd6cc14 f15=0x4cd6cc14
      35075.000 ns	      3506	80000db4	f0060cd3	fmv.w.x	f25,x12	 x12:0x00000000 f25=0x00000000
      35095.000 ns	      3508	80000db8	00a62fb3	slt	x31,x12,x10	 x12:0x00000000 x10:0x00000000 x31=0x00000000
      35105.000 ns	      3509	80000dbc	00f41233	sll	x4,x8,x15	  x8:0x00000000 x15:0x00000000  x4=0x00000000
      35125.000 ns	      3511	80000dc0	c011f253	fcvt.wu.s	x4,f3	  f3:0x40000000  x4=0x00000002
      35465.000 ns	      3545	80000dc4	189e2bd3	fdiv.s	f23,f28,f9	 f28:0xff7fffff  f9:0x3f350482 f23=0xff800000
      35495.000 ns	      3548	80000dc8	a0ce8e53	fle.s	x28,f29,f12	 f29:0x7f800000 f12:0x7f800000 x28=0x00000001
      35515.000 ns	      3550	80000dcc	00596a33	or	x20,x18,x5	 x18:0x80040fe4  x5:0x00000000 x20=0x80040fe4
      35525.000 ns	      3551	80000dd0	00e068b3	or	x17,x0,x14	  x0:0x00000000 x14:0x80041024 x17=0x80041024
      35545.000 ns	      3553	80000dd4	03b38c33	mul	x24,x7,x27	  x7:0x00000000 x27:0x007396ca x24=0x00000000
      35575.000 ns	      3556	80000dd8	a1538cd3	fle.s	x25,f7,f21	  f7:0xfeb4b4b6 f21:0x807786ee x25=0x00000001
      35605.000 ns	      3559	80000ddc	03c412b3	mulh	x5,x8,x28	  x8:0x00000000 x28:0x00000001  x5=0x00000000
      35625.000 ns	      3561	80000de0	006ddab3	srl	x21,x27,x6	 x27:0x007396ca  x6:0xc0000000 x21=0x007396ca
      35635.000 ns	      3562	80000de4	2c39fe13	andi	x28,x19,707	 x19:0x00000001 x28=0x00000001
      35655.000 ns	      3564	80000de8	0382edb3	rem	x27,x5,x24	  x5:0x00000000 x24:0x00000000 x27=0x00000000
      35685.000 ns	      3567	80000dec	0307ae33	mulhsu	x28,x15,x16	 x15:0x00000000 x16:0x00000002 x28=0x00000000
      35715.000 ns	      3570	80000df0	02f325b3	mulhsu	x11,x6,x15	  x6:0xc0000000 x15:0x00000000 x11=0x00000000
      35735.000 ns	      3572	80000df4	53cf0a93	addi	x21,x30,1340	 x30:0x00000010 x21=0x0000054c
      35765.000 ns	      3575	80000df8	188bcdd3	fdiv.s	f27,f23,f8	 f23:0xff800000  f8:0x00000000 f27=0xff800000
      36135.000 ns	      3612	80000dfc	03a64333	div	x6,x12,x26	 x12:0x00000000 x26:0xfffff92e  x6=0x00000000
      36165.000 ns	      3615	80000e00	28da9053	fmax.s	f0,f21,f13	 f21:0x807786ee f13:0xbf350482  f0=0x807786ee
      36185.000 ns	      3617	80000e04	4518c493	xori	x9,x17,1105	 x17:0x80041024  x9=0x80041475
      36215.000 ns	      3620	80000e08	580f7ed3	fsqrt.s	f29,f30	 f30:0x00000000 f29=0x00000000
      36235.000 ns	      3622	80000e0c	f478c313	xori	x6,x17,-185	 x17:0x80041024  x6=0x7ffbef63
      36245.000 ns	      3623	80000e10	a800c293	xori	x5,x1,-1408	  x1:0xffffffff  x5=0x0000057f
      36255.000 ns	      3624	80000e14	4039da33	sra	x20,x19,x3	 x19:0x00000001  x3:0x00000000 x20=0x00000001
      36275.000 ns	      3626	80000e18	2196a5d3	fsgnjx.s	f11,f13,f25	 f13:0xbf350482 f25:0x00000000 f11=0xbf350482
      36295.000 ns	      3628	80000e1c	a8764417	auipc	x8,0xa8764	  x8=0x28764e1c
      36305.000 ns	      3629	80000e20	0a3a0793	addi	x15,x20,163	 x20:0x00000001 x15=0x000000a4
      36315.000 ns	      3630	80000e24	c1b072b7	lui	x5,0xc1b07	  x5=0xc1b07000
      36325.000 ns	      3631	80000e28	01790333	add	x6,x18,x23	 x18:0x80040fe4 x23:0x00000000  x6=0x80040fe4
      36345.000 ns	      3633	80000e2c	03ccccb3	div	x25,x25,x28	 x25:0x00000001 x28:0x00000000 x25=0xffffffff
      36395.000 ns	      3638	80000e30	09847753	fsub.s	f14,f8,f24	  f8:0x00000000 f24:0x7f7fffff f14=0xff7fffff
      36425.000 ns	      3641	80000e34	a00018d3	flt.s	x17,f0,f0	  f0:0x807786ee  f0:0x807786ee x17=0x00000000
      36445.000 ns	      3643	80000e38	0145eab3	or	x21,x11,x20	 x11:0x00000000 x20:0x00000001 x21=0x00000001
      36455.000 ns	      3644	80000e3c	00f68e33	add	x28,x13,x15	 x13:0x00000000 x15:0x000000a4 x28=0x000000a4
      36465.000 ns	      3645	80000e40	f3334893	xori	x17,x6,-205	  x6:0x80040fe4 x17=0x7ffbf0d7
      36475.000 ns	      3646	80000e44	00000013	addi	x0,x0,0	  x0:0x00000000
      36495.000 ns	      3648	80000e48	e00d03d3	fmv.x.w	x7,f26	 f26:0xffc00000  x7=0xffc00000
      36515.000 ns	      3650	80000e4c	015f34b3	sltu	x9,x30,x21	 x30:0x00000010 x21:0x00000001  x9=0x00000000
      36535.000 ns	      3652	80000e50	20540953	fsgnj.s	f18,f8,f5	  f8:0x00000000  f5:0x7eb4b4b6 f18=0x00000000
      36565.000 ns	      3655	80000e54	f00409d3	fmv.w.x	f19,x8	  x8:0x28764e1c f19=0x28764e1c
      36585.000 ns	      3657	80000e58	00060233	add	x4,x12,x0	 x12:0x00000000  x0:0x00000000  x4=0x00000000
      36605.000 ns	      3659	80000e5c	a0c48553	fle.s	x10,f9,f12	  f9:0x3f350482 f12:0x7f800000 x10=0x00000001
      36635.000 ns	      3662	80000e60	28049253	fmax.s	f4,f9,f0	  f9:0x3f350482  f0:0x807786ee  f4=0x3f350482
      36675.000 ns	      3666	80000e64	5803f853	fsqrt.s	f16,f7	  f7:0xfeb4b4b6 f16=0x7fc00000
      36705.000 ns	      3669	80000e68	c01c1153	fcvt.wu.s	x2,f24	 f24:0x7f7fffff  x2=0xffffffff
      37075.000 ns	      3706	80000e6c	027763b3	rem	x7,x14,x7	 x14:0x80041024  x7:0xffc00000  x7=0xffc41024
      37105.000 ns	      3709	80000e70	0232b433	mulhu	x8,x5,x3	  x5:0xc1b07000  x3:0x00000000  x8=0x00000000
      37135.000 ns	      3712	80000e74	d0147253	fcvt.s.wu	f4,x8	  x8:0x28764e1c  f4=0x00000000
      37165.000 ns	      3715	80000e78	03a1b2b3	mulhu	x5,x3,x26	  x3:0x00000000 x26:0xfffff92e  x5=0x00000000
      37195.000 ns	      3718	80000e7c	a1e5a653	feq.s	x12,f11,f30	 f11:0xbf350482 f30:0x00000000 x12=0x00000000
      37215.000 ns	      3720	80000e80	00f0edb3	or	x27,x1,x15	  x1:0xffffffff x15:0x000000a4 x27=0xffffffff
      37255.000 ns	      3724	80000e84	0883f253	fsub.s	f4,f7,f8	  f7:0xfeb4b4b6  f8:0x00000000  f4=0xfeb4b4b6
      37275.000 ns	      3726	80000e88	f33d6793	ori	x15,x26,-205	 x26:0xfffff92e x15=0xffffff3f
      37295.000 ns	      3728	80000e8c	29179953	fmax.s	f18,f15,f17	 f15:0x4cd6cc14 f17:0x00000000 f18=0x4cd6cc14
      37345.000 ns	      3733	80000e90	008916d3	fadd.s	f13,f18,f8	 f18:0x00000000  f8:0x00000000 f13=0x4cd6cc14
      37365.000 ns	      3735	80000e94	015c03b3	add	x7,x24,x21	 x24:0x00000000 x21:0x00000001  x7=0x00000001
      37385.000 ns	      3737	80000e98	29748453	fmin.s	f8,f9,f23	  f9:0x3f350482 f23:0xff800000  f8=0xff800000
      37415.000 ns	      3740	80000e9c	a02c0153	fle.s	x2,f24,f2	 f24:0x7f7fffff  f2:0xbf350482  x2=0x00000000
      37445.000 ns	      3743	80000ea0	21f11dd3	fsgnjn.s	f27,f2,f31	  f2:0xbf350482 f31:0x00000000 f27=0xbf350482
      37465.000 ns	      3745	80000ea4	406f8433	sub	x8,x31,x6	 x31:0x00000000  x6:0x80040fe4  x8=0x7ffbf01c
      37505.000 ns	      3749	80000ea8	08457b53	fsub.s	f22,f10,f4	 f10:0x7f7fffff  f4:0xfeb4b4b6 f22=0x7f800000
      37555.000 ns	      3754	80000eac	00ae89d3	fadd.s	f19,f29,f10	 f29:0x00000000 f10:0x7f7fffff f19=0x7f7fffff
      37575.000 ns	      3756	80000eb0	65f9cc93	xori	x25,x19,1631	 x19:0x00000001 x25=0x0000065e
      37585.000 ns	      3757	80000eb4	417a5613	srai	x12,x20,0x17	 x20:0x00000001 x12=0x00000000
      37595.000 ns	      3758	80000eb8	00084633	xor	x12,x16,x0	 x16:0x00000002  x0:0x00000000 x12=0x00000002
      37615.000 ns	      3760	80000ebc	a169a9d3	feq.s	x19,f19,f22	 f19:0x7f7fffff f22:0x7f800000 x19=0x00000000
      37635.000 ns	      3762	80000ec0	4674e893	ori	x17,x9,1127	  x9:0x00000000 x17=0x00000467
      37655.000 ns	      3764	80000ec4	02b8eeb3	rem	x29,x17,x11	 x17:0x7ffbf0d7 x11:0x00000000 x29=0x00000467
      37675.000 ns	      3766	80000ec8	dca1e613	ori	x12,x3,-566	  x3:0x00000000 x12=0xfffffdca
      37695.000 ns	      3768	80000ecc	f00087d3	fmv.w.x	f15,x1	  x1:0xffffffff f15=0xffffffff
      37735.000 ns	      3772	80000ed0	19eaff53	fdiv.s	f30,f21,f30	 f21:0x807786ee f30:0x00000000 f30=0xff800000
      37755.000 ns	      3774	80000ed4	00000013	addi	x0,x0,0	  x0:0x00000000
      37775.000 ns	      3776	80000ed8	a0a91353	flt.s	x6,f18,f10	 f18:0x4cd6cc14 f10:0x7f7fffff  x6=0x00000001
      37795.000 ns	      3778	80000edc	ba4cc313	xori	x6,x25,-1116	 x25:0x0000065e  x6=0xfffffdfa
      37815.000 ns	      3780	80000ee0	02f011b3	mulh	x3,x0,x15	  x0:0x00000000 x15:0xffffff3f  x3=0x00000000
      37845.000 ns	      3783	80000ee4	290b9b53	fmax.s	f22,f23,f16	 f23:0xff800000 f16:0x7fc00000 f22=0xff800000
      37875.000 ns	      3786	80000ee8	e00990d3	fclass.s	x1,f19	 f19:0x7f7fffff  x1=0x00000040
      37905.000 ns	      3789	80000eec	0327ad33	mulhsu	x26,x15,x18	 x15:0xffffff3f x18:0x80040fe4 x26=0xffffff9f
      37945.000 ns	      3793	80000ef0	105ff3d3	fmul.s	f7,f31,f5	 f31:0x00000000  f5:0x7eb4b4b6  f7=0x00000000
      38315.000 ns	      3830	80000ef4	02a7f233	remu	x4,x15,x10	 x15:0xffffff3f x10:0x00000001  x4=0x00000000
      38335.000 ns	      3832	80000ef8	bf280513	addi	x10,x16,-1038	 x16:0x00000002 x10=0xfffffbf4
      38695.000 ns	      3868	80000efc	02e74e33	div	x28,x14,x14	 x14:0x80041024 x14:0x80041024 x28=0x00000001
      38715.000 ns	      3870	80000f00	0165bcb3	sltu	x25,x11,x22	 x11:0x00000000 x22:0x00000001 x25=0x00000001
      38725.000 ns	      3871	80000f04	88940693	addi	x13,x8,-1911	  x8:0x7ffbf01c x13=0x7ffbe8a5
      38745.000 ns	      3873	80000f08	02b7d433	divu	x8,x15,x11	 x15:0xffffff3f x11:0x00000000  x8=0xffffffff
      38765.000 ns	      3875	80000f0c	00a347b3	xor	x15,x6,x10	  x6:0xfffffdfa x10:0xfffffbf4 x15=0x0000060e
      38775.000 ns	      3876	80000f10	a8f32193	slti	x3,x6,-1393	  x6:0xfffffdfa  x3=0x00000000
      38785.000 ns	      3877	80000f14	00000013	addi	x0,x0,0	  x0:0x00000000
      38795.000 ns	      3878	80000f18	64f74993	xori	x19,x14,1615	 x14:0x80041024 x19=0x8004166b
      38835.000 ns	      3882	80000f1c	083e74d3	fsub.s	f9,f28,f3	 f28:0xff7fffff  f3:0x40000000  f9=0xff7fffff
      38865.000 ns	      3885	80000f20	02d10cb3	mul	x25,x2,x13	  x2:0x00000000 x13:0x7ffbe8a5 x25=0x00000000
      38885.000 ns	      3887	80000f24	0019f233	and	x4,x19,x1	 x19:0x8004166b  x1:0x00000040  x4=0x00000040
      38905.000 ns	      3889	80000f28	03713fb3	mulhu	x31,x2,x23	  x2:0x00000000 x23:0x00000000 x31=0x00000000
      38935.000 ns	      3892	80000f2c	d00f3053	fcvt.s.w	f0,x30	 x30:0x00000010  f0=0x41800000
      38965.000 ns	      3895	80000f30	0336b0b3	mulhu	x1,x13,x19	 x13:0x7ffbe8a5 x19:0x8004166b  x1=0x3fffff77
      38985.000 ns	      3897	80000f34	001f5eb3	srl	x29,x30,x1	 x30:0x00000010  x1:0x00000040 x29=0x00000000
      38995.000 ns	      3898	80000f38	41f98333	sub	x6,x19,x31	 x19:0x8004166b x31:0x00000000  x6=0x8004166b
      39005.000 ns	      3899	80000f3c	0048c033	xor	x0,x17,x4	 x17:0x00000467  x4:0x00000040
      39025.000 ns	      3901	80000f40	a1ee2fd3	feq.s	x31,f28,f30	 f28:0xff7fffff f30:0xff800000 x31=0x00000000
      39045.000 ns	      3903	80000f44	f293c293	xori	x5,x7,-215	  x7:0x00000001  x5=0xffffff28
      39055.000 ns	      3904	80000f48	014a4b33	xor	x22,x20,x20	 x20:0x00000001 x20:0x00000001 x22=0x00000000
      39065.000 ns	      3905	80000f4c	00f42a33	slt	x20,x8,x15	  x8:0xffffffff x15:0x0000060e x20=0x00000001
      39085.000 ns	      3907	80000f50	c0187ad3	fcvt.wu.s	x21,f16	 f16:0x7fc00000 x21=0xffffffff
      39105.000 ns	      3909	80000f54	41968f33	sub	x30,x13,x25	 x13:0x7ffbe8a5 x25:0x00000000 x30=0x7ffbe8a5
      39125.000 ns	      3911	80000f58	f0088dd3	fmv.w.x	f27,x17	 x17:0x00000467 f27=0x00000467
      39155.000 ns	      3914	80000f5c	f00302d3	fmv.w.x	f5,x6	  x6:0x8004166b  f5=0x8004166b
      39175.000 ns	      3916	80000f60	00775433	srl	x8,x14,x7	 x14:0x80041024  x7:0x00000001  x8=0x40020812
      39195.000 ns	      3918	80000f64	0372c233	div	x4,x5,x23	  x5:0xffffff28 x23:0x00000000  x4=0xffffffff
      39215.000 ns	      3920	80000f68	019c5613	srli	x12,x24,0x19	 x24:0x00000000 x12=0x00000000
      39235.000 ns	      3922	80000f6c	039aacb3	mulhsu	x25,x21,x25	 x21:0xffffffff x25:0x00000000 x25=0x00000000
      39275.000 ns	      3926	80000f70	11af1353	fmul.s	f6,f30,f26	 f30:0xff800000 f26:0xffc00000  f6=0x7fc00000
      39295.000 ns	      3928	80000f74	411206b3	sub	x13,x4,x17	  x4:0xffffffff x17:0x00000467 x13=0xfffffb98
      39315.000 ns	      3930	80000f78	28c18e53	fmin.s	f28,f3,f12	  f3:0x40000000 f12:0x7f800000 f28=0x40000000
      39345.000 ns	      3933	80000f7c	e0078dd3	fmv.x.w	x27,f15	 f15:0xffffffff x27=0xffffffff
      39375.000 ns	      3936	80000f80	a0698ad3	fle.s	x21,f19,f6	 f19:0x7f7fffff  f6:0x7fc00000 x21=0x00000000
      39405.000 ns	      3939	80000f84	f00d8453	fmv.w.x	f8,x27	 x27:0xffffffff  f8=0xffffffff
      39775.000 ns	      3976	80000f88	024476b3	remu	x13,x8,x4	  x8:0x40020812  x4:0xffffffff x13=0x40020812
      39795.000 ns	      3978	80000f8c	b9e33293	sltiu	x5,x6,-1122	  x6:0x8004166b  x5=0x00000001
      39805.000 ns	      3979	80000f90	41ac87b3	sub	x15,x25,x26	 x25:0x00000000 x26:0xffffff9f x15=0x00000061
      39815.000 ns	      3980	80000f94	41a45d33	sra	x26,x8,x26	  x8:0x40020812 x26:0xffffff9f x26=0x00000000
      39825.000 ns	      3981	80000f98	41775d93	srai	x27,x14,0x17	 x14:0x80041024 x27=0xffffff00
      39845.000 ns	      3983	80000f9c	e0009d53	fclass.s	x26,f1	  f1:0x00000000 x26=0x00000010
      39865.000 ns	      3985	80000fa0	01079193	slli	x3,x15,0x10	 x15:0x00000061  x3=0x00610000
      39875.000 ns	      3986	80000fa4	016a2233	slt	x4,x20,x22	 x20:0x00000001 x22:0x00000000  x4=0x00000000
      39915.000 ns	      3990	80000fa8	0186f8d3	fadd.s	f17,f13,f24	 f13:0x4cd6cc14 f24:0x7f7fffff f17=0x7f7fffff
      39945.000 ns	      3993	80000fac	03d370b3	remu	x1,x6,x29	  x6:0x8004166b x29:0x00000000  x1=0x8004166b
      39975.000 ns	      3996	80000fb0	280f11d3	fmax.s	f3,f30,f0	 f30:0xff800000  f0:0x41800000  f3=0x41800000
      40005.000 ns	      3999	80000fb4	a1408653	fle.s	x12,f1,f20	  f1:0x00000000 f20:0x80000000 x12=0x00000001
      40035.000 ns	      4002	80000fb8	21f690d3	fsgnjn.s	f1,f13,f31	 f13:0x4cd6cc14 f31:0x00000000  f1=0xccd6cc14
      40065.000 ns	      4005	80000fbc	d00e7e53	fcvt.s.w	f28,x28	 x28:0x00000001 f28=0x3f800000
      40085.000 ns	      4007	80000fc0	7668c393	xori	x7,x17,1894	 x17:0x00000467  x7=0x00000301
      40445.000 ns	      4043	80000fc4	0319e133	rem	x2,x19,x17	 x19:0x8004166b x17:0x00000467  x2=0xffffff72
      40465.000 ns	      4045	80000fc8	018731b3	sltu	x3,x14,x24	 x14:0x80041024 x24:0x00000000  x3=0x00000000
      40475.000 ns	      4046	80000fcc	ef612d13	slti	x26,x2,-266	  x2:0xffffff72 x26=0x00000000
      40495.000 ns	      4048	80000fd0	03482a33	mulhsu	x20,x16,x20	 x16:0x00000002 x20:0x00000001 x20=0x00000000
      40515.000 ns	      4050	80000fd4	0031d893	srli	x17,x3,0x3	  x3:0x00000000 x17=0x00000000
      40555.000 ns	      4054	80000fd8	0971f5d3	fsub.s	f11,f3,f23	  f3:0x41800000 f23:0xff800000 f11=0x7f800000
      40575.000 ns	      4056	80000fdc	01d8ad33	slt	x26,x17,x29	 x17:0x00000467 x29:0x00000000 x26=0x00000000
      40585.000 ns	      4057	80000fe0	01f59613	slli	x12,x11,0x1f	 x11:0x00000000 x12=0x00000000
      40595.000 ns	      4058	80000fe4	1b81c1b7	lui	x3,0x1b81c	  x3=0x1b81c000
      40605.000 ns	      4059	80000fe8	d2420e93	addi	x29,x4,-732	  x4:0x00000000 x29=0xfffffd24
      40625.000 ns	      4061	80000fec	03f19633	mulh	x12,x3,x31	  x3:0x00000000 x31:0x00000000 x12=0x00000000
      40645.000 ns	      4063	80000ff0	01900eb3	add	x29,x0,x25	  x0:0x00000000 x25:0x00000000 x29=0x00000000
      40665.000 ns	      4065	80000ff4	a0d20153	fle.s	x2,f4,f13	  f4:0xfeb4b4b6 f13:0x4cd6cc14  x2=0x00000001
      40695.000 ns	      4068	80000ff8	d01f72d3	fcvt.s.wu	f5,x30	 x30:0x7ffbe8a5  f5=0x4efff7d1
      40715.000 ns	      4070	80000ffc	013042b3	xor	x5,x0,x19	  x0:0x00000000 x19:0x8004166b  x5=0x8004166b
      40735.000 ns	      4072	80001000	c00ffa53	fcvt.w.s	x20,f31	 f31:0x00000000 x20=0x00000000
      40755.000 ns	      4074	80001004	00853133	sltu	x2,x10,x8	 x10:0xfffffbf4  x8:0x40020812  x2=0x00000000
      40775.000 ns	      4076	80001008	c01a0253	fcvt.wu.s	x4,f20	 f20:0x80000000  x4=0x00000000
      40795.000 ns	      4078	8000100c	41b301b3	sub	x3,x6,x27	  x6:0x8004166b x27:0xffffff00  x3=0x8004176b
      40835.000 ns	      4082	80001010	0947fed3	fsub.s	f29,f15,f20	 f15:0xffffffff f20:0x80000000 f29=0x7fc00000
      41205.000 ns	      4119	80001014	03ccc033	div	x0,x25,x28	 x25:0x00000000 x28:0x00000001
      41225.000 ns	      4121	80001018	00ad1213	slli	x4,x26,0xa	 x26:0x00000000  x4=0x00000000
      41235.000 ns	      4122	8000101c	2aacb093	sltiu	x1,x25,682	 x25:0x00000000  x1=0x00000001
      41255.000 ns	      4124	80001020	038de6b3	rem	x13,x27,x24	 x27:0xffffff00 x24:0x00000000 x13=0xffffff00
      41285.000 ns	      4127	80001024	c01c7f53	fcvt.wu.s	x30,f24	 f24:0x7f7fffff x30=0xffffffff
      41325.000 ns	      4131	80001028	11e47053	fmul.s	f0,f8,f30	  f8:0xffffffff f30:0xff800000  f0=0x7fc00000
      41355.000 ns	      4134	8000102c	218d25d3	fsgnjx.s	f11,f26,f24	 f26:0xffc00000 f24:0x7f7fffff f11=0xffc00000
      41375.000 ns	      4136	80001030	004f0a33	add	x20,x30,x4	 x30:0xffffffff  x4:0x00000000 x20=0xffffffff
      41405.000 ns	      4139	80001034	19bbfa53	fdiv.s	f20,f23,f27	 f23:0xff800000 f27:0x00000467 f20=0xff800000
      41425.000 ns	      4141	80001038	0090b8b3	sltu	x17,x1,x9	  x1:0x00000001  x9:0x00000000 x17=0x00000000
      41445.000 ns	      4143	8000103c	a0961a53	flt.s	x20,f12,f9	 f12:0x7f800000  f9:0xff7fffff x20=0x00000000
      41475.000 ns	      4146	80001040	d01b71d3	fcvt.s.wu	f3,x22	 x22:0x00000000  f3=0x00000000
      41495.000 ns	      4148	80001044	00f85113	srli	x2,x16,0xf	 x16:0x00000002  x2=0x00000000
      41515.000 ns	      4150	80001048	d00c19d3	fcvt.s.w	f19,x24	 x24:0x00000000 f19=0x00000000
      41535.000 ns	      4152	8000104c	5fe08213	addi	x4,x1,1534	  x1:0x00000001  x4=0x000005ff
      41555.000 ns	      4154	80001050	28e80d53	fmin.s	f26,f16,f14	 f16:0x7fc00000 f14:0xff7fffff f26=0xff7fffff
      41575.000 ns	      4156	80001054	0170cdb3	xor	x27,x1,x23	  x1:0x00000001 x23:0x00000000 x27=0x00000001
      41585.000 ns	      4157	80001058	00b62ab3	slt	x21,x12,x11	 x12:0x00000000 x11:0x00000000 x21=0x00000000
      41605.000 ns	      4159	8000105c	c0060d53	fcvt.w.s	x26,f12	 f12:0x7f800000 x26=0x7fffffff
      41635.000 ns	      4162	80001060	d00bf553	fcvt.s.w	f10,x23	 x23:0x00000000 f10=0x00000000
      41655.000 ns	      4164	80001064	01b3f3b3	and	x7,x7,x27	  x7:0x00000301 x27:0x00000001  x7=0x00000001
      41665.000 ns	      4165	80001068	eb943f17	auipc	x30,0xeb943	 x30=0x6b944068
      41675.000 ns	      4166	8000106c	00bb81b3	add	x3,x23,x11	 x23:0x00000000 x11:0x00000000  x3=0x00000000
      41685.000 ns	      4167	80001070	01d69413	slli	x8,x13,0x1d	 x13:0xffffff00  x8=0x00000000
      41705.000 ns	      4169	80001074	21e0a653	fsgnjx.s	f12,f1,f30	  f1:0xccd6cc14 f30:0xff800000 f12=0x4cd6cc14
      41755.000 ns	      4174	80001078	087005d3	fsub.s	f11,f0,f7	  f0:0x7fc00000  f7:0x00000000 f11=0x7fc00000
      41795.000 ns	      4178	8000107c	58077753	fsqrt.s	f14,f14	 f14:0xff7fffff f14=0x7fc00000
      41825.000 ns	      4181	80001080	03794433	div	x8,x18,x23	 x18:0x80040fe4 x23:0x00000000  x8=0xffffffff
      41845.000 ns	      4183	80001084	41c75cb3	sra	x25,x14,x28	 x14:0x80041024 x28:0x00000001 x25=0xc0020812
      41865.000 ns	      4185	80001088	022ac233	div	x4,x21,x2	 x21:0x00000000  x2:0x00000000  x4=0xffffffff
      41885.000 ns	      4187	8000108c	00eb09b3	add	x19,x22,x14	 x22:0x00000000 x14:0x80041024 x19=0x80041024
      41895.000 ns	      4188	80001090	a6dde693	ori	x13,x27,-1427	 x27:0x00000001 x13=0xfffffa6d
      41915.000 ns	      4190	80001094	02296a33	rem	x20,x18,x2	 x18:0x80040fe4  x2:0x00000000 x20=0x80040fe4
      41935.000 ns	      4192	80001098	000e8cb3	add	x25,x29,x0	 x29:0x00000000  x0:0x00000000 x25=0x00000000
      41955.000 ns	      4194	8000109c	206d0e53	fsgnj.s	f28,f26,f6	 f26:0xff7fffff  f6:0x7fc00000 f28=0x7f7fffff
      41995.000 ns	      4198	800010a0	1196c453	fmul.s	f8,f13,f25	 f13:0x4cd6cc14 f25:0x00000000  f8=0x00000000
      42015.000 ns	      4200	800010a4	a4a8b113	sltiu	x2,x17,-1462	 x17:0x00000000  x2=0x00000001
      42035.000 ns	      4202	800010a8	03358a33	mul	x20,x11,x19	 x11:0x00000000 x19:0x80041024 x20=0x00000000
      42075.000 ns	      4206	800010ac	580d7353	fsqrt.s	f6,f26	 f26:0xff7fffff  f6=0x7fc00000
      42105.000 ns	      4209	800010b0	291e18d3	fmax.s	f17,f28,f17	 f28:0x7f7fffff f17:0x7f7fffff f17=0x7f7fffff
      42125.000 ns	      4211	800010b4	414ed533	sra	x10,x29,x20	 x29:0x00000000 x20:0x00000000 x10=0x00000000
      42145.000 ns	      4213	800010b8	206ea6d3	fsgnjx.s	f13,f29,f6	 f29:0x7fc00000  f6:0x7fc00000 f13=0x7fc00000
      42165.000 ns	      4215	800010bc	09387013	andi	x0,x16,147	 x16:0x00000002
      42185.000 ns	      4217	800010c0	a1392a53	feq.s	x20,f18,f19	 f18:0x4cd6cc14 f19:0x00000000 x20=0x00000000
      42215.000 ns	      4220	800010c4	2095ae53	fsgnjx.s	f28,f11,f9	 f11:0x7fc00000  f9:0xff7fffff f28=0xffc00000
      42585.000 ns	      4257	800010c8	0325cdb3	div	x27,x11,x18	 x11:0x00000000 x18:0x80040fe4 x27=0x00000000
      42625.000 ns	      4261	800010cc	580e7dd3	fsqrt.s	f27,f28	 f28:0xffc00000 f27=0x7fc00000
      42655.000 ns	      4264	800010d0	02278c33	mul	x24,x15,x2	 x15:0x00000061  x2:0x00000001 x24=0x00000061
      42685.000 ns	      4267	800010d4	204c2453	fsgnjx.s	f8,f24,f4	 f24:0x7f7fffff  f4:0xfeb4b4b6  f8=0xff7fffff
      42705.000 ns	      4269	800010d8	86fba313	slti	x6,x23,-1937	 x23:0x00000000  x6=0x00000000
      42715.000 ns	      4270	800010dc	330c0e93	addi	x29,x24,816	 x24:0x00000061 x29=0x00000391
      42755.000 ns	      4274	800010e0	00eff6d3	fadd.s	f13,f31,f14	 f31:0x00000000 f14:0x7fc00000 f13=0x7fc00000
      42785.000 ns	      4277	800010e4	a0de16d3	flt.s	x13,f28,f13	 f28:0xffc00000 f13:0x7fc00000 x13=0x00000000
      42815.000 ns	      4280	800010e8	29f11cd3	fmax.s	f25,f2,f31	  f2:0xbf350482 f31:0x00000000 f25=0x00000000
      42835.000 ns	      4282	800010ec	007b57b3	srl	x15,x22,x7	 x22:0x00000000  x7:0x00000001 x15=0x00000000
      43195.000 ns	      4318	800010f0	03a76c33	rem	x24,x14,x26	 x14:0x80041024 x26:0x7fffffff x24=0x80041024
      43565.000 ns	      4355	800010f4	0332f8b3	remu	x17,x5,x19	  x5:0x8004166b x19:0x80041024 x17=0x00000647
      43595.000 ns	      4358	800010f8	d01475d3	fcvt.s.wu	f11,x8	  x8:0xffffffff f11=0x4f7fffff
      43625.000 ns	      4361	800010fc	29b38ed3	fmin.s	f29,f7,f27	  f7:0x00000000 f27:0x7fc00000 f29=0x00000000
      43995.000 ns	      4398	80001100	024ce133	rem	x2,x25,x4	 x25:0x00000000  x4:0xffffffff  x2=0x00000000
      44015.000 ns	      4400	80001104	01e9d093	srli	x1,x19,0x1e	 x19:0x80041024  x1=0x00000002
      44025.000 ns	      4401	80001108	01cba7b3	slt	x15,x23,x28	 x23:0x00000000 x28:0x00000001 x15=0x00000001
      44035.000 ns	      4402	8000110c	00a336b3	sltu	x13,x6,x10	  x6:0x00000000 x10:0x00000000 x13=0x00000000
      44045.000 ns	      4403	80001110	00409a93	slli	x21,x1,0x4	  x1:0x00000002 x21=0x00000020
      44065.000 ns	      4405	80001114	03db29b3	mulhsu	x19,x22,x29	 x22:0x00000000 x29:0x00000391 x19=0x00000000
      44095.000 ns	      4408	80001118	d01dfdd3	fcvt.s.wu	f27,x27	 x27:0x00000000 f27=0x00000000
      44125.000 ns	      4411	8000111c	c0169253	fcvt.wu.s	x4,f13	 f13:0x7fc00000  x4=0xffffffff
      44145.000 ns	      4413	80001120	540ff697	auipc	x13,0x540ff	 x13=0xd4100120
      44165.000 ns	      4415	80001124	c007ff53	fcvt.w.s	x30,f15	 f15:0xffffffff x30=0x7fffffff
      44535.000 ns	      4452	80001128	03d75c33	divu	x24,x14,x29	 x14:0x80041024 x29:0x00000391 x24=0x0023e519
      44555.000 ns	      4454	8000112c	00133533	sltu	x10,x6,x1	  x6:0x00000000  x1:0x00000002 x10=0x00000001
      44575.000 ns	      4456	80001130	03b38c33	mul	x24,x7,x27	  x7:0x00000001 x27:0x00000000 x24=0x00000000
      44595.000 ns	      4458	80001134	00e573b3	and	x7,x10,x14	 x10:0x00000000 x14:0x80041024  x7=0x00000000
      44615.000 ns	      4460	80001138	a171a453	feq.s	x8,f3,f23	  f3:0x00000000 f23:0xff800000  x8=0x00000000
      44645.000 ns	      4463	8000113c	038dd233	divu	x4,x27,x24	 x27:0x00000000 x24:0x00000000  x4=0xffffffff
      44665.000 ns	      4465	80001140	0a265e97	auipc	x29,0xa265	 x29=0x8a266140
      44685.000 ns	      4467	80001144	027968b3	rem	x17,x18,x7	 x18:0x80040fe4  x7:0x00000000 x17=0x80040fe4
      44705.000 ns	      4469	80001148	00000013	addi	x0,x0,0	  x0:0x00000000
      44715.000 ns	      4470	8000114c	93b8b113	sltiu	x2,x17,-1733	 x17:0x80040fe4  x2=0x00000001
      44755.000 ns	      4474	80001150	00d875d3	fadd.s	f11,f16,f13	 f16:0x7fc00000 f13:0x7fc00000 f11=0x7fc00000
      44775.000 ns	      4476	80001154	00700233	add	x4,x0,x7	  x0:0x00000000  x7:0x00000000  x4=0x00000000
      45135.000 ns	      4512	80001158	031e41b3	div	x3,x28,x17	 x28:0x00000001 x17:0x80040fe4  x3=0x00000000
      45165.000 ns	      4515	8000115c	d01a94d3	fcvt.s.wu	f9,x21	 x21:0x00000020  f9=0x42000000
      45195.000 ns	      4518	80001160	293a12d3	fmax.s	f5,f20,f19	 f20:0xff800000 f19:0x00000000  f5=0x00000000
      45225.000 ns	      4521	80001164	f00a8f53	fmv.w.x	f30,x21	 x21:0x00000020 f30=0x00000020
      45245.000 ns	      4523	80001168	00092fb3	slt	x31,x18,x0	 x18:0x80040fe4  x0:0x00000000 x31=0x00000001
      45265.000 ns	      4525	8000116c	c010fb53	fcvt.wu.s	x22,f1	  f1:0xccd6cc14 x22=0x06b660a0
      45295.000 ns	      4528	80001170	209f9e53	fsgnjn.s	f28,f31,f9	 f31:0x00000000  f9:0x42000000 f28=0x80000000
      45315.000 ns	      4530	80001174	00285e13	srli	x28,x16,0x2	 x16:0x00000002 x28=0x00000000
      45325.000 ns	      4531	80001178	00801993	slli	x19,x0,0x8	  x0:0x00000000 x19=0x00000000
      45345.000 ns	      4533	8000117c	e00289d3	fmv.x.w	x19,f5	  f5:0x00000000 x19=0x00000000
      45365.000 ns	      4535	80001180	014357b3	srl	x15,x6,x20	  x6:0x00000000 x20:0x00000000 x15=0x00000000
      45375.000 ns	      4536	80001184	8dda8993	addi	x19,x21,-1827	 x21:0x00000020 x19=0xfffff8fd
      45385.000 ns	      4537	80001188	0127c9b3	xor	x19,x15,x18	 x15:0x00000001 x18:0x80040fe4 x19=0x80040fe4
      45395.000 ns	      4538	8000118c	000b3eb3	sltu	x29,x22,x0	 x22:0x06b660a0  x0:0x00000000 x29=0x00000000
      45415.000 ns	      4540	80001190	a05b1ed3	flt.s	x29,f22,f5	 f22:0xff800000  f5:0x00000000 x29=0x00000001
      45435.000 ns	      4542	80001194	d4947b13	andi	x22,x8,-695	  x8:0x00000000 x22=0x00000000
      45455.000 ns	      4544	80001198	e0038253	fmv.x.w	x4,f7	  f7:0x00000000  x4=0x00000000
      45475.000 ns	      4546	8000119c	00000013	addi	x0,x0,0	  x0:0x00000000
      45495.000 ns	      4548	800011a0	2190a953	fsgnjx.s	f18,f1,f25	  f1:0xccd6cc14 f25:0x00000000 f18=0xccd6cc14
      45525.000 ns	      4551	800011a4	02748c33	mul	x24,x9,x7	  x9:0x00000000  x7:0x00000000 x24=0x00000000
      45545.000 ns	      4553	800011a8	012d1a13	slli	x20,x26,0x12	 x26:0x7fffffff x20=0xfffc0000
      45555.000 ns	      4554	800011ac	5fd8b013	sltiu	x0,x17,1533	 x17:0x80040fe4
      45565.000 ns	      4555	800011b0	007fdd93	srli	x27,x31,0x7	 x31:0x00000001 x27=0x00000000
      45575.000 ns	      4556	800011b4	d1848613	addi	x12,x9,-744	  x9:0x00000000 x12=0xfffffd18
      45595.000 ns	      4558	800011b8	03db3433	mulhu	x8,x22,x29	 x22:0x00000000 x29:0x00000001  x8=0x00000000
      45625.000 ns	      4561	800011bc	21702dd3	fsgnjx.s	f27,f0,f23	  f0:0x7fc00000 f23:0xff800000 f27=0xffc00000
      45645.000 ns	      4563	800011c0	60f9c193	xori	x3,x19,1551	 x19:0x80040fe4  x3=0x800409eb
      45665.000 ns	      4565	800011c4	210b8fd3	fsgnj.s	f31,f23,f16	 f23:0xff800000 f16:0x7fc00000 f31=0x7f800000
      45685.000 ns	      4567	800011c8	016ef233	and	x4,x29,x22	 x29:0x00000001 x22:0x00000000  x4=0x00000000
      45695.000 ns	      4568	800011cc	00579533	sll	x10,x15,x5	 x15:0x00000000  x5:0x8004166b x10=0x00000000
      45715.000 ns	      4570	800011d0	21e80dd3	fsgnj.s	f27,f16,f30	 f16:0x7fc00000 f30:0x00000020 f27=0x7fc00000
      45735.000 ns	      4572	800011d4	00000013	addi	x0,x0,0	  x0:0x00000000
      45755.000 ns	      4574	800011d8	29a79bd3	fmax.s	f23,f15,f26	 f15:0xffffffff f26:0xff7fffff f23=0xff7fffff
      45775.000 ns	      4576	800011dc	622ee513	ori	x10,x29,1570	 x29:0x00000001 x10=0x00000623
      45785.000 ns	      4577	800011e0	98763513	sltiu	x10,x12,-1657	 x12:0xfffffd18 x10=0x00000000
      45795.000 ns	      4578	800011e4	11573c13	sltiu	x24,x14,277	 x14:0x80041024 x24=0x00000000
      45805.000 ns	      4579	800011e8	57d22cb7	lui	x25,0x57d22	 x25=0x57d22000
      45815.000 ns	      4580	800011ec	015734b3	sltu	x9,x14,x21	 x14:0x80041024 x21:0x00000020  x9=0x00000000
      45835.000 ns	      4582	800011f0	f00a8f53	fmv.w.x	f30,x21	 x21:0x00000020 f30=0x00000020
      45855.000 ns	      4584	800011f4	00335c13	srli	x24,x6,0x3	  x6:0x00000000 x24=0x00000000
      45875.000 ns	      4586	800011f8	a196a4d3	feq.s	x9,f13,f25	 f13:0x7fc00000 f25:0x00000000  x9=0x00000000
      45905.000 ns	      4589	800011fc	28648853	fmin.s	f16,f9,f6	  f9:0x42000000  f6:0x7fc00000 f16=0x42000000
      45925.000 ns	      4591	80001200	402ad0b3	sra	x1,x21,x2	 x21:0x00000020  x2:0x00000001  x1=0x00000010
      45935.000 ns	      4592	80001204	0127de13	srli	x28,x15,0x12	 x15:0x00000000 x28=0x00000000
      45975.000 ns	      4596	80001208	08753953	fsub.s	f18,f10,f7	 f10:0x00000000  f7:0x00000000 f18=0x80000000
      46005.000 ns	      4599	8000120c	e00b96d3	fclass.s	x13,f23	 f23:0xff7fffff x13=0x00000002
      46035.000 ns	      4602	80001210	28c78e53	fmin.s	f28,f15,f12	 f15:0xffffffff f12:0x4cd6cc14 f28=0x4cd6cc14
      46065.000 ns	      4605	80001214	f0060e53	fmv.w.x	f28,x12	 x12:0xfffffd18 f28=0xfffffd18
      46095.000 ns	      4608	80001218	f00e8ed3	fmv.w.x	f29,x29	 x29:0x00000001 f29=0x00000001
      46135.000 ns	      4612	8000121c	58057453	fsqrt.s	f8,f10	 f10:0x00000000  f8=0x00000000
      46165.000 ns	      4615	80001220	21812fd3	fsgnjx.s	f31,f2,f24	  f2:0xbf350482 f24:0x7f7fffff f31=0xbf350482
      46185.000 ns	      4617	80001224	8b92ac93	slti	x25,x5,-1863	  x5:0x8004166b x25=0x00000001
      46195.000 ns	      4618	80001228	012f7c33	and	x24,x30,x18	 x30:0x7fffffff x18:0x80040fe4 x24=0x00040fe4
      46205.000 ns	      4619	8000122c	00df1513	slli	x10,x30,0xd	 x30:0x7fffffff x10=0xffffe000
      46215.000 ns	      4620	80001230	00f328b3	slt	x17,x6,x15	  x6:0x00000000 x15:0x00000000 x17=0x00000000
      46235.000 ns	      4622	80001234	285007d3	fmin.s	f15,f0,f5	  f0:0x7fc00000  f5:0x00000000 f15=0x00000000
      46255.000 ns	      4624	80001238	8b98bb93	sltiu	x23,x17,-1863	 x17:0x80040fe4 x23=0x00000001
      46275.000 ns	      4626	8000123c	20992dd3	fsgnjx.s	f27,f18,f9	 f18:0x80000000  f9:0x42000000 f27=0x80000000
      46295.000 ns	      4628	80001240	01ddf5b3	and	x11,x27,x29	 x27:0x00000000 x29:0x00000001 x11=0x00000000
      46625.000 ns	      4661	80001244	19ef7453	fdiv.s	f8,f30,f30	 f30:0x00000020 f30:0x00000020  f8=0x3634b4b7
      46645.000 ns	      4663	80001248	41e3d013	srai	x0,x7,0x1e	  x7:0x00000000
      47005.000 ns	      4699	8000124c	03f6c6b3	div	x13,x13,x31	 x13:0x00000002 x31:0x00000001 x13=0x00000002
      47035.000 ns	      4702	80001250	f00d8853	fmv.w.x	f16,x27	 x27:0x00000000 f16=0x00000000
      47075.000 ns	      4706	80001254	18b9b953	fdiv.s	f18,f19,f11	 f19:0x00000000 f11:0x7fc00000 f18=0x7fc00000
      47095.000 ns	      4708	80001258	b5770d93	addi	x27,x14,-1193	 x14:0x80041024 x27=0x80040b7b
      47125.000 ns	      4711	8000125c	10fc2953	fmul.s	f18,f24,f15	 f24:0x7f7fffff f15:0x00000000 f18=0x00000000
      47155.000 ns	      4714	80001260	d01df553	fcvt.s.wu	f10,x27	 x27:0x00000000 f10=0x4f00040b
      47185.000 ns	      4717	80001264	d006fd53	fcvt.s.w	f26,x13	 x13:0x00000002 f26=0x40000000
      47215.000 ns	      4720	80001268	02092233	mulhsu	x4,x18,x0	 x18:0x80040fe4  x0:0x00000000  x4=0x00000000
      47245.000 ns	      4723	8000126c	a1300e53	fle.s	x28,f0,f19	  f0:0x7fc00000 f19:0x00000000 x28=0x00000000
      47265.000 ns	      4725	80001270	00a51033	sll	x0,x10,x10	 x10:0xffffe000 x10:0xffffe000
      47275.000 ns	      4726	80001274	93d226b7	lui	x13,0x93d22	 x13=0x93d22000
      47295.000 ns	      4728	80001278	c00f8d53	fcvt.w.s	x26,f31	 f31:0xbf350482 x26=0xffffffff
      47315.000 ns	      4730	8000127c	008a45b3	xor	x11,x20,x8	 x20:0xfffc0000  x8:0x00000000 x11=0xfffc0000
      47325.000 ns	      4731	80001280	018b4d33	xor	x26,x22,x24	 x22:0x00000000 x24:0x00040fe4 x26=0x00040fe4
      47345.000 ns	      4733	80001284	02c40ab3	mul	x21,x8,x12	  x8:0x00000000 x12:0xfffffd18 x21=0x00000000
      47375.000 ns	      4736	80001288	02f1f7b3	remu	x15,x3,x15	  x3:0x800409eb x15:0x00000000 x15=0x800409eb
      47405.000 ns	      4739	8000128c	208180d3	fsgnj.s	f1,f3,f8	  f3:0x00000000  f8:0x3634b4b7  f1=0x00000000
      47445.000 ns	      4743	80001290	58074353	fsqrt.s	f6,f14	 f14:0x7fc00000  f6=0x7fc00000
      47475.000 ns	      4746	80001294	29ce10d3	fmax.s	f1,f28,f28	 f28:0xfffffd18 f28:0xfffffd18  f1=0x7fc00000
      47515.000 ns	      4750	80001298	111af653	fmul.s	f12,f21,f17	 f21:0x807786ee f17:0x7f7fffff f12=0xc06f0ddc
      47535.000 ns	      4752	8000129c	404d5db3	sra	x27,x26,x4	 x26:0x00040fe4  x4:0x00000000 x27=0x00040fe4
      47895.000 ns	      4788	800012a0	02e643b3	div	x7,x12,x14	 x12:0xfffffd18 x14:0x80041024  x7=0x00000000
      47925.000 ns	      4791	800012a4	d01b7e53	fcvt.s.wu	f28,x22	 x22:0x00000000 f28=0x00000000
      47945.000 ns	      4793	800012a8	c1d78f13	addi	x30,x15,-995	 x15:0x800409eb x30=0x80040608
      47965.000 ns	      4795	800012ac	02712d33	mulhsu	x26,x2,x7	  x2:0x00000001  x7:0x00000000 x26=0x00000000
      47985.000 ns	      4797	800012b0	011a9593	slli	x11,x21,0x11	 x21:0x00000000 x11=0x00000000
      47995.000 ns	      4798	800012b4	3ade6b13	ori	x22,x28,941	 x28:0x00000000 x22=0x000003ad
      48015.000 ns	      4800	800012b8	21bc2e53	fsgnjx.s	f28,f24,f27	 f24:0x7f7fffff f27:0x80000000 f28=0xff7fffff
      48035.000 ns	      4802	800012bc	414a5b13	srai	x22,x20,0x14	 x20:0xfffc0000 x22=0xffffffff
      48045.000 ns	      4803	800012c0	70386293	ori	x5,x16,1795	 x16:0x00000002  x5=0x00000703
      48065.000 ns	      4805	800012c4	0371a633	mulhsu	x12,x3,x23	  x3:0x800409eb x23:0x00000001 x12=0xffffffff
      48085.000 ns	      4807	800012c8	00aeb0b3	sltu	x1,x29,x10	 x29:0x00000001 x10:0xffffe000  x1=0x00000001
      48095.000 ns	      4808	800012cc	01c30333	add	x6,x6,x28	  x6:0x00000000 x28:0x00000000  x6=0x00000000
      48115.000 ns	      4810	800012d0	a1c403d3	fle.s	x7,f8,f28	  f8:0x3634b4b7 f28:0xff7fffff  x7=0x00000000
      48145.000 ns	      4813	800012d4	28411353	fmax.s	f6,f2,f4	  f2:0xbf350482  f4:0xfeb4b4b6  f6=0xbf350482
      48165.000 ns	      4815	800012d8	00659233	sll	x4,x11,x6	 x11:0x00000000  x6:0x00000000  x4=0x00000000
      48175.000 ns	      4816	800012dc	0170a633	slt	x12,x1,x23	  x1:0x00000001 x23:0x00000001 x12=0x00000000
      48185.000 ns	      4817	800012e0	4c84f093	andi	x1,x9,1224	  x9:0x00000000  x1=0x00000000
      48195.000 ns	      4818	800012e4	a158cf13	xori	x30,x17,-1515	 x17:0x00000000 x30=0xfffffa15
      48205.000 ns	      4819	800012e8	412bd993	srai	x19,x23,0x12	 x23:0x00000001 x19=0x00000000
      48215.000 ns	      4820	800012ec	66711517	auipc	x10,0x66711	 x10=0xe67122ec
      48255.000 ns	      4824	800012f0	013c71d3	fadd.s	f3,f24,f19	 f24:0x7f7fffff f19:0x00000000  f3=0x7f7fffff
      48295.000 ns	      4828	800012f4	10cfb153	fmul.s	f2,f31,f12	 f31:0xbf350482 f12:0xc06f0ddc  f2=0x40290903
      48315.000 ns	      4830	800012f8	fc5b2eb7	lui	x29,0xfc5b2	 x29=0xfc5b2000
      48325.000 ns	      4831	800012fc	005be2b3	or	x5,x23,x5	 x23:0x00000001  x5:0x00000703  x5=0x00000703
      48345.000 ns	      4833	80001300	28b18353	fmin.s	f6,f3,f11	  f3:0x7f7fffff f11:0x7fc00000  f6=0x7f7fffff
      48375.000 ns	      4836	80001304	03a883b3	mul	x7,x17,x26	 x17:0x00000000 x26:0x00000000  x7=0x00000000
      48395.000 ns	      4838	80001308	de53fd93	andi	x27,x7,-539	  x7:0x00000000 x27=0x00000000
      48405.000 ns	      4839	8000130c	00000013	addi	x0,x0,0	  x0:0x00000000
      48415.000 ns	      4840	80001310	ba6cee13	ori	x28,x25,-1114	 x25:0x00000001 x28=0xfffffba7
      48425.000 ns	      4841	80001314	414c85b3	sub	x11,x25,x20	 x25:0x00000001 x20:0xfffc0000 x11=0x00040001
      48435.000 ns	      4842	80001318	9a1acd93	xori	x27,x21,-1631	 x21:0x00000000 x27=0xfffff9a1
      48455.000 ns	      4844	8000131c	214481d3	fsgnj.s	f3,f9,f20	  f9:0x42000000 f20:0xff800000  f3=0xc2000000
      48485.000 ns	      4847	80001320	02cccc33	div	x24,x25,x12	 x25:0x00000001 x12:0x00000000 x24=0xffffffff
      48515.000 ns	      4850	80001324	28261c53	fmax.s	f24,f12,f2	 f12:0xc06f0ddc  f2:0x40290903 f24=0x40290903
      48545.000 ns	      4853	80001328	020f83b3	mul	x7,x31,x0	 x31:0x00000001  x0:0x00000000  x7=0x00000000
      48575.000 ns	      4856	8000132c	d000a5d3	fcvt.s.w	f11,x1	  x1:0x00000000 f11=0x00000000
      48595.000 ns	      4858	80001330	a3f07193	andi	x3,x0,-1473	  x0:0x00000000  x3=0x00000000
      48955.000 ns	      4894	80001334	02b7f433	remu	x8,x15,x11	 x15:0x800409eb x11:0x00040001  x8=0x0003e9eb
      48975.000 ns	      4896	80001338	8ad48d37	lui	x26,0x8ad48	 x26=0x8ad48000
      48985.000 ns	      4897	8000133c	0120cb33	xor	x22,x1,x18	  x1:0x00000000 x18:0x80040fe4 x22=0x80040fe4
      48995.000 ns	      4898	80001340	ba443513	sltiu	x10,x8,-1116	  x8:0x0003e9eb x10=0x00000001
      49355.000 ns	      4934	80001344	0384d133	divu	x2,x9,x24	  x9:0x00000000 x24:0xffffffff  x2=0x00000000
      49375.000 ns	      4936	80001348	01151c33	sll	x24,x10,x17	 x10:0xe67122ec x17:0x00000000 x24=0x00000001
      49415.000 ns	      4940	8000134c	00d233d3	fadd.s	f7,f4,f13	  f4:0xfeb4b4b6 f13:0x7fc00000  f7=0x7fc00000
      49445.000 ns	      4943	80001350	a1ae80d3	fle.s	x1,f29,f26	 f29:0x00000001 f26:0x40000000  x1=0x00000001
      49485.000 ns	      4947	80001354	580ff7d3	fsqrt.s	f15,f31	 f31:0xbf350482 f15=0x7fc00000
      49505.000 ns	      4949	80001358	40a9d7b3	sra	x15,x19,x10	 x19:0x00000000 x10:0x00000001 x15=0x00000000
      49525.000 ns	      4951	8000135c	03dc2533	mulhsu	x10,x24,x29	 x24:0x00000001 x29:0xfc5b2000 x10=0x00000000
      49555.000 ns	      4954	80001360	02da2a33	mulhsu	x20,x20,x13	 x20:0xfffc0000 x13:0x93d22000 x20=0xfffdb0b7
      49575.000 ns	      4956	80001364	41c2de13	srai	x28,x5,0x1c	  x5:0x00000703 x28=0x00000000
      49595.000 ns	      4958	80001368	28ae9953	fmax.s	f18,f29,f10	 f29:0x00000001 f10:0x4f00040b f18=0x4f00040b
      49625.000 ns	      4961	8000136c	d00f7853	fcvt.s.w	f16,x30	 x30:0xfffffa15 f16=0xc4bd6000
      49645.000 ns	      4963	80001370	dd2fc593	xori	x11,x31,-558	 x31:0x00000001 x11=0xfffffdd3
      49665.000 ns	      4965	80001374	d00ff553	fcvt.s.w	f10,x31	 x31:0x00000001 f10=0x3f800000
      49695.000 ns	      4968	80001378	d006f953	fcvt.s.w	f18,x13	 x13:0x93d22000 f18=0xced85bc0
      49725.000 ns	      4971	8000137c	a03f2653	feq.s	x12,f30,f3	 f30:0x00000020  f3:0xc2000000 x12=0x00000000
      49745.000 ns	      4973	80001380	48a57893	andi	x17,x10,1162	 x10:0x00000000 x17=0x00000000
      49775.000 ns	      4976	80001384	11bd9d53	fmul.s	f26,f27,f27	 f27:0x80000000 f27:0x80000000 f26=0x00000000
      49805.000 ns	      4979	80001388	c01040d3	fcvt.wu.s	x1,f0	  f0:0x7fc00000  x1=0xffffffff
      49835.000 ns	      4982	8000138c	02eaaeb3	mulhsu	x29,x21,x14	 x21:0x00000000 x14:0x80041024 x29=0x00000000
      49865.000 ns	      4985	80001390	03452533	mulhsu	x10,x10,x20	 x10:0x00000000 x20:0xfffdb0b7 x10=0x00000000
      49895.000 ns	      4988	80001394	d00a79d3	fcvt.s.w	f19,x20	 x20:0xfffdb0b7 f19=0xc813d240
      49925.000 ns	      4991	80001398	c00116d3	fcvt.w.s	x13,f2	  f2:0x40290903 x13=0x00000002
      49955.000 ns	      4994	8000139c	d00d1553	fcvt.s.w	f10,x26	 x26:0x8ad48000 f10=0xceea5700
      49985.000 ns	      4997	800013a0	201bab53	fsgnjx.s	f22,f23,f1	 f23:0xff7fffff  f1:0x7fc00000 f22=0xff7fffff
      50005.000 ns	      4999	800013a4	2d5c0a93	addi	x21,x24,725	 x24:0x00000001 x21=0x000002d6
      50015.000 ns	      5000	800013a8	68027f13	andi	x30,x4,1664	  x4:0x00000000 x30=0x00000000
      50055.000 ns	      5004	800013ac	09ee7ed3	fsub.s	f29,f28,f30	 f28:0xff7fffff f30:0x00000020 f29=0xff7fffff
      50085.000 ns	      5007	800013b0	20580cd3	fsgnj.s	f25,f16,f5	 f16:0xc4bd6000  f5:0x00000000 f25=0x44bd6000
      50105.000 ns	      5009	800013b4	013df233	and	x4,x27,x19	 x27:0xfffff9a1 x19:0x00000000  x4=0x00000000
      50115.000 ns	      5010	800013b8	fc6e8793	addi	x15,x29,-58	 x29:0x00000000 x15=0xffffffc6
      50135.000 ns	      5012	800013bc	d00a7cd3	fcvt.s.w	f25,x20	 x20:0xfffdb0b7 f25=0xc813d240
      50165.000 ns	      5015	800013c0	02917fb3	remu	x31,x2,x9	  x2:0x00000000  x9:0x00000000 x31=0x00000000
      50195.000 ns	      5018	800013c4	e00f0a53	fmv.x.w	x20,f30	 f30:0x00000020 x20=0x00000020
      50225.000 ns	      5021	800013c8	02485b33	divu	x22,x16,x4	 x16:0x00000002  x4:0x00000000 x22=0xffffffff
      50275.000 ns	      5026	800013cc	09c7f0d3	fsub.s	f1,f15,f28	 f15:0x7fc00000 f28:0xff7fffff  f1=0x7fc00000
      51455.000 ns	      5144	800013d0	580372d3	fsqrt.s	f5,f6	  f6:0x7f7fffff  f5=0x5f350461
      51485.000 ns	      5147	800013d4	c0077ed3	fcvt.w.s	x29,f14	 f14:0x7fc00000 x29=0x7fffffff
      51515.000 ns	      5150	800013d8	031985b3	mul	x11,x19,x17	 x19:0x00000000 x17:0x00000000 x11=0x00000000
      51535.000 ns	      5152	800013dc	2bb7f013	andi	x0,x15,699	 x15:0xffffffc6
      51575.000 ns	      5156	800013e0	09a172d3	fsub.s	f5,f2,f26	  f2:0x40290903 f26:0x00000000  f5=0x40290903
      51595.000 ns	      5158	800013e4	00e26433	or	x8,x4,x14	  x4:0x00000000 x14:0x80041024  x8=0x80041024
      51615.000 ns	      5160	800013e8	28b89fd3	fmax.s	f31,f17,f11	 f17:0x7f7fffff f11:0x00000000 f31=0x7f7fffff
      51665.000 ns	      5165	800013ec	01797a53	fadd.s	f20,f18,f23	 f18:0xced85bc0 f23:0xff7fffff f20=0xff7fffff
      51685.000 ns	      5167	800013f0	015facb3	slt	x25,x31,x21	 x31:0x00000000 x21:0x000002d6 x25=0x00000001
      51705.000 ns	      5169	800013f4	039c30b3	mulhu	x1,x24,x25	 x24:0x00000001 x25:0x00000001  x1=0x00000000
      51735.000 ns	      5172	800013f8	02902cb3	mulhsu	x25,x0,x9	  x0:0x00000000  x9:0x00000000 x25=0x00000000
      51765.000 ns	      5175	800013fc	e00384d3	fmv.x.w	x9,f7	  f7:0x7fc00000  x9=0x7fc00000
      51795.000 ns	      5178	80001400	a08027d3	feq.s	x15,f0,f8	  f0:0x7fc00000  f8:0x3634b4b7 x15=0x00000000
      51815.000 ns	      5180	80001404	8c432e13	slti	x28,x6,-1852	  x6:0x00000000 x28=0x00000000
      51835.000 ns	      5182	80001408	207d2a53	fsgnjx.s	f20,f26,f7	 f26:0x00000000  f7:0x7fc00000 f20=0x00000000
      51865.000 ns	      5185	8000140c	03fcdbb3	divu	x23,x25,x31	 x25:0x00000000 x31:0x00000000 x23=0xffffffff
      51885.000 ns	      5187	80001410	f440ba93	sltiu	x21,x1,-188	  x1:0x00000000 x21=0x00000001
      51905.000 ns	      5189	80001414	e0028453	fmv.x.w	x8,f5	  f5:0x40290903  x8=0x40290903
      51945.000 ns	      5193	80001418	580cf2d3	fsqrt.s	f5,f25	 f25:0xc813d240  f5=0x7fc00000
      51975.000 ns	      5196	8000141c	f0018fd3	fmv.w.x	f31,x3	  x3:0x00000000 f31=0x00000000
      51995.000 ns	      5198	80001420	010c3d33	sltu	x26,x24,x16	 x24:0x00000001 x16:0x00000002 x26=0x00000001
      52005.000 ns	      5199	80001424	005f5013	srli	x0,x30,0x5	 x30:0x00000000
      52025.000 ns	      5201	80001428	03c69eb3	mulh	x29,x13,x28	 x13:0x00000002 x28:0x00000000 x29=0x00000000
      52045.000 ns	      5203	8000142c	740f9997	auipc	x19,0x740f9	 x19=0xf40fa42c
      52065.000 ns	      5205	80001430	2136acd3	fsgnjx.s	f25,f13,f19	 f13:0x7fc00000 f19:0xc813d240 f25=0xffc00000
      52085.000 ns	      5207	80001434	4158d1b3	sra	x3,x17,x21	 x17:0x00000000 x21:0x00000001  x3=0x00000000
      52105.000 ns	      5209	80001438	a0168053	fle.s	x0,f13,f1	 f13:0x7fc00000  f1:0x7fc00000
      52125.000 ns	      5211	8000143c	c7e20a93	addi	x21,x4,-898	  x4:0x00000000 x21=0xfffffc7e
      52135.000 ns	      5212	80001440	403c8c33	sub	x24,x25,x3	 x25:0x00000000  x3:0x00000000 x24=0x00000000
      52155.000 ns	      5214	80001444	d01286d3	fcvt.s.wu	f13,x5	  x5:0x00000703 f13=0x44e06000
      52205.000 ns	      5219	80001448	019ff653	fadd.s	f12,f31,f25	 f31:0x00000000 f25:0xffc00000 f12=0x7fc00000
      52255.000 ns	      5224	8000144c	09067a53	fsub.s	f20,f12,f16	 f12:0xc06f0ddc f16:0xc4bd6000 f20=0x7fc00000
      52275.000 ns	      5226	80001450	01ae5113	srli	x2,x28,0x1a	 x28:0x00000000  x2=0x00000000
      52285.000 ns	      5227	80001454	00191193	slli	x3,x18,0x1	 x18:0x80040fe4  x3=0x00081fc8
      52295.000 ns	      5228	80001458	1e0f4613	xori	x12,x30,480	 x30:0x00000000 x12=0x000001e0
      52315.000 ns	      5230	8000145c	03a53f33	mulhu	x30,x10,x26	 x10:0x00000000 x26:0x00000001 x30=0x00000000
      52355.000 ns	      5234	80001460	580285d3	fsqrt.s	f11,f5	  f5:0x7fc00000 f11=0x7fc00000
      52385.000 ns	      5237	80001464	a06f1c53	flt.s	x24,f30,f6	 f30:0x00000020  f6:0x7f7fffff x24=0x00000001
      52405.000 ns	      5239	80001468	01b1a5b3	slt	x11,x3,x27	  x3:0x00081fc8 x27:0xfffff9a1 x11=0x00000000
      52415.000 ns	      5240	8000146c	113b0113	addi	x2,x22,275	 x22:0xffffffff  x2=0x00000112
      52425.000 ns	      5241	80001470	ed753113	sltiu	x2,x10,-297	 x10:0x00000000  x2=0x00000001
      52435.000 ns	      5242	80001474	0fd14293	xori	x5,x2,253	  x2:0x00000000  x5=0x000000fc
      52445.000 ns	      5243	80001478	00464cb3	xor	x25,x12,x4	 x12:0x000001e0  x4:0x00000000 x25=0x000001e0
      52465.000 ns	      5245	8000147c	e00f83d3	fmv.x.w	x7,f31	 f31:0x00000000  x7=0x00000000
      52495.000 ns	      5248	80001480	0374a0b3	mulhsu	x1,x9,x23	  x9:0x7fc00000 x23:0xffffffff  x1=0x7fbfffff
      52515.000 ns	      5250	80001484	00bb73b3	and	x7,x22,x11	 x22:0xffffffff x11:0x00000000  x7=0x00000000
      52545.000 ns	      5253	80001488	106b3453	fmul.s	f8,f22,f6	 f22:0xff7fffff  f6:0x7f7fffff  f8=0xff800000
      52575.000 ns	      5256	8000148c	c0007653	fcvt.w.s	x12,f0	  f0:0x7fc00000 x12=0x7fffffff
      52595.000 ns	      5258	80001490	017725b3	slt	x11,x14,x23	 x14:0x80041024 x23:0xffffffff x11=0x00000001
      52605.000 ns	      5259	80001494	4089d433	sra	x8,x19,x8	 x19:0xf40fa42c  x8:0x40290903  x8=0xfe81f485
      52625.000 ns	      5261	80001498	03cdcd33	div	x26,x27,x28	 x27:0xfffff9a1 x28:0x00000000 x26=0xffffffff
      52655.000 ns	      5264	8000149c	02a4ce33	div	x28,x9,x10	  x9:0x7fc00000 x10:0x00000000 x28=0xffffffff
      52675.000 ns	      5266	800014a0	0019bd33	sltu	x26,x19,x1	 x19:0xf40fa42c  x1:0x7fbfffff x26=0x00000000
      52685.000 ns	      5267	800014a4	6356ef13	ori	x30,x13,1589	 x13:0x00000002 x30=0x00000637
      52695.000 ns	      5268	800014a8	4142d9b3	sra	x19,x5,x20	  x5:0x000000fc x20:0x00000020 x19=0x000000fc
      52705.000 ns	      5269	800014ac	90ea0793	addi	x15,x20,-1778	 x20:0x00000020 x15=0xfffff92e
      52725.000 ns	      5271	800014b0	e0031a53	fclass.s	x20,f6	  f6:0x7f7fffff x20=0x00000040
      52745.000 ns	      5273	800014b4	01404fb3	xor	x31,x0,x20	  x0:0x00000000 x20:0x00000020 x31=0x00000040
      53105.000 ns	      5309	800014b8	038a6eb3	rem	x29,x20,x24	 x20:0x00000040 x24:0x00000001 x29=0x00000000
      53125.000 ns	      5311	800014bc	00e17633	and	x12,x2,x14	  x2:0x00000001 x14:0x80041024 x12=0x00000000
      53145.000 ns	      5313	800014c0	212087d3	fsgnj.s	f15,f1,f18	  f1:0x7fc00000 f18:0xced85bc0 f15=0xffc00000
      53185.000 ns	      5317	800014c4	10f1fb53	fmul.s	f22,f3,f15	  f3:0xc2000000 f15:0x7fc00000 f22=0x7fc00000
      53205.000 ns	      5319	800014c8	0157f3b3	and	x7,x15,x21	 x15:0xfffff92e x21:0xfffffc7e  x7=0xfffff82e
      54375.000 ns	      5436	800014cc	58031ad3	fsqrt.s	f21,f6	  f6:0x7f7fffff f21=0x5f350461
      54395.000 ns	      5438	800014d0	0051abb3	slt	x23,x3,x5	  x3:0x00081fc8  x5:0x000000fc x23=0x00000000
      54405.000 ns	      5439	800014d4	015dd113	srli	x2,x27,0x15	 x27:0xfffff9a1  x2=0x000007ff
      54415.000 ns	      5440	800014d8	13750f13	addi	x30,x10,311	 x10:0x00000000 x30=0x00000137
      54435.000 ns	      5442	800014dc	29e316d3	fmax.s	f13,f6,f30	  f6:0x7f7fffff f30:0x00000020 f13=0x7f7fffff
      54455.000 ns	      5444	800014e0	14adf113	andi	x2,x27,330	 x27:0xfffff9a1  x2=0x00000100
      54475.000 ns	      5446	800014e4	d010ccd3	fcvt.s.wu	f25,x1	  x1:0x7fbfffff f25=0x4eff8000
      54495.000 ns	      5448	800014e8	1bfa6b13	ori	x22,x20,447	 x20:0x00000040 x22=0x000001ff
      54505.000 ns	      5449	800014ec	01b39b13	slli	x22,x7,0x1b	  x7:0xfffff82e x22=0x70000000
      54515.000 ns	      5450	800014f0	41048033	sub	x0,x9,x16	  x9:0x7fc00000 x16:0x00000002
      54535.000 ns	      5452	800014f4	e0010ad3	fmv.x.w	x21,f2	  f2:0x40290903 x21=0x40290903
      54555.000 ns	      5454	800014f8	00a4dfb3	srl	x31,x9,x10	  x9:0x7fc00000 x10:0x00000000 x31=0x7fc00000
      54595.000 ns	      5458	800014fc	097df453	fsub.s	f8,f27,f23	 f27:0x80000000 f23:0xff7fffff  f8=0x7f7fffff
      54635.000 ns	      5462	80001500	1071f353	fmul.s	f6,f3,f7	  f3:0xc2000000  f7:0x7fc00000  f6=0x7fc00000
      54665.000 ns	      5465	80001504	29c68dd3	fmin.s	f27,f13,f28	 f13:0x7f7fffff f28:0xff7fffff f27=0xff7fffff
      54695.000 ns	      5468	80001508	a1ff2cd3	feq.s	x25,f30,f31	 f30:0x00000020 f31:0x00000000 x25=0x00000000
      54725.000 ns	      5471	8000150c	038335b3	mulhu	x11,x6,x24	  x6:0x00000000 x24:0x00000001 x11=0x00000000
      54745.000 ns	      5473	80001510	019bef33	or	x30,x23,x25	 x23:0x00000000 x25:0x00000000 x30=0x00000000
      55105.000 ns	      5509	80001514	03b26c33	rem	x24,x4,x27	  x4:0x00000000 x27:0xfffff9a1 x24=0x00000000
      55125.000 ns	      5511	80001518	00805b33	srl	x22,x0,x8	  x0:0x00000000  x8:0xfe81f485 x22=0x00000000
      55145.000 ns	      5513	8000151c	03451e33	mulh	x28,x10,x20	 x10:0x00000000 x20:0x00000040 x28=0x00000000
      55175.000 ns	      5516	80001520	e0060b53	fmv.x.w	x22,f12	 f12:0x7fc00000 x22=0x7fc00000
      55205.000 ns	      5519	80001524	031ecfb3	div	x31,x29,x17	 x29:0x00000000 x17:0x00000000 x31=0xffffffff
      55235.000 ns	      5522	80001528	03a1a5b3	mulhsu	x11,x3,x26	  x3:0x00081fc8 x26:0x00000000 x11=0x00000000
      55255.000 ns	      5524	8000152c	df060413	addi	x8,x12,-528	 x12:0x00000000  x8=0xfffffdf0
      55265.000 ns	      5525	80001530	400103b3	sub	x7,x2,x0	  x2:0x00000100  x0:0x00000000  x7=0x00000100
      55275.000 ns	      5526	80001534	40d901b3	sub	x3,x18,x13	 x18:0x80040fe4 x13:0x00000002  x3=0x80040fe2
      55295.000 ns	      5528	80001538	e00891d3	fclass.s	x3,f17	 f17:0x7f7fffff  x3=0x00000040
      55315.000 ns	      5530	8000153c	0095fbb3	and	x23,x11,x9	 x11:0x00000000  x9:0x7fc00000 x23=0x00000000
      55335.000 ns	      5532	80001540	031599b3	mulh	x19,x11,x17	 x11:0x00000000 x17:0x00000000 x19=0x00000000
      55355.000 ns	      5534	80001544	015dfe33	and	x28,x27,x21	 x27:0xfffff9a1 x21:0x40290903 x28=0x40290901
      55365.000 ns	      5535	80001548	00d8a333	slt	x6,x17,x13	 x17:0x00000000 x13:0x00000002  x6=0x00000001
      55375.000 ns	      5536	8000154c	ffd87f93	andi	x31,x16,-3	 x16:0x00000002 x31=0x00000000
      55385.000 ns	      5537	80001550	d38a69b7	lui	x19,0xd38a6	 x19=0xd38a6000
      55405.000 ns	      5539	80001554	0376da33	divu	x20,x13,x23	 x13:0x00000002 x23:0x00000000 x20=0xffffffff
      55425.000 ns	      5541	80001558	00ce5e33	srl	x28,x28,x12	 x28:0x40290901 x12:0x00000000 x28=0x40290901
      55435.000 ns	      5542	8000155c	4026d1b3	sra	x3,x13,x2	 x13:0x00000002  x2:0x00000100  x3=0x00000002
      55445.000 ns	      5543	80001560	4972f113	andi	x2,x5,1175	  x5:0x000000fc  x2=0x00000094
      55775.000 ns	      5576	80001564	19bcfa53	fdiv.s	f20,f25,f27	 f25:0x4eff8000 f27:0xff7fffff f20=0xff800000
      55805.000 ns	      5579	80001568	c00474d3	fcvt.w.s	x9,f8	  f8:0x7f7fffff  x9=0x7fffffff
      56985.000 ns	      5697	8000156c	580ca0d3	fsqrt.s	f1,f25	 f25:0x4eff8000  f1=0x4734d769
      57015.000 ns	      5700	80001570	023b1433	mulh	x8,x22,x3	 x22:0x7fc00000  x3:0x00000002  x8=0x00000000
      57035.000 ns	      5702	80001574	41fcd233	sra	x4,x25,x31	 x25:0x00000000 x31:0x00000000  x4=0x00000000
      57045.000 ns	      5703	80001578	412909b3	sub	x19,x18,x18	 x18:0x80040fe4 x18:0x80040fe4 x19=0x00000000
      57055.000 ns	      5704	8000157c	000a9f13	slli	x30,x21,0x0	 x21:0x40290903 x30=0x40290903
      57065.000 ns	      5705	80001580	00337ab3	and	x21,x6,x3	  x6:0x00000001  x3:0x00000002 x21=0x00000000
      57075.000 ns	      5706	80001584	01988f33	add	x30,x17,x25	 x17:0x00000000 x25:0x00000000 x30=0x00000000
      57085.000 ns	      5707	80001588	e8127593	andi	x11,x4,-383	  x4:0x00000000 x11=0x00000000
      57105.000 ns	      5709	8000158c	c01472d3	fcvt.wu.s	x5,f8	  f8:0x7f7fffff  x5=0xffffffff
      57125.000 ns	      5711	80001590	4077d233	sra	x4,x15,x7	 x15:0xfffff92e  x7:0x00000100  x4=0xfffff92e
      57145.000 ns	      5713	80001594	21819bd3	fsgnjn.s	f23,f3,f24	  f3:0xc2000000 f24:0x40290903 f23=0xc2000000
      57175.000 ns	      5716	80001598	020b1033	mulh	x0,x22,x0	 x22:0x7fc00000  x0:0x00000000
      57195.000 ns	      5718	8000159c	a8a97693	andi	x13,x18,-1398	 x18:0x80040fe4 x13=0x80040a80
      57225.000 ns	      5721	800015a0	11e6a353	fmul.s	f6,f13,f30	 f13:0x7f7fffff f30:0x00000020  f6=0x377fffff
      57255.000 ns	      5724	800015a4	02e315b3	mulh	x11,x6,x14	  x6:0x00000001 x14:0x80041024 x11=0xffffffff
      57285.000 ns	      5727	800015a8	036ab533	mulhu	x10,x21,x22	 x21:0x00000000 x22:0x7fc00000 x10=0x00000000
      57315.000 ns	      5730	800015ac	218906d3	fsgnj.s	f13,f18,f24	 f18:0xced85bc0 f24:0x40290903 f13=0x4ed85bc0
      57335.000 ns	      5732	800015b0	709c1397	auipc	x7,0x709c1	  x7=0xf09c25b0
      57355.000 ns	      5734	800015b4	f00c0453	fmv.w.x	f8,x24	 x24:0x00000000  f8=0x00000000
      57725.000 ns	      5771	800015b8	03405c33	divu	x24,x0,x20	  x0:0x00000000 x20:0xffffffff x24=0x00000000
      57755.000 ns	      5774	800015bc	c01dcdd3	fcvt.wu.s	x27,f27	 f27:0xff7fffff x27=0x00000000
      57785.000 ns	      5777	800015c0	a0fd89d3	fle.s	x19,f27,f15	 f27:0xff7fffff f15:0xffc00000 x19=0x00000000
      57805.000 ns	      5779	800015c4	41e951b3	sra	x3,x18,x30	 x18:0x80040fe4 x30:0x00000000  x3=0x80040fe4
      58165.000 ns	      5815	800015c8	02bbfb33	remu	x22,x23,x11	 x23:0x00000000 x11:0xffffffff x22=0x00000000
      58185.000 ns	      5817	800015cc	001cfab3	and	x21,x25,x1	 x25:0x00000000  x1:0x7fbfffff x21=0x00000000
      58195.000 ns	      5818	800015d0	017a6fb3	or	x31,x20,x23	 x20:0xffffffff x23:0x00000000 x31=0xffffffff
      58215.000 ns	      5820	800015d4	03a1efb3	rem	x31,x3,x26	  x3:0x80040fe4 x26:0x00000000 x31=0x80040fe4
      58235.000 ns	      5822	800015d8	a765ba93	sltiu	x21,x11,-1418	 x11:0xffffffff x21=0x00000000
      58245.000 ns	      5823	800015dc	016b9313	slli	x6,x23,0x16	 x23:0x00000000  x6=0x00000000
      58265.000 ns	      5825	800015e0	02021333	mulh	x6,x4,x0	  x4:0xfffff92e  x0:0x00000000  x6=0x00000000
      58295.000 ns	      5828	800015e4	0208b7b3	mulhu	x15,x17,x0	 x17:0x00000000  x0:0x00000000 x15=0x00000000
      58325.000 ns	      5831	800015e8	039a85b3	mul	x11,x21,x25	 x21:0x00000000 x25:0x00000000 x11=0x00000000
      58355.000 ns	      5834	800015ec	021b1533	mulh	x10,x22,x1	 x22:0x00000000  x1:0x7fbfffff x10=0x00000000
      58385.000 ns	      5837	800015f0	d00e2653	fcvt.s.w	f12,x28	 x28:0x40290901 f12=0x4e805213
      58405.000 ns	      5839	800015f4	bea23337	lui	x6,0xbea23	  x6=0xbea23000
      58425.000 ns	      5841	800015f8	034520b3	mulhsu	x1,x10,x20	 x10:0x00000000 x20:0xffffffff  x1=0x00000000
      58455.000 ns	      5844	800015fc	0365cdb3	div	x27,x11,x22	 x11:0x00000000 x22:0x00000000 x27=0xffffffff
      58495.000 ns	      5848	80001600	580b7d53	fsqrt.s	f26,f22	 f22:0x7fc00000 f26=0x7fc00000
      58525.000 ns	      5851	80001604	038aef33	rem	x30,x21,x24	 x21:0x00000000 x24:0x00000000 x30=0x00000000
      58555.000 ns	      5854	80001608	21e29953	fsgnjn.s	f18,f5,f30	  f5:0x7fc00000 f30:0x00000020 f18=0xffc00000
      58585.000 ns	      5857	8000160c	a03b1f53	flt.s	x30,f22,f3	 f22:0x7fc00000  f3:0xc2000000 x30=0x00000000
      58615.000 ns	      5860	80001610	03011e33	mulh	x28,x2,x16	  x2:0x00000094 x16:0x00000002 x28=0x00000000
      58645.000 ns	      5863	80001614	d0112653	fcvt.s.wu	f12,x2	  x2:0x00000094 f12=0x43140000
      58665.000 ns	      5865	80001618	00697fb3	and	x31,x18,x6	 x18:0x80040fe4  x6:0xbea23000 x31=0x80000000
      58685.000 ns	      5867	8000161c	286497d3	fmax.s	f15,f9,f6	  f9:0x42000000  f6:0x377fffff f15=0x42000000
      58705.000 ns	      5869	80001620	166a8e13	addi	x28,x21,358	 x21:0x00000000 x28=0x00000166
      58725.000 ns	      5871	80001624	f0018753	fmv.w.x	f14,x3	  x3:0x80040fe4 f14=0x80040fe4
      58745.000 ns	      5873	80001628	c57fcc13	xori	x24,x31,-937	 x31:0x80000000 x24=0x7ffffc57
      58755.000 ns	      5874	8000162c	8b69f293	andi	x5,x19,-1866	 x19:0x00000000  x5=0x00000000
      58775.000 ns	      5876	80001630	031a06b3	mul	x13,x20,x17	 x20:0xffffffff x17:0x00000000 x13=0x00000000
      58795.000 ns	      5878	80001634	01257e33	and	x28,x10,x18	 x10:0x00000000 x18:0x80040fe4 x28=0x00000000
      58825.000 ns	      5881	80001638	58047e53	fsqrt.s	f28,f8	  f8:0x00000000 f28=0x00000000
      58855.000 ns	      5884	8000163c	e00b18d3	fclass.s	x17,f22	 f22:0x7fc00000 x17=0x00000200
      58885.000 ns	      5887	80001640	d007fad3	fcvt.s.w	f21,x15	 x15:0x00000000 f21=0x00000000
      58915.000 ns	      5890	80001644	21e91453	fsgnjn.s	f8,f18,f30	 f18:0xffc00000 f30:0x00000020  f8=0xffc00000
      58945.000 ns	      5893	80001648	d019fe53	fcvt.s.wu	f28,x19	 x19:0x00000000 f28=0x00000000
      58975.000 ns	      5896	8000164c	03607633	remu	x12,x0,x22	  x0:0x00000000 x22:0x00000000 x12=0x00000000
      59005.000 ns	      5899	80001650	e0001cd3	fclass.s	x25,f0	  f0:0x7fc00000 x25=0x00000200
      59025.000 ns	      5901	80001654	00000013	addi	x0,x0,0	  x0:0x00000000
      59045.000 ns	      5903	80001658	e00f8e53	fmv.x.w	x28,f31	 f31:0x00000000 x28=0x00000000
      59075.000 ns	      5906	8000165c	c01ef453	fcvt.wu.s	x8,f29	 f29:0xff7fffff  x8=0x00000000
      59095.000 ns	      5908	80001660	c9924693	xori	x13,x4,-871	  x4:0xfffff92e x13=0x000005b7
      59105.000 ns	      5909	80001664	cac2cb93	xori	x23,x5,-852	  x5:0x00000000 x23=0xfffffcac
      59145.000 ns	      5913	80001668	09effd53	fsub.s	f26,f31,f30	 f31:0x00000000 f30:0x00000020 f26=0x80000020
      59165.000 ns	      5915	8000166c	c3356b93	ori	x23,x10,-973	 x10:0x00000000 x23=0xfffffc33
      59185.000 ns	      5917	80001670	c00a7453	fcvt.w.s	x8,f20	 f20:0xff800000  x8=0x80000000
      59205.000 ns	      5919	80001674	4f562e13	slti	x28,x12,1269	 x12:0x00000000 x28=0x00000001
      59215.000 ns	      5920	80001678	799dcd37	lui	x26,0x799dc	 x26=0x799dc000
      59225.000 ns	      5921	8000167c	009850b3	srl	x1,x16,x9	 x16:0x00000002  x9:0x7fffffff  x1=0x00000000
      59235.000 ns	      5922	80001680	86628e93	addi	x29,x5,-1946	  x5:0x00000000 x29=0xfffff866
      59255.000 ns	      5924	80001684	025e10b3	mulh	x1,x28,x5	 x28:0x00000001  x5:0x00000000  x1=0x00000000
      59305.000 ns	      5929	80001688	01629fd3	fadd.s	f31,f5,f22	  f5:0x7fc00000 f22:0x7fc00000 f31=0x7fc00000
      59325.000 ns	      5931	8000168c	40745533	sra	x10,x8,x7	  x8:0x80000000  x7:0xf09c25b0 x10=0xffff8000
      59365.000 ns	      5935	80001690	096f1353	fsub.s	f6,f30,f22	 f30:0x00000020 f22:0x7fc00000  f6=0x7fc00000
      59735.000 ns	      5972	80001694	02a8d5b3	divu	x11,x17,x10	 x17:0x00000200 x10:0x00000000 x11=0x00000000
      59755.000 ns	      5974	80001698	00dd1fb3	sll	x31,x26,x13	 x26:0x799dc000 x13:0x000005b7 x31=0x00000000
      59765.000 ns	      5975	8000169c	0aeb30b7	lui	x1,0xaeb3	  x1=0x0aeb3000
      59805.000 ns	      5979	800016a0	097ab753	fsub.s	f14,f21,f23	 f21:0x00000000 f23:0xc2000000 f14=0x42000000
      59825.000 ns	      5981	800016a4	ea6a2393	slti	x7,x20,-346	 x20:0xffffffff  x7=0x00000000
      59835.000 ns	      5982	800016a8	bacff393	andi	x7,x31,-1108	 x31:0x00000000  x7=0x00000000
      59855.000 ns	      5984	800016ac	a09682d3	fle.s	x5,f13,f9	 f13:0x4ed85bc0  f9:0x42000000  x5=0x00000000
      59885.000 ns	      5987	800016b0	e0058cd3	fmv.x.w	x25,f11	 f11:0x7fc00000 x25=0x7fc00000
      59915.000 ns	      5990	800016b4	c000fe53	fcvt.w.s	x28,f1	  f1:0x4734d769 x28=0x0000b4d7
      59935.000 ns	      5992	800016b8	000997b3	sll	x15,x19,x0	 x19:0x00000000  x0:0x00000000 x15=0x00000000
      60295.000 ns	      6028	800016bc	02a0ec33	rem	x24,x1,x10	  x1:0x0aeb3000 x10:0xffff8000 x24=0x00003000
      60315.000 ns	      6030	800016c0	01af1293	slli	x5,x30,0x1a	 x30:0x00000000  x5=0x00000000
      60335.000 ns	      6032	800016c4	d00a4153	fcvt.s.w	f2,x20	 x20:0xffffffff  f2=0xbf800000
      60355.000 ns	      6034	800016c8	40ded293	srai	x5,x29,0xd	 x29:0xfffff866  x5=0xffffffff
      60375.000 ns	      6036	800016cc	c011f553	fcvt.wu.s	x10,f3	  f3:0xc2000000 x10=0x00000020
      60405.000 ns	      6039	800016d0	21391cd3	fsgnjn.s	f25,f18,f19	 f18:0xffc00000 f19:0xc813d240 f25=0x7fc00000
      60425.000 ns	      6041	800016d4	41950bb3	sub	x23,x10,x25	 x10:0x00000020 x25:0x7fc00000 x23=0x80400020
      60445.000 ns	      6043	800016d8	20d2a153	fsgnjx.s	f2,f5,f13	  f5:0x7fc00000 f13:0x4ed85bc0  f2=0x7fc00000
      60475.000 ns	      6046	800016dc	024d39b3	mulhu	x19,x26,x4	 x26:0x799dc000  x4:0xfffff92e x19=0x799dbcc2
      60505.000 ns	      6049	800016e0	03191fb3	mulh	x31,x18,x17	 x18:0x80040fe4 x17:0x00000200 x31=0xffffff00
      60535.000 ns	      6052	800016e4	a082a253	feq.s	x4,f5,f8	  f5:0x7fc00000  f8:0xffc00000  x4=0x00000000
      60585.000 ns	      6057	800016e8	01ad8ad3	fadd.s	f21,f27,f26	 f27:0xff7fffff f26:0x80000020 f21=0xff7fffff
      60605.000 ns	      6059	800016ec	9f357b13	andi	x22,x10,-1549	 x10:0x00000020 x22=0x00000020
      60635.000 ns	      6062	800016f0	10327fd3	fmul.s	f31,f4,f3	  f4:0xfeb4b4b6  f3:0xc2000000 f31=0x7f800000
      60665.000 ns	      6065	800016f4	e00b0153	fmv.x.w	x2,f22	 f22:0x7fc00000  x2=0x7fc00000
      60685.000 ns	      6067	800016f8	f0622393	slti	x7,x4,-250	  x4:0x00000000  x7=0x00000000
      61045.000 ns	      6103	800016fc	0310c133	div	x2,x1,x17	  x1:0x0aeb3000 x17:0x00000200  x2=0x00057598
      61075.000 ns	      6106	80001700	035ad333	divu	x6,x21,x21	 x21:0x00000000 x21:0x00000000  x6=0xffffffff
      61105.000 ns	      6109	80001704	03958233	mul	x4,x11,x25	 x11:0x00000000 x25:0x7fc00000  x4=0x00000000
      61145.000 ns	      6113	80001708	58034d53	fsqrt.s	f26,f6	  f6:0x7fc00000 f26=0x7fc00000
      61175.000 ns	      6116	8000170c	28b916d3	fmax.s	f13,f18,f11	 f18:0xffc00000 f11:0x7fc00000 f13=0x7fc00000
      61195.000 ns	      6118	80001710	96d54a13	xori	x20,x10,-1683	 x10:0x00000020 x20=0xfffff94d
      61225.000 ns	      6121	80001714	1017f6d3	fmul.s	f13,f15,f1	 f15:0x42000000  f1:0x4734d769 f13=0x49b4d76a
      61245.000 ns	      6123	80001718	014f1633	sll	x12,x30,x20	 x30:0x00000000 x20:0xffffffff x12=0x00000000
      61265.000 ns	      6125	8000171c	21892853	fsgnjx.s	f16,f18,f24	 f18:0xffc00000 f24:0x40290903 f16=0xffc00000
      61295.000 ns	      6128	80001720	f0048e53	fmv.w.x	f28,x9	  x9:0x7fffffff f28=0x7fffffff
      61335.000 ns	      6132	80001724	118e7153	fmul.s	f2,f28,f24	 f28:0x00000000 f24:0x40290903  f2=0x7fc00000
      61355.000 ns	      6134	80001728	01c89133	sll	x2,x17,x28	 x17:0x00000200 x28:0x0000b4d7  x2=0x00000000
      61375.000 ns	      6136	8000172c	a14d0c53	fle.s	x24,f26,f20	 f26:0x7fc00000 f20:0xff800000 x24=0x00000000
      61745.000 ns	      6173	80001730	03d26533	rem	x10,x4,x29	  x4:0x00000000 x29:0xfffff866 x10=0x00000000
      61765.000 ns	      6175	80001734	00a72b33	slt	x22,x14,x10	 x14:0x80041024 x10:0x00000020 x22=0x00000001
      61775.000 ns	      6176	80001738	c72bff13	andi	x30,x23,-910	 x23:0x80400020 x30=0x80400020
      61785.000 ns	      6177	8000173c	86567993	andi	x19,x12,-1947	 x12:0x00000000 x19=0x00000000
      61795.000 ns	      6178	80001740	8832ee13	ori	x28,x5,-1917	  x5:0xffffffff x28=0xffffffff
      61805.000 ns	      6179	80001744	0718ff97	auipc	x31,0x718f	 x31=0x87190744
      61815.000 ns	      6180	80001748	00000013	addi	x0,x0,0	  x0:0x00000000
      61845.000 ns	      6183	8000174c	58097953	fsqrt.s	f18,f18	 f18:0xffc00000 f18=0x7fc00000
      61875.000 ns	      6186	80001750	a13d0bd3	fle.s	x23,f26,f19	 f26:0x7fc00000 f19:0xc813d240 x23=0x00000000
      61925.000 ns	      6191	80001754	08db74d3	fsub.s	f9,f22,f13	 f22:0x7fc00000 f13:0x49b4d76a  f9=0x7fc00000
      61955.000 ns	      6194	80001758	038b1633	mulh	x12,x22,x24	 x22:0x00000001 x24:0x00000000 x12=0x00000000
      61985.000 ns	      6197	8000175c	03aaaa33	mulhsu	x20,x21,x26	 x21:0x00000000 x26:0x799dc000 x20=0x00000000
      62025.000 ns	      6201	80001760	19cdf753	fdiv.s	f14,f27,f28	 f27:0xff7fffff f28:0x7fffffff f14=0x7fc00000
      62055.000 ns	      6204	80001764	c0192fd3	fcvt.wu.s	x31,f18	 f18:0x7fc00000 x31=0xffffffff
      62075.000 ns	      6206	80001768	01889313	slli	x6,x17,0x18	 x17:0x00000200  x6=0x00000000
      62095.000 ns	      6208	8000176c	20d19e53	fsgnjn.s	f28,f3,f13	  f3:0xc2000000 f13:0x49b4d76a f28=0xc2000000
      62125.000 ns	      6211	80001770	c0008cd3	fcvt.w.s	x25,f1	  f1:0x4734d769 x25=0x0000b4d7
      62145.000 ns	      6213	80001774	65237213	andi	x4,x6,1618	  x6:0x00000000  x4=0x00000000
      62165.000 ns	      6215	80001778	d01c7e53	fcvt.s.wu	f28,x24	 x24:0x00000000 f28=0x00000000
      62185.000 ns	      6217	8000177c	dc98af93	slti	x31,x17,-567	 x17:0x00000200 x31=0x00000000
      62195.000 ns	      6218	80001780	017af9b3	and	x19,x21,x23	 x21:0x00000000 x23:0x00000000 x19=0x00000000
      62205.000 ns	      6219	80001784	0151e033	or	x0,x3,x21	  x3:0x80040fe4 x21:0x00000000
      62225.000 ns	      6221	80001788	024c1433	mulh	x8,x24,x4	 x24:0x00000000  x4:0x00000000  x8=0x00000000
      62275.000 ns	      6226	8000178c	00810a53	fadd.s	f20,f2,f8	  f2:0x7fc00000  f8:0xffc00000 f20=0x7fc00000
      62295.000 ns	      6228	80001790	00b35c93	srli	x25,x6,0xb	  x6:0x00000000 x25=0x00000000
      62305.000 ns	      6229	80001794	416b52b3	sra	x5,x22,x22	 x22:0x00000001 x22:0x00000001  x5=0x00000000
      62315.000 ns	      6230	80001798	009eab33	slt	x22,x29,x9	 x29:0xfffff866  x9:0x7fffffff x22=0x00000001
      62335.000 ns	      6232	8000179c	28bc0a53	fmin.s	f20,f24,f11	 f24:0x40290903 f11:0x7fc00000 f20=0x40290903
      62355.000 ns	      6234	800017a0	01aaeab3	or	x21,x21,x26	 x21:0x00000000 x26:0x799dc000 x21=0x799dc000
      62375.000 ns	      6236	800017a4	a1620a53	fle.s	x20,f4,f22	  f4:0xfeb4b4b6 f22:0x7fc00000 x20=0x00000000
      62395.000 ns	      6238	800017a8	008384b3	add	x9,x7,x8	  x7:0x00000000  x8:0x00000000  x9=0x00000000
      62415.000 ns	      6240	800017ac	e00183d3	fmv.x.w	x7,f3	  f3:0xc2000000  x7=0xc2000000
      62445.000 ns	      6243	800017b0	21b0a6d3	fsgnjx.s	f13,f1,f27	  f1:0x4734d769 f27:0xff7fffff f13=0xc734d769
      62475.000 ns	      6246	800017b4	c009f253	fcvt.w.s	x4,f19	 f19:0xc813d240  x4=0x00024f49
      62505.000 ns	      6249	800017b8	c01bf2d3	fcvt.wu.s	x5,f23	 f23:0xc2000000  x5=0x00000020
      62535.000 ns	      6252	800017bc	29559f53	fmax.s	f30,f11,f21	 f11:0x7fc00000 f21:0xff7fffff f30=0xff7fffff
      62565.000 ns	      6255	800017c0	d0134b53	fcvt.s.wu	f22,x6	  x6:0x00000000 f22=0x00000000
      62595.000 ns	      6258	800017c4	293c8253	fmin.s	f4,f25,f19	 f25:0x7fc00000 f19:0xc813d240  f4=0xc813d240
      62615.000 ns	      6260	800017c8	fa222f93	slti	x31,x4,-94	  x4:0x00024f49 x31=0x00000000
      62655.000 ns	      6264	800017cc	081506d3	fsub.s	f13,f10,f1	 f10:0xceea5700  f1:0x4734d769 f13=0xceea586a
      62675.000 ns	      6266	800017d0	01e8bbb3	sltu	x23,x17,x30	 x17:0x00000200 x30:0x80400020 x23=0x00000001
      62695.000 ns	      6268	800017d4	287f09d3	fmin.s	f19,f30,f7	 f30:0xff7fffff  f7:0x7fc00000 f19=0xff7fffff
      62715.000 ns	      6270	800017d8	f28c2413	slti	x8,x24,-216	 x24:0x00000000  x8=0x00000000
      62735.000 ns	      6272	800017dc	d0028153	fcvt.s.w	f2,x5	  x5:0x00000020  f2=0x42000000
      62755.000 ns	      6274	800017e0	390e3b13	sltiu	x22,x28,912	 x28:0xffffffff x22=0x00000000
      62775.000 ns	      6276	800017e4	2175add3	fsgnjx.s	f27,f11,f23	 f11:0x7fc00000 f23:0xc2000000 f27=0xffc00000
      62805.000 ns	      6279	800017e8	c00238d3	fcvt.w.s	x17,f4	  f4:0xc813d240 x17=0xfffdb0b7
      62835.000 ns	      6282	800017ec	029e9bb3	mulh	x23,x29,x9	 x29:0xfffff866  x9:0x00000000 x23=0x00000000
      62865.000 ns	      6285	800017f0	03e2be33	mulhu	x28,x5,x30	  x5:0x00000020 x30:0x80400020 x28=0x00000010
      62885.000 ns	      6287	800017f4	00188c33	add	x24,x17,x1	 x17:0xfffdb0b7  x1:0x0aeb3000 x24=0x0ae8e0b7
      62905.000 ns	      6289	800017f8	2079a0d3	fsgnjx.s	f1,f19,f7	 f19:0xff7fffff  f7:0x7fc00000  f1=0xff7fffff
      62925.000 ns	      6291	800017fc	529db197	auipc	x3,0x529db	  x3=0xd29dc7fc
      63285.000 ns	      6327	80001800	03baffb3	remu	x31,x21,x27	 x21:0x799dc000 x27:0xffffffff x31=0x799dc000
      63305.000 ns	      6329	80001804	405c5a93	srai	x21,x24,0x5	 x24:0x0ae8e0b7 x21=0x00574705
      63325.000 ns	      6331	80001808	f00908d3	fmv.w.x	f17,x18	 x18:0x80040fe4 f17=0x80040fe4
      63355.000 ns	      6334	8000180c	20c82653	fsgnjx.s	f12,f16,f12	 f16:0xffc00000 f12:0x43140000 f12=0xffc00000
      63385.000 ns	      6337	80001810	a01ba9d3	feq.s	x19,f23,f1	 f23:0xc2000000  f1:0xff7fffff x19=0x00000000
      63405.000 ns	      6339	80001814	00bc54b3	srl	x9,x24,x11	 x24:0x0ae8e0b7 x11:0x00000000  x9=0x0ae8e0b7
      63415.000 ns	      6340	80001818	00a012b3	sll	x5,x0,x10	  x0:0x00000000 x10:0x00000000  x5=0x00000000
      63775.000 ns	      6376	8000181c	0382feb3	remu	x29,x5,x24	  x5:0x00000020 x24:0x0ae8e0b7 x29=0x00000000
      63805.000 ns	      6379	80001820	c00cc3d3	fcvt.w.s	x7,f25	 f25:0x7fc00000  x7=0x7fffffff
      63825.000 ns	      6381	80001824	827c4613	xori	x12,x24,-2009	 x24:0x0ae8e0b7 x12=0xf5171890
      63855.000 ns	      6384	80001828	5805f3d3	fsqrt.s	f7,f11	 f11:0x7fc00000  f7=0x7fc00000
      63875.000 ns	      6386	8000182c	004c3db3	sltu	x27,x24,x4	 x24:0x0ae8e0b7  x4:0x00024f49 x27=0x00000000
      63885.000 ns	      6387	80001830	408a8033	sub	x0,x21,x8	 x21:0x00574705  x8:0x00000000
      63895.000 ns	      6388	80001834	97510593	addi	x11,x2,-1675	  x2:0x00000000 x11=0xfffff975
      63905.000 ns	      6389	80001838	008aa5b3	slt	x11,x21,x8	 x21:0x00574705  x8:0x00000000 x11=0x00000000
      63925.000 ns	      6391	8000183c	205d8953	fsgnj.s	f18,f27,f5	 f27:0xffc00000  f5:0x7fc00000 f18=0x7fc00000
      63955.000 ns	      6394	80001840	035820b3	mulhsu	x1,x16,x21	 x16:0x00000002 x21:0x00574705  x1=0x00000000
      63985.000 ns	      6397	80001844	02130233	mul	x4,x6,x1	  x6:0x00000000  x1:0x0aeb3000  x4=0x00000000
      64005.000 ns	      6399	80001848	90ae8f93	addi	x31,x29,-1782	 x29:0x00000000 x31=0xfffff90a
      64015.000 ns	      6400	8000184c	f45e0a97	auipc	x21,0xf45e0	 x21=0x745e184c
      64025.000 ns	      6401	80001850	008a1f93	slli	x31,x20,0x8	 x20:0x00000000 x31=0x00000000
      64045.000 ns	      6403	80001854	a06bae53	feq.s	x28,f23,f6	 f23:0xc2000000  f6:0x7fc00000 x28=0x00000000
      64065.000 ns	      6405	80001858	00cafd33	and	x26,x21,x12	 x21:0x745e184c x12:0xf5171890 x26=0x74161800
      64075.000 ns	      6406	8000185c	0193cab3	xor	x21,x7,x25	  x7:0x7fffffff x25:0x00000000 x21=0x7fffffff
      64095.000 ns	      6408	80001860	c01887d3	fcvt.wu.s	x15,f17	 f17:0x80040fe4 x15=0x00000000
      64115.000 ns	      6410	80001864	01e60633	add	x12,x12,x30	 x12:0xf5171890 x30:0x80400020 x12=0x755718b0
      64125.000 ns	      6411	80001868	00a10c33	add	x24,x2,x10	  x2:0x00000000 x10:0x00000000 x24=0x00000000
      64145.000 ns	      6413	8000186c	290b8cd3	fmin.s	f25,f23,f16	 f23:0xc2000000 f16:0xffc00000 f25=0xc2000000
      64185.000 ns	      6417	80001870	1112f453	fmul.s	f8,f5,f17	  f5:0x7fc00000 f17:0x80040fe4  f8=0x7fc00000
      64205.000 ns	      6419	80001874	019417b3	sll	x15,x8,x25	  x8:0x00000000 x25:0x00000000 x15=0x00000000
      64225.000 ns	      6421	80001878	039a91b3	mulh	x3,x21,x25	 x21:0x7fffffff x25:0x00000000  x3=0x00000000
      64245.000 ns	      6423	8000187c	013a9313	slli	x6,x21,0x13	 x21:0x7fffffff  x6=0xfff80000
      64255.000 ns	      6424	80001880	00000013	addi	x0,x0,0	  x0:0x00000000
      64615.000 ns	      6460	80001884	030ce433	rem	x8,x25,x16	 x25:0x00000000 x16:0x00000002  x8=0x00000000
      64645.000 ns	      6463	80001888	c0187b53	fcvt.wu.s	x22,f16	 f16:0xffc00000 x22=0xffffffff
      64665.000 ns	      6465	8000188c	010c6eb3	or	x29,x24,x16	 x24:0x00000000 x16:0x00000002 x29=0x00000002
      64685.000 ns	      6467	80001890	d01cf5d3	fcvt.s.wu	f11,x25	 x25:0x00000000 f11=0x00000000
      64705.000 ns	      6469	80001894	40fed393	srai	x7,x29,0xf	 x29:0x00000000  x7=0x00000000
      64725.000 ns	      6471	80001898	02c12fb3	mulhsu	x31,x2,x12	  x2:0x00000000 x12:0x755718b0 x31=0x00000000
      64775.000 ns	      6476	8000189c	00812ad3	fadd.s	f21,f2,f8	  f2:0x42000000  f8:0x7fc00000 f21=0x7fc00000
      64805.000 ns	      6479	800018a0	03ef0a33	mul	x20,x30,x30	 x30:0x80400020 x30:0x80400020 x20=0x10000400
      64825.000 ns	      6481	800018a4	00232cb3	slt	x25,x6,x2	  x6:0xfff80000  x2:0x00000000 x25=0x00000001
      64855.000 ns	      6484	800018a8	186273d3	fdiv.s	f7,f4,f6	  f4:0xc813d240  f6:0x7fc00000  f7=0x7fc00000
      64885.000 ns	      6487	800018ac	a1e80bd3	fle.s	x23,f16,f30	 f16:0xffc00000 f30:0xff7fffff x23=0x00000000
      64905.000 ns	      6489	800018b0	3fd77e13	andi	x28,x14,1021	 x14:0x80041024 x28=0x00000024
      64915.000 ns	      6490	800018b4	0064cdb3	xor	x27,x9,x6	  x9:0x0ae8e0b7  x6:0xfff80000 x27=0xf510e0b7
      64935.000 ns	      6492	800018b8	281494d3	fmax.s	f9,f9,f1	  f9:0x7fc00000  f1:0xff7fffff  f9=0xff7fffff
      64955.000 ns	      6494	800018bc	9aa9f313	andi	x6,x19,-1622	 x19:0x00000000  x6=0x00000000
      64985.000 ns	      6497	800018c0	1062ae53	fmul.s	f28,f5,f6	  f5:0x7fc00000  f6:0x7fc00000 f28=0x7fc00000
      65015.000 ns	      6500	800018c4	e0018153	fmv.x.w	x2,f3	  f3:0xc2000000  x2=0xc2000000
      65045.000 ns	      6503	800018c8	20689d53	fsgnjn.s	f26,f17,f6	 f17:0x80040fe4  f6:0x7fc00000 f26=0x80040fe4
      65065.000 ns	      6505	800018cc	4189d1b3	sra	x3,x19,x24	 x19:0x00000000 x24:0x00000000  x3=0x00000000
      65085.000 ns	      6507	800018d0	a119aa53	feq.s	x20,f19,f17	 f19:0xff7fffff f17:0x80040fe4 x20=0x00000000
      65105.000 ns	      6509	800018d4	dfe72213	slti	x4,x14,-514	 x14:0x80041024  x4=0x00000001
      65125.000 ns	      6511	800018d8	e0059553	fclass.s	x10,f11	 f11:0x00000000 x10=0x00000010
      65155.000 ns	      6514	800018dc	d01849d3	fcvt.s.wu	f19,x16	 x16:0x00000002 f19=0x40000000
      65195.000 ns	      6518	800018e0	10200d53	fmul.s	f26,f0,f2	  f0:0x7fc00000  f2:0x42000000 f26=0x7fc00000
      65215.000 ns	      6520	800018e4	01b2f2b3	and	x5,x5,x27	  x5:0x00000000 x27:0xf510e0b7  x5=0x00000000
      65235.000 ns	      6522	800018e8	293c16d3	fmax.s	f13,f24,f19	 f24:0x40290903 f19:0x40000000 f13=0x40290903
      65255.000 ns	      6524	800018ec	38ddc493	xori	x9,x27,909	 x27:0xf510e0b7  x9=0xf510e33a
      65275.000 ns	      6526	800018f0	02e6bc33	mulhu	x24,x13,x14	 x13:0x000005b7 x14:0x80041024 x24=0x000002db
      65295.000 ns	      6528	800018f4	00b80e33	add	x28,x16,x11	 x16:0x00000002 x11:0x00000000 x28=0x00000002
      65305.000 ns	      6529	800018f8	65767093	andi	x1,x12,1623	 x12:0x755718b0  x1=0x00000010
      65335.000 ns	      6532	800018fc	104c1753	fmul.s	f14,f24,f4	 f24:0x40290903  f4:0xc813d240 f14=0xc8c33600
      65365.000 ns	      6535	80001900	a0a62ad3	feq.s	x21,f12,f10	 f12:0xffc00000 f10:0xceea5700 x21=0x00000000
      65385.000 ns	      6537	80001904	00fed593	srli	x11,x29,0xf	 x29:0x00000002 x11=0x00000000
      65405.000 ns	      6539	80001908	02502133	mulhsu	x2,x0,x5	  x0:0x00000000  x5:0x00000000  x2=0x00000000
      65435.000 ns	      6542	8000190c	28798e53	fmin.s	f28,f19,f7	 f19:0x40000000  f7:0x7fc00000 f28=0x40000000
      65455.000 ns	      6544	80001910	53d10393	addi	x7,x2,1341	  x2:0x00000000  x7=0x0000053d
      65475.000 ns	      6546	80001914	0288edb3	rem	x27,x17,x8	 x17:0xfffdb0b7  x8:0x00000000 x27=0xfffdb0b7
      65505.000 ns	      6549	80001918	d007f4d3	fcvt.s.w	f9,x15	 x15:0x00000000  f9=0x00000000
      65875.000 ns	      6586	8000191c	02a17fb3	remu	x31,x2,x10	  x2:0x00000000 x10:0x00000010 x31=0x00000000
      65905.000 ns	      6589	80001920	d018b1d3	fcvt.s.wu	f3,x17	 x17:0xfffdb0b7  f3=0x4f7ffdb1
      65935.000 ns	      6592	80001924	c01f74d3	fcvt.wu.s	x9,f30	 f30:0xff7fffff  x9=0x00000000
      65965.000 ns	      6595	80001928	a14522d3	feq.s	x5,f10,f20	 f10:0xceea5700 f20:0x40290903  x5=0x00000000
      65985.000 ns	      6597	8000192c	01dfb333	sltu	x6,x31,x29	 x31:0x00000000 x29:0x00000002  x6=0x00000001
      66005.000 ns	      6599	80001930	d0038853	fcvt.s.w	f16,x7	  x7:0x0000053d f16=0x44a7a000
      66025.000 ns	      6601	80001934	0003f6b3	and	x13,x7,x0	  x7:0x0000053d  x0:0x00000000 x13=0x00000000
      66035.000 ns	      6602	80001938	0193ac33	slt	x24,x7,x25	  x7:0x0000053d x25:0x00000001 x24=0x00000000
      66055.000 ns	      6604	8000193c	a1bf05d3	fle.s	x11,f30,f27	 f30:0xff7fffff f27:0xffc00000 x11=0x00000000
      66075.000 ns	      6606	80001940	6cbde513	ori	x10,x27,1739	 x27:0xfffdb0b7 x10=0xfffdb6ff
      66095.000 ns	      6608	80001944	29b59cd3	fmax.s	f25,f11,f27	 f11:0x00000000 f27:0xffc00000 f25=0x00000000
      66115.000 ns	      6610	80001948	416e5d93	srai	x27,x28,0x16	 x28:0x00000002 x27=0x00000000
      66125.000 ns	      6611	8000194c	012ad233	srl	x4,x21,x18	 x21:0x00000000 x18:0x80040fe4  x4=0x00000000
      66145.000 ns	      6613	80001950	032609b3	mul	x19,x12,x18	 x12:0x755718b0 x18:0x80040fe4 x19=0xfec44cc0
      66165.000 ns	      6615	80001954	43ac6313	ori	x6,x24,1082	 x24:0x00000000  x6=0x0000043a
      66185.000 ns	      6617	80001958	d00312d3	fcvt.s.w	f5,x6	  x6:0x00000001  f5=0x44874000
      66205.000 ns	      6619	8000195c	bed37313	andi	x6,x6,-1043	  x6:0x00000001  x6=0x00000028
      66215.000 ns	      6620	80001960	0093eb33	or	x22,x7,x9	  x7:0x0000053d  x9:0x00000000 x22=0x0000053d
      66235.000 ns	      6622	80001964	20f08553	fsgnj.s	f10,f1,f15	  f1:0xff7fffff f15:0x42000000 f10=0x7f7fffff
      66255.000 ns	      6624	80001968	01cbe433	or	x8,x23,x28	 x23:0x00000000 x28:0x00000002  x8=0x00000002
      66265.000 ns	      6625	8000196c	8bb79c97	auipc	x25,0x8bb79	 x25=0x0bb7a96c
      66285.000 ns	      6627	80001970	e00709d3	fmv.x.w	x19,f14	 f14:0xc8c33600 x19=0xc8c33600
      66305.000 ns	      6629	80001974	01c6c2b3	xor	x5,x13,x28	 x13:0x00000000 x28:0x00000002  x5=0x00000002
      66335.000 ns	      6632	80001978	111f4153	fmul.s	f2,f30,f17	 f30:0xff7fffff f17:0x80040fe4  f2=0x3e01fc80
      66355.000 ns	      6634	8000197c	b8600593	addi	x11,x0,-1146	  x0:0x00000000 x11=0xfffffb86
      66375.000 ns	      6636	80001980	021e8033	mul	x0,x29,x1	 x29:0x00000002  x1:0x00000010
      66395.000 ns	      6638	80001984	4040d0b3	sra	x1,x1,x4	  x1:0x00000010  x4:0x00000000  x1=0x00000010
      66405.000 ns	      6639	80001988	00d4d033	srl	x0,x9,x13	  x9:0x00000000 x13:0x00000000
      66425.000 ns	      6641	8000198c	e00f9b53	fclass.s	x22,f31	 f31:0x7f800000 x22=0x00000080
      66455.000 ns	      6644	80001990	03b1ceb3	div	x29,x3,x27	  x3:0x00000000 x27:0x00000000 x29=0xffffffff
      66825.000 ns	      6681	80001994	028865b3	rem	x11,x16,x8	 x16:0x00000002  x8:0x00000002 x11=0x00000000
      66855.000 ns	      6684	80001998	21dc9153	fsgnjn.s	f2,f25,f29	 f25:0x00000000 f29:0xff7fffff  f2=0x00000000
      66875.000 ns	      6686	8000199c	0171a2b3	slt	x5,x3,x23	  x3:0x00000000 x23:0x00000000  x5=0x00000000
      67235.000 ns	      6722	800019a0	02abcab3	div	x21,x23,x10	 x23:0x00000000 x10:0xfffdb6ff x21=0x00000000
      67265.000 ns	      6725	800019a4	f0028053	fmv.w.x	f0,x5	  x5:0x00000002  f0=0x00000000
      67295.000 ns	      6728	800019a8	a0058553	fle.s	x10,f11,f0	 f11:0x00000000  f0:0x7fc00000 x10=0x00000001
      67325.000 ns	      6731	800019ac	03ec8133	mul	x2,x25,x30	 x25:0x0bb7a96c x30:0x80400020  x2=0xd1f52d80
      67355.000 ns	      6734	800019b0	c00b7253	fcvt.w.s	x4,f22	 f22:0x00000000  x4=0x00000000
      67375.000 ns	      6736	800019b4	001644b3	xor	x9,x12,x1	 x12:0x755718b0  x1:0x00000010  x9=0x755718a0
      67395.000 ns	      6738	800019b8	e0079a53	fclass.s	x20,f15	 f15:0x42000000 x20=0x00000040
      67425.000 ns	      6741	800019bc	e0038f53	fmv.x.w	x30,f7	  f7:0x7fc00000 x30=0x7fc00000
      67455.000 ns	      6744	800019c0	c01c7ad3	fcvt.wu.s	x21,f24	 f24:0x40290903 x21=0x00000002
      67825.000 ns	      6781	800019c4	03377eb3	remu	x29,x14,x19	 x14:0x80041024 x19:0xc8c33600 x29=0x80041024
      67855.000 ns	      6784	800019c8	211f01d3	fsgnj.s	f3,f30,f17	 f30:0xff7fffff f17:0x80040fe4  f3=0xff7fffff
      67885.000 ns	      6787	800019cc	d00ef953	fcvt.s.w	f18,x29	 x29:0x80041024 f18=0xcefff7df
      68255.000 ns	      6824	800019d0	0311c5b3	div	x11,x3,x17	  x3:0x00000000 x17:0xfffdb0b7 x11=0x00000000
      68285.000 ns	      6827	800019d4	0248cc33	div	x24,x17,x4	 x17:0xfffdb0b7  x4:0x00000000 x24=0xffffffff
      68325.000 ns	      6831	800019d8	185b3953	fdiv.s	f18,f22,f5	 f22:0x00000000  f5:0x44874000 f18=0x00000000
      68355.000 ns	      6834	800019dc	28948c53	fmin.s	f24,f9,f9	  f9:0x00000000  f9:0x00000000 f24=0x00000000
      68375.000 ns	      6836	800019e0	db8db793	sltiu	x15,x27,-584	 x27:0x00000000 x15=0x00000001
      68385.000 ns	      6837	800019e4	a8f2a393	slti	x7,x5,-1393	  x5:0x00000000  x7=0x00000000
      68405.000 ns	      6839	800019e8	21e7a353	fsgnjx.s	f6,f15,f30	 f15:0x42000000 f30:0xff7fffff  f6=0xc2000000
      68775.000 ns	      6876	800019ec	0301e2b3	rem	x5,x3,x16	  x3:0x00000000 x16:0x00000002  x5=0x00000000
      68795.000 ns	      6878	800019f0	00b6d693	srli	x13,x13,0xb	 x13:0x00000000 x13=0x00000000
      69155.000 ns	      6914	800019f4	0345d633	divu	x12,x11,x20	 x11:0x00000000 x20:0x00000040 x12=0x00000000
      69185.000 ns	      6917	800019f8	02bbb6b3	mulhu	x13,x23,x11	 x23:0x00000000 x11:0x00000000 x13=0x00000000
      69205.000 ns	      6919	800019fc	01121233	sll	x4,x4,x17	  x4:0x00000000 x17:0xfffdb0b7  x4=0x00000000
      69565.000 ns	      6955	80001a00	03de40b3	div	x1,x28,x29	 x28:0x00000002 x29:0x80041024  x1=0x00000000
      69595.000 ns	      6958	80001a04	e0069e53	fclass.s	x28,f13	 f13:0x40290903 x28=0x00000040
      69615.000 ns	      6960	80001a08	0b19c493	xori	x9,x19,177	 x19:0xc8c33600  x9=0xc8c336b1
      69645.000 ns	      6963	80001a0c	11befa53	fmul.s	f20,f29,f27	 f29:0xff7fffff f27:0xffc00000 f20=0x7fc00000
      69675.000 ns	      6966	80001a10	206d8153	fsgnj.s	f2,f27,f6	 f27:0xffc00000  f6:0xc2000000  f2=0xffc00000
      69705.000 ns	      6969	80001a14	21460ed3	fsgnj.s	f29,f12,f20	 f12:0xffc00000 f20:0x7fc00000 f29=0x7fc00000
      69735.000 ns	      6972	80001a18	f00d0d53	fmv.w.x	f26,x26	 x26:0x74161800 f26=0x74161800
      69755.000 ns	      6974	80001a1c	0199b8b3	sltu	x17,x19,x25	 x19:0xc8c33600 x25:0x0bb7a96c x17=0x00000000
      69765.000 ns	      6975	80001a20	8cf90c13	addi	x24,x18,-1841	 x18:0x80040fe4 x24=0x800408b3
      69785.000 ns	      6977	80001a24	03dc17b3	mulh	x15,x24,x29	 x24:0xffffffff x29:0x80041024 x15=0x3ffbf3a4
      69815.000 ns	      6980	80001a28	038f1fb3	mulh	x31,x30,x24	 x30:0x7fc00000 x24:0xffffffff x31=0xc0220357
      69835.000 ns	      6982	80001a2c	1930ab93	slti	x23,x1,403	  x1:0x00000000 x23=0x00000001
      69845.000 ns	      6983	80001a30	45bb8eb7	lui	x29,0x45bb8	 x29=0x45bb8000
      69855.000 ns	      6984	80001a34	011d3ab3	sltu	x21,x26,x17	 x26:0x74161800 x17:0x00000000 x21=0x00000000
      69865.000 ns	      6985	80001a38	019e9793	slli	x15,x29,0x19	 x29:0x80041024 x15=0x00000000
      69875.000 ns	      6986	80001a3c	25440b93	addi	x23,x8,596	  x8:0x00000002 x23=0x00000256
      69895.000 ns	      6988	80001a40	03f29233	mulh	x4,x5,x31	  x5:0x00000000 x31:0xc0220357  x4=0x00000000
      69915.000 ns	      6990	80001a44	40fdd433	sra	x8,x27,x15	 x27:0x00000000 x15:0x00000000  x8=0x00000000
      69935.000 ns	      6992	80001a48	03c31f33	mulh	x30,x6,x28	  x6:0x00000028 x28:0x00000040 x30=0x00000000
      69955.000 ns	      6994	80001a4c	00df9793	slli	x15,x31,0xd	 x31:0xc0220357 x15=0x406ae000
      69965.000 ns	      6995	80001a50	40538333	sub	x6,x7,x5	  x7:0x00000000  x5:0x00000000  x6=0x00000000
      69985.000 ns	      6997	80001a54	20f4a1d3	fsgnjx.s	f3,f9,f15	  f9:0x00000000 f15:0x42000000  f3=0x00000000
      70005.000 ns	      6999	80001a58	01269013	slli	x0,x13,0x12	 x13:0x00000000
      70045.000 ns	      7003	80001a5c	091bf653	fsub.s	f12,f23,f17	 f23:0xc2000000 f17:0x80040fe4 f12=0xc2000000
      70065.000 ns	      7005	80001a60	00167fb3	and	x31,x12,x1	 x12:0x00000000  x1:0x00000000 x31=0x00000000
      70075.000 ns	      7006	80001a64	00fa0bb3	add	x23,x20,x15	 x20:0x00000040 x15:0x406ae000 x23=0x406ae040
      70115.000 ns	      7010	80001a68	01ef7153	fadd.s	f2,f30,f30	 f30:0xff7fffff f30:0xff7fffff  f2=0xff800000
      70135.000 ns	      7012	80001a6c	019cffb3	and	x31,x25,x25	 x25:0x0bb7a96c x25:0x0bb7a96c x31=0x0bb7a96c
      70145.000 ns	      7013	80001a70	40028d33	sub	x26,x5,x0	  x5:0x00000000  x0:0x00000000 x26=0x00000000
      70155.000 ns	      7014	80001a74	f663e437	lui	x8,0xf663e	  x8=0xf663e000
      70185.000 ns	      7017	80001a78	1968f253	fdiv.s	f4,f17,f22	 f17:0x80040fe4 f22:0x00000000  f4=0xff800000
      70215.000 ns	      7020	80001a7c	e00f8dd3	fmv.x.w	x27,f31	 f31:0x7f800000 x27=0x7f800000
      70235.000 ns	      7022	80001a80	019edf93	srli	x31,x29,0x19	 x29:0x45bb8000 x31=0x00000022
      70245.000 ns	      7023	80001a84	010389b3	add	x19,x7,x16	  x7:0x00000000 x16:0x00000002 x19=0x00000002
      70265.000 ns	      7025	80001a88	20ea8d53	fsgnj.s	f26,f21,f14	 f21:0x7fc00000 f14:0xc8c33600 f26=0xffc00000
      70295.000 ns	      7028	80001a8c	035ead33	mulhsu	x26,x29,x21	 x29:0x45bb8000 x21:0x00000000 x26=0x00000000
      70325.000 ns	      7031	80001a90	c0037153	fcvt.w.s	x2,f6	  f6:0xc2000000  x2=0x00000020
      70345.000 ns	      7033	80001a94	00370ab3	add	x21,x14,x3	 x14:0x80041024  x3:0x00000000 x21=0x80041024
      70355.000 ns	      7034	80001a98	7ae4ac93	slti	x25,x9,1966	  x9:0xc8c336b1 x25=0x00000001
      70385.000 ns	      7037	80001a9c	580d3ed3	fsqrt.s	f29,f26	 f26:0xffc00000 f29=0x7fc00000
      70415.000 ns	      7040	80001aa0	a18d95d3	flt.s	x11,f27,f24	 f27:0xffc00000 f24:0x00000000 x11=0x00000000
      70435.000 ns	      7042	80001aa4	ba7cc213	xori	x4,x25,-1113	 x25:0x00000001  x4=0xfffffba6
      70455.000 ns	      7044	80001aa8	02b1f533	remu	x10,x3,x11	  x3:0x00000000 x11:0x00000000 x10=0x00000000
      70475.000 ns	      7046	80001aac	78252a93	slti	x21,x10,1922	 x10:0x00000001 x21=0x00000001
      70495.000 ns	      7048	80001ab0	d00e9153	fcvt.s.w	f2,x29	 x29:0x45bb8000  f2=0x4e8b7700
      70515.000 ns	      7050	80001ab4	41dc5533	sra	x10,x24,x29	 x24:0x800408b3 x29:0x45bb8000 x10=0x800408b3
      70525.000 ns	      7051	80001ab8	3d06aa13	slti	x20,x13,976	 x13:0x00000000 x20=0x00000001
      70535.000 ns	      7052	80001abc	00129333	sll	x6,x5,x1	  x5:0x00000000  x1:0x00000000  x6=0x00000000
      70555.000 ns	      7054	80001ac0	299f8d53	fmin.s	f26,f31,f25	 f31:0x7f800000 f25:0x00000000 f26=0x00000000
      70925.000 ns	      7091	80001ac4	037cddb3	divu	x27,x25,x23	 x25:0x00000001 x23:0x406ae040 x27=0x00000000
      70945.000 ns	      7093	80001ac8	b24cafb7	lui	x31,0xb24ca	 x31=0xb24ca000
      70965.000 ns	      7095	80001acc	21c08953	fsgnj.s	f18,f1,f28	  f1:0xff7fffff f28:0x40000000 f18=0x7f7fffff
      70985.000 ns	      7097	80001ad0	017aec33	or	x24,x21,x23	 x21:0x00000001 x23:0x406ae040 x24=0x406ae041
      71005.000 ns	      7099	80001ad4	030b9633	mulh	x12,x23,x16	 x23:0x406ae040 x16:0x00000002 x12=0x00000000
      71035.000 ns	      7102	80001ad8	d01b2f53	fcvt.s.wu	f30,x22	 x22:0x00000080 f30=0x43000000
      71055.000 ns	      7104	80001adc	012c5e33	srl	x28,x24,x18	 x24:0x406ae041 x18:0x80040fe4 x28=0x0406ae04
      71095.000 ns	      7108	80001ae0	006579d3	fadd.s	f19,f10,f6	 f10:0x7f7fffff  f6:0xc2000000 f19=0x7f7fffff
      71125.000 ns	      7111	80001ae4	027cffb3	remu	x31,x25,x7	 x25:0x00000001  x7:0x00000000 x31=0x00000001
      71155.000 ns	      7114	80001ae8	03ae22b3	mulhsu	x5,x28,x26	 x28:0x0406ae04 x26:0x00000000  x5=0x00000000
      71185.000 ns	      7117	80001aec	e00c9153	fclass.s	x2,f25	 f25:0x00000000  x2=0x00000010
      71215.000 ns	      7120	80001af0	205f0b53	fsgnj.s	f22,f30,f5	 f30:0x43000000  f5:0x44874000 f22=0x43000000
      71235.000 ns	      7122	80001af4	c37c6e93	ori	x29,x24,-969	 x24:0x406ae041 x29=0xfffffc77
      71275.000 ns	      7126	80001af8	00d7f253	fadd.s	f4,f15,f13	 f15:0x42000000 f13:0x40290903  f4=0x420a9090
      71305.000 ns	      7129	80001afc	02dada33	divu	x20,x21,x13	 x21:0x00000001 x13:0x00000000 x20=0xffffffff
      71335.000 ns	      7132	80001b00	c014b0d3	fcvt.wu.s	x1,f9	  f9:0x00000000  x1=0x00000000
      71365.000 ns	      7135	80001b04	a0058ed3	fle.s	x29,f11,f0	 f11:0x00000000  f0:0x00000000 x29=0x00000001
      71385.000 ns	      7137	80001b08	e7253093	sltiu	x1,x10,-398	 x10:0x800408b3  x1=0x00000001
      71395.000 ns	      7138	80001b0c	40c7da33	sra	x20,x15,x12	 x15:0x406ae000 x12:0x00000000 x20=0x406ae000
      71435.000 ns	      7142	80001b10	08691cd3	fsub.s	f25,f18,f6	 f18:0x7f7fffff  f6:0xc2000000 f25=0x7f7fffff
      71465.000 ns	      7145	80001b14	293015d3	fmax.s	f11,f0,f19	  f0:0x00000000 f19:0x7f7fffff f11=0x7f7fffff
      71485.000 ns	      7147	80001b18	000c4433	xor	x8,x24,x0	 x24:0x406ae041  x0:0x00000000  x8=0x406ae041
      71505.000 ns	      7149	80001b1c	02df1bb3	mulh	x23,x30,x13	 x30:0x00000000 x13:0x00000000 x23=0x00000000
      71535.000 ns	      7152	80001b20	21281e53	fsgnjn.s	f28,f16,f18	 f16:0x44a7a000 f18:0x7f7fffff f28=0xc4a7a000
      71565.000 ns	      7155	80001b24	02bbe2b3	rem	x5,x23,x11	 x23:0x00000000 x11:0x00000000  x5=0x00000000
      72745.000 ns	      7273	80001b28	5809b9d3	fsqrt.s	f19,f19	 f19:0x7f7fffff f19=0x5f350461
      72765.000 ns	      7275	80001b2c	00b097b3	sll	x15,x1,x11	  x1:0x00000001 x11:0x00000000 x15=0x00000001
      72785.000 ns	      7277	80001b30	e00682d3	fmv.x.w	x5,f13	 f13:0x40290903  x5=0x40290903
      72815.000 ns	      7280	80001b34	e0050a53	fmv.x.w	x20,f10	 f10:0x7f7fffff x20=0x7f7fffff
      72835.000 ns	      7282	80001b38	41ea7213	andi	x4,x20,1054	 x20:0x406ae000  x4=0x0000041e
      72855.000 ns	      7284	80001b3c	02b4db33	divu	x22,x9,x11	  x9:0xc8c336b1 x11:0x00000000 x22=0xffffffff
      72875.000 ns	      7286	80001b40	014853b3	srl	x7,x16,x20	 x16:0x00000002 x20:0x7f7fffff  x7=0x00000000
      72895.000 ns	      7288	80001b44	213992d3	fsgnjn.s	f5,f19,f19	 f19:0x5f350461 f19:0x5f350461  f5=0xdf350461
      72925.000 ns	      7291	80001b48	a1e080d3	fle.s	x1,f1,f30	  f1:0xff7fffff f30:0x43000000  x1=0x00000001
      72955.000 ns	      7294	80001b4c	f0008153	fmv.w.x	f2,x1	  x1:0x00000001  f2=0x00000001
      72975.000 ns	      7296	80001b50	01299db3	sll	x27,x19,x18	 x19:0x00000002 x18:0x80040fe4 x27=0x00000020
      72995.000 ns	      7298	80001b54	e00e82d3	fmv.x.w	x5,f29	 f29:0x7fc00000  x5=0x7fc00000
      73365.000 ns	      7335	80001b58	03297233	remu	x4,x18,x18	 x18:0x80040fe4 x18:0x80040fe4  x4=0x00000000
      73385.000 ns	      7337	80001b5c	c22d8d97	auipc	x27,0xc22d8	 x27=0x422d9b5c
      73395.000 ns	      7338	80001b60	00984ab3	xor	x21,x16,x9	 x16:0x00000002  x9:0xc8c336b1 x21=0xc8c336b3
      73415.000 ns	      7340	80001b64	f00186d3	fmv.w.x	f13,x3	  x3:0x00000000 f13=0x00000000
      73435.000 ns	      7342	80001b68	004ff433	and	x8,x31,x4	 x31:0x00000001  x4:0x00000000  x8=0x00000000
      73455.000 ns	      7344	80001b6c	28e09bd3	fmax.s	f23,f1,f14	  f1:0xff7fffff f14:0xc8c33600 f23=0xc8c33600
      73485.000 ns	      7347	80001b70	20ea09d3	fsgnj.s	f19,f20,f14	 f20:0x7fc00000 f14:0xc8c33600 f19=0xffc00000
      73525.000 ns	      7351	80001b74	19ec78d3	fdiv.s	f17,f24,f30	 f24:0x00000000 f30:0x43000000 f17=0x00000000
      73555.000 ns	      7354	80001b78	0318a5b3	mulhsu	x11,x17,x17	 x17:0x00000000 x17:0x00000000 x11=0x00000000
      73585.000 ns	      7357	80001b7c	210faed3	fsgnjx.s	f29,f31,f16	 f31:0x7f800000 f16:0x44a7a000 f29=0x7f800000
      73635.000 ns	      7362	80001b80	01848653	fadd.s	f12,f9,f24	  f9:0x00000000 f24:0x00000000 f12=0x00000000
      73655.000 ns	      7364	80001b84	49d71f97	auipc	x31,0x49d71	 x31=0xc9d72b84
      73675.000 ns	      7366	80001b88	d0093f53	fcvt.s.w	f30,x18	 x18:0x80040fe4 f30=0xcefff7e1
      73705.000 ns	      7369	80001b8c	03180a33	mul	x20,x16,x17	 x16:0x00000002 x17:0x00000000 x20=0x00000000
      73725.000 ns	      7371	80001b90	d8fc6893	ori	x17,x24,-625	 x24:0x406ae041 x17=0xfffffdcf
      73735.000 ns	      7372	80001b94	0171c6b3	xor	x13,x3,x23	  x3:0x00000000 x23:0x00000000 x13=0x00000000
      73745.000 ns	      7373	80001b98	414c8a33	sub	x20,x25,x20	 x25:0x00000001 x20:0x00000000 x20=0x00000001
      73765.000 ns	      7375	80001b9c	a0b620d3	feq.s	x1,f12,f11	 f12:0x00000000 f11:0x7f7fffff  x1=0x00000000
      73795.000 ns	      7378	80001ba0	e00298d3	fclass.s	x17,f5	  f5:0xdf350461 x17=0x00000002
      73815.000 ns	      7380	80001ba4	ef542b13	slti	x22,x8,-267	  x8:0x00000000 x22=0x00000000
      73825.000 ns	      7381	80001ba8	00000013	addi	x0,x0,0	  x0:0x00000000
      74185.000 ns	      7417	80001bac	02acf633	remu	x12,x25,x10	 x25:0x00000001 x10:0x800408b3 x12=0x00000001
      74205.000 ns	      7419	80001bb0	418e53b3	sra	x7,x28,x24	 x28:0x0406ae04 x24:0x406ae041  x7=0x02035702
      74225.000 ns	      7421	80001bb4	20520ad3	fsgnj.s	f21,f4,f5	  f4:0x420a9090  f5:0xdf350461 f21=0xc20a9090
      74595.000 ns	      7458	80001bb8	02a1c6b3	div	x13,x3,x10	  x3:0x00000000 x10:0x800408b3 x13=0x00000000
      74625.000 ns	      7461	80001bbc	e0001d53	fclass.s	x26,f0	  f0:0x00000000 x26=0x00000010
      74645.000 ns	      7463	80001bc0	01289593	slli	x11,x17,0x12	 x17:0x00000002 x11=0x00080000
      74675.000 ns	      7466	80001bc4	5804b9d3	fsqrt.s	f19,f9	  f9:0x00000000 f19=0x00000000
      75045.000 ns	      7503	80001bc8	031762b3	rem	x5,x14,x17	 x14:0x80041024 x17:0x00000002  x5=0x00000000
      75065.000 ns	      7505	80001bcc	2bcb6093	ori	x1,x22,700	 x22:0x00000000  x1=0x000002bc
      75085.000 ns	      7507	80001bd0	d0157353	fcvt.s.wu	f6,x10	 x10:0x800408b3  f6=0x4f000408
      75105.000 ns	      7509	80001bd4	faf02537	lui	x10,0xfaf02	 x10=0xfaf02000
      75115.000 ns	      7510	80001bd8	009ae9b3	or	x19,x21,x9	 x21:0xc8c336b3  x9:0xc8c336b1 x19=0xc8c336b3
      75125.000 ns	      7511	80001bdc	018698b3	sll	x17,x13,x24	 x13:0x00000000 x24:0x406ae041 x17=0x00000000
      75145.000 ns	      7513	80001be0	e00e8253	fmv.x.w	x4,f29	 f29:0x7f800000  x4=0x7f800000
      75175.000 ns	      7516	80001be4	a03910d3	flt.s	x1,f18,f3	 f18:0x7f7fffff  f3:0x00000000  x1=0x00000000
      75195.000 ns	      7518	80001be8	1bdd6893	ori	x17,x26,445	 x26:0x00000010 x17=0x000001bd
      75205.000 ns	      7519	80001bec	01a4fdb3	and	x27,x9,x26	  x9:0xc8c336b1 x26:0x00000010 x27=0x00000010
      75225.000 ns	      7521	80001bf0	a02a85d3	fle.s	x11,f21,f2	 f21:0xc20a9090  f2:0x00000001 x11=0x00000001
      75245.000 ns	      7523	80001bf4	01315993	srli	x19,x2,0x13	  x2:0x00000010 x19=0x00000000
      75275.000 ns	      7526	80001bf8	197a27d3	fdiv.s	f15,f20,f23	 f20:0x7fc00000 f23:0xc8c33600 f15=0x7fc00000
      75295.000 ns	      7528	80001bfc	01d04b33	xor	x22,x0,x29	  x0:0x00000000 x29:0x00000001 x22=0x00000001
      75315.000 ns	      7530	80001c00	02c79433	mulh	x8,x15,x12	 x15:0x00000001 x12:0x00000001  x8=0x00000000
      75345.000 ns	      7533	80001c04	d014b453	fcvt.s.wu	f8,x9	  x9:0xc8c336b1  f8=0x4f48c337
      75375.000 ns	      7536	80001c08	c0173fd3	fcvt.wu.s	x31,f14	 f14:0xc8c33600 x31=0x000619b0
      75395.000 ns	      7538	80001c0c	0068f5b3	and	x11,x17,x6	 x17:0x000001bd  x6:0x00000000 x11=0x00000000
      75415.000 ns	      7540	80001c10	f00686d3	fmv.w.x	f13,x13	 x13:0x00000000 f13=0x00000000
      75445.000 ns	      7543	80001c14	20bd02d3	fsgnj.s	f5,f26,f11	 f26:0x00000000 f11:0x7f7fffff  f5=0x00000000
      75465.000 ns	      7545	80001c18	01a83533	sltu	x10,x16,x26	 x16:0x00000002 x26:0x00000010 x10=0x00000001
      75475.000 ns	      7546	80001c1c	01b71ab3	sll	x21,x14,x27	 x14:0x80041024 x27:0x00000010 x21=0x10240000
      75495.000 ns	      7548	80001c20	a02897d3	flt.s	x15,f17,f2	 f17:0x00000000  f2:0x00000001 x15=0x00000001
      75525.000 ns	      7551	80001c24	d01fa2d3	fcvt.s.wu	f5,x31	 x31:0x000619b0  f5=0x48c33600
      75545.000 ns	      7553	80001c28	28003a93	sltiu	x21,x0,640	  x0:0x00000000 x21=0x00000001
      75565.000 ns	      7555	80001c2c	c0160f53	fcvt.wu.s	x30,f12	 f12:0x00000000 x30=0x00000000
      75595.000 ns	      7558	80001c30	03958033	mul	x0,x11,x25	 x11:0x00000000 x25:0x00000001
      75625.000 ns	      7561	80001c34	021641b3	div	x3,x12,x1	 x12:0x00000001  x1:0x00000000  x3=0xffffffff
      75645.000 ns	      7563	80001c38	01239613	slli	x12,x7,0x12	  x7:0x02035702 x12=0x5c080000
      75665.000 ns	      7565	80001c3c	a01d2053	feq.s	x0,f26,f1	 f26:0x00000000  f1:0xff7fffff
      75685.000 ns	      7567	80001c40	1b723213	sltiu	x4,x4,439	  x4:0x7f800000  x4=0x00000000
      75695.000 ns	      7568	80001c44	00cdec33	or	x24,x27,x12	 x27:0x00000010 x12:0x5c080000 x24=0x5c080010
      75715.000 ns	      7570	80001c48	205314d3	fsgnjn.s	f9,f6,f5	  f6:0x4f000408  f5:0x48c33600  f9=0xcf000408
      75755.000 ns	      7574	80001c4c	1137fed3	fmul.s	f29,f15,f19	 f15:0x7fc00000 f19:0x00000000 f29=0x7fc00000
      75795.000 ns	      7578	80001c50	18e7c953	fdiv.s	f18,f15,f14	 f15:0x7fc00000 f14:0xc8c33600 f18=0x7fc00000
      75825.000 ns	      7581	80001c54	d00ffa53	fcvt.s.w	f20,x31	 x31:0x000619b0 f20=0x48c33600
      75855.000 ns	      7584	80001c58	d011f1d3	fcvt.s.wu	f3,x3	  x3:0xffffffff  f3=0x4f7fffff
      75875.000 ns	      7586	80001c5c	01cc9693	slli	x13,x25,0x1c	 x25:0x00000001 x13=0x10000000
      75885.000 ns	      7587	80001c60	0091bdb3	sltu	x27,x3,x9	  x3:0xffffffff  x9:0xc8c336b1 x27=0x00000000
      75905.000 ns	      7589	80001c64	c01b7dd3	fcvt.wu.s	x27,f22	 f22:0x43000000 x27=0x00000080
      75935.000 ns	      7592	80001c68	e00f1653	fclass.s	x12,f30	 f30:0xcefff7e1 x12=0x00000002
      75955.000 ns	      7594	80001c6c	01461f93	slli	x31,x12,0x14	 x12:0x5c080000 x31=0x00200000
      76315.000 ns	      7630	80001c70	02315033	divu	x0,x2,x3	  x2:0x00000010  x3:0xffffffff
      76345.000 ns	      7633	80001c74	a05c9653	flt.s	x12,f25,f5	 f25:0x7f7fffff  f5:0x48c33600 x12=0x00000000
      76385.000 ns	      7637	80001c78	18d82153	fdiv.s	f2,f16,f13	 f16:0x44a7a000 f13:0x00000000  f2=0x7f800000
      76405.000 ns	      7639	80001c7c	8c286993	ori	x19,x16,-1854	 x16:0x00000002 x19=0xfffff8c2
      76735.000 ns	      7672	80001c80	1844a3d3	fdiv.s	f7,f9,f4	  f9:0xcf000408  f4:0x420a9090  f7=0xcc12e040
      76765.000 ns	      7675	80001c84	20a325d3	fsgnjx.s	f11,f6,f10	  f6:0x4f000408 f10:0x7f7fffff f11=0x4f000408
      76785.000 ns	      7677	80001c88	00d48333	add	x6,x9,x13	  x9:0xc8c336b1 x13:0x10000000  x6=0xd8c336b1
      76805.000 ns	      7679	80001c8c	a0f2a5d3	feq.s	x11,f5,f15	  f5:0x48c33600 f15:0x7fc00000 x11=0x00000000
      76825.000 ns	      7681	80001c90	01c469b3	or	x19,x8,x28	  x8:0x00000000 x28:0x0406ae04 x19=0x0406ae04
      76835.000 ns	      7682	80001c94	00fe67b3	or	x15,x28,x15	 x28:0x0406ae04 x15:0x00000001 x15=0x0406ae05
      76855.000 ns	      7684	80001c98	02c0e133	rem	x2,x1,x12	  x1:0x00000000 x12:0x00000000  x2=0x00000000
      76875.000 ns	      7686	80001c9c	01ea7db3	and	x27,x20,x30	 x20:0x00000001 x30:0x00000000 x27=0x00000000
      76885.000 ns	      7687	80001ca0	06350613	addi	x12,x10,99	 x10:0x00000001 x12=0x00000064
      76895.000 ns	      7688	80001ca4	a58bf613	andi	x12,x23,-1448	 x23:0x00000000 x12=0x00000000
      76905.000 ns	      7689	80001ca8	01c05b33	srl	x22,x0,x28	  x0:0x00000000 x28:0x0406ae04 x22=0x00000000
      76925.000 ns	      7691	80001cac	a1328fd3	fle.s	x31,f5,f19	  f5:0x48c33600 f19:0x00000000 x31=0x00000000
      76955.000 ns	      7694	80001cb0	c0087e53	fcvt.w.s	x28,f16	 f16:0x44a7a000 x28=0x0000053d
      76975.000 ns	      7696	80001cb4	001c25b3	slt	x11,x24,x1	 x24:0x5c080010  x1:0x00000000 x11=0x00000000
      76995.000 ns	      7698	80001cb8	0217ae33	mulhsu	x28,x15,x1	 x15:0x0406ae05  x1:0x00000000 x28=0x00000000
      77015.000 ns	      7700	80001cbc	f9153613	sltiu	x12,x10,-111	 x10:0x00000001 x12=0x00000001
      77025.000 ns	      7701	80001cc0	b5fdf493	andi	x9,x27,-1185	 x27:0x00000000  x9=0x00000000
      77055.000 ns	      7704	80001cc4	117975d3	fmul.s	f11,f18,f23	 f18:0x7fc00000 f23:0xc8c33600 f11=0x7fc00000
      77075.000 ns	      7706	80001cc8	a738b137	lui	x2,0xa738b	  x2=0xa738b000
      77085.000 ns	      7707	80001ccc	00e2cf33	xor	x30,x5,x14	  x5:0x00000000 x14:0x80041024 x30=0x80041024
      77105.000 ns	      7709	80001cd0	e00787d3	fmv.x.w	x15,f15	 f15:0x7fc00000 x15=0x7fc00000
      77125.000 ns	      7711	80001cd4	00c38b33	add	x22,x7,x12	  x7:0x02035702 x12:0x00000001 x22=0x02035703
      77135.000 ns	      7712	80001cd8	00e707b3	add	x15,x14,x14	 x14:0x80041024 x14:0x80041024 x15=0x00082048
      77165.000 ns	      7715	80001cdc	10d27bd3	fmul.s	f23,f4,f13	  f4:0x420a9090 f13:0x00000000 f23=0x00000000
      77535.000 ns	      7752	80001ce0	038d6a33	rem	x20,x26,x24	 x26:0x00000010 x24:0x5c080010 x20=0x00000010
      77555.000 ns	      7754	80001ce4	01781eb3	sll	x29,x16,x23	 x16:0x00000002 x23:0x00000000 x29=0x00000002
      77565.000 ns	      7755	80001ce8	31e179b7	lui	x19,0x31e17	 x19=0x31e17000
      77605.000 ns	      7759	80001cec	0840fa53	fsub.s	f20,f1,f4	  f1:0xff7fffff  f4:0x420a9090 f20=0xff7fffff
      77625.000 ns	      7761	80001cf0	40ed56b3	sra	x13,x26,x14	 x26:0x00000010 x14:0x80041024 x13=0x00000001
      77645.000 ns	      7763	80001cf4	290e0653	fmin.s	f12,f28,f16	 f28:0xc4a7a000 f16:0x44a7a000 f12=0xc4a7a000
      77685.000 ns	      7767	80001cf8	58017153	fsqrt.s	f2,f2	  f2:0x7f800000  f2=0x7f800000
      77705.000 ns	      7769	80001cfc	d78b4f93	xori	x31,x22,-648	 x22:0x02035703 x31=0xfdfcaa7b
      77715.000 ns	      7770	80001d00	73898513	addi	x10,x19,1848	 x19:0x31e17000 x10=0x31e17738
      77735.000 ns	      7772	80001d04	d015a653	fcvt.s.wu	f12,x11	 x11:0x00000000 f12=0x00000000
      77755.000 ns	      7774	80001d08	29267d37	lui	x26,0x29267	 x26=0x29267000
      77765.000 ns	      7775	80001d0c	00fde533	or	x10,x27,x15	 x27:0x00000000 x15:0x00082048 x10=0x00082048
      77775.000 ns	      7776	80001d10	45d44b13	xori	x22,x8,1117	  x8:0x00000000 x22=0x0000045d
      77805.000 ns	      7779	80001d14	19fa2ad3	fdiv.s	f21,f20,f31	 f20:0xff7fffff f31:0x7f800000 f21=0x80000000
      77825.000 ns	      7781	80001d18	417b8c33	sub	x24,x23,x23	 x23:0x00000000 x23:0x00000000 x24=0x00000000
      77835.000 ns	      7782	80001d1c	0130dab3	srl	x21,x1,x19	  x1:0x00000000 x19:0x31e17000 x21=0x00000000
      77845.000 ns	      7783	80001d20	01a78b33	add	x22,x15,x26	 x15:0x00082048 x26:0x29267000 x22=0x292e9048
      77855.000 ns	      7784	80001d24	003ad993	srli	x19,x21,0x3	 x21:0x00000001 x19=0x00000000
      77865.000 ns	      7785	80001d28	06fe3137	lui	x2,0x6fe3	  x2=0x06fe3000
      77885.000 ns	      7787	80001d2c	0339ebb3	rem	x23,x19,x19	 x19:0x31e17000 x19:0x31e17000 x23=0x00000000
      77915.000 ns	      7790	80001d30	0333d5b3	divu	x11,x7,x19	  x7:0x02035702 x19:0x00000000 x11=0xffffffff
      77945.000 ns	      7793	80001d34	02b436b3	mulhu	x13,x8,x11	  x8:0x00000000 x11:0x00000000 x13=0x00000000
      77985.000 ns	      7797	80001d38	1048f953	fmul.s	f18,f17,f4	 f17:0x00000000  f4:0x420a9090 f18=0x00000000
      78015.000 ns	      7800	80001d3c	03c5f1b3	remu	x3,x11,x28	 x11:0xffffffff x28:0x00000000  x3=0xffffffff
      78045.000 ns	      7803	80001d40	c019f253	fcvt.wu.s	x4,f19	 f19:0x00000000  x4=0x00000000
      78095.000 ns	      7808	80001d44	016bf9d3	fadd.s	f19,f23,f22	 f23:0x00000000 f22:0x43000000 f19=0x43000000
      78465.000 ns	      7845	80001d48	03a97cb3	remu	x25,x18,x26	 x18:0x80040fe4 x26:0x29267000 x25=0x0490bfe4
      78835.000 ns	      7882	80001d4c	039ed8b3	divu	x17,x29,x25	 x29:0x00000002 x25:0x00000001 x17=0x00000000
      78855.000 ns	      7884	80001d50	01611233	sll	x4,x2,x22	  x2:0x06fe3000 x22:0x292e9048  x4=0xfe300000
      78885.000 ns	      7887	80001d54	580777d3	fsqrt.s	f15,f14	 f14:0xc8c33600 f15=0x7fc00000
      78905.000 ns	      7889	80001d58	00febdb3	sltu	x27,x29,x15	 x29:0x00000002 x15:0x00082048 x27=0x00000001
      78915.000 ns	      7890	80001d5c	cd8b4e93	xori	x29,x22,-808	 x22:0x292e9048 x29=0xd6d16c90
      78935.000 ns	      7892	80001d60	e0060353	fmv.x.w	x6,f12	 f12:0x00000000  x6=0x00000000
      79305.000 ns	      7929	80001d64	036b57b3	divu	x15,x22,x22	 x22:0x292e9048 x22:0x292e9048 x15=0x00000001
      79325.000 ns	      7931	80001d68	00505e33	srl	x28,x0,x5	  x0:0x00000000  x5:0x00000000 x28=0x00000000
      79345.000 ns	      7933	80001d6c	c01a41d3	fcvt.wu.s	x3,f20	 f20:0xff7fffff  x3=0x00000000
      79375.000 ns	      7936	80001d70	20210153	fsgnj.s	f2,f2,f2	  f2:0x7f800000  f2:0x7f800000  f2=0x7f800000
      79405.000 ns	      7939	80001d74	d0197f53	fcvt.s.wu	f30,x18	 x18:0x80040fe4 f30=0x4f00040f
      79425.000 ns	      7941	80001d78	43783a93	sltiu	x21,x16,1079	 x16:0x00000002 x21=0x00000001
      79445.000 ns	      7943	80001d7c	295c02d3	fmin.s	f5,f24,f21	 f24:0x00000000 f21:0x80000000  f5=0x80000000
      79465.000 ns	      7945	80001d80	6d13ce13	xori	x28,x7,1745	  x7:0x02035702 x28=0x020351d3
      79475.000 ns	      7946	80001d84	404cd4b3	sra	x9,x25,x4	 x25:0x0490bfe4  x4:0xfe300000  x9=0x0490bfe4
      79495.000 ns	      7948	80001d88	a094ad53	feq.s	x26,f9,f9	  f9:0xcf000408  f9:0xcf000408 x26=0x00000001
      79515.000 ns	      7950	80001d8c	01e51bb3	sll	x23,x10,x30	 x10:0x00082048 x30:0x80041024 x23=0x00820480
      79535.000 ns	      7952	80001d90	2109af53	fsgnjx.s	f30,f19,f16	 f19:0x43000000 f16:0x44a7a000 f30=0x43000000
      79555.000 ns	      7954	80001d94	018a5633	srl	x12,x20,x24	 x20:0x00000010 x24:0x00000000 x12=0x00000010
      79565.000 ns	      7955	80001d98	006e4f33	xor	x30,x28,x6	 x28:0x020351d3  x6:0x00000000 x30=0x020351d3
      79575.000 ns	      7956	80001d9c	00e61033	sll	x0,x12,x14	 x12:0x00000001 x14:0x80041024
      79595.000 ns	      7958	80001da0	f00488d3	fmv.w.x	f17,x9	  x9:0x0490bfe4 f17=0x0490bfe4
      79615.000 ns	      7960	80001da4	b3d25217	auipc	x4,0xb3d25	  x4=0x33d26da4
      79635.000 ns	      7962	80001da8	a1f29653	flt.s	x12,f5,f31	  f5:0x80000000 f31:0x7f800000 x12=0x00000001
      80005.000 ns	      7999	80001dac	02ca46b3	div	x13,x20,x12	 x20:0x00000010 x12:0x00000010 x13=0x00000010
      80025.000 ns	      8001	80001db0	417ad793	srai	x15,x21,0x17	 x21:0x00000001 x15=0x00000000
      80035.000 ns	      8002	80001db4	41ac8333	sub	x6,x25,x26	 x25:0x0490bfe4 x26:0x00000001  x6=0x0490bfe3
      80055.000 ns	      8004	80001db8	d01075d3	fcvt.s.wu	f11,x0	  x0:0x00000000 f11=0x00000000
      80075.000 ns	      8006	80001dbc	01c332b3	sltu	x5,x6,x28	  x6:0x00000000 x28:0x020351d3  x5=0x00000000
      80095.000 ns	      8008	80001dc0	203595d3	fsgnjn.s	f11,f11,f3	 f11:0x00000000  f3:0x4f7fffff f11=0x80000000
      80125.000 ns	      8011	80001dc4	e00694d3	fclass.s	x9,f13	 f13:0x00000000  x9=0x00000010
      80155.000 ns	      8014	80001dc8	02184c33	div	x24,x16,x1	 x16:0x00000002  x1:0x00000000 x24=0xffffffff
      80185.000 ns	      8017	80001dcc	e00301d3	fmv.x.w	x3,f6	  f6:0x4f000408  x3=0x4f000408
      80205.000 ns	      8019	80001dd0	0165a2b3	slt	x5,x11,x22	 x11:0xffffffff x22:0x292e9048  x5=0x00000001
      80225.000 ns	      8021	80001dd4	c01d17d3	fcvt.wu.s	x15,f26	 f26:0x00000000 x15=0x00000000
      80245.000 ns	      8023	80001dd8	18933793	sltiu	x15,x6,393	  x6:0x0490bfe3 x15=0x00000000
      80255.000 ns	      8024	80001ddc	77eb4113	xori	x2,x22,1918	 x22:0x292e9048  x2=0x292e9736
      80295.000 ns	      8028	80001de0	01400e53	fadd.s	f28,f0,f20	  f0:0x00000000 f20:0xff7fffff f28=0xff7fffff
      80325.000 ns	      8031	80001de4	209988d3	fsgnj.s	f17,f19,f9	 f19:0x43000000  f9:0xcf000408 f17=0xc3000000
      80355.000 ns	      8034	80001de8	29ef0ad3	fmin.s	f21,f30,f30	 f30:0x43000000 f30:0x43000000 f21=0x43000000
      80385.000 ns	      8037	80001dec	026503b3	mul	x7,x10,x6	 x10:0x00082048  x6:0x0490bfe3  x7=0x5fca57d8
      80755.000 ns	      8074	80001df0	02a76b33	rem	x22,x14,x10	 x14:0x80041024 x10:0x00082048 x22=0xfff85ddc
      80785.000 ns	      8077	80001df4	21251053	fsgnjn.s	f0,f10,f18	 f10:0x7f7fffff f18:0x00000000  f0=0xff7fffff
      80815.000 ns	      8080	80001df8	e0000cd3	fmv.x.w	x25,f0	  f0:0x00000000 x25=0xff7fffff
      80835.000 ns	      8082	80001dfc	002c4db3	xor	x27,x24,x2	 x24:0xffffffff  x2:0x292e9736 x27=0xd6d168c9
      80855.000 ns	      8084	80001e00	02451c33	mulh	x24,x10,x4	 x10:0x00082048  x4:0x33d26da4 x24=0x0001a51c
      80885.000 ns	      8087	80001e04	e0019dd3	fclass.s	x27,f3	  f3:0x4f7fffff x27=0x00000040
      80915.000 ns	      8090	80001e08	a17893d3	flt.s	x7,f17,f23	 f17:0xc3000000 f23:0x00000000  x7=0x00000001
      80945.000 ns	      8093	80001e0c	021a6033	rem	x0,x20,x1	 x20:0x00000010  x1:0x00000000
      80965.000 ns	      8095	80001e10	01388b33	add	x22,x17,x19	 x17:0x00000000 x19:0x00000000 x22=0x00000000
      80985.000 ns	      8097	80001e14	02a820b3	mulhsu	x1,x16,x10	 x16:0x00000002 x10:0x00082048  x1=0x00000000
      81005.000 ns	      8099	80001e18	3ca17b13	andi	x22,x2,970	  x2:0x292e9736 x22=0x00000302
      81025.000 ns	      8101	80001e1c	0336db33	divu	x22,x13,x19	 x13:0x00000010 x19:0x00000000 x22=0xffffffff
      81045.000 ns	      8103	80001e20	419101b3	sub	x3,x2,x25	  x2:0x292e9736 x25:0xff7fffff  x3=0x29ae9737
      82215.000 ns	      8220	80001e24	580afed3	fsqrt.s	f29,f21	 f21:0x43000000 f29=0x40b50482
      82245.000 ns	      8223	80001e28	202b2653	fsgnjx.s	f12,f22,f2	 f22:0x43000000  f2:0x7f800000 f12=0x43000000
      82265.000 ns	      8225	80001e2c	00e9fab3	and	x21,x19,x14	 x19:0x00000000 x14:0x80041024 x21=0x00000000
      82275.000 ns	      8226	80001e30	01e1f0b3	and	x1,x3,x30	  x3:0x29ae9737 x30:0x020351d3  x1=0x00021113
      82295.000 ns	      8228	80001e34	c01e7353	fcvt.wu.s	x6,f28	 f28:0xff7fffff  x6=0x00000000
      82325.000 ns	      8231	80001e38	202ba653	fsgnjx.s	f12,f23,f2	 f23:0x00000000  f2:0x7f800000 f12=0x00000000
      82695.000 ns	      8268	80001e3c	02437f33	remu	x30,x6,x4	  x6:0x00000000  x4:0x33d26da4 x30=0x00000000
      82715.000 ns	      8270	80001e40	00405e13	srli	x28,x0,0x4	  x0:0x00000000 x28=0x00000000
      82735.000 ns	      8272	80001e44	033ed133	divu	x2,x29,x19	 x29:0xd6d16c90 x19:0x00000000  x2=0xffffffff
      82765.000 ns	      8275	80001e48	0397b6b3	mulhu	x13,x15,x25	 x15:0x00000000 x25:0xff7fffff x13=0x00000000
      82785.000 ns	      8277	80001e4c	4b33f293	andi	x5,x7,1203	  x7:0x00000001  x5=0x00000001
      82795.000 ns	      8278	80001e50	9fe4a617	auipc	x12,0x9fe4a	 x12=0x1fe4be50
      82815.000 ns	      8280	80001e54	e00f8553	fmv.x.w	x10,f31	 f31:0x7f800000 x10=0x7f800000
      82845.000 ns	      8283	80001e58	f0048653	fmv.w.x	f12,x9	  x9:0x00000010 f12=0x00000010
      82875.000 ns	      8286	80001e5c	a02c90d3	flt.s	x1,f25,f2	 f25:0x7f7fffff  f2:0x7f800000  x1=0x00000001
      82905.000 ns	      8289	80001e60	28911dd3	fmax.s	f27,f2,f9	  f2:0x7f800000  f9:0xcf000408 f27=0x7f800000
      82935.000 ns	      8292	80001e64	201318d3	fsgnjn.s	f17,f6,f1	  f6:0x4f000408  f1:0xff7fffff f17=0x4f000408
      83305.000 ns	      8329	80001e68	02b27d33	remu	x26,x4,x11	  x4:0x33d26da4 x11:0xffffffff x26=0x33d26da4
      83325.000 ns	      8331	80001e6c	01e49b33	sll	x22,x9,x30	  x9:0x00000010 x30:0x00000000 x22=0x00000010
      83685.000 ns	      8367	80001e70	032570b3	remu	x1,x10,x18	 x10:0x7f800000 x18:0x80040fe4  x1=0x7f800000
      83715.000 ns	      8370	80001e74	e0068cd3	fmv.x.w	x25,f13	 f13:0x00000000 x25=0x00000000
      83745.000 ns	      8373	80001e78	f0040bd3	fmv.w.x	f23,x8	  x8:0x00000000 f23=0x00000000
      83765.000 ns	      8375	80001e7c	415cda93	srai	x21,x25,0x15	 x25:0x00000000 x21=0x00000000
      83775.000 ns	      8376	80001e80	41470c33	sub	x24,x14,x20	 x14:0x80041024 x20:0x00000010 x24=0x80041014
      83795.000 ns	      8378	80001e84	a02dabd3	feq.s	x23,f27,f2	 f27:0x7f800000  f2:0x7f800000 x23=0x00000001
      83825.000 ns	      8381	80001e88	e00c92d3	fclass.s	x5,f25	 f25:0x7f7fffff  x5=0x00000040
      83845.000 ns	      8383	80001e8c	01c6d213	srli	x4,x13,0x1c	 x13:0x00000000  x4=0x00000000
      83855.000 ns	      8384	80001e90	00305533	srl	x10,x0,x3	  x0:0x00000000  x3:0x29ae9737 x10=0x00000000
      83875.000 ns	      8386	80001e94	d00af953	fcvt.s.w	f18,x21	 x21:0x00000000 f18=0x00000000
      83905.000 ns	      8389	80001e98	28630d53	fmin.s	f26,f6,f6	  f6:0x4f000408  f6:0x4f000408 f26=0x4f000408
      83935.000 ns	      8392	80001e9c	03189533	mulh	x10,x17,x17	 x17:0x00000000 x17:0x00000000 x10=0x00000000
      83955.000 ns	      8394	80001ea0	5e18c993	xori	x19,x17,1505	 x17:0x00000000 x19=0x000005e1
      83975.000 ns	      8396	80001ea4	a051abd3	feq.s	x23,f3,f5	  f3:0x4f7fffff  f5:0x80000000 x23=0x00000000
      84345.000 ns	      8433	80001ea8	02e4dab3	divu	x21,x9,x14	  x9:0x00000010 x14:0x80041024 x21=0x00000000
      84365.000 ns	      8435	80001eac	2134c397	auipc	x7,0x2134c	  x7=0xa134deac
      84385.000 ns	      8437	80001eb0	034d1233	mulh	x4,x26,x20	 x26:0x33d26da4 x20:0x00000010  x4=0x00000003
      84405.000 ns	      8439	80001eb4	342ae113	ori	x2,x21,834	 x21:0x00000000  x2=0x00000342
      84425.000 ns	      8441	80001eb8	21b69f53	fsgnjn.s	f30,f13,f27	 f13:0x00000000 f27:0x7f800000 f30=0x80000000
      84445.000 ns	      8443	80001ebc	40785a33	sra	x20,x16,x7	 x16:0x00000002  x7:0xa134deac x20=0x00000000
      84465.000 ns	      8445	80001ec0	a0af91d3	flt.s	x3,f31,f10	 f31:0x7f800000 f10:0x7f7fffff  x3=0x00000000
      84485.000 ns	      8447	80001ec4	01c91213	slli	x4,x18,0x1c	 x18:0x80040fe4  x4=0x40000000
      84505.000 ns	      8449	80001ec8	039fc7b3	div	x15,x31,x25	 x31:0xfdfcaa7b x25:0x00000000 x15=0xffffffff
      84525.000 ns	      8451	80001ecc	000c0133	add	x2,x24,x0	 x24:0x80041014  x0:0x00000000  x2=0x80041014
      84535.000 ns	      8452	80001ed0	416fd093	srai	x1,x31,0x16	 x31:0xfdfcaa7b  x1=0xfffffff7
      84545.000 ns	      8453	80001ed4	67155297	auipc	x5,0x67155	  x5=0xe7156ed4
      84555.000 ns	      8454	80001ed8	41e85613	srai	x12,x16,0x1e	 x16:0x00000002 x12=0x00000000
      84575.000 ns	      8456	80001edc	203d2dd3	fsgnjx.s	f27,f26,f3	 f26:0x4f000408  f3:0x4f7fffff f27=0x4f000408
      84605.000 ns	      8459	80001ee0	a16290d3	flt.s	x1,f5,f22	  f5:0x80000000 f22:0x43000000  x1=0x00000001
      84635.000 ns	      8462	80001ee4	21402cd3	fsgnjx.s	f25,f0,f20	  f0:0xff7fffff f20:0xff7fffff f25=0x7f7fffff
      84655.000 ns	      8464	80001ee8	015b1c13	slli	x24,x22,0x15	 x22:0x00000010 x24=0x02000000
      84665.000 ns	      8465	80001eec	718fec97	auipc	x25,0x718fe	 x25=0xf18ffeec
      84675.000 ns	      8466	80001ef0	01565513	srli	x10,x12,0x15	 x12:0x00000000 x10=0x00000000
      84715.000 ns	      8470	80001ef4	01831353	fadd.s	f6,f6,f24	  f6:0x4f000408 f24:0x00000000  f6=0x4f000408
      84745.000 ns	      8473	80001ef8	d00849d3	fcvt.s.w	f19,x16	 x16:0x00000002 f19=0x40000000
      84765.000 ns	      8475	80001efc	72143c13	sltiu	x24,x8,1825	  x8:0x00000000 x24=0x00000001
      84785.000 ns	      8477	80001f00	e00f96d3	fclass.s	x13,f31	 f31:0x7f800000 x13=0x00000080
      84815.000 ns	      8480	80001f04	a0bd85d3	fle.s	x11,f27,f11	 f27:0x4f000408 f11:0x80000000 x11=0x00000000
      84845.000 ns	      8483	80001f08	216d1353	fsgnjn.s	f6,f26,f22	 f26:0x4f000408 f22:0x43000000  f6=0xcf000408
      84875.000 ns	      8486	80001f0c	21512dd3	fsgnjx.s	f27,f2,f21	  f2:0x7f800000 f21:0x43000000 f27=0x7f800000
      85245.000 ns	      8523	80001f10	0292e7b3	rem	x15,x5,x9	  x5:0xe7156ed4  x9:0x00000010 x15=0xfffffff4
      85275.000 ns	      8526	80001f14	216d1953	fsgnjn.s	f18,f26,f22	 f26:0x4f000408 f22:0x43000000 f18=0xcf000408
      85295.000 ns	      8528	80001f18	00b94c33	xor	x24,x18,x11	 x18:0x80040fe4 x11:0x00000000 x24=0x80040fe4
      85315.000 ns	      8530	80001f1c	c014fad3	fcvt.wu.s	x21,f9	  f9:0xcf000408 x21=0x80040800
      85345.000 ns	      8533	80001f20	212d0ad3	fsgnj.s	f21,f26,f18	 f26:0x4f000408 f18:0xcf000408 f21=0xcf000408
      85365.000 ns	      8535	80001f24	01d333b3	sltu	x7,x6,x29	  x6:0x00000000 x29:0xd6d16c90  x7=0x00000001
      85385.000 ns	      8537	80001f28	e00d08d3	fmv.x.w	x17,f26	 f26:0x4f000408 x17=0x4f000408
      85435.000 ns	      8542	80001f2c	00f48053	fadd.s	f0,f9,f15	  f9:0xcf000408 f15:0x7fc00000  f0=0x7fc00000
      85455.000 ns	      8544	80001f30	341ffd37	lui	x26,0x341ff	 x26=0x341ff000
      85815.000 ns	      8580	80001f34	03154433	div	x8,x10,x17	 x10:0x00000000 x17:0x4f000408  x8=0x00000000
      85835.000 ns	      8582	80001f38	01721db3	sll	x27,x4,x23	  x4:0x40000000 x23:0x00000000 x27=0x40000000
      85855.000 ns	      8584	80001f3c	c0181c53	fcvt.wu.s	x24,f16	 f16:0x44a7a000 x24=0x0000053d
      85885.000 ns	      8587	80001f40	e0089f53	fclass.s	x30,f17	 f17:0x4f000408 x30=0x00000040
      85915.000 ns	      8590	80001f44	283998d3	fmax.s	f17,f19,f3	 f19:0x40000000  f3:0x4f7fffff f17=0x4f7fffff
      85935.000 ns	      8592	80001f48	01cd7133	and	x2,x26,x28	 x26:0x341ff000 x28:0x00000000  x2=0x00000000
      85955.000 ns	      8594	80001f4c	c00d7453	fcvt.w.s	x8,f26	 f26:0x4f000408  x8=0x7fffffff
      85975.000 ns	      8596	80001f50	7e737993	andi	x19,x6,2023	  x6:0x00000000 x19=0x00000000
      85995.000 ns	      8598	80001f54	029ca233	mulhsu	x4,x25,x9	 x25:0xf18ffeec  x9:0x00000010  x4=0xffffffff
      86025.000 ns	      8601	80001f58	e00d0053	fmv.x.w	x0,f26	 f26:0x4f000408
      86055.000 ns	      8604	80001f5c	a01d0c53	fle.s	x24,f26,f1	 f26:0x4f000408  f1:0xff7fffff x24=0x00000000
      86085.000 ns	      8607	80001f60	28480653	fmin.s	f12,f16,f4	 f16:0x44a7a000  f4:0x420a9090 f12=0x420a9090
      86125.000 ns	      8611	80001f64	19ed08d3	fdiv.s	f17,f26,f30	 f26:0x4f000408 f30:0x80000000 f17=0xff800000
      86155.000 ns	      8614	80001f68	d0107a53	fcvt.s.wu	f20,x0	  x0:0x00000000 f20=0x00000000
      86185.000 ns	      8617	80001f6c	29188453	fmin.s	f8,f17,f17	 f17:0xff800000 f17:0xff800000  f8=0xff800000
      86215.000 ns	      8620	80001f70	02433db3	mulhu	x27,x6,x4	  x6:0x00000000  x4:0xffffffff x27=0x00000000
      86235.000 ns	      8622	80001f74	22292a13	slti	x20,x18,546	 x18:0x80040fe4 x20=0x00000001
      86245.000 ns	      8623	80001f78	017c2133	slt	x2,x24,x23	 x24:0x00000000 x23:0x00000000  x2=0x00000000
      86255.000 ns	      8624	80001f7c	00f52533	slt	x10,x10,x15	 x10:0x00000000 x15:0xfffffff4 x10=0x00000000
      86265.000 ns	      8625	80001f80	40fc87b3	sub	x15,x25,x15	 x25:0xf18ffeec x15:0xfffffff4 x15=0xf18ffef8
      86285.000 ns	      8627	80001f84	28088353	fmin.s	f6,f17,f0	 f17:0xff800000  f0:0x7fc00000  f6=0xff800000
      86315.000 ns	      8630	80001f88	c00b2dd3	fcvt.w.s	x27,f22	 f22:0x43000000 x27=0x00000080
      86345.000 ns	      8633	80001f8c	29880153	fmin.s	f2,f16,f24	 f16:0x44a7a000 f24:0x00000000  f2=0x00000000
      86365.000 ns	      8635	80001f90	408d5cb3	sra	x25,x26,x8	 x26:0x341ff000  x8:0x7fffffff x25=0x00000000
      86375.000 ns	      8636	80001f94	00da2633	slt	x12,x20,x13	 x20:0x00000001 x13:0x00000080 x12=0x00000001
      86385.000 ns	      8637	80001f98	798c6393	ori	x7,x24,1944	 x24:0x00000000  x7=0x00000798
      86395.000 ns	      8638	80001f9c	30687c13	andi	x24,x16,774	 x16:0x00000002 x24=0x00000002
      86405.000 ns	      8639	80001fa0	28066c13	ori	x24,x12,640	 x12:0x00000001 x24=0x00000281
      86415.000 ns	      8640	80001fa4	5f4a7a37	lui	x20,0x5f4a7	 x20=0x5f4a7000
      86435.000 ns	      8642	80001fa8	f0018553	fmv.w.x	f10,x3	  x3:0x00000000 f10=0x00000000
      86455.000 ns	      8644	80001fac	e7702113	slti	x2,x0,-393	  x0:0x00000000  x2=0x00000000
      86465.000 ns	      8645	80001fb0	01bbbd33	sltu	x26,x23,x27	 x23:0x00000000 x27:0x00000080 x26=0x00000001
      86485.000 ns	      8647	80001fb4	20c9a0d3	fsgnjx.s	f1,f19,f12	 f19:0x40000000 f12:0x420a9090  f1=0x40000000
      86515.000 ns	      8650	80001fb8	032838b3	mulhu	x17,x16,x18	 x16:0x00000002 x18:0x80040fe4 x17=0x00000001
      86545.000 ns	      8653	80001fbc	c00af253	fcvt.w.s	x4,f21	 f21:0xcf000408  x4=0x80000000
      86565.000 ns	      8655	80001fc0	5f384f13	xori	x30,x16,1523	 x16:0x00000002 x30=0x000005f1
      86585.000 ns	      8657	80001fc4	d00af6d3	fcvt.s.w	f13,x21	 x21:0x80040800 f13=0xcefff7f0
      86605.000 ns	      8659	80001fc8	aaf0f313	andi	x6,x1,-1361	  x1:0x00000001  x6=0x00000001
      86625.000 ns	      8661	80001fcc	209f8153	fsgnj.s	f2,f31,f9	 f31:0x7f800000  f9:0xcf000408  f2=0xff800000
      86645.000 ns	      8663	80001fd0	00000013	addi	x0,x0,0	  x0:0x00000000
      86665.000 ns	      8665	80001fd4	21eb8c53	fsgnj.s	f24,f23,f30	 f23:0x00000000 f30:0x80000000 f24=0x80000000
      86685.000 ns	      8667	80001fd8	40b404b3	sub	x9,x8,x11	  x8:0x7fffffff x11:0x00000000  x9=0x7fffffff
      86715.000 ns	      8670	80001fdc	11ca7653	fmul.s	f12,f20,f28	 f20:0x00000000 f28:0xff7fffff f12=0x80000000
      86745.000 ns	      8673	80001fe0	03ee27b3	mulhsu	x15,x28,x30	 x28:0x00000000 x30:0x000005f1 x15=0x00000000
      86775.000 ns	      8676	80001fe4	c01b7dd3	fcvt.wu.s	x27,f22	 f22:0x43000000 x27=0x00000080
      86795.000 ns	      8678	80001fe8	40c789b3	sub	x19,x15,x12	 x15:0x00000000 x12:0x00000001 x19=0xffffffff
      86815.000 ns	      8680	80001fec	219395d3	fsgnjn.s	f11,f7,f25	  f7:0xcc12e040 f25:0x7f7fffff f11=0xcc12e040
      86845.000 ns	      8683	80001ff0	a022a6d3	feq.s	x13,f5,f2	  f5:0x80000000  f2:0xff800000 x13=0x00000000
      86885.000 ns	      8687	80001ff4	11af49d3	fmul.s	f19,f30,f26	 f30:0x80000000 f26:0x4f000408 f19=0x80000000
      86905.000 ns	      8689	80001ff8	01a2cc33	xor	x24,x5,x26	  x5:0xe7156ed4 x26:0x00000001 x24=0xe7156ed5
      86935.000 ns	      8692	80001ffc	58028153	fsqrt.s	f2,f5	  f5:0x80000000  f2=0x80000000
      86955.000 ns	      8694	80002000	81a06b13	ori	x22,x0,-2022	  x0:0x00000000 x22=0xfffff81a
      86975.000 ns	      8696	80002004	214c9dd3	fsgnjn.s	f27,f25,f20	 f25:0x7f7fffff f20:0x00000000 f27=0xff7fffff
      86995.000 ns	      8698	80002008	6c0bccb7	lui	x25,0x6c0bc	 x25=0x6c0bc000
      87005.000 ns	      8699	8000200c	40f5d413	srai	x8,x11,0xf	 x11:0x00000000  x8=0x00000000
      87025.000 ns	      8701	80002010	020df033	remu	x0,x27,x0	 x27:0x00000080  x0:0x00000000
      87055.000 ns	      8704	80002014	e00481d3	fmv.x.w	x3,f9	  f9:0xcf000408  x3=0xcf000408
      87075.000 ns	      8706	80002018	ff437393	andi	x7,x6,-12	  x6:0x00000001  x7=0x00000000
      87095.000 ns	      8708	8000201c	d00f9e53	fcvt.s.w	f28,x31	 x31:0xfdfcaa7b f28=0xcc00d561
      87115.000 ns	      8710	80002020	00bbd4b3	srl	x9,x23,x11	 x23:0x00000000 x11:0x00000000  x9=0x00000000
      87135.000 ns	      8712	80002024	c01df653	fcvt.wu.s	x12,f27	 f27:0xff7fffff x12=0x00000000
      87165.000 ns	      8715	80002028	c00cf253	fcvt.w.s	x4,f25	 f25:0x7f7fffff  x4=0x7fffffff
      87195.000 ns	      8718	8000202c	e00207d3	fmv.x.w	x15,f4	  f4:0x420a9090 x15=0x420a9090
      87225.000 ns	      8721	80002030	03d49b33	mulh	x22,x9,x29	  x9:0x00000000 x29:0xd6d16c90 x22=0x00000000
      87255.000 ns	      8724	80002034	e00187d3	fmv.x.w	x15,f3	  f3:0x4f7fffff x15=0x4f7fffff
      87275.000 ns	      8726	80002038	22e73a13	sltiu	x20,x14,558	 x14:0x80041024 x20=0x00000000
      87295.000 ns	      8728	8000203c	a0109453	flt.s	x8,f1,f1	  f1:0x40000000  f1:0x40000000  x8=0x00000000
      87325.000 ns	      8731	80002040	029e6e33	rem	x28,x28,x9	 x28:0x00000000  x9:0x00000000 x28=0x00000000
      87345.000 ns	      8733	80002044	76b78393	addi	x7,x15,1899	 x15:0x4f7fffff  x7=0x4f80076a
      87355.000 ns	      8734	80002048	51f13397	auipc	x7,0x51f13	  x7=0xd1f15048
      87365.000 ns	      8735	8000204c	015b1693	slli	x13,x22,0x15	 x22:0x00000000 x13=0x00000000
      87385.000 ns	      8737	80002050	e00402d3	fmv.x.w	x5,f8	  f8:0xff800000  x5=0xff800000
      87435.000 ns	      8742	80002054	08b578d3	fsub.s	f17,f10,f11	 f10:0x00000000 f11:0xcc12e040 f17=0x4c12e040
      87455.000 ns	      8744	80002058	491e6993	ori	x19,x28,1169	 x28:0x00000000 x19=0x00000491
      87475.000 ns	      8746	8000205c	029810b3	mulh	x1,x16,x9	 x16:0x00000002  x9:0x00000000  x1=0x00000000
      87505.000 ns	      8749	80002060	e00485d3	fmv.x.w	x11,f9	  f9:0xcf000408 x11=0xcf000408
      87535.000 ns	      8752	80002064	207c2ad3	fsgnjx.s	f21,f24,f7	 f24:0x80000000  f7:0xcc12e040 f21=0x00000000
      87555.000 ns	      8754	80002068	00f95f93	srli	x31,x18,0xf	 x18:0x80040fe4 x31=0x00010008
      87575.000 ns	      8756	8000206c	e0081fd3	fclass.s	x31,f16	 f16:0x44a7a000 x31=0x00000040
      87605.000 ns	      8759	80002070	a17cad53	feq.s	x26,f25,f23	 f25:0x7f7fffff f23:0x00000000 x26=0x00000000
      87645.000 ns	      8763	80002074	58007ad3	fsqrt.s	f21,f0	  f0:0x7fc00000 f21=0x7fc00000
      87675.000 ns	      8766	80002078	02889233	mulh	x4,x17,x8	 x17:0x00000001  x8:0x00000000  x4=0x00000000
      87695.000 ns	      8768	8000207c	f558cc13	xori	x24,x17,-171	 x17:0x00000001 x24=0xffffff54
      87715.000 ns	      8770	80002080	03a99033	mulh	x0,x19,x26	 x19:0x00000491 x26:0x00000000
      87745.000 ns	      8773	80002084	e00d0653	fmv.x.w	x12,f26	 f26:0x4f000408 x12=0x4f000408
      87775.000 ns	      8776	80002088	c0097cd3	fcvt.w.s	x25,f18	 f18:0xcf000408 x25=0x80000000
      87795.000 ns	      8778	8000208c	a41e6093	ori	x1,x28,-1471	 x28:0x00000000  x1=0xfffffa41
      87815.000 ns	      8780	80002090	c00c7353	fcvt.w.s	x6,f24	 f24:0x80000000  x6=0x00000000
      88185.000 ns	      8817	80002094	021af233	remu	x4,x21,x1	 x21:0x80040800  x1:0x00000000  x4=0x80040800
      88205.000 ns	      8819	80002098	74a96513	ori	x10,x18,1866	 x18:0x80040fe4 x10=0x80040fee
      88565.000 ns	      8855	8000209c	03f4ffb3	remu	x31,x9,x31	  x9:0x00000000 x31:0x00000040 x31=0x00000000
      88585.000 ns	      8857	800020a0	018b7633	and	x12,x22,x24	 x22:0x00000000 x24:0xffffff54 x12=0x00000000
      88605.000 ns	      8859	800020a4	d01d4c53	fcvt.s.wu	f24,x26	 x26:0x00000000 f24=0x00000000
      88655.000 ns	      8864	800020a8	01b3fd53	fadd.s	f26,f7,f27	  f7:0xcc12e040 f27:0xff7fffff f26=0xff7fffff
      88685.000 ns	      8867	800020ac	a1f29dd3	flt.s	x27,f5,f31	  f5:0x80000000 f31:0x7f800000 x27=0x00000001
      88705.000 ns	      8869	800020b0	cbd31a97	auipc	x21,0xcbd31	 x21=0x4bd330b0
      88715.000 ns	      8870	800020b4	01dfc433	xor	x8,x31,x29	 x31:0x00000000 x29:0xd6d16c90  x8=0xd6d16c90
      88735.000 ns	      8872	800020b8	d005f4d3	fcvt.s.w	f9,x11	 x11:0xcf000408  f9=0xce43ffef
      88755.000 ns	      8874	800020bc	64b02513	slti	x10,x0,1611	  x0:0x00000000 x10=0x00000001
      88775.000 ns	      8876	800020c0	020109b3	mul	x19,x2,x0	  x2:0x00000000  x0:0x00000000 x19=0x00000000
      88805.000 ns	      8879	800020c4	02294033	div	x0,x18,x2	 x18:0x80040fe4  x2:0x00000000
      88835.000 ns	      8882	800020c8	a1261353	flt.s	x6,f12,f18	 f12:0x80000000 f18:0xcf000408  x6=0x00000000
      88865.000 ns	      8885	800020cc	21c288d3	fsgnj.s	f17,f5,f28	  f5:0x80000000 f28:0xcc00d561 f17=0x80000000
      88895.000 ns	      8888	800020d0	02b6a1b3	mulhsu	x3,x13,x11	 x13:0x00000000 x11:0xcf000408  x3=0x00000000
      88925.000 ns	      8891	800020d4	a09289d3	fle.s	x19,f5,f9	  f5:0x80000000  f9:0xce43ffef x19=0x00000000
      89295.000 ns	      8928	800020d8	02f9ec33	rem	x24,x19,x15	 x19:0x00000000 x15:0x4f7fffff x24=0x00000000
      89315.000 ns	      8930	800020dc	01c5d593	srli	x11,x11,0x1c	 x11:0xcf000408 x11=0x0000000c
      89325.000 ns	      8931	800020e0	3fa16113	ori	x2,x2,1018	  x2:0x00000000  x2=0x000003fa
      89335.000 ns	      8932	800020e4	01b75993	srli	x19,x14,0x1b	 x14:0x80041024 x19=0x00000010
      89355.000 ns	      8934	800020e8	a1992e53	feq.s	x28,f18,f25	 f18:0xcf000408 f25:0x7f7fffff x28=0x00000000
      89385.000 ns	      8937	800020ec	03d192b3	mulh	x5,x3,x29	  x3:0x00000000 x29:0xd6d16c90  x5=0x00000000
      89405.000 ns	      8939	800020f0	405301b3	sub	x3,x6,x5	  x6:0x00000000  x5:0xff800000  x3=0x00000000
      89425.000 ns	      8941	800020f4	d0137653	fcvt.s.wu	f12,x6	  x6:0x00000000 f12=0x00000000
      89455.000 ns	      8944	800020f8	29991353	fmax.s	f6,f18,f25	 f18:0xcf000408 f25:0x7f7fffff  f6=0x7f7fffff
      89485.000 ns	      8947	800020fc	02c064b3	rem	x9,x0,x12	  x0:0x00000000 x12:0x00000000  x9=0x00000000
      89535.000 ns	      8952	80002100	09817353	fsub.s	f6,f2,f24	  f2:0x80000000 f24:0x00000000  f6=0x80000000
      89555.000 ns	      8954	80002104	00a7d113	srli	x2,x15,0xa	 x15:0x4f7fffff  x2=0x0013dfff
      89575.000 ns	      8956	80002108	2167aad3	fsgnjx.s	f21,f15,f22	 f15:0x7fc00000 f22:0x43000000 f21=0x7fc00000
      89595.000 ns	      8958	8000210c	3c46e893	ori	x17,x13,964	 x13:0x00000000 x17=0x000003c4
      89605.000 ns	      8959	80002110	b9f5a993	slti	x19,x11,-1121	 x11:0x0000000c x19=0x00000000
      89935.000 ns	      8992	80002114	19a3c353	fdiv.s	f6,f7,f26	  f7:0xcc12e040 f26:0xff7fffff  f6=0x7f800000
      90305.000 ns	      9029	80002118	030d5633	divu	x12,x26,x16	 x26:0x00000000 x16:0x00000002 x12=0x00000000
      90325.000 ns	      9031	8000211c	46a86213	ori	x4,x16,1130	 x16:0x00000002  x4=0x0000046a
      90655.000 ns	      9064	80002120	183cf753	fdiv.s	f14,f25,f3	 f25:0x7f7fffff  f3:0x4f7fffff f14=0x6f800000
      90685.000 ns	      9067	80002124	03d684b3	mul	x9,x13,x29	 x13:0x00000000 x29:0xd6d16c90  x9=0x00000000
      90705.000 ns	      9069	80002128	00823cb3	sltu	x25,x4,x8	  x4:0x0000046a  x8:0xd6d16c90 x25=0x00000001
      90735.000 ns	      9072	8000212c	1983f953	fdiv.s	f18,f7,f24	  f7:0xcc12e040 f24:0x00000000 f18=0xff800000
      90765.000 ns	      9075	80002130	03cff5b3	remu	x11,x31,x28	 x31:0x00000000 x28:0x00000000 x11=0x00000000
      90785.000 ns	      9077	80002134	01edf233	and	x4,x27,x30	 x27:0x00000001 x30:0x000005f1  x4=0x00000001
      90805.000 ns	      9079	80002138	20738ad3	fsgnj.s	f21,f7,f7	  f7:0xcc12e040  f7:0xcc12e040 f21=0xcc12e040
      90835.000 ns	      9082	8000213c	209820d3	fsgnjx.s	f1,f16,f9	 f16:0x44a7a000  f9:0xce43ffef  f1=0xc4a7a000
      90855.000 ns	      9084	80002140	59e4a993	slti	x19,x9,1438	  x9:0x00000000 x19=0x00000001
      90875.000 ns	      9086	80002144	28528053	fmin.s	f0,f5,f5	  f5:0x80000000  f5:0x80000000  f0=0x80000000
      90895.000 ns	      9088	80002148	00b30e33	add	x28,x6,x11	  x6:0x00000000 x11:0x00000000 x28=0x00000000
      90905.000 ns	      9089	8000214c	00be70b3	and	x1,x28,x11	 x28:0x00000000 x11:0x00000000  x1=0x00000000
      90915.000 ns	      9090	80002150	f6f3ea93	ori	x21,x7,-145	  x7:0xd1f15048 x21=0xffffff6f
      90935.000 ns	      9092	80002154	21262053	fsgnjx.s	f0,f12,f18	 f12:0x00000000 f18:0xff800000  f0=0x80000000
      91305.000 ns	      9129	80002158	033f6cb3	rem	x25,x30,x19	 x30:0x000005f1 x19:0x00000001 x25=0x00000000
      91335.000 ns	      9132	8000215c	e0079e53	fclass.s	x28,f15	 f15:0x7fc00000 x28=0x00000200
      91705.000 ns	      9169	80002160	033efe33	remu	x28,x29,x19	 x29:0xd6d16c90 x19:0x00000001 x28=0x00000000
      91725.000 ns	      9171	80002164	4b4eff13	andi	x30,x29,1204	 x29:0xd6d16c90 x30=0x00000490
      91735.000 ns	      9172	80002168	01d79033	sll	x0,x15,x29	 x15:0x4f7fffff x29:0xd6d16c90
      92095.000 ns	      9208	8000216c	022641b3	div	x3,x12,x2	 x12:0x00000000  x2:0x0013dfff  x3=0x00000000
      92115.000 ns	      9210	80002170	017dbb33	sltu	x22,x27,x23	 x27:0x00000001 x23:0x00000000 x22=0x00000000
      92135.000 ns	      9212	80002174	21148153	fsgnj.s	f2,f9,f17	  f9:0xce43ffef f17:0x80000000  f2=0xce43ffef
      92165.000 ns	      9215	80002178	2183a1d3	fsgnjx.s	f3,f7,f24	  f7:0xcc12e040 f24:0x00000000  f3=0xcc12e040
      92195.000 ns	      9218	8000217c	c0157a53	fcvt.wu.s	x20,f10	 f10:0x00000000 x20=0x00000000
      92225.000 ns	      9221	80002180	c015f7d3	fcvt.wu.s	x15,f11	 f11:0xcc12e040 x15=0x024b8100
      92245.000 ns	      9223	80002184	401ad093	srai	x1,x21,0x1	 x21:0xffffff6f  x1=0xffffffb7
      92265.000 ns	      9225	80002188	291695d3	fmax.s	f11,f13,f17	 f13:0xcefff7f0 f17:0x80000000 f11=0x80000000
      92285.000 ns	      9227	8000218c	7bd2a213	slti	x4,x5,1981	  x5:0x00000000  x4=0x00000001
      92305.000 ns	      9229	80002190	20c49a53	fsgnjn.s	f20,f9,f12	  f9:0xce43ffef f12:0x00000000 f20=0xce43ffef
      92325.000 ns	      9231	80002194	00c15ab3	srl	x21,x2,x12	  x2:0x0013dfff x12:0x00000000 x21=0x0013dfff
      92345.000 ns	      9233	80002198	c01ef5d3	fcvt.wu.s	x11,f29	 f29:0x40b50482 x11=0x00000005
      92365.000 ns	      9235	8000219c	019b16b3	sll	x13,x22,x25	 x22:0x00000000 x25:0x00000000 x13=0x00000000
      92385.000 ns	      9237	800021a0	a0c92a53	feq.s	x20,f18,f12	 f18:0xff800000 f12:0x00000000 x20=0x00000000
      92755.000 ns	      9274	800021a4	024167b3	rem	x15,x2,x4	  x2:0x0013dfff  x4:0x00000001 x15=0x00000000
      92785.000 ns	      9277	800021a8	03c05b33	divu	x22,x0,x28	  x0:0x00000000 x28:0x00000000 x22=0xffffffff
      92805.000 ns	      9279	800021ac	15252b13	slti	x22,x10,338	 x10:0x00000001 x22=0x00000001
      92825.000 ns	      9281	800021b0	a1090f53	fle.s	x30,f18,f16	 f18:0xff800000 f16:0x44a7a000 x30=0x00000001
      92845.000 ns	      9283	800021b4	91233613	sltiu	x12,x6,-1774	  x6:0x00000000 x12=0x00000001
      92855.000 ns	      9284	800021b8	acff2d93	slti	x27,x30,-1329	 x30:0x00000001 x27=0x00000000
      92865.000 ns	      9285	800021bc	21130b93	addi	x23,x6,529	  x6:0x00000000 x23=0x00000211
      92885.000 ns	      9287	800021c0	c0041e53	fcvt.w.s	x28,f8	  f8:0xff800000 x28=0x80000000
      92905.000 ns	      9289	800021c4	019bb233	sltu	x4,x23,x25	 x23:0x00000000 x25:0x00000000  x4=0x00000000
      92915.000 ns	      9290	800021c8	00267533	and	x10,x12,x2	 x12:0x00000001  x2:0x0013dfff x10=0x00000001
      92935.000 ns	      9292	800021cc	a1ec07d3	fle.s	x15,f24,f30	 f24:0x00000000 f30:0x80000000 x15=0x00000001
      92955.000 ns	      9294	800021d0	00cdb8b3	sltu	x17,x27,x12	 x27:0x00000000 x12:0x00000001 x17=0x00000001
      92975.000 ns	      9296	800021d4	02343db3	mulhu	x27,x8,x3	  x8:0xd6d16c90  x3:0x00000000 x27=0x00000000
      93005.000 ns	      9299	800021d8	e0040253	fmv.x.w	x4,f8	  f8:0xff800000  x4=0xff800000
      93375.000 ns	      9336	800021dc	0307fd33	remu	x26,x15,x16	 x15:0x00000001 x16:0x00000002 x26=0x00000001
      93395.000 ns	      9338	800021e0	016b1cb3	sll	x25,x22,x22	 x22:0x00000001 x22:0x00000001 x25=0x00000002
      93415.000 ns	      9340	800021e4	03590eb3	mul	x29,x18,x21	 x18:0x80040fe4 x21:0x0013dfff x29=0x3bcf701c
      93445.000 ns	      9343	800021e8	209e27d3	fsgnjx.s	f15,f28,f9	 f28:0xcc00d561  f9:0xce43ffef f15=0x4c00d561
      93475.000 ns	      9346	800021ec	02cc9533	mulh	x10,x25,x12	 x25:0x00000002 x12:0x00000001 x10=0x00000000
      93505.000 ns	      9349	800021f0	02789533	mulh	x10,x17,x7	 x17:0x00000001  x7:0xd1f15048 x10=0xffffffff
      93545.000 ns	      9353	800021f4	19f8f153	fdiv.s	f2,f17,f31	 f17:0x80000000 f31:0x7f800000  f2=0x80000000
      93575.000 ns	      9356	800021f8	f00c0e53	fmv.w.x	f28,x24	 x24:0x00000000 f28=0x00000000
      93605.000 ns	      9359	800021fc	293800d3	fmin.s	f1,f16,f19	 f16:0x44a7a000 f19:0x80000000  f1=0x80000000
      93635.000 ns	      9362	80002200	2102abd3	fsgnjx.s	f23,f5,f16	  f5:0x80000000 f16:0x44a7a000 f23=0x80000000
      93665.000 ns	      9365	80002204	e00b1c53	fclass.s	x24,f22	 f22:0x43000000 x24=0x00000040
      93695.000 ns	      9368	80002208	c00a9153	fcvt.w.s	x2,f21	 f21:0xcc12e040  x2=0xfdb47f00
      93725.000 ns	      9371	8000220c	d01ac553	fcvt.s.wu	f10,x21	 x21:0x0013dfff f10=0x499efff8
      93755.000 ns	      9374	80002210	02fb1633	mulh	x12,x22,x15	 x22:0x00000001 x15:0x00000001 x12=0x00000000
      93775.000 ns	      9376	80002214	01a062b3	or	x5,x0,x26	  x0:0x00000000 x26:0x00000001  x5=0x00000001
      93785.000 ns	      9377	80002218	00f38c33	add	x24,x7,x15	  x7:0xd1f15048 x15:0x00000001 x24=0xd1f15049
      94145.000 ns	      9413	8000221c	02a6c6b3	div	x13,x13,x10	 x13:0x00000000 x10:0xffffffff x13=0x00000000
      94165.000 ns	      9415	80002220	01f47f33	and	x30,x8,x31	  x8:0xd6d16c90 x31:0x00000000 x30=0x00000000
      94175.000 ns	      9416	80002224	410ad0b3	sra	x1,x21,x16	 x21:0x0013dfff x16:0x00000002  x1=0x0004f7ff
      94185.000 ns	      9417	80002228	b4288393	addi	x7,x17,-1214	 x17:0x00000001  x7=0xfffffb43
      94195.000 ns	      9418	8000222c	bc03dc37	lui	x24,0xbc03d	 x24=0xbc03d000
      94205.000 ns	      9419	80002230	c94bac93	slti	x25,x23,-876	 x23:0x00000211 x25=0x00000000
      94215.000 ns	      9420	80002234	04bce493	ori	x9,x25,75	 x25:0x00000002  x9=0x0000004b
      94225.000 ns	      9421	80002238	9f3a9217	auipc	x4,0x9f3a9	  x4=0x1f3ab238
      94235.000 ns	      9422	8000223c	718f9897	auipc	x17,0x718f9	 x17=0xf18fb23c
      94245.000 ns	      9423	80002240	418688b3	sub	x17,x13,x24	 x13:0x00000000 x24:0xbc03d000 x17=0x43fc3000
      94255.000 ns	      9424	80002244	00f3d793	srli	x15,x7,0xf	  x7:0xfffffb43 x15=0x0001ffff
      94275.000 ns	      9426	80002248	c0137453	fcvt.wu.s	x8,f6	  f6:0x7f800000  x8=0xffffffff
      94305.000 ns	      9429	8000224c	296b8dd3	fmin.s	f27,f23,f22	 f23:0x80000000 f22:0x43000000 f27=0x80000000
      94325.000 ns	      9431	80002250	79e5c113	xori	x2,x11,1950	 x11:0x00000005  x2=0x0000079b
      94685.000 ns	      9467	80002254	02245fb3	divu	x31,x8,x2	  x8:0xffffffff  x2:0xfdb47f00 x31=0x0021a8f5
      94705.000 ns	      9469	80002258	feccc093	xori	x1,x25,-20	 x25:0x00000000  x1=0xffffffec
      94715.000 ns	      9470	8000225c	013bb633	sltu	x12,x23,x19	 x23:0x00000211 x19:0x00000001 x12=0x00000000
      94735.000 ns	      9472	80002260	0357aab3	mulhsu	x21,x15,x21	 x15:0x0001ffff x21:0x0013dfff x21=0x00000027
      94765.000 ns	      9475	80002264	21488553	fsgnj.s	f10,f17,f20	 f17:0x80000000 f20:0xce43ffef f10=0x80000000
      94785.000 ns	      9477	80002268	015e1693	slli	x13,x28,0x15	 x28:0x80000000 x13=0x00000000
      94795.000 ns	      9478	8000226c	01235293	srli	x5,x6,0x12	  x6:0x00000000  x5=0x00000000
      94815.000 ns	      9480	80002270	21008e53	fsgnj.s	f28,f1,f16	  f1:0x80000000 f16:0x44a7a000 f28=0x00000000
      94865.000 ns	      9485	80002274	08e99ad3	fsub.s	f21,f19,f14	 f19:0x80000000 f14:0x6f800000 f21=0xef800000
      95235.000 ns	      9522	80002278	03a8d033	divu	x0,x17,x26	 x17:0x43fc3000 x26:0x00000001
      95255.000 ns	      9524	8000227c	857d9e37	lui	x28,0x857d9	 x28=0x857d9000
      95275.000 ns	      9526	80002280	02100db3	mul	x27,x0,x1	  x0:0x00000000  x1:0xffffffec x27=0x00000000
      95645.000 ns	      9563	80002284	03054e33	div	x28,x10,x16	 x10:0xffffffff x16:0x00000002 x28=0x00000000
      95665.000 ns	      9565	80002288	00434fb3	xor	x31,x6,x4	  x6:0x00000000  x4:0x1f3ab238 x31=0x1f3ab238
      95685.000 ns	      9567	8000228c	a15384d3	fle.s	x9,f7,f21	  f7:0xcc12e040 f21:0xef800000  x9=0x00000000
      95735.000 ns	      9572	80002290	016effd3	fadd.s	f31,f29,f22	 f29:0x40b50482 f22:0x43000000 f31=0x4305a824
      95775.000 ns	      9576	80002294	118cacd3	fmul.s	f25,f25,f24	 f25:0x7f7fffff f24:0x00000000 f25=0x00000000
      95805.000 ns	      9579	80002298	202096d3	fsgnjn.s	f13,f1,f2	  f1:0x80000000  f2:0x80000000 f13=0x00000000
      95825.000 ns	      9581	8000229c	01516433	or	x8,x2,x21	  x2:0x0000079b x21:0x00000027  x8=0x000007bf
      95835.000 ns	      9582	800022a0	00797c33	and	x24,x18,x7	 x18:0x80040fe4  x7:0xfffffb43 x24=0x80040b40
      95855.000 ns	      9584	800022a4	03be4c33	div	x24,x28,x27	 x28:0x00000000 x27:0x00000000 x24=0xffffffff
      96225.000 ns	      9621	800022a8	02ab4033	div	x0,x22,x10	 x22:0x00000001 x10:0xffffffff
      96245.000 ns	      9623	800022ac	00afb8b3	sltu	x17,x31,x10	 x31:0x1f3ab238 x10:0xffffffff x17=0x00000001
      96265.000 ns	      9625	800022b0	21648553	fsgnj.s	f10,f9,f22	  f9:0xce43ffef f22:0x43000000 f10=0x4e43ffef
      97445.000 ns	      9743	800022b4	5807f953	fsqrt.s	f18,f15	 f15:0x4c00d561 f18=0x45363242
      97815.000 ns	      9780	800022b8	03a95eb3	divu	x29,x18,x26	 x18:0x80040fe4 x26:0x00000001 x29=0x80040fe4
      97845.000 ns	      9783	800022bc	c0127a53	fcvt.wu.s	x20,f4	  f4:0x420a9090 x20=0x00000022
      97875.000 ns	      9786	800022c0	03cb1cb3	mulh	x25,x22,x28	 x22:0x00000001 x28:0x00000000 x25=0x00000000
      98215.000 ns	      9820	800022c4	192a2153	fdiv.s	f2,f20,f18	 f20:0xce43ffef f18:0x45363242  f2=0xc8631fc2
      98245.000 ns	      9823	800022c8	034fbe33	mulhu	x28,x31,x20	 x31:0x1f3ab238 x20:0x00000022 x28=0x00000004
      98285.000 ns	      9827	800022cc	1097f853	fmul.s	f16,f15,f9	 f15:0x4c00d561  f9:0xce43ffef f16=0xdac546ac
      98305.000 ns	      9829	800022d0	00ef9533	sll	x10,x31,x14	 x31:0x1f3ab238 x14:0x80041024 x10=0xf3ab2380
      98325.000 ns	      9831	800022d4	29a81153	fmax.s	f2,f16,f26	 f16:0xdac546ac f26:0xff7fffff  f2=0xdac546ac
      98345.000 ns	      9833	800022d8	411d5693	srai	x13,x26,0x11	 x26:0x00000001 x13=0x00000000
      98355.000 ns	      9834	800022dc	3752e217	auipc	x4,0x3752e	  x4=0xb75302dc
      98715.000 ns	      9870	800022e0	0215ec33	rem	x24,x11,x1	 x11:0x00000005  x1:0xffffffec x24=0x00000005
      98745.000 ns	      9873	800022e4	209a0c53	fsgnj.s	f24,f20,f9	 f20:0xce43ffef  f9:0xce43ffef f24=0xce43ffef
      98775.000 ns	      9876	800022e8	e0091c53	fclass.s	x24,f18	 f18:0x45363242 x24=0x00000040
      98795.000 ns	      9878	800022ec	9346f513	andi	x10,x13,-1740	 x13:0x00000000 x10=0x00000000
      98805.000 ns	      9879	800022f0	015c1693	slli	x13,x24,0x15	 x24:0x00000040 x13=0x08000000
      99165.000 ns	      9915	800022f4	0365f633	remu	x12,x11,x22	 x11:0x00000005 x22:0x00000001 x12=0x00000000
      99185.000 ns	      9917	800022f8	41480db3	sub	x27,x16,x20	 x16:0x00000002 x20:0x00000022 x27=0xffffffe0
      99205.000 ns	      9919	800022fc	a12190d3	flt.s	x1,f3,f18	  f3:0xcc12e040 f18:0x45363242  x1=0x00000001
      99235.000 ns	      9922	80002300	e00391d3	fclass.s	x3,f7	  f7:0xcc12e040  x3=0x00000002
      99255.000 ns	      9924	80002304	75af2997	auipc	x19,0x75af2	 x19=0xf5af4304
      99275.000 ns	      9926	80002308	29598053	fmin.s	f0,f19,f21	 f19:0x80000000 f21:0xef800000  f0=0xef800000
      99295.000 ns	      9928	8000230c	016adbb3	srl	x23,x21,x22	 x21:0x00000027 x22:0x00000001 x23=0x00000013
      99305.000 ns	      9929	80002310	6b89b793	sltiu	x15,x19,1720	 x19:0xf5af4304 x15=0x00000000
      99315.000 ns	      9930	80002314	ab4fc793	xori	x15,x31,-1356	 x31:0x1f3ab238 x15=0xe0c5488c
      99335.000 ns	      9932	80002318	e00e06d3	fmv.x.w	x13,f28	 f28:0x00000000 x13=0x00000000
      99365.000 ns	      9935	8000231c	035593b3	mulh	x7,x11,x21	 x11:0x00000005 x21:0x00000027  x7=0x00000000
      99395.000 ns	      9938	80002320	20d627d3	fsgnjx.s	f15,f12,f13	 f12:0x00000000 f13:0x00000000 f15=0x00000000
      99765.000 ns	      9975	80002324	0369ed33	rem	x26,x19,x22	 x19:0xf5af4304 x22:0x00000001 x26=0x00000000
      99785.000 ns	      9977	80002328	00392ab3	slt	x21,x18,x3	 x18:0x80040fe4  x3:0x00000002 x21=0x00000001
      99805.000 ns	      9979	8000232c	02975333	divu	x6,x14,x9	 x14:0x80041024  x9:0x00000000  x6=0xffffffff
      99845.000 ns	      9983	80002330	5809cd53	fsqrt.s	f26,f19	 f19:0x80000000 f26=0x80000000
      99895.000 ns	      9988	80002334	0082f353	fadd.s	f6,f5,f8	  f5:0x80000000  f8:0xff800000  f6=0xff800000
      99915.000 ns	      9990	80002338	7b45db97	auipc	x23,0x7b45d	 x23=0xfb45f338
      99925.000 ns	      9991	8000233c	407fd613	srai	x12,x31,0x7	 x31:0x1f3ab238 x12=0x003e7564
      99935.000 ns	      9992	80002340	0001c233	xor	x4,x3,x0	  x3:0x00000002  x0:0x00000000  x4=0x00000002
      99955.000 ns	      9994	80002344	28288253	fmin.s	f4,f17,f2	 f17:0x80000000  f2:0xdac546ac  f4=0xdac546ac
      99985.000 ns	      9997	80002348	028d2c33	mulhsu	x24,x26,x8	 x26:0x00000000  x8:0x000007bf x24=0x00000000
     100015.000 ns	     10000	8000234c	03afe3b3	rem	x7,x31,x26	 x31:0x1f3ab238 x26:0x00000000  x7=0x1f3ab238
     100045.000 ns	     10003	80002350	213724d3	fsgnjx.s	f9,f14,f19	 f14:0x6f800000 f19:0x80000000  f9=0xef800000
     100065.000 ns	     10005	80002354	ee73bd13	sltiu	x26,x7,-281	  x7:0x1f3ab238 x26=0x00000001
     100075.000 ns	     10006	80002358	f726d7b7	lui	x15,0xf726d	 x15=0xf726d000
     100085.000 ns	     10007	8000235c	0129f6b3	and	x13,x19,x18	 x19:0xf5af4304 x18:0x80040fe4 x13=0x80040304
     100095.000 ns	     10008	80002360	0067df13	srli	x30,x15,0x6	 x15:0xe0c5488c x30=0x03dc9b40
     100125.000 ns	     10011	80002364	100875d3	fmul.s	f11,f16,f0	 f16:0xdac546ac  f0:0xef800000 f11=0x7f800000
     100155.000 ns	     10014	80002368	29b89a53	fmax.s	f20,f17,f27	 f17:0x80000000 f27:0x80000000 f20=0x80000000
     100175.000 ns	     10016	8000236c	40c80ab3	sub	x21,x16,x12	 x16:0x00000002 x12:0x003e7564 x21=0xffc18a9e
     100195.000 ns	     10018	80002370	2008a453	fsgnjx.s	f8,f17,f0	 f17:0x80000000  f0:0xef800000  f8=0x00000000
     100225.000 ns	     10021	80002374	209d0753	fsgnj.s	f14,f26,f9	 f26:0x80000000  f9:0xef800000 f14=0x80000000
     100275.000 ns	     10026	80002378	095f7dd3	fsub.s	f27,f30,f21	 f30:0x80000000 f21:0xef800000 f27=0x6f800000
     100325.000 ns	     10031	8000237c	08ac7fd3	fsub.s	f31,f24,f10	 f24:0xce43ffef f10:0x4e43ffef f31=0xcec3ffef
     100375.000 ns	     10036	80002380	095eb1d3	fsub.s	f3,f29,f21	 f29:0x40b50482 f21:0xef800000  f3=0x6f800000
     100405.000 ns	     10039	80002384	03898eb3	mul	x29,x19,x24	 x19:0xf5af4304 x24:0x00000000 x29=0x00000000
     100425.000 ns	     10041	80002388	00000013	addi	x0,x0,0	  x0:0x00000000
     100435.000 ns	     10042	8000238c	00ae8bb3	add	x23,x29,x10	 x29:0x00000000 x10:0x00000000 x23=0x00000000
     100455.000 ns	     10044	80002390	d001f9d3	fcvt.s.w	f19,x3	  x3:0x00000002 f19=0x40000000
     100475.000 ns	     10046	80002394	01275b33	srl	x22,x14,x18	 x14:0x80041024 x18:0x80040fe4 x22=0x08004102
     100495.000 ns	     10048	80002398	d01f46d3	fcvt.s.wu	f13,x30	 x30:0x03dc9b40 f13=0x4c7726d0
     100525.000 ns	     10051	8000239c	03981e33	mulh	x28,x16,x25	 x16:0x00000002 x25:0x00000000 x28=0x00000000
     100555.000 ns	     10054	800023a0	a15a0cd3	fle.s	x25,f20,f21	 f20:0x80000000 f21:0xef800000 x25=0x00000000
     100585.000 ns	     10057	800023a4	03ef28b3	mulhsu	x17,x30,x30	 x30:0x03dc9b40 x30:0x03dc9b40 x17=0x000ee9be
     100605.000 ns	     10059	800023a8	019389b3	add	x19,x7,x25	  x7:0x1f3ab238 x25:0x00000000 x19=0x1f3ab238
     100625.000 ns	     10061	800023ac	e0009c53	fclass.s	x24,f1	  f1:0x80000000 x24=0x00000008
     100655.000 ns	     10064	800023b0	e00992d3	fclass.s	x5,f19	 f19:0x40000000  x5=0x00000040
     100675.000 ns	     10066	800023b4	e40bf4b7	lui	x9,0xe40bf	  x9=0xe40bf000
     100695.000 ns	     10068	800023b8	a0b59b53	flt.s	x22,f11,f11	 f11:0x7f800000 f11:0x7f800000 x22=0x00000000
     100725.000 ns	     10071	800023bc	283b1053	fmax.s	f0,f22,f3	 f22:0x43000000  f3:0x6f800000  f0=0x6f800000
     100755.000 ns	     10074	800023c0	d01c78d3	fcvt.s.wu	f17,x24	 x24:0x00000008 f17=0x41000000
     100775.000 ns	     10076	800023c4	00000013	addi	x0,x0,0	  x0:0x00000000
     100815.000 ns	     10080	800023c8	08c729d3	fsub.s	f19,f14,f12	 f14:0x80000000 f12:0x00000000 f19=0x80000000
     100845.000 ns	     10083	800023cc	d011f653	fcvt.s.wu	f12,x3	  x3:0x00000002 f12=0x40000000
     100865.000 ns	     10085	800023d0	01d0e233	or	x4,x1,x29	  x1:0x00000001 x29:0x00000000  x4=0x00000001
     100875.000 ns	     10086	800023d4	a7c27313	andi	x6,x4,-1412	  x4:0x00000002  x6=0x00000000
     100895.000 ns	     10088	800023d8	a0a587d3	fle.s	x15,f11,f10	 f11:0x7f800000 f10:0x4e43ffef x15=0x00000000
     100915.000 ns	     10090	800023dc	01d2cc33	xor	x24,x5,x29	  x5:0x00000040 x29:0x00000000 x24=0x00000040
     100935.000 ns	     10092	800023e0	03b52f33	mulhsu	x30,x10,x27	 x10:0x00000000 x27:0xffffffe0 x30=0x00000000
     100955.000 ns	     10094	800023e4	152eeb97	auipc	x23,0x152ee	 x23=0x952f03e4
     100985.000 ns	     10097	800023e8	103cf253	fmul.s	f4,f25,f3	 f25:0x00000000  f3:0x6f800000  f4=0x00000000
     101355.000 ns	     10134	800023ec	02c76fb3	rem	x31,x14,x12	 x14:0x80041024 x12:0x003e7564 x31=0xffdc58d4
     101375.000 ns	     10136	800023f0	01d334b3	sltu	x9,x6,x29	  x6:0x00000000 x29:0x00000000  x9=0x00000000
     101395.000 ns	     10138	800023f4	a1c61bd3	flt.s	x23,f12,f28	 f12:0x40000000 f28:0x00000000 x23=0x00000000
     101415.000 ns	     10140	800023f8	00ca02b3	add	x5,x20,x12	 x20:0x00000022 x12:0x003e7564  x5=0x003e7586
     101425.000 ns	     10141	800023fc	40f90c33	sub	x24,x18,x15	 x18:0x80040fe4 x15:0x00000000 x24=0x80040fe4
     101435.000 ns	     10142	80002400	01224e33	xor	x28,x4,x18	  x4:0x00000001 x18:0x80040fe4 x28=0x80040fe5
     101455.000 ns	     10144	80002404	218e1153	fsgnjn.s	f2,f28,f24	 f28:0x00000000 f24:0xce43ffef  f2=0x00000000
     101475.000 ns	     10146	80002408	0066dc17	auipc	x24,0x66d	 x24=0x8066f408
     101485.000 ns	     10147	8000240c	00463c33	sltu	x24,x12,x4	 x12:0x003e7564  x4:0x00000001 x24=0x00000000
     101495.000 ns	     10148	80002410	e59db593	sltiu	x11,x27,-423	 x27:0xffffffe0 x11=0x00000000
     101515.000 ns	     10150	80002414	e00f8c53	fmv.x.w	x24,f31	 f31:0xcec3ffef x24=0xcec3ffef
     101535.000 ns	     10152	80002418	41d65533	sra	x10,x12,x29	 x12:0x003e7564 x29:0x00000000 x10=0x003e7564
     101565.000 ns	     10155	8000241c	109ab453	fmul.s	f8,f21,f9	 f21:0xef800000  f9:0xef800000  f8=0x7f800000
     101585.000 ns	     10157	80002420	01aa94b3	sll	x9,x21,x26	 x21:0xffc18a9e x26:0x00000001  x9=0xff83153c
     101595.000 ns	     10158	80002424	0065d413	srli	x8,x11,0x6	 x11:0x00000000  x8=0x00000000
     101625.000 ns	     10161	80002428	11bbfdd3	fmul.s	f27,f23,f27	 f23:0x80000000 f27:0x6f800000 f27=0x80000000
     101675.000 ns	     10166	8000242c	08c883d3	fsub.s	f7,f17,f12	 f17:0x41000000 f12:0x40000000  f7=0x40c00000
     101705.000 ns	     10169	80002430	03cf9d33	mulh	x26,x31,x28	 x31:0xffdc58d4 x28:0x80040fe5 x26=0x0011d305
     101725.000 ns	     10171	80002434	1d982793	slti	x15,x16,473	 x16:0x00000002 x15=0x00000001
     101735.000 ns	     10172	80002438	007d5f13	srli	x30,x26,0x7	 x26:0x0011d305 x30=0x000023a6
     102095.000 ns	     10208	8000243c	03ff4bb3	div	x23,x30,x31	 x30:0x00000000 x31:0xffdc58d4 x23=0x00000000
     102115.000 ns	     10210	80002440	41590cb3	sub	x25,x18,x21	 x18:0x80040fe4 x21:0xffc18a9e x25=0x80428546
     102125.000 ns	     10211	80002444	d7e40213	addi	x4,x8,-642	  x8:0x00000000  x4=0xfffffd7e
     102485.000 ns	     10247	80002448	03567333	remu	x6,x12,x21	 x12:0x003e7564 x21:0xffc18a9e  x6=0x003e7564
     102515.000 ns	     10250	8000244c	213409d3	fsgnj.s	f19,f8,f19	  f8:0x7f800000 f19:0x80000000 f19=0xff800000
     102545.000 ns	     10253	80002450	039311b3	mulh	x3,x6,x25	  x6:0x003e7564 x25:0x80428546  x3=0xffe0d588
     102565.000 ns	     10255	80002454	402bdd33	sra	x26,x23,x2	 x23:0x00000000  x2:0x0000079b x26=0x00000000
     102575.000 ns	     10256	80002458	00949993	slli	x19,x9,0x9	  x9:0xff83153c x19=0x062a7800
     102595.000 ns	     10258	8000245c	a0af0453	fle.s	x8,f30,f10	 f30:0x80000000 f10:0x4e43ffef  x8=0x00000001
     102615.000 ns	     10260	80002460	0031ee33	or	x28,x3,x3	  x3:0xffe0d588  x3:0xffe0d588 x28=0xffe0d588
     102625.000 ns	     10261	80002464	00000013	addi	x0,x0,0	  x0:0x00000000
     102635.000 ns	     10262	80002468	ff912293	slti	x5,x2,-7	  x2:0x0000079b  x5=0x00000000
     102645.000 ns	     10263	8000246c	007c58b3	srl	x17,x24,x7	 x24:0xcec3ffef  x7:0x1f3ab238 x17=0x000000ce
     102665.000 ns	     10265	80002470	210885d3	fsgnj.s	f11,f17,f16	 f17:0x41000000 f16:0xdac546ac f11=0xc1000000
     102695.000 ns	     10268	80002474	f00a8fd3	fmv.w.x	f31,x21	 x21:0xffc18a9e f31=0xffc18a9e
     102715.000 ns	     10270	80002478	e83d2893	slti	x17,x26,-381	 x26:0x00000000 x17=0x00000000
     102725.000 ns	     10271	8000247c	00827233	and	x4,x4,x8	  x4:0xfffffd7e  x8:0x00000001  x4=0x00000000
     102735.000 ns	     10272	80002480	0057d433	srl	x8,x15,x5	 x15:0x00000001  x5:0x00000000  x8=0x00000001
     102745.000 ns	     10273	80002484	41b35c93	srai	x25,x6,0x1b	  x6:0x003e7564 x25=0x00000000
     102755.000 ns	     10274	80002488	01a22633	slt	x12,x4,x26	  x4:0x00000000 x26:0x00000000 x12=0x00000000
     102775.000 ns	     10276	8000248c	031d5d33	divu	x26,x26,x17	 x26:0x00000000 x17:0x00000000 x26=0xffffffff
     102805.000 ns	     10279	80002490	28d90953	fmin.s	f18,f18,f13	 f18:0x45363242 f13:0x4c7726d0 f18=0x45363242
     102835.000 ns	     10282	80002494	02f688b3	mul	x17,x13,x15	 x13:0x80040304 x15:0x00000001 x17=0x80040304
     103205.000 ns	     10319	80002498	03a7cab3	div	x21,x15,x26	 x15:0x00000001 x26:0xffffffff x21=0xffffffff
     103225.000 ns	     10321	8000249c	40b802b3	sub	x5,x16,x11	 x16:0x00000002 x11:0x00000000  x5=0x00000002
     103235.000 ns	     10322	800024a0	61f1e317	auipc	x6,0x61f1e	  x6=0xe1f204a0
     103245.000 ns	     10323	800024a4	40f88fb3	sub	x31,x17,x15	 x17:0x80040304 x15:0x00000001 x31=0x80040303
     103255.000 ns	     10324	800024a8	00000013	addi	x0,x0,0	  x0:0x00000000
     103275.000 ns	     10326	800024ac	f00182d3	fmv.w.x	f5,x3	  x3:0xffe0d588  f5=0xffe0d588
     103295.000 ns	     10328	800024b0	74ecbf37	lui	x30,0x74ecb	 x30=0x74ecb000
     103325.000 ns	     10331	800024b4	116aab53	fmul.s	f22,f21,f22	 f21:0xef800000 f22:0x43000000 f22=0xf3000000
     103345.000 ns	     10333	800024b8	012f14b3	sll	x9,x30,x18	 x30:0x000023a6 x18:0x80040fe4  x9=0x4ecb0000
     103355.000 ns	     10334	800024bc	0108f2b3	and	x5,x17,x16	 x17:0x80040304 x16:0x00000002  x5=0x00000000
     103365.000 ns	     10335	800024c0	e1c47a93	andi	x21,x8,-484	  x8:0x00000001 x21=0x00000000
     103375.000 ns	     10336	800024c4	01b55f93	srli	x31,x10,0x1b	 x10:0x003e7564 x31=0x00000000
     103385.000 ns	     10337	800024c8	00000013	addi	x0,x0,0	  x0:0x00000000
     103395.000 ns	     10338	800024cc	40778a33	sub	x20,x15,x7	 x15:0x00000001  x7:0x1f3ab238 x20=0xe0c54dc9
     103405.000 ns	     10339	800024d0	286a8193	addi	x3,x21,646	 x21:0x00000000  x3=0x00000286
     103415.000 ns	     10340	800024d4	8cb4f793	andi	x15,x9,-1845	  x9:0x4ecb0000 x15=0x4ecb0000
     103425.000 ns	     10341	800024d8	402887b3	sub	x15,x17,x2	 x17:0x80040304  x2:0x0000079b x15=0x8003fb69
     103785.000 ns	     10377	800024dc	02757a33	remu	x20,x10,x7	 x10:0x003e7564  x7:0x1f3ab238 x20=0x003e7564
     103835.000 ns	     10382	800024e0	00fa4953	fadd.s	f18,f20,f15	 f20:0x80000000 f15:0x00000000 f18=0x00000000
     103865.000 ns	     10385	800024e4	e0068d53	fmv.x.w	x26,f13	 f13:0x4c7726d0 x26=0x4c7726d0
     103895.000 ns	     10388	800024e8	e0021ed3	fclass.s	x29,f4	  f4:0x00000000 x29=0x00000010
     103925.000 ns	     10391	800024ec	d018c653	fcvt.s.wu	f12,x17	 x17:0x80040304 f12=0x4f000403
     103945.000 ns	     10393	800024f0	41985793	srai	x15,x16,0x19	 x16:0x00000002 x15=0x00000000
     103965.000 ns	     10395	800024f4	033e1433	mulh	x8,x28,x19	 x28:0xffe0d588 x19:0x062a7800  x8=0xffff3fd5
     104015.000 ns	     10400	800024f8	08ff81d3	fsub.s	f3,f31,f15	 f31:0xffc18a9e f15:0x00000000  f3=0x7fc00000
     104035.000 ns	     10402	800024fc	407ad233	sra	x4,x21,x7	 x21:0x00000000  x7:0x1f3ab238  x4=0x00000000
     104065.000 ns	     10405	80002500	10d9f553	fmul.s	f10,f19,f13	 f19:0xff800000 f13:0x4c7726d0 f10=0xff800000
     104085.000 ns	     10407	80002504	008031b3	sltu	x3,x0,x8	  x0:0x00000000  x8:0xffff3fd5  x3=0x00000001
     104105.000 ns	     10409	80002508	f0078bd3	fmv.w.x	f23,x15	 x15:0x00000000 f23=0x00000000
     104125.000 ns	     10411	8000250c	4013df93	srai	x31,x7,0x1	  x7:0x1f3ab238 x31=0x0f9d591c
     104145.000 ns	     10413	80002510	205eaad3	fsgnjx.s	f21,f29,f5	 f29:0x40b50482  f5:0xffe0d588 f21=0xc0b50482
     104175.000 ns	     10416	80002514	d00af4d3	fcvt.s.w	f9,x21	 x21:0x00000000  f9=0x00000000
     104545.000 ns	     10453	80002518	0315ed33	rem	x26,x11,x17	 x11:0x00000000 x17:0x80040304 x26=0x00000000
     104915.000 ns	     10490	8000251c	022f56b3	divu	x13,x30,x2	 x30:0x74ecb000  x2:0x0000079b x13=0x000f5fad
     104935.000 ns	     10492	80002520	0192db33	srl	x22,x5,x25	  x5:0x00000000 x25:0x00000000 x22=0x00000000
     104955.000 ns	     10494	80002524	03189033	mulh	x0,x17,x17	 x17:0x80040304 x17:0x80040304
     104985.000 ns	     10497	80002528	c00b7ed3	fcvt.w.s	x29,f22	 f22:0xf3000000 x29=0x80000000
     105005.000 ns	     10499	8000252c	01ffae33	slt	x28,x31,x31	 x31:0x0f9d591c x31:0x0f9d591c x28=0x00000000
     105035.000 ns	     10502	80002530	10ad3a53	fmul.s	f20,f26,f10	 f26:0x80000000 f10:0xff800000 f20=0x7fc00000
     105065.000 ns	     10505	80002534	0374fab3	remu	x21,x9,x23	  x9:0x4ecb0000 x23:0x00000000 x21=0x4ecb0000
     105095.000 ns	     10508	80002538	d003b1d3	fcvt.s.w	f3,x7	  x7:0x1f3ab238  f3=0x4df9d592
     105115.000 ns	     10510	8000253c	00acb433	sltu	x8,x25,x10	 x25:0x00000000 x10:0x003e7564  x8=0x00000001
     105135.000 ns	     10512	80002540	d0039453	fcvt.s.w	f8,x7	  x7:0x1f3ab238  f8=0x4df9d591
     105165.000 ns	     10515	80002544	c010ac53	fcvt.wu.s	x24,f1	  f1:0x80000000 x24=0x00000000
     105195.000 ns	     10518	80002548	d0157453	fcvt.s.wu	f8,x10	 x10:0x003e7564  f8=0x4a79d590
     105215.000 ns	     10520	8000254c	c2872993	slti	x19,x14,-984	 x14:0x80041024 x19=0x00000001
     105235.000 ns	     10522	80002550	c010f353	fcvt.wu.s	x6,f1	  f1:0x80000000  x6=0x00000000
     105255.000 ns	     10524	80002554	003c0433	add	x8,x24,x3	 x24:0x00000000  x3:0x00000001  x8=0x00000001
     105265.000 ns	     10525	80002558	0127a033	slt	x0,x15,x18	 x15:0x00000000 x18:0x80040fe4
     105285.000 ns	     10527	8000255c	c003f653	fcvt.w.s	x12,f7	  f7:0x40c00000 x12=0x00000006
     105305.000 ns	     10529	80002560	00335f33	srl	x30,x6,x3	  x6:0x00000000  x3:0x00000001 x30=0x00000000
     105315.000 ns	     10530	80002564	00f2f033	and	x0,x5,x15	  x5:0x00000000 x15:0x00000000
     105325.000 ns	     10531	80002568	00000013	addi	x0,x0,0	  x0:0x00000000
     105685.000 ns	     10567	8000256c	02a4f2b3	remu	x5,x9,x10	  x9:0x4ecb0000 x10:0x003e7564  x5=0x003b5838
     105705.000 ns	     10569	80002570	eb3a6493	ori	x9,x20,-333	 x20:0x003e7564  x9=0xfffffff7
     105725.000 ns	     10571	80002574	21381cd3	fsgnjn.s	f25,f16,f19	 f16:0xdac546ac f19:0xff800000 f25=0x5ac546ac
     105745.000 ns	     10573	80002578	0c7abb93	sltiu	x23,x21,199	 x21:0x4ecb0000 x23=0x00000000
     105765.000 ns	     10575	8000257c	28a30e53	fmin.s	f28,f6,f10	  f6:0xff800000 f10:0xff800000 f28=0xff800000
     105795.000 ns	     10578	80002580	a1ba23d3	feq.s	x7,f20,f27	 f20:0x7fc00000 f27:0x80000000  x7=0x00000000
     105845.000 ns	     10583	80002584	098d7553	fsub.s	f10,f26,f24	 f26:0x80000000 f24:0xce43ffef f10=0x4e43ffef
     105865.000 ns	     10585	80002588	e3958f13	addi	x30,x11,-455	 x11:0x00000000 x30=0xfffffe39
     105885.000 ns	     10587	8000258c	202d1a53	fsgnjn.s	f20,f26,f2	 f26:0x80000000  f2:0x00000000 f20=0x80000000
     105905.000 ns	     10589	80002590	011c7bb3	and	x23,x24,x17	 x24:0x00000000 x17:0x80040304 x23=0x00000000
     105915.000 ns	     10590	80002594	01b390b3	sll	x1,x7,x27	  x7:0x00000000 x27:0xffffffe0  x1=0x00000000
     105925.000 ns	     10591	80002598	bed4c313	xori	x6,x9,-1043	  x9:0xfffffff7  x6=0x0000041a
     105945.000 ns	     10593	8000259c	d01c7ad3	fcvt.s.wu	f21,x24	 x24:0x00000000 f21=0x00000000
     105975.000 ns	     10596	800025a0	216f9fd3	fsgnjn.s	f31,f31,f22	 f31:0xffc18a9e f22:0xf3000000 f31=0x7fc18a9e
     106005.000 ns	     10599	800025a4	c018c253	fcvt.wu.s	x4,f17	 f17:0x41000000  x4=0x00000008
     106025.000 ns	     10601	800025a8	de36f693	andi	x13,x13,-541	 x13:0x000f5fad x13=0x000f5da1
     106045.000 ns	     10603	800025ac	28fc85d3	fmin.s	f11,f25,f15	 f25:0x5ac546ac f15:0x00000000 f11=0x00000000
     106075.000 ns	     10606	800025b0	02ab3db3	mulhu	x27,x22,x10	 x22:0x00000000 x10:0x003e7564 x27=0x00000000
     106095.000 ns	     10608	800025b4	004a9193	slli	x3,x21,0x4	 x21:0x4ecb0000  x3=0xecb00000
     106115.000 ns	     10610	800025b8	03706b33	rem	x22,x0,x23	  x0:0x00000000 x23:0x00000000 x22=0x00000000
     106145.000 ns	     10613	800025bc	d019b8d3	fcvt.s.wu	f17,x19	 x19:0x00000001 f17=0x3f800000
     106165.000 ns	     10615	800025c0	01832bb3	slt	x23,x6,x24	  x6:0x0000041a x24:0x00000000 x23=0x00000000
     106175.000 ns	     10616	800025c4	41edd3b3	sra	x7,x27,x30	 x27:0x00000000 x30:0xfffffe39  x7=0x00000000
     106185.000 ns	     10617	800025c8	01651fb3	sll	x31,x10,x22	 x10:0x003e7564 x22:0x00000000 x31=0x003e7564
     106195.000 ns	     10618	800025cc	01b43333	sltu	x6,x8,x27	  x8:0x00000001 x27:0x00000000  x6=0x00000000
     106205.000 ns	     10619	800025d0	007ae533	or	x10,x21,x7	 x21:0x4ecb0000  x7:0x00000000 x10=0x4ecb0000
     106225.000 ns	     10621	800025d4	03d2bfb3	mulhu	x31,x5,x29	  x5:0x003b5838 x29:0x80000000 x31=0x001dac1c
     106255.000 ns	     10624	800025d8	29629553	fmax.s	f10,f5,f22	  f5:0xffe0d588 f22:0xf3000000 f10=0xf3000000
     106275.000 ns	     10626	800025dc	c0228093	addi	x1,x5,-1022	  x5:0x003b5838  x1=0x003b543a
     106285.000 ns	     10627	800025e0	8e39e317	auipc	x6,0x8e39e	  x6=0x0e3a05e0
     107455.000 ns	     10744	800025e4	580470d3	fsqrt.s	f1,f8	  f8:0x4a79d590  f1=0x44b0a896
     107825.000 ns	     10781	800025e8	02604e33	div	x28,x0,x6	  x0:0x00000000  x6:0x00000000 x28=0x00000000
     107855.000 ns	     10784	800025ec	a1531c53	flt.s	x24,f6,f21	  f6:0xff800000 f21:0x00000000 x24=0x00000001
     107875.000 ns	     10786	800025f0	00a64a33	xor	x20,x12,x10	 x12:0x00000006 x10:0x4ecb0000 x20=0x4ecb0006
     107895.000 ns	     10788	800025f4	287f8b53	fmin.s	f22,f31,f7	 f31:0x7fc18a9e  f7:0x40c00000 f22=0x40c00000
     108265.000 ns	     10825	800025f8	021dc3b3	div	x7,x27,x1	 x27:0x00000000  x1:0x003b543a  x7=0x00000000
     108285.000 ns	     10827	800025fc	01b35493	srli	x9,x6,0x1b	  x6:0x0e3a05e0  x9=0x00000001
     108295.000 ns	     10828	80002600	01c381b3	add	x3,x7,x28	  x7:0x00000000 x28:0x00000000  x3=0x00000000
     108305.000 ns	     10829	80002604	4156dd93	srai	x27,x13,0x15	 x13:0x000f5da1 x27=0x00000000
     108325.000 ns	     10831	80002608	03e12cb3	mulhsu	x25,x2,x30	  x2:0x0000079b x30:0xfffffe39 x25=0x0000079a
     108355.000 ns	     10834	8000260c	036d2f33	mulhsu	x30,x26,x22	 x26:0x00000000 x22:0x00000000 x30=0x00000000
     108375.000 ns	     10836	80002610	d75a0d13	addi	x26,x20,-651	 x20:0x4ecb0006 x26=0x4ecafd7b
     108395.000 ns	     10838	80002614	29f39f53	fmax.s	f30,f7,f31	  f7:0x40c00000 f31:0x7fc18a9e f30=0x40c00000
     108765.000 ns	     10875	80002618	0343c0b3	div	x1,x7,x20	  x7:0x00000000 x20:0x4ecb0006  x1=0x00000000
     108795.000 ns	     10878	8000261c	d01777d3	fcvt.s.wu	f15,x14	 x14:0x80041024 f15=0x4f000410
     108825.000 ns	     10881	80002620	0375e4b3	rem	x9,x11,x23	 x11:0x00000000 x23:0x00000000  x9=0x00000000
     108855.000 ns	     10884	80002624	c01a7053	fcvt.wu.s	x0,f20	 f20:0x80000000
     108895.000 ns	     10888	80002628	10b37653	fmul.s	f12,f6,f11	  f6:0xff800000 f11:0x00000000 f12=0x7fc00000
     108915.000 ns	     10890	8000262c	01685513	srli	x10,x16,0x16	 x16:0x00000002 x10=0x00000000
     108955.000 ns	     10894	80002630	0812fad3	fsub.s	f21,f5,f1	  f5:0xffe0d588  f1:0x44b0a896 f21=0x7fc00000
     108975.000 ns	     10896	80002634	ef4db393	sltiu	x7,x27,-268	 x27:0x00000000  x7=0x00000001
     108985.000 ns	     10897	80002638	01b29233	sll	x4,x5,x27	  x5:0x003b5838 x27:0x00000000  x4=0x003b5838
     109005.000 ns	     10899	8000263c	20c51053	fsgnjn.s	f0,f10,f12	 f10:0xf3000000 f12:0x7fc00000  f0=0xf3000000
     109055.000 ns	     10904	80002640	01bf75d3	fadd.s	f11,f30,f27	 f30:0x40c00000 f27:0x80000000 f11=0x40c00000
     109085.000 ns	     10907	80002644	a1ef24d3	feq.s	x9,f30,f30	 f30:0x40c00000 f30:0x40c00000  x9=0x00000001
     109105.000 ns	     10909	80002648	24fc6e13	ori	x28,x24,591	 x24:0x00000001 x28=0x0000024f
     109125.000 ns	     10911	8000264c	e0001ad3	fclass.s	x21,f0	  f0:0xf3000000 x21=0x00000002
     109145.000 ns	     10913	80002650	40070333	sub	x6,x14,x0	 x14:0x80041024  x0:0x00000000  x6=0x80041024
     109165.000 ns	     10915	80002654	03cf3eb3	mulhu	x29,x30,x28	 x30:0x00000000 x28:0x0000024f x29=0x00000000
     109535.000 ns	     10952	80002658	029dd8b3	divu	x17,x27,x9	 x27:0x00000000  x9:0x00000001 x17=0x00000000
     109565.000 ns	     10955	8000265c	a13998d3	flt.s	x17,f19,f19	 f19:0xff800000 f19:0xff800000 x17=0x00000000
     109595.000 ns	     10958	80002660	d01e8e53	fcvt.s.wu	f28,x29	 x29:0x00000000 f28=0x00000000
     109965.000 ns	     10995	80002664	03964133	div	x2,x12,x25	 x12:0x00000006 x25:0x0000079a  x2=0x00000000
     109985.000 ns	     10997	80002668	01c88bb3	add	x23,x17,x28	 x17:0x00000000 x28:0x0000024f x23=0x0000024f
     110005.000 ns	     10999	8000266c	020a0633	mul	x12,x20,x0	 x20:0x4ecb0006  x0:0x00000000 x12=0x00000000
     110025.000 ns	     11001	80002670	37c85637	lui	x12,0x37c85	 x12=0x37c85000
     110045.000 ns	     11003	80002674	20968653	fsgnj.s	f12,f13,f9	 f13:0x4c7726d0  f9:0x00000000 f12=0x4c7726d0
     110075.000 ns	     11006	80002678	024892b3	mulh	x5,x17,x4	 x17:0x00000000  x4:0x003b5838  x5=0x00000000
     110105.000 ns	     11009	8000267c	a05bafd3	feq.s	x31,f23,f5	 f23:0x00000000  f5:0xffe0d588 x31=0x00000000
     110155.000 ns	     11014	80002680	01d5fd53	fadd.s	f26,f11,f29	 f11:0x40c00000 f29:0x40b50482 f26=0x413a8241
     110185.000 ns	     11017	80002684	02bb3eb3	mulhu	x29,x22,x11	 x22:0x00000000 x11:0x00000000 x29=0x00000000
     110215.000 ns	     11020	80002688	d019f7d3	fcvt.s.wu	f15,x19	 x19:0x00000001 f15=0x3f800000
     110245.000 ns	     11023	8000268c	20b52853	fsgnjx.s	f16,f10,f11	 f10:0xf3000000 f11:0x40c00000 f16=0xf3000000
     110275.000 ns	     11026	80002690	a06c2a53	feq.s	x20,f24,f6	 f24:0xce43ffef  f6:0xff800000 x20=0x00000000
     110305.000 ns	     11029	80002694	20f522d3	fsgnjx.s	f5,f10,f15	 f10:0xf3000000 f15:0x3f800000  f5=0xf3000000
     110335.000 ns	     11032	80002698	03928d33	mul	x26,x5,x25	  x5:0x00000000 x25:0x0000079a x26=0x00000000
     110365.000 ns	     11035	8000269c	02c997b3	mulh	x15,x19,x12	 x19:0x00000001 x12:0x37c85000 x15=0x00000000
     110385.000 ns	     11037	800026a0	01c4d0b3	srl	x1,x9,x28	  x9:0x00000001 x28:0x0000024f  x1=0x00000000
     110395.000 ns	     11038	800026a4	afd5c313	xori	x6,x11,-1283	 x11:0x00000000  x6=0xfffffafd
     110405.000 ns	     11039	800026a8	f2c7d617	auipc	x12,0xf2c7d	 x12=0x72c7f6a8
     110415.000 ns	     11040	800026ac	41cfdb13	srai	x22,x31,0x1c	 x31:0x00000000 x22=0x00000000
     110435.000 ns	     11042	800026b0	d01bf2d3	fcvt.s.wu	f5,x23	 x23:0x0000024f  f5=0x4413c000
     110465.000 ns	     11045	800026b4	027aae33	mulhsu	x28,x21,x7	 x21:0x00000002  x7:0x00000001 x28=0x00000000
     110485.000 ns	     11047	800026b8	00000013	addi	x0,x0,0	  x0:0x00000000
     110495.000 ns	     11048	800026bc	33ca3a17	auipc	x20,0x33ca3	 x20=0xb3ca56bc
     110515.000 ns	     11050	800026c0	02d29d33	mulh	x26,x5,x13	  x5:0x00000000 x13:0x000f5da1 x26=0x00000000
     110545.000 ns	     11053	800026c4	c01a7ed3	fcvt.wu.s	x29,f20	 f20:0x80000000 x29=0x00000000
     110575.000 ns	     11056	800026c8	c01f83d3	fcvt.wu.s	x7,f31	 f31:0x7fc18a9e  x7=0xffffffff
     110605.000 ns	     11059	800026cc	210582d3	fsgnj.s	f5,f11,f16	 f11:0x40c00000 f16:0xf3000000  f5=0xc0c00000
     110625.000 ns	     11061	800026d0	015b1a33	sll	x20,x22,x21	 x22:0x00000000 x21:0x00000002 x20=0x00000000
     110635.000 ns	     11062	800026d4	821d3c93	sltiu	x25,x26,-2015	 x26:0x00000000 x25=0x00000001
     110655.000 ns	     11064	800026d8	0375a1b3	mulhsu	x3,x11,x23	 x11:0x00000000 x23:0x0000024f  x3=0x00000000
     110675.000 ns	     11066	800026dc	00261d13	slli	x26,x12,0x2	 x12:0x72c7f6a8 x26=0xcb1fdaa0
     110695.000 ns	     11068	800026e0	a13e9ed3	flt.s	x29,f29,f19	 f29:0x40b50482 f19:0xff800000 x29=0x00000000
     110715.000 ns	     11070	800026e4	b0423e13	sltiu	x28,x4,-1276	  x4:0x003b5838 x28=0x00000001
     110735.000 ns	     11072	800026e8	208c2753	fsgnjx.s	f14,f24,f8	 f24:0xce43ffef  f8:0x4a79d590 f14=0xce43ffef
     110765.000 ns	     11075	800026ec	28bf9853	fmax.s	f16,f31,f11	 f31:0x7fc18a9e f11:0x40c00000 f16=0x40c00000
     110795.000 ns	     11078	800026f0	28919e53	fmax.s	f28,f3,f9	  f3:0x4df9d592  f9:0x00000000 f28=0x4df9d592
     110815.000 ns	     11080	800026f4	01835893	srli	x17,x6,0x18	  x6:0xfffffafd x17=0x000000ff
     110825.000 ns	     11081	800026f8	41405a13	srai	x20,x0,0x14	  x0:0x00000000 x20=0x00000000
     110835.000 ns	     11082	800026fc	001a5213	srli	x4,x20,0x1	 x20:0x00000000  x4=0x00000000
     110845.000 ns	     11083	80002700	01a6cc33	xor	x24,x13,x26	 x13:0x000f5da1 x26:0xcb1fdaa0 x24=0xcb108701
     110865.000 ns	     11085	80002704	024fddb3	divu	x27,x31,x4	 x31:0x00000000  x4:0x003b5838 x27=0xffffffff
     110895.000 ns	     11088	80002708	e00e83d3	fmv.x.w	x7,f29	 f29:0x40b50482  x7=0x40b50482
     110915.000 ns	     11090	8000270c	008cb333	sltu	x6,x25,x8	 x25:0x00000001  x8:0x00000001  x6=0x00000000
     110935.000 ns	     11092	80002710	a06689d3	fle.s	x19,f13,f6	 f13:0x4c7726d0  f6:0xff800000 x19=0x00000000
     110955.000 ns	     11094	80002714	01f6efb3	or	x31,x13,x31	 x13:0x000f5da1 x31:0x00000000 x31=0x000f5da1
     110985.000 ns	     11097	80002718	182fbc53	fdiv.s	f24,f31,f2	 f31:0x7fc18a9e  f2:0x00000000 f24=0x7fc00000
     111005.000 ns	     11099	8000271c	045dc493	xori	x9,x27,69	 x27:0xffffffff  x9=0xffffffba
     111015.000 ns	     11100	80002720	01947a33	and	x20,x8,x25	  x8:0x00000001 x25:0x00000001 x20=0x00000001
     112185.000 ns	     11217	80002724	580e3953	fsqrt.s	f18,f28	 f28:0x4df9d592 f18=0x46b2d35e
     112215.000 ns	     11220	80002728	205307d3	fsgnj.s	f15,f6,f5	  f6:0xff800000  f5:0xc0c00000 f15=0xff800000
     112245.000 ns	     11223	8000272c	e0029153	fclass.s	x2,f5	  f5:0xc0c00000  x2=0x00000002
     112265.000 ns	     11225	80002730	ad793013	sltiu	x0,x18,-1321	 x18:0x80040fe4
     112285.000 ns	     11227	80002734	d01040d3	fcvt.s.wu	f1,x0	  x0:0x00000000  f1=0x00000000
     112315.000 ns	     11230	80002738	033a9433	mulh	x8,x21,x19	 x21:0x00000002 x19:0x00000000  x8=0x00000000
     112345.000 ns	     11233	8000273c	207e8bd3	fsgnj.s	f23,f29,f7	 f29:0x40b50482  f7:0x40c00000 f23=0x40b50482
     112365.000 ns	     11235	80002740	4502cd97	auipc	x27,0x4502c	 x27=0xc502e740
     112375.000 ns	     11236	80002744	c1b68513	addi	x10,x13,-997	 x13:0x000f5da1 x10=0x000f59bc
     112395.000 ns	     11238	80002748	21878ad3	fsgnj.s	f21,f15,f24	 f15:0xff800000 f24:0x7fc00000 f21=0x7f800000
     112415.000 ns	     11240	8000274c	419a0033	sub	x0,x20,x25	 x20:0x00000001 x25:0x00000001
     112435.000 ns	     11242	80002750	02bcefb3	rem	x31,x25,x11	 x25:0x00000001 x11:0x00000000 x31=0x00000001
     113615.000 ns	     11360	80002754	580c8553	fsqrt.s	f10,f25	 f25:0x5ac546ac f10=0x4d1ee819
     113645.000 ns	     11363	80002758	212ea453	fsgnjx.s	f8,f29,f18	 f29:0x40b50482 f18:0x46b2d35e  f8=0x40b50482
     113665.000 ns	     11365	8000275c	00d8df93	srli	x31,x17,0xd	 x17:0x000000ff x31=0x00000000
     113675.000 ns	     11366	80002760	3cfe8d93	addi	x27,x29,975	 x29:0x00000000 x27=0x000003cf
     113695.000 ns	     11368	80002764	e00304d3	fmv.x.w	x9,f6	  f6:0xff800000  x9=0xff800000
     113725.000 ns	     11371	80002768	d006f2d3	fcvt.s.w	f5,x13	 x13:0x000f5da1  f5=0x4975da10
     113745.000 ns	     11373	8000276c	0088a233	slt	x4,x17,x8	 x17:0x000000ff  x8:0x00000000  x4=0x00000000
     113755.000 ns	     11374	80002770	41ecd413	srai	x8,x25,0x1e	 x25:0x00000001  x8=0x00000000
     113765.000 ns	     11375	80002774	00000013	addi	x0,x0,0	  x0:0x00000000
     113775.000 ns	     11376	80002778	01be5413	srli	x8,x28,0x1b	 x28:0x00000001  x8=0x00000000
     113795.000 ns	     11378	8000277c	a1df13d3	flt.s	x7,f30,f29	 f30:0x40c00000 f29:0x40b50482  x7=0x00000000
     113835.000 ns	     11382	80002780	11d7fc53	fmul.s	f24,f15,f29	 f15:0xff800000 f29:0x40b50482 f24=0xff800000
     113855.000 ns	     11384	80002784	840d0293	addi	x5,x26,-1984	 x26:0xcb1fdaa0  x5=0xcb1fd2e0
     113865.000 ns	     11385	80002788	00eacfb3	xor	x31,x21,x14	 x21:0x00000002 x14:0x80041024 x31=0x80041026
     113885.000 ns	     11387	8000278c	e00c1cd3	fclass.s	x25,f24	 f24:0xff800000 x25=0x00000001
     113915.000 ns	     11390	80002790	a1a12dd3	feq.s	x27,f2,f26	  f2:0x00000000 f26:0x413a8241 x27=0x00000000
     113965.000 ns	     11395	80002794	08ca7bd3	fsub.s	f23,f20,f12	 f20:0x80000000 f12:0x4c7726d0 f23=0xcc7726d0
     114005.000 ns	     11399	80002798	11c547d3	fmul.s	f15,f10,f28	 f10:0x4d1ee819 f28:0x4df9d592 f15=0x5b9b1452
     114035.000 ns	     11402	8000279c	a1ca90d3	flt.s	x1,f21,f28	 f21:0x7f800000 f28:0x4df9d592  x1=0x00000000
     114405.000 ns	     11439	800027a0	02cddc33	divu	x24,x27,x12	 x27:0x00000000 x12:0x72c7f6a8 x24=0x00000000
     114425.000 ns	     11441	800027a4	daa16f13	ori	x30,x2,-598	  x2:0x00000002 x30=0xfffffdaa
     114435.000 ns	     11442	800027a8	1b89c593	xori	x11,x19,440	 x19:0x00000000 x11=0x000001b8
     114455.000 ns	     11444	800027ac	29d79f53	fmax.s	f30,f15,f29	 f15:0x5b9b1452 f29:0x40b50482 f30=0x5b9b1452
     114485.000 ns	     11447	800027b0	e00096d3	fclass.s	x13,f1	  f1:0x00000000 x13=0x00000010
     114505.000 ns	     11449	800027b4	005ca5b3	slt	x11,x25,x5	 x25:0x00000001  x5:0xcb1fd2e0 x11=0x00000000
     114525.000 ns	     11451	800027b8	025d8fb3	mul	x31,x27,x5	 x27:0x00000000  x5:0xcb1fd2e0 x31=0x00000000
     115705.000 ns	     11569	800027bc	580e1553	fsqrt.s	f10,f28	 f28:0x4df9d592 f10=0x46b2d35e
     115725.000 ns	     11571	800027c0	0064ea33	or	x20,x9,x6	  x9:0xff800000  x6:0x00000000 x20=0xff800000
     115745.000 ns	     11573	800027c4	03342133	mulhsu	x2,x8,x19	  x8:0x00000000 x19:0x00000000  x2=0x00000000
     116115.000 ns	     11610	800027c8	03e7fab3	remu	x21,x15,x30	 x15:0x00000000 x30:0xfffffdaa x21=0x00000000
     116145.000 ns	     11613	800027cc	c0197ad3	fcvt.wu.s	x21,f18	 f18:0x46b2d35e x21=0x00005969
     116165.000 ns	     11615	800027d0	0159e0b3	or	x1,x19,x21	 x19:0x00000000 x21:0x00000000  x1=0x00005969
     116175.000 ns	     11616	800027d4	0c8ee597	auipc	x11,0xc8ee	 x11=0x8c8f07d4
     116215.000 ns	     11620	800027d8	004b7cd3	fadd.s	f25,f22,f4	 f22:0x40c00000  f4:0x00000000 f25=0x40c00000
     116235.000 ns	     11622	800027dc	01e0c533	xor	x10,x1,x30	  x1:0x00005969 x30:0xfffffdaa x10=0xffffa4c3
     116255.000 ns	     11624	800027e0	d0057c53	fcvt.s.w	f24,x10	 x10:0x000f59bc f24=0xc6b67a00
     116275.000 ns	     11626	800027e4	cd94cd13	xori	x26,x9,-807	  x9:0xff800000 x26=0x007ffcd9
     116285.000 ns	     11627	800027e8	60f02013	slti	x0,x0,1551	  x0:0x00000000
     116305.000 ns	     11629	800027ec	0287a9b3	mulhsu	x19,x15,x8	 x15:0x00000000  x8:0x00000000 x19=0x00000000
     116325.000 ns	     11631	800027f0	40da5093	srai	x1,x20,0xd	 x20:0xff800000  x1=0xfffffc00
     116685.000 ns	     11667	800027f4	03ad5cb3	divu	x25,x26,x26	 x26:0x007ffcd9 x26:0x007ffcd9 x25=0x00000001
     117055.000 ns	     11704	800027f8	02e3efb3	rem	x31,x7,x14	  x7:0x00000000 x14:0x80041024 x31=0x00000000
     117075.000 ns	     11706	800027fc	000b85b3	add	x11,x23,x0	 x23:0x0000024f  x0:0x00000000 x11=0x0000024f
     117095.000 ns	     11708	80002800	03ffe6b3	rem	x13,x31,x31	 x31:0x00000000 x31:0x00000000 x13=0x00000000
     117125.000 ns	     11711	80002804	d00398d3	fcvt.s.w	f17,x7	  x7:0x00000000 f17=0x00000000
     117145.000 ns	     11713	80002808	019ba1b3	slt	x3,x23,x25	 x23:0x0000024f x25:0x00000001  x3=0x00000000
     117155.000 ns	     11714	8000280c	00cd0633	add	x12,x26,x12	 x26:0x007ffcd9 x12:0x72c7f6a8 x12=0x7347f381
     117165.000 ns	     11715	80002810	410151b3	sra	x3,x2,x16	  x2:0x00000000 x16:0x00000002  x3=0x00000000
     117185.000 ns	     11717	80002814	d01ef553	fcvt.s.wu	f10,x29	 x29:0x00000000 f10=0x00000000
     117205.000 ns	     11719	80002818	002b2d33	slt	x26,x22,x2	 x22:0x00000000  x2:0x00000000 x26=0x00000000
     117565.000 ns	     11755	8000281c	031acab3	div	x21,x21,x17	 x21:0x00005969 x17:0x000000ff x21=0x00000059
     117595.000 ns	     11758	80002820	038ddeb3	divu	x29,x27,x24	 x27:0x00000000 x24:0x00000000 x29=0xffffffff
     117625.000 ns	     11761	80002824	21d78d53	fsgnj.s	f26,f15,f29	 f15:0x5b9b1452 f29:0x40b50482 f26=0x5b9b1452
     117645.000 ns	     11763	80002828	89356293	ori	x5,x10,-1901	 x10:0xffffa4c3  x5=0xfffffcd3
     117675.000 ns	     11766	8000282c	5809f953	fsqrt.s	f18,f19	 f19:0xff800000 f18=0x7fc00000
     117715.000 ns	     11770	80002830	109b1ad3	fmul.s	f21,f22,f9	 f22:0x40c00000  f9:0x00000000 f21=0x00000000
     117735.000 ns	     11772	80002834	418fd593	srai	x11,x31,0x18	 x31:0x00000000 x11=0x00000000
     117755.000 ns	     11774	80002838	02c68533	mul	x10,x13,x12	 x13:0x00000000 x12:0x7347f381 x10=0x00000000
     117785.000 ns	     11777	8000283c	21298c53	fsgnj.s	f24,f19,f18	 f19:0xff800000 f18:0x7fc00000 f24=0x7f800000
     117805.000 ns	     11779	80002840	44982d37	lui	x26,0x44982	 x26=0x44982000
     117825.000 ns	     11781	80002844	02542f33	mulhsu	x30,x8,x5	  x8:0x00000000  x5:0xfffffcd3 x30=0x00000000
     117855.000 ns	     11784	80002848	a0db0253	fle.s	x4,f22,f13	 f22:0x40c00000 f13:0x4c7726d0  x4=0x00000001
     117885.000 ns	     11787	8000284c	20859bd3	fsgnjn.s	f23,f11,f8	 f11:0x40c00000  f8:0x40b50482 f23=0xc0c00000
     117915.000 ns	     11790	80002850	d0033cd3	fcvt.s.w	f25,x6	  x6:0x00000000 f25=0x00000000
     118255.000 ns	     11824	80002854	18e72b53	fdiv.s	f22,f14,f14	 f14:0xce43ffef f14:0xce43ffef f22=0x3f43fff0
     118295.000 ns	     11828	80002858	580d83d3	fsqrt.s	f7,f27	 f27:0x80000000  f7=0x80000000
     118315.000 ns	     11830	8000285c	98b79217	auipc	x4,0x98b79	  x4=0x18b7b85c
     118335.000 ns	     11832	80002860	211303d3	fsgnj.s	f7,f6,f17	  f6:0xff800000 f17:0x00000000  f7=0x7f800000
     118365.000 ns	     11835	80002864	296a9853	fmax.s	f16,f21,f22	 f21:0x00000000 f22:0x3f43fff0 f16=0x3f43fff0
     118395.000 ns	     11838	80002868	a02d03d3	fle.s	x7,f26,f2	 f26:0x5b9b1452  f2:0x00000000  x7=0x00000000
     118415.000 ns	     11840	8000286c	01089a93	slli	x21,x17,0x10	 x17:0x000000ff x21=0x00ff0000
     118425.000 ns	     11841	80002870	9a5ab493	sltiu	x9,x21,-1627	 x21:0x00000059  x9=0x00000001
     118445.000 ns	     11843	80002874	20fb94d3	fsgnjn.s	f9,f23,f15	 f23:0xc0c00000 f15:0x5b9b1452  f9=0xc0c00000
     118475.000 ns	     11846	80002878	c0114053	fcvt.wu.s	x0,f2	  f2:0x00000000
     118495.000 ns	     11848	8000287c	a08ec113	xori	x2,x29,-1528	 x29:0xffffffff  x2=0x000005f7
     118525.000 ns	     11851	80002880	1040f8d3	fmul.s	f17,f1,f4	  f1:0x00000000  f4:0x00000000 f17=0x00000000
     118555.000 ns	     11854	80002884	a1201ed3	flt.s	x29,f0,f18	  f0:0xf3000000 f18:0x7fc00000 x29=0x00000000
     118575.000 ns	     11856	80002888	d72d6eb7	lui	x29,0xd72d6	 x29=0xd72d6000
     118595.000 ns	     11858	8000288c	020888b3	mul	x17,x17,x0	 x17:0x000000ff  x0:0x00000000 x17=0x00000000
     118615.000 ns	     11860	80002890	006d1033	sll	x0,x26,x6	 x26:0x44982000  x6:0x00000000
     118625.000 ns	     11861	80002894	009d96b3	sll	x13,x27,x9	 x27:0x00000000  x9:0x00000001 x13=0x00000000
     118985.000 ns	     11897	80002898	02ec4fb3	div	x31,x24,x14	 x24:0x00000000 x14:0x80041024 x31=0x00000000
     119015.000 ns	     11900	8000289c	20191d53	fsgnjn.s	f26,f18,f1	 f18:0x7fc00000  f1:0x00000000 f26=0xffc00000
     119045.000 ns	     11903	800028a0	022faf33	mulhsu	x30,x31,x2	 x31:0x00000000  x2:0x000005f7 x30=0x00000000
     119415.000 ns	     11940	800028a4	034b75b3	remu	x11,x22,x20	 x22:0x00000000 x20:0xff800000 x11=0x00000000
     119435.000 ns	     11942	800028a8	efc74413	xori	x8,x14,-260	 x14:0x80041024  x8=0x7ffbeed8
     119455.000 ns	     11944	800028ac	a17498d3	flt.s	x17,f9,f23	  f9:0xc0c00000 f23:0xc0c00000 x17=0x00000000
     119485.000 ns	     11947	800028b0	f00e0e53	fmv.w.x	f28,x28	 x28:0x00000001 f28=0x00000001
     119515.000 ns	     11950	800028b4	03848bb3	mul	x23,x9,x24	  x9:0x00000001 x24:0x00000000 x23=0x00000000
     119545.000 ns	     11953	800028b8	a1380653	fle.s	x12,f16,f19	 f16:0x3f43fff0 f19:0xff800000 x12=0x00000000
     119565.000 ns	     11955	800028bc	006f6cb3	or	x25,x30,x6	 x30:0x00000000  x6:0x00000000 x25=0x00000000
     119575.000 ns	     11956	800028c0	0160ed33	or	x26,x1,x22	  x1:0xfffffc00 x22:0x00000000 x26=0xfffffc00
     119595.000 ns	     11958	800028c4	02840333	mul	x6,x8,x8	  x8:0x7ffbeed8  x8:0x7ffbeed8  x6=0x8a665640
     119625.000 ns	     11961	800028c8	02340533	mul	x10,x8,x3	  x8:0x7ffbeed8  x3:0x00000000 x10=0x00000000
     119645.000 ns	     11963	800028cc	00f4fa33	and	x20,x9,x15	  x9:0x00000001 x15:0x00000000 x20=0x00000000
     119655.000 ns	     11964	800028d0	012aa4b3	slt	x9,x21,x18	 x21:0x00ff0000 x18:0x80040fe4  x9=0x00000000
     119665.000 ns	     11965	800028d4	01fa7eb3	and	x29,x20,x31	 x20:0xff800000 x31:0x00000000 x29=0x00000000
     119685.000 ns	     11967	800028d8	02ea00b3	mul	x1,x20,x14	 x20:0x00000000 x14:0x80041024  x1=0x00000000
     119705.000 ns	     11969	800028dc	6a4c4897	auipc	x17,0x6a4c4	 x17=0xea4c68dc
     119715.000 ns	     11970	800028e0	00e16db3	or	x27,x2,x14	  x2:0x000005f7 x14:0x80041024 x27=0x800415f7
     119725.000 ns	     11971	800028e4	41ee8cb3	sub	x25,x29,x30	 x29:0x00000000 x30:0x00000000 x25=0x00000000
     119745.000 ns	     11973	800028e8	02de17b3	mulh	x15,x28,x13	 x28:0x00000001 x13:0x00000000 x15=0x00000000
     119765.000 ns	     11975	800028ec	b8a86a97	auipc	x21,0xb8a86	 x21=0x38a888ec
     119785.000 ns	     11977	800028f0	02c3de33	divu	x28,x7,x12	  x7:0x00000000 x12:0x00000000 x28=0xffffffff
     119815.000 ns	     11980	800028f4	e0060653	fmv.x.w	x12,f12	 f12:0x4c7726d0 x12=0x4c7726d0
     119835.000 ns	     11982	800028f8	41405d33	sra	x26,x0,x20	  x0:0x00000000 x20:0x00000000 x26=0x00000000
     119845.000 ns	     11983	800028fc	00000013	addi	x0,x0,0	  x0:0x00000000
     119865.000 ns	     11985	80002900	02a32b33	mulhsu	x22,x6,x10	  x6:0x8a665640 x10:0x00000000 x22=0x00000000
     119885.000 ns	     11987	80002904	6a380a13	addi	x20,x16,1699	 x16:0x00000002 x20=0x000006a5
     120245.000 ns	     12023	80002908	034ef133	remu	x2,x29,x20	 x29:0x00000000 x20:0x00000000  x2=0x00000000
     120265.000 ns	     12025	8000290c	01361033	sll	x0,x12,x19	 x12:0x4c7726d0 x19:0x00000000
     120305.000 ns	     12029	80002910	087215d3	fsub.s	f11,f4,f7	  f4:0x00000000  f7:0x7f800000 f11=0xff800000
     120325.000 ns	     12031	80002914	fbef7d93	andi	x27,x30,-66	 x30:0x00000000 x27=0x00000000
     120345.000 ns	     12033	80002918	215d0ad3	fsgnj.s	f21,f26,f21	 f26:0xffc00000 f21:0x00000000 f21=0x7fc00000
     120365.000 ns	     12035	8000291c	004f1a33	sll	x20,x30,x4	 x30:0x00000000  x4:0x18b7b85c x20=0x00000000
     120375.000 ns	     12036	80002920	00b25093	srli	x1,x4,0xb	  x4:0x18b7b85c  x1=0x000316f7
     120385.000 ns	     12037	80002924	016902b3	add	x5,x18,x22	 x18:0x80040fe4 x22:0x00000000  x5=0x80040fe4
     120395.000 ns	     12038	80002928	02a3b397	auipc	x7,0x2a3b	  x7=0x82a3d928
     120405.000 ns	     12039	8000292c	01130333	add	x6,x6,x17	  x6:0x8a665640 x17:0xea4c68dc  x6=0x74b2bf1c
     120415.000 ns	     12040	80002930	41ad0533	sub	x10,x26,x26	 x26:0x00000000 x26:0x00000000 x10=0x00000000
     121585.000 ns	     12157	80002934	580626d3	fsqrt.s	f13,f12	 f12:0x4c7726d0 f13=0x45aec311
     121625.000 ns	     12161	80002938	580d7dd3	fsqrt.s	f27,f26	 f26:0xffc00000 f27=0x7fc00000
     121645.000 ns	     12163	8000293c	b0126b17	auipc	x22,0xb0126	 x22=0x3012893c
     121665.000 ns	     12165	80002940	021e22b3	mulhsu	x5,x28,x1	 x28:0xffffffff  x1:0x000316f7  x5=0xffffffff
     121695.000 ns	     12168	80002944	a0b793d3	flt.s	x7,f15,f11	 f15:0x5b9b1452 f11:0xff800000  x7=0x00000000
     121715.000 ns	     12170	80002948	007723b3	slt	x7,x14,x7	 x14:0x80041024  x7:0x82a3d928  x7=0x00000001
     121735.000 ns	     12172	8000294c	025d31b3	mulhu	x3,x26,x5	 x26:0x00000000  x5:0xffffffff  x3=0x00000000
     121755.000 ns	     12174	80002950	00cddd33	srl	x26,x27,x12	 x27:0x00000000 x12:0x4c7726d0 x26=0x00000000
     121765.000 ns	     12175	80002954	09986d93	ori	x27,x16,153	 x16:0x00000002 x27=0x0000009b
     121775.000 ns	     12176	80002958	005319b3	sll	x19,x6,x5	  x6:0x74b2bf1c  x5:0xffffffff x19=0x00000000
     121785.000 ns	     12177	8000295c	40af5113	srai	x2,x30,0xa	 x30:0x00000000  x2=0x00000000
     121805.000 ns	     12179	80002960	21691cd3	fsgnjn.s	f25,f18,f22	 f18:0x7fc00000 f22:0x3f43fff0 f25=0xffc00000
     121845.000 ns	     12183	80002964	11f1acd3	fmul.s	f25,f3,f31	  f3:0x4df9d592 f31:0x7fc18a9e f25=0x7fc00000
     121885.000 ns	     12187	80002968	184180d3	fdiv.s	f1,f3,f4	  f3:0x4df9d592  f4:0x00000000  f1=0x7f800000
     121905.000 ns	     12189	8000296c	2b058a13	addi	x20,x11,688	 x11:0x00000000 x20=0x000002b0
     121915.000 ns	     12190	80002970	3fd86a93	ori	x21,x16,1021	 x16:0x00000002 x21=0x000003ff
     121925.000 ns	     12191	80002974	6127cb13	xori	x22,x15,1554	 x15:0x00000000 x22=0x00000612
     121935.000 ns	     12192	80002978	007cf533	and	x10,x25,x7	 x25:0x00000000  x7:0x00000001 x10=0x00000000
     121945.000 ns	     12193	8000297c	00000013	addi	x0,x0,0	  x0:0x00000000
     121975.000 ns	     12196	80002980	10b73053	fmul.s	f0,f14,f11	 f14:0xce43ffef f11:0xff800000  f0=0x7f800000
     121995.000 ns	     12198	80002984	00000013	addi	x0,x0,0	  x0:0x00000000
     122005.000 ns	     12199	80002988	01bb56b3	srl	x13,x22,x27	 x22:0x00000612 x27:0x0000009b x13=0x00000000
     122025.000 ns	     12201	8000298c	e00a9fd3	fclass.s	x31,f21	 f21:0x7fc00000 x31=0x00000200
     122055.000 ns	     12204	80002990	a1f686d3	fle.s	x13,f13,f31	 f13:0x45aec311 f31:0x7fc18a9e x13=0x00000000
     122085.000 ns	     12207	80002994	29f98e53	fmin.s	f28,f19,f31	 f19:0xff800000 f31:0x7fc18a9e f28=0xff800000
     122105.000 ns	     12209	80002998	41d057b3	sra	x15,x0,x29	  x0:0x00000000 x29:0x00000000 x15=0x00000000
     122125.000 ns	     12211	8000299c	29b812d3	fmax.s	f5,f16,f27	 f16:0x3f43fff0 f27:0x7fc00000  f5=0x3f43fff0
     122155.000 ns	     12214	800029a0	203b8453	fsgnj.s	f8,f23,f3	 f23:0xc0c00000  f3:0x4df9d592  f8=0x40c00000
     122175.000 ns	     12216	800029a4	beb5f0b7	lui	x1,0xbeb5f	  x1=0xbeb5f000
     122215.000 ns	     12220	800029a8	01cbf153	fadd.s	f2,f23,f28	 f23:0xc0c00000 f28:0xff800000  f2=0xff800000
     122585.000 ns	     12257	800029ac	0278c3b3	div	x7,x17,x7	 x17:0xea4c68dc  x7:0x00000001  x7=0xea4c68dc
     122605.000 ns	     12259	800029b0	fa7f4613	xori	x12,x30,-89	 x30:0x00000000 x12=0xffffffa7
     122615.000 ns	     12260	800029b4	f607c213	xori	x4,x15,-160	 x15:0x00000000  x4=0xffffff60
     122635.000 ns	     12262	800029b8	036b0a33	mul	x20,x22,x22	 x22:0x00000612 x22:0x00000612 x20=0x0024d944
     122655.000 ns	     12264	800029bc	00314033	xor	x0,x2,x3	  x2:0x00000000  x3:0x00000000
     122665.000 ns	     12265	800029c0	0138ebb3	or	x23,x17,x19	 x17:0xea4c68dc x19:0x00000000 x23=0xea4c68dc
     122685.000 ns	     12267	800029c4	20c29453	fsgnjn.s	f8,f5,f12	  f5:0x3f43fff0 f12:0x4c7726d0  f8=0xbf43fff0
     122705.000 ns	     12269	800029c8	00000013	addi	x0,x0,0	  x0:0x00000000
     122715.000 ns	     12270	800029cc	011e3633	sltu	x12,x28,x17	 x28:0xffffffff x17:0xea4c68dc x12=0x00000000
     122725.000 ns	     12271	800029d0	00cc4333	xor	x6,x24,x12	 x24:0x00000000 x12:0xffffffa7  x6=0x00000000
     122755.000 ns	     12274	800029d4	18b20ed3	fdiv.s	f29,f4,f11	  f4:0x00000000 f11:0xff800000 f29=0x80000000
     123125.000 ns	     12311	800029d8	03f9c333	div	x6,x19,x31	 x19:0x00000000 x31:0x00000200  x6=0x00000000
     123155.000 ns	     12314	800029dc	29370653	fmin.s	f12,f14,f19	 f14:0xce43ffef f19:0xff800000 f12=0xff800000
     123175.000 ns	     12316	800029e0	00537db3	and	x27,x6,x5	  x6:0x00000000  x5:0xffffffff x27=0x00000000
     123195.000 ns	     12318	800029e4	e00c0f53	fmv.x.w	x30,f24	 f24:0x7f800000 x30=0x7f800000
     123215.000 ns	     12320	800029e8	0144ecb3	or	x25,x9,x20	  x9:0x00000000 x20:0x0024d944 x25=0x0024d944
     123235.000 ns	     12322	800029ec	292f9a53	fmax.s	f20,f31,f18	 f31:0x7fc18a9e f18:0x7fc00000 f20=0x7fc00000
     123265.000 ns	     12325	800029f0	a17683d3	fle.s	x7,f13,f23	 f13:0x45aec311 f23:0xc0c00000  x7=0x00000000
     123285.000 ns	     12327	800029f4	0110b433	sltu	x8,x1,x17	  x1:0xbeb5f000 x17:0xea4c68dc  x8=0x00000001
     123305.000 ns	     12329	800029f8	293d90d3	fmax.s	f1,f27,f19	 f27:0x7fc00000 f19:0xff800000  f1=0xff800000
     123335.000 ns	     12332	800029fc	e00b1253	fclass.s	x4,f22	 f22:0x3f43fff0  x4=0x00000040
     123365.000 ns	     12335	80002a00	e0091c53	fclass.s	x24,f18	 f18:0x7fc00000 x24=0x00000200
     123395.000 ns	     12338	80002a04	02be16b3	mulh	x13,x28,x11	 x28:0xffffffff x11:0x00000000 x13=0x00000000
     123425.000 ns	     12341	80002a08	02b1d033	divu	x0,x3,x11	  x3:0x00000000 x11:0x00000000
     123445.000 ns	     12343	80002a0c	0077d6b3	srl	x13,x15,x7	 x15:0x00000000  x7:0x00000000 x13=0x00000000
     123455.000 ns	     12344	80002a10	44311c97	auipc	x25,0x44311	 x25=0xc4313a10
     123475.000 ns	     12346	80002a14	020b1a33	mulh	x20,x22,x0	 x22:0x00000612  x0:0x00000000 x20=0x00000000
     123495.000 ns	     12348	80002a18	002d40b3	xor	x1,x26,x2	 x26:0x00000000  x2:0x00000000  x1=0x00000000
     123505.000 ns	     12349	80002a1c	001cdf33	srl	x30,x25,x1	 x25:0xc4313a10  x1:0xbeb5f000 x30=0xc4313a10
     123515.000 ns	     12350	80002a20	cfe0d617	auipc	x12,0xcfe0d	 x12=0x4fe0fa20
     123545.000 ns	     12353	80002a24	5804fad3	fsqrt.s	f21,f9	  f9:0xc0c00000 f21=0x7fc00000
     123585.000 ns	     12357	80002a28	1054fbd3	fmul.s	f23,f9,f5	  f9:0xc0c00000  f5:0x3f43fff0 f23=0xc092fff4
     123605.000 ns	     12359	80002a2c	00d7af13	slti	x30,x15,13	 x15:0x00000000 x30=0x00000001
     123625.000 ns	     12361	80002a30	02056db3	rem	x27,x10,x0	 x10:0x00000000  x0:0x00000000 x27=0x00000000
     123655.000 ns	     12364	80002a34	285d8553	fmin.s	f10,f27,f5	 f27:0x7fc00000  f5:0x3f43fff0 f10=0x3f43fff0
     123685.000 ns	     12367	80002a38	a1031dd3	flt.s	x27,f6,f16	  f6:0xff800000 f16:0x3f43fff0 x27=0x00000001
     123705.000 ns	     12369	80002a3c	0017d293	srli	x5,x15,0x1	 x15:0x00000000  x5=0x00000000
     123725.000 ns	     12371	80002a40	d01d8cd3	fcvt.s.wu	f25,x27	 x27:0x00000001 f25=0x3f800000
     123745.000 ns	     12373	80002a44	011ebdb3	sltu	x27,x29,x17	 x29:0x00000000 x17:0xea4c68dc x27=0x00000001
     123765.000 ns	     12375	80002a48	21b78a53	fsgnj.s	f20,f15,f27	 f15:0x5b9b1452 f27:0x7fc00000 f20=0x5b9b1452
     123785.000 ns	     12377	80002a4c	01ee55b3	srl	x11,x28,x30	 x28:0xffffffff x30:0x00000001 x11=0x7fffffff
     123795.000 ns	     12378	80002a50	a1bd6b17	auipc	x22,0xa1bd6	 x22=0x21bd8a50
     123815.000 ns	     12380	80002a54	209b84d3	fsgnj.s	f9,f23,f9	 f23:0xc092fff4  f9:0xc0c00000  f9=0xc092fff4
     123845.000 ns	     12383	80002a58	f00a8c53	fmv.w.x	f24,x21	 x21:0x000003ff f24=0x000003ff
     123865.000 ns	     12385	80002a5c	013ef033	and	x0,x29,x19	 x29:0x00000000 x19:0x00000000
     123875.000 ns	     12386	80002a60	00cb1113	slli	x2,x22,0xc	 x22:0x21bd8a50  x2=0xd8a50000
     123895.000 ns	     12388	80002a64	a0042bd3	feq.s	x23,f8,f0	  f8:0xbf43fff0  f0:0x7f800000 x23=0x00000000
     123925.000 ns	     12391	80002a68	03731f33	mulh	x30,x6,x23	  x6:0x00000000 x23:0xea4c68dc x30=0x00000000
     123955.000 ns	     12394	80002a6c	a0bfaf53	feq.s	x30,f31,f11	 f31:0x7fc18a9e f11:0xff800000 x30=0x00000000
     123985.000 ns	     12397	80002a70	02682033	mulhsu	x0,x16,x6	 x16:0x00000002  x6:0x00000000
     124015.000 ns	     12400	80002a74	e00e0fd3	fmv.x.w	x31,f28	 f28:0xff800000 x31=0xff800000
     124065.000 ns	     12405	80002a78	0921a3d3	fsub.s	f7,f3,f18	  f3:0x4df9d592 f18:0x7fc00000  f7=0x7fc00000
     124085.000 ns	     12407	80002a7c	ee772593	slti	x11,x14,-281	 x14:0x80041024 x11=0x00000001
     124095.000 ns	     12408	80002a80	00000013	addi	x0,x0,0	  x0:0x00000000
     124115.000 ns	     12410	80002a84	c00a7c53	fcvt.w.s	x24,f20	 f20:0x5b9b1452 x24=0x7fffffff
     125295.000 ns	     12528	80002a88	580b71d3	fsqrt.s	f3,f22	 f22:0x3f43fff0  f3=0x3f0a97b8
     125315.000 ns	     12530	80002a8c	fa7aaa13	slti	x20,x21,-89	 x21:0x000003ff x20=0x00000000
     125355.000 ns	     12534	80002a90	08f634d3	fsub.s	f9,f12,f15	 f12:0xff800000 f15:0x5b9b1452  f9=0xff800000
     125375.000 ns	     12536	80002a94	005768b3	or	x17,x14,x5	 x14:0x80041024  x5:0x00000000 x17=0x80041024
     125395.000 ns	     12538	80002a98	20ce9253	fsgnjn.s	f4,f29,f12	 f29:0x80000000 f12:0xff800000  f4=0x00000000
     125425.000 ns	     12541	80002a9c	29a21153	fmax.s	f2,f4,f26	  f4:0x00000000 f26:0xffc00000  f2=0x00000000
     125445.000 ns	     12543	80002aa0	01609013	slli	x0,x1,0x16	  x1:0x00000000
     125465.000 ns	     12545	80002aa4	e00e1e53	fclass.s	x28,f28	 f28:0xff800000 x28=0x00000001
     125495.000 ns	     12548	80002aa8	a15f15d3	flt.s	x11,f30,f21	 f30:0x5b9b1452 f21:0x7fc00000 x11=0x00000000
     125525.000 ns	     12551	80002aac	d01b77d3	fcvt.s.wu	f15,x22	 x22:0x21bd8a50 f15=0x4e06f629
     125555.000 ns	     12554	80002ab0	03e4b1b3	mulhu	x3,x9,x30	  x9:0x00000000 x30:0x00000000  x3=0x00000000
     125575.000 ns	     12556	80002ab4	5384ce93	xori	x29,x9,1336	  x9:0x00000000 x29=0x00000538
     125585.000 ns	     12557	80002ab8	00997133	and	x2,x18,x9	 x18:0x80040fe4  x9:0x00000000  x2=0x00000000
     125605.000 ns	     12559	80002abc	e00a8c53	fmv.x.w	x24,f21	 f21:0x7fc00000 x24=0x7fc00000
     125625.000 ns	     12561	80002ac0	017e73b3	and	x7,x28,x23	 x28:0x00000001 x23:0x00000000  x7=0x00000000
     125635.000 ns	     12562	80002ac4	ff68a513	slti	x10,x17,-10	 x17:0x80041024 x10=0x00000001
     125645.000 ns	     12563	80002ac8	c767e693	ori	x13,x15,-906	 x15:0x00000000 x13=0xfffffc76
     125655.000 ns	     12564	80002acc	69197113	andi	x2,x18,1681	 x18:0x80040fe4  x2=0x00000680
     125665.000 ns	     12565	80002ad0	7ada7f93	andi	x31,x20,1965	 x20:0x00000000 x31=0x00000000
     125695.000 ns	     12568	80002ad4	19a87353	fdiv.s	f6,f16,f26	 f16:0x3f43fff0 f26:0xffc00000  f6=0x7fc00000
     125715.000 ns	     12570	80002ad8	01c37133	and	x2,x6,x28	  x6:0x00000000 x28:0x00000001  x2=0x00000000
     125735.000 ns	     12572	80002adc	026b35b3	mulhu	x11,x22,x6	 x22:0x21bd8a50  x6:0x00000000 x11=0x00000000
     125765.000 ns	     12575	80002ae0	025e57b3	divu	x15,x28,x5	 x28:0x00000001  x5:0x00000000 x15=0xffffffff
     125785.000 ns	     12577	80002ae4	414184b3	sub	x9,x3,x20	  x3:0x00000000 x20:0x00000000  x9=0x00000000
     125795.000 ns	     12578	80002ae8	e477e593	ori	x11,x15,-441	 x15:0xffffffff x11=0xffffffff
     125805.000 ns	     12579	80002aec	41bc85b3	sub	x11,x25,x27	 x25:0xc4313a10 x27:0x00000001 x11=0xc4313a0f
     125825.000 ns	     12581	80002af0	f00c0d53	fmv.w.x	f26,x24	 x24:0x7fc00000 f26=0x7fc00000
     125845.000 ns	     12583	80002af4	00d15d13	srli	x26,x2,0xd	  x2:0x00000000 x26=0x00000000
     125855.000 ns	     12584	80002af8	16ecb213	sltiu	x4,x25,366	 x25:0xc4313a10  x4=0x00000000
     125865.000 ns	     12585	80002afc	cd0a31b7	lui	x3,0xcd0a3	  x3=0xcd0a3000
     125875.000 ns	     12586	80002b00	019b84b3	add	x9,x23,x25	 x23:0x00000000 x25:0xc4313a10  x9=0xc4313a10
     125895.000 ns	     12588	80002b04	292d8653	fmin.s	f12,f27,f18	 f27:0x7fc00000 f18:0x7fc00000 f12=0x7fc00000
     125925.000 ns	     12591	80002b08	03ec0db3	mul	x27,x24,x30	 x24:0x7fc00000 x30:0x00000000 x27=0x00000000
     125955.000 ns	     12594	80002b0c	2076a1d3	fsgnjx.s	f3,f13,f7	 f13:0x45aec311  f7:0x7fc00000  f3=0x45aec311
     125975.000 ns	     12596	80002b10	934d4593	xori	x11,x26,-1740	 x26:0x00000000 x11=0xfffff934
     125985.000 ns	     12597	80002b14	951b0693	addi	x13,x22,-1711	 x22:0x21bd8a50 x13=0x21bd83a1
     126005.000 ns	     12599	80002b18	d01c7ed3	fcvt.s.wu	f29,x24	 x24:0x7fc00000 f29=0x4eff8000
     126025.000 ns	     12601	80002b1c	6a3c4493	xori	x9,x24,1699	 x24:0x7fc00000  x9=0x7fc006a3
     126045.000 ns	     12603	80002b20	e00d04d3	fmv.x.w	x9,f26	 f26:0x7fc00000  x9=0x7fc00000
     126415.000 ns	     12640	80002b24	02c56b33	rem	x22,x10,x12	 x10:0x00000001 x12:0x4fe0fa20 x22=0x00000001
     126445.000 ns	     12643	80002b28	024dec33	rem	x24,x27,x4	 x27:0x00000000  x4:0x00000000 x24=0x00000000
     126465.000 ns	     12645	80002b2c	4b7db493	sltiu	x9,x27,1207	 x27:0x00000000  x9=0x00000001
     126485.000 ns	     12647	80002b30	a1432c53	feq.s	x24,f6,f20	  f6:0x7fc00000 f20:0x5b9b1452 x24=0x00000000
     126505.000 ns	     12649	80002b34	70a92613	slti	x12,x18,1802	 x18:0x80040fe4 x12=0x00000001
     126515.000 ns	     12650	80002b38	0179ea33	or	x20,x19,x23	 x19:0x00000000 x23:0x00000000 x20=0x00000000
     126525.000 ns	     12651	80002b3c	018523b3	slt	x7,x10,x24	 x10:0x00000001 x24:0x00000000  x7=0x00000000
     126535.000 ns	     12652	80002b40	01a8eeb3	or	x29,x17,x26	 x17:0x80041024 x26:0x00000000 x29=0x80041024
     126545.000 ns	     12653	80002b44	00000013	addi	x0,x0,0	  x0:0x00000000
     126555.000 ns	     12654	80002b48	41c08b33	sub	x22,x1,x28	  x1:0x00000000 x28:0x00000001 x22=0xffffffff
     126585.000 ns	     12657	80002b4c	580775d3	fsqrt.s	f11,f14	 f14:0xce43ffef f11=0x7fc00000
     126615.000 ns	     12660	80002b50	e0081ad3	fclass.s	x21,f16	 f16:0x3f43fff0 x21=0x00000040
     126635.000 ns	     12662	80002b54	41e20db3	sub	x27,x4,x30	  x4:0x00000000 x30:0x00000000 x27=0x00000000
     126655.000 ns	     12664	80002b58	022d2633	mulhsu	x12,x26,x2	 x26:0x00000000  x2:0x00000000 x12=0x00000000
     126675.000 ns	     12666	80002b5c	40d6d6b3	sra	x13,x13,x13	 x13:0x21bd83a1 x13:0x21bd83a1 x13=0x10dec1d0
     126685.000 ns	     12667	80002b60	004b1613	slli	x12,x22,0x4	 x22:0xffffffff x12=0xfffffff0
     126705.000 ns	     12669	80002b64	e00e0ad3	fmv.x.w	x21,f28	 f28:0xff800000 x21=0xff800000
     126725.000 ns	     12671	80002b68	22643e93	sltiu	x29,x8,550	  x8:0x00000001 x29=0x00000001
     126745.000 ns	     12673	80002b6c	a0d69053	flt.s	x0,f13,f13	 f13:0x45aec311 f13:0x45aec311
     126765.000 ns	     12675	80002b70	131a6413	ori	x8,x20,305	 x20:0x00000000  x8=0x00000131
     126775.000 ns	     12676	80002b74	0160f6b3	and	x13,x1,x22	  x1:0x00000000 x22:0xffffffff x13=0x00000000
     126785.000 ns	     12677	80002b78	019a3f33	sltu	x30,x20,x25	 x20:0x00000000 x25:0xc4313a10 x30=0x00000001
     126805.000 ns	     12679	80002b7c	21de1fd3	fsgnjn.s	f31,f28,f29	 f28:0xff800000 f29:0x4eff8000 f31=0xff800000
     127145.000 ns	     12713	80002b80	190b76d3	fdiv.s	f13,f22,f16	 f22:0x3f43fff0 f16:0x3f43fff0 f13=0x3f7fff3e
     128325.000 ns	     12831	80002b84	5806c6d3	fsqrt.s	f13,f13	 f13:0x45aec311 f13=0x3f3503da
     128345.000 ns	     12833	80002b88	01ab8433	add	x8,x23,x26	 x23:0x00000000 x26:0x00000000  x8=0x00000000
     128355.000 ns	     12834	80002b8c	2f913cb7	lui	x25,0x2f913	 x25=0x2f913000
     128395.000 ns	     12838	80002b90	08ffcd53	fsub.s	f26,f31,f15	 f31:0xff800000 f15:0x4e06f629 f26=0xff800000
     128425.000 ns	     12841	80002b94	29961d53	fmax.s	f26,f12,f25	 f12:0x7fc00000 f25:0x3f800000 f26=0x3f800000
     128445.000 ns	     12843	80002b98	006266b3	or	x13,x4,x6	  x4:0x00000000  x6:0x00000000 x13=0x00000000
     128455.000 ns	     12844	80002b9c	00b28c33	add	x24,x5,x11	  x5:0x00000000 x11:0xfffff934 x24=0xfffff934
     128465.000 ns	     12845	80002ba0	2814bc13	sltiu	x24,x9,641	  x9:0x00000001 x24=0x00000001
     128485.000 ns	     12847	80002ba4	209c0953	fsgnj.s	f18,f24,f9	 f24:0x000003ff  f9:0xff800000 f18=0x800003ff
     128515.000 ns	     12850	80002ba8	2018add3	fsgnjx.s	f27,f17,f1	 f17:0x00000000  f1:0xff800000 f27=0x80000000
     128545.000 ns	     12853	80002bac	29048dd3	fmin.s	f27,f9,f16	  f9:0xff800000 f16:0x3f43fff0 f27=0xff800000
     128575.000 ns	     12856	80002bb0	a0b19cd3	flt.s	x25,f3,f11	  f3:0x45aec311 f11:0x7fc00000 x25=0x00000000
     128595.000 ns	     12858	80002bb4	5873ae13	slti	x28,x7,1415	  x7:0x00000000 x28=0x00000001
     128615.000 ns	     12860	80002bb8	03ce2233	mulhsu	x4,x28,x28	 x28:0x00000001 x28:0x00000001  x4=0x00000000
     128645.000 ns	     12863	80002bbc	e0088f53	fmv.x.w	x30,f17	 f17:0x00000000 x30=0x00000000
     128675.000 ns	     12866	80002bc0	20ee9253	fsgnjn.s	f4,f29,f14	 f29:0x4eff8000 f14:0xce43ffef  f4=0x4eff8000
     128715.000 ns	     12870	80002bc4	114583d3	fmul.s	f7,f11,f20	 f11:0x7fc00000 f20:0x5b9b1452  f7=0x7fc00000
     128735.000 ns	     12872	80002bc8	8de89337	lui	x6,0x8de89	  x6=0x8de89000
     128745.000 ns	     12873	80002bcc	1410ef13	ori	x30,x1,321	  x1:0x00000000 x30=0x00000141
     128765.000 ns	     12875	80002bd0	c0157453	fcvt.wu.s	x8,f10	 f10:0x3f43fff0  x8=0x00000000
     128795.000 ns	     12878	80002bd4	a02c9fd3	flt.s	x31,f25,f2	 f25:0x3f800000  f2:0x00000000 x31=0x00000000
     128825.000 ns	     12881	80002bd8	02ecb633	mulhu	x12,x25,x14	 x25:0x00000000 x14:0x80041024 x12=0x00000000
     128845.000 ns	     12883	80002bdc	00d81033	sll	x0,x16,x13	 x16:0x00000002 x13:0x00000000
     128855.000 ns	     12884	80002be0	01aa1013	slli	x0,x20,0x1a	 x20:0x00000000
     130025.000 ns	     13001	80002be4	580d74d3	fsqrt.s	f9,f26	 f26:0x3f800000  f9=0x3f7fffae
     130045.000 ns	     13003	80002be8	699fad93	slti	x27,x31,1689	 x31:0x00000000 x27=0x00000001
     130065.000 ns	     13005	80002bec	a07804d3	fle.s	x9,f16,f7	 f16:0x3f43fff0  f7:0x7fc00000  x9=0x00000000
     130115.000 ns	     13010	80002bf0	09b271d3	fsub.s	f3,f4,f27	  f4:0x4eff8000 f27:0xff800000  f3=0x7f800000
     130135.000 ns	     13012	80002bf4	00000013	addi	x0,x0,0	  x0:0x00000000
     130155.000 ns	     13014	80002bf8	a04fa4d3	feq.s	x9,f31,f4	 f31:0xff800000  f4:0x4eff8000  x9=0x00000000
     130185.000 ns	     13017	80002bfc	285c8853	fmin.s	f16,f25,f5	 f25:0x3f800000  f5:0x3f43fff0 f16=0x3f43fff0
     130205.000 ns	     13019	80002c00	f378cc13	xori	x24,x17,-201	 x17:0x80041024 x24=0x7ffbef13
     130225.000 ns	     13021	80002c04	03acc7b3	div	x15,x25,x26	 x25:0x00000000 x26:0x00000000 x15=0xffffffff
     130245.000 ns	     13023	80002c08	01ea6cb3	or	x25,x20,x30	 x20:0x00000000 x30:0x00000141 x25=0x00000141
     130265.000 ns	     13025	80002c0c	28e68dd3	fmin.s	f27,f13,f14	 f13:0x3f3503da f14:0xce43ffef f27=0xce43ffef
     130285.000 ns	     13027	80002c10	fc860e13	addi	x28,x12,-56	 x12:0x00000000 x28=0xffffffc8
     130305.000 ns	     13029	80002c14	210a03d3	fsgnj.s	f7,f20,f16	 f20:0x5b9b1452 f16:0x3f43fff0  f7=0x5b9b1452
     130335.000 ns	     13032	80002c18	029ee4b3	rem	x9,x29,x9	 x29:0x00000001  x9:0x00000000  x9=0x00000001
     130355.000 ns	     13034	80002c1c	00000013	addi	x0,x0,0	  x0:0x00000000
     130375.000 ns	     13036	80002c20	020d9ab3	mulh	x21,x27,x0	 x27:0x00000001  x0:0x00000000 x21=0x00000000
     131555.000 ns	     13154	80002c24	580d2253	fsqrt.s	f4,f26	 f26:0x3f800000  f4=0x3f7fffae
     131585.000 ns	     13157	80002c28	29349a53	fmax.s	f20,f9,f19	  f9:0x3f7fffae f19:0xff800000 f20=0x3f7fffae
     131605.000 ns	     13159	80002c2c	202db613	sltiu	x12,x27,514	 x27:0x00000001 x12=0x00000001
     131625.000 ns	     13161	80002c30	218a0fd3	fsgnj.s	f31,f20,f24	 f20:0x3f7fffae f24:0x000003ff f31=0x3f7fffae
     131655.000 ns	     13164	80002c34	c0094ad3	fcvt.w.s	x21,f18	 f18:0x800003ff x21=0x00000000
     131685.000 ns	     13167	80002c38	d00532d3	fcvt.s.w	f5,x10	 x10:0x00000001  f5=0x3f800000
     131705.000 ns	     13169	80002c3c	00000013	addi	x0,x0,0	  x0:0x00000000
     131725.000 ns	     13171	80002c40	c018b0d3	fcvt.wu.s	x1,f17	 f17:0x00000000  x1=0x00000000
     131745.000 ns	     13173	80002c44	0eabd117	auipc	x2,0xeabd	  x2=0x8eabfc44
     131755.000 ns	     13174	80002c48	00e5a2b3	slt	x5,x11,x14	 x11:0xfffff934 x14:0x80041024  x5=0x00000000
     131775.000 ns	     13176	80002c4c	02302a33	mulhsu	x20,x0,x3	  x0:0x00000000  x3:0xcd0a3000 x20=0x00000000
     131825.000 ns	     13181	80002c50	01aafa53	fadd.s	f20,f21,f26	 f21:0x7fc00000 f26:0x3f800000 f20=0x7fc00000
     131855.000 ns	     13184	80002c54	c00dced3	fcvt.w.s	x29,f27	 f27:0xce43ffef x29=0xcf000440
     131875.000 ns	     13186	80002c58	7c212c13	slti	x24,x2,1986	  x2:0x8eabfc44 x24=0x00000001
     131895.000 ns	     13188	80002c5c	a0ff28d3	feq.s	x17,f30,f15	 f30:0x5b9b1452 f15:0x4e06f629 x17=0x00000000
     131925.000 ns	     13191	80002c60	d00c70d3	fcvt.s.w	f1,x24	 x24:0x7ffbef13  f1=0x3f800000
     131945.000 ns	     13193	80002c64	40b204b3	sub	x9,x4,x11	  x4:0x00000000 x11:0xfffff934  x9=0x000006cc
     131965.000 ns	     13195	80002c68	e00c0653	fmv.x.w	x12,f24	 f24:0x000003ff x12=0x000003ff
     131995.000 ns	     13198	80002c6c	c00df4d3	fcvt.w.s	x9,f27	 f27:0xce43ffef  x9=0x30fffbc0
     132015.000 ns	     13200	80002c70	00f27f33	and	x30,x4,x15	  x4:0x00000000 x15:0xffffffff x30=0x00000000
     132035.000 ns	     13202	80002c74	217127d3	fsgnjx.s	f15,f2,f23	  f2:0x00000000 f23:0xc092fff4 f15=0x80000000
     132065.000 ns	     13205	80002c78	a0251653	flt.s	x12,f10,f2	 f10:0x3f43fff0  f2:0x00000000 x12=0x00000000
     132085.000 ns	     13207	80002c7c	32dbe9b7	lui	x19,0x32dbe	 x19=0x32dbe000
     132095.000 ns	     13208	80002c80	00000013	addi	x0,x0,0	  x0:0x00000000
     132105.000 ns	     13209	80002c84	f2e43793	sltiu	x15,x8,-210	  x8:0x00000000 x15=0x00000001
     132115.000 ns	     13210	80002c88	9ceda313	slti	x6,x27,-1586	 x27:0x00000001  x6=0x00000000
     132125.000 ns	     13211	80002c8c	00ac5d93	srli	x27,x24,0xa	 x24:0x00000001 x27=0x00000000
     132145.000 ns	     13213	80002c90	c0100453	fcvt.wu.s	x8,f0	  f0:0x7f800000  x8=0xffffffff
     132165.000 ns	     13215	80002c94	00350a33	add	x20,x10,x3	 x10:0x00000001  x3:0xcd0a3000 x20=0xcd0a3001
     132185.000 ns	     13217	80002c98	f00c82d3	fmv.w.x	f5,x25	 x25:0x00000141  f5=0x00000141
     132205.000 ns	     13219	80002c9c	007fe0b3	or	x1,x31,x7	 x31:0x00000000  x7:0x00000000  x1=0x00000000
     132215.000 ns	     13220	80002ca0	4057d5b3	sra	x11,x15,x5	 x15:0x00000001  x5:0x00000000 x11=0x00000001
     132225.000 ns	     13221	80002ca4	b7ca7193	andi	x3,x20,-1156	 x20:0xcd0a3001  x3=0xcd0a3000
     132235.000 ns	     13222	80002ca8	01d7e033	or	x0,x15,x29	 x15:0x00000001 x29:0xcf000440
     132245.000 ns	     13223	80002cac	00401e33	sll	x28,x0,x4	  x0:0x00000000  x4:0x00000000 x28=0x00000000
     132265.000 ns	     13225	80002cb0	216610d3	fsgnjn.s	f1,f12,f22	 f12:0x7fc00000 f22:0x3f43fff0  f1=0xffc00000
     132635.000 ns	     13262	80002cb4	03827eb3	remu	x29,x4,x24	  x4:0x00000000 x24:0x00000001 x29=0x00000000
     132655.000 ns	     13264	80002cb8	00436133	or	x2,x6,x4	  x6:0x00000000  x4:0x00000000  x2=0x00000000
     132665.000 ns	     13265	80002cbc	41345893	srai	x17,x8,0x13	  x8:0xffffffff x17=0xffffffff
     132705.000 ns	     13269	80002cc0	080b7d53	fsub.s	f26,f22,f0	 f22:0x3f43fff0  f0:0x7f800000 f26=0xff800000
     132735.000 ns	     13272	80002cc4	03f9ed33	rem	x26,x19,x31	 x19:0x32dbe000 x31:0x00000000 x26=0x32dbe000
     132755.000 ns	     13274	80002cc8	011fd0b3	srl	x1,x31,x17	 x31:0x00000000 x17:0xffffffff  x1=0x00000000
     132775.000 ns	     13276	80002ccc	a0ab9353	flt.s	x6,f23,f10	 f23:0xc092fff4 f10:0x3f43fff0  x6=0x00000001
     132795.000 ns	     13278	80002cd0	0187efb3	or	x31,x15,x24	 x15:0x00000001 x24:0x00000001 x31=0x00000001
     132815.000 ns	     13280	80002cd4	20de83d3	fsgnj.s	f7,f29,f13	 f29:0x4eff8000 f13:0x3f3503da  f7=0x4eff8000
     132845.000 ns	     13283	80002cd8	a0dc23d3	feq.s	x7,f24,f13	 f24:0x000003ff f13:0x3f3503da  x7=0x00000000
     132865.000 ns	     13285	80002cdc	9e613393	sltiu	x7,x2,-1562	  x2:0x00000000  x7=0x00000001
     132885.000 ns	     13287	80002ce0	21e49b53	fsgnjn.s	f22,f9,f30	  f9:0x3f7fffae f30:0x5b9b1452 f22=0xbf7fffae
     132905.000 ns	     13289	80002ce4	0062da33	srl	x20,x5,x6	  x5:0x00000000  x6:0x00000001 x20=0x00000000
     132945.000 ns	     13293	80002ce8	09d0f353	fsub.s	f6,f1,f29	  f1:0xffc00000 f29:0x4eff8000  f6=0x7fc00000
     132975.000 ns	     13296	80002cec	f00982d3	fmv.w.x	f5,x19	 x19:0x32dbe000  f5=0x32dbe000
     133005.000 ns	     13299	80002cf0	03a031b3	mulhu	x3,x0,x26	  x0:0x00000000 x26:0x32dbe000  x3=0x00000000
     133035.000 ns	     13302	80002cf4	d00674d3	fcvt.s.w	f9,x12	 x12:0x00000000  f9=0x00000000
     133055.000 ns	     13304	80002cf8	000597b3	sll	x15,x11,x0	 x11:0x00000001  x0:0x00000000 x15=0x00000001
     133075.000 ns	     13306	80002cfc	a1c1aed3	feq.s	x29,f3,f28	  f3:0x7f800000 f28:0xff800000 x29=0x00000000
     133105.000 ns	     13309	80002d00	0352ebb3	rem	x23,x5,x21	  x5:0x00000000 x21:0x00000000 x23=0x00000000
     133145.000 ns	     13313	80002d04	1908a7d3	fdiv.s	f15,f17,f16	 f17:0x00000000 f16:0x3f43fff0 f15=0x00000000
     133165.000 ns	     13315	80002d08	40438233	sub	x4,x7,x4	  x7:0x00000001  x4:0x00000000  x4=0x00000001
     133175.000 ns	     13316	80002d0c	cd856117	auipc	x2,0xcd856	  x2=0x4d858d0c
     133195.000 ns	     13318	80002d10	20130f53	fsgnj.s	f30,f6,f1	  f6:0x7fc00000  f1:0xffc00000 f30=0xffc00000
     133225.000 ns	     13321	80002d14	d0010cd3	fcvt.s.w	f25,x2	  x2:0x00000000 f25=0x4e9b0b1a
     133255.000 ns	     13324	80002d18	28f11c53	fmax.s	f24,f2,f15	  f2:0x00000000 f15:0x00000000 f24=0x00000000
     133285.000 ns	     13327	80002d1c	026d8033	mul	x0,x27,x6	 x27:0x00000000  x6:0x00000001
     133315.000 ns	     13330	80002d20	a02093d3	flt.s	x7,f1,f2	  f1:0xffc00000  f2:0x00000000  x7=0x00000000
     133345.000 ns	     13333	80002d24	03d25f33	divu	x30,x4,x29	  x4:0x00000001 x29:0x00000000 x30=0xffffffff
     133365.000 ns	     13335	80002d28	00000013	addi	x0,x0,0	  x0:0x00000000
     133375.000 ns	     13336	80002d2c	01b25693	srli	x13,x4,0x1b	  x4:0x00000001 x13=0x00000000
     133385.000 ns	     13337	80002d30	40325f13	srai	x30,x4,0x3	  x4:0x00000001 x30=0x00000000
     133395.000 ns	     13338	80002d34	b5fccf17	auipc	x30,0xb5fcc	 x30=0x35fced34
     133405.000 ns	     13339	80002d38	f5956493	ori	x9,x10,-167	 x10:0x00000001  x9=0xffffff59
     133415.000 ns	     13340	80002d3c	00806db3	or	x27,x0,x8	  x0:0x00000000  x8:0xffffffff x27=0xffffffff
     133425.000 ns	     13341	80002d40	411edf13	srai	x30,x29,0x11	 x29:0x00000000 x30=0x00000000
     133445.000 ns	     13343	80002d44	a0838bd3	fle.s	x23,f7,f8	  f7:0x4eff8000  f8:0xbf43fff0 x23=0x00000000
     133465.000 ns	     13345	80002d48	b43e6f13	ori	x30,x28,-1213	 x28:0x00000000 x30=0xfffffb43
     133475.000 ns	     13346	80002d4c	01373fb3	sltu	x31,x14,x19	 x14:0x80041024 x19:0x32dbe000 x31=0x00000000
     133515.000 ns	     13350	80002d50	09801bd3	fsub.s	f23,f0,f24	  f0:0x7f800000 f24:0x00000000 f23=0x7f800000
     133555.000 ns	     13354	80002d54	1857cc53	fdiv.s	f24,f15,f5	 f15:0x00000000  f5:0x32dbe000 f24=0x00000000
     133575.000 ns	     13356	80002d58	405f8e33	sub	x28,x31,x5	 x31:0x00000000  x5:0x00000000 x28=0x00000000
     133595.000 ns	     13358	80002d5c	039301b3	mul	x3,x6,x25	  x6:0x00000001 x25:0x00000141  x3=0x00000141
     133625.000 ns	     13361	80002d60	03ea81b3	mul	x3,x21,x30	 x21:0x00000000 x30:0xfffffb43  x3=0x00000000
     133645.000 ns	     13363	80002d64	0054ff33	and	x30,x9,x5	  x9:0xffffff59  x5:0x00000000 x30=0x00000000
     133665.000 ns	     13365	80002d68	03ff56b3	divu	x13,x30,x31	 x30:0xfffffb43 x31:0x00000000 x13=0xffffffff
     133695.000 ns	     13368	80002d6c	02a2ac33	mulhsu	x24,x5,x10	  x5:0x00000000 x10:0x00000001 x24=0x00000000
     133725.000 ns	     13371	80002d70	0384cbb3	div	x23,x9,x24	  x9:0xffffff59 x24:0x00000001 x23=0xffffffff
     133745.000 ns	     13373	80002d74	001311b3	sll	x3,x6,x1	  x6:0x00000001  x1:0x00000000  x3=0x00000001
     133755.000 ns	     13374	80002d78	d1df3313	sltiu	x6,x30,-739	 x30:0x00000000  x6=0x00000001
     133765.000 ns	     13375	80002d7c	413907b3	sub	x15,x18,x19	 x18:0x80040fe4 x19:0x32dbe000 x15=0x4d282fe4
     133785.000 ns	     13377	80002d80	f0060ed3	fmv.w.x	f29,x12	 x12:0x00000000 f29=0x00000000
     133805.000 ns	     13379	80002d84	013754b3	srl	x9,x14,x19	 x14:0x80041024 x19:0x32dbe000  x9=0x80041024
     133825.000 ns	     13381	80002d88	026e22b3	mulhsu	x5,x28,x6	 x28:0x00000000  x6:0x00000001  x5=0x00000000
     133845.000 ns	     13383	80002d8c	00bcbbb3	sltu	x23,x25,x11	 x25:0x00000141 x11:0x00000001 x23=0x00000000
     133855.000 ns	     13384	80002d90	40938bb3	sub	x23,x7,x9	  x7:0x00000000  x9:0x80041024 x23=0x7ffbefdc
     133865.000 ns	     13385	80002d94	01e41493	slli	x9,x8,0x1e	  x8:0xffffffff  x9=0xc0000000
     133885.000 ns	     13387	80002d98	a122a453	feq.s	x8,f5,f18	  f5:0x32dbe000 f18:0x800003ff  x8=0x00000000
     133915.000 ns	     13390	80002d9c	e0088fd3	fmv.x.w	x31,f17	 f17:0x00000000 x31=0x00000000
     133935.000 ns	     13392	80002da0	019f18b3	sll	x17,x30,x25	 x30:0x00000000 x25:0x00000141 x17=0x00000000
     133945.000 ns	     13393	80002da4	41295193	srai	x3,x18,0x12	 x18:0x80040fe4  x3=0xffffe001
     133955.000 ns	     13394	80002da8	42bcfb13	andi	x22,x25,1067	 x25:0x00000141 x22=0x00000001
     133985.000 ns	     13397	80002dac	106677d3	fmul.s	f15,f12,f6	 f12:0x7fc00000  f6:0x7fc00000 f15=0x7fc00000
     134015.000 ns	     13400	80002db0	d01a2cd3	fcvt.s.wu	f25,x20	 x20:0x00000000 f25=0x00000000
     134045.000 ns	     13403	80002db4	d00cf853	fcvt.s.w	f16,x25	 x25:0x00000141 f16=0x43a08000
     134075.000 ns	     13406	80002db8	035ccb33	div	x22,x25,x21	 x25:0x00000141 x21:0x00000000 x22=0xffffffff
     134095.000 ns	     13408	80002dbc	7ee5f493	andi	x9,x11,2030	 x11:0x00000001  x9=0x00000000
     134115.000 ns	     13410	80002dc0	03e3dcb3	divu	x25,x7,x30	  x7:0x00000000 x30:0x00000000 x25=0xffffffff
     134135.000 ns	     13412	80002dc4	bf412f13	slti	x30,x2,-1036	  x2:0x4d858d0c x30=0x00000000
     134155.000 ns	     13414	80002dc8	021aacb3	mulhsu	x25,x21,x1	 x21:0x00000000  x1:0x00000000 x25=0x00000000
     134175.000 ns	     13416	80002dcc	01bb2bb3	slt	x23,x22,x27	 x22:0xffffffff x27:0xffffffff x23=0x00000000
     134185.000 ns	     13417	80002dd0	0156aa33	slt	x20,x13,x21	 x13:0xffffffff x21:0x00000000 x20=0x00000001
     134195.000 ns	     13418	80002dd4	01cac333	xor	x6,x21,x28	 x21:0x00000000 x28:0x00000000  x6=0x00000000
     134215.000 ns	     13420	80002dd8	f0088d53	fmv.w.x	f26,x17	 x17:0x00000000 f26=0x00000000
     134255.000 ns	     13424	80002ddc	113d7253	fmul.s	f4,f26,f19	 f26:0xff800000 f19:0xff800000  f4=0x7fc00000
     134305.000 ns	     13429	80002de0	085b7e53	fsub.s	f28,f22,f5	 f22:0xbf7fffae  f5:0x32dbe000 f28=0xbf7fffae
     134325.000 ns	     13431	80002de4	00000013	addi	x0,x0,0	  x0:0x00000000
     134335.000 ns	     13432	80002de8	012b9eb3	sll	x29,x23,x18	 x23:0x00000000 x18:0x80040fe4 x29=0x00000000
     134355.000 ns	     13434	80002dec	214a2253	fsgnjx.s	f4,f20,f20	 f20:0x7fc00000 f20:0x7fc00000  f4=0x7fc00000
     134385.000 ns	     13437	80002df0	a1580653	fle.s	x12,f16,f21	 f16:0x43a08000 f21:0x7fc00000 x12=0x00000000
     134405.000 ns	     13439	80002df4	1db34313	xori	x6,x6,475	  x6:0x00000000  x6=0x000001db
     134415.000 ns	     13440	80002df8	00977a33	and	x20,x14,x9	 x14:0x80041024  x9:0x00000000 x20=0x00000000
     134435.000 ns	     13442	80002dfc	e00f1ed3	fclass.s	x29,f30	 f30:0xffc00000 x29=0x00000200
     134465.000 ns	     13445	80002e00	e0060453	fmv.x.w	x8,f12	 f12:0x7fc00000  x8=0x7fc00000
     134495.000 ns	     13448	80002e04	02d61c33	mulh	x24,x12,x13	 x12:0x00000000 x13:0xffffffff x24=0x00000000
     134515.000 ns	     13450	80002e08	333237b7	lui	x15,0x33323	 x15=0x33323000
     134535.000 ns	     13452	80002e0c	f00c0d53	fmv.w.x	f26,x24	 x24:0x00000000 f26=0x00000000
     134555.000 ns	     13454	80002e10	00e3c9b3	xor	x19,x7,x14	  x7:0x00000000 x14:0x80041024 x19=0x80041024
     134565.000 ns	     13455	80002e14	4118d6b3	sra	x13,x17,x17	 x17:0x00000000 x17:0x00000000 x13=0x00000000
     134585.000 ns	     13457	80002e18	e0071453	fclass.s	x8,f14	 f14:0xce43ffef  x8=0x00000002
     134605.000 ns	     13459	80002e1c	408b08b3	sub	x17,x22,x8	 x22:0xffffffff  x8:0x7fc00000 x17=0xfffffffd
     134635.000 ns	     13462	80002e20	5807fcd3	fsqrt.s	f25,f15	 f15:0x7fc00000 f25=0x7fc00000
     134655.000 ns	     13464	80002e24	41bbd4b3	sra	x9,x23,x27	 x23:0x00000000 x27:0xffffffff  x9=0x00000000
     134665.000 ns	     13465	80002e28	d1b4c593	xori	x11,x9,-741	  x9:0x00000000 x11=0xfffffd1b
     134675.000 ns	     13466	80002e2c	416905b3	sub	x11,x18,x22	 x18:0x80040fe4 x22:0xffffffff x11=0x80040fe5
     135035.000 ns	     13502	80002e30	0264d133	divu	x2,x9,x6	  x9:0x00000000  x6:0x000001db  x2=0x00000000
     135055.000 ns	     13504	80002e34	017ecfb3	xor	x31,x29,x23	 x29:0x00000200 x23:0x00000000 x31=0x00000200
     135415.000 ns	     13540	80002e38	0363d3b3	divu	x7,x7,x22	  x7:0x00000000 x22:0xffffffff  x7=0x00000000
     135445.000 ns	     13543	80002e3c	a1b6aed3	feq.s	x29,f13,f27	 f13:0x3f3503da f27:0xce43ffef x29=0x00000000
     135815.000 ns	     13580	80002e40	032d4033	div	x0,x26,x18	 x26:0x32dbe000 x18:0x80040fe4
     135835.000 ns	     13582	80002e44	00d473b3	and	x7,x8,x13	  x8:0x00000002 x13:0x00000000  x7=0x00000000
     135845.000 ns	     13583	80002e48	01b7ad33	slt	x26,x15,x27	 x15:0x33323000 x27:0xffffffff x26=0x00000000
     135855.000 ns	     13584	80002e4c	f7c1eab7	lui	x21,0xf7c1e	 x21=0xf7c1e000
     135865.000 ns	     13585	80002e50	57106993	ori	x19,x0,1393	  x0:0x00000000 x19=0x00000571
     135885.000 ns	     13587	80002e54	d00af153	fcvt.s.w	f2,x21	 x21:0x00000000  f2=0xcd03e200
     135905.000 ns	     13589	80002e58	ff496613	ori	x12,x18,-12	 x18:0x80040fe4 x12=0xfffffff4
     135915.000 ns	     13590	80002e5c	0051a9b3	slt	x19,x3,x5	  x3:0xffffe001  x5:0x00000000 x19=0x00000001
     135935.000 ns	     13592	80002e60	f0080053	fmv.w.x	f0,x16	 x16:0x00000002  f0=0x00000002
     135955.000 ns	     13594	80002e64	5befe893	ori	x17,x31,1470	 x31:0x00000200 x17=0x000007be
     135975.000 ns	     13596	80002e68	20281953	fsgnjn.s	f18,f16,f2	 f16:0x43a08000  f2:0xcd03e200 f18=0x43a08000
     135995.000 ns	     13598	80002e6c	3371b013	sltiu	x0,x3,823	  x3:0xffffe001
     136005.000 ns	     13599	80002e70	866e7113	andi	x2,x28,-1946	 x28:0x00000000  x2=0x00000000
     136365.000 ns	     13635	80002e74	035defb3	rem	x31,x27,x21	 x27:0xffffffff x21:0xf7c1e000 x31=0xffffffff
     136395.000 ns	     13638	80002e78	e00203d3	fmv.x.w	x7,f4	  f4:0x7fc00000  x7=0x7fc00000
     136415.000 ns	     13640	80002e7c	0111a333	slt	x6,x3,x17	  x3:0xffffe001 x17:0x000007be  x6=0x00000001
     136425.000 ns	     13641	80002e80	8e46b237	lui	x4,0x8e46b	  x4=0x8e46b000
     136465.000 ns	     13645	80002e84	090e75d3	fsub.s	f11,f28,f16	 f28:0xbf7fffae f16:0x43a08000 f11=0xc3a0ffff
     136495.000 ns	     13648	80002e88	02f78b33	mul	x22,x15,x15	 x15:0x33323000 x15:0x33323000 x22=0xc9000000
     136525.000 ns	     13651	80002e8c	02ca0c33	mul	x24,x20,x12	 x20:0x00000000 x12:0xfffffff4 x24=0x00000000
     136545.000 ns	     13653	80002e90	bd7dbe93	sltiu	x29,x27,-1065	 x27:0xffffffff x29=0x00000000
     136555.000 ns	     13654	80002e94	1bc54f93	xori	x31,x10,444	 x10:0x00000001 x31=0x000001bd
     136565.000 ns	     13655	80002e98	729f7413	andi	x8,x30,1833	 x30:0x00000000  x8=0x00000000
     136575.000 ns	     13656	80002e9c	00e581b3	add	x3,x11,x14	 x11:0x80040fe5 x14:0x80041024  x3=0x00082009
     136595.000 ns	     13658	80002ea0	a0f381d3	fle.s	x3,f7,f15	  f7:0x4eff8000 f15:0x7fc00000  x3=0x00000000
     136615.000 ns	     13660	80002ea4	624bb693	sltiu	x13,x23,1572	 x23:0x00000000 x13=0x00000001
     136635.000 ns	     13662	80002ea8	a1529253	flt.s	x4,f5,f21	  f5:0x32dbe000 f21:0x7fc00000  x4=0x00000000
     136665.000 ns	     13665	80002eac	02815eb3	divu	x29,x2,x8	  x2:0x00000000  x8:0x00000000 x29=0xffffffff
     136685.000 ns	     13667	80002eb0	0107e2b3	or	x5,x15,x16	 x15:0x33323000 x16:0x00000002  x5=0x33323002
     136705.000 ns	     13669	80002eb4	03943c33	mulhu	x24,x8,x25	  x8:0x00000000 x25:0x00000000 x24=0x00000000
     136725.000 ns	     13671	80002eb8	c9bb6b13	ori	x22,x22,-869	 x22:0xc9000000 x22=0xfffffc9b
     136745.000 ns	     13673	80002ebc	21760053	fsgnj.s	f0,f12,f23	 f12:0x7fc00000 f23:0x7f800000  f0=0x7fc00000
     136765.000 ns	     13675	80002ec0	2ab925b7	lui	x11,0x2ab92	 x11=0x2ab92000
     136785.000 ns	     13677	80002ec4	291902d3	fmin.s	f5,f18,f17	 f18:0x43a08000 f17:0x00000000  f5=0x00000000
     136815.000 ns	     13680	80002ec8	a10f8653	fle.s	x12,f31,f16	 f31:0x3f7fffae f16:0x43a08000 x12=0x00000001
     136835.000 ns	     13682	80002ecc	00a29f93	slli	x31,x5,0xa	  x5:0x33323002 x31=0xc8c00800
     136845.000 ns	     13683	80002ed0	008cd633	srl	x12,x25,x8	 x25:0x00000000  x8:0x00000000 x12=0x00000000
     136855.000 ns	     13684	80002ed4	d6f004b7	lui	x9,0xd6f00	  x9=0xd6f00000
     136875.000 ns	     13686	80002ed8	f0090253	fmv.w.x	f4,x18	 x18:0x80040fe4  f4=0x80040fe4
     136895.000 ns	     13688	80002edc	c146c9b7	lui	x19,0xc146c	 x19=0xc146c000
     136905.000 ns	     13689	80002ee0	2667b993	sltiu	x19,x15,614	 x15:0x33323000 x19=0x00000000
     136925.000 ns	     13691	80002ee4	280d9553	fmax.s	f10,f27,f0	 f27:0xce43ffef  f0:0x7fc00000 f10=0xce43ffef
     136955.000 ns	     13694	80002ee8	a1458653	fle.s	x12,f11,f20	 f11:0xc3a0ffff f20:0x7fc00000 x12=0x00000000
     136975.000 ns	     13696	80002eec	019bacb3	slt	x25,x23,x25	 x23:0x00000000 x25:0x00000000 x25=0x00000000
     136985.000 ns	     13697	80002ef0	5c74f237	lui	x4,0x5c74f	  x4=0x5c74f000
     136995.000 ns	     13698	80002ef4	0118f6b3	and	x13,x17,x17	 x17:0x000007be x17:0x000007be x13=0x000007be
     137015.000 ns	     13700	80002ef8	28441cd3	fmax.s	f25,f8,f4	  f8:0xbf43fff0  f4:0x80040fe4 f25=0x80040fe4
     137035.000 ns	     13702	80002efc	d2430a13	addi	x20,x6,-732	  x6:0x00000001 x20=0xfffffd25
     137065.000 ns	     13705	80002f00	102d09d3	fmul.s	f19,f26,f2	 f26:0x00000000  f2:0xcd03e200 f19=0x80000000
     137095.000 ns	     13708	80002f04	e00e1ad3	fclass.s	x21,f28	 f28:0xbf7fffae x21=0x00000002
     137115.000 ns	     13710	80002f08	01d20333	add	x6,x4,x29	  x4:0x5c74f000 x29:0xffffffff  x6=0x5c74efff
     137135.000 ns	     13712	80002f0c	2178a953	fsgnjx.s	f18,f17,f23	 f17:0x00000000 f23:0x7f800000 f18=0x00000000
     137165.000 ns	     13715	80002f10	e00d84d3	fmv.x.w	x9,f27	 f27:0xce43ffef  x9=0xce43ffef
     137185.000 ns	     13717	80002f14	01db1d93	slli	x27,x22,0x1d	 x22:0xfffffc9b x27=0x60000000
     137205.000 ns	     13719	80002f18	d002fed3	fcvt.s.w	f29,x5	  x5:0x33323002 f29=0x4e4cc8c0
     137225.000 ns	     13721	80002f1c	015f1c93	slli	x25,x30,0x15	 x30:0x00000000 x25=0x00000000
     137245.000 ns	     13723	80002f20	c00693d3	fcvt.w.s	x7,f13	 f13:0x3f3503da  x7=0x00000000
     137615.000 ns	     13760	80002f24	026d5033	divu	x0,x26,x6	 x26:0x00000000  x6:0x5c74efff
     137645.000 ns	     13763	80002f28	c01d70d3	fcvt.wu.s	x1,f26	 f26:0x00000000  x1=0x00000000
     137665.000 ns	     13765	80002f2c	a83ce993	ori	x19,x25,-1405	 x25:0x00000000 x19=0xfffffa83
     137675.000 ns	     13766	80002f30	01b6d7b3	srl	x15,x13,x27	 x13:0x000007be x27:0x60000000 x15=0x000007be
     137695.000 ns	     13768	80002f34	20bb18d3	fsgnjn.s	f17,f22,f11	 f22:0xbf7fffae f11:0xc3a0ffff f17=0x3f7fffae
     137715.000 ns	     13770	80002f38	815b2b93	slti	x23,x22,-2027	 x22:0xfffffc9b x23=0x00000000
     137735.000 ns	     13772	80002f3c	c00bbfd3	fcvt.w.s	x31,f23	 f23:0x7f800000 x31=0x7fffffff
     137765.000 ns	     13775	80002f40	03eadd33	divu	x26,x21,x30	 x21:0x00000002 x30:0x00000000 x26=0xffffffff
     137785.000 ns	     13777	80002f44	00619a33	sll	x20,x3,x6	  x3:0x00000000  x6:0x5c74efff x20=0x00000000
     137795.000 ns	     13778	80002f48	a9aeb313	sltiu	x6,x29,-1382	 x29:0xffffffff  x6=0x00000000
     137805.000 ns	     13779	80002f4c	402c8cb3	sub	x25,x25,x2	 x25:0x00000000  x2:0x00000000 x25=0x00000000
     137815.000 ns	     13780	80002f50	5d1f8c13	addi	x24,x31,1489	 x31:0x7fffffff x24=0x800005d0
     137835.000 ns	     13782	80002f54	02d81133	mulh	x2,x16,x13	 x16:0x00000002 x13:0x000007be  x2=0x00000000
     137865.000 ns	     13785	80002f58	d01773d3	fcvt.s.wu	f7,x14	 x14:0x80041024  f7=0x4f000410
     137885.000 ns	     13787	80002f5c	da896613	ori	x12,x18,-600	 x18:0x80040fe4 x12=0xffffffec
     137895.000 ns	     13788	80002f60	0092b633	sltu	x12,x5,x9	  x5:0x33323002  x9:0xce43ffef x12=0x00000001
     137915.000 ns	     13790	80002f64	f0000853	fmv.w.x	f16,x0	  x0:0x00000000 f16=0x00000000
     137945.000 ns	     13793	80002f68	02e09433	mulh	x8,x1,x14	  x1:0x00000000 x14:0x80041024  x8=0x00000000
     137985.000 ns	     13797	80002f6c	19869fd3	fdiv.s	f31,f13,f24	 f13:0x3f3503da f24:0x00000000 f31=0x7f800000
     138015.000 ns	     13800	80002f70	d0067b53	fcvt.s.w	f22,x12	 x12:0x00000001 f22=0x3f800000
     138035.000 ns	     13802	80002f74	01e65233	srl	x4,x12,x30	 x12:0x00000001 x30:0x00000000  x4=0x00000001
     138065.000 ns	     13805	80002f78	195641d3	fdiv.s	f3,f12,f21	 f12:0x7fc00000 f21:0x7fc00000  f3=0x7fc00000
     138085.000 ns	     13807	80002f7c	a59f7313	andi	x6,x30,-1447	 x30:0x00000000  x6=0x00000000
     138095.000 ns	     13808	80002f80	405084b3	sub	x9,x1,x5	  x1:0x00000000  x5:0x33323002  x9=0xcccdcffe
     138105.000 ns	     13809	80002f84	9c594d13	xori	x26,x18,-1595	 x18:0x80040fe4 x26=0x7ffbf621
     138125.000 ns	     13811	80002f88	02364f33	div	x30,x12,x3	 x12:0x00000001  x3:0x00000000 x30=0xffffffff
     138145.000 ns	     13813	80002f8c	001190b3	sll	x1,x3,x1	  x3:0x00000000  x1:0x00000000  x1=0x00000000
     138165.000 ns	     13815	80002f90	e00f0fd3	fmv.x.w	x31,f30	 f30:0xffc00000 x31=0xffc00000
     138185.000 ns	     13817	80002f94	00d0f7b3	and	x15,x1,x13	  x1:0x00000000 x13:0x000007be x15=0x00000000
     138195.000 ns	     13818	80002f98	01af7db3	and	x27,x30,x26	 x30:0xffffffff x26:0x7ffbf621 x27=0x7ffbf621
     138205.000 ns	     13819	80002f9c	7db1cf93	xori	x31,x3,2011	  x3:0x00000000 x31=0x000007db
     138225.000 ns	     13821	80002fa0	02442433	mulhsu	x8,x8,x4	  x8:0x00000000  x4:0x00000001  x8=0x00000000
     138255.000 ns	     13824	80002fa4	21ff9553	fsgnjn.s	f10,f31,f31	 f31:0x7f800000 f31:0x7f800000 f10=0xff800000
     138275.000 ns	     13826	80002fa8	00eee333	or	x6,x29,x14	 x29:0xffffffff x14:0x80041024  x6=0xffffffff
     138285.000 ns	     13827	80002fac	fed56993	ori	x19,x10,-19	 x10:0x00000001 x19=0xffffffed
     138295.000 ns	     13828	80002fb0	00434bb3	xor	x23,x6,x4	  x6:0x00000000  x4:0x00000001 x23=0xfffffffe
     138315.000 ns	     13830	80002fb4	a05781d3	fle.s	x3,f15,f5	 f15:0x7fc00000  f5:0x00000000  x3=0x00000000
     138335.000 ns	     13832	80002fb8	00000013	addi	x0,x0,0	  x0:0x00000000
     138345.000 ns	     13833	80002fbc	01192333	slt	x6,x18,x17	 x18:0x80040fe4 x17:0x000007be  x6=0x00000001
     138365.000 ns	     13835	80002fc0	28c88fd3	fmin.s	f31,f17,f12	 f17:0x3f7fffae f12:0x7fc00000 f31=0x3f7fffae
     138735.000 ns	     13872	80002fc4	030a59b3	divu	x19,x20,x16	 x20:0x00000000 x16:0x00000002 x19=0x00000000
     138755.000 ns	     13874	80002fc8	00d1f333	and	x6,x3,x13	  x3:0x00000000 x13:0x000007be  x6=0x00000000
     138765.000 ns	     13875	80002fcc	01e83233	sltu	x4,x16,x30	 x16:0x00000002 x30:0xffffffff  x4=0x00000001
     138775.000 ns	     13876	80002fd0	78bd3693	sltiu	x13,x26,1931	 x26:0x7ffbf621 x13=0x00000000
     138785.000 ns	     13877	80002fd4	01554333	xor	x6,x10,x21	 x10:0x00000001 x21:0x00000002  x6=0x00000003
     138795.000 ns	     13878	80002fd8	017c5a33	srl	x20,x24,x23	 x24:0x800005d0 x23:0xfffffffe x20=0x00000002
     138815.000 ns	     13880	80002fdc	e00293d3	fclass.s	x7,f5	  f5:0x00000000  x7=0x00000010
     138855.000 ns	     13884	80002fe0	11d475d3	fmul.s	f11,f8,f29	  f8:0xbf43fff0 f29:0x4e4cc8c0 f11=0xce1cc9a6
     138885.000 ns	     13887	80002fe4	20dd8bd3	fsgnj.s	f23,f27,f13	 f27:0xce43ffef f13:0x3f3503da f23=0x4e43ffef
     138905.000 ns	     13889	80002fe8	018462b3	or	x5,x8,x24	  x8:0x00000000 x24:0x800005d0  x5=0x800005d0
     138915.000 ns	     13890	80002fec	41f9df13	srai	x30,x19,0x1f	 x19:0x00000000 x30=0x00000000
     138925.000 ns	     13891	80002ff0	017b8f33	add	x30,x23,x23	 x23:0xfffffffe x23:0xfffffffe x30=0xfffffffc
     138945.000 ns	     13893	80002ff4	c00a76d3	fcvt.w.s	x13,f20	 f20:0x7fc00000 x13=0x7fffffff
     138965.000 ns	     13895	80002ff8	01cff333	and	x6,x31,x28	 x31:0x000007db x28:0x00000000  x6=0x00000000
     138985.000 ns	     13897	80002ffc	02c331b3	mulhu	x3,x6,x12	  x6:0x00000003 x12:0x00000001  x3=0x00000000
     139015.000 ns	     13900	80003000	02634cb3	div	x25,x6,x6	  x6:0x00000003  x6:0x00000003 x25=0xffffffff
     139065.000 ns	     13905	80003004	087d84d3	fsub.s	f9,f27,f7	 f27:0xce43ffef  f7:0x4f000410  f9=0xcf31040c
     139095.000 ns	     13908	80003008	c001f453	fcvt.w.s	x8,f3	  f3:0x7fc00000  x8=0x7fffffff
     139115.000 ns	     13910	8000300c	0041ca33	xor	x20,x3,x4	  x3:0x00000000  x4:0x00000001 x20=0x00000001
     139145.000 ns	     13913	80003010	10ed7a53	fmul.s	f20,f26,f14	 f26:0x00000000 f14:0xce43ffef f20=0x80000000
     139165.000 ns	     13915	80003014	00108633	add	x12,x1,x1	  x1:0x00000000  x1:0x00000000 x12=0x00000000
     139185.000 ns	     13917	80003018	0389b233	mulhu	x4,x19,x24	 x19:0x00000000 x24:0x800005d0  x4=0x00000000
     139215.000 ns	     13920	8000301c	215d2c53	fsgnjx.s	f24,f26,f21	 f26:0x00000000 f21:0x7fc00000 f24=0x00000000
     139245.000 ns	     13923	80003020	20d7a2d3	fsgnjx.s	f5,f15,f13	 f15:0x7fc00000 f13:0x3f3503da  f5=0x7fc00000
     139275.000 ns	     13926	80003024	29e71dd3	fmax.s	f27,f14,f30	 f14:0xce43ffef f30:0xffc00000 f27=0xce43ffef
     139305.000 ns	     13929	80003028	039210b3	mulh	x1,x4,x25	  x4:0x00000000 x25:0xffffffff  x1=0x00000000
     139335.000 ns	     13932	8000302c	289a02d3	fmin.s	f5,f20,f9	 f20:0x80000000  f9:0xcf31040c  f5=0xcf31040c
     139705.000 ns	     13969	80003030	03d5f6b3	remu	x13,x11,x29	 x11:0x2ab92000 x29:0xffffffff x13=0x2ab92000
     139725.000 ns	     13971	80003034	4150d513	srai	x10,x1,0x15	  x1:0x00000000 x10=0x00000000
     139735.000 ns	     13972	80003038	009923b3	slt	x7,x18,x9	 x18:0x80040fe4  x9:0xcccdcffe  x7=0x00000001
     139745.000 ns	     13973	8000303c	060a0493	addi	x9,x20,96	 x20:0x00000001  x9=0x00000061
     139765.000 ns	     13975	80003040	d015f453	fcvt.s.wu	f8,x11	 x11:0x2ab92000  f8=0x4e2ae480
     139785.000 ns	     13977	80003044	00c3acb3	slt	x25,x7,x12	  x7:0x00000001 x12:0x00000000 x25=0x00000000
     139805.000 ns	     13979	80003048	e0099fd3	fclass.s	x31,f19	 f19:0x80000000 x31=0x00000008
     139835.000 ns	     13982	8000304c	215822d3	fsgnjx.s	f5,f16,f21	 f16:0x00000000 f21:0x7fc00000  f5=0x00000000
     139865.000 ns	     13985	80003050	e0011553	fclass.s	x10,f2	  f2:0xcd03e200 x10=0x00000002
     139885.000 ns	     13987	80003054	34326013	ori	x0,x4,835	  x4:0x00000000
     139905.000 ns	     13989	80003058	28b40d53	fmin.s	f26,f8,f11	  f8:0x4e2ae480 f11:0xce1cc9a6 f26=0xce1cc9a6
     139935.000 ns	     13992	8000305c	21839ad3	fsgnjn.s	f21,f7,f24	  f7:0x4f000410 f24:0x00000000 f21=0xcf000410
     139965.000 ns	     13995	80003060	f0020b53	fmv.w.x	f22,x4	  x4:0x00000000 f22=0x00000000
     139985.000 ns	     13997	80003064	26a1c513	xori	x10,x3,618	  x3:0x00000000 x10=0x0000026a
     140025.000 ns	     14001	80003068	09abf553	fsub.s	f10,f23,f26	 f23:0x4e43ffef f26:0xce1cc9a6 f10=0x4eb064ca
     140045.000 ns	     14003	8000306c	002ab0b3	sltu	x1,x21,x2	 x21:0x00000002  x2:0x00000000  x1=0x00000000
     140055.000 ns	     14004	80003070	30e77f93	andi	x31,x14,782	 x14:0x80041024 x31=0x00000004
     140085.000 ns	     14007	80003074	185cbe53	fdiv.s	f28,f25,f5	 f25:0x80040fe4  f5:0x00000000 f28=0xff800000
     140115.000 ns	     14010	80003078	a1de1f53	flt.s	x30,f28,f29	 f28:0xbf7fffae f29:0x4e4cc8c0 x30=0x00000001
     140155.000 ns	     14014	8000307c	11b075d3	fmul.s	f11,f0,f27	  f0:0x7fc00000 f27:0xce43ffef f11=0x7fc00000
     140185.000 ns	     14017	80003080	c01c7bd3	fcvt.wu.s	x23,f24	 f24:0x00000000 x23=0x00000000
     140215.000 ns	     14020	80003084	c002ffd3	fcvt.w.s	x31,f5	  f5:0x00000000 x31=0x00000000
     140235.000 ns	     14022	80003088	f3c4f137	lui	x2,0xf3c4f	  x2=0xf3c4f000
     140255.000 ns	     14024	8000308c	d0047c53	fcvt.s.w	f24,x8	  x8:0x7fffffff f24=0x4effffff
     140275.000 ns	     14026	80003090	0013c2b3	xor	x5,x7,x1	  x7:0x00000001  x1:0x00000000  x5=0x00000001
     140295.000 ns	     14028	80003094	d00575d3	fcvt.s.w	f11,x10	 x10:0x0000026a f11=0x441a8000
     140325.000 ns	     14031	80003098	e00c8ad3	fmv.x.w	x21,f25	 f25:0x80040fe4 x21=0x80040fe4
     140345.000 ns	     14033	8000309c	414fd3b3	sra	x7,x31,x20	 x31:0x00000000 x20:0x00000001  x7=0x00000000
     140355.000 ns	     14034	800030a0	011b5db3	srl	x27,x22,x17	 x22:0xfffffc9b x17:0x000007be x27=0x00000003
     140375.000 ns	     14036	800030a4	02fde8b3	rem	x17,x27,x15	 x27:0x7ffbf621 x15:0x00000000 x17=0x00000003
     140405.000 ns	     14039	800030a8	20fd27d3	fsgnjx.s	f15,f26,f15	 f26:0xce1cc9a6 f15:0x7fc00000 f15=0xce1cc9a6
     140435.000 ns	     14042	800030ac	02ddb333	mulhu	x6,x27,x13	 x27:0x00000003 x13:0x2ab92000  x6=0x00000000
     140465.000 ns	     14045	800030b0	2039a753	fsgnjx.s	f14,f19,f3	 f19:0x80000000  f3:0x7fc00000 f14=0x80000000
     140835.000 ns	     14082	800030b4	034ec633	div	x12,x29,x20	 x29:0xffffffff x20:0x00000001 x12=0xffffffff
     140865.000 ns	     14085	800030b8	02e82633	mulhsu	x12,x16,x14	 x16:0x00000002 x14:0x80041024 x12=0x00000001
     140895.000 ns	     14088	800030bc	d004ffd3	fcvt.s.w	f31,x9	  x9:0x00000061 f31=0x42c20000
     140925.000 ns	     14091	800030c0	29281353	fmax.s	f6,f16,f18	 f16:0x00000000 f18:0x00000000  f6=0x00000000
     140955.000 ns	     14094	800030c4	d00e7c53	fcvt.s.w	f24,x28	 x28:0x00000000 f24=0x00000000
     140985.000 ns	     14097	800030c8	e00807d3	fmv.x.w	x15,f16	 f16:0x00000000 x15=0x00000000
     141035.000 ns	     14102	800030cc	01589b53	fadd.s	f22,f17,f21	 f17:0x3f7fffae f21:0xcf000410 f22=0xcf00040f
     141065.000 ns	     14105	800030d0	202085d3	fsgnj.s	f11,f1,f2	  f1:0xffc00000  f2:0xcd03e200 f11=0xffc00000
     141085.000 ns	     14107	800030d4	019c9c93	slli	x25,x25,0x19	 x25:0x00000000 x25=0x00000000
     141095.000 ns	     14108	800030d8	01a157b3	srl	x15,x2,x26	  x2:0xf3c4f000 x26:0x7ffbf621 x15=0x79e27800
     141115.000 ns	     14110	800030dc	e00d0bd3	fmv.x.w	x23,f26	 f26:0xce1cc9a6 x23=0xce1cc9a6
     141135.000 ns	     14112	800030e0	00d0f633	and	x12,x1,x13	  x1:0x00000000 x13:0x2ab92000 x12=0x00000000
     141155.000 ns	     14114	800030e4	a0ae9bd3	flt.s	x23,f29,f10	 f29:0x4e4cc8c0 f10:0x4eb064ca x23=0x00000001
     141185.000 ns	     14117	800030e8	28310953	fmin.s	f18,f2,f3	  f2:0xcd03e200  f3:0x7fc00000 f18=0xcd03e200
     141205.000 ns	     14119	800030ec	b9f37193	andi	x3,x6,-1121	  x6:0x00000000  x3=0x00000000
     141225.000 ns	     14121	800030f0	d017c3d3	fcvt.s.wu	f7,x15	 x15:0x79e27800  f7=0x4ef3c4f0
     141245.000 ns	     14123	800030f4	23c494b7	lui	x9,0x23c49	  x9=0x23c49000
     141265.000 ns	     14125	800030f8	a112a653	feq.s	x12,f5,f17	  f5:0x00000000 f17:0x3f7fffae x12=0x00000000
     141285.000 ns	     14127	800030fc	01995b93	srli	x23,x18,0x19	 x18:0x80040fe4 x23=0x00000040
     141295.000 ns	     14128	80003100	00000013	addi	x0,x0,0	  x0:0x00000000
     141315.000 ns	     14130	80003104	a07ba6d3	feq.s	x13,f23,f7	 f23:0x4e43ffef  f7:0x4ef3c4f0 x13=0x00000000
     141355.000 ns	     14134	80003108	19d63a53	fdiv.s	f20,f12,f29	 f12:0x7fc00000 f29:0x4e4cc8c0 f20=0x7fc00000
     141385.000 ns	     14137	8000310c	0260dc33	divu	x24,x1,x6	  x1:0x00000000  x6:0x00000000 x24=0xffffffff
     141405.000 ns	     14139	80003110	00000013	addi	x0,x0,0	  x0:0x00000000
     141765.000 ns	     14175	80003114	0313f9b3	remu	x19,x7,x17	  x7:0x00000000 x17:0x00000003 x19=0x00000000
     141795.000 ns	     14178	80003118	0309a3b3	mulhsu	x7,x19,x16	 x19:0x00000000 x16:0x00000002  x7=0x00000000
     141825.000 ns	     14181	8000311c	0233c8b3	div	x17,x7,x3	  x7:0x00000000  x3:0x00000000 x17=0xffffffff
     141855.000 ns	     14184	80003120	02979fb3	mulh	x31,x15,x9	 x15:0x79e27800  x9:0x23c49000 x31=0x11078c5b
     141885.000 ns	     14187	80003124	a14809d3	fle.s	x19,f16,f20	 f16:0x00000000 f20:0x7fc00000 x19=0x00000000
     141915.000 ns	     14190	80003128	20a393d3	fsgnjn.s	f7,f7,f10	  f7:0x4ef3c4f0 f10:0x4eb064ca  f7=0xcef3c4f0
     141945.000 ns	     14193	8000312c	29858c53	fmin.s	f24,f11,f24	 f11:0xffc00000 f24:0x00000000 f24=0x00000000
     141975.000 ns	     14196	80003130	a12222d3	feq.s	x5,f4,f18	  f4:0x80040fe4 f18:0xcd03e200  x5=0x00000000
     142005.000 ns	     14199	80003134	e0079dd3	fclass.s	x27,f15	 f15:0xce1cc9a6 x27=0x00000002
     142025.000 ns	     14201	80003138	41b40033	sub	x0,x8,x27	  x8:0x7fffffff x27:0x00000003
     142035.000 ns	     14202	8000313c	0e97e793	ori	x15,x15,233	 x15:0x79e27800 x15=0x79e278e9
     142395.000 ns	     14238	80003140	02a7e433	rem	x8,x15,x10	 x15:0x79e27800 x10:0x0000026a  x8=0x000001db
     142415.000 ns	     14240	80003144	010199b3	sll	x19,x3,x16	  x3:0x00000000 x16:0x00000002 x19=0x00000000
     142445.000 ns	     14243	80003148	10b070d3	fmul.s	f1,f0,f11	  f0:0x7fc00000 f11:0xffc00000  f1=0x7fc00000
     142475.000 ns	     14246	8000314c	03ce16b3	mulh	x13,x28,x28	 x28:0x00000000 x28:0x00000000 x13=0x00000000
     142505.000 ns	     14249	80003150	e00b8f53	fmv.x.w	x30,f23	 f23:0x4e43ffef x30=0x4e43ffef
     142845.000 ns	     14283	80003154	19757ed3	fdiv.s	f29,f10,f23	 f10:0x4eb064ca f23:0x4e43ffef f29=0x3fb064ca
     142875.000 ns	     14286	80003158	295902d3	fmin.s	f5,f18,f21	 f18:0xcd03e200 f21:0xcf000410  f5=0xcf000410
     142895.000 ns	     14288	8000315c	018cd7b3	srl	x15,x25,x24	 x25:0x00000000 x24:0xffffffff x15=0x00000000
     142905.000 ns	     14289	80003160	013fefb3	or	x31,x31,x19	 x31:0x11078c5b x19:0x00000000 x31=0x11078c5b
     142915.000 ns	     14290	80003164	00ec5e13	srli	x28,x24,0xe	 x24:0xffffffff x28=0x0003ffff
     142935.000 ns	     14292	80003168	a0ea1fd3	flt.s	x31,f20,f14	 f20:0x7fc00000 f14:0x80000000 x31=0x00000000
     142985.000 ns	     14297	8000316c	091175d3	fsub.s	f11,f2,f17	  f2:0xcd03e200 f17:0x3f7fffae f11=0xcd03e200
     143005.000 ns	     14299	80003170	012246b3	xor	x13,x4,x18	  x4:0x00000000 x18:0x80040fe4 x13=0x80040fe4
     143025.000 ns	     14301	80003174	024e5f33	divu	x30,x28,x4	 x28:0x0003ffff  x4:0x00000000 x30=0xffffffff
     143045.000 ns	     14303	80003178	41b45bb3	sra	x23,x8,x27	  x8:0x000001db x27:0x00000002 x23=0x00000076
     143055.000 ns	     14304	8000317c	0f621d37	lui	x26,0xf621	 x26=0x0f621000
     143075.000 ns	     14306	80003180	a07da053	feq.s	x0,f27,f7	 f27:0xce43ffef  f7:0xcef3c4f0
     143125.000 ns	     14311	80003184	00937d53	fadd.s	f26,f6,f9	  f6:0x00000000  f9:0xcf31040c f26=0xcf31040c
     143145.000 ns	     14313	80003188	412f88b3	sub	x17,x31,x18	 x31:0x00000000 x18:0x80040fe4 x17=0x7ffbf01c
     143155.000 ns	     14314	8000318c	76537f93	andi	x31,x6,1893	  x6:0x00000000 x31=0x00000000
     143175.000 ns	     14316	80003190	02794bb3	div	x23,x18,x7	 x18:0x80040fe4  x7:0x00000000 x23=0xffffffff
     143205.000 ns	     14319	80003194	e00f9b53	fclass.s	x22,f31	 f31:0x42c20000 x22=0x00000040
     143225.000 ns	     14321	80003198	40155cb3	sra	x25,x10,x1	 x10:0x0000026a  x1:0x00000000 x25=0x0000026a
     143245.000 ns	     14323	8000319c	a1a90f53	fle.s	x30,f18,f26	 f18:0xcd03e200 f26:0xcf31040c x30=0x00000000
     143265.000 ns	     14325	800031a0	010b5ab3	srl	x21,x22,x16	 x22:0x00000040 x16:0x00000002 x21=0x00000010
     143275.000 ns	     14326	800031a4	0075c633	xor	x12,x11,x7	 x11:0x2ab92000  x7:0x00000000 x12=0x2ab92000
     143295.000 ns	     14328	800031a8	29288853	fmin.s	f16,f17,f18	 f17:0x3f7fffae f18:0xcd03e200 f16=0xcd03e200
     143315.000 ns	     14330	800031ac	04da3b93	sltiu	x23,x20,77	 x20:0x00000001 x23=0x00000001
     143335.000 ns	     14332	800031b0	d017a453	fcvt.s.wu	f8,x15	 x15:0x00000000  f8=0x00000000
     143355.000 ns	     14334	800031b4	25ceb493	sltiu	x9,x29,604	 x29:0xffffffff  x9=0x00000000
     143375.000 ns	     14336	800031b8	022c99b3	mulh	x19,x25,x2	 x25:0x0000026a  x2:0xf3c4f000 x19=0xffffffe2
     143395.000 ns	     14338	800031bc	d997fb13	andi	x22,x15,-615	 x15:0x00000000 x22=0x00000000
     143755.000 ns	     14374	800031c0	032c6d33	rem	x26,x24,x18	 x24:0xffffffff x18:0x80040fe4 x26=0xffffffff
     144125.000 ns	     14411	800031c4	0357c2b3	div	x5,x15,x21	 x15:0x00000000 x21:0x00000010  x5=0x00000000
     144145.000 ns	     14413	800031c8	f3cd3e93	sltiu	x29,x26,-196	 x26:0xffffffff x29=0x00000000
     144505.000 ns	     14449	800031cc	035f4fb3	div	x31,x30,x21	 x30:0x00000000 x21:0x00000010 x31=0x00000000
     144555.000 ns	     14454	800031d0	09377953	fsub.s	f18,f14,f19	 f14:0x80000000 f19:0x80000000 f18=0x00000000
     144575.000 ns	     14456	800031d4	2e5b2693	slti	x13,x22,741	 x22:0x00000000 x13=0x00000001
     144585.000 ns	     14457	800031d8	fd493493	sltiu	x9,x18,-44	 x18:0x80040fe4  x9=0x00000001
     144615.000 ns	     14460	800031dc	580df2d3	fsqrt.s	f5,f27	 f27:0xce43ffef  f5=0x7fc00000
     144635.000 ns	     14462	800031e0	0153c633	xor	x12,x7,x21	  x7:0x00000000 x21:0x00000010 x12=0x00000010
     144645.000 ns	     14463	800031e4	014ba1b3	slt	x3,x23,x20	 x23:0x00000001 x20:0x00000001  x3=0x00000000
     144665.000 ns	     14465	800031e8	21299d53	fsgnjn.s	f26,f19,f18	 f19:0x80000000 f18:0x00000000 f26=0x80000000
     144685.000 ns	     14467	800031ec	40e1d413	srai	x8,x3,0xe	  x3:0x00000000  x8=0x00000000
     144705.000 ns	     14469	800031f0	d0179bd3	fcvt.s.wu	f23,x15	 x15:0x00000000 f23=0x00000000
     144725.000 ns	     14471	800031f4	8e197793	andi	x15,x18,-1823	 x18:0x80040fe4 x15=0x800408e0
     144735.000 ns	     14472	800031f8	41908133	sub	x2,x1,x25	  x1:0x00000000 x25:0x0000026a  x2=0xfffffd96
     144755.000 ns	     14474	800031fc	214394d3	fsgnjn.s	f9,f7,f20	  f7:0xcef3c4f0 f20:0x7fc00000  f9=0xcef3c4f0
     144785.000 ns	     14477	80003200	284d9bd3	fmax.s	f23,f27,f4	 f27:0xce43ffef  f4:0x80040fe4 f23=0x80040fe4
     144805.000 ns	     14479	80003204	00549a93	slli	x21,x9,0x5	  x9:0x00000001 x21=0x00000020
     144815.000 ns	     14480	80003208	00cea1b3	slt	x3,x29,x12	 x29:0x00000000 x12:0x00000010  x3=0x00000001
     144845.000 ns	     14483	8000320c	18730a53	fdiv.s	f20,f6,f7	  f6:0x00000000  f7:0xcef3c4f0 f20=0x80000000
     144865.000 ns	     14485	80003210	21bdae93	slti	x29,x27,539	 x27:0x00000002 x29=0x00000001
     144875.000 ns	     14486	80003214	406d0fb3	sub	x31,x26,x6	 x26:0xffffffff  x6:0x00000000 x31=0xffffffff
     144895.000 ns	     14488	80003218	288f0153	fmin.s	f2,f30,f8	 f30:0xffc00000  f8:0x00000000  f2=0x00000000
     144925.000 ns	     14491	8000321c	02d31e33	mulh	x28,x6,x13	  x6:0x00000000 x13:0x00000001 x28=0x00000000
     144975.000 ns	     14496	80003220	09ca7553	fsub.s	f10,f20,f28	 f20:0x80000000 f28:0xff800000 f10=0x7f800000
     144995.000 ns	     14498	80003224	77d26993	ori	x19,x4,1917	  x4:0x00000000 x19=0x0000077d
     145015.000 ns	     14500	80003228	03ecb433	mulhu	x8,x25,x30	 x25:0x0000026a x30:0x00000000  x8=0x00000000
     145055.000 ns	     14504	8000322c	580d7fd3	fsqrt.s	f31,f26	 f26:0x80000000 f31=0x80000000
     145075.000 ns	     14506	80003230	df8742b7	lui	x5,0xdf874	  x5=0xdf874000
     145095.000 ns	     14508	80003234	e00c0453	fmv.x.w	x8,f24	 f24:0x00000000  x8=0x00000000
     145125.000 ns	     14511	80003238	e00e8553	fmv.x.w	x10,f29	 f29:0x3fb064ca x10=0x3fb064ca
     145165.000 ns	     14515	8000323c	580a7dd3	fsqrt.s	f27,f20	 f20:0x80000000 f27=0x80000000
     145185.000 ns	     14517	80003240	009bd193	srli	x3,x23,0x9	 x23:0x00000001  x3=0x00000000
     145205.000 ns	     14519	80003244	c0061ad3	fcvt.w.s	x21,f12	 f12:0x7fc00000 x21=0x7fffffff
     145235.000 ns	     14522	80003248	29478a53	fmin.s	f20,f15,f20	 f15:0xce1cc9a6 f20:0x80000000 f20=0xce1cc9a6
     145605.000 ns	     14559	8000324c	0311c033	div	x0,x3,x17	  x3:0x00000000 x17:0x7ffbf01c
     145625.000 ns	     14561	80003250	64a6eb17	auipc	x22,0x64a6e	 x22=0xe4a71250
     145645.000 ns	     14563	80003254	02c2beb3	mulhu	x29,x5,x12	  x5:0xdf874000 x12:0x00000010 x29=0x0000000d
     146015.000 ns	     14600	80003258	039f5ab3	divu	x21,x30,x25	 x30:0x00000000 x25:0x0000026a x21=0x00000000
     146035.000 ns	     14602	8000325c	411e8513	addi	x10,x29,1041	 x29:0x0000000d x10=0x0000041e
     146045.000 ns	     14603	80003260	d41b3c13	sltiu	x24,x22,-703	 x22:0xe4a71250 x24=0x00000001
     146065.000 ns	     14605	80003264	e0040dd3	fmv.x.w	x27,f8	  f8:0x00000000 x27=0x00000000
     146095.000 ns	     14608	80003268	d0127d53	fcvt.s.wu	f26,x4	  x4:0x00000000 f26=0x00000000
     146125.000 ns	     14611	8000326c	0378a1b3	mulhsu	x3,x17,x23	 x17:0x7ffbf01c x23:0x00000001  x3=0x00000000
     146155.000 ns	     14614	80003270	c01df553	fcvt.wu.s	x10,f27	 f27:0x80000000 x10=0x00000000
     146175.000 ns	     14616	80003274	01a3d1b3	srl	x3,x7,x26	  x7:0x00000000 x26:0xffffffff  x3=0x00000000
     146185.000 ns	     14617	80003278	00a85533	srl	x10,x16,x10	 x16:0x00000002 x10:0x00000000 x10=0x00000002
     146205.000 ns	     14619	8000327c	21a1ac53	fsgnjx.s	f24,f3,f26	  f3:0x7fc00000 f26:0x00000000 f24=0x7fc00000
     146575.000 ns	     14656	80003280	03a8f3b3	remu	x7,x17,x26	 x17:0x7ffbf01c x26:0xffffffff  x7=0x7ffbf01c
     146945.000 ns	     14693	80003284	0317d533	divu	x10,x15,x17	 x15:0x800408e0 x17:0x7ffbf01c x10=0x00000001
     146975.000 ns	     14696	80003288	28c20fd3	fmin.s	f31,f4,f12	  f4:0x80040fe4 f12:0x7fc00000 f31=0x80040fe4
     147015.000 ns	     14700	8000328c	11c0f653	fmul.s	f12,f1,f28	  f1:0x7fc00000 f28:0xff800000 f12=0x7fc00000
     147045.000 ns	     14703	80003290	29f21853	fmax.s	f16,f4,f31	  f4:0x80040fe4 f31:0x80040fe4 f16=0x80040fe4
     147095.000 ns	     14708	80003294	00fdb2d3	fadd.s	f5,f27,f15	 f27:0x80000000 f15:0xce1cc9a6  f5=0xce1cc9a6
     147125.000 ns	     14711	80003298	21488ad3	fsgnj.s	f21,f17,f20	 f17:0x3f7fffae f20:0xce1cc9a6 f21=0xbf7fffae
     147145.000 ns	     14713	8000329c	0148bf33	sltu	x30,x17,x20	 x17:0x7ffbf01c x20:0x00000001 x30=0x00000000
     147505.000 ns	     14749	800032a0	0270ddb3	divu	x27,x1,x7	  x1:0x00000000  x7:0x7ffbf01c x27=0x00000000
     147535.000 ns	     14752	800032a4	e00687d3	fmv.x.w	x15,f13	 f13:0x3f3503da x15=0x3f3503da
     147565.000 ns	     14755	800032a8	20d62853	fsgnjx.s	f16,f12,f13	 f12:0x7fc00000 f13:0x3f3503da f16=0x7fc00000
     147595.000 ns	     14758	800032ac	a1562353	feq.s	x6,f12,f21	 f12:0x7fc00000 f21:0xbf7fffae  x6=0x00000000
     147625.000 ns	     14761	800032b0	d007f0d3	fcvt.s.w	f1,x15	 x15:0x3f3503da  f1=0x4e7cd40f
     147655.000 ns	     14764	800032b4	e0058bd3	fmv.x.w	x23,f11	 f11:0xcd03e200 x23=0xcd03e200
     147675.000 ns	     14766	800032b8	38ee7093	andi	x1,x28,910	 x28:0x00000000  x1=0x00000000
     147695.000 ns	     14768	800032bc	c013fc53	fcvt.wu.s	x24,f7	  f7:0xcef3c4f0 x24=0x79e27800
     147715.000 ns	     14770	800032c0	01d4e7b3	or	x15,x9,x29	  x9:0x00000001 x29:0x0000000d x15=0x0000000d
     147725.000 ns	     14771	800032c4	ddb68893	addi	x17,x13,-549	 x13:0x00000001 x17=0xfffffddc
     147735.000 ns	     14772	800032c8	01625193	srli	x3,x4,0x16	  x4:0x00000000  x3=0x00000000
     147745.000 ns	     14773	800032cc	ac452d93	slti	x27,x10,-1340	 x10:0x00000001 x27=0x00000000
     147755.000 ns	     14774	800032d0	f354f993	andi	x19,x9,-203	  x9:0x00000001 x19=0x00000001
     148115.000 ns	     14810	800032d4	0313d2b3	divu	x5,x7,x17	  x7:0x7ffbf01c x17:0xfffffddc  x5=0x00000000
     148135.000 ns	     14812	800032d8	1d80b493	sltiu	x9,x1,472	  x1:0x00000000  x9=0x00000001
     148145.000 ns	     14813	800032dc	0144a433	slt	x8,x9,x20	  x9:0x00000001 x20:0x00000001  x8=0x00000000
     148175.000 ns	     14816	800032e0	580870d3	fsqrt.s	f1,f16	 f16:0x7fc00000  f1=0x7fc00000
     148225.000 ns	     14821	800032e4	0951b1d3	fsub.s	f3,f3,f21	  f3:0x7fc00000 f21:0xbf7fffae  f3=0x7fc00000
     148255.000 ns	     14824	800032e8	f0008cd3	fmv.w.x	f25,x1	  x1:0x00000000 f25=0x00000000
     148285.000 ns	     14827	800032ec	c00d2b53	fcvt.w.s	x22,f26	 f26:0x00000000 x22=0x00000000
     148305.000 ns	     14829	800032f0	00138d33	add	x26,x7,x1	  x7:0x7ffbf01c  x1:0x00000000 x26=0x7ffbf01c
     148665.000 ns	     14865	800032f4	03fbf0b3	remu	x1,x23,x31	 x23:0xcd03e200 x31:0xffffffff  x1=0xcd03e200
     148685.000 ns	     14867	800032f8	01abd233	srl	x4,x23,x26	 x23:0xcd03e200 x26:0xffffffff  x4=0x0000000c
     148705.000 ns	     14869	800032fc	a08da153	feq.s	x2,f27,f8	 f27:0x80000000  f8:0x00000000  x2=0x00000001
     148735.000 ns	     14872	80003300	215aaed3	fsgnjx.s	f29,f21,f21	 f21:0xbf7fffae f21:0xbf7fffae f29=0x3f7fffae
     148765.000 ns	     14875	80003304	039286b3	mul	x13,x5,x25	  x5:0x00000000 x25:0x0000026a x13=0x00000000
     148785.000 ns	     14877	80003308	ce382093	slti	x1,x16,-797	 x16:0x00000002  x1=0x00000000
     148795.000 ns	     14878	8000330c	52102c93	slti	x25,x0,1313	  x0:0x00000000 x25=0x00000001
     148815.000 ns	     14880	80003310	21ec2ad3	fsgnjx.s	f21,f24,f30	 f24:0x7fc00000 f30:0xffc00000 f21=0xffc00000
     148855.000 ns	     14884	80003314	18e5f5d3	fdiv.s	f11,f11,f14	 f11:0xcd03e200 f14:0x80000000 f11=0x7f800000
     149225.000 ns	     14921	80003318	033370b3	remu	x1,x6,x19	  x6:0x00000000 x19:0x00000001  x1=0x00000000
     149245.000 ns	     14923	8000331c	d88a0893	addi	x17,x20,-632	 x20:0x00000001 x17=0xfffffd89
     149255.000 ns	     14924	80003320	4972bd93	sltiu	x27,x5,1175	  x5:0x00000000 x27=0x00000001
     149615.000 ns	     14960	80003324	033f52b3	divu	x5,x30,x19	 x30:0x00000000 x19:0x00000001  x5=0x00000000
     149635.000 ns	     14962	80003328	413ed5b3	sra	x11,x29,x19	 x29:0x0000000d x19:0x00000001 x11=0x00000006
     149645.000 ns	     14963	8000332c	0f80a193	slti	x3,x1,248	  x1:0x00000000  x3=0x00000001
     149655.000 ns	     14964	80003330	01225b33	srl	x22,x4,x18	  x4:0x0000000c x18:0x80040fe4 x22=0x00000000
     149675.000 ns	     14966	80003334	20ff2353	fsgnjx.s	f6,f30,f15	 f30:0xffc00000 f15:0xce1cc9a6  f6=0x7fc00000
     149695.000 ns	     14968	80003338	ca97cd93	xori	x27,x15,-855	 x15:0x0000000d x27=0xfffffca4
     149705.000 ns	     14969	8000333c	006aea33	or	x20,x21,x6	 x21:0x00000000  x6:0x00000000 x20=0x00000000
     149715.000 ns	     14970	80003340	00ffeab3	or	x21,x31,x15	 x31:0xffffffff x15:0x0000000d x21=0xffffffff
     149735.000 ns	     14972	80003344	a0c41353	flt.s	x6,f8,f12	  f8:0x00000000 f12:0x7fc00000  x6=0x00000000
     149755.000 ns	     14974	80003348	32e232b7	lui	x5,0x32e23	  x5=0x32e23000
     150115.000 ns	     15010	8000334c	02e5f333	remu	x6,x11,x14	 x11:0x00000006 x14:0x80041024  x6=0x00000006
     150145.000 ns	     15013	80003350	d0010253	fcvt.s.w	f4,x2	  x2:0x00000001  f4=0x3f800000
     150185.000 ns	     15017	80003354	10a78353	fmul.s	f6,f15,f10	 f15:0xce1cc9a6 f10:0x7f800000  f6=0xff800000
     150215.000 ns	     15020	80003358	e0058053	fmv.x.w	x0,f11	 f11:0x7f800000
     150235.000 ns	     15022	8000335c	002f17b3	sll	x15,x30,x2	 x30:0x00000000  x2:0x00000001 x15=0x00000000
     150255.000 ns	     15024	80003360	02d803b3	mul	x7,x16,x13	 x16:0x00000002 x13:0x00000000  x7=0x00000000
     150285.000 ns	     15027	80003364	a0a52153	feq.s	x2,f10,f10	 f10:0x7f800000 f10:0x7f800000  x2=0x00000001
     150315.000 ns	     15030	80003368	e00502d3	fmv.x.w	x5,f10	 f10:0x7f800000  x5=0x7f800000
     150335.000 ns	     15032	8000336c	00a97033	and	x0,x18,x10	 x18:0x80040fe4 x10:0x00000001
     150345.000 ns	     15033	80003370	01b1d413	srli	x8,x3,0x1b	  x3:0x00000001  x8=0x00000000
     150365.000 ns	     15035	80003374	206f8953	fsgnj.s	f18,f31,f6	 f31:0x80040fe4  f6:0xff800000 f18=0x80040fe4
     150405.000 ns	     15039	80003378	580f2753	fsqrt.s	f14,f30	 f30:0xffc00000 f14=0x7fc00000
     150425.000 ns	     15041	8000337c	c7f0ba93	sltiu	x21,x1,-897	  x1:0x00000000 x21=0x00000001
     150435.000 ns	     15042	80003380	011f1d33	sll	x26,x30,x17	 x30:0x00000000 x17:0xfffffd89 x26=0x00000000
     150445.000 ns	     15043	80003384	414fd2b3	sra	x5,x31,x20	 x31:0xffffffff x20:0x00000000  x5=0xffffffff
     150465.000 ns	     15045	80003388	21ca1e53	fsgnjn.s	f28,f20,f28	 f20:0xce1cc9a6 f28:0xff800000 f28=0x4e1cc9a6
     150495.000 ns	     15048	8000338c	c01bf553	fcvt.wu.s	x10,f23	 f23:0x80040fe4 x10=0x00000000
     150525.000 ns	     15051	80003390	03c46eb3	rem	x29,x8,x28	  x8:0x00000000 x28:0x00000000 x29=0x00000000
     150545.000 ns	     15053	80003394	01729233	sll	x4,x5,x23	  x5:0xffffffff x23:0xcd03e200  x4=0xffffffff
     150565.000 ns	     15055	80003398	d0017453	fcvt.s.w	f8,x2	  x2:0x00000001  f8=0x3f800000
     150585.000 ns	     15057	8000339c	018de433	or	x8,x27,x24	 x27:0xfffffca4 x24:0x79e27800  x8=0xfffffca4
     150595.000 ns	     15058	800033a0	4d64a113	slti	x2,x9,1238	  x9:0x00000001  x2=0x00000001
     150605.000 ns	     15059	800033a4	00ac9213	slli	x4,x25,0xa	 x25:0x00000001  x4=0x00000400
     150625.000 ns	     15061	800033a8	f00304d3	fmv.w.x	f9,x6	  x6:0x00000006  f9=0x00000006
     150665.000 ns	     15065	800033ac	580df7d3	fsqrt.s	f15,f27	 f27:0x80000000 f15=0x80000000
     150685.000 ns	     15067	800033b0	90580d37	lui	x26,0x90580	 x26=0x90580000
     150695.000 ns	     15068	800033b4	015cdc93	srli	x25,x25,0x15	 x25:0x00000001 x25=0x00000000
     150735.000 ns	     15072	800033b8	01a9f0d3	fadd.s	f1,f19,f26	 f19:0x80000000 f26:0x00000000  f1=0x00000000
     151105.000 ns	     15109	800033bc	0375d633	divu	x12,x11,x23	 x11:0x00000006 x23:0xcd03e200 x12=0x00000000
     151135.000 ns	     15112	800033c0	e00298d3	fclass.s	x17,f5	  f5:0xce1cc9a6 x17=0x00000002
     151155.000 ns	     15114	800033c4	000acab3	xor	x21,x21,x0	 x21:0x00000001  x0:0x00000000 x21=0x00000001
     151165.000 ns	     15115	800033c8	40caddb3	sra	x27,x21,x12	 x21:0x00000001 x12:0x00000000 x27=0x00000001
     151175.000 ns	     15116	800033cc	9ba17393	andi	x7,x2,-1606	  x2:0x00000001  x7=0x00000000
     151185.000 ns	     15117	800033d0	7574af93	slti	x31,x9,1879	  x9:0x00000001 x31=0x00000001
     151195.000 ns	     15118	800033d4	c5740313	addi	x6,x8,-937	  x8:0xfffffca4  x6=0xfffff8fb
     151215.000 ns	     15120	800033d8	0396a8b3	mulhsu	x17,x13,x25	 x13:0x00000000 x25:0x00000000 x17=0x00000000
     151245.000 ns	     15123	800033dc	28d50553	fmin.s	f10,f10,f13	 f10:0x7f800000 f13:0x3f3503da f10=0x3f3503da
     151265.000 ns	     15125	800033e0	007f2333	slt	x6,x30,x7	 x30:0x00000000  x7:0x00000000  x6=0x00000000
     151625.000 ns	     15161	800033e4	02936e33	rem	x28,x6,x9	  x6:0xfffff8fb  x9:0x00000001 x28=0x00000000
     151655.000 ns	     15164	800033e8	20639cd3	fsgnjn.s	f25,f7,f6	  f7:0xcef3c4f0  f6:0xff800000 f25=0x4ef3c4f0
     151675.000 ns	     15166	800033ec	00000013	addi	x0,x0,0	  x0:0x00000000
     151695.000 ns	     15168	800033f0	c01379d3	fcvt.wu.s	x19,f6	  f6:0xff800000 x19=0x00000000
     152065.000 ns	     15205	800033f4	03584cb3	div	x25,x16,x21	 x16:0x00000002 x21:0x00000001 x25=0x00000002
     152095.000 ns	     15208	800033f8	c013f4d3	fcvt.wu.s	x9,f7	  f7:0xcef3c4f0  x9=0x79e27800
     152115.000 ns	     15210	800033fc	01599a13	slli	x20,x19,0x15	 x19:0x00000000 x20=0x00000000
     152135.000 ns	     15212	80003400	02c9ad33	mulhsu	x26,x19,x12	 x19:0x00000000 x12:0x00000000 x26=0x00000000
     152165.000 ns	     15215	80003404	a1d781d3	fle.s	x3,f15,f29	 f15:0x80000000 f29:0x3f7fffae  x3=0x00000001
     152185.000 ns	     15217	80003408	01679fb3	sll	x31,x15,x22	 x15:0x00000000 x22:0x00000000 x31=0x00000000
     152195.000 ns	     15218	8000340c	0062e7b3	or	x15,x5,x6	  x5:0xffffffff  x6:0x00000000 x15=0xffffffff
     152235.000 ns	     15222	80003410	09591ed3	fsub.s	f29,f18,f21	 f18:0x80040fe4 f21:0xffc00000 f29=0x7fc00000
     152255.000 ns	     15224	80003414	b5034d93	xori	x27,x6,-1200	  x6:0x00000000 x27=0xfffffb50
     152275.000 ns	     15226	80003418	039e1a33	mulh	x20,x28,x25	 x28:0x00000000 x25:0x00000002 x20=0x00000000
     152305.000 ns	     15229	8000341c	20908053	fsgnj.s	f0,f1,f9	  f1:0x00000000  f9:0x00000006  f0=0x00000000
     152325.000 ns	     15231	80003420	405f04b3	sub	x9,x30,x5	 x30:0x00000000  x5:0xffffffff  x9=0x00000001
     152335.000 ns	     15232	80003424	68e92f13	slti	x30,x18,1678	 x18:0x80040fe4 x30=0x00000001
     152345.000 ns	     15233	80003428	39f0b413	sltiu	x8,x1,927	  x1:0x00000000  x8=0x00000001
     152355.000 ns	     15234	8000342c	57544993	xori	x19,x8,1397	  x8:0xfffffca4 x19=0x00000574
     152375.000 ns	     15236	80003430	21e02dd3	fsgnjx.s	f27,f0,f30	  f0:0x00000000 f30:0xffc00000 f27=0x80000000
     152405.000 ns	     15239	80003434	c00393d3	fcvt.w.s	x7,f7	  f7:0xcef3c4f0  x7=0x861d8800
     152775.000 ns	     15276	80003438	03085db3	divu	x27,x16,x16	 x16:0x00000002 x16:0x00000002 x27=0x00000001
     152805.000 ns	     15279	8000343c	f0090cd3	fmv.w.x	f25,x18	 x18:0x80040fe4 f25=0x80040fe4
     152835.000 ns	     15282	80003440	29a51bd3	fmax.s	f23,f10,f26	 f10:0x3f3503da f26:0x00000000 f23=0x3f3503da
     152855.000 ns	     15284	80003444	409a5f93	srai	x31,x20,0x9	 x20:0x00000000 x31=0x00000000
     152875.000 ns	     15286	80003448	c015fad3	fcvt.wu.s	x21,f11	 f11:0x7f800000 x21=0xffffffff
     152905.000 ns	     15289	8000344c	21370b53	fsgnj.s	f22,f14,f19	 f14:0x7fc00000 f19:0x80000000 f22=0xffc00000
     152935.000 ns	     15292	80003450	021a0fb3	mul	x31,x20,x1	 x20:0x00000000  x1:0x00000000 x31=0x00000000
     152965.000 ns	     15295	80003454	031600b3	mul	x1,x12,x17	 x12:0x00000000 x17:0x00000000  x1=0x00000000
     152985.000 ns	     15297	80003458	00000013	addi	x0,x0,0	  x0:0x00000000
     152995.000 ns	     15298	8000345c	00b050b3	srl	x1,x0,x11	  x0:0x00000000 x11:0x00000006  x1=0x00000000
     153015.000 ns	     15300	80003460	286c1153	fmax.s	f2,f24,f6	 f24:0x7fc00000  f6:0xff800000  f2=0xff800000
     153045.000 ns	     15303	80003464	a11095d3	flt.s	x11,f1,f17	  f1:0x00000000 f17:0x3f7fffae x11=0x00000001
     153065.000 ns	     15305	80003468	00f105b3	add	x11,x2,x15	  x2:0x00000001 x15:0xffffffff x11=0x00000000
     153075.000 ns	     15306	8000346c	00000013	addi	x0,x0,0	  x0:0x00000000
     153095.000 ns	     15308	80003470	03b43633	mulhu	x12,x8,x27	  x8:0x00000001 x27:0x00000001 x12=0x00000000
     153115.000 ns	     15310	80003474	45743493	sltiu	x9,x8,1111	  x8:0x00000001  x9=0x00000001
     153125.000 ns	     15311	80003478	dcef4e13	xori	x28,x30,-562	 x30:0x00000001 x28=0xfffffdcf
     153135.000 ns	     15312	8000347c	411101b3	sub	x3,x2,x17	  x2:0x00000001 x17:0x00000000  x3=0x00000001
     153145.000 ns	     15313	80003480	28d17313	andi	x6,x2,653	  x2:0x00000001  x6=0x00000001
     153165.000 ns	     15315	80003484	d011fbd3	fcvt.s.wu	f23,x3	  x3:0x00000001 f23=0x3f800000
     153205.000 ns	     15319	80003488	107c8f53	fmul.s	f30,f25,f7	 f25:0x80040fe4  f7:0xcef3c4f0 f30=0x0d778d59
     153225.000 ns	     15321	8000348c	00cc5013	srli	x0,x24,0xc	 x24:0x79e27800
     153235.000 ns	     15322	80003490	00000013	addi	x0,x0,0	  x0:0x00000000
     153245.000 ns	     15323	80003494	001115b3	sll	x11,x2,x1	  x2:0x00000001  x1:0x00000000 x11=0x00000001
     153265.000 ns	     15325	80003498	a1881653	flt.s	x12,f16,f24	 f16:0x7fc00000 f24:0x7fc00000 x12=0x00000000
     153285.000 ns	     15327	8000349c	008d5b93	srli	x23,x26,0x8	 x26:0x00000000 x23=0x00000000
     153645.000 ns	     15363	800034a0	03b05d33	divu	x26,x0,x27	  x0:0x00000000 x27:0x00000001 x26=0x00000000
     153675.000 ns	     15366	800034a4	28f914d3	fmax.s	f9,f18,f15	 f18:0x80040fe4 f15:0x80000000  f9=0x80000000
     153695.000 ns	     15368	800034a8	00000013	addi	x0,x0,0	  x0:0x00000000
     153705.000 ns	     15369	800034ac	00766b33	or	x22,x12,x7	 x12:0x00000000  x7:0x861d8800 x22=0x861d8800
     153715.000 ns	     15370	800034b0	40addc13	srai	x24,x27,0xa	 x27:0x00000001 x24=0x00000000
     153735.000 ns	     15372	800034b4	e00a9653	fclass.s	x12,f21	 f21:0xffc00000 x12=0x00000200
     153765.000 ns	     15375	800034b8	c01e2053	fcvt.wu.s	x0,f28	 f28:0x4e1cc9a6
     153785.000 ns	     15377	800034bc	41eb82b3	sub	x5,x23,x30	 x23:0x00000000 x30:0x00000001  x5=0xffffffff
     153805.000 ns	     15379	800034c0	c0097dd3	fcvt.w.s	x27,f18	 f18:0x80040fe4 x27=0x00000000
     153835.000 ns	     15382	800034c4	d010f8d3	fcvt.s.wu	f17,x1	  x1:0x00000000 f17=0x00000000
     153865.000 ns	     15385	800034c8	28411d53	fmax.s	f26,f2,f4	  f2:0xff800000  f4:0x3f800000 f26=0x3f800000
     154235.000 ns	     15422	800034cc	033c43b3	div	x7,x24,x19	 x24:0x00000000 x19:0x00000574  x7=0x00000000
     154255.000 ns	     15424	800034d0	406cd013	srai	x0,x25,0x6	 x25:0x00000002
     154285.000 ns	     15427	800034d4	11f978d3	fmul.s	f17,f18,f31	 f18:0x80040fe4 f31:0x80040fe4 f17=0x00000000
     154305.000 ns	     15429	800034d8	00ef6233	or	x4,x30,x14	 x30:0x00000001 x14:0x80041024  x4=0x80041025
     154325.000 ns	     15431	800034dc	02d52b33	mulhsu	x22,x10,x13	 x10:0x00000000 x13:0x00000000 x22=0x00000000
     154345.000 ns	     15433	800034e0	00000013	addi	x0,x0,0	  x0:0x00000000
     154705.000 ns	     15469	800034e4	028dc8b3	div	x17,x27,x8	 x27:0x00000000  x8:0x00000001 x17=0x00000000
     154725.000 ns	     15471	800034e8	4098d693	srai	x13,x17,0x9	 x17:0x00000000 x13=0x00000000
     154745.000 ns	     15473	800034ec	214fa253	fsgnjx.s	f4,f31,f20	 f31:0x80040fe4 f20:0xce1cc9a6  f4=0x00040fe4
     154775.000 ns	     15476	800034f0	023b88b3	mul	x17,x23,x3	 x23:0x00000000  x3:0x00000001 x17=0x00000000
     154805.000 ns	     15479	800034f4	a1b884d3	fle.s	x9,f17,f27	 f17:0x00000000 f27:0x80000000  x9=0x00000001
     154835.000 ns	     15482	800034f8	c00075d3	fcvt.w.s	x11,f0	  f0:0x00000000 x11=0x00000000
     154855.000 ns	     15484	800034fc	6ee3f213	andi	x4,x7,1774	  x7:0x00000000  x4=0x00000000
     154865.000 ns	     15485	80003500	eff54693	xori	x13,x10,-257	 x10:0x00000000 x13=0xfffffeff
     154875.000 ns	     15486	80003504	672791b7	lui	x3,0x67279	  x3=0x67279000
     156045.000 ns	     15603	80003508	58047453	fsqrt.s	f8,f8	  f8:0x3f800000  f8=0x3f7fffae
     156075.000 ns	     15606	8000350c	a188aed3	feq.s	x29,f17,f24	 f17:0x00000000 f24:0x7fc00000 x29=0x00000000
     156105.000 ns	     15609	80003510	a13b21d3	feq.s	x3,f22,f19	 f22:0xffc00000 f19:0x80000000  x3=0x00000000
     156125.000 ns	     15611	80003514	00225f93	srli	x31,x4,0x2	  x4:0x00000000 x31=0x00000000
     156135.000 ns	     15612	80003518	410d51b3	sra	x3,x26,x16	 x26:0x00000000 x16:0x00000002  x3=0x00000000
     156155.000 ns	     15614	8000351c	036f99b3	mulh	x19,x31,x22	 x31:0x00000000 x22:0x00000000 x19=0x00000000
     156185.000 ns	     15617	80003520	28e78ed3	fmin.s	f29,f15,f14	 f15:0x80000000 f14:0x7fc00000 f29=0x80000000
     156215.000 ns	     15620	80003524	d010bc53	fcvt.s.wu	f24,x1	  x1:0x00000000 f24=0x00000000
     156235.000 ns	     15622	80003528	f8263a93	sltiu	x21,x12,-126	 x12:0x00000200 x21=0x00000001
     156255.000 ns	     15624	8000352c	e0081dd3	fclass.s	x27,f16	 f16:0x7fc00000 x27=0x00000200
     156275.000 ns	     15626	80003530	01460233	add	x4,x12,x20	 x12:0x00000200 x20:0x00000000  x4=0x00000200
     156295.000 ns	     15628	80003534	03f47033	remu	x0,x8,x31	  x8:0x00000001 x31:0x00000000
     156315.000 ns	     15630	80003538	00fccb33	xor	x22,x25,x15	 x25:0x00000002 x15:0xffffffff x22=0xfffffffd
     156335.000 ns	     15632	8000353c	e0061cd3	fclass.s	x25,f12	 f12:0x7fc00000 x25=0x00000200
     156365.000 ns	     15635	80003540	a0309fd3	flt.s	x31,f1,f3	  f1:0x00000000  f3:0x7fc00000 x31=0x00000000
     156385.000 ns	     15637	80003544	41f20133	sub	x2,x4,x31	  x4:0x00000200 x31:0x00000000  x2=0x00000200
     156395.000 ns	     15638	80003548	8fd6ce93	xori	x29,x13,-1795	 x13:0xfffffeff x29=0x00000602
     156405.000 ns	     15639	8000354c	0137efb3	or	x31,x15,x19	 x15:0xffffffff x19:0x00000000 x31=0xffffffff
     156415.000 ns	     15640	80003550	01035cb3	srl	x25,x6,x16	  x6:0x00000001 x16:0x00000002 x25=0x00000000
     156435.000 ns	     15642	80003554	021e5eb3	divu	x29,x28,x1	 x28:0xfffffdcf  x1:0x00000000 x29=0xffffffff
     156455.000 ns	     15644	80003558	94c2c1b7	lui	x3,0x94c2c	  x3=0x94c2c000
     156495.000 ns	     15648	8000355c	09b4f053	fsub.s	f0,f9,f27	  f9:0x80000000 f27:0x80000000  f0=0x00000000
     156525.000 ns	     15651	80003560	a1f70253	fle.s	x4,f14,f31	 f14:0x7fc00000 f31:0x80040fe4  x4=0x00000000
     156555.000 ns	     15654	80003564	029d2cb3	mulhsu	x25,x26,x9	 x26:0x00000000  x9:0x00000001 x25=0x00000000
     156585.000 ns	     15657	80003568	d0110653	fcvt.s.wu	f12,x2	  x2:0x00000200 f12=0x44000000
     156615.000 ns	     15660	8000356c	02b375b3	remu	x11,x6,x11	  x6:0x00000001 x11:0x00000000 x11=0x00000001
     156645.000 ns	     15663	80003570	21fba253	fsgnjx.s	f4,f23,f31	 f23:0x3f800000 f31:0x80040fe4  f4=0xbf800000
     156665.000 ns	     15665	80003574	68a77993	andi	x19,x14,1674	 x14:0x80041024 x19=0x00000000
     156685.000 ns	     15667	80003578	d013b0d3	fcvt.s.wu	f1,x7	  x7:0x00000000  f1=0x00000000
     156715.000 ns	     15670	8000357c	e0091ad3	fclass.s	x21,f18	 f18:0x80040fe4 x21=0x00000004
     156735.000 ns	     15672	80003580	01a189b3	add	x19,x3,x26	  x3:0x94c2c000 x26:0x00000000 x19=0x94c2c000
     156745.000 ns	     15673	80003584	01ab1013	slli	x0,x22,0x1a	 x22:0xfffffffd
     156765.000 ns	     15675	80003588	e0031c53	fclass.s	x24,f6	  f6:0xff800000 x24=0x00000001
     156795.000 ns	     15678	8000358c	03bb81b3	mul	x3,x23,x27	 x23:0x00000000 x27:0x00000200  x3=0x00000000
     156815.000 ns	     15680	80003590	016c7c33	and	x24,x24,x22	 x24:0x00000001 x22:0xfffffffd x24=0x00000001
     156835.000 ns	     15682	80003594	a0e713d3	flt.s	x7,f14,f14	 f14:0x7fc00000 f14:0x7fc00000  x7=0x00000000
     156865.000 ns	     15685	80003598	297113d3	fmax.s	f7,f2,f23	  f2:0xff800000 f23:0x3f800000  f7=0x3f800000
     156895.000 ns	     15688	8000359c	21f1a0d3	fsgnjx.s	f1,f3,f31	  f3:0x7fc00000 f31:0x80040fe4  f1=0xffc00000
     156935.000 ns	     15692	800035a0	114130d3	fmul.s	f1,f2,f20	  f2:0xff800000 f20:0xce1cc9a6  f1=0x7f800000
     156965.000 ns	     15695	800035a4	f0090353	fmv.w.x	f6,x18	 x18:0x80040fe4  f6=0x80040fe4
     156995.000 ns	     15698	800035a8	28aa14d3	fmax.s	f9,f20,f10	 f20:0xce1cc9a6 f10:0x3f3503da  f9=0x3f3503da
     157025.000 ns	     15701	800035ac	d006ce53	fcvt.s.w	f28,x13	 x13:0xfffffeff f28=0xc3808000
     157395.000 ns	     15738	800035b0	03c75e33	divu	x28,x14,x28	 x14:0x80041024 x28:0xfffffdcf x28=0x00000000
     157415.000 ns	     15740	800035b4	783bae93	slti	x29,x23,1923	 x23:0x00000000 x29=0x00000001
     157435.000 ns	     15742	800035b8	c01a45d3	fcvt.wu.s	x11,f20	 f20:0xce1cc9a6 x11=0x27326980
     157455.000 ns	     15744	800035bc	00e0dd93	srli	x27,x1,0xe	  x1:0x00000000 x27=0x00000000
     157465.000 ns	     15745	800035c0	054d0d93	addi	x27,x26,84	 x26:0x00000000 x27=0x00000054
     157475.000 ns	     15746	800035c4	01299d93	slli	x27,x19,0x12	 x19:0x94c2c000 x27=0x00000000
     157485.000 ns	     15747	800035c8	00123c33	sltu	x24,x4,x1	  x4:0x00000000  x1:0x00000000 x24=0x00000000
     157505.000 ns	     15749	800035cc	2171a3d3	fsgnjx.s	f7,f3,f23	  f3:0x7fc00000 f23:0x3f800000  f7=0x7fc00000
     157525.000 ns	     15751	800035d0	d7aecf13	xori	x30,x29,-646	 x29:0x00000001 x30=0xfffffd7b
     157535.000 ns	     15752	800035d4	00fcfb33	and	x22,x25,x15	 x25:0x00000000 x15:0xffffffff x22=0x00000000
     157545.000 ns	     15753	800035d8	04f98d93	addi	x27,x19,79	 x19:0x94c2c000 x27=0x94c2c04f
     157555.000 ns	     15754	800035dc	95ca6393	ori	x7,x20,-1700	 x20:0x00000000  x7=0xfffff95c
     157575.000 ns	     15756	800035e0	c01f1d53	fcvt.wu.s	x26,f30	 f30:0x0d778d59 x26=0x00000000
     157605.000 ns	     15759	800035e4	03851fb3	mulh	x31,x10,x24	 x10:0x00000000 x24:0x00000000 x31=0x00000000
     157635.000 ns	     15762	800035e8	a18f8fd3	fle.s	x31,f31,f24	 f31:0x80040fe4 f24:0x00000000 x31=0x00000001
     157665.000 ns	     15765	800035ec	030d1fb3	mulh	x31,x26,x16	 x26:0x00000000 x16:0x00000002 x31=0x00000000
     157695.000 ns	     15768	800035f0	02aab9b3	mulhu	x19,x21,x10	 x21:0x00000004 x10:0x00000000 x19=0x00000000
     157715.000 ns	     15770	800035f4	037f0d17	auipc	x26,0x37f0	 x26=0x837f35f4
     157735.000 ns	     15772	800035f8	a09326d3	feq.s	x13,f6,f9	  f6:0x80040fe4  f9:0x3f3503da x13=0x00000000
     157765.000 ns	     15775	800035fc	28908cd3	fmin.s	f25,f1,f9	  f1:0x7f800000  f9:0x3f3503da f25=0x3f3503da
     157795.000 ns	     15778	80003600	21b69853	fsgnjn.s	f16,f13,f27	 f13:0x3f3503da f27:0x80000000 f16=0x3f3503da
     157815.000 ns	     15780	80003604	01d009b3	add	x19,x0,x29	  x0:0x00000000 x29:0x00000001 x19=0x00000001
     157835.000 ns	     15782	80003608	d01739d3	fcvt.s.wu	f19,x14	 x14:0x80041024 f19=0x4f000411
     157855.000 ns	     15784	8000360c	41ca07b3	sub	x15,x20,x28	 x20:0x00000000 x28:0x00000000 x15=0x00000000
     157865.000 ns	     15785	80003610	0034d633	srl	x12,x9,x3	  x9:0x00000001  x3:0x00000000 x12=0x00000001
     157875.000 ns	     15786	80003614	41b5d493	srai	x9,x11,0x1b	 x11:0x27326980  x9=0x00000004
     157895.000 ns	     15788	80003618	c01432d3	fcvt.wu.s	x5,f8	  f8:0x3f7fffae  x5=0x00000001
     157925.000 ns	     15791	8000361c	21379ad3	fsgnjn.s	f21,f15,f19	 f15:0x80000000 f19:0x4f000411 f21=0x80000000
     157955.000 ns	     15794	80003620	a08a0353	fle.s	x6,f20,f8	 f20:0xce1cc9a6  f8:0x3f7fffae  x6=0x00000001
     157985.000 ns	     15797	80003624	d00e97d3	fcvt.s.w	f15,x29	 x29:0x00000001 f15=0x3f800000
     158015.000 ns	     15800	80003628	038ee2b3	rem	x5,x29,x24	 x29:0x00000001 x24:0x00000000  x5=0x00000001
     158045.000 ns	     15803	8000362c	0387c6b3	div	x13,x15,x24	 x15:0x00000000 x24:0x00000000 x13=0xffffffff
     158065.000 ns	     15805	80003630	0174ed33	or	x26,x9,x23	  x9:0x00000004 x23:0x00000000 x26=0x00000004
     158075.000 ns	     15806	80003634	411bde13	srai	x28,x23,0x11	 x23:0x00000000 x28=0x00000000
     158085.000 ns	     15807	80003638	01074433	xor	x8,x14,x16	 x14:0x80041024 x16:0x00000002  x8=0x80041026
     158095.000 ns	     15808	8000363c	17a7fb93	andi	x23,x15,378	 x15:0x00000000 x23=0x00000000
     158105.000 ns	     15809	80003640	00343133	sltu	x2,x8,x3	  x8:0x00000001  x3:0x00000000  x2=0x00000000
     158115.000 ns	     15810	80003644	01951113	slli	x2,x10,0x19	 x10:0x00000000  x2=0x00000000
     158125.000 ns	     15811	80003648	4180dd33	sra	x26,x1,x24	  x1:0x00000000 x24:0x00000000 x26=0x00000000
     158135.000 ns	     15812	8000364c	41a854b3	sra	x9,x16,x26	 x16:0x00000002 x26:0x00000004  x9=0x00000002
     158145.000 ns	     15813	80003650	7fdd4e93	xori	x29,x26,2045	 x26:0x00000004 x29=0x000007fd
     158165.000 ns	     15815	80003654	02344ab3	div	x21,x8,x3	  x8:0x80041026  x3:0x00000000 x21=0xffffffff
     158205.000 ns	     15819	80003658	10197cd3	fmul.s	f25,f18,f1	 f18:0x80040fe4  f1:0x7f800000 f25=0xff800000
     158235.000 ns	     15822	8000365c	a1ddac53	feq.s	x24,f27,f29	 f27:0x80000000 f29:0x80000000 x24=0x00000001
     158275.000 ns	     15826	80003660	198177d3	fdiv.s	f15,f2,f24	  f2:0xff800000 f24:0x00000000 f15=0xff800000
     158295.000 ns	     15828	80003664	01a1e0b3	or	x1,x3,x26	  x3:0x00000000 x26:0x00000000  x1=0x00000000
     158655.000 ns	     15864	80003668	028e6533	rem	x10,x28,x8	 x28:0x00000000  x8:0x80041026 x10=0x00000000
     158675.000 ns	     15866	8000366c	11f34e13	xori	x28,x6,287	  x6:0x00000001 x28=0x0000011e
     158685.000 ns	     15867	80003670	005d1333	sll	x6,x26,x5	 x26:0x00000000  x5:0x00000001  x6=0x00000000
     158705.000 ns	     15869	80003674	e0029d53	fclass.s	x26,f5	  f5:0xce1cc9a6 x26=0x00000002
     158725.000 ns	     15871	80003678	9346a613	slti	x12,x13,-1740	 x13:0xffffffff x12=0x00000000
     158735.000 ns	     15872	8000367c	01342493	slti	x9,x8,19	  x8:0x80041026  x9=0x00000001
     158745.000 ns	     15873	80003680	0035a7b3	slt	x15,x11,x3	 x11:0x27326980  x3:0x00000000 x15=0x00000000
     158775.000 ns	     15876	80003684	18d02ed3	fdiv.s	f29,f0,f13	  f0:0x00000000 f13:0x3f3503da f29=0x00000000
     158795.000 ns	     15878	80003688	00351b33	sll	x22,x10,x3	 x10:0x00000000  x3:0x00000000 x22=0x00000000
     158815.000 ns	     15880	8000368c	a13314d3	flt.s	x9,f6,f19	  f6:0x80040fe4 f19:0x4f000411  x9=0x00000001
     158835.000 ns	     15882	80003690	01553033	sltu	x0,x10,x21	 x10:0x00000000 x21:0xffffffff
     158855.000 ns	     15884	80003694	21730ad3	fsgnj.s	f21,f6,f23	  f6:0x80040fe4 f23:0x3f800000 f21=0x00040fe4
     158875.000 ns	     15886	80003698	01e3ffb3	and	x31,x7,x30	  x7:0xfffff95c x30:0xfffffd7b x31=0xfffff958
     158895.000 ns	     15888	8000369c	024a5233	divu	x4,x20,x4	 x20:0x00000000  x4:0x00000000  x4=0xffffffff
     158915.000 ns	     15890	800036a0	4d49f997	auipc	x19,0x4d49f	 x19=0xcd4a26a0
     158935.000 ns	     15892	800036a4	e00f14d3	fclass.s	x9,f30	 f30:0x0d778d59  x9=0x00000040
     158965.000 ns	     15895	800036a8	02a1bcb3	mulhu	x25,x3,x10	  x3:0x00000000 x10:0x00000000 x25=0x00000000
     158985.000 ns	     15897	800036ac	ad52e993	ori	x19,x5,-1323	  x5:0x00000001 x19=0xfffffad5
     159025.000 ns	     15901	800036b0	090c17d3	fsub.s	f15,f24,f16	 f24:0x00000000 f16:0x3f3503da f15=0xbf3503da
     159045.000 ns	     15903	800036b4	01732eb3	slt	x29,x6,x23	  x6:0x00000000 x23:0x00000000 x29=0x00000000
     159065.000 ns	     15905	800036b8	02f518b3	mulh	x17,x10,x15	 x10:0x00000000 x15:0x00000000 x17=0x00000000
     159085.000 ns	     15907	800036bc	00000013	addi	x0,x0,0	  x0:0x00000000
     159095.000 ns	     15908	800036c0	a8254517	auipc	x10,0xa8254	 x10=0x282576c0
     159105.000 ns	     15909	800036c4	fb55cb13	xori	x22,x11,-75	 x11:0x27326980 x22=0xd8cd9635
     159135.000 ns	     15912	800036c8	110e7353	fmul.s	f6,f28,f16	 f28:0xc3808000 f16:0x3f3503da  f6=0xc335b8de
     159155.000 ns	     15914	800036cc	f1152d13	slti	x26,x10,-239	 x10:0x282576c0 x26=0x00000000
     159165.000 ns	     15915	800036d0	004507b3	add	x15,x10,x4	 x10:0x282576c0  x4:0xffffffff x15=0x282576bf
     159175.000 ns	     15916	800036d4	400e8333	sub	x6,x29,x0	 x29:0x00000000  x0:0x00000000  x6=0x00000000
     159185.000 ns	     15917	800036d8	000f5193	srli	x3,x30,0x0	 x30:0xfffffd7b  x3=0xfffffd7b
     159205.000 ns	     15919	800036dc	a0b2a053	feq.s	x0,f5,f11	  f5:0xce1cc9a6 f11:0x7f800000
     159235.000 ns	     15922	800036e0	0225f7b3	remu	x15,x11,x2	 x11:0x27326980  x2:0x00000000 x15=0x27326980
     159255.000 ns	     15924	800036e4	00000013	addi	x0,x0,0	  x0:0x00000000
     159275.000 ns	     15926	800036e8	215c8f53	fsgnj.s	f30,f25,f21	 f25:0xff800000 f21:0x00040fe4 f30=0x7f800000
     159295.000 ns	     15928	800036ec	0076f033	and	x0,x13,x7	 x13:0xffffffff  x7:0xfffff95c
     159305.000 ns	     15929	800036f0	01915c93	srli	x25,x2,0x19	  x2:0x00000000 x25=0x00000000
     159325.000 ns	     15931	800036f4	e00f1d53	fclass.s	x26,f30	 f30:0x7f800000 x26=0x00000080
     159355.000 ns	     15934	800036f8	f00c8b53	fmv.w.x	f22,x25	 x25:0x00000000 f22=0x00000000
     159385.000 ns	     15937	800036fc	034e3eb3	mulhu	x29,x28,x20	 x28:0x0000011e x20:0x00000000 x29=0x00000000
     159415.000 ns	     15940	80003700	a17b86d3	fle.s	x13,f23,f23	 f23:0x3f800000 f23:0x3f800000 x13=0x00000001
     159445.000 ns	     15943	80003704	032f8fb3	mul	x31,x31,x18	 x31:0xfffff958 x18:0x80040fe4 x31=0xe4f63a60
     159475.000 ns	     15946	80003708	21ea0dd3	fsgnj.s	f27,f20,f30	 f20:0xce1cc9a6 f30:0x7f800000 f27=0x4e1cc9a6
     159495.000 ns	     15948	8000370c	01510ab3	add	x21,x2,x21	  x2:0x00000000 x21:0xffffffff x21=0xffffffff
     159505.000 ns	     15949	80003710	01569133	sll	x2,x13,x21	 x13:0x00000001 x21:0xffffffff  x2=0x80000000
     159525.000 ns	     15951	80003714	d0177dd3	fcvt.s.wu	f27,x14	 x14:0x80041024 f27=0x4f000410
     159545.000 ns	     15953	80003718	403a53b3	sra	x7,x20,x3	 x20:0x00000000  x3:0xfffffd7b  x7=0x00000000
     159555.000 ns	     15954	8000371c	78432d93	slti	x27,x6,1924	  x6:0x00000000 x27=0x00000001
     159575.000 ns	     15956	80003720	03a83133	mulhu	x2,x16,x26	 x16:0x00000002 x26:0x00000080  x2=0x00000000
     159595.000 ns	     15958	80003724	00059bb3	sll	x23,x11,x0	 x11:0x27326980  x0:0x00000000 x23=0x27326980
     159605.000 ns	     15959	80003728	004223b3	slt	x7,x4,x4	  x4:0xffffffff  x4:0xffffffff  x7=0x00000000
     159615.000 ns	     15960	8000372c	8b152e93	slti	x29,x10,-1871	 x10:0x282576c0 x29=0x00000000
     159625.000 ns	     15961	80003730	00a80133	add	x2,x16,x10	 x16:0x00000002 x10:0x282576c0  x2=0x282576c2
     159635.000 ns	     15962	80003734	00214fb3	xor	x31,x2,x2	  x2:0x00000000  x2:0x00000000 x31=0x00000000
     159645.000 ns	     15963	80003738	00000013	addi	x0,x0,0	  x0:0x00000000
     159665.000 ns	     15965	8000373c	c0131bd3	fcvt.wu.s	x23,f6	  f6:0xc335b8de x23=0x000000b5
     159695.000 ns	     15968	80003740	0315a8b3	mulhsu	x17,x11,x17	 x11:0x27326980 x17:0x00000000 x17=0x00000000
     159715.000 ns	     15970	80003744	57ffbe93	sltiu	x29,x31,1407	 x31:0x00000000 x29=0x00000001
     159725.000 ns	     15971	80003748	00844db3	xor	x27,x8,x8	  x8:0x80041026  x8:0x80041026 x27=0x00000000
     159735.000 ns	     15972	8000374c	01985633	srl	x12,x16,x25	 x16:0x00000002 x25:0x00000000 x12=0x00000002
     159755.000 ns	     15974	80003750	204e01d3	fsgnj.s	f3,f28,f4	 f28:0xc3808000  f4:0xbf800000  f3=0xc3808000
     159775.000 ns	     15976	80003754	25e46413	ori	x8,x8,606	  x8:0x80041026  x8=0x8004127e
     159785.000 ns	     15977	80003758	a0512a93	slti	x21,x2,-1531	  x2:0x282576c2 x21=0x00000000
     159795.000 ns	     15978	8000375c	01794db3	xor	x27,x18,x23	 x18:0x80040fe4 x23:0x000000b5 x27=0x80040f51
     159805.000 ns	     15979	80003760	013d08b3	add	x17,x26,x19	 x26:0x00000080 x19:0xfffffad5 x17=0xfffffb55
     159825.000 ns	     15981	80003764	0287b533	mulhu	x10,x15,x8	 x15:0x27326980  x8:0x8004127e x10=0x1399d45e
     159855.000 ns	     15984	80003768	200d9ad3	fsgnjn.s	f21,f27,f0	 f27:0x4f000410  f0:0x00000000 f21=0xcf000410
     159875.000 ns	     15986	8000376c	7f44f293	andi	x5,x9,2036	  x9:0x00000040  x5=0x00000040
     159885.000 ns	     15987	80003770	0137ce33	xor	x28,x15,x19	 x15:0x27326980 x19:0xfffffad5 x28=0xd8cd9355
     159895.000 ns	     15988	80003774	00dfd1b3	srl	x3,x31,x13	 x31:0x00000000 x13:0x00000001  x3=0x00000000
     159905.000 ns	     15989	80003778	40755333	sra	x6,x10,x7	 x10:0x1399d45e  x7:0x00000000  x6=0x1399d45e
     159925.000 ns	     15991	8000377c	21722453	fsgnjx.s	f8,f4,f23	  f4:0xbf800000 f23:0x3f800000  f8=0xbf800000
     159945.000 ns	     15993	80003780	7b3df193	andi	x3,x27,1971	 x27:0x80040f51  x3=0x00000711
     159955.000 ns	     15994	80003784	fb5e0f93	addi	x31,x28,-75	 x28:0xd8cd9355 x31=0xd8cd930a
     159975.000 ns	     15996	80003788	02fb3b33	mulhu	x22,x22,x15	 x22:0xd8cd9635 x15:0x27326980 x22=0x21320362
     160005.000 ns	     15999	8000378c	02209633	mulh	x12,x1,x2	  x1:0x00000000  x2:0x282576c2 x12=0x00000000
     160035.000 ns	     16002	80003790	02ec8e33	mul	x28,x25,x14	 x25:0x00000000 x14:0x80041024 x28=0x00000000
     160065.000 ns	     16005	80003794	a0139fd3	flt.s	x31,f7,f1	  f7:0x7fc00000  f1:0x7f800000 x31=0x00000000
     160085.000 ns	     16007	80003798	8e1a78b7	lui	x17,0x8e1a7	 x17=0x8e1a7000
     160105.000 ns	     16009	8000379c	034965b3	rem	x11,x18,x20	 x18:0x80040fe4 x20:0x00000000 x11=0x80040fe4
     160125.000 ns	     16011	800037a0	00d61eb3	sll	x29,x12,x13	 x12:0x00000000 x13:0x00000001 x29=0x00000000
     160145.000 ns	     16013	800037a4	e00817d3	fclass.s	x15,f16	 f16:0x3f3503da x15=0x00000040
     160165.000 ns	     16015	800037a8	fb2d8497	auipc	x9,0xfb2d8	  x9=0x7b2db7a8
     160175.000 ns	     16016	800037ac	38dcae13	slti	x28,x25,909	 x25:0x00000000 x28=0x00000001
     160185.000 ns	     16017	800037b0	0016d033	srl	x0,x13,x1	 x13:0x00000001  x1:0x00000000
     160205.000 ns	     16019	800037b4	a03a13d3	flt.s	x7,f20,f3	 f20:0xce1cc9a6  f3:0xc3808000  x7=0x00000001
     160235.000 ns	     16022	800037b8	c01a2c53	fcvt.wu.s	x24,f20	 f20:0xce1cc9a6 x24=0x27326980
     160255.000 ns	     16024	800037bc	01b4aab3	slt	x21,x9,x27	  x9:0x7b2db7a8 x27:0x80040f51 x21=0x00000000
     160275.000 ns	     16026	800037c0	02cf50b3	divu	x1,x30,x12	 x30:0xfffffd7b x12:0x00000000  x1=0xffffffff
     160295.000 ns	     16028	800037c4	1509e793	ori	x15,x19,336	 x19:0xfffffad5 x15=0xfffffbd5
     160305.000 ns	     16029	800037c8	01a15eb3	srl	x29,x2,x26	  x2:0x282576c2 x26:0x00000080 x29=0x282576c2
     160325.000 ns	     16031	800037cc	a1988153	fle.s	x2,f17,f25	 f17:0x00000000 f25:0xff800000  x2=0x00000000
     160355.000 ns	     16034	800037d0	20bc9953	fsgnjn.s	f18,f25,f11	 f25:0xff800000 f11:0x7f800000 f18=0xff800000
     160385.000 ns	     16037	800037d4	28b490d3	fmax.s	f1,f9,f11	  f9:0x3f3503da f11:0x7f800000  f1=0x7f800000
     160405.000 ns	     16039	800037d8	77ecbb13	sltiu	x22,x25,1918	 x25:0x00000000 x22=0x00000001
     160415.000 ns	     16040	800037dc	90acfe93	andi	x29,x25,-1782	 x25:0x00000000 x29=0x00000000
     160775.000 ns	     16076	800037e0	02f4cb33	div	x22,x9,x15	  x9:0x7b2db7a8 x15:0xfffffbd5 x22=0xffe27246
     160805.000 ns	     16079	800037e4	e00d85d3	fmv.x.w	x11,f27	 f27:0x4f000410 x11=0x4f000410
     160825.000 ns	     16081	800037e8	41588b33	sub	x22,x17,x21	 x17:0x8e1a7000 x21:0x00000000 x22=0x8e1a7000
     160845.000 ns	     16083	800037ec	03f7cc33	div	x24,x15,x31	 x15:0xfffffbd5 x31:0x00000000 x24=0xffffffff
     160875.000 ns	     16086	800037f0	a0e22a53	feq.s	x20,f4,f14	  f4:0xbf800000 f14:0x7fc00000 x20=0x00000000
     160905.000 ns	     16089	800037f4	03d3a233	mulhsu	x4,x7,x29	  x7:0x00000001 x29:0x00000000  x4=0x00000000
     160935.000 ns	     16092	800037f8	039b66b3	rem	x13,x22,x25	 x22:0x8e1a7000 x25:0x00000000 x13=0x8e1a7000
     160975.000 ns	     16096	800037fc	11e71253	fmul.s	f4,f14,f30	 f14:0x7fc00000 f30:0x7f800000  f4=0x7fc00000
     160995.000 ns	     16098	80003800	c0020693	addi	x13,x4,-1024	  x4:0x00000000 x13=0xfffffc00
     161005.000 ns	     16099	80003804	41ff03b3	sub	x7,x30,x31	 x30:0xfffffd7b x31:0x00000000  x7=0xfffffd7b
     161035.000 ns	     16102	80003808	104e2ad3	fmul.s	f21,f28,f4	 f28:0xc3808000  f4:0x7fc00000 f21=0x7fc00000
     161055.000 ns	     16104	8000380c	00705f93	srli	x31,x0,0x7	  x0:0x00000000 x31=0x00000000
     161065.000 ns	     16105	80003810	000e0d33	add	x26,x28,x0	 x28:0x00000001  x0:0x00000000 x26=0x00000001
     161085.000 ns	     16107	80003814	c0027053	fcvt.w.s	x0,f4	  f4:0x7fc00000
     161105.000 ns	     16109	80003818	00000013	addi	x0,x0,0	  x0:0x00000000
     161125.000 ns	     16111	8000381c	a07bad53	feq.s	x26,f23,f7	 f23:0x3f800000  f7:0x7fc00000 x26=0x00000000
     161155.000 ns	     16114	80003820	a02c89d3	fle.s	x19,f25,f2	 f25:0xff800000  f2:0xff800000 x19=0x00000001
     161185.000 ns	     16117	80003824	21d20bd3	fsgnj.s	f23,f4,f29	  f4:0x7fc00000 f29:0x00000000 f23=0x7fc00000
     161205.000 ns	     16119	80003828	01fd5333	srl	x6,x26,x31	 x26:0x00000000 x31:0x00000000  x6=0x00000000
     161215.000 ns	     16120	8000382c	008974b3	and	x9,x18,x8	 x18:0x80040fe4  x8:0x8004127e  x9=0x80040264
     161235.000 ns	     16122	80003830	033410b3	mulh	x1,x8,x19	  x8:0x8004127e x19:0x00000001  x1=0xffffffff
     161265.000 ns	     16125	80003834	03946b33	rem	x22,x8,x25	  x8:0x8004127e x25:0x00000000 x22=0x8004127e
     161295.000 ns	     16128	80003838	294687d3	fmin.s	f15,f13,f20	 f13:0x3f3503da f20:0xce1cc9a6 f15=0xce1cc9a6
     161325.000 ns	     16131	8000383c	a1c6a6d3	feq.s	x13,f13,f28	 f13:0x3f3503da f28:0xc3808000 x13=0x00000000
     161345.000 ns	     16133	80003840	00ce74b3	and	x9,x28,x12	 x28:0x00000001 x12:0x00000000  x9=0x00000000
     161355.000 ns	     16134	80003844	011f6233	or	x4,x30,x17	 x30:0xfffffd7b x17:0x8e1a7000  x4=0xfffffd7b
     161365.000 ns	     16135	80003848	00000013	addi	x0,x0,0	  x0:0x00000000
     161385.000 ns	     16137	8000384c	02d1c333	div	x6,x3,x13	  x3:0x00000711 x13:0x00000000  x6=0xffffffff
     161755.000 ns	     16174	80003850	0230f2b3	remu	x5,x1,x3	  x1:0xffffffff  x3:0x00000711  x5=0x000005e2
     161775.000 ns	     16176	80003854	98e77c37	lui	x24,0x98e77	 x24=0x98e77000
     161795.000 ns	     16178	80003858	296891d3	fmax.s	f3,f17,f22	 f17:0x00000000 f22:0x00000000  f3=0x00000000
     161815.000 ns	     16180	8000385c	01e8ac33	slt	x24,x17,x30	 x17:0x8e1a7000 x30:0xfffffd7b x24=0x00000001
     161825.000 ns	     16181	80003860	01fb2133	slt	x2,x22,x31	 x22:0x8004127e x31:0x00000000  x2=0x00000001
     161835.000 ns	     16182	80003864	9f633f17	auipc	x30,0x9f633	 x30=0x1f636864
     161855.000 ns	     16184	80003868	03ef34b3	mulhu	x9,x30,x30	 x30:0xfffffd7b x30:0xfffffd7b  x9=0x03d939e2
     161885.000 ns	     16187	8000386c	d01773d3	fcvt.s.wu	f7,x14	 x14:0x80041024  f7=0x4f000410
     161905.000 ns	     16189	80003870	986f6f93	ori	x31,x30,-1658	 x30:0x1f636864 x31=0xfffff9e6
     161925.000 ns	     16191	80003874	f00f0453	fmv.w.x	f8,x30	 x30:0x1f636864  f8=0x1f636864
     161955.000 ns	     16194	80003878	03a10a33	mul	x20,x2,x26	  x2:0x00000001 x26:0x00000000 x20=0x00000000
     161975.000 ns	     16196	8000387c	5ced5f37	lui	x30,0x5ced5	 x30=0x5ced5000
     161985.000 ns	     16197	80003880	01f74fb3	xor	x31,x14,x31	 x14:0x80041024 x31:0xfffff9e6 x31=0x7ffbe9c2
     162005.000 ns	     16199	80003884	035cf1b3	remu	x3,x25,x21	 x25:0x00000000 x21:0x00000000  x3=0x00000000
     162045.000 ns	     16203	80003888	11761e53	fmul.s	f28,f12,f23	 f12:0x44000000 f23:0x7fc00000 f28=0x7fc00000
     162065.000 ns	     16205	8000388c	009cfbb3	and	x23,x25,x9	 x25:0x00000000  x9:0x03d939e2 x23=0x00000000
     162085.000 ns	     16207	80003890	212a8753	fsgnj.s	f14,f21,f18	 f21:0x7fc00000 f18:0xff800000 f14=0xffc00000
     162135.000 ns	     16212	80003894	013401d3	fadd.s	f3,f8,f19	  f8:0x1f636864 f19:0x4f000411  f3=0x4f000411
     162165.000 ns	     16215	80003898	e0050dd3	fmv.x.w	x27,f10	 f10:0x3f3503da x27=0x3f3503da
     162185.000 ns	     16217	8000389c	000e5233	srl	x4,x28,x0	 x28:0x00000001  x0:0x00000000  x4=0x00000001
     162205.000 ns	     16219	800038a0	29ed06d3	fmin.s	f13,f26,f30	 f26:0x3f800000 f30:0x7f800000 f13=0x3f800000
     162235.000 ns	     16222	800038a4	21cf0153	fsgnj.s	f2,f30,f28	 f30:0x7f800000 f28:0x7fc00000  f2=0x7f800000
     162255.000 ns	     16224	800038a8	00123233	sltu	x4,x4,x1	  x4:0x00000001  x1:0xffffffff  x4=0x00000001
     162275.000 ns	     16226	800038ac	03db23b3	mulhsu	x7,x22,x29	 x22:0x8004127e x29:0x00000000  x7=0x00000000
     162295.000 ns	     16228	800038b0	ecdc3893	sltiu	x17,x24,-307	 x24:0x00000001 x17=0x00000001
     162315.000 ns	     16230	800038b4	a00902d3	fle.s	x5,f18,f0	 f18:0xff800000  f0:0x00000000  x5=0x00000001
     162345.000 ns	     16233	800038b8	02e88533	mul	x10,x17,x14	 x17:0x8e1a7000 x14:0x80041024 x10=0x80041024
     162365.000 ns	     16235	800038bc	4f828e97	auipc	x29,0x4f828	 x29=0xcf82b8bc
     162375.000 ns	     16236	800038c0	1908c497	auipc	x9,0x1908c	  x9=0x9908f8c0
     162385.000 ns	     16237	800038c4	41eb0a33	sub	x20,x22,x30	 x22:0x8004127e x30:0x5ced5000 x20=0x2316c27e
     162405.000 ns	     16239	800038c8	0356e5b3	rem	x11,x13,x21	 x13:0x00000000 x21:0x00000000 x11=0x00000000
     162435.000 ns	     16242	800038cc	f00a8753	fmv.w.x	f14,x21	 x21:0x00000000 f14=0x00000000
     162455.000 ns	     16244	800038d0	00339893	slli	x17,x7,0x3	  x7:0x00000000 x17=0x00000000
     162495.000 ns	     16248	800038d4	00343253	fadd.s	f4,f8,f3	  f8:0x1f636864  f3:0x4f000411  f4=0x4f000411
     162515.000 ns	     16250	800038d8	01931533	sll	x10,x6,x25	  x6:0xffffffff x25:0x00000000 x10=0xffffffff
     162535.000 ns	     16252	800038dc	e00607d3	fmv.x.w	x15,f12	 f12:0x44000000 x15=0x44000000
     162565.000 ns	     16255	800038e0	216d1dd3	fsgnjn.s	f27,f26,f22	 f26:0x3f800000 f22:0x00000000 f27=0xbf800000
     162595.000 ns	     16258	800038e4	d00880d3	fcvt.s.w	f1,x17	 x17:0x00000000  f1=0x00000000
     162615.000 ns	     16260	800038e8	001c5433	srl	x8,x24,x1	 x24:0x00000001  x1:0xffffffff  x8=0x00000000
     162625.000 ns	     16261	800038ec	00e81f13	slli	x30,x16,0xe	 x16:0x00000002 x30=0x00008000
     162635.000 ns	     16262	800038f0	4062d533	sra	x10,x5,x6	  x5:0x00000001  x6:0xffffffff x10=0x00000000
     162655.000 ns	     16264	800038f4	2183a553	fsgnjx.s	f10,f7,f24	  f7:0x4f000410 f24:0x00000000 f10=0x4f000410
     162685.000 ns	     16267	800038f8	a0ec9fd3	flt.s	x31,f25,f14	 f25:0xff800000 f14:0x00000000 x31=0x00000001
     162715.000 ns	     16270	800038fc	030a13b3	mulh	x7,x20,x16	 x20:0x2316c27e x16:0x00000002  x7=0x00000000
     162745.000 ns	     16273	80003900	a17e98d3	flt.s	x17,f29,f23	 f29:0x00000000 f23:0x7fc00000 x17=0x00000000
     162775.000 ns	     16276	80003904	21d38bd3	fsgnj.s	f23,f7,f29	  f7:0x4f000410 f29:0x00000000 f23=0x4f000410
     162795.000 ns	     16278	80003908	4195db13	srai	x22,x11,0x19	 x11:0x00000000 x22=0x00000000
     162835.000 ns	     16282	8000390c	09daf353	fsub.s	f6,f21,f29	 f21:0x7fc00000 f29:0x00000000  f6=0x7fc00000
     162865.000 ns	     16285	80003910	033f33b3	mulhu	x7,x30,x19	 x30:0x00008000 x19:0x00000001  x7=0x00000000
     162895.000 ns	     16288	80003914	e00e9353	fclass.s	x6,f29	 f29:0x00000000  x6=0x00000010
     162915.000 ns	     16290	80003918	e53cc013	xori	x0,x25,-429	 x25:0x00000000
     162925.000 ns	     16291	8000391c	00ee6033	or	x0,x28,x14	 x28:0x00000001 x14:0x80041024
     162945.000 ns	     16293	80003920	291084d3	fmin.s	f9,f1,f17	  f1:0x00000000 f17:0x00000000  f9=0x00000000
     162975.000 ns	     16296	80003924	03d50fb3	mul	x31,x10,x29	 x10:0x00000000 x29:0xcf82b8bc x31=0x00000000
     162995.000 ns	     16298	80003928	015df7b3	and	x15,x27,x21	 x27:0x3f3503da x21:0x00000000 x15=0x00000000
     163355.000 ns	     16334	8000392c	033c7d33	remu	x26,x24,x19	 x24:0x00000001 x19:0x00000001 x26=0x00000000
     163385.000 ns	     16337	80003930	20459ad3	fsgnjn.s	f21,f11,f4	 f11:0x7f800000  f4:0x4f000411 f21=0xff800000
     163415.000 ns	     16340	80003934	29fb86d3	fmin.s	f13,f23,f31	 f23:0x4f000410 f31:0x80040fe4 f13=0x80040fe4
     163445.000 ns	     16343	80003938	e0071e53	fclass.s	x28,f14	 f14:0x00000000 x28=0x00000010
     163475.000 ns	     16346	8000393c	03719f33	mulh	x30,x3,x23	  x3:0x00000000 x23:0x00000000 x30=0x00000000
     163845.000 ns	     16383	80003940	03d055b3	divu	x11,x0,x29	  x0:0x00000000 x29:0xcf82b8bc x11=0x00000000
     163865.000 ns	     16385	80003944	41d70fb3	sub	x31,x14,x29	 x14:0x80041024 x29:0xcf82b8bc x31=0xb0815768
     163885.000 ns	     16387	80003948	f0070253	fmv.w.x	f4,x14	 x14:0x80041024  f4=0x80041024
     163915.000 ns	     16390	8000394c	f0060d53	fmv.w.x	f26,x12	 x12:0x00000000 f26=0x00000000
     163955.000 ns	     16394	80003950	5800a053	fsqrt.s	f0,f1	  f1:0x00000000  f0=0x00000000
     163995.000 ns	     16398	80003954	197078d3	fdiv.s	f17,f0,f23	  f0:0x00000000 f23:0x4f000410 f17=0x00000000
     164015.000 ns	     16400	80003958	00c59e13	slli	x28,x11,0xc	 x11:0x00000000 x28=0x00000000
     164035.000 ns	     16402	8000395c	c000ff53	fcvt.w.s	x30,f1	  f1:0x00000000 x30=0x00000000
     164065.000 ns	     16405	80003960	03501cb3	mulh	x25,x0,x21	  x0:0x00000000 x21:0x00000000 x25=0x00000000
     164435.000 ns	     16442	80003964	034e7bb3	remu	x23,x28,x20	 x28:0x00000000 x20:0x2316c27e x23=0x00000000
     164455.000 ns	     16444	80003968	01619213	slli	x4,x3,0x16	  x3:0x00000000  x4=0x00000000
     164475.000 ns	     16446	8000396c	d017f153	fcvt.s.wu	f2,x15	 x15:0x00000000  f2=0x00000000
     164505.000 ns	     16449	80003970	29aa9b53	fmax.s	f22,f21,f26	 f21:0xff800000 f26:0x00000000 f22=0x00000000
     164525.000 ns	     16451	80003974	00835533	srl	x10,x6,x8	  x6:0x00000010  x8:0x00000000 x10=0x00000010
     164565.000 ns	     16455	80003978	0169b7d3	fadd.s	f15,f19,f22	 f19:0x4f000411 f22:0x00000000 f15=0x4f000411
     164935.000 ns	     16492	8000397c	03be6b33	rem	x22,x28,x27	 x28:0x00000000 x27:0x3f3503da x22=0x00000000
     164965.000 ns	     16495	80003980	02f395b3	mulh	x11,x7,x15	  x7:0x00000000 x15:0x00000000 x11=0x00000000
     164995.000 ns	     16498	80003984	d00993d3	fcvt.s.w	f7,x19	 x19:0x00000001  f7=0x3f800000
     165035.000 ns	     16502	80003988	10392153	fmul.s	f2,f18,f3	 f18:0xff800000  f3:0x4f000411  f2=0xff800000
     165055.000 ns	     16504	8000398c	017ceb33	or	x22,x25,x23	 x25:0x00000000 x23:0x00000000 x22=0x00000000
     165095.000 ns	     16508	80003990	09d4a4d3	fsub.s	f9,f9,f29	  f9:0x00000000 f29:0x00000000  f9=0x80000000
     165125.000 ns	     16511	80003994	a106a6d3	feq.s	x13,f13,f16	 f13:0x80040fe4 f16:0x3f3503da x13=0x00000000
     165145.000 ns	     16513	80003998	001f3a33	sltu	x20,x30,x1	 x30:0x00000000  x1:0xffffffff x20=0x00000001
     165165.000 ns	     16515	8000399c	02ae1c33	mulh	x24,x28,x10	 x28:0x00000000 x10:0x00000010 x24=0x00000000
     165215.000 ns	     16520	800039a0	019920d3	fadd.s	f1,f18,f25	 f18:0xff800000 f25:0xff800000  f1=0x80000000
     165245.000 ns	     16523	800039a4	f0060bd3	fmv.w.x	f23,x12	 x12:0x00000000 f23=0x00000000
     165295.000 ns	     16528	800039a8	09c84dd3	fsub.s	f27,f16,f28	 f16:0x3f3503da f28:0x7fc00000 f27=0x7fc00000
     165315.000 ns	     16530	800039ac	6734a337	lui	x6,0x6734a	  x6=0x6734a000
     165335.000 ns	     16532	800039b0	a05f1e53	flt.s	x28,f30,f5	 f30:0x7f800000  f5:0xce1cc9a6 x28=0x00000000
     165365.000 ns	     16535	800039b4	c017f4d3	fcvt.wu.s	x9,f15	 f15:0x4f000411  x9=0x80041100
     165395.000 ns	     16538	800039b8	284203d3	fmin.s	f7,f4,f4	  f4:0x80041024  f4:0x80041024  f7=0x80041024
     165425.000 ns	     16541	800039bc	c004aad3	fcvt.w.s	x21,f9	  f9:0x80000000 x21=0x00000000
     165455.000 ns	     16544	800039c0	03ebe5b3	rem	x11,x23,x30	 x23:0x00000000 x30:0x00000000 x11=0x00000000
     165485.000 ns	     16547	800039c4	a1a80a53	fle.s	x20,f16,f26	 f16:0x3f3503da f26:0x00000000 x20=0x00000000
     165505.000 ns	     16549	800039c8	002297b3	sll	x15,x5,x2	  x5:0x00000001  x2:0x00000001 x15=0x00000002
     165525.000 ns	     16551	800039cc	28ce8c53	fmin.s	f24,f29,f12	 f29:0x00000000 f12:0x44000000 f24=0x00000000
     165545.000 ns	     16553	800039d0	15586493	ori	x9,x16,341	 x16:0x00000002  x9=0x00000157
     165555.000 ns	     16554	800039d4	010cc033	xor	x0,x25,x16	 x25:0x00000000 x16:0x00000002
     165575.000 ns	     16556	800039d8	c0117f53	fcvt.wu.s	x30,f2	  f2:0xff800000 x30=0x00000000
     165625.000 ns	     16561	800039dc	097f8153	fsub.s	f2,f31,f23	 f31:0x80040fe4 f23:0x00000000  f2=0x80040fe4
     165645.000 ns	     16563	800039e0	0022bf33	sltu	x30,x5,x2	  x5:0x00000001  x2:0x00000001 x30=0x00000000
     165665.000 ns	     16565	800039e4	02c6c3b3	div	x7,x13,x12	 x13:0x00000000 x12:0x00000000  x7=0xffffffff
     165685.000 ns	     16567	800039e8	01cc5533	srl	x10,x24,x28	 x24:0x00000000 x28:0x00000000 x10=0x00000000
     165695.000 ns	     16568	800039ec	e28d4293	xori	x5,x26,-472	 x26:0x00000000  x5=0xfffffe28
     165705.000 ns	     16569	800039f0	00a4a2b3	slt	x5,x9,x10	  x9:0x00000157 x10:0x00000010  x5=0x00000000
     165715.000 ns	     16570	800039f4	ffa4b193	sltiu	x3,x9,-6	  x9:0x00000157  x3=0x00000001
     166075.000 ns	     16606	800039f8	026e4f33	div	x30,x28,x6	 x28:0x00000000  x6:0x6734a000 x30=0x00000000
     166105.000 ns	     16609	800039fc	208409d3	fsgnj.s	f19,f8,f8	  f8:0x1f636864  f8:0x1f636864 f19=0x1f636864
     166145.000 ns	     16613	80003a00	11f49ed3	fmul.s	f29,f9,f31	  f9:0x80000000 f31:0x80040fe4 f29=0x00000000
     166165.000 ns	     16615	80003a04	01522db3	slt	x27,x4,x21	  x4:0x00000000 x21:0x00000000 x27=0x00000000
     166185.000 ns	     16617	80003a08	a0a6a9d3	feq.s	x19,f13,f10	 f13:0x80040fe4 f10:0x4f000410 x19=0x00000000
     166205.000 ns	     16619	80003a0c	011be233	or	x4,x23,x17	 x23:0x00000000 x17:0x00000000  x4=0x00000000
     166225.000 ns	     16621	80003a10	20349a53	fsgnjn.s	f20,f9,f3	  f9:0x80000000  f3:0x4f000411 f20=0x80000000
     166245.000 ns	     16623	80003a14	10613a93	sltiu	x21,x2,262	  x2:0x00000001 x21=0x00000001
     166265.000 ns	     16625	80003a18	024481b3	mul	x3,x9,x4	  x9:0x00000157  x4:0x00000000  x3=0x00000000
     166295.000 ns	     16628	80003a1c	c0131bd3	fcvt.wu.s	x23,f6	  f6:0x7fc00000 x23=0xffffffff
     166325.000 ns	     16631	80003a20	03b29a33	mulh	x20,x5,x27	  x5:0x00000000 x27:0x00000000 x20=0x00000000
     166345.000 ns	     16633	80003a24	00000013	addi	x0,x0,0	  x0:0x00000000
     166365.000 ns	     16635	80003a28	d0023253	fcvt.s.w	f4,x4	  x4:0x00000000  f4=0x00000000
     166405.000 ns	     16639	80003a2c	580bf8d3	fsqrt.s	f17,f23	 f23:0x00000000 f17=0x00000000
     166435.000 ns	     16642	80003a30	02052533	mulhsu	x10,x10,x0	 x10:0x00000000  x0:0x00000000 x10=0x00000000
     166465.000 ns	     16645	80003a34	289b1dd3	fmax.s	f27,f22,f9	 f22:0x00000000  f9:0x80000000 f27=0x00000000
     166485.000 ns	     16647	80003a38	01d4b333	sltu	x6,x9,x29	  x9:0x00000157 x29:0xcf82b8bc  x6=0x00000001
     166505.000 ns	     16649	80003a3c	c01e3ed3	fcvt.wu.s	x29,f28	 f28:0x7fc00000 x29=0xffffffff
     166875.000 ns	     16686	80003a40	035ec1b3	div	x3,x29,x21	 x29:0xcf82b8bc x21:0x00000001  x3=0xffffffff
     166905.000 ns	     16689	80003a44	2087a2d3	fsgnjx.s	f5,f15,f8	 f15:0x4f000411  f8:0x1f636864  f5=0x4f000411
     166935.000 ns	     16692	80003a48	a1af20d3	feq.s	x1,f30,f26	 f30:0x7f800000 f26:0x00000000  x1=0x00000000
     166965.000 ns	     16695	80003a4c	212302d3	fsgnj.s	f5,f6,f18	  f6:0x7fc00000 f18:0xff800000  f5=0xffc00000
     166985.000 ns	     16697	80003a50	41c7d433	sra	x8,x15,x28	 x15:0x00000002 x28:0x00000000  x8=0x00000002
     167015.000 ns	     16700	80003a54	19520953	fdiv.s	f18,f4,f21	  f4:0x00000000 f21:0xff800000 f18=0x80000000
     167045.000 ns	     16703	80003a58	e0040353	fmv.x.w	x6,f8	  f8:0x1f636864  x6=0x1f636864
     167415.000 ns	     16740	80003a5c	03f1fdb3	remu	x27,x3,x31	  x3:0xffffffff x31:0xb0815768 x27=0x4f7ea897
     167445.000 ns	     16743	80003a60	20421a53	fsgnjn.s	f20,f4,f4	  f4:0x00000000  f4:0x00000000 f20=0x80000000
     167465.000 ns	     16745	80003a64	00c7feb3	and	x29,x15,x12	 x15:0x00000002 x12:0x00000000 x29=0x00000000
     167475.000 ns	     16746	80003a68	005ca5b3	slt	x11,x25,x5	 x25:0x00000000  x5:0x00000000 x11=0x00000000
     167485.000 ns	     16747	80003a6c	d978bc17	auipc	x24,0xd978b	 x24=0x5978ea6c
     167495.000 ns	     16748	80003a70	003d1db3	sll	x27,x26,x3	 x26:0x00000000  x3:0xffffffff x27=0x00000000
     167515.000 ns	     16750	80003a74	c00671d3	fcvt.w.s	x3,f12	 f12:0x44000000  x3=0x00000200
     167535.000 ns	     16752	80003a78	0c59cc93	xori	x25,x19,197	 x19:0x00000000 x25=0x000000c5
     167545.000 ns	     16753	80003a7c	0030ceb3	xor	x29,x1,x3	  x1:0x00000000  x3:0x00000200 x29=0x00000200
     167565.000 ns	     16755	80003a80	03b1c3b3	div	x7,x3,x27	  x3:0x00000200 x27:0x00000000  x7=0xffffffff
     167585.000 ns	     16757	80003a84	41a35033	sra	x0,x6,x26	  x6:0x1f636864 x26:0x00000000
     167605.000 ns	     16759	80003a88	28cf1c53	fmax.s	f24,f30,f12	 f30:0x7f800000 f12:0x44000000 f24=0x7f800000
     167645.000 ns	     16763	80003a8c	580e74d3	fsqrt.s	f9,f28	 f28:0x7fc00000  f9=0x7fc00000
     167695.000 ns	     16768	80003a90	00702753	fadd.s	f14,f0,f7	  f0:0x00000000  f7:0x80041024 f14=0x80041024
     167715.000 ns	     16770	80003a94	d1532017	auipc	x0,0xd1532	
     167735.000 ns	     16772	80003a98	d0127853	fcvt.s.wu	f16,x4	  x4:0x00000000 f16=0x00000000
     167765.000 ns	     16775	80003a9c	a16396d3	flt.s	x13,f7,f22	  f7:0x80041024 f22:0x00000000 x13=0x00000001
     167795.000 ns	     16778	80003aa0	020d78b3	remu	x17,x26,x0	 x26:0x00000000  x0:0x00000000 x17=0x00000000
     167815.000 ns	     16780	80003aa4	008f1ab3	sll	x21,x30,x8	 x30:0x00000000  x8:0x00000002 x21=0x00000000
     167835.000 ns	     16782	80003aa8	290d0b53	fmin.s	f22,f26,f16	 f26:0x00000000 f16:0x00000000 f22=0x00000000
     167855.000 ns	     16784	80003aac	ea0bf993	andi	x19,x23,-352	 x23:0xffffffff x19=0xfffffea0
     167895.000 ns	     16788	80003ab0	080af5d3	fsub.s	f11,f21,f0	 f21:0xff800000  f0:0x00000000 f11=0xff800000
     167915.000 ns	     16790	80003ab4	002201b3	add	x3,x4,x2	  x4:0x00000000  x2:0x00000001  x3=0x00000001
     167925.000 ns	     16791	80003ab8	011f4633	xor	x12,x30,x17	 x30:0x00000000 x17:0x00000000 x12=0x00000000
     167945.000 ns	     16793	80003abc	210b0253	fsgnj.s	f4,f22,f16	 f22:0x00000000 f16:0x00000000  f4=0x00000000
     167965.000 ns	     16795	80003ac0	00000013	addi	x0,x0,0	  x0:0x00000000
     167975.000 ns	     16796	80003ac4	bd80a793	slti	x15,x1,-1064	  x1:0x00000000 x15=0x00000000
     167995.000 ns	     16798	80003ac8	f00585d3	fmv.w.x	f11,x11	 x11:0x00000000 f11=0x00000000
     168025.000 ns	     16801	80003acc	e0011dd3	fclass.s	x27,f2	  f2:0x80040fe4 x27=0x00000004
     168055.000 ns	     16804	80003ad0	c01b7353	fcvt.wu.s	x6,f22	 f22:0x00000000  x6=0x00000000
     168085.000 ns	     16807	80003ad4	29920853	fmin.s	f16,f4,f25	  f4:0x00000000 f25:0xff800000 f16=0xff800000
     168115.000 ns	     16810	80003ad8	024af9b3	remu	x19,x21,x4	 x21:0x00000000  x4:0x00000000 x19=0x00000000
     168145.000 ns	     16813	80003adc	c0043353	fcvt.w.s	x6,f8	  f8:0x1f636864  x6=0x00000000
     168165.000 ns	     16815	80003ae0	0131a7b3	slt	x15,x3,x19	  x3:0x00000001 x19:0x00000000 x15=0x00000000
     168195.000 ns	     16818	80003ae4	5806fb53	fsqrt.s	f22,f13	 f13:0x80040fe4 f22=0x7fc00000
     168225.000 ns	     16821	80003ae8	2092a053	fsgnjx.s	f0,f5,f9	  f5:0xffc00000  f9:0x7fc00000  f0=0xffc00000
     168245.000 ns	     16823	80003aec	00d021b3	slt	x3,x0,x13	  x0:0x00000000 x13:0x00000001  x3=0x00000001
     168265.000 ns	     16825	80003af0	d005b553	fcvt.s.w	f10,x11	 x11:0x00000000 f10=0x00000000
     168295.000 ns	     16828	80003af4	2184a153	fsgnjx.s	f2,f9,f24	  f9:0x7fc00000 f24:0x7f800000  f2=0x7fc00000
     168315.000 ns	     16830	80003af8	01138eb3	add	x29,x7,x17	  x7:0xffffffff x17:0x00000000 x29=0xffffffff
     168325.000 ns	     16831	80003afc	956f0e13	addi	x28,x30,-1706	 x30:0x00000000 x28=0xfffff956
     168345.000 ns	     16833	80003b00	c00f05d3	fcvt.w.s	x11,f30	 f30:0x7f800000 x11=0x7fffffff
     168365.000 ns	     16835	80003b04	00980133	add	x2,x16,x9	 x16:0x00000002  x9:0x00000157  x2=0x00000159
     168375.000 ns	     16836	80003b08	00661593	slli	x11,x12,0x6	 x12:0x00000000 x11=0x00000000
     168385.000 ns	     16837	80003b0c	40695e33	sra	x28,x18,x6	 x18:0x80040fe4  x6:0x00000000 x28=0x80040fe4
     168425.000 ns	     16841	80003b10	01a24653	fadd.s	f12,f4,f26	  f4:0x00000000 f26:0x00000000 f12=0x00000000
     168455.000 ns	     16844	80003b14	d00173d3	fcvt.s.w	f7,x2	  x2:0x00000159  f7=0x43ac8000
     168475.000 ns	     16846	80003b18	011a5c13	srli	x24,x20,0x11	 x20:0x00000000 x24=0x00000000
     168505.000 ns	     16849	80003b1c	580d4353	fsqrt.s	f6,f26	 f26:0x00000000  f6=0x00000000
     168525.000 ns	     16851	80003b20	406e5593	srai	x11,x28,0x6	 x28:0x80040fe4 x11=0xfe00103f
     168535.000 ns	     16852	80003b24	00000013	addi	x0,x0,0	  x0:0x00000000
     168555.000 ns	     16854	80003b28	c017b3d3	fcvt.wu.s	x7,f15	 f15:0x4f000411  x7=0x80041100
     168585.000 ns	     16857	80003b2c	e00014d3	fclass.s	x9,f0	  f0:0xffc00000  x9=0x00000200
     168605.000 ns	     16859	80003b30	00b01893	slli	x17,x0,0xb	  x0:0x00000000 x17=0x00000000
     168965.000 ns	     16895	80003b34	02227333	remu	x6,x4,x2	  x4:0x00000000  x2:0x00000159  x6=0x00000000
     168985.000 ns	     16897	80003b38	8a5db393	sltiu	x7,x27,-1883	 x27:0x00000004  x7=0x00000001
     169005.000 ns	     16899	80003b3c	f00f86d3	fmv.w.x	f13,x31	 x31:0xb0815768 f13=0xb0815768
     169025.000 ns	     16901	80003b40	414550b3	sra	x1,x10,x20	 x10:0x00000000 x20:0x00000000  x1=0x00000000
     169045.000 ns	     16903	80003b44	022c13b3	mulh	x7,x24,x2	 x24:0x00000000  x2:0x00000159  x7=0x00000000
     169065.000 ns	     16905	80003b48	4126d533	sra	x10,x13,x18	 x13:0x00000001 x18:0x80040fe4 x10=0x00000000
     169075.000 ns	     16906	80003b4c	9a2cf993	andi	x19,x25,-1630	 x25:0x000000c5 x19=0x00000080
     169095.000 ns	     16908	80003b50	033aa033	mulhsu	x0,x21,x19	 x21:0x00000000 x19:0x00000000
     169125.000 ns	     16911	80003b54	025450b3	divu	x1,x8,x5	  x8:0x00000002  x5:0x00000000  x1=0xffffffff
     169155.000 ns	     16914	80003b58	a0fa0253	fle.s	x4,f20,f15	 f20:0x80000000 f15:0x4f000411  x4=0x00000001
     169175.000 ns	     16916	80003b5c	000183b3	add	x7,x3,x0	  x3:0x00000001  x0:0x00000000  x7=0x00000001
     169195.000 ns	     16918	80003b60	21079453	fsgnjn.s	f8,f15,f16	 f15:0x4f000411 f16:0xff800000  f8=0x4f000411
     169565.000 ns	     16955	80003b64	03de57b3	divu	x15,x28,x29	 x28:0x80040fe4 x29:0xffffffff x15=0x00000000
     169615.000 ns	     16960	80003b68	092325d3	fsub.s	f11,f6,f18	  f6:0x00000000 f18:0x80000000 f11=0x00000000
     169635.000 ns	     16962	80003b6c	40c3d113	srai	x2,x7,0xc	  x7:0x00000001  x2=0x00000000
     169655.000 ns	     16964	80003b70	028a8cb3	mul	x25,x21,x8	 x21:0x00000000  x8:0x00000002 x25=0x00000000
     169675.000 ns	     16966	80003b74	ad08b793	sltiu	x15,x17,-1328	 x17:0x00000000 x15=0x00000001
     169685.000 ns	     16967	80003b78	0113c1b3	xor	x3,x7,x17	  x7:0x00000001 x17:0x00000000  x3=0x00000001
     170045.000 ns	     17003	80003b7c	03cb5cb3	divu	x25,x22,x28	 x22:0x00000000 x28:0x80040fe4 x25=0x00000000
     170075.000 ns	     17006	80003b80	290a0453	fmin.s	f8,f20,f16	 f20:0x80000000 f16:0xff800000  f8=0xff800000
     170095.000 ns	     17008	80003b84	b8ba5697	auipc	x13,0xb8ba5	 x13=0x38ba8b84
     170105.000 ns	     17009	80003b88	ff0be513	ori	x10,x23,-16	 x23:0xffffffff x10=0xffffffff
     170125.000 ns	     17011	80003b8c	02ff9433	mulh	x8,x31,x15	 x31:0xb0815768 x15:0x00000001  x8=0xffffffff
     170145.000 ns	     17013	80003b90	00579293	slli	x5,x15,0x5	 x15:0x00000001  x5=0x00000020
     170155.000 ns	     17014	80003b94	d7c4b7b7	lui	x15,0xd7c4b	 x15=0xd7c4b000
     170175.000 ns	     17016	80003b98	a021a1d3	feq.s	x3,f3,f2	  f3:0x4f000411  f2:0x7fc00000  x3=0x00000000
     170205.000 ns	     17019	80003b9c	03e2a4b3	mulhsu	x9,x5,x30	  x5:0x00000020 x30:0x00000000  x9=0x00000000
     170225.000 ns	     17021	80003ba0	40e70e33	sub	x28,x14,x14	 x14:0x80041024 x14:0x80041024 x28=0x00000000
     170235.000 ns	     17022	80003ba4	612e78b7	lui	x17,0x612e7	 x17=0x612e7000
     170265.000 ns	     17025	80003ba8	58054953	fsqrt.s	f18,f10	 f10:0x00000000 f18=0x00000000
     170295.000 ns	     17028	80003bac	c0028553	fcvt.w.s	x10,f5	  f5:0xffc00000 x10=0x7fffffff
     170335.000 ns	     17032	80003bb0	104b2cd3	fmul.s	f25,f22,f4	 f22:0x7fc00000  f4:0x00000000 f25=0x7fc00000
     170355.000 ns	     17034	80003bb4	01b05c93	srli	x25,x0,0x1b	  x0:0x00000000 x25=0x00000000
     170395.000 ns	     17038	80003bb8	08f3a0d3	fsub.s	f1,f7,f15	  f7:0x43ac8000 f15:0x4f000411  f1=0xcf000410
     170435.000 ns	     17042	80003bbc	580f78d3	fsqrt.s	f17,f30	 f30:0x7f800000 f17=0x7f800000
     170475.000 ns	     17046	80003bc0	11318dd3	fmul.s	f27,f3,f19	  f3:0x4f000411 f19:0x1f636864 f27=0x2ee36f9e
     170495.000 ns	     17048	80003bc4	00fe4fb3	xor	x31,x28,x15	 x28:0x00000000 x15:0xd7c4b000 x31=0xd7c4b000
     170505.000 ns	     17049	80003bc8	9abbe413	ori	x8,x23,-1621	 x23:0xffffffff  x8=0xffffffff
     170515.000 ns	     17050	80003bcc	00000013	addi	x0,x0,0	  x0:0x00000000
     170525.000 ns	     17051	80003bd0	3a6bfb13	andi	x22,x23,934	 x23:0xffffffff x22=0x000003a6
     170565.000 ns	     17055	80003bd4	01b68bd3	fadd.s	f23,f13,f27	 f13:0xb0815768 f27:0x2ee36f9e f23=0xb06640dc
     170595.000 ns	     17058	80003bd8	a11c2d53	feq.s	x26,f24,f17	 f24:0x7f800000 f17:0x7f800000 x26=0x00000001
     170615.000 ns	     17060	80003bdc	01f90033	add	x0,x18,x31	 x18:0x80040fe4 x31:0xd7c4b000
     170625.000 ns	     17061	80003be0	00000013	addi	x0,x0,0	  x0:0x00000000
     170635.000 ns	     17062	80003be4	d23e7213	andi	x4,x28,-733	 x28:0x00000000  x4=0x00000000
     170665.000 ns	     17065	80003be8	58050e53	fsqrt.s	f28,f10	 f10:0x00000000 f28=0x00000000
     170695.000 ns	     17068	80003bec	a1442ed3	feq.s	x29,f8,f20	  f8:0xff800000 f20:0x80000000 x29=0x00000000
     170715.000 ns	     17070	80003bf0	0168ae33	slt	x28,x17,x22	 x17:0x612e7000 x22:0x000003a6 x28=0x00000000
     170725.000 ns	     17071	80003bf4	01c88333	add	x6,x17,x28	 x17:0x612e7000 x28:0x00000000  x6=0x612e7000
     170745.000 ns	     17073	80003bf8	a062a4d3	feq.s	x9,f5,f6	  f5:0xffc00000  f6:0x00000000  x9=0x00000000
     170775.000 ns	     17076	80003bfc	e00014d3	fclass.s	x9,f0	  f0:0xffc00000  x9=0x00000200
     170795.000 ns	     17078	80003c00	016d6ab3	or	x21,x26,x22	 x26:0x00000001 x22:0x000003a6 x21=0x000003a7
     170805.000 ns	     17079	80003c04	01f9dbb3	srl	x23,x19,x31	 x19:0x00000080 x31:0xd7c4b000 x23=0x00000080
     170825.000 ns	     17081	80003c08	21e99453	fsgnjn.s	f8,f19,f30	 f19:0x1f636864 f30:0x7f800000  f8=0x9f636864
     170855.000 ns	     17084	80003c0c	a1b32353	feq.s	x6,f6,f27	  f6:0x00000000 f27:0x2ee36f9e  x6=0x00000000
     170875.000 ns	     17086	80003c10	01c1df33	srl	x30,x3,x28	  x3:0x00000000 x28:0x00000000 x30=0x00000000
     170885.000 ns	     17087	80003c14	00225db3	srl	x27,x4,x2	  x4:0x00000000  x2:0x00000000 x27=0x00000000
     170905.000 ns	     17089	80003c18	21d2a853	fsgnjx.s	f16,f5,f29	  f5:0xffc00000 f29:0x00000000 f16=0xffc00000
     170935.000 ns	     17092	80003c1c	022ebcb3	mulhu	x25,x29,x2	 x29:0x00000000  x2:0x00000000 x25=0x00000000
     170955.000 ns	     17094	80003c20	007fd6b3	srl	x13,x31,x7	 x31:0xd7c4b000  x7:0x00000001 x13=0x6be25800
     170965.000 ns	     17095	80003c24	4183df13	srai	x30,x7,0x18	  x7:0x00000001 x30=0x00000000
     170985.000 ns	     17097	80003c28	e00d09d3	fmv.x.w	x19,f26	 f26:0x00000000 x19=0x00000000
     171015.000 ns	     17100	80003c2c	a09ba253	feq.s	x4,f23,f9	 f23:0xb06640dc  f9:0x7fc00000  x4=0x00000000
     171035.000 ns	     17102	80003c30	00995093	srli	x1,x18,0x9	 x18:0x80040fe4  x1=0x00400207
     171075.000 ns	     17106	80003c34	009d7453	fadd.s	f8,f26,f9	 f26:0x00000000  f9:0x7fc00000  f8=0x7fc00000
     171095.000 ns	     17108	80003c38	41d2de13	srai	x28,x5,0x1d	  x5:0x00000020 x28=0x00000000
     171105.000 ns	     17109	80003c3c	4e504f93	xori	x31,x0,1253	  x0:0x00000000 x31=0x000004e5
     171115.000 ns	     17110	80003c40	00701593	slli	x11,x0,0x7	  x0:0x00000000 x11=0x00000000
     171135.000 ns	     17112	80003c44	d00a7153	fcvt.s.w	f2,x20	 x20:0x00000000  f2=0x00000000
     171185.000 ns	     17117	80003c48	00a004d3	fadd.s	f9,f0,f10	  f0:0xffc00000 f10:0x00000000  f9=0x7fc00000
     171205.000 ns	     17119	80003c4c	00154f33	xor	x30,x10,x1	 x10:0x7fffffff  x1:0x00400207 x30=0x7fbffdf8
     171225.000 ns	     17121	80003c50	202caed3	fsgnjx.s	f29,f25,f2	 f25:0x7fc00000  f2:0x00000000 f29=0x7fc00000
     171275.000 ns	     17126	80003c54	01678053	fadd.s	f0,f15,f22	 f15:0x4f000411 f22:0x7fc00000  f0=0x7fc00000
     171305.000 ns	     17129	80003c58	a06e0c53	fle.s	x24,f28,f6	 f28:0x00000000  f6:0x00000000 x24=0x00000001
     171335.000 ns	     17132	80003c5c	a1c015d3	flt.s	x11,f0,f28	  f0:0x7fc00000 f28:0x00000000 x11=0x00000000
     171355.000 ns	     17134	80003c60	c04fb013	sltiu	x0,x31,-1020	 x31:0x000004e5
     171385.000 ns	     17137	80003c64	198579d3	fdiv.s	f19,f10,f24	 f10:0x00000000 f24:0x7f800000 f19=0x00000000
     171755.000 ns	     17174	80003c68	021d7d33	remu	x26,x26,x1	 x26:0x00000001  x1:0x00400207 x26=0x00000001
     171775.000 ns	     17176	80003c6c	00000013	addi	x0,x0,0	  x0:0x00000000
     171785.000 ns	     17177	80003c70	55be58b7	lui	x17,0x55be5	 x17=0x55be5000
     171825.000 ns	     17181	80003c74	098e72d3	fsub.s	f5,f28,f24	 f28:0x00000000 f24:0x7f800000  f5=0xff800000
     171845.000 ns	     17183	80003c78	0a8b1117	auipc	x2,0xa8b1	  x2=0x8a8b4c78
     171875.000 ns	     17186	80003c7c	5806f3d3	fsqrt.s	f7,f13	 f13:0xb0815768  f7=0x7fc00000
     171895.000 ns	     17188	80003c80	40775633	sra	x12,x14,x7	 x14:0x80041024  x7:0x00000001 x12=0xc0020812
     171905.000 ns	     17189	80003c84	01ec1393	slli	x7,x24,0x1e	 x24:0x00000001  x7=0x40000000
     171915.000 ns	     17190	80003c88	07cd0b13	addi	x22,x26,124	 x26:0x00000001 x22=0x0000007d
     171925.000 ns	     17191	80003c8c	0169c1b3	xor	x3,x19,x22	 x19:0x00000000 x22:0x000003a6  x3=0x0000007d
     171945.000 ns	     17193	80003c90	02b4fc33	remu	x24,x9,x11	  x9:0x00000200 x11:0x00000000 x24=0x00000200
     171975.000 ns	     17196	80003c94	a1690a53	fle.s	x20,f18,f22	 f18:0x00000000 f22:0x7fc00000 x20=0x00000000
     172005.000 ns	     17199	80003c98	28d19ad3	fmax.s	f21,f3,f13	  f3:0x4f000411 f13:0xb0815768 f21=0x4f000411
     172035.000 ns	     17202	80003c9c	c00d7bd3	fcvt.w.s	x23,f26	 f26:0x00000000 x23=0x00000000
     172055.000 ns	     17204	80003ca0	01d072b3	and	x5,x0,x29	  x0:0x00000000 x29:0x00000000  x5=0x00000000
     172075.000 ns	     17206	80003ca4	02b0ffb3	remu	x31,x1,x11	  x1:0x00400207 x11:0x00000000 x31=0x00400207
     172105.000 ns	     17209	80003ca8	d00c78d3	fcvt.s.w	f17,x24	 x24:0x00000200 f17=0x44000000
     172125.000 ns	     17211	80003cac	00700db3	add	x27,x0,x7	  x0:0x00000000  x7:0x40000000 x27=0x40000000
     172145.000 ns	     17213	80003cb0	c000fcd3	fcvt.w.s	x25,f1	  f1:0xcf000410 x25=0x80000000
     172175.000 ns	     17216	80003cb4	025b3cb3	mulhu	x25,x22,x5	 x22:0x0000007d  x5:0x00000000 x25=0x00000000
     172205.000 ns	     17219	80003cb8	a1f72653	feq.s	x12,f14,f31	 f14:0x80041024 f31:0x80040fe4 x12=0x00000000
     172245.000 ns	     17223	80003cbc	11407ed3	fmul.s	f29,f0,f20	  f0:0x7fc00000 f20:0x80000000 f29=0x7fc00000
     172295.000 ns	     17228	80003cc0	005f96d3	fadd.s	f13,f31,f5	 f31:0x80040fe4  f5:0xff800000 f13=0xff800000
     172325.000 ns	     17231	80003cc4	0296beb3	mulhu	x29,x13,x9	 x13:0x6be25800  x9:0x00000200 x29=0x000000d7
     172345.000 ns	     17233	80003cc8	00f28633	add	x12,x5,x15	  x5:0x00000000 x15:0xd7c4b000 x12=0xd7c4b000
     172355.000 ns	     17234	80003ccc	000006b3	add	x13,x0,x0	  x0:0x00000000  x0:0x00000000 x13=0x00000000
     172365.000 ns	     17235	80003cd0	01201a33	sll	x20,x0,x18	  x0:0x00000000 x18:0x80040fe4 x20=0x00000000
     172385.000 ns	     17237	80003cd4	21a32b53	fsgnjx.s	f22,f6,f26	  f6:0x00000000 f26:0x00000000 f22=0x00000000
     172415.000 ns	     17240	80003cd8	c0137653	fcvt.wu.s	x12,f6	  f6:0x00000000 x12=0x00000000
     172435.000 ns	     17242	80003cdc	01a99d93	slli	x27,x19,0x1a	 x19:0x00000000 x27=0x00000000
     172445.000 ns	     17243	80003ce0	d0ac2113	slti	x2,x24,-758	 x24:0x00000200  x2=0x00000000
     172455.000 ns	     17244	80003ce4	a95baa93	slti	x21,x23,-1387	 x23:0x00000000 x21=0x00000000
     172465.000 ns	     17245	80003ce8	413484b3	sub	x9,x9,x19	  x9:0x00000200 x19:0x00000000  x9=0x00000200
     172505.000 ns	     17249	80003cec	08f371d3	fsub.s	f3,f6,f15	  f6:0x00000000 f15:0x4f000411  f3=0xcf000411
     172525.000 ns	     17251	80003cf0	79024093	xori	x1,x4,1936	  x4:0x00000000  x1=0x00000790
     172885.000 ns	     17287	80003cf4	03166033	rem	x0,x12,x17	 x12:0x00000000 x17:0x55be5000
     172905.000 ns	     17289	80003cf8	0026a1b3	slt	x3,x13,x2	 x13:0x00000000  x2:0x00000000  x3=0x00000000
     172925.000 ns	     17291	80003cfc	c0144fd3	fcvt.wu.s	x31,f8	  f8:0x7fc00000 x31=0xffffffff
     172945.000 ns	     17293	80003d00	003583b3	add	x7,x11,x3	 x11:0x00000000  x3:0x0000007d  x7=0x00000000
     172965.000 ns	     17295	80003d04	e0050a53	fmv.x.w	x20,f10	 f10:0x00000000 x20=0x00000000
     172995.000 ns	     17298	80003d08	a0e11f53	flt.s	x30,f2,f14	  f2:0x00000000 f14:0x80041024 x30=0x00000000
     173025.000 ns	     17301	80003d0c	e0039bd3	fclass.s	x23,f7	  f7:0x7fc00000 x23=0x00000200
     173055.000 ns	     17304	80003d10	a13d8fd3	fle.s	x31,f27,f19	 f27:0x2ee36f9e f19:0x00000000 x31=0x00000000
     173095.000 ns	     17308	80003d14	1839b253	fdiv.s	f4,f19,f3	 f19:0x00000000  f3:0xcf000411  f4=0x80000000
     173115.000 ns	     17310	80003d18	0067d613	srli	x12,x15,0x6	 x15:0xd7c4b000 x12=0x035f12c0
     173135.000 ns	     17312	80003d1c	027b1633	mulh	x12,x22,x7	 x22:0x0000007d  x7:0x00000000 x12=0x00000000
     173165.000 ns	     17315	80003d20	212909d3	fsgnj.s	f19,f18,f18	 f18:0x00000000 f18:0x00000000 f19=0x00000000
     173185.000 ns	     17317	80003d24	7cce7b13	andi	x22,x28,1996	 x28:0x00000000 x22=0x00000000
     173225.000 ns	     17321	80003d28	086f7cd3	fsub.s	f25,f30,f6	 f30:0x7f800000  f6:0x00000000 f25=0x7f800000
     173275.000 ns	     17326	80003d2c	09697dd3	fsub.s	f27,f18,f22	 f18:0x00000000 f22:0x00000000 f27=0x80000000
     173295.000 ns	     17328	80003d30	01ed2e33	slt	x28,x26,x30	 x26:0x00000001 x30:0x00000000 x28=0x00000000
     173315.000 ns	     17330	80003d34	20341b53	fsgnjn.s	f22,f8,f3	  f8:0x7fc00000  f3:0xcf000411 f22=0x7fc00000
     173355.000 ns	     17334	80003d38	19202a53	fdiv.s	f20,f0,f18	  f0:0x7fc00000 f18:0x00000000 f20=0x7fc00000
     173375.000 ns	     17336	80003d3c	01aa2133	slt	x2,x20,x26	 x20:0x00000000 x26:0x00000001  x2=0x00000001
     173395.000 ns	     17338	80003d40	e00c82d3	fmv.x.w	x5,f25	 f25:0x7f800000  x5=0x7f800000
     173425.000 ns	     17341	80003d44	031cabb3	mulhsu	x23,x25,x17	 x25:0x00000000 x17:0x55be5000 x23=0x00000000
     173445.000 ns	     17343	80003d48	132ae017	auipc	x0,0x132ae	
     173465.000 ns	     17345	80003d4c	20929053	fsgnjn.s	f0,f5,f9	  f5:0xff800000  f9:0x7fc00000  f0=0xff800000
     173495.000 ns	     17348	80003d50	28079653	fmax.s	f12,f15,f0	 f15:0x4f000411  f0:0x7fc00000 f12=0x4f000411
     173515.000 ns	     17350	80003d54	46733a13	sltiu	x20,x6,1127	  x6:0x00000000 x20=0x00000001
     173535.000 ns	     17352	80003d58	d007a1d3	fcvt.s.w	f3,x15	 x15:0xd7c4b000  f3=0xce20ed40
     173555.000 ns	     17354	80003d5c	a58ad997	auipc	x19,0xa58ad	 x19=0x258b0d5c
     173565.000 ns	     17355	80003d60	01731ab3	sll	x21,x6,x23	  x6:0x00000000 x23:0x00000000 x21=0x00000000
     173575.000 ns	     17356	80003d64	01ebd093	srli	x1,x23,0x1e	 x23:0x00000000  x1=0x00000000
     173595.000 ns	     17358	80003d68	c0057fd3	fcvt.w.s	x31,f10	 f10:0x00000000 x31=0x00000000
     173615.000 ns	     17360	80003d6c	00000013	addi	x0,x0,0	  x0:0x00000000
     173625.000 ns	     17361	80003d70	40bb8033	sub	x0,x23,x11	 x23:0x00000000 x11:0x00000000
     173645.000 ns	     17363	80003d74	c01df053	fcvt.wu.s	x0,f27	 f27:0x80000000
     173685.000 ns	     17367	80003d78	10af7cd3	fmul.s	f25,f30,f10	 f30:0x7f800000 f10:0x00000000 f25=0x7fc00000
     173715.000 ns	     17370	80003d7c	03120433	mul	x8,x4,x17	  x4:0x00000000 x17:0x55be5000  x8=0x00000000
     173765.000 ns	     17375	80003d80	08111153	fsub.s	f2,f2,f1	  f2:0x00000000  f1:0xcf000410  f2=0x4f000410
     173795.000 ns	     17378	80003d84	02b49db3	mulh	x27,x9,x11	  x9:0x00000200 x11:0x00000000 x27=0x00000000
     173815.000 ns	     17380	80003d88	01a2ae33	slt	x28,x5,x26	  x5:0x7f800000 x26:0x00000001 x28=0x00000000
     173825.000 ns	     17381	80003d8c	7ea8f393	andi	x7,x17,2026	 x17:0x55be5000  x7=0x00000000
     173845.000 ns	     17383	80003d90	218f8853	fsgnj.s	f16,f31,f24	 f31:0x80040fe4 f24:0x7f800000 f16=0x00040fe4
     173865.000 ns	     17385	80003d94	01dc1e93	slli	x29,x24,0x1d	 x24:0x00000200 x29=0x00000000
     173875.000 ns	     17386	80003d98	0094d613	srli	x12,x9,0x9	  x9:0x00000200 x12=0x00000001
     173895.000 ns	     17388	80003d9c	20cf0ad3	fsgnj.s	f21,f30,f12	 f30:0x7f800000 f12:0x4f000411 f21=0x7f800000
     173915.000 ns	     17390	80003da0	00000013	addi	x0,x0,0	  x0:0x00000000
     173935.000 ns	     17392	80003da4	c0147b53	fcvt.wu.s	x22,f8	  f8:0x7fc00000 x22=0xffffffff
     173965.000 ns	     17395	80003da8	2054a653	fsgnjx.s	f12,f9,f5	  f9:0x7fc00000  f5:0xff800000 f12=0xffc00000
     173995.000 ns	     17398	80003dac	21a802d3	fsgnj.s	f5,f16,f26	 f16:0x00040fe4 f26:0x00000000  f5=0x00040fe4
     174015.000 ns	     17400	80003db0	009cdcb3	srl	x25,x25,x9	 x25:0x00000000  x9:0x00000200 x25=0x00000000
     174035.000 ns	     17402	80003db4	20ae9153	fsgnjn.s	f2,f29,f10	 f29:0x7fc00000 f10:0x00000000  f2=0xffc00000
     174065.000 ns	     17405	80003db8	02aa26b3	mulhsu	x13,x20,x10	 x20:0x00000001 x10:0x7fffffff x13=0x00000000
     174095.000 ns	     17408	80003dbc	03548d33	mul	x26,x9,x21	  x9:0x00000200 x21:0x00000000 x26=0x00000000
     174125.000 ns	     17411	80003dc0	a0fc9b53	flt.s	x22,f25,f15	 f25:0x7fc00000 f15:0x4f000411 x22=0x00000000
     174155.000 ns	     17414	80003dc4	a1af9f53	flt.s	x30,f31,f26	 f31:0x80040fe4 f26:0x00000000 x30=0x00000001
     174185.000 ns	     17417	80003dc8	d01ef1d3	fcvt.s.wu	f3,x29	 x29:0x00000000  f3=0x00000000
     174215.000 ns	     17420	80003dcc	a0549e53	flt.s	x28,f9,f5	  f9:0x7fc00000  f5:0x00040fe4 x28=0x00000000
     174245.000 ns	     17423	80003dd0	2017a453	fsgnjx.s	f8,f15,f1	 f15:0x4f000411  f1:0xcf000410  f8=0xcf000411
     174265.000 ns	     17425	80003dd4	58d5ebb7	lui	x23,0x58d5e	 x23=0x58d5e000
     174275.000 ns	     17426	80003dd8	01ea8b33	add	x22,x21,x30	 x21:0x00000000 x30:0x00000001 x22=0x00000001
     174295.000 ns	     17428	80003ddc	02787433	remu	x8,x16,x7	 x16:0x00000002  x7:0x00000000  x8=0x00000002
     174325.000 ns	     17431	80003de0	f00e8c53	fmv.w.x	f24,x29	 x29:0x00000000 f24=0x00000000
     174355.000 ns	     17434	80003de4	a15601d3	fle.s	x3,f12,f21	 f12:0xffc00000 f21:0x7f800000  x3=0x00000000
     174375.000 ns	     17436	80003de8	01583633	sltu	x12,x16,x21	 x16:0x00000002 x21:0x00000000 x12=0x00000000
     174395.000 ns	     17438	80003dec	a17584d3	fle.s	x9,f11,f23	 f11:0x00000000 f23:0xb06640dc  x9=0x00000000
     174425.000 ns	     17441	80003df0	a0f79dd3	flt.s	x27,f15,f15	 f15:0x4f000411 f15:0x4f000411 x27=0x00000000
     174445.000 ns	     17443	80003df4	0566a593	slti	x11,x13,86	 x13:0x00000000 x11=0x00000001
     174485.000 ns	     17447	80003df8	000df153	fadd.s	f2,f27,f0	 f27:0x80000000  f0:0xff800000  f2=0xff800000
     174535.000 ns	     17452	80003dfc	091a7e53	fsub.s	f28,f20,f17	 f20:0x7fc00000 f17:0x44000000 f28=0x7fc00000
     174555.000 ns	     17454	80003e00	006145b3	xor	x11,x2,x6	  x2:0x00000001  x6:0x00000000 x11=0x00000001
     174915.000 ns	     17490	80003e04	02b445b3	div	x11,x8,x11	  x8:0x00000002 x11:0x00000001 x11=0x00000002
     174935.000 ns	     17492	80003e08	01dbe6b3	or	x13,x23,x29	 x23:0x58d5e000 x29:0x00000000 x13=0x58d5e000
     174945.000 ns	     17493	80003e0c	40a45b13	srai	x22,x8,0xa	  x8:0x00000002 x22=0x00000000
     174955.000 ns	     17494	80003e10	01943cb3	sltu	x25,x8,x25	  x8:0x00000002 x25:0x00000000 x25=0x00000000
     174965.000 ns	     17495	80003e14	cc9e7a13	andi	x20,x28,-823	 x28:0x00000000 x20=0x00000000
     174985.000 ns	     17497	80003e18	20540753	fsgnj.s	f14,f8,f5	  f8:0xcf000411  f5:0x00040fe4 f14=0x4f000411
     175015.000 ns	     17500	80003e1c	c002afd3	fcvt.w.s	x31,f5	  f5:0x00040fe4 x31=0x00000000
     175035.000 ns	     17502	80003e20	003ea233	slt	x4,x29,x3	 x29:0x00000000  x3:0x00000000  x4=0x00000000
     175395.000 ns	     17538	80003e24	02f9f3b3	remu	x7,x19,x15	 x19:0x258b0d5c x15:0xd7c4b000  x7=0x258b0d5c
     175415.000 ns	     17540	80003e28	277ccb37	lui	x22,0x277cc	 x22=0x277cc000
     175425.000 ns	     17541	80003e2c	3c060613	addi	x12,x12,960	 x12:0x00000000 x12=0x000003c0
     175785.000 ns	     17577	80003e30	0304f033	remu	x0,x9,x16	  x9:0x00000000 x16:0x00000002
     176155.000 ns	     17614	80003e34	022273b3	remu	x7,x4,x2	  x4:0x00000000  x2:0x00000001  x7=0x00000000
     176185.000 ns	     17617	80003e38	c00e76d3	fcvt.w.s	x13,f28	 f28:0x7fc00000 x13=0x7fffffff
     176205.000 ns	     17619	80003e3c	0147fe33	and	x28,x15,x20	 x15:0xd7c4b000 x20:0x00000000 x28=0x00000000
     176215.000 ns	     17620	80003e40	2e0a6f93	ori	x31,x20,736	 x20:0x00000000 x31=0x000002e0
     176245.000 ns	     17623	80003e44	10df48d3	fmul.s	f17,f30,f13	 f30:0x7f800000 f13:0xff800000 f17=0xff800000
     176265.000 ns	     17625	80003e48	1c703397	auipc	x7,0x1c703	  x7=0x9c706e48
     176275.000 ns	     17626	80003e4c	00a0ad33	slt	x26,x1,x10	  x1:0x00000000 x10:0x7fffffff x26=0x00000001
     176315.000 ns	     17630	80003e50	0164fcd3	fadd.s	f25,f9,f22	  f9:0x7fc00000 f22:0x7fc00000 f25=0x7fc00000
     176335.000 ns	     17632	80003e54	00ce8fb3	add	x31,x29,x12	 x29:0x00000000 x12:0x000003c0 x31=0x000003c0
     176345.000 ns	     17633	80003e58	01989193	slli	x3,x17,0x19	 x17:0x55be5000  x3=0x00000000
     176375.000 ns	     17636	80003e5c	1922f9d3	fdiv.s	f19,f5,f18	  f5:0x00040fe4 f18:0x00000000 f19=0x7f800000
     176405.000 ns	     17639	80003e60	c019b053	fcvt.wu.s	x0,f19	 f19:0x00000000
     176425.000 ns	     17641	80003e64	01869113	slli	x2,x13,0x18	 x13:0x7fffffff  x2=0xff000000
     176435.000 ns	     17642	80003e68	01723233	sltu	x4,x4,x23	  x4:0x00000000 x23:0x58d5e000  x4=0x00000001
     176445.000 ns	     17643	80003e6c	2b3f7b93	andi	x23,x30,691	 x30:0x00000001 x23=0x00000001
     176465.000 ns	     17645	80003e70	a1bc96d3	flt.s	x13,f25,f27	 f25:0x7fc00000 f27:0x80000000 x13=0x00000000
     176495.000 ns	     17648	80003e74	026ba633	mulhsu	x12,x23,x6	 x23:0x58d5e000  x6:0x00000000 x12=0x00000000
     176515.000 ns	     17650	80003e78	747f6113	ori	x2,x30,1863	 x30:0x00000001  x2=0x00000747
     176535.000 ns	     17652	80003e7c	a1cb9fd3	flt.s	x31,f23,f28	 f23:0xb06640dc f28:0x7fc00000 x31=0x00000000
     176555.000 ns	     17654	80003e80	40b1d493	srai	x9,x3,0xb	  x3:0x00000000  x9=0x00000000
     176595.000 ns	     17658	80003e84	088cf7d3	fsub.s	f15,f25,f8	 f25:0x7fc00000  f8:0xcf000411 f15=0x7fc00000
     176965.000 ns	     17695	80003e88	02a36cb3	rem	x25,x6,x10	  x6:0x00000000 x10:0x7fffffff x25=0x00000000
     176985.000 ns	     17697	80003e8c	916a4793	xori	x15,x20,-1770	 x20:0x00000000 x15=0xfffff916
     177025.000 ns	     17701	80003e90	08ba7853	fsub.s	f16,f20,f11	 f20:0x7fc00000 f11:0x00000000 f16=0x7fc00000
     177045.000 ns	     17703	80003e94	51497793	andi	x15,x18,1300	 x18:0x80040fe4 x15=0x00000504
     177065.000 ns	     17705	80003e98	29a29b53	fmax.s	f22,f5,f26	  f5:0x00040fe4 f26:0x00000000 f22=0x00040fe4
     177095.000 ns	     17708	80003e9c	d015bb53	fcvt.s.wu	f22,x11	 x11:0x00000002 f22=0x40000000
     177115.000 ns	     17710	80003ea0	00ed1f33	sll	x30,x26,x14	 x26:0x00000001 x14:0x80041024 x30=0x00000010
     177135.000 ns	     17712	80003ea4	0208e233	rem	x4,x17,x0	 x17:0x55be5000  x0:0x00000000  x4=0x55be5000
     177165.000 ns	     17715	80003ea8	03dfd4b3	divu	x9,x31,x29	 x31:0x00000000 x29:0x00000000  x9=0xffffffff
     177185.000 ns	     17717	80003eac	013b9133	sll	x2,x23,x19	 x23:0x00000001 x19:0x258b0d5c  x2=0x10000000
     177195.000 ns	     17718	80003eb0	41465793	srai	x15,x12,0x14	 x12:0x00000000 x15=0x00000000
     177215.000 ns	     17720	80003eb4	023f8bb3	mul	x23,x31,x3	 x31:0x00000000  x3:0x00000000 x23=0x00000000
     177235.000 ns	     17722	80003eb8	efc96e37	lui	x28,0xefc96	 x28=0xefc96000
     177245.000 ns	     17723	80003ebc	dfd8ee13	ori	x28,x17,-515	 x17:0x55be5000 x28=0xfffffdfd
     177255.000 ns	     17724	80003ec0	41bfd693	srai	x13,x31,0x1b	 x31:0x00000000 x13=0x00000000
     177275.000 ns	     17726	80003ec4	e00d87d3	fmv.x.w	x15,f27	 f27:0x80000000 x15=0x80000000
     177305.000 ns	     17729	80003ec8	c0148053	fcvt.wu.s	x0,f9	  f9:0x7fc00000
     177325.000 ns	     17731	80003ecc	f52edbb7	lui	x23,0xf52ed	 x23=0xf52ed000
     177345.000 ns	     17733	80003ed0	21f099d3	fsgnjn.s	f19,f1,f31	  f1:0xcf000410 f31:0x80040fe4 f19=0x4f000410
     177375.000 ns	     17736	80003ed4	03b0c5b3	div	x11,x1,x27	  x1:0x00000000 x27:0x00000000 x11=0xffffffff
     177395.000 ns	     17738	80003ed8	00f51413	slli	x8,x10,0xf	 x10:0x7fffffff  x8=0xffff8000
     177415.000 ns	     17740	80003edc	e00680d3	fmv.x.w	x1,f13	 f13:0xff800000  x1=0xff800000
     177445.000 ns	     17743	80003ee0	c006f5d3	fcvt.w.s	x11,f13	 f13:0xff800000 x11=0x80000000
     177475.000 ns	     17746	80003ee4	29a88dd3	fmin.s	f27,f17,f26	 f17:0xff800000 f26:0x00000000 f27=0xff800000
     177495.000 ns	     17748	80003ee8	fa39ef93	ori	x31,x19,-93	 x19:0x258b0d5c x31=0xffffffff
     177505.000 ns	     17749	80003eec	01c587b3	add	x15,x11,x28	 x11:0x80000000 x28:0xfffffdfd x15=0x7ffffdfd
     177525.000 ns	     17751	80003ef0	c0077553	fcvt.w.s	x10,f14	 f14:0x4f000411 x10=0x7fffffff
     177555.000 ns	     17754	80003ef4	03bd13b3	mulh	x7,x26,x27	 x26:0x00000001 x27:0x00000000  x7=0x00000000
     177585.000 ns	     17757	80003ef8	c01e77d3	fcvt.wu.s	x15,f28	 f28:0x7fc00000 x15=0xffffffff
     177605.000 ns	     17759	80003efc	c3ba0097	auipc	x1,0xc3ba0	  x1=0x43ba3efc
     177615.000 ns	     17760	80003f00	8e163613	sltiu	x12,x12,-1823	 x12:0x00000000 x12=0x00000001
     177635.000 ns	     17762	80003f04	209b1553	fsgnjn.s	f10,f22,f9	 f22:0x40000000  f9:0x7fc00000 f10=0xc0000000
     177655.000 ns	     17764	80003f08	00ee8033	add	x0,x29,x14	 x29:0x00000000 x14:0x80041024
     177665.000 ns	     17765	80003f0c	72b3a213	slti	x4,x7,1835	  x7:0x00000000  x4=0x00000001
     177675.000 ns	     17766	80003f10	015f6f33	or	x30,x30,x21	 x30:0x00000010 x21:0x00000000 x30=0x00000010
     177685.000 ns	     17767	80003f14	01ca8e33	add	x28,x21,x28	 x21:0x00000000 x28:0xfffffdfd x28=0xfffffdfd
     177695.000 ns	     17768	80003f18	00c5df13	srli	x30,x11,0xc	 x11:0x80000000 x30=0x00080000
     177725.000 ns	     17771	80003f1c	1926b453	fdiv.s	f8,f13,f18	 f13:0xff800000 f18:0x00000000  f8=0xff800000
     177745.000 ns	     17773	80003f20	00e9ac33	slt	x24,x19,x14	 x19:0x258b0d5c x14:0x80041024 x24=0x00000000
     177765.000 ns	     17775	80003f24	02c19bb3	mulh	x23,x3,x12	  x3:0x00000000 x12:0x00000001 x23=0x00000000
     177785.000 ns	     17777	80003f28	3050cb13	xori	x22,x1,773	  x1:0x43ba3efc x22=0x43ba3df9
     177795.000 ns	     17778	80003f2c	034a7793	andi	x15,x20,52	 x20:0x00000000 x15=0x00000000
     177805.000 ns	     17779	80003f30	00202633	slt	x12,x0,x2	  x0:0x00000000  x2:0x10000000 x12=0x00000001
     177835.000 ns	     17782	80003f34	181a2653	fdiv.s	f12,f20,f1	 f20:0x7fc00000  f1:0xcf000410 f12=0x7fc00000
     177855.000 ns	     17784	80003f38	009c5a33	srl	x20,x24,x9	 x24:0x00000000  x9:0xffffffff x20=0x00000000
     177875.000 ns	     17786	80003f3c	21329e53	fsgnjn.s	f28,f5,f19	  f5:0x00040fe4 f19:0x4f000410 f28=0x80040fe4
     177895.000 ns	     17788	80003f40	7c4ac493	xori	x9,x21,1988	 x21:0x00000000  x9=0x000007c4
     177905.000 ns	     17789	80003f44	01a10fb3	add	x31,x2,x26	  x2:0x10000000 x26:0x00000001 x31=0x10000001
     177915.000 ns	     17790	80003f48	00c87cb3	and	x25,x16,x12	 x16:0x00000002 x12:0x00000001 x25=0x00000000
     177935.000 ns	     17792	80003f4c	282198d3	fmax.s	f17,f3,f2	  f3:0x00000000  f2:0xff800000 f17=0x00000000
     177955.000 ns	     17794	80003f50	7efca493	slti	x9,x25,2031	 x25:0x00000000  x9=0x00000001
     177995.000 ns	     17798	80003f54	09fa3253	fsub.s	f4,f20,f31	 f20:0x7fc00000 f31:0x80040fe4  f4=0x7fc00000
     178025.000 ns	     17801	80003f58	291917d3	fmax.s	f15,f18,f17	 f18:0x00000000 f17:0x00000000 f15=0x00000000
     178045.000 ns	     17803	80003f5c	00e447b3	xor	x15,x8,x14	  x8:0xffff8000 x14:0x80041024 x15=0x7ffb9024
     178055.000 ns	     17804	80003f60	0d30e513	ori	x10,x1,211	  x1:0x43ba3efc x10=0x43ba3eff
     178075.000 ns	     17806	80003f64	03111fb3	mulh	x31,x2,x17	  x2:0x10000000 x17:0x55be5000 x31=0x055be500
     178095.000 ns	     17808	80003f68	0067de13	srli	x28,x15,0x6	 x15:0x7ffb9024 x28=0x01ffee40
     178135.000 ns	     17812	80003f6c	093f06d3	fsub.s	f13,f30,f19	 f30:0x7f800000 f19:0x4f000410 f13=0x7f800000
     178165.000 ns	     17815	80003f70	c01eb2d3	fcvt.wu.s	x5,f29	 f29:0x7fc00000  x5=0xffffffff
     178195.000 ns	     17818	80003f74	d0148753	fcvt.s.wu	f14,x9	  x9:0x00000001 f14=0x3f800000
     178225.000 ns	     17821	80003f78	022625b3	mulhsu	x11,x12,x2	 x12:0x00000001  x2:0x10000000 x11=0x00000000
     178245.000 ns	     17823	80003f7c	00ed3033	sltu	x0,x26,x14	 x26:0x00000001 x14:0x80041024
     178265.000 ns	     17825	80003f80	d006c253	fcvt.s.w	f4,x13	 x13:0x00000000  f4=0x00000000
     178285.000 ns	     17827	80003f84	01fa2eb3	slt	x29,x20,x31	 x20:0x00000000 x31:0x055be500 x29=0x00000001
     178305.000 ns	     17829	80003f88	28c79253	fmax.s	f4,f15,f12	 f15:0x00000000 f12:0x7fc00000  f4=0x00000000
     178345.000 ns	     17833	80003f8c	580242d3	fsqrt.s	f5,f4	  f4:0x00000000  f5=0x00000000
     178365.000 ns	     17835	80003f90	00e6f9b3	and	x19,x13,x14	 x13:0x00000000 x14:0x80041024 x19=0x00000000
     178385.000 ns	     17837	80003f94	20e22fd3	fsgnjx.s	f31,f4,f14	  f4:0x00000000 f14:0x3f800000 f31=0x00000000
     178415.000 ns	     17840	80003f98	e00e82d3	fmv.x.w	x5,f29	 f29:0x7fc00000  x5=0x7fc00000
     178445.000 ns	     17843	80003f9c	f0028bd3	fmv.w.x	f23,x5	  x5:0xffffffff f23=0x7fc00000
     178815.000 ns	     17880	80003fa0	03f7d3b3	divu	x7,x15,x31	 x15:0x7ffb9024 x31:0x055be500  x7=0x00000017
     178835.000 ns	     17882	80003fa4	a097e113	ori	x2,x15,-1527	 x15:0x7ffb9024  x2=0xfffffa2d
     178845.000 ns	     17883	80003fa8	1b6c6d17	auipc	x26,0x1b6c6	 x26=0x9b6c9fa8
     178855.000 ns	     17884	80003fac	01eefe33	and	x28,x29,x30	 x29:0x00000001 x30:0x00080000 x28=0x00000000
     178875.000 ns	     17886	80003fb0	29858a53	fmin.s	f20,f11,f24	 f11:0x00000000 f24:0x00000000 f20=0x00000000
     178905.000 ns	     17889	80003fb4	a1b21fd3	flt.s	x31,f4,f27	  f4:0x00000000 f27:0xff800000 x31=0x00000000
     179275.000 ns	     17926	80003fb8	031c4cb3	div	x25,x24,x17	 x24:0x00000000 x17:0x55be5000 x25=0x00000000
     179295.000 ns	     17928	80003fbc	00820e33	add	x28,x4,x8	  x4:0x00000001  x8:0xffff8000 x28=0xffff8001
     179315.000 ns	     17930	80003fc0	036537b3	mulhu	x15,x10,x22	 x10:0x43ba3eff x22:0x43ba3df9 x15=0x11eb0433
     179345.000 ns	     17933	80003fc4	a1279ed3	flt.s	x29,f15,f18	 f15:0x00000000 f18:0x00000000 x29=0x00000000
     179375.000 ns	     17936	80003fc8	037c0a33	mul	x20,x24,x23	 x24:0x00000000 x23:0x00000000 x20=0x00000000
     179745.000 ns	     17973	80003fcc	02cae6b3	rem	x13,x21,x12	 x21:0x00000000 x12:0x00000001 x13=0x00000000
     179765.000 ns	     17975	80003fd0	008e9d13	slli	x26,x29,0x8	 x29:0x00000000 x26=0x00000000
     180125.000 ns	     18011	80003fd4	03075bb3	divu	x23,x14,x16	 x14:0x80041024 x16:0x00000002 x23=0x40020812
     180155.000 ns	     18014	80003fd8	297b99d3	fmax.s	f19,f23,f23	 f23:0x7fc00000 f23:0x7fc00000 f19=0x7fc00000
     180175.000 ns	     18016	80003fdc	00e5c5b3	xor	x11,x11,x14	 x11:0x00000000 x14:0x80041024 x11=0x80041024
     180195.000 ns	     18018	80003fe0	03b7c0b3	div	x1,x15,x27	 x15:0x11eb0433 x27:0x00000000  x1=0xffffffff
     180215.000 ns	     18020	80003fe4	00deaab3	slt	x21,x29,x13	 x29:0x00000000 x13:0x00000000 x21=0x00000000
     180225.000 ns	     18021	80003fe8	2624b793	sltiu	x15,x9,610	  x9:0x00000001 x15=0x00000001
     180235.000 ns	     18022	80003fec	41e15f13	srai	x30,x2,0x1e	  x2:0xfffffa2d x30=0xffffffff
     180255.000 ns	     18024	80003ff0	e0039f53	fclass.s	x30,f7	  f7:0x7fc00000 x30=0x00000200
     180275.000 ns	     18026	80003ff4	004d9533	sll	x10,x27,x4	 x27:0x00000000  x4:0x00000001 x10=0x00000000
     180305.000 ns	     18029	80003ff8	10f27353	fmul.s	f6,f4,f15	  f4:0x00000000 f15:0x00000000  f6=0x00000000
     180335.000 ns	     18032	80003ffc	d01977d3	fcvt.s.wu	f15,x18	 x18:0x80040fe4 f15=0x4f00040f
     180365.000 ns	     18035	80004000	e0090bd3	fmv.x.w	x23,f18	 f18:0x00000000 x23=0x00000000
     180415.000 ns	     18040	80004004	08779cd3	fsub.s	f25,f15,f7	 f15:0x4f00040f  f7:0x7fc00000 f25=0x7fc00000
     180455.000 ns	     18044	80004008	18dc1153	fdiv.s	f2,f24,f13	 f24:0x00000000 f13:0x7f800000  f2=0x00000000
     180475.000 ns	     18046	8000400c	01b1dab3	srl	x21,x3,x27	  x3:0x00000000 x27:0x00000000 x21=0x00000000
     180495.000 ns	     18048	80004010	038eff33	remu	x30,x29,x24	 x29:0x00000000 x24:0x00000000 x30=0x00000000
     180525.000 ns	     18051	80004014	e00197d3	fclass.s	x15,f3	  f3:0x00000000 x15=0x00000010
     180575.000 ns	     18056	80004018	00fc18d3	fadd.s	f17,f24,f15	 f24:0x00000000 f15:0x4f00040f f17=0x4f00040f
     180615.000 ns	     18060	8000401c	5805f653	fsqrt.s	f12,f11	 f11:0x00000000 f12=0x00000000
     180645.000 ns	     18063	80004020	c01af7d3	fcvt.wu.s	x15,f21	 f21:0x7f800000 x15=0xffffffff
     180665.000 ns	     18065	80004024	9ee22093	slti	x1,x4,-1554	  x4:0x00000001  x1=0x00000000
     180675.000 ns	     18066	80004028	010df333	and	x6,x27,x16	 x27:0x00000000 x16:0x00000002  x6=0x00000000
     180695.000 ns	     18068	8000402c	029c3333	mulhu	x6,x24,x9	 x24:0x00000000  x9:0x00000001  x6=0x00000000
     180725.000 ns	     18071	80004030	c00bbcd3	fcvt.w.s	x25,f23	 f23:0x7fc00000 x25=0x7fffffff
     180755.000 ns	     18074	80004034	f0008653	fmv.w.x	f12,x1	  x1:0x00000000 f12=0x00000000
     180775.000 ns	     18076	80004038	017f3633	sltu	x12,x30,x23	 x30:0x00000000 x23:0x00000000 x12=0x00000000
     180795.000 ns	     18078	8000403c	218114d3	fsgnjn.s	f9,f2,f24	  f2:0x00000000 f24:0x00000000  f9=0x80000000
     180825.000 ns	     18081	80004040	02da0433	mul	x8,x20,x13	 x20:0x00000000 x13:0x00000000  x8=0x00000000
     181195.000 ns	     18118	80004044	0225fa33	remu	x20,x11,x2	 x11:0x80041024  x2:0xfffffa2d x20=0x80041024
     181215.000 ns	     18120	80004048	40405d93	srai	x27,x0,0x4	  x0:0x00000000 x27=0x00000000
     181235.000 ns	     18122	8000404c	2022afd3	fsgnjx.s	f31,f5,f2	  f5:0x00000000  f2:0x00000000 f31=0x00000000
     181265.000 ns	     18125	80004050	030a8fb3	mul	x31,x21,x16	 x21:0x00000000 x16:0x00000002 x31=0x00000000
     181295.000 ns	     18128	80004054	e00e1f53	fclass.s	x30,f28	 f28:0x80040fe4 x30=0x00000004
     181315.000 ns	     18130	80004058	ccf47eb7	lui	x29,0xccf47	 x29=0xccf47000
     181325.000 ns	     18131	8000405c	00000013	addi	x0,x0,0	  x0:0x00000000
     181335.000 ns	     18132	80004060	41d8d8b3	sra	x17,x17,x29	 x17:0x55be5000 x29:0x00000000 x17=0x55be5000
     181345.000 ns	     18133	80004064	01c80bb3	add	x23,x16,x28	 x16:0x00000002 x28:0xffff8001 x23=0xffff8003
     181355.000 ns	     18134	80004068	8fc456b7	lui	x13,0x8fc45	 x13=0x8fc45000
     181365.000 ns	     18135	8000406c	b295a493	slti	x9,x11,-1239	 x11:0x80041024  x9=0x00000001
     181385.000 ns	     18137	80004070	c00c4e53	fcvt.w.s	x28,f24	 f24:0x00000000 x28=0x00000000
     181415.000 ns	     18140	80004074	027fae33	mulhsu	x28,x31,x7	 x31:0x00000000  x7:0x00000017 x28=0x00000000
     181465.000 ns	     18145	80004078	00fd3153	fadd.s	f2,f26,f15	 f26:0x00000000 f15:0x4f00040f  f2=0x4f00040f
     181485.000 ns	     18147	8000407c	00911ab3	sll	x21,x2,x9	  x2:0xfffffa2d  x9:0x00000001 x21=0xfffff45a
     181845.000 ns	     18183	80004080	02d0da33	divu	x20,x1,x13	  x1:0x00000000 x13:0x8fc45000 x20=0x00000000
     181875.000 ns	     18186	80004084	211a16d3	fsgnjn.s	f13,f20,f17	 f20:0x00000000 f17:0x4f00040f f13=0x80000000
     181895.000 ns	     18188	80004088	00f2bab3	sltu	x21,x5,x15	  x5:0x7fc00000 x15:0xffffffff x21=0x00000001
     181905.000 ns	     18189	8000408c	0024dd93	srli	x27,x9,0x2	  x9:0x00000001 x27=0x00000000
     182265.000 ns	     18225	80004090	0363ff33	remu	x30,x7,x22	  x7:0x00000017 x22:0x43ba3df9 x30=0x00000017
     182295.000 ns	     18228	80004094	21111053	fsgnjn.s	f0,f2,f17	  f2:0x4f00040f f17:0x4f00040f  f0=0xcf00040f
     182325.000 ns	     18231	80004098	a11c05d3	fle.s	x11,f24,f17	 f24:0x00000000 f17:0x4f00040f x11=0x00000001
     182345.000 ns	     18233	8000409c	011cd9b3	srl	x19,x25,x17	 x25:0x7fffffff x17:0x55be5000 x19=0x7fffffff
     182355.000 ns	     18234	800040a0	40b08e33	sub	x28,x1,x11	  x1:0x00000000 x11:0x00000001 x28=0xffffffff
     182365.000 ns	     18235	800040a4	00f11ab3	sll	x21,x2,x15	  x2:0xfffffa2d x15:0xffffffff x21=0x80000000
     182375.000 ns	     18236	800040a8	40b087b3	sub	x15,x1,x11	  x1:0x00000000 x11:0x00000001 x15=0xffffffff
     182395.000 ns	     18238	800040ac	02606eb3	rem	x29,x0,x6	  x0:0x00000000  x6:0x00000000 x29=0x00000000
     182415.000 ns	     18240	800040b0	00ad0d33	add	x26,x26,x10	 x26:0x00000000 x10:0x00000000 x26=0x00000000
     182435.000 ns	     18242	800040b4	02cc5ab3	divu	x21,x24,x12	 x24:0x00000000 x12:0x00000000 x21=0xffffffff
     182465.000 ns	     18245	800040b8	292b8bd3	fmin.s	f23,f23,f18	 f23:0x7fc00000 f18:0x00000000 f23=0x00000000
     182485.000 ns	     18247	800040bc	006f9513	slli	x10,x31,0x6	 x31:0x00000000 x10=0x00000000
     182505.000 ns	     18249	800040c0	212080d3	fsgnj.s	f1,f1,f18	  f1:0xcf000410 f18:0x00000000  f1=0x4f000410
     183685.000 ns	     18367	800040c4	58089ad3	fsqrt.s	f21,f17	 f17:0x4f00040f f21=0x46b50a40
     184055.000 ns	     18404	800040c8	0243ec33	rem	x24,x7,x4	  x7:0x00000017  x4:0x00000001 x24=0x00000000
     184075.000 ns	     18406	800040cc	c1597193	andi	x3,x18,-1003	 x18:0x80040fe4  x3=0x80040c04
     184095.000 ns	     18408	800040d0	e00b1a53	fclass.s	x20,f22	 f22:0x40000000 x20=0x00000040
     184115.000 ns	     18410	800040d4	01569d93	slli	x27,x13,0x15	 x13:0x8fc45000 x27=0x00000000
     184135.000 ns	     18412	800040d8	f0018153	fmv.w.x	f2,x3	  x3:0x80040c04  f2=0x80040c04
     184505.000 ns	     18449	800040dc	03e7dcb3	divu	x25,x15,x30	 x15:0xffffffff x30:0x00000017 x25=0x0b21642c
     184535.000 ns	     18452	800040e0	d01d7f53	fcvt.s.wu	f30,x26	 x26:0x00000000 f30=0x00000000
     184565.000 ns	     18455	800040e4	f00b0553	fmv.w.x	f10,x22	 x22:0x43ba3df9 f10=0x43ba3df9
     184595.000 ns	     18458	800040e8	f0008053	fmv.w.x	f0,x1	  x1:0x00000000  f0=0x00000000
     184615.000 ns	     18460	800040ec	000ce333	or	x6,x25,x0	 x25:0x0b21642c  x0:0x00000000  x6=0x0b21642c
     185785.000 ns	     18577	800040f0	580af653	fsqrt.s	f12,f21	 f21:0x46b50a40 f12=0x43183a19
     185805.000 ns	     18579	800040f4	00000013	addi	x0,x0,0	  x0:0x00000000
     186165.000 ns	     18615	800040f8	03c2cab3	div	x21,x5,x28	  x5:0x7fc00000 x28:0xffffffff x21=0x80400000
     186185.000 ns	     18617	800040fc	403bdb33	sra	x22,x23,x3	 x23:0xffff8003  x3:0x80040c04 x22=0xfffff800
     186205.000 ns	     18619	80004100	d01dccd3	fcvt.s.wu	f25,x27	 x27:0x00000000 f25=0x00000000
     186225.000 ns	     18621	80004104	3ccdb693	sltiu	x13,x27,972	 x27:0x00000000 x13=0x00000001
     186585.000 ns	     18657	80004108	0304e333	rem	x6,x9,x16	  x9:0x00000001 x16:0x00000002  x6=0x00000001
     186605.000 ns	     18659	8000410c	0107cdb3	xor	x27,x15,x16	 x15:0xffffffff x16:0x00000002 x27=0xfffffffd
     186615.000 ns	     18660	80004110	014cd893	srli	x17,x25,0x14	 x25:0x0b21642c x17=0x000000b2
     186625.000 ns	     18661	80004114	00000013	addi	x0,x0,0	  x0:0x00000000
     186635.000 ns	     18662	80004118	00244433	xor	x8,x8,x2	  x8:0x00000000  x2:0xfffffa2d  x8=0xfffffa2d
     186645.000 ns	     18663	8000411c	ca3a0293	addi	x5,x20,-861	 x20:0x00000040  x5=0xfffffce3
     186665.000 ns	     18665	80004120	d0177ed3	fcvt.s.wu	f29,x14	 x14:0x80041024 f29=0x4f000410
     186695.000 ns	     18668	80004124	021bc333	div	x6,x23,x1	 x23:0xffff8003  x1:0x00000000  x6=0xffffffff
     186725.000 ns	     18671	80004128	021a7bb3	remu	x23,x20,x1	 x20:0x00000040  x1:0x00000000 x23=0x00000040
     187095.000 ns	     18708	8000412c	02906533	rem	x10,x0,x9	  x0:0x00000000  x9:0x00000001 x10=0x00000000
     187465.000 ns	     18745	80004130	02f87f33	remu	x30,x16,x15	 x16:0x00000002 x15:0xffffffff x30=0x00000002
     187495.000 ns	     18748	80004134	20dfa9d3	fsgnjx.s	f19,f31,f13	 f31:0x00000000 f13:0x80000000 f19=0x80000000
     187515.000 ns	     18750	80004138	e3bd8893	addi	x17,x27,-453	 x27:0xfffffffd x17=0xfffffe38
     187535.000 ns	     18752	8000413c	207ba453	fsgnjx.s	f8,f23,f7	 f23:0x00000000  f7:0x7fc00000  f8=0x00000000
     187555.000 ns	     18754	80004140	017d0193	addi	x3,x26,23	 x26:0x00000000  x3=0x00000017
     187565.000 ns	     18755	80004144	01775c13	srli	x24,x14,0x17	 x14:0x80041024 x24=0x00000100
     187585.000 ns	     18757	80004148	203f9d53	fsgnjn.s	f26,f31,f3	 f31:0x00000000  f3:0x00000000 f26=0x80000000
     187605.000 ns	     18759	8000414c	01af9d93	slli	x27,x31,0x1a	 x31:0x00000000 x27=0x00000000
     187615.000 ns	     18760	80004150	b64041b7	lui	x3,0xb6404	  x3=0xb6404000
     187635.000 ns	     18762	80004154	2134ab53	fsgnjx.s	f22,f9,f19	  f9:0x80000000 f19:0x80000000 f22=0x00000000
     187665.000 ns	     18765	80004158	03a1dab3	divu	x21,x3,x26	  x3:0x00000017 x26:0x00000000 x21=0xffffffff
     187695.000 ns	     18768	8000415c	a1ac08d3	fle.s	x17,f24,f26	 f24:0x00000000 f26:0x80000000 x17=0x00000001
     187715.000 ns	     18770	80004160	2d758393	addi	x7,x11,727	 x11:0x00000001  x7=0x000002d8
     187725.000 ns	     18771	80004164	fbb26c13	ori	x24,x4,-69	  x4:0x00000001 x24=0xffffffbb
     187735.000 ns	     18772	80004168	0101d313	srli	x6,x3,0x10	  x3:0xb6404000  x6=0x0000b640
     187755.000 ns	     18774	8000416c	038bad33	mulhsu	x26,x23,x24	 x23:0x00000040 x24:0x00000100 x26=0x0000003f
     187805.000 ns	     18779	80004170	0849fed3	fsub.s	f29,f19,f4	 f19:0x80000000  f4:0x00000000 f29=0x80000000
     187835.000 ns	     18782	80004174	20520853	fsgnj.s	f16,f4,f5	  f4:0x00000000  f5:0x00000000 f16=0x00000000
     187855.000 ns	     18784	80004178	26e8a693	slti	x13,x17,622	 x17:0x00000001 x13=0x00000001
     187865.000 ns	     18785	8000417c	00f525b3	slt	x11,x10,x15	 x10:0x00000000 x15:0xffffffff x11=0x00000000
     187875.000 ns	     18786	80004180	009fef33	or	x30,x31,x9	 x31:0x00000000  x9:0x00000001 x30=0x00000001
     187895.000 ns	     18788	80004184	f0090fd3	fmv.w.x	f31,x18	 x18:0x80040fe4 f31=0x80040fe4
     187925.000 ns	     18791	80004188	21470453	fsgnj.s	f8,f14,f20	 f14:0x3f800000 f20:0x00000000  f8=0x3f800000
     187955.000 ns	     18794	8000418c	0200ea33	rem	x20,x1,x0	  x1:0x00000000  x0:0x00000000 x20=0x00000000
     187975.000 ns	     18796	80004190	0177f2b3	and	x5,x15,x23	 x15:0xffffffff x23:0x00000040  x5=0x00000040
     188005.000 ns	     18799	80004194	58087bd3	fsqrt.s	f23,f16	 f16:0x00000000 f23=0x00000000
     188035.000 ns	     18802	80004198	03d914b3	mulh	x9,x18,x29	 x18:0x80040fe4 x29:0x00000000  x9=0x00000000
     188055.000 ns	     18804	8000419c	01ab1093	slli	x1,x22,0x1a	 x22:0xfffff800  x1=0x00000000
     188075.000 ns	     18806	800041a0	031c1433	mulh	x8,x24,x17	 x24:0xffffffbb x17:0x00000001  x8=0xffffffff
     188095.000 ns	     18808	800041a4	b33e0b93	addi	x23,x28,-1229	 x28:0xffffffff x23=0xfffffb32
     188115.000 ns	     18810	800041a8	028aaeb3	mulhsu	x29,x21,x8	 x21:0xffffffff  x8:0xffffffff x29=0xffffffff
     188145.000 ns	     18813	800041ac	a19f9fd3	flt.s	x31,f31,f25	 f31:0x80040fe4 f25:0x00000000 x31=0x00000001
     188185.000 ns	     18817	800041b0	1020fc53	fmul.s	f24,f1,f2	  f1:0x4f000410  f2:0x80040c04 f24=0x8d81849c
     188205.000 ns	     18819	800041b4	8d85ae13	slti	x28,x11,-1832	 x11:0x00000000 x28=0x00000000
     188225.000 ns	     18821	800041b8	0364b533	mulhu	x10,x9,x22	  x9:0x00000000 x22:0xfffff800 x10=0x00000000
     188255.000 ns	     18824	800041bc	020f5bb3	divu	x23,x30,x0	 x30:0x00000001  x0:0x00000000 x23=0xffffffff
     188275.000 ns	     18826	800041c0	41535893	srai	x17,x6,0x15	  x6:0x0000b640 x17=0x00000000
     188295.000 ns	     18828	800041c4	c00d77d3	fcvt.w.s	x15,f26	 f26:0x80000000 x15=0x00000000
     188315.000 ns	     18830	800041c8	00eee1b3	or	x3,x29,x14	 x29:0xffffffff x14:0x80041024  x3=0xffffffff
     188355.000 ns	     18834	800041cc	0823fe53	fsub.s	f28,f7,f2	  f7:0x7fc00000  f2:0x80040c04 f28=0x7fc00000
     188385.000 ns	     18837	800041d0	a03ca0d3	feq.s	x1,f25,f3	 f25:0x00000000  f3:0x00000000  x1=0x00000001
     188435.000 ns	     18842	800041d4	0826f353	fsub.s	f6,f13,f2	 f13:0x80000000  f2:0x80040c04  f6=0x00040c04
     188775.000 ns	     18876	800041d8	181fbd53	fdiv.s	f26,f31,f1	 f31:0x80040fe4  f1:0x4f000410 f26=0x80000000
     189955.000 ns	     18994	800041dc	58077dd3	fsqrt.s	f27,f14	 f14:0x3f800000 f27=0x3f7fffae
     189975.000 ns	     18996	800041e0	0174a7b3	slt	x15,x9,x23	  x9:0x00000000 x23:0xffffffff x15=0x00000000
     189995.000 ns	     18998	800041e4	c017f5d3	fcvt.wu.s	x11,f15	 f15:0x4f00040f x11=0x80040f00
     190025.000 ns	     19001	800041e8	a05e2053	feq.s	x0,f28,f5	 f28:0x7fc00000  f5:0x00000000
     190045.000 ns	     19003	800041ec	005a5793	srli	x15,x20,0x5	 x20:0x00000000 x15=0x00000000
     190055.000 ns	     19004	800041f0	01fc5893	srli	x17,x24,0x1f	 x24:0xffffffbb x17=0x00000001
     190085.000 ns	     19007	800041f4	18c2fe53	fdiv.s	f28,f5,f12	  f5:0x00000000 f12:0x43183a19 f28=0x00000000
     190105.000 ns	     19009	800041f8	0160d513	srli	x10,x1,0x16	  x1:0x00000001 x10=0x00000000
     190125.000 ns	     19011	800041fc	21761cd3	fsgnjn.s	f25,f12,f23	 f12:0x43183a19 f23:0x00000000 f25=0xc3183a19
     190145.000 ns	     19013	80004200	5e71be93	sltiu	x29,x3,1511	  x3:0xffffffff x29=0x00000000
     190175.000 ns	     19016	80004204	10ca12d3	fmul.s	f5,f20,f12	 f20:0x00000000 f12:0x43183a19  f5=0x00000000
     190195.000 ns	     19018	80004208	04d60513	addi	x10,x12,77	 x12:0x00000000 x10=0x0000004d
     190555.000 ns	     19054	8000420c	0267e0b3	rem	x1,x15,x6	 x15:0x00000000  x6:0x0000b640  x1=0x00000000
     190575.000 ns	     19056	80004210	313fb613	sltiu	x12,x31,787	 x31:0x00000001 x12=0x00000001
     190615.000 ns	     19060	80004214	09901c53	fsub.s	f24,f0,f25	  f0:0x00000000 f25:0xc3183a19 f24=0x43183a19
     190635.000 ns	     19062	80004218	18b03f13	sltiu	x30,x0,395	  x0:0x00000000 x30=0x00000001
     190655.000 ns	     19064	8000421c	29be0ad3	fmin.s	f21,f28,f27	 f28:0x00000000 f27:0x3f7fffae f21=0x00000000
     190685.000 ns	     19067	80004220	033c0033	mul	x0,x24,x19	 x24:0xffffffbb x19:0x7fffffff
     190705.000 ns	     19069	80004224	9dbf0a93	addi	x21,x30,-1573	 x30:0x00000001 x21=0xfffff9dc
     191065.000 ns	     19105	80004228	033c61b3	rem	x3,x24,x19	 x24:0xffffffbb x19:0x7fffffff  x3=0xffffffbb
     191085.000 ns	     19107	8000422c	52a34213	xori	x4,x6,1322	  x6:0x0000b640  x4=0x0000b36a
     191115.000 ns	     19110	80004230	58087dd3	fsqrt.s	f27,f16	 f16:0x00000000 f27=0x00000000
     191135.000 ns	     19112	80004234	8a8ffa13	andi	x20,x31,-1880	 x31:0x00000001 x20=0x00000000
     191145.000 ns	     19113	80004238	01c96ab3	or	x21,x18,x28	 x18:0x80040fe4 x28:0x00000000 x21=0x80040fe4
     191165.000 ns	     19115	8000423c	d0057fd3	fcvt.s.w	f31,x10	 x10:0x0000004d f31=0x429a0000
     191185.000 ns	     19117	80004240	41b7dcb3	sra	x25,x15,x27	 x15:0x00000000 x27:0x00000000 x25=0x00000000
     191195.000 ns	     19118	80004244	00434d33	xor	x26,x6,x4	  x6:0x0000b640  x4:0x0000b36a x26=0x0000052a
     191215.000 ns	     19120	80004248	027cbcb3	mulhu	x25,x25,x7	 x25:0x0b21642c  x7:0x000002d8 x25=0x00000000
     191235.000 ns	     19122	8000424c	bf2e0693	addi	x13,x28,-1038	 x28:0x00000000 x13=0xfffffbf2
     191595.000 ns	     19158	80004250	02dfcdb3	div	x27,x31,x13	 x31:0x00000001 x13:0x00000001 x27=0x00000000
     191615.000 ns	     19160	80004254	4177db13	srai	x22,x15,0x17	 x15:0x00000000 x22=0x00000000
     191625.000 ns	     19161	80004258	5fb4e513	ori	x10,x9,1531	  x9:0x00000000 x10=0x000005fb
     191645.000 ns	     19163	8000425c	d00575d3	fcvt.s.w	f11,x10	 x10:0x0000004d f11=0x44bf6000
     191675.000 ns	     19166	80004260	020da133	mulhsu	x2,x27,x0	 x27:0x00000000  x0:0x00000000  x2=0x00000000
     191695.000 ns	     19168	80004264	64b3fc13	andi	x24,x7,1611	  x7:0x000002d8 x24=0x00000248
     191715.000 ns	     19170	80004268	291e96d3	fmax.s	f13,f29,f17	 f29:0x80000000 f17:0x4f00040f f13=0x4f00040f
     192085.000 ns	     19207	8000426c	03206a33	rem	x20,x0,x18	  x0:0x00000000 x18:0x80040fe4 x20=0x00000000
     192115.000 ns	     19210	80004270	02e732b3	mulhu	x5,x14,x14	 x14:0x80041024 x14:0x80041024  x5=0x40041034
     192145.000 ns	     19213	80004274	c00419d3	fcvt.w.s	x19,f8	  f8:0x3f800000 x19=0x00000001
     192175.000 ns	     19216	80004278	026499b3	mulh	x19,x9,x6	  x9:0x00000000  x6:0x0000b640 x19=0x00000000
     192195.000 ns	     19218	8000427c	000c9c33	sll	x24,x25,x0	 x25:0x00000000  x0:0x00000000 x24=0x00000000
     192215.000 ns	     19220	80004280	d004a453	fcvt.s.w	f8,x9	  x9:0x00000000  f8=0x00000000
     192245.000 ns	     19223	80004284	a00e87d3	fle.s	x15,f29,f0	 f29:0x80000000  f0:0x00000000 x15=0x00000001
     192275.000 ns	     19226	80004288	03627d33	remu	x26,x4,x22	  x4:0x0000b36a x22:0x00000000 x26=0x0000b36a
     192295.000 ns	     19228	8000428c	0087df13	srli	x30,x15,0x8	 x15:0x00000001 x30=0x00000000
     192305.000 ns	     19229	80004290	402386b3	sub	x13,x7,x2	  x7:0x000002d8  x2:0x00000000 x13=0x000002d8
     192315.000 ns	     19230	80004294	d8af4093	xori	x1,x30,-630	 x30:0x00000001  x1=0xfffffd8a
     192325.000 ns	     19231	80004298	b2654513	xori	x10,x10,-1242	 x10:0x000005fb x10=0xfffffedd
     192335.000 ns	     19232	8000429c	c2cbe593	ori	x11,x23,-980	 x23:0xffffffff x11=0xffffffff
     192375.000 ns	     19236	800042a0	09fa7a53	fsub.s	f20,f20,f31	 f20:0x00000000 f31:0x429a0000 f20=0xc29a0000
     192415.000 ns	     19240	800042a4	58027f53	fsqrt.s	f30,f4	  f4:0x00000000 f30=0x00000000
     192435.000 ns	     19242	800042a8	01d7f3b3	and	x7,x15,x29	 x15:0x00000001 x29:0x00000000  x7=0x00000000
     192445.000 ns	     19243	800042ac	0085f4b3	and	x9,x11,x8	 x11:0xffffffff  x8:0xffffffff  x9=0xffffffff
     192465.000 ns	     19245	800042b0	c01a7dd3	fcvt.wu.s	x27,f20	 f20:0xc29a0000 x27=0x0000004d
     192485.000 ns	     19247	800042b4	01b6a033	slt	x0,x13,x27	 x13:0x000002d8 x27:0x00000000
     192515.000 ns	     19250	800042b8	58018953	fsqrt.s	f18,f3	  f3:0x00000000 f18=0x00000000
     192545.000 ns	     19253	800042bc	025d2bb3	mulhsu	x23,x26,x5	 x26:0x0000b36a  x5:0x40041034 x23=0x00002cdd
     192565.000 ns	     19255	800042c0	96b5e893	ori	x17,x11,-1685	 x11:0xffffffff x17=0xffffffff
     192575.000 ns	     19256	800042c4	1e2fe293	ori	x5,x31,482	 x31:0x00000001  x5=0x000001e3
     192595.000 ns	     19258	800042c8	20222ed3	fsgnjx.s	f29,f4,f2	  f4:0x00000000  f2:0x80040c04 f29=0x80000000
     192625.000 ns	     19261	800042cc	e0020453	fmv.x.w	x8,f4	  f4:0x00000000  x8=0x00000000
     192645.000 ns	     19263	800042d0	eafea013	slti	x0,x29,-337	 x29:0x00000000
     192655.000 ns	     19264	800042d4	c5667d93	andi	x27,x12,-938	 x12:0x00000001 x27=0x00000000
     192675.000 ns	     19266	800042d8	e0030253	fmv.x.w	x4,f6	  f6:0x00040c04  x4=0x00040c04
     193045.000 ns	     19303	800042dc	02f74bb3	div	x23,x14,x15	 x14:0x80041024 x15:0x00000001 x23=0x80041024
     193065.000 ns	     19305	800042e0	41bd0d33	sub	x26,x26,x27	 x26:0x0000b36a x27:0x00000000 x26=0x0000b36a
     193075.000 ns	     19306	800042e4	00000013	addi	x0,x0,0	  x0:0x00000000
     193095.000 ns	     19308	800042e8	c0092ad3	fcvt.w.s	x21,f18	 f18:0x00000000 x21=0x00000000
     193115.000 ns	     19310	800042ec	001edb33	srl	x22,x29,x1	 x29:0x00000000  x1:0xfffffd8a x22=0x00000000
     193135.000 ns	     19312	800042f0	e00d9cd3	fclass.s	x25,f27	 f27:0x00000000 x25=0x00000010
     193155.000 ns	     19314	800042f4	98644c93	xori	x25,x8,-1658	  x8:0x00000000 x25=0xfffff986
     193175.000 ns	     19316	800042f8	02cca1b3	mulhsu	x3,x25,x12	 x25:0x00000010 x12:0x00000001  x3=0xffffffff
     193205.000 ns	     19319	800042fc	21c6ae53	fsgnjx.s	f28,f13,f28	 f13:0x4f00040f f28:0x00000000 f28=0x4f00040f
     193225.000 ns	     19321	80004300	9f1faf17	auipc	x30,0x9f1fa	 x30=0x1f1fe300
     193235.000 ns	     19322	80004304	40f6d293	srai	x5,x13,0xf	 x13:0x000002d8  x5=0x00000000
     193255.000 ns	     19324	80004308	29a29cd3	fmax.s	f25,f5,f26	  f5:0x00000000 f26:0x80000000 f25=0x00000000
     193275.000 ns	     19326	8000430c	41c505b3	sub	x11,x10,x28	 x10:0xfffffedd x28:0x00000000 x11=0xfffffedd
     193295.000 ns	     19328	80004310	c016f0d3	fcvt.wu.s	x1,f13	 f13:0x4f00040f  x1=0x80040f00
     193325.000 ns	     19331	80004314	03c80ab3	mul	x21,x16,x28	 x16:0x00000002 x28:0x00000000 x21=0x00000000
     193355.000 ns	     19334	80004318	d01fc4d3	fcvt.s.wu	f9,x31	 x31:0x00000001  f9=0x3f800000
     193725.000 ns	     19371	8000431c	02dd78b3	remu	x17,x26,x13	 x26:0x0000b36a x13:0x000002d8 x17=0x00000042
     193745.000 ns	     19373	80004320	0004a2b3	slt	x5,x9,x0	  x9:0xffffffff  x0:0x00000000  x5=0x00000001
     193755.000 ns	     19374	80004324	41e15893	srai	x17,x2,0x1e	  x2:0x00000000 x17=0x00000000
     193775.000 ns	     19376	80004328	03c051b3	divu	x3,x0,x28	  x0:0x00000000 x28:0x00000000  x3=0xffffffff
     193805.000 ns	     19379	8000432c	02f82c33	mulhsu	x24,x16,x15	 x16:0x00000002 x15:0x00000001 x24=0x00000000
     193835.000 ns	     19382	80004330	02af1633	mulh	x12,x30,x10	 x30:0x1f1fe300 x10:0xfffffedd x12=0xffffffdc
     193855.000 ns	     19384	80004334	e58dc193	xori	x3,x27,-424	 x27:0x00000000  x3=0xfffffe58
     193865.000 ns	     19385	80004338	3dbc1fb7	lui	x31,0x3dbc1	 x31=0x3dbc1000
     194225.000 ns	     19421	8000433c	03e6df33	divu	x30,x13,x30	 x13:0x000002d8 x30:0x1f1fe300 x30=0x00000000
     194245.000 ns	     19423	80004340	641e7493	andi	x9,x28,1601	 x28:0x00000000  x9=0x00000000
     194605.000 ns	     19459	80004344	02e7c3b3	div	x7,x15,x14	 x15:0x00000001 x14:0x80041024  x7=0x00000000
     194975.000 ns	     19496	80004348	02b5e2b3	rem	x5,x11,x11	 x11:0xfffffedd x11:0xfffffedd  x5=0x00000000
     195005.000 ns	     19499	8000434c	c009f7d3	fcvt.w.s	x15,f19	 f19:0x80000000 x15=0x00000000
     195025.000 ns	     19501	80004350	c3172c93	slti	x25,x14,-975	 x14:0x80041024 x25=0x00000001
     195035.000 ns	     19502	80004354	0076c4b3	xor	x9,x13,x7	 x13:0x000002d8  x7:0x00000000  x9=0x000002d8
     195045.000 ns	     19503	80004358	011cc2b3	xor	x5,x25,x17	 x25:0xfffff986 x17:0x00000000  x5=0x00000001
     195065.000 ns	     19505	8000435c	d00db9d3	fcvt.s.w	f19,x27	 x27:0x00000000 f19=0x00000000
     195085.000 ns	     19507	80004360	4039d633	sra	x12,x19,x3	 x19:0x00000000  x3:0xfffffe58 x12=0x00000000
     195105.000 ns	     19509	80004364	a1bd1153	flt.s	x2,f26,f27	 f26:0x80000000 f27:0x00000000  x2=0x00000000
     195135.000 ns	     19512	80004368	a00886d3	fle.s	x13,f17,f0	 f17:0x4f00040f  f0:0x00000000 x13=0x00000000
     195165.000 ns	     19515	8000436c	021a87b3	mul	x15,x21,x1	 x21:0x00000000  x1:0x80040f00 x15=0x00000000
     195185.000 ns	     19517	80004370	01dbb9b3	sltu	x19,x23,x29	 x23:0x80041024 x29:0x00000000 x19=0x00000000
     195205.000 ns	     19519	80004374	e00a9a53	fclass.s	x20,f21	 f21:0x00000000 x20=0x00000010
     195225.000 ns	     19521	80004378	e1804e93	xori	x29,x0,-488	  x0:0x00000000 x29=0xfffffe18
     195245.000 ns	     19523	8000437c	2035a2d3	fsgnjx.s	f5,f11,f3	 f11:0x44bf6000  f3:0x00000000  f5=0x44bf6000
     195265.000 ns	     19525	80004380	002dafb3	slt	x31,x27,x2	 x27:0x00000000  x2:0x00000000 x31=0x00000000
     195275.000 ns	     19526	80004384	019b6633	or	x12,x22,x25	 x22:0x00000000 x25:0x00000001 x12=0x00000001
     195295.000 ns	     19528	80004388	28601b53	fmax.s	f22,f0,f6	  f0:0x00000000  f6:0x00040c04 f22=0x00040c04
     195345.000 ns	     19533	8000438c	0802b153	fsub.s	f2,f5,f0	  f5:0x44bf6000  f0:0x00000000  f2=0x44bf6000
     195375.000 ns	     19536	80004390	f00c02d3	fmv.w.x	f5,x24	 x24:0x00000000  f5=0x00000000
     195395.000 ns	     19538	80004394	a3bf6313	ori	x6,x30,-1477	 x30:0x00000000  x6=0xfffffa3b
     195415.000 ns	     19540	80004398	02f880b3	mul	x1,x17,x15	 x17:0x00000000 x15:0x00000000  x1=0x00000000
     195445.000 ns	     19543	8000439c	f00888d3	fmv.w.x	f17,x17	 x17:0x00000000 f17=0x00000000
     195815.000 ns	     19580	800043a0	029df7b3	remu	x15,x27,x9	 x27:0x00000000  x9:0x000002d8 x15=0x00000000
     195865.000 ns	     19585	800043a4	090ef653	fsub.s	f12,f29,f16	 f29:0x80000000 f16:0x00000000 f12=0x80000000
     195895.000 ns	     19588	800043a8	21ea8cd3	fsgnj.s	f25,f21,f30	 f21:0x00000000 f30:0x00000000 f25=0x00000000
     195915.000 ns	     19590	800043ac	010c4233	xor	x4,x24,x16	 x24:0x00000000 x16:0x00000002  x4=0x00000002
     195925.000 ns	     19591	800043b0	0e30e213	ori	x4,x1,227	  x1:0x00000000  x4=0x000000e3
     195935.000 ns	     19592	800043b4	01300b33	add	x22,x0,x19	  x0:0x00000000 x19:0x00000000 x22=0x00000000
     195945.000 ns	     19593	800043b8	baddb393	sltiu	x7,x27,-1107	 x27:0x00000000  x7=0x00000001
     195975.000 ns	     19596	800043bc	1081f1d3	fmul.s	f3,f3,f8	  f3:0x00000000  f8:0x00000000  f3=0x00000000
     195995.000 ns	     19598	800043c0	f26de393	ori	x7,x27,-218	 x27:0x00000000  x7=0xffffff26
     196005.000 ns	     19599	800043c4	cb8ce013	ori	x0,x25,-840	 x25:0x00000001
     196015.000 ns	     19600	800043c8	0092e233	or	x4,x5,x9	  x5:0x00000001  x9:0x000002d8  x4=0x000002d9
     196025.000 ns	     19601	800043cc	01ea1633	sll	x12,x20,x30	 x20:0x00000010 x30:0x00000000 x12=0x00000010
     196045.000 ns	     19603	800043d0	c00075d3	fcvt.w.s	x11,f0	  f0:0x00000000 x11=0x00000000
     196085.000 ns	     19607	800043d4	58027553	fsqrt.s	f10,f4	  f4:0x00000000 f10=0x00000000
     196455.000 ns	     19644	800043d8	03ddc2b3	div	x5,x27,x29	 x27:0x00000000 x29:0xfffffe18  x5=0x00000000
     196485.000 ns	     19647	800043dc	d017f753	fcvt.s.wu	f14,x15	 x15:0x00000000 f14=0x00000000
     196515.000 ns	     19650	800043e0	a0330a53	fle.s	x20,f6,f3	  f6:0x00040c04  f3:0x00000000 x20=0x00000000
     196535.000 ns	     19652	800043e4	01f889b3	add	x19,x17,x31	 x17:0x00000000 x31:0x00000000 x19=0x00000000
     196565.000 ns	     19655	800043e8	580a83d3	fsqrt.s	f7,f21	 f21:0x00000000  f7=0x00000000
     196595.000 ns	     19658	800043ec	03cc5f33	divu	x30,x24,x28	 x24:0x00000000 x28:0x00000000 x30=0xffffffff
     196615.000 ns	     19660	800043f0	01c19633	sll	x12,x3,x28	  x3:0xfffffe58 x28:0x00000000 x12=0xfffffe58
     196655.000 ns	     19664	800043f4	01d93453	fadd.s	f8,f18,f29	 f18:0x00000000 f29:0x80000000  f8=0x80000000
     196685.000 ns	     19667	800043f8	29f48ed3	fmin.s	f29,f9,f31	  f9:0x3f800000 f31:0x429a0000 f29=0x3f800000
     196715.000 ns	     19670	800043fc	d01649d3	fcvt.s.wu	f19,x12	 x12:0xfffffe58 f19=0x4f7ffffe
     196745.000 ns	     19673	80004400	a13107d3	fle.s	x15,f2,f19	  f2:0x44bf6000 f19:0x00000000 x15=0x00000001
     196765.000 ns	     19675	80004404	002005b3	add	x11,x0,x2	  x0:0x00000000  x2:0x00000000 x11=0x00000000
     196775.000 ns	     19676	80004408	011e2db3	slt	x27,x28,x17	 x28:0x00000000 x17:0x00000000 x27=0x00000000
     196785.000 ns	     19677	8000440c	411d88b3	sub	x17,x27,x17	 x27:0x00000000 x17:0x00000000 x17=0x00000000
     197145.000 ns	     19713	80004410	02e5d5b3	divu	x11,x11,x14	 x11:0x00000000 x14:0x80041024 x11=0x00000000
     197165.000 ns	     19715	80004414	00c82133	slt	x2,x16,x12	 x16:0x00000002 x12:0xfffffe58  x2=0x00000000
     197175.000 ns	     19716	80004418	17f03e93	sltiu	x29,x0,383	  x0:0x00000000 x29=0x00000001
     197535.000 ns	     19752	8000441c	02fc7ab3	remu	x21,x24,x15	 x24:0x00000000 x15:0x00000001 x21=0x00000000
     197565.000 ns	     19755	80004420	a13f1ad3	flt.s	x21,f30,f19	 f30:0x00000000 f19:0x4f7ffffe x21=0x00000001
     197595.000 ns	     19758	80004424	c01d46d3	fcvt.wu.s	x13,f26	 f26:0x80000000 x13=0x00000000
     197615.000 ns	     19760	80004428	38d50c93	addi	x25,x10,909	 x10:0xfffffedd x25=0x0000026a
     197625.000 ns	     19761	8000442c	01cb5a13	srli	x20,x22,0x1c	 x22:0x00000000 x20=0x00000000
     197635.000 ns	     19762	80004430	41a507b3	sub	x15,x10,x26	 x10:0xfffffedd x26:0x0000b36a x15=0xffff4b73
     197655.000 ns	     19764	80004434	03cac2b3	div	x5,x21,x28	 x21:0x00000001 x28:0x00000000  x5=0xffffffff
     197685.000 ns	     19767	80004438	020d27b3	mulhsu	x15,x26,x0	 x26:0x0000b36a  x0:0x00000000 x15=0x00000000
     197705.000 ns	     19769	8000443c	00d3d593	srli	x11,x7,0xd	  x7:0xffffff26 x11=0x0007ffff
     197715.000 ns	     19770	80004440	014abeb3	sltu	x29,x21,x20	 x21:0x00000001 x20:0x00000000 x29=0x00000000
     197755.000 ns	     19774	80004444	00e878d3	fadd.s	f17,f16,f14	 f16:0x00000000 f14:0x00000000 f17=0x00000000
     197785.000 ns	     19777	80004448	02de5333	divu	x6,x28,x13	 x28:0x00000000 x13:0x00000000  x6=0xffffffff
     197815.000 ns	     19780	8000444c	21058353	fsgnj.s	f6,f11,f16	 f11:0x44bf6000 f16:0x00000000  f6=0x44bf6000
     197845.000 ns	     19783	80004450	c0097d53	fcvt.w.s	x26,f18	 f18:0x00000000 x26=0x00000000
     197865.000 ns	     19785	80004454	0023df33	srl	x30,x7,x2	  x7:0xffffff26  x2:0x00000000 x30=0xffffff26
     197895.000 ns	     19788	80004458	580a0fd3	fsqrt.s	f31,f20	 f20:0xc29a0000 f31=0x7fc00000
     197915.000 ns	     19790	8000445c	011ede33	srl	x28,x29,x17	 x29:0x00000000 x17:0x00000000 x28=0x00000000
     197925.000 ns	     19791	80004460	014095b3	sll	x11,x1,x20	  x1:0x00000000 x20:0x00000000 x11=0x00000000
     197935.000 ns	     19792	80004464	0018dd13	srli	x26,x17,0x1	 x17:0x00000000 x26=0x00000000
     197945.000 ns	     19793	80004468	c3bdf113	andi	x2,x27,-965	 x27:0x00000000  x2=0x00000000
     197955.000 ns	     19794	8000446c	2b593a13	sltiu	x20,x18,693	 x18:0x80040fe4 x20=0x00000000
     197965.000 ns	     19795	80004470	04152213	slti	x4,x10,65	 x10:0xfffffedd  x4=0x00000001
     197975.000 ns	     19796	80004474	014067b3	or	x15,x0,x20	  x0:0x00000000 x20:0x00000000 x15=0x00000000
     198015.000 ns	     19800	80004478	00fac6d3	fadd.s	f13,f21,f15	 f21:0x00000000 f15:0x4f00040f f13=0x4f00040f
     198035.000 ns	     19802	8000447c	019b76b3	and	x13,x22,x25	 x22:0x00000000 x25:0x0000026a x13=0x00000000
     198055.000 ns	     19804	80004480	0220e3b3	rem	x7,x1,x2	  x1:0x00000000  x2:0x00000000  x7=0x00000000
     198075.000 ns	     19806	80004484	cdd97f93	andi	x31,x18,-803	 x18:0x80040fe4 x31=0x80040cc4
     198085.000 ns	     19807	80004488	00000013	addi	x0,x0,0	  x0:0x00000000
     198105.000 ns	     19809	8000448c	c01f76d3	fcvt.wu.s	x13,f30	 f30:0x00000000 x13=0x00000000
     198135.000 ns	     19812	80004490	f00784d3	fmv.w.x	f9,x15	 x15:0x00000000  f9=0x00000000
     198165.000 ns	     19815	80004494	a11f2553	feq.s	x10,f30,f17	 f30:0x00000000 f17:0x00000000 x10=0x00000001
     198195.000 ns	     19818	80004498	211b2653	fsgnjx.s	f12,f22,f17	 f22:0x00040c04 f17:0x00000000 f12=0x00040c04
     198215.000 ns	     19820	8000449c	411ad6b3	sra	x13,x21,x17	 x21:0x00000001 x17:0x00000000 x13=0x00000001
     198235.000 ns	     19822	800044a0	a13aa253	feq.s	x4,f21,f19	 f21:0x00000000 f19:0x4f7ffffe  x4=0x00000000
     198255.000 ns	     19824	800044a4	01d7fdb3	and	x27,x15,x29	 x15:0x00000000 x29:0x00000000 x27=0x00000000
     198265.000 ns	     19825	800044a8	20cc2093	slti	x1,x24,524	 x24:0x00000000  x1=0x00000001
     198275.000 ns	     19826	800044ac	f5361517	auipc	x10,0xf5361	 x10=0x753654ac
     198285.000 ns	     19827	800044b0	a160eb93	ori	x23,x1,-1514	  x1:0x00000000 x23=0xfffffa17
     198295.000 ns	     19828	800044b4	01c1d4b3	srl	x9,x3,x28	  x3:0xfffffe58 x28:0x00000000  x9=0xfffffe58
     198655.000 ns	     19864	800044b8	029169b3	rem	x19,x2,x9	  x2:0x00000000  x9:0x000002d8 x19=0x00000000
     198675.000 ns	     19866	800044bc	00c8e2b3	or	x5,x17,x12	 x17:0x00000000 x12:0xfffffe58  x5=0xfffffe58
     198685.000 ns	     19867	800044c0	924c7e13	andi	x28,x24,-1756	 x24:0x00000000 x28=0x00000000
     198695.000 ns	     19868	800044c4	40685b33	sra	x22,x16,x6	 x16:0x00000002  x6:0xffffffff x22=0x00000000
     198705.000 ns	     19869	800044c8	f74b2593	slti	x11,x22,-140	 x22:0x00000000 x11=0x00000000
     198725.000 ns	     19871	800044cc	d01239d3	fcvt.s.wu	f19,x4	  x4:0x00000000 f19=0x00000000
     198755.000 ns	     19874	800044d0	207e8d53	fsgnj.s	f26,f29,f7	 f29:0x3f800000  f7:0x00000000 f26=0x3f800000
     198785.000 ns	     19877	800044d4	03b82d33	mulhsu	x26,x16,x27	 x16:0x00000002 x27:0x00000000 x26=0x00000000
     198805.000 ns	     19879	800044d8	01e31e13	slli	x28,x6,0x1e	  x6:0xffffffff x28=0xc0000000
     198815.000 ns	     19880	800044dc	bf7d6a17	auipc	x20,0xbf7d6	 x20=0x3f7da4dc
     198825.000 ns	     19881	800044e0	a3618037	lui	x0,0xa3618	
     198835.000 ns	     19882	800044e4	d1547213	andi	x4,x8,-747	  x8:0x00000000  x4=0x00000000
     199195.000 ns	     19918	800044e8	03f2d233	divu	x4,x5,x31	  x5:0xfffffe58 x31:0x80040cc4  x4=0x00000001
     199235.000 ns	     19922	800044ec	19030e53	fdiv.s	f28,f6,f16	  f6:0x44bf6000 f16:0x00000000 f28=0x7f800000
     199255.000 ns	     19924	800044f0	a7f27013	andi	x0,x4,-1409	  x4:0x00000001
     199275.000 ns	     19926	800044f4	02be14b3	mulh	x9,x28,x11	 x28:0xc0000000 x11:0x00000000  x9=0x00000000
     199305.000 ns	     19929	800044f8	e00583d3	fmv.x.w	x7,f11	 f11:0x44bf6000  x7=0x44bf6000
     199325.000 ns	     19931	800044fc	41db5f33	sra	x30,x22,x29	 x22:0x00000000 x29:0x00000000 x30=0x00000000
     199345.000 ns	     19933	80004500	a1e385d3	fle.s	x11,f7,f30	  f7:0x00000000 f30:0x00000000 x11=0x00000001
     199385.000 ns	     19937	80004504	10d3fdd3	fmul.s	f27,f7,f13	  f7:0x00000000 f13:0x4f00040f f27=0x00000000
     199405.000 ns	     19939	80004508	4e49fb13	andi	x22,x19,1252	 x19:0x00000000 x22=0x00000000
     199425.000 ns	     19941	8000450c	217885d3	fsgnj.s	f11,f17,f23	 f17:0x00000000 f23:0x00000000 f11=0x00000000
     199455.000 ns	     19944	80004510	e0020353	fmv.x.w	x6,f4	  f4:0x00000000  x6=0x00000000
     199475.000 ns	     19946	80004514	91cc6293	ori	x5,x24,-1764	 x24:0x00000000  x5=0xfffff91c
     199495.000 ns	     19948	80004518	0361deb3	divu	x29,x3,x22	  x3:0xfffffe58 x22:0x00000000 x29=0xffffffff
     199515.000 ns	     19950	8000451c	01fb9c33	sll	x24,x23,x31	 x23:0xfffffa17 x31:0x80040cc4 x24=0xffffa170
     199525.000 ns	     19951	80004520	6e3bc313	xori	x6,x23,1763	 x23:0xfffffa17  x6=0xfffffcf4
     199535.000 ns	     19952	80004524	4187d1b3	sra	x3,x15,x24	 x15:0x00000000 x24:0x00000000  x3=0x00000000
     199555.000 ns	     19954	80004528	a0bfa353	feq.s	x6,f31,f11	 f31:0x7fc00000 f11:0x00000000  x6=0x00000000
     199585.000 ns	     19957	8000452c	037d1533	mulh	x10,x26,x23	 x26:0x00000000 x23:0xfffffa17 x10=0x00000000
     199615.000 ns	     19960	80004530	297e15d3	fmax.s	f11,f28,f23	 f28:0x7f800000 f23:0x00000000 f11=0x7f800000
     199645.000 ns	     19963	80004534	29a18353	fmin.s	f6,f3,f26	  f3:0x00000000 f26:0x3f800000  f6=0x00000000
     199675.000 ns	     19966	80004538	21691ed3	fsgnjn.s	f29,f18,f22	 f18:0x00000000 f22:0x00040c04 f29=0x80000000
     199705.000 ns	     19969	8000453c	a04417d3	flt.s	x15,f8,f4	  f8:0x80000000  f4:0x00000000 x15=0x00000000
     199735.000 ns	     19972	80004540	a0a48e53	fle.s	x28,f9,f10	  f9:0x00000000 f10:0x00000000 x28=0x00000001
     199765.000 ns	     19975	80004544	03dfb0b3	mulhu	x1,x31,x29	 x31:0x80040cc4 x29:0xffffffff  x1=0x80040cc3
     199785.000 ns	     19977	80004548	00000013	addi	x0,x0,0	  x0:0x00000000
     199795.000 ns	     19978	8000454c	005799b3	sll	x19,x15,x5	 x15:0x00000000  x5:0xfffff91c x19=0x00000000
     199835.000 ns	     19982	80004550	08f5f6d3	fsub.s	f13,f11,f15	 f11:0x7f800000 f15:0x4f00040f f13=0x7f800000
     199865.000 ns	     19985	80004554	293b9ed3	fmax.s	f29,f23,f19	 f23:0x00000000 f19:0x00000000 f29=0x00000000
     199885.000 ns	     19987	80004558	d8944a13	xori	x20,x8,-631	  x8:0x00000000 x20=0xfffffd89
     199905.000 ns	     19989	8000455c	0276be33	mulhu	x28,x13,x7	 x13:0x00000001  x7:0x44bf6000 x28=0x00000000
     199925.000 ns	     19991	80004560	0004e633	or	x12,x9,x0	  x9:0x00000000  x0:0x00000000 x12=0x00000000
     199945.000 ns	     19993	80004564	d0158d53	fcvt.s.wu	f26,x11	 x11:0x00000001 f26=0x3f800000
     199975.000 ns	     19996	80004568	02c42ab3	mulhsu	x21,x8,x12	  x8:0x00000000 x12:0xfffffe58 x21=0x00000000
     199995.000 ns	     19998	8000456c	0127dd13	srli	x26,x15,0x12	 x15:0x00000000 x26=0x00000000
     200005.000 ns	     19999	80004570	4f373c13	sltiu	x24,x14,1267	 x14:0x80041024 x24=0x00000000
     200025.000 ns	     20001	80004574	c00c05d3	fcvt.w.s	x11,f24	 f24:0x43183a19 x11=0x00000098
     200045.000 ns	     20003	80004578	00ee59b3	srl	x19,x28,x14	 x28:0x00000000 x14:0x80041024 x19=0x00000000
     200075.000 ns	     20006	8000457c	580578d3	fsqrt.s	f17,f10	 f10:0x00000000 f17=0x00000000
     200095.000 ns	     20008	80004580	c5fb6393	ori	x7,x22,-929	 x22:0x00000000  x7=0xfffffc5f
     200105.000 ns	     20009	80004584	01cd9c33	sll	x24,x27,x28	 x27:0x00000000 x28:0x00000000 x24=0x00000000
     200135.000 ns	     20012	80004588	11690dd3	fmul.s	f27,f18,f22	 f18:0x00000000 f22:0x00040c04 f27=0x00000000
     200155.000 ns	     20014	8000458c	e96a3497	auipc	x9,0xe96a3	  x9=0x696a758c
     200175.000 ns	     20016	80004590	028e33b3	mulhu	x7,x28,x8	 x28:0x00000000  x8:0x00000000  x7=0x00000000
     200195.000 ns	     20018	80004594	0167aab3	slt	x21,x15,x22	 x15:0x00000000 x22:0x00000000 x21=0x00000000
     200205.000 ns	     20019	80004598	1f8bf8b7	lui	x17,0x1f8bf	 x17=0x1f8bf000
     201215.000 ns	     20120	8000459c	580d3b53	fsqrt.s	f22,f26	 f26:0x3f800000 f22=0x3f7fffae
     201235.000 ns	     20122	800045a0	00000013	addi	x0,x0,0	  x0:0x00000000
     201255.000 ns	     20124	800045a4	21d511d3	fsgnjn.s	f3,f10,f29	 f10:0x00000000 f29:0x00000000  f3=0x80000000
     201285.000 ns	     20127	800045a8	f0058a53	fmv.w.x	f20,x11	 x11:0x00000098 f20=0x00000098
     201315.000 ns	     20130	800045ac	a02f84d3	fle.s	x9,f31,f2	 f31:0x7fc00000  f2:0x44bf6000  x9=0x00000000
     201345.000 ns	     20133	800045b0	03a46bb3	rem	x23,x8,x26	  x8:0x00000000 x26:0x00000000 x23=0x00000000
     201375.000 ns	     20136	800045b4	032e0d33	mul	x26,x28,x18	 x28:0x00000000 x18:0x80040fe4 x26=0x00000000
     201405.000 ns	     20139	800045b8	28ab8953	fmin.s	f18,f23,f10	 f23:0x00000000 f10:0x00000000 f18=0x00000000
     201435.000 ns	     20142	800045bc	c0137453	fcvt.wu.s	x8,f6	  f6:0x00000000  x8=0x00000000
     201455.000 ns	     20144	800045c0	33810f93	addi	x31,x2,824	  x2:0x00000000 x31=0x00000338
     201475.000 ns	     20146	800045c4	0237e5b3	rem	x11,x15,x3	 x15:0x00000000  x3:0x00000000 x11=0x00000000
     201495.000 ns	     20148	800045c8	402700b3	sub	x1,x14,x2	 x14:0x80041024  x2:0x00000000  x1=0x80041024
     201515.000 ns	     20150	800045cc	20588c53	fsgnj.s	f24,f17,f5	 f17:0x00000000  f5:0x00000000 f24=0x00000000
     201535.000 ns	     20152	800045d0	404058b3	sra	x17,x0,x4	  x0:0x00000000  x4:0x00000001 x17=0x00000000
     201545.000 ns	     20153	800045d4	0038cb33	xor	x22,x17,x3	 x17:0x1f8bf000  x3:0x00000000 x22=0x00000000
     201565.000 ns	     20155	800045d8	d01a4553	fcvt.s.wu	f10,x20	 x20:0xfffffd89 f10=0x4f7ffffe
     201585.000 ns	     20157	800045dc	00fac7b3	xor	x15,x21,x15	 x21:0x00000000 x15:0x00000000 x15=0x00000000
     201605.000 ns	     20159	800045e0	21d01a53	fsgnjn.s	f20,f0,f29	  f0:0x00000000 f29:0x00000000 f20=0x80000000
     201635.000 ns	     20162	800045e4	02e39d33	mulh	x26,x7,x14	  x7:0x00000000 x14:0x80041024 x26=0x00000000
     201665.000 ns	     20165	800045e8	02ef0f33	mul	x30,x30,x14	 x30:0x00000000 x14:0x80041024 x30=0x00000000
     201685.000 ns	     20167	800045ec	0000dd13	srli	x26,x1,0x0	  x1:0x80041024 x26=0x80041024
     201705.000 ns	     20169	800045f0	20789f53	fsgnjn.s	f30,f17,f7	 f17:0x00000000  f7:0x00000000 f30=0x80000000
     201725.000 ns	     20171	800045f4	418f8d33	sub	x26,x31,x24	 x31:0x00000338 x24:0x00000000 x26=0x00000338
     201735.000 ns	     20172	800045f8	009642b3	xor	x5,x12,x9	 x12:0x00000000  x9:0x00000000  x5=0x00000000
     201755.000 ns	     20174	800045fc	29fd97d3	fmax.s	f15,f27,f31	 f27:0x00000000 f31:0x7fc00000 f15=0x00000000
     201775.000 ns	     20176	80004600	01b21313	slli	x6,x4,0x1b	  x4:0x00000001  x6=0x08000000
     201805.000 ns	     20179	80004604	18abf053	fdiv.s	f0,f23,f10	 f23:0x00000000 f10:0x4f7ffffe  f0=0x00000000
     201835.000 ns	     20182	80004608	02886133	rem	x2,x16,x8	 x16:0x00000002  x8:0x00000000  x2=0x00000002
     201855.000 ns	     20184	8000460c	40110233	sub	x4,x2,x1	  x2:0x00000000  x1:0x80041024  x4=0x7ffbefde
     201875.000 ns	     20186	80004610	e0088e53	fmv.x.w	x28,f17	 f17:0x00000000 x28=0x00000000
     201905.000 ns	     20189	80004614	a029a9d3	feq.s	x19,f19,f2	 f19:0x00000000  f2:0x44bf6000 x19=0x00000000
     201925.000 ns	     20191	80004618	013bee33	or	x28,x23,x19	 x23:0x00000000 x19:0x00000000 x28=0x00000000
     201945.000 ns	     20193	8000461c	e0030a53	fmv.x.w	x20,f6	  f6:0x00000000 x20=0x00000000
     201975.000 ns	     20196	80004620	d01370d3	fcvt.s.wu	f1,x6	  x6:0x08000000  f1=0x4d000000
     202015.000 ns	     20200	80004624	58029253	fsqrt.s	f4,f5	  f5:0x00000000  f4=0x00000000
     202045.000 ns	     20203	80004628	c00e4a53	fcvt.w.s	x20,f28	 f28:0x7f800000 x20=0x7fffffff
     202065.000 ns	     20205	8000462c	003b6c33	or	x24,x22,x3	 x22:0x00000000  x3:0x00000000 x24=0x00000000
     202085.000 ns	     20207	80004630	21a103d3	fsgnj.s	f7,f2,f26	  f2:0x44bf6000 f26:0x3f800000  f7=0x44bf6000
     202105.000 ns	     20209	80004634	00f5efb3	or	x31,x11,x15	 x11:0x00000000 x15:0x00000000 x31=0x00000000
     202125.000 ns	     20211	80004638	c002f553	fcvt.w.s	x10,f5	  f5:0x00000000 x10=0x00000000
     202145.000 ns	     20213	8000463c	00b54c33	xor	x24,x10,x11	 x10:0x00000000 x11:0x00000000 x24=0x00000000
     202155.000 ns	     20214	80004640	00000013	addi	x0,x0,0	  x0:0x00000000
     202165.000 ns	     20215	80004644	0070ab33	slt	x22,x1,x7	  x1:0x80041024  x7:0x00000000 x22=0x00000001
     202175.000 ns	     20216	80004648	40520633	sub	x12,x4,x5	  x4:0x7ffbefde  x5:0x00000000 x12=0x7ffbefde
     202195.000 ns	     20218	8000464c	a1919053	flt.s	x0,f3,f25	  f3:0x80000000 f25:0x00000000
     202225.000 ns	     20221	80004650	c012fed3	fcvt.wu.s	x29,f5	  f5:0x00000000 x29=0x00000000
     202245.000 ns	     20223	80004654	41afdeb3	sra	x29,x31,x26	 x31:0x00000000 x26:0x00000338 x29=0x00000000
     202255.000 ns	     20224	80004658	5bcb7ab7	lui	x21,0x5bcb7	 x21=0x5bcb7000
     202295.000 ns	     20228	8000465c	0164ff53	fadd.s	f30,f9,f22	  f9:0x00000000 f22:0x3f7fffae f30=0x3f7fffae
     202325.000 ns	     20231	80004660	a0bc9b53	flt.s	x22,f25,f11	 f25:0x00000000 f11:0x7f800000 x22=0x00000001
     202365.000 ns	     20235	80004664	58093dd3	fsqrt.s	f27,f18	 f18:0x00000000 f27=0x00000000
     202395.000 ns	     20238	80004668	026e93b3	mulh	x7,x29,x6	 x29:0x00000000  x6:0x08000000  x7=0x00000000
     202435.000 ns	     20242	8000466c	181ffad3	fdiv.s	f21,f31,f1	 f31:0x7fc00000  f1:0x4d000000 f21=0x7fc00000
     202485.000 ns	     20247	80004670	0064c953	fadd.s	f18,f9,f6	  f9:0x00000000  f6:0x00000000 f18=0x00000000
     202515.000 ns	     20250	80004674	f00e0253	fmv.w.x	f4,x28	 x28:0x00000000  f4=0x00000000
     202545.000 ns	     20253	80004678	e00713d3	fclass.s	x7,f14	 f14:0x00000000  x7=0x00000010
     202565.000 ns	     20255	8000467c	00295693	srli	x13,x18,0x2	 x18:0x80040fe4 x13=0x200103f9
     202585.000 ns	     20257	80004680	21d48353	fsgnj.s	f6,f9,f29	  f9:0x00000000 f29:0x00000000  f6=0x00000000
     202615.000 ns	     20260	80004684	d00d87d3	fcvt.s.w	f15,x27	 x27:0x00000000 f15=0x00000000
     202985.000 ns	     20297	80004688	034ae433	rem	x8,x21,x20	 x21:0x5bcb7000 x20:0x7fffffff  x8=0x5bcb7000
     203015.000 ns	     20300	8000468c	031cd3b3	divu	x7,x25,x17	 x25:0x0000026a x17:0x00000000  x7=0xffffffff
     203055.000 ns	     20304	80004690	10f8f9d3	fmul.s	f19,f17,f15	 f17:0x00000000 f15:0x00000000 f19=0x00000000
     203085.000 ns	     20307	80004694	e00294d3	fclass.s	x9,f5	  f5:0x00000000  x9=0x00000010
     203455.000 ns	     20344	80004698	039ff233	remu	x4,x31,x25	 x31:0x00000000 x25:0x0000026a  x4=0x00000000
     203475.000 ns	     20346	8000469c	00000013	addi	x0,x0,0	  x0:0x00000000
     203495.000 ns	     20348	800046a0	d0049bd3	fcvt.s.w	f23,x9	  x9:0x00000010 f23=0x41800000
     203515.000 ns	     20350	800046a4	00e386b3	add	x13,x7,x14	  x7:0xffffffff x14:0x80041024 x13=0x80041023
     203535.000 ns	     20352	800046a8	033370b3	remu	x1,x6,x19	  x6:0x08000000 x19:0x00000000  x1=0x08000000
     203585.000 ns	     20357	800046ac	09dc3d53	fsub.s	f26,f24,f29	 f24:0x00000000 f29:0x00000000 f26=0x80000000
     203605.000 ns	     20359	800046b0	89788f13	addi	x30,x17,-1897	 x17:0x00000000 x30=0xfffff897
     203615.000 ns	     20360	800046b4	01da8e33	add	x28,x21,x29	 x21:0x5bcb7000 x29:0x00000000 x28=0x5bcb7000
     203635.000 ns	     20362	800046b8	211983d3	fsgnj.s	f7,f19,f17	 f19:0x00000000 f17:0x00000000  f7=0x00000000
     203655.000 ns	     20364	800046bc	00000013	addi	x0,x0,0	  x0:0x00000000
     203675.000 ns	     20366	800046c0	d01dfed3	fcvt.s.wu	f29,x27	 x27:0x00000000 f29=0x00000000
     203695.000 ns	     20368	800046c4	4170d313	srai	x6,x1,0x17	  x1:0x08000000  x6=0x00000010
     203705.000 ns	     20369	800046c8	5d41f493	andi	x9,x3,1492	  x3:0x00000000  x9=0x00000000
     203715.000 ns	     20370	800046cc	00909b93	slli	x23,x1,0x9	  x1:0x08000000 x23=0x00000000
     203755.000 ns	     20374	800046d0	090d47d3	fsub.s	f15,f26,f16	 f26:0x80000000 f16:0x00000000 f15=0x80000000
     203775.000 ns	     20376	800046d4	40925233	sra	x4,x4,x9	  x4:0x00000000  x9:0x00000000  x4=0x00000000
     203795.000 ns	     20378	800046d8	215b10d3	fsgnjn.s	f1,f22,f21	 f22:0x3f7fffae f21:0x7fc00000  f1=0xbf7fffae
     203815.000 ns	     20380	800046dc	01d460b3	or	x1,x8,x29	  x8:0x5bcb7000 x29:0x00000000  x1=0x5bcb7000
     203825.000 ns	     20381	800046e0	019bdcb3	srl	x25,x23,x25	 x23:0x00000000 x25:0x0000026a x25=0x00000000
     203835.000 ns	     20382	800046e4	9ca72213	slti	x4,x14,-1590	 x14:0x80041024  x4=0x00000001
     203855.000 ns	     20384	800046e8	a14f9253	flt.s	x4,f31,f20	 f31:0x7fc00000 f20:0x80000000  x4=0x00000000
     203885.000 ns	     20387	800046ec	020d1ab3	mulh	x21,x26,x0	 x26:0x00000338  x0:0x00000000 x21=0x00000000
     203915.000 ns	     20390	800046f0	039319b3	mulh	x19,x6,x25	  x6:0x00000010 x25:0x00000000 x19=0x00000000
     203935.000 ns	     20392	800046f4	412f82b3	sub	x5,x31,x18	 x31:0x00000000 x18:0x80040fe4  x5=0x7ffbf01c
     203945.000 ns	     20393	800046f8	4184da93	srai	x21,x9,0x18	  x9:0x00000000 x21=0x00000000
     203955.000 ns	     20394	800046fc	0057e233	or	x4,x15,x5	 x15:0x00000000  x5:0x00000000  x4=0x7ffbf01c
     203965.000 ns	     20395	80004700	013166b3	or	x13,x2,x19	  x2:0x00000002 x19:0x00000000 x13=0x00000002
     203985.000 ns	     20397	80004704	a1cf29d3	feq.s	x19,f30,f28	 f30:0x3f7fffae f28:0x7f800000 x19=0x00000000
     204005.000 ns	     20399	80004708	00000013	addi	x0,x0,0	  x0:0x00000000
     204015.000 ns	     20400	8000470c	4157d433	sra	x8,x15,x21	 x15:0x00000000 x21:0x00000000  x8=0x00000000
     204035.000 ns	     20402	80004710	21f00b53	fsgnj.s	f22,f0,f31	  f0:0x00000000 f31:0x7fc00000 f22=0x00000000
     204065.000 ns	     20405	80004714	d01e94d3	fcvt.s.wu	f9,x29	 x29:0x00000000  f9=0x00000000
     204105.000 ns	     20409	80004718	18d5c2d3	fdiv.s	f5,f11,f13	 f11:0x7f800000 f13:0x7f800000  f5=0x7fc00000
     204125.000 ns	     20411	8000471c	01b42a33	slt	x20,x8,x27	  x8:0x00000000 x27:0x00000000 x20=0x00000000
     204135.000 ns	     20412	80004720	00a53033	sltu	x0,x10,x10	 x10:0x00000000 x10:0x00000000
     204155.000 ns	     20414	80004724	0389f7b3	remu	x15,x19,x24	 x19:0x00000000 x24:0x00000000 x15=0x00000000
     204185.000 ns	     20417	80004728	d00e2c53	fcvt.s.w	f24,x28	 x28:0x5bcb7000 f24=0x4eb796e0
     204215.000 ns	     20420	8000472c	d0133453	fcvt.s.wu	f8,x6	  x6:0x00000010  f8=0x41800000
     204235.000 ns	     20422	80004730	ae777b93	andi	x23,x14,-1305	 x14:0x80041024 x23=0x80041024
     204255.000 ns	     20424	80004734	d00905d3	fcvt.s.w	f11,x18	 x18:0x80040fe4 f11=0xcefff7e0
     204275.000 ns	     20426	80004738	00000013	addi	x0,x0,0	  x0:0x00000000
     204285.000 ns	     20427	8000473c	ebba8593	addi	x11,x21,-325	 x21:0x00000000 x11=0xfffffebb
     204315.000 ns	     20430	80004740	186abf53	fdiv.s	f30,f21,f6	 f21:0x7fc00000  f6:0x00000000 f30=0x7fc00000
     204345.000 ns	     20433	80004744	a0190c53	fle.s	x24,f18,f1	 f18:0x00000000  f1:0xbf7fffae x24=0x00000000
     204715.000 ns	     20470	80004748	0247fdb3	remu	x27,x15,x4	 x15:0x00000000  x4:0x7ffbf01c x27=0x00000000
     204745.000 ns	     20473	8000474c	a0412a53	feq.s	x20,f2,f4	  f2:0x44bf6000  f4:0x00000000 x20=0x00000000
     204765.000 ns	     20475	80004750	4198d093	srai	x1,x17,0x19	 x17:0x00000000  x1=0x00000000
     204775.000 ns	     20476	80004754	411701b3	sub	x3,x14,x17	 x14:0x80041024 x17:0x00000000  x3=0x80041024
     204805.000 ns	     20479	80004758	199f7453	fdiv.s	f8,f30,f25	 f30:0x7fc00000 f25:0x00000000  f8=0x7fc00000
     204835.000 ns	     20482	8000475c	a12a06d3	fle.s	x13,f20,f18	 f20:0x80000000 f18:0x00000000 x13=0x00000001
     204865.000 ns	     20485	80004760	28701253	fmax.s	f4,f0,f7	  f0:0x00000000  f7:0x00000000  f4=0x00000000
     204885.000 ns	     20487	80004764	3803f593	andi	x11,x7,896	  x7:0xffffffff x11=0x00000380
     204915.000 ns	     20490	80004768	103dbd53	fmul.s	f26,f27,f3	 f27:0x00000000  f3:0x80000000 f26=0x80000000
     204935.000 ns	     20492	8000476c	01c98533	add	x10,x19,x28	 x19:0x00000000 x28:0x5bcb7000 x10=0x5bcb7000
     204945.000 ns	     20493	80004770	1fa1fd93	andi	x27,x3,506	  x3:0x80041024 x27=0x00000020
     204955.000 ns	     20494	80004774	00000013	addi	x0,x0,0	  x0:0x00000000
     204965.000 ns	     20495	80004778	93934293	xori	x5,x6,-1735	  x6:0x00000010  x5=0xfffff929
     204975.000 ns	     20496	8000477c	00989d93	slli	x27,x17,0x9	 x17:0x00000000 x27=0x00000000
     204995.000 ns	     20498	80004780	a04a1d53	flt.s	x26,f20,f4	 f20:0x80000000  f4:0x00000000 x26=0x00000000
     205015.000 ns	     20500	80004784	b45fa113	slti	x2,x31,-1211	 x31:0x00000000  x2=0x00000000
     205025.000 ns	     20501	80004788	41cb5e13	srai	x28,x22,0x1c	 x22:0x00000001 x28=0x00000000
     205045.000 ns	     20503	8000478c	039e8033	mul	x0,x29,x25	 x29:0x00000000 x25:0x00000000
     205065.000 ns	     20505	80004790	00000013	addi	x0,x0,0	  x0:0x00000000
     205075.000 ns	     20506	80004794	afdf3a37	lui	x20,0xafdf3	 x20=0xafdf3000
     205115.000 ns	     20510	80004798	0075fe53	fadd.s	f28,f11,f7	 f11:0xcefff7e0  f7:0x00000000 f28=0xcefff7e0
     205145.000 ns	     20513	8000479c	a05093d3	flt.s	x7,f1,f5	  f1:0xbf7fffae  f5:0x7fc00000  x7=0x00000000
     205175.000 ns	     20516	800047a0	21a9acd3	fsgnjx.s	f25,f19,f26	 f19:0x00000000 f26:0x80000000 f25=0x80000000
     205205.000 ns	     20519	800047a4	d01878d3	fcvt.s.wu	f17,x16	 x16:0x00000002 f17=0x40000000
     205225.000 ns	     20521	800047a8	01470433	add	x8,x14,x20	 x14:0x80041024 x20:0xafdf3000  x8=0x2fe34024
     205245.000 ns	     20523	800047ac	0311aab3	mulhsu	x21,x3,x17	  x3:0x80041024 x17:0x00000000 x21=0x00000000
     205265.000 ns	     20525	800047b0	00b45033	srl	x0,x8,x11	  x8:0x00000000 x11:0x00000380
     205275.000 ns	     20526	800047b4	003f1c13	slli	x24,x30,0x3	 x30:0xfffff897 x24=0xffffc4b8
     205295.000 ns	     20528	800047b8	21530cd3	fsgnj.s	f25,f6,f21	  f6:0x00000000 f21:0x7fc00000 f25=0x00000000
     205335.000 ns	     20532	800047bc	58002b53	fsqrt.s	f22,f0	  f0:0x00000000 f22=0x00000000
     205365.000 ns	     20535	800047c0	0219b633	mulhu	x12,x19,x1	 x19:0x00000000  x1:0x00000000 x12=0x00000000
     205395.000 ns	     20538	800047c4	c015f4d3	fcvt.wu.s	x9,f11	 f11:0xcefff7e0  x9=0x7ffbf000
     205415.000 ns	     20540	800047c8	40235233	sra	x4,x6,x2	  x6:0x00000010  x2:0x00000000  x4=0x00000010
     205425.000 ns	     20541	800047cc	007885b3	add	x11,x17,x7	 x17:0x00000000  x7:0x00000000 x11=0x00000000
     205435.000 ns	     20542	800047d0	017b1d13	slli	x26,x22,0x17	 x22:0x00000001 x26=0x00800000
     205445.000 ns	     20543	800047d4	007e0bb3	add	x23,x28,x7	 x28:0x00000000  x7:0x00000000 x23=0x00000000
     205455.000 ns	     20544	800047d8	007b9c13	slli	x24,x23,0x7	 x23:0x80041024 x24=0x00000000
     205465.000 ns	     20545	800047dc	a9dfa117	auipc	x2,0xa9dfa	  x2=0x29dfe7dc
     205475.000 ns	     20546	800047e0	d870f517	auipc	x10,0xd870f	 x10=0x587137e0
     205485.000 ns	     20547	800047e4	4087d213	srai	x4,x15,0x8	 x15:0x00000000  x4=0x00000000
     205505.000 ns	     20549	800047e8	f0078953	fmv.w.x	f18,x15	 x15:0x00000000 f18=0x00000000
     205555.000 ns	     20554	800047ec	0041fb53	fadd.s	f22,f3,f4	  f3:0x80000000  f4:0x00000000 f22=0x00000000
     205595.000 ns	     20558	800047f0	19017453	fdiv.s	f8,f2,f16	  f2:0x44bf6000 f16:0x00000000  f8=0x7f800000
     205615.000 ns	     20560	800047f4	56b64613	xori	x12,x12,1387	 x12:0x00000000 x12=0x0000056b
     205635.000 ns	     20562	800047f8	d001f553	fcvt.s.w	f10,x3	  x3:0x80041024 f10=0xcefff7df
     205665.000 ns	     20565	800047fc	a1d586d3	fle.s	x13,f11,f29	 f11:0xcefff7e0 f29:0x00000000 x13=0x00000001
     205685.000 ns	     20567	80004800	012dfab3	and	x21,x27,x18	 x27:0x00000000 x18:0x80040fe4 x21=0x00000000
     206045.000 ns	     20603	80004804	03ae42b3	div	x5,x28,x26	 x28:0x00000000 x26:0x00800000  x5=0x00000000
     206065.000 ns	     20605	80004808	c6bbaf13	slti	x30,x23,-917	 x23:0x00000000 x30=0x00000000
     206085.000 ns	     20607	8000480c	d00fb953	fcvt.s.w	f18,x31	 x31:0x00000000 f18=0x00000000
     206105.000 ns	     20609	80004810	009b79b3	and	x19,x22,x9	 x22:0x00000001  x9:0x7ffbf000 x19=0x00000000
     206115.000 ns	     20610	80004814	006c90b3	sll	x1,x25,x6	 x25:0x00000000  x6:0x00000010  x1=0x00000000
     206135.000 ns	     20612	80004818	024ad633	divu	x12,x21,x4	 x21:0x00000000  x4:0x00000000 x12=0xffffffff
     206165.000 ns	     20615	8000481c	d00dc653	fcvt.s.w	f12,x27	 x27:0x00000000 f12=0x00000000
     206185.000 ns	     20617	80004820	cdb82d13	slti	x26,x16,-805	 x16:0x00000002 x26=0x00000000
     206205.000 ns	     20619	80004824	21abaad3	fsgnjx.s	f21,f23,f26	 f23:0x41800000 f26:0x80000000 f21=0xc1800000
     207385.000 ns	     20737	80004828	5808fc53	fsqrt.s	f24,f17	 f17:0x40000000 f24=0x3f350482
     207435.000 ns	     20742	8000482c	01ccf9d3	fadd.s	f19,f25,f28	 f25:0x00000000 f28:0xcefff7e0 f19=0xcefff7e0
     207455.000 ns	     20744	80004830	4163fc13	andi	x24,x7,1046	  x7:0x00000000 x24=0x00000000
     207465.000 ns	     20745	80004834	008594b3	sll	x9,x11,x8	 x11:0x00000000  x8:0x2fe34024  x9=0x00000000
     207485.000 ns	     20747	80004838	c00a8a53	fcvt.w.s	x20,f21	 f21:0xc1800000 x20=0xfffffff0
     207515.000 ns	     20750	8000483c	29e28753	fmin.s	f14,f5,f30	  f5:0x7fc00000 f30:0x7fc00000 f14=0x7fc00000
     207535.000 ns	     20752	80004840	40e75e93	srai	x29,x14,0xe	 x14:0x80041024 x29=0xfffe0010
     207555.000 ns	     20754	80004844	d00c71d3	fcvt.s.w	f3,x24	 x24:0x00000000  f3=0x00000000
     207595.000 ns	     20758	80004848	18fdfb53	fdiv.s	f22,f27,f15	 f27:0x00000000 f15:0x80000000 f22=0x7fc00000
     207965.000 ns	     20795	8000484c	02876fb3	rem	x31,x14,x8	 x14:0x80041024  x8:0x2fe34024 x31=0xdfca906c
     207985.000 ns	     20797	80004850	07833d37	lui	x26,0x7833	 x26=0x07833000
     207995.000 ns	     20798	80004854	016ee433	or	x8,x29,x22	 x29:0xfffe0010 x22:0x00000001  x8=0xfffe0011
     208015.000 ns	     20800	80004858	c01affd3	fcvt.wu.s	x31,f21	 f21:0xc1800000 x31=0x00000010
     208055.000 ns	     20804	8000485c	580ff553	fsqrt.s	f10,f31	 f31:0x7fc00000 f10=0x7fc00000
     208085.000 ns	     20807	80004860	f00f0853	fmv.w.x	f16,x30	 x30:0x00000000 f16=0x00000000
     208115.000 ns	     20810	80004864	203026d3	fsgnjx.s	f13,f0,f3	  f0:0x00000000  f3:0x00000000 f13=0x00000000
     208135.000 ns	     20812	80004868	00000013	addi	x0,x0,0	  x0:0x00000000
     208145.000 ns	     20813	8000486c	0186e0b3	or	x1,x13,x24	 x13:0x00000001 x24:0x00000000  x1=0x00000001
     208155.000 ns	     20814	80004870	0147fa33	and	x20,x15,x20	 x15:0x00000000 x20:0xfffffff0 x20=0x00000000
     208175.000 ns	     20816	80004874	02e92eb3	mulhsu	x29,x18,x14	 x18:0x80040fe4 x14:0x80041024 x29=0xbffffff0
     208195.000 ns	     20818	80004878	4187d513	srai	x10,x15,0x18	 x15:0x00000000 x10=0x00000000
     208205.000 ns	     20819	8000487c	9b9c4c97	auipc	x25,0x9b9c4	 x25=0x1b9c887c
     208225.000 ns	     20821	80004880	029911b3	mulh	x3,x18,x9	 x18:0x80040fe4  x9:0x00000000  x3=0x00000000
     208255.000 ns	     20824	80004884	02044f33	div	x30,x8,x0	  x8:0xfffe0011  x0:0x00000000 x30=0xffffffff
     208285.000 ns	     20827	80004888	c0060253	fcvt.w.s	x4,f12	 f12:0x00000000  x4=0x00000000
     208305.000 ns	     20829	8000488c	41e3df13	srai	x30,x7,0x1e	  x7:0x00000000 x30=0x00000000
     208325.000 ns	     20831	80004890	a0b39653	flt.s	x12,f7,f11	  f7:0x00000000 f11:0xcefff7e0 x12=0x00000000
     208355.000 ns	     20834	80004894	e00304d3	fmv.x.w	x9,f6	  f6:0x00000000  x9=0x00000000
     208385.000 ns	     20837	80004898	28399153	fmax.s	f2,f19,f3	 f19:0xcefff7e0  f3:0x00000000  f2=0x00000000
     208405.000 ns	     20839	8000489c	01a4b1b3	sltu	x3,x9,x26	  x9:0x00000000 x26:0x07833000  x3=0x00000001
     208415.000 ns	     20840	800048a0	017b9513	slli	x10,x23,0x17	 x23:0x00000000 x10=0x00000000
     208455.000 ns	     20844	800048a4	004473d3	fadd.s	f7,f8,f4	  f8:0x7f800000  f4:0x00000000  f7=0x7f800000
     208485.000 ns	     20847	800048a8	03b6b633	mulhu	x12,x13,x27	 x13:0x00000001 x27:0x00000000 x12=0x00000000
     208515.000 ns	     20850	800048ac	280583d3	fmin.s	f7,f11,f0	 f11:0xcefff7e0  f0:0x00000000  f7=0xcefff7e0
     208535.000 ns	     20852	800048b0	00000013	addi	x0,x0,0	  x0:0x00000000
     209705.000 ns	     20969	800048b4	580bcdd3	fsqrt.s	f27,f23	 f23:0x41800000 f27=0x407fffae
     209735.000 ns	     20972	800048b8	02c7dab3	divu	x21,x15,x12	 x15:0x00000000 x12:0x00000000 x21=0xffffffff
     209755.000 ns	     20974	800048bc	00cc7393	andi	x7,x24,12	 x24:0x00000000  x7=0x00000000
     209765.000 ns	     20975	800048c0	007a90b3	sll	x1,x21,x7	 x21:0xffffffff  x7:0x00000000  x1=0xffffffff
     209775.000 ns	     20976	800048c4	2a3cf193	andi	x3,x25,675	 x25:0x1b9c887c  x3=0x00000020
     209795.000 ns	     20978	800048c8	c00ffcd3	fcvt.w.s	x25,f31	 f31:0x7fc00000 x25=0x7fffffff
     209815.000 ns	     20980	800048cc	fdc68613	addi	x12,x13,-36	 x13:0x00000001 x12=0xffffffdd
     209835.000 ns	     20982	800048d0	d0007453	fcvt.s.w	f8,x0	  x0:0x00000000  f8=0x00000000
     210205.000 ns	     21019	800048d4	022de433	rem	x8,x27,x2	 x27:0x00000000  x2:0x29dfe7dc  x8=0x00000000
     210225.000 ns	     21021	800048d8	01722e33	slt	x28,x4,x23	  x4:0x00000000 x23:0x00000000 x28=0x00000000
     210585.000 ns	     21057	800048dc	03f06b33	rem	x22,x0,x31	  x0:0x00000000 x31:0x00000010 x22=0x00000000
     210605.000 ns	     21059	800048e0	412159b7	lui	x19,0x41215	 x19=0x41215000
     210625.000 ns	     21061	800048e4	d00e27d3	fcvt.s.w	f15,x28	 x28:0x00000000 f15=0x00000000
     210645.000 ns	     21063	800048e8	405a5893	srai	x17,x20,0x5	 x20:0x00000000 x17=0x00000000
     210665.000 ns	     21065	800048ec	02a46533	rem	x10,x8,x10	  x8:0x00000000 x10:0x00000000 x10=0x00000000
     210685.000 ns	     21067	800048f0	0111abb3	slt	x23,x3,x17	  x3:0x00000020 x17:0x00000000 x23=0x00000000
     210725.000 ns	     21071	800048f4	00dbf0d3	fadd.s	f1,f23,f13	 f23:0x41800000 f13:0x00000000  f1=0x41800000
     210745.000 ns	     21073	800048f8	41db05b3	sub	x11,x22,x29	 x22:0x00000000 x29:0xbffffff0 x11=0x40000010
     210755.000 ns	     21074	800048fc	0084a033	slt	x0,x9,x8	  x9:0x00000000  x8:0x00000000
     210765.000 ns	     21075	80004900	414559b3	sra	x19,x10,x20	 x10:0x00000000 x20:0x00000000 x19=0x00000000
     210785.000 ns	     21077	80004904	e0099fd3	fclass.s	x31,f19	 f19:0xcefff7e0 x31=0x00000002
     210805.000 ns	     21079	80004908	01469e33	sll	x28,x13,x20	 x13:0x00000001 x20:0x00000000 x28=0x00000001
     210825.000 ns	     21081	8000490c	02f5c8b3	div	x17,x11,x15	 x11:0x40000010 x15:0x00000000 x17=0xffffffff
     210845.000 ns	     21083	80004910	003cd993	srli	x19,x25,0x3	 x25:0x7fffffff x19=0x0fffffff
     210865.000 ns	     21085	80004914	e00113d3	fclass.s	x7,f2	  f2:0x00000000  x7=0x00000010
     210895.000 ns	     21088	80004918	295982d3	fmin.s	f5,f19,f21	 f19:0xcefff7e0 f21:0xc1800000  f5=0xcefff7e0
     210915.000 ns	     21090	8000491c	57a6e893	ori	x17,x13,1402	 x13:0x00000001 x17=0x0000057b
     210925.000 ns	     21091	80004920	01ffcb33	xor	x22,x31,x31	 x31:0x00000002 x31:0x00000002 x22=0x00000000
     211285.000 ns	     21127	80004924	030eed33	rem	x26,x29,x16	 x29:0xbffffff0 x16:0x00000002 x26=0x00000000
     211655.000 ns	     21164	80004928	027648b3	div	x17,x12,x7	 x12:0xffffffdd  x7:0x00000010 x17=0xfffffffe
     211685.000 ns	     21167	8000492c	d0058353	fcvt.s.w	f6,x11	 x11:0x40000010  f6=0x4e800000
     211715.000 ns	     21170	80004930	03414d33	div	x26,x2,x20	  x2:0x29dfe7dc x20:0x00000000 x26=0xffffffff
     211745.000 ns	     21173	80004934	c001acd3	fcvt.w.s	x25,f3	  f3:0x00000000 x25=0x00000000
     211775.000 ns	     21176	80004938	e00a88d3	fmv.x.w	x17,f21	 f21:0xc1800000 x17=0xc1800000
     211805.000 ns	     21179	8000493c	0348f033	remu	x0,x17,x20	 x17:0xfffffffe x20:0x00000000
     211825.000 ns	     21181	80004940	db252d13	slti	x26,x10,-590	 x10:0x00000000 x26=0x00000000
     211845.000 ns	     21183	80004944	21e01853	fsgnjn.s	f16,f0,f30	  f0:0x00000000 f30:0x7fc00000 f16=0x80000000
     211895.000 ns	     21188	80004948	09af3153	fsub.s	f2,f30,f26	 f30:0x7fc00000 f26:0x80000000  f2=0x7fc00000
     211915.000 ns	     21190	8000494c	cb78bc13	sltiu	x24,x17,-841	 x17:0xc1800000 x24=0x00000001
     211925.000 ns	     21191	80004950	8bea8893	addi	x17,x21,-1858	 x21:0xffffffff x17=0xfffff8bd
     211945.000 ns	     21193	80004954	02b51633	mulh	x12,x10,x11	 x10:0x00000000 x11:0x40000010 x12=0x00000000
     212315.000 ns	     21230	80004958	03de4433	div	x8,x28,x29	 x28:0x00000001 x29:0xbffffff0  x8=0x00000000
     212345.000 ns	     21233	8000495c	a1f90353	fle.s	x6,f18,f31	 f18:0x00000000 f31:0x7fc00000  x6=0x00000000
     212375.000 ns	     21236	80004960	29789f53	fmax.s	f30,f17,f23	 f17:0x40000000 f23:0x41800000 f30=0x41800000
     212405.000 ns	     21239	80004964	a13602d3	fle.s	x5,f12,f19	 f12:0x00000000 f19:0xcefff7e0  x5=0x00000000
     212425.000 ns	     21241	80004968	9b20e113	ori	x2,x1,-1614	  x1:0xffffffff  x2=0xffffffff
     212445.000 ns	     21243	8000496c	20ec9153	fsgnjn.s	f2,f25,f14	 f25:0x00000000 f14:0x7fc00000  f2=0x80000000
     212475.000 ns	     21246	80004970	a17711d3	flt.s	x3,f14,f23	 f14:0x7fc00000 f23:0x41800000  x3=0x00000000
     212495.000 ns	     21248	80004974	f4e28993	addi	x19,x5,-178	  x5:0x00000000 x19=0xffffff4e
     212515.000 ns	     21250	80004978	031221b3	mulhsu	x3,x4,x17	  x4:0x00000000 x17:0xfffff8bd  x3=0x00000000
     212855.000 ns	     21284	8000497c	1879a153	fdiv.s	f2,f19,f7	 f19:0xcefff7e0  f7:0xcefff7e0  f2=0x3f7ff7e0
     212885.000 ns	     21287	80004980	03132c33	mulhsu	x24,x6,x17	  x6:0x00000000 x17:0xfffff8bd x24=0x00000000
     212905.000 ns	     21289	80004984	005da633	slt	x12,x27,x5	 x27:0x00000000  x5:0x00000000 x12=0x00000000
     212915.000 ns	     21290	80004988	01609093	slli	x1,x1,0x16	  x1:0xffffffff  x1=0xffc00000
     212925.000 ns	     21291	8000498c	013b1c93	slli	x25,x22,0x13	 x22:0x00000000 x25=0x00000000
     214095.000 ns	     21408	80004990	580c73d3	fsqrt.s	f7,f24	 f24:0x3f350482  f7=0x3effff22
     214135.000 ns	     21412	80004994	5805ba53	fsqrt.s	f20,f11	 f11:0xcefff7e0 f20=0x7fc00000
     214505.000 ns	     21449	80004998	0335c1b3	div	x3,x11,x19	 x11:0x40000010 x19:0xffffff4e  x3=0xffa3f47f
     214535.000 ns	     21452	8000499c	c00270d3	fcvt.w.s	x1,f4	  f4:0x00000000  x1=0x00000000
     214565.000 ns	     21455	800049a0	20041753	fsgnjn.s	f14,f8,f0	  f8:0x00000000  f0:0x00000000 f14=0x80000000
     214585.000 ns	     21457	800049a4	00000013	addi	x0,x0,0	  x0:0x00000000
     214605.000 ns	     21459	800049a8	2145a9d3	fsgnjx.s	f19,f11,f20	 f11:0xcefff7e0 f20:0x7fc00000 f19=0xcefff7e0
     214625.000 ns	     21461	800049ac	f8b7d9b7	lui	x19,0xf8b7d	 x19=0xf8b7d000
     214645.000 ns	     21463	800049b0	038f4133	div	x2,x30,x24	 x30:0x00000000 x24:0x00000000  x2=0xffffffff
     214685.000 ns	     21467	800049b4	18982b53	fdiv.s	f22,f16,f9	 f16:0x80000000  f9:0x00000000 f22=0x7fc00000
     214715.000 ns	     21470	800049b8	d01cf353	fcvt.s.wu	f6,x25	 x25:0x00000000  f6=0x00000000
     214745.000 ns	     21473	800049bc	d00af3d3	fcvt.s.w	f7,x21	 x21:0xffffffff  f7=0xbf800000
     214775.000 ns	     21476	800049c0	c014fed3	fcvt.wu.s	x29,f9	  f9:0x00000000 x29=0x00000000
     214795.000 ns	     21478	800049c4	417181b3	sub	x3,x3,x23	  x3:0xffa3f47f x23:0x00000000  x3=0xffa3f47f
     214815.000 ns	     21480	800049c8	c009fdd3	fcvt.w.s	x27,f19	 f19:0xcefff7e0 x27=0x7ffbf000
     214835.000 ns	     21482	800049cc	019bd8b3	srl	x17,x23,x25	 x23:0x00000000 x25:0x00000000 x17=0x00000000
     214845.000 ns	     21483	800049d0	57be4cb7	lui	x25,0x57be4	 x25=0x57be4000
     214855.000 ns	     21484	800049d4	004f2bb3	slt	x23,x30,x4	 x30:0x00000000  x4:0x00000000 x23=0x00000000
     215215.000 ns	     21520	800049d8	02797633	remu	x12,x18,x7	 x18:0x80040fe4  x7:0x00000010 x12=0x00000004
     215245.000 ns	     21523	800049dc	20b20553	fsgnj.s	f10,f4,f11	  f4:0x00000000 f11:0xcefff7e0 f10=0x80000000
     215615.000 ns	     21560	800049e0	0322d3b3	divu	x7,x5,x18	  x5:0x00000000 x18:0x80040fe4  x7=0x00000000
     215645.000 ns	     21563	800049e4	d00af653	fcvt.s.w	f12,x21	 x21:0xffffffff f12=0xbf800000
     215675.000 ns	     21566	800049e8	217c0753	fsgnj.s	f14,f24,f23	 f24:0x3f350482 f23:0x41800000 f14=0x3f350482
     215695.000 ns	     21568	800049ec	eaea7e93	andi	x29,x20,-338	 x20:0x00000000 x29=0x00000000
     215705.000 ns	     21569	800049f0	b3ff0f13	addi	x30,x30,-1217	 x30:0x00000000 x30=0xfffffb3f
     215715.000 ns	     21570	800049f4	41d880b3	sub	x1,x17,x29	 x17:0x00000000 x29:0x00000000  x1=0x00000000
     215735.000 ns	     21572	800049f8	d00d1cd3	fcvt.s.w	f25,x26	 x26:0x00000000 f25=0x00000000
     215765.000 ns	     21575	800049fc	e0078153	fmv.x.w	x2,f15	 f15:0x00000000  x2=0x00000000
     215795.000 ns	     21578	80004a00	e0010a53	fmv.x.w	x20,f2	  f2:0x3f7ff7e0 x20=0x3f7ff7e0
     215825.000 ns	     21581	80004a04	e00c8453	fmv.x.w	x8,f25	 f25:0x00000000  x8=0x00000000
     215855.000 ns	     21584	80004a08	03c91b33	mulh	x22,x18,x28	 x18:0x80040fe4 x28:0x00000001 x22=0xffffffff
     215885.000 ns	     21587	80004a0c	e00a1053	fclass.s	x0,f20	 f20:0x7fc00000
     215905.000 ns	     21589	80004a10	7676c593	xori	x11,x13,1895	 x13:0x00000001 x11=0x00000766
     215925.000 ns	     21591	80004a14	02bbb5b3	mulhu	x11,x23,x11	 x23:0x00000000 x11:0x40000010 x11=0x00000000
     215975.000 ns	     21596	80004a18	0067f853	fadd.s	f16,f15,f6	 f15:0x00000000  f6:0x00000000 f16=0x00000000
     216345.000 ns	     21633	80004a1c	030a7433	remu	x8,x20,x16	 x20:0x3f7ff7e0 x16:0x00000002  x8=0x00000000
     216375.000 ns	     21636	80004a20	e00216d3	fclass.s	x13,f4	  f4:0x00000000 x13=0x00000010
     216405.000 ns	     21639	80004a24	2150a1d3	fsgnjx.s	f3,f1,f21	  f1:0x41800000 f21:0xc1800000  f3=0xc1800000
     216435.000 ns	     21642	80004a28	a10410d3	flt.s	x1,f8,f16	  f8:0x00000000 f16:0x00000000  x1=0x00000000
     216465.000 ns	     21645	80004a2c	a1f32d53	feq.s	x26,f6,f31	  f6:0x00000000 f31:0x7fc00000 x26=0x00000000
     216495.000 ns	     21648	80004a30	03ab5033	divu	x0,x22,x26	 x22:0xffffffff x26:0x00000000
     216525.000 ns	     21651	80004a34	a0e88f53	fle.s	x30,f17,f14	 f17:0x40000000 f14:0x3f350482 x30=0x00000000
     216545.000 ns	     21653	80004a38	33a8b293	sltiu	x5,x17,826	 x17:0x00000000  x5=0x00000001
     216555.000 ns	     21654	80004a3c	01429c33	sll	x24,x5,x20	  x5:0x00000000 x20:0x3f7ff7e0 x24=0x00000001
     216915.000 ns	     21690	80004a40	02d377b3	remu	x15,x6,x13	  x6:0x00000000 x13:0x00000010 x15=0x00000000
     216945.000 ns	     21693	80004a44	211c1b53	fsgnjn.s	f22,f24,f17	 f24:0x3f350482 f17:0x40000000 f22=0xbf350482
     216965.000 ns	     21695	80004a48	015e8ab3	add	x21,x29,x21	 x29:0x00000000 x21:0xffffffff x21=0xffffffff
     216985.000 ns	     21697	80004a4c	d01539d3	fcvt.s.wu	f19,x10	 x10:0x00000000 f19=0x00000000
     217025.000 ns	     21701	80004a50	1800f8d3	fdiv.s	f17,f1,f0	  f1:0x41800000  f0:0x00000000 f17=0x7f800000
     217075.000 ns	     21706	80004a54	0003f9d3	fadd.s	f19,f7,f0	  f7:0xbf800000  f0:0x00000000 f19=0xbf800000
     217445.000 ns	     21743	80004a58	02d5dbb3	divu	x23,x11,x13	 x11:0x00000000 x13:0x00000010 x23=0x00000000
     217475.000 ns	     21746	80004a5c	d0151a53	fcvt.s.wu	f20,x10	 x10:0x00000000 f20=0x00000000
     217495.000 ns	     21748	80004a60	419b59b3	sra	x19,x22,x25	 x22:0xffffffff x25:0x57be4000 x19=0xffffffff
     217505.000 ns	     21749	80004a64	4172de93	srai	x29,x5,0x17	  x5:0x00000001 x29=0x00000000
     217515.000 ns	     21750	80004a68	1521fe13	andi	x28,x3,338	  x3:0xffa3f47f x28=0x00000052
     217535.000 ns	     21752	80004a6c	a0888e53	fle.s	x28,f17,f8	 f17:0x7f800000  f8:0x00000000 x28=0x00000000
     217555.000 ns	     21754	80004a70	9d3e2c93	slti	x25,x28,-1581	 x28:0x00000001 x25=0x00000000
     217585.000 ns	     21757	80004a74	19d0fb53	fdiv.s	f22,f1,f29	  f1:0x41800000 f29:0x00000000 f22=0x7f800000
     217605.000 ns	     21759	80004a78	0096e1b3	or	x3,x13,x9	 x13:0x00000010  x9:0x00000000  x3=0x00000010
     217645.000 ns	     21763	80004a7c	017b7dd3	fadd.s	f27,f22,f23	 f22:0x7f800000 f23:0x41800000 f27=0x7f800000
     217665.000 ns	     21765	80004a80	0072dd93	srli	x27,x5,0x7	  x5:0x00000001 x27=0x00000000
     217695.000 ns	     21768	80004a84	580439d3	fsqrt.s	f19,f8	  f8:0x00000000 f19=0x00000000
     217725.000 ns	     21771	80004a88	03a34633	div	x12,x6,x26	  x6:0x00000000 x26:0x00000000 x12=0xffffffff
     217745.000 ns	     21773	80004a8c	9213ef93	ori	x31,x7,-1759	  x7:0x00000000 x31=0xfffff921
     217785.000 ns	     21777	80004a90	081f07d3	fsub.s	f15,f30,f1	 f30:0x41800000  f1:0x41800000 f15=0x80000000
     217805.000 ns	     21779	80004a94	01233133	sltu	x2,x6,x18	  x6:0x00000000 x18:0x80040fe4  x2=0x00000001
     217825.000 ns	     21781	80004a98	21991553	fsgnjn.s	f10,f18,f25	 f18:0x00000000 f25:0x00000000 f10=0x80000000
     217845.000 ns	     21783	80004a9c	004cad33	slt	x26,x25,x4	 x25:0x00000000  x4:0x00000000 x26=0x00000000
     217875.000 ns	     21786	80004aa0	5805fd53	fsqrt.s	f26,f11	 f11:0xcefff7e0 f26=0x7fc00000
     218245.000 ns	     21823	80004aa4	034171b3	remu	x3,x2,x20	  x2:0x00000001 x20:0x3f7ff7e0  x3=0x00000001
     218275.000 ns	     21826	80004aa8	d00d47d3	fcvt.s.w	f15,x26	 x26:0x00000000 f15=0x00000000
     218295.000 ns	     21828	80004aac	01255bb3	srl	x23,x10,x18	 x10:0x00000000 x18:0x80040fe4 x23=0x00000000
     218315.000 ns	     21830	80004ab0	20b004d3	fsgnj.s	f9,f0,f11	  f0:0x00000000 f11:0xcefff7e0  f9=0x80000000
     218345.000 ns	     21833	80004ab4	a090aad3	feq.s	x21,f1,f9	  f1:0x41800000  f9:0x00000000 x21=0x00000000
     218365.000 ns	     21835	80004ab8	88227c37	lui	x24,0x88227	 x24=0x88227000
     218405.000 ns	     21839	80004abc	00ef7bd3	fadd.s	f23,f30,f14	 f30:0x41800000 f14:0x3f350482 f23=0x4185a824
     218435.000 ns	     21842	80004ac0	020a66b3	rem	x13,x20,x0	 x20:0x3f7ff7e0  x0:0x00000000 x13=0x3f7ff7e0
     218455.000 ns	     21844	80004ac4	009c80b3	add	x1,x25,x9	 x25:0x00000000  x9:0x00000000  x1=0x00000000
     218475.000 ns	     21846	80004ac8	282e8453	fmin.s	f8,f29,f2	 f29:0x00000000  f2:0x3f7ff7e0  f8=0x00000000
     218495.000 ns	     21848	80004acc	99986213	ori	x4,x16,-1639	 x16:0x00000002  x4=0xfffff99b
     218515.000 ns	     21850	80004ad0	29670e53	fmin.s	f28,f14,f22	 f14:0x3f350482 f22:0x7f800000 f28=0x3f350482
     218535.000 ns	     21852	80004ad4	00fbf3b3	and	x7,x23,x15	 x23:0x00000000 x15:0x00000000  x7=0x00000000
     218555.000 ns	     21854	80004ad8	e00f04d3	fmv.x.w	x9,f30	 f30:0x41800000  x9=0x41800000
     218585.000 ns	     21857	80004adc	e0050a53	fmv.x.w	x20,f10	 f10:0x80000000 x20=0x80000000
     218605.000 ns	     21859	80004ae0	012d1eb3	sll	x29,x26,x18	 x26:0x00000000 x18:0x80040fe4 x29=0x00000000
     218625.000 ns	     21861	80004ae4	a1af9ad3	flt.s	x21,f31,f26	 f31:0x7fc00000 f26:0x7fc00000 x21=0x00000000
     218655.000 ns	     21864	80004ae8	03cab2b3	mulhu	x5,x21,x28	 x21:0x00000000 x28:0x00000000  x5=0x00000000
     218675.000 ns	     21866	80004aec	4fee0a93	addi	x21,x28,1278	 x28:0x00000000 x21=0x000004fe
     218685.000 ns	     21867	80004af0	5e90c613	xori	x12,x1,1513	  x1:0x00000000 x12=0x000005e9
     218695.000 ns	     21868	80004af4	00731293	slli	x5,x6,0x7	  x6:0x00000000  x5=0x00000000
     218715.000 ns	     21870	80004af8	02a3beb3	mulhu	x29,x7,x10	  x7:0x00000000 x10:0x00000000 x29=0x00000000
     218755.000 ns	     21874	80004afc	18f87d53	fdiv.s	f26,f16,f15	 f16:0x00000000 f15:0x00000000 f26=0x7fc00000
     218775.000 ns	     21876	80004b00	e88de693	ori	x13,x27,-376	 x27:0x00000000 x13=0xfffffe88
     218785.000 ns	     21877	80004b04	b8bfb513	sltiu	x10,x31,-1141	 x31:0xfffff921 x10=0x00000001
     218805.000 ns	     21879	80004b08	c011fbd3	fcvt.wu.s	x23,f3	  f3:0xc1800000 x23=0x00000010
     218835.000 ns	     21882	80004b0c	d00ca0d3	fcvt.s.w	f1,x25	 x25:0x00000000  f1=0x00000000
     218855.000 ns	     21884	80004b10	841b3893	sltiu	x17,x22,-1983	 x22:0xffffffff x17=0x00000000
     218875.000 ns	     21886	80004b14	03fe0533	mul	x10,x28,x31	 x28:0x00000000 x31:0xfffff921 x10=0x00000000
     218895.000 ns	     21888	80004b18	011e7a33	and	x20,x28,x17	 x28:0x00000000 x17:0x00000000 x20=0x00000000
     218905.000 ns	     21889	80004b1c	2169a213	slti	x4,x19,534	 x19:0xffffffff  x4=0x00000001
     218915.000 ns	     21890	80004b20	017f18b3	sll	x17,x30,x23	 x30:0x00000000 x23:0x00000010 x17=0x00000000
     218925.000 ns	     21891	80004b24	00a42d33	slt	x26,x8,x10	  x8:0x00000000 x10:0x00000000 x26=0x00000000
     218935.000 ns	     21892	80004b28	4139da13	srai	x20,x19,0x13	 x19:0xffffffff x20=0xffffffff
     218945.000 ns	     21893	80004b2c	00000013	addi	x0,x0,0	  x0:0x00000000
     218985.000 ns	     21897	80004b30	09933453	fsub.s	f8,f6,f25	  f6:0x00000000 f25:0x00000000  f8=0x80000000
     219355.000 ns	     21934	80004b34	02385233	divu	x4,x16,x3	 x16:0x00000002  x3:0x00000001  x4=0x00000002
     219405.000 ns	     21939	80004b38	088141d3	fsub.s	f3,f2,f8	  f2:0x3f7ff7e0  f8:0x80000000  f3=0x3f7ff7e0
     219425.000 ns	     21941	80004b3c	416f5c33	sra	x24,x30,x22	 x30:0x00000000 x22:0xffffffff x24=0x00000000
     219445.000 ns	     21943	80004b40	20e60ad3	fsgnj.s	f21,f12,f14	 f12:0xbf800000 f14:0x3f350482 f21=0x3f800000
     219475.000 ns	     21946	80004b44	a1a3a3d3	feq.s	x7,f7,f26	  f7:0xbf800000 f26:0x7fc00000  x7=0x00000000
     219515.000 ns	     21950	80004b48	11f37153	fmul.s	f2,f6,f31	  f6:0x00000000 f31:0x7fc00000  f2=0x7fc00000
     219545.000 ns	     21953	80004b4c	a11792d3	flt.s	x5,f15,f17	 f15:0x00000000 f17:0x7f800000  x5=0x00000001
     219915.000 ns	     21990	80004b50	0244e8b3	rem	x17,x9,x4	  x9:0x41800000  x4:0x00000002 x17=0x00000000
     219935.000 ns	     21992	80004b54	00ab29b3	slt	x19,x22,x10	 x22:0xffffffff x10:0x00000000 x19=0x00000001
     219945.000 ns	     21993	80004b58	00cd6bb3	or	x23,x26,x12	 x26:0x00000000 x12:0x000005e9 x23=0x000005e9
     219965.000 ns	     21995	80004b5c	214b9f53	fsgnjn.s	f30,f23,f20	 f23:0x4185a824 f20:0x00000000 f30=0xc185a824
     219985.000 ns	     21997	80004b60	40a083b3	sub	x7,x1,x10	  x1:0x00000000 x10:0x00000000  x7=0x00000000
     220005.000 ns	     21999	80004b64	e0021cd3	fclass.s	x25,f4	  f4:0x00000000 x25=0x00000010
     220035.000 ns	     22002	80004b68	203aa9d3	fsgnjx.s	f19,f21,f3	 f21:0x3f800000  f3:0x3f7ff7e0 f19=0x3f800000
     220055.000 ns	     22004	80004b6c	00f94c33	xor	x24,x18,x15	 x18:0x80040fe4 x15:0x00000000 x24=0x80040fe4
     220065.000 ns	     22005	80004b70	912ffa13	andi	x20,x31,-1774	 x31:0xfffff921 x20=0xfffff900
     220085.000 ns	     22007	80004b74	c019ffd3	fcvt.wu.s	x31,f19	 f19:0x3f800000 x31=0x00000001
     220115.000 ns	     22010	80004b78	e0050d53	fmv.x.w	x26,f10	 f10:0x80000000 x26=0x80000000
     220145.000 ns	     22013	80004b7c	a1662f53	feq.s	x30,f12,f22	 f12:0xbf800000 f22:0x7f800000 x30=0x00000000
     220165.000 ns	     22015	80004b80	a8f68217	auipc	x4,0xa8f68	  x4=0x28f6cb80
     220185.000 ns	     22017	80004b84	03942ab3	mulhsu	x21,x8,x25	  x8:0x00000000 x25:0x00000010 x21=0x00000000
     220205.000 ns	     22019	80004b88	c1cf4693	xori	x13,x30,-996	 x30:0x00000000 x13=0xfffffc1c
     220225.000 ns	     22021	80004b8c	297202d3	fmin.s	f5,f4,f23	  f4:0x00000000 f23:0x4185a824  f5=0x00000000
     220245.000 ns	     22023	80004b90	41addeb3	sra	x29,x27,x26	 x27:0x00000000 x26:0x80000000 x29=0x00000000
     220285.000 ns	     22027	80004b94	01998553	fadd.s	f10,f19,f25	 f19:0x3f800000 f25:0x00000000 f10=0x3f800000
     220315.000 ns	     22030	80004b98	c00afdd3	fcvt.w.s	x27,f21	 f21:0x3f800000 x27=0x00000001
     220345.000 ns	     22033	80004b9c	d00586d3	fcvt.s.w	f13,x11	 x11:0x00000000 f13=0x00000000
     220375.000 ns	     22036	80004ba0	d016f2d3	fcvt.s.wu	f5,x13	 x13:0xfffffc1c  f5=0x4f7ffffc
     220395.000 ns	     22038	80004ba4	410850b3	sra	x1,x16,x16	 x16:0x00000002 x16:0x00000002  x1=0x00000000
     220415.000 ns	     22040	80004ba8	03fc89b3	mul	x19,x25,x31	 x25:0x00000010 x31:0x00000001 x19=0x00000010
     220445.000 ns	     22043	80004bac	022d3f33	mulhu	x30,x26,x2	 x26:0x80000000  x2:0x00000001 x30=0x00000000
     220465.000 ns	     22045	80004bb0	41595d13	srai	x26,x18,0x15	 x18:0x80040fe4 x26=0xfffffc00
     220485.000 ns	     22047	80004bb4	f0060f53	fmv.w.x	f30,x12	 x12:0x000005e9 f30=0x000005e9
     220505.000 ns	     22049	80004bb8	0195d793	srli	x15,x11,0x19	 x11:0x00000000 x15=0x00000000
     220525.000 ns	     22051	80004bbc	293417d3	fmax.s	f15,f8,f19	  f8:0x80000000 f19:0x3f800000 f15=0x3f800000
     220545.000 ns	     22053	80004bc0	0cc06a93	ori	x21,x0,204	  x0:0x00000000 x21=0x000000cc
     220555.000 ns	     22054	80004bc4	68212593	slti	x11,x2,1666	  x2:0x00000001 x11=0x00000001
     220565.000 ns	     22055	80004bc8	016d56b3	srl	x13,x26,x22	 x26:0xfffffc00 x22:0xffffffff x13=0x00000001
     220605.000 ns	     22059	80004bcc	01a9f753	fadd.s	f14,f19,f26	 f19:0x3f800000 f26:0x7fc00000 f14=0x7fc00000
     220625.000 ns	     22061	80004bd0	00000013	addi	x0,x0,0	  x0:0x00000000
     220645.000 ns	     22063	80004bd4	c0114253	fcvt.wu.s	x4,f2	  f2:0x7fc00000  x4=0xffffffff
     220675.000 ns	     22066	80004bd8	c009f6d3	fcvt.w.s	x13,f19	 f19:0x3f800000 x13=0x00000001
     220705.000 ns	     22069	80004bdc	024f8e33	mul	x28,x31,x4	 x31:0x00000001  x4:0xffffffff x28=0xffffffff
     220735.000 ns	     22072	80004be0	a0172bd3	feq.s	x23,f14,f1	 f14:0x7fc00000  f1:0x00000000 x23=0x00000000
     220765.000 ns	     22075	80004be4	a13e16d3	flt.s	x13,f28,f19	 f28:0x3f350482 f19:0x3f800000 x13=0x00000001
     220785.000 ns	     22077	80004be8	01a75b13	srli	x22,x14,0x1a	 x14:0x80041024 x22=0x00000020
     220795.000 ns	     22078	80004bec	40775d93	srai	x27,x14,0x7	 x14:0x80041024 x27=0xff000820
     221155.000 ns	     22114	80004bf0	0395fb33	remu	x22,x11,x25	 x11:0x00000001 x25:0x00000010 x22=0x00000001
     221205.000 ns	     22119	80004bf4	085f80d3	fsub.s	f1,f31,f5	 f31:0x7fc00000  f5:0x4f7ffffc  f1=0x7fc00000
     221225.000 ns	     22121	80004bf8	090b2d17	auipc	x26,0x90b2	 x26=0x890b6bf8
     221235.000 ns	     22122	80004bfc	b9a87f13	andi	x30,x16,-1126	 x16:0x00000002 x30=0x00000002
     221245.000 ns	     22123	80004c00	00000013	addi	x0,x0,0	  x0:0x00000000
     221265.000 ns	     22125	80004c04	d00a7053	fcvt.s.w	f0,x20	 x20:0xfffff900  f0=0xc4e00000
     221295.000 ns	     22128	80004c08	036fa1b3	mulhsu	x3,x31,x22	 x31:0x00000001 x22:0x00000001  x3=0x00000000
     221315.000 ns	     22130	80004c0c	52070093	addi	x1,x14,1312	 x14:0x80041024  x1=0x80041544
     221335.000 ns	     22132	80004c10	02781db3	mulh	x27,x16,x7	 x16:0x00000002  x7:0x00000000 x27=0x00000000
     221385.000 ns	     22137	80004c14	00d926d3	fadd.s	f13,f18,f13	 f18:0x00000000 f13:0x00000000 f13=0x00000000
     221405.000 ns	     22139	80004c18	0138ff33	and	x30,x17,x19	 x17:0x00000000 x19:0x00000010 x30=0x00000000
     221425.000 ns	     22141	80004c1c	03dd6d33	rem	x26,x26,x29	 x26:0x890b6bf8 x29:0x00000000 x26=0x890b6bf8
     221445.000 ns	     22143	80004c20	87bf0597	auipc	x11,0x87bf0	 x11=0x07bf4c20
     221465.000 ns	     22145	80004c24	e0098fd3	fmv.x.w	x31,f19	 f19:0x3f800000 x31=0x3f800000
     221485.000 ns	     22147	80004c28	00691e13	slli	x28,x18,0x6	 x18:0x80040fe4 x28=0x0103f900
     221495.000 ns	     22148	80004c2c	009c1993	slli	x19,x24,0x9	 x24:0x80040fe4 x19=0x081fc800
     221515.000 ns	     22150	80004c30	219c2c53	fsgnjx.s	f24,f24,f25	 f24:0x3f350482 f25:0x00000000 f24=0x3f350482
     221545.000 ns	     22153	80004c34	a0f69f53	flt.s	x30,f13,f15	 f13:0x00000000 f15:0x3f800000 x30=0x00000001
     221565.000 ns	     22155	80004c38	00419533	sll	x10,x3,x4	  x3:0x00000000  x4:0xffffffff x10=0x00000000
     221925.000 ns	     22191	80004c3c	034fefb3	rem	x31,x31,x20	 x31:0x3f800000 x20:0xfffff900 x31=0x00000100
     221955.000 ns	     22194	80004c40	c01a7fd3	fcvt.wu.s	x31,f20	 f20:0x00000000 x31=0x00000000
     221975.000 ns	     22196	80004c44	41c55d33	sra	x26,x10,x28	 x10:0x00000000 x28:0x0103f900 x26=0x00000000
     222005.000 ns	     22199	80004c48	196429d3	fdiv.s	f19,f8,f22	  f8:0x80000000 f22:0x7f800000 f19=0x80000000
     222025.000 ns	     22201	80004c4c	4be4b193	sltiu	x3,x9,1214	  x9:0x41800000  x3=0x00000000
     222045.000 ns	     22203	80004c50	a0332d53	feq.s	x26,f6,f3	  f6:0x00000000  f3:0x3f7ff7e0 x26=0x00000000
     222075.000 ns	     22206	80004c54	f00181d3	fmv.w.x	f3,x3	  x3:0x00000000  f3=0x00000000
     222445.000 ns	     22243	80004c58	032ae0b3	rem	x1,x21,x18	 x21:0x000000cc x18:0x80040fe4  x1=0x000000cc
     222465.000 ns	     22245	80004c5c	01e238b3	sltu	x17,x4,x30	  x4:0xffffffff x30:0x00000001 x17=0x00000000
     222475.000 ns	     22246	80004c60	2dc4f193	andi	x3,x9,732	  x9:0x41800000  x3=0x00000000
     222495.000 ns	     22248	80004c64	02ba0cb3	mul	x25,x20,x11	 x20:0xfffff900 x11:0x07bf4c20 x25=0xc4eb2000
     222525.000 ns	     22251	80004c68	a1788f53	fle.s	x30,f17,f23	 f17:0x7f800000 f23:0x4185a824 x30=0x00000000
     222545.000 ns	     22253	80004c6c	4128d193	srai	x3,x17,0x12	 x17:0x00000000  x3=0x00000000
     222575.000 ns	     22256	80004c70	10011253	fmul.s	f4,f2,f0	  f2:0x7fc00000  f0:0xc4e00000  f4=0x7fc00000
     222605.000 ns	     22259	80004c74	a1cc88d3	fle.s	x17,f25,f28	 f25:0x00000000 f28:0x3f350482 x17=0x00000001
     222635.000 ns	     22262	80004c78	d002f0d3	fcvt.s.w	f1,x5	  x5:0x00000001  f1=0x3f800000
     222665.000 ns	     22265	80004c7c	a1f92c53	feq.s	x24,f18,f31	 f18:0x00000000 f31:0x7fc00000 x24=0x00000000
     222685.000 ns	     22267	80004c80	01bc5b33	srl	x22,x24,x27	 x24:0x80040fe4 x27:0x00000000 x22=0x00000000
     222705.000 ns	     22269	80004c84	e00c8c53	fmv.x.w	x24,f25	 f25:0x00000000 x24=0x00000000
     222745.000 ns	     22273	80004c88	115bfcd3	fmul.s	f25,f23,f21	 f23:0x4185a824 f21:0x3f800000 f25=0x4185a824
     222765.000 ns	     22275	80004c8c	41bfd613	srai	x12,x31,0x1b	 x31:0x00000000 x12=0x00000000
     222775.000 ns	     22276	80004c90	00a4f433	and	x8,x9,x10	  x9:0x41800000 x10:0x00000000  x8=0x00000000
     222785.000 ns	     22277	80004c94	00a11513	slli	x10,x2,0xa	  x2:0x00000001 x10=0x00000400
     222805.000 ns	     22279	80004c98	e0018f53	fmv.x.w	x30,f3	  f3:0x00000000 x30=0x00000000
     222835.000 ns	     22282	80004c9c	216b03d3	fsgnj.s	f7,f22,f22	 f22:0x7f800000 f22:0x7f800000  f7=0x7f800000
     222875.000 ns	     22286	80004ca0	58002cd3	fsqrt.s	f25,f0	  f0:0xc4e00000 f25=0x7fc00000
     222905.000 ns	     22289	80004ca4	206b8d53	fsgnj.s	f26,f23,f6	 f23:0x4185a824  f6:0x00000000 f26=0x4185a824
     222925.000 ns	     22291	80004ca8	0134d593	srli	x11,x9,0x13	  x9:0x41800000 x11=0x00000830
     222935.000 ns	     22292	80004cac	003f1fb3	sll	x31,x30,x3	 x30:0x00000000  x3:0x00000000 x31=0x00000000
     222945.000 ns	     22293	80004cb0	0126cbb3	xor	x23,x13,x18	 x13:0x00000001 x18:0x80040fe4 x23=0x80040fe5
     222955.000 ns	     22294	80004cb4	41b55093	srai	x1,x10,0x1b	 x10:0x00000400  x1=0x00000000
     222985.000 ns	     22297	80004cb8	19e4ffd3	fdiv.s	f31,f9,f30	  f9:0x80000000 f30:0x000005e9 f31=0x80000000
     223025.000 ns	     22301	80004cbc	5805f753	fsqrt.s	f14,f11	 f11:0xcefff7e0 f14=0x7fc00000
     223045.000 ns	     22303	80004cc0	621adab7	lui	x21,0x621ad	 x21=0x621ad000
     223055.000 ns	     22304	80004cc4	41f00eb3	sub	x29,x0,x31	  x0:0x00000000 x31:0x00000000 x29=0x00000000
     223065.000 ns	     22305	80004cc8	01906033	or	x0,x0,x25	  x0:0x00000000 x25:0xc4eb2000
     223085.000 ns	     22307	80004ccc	02eea7b3	mulhsu	x15,x29,x14	 x29:0x00000000 x14:0x80041024 x15=0x00000000
     223105.000 ns	     22309	80004cd0	00644ab3	xor	x21,x8,x6	  x8:0x00000000  x6:0x00000000 x21=0x00000000
     223115.000 ns	     22310	80004cd4	017bceb3	xor	x29,x23,x23	 x23:0x80040fe5 x23:0x80040fe5 x29=0x00000000
     223125.000 ns	     22311	80004cd8	b72ee993	ori	x19,x29,-1166	 x29:0x00000000 x19=0xfffffb72
     223145.000 ns	     22313	80004cdc	02ed2e33	mulhsu	x28,x26,x14	 x26:0x00000000 x14:0x80041024 x28=0x00000000
     223175.000 ns	     22316	80004ce0	20519f53	fsgnjn.s	f30,f3,f5	  f3:0x00000000  f5:0x4f7ffffc f30=0x80000000
     223195.000 ns	     22318	80004ce4	01f61513	slli	x10,x12,0x1f	 x12:0x00000000 x10=0x00000000
     223235.000 ns	     22322	80004ce8	0054aad3	fadd.s	f21,f9,f5	  f9:0x80000000  f5:0x4f7ffffc f21=0x4f7ffffc
     223255.000 ns	     22324	80004cec	00c92e33	slt	x28,x18,x12	 x18:0x80040fe4 x12:0x00000000 x28=0x00000001
     223265.000 ns	     22325	80004cf0	30ee6c13	ori	x24,x28,782	 x28:0x00000000 x24=0x0000030f
     223285.000 ns	     22327	80004cf4	c010f553	fcvt.wu.s	x10,f1	  f1:0x3f800000 x10=0x00000001
     223305.000 ns	     22329	80004cf8	7c8e6393	ori	x7,x28,1992	 x28:0x00000001  x7=0x000007c9
     223315.000 ns	     22330	80004cfc	07598613	addi	x12,x19,117	 x19:0xfffffb72 x12=0xfffffbe7
     223335.000 ns	     22332	80004d00	d005fd53	fcvt.s.w	f26,x11	 x11:0x00000830 f26=0x45030000
     223365.000 ns	     22335	80004d04	03a011b3	mulh	x3,x0,x26	  x0:0x00000000 x26:0x00000000  x3=0x00000000
     223385.000 ns	     22337	80004d08	000121b3	slt	x3,x2,x0	  x2:0x00000001  x0:0x00000000  x3=0x00000000
     223405.000 ns	     22339	80004d0c	d01d9ad3	fcvt.s.wu	f21,x27	 x27:0x00000000 f21=0x00000000
     223435.000 ns	     22342	80004d10	21f21253	fsgnjn.s	f4,f4,f31	  f4:0x7fc00000 f31:0x80000000  f4=0x7fc00000
     223465.000 ns	     22345	80004d14	28070cd3	fmin.s	f25,f14,f0	 f14:0x7fc00000  f0:0xc4e00000 f25=0xc4e00000
     223515.000 ns	     22350	80004d18	09b50153	fsub.s	f2,f10,f27	 f10:0x3f800000 f27:0x7f800000  f2=0xff800000
     223545.000 ns	     22353	80004d1c	d0110353	fcvt.s.wu	f6,x2	  x2:0x00000001  f6=0x3f800000
     223575.000 ns	     22356	80004d20	203ca2d3	fsgnjx.s	f5,f25,f3	 f25:0xc4e00000  f3:0x00000000  f5=0xc4e00000
     223595.000 ns	     22358	80004d24	01abda33	srl	x20,x23,x26	 x23:0x80040fe5 x26:0x00000000 x20=0x80040fe5
     223615.000 ns	     22360	80004d28	03d024b3	mulhsu	x9,x0,x29	  x0:0x00000000 x29:0x00000000  x9=0x00000000
     223645.000 ns	     22363	80004d2c	20feaad3	fsgnjx.s	f21,f29,f15	 f29:0x00000000 f15:0x3f800000 f21=0x00000000
     223665.000 ns	     22365	80004d30	006734b3	sltu	x9,x14,x6	 x14:0x80041024  x6:0x00000000  x9=0x00000000
     223685.000 ns	     22367	80004d34	e0088a53	fmv.x.w	x20,f17	 f17:0x7f800000 x20=0x7f800000
     223715.000 ns	     22370	80004d38	022e3db3	mulhu	x27,x28,x2	 x28:0x00000001  x2:0x00000001 x27=0x00000000
     223745.000 ns	     22373	80004d3c	21d09053	fsgnjn.s	f0,f1,f29	  f1:0x3f800000 f29:0x00000000  f0=0xbf800000
     223765.000 ns	     22375	80004d40	01b90433	add	x8,x18,x27	 x18:0x80040fe4 x27:0x00000000  x8=0x80040fe4
     223775.000 ns	     22376	80004d44	f9ee7113	andi	x2,x28,-98	 x28:0x00000001  x2=0x00000000
     223805.000 ns	     22379	80004d48	119204d3	fmul.s	f9,f4,f25	  f4:0x7fc00000 f25:0xc4e00000  f9=0x7fc00000
     223825.000 ns	     22381	80004d4c	4aee6f17	auipc	x30,0x4aee6	 x30=0xcaeead4c
     223835.000 ns	     22382	80004d50	00000013	addi	x0,x0,0	  x0:0x00000000
     223845.000 ns	     22383	80004d54	003d9e13	slli	x28,x27,0x3	 x27:0x00000000 x28=0x00000000
     223855.000 ns	     22384	80004d58	cb8d7e13	andi	x28,x26,-840	 x26:0x00000000 x28=0x00000000
     224215.000 ns	     22420	80004d5c	0382c5b3	div	x11,x5,x24	  x5:0x00000001 x24:0x0000030f x11=0x00000000
     224245.000 ns	     22423	80004d60	e00a1e53	fclass.s	x28,f20	 f20:0x00000000 x28=0x00000010
     224265.000 ns	     22425	80004d64	0080da13	srli	x20,x1,0x8	  x1:0x00000000 x20=0x00000000
     224275.000 ns	     22426	80004d68	00000013	addi	x0,x0,0	  x0:0x00000000
     224285.000 ns	     22427	80004d6c	00179333	sll	x6,x15,x1	 x15:0x00000000  x1:0x00000000  x6=0x00000000
     224295.000 ns	     22428	80004d70	ece7cf93	xori	x31,x15,-306	 x15:0x00000000 x31=0xfffffece
     224305.000 ns	     22429	80004d74	60a10f17	auipc	x30,0x60a10	 x30=0xe0a14d74
     224665.000 ns	     22465	80004d78	039749b3	div	x19,x14,x25	 x14:0x80041024 x25:0xc4eb2000 x19=0x00000002
     224685.000 ns	     22467	80004d7c	01d41db3	sll	x27,x8,x29	  x8:0x80040fe4 x29:0x00000000 x27=0x80040fe4
     224695.000 ns	     22468	80004d80	01db15b3	sll	x11,x22,x29	 x22:0x00000000 x29:0x00000000 x11=0x00000000
     224715.000 ns	     22470	80004d84	03dfb1b3	mulhu	x3,x31,x29	 x31:0xfffffece x29:0x00000000  x3=0x00000000
     225085.000 ns	     22507	80004d88	03f3f033	remu	x0,x7,x31	  x7:0x000007c9 x31:0xfffffece
     225115.000 ns	     22510	80004d8c	024b3c33	mulhu	x24,x22,x4	 x22:0x00000000  x4:0xffffffff x24=0x00000000
     225135.000 ns	     22512	80004d90	4377a113	slti	x2,x15,1079	 x15:0x00000000  x2=0x00000001
     225165.000 ns	     22515	80004d94	580af9d3	fsqrt.s	f19,f21	 f21:0x00000000 f19=0x00000000
     225195.000 ns	     22518	80004d98	e0040fd3	fmv.x.w	x31,f8	  f8:0x80000000 x31=0x80000000
     225245.000 ns	     22523	80004d9c	007776d3	fadd.s	f13,f14,f7	 f14:0x7fc00000  f7:0x7f800000 f13=0x7fc00000
     225265.000 ns	     22525	80004da0	018b99b3	sll	x19,x23,x24	 x23:0x80040fe5 x24:0x00000000 x19=0x80040fe5
     225275.000 ns	     22526	80004da4	9450fa17	auipc	x20,0x9450f	 x20=0x14513da4
     225285.000 ns	     22527	80004da8	003b4e33	xor	x28,x22,x3	 x22:0x00000000  x3:0x00000000 x28=0x00000000
     225305.000 ns	     22529	80004dac	021fbb33	mulhu	x22,x31,x1	 x31:0x80000000  x1:0x00000000 x22=0x00000000
     225335.000 ns	     22532	80004db0	d0027853	fcvt.s.w	f16,x4	  x4:0xffffffff f16=0xbf800000
     225355.000 ns	     22534	80004db4	00688ab3	add	x21,x17,x6	 x17:0x00000001  x6:0x00000000 x21=0x00000001
     225365.000 ns	     22535	80004db8	e0206413	ori	x8,x0,-510	  x0:0x00000000  x8=0xfffffe02
     225375.000 ns	     22536	80004dbc	0044e633	or	x12,x9,x4	  x9:0x00000000  x4:0xffffffff x12=0xffffffff
     225405.000 ns	     22539	80004dc0	1040a753	fmul.s	f14,f1,f4	  f1:0x3f800000  f4:0x7fc00000 f14=0x7fc00000
     225425.000 ns	     22541	80004dc4	0133ceb3	xor	x29,x7,x19	  x7:0x000007c9 x19:0x80040fe5 x29=0x8004082c
     225435.000 ns	     22542	80004dc8	00000013	addi	x0,x0,0	  x0:0x00000000
     225445.000 ns	     22543	80004dcc	40f32117	auipc	x2,0x40f32	  x2=0xc0f36dcc
     225465.000 ns	     22545	80004dd0	02c80bb3	mul	x23,x16,x12	 x16:0x00000002 x12:0xffffffff x23=0xfffffffe
     225485.000 ns	     22547	80004dd4	56918413	addi	x8,x3,1385	  x3:0x00000000  x8=0x00000569
     225505.000 ns	     22549	80004dd8	e00e04d3	fmv.x.w	x9,f28	 f28:0x3f350482  x9=0x3f350482
     225525.000 ns	     22551	80004ddc	01e25bb3	srl	x23,x4,x30	  x4:0xffffffff x30:0xe0a14d74 x23=0x00000fff
     225545.000 ns	     22553	80004de0	03209f33	mulh	x30,x1,x18	  x1:0x00000000 x18:0x80040fe4 x30=0x00000000
     225575.000 ns	     22556	80004de4	02b04233	div	x4,x0,x11	  x0:0x00000000 x11:0x00000000  x4=0xffffffff
     225605.000 ns	     22559	80004de8	e0041bd3	fclass.s	x23,f8	  f8:0x80000000 x23=0x00000008
     225625.000 ns	     22561	80004dec	00264533	xor	x10,x12,x2	 x12:0xffffffff  x2:0xc0f36dcc x10=0x3f0c9233
     225635.000 ns	     22562	80004df0	a7bd4493	xori	x9,x26,-1413	 x26:0x00000000  x9=0xfffffa7b
     225655.000 ns	     22564	80004df4	212e98d3	fsgnjn.s	f17,f29,f18	 f29:0x00000000 f18:0x00000000 f17=0x80000000
     225705.000 ns	     22569	80004df8	007e4153	fadd.s	f2,f28,f7	 f28:0x3f350482  f7:0x7f800000  f2=0x7f800000
     225745.000 ns	     22573	80004dfc	18aaf2d3	fdiv.s	f5,f21,f10	 f21:0x00000000 f10:0x3f800000  f5=0x00000000
     225765.000 ns	     22575	80004e00	00523b33	sltu	x22,x4,x5	  x4:0xffffffff  x5:0x00000001 x22=0x00000000
     225805.000 ns	     22579	80004e04	00fe70d3	fadd.s	f1,f28,f15	 f28:0x3f350482 f15:0x3f800000  f1=0x3fda8241
     225825.000 ns	     22581	80004e08	0df46a93	ori	x21,x8,223	  x8:0x00000569 x21=0x000005ff
     225835.000 ns	     22582	80004e0c	010898b3	sll	x17,x17,x16	 x17:0x00000001 x16:0x00000002 x17=0x00000004
     225845.000 ns	     22583	80004e10	01f01c13	slli	x24,x0,0x1f	  x0:0x00000000 x24=0x00000000
     225855.000 ns	     22584	80004e14	01b759b3	srl	x19,x14,x27	 x14:0x80041024 x27:0x80040fe4 x19=0x08004102
     225875.000 ns	     22586	80004e18	0368ab33	mulhsu	x22,x17,x22	 x17:0x00000004 x22:0x00000000 x22=0x00000000
     225895.000 ns	     22588	80004e1c	5507ca13	xori	x20,x15,1360	 x15:0x00000000 x20=0x00000550
     225915.000 ns	     22590	80004e20	a00f8653	fle.s	x12,f31,f0	 f31:0x80000000  f0:0xbf800000 x12=0x00000000
     225935.000 ns	     22592	80004e24	4054d333	sra	x6,x9,x5	  x9:0xfffffa7b  x5:0x00000001  x6=0xfffffd3d
     225945.000 ns	     22593	80004e28	fe6e6d93	ori	x27,x28,-26	 x28:0x00000000 x27=0xffffffe6
     225955.000 ns	     22594	80004e2c	01a9c6b3	xor	x13,x19,x26	 x19:0x08004102 x26:0x00000000 x13=0x08004102
     225965.000 ns	     22595	80004e30	013e54b3	srl	x9,x28,x19	 x28:0x00000000 x19:0x08004102  x9=0x00000000
     225985.000 ns	     22597	80004e34	d01895d3	fcvt.s.wu	f11,x17	 x17:0x00000004 f11=0x40800000
     226005.000 ns	     22599	80004e38	8dd44a93	xori	x21,x8,-1827	  x8:0x00000569 x21=0xfffffdb4
     226025.000 ns	     22601	80004e3c	a0819353	flt.s	x6,f3,f8	  f3:0x00000000  f8:0x80000000  x6=0x00000000
     226055.000 ns	     22604	80004e40	21940453	fsgnj.s	f8,f8,f25	  f8:0x80000000 f25:0xc4e00000  f8=0x80000000
     226075.000 ns	     22606	80004e44	00000013	addi	x0,x0,0	  x0:0x00000000
     226085.000 ns	     22607	80004e48	001313b3	sll	x7,x6,x1	  x6:0x00000000  x1:0x00000000  x7=0x00000000
     226095.000 ns	     22608	80004e4c	004d9e33	sll	x28,x27,x4	 x27:0xffffffe6  x4:0xffffffff x28=0x00000000
     226105.000 ns	     22609	80004e50	8bbfea93	ori	x21,x31,-1861	 x31:0x80000000 x21=0xfffff8bb
     226115.000 ns	     22610	80004e54	f7dcccb7	lui	x25,0xf7dcc	 x25=0xf7dcc000
     226145.000 ns	     22613	80004e58	11097353	fmul.s	f6,f18,f16	 f18:0x00000000 f16:0xbf800000  f6=0x80000000
     226165.000 ns	     22615	80004e5c	01b22d33	slt	x26,x4,x27	  x4:0xffffffff x27:0xffffffe6 x26=0x00000000
     226185.000 ns	     22617	80004e60	03a13a33	mulhu	x20,x2,x26	  x2:0xc0f36dcc x26:0x00000000 x20=0x00000000
     226215.000 ns	     22620	80004e64	a08eae53	feq.s	x28,f29,f8	 f29:0x00000000  f8:0x80000000 x28=0x00000001
     226245.000 ns	     22623	80004e68	0384f6b3	remu	x13,x9,x24	  x9:0x00000000 x24:0x00000000 x13=0x00000000
     226275.000 ns	     22626	80004e6c	03a9eeb3	rem	x29,x19,x26	 x19:0x08004102 x26:0x00000000 x29=0x08004102
     226305.000 ns	     22629	80004e70	a0082053	feq.s	x0,f16,f0	 f16:0xbf800000  f0:0xbf800000
     226325.000 ns	     22631	80004e74	00aeebb3	or	x23,x29,x10	 x29:0x08004102 x10:0x3f0c9233 x23=0x3f0cd333
     226335.000 ns	     22632	80004e78	01c709b3	add	x19,x14,x28	 x14:0x80041024 x28:0x00000001 x19=0x80041025
     226355.000 ns	     22634	80004e7c	a1850f53	fle.s	x30,f10,f24	 f10:0x3f800000 f24:0x3f350482 x30=0x00000000
     226375.000 ns	     22636	80004e80	ee593e93	sltiu	x29,x18,-283	 x18:0x80040fe4 x29=0x00000001
     226395.000 ns	     22638	80004e84	20249553	fsgnjn.s	f10,f9,f2	  f9:0x7fc00000  f2:0x7f800000 f10=0xffc00000
     226415.000 ns	     22640	80004e88	6e622c93	slti	x25,x4,1766	  x4:0xffffffff x25=0x00000001
     226425.000 ns	     22641	80004e8c	00029093	slli	x1,x5,0x0	  x5:0x00000001  x1=0x00000001
     226455.000 ns	     22644	80004e90	18347f53	fdiv.s	f30,f8,f3	  f8:0x80000000  f3:0x00000000 f30=0x7fc00000
     226485.000 ns	     22647	80004e94	02a10e33	mul	x28,x2,x10	  x2:0xc0f36dcc x10:0x3f0c9233 x28=0x9ead37a4
     226505.000 ns	     22649	80004e98	01533cb3	sltu	x25,x6,x21	  x6:0x00000000 x21:0xfffff8bb x25=0x00000001
     226525.000 ns	     22651	80004e9c	f00c8353	fmv.w.x	f6,x25	 x25:0x00000001  f6=0x00000001
     226545.000 ns	     22653	80004ea0	00000013	addi	x0,x0,0	  x0:0x00000000
     226555.000 ns	     22654	80004ea4	e29ee293	ori	x5,x29,-471	 x29:0x00000001  x5=0xfffffe29
     226565.000 ns	     22655	80004ea8	003c0233	add	x4,x24,x3	 x24:0x00000000  x3:0x00000000  x4=0x00000000
     226585.000 ns	     22657	80004eac	a1f792d3	flt.s	x5,f15,f31	 f15:0x3f800000 f31:0x80000000  x5=0x00000000
     226605.000 ns	     22659	80004eb0	001e34b3	sltu	x9,x28,x1	 x28:0x9ead37a4  x1:0x00000001  x9=0x00000000
     226615.000 ns	     22660	80004eb4	00b7e8b3	or	x17,x15,x11	 x15:0x00000000 x11:0x00000000 x17=0x00000000
     226635.000 ns	     22662	80004eb8	023920b3	mulhsu	x1,x18,x3	 x18:0x80040fe4  x3:0x00000000  x1=0x00000000
     226655.000 ns	     22664	80004ebc	00a31a13	slli	x20,x6,0xa	  x6:0x00000000 x20=0x00000000
     226675.000 ns	     22666	80004ec0	e0011353	fclass.s	x6,f2	  f2:0x7f800000  x6=0x00000080
     226695.000 ns	     22668	80004ec4	7a1e2d37	lui	x26,0x7a1e2	 x26=0x7a1e2000
     226715.000 ns	     22670	80004ec8	a13d97d3	flt.s	x15,f27,f19	 f27:0x7f800000 f19:0x00000000 x15=0x00000000
     226735.000 ns	     22672	80004ecc	0e07a137	lui	x2,0xe07a	  x2=0x0e07a000
     227095.000 ns	     22708	80004ed0	03b07a33	remu	x20,x0,x27	  x0:0x00000000 x27:0xffffffe6 x20=0x00000000
     227115.000 ns	     22710	80004ed4	00ec9eb3	sll	x29,x25,x14	 x25:0x00000001 x14:0x80041024 x29=0x00000010
     227125.000 ns	     22711	80004ed8	8a86f5b7	lui	x11,0x8a86f	 x11=0x8a86f000
     227145.000 ns	     22713	80004edc	e0021c53	fclass.s	x24,f4	  f4:0x7fc00000 x24=0x00000200
     227165.000 ns	     22715	80004ee0	3907f113	andi	x2,x15,912	 x15:0x00000000  x2=0x00000000
     227175.000 ns	     22716	80004ee4	00aa2513	slti	x10,x20,10	 x20:0x00000000 x10=0x00000001
     227195.000 ns	     22718	80004ee8	a09da553	feq.s	x10,f27,f9	 f27:0x7f800000  f9:0x7fc00000 x10=0x00000000
     227225.000 ns	     22721	80004eec	f00887d3	fmv.w.x	f15,x17	 x17:0x00000000 f15=0x00000000
     227255.000 ns	     22724	80004ef0	293905d3	fmin.s	f11,f18,f19	 f18:0x00000000 f19:0x00000000 f11=0x00000000
     227275.000 ns	     22726	80004ef4	01f187b3	add	x15,x3,x31	  x3:0x00000000 x31:0x80000000 x15=0x80000000
     227285.000 ns	     22727	80004ef8	00afd533	srl	x10,x31,x10	 x31:0x80000000 x10:0x00000000 x10=0x80000000
     227305.000 ns	     22729	80004efc	0252dd33	divu	x26,x5,x5	  x5:0x00000000  x5:0x00000000 x26=0xffffffff
     227325.000 ns	     22731	80004f00	5394ef93	ori	x31,x9,1337	  x9:0x00000000 x31=0x00000539
     227345.000 ns	     22733	80004f04	28168cd3	fmin.s	f25,f13,f1	 f13:0x7fc00000  f1:0x3fda8241 f25=0x3fda8241
     227375.000 ns	     22736	80004f08	f00682d3	fmv.w.x	f5,x13	 x13:0x00000000  f5=0x00000000
     227395.000 ns	     22738	80004f0c	0146b4b3	sltu	x9,x13,x20	 x13:0x00000000 x20:0x00000000  x9=0x00000000
     227755.000 ns	     22774	80004f10	02bedd33	divu	x26,x29,x11	 x29:0x00000010 x11:0x8a86f000 x26=0x00000000
     227775.000 ns	     22776	80004f14	6fa98293	addi	x5,x19,1786	 x19:0x80041025  x5=0x8004171f
     227785.000 ns	     22777	80004f18	00290333	add	x6,x18,x2	 x18:0x80040fe4  x2:0x00000000  x6=0x80040fe4
     227805.000 ns	     22779	80004f1c	02872eb3	mulhsu	x29,x14,x8	 x14:0x80041024  x8:0x00000569 x29=0xfffffd4b
     227835.000 ns	     22782	80004f20	02b59cb3	mulh	x25,x11,x11	 x11:0x8a86f000 x11:0x8a86f000 x25=0x35e7e1e0
     227855.000 ns	     22784	80004f24	40f207b3	sub	x15,x4,x15	  x4:0x00000000 x15:0x80000000 x15=0x80000000
     227875.000 ns	     22786	80004f28	031046b3	div	x13,x0,x17	  x0:0x00000000 x17:0x00000000 x13=0xffffffff
     227895.000 ns	     22788	80004f2c	9cf08c13	addi	x24,x1,-1585	  x1:0x00000000 x24=0xfffff9cf
     227915.000 ns	     22790	80004f30	a0d29253	flt.s	x4,f5,f13	  f5:0x00000000 f13:0x7fc00000  x4=0x00000000
     227945.000 ns	     22793	80004f34	d012f553	fcvt.s.wu	f10,x5	  x5:0x8004171f f10=0x4f000417
     227965.000 ns	     22795	80004f38	009b54b3	srl	x9,x22,x9	 x22:0x00000000  x9:0x00000000  x9=0x00000000
     228005.000 ns	     22799	80004f3c	000840d3	fadd.s	f1,f16,f0	 f16:0xbf800000  f0:0xbf800000  f1=0xc0000000
     228025.000 ns	     22801	80004f40	07f48293	addi	x5,x9,127	  x9:0x00000000  x5=0x0000007f
     228035.000 ns	     22802	80004f44	f0d18613	addi	x12,x3,-243	  x3:0x00000000 x12=0xffffff0d
     228395.000 ns	     22838	80004f48	03964333	div	x6,x12,x25	 x12:0x00000000 x25:0x35e7e1e0  x6=0x00000000
     228415.000 ns	     22840	80004f4c	00391533	sll	x10,x18,x3	 x18:0x80040fe4  x3:0x00000000 x10=0x80040fe4
     228425.000 ns	     22841	80004f50	004c47b3	xor	x15,x24,x4	 x24:0xfffff9cf  x4:0x00000000 x15=0xfffff9cf
     228435.000 ns	     22842	80004f54	41ddd133	sra	x2,x27,x29	 x27:0xffffffe6 x29:0xfffffd4b  x2=0xffffffff
     228475.000 ns	     22846	80004f58	09207dd3	fsub.s	f27,f0,f18	  f0:0xbf800000 f18:0x00000000 f27=0xbf800000
     228525.000 ns	     22851	80004f5c	00d5f1d3	fadd.s	f3,f11,f13	 f11:0x00000000 f13:0x7fc00000  f3=0x7fc00000
     228555.000 ns	     22854	80004f60	c014a1d3	fcvt.wu.s	x3,f9	  f9:0x7fc00000  x3=0xffffffff
     228605.000 ns	     22859	80004f64	08c73ed3	fsub.s	f29,f14,f12	 f14:0x7fc00000 f12:0xbf800000 f29=0x7fc00000
     228625.000 ns	     22861	80004f68	b0aea693	slti	x13,x29,-1270	 x29:0xfffffd4b x13=0x00000000
     228635.000 ns	     22862	80004f6c	833b3cb7	lui	x25,0x833b3	 x25=0x833b3000
     228645.000 ns	     22863	80004f70	00000013	addi	x0,x0,0	  x0:0x00000000
     229005.000 ns	     22899	80004f74	02e15533	divu	x10,x2,x14	  x2:0xffffffff x14:0x80041024 x10=0x00000001
     229025.000 ns	     22901	80004f78	009bf7b3	and	x15,x23,x9	 x23:0x3f0cd333  x9:0x00000000 x15=0x00000000
     229045.000 ns	     22903	80004f7c	0240ecb3	rem	x25,x1,x4	  x1:0x00000000  x4:0x00000000 x25=0x00000000
     229075.000 ns	     22906	80004f80	d002fed3	fcvt.s.w	f29,x5	  x5:0x0000007f f29=0x42fe0000
     229095.000 ns	     22908	80004f84	0131c3b3	xor	x7,x3,x19	  x3:0xffffffff x19:0x80041025  x7=0x7ffbefda
     229105.000 ns	     22909	80004f88	f7cf8693	addi	x13,x31,-132	 x31:0x00000539 x13=0x000004b5
     229125.000 ns	     22911	80004f8c	d012fe53	fcvt.s.wu	f28,x5	  x5:0x0000007f f28=0x42fe0000
     229155.000 ns	     22914	80004f90	20d39b53	fsgnjn.s	f22,f7,f13	  f7:0x7f800000 f13:0x7fc00000 f22=0xff800000
     229185.000 ns	     22917	80004f94	f00f0cd3	fmv.w.x	f25,x30	 x30:0x00000000 f25=0x00000000
     229215.000 ns	     22920	80004f98	20341c53	fsgnjn.s	f24,f8,f3	  f8:0x80000000  f3:0x7fc00000 f24=0x80000000
     229235.000 ns	     22922	80004f9c	348df497	auipc	x9,0x348df	  x9=0xb48e3f9c
     229265.000 ns	     22925	80004fa0	18a90453	fdiv.s	f8,f18,f10	 f18:0x00000000 f10:0x4f000417  f8=0x00000000
     229295.000 ns	     22928	80004fa4	03f214b3	mulh	x9,x4,x31	  x4:0x00000000 x31:0x00000539  x9=0x00000000
     229325.000 ns	     22931	80004fa8	20321b53	fsgnjn.s	f22,f4,f3	  f4:0x7fc00000  f3:0x7fc00000 f22=0xffc00000
     229355.000 ns	     22934	80004fac	d017ff53	fcvt.s.wu	f30,x15	 x15:0x00000000 f30=0x00000000
     229405.000 ns	     22939	80004fb0	010bc7d3	fadd.s	f15,f23,f16	 f23:0x4185a824 f16:0xbf800000 f15=0x417b5048
     229435.000 ns	     22942	80004fb4	a08dafd3	feq.s	x31,f27,f8	 f27:0xbf800000  f8:0x00000000 x31=0x00000000
     229455.000 ns	     22944	80004fb8	a5ee6013	ori	x0,x28,-1442	 x28:0x9ead37a4
     229465.000 ns	     22945	80004fbc	e3f5b493	sltiu	x9,x11,-449	 x11:0x8a86f000  x9=0x00000001
     229475.000 ns	     22946	80004fc0	0057f333	and	x6,x15,x5	 x15:0x00000000  x5:0x0000007f  x6=0x00000000
     229485.000 ns	     22947	80004fc4	0060b3b3	sltu	x7,x1,x6	  x1:0x00000000  x6:0x00000000  x7=0x00000000
     229505.000 ns	     22949	80004fc8	c0107c53	fcvt.wu.s	x24,f0	  f0:0xbf800000 x24=0x00000001
     229875.000 ns	     22986	80004fcc	032540b3	div	x1,x10,x18	 x10:0x00000001 x18:0x80040fe4  x1=0x00000000
     229895.000 ns	     22988	80004fd0	b5686b93	ori	x23,x16,-1194	 x16:0x00000002 x23=0xfffffb56
     229905.000 ns	     22989	80004fd4	00e53f33	sltu	x30,x10,x14	 x10:0x00000001 x14:0x80041024 x30=0x00000001
     229925.000 ns	     22991	80004fd8	d0017fd3	fcvt.s.w	f31,x2	  x2:0xffffffff f31=0xbf800000
     229955.000 ns	     22994	80004fdc	e00984d3	fmv.x.w	x9,f19	 f19:0x00000000  x9=0x00000000
     230005.000 ns	     22999	80004fe0	09570b53	fsub.s	f22,f14,f21	 f14:0x7fc00000 f21:0x00000000 f22=0x7fc00000
     230035.000 ns	     23002	80004fe4	287a8cd3	fmin.s	f25,f21,f7	 f21:0x00000000  f7:0x7f800000 f25=0x00000000
     230405.000 ns	     23039	80004fe8	038f4133	div	x2,x30,x24	 x30:0x00000001 x24:0x00000001  x2=0x00000001
     230425.000 ns	     23041	80004fec	cfbbe413	ori	x8,x23,-773	 x23:0xfffffb56  x8=0xffffffff
     230445.000 ns	     23043	80004ff0	0393a433	mulhsu	x8,x7,x25	  x7:0x00000000 x25:0x00000000  x8=0x00000000
     230465.000 ns	     23045	80004ff4	00c41793	slli	x15,x8,0xc	  x8:0x00000569 x15=0x00000000
     230485.000 ns	     23047	80004ff8	a0242a53	feq.s	x20,f8,f2	  f8:0x00000000  f2:0x7f800000 x20=0x00000000
     230505.000 ns	     23049	80004ffc	008bdbb3	srl	x23,x23,x8	 x23:0xfffffb56  x8:0x00000000 x23=0xfffffb56
     230525.000 ns	     23051	80005000	d01278d3	fcvt.s.wu	f17,x4	  x4:0x00000000 f17=0x00000000
     230555.000 ns	     23054	80005004	02dfb5b3	mulhu	x11,x31,x13	 x31:0x00000000 x13:0x000004b5 x11=0x00000000
     230585.000 ns	     23057	80005008	21c29ed3	fsgnjn.s	f29,f5,f28	  f5:0x00000000 f28:0x42fe0000 f29=0x80000000
     230615.000 ns	     23060	8000500c	e00c0cd3	fmv.x.w	x25,f24	 f24:0x80000000 x25=0x80000000
     230635.000 ns	     23062	80005010	584d7c13	andi	x24,x26,1412	 x26:0x00000000 x24=0x00000000
     230655.000 ns	     23064	80005014	c01374d3	fcvt.wu.s	x9,f6	  f6:0x00000001  x9=0x00000000
     230675.000 ns	     23066	80005018	f2b50db7	lui	x27,0xf2b50	 x27=0xf2b50000
     230695.000 ns	     23068	8000501c	e0038453	fmv.x.w	x8,f7	  f7:0x7f800000  x8=0x7f800000
     230725.000 ns	     23071	80005020	038103b3	mul	x7,x2,x24	  x2:0x00000001 x24:0x00000000  x7=0x00000000
     230745.000 ns	     23073	80005024	009776b3	and	x13,x14,x9	 x14:0x80041024  x9:0x00000000 x13=0x00000000
     230755.000 ns	     23074	80005028	c13cdeb7	lui	x29,0xc13cd	 x29=0xc13cd000
     230765.000 ns	     23075	8000502c	0071cbb3	xor	x23,x3,x7	  x3:0xffffffff  x7:0x00000000 x23=0xffffffff
     230785.000 ns	     23077	80005030	20370353	fsgnj.s	f6,f14,f3	 f14:0x7fc00000  f3:0x7fc00000  f6=0x7fc00000
     230805.000 ns	     23079	80005034	8a05ee93	ori	x29,x11,-1888	 x11:0x00000000 x29=0xfffff8a0
     230845.000 ns	     23083	80005038	0152b3d3	fadd.s	f7,f5,f21	  f5:0x00000000 f21:0x00000000  f7=0x00000000
     230865.000 ns	     23085	8000503c	1f1ca213	slti	x4,x25,497	 x25:0x80000000  x4=0x00000001
     230895.000 ns	     23088	80005040	5808fad3	fsqrt.s	f21,f17	 f17:0x00000000 f21=0x00000000
     230925.000 ns	     23091	80005044	02d8f6b3	remu	x13,x17,x13	 x17:0x00000000 x13:0x00000000 x13=0x00000000
     230945.000 ns	     23093	80005048	ede6cc13	xori	x24,x13,-290	 x13:0x00000000 x24=0xfffffede
     230975.000 ns	     23096	8000504c	10cb79d3	fmul.s	f19,f22,f12	 f22:0x7fc00000 f12:0xbf800000 f19=0x7fc00000
     230995.000 ns	     23098	80005050	400a86b3	sub	x13,x21,x0	 x21:0xfffff8bb  x0:0x00000000 x13=0xfffff8bb
     231015.000 ns	     23100	80005054	c00a3cd3	fcvt.w.s	x25,f20	 f20:0x00000000 x25=0x00000000
     231035.000 ns	     23102	80005058	40125633	sra	x12,x4,x1	  x4:0x00000001  x1:0x00000000 x12=0x00000001
     231065.000 ns	     23105	8000505c	5806a253	fsqrt.s	f4,f13	 f13:0x7fc00000  f4=0x7fc00000
     231085.000 ns	     23107	80005060	416fd313	srai	x6,x31,0x16	 x31:0x00000000  x6=0x00000000
     231115.000 ns	     23110	80005064	19fb7253	fdiv.s	f4,f22,f31	 f22:0x7fc00000 f31:0xbf800000  f4=0x7fc00000
     231135.000 ns	     23112	80005068	01d6d013	srli	x0,x13,0x1d	 x13:0xfffff8bb
     231155.000 ns	     23114	8000506c	210d9953	fsgnjn.s	f18,f27,f16	 f27:0xbf800000 f16:0xbf800000 f18=0x3f800000
     231185.000 ns	     23117	80005070	c01a2153	fcvt.wu.s	x2,f20	 f20:0x00000000  x2=0x00000000
     231215.000 ns	     23120	80005074	e00c98d3	fclass.s	x17,f25	 f25:0x00000000 x17=0x00000010
     231245.000 ns	     23123	80005078	a1cb03d3	fle.s	x7,f22,f28	 f22:0x7fc00000 f28:0x42fe0000  x7=0x00000000
     231265.000 ns	     23125	8000507c	0075d0b3	srl	x1,x11,x7	 x11:0x00000000  x7:0x00000000  x1=0x00000000
     231275.000 ns	     23126	80005080	019c9333	sll	x6,x25,x25	 x25:0x00000000 x25:0x00000000  x6=0x00000000
     231295.000 ns	     23128	80005084	21c60053	fsgnj.s	f0,f12,f28	 f12:0xbf800000 f28:0x42fe0000  f0=0x3f800000
     231325.000 ns	     23131	80005088	020f4233	div	x4,x30,x0	 x30:0x00000001  x0:0x00000000  x4=0xffffffff
     231345.000 ns	     23133	8000508c	369dd517	auipc	x10,0x369dd	 x10=0xb69e208c
     231385.000 ns	     23137	80005090	003d70d3	fadd.s	f1,f26,f3	 f26:0x45030000  f3:0x7fc00000  f1=0x7fc00000
     231415.000 ns	     23140	80005094	03c131b3	mulhu	x3,x2,x28	  x2:0x00000000 x28:0x9ead37a4  x3=0x00000000
     231445.000 ns	     23143	80005098	a08b8353	fle.s	x6,f23,f8	 f23:0x4185a824  f8:0x00000000  x6=0x00000000
     231475.000 ns	     23146	8000509c	f00200d3	fmv.w.x	f1,x4	  x4:0xffffffff  f1=0xffffffff
     231505.000 ns	     23149	800050a0	034fd333	divu	x6,x31,x20	 x31:0x00000000 x20:0x00000000  x6=0xffffffff
     231875.000 ns	     23186	800050a4	0322f033	remu	x0,x5,x18	  x5:0x0000007f x18:0x80040fe4
     231905.000 ns	     23189	800050a8	c0051d53	fcvt.w.s	x26,f10	 f10:0x4f000417 x26=0x7fffffff
     231925.000 ns	     23191	800050ac	01e8d333	srl	x6,x17,x30	 x17:0x00000010 x30:0x00000001  x6=0x00000008
     231945.000 ns	     23193	800050b0	02260cb3	mul	x25,x12,x2	 x12:0x00000001  x2:0x00000000 x25=0x00000000
     231965.000 ns	     23195	800050b4	0085f033	and	x0,x11,x8	 x11:0x00000000  x8:0x7f800000
     231985.000 ns	     23197	800050b8	29ba8053	fmin.s	f0,f21,f27	 f21:0x00000000 f27:0xbf800000  f0=0xbf800000
     232015.000 ns	     23200	800050bc	29cf0053	fmin.s	f0,f30,f28	 f30:0x00000000 f28:0x42fe0000  f0=0x00000000
     232035.000 ns	     23202	800050c0	41e2d113	srai	x2,x5,0x1e	  x5:0x0000007f  x2=0x00000000
     232045.000 ns	     23203	800050c4	fae7f193	andi	x3,x15,-82	 x15:0x00000000  x3=0x00000000
     232065.000 ns	     23205	800050c8	034a00b3	mul	x1,x20,x20	 x20:0x00000000 x20:0x00000000  x1=0x00000000
     232095.000 ns	     23208	800050cc	c0147f53	fcvt.wu.s	x30,f8	  f8:0x00000000 x30=0x00000000
     232115.000 ns	     23210	800050d0	0004f8b3	and	x17,x9,x0	  x9:0x00000000  x0:0x00000000 x17=0x00000000
     232155.000 ns	     23214	800050d4	08e0f3d3	fsub.s	f7,f1,f14	  f1:0xffffffff f14:0x7fc00000  f7=0x7fc00000
     232205.000 ns	     23219	800050d8	003d7553	fadd.s	f10,f26,f3	 f26:0x45030000  f3:0x7fc00000 f10=0x7fc00000
     232255.000 ns	     23224	800050dc	094284d3	fsub.s	f9,f5,f20	  f5:0x00000000 f20:0x00000000  f9=0x80000000
     232275.000 ns	     23226	800050e0	de5a4593	xori	x11,x20,-539	 x20:0x00000000 x11=0xfffffde5
     232295.000 ns	     23228	800050e4	202414d3	fsgnjn.s	f9,f8,f2	  f8:0x00000000  f2:0x7f800000  f9=0x80000000
     232665.000 ns	     23265	800050e8	025755b3	divu	x11,x14,x5	 x14:0x80041024  x5:0x0000007f x11=0x01020c38
     233035.000 ns	     23302	800050ec	037871b3	remu	x3,x16,x23	 x16:0x00000002 x23:0xffffffff  x3=0x00000002
     233065.000 ns	     23305	800050f0	287f1ad3	fmax.s	f21,f30,f7	 f30:0x00000000  f7:0x7fc00000 f21=0x00000000
     233105.000 ns	     23309	800050f4	11b1f453	fmul.s	f8,f3,f27	  f3:0x7fc00000 f27:0xbf800000  f8=0x7fc00000
     233125.000 ns	     23311	800050f8	41050e33	sub	x28,x10,x16	 x10:0xb69e208c x16:0x00000002 x28=0xb69e208a
     233145.000 ns	     23313	800050fc	036565b3	rem	x11,x10,x22	 x10:0xb69e208c x22:0x00000000 x11=0xb69e208c
     233185.000 ns	     23317	80005100	580812d3	fsqrt.s	f5,f16	 f16:0xbf800000  f5=0x7fc00000
     233215.000 ns	     23320	80005104	0352b233	mulhu	x4,x5,x21	  x5:0x0000007f x21:0xfffff8bb  x4=0x0000007e
     233235.000 ns	     23322	80005108	dd28fa93	andi	x21,x17,-558	 x17:0x00000000 x21=0x00000000
     233265.000 ns	     23325	8000510c	11137253	fmul.s	f4,f6,f17	  f6:0x7fc00000 f17:0x00000000  f4=0x7fc00000
     233295.000 ns	     23328	80005110	a1318ad3	fle.s	x21,f3,f19	  f3:0x7fc00000 f19:0x7fc00000 x21=0x00000000
     233315.000 ns	     23330	80005114	00f1b2b3	sltu	x5,x3,x15	  x3:0x00000002 x15:0x00000000  x5=0x00000000
     233335.000 ns	     23332	80005118	d01571d3	fcvt.s.wu	f3,x10	 x10:0xb69e208c  f3=0x4f369e20
     233355.000 ns	     23334	8000511c	01dc9493	slli	x9,x25,0x1d	 x25:0x00000000  x9=0x00000000
     233365.000 ns	     23335	80005120	01c731b3	sltu	x3,x14,x28	 x14:0x80041024 x28:0xb69e208a  x3=0x00000001
     233375.000 ns	     23336	80005124	40b2d893	srai	x17,x5,0xb	  x5:0x00000000 x17=0x00000000
     233395.000 ns	     23338	80005128	03922033	mulhsu	x0,x4,x25	  x4:0x0000007e x25:0x00000000
     233415.000 ns	     23340	8000512c	01bcec33	or	x24,x25,x27	 x25:0x00000000 x27:0xf2b50000 x24=0xf2b50000
     233425.000 ns	     23341	80005130	05ac2593	slti	x11,x24,90	 x24:0xfffffede x11=0x00000001
     233785.000 ns	     23377	80005134	03bfd133	divu	x2,x31,x27	 x31:0x00000000 x27:0xf2b50000  x2=0x00000000
     233825.000 ns	     23381	80005138	19ed4253	fdiv.s	f4,f26,f30	 f26:0x45030000 f30:0x00000000  f4=0x7f800000
     233865.000 ns	     23385	8000513c	100b39d3	fmul.s	f19,f22,f0	 f22:0x7fc00000  f0:0x00000000 f19=0x7fc00000
     233895.000 ns	     23388	80005140	d01c8ed3	fcvt.s.wu	f29,x25	 x25:0x00000000 f29=0x00000000
     233915.000 ns	     23390	80005144	00442c33	slt	x24,x8,x4	  x8:0x7f800000  x4:0x0000007e x24=0x00000000
     233925.000 ns	     23391	80005148	00529bb3	sll	x23,x5,x5	  x5:0x00000000  x5:0x00000000 x23=0x00000000
     233935.000 ns	     23392	8000514c	01400433	add	x8,x0,x20	  x0:0x00000000 x20:0x00000000  x8=0x00000000
     233945.000 ns	     23393	80005150	0063dfb3	srl	x31,x7,x6	  x7:0x00000000  x6:0x00000008 x31=0x00000000
     233955.000 ns	     23394	80005154	76b1a193	slti	x3,x3,1899	  x3:0x00000001  x3=0x00000001
     233975.000 ns	     23396	80005158	21aa0cd3	fsgnj.s	f25,f20,f26	 f20:0x00000000 f26:0x45030000 f25=0x00000000
     234005.000 ns	     23399	8000515c	e0088fd3	fmv.x.w	x31,f17	 f17:0x00000000 x31=0x00000000
     234035.000 ns	     23402	80005160	e00389d3	fmv.x.w	x19,f7	  f7:0x7fc00000 x19=0x7fc00000
     234055.000 ns	     23404	80005164	411ad0b3	sra	x1,x21,x17	 x21:0x00000000 x17:0x00000000  x1=0x00000000
     234075.000 ns	     23406	80005168	20219053	fsgnjn.s	f0,f3,f2	  f3:0x4f369e20  f2:0x7f800000  f0=0xcf369e20
     234105.000 ns	     23409	8000516c	d00201d3	fcvt.s.w	f3,x4	  x4:0x0000007e  f3=0x42fc0000
     234475.000 ns	     23446	80005170	033ff533	remu	x10,x31,x19	 x31:0x00000000 x19:0x7fc00000 x10=0x00000000
     234845.000 ns	     23483	80005174	03c07e33	remu	x28,x0,x28	  x0:0x00000000 x28:0xb69e208a x28=0x00000000
     234865.000 ns	     23485	80005178	6ff42f13	slti	x30,x8,1791	  x8:0x00000000 x30=0x00000001
     234885.000 ns	     23487	8000517c	e00f0253	fmv.x.w	x4,f30	 f30:0x00000000  x4=0x00000000
     234905.000 ns	     23489	80005180	00867533	and	x10,x12,x8	 x12:0x00000001  x8:0x00000000 x10=0x00000000
     234915.000 ns	     23490	80005184	01bfe6b3	or	x13,x31,x27	 x31:0x00000000 x27:0xf2b50000 x13=0xf2b50000
     234925.000 ns	     23491	80005188	012604b3	add	x9,x12,x18	 x12:0x00000001 x18:0x80040fe4  x9=0x80040fe5
     234945.000 ns	     23493	8000518c	e00485d3	fmv.x.w	x11,f9	  f9:0x80000000 x11=0x80000000
     234995.000 ns	     23498	80005190	0091f6d3	fadd.s	f13,f3,f9	  f3:0x42fc0000  f9:0x80000000 f13=0x42fc0000
     235025.000 ns	     23501	80005194	c00526d3	fcvt.w.s	x13,f10	 f10:0x7fc00000 x13=0x7fffffff
     235055.000 ns	     23504	80005198	02871bb3	mulh	x23,x14,x8	 x14:0x80041024  x8:0x00000000 x23=0x00000000
     235085.000 ns	     23507	8000519c	28c48d53	fmin.s	f26,f9,f12	  f9:0x80000000 f12:0xbf800000 f26=0xbf800000
     235115.000 ns	     23510	800051a0	293005d3	fmin.s	f11,f0,f19	  f0:0xcf369e20 f19:0x7fc00000 f11=0xcf369e20
     235155.000 ns	     23514	800051a4	193475d3	fdiv.s	f11,f8,f19	  f8:0x7fc00000 f19:0x7fc00000 f11=0x7fc00000
     235185.000 ns	     23517	800051a8	e00c0bd3	fmv.x.w	x23,f24	 f24:0x80000000 x23=0x80000000
     235205.000 ns	     23519	800051ac	81e7ec13	ori	x24,x15,-2018	 x15:0x00000000 x24=0xfffff81e
     235225.000 ns	     23521	800051b0	c005c653	fcvt.w.s	x12,f11	 f11:0x7fc00000 x12=0x7fffffff
     235255.000 ns	     23524	800051b4	286915d3	fmax.s	f11,f18,f6	 f18:0x3f800000  f6:0x7fc00000 f11=0x3f800000
     236435.000 ns	     23642	800051b8	580bfdd3	fsqrt.s	f27,f23	 f23:0x4185a824 f27=0x4082cc0f
     236455.000 ns	     23644	800051bc	011083b3	add	x7,x1,x17	  x1:0x00000000 x17:0x00000000  x7=0x00000000
     236465.000 ns	     23645	800051c0	00000013	addi	x0,x0,0	  x0:0x00000000
     236475.000 ns	     23646	800051c4	00ad7b33	and	x22,x26,x10	 x26:0x7fffffff x10:0x00000000 x22=0x00000000
     236485.000 ns	     23647	800051c8	00331b13	slli	x22,x6,0x3	  x6:0x00000008 x22=0x00000040
     236845.000 ns	     23683	800051cc	02c05bb3	divu	x23,x0,x12	  x0:0x00000000 x12:0x7fffffff x23=0x00000000
     236865.000 ns	     23685	800051d0	e798b693	sltiu	x13,x17,-391	 x17:0x00000000 x13=0x00000001
     236875.000 ns	     23686	800051d4	957c4113	xori	x2,x24,-1705	 x24:0xfffff81e  x2=0x00000149
     236885.000 ns	     23687	800051d8	00370bb3	add	x23,x14,x3	 x14:0x80041024  x3:0x00000001 x23=0x80041025
     236905.000 ns	     23689	800051dc	f00d0553	fmv.w.x	f10,x26	 x26:0x7fffffff f10=0x7fffffff
     236935.000 ns	     23692	800051e0	0205a133	mulhsu	x2,x11,x0	 x11:0x80000000  x0:0x00000000  x2=0x00000000
     236955.000 ns	     23694	800051e4	bc890b93	addi	x23,x18,-1080	 x18:0x80040fe4 x23=0x80040bac
     236985.000 ns	     23697	800051e8	188420d3	fdiv.s	f1,f8,f8	  f8:0x7fc00000  f8:0x7fc00000  f1=0x7fc00000
     237005.000 ns	     23699	800051ec	00e81a93	slli	x21,x16,0xe	 x16:0x00000002 x21=0x00008000
     237025.000 ns	     23701	800051f0	02982133	mulhsu	x2,x16,x9	 x16:0x00000002  x9:0x80040fe5  x2=0x00000001
     237055.000 ns	     23704	800051f4	206caed3	fsgnjx.s	f29,f25,f6	 f25:0x00000000  f6:0x7fc00000 f29=0x00000000
     237425.000 ns	     23741	800051f8	02b45533	divu	x10,x8,x11	  x8:0x00000000 x11:0x80000000 x10=0x00000000
     237455.000 ns	     23744	800051fc	20781253	fsgnjn.s	f4,f16,f7	 f16:0xbf800000  f7:0x7fc00000  f4=0xbf800000
     237485.000 ns	     23747	80005200	a1558fd3	fle.s	x31,f11,f21	 f11:0x3f800000 f21:0x00000000 x31=0x00000000
     237515.000 ns	     23750	80005204	0259f8b3	remu	x17,x19,x5	 x19:0x7fc00000  x5:0x00000000 x17=0x7fc00000
     237535.000 ns	     23752	80005208	00b81893	slli	x17,x16,0xb	 x16:0x00000002 x17=0x00001000
     237555.000 ns	     23754	8000520c	a1020ed3	fle.s	x29,f4,f16	  f4:0xbf800000 f16:0xbf800000 x29=0x00000001
     237575.000 ns	     23756	80005210	01781c13	slli	x24,x16,0x17	 x16:0x00000002 x24=0x01000000
     237595.000 ns	     23758	80005214	21160ed3	fsgnj.s	f29,f12,f17	 f12:0xbf800000 f17:0x00000000 f29=0x3f800000
     237615.000 ns	     23760	80005218	00dd9613	slli	x12,x27,0xd	 x27:0xf2b50000 x12=0xa0000000
     237625.000 ns	     23761	8000521c	a6777093	andi	x1,x14,-1433	 x14:0x80041024  x1=0x80041024
     237645.000 ns	     23763	80005220	20421853	fsgnjn.s	f16,f4,f4	  f4:0xbf800000  f4:0xbf800000 f16=0x3f800000
     237675.000 ns	     23766	80005224	c00500d3	fcvt.w.s	x1,f10	 f10:0x7fffffff  x1=0x7fffffff
     237705.000 ns	     23769	80005228	03f2d533	divu	x10,x5,x31	  x5:0x00000000 x31:0x00000000 x10=0xffffffff
     238045.000 ns	     23803	8000522c	197df7d3	fdiv.s	f15,f27,f23	 f27:0x4082cc0f f23:0x4185a824 f15=0x3e404dfe
     238075.000 ns	     23806	80005230	a1fea6d3	feq.s	x13,f29,f31	 f29:0x3f800000 f31:0xbf800000 x13=0x00000000
     238095.000 ns	     23808	80005234	9737ff13	andi	x30,x15,-1677	 x15:0x00000000 x30=0x00000000
     238115.000 ns	     23810	80005238	298f0353	fmin.s	f6,f30,f24	 f30:0x00000000 f24:0x80000000  f6=0x80000000
     238145.000 ns	     23813	8000523c	21ee9a53	fsgnjn.s	f20,f29,f30	 f29:0x3f800000 f30:0x00000000 f20=0xbf800000
     238195.000 ns	     23818	80005240	01f0c653	fadd.s	f12,f1,f31	  f1:0x7fc00000 f31:0xbf800000 f12=0x7fc00000
     238245.000 ns	     23823	80005244	00a24a53	fadd.s	f20,f4,f10	  f4:0xbf800000 f10:0x7fffffff f20=0x7fc00000
     238265.000 ns	     23825	80005248	00000013	addi	x0,x0,0	  x0:0x00000000
     238285.000 ns	     23827	8000524c	28cb0253	fmin.s	f4,f22,f12	 f22:0x7fc00000 f12:0x7fc00000  f4=0x7fc00000
     238315.000 ns	     23830	80005250	295b06d3	fmin.s	f13,f22,f21	 f22:0x7fc00000 f21:0x00000000 f13=0x00000000
     238345.000 ns	     23833	80005254	a18d17d3	flt.s	x15,f26,f24	 f26:0xbf800000 f24:0x80000000 x15=0x00000001
     238365.000 ns	     23835	80005258	01f71693	slli	x13,x14,0x1f	 x14:0x80041024 x13=0x00000000
     238375.000 ns	     23836	8000525c	0019d033	srl	x0,x19,x1	 x19:0x7fc00000  x1:0x7fffffff
     238395.000 ns	     23838	80005260	213d0e53	fsgnj.s	f28,f26,f19	 f26:0xbf800000 f19:0x7fc00000 f28=0x3f800000
     238425.000 ns	     23841	80005264	c00bcdd3	fcvt.w.s	x27,f23	 f23:0x4185a824 x27=0x00000011
     238455.000 ns	     23844	80005268	02de85b3	mul	x11,x29,x13	 x29:0x00000001 x13:0x00000000 x11=0x00000000
     238475.000 ns	     23846	8000526c	0093b6b3	sltu	x13,x7,x9	  x7:0x00000000  x9:0x80040fe5 x13=0x00000001
     238495.000 ns	     23848	80005270	022d98b3	mulh	x17,x27,x2	 x27:0x00000011  x2:0x00000001 x17=0x00000000
     238535.000 ns	     23852	80005274	191d7353	fdiv.s	f6,f26,f17	 f26:0xbf800000 f17:0x00000000  f6=0xff800000
     238555.000 ns	     23854	80005278	00000013	addi	x0,x0,0	  x0:0x00000000
     238575.000 ns	     23856	8000527c	216f88d3	fsgnj.s	f17,f31,f22	 f31:0xbf800000 f22:0x7fc00000 f17=0x3f800000
     238605.000 ns	     23859	80005280	a0fd1453	flt.s	x8,f26,f15	 f26:0xbf800000 f15:0x3e404dfe  x8=0x00000001
     238635.000 ns	     23862	80005284	d0077353	fcvt.s.w	f6,x14	 x14:0x80041024  f6=0xcefff7df
     238655.000 ns	     23864	80005288	01c52433	slt	x8,x10,x28	 x10:0xffffffff x28:0x00000000  x8=0x00000001
     238665.000 ns	     23865	8000528c	00000013	addi	x0,x0,0	  x0:0x00000000
     238685.000 ns	     23867	80005290	20e61953	fsgnjn.s	f18,f12,f14	 f12:0x7fc00000 f14:0x7fc00000 f18=0xffc00000
     238705.000 ns	     23869	80005294	01742533	slt	x10,x8,x23	  x8:0x00000001 x23:0x80040bac x10=0x00000000
     238715.000 ns	     23870	80005298	01921613	slli	x12,x4,0x19	  x4:0x00000000 x12=0x00000000
     238725.000 ns	     23871	8000529c	4179dd13	srai	x26,x19,0x17	 x19:0x7fc00000 x26=0x000000ff
     238755.000 ns	     23874	800052a0	19fa43d3	fdiv.s	f7,f20,f31	 f20:0x7fc00000 f31:0xbf800000  f7=0x7fc00000
     238785.000 ns	     23877	800052a4	02eb81b3	mul	x3,x23,x14	 x23:0x80040bac x14:0x80041024  x3=0x6ffc6430
     238815.000 ns	     23880	800052a8	28098653	fmin.s	f12,f19,f0	 f19:0x7fc00000  f0:0xcf369e20 f12=0xcf369e20
     238845.000 ns	     23883	800052ac	03ce2133	mulhsu	x2,x28,x28	 x28:0x00000000 x28:0x00000000  x2=0x00000000
     238875.000 ns	     23886	800052b0	d000c053	fcvt.s.w	f0,x1	  x1:0x7fffffff  f0=0x4f000000
     238895.000 ns	     23888	800052b4	0100ff33	and	x30,x1,x16	  x1:0x7fffffff x16:0x00000002 x30=0x00000002
     238905.000 ns	     23889	800052b8	014e0b33	add	x22,x28,x20	 x28:0x00000000 x20:0x00000000 x22=0x00000000
     238925.000 ns	     23891	800052bc	f00e0bd3	fmv.w.x	f23,x28	 x28:0x00000000 f23=0x00000000
     238945.000 ns	     23893	800052c0	8a609437	lui	x8,0x8a609	  x8=0x8a609000
     238965.000 ns	     23895	800052c4	2027a653	fsgnjx.s	f12,f15,f2	 f15:0x3e404dfe  f2:0x7f800000 f12=0x3e404dfe
     238995.000 ns	     23898	800052c8	02c3c333	div	x6,x7,x12	  x7:0x00000000 x12:0x00000000  x6=0xffffffff
     239365.000 ns	     23935	800052cc	02626233	rem	x4,x4,x6	  x4:0x00000000  x6:0x00000008  x4=0x00000000
     239395.000 ns	     23938	800052d0	e00e87d3	fmv.x.w	x15,f29	 f29:0x3f800000 x15=0x3f800000
     239425.000 ns	     23941	800052d4	c016f5d3	fcvt.wu.s	x11,f13	 f13:0x00000000 x11=0x00000000
     239455.000 ns	     23944	800052d8	02a4fcb3	remu	x25,x9,x10	  x9:0x80040fe5 x10:0x00000000 x25=0x80040fe5
     239485.000 ns	     23947	800052dc	025a7533	remu	x10,x20,x5	 x20:0x00000000  x5:0x00000000 x10=0x00000000
     239505.000 ns	     23949	800052e0	0078e2b3	or	x5,x17,x7	 x17:0x00000000  x7:0x00000000  x5=0x00000000
     239525.000 ns	     23951	800052e4	03462633	mulhsu	x12,x12,x20	 x12:0x00000000 x20:0x00000000 x12=0x00000000
     239565.000 ns	     23955	800052e8	19c3aed3	fdiv.s	f29,f7,f28	  f7:0x7fc00000 f28:0x3f800000 f29=0x7fc00000
     239585.000 ns	     23957	800052ec	01349a13	slli	x20,x9,0x13	  x9:0x80040fe5 x20=0x7f280000
     239605.000 ns	     23959	800052f0	a1b2a153	feq.s	x2,f5,f27	  f5:0x7fc00000 f27:0x4082cc0f  x2=0x00000000
     239625.000 ns	     23961	800052f4	413e53b3	sra	x7,x28,x19	 x28:0x00000000 x19:0x7fc00000  x7=0x00000000
     239645.000 ns	     23963	800052f8	28a797d3	fmax.s	f15,f15,f10	 f15:0x3e404dfe f10:0x7fffffff f15=0x3e404dfe
     239685.000 ns	     23967	800052fc	580a90d3	fsqrt.s	f1,f21	 f21:0x00000000  f1=0x00000000
     239735.000 ns	     23972	80005300	0050f553	fadd.s	f10,f1,f5	  f1:0x7fc00000  f5:0x7fc00000 f10=0x7fc00000
     239765.000 ns	     23975	80005304	022e20b3	mulhsu	x1,x28,x2	 x28:0x00000000  x2:0x00000000  x1=0x00000000
     240135.000 ns	     24012	80005308	02e2d1b3	divu	x3,x5,x14	  x5:0x00000000 x14:0x80041024  x3=0x00000000
     240165.000 ns	     24015	8000530c	036b1eb3	mulh	x29,x22,x22	 x22:0x00000000 x22:0x00000000 x29=0x00000000
     240195.000 ns	     24018	80005310	e00410d3	fclass.s	x1,f8	  f8:0x7fc00000  x1=0x00000200
     240225.000 ns	     24021	80005314	02d8a7b3	mulhsu	x15,x17,x13	 x17:0x00000000 x13:0x00000001 x15=0x00000000
     240245.000 ns	     24023	80005318	403208b3	sub	x17,x4,x3	  x4:0x00000000  x3:0x00000000 x17=0x00000000
     240275.000 ns	     24026	8000531c	5806f053	fsqrt.s	f0,f13	 f13:0x00000000  f0=0x00000000
     240305.000 ns	     24029	80005320	e00e08d3	fmv.x.w	x17,f28	 f28:0x3f800000 x17=0x3f800000
     240325.000 ns	     24031	80005324	00527793	andi	x15,x4,5	  x4:0x00000000 x15=0x00000000
     240335.000 ns	     24032	80005328	001bbbb3	sltu	x23,x23,x1	 x23:0x80040bac  x1:0x00000200 x23=0x00000000
     240355.000 ns	     24034	8000532c	c01179d3	fcvt.wu.s	x19,f2	  f2:0x7f800000 x19=0xffffffff
     240385.000 ns	     24037	80005330	f0008353	fmv.w.x	f6,x1	  x1:0x00000200  f6=0x00000200
     240405.000 ns	     24039	80005334	41a2d633	sra	x12,x5,x26	  x5:0x00000000 x26:0x000000ff x12=0x00000000
     240415.000 ns	     24040	80005338	00294ab3	xor	x21,x18,x2	 x18:0x80040fe4  x2:0x00000000 x21=0x80040fe4
     240435.000 ns	     24042	8000533c	a0211053	flt.s	x0,f2,f2	  f2:0x7f800000  f2:0x7f800000
     240455.000 ns	     24044	80005340	010a9f13	slli	x30,x21,0x10	 x21:0x00008000 x30=0x0fe40000
     240475.000 ns	     24046	80005344	02e518b3	mulh	x17,x10,x14	 x10:0x00000000 x14:0x80041024 x17=0x00000000
     240495.000 ns	     24048	80005348	00e83e33	sltu	x28,x16,x14	 x16:0x00000002 x14:0x80041024 x28=0x00000001
     240515.000 ns	     24050	8000534c	20b0ae53	fsgnjx.s	f28,f1,f11	  f1:0x00000000 f11:0x3f800000 f28=0x00000000
     240535.000 ns	     24052	80005350	e6276793	ori	x15,x14,-414	 x14:0x80041024 x15=0xfffffe66
     240545.000 ns	     24053	80005354	6816b113	sltiu	x2,x13,1665	 x13:0x00000001  x2=0x00000001
     240555.000 ns	     24054	80005358	01575cb3	srl	x25,x14,x21	 x14:0x80041024 x21:0x80040fe4 x25=0x08004102
     240565.000 ns	     24055	8000535c	01795bb3	srl	x23,x18,x23	 x18:0x80040fe4 x23:0x00000000 x23=0x80040fe4
     240575.000 ns	     24056	80005360	00b25533	srl	x10,x4,x11	  x4:0x00000000 x11:0x00000000 x10=0x00000000
     240595.000 ns	     24058	80005364	02c101b3	mul	x3,x2,x12	  x2:0x00000001 x12:0x00000000  x3=0x00000000
     240645.000 ns	     24063	80005368	01b0b753	fadd.s	f14,f1,f27	  f1:0x00000000 f27:0x4082cc0f f14=0x4082cc0f
     240675.000 ns	     24066	8000536c	a14629d3	feq.s	x19,f12,f20	 f12:0x3e404dfe f20:0x7fc00000 x19=0x00000000
     240705.000 ns	     24069	80005370	e00d98d3	fclass.s	x17,f27	 f27:0x4082cc0f x17=0x00000040
     240725.000 ns	     24071	80005374	006953b3	srl	x7,x18,x6	 x18:0x80040fe4  x6:0xffffffff  x7=0x00000001
     240735.000 ns	     24072	80005378	1ac87493	andi	x9,x16,428	 x16:0x00000002  x9=0x00000000
     240755.000 ns	     24074	8000537c	a07026d3	feq.s	x13,f0,f7	  f0:0x00000000  f7:0x7fc00000 x13=0x00000000
     240785.000 ns	     24077	80005380	e00b1cd3	fclass.s	x25,f22	 f22:0x7fc00000 x25=0x00000200
     240815.000 ns	     24080	80005384	026395b3	mulh	x11,x7,x6	  x7:0x00000001  x6:0xffffffff x11=0xffffffff
     240835.000 ns	     24082	80005388	d6befb13	andi	x22,x29,-661	 x29:0x00000000 x22=0x00000000
     240855.000 ns	     24084	8000538c	d0103553	fcvt.s.wu	f10,x0	  x0:0x00000000 f10=0x00000000
     240885.000 ns	     24087	80005390	c0082fd3	fcvt.w.s	x31,f16	 f16:0x3f800000 x31=0x00000001
     240915.000 ns	     24090	80005394	027520b3	mulhsu	x1,x10,x7	 x10:0x00000000  x7:0x00000001  x1=0x00000000
     240935.000 ns	     24092	80005398	41388f33	sub	x30,x17,x19	 x17:0x00000040 x19:0x00000000 x30=0x00000040
     241295.000 ns	     24128	8000539c	02fcfd33	remu	x26,x25,x15	 x25:0x00000200 x15:0xfffffe66 x26=0x00000200
     241315.000 ns	     24130	800053a0	1de9cb97	auipc	x23,0x1de9c	 x23=0x9dea13a0
     241335.000 ns	     24132	800053a4	289d1253	fmax.s	f4,f26,f9	 f26:0xbf800000  f9:0x80000000  f4=0x80000000
     241365.000 ns	     24135	800053a8	02a16433	rem	x8,x2,x10	  x2:0x00000001 x10:0x00000000  x8=0x00000001
     241735.000 ns	     24172	800053ac	0375f1b3	remu	x3,x11,x23	 x11:0xffffffff x23:0x9dea13a0  x3=0x6215ec5f
     241775.000 ns	     24176	800053b0	5809a7d3	fsqrt.s	f15,f19	 f19:0x7fc00000 f15=0x7fc00000
     241795.000 ns	     24178	800053b4	6e9cb113	sltiu	x2,x25,1769	 x25:0x00000200  x2=0x00000001
     241805.000 ns	     24179	800053b8	6497ac93	slti	x25,x15,1609	 x15:0xfffffe66 x25=0x00000001
     241815.000 ns	     24180	800053bc	411a55b3	sra	x11,x20,x17	 x20:0x7f280000 x17:0x00000040 x11=0x7f280000
     241825.000 ns	     24181	800053c0	401459b3	sra	x19,x8,x1	  x8:0x00000001  x1:0x00000000 x19=0x00000001
     241845.000 ns	     24183	800053c4	20aa2fd3	fsgnjx.s	f31,f20,f10	 f20:0x7fc00000 f10:0x00000000 f31=0x7fc00000
     241865.000 ns	     24185	800053c8	005f3b33	sltu	x22,x30,x5	 x30:0x00000040  x5:0x00000000 x22=0x00000000
     241875.000 ns	     24186	800053cc	0027e433	or	x8,x15,x2	 x15:0xfffffe66  x2:0x00000001  x8=0xfffffe67
     241885.000 ns	     24187	800053d0	01a33233	sltu	x4,x6,x26	  x6:0xffffffff x26:0x00000200  x4=0x00000000
     241895.000 ns	     24188	800053d4	00216433	or	x8,x2,x2	  x2:0x00000001  x2:0x00000001  x8=0x00000001
     241915.000 ns	     24190	800053d8	29328c53	fmin.s	f24,f5,f19	  f5:0x7fc00000 f19:0x7fc00000 f24=0x7fc00000
     242285.000 ns	     24227	800053dc	030e6033	rem	x0,x28,x16	 x28:0x00000001 x16:0x00000002
     242315.000 ns	     24230	800053e0	20000fd3	fsgnj.s	f31,f0,f0	  f0:0x00000000  f0:0x00000000 f31=0x00000000
     242335.000 ns	     24232	800053e4	00000013	addi	x0,x0,0	  x0:0x00000000
     242355.000 ns	     24234	800053e8	a1448d53	fle.s	x26,f9,f20	  f9:0x80000000 f20:0x7fc00000 x26=0x00000000
     242385.000 ns	     24237	800053ec	029bfcb3	remu	x25,x23,x9	 x23:0x9dea13a0  x9:0x00000000 x25=0x9dea13a0
     242405.000 ns	     24239	800053f0	d18c3a93	sltiu	x21,x24,-744	 x24:0x01000000 x21=0x00000001
     242425.000 ns	     24241	800053f4	204113d3	fsgnjn.s	f7,f2,f4	  f2:0x7f800000  f4:0x80000000  f7=0x7f800000
     242455.000 ns	     24244	800053f8	d0088853	fcvt.s.w	f16,x17	 x17:0x00000040 f16=0x42800000
     242485.000 ns	     24247	800053fc	c0104cd3	fcvt.wu.s	x25,f0	  f0:0x00000000 x25=0x00000000
     242515.000 ns	     24250	80005400	c00df4d3	fcvt.w.s	x9,f27	 f27:0x4082cc0f  x9=0x00000004
     242545.000 ns	     24253	80005404	037514b3	mulh	x9,x10,x23	 x10:0x00000000 x23:0x9dea13a0  x9=0x00000000
     242565.000 ns	     24255	80005408	0073c033	xor	x0,x7,x7	  x7:0x00000001  x7:0x00000001
     242575.000 ns	     24256	8000540c	00beb033	sltu	x0,x29,x11	 x29:0x00000000 x11:0x7f280000
     242595.000 ns	     24258	80005410	d00c2fd3	fcvt.s.w	f31,x24	 x24:0x01000000 f31=0x4b800000
     242615.000 ns	     24260	80005414	c6760293	addi	x5,x12,-921	 x12:0x00000000  x5=0xfffffc67
     242635.000 ns	     24262	80005418	213d05d3	fsgnj.s	f11,f26,f19	 f26:0xbf800000 f19:0x7fc00000 f11=0x3f800000
     242665.000 ns	     24265	8000541c	037016b3	mulh	x13,x0,x23	  x0:0x00000000 x23:0x9dea13a0 x13=0x00000000
     242695.000 ns	     24268	80005420	21bc0453	fsgnj.s	f8,f24,f27	 f24:0x7fc00000 f27:0x4082cc0f  f8=0x7fc00000
     242715.000 ns	     24270	80005424	41d455b3	sra	x11,x8,x29	  x8:0x00000001 x29:0x00000000 x11=0x00000001
     242745.000 ns	     24273	80005428	1837bbd3	fdiv.s	f23,f15,f3	 f15:0x7fc00000  f3:0x42fc0000 f23=0x7fc00000
     242775.000 ns	     24276	8000542c	03978e33	mul	x28,x15,x25	 x15:0xfffffe66 x25:0x00000000 x28=0x00000000
     242805.000 ns	     24279	80005430	035537b3	mulhu	x15,x10,x21	 x10:0x00000000 x21:0x00000001 x15=0x00000000
     242835.000 ns	     24282	80005434	203e9a53	fsgnjn.s	f20,f29,f3	 f29:0x7fc00000  f3:0x42fc0000 f20=0xffc00000
     242865.000 ns	     24285	80005438	036cd133	divu	x2,x25,x22	 x25:0x00000000 x22:0x00000000  x2=0xffffffff
     242885.000 ns	     24287	8000543c	4e350e13	addi	x28,x10,1251	 x10:0x00000000 x28=0x000004e3
     242905.000 ns	     24289	80005440	d010abd3	fcvt.s.wu	f23,x1	  x1:0x00000000 f23=0x00000000
     242935.000 ns	     24292	80005444	216f0f53	fsgnj.s	f30,f30,f22	 f30:0x00000000 f22:0x7fc00000 f30=0x00000000
     242965.000 ns	     24295	80005448	02a915b3	mulh	x11,x18,x10	 x18:0x80040fe4 x10:0x00000000 x11=0x00000000
     243335.000 ns	     24332	8000544c	0371d233	divu	x4,x3,x23	  x3:0x6215ec5f x23:0x9dea13a0  x4=0x00000000
     243355.000 ns	     24334	80005450	007e3fb3	sltu	x31,x28,x7	 x28:0x000004e3  x7:0x00000001 x31=0x00000000
     243365.000 ns	     24335	80005454	00f4ac33	slt	x24,x9,x15	  x9:0x00000000 x15:0x00000000 x24=0x00000000
     243375.000 ns	     24336	80005458	00bf8d33	add	x26,x31,x11	 x31:0x00000001 x11:0x00000000 x26=0x00000000
     243395.000 ns	     24338	8000545c	289f8e53	fmin.s	f28,f31,f9	 f31:0x4b800000  f9:0x80000000 f28=0x80000000
     243415.000 ns	     24340	80005460	58c69db7	lui	x27,0x58c69	 x27=0x58c69000
     243435.000 ns	     24342	80005464	d0024bd3	fcvt.s.w	f23,x4	  x4:0x00000000 f23=0x00000000
     243465.000 ns	     24345	80005468	c00e7253	fcvt.w.s	x4,f28	 f28:0x80000000  x4=0x00000000
     243495.000 ns	     24348	8000546c	215398d3	fsgnjn.s	f17,f7,f21	  f7:0x7f800000 f21:0x00000000 f17=0xff800000
     243515.000 ns	     24350	80005470	5537ed17	auipc	x26,0x5537e	 x26=0xd5383470
     243525.000 ns	     24351	80005474	0b026897	auipc	x17,0xb026	 x17=0x8b02b474
     243535.000 ns	     24352	80005478	d14c2013	slti	x0,x24,-748	 x24:0x00000000
     243555.000 ns	     24354	8000547c	a0972153	feq.s	x2,f14,f9	 f14:0x4082cc0f  f9:0x80000000  x2=0x00000000
     243575.000 ns	     24356	80005480	012fd493	srli	x9,x31,0x12	 x31:0x00000000  x9=0x00000000
     243585.000 ns	     24357	80005484	41e2d1b3	sra	x3,x5,x30	  x5:0xfffffc67 x30:0x00000040  x3=0xfffffc67
     243625.000 ns	     24361	80005488	089dfcd3	fsub.s	f25,f27,f9	 f27:0x4082cc0f  f9:0x80000000 f25=0x4082cc0f
     243995.000 ns	     24398	8000548c	037cc333	div	x6,x25,x23	 x25:0x00000000 x23:0x9dea13a0  x6=0x00000000
     244015.000 ns	     24400	80005490	b926ed13	ori	x26,x13,-1134	 x13:0x00000000 x26=0xfffffb92
     244025.000 ns	     24401	80005494	9c3d8193	addi	x3,x27,-1597	 x27:0x58c69000  x3=0x58c689c3
     244045.000 ns	     24403	80005498	03f34233	div	x4,x6,x31	  x6:0x00000000 x31:0x00000000  x4=0xffffffff
     244075.000 ns	     24406	8000549c	03c50bb3	mul	x23,x10,x28	 x10:0x00000000 x28:0x000004e3 x23=0x00000000
     244095.000 ns	     24408	800054a0	0186afb3	slt	x31,x13,x24	 x13:0x00000000 x24:0x00000000 x31=0x00000000
     244115.000 ns	     24410	800054a4	287a8053	fmin.s	f0,f21,f7	 f21:0x00000000  f7:0x7f800000  f0=0x00000000
     244135.000 ns	     24412	800054a8	9d1bec13	ori	x24,x23,-1583	 x23:0x00000000 x24=0xfffff9d1
     244155.000 ns	     24414	800054ac	28f91ad3	fmax.s	f21,f18,f15	 f18:0xffc00000 f15:0x7fc00000 f21=0x7fc00000
     244175.000 ns	     24416	800054b0	5056fc13	andi	x24,x13,1285	 x13:0x00000000 x24=0x00000000
     244185.000 ns	     24417	800054b4	be30ce93	xori	x29,x1,-1053	  x1:0x00000000 x29=0xfffffbe3
     244545.000 ns	     24453	800054b8	03d355b3	divu	x11,x6,x29	  x6:0x00000000 x29:0x00000000 x11=0x00000000
     244565.000 ns	     24455	800054bc	016bb233	sltu	x4,x23,x22	 x23:0x00000000 x22:0x00000000  x4=0x00000000
     244575.000 ns	     24456	800054c0	4fb97f93	andi	x31,x18,1275	 x18:0x80040fe4 x31=0x000004e0
     244595.000 ns	     24458	800054c4	c01370d3	fcvt.wu.s	x1,f6	  f6:0x00000200  x1=0x00000000
     244625.000 ns	     24461	800054c8	a031a453	feq.s	x8,f3,f3	  f3:0x42fc0000  f3:0x42fc0000  x8=0x00000001
     244675.000 ns	     24466	800054cc	0154fcd3	fadd.s	f25,f9,f21	  f9:0x80000000 f21:0x7fc00000 f25=0x7fc00000
     244695.000 ns	     24468	800054d0	00f31c13	slli	x24,x6,0xf	  x6:0x00000000 x24=0x00000000
     245865.000 ns	     24585	800054d4	580d9953	fsqrt.s	f18,f27	 f27:0x4082cc0f f18=0x400163ed
     245895.000 ns	     24588	800054d8	290383d3	fmin.s	f7,f7,f16	  f7:0x7f800000 f16:0x42800000  f7=0x42800000
     245925.000 ns	     24591	800054dc	a08a2253	feq.s	x4,f20,f8	 f20:0xffc00000  f8:0x7fc00000  x4=0x00000000
     245945.000 ns	     24593	800054e0	01195193	srli	x3,x18,0x11	 x18:0x80040fe4  x3=0x00004002
     245965.000 ns	     24595	800054e4	d0137353	fcvt.s.wu	f6,x6	  x6:0x00000000  f6=0x00000000
     245985.000 ns	     24597	800054e8	c056af93	slti	x31,x13,-1019	 x13:0x00000000 x31=0x00000000
     246345.000 ns	     24633	800054ec	0235e4b3	rem	x9,x11,x3	 x11:0x00000000  x3:0x00004002  x9=0x00000000
     246375.000 ns	     24636	800054f0	02ed0033	mul	x0,x26,x14	 x26:0xfffffb92 x14:0x80041024
     246395.000 ns	     24638	800054f4	00e0dc13	srli	x24,x1,0xe	  x1:0x00000000 x24=0x00000000
     246405.000 ns	     24639	800054f8	0a90d2b7	lui	x5,0xa90d	  x5=0x0a90d000
     247575.000 ns	     24756	800054fc	580f8453	fsqrt.s	f8,f31	 f31:0x4b800000  f8=0x457fffae
     247605.000 ns	     24759	80005500	d0107453	fcvt.s.wu	f8,x0	  x0:0x00000000  f8=0x00000000
     247635.000 ns	     24762	80005504	03a63eb3	mulhu	x29,x12,x26	 x12:0x00000000 x26:0xfffffb92 x29=0x00000000
     247665.000 ns	     24765	80005508	02771eb3	mulh	x29,x14,x7	 x14:0x80041024  x7:0x00000001 x29=0xffffffff
     247685.000 ns	     24767	8000550c	57726113	ori	x2,x4,1399	  x4:0x00000000  x2=0x00000577
     247695.000 ns	     24768	80005510	00b10fb3	add	x31,x2,x11	  x2:0x00000000 x11:0x00000000 x31=0x00000577
     247725.000 ns	     24771	80005514	1017bd53	fmul.s	f26,f15,f1	 f15:0x7fc00000  f1:0x00000000 f26=0x7fc00000
     247745.000 ns	     24773	80005518	01580cb3	add	x25,x16,x21	 x16:0x00000002 x21:0x00000001 x25=0x00000003
     247755.000 ns	     24774	8000551c	0199dbb3	srl	x23,x19,x25	 x19:0x00000001 x25:0x00000000 x23=0x00000000
     248115.000 ns	     24810	80005520	0233c533	div	x10,x7,x3	  x7:0x00000001  x3:0x00004002 x10=0x00000000
     248135.000 ns	     24812	80005524	00000013	addi	x0,x0,0	  x0:0x00000000
     248145.000 ns	     24813	80005528	04beed13	ori	x26,x29,75	 x29:0xffffffff x26=0xffffffff
     248165.000 ns	     24815	8000552c	e0009253	fclass.s	x4,f1	  f1:0x00000000  x4=0x00000010
     248195.000 ns	     24818	80005530	c016aad3	fcvt.wu.s	x21,f13	 f13:0x00000000 x21=0x00000000
     248225.000 ns	     24821	80005534	037f0033	mul	x0,x30,x23	 x30:0x00000040 x23:0x00000000
     248245.000 ns	     24823	80005538	a41e3c13	sltiu	x24,x28,-1471	 x28:0x000004e3 x24=0x00000001
     248265.000 ns	     24825	8000553c	031aa3b3	mulhsu	x7,x21,x17	 x21:0x00000000 x17:0x8b02b474  x7=0x00000000
     248295.000 ns	     24828	80005540	211909d3	fsgnj.s	f19,f18,f17	 f18:0x400163ed f17:0xff800000 f19=0xc00163ed
     248345.000 ns	     24833	80005544	0137f6d3	fadd.s	f13,f15,f19	 f15:0x7fc00000 f19:0x7fc00000 f13=0x7fc00000
     248365.000 ns	     24835	80005548	f178ec93	ori	x25,x17,-233	 x17:0x8b02b474 x25=0xffffff77
     248385.000 ns	     24837	8000554c	29b197d3	fmax.s	f15,f3,f27	  f3:0x42fc0000 f27:0x4082cc0f f15=0x42fc0000
     248415.000 ns	     24840	80005550	29d00e53	fmin.s	f28,f0,f29	  f0:0x00000000 f29:0x7fc00000 f28=0x00000000
     248435.000 ns	     24842	80005554	4cc971b7	lui	x3,0x4cc97	  x3=0x4cc97000
     248445.000 ns	     24843	80005558	37508c13	addi	x24,x1,885	  x1:0x00000000 x24=0x00000375
     248455.000 ns	     24844	8000555c	ed42b593	sltiu	x11,x5,-300	  x5:0x0a90d000 x11=0x00000001
     248465.000 ns	     24845	80005560	0052c2b3	xor	x5,x5,x5	  x5:0x0a90d000  x5:0x0a90d000  x5=0x00000000
     248825.000 ns	     24881	80005564	032955b3	divu	x11,x18,x18	 x18:0x80040fe4 x18:0x80040fe4 x11=0x00000001
     248845.000 ns	     24883	80005568	00000013	addi	x0,x0,0	  x0:0x00000000
     248855.000 ns	     24884	8000556c	d10a3f13	sltiu	x30,x20,-752	 x20:0x7f280000 x30=0x00000001
     248865.000 ns	     24885	80005570	012f7333	and	x6,x30,x18	 x30:0x00000040 x18:0x80040fe4  x6=0x00000000
     248875.000 ns	     24886	80005574	00a7e2b3	or	x5,x15,x10	 x15:0x00000000 x10:0x00000000  x5=0x00000000
     248895.000 ns	     24888	80005578	a033aa53	feq.s	x20,f7,f3	  f7:0x42800000  f3:0x42fc0000 x20=0x00000000
     248925.000 ns	     24891	8000557c	026cef33	rem	x30,x25,x6	 x25:0xffffff77  x6:0x00000000 x30=0xffffff77
     248955.000 ns	     24894	80005580	c008ae53	fcvt.w.s	x28,f17	 f17:0xff800000 x28=0x80000000
     249005.000 ns	     24899	80005584	01ac7f53	fadd.s	f30,f24,f26	 f24:0x7fc00000 f26:0x7fc00000 f30=0x7fc00000
     249375.000 ns	     24936	80005588	02e16fb3	rem	x31,x2,x14	  x2:0x00000577 x14:0x80041024 x31=0x00000577
     250555.000 ns	     25054	8000558c	580dff53	fsqrt.s	f30,f27	 f27:0x4082cc0f f30=0x400163ed
     250605.000 ns	     25059	80005590	01baf753	fadd.s	f14,f21,f27	 f21:0x7fc00000 f27:0x4082cc0f f14=0x7fc00000
     250975.000 ns	     25096	80005594	03dada33	divu	x20,x21,x29	 x21:0x00000000 x29:0xffffffff x20=0x00000000
     251005.000 ns	     25099	80005598	21d68ad3	fsgnj.s	f21,f13,f29	 f13:0x7fc00000 f29:0x7fc00000 f21=0x7fc00000
     251035.000 ns	     25102	8000559c	a14a20d3	feq.s	x1,f20,f20	 f20:0xffc00000 f20:0xffc00000  x1=0x00000000
     251065.000 ns	     25105	800055a0	02bb9033	mulh	x0,x23,x11	 x23:0x00000000 x11:0x00000001
     251085.000 ns	     25107	800055a4	6b643993	sltiu	x19,x8,1718	  x8:0x00000001 x19=0x00000001
     251105.000 ns	     25109	800055a8	a0998353	fle.s	x6,f19,f9	 f19:0xc00163ed  f9:0x80000000  x6=0x00000001
     251155.000 ns	     25114	800055ac	092f7bd3	fsub.s	f23,f30,f18	 f30:0x400163ed f18:0x400163ed f23=0x80000000
     251195.000 ns	     25118	800055b0	580eab53	fsqrt.s	f22,f29	 f29:0x7fc00000 f22=0x7fc00000
     251225.000 ns	     25121	800055b4	20b59fd3	fsgnjn.s	f31,f11,f11	 f11:0x3f800000 f11:0x3f800000 f31=0xbf800000
     251265.000 ns	     25125	800055b8	58037f53	fsqrt.s	f30,f6	  f6:0x00000000 f30=0x00000000
     251285.000 ns	     25127	800055bc	4023dd13	srai	x26,x7,0x2	  x7:0x00000000 x26=0x00000000
     251295.000 ns	     25128	800055c0	35f0f513	andi	x10,x1,863	  x1:0x00000000 x10=0x00000000
     251305.000 ns	     25129	800055c4	d85bad17	auipc	x26,0xd85ba	 x26=0x585bf5c4
     251315.000 ns	     25130	800055c8	001359b3	srl	x19,x6,x1	  x6:0x00000001  x1:0x00000000 x19=0x00000001
     251325.000 ns	     25131	800055cc	00c639b3	sltu	x19,x12,x12	 x12:0x00000000 x12:0x00000000 x19=0x00000000
     251685.000 ns	     25167	800055d0	03966fb3	rem	x31,x12,x25	 x12:0x00000000 x25:0xffffff77 x31=0x00000000
     251705.000 ns	     25169	800055d4	14f5d897	auipc	x17,0x14f5d	 x17=0x94f625d4
     251725.000 ns	     25171	800055d8	e00782d3	fmv.x.w	x5,f15	 f15:0x42fc0000  x5=0x42fc0000
     251775.000 ns	     25176	800055dc	094b7853	fsub.s	f16,f22,f20	 f22:0x7fc00000 f20:0xffc00000 f16=0x7fc00000
     251805.000 ns	     25179	800055e0	03640033	mul	x0,x8,x22	  x8:0x00000001 x22:0x00000000
     251825.000 ns	     25181	800055e4	00a69133	sll	x2,x13,x10	 x13:0x00000000 x10:0x00000000  x2=0x00000000
     251845.000 ns	     25183	800055e8	29af1cd3	fmax.s	f25,f30,f26	 f30:0x00000000 f26:0x7fc00000 f25=0x00000000
     251865.000 ns	     25185	800055ec	0100dd93	srli	x27,x1,0x10	  x1:0x00000000 x27=0x00000000
     251885.000 ns	     25187	800055f0	028c9f33	mulh	x30,x25,x8	 x25:0xffffff77  x8:0x00000001 x30=0xffffffff
     251935.000 ns	     25192	800055f4	0068f6d3	fadd.s	f13,f17,f6	 f17:0xff800000  f6:0x00000000 f13=0xff800000
     251985.000 ns	     25197	800055f8	00cdf253	fadd.s	f4,f27,f12	 f27:0x4082cc0f f12:0x3e404dfe  f4=0x4088ce7e
     252015.000 ns	     25200	800055fc	203c9c53	fsgnjn.s	f24,f25,f3	 f25:0x00000000  f3:0x42fc0000 f24=0x80000000
     252055.000 ns	     25204	80005600	11a5f453	fmul.s	f8,f11,f26	 f11:0x3f800000 f26:0x7fc00000  f8=0x7fc00000
     252075.000 ns	     25206	80005604	410b5e13	srai	x28,x22,0x10	 x22:0x00000000 x28=0x00000000
     252095.000 ns	     25208	80005608	03441bb3	mulh	x23,x8,x20	  x8:0x00000001 x20:0x00000000 x23=0x00000000
     252125.000 ns	     25211	8000560c	03be24b3	mulhsu	x9,x28,x27	 x28:0x80000000 x27:0x00000000  x9=0x00000000
     252155.000 ns	     25214	80005610	a0d018d3	flt.s	x17,f0,f13	  f0:0x00000000 f13:0xff800000 x17=0x00000000
     252175.000 ns	     25216	80005614	41070cb3	sub	x25,x14,x16	 x14:0x80041024 x16:0x00000002 x25=0x80041022
     252195.000 ns	     25218	80005618	288d1ed3	fmax.s	f29,f26,f8	 f26:0x7fc00000  f8:0x7fc00000 f29=0x7fc00000
     252225.000 ns	     25221	8000561c	03020433	mul	x8,x4,x16	  x4:0x00000010 x16:0x00000002  x8=0x00000020
     252255.000 ns	     25224	80005620	282f08d3	fmin.s	f17,f30,f2	 f30:0x00000000  f2:0x7f800000 f17=0x00000000
     252275.000 ns	     25226	80005624	00dc5133	srl	x2,x24,x13	 x24:0x00000375 x13:0x00000000  x2=0x00000375
     252295.000 ns	     25228	80005628	c00afe53	fcvt.w.s	x28,f21	 f21:0x7fc00000 x28=0x7fffffff
     252345.000 ns	     25233	8000562c	0903fcd3	fsub.s	f25,f7,f16	  f7:0x42800000 f16:0x7fc00000 f25=0x7fc00000
     252365.000 ns	     25235	80005630	01525233	srl	x4,x4,x21	  x4:0x00000010 x21:0x00000000  x4=0x00000010
     252375.000 ns	     25236	80005634	00af0ab3	add	x21,x30,x10	 x30:0xffffffff x10:0x00000000 x21=0xffffffff
     252735.000 ns	     25272	80005638	03da7433	remu	x8,x20,x29	 x20:0x00000000 x29:0xffffffff  x8=0x00000000
     252755.000 ns	     25274	8000563c	00000013	addi	x0,x0,0	  x0:0x00000000
     252795.000 ns	     25278	80005640	086589d3	fsub.s	f19,f11,f6	 f11:0x3f800000  f6:0x00000000 f19=0x3f800000
     252815.000 ns	     25280	80005644	11dbec13	ori	x24,x23,285	 x23:0x00000000 x24=0x0000011d
     252825.000 ns	     25281	80005648	90477f93	andi	x31,x14,-1788	 x14:0x80041024 x31=0x80041004
     252845.000 ns	     25283	8000564c	03e2b0b3	mulhu	x1,x5,x30	  x5:0x42fc0000 x30:0xffffffff  x1=0x42fbffff
     252865.000 ns	     25285	80005650	404408b3	sub	x17,x8,x4	  x8:0x00000000  x4:0x00000010 x17=0xfffffff0
     252875.000 ns	     25286	80005654	010e0fb3	add	x31,x28,x16	 x28:0x7fffffff x16:0x00000002 x31=0x80000001
     252885.000 ns	     25287	80005658	ea424493	xori	x9,x4,-348	  x4:0x00000010  x9=0xfffffeb4
     252905.000 ns	     25289	8000565c	c01afad3	fcvt.wu.s	x21,f21	 f21:0x7fc00000 x21=0xffffffff
     252935.000 ns	     25292	80005660	20b909d3	fsgnj.s	f19,f18,f11	 f18:0x400163ed f11:0x3f800000 f19=0x400163ed
     252955.000 ns	     25294	80005664	01fac5b3	xor	x11,x21,x31	 x21:0xffffffff x31:0x80000001 x11=0x7ffffffe
     252975.000 ns	     25296	80005668	21f512d3	fsgnjn.s	f5,f10,f31	 f10:0x00000000 f31:0xbf800000  f5=0x00000000
     252995.000 ns	     25298	8000566c	d73d6b93	ori	x23,x26,-653	 x26:0x585bf5c4 x23=0xfffffdf7
     253025.000 ns	     25301	80005670	19c147d3	fdiv.s	f15,f2,f28	  f2:0x7f800000 f28:0x00000000 f15=0x7f800000
     253045.000 ns	     25303	80005674	01ddd893	srli	x17,x27,0x1d	 x27:0x00000000 x17=0x00000000
     253055.000 ns	     25304	80005678	0113cdb3	xor	x27,x7,x17	  x7:0x00000000 x17:0xfffffff0 x27=0x00000000
     253075.000 ns	     25306	8000567c	035d8b33	mul	x22,x27,x21	 x27:0x00000000 x21:0xffffffff x22=0x00000000
     253105.000 ns	     25309	80005680	03b3da33	divu	x20,x7,x27	  x7:0x00000000 x27:0x00000000 x20=0xffffffff
     253135.000 ns	     25312	80005684	032f87b3	mul	x15,x31,x18	 x31:0x80000001 x18:0x80040fe4 x15=0x80040fe4
     253155.000 ns	     25314	80005688	00b4fdb3	and	x27,x9,x11	  x9:0xfffffeb4 x11:0x7ffffffe x27=0x7ffffeb4
     253175.000 ns	     25316	8000568c	f0060a53	fmv.w.x	f20,x12	 x12:0x00000000 f20=0x00000000
     253205.000 ns	     25319	80005690	d016bbd3	fcvt.s.wu	f23,x13	 x13:0x00000000 f23=0x00000000
     253225.000 ns	     25321	80005694	4177d1b3	sra	x3,x15,x23	 x15:0x80040fe4 x23:0xfffffdf7  x3=0xffffff00
     253235.000 ns	     25322	80005698	35dea197	auipc	x3,0x35dea	  x3=0xb5def698
     253245.000 ns	     25323	8000569c	00000013	addi	x0,x0,0	  x0:0x00000000
     253255.000 ns	     25324	800056a0	00000013	addi	x0,x0,0	  x0:0x00000000
     253265.000 ns	     25325	800056a4	6715a313	slti	x6,x11,1649	 x11:0x7ffffffe  x6=0x00000000
     253285.000 ns	     25327	800056a8	a05e9bd3	flt.s	x23,f29,f5	 f29:0x7fc00000  f5:0x00000000 x23=0x00000000
     253305.000 ns	     25329	800056ac	0871a197	auipc	x3,0x871a	  x3=0x8871f6ac
     253315.000 ns	     25330	800056b0	002e58b3	srl	x17,x28,x2	 x28:0x7fffffff  x2:0x00000375 x17=0x000003ff
     253335.000 ns	     25332	800056b4	29448253	fmin.s	f4,f9,f20	  f9:0x80000000 f20:0x00000000  f4=0x80000000
     253355.000 ns	     25334	800056b8	00d3eb33	or	x22,x7,x13	  x7:0x00000000 x13:0x00000000 x22=0x00000000
     253365.000 ns	     25335	800056bc	01951e93	slli	x29,x10,0x19	 x10:0x00000000 x29=0x00000000
     253375.000 ns	     25336	800056c0	df7a0893	addi	x17,x20,-521	 x20:0xffffffff x17=0xfffffdf6
     253395.000 ns	     25338	800056c4	e00480d3	fmv.x.w	x1,f9	  f9:0x80000000  x1=0x80000000
     253415.000 ns	     25340	800056c8	40a15233	sra	x4,x2,x10	  x2:0x00000375 x10:0x00000000  x4=0x00000375
     253425.000 ns	     25341	800056cc	003dddb3	srl	x27,x27,x3	 x27:0x7ffffeb4  x3:0x8871f6ac x27=0x0007ffff
     253445.000 ns	     25343	800056d0	d01c7ed3	fcvt.s.wu	f29,x24	 x24:0x0000011d f29=0x438e8000
     253495.000 ns	     25348	800056d4	002095d3	fadd.s	f11,f1,f2	  f1:0x00000000  f2:0x7f800000 f11=0x7f800000
     253525.000 ns	     25351	800056d8	0336ffb3	remu	x31,x13,x19	 x13:0x00000000 x19:0x00000000 x31=0x00000000
     253555.000 ns	     25354	800056dc	03766d33	rem	x26,x12,x23	 x12:0x00000000 x23:0x00000000 x26=0x00000000
     253575.000 ns	     25356	800056e0	41292013	slti	x0,x18,1042	 x18:0x80040fe4
     253595.000 ns	     25358	800056e4	c01ef3d3	fcvt.wu.s	x7,f29	 f29:0x438e8000  x7=0x0000011d
     253625.000 ns	     25361	800056e8	21b7add3	fsgnjx.s	f27,f15,f27	 f15:0x7f800000 f27:0x4082cc0f f27=0x7f800000
     253655.000 ns	     25364	800056ec	e00711d3	fclass.s	x3,f14	 f14:0x7fc00000  x3=0x00000200
     253675.000 ns	     25366	800056f0	00ecdf33	srl	x30,x25,x14	 x25:0x80041022 x14:0x80041024 x30=0x08004102
     254035.000 ns	     25402	800056f4	02fe6ab3	rem	x21,x28,x15	 x28:0x7fffffff x15:0x80040fe4 x21=0x00040fe3
     254075.000 ns	     25406	800056f8	19214653	fdiv.s	f12,f2,f18	  f2:0x7f800000 f18:0x400163ed f12=0x7f800000
     254095.000 ns	     25408	800056fc	c9eca513	slti	x10,x25,-866	 x25:0x80041022 x10=0x00000001
     254115.000 ns	     25410	80005700	d01d4fd3	fcvt.s.wu	f31,x26	 x26:0x00000000 f31=0x00000000
     254145.000 ns	     25413	80005704	28c20353	fmin.s	f6,f4,f12	  f4:0x80000000 f12:0x7f800000  f6=0x80000000
     254175.000 ns	     25416	80005708	c01d0dd3	fcvt.wu.s	x27,f26	 f26:0x7fc00000 x27=0xffffffff
     254205.000 ns	     25419	8000570c	206f9a53	fsgnjn.s	f20,f31,f6	 f31:0x00000000  f6:0x80000000 f20=0x00000000
     254235.000 ns	     25422	80005710	03a4d5b3	divu	x11,x9,x26	  x9:0xfffffeb4 x26:0x00000000 x11=0xffffffff
     254255.000 ns	     25424	80005714	b3b3b697	auipc	x13,0xb3b3b	 x13=0x33b40714
     254615.000 ns	     25460	80005718	0230c2b3	div	x5,x1,x3	  x1:0x80000000  x3:0x00000200  x5=0xffc00000
     254635.000 ns	     25462	8000571c	40755db3	sra	x27,x10,x7	 x10:0x00000001  x7:0x0000011d x27=0x00000000
     254645.000 ns	     25463	80005720	8b43fe13	andi	x28,x7,-1868	  x7:0x0000011d x28=0x00000014
     255005.000 ns	     25499	80005724	029343b3	div	x7,x6,x9	  x6:0x00000000  x9:0xfffffeb4  x7=0x00000000
     255035.000 ns	     25502	80005728	217c2453	fsgnjx.s	f8,f24,f23	 f24:0x80000000 f23:0x00000000  f8=0x80000000
     255065.000 ns	     25505	8000572c	f0010d53	fmv.w.x	f26,x2	  x2:0x00000375 f26=0x00000375
     255105.000 ns	     25509	80005730	1171f3d3	fmul.s	f7,f3,f23	  f3:0x42fc0000 f23:0x00000000  f7=0x00000000
     255475.000 ns	     25546	80005734	0241de33	divu	x28,x3,x4	  x3:0x00000200  x4:0x00000375 x28=0x00000000
     255495.000 ns	     25548	80005738	00000013	addi	x0,x0,0	  x0:0x00000000
     255505.000 ns	     25549	8000573c	009f31b3	sltu	x3,x30,x9	 x30:0x08004102  x9:0xfffffeb4  x3=0x00000001
     255525.000 ns	     25551	80005740	e00c84d3	fmv.x.w	x9,f25	 f25:0x7fc00000  x9=0x7fc00000
     255895.000 ns	     25588	80005744	02a1e333	rem	x6,x3,x10	  x3:0x00000200 x10:0x00000001  x6=0x00000000
     255915.000 ns	     25590	80005748	00af6133	or	x2,x30,x10	 x30:0x08004102 x10:0x00000001  x2=0x08004103
     255955.000 ns	     25594	8000574c	00ab76d3	fadd.s	f13,f22,f10	 f22:0x7fc00000 f10:0x00000000 f13=0x7fc00000
     256325.000 ns	     25631	80005750	0386ce33	div	x28,x13,x24	 x13:0x33b40714 x24:0x0000011d x28=0x002e7134
     256355.000 ns	     25634	80005754	e0010b53	fmv.x.w	x22,f2	  f2:0x7f800000 x22=0x7f800000
     256385.000 ns	     25637	80005758	03120233	mul	x4,x4,x17	  x4:0x00000375 x17:0xfffffdf6  x4=0xfff8f36e
     256435.000 ns	     25642	8000575c	015805d3	fadd.s	f11,f16,f21	 f16:0x7fc00000 f21:0x7fc00000 f11=0x7fc00000
     256465.000 ns	     25645	80005760	203b0c53	fsgnj.s	f24,f22,f3	 f22:0x7fc00000  f3:0x42fc0000 f24=0x7fc00000
     256495.000 ns	     25648	80005764	e00e8a53	fmv.x.w	x20,f29	 f29:0x438e8000 x20=0x438e8000
     256515.000 ns	     25650	80005768	00162db3	slt	x27,x12,x1	 x12:0x00000000  x1:0x80000000 x27=0x00000000
     256525.000 ns	     25651	8000576c	d97fbf13	sltiu	x30,x31,-617	 x31:0x00000000 x30=0x00000001
     256535.000 ns	     25652	80005770	01be19b3	sll	x19,x28,x27	 x28:0x002e7134 x27:0x00000000 x19=0x002e7134
     256555.000 ns	     25654	80005774	03c2b0b3	mulhu	x1,x5,x28	  x5:0xffc00000 x28:0x002e7134  x1=0x002e6597
     256585.000 ns	     25657	80005778	2192add3	fsgnjx.s	f27,f5,f25	  f5:0x00000000 f25:0x7fc00000 f27=0x00000000
     256605.000 ns	     25659	8000577c	41b9d993	srai	x19,x19,0x1b	 x19:0x002e7134 x19=0x00000000
     256615.000 ns	     25660	80005780	4f66f593	andi	x11,x13,1270	 x13:0x33b40714 x11=0x00000414
     256625.000 ns	     25661	80005784	131dcc17	auipc	x24,0x131dc	 x24=0x931e1784
     256635.000 ns	     25662	80005788	412d0eb3	sub	x29,x26,x18	 x26:0x00000000 x18:0x80040fe4 x29=0x7ffbf01c
     256655.000 ns	     25664	8000578c	03ff7bb3	remu	x23,x30,x31	 x30:0x00000001 x31:0x00000000 x23=0x00000001
     256675.000 ns	     25666	80005790	417c5b13	srai	x22,x24,0x17	 x24:0x931e1784 x22=0xffffff26
     257035.000 ns	     25702	80005794	0343e133	rem	x2,x7,x20	  x7:0x00000000 x20:0x438e8000  x2=0x00000000
     257065.000 ns	     25705	80005798	03bd4433	div	x8,x26,x27	 x26:0x00000000 x27:0x00000000  x8=0xffffffff
     257095.000 ns	     25708	8000579c	03339033	mulh	x0,x7,x19	  x7:0x00000000 x19:0x00000000
     257125.000 ns	     25711	800057a0	02cd15b3	mulh	x11,x26,x12	 x26:0x00000000 x12:0x00000000 x11=0x00000000
     257155.000 ns	     25714	800057a4	03a6ea33	rem	x20,x13,x26	 x13:0x33b40714 x26:0x00000000 x20=0x33b40714
     257185.000 ns	     25717	800057a8	a0201553	flt.s	x10,f0,f2	  f0:0x00000000  f2:0x7f800000 x10=0x00000001
     257205.000 ns	     25719	800057ac	c0c09897	auipc	x17,0xc0c09	 x17=0x40c0e7ac
     257565.000 ns	     25755	800057b0	029fc8b3	div	x17,x31,x9	 x31:0x00000000  x9:0x7fc00000 x17=0x00000000
     257615.000 ns	     25760	800057b4	098afb53	fsub.s	f22,f21,f24	 f21:0x7fc00000 f24:0x7fc00000 f22=0x7fc00000
     257635.000 ns	     25762	800057b8	4098deb3	sra	x29,x17,x9	 x17:0x00000000  x9:0x7fc00000 x29=0x00000000
     257645.000 ns	     25763	800057bc	90088693	addi	x13,x17,-1792	 x17:0x00000000 x13=0xfffff900
     257655.000 ns	     25764	800057c0	38f2ef93	ori	x31,x5,911	  x5:0xffc00000 x31=0xffc0038f
     257675.000 ns	     25766	800057c4	28e580d3	fmin.s	f1,f11,f14	 f11:0x7fc00000 f14:0x7fc00000  f1=0x7fc00000
     257705.000 ns	     25769	800057c8	d0157e53	fcvt.s.wu	f28,x10	 x10:0x00000001 f28=0x3f800000
     258075.000 ns	     25806	800057cc	02f964b3	rem	x9,x18,x15	 x18:0x80040fe4 x15:0x80040fe4  x9=0x00000000
     258095.000 ns	     25808	800057d0	41825013	srai	x0,x4,0x18	  x4:0xfff8f36e
     258115.000 ns	     25810	800057d4	c00d2e53	fcvt.w.s	x28,f26	 f26:0x00000375 x28=0x00000000
     258145.000 ns	     25813	800057d8	d005f153	fcvt.s.w	f2,x11	 x11:0x00000000  f2=0x00000000
     258175.000 ns	     25816	800057dc	02ba04b3	mul	x9,x20,x11	 x20:0x33b40714 x11:0x00000000  x9=0x00000000
     258205.000 ns	     25819	800057e0	281216d3	fmax.s	f13,f4,f1	  f4:0x80000000  f1:0x7fc00000 f13=0x80000000
     258235.000 ns	     25822	800057e4	035339b3	mulhu	x19,x6,x21	  x6:0x00000000 x21:0x00040fe3 x19=0x00000000
     258255.000 ns	     25824	800057e8	62636f13	ori	x30,x6,1574	  x6:0x00000000 x30=0x00000626
     258265.000 ns	     25825	800057ec	13008a13	addi	x20,x1,304	  x1:0x002e6597 x20=0x002e66c7
     258275.000 ns	     25826	800057f0	7fbb8f13	addi	x30,x23,2043	 x23:0x00000001 x30=0x000007fc
     258285.000 ns	     25827	800057f4	0f992013	slti	x0,x18,249	 x18:0x80040fe4
     258305.000 ns	     25829	800057f8	a1528dd3	fle.s	x27,f5,f21	  f5:0x00000000 f21:0x7fc00000 x27=0x00000000
     258325.000 ns	     25831	800057fc	00f147b3	xor	x15,x2,x15	  x2:0x00000000 x15:0x80040fe4 x15=0x80040fe4
     258335.000 ns	     25832	80005800	6fbbc893	xori	x17,x23,1787	 x23:0x00000001 x17=0x000006fa
     258355.000 ns	     25834	80005804	a06109d3	fle.s	x19,f2,f6	  f2:0x00000000  f6:0x80000000 x19=0x00000001
     258385.000 ns	     25837	80005808	28878e53	fmin.s	f28,f15,f8	 f15:0x7f800000  f8:0x80000000 f28=0x80000000
     258405.000 ns	     25839	8000580c	00000013	addi	x0,x0,0	  x0:0x00000000
     258415.000 ns	     25840	80005810	40a4d1b3	sra	x3,x9,x10	  x9:0x00000000 x10:0x00000001  x3=0x00000000
     258425.000 ns	     25841	80005814	e1a7ba13	sltiu	x20,x15,-486	 x15:0x80040fe4 x20=0x00000001
     258435.000 ns	     25842	80005818	0121beb3	sltu	x29,x3,x18	  x3:0x00000001 x18:0x80040fe4 x29=0x00000001
     258795.000 ns	     25878	8000581c	025a48b3	div	x17,x20,x5	 x20:0x002e66c7  x5:0xffc00000 x17=0x00000000
     258815.000 ns	     25880	80005820	d6574f37	lui	x30,0xd6574	 x30=0xd6574000
     258845.000 ns	     25883	80005824	580707d3	fsqrt.s	f15,f14	 f14:0x7fc00000 f15=0x7fc00000
     258865.000 ns	     25885	80005828	000fe2b3	or	x5,x31,x0	 x31:0xffc0038f  x0:0x00000000  x5=0xffc0038f
     258885.000 ns	     25887	8000582c	f00e0753	fmv.w.x	f14,x28	 x28:0x00000000 f14=0x00000000
     258925.000 ns	     25891	80005830	11ac7c53	fmul.s	f24,f24,f26	 f24:0x7fc00000 f26:0x00000375 f24=0x7fc00000
     258945.000 ns	     25893	80005834	1bcec013	xori	x0,x29,444	 x29:0x00000001
     258965.000 ns	     25895	80005838	28208253	fmin.s	f4,f1,f2	  f1:0x7fc00000  f2:0x00000000  f4=0x00000000
     259335.000 ns	     25932	8000583c	03614033	div	x0,x2,x22	  x2:0x00000000 x22:0xffffff26
     259375.000 ns	     25936	80005840	104fbed3	fmul.s	f29,f31,f4	 f31:0x00000000  f4:0x00000000 f29=0x00000000
     259405.000 ns	     25939	80005844	02c781b3	mul	x3,x15,x12	 x15:0x80040fe4 x12:0x00000000  x3=0x00000000
     259425.000 ns	     25941	80005848	00a61493	slli	x9,x12,0xa	 x12:0x00000000  x9=0x00000000
     259445.000 ns	     25943	8000584c	28c892d3	fmax.s	f5,f17,f12	 f17:0x00000000 f12:0x7f800000  f5=0x7f800000
     259475.000 ns	     25946	80005850	a0751253	flt.s	x4,f10,f7	 f10:0x00000000  f7:0x00000000  x4=0x00000000
     259525.000 ns	     25951	80005854	092f7fd3	fsub.s	f31,f30,f18	 f30:0x00000000 f18:0x400163ed f31=0xc00163ed
     259545.000 ns	     25953	80005858	41dfd193	srai	x3,x31,0x1d	 x31:0xffc0038f  x3=0xffffffff
     259575.000 ns	     25956	8000585c	10921253	fmul.s	f4,f4,f9	  f4:0x00000000  f9:0x80000000  f4=0x80000000
     259605.000 ns	     25959	80005860	20f30553	fsgnj.s	f10,f6,f15	  f6:0x80000000 f15:0x7fc00000 f10=0x00000000
     259635.000 ns	     25962	80005864	03279033	mulh	x0,x15,x18	 x15:0x80040fe4 x18:0x80040fe4
     259665.000 ns	     25965	80005868	c0012153	fcvt.w.s	x2,f2	  f2:0x00000000  x2=0x00000000
     259685.000 ns	     25967	8000586c	01133b33	sltu	x22,x6,x17	  x6:0x00000000 x17:0x00000000 x22=0x00000000
     259695.000 ns	     25968	80005870	e041e793	ori	x15,x3,-508	  x3:0xffffffff x15=0xffffffff
     259705.000 ns	     25969	80005874	00bd81b3	add	x3,x27,x11	 x27:0x00000000 x11:0x00000000  x3=0x00000000
     259715.000 ns	     25970	80005878	7d430513	addi	x10,x6,2004	  x6:0x00000000 x10=0x000007d4
     259725.000 ns	     25971	8000587c	f9b0eeb7	lui	x29,0xf9b0e	 x29=0xf9b0e000
     259735.000 ns	     25972	80005880	01abf1b3	and	x3,x23,x26	 x23:0x00000001 x26:0x00000000  x3=0x00000000
     259765.000 ns	     25975	80005884	101d7c53	fmul.s	f24,f26,f1	 f26:0x00000375  f1:0x7fc00000 f24=0x7fc00000
     259785.000 ns	     25977	80005888	005b6bb3	or	x23,x22,x5	 x22:0x00000000  x5:0xffc0038f x23=0xffc0038f
     259805.000 ns	     25979	8000588c	f00e01d3	fmv.w.x	f3,x28	 x28:0x00000000  f3=0x00000000
     259835.000 ns	     25982	80005890	03b51133	mulh	x2,x10,x27	 x10:0x000007d4 x27:0x00000000  x2=0x00000000
     259865.000 ns	     25985	80005894	202ba5d3	fsgnjx.s	f11,f23,f2	 f23:0x00000000  f2:0x00000000 f11=0x00000000
     259885.000 ns	     25987	80005898	1c82a693	slti	x13,x5,456	  x5:0xffc0038f x13=0x00000001
     259895.000 ns	     25988	8000589c	00d25e93	srli	x29,x4,0xd	  x4:0x00000000 x29=0x00000000
     259905.000 ns	     25989	800058a0	7aa12f13	slti	x30,x2,1962	  x2:0x00000000 x30=0x00000001
     259925.000 ns	     25991	800058a4	20789553	fsgnjn.s	f10,f17,f7	 f17:0x00000000  f7:0x00000000 f10=0x80000000
     259965.000 ns	     25995	800058a8	1198f453	fmul.s	f8,f17,f25	 f17:0x00000000 f25:0x7fc00000  f8=0x7fc00000
     260005.000 ns	     25999	800058ac	580da653	fsqrt.s	f12,f27	 f27:0x00000000 f12=0x00000000
     260035.000 ns	     26002	800058b0	d00bf1d3	fcvt.s.w	f3,x23	 x23:0xffc0038f  f3=0xca7ff1c4
     260055.000 ns	     26004	800058b4	00b1aa33	slt	x20,x3,x11	  x3:0x00000000 x11:0x00000000 x20=0x00000000
     260075.000 ns	     26006	800058b8	a0838ed3	fle.s	x29,f7,f8	  f7:0x00000000  f8:0x7fc00000 x29=0x00000000
     260095.000 ns	     26008	800058bc	0102cfb3	xor	x31,x5,x16	  x5:0xffc0038f x16:0x00000002 x31=0xffc0038d
     260125.000 ns	     26011	800058c0	1106f153	fmul.s	f2,f13,f16	 f13:0x80000000 f16:0x7fc00000  f2=0x7fc00000
     260145.000 ns	     26013	800058c4	22c22c93	slti	x25,x4,556	  x4:0x00000000 x25=0x00000001
     260165.000 ns	     26015	800058c8	f0020353	fmv.w.x	f6,x4	  x4:0x00000000  f6=0x00000000
     260185.000 ns	     26017	800058cc	00380d33	add	x26,x16,x3	 x16:0x00000002  x3:0x00000000 x26=0x00000002
     260195.000 ns	     26018	800058d0	71983893	sltiu	x17,x16,1817	 x16:0x00000002 x17=0x00000001
     260205.000 ns	     26019	800058d4	00000013	addi	x0,x0,0	  x0:0x00000000
     260225.000 ns	     26021	800058d8	217918d3	fsgnjn.s	f17,f18,f23	 f18:0x400163ed f23:0x00000000 f17=0xc00163ed
     260245.000 ns	     26023	800058dc	f1f70213	addi	x4,x14,-225	 x14:0x80041024  x4=0x80040f43
     260275.000 ns	     26026	800058e0	580ef4d3	fsqrt.s	f9,f29	 f29:0x00000000  f9=0x00000000
     260305.000 ns	     26029	800058e4	02206bb3	rem	x23,x0,x2	  x0:0x00000000  x2:0x00000000 x23=0x00000000
     260325.000 ns	     26031	800058e8	44eb0297	auipc	x5,0x44eb0	  x5=0xc4eb58e8
     260335.000 ns	     26032	800058ec	b4340f93	addi	x31,x8,-1213	  x8:0xffffffff x31=0xfffffb42
     260345.000 ns	     26033	800058f0	7e00ff93	andi	x31,x1,2016	  x1:0x002e6597 x31=0x00000580
     260355.000 ns	     26034	800058f4	40810db3	sub	x27,x2,x8	  x2:0x00000000  x8:0xffffffff x27=0x00000001
     260385.000 ns	     26037	800058f8	180599d3	fdiv.s	f19,f11,f0	 f11:0x00000000  f0:0x00000000 f19=0x7fc00000
     260405.000 ns	     26039	800058fc	8ee8bfb7	lui	x31,0x8ee8b	 x31=0x8ee8b000
     260415.000 ns	     26040	80005900	006caab3	slt	x21,x25,x6	 x25:0x00000001  x6:0x00000000 x21=0x00000000
     260745.000 ns	     26073	80005904	192f97d3	fdiv.s	f15,f31,f18	 f31:0xc00163ed f18:0x400163ed f15=0xbf1ce27a
     260775.000 ns	     26076	80005908	d01fb253	fcvt.s.wu	f4,x31	 x31:0x8ee8b000  f4=0x4f0ee8b0
     260825.000 ns	     26081	8000590c	014d76d3	fadd.s	f13,f26,f20	 f26:0x00000375 f20:0x00000000 f13=0x00000375
     260845.000 ns	     26083	80005910	41a90333	sub	x6,x18,x26	 x18:0x80040fe4 x26:0x00000002  x6=0x80040fe2
     260875.000 ns	     26086	80005914	10dc3e53	fmul.s	f28,f24,f13	 f24:0x7fc00000 f13:0x00000375 f28=0x7fc00000
     260895.000 ns	     26088	80005918	00d09693	slli	x13,x1,0xd	  x1:0x002e6597 x13=0xccb2e000
     262065.000 ns	     26205	8000591c	5806fed3	fsqrt.s	f29,f13	 f13:0x00000375 f29=0x1f350968
     262085.000 ns	     26207	80005920	40f750b3	sra	x1,x14,x15	 x14:0x80041024 x15:0xffffffff  x1=0xffffffff
     262105.000 ns	     26209	80005924	21f392d3	fsgnjn.s	f5,f7,f31	  f7:0x00000000 f31:0xc00163ed  f5=0x00000000
     262125.000 ns	     26211	80005928	00d99513	slli	x10,x19,0xd	 x19:0x00000001 x10=0x00002000
     262145.000 ns	     26213	8000592c	202f8b53	fsgnj.s	f22,f31,f2	 f31:0xc00163ed  f2:0x7fc00000 f22=0x400163ed
     262165.000 ns	     26215	80005930	00de9bb3	sll	x23,x29,x13	 x29:0x00000000 x13:0xccb2e000 x23=0x00000000
     262175.000 ns	     26216	80005934	01f51eb3	sll	x29,x10,x31	 x10:0x00002000 x31:0x8ee8b000 x29=0x00002000
     262185.000 ns	     26217	80005938	2e4e4a13	xori	x20,x28,740	 x28:0x00000000 x20=0x000002e4
     262205.000 ns	     26219	8000593c	c0117ed3	fcvt.wu.s	x29,f2	  f2:0x7fc00000 x29=0xffffffff
     262235.000 ns	     26222	80005940	e00f9dd3	fclass.s	x27,f31	 f31:0xc00163ed x27=0x00000002
     262265.000 ns	     26225	80005944	207b1f53	fsgnjn.s	f30,f22,f7	 f22:0x400163ed  f7:0x00000000 f30=0xc00163ed
     262285.000 ns	     26227	80005948	01d9ff33	and	x30,x19,x29	 x19:0x00000001 x29:0xffffffff x30=0x00000001
     262305.000 ns	     26229	8000594c	02e595b3	mulh	x11,x11,x14	 x11:0x00000000 x14:0x80041024 x11=0x00000000
     262325.000 ns	     26231	80005950	b4523597	auipc	x11,0xb4523	 x11=0x34528950
     262335.000 ns	     26232	80005954	01559eb3	sll	x29,x11,x21	 x11:0x00000000 x21:0x00000000 x29=0x34528950
     262355.000 ns	     26234	80005958	e00f1e53	fclass.s	x28,f30	 f30:0xc00163ed x28=0x00000002
     262375.000 ns	     26236	8000595c	49883317	auipc	x6,0x49883	  x6=0xc988895c
     262385.000 ns	     26237	80005960	419f5c93	srai	x25,x30,0x19	 x30:0x00000001 x25=0x00000000
     262395.000 ns	     26238	80005964	017994b3	sll	x9,x19,x23	 x19:0x00000001 x23:0x00000000  x9=0x00000001
     262415.000 ns	     26240	80005968	e00c08d3	fmv.x.w	x17,f24	 f24:0x7fc00000 x17=0x7fc00000
     262785.000 ns	     26277	8000596c	03bfcf33	div	x30,x31,x27	 x31:0x8ee8b000 x27:0x00000002 x30=0xc7745800
     262805.000 ns	     26279	80005970	00e46433	or	x8,x8,x14	  x8:0xffffffff x14:0x80041024  x8=0xffffffff
     262825.000 ns	     26281	80005974	e0040d53	fmv.x.w	x26,f8	  f8:0x7fc00000 x26=0x7fc00000
     262845.000 ns	     26283	80005978	8021b093	sltiu	x1,x3,-2046	  x3:0x00000000  x1=0x00000001
     262865.000 ns	     26285	8000597c	d01c8cd3	fcvt.s.wu	f25,x25	 x25:0x00000000 f25=0x00000000
     262885.000 ns	     26287	80005980	40ccd793	srai	x15,x25,0xc	 x25:0x00000000 x15=0x00000000
     262895.000 ns	     26288	80005984	b925be93	sltiu	x29,x11,-1134	 x11:0x34528950 x29=0x00000001
     262915.000 ns	     26290	80005988	299b00d3	fmin.s	f1,f22,f25	 f22:0x400163ed f25:0x00000000  f1=0x00000000
     262955.000 ns	     26294	8000598c	10370bd3	fmul.s	f23,f14,f3	 f14:0x00000000  f3:0xca7ff1c4 f23=0x80000000
     262985.000 ns	     26297	80005990	02ab0233	mul	x4,x22,x10	 x22:0x00000000 x10:0x00002000  x4=0x00000000
     263015.000 ns	     26300	80005994	026128b3	mulhsu	x17,x2,x6	  x2:0x00000000  x6:0xc988895c x17=0x00000000
     263045.000 ns	     26303	80005998	d01120d3	fcvt.s.wu	f1,x2	  x2:0x00000000  f1=0x00000000
     263075.000 ns	     26306	8000599c	d00406d3	fcvt.s.w	f13,x8	  x8:0xffffffff f13=0xbf800000
     263105.000 ns	     26309	800059a0	03dd2c33	mulhsu	x24,x26,x29	 x26:0x7fc00000 x29:0x00000001 x24=0x00000000
     263135.000 ns	     26312	800059a4	0224d1b3	divu	x3,x9,x2	  x9:0x00000001  x2:0x00000000  x3=0xffffffff
     263165.000 ns	     26315	800059a8	d00a4453	fcvt.s.w	f8,x20	 x20:0x000002e4  f8=0x44390000
     263185.000 ns	     26317	800059ac	000aa633	slt	x12,x21,x0	 x21:0x00000000  x0:0x00000000 x12=0x00000000
     263195.000 ns	     26318	800059b0	001538b3	sltu	x17,x10,x1	 x10:0x00002000  x1:0x00000001 x17=0x00000000
     263225.000 ns	     26321	800059b4	113d7753	fmul.s	f14,f26,f19	 f26:0x00000375 f19:0x7fc00000 f14=0x7fc00000
     263255.000 ns	     26324	800059b8	e00c0353	fmv.x.w	x6,f24	 f24:0x7fc00000  x6=0x7fc00000
     263285.000 ns	     26327	800059bc	e00880d3	fmv.x.w	x1,f17	 f17:0xc00163ed  x1=0xc00163ed
     263315.000 ns	     26330	800059c0	e00509d3	fmv.x.w	x19,f10	 f10:0x80000000 x19=0x80000000
     263335.000 ns	     26332	800059c4	404f5993	srai	x19,x30,0x4	 x30:0xc7745800 x19=0xfc774580
     263355.000 ns	     26334	800059c8	039b3333	mulhu	x6,x22,x25	 x22:0x00000000 x25:0x00000000  x6=0x00000000
     263385.000 ns	     26337	800059cc	d00033d3	fcvt.s.w	f7,x0	  x0:0x00000000  f7=0x00000000
     263405.000 ns	     26339	800059d0	1dfb4113	xori	x2,x22,479	 x22:0x00000000  x2=0x000001df
     263425.000 ns	     26341	800059d4	288f1ed3	fmax.s	f29,f30,f8	 f30:0xc00163ed  f8:0x44390000 f29=0x44390000
     263445.000 ns	     26343	800059d8	40db0bb3	sub	x23,x22,x13	 x22:0x00000000 x13:0xccb2e000 x23=0x334d2000
     263465.000 ns	     26345	800059dc	d00a3953	fcvt.s.w	f18,x20	 x20:0x000002e4 f18=0x44390000
     263495.000 ns	     26348	800059e0	03101a33	mulh	x20,x0,x17	  x0:0x00000000 x17:0x00000000 x20=0x00000000
     263515.000 ns	     26350	800059e4	014bae33	slt	x28,x23,x20	 x23:0x334d2000 x20:0x000002e4 x28=0x00000000
     263535.000 ns	     26352	800059e8	024e7ab3	remu	x21,x28,x4	 x28:0x00000002  x4:0x00000000 x21=0x00000000
     263555.000 ns	     26354	800059ec	012c18b3	sll	x17,x24,x18	 x24:0x00000000 x18:0x80040fe4 x17=0x00000000
     263915.000 ns	     26390	800059f0	03d65533	divu	x10,x12,x29	 x12:0x00000000 x29:0x00000001 x10=0x00000000
     263935.000 ns	     26392	800059f4	00ee2d33	slt	x26,x28,x14	 x28:0x00000000 x14:0x80041024 x26=0x00000000
     263945.000 ns	     26393	800059f8	011361b3	or	x3,x6,x17	  x6:0x00000000 x17:0x00000000  x3=0x00000000
     263955.000 ns	     26394	800059fc	ecce2993	slti	x19,x28,-308	 x28:0x00000000 x19=0x00000000
     263975.000 ns	     26396	80005a00	036a0bb3	mul	x23,x20,x22	 x20:0x00000000 x22:0x00000000 x23=0x00000000
     263995.000 ns	     26398	80005a04	005823b3	slt	x7,x16,x5	 x16:0x00000002  x5:0xc4eb58e8  x7=0x00000000
     264015.000 ns	     26400	80005a08	c017f053	fcvt.wu.s	x0,f15	 f15:0xbf1ce27a
     264035.000 ns	     26402	80005a0c	01b764b3	or	x9,x14,x27	 x14:0x80041024 x27:0x00000002  x9=0x80041026
     264045.000 ns	     26403	80005a10	9d69b213	sltiu	x4,x19,-1578	 x19:0x00000000  x4=0x00000001
     264065.000 ns	     26405	80005a14	02180c33	mul	x24,x16,x1	 x16:0x00000002  x1:0xc00163ed x24=0x8002c7da
     264085.000 ns	     26407	80005a18	003c1093	slli	x1,x24,0x3	 x24:0x00000000  x1=0x00163ed0
     264105.000 ns	     26409	80005a1c	03a3fc33	remu	x24,x7,x26	  x7:0x00000000 x26:0x00000000 x24=0x00000000
     264125.000 ns	     26411	80005a20	00205633	srl	x12,x0,x2	  x0:0x00000000  x2:0x000001df x12=0x00000000
     264135.000 ns	     26412	80005a24	40425013	srai	x0,x4,0x4	  x4:0x00000001
     264165.000 ns	     26415	80005a28	10b67253	fmul.s	f4,f12,f11	 f12:0x00000000 f11:0x00000000  f4=0x00000000
     264535.000 ns	     26452	80005a2c	02e2dc33	divu	x24,x5,x14	  x5:0xc4eb58e8 x14:0x80041024 x24=0x00000001
     264575.000 ns	     26456	80005a30	194097d3	fdiv.s	f15,f1,f20	  f1:0x00000000 f20:0x00000000 f15=0x7fc00000
     264595.000 ns	     26458	80005a34	0041c133	xor	x2,x3,x4	  x3:0x00000000  x4:0x00000001  x2=0x00000001
     264615.000 ns	     26460	80005a38	02ba1eb3	mulh	x29,x20,x11	 x20:0x00000000 x11:0x34528950 x29=0x00000000
     264635.000 ns	     26462	80005a3c	41c45db3	sra	x27,x8,x28	  x8:0xffffffff x28:0x00000000 x27=0xffffffff
     264645.000 ns	     26463	80005a40	006a94b3	sll	x9,x21,x6	 x21:0x00000000  x6:0x00000000  x9=0x00000000
     264655.000 ns	     26464	80005a44	01e87433	and	x8,x16,x30	 x16:0x00000002 x30:0xc7745800  x8=0x00000000
     264675.000 ns	     26466	80005a48	028841b3	div	x3,x16,x8	 x16:0x00000002  x8:0xffffffff  x3=0xffffffff
     264695.000 ns	     26468	80005a4c	7bf72793	slti	x15,x14,1983	 x14:0x80041024 x15=0x00000001
     264715.000 ns	     26470	80005a50	d00116d3	fcvt.s.w	f13,x2	  x2:0x00000001 f13=0x3f800000
     264735.000 ns	     26472	80005a54	40e9d533	sra	x10,x19,x14	 x19:0x00000000 x14:0x80041024 x10=0x00000000
     264755.000 ns	     26474	80005a58	d0100753	fcvt.s.wu	f14,x0	  x0:0x00000000 f14=0x00000000
     264775.000 ns	     26476	80005a5c	00389d13	slli	x26,x17,0x3	 x17:0x00000000 x26=0x00000000
     264795.000 ns	     26478	80005a60	031de5b3	rem	x11,x27,x17	 x27:0xffffffff x17:0x00000000 x11=0xffffffff
     264825.000 ns	     26481	80005a64	a0fc9653	flt.s	x12,f25,f15	 f25:0x00000000 f15:0x7fc00000 x12=0x00000000
     264855.000 ns	     26484	80005a68	03f82d33	mulhsu	x26,x16,x31	 x16:0x00000002 x31:0x8ee8b000 x26=0x00000001
     264875.000 ns	     26486	80005a6c	01811eb3	sll	x29,x2,x24	  x2:0x00000001 x24:0x00000001 x29=0x00000002
     264905.000 ns	     26489	80005a70	11920753	fmul.s	f14,f4,f25	  f4:0x00000000 f25:0x00000000 f14=0x00000000
     264935.000 ns	     26492	80005a74	f00308d3	fmv.w.x	f17,x6	  x6:0x00000000 f17=0x00000000
     264965.000 ns	     26495	80005a78	d01bf453	fcvt.s.wu	f8,x23	 x23:0x00000000  f8=0x00000000
     264995.000 ns	     26498	80005a7c	a15b0553	fle.s	x10,f22,f21	 f22:0x400163ed f21:0x7fc00000 x10=0x00000000
     265015.000 ns	     26500	80005a80	1ee1ed13	ori	x26,x3,494	  x3:0xffffffff x26=0xffffffff
     265025.000 ns	     26501	80005a84	06e6fb13	andi	x22,x13,110	 x13:0xccb2e000 x22=0x00000000
     265045.000 ns	     26503	80005a88	f00407d3	fmv.w.x	f15,x8	  x8:0x00000000 f15=0x00000000
     265065.000 ns	     26505	80005a8c	019e8f33	add	x30,x29,x25	 x29:0x00000002 x25:0x00000000 x30=0x00000002
     265085.000 ns	     26507	80005a90	c00bff53	fcvt.w.s	x30,f23	 f23:0x80000000 x30=0x00000000
     265125.000 ns	     26511	80005a94	109f33d3	fmul.s	f7,f30,f9	 f30:0xc00163ed  f9:0x00000000  f7=0x80000000
     265145.000 ns	     26513	80005a98	00000013	addi	x0,x0,0	  x0:0x00000000
     265155.000 ns	     26514	80005a9c	5fc66213	ori	x4,x12,1532	 x12:0x00000000  x4=0x000005fc
     265165.000 ns	     26515	80005aa0	3a510b93	addi	x23,x2,933	  x2:0x00000001 x23=0x000003a6
     265185.000 ns	     26517	80005aa4	a134a2d3	feq.s	x5,f9,f19	  f9:0x00000000 f19:0x7fc00000  x5=0x00000000
     265215.000 ns	     26520	80005aa8	20d79b53	fsgnjn.s	f22,f15,f13	 f15:0x00000000 f13:0x3f800000 f22=0x80000000
     265245.000 ns	     26523	80005aac	c00234d3	fcvt.w.s	x9,f4	  f4:0x00000000  x9=0x00000000
     265275.000 ns	     26526	80005ab0	c016ff53	fcvt.wu.s	x30,f13	 f13:0x3f800000 x30=0x00000001
     265325.000 ns	     26531	80005ab4	0979ffd3	fsub.s	f31,f19,f23	 f19:0x7fc00000 f23:0x80000000 f31=0x7fc00000
     265355.000 ns	     26534	80005ab8	29f694d3	fmax.s	f9,f13,f31	 f13:0x3f800000 f31:0xc00163ed  f9=0x3f800000
     265375.000 ns	     26536	80005abc	00dfc233	xor	x4,x31,x13	 x31:0x8ee8b000 x13:0xccb2e000  x4=0x425a5000
     265385.000 ns	     26537	80005ac0	1fb67393	andi	x7,x12,507	 x12:0x00000000  x7=0x00000000
     265395.000 ns	     26538	80005ac4	01deb633	sltu	x12,x29,x29	 x29:0x00000002 x29:0x00000002 x12=0x00000000
     265415.000 ns	     26540	80005ac8	21d22f53	fsgnjx.s	f30,f4,f29	  f4:0x00000000 f29:0x44390000 f30=0x00000000
     265455.000 ns	     26544	80005acc	188ccfd3	fdiv.s	f31,f25,f8	 f25:0x00000000  f8:0x00000000 f31=0x7fc00000
     265485.000 ns	     26547	80005ad0	02ed19b3	mulh	x19,x26,x14	 x26:0xffffffff x14:0x80041024 x19=0x00000000
     265515.000 ns	     26550	80005ad4	a07509d3	fle.s	x19,f10,f7	 f10:0x80000000  f7:0x80000000 x19=0x00000001
     265535.000 ns	     26552	80005ad8	016a88b3	add	x17,x21,x22	 x21:0x00000000 x22:0x00000000 x17=0x00000000
     265545.000 ns	     26553	80005adc	005f31b3	sltu	x3,x30,x5	 x30:0x00000001  x5:0x00000000  x3=0x00000000
     265555.000 ns	     26554	80005ae0	40a60233	sub	x4,x12,x10	 x12:0x00000000 x10:0x00000000  x4=0x00000000
     265565.000 ns	     26555	80005ae4	0013b233	sltu	x4,x7,x1	  x7:0x00000000  x1:0x00163ed0  x4=0x00000001
     265575.000 ns	     26556	80005ae8	00eb5433	srl	x8,x22,x14	 x22:0x00000000 x14:0x80041024  x8=0x00000000
     265595.000 ns	     26558	80005aec	0257a7b3	mulhsu	x15,x15,x5	 x15:0x00000001  x5:0x00000000 x15=0x00000000
     265615.000 ns	     26560	80005af0	7f602013	slti	x0,x0,2038	  x0:0x00000000
     265635.000 ns	     26562	80005af4	20349553	fsgnjn.s	f10,f9,f3	  f9:0x3f800000  f3:0xca7ff1c4 f10=0x3f800000
     265685.000 ns	     26567	80005af8	01eff6d3	fadd.s	f13,f31,f30	 f31:0x7fc00000 f30:0x00000000 f13=0x7fc00000
     266025.000 ns	     26601	80005afc	18a1f1d3	fdiv.s	f3,f3,f10	  f3:0xca7ff1c4 f10:0x3f800000  f3=0xca7ff0fc
     266045.000 ns	     26603	80005b00	01d509b3	add	x19,x10,x29	 x10:0x00000000 x29:0x00000002 x19=0x00000002
     266065.000 ns	     26605	80005b04	217926d3	fsgnjx.s	f13,f18,f23	 f18:0x44390000 f23:0x80000000 f13=0xc4390000
     266085.000 ns	     26607	80005b08	b1898693	addi	x13,x19,-1256	 x19:0x00000001 x13=0xfffffb1a
     266105.000 ns	     26609	80005b0c	02ccc4b3	div	x9,x25,x12	 x25:0x00000000 x12:0x00000000  x9=0xffffffff
     266135.000 ns	     26612	80005b10	02b38fb3	mul	x31,x7,x11	  x7:0x00000000 x11:0xffffffff x31=0x00000000
     266155.000 ns	     26614	80005b14	01609c93	slli	x25,x1,0x16	  x1:0x00163ed0 x25=0xb4000000
     266175.000 ns	     26616	80005b18	20ec8653	fsgnj.s	f12,f25,f14	 f25:0x00000000 f14:0x00000000 f12=0x00000000
     266195.000 ns	     26618	80005b1c	017592b3	sll	x5,x11,x23	 x11:0xffffffff x23:0x000003a6  x5=0xffffffc0
     266205.000 ns	     26619	80005b20	39d04113	xori	x2,x0,925	  x0:0x00000000  x2=0x0000039d
     266225.000 ns	     26621	80005b24	e0049653	fclass.s	x12,f9	  f9:0x3f800000 x12=0x00000040
     266245.000 ns	     26623	80005b28	00da3f33	sltu	x30,x20,x13	 x20:0x00000000 x13:0xfffffb1a x30=0x00000001
     266265.000 ns	     26625	80005b2c	02d89eb3	mulh	x29,x17,x13	 x17:0x00000000 x13:0xfffffb1a x29=0x00000000
     266295.000 ns	     26628	80005b30	03d47633	remu	x12,x8,x29	  x8:0x00000000 x29:0x00000002 x12=0x00000000
     266315.000 ns	     26630	80005b34	ed13e793	ori	x15,x7,-303	  x7:0x00000000 x15=0xfffffed1
     266335.000 ns	     26632	80005b38	d00ffd53	fcvt.s.w	f26,x31	 x31:0x00000000 f26=0x00000000
     266365.000 ns	     26635	80005b3c	02a658b3	divu	x17,x12,x10	 x12:0x00000000 x10:0x00000000 x17=0xffffffff
     266395.000 ns	     26638	80005b40	d01fffd3	fcvt.s.wu	f31,x31	 x31:0x00000000 f31=0x00000000
     266415.000 ns	     26640	80005b44	00000013	addi	x0,x0,0	  x0:0x00000000
     266435.000 ns	     26642	80005b48	21a08a53	fsgnj.s	f20,f1,f26	  f1:0x00000000 f26:0x00000000 f20=0x00000000
     266465.000 ns	     26645	80005b4c	291f10d3	fmax.s	f1,f30,f17	 f30:0x00000000 f17:0x00000000  f1=0x00000000
     266485.000 ns	     26647	80005b50	c7a34437	lui	x8,0xc7a34	  x8=0xc7a34000
     266505.000 ns	     26649	80005b54	29c21053	fmax.s	f0,f4,f28	  f4:0x00000000 f28:0x7fc00000  f0=0x00000000
     266535.000 ns	     26652	80005b58	f00c8dd3	fmv.w.x	f27,x25	 x25:0xb4000000 f27=0xb4000000
     266565.000 ns	     26655	80005b5c	d00b7ad3	fcvt.s.w	f21,x22	 x22:0x00000000 f21=0x00000000
     266935.000 ns	     26692	80005b60	03706eb3	rem	x29,x0,x23	  x0:0x00000000 x23:0x000003a6 x29=0x00000000
     266955.000 ns	     26694	80005b64	013af3b3	and	x7,x21,x19	 x21:0x00000000 x19:0x00000002  x7=0x00000000
     266965.000 ns	     26695	80005b68	40fedf13	srai	x30,x29,0xf	 x29:0x00000000 x30=0x00000000
     267005.000 ns	     26699	80005b6c	00f09953	fadd.s	f18,f1,f15	  f1:0x00000000 f15:0x00000000 f18=0x00000000
     267025.000 ns	     26701	80005b70	0778a493	slti	x9,x17,119	 x17:0xffffffff  x9=0x00000001
     267035.000 ns	     26702	80005b74	005620b3	slt	x1,x12,x5	 x12:0x00000000  x5:0xffffffc0  x1=0x00000000
     267045.000 ns	     26703	80005b78	01477333	and	x6,x14,x20	 x14:0x80041024 x20:0x00000000  x6=0x00000000
     267065.000 ns	     26705	80005b7c	c0117b53	fcvt.wu.s	x22,f2	  f2:0x7fc00000 x22=0xffffffff
     267095.000 ns	     26708	80005b80	02cb4c33	div	x24,x22,x12	 x22:0x00000000 x12:0x00000000 x24=0xffffffff
     267125.000 ns	     26711	80005b84	29c01e53	fmax.s	f28,f0,f28	  f0:0x00000000 f28:0x7fc00000 f28=0x00000000
     267155.000 ns	     26714	80005b88	02fd25b3	mulhsu	x11,x26,x15	 x26:0xffffffff x15:0xfffffed1 x11=0xffffffff
     267185.000 ns	     26717	80005b8c	03d66ab3	rem	x21,x12,x29	 x12:0x00000000 x29:0x00000000 x21=0x00000000
     267215.000 ns	     26720	80005b90	20aaabd3	fsgnjx.s	f23,f21,f10	 f21:0x00000000 f10:0x3f800000 f23=0x00000000
     267245.000 ns	     26723	80005b94	c009b6d3	fcvt.w.s	x13,f19	 f19:0x7fc00000 x13=0x7fffffff
     267275.000 ns	     26726	80005b98	a1962f53	feq.s	x30,f12,f25	 f12:0x00000000 f25:0x00000000 x30=0x00000001
     267305.000 ns	     26729	80005b9c	022e99b3	mulh	x19,x29,x2	 x29:0x00000000  x2:0x0000039d x19=0x00000000
     267335.000 ns	     26732	80005ba0	a1389553	flt.s	x10,f17,f19	 f17:0x00000000 f19:0x7fc00000 x10=0x00000000
     267385.000 ns	     26737	80005ba4	08bd7d53	fsub.s	f26,f26,f11	 f26:0x00000000 f11:0x00000000 f26=0x80000000
     267405.000 ns	     26739	80005ba8	0004a1b3	slt	x3,x9,x0	  x9:0x00000001  x0:0x00000000  x3=0x00000000
     267415.000 ns	     26740	80005bac	01a05533	srl	x10,x0,x26	  x0:0x00000000 x26:0xffffffff x10=0x00000000
     267425.000 ns	     26741	80005bb0	004136b3	sltu	x13,x2,x4	  x2:0x0000039d  x4:0x00000001 x13=0x00000000
     267445.000 ns	     26743	80005bb4	03567433	remu	x8,x12,x21	 x12:0x00000000 x21:0x00000000  x8=0x00000000
     267485.000 ns	     26747	80005bb8	18e771d3	fdiv.s	f3,f14,f14	 f14:0x00000000 f14:0x00000000  f3=0x7fc00000
     267515.000 ns	     26750	80005bbc	0344dd33	divu	x26,x9,x20	  x9:0x00000001 x20:0x00000000 x26=0xffffffff
     267545.000 ns	     26753	80005bc0	d0087ed3	fcvt.s.w	f29,x16	 x16:0x00000002 f29=0x40000000
     267585.000 ns	     26757	80005bc4	114618d3	fmul.s	f17,f12,f20	 f12:0x00000000 f20:0x00000000 f17=0x00000000
     267605.000 ns	     26759	80005bc8	cabfc213	xori	x4,x31,-853	 x31:0x00000000  x4=0xfffffcab
     267615.000 ns	     26760	80005bcc	3ef12213	slti	x4,x2,1007	  x2:0x0000039d  x4=0x00000001
     267635.000 ns	     26762	80005bd0	02f484b3	mul	x9,x9,x15	  x9:0x00000001 x15:0xfffffed1  x9=0xfffffed1
     267655.000 ns	     26764	80005bd4	e5830113	addi	x2,x6,-424	  x6:0x00000000  x2=0xfffffe58
     267665.000 ns	     26765	80005bd8	00000013	addi	x0,x0,0	  x0:0x00000000
     267675.000 ns	     26766	80005bdc	0045da33	srl	x20,x11,x4	 x11:0xffffffff  x4:0x00000001 x20=0x7fffffff
     268035.000 ns	     26802	80005be0	03e4cbb3	div	x23,x9,x30	  x9:0xfffffed1 x30:0x00000001 x23=0xfffffed1
     268405.000 ns	     26839	80005be4	0396ea33	rem	x20,x13,x25	 x13:0x00000000 x25:0xb4000000 x20=0x00000000
     268435.000 ns	     26842	80005be8	21b59bd3	fsgnjn.s	f23,f11,f27	 f11:0x00000000 f27:0xb4000000 f23=0x00000000
     268465.000 ns	     26845	80005bec	02306cb3	rem	x25,x0,x3	  x0:0x00000000  x3:0x00000000 x25=0x00000000
     268495.000 ns	     26848	80005bf0	293317d3	fmax.s	f15,f6,f19	  f6:0x00000000 f19:0x7fc00000 f15=0x00000000
     268515.000 ns	     26850	80005bf4	017b9e93	slli	x29,x23,0x17	 x23:0xfffffed1 x29=0x68800000
     268535.000 ns	     26852	80005bf8	28459dd3	fmax.s	f27,f11,f4	 f11:0x00000000  f4:0x00000000 f27=0x00000000
     268565.000 ns	     26855	80005bfc	28af1bd3	fmax.s	f23,f30,f10	 f30:0x00000000 f10:0x3f800000 f23=0x3f800000
     268595.000 ns	     26858	80005c00	a0719a53	flt.s	x20,f3,f7	  f3:0x7fc00000  f7:0x80000000 x20=0x00000000
     268625.000 ns	     26861	80005c04	036803b3	mul	x7,x16,x22	 x16:0x00000002 x22:0xffffffff  x7=0xfffffffe
     268645.000 ns	     26863	80005c08	01be0d33	add	x26,x28,x27	 x28:0x00000000 x27:0xffffffff x26=0xffffffff
     268655.000 ns	     26864	80005c0c	01175b13	srli	x22,x14,0x11	 x14:0x80041024 x22=0x00004002
     268675.000 ns	     26866	80005c10	03120bb3	mul	x23,x4,x17	  x4:0x00000001 x17:0xffffffff x23=0xffffffff
     268695.000 ns	     26868	80005c14	b5c2fb37	lui	x22,0xb5c2f	 x22=0xb5c2f000
     268715.000 ns	     26870	80005c18	03c38533	mul	x10,x7,x28	  x7:0xfffffffe x28:0x00000000 x10=0x00000000
     269085.000 ns	     26907	80005c1c	022cf3b3	remu	x7,x25,x2	 x25:0x00000000  x2:0xfffffe58  x7=0x00000000
     269105.000 ns	     26909	80005c20	53450693	addi	x13,x10,1332	 x10:0x00000000 x13=0x00000534
     269115.000 ns	     26910	80005c24	3994fe13	andi	x28,x9,921	  x9:0xfffffed1 x28=0x00000291
     269125.000 ns	     26911	80005c28	f6694f13	xori	x30,x18,-154	 x18:0x80040fe4 x30=0x7ffbf082
     269145.000 ns	     26913	80005c2c	03f5bfb3	mulhu	x31,x11,x31	 x11:0xffffffff x31:0x00000000 x31=0x00000000
     269175.000 ns	     26916	80005c30	d01597d3	fcvt.s.wu	f15,x11	 x11:0xffffffff f15=0x4f7fffff
     269205.000 ns	     26919	80005c34	d0007ed3	fcvt.s.w	f29,x0	  x0:0x00000000 f29=0x00000000
     269575.000 ns	     26956	80005c38	02f26cb3	rem	x25,x4,x15	  x4:0x00000001 x15:0xfffffed1 x25=0x00000001
     269595.000 ns	     26958	80005c3c	411f81b3	sub	x3,x31,x17	 x31:0x00000000 x17:0xffffffff  x3=0x00000001
     269615.000 ns	     26960	80005c40	e00d0ad3	fmv.x.w	x21,f26	 f26:0x80000000 x21=0x80000000
     269635.000 ns	     26962	80005c44	40810ab3	sub	x21,x2,x8	  x2:0xfffffe58  x8:0x00000000 x21=0xfffffe58
     269655.000 ns	     26964	80005c48	28731853	fmax.s	f16,f6,f7	  f6:0x00000000  f7:0x80000000 f16=0x00000000
     269685.000 ns	     26967	80005c4c	03949eb3	mulh	x29,x9,x25	  x9:0xfffffed1 x25:0x00000001 x29=0xffffffff
     269715.000 ns	     26970	80005c50	020072b3	remu	x5,x0,x0	  x0:0x00000000  x0:0x00000000  x5=0x00000000
     269755.000 ns	     26974	80005c54	580dfb53	fsqrt.s	f22,f27	 f27:0x00000000 f22=0x00000000
     269775.000 ns	     26976	80005c58	9183a293	slti	x5,x7,-1768	  x7:0x00000000  x5=0x00000000
     269795.000 ns	     26978	80005c5c	213d0ed3	fsgnj.s	f29,f26,f19	 f26:0x80000000 f19:0x7fc00000 f29=0x00000000
     269835.000 ns	     26982	80005c60	11e82253	fmul.s	f4,f16,f30	 f16:0x00000000 f30:0x00000000  f4=0x00000000
     269865.000 ns	     26985	80005c64	034a41b3	div	x3,x20,x20	 x20:0x00000000 x20:0x00000000  x3=0xffffffff
     269885.000 ns	     26987	80005c68	4b700693	addi	x13,x0,1207	  x0:0x00000000 x13=0x000004b7
     269895.000 ns	     26988	80005c6c	00c45d33	srl	x26,x8,x12	  x8:0x00000000 x12:0x00000000 x26=0x00000000
     269915.000 ns	     26990	80005c70	a097a653	feq.s	x12,f15,f9	 f15:0x4f7fffff  f9:0x3f800000 x12=0x00000000
     269935.000 ns	     26992	80005c74	419e5213	srai	x4,x28,0x19	 x28:0x00000291  x4=0x00000000
     269955.000 ns	     26994	80005c78	c00b0bd3	fcvt.w.s	x23,f22	 f22:0x00000000 x23=0x00000000
     269975.000 ns	     26996	80005c7c	41f80533	sub	x10,x16,x31	 x16:0x00000002 x31:0x00000000 x10=0x00000002
     269985.000 ns	     26997	80005c80	40ce0633	sub	x12,x28,x12	 x28:0x00000291 x12:0x00000000 x12=0x00000291
     270005.000 ns	     26999	80005c84	e00899d3	fclass.s	x19,f17	 f17:0x00000000 x19=0x00000010
     270025.000 ns	     27001	80005c88	db3c0113	addi	x2,x24,-589	 x24:0xffffffff  x2=0xfffffdb2
     270055.000 ns	     27004	80005c8c	105275d3	fmul.s	f11,f4,f5	  f4:0x00000000  f5:0x00000000 f11=0x00000000
     270085.000 ns	     27007	80005c90	027103b3	mul	x7,x2,x7	  x2:0xfffffe58  x7:0x00000000  x7=0x00000000
     270115.000 ns	     27010	80005c94	a01210d3	flt.s	x1,f4,f1	  f4:0x00000000  f1:0x00000000  x1=0x00000000
     270135.000 ns	     27012	80005c98	4047dbb3	sra	x23,x15,x4	 x15:0xfffffed1  x4:0x00000000 x23=0xfffffed1
     270165.000 ns	     27015	80005c9c	188a7253	fdiv.s	f4,f20,f8	 f20:0x00000000  f8:0x00000000  f4=0x7fc00000
     270195.000 ns	     27018	80005ca0	20898dd3	fsgnj.s	f27,f19,f8	 f19:0x7fc00000  f8:0x00000000 f27=0x7fc00000
     270225.000 ns	     27021	80005ca4	02f03233	mulhu	x4,x0,x15	  x0:0x00000000 x15:0xfffffed1  x4=0x00000000
     270255.000 ns	     27024	80005ca8	c0101a53	fcvt.wu.s	x20,f0	  f0:0x00000000 x20=0x00000000
     270285.000 ns	     27027	80005cac	03330233	mul	x4,x6,x19	  x6:0x00000000 x19:0x00000010  x4=0x00000000
     270315.000 ns	     27030	80005cb0	e0079653	fclass.s	x12,f15	 f15:0x4f7fffff x12=0x00000040
     270345.000 ns	     27033	80005cb4	a1940253	fle.s	x4,f8,f25	  f8:0x00000000 f25:0x00000000  x4=0x00000001
     270715.000 ns	     27070	80005cb8	0377f7b3	remu	x15,x15,x23	 x15:0xfffffed1 x23:0xfffffed1 x15=0x00000000
     270735.000 ns	     27072	80005cbc	64fb6013	ori	x0,x22,1615	 x22:0xb5c2f000
     270765.000 ns	     27075	80005cc0	18a29553	fdiv.s	f10,f5,f10	  f5:0x00000000 f10:0x3f800000 f10=0x00000000
     270785.000 ns	     27077	80005cc4	01a5a1b3	slt	x3,x11,x26	 x11:0xffffffff x26:0x00000000  x3=0x00000001
     270805.000 ns	     27079	80005cc8	03bdae33	mulhsu	x28,x27,x27	 x27:0xffffffff x27:0xffffffff x28=0xffffffff
     270855.000 ns	     27084	80005ccc	094570d3	fsub.s	f1,f10,f20	 f10:0x00000000 f20:0x00000000  f1=0x80000000
     270885.000 ns	     27087	80005cd0	037c1c33	mulh	x24,x24,x23	 x24:0xffffffff x23:0xfffffed1 x24=0x00000000
     270915.000 ns	     27090	80005cd4	024339b3	mulhu	x19,x6,x4	  x6:0x00000000  x4:0x00000001 x19=0x00000000
     270945.000 ns	     27093	80005cd8	025dba33	mulhu	x20,x27,x5	 x27:0xffffffff  x5:0x00000000 x20=0x00000000
     270965.000 ns	     27095	80005cdc	9c99aa93	slti	x21,x19,-1591	 x19:0x00000000 x21=0x00000000
     270975.000 ns	     27096	80005ce0	0122acb3	slt	x25,x5,x18	  x5:0x00000000 x18:0x80040fe4 x25=0x00000000
     270995.000 ns	     27098	80005ce4	21efa553	fsgnjx.s	f10,f31,f30	 f31:0x00000000 f30:0x00000000 f10=0x00000000
     271015.000 ns	     27100	80005ce8	e516ff93	andi	x31,x13,-431	 x13:0x000004b7 x31=0x00000411
     271035.000 ns	     27102	80005cec	039131b3	mulhu	x3,x2,x25	  x2:0xfffffdb2 x25:0x00000000  x3=0x00000000
     271065.000 ns	     27105	80005cf0	21239053	fsgnjn.s	f0,f7,f18	  f7:0x80000000 f18:0x00000000  f0=0x80000000
     271115.000 ns	     27110	80005cf4	017c0e53	fadd.s	f28,f24,f23	 f24:0x7fc00000 f23:0x3f800000 f28=0x7fc00000
     271135.000 ns	     27112	80005cf8	8a363613	sltiu	x12,x12,-1885	 x12:0x00000040 x12=0x00000001
     271155.000 ns	     27114	80005cfc	a1e82dd3	feq.s	x27,f16,f30	 f16:0x00000000 f30:0x00000000 x27=0x00000001
     271185.000 ns	     27117	80005d00	29020e53	fmin.s	f28,f4,f16	  f4:0x7fc00000 f16:0x00000000 f28=0x00000000
     271205.000 ns	     27119	80005d04	00807bb3	and	x23,x0,x8	  x0:0x00000000  x8:0x00000000 x23=0x00000000
     271215.000 ns	     27120	80005d08	008eed33	or	x26,x29,x8	 x29:0xffffffff  x8:0x00000000 x26=0xffffffff
     271235.000 ns	     27122	80005d0c	a0b3a9d3	feq.s	x19,f7,f11	  f7:0x80000000 f11:0x00000000 x19=0x00000001
     271265.000 ns	     27125	80005d10	e0090353	fmv.x.w	x6,f18	 f18:0x00000000  x6=0x00000000
     271295.000 ns	     27128	80005d14	03790c33	mul	x24,x18,x23	 x18:0x80040fe4 x23:0x00000000 x24=0x00000000
     271315.000 ns	     27130	80005d18	009c9c93	slli	x25,x25,0x9	 x25:0x00000000 x25=0x00000000
     271355.000 ns	     27134	80005d1c	01bb88d3	fadd.s	f17,f23,f27	 f23:0x3f800000 f27:0x7fc00000 f17=0x7fc00000
     271385.000 ns	     27137	80005d20	d001f453	fcvt.s.w	f8,x3	  x3:0x00000000  f8=0x00000000
     271415.000 ns	     27140	80005d24	03509533	mulh	x10,x1,x21	  x1:0x00000000 x21:0x00000000 x10=0x00000000
     271445.000 ns	     27143	80005d28	e00c1b53	fclass.s	x22,f24	 f24:0x7fc00000 x22=0x00000200
     271465.000 ns	     27145	80005d2c	00000013	addi	x0,x0,0	  x0:0x00000000
     271475.000 ns	     27146	80005d30	f067f113	andi	x2,x15,-250	 x15:0x00000000  x2=0x00000000
     271495.000 ns	     27148	80005d34	a1558a53	fle.s	x20,f11,f21	 f11:0x00000000 f21:0x00000000 x20=0x00000001
     271525.000 ns	     27151	80005d38	a0330653	fle.s	x12,f6,f3	  f6:0x00000000  f3:0x7fc00000 x12=0x00000000
     271545.000 ns	     27153	80005d3c	9ceff613	andi	x12,x31,-1586	 x31:0x00000411 x12=0x00000000
     271555.000 ns	     27154	80005d40	f62d9797	auipc	x15,0xf62d9	 x15=0x762ded40
     271565.000 ns	     27155	80005d44	4163ddb3	sra	x27,x7,x22	  x7:0x00000000 x22:0x00000200 x27=0x00000000
     271585.000 ns	     27157	80005d48	03ca9533	mulh	x10,x21,x28	 x21:0x00000000 x28:0xffffffff x10=0x00000000
     271615.000 ns	     27160	80005d4c	d017f7d3	fcvt.s.wu	f15,x15	 x15:0x762ded40 f15=0x4eec5bda
     271635.000 ns	     27162	80005d50	017386b3	add	x13,x7,x23	  x7:0x00000000 x23:0x00000000 x13=0x00000000
     271665.000 ns	     27165	80005d54	10601cd3	fmul.s	f25,f0,f6	  f0:0x80000000  f6:0x00000000 f25=0x80000000
     271695.000 ns	     27168	80005d58	206c82d3	fsgnj.s	f5,f25,f6	 f25:0x00000000  f6:0x00000000  f5=0x00000000
     271725.000 ns	     27171	80005d5c	d00e9153	fcvt.s.w	f2,x29	 x29:0xffffffff  f2=0xbf800000
     271745.000 ns	     27173	80005d60	002abf33	sltu	x30,x21,x2	 x21:0x00000000  x2:0x00000000 x30=0x00000000
     271755.000 ns	     27174	80005d64	4065dab3	sra	x21,x11,x6	 x11:0xffffffff  x6:0x00000000 x21=0xffffffff
     271775.000 ns	     27176	80005d68	e00292d3	fclass.s	x5,f5	  f5:0x00000000  x5=0x00000010
     271805.000 ns	     27179	80005d6c	21ed0053	fsgnj.s	f0,f26,f30	 f26:0x80000000 f30:0x00000000  f0=0x00000000
     272175.000 ns	     27216	80005d70	035fea33	rem	x20,x31,x21	 x31:0x00000411 x21:0xffffffff x20=0x00000000
     272195.000 ns	     27218	80005d74	01a0fd33	and	x26,x1,x26	  x1:0x00000000 x26:0xffffffff x26=0x00000000
     272225.000 ns	     27221	80005d78	58098853	fsqrt.s	f16,f19	 f19:0x7fc00000 f16=0x7fc00000
     272245.000 ns	     27223	80005d7c	0075e3b3	or	x7,x11,x7	 x11:0xffffffff  x7:0x00000000  x7=0xffffffff
     272255.000 ns	     27224	80005d80	014ffb33	and	x22,x31,x20	 x31:0x00000411 x20:0x00000000 x22=0x00000000
     272275.000 ns	     27226	80005d84	201183d3	fsgnj.s	f7,f3,f1	  f3:0x7fc00000  f1:0x80000000  f7=0xffc00000
     272645.000 ns	     27263	80005d88	03d9c333	div	x6,x19,x29	 x19:0x00000001 x29:0xffffffff  x6=0xffffffff
     272665.000 ns	     27265	80005d8c	00a1fcb3	and	x25,x3,x10	  x3:0x00000000 x10:0x00000000 x25=0x00000000
     272685.000 ns	     27267	80005d90	03fe17b3	mulh	x15,x28,x31	 x28:0xffffffff x31:0x00000411 x15=0xffffffff
     272715.000 ns	     27270	80005d94	f0048453	fmv.w.x	f8,x9	  x9:0xfffffed1  f8=0xfffffed1
     272735.000 ns	     27272	80005d98	6f70bb93	sltiu	x23,x1,1783	  x1:0x00000000 x23=0x00000001
     272745.000 ns	     27273	80005d9c	01571233	sll	x4,x14,x21	 x14:0x80041024 x21:0xffffffff  x4=0x00000000
     272755.000 ns	     27274	80005da0	415e0533	sub	x10,x28,x21	 x28:0xffffffff x21:0xffffffff x10=0x00000000
     272775.000 ns	     27276	80005da4	28bd0ed3	fmin.s	f29,f26,f11	 f26:0x80000000 f11:0x00000000 f29=0x80000000
     272805.000 ns	     27279	80005da8	e00c96d3	fclass.s	x13,f25	 f25:0x80000000 x13=0x00000008
     272825.000 ns	     27281	80005dac	8da5bbb7	lui	x23,0x8da5b	 x23=0x8da5b000
     272865.000 ns	     27285	80005db0	0868b453	fsub.s	f8,f17,f6	 f17:0x7fc00000  f6:0x00000000  f8=0x7fc00000
     272895.000 ns	     27288	80005db4	034705b3	mul	x11,x14,x20	 x14:0x80041024 x20:0x00000000 x11=0x00000000
     272925.000 ns	     27291	80005db8	023d7a33	remu	x20,x26,x3	 x26:0x00000000  x3:0x00000000 x20=0x00000000
     272945.000 ns	     27293	80005dbc	01b01613	slli	x12,x0,0x1b	  x0:0x00000000 x12=0x00000000
     272965.000 ns	     27295	80005dc0	21d92353	fsgnjx.s	f6,f18,f29	 f18:0x00000000 f29:0x80000000  f6=0x80000000
     272995.000 ns	     27298	80005dc4	a00480d3	fle.s	x1,f9,f0	  f9:0x3f800000  f0:0x00000000  x1=0x00000000
     273025.000 ns	     27301	80005dc8	f00d8fd3	fmv.w.x	f31,x27	 x27:0x00000000 f31=0x00000000
     273045.000 ns	     27303	80005dcc	0009d413	srli	x8,x19,0x0	 x19:0x00000001  x8=0x00000001
     273055.000 ns	     27304	80005dd0	01cbd0b3	srl	x1,x23,x28	 x23:0x8da5b000 x28:0xffffffff  x1=0x00000001
     273065.000 ns	     27305	80005dd4	002504b3	add	x9,x10,x2	 x10:0x00000000  x2:0x00000000  x9=0x00000000
     273085.000 ns	     27307	80005dd8	a06f01d3	fle.s	x3,f30,f6	 f30:0x00000000  f6:0x80000000  x3=0x00000001
     273455.000 ns	     27344	80005ddc	02d24eb3	div	x29,x4,x13	  x4:0x00000000 x13:0x00000008 x29=0x00000000
     273475.000 ns	     27346	80005de0	011db1b3	sltu	x3,x27,x17	 x27:0x00000000 x17:0xffffffff  x3=0x00000001
     273495.000 ns	     27348	80005de4	283b0b53	fmin.s	f22,f22,f3	 f22:0x00000000  f3:0x7fc00000 f22=0x00000000
     273545.000 ns	     27353	80005de8	08fdf2d3	fsub.s	f5,f27,f15	 f27:0x7fc00000 f15:0x4eec5bda  f5=0x7fc00000
     273575.000 ns	     27356	80005dec	03f637b3	mulhu	x15,x12,x31	 x12:0x00000000 x31:0x00000411 x15=0x00000000
     273595.000 ns	     27358	80005df0	ae434eb7	lui	x29,0xae434	 x29=0xae434000
     273605.000 ns	     27359	80005df4	9ff47b97	auipc	x23,0x9ff47	 x23=0x1ff4cdf4
     273625.000 ns	     27361	80005df8	e0058b53	fmv.x.w	x22,f11	 f11:0x00000000 x22=0x00000000
     273655.000 ns	     27364	80005dfc	03a2b9b3	mulhu	x19,x5,x26	  x5:0x00000010 x26:0x00000000 x19=0x00000000
     273675.000 ns	     27366	80005e00	40fb0b33	sub	x22,x22,x15	 x22:0x00000000 x15:0x00000000 x22=0x00000000
     273685.000 ns	     27367	80005e04	00c191b3	sll	x3,x3,x12	  x3:0x00000001 x12:0x00000000  x3=0x00000001
     273705.000 ns	     27369	80005e08	e00803d3	fmv.x.w	x7,f16	 f16:0x7fc00000  x7=0x7fc00000
     273735.000 ns	     27372	80005e0c	a1f18a53	fle.s	x20,f3,f31	  f3:0x7fc00000 f31:0x00000000 x20=0x00000000
     273755.000 ns	     27374	80005e10	00c7d013	srli	x0,x15,0xc	 x15:0x00000000
     273765.000 ns	     27375	80005e14	01519533	sll	x10,x3,x21	  x3:0x00000001 x21:0xffffffff x10=0x80000000
     273775.000 ns	     27376	80005e18	00429393	slli	x7,x5,0x4	  x5:0x00000010  x7=0x00000100
     273805.000 ns	     27379	80005e1c	58047453	fsqrt.s	f8,f8	  f8:0x7fc00000  f8=0x7fc00000
     273825.000 ns	     27381	80005e20	01c21fb3	sll	x31,x4,x28	  x4:0x00000000 x28:0xffffffff x31=0x00000000
     273835.000 ns	     27382	80005e24	ce69c593	xori	x11,x19,-794	 x19:0x00000000 x11=0xfffffce6
     273845.000 ns	     27383	80005e28	0167e033	or	x0,x15,x22	 x15:0x00000000 x22:0x00000000
     273855.000 ns	     27384	80005e2c	6f1e7013	andi	x0,x28,1777	 x28:0xffffffff
     273865.000 ns	     27385	80005e30	8f848e93	addi	x29,x9,-1800	  x9:0x00000000 x29=0xfffff8f8
     273885.000 ns	     27387	80005e34	02a71133	mulh	x2,x14,x10	 x14:0x80041024 x10:0x80000000  x2=0x3ffdf7ee
     273915.000 ns	     27390	80005e38	d0157c53	fcvt.s.wu	f24,x10	 x10:0x80000000 f24=0x4f000000
     273945.000 ns	     27393	80005e3c	03894133	div	x2,x18,x24	 x18:0x80040fe4 x24:0x00000000  x2=0xffffffff
     273975.000 ns	     27396	80005e40	02bebdb3	mulhu	x27,x29,x11	 x29:0xfffff8f8 x11:0xfffffce6 x27=0xfffff5de
     273995.000 ns	     27398	80005e44	bad67417	auipc	x8,0xbad67	  x8=0x3ad6ce44
     274005.000 ns	     27399	80005e48	00000013	addi	x0,x0,0	  x0:0x00000000
     274045.000 ns	     27403	80005e4c	09107653	fsub.s	f12,f0,f17	  f0:0x00000000 f17:0x7fc00000 f12=0x7fc00000
     274085.000 ns	     27407	80005e50	580876d3	fsqrt.s	f13,f16	 f16:0x7fc00000 f13=0x7fc00000
     274455.000 ns	     27444	80005e54	0226e9b3	rem	x19,x13,x2	 x13:0x00000008  x2:0xffffffff x19=0x00000000
     274485.000 ns	     27447	80005e58	e0039c53	fclass.s	x24,f7	  f7:0xffc00000 x24=0x00000200
     274505.000 ns	     27449	80005e5c	001e5c33	srl	x24,x28,x1	 x28:0xffffffff  x1:0x00000001 x24=0x7fffffff
     274515.000 ns	     27450	80005e60	00000013	addi	x0,x0,0	  x0:0x00000000
     274525.000 ns	     27451	80005e64	0112eb33	or	x22,x5,x17	  x5:0x00000010 x17:0xffffffff x22=0xffffffff
     274535.000 ns	     27452	80005e68	638c0093	addi	x1,x24,1592	 x24:0x7fffffff  x1=0x80000637
     274555.000 ns	     27454	80005e6c	20010953	fsgnj.s	f18,f2,f0	  f2:0xbf800000  f0:0x00000000 f18=0x3f800000
     274585.000 ns	     27457	80005e70	034c0a33	mul	x20,x24,x20	 x24:0x7fffffff x20:0x00000000 x20=0x00000000
     274605.000 ns	     27459	80005e74	014978b3	and	x17,x18,x20	 x18:0x80040fe4 x20:0x00000000 x17=0x00000000
     274625.000 ns	     27461	80005e78	02ffd3b3	divu	x7,x31,x15	 x31:0x00000000 x15:0x00000000  x7=0xffffffff
     274655.000 ns	     27464	80005e7c	0228a1b3	mulhsu	x3,x17,x2	 x17:0xffffffff  x2:0xffffffff  x3=0x00000000
     274685.000 ns	     27467	80005e80	28ac12d3	fmax.s	f5,f24,f10	 f24:0x4f000000 f10:0x00000000  f5=0x4f000000
     274705.000 ns	     27469	80005e84	bcc0a093	slti	x1,x1,-1076	  x1:0x80000637  x1=0x00000001
     274715.000 ns	     27470	80005e88	41745993	srai	x19,x8,0x17	  x8:0x3ad6ce44 x19=0x00000075
     274735.000 ns	     27472	80005e8c	a0b714d3	flt.s	x9,f14,f11	 f14:0x00000000 f11:0x00000000  x9=0x00000000
     274775.000 ns	     27476	80005e90	11a43a53	fmul.s	f20,f8,f26	  f8:0x7fc00000 f26:0x80000000 f20=0x7fc00000
     274795.000 ns	     27478	80005e94	05bdbf93	sltiu	x31,x27,91	 x27:0xfffff5de x31=0x00000000
     274805.000 ns	     27479	80005e98	01238233	add	x4,x7,x18	  x7:0xffffffff x18:0x80040fe4  x4=0x80040fe3
     274815.000 ns	     27480	80005e9c	018f1fb3	sll	x31,x30,x24	 x30:0x00000000 x24:0x7fffffff x31=0x00000000
     274825.000 ns	     27481	80005ea0	a32de397	auipc	x7,0xa32de	  x7=0x232e3ea0
     274845.000 ns	     27483	80005ea4	d018f1d3	fcvt.s.wu	f3,x17	 x17:0x00000000  f3=0x00000000
     275215.000 ns	     27520	80005ea8	024accb3	div	x25,x21,x4	 x21:0xffffffff  x4:0x80040fe3 x25=0x00000000
     275235.000 ns	     27522	80005eac	0100d113	srli	x2,x1,0x10	  x1:0x00000001  x2=0x00000000
     275245.000 ns	     27523	80005eb0	402607b3	sub	x15,x12,x2	 x12:0x00000000  x2:0xffffffff x15=0x00000000
     275255.000 ns	     27524	80005eb4	40125a33	sra	x20,x4,x1	  x4:0x80040fe3  x1:0x00000001 x20=0xc00207f1
     275285.000 ns	     27527	80005eb8	1123ced3	fmul.s	f29,f7,f18	  f7:0xffc00000 f18:0x3f800000 f29=0x7fc00000
     275315.000 ns	     27530	80005ebc	a1fa2653	feq.s	x12,f20,f31	 f20:0x7fc00000 f31:0x00000000 x12=0x00000000
     275335.000 ns	     27532	80005ec0	08ee3213	sltiu	x4,x28,142	 x28:0xffffffff  x4=0x00000000
     275695.000 ns	     27568	80005ec4	0353fdb3	remu	x27,x7,x21	  x7:0x232e3ea0 x21:0xffffffff x27=0x232e3ea0
     275725.000 ns	     27571	80005ec8	d0017f53	fcvt.s.w	f30,x2	  x2:0x00000000 f30=0x00000000
     275755.000 ns	     27574	80005ecc	299f0d53	fmin.s	f26,f30,f25	 f30:0x00000000 f25:0x80000000 f26=0x80000000
     275775.000 ns	     27576	80005ed0	b1360e93	addi	x29,x12,-1261	 x12:0x00000000 x29=0xfffffb13
     275795.000 ns	     27578	80005ed4	036ea4b3	mulhsu	x9,x29,x22	 x29:0xfffff8f8 x22:0xffffffff  x9=0xfffffb13
     275825.000 ns	     27581	80005ed8	02efab33	mulhsu	x22,x31,x14	 x31:0x00000000 x14:0x80041024 x22=0x00000000
     275865.000 ns	     27585	80005edc	1110f853	fmul.s	f16,f1,f17	  f1:0x80000000 f17:0x7fc00000 f16=0x7fc00000
     275895.000 ns	     27588	80005ee0	c007ff53	fcvt.w.s	x30,f15	 f15:0x4eec5bda x30=0x762ded00
     275925.000 ns	     27591	80005ee4	a1582253	feq.s	x4,f16,f21	 f16:0x7fc00000 f21:0x00000000  x4=0x00000000
     275955.000 ns	     27594	80005ee8	035223b3	mulhsu	x7,x4,x21	  x4:0x00000000 x21:0xffffffff  x7=0x00000000
     275985.000 ns	     27597	80005eec	20c0a153	fsgnjx.s	f2,f1,f12	  f1:0x80000000 f12:0x7fc00000  f2=0x80000000
     276025.000 ns	     27601	80005ef0	11301ed3	fmul.s	f29,f0,f19	  f0:0x00000000 f19:0x7fc00000 f29=0x7fc00000
     276055.000 ns	     27604	80005ef4	20da8d53	fsgnj.s	f26,f21,f13	 f21:0x00000000 f13:0x7fc00000 f26=0x00000000
     276085.000 ns	     27607	80005ef8	292c14d3	fmax.s	f9,f24,f18	 f24:0x4f000000 f18:0x3f800000  f9=0x4f000000
     276105.000 ns	     27609	80005efc	00e5afb3	slt	x31,x11,x14	 x11:0xfffffce6 x14:0x80041024 x31=0x00000000
     276115.000 ns	     27610	80005f00	e946af13	slti	x30,x13,-364	 x13:0x00000008 x30=0x00000000
     276135.000 ns	     27612	80005f04	20c61ed3	fsgnjn.s	f29,f12,f12	 f12:0x7fc00000 f12:0x7fc00000 f29=0xffc00000
     276155.000 ns	     27614	80005f08	4078d013	srai	x0,x17,0x7	 x17:0x00000000
     276165.000 ns	     27615	80005f0c	013cda33	srl	x20,x25,x19	 x25:0x00000000 x19:0x00000075 x20=0x00000000
     276175.000 ns	     27616	80005f10	6a9ac893	xori	x17,x21,1705	 x21:0xffffffff x17=0xfffff956
     276185.000 ns	     27617	80005f14	f24e6213	ori	x4,x28,-220	 x28:0xffffffff  x4=0xffffffff
     276195.000 ns	     27618	80005f18	23c70993	addi	x19,x14,572	 x14:0x80041024 x19=0x80041260
     276205.000 ns	     27619	80005f1c	e80f3613	sltiu	x12,x30,-384	 x30:0x00000000 x12=0x00000001
     276215.000 ns	     27620	80005f20	01b6ef33	or	x30,x13,x27	 x13:0x00000008 x27:0x232e3ea0 x30=0x232e3ea8
     276235.000 ns	     27622	80005f24	d0167c53	fcvt.s.wu	f24,x12	 x12:0x00000000 f24=0x3f800000
     276285.000 ns	     27627	80005f28	016cf7d3	fadd.s	f15,f25,f22	 f25:0x80000000 f22:0x00000000 f15=0x00000000
     276305.000 ns	     27629	80005f2c	41aa8533	sub	x10,x21,x26	 x21:0xffffffff x26:0x00000000 x10=0xffffffff
     276665.000 ns	     27665	80005f30	02107233	remu	x4,x0,x1	  x0:0x00000000  x1:0x00000001  x4=0x00000000
     276695.000 ns	     27668	80005f34	287e1253	fmax.s	f4,f28,f7	 f28:0x00000000  f7:0xffc00000  f4=0x00000000
     276725.000 ns	     27671	80005f38	f0020b53	fmv.w.x	f22,x4	  x4:0x00000000 f22=0x00000000
     277095.000 ns	     27708	80005f3c	03ee6ab3	rem	x21,x28,x30	 x28:0xffffffff x30:0x232e3ea8 x21=0xffffffff
     277125.000 ns	     27711	80005f40	03a27bb3	remu	x23,x4,x26	  x4:0x00000000 x26:0x00000000 x23=0x00000000
     277145.000 ns	     27713	80005f44	01cc3cb3	sltu	x25,x24,x28	 x24:0x7fffffff x28:0xffffffff x25=0x00000001
     277155.000 ns	     27714	80005f48	005110b3	sll	x1,x2,x5	  x2:0x00000000  x5:0x00000010  x1=0x00000000
     277165.000 ns	     27715	80005f4c	00000013	addi	x0,x0,0	  x0:0x00000000
     277175.000 ns	     27716	80005f50	01924c33	xor	x24,x4,x25	  x4:0x00000000 x25:0x00000001 x24=0x00000001
     277185.000 ns	     27717	80005f54	cb293b13	sltiu	x22,x18,-846	 x18:0x80040fe4 x22=0x00000001
     277195.000 ns	     27718	80005f58	014cfdb3	and	x27,x25,x20	 x25:0x00000001 x20:0x00000000 x27=0x00000000
     277215.000 ns	     27720	80005f5c	021d4133	div	x2,x26,x1	 x26:0x00000000  x1:0x00000000  x2=0xffffffff
     277245.000 ns	     27723	80005f60	c012f253	fcvt.wu.s	x4,f5	  f5:0x4f000000  x4=0x80000000
     277265.000 ns	     27725	80005f64	62cfa3b7	lui	x7,0x62cfa	  x7=0x62cfa000
     277275.000 ns	     27726	80005f68	228a7493	andi	x9,x20,552	 x20:0x00000000  x9=0x00000000
     277315.000 ns	     27730	80005f6c	08f2b653	fsub.s	f12,f5,f15	  f5:0x4f000000 f15:0x00000000 f12=0x4f000000
     277335.000 ns	     27732	80005f70	9a266a93	ori	x21,x12,-1630	 x12:0x00000001 x21=0xfffff9a3
     277345.000 ns	     27733	80005f74	494d6a17	auipc	x20,0x494d6	 x20=0xc94dbf74
     277365.000 ns	     27735	80005f78	03716d33	rem	x26,x2,x23	  x2:0xffffffff x23:0x00000000 x26=0xffffffff
     277385.000 ns	     27737	80005f7c	040e2a37	lui	x20,0x40e2	 x20=0x040e2000
     277405.000 ns	     27739	80005f80	c0014553	fcvt.w.s	x10,f2	  f2:0x80000000 x10=0x00000000
     277775.000 ns	     27776	80005f84	03dac7b3	div	x15,x21,x29	 x21:0xfffff9a3 x29:0xfffffb13 x15=0x00000001
     277805.000 ns	     27779	80005f88	026209b3	mul	x19,x4,x6	  x4:0x80000000  x6:0xffffffff x19=0x80000000
     277855.000 ns	     27784	80005f8c	011fb053	fadd.s	f0,f31,f17	 f31:0x00000000 f17:0x7fc00000  f0=0x7fc00000
     277895.000 ns	     27788	80005f90	580f8cd3	fsqrt.s	f25,f31	 f31:0x00000000 f25=0x00000000
     277915.000 ns	     27790	80005f94	407d0d33	sub	x26,x26,x7	 x26:0xffffffff  x7:0x62cfa000 x26=0x9d305fff
     277935.000 ns	     27792	80005f98	03b83233	mulhu	x4,x16,x27	 x16:0x00000002 x27:0x00000000  x4=0x00000000
     278305.000 ns	     27829	80005f9c	034363b3	rem	x7,x6,x20	  x6:0xffffffff x20:0x040e2000  x7=0xffffffff
     278325.000 ns	     27831	80005fa0	012b5593	srli	x11,x22,0x12	 x22:0x00000001 x11=0x00000000
     278345.000 ns	     27833	80005fa4	c0142ed3	fcvt.wu.s	x29,f8	  f8:0x7fc00000 x29=0xffffffff
     278365.000 ns	     27835	80005fa8	798dfd93	andi	x27,x27,1944	 x27:0x00000000 x27=0x00000000
     278385.000 ns	     27837	80005fac	02332533	mulhsu	x10,x6,x3	  x6:0xffffffff  x3:0x00000000 x10=0x00000000
     278415.000 ns	     27840	80005fb0	d0077053	fcvt.s.w	f0,x14	 x14:0x80041024  f0=0xcefff7df
     278435.000 ns	     27842	80005fb4	4100d413	srai	x8,x1,0x10	  x1:0x00000000  x8=0x00000000
     278455.000 ns	     27844	80005fb8	d019fd53	fcvt.s.wu	f26,x19	 x19:0x80000000 f26=0x4f000000
     278475.000 ns	     27846	80005fbc	329fc593	xori	x11,x31,809	 x31:0x00000000 x11=0x00000329
     278485.000 ns	     27847	80005fc0	41e85593	srai	x11,x16,0x1e	 x16:0x00000002 x11=0x00000000
     278525.000 ns	     27851	80005fc4	0028f853	fadd.s	f16,f17,f2	 f17:0x7fc00000  f2:0x80000000 f16=0x7fc00000
     278555.000 ns	     27854	80005fc8	f00184d3	fmv.w.x	f9,x3	  x3:0x00000000  f9=0x00000000
     278585.000 ns	     27857	80005fcc	20500c53	fsgnj.s	f24,f0,f5	  f0:0xcefff7df  f5:0x4f000000 f24=0x4efff7df
     278615.000 ns	     27860	80005fd0	03ed9c33	mulh	x24,x27,x30	 x27:0x00000000 x30:0x232e3ea8 x24=0x00000000
     278645.000 ns	     27863	80005fd4	e0028b53	fmv.x.w	x22,f5	  f5:0x4f000000 x22=0x4f000000
     278675.000 ns	     27866	80005fd8	e00e0053	fmv.x.w	x0,f28	 f28:0x00000000
     278695.000 ns	     27868	80005fdc	2e92b797	auipc	x15,0x2e92b	 x15=0xae930fdc
     278715.000 ns	     27870	80005fe0	e00699d3	fclass.s	x19,f13	 f13:0x7fc00000 x19=0x00000200
     278735.000 ns	     27872	80005fe4	0057b333	sltu	x6,x15,x5	 x15:0x00000001  x5:0x00000010  x6=0x00000000
     278755.000 ns	     27874	80005fe8	e00d89d3	fmv.x.w	x19,f27	 f27:0x7fc00000 x19=0x7fc00000
     278775.000 ns	     27876	80005fec	00bc44b3	xor	x9,x24,x11	 x24:0x00000000 x11:0x00000000  x9=0x00000000
     278805.000 ns	     27879	80005ff0	19ba2353	fdiv.s	f6,f20,f27	 f20:0x7fc00000 f27:0x7fc00000  f6=0x7fc00000
     278825.000 ns	     27881	80005ff4	d3717393	andi	x7,x2,-713	  x2:0xffffffff  x7=0xfffffd37
     278845.000 ns	     27883	80005ff8	02afa2b3	mulhsu	x5,x31,x10	 x31:0x00000000 x10:0x00000000  x5=0x00000000
     279215.000 ns	     27920	80005ffc	03e0cbb3	div	x23,x1,x30	  x1:0x00000000 x30:0x232e3ea8 x23=0x00000000
     279245.000 ns	     27923	80006000	d01eff53	fcvt.s.wu	f30,x29	 x29:0xffffffff f30=0x4f7fffff
     279265.000 ns	     27925	80006004	01cd39b3	sltu	x19,x26,x28	 x26:0x9d305fff x28:0xffffffff x19=0x00000001
     279275.000 ns	     27926	80006008	01ca91b3	sll	x3,x21,x28	 x21:0xfffff9a3 x28:0xffffffff  x3=0x80000000
     279285.000 ns	     27927	8000600c	4186d2b3	sra	x5,x13,x24	 x13:0x00000008 x24:0x00000000  x5=0x00000008
     279325.000 ns	     27931	80006010	00b7bc53	fadd.s	f24,f15,f11	 f15:0x00000000 f11:0x00000000 f24=0x00000000
     279345.000 ns	     27933	80006014	45f67513	andi	x10,x12,1119	 x12:0x00000001 x10=0x00000001
     279365.000 ns	     27935	80006018	02935c33	divu	x24,x6,x9	  x6:0x00000000  x9:0x00000000 x24=0xffffffff
     279385.000 ns	     27937	8000601c	01842ab3	slt	x21,x8,x24	  x8:0x00000000 x24:0x00000000 x21=0x00000000
     279405.000 ns	     27939	80006020	d013ffd3	fcvt.s.wu	f31,x7	  x7:0xfffffd37 f31=0x4f7ffffd
     279425.000 ns	     27941	80006024	02e38a93	addi	x21,x7,46	  x7:0xfffffd37 x21=0xfffffd65
     279435.000 ns	     27942	80006028	0f50ef17	auipc	x30,0xf50e	 x30=0x8f514028
     279455.000 ns	     27944	8000602c	211ba853	fsgnjx.s	f16,f23,f17	 f23:0x3f800000 f17:0x7fc00000 f16=0x3f800000
     279485.000 ns	     27947	80006030	e0041253	fclass.s	x4,f8	  f8:0x7fc00000  x4=0x00000200
     279505.000 ns	     27949	80006034	00310433	add	x8,x2,x3	  x2:0xffffffff  x3:0x80000000  x8=0x7fffffff
     279525.000 ns	     27951	80006038	e0069153	fclass.s	x2,f13	 f13:0x7fc00000  x2=0x00000200
     279555.000 ns	     27954	8000603c	21e71b53	fsgnjn.s	f22,f14,f30	 f14:0x00000000 f30:0x4f7fffff f22=0x80000000
     279585.000 ns	     27957	80006040	021f7133	remu	x2,x30,x1	 x30:0x8f514028  x1:0x00000000  x2=0x8f514028
     279625.000 ns	     27961	80006044	1140bc53	fmul.s	f24,f1,f20	  f1:0x80000000 f20:0x7fc00000 f24=0x7fc00000
     279655.000 ns	     27964	80006048	a13b00d3	fle.s	x1,f22,f19	 f22:0x80000000 f19:0x7fc00000  x1=0x00000000
     279675.000 ns	     27966	8000604c	84466a93	ori	x21,x12,-1980	 x12:0x00000001 x21=0xfffff845
     279685.000 ns	     27967	80006050	58d3fc13	andi	x24,x7,1421	  x7:0xfffffd37 x24=0x00000505
     279715.000 ns	     27970	80006054	1878ffd3	fdiv.s	f31,f17,f7	 f17:0x7fc00000  f7:0xffc00000 f31=0x7fc00000
     279735.000 ns	     27972	80006058	001371b3	and	x3,x6,x1	  x6:0x00000000  x1:0x00000000  x3=0x00000000
     279745.000 ns	     27973	8000605c	01671bb3	sll	x23,x14,x22	 x14:0x80041024 x22:0x4f000000 x23=0x80041024
     279765.000 ns	     27975	80006060	03f13cb3	mulhu	x25,x2,x31	  x2:0x8f514028 x31:0x00000000 x25=0x00000000
     279795.000 ns	     27978	80006064	a14c14d3	flt.s	x9,f24,f20	 f24:0x7fc00000 f20:0x7fc00000  x9=0x00000000
     279815.000 ns	     27980	80006068	a018ad93	slti	x27,x17,-1535	 x17:0xfffff956 x27=0x00000001
     279835.000 ns	     27982	8000606c	213187d3	fsgnj.s	f15,f3,f19	  f3:0x00000000 f19:0x7fc00000 f15=0x00000000
     279865.000 ns	     27985	80006070	c0107353	fcvt.wu.s	x6,f0	  f0:0xcefff7df  x6=0x7ffbef80
     279885.000 ns	     27987	80006074	00e57fb3	and	x31,x10,x14	 x10:0x00000001 x14:0x80041024 x31=0x00000000
     279905.000 ns	     27989	80006078	28800553	fmin.s	f10,f0,f8	  f0:0xcefff7df  f8:0x7fc00000 f10=0xcefff7df
     280275.000 ns	     28026	8000607c	03474133	div	x2,x14,x20	 x14:0x80041024 x20:0x040e2000  x2=0xffffffe1
     280295.000 ns	     28028	80006080	394c0d13	addi	x26,x24,916	 x24:0x00000505 x26=0x00000899
     280315.000 ns	     28030	80006084	a0c79653	flt.s	x12,f15,f12	 f15:0x00000000 f12:0x4f000000 x12=0x00000001
     280345.000 ns	     28033	80006088	02367eb3	remu	x29,x12,x3	 x12:0x00000001  x3:0x00000000 x29=0x00000001
     280365.000 ns	     28035	8000608c	00822bb3	slt	x23,x4,x8	  x4:0x00000200  x8:0x7fffffff x23=0x00000001
     280375.000 ns	     28036	80006090	baa1ac13	slti	x24,x3,-1110	  x3:0x00000000 x24=0x00000000
     280395.000 ns	     28038	80006094	e0039553	fclass.s	x10,f7	  f7:0xffc00000 x10=0x00000200
     280425.000 ns	     28041	80006098	02441d33	mulh	x26,x8,x4	  x8:0x7fffffff  x4:0x00000200 x26=0x000000ff
     280445.000 ns	     28043	8000609c	00b0f133	and	x2,x1,x11	  x1:0x00000000 x11:0x00000000  x2=0x00000000
     280455.000 ns	     28044	800060a0	01803d33	sltu	x26,x0,x24	  x0:0x00000000 x24:0x00000000 x26=0x00000000
     281625.000 ns	     28161	800060a4	580813d3	fsqrt.s	f7,f16	 f16:0x3f800000  f7=0x3f7fffae
     281645.000 ns	     28163	800060a8	00169033	sll	x0,x13,x1	 x13:0x00000008  x1:0x00000000
     281685.000 ns	     28167	800060ac	0176b453	fadd.s	f8,f13,f23	 f13:0x7fc00000 f23:0x3f800000  f8=0x7fc00000
     281705.000 ns	     28169	800060b0	648f0513	addi	x10,x30,1608	 x30:0x8f514028 x10=0x8f514670
     281725.000 ns	     28171	800060b4	d015a2d3	fcvt.s.wu	f5,x11	 x11:0x00000000  f5=0x00000000
     281755.000 ns	     28174	800060b8	a0979ed3	flt.s	x29,f15,f9	 f15:0x00000000  f9:0x00000000 x29=0x00000000
     281775.000 ns	     28176	800060bc	00c15fb3	srl	x31,x2,x12	  x2:0x00000000 x12:0x00000001 x31=0x00000000
     281795.000 ns	     28178	800060c0	218f9653	fsgnjn.s	f12,f31,f24	 f31:0x7fc00000 f24:0x7fc00000 f12=0xffc00000
     281825.000 ns	     28181	800060c4	c01bf653	fcvt.wu.s	x12,f23	 f23:0x3f800000 x12=0x00000001
     281845.000 ns	     28183	800060c8	01dd1c93	slli	x25,x26,0x1d	 x26:0x00000000 x25=0x00000000
     281865.000 ns	     28185	800060cc	28761f53	fmax.s	f30,f12,f7	 f12:0xffc00000  f7:0x3f7fffae f30=0x3f7fffae
     281895.000 ns	     28188	800060d0	c00146d3	fcvt.w.s	x13,f2	  f2:0x80000000 x13=0x00000000
     281915.000 ns	     28190	800060d4	01e0aeb3	slt	x29,x1,x30	  x1:0x00000000 x30:0x8f514028 x29=0x00000000
     281935.000 ns	     28192	800060d8	d010f053	fcvt.s.wu	f0,x1	  x1:0x00000000  f0=0x00000000
     281965.000 ns	     28195	800060dc	03ff4a33	div	x20,x30,x31	 x30:0x8f514028 x31:0x00000000 x20=0xffffffff
     281995.000 ns	     28198	800060e0	e0061553	fclass.s	x10,f12	 f12:0xffc00000 x10=0x00000200
     282015.000 ns	     28200	800060e4	01595013	srli	x0,x18,0x15	 x18:0x80040fe4
     282025.000 ns	     28201	800060e8	1969d6b7	lui	x13,0x1969d	 x13=0x1969d000
     282045.000 ns	     28203	800060ec	02ad9db3	mulh	x27,x27,x10	 x27:0x00000001 x10:0x00000200 x27=0x00000000
     282065.000 ns	     28205	800060f0	152fbc93	sltiu	x25,x31,338	 x31:0x00000000 x25=0x00000001
     282085.000 ns	     28207	800060f4	211caa53	fsgnjx.s	f20,f25,f17	 f25:0x00000000 f17:0x7fc00000 f20=0x00000000
     282105.000 ns	     28209	800060f8	fce0c413	xori	x8,x1,-50	  x1:0x00000000  x8=0xffffffce
     282125.000 ns	     28211	800060fc	c01cffd3	fcvt.wu.s	x31,f25	 f25:0x00000000 x31=0x00000000
     282145.000 ns	     28213	80006100	e99ba293	slti	x5,x23,-359	 x23:0x00000001  x5=0x00000000
     282165.000 ns	     28215	80006104	280209d3	fmin.s	f19,f4,f0	  f4:0x00000000  f0:0x00000000 f19=0x00000000
     282185.000 ns	     28217	80006108	cc8e7a93	andi	x21,x28,-824	 x28:0xffffffff x21=0xfffffcc8
     282195.000 ns	     28218	8000610c	001df533	and	x10,x27,x1	 x27:0x00000000  x1:0x00000000 x10=0x00000000
     282215.000 ns	     28220	80006110	202c24d3	fsgnjx.s	f9,f24,f2	 f24:0x7fc00000  f2:0x80000000  f9=0xffc00000
     282245.000 ns	     28223	80006114	03add233	divu	x4,x27,x26	 x27:0x00000000 x26:0x00000000  x4=0xffffffff
     282265.000 ns	     28225	80006118	404984b3	sub	x9,x19,x4	 x19:0x00000001  x4:0x00000200  x9=0x00000002
     282275.000 ns	     28226	8000611c	6cdab7b7	lui	x15,0x6cdab	 x15=0x6cdab000
     282285.000 ns	     28227	80006120	00a859b3	srl	x19,x16,x10	 x16:0x00000002 x10:0x00000000 x19=0x00000002
     282295.000 ns	     28228	80006124	003594b3	sll	x9,x11,x3	 x11:0x00000000  x3:0x00000000  x9=0x00000000
     282315.000 ns	     28230	80006128	c01d0c53	fcvt.wu.s	x24,f26	 f26:0x4f000000 x24=0x80000000
     282335.000 ns	     28232	8000612c	0139ffb3	and	x31,x19,x19	 x19:0x00000002 x19:0x00000002 x31=0x00000002
     282355.000 ns	     28234	80006130	20ac04d3	fsgnj.s	f9,f24,f10	 f24:0x7fc00000 f10:0xcefff7df  f9=0xffc00000
     282385.000 ns	     28237	80006134	a0458cd3	fle.s	x25,f11,f4	 f11:0x00000000  f4:0x00000000 x25=0x00000001
     282405.000 ns	     28239	80006138	41a3d233	sra	x4,x7,x26	  x7:0xfffffd37 x26:0x00000000  x4=0xfffffd37
     282765.000 ns	     28275	8000613c	02ccc1b3	div	x3,x25,x12	 x25:0x00000001 x12:0x00000001  x3=0x00000001
     282785.000 ns	     28277	80006140	4008d193	srai	x3,x17,0x0	 x17:0xfffff956  x3=0xfffff956
     282805.000 ns	     28279	80006144	c00b7ed3	fcvt.w.s	x29,f22	 f22:0x80000000 x29=0x00000000
     282825.000 ns	     28281	80006148	d06c2d93	slti	x27,x24,-762	 x24:0x80000000 x27=0x00000001
     282835.000 ns	     28282	8000614c	00ae9a13	slli	x20,x29,0xa	 x29:0x00000000 x20=0x00000000
     282875.000 ns	     28286	80006150	009176d3	fadd.s	f13,f2,f9	  f2:0x80000000  f9:0xffc00000 f13=0x7fc00000
     282895.000 ns	     28288	80006154	3c0aa793	slti	x15,x21,960	 x21:0xfffffcc8 x15=0x00000001
     282905.000 ns	     28289	80006158	855ba313	slti	x6,x23,-1963	 x23:0x00000001  x6=0x00000000
     282915.000 ns	     28290	8000615c	017f9133	sll	x2,x31,x23	 x31:0x00000002 x23:0x00000001  x2=0x00000004
     282925.000 ns	     28291	80006160	00669533	sll	x10,x13,x6	 x13:0x1969d000  x6:0x7ffbef80 x10=0x1969d000
     282935.000 ns	     28292	80006164	74cdbe93	sltiu	x29,x27,1868	 x27:0x00000001 x29=0x00000001
     282955.000 ns	     28294	80006168	034aa433	mulhsu	x8,x21,x20	 x21:0xfffffcc8 x20:0x00000000  x8=0x00000000
     282985.000 ns	     28297	8000616c	21672253	fsgnjx.s	f4,f14,f22	 f14:0x00000000 f22:0x80000000  f4=0x80000000
     283355.000 ns	     28334	80006170	03007bb3	remu	x23,x0,x16	  x0:0x00000000 x16:0x00000002 x23=0x00000000
     283725.000 ns	     28371	80006174	0272e233	rem	x4,x5,x7	  x5:0x00000000  x7:0xfffffd37  x4=0x00000000
     284065.000 ns	     28405	80006178	1973f653	fdiv.s	f12,f7,f23	  f7:0x3f7fffae f23:0x3f800000 f12=0x3f7ffee6
     284105.000 ns	     28409	8000617c	19b42353	fdiv.s	f6,f8,f27	  f8:0x7fc00000 f27:0x7fc00000  f6=0x7fc00000
     284135.000 ns	     28412	80006180	02be23b3	mulhsu	x7,x28,x11	 x28:0xffffffff x11:0x00000000  x7=0x00000000
     284155.000 ns	     28414	80006184	40b60c33	sub	x24,x12,x11	 x12:0x00000001 x11:0x00000000 x24=0x00000001
     284165.000 ns	     28415	80006188	01fd73b3	and	x7,x26,x31	 x26:0x00000000 x31:0x00000002  x7=0x00000000
     284175.000 ns	     28416	8000618c	3162e497	auipc	x9,0x3162e	  x9=0xb163418c
     284195.000 ns	     28418	80006190	038207b3	mul	x15,x4,x24	  x4:0x00000000 x24:0x00000001 x15=0x00000000
     284215.000 ns	     28420	80006194	a7dae193	ori	x3,x21,-1411	 x21:0xfffffcc8  x3=0xfffffefd
     284225.000 ns	     28421	80006198	016bdab3	srl	x21,x23,x22	 x23:0x00000000 x22:0x4f000000 x21=0x00000000
     284245.000 ns	     28423	8000619c	28c01b53	fmax.s	f22,f0,f12	  f0:0x00000000 f12:0x3f7ffee6 f22=0x3f7ffee6
     284275.000 ns	     28426	800061a0	f0018ed3	fmv.w.x	f29,x3	  x3:0xfffffefd f29=0xfffffefd
     284295.000 ns	     28428	800061a4	eb77b697	auipc	x13,0xeb77b	 x13=0x6b7811a4
     284305.000 ns	     28429	800061a8	01f89013	slli	x0,x17,0x1f	 x17:0xfffff956
     284315.000 ns	     28430	800061ac	9944b0b7	lui	x1,0x9944b	  x1=0x9944b000
     284325.000 ns	     28431	800061b0	0072b233	sltu	x4,x5,x7	  x5:0x00000000  x7:0x00000000  x4=0x00000000
     284335.000 ns	     28432	800061b4	00178633	add	x12,x15,x1	 x15:0x00000000  x1:0x00000000 x12=0x9944b000
     284355.000 ns	     28434	800061b8	03ff27b3	mulhsu	x15,x30,x31	 x30:0x8f514028 x31:0x00000002 x15=0xffffffff
     284375.000 ns	     28436	800061bc	00000013	addi	x0,x0,0	  x0:0x00000000
     284385.000 ns	     28437	800061c0	015429b3	slt	x19,x8,x21	  x8:0x00000000 x21:0x00000000 x19=0x00000000
     284395.000 ns	     28438	800061c4	119f8493	addi	x9,x31,281	 x31:0x00000002  x9=0x0000011b
     284415.000 ns	     28440	800061c8	e00a0f53	fmv.x.w	x30,f20	 f20:0x00000000 x30=0x00000000
     284445.000 ns	     28443	800061cc	e0058bd3	fmv.x.w	x23,f11	 f11:0x00000000 x23=0x00000000
     284465.000 ns	     28445	800061d0	00b6d493	srli	x9,x13,0xb	 x13:0x6b7811a4  x9=0x000d6f02
     284495.000 ns	     28448	800061d4	188b0a53	fdiv.s	f20,f22,f8	 f22:0x3f7ffee6  f8:0x7fc00000 f20=0x7fc00000
     284515.000 ns	     28450	800061d8	000b9513	slli	x10,x23,0x0	 x23:0x00000000 x10=0x00000000
     284875.000 ns	     28486	800061dc	0314efb3	rem	x31,x9,x17	  x9:0x000d6f02 x17:0xfffff956 x31=0x0000005a
     284905.000 ns	     28489	800061e0	c0027e53	fcvt.w.s	x28,f4	  f4:0x80000000 x28=0x00000000
     284935.000 ns	     28492	800061e4	037239b3	mulhu	x19,x4,x23	  x4:0x00000000 x23:0x00000000 x19=0x00000000
     284965.000 ns	     28495	800061e8	a10e1353	flt.s	x6,f28,f16	 f28:0x00000000 f16:0x3f800000  x6=0x00000001
     284995.000 ns	     28498	800061ec	20170553	fsgnj.s	f10,f14,f1	 f14:0x00000000  f1:0x80000000 f10=0x80000000
     285025.000 ns	     28501	800061f0	f0098e53	fmv.w.x	f28,x19	 x19:0x00000000 f28=0x00000000
     285055.000 ns	     28504	800061f4	03cf5633	divu	x12,x30,x28	 x30:0x00000000 x28:0x00000000 x12=0xffffffff
     285075.000 ns	     28506	800061f8	0914c793	xori	x15,x9,145	  x9:0x000d6f02 x15=0x000d6f93
     285105.000 ns	     28509	800061fc	58048553	fsqrt.s	f10,f9	  f9:0xffc00000 f10=0x7fc00000
     285135.000 ns	     28512	80006200	20e42e53	fsgnjx.s	f28,f8,f14	  f8:0x7fc00000 f14:0x00000000 f28=0x7fc00000
     285165.000 ns	     28515	80006204	e00193d3	fclass.s	x7,f3	  f3:0x00000000  x7=0x00000010
     285195.000 ns	     28518	80006208	283680d3	fmin.s	f1,f13,f3	 f13:0x7fc00000  f3:0x00000000  f1=0x00000000
     285225.000 ns	     28521	8000620c	d01e7dd3	fcvt.s.wu	f27,x28	 x28:0x00000000 f27=0x00000000
     285245.000 ns	     28523	80006210	41ed3013	sltiu	x0,x26,1054	 x26:0x00000000
     285255.000 ns	     28524	80006214	006ad633	srl	x12,x21,x6	 x21:0x00000000  x6:0x00000001 x12=0x00000000
     285275.000 ns	     28526	80006218	207c1453	fsgnjn.s	f8,f24,f7	 f24:0x7fc00000  f7:0x3f7fffae  f8=0xffc00000
     285305.000 ns	     28529	8000621c	20afaf53	fsgnjx.s	f30,f31,f10	 f31:0x7fc00000 f10:0x7fc00000 f30=0x7fc00000
     285325.000 ns	     28531	80006220	004d7533	and	x10,x26,x4	 x26:0x00000000  x4:0x00000000 x10=0x00000000
     285335.000 ns	     28532	80006224	00e05393	srli	x7,x0,0xe	  x0:0x00000000  x7=0x00000000
     285355.000 ns	     28534	80006228	d00d0153	fcvt.s.w	f2,x26	 x26:0x00000000  f2=0x00000000
     285375.000 ns	     28536	8000622c	cc934993	xori	x19,x6,-823	  x6:0x00000001 x19=0xfffffcc8
     285395.000 ns	     28538	80006230	e00f84d3	fmv.x.w	x9,f31	 f31:0x7fc00000  x9=0x7fc00000
     285435.000 ns	     28542	80006234	5807f253	fsqrt.s	f4,f15	 f15:0x00000000  f4=0x00000000
     285805.000 ns	     28579	80006238	03b353b3	divu	x7,x6,x27	  x6:0x00000001 x27:0x00000001  x7=0x00000001
     285825.000 ns	     28581	8000623c	41825693	srai	x13,x4,0x18	  x4:0x00000000 x13=0x00000000
     285835.000 ns	     28582	80006240	0044bf33	sltu	x30,x9,x4	  x9:0x7fc00000  x4:0x00000000 x30=0x00000000
     285855.000 ns	     28584	80006244	297010d3	fmax.s	f1,f0,f23	  f0:0x00000000 f23:0x3f800000  f1=0x3f800000
     285885.000 ns	     28587	80006248	d015fcd3	fcvt.s.wu	f25,x11	 x11:0x00000000 f25=0x00000000
     285915.000 ns	     28590	8000624c	03000bb3	mul	x23,x0,x16	  x0:0x00000000 x16:0x00000002 x23=0x00000000
     285945.000 ns	     28593	80006250	f0060053	fmv.w.x	f0,x12	 x12:0x00000000  f0=0x00000000
     285965.000 ns	     28595	80006254	2075bc97	auipc	x25,0x2075b	 x25=0xa0761254
     285975.000 ns	     28596	80006258	41ff0133	sub	x2,x30,x31	 x30:0x00000000 x31:0x0000005a  x2=0xffffffa6
     285995.000 ns	     28598	8000625c	0259c6b3	div	x13,x19,x5	 x19:0xfffffcc8  x5:0x00000000 x13=0xffffffff
     286025.000 ns	     28601	80006260	205e2153	fsgnjx.s	f2,f28,f5	 f28:0x7fc00000  f5:0x00000000  f2=0x7fc00000
     286055.000 ns	     28604	80006264	21871053	fsgnjn.s	f0,f14,f24	 f14:0x00000000 f24:0x7fc00000  f0=0x80000000
     286085.000 ns	     28607	80006268	28ed8ad3	fmin.s	f21,f27,f14	 f27:0x00000000 f14:0x00000000 f21=0x00000000
     286115.000 ns	     28610	8000626c	c0177a53	fcvt.wu.s	x20,f14	 f14:0x00000000 x20=0x00000000
     286135.000 ns	     28612	80006270	010e37b3	sltu	x15,x28,x16	 x28:0x00000000 x16:0x00000002 x15=0x00000001
     286145.000 ns	     28613	80006274	007acd33	xor	x26,x21,x7	 x21:0x00000000  x7:0x00000001 x26=0x00000001
     286165.000 ns	     28615	80006278	e00f0e53	fmv.x.w	x28,f30	 f30:0x7fc00000 x28=0x7fc00000
     286195.000 ns	     28618	8000627c	f0050753	fmv.w.x	f14,x10	 x10:0x00000000 f14=0x00000000
     286225.000 ns	     28621	80006280	206d1153	fsgnjn.s	f2,f26,f6	 f26:0x4f000000  f6:0x7fc00000  f2=0xcf000000
     286275.000 ns	     28626	80006284	08ce99d3	fsub.s	f19,f29,f12	 f29:0xfffffefd f12:0x3f7ffee6 f19=0x7fc00000
     286645.000 ns	     28663	80006288	038d43b3	div	x7,x26,x24	 x26:0x00000001 x24:0x00000001  x7=0x00000001
     286675.000 ns	     28666	8000628c	a0e51a53	flt.s	x20,f10,f14	 f10:0x7fc00000 f14:0x00000000 x20=0x00000000
     287045.000 ns	     28703	80006290	03c3d4b3	divu	x9,x7,x28	  x7:0x00000001 x28:0x7fc00000  x9=0x00000000
     287075.000 ns	     28706	80006294	a08a8bd3	fle.s	x23,f21,f8	 f21:0x00000000  f8:0xffc00000 x23=0x00000000
     287095.000 ns	     28708	80006298	0f9ddb37	lui	x22,0xf9dd	 x22=0x0f9dd000
     287115.000 ns	     28710	8000629c	02c7efb3	rem	x31,x15,x12	 x15:0x00000001 x12:0x00000000 x31=0x00000001
     287145.000 ns	     28713	800062a0	e00a9553	fclass.s	x10,f21	 f21:0x00000000 x10=0x00000010
     287175.000 ns	     28716	800062a4	283f9153	fmax.s	f2,f31,f3	 f31:0x7fc00000  f3:0x00000000  f2=0x00000000
     287205.000 ns	     28719	800062a8	d00bb5d3	fcvt.s.w	f11,x23	 x23:0x00000000 f11=0x00000000
     287235.000 ns	     28722	800062ac	e00f03d3	fmv.x.w	x7,f30	 f30:0x7fc00000  x7=0x7fc00000
     287255.000 ns	     28724	800062b0	0096d393	srli	x7,x13,0x9	 x13:0xffffffff  x7=0x007fffff
     287275.000 ns	     28726	800062b4	025188b3	mul	x17,x3,x5	  x3:0xfffffefd  x5:0x00000000 x17=0x00000000
     287295.000 ns	     28728	800062b8	01f11fb3	sll	x31,x2,x31	  x2:0xffffffa6 x31:0x00000001 x31=0xffffff4c
     287305.000 ns	     28729	800062bc	f77c7237	lui	x4,0xf77c7	  x4=0xf77c7000
     287325.000 ns	     28731	800062c0	02963433	mulhu	x8,x12,x9	 x12:0x00000000  x9:0x00000000  x8=0x00000000
     288505.000 ns	     28849	800062c4	580b18d3	fsqrt.s	f17,f22	 f22:0x3f7ffee6 f17=0x3f35039e
     288535.000 ns	     28852	800062c8	295f8753	fmin.s	f14,f31,f21	 f31:0x7fc00000 f21:0x00000000 f14=0x00000000
     288565.000 ns	     28855	800062cc	20a91453	fsgnjn.s	f8,f18,f10	 f18:0x3f800000 f10:0x7fc00000  f8=0xbf800000
     288585.000 ns	     28857	800062d0	a2213c13	sltiu	x24,x2,-1502	  x2:0xffffffa6 x24=0x00000000
     288605.000 ns	     28859	800062d4	c0193e53	fcvt.wu.s	x28,f18	 f18:0x3f800000 x28=0x00000001
     288635.000 ns	     28862	800062d8	c009f9d3	fcvt.w.s	x19,f19	 f19:0x7fc00000 x19=0x7fffffff
     288655.000 ns	     28864	800062dc	00aaae33	slt	x28,x21,x10	 x21:0x00000000 x10:0x00000010 x28=0x00000001
     288675.000 ns	     28866	800062e0	0318fa33	remu	x20,x17,x17	 x17:0x00000000 x17:0x00000000 x20=0x00000000
     289045.000 ns	     28903	800062e4	03a1de33	divu	x28,x3,x26	  x3:0xfffffefd x26:0x00000001 x28=0xfffffefd
     289065.000 ns	     28905	800062e8	003d81b3	add	x3,x27,x3	 x27:0x00000001  x3:0xfffffefd  x3=0xfffffefe
     289085.000 ns	     28907	800062ec	20ce2dd3	fsgnjx.s	f27,f28,f12	 f28:0x7fc00000 f12:0x3f7ffee6 f27=0x7fc00000
     289115.000 ns	     28910	800062f0	f00707d3	fmv.w.x	f15,x14	 x14:0x80041024 f15=0x80041024
     289135.000 ns	     28912	800062f4	01c1e233	or	x4,x3,x28	  x3:0xfffffefe x28:0xfffffefd  x4=0xfffffeff
     289165.000 ns	     28915	800062f8	116e7ed3	fmul.s	f29,f28,f22	 f28:0x7fc00000 f22:0x3f7ffee6 f29=0x7fc00000
     289195.000 ns	     28918	800062fc	e0028a53	fmv.x.w	x20,f5	  f5:0x00000000 x20=0x00000000
     289225.000 ns	     28921	80006300	02fb1eb3	mulh	x29,x22,x15	 x22:0x0f9dd000 x15:0x00000001 x29=0x00000000
     289255.000 ns	     28924	80006304	a1a7afd3	feq.s	x31,f15,f26	 f15:0x80041024 f26:0x4f000000 x31=0x00000000
     289275.000 ns	     28926	80006308	402cd993	srai	x19,x25,0x2	 x25:0xa0761254 x19=0xe81d8495
     289285.000 ns	     28927	8000630c	903efb93	andi	x23,x29,-1789	 x29:0x00000000 x23=0x00000000
     289295.000 ns	     28928	80006310	00b40c33	add	x24,x8,x11	  x8:0x00000000 x11:0x00000000 x24=0x00000000
     289335.000 ns	     28932	80006314	01bf7e53	fadd.s	f28,f30,f27	 f30:0x7fc00000 f27:0x7fc00000 f28=0x7fc00000
     289375.000 ns	     28936	80006318	1070f453	fmul.s	f8,f1,f7	  f1:0x3f800000  f7:0x3f7fffae  f8=0x3f7fffae
     289405.000 ns	     28939	8000631c	d01df053	fcvt.s.wu	f0,x27	 x27:0x00000001  f0=0x3f800000
     289425.000 ns	     28941	80006320	007eaf33	slt	x30,x29,x7	 x29:0x00000000  x7:0x007fffff x30=0x00000001
     289455.000 ns	     28944	80006324	1955f8d3	fdiv.s	f17,f11,f21	 f11:0x00000000 f21:0x00000000 f17=0x7fc00000
     289475.000 ns	     28946	80006328	a102a013	slti	x0,x5,-1520	  x5:0x00000000
     289505.000 ns	     28949	8000632c	11467053	fmul.s	f0,f12,f20	 f12:0x3f7ffee6 f20:0x7fc00000  f0=0x7fc00000
     289555.000 ns	     28954	80006330	092e4753	fsub.s	f14,f28,f18	 f28:0x7fc00000 f18:0x3f800000 f14=0x7fc00000
     289585.000 ns	     28957	80006334	281f9dd3	fmax.s	f27,f31,f1	 f31:0x7fc00000  f1:0x3f800000 f27=0x3f800000
     289615.000 ns	     28960	80006338	28cb09d3	fmin.s	f19,f22,f12	 f22:0x3f7ffee6 f12:0x3f7ffee6 f19=0x3f7ffee6
     289645.000 ns	     28963	8000633c	d00cf053	fcvt.s.w	f0,x25	 x25:0xa0761254  f0=0xcebf13db
     289695.000 ns	     28968	80006340	086529d3	fsub.s	f19,f10,f6	 f10:0x7fc00000  f6:0x7fc00000 f19=0x7fc00000
     289715.000 ns	     28970	80006344	0036d513	srli	x10,x13,0x3	 x13:0xffffffff x10=0x1fffffff
     289735.000 ns	     28972	80006348	e00b00d3	fmv.x.w	x1,f22	 f22:0x3f7ffee6  x1=0x3f7ffee6
     289765.000 ns	     28975	8000634c	c0017ad3	fcvt.w.s	x21,f2	  f2:0x00000000 x21=0x00000000
     289785.000 ns	     28977	80006350	00a69633	sll	x12,x13,x10	 x13:0xffffffff x10:0x1fffffff x12=0x80000000
     289805.000 ns	     28979	80006354	038ad5b3	divu	x11,x21,x24	 x21:0x00000000 x24:0x00000000 x11=0xffffffff
     289835.000 ns	     28982	80006358	0302ac33	mulhsu	x24,x5,x16	  x5:0x00000000 x16:0x00000002 x24=0x00000000
     289865.000 ns	     28985	8000635c	2154abd3	fsgnjx.s	f23,f9,f21	  f9:0xffc00000 f21:0x00000000 f23=0xffc00000
     289885.000 ns	     28987	80006360	0151de33	srl	x28,x3,x21	  x3:0xfffffefe x21:0x00000000 x28=0xfffffefe
     290245.000 ns	     29023	80006364	03e0cfb3	div	x31,x1,x30	  x1:0x3f7ffee6 x30:0x00000001 x31=0x3f7ffee6
     290265.000 ns	     29025	80006368	cd43ae13	slti	x28,x7,-812	  x7:0x007fffff x28=0x00000000
     290625.000 ns	     29061	8000636c	03f6f1b3	remu	x3,x13,x31	 x13:0xffffffff x31:0x3f7ffee6  x3=0x02000467
     290645.000 ns	     29063	80006370	cd4f4093	xori	x1,x30,-812	 x30:0x00000001  x1=0xfffffcd5
     290655.000 ns	     29064	80006374	008458b3	srl	x17,x8,x8	  x8:0x00000000  x8:0x00000000 x17=0x00000000
     290675.000 ns	     29066	80006378	f00e8ad3	fmv.w.x	f21,x29	 x29:0x00000000 f21=0x00000000
     290705.000 ns	     29069	8000637c	032a1eb3	mulh	x29,x20,x18	 x20:0x00000000 x18:0x80040fe4 x29=0x00000000
     290725.000 ns	     29071	80006380	0082da13	srli	x20,x5,0x8	  x5:0x00000000 x20=0x00000000
     290735.000 ns	     29072	80006384	014fa633	slt	x12,x31,x20	 x31:0x3f7ffee6 x20:0x00000000 x12=0x00000000
     290755.000 ns	     29074	80006388	03571a33	mulh	x20,x14,x21	 x14:0x80041024 x21:0x00000000 x20=0x00000000
     290775.000 ns	     29076	8000638c	4062d3b3	sra	x7,x5,x6	  x5:0x00000000  x6:0x00000001  x7=0x00000000
     290785.000 ns	     29077	80006390	009a2fb3	slt	x31,x20,x9	 x20:0x00000000  x9:0x00000000 x31=0x00000000
     290795.000 ns	     29078	80006394	00badd13	srli	x26,x21,0xb	 x21:0x00000000 x26=0x00000000
     290815.000 ns	     29080	80006398	02587133	remu	x2,x16,x5	 x16:0x00000002  x5:0x00000000  x2=0x00000002
     291185.000 ns	     29117	8000639c	03edc9b3	div	x19,x27,x30	 x27:0x00000001 x30:0x00000001 x19=0x00000001
     291205.000 ns	     29119	800063a0	e2bd8493	addi	x9,x27,-469	 x27:0x00000001  x9=0xfffffe2c
     291225.000 ns	     29121	800063a4	d0057c53	fcvt.s.w	f24,x10	 x10:0x1fffffff f24=0x4dffffff
     291245.000 ns	     29123	800063a8	008ac633	xor	x12,x21,x8	 x21:0x00000000  x8:0x00000000 x12=0x00000000
     291255.000 ns	     29124	800063ac	408e8f33	sub	x30,x29,x8	 x29:0x00000000  x8:0x00000000 x30=0x00000000
     291265.000 ns	     29125	800063b0	018da433	slt	x8,x27,x24	 x27:0x00000001 x24:0x00000000  x8=0x00000000
     291275.000 ns	     29126	800063b4	00000013	addi	x0,x0,0	  x0:0x00000000
     291635.000 ns	     29162	800063b8	02dbdab3	divu	x21,x23,x13	 x23:0x00000000 x13:0xffffffff x21=0x00000000
     291665.000 ns	     29165	800063bc	d0147153	fcvt.s.wu	f2,x8	  x8:0x00000000  f2=0x00000000
     291685.000 ns	     29167	800063c0	00100cb3	add	x25,x0,x1	  x0:0x00000000  x1:0xfffffcd5 x25=0xfffffcd5
     292045.000 ns	     29203	800063c4	03354bb3	div	x23,x10,x19	 x10:0x1fffffff x19:0x00000001 x23=0x1fffffff
     292065.000 ns	     29205	800063c8	01aad093	srli	x1,x21,0x1a	 x21:0x00000000  x1=0x00000000
     292075.000 ns	     29206	800063cc	1f0eeb93	ori	x23,x29,496	 x29:0x00000000 x23=0x000001f0
     292095.000 ns	     29208	800063d0	210e94d3	fsgnjn.s	f9,f29,f16	 f29:0x7fc00000 f16:0x3f800000  f9=0xffc00000
     292115.000 ns	     29210	800063d4	4d306d13	ori	x26,x0,1235	  x0:0x00000000 x26=0x000004d3
     292125.000 ns	     29211	800063d8	cfa16493	ori	x9,x2,-774	  x2:0x00000002  x9=0xfffffcfa
     292145.000 ns	     29213	800063dc	200da453	fsgnjx.s	f8,f27,f0	 f27:0x3f800000  f0:0xcebf13db  f8=0xbf800000
     292175.000 ns	     29216	800063e0	29001f53	fmax.s	f30,f0,f16	  f0:0xcebf13db f16:0x3f800000 f30=0x3f800000
     292215.000 ns	     29220	800063e4	580e3453	fsqrt.s	f8,f28	 f28:0x7fc00000  f8=0x7fc00000
     292235.000 ns	     29222	800063e8	00000013	addi	x0,x0,0	  x0:0x00000000
     292275.000 ns	     29226	800063ec	01487fd3	fadd.s	f31,f16,f20	 f16:0x3f800000 f20:0x7fc00000 f31=0x7fc00000
     292305.000 ns	     29229	800063f0	02719cb3	mulh	x25,x3,x7	  x3:0x02000467  x7:0x00000000 x25=0x00000000
     292325.000 ns	     29231	800063f4	01417ab3	and	x21,x2,x20	  x2:0x00000002 x20:0x00000000 x21=0x00000000
     292345.000 ns	     29233	800063f8	c004f553	fcvt.w.s	x10,f9	  f9:0xffc00000 x10=0x7fffffff
     292365.000 ns	     29235	800063fc	00f9feb3	and	x29,x19,x15	 x19:0x00000001 x15:0x00000001 x29=0x00000001
     292375.000 ns	     29236	80006400	005cf033	and	x0,x25,x5	 x25:0x00000000  x5:0x00000000
     292385.000 ns	     29237	80006404	00000013	addi	x0,x0,0	  x0:0x00000000
     292405.000 ns	     29239	80006408	2069a453	fsgnjx.s	f8,f19,f6	 f19:0x7fc00000  f6:0x7fc00000  f8=0x7fc00000
     292435.000 ns	     29242	8000640c	e0058c53	fmv.x.w	x24,f11	 f11:0x00000000 x24=0x00000000
     292455.000 ns	     29244	80006410	01f59793	slli	x15,x11,0x1f	 x11:0xffffffff x15=0x80000000
     292475.000 ns	     29246	80006414	02ee1a33	mulh	x20,x28,x14	 x28:0x00000000 x14:0x80041024 x20=0x00000000
     292505.000 ns	     29249	80006418	02c4e4b3	rem	x9,x9,x12	  x9:0xfffffcfa x12:0x00000000  x9=0xfffffcfa
     292535.000 ns	     29252	8000641c	032a1e33	mulh	x28,x20,x18	 x20:0x00000000 x18:0x80040fe4 x28=0x00000000
     292565.000 ns	     29255	80006420	21868953	fsgnj.s	f18,f13,f24	 f13:0x7fc00000 f24:0x4dffffff f18=0x7fc00000
     292595.000 ns	     29258	80006424	023f9633	mulh	x12,x31,x3	 x31:0x00000000  x3:0x02000467 x12=0x00000000
     292615.000 ns	     29260	80006428	f4064493	xori	x9,x12,-192	 x12:0x00000000  x9=0xffffff40
     292625.000 ns	     29261	8000642c	01923c33	sltu	x24,x4,x25	  x4:0xfffffeff x25:0x00000000 x24=0x00000000
     292985.000 ns	     29297	80006430	02f944b3	div	x9,x18,x15	 x18:0x80040fe4 x15:0x80000000  x9=0x00000000
     293015.000 ns	     29300	80006434	02359c33	mulh	x24,x11,x3	 x11:0xffffffff  x3:0x02000467 x24=0xffffffff
     293045.000 ns	     29303	80006438	025f47b3	div	x15,x30,x5	 x30:0x00000000  x5:0x00000000 x15=0xffffffff
     293075.000 ns	     29306	8000643c	02056e33	rem	x28,x10,x0	 x10:0x7fffffff  x0:0x00000000 x28=0x7fffffff
     293105.000 ns	     29309	80006440	290817d3	fmax.s	f15,f16,f16	 f16:0x3f800000 f16:0x3f800000 f15=0x3f800000
     293125.000 ns	     29311	80006444	01add493	srli	x9,x27,0x1a	 x27:0x00000001  x9=0x00000000
     293485.000 ns	     29347	80006448	03336db3	rem	x27,x6,x19	  x6:0x00000001 x19:0x00000001 x27=0x00000000
     293515.000 ns	     29350	8000644c	c017c5d3	fcvt.wu.s	x11,f15	 f15:0x3f800000 x11=0x00000001
     293555.000 ns	     29354	80006450	18ff84d3	fdiv.s	f9,f31,f15	 f31:0x7fc00000 f15:0x3f800000  f9=0x7fc00000
     293585.000 ns	     29357	80006454	02c996b3	mulh	x13,x19,x12	 x19:0x00000001 x12:0x00000000 x13=0x00000000
     293955.000 ns	     29394	80006458	037f6a33	rem	x20,x30,x23	 x30:0x00000000 x23:0x000001f0 x20=0x00000000
     294325.000 ns	     29431	8000645c	02fcc133	div	x2,x25,x15	 x25:0x00000000 x15:0xffffffff  x2=0x00000000
     294365.000 ns	     29435	80006460	58017fd3	fsqrt.s	f31,f2	  f2:0x00000000 f31=0x00000000
     294385.000 ns	     29437	80006464	4d5db593	sltiu	x11,x27,1237	 x27:0x00000000 x11=0x00000001
     294395.000 ns	     29438	80006468	9fc9bb93	sltiu	x23,x19,-1540	 x19:0x00000001 x23=0x00000001
     294405.000 ns	     29439	8000646c	01325d33	srl	x26,x4,x19	  x4:0xfffffeff x19:0x00000001 x26=0x7fffff7f
     294425.000 ns	     29441	80006470	025bafb3	mulhsu	x31,x23,x5	 x23:0x000001f0  x5:0x00000000 x31=0x00000000
     294445.000 ns	     29443	80006474	00872c33	slt	x24,x14,x8	 x14:0x80041024  x8:0x00000000 x24=0x00000001
     294455.000 ns	     29444	80006478	f97db993	sltiu	x19,x27,-105	 x27:0x00000000 x19=0x00000001
     294475.000 ns	     29446	8000647c	0224feb3	remu	x29,x9,x2	  x9:0x00000000  x2:0x00000000 x29=0x00000000
     294515.000 ns	     29450	80006480	10bf0953	fmul.s	f18,f30,f11	 f30:0x3f800000 f11:0x00000000 f18=0x00000000
     294535.000 ns	     29452	80006484	85f6c093	xori	x1,x13,-1953	 x13:0x00000000  x1=0xfffff85f
     294545.000 ns	     29453	80006488	01c71693	slli	x13,x14,0x1c	 x14:0x80041024 x13=0x40000000
     294555.000 ns	     29454	8000648c	83637e13	andi	x28,x6,-1994	  x6:0x00000001 x28=0x00000000
     294575.000 ns	     29456	80006490	28bb16d3	fmax.s	f13,f22,f11	 f22:0x3f7ffee6 f11:0x00000000 f13=0x3f7ffee6
     294615.000 ns	     29460	80006494	1875f153	fdiv.s	f2,f11,f7	 f11:0x00000000  f7:0x3f7fffae  f2=0x00000000
     294635.000 ns	     29462	80006498	a808b517	auipc	x10,0xa808b	 x10=0x28091498
     294655.000 ns	     29464	8000649c	290c8e53	fmin.s	f28,f25,f16	 f25:0x00000000 f16:0x3f800000 f28=0x00000000
     294675.000 ns	     29466	800064a0	01a5cc33	xor	x24,x11,x26	 x11:0x00000001 x26:0x7fffff7f x24=0x7fffff7e
     294695.000 ns	     29468	800064a4	02c2bb33	mulhu	x22,x5,x12	  x5:0x00000000 x12:0x00000000 x22=0x00000000
     294715.000 ns	     29470	800064a8	01d1fdb3	and	x27,x3,x29	  x3:0x02000467 x29:0x00000000 x27=0x00000000
     294755.000 ns	     29474	800064ac	08597e53	fsub.s	f28,f18,f5	 f18:0x00000000  f5:0x00000000 f28=0x80000000
     294775.000 ns	     29476	800064b0	aca5ea97	auipc	x21,0xaca5e	 x21=0x2ca644b0
     294785.000 ns	     29477	800064b4	01c822b3	slt	x5,x16,x28	 x16:0x00000002 x28:0x00000000  x5=0x00000000
     294805.000 ns	     29479	800064b8	a0f40553	fle.s	x10,f8,f15	  f8:0x7fc00000 f15:0x3f800000 x10=0x00000000
     294825.000 ns	     29481	800064bc	41635bb3	sra	x23,x6,x22	  x6:0x00000001 x22:0x00000000 x23=0x00000001
     294845.000 ns	     29483	800064c0	f00200d3	fmv.w.x	f1,x4	  x4:0xfffffeff  f1=0xfffffeff
     294865.000 ns	     29485	800064c4	008a2633	slt	x12,x20,x8	 x20:0x00000000  x8:0x00000000 x12=0x00000000
     294895.000 ns	     29488	800064c8	10507b53	fmul.s	f22,f0,f5	  f0:0xcebf13db  f5:0x00000000 f22=0x80000000
     294915.000 ns	     29490	800064cc	00e455b3	srl	x11,x8,x14	  x8:0x00000000 x14:0x80041024 x11=0x00000000
     294925.000 ns	     29491	800064d0	a2027093	andi	x1,x4,-1504	  x4:0xfffffeff  x1=0xfffffa20
     294965.000 ns	     29495	800064d4	094f1ed3	fsub.s	f29,f30,f20	 f30:0x3f800000 f20:0x7fc00000 f29=0x7fc00000
     294985.000 ns	     29497	800064d8	0101d633	srl	x12,x3,x16	  x3:0x02000467 x16:0x00000002 x12=0x00800119
     295005.000 ns	     29499	800064dc	20f48053	fsgnj.s	f0,f9,f15	  f9:0x7fc00000 f15:0x3f800000  f0=0x7fc00000
     295025.000 ns	     29501	800064e0	526b0d13	addi	x26,x22,1318	 x22:0x00000000 x26=0x00000526
     295035.000 ns	     29502	800064e4	00a54db3	xor	x27,x10,x10	 x10:0x00000000 x10:0x00000000 x27=0x00000000
     295045.000 ns	     29503	800064e8	7eb3fe37	lui	x28,0x7eb3f	 x28=0x7eb3f000
     295055.000 ns	     29504	800064ec	2475a413	slti	x8,x11,583	 x11:0x00000000  x8=0x00000001
     295065.000 ns	     29505	800064f0	eccef193	andi	x3,x29,-308	 x29:0x00000000  x3=0x00000000
     295425.000 ns	     29541	800064f4	03c963b3	rem	x7,x18,x28	 x18:0x80040fe4 x28:0x7eb3f000  x7=0xfeb7ffe4
     295445.000 ns	     29543	800064f8	40eed393	srai	x7,x29,0xe	 x29:0x00000000  x7=0x00000000
     295805.000 ns	     29579	800064fc	02c3c2b3	div	x5,x7,x12	  x7:0xfeb7ffe4 x12:0x00800119  x5=0x00000000
     295825.000 ns	     29581	80006500	40f1db93	srai	x23,x3,0xf	  x3:0x00000000 x23=0x00000000
     295845.000 ns	     29583	80006504	c00e7cd3	fcvt.w.s	x25,f28	 f28:0x80000000 x25=0x00000000
     295875.000 ns	     29586	80006508	21a82d53	fsgnjx.s	f26,f16,f26	 f16:0x3f800000 f26:0x4f000000 f26=0x3f800000
     296245.000 ns	     29623	8000650c	02115fb3	divu	x31,x2,x1	  x2:0x00000000  x1:0xfffffa20 x31=0x00000000
     296265.000 ns	     29625	80006510	58fb6693	ori	x13,x22,1423	 x22:0x00000000 x13=0x0000058f
     296625.000 ns	     29661	80006514	02faeab3	rem	x21,x21,x15	 x21:0x2ca644b0 x15:0xffffffff x21=0x00000000
     296665.000 ns	     29665	80006518	580ffcd3	fsqrt.s	f25,f31	 f31:0x00000000 f25=0x00000000
     296695.000 ns	     29668	8000651c	02838633	mul	x12,x7,x8	  x7:0x00000000  x8:0x00000001 x12=0x00000000
     296715.000 ns	     29670	80006520	4100da93	srai	x21,x1,0x10	  x1:0xfffffa20 x21=0xffffffff
     296725.000 ns	     29671	80006524	fad5a013	slti	x0,x11,-83	 x11:0x00000000
     296735.000 ns	     29672	80006528	37dbaa93	slti	x21,x23,893	 x23:0x00000000 x21=0x00000001
     296745.000 ns	     29673	8000652c	00c3d893	srli	x17,x7,0xc	  x7:0x00000000 x17=0x00000000
     296755.000 ns	     29674	80006530	0145d013	srli	x0,x11,0x14	 x11:0x00000000
     296775.000 ns	     29676	80006534	c012ffd3	fcvt.wu.s	x31,f5	  f5:0x00000000 x31=0x00000000
     296815.000 ns	     29680	80006538	115bf953	fmul.s	f18,f23,f21	 f23:0xffc00000 f21:0x00000000 f18=0x7fc00000
     296835.000 ns	     29682	8000653c	01c94ab3	xor	x21,x18,x28	 x18:0x80040fe4 x28:0x7eb3f000 x21=0xfeb7ffe4
     296855.000 ns	     29684	80006540	0385bd33	mulhu	x26,x11,x24	 x11:0x00000000 x24:0x7fffff7e x26=0x00000000
     296885.000 ns	     29687	80006544	0226c0b3	div	x1,x13,x2	 x13:0x0000058f  x2:0x00000000  x1=0xffffffff
     296915.000 ns	     29690	80006548	02bec433	div	x8,x29,x11	 x29:0x00000000 x11:0x00000000  x8=0xffffffff
     296945.000 ns	     29693	8000654c	03b680b3	mul	x1,x13,x27	 x13:0x0000058f x27:0x00000000  x1=0x00000000
     296965.000 ns	     29695	80006550	01b91f13	slli	x30,x18,0x1b	 x18:0x80040fe4 x30=0x20000000
     296985.000 ns	     29697	80006554	206a2ed3	fsgnjx.s	f29,f20,f6	 f20:0x7fc00000  f6:0x7fc00000 f29=0x7fc00000
     297015.000 ns	     29700	80006558	201a9753	fsgnjn.s	f14,f21,f1	 f21:0x00000000  f1:0xfffffeff f14=0x00000000
     297045.000 ns	     29703	8000655c	03b94fb3	div	x31,x18,x27	 x18:0x80040fe4 x27:0x00000000 x31=0xffffffff
     297065.000 ns	     29705	80006560	000bb0b3	sltu	x1,x23,x0	 x23:0x00000000  x0:0x00000000  x1=0x00000000
     297095.000 ns	     29708	80006564	191974d3	fdiv.s	f9,f18,f17	 f18:0x7fc00000 f17:0x7fc00000  f9=0x7fc00000
     297125.000 ns	     29711	80006568	21b98653	fsgnj.s	f12,f19,f27	 f19:0x7fc00000 f27:0x3f800000 f12=0x7fc00000
     297145.000 ns	     29713	8000656c	00d7c4b3	xor	x9,x15,x13	 x15:0xffffffff x13:0x0000058f  x9=0xfffffa70
     297165.000 ns	     29715	80006570	a1690353	fle.s	x6,f18,f22	 f18:0x7fc00000 f22:0x80000000  x6=0x00000000
     297185.000 ns	     29717	80006574	01f19c93	slli	x25,x3,0x1f	  x3:0x00000000 x25=0x00000000
     297205.000 ns	     29719	80006578	e00c8553	fmv.x.w	x10,f25	 f25:0x00000000 x10=0x00000000
     297255.000 ns	     29724	8000657c	0155cc53	fadd.s	f24,f11,f21	 f11:0x00000000 f21:0x00000000 f24=0x00000000
     297275.000 ns	     29726	80006580	00c03233	sltu	x4,x0,x12	  x0:0x00000000 x12:0x00000000  x4=0x00000000
     297285.000 ns	     29727	80006584	01595c13	srli	x24,x18,0x15	 x18:0x80040fe4 x24=0x00000400
     297295.000 ns	     29728	80006588	41780c33	sub	x24,x16,x23	 x16:0x00000002 x23:0x00000000 x24=0x00000002
     297315.000 ns	     29730	8000658c	e0079153	fclass.s	x2,f15	 f15:0x3f800000  x2=0x00000040
     297345.000 ns	     29733	80006590	029b3cb3	mulhu	x25,x22,x9	 x22:0x00000000  x9:0xfffffa70 x25=0x00000000
     297375.000 ns	     29736	80006594	027c1eb3	mulh	x29,x24,x7	 x24:0x00000002  x7:0x00000000 x29=0x00000000
     297425.000 ns	     29741	80006598	01c974d3	fadd.s	f9,f18,f28	 f18:0x7fc00000 f28:0x80000000  f9=0x7fc00000
     297455.000 ns	     29744	8000659c	283a00d3	fmin.s	f1,f20,f3	 f20:0x7fc00000  f3:0x00000000  f1=0x00000000
     297475.000 ns	     29746	800065a0	6e316f93	ori	x31,x2,1763	  x2:0x00000040 x31=0x000006e3
     297505.000 ns	     29749	800065a4	100279d3	fmul.s	f19,f4,f0	  f4:0x00000000  f0:0x7fc00000 f19=0x7fc00000
     297875.000 ns	     29786	800065a8	02f5f633	remu	x12,x11,x15	 x11:0x00000000 x15:0xffffffff x12=0x00000000
     297895.000 ns	     29788	800065ac	818f6b93	ori	x23,x30,-2024	 x30:0x20000000 x23=0xfffff818
     297905.000 ns	     29789	800065b0	00e60bb3	add	x23,x12,x14	 x12:0x00000000 x14:0x80041024 x23=0x80041024
     297925.000 ns	     29791	800065b4	0215ddb3	divu	x27,x11,x1	 x11:0x00000000  x1:0x00000000 x27=0xffffffff
     297955.000 ns	     29794	800065b8	c01d1053	fcvt.wu.s	x0,f26	 f26:0x3f800000
     297985.000 ns	     29797	800065bc	f00b0d53	fmv.w.x	f26,x22	 x22:0x00000000 f26=0x00000000
     298015.000 ns	     29800	800065c0	03161033	mulh	x0,x12,x17	 x12:0x00000000 x17:0x00000000
     298065.000 ns	     29805	800065c4	091977d3	fsub.s	f15,f18,f17	 f18:0x7fc00000 f17:0x7fc00000 f15=0x7fc00000
     298095.000 ns	     29808	800065c8	a17c9253	flt.s	x4,f25,f23	 f25:0x00000000 f23:0xffc00000  x4=0x00000000
     298125.000 ns	     29811	800065cc	031567b3	rem	x15,x10,x17	 x10:0x00000000 x17:0x00000000 x15=0x00000000
     298145.000 ns	     29813	800065d0	8c3c3117	auipc	x2,0x8c3c3	  x2=0x0c3c95d0
     298155.000 ns	     29814	800065d4	41e55f33	sra	x30,x10,x30	 x10:0x00000000 x30:0x20000000 x30=0x00000000
     298175.000 ns	     29816	800065d8	29d30953	fmin.s	f18,f6,f29	  f6:0x7fc00000 f29:0x7fc00000 f18=0x7fc00000
     298545.000 ns	     29853	800065dc	03037a33	remu	x20,x6,x16	  x6:0x00000000 x16:0x00000002 x20=0x00000000
     298565.000 ns	     29855	800065e0	00ab16b3	sll	x13,x22,x10	 x22:0x00000000 x10:0x00000000 x13=0x00000000
     298575.000 ns	     29856	800065e4	362dfb93	andi	x23,x27,866	 x27:0xffffffff x23=0x00000362
     298595.000 ns	     29858	800065e8	e00d18d3	fclass.s	x17,f26	 f26:0x00000000 x17=0x00000010
     298625.000 ns	     29861	800065ec	2034af53	fsgnjx.s	f30,f9,f3	  f9:0x7fc00000  f3:0x00000000 f30=0x7fc00000
     298655.000 ns	     29864	800065f0	03e3ef33	rem	x30,x7,x30	  x7:0x00000000 x30:0x00000000 x30=0x00000000
     298685.000 ns	     29867	800065f4	205591d3	fsgnjn.s	f3,f11,f5	 f11:0x00000000  f5:0x00000000  f3=0x80000000
     298715.000 ns	     29870	800065f8	a1401453	flt.s	x8,f0,f20	  f0:0x7fc00000 f20:0x7fc00000  x8=0x00000000
     298735.000 ns	     29872	800065fc	0196f333	and	x6,x13,x25	 x13:0x00000000 x25:0x00000000  x6=0x00000000
     298755.000 ns	     29874	80006600	28b416d3	fmax.s	f13,f8,f11	  f8:0x7fc00000 f11:0x00000000 f13=0x00000000
     298785.000 ns	     29877	80006604	e00514d3	fclass.s	x9,f10	 f10:0x7fc00000  x9=0x00000200
     298805.000 ns	     29879	80006608	47533f93	sltiu	x31,x6,1141	  x6:0x00000000 x31=0x00000001
     298815.000 ns	     29880	8000660c	017a2b33	slt	x22,x20,x23	 x20:0x00000000 x23:0x00000362 x22=0x00000001
     298835.000 ns	     29882	80006610	d00da753	fcvt.s.w	f14,x27	 x27:0xffffffff f14=0xbf800000
     298855.000 ns	     29884	80006614	01166f33	or	x30,x12,x17	 x12:0x00000000 x17:0x00000010 x30=0x00000010
     298865.000 ns	     29885	80006618	003d52b3	srl	x5,x26,x3	 x26:0x00000000  x3:0x00000000  x5=0x00000000
     298905.000 ns	     29889	8000661c	008d0953	fadd.s	f18,f26,f8	 f26:0x00000000  f8:0x7fc00000 f18=0x7fc00000
     298925.000 ns	     29891	80006620	409b5eb3	sra	x29,x22,x9	 x22:0x00000001  x9:0x00000200 x29=0x00000001
     299285.000 ns	     29927	80006624	0290ceb3	div	x29,x1,x9	  x1:0x00000000  x9:0x00000200 x29=0x00000000
     299325.000 ns	     29931	80006628	1951c053	fdiv.s	f0,f3,f21	  f3:0x80000000 f21:0x00000000  f0=0x7fc00000
     299355.000 ns	     29934	8000662c	02c1b4b3	mulhu	x9,x3,x12	  x3:0x00000000 x12:0x00000000  x9=0x00000000
     299385.000 ns	     29937	80006630	21d59853	fsgnjn.s	f16,f11,f29	 f11:0x00000000 f29:0x7fc00000 f16=0x80000000
     299415.000 ns	     29940	80006634	e00e1ad3	fclass.s	x21,f28	 f28:0x80000000 x21=0x00000008
     299445.000 ns	     29943	80006638	c00470d3	fcvt.w.s	x1,f8	  f8:0x7fc00000  x1=0x7fffffff
     299475.000 ns	     29946	8000663c	f00d85d3	fmv.w.x	f11,x27	 x27:0xffffffff f11=0xffffffff
     299495.000 ns	     29948	80006640	009e25b3	slt	x11,x28,x9	 x28:0x7eb3f000  x9:0x00000000 x11=0x00000000
     299505.000 ns	     29949	80006644	01842f33	slt	x30,x8,x24	  x8:0x00000000 x24:0x00000002 x30=0x00000001
     299515.000 ns	     29950	80006648	018992b3	sll	x5,x19,x24	 x19:0x00000001 x24:0x00000002  x5=0x00000004
     299535.000 ns	     29952	8000664c	a19f2ed3	feq.s	x29,f30,f25	 f30:0x7fc00000 f25:0x00000000 x29=0x00000000
     299555.000 ns	     29954	80006650	4baf3e93	sltiu	x29,x30,1210	 x30:0x00000001 x29=0x00000001
     299915.000 ns	     29990	80006654	037bc7b3	div	x15,x23,x23	 x23:0x00000362 x23:0x00000362 x15=0x00000001
     299935.000 ns	     29992	80006658	fce8a793	slti	x15,x17,-50	 x17:0x00000010 x15=0x00000000
     299955.000 ns	     29994	8000665c	21549753	fsgnjn.s	f14,f9,f21	  f9:0x7fc00000 f21:0x00000000 f14=0xffc00000
     299985.000 ns	     29997	80006660	a1828f53	fle.s	x30,f5,f24	  f5:0x00000000 f24:0x00000000 x30=0x00000001
     300005.000 ns	     29999	80006664	41585213	srai	x4,x16,0x15	 x16:0x00000002  x4=0x00000000
     300025.000 ns	     30001	80006668	a1c193d3	flt.s	x7,f3,f28	  f3:0x80000000 f28:0x80000000  x7=0x00000000
     300075.000 ns	     30006	8000666c	007afe53	fadd.s	f28,f21,f7	 f21:0x00000000  f7:0x3f7fffae f28=0x3f7fffae
     300105.000 ns	     30009	80006670	219216d3	fsgnjn.s	f13,f4,f25	  f4:0x00000000 f25:0x00000000 f13=0x80000000
     300135.000 ns	     30012	80006674	29421753	fmax.s	f14,f4,f20	  f4:0x00000000 f20:0x7fc00000 f14=0x00000000
     300155.000 ns	     30014	80006678	005e5893	srli	x17,x28,0x5	 x28:0x7eb3f000 x17=0x03f59f80
     300175.000 ns	     30016	8000667c	c00c0453	fcvt.w.s	x8,f24	 f24:0x00000000  x8=0x00000000
     300205.000 ns	     30019	80006680	02f35233	divu	x4,x6,x15	  x6:0x00000000 x15:0x00000000  x4=0xffffffff
     300575.000 ns	     30056	80006684	031c4e33	div	x28,x24,x17	 x24:0x00000002 x17:0x03f59f80 x28=0x00000000
     300605.000 ns	     30059	80006688	a0df2153	feq.s	x2,f30,f13	 f30:0x7fc00000 f13:0x80000000  x2=0x00000000
     300655.000 ns	     30064	8000668c	00c7fed3	fadd.s	f29,f15,f12	 f15:0x7fc00000 f12:0x7fc00000 f29=0x7fc00000
     300675.000 ns	     30066	80006690	00b34033	xor	x0,x6,x11	  x6:0x00000000 x11:0x00000000
     300695.000 ns	     30068	80006694	03eda5b3	mulhsu	x11,x27,x30	 x27:0xffffffff x30:0x00000001 x11=0xffffffff
     300715.000 ns	     30070	80006698	00479a93	slli	x21,x15,0x4	 x15:0x00000000 x21=0x00000000
     300735.000 ns	     30072	8000669c	d00c1253	fcvt.s.w	f4,x24	 x24:0x00000002  f4=0x40000000
     300765.000 ns	     30075	800066a0	e0089d53	fclass.s	x26,f17	 f17:0x7fc00000 x26=0x00000200
     300795.000 ns	     30078	800066a4	0268aa33	mulhsu	x20,x17,x6	 x17:0x03f59f80  x6:0x00000000 x20=0x00000000
     300825.000 ns	     30081	800066a8	f00f8553	fmv.w.x	f10,x31	 x31:0x00000001 f10=0x00000001
     300865.000 ns	     30085	800066ac	192313d3	fdiv.s	f7,f6,f18	  f6:0x7fc00000 f18:0x7fc00000  f7=0x7fc00000
     300895.000 ns	     30088	800066b0	c01c42d3	fcvt.wu.s	x5,f24	 f24:0x00000000  x5=0x00000000
     300925.000 ns	     30091	800066b4	034a37b3	mulhu	x15,x20,x20	 x20:0x00000000 x20:0x00000000 x15=0x00000000
     300945.000 ns	     30093	800066b8	e93dea13	ori	x20,x27,-365	 x27:0xffffffff x20=0xffffffff
     300965.000 ns	     30095	800066bc	02789a33	mulh	x20,x17,x7	 x17:0x03f59f80  x7:0x00000000 x20=0x00000000
     300995.000 ns	     30098	800066c0	026364b3	rem	x9,x6,x6	  x6:0x00000000  x6:0x00000000  x9=0x00000000
     301365.000 ns	     30135	800066c4	02b3da33	divu	x20,x7,x11	  x7:0x00000000 x11:0xffffffff x20=0x00000000
     301385.000 ns	     30137	800066c8	00c5e133	or	x2,x11,x12	 x11:0xffffffff x12:0x00000000  x2=0xffffffff
     301745.000 ns	     30173	800066cc	022ed533	divu	x10,x29,x2	 x29:0x00000001  x2:0x00000000 x10=0x00000000
     301785.000 ns	     30177	800066d0	580a7753	fsqrt.s	f14,f20	 f20:0x7fc00000 f14=0x7fc00000
     301805.000 ns	     30179	800066d4	016b49b3	xor	x19,x22,x22	 x22:0x00000001 x22:0x00000001 x19=0x00000000
     301815.000 ns	     30180	800066d8	012e1893	slli	x17,x28,0x12	 x28:0x00000000 x17=0x00000000
     301825.000 ns	     30181	800066dc	01ffef37	lui	x30,0x1ffe	 x30=0x01ffe000
     301865.000 ns	     30185	800066e0	097ef3d3	fsub.s	f7,f29,f23	 f29:0x7fc00000 f23:0xffc00000  f7=0x7fc00000
     301885.000 ns	     30187	800066e4	00000013	addi	x0,x0,0	  x0:0x00000000
     301905.000 ns	     30189	800066e8	20022953	fsgnjx.s	f18,f4,f0	  f4:0x40000000  f0:0x7fc00000 f18=0x40000000
     301935.000 ns	     30192	800066ec	e00e8653	fmv.x.w	x12,f29	 f29:0x7fc00000 x12=0x7fc00000
     301965.000 ns	     30195	800066f0	e0029fd3	fclass.s	x31,f5	  f5:0x00000000 x31=0x00000010
     301995.000 ns	     30198	800066f4	03532633	mulhsu	x12,x6,x21	  x6:0x00000000 x21:0x00000000 x12=0x00000000
     302015.000 ns	     30200	800066f8	41688bb3	sub	x23,x17,x22	 x17:0x00000000 x22:0x00000001 x23=0xffffffff
     302025.000 ns	     30201	800066fc	5c9cca93	xori	x21,x25,1481	 x25:0x00000000 x21=0x000005c9
     302045.000 ns	     30203	80006700	e00106d3	fmv.x.w	x13,f2	  f2:0x00000000 x13=0x00000000
     302075.000 ns	     30206	80006704	03cc0b33	mul	x22,x24,x28	 x24:0x00000002 x28:0x00000000 x22=0x00000000
     302105.000 ns	     30209	80006708	a1eb26d3	feq.s	x13,f22,f30	 f22:0x80000000 f30:0x7fc00000 x13=0x00000000
     302125.000 ns	     30211	8000670c	019157b3	srl	x15,x2,x25	  x2:0xffffffff x25:0x00000000 x15=0xffffffff
     302485.000 ns	     30247	80006710	03a6dd33	divu	x26,x13,x26	 x13:0x00000000 x26:0x00000200 x26=0x00000000
     302515.000 ns	     30250	80006714	a1a580d3	fle.s	x1,f11,f26	 f11:0xffffffff f26:0x00000000  x1=0x00000000
     302545.000 ns	     30253	80006718	036a5d33	divu	x26,x20,x22	 x20:0x00000000 x22:0x00000000 x26=0xffffffff
     302575.000 ns	     30256	8000671c	021c7033	remu	x0,x24,x1	 x24:0x00000002  x1:0x00000000
     302595.000 ns	     30258	80006720	9a023fb7	lui	x31,0x9a023	 x31=0x9a023000
     302615.000 ns	     30260	80006724	291c8fd3	fmin.s	f31,f25,f17	 f25:0x00000000 f17:0x7fc00000 f31=0x00000000
     302635.000 ns	     30262	80006728	010b9293	slli	x5,x23,0x10	 x23:0xffffffff  x5=0xffff0000
     302645.000 ns	     30263	8000672c	20526013	ori	x0,x4,517	  x4:0xffffffff
     302655.000 ns	     30264	80006730	649fb393	sltiu	x7,x31,1609	 x31:0x9a023000  x7=0x00000000
     302675.000 ns	     30266	80006734	283500d3	fmin.s	f1,f10,f3	 f10:0x00000001  f3:0x80000000  f1=0x80000000
     302715.000 ns	     30270	80006738	58003dd3	fsqrt.s	f27,f0	  f0:0x7fc00000 f27=0x7fc00000
     302735.000 ns	     30272	8000673c	1d143113	sltiu	x2,x8,465	  x8:0x00000000  x2=0x00000001
     302745.000 ns	     30273	80006740	dc258a13	addi	x20,x11,-574	 x11:0xffffffff x20=0xfffffdc1
     302765.000 ns	     30275	80006744	02aa6ab3	rem	x21,x20,x10	 x20:0x00000000 x10:0x00000000 x21=0xfffffdc1
     302795.000 ns	     30278	80006748	035799b3	mulh	x19,x15,x21	 x15:0xffffffff x21:0x000005c9 x19=0x00000000
     302815.000 ns	     30280	8000674c	ee840d97	auipc	x27,0xee840	 x27=0x6e84674c
     302835.000 ns	     30282	80006750	0219f633	remu	x12,x19,x1	 x19:0x00000000  x1:0x00000000 x12=0x00000000
     302865.000 ns	     30285	80006754	297e9753	fmax.s	f14,f29,f23	 f29:0x7fc00000 f23:0xffc00000 f14=0x7fc00000
     302885.000 ns	     30287	80006758	01c805b3	add	x11,x16,x28	 x16:0x00000002 x28:0x00000000 x11=0x00000002
     302905.000 ns	     30289	8000675c	c01228d3	fcvt.wu.s	x17,f4	  f4:0x40000000 x17=0x00000002
     302935.000 ns	     30292	80006760	c00030d3	fcvt.w.s	x1,f0	  f0:0x7fc00000  x1=0x7fffffff
     302965.000 ns	     30295	80006764	0304a333	mulhsu	x6,x9,x16	  x9:0x00000000 x16:0x00000002  x6=0x00000000
     302985.000 ns	     30297	80006768	01d0da13	srli	x20,x1,0x1d	  x1:0x7fffffff x20=0x00000003
     303005.000 ns	     30299	8000676c	020337b3	mulhu	x15,x6,x0	  x6:0x00000000  x0:0x00000000 x15=0x00000000
     303375.000 ns	     30336	80006770	03d77fb3	remu	x31,x14,x29	 x14:0x80041024 x29:0x00000001 x31=0x00000000
     303395.000 ns	     30338	80006774	413f8bb3	sub	x23,x31,x19	 x31:0x9a023000 x19:0x00000000 x23=0x00000000
     303755.000 ns	     30374	80006778	03e94f33	div	x30,x18,x30	 x18:0x80040fe4 x30:0x01ffe000 x30=0xffffffc0
     303785.000 ns	     30377	8000677c	03ff0133	mul	x2,x30,x31	 x30:0x01ffe000 x31:0x00000000  x2=0x00000000
     303805.000 ns	     30379	80006780	402d50b3	sra	x1,x26,x2	 x26:0xffffffff  x2:0x00000001  x1=0xffffffff
     303815.000 ns	     30380	80006784	008521b3	slt	x3,x10,x8	 x10:0x00000000  x8:0x00000000  x3=0x00000000
     303835.000 ns	     30382	80006788	039c0ab3	mul	x21,x24,x25	 x24:0x00000002 x25:0x00000000 x21=0x00000000
     303865.000 ns	     30385	8000678c	03f818b3	mulh	x17,x16,x31	 x16:0x00000002 x31:0x00000000 x17=0x00000000
     303895.000 ns	     30388	80006790	a0cba553	feq.s	x10,f23,f12	 f23:0xffc00000 f12:0x7fc00000 x10=0x00000000
     303925.000 ns	     30391	80006794	023c8ab3	mul	x21,x25,x3	 x25:0x00000000  x3:0x00000000 x21=0x00000000
     303955.000 ns	     30394	80006798	f00580d3	fmv.w.x	f1,x11	 x11:0x00000002  f1=0x00000002
     303985.000 ns	     30397	8000679c	d013f853	fcvt.s.wu	f16,x7	  x7:0x00000000 f16=0x00000000
     304035.000 ns	     30402	800067a0	0868ac53	fsub.s	f24,f17,f6	 f17:0x7fc00000  f6:0x7fc00000 f24=0x7fc00000
     304065.000 ns	     30405	800067a4	a0bf88d3	fle.s	x17,f31,f11	 f31:0x00000000 f11:0xffffffff x17=0x00000000
     304085.000 ns	     30407	800067a8	31a37993	andi	x19,x6,794	  x6:0x00000000 x19=0x00000000
     304105.000 ns	     30409	800067ac	02aa9433	mulh	x8,x21,x10	 x21:0x00000000 x10:0x00000000  x8=0x00000000
     304145.000 ns	     30413	800067b0	58088e53	fsqrt.s	f28,f17	 f17:0x7fc00000 f28=0x7fc00000
     304185.000 ns	     30417	800067b4	18cdf253	fdiv.s	f4,f27,f12	 f27:0x7fc00000 f12:0x7fc00000  f4=0x7fc00000
     304225.000 ns	     30421	800067b8	58007fd3	fsqrt.s	f31,f0	  f0:0x7fc00000 f31=0x7fc00000
     304245.000 ns	     30423	800067bc	41b05d33	sra	x26,x0,x27	  x0:0x00000000 x27:0x6e84674c x26=0x00000000
     304265.000 ns	     30425	800067c0	a1a286d3	fle.s	x13,f5,f26	  f5:0x00000000 f26:0x00000000 x13=0x00000001
     304305.000 ns	     30429	800067c4	580a7cd3	fsqrt.s	f25,f20	 f20:0x7fc00000 f25=0x7fc00000
     304325.000 ns	     30431	800067c8	00aeb0b3	sltu	x1,x29,x10	 x29:0x00000001 x10:0x00000000  x1=0x00000000
     304345.000 ns	     30433	800067cc	f0048a53	fmv.w.x	f20,x9	  x9:0x00000000 f20=0x00000000
     304365.000 ns	     30435	800067d0	01b2c5b3	xor	x11,x5,x27	  x5:0xffff0000 x27:0x6e84674c x11=0x917b674c
     304375.000 ns	     30436	800067d4	4103d513	srai	x10,x7,0x10	  x7:0x00000000 x10=0x00000000
     304395.000 ns	     30438	800067d8	a1531d53	flt.s	x26,f6,f21	  f6:0x7fc00000 f21:0x00000000 x26=0x00000000
     304425.000 ns	     30441	800067dc	02a722b3	mulhsu	x5,x14,x10	 x14:0x80041024 x10:0x00000000  x5=0x00000000
     304465.000 ns	     30445	800067e0	1818f7d3	fdiv.s	f15,f17,f1	 f17:0x7fc00000  f1:0x00000002 f15=0x7fc00000
     304485.000 ns	     30447	800067e4	01103f33	sltu	x30,x0,x17	  x0:0x00000000 x17:0x00000000 x30=0x00000000
     304495.000 ns	     30448	800067e8	6fb86b93	ori	x23,x16,1787	 x16:0x00000002 x23=0x000006fb
     304515.000 ns	     30450	800067ec	d0097f53	fcvt.s.w	f30,x18	 x18:0x80040fe4 f30=0xcefff7e0
     304535.000 ns	     30452	800067f0	0149dab3	srl	x21,x19,x20	 x19:0x00000000 x20:0x00000003 x21=0x00000000
     304555.000 ns	     30454	800067f4	0279fd33	remu	x26,x19,x7	 x19:0x00000000  x7:0x00000000 x26=0x00000000
     304585.000 ns	     30457	800067f8	e00a9ad3	fclass.s	x21,f21	 f21:0x00000000 x21=0x00000010
     304635.000 ns	     30462	800067fc	083070d3	fsub.s	f1,f0,f3	  f0:0x7fc00000  f3:0x80000000  f1=0x7fc00000
     304675.000 ns	     30466	80006800	5802fdd3	fsqrt.s	f27,f5	  f5:0x00000000 f27=0x00000000
     304705.000 ns	     30469	80006804	21bd11d3	fsgnjn.s	f3,f26,f27	 f26:0x00000000 f27:0x7fc00000  f3=0x80000000
     304725.000 ns	     30471	80006808	101bac93	slti	x25,x23,257	 x23:0x000006fb x25=0x00000000
     304735.000 ns	     30472	8000680c	74d62113	slti	x2,x12,1869	 x12:0x00000000  x2=0x00000001
     304745.000 ns	     30473	80006810	00bb8133	add	x2,x23,x11	 x23:0x000006fb x11:0x917b674c  x2=0x917b6e47
     304765.000 ns	     30475	80006814	025df433	remu	x8,x27,x5	 x27:0x6e84674c  x5:0x00000000  x8=0x6e84674c
     304805.000 ns	     30479	80006818	11b1ab53	fmul.s	f22,f3,f27	  f3:0x80000000 f27:0x00000000 f22=0x80000000
     304835.000 ns	     30482	8000681c	d00c7953	fcvt.s.w	f18,x24	 x24:0x00000002 f18=0x40000000
     304865.000 ns	     30485	80006820	03edc633	div	x12,x27,x30	 x27:0x6e84674c x30:0x00000000 x12=0xffffffff
     304885.000 ns	     30487	80006824	00f840b3	xor	x1,x16,x15	 x16:0x00000002 x15:0x00000000  x1=0x00000002
     304895.000 ns	     30488	80006828	01e8ceb3	xor	x29,x17,x30	 x17:0x00000000 x30:0x00000000 x29=0x00000000
     304915.000 ns	     30490	8000682c	a168a8d3	feq.s	x17,f17,f22	 f17:0x7fc00000 f22:0x80000000 x17=0x00000000
     304935.000 ns	     30492	80006830	e17f4217	auipc	x4,0xe17f4	  x4=0x617fa830
     304965.000 ns	     30495	80006834	11eb91d3	fmul.s	f3,f23,f30	 f23:0xffc00000 f30:0xcefff7e0  f3=0x7fc00000
     305015.000 ns	     30500	80006838	00e5fb53	fadd.s	f22,f11,f14	 f11:0xffffffff f14:0x7fc00000 f22=0x7fc00000
     305045.000 ns	     30503	8000683c	036e38b3	mulhu	x17,x28,x22	 x28:0x00000000 x22:0x00000000 x17=0x00000000
     305075.000 ns	     30506	80006840	03346133	rem	x2,x8,x19	  x8:0x6e84674c x19:0x00000000  x2=0x6e84674c
     305095.000 ns	     30508	80006844	49a41ab7	lui	x21,0x49a41	 x21=0x49a41000
     305125.000 ns	     30511	80006848	10e67a53	fmul.s	f20,f12,f14	 f12:0x7fc00000 f14:0x7fc00000 f20=0x7fc00000
     305145.000 ns	     30513	8000684c	00ff6e33	or	x28,x30,x15	 x30:0x00000000 x15:0x00000000 x28=0x00000000
     305155.000 ns	     30514	80006850	009ffb33	and	x22,x31,x9	 x31:0x00000000  x9:0x00000000 x22=0x00000000
     305175.000 ns	     30516	80006854	29100253	fmin.s	f4,f0,f17	  f0:0x7fc00000 f17:0x7fc00000  f4=0x7fc00000
     305205.000 ns	     30519	80006858	0265fb33	remu	x22,x11,x6	 x11:0x917b674c  x6:0x00000000 x22=0x917b674c
     305245.000 ns	     30523	8000685c	1028bf53	fmul.s	f30,f17,f2	 f17:0x7fc00000  f2:0x00000000 f30=0x7fc00000
     305265.000 ns	     30525	80006860	01e95b13	srli	x22,x18,0x1e	 x18:0x80040fe4 x22=0x00000002
     305275.000 ns	     30526	80006864	4070dd13	srai	x26,x1,0x7	  x1:0x00000002 x26=0x00000000
     305285.000 ns	     30527	80006868	00606f33	or	x30,x0,x6	  x0:0x00000000  x6:0x00000000 x30=0x00000000
     305295.000 ns	     30528	8000686c	01abdc13	srli	x24,x23,0x1a	 x23:0x000006fb x24=0x00000000
     305325.000 ns	     30531	80006870	580a1153	fsqrt.s	f2,f20	 f20:0x7fc00000  f2=0x7fc00000
     305345.000 ns	     30533	80006874	01f85433	srl	x8,x16,x31	 x16:0x00000002 x31:0x00000000  x8=0x00000002
     305365.000 ns	     30535	80006878	02533633	mulhu	x12,x6,x5	  x6:0x00000000  x5:0x00000000 x12=0x00000000
     305395.000 ns	     30538	8000687c	0399ebb3	rem	x23,x19,x25	 x19:0x00000000 x25:0x00000000 x23=0x00000000
     305425.000 ns	     30541	80006880	a10509d3	fle.s	x19,f10,f16	 f10:0x00000001 f16:0x00000000 x19=0x00000000
     305445.000 ns	     30543	80006884	00f7b433	sltu	x8,x15,x15	 x15:0x00000000 x15:0x00000000  x8=0x00000000
     305455.000 ns	     30544	80006888	41865693	srai	x13,x12,0x18	 x12:0x00000000 x13=0x00000000
     305465.000 ns	     30545	8000688c	016abc33	sltu	x24,x21,x22	 x21:0x49a41000 x22:0x00000002 x24=0x00000000
     305485.000 ns	     30547	80006890	f00601d3	fmv.w.x	f3,x12	 x12:0x00000000  f3=0x00000000
     305505.000 ns	     30549	80006894	00204633	xor	x12,x0,x2	  x0:0x00000000  x2:0x6e84674c x12=0x6e84674c
     305515.000 ns	     30550	80006898	01b236b3	sltu	x13,x4,x27	  x4:0x617fa830 x27:0x6e84674c x13=0x00000001
     305535.000 ns	     30552	8000689c	c00c70d3	fcvt.w.s	x1,f24	 f24:0x7fc00000  x1=0x7fffffff
     305555.000 ns	     30554	800068a0	007b1333	sll	x6,x22,x7	 x22:0x00000002  x7:0x00000000  x6=0x00000002
     305565.000 ns	     30555	800068a4	01475b93	srli	x23,x14,0x14	 x14:0x80041024 x23=0x00000800
     305575.000 ns	     30556	800068a8	f1765037	lui	x0,0xf1765	
     305585.000 ns	     30557	800068ac	012a34b3	sltu	x9,x20,x18	 x20:0x00000003 x18:0x80040fe4  x9=0x00000001
     305595.000 ns	     30558	800068b0	00000013	addi	x0,x0,0	  x0:0x00000000
     305605.000 ns	     30559	800068b4	f1716017	auipc	x0,0xf1716	
     305635.000 ns	     30562	800068b8	18c619d3	fdiv.s	f19,f12,f12	 f12:0x7fc00000 f12:0x7fc00000 f19=0x7fc00000
     305655.000 ns	     30564	800068bc	016f5293	srli	x5,x30,0x16	 x30:0x00000000  x5=0x00000000
     305675.000 ns	     30566	800068c0	f00c03d3	fmv.w.x	f7,x24	 x24:0x00000000  f7=0x00000000
     305695.000 ns	     30568	800068c4	0138d3b3	srl	x7,x17,x19	 x17:0x00000000 x19:0x00000000  x7=0x00000000
     305715.000 ns	     30570	800068c8	f00980d3	fmv.w.x	f1,x19	 x19:0x00000000  f1=0x00000000
     305735.000 ns	     30572	800068cc	009df133	and	x2,x27,x9	 x27:0x6e84674c  x9:0x00000001  x2=0x00000000
     305755.000 ns	     30574	800068d0	218318d3	fsgnjn.s	f17,f6,f24	  f6:0x7fc00000 f24:0x7fc00000 f17=0xffc00000
     305775.000 ns	     30576	800068d4	00fa05b3	add	x11,x20,x15	 x20:0x00000003 x15:0x00000000 x11=0x00000003
     305795.000 ns	     30578	800068d8	03ca0cb3	mul	x25,x20,x28	 x20:0x00000003 x28:0x00000000 x25=0x00000000
     305835.000 ns	     30582	800068dc	19930bd3	fdiv.s	f23,f6,f25	  f6:0x7fc00000 f25:0x7fc00000 f23=0x7fc00000
     305855.000 ns	     30584	800068e0	418a5333	sra	x6,x20,x24	 x20:0x00000003 x24:0x00000000  x6=0x00000003
     305885.000 ns	     30587	800068e4	58062553	fsqrt.s	f10,f12	 f12:0x7fc00000 f10=0x7fc00000
     305915.000 ns	     30590	800068e8	a1c41253	flt.s	x4,f8,f28	  f8:0x7fc00000 f28:0x7fc00000  x4=0x00000000
     305935.000 ns	     30592	800068ec	5e2bcb13	xori	x22,x23,1506	 x23:0x00000800 x22=0x00000de2
     305955.000 ns	     30594	800068f0	024ab533	mulhu	x10,x21,x4	 x21:0x49a41000  x4:0x00000000 x10=0x00000000
     305975.000 ns	     30596	800068f4	01e57133	and	x2,x10,x30	 x10:0x00000000 x30:0x00000000  x2=0x00000000
     306015.000 ns	     30600	800068f8	09be4753	fsub.s	f14,f28,f27	 f28:0x7fc00000 f27:0x00000000 f14=0x7fc00000
     306045.000 ns	     30603	800068fc	02a331b3	mulhu	x3,x6,x10	  x6:0x00000003 x10:0x00000000  x3=0x00000000
     306065.000 ns	     30605	80006900	a1546f13	ori	x30,x8,-1515	  x8:0x00000000 x30=0xfffffa15
     306095.000 ns	     30608	80006904	1971c0d3	fdiv.s	f1,f3,f23	  f3:0x00000000 f23:0x7fc00000  f1=0x7fc00000
     306125.000 ns	     30611	80006908	2176ab53	fsgnjx.s	f22,f13,f23	 f13:0x80000000 f23:0x7fc00000 f22=0x80000000
     306155.000 ns	     30614	8000690c	a11f0353	fle.s	x6,f30,f17	 f30:0x7fc00000 f17:0xffc00000  x6=0x00000000
     306185.000 ns	     30617	80006910	c01a98d3	fcvt.wu.s	x17,f21	 f21:0x00000000 x17=0x00000000
     306205.000 ns	     30619	80006914	00effe33	and	x28,x31,x14	 x31:0x00000000 x14:0x80041024 x28=0x00000000
     306215.000 ns	     30620	80006918	00cbd5b3	srl	x11,x23,x12	 x23:0x00000800 x12:0x6e84674c x11=0x00000000
     306225.000 ns	     30621	8000691c	00688233	add	x4,x17,x6	 x17:0x00000000  x6:0x00000000  x4=0x00000000
     306245.000 ns	     30623	80006920	03d080b3	mul	x1,x1,x29	  x1:0x7fffffff x29:0x00000000  x1=0x00000000
     306285.000 ns	     30627	80006924	58071453	fsqrt.s	f8,f14	 f14:0x7fc00000  f8=0x7fc00000
     306305.000 ns	     30629	80006928	006547b3	xor	x15,x10,x6	 x10:0x00000000  x6:0x00000000 x15=0x00000000
     306325.000 ns	     30631	8000692c	21819c53	fsgnjn.s	f24,f3,f24	  f3:0x00000000 f24:0x7fc00000 f24=0x80000000
     306345.000 ns	     30633	80006930	015b3533	sltu	x10,x22,x21	 x22:0x00000de2 x21:0x49a41000 x10=0x00000001
     306365.000 ns	     30635	80006934	29aa1353	fmax.s	f6,f20,f26	 f20:0x7fc00000 f26:0x00000000  f6=0x00000000
     306385.000 ns	     30637	80006938	01ffd413	srli	x8,x31,0x1f	 x31:0x00000000  x8=0x00000000
     306405.000 ns	     30639	8000693c	29a580d3	fmin.s	f1,f11,f26	 f11:0xffffffff f26:0x00000000  f1=0x00000000
     306435.000 ns	     30642	80006940	c0137dd3	fcvt.wu.s	x27,f6	  f6:0x00000000 x27=0x00000000
     306455.000 ns	     30644	80006944	2dbd7237	lui	x4,0x2dbd7	  x4=0x2dbd7000
     306475.000 ns	     30646	80006948	d00b1bd3	fcvt.s.w	f23,x22	 x22:0x00000de2 f23=0x455e2000
     306505.000 ns	     30649	8000694c	f00581d3	fmv.w.x	f3,x11	 x11:0x00000000  f3=0x00000000
     306555.000 ns	     30654	80006950	08f870d3	fsub.s	f1,f16,f15	 f16:0x00000000 f15:0x7fc00000  f1=0x7fc00000
     306575.000 ns	     30656	80006954	7a532a13	slti	x20,x6,1957	  x6:0x00000000 x20=0x00000001
     306595.000 ns	     30658	80006958	a0d50c53	fle.s	x24,f10,f13	 f10:0x7fc00000 f13:0x80000000 x24=0x00000000
     306615.000 ns	     30660	8000695c	419b00b3	sub	x1,x22,x25	 x22:0x00000de2 x25:0x00000000  x1=0x00000de2
     306635.000 ns	     30662	80006960	e00699d3	fclass.s	x19,f13	 f13:0x80000000 x19=0x00000008
     306665.000 ns	     30665	80006964	a1c612d3	flt.s	x5,f12,f28	 f12:0x7fc00000 f28:0x7fc00000  x5=0x00000000
     306695.000 ns	     30668	80006968	a1f59553	flt.s	x10,f11,f31	 f11:0xffffffff f31:0x7fc00000 x10=0x00000000
     306725.000 ns	     30671	8000696c	d00a7c53	fcvt.s.w	f24,x20	 x20:0x00000001 f24=0x3f800000
     306755.000 ns	     30674	80006970	024c1eb3	mulh	x29,x24,x4	 x24:0x00000000  x4:0x2dbd7000 x29=0x00000000
     306785.000 ns	     30677	80006974	21078753	fsgnj.s	f14,f15,f16	 f15:0x7fc00000 f16:0x00000000 f14=0x7fc00000
     306815.000 ns	     30680	80006978	037bb4b3	mulhu	x9,x23,x23	 x23:0x00000800 x23:0x00000800  x9=0x00000000
     306835.000 ns	     30682	8000697c	0080ab33	slt	x22,x1,x8	  x1:0x00000de2  x8:0x00000000 x22=0x00000000
     306855.000 ns	     30684	80006980	a17a0bd3	fle.s	x23,f20,f23	 f20:0x7fc00000 f23:0x455e2000 x23=0x00000000
     306905.000 ns	     30689	80006984	094290d3	fsub.s	f1,f5,f20	  f5:0x00000000 f20:0x7fc00000  f1=0x7fc00000
     306925.000 ns	     30691	80006988	33bbab13	slti	x22,x23,827	 x23:0x00000000 x22=0x00000001
     306945.000 ns	     30693	8000698c	02ae6633	rem	x12,x28,x10	 x28:0x00000000 x10:0x00000000 x12=0x00000000
     306975.000 ns	     30696	80006990	023d41b3	div	x3,x26,x3	 x26:0x00000000  x3:0x00000000  x3=0xffffffff
     306995.000 ns	     30698	80006994	00875033	srl	x0,x14,x8	 x14:0x80041024  x8:0x00000000
     307015.000 ns	     30700	80006998	29a51dd3	fmax.s	f27,f10,f26	 f10:0x7fc00000 f26:0x00000000 f27=0x00000000
     307045.000 ns	     30703	8000699c	28f01053	fmax.s	f0,f0,f15	  f0:0x7fc00000 f15:0x7fc00000  f0=0x7fc00000
     307065.000 ns	     30705	800069a0	411e5e93	srai	x29,x28,0x11	 x28:0x00000000 x29=0x00000000
     307085.000 ns	     30707	800069a4	200103d3	fsgnj.s	f7,f2,f0	  f2:0x7fc00000  f0:0x7fc00000  f7=0x7fc00000
     307115.000 ns	     30710	800069a8	2120a053	fsgnjx.s	f0,f1,f18	  f1:0x7fc00000 f18:0x40000000  f0=0x7fc00000
     307145.000 ns	     30713	800069ac	0375df33	divu	x30,x11,x23	 x11:0x00000000 x23:0x00000000 x30=0xffffffff
     307165.000 ns	     30715	800069b0	004fce33	xor	x28,x31,x4	 x31:0x00000000  x4:0x2dbd7000 x28=0x2dbd7000
     307185.000 ns	     30717	800069b4	02c08db3	mul	x27,x1,x12	  x1:0x00000de2 x12:0x00000000 x27=0x00000000
     307215.000 ns	     30720	800069b8	28f78553	fmin.s	f10,f15,f15	 f15:0x7fc00000 f15:0x7fc00000 f10=0x7fc00000
     307245.000 ns	     30723	800069bc	026e2333	mulhsu	x6,x28,x6	 x28:0x2dbd7000  x6:0x00000000  x6=0x00000000
     307275.000 ns	     30726	800069c0	d00097d3	fcvt.s.w	f15,x1	  x1:0x00000de2 f15=0x455e2000
     307305.000 ns	     30729	800069c4	219a8cd3	fsgnj.s	f25,f21,f25	 f21:0x00000000 f25:0x7fc00000 f25=0x00000000
     307325.000 ns	     30731	800069c8	00189613	slli	x12,x17,0x1	 x17:0x00000000 x12=0x00000000
     307335.000 ns	     30732	800069cc	acf14c97	auipc	x25,0xacf14	 x25=0x2cf1a9cc
     307345.000 ns	     30733	800069d0	00bce033	or	x0,x25,x11	 x25:0x00000000 x11:0x00000000
     307355.000 ns	     30734	800069d4	01f559b3	srl	x19,x10,x31	 x10:0x00000000 x31:0x00000000 x19=0x00000000
     307385.000 ns	     30737	800069d8	10c035d3	fmul.s	f11,f0,f12	  f0:0x7fc00000 f12:0x7fc00000 f11=0x7fc00000
     307405.000 ns	     30739	800069dc	41db8eb3	sub	x29,x23,x29	 x23:0x00000000 x29:0x00000000 x29=0x00000000
     307445.000 ns	     30743	800069e0	01f71ad3	fadd.s	f21,f14,f31	 f14:0x7fc00000 f31:0x7fc00000 f21=0x7fc00000
     307475.000 ns	     30746	800069e4	03469db3	mulh	x27,x13,x20	 x13:0x00000001 x20:0x00000001 x27=0x00000000
     307515.000 ns	     30750	800069e8	1045bc53	fmul.s	f24,f11,f4	 f11:0x7fc00000  f4:0x7fc00000 f24=0x7fc00000
     307545.000 ns	     30753	800069ec	28d51353	fmax.s	f6,f10,f13	 f10:0x7fc00000 f13:0x80000000  f6=0x80000000
     307565.000 ns	     30755	800069f0	d762e993	ori	x19,x5,-650	  x5:0x00000000 x19=0xfffffd76
     307585.000 ns	     30757	800069f4	0377a3b3	mulhsu	x7,x15,x23	 x15:0x00000000 x23:0x00000000  x7=0x00000000
     307605.000 ns	     30759	800069f8	9286bf93	sltiu	x31,x13,-1752	 x13:0x00000001 x31=0x00000001
     307625.000 ns	     30761	800069fc	20930f53	fsgnj.s	f30,f6,f9	  f6:0x80000000  f9:0x7fc00000 f30=0x00000000
     307655.000 ns	     30764	80006a00	e0070f53	fmv.x.w	x30,f14	 f14:0x7fc00000 x30=0x7fc00000
     307705.000 ns	     30769	80006a04	00824c53	fadd.s	f24,f4,f8	  f4:0x7fc00000  f8:0x7fc00000 f24=0x7fc00000
     307745.000 ns	     30773	80006a08	195efa53	fdiv.s	f20,f29,f21	 f29:0x7fc00000 f21:0x7fc00000 f20=0x7fc00000
     308115.000 ns	     30810	80006a0c	02d751b3	divu	x3,x14,x13	 x14:0x80041024 x13:0x00000001  x3=0x80041024
     308155.000 ns	     30814	80006a10	1067f0d3	fmul.s	f1,f15,f6	 f15:0x455e2000  f6:0x80000000  f1=0x80000000
     308185.000 ns	     30817	80006a14	d0081f53	fcvt.s.w	f30,x16	 x16:0x00000002 f30=0x40000000
     308225.000 ns	     30821	80006a18	10e8ae53	fmul.s	f28,f17,f14	 f17:0xffc00000 f14:0x7fc00000 f28=0x7fc00000
     308265.000 ns	     30825	80006a1c	18ccffd3	fdiv.s	f31,f25,f12	 f25:0x00000000 f12:0x7fc00000 f31=0x7fc00000
     308295.000 ns	     30828	80006a20	21821dd3	fsgnjn.s	f27,f4,f24	  f4:0x7fc00000 f24:0x7fc00000 f27=0xffc00000
     308345.000 ns	     30833	80006a24	0930bc53	fsub.s	f24,f1,f19	  f1:0x80000000 f19:0x7fc00000 f24=0x7fc00000
     308365.000 ns	     30835	80006a28	5877f693	andi	x13,x15,1415	 x15:0x00000000 x13=0x00000000
     308395.000 ns	     30838	80006a2c	103f75d3	fmul.s	f11,f30,f3	 f30:0x40000000  f3:0x00000000 f11=0x00000000
     308415.000 ns	     30840	80006a30	905fc213	xori	x4,x31,-1787	 x31:0x00000001  x4=0xfffff904
     308425.000 ns	     30841	80006a34	41dc5d93	srai	x27,x24,0x1d	 x24:0x00000000 x27=0x00000000
     308435.000 ns	     30842	80006a38	00a9c033	xor	x0,x19,x10	 x19:0xfffffd76 x10:0x00000000
     308455.000 ns	     30844	80006a3c	21819453	fsgnjn.s	f8,f3,f24	  f3:0x00000000 f24:0x7fc00000  f8=0x80000000
     308475.000 ns	     30846	80006a40	0c454d37	lui	x26,0xc454	 x26=0x0c454000
     308495.000 ns	     30848	80006a44	c00f0ed3	fcvt.w.s	x29,f30	 f30:0x40000000 x29=0x00000002
     308525.000 ns	     30851	80006a48	21f293d3	fsgnjn.s	f7,f5,f31	  f5:0x00000000 f31:0x7fc00000  f7=0x80000000
     308565.000 ns	     30855	80006a4c	117274d3	fmul.s	f9,f4,f23	  f4:0x7fc00000 f23:0x455e2000  f9=0x7fc00000
     308585.000 ns	     30857	80006a50	fc628e37	lui	x28,0xfc628	 x28=0xfc628000
     308595.000 ns	     30858	80006a54	8f363337	lui	x6,0x8f363	  x6=0x8f363000
     308605.000 ns	     30859	80006a58	87acf593	andi	x11,x25,-1926	 x25:0x2cf1a9cc x11=0x2cf1a848
     308625.000 ns	     30861	80006a5c	e00d86d3	fmv.x.w	x13,f27	 f27:0xffc00000 x13=0xffc00000
     308645.000 ns	     30863	80006a60	3a768a93	addi	x21,x13,935	 x13:0x00000000 x21=0xffc003a7
     308675.000 ns	     30866	80006a64	11d3b153	fmul.s	f2,f7,f29	  f7:0x80000000 f29:0x7fc00000  f2=0x7fc00000
     308695.000 ns	     30868	80006a68	00116e33	or	x28,x2,x1	  x2:0x00000000  x1:0x00000de2 x28=0x00000de2
     308715.000 ns	     30870	80006a6c	20860fd3	fsgnj.s	f31,f12,f8	 f12:0x7fc00000  f8:0x80000000 f31=0xffc00000
     308745.000 ns	     30873	80006a70	02c6dd33	divu	x26,x13,x12	 x13:0xffc00000 x12:0x00000000 x26=0xffffffff
     308775.000 ns	     30876	80006a74	203e2853	fsgnjx.s	f16,f28,f3	 f28:0x7fc00000  f3:0x00000000 f16=0x7fc00000
     308805.000 ns	     30879	80006a78	21112453	fsgnjx.s	f8,f2,f17	  f2:0x7fc00000 f17:0xffc00000  f8=0xffc00000
     308825.000 ns	     30881	80006a7c	01ed7f33	and	x30,x26,x30	 x26:0xffffffff x30:0x7fc00000 x30=0x7fc00000
     308835.000 ns	     30882	80006a80	00000013	addi	x0,x0,0	  x0:0x00000000
     308855.000 ns	     30884	80006a84	217f29d3	fsgnjx.s	f19,f30,f23	 f30:0x40000000 f23:0x455e2000 f19=0x40000000
     308895.000 ns	     30888	80006a88	1091ffd3	fmul.s	f31,f3,f9	  f3:0x00000000  f9:0x7fc00000 f31=0x7fc00000
     308925.000 ns	     30891	80006a8c	030e99b3	mulh	x19,x29,x16	 x29:0x00000002 x16:0x00000002 x19=0x00000000
     308975.000 ns	     30896	80006a90	00bbb4d3	fadd.s	f9,f23,f11	 f23:0x455e2000 f11:0x00000000  f9=0x455e2000
     308995.000 ns	     30898	80006a94	336fef93	ori	x31,x31,822	 x31:0x00000001 x31=0x00000337
     309005.000 ns	     30899	80006a98	94867c93	andi	x25,x12,-1720	 x12:0x00000000 x25=0x00000000
     309025.000 ns	     30901	80006a9c	204f8a53	fsgnj.s	f20,f31,f4	 f31:0x7fc00000  f4:0x7fc00000 f20=0x7fc00000
     309045.000 ns	     30903	80006aa0	40ddd493	srai	x9,x27,0xd	 x27:0x00000000  x9=0x00000000
     309055.000 ns	     30904	80006aa4	e044cc93	xori	x25,x9,-508	  x9:0x00000000 x25=0xfffffe04
     309065.000 ns	     30905	80006aa8	70b84a93	xori	x21,x16,1803	 x16:0x00000002 x21=0x00000709
     309075.000 ns	     30906	80006aac	0ca17313	andi	x6,x2,202	  x2:0x00000000  x6=0x00000000
     309095.000 ns	     30908	80006ab0	03998333	mul	x6,x19,x25	 x19:0x00000000 x25:0xfffffe04  x6=0x00000000
     309135.000 ns	     30912	80006ab4	10f5f5d3	fmul.s	f11,f11,f15	 f11:0x00000000 f15:0x455e2000 f11=0x00000000
     309155.000 ns	     30914	80006ab8	ec1fb893	sltiu	x17,x31,-319	 x31:0x00000337 x17=0x00000001
     309175.000 ns	     30916	80006abc	03128eb3	mul	x29,x5,x17	  x5:0x00000000 x17:0x00000000 x29=0x00000000
     309205.000 ns	     30919	80006ac0	038dac33	mulhsu	x24,x27,x24	 x27:0x00000000 x24:0x00000000 x24=0x00000000
     309235.000 ns	     30922	80006ac4	a16708d3	fle.s	x17,f14,f22	 f14:0x7fc00000 f22:0x80000000 x17=0x00000000
     309265.000 ns	     30925	80006ac8	2129a053	fsgnjx.s	f0,f19,f18	 f19:0x40000000 f18:0x40000000  f0=0x40000000
     309295.000 ns	     30928	80006acc	218c23d3	fsgnjx.s	f7,f24,f24	 f24:0x7fc00000 f24:0x7fc00000  f7=0x7fc00000
     309315.000 ns	     30930	80006ad0	41658133	sub	x2,x11,x22	 x11:0x2cf1a848 x22:0x00000001  x2=0x2cf1a847
     309335.000 ns	     30932	80006ad4	c0187653	fcvt.wu.s	x12,f16	 f16:0x7fc00000 x12=0xffffffff
     309375.000 ns	     30936	80006ad8	10d308d3	fmul.s	f17,f6,f13	  f6:0x80000000 f13:0x80000000 f17=0x00000000
     309395.000 ns	     30938	80006adc	272462b7	lui	x5,0x27246	  x5=0x27246000
     310565.000 ns	     31055	80006ae0	580976d3	fsqrt.s	f13,f18	 f18:0x40000000 f13=0x3f350482
     310595.000 ns	     31058	80006ae4	03b46133	rem	x2,x8,x27	  x8:0x00000000 x27:0x00000000  x2=0x00000000
     310625.000 ns	     31061	80006ae8	c01b0553	fcvt.wu.s	x10,f22	 f22:0x80000000 x10=0x00000000
     310645.000 ns	     31063	80006aec	7b1ee537	lui	x10,0x7b1ee	 x10=0x7b1ee000
     310655.000 ns	     31064	80006af0	00270e33	add	x28,x14,x2	 x14:0x80041024  x2:0x00000000 x28=0x80041024
     310665.000 ns	     31065	80006af4	01f1c9b3	xor	x19,x3,x31	  x3:0x80041024 x31:0x00000337 x19=0x80041313
     310685.000 ns	     31067	80006af8	21fc1ad3	fsgnjn.s	f21,f24,f31	 f24:0x7fc00000 f31:0x7fc00000 f21=0xffc00000
     310705.000 ns	     31069	80006afc	e6f2cb37	lui	x22,0xe6f2c	 x22=0xe6f2c000
     310715.000 ns	     31070	80006b00	400558b3	sra	x17,x10,x0	 x10:0x7b1ee000  x0:0x00000000 x17=0x7b1ee000
     310725.000 ns	     31071	80006b04	41178333	sub	x6,x15,x17	 x15:0x00000000 x17:0x00000000  x6=0x84e12000
     310745.000 ns	     31073	80006b08	02a59e33	mulh	x28,x11,x10	 x11:0x2cf1a848 x10:0x7b1ee000 x28=0x159d877f
     310785.000 ns	     31077	80006b0c	580e7bd3	fsqrt.s	f23,f28	 f28:0x7fc00000 f23=0x7fc00000
     310805.000 ns	     31079	80006b10	14752313	slti	x6,x10,327	 x10:0x7b1ee000  x6=0x00000000
     310815.000 ns	     31080	80006b14	a3a1cf93	xori	x31,x3,-1478	  x3:0x80041024 x31=0x7ffbea1e
     311175.000 ns	     31116	80006b18	02ed6eb3	rem	x29,x26,x14	 x26:0xffffffff x14:0x80041024 x29=0xffffffff
     311195.000 ns	     31118	80006b1c	614ee113	ori	x2,x29,1556	 x29:0x00000000  x2=0xffffffff
     311215.000 ns	     31120	80006b20	29dd94d3	fmax.s	f9,f27,f29	 f27:0xffc00000 f29:0x7fc00000  f9=0x7fc00000
     311245.000 ns	     31123	80006b24	023ab8b3	mulhu	x17,x21,x3	 x21:0x00000709  x3:0x80041024 x17=0x00000384
     311275.000 ns	     31126	80006b28	c01e9b53	fcvt.wu.s	x22,f29	 f29:0x7fc00000 x22=0xffffffff
     311295.000 ns	     31128	80006b2c	fbbb9f37	lui	x30,0xfbbb9	 x30=0xfbbb9000
     311305.000 ns	     31129	80006b30	2074e393	ori	x7,x9,519	  x9:0x00000000  x7=0x00000207
     311345.000 ns	     31133	80006b34	08f57d53	fsub.s	f26,f10,f15	 f10:0x7fc00000 f15:0x455e2000 f26=0x7fc00000
     311375.000 ns	     31136	80006b38	c0174a53	fcvt.wu.s	x20,f14	 f14:0x7fc00000 x20=0xffffffff
     311745.000 ns	     31173	80006b3c	03eae1b3	rem	x3,x21,x30	 x21:0x00000709 x30:0xfbbb9000  x3=0x00000709
     311775.000 ns	     31176	80006b40	a0d5a2d3	feq.s	x5,f11,f13	 f11:0x00000000 f13:0x3f350482  x5=0x00000000
     311805.000 ns	     31179	80006b44	f0030553	fmv.w.x	f10,x6	  x6:0x00000000 f10=0x00000000
     311825.000 ns	     31181	80006b48	01eb8633	add	x12,x23,x30	 x23:0x00000000 x30:0xfbbb9000 x12=0xfbbb9000
     311835.000 ns	     31182	80006b4c	01ca1613	slli	x12,x20,0x1c	 x20:0xffffffff x12=0xf0000000
     311855.000 ns	     31184	80006b50	e0029fd3	fclass.s	x31,f5	  f5:0x00000000 x31=0x00000010
     312225.000 ns	     31221	80006b54	03567233	remu	x4,x12,x21	 x12:0xfbbb9000 x21:0x00000709  x4=0x00000078
     312255.000 ns	     31224	80006b58	03c80bb3	mul	x23,x16,x28	 x16:0x00000002 x28:0x159d877f x23=0x2b3b0efe
     312305.000 ns	     31229	80006b5c	08769d53	fsub.s	f26,f13,f7	 f13:0x3f350482  f7:0x7fc00000 f26=0x7fc00000
     312335.000 ns	     31232	80006b60	c007bfd3	fcvt.w.s	x31,f15	 f15:0x455e2000 x31=0x00000de2
     312705.000 ns	     31269	80006b64	03f0c333	div	x6,x1,x31	  x1:0x00000de2 x31:0x00000010  x6=0x00000001
     312735.000 ns	     31272	80006b68	21b69c53	fsgnjn.s	f24,f13,f27	 f13:0x3f350482 f27:0xffc00000 f24=0x3f350482
     312755.000 ns	     31274	80006b6c	00f05e33	srl	x28,x0,x15	  x0:0x00000000 x15:0x00000000 x28=0x00000000
     312775.000 ns	     31276	80006b70	d018fd53	fcvt.s.wu	f26,x17	 x17:0x00000384 f26=0x44610000
     312795.000 ns	     31278	80006b74	c0198e93	addi	x29,x19,-1023	 x19:0x80041313 x29=0x80040f14
     312815.000 ns	     31280	80006b78	c013f6d3	fcvt.wu.s	x13,f7	  f7:0x7fc00000 x13=0xffffffff
     312835.000 ns	     31282	80006b7c	4189dc93	srai	x25,x19,0x18	 x19:0x80041313 x25=0xffffff80
     312845.000 ns	     31283	80006b80	465f7313	andi	x6,x30,1125	 x30:0xfbbb9000  x6=0x00000000
     312865.000 ns	     31285	80006b84	c002f4d3	fcvt.w.s	x9,f5	  f5:0x00000000  x9=0x00000000
     312885.000 ns	     31287	80006b88	013b8d33	add	x26,x23,x19	 x23:0x2b3b0efe x19:0x80041313 x26=0xab3f2211
     312895.000 ns	     31288	80006b8c	01c96fb3	or	x31,x18,x28	 x18:0x80040fe4 x28:0x00000000 x31=0x80040fe4
     312915.000 ns	     31290	80006b90	f0048153	fmv.w.x	f2,x9	  x9:0x00000000  f2=0x00000000
     312935.000 ns	     31292	80006b94	b1347a93	andi	x21,x8,-1261	  x8:0x00000000 x21=0x00000000
     312955.000 ns	     31294	80006b98	026f09b3	mul	x19,x30,x6	 x30:0xfbbb9000  x6:0x00000000 x19=0x00000000
     312985.000 ns	     31297	80006b9c	a155a2d3	feq.s	x5,f11,f21	 f11:0x00000000 f21:0xffc00000  x5=0x00000000
     313005.000 ns	     31299	80006ba0	27760213	addi	x4,x12,631	 x12:0xf0000000  x4=0xf0000277
     313025.000 ns	     31301	80006ba4	021322b3	mulhsu	x5,x6,x1	  x6:0x00000000  x1:0x00000de2  x5=0x00000000
     313055.000 ns	     31304	80006ba8	a02192d3	flt.s	x5,f3,f2	  f3:0x00000000  f2:0x00000000  x5=0x00000000
     313075.000 ns	     31306	80006bac	45ce7017	auipc	x0,0x45ce7	
     313095.000 ns	     31308	80006bb0	29b20153	fmin.s	f2,f4,f27	  f4:0x7fc00000 f27:0xffc00000  f2=0x7fc00000
     313115.000 ns	     31310	80006bb4	2c35bf13	sltiu	x30,x11,707	 x11:0x2cf1a848 x30=0x00000000
     313125.000 ns	     31311	80006bb8	d6f10e13	addi	x28,x2,-657	  x2:0xffffffff x28=0xfffffd6e
     313135.000 ns	     31312	80006bbc	a780eb13	ori	x22,x1,-1416	  x1:0x00000de2 x22=0xfffffffa
     313155.000 ns	     31314	80006bc0	c0087ed3	fcvt.w.s	x29,f16	 f16:0x7fc00000 x29=0x7fffffff
     313175.000 ns	     31316	80006bc4	41f25c33	sra	x24,x4,x31	  x4:0xf0000277 x31:0x80040fe4 x24=0xff000027
     313185.000 ns	     31317	80006bc8	00000013	addi	x0,x0,0	  x0:0x00000000
     313195.000 ns	     31318	80006bcc	e4976213	ori	x4,x14,-439	 x14:0x80041024  x4=0xfffffe6d
     313235.000 ns	     31322	80006bd0	01c12e53	fadd.s	f28,f2,f28	  f2:0x7fc00000 f28:0x7fc00000 f28=0x7fc00000
     313265.000 ns	     31325	80006bd4	202a9d53	fsgnjn.s	f26,f21,f2	 f21:0xffc00000  f2:0x7fc00000 f26=0xffc00000
     313295.000 ns	     31328	80006bd8	c004f353	fcvt.w.s	x6,f9	  f9:0x7fc00000  x6=0x7fffffff
     313345.000 ns	     31333	80006bdc	08bc7153	fsub.s	f2,f24,f11	 f24:0x3f350482 f11:0x00000000  f2=0x3f350482
     313365.000 ns	     31335	80006be0	0171e033	or	x0,x3,x23	  x3:0x00000709 x23:0x2b3b0efe
     313725.000 ns	     31371	80006be4	026e7e33	remu	x28,x28,x6	 x28:0xfffffd6e  x6:0x7fffffff x28=0x7ffffd6f
     313745.000 ns	     31373	80006be8	010c5d93	srli	x27,x24,0x10	 x24:0xff000027 x27=0x0000ff00
     313755.000 ns	     31374	80006bec	4aa97117	auipc	x2,0x4aa97	  x2=0xcaa9dbec
     313775.000 ns	     31376	80006bf0	21b916d3	fsgnjn.s	f13,f18,f27	 f18:0x40000000 f27:0xffc00000 f13=0x40000000
     313795.000 ns	     31378	80006bf4	3718d617	auipc	x12,0x3718d	 x12=0xb7193bf4
     313805.000 ns	     31379	80006bf8	0008de13	srli	x28,x17,0x0	 x17:0x00000384 x28=0x00000384
     313815.000 ns	     31380	80006bfc	de6f7213	andi	x4,x30,-538	 x30:0x00000000  x4=0x00000000
     313825.000 ns	     31381	80006c00	002411b3	sll	x3,x8,x2	  x8:0x00000000  x2:0xcaa9dbec  x3=0x00000000
     313835.000 ns	     31382	80006c04	dd646993	ori	x19,x8,-554	  x8:0x00000000 x19=0xfffffdd6
     313845.000 ns	     31383	80006c08	f7b68c97	auipc	x25,0xf7b68	 x25=0x77b6ec08
     313855.000 ns	     31384	80006c0c	414f50b3	sra	x1,x30,x20	 x30:0x00000000 x20:0xffffffff  x1=0x00000000
     313875.000 ns	     31386	80006c10	02eb3533	mulhu	x10,x22,x14	 x22:0xfffffffa x14:0x80041024 x10=0x80041020
     314245.000 ns	     31423	80006c14	03854ab3	div	x21,x10,x24	 x10:0x7b1ee000 x24:0xff000027 x21=0x0000007f
     314265.000 ns	     31425	80006c18	01efc033	xor	x0,x31,x30	 x31:0x80040fe4 x30:0x00000000
     314285.000 ns	     31427	80006c1c	28ef1b53	fmax.s	f22,f30,f14	 f30:0x40000000 f14:0x7fc00000 f22=0x40000000
     314305.000 ns	     31429	80006c20	77fd0f93	addi	x31,x26,1919	 x26:0xab3f2211 x31=0xab3f2990
     314325.000 ns	     31431	80006c24	036fa5b3	mulhsu	x11,x31,x22	 x31:0x80040fe4 x22:0xfffffffa x11=0xab3f2991
     314345.000 ns	     31433	80006c28	00d8f233	and	x4,x17,x13	 x17:0x00000384 x13:0xffffffff  x4=0x00000384
     314355.000 ns	     31434	80006c2c	666a2093	slti	x1,x20,1638	 x20:0xffffffff  x1=0x00000001
     314375.000 ns	     31436	80006c30	20d00553	fsgnj.s	f10,f0,f13	  f0:0x40000000 f13:0x40000000 f10=0x40000000
     314405.000 ns	     31439	80006c34	a11504d3	fle.s	x9,f10,f17	 f10:0x00000000 f17:0x00000000  x9=0x00000000
     314425.000 ns	     31441	80006c38	d9d6b593	sltiu	x11,x13,-611	 x13:0xffffffff x11=0x00000000
     314435.000 ns	     31442	80006c3c	01cb3ab3	sltu	x21,x22,x28	 x22:0xfffffffa x28:0x00000384 x21=0x00000000
     314445.000 ns	     31443	80006c40	415986b3	sub	x13,x19,x21	 x19:0xfffffdd6 x21:0x0000007f x13=0xfffffdd6
     314455.000 ns	     31444	80006c44	02887c93	andi	x25,x16,40	 x16:0x00000002 x25=0x00000000
     314495.000 ns	     31448	80006c48	00ea3a53	fadd.s	f20,f20,f14	 f20:0x7fc00000 f14:0x7fc00000 f20=0x7fc00000
     314515.000 ns	     31450	80006c4c	01d416b3	sll	x13,x8,x29	  x8:0x00000000 x29:0x7fffffff x13=0x00000000
     314535.000 ns	     31452	80006c50	02ee8f33	mul	x30,x29,x14	 x29:0x7fffffff x14:0x80041024 x30=0x7ffbefdc
     314905.000 ns	     31489	80006c54	0329ceb3	div	x29,x19,x18	 x19:0xfffffdd6 x18:0x80040fe4 x29=0x00000000
     314925.000 ns	     31491	80006c58	0058ee33	or	x28,x17,x5	 x17:0x00000384  x5:0x00000000 x28=0x00000384
     314935.000 ns	     31492	80006c5c	95b84893	xori	x17,x16,-1701	 x16:0x00000002 x17=0xfffff959
     314945.000 ns	     31493	80006c60	40175d13	srai	x26,x14,0x1	 x14:0x80041024 x26=0xc0020812
     314965.000 ns	     31495	80006c64	d01df953	fcvt.s.wu	f18,x27	 x27:0x0000ff00 f18=0x477f0000
     315335.000 ns	     31532	80006c68	030557b3	divu	x15,x10,x16	 x10:0x80041020 x16:0x00000002 x15=0x40020810
     315355.000 ns	     31534	80006c6c	498a0b93	addi	x23,x20,1176	 x20:0xffffffff x23=0x00000497
     315365.000 ns	     31535	80006c70	3c7bf493	andi	x9,x23,967	 x23:0x2b3b0efe  x9=0x00000087
     315375.000 ns	     31536	80006c74	01d49113	slli	x2,x9,0x1d	  x9:0x00000000  x2=0xe0000000
     315395.000 ns	     31538	80006c78	f0070653	fmv.w.x	f12,x14	 x14:0x80041024 f12=0x80041024
     315765.000 ns	     31575	80006c7c	0261c7b3	div	x15,x3,x6	  x3:0x00000000  x6:0x7fffffff x15=0x00000000
     316135.000 ns	     31612	80006c80	032e7033	remu	x0,x28,x18	 x28:0x00000384 x18:0x80040fe4
     316155.000 ns	     31614	80006c84	0109b3b3	sltu	x7,x19,x16	 x19:0xfffffdd6 x16:0x00000002  x7=0x00000000
     316165.000 ns	     31615	80006c88	01998533	add	x10,x19,x25	 x19:0xfffffdd6 x25:0x00000000 x10=0xfffffdd6
     316185.000 ns	     31617	80006c8c	d000f4d3	fcvt.s.w	f9,x1	  x1:0x00000001  f9=0x3f800000
     316205.000 ns	     31619	80006c90	4092d213	srai	x4,x5,0x9	  x5:0x00000000  x4=0x00000000
     316215.000 ns	     31620	80006c94	016c3db3	sltu	x27,x24,x22	 x24:0xff000027 x22:0xfffffffa x27=0x00000001
     316235.000 ns	     31622	80006c98	d00e7c53	fcvt.s.w	f24,x28	 x28:0x00000384 f24=0x44610000
     316265.000 ns	     31625	80006c9c	a1c4a453	feq.s	x8,f9,f28	  f9:0x3f800000 f28:0x7fc00000  x8=0x00000000
     316295.000 ns	     31628	80006ca0	206c0453	fsgnj.s	f8,f24,f6	 f24:0x44610000  f6:0x80000000  f8=0xc4610000
     316315.000 ns	     31630	80006ca4	0c113eb7	lui	x29,0xc113	 x29=0x0c113000
     316335.000 ns	     31632	80006ca8	d0077c53	fcvt.s.w	f24,x14	 x14:0x80041024 f24=0xcefff7df
     316365.000 ns	     31635	80006cac	20851453	fsgnjn.s	f8,f10,f8	 f10:0x40000000  f8:0xc4610000  f8=0x40000000
     316735.000 ns	     31672	80006cb0	03b64533	div	x10,x12,x27	 x12:0xb7193bf4 x27:0x00000001 x10=0xb7193bf4
     316755.000 ns	     31674	80006cb4	8e887b13	andi	x22,x16,-1816	 x16:0x00000002 x22=0x00000000
     316765.000 ns	     31675	80006cb8	001f4cb3	xor	x25,x30,x1	 x30:0x7ffbefdc  x1:0x00000001 x25=0x7ffbefdd
     316775.000 ns	     31676	80006cbc	26f43213	sltiu	x4,x8,623	  x8:0x00000000  x4=0x00000001
     316795.000 ns	     31678	80006cc0	217b9b53	fsgnjn.s	f22,f23,f23	 f23:0x7fc00000 f23:0x7fc00000 f22=0xffc00000
     316815.000 ns	     31680	80006cc4	41e00133	sub	x2,x0,x30	  x0:0x00000000 x30:0x7ffbefdc  x2=0x80041024
     316835.000 ns	     31682	80006cc8	d01c7253	fcvt.s.wu	f4,x24	 x24:0xff000027  f4=0x4f7f0000
     316855.000 ns	     31684	80006ccc	aeec6413	ori	x8,x24,-1298	 x24:0xff000027  x8=0xfffffaef
     316865.000 ns	     31685	80006cd0	01f89793	slli	x15,x17,0x1f	 x17:0xfffff959 x15=0x80000000
     316885.000 ns	     31687	80006cd4	201d87d3	fsgnj.s	f15,f27,f1	 f27:0xffc00000  f1:0x80000000 f15=0xffc00000
     316915.000 ns	     31690	80006cd8	03ab9a33	mulh	x20,x23,x26	 x23:0x00000497 x26:0xc0020812 x20=0xfffffeda
     316945.000 ns	     31693	80006cdc	e00d9553	fclass.s	x10,f27	 f27:0xffc00000 x10=0x00000200
     316965.000 ns	     31695	80006ce0	012557b3	srl	x15,x10,x18	 x10:0xb7193bf4 x18:0x80040fe4 x15=0x00000020
     317325.000 ns	     31731	80006ce4	030066b3	rem	x13,x0,x16	  x0:0x00000000 x16:0x00000002 x13=0x00000000
     317355.000 ns	     31734	80006ce8	a16e8553	fle.s	x10,f29,f22	 f29:0x7fc00000 f22:0xffc00000 x10=0x00000000
     317375.000 ns	     31736	80006cec	01bc2633	slt	x12,x24,x27	 x24:0xff000027 x27:0x00000001 x12=0x00000001
     317395.000 ns	     31738	80006cf0	02b3e1b3	rem	x3,x7,x11	  x7:0x00000000 x11:0x00000000  x3=0x00000000
     317445.000 ns	     31743	80006cf4	0013fdd3	fadd.s	f27,f7,f1	  f7:0x7fc00000  f1:0x80000000 f27=0x7fc00000
     317475.000 ns	     31746	80006cf8	21dd8753	fsgnj.s	f14,f27,f29	 f27:0xffc00000 f29:0x7fc00000 f14=0x7fc00000
     317495.000 ns	     31748	80006cfc	00040133	add	x2,x8,x0	  x8:0xfffffaef  x0:0x00000000  x2=0xfffffaef
     317505.000 ns	     31749	80006d00	4174d433	sra	x8,x9,x23	  x9:0x00000087 x23:0x00000497  x8=0x00000000
     318675.000 ns	     31866	80006d04	580070d3	fsqrt.s	f1,f0	  f0:0x40000000  f1=0x3f350482
     318695.000 ns	     31868	80006d08	40b6d413	srai	x8,x13,0xb	 x13:0x00000000  x8=0x00000000
     318705.000 ns	     31869	80006d0c	415ede33	sra	x28,x29,x21	 x29:0x0c113000 x21:0x00000000 x28=0x0c113000
     318715.000 ns	     31870	80006d10	400f55b3	sra	x11,x30,x0	 x30:0x7ffbefdc  x0:0x00000000 x11=0x7ffbefdc
     318725.000 ns	     31871	80006d14	41998fb3	sub	x31,x19,x25	 x19:0xfffffdd6 x25:0x7ffbefdd x31=0x80040df9
     319085.000 ns	     31907	80006d18	039c6433	rem	x8,x24,x25	 x24:0xff000027 x25:0x7ffbefdd  x8=0xff000027
     319105.000 ns	     31909	80006d1c	d898bb13	sltiu	x22,x17,-631	 x17:0xfffff959 x22=0x00000001
     319465.000 ns	     31945	80006d20	03e672b3	remu	x5,x12,x30	 x12:0x00000001 x30:0x7ffbefdc  x5=0x00000001
     319505.000 ns	     31949	80006d24	18973b53	fdiv.s	f22,f14,f9	 f14:0x7fc00000  f9:0x3f800000 f22=0x7fc00000
     319525.000 ns	     31951	80006d28	00c13433	sltu	x8,x2,x12	  x2:0xfffffaef x12:0x00000001  x8=0x00000000
     319535.000 ns	     31952	80006d2c	00c99433	sll	x8,x19,x12	 x19:0xfffffdd6 x12:0x00000001  x8=0xfffffbac
     319545.000 ns	     31953	80006d30	fed36f13	ori	x30,x6,-19	  x6:0x7fffffff x30=0xffffffff
     319555.000 ns	     31954	80006d34	00785333	srl	x6,x16,x7	 x16:0x00000002  x7:0x00000000  x6=0x00000002
     319575.000 ns	     31956	80006d38	0305b7b3	mulhu	x15,x11,x16	 x11:0x7ffbefdc x16:0x00000002 x15=0x00000000
     319595.000 ns	     31958	80006d3c	00362e33	slt	x28,x12,x3	 x12:0x00000001  x3:0x00000000 x28=0x00000000
     319605.000 ns	     31959	80006d40	55aae293	ori	x5,x21,1370	 x21:0x00000000  x5=0x0000055a
     319625.000 ns	     31961	80006d44	f0000753	fmv.w.x	f14,x0	  x0:0x00000000 f14=0x00000000
     319645.000 ns	     31963	80006d48	00d41193	slli	x3,x8,0xd	  x8:0xfffffbac  x3=0xff758000
     319665.000 ns	     31965	80006d4c	a0028553	fle.s	x10,f5,f0	  f5:0x00000000  f0:0x40000000 x10=0x00000001
     319685.000 ns	     31967	80006d50	3c67c6b7	lui	x13,0x3c67c	 x13=0x3c67c000
     319705.000 ns	     31969	80006d54	d00fb653	fcvt.s.w	f12,x31	 x31:0x80040df9 f12=0xcefff7e5
     319725.000 ns	     31971	80006d58	668a2293	slti	x5,x20,1640	 x20:0xfffffeda  x5=0x00000001
     319735.000 ns	     31972	80006d5c	00441133	sll	x2,x8,x4	  x8:0xfffffbac  x4:0x00000001  x2=0xfffff758
     319755.000 ns	     31974	80006d60	f0080153	fmv.w.x	f2,x16	 x16:0x00000002  f2=0x00000002
     319775.000 ns	     31976	80006d64	18926e17	auipc	x28,0x18926	 x28=0x9892cd64
     319795.000 ns	     31978	80006d68	20390253	fsgnj.s	f4,f18,f3	 f18:0x477f0000  f3:0x00000000  f4=0x477f0000
     319815.000 ns	     31980	80006d6c	014abd33	sltu	x26,x21,x20	 x21:0x00000000 x20:0xfffffeda x26=0x00000001
     319855.000 ns	     31984	80006d70	09c87253	fsub.s	f4,f16,f28	 f16:0x7fc00000 f28:0x7fc00000  f4=0x7fc00000
     319885.000 ns	     31987	80006d74	e00000d3	fmv.x.w	x1,f0	  f0:0x40000000  x1=0x40000000
     319905.000 ns	     31989	80006d78	01a447b3	xor	x15,x8,x26	  x8:0xfffffbac x26:0x00000001 x15=0xfffffbad
     319915.000 ns	     31990	80006d7c	00b445b3	xor	x11,x8,x11	  x8:0xfffffbac x11:0x7ffbefdc x11=0x80041470
     319925.000 ns	     31991	80006d80	c2f8c593	xori	x11,x17,-977	 x17:0xfffff959 x11=0x00000576
     319935.000 ns	     31992	80006d84	00619a93	slli	x21,x3,0x6	  x3:0xff758000 x21=0xdd600000
     319965.000 ns	     31995	80006d88	11a72653	fmul.s	f12,f14,f26	 f14:0x00000000 f26:0xffc00000 f12=0x7fc00000
     320335.000 ns	     32032	80006d8c	0383e633	rem	x12,x7,x24	  x7:0x00000000 x24:0xff000027 x12=0x00000000
     320355.000 ns	     32034	80006d90	9e5bf317	auipc	x6,0x9e5bf	  x6=0x1e5c5d90
     320715.000 ns	     32070	80006d94	03d7d033	divu	x0,x15,x29	 x15:0xfffffbad x29:0x0c113000
     320735.000 ns	     32072	80006d98	41cdde13	srai	x28,x27,0x1c	 x27:0x00000001 x28=0x00000000
     320745.000 ns	     32073	80006d9c	c8da31b7	lui	x3,0xc8da3	  x3=0xc8da3000
     320755.000 ns	     32074	80006da0	b0b87193	andi	x3,x16,-1269	 x16:0x00000002  x3=0x00000002
     320765.000 ns	     32075	80006da4	dff6f013	andi	x0,x13,-513	 x13:0x3c67c000
     321125.000 ns	     32111	80006da8	02ace6b3	rem	x13,x25,x10	 x25:0x7ffbefdd x10:0x00000001 x13=0x00000000
     321165.000 ns	     32115	80006dac	580e49d3	fsqrt.s	f19,f28	 f28:0x7fc00000 f19=0x7fc00000
     321185.000 ns	     32117	80006db0	40c35bb3	sra	x23,x6,x12	  x6:0x1e5c5d90 x12:0x00000000 x23=0x1e5c5d90
     321205.000 ns	     32119	80006db4	03cd0d33	mul	x26,x26,x28	 x26:0x00000001 x28:0x00000000 x26=0x00000000
     321235.000 ns	     32122	80006db8	20750ad3	fsgnj.s	f21,f10,f7	 f10:0x40000000  f7:0x7fc00000 f21=0x40000000
     321265.000 ns	     32125	80006dbc	038f8a33	mul	x20,x31,x24	 x31:0x80040df9 x24:0xff000027 x20=0x879e20ef
     321285.000 ns	     32127	80006dc0	00000013	addi	x0,x0,0	  x0:0x00000000
     321325.000 ns	     32131	80006dc4	00ce7953	fadd.s	f18,f28,f12	 f28:0x7fc00000 f12:0x7fc00000 f18=0x7fc00000
     321355.000 ns	     32134	80006dc8	e0058e53	fmv.x.w	x28,f11	 f11:0x00000000 x28=0x00000000
     321375.000 ns	     32136	80006dcc	d4717e13	andi	x28,x2,-697	  x2:0xfffff758 x28=0xfffff540
     321395.000 ns	     32138	80006dd0	c01077d3	fcvt.wu.s	x15,f0	  f0:0x40000000 x15=0x00000002
     321425.000 ns	     32141	80006dd4	02f98d33	mul	x26,x19,x15	 x19:0xfffffdd6 x15:0xfffffbad x26=0xfffffbac
     321445.000 ns	     32143	80006dd8	0f980693	addi	x13,x16,249	 x16:0x00000002 x13=0x000000fb
     321455.000 ns	     32144	80006ddc	65df6b93	ori	x23,x30,1629	 x30:0xffffffff x23=0xffffffff
     321465.000 ns	     32145	80006de0	00000013	addi	x0,x0,0	  x0:0x00000000
     321475.000 ns	     32146	80006de4	00631d33	sll	x26,x6,x6	  x6:0x1e5c5d90  x6:0x1e5c5d90 x26=0x5d900000
     321495.000 ns	     32148	80006de8	c001f453	fcvt.w.s	x8,f3	  f3:0x00000000  x8=0x00000000
     321515.000 ns	     32150	80006dec	00000013	addi	x0,x0,0	  x0:0x00000000
     321525.000 ns	     32151	80006df0	a9936e13	ori	x28,x6,-1383	  x6:0x1e5c5d90 x28=0xffffff99
     321545.000 ns	     32153	80006df4	02ef3433	mulhu	x8,x30,x14	 x30:0xffffffff x14:0x80041024  x8=0x80041023
     321565.000 ns	     32155	80006df8	40db54b3	sra	x9,x22,x13	 x22:0x00000001 x13:0x000000fb  x9=0x00000000
     321575.000 ns	     32156	80006dfc	ddbf6313	ori	x6,x30,-549	 x30:0xffffffff  x6=0xffffffff
     321935.000 ns	     32192	80006e00	038a6bb3	rem	x23,x20,x24	 x20:0x879e20ef x24:0xff000027 x23=0xff9e0ea7
     321955.000 ns	     32194	80006e04	409ed133	sra	x2,x29,x9	 x29:0x0c113000  x9:0x00000000  x2=0x0c113000
     321965.000 ns	     32195	80006e08	7c534c93	xori	x25,x6,1989	  x6:0xffffffff x25=0xfffff83a
     321985.000 ns	     32197	80006e0c	a09089d3	fle.s	x19,f1,f9	  f1:0x3f350482  f9:0x3f800000 x19=0x00000001
     322015.000 ns	     32200	80006e10	e00704d3	fmv.x.w	x9,f14	 f14:0x00000000  x9=0x00000000
     322385.000 ns	     32237	80006e14	03ba7c33	remu	x24,x20,x27	 x20:0x879e20ef x27:0x00000001 x24=0x00000000
     322415.000 ns	     32240	80006e18	038f55b3	divu	x11,x30,x24	 x30:0xffffffff x24:0xff000027 x11=0xffffffff
     322435.000 ns	     32242	80006e1c	0102ed33	or	x26,x5,x16	  x5:0x00000001 x16:0x00000002 x26=0x00000003
     322475.000 ns	     32246	80006e20	08b5f153	fsub.s	f2,f11,f11	 f11:0x00000000 f11:0x00000000  f2=0x80000000
     322495.000 ns	     32248	80006e24	00953433	sltu	x8,x10,x9	 x10:0x00000001  x9:0x00000000  x8=0x00000000
     322505.000 ns	     32249	80006e28	01fdefb3	or	x31,x27,x31	 x27:0x00000001 x31:0x80040df9 x31=0x80040df9
     322515.000 ns	     32250	80006e2c	dd77cb93	xori	x23,x15,-553	 x15:0x00000002 x23=0xfffffdd5
     322525.000 ns	     32251	80006e30	40705bb3	sra	x23,x0,x7	  x0:0x00000000  x7:0x00000000 x23=0x00000000
     322545.000 ns	     32253	80006e34	e00f1f53	fclass.s	x30,f30	 f30:0x40000000 x30=0x00000040
     322575.000 ns	     32256	80006e38	29779953	fmax.s	f18,f15,f23	 f15:0xffc00000 f23:0x7fc00000 f18=0x7fc00000
     322625.000 ns	     32261	80006e3c	01e1f2d3	fadd.s	f5,f3,f30	  f3:0x00000000 f30:0x40000000  f5=0x40000000
     322655.000 ns	     32264	80006e40	02020eb3	mul	x29,x4,x0	  x4:0x00000001  x0:0x00000000 x29=0x00000000
     322685.000 ns	     32267	80006e44	a0968353	fle.s	x6,f13,f9	 f13:0x40000000  f9:0x3f800000  x6=0x00000000
     322705.000 ns	     32269	80006e48	002701b3	add	x3,x14,x2	 x14:0x80041024  x2:0x0c113000  x3=0x8c154024
     322715.000 ns	     32270	80006e4c	00f50ab3	add	x21,x10,x15	 x10:0x00000001 x15:0x00000002 x21=0x00000003
     322735.000 ns	     32272	80006e50	d0107253	fcvt.s.wu	f4,x0	  x0:0x00000000  f4=0x00000000
     322755.000 ns	     32274	80006e54	0166c1b3	xor	x3,x13,x22	 x13:0x000000fb x22:0x00000001  x3=0x000000fa
     322775.000 ns	     32276	80006e58	e0080253	fmv.x.w	x4,f16	 f16:0x7fc00000  x4=0x7fc00000
     322805.000 ns	     32279	80006e5c	28f48653	fmin.s	f12,f9,f15	  f9:0x3f800000 f15:0xffc00000 f12=0x3f800000
     322835.000 ns	     32282	80006e60	20402bd3	fsgnjx.s	f23,f0,f4	  f0:0x40000000  f4:0x00000000 f23=0x40000000
     322855.000 ns	     32284	80006e64	40800533	sub	x10,x0,x8	  x0:0x00000000  x8:0x00000000 x10=0x00000000
     322875.000 ns	     32286	80006e68	0381e333	rem	x6,x3,x24	  x3:0x000000fa x24:0x00000000  x6=0x000000fa
     322905.000 ns	     32289	80006e6c	28b587d3	fmin.s	f15,f11,f11	 f11:0x00000000 f11:0x00000000 f15=0x00000000
     322935.000 ns	     32292	80006e70	03cb12b3	mulh	x5,x22,x28	 x22:0x00000001 x28:0xffffff99  x5=0xffffffff
     323305.000 ns	     32329	80006e74	0236cb33	div	x22,x13,x3	 x13:0x000000fb  x3:0x000000fa x22=0x00000001
     323335.000 ns	     32332	80006e78	02fc0233	mul	x4,x24,x15	 x24:0x00000000 x15:0x00000002  x4=0x00000000
     323375.000 ns	     32336	80006e7c	580c79d3	fsqrt.s	f19,f24	 f24:0xcefff7df f19=0x7fc00000
     323425.000 ns	     32341	80006e80	01de73d3	fadd.s	f7,f28,f29	 f28:0x7fc00000 f29:0x7fc00000  f7=0x7fc00000
     323445.000 ns	     32343	80006e84	915cf797	auipc	x15,0x915cf	 x15=0x115d5e84
     323465.000 ns	     32345	80006e88	e00613d3	fclass.s	x7,f12	 f12:0x3f800000  x7=0x00000040
     323835.000 ns	     32382	80006e8c	03614fb3	div	x31,x2,x22	  x2:0x0c113000 x22:0x00000001 x31=0x0c113000
     323855.000 ns	     32384	80006e90	d6640c93	addi	x25,x8,-666	  x8:0x00000000 x25=0xfffffd66
     323875.000 ns	     32386	80006e94	d0011e53	fcvt.s.w	f28,x2	  x2:0x0c113000 f28=0x4d411300
     323905.000 ns	     32389	80006e98	03003cb3	mulhu	x25,x0,x16	  x0:0x00000000 x16:0x00000002 x25=0x00000000
     323935.000 ns	     32392	80006e9c	29dc0fd3	fmin.s	f31,f24,f29	 f24:0xcefff7df f29:0x7fc00000 f31=0xcefff7df
     324305.000 ns	     32429	80006ea0	03fd4b33	div	x22,x26,x31	 x26:0x00000003 x31:0x0c113000 x22=0x00000000
     324325.000 ns	     32431	80006ea4	0110fd33	and	x26,x1,x17	  x1:0x40000000 x17:0xfffff959 x26=0x40000000
     324345.000 ns	     32433	80006ea8	a19d8dd3	fle.s	x27,f27,f25	 f27:0x7fc00000 f25:0x00000000 x27=0x00000000
     324395.000 ns	     32438	80006eac	016170d3	fadd.s	f1,f2,f22	  f2:0x80000000 f22:0x7fc00000  f1=0x7fc00000
     324415.000 ns	     32440	80006eb0	b976ed13	ori	x26,x13,-1129	 x13:0x000000fb x26=0xfffffbff
     324425.000 ns	     32441	80006eb4	ce66f217	auipc	x4,0xce66f	  x4=0x4e675eb4
     324435.000 ns	     32442	80006eb8	41f88d33	sub	x26,x17,x31	 x17:0xfffff959 x31:0x0c113000 x26=0xf3eec959
     324445.000 ns	     32443	80006ebc	86807293	andi	x5,x0,-1944	  x0:0x00000000  x5=0x00000000
     324475.000 ns	     32446	80006ec0	11194953	fmul.s	f18,f18,f17	 f18:0x7fc00000 f17:0x00000000 f18=0x7fc00000
     324525.000 ns	     32451	80006ec4	0813fe53	fsub.s	f28,f7,f1	  f7:0x7fc00000  f1:0x7fc00000 f28=0x7fc00000
     324575.000 ns	     32456	80006ec8	004af9d3	fadd.s	f19,f21,f4	 f21:0x40000000  f4:0x00000000 f19=0x40000000
     324595.000 ns	     32458	80006ecc	a1b4ab93	slti	x23,x9,-1509	  x9:0x00000000 x23=0x00000000
     324605.000 ns	     32459	80006ed0	410bd0b3	sra	x1,x23,x16	 x23:0x00000000 x16:0x00000002  x1=0x00000000
     324625.000 ns	     32461	80006ed4	02557a33	remu	x20,x10,x5	 x10:0x00000000  x5:0x00000000 x20=0x00000000
     324645.000 ns	     32463	80006ed8	014adbb3	srl	x23,x21,x20	 x21:0x00000003 x20:0x879e20ef x23=0x00000003
     324665.000 ns	     32465	80006edc	02bd14b3	mulh	x9,x26,x11	 x26:0xf3eec959 x11:0xffffffff  x9=0x00000000
     324685.000 ns	     32467	80006ee0	01bf1313	slli	x6,x30,0x1b	 x30:0x00000040  x6=0x00000000
     324695.000 ns	     32468	80006ee4	39316093	ori	x1,x2,915	  x2:0x0c113000  x1=0x0c113393
     324705.000 ns	     32469	80006ee8	00000013	addi	x0,x0,0	  x0:0x00000000
     324725.000 ns	     32471	80006eec	d009acd3	fcvt.s.w	f25,x19	 x19:0x00000001 f25=0x3f800000
     324755.000 ns	     32474	80006ef0	e0030453	fmv.x.w	x8,f6	  f6:0x80000000  x8=0x80000000
     324775.000 ns	     32476	80006ef4	010dacb3	slt	x25,x27,x16	 x27:0x00000000 x16:0x00000002 x25=0x00000001
     324785.000 ns	     32477	80006ef8	01738e33	add	x28,x7,x23	  x7:0x00000040 x23:0x00000003 x28=0x00000043
     324805.000 ns	     32479	80006efc	293e0353	fmin.s	f6,f28,f19	 f28:0x7fc00000 f19:0x40000000  f6=0x40000000
     324835.000 ns	     32482	80006f00	204eadd3	fsgnjx.s	f27,f29,f4	 f29:0x7fc00000  f4:0x00000000 f27=0x7fc00000
     324865.000 ns	     32485	80006f04	e0049ed3	fclass.s	x29,f9	  f9:0x3f800000 x29=0x00000040
     324895.000 ns	     32488	80006f08	03cfb533	mulhu	x10,x31,x28	 x31:0x0c113000 x28:0x00000043 x10=0x00000003
     324935.000 ns	     32492	80006f0c	197b32d3	fdiv.s	f5,f22,f23	 f22:0x7fc00000 f23:0x40000000  f5=0x7fc00000
     324955.000 ns	     32494	80006f10	01081293	slli	x5,x16,0x10	 x16:0x00000002  x5=0x00020000
     325315.000 ns	     32530	80006f14	03fdce33	div	x28,x27,x31	 x27:0x00000000 x31:0x0c113000 x28=0x00000000
     325335.000 ns	     32532	80006f18	0184ff33	and	x30,x9,x24	  x9:0x00000000 x24:0x00000000 x30=0x00000000
     325345.000 ns	     32533	80006f1c	0024ba33	sltu	x20,x9,x2	  x9:0x00000000  x2:0x0c113000 x20=0x00000001
     325365.000 ns	     32535	80006f20	e00a10d3	fclass.s	x1,f20	 f20:0x7fc00000  x1=0x00000200
     325405.000 ns	     32539	80006f24	11bf9153	fmul.s	f2,f31,f27	 f31:0xcefff7df f27:0x7fc00000  f2=0x7fc00000
     325435.000 ns	     32542	80006f28	f00c0dd3	fmv.w.x	f27,x24	 x24:0x00000000 f27=0x00000000
     325455.000 ns	     32544	80006f2c	01c55533	srl	x10,x10,x28	 x10:0x00000003 x28:0x00000000 x10=0x00000003
     325465.000 ns	     32545	80006f30	c66f7313	andi	x6,x30,-922	 x30:0x00000000  x6=0x00000000
     325475.000 ns	     32546	80006f34	4195dd13	srai	x26,x11,0x19	 x11:0xffffffff x26=0xffffffff
     325835.000 ns	     32582	80006f38	027ffab3	remu	x21,x31,x7	 x31:0x0c113000  x7:0x00000040 x21=0x00000000
     325865.000 ns	     32585	80006f3c	a1199d53	flt.s	x26,f19,f17	 f19:0x40000000 f17:0x00000000 x26=0x00000000
     325885.000 ns	     32587	80006f40	d72c2e97	auipc	x29,0xd72c2	 x29=0x572c8f40
     325925.000 ns	     32591	80006f44	008322d3	fadd.s	f5,f6,f8	  f6:0x40000000  f8:0x40000000  f5=0x40800000
     325955.000 ns	     32594	80006f48	02904ab3	div	x21,x0,x9	  x0:0x00000000  x9:0x00000000 x21=0xffffffff
     325975.000 ns	     32596	80006f4c	b3810193	addi	x3,x2,-1224	  x2:0x0c113000  x3=0x0c112b38
     326335.000 ns	     32632	80006f50	022cfc33	remu	x24,x25,x2	 x25:0x00000001  x2:0x0c113000 x24=0x00000001
     326365.000 ns	     32635	80006f54	c016b553	fcvt.wu.s	x10,f13	 f13:0x40000000 x10=0x00000002
     326395.000 ns	     32638	80006f58	020b03b3	mul	x7,x22,x0	 x22:0x00000000  x0:0x00000000  x7=0x00000000
     326425.000 ns	     32641	80006f5c	c0031453	fcvt.w.s	x8,f6	  f6:0x40000000  x8=0x00000002
     326445.000 ns	     32643	80006f60	015c13b3	sll	x7,x24,x21	 x24:0x00000001 x21:0xffffffff  x7=0x80000000
     326465.000 ns	     32645	80006f64	a1042453	feq.s	x8,f8,f16	  f8:0x40000000 f16:0x7fc00000  x8=0x00000000
     326485.000 ns	     32647	80006f68	00000013	addi	x0,x0,0	  x0:0x00000000
     326505.000 ns	     32649	80006f6c	a0f7acd3	feq.s	x25,f15,f15	 f15:0x00000000 f15:0x00000000 x25=0x00000001
     326525.000 ns	     32651	80006f70	01491e93	slli	x29,x18,0x14	 x18:0x80040fe4 x29=0xfe400000
     326535.000 ns	     32652	80006f74	0124a9b3	slt	x19,x9,x18	  x9:0x00000000 x18:0x80040fe4 x19=0x00000000
     326555.000 ns	     32654	80006f78	a1abaad3	feq.s	x21,f23,f26	 f23:0x40000000 f26:0xffc00000 x21=0x00000000
     326575.000 ns	     32656	80006f7c	01956bb3	or	x23,x10,x25	 x10:0x00000002 x25:0x00000001 x23=0x00000003
     326595.000 ns	     32658	80006f80	29b291d3	fmax.s	f3,f5,f27	  f5:0x40800000 f27:0x00000000  f3=0x40800000
     326615.000 ns	     32660	80006f84	0051b333	sltu	x6,x3,x5	  x3:0x0c112b38  x5:0x00020000  x6=0x00000000
     326635.000 ns	     32662	80006f88	03bf5d33	divu	x26,x30,x27	 x30:0x00000000 x27:0x00000000 x26=0xffffffff
     326665.000 ns	     32665	80006f8c	c00ef5d3	fcvt.w.s	x11,f29	 f29:0x7fc00000 x11=0x7fffffff
     326685.000 ns	     32667	80006f90	00000013	addi	x0,x0,0	  x0:0x00000000
     326695.000 ns	     32668	80006f94	419c59b3	sra	x19,x24,x25	 x24:0x00000001 x25:0x00000001 x19=0x00000000
     326705.000 ns	     32669	80006f98	75c04f13	xori	x30,x0,1884	  x0:0x00000000 x30=0x0000075c
     327065.000 ns	     32705	80006f9c	021051b3	divu	x3,x0,x1	  x0:0x00000000  x1:0x00000200  x3=0x00000000
     327085.000 ns	     32707	80006fa0	00cca4b3	slt	x9,x25,x12	 x25:0x00000001 x12:0x00000000  x9=0x00000000
     327095.000 ns	     32708	80006fa4	422a6893	ori	x17,x20,1058	 x20:0x00000001 x17=0x00000423
     327115.000 ns	     32710	80006fa8	e0021dd3	fclass.s	x27,f4	  f4:0x00000000 x27=0x00000010
     327155.000 ns	     32714	80006fac	11d07853	fmul.s	f16,f0,f29	  f0:0x40000000 f29:0x7fc00000 f16=0x7fc00000
     327185.000 ns	     32717	80006fb0	d001f453	fcvt.s.w	f8,x3	  x3:0x00000000  f8=0x00000000
     327205.000 ns	     32719	80006fb4	40a45ab3	sra	x21,x8,x10	  x8:0x00000000 x10:0x00000002 x21=0x00000000
     327215.000 ns	     32720	80006fb8	0051da33	srl	x20,x3,x5	  x3:0x00000000  x5:0x00020000 x20=0x00000000
     327225.000 ns	     32721	80006fbc	fc497f93	andi	x31,x18,-60	 x18:0x80040fe4 x31=0x80040fc4
     327235.000 ns	     32722	80006fc0	41800b33	sub	x22,x0,x24	  x0:0x00000000 x24:0x00000001 x22=0xffffffff
     327245.000 ns	     32723	80006fc4	004e0033	add	x0,x28,x4	 x28:0x00000000  x4:0x4e675eb4
     327275.000 ns	     32726	80006fc8	1053f953	fmul.s	f18,f7,f5	  f7:0x7fc00000  f5:0x40800000 f18=0x7fc00000
     327305.000 ns	     32729	80006fcc	0203d4b3	divu	x9,x7,x0	  x7:0x80000000  x0:0x00000000  x9=0xffffffff
     327325.000 ns	     32731	80006fd0	40b95613	srai	x12,x18,0xb	 x18:0x80040fe4 x12=0xfff00081
     327345.000 ns	     32733	80006fd4	03318ab3	mul	x21,x3,x19	  x3:0x00000000 x19:0x00000000 x21=0x00000000
     327395.000 ns	     32738	80006fd8	0180f2d3	fadd.s	f5,f1,f24	  f1:0x7fc00000 f24:0xcefff7df  f5=0x7fc00000
     327425.000 ns	     32741	80006fdc	e0001053	fclass.s	x0,f0	  f0:0x40000000
     327795.000 ns	     32778	80006fe0	02d9d2b3	divu	x5,x19,x13	 x19:0x00000000 x13:0x000000fb  x5=0x00000000
     327825.000 ns	     32781	80006fe4	208a00d3	fsgnj.s	f1,f20,f8	 f20:0x7fc00000  f8:0x00000000  f1=0x7fc00000
     327855.000 ns	     32784	80006fe8	a0ca2353	feq.s	x6,f20,f12	 f20:0x7fc00000 f12:0x3f800000  x6=0x00000000
     327875.000 ns	     32786	80006fec	0081c533	xor	x10,x3,x8	  x3:0x00000000  x8:0x00000000 x10=0x00000000
     327885.000 ns	     32787	80006ff0	5a79b793	sltiu	x15,x19,1447	 x19:0x00000000 x15=0x00000001
     327905.000 ns	     32789	80006ff4	281f9ed3	fmax.s	f29,f31,f1	 f31:0xcefff7df  f1:0x7fc00000 f29=0xcefff7df
     327935.000 ns	     32792	80006ff8	20c32d53	fsgnjx.s	f26,f6,f12	  f6:0x40000000 f12:0x3f800000 f26=0x40000000
     327965.000 ns	     32795	80006ffc	02352333	mulhsu	x6,x10,x3	 x10:0x00000000  x3:0x00000000  x6=0x00000000
     328005.000 ns	     32799	80007000	198e4ed3	fdiv.s	f29,f28,f24	 f28:0x7fc00000 f24:0xcefff7df f29=0x7fc00000
     328035.000 ns	     32802	80007004	c0124dd3	fcvt.wu.s	x27,f4	  f4:0x00000000 x27=0x00000000
     328065.000 ns	     32805	80007008	d00cf7d3	fcvt.s.w	f15,x25	 x25:0x00000001 f15=0x3f800000
     328085.000 ns	     32807	8000700c	0105f5b3	and	x11,x11,x16	 x11:0x7fffffff x16:0x00000002 x11=0x00000002
     328095.000 ns	     32808	80007010	406707b3	sub	x15,x14,x6	 x14:0x80041024  x6:0x00000000 x15=0x80041024
     328115.000 ns	     32810	80007014	a18190d3	flt.s	x1,f3,f24	  f3:0x40800000 f24:0xcefff7df  x1=0x00000000
     328485.000 ns	     32847	80007018	0319fd33	remu	x26,x19,x17	 x19:0x00000000 x17:0x00000423 x26=0x00000000
     328515.000 ns	     32850	8000701c	d00b8dd3	fcvt.s.w	f27,x23	 x23:0x00000003 f27=0x40400000
     328535.000 ns	     32852	80007020	1ed94f13	xori	x30,x18,493	 x18:0x80040fe4 x30=0x80040e09
     328555.000 ns	     32854	80007024	d01f1553	fcvt.s.wu	f10,x30	 x30:0x0000075c f10=0x4f00040e
     328575.000 ns	     32856	80007028	01621213	slli	x4,x4,0x16	  x4:0x4e675eb4  x4=0xad000000
     328585.000 ns	     32857	8000702c	410646b7	lui	x13,0x41064	 x13=0x41064000
     328595.000 ns	     32858	80007030	5583ac93	slti	x25,x7,1368	  x7:0x80000000 x25=0x00000001
     328635.000 ns	     32862	80007034	08cc43d3	fsub.s	f7,f24,f12	 f24:0xcefff7df f12:0x3f800000  f7=0xcefff7df
     328665.000 ns	     32865	80007038	03509db3	mulh	x27,x1,x21	  x1:0x00000000 x21:0x00000000 x27=0x00000000
     328685.000 ns	     32867	8000703c	00ccc233	xor	x4,x25,x12	 x25:0x00000001 x12:0xfff00081  x4=0xfff00080
     328695.000 ns	     32868	80007040	01a8efb3	or	x31,x17,x26	 x17:0x00000423 x26:0x00000000 x31=0x00000423
     328725.000 ns	     32871	80007044	10ff8e53	fmul.s	f28,f31,f15	 f31:0xcefff7df f15:0x3f800000 f28=0xcefff7e0
     328745.000 ns	     32873	80007048	3c82c593	xori	x11,x5,968	  x5:0x00000000 x11=0x000003c8
     328765.000 ns	     32875	8000704c	f00008d3	fmv.w.x	f17,x0	  x0:0x00000000 f17=0x00000000
     329135.000 ns	     32912	80007050	0380fcb3	remu	x25,x1,x24	  x1:0x00000000 x24:0x00000001 x25=0x00000000
     329165.000 ns	     32915	80007054	d01c78d3	fcvt.s.wu	f17,x24	 x24:0x00000001 f17=0x3f800000
     329195.000 ns	     32918	80007058	d0082653	fcvt.s.w	f12,x16	 x16:0x00000002 f12=0x40000000
     329215.000 ns	     32920	8000705c	00000013	addi	x0,x0,0	  x0:0x00000000
     329225.000 ns	     32921	80007060	017f7bb3	and	x23,x30,x23	 x30:0x80040e09 x23:0x00000003 x23=0x00000001
     329245.000 ns	     32923	80007064	295b1553	fmax.s	f10,f22,f21	 f22:0x7fc00000 f21:0x40000000 f10=0x40000000
     329275.000 ns	     32926	80007068	036faeb3	mulhsu	x29,x31,x22	 x31:0x00000423 x22:0xffffffff x29=0x00000422
     329295.000 ns	     32928	8000706c	00f550b3	srl	x1,x10,x15	 x10:0x00000000 x15:0x80041024  x1=0x00000000
     329315.000 ns	     32930	80007070	212b0cd3	fsgnj.s	f25,f22,f18	 f22:0x7fc00000 f18:0x7fc00000 f25=0x7fc00000
     329335.000 ns	     32932	80007074	002ed893	srli	x17,x29,0x2	 x29:0x00000422 x17=0x00000108
     329345.000 ns	     32933	80007078	019e00b3	add	x1,x28,x25	 x28:0x00000000 x25:0x00000000  x1=0x00000000
     330515.000 ns	     33050	8000707c	580af953	fsqrt.s	f18,f21	 f21:0x40000000 f18=0x3f350482
     330535.000 ns	     33052	80007080	df1c2213	slti	x4,x24,-527	 x24:0x00000001  x4=0x00000000
     330545.000 ns	     33053	80007084	00ad9433	sll	x8,x27,x10	 x27:0x00000000 x10:0x00000000  x8=0x00000000
     330555.000 ns	     33054	80007088	400d0133	sub	x2,x26,x0	 x26:0x00000000  x0:0x00000000  x2=0x00000000
     330565.000 ns	     33055	8000708c	01875133	srl	x2,x14,x24	 x14:0x80041024 x24:0x00000001  x2=0x40020812
     330595.000 ns	     33058	80007090	5802f653	fsqrt.s	f12,f5	  f5:0x7fc00000 f12=0x7fc00000
     330615.000 ns	     33060	80007094	f475aa93	slti	x21,x11,-185	 x11:0x000003c8 x21=0x00000000
     330625.000 ns	     33061	80007098	50553513	sltiu	x10,x10,1285	 x10:0x00000000 x10=0x00000001
     330665.000 ns	     33065	8000709c	09932053	fsub.s	f0,f6,f25	  f6:0x40000000 f25:0x7fc00000  f0=0x7fc00000
     330685.000 ns	     33067	800070a0	00000013	addi	x0,x0,0	  x0:0x00000000
     330695.000 ns	     33068	800070a4	00839ab3	sll	x21,x7,x8	  x7:0x80000000  x8:0x00000000 x21=0x80000000
     330715.000 ns	     33070	800070a8	039e76b3	remu	x13,x28,x25	 x28:0x00000000 x25:0x00000000 x13=0x00000000
     330745.000 ns	     33073	800070ac	d0120853	fcvt.s.wu	f16,x4	  x4:0x00000000 f16=0x00000000
     330765.000 ns	     33075	800070b0	41d303b3	sub	x7,x6,x29	  x6:0x00000000 x29:0x00000422  x7=0xfffffbde
     330775.000 ns	     33076	800070b4	01aa0233	add	x4,x20,x26	 x20:0x00000000 x26:0x00000000  x4=0x00000000
     330795.000 ns	     33078	800070b8	0218fd33	remu	x26,x17,x1	 x17:0x00000108  x1:0x00000000 x26=0x00000108
     330815.000 ns	     33080	800070bc	d2657493	andi	x9,x10,-730	 x10:0x00000001  x9=0x00000000
     330835.000 ns	     33082	800070c0	f00a8353	fmv.w.x	f6,x21	 x21:0x80000000  f6=0x80000000
     330865.000 ns	     33085	800070c4	c00c7553	fcvt.w.s	x10,f24	 f24:0xcefff7df x10=0x7ffbef80
     331235.000 ns	     33122	800070c8	0324fab3	remu	x21,x9,x18	  x9:0x00000000 x18:0x80040fe4 x21=0x00000000
     331265.000 ns	     33125	800070cc	a194a3d3	feq.s	x7,f9,f25	  f9:0x3f800000 f25:0x7fc00000  x7=0x00000000
     331295.000 ns	     33128	800070d0	f0080b53	fmv.w.x	f22,x16	 x16:0x00000002 f22=0x00000002
     331325.000 ns	     33131	800070d4	a0c80b53	fle.s	x22,f16,f12	 f16:0x00000000 f12:0x7fc00000 x22=0x00000000
     331345.000 ns	     33133	800070d8	01c160b3	or	x1,x2,x28	  x2:0x40020812 x28:0x00000000  x1=0x40020812
     331375.000 ns	     33136	800070dc	10a5fbd3	fmul.s	f23,f11,f10	 f11:0x00000000 f10:0x40000000 f23=0x00000000
     331415.000 ns	     33140	800070e0	1819ff53	fdiv.s	f30,f19,f1	 f19:0x40000000  f1:0x7fc00000 f30=0x7fc00000
     331465.000 ns	     33145	800070e4	01b884d3	fadd.s	f9,f17,f27	 f17:0x3f800000 f27:0x40400000  f9=0x40800000
     331485.000 ns	     33147	800070e8	00dfdd33	srl	x26,x31,x13	 x31:0x00000423 x13:0x00000000 x26=0x00000423
     331495.000 ns	     33148	800070ec	fd544e13	xori	x28,x8,-43	  x8:0x00000000 x28=0xffffffd5
     331515.000 ns	     33150	800070f0	214924d3	fsgnjx.s	f9,f18,f20	 f18:0x3f350482 f20:0x7fc00000  f9=0x3f350482
     331535.000 ns	     33152	800070f4	75a3fb93	andi	x23,x7,1882	  x7:0x00000000 x23=0x00000000
     331895.000 ns	     33188	800070f8	030d4bb3	div	x23,x26,x16	 x26:0x00000423 x16:0x00000002 x23=0x00000211
     331925.000 ns	     33191	800070fc	20d09053	fsgnjn.s	f0,f1,f13	  f1:0x7fc00000 f13:0x40000000  f0=0xffc00000
     331945.000 ns	     33193	80007100	008090b3	sll	x1,x1,x8	  x1:0x40020812  x8:0x00000000  x1=0x40020812
     331955.000 ns	     33194	80007104	586e6213	ori	x4,x28,1414	 x28:0xffffffd5  x4=0xffffffd7
     331965.000 ns	     33195	80007108	00bd51b3	srl	x3,x26,x11	 x26:0x00000423 x11:0x000003c8  x3=0x00000004
     331975.000 ns	     33196	8000710c	3c234d37	lui	x26,0x3c234	 x26=0x3c234000
     331995.000 ns	     33198	80007110	a1d310d3	flt.s	x1,f6,f29	  f6:0x80000000 f29:0x7fc00000  x1=0x00000000
     332025.000 ns	     33201	80007114	296f1053	fmax.s	f0,f30,f22	 f30:0x7fc00000 f22:0x00000002  f0=0x00000002
     332045.000 ns	     33203	80007118	002b9333	sll	x6,x23,x2	 x23:0x00000211  x2:0x40020812  x6=0x08440000
     332055.000 ns	     33204	8000711c	01dd9533	sll	x10,x27,x29	 x27:0x00000000 x29:0x00000422 x10=0x00000000
     332075.000 ns	     33206	80007120	e0058fd3	fmv.x.w	x31,f11	 f11:0x00000000 x31=0x00000000
     332115.000 ns	     33210	80007124	18f10bd3	fdiv.s	f23,f2,f15	  f2:0x7fc00000 f15:0x3f800000 f23=0x7fc00000
     332145.000 ns	     33213	80007128	20bb9d53	fsgnjn.s	f26,f23,f11	 f23:0x00000000 f11:0x00000000 f26=0xffc00000
     332165.000 ns	     33215	8000712c	f8193213	sltiu	x4,x18,-127	 x18:0x80040fe4  x4=0x00000001
     332185.000 ns	     33217	80007130	028cbcb3	mulhu	x25,x25,x8	 x25:0x00000000  x8:0x00000000 x25=0x00000000
     332215.000 ns	     33220	80007134	e00d9ad3	fclass.s	x21,f27	 f27:0x40400000 x21=0x00000040
     332245.000 ns	     33223	80007138	027157b3	divu	x15,x2,x7	  x2:0x40020812  x7:0x00000000 x15=0xffffffff
     332275.000 ns	     33226	8000713c	a1498cd3	fle.s	x25,f19,f20	 f19:0x40000000 f20:0x7fc00000 x25=0x00000000
     332295.000 ns	     33228	80007140	40985db3	sra	x27,x16,x9	 x16:0x00000002  x9:0x00000000 x27=0x00000002
     332315.000 ns	     33230	80007144	213f98d3	fsgnjn.s	f17,f31,f19	 f31:0xcefff7df f19:0x40000000 f17=0xcefff7df
     332345.000 ns	     33233	80007148	02768333	mul	x6,x13,x7	 x13:0x00000000  x7:0x00000000  x6=0x00000000
     332375.000 ns	     33236	8000714c	c0003553	fcvt.w.s	x10,f0	  f0:0x00000002 x10=0x00000000
     332405.000 ns	     33239	80007150	e00c80d3	fmv.x.w	x1,f25	 f25:0x7fc00000  x1=0x7fc00000
     332435.000 ns	     33242	80007154	03131033	mulh	x0,x6,x17	  x6:0x00000000 x17:0x00000108
     332465.000 ns	     33245	80007158	0344fd33	remu	x26,x9,x20	  x9:0x00000000 x20:0x00000000 x26=0x00000000
     332495.000 ns	     33248	8000715c	a1b00a53	fle.s	x20,f0,f27	  f0:0x00000002 f27:0x40400000 x20=0x00000001
     332525.000 ns	     33251	80007160	c01f7453	fcvt.wu.s	x8,f30	 f30:0x7fc00000  x8=0xffffffff
     332545.000 ns	     33253	80007164	00146ab3	or	x21,x8,x1	  x8:0x00000000  x1:0x7fc00000 x21=0xffffffff
     332555.000 ns	     33254	80007168	3d3f3537	lui	x10,0x3d3f3	 x10=0x3d3f3000
     332575.000 ns	     33256	8000716c	e0030453	fmv.x.w	x8,f6	  f6:0x80000000  x8=0x80000000
     332595.000 ns	     33258	80007170	01367cb3	and	x25,x12,x19	 x12:0xfff00081 x19:0x00000000 x25=0x00000000
     332615.000 ns	     33260	80007174	d0034bd3	fcvt.s.w	f23,x6	  x6:0x00000000 f23=0x00000000
     332635.000 ns	     33262	80007178	001f0bb3	add	x23,x30,x1	 x30:0x80040e09  x1:0x7fc00000 x23=0xffc40e09
     332645.000 ns	     33263	8000717c	007eeab3	or	x21,x29,x7	 x29:0x00000422  x7:0x00000000 x21=0x00000422
     332665.000 ns	     33265	80007180	c01c0d53	fcvt.wu.s	x26,f24	 f24:0xcefff7df x26=0x7ffbef80
     332695.000 ns	     33268	80007184	e00a8453	fmv.x.w	x8,f21	 f21:0x40000000  x8=0x40000000
     332725.000 ns	     33271	80007188	201a12d3	fsgnjn.s	f5,f20,f1	 f20:0x7fc00000  f1:0x7fc00000  f5=0xffc00000
     332755.000 ns	     33274	8000718c	039a6133	rem	x2,x20,x25	 x20:0x00000001 x25:0x00000000  x2=0x00000001
     332785.000 ns	     33277	80007190	020f0433	mul	x8,x30,x0	 x30:0x80040e09  x0:0x00000000  x8=0x00000000
     332815.000 ns	     33280	80007194	d0131fd3	fcvt.s.wu	f31,x6	  x6:0x00000000 f31=0x00000000
     332845.000 ns	     33283	80007198	a00981d3	fle.s	x3,f19,f0	 f19:0x40000000  f0:0x00000002  x3=0x00000000
     332875.000 ns	     33286	8000719c	02213433	mulhu	x8,x2,x2	  x2:0x00000001  x2:0x00000001  x8=0x00000000
     332895.000 ns	     33288	800071a0	1b23e113	ori	x2,x7,434	  x7:0x00000000  x2=0x000001b2
     332915.000 ns	     33290	800071a4	d01b2253	fcvt.s.wu	f4,x22	 x22:0x00000000  f4=0x00000000
     332935.000 ns	     33292	800071a8	00abc9b3	xor	x19,x23,x10	 x23:0xffc40e09 x10:0x3d3f3000 x19=0xc2fb3e09
     332945.000 ns	     33293	800071ac	01a20133	add	x2,x4,x26	  x4:0x00000001 x26:0x7ffbef80  x2=0x7ffbef81
     332955.000 ns	     33294	800071b0	406688b3	sub	x17,x13,x6	 x13:0x00000000  x6:0x00000000 x17=0x00000000
     332975.000 ns	     33296	800071b4	e00f99d3	fclass.s	x19,f31	 f31:0x00000000 x19=0x00000010
     332995.000 ns	     33298	800071b8	00e175b3	and	x11,x2,x14	  x2:0x7ffbef81 x14:0x80041024 x11=0x00000000
     333005.000 ns	     33299	800071bc	011b13b3	sll	x7,x22,x17	 x22:0x00000000 x17:0x00000000  x7=0x00000000
     333025.000 ns	     33301	800071c0	02f82b33	mulhsu	x22,x16,x15	 x16:0x00000002 x15:0xffffffff x22=0x00000001
     333045.000 ns	     33303	800071c4	00d7db33	srl	x22,x15,x13	 x15:0xffffffff x13:0x00000000 x22=0xffffffff
     333065.000 ns	     33305	800071c8	02e39533	mulh	x10,x7,x14	  x7:0x00000000 x14:0x80041024 x10=0x00000000
     333105.000 ns	     33309	800071cc	11694153	fmul.s	f2,f18,f22	 f18:0x3f350482 f22:0x00000002  f2=0x00000001
     333125.000 ns	     33311	800071d0	014b1a13	slli	x20,x22,0x14	 x22:0xffffffff x20=0xfff00000
     333145.000 ns	     33313	800071d4	023594b3	mulh	x9,x11,x3	 x11:0x00000000  x3:0x00000000  x9=0x00000000
     333165.000 ns	     33315	800071d8	00aeceb3	xor	x29,x29,x10	 x29:0x00000422 x10:0x00000000 x29=0x00000422
     333185.000 ns	     33317	800071dc	a1838dd3	fle.s	x27,f7,f24	  f7:0xcefff7df f24:0xcefff7df x27=0x00000001
     333205.000 ns	     33319	800071e0	00fa9793	slli	x15,x21,0xf	 x21:0x00000422 x15=0x02110000
     333215.000 ns	     33320	800071e4	40f7dbb3	sra	x23,x15,x15	 x15:0xffffffff x15:0xffffffff x23=0x02110000
     333225.000 ns	     33321	800071e8	2ae18893	addi	x17,x3,686	  x3:0x00000000 x17=0x000002ae
     333265.000 ns	     33325	800071ec	09d5ce53	fsub.s	f28,f11,f29	 f11:0x00000000 f29:0x7fc00000 f28=0x7fc00000
     333295.000 ns	     33328	800071f0	c016fed3	fcvt.wu.s	x29,f13	 f13:0x40000000 x29=0x00000002
     333325.000 ns	     33331	800071f4	02d637b3	mulhu	x15,x12,x13	 x12:0xfff00081 x13:0x00000000 x15=0x00000000
     333355.000 ns	     33334	800071f8	29ab86d3	fmin.s	f13,f23,f26	 f23:0x00000000 f26:0xffc00000 f13=0x00000000
     333375.000 ns	     33336	800071fc	22157213	andi	x4,x10,545	 x10:0x00000000  x4=0x00000000
     333395.000 ns	     33338	80007200	a16ca3d3	feq.s	x7,f25,f22	 f25:0x7fc00000 f22:0x00000002  x7=0x00000000
     333415.000 ns	     33340	80007204	99e1ec13	ori	x24,x3,-1634	  x3:0x00000000 x24=0xfffff99e
     333425.000 ns	     33341	80007208	cce28db7	lui	x27,0xcce28	 x27=0xcce28000
     333435.000 ns	     33342	8000720c	a766f013	andi	x0,x13,-1418	 x13:0x00000000
     333445.000 ns	     33343	80007210	006f2c33	slt	x24,x30,x6	 x30:0x80040e09  x6:0x00000000 x24=0x00000001
     333485.000 ns	     33347	80007214	085f1a53	fsub.s	f20,f30,f5	 f30:0x7fc00000  f5:0xffc00000 f20=0x7fc00000
     333855.000 ns	     33384	80007218	03e3e4b3	rem	x9,x7,x30	  x7:0x00000000 x30:0x80040e09  x9=0x00000000
     333875.000 ns	     33386	8000721c	7b466b13	ori	x22,x12,1972	 x12:0xfff00081 x22=0xfff007b5
     333895.000 ns	     33388	80007220	c00a7bd3	fcvt.w.s	x23,f20	 f20:0x7fc00000 x23=0x7fffffff
     333925.000 ns	     33391	80007224	020331b3	mulhu	x3,x6,x0	  x6:0x00000000  x0:0x00000000  x3=0x00000000
     333945.000 ns	     33393	80007228	40235b93	srai	x23,x6,0x2	  x6:0x00000000 x23=0x00000000
     333965.000 ns	     33395	8000722c	a18304d3	fle.s	x9,f6,f24	  f6:0x80000000 f24:0xcefff7df  x9=0x00000000
     333995.000 ns	     33398	80007230	a1fd0dd3	fle.s	x27,f26,f31	 f26:0xffc00000 f31:0x00000000 x27=0x00000000
     334015.000 ns	     33400	80007234	44fe5bb7	lui	x23,0x44fe5	 x23=0x44fe5000
     334025.000 ns	     33401	80007238	41f750b3	sra	x1,x14,x31	 x14:0x80041024 x31:0x00000000  x1=0x80041024
     334035.000 ns	     33402	8000723c	809f1a97	auipc	x21,0x809f1	 x21=0x009f823c
     334045.000 ns	     33403	80007240	74b1ee93	ori	x29,x3,1867	  x3:0x00000000 x29=0x0000074b
     334055.000 ns	     33404	80007244	00733e33	sltu	x28,x6,x7	  x6:0x00000000  x7:0x00000000 x28=0x00000000
     334065.000 ns	     33405	80007248	01b127b3	slt	x15,x2,x27	  x2:0x7ffbef81 x27:0x00000000 x15=0x00000000
     334085.000 ns	     33407	8000724c	c0170553	fcvt.wu.s	x10,f14	 f14:0x00000000 x10=0x00000000
     334115.000 ns	     33410	80007250	f0060d53	fmv.w.x	f26,x12	 x12:0xfff00081 f26=0xfff00081
     334145.000 ns	     33413	80007254	c01bca53	fcvt.wu.s	x20,f23	 f23:0x00000000 x20=0x00000000
     334175.000 ns	     33416	80007258	a0910e53	fle.s	x28,f2,f9	  f2:0x00000001  f9:0x3f350482 x28=0x00000001
     334195.000 ns	     33418	8000725c	001e2b33	slt	x22,x28,x1	 x28:0x00000000  x1:0x80041024 x22=0x00000000
     334215.000 ns	     33420	80007260	216dab53	fsgnjx.s	f22,f27,f22	 f27:0x40400000 f22:0x00000002 f22=0x40400000
     334245.000 ns	     33423	80007264	f00a0ed3	fmv.w.x	f29,x20	 x20:0x00000000 f29=0x00000000
     334265.000 ns	     33425	80007268	400b80b3	sub	x1,x23,x0	 x23:0x44fe5000  x0:0x00000000  x1=0x44fe5000
     334275.000 ns	     33426	8000726c	01f51b93	slli	x23,x10,0x1f	 x10:0x00000000 x23=0x00000000
     334285.000 ns	     33427	80007270	dac6b137	lui	x2,0xdac6b	  x2=0xdac6b000
     334295.000 ns	     33428	80007274	fb823513	sltiu	x10,x4,-72	  x4:0x00000000 x10=0x00000001
     334335.000 ns	     33432	80007278	08897353	fsub.s	f6,f18,f8	 f18:0x3f350482  f8:0x00000000  f6=0x3f350482
     334365.000 ns	     33435	8000727c	f0038a53	fmv.w.x	f20,x7	  x7:0x00000000 f20=0x00000000
     334385.000 ns	     33437	80007280	01d7d693	srli	x13,x15,0x1d	 x15:0x00000000 x13=0x00000000
     334405.000 ns	     33439	80007284	d01c1cd3	fcvt.s.wu	f25,x24	 x24:0x00000001 f25=0x3f800000
     334435.000 ns	     33442	80007288	a0c610d3	flt.s	x1,f12,f12	 f12:0x7fc00000 f12:0x7fc00000  x1=0x00000000
     334455.000 ns	     33444	8000728c	01415d33	srl	x26,x2,x20	  x2:0xdac6b000 x20:0x00000000 x26=0xdac6b000
     334475.000 ns	     33446	80007290	e00d0b53	fmv.x.w	x22,f26	 f26:0xfff00081 x22=0xfff00081
     334505.000 ns	     33449	80007294	c0001f53	fcvt.w.s	x30,f0	  f0:0x00000002 x30=0x00000000
     334555.000 ns	     33454	80007298	01c2fbd3	fadd.s	f23,f5,f28	  f5:0xffc00000 f28:0x7fc00000 f23=0x7fc00000
     334585.000 ns	     33457	8000729c	21d887d3	fsgnj.s	f15,f17,f29	 f17:0xcefff7df f29:0x00000000 f15=0x4efff7df
     334955.000 ns	     33494	800072a0	031ac333	div	x6,x21,x17	 x21:0x009f823c x17:0x000002ae  x6=0x00003b86
     334985.000 ns	     33497	800072a4	c01f79d3	fcvt.wu.s	x19,f30	 f30:0x7fc00000 x19=0xffffffff
     335005.000 ns	     33499	800072a8	b45a3b37	lui	x22,0xb45a3	 x22=0xb45a3000
     335025.000 ns	     33501	800072ac	02b79fb3	mulh	x31,x15,x11	 x15:0x00000000 x11:0x00000000 x31=0x00000000
     335055.000 ns	     33504	800072b0	039726b3	mulhsu	x13,x14,x25	 x14:0x80041024 x25:0x00000000 x13=0x00000000
     335085.000 ns	     33507	800072b4	a182a153	feq.s	x2,f5,f24	  f5:0xffc00000 f24:0xcefff7df  x2=0x00000000
     335105.000 ns	     33509	800072b8	7eb52a93	slti	x21,x10,2027	 x10:0x00000001 x21=0x00000001
     335115.000 ns	     33510	800072bc	00000013	addi	x0,x0,0	  x0:0x00000000
     335135.000 ns	     33512	800072c0	28389cd3	fmax.s	f25,f17,f3	 f17:0xcefff7df  f3:0x40800000 f25=0x40800000
     335165.000 ns	     33515	800072c4	c01cf5d3	fcvt.wu.s	x11,f25	 f25:0x3f800000 x11=0x00000004
     335205.000 ns	     33519	800072c8	105c8c53	fmul.s	f24,f25,f5	 f25:0x40800000  f5:0xffc00000 f24=0x7fc00000
     335235.000 ns	     33522	800072cc	a06292d3	flt.s	x5,f5,f6	  f5:0xffc00000  f6:0x3f350482  x5=0x00000000
     335605.000 ns	     33559	800072d0	038c4bb3	div	x23,x24,x24	 x24:0x00000001 x24:0x00000001 x23=0x00000001
     335655.000 ns	     33564	800072d4	08c09753	fsub.s	f14,f1,f12	  f1:0x7fc00000 f12:0x7fc00000 f14=0x7fc00000
     335675.000 ns	     33566	800072d8	b5fc2393	slti	x7,x24,-1185	 x24:0x00000001  x7=0x00000000
     335685.000 ns	     33567	800072dc	f4893ab7	lui	x21,0xf4893	 x21=0xf4893000
     335705.000 ns	     33569	800072e0	0273adb3	mulhsu	x27,x7,x7	  x7:0x00000000  x7:0x00000000 x27=0x00000000
     335735.000 ns	     33572	800072e4	02e138b3	mulhu	x17,x2,x14	  x2:0x00000000 x14:0x80041024 x17=0x00000000
     335765.000 ns	     33575	800072e8	03ea35b3	mulhu	x11,x20,x30	 x20:0x00000000 x30:0x00000000 x11=0x00000000
     335795.000 ns	     33578	800072ec	03a38d33	mul	x26,x7,x26	  x7:0x00000000 x26:0xdac6b000 x26=0x00000000
     335815.000 ns	     33580	800072f0	0132c333	xor	x6,x5,x19	  x5:0x00000000 x19:0xffffffff  x6=0xffffffff
     335835.000 ns	     33582	800072f4	21090253	fsgnj.s	f4,f18,f16	 f18:0x3f350482 f16:0x00000000  f4=0x3f350482
     335865.000 ns	     33585	800072f8	e00783d3	fmv.x.w	x7,f15	 f15:0x4efff7df  x7=0x4efff7df
     335895.000 ns	     33588	800072fc	0214c9b3	div	x19,x9,x1	  x9:0x00000000  x1:0x00000000 x19=0xffffffff
     335925.000 ns	     33591	80007300	20aa24d3	fsgnjx.s	f9,f20,f10	 f20:0x00000000 f10:0x40000000  f9=0x00000000
     335945.000 ns	     33593	80007304	4f3db613	sltiu	x12,x27,1267	 x27:0x00000000 x12=0x00000001
     336305.000 ns	     33629	80007308	02ee5a33	divu	x20,x28,x14	 x28:0x00000001 x14:0x80041024 x20=0x00000000
     336325.000 ns	     33631	8000730c	40905ab3	sra	x21,x0,x9	  x0:0x00000000  x9:0x00000000 x21=0x00000000
     336365.000 ns	     33635	80007310	08610153	fsub.s	f2,f2,f6	  f2:0x00000001  f6:0x3f350482  f2=0xbf350482
     336395.000 ns	     33638	80007314	c01522d3	fcvt.wu.s	x5,f10	 f10:0x40000000  x5=0x00000002
     336425.000 ns	     33641	80007318	02877133	remu	x2,x14,x8	 x14:0x80041024  x8:0x00000000  x2=0x80041024
     336465.000 ns	     33645	8000731c	5803f653	fsqrt.s	f12,f7	  f7:0xcefff7df f12=0x7fc00000
     336495.000 ns	     33648	80007320	d000fa53	fcvt.s.w	f20,x1	  x1:0x00000000 f20=0x00000000
     336525.000 ns	     33651	80007324	a0962453	feq.s	x8,f12,f9	 f12:0x7fc00000  f9:0x00000000  x8=0x00000000
     336555.000 ns	     33654	80007328	c00a75d3	fcvt.w.s	x11,f20	 f20:0x00000000 x11=0x00000000
     336585.000 ns	     33657	8000732c	031e76b3	remu	x13,x28,x17	 x28:0x00000001 x17:0x00000000 x13=0x00000001
     336615.000 ns	     33660	80007330	d01fc9d3	fcvt.s.wu	f19,x31	 x31:0x00000000 f19=0x00000000
     336645.000 ns	     33663	80007334	03f8eb33	rem	x22,x17,x31	 x17:0x00000000 x31:0x00000000 x22=0x00000000
     336685.000 ns	     33667	80007338	58014fd3	fsqrt.s	f31,f2	  f2:0xbf350482 f31=0x7fc00000
     336715.000 ns	     33670	8000733c	c01123d3	fcvt.wu.s	x7,f2	  f2:0xbf350482  x7=0x00000001
     336735.000 ns	     33672	80007340	c726c413	xori	x8,x13,-910	 x13:0x00000001  x8=0xfffffc73
     336745.000 ns	     33673	80007344	01273133	sltu	x2,x14,x18	 x14:0x80041024 x18:0x80040fe4  x2=0x00000000
     336755.000 ns	     33674	80007348	41cb5b93	srai	x23,x22,0x1c	 x22:0x00000000 x23=0x00000000
     336765.000 ns	     33675	8000734c	41405e13	srai	x28,x0,0x14	  x0:0x00000000 x28=0x00000000
     336785.000 ns	     33677	80007350	f0028553	fmv.w.x	f10,x5	  x5:0x00000002 f10=0x00000002
     336815.000 ns	     33680	80007354	03eb1bb3	mulh	x23,x22,x30	 x22:0x00000000 x30:0x00000000 x23=0x00000000
     336845.000 ns	     33683	80007358	29cb0753	fmin.s	f14,f22,f28	 f22:0x40400000 f28:0x7fc00000 f14=0x40400000
     336865.000 ns	     33685	8000735c	00a52bb3	slt	x23,x10,x10	 x10:0x00000001 x10:0x00000001 x23=0x00000000
     336875.000 ns	     33686	80007360	000d63b3	or	x7,x26,x0	 x26:0x00000000  x0:0x00000000  x7=0x00000000
     336885.000 ns	     33687	80007364	00689593	slli	x11,x17,0x6	 x17:0x00000000 x11=0x00000000
     337245.000 ns	     33723	80007368	03274333	div	x6,x14,x18	 x14:0x80041024 x18:0x80040fe4  x6=0x00000000
     337275.000 ns	     33726	8000736c	026fb1b3	mulhu	x3,x31,x6	 x31:0x00000000  x6:0xffffffff  x3=0x00000000
     337295.000 ns	     33728	80007370	00985bb3	srl	x23,x16,x9	 x16:0x00000002  x9:0x00000000 x23=0x00000002
     337315.000 ns	     33730	80007374	d001fe53	fcvt.s.w	f28,x3	  x3:0x00000000 f28=0x00000000
     337345.000 ns	     33733	80007378	a16082d3	fle.s	x5,f1,f22	  f1:0x7fc00000 f22:0x40400000  x5=0x00000000
     337375.000 ns	     33736	8000737c	c012b253	fcvt.wu.s	x4,f5	  f5:0xffc00000  x4=0xffffffff
     337395.000 ns	     33738	80007380	00d39ab3	sll	x21,x7,x13	  x7:0x00000000 x13:0x00000001 x21=0x00000000
     337405.000 ns	     33739	80007384	00000013	addi	x0,x0,0	  x0:0x00000000
     337415.000 ns	     33740	80007388	0017d993	srli	x19,x15,0x1	 x15:0x00000000 x19=0x00000000
     337425.000 ns	     33741	8000738c	2c0abf37	lui	x30,0x2c0ab	 x30=0x2c0ab000
     337445.000 ns	     33743	80007390	21f52bd3	fsgnjx.s	f23,f10,f31	 f10:0x00000002 f31:0x7fc00000 f23=0x00000002
     337475.000 ns	     33746	80007394	c018f0d3	fcvt.wu.s	x1,f17	 f17:0xcefff7df  x1=0x7ffbef80
     337525.000 ns	     33751	80007398	01647253	fadd.s	f4,f8,f22	  f8:0x00000000 f22:0x40400000  f4=0x40400000
     337895.000 ns	     33788	8000739c	0216ee33	rem	x28,x13,x1	 x13:0x00000001  x1:0x7ffbef80 x28=0x00000001
     337915.000 ns	     33790	800073a0	8c0a6093	ori	x1,x20,-1856	 x20:0x00000000  x1=0xfffff8c0
     337935.000 ns	     33792	800073a4	21bf81d3	fsgnj.s	f3,f31,f27	 f31:0x7fc00000 f27:0x40400000  f3=0x7fc00000
     337955.000 ns	     33794	800073a8	011a16b3	sll	x13,x20,x17	 x20:0x00000000 x17:0x00000000 x13=0x00000000
     337975.000 ns	     33796	800073ac	f0000fd3	fmv.w.x	f31,x0	  x0:0x00000000 f31=0x00000000
     338005.000 ns	     33799	800073b0	02f431b3	mulhu	x3,x8,x15	  x8:0xfffffc73 x15:0x00000000  x3=0x00000000
     338035.000 ns	     33802	800073b4	c015fc53	fcvt.wu.s	x24,f11	 f11:0x00000000 x24=0x00000000
     338055.000 ns	     33804	800073b8	5b669eb7	lui	x29,0x5b669	 x29=0x5b669000
     338065.000 ns	     33805	800073bc	c8146cb7	lui	x25,0xc8146	 x25=0xc8146000
     338085.000 ns	     33807	800073c0	a159a7d3	feq.s	x15,f19,f21	 f19:0x00000000 f21:0x40000000 x15=0x00000000
     338105.000 ns	     33809	800073c4	0190b433	sltu	x8,x1,x25	  x1:0xfffff8c0 x25:0x00000000  x8=0x00000000
     338125.000 ns	     33811	800073c8	203d9a53	fsgnjn.s	f20,f27,f3	 f27:0x40400000  f3:0x7fc00000 f20=0xc0400000
     338145.000 ns	     33813	800073cc	407ddb93	srai	x23,x27,0x7	 x27:0x00000000 x23=0x00000000
     338155.000 ns	     33814	800073d0	b7fec213	xori	x4,x29,-1153	 x29:0x5b669000  x4=0xa4996b7f
     338175.000 ns	     33816	800073d4	e00e0453	fmv.x.w	x8,f28	 f28:0x00000000  x8=0x00000000
     338195.000 ns	     33818	800073d8	01867a33	and	x20,x12,x24	 x12:0x00000001 x24:0x00000000 x20=0x00000000
     338215.000 ns	     33820	800073dc	03659533	mulh	x10,x11,x22	 x11:0x00000000 x22:0x00000000 x10=0x00000000
     338245.000 ns	     33823	800073e0	20362553	fsgnjx.s	f10,f12,f3	 f12:0x7fc00000  f3:0x7fc00000 f10=0x7fc00000
     338615.000 ns	     33860	800073e4	03ec6033	rem	x0,x24,x30	 x24:0x00000000 x30:0x2c0ab000
     338655.000 ns	     33864	800073e8	11b3cc53	fmul.s	f24,f7,f27	  f7:0xcefff7df f27:0x40400000 f24=0xcfbff9e7
     338685.000 ns	     33867	800073ec	03eb3cb3	mulhu	x25,x22,x30	 x22:0x00000000 x30:0x2c0ab000 x25=0x00000000
     338705.000 ns	     33869	800073f0	73092c93	slti	x25,x18,1840	 x18:0x80040fe4 x25=0x00000001
     338715.000 ns	     33870	800073f4	00565213	srli	x4,x12,0x5	 x12:0x00000001  x4=0x00000000
     338725.000 ns	     33871	800073f8	00234533	xor	x10,x6,x2	  x6:0x00000000  x2:0x00000000 x10=0x00000000
     338765.000 ns	     33875	800073fc	08eb4f53	fsub.s	f30,f22,f14	 f22:0x40400000 f14:0x40400000 f30=0x80000000
     338795.000 ns	     33878	80007400	20ea85d3	fsgnj.s	f11,f21,f14	 f21:0x40000000 f14:0x40400000 f11=0x40000000
     338825.000 ns	     33881	80007404	29a00bd3	fmin.s	f23,f0,f26	  f0:0x00000002 f26:0xfff00081 f23=0x00000002
     338855.000 ns	     33884	80007408	20dd1cd3	fsgnjn.s	f25,f26,f13	 f26:0xfff00081 f13:0x00000000 f25=0xfff00081
     338875.000 ns	     33886	8000740c	0164c133	xor	x2,x9,x22	  x9:0x00000000 x22:0x00000000  x2=0x00000000
     338885.000 ns	     33887	80007410	0bd04113	xori	x2,x0,189	  x0:0x00000000  x2=0x000000bd
     338895.000 ns	     33888	80007414	45f3c093	xori	x1,x7,1119	  x7:0x00000000  x1=0x0000045f
     338915.000 ns	     33890	80007418	d012fd53	fcvt.s.wu	f26,x5	  x5:0x00000000 f26=0x00000000
     338935.000 ns	     33892	8000741c	52608313	addi	x6,x1,1318	  x1:0xfffff8c0  x6=0x00000985
     340105.000 ns	     34009	80007420	580b7b53	fsqrt.s	f22,f22	 f22:0x40400000 f22=0x3f87c3ac
     340135.000 ns	     34012	80007424	a0ba0453	fle.s	x8,f20,f11	 f20:0xc0400000 f11:0x40000000  x8=0x00000001
     340155.000 ns	     34014	80007428	40dedab3	sra	x21,x29,x13	 x29:0x5b669000 x13:0x00000000 x21=0x5b669000
     340175.000 ns	     34016	8000742c	c015fd53	fcvt.wu.s	x26,f11	 f11:0x40000000 x26=0x00000002
     340195.000 ns	     34018	80007430	76effab7	lui	x21,0x76eff	 x21=0x76eff000
     340205.000 ns	     34019	80007434	39967f93	andi	x31,x12,921	 x12:0x00000001 x31=0x00000001
     340225.000 ns	     34021	80007438	20468dd3	fsgnj.s	f27,f13,f4	 f13:0x00000000  f4:0x40400000 f27=0x00000000
     340245.000 ns	     34023	8000743c	00d2d893	srli	x17,x5,0xd	  x5:0x00000000 x17=0x00000000
     340285.000 ns	     34027	80007440	09f307d3	fsub.s	f15,f6,f31	  f6:0x3f350482 f31:0x00000000 f15=0x3f350482
     340305.000 ns	     34029	80007444	01b379b3	and	x19,x6,x27	  x6:0x00000985 x27:0x00000000 x19=0x00000000
     340315.000 ns	     34030	80007448	0059f433	and	x8,x19,x5	 x19:0x00000000  x5:0x00000000  x8=0x00000000
     340335.000 ns	     34032	8000744c	21d82a53	fsgnjx.s	f20,f16,f29	 f16:0x00000000 f29:0x00000000 f20=0x00000000
     340355.000 ns	     34034	80007450	01e85793	srli	x15,x16,0x1e	 x16:0x00000002 x15=0x00000000
     340365.000 ns	     34035	80007454	97e8ce13	xori	x28,x17,-1666	 x17:0x00000000 x28=0xfffff97e
     340375.000 ns	     34036	80007458	4161dc93	srai	x25,x3,0x16	  x3:0x00000000 x25=0x00000000
     340385.000 ns	     34037	8000745c	415907b3	sub	x15,x18,x21	 x18:0x80040fe4 x21:0x76eff000 x15=0x09141fe4
     340425.000 ns	     34041	80007460	080b4053	fsub.s	f0,f22,f0	 f22:0x3f87c3ac  f0:0x00000002  f0=0x3f87c3ac
     340455.000 ns	     34044	80007464	c00dc5d3	fcvt.w.s	x11,f27	 f27:0x00000000 x11=0x00000000
     340475.000 ns	     34046	80007468	00000013	addi	x0,x0,0	  x0:0x00000000
     340505.000 ns	     34049	8000746c	580571d3	fsqrt.s	f3,f10	 f10:0x7fc00000  f3=0x7fc00000
     340525.000 ns	     34051	80007470	004e7133	and	x2,x28,x4	 x28:0xfffff97e  x4:0x00000000  x2=0x00000000
     340545.000 ns	     34053	80007474	028db1b3	mulhu	x3,x27,x8	 x27:0x00000000  x8:0x00000000  x3=0x00000000
     340575.000 ns	     34056	80007478	286a1d53	fmax.s	f26,f20,f6	 f20:0x00000000  f6:0x3f350482 f26=0x3f350482
     340605.000 ns	     34059	8000747c	e00e0253	fmv.x.w	x4,f28	 f28:0x00000000  x4=0x00000000
     340635.000 ns	     34062	80007480	028f25b3	mulhsu	x11,x30,x8	 x30:0x2c0ab000  x8:0x00000000 x11=0x00000000
     340655.000 ns	     34064	80007484	00fd78b3	and	x17,x26,x15	 x26:0x00000002 x15:0x09141fe4 x17=0x00000000
     340675.000 ns	     34066	80007488	29ff0953	fmin.s	f18,f30,f31	 f30:0x80000000 f31:0x00000000 f18=0x80000000
     341045.000 ns	     34103	8000748c	0305d433	divu	x8,x11,x16	 x11:0x00000000 x16:0x00000002  x8=0x00000000
     341065.000 ns	     34105	80007490	8bcf3db7	lui	x27,0x8bcf3	 x27=0x8bcf3000
     341075.000 ns	     34106	80007494	80262613	slti	x12,x12,-2046	 x12:0x00000001 x12=0x00000000
     341095.000 ns	     34108	80007498	e00c0f53	fmv.x.w	x30,f24	 f24:0xcfbff9e7 x30=0xcfbff9e7
     341145.000 ns	     34113	8000749c	00dcf753	fadd.s	f14,f25,f13	 f25:0xfff00081 f13:0x00000000 f14=0x7fc00000
     341165.000 ns	     34115	800074a0	01d014b3	sll	x9,x0,x29	  x0:0x00000000 x29:0x5b669000  x9=0x00000000
     341185.000 ns	     34117	800074a4	c00c44d3	fcvt.w.s	x9,f24	 f24:0xcfbff9e7  x9=0x80000000
     341205.000 ns	     34119	800074a8	149ccb13	xori	x22,x25,329	 x25:0x00000000 x22=0x00000149
     341225.000 ns	     34121	800074ac	035b2133	mulhsu	x2,x22,x21	 x22:0x00000000 x21:0x76eff000  x2=0x00000098
     341255.000 ns	     34124	800074b0	c0143153	fcvt.wu.s	x2,f8	  f8:0x00000000  x2=0x00000000
     341275.000 ns	     34126	800074b4	01e16cb3	or	x25,x2,x30	  x2:0x00000098 x30:0xcfbff9e7 x25=0xcfbff9e7
     341295.000 ns	     34128	800074b8	f00704d3	fmv.w.x	f9,x14	 x14:0x80041024  f9=0x80041024
     341315.000 ns	     34130	800074bc	01869b33	sll	x22,x13,x24	 x13:0x00000000 x24:0x00000000 x22=0x00000000
     341335.000 ns	     34132	800074c0	03fda4b3	mulhsu	x9,x27,x31	 x27:0x8bcf3000 x31:0x00000001  x9=0xffffffff
     341355.000 ns	     34134	800074c4	99a94d93	xori	x27,x18,-1638	 x18:0x80040fe4 x27=0x7ffbf67e
     341375.000 ns	     34136	800074c8	03b416b3	mulh	x13,x8,x27	  x8:0x00000000 x27:0x8bcf3000 x13=0x00000000
     341395.000 ns	     34138	800074cc	411255b3	sra	x11,x4,x17	  x4:0x00000000 x17:0x00000000 x11=0x00000000
     341405.000 ns	     34139	800074d0	4f587a13	andi	x20,x16,1269	 x16:0x00000002 x20=0x00000000
     341415.000 ns	     34140	800074d4	004d7fb3	and	x31,x26,x4	 x26:0x00000002  x4:0x00000000 x31=0x00000000
     341425.000 ns	     34141	800074d8	00000013	addi	x0,x0,0	  x0:0x00000000
     341445.000 ns	     34143	800074dc	d0121853	fcvt.s.wu	f16,x4	  x4:0x00000000 f16=0x00000000
     341815.000 ns	     34180	800074e0	03cef633	remu	x12,x29,x28	 x29:0x5b669000 x28:0xfffff97e x12=0x5b669000
     341835.000 ns	     34182	800074e4	01ab2b33	slt	x22,x22,x26	 x22:0x00000000 x26:0x00000002 x22=0x00000001
     341845.000 ns	     34183	800074e8	ad808a13	addi	x20,x1,-1320	  x1:0x0000045f x20=0xffffff37
     341855.000 ns	     34184	800074ec	40e2d093	srai	x1,x5,0xe	  x5:0x00000000  x1=0x00000000
     342215.000 ns	     34220	800074f0	03d8f233	remu	x4,x17,x29	 x17:0x00000000 x29:0x5b669000  x4=0x00000000
     342245.000 ns	     34223	800074f4	a1f782d3	fle.s	x5,f15,f31	 f15:0x3f350482 f31:0x00000000  x5=0x00000000
     342265.000 ns	     34225	800074f8	6f737513	andi	x10,x6,1783	  x6:0x00000985 x10=0x00000085
     342275.000 ns	     34226	800074fc	012a9cb3	sll	x25,x21,x18	 x21:0x76eff000 x18:0x80040fe4 x25=0x6eff0000
     342285.000 ns	     34227	80007500	40618a33	sub	x20,x3,x6	  x3:0x00000000  x6:0x00000985 x20=0xfffff67b
     342305.000 ns	     34229	80007504	e0000cd3	fmv.x.w	x25,f0	  f0:0x3f87c3ac x25=0x3f87c3ac
     342325.000 ns	     34231	80007508	01bcfd33	and	x26,x25,x27	 x25:0x6eff0000 x27:0x7ffbf67e x26=0x3f83c22c
     342365.000 ns	     34235	8000750c	09c8ae53	fsub.s	f28,f17,f28	 f17:0xcefff7df f28:0x00000000 f28=0xcefff7df
     342385.000 ns	     34237	80007510	47e72d93	slti	x27,x14,1150	 x14:0x80041024 x27=0x00000001
     342415.000 ns	     34240	80007514	18eda7d3	fdiv.s	f15,f27,f14	 f27:0x00000000 f14:0x7fc00000 f15=0x7fc00000
     342445.000 ns	     34243	80007518	29d69d53	fmax.s	f26,f13,f29	 f13:0x00000000 f29:0x00000000 f26=0x00000000
     342465.000 ns	     34245	8000751c	01753533	sltu	x10,x10,x23	 x10:0x00000085 x23:0x00000000 x10=0x00000000
     342475.000 ns	     34246	80007520	404754b3	sra	x9,x14,x4	 x14:0x80041024  x4:0x00000000  x9=0x80041024
     342495.000 ns	     34248	80007524	03a216b3	mulh	x13,x4,x26	  x4:0x00000000 x26:0x3f83c22c x13=0x00000000
     342525.000 ns	     34251	80007528	d001b8d3	fcvt.s.w	f17,x3	  x3:0x00000000 f17=0x00000000
     342555.000 ns	     34254	8000752c	20b39453	fsgnjn.s	f8,f7,f11	  f7:0xcefff7df f11:0x40000000  f8=0xcefff7df
     342925.000 ns	     34291	80007530	0399ffb3	remu	x31,x19,x25	 x19:0x00000000 x25:0x3f87c3ac x31=0x00000000
     342955.000 ns	     34294	80007534	29a49153	fmax.s	f2,f9,f26	  f9:0x80041024 f26:0x00000000  f2=0x00000000
     342985.000 ns	     34297	80007538	03ba1db3	mulh	x27,x20,x27	 x20:0xfffff67b x27:0x00000001 x27=0xffffffff
     343005.000 ns	     34299	8000753c	406b02b3	sub	x5,x22,x6	 x22:0x00000001  x6:0x00000985  x5=0xfffff67c
     343025.000 ns	     34301	80007540	02dd3033	mulhu	x0,x26,x13	 x26:0x3f83c22c x13:0x00000000
     343045.000 ns	     34303	80007544	00039e93	slli	x29,x7,0x0	  x7:0x00000000 x29=0x00000000
     343075.000 ns	     34306	80007548	5800f153	fsqrt.s	f2,f1	  f1:0x7fc00000  f2=0x7fc00000
     343115.000 ns	     34310	8000754c	58044ed3	fsqrt.s	f29,f8	  f8:0xcefff7df f29=0x7fc00000
     343135.000 ns	     34312	80007550	40b756b3	sra	x13,x14,x11	 x14:0x80041024 x11:0x00000000 x13=0x80041024
     343495.000 ns	     34348	80007554	02e46a33	rem	x20,x8,x14	  x8:0x00000000 x14:0x80041024 x20=0x00000000
     343515.000 ns	     34350	80007558	01211313	slli	x6,x2,0x12	  x2:0x00000000  x6=0x00000000
     343535.000 ns	     34352	8000755c	281c1753	fmax.s	f14,f24,f1	 f24:0xcfbff9e7  f1:0x7fc00000 f14=0xcfbff9e7
     343555.000 ns	     34354	80007560	005cfb33	and	x22,x25,x5	 x25:0x3f87c3ac  x5:0xfffff67c x22=0x3f87c22c
     343575.000 ns	     34356	80007564	a1b10453	fle.s	x8,f2,f27	  f2:0x7fc00000 f27:0x00000000  x8=0x00000000
     343605.000 ns	     34359	80007568	29ee9653	fmax.s	f12,f29,f30	 f29:0x7fc00000 f30:0x80000000 f12=0x80000000
     343625.000 ns	     34361	8000756c	fcef2f93	slti	x31,x30,-50	 x30:0xcfbff9e7 x31=0x00000001
     343635.000 ns	     34362	80007570	00999c13	slli	x24,x19,0x9	 x19:0x00000000 x24=0x00000000
     343655.000 ns	     34364	80007574	d004f4d3	fcvt.s.w	f9,x9	  x9:0x80041024  f9=0xcefff7df
     343675.000 ns	     34366	80007578	43a04a13	xori	x20,x0,1082	  x0:0x00000000 x20=0x0000043a
     343695.000 ns	     34368	8000757c	29be0c53	fmin.s	f24,f28,f27	 f28:0xcefff7df f27:0x00000000 f24=0xcefff7df
     343725.000 ns	     34371	80007580	021c27b3	mulhsu	x15,x24,x1	 x24:0x00000000  x1:0x00000000 x15=0x00000000
     343755.000 ns	     34374	80007584	f0068053	fmv.w.x	f0,x13	 x13:0x80041024  f0=0x80041024
     343785.000 ns	     34377	80007588	d0048553	fcvt.s.w	f10,x9	  x9:0x80041024 f10=0xcefff7df
     343815.000 ns	     34380	8000758c	a0b89653	flt.s	x12,f17,f11	 f17:0x00000000 f11:0x40000000 x12=0x00000001
     343845.000 ns	     34383	80007590	0224a333	mulhsu	x6,x9,x2	  x9:0x80041024  x2:0x00000000  x6=0x00000000
     343875.000 ns	     34386	80007594	d000f5d3	fcvt.s.w	f11,x1	  x1:0x00000000 f11=0x00000000
     343895.000 ns	     34388	80007598	e1707e13	andi	x28,x0,-489	  x0:0x00000000 x28=0x00000000
     343905.000 ns	     34389	8000759c	68570393	addi	x7,x14,1669	 x14:0x80041024  x7=0x800416a9
     343945.000 ns	     34393	800075a0	011ffa53	fadd.s	f20,f31,f17	 f31:0x00000000 f17:0x00000000 f20=0x00000000
     343975.000 ns	     34396	800075a4	21e81653	fsgnjn.s	f12,f16,f30	 f16:0x00000000 f30:0x80000000 f12=0x00000000
     343995.000 ns	     34398	800075a8	401bd613	srai	x12,x23,0x1	 x23:0x00000000 x12=0x00000000
     344005.000 ns	     34399	800075ac	0192f2b3	and	x5,x5,x25	  x5:0xfffff67c x25:0x3f87c3ac  x5=0x3f87c22c
     344045.000 ns	     34403	800075b0	09091ad3	fsub.s	f21,f18,f16	 f18:0x80000000 f16:0x00000000 f21=0x80000000
     344065.000 ns	     34405	800075b4	01054ab3	xor	x21,x10,x16	 x10:0x00000000 x16:0x00000002 x21=0x00000002
     344075.000 ns	     34406	800075b8	00089533	sll	x10,x17,x0	 x17:0x00000000  x0:0x00000000 x10=0x00000000
     344085.000 ns	     34407	800075bc	003e0533	add	x10,x28,x3	 x28:0x00000000  x3:0x00000000 x10=0x00000000
     344105.000 ns	     34409	800075c0	2138a353	fsgnjx.s	f6,f17,f19	 f17:0x00000000 f19:0x00000000  f6=0x00000000
     344125.000 ns	     34411	800075c4	f6e14513	xori	x10,x2,-146	  x2:0x00000000 x10=0xffffff6e
     344155.000 ns	     34414	800075c8	10d57453	fmul.s	f8,f10,f13	 f10:0xcefff7df f13:0x00000000  f8=0x80000000
     344175.000 ns	     34416	800075cc	00f26bb3	or	x23,x4,x15	  x4:0x00000000 x15:0x00000000 x23=0x00000000
     344195.000 ns	     34418	800075d0	e00194d3	fclass.s	x9,f3	  f3:0x7fc00000  x9=0x00000200
     344215.000 ns	     34420	800075d4	94c7c293	xori	x5,x15,-1716	 x15:0x00000000  x5=0xfffff94c
     344235.000 ns	     34422	800075d8	02856f33	rem	x30,x10,x8	 x10:0xffffff6e  x8:0x00000000 x30=0xffffff6e
     344255.000 ns	     34424	800075dc	0004b533	sltu	x10,x9,x0	  x9:0x00000200  x0:0x00000000 x10=0x00000000
     344275.000 ns	     34426	800075e0	03711533	mulh	x10,x2,x23	  x2:0x00000000 x23:0x00000000 x10=0x00000000
     344295.000 ns	     34428	800075e4	1f688113	addi	x2,x17,502	 x17:0x00000000  x2=0x000001f6
     344305.000 ns	     34429	800075e8	40e60e33	sub	x28,x12,x14	 x12:0x00000000 x14:0x80041024 x28=0x7ffbefdc
     344325.000 ns	     34431	800075ec	295506d3	fmin.s	f13,f10,f21	 f10:0xcefff7df f21:0x80000000 f13=0xcefff7df
     344355.000 ns	     34434	800075f0	20fc2753	fsgnjx.s	f14,f24,f15	 f24:0xcefff7df f15:0x7fc00000 f14=0xcefff7df
     344385.000 ns	     34437	800075f4	03b929b3	mulhsu	x19,x18,x27	 x18:0x80040fe4 x27:0xffffffff x19=0x80040fe4
     344405.000 ns	     34439	800075f8	00aaf7b3	and	x15,x21,x10	 x21:0x00000002 x10:0x00000000 x15=0x00000000
     344435.000 ns	     34442	800075fc	19bbf9d3	fdiv.s	f19,f23,f27	 f23:0x00000002 f27:0x00000000 f19=0x7f800000
     344485.000 ns	     34447	80007600	09007b53	fsub.s	f22,f0,f16	  f0:0x80041024 f16:0x00000000 f22=0x80041024
     344505.000 ns	     34449	80007604	013e35b3	sltu	x11,x28,x19	 x28:0x7ffbefdc x19:0x80040fe4 x11=0x00000001
     344535.000 ns	     34452	80007608	1160c753	fmul.s	f14,f1,f22	  f1:0x7fc00000 f22:0x80041024 f14=0x7fc00000
     344565.000 ns	     34455	8000760c	02ec3033	mulhu	x0,x24,x14	 x24:0x00000000 x14:0x80041024
     344595.000 ns	     34458	80007610	03c01d33	mulh	x26,x0,x28	  x0:0x00000000 x28:0x7ffbefdc x26=0x00000000
     344635.000 ns	     34462	80007614	11fdc153	fmul.s	f2,f27,f31	 f27:0x00000000 f31:0x00000000  f2=0x00000000
     344665.000 ns	     34465	80007618	a0760a53	fle.s	x20,f12,f7	 f12:0x00000000  f7:0xcefff7df x20=0x00000000
     344685.000 ns	     34467	8000761c	01624e33	xor	x28,x4,x22	  x4:0x00000000 x22:0x3f87c22c x28=0x3f87c22c
     344695.000 ns	     34468	80007620	bf232d13	slti	x26,x6,-1038	  x6:0x00000000 x26=0x00000000
     344715.000 ns	     34470	80007624	282b0353	fmin.s	f6,f22,f2	 f22:0x80041024  f2:0x00000000  f6=0x80041024
     344735.000 ns	     34472	80007628	0119ddb3	srl	x27,x19,x17	 x19:0x80040fe4 x17:0x00000000 x27=0x80040fe4
     344755.000 ns	     34474	8000762c	02b0a333	mulhsu	x6,x1,x11	  x1:0x00000000 x11:0x00000001  x6=0x00000000
     344775.000 ns	     34476	80007630	00000013	addi	x0,x0,0	  x0:0x00000000
     344785.000 ns	     34477	80007634	01879613	slli	x12,x15,0x18	 x15:0x00000000 x12=0x00000000
     345145.000 ns	     34513	80007638	03c7c233	div	x4,x15,x28	 x15:0x00000000 x28:0x3f87c22c  x4=0x00000000
     345165.000 ns	     34515	8000763c	009c2eb3	slt	x29,x24,x9	 x24:0x00000000  x9:0x00000200 x29=0x00000001
     345175.000 ns	     34516	80007640	016a7db3	and	x27,x20,x22	 x20:0x00000000 x22:0x3f87c22c x27=0x00000000
     345195.000 ns	     34518	80007644	03d014b3	mulh	x9,x0,x29	  x0:0x00000000 x29:0x00000000  x9=0x00000000
     345235.000 ns	     34522	80007648	1903c253	fdiv.s	f4,f7,f16	  f7:0xcefff7df f16:0x00000000  f4=0xff800000
     345255.000 ns	     34524	8000764c	bc89d4b7	lui	x9,0xbc89d	  x9=0xbc89d000
     345265.000 ns	     34525	80007650	001aedb3	or	x27,x21,x1	 x21:0x00000002  x1:0x00000000 x27=0x00000002
     345285.000 ns	     34527	80007654	c01af653	fcvt.wu.s	x12,f21	 f21:0x80000000 x12=0x00000000
     345305.000 ns	     34529	80007658	005e32b3	sltu	x5,x28,x5	 x28:0x3f87c22c  x5:0xfffff94c  x5=0x00000001
     345345.000 ns	     34533	8000765c	088e2fd3	fsub.s	f31,f28,f8	 f28:0xcefff7df  f8:0x80000000 f31=0xcefff7df
     345375.000 ns	     34536	80007660	a0c01d53	flt.s	x26,f0,f12	  f0:0x80041024 f12:0x00000000 x26=0x00000001
     345405.000 ns	     34539	80007664	c00308d3	fcvt.w.s	x17,f6	  f6:0x80041024 x17=0x00000000
     345435.000 ns	     34542	80007668	c0014bd3	fcvt.w.s	x23,f2	  f2:0x00000000 x23=0x00000000
     345485.000 ns	     34547	8000766c	0076fc53	fadd.s	f24,f13,f7	 f13:0xcefff7df  f7:0xcefff7df f24=0xcf7ff7df
     345505.000 ns	     34549	80007670	014083b3	add	x7,x1,x20	  x1:0x00000000 x20:0x00000000  x7=0x00000000
     345525.000 ns	     34551	80007674	a1f795d3	flt.s	x11,f15,f31	 f15:0x7fc00000 f31:0xcefff7df x11=0x00000000
     345565.000 ns	     34555	80007678	1147b1d3	fmul.s	f3,f15,f20	 f15:0x7fc00000 f20:0x00000000  f3=0x7fc00000
     345595.000 ns	     34558	8000767c	21f39dd3	fsgnjn.s	f27,f7,f31	  f7:0xcefff7df f31:0xcefff7df f27=0x4efff7df
     345625.000 ns	     34561	80007680	c00e4e53	fcvt.w.s	x28,f28	 f28:0xcefff7df x28=0x80041080
     345665.000 ns	     34565	80007684	58030053	fsqrt.s	f0,f6	  f6:0x80041024  f0=0x7fc00000
     345685.000 ns	     34567	80007688	01a97eb3	and	x29,x18,x26	 x18:0x80040fe4 x26:0x00000001 x29=0x00000000
     345695.000 ns	     34568	8000768c	017680b3	add	x1,x13,x23	 x13:0x80041024 x23:0x00000000  x1=0x80041024
     345715.000 ns	     34570	80007690	283981d3	fmin.s	f3,f19,f3	 f19:0x7f800000  f3:0x7fc00000  f3=0x7f800000
     345735.000 ns	     34572	80007694	2afdbeb7	lui	x29,0x2afdb	 x29=0x2afdb000
     345745.000 ns	     34573	80007698	01a29893	slli	x17,x5,0x1a	  x5:0x00000001 x17=0x04000000
     345765.000 ns	     34575	8000769c	027379b3	remu	x19,x6,x7	  x6:0x00000000  x7:0x00000000 x19=0x00000000
     345785.000 ns	     34577	800076a0	405ad013	srai	x0,x21,0x5	 x21:0x00000002
     345795.000 ns	     34578	800076a4	97c92597	auipc	x11,0x97c92	 x11=0x17c996a4
     345815.000 ns	     34580	800076a8	f0030a53	fmv.w.x	f20,x6	  x6:0x00000000 f20=0x00000000
     345845.000 ns	     34583	800076ac	02c0cb33	div	x22,x1,x12	  x1:0x80041024 x12:0x00000000 x22=0xffffffff
     345865.000 ns	     34585	800076b0	00613a33	sltu	x20,x2,x6	  x2:0x000001f6  x6:0x00000000 x20=0x00000000
     345885.000 ns	     34587	800076b4	033fc2b3	div	x5,x31,x19	 x31:0x00000001 x19:0x00000000  x5=0xffffffff
     345905.000 ns	     34589	800076b8	008837b3	sltu	x15,x16,x8	 x16:0x00000002  x8:0x00000000 x15=0x00000000
     346265.000 ns	     34625	800076bc	0311e2b3	rem	x5,x3,x17	  x3:0x00000000 x17:0x04000000  x5=0x00000000
     346285.000 ns	     34627	800076c0	00fb1eb3	sll	x29,x22,x15	 x22:0xffffffff x15:0x00000000 x29=0xffffffff
     346305.000 ns	     34629	800076c4	c006f453	fcvt.w.s	x8,f13	 f13:0xcefff7df  x8=0x7ffbef80
     346335.000 ns	     34632	800076c8	21338753	fsgnj.s	f14,f7,f19	  f7:0xcefff7df f19:0x7f800000 f14=0x4efff7df
     346355.000 ns	     34634	800076cc	41a8df13	srai	x30,x17,0x1a	 x17:0x04000000 x30=0x00000001
     346365.000 ns	     34635	800076d0	6fa7c193	xori	x3,x15,1786	 x15:0x00000000  x3=0x000006fa
     346375.000 ns	     34636	800076d4	40815b33	sra	x22,x2,x8	  x2:0x000001f6  x8:0x7ffbef80 x22=0x000001f6
     346385.000 ns	     34637	800076d8	006e68b3	or	x17,x28,x6	 x28:0x80041080  x6:0x00000000 x17=0x80041080
     346405.000 ns	     34639	800076dc	a16d04d3	fle.s	x9,f26,f22	 f26:0x00000000 f22:0x80041024  x9=0x00000000
     346435.000 ns	     34642	800076e0	a0758fd3	fle.s	x31,f11,f7	 f11:0x00000000  f7:0xcefff7df x31=0x00000000
     346455.000 ns	     34644	800076e4	d3a5bd93	sltiu	x27,x11,-710	 x11:0x17c996a4 x27=0x00000001
     346465.000 ns	     34645	800076e8	00ae4bb3	xor	x23,x28,x10	 x28:0x80041080 x10:0x00000000 x23=0x80041080
     346475.000 ns	     34646	800076ec	012926b3	slt	x13,x18,x18	 x18:0x80040fe4 x18:0x80040fe4 x13=0x00000000
     346495.000 ns	     34648	800076f0	a0d80153	fle.s	x2,f16,f13	 f16:0x00000000 f13:0xcefff7df  x2=0x00000000
     346525.000 ns	     34651	800076f4	024f50b3	divu	x1,x30,x4	 x30:0x00000001  x4:0x00000000  x1=0xffffffff
     346545.000 ns	     34653	800076f8	2f769437	lui	x8,0x2f769	  x8=0x2f769000
     346585.000 ns	     34657	800076fc	00257ad3	fadd.s	f21,f10,f2	 f10:0xcefff7df  f2:0x00000000 f21=0xcefff7df
     346615.000 ns	     34660	80007700	034326b3	mulhsu	x13,x6,x20	  x6:0x00000000 x20:0x00000000 x13=0x00000000
     346645.000 ns	     34663	80007704	03ba3633	mulhu	x12,x20,x27	 x20:0x00000000 x27:0x00000001 x12=0x00000000
     346675.000 ns	     34666	80007708	212c0fd3	fsgnj.s	f31,f24,f18	 f24:0xcf7ff7df f18:0x80000000 f31=0xcf7ff7df
     346705.000 ns	     34669	8000770c	e00e9bd3	fclass.s	x23,f29	 f29:0x7fc00000 x23=0x00000200
     346725.000 ns	     34671	80007710	40bad633	sra	x12,x21,x11	 x21:0x00000002 x11:0x17c996a4 x12=0x00000000
     346735.000 ns	     34672	80007714	00bbfdb3	and	x27,x23,x11	 x23:0x00000200 x11:0x17c996a4 x27=0x00000200
     346745.000 ns	     34673	80007718	4097dd13	srai	x26,x15,0x9	 x15:0x00000000 x26=0x00000000
     346755.000 ns	     34674	8000771c	a37fcf93	xori	x31,x31,-1481	 x31:0x00000000 x31=0xfffffa37
     346775.000 ns	     34676	80007720	a0b626d3	feq.s	x13,f12,f11	 f12:0x00000000 f11:0x00000000 x13=0x00000001
     346805.000 ns	     34679	80007724	c01df5d3	fcvt.wu.s	x11,f27	 f27:0x4efff7df x11=0x7ffbef80
     346845.000 ns	     34683	80007728	580a0f53	fsqrt.s	f30,f20	 f20:0x00000000 f30=0x00000000
     346875.000 ns	     34686	8000772c	e00a0bd3	fmv.x.w	x23,f20	 f20:0x00000000 x23=0x00000000
     346905.000 ns	     34689	80007730	02c398b3	mulh	x17,x7,x12	  x7:0x00000000 x12:0x00000000 x17=0x00000000
     346925.000 ns	     34691	80007734	410384b3	sub	x9,x7,x16	  x7:0x00000000 x16:0x00000002  x9=0xfffffffe
     346955.000 ns	     34694	80007738	10e8fe53	fmul.s	f28,f17,f14	 f17:0x00000000 f14:0x4efff7df f28=0x00000000
     346985.000 ns	     34697	8000773c	c01545d3	fcvt.wu.s	x11,f10	 f10:0xcefff7df x11=0x7ffbef80
     347015.000 ns	     34700	80007740	03b239b3	mulhu	x19,x4,x27	  x4:0x00000000 x27:0x00000200 x19=0x00000000
     347035.000 ns	     34702	80007744	01189213	slli	x4,x17,0x11	 x17:0x00000000  x4=0x00000000
     347055.000 ns	     34704	80007748	02f68d33	mul	x26,x13,x15	 x13:0x00000001 x15:0x00000000 x26=0x00000000
     347085.000 ns	     34707	8000774c	0383d1b3	divu	x3,x7,x24	  x7:0x00000000 x24:0x00000000  x3=0xffffffff
     347105.000 ns	     34709	80007750	00000013	addi	x0,x0,0	  x0:0x00000000
     347125.000 ns	     34711	80007754	d00675d3	fcvt.s.w	f11,x12	 x12:0x00000000 f11=0x00000000
     347145.000 ns	     34713	80007758	38173993	sltiu	x19,x14,897	 x14:0x80041024 x19=0x00000000
     347185.000 ns	     34717	8000775c	08089653	fsub.s	f12,f17,f0	 f17:0x00000000  f0:0x7fc00000 f12=0x7fc00000
     347215.000 ns	     34720	80007760	29bf9dd3	fmax.s	f27,f31,f27	 f31:0xcf7ff7df f27:0x4efff7df f27=0x4efff7df
     347245.000 ns	     34723	80007764	20ee03d3	fsgnj.s	f7,f28,f14	 f28:0x00000000 f14:0x4efff7df  f7=0x00000000
     347265.000 ns	     34725	80007768	9c493413	sltiu	x8,x18,-1596	 x18:0x80040fe4  x8=0x00000001
     347275.000 ns	     34726	8000776c	01e2be33	sltu	x28,x5,x30	  x5:0x00000000 x30:0x00000001 x28=0x00000001
     347295.000 ns	     34728	80007770	20402bd3	fsgnjx.s	f23,f0,f4	  f0:0x7fc00000  f4:0xff800000 f23=0xffc00000
     347315.000 ns	     34730	80007774	aae08d93	addi	x27,x1,-1362	  x1:0xffffffff x27=0xfffffaad
     347325.000 ns	     34731	80007778	41fadd93	srai	x27,x21,0x1f	 x21:0x00000002 x27=0x00000000
     347335.000 ns	     34732	8000777c	01540b33	add	x22,x8,x21	  x8:0x00000001 x21:0x00000002 x22=0x00000003
     347355.000 ns	     34734	80007780	02153433	mulhu	x8,x10,x1	 x10:0x00000000  x1:0xffffffff  x8=0x00000000
     347725.000 ns	     34771	80007784	03daf6b3	remu	x13,x21,x29	 x21:0x00000002 x29:0xffffffff x13=0x00000002
     347765.000 ns	     34775	80007788	580fc253	fsqrt.s	f4,f31	 f31:0xcf7ff7df  f4=0x7fc00000
     347785.000 ns	     34777	8000778c	00f397b3	sll	x15,x7,x15	  x7:0x00000000 x15:0x00000000 x15=0x00000000
     347795.000 ns	     34778	80007790	008277b3	and	x15,x4,x8	  x4:0x00000000  x8:0x00000000 x15=0x00000000
     347815.000 ns	     34780	80007794	a05a19d3	flt.s	x19,f20,f5	 f20:0x00000000  f5:0xffc00000 x19=0x00000000
     348185.000 ns	     34817	80007798	0353ccb3	div	x25,x7,x21	  x7:0x00000000 x21:0x00000002 x25=0x00000000
     348205.000 ns	     34819	8000779c	001080b3	add	x1,x1,x1	  x1:0xffffffff  x1:0xffffffff  x1=0xfffffffe
     348225.000 ns	     34821	800077a0	a19110d3	flt.s	x1,f2,f25	  f2:0x00000000 f25:0xfff00081  x1=0x00000000
     348255.000 ns	     34824	800077a4	03b12cb3	mulhsu	x25,x2,x27	  x2:0x00000000 x27:0x00000000 x25=0x00000000
     348275.000 ns	     34826	800077a8	00f936b3	sltu	x13,x18,x15	 x18:0x80040fe4 x15:0x00000000 x13=0x00000000
     348295.000 ns	     34828	800077ac	02db95b3	mulh	x11,x23,x13	 x23:0x00000000 x13:0x00000002 x11=0x00000000
     348325.000 ns	     34831	800077b0	a0aa9f53	flt.s	x30,f21,f10	 f21:0xcefff7df f10:0xcefff7df x30=0x00000000
     348345.000 ns	     34833	800077b4	00c89b93	slli	x23,x17,0xc	 x17:0x00000000 x23=0x00000000
     348355.000 ns	     34834	800077b8	00291db3	sll	x27,x18,x2	 x18:0x80040fe4  x2:0x00000000 x27=0x80040fe4
     348375.000 ns	     34836	800077bc	0270d1b3	divu	x3,x1,x7	  x1:0x00000000  x7:0x00000000  x3=0xffffffff
     348395.000 ns	     34838	800077c0	00d422b3	slt	x5,x8,x13	  x8:0x00000000 x13:0x00000000  x5=0x00000000
     348415.000 ns	     34840	800077c4	0386a7b3	mulhsu	x15,x13,x24	 x13:0x00000000 x24:0x00000000 x15=0x00000000
     348435.000 ns	     34842	800077c8	5b073413	sltiu	x8,x14,1456	 x14:0x80041024  x8=0x00000000
     348455.000 ns	     34844	800077cc	023696b3	mulh	x13,x13,x3	 x13:0x00000000  x3:0xffffffff x13=0x00000000
     348505.000 ns	     34849	800077d0	094ba8d3	fsub.s	f17,f23,f20	 f23:0xffc00000 f20:0x00000000 f17=0x7fc00000
     348535.000 ns	     34852	800077d4	203f24d3	fsgnjx.s	f9,f30,f3	 f30:0x00000000  f3:0x7f800000  f9=0x00000000
     348565.000 ns	     34855	800077d8	c01bff53	fcvt.wu.s	x30,f23	 f23:0xffc00000 x30=0xffffffff
     348585.000 ns	     34857	800077dc	00000013	addi	x0,x0,0	  x0:0x00000000
     348605.000 ns	     34859	800077e0	e00987d3	fmv.x.w	x15,f19	 f19:0x7f800000 x15=0x7f800000
     348625.000 ns	     34861	800077e4	00bb8fb3	add	x31,x23,x11	 x23:0x00000000 x11:0x00000000 x31=0x00000000
     348635.000 ns	     34862	800077e8	01009e13	slli	x28,x1,0x10	  x1:0x00000000 x28=0x00000000
     348655.000 ns	     34864	800077ec	215d8653	fsgnj.s	f12,f27,f21	 f27:0x4efff7df f21:0xcefff7df f12=0xcefff7df
     348675.000 ns	     34866	800077f0	41334c13	xori	x24,x6,1043	  x6:0x00000000 x24=0x00000413
     348715.000 ns	     34870	800077f4	01737c53	fadd.s	f24,f6,f23	  f6:0x80041024 f23:0xffc00000 f24=0x7fc00000
     348745.000 ns	     34873	800077f8	c012c153	fcvt.wu.s	x2,f5	  f5:0xffc00000  x2=0xffffffff
     348775.000 ns	     34876	800077fc	d0149dd3	fcvt.s.wu	f27,x9	  x9:0xfffffffe f27=0x4f7fffff
     348805.000 ns	     34879	80007800	03568a33	mul	x20,x13,x21	 x13:0x00000000 x21:0x00000002 x20=0x00000000
     348825.000 ns	     34881	80007804	063f3593	sltiu	x11,x30,99	 x30:0xffffffff x11=0x00000000
     348845.000 ns	     34883	80007808	032e9eb3	mulh	x29,x29,x18	 x29:0xffffffff x18:0x80040fe4 x29=0x00000000
     348875.000 ns	     34886	8000780c	c011ffd3	fcvt.wu.s	x31,f3	  f3:0x7f800000 x31=0xffffffff
     348895.000 ns	     34888	80007810	019723b3	slt	x7,x14,x25	 x14:0x80041024 x25:0x00000000  x7=0x00000001
     348915.000 ns	     34890	80007814	c01bfed3	fcvt.wu.s	x29,f23	 f23:0xffc00000 x29=0xffffffff
     348945.000 ns	     34893	80007818	03c66233	rem	x4,x12,x28	 x12:0x00000000 x28:0x00000000  x4=0x00000000
     348965.000 ns	     34895	8000781c	0098b5b3	sltu	x11,x17,x9	 x17:0x00000000  x9:0xfffffffe x11=0x00000001
     348975.000 ns	     34896	80007820	00e07fb3	and	x31,x0,x14	  x0:0x00000000 x14:0x80041024 x31=0x00000000
     348995.000 ns	     34898	80007824	e0078053	fmv.x.w	x0,f15	 f15:0x7fc00000
     349035.000 ns	     34902	80007828	1967f753	fdiv.s	f14,f15,f22	 f15:0x7fc00000 f22:0x80041024 f14=0x7fc00000
     349065.000 ns	     34905	8000782c	e0060d53	fmv.x.w	x26,f12	 f12:0xcefff7df x26=0xcefff7df
     349115.000 ns	     34910	80007830	00de1ad3	fadd.s	f21,f28,f13	 f28:0x00000000 f13:0xcefff7df f21=0xcefff7df
     349145.000 ns	     34913	80007834	c0134dd3	fcvt.wu.s	x27,f6	  f6:0x80041024 x27=0x00000000
     349165.000 ns	     34915	80007838	003c2cb3	slt	x25,x24,x3	 x24:0x00000413  x3:0xffffffff x25=0x00000000
     349175.000 ns	     34916	8000783c	5cb57437	lui	x8,0x5cb57	  x8=0x5cb57000
     349195.000 ns	     34918	80007840	216f20d3	fsgnjx.s	f1,f30,f22	 f30:0x00000000 f22:0x80041024  f1=0x80000000
     349245.000 ns	     34923	80007844	008e82d3	fadd.s	f5,f29,f8	 f29:0x7fc00000  f8:0x80000000  f5=0x7fc00000
     349265.000 ns	     34925	80007848	013634b3	sltu	x9,x12,x19	 x12:0x00000000 x19:0x00000000  x9=0x00000000
     349275.000 ns	     34926	8000784c	10103513	sltiu	x10,x0,257	  x0:0x00000000 x10=0x00000001
     349295.000 ns	     34928	80007850	e0061353	fclass.s	x6,f12	 f12:0xcefff7df  x6=0x00000002
     349315.000 ns	     34930	80007854	01fa9233	sll	x4,x21,x31	 x21:0x00000002 x31:0x00000000  x4=0x00000002
     349325.000 ns	     34931	80007858	64cdc213	xori	x4,x27,1612	 x27:0x00000000  x4=0x0000064c
     349335.000 ns	     34932	8000785c	00000013	addi	x0,x0,0	  x0:0x00000000
     349695.000 ns	     34968	80007860	0363c4b3	div	x9,x7,x22	  x7:0x00000001 x22:0x00000003  x9=0x00000000
     349725.000 ns	     34971	80007864	02930f33	mul	x30,x6,x9	  x6:0x00000002  x9:0x00000000 x30=0x00000000
     349745.000 ns	     34973	80007868	8d736d13	ori	x26,x6,-1833	  x6:0x00000002 x26=0xfffff8d7
     349755.000 ns	     34974	8000786c	00a0bfb3	sltu	x31,x1,x10	  x1:0x00000000 x10:0x00000001 x31=0x00000001
     349785.000 ns	     34977	80007870	19e170d3	fdiv.s	f1,f2,f30	  f2:0x00000000 f30:0x00000000  f1=0x7fc00000
     349805.000 ns	     34979	80007874	5bb14637	lui	x12,0x5bb14	 x12=0x5bb14000
     349815.000 ns	     34980	80007878	015e5db3	srl	x27,x28,x21	 x28:0x00000000 x21:0x00000002 x27=0x00000000
     349845.000 ns	     34983	8000787c	19b0f853	fdiv.s	f16,f1,f27	  f1:0x7fc00000 f27:0x4f7fffff f16=0x7fc00000
     349865.000 ns	     34985	80007880	0a56fd93	andi	x27,x13,165	 x13:0x00000000 x27=0x00000000
     350225.000 ns	     35021	80007884	02374cb3	div	x25,x14,x3	 x14:0x80041024  x3:0xffffffff x25=0x7ffbefdc
     350255.000 ns	     35024	80007888	28250053	fmin.s	f0,f10,f2	 f10:0xcefff7df  f2:0x00000000  f0=0xcefff7df
     350275.000 ns	     35026	8000788c	411fde33	sra	x28,x31,x17	 x31:0x00000001 x17:0x00000000 x28=0x00000001
     350295.000 ns	     35028	80007890	20f8aa53	fsgnjx.s	f20,f17,f15	 f17:0x7fc00000 f15:0x7fc00000 f20=0x7fc00000
     350315.000 ns	     35030	80007894	41a8d033	sra	x0,x17,x26	 x17:0x00000000 x26:0xfffff8d7
     350355.000 ns	     35034	80007898	08e3f7d3	fsub.s	f15,f7,f14	  f7:0x00000000 f14:0x7fc00000 f15=0x7fc00000
     350375.000 ns	     35036	8000789c	00d46c33	or	x24,x8,x13	  x8:0x5cb57000 x13:0x00000000 x24=0x5cb57000
     350395.000 ns	     35038	800078a0	021d03b3	mul	x7,x26,x1	 x26:0xfffff8d7  x1:0x00000000  x7=0x00000000
     350765.000 ns	     35075	800078a4	02205f33	divu	x30,x0,x2	  x0:0x00000000  x2:0xffffffff x30=0x00000000
     350785.000 ns	     35077	800078a8	000ed1b3	srl	x3,x29,x0	 x29:0xffffffff  x0:0x00000000  x3=0xffffffff
     350805.000 ns	     35079	800078ac	032c3bb3	mulhu	x23,x24,x18	 x24:0x5cb57000 x18:0x80040fe4 x23=0x2e5c3096
     350825.000 ns	     35081	800078b0	005c6a33	or	x20,x24,x5	 x24:0x5cb57000  x5:0x00000000 x20=0x5cb57000
     350845.000 ns	     35083	800078b4	03801db3	mulh	x27,x0,x24	  x0:0x00000000 x24:0x5cb57000 x27=0x00000000
     351215.000 ns	     35120	800078b8	03c67db3	remu	x27,x12,x28	 x12:0x5bb14000 x28:0x00000001 x27=0x00000000
     351235.000 ns	     35122	800078bc	0131b533	sltu	x10,x3,x19	  x3:0xffffffff x19:0x00000000 x10=0x00000000
     351255.000 ns	     35124	800078c0	0299b233	mulhu	x4,x19,x9	 x19:0x00000000  x9:0x00000000  x4=0x00000000
     351285.000 ns	     35127	800078c4	d00efd53	fcvt.s.w	f26,x29	 x29:0xffffffff f26=0xbf800000
     351655.000 ns	     35164	800078c8	038a48b3	div	x17,x20,x24	 x20:0x5cb57000 x24:0x5cb57000 x17=0x00000001
     351685.000 ns	     35167	800078cc	038c1433	mulh	x8,x24,x24	 x24:0x5cb57000 x24:0x5cb57000  x8=0x2192e917
     351725.000 ns	     35171	800078d0	1802abd3	fdiv.s	f23,f5,f0	  f5:0x7fc00000  f0:0xcefff7df f23=0x7fc00000
     352095.000 ns	     35208	800078d4	031eed33	rem	x26,x29,x17	 x29:0xffffffff x17:0x00000001 x26=0x00000000
     352115.000 ns	     35210	800078d8	00709f93	slli	x31,x1,0x7	  x1:0x00000000 x31=0x00000000
     352125.000 ns	     35211	800078dc	00392fb3	slt	x31,x18,x3	 x18:0x80040fe4  x3:0xffffffff x31=0x00000001
     352155.000 ns	     35214	800078e0	193c82d3	fdiv.s	f5,f25,f19	 f25:0xfff00081 f19:0x7f800000  f5=0x7fc00000
     352185.000 ns	     35217	800078e4	c01d75d3	fcvt.wu.s	x11,f26	 f26:0xbf800000 x11=0x00000001
     352215.000 ns	     35220	800078e8	c01c7dd3	fcvt.wu.s	x27,f24	 f24:0x7fc00000 x27=0xffffffff
     352245.000 ns	     35223	800078ec	a1910f53	fle.s	x30,f2,f25	  f2:0x00000000 f25:0xfff00081 x30=0x00000000
     352265.000 ns	     35225	800078f0	40975593	srai	x11,x14,0x9	 x14:0x80041024 x11=0xffc00208
     352285.000 ns	     35227	800078f4	d01572d3	fcvt.s.wu	f5,x10	 x10:0x00000000  f5=0x00000000
     352325.000 ns	     35231	800078f8	105308d3	fmul.s	f17,f6,f5	  f6:0x80041024  f5:0x7fc00000 f17=0x80000000
     352345.000 ns	     35233	800078fc	002a1233	sll	x4,x20,x2	 x20:0x5cb57000  x2:0xffffffff  x4=0x00000000
     352355.000 ns	     35234	80007900	fcaea597	auipc	x11,0xfcaea	 x11=0x7caf1900
     352375.000 ns	     35236	80007904	02f33db3	mulhu	x27,x6,x15	  x6:0x00000002 x15:0x7f800000 x27=0x00000000
     352745.000 ns	     35273	80007908	0238d8b3	divu	x17,x17,x3	 x17:0x00000001  x3:0xffffffff x17=0x00000000
     352775.000 ns	     35276	8000790c	e00c8053	fmv.x.w	x0,f25	 f25:0xfff00081
     352795.000 ns	     35278	80007910	019a0333	add	x6,x20,x25	 x20:0x5cb57000 x25:0x7ffbefdc  x6=0xdcb15fdc
     352805.000 ns	     35279	80007914	016e5513	srli	x10,x28,0x16	 x28:0x00000001 x10=0x00000000
     352815.000 ns	     35280	80007918	dc06ef93	ori	x31,x13,-576	 x13:0x00000000 x31=0xfffffdc0
     352835.000 ns	     35282	8000791c	c01fffd3	fcvt.wu.s	x31,f31	 f31:0xcf7ff7df x31=0xfff7df00
     352865.000 ns	     35285	80007920	c0017b53	fcvt.w.s	x22,f2	  f2:0x00000000 x22=0x00000000
     352885.000 ns	     35287	80007924	00000013	addi	x0,x0,0	  x0:0x00000000
     352905.000 ns	     35289	80007928	03cf32b3	mulhu	x5,x30,x28	 x30:0x00000000 x28:0x00000001  x5=0x00000000
     352925.000 ns	     35291	8000792c	b5bbed13	ori	x26,x23,-1189	 x23:0x2e5c3096 x26=0xfffffbdf
     352945.000 ns	     35293	80007930	02109b33	mulh	x22,x1,x1	  x1:0x00000000  x1:0x00000000 x22=0x00000000
     353315.000 ns	     35330	80007934	03d77533	remu	x10,x14,x29	 x14:0x80041024 x29:0xffffffff x10=0x80041024
     353365.000 ns	     35335	80007938	003d7153	fadd.s	f2,f26,f3	 f26:0xbf800000  f3:0x7f800000  f2=0x7f800000
     353395.000 ns	     35338	8000793c	029d2fb3	mulhsu	x31,x26,x9	 x26:0xfffffbdf  x9:0x00000000 x31=0x00000000
     353425.000 ns	     35341	80007940	03eca633	mulhsu	x12,x25,x30	 x25:0x7ffbefdc x30:0x00000000 x12=0x00000000
     353445.000 ns	     35343	80007944	4194d313	srai	x6,x9,0x19	  x9:0x00000000  x6=0x00000000
     353455.000 ns	     35344	80007948	cc08b613	sltiu	x12,x17,-832	 x17:0x00000000 x12=0x00000001
     353475.000 ns	     35346	8000794c	21479fd3	fsgnjn.s	f31,f15,f20	 f15:0x7fc00000 f20:0x7fc00000 f31=0xffc00000
     353495.000 ns	     35348	80007950	4174d333	sra	x6,x9,x23	  x9:0x00000000 x23:0x2e5c3096  x6=0x00000000
     353515.000 ns	     35350	80007954	c0127353	fcvt.wu.s	x6,f4	  f4:0x7fc00000  x6=0xffffffff
     353545.000 ns	     35353	80007958	02afb7b3	mulhu	x15,x31,x10	 x31:0x00000000 x10:0x80041024 x15=0x00000000
     353575.000 ns	     35356	8000795c	03dd2533	mulhsu	x10,x26,x29	 x26:0xfffffbdf x29:0xffffffff x10=0xfffffbdf
     353595.000 ns	     35358	80007960	00dbd113	srli	x2,x23,0xd	 x23:0x2e5c3096  x2=0x000172e1
     353955.000 ns	     35394	80007964	03cdc0b3	div	x1,x27,x28	 x27:0x00000000 x28:0x00000001  x1=0x00000000
     354325.000 ns	     35431	80007968	03094cb3	div	x25,x18,x16	 x18:0x80040fe4 x16:0x00000002 x25=0xc00207f2
     354355.000 ns	     35434	8000796c	02f6f0b3	remu	x1,x13,x15	 x13:0x00000000 x15:0x00000000  x1=0x00000000
     354725.000 ns	     35471	80007970	03a86033	rem	x0,x16,x26	 x16:0x00000002 x26:0xfffffbdf
     354745.000 ns	     35473	80007974	018ed6b3	srl	x13,x29,x24	 x29:0xffffffff x24:0x5cb57000 x13=0xffffffff
     354775.000 ns	     35476	80007978	58087f53	fsqrt.s	f30,f16	 f16:0x7fc00000 f30=0x7fc00000
     354805.000 ns	     35479	8000797c	02d71633	mulh	x12,x14,x13	 x14:0x80041024 x13:0x00000000 x12=0x00000000
     354825.000 ns	     35481	80007980	011c7a33	and	x20,x24,x17	 x24:0x5cb57000 x17:0x00000000 x20=0x00000000
     354835.000 ns	     35482	80007984	41d75513	srai	x10,x14,0x1d	 x14:0x80041024 x10=0xfffffffc
     354845.000 ns	     35483	80007988	004dd013	srli	x0,x27,0x4	 x27:0x00000000
     354855.000 ns	     35484	8000798c	833e8c93	addi	x25,x29,-1997	 x29:0xffffffff x25=0xfffff832
     354865.000 ns	     35485	80007990	68b56b13	ori	x22,x10,1675	 x10:0xfffffffc x22=0xffffffff
     354905.000 ns	     35489	80007994	018481d3	fadd.s	f3,f9,f24	  f9:0x00000000 f24:0x7fc00000  f3=0x7fc00000
     354935.000 ns	     35492	80007998	d0138153	fcvt.s.wu	f2,x7	  x7:0x00000000  f2=0x00000000
     354965.000 ns	     35495	8000799c	20f31653	fsgnjn.s	f12,f6,f15	  f6:0x80041024 f15:0x7fc00000 f12=0x80041024
     354985.000 ns	     35497	800079a0	e074a013	slti	x0,x9,-505	  x9:0x00000000
     354995.000 ns	     35498	800079a4	40ab8cb3	sub	x25,x23,x10	 x23:0x2e5c3096 x10:0xfffffffc x25=0x2e5c309a
     355015.000 ns	     35500	800079a8	20e09453	fsgnjn.s	f8,f1,f14	  f1:0x7fc00000 f14:0x7fc00000  f8=0xffc00000
     355045.000 ns	     35503	800079ac	e00a8053	fmv.x.w	x0,f21	 f21:0xcefff7df
     355065.000 ns	     35505	800079b0	6249bb13	sltiu	x22,x19,1572	 x19:0x00000000 x22=0x00000001
     355085.000 ns	     35507	800079b4	213eacd3	fsgnjx.s	f25,f29,f19	 f29:0x7fc00000 f19:0x7f800000 f25=0x7fc00000
     355115.000 ns	     35510	800079b8	02949bb3	mulh	x23,x9,x9	  x9:0x00000000  x9:0x00000000 x23=0x00000000
     355135.000 ns	     35512	800079bc	01d41013	slli	x0,x8,0x1d	  x8:0x2192e917
     355155.000 ns	     35514	800079c0	c00977d3	fcvt.w.s	x15,f18	 f18:0x80000000 x15=0x00000000
     355175.000 ns	     35516	800079c4	8af9b513	sltiu	x10,x19,-1873	 x19:0x00000000 x10=0x00000001
     355195.000 ns	     35518	800079c8	e00e9153	fclass.s	x2,f29	 f29:0x7fc00000  x2=0x00000200
     355245.000 ns	     35523	800079cc	08a672d3	fsub.s	f5,f12,f10	 f12:0x80041024 f10:0xcefff7df  f5=0x4efff7df
     355265.000 ns	     35525	800079d0	b03f7897	auipc	x17,0xb03f7	 x17=0x303fe9d0
     355275.000 ns	     35526	800079d4	01f138b3	sltu	x17,x2,x31	  x2:0x00000200 x31:0x00000000 x17=0x00000000
     355305.000 ns	     35529	800079d8	1821f353	fdiv.s	f6,f3,f2	  f3:0x7fc00000  f2:0x00000000  f6=0x7fc00000
     355335.000 ns	     35532	800079dc	2055a553	fsgnjx.s	f10,f11,f5	 f11:0x00000000  f5:0x4efff7df f10=0x00000000
     355365.000 ns	     35535	800079e0	c01af1d3	fcvt.wu.s	x3,f21	 f21:0xcefff7df  x3=0x7ffbef80
     355395.000 ns	     35538	800079e4	a0038b53	fle.s	x22,f7,f0	  f7:0x00000000  f0:0xcefff7df x22=0x00000000
     355415.000 ns	     35540	800079e8	54f64313	xori	x6,x12,1359	 x12:0x00000000  x6=0x0000054f
     355775.000 ns	     35576	800079ec	03554db3	div	x27,x10,x21	 x10:0x00000001 x21:0x00000002 x27=0x00000000
     355795.000 ns	     35578	800079f0	59bfcc13	xori	x24,x31,1435	 x31:0x00000000 x24=0x0000059b
     355815.000 ns	     35580	800079f4	28cc19d3	fmax.s	f19,f24,f12	 f24:0x7fc00000 f12:0x80041024 f19=0x80041024
     355845.000 ns	     35583	800079f8	28489b53	fmax.s	f22,f17,f4	 f17:0x80000000  f4:0x7fc00000 f22=0x80000000
     355875.000 ns	     35586	800079fc	21e0a653	fsgnjx.s	f12,f1,f30	  f1:0x7fc00000 f30:0x7fc00000 f12=0x7fc00000
     355905.000 ns	     35589	80007a00	03c42fb3	mulhsu	x31,x8,x28	  x8:0x2192e917 x28:0x00000001 x31=0x00000000
     355935.000 ns	     35592	80007a04	0246b5b3	mulhu	x11,x13,x4	 x13:0xffffffff  x4:0x00000000 x11=0x00000000
     355965.000 ns	     35595	80007a08	a06da653	feq.s	x12,f27,f6	 f27:0x4f7fffff  f6:0x7fc00000 x12=0x00000000
     355985.000 ns	     35597	80007a0c	24aec393	xori	x7,x29,586	 x29:0xffffffff  x7=0xfffffdb5
     356015.000 ns	     35600	80007a10	18b98553	fdiv.s	f10,f19,f11	 f19:0x80041024 f11:0x00000000 f10=0xff800000
     356035.000 ns	     35602	80007a14	008a7a33	and	x20,x20,x8	 x20:0x00000000  x8:0x2192e917 x20=0x00000000
     356055.000 ns	     35604	80007a18	f0000053	fmv.w.x	f0,x0	  x0:0x00000000  f0=0x00000000
     356075.000 ns	     35606	80007a1c	704b1897	auipc	x17,0x704b1	 x17=0xf04b8a1c
     356435.000 ns	     35642	80007a20	039a4c33	div	x24,x20,x25	 x20:0x00000000 x25:0x2e5c309a x24=0x00000000
     356455.000 ns	     35644	80007a24	b1328393	addi	x7,x5,-1261	  x5:0x00000000  x7=0xfffffb13
     356465.000 ns	     35645	80007a28	a9bcba13	sltiu	x20,x25,-1381	 x25:0x2e5c309a x20=0x00000001
     356475.000 ns	     35646	80007a2c	01210533	add	x10,x2,x18	  x2:0x00000200 x18:0x80040fe4 x10=0x800411e4
     356495.000 ns	     35648	80007a30	02f5f633	remu	x12,x11,x15	 x11:0x00000000 x15:0x00000000 x12=0x00000000
     356515.000 ns	     35650	80007a34	2347fab7	lui	x21,0x2347f	 x21=0x2347f000
     356525.000 ns	     35651	80007a38	00821393	slli	x7,x4,0x8	  x4:0x00000000  x7=0x00000000
     356535.000 ns	     35652	80007a3c	01b10fb3	add	x31,x2,x27	  x2:0x00000200 x27:0x00000000 x31=0x00000200
     356545.000 ns	     35653	80007a40	26fdf693	andi	x13,x27,623	 x27:0x00000000 x13=0x00000000
     356575.000 ns	     35656	80007a44	11ca2353	fmul.s	f6,f20,f28	 f20:0x7fc00000 f28:0x00000000  f6=0x7fc00000
     356595.000 ns	     35658	80007a48	db5e2f13	slti	x30,x28,-587	 x28:0x00000001 x30=0x00000000
     356615.000 ns	     35660	80007a4c	a0bb2ad3	feq.s	x21,f22,f11	 f22:0x80000000 f11:0x00000000 x21=0x00000001
     356645.000 ns	     35663	80007a50	20998ad3	fsgnj.s	f21,f19,f9	 f19:0x80041024  f9:0x00000000 f21=0x00041024
     356665.000 ns	     35665	80007a54	01a46db3	or	x27,x8,x26	  x8:0x2192e917 x26:0xfffffbdf x27=0xfffffbdf
     356675.000 ns	     35666	80007a58	007a5993	srli	x19,x20,0x7	 x20:0x00000001 x19=0x00000000
     356695.000 ns	     35668	80007a5c	21b20e53	fsgnj.s	f28,f4,f27	  f4:0x7fc00000 f27:0x4f7fffff f28=0x7fc00000
     356745.000 ns	     35673	80007a60	09dcbf53	fsub.s	f30,f25,f29	 f25:0x7fc00000 f29:0x7fc00000 f30=0x7fc00000
     356765.000 ns	     35675	80007a64	00f8dd13	srli	x26,x17,0xf	 x17:0xf04b8a1c x26=0x0001e097
     356775.000 ns	     35676	80007a68	017edf93	srli	x31,x29,0x17	 x29:0xffffffff x31=0x000001ff
     356785.000 ns	     35677	80007a6c	74184793	xori	x15,x16,1857	 x16:0x00000002 x15=0x00000743
     356805.000 ns	     35679	80007a70	d0142f53	fcvt.s.wu	f30,x8	  x8:0x2192e917 f30=0x4e064ba5
     356835.000 ns	     35682	80007a74	20a1a9d3	fsgnjx.s	f19,f3,f10	  f3:0x7fc00000 f10:0xff800000 f19=0xffc00000
     356865.000 ns	     35685	80007a78	21e10c53	fsgnj.s	f24,f2,f30	  f2:0x00000000 f30:0x4e064ba5 f24=0x00000000
     356895.000 ns	     35688	80007a7c	e0040f53	fmv.x.w	x30,f8	  f8:0xffc00000 x30=0xffc00000
     356925.000 ns	     35691	80007a80	a1132253	feq.s	x4,f6,f17	  f6:0x7fc00000 f17:0x80000000  x4=0x00000000
     356955.000 ns	     35694	80007a84	032d0a33	mul	x20,x26,x18	 x26:0x0001e097 x18:0x80040fe4 x20=0x2030df7c
     356975.000 ns	     35696	80007a88	00bf57b3	srl	x15,x30,x11	 x30:0xffc00000 x11:0x00000000 x15=0xffc00000
     356985.000 ns	     35697	80007a8c	40b85313	srai	x6,x16,0xb	 x16:0x00000002  x6=0x00000000
     356995.000 ns	     35698	80007a90	4149d093	srai	x1,x19,0x14	 x19:0x00000000  x1=0x00000000
     357015.000 ns	     35700	80007a94	02bac333	div	x6,x21,x11	 x21:0x00000001 x11:0x00000000  x6=0xffffffff
     357035.000 ns	     35702	80007a98	007c2a33	slt	x20,x24,x7	 x24:0x00000000  x7:0x00000000 x20=0x00000000
     357055.000 ns	     35704	80007a9c	f0020153	fmv.w.x	f2,x4	  x4:0x00000000  f2=0x00000000
     357085.000 ns	     35707	80007aa0	e00e9253	fclass.s	x4,f29	 f29:0x7fc00000  x4=0x00000200
     357115.000 ns	     35710	80007aa4	28700fd3	fmin.s	f31,f0,f7	  f0:0x00000000  f7:0x00000000 f31=0x00000000
     357165.000 ns	     35715	80007aa8	095724d3	fsub.s	f9,f14,f21	 f14:0x7fc00000 f21:0x00041024  f9=0x7fc00000
     357205.000 ns	     35719	80007aac	113e3a53	fmul.s	f20,f28,f19	 f28:0x7fc00000 f19:0xffc00000 f20=0x7fc00000
     357225.000 ns	     35721	80007ab0	015642b3	xor	x5,x12,x21	 x12:0x00000000 x21:0x00000001  x5=0x00000001
     357245.000 ns	     35723	80007ab4	20138cd3	fsgnj.s	f25,f7,f1	  f7:0x00000000  f1:0x7fc00000 f25=0x00000000
     357265.000 ns	     35725	80007ab8	01a381b3	add	x3,x7,x26	  x7:0x00000000 x26:0x0001e097  x3=0x0001e097
     357275.000 ns	     35726	80007abc	015c5313	srli	x6,x24,0x15	 x24:0x00000000  x6=0x00000000
     357285.000 ns	     35727	80007ac0	010f4b33	xor	x22,x30,x16	 x30:0xffc00000 x16:0x00000002 x22=0xffc00002
     357305.000 ns	     35729	80007ac4	d001f153	fcvt.s.w	f2,x3	  x3:0x0001e097  f2=0x47f04b80
     357335.000 ns	     35732	80007ac8	d0131b53	fcvt.s.wu	f22,x6	  x6:0x00000000 f22=0x00000000
     357355.000 ns	     35734	80007acc	1ba93213	sltiu	x4,x18,442	 x18:0x80040fe4  x4=0x00000000
     357365.000 ns	     35735	80007ad0	01871b93	slli	x23,x14,0x18	 x14:0x80041024 x23=0x24000000
     357395.000 ns	     35738	80007ad4	58027553	fsqrt.s	f10,f4	  f4:0x7fc00000 f10=0x7fc00000
     357415.000 ns	     35740	80007ad8	014b74b3	and	x9,x22,x20	 x22:0xffc00002 x20:0x00000000  x9=0x00000000
     357425.000 ns	     35741	80007adc	415a5693	srai	x13,x20,0x15	 x20:0x00000000 x13=0x00000000
     357445.000 ns	     35743	80007ae0	036d16b3	mulh	x13,x26,x22	 x26:0x0001e097 x22:0xffc00002 x13=0xffffff87
     357485.000 ns	     35747	80007ae4	18f42753	fdiv.s	f14,f8,f15	  f8:0xffc00000 f15:0x7fc00000 f14=0x7fc00000
     357515.000 ns	     35750	80007ae8	d018cd53	fcvt.s.wu	f26,x17	 x17:0xf04b8a1c f26=0x4f704b8a
     357545.000 ns	     35753	80007aec	e00280d3	fmv.x.w	x1,f5	  f5:0x4efff7df  x1=0x4efff7df
     357595.000 ns	     35758	80007af0	008c7053	fadd.s	f0,f24,f8	 f24:0x00000000  f8:0xffc00000  f0=0x7fc00000
     357965.000 ns	     35795	80007af4	032349b3	div	x19,x6,x18	  x6:0x00000000 x18:0x80040fe4 x19=0x00000000
     357995.000 ns	     35798	80007af8	f00d03d3	fmv.w.x	f7,x26	 x26:0x0001e097  f7=0x0001e097
     358025.000 ns	     35801	80007afc	21858a53	fsgnj.s	f20,f11,f24	 f11:0x00000000 f24:0x00000000 f20=0x00000000
     358045.000 ns	     35803	80007b00	e2337e93	andi	x29,x6,-477	  x6:0x00000000 x29=0x00000000
     358065.000 ns	     35805	80007b04	c01cf1d3	fcvt.wu.s	x3,f25	 f25:0x00000000  x3=0x00000000
     358095.000 ns	     35808	80007b08	035a9bb3	mulh	x23,x21,x21	 x21:0x00000001 x21:0x00000001 x23=0x00000000
     358125.000 ns	     35811	80007b0c	033fa0b3	mulhsu	x1,x31,x19	 x31:0x000001ff x19:0x00000000  x1=0x00000000
     358165.000 ns	     35815	80007b10	10b37dd3	fmul.s	f27,f6,f11	  f6:0x7fc00000 f11:0x00000000 f27=0x7fc00000
     358535.000 ns	     35852	80007b14	0282f6b3	remu	x13,x5,x8	  x5:0x00000001  x8:0x2192e917 x13=0x00000001
     358555.000 ns	     35854	80007b18	00000013	addi	x0,x0,0	  x0:0x00000000
     358575.000 ns	     35856	80007b1c	a17986d3	fle.s	x13,f19,f23	 f19:0xffc00000 f23:0x7fc00000 x13=0x00000000
     358605.000 ns	     35859	80007b20	a1642f53	feq.s	x30,f8,f22	  f8:0xffc00000 f22:0x00000000 x30=0x00000000
     358625.000 ns	     35861	80007b24	00a31293	slli	x5,x6,0xa	  x6:0x00000000  x5=0x00000000
     358635.000 ns	     35862	80007b28	15be34b7	lui	x9,0x15be3	  x9=0x15be3000
     358645.000 ns	     35863	80007b2c	018fe0b3	or	x1,x31,x24	 x31:0x000001ff x24:0x00000000  x1=0x000001ff
     358665.000 ns	     35865	80007b30	c00779d3	fcvt.w.s	x19,f14	 f14:0x7fc00000 x19=0x7fffffff
     358685.000 ns	     35867	80007b34	00889bb3	sll	x23,x17,x8	 x17:0xf04b8a1c  x8:0x2192e917 x23=0x0e000000
     358715.000 ns	     35870	80007b38	10c70b53	fmul.s	f22,f14,f12	 f14:0x7fc00000 f12:0x7fc00000 f22=0x7fc00000
     358735.000 ns	     35872	80007b3c	944be113	ori	x2,x23,-1724	 x23:0x00000000  x2=0xfffff944
     358745.000 ns	     35873	80007b40	008f2033	slt	x0,x30,x8	 x30:0x00000000  x8:0x2192e917
     358765.000 ns	     35875	80007b44	e0021ad3	fclass.s	x21,f4	  f4:0x7fc00000 x21=0x00000200
     358785.000 ns	     35877	80007b48	41820433	sub	x8,x4,x24	  x4:0x00000000 x24:0x00000000  x8=0x00000000
     358805.000 ns	     35879	80007b4c	c008f453	fcvt.w.s	x8,f17	 f17:0x80000000  x8=0x00000000
     358825.000 ns	     35881	80007b50	0131e433	or	x8,x3,x19	  x3:0x00000000 x19:0x7fffffff  x8=0x7fffffff
     358845.000 ns	     35883	80007b54	033a2ab3	mulhsu	x21,x20,x19	 x20:0x00000000 x19:0x7fffffff x21=0x00000000
     358875.000 ns	     35886	80007b58	a0a9a353	feq.s	x6,f19,f10	 f19:0xffc00000 f10:0x7fc00000  x6=0x00000000
     358905.000 ns	     35889	80007b5c	a0ab1a53	flt.s	x20,f22,f10	 f22:0x7fc00000 f10:0x7fc00000 x20=0x00000000
     358935.000 ns	     35892	80007b60	d004a8d3	fcvt.s.w	f17,x9	  x9:0x15be3000 f17=0x4dadf180
     358965.000 ns	     35895	80007b64	210d13d3	fsgnjn.s	f7,f26,f16	 f26:0x4f704b8a f16:0x7fc00000  f7=0xcf704b8a
     358985.000 ns	     35897	80007b68	010f13b3	sll	x7,x30,x16	 x30:0x00000000 x16:0x00000002  x7=0x00000000
     358995.000 ns	     35898	80007b6c	01715e33	srl	x28,x2,x23	  x2:0xfffff944 x23:0x0e000000 x28=0xfffff944
     359005.000 ns	     35899	80007b70	01291c13	slli	x24,x18,0x12	 x18:0x80040fe4 x24=0x3f900000
     359015.000 ns	     35900	80007b74	a72ba093	slti	x1,x23,-1422	 x23:0x0e000000  x1=0x00000000
     359025.000 ns	     35901	80007b78	a5d10c13	addi	x24,x2,-1443	  x2:0xfffff944 x24=0xfffff3a1
     359035.000 ns	     35902	80007b7c	0141ba33	sltu	x20,x3,x20	  x3:0x00000000 x20:0x00000000 x20=0x00000000
     359045.000 ns	     35903	80007b80	41d1d0b3	sra	x1,x3,x29	  x3:0x00000000 x29:0x00000000  x1=0x00000000
     359055.000 ns	     35904	80007b84	4100de33	sra	x28,x1,x16	  x1:0x00000000 x16:0x00000002 x28=0x00000000
     359075.000 ns	     35906	80007b88	02306d33	rem	x26,x0,x3	  x0:0x00000000  x3:0x00000000 x26=0x00000000
     359095.000 ns	     35908	80007b8c	00151133	sll	x2,x10,x1	 x10:0x800411e4  x1:0x00000000  x2=0x800411e4
     359115.000 ns	     35910	80007b90	21591d53	fsgnjn.s	f26,f18,f21	 f18:0x80000000 f21:0x00041024 f26=0x80000000
     359165.000 ns	     35915	80007b94	0865f553	fsub.s	f10,f11,f6	 f11:0x00000000  f6:0x7fc00000 f10=0x7fc00000
     359195.000 ns	     35918	80007b98	029e21b3	mulhsu	x3,x28,x9	 x28:0x00000000  x9:0x15be3000  x3=0x00000000
     359245.000 ns	     35923	80007b9c	01a97a53	fadd.s	f20,f18,f26	 f18:0x80000000 f26:0x80000000 f20=0x80000000
     359265.000 ns	     35925	80007ba0	a66fc393	xori	x7,x31,-1434	 x31:0x000001ff  x7=0xfffffb99
     359285.000 ns	     35927	80007ba4	a15aafd3	feq.s	x31,f21,f21	 f21:0x00041024 f21:0x00041024 x31=0x00000001
     359305.000 ns	     35929	80007ba8	b6c8c113	xori	x2,x17,-1172	 x17:0xf04b8a1c  x2=0x0fb47170
     359315.000 ns	     35930	80007bac	013ec233	xor	x4,x29,x19	 x29:0x00000000 x19:0x7fffffff  x4=0x7fffffff
     359345.000 ns	     35933	80007bb0	10c3fb53	fmul.s	f22,f7,f12	  f7:0xcf704b8a f12:0x7fc00000 f22=0x7fc00000
     359365.000 ns	     35935	80007bb4	00000013	addi	x0,x0,0	  x0:0x00000000
     359385.000 ns	     35937	80007bb8	e00f0d53	fmv.x.w	x26,f30	 f30:0x4e064ba5 x26=0x4e064ba5
     359405.000 ns	     35939	80007bbc	c093e493	ori	x9,x7,-1015	  x7:0xfffffb99  x9=0xffffff99
     359415.000 ns	     35940	80007bc0	7dd88b13	addi	x22,x17,2013	 x17:0xf04b8a1c x22=0xf04b91f9
     359425.000 ns	     35941	80007bc4	c7caa093	slti	x1,x21,-900	 x21:0x00000000  x1=0x00000000
     359445.000 ns	     35943	80007bc8	c003fe53	fcvt.w.s	x28,f7	  f7:0xcf704b8a x28=0x80000000
     359475.000 ns	     35946	80007bcc	202fad53	fsgnjx.s	f26,f31,f2	 f31:0x00000000  f2:0x47f04b80 f26=0x00000000
     359495.000 ns	     35948	80007bd0	01691c13	slli	x24,x18,0x16	 x18:0x80040fe4 x24=0xf9000000
     359505.000 ns	     35949	80007bd4	6576ff13	andi	x30,x13,1623	 x13:0x00000000 x30=0x00000000
     359525.000 ns	     35951	80007bd8	c004ff53	fcvt.w.s	x30,f9	  f9:0x7fc00000 x30=0x7fffffff
     359555.000 ns	     35954	80007bdc	205283d3	fsgnj.s	f7,f5,f5	  f5:0x4efff7df  f5:0x4efff7df  f7=0x4efff7df
     359595.000 ns	     35958	80007be0	5800bdd3	fsqrt.s	f27,f1	  f1:0x7fc00000 f27=0x7fc00000
     359625.000 ns	     35961	80007be4	298b1f53	fmax.s	f30,f22,f24	 f22:0x7fc00000 f24:0x00000000 f30=0x00000000
     359645.000 ns	     35963	80007be8	40ef8a33	sub	x20,x31,x14	 x31:0x00000001 x14:0x80041024 x20=0x7ffbefdd
     359665.000 ns	     35965	80007bec	03a42033	mulhsu	x0,x8,x26	  x8:0x7fffffff x26:0x4e064ba5
     359695.000 ns	     35968	80007bf0	036a8333	mul	x6,x21,x22	 x21:0x00000000 x22:0xf04b91f9  x6=0x00000000
     359725.000 ns	     35971	80007bf4	286a00d3	fmin.s	f1,f20,f6	 f20:0x80000000  f6:0x7fc00000  f1=0x80000000
     359775.000 ns	     35976	80007bf8	00e6f7d3	fadd.s	f15,f13,f14	 f13:0xcefff7df f14:0x7fc00000 f15=0x7fc00000
     359805.000 ns	     35979	80007bfc	205fab53	fsgnjx.s	f22,f31,f5	 f31:0x00000000  f5:0x4efff7df f22=0x00000000
     359835.000 ns	     35982	80007c00	a0cc2d53	feq.s	x26,f24,f12	 f24:0x00000000 f12:0x7fc00000 x26=0x00000000
     359865.000 ns	     35985	80007c04	20772c53	fsgnjx.s	f24,f14,f7	 f14:0x7fc00000  f7:0x4efff7df f24=0x7fc00000
     359895.000 ns	     35988	80007c08	e0029453	fclass.s	x8,f5	  f5:0x4efff7df  x8=0x00000040
     359935.000 ns	     35992	80007c0c	5806c0d3	fsqrt.s	f1,f13	 f13:0xcefff7df  f1=0x7fc00000
     359955.000 ns	     35994	80007c10	01c98db3	add	x27,x19,x28	 x19:0x7fffffff x28:0x80000000 x27=0xffffffff
     359965.000 ns	     35995	80007c14	00409d13	slli	x26,x1,0x4	  x1:0x00000000 x26=0x00000000
     359985.000 ns	     35997	80007c18	d012f853	fcvt.s.wu	f16,x5	  x5:0x00000000 f16=0x00000000
     360015.000 ns	     36000	80007c1c	e0080c53	fmv.x.w	x24,f16	 f16:0x7fc00000 x24=0x00000000
     360035.000 ns	     36002	80007c20	014f10b3	sll	x1,x30,x20	 x30:0x7fffffff x20:0x7ffbefdd  x1=0xe0000000
     360055.000 ns	     36004	80007c24	a14c2ed3	feq.s	x29,f24,f20	 f24:0x7fc00000 f20:0x80000000 x29=0x00000000
     360105.000 ns	     36009	80007c28	00e37bd3	fadd.s	f23,f6,f14	  f6:0x7fc00000 f14:0x7fc00000 f23=0x7fc00000
     360135.000 ns	     36012	80007c2c	c00af6d3	fcvt.w.s	x13,f21	 f21:0x00041024 x13=0x00000000
     360175.000 ns	     36016	80007c30	580b7553	fsqrt.s	f10,f22	 f22:0x00000000 f10=0x00000000
     360205.000 ns	     36019	80007c34	d0057c53	fcvt.s.w	f24,x10	 x10:0x800411e4 f24=0xcefff7dc
     360225.000 ns	     36021	80007c38	9cb6f593	andi	x11,x13,-1589	 x13:0x00000000 x11=0x00000000
     360245.000 ns	     36023	80007c3c	20d799d3	fsgnjn.s	f19,f15,f13	 f15:0x7fc00000 f13:0xcefff7df f19=0x7fc00000
     360275.000 ns	     36026	80007c40	a0f99553	flt.s	x10,f19,f15	 f19:0xffc00000 f15:0x7fc00000 x10=0x00000000
     360295.000 ns	     36028	80007c44	40fe5bb3	sra	x23,x28,x15	 x28:0x80000000 x15:0xffc00000 x23=0x80000000
     360315.000 ns	     36030	80007c48	205f0053	fsgnj.s	f0,f30,f5	 f30:0x00000000  f5:0x4efff7df  f0=0x00000000
     360345.000 ns	     36033	80007c4c	202821d3	fsgnjx.s	f3,f16,f2	 f16:0x00000000  f2:0x47f04b80  f3=0x00000000
     360375.000 ns	     36036	80007c50	e00082d3	fmv.x.w	x5,f1	  f1:0x7fc00000  x5=0x7fc00000
     360395.000 ns	     36038	80007c54	510003b7	lui	x7,0x51000	  x7=0x51000000
     360405.000 ns	     36039	80007c58	249b3293	sltiu	x5,x22,585	 x22:0xf04b91f9  x5=0x00000000
     360425.000 ns	     36041	80007c5c	20f08c53	fsgnj.s	f24,f1,f15	  f1:0x7fc00000 f15:0x7fc00000 f24=0x7fc00000
     360445.000 ns	     36043	80007c60	000a9793	slli	x15,x21,0x0	 x21:0x00000000 x15=0x00000000
     360455.000 ns	     36044	80007c64	41315a93	srai	x21,x2,0x13	  x2:0x0fb47170 x21=0x000001f6
     360475.000 ns	     36046	80007c68	e00d8153	fmv.x.w	x2,f27	 f27:0x7fc00000  x2=0x7fc00000
     360495.000 ns	     36048	80007c6c	412a8633	sub	x12,x21,x18	 x21:0x00000000 x18:0x80040fe4 x12=0x7ffbf212
     360515.000 ns	     36050	80007c70	a04c2e53	feq.s	x28,f24,f4	 f24:0x7fc00000  f4:0x7fc00000 x28=0x00000000
     360535.000 ns	     36052	80007c74	41cc5eb3	sra	x29,x24,x28	 x24:0x00000000 x28:0x80000000 x29=0x00000000
     360545.000 ns	     36053	80007c78	a07f6413	ori	x8,x30,-1529	 x30:0x7fffffff  x8=0xffffffff
     360905.000 ns	     36089	80007c7c	03676433	rem	x8,x14,x22	 x14:0x80041024 x22:0xf04b91f9  x8=0xfda7805c
     360945.000 ns	     36093	80007c80	580610d3	fsqrt.s	f1,f12	 f12:0x7fc00000  f1=0x7fc00000
     360965.000 ns	     36095	80007c84	3d111eb7	lui	x29,0x3d111	 x29=0x3d111000
     360975.000 ns	     36096	80007c88	00bc60b3	or	x1,x24,x11	 x24:0x00000000 x11:0x00000000  x1=0x00000000
     360985.000 ns	     36097	80007c8c	006d9f33	sll	x30,x27,x6	 x27:0xffffffff  x6:0x00000000 x30=0xffffffff
     360995.000 ns	     36098	80007c90	00c7b133	sltu	x2,x15,x12	 x15:0x00000000 x12:0x7ffbf212  x2=0x00000001
     361035.000 ns	     36102	80007c94	09ed7153	fsub.s	f2,f26,f30	 f26:0x00000000 f30:0x00000000  f2=0x80000000
     361065.000 ns	     36105	80007c98	a1eda7d3	feq.s	x15,f27,f30	 f27:0x7fc00000 f30:0x00000000 x15=0x00000000
     361085.000 ns	     36107	80007c9c	400bd493	srai	x9,x23,0x0	 x23:0x80000000  x9=0x80000000
     361095.000 ns	     36108	80007ca0	41c505b3	sub	x11,x10,x28	 x10:0x00000000 x28:0x00000000 x11=0x00000000
     361125.000 ns	     36111	80007ca4	18ca7bd3	fdiv.s	f23,f20,f12	 f20:0x80000000 f12:0x7fc00000 f23=0x7fc00000
     361155.000 ns	     36114	80007ca8	204b09d3	fsgnj.s	f19,f22,f4	 f22:0x00000000  f4:0x7fc00000 f19=0x00000000
     361175.000 ns	     36116	80007cac	084b6413	ori	x8,x22,132	 x22:0xf04b91f9  x8=0xf04b91fd
     361195.000 ns	     36118	80007cb0	03150db3	mul	x27,x10,x17	 x10:0x00000000 x17:0xf04b8a1c x27=0x00000000
     361225.000 ns	     36121	80007cb4	02a43633	mulhu	x12,x8,x10	  x8:0xfda7805c x10:0x00000000 x12=0x00000000
     361255.000 ns	     36124	80007cb8	03bc94b3	mulh	x9,x25,x27	 x25:0x2e5c309a x27:0x00000000  x9=0x00000000
     361285.000 ns	     36127	80007cbc	a1d2a6d3	feq.s	x13,f5,f29	  f5:0x4efff7df f29:0x7fc00000 x13=0x00000000
     361305.000 ns	     36129	80007cc0	01a79013	slli	x0,x15,0x1a	 x15:0x00000000
     361325.000 ns	     36131	80007cc4	02cf0433	mul	x8,x30,x12	 x30:0xffffffff x12:0x00000000  x8=0x00000000
     361345.000 ns	     36133	80007cc8	0034c533	xor	x10,x9,x3	  x9:0x00000000  x3:0x00000000 x10=0x00000000
     361355.000 ns	     36134	80007ccc	0104f2b3	and	x5,x9,x16	  x9:0x00000000 x16:0x00000002  x5=0x00000000
     361365.000 ns	     36135	80007cd0	95987a93	andi	x21,x16,-1703	 x16:0x00000002 x21=0x00000000
     361385.000 ns	     36137	80007cd4	02a975b3	remu	x11,x18,x10	 x18:0x80040fe4 x10:0x00000000 x11=0x80040fe4
     361415.000 ns	     36140	80007cd8	02c2c6b3	div	x13,x5,x12	  x5:0x00000000 x12:0x00000000 x13=0xffffffff
     361435.000 ns	     36142	80007cdc	40eb09b3	sub	x19,x22,x14	 x22:0xf04b91f9 x14:0x80041024 x19=0x704781d5
     361445.000 ns	     36143	80007ce0	bf483a97	auipc	x21,0xbf483	 x21=0x3f48ace0
     361455.000 ns	     36144	80007ce4	4079dd33	sra	x26,x19,x7	 x19:0x7fffffff  x7:0x51000000 x26=0x704781d5
     361495.000 ns	     36148	80007ce8	01bc9bd3	fadd.s	f23,f25,f27	 f25:0x00000000 f27:0x7fc00000 f23=0x7fc00000
     361515.000 ns	     36150	80007cec	01de9233	sll	x4,x29,x29	 x29:0x3d111000 x29:0x3d111000  x4=0x3d111000
     361525.000 ns	     36151	80007cf0	00a88fb3	add	x31,x17,x10	 x17:0xf04b8a1c x10:0x00000000 x31=0xf04b8a1c
     361545.000 ns	     36153	80007cf4	c019fad3	fcvt.wu.s	x21,f19	 f19:0x00000000 x21=0x00000000
     361575.000 ns	     36156	80007cf8	c00bfcd3	fcvt.w.s	x25,f23	 f23:0x7fc00000 x25=0x7fffffff
     361595.000 ns	     36158	80007cfc	d8e3ad13	slti	x26,x7,-626	  x7:0x51000000 x26=0x00000000
     361605.000 ns	     36159	80007d00	419757b3	sra	x15,x14,x25	 x14:0x80041024 x25:0x7fffffff x15=0xffffffff
     361615.000 ns	     36160	80007d04	40b8d293	srai	x5,x17,0xb	 x17:0xf04b8a1c  x5=0xfffe0971
     361645.000 ns	     36163	80007d08	192bf9d3	fdiv.s	f19,f23,f18	 f23:0x7fc00000 f18:0x80000000 f19=0x7fc00000
     361695.000 ns	     36168	80007d0c	01829f53	fadd.s	f30,f5,f24	  f5:0x4efff7df f24:0x7fc00000 f30=0x7fc00000
     361715.000 ns	     36170	80007d10	9bef0413	addi	x8,x30,-1602	 x30:0xffffffff  x8=0xfffff9bd
     361725.000 ns	     36171	80007d14	00bd1513	slli	x10,x26,0xb	 x26:0x00000000 x10=0x00000000
     361735.000 ns	     36172	80007d18	0175f633	and	x12,x11,x23	 x11:0x80040fe4 x23:0x80000000 x12=0x80000000
     361745.000 ns	     36173	80007d1c	b43e6f93	ori	x31,x28,-1213	 x28:0x00000000 x31=0xfffffb43
     361765.000 ns	     36175	80007d20	02340fb3	mul	x31,x8,x3	  x8:0xfffff9bd  x3:0x00000000 x31=0x00000000
     361795.000 ns	     36178	80007d24	a14127d3	feq.s	x15,f2,f20	  f2:0x80000000 f20:0x80000000 x15=0x00000001
     361815.000 ns	     36180	80007d28	41cf0c33	sub	x24,x30,x28	 x30:0xffffffff x28:0x00000000 x24=0xffffffff
     361835.000 ns	     36182	80007d2c	029c9c33	mulh	x24,x25,x9	 x25:0x7fffffff  x9:0x00000000 x24=0x00000000
     361865.000 ns	     36185	80007d30	038b81b3	mul	x3,x23,x24	 x23:0x80000000 x24:0x00000000  x3=0x00000000
     361915.000 ns	     36190	80007d34	00bdbfd3	fadd.s	f31,f27,f11	 f27:0x7fc00000 f11:0x00000000 f31=0x7fc00000
     361935.000 ns	     36192	80007d38	5353f0b7	lui	x1,0x5353f	  x1=0x5353f000
     361955.000 ns	     36194	80007d3c	a1a32cd3	feq.s	x25,f6,f26	  f6:0x7fc00000 f26:0x00000000 x25=0x00000000
     361975.000 ns	     36196	80007d40	00f0e9b3	or	x19,x1,x15	  x1:0x00000000 x15:0x00000001 x19=0x5353f001
     361985.000 ns	     36197	80007d44	01d121b3	slt	x3,x2,x29	  x2:0x00000001 x29:0x3d111000  x3=0x00000001
     362005.000 ns	     36199	80007d48	215093d3	fsgnjn.s	f7,f1,f21	  f1:0x7fc00000 f21:0x00041024  f7=0xffc00000
     362035.000 ns	     36202	80007d4c	036225b3	mulhsu	x11,x4,x22	  x4:0x3d111000 x22:0xf04b91f9 x11=0x395205d1
     362055.000 ns	     36204	80007d50	3a70e593	ori	x11,x1,935	  x1:0x5353f000 x11=0x5353f3a7
     362065.000 ns	     36205	80007d54	01899093	slli	x1,x19,0x18	 x19:0x5353f001  x1=0x01000000
     362085.000 ns	     36207	80007d58	c01f7cd3	fcvt.wu.s	x25,f30	 f30:0x7fc00000 x25=0xffffffff
     362115.000 ns	     36210	80007d5c	03b1b633	mulhu	x12,x3,x27	  x3:0x00000001 x27:0x00000000 x12=0x00000000
     362135.000 ns	     36212	80007d60	79fde793	ori	x15,x27,1951	 x27:0x00000000 x15=0x0000079f
     362145.000 ns	     36213	80007d64	105a7893	andi	x17,x20,261	 x20:0x7ffbefdd x17=0x00000105
     362155.000 ns	     36214	80007d68	01167233	and	x4,x12,x17	 x12:0x00000000 x17:0xf04b8a1c  x4=0x00000000
     362175.000 ns	     36216	80007d6c	f0060353	fmv.w.x	f6,x12	 x12:0x00000000  f6=0x00000000
     362225.000 ns	     36221	80007d70	008cb053	fadd.s	f0,f25,f8	 f25:0x00000000  f8:0xffc00000  f0=0x7fc00000
     362245.000 ns	     36223	80007d74	00303db3	sltu	x27,x0,x3	  x0:0x00000000  x3:0x00000001 x27=0x00000001
     362255.000 ns	     36224	80007d78	00061493	slli	x9,x12,0x0	 x12:0x00000000  x9=0x00000000
     362265.000 ns	     36225	80007d7c	fe32fa13	andi	x20,x5,-29	  x5:0xfffe0971 x20=0xfffe0961
     362295.000 ns	     36228	80007d80	19747853	fdiv.s	f16,f8,f23	  f8:0xffc00000 f23:0x7fc00000 f16=0x7fc00000
     362315.000 ns	     36230	80007d84	e2b2a437	lui	x8,0xe2b2a	  x8=0xe2b2a000
     362325.000 ns	     36231	80007d88	00175293	srli	x5,x14,0x1	 x14:0x80041024  x5=0x40020812
     362345.000 ns	     36233	80007d8c	d007c253	fcvt.s.w	f4,x15	 x15:0x0000079f  f4=0x44f3e000
     362365.000 ns	     36235	80007d90	19c3fd93	andi	x27,x7,412	  x7:0x51000000 x27=0x00000000
     362385.000 ns	     36237	80007d94	f00c0dd3	fmv.w.x	f27,x24	 x24:0x00000000 f27=0x00000000
     362415.000 ns	     36240	80007d98	c005fa53	fcvt.w.s	x20,f11	 f11:0x00000000 x20=0x00000000
     362435.000 ns	     36242	80007d9c	40f40033	sub	x0,x8,x15	  x8:0xe2b2a000 x15:0x0000079f
     362455.000 ns	     36244	80007da0	03c1b2b3	mulhu	x5,x3,x28	  x3:0x00000001 x28:0x00000000  x5=0x00000000
     362475.000 ns	     36246	80007da4	00000013	addi	x0,x0,0	  x0:0x00000000
     362495.000 ns	     36248	80007da8	02ae48b3	div	x17,x28,x10	 x28:0x00000000 x10:0x00000000 x17=0xffffffff
     362525.000 ns	     36251	80007dac	f00e8ad3	fmv.w.x	f21,x29	 x29:0x3d111000 f21=0x3d111000
     362545.000 ns	     36253	80007db0	00710433	add	x8,x2,x7	  x2:0x00000001  x7:0x51000000  x8=0x51000001
     362565.000 ns	     36255	80007db4	205227d3	fsgnjx.s	f15,f4,f5	  f4:0x44f3e000  f5:0x4efff7df f15=0x44f3e000
     362595.000 ns	     36258	80007db8	03cf2533	mulhsu	x10,x30,x28	 x30:0xffffffff x28:0x00000000 x10=0x00000000
     362625.000 ns	     36261	80007dbc	e00484d3	fmv.x.w	x9,f9	  f9:0x7fc00000  x9=0x7fc00000
     362995.000 ns	     36298	80007dc0	027adfb3	divu	x31,x21,x7	 x21:0x00000000  x7:0x51000000 x31=0x00000000
     363025.000 ns	     36301	80007dc4	03f568b3	rem	x17,x10,x31	 x10:0x00000000 x31:0x00000000 x17=0x00000000
     363045.000 ns	     36303	80007dc8	e1d43513	sltiu	x10,x8,-483	  x8:0x51000001 x10=0x00000001
     363065.000 ns	     36305	80007dcc	210b03d3	fsgnj.s	f7,f22,f16	 f22:0x00000000 f16:0x7fc00000  f7=0x00000000
     363085.000 ns	     36307	80007dd0	b4020e13	addi	x28,x4,-1216	  x4:0x00000000 x28=0xfffffb40
     363095.000 ns	     36308	80007dd4	00ef23b3	slt	x7,x30,x14	 x30:0xffffffff x14:0x80041024  x7=0x00000000
     363105.000 ns	     36309	80007dd8	0172b6b3	sltu	x13,x5,x23	  x5:0x00000000 x23:0x80000000 x13=0x00000001
     363115.000 ns	     36310	80007ddc	00689313	slli	x6,x17,0x6	 x17:0x00000000  x6=0x00000000
     363135.000 ns	     36312	80007de0	e00192d3	fclass.s	x5,f3	  f3:0x00000000  x5=0x00000010
     363165.000 ns	     36315	80007de4	a0772fd3	feq.s	x31,f14,f7	 f14:0x7fc00000  f7:0x00000000 x31=0x00000000
     363195.000 ns	     36318	80007de8	026c6fb3	rem	x31,x24,x6	 x24:0x00000000  x6:0x00000000 x31=0x00000000
     363225.000 ns	     36321	80007dec	d0099353	fcvt.s.w	f6,x19	 x19:0x5353f001  f6=0x4ea6a7e0
     363245.000 ns	     36323	80007df0	00d661b3	or	x3,x12,x13	 x12:0x00000000 x13:0x00000001  x3=0x00000001
     363265.000 ns	     36325	80007df4	d01d7fd3	fcvt.s.wu	f31,x26	 x26:0x00000000 f31=0x00000000
     363315.000 ns	     36330	80007df8	09a77a53	fsub.s	f20,f14,f26	 f14:0x7fc00000 f26:0x00000000 f20=0x7fc00000
     363345.000 ns	     36333	80007dfc	f00f8953	fmv.w.x	f18,x31	 x31:0x00000000 f18=0x00000000
     363365.000 ns	     36335	80007e00	5d646393	ori	x7,x8,1494	  x8:0x51000001  x7=0x510005d7
     363385.000 ns	     36337	80007e04	298f0a53	fmin.s	f20,f30,f24	 f30:0x7fc00000 f24:0x7fc00000 f20=0x7fc00000
     363415.000 ns	     36340	80007e08	21af8653	fsgnj.s	f12,f31,f26	 f31:0x00000000 f26:0x00000000 f12=0x00000000
     363445.000 ns	     36343	80007e0c	28471bd3	fmax.s	f23,f14,f4	 f14:0x7fc00000  f4:0x44f3e000 f23=0x44f3e000
     363475.000 ns	     36346	80007e10	e0058dd3	fmv.x.w	x27,f11	 f11:0x00000000 x27=0x00000000
     363505.000 ns	     36349	80007e14	281f8853	fmin.s	f16,f31,f1	 f31:0x00000000  f1:0x7fc00000 f16=0x00000000
     363525.000 ns	     36351	80007e18	c15fcb93	xori	x23,x31,-1003	 x31:0x00000000 x23=0xfffffc15
     363545.000 ns	     36353	80007e1c	f00e0753	fmv.w.x	f14,x28	 x28:0xfffffb40 f14=0xfffffb40
     363565.000 ns	     36355	80007e20	9579ef13	ori	x30,x19,-1705	 x19:0x5353f001 x30=0xfffff957
     363595.000 ns	     36358	80007e24	18699cd3	fdiv.s	f25,f19,f6	 f19:0x7fc00000  f6:0x4ea6a7e0 f25=0x7fc00000
     363635.000 ns	     36362	80007e28	10bffe53	fmul.s	f28,f31,f11	 f31:0x00000000 f11:0x00000000 f28=0x00000000
     363665.000 ns	     36365	80007e2c	038e30b3	mulhu	x1,x28,x24	 x28:0xfffffb40 x24:0x00000000  x1=0x00000000
     364035.000 ns	     36402	80007e30	02f86fb3	rem	x31,x16,x15	 x16:0x00000002 x15:0x0000079f x31=0x00000002
     364065.000 ns	     36405	80007e34	e00b14d3	fclass.s	x9,f22	 f22:0x00000000  x9=0x00000010
     364085.000 ns	     36407	80007e38	00000013	addi	x0,x0,0	  x0:0x00000000
     364095.000 ns	     36408	80007e3c	01a068b3	or	x17,x0,x26	  x0:0x00000000 x26:0x00000000 x17=0x00000000
     364105.000 ns	     36409	80007e40	c0a24513	xori	x10,x4,-1014	  x4:0x00000000 x10=0xfffffc0a
     364115.000 ns	     36410	80007e44	01992033	slt	x0,x18,x25	 x18:0x80040fe4 x25:0xffffffff
     364155.000 ns	     36414	80007e48	088804d3	fsub.s	f9,f16,f8	 f16:0x00000000  f8:0xffc00000  f9=0x7fc00000
     364175.000 ns	     36416	80007e4c	0511cb37	lui	x22,0x511c	 x22=0x0511c000
     364195.000 ns	     36418	80007e50	02db8eb3	mul	x29,x23,x13	 x23:0xfffffc15 x13:0x00000001 x29=0xfffffc15
     364565.000 ns	     36455	80007e54	027bf6b3	remu	x13,x23,x7	 x23:0xfffffc15  x7:0x510005d7 x13=0x0cffea90
     364585.000 ns	     36457	80007e58	009dd1b3	srl	x3,x27,x9	 x27:0x00000000  x9:0x00000010  x3=0x00000000
     364595.000 ns	     36458	80007e5c	46657e93	andi	x29,x10,1126	 x10:0xfffffc0a x29=0x00000402
     364605.000 ns	     36459	80007e60	01559533	sll	x10,x11,x21	 x11:0x5353f3a7 x21:0x00000000 x10=0x5353f3a7
     364635.000 ns	     36462	80007e64	580cf1d3	fsqrt.s	f3,f25	 f25:0x7fc00000  f3=0x7fc00000
     364655.000 ns	     36464	80007e68	5083c3b7	lui	x7,0x5083c	  x7=0x5083c000
     364685.000 ns	     36467	80007e6c	580e7153	fsqrt.s	f2,f28	 f28:0x00000000  f2=0x00000000
     364705.000 ns	     36469	80007e70	530f6513	ori	x10,x30,1328	 x30:0xfffff957 x10=0xfffffd77
     364715.000 ns	     36470	80007e74	7a63aa93	slti	x21,x7,1958	  x7:0x5083c000 x21=0x00000000
     364735.000 ns	     36472	80007e78	a141a553	feq.s	x10,f3,f20	  f3:0x7fc00000 f20:0x7fc00000 x10=0x00000000
     364755.000 ns	     36474	80007e7c	01912233	slt	x4,x2,x25	  x2:0x00000001 x25:0xffffffff  x4=0x00000000
     364765.000 ns	     36475	80007e80	0131c4b3	xor	x9,x3,x19	  x3:0x00000000 x19:0x5353f001  x9=0x5353f001
     364775.000 ns	     36476	80007e84	e60f6497	auipc	x9,0xe60f6	  x9=0x660fde84
     364795.000 ns	     36478	80007e88	02543033	mulhu	x0,x8,x5	  x8:0x51000001  x5:0x00000010
     364825.000 ns	     36481	80007e8c	29d20f53	fmin.s	f30,f4,f29	  f4:0x44f3e000 f29:0x7fc00000 f30=0x44f3e000
     364845.000 ns	     36483	80007e90	41935e93	srai	x29,x6,0x19	  x6:0x00000000 x29=0x00000000
     365205.000 ns	     36519	80007e94	02296cb3	rem	x25,x18,x2	 x18:0x80040fe4  x2:0x00000001 x25=0x00000000
     365225.000 ns	     36521	80007e98	48802bb7	lui	x23,0x48802	 x23=0x48802000
     365235.000 ns	     36522	80007e9c	015f7cb3	and	x25,x30,x21	 x30:0xfffff957 x21:0x00000000 x25=0x00000000
     365255.000 ns	     36524	80007ea0	20e80ad3	fsgnj.s	f21,f16,f14	 f16:0x00000000 f14:0xfffffb40 f21=0x80000000
     365275.000 ns	     36526	80007ea4	4173ddb3	sra	x27,x7,x23	  x7:0x5083c000 x23:0x48802000 x27=0x5083c000
     365285.000 ns	     36527	80007ea8	00caba33	sltu	x20,x21,x12	 x21:0x00000000 x12:0x00000000 x20=0x00000000
     365305.000 ns	     36529	80007eac	20b69cd3	fsgnjn.s	f25,f13,f11	 f13:0xcefff7df f11:0x00000000 f25=0xcefff7df
     365325.000 ns	     36531	80007eb0	014e88b3	add	x17,x29,x20	 x29:0x00000000 x20:0x00000000 x17=0x00000000
     365335.000 ns	     36532	80007eb4	00ef85b3	add	x11,x31,x14	 x31:0x00000002 x14:0x80041024 x11=0x80041026
     365355.000 ns	     36534	80007eb8	e00d8dd3	fmv.x.w	x27,f27	 f27:0x00000000 x27=0x00000000
     365395.000 ns	     36538	80007ebc	580cc253	fsqrt.s	f4,f25	 f25:0xcefff7df  f4=0x7fc00000
     365425.000 ns	     36541	80007ec0	039ec533	div	x10,x29,x25	 x29:0x00000000 x25:0x00000000 x10=0xffffffff
     365455.000 ns	     36544	80007ec4	21e310d3	fsgnjn.s	f1,f6,f30	  f6:0x4ea6a7e0 f30:0x44f3e000  f1=0xcea6a7e0
     365495.000 ns	     36548	80007ec8	1050f3d3	fmul.s	f7,f1,f5	  f1:0x7fc00000  f5:0x4efff7df  f7=0xde26a295
     365515.000 ns	     36550	80007ecc	0ee61337	lui	x6,0xee61	  x6=0x0ee61000
     365535.000 ns	     36552	80007ed0	c004fbd3	fcvt.w.s	x23,f9	  f9:0x7fc00000 x23=0x7fffffff
     365565.000 ns	     36555	80007ed4	d003a553	fcvt.s.w	f10,x7	  x7:0x5083c000 f10=0x4ea10780
     365595.000 ns	     36558	80007ed8	a1f19453	flt.s	x8,f3,f31	  f3:0x7fc00000 f31:0x00000000  x8=0x00000000
     365625.000 ns	     36561	80007edc	02c648b3	div	x17,x12,x12	 x12:0x00000000 x12:0x00000000 x17=0xffffffff
     365655.000 ns	     36564	80007ee0	28da9a53	fmax.s	f20,f21,f13	 f21:0x80000000 f13:0xcefff7df f20=0x80000000
     365685.000 ns	     36567	80007ee4	21b69bd3	fsgnjn.s	f23,f13,f27	 f13:0xcefff7df f27:0x00000000 f23=0xcefff7df
     365715.000 ns	     36570	80007ee8	e00f1153	fclass.s	x2,f30	 f30:0x44f3e000  x2=0x00000040
     365745.000 ns	     36573	80007eec	a0bca553	feq.s	x10,f25,f11	 f25:0xcefff7df f11:0x00000000 x10=0x00000000
     365765.000 ns	     36575	80007ef0	413384b3	sub	x9,x7,x19	  x7:0x5083c000 x19:0x5353f001  x9=0xfd2fcfff
     365775.000 ns	     36576	80007ef4	c202f093	andi	x1,x5,-992	  x5:0x00000010  x1=0x00000000
     365795.000 ns	     36578	80007ef8	a04baa53	feq.s	x20,f23,f4	 f23:0xcefff7df  f4:0x7fc00000 x20=0x00000000
     365825.000 ns	     36581	80007efc	e00603d3	fmv.x.w	x7,f12	 f12:0x00000000  x7=0x00000000
     365855.000 ns	     36584	80007f00	a150a7d3	feq.s	x15,f1,f21	  f1:0xcea6a7e0 f21:0x80000000 x15=0x00000000
     365885.000 ns	     36587	80007f04	e00e1253	fclass.s	x4,f28	 f28:0x00000000  x4=0x00000010
     365905.000 ns	     36589	80007f08	00a41fb3	sll	x31,x8,x10	  x8:0x00000000 x10:0x00000000 x31=0x00000000
     365915.000 ns	     36590	80007f0c	00000013	addi	x0,x0,0	  x0:0x00000000
     365925.000 ns	     36591	80007f10	003649b3	xor	x19,x12,x3	 x12:0x00000000  x3:0x00000000 x19=0x00000000
     365935.000 ns	     36592	80007f14	f6370d93	addi	x27,x14,-157	 x14:0x80041024 x27=0x80040f87
     365955.000 ns	     36594	80007f18	c0150ad3	fcvt.wu.s	x21,f10	 f10:0x4ea10780 x21=0x5083c000
     365975.000 ns	     36596	80007f1c	48e2f793	andi	x15,x5,1166	  x5:0x00000010 x15=0x00000000
     365995.000 ns	     36598	80007f20	03270533	mul	x10,x14,x18	 x14:0x80041024 x18:0x80040fe4 x10=0x81207c10
     366025.000 ns	     36601	80007f24	d006b0d3	fcvt.s.w	f1,x13	 x13:0x0cffea90  f1=0x4d4ffea9
     366055.000 ns	     36604	80007f28	a0d38fd3	fle.s	x31,f7,f13	  f7:0xde26a295 f13:0xcefff7df x31=0x00000001
     366075.000 ns	     36606	80007f2c	6c993c13	sltiu	x24,x18,1737	 x18:0x80040fe4 x24=0x00000000
     366095.000 ns	     36608	80007f30	03d193b3	mulh	x7,x3,x29	  x3:0x00000000 x29:0x00000000  x7=0x00000000
     366115.000 ns	     36610	80007f34	34c32d97	auipc	x27,0x34c32	 x27=0xb4c39f34
     366125.000 ns	     36611	80007f38	01addd93	srli	x27,x27,0x1a	 x27:0x80040f87 x27=0x0000002d
     366145.000 ns	     36613	80007f3c	28068ad3	fmin.s	f21,f13,f0	 f13:0xcefff7df  f0:0x7fc00000 f21=0xcefff7df
     366175.000 ns	     36616	80007f40	02bf37b3	mulhu	x15,x30,x11	 x30:0xfffff957 x11:0x80041026 x15=0x80040cd1
     366205.000 ns	     36619	80007f44	a0971c53	flt.s	x24,f14,f9	 f14:0xfffffb40  f9:0x7fc00000 x24=0x00000000
     366235.000 ns	     36622	80007f48	02c71433	mulh	x8,x14,x12	 x14:0x80041024 x12:0x00000000  x8=0x00000000
     366255.000 ns	     36624	80007f4c	8ed2a313	slti	x6,x5,-1811	  x5:0x00000010  x6=0x00000000
     366265.000 ns	     36625	80007f50	ca1f0893	addi	x17,x30,-863	 x30:0xfffff957 x17=0xfffff5f8
     366275.000 ns	     36626	80007f54	01b75e13	srli	x28,x14,0x1b	 x14:0x80041024 x28=0x00000010
     366285.000 ns	     36627	80007f58	00d21e13	slli	x28,x4,0xd	  x4:0x00000010 x28=0x00020000
     366315.000 ns	     36630	80007f5c	1172fad3	fmul.s	f21,f5,f23	  f5:0x4efff7df f23:0xcefff7df f21=0xde7fefbe
     366345.000 ns	     36633	80007f60	03331433	mulh	x8,x6,x19	  x6:0x00000000 x19:0x00000000  x8=0x00000000
     366365.000 ns	     36635	80007f64	00271393	slli	x7,x14,0x2	 x14:0x80041024  x7=0x00104090
     366385.000 ns	     36637	80007f68	020e6f33	rem	x30,x28,x0	 x28:0x00020000  x0:0x00000000 x30=0x00020000
     366405.000 ns	     36639	80007f6c	5c324e13	xori	x28,x4,1475	  x4:0x00000010 x28=0x000005d3
     366415.000 ns	     36640	80007f70	41078f33	sub	x30,x15,x16	 x15:0x80040cd1 x16:0x00000002 x30=0x80040ccf
     366445.000 ns	     36643	80007f74	580a4153	fsqrt.s	f2,f20	 f20:0x80000000  f2=0x80000000
     366465.000 ns	     36645	80007f78	00425c13	srli	x24,x4,0x4	  x4:0x00000010 x24=0x00000001
     366485.000 ns	     36647	80007f7c	a157a653	feq.s	x12,f15,f21	 f15:0x44f3e000 f21:0xde7fefbe x12=0x00000000
     366505.000 ns	     36649	80007f80	5ae54113	xori	x2,x10,1454	 x10:0x81207c10  x2=0x812079be
     366525.000 ns	     36651	80007f84	e00a80d3	fmv.x.w	x1,f21	 f21:0xde7fefbe  x1=0xde7fefbe
     366575.000 ns	     36656	80007f88	09419753	fsub.s	f14,f3,f20	  f3:0x7fc00000 f20:0x80000000 f14=0x7fc00000
     366595.000 ns	     36658	80007f8c	00dd2ab3	slt	x21,x26,x13	 x26:0x00000000 x13:0x0cffea90 x21=0x00000001
     366955.000 ns	     36694	80007f90	02f54cb3	div	x25,x10,x15	 x10:0x81207c10 x15:0x80040cd1 x25=0x00000000
     366985.000 ns	     36697	80007f94	f00703d3	fmv.w.x	f7,x14	 x14:0x80041024  f7=0x80041024
     367005.000 ns	     36699	80007f98	0177b9b3	sltu	x19,x15,x23	 x15:0x80040cd1 x23:0x7fffffff x19=0x00000000
     367025.000 ns	     36701	80007f9c	e0028e53	fmv.x.w	x28,f5	  f5:0x4efff7df x28=0x4efff7df
     367045.000 ns	     36703	80007fa0	0104deb3	srl	x29,x9,x16	  x9:0xfd2fcfff x16:0x00000002 x29=0x3f4bf3ff
     367055.000 ns	     36704	80007fa4	011c40b3	xor	x1,x24,x17	 x24:0x00000001 x17:0xfffff5f8  x1=0xfffff5f9
     367065.000 ns	     36705	80007fa8	400e5013	srai	x0,x28,0x0	 x28:0x4efff7df
     367085.000 ns	     36707	80007fac	a06e29d3	feq.s	x19,f28,f6	 f28:0x00000000  f6:0x4ea6a7e0 x19=0x00000000
     367115.000 ns	     36710	80007fb0	28c186d3	fmin.s	f13,f3,f12	  f3:0x7fc00000 f12:0x00000000 f13=0x00000000
     367135.000 ns	     36712	80007fb4	008c7bb3	and	x23,x24,x8	 x24:0x00000001  x8:0x00000000 x23=0x00000000
     367145.000 ns	     36713	80007fb8	018a1613	slli	x12,x20,0x18	 x20:0x00000000 x12=0x00000000
     367155.000 ns	     36714	80007fbc	01cc6233	or	x4,x24,x28	 x24:0x00000001 x28:0x4efff7df  x4=0x4efff7df
     367165.000 ns	     36715	80007fc0	006e4d33	xor	x26,x28,x6	 x28:0x4efff7df  x6:0x00000000 x26=0x4efff7df
     367175.000 ns	     36716	80007fc4	40df56b3	sra	x13,x30,x13	 x30:0x80040ccf x13:0x0cffea90 x13=0xffff8004
     367185.000 ns	     36717	80007fc8	002e3fb3	sltu	x31,x28,x2	 x28:0x4efff7df  x2:0x812079be x31=0x00000001
     367195.000 ns	     36718	80007fcc	c7533c13	sltiu	x24,x6,-907	  x6:0x00000000 x24=0x00000001
     367215.000 ns	     36720	80007fd0	21229153	fsgnjn.s	f2,f5,f18	  f5:0x4efff7df f18:0x00000000  f2=0xcefff7df
     367245.000 ns	     36723	80007fd4	03e0acb3	mulhsu	x25,x1,x30	  x1:0xfffff5f9 x30:0x80040ccf x25=0xfffffafc
     367275.000 ns	     36726	80007fd8	20fba653	fsgnjx.s	f12,f23,f15	 f23:0xcefff7df f15:0x44f3e000 f12=0xcefff7df
     367305.000 ns	     36729	80007fdc	209114d3	fsgnjn.s	f9,f2,f9	  f2:0xcefff7df  f9:0x7fc00000  f9=0xcefff7df
     367335.000 ns	     36732	80007fe0	028c28b3	mulhsu	x17,x24,x8	 x24:0x00000001  x8:0x00000000 x17=0x00000000
     367355.000 ns	     36734	80007fe4	40505013	srai	x0,x0,0x5	  x0:0x00000000
     367375.000 ns	     36736	80007fe8	a0c10053	fle.s	x0,f2,f12	  f2:0xcefff7df f12:0xcefff7df
     367745.000 ns	     36773	80007fec	02e56033	rem	x0,x10,x14	 x10:0x81207c10 x14:0x80041024
     367775.000 ns	     36776	80007ff0	e0088ad3	fmv.x.w	x21,f17	 f17:0x4dadf180 x21=0x4dadf180
     367805.000 ns	     36779	80007ff4	20920d53	fsgnj.s	f26,f4,f9	  f4:0x7fc00000  f9:0xcefff7df f26=0xffc00000
     367835.000 ns	     36782	80007ff8	03ebb133	mulhu	x2,x23,x30	 x23:0x00000000 x30:0x80040ccf  x2=0x00000000
     367855.000 ns	     36784	80007ffc	008f8fb3	add	x31,x31,x8	 x31:0x00000001  x8:0x00000000 x31=0x00000001
     368215.000 ns	     36820	80008000	02b14333	div	x6,x2,x11	  x2:0x00000000 x11:0x80041026  x6=0x00000000
     368235.000 ns	     36822	80008004	00bc8233	add	x4,x25,x11	 x25:0xfffffafc x11:0x80041026  x4=0x80040b22
     368245.000 ns	     36823	80008008	01199cb3	sll	x25,x19,x17	 x19:0x00000000 x17:0x00000000 x25=0x00000000
     368255.000 ns	     36824	8000800c	41d88ab3	sub	x21,x17,x29	 x17:0x00000000 x29:0x3f4bf3ff x21=0xc0b40c01
     368615.000 ns	     36860	80008010	036045b3	div	x11,x0,x22	  x0:0x00000000 x22:0x0511c000 x11=0x00000000
     368645.000 ns	     36863	80008014	210a1ed3	fsgnjn.s	f29,f20,f16	 f20:0x80000000 f16:0x00000000 f29=0x80000000
     368675.000 ns	     36866	80008018	d00143d3	fcvt.s.w	f7,x2	  x2:0x00000000  f7=0x00000000
     368705.000 ns	     36869	8000801c	034e4ab3	div	x21,x28,x20	 x28:0x4efff7df x20:0x00000000 x21=0xffffffff
     368735.000 ns	     36872	80008020	d01f7553	fcvt.s.wu	f10,x30	 x30:0x80040ccf f10=0x4f00040c
     368755.000 ns	     36874	80008024	01b37fb3	and	x31,x6,x27	  x6:0x00000000 x27:0x0000002d x31=0x00000000
     368765.000 ns	     36875	80008028	0178e233	or	x4,x17,x23	 x17:0x00000000 x23:0x00000000  x4=0x00000000
     368805.000 ns	     36879	8000802c	08f217d3	fsub.s	f15,f4,f15	  f4:0x7fc00000 f15:0x44f3e000 f15=0x7fc00000
     368825.000 ns	     36881	80008030	88754d93	xori	x27,x10,-1913	 x10:0x81207c10 x27=0x7edf8497
     368845.000 ns	     36883	80008034	202b87d3	fsgnj.s	f15,f23,f2	 f23:0xcefff7df  f2:0xcefff7df f15=0xcefff7df
     368875.000 ns	     36886	80008038	02e439b3	mulhu	x19,x8,x14	  x8:0x00000000 x14:0x80041024 x19=0x00000000
     369245.000 ns	     36923	8000803c	035cc133	div	x2,x25,x21	 x25:0x00000000 x21:0xffffffff  x2=0x00000000
     369265.000 ns	     36925	80008040	6011b893	sltiu	x17,x3,1537	  x3:0x00000000 x17=0x00000001
     369285.000 ns	     36927	80008044	03f75ab3	divu	x21,x14,x31	 x14:0x80041024 x31:0x00000000 x21=0xffffffff
     369625.000 ns	     36961	80008048	181cf8d3	fdiv.s	f17,f25,f1	 f25:0xcefff7df  f1:0x4d4ffea9 f17=0xc0fff7e0
     369645.000 ns	     36963	8000804c	01ac2033	slt	x0,x24,x26	 x24:0x00000001 x26:0x4efff7df
     369655.000 ns	     36964	80008050	0094d293	srli	x5,x9,0x9	  x9:0xfd2fcfff  x5=0x007e97e7
     369665.000 ns	     36965	80008054	00df4333	xor	x6,x30,x13	 x30:0x80040ccf x13:0xffff8004  x6=0x7ffb8ccb
     369685.000 ns	     36967	80008058	e0090353	fmv.x.w	x6,f18	 f18:0x00000000  x6=0x00000000
     369715.000 ns	     36970	8000805c	21d19153	fsgnjn.s	f2,f3,f29	  f3:0x7fc00000 f29:0x80000000  f2=0x7fc00000
     369745.000 ns	     36973	80008060	20fe0453	fsgnj.s	f8,f28,f15	 f28:0x00000000 f15:0xcefff7df  f8=0x80000000
     369765.000 ns	     36975	80008064	016cd993	srli	x19,x25,0x16	 x25:0x00000000 x19=0x00000000
     369775.000 ns	     36976	80008068	00000013	addi	x0,x0,0	  x0:0x00000000
     369785.000 ns	     36977	8000806c	40a256b3	sra	x13,x4,x10	  x4:0x00000000 x10:0x81207c10 x13=0x00000000
     369805.000 ns	     36979	80008070	f00283d3	fmv.w.x	f7,x5	  x5:0x007e97e7  f7=0x007e97e7
     370175.000 ns	     37016	80008074	021b56b3	divu	x13,x22,x1	 x22:0x0511c000  x1:0xfffff5f9 x13=0x00000000
     370195.000 ns	     37018	80008078	005670b3	and	x1,x12,x5	 x12:0x00000000  x5:0x007e97e7  x1=0x00000000
     370215.000 ns	     37020	8000807c	28ee9b53	fmax.s	f22,f29,f14	 f29:0x80000000 f14:0x7fc00000 f22=0x80000000
     370245.000 ns	     37023	80008080	214b80d3	fsgnj.s	f1,f23,f20	 f23:0xcefff7df f20:0x80000000  f1=0xcefff7df
     370285.000 ns	     37027	80008084	18a6f553	fdiv.s	f10,f13,f10	 f13:0x00000000 f10:0x4f00040c f10=0x00000000
     370315.000 ns	     37030	80008088	29de1e53	fmax.s	f28,f28,f29	 f28:0x00000000 f29:0x80000000 f28=0x00000000
     370345.000 ns	     37033	8000808c	21a01253	fsgnjn.s	f4,f0,f26	  f0:0x7fc00000 f26:0xffc00000  f4=0x7fc00000
     370365.000 ns	     37035	80008090	0074d993	srli	x19,x9,0x7	  x9:0xfd2fcfff x19=0x01fa5f9f
     370375.000 ns	     37036	80008094	013ebfb3	sltu	x31,x29,x19	 x29:0x3f4bf3ff x19:0x00000000 x31=0x00000000
     370395.000 ns	     37038	80008098	a0d808d3	fle.s	x17,f16,f13	 f16:0x00000000 f13:0x00000000 x17=0x00000001
     370425.000 ns	     37041	8000809c	c0070a53	fcvt.w.s	x20,f14	 f14:0x7fc00000 x20=0x7fffffff
     370445.000 ns	     37043	800080a0	002fc7b3	xor	x15,x31,x2	 x31:0x00000000  x2:0x00000000 x15=0x00000000
     370455.000 ns	     37044	800080a4	5f206693	ori	x13,x0,1522	  x0:0x00000000 x13=0x000005f2
     370465.000 ns	     37045	800080a8	010d5313	srli	x6,x26,0x10	 x26:0x4efff7df  x6=0x00004eff
     370485.000 ns	     37047	800080ac	e00a08d3	fmv.x.w	x17,f20	 f20:0x80000000 x17=0x80000000
     370515.000 ns	     37050	800080b0	a084ae53	feq.s	x28,f9,f8	  f9:0xcefff7df  f8:0x80000000 x28=0x00000000
     370535.000 ns	     37052	800080b4	0058da33	srl	x20,x17,x5	 x17:0x80000000  x5:0x007e97e7 x20=0x01000000
     370555.000 ns	     37054	800080b8	29389853	fmax.s	f16,f17,f19	 f17:0xc0fff7e0 f19:0x7fc00000 f16=0xc0fff7e0
     370585.000 ns	     37057	800080bc	206d97d3	fsgnjn.s	f15,f27,f6	 f27:0x00000000  f6:0x4ea6a7e0 f15=0x80000000
     370605.000 ns	     37059	800080c0	d34a4d13	xori	x26,x20,-716	 x20:0x01000000 x26=0xfefffd34
     370625.000 ns	     37061	800080c4	a0bb1353	flt.s	x6,f22,f11	 f22:0x80000000 f11:0x00000000  x6=0x00000000
     370645.000 ns	     37063	800080c8	7b8214b7	lui	x9,0x7b821	  x9=0x7b821000
     370665.000 ns	     37065	800080cc	a1b21053	flt.s	x0,f4,f27	  f4:0x7fc00000 f27:0x00000000
     370695.000 ns	     37068	800080d0	a08896d3	flt.s	x13,f17,f8	 f17:0xc0fff7e0  f8:0x80000000 x13=0x00000001
     370735.000 ns	     37072	800080d4	116074d3	fmul.s	f9,f0,f22	  f0:0x7fc00000 f22:0x80000000  f9=0x7fc00000
     370755.000 ns	     37074	800080d8	fc326693	ori	x13,x4,-61	  x4:0x00000000 x13=0xffffffc3
     371115.000 ns	     37110	800080dc	029a6c33	rem	x24,x20,x9	 x20:0x01000000  x9:0x7b821000 x24=0x01000000
     371135.000 ns	     37112	800080e0	87072f93	slti	x31,x14,-1936	 x14:0x80041024 x31=0x00000001
     371145.000 ns	     37113	800080e4	40898433	sub	x8,x19,x8	 x19:0x01fa5f9f  x8:0x00000000  x8=0x01fa5f9f
     371155.000 ns	     37114	800080e8	0187bc33	sltu	x24,x15,x24	 x15:0x00000000 x24:0x01000000 x24=0x00000001
     371165.000 ns	     37115	800080ec	00bd5313	srli	x6,x26,0xb	 x26:0xfefffd34  x6=0x001fdfff
     371175.000 ns	     37116	800080f0	65e30697	auipc	x13,0x65e30	 x13=0xe5e380f0
     371185.000 ns	     37117	800080f4	120f7a93	andi	x21,x30,288	 x30:0x80040ccf x21=0x00000000
     371195.000 ns	     37118	800080f8	01a963b3	or	x7,x18,x26	 x18:0x80040fe4 x26:0xfefffd34  x7=0xfefffff4
     371215.000 ns	     37120	800080fc	f00b0953	fmv.w.x	f18,x22	 x22:0x0511c000 f18=0x0511c000
     371245.000 ns	     37123	80008100	02f7e8b3	rem	x17,x15,x15	 x15:0x00000000 x15:0x00000000 x17=0x00000000
     371265.000 ns	     37125	80008104	38c8c213	xori	x4,x17,908	 x17:0x80000000  x4=0x0000038c
     371275.000 ns	     37126	80008108	01421893	slli	x17,x4,0x14	  x4:0x00000000 x17=0x38c00000
     371285.000 ns	     37127	8000810c	40e15293	srai	x5,x2,0xe	  x2:0x00000000  x5=0x00000000
     371305.000 ns	     37129	80008110	0202a633	mulhsu	x12,x5,x0	  x5:0x007e97e7  x0:0x00000000 x12=0x00000000
     371335.000 ns	     37132	80008114	d00a7ad3	fcvt.s.w	f21,x20	 x20:0x01000000 f21=0x4b800000
     371365.000 ns	     37135	80008118	294391d3	fmax.s	f3,f7,f20	  f7:0x007e97e7 f20:0x80000000  f3=0x007e97e7
     371395.000 ns	     37138	8000811c	02d8b033	mulhu	x0,x17,x13	 x17:0x38c00000 x13:0xe5e380f0
     371415.000 ns	     37140	80008120	6ac09a37	lui	x20,0x6ac09	 x20=0x6ac09000
     371425.000 ns	     37141	80008124	40995093	srai	x1,x18,0x9	 x18:0x80040fe4  x1=0xffc00207
     371445.000 ns	     37143	80008128	29d580d3	fmin.s	f1,f11,f29	 f11:0x00000000 f29:0x80000000  f1=0x80000000
     371465.000 ns	     37145	8000812c	01fa7433	and	x8,x20,x31	 x20:0x6ac09000 x31:0x00000001  x8=0x00000000
     371485.000 ns	     37147	80008130	0255b1b3	mulhu	x3,x11,x5	 x11:0x00000000  x5:0x00000000  x3=0x00000000
     371505.000 ns	     37149	80008134	01de7533	and	x10,x28,x29	 x28:0x00000000 x29:0x3f4bf3ff x10=0x00000000
     371525.000 ns	     37151	80008138	f0030cd3	fmv.w.x	f25,x6	  x6:0x001fdfff f25=0x001fdfff
     371575.000 ns	     37156	8000813c	012ab7d3	fadd.s	f15,f21,f18	 f21:0x4b800000 f18:0x0511c000 f15=0x4b800000
     371945.000 ns	     37193	80008140	027cc233	div	x4,x25,x7	 x25:0x00000000  x7:0xfefffff4  x4=0x00000000
     371975.000 ns	     37196	80008144	02161333	mulh	x6,x12,x1	 x12:0x00000000  x1:0xffc00207  x6=0x00000000
     371995.000 ns	     37198	80008148	40418b33	sub	x22,x3,x4	  x3:0x00000000  x4:0x00000000 x22=0x00000000
     372025.000 ns	     37201	8000814c	19a01fd3	fdiv.s	f31,f0,f26	  f0:0x7fc00000 f26:0xffc00000 f31=0x7fc00000
     372055.000 ns	     37204	80008150	02cf43b3	div	x7,x30,x12	 x30:0x80040ccf x12:0x00000000  x7=0xffffffff
     372075.000 ns	     37206	80008154	695baf37	lui	x30,0x695ba	 x30=0x695ba000
     372085.000 ns	     37207	80008158	527085b7	lui	x11,0x52708	 x11=0x52708000
     372115.000 ns	     37210	8000815c	11190753	fmul.s	f14,f18,f17	 f18:0x0511c000 f17:0xc0fff7e0 f14=0x8691bb60
     372135.000 ns	     37212	80008160	41680533	sub	x10,x16,x22	 x16:0x00000002 x22:0x00000000 x10=0x00000002
     372145.000 ns	     37213	80008164	018593b3	sll	x7,x11,x24	 x11:0x52708000 x24:0x00000001  x7=0xa4e10000
     372505.000 ns	     37249	80008168	031f7e33	remu	x28,x30,x17	 x30:0x695ba000 x17:0x38c00000 x28=0x309ba000
     372525.000 ns	     37251	8000816c	00df3bb3	sltu	x23,x30,x13	 x30:0x695ba000 x13:0xe5e380f0 x23=0x00000001
     372535.000 ns	     37252	80008170	018b05b3	add	x11,x22,x24	 x22:0x00000000 x24:0x00000001 x11=0x00000001
     372545.000 ns	     37253	80008174	e8504293	xori	x5,x0,-379	  x0:0x00000000  x5=0xfffffe85
     372565.000 ns	     37255	80008178	a0f9a453	feq.s	x8,f19,f15	 f19:0x7fc00000 f15:0x4b800000  x8=0x00000000
     372595.000 ns	     37258	8000817c	a1bb0553	fle.s	x10,f22,f27	 f22:0x80000000 f27:0x00000000 x10=0x00000001
     372625.000 ns	     37261	80008180	03c51333	mulh	x6,x10,x28	 x10:0x00000002 x28:0x309ba000  x6=0x00000000
     372645.000 ns	     37263	80008184	00f35613	srli	x12,x6,0xf	  x6:0x00000000 x12=0x00000000
     372655.000 ns	     37264	80008188	00ad7233	and	x4,x26,x10	 x26:0xfefffd34 x10:0x00000001  x4=0x00000000
     372675.000 ns	     37266	8000818c	281495d3	fmax.s	f11,f9,f1	  f9:0x7fc00000  f1:0x80000000 f11=0x80000000
     372695.000 ns	     37268	80008190	00f835b3	sltu	x11,x16,x15	 x16:0x00000002 x15:0x00000000 x11=0x00000000
     372705.000 ns	     37269	80008194	df59fb37	lui	x22,0xdf59f	 x22=0xdf59f000
     372715.000 ns	     37270	80008198	646f7693	andi	x13,x30,1606	 x30:0x695ba000 x13=0x00000000
     372725.000 ns	     37271	8000819c	013532b3	sltu	x5,x10,x19	 x10:0x00000001 x19:0x01fa5f9f  x5=0x00000001
     372745.000 ns	     37273	800081a0	a03d9ed3	flt.s	x29,f27,f3	 f27:0x00000000  f3:0x007e97e7 x29=0x00000001
     372785.000 ns	     37277	800081a4	182c7753	fdiv.s	f14,f24,f2	 f24:0x7fc00000  f2:0x7fc00000 f14=0x7fc00000
     372815.000 ns	     37280	800081a8	a0b724d3	feq.s	x9,f14,f11	 f14:0x8691bb60 f11:0x80000000  x9=0x00000000
     372845.000 ns	     37283	800081ac	023193b3	mulh	x7,x3,x3	  x3:0x00000000  x3:0x00000000  x7=0x00000000
     372865.000 ns	     37285	800081b0	9d9a3f13	sltiu	x30,x20,-1575	 x20:0x6ac09000 x30=0x00000001
     372875.000 ns	     37286	800081b4	005c1f13	slli	x30,x24,0x5	 x24:0x00000001 x30=0x00000020
     372885.000 ns	     37287	800081b8	008fd0b3	srl	x1,x31,x8	 x31:0x00000001  x8:0x00000000  x1=0x00000001
     372895.000 ns	     37288	800081bc	008f69b3	or	x19,x30,x8	 x30:0x00000001  x8:0x00000000 x19=0x00000020
     372905.000 ns	     37289	800081c0	00ad50b3	srl	x1,x26,x10	 x26:0xfefffd34 x10:0x00000001  x1=0x7f7ffe9a
     372915.000 ns	     37290	800081c4	016a0a33	add	x20,x20,x22	 x20:0x6ac09000 x22:0xdf59f000 x20=0x4a1a8000
     372925.000 ns	     37291	800081c8	2d9ab493	sltiu	x9,x21,729	 x21:0x00000000  x9=0x00000001
     372945.000 ns	     37293	800081cc	0265cbb3	div	x23,x11,x6	 x11:0x00000000  x6:0x00000000 x23=0xffffffff
     372965.000 ns	     37295	800081d0	47d66697	auipc	x13,0x47d66	 x13=0xc7d6e1d0
     372985.000 ns	     37297	800081d4	03df9fb3	mulh	x31,x31,x29	 x31:0x00000001 x29:0x00000001 x31=0x00000000
     373005.000 ns	     37299	800081d8	5311bab7	lui	x21,0x5311b	 x21=0x5311b000
     373025.000 ns	     37301	800081dc	a1f52b53	feq.s	x22,f10,f31	 f10:0x00000000 f31:0x7fc00000 x22=0x00000000
     373065.000 ns	     37305	800081e0	58047a53	fsqrt.s	f20,f8	  f8:0x80000000 f20=0x80000000
     373115.000 ns	     37310	800081e4	004f7353	fadd.s	f6,f30,f4	 f30:0x44f3e000  f4:0x7fc00000  f6=0x7fc00000
     373145.000 ns	     37313	800081e8	e0051dd3	fclass.s	x27,f10	 f10:0x00000000 x27=0x00000010
     373175.000 ns	     37316	800081ec	023acdb3	div	x27,x21,x3	 x21:0x5311b000  x3:0x00000000 x27=0xffffffff
     373195.000 ns	     37318	800081f0	40cfdab3	sra	x21,x31,x12	 x31:0x00000000 x12:0x00000000 x21=0x00000000
     373215.000 ns	     37320	800081f4	21cba753	fsgnjx.s	f14,f23,f28	 f23:0xcefff7df f28:0x00000000 f14=0xcefff7df
     373245.000 ns	     37323	800081f8	028053b3	divu	x7,x0,x8	  x0:0x00000000  x8:0x00000000  x7=0xffffffff
     373295.000 ns	     37328	800081fc	0181cad3	fadd.s	f21,f3,f24	  f3:0x007e97e7 f24:0x7fc00000 f21=0x7fc00000
     373315.000 ns	     37330	80008200	407ede33	sra	x28,x29,x7	 x29:0x00000001  x7:0xffffffff x28=0x00000000
     373355.000 ns	     37334	80008204	0074f4d3	fadd.s	f9,f9,f7	  f9:0x7fc00000  f7:0x007e97e7  f9=0x7fc00000
     373375.000 ns	     37336	80008208	44320cb7	lui	x25,0x44320	 x25=0x44320000
     373385.000 ns	     37337	8000820c	4007d333	sra	x6,x15,x0	 x15:0x00000000  x0:0x00000000  x6=0x00000000
     373405.000 ns	     37339	80008210	036a6033	rem	x0,x20,x22	 x20:0x4a1a8000 x22:0x00000000
     374585.000 ns	     37457	80008214	580291d3	fsqrt.s	f3,f5	  f5:0x4efff7df  f3=0x473501cb
     374615.000 ns	     37460	80008218	21312e53	fsgnjx.s	f28,f2,f19	  f2:0x7fc00000 f19:0x7fc00000 f28=0x7fc00000
     374645.000 ns	     37463	8000821c	a13dae53	feq.s	x28,f27,f19	 f27:0x00000000 f19:0x7fc00000 x28=0x00000000
     374675.000 ns	     37466	80008220	02281233	mulh	x4,x16,x2	 x16:0x00000002  x2:0x00000000  x4=0x00000000
     374695.000 ns	     37468	80008224	000cc8b3	xor	x17,x25,x0	 x25:0x44320000  x0:0x00000000 x17=0x44320000
     374705.000 ns	     37469	80008228	00cf4333	xor	x6,x30,x12	 x30:0x00000020 x12:0x00000000  x6=0x00000020
     374725.000 ns	     37471	8000822c	287a15d3	fmax.s	f11,f20,f7	 f20:0x80000000  f7:0x007e97e7 f11=0x007e97e7
     374755.000 ns	     37474	80008230	a0c117d3	flt.s	x15,f2,f12	  f2:0x7fc00000 f12:0xcefff7df x15=0x00000000
     375125.000 ns	     37511	80008234	0338ea33	rem	x20,x17,x19	 x17:0x44320000 x19:0x00000020 x20=0x00000000
     375155.000 ns	     37514	80008238	21d6af53	fsgnjx.s	f30,f13,f29	 f13:0x00000000 f29:0x80000000 f30=0x80000000
     375185.000 ns	     37517	8000823c	29a31f53	fmax.s	f30,f6,f26	  f6:0x7fc00000 f26:0xffc00000 f30=0x7fc00000
     375205.000 ns	     37519	80008240	00f41ab3	sll	x21,x8,x15	  x8:0x00000000 x15:0x00000000 x21=0x00000000
     375225.000 ns	     37521	80008244	02b46db3	rem	x27,x8,x11	  x8:0x00000000 x11:0x00000000 x27=0x00000000
     375255.000 ns	     37524	80008248	03b50d33	mul	x26,x10,x27	 x10:0x00000001 x27:0xffffffff x26=0x00000000
     375285.000 ns	     37527	8000824c	02e1b9b3	mulhu	x19,x3,x14	  x3:0x00000000 x14:0x80041024 x19=0x00000000
     375315.000 ns	     37530	80008250	a1ff2bd3	feq.s	x23,f30,f31	 f30:0x7fc00000 f31:0x7fc00000 x23=0x00000000
     375685.000 ns	     37567	80008254	03e66e33	rem	x28,x12,x30	 x12:0x00000000 x30:0x00000020 x28=0x00000000
     375705.000 ns	     37569	80008258	41a4cf93	xori	x31,x9,1050	  x9:0x00000001 x31=0x0000041b
     375715.000 ns	     37570	8000825c	011ffcb3	and	x25,x31,x17	 x31:0x00000000 x17:0x44320000 x25=0x00000000
     375725.000 ns	     37571	80008260	418953b3	sra	x7,x18,x24	 x18:0x80040fe4 x24:0x00000001  x7=0xc00207f2
     375735.000 ns	     37572	80008264	1191c313	xori	x6,x3,281	  x3:0x00000000  x6=0x00000119
     375745.000 ns	     37573	80008268	48e2c193	xori	x3,x5,1166	  x5:0x00000001  x3=0x0000048f
     375785.000 ns	     37577	8000826c	01e7ffd3	fadd.s	f31,f15,f30	 f15:0x4b800000 f30:0x7fc00000 f31=0x7fc00000
     375815.000 ns	     37580	80008270	214783d3	fsgnj.s	f7,f15,f20	 f15:0x4b800000 f20:0x80000000  f7=0xcb800000
     375845.000 ns	     37583	80008274	c001b8d3	fcvt.w.s	x17,f3	  f3:0x473501cb x17=0x0000b502
     375865.000 ns	     37585	80008278	41e8d613	srai	x12,x17,0x1e	 x17:0x44320000 x12=0x00000000
     375885.000 ns	     37587	8000827c	e00b8fd3	fmv.x.w	x31,f23	 f23:0xcefff7df x31=0xcefff7df
     375925.000 ns	     37591	80008280	1083f853	fmul.s	f16,f7,f8	  f7:0xcb800000  f8:0x80000000 f16=0x00000000
     375955.000 ns	     37594	80008284	d0018b53	fcvt.s.w	f22,x3	  x3:0x0000048f f22=0x4491e000
     376325.000 ns	     37631	80008288	0239f1b3	remu	x3,x19,x3	 x19:0x00000000  x3:0x0000048f  x3=0x00000000
     376345.000 ns	     37633	8000828c	7cca6d13	ori	x26,x20,1996	 x20:0x00000000 x26=0x000007cc
     376365.000 ns	     37635	80008290	0290bc33	mulhu	x24,x1,x9	  x1:0x7f7ffe9a  x9:0x00000001 x24=0x00000000
     376395.000 ns	     37638	80008294	297b0353	fmin.s	f6,f22,f23	 f22:0x4491e000 f23:0xcefff7df  f6=0xcefff7df
     376445.000 ns	     37643	80008298	097c8553	fsub.s	f10,f25,f23	 f25:0x001fdfff f23:0xcefff7df f10=0x4efff7df
     376475.000 ns	     37646	8000829c	03b2f633	remu	x12,x5,x27	  x5:0x00000001 x27:0x00000000 x12=0x00000001
     376505.000 ns	     37649	800082a0	a06f8dd3	fle.s	x27,f31,f6	 f31:0x7fc00000  f6:0xcefff7df x27=0x00000000
     376555.000 ns	     37654	800082a4	095521d3	fsub.s	f3,f10,f21	 f10:0x4efff7df f21:0x7fc00000  f3=0x7fc00000
     376585.000 ns	     37657	800082a8	20828553	fsgnj.s	f10,f5,f8	  f5:0x4efff7df  f8:0x80000000 f10=0xcefff7df
     376615.000 ns	     37660	800082ac	21f00ed3	fsgnj.s	f29,f0,f31	  f0:0x7fc00000 f31:0x7fc00000 f29=0x7fc00000
     376645.000 ns	     37663	800082b0	f00f0053	fmv.w.x	f0,x30	 x30:0x00000020  f0=0x00000020
     376665.000 ns	     37665	800082b4	01e8dcb3	srl	x25,x17,x30	 x17:0x0000b502 x30:0x00000020 x25=0x0000b502
     376685.000 ns	     37667	800082b8	02b56333	rem	x6,x10,x11	 x10:0x00000001 x11:0x00000000  x6=0x00000001
     377055.000 ns	     37704	800082bc	03254533	div	x10,x10,x18	 x10:0x00000001 x18:0x80040fe4 x10=0x00000000
     377075.000 ns	     37706	800082c0	a2ad3793	sltiu	x15,x26,-1494	 x26:0x000007cc x15=0x00000001
     378245.000 ns	     37823	800082c4	580973d3	fsqrt.s	f7,f18	 f18:0x0511c000  f7=0x21ce1e80
     378275.000 ns	     37826	800082c8	c01af1d3	fcvt.wu.s	x3,f21	 f21:0x7fc00000  x3=0xffffffff
     378295.000 ns	     37828	800082cc	003798b3	sll	x17,x15,x3	 x15:0x00000001  x3:0x00000000 x17=0x80000000
     378335.000 ns	     37832	800082d0	09bef8d3	fsub.s	f17,f29,f27	 f29:0x7fc00000 f27:0x00000000 f17=0x7fc00000
     378705.000 ns	     37869	800082d4	03267f33	remu	x30,x12,x18	 x12:0x00000001 x18:0x80040fe4 x30=0x00000001
     378735.000 ns	     37872	800082d8	037db0b3	mulhu	x1,x27,x23	 x27:0x00000000 x23:0x00000000  x1=0x00000000
     378765.000 ns	     37875	800082dc	02007cb3	remu	x25,x0,x0	  x0:0x00000000  x0:0x00000000 x25=0x00000000
     378795.000 ns	     37878	800082e0	02eea2b3	mulhsu	x5,x29,x14	 x29:0x00000001 x14:0x80041024  x5=0x00000000
     378825.000 ns	     37881	800082e4	03b1fdb3	remu	x27,x3,x27	  x3:0xffffffff x27:0x00000000 x27=0xffffffff
     378845.000 ns	     37883	800082e8	982f7993	andi	x19,x30,-1662	 x30:0x00000001 x19=0x00000000
     378865.000 ns	     37885	800082ec	03752433	mulhsu	x8,x10,x23	 x10:0x00000000 x23:0x00000000  x8=0x00000000
     378905.000 ns	     37889	800082f0	580bfed3	fsqrt.s	f29,f23	 f23:0xcefff7df f29=0x7fc00000
     378955.000 ns	     37894	800082f4	000aad53	fadd.s	f26,f21,f0	 f21:0x7fc00000  f0:0x00000020 f26=0x7fc00000
     378975.000 ns	     37896	800082f8	8c1b2593	slti	x11,x22,-1855	 x22:0x00000000 x11=0x00000000
     378995.000 ns	     37898	800082fc	208227d3	fsgnjx.s	f15,f4,f8	  f4:0x7fc00000  f8:0x80000000 f15=0xffc00000
     379015.000 ns	     37900	80008300	00135893	srli	x17,x6,0x1	  x6:0x00000001 x17=0x00000000
     379035.000 ns	     37902	80008304	022be233	rem	x4,x23,x2	 x23:0x00000000  x2:0x00000000  x4=0x00000000
     379065.000 ns	     37905	80008308	21c72353	fsgnjx.s	f6,f14,f28	 f14:0xcefff7df f28:0x7fc00000  f6=0xcefff7df
     379095.000 ns	     37908	8000830c	21aa9053	fsgnjn.s	f0,f21,f26	 f21:0x7fc00000 f26:0x7fc00000  f0=0xffc00000
     379125.000 ns	     37911	80008310	a0d8a2d3	feq.s	x5,f17,f13	 f17:0x7fc00000 f13:0x00000000  x5=0x00000000
     379145.000 ns	     37913	80008314	404d5b93	srai	x23,x26,0x4	 x26:0x000007cc x23=0x0000007c
     379165.000 ns	     37915	80008318	a194a0d3	feq.s	x1,f9,f25	  f9:0x7fc00000 f25:0x001fdfff  x1=0x00000000
     379185.000 ns	     37917	8000831c	09467f37	lui	x30,0x9467	 x30=0x09467000
     379195.000 ns	     37918	80008320	01f75013	srli	x0,x14,0x1f	 x14:0x80041024
     379215.000 ns	     37920	80008324	f0098053	fmv.w.x	f0,x19	 x19:0x00000000  f0=0x00000000
     379245.000 ns	     37923	80008328	29699953	fmax.s	f18,f19,f22	 f19:0x7fc00000 f22:0x4491e000 f18=0x4491e000
     379265.000 ns	     37925	8000832c	001c9313	slli	x6,x25,0x1	 x25:0x00000000  x6=0x00000000
     379285.000 ns	     37927	80008330	a1e29353	flt.s	x6,f5,f30	  f5:0x4efff7df f30:0x7fc00000  x6=0x00000000
     379305.000 ns	     37929	80008334	015544b3	xor	x9,x10,x21	 x10:0x00000000 x21:0x00000000  x9=0x00000000
     379315.000 ns	     37930	80008338	168fb013	sltiu	x0,x31,360	 x31:0xcefff7df
     379325.000 ns	     37931	8000833c	24655cb7	lui	x25,0x24655	 x25=0x24655000
     379335.000 ns	     37932	80008340	515a3e37	lui	x28,0x515a3	 x28=0x515a3000
     379355.000 ns	     37934	80008344	f0058ad3	fmv.w.x	f21,x11	 x11:0x00000000 f21=0x00000000
     379375.000 ns	     37936	80008348	27396793	ori	x15,x18,627	 x18:0x80040fe4 x15=0x80040ff7
     379385.000 ns	     37937	8000834c	009b92b3	sll	x5,x23,x9	 x23:0x0000007c  x9:0x00000000  x5=0x0000007c
     379415.000 ns	     37940	80008350	580874d3	fsqrt.s	f9,f16	 f16:0x00000000  f9=0x00000000
     379435.000 ns	     37942	80008354	018e8333	add	x6,x29,x24	 x29:0x00000001 x24:0x00000000  x6=0x00000001
     379445.000 ns	     37943	80008358	0168da93	srli	x21,x17,0x16	 x17:0x00000000 x21=0x00000000
     379465.000 ns	     37945	8000835c	c0108653	fcvt.wu.s	x12,f1	  f1:0x80000000 x12=0x00000000
     379515.000 ns	     37950	80008360	00fffd53	fadd.s	f26,f31,f15	 f31:0x7fc00000 f15:0xffc00000 f26=0x7fc00000
     379545.000 ns	     37953	80008364	29969353	fmax.s	f6,f13,f25	 f13:0x00000000 f25:0x001fdfff  f6=0x001fdfff
     379915.000 ns	     37990	80008368	03f36c33	rem	x24,x6,x31	  x6:0x00000001 x31:0xcefff7df x24=0x00000001
     379945.000 ns	     37993	8000836c	c01ece53	fcvt.wu.s	x28,f29	 f29:0x7fc00000 x28=0xffffffff
     379995.000 ns	     37998	80008370	00b62cd3	fadd.s	f25,f12,f11	 f12:0xcefff7df f11:0x007e97e7 f25=0xcefff7df
     380025.000 ns	     38001	80008374	0333fb33	remu	x22,x7,x19	  x7:0xc00207f2 x19:0x00000000 x22=0xc00207f2
     380045.000 ns	     38003	80008378	3d036d93	ori	x27,x6,976	  x6:0x00000001 x27=0x000003d1
     380055.000 ns	     38004	8000837c	00af5f13	srli	x30,x30,0xa	 x30:0x09467000 x30=0x0002519c
     380065.000 ns	     38005	80008380	4172bf13	sltiu	x30,x5,1047	  x5:0x0000007c x30=0x00000001
     380085.000 ns	     38007	80008384	e0059a53	fclass.s	x20,f11	 f11:0x007e97e7 x20=0x00000020
     380115.000 ns	     38010	80008388	d0147953	fcvt.s.wu	f18,x8	  x8:0x00000000 f18=0x00000000
     380145.000 ns	     38013	8000838c	a03186d3	fle.s	x13,f3,f3	  f3:0x7fc00000  f3:0x7fc00000 x13=0x00000000
     380175.000 ns	     38016	80008390	d0197253	fcvt.s.wu	f4,x18	 x18:0x80040fe4  f4=0x4f00040f
     380205.000 ns	     38019	80008394	c004fed3	fcvt.w.s	x29,f9	  f9:0x00000000 x29=0x00000000
     380225.000 ns	     38021	80008398	41ec0133	sub	x2,x24,x30	 x24:0x00000001 x30:0x00000001  x2=0x00000000
     380245.000 ns	     38023	8000839c	d00d7b53	fcvt.s.w	f22,x26	 x26:0x000007cc f22=0x44f98000
     380275.000 ns	     38026	800083a0	029202b3	mul	x5,x4,x9	  x4:0x00000000  x9:0x00000000  x5=0x00000000
     380295.000 ns	     38028	800083a4	97137b13	andi	x22,x6,-1679	  x6:0x00000001 x22=0x00000001
     380305.000 ns	     38029	800083a8	40670e33	sub	x28,x14,x6	 x14:0x80041024  x6:0x00000001 x28=0x80041023
     380665.000 ns	     38065	800083ac	02f760b3	rem	x1,x14,x15	 x14:0x80041024 x15:0x80040ff7  x1=0x80041024
     380695.000 ns	     38068	800083b0	e00518d3	fclass.s	x17,f10	 f10:0xcefff7df x17=0x00000002
     380745.000 ns	     38073	800083b4	01eb7153	fadd.s	f2,f22,f30	 f22:0x44f98000 f30:0x7fc00000  f2=0x7fc00000
     380765.000 ns	     38075	800083b8	a1adad93	slti	x27,x27,-1510	 x27:0x000003d1 x27=0x00000000
     380775.000 ns	     38076	800083bc	01045c33	srl	x24,x8,x16	  x8:0x00000000 x16:0x00000002 x24=0x00000000
     380795.000 ns	     38078	800083c0	215227d3	fsgnjx.s	f15,f4,f21	  f4:0x4f00040f f21:0x00000000 f15=0x4f00040f
     380825.000 ns	     38081	800083c4	033de2b3	rem	x5,x27,x19	 x27:0x00000000 x19:0x00000000  x5=0x00000000
     380845.000 ns	     38083	800083c8	b16b3d93	sltiu	x27,x22,-1258	 x22:0x00000001 x27=0x00000001
     380855.000 ns	     38084	800083cc	404dd433	sra	x8,x27,x4	 x27:0x00000000  x4:0x00000000  x8=0x00000001
     380885.000 ns	     38087	800083d0	11da7753	fmul.s	f14,f20,f29	 f20:0x80000000 f29:0x7fc00000 f14=0x7fc00000
     380905.000 ns	     38089	800083d4	f8e47013	andi	x0,x8,-114	  x8:0x00000000
     380925.000 ns	     38091	800083d8	29ea94d3	fmax.s	f9,f21,f30	 f21:0x00000000 f30:0x7fc00000  f9=0x00000000
     380955.000 ns	     38094	800083dc	e00418d3	fclass.s	x17,f8	  f8:0x80000000 x17=0x00000008
     380985.000 ns	     38097	800083e0	c006f0d3	fcvt.w.s	x1,f13	 f13:0x00000000  x1=0x00000000
     381005.000 ns	     38099	800083e4	41ec5313	srai	x6,x24,0x1e	 x24:0x00000000  x6=0x00000000
     381015.000 ns	     38100	800083e8	40cc5093	srai	x1,x24,0xc	 x24:0x00000000  x1=0x00000000
     381025.000 ns	     38101	800083ec	36732593	slti	x11,x6,871	  x6:0x00000001 x11=0x00000001
     381035.000 ns	     38102	800083f0	017557b3	srl	x15,x10,x23	 x10:0x00000000 x23:0x0000007c x15=0x00000000
     381045.000 ns	     38103	800083f4	60524e93	xori	x29,x4,1541	  x4:0x00000000 x29=0x00000605
     381055.000 ns	     38104	800083f8	00e22233	slt	x4,x4,x14	  x4:0x00000000 x14:0x80041024  x4=0x00000000
     381065.000 ns	     38105	800083fc	01ca7533	and	x10,x20,x28	 x20:0x00000020 x28:0x80041023 x10=0x00000020
     381425.000 ns	     38141	80008400	03c3eeb3	rem	x29,x7,x28	  x7:0xc00207f2 x28:0x80041023 x29=0xc00207f2
     381445.000 ns	     38143	80008404	b50bfeb7	lui	x29,0xb50bf	 x29=0xb50bf000
     381455.000 ns	     38144	80008408	000d5b13	srli	x22,x26,0x0	 x26:0x000007cc x22=0x000007cc
     381465.000 ns	     38145	8000840c	90718893	addi	x17,x3,-1785	  x3:0xffffffff x17=0xfffff906
     381475.000 ns	     38146	80008410	00000013	addi	x0,x0,0	  x0:0x00000000
     381495.000 ns	     38148	80008414	28f98853	fmin.s	f16,f19,f15	 f19:0x7fc00000 f15:0x4f00040f f16=0x4f00040f
     381525.000 ns	     38151	80008418	f00d8cd3	fmv.w.x	f25,x27	 x27:0x00000001 f25=0x00000001
     381545.000 ns	     38153	8000841c	73322293	slti	x5,x4,1843	  x4:0x00000000  x5=0x00000001
     381555.000 ns	     38154	80008420	cb0d4e13	xori	x28,x26,-848	 x26:0x000007cc x28=0xfffffb7c
     381575.000 ns	     38156	80008424	03230b33	mul	x22,x6,x18	  x6:0x00000000 x18:0x80040fe4 x22=0x00000000
     381595.000 ns	     38158	80008428	01146133	or	x2,x8,x17	  x8:0x00000001 x17:0xfffff906  x2=0xfffff907
     381615.000 ns	     38160	8000842c	20c62653	fsgnjx.s	f12,f12,f12	 f12:0xcefff7df f12:0xcefff7df f12=0x4efff7df
     381645.000 ns	     38163	80008430	c00e70d3	fcvt.w.s	x1,f28	 f28:0x7fc00000  x1=0x7fffffff
     381665.000 ns	     38165	80008434	41ba5533	sra	x10,x20,x27	 x20:0x00000020 x27:0x00000001 x10=0x00000010
     381685.000 ns	     38167	80008438	290116d3	fmax.s	f13,f2,f16	  f2:0x7fc00000 f16:0x4f00040f f13=0x4f00040f
     381715.000 ns	     38170	8000843c	219b0953	fsgnj.s	f18,f22,f25	 f22:0x44f98000 f25:0x00000001 f18=0x44f98000
     381735.000 ns	     38172	80008440	5274a413	slti	x8,x9,1319	  x9:0x00000000  x8=0x00000001
     381755.000 ns	     38174	80008444	c005c253	fcvt.w.s	x4,f11	 f11:0x007e97e7  x4=0x00000000
     381775.000 ns	     38176	80008448	001ee033	or	x0,x29,x1	 x29:0xb50bf000  x1:0x7fffffff
     381805.000 ns	     38179	8000844c	10d09153	fmul.s	f2,f1,f13	  f1:0x80000000 f13:0x4f00040f  f2=0x80000000
     381835.000 ns	     38182	80008450	c0174353	fcvt.wu.s	x6,f14	 f14:0x7fc00000  x6=0xffffffff
     381865.000 ns	     38185	80008454	02c8c3b3	div	x7,x17,x12	 x17:0xfffff906 x12:0x00000000  x7=0xffffffff
     381885.000 ns	     38187	80008458	01c730b3	sltu	x1,x14,x28	 x14:0x80041024 x28:0xfffffb7c  x1=0x00000001
     381905.000 ns	     38189	8000845c	a0010e53	fle.s	x28,f2,f0	  f2:0x80000000  f0:0x00000000 x28=0x00000001
     381935.000 ns	     38192	80008460	03d2ba33	mulhu	x20,x5,x29	  x5:0x00000001 x29:0xb50bf000 x20=0x00000000
     381955.000 ns	     38194	80008464	0b8cb693	sltiu	x13,x25,184	 x25:0x24655000 x13=0x00000000
     381965.000 ns	     38195	80008468	aa362493	slti	x9,x12,-1373	 x12:0x00000000  x9=0x00000000
     381985.000 ns	     38197	8000846c	204e96d3	fsgnjn.s	f13,f29,f4	 f29:0x7fc00000  f4:0x4f00040f f13=0xffc00000
     382005.000 ns	     38199	80008470	50bf0697	auipc	x13,0x50bf0	 x13=0xd0bf8470
     382015.000 ns	     38200	80008474	01df3d33	sltu	x26,x30,x29	 x30:0x00000001 x29:0xb50bf000 x26=0x00000001
     382025.000 ns	     38201	80008478	0034e3b3	or	x7,x9,x3	  x9:0x00000000  x3:0xffffffff  x7=0xffffffff
     382035.000 ns	     38202	8000847c	a310f7b7	lui	x15,0xa310f	 x15=0xa310f000
     382045.000 ns	     38203	80008480	01f7e333	or	x6,x15,x31	 x15:0x00000000 x31:0xcefff7df  x6=0xeffff7df
     382065.000 ns	     38205	80008484	28ca9d53	fmax.s	f26,f21,f12	 f21:0x00000000 f12:0x4efff7df f26=0x4efff7df
     382085.000 ns	     38207	80008488	8a943e97	auipc	x29,0x8a943	 x29=0x0a94b488
     382095.000 ns	     38208	8000848c	40225ab3	sra	x21,x4,x2	  x4:0x00000000  x2:0xfffff907 x21=0x00000000
     382105.000 ns	     38209	80008490	1ba16393	ori	x7,x2,442	  x2:0xfffff907  x7=0xfffff9bf
     382125.000 ns	     38211	80008494	03a71633	mulh	x12,x14,x26	 x14:0x80041024 x26:0x00000001 x12=0xffffffff
     382165.000 ns	     38215	80008498	10ed7ed3	fmul.s	f29,f26,f14	 f26:0x4efff7df f14:0x7fc00000 f29=0x7fc00000
     382205.000 ns	     38219	8000849c	11c3f9d3	fmul.s	f19,f7,f28	  f7:0x21ce1e80 f28:0x7fc00000 f19=0x7fc00000
     382575.000 ns	     38256	800084a0	02fd5bb3	divu	x23,x26,x15	 x26:0x00000001 x15:0xa310f000 x23=0x00000000
     382605.000 ns	     38259	800084a4	f00381d3	fmv.w.x	f3,x7	  x7:0xfffff9bf  f3=0xfffff9bf
     382635.000 ns	     38262	800084a8	0360b033	mulhu	x0,x1,x22	  x1:0x00000001 x22:0x00000000
     382655.000 ns	     38264	800084ac	7e1dad93	slti	x27,x27,2017	 x27:0x00000001 x27=0x00000001
     382675.000 ns	     38266	800084b0	e00298d3	fclass.s	x17,f5	  f5:0x4efff7df x17=0x00000040
     382695.000 ns	     38268	800084b4	004a2fb3	slt	x31,x20,x4	 x20:0x00000000  x4:0x00000000 x31=0x00000000
     383055.000 ns	     38304	800084b8	03de68b3	rem	x17,x28,x29	 x28:0x00000001 x29:0x0a94b488 x17=0x00000001
     383085.000 ns	     38307	800084bc	288d1e53	fmax.s	f28,f26,f8	 f26:0x4efff7df  f8:0x80000000 f28=0x4efff7df
     383125.000 ns	     38311	800084c0	184a7b53	fdiv.s	f22,f20,f4	 f20:0x80000000  f4:0x4f00040f f22=0x80000000
     383155.000 ns	     38314	800084c4	a1a39453	flt.s	x8,f7,f26	  f7:0x21ce1e80 f26:0x4efff7df  x8=0x00000001
     383205.000 ns	     38319	800084c8	001fb7d3	fadd.s	f15,f31,f1	 f31:0x7fc00000  f1:0x80000000 f15=0x7fc00000
     383225.000 ns	     38321	800084cc	014d1313	slli	x6,x26,0x14	 x26:0x00000001  x6=0x00100000
     383235.000 ns	     38322	800084d0	f372ac17	auipc	x24,0xf372a	 x24=0x737324d0
     383255.000 ns	     38324	800084d4	037cbf33	mulhu	x30,x25,x23	 x25:0x24655000 x23:0x00000000 x30=0x00000000
     383625.000 ns	     38361	800084d8	030a79b3	remu	x19,x20,x16	 x20:0x00000000 x16:0x00000002 x19=0x00000000
     383645.000 ns	     38363	800084dc	01988fb3	add	x31,x17,x25	 x17:0x00000001 x25:0x24655000 x31=0x24655001
     383655.000 ns	     38364	800084e0	411cd893	srai	x17,x25,0x11	 x25:0x24655000 x17=0x00001232
     383665.000 ns	     38365	800084e4	004cadb3	slt	x27,x25,x4	 x25:0x24655000  x4:0x00000000 x27=0x00000000
     383685.000 ns	     38367	800084e8	c00476d3	fcvt.w.s	x13,f8	  f8:0x80000000 x13=0x00000000
     383705.000 ns	     38369	800084ec	009c60b3	or	x1,x24,x9	 x24:0x737324d0  x9:0x00000000  x1=0x737324d0
     383725.000 ns	     38371	800084f0	20678a53	fsgnj.s	f20,f15,f6	 f15:0x7fc00000  f6:0x001fdfff f20=0x7fc00000
     383755.000 ns	     38374	800084f4	03ea48b3	div	x17,x20,x30	 x20:0x00000000 x30:0x00000000 x17=0xffffffff
     383795.000 ns	     38378	800084f8	580f4cd3	fsqrt.s	f25,f30	 f30:0x7fc00000 f25=0x7fc00000
     383825.000 ns	     38381	800084fc	030bb6b3	mulhu	x13,x23,x16	 x23:0x00000000 x16:0x00000002 x13=0x00000000
     383855.000 ns	     38384	80008500	c013a4d3	fcvt.wu.s	x9,f7	  f7:0x21ce1e80  x9=0x00000000
     383875.000 ns	     38386	80008504	4d7f9397	auipc	x7,0x4d7f9	  x7=0xcd801504
     383885.000 ns	     38387	80008508	35811337	lui	x6,0x35811	  x6=0x35811000
     383905.000 ns	     38389	8000850c	c010ff53	fcvt.wu.s	x30,f1	  f1:0x80000000 x30=0x00000000
     383935.000 ns	     38392	80008510	f0038bd3	fmv.w.x	f23,x7	  x7:0xcd801504 f23=0xcd801504
     383965.000 ns	     38395	80008514	a1b016d3	flt.s	x13,f0,f27	  f0:0x00000000 f27:0x00000000 x13=0x00000000
     383995.000 ns	     38398	80008518	0367c3b3	div	x7,x15,x22	 x15:0xa310f000 x22:0x00000000  x7=0xffffffff
     384015.000 ns	     38400	8000851c	003656b3	srl	x13,x12,x3	 x12:0xffffffff  x3:0xffffffff x13=0x00000001
     384375.000 ns	     38436	80008520	021d43b3	div	x7,x26,x1	 x26:0x00000001  x1:0x737324d0  x7=0x00000000
     384425.000 ns	     38441	80008524	09a37ad3	fsub.s	f21,f6,f26	  f6:0x001fdfff f26:0x4efff7df f21=0xcefff7df
     384445.000 ns	     38443	80008528	ef817013	andi	x0,x2,-264	  x2:0xfffff907
     384455.000 ns	     38444	8000852c	8fe17593	andi	x11,x2,-1794	  x2:0xfffff907 x11=0xfffff806
     384465.000 ns	     38445	80008530	15506593	ori	x11,x0,341	  x0:0x00000000 x11=0x00000155
     384475.000 ns	     38446	80008534	014b6d33	or	x26,x22,x20	 x22:0x00000000 x20:0x00000000 x26=0x00000000
     384505.000 ns	     38449	80008538	580521d3	fsqrt.s	f3,f10	 f10:0xcefff7df  f3=0x7fc00000
     384535.000 ns	     38452	8000853c	c006ff53	fcvt.w.s	x30,f13	 f13:0xffc00000 x30=0x7fffffff
     384565.000 ns	     38455	80008540	d0144753	fcvt.s.wu	f14,x8	  x8:0x00000001 f14=0x3f800000
     384595.000 ns	     38458	80008544	f0090f53	fmv.w.x	f30,x18	 x18:0x80040fe4 f30=0x80040fe4
     384625.000 ns	     38461	80008548	21f595d3	fsgnjn.s	f11,f11,f31	 f11:0x007e97e7 f31:0x7fc00000 f11=0x807e97e7
     384655.000 ns	     38464	8000854c	20368d53	fsgnj.s	f26,f13,f3	 f13:0xffc00000  f3:0x7fc00000 f26=0x7fc00000
     384685.000 ns	     38467	80008550	03ec38b3	mulhu	x17,x24,x30	 x24:0x737324d0 x30:0x7fffffff x17=0x39b99267
     384705.000 ns	     38469	80008554	00000013	addi	x0,x0,0	  x0:0x00000000
     384715.000 ns	     38470	80008558	8e5a0993	addi	x19,x20,-1819	 x20:0x00000000 x19=0xfffff8e5
     384735.000 ns	     38472	8000855c	f0028953	fmv.w.x	f18,x5	  x5:0x00000001 f18=0x00000001
     384765.000 ns	     38475	80008560	d00dbbd3	fcvt.s.w	f23,x27	 x27:0x00000000 f23=0x00000000
     384795.000 ns	     38478	80008564	291a90d3	fmax.s	f1,f21,f17	 f21:0xcefff7df f17:0x7fc00000  f1=0xcefff7df
     384825.000 ns	     38481	80008568	03b4fb33	remu	x22,x9,x27	  x9:0x00000000 x27:0x00000000 x22=0x00000000
     384855.000 ns	     38484	8000856c	c01076d3	fcvt.wu.s	x13,f0	  f0:0x00000000 x13=0x00000000
     384875.000 ns	     38486	80008570	62a52593	slti	x11,x10,1578	 x10:0x00000010 x11=0x00000001
     385205.000 ns	     38519	80008574	181ac7d3	fdiv.s	f15,f21,f1	 f21:0xcefff7df  f1:0xcefff7df f15=0x3f7ff7e0
     385225.000 ns	     38521	80008578	00bad8b3	srl	x17,x21,x11	 x21:0x00000000 x11:0x00000155 x17=0x00000000
     385245.000 ns	     38523	8000857c	282d14d3	fmax.s	f9,f26,f2	 f26:0x7fc00000  f2:0x80000000  f9=0x80000000
     385265.000 ns	     38525	80008580	01081ab3	sll	x21,x16,x16	 x16:0x00000002 x16:0x00000002 x21=0x00000008
     385625.000 ns	     38561	80008584	025c7a33	remu	x20,x24,x5	 x24:0x737324d0  x5:0x00000001 x20=0x00000000
     385655.000 ns	     38564	80008588	c01074d3	fcvt.wu.s	x9,f0	  f0:0x00000000  x9=0x00000000
     385675.000 ns	     38566	8000858c	4015db13	srai	x22,x11,0x1	 x11:0x00000001 x22=0x00000000
     385695.000 ns	     38568	80008590	202f21d3	fsgnjx.s	f3,f30,f2	 f30:0x80040fe4  f2:0x80000000  f3=0x00040fe4
     385715.000 ns	     38570	80008594	00000013	addi	x0,x0,0	  x0:0x00000000
     385735.000 ns	     38572	80008598	a1e70cd3	fle.s	x25,f14,f30	 f14:0x3f800000 f30:0x80040fe4 x25=0x00000000
     385755.000 ns	     38574	8000859c	41b60133	sub	x2,x12,x27	 x12:0xffffffff x27:0x00000000  x2=0xffffffff
     385775.000 ns	     38576	800085a0	28a795d3	fmax.s	f11,f15,f10	 f15:0x3f7ff7e0 f10:0xcefff7df f11=0x3f7ff7e0
     385825.000 ns	     38581	800085a4	0081f753	fadd.s	f14,f3,f8	  f3:0x00040fe4  f8:0x80000000 f14=0x00040fe4
     385855.000 ns	     38584	800085a8	21802d53	fsgnjx.s	f26,f0,f24	  f0:0x00000000 f24:0x7fc00000 f26=0x00000000
     385875.000 ns	     38586	800085ac	01f0dd13	srli	x26,x1,0x1f	  x1:0x737324d0 x26=0x00000000
     385895.000 ns	     38588	800085b0	298f98d3	fmax.s	f17,f31,f24	 f31:0x7fc00000 f24:0x7fc00000 f17=0x7fc00000
     385915.000 ns	     38590	800085b4	00199e93	slli	x29,x19,0x1	 x19:0xfffff8e5 x29=0xfffff1ca
     385925.000 ns	     38591	800085b8	01de4ab3	xor	x21,x28,x29	 x28:0x00000001 x29:0x0a94b488 x21=0xfffff1cb
     385965.000 ns	     38595	800085bc	09d7bcd3	fsub.s	f25,f15,f29	 f15:0x3f7ff7e0 f29:0x7fc00000 f25=0x7fc00000
     385995.000 ns	     38598	800085c0	0209e333	rem	x6,x19,x0	 x19:0xfffff8e5  x0:0x00000000  x6=0xfffff8e5
     386025.000 ns	     38601	800085c4	29398e53	fmin.s	f28,f19,f19	 f19:0x7fc00000 f19:0x7fc00000 f28=0x7fc00000
     386045.000 ns	     38603	800085c8	018756b3	srl	x13,x14,x24	 x14:0x80041024 x24:0x737324d0 x13=0x00008004
     386405.000 ns	     38639	800085cc	030aea33	rem	x20,x21,x16	 x21:0xfffff1cb x16:0x00000002 x20=0xffffffff
     386425.000 ns	     38641	800085d0	006f9a93	slli	x21,x31,0x6	 x31:0x24655001 x21=0x19540040
     386445.000 ns	     38643	800085d4	291a08d3	fmin.s	f17,f20,f17	 f20:0x7fc00000 f17:0x7fc00000 f17=0x7fc00000
     386475.000 ns	     38646	800085d8	c00b1dd3	fcvt.w.s	x27,f22	 f22:0x80000000 x27=0x00000000
     386495.000 ns	     38648	800085dc	32acf793	andi	x15,x25,810	 x25:0x00000000 x15=0x00000000
     386515.000 ns	     38650	800085e0	03ade5b3	rem	x11,x27,x26	 x27:0x00000000 x26:0x00000000 x11=0x00000000
     386545.000 ns	     38653	800085e4	a159aed3	feq.s	x29,f19,f21	 f19:0x7fc00000 f21:0xcefff7df x29=0x00000000
     386565.000 ns	     38655	800085e8	9fff3237	lui	x4,0x9fff3	  x4=0x9fff3000
     386575.000 ns	     38656	800085ec	006ae333	or	x6,x21,x6	 x21:0x19540040  x6:0xfffff8e5  x6=0xfffff8e5
     386935.000 ns	     38692	800085f0	02dc4133	div	x2,x24,x13	 x24:0x737324d0 x13:0x00008004  x2=0x0000e6df
     386955.000 ns	     38694	800085f4	01c4a2b3	slt	x5,x9,x28	  x9:0x00000000 x28:0x00000001  x5=0x00000001
     386975.000 ns	     38696	800085f8	20548353	fsgnj.s	f6,f9,f5	  f9:0x80000000  f5:0x4efff7df  f6=0x00000000
     386995.000 ns	     38698	800085fc	0151df33	srl	x30,x3,x21	  x3:0xffffffff x21:0x19540040 x30=0xffffffff
     387355.000 ns	     38734	80008600	0226c633	div	x12,x13,x2	 x13:0x00008004  x2:0x0000e6df x12=0x00000000
     387385.000 ns	     38737	80008604	029e7db3	remu	x27,x28,x9	 x28:0x00000001  x9:0x00000000 x27=0x00000001
     387415.000 ns	     38740	80008608	a0f29d53	flt.s	x26,f5,f15	  f5:0x4efff7df f15:0x3f7ff7e0 x26=0x00000000
     387445.000 ns	     38743	8000860c	c0120553	fcvt.wu.s	x10,f4	  f4:0x4f00040f x10=0x80040f00
     387465.000 ns	     38745	80008610	16163213	sltiu	x4,x12,353	 x12:0x00000000  x4=0x00000001
     387485.000 ns	     38747	80008614	02483433	mulhu	x8,x16,x4	 x16:0x00000002  x4:0x9fff3000  x8=0x00000000
     387515.000 ns	     38750	80008618	d0054753	fcvt.s.w	f14,x10	 x10:0x80040f00 f14=0xcefff7e2
     387535.000 ns	     38752	8000861c	00175d33	srl	x26,x14,x1	 x14:0x80041024  x1:0x737324d0 x26=0x00008004
     387555.000 ns	     38754	80008620	29ea1ad3	fmax.s	f21,f20,f30	 f20:0x7fc00000 f30:0x80040fe4 f21=0x80040fe4
     387575.000 ns	     38756	80008624	00a36ab3	or	x21,x6,x10	  x6:0xfffff8e5 x10:0x80040f00 x21=0xffffffe5
     387595.000 ns	     38758	80008628	20a28053	fsgnj.s	f0,f5,f10	  f5:0x4efff7df f10:0xcefff7df  f0=0xcefff7df
     387635.000 ns	     38762	8000862c	11081ed3	fmul.s	f29,f16,f16	 f16:0x4f00040f f16:0x4f00040f f29=0x5e80081e
     387665.000 ns	     38765	80008630	e00d9bd3	fclass.s	x23,f27	 f27:0x00000000 x23=0x00000010
     387685.000 ns	     38767	80008634	539a8a93	addi	x21,x21,1337	 x21:0xffffffe5 x21=0x0000051e
     387695.000 ns	     38768	80008638	011730b3	sltu	x1,x14,x17	 x14:0x80041024 x17:0x00000000  x1=0x00000000
     387705.000 ns	     38769	8000863c	016ba333	slt	x6,x23,x22	 x23:0x00000010 x22:0x00000000  x6=0x00000000
     387715.000 ns	     38770	80008640	df6d7e93	andi	x29,x26,-522	 x26:0x00008004 x29=0x00008004
     387725.000 ns	     38771	80008644	00becd33	xor	x26,x29,x11	 x29:0x00000000 x11:0x00000000 x26=0x00008004
     387735.000 ns	     38772	80008648	01278eb3	add	x29,x15,x18	 x15:0x00000000 x18:0x80040fe4 x29=0x80040fe4
     387745.000 ns	     38773	8000864c	016f0233	add	x4,x30,x22	 x30:0xffffffff x22:0x00000000  x4=0xffffffff
     387765.000 ns	     38775	80008650	c0043653	fcvt.w.s	x12,f8	  f8:0x80000000 x12=0x00000000
     387795.000 ns	     38778	80008654	02057333	remu	x6,x10,x0	 x10:0x80040f00  x0:0x00000000  x6=0x80040f00
     387815.000 ns	     38780	80008658	93823993	sltiu	x19,x4,-1736	  x4:0xffffffff x19=0x00000000
     387825.000 ns	     38781	8000865c	28768793	addi	x15,x13,647	 x13:0x00008004 x15=0x0000828b
     387835.000 ns	     38782	80008660	000120b3	slt	x1,x2,x0	  x2:0x0000e6df  x0:0x00000000  x1=0x00000000
     387845.000 ns	     38783	80008664	a829c313	xori	x6,x19,-1406	 x19:0x00000000  x6=0xfffffa82
     387855.000 ns	     38784	80008668	4788be13	sltiu	x28,x17,1144	 x17:0x00000000 x28=0x00000001
     387865.000 ns	     38785	8000866c	d9fc09b7	lui	x19,0xd9fc0	 x19=0xd9fc0000
     387885.000 ns	     38787	80008670	e0008453	fmv.x.w	x8,f1	  f1:0xcefff7df  x8=0xcefff7df
     387915.000 ns	     38790	80008674	29f39f53	fmax.s	f30,f7,f31	  f7:0x21ce1e80 f31:0x7fc00000 f30=0x21ce1e80
     387935.000 ns	     38792	80008678	01762c33	slt	x24,x12,x23	 x12:0x00000000 x23:0x00000010 x24=0x00000001
     387955.000 ns	     38794	8000867c	a0f2afd3	feq.s	x31,f5,f15	  f5:0x4efff7df f15:0x3f7ff7e0 x31=0x00000000
     387975.000 ns	     38796	80008680	009641b3	xor	x3,x12,x9	 x12:0x00000000  x9:0x00000000  x3=0x00000000
     387995.000 ns	     38798	80008684	c016f3d3	fcvt.wu.s	x7,f13	 f13:0xffc00000  x7=0xffffffff
     388025.000 ns	     38801	80008688	a0c29f53	flt.s	x30,f5,f12	  f5:0x4efff7df f12:0x4efff7df x30=0x00000000
     388045.000 ns	     38803	8000868c	83a02b93	slti	x23,x0,-1990	  x0:0x00000000 x23=0x00000000
     388065.000 ns	     38805	80008690	0393dd33	divu	x26,x7,x25	  x7:0xffffffff x25:0x00000000 x26=0xffffffff
     388095.000 ns	     38808	80008694	03605fb3	divu	x31,x0,x22	  x0:0x00000000 x22:0x00000000 x31=0xffffffff
     388125.000 ns	     38811	80008698	a0bb9453	flt.s	x8,f23,f11	 f23:0x00000000 f11:0x3f7ff7e0  x8=0x00000001
     388145.000 ns	     38813	8000869c	00686d33	or	x26,x16,x6	 x16:0x00000002  x6:0xfffffa82 x26=0xfffffa82
     388165.000 ns	     38815	800086a0	02ec80b3	mul	x1,x25,x14	 x25:0x00000000 x14:0x80041024  x1=0x00000000
     388205.000 ns	     38819	800086a4	11a573d3	fmul.s	f7,f10,f26	 f10:0xcefff7df f26:0x00000000  f7=0x80000000
     388575.000 ns	     38856	800086a8	02acff33	remu	x30,x25,x10	 x25:0x00000000 x10:0x80040f00 x30=0x00000000
     388595.000 ns	     38858	800086ac	41f403b3	sub	x7,x8,x31	  x8:0x00000001 x31:0xffffffff  x7=0x00000002
     388605.000 ns	     38859	800086b0	b9f20d13	addi	x26,x4,-1121	  x4:0xffffffff x26=0xfffffb9e
     388615.000 ns	     38860	800086b4	00000013	addi	x0,x0,0	  x0:0x00000000
     388975.000 ns	     38896	800086b8	03324bb3	div	x23,x4,x19	  x4:0xffffffff x19:0xd9fc0000 x23=0x00000000
     388995.000 ns	     38898	800086bc	55efa393	slti	x7,x31,1374	 x31:0xffffffff  x7=0x00000001
     389005.000 ns	     38899	800086c0	01e04f33	xor	x30,x0,x30	  x0:0x00000000 x30:0x00000000 x30=0x00000000
     389025.000 ns	     38901	800086c4	a0491153	flt.s	x2,f18,f4	 f18:0x00000001  f4:0x4f00040f  x2=0x00000001
     389055.000 ns	     38904	800086c8	d002b753	fcvt.s.w	f14,x5	  x5:0x00000001 f14=0x3f800000
     389075.000 ns	     38906	800086cc	002e6233	or	x4,x28,x2	 x28:0x00000001  x2:0x00000001  x4=0x00000001
     389435.000 ns	     38942	800086d0	02e65433	divu	x8,x12,x14	 x12:0x00000000 x14:0x80041024  x8=0x00000000
     389465.000 ns	     38945	800086d4	03132133	mulhsu	x2,x6,x17	  x6:0xfffffa82 x17:0x00000000  x2=0x00000000
     389485.000 ns	     38947	800086d8	354d8e93	addi	x29,x27,852	 x27:0x00000001 x29=0x00000355
     389505.000 ns	     38949	800086dc	c017fbd3	fcvt.wu.s	x23,f15	 f15:0x3f7ff7e0 x23=0x00000000
     389545.000 ns	     38953	800086e0	5804fb53	fsqrt.s	f22,f9	  f9:0x80000000 f22=0x80000000
     389565.000 ns	     38955	800086e4	00e2eab3	or	x21,x5,x14	  x5:0x00000001 x14:0x80041024 x21=0x80041025
     389575.000 ns	     38956	800086e8	01a87033	and	x0,x16,x26	 x16:0x00000002 x26:0xfffffb9e
     389585.000 ns	     38957	800086ec	018512b3	sll	x5,x10,x24	 x10:0x80040f00 x24:0x00000001  x5=0x00081e00
     389615.000 ns	     38960	800086f0	58000153	fsqrt.s	f2,f0	  f0:0xcefff7df  f2=0x7fc00000
     389635.000 ns	     38962	800086f4	00fe60b3	or	x1,x28,x15	 x28:0x00000001 x15:0x0000828b  x1=0x0000828b
     389675.000 ns	     38966	800086f8	01b7a853	fadd.s	f16,f15,f27	 f15:0x3f7ff7e0 f27:0x00000000 f16=0x3f7ff7e0
     389705.000 ns	     38969	800086fc	20b925d3	fsgnjx.s	f11,f18,f11	 f18:0x00000001 f11:0x3f7ff7e0 f11=0x00000001
     389725.000 ns	     38971	80008700	92e9e593	ori	x11,x19,-1746	 x19:0xd9fc0000 x11=0xfffff92e
     389735.000 ns	     38972	80008704	d56e7513	andi	x10,x28,-682	 x28:0x00000001 x10=0x00000000
     389755.000 ns	     38974	80008708	f0058e53	fmv.w.x	f28,x11	 x11:0x00000000 f28=0xfffff92e
     389795.000 ns	     38978	8000870c	1093cbd3	fmul.s	f23,f7,f9	  f7:0x80000000  f9:0x80000000 f23=0x00000000
     389825.000 ns	     38981	80008710	02915eb3	divu	x29,x2,x9	  x2:0x00000000  x9:0x00000000 x29=0xffffffff
     389845.000 ns	     38983	80008714	713a0993	addi	x19,x20,1811	 x20:0xffffffff x19=0x00000712
     389855.000 ns	     38984	80008718	01a6bc33	sltu	x24,x13,x26	 x13:0x00008004 x26:0xfffffb9e x24=0x00000001
     389875.000 ns	     38986	8000871c	03282c33	mulhsu	x24,x16,x18	 x16:0x00000002 x18:0x80040fe4 x24=0x00000001
     389905.000 ns	     38989	80008720	d004fc53	fcvt.s.w	f24,x9	  x9:0x00000000 f24=0x00000000
     389925.000 ns	     38991	80008724	b763a613	slti	x12,x7,-1162	  x7:0x00000001 x12=0x00000000
     390285.000 ns	     39027	80008728	027543b3	div	x7,x10,x7	 x10:0x00000000  x7:0x00000001  x7=0x00000000
     390305.000 ns	     39029	8000872c	40e05113	srai	x2,x0,0xe	  x0:0x00000000  x2=0x00000000
     390315.000 ns	     39030	80008730	40c25013	srai	x0,x4,0xc	  x4:0x00000001
     390325.000 ns	     39031	80008734	ba304a37	lui	x20,0xba304	 x20=0xba304000
     390365.000 ns	     39035	80008738	0955f4d3	fsub.s	f9,f11,f21	 f11:0x00000001 f21:0x80040fe4  f9=0x00040fe5
     390385.000 ns	     39037	8000873c	cee73417	auipc	x8,0xcee73	  x8=0x4ee7b73c
     390395.000 ns	     39038	80008740	00cfe5b3	or	x11,x31,x12	 x31:0xffffffff x12:0x00000000 x11=0xffffffff
     390435.000 ns	     39042	80008744	017f8653	fadd.s	f12,f31,f23	 f31:0x7fc00000 f23:0x00000000 f12=0x7fc00000
     390455.000 ns	     39044	80008748	32f21297	auipc	x5,0x32f21	  x5=0xb2f29748
     391625.000 ns	     39161	8000874c	580977d3	fsqrt.s	f15,f18	 f18:0x00000001 f15=0x1f350483
     391655.000 ns	     39164	80008750	a1c0a153	feq.s	x2,f1,f28	  f1:0xcefff7df f28:0xfffff92e  x2=0x00000000
     391685.000 ns	     39167	80008754	d005f0d3	fcvt.s.w	f1,x11	 x11:0xffffffff  f1=0xbf800000
     391715.000 ns	     39170	80008758	213e2453	fsgnjx.s	f8,f28,f19	 f28:0xfffff92e f19:0x7fc00000  f8=0xfffff92e
     391735.000 ns	     39172	8000875c	41025f33	sra	x30,x4,x16	  x4:0x00000001 x16:0x00000002 x30=0x00000000
     391765.000 ns	     39175	80008760	580d42d3	fsqrt.s	f5,f26	 f26:0x00000000  f5=0x00000000
     391785.000 ns	     39177	80008764	63c4f593	andi	x11,x9,1596	  x9:0x00000000 x11=0x00000000
     391795.000 ns	     39178	80008768	ec717113	andi	x2,x2,-313	  x2:0x00000000  x2=0x00000000
     391805.000 ns	     39179	8000876c	01ebd4b3	srl	x9,x23,x30	 x23:0x00000000 x30:0x00000000  x9=0x00000000
     391825.000 ns	     39181	80008770	202b9253	fsgnjn.s	f4,f23,f2	 f23:0x00000000  f2:0x7fc00000  f4=0x80000000
     391855.000 ns	     39184	80008774	d010f6d3	fcvt.s.wu	f13,x1	  x1:0x0000828b f13=0x47028b00
     391875.000 ns	     39186	80008778	01af8d33	add	x26,x31,x26	 x31:0xffffffff x26:0xfffffb9e x26=0xfffffb9d
     391885.000 ns	     39187	8000877c	84f712b7	lui	x5,0x84f71	  x5=0x84f71000
     391895.000 ns	     39188	80008780	eb993313	sltiu	x6,x18,-327	 x18:0x80040fe4  x6=0x00000001
     391915.000 ns	     39190	80008784	a19194d3	flt.s	x9,f3,f25	  f3:0x00040fe4 f25:0x7fc00000  x9=0x00000000
     391945.000 ns	     39193	80008788	c0097d53	fcvt.w.s	x26,f18	 f18:0x00000001 x26=0x00000000
     391965.000 ns	     39195	8000878c	01b284b3	add	x9,x5,x27	  x5:0x84f71000 x27:0x00000001  x9=0x84f71001
     391995.000 ns	     39198	80008790	10acf7d3	fmul.s	f15,f25,f10	 f25:0x7fc00000 f10:0xcefff7df f15=0x7fc00000
     392015.000 ns	     39200	80008794	00177eb3	and	x29,x14,x1	 x14:0x80041024  x1:0x0000828b x29=0x00000000
     392035.000 ns	     39202	80008798	20a5ab53	fsgnjx.s	f22,f11,f10	 f11:0x00000001 f10:0xcefff7df f22=0x80000001
     392905.000 ns	     39289	8000879c	5806ac53	fsqrt.s	f24,f13	 f13:0x47028b00 f24=0x42b89d20
     392945.000 ns	     39293	800087a0	11d2fad3	fmul.s	f21,f5,f29	  f5:0x00000000 f29:0x5e80081e f21=0x00000000
     392975.000 ns	     39296	800087a4	031762b3	rem	x5,x14,x17	 x14:0x80041024 x17:0x00000000  x5=0x80041024
     392995.000 ns	     39298	800087a8	857a6b13	ori	x22,x20,-1961	 x20:0xba304000 x22=0xfffff857
     393005.000 ns	     39299	800087ac	01fce7b3	or	x15,x25,x31	 x25:0x00000000 x31:0xffffffff x15=0xffffffff
     393015.000 ns	     39300	800087b0	40605c13	srai	x24,x0,0x6	  x0:0x00000000 x24=0x00000000
     393055.000 ns	     39304	800087b4	016ec853	fadd.s	f16,f29,f22	 f29:0x5e80081e f22:0x80000001 f16=0x5e80081e
     393085.000 ns	     39307	800087b8	a0f418d3	flt.s	x17,f8,f15	  f8:0xfffff92e f15:0x7fc00000 x17=0x00000000
     393115.000 ns	     39310	800087bc	03ca3db3	mulhu	x27,x20,x28	 x20:0xba304000 x28:0x00000001 x27=0x00000000
     393135.000 ns	     39312	800087c0	0172f133	and	x2,x5,x23	  x5:0x80041024 x23:0x00000000  x2=0x00000000
     393145.000 ns	     39313	800087c4	002f1433	sll	x8,x30,x2	 x30:0x00000000  x2:0x00000000  x8=0x00000000
     393165.000 ns	     39315	800087c8	c01b71d3	fcvt.wu.s	x3,f22	 f22:0x80000001  x3=0x00000000
     393185.000 ns	     39317	800087cc	4055deb3	sra	x29,x11,x5	 x11:0x00000000  x5:0x80041024 x29=0x00000000
     393195.000 ns	     39318	800087d0	cfcb9c97	auipc	x25,0xcfcb9	 x25=0x4fcc17d0
     393215.000 ns	     39320	800087d4	035e85b3	mul	x11,x29,x21	 x29:0x00000000 x21:0x80041025 x11=0x00000000
     393245.000 ns	     39323	800087d8	c0142253	fcvt.wu.s	x4,f8	  f8:0xfffff92e  x4=0xffffffff
     393285.000 ns	     39327	800087dc	19c6b7d3	fdiv.s	f15,f13,f28	 f13:0x47028b00 f28:0xfffff92e f15=0x7fc00000
     393305.000 ns	     39329	800087e0	9ff8fd93	andi	x27,x17,-1537	 x17:0x00000000 x27=0x00000000
     393325.000 ns	     39331	800087e4	03a287b3	mul	x15,x5,x26	  x5:0x80041024 x26:0x00000000 x15=0x00000000
     393345.000 ns	     39333	800087e8	24db88b7	lui	x17,0x24db8	 x17=0x24db8000
     393365.000 ns	     39335	800087ec	03b786b3	mul	x13,x15,x27	 x15:0x00000000 x27:0x00000000 x13=0x00000000
     393385.000 ns	     39337	800087f0	008216b3	sll	x13,x4,x8	  x4:0xffffffff  x8:0x00000000 x13=0xffffffff
     393395.000 ns	     39338	800087f4	ee981c37	lui	x24,0xee981	 x24=0xee981000
     393415.000 ns	     39340	800087f8	287a8453	fmin.s	f8,f21,f7	 f21:0x00000000  f7:0x80000000  f8=0x80000000
     393445.000 ns	     39343	800087fc	027a6fb3	rem	x31,x20,x7	 x20:0xba304000  x7:0x00000000 x31=0xba304000
     393465.000 ns	     39345	80008800	00757fb3	and	x31,x10,x7	 x10:0x00000000  x7:0x00000000 x31=0x00000000
     393475.000 ns	     39346	80008804	67a80d13	addi	x26,x16,1658	 x16:0x00000002 x26=0x0000067c
     393485.000 ns	     39347	80008808	087b7c13	andi	x24,x22,135	 x22:0xfffff857 x24=0x00000007
     393505.000 ns	     39349	8000880c	03d9e2b3	rem	x5,x19,x29	 x19:0x00000712 x29:0x00000000  x5=0x00000712
     393545.000 ns	     39353	80008810	104d7ed3	fmul.s	f29,f26,f4	 f26:0x00000000  f4:0x80000000 f29=0x80000000
     393585.000 ns	     39357	80008814	5800f0d3	fsqrt.s	f1,f1	  f1:0xbf800000  f1=0x7fc00000
     393615.000 ns	     39360	80008818	c01075d3	fcvt.wu.s	x11,f0	  f0:0xcefff7df x11=0x7ffbef80
     393635.000 ns	     39362	8000881c	9b42e7b7	lui	x15,0x9b42e	 x15=0x9b42e000
     393645.000 ns	     39363	80008820	0c68c513	xori	x10,x17,198	 x17:0x24db8000 x10=0x24db80c6
     393675.000 ns	     39366	80008824	58033f53	fsqrt.s	f30,f6	  f6:0x00000000 f30=0x00000000
     393695.000 ns	     39368	80008828	5fe3a113	slti	x2,x7,1534	  x7:0x00000000  x2=0x00000001
     393705.000 ns	     39369	8000882c	0095dd13	srli	x26,x11,0x9	 x11:0x7ffbef80 x26=0x003ffdf7
     393715.000 ns	     39370	80008830	014882b3	add	x5,x17,x20	 x17:0x24db8000 x20:0xba304000  x5=0xdf0bc000
     393725.000 ns	     39371	80008834	41445033	sra	x0,x8,x20	  x8:0x00000000 x20:0xba304000
     393745.000 ns	     39373	80008838	d01ca153	fcvt.s.wu	f2,x25	 x25:0x4fcc17d0  f2=0x4e9f9830
     394115.000 ns	     39410	8000883c	0241ceb3	div	x29,x3,x4	  x3:0x00000000  x4:0xffffffff x29=0x00000000
     394135.000 ns	     39412	80008840	00986e33	or	x28,x16,x9	 x16:0x00000002  x9:0x84f71001 x28=0x84f71003
     394165.000 ns	     39415	80008844	108004d3	fmul.s	f9,f0,f8	  f0:0xcefff7df  f8:0x80000000  f9=0x00000000
     394205.000 ns	     39419	80008848	187074d3	fdiv.s	f9,f0,f7	  f0:0xcefff7df  f7:0x80000000  f9=0x7f800000
     394225.000 ns	     39421	8000884c	9c8a8493	addi	x9,x21,-1592	 x21:0x80041025  x9=0x800409ed
     394235.000 ns	     39422	80008850	00577cb3	and	x25,x14,x5	 x14:0x80041024  x5:0xdf0bc000 x25=0x80000000
     394595.000 ns	     39458	80008854	03177cb3	remu	x25,x14,x17	 x14:0x80041024 x17:0x24db8000 x25=0x11719024
     394625.000 ns	     39461	80008858	e0099453	fclass.s	x8,f19	 f19:0x7fc00000  x8=0x00000200
     394655.000 ns	     39464	8000885c	e0049653	fclass.s	x12,f9	  f9:0x7f800000 x12=0x00000080
     394685.000 ns	     39467	80008860	03679533	mulh	x10,x15,x22	 x15:0x9b42e000 x22:0xfffff857 x10=0x00000303
     394715.000 ns	     39470	80008864	d0027dd3	fcvt.s.w	f27,x4	  x4:0xffffffff f27=0xbf800000
     394735.000 ns	     39472	80008868	72d9ef93	ori	x31,x19,1837	 x19:0x00000712 x31=0x0000073f
     394755.000 ns	     39474	8000886c	f00c0c53	fmv.w.x	f24,x24	 x24:0x00000007 f24=0x00000007
     395125.000 ns	     39511	80008870	02e76c33	rem	x24,x14,x14	 x14:0x80041024 x14:0x80041024 x24=0x00000000
     395155.000 ns	     39514	80008874	034530b3	mulhu	x1,x10,x20	 x10:0x00000303 x20:0xba304000  x1=0x00000230
     395185.000 ns	     39517	80008878	a1282ad3	feq.s	x21,f16,f18	 f16:0x5e80081e f18:0x00000001 x21=0x00000000
     395205.000 ns	     39519	8000887c	00d468b3	or	x17,x8,x13	  x8:0x00000200 x13:0xffffffff x17=0xffffffff
     395215.000 ns	     39520	80008880	0196fb33	and	x22,x13,x25	 x13:0xffffffff x25:0x11719024 x22=0x11719024
     395225.000 ns	     39521	80008884	00b56333	or	x6,x10,x11	 x10:0x00000303 x11:0x7ffbef80  x6=0x7ffbef83
     395235.000 ns	     39522	80008888	002729b3	slt	x19,x14,x2	 x14:0x80041024  x2:0x00000001 x19=0x00000001
     395595.000 ns	     39558	8000888c	03487e33	remu	x28,x16,x20	 x16:0x00000002 x20:0xba304000 x28=0x00000002
     395625.000 ns	     39561	80008890	214f1153	fsgnjn.s	f2,f30,f20	 f30:0x00000000 f20:0x7fc00000  f2=0x80000000
     395655.000 ns	     39564	80008894	212987d3	fsgnj.s	f15,f19,f18	 f19:0x7fc00000 f18:0x00000001 f15=0x7fc00000
     395675.000 ns	     39566	80008898	c2758b13	addi	x22,x11,-985	 x11:0x7ffbef80 x22=0x7ffbeba7
     395685.000 ns	     39567	8000889c	24560993	addi	x19,x12,581	 x12:0x00000080 x19=0x000002c5
     395695.000 ns	     39568	800088a0	0175b3b3	sltu	x7,x11,x23	 x11:0x7ffbef80 x23:0x00000000  x7=0x00000000
     395705.000 ns	     39569	800088a4	00551f93	slli	x31,x10,0x5	 x10:0x00000303 x31=0x00006060
     395745.000 ns	     39573	800088a8	098afd53	fsub.s	f26,f21,f24	 f21:0x00000000 f24:0x00000007 f26=0x80000007
     395775.000 ns	     39576	800088ac	031b93b3	mulh	x7,x23,x17	 x23:0x00000000 x17:0xffffffff  x7=0x00000000
     395805.000 ns	     39579	800088b0	203e8153	fsgnj.s	f2,f29,f3	 f29:0x80000000  f3:0x00040fe4  f2=0x00000000
     395825.000 ns	     39581	800088b4	01f5f333	and	x6,x11,x31	 x11:0x7ffbef80 x31:0x00006060  x6=0x00006000
     395835.000 ns	     39582	800088b8	00b59a13	slli	x20,x11,0xb	 x11:0x7ffbef80 x20=0xdf7c0000
     395855.000 ns	     39584	800088bc	034bb7b3	mulhu	x15,x23,x20	 x23:0x00000000 x20:0xba304000 x15=0x00000000
     395875.000 ns	     39586	800088c0	24cdcc97	auipc	x25,0x24cdc	 x25=0xa4ce48c0
     395895.000 ns	     39588	800088c4	d016a3d3	fcvt.s.wu	f7,x13	 x13:0xffffffff  f7=0x4f800000
     395925.000 ns	     39591	800088c8	03c59cb3	mulh	x25,x11,x28	 x11:0x7ffbef80 x28:0x00000002 x25=0x00000000
     395945.000 ns	     39593	800088cc	00461533	sll	x10,x12,x4	 x12:0x00000080  x4:0xffffffff x10=0x00000000
     395965.000 ns	     39595	800088d0	28260953	fmin.s	f18,f12,f2	 f12:0x7fc00000  f2:0x00000000 f18=0x00000000
     396005.000 ns	     39599	800088d4	18f0fbd3	fdiv.s	f23,f1,f15	  f1:0x7fc00000 f15:0x7fc00000 f23=0x7fc00000
     396375.000 ns	     39636	800088d8	02d9fbb3	remu	x23,x19,x13	 x19:0x000002c5 x13:0xffffffff x23=0x000002c5
     396405.000 ns	     39639	800088dc	f0030e53	fmv.w.x	f28,x6	  x6:0x00006000 f28=0x00006000
     396425.000 ns	     39641	800088e0	bd676293	ori	x5,x14,-1066	 x14:0x80041024  x5=0xfffffbf6
     396435.000 ns	     39642	800088e4	e234b0b7	lui	x1,0xe234b	  x1=0xe234b000
     396465.000 ns	     39645	800088e8	111772d3	fmul.s	f5,f14,f17	 f14:0x3f800000 f17:0x7fc00000  f5=0x7fc00000
     396495.000 ns	     39648	800088ec	e00e9cd3	fclass.s	x25,f29	 f29:0x80000000 x25=0x00000008
     396525.000 ns	     39651	800088f0	03b10e33	mul	x28,x2,x27	  x2:0x00000001 x27:0x00000000 x28=0x00000000
     396545.000 ns	     39653	800088f4	00000013	addi	x0,x0,0	  x0:0x00000000
     396565.000 ns	     39655	800088f8	d006b5d3	fcvt.s.w	f11,x13	 x13:0xffffffff f11=0xbf800000
     396585.000 ns	     39657	800088fc	030f0293	addi	x5,x30,48	 x30:0x00000000  x5=0x00000030
     396605.000 ns	     39659	80008900	c0010c53	fcvt.w.s	x24,f2	  f2:0x00000000 x24=0x00000000
     396635.000 ns	     39662	80008904	a0b797d3	flt.s	x15,f15,f11	 f15:0x7fc00000 f11:0xbf800000 x15=0x00000000
     396665.000 ns	     39665	80008908	c0092553	fcvt.w.s	x10,f18	 f18:0x00000000 x10=0x00000000
     396695.000 ns	     39668	8000890c	e0040453	fmv.x.w	x8,f8	  f8:0x80000000  x8=0x80000000
     397065.000 ns	     39705	80008910	02eaf033	remu	x0,x21,x14	 x21:0x00000000 x14:0x80041024
     397085.000 ns	     39707	80008914	198a6e93	ori	x29,x20,408	 x20:0xdf7c0000 x29=0xdf7c0198
     397105.000 ns	     39709	80008918	036e3a33	mulhu	x20,x28,x22	 x28:0x00000000 x22:0x7ffbeba7 x20=0x00000000
     397475.000 ns	     39746	8000891c	03fff033	remu	x0,x31,x31	 x31:0x00006060 x31:0x00006060
     397505.000 ns	     39749	80008920	21759053	fsgnjn.s	f0,f11,f23	 f11:0xbf800000 f23:0x7fc00000  f0=0xbf800000
     397525.000 ns	     39751	80008924	016cffb3	and	x31,x25,x22	 x25:0x00000008 x22:0x7ffbeba7 x31=0x00000000
     397885.000 ns	     39787	80008928	0292f633	remu	x12,x5,x9	  x5:0x00000030  x9:0x800409ed x12=0x00000030
     397915.000 ns	     39790	8000892c	033389b3	mul	x19,x7,x19	  x7:0x00000000 x19:0x000002c5 x19=0x00000000
     398285.000 ns	     39827	80008930	037be533	rem	x10,x23,x23	 x23:0x000002c5 x23:0x000002c5 x10=0x00000000
     398315.000 ns	     39830	80008934	c00b0253	fcvt.w.s	x4,f22	 f22:0x80000001  x4=0x00000000
     398345.000 ns	     39833	80008938	027f70b3	remu	x1,x30,x7	 x30:0x00000000  x7:0x00000000  x1=0x00000000
     398365.000 ns	     39835	8000893c	b1074e13	xori	x28,x14,-1264	 x14:0x80041024 x28=0x7ffbeb34
     398375.000 ns	     39836	80008940	006a5e93	srli	x29,x20,0x6	 x20:0x00000000 x29=0x00000000
     398395.000 ns	     39838	80008944	f00303d3	fmv.w.x	f7,x6	  x6:0x00006000  f7=0x00006000
     398425.000 ns	     39841	80008948	c01d8053	fcvt.wu.s	x0,f27	 f27:0xbf800000
     398455.000 ns	     39844	8000894c	02c13233	mulhu	x4,x2,x12	  x2:0x00000001 x12:0x00000030  x4=0x00000000
     398495.000 ns	     39848	80008950	10c8fc53	fmul.s	f24,f17,f12	 f17:0x7fc00000 f12:0x7fc00000 f24=0x7fc00000
     398865.000 ns	     39885	80008954	0264c8b3	div	x17,x9,x6	  x9:0x800409ed  x6:0x00006000 x17=0xfffeaab6
     398885.000 ns	     39887	80008958	00000013	addi	x0,x0,0	  x0:0x00000000
     398905.000 ns	     39889	8000895c	038b3e33	mulhu	x28,x22,x24	 x22:0x7ffbeba7 x24:0x00000000 x28=0x00000000
     398925.000 ns	     39891	80008960	00000013	addi	x0,x0,0	  x0:0x00000000
     398935.000 ns	     39892	80008964	940d2293	slti	x5,x26,-1728	 x26:0x003ffdf7  x5=0x00000000
     398945.000 ns	     39893	80008968	41abd313	srai	x6,x23,0x1a	 x23:0x000002c5  x6=0x00000000
     398955.000 ns	     39894	8000896c	01c533b3	sltu	x7,x10,x28	 x10:0x00000000 x28:0x00000000  x7=0x00000000
     398965.000 ns	     39895	80008970	0099d013	srli	x0,x19,0x9	 x19:0x00000000
     398975.000 ns	     39896	80008974	017153b3	srl	x7,x2,x23	  x2:0x00000001 x23:0x000002c5  x7=0x00000000
     399005.000 ns	     39899	80008978	5802f5d3	fsqrt.s	f11,f5	  f5:0x7fc00000 f11=0x7fc00000
     399035.000 ns	     39902	8000897c	29d80ed3	fmin.s	f29,f16,f29	 f16:0x5e80081e f29:0x80000000 f29=0x80000000
     399065.000 ns	     39905	80008980	c01b4253	fcvt.wu.s	x4,f22	 f22:0x80000001  x4=0x00000000
     399085.000 ns	     39907	80008984	4d132b13	slti	x22,x6,1233	  x6:0x00000000 x22=0x00000001
     399415.000 ns	     39940	80008988	180073d3	fdiv.s	f7,f0,f0	  f0:0xbf800000  f0:0xbf800000  f7=0x3f045ede
     399445.000 ns	     39943	8000898c	28628dd3	fmin.s	f27,f5,f6	  f5:0x7fc00000  f6:0x00000000 f27=0x00000000
     399475.000 ns	     39946	80008990	293e8153	fmin.s	f2,f29,f19	 f29:0x80000000 f19:0x7fc00000  f2=0x80000000
     399505.000 ns	     39949	80008994	2199a053	fsgnjx.s	f0,f19,f25	 f19:0x7fc00000 f25:0x7fc00000  f0=0x7fc00000
     399525.000 ns	     39951	80008998	411e5d13	srai	x26,x28,0x11	 x28:0x00000000 x26=0x00000000
     399545.000 ns	     39953	8000899c	c005fad3	fcvt.w.s	x21,f11	 f11:0x7fc00000 x21=0x7fffffff
     399575.000 ns	     39956	800089a0	20d323d3	fsgnjx.s	f7,f6,f13	  f6:0x00000000 f13:0x47028b00  f7=0x00000000
     399595.000 ns	     39958	800089a4	018708b3	add	x17,x14,x24	 x14:0x80041024 x24:0x00000000 x17=0x80041024
     399615.000 ns	     39960	800089a8	c00aadd3	fcvt.w.s	x27,f21	 f21:0x00000000 x27=0x00000000
     399645.000 ns	     39963	800089ac	e00483d3	fmv.x.w	x7,f9	  f9:0x7f800000  x7=0x7f800000
     399685.000 ns	     39967	800089b0	19649f53	fdiv.s	f30,f9,f22	  f9:0x7f800000 f22:0x80000001 f30=0xff800000
     399715.000 ns	     39970	800089b4	024019b3	mulh	x19,x0,x4	  x0:0x00000000  x4:0x00000000 x19=0x00000000
     399735.000 ns	     39972	800089b8	5dd07897	auipc	x17,0x5dd07	 x17=0xddd0f9b8
     399745.000 ns	     39973	800089bc	41410a33	sub	x20,x2,x20	  x2:0x00000001 x20:0x00000000 x20=0x00000001
     399755.000 ns	     39974	800089c0	01bf5133	srl	x2,x30,x27	 x30:0x00000000 x27:0x00000000  x2=0x00000000
     399795.000 ns	     39978	800089c4	092c7653	fsub.s	f12,f24,f18	 f24:0x7fc00000 f18:0x00000000 f12=0x7fc00000
     399815.000 ns	     39980	800089c8	4118d593	srai	x11,x17,0x11	 x17:0xddd0f9b8 x11=0xffffeee8
     399825.000 ns	     39981	800089cc	a4708f13	addi	x30,x1,-1465	  x1:0x00000000 x30=0xfffffa47
     400995.000 ns	     40098	800089d0	580e0c53	fsqrt.s	f24,f28	 f28:0x00006000 f24=0x1f358c44
     401015.000 ns	     40100	800089d4	006de633	or	x12,x27,x6	 x27:0x00000000  x6:0x00000000 x12=0x00000000
     401035.000 ns	     40102	800089d8	29241553	fmax.s	f10,f8,f18	  f8:0x80000000 f18:0x00000000 f10=0x00000000
     401065.000 ns	     40105	800089dc	211a1453	fsgnjn.s	f8,f20,f17	 f20:0x7fc00000 f17:0x7fc00000  f8=0xffc00000
     401095.000 ns	     40108	800089e0	03342eb3	mulhsu	x29,x8,x19	  x8:0x80000000 x19:0x00000000 x29=0x00000000
     401125.000 ns	     40111	800089e4	a10d2b53	feq.s	x22,f26,f16	 f26:0x80000007 f16:0x5e80081e x22=0x00000000
     401145.000 ns	     40113	800089e8	0178c333	xor	x6,x17,x23	 x17:0xddd0f9b8 x23:0x000002c5  x6=0xddd0fb7d
     401155.000 ns	     40114	800089ec	a5fa2e13	slti	x28,x20,-1441	 x20:0x00000001 x28=0x00000000
     401165.000 ns	     40115	800089f0	33b08213	addi	x4,x1,827	  x1:0x00000000  x4=0x0000033b
     401175.000 ns	     40116	800089f4	8bc16e13	ori	x28,x2,-1860	  x2:0x00000000 x28=0xfffff8bc
     401195.000 ns	     40118	800089f8	c01e71d3	fcvt.wu.s	x3,f28	 f28:0x00006000  x3=0x00000000
     401225.000 ns	     40121	800089fc	29319e53	fmax.s	f28,f3,f19	  f3:0x00040fe4 f19:0x7fc00000 f28=0x00040fe4
     401255.000 ns	     40124	80008a00	a03013d3	flt.s	x7,f0,f3	  f0:0x7fc00000  f3:0x00040fe4  x7=0x00000000
     401285.000 ns	     40127	80008a04	29f996d3	fmax.s	f13,f19,f31	 f19:0x7fc00000 f31:0x7fc00000 f13=0x7fc00000
     401305.000 ns	     40129	80008a08	003626b3	slt	x13,x12,x3	 x12:0x00000000  x3:0x00000000 x13=0x00000000
     401325.000 ns	     40131	80008a0c	d00545d3	fcvt.s.w	f11,x10	 x10:0x00000000 f11=0x00000000
     401345.000 ns	     40133	80008a10	01191693	slli	x13,x18,0x11	 x18:0x80040fe4 x13=0x1fc80000
     401365.000 ns	     40135	80008a14	a1c02ad3	feq.s	x21,f0,f28	  f0:0x7fc00000 f28:0x00040fe4 x21=0x00000000
     401395.000 ns	     40138	80008a18	e00b86d3	fmv.x.w	x13,f23	 f23:0x7fc00000 x13=0x7fc00000
     402575.000 ns	     40256	80008a1c	580e3ed3	fsqrt.s	f29,f28	 f28:0x00040fe4 f29=0x1f3ac312
     402605.000 ns	     40259	80008a20	a1ba9ed3	flt.s	x29,f21,f27	 f21:0x00000000 f27:0x00000000 x29=0x00000000
     402635.000 ns	     40262	80008a24	d0088b53	fcvt.s.w	f22,x17	 x17:0xddd0f9b8 f22=0xce08bc19
     402655.000 ns	     40264	80008a28	41695f33	sra	x30,x18,x22	 x18:0x80040fe4 x22:0x00000000 x30=0x80040fe4
     402675.000 ns	     40266	80008a2c	281b1b53	fmax.s	f22,f22,f1	 f22:0xce08bc19  f1:0x7fc00000 f22=0xce08bc19
     402695.000 ns	     40268	80008a30	00031a33	sll	x20,x6,x0	  x6:0xddd0fb7d  x0:0x00000000 x20=0xddd0fb7d
     403055.000 ns	     40304	80008a34	0326c6b3	div	x13,x13,x18	 x13:0x7fc00000 x18:0x80040fe4 x13=0x00000000
     403075.000 ns	     40306	80008a38	00cc1033	sll	x0,x24,x12	 x24:0x00000000 x12:0x00000000
     403085.000 ns	     40307	80008a3c	7e7af893	andi	x17,x21,2023	 x21:0x00000000 x17=0x00000000
     403095.000 ns	     40308	80008a40	0050f233	and	x4,x1,x5	  x1:0x00000000  x5:0x00000000  x4=0x00000000
     403135.000 ns	     40312	80008a44	08c294d3	fsub.s	f9,f5,f12	  f5:0x7fc00000 f12:0x7fc00000  f9=0x7fc00000
     403165.000 ns	     40315	80008a48	29f092d3	fmax.s	f5,f1,f31	  f1:0x7fc00000 f31:0x7fc00000  f5=0x7fc00000
     403185.000 ns	     40317	80008a4c	00f87f33	and	x30,x16,x15	 x16:0x00000002 x15:0x00000000 x30=0x00000000
     403205.000 ns	     40319	80008a50	a1639353	flt.s	x6,f7,f22	  f7:0x00000000 f22:0xce08bc19  x6=0x00000000
     403235.000 ns	     40322	80008a54	d01f2ed3	fcvt.s.wu	f29,x30	 x30:0x80040fe4 f29=0x00000000
     403265.000 ns	     40325	80008a58	200d01d3	fsgnj.s	f3,f26,f0	 f26:0x80000007  f0:0x7fc00000  f3=0x00000007
     403295.000 ns	     40328	80008a5c	215996d3	fsgnjn.s	f13,f19,f21	 f19:0x7fc00000 f21:0x00000000 f13=0xffc00000
     403315.000 ns	     40330	80008a60	002a58b3	srl	x17,x20,x2	 x20:0xddd0fb7d  x2:0x00000000 x17=0xddd0fb7d
     403325.000 ns	     40331	80008a64	b1f18593	addi	x11,x3,-1249	  x3:0x00000000 x11=0xfffffb1f
     403345.000 ns	     40333	80008a68	a03b89d3	fle.s	x19,f23,f3	 f23:0x7fc00000  f3:0x00000007 x19=0x00000000
     403375.000 ns	     40336	80008a6c	21ffa253	fsgnjx.s	f4,f31,f31	 f31:0x7fc00000 f31:0x7fc00000  f4=0x7fc00000
     403395.000 ns	     40338	80008a70	01dd21b3	slt	x3,x26,x29	 x26:0x00000000 x29:0x00000000  x3=0x00000000
     403405.000 ns	     40339	80008a74	00085a93	srli	x21,x16,0x0	 x16:0x00000002 x21=0x00000002
     403445.000 ns	     40343	80008a78	09e62c53	fsub.s	f24,f12,f30	 f12:0x7fc00000 f30:0xff800000 f24=0x7fc00000
     403475.000 ns	     40346	80008a7c	218fa453	fsgnjx.s	f8,f31,f24	 f31:0x7fc00000 f24:0x1f358c44  f8=0x7fc00000
     403505.000 ns	     40349	80008a80	c010f9d3	fcvt.wu.s	x19,f1	  f1:0x7fc00000 x19=0xffffffff
     403525.000 ns	     40351	80008a84	3416bc37	lui	x24,0x3416b	 x24=0x3416b000
     403535.000 ns	     40352	80008a88	00f7fbb3	and	x23,x15,x15	 x15:0x00000000 x15:0x00000000 x23=0x00000000
     403555.000 ns	     40354	80008a8c	031a90b3	mulh	x1,x21,x17	 x21:0x00000002 x17:0xddd0fb7d  x1=0xffffffff
     403575.000 ns	     40356	80008a90	30e41b17	auipc	x22,0x30e41	 x22=0xb0e49a90
     403585.000 ns	     40357	80008a94	01b75093	srli	x1,x14,0x1b	 x14:0x80041024  x1=0x00000010
     403605.000 ns	     40359	80008a98	a0740ad3	fle.s	x21,f8,f7	  f8:0x7fc00000  f7:0x00000000 x21=0x00000000
     403635.000 ns	     40362	80008a9c	216e0153	fsgnj.s	f2,f28,f22	 f28:0x00040fe4 f22:0xce08bc19  f2=0x80040fe4
     403665.000 ns	     40365	80008aa0	28e11ad3	fmax.s	f21,f2,f14	  f2:0x80000000 f14:0x3f800000 f21=0x3f800000
     403705.000 ns	     40369	80008aa4	181e28d3	fdiv.s	f17,f28,f1	 f28:0x00040fe4  f1:0x7fc00000 f17=0x7fc00000
     403725.000 ns	     40371	80008aa8	01d2b233	sltu	x4,x5,x29	  x5:0x00000000 x29:0x00000000  x4=0x00000000
     403735.000 ns	     40372	80008aac	00b93f33	sltu	x30,x18,x11	 x18:0x80040fe4 x11:0xfffffb1f x30=0x00000001
     403745.000 ns	     40373	80008ab0	359fe993	ori	x19,x31,857	 x31:0x00000000 x19=0x00000359
     403775.000 ns	     40376	80008ab4	11d636d3	fmul.s	f13,f12,f29	 f12:0x7fc00000 f29:0x00000000 f13=0x7fc00000
     403795.000 ns	     40378	80008ab8	40e052b3	sra	x5,x0,x14	  x0:0x00000000 x14:0x80041024  x5=0x00000000
     403825.000 ns	     40381	80008abc	1046ffd3	fmul.s	f31,f13,f4	 f13:0x7fc00000  f4:0x7fc00000 f31=0x7fc00000
     403845.000 ns	     40383	80008ac0	01585a33	srl	x20,x16,x21	 x16:0x00000002 x21:0x00000000 x20=0x00000002
     403855.000 ns	     40384	80008ac4	01647a33	and	x20,x8,x22	  x8:0x80000000 x22:0xb0e49a90 x20=0x80000000
     403865.000 ns	     40385	80008ac8	01dec8b3	xor	x17,x29,x29	 x29:0x00000000 x29:0x00000000 x17=0x00000000
     403875.000 ns	     40386	80008acc	01b71bb3	sll	x23,x14,x27	 x14:0x80041024 x27:0x00000000 x23=0x80041024
     403885.000 ns	     40387	80008ad0	45346d93	ori	x27,x8,1107	  x8:0x80000000 x27=0x80000453
     403905.000 ns	     40389	80008ad4	298414d3	fmax.s	f9,f8,f24	  f8:0x7fc00000 f24:0x7fc00000  f9=0x7fc00000
     403935.000 ns	     40392	80008ad8	212f01d3	fsgnj.s	f3,f30,f18	 f30:0xff800000 f18:0x00000000  f3=0x7f800000
     403955.000 ns	     40394	80008adc	00bc34b3	sltu	x9,x24,x11	 x24:0x3416b000 x11:0xfffffb1f  x9=0x00000001
     403975.000 ns	     40396	80008ae0	e0030d53	fmv.x.w	x26,f6	  f6:0x00000000 x26=0x00000000
     403995.000 ns	     40398	80008ae4	01db5533	srl	x10,x22,x29	 x22:0xb0e49a90 x29:0x00000000 x10=0xb0e49a90
     404005.000 ns	     40399	80008ae8	61c38a93	addi	x21,x7,1564	  x7:0x00000000 x21=0x0000061c
     404035.000 ns	     40402	80008aec	116081d3	fmul.s	f3,f1,f22	  f1:0x7fc00000 f22:0xce08bc19  f3=0x7fc00000
     404055.000 ns	     40404	80008af0	b2126037	lui	x0,0xb2126	
     404065.000 ns	     40405	80008af4	aeeea493	slti	x9,x29,-1298	 x29:0x00000000  x9=0x00000000
     404075.000 ns	     40406	80008af8	e8f65437	lui	x8,0xe8f65	  x8=0xe8f65000
     404085.000 ns	     40407	80008afc	01cf50b3	srl	x1,x30,x28	 x30:0x00000001 x28:0xfffff8bc  x1=0x00000000
     404095.000 ns	     40408	80008b00	01e805b3	add	x11,x16,x30	 x16:0x00000002 x30:0x00000001 x11=0x00000003
     404105.000 ns	     40409	80008b04	81638093	addi	x1,x7,-2026	  x7:0x00000000  x1=0xfffff816
     404135.000 ns	     40412	80008b08	10844dd3	fmul.s	f27,f8,f8	  f8:0x7fc00000  f8:0x7fc00000 f27=0x7fc00000
     404165.000 ns	     40415	80008b0c	e00411d3	fclass.s	x3,f8	  f8:0x7fc00000  x3=0x00000200
     404185.000 ns	     40417	80008b10	01575d13	srli	x26,x14,0x15	 x14:0x80041024 x26=0x00000400
     404205.000 ns	     40419	80008b14	20131453	fsgnjn.s	f8,f6,f1	  f6:0x00000000  f1:0x7fc00000  f8=0x80000000
     404575.000 ns	     40456	80008b18	03ace6b3	rem	x13,x25,x26	 x25:0x00000008 x26:0x00000000 x13=0x00000008
     405755.000 ns	     40574	80008b1c	580e70d3	fsqrt.s	f1,f28	 f28:0x00040fe4  f1=0x1f3ac312
     405785.000 ns	     40577	80008b20	0238b7b3	mulhu	x15,x17,x3	 x17:0x00000000  x3:0x00000200 x15=0x00000000
     405815.000 ns	     40580	80008b24	a1381e53	flt.s	x28,f16,f19	 f16:0x5e80081e f19:0x7fc00000 x28=0x00000000
     405835.000 ns	     40582	80008b28	01d2a1b3	slt	x3,x5,x29	  x5:0x00000000 x29:0x00000000  x3=0x00000000
     405845.000 ns	     40583	80008b2c	019e2133	slt	x2,x28,x25	 x28:0x00000000 x25:0x00000008  x2=0x00000001
     405855.000 ns	     40584	80008b30	12a4cd13	xori	x26,x9,298	  x9:0x00000000 x26=0x0000012a
     405875.000 ns	     40586	80008b34	03ff4633	div	x12,x30,x31	 x30:0x00000001 x31:0x00000000 x12=0xffffffff
     405905.000 ns	     40589	80008b38	c0092dd3	fcvt.w.s	x27,f18	 f18:0x00000000 x27=0x00000000
     405935.000 ns	     40592	80008b3c	c00d7e53	fcvt.w.s	x28,f26	 f26:0x80000007 x28=0x00000000
     405965.000 ns	     40595	80008b40	204926d3	fsgnjx.s	f13,f18,f4	 f18:0x00000000  f4:0x7fc00000 f13=0x00000000
     406005.000 ns	     40599	80008b44	199ebad3	fdiv.s	f21,f29,f25	 f29:0x00000000 f25:0x7fc00000 f21=0x7fc00000
     406375.000 ns	     40636	80008b48	03abc6b3	div	x13,x23,x26	 x23:0x80041024 x26:0x0000012a x13=0xff920dcd
     406395.000 ns	     40638	80008b4c	00e5f3b3	and	x7,x11,x14	 x11:0x00000003 x14:0x80041024  x7=0x00000000
     406415.000 ns	     40640	80008b50	c01bfa53	fcvt.wu.s	x20,f23	 f23:0x7fc00000 x20=0xffffffff
     406445.000 ns	     40643	80008b54	28aa02d3	fmin.s	f5,f20,f10	 f20:0x7fc00000 f10:0x00000000  f5=0x00000000
     406475.000 ns	     40646	80008b58	d0177a53	fcvt.s.wu	f20,x14	 x14:0x80041024 f20=0x4f000410
     406505.000 ns	     40649	80008b5c	f00d09d3	fmv.w.x	f19,x26	 x26:0x0000012a f19=0x0000012a
     406545.000 ns	     40653	80008b60	580e9ed3	fsqrt.s	f29,f29	 f29:0x00000000 f29=0x00000000
     406565.000 ns	     40655	80008b64	41ea09b3	sub	x19,x20,x30	 x20:0xffffffff x30:0x00000001 x19=0xfffffffe
     406585.000 ns	     40657	80008b68	02727ab3	remu	x21,x4,x7	  x4:0x00000000  x7:0x00000000 x21=0x00000000
     406635.000 ns	     40662	80008b6c	00eec953	fadd.s	f18,f29,f14	 f29:0x00000000 f14:0x3f800000 f18=0x3f800000
     406655.000 ns	     40664	80008b70	0141ccb3	xor	x25,x3,x20	  x3:0x00000000 x20:0xffffffff x25=0xffffffff
     406665.000 ns	     40665	80008b74	00cdfb33	and	x22,x27,x12	 x27:0x00000000 x12:0xffffffff x22=0x00000000
     406705.000 ns	     40669	80008b78	01cef753	fadd.s	f14,f29,f28	 f29:0x00000000 f28:0x00040fe4 f14=0x00040fe4
     406725.000 ns	     40671	80008b7c	ee10fd13	andi	x26,x1,-287	  x1:0xfffff816 x26=0xfffff800
     407085.000 ns	     40707	80008b80	02eef2b3	remu	x5,x29,x14	 x29:0x00000000 x14:0x80041024  x5=0x00000000
     407135.000 ns	     40712	80008b84	08ce1f53	fsub.s	f30,f28,f12	 f28:0x00040fe4 f12:0x7fc00000 f30=0x7fc00000
     407155.000 ns	     40714	80008b88	00abe1b3	or	x3,x23,x10	 x23:0x80041024 x10:0xb0e49a90  x3=0xb0e49ab4
     407175.000 ns	     40716	80008b8c	21441453	fsgnjn.s	f8,f8,f20	  f8:0x80000000 f20:0x4f000410  f8=0x80000000
     407195.000 ns	     40718	80008b90	4b36e993	ori	x19,x13,1203	 x13:0xff920dcd x19=0xff920dff
     407215.000 ns	     40720	80008b94	025bd633	divu	x12,x23,x5	 x23:0x80041024  x5:0x00000000 x12=0xffffffff
     407245.000 ns	     40723	80008b98	02e681b3	mul	x3,x13,x14	 x13:0xff920dcd x14:0x80041024  x3=0xc89ac0d4
     407275.000 ns	     40726	80008b9c	d0021cd3	fcvt.s.w	f25,x4	  x4:0x00000000 f25=0x00000000
     407305.000 ns	     40729	80008ba0	f00181d3	fmv.w.x	f3,x3	  x3:0xc89ac0d4  f3=0xc89ac0d4
     407335.000 ns	     40732	80008ba4	a0db1e53	flt.s	x28,f22,f13	 f22:0xce08bc19 f13:0x00000000 x28=0x00000001
     407355.000 ns	     40734	80008ba8	40f15c13	srai	x24,x2,0xf	  x2:0x00000001 x24=0x00000000
     407375.000 ns	     40736	80008bac	03859e33	mulh	x28,x11,x24	 x11:0x00000003 x24:0x3416b000 x28=0x00000000
     407405.000 ns	     40739	80008bb0	031d13b3	mulh	x7,x26,x17	 x26:0xfffff800 x17:0x00000000  x7=0x00000000
     407435.000 ns	     40742	80008bb4	0238a533	mulhsu	x10,x17,x3	 x17:0x00000000  x3:0xc89ac0d4 x10=0x00000000
     407455.000 ns	     40744	80008bb8	00919c93	slli	x25,x3,0x9	  x3:0xc89ac0d4 x25=0x3581a800
     407475.000 ns	     40746	80008bbc	d01b0e53	fcvt.s.wu	f28,x22	 x22:0x00000000 f28=0x00000000
     407495.000 ns	     40748	80008bc0	016b96b3	sll	x13,x23,x22	 x23:0x80041024 x22:0x00000000 x13=0x80041024
     407515.000 ns	     40750	80008bc4	e00d80d3	fmv.x.w	x1,f27	 f27:0x7fc00000  x1=0x7fc00000
     407545.000 ns	     40753	80008bc8	21b62b53	fsgnjx.s	f22,f12,f27	 f12:0x7fc00000 f27:0x7fc00000 f22=0x7fc00000
     407565.000 ns	     40755	80008bcc	41e15cb3	sra	x25,x2,x30	  x2:0x00000001 x30:0x00000001 x25=0x00000000
     407575.000 ns	     40756	80008bd0	ff070193	addi	x3,x14,-16	 x14:0x80041024  x3=0x80041014
     407935.000 ns	     40792	80008bd4	03e371b3	remu	x3,x6,x30	  x6:0x00000000 x30:0x00000001  x3=0x00000000
     408305.000 ns	     40829	80008bd8	02e2c7b3	div	x15,x5,x14	  x5:0x00000000 x14:0x80041024 x15=0x00000000
     408335.000 ns	     40832	80008bdc	03915433	divu	x8,x2,x25	  x2:0x00000001 x25:0x00000000  x8=0xffffffff
     408385.000 ns	     40837	80008be0	08c823d3	fsub.s	f7,f16,f12	 f16:0x5e80081e f12:0x7fc00000  f7=0x7fc00000
     408415.000 ns	     40840	80008be4	02700e33	mul	x28,x0,x7	  x0:0x00000000  x7:0x00000000 x28=0x00000000
     408435.000 ns	     40842	80008be8	01bba333	slt	x6,x23,x27	 x23:0x80041024 x27:0x00000000  x6=0x00000001
     408455.000 ns	     40844	80008bec	c0064453	fcvt.w.s	x8,f12	 f12:0x7fc00000  x8=0x7fffffff
     408485.000 ns	     40847	80008bf0	d01ef5d3	fcvt.s.wu	f11,x29	 x29:0x00000000 f11=0x00000000
     408505.000 ns	     40849	80008bf4	f26cad17	auipc	x26,0xf26ca	 x26=0x726d2bf4
     408525.000 ns	     40851	80008bf8	29c280d3	fmin.s	f1,f5,f28	  f5:0x00000000 f28:0x00000000  f1=0x00000000
     408895.000 ns	     40888	80008bfc	032ec3b3	div	x7,x29,x18	 x29:0x00000000 x18:0x80040fe4  x7=0x00000000
     408915.000 ns	     40890	80008c00	d2c30013	addi	x0,x6,-724	  x6:0x00000001
     408925.000 ns	     40891	80008c04	01eb57b3	srl	x15,x22,x30	 x22:0x00000000 x30:0x00000001 x15=0x00000000
     408945.000 ns	     40893	80008c08	28c591d3	fmax.s	f3,f11,f12	 f11:0x00000000 f12:0x7fc00000  f3=0x00000000
     408965.000 ns	     40895	80008c0c	15522293	slti	x5,x4,341	  x4:0x00000000  x5=0x00000001
     408975.000 ns	     40896	80008c10	00000013	addi	x0,x0,0	  x0:0x00000000
     408995.000 ns	     40898	80008c14	02a8c8b3	div	x17,x17,x10	 x17:0x00000000 x10:0x00000000 x17=0xffffffff
     409035.000 ns	     40902	80008c18	5806fcd3	fsqrt.s	f25,f13	 f13:0x00000000 f25=0x00000000
     409065.000 ns	     40905	80008c1c	20948253	fsgnj.s	f4,f9,f9	  f9:0x7fc00000  f9:0x7fc00000  f4=0x7fc00000
     409095.000 ns	     40908	80008c20	0336bf33	mulhu	x30,x13,x19	 x13:0x80041024 x19:0xff920dff x30=0x7fcd1564
     409115.000 ns	     40910	80008c24	01da9513	slli	x10,x21,0x1d	 x21:0x00000000 x10=0x00000000
     409155.000 ns	     40914	80008c28	087cc7d3	fsub.s	f15,f25,f7	 f25:0x00000000  f7:0x7fc00000 f15=0x7fc00000
     409185.000 ns	     40917	80008c2c	a14308d3	fle.s	x17,f6,f20	  f6:0x00000000 f20:0x4f000410 x17=0x00000001
     409205.000 ns	     40919	80008c30	00102db3	slt	x27,x0,x1	  x0:0x00000000  x1:0x7fc00000 x27=0x00000001
     409235.000 ns	     40922	80008c34	19e29053	fdiv.s	f0,f5,f30	  f5:0x00000000 f30:0x7fc00000  f0=0x7fc00000
     409255.000 ns	     40924	80008c38	011e6c33	or	x24,x28,x17	 x28:0x00000000 x17:0x00000001 x24=0x00000001
     409265.000 ns	     40925	80008c3c	01174fb3	xor	x31,x14,x17	 x14:0x80041024 x17:0x00000001 x31=0x80041025
     409285.000 ns	     40927	80008c40	a1dd9553	flt.s	x10,f27,f29	 f27:0x7fc00000 f29:0x00000000 x10=0x00000000
     409315.000 ns	     40930	80008c44	e00b97d3	fclass.s	x15,f23	 f23:0x7fc00000 x15=0x00000200
     409685.000 ns	     40967	80008c48	022457b3	divu	x15,x8,x2	  x8:0x7fffffff  x2:0x00000001 x15=0x7fffffff
     409705.000 ns	     40969	80008c4c	40ee5333	sra	x6,x28,x14	 x28:0x00000000 x14:0x80041024  x6=0x00000000
     409725.000 ns	     40971	80008c50	d01f7053	fcvt.s.wu	f0,x30	 x30:0x7fcd1564  f0=0x4eff9a2a
     409745.000 ns	     40973	80008c54	40845cb3	sra	x25,x8,x8	  x8:0x7fffffff  x8:0x7fffffff x25=0x00000000
     409755.000 ns	     40974	80008c58	00000013	addi	x0,x0,0	  x0:0x00000000
     410115.000 ns	     41010	80008c5c	037de9b3	rem	x19,x27,x23	 x27:0x00000001 x23:0x80041024 x19=0x00000001
     410135.000 ns	     41012	80008c60	00000013	addi	x0,x0,0	  x0:0x00000000
     410165.000 ns	     41015	80008c64	10d1f7d3	fmul.s	f15,f3,f13	  f3:0x00000000 f13:0x00000000 f15=0x00000000
     410195.000 ns	     41018	80008c68	c0117d53	fcvt.wu.s	x26,f2	  f2:0x80040fe4 x26=0x00000000
     410225.000 ns	     41021	80008c6c	03584ab3	div	x21,x16,x21	 x16:0x00000002 x21:0x00000000 x21=0xffffffff
     410275.000 ns	     41026	80008c70	081ff0d3	fsub.s	f1,f31,f1	 f31:0x7fc00000  f1:0x00000000  f1=0x7fc00000
     410645.000 ns	     41063	80008c74	0346e133	rem	x2,x13,x20	 x13:0x80041024 x20:0xffffffff  x2=0x00000000
     410675.000 ns	     41066	80008c78	295087d3	fmin.s	f15,f1,f21	  f1:0x7fc00000 f21:0x7fc00000 f15=0x7fc00000
     410695.000 ns	     41068	80008c7c	4aeb6593	ori	x11,x22,1198	 x22:0x00000000 x11=0x000004ae
     410705.000 ns	     41069	80008c80	018d6b33	or	x22,x26,x24	 x26:0x00000000 x24:0x00000001 x22=0x00000001
     410715.000 ns	     41070	80008c84	0058e333	or	x6,x17,x5	 x17:0x00000001  x5:0x00000001  x6=0x00000001
     410735.000 ns	     41072	80008c88	e00c00d3	fmv.x.w	x1,f24	 f24:0x7fc00000  x1=0x7fc00000
     410755.000 ns	     41074	80008c8c	409f5eb3	sra	x29,x30,x9	 x30:0x7fcd1564  x9:0x00000000 x29=0x7fcd1564
     410785.000 ns	     41077	80008c90	18ac78d3	fdiv.s	f17,f24,f10	 f24:0x7fc00000 f10:0x00000000 f17=0x7fc00000
     410805.000 ns	     41079	80008c94	011eaf33	slt	x30,x29,x17	 x29:0x00000000 x17:0x00000001 x30=0x00000000
     410815.000 ns	     41080	80008c98	01fb6033	or	x0,x22,x31	 x22:0x00000001 x31:0x80041025
     410835.000 ns	     41082	80008c9c	e00d0ed3	fmv.x.w	x29,f26	 f26:0x80000007 x29=0x80000007
     410875.000 ns	     41086	80008ca0	1156fed3	fmul.s	f29,f13,f21	 f13:0x00000000 f21:0x7fc00000 f29=0x7fc00000
     410895.000 ns	     41088	80008ca4	015c1893	slli	x17,x24,0x15	 x24:0x00000001 x17=0x00200000
     410925.000 ns	     41091	80008ca8	11e51b53	fmul.s	f22,f10,f30	 f10:0x00000000 f30:0x7fc00000 f22=0x7fc00000
     411295.000 ns	     41128	80008cac	02ecd033	divu	x0,x25,x14	 x25:0x00000000 x14:0x80041024
     411325.000 ns	     41131	80008cb0	a117aa53	feq.s	x20,f15,f17	 f15:0x7fc00000 f17:0x7fc00000 x20=0x00000000
     411355.000 ns	     41134	80008cb4	d01334d3	fcvt.s.wu	f9,x6	  x6:0x00000001  f9=0x3f800000
     411375.000 ns	     41136	80008cb8	00000013	addi	x0,x0,0	  x0:0x00000000
     411395.000 ns	     41138	80008cbc	c01c77d3	fcvt.wu.s	x15,f24	 f24:0x7fc00000 x15=0xffffffff
     411425.000 ns	     41141	80008cc0	c009bfd3	fcvt.w.s	x31,f19	 f19:0x0000012a x31=0x00000000
     411455.000 ns	     41144	80008cc4	03945633	divu	x12,x8,x25	  x8:0x7fffffff x25:0x00000000 x12=0xffffffff
     411485.000 ns	     41147	80008cc8	217f2353	fsgnjx.s	f6,f30,f23	 f30:0x7fc00000 f23:0x7fc00000  f6=0x7fc00000
     411505.000 ns	     41149	80008ccc	806d6d13	ori	x26,x26,-2042	 x26:0x00000000 x26=0xfffff806
     411525.000 ns	     41151	80008cd0	d01c19d3	fcvt.s.wu	f19,x24	 x24:0x00000001 f19=0x3f800000
     411555.000 ns	     41154	80008cd4	d0039ad3	fcvt.s.w	f21,x7	  x7:0x00000000 f21=0x00000000
     411585.000 ns	     41157	80008cd8	a1ed0f53	fle.s	x30,f26,f30	 f26:0x80000007 f30:0x7fc00000 x30=0x00000000
     411605.000 ns	     41159	80008cdc	01461793	slli	x15,x12,0x14	 x12:0xffffffff x15=0xfff00000
     411625.000 ns	     41161	80008ce0	022423b3	mulhsu	x7,x8,x2	  x8:0x7fffffff  x2:0x00000000  x7=0x00000000
     411645.000 ns	     41163	80008ce4	014b86b3	add	x13,x23,x20	 x23:0x80041024 x20:0x00000000 x13=0x80041024
     411675.000 ns	     41166	80008ce8	10ba2453	fmul.s	f8,f20,f11	 f20:0x4f000410 f11:0x00000000  f8=0x00000000
     411705.000 ns	     41169	80008cec	280297d3	fmax.s	f15,f5,f0	  f5:0x00000000  f0:0x4eff9a2a f15=0x4eff9a2a
     411725.000 ns	     41171	80008cf0	10f9dbb7	lui	x23,0x10f9d	 x23=0x10f9d000
     411735.000 ns	     41172	80008cf4	41db8533	sub	x10,x23,x29	 x23:0x80041024 x29:0x80000007 x10=0x90f9cff9
     411745.000 ns	     41173	80008cf8	0057ae33	slt	x28,x15,x5	 x15:0xfff00000  x5:0x00000001 x28=0x00000001
     411775.000 ns	     41176	80008cfc	580cb5d3	fsqrt.s	f11,f25	 f25:0x00000000 f11=0x00000000
     411795.000 ns	     41178	80008d00	019e9d33	sll	x26,x29,x25	 x29:0x80000007 x25:0x00000000 x26=0x80000007
     411815.000 ns	     41180	80008d04	a0eeae53	feq.s	x28,f29,f14	 f29:0x7fc00000 f14:0x00040fe4 x28=0x00000000
     411835.000 ns	     41182	80008d08	01141993	slli	x19,x8,0x11	  x8:0x7fffffff x19=0xfffe0000
     411865.000 ns	     41185	80008d0c	1992f053	fdiv.s	f0,f5,f25	  f5:0x00000000 f25:0x00000000  f0=0x7fc00000
     412235.000 ns	     41222	80008d10	02c7eb33	rem	x22,x15,x12	 x15:0xfff00000 x12:0xffffffff x22=0x00000000
     412255.000 ns	     41224	80008d14	0180f3b3	and	x7,x1,x24	  x1:0x7fc00000 x24:0x00000001  x7=0x00000000
     412265.000 ns	     41225	80008d18	00a29193	slli	x3,x5,0xa	  x5:0x00000001  x3=0x00000400
     412275.000 ns	     41226	80008d1c	01a439b3	sltu	x19,x8,x26	  x8:0x7fffffff x26:0x80000007 x19=0x00000001
     412285.000 ns	     41227	80008d20	79450b13	addi	x22,x10,1940	 x10:0x90f9cff9 x22=0x90f9d78d
     412305.000 ns	     41229	80008d24	a0d68ad3	fle.s	x21,f13,f13	 f13:0x00000000 f13:0x00000000 x21=0x00000001
     412325.000 ns	     41231	80008d28	00ce8633	add	x12,x29,x12	 x29:0x80000007 x12:0xffffffff x12=0x80000006
     412345.000 ns	     41233	80008d2c	d0051053	fcvt.s.w	f0,x10	 x10:0x90f9cff9  f0=0xcede0c60
     412375.000 ns	     41236	80008d30	024ad3b3	divu	x7,x21,x4	 x21:0x00000001  x4:0x00000000  x7=0xffffffff
     412405.000 ns	     41239	80008d34	a1a80bd3	fle.s	x23,f16,f26	 f16:0x5e80081e f26:0x80000007 x23=0x00000000
     412425.000 ns	     41241	80008d38	00000013	addi	x0,x0,0	  x0:0x00000000
     412445.000 ns	     41243	80008d3c	20a229d3	fsgnjx.s	f19,f4,f10	  f4:0x7fc00000 f10:0x00000000 f19=0x7fc00000
     412465.000 ns	     41245	80008d40	f6892293	slti	x5,x18,-152	 x18:0x80040fe4  x5=0x00000001
     412485.000 ns	     41247	80008d44	a12e98d3	flt.s	x17,f29,f18	 f29:0x7fc00000 f18:0x3f800000 x17=0x00000000
     412515.000 ns	     41250	80008d48	034174b3	remu	x9,x2,x20	  x2:0x00000000 x20:0x00000000  x9=0x00000000
     412545.000 ns	     41253	80008d4c	29d586d3	fmin.s	f13,f11,f29	 f11:0x00000000 f29:0x7fc00000 f13=0x00000000
     412575.000 ns	     41256	80008d50	f0000fd3	fmv.w.x	f31,x0	  x0:0x00000000 f31=0x00000000
     412595.000 ns	     41258	80008d54	01ffcf33	xor	x30,x31,x31	 x31:0x00000000 x31:0x00000000 x30=0x00000000
     412605.000 ns	     41259	80008d58	5f2df0b7	lui	x1,0x5f2df	  x1=0x5f2df000
     412625.000 ns	     41261	80008d5c	28321c53	fmax.s	f24,f4,f3	  f4:0x7fc00000  f3:0x00000000 f24=0x00000000
     412655.000 ns	     41264	80008d60	a0109553	flt.s	x10,f1,f1	  f1:0x7fc00000  f1:0x7fc00000 x10=0x00000000
     412685.000 ns	     41267	80008d64	0340ea33	rem	x20,x1,x20	  x1:0x5f2df000 x20:0x00000000 x20=0x5f2df000
     412705.000 ns	     41269	80008d68	000d08b3	add	x17,x26,x0	 x26:0x80000007  x0:0x00000000 x17=0x80000007
     412725.000 ns	     41271	80008d6c	213c2d53	fsgnjx.s	f26,f24,f19	 f24:0x00000000 f19:0x7fc00000 f26=0x00000000
     412775.000 ns	     41276	80008d70	018df053	fadd.s	f0,f27,f24	 f27:0x7fc00000 f24:0x00000000  f0=0x7fc00000
     413145.000 ns	     41313	80008d74	03595a33	divu	x20,x18,x21	 x18:0x80040fe4 x21:0x00000001 x20=0x80040fe4
     413165.000 ns	     41315	80008d78	00be82b3	add	x5,x29,x11	 x29:0x80000007 x11:0x000004ae  x5=0x800004b5
     413185.000 ns	     41317	80008d7c	c012f353	fcvt.wu.s	x6,f5	  f5:0x00000000  x6=0x00000000
     413215.000 ns	     41320	80008d80	d0181a53	fcvt.s.wu	f20,x16	 x16:0x00000002 f20=0x40000000
     413245.000 ns	     41323	80008d84	29e00bd3	fmin.s	f23,f0,f30	  f0:0x7fc00000 f30:0x7fc00000 f23=0x7fc00000
     413265.000 ns	     41325	80008d88	00c3bbb3	sltu	x23,x7,x12	  x7:0xffffffff x12:0x80000006 x23=0x00000000
     413275.000 ns	     41326	80008d8c	1239f593	andi	x11,x19,291	 x19:0x00000001 x11=0x00000001
     413295.000 ns	     41328	80008d90	027f1133	mulh	x2,x30,x7	 x30:0x00000000  x7:0xffffffff  x2=0x00000000
     413315.000 ns	     41330	80008d94	004ad1b3	srl	x3,x21,x4	 x21:0x00000001  x4:0x00000000  x3=0x00000001
     413335.000 ns	     41332	80008d98	e0080353	fmv.x.w	x6,f16	 f16:0x5e80081e  x6=0x5e80081e
     413365.000 ns	     41335	80008d9c	c01d73d3	fcvt.wu.s	x7,f26	 f26:0x00000000  x7=0x00000000
     413395.000 ns	     41338	80008da0	a1a986d3	fle.s	x13,f19,f26	 f19:0x7fc00000 f26:0x00000000 x13=0x00000000
     413425.000 ns	     41341	80008da4	21522bd3	fsgnjx.s	f23,f4,f21	  f4:0x7fc00000 f21:0x00000000 f23=0x7fc00000
     413455.000 ns	     41344	80008da8	d0068f53	fcvt.s.w	f30,x13	 x13:0x00000000 f30=0x00000000
     413485.000 ns	     41347	80008dac	02223fb3	mulhu	x31,x4,x2	  x4:0x00000000  x2:0x00000000 x31=0x00000000
     413505.000 ns	     41349	80008db0	00ebceb3	xor	x29,x23,x14	 x23:0x00000000 x14:0x80041024 x29=0x80041024
     413865.000 ns	     41385	80008db4	0339e2b3	rem	x5,x19,x19	 x19:0x00000001 x19:0x00000001  x5=0x00000000
     413895.000 ns	     41388	80008db8	20d20fd3	fsgnj.s	f31,f4,f13	  f4:0x7fc00000 f13:0x00000000 f31=0x7fc00000
     413935.000 ns	     41392	80008dbc	116af5d3	fmul.s	f11,f21,f22	 f21:0x00000000 f22:0x7fc00000 f11=0x7fc00000
     413965.000 ns	     41395	80008dc0	c0142f53	fcvt.wu.s	x30,f8	  f8:0x00000000 x30=0x00000000
     413985.000 ns	     41397	80008dc4	ac73a8b7	lui	x17,0xac73a	 x17=0xac73a000
     413995.000 ns	     41398	80008dc8	34d62c13	slti	x24,x12,845	 x12:0x80000006 x24=0x00000001
     414005.000 ns	     41399	80008dcc	01465ab3	srl	x21,x12,x20	 x12:0x80000006 x20:0x80040fe4 x21=0x08000000
     414015.000 ns	     41400	80008dd0	411b5a93	srai	x21,x22,0x11	 x22:0x90f9d78d x21=0xffffc87c
     414035.000 ns	     41402	80008dd4	c013f0d3	fcvt.wu.s	x1,f7	  f7:0x7fc00000  x1=0xffffffff
     414065.000 ns	     41405	80008dd8	21f525d3	fsgnjx.s	f11,f10,f31	 f10:0x00000000 f31:0x7fc00000 f11=0x00000000
     414085.000 ns	     41407	80008ddc	51337c13	andi	x24,x6,1299	  x6:0x5e80081e x24=0x00000012
     414095.000 ns	     41408	80008de0	006cdf93	srli	x31,x25,0x6	 x25:0x00000000 x31=0x00000000
     414105.000 ns	     41409	80008de4	01ddecb3	or	x25,x27,x29	 x27:0x00000001 x29:0x80041024 x25=0x80041025
     414115.000 ns	     41410	80008de8	001eea33	or	x20,x29,x1	 x29:0x80041024  x1:0xffffffff x20=0xffffffff
     414125.000 ns	     41411	80008dec	41cf5a33	sra	x20,x30,x28	 x30:0x00000000 x28:0x00000000 x20=0x00000000
     414135.000 ns	     41412	80008df0	00dd3eb3	sltu	x29,x26,x13	 x26:0x80000007 x13:0x00000000 x29=0x00000000
     414155.000 ns	     41414	80008df4	a12d24d3	feq.s	x9,f26,f18	 f26:0x00000000 f18:0x3f800000  x9=0x00000000
     414525.000 ns	     41451	80008df8	038e4f33	div	x30,x28,x24	 x28:0x00000000 x24:0x00000012 x30=0x00000000
     414545.000 ns	     41453	80008dfc	000d6633	or	x12,x26,x0	 x26:0x80000007  x0:0x00000000 x12=0x80000007
     414555.000 ns	     41454	80008e00	871a2697	auipc	x13,0x871a2	 x13=0x071aae00
     414565.000 ns	     41455	80008e04	9e782693	slti	x13,x16,-1561	 x16:0x00000002 x13=0x00000000
     414585.000 ns	     41457	80008e08	d014f253	fcvt.s.wu	f4,x9	  x9:0x00000000  f4=0x00000000
     414605.000 ns	     41459	80008e0c	403b0333	sub	x6,x22,x3	 x22:0x90f9d78d  x3:0x00000001  x6=0x90f9d78c
     414625.000 ns	     41461	80008e10	21029253	fsgnjn.s	f4,f5,f16	  f5:0x00000000 f16:0x5e80081e  f4=0x80000000
     415805.000 ns	     41579	80008e14	58048fd3	fsqrt.s	f31,f9	  f9:0x3f800000 f31=0x3f7fffae
     415825.000 ns	     41581	80008e18	7a6dfa13	andi	x20,x27,1958	 x27:0x00000001 x20=0x00000000
     415845.000 ns	     41583	80008e1c	e0040e53	fmv.x.w	x28,f8	  f8:0x00000000 x28=0x00000000
     415865.000 ns	     41585	80008e20	41958633	sub	x12,x11,x25	 x11:0x00000001 x25:0x80041025 x12=0x7ffbefdc
     415885.000 ns	     41587	80008e24	c00a73d3	fcvt.w.s	x7,f20	 f20:0x40000000  x7=0x00000002
     415915.000 ns	     41590	80008e28	022468b3	rem	x17,x8,x2	  x8:0x7fffffff  x2:0x00000000 x17=0x7fffffff
     415945.000 ns	     41593	80008e2c	c0067fd3	fcvt.w.s	x31,f12	 f12:0x7fc00000 x31=0x7fffffff
     415975.000 ns	     41596	80008e30	f0018dd3	fmv.w.x	f27,x3	  x3:0x00000001 f27=0x00000001
     416025.000 ns	     41601	80008e34	00187353	fadd.s	f6,f16,f1	 f16:0x5e80081e  f1:0x7fc00000  f6=0x7fc00000
     416045.000 ns	     41603	80008e38	128e3213	sltiu	x4,x28,296	 x28:0x00000000  x4=0x00000001
     416065.000 ns	     41605	80008e3c	a0d922d3	feq.s	x5,f18,f13	 f18:0x3f800000 f13:0x00000000  x5=0x00000000
     416085.000 ns	     41607	80008e40	010904b3	add	x9,x18,x16	 x18:0x80040fe4 x16:0x00000002  x9=0x80040fe6
     416095.000 ns	     41608	80008e44	0176d6b3	srl	x13,x13,x23	 x13:0x00000000 x23:0x00000000 x13=0x00000000
     416115.000 ns	     41610	80008e48	20f62a53	fsgnjx.s	f20,f12,f15	 f12:0x7fc00000 f15:0x4eff9a2a f20=0x7fc00000
     416145.000 ns	     41613	80008e4c	f00507d3	fmv.w.x	f15,x10	 x10:0x00000000 f15=0x00000000
     416175.000 ns	     41616	80008e50	a13201d3	fle.s	x3,f4,f19	  f4:0x80000000 f19:0x7fc00000  x3=0x00000000
     416195.000 ns	     41618	80008e54	00e55b93	srli	x23,x10,0xe	 x10:0x00000000 x23=0x00000000
     416215.000 ns	     41620	80008e58	c00b8f53	fcvt.w.s	x30,f23	 f23:0x7fc00000 x30=0x7fffffff
     416235.000 ns	     41622	80008e5c	9c27e337	lui	x6,0x9c27e	  x6=0x9c27e000
     416255.000 ns	     41624	80008e60	c003f153	fcvt.w.s	x2,f7	  f7:0x7fc00000  x2=0x7fffffff
     416285.000 ns	     41627	80008e64	290a8053	fmin.s	f0,f21,f16	 f21:0x00000000 f16:0x5e80081e  f0=0x00000000
     416325.000 ns	     41631	80008e68	19f67cd3	fdiv.s	f25,f12,f31	 f12:0x7fc00000 f31:0x3f7fffae f25=0x7fc00000
     416355.000 ns	     41634	80008e6c	20540953	fsgnj.s	f18,f8,f5	  f8:0x00000000  f5:0x00000000 f18=0x00000000
     416385.000 ns	     41637	80008e70	d00bff53	fcvt.s.w	f30,x23	 x23:0x00000000 f30=0x00000000
     416405.000 ns	     41639	80008e74	0177d193	srli	x3,x15,0x17	 x15:0xfff00000  x3=0x000001ff
     416425.000 ns	     41641	80008e78	29fe1853	fmax.s	f16,f28,f31	 f28:0x00000000 f31:0x3f7fffae f16=0x3f7fffae
     416475.000 ns	     41646	80008e7c	012ea453	fadd.s	f8,f29,f18	 f29:0x7fc00000 f18:0x00000000  f8=0x7fc00000
     416495.000 ns	     41648	80008e80	416609b3	sub	x19,x12,x22	 x12:0x7ffbefdc x22:0x90f9d78d x19=0xef02184f
     416515.000 ns	     41650	80008e84	202f2353	fsgnjx.s	f6,f30,f2	 f30:0x00000000  f2:0x80040fe4  f6=0x80000000
     416535.000 ns	     41652	80008e88	06eaaa93	slti	x21,x21,110	 x21:0xffffc87c x21=0x00000001
     416545.000 ns	     41653	80008e8c	b8f13b13	sltiu	x22,x2,-1137	  x2:0x7fffffff x22=0x00000001
     416565.000 ns	     41655	80008e90	a0940253	fle.s	x4,f8,f9	  f8:0x7fc00000  f9:0x3f800000  x4=0x00000000
     416585.000 ns	     41657	80008e94	01c0b133	sltu	x2,x1,x28	  x1:0xffffffff x28:0x00000000  x2=0x00000000
     416605.000 ns	     41659	80008e98	204f1d53	fsgnjn.s	f26,f30,f4	 f30:0x00000000  f4:0x80000000 f26=0x00000000
     416625.000 ns	     41661	80008e9c	00000013	addi	x0,x0,0	  x0:0x00000000
     416645.000 ns	     41663	80008ea0	20239953	fsgnjn.s	f18,f7,f2	  f7:0x7fc00000  f2:0x80040fe4 f18=0x7fc00000
     416665.000 ns	     41665	80008ea4	010c89b3	add	x19,x25,x16	 x25:0x80041025 x16:0x00000002 x19=0x80041027
     416685.000 ns	     41667	80008ea8	f00886d3	fmv.w.x	f13,x17	 x17:0x7fffffff f13=0x7fffffff
     416705.000 ns	     41669	80008eac	41f78633	sub	x12,x15,x31	 x15:0xfff00000 x31:0x7fffffff x12=0x7ff00001
     416735.000 ns	     41672	80008eb0	11ddc0d3	fmul.s	f1,f27,f29	 f27:0x00000001 f29:0x7fc00000  f1=0x7fc00000
     417105.000 ns	     41709	80008eb4	03bf6a33	rem	x20,x30,x27	 x30:0x7fffffff x27:0x00000001 x20=0x00000000
     417125.000 ns	     41711	80008eb8	2b15c193	xori	x3,x11,689	 x11:0x00000001  x3=0x000002b0
     417145.000 ns	     41713	80008ebc	286514d3	fmax.s	f9,f10,f6	 f10:0x00000000  f6:0x80000000  f9=0x00000000
     417175.000 ns	     41716	80008ec0	e00582d3	fmv.x.w	x5,f11	 f11:0x00000000  x5=0x00000000
     417195.000 ns	     41718	80008ec4	131e0513	addi	x10,x28,305	 x28:0x00000000 x10=0x00000131
     417205.000 ns	     41719	80008ec8	41a207b3	sub	x15,x4,x26	  x4:0x00000000 x26:0x80000007 x15=0x7ffffff9
     417215.000 ns	     41720	80008ecc	402ad993	srai	x19,x21,0x2	 x21:0x00000001 x19=0x00000000
     417225.000 ns	     41721	80008ed0	41f702b3	sub	x5,x14,x31	 x14:0x80041024 x31:0x7fffffff  x5=0x00041025
     417235.000 ns	     41722	80008ed4	00000013	addi	x0,x0,0	  x0:0x00000000
     417245.000 ns	     41723	80008ed8	27958217	auipc	x4,0x27958	  x4=0xa7960ed8
     417265.000 ns	     41725	80008edc	f00282d3	fmv.w.x	f5,x5	  x5:0x00041025  f5=0x00041025
     417285.000 ns	     41727	80008ee0	00860c33	add	x24,x12,x8	 x12:0x7ff00001  x8:0x7fffffff x24=0xfff00000
     417305.000 ns	     41729	80008ee4	c015c4d3	fcvt.wu.s	x9,f11	 f11:0x00000000  x9=0x00000000
     417325.000 ns	     41731	80008ee8	016b4a33	xor	x20,x22,x22	 x22:0x00000001 x22:0x00000001 x20=0x00000000
     417335.000 ns	     41732	80008eec	b26c2b13	slti	x22,x24,-1242	 x24:0xfff00000 x22=0x00000001
     417345.000 ns	     41733	80008ef0	00ca1b13	slli	x22,x20,0xc	 x20:0x00000000 x22=0x00000000
     417355.000 ns	     41734	80008ef4	00d6dbb3	srl	x23,x13,x13	 x13:0x00000000 x13:0x00000000 x23=0x00000000
     417365.000 ns	     41735	80008ef8	01539f33	sll	x30,x7,x21	  x7:0x00000002 x21:0x00000001 x30=0x00000004
     417375.000 ns	     41736	80008efc	41a75e93	srai	x29,x14,0x1a	 x14:0x80041024 x29=0xffffffe0
     417415.000 ns	     41740	80008f00	0074a553	fadd.s	f10,f9,f7	  f9:0x00000000  f7:0x7fc00000 f10=0x7fc00000
     417445.000 ns	     41743	80008f04	03c1a3b3	mulhsu	x7,x3,x28	  x3:0x000002b0 x28:0x00000000  x7=0x00000000
     417465.000 ns	     41745	80008f08	14a2a137	lui	x2,0x14a2a	  x2=0x14a2a000
     417825.000 ns	     41781	80008f0c	03157b33	remu	x22,x10,x17	 x10:0x00000131 x17:0x7fffffff x22=0x00000131
     417855.000 ns	     41784	80008f10	e0049f53	fclass.s	x30,f9	  f9:0x00000000 x30=0x00000010
     417885.000 ns	     41787	80008f14	c01670d3	fcvt.wu.s	x1,f12	 f12:0x7fc00000  x1=0xffffffff
     417915.000 ns	     41790	80008f18	e0079453	fclass.s	x8,f15	 f15:0x00000000  x8=0x00000010
     417945.000 ns	     41793	80008f1c	d01d9a53	fcvt.s.wu	f20,x27	 x27:0x00000001 f20=0x3f800000
     417975.000 ns	     41796	80008f20	d01e7853	fcvt.s.wu	f16,x28	 x28:0x00000000 f16=0x00000000
     417995.000 ns	     41798	80008f24	00d221b3	slt	x3,x4,x13	  x4:0xa7960ed8 x13:0x00000000  x3=0x00000001
     418005.000 ns	     41799	80008f28	5be15e97	auipc	x29,0x5be15	 x29=0xdbe1df28
     418015.000 ns	     41800	80008f2c	0100ba13	sltiu	x20,x1,16	  x1:0xffffffff x20=0x00000000
     418025.000 ns	     41801	80008f30	00b14f33	xor	x30,x2,x11	  x2:0x14a2a000 x11:0x00000001 x30=0x14a2a001
     418055.000 ns	     41804	80008f34	10df71d3	fmul.s	f3,f30,f13	 f30:0x00000000 f13:0x7fffffff  f3=0x7fc00000
     418085.000 ns	     41807	80008f38	d00527d3	fcvt.s.w	f15,x10	 x10:0x00000131 f15=0x43988000
     418115.000 ns	     41810	80008f3c	03cbfbb3	remu	x23,x23,x28	 x23:0x00000000 x28:0x00000000 x23=0x00000000
     418145.000 ns	     41813	80008f40	20ad2753	fsgnjx.s	f14,f26,f10	 f26:0x00000000 f10:0x7fc00000 f14=0x00000000
     418165.000 ns	     41815	80008f44	006d7233	and	x4,x26,x6	 x26:0x80000007  x6:0x9c27e000  x4=0x80000000
     418175.000 ns	     41816	80008f48	0118f8b3	and	x17,x17,x17	 x17:0x7fffffff x17:0x7fffffff x17=0x7fffffff
     418195.000 ns	     41818	80008f4c	02c0bfb3	mulhu	x31,x1,x12	  x1:0xffffffff x12:0x7ff00001 x31=0x7ff00000
     418215.000 ns	     41820	80008f50	4aedcf93	xori	x31,x27,1198	 x27:0x00000001 x31=0x000004af
     418235.000 ns	     41822	80008f54	02957d33	remu	x26,x10,x9	 x10:0x00000131  x9:0x00000000 x26=0x00000131
     418605.000 ns	     41859	80008f58	03a97a33	remu	x20,x18,x26	 x18:0x80040fe4 x26:0x80000007 x20=0x000000fa
     418635.000 ns	     41862	80008f5c	a1bd04d3	fle.s	x9,f26,f27	 f26:0x00000000 f27:0x00000001  x9=0x00000001
     419005.000 ns	     41899	80008f60	039c5233	divu	x4,x24,x25	 x24:0xfff00000 x25:0x80041025  x4=0x00000001
     419025.000 ns	     41901	80008f64	41d45d33	sra	x26,x8,x29	  x8:0x00000010 x29:0xdbe1df28 x26=0x00000000
     419035.000 ns	     41902	80008f68	c1aa3993	sltiu	x19,x20,-998	 x20:0x000000fa x19=0x00000001
     419055.000 ns	     41904	80008f6c	a1e286d3	fle.s	x13,f5,f30	  f5:0x00041025 f30:0x00000000 x13=0x00000000
     419085.000 ns	     41907	80008f70	202dab53	fsgnjx.s	f22,f27,f2	 f27:0x00000001  f2:0x80040fe4 f22=0x80000001
     419105.000 ns	     41909	80008f74	1936ac93	slti	x25,x13,403	 x13:0x00000000 x25=0x00000001
     419125.000 ns	     41911	80008f78	20a31bd3	fsgnjn.s	f23,f6,f10	  f6:0x80000000 f10:0x7fc00000 f23=0x80000000
     419145.000 ns	     41913	80008f7c	01ab1293	slli	x5,x22,0x1a	 x22:0x00000131  x5=0xc4000000
     419165.000 ns	     41915	80008f80	e00d9e53	fclass.s	x28,f27	 f27:0x00000001 x28=0x00000020
     419195.000 ns	     41918	80008f84	d01036d3	fcvt.s.wu	f13,x0	  x0:0x00000000 f13=0x00000000
     419215.000 ns	     41920	80008f88	dac0fb93	andi	x23,x1,-596	  x1:0xffffffff x23=0xfffffdac
     419235.000 ns	     41922	80008f8c	f0058c53	fmv.w.x	f24,x11	 x11:0x00000001 f24=0x00000001
     419255.000 ns	     41924	80008f90	3afc2d97	auipc	x27,0x3afc2	 x27=0xbafcaf90
     419265.000 ns	     41925	80008f94	4163dd93	srai	x27,x7,0x16	  x7:0x00000000 x27=0x00000000
     419295.000 ns	     41928	80008f98	1040f453	fmul.s	f8,f1,f4	  f1:0x7fc00000  f4:0x80000000  f8=0x7fc00000
     419325.000 ns	     41931	80008f9c	03f52d33	mulhsu	x26,x10,x31	 x10:0x00000131 x31:0x000004af x26=0x00000000
     419345.000 ns	     41933	80008fa0	003cbeb3	sltu	x29,x25,x3	 x25:0x00000001  x3:0x00000001 x29=0x00000000
     419365.000 ns	     41935	80008fa4	03f03633	mulhu	x12,x0,x31	  x0:0x00000000 x31:0x000004af x12=0x00000000
     419405.000 ns	     41939	80008fa8	18a9f353	fdiv.s	f6,f19,f10	 f19:0x7fc00000 f10:0x7fc00000  f6=0x7fc00000
     419425.000 ns	     41941	80008fac	60e0a013	slti	x0,x1,1550	  x1:0xffffffff
     419435.000 ns	     41942	80008fb0	2bbd7613	andi	x12,x26,699	 x26:0x00000000 x12=0x00000000
     419455.000 ns	     41944	80008fb4	28a79bd3	fmax.s	f23,f15,f10	 f15:0x43988000 f10:0x7fc00000 f23=0x43988000
     419475.000 ns	     41946	80008fb8	40035693	srai	x13,x6,0x0	  x6:0x9c27e000 x13=0x9c27e000
     419485.000 ns	     41947	80008fbc	019b5c93	srli	x25,x22,0x19	 x22:0x00000131 x25=0x00000000
     420655.000 ns	     42064	80008fc0	580a3253	fsqrt.s	f4,f20	 f20:0x3f800000  f4=0x3f7fffae
     420685.000 ns	     42067	80008fc4	a13c8353	fle.s	x6,f25,f19	 f25:0x7fc00000 f19:0x7fc00000  x6=0x00000000
     420715.000 ns	     42070	80008fc8	e0060d53	fmv.x.w	x26,f12	 f12:0x7fc00000 x26=0x7fc00000
     420745.000 ns	     42073	80008fcc	d01c7f53	fcvt.s.wu	f30,x24	 x24:0xfff00000 f30=0x4f7ff000
     420785.000 ns	     42077	80008fd0	119a2453	fmul.s	f8,f20,f25	 f20:0x3f800000 f25:0x7fc00000  f8=0x7fc00000
     420805.000 ns	     42079	80008fd4	00b6e3b3	or	x7,x13,x11	 x13:0x9c27e000 x11:0x00000001  x7=0x9c27e001
     420825.000 ns	     42081	80008fd8	03dcfa33	remu	x20,x25,x29	 x25:0x00000000 x29:0x00000000 x20=0x00000000
     420845.000 ns	     42083	80008fdc	cdbbae93	slti	x29,x23,-805	 x23:0xfffffdac x29=0x00000000
     420865.000 ns	     42085	80008fe0	21641053	fsgnjn.s	f0,f8,f22	  f8:0x7fc00000 f22:0x80000001  f0=0x7fc00000
     420885.000 ns	     42087	80008fe4	00000013	addi	x0,x0,0	  x0:0x00000000
     420895.000 ns	     42088	80008fe8	40e55113	srai	x2,x10,0xe	 x10:0x00000131  x2=0x00000000
     420915.000 ns	     42090	80008fec	c01bbdd3	fcvt.wu.s	x27,f23	 f23:0x43988000 x27=0x00000131
     420935.000 ns	     42092	80008ff0	00000013	addi	x0,x0,0	  x0:0x00000000
     420945.000 ns	     42093	80008ff4	41f70ab3	sub	x21,x14,x31	 x14:0x80041024 x31:0x000004af x21=0x80040b75
     420955.000 ns	     42094	80008ff8	00de6cb3	or	x25,x28,x13	 x28:0x00000020 x13:0x9c27e000 x25=0x9c27e020
     420965.000 ns	     42095	80008ffc	4178df93	srai	x31,x17,0x17	 x17:0x7fffffff x31=0x000000ff
     420985.000 ns	     42097	80009000	a0c09053	flt.s	x0,f1,f12	  f1:0x7fc00000 f12:0x7fc00000
     421005.000 ns	     42099	80009004	8e6ff037	lui	x0,0x8e6ff	
     421025.000 ns	     42101	80009008	f0070453	fmv.w.x	f8,x14	 x14:0x80041024  f8=0x80041024
     422205.000 ns	     42219	8000900c	580c0353	fsqrt.s	f6,f24	 f24:0x00000001  f6=0x1f350483
     422225.000 ns	     42221	80009010	018889b3	add	x19,x17,x24	 x17:0x7fffffff x24:0xfff00000 x19=0x7fefffff
     422245.000 ns	     42223	80009014	02878433	mul	x8,x15,x8	 x15:0x7ffffff9  x8:0x00000010  x8=0xffffff90
     422265.000 ns	     42225	80009018	00354333	xor	x6,x10,x3	 x10:0x00000131  x3:0x00000001  x6=0x00000130
     422275.000 ns	     42226	8000901c	00000013	addi	x0,x0,0	  x0:0x00000000
     422285.000 ns	     42227	80009020	577181b7	lui	x3,0x57718	  x3=0x57718000
     422295.000 ns	     42228	80009024	017c3eb3	sltu	x29,x24,x23	 x24:0xfff00000 x23:0xfffffdac x29=0x00000001
     422305.000 ns	     42229	80009028	4159de33	sra	x28,x19,x21	 x19:0x7fefffff x21:0x80040b75 x28=0x000003ff
     422345.000 ns	     42233	8000902c	01a39653	fadd.s	f12,f7,f26	  f7:0x7fc00000 f26:0x00000000 f12=0x7fc00000
     422365.000 ns	     42235	80009030	f8dea093	slti	x1,x29,-115	 x29:0x00000001  x1=0x00000000
     422725.000 ns	     42271	80009034	02a5e8b3	rem	x17,x11,x10	 x11:0x00000001 x10:0x00000131 x17=0x00000001
     422775.000 ns	     42276	80009038	092f35d3	fsub.s	f11,f30,f18	 f30:0x4f7ff000 f18:0x7fc00000 f11=0x7fc00000
     422795.000 ns	     42278	8000903c	405b0133	sub	x2,x22,x5	 x22:0x00000131  x5:0xc4000000  x2=0x3c000131
     422815.000 ns	     42280	80009040	28aa81d3	fmin.s	f3,f21,f10	 f21:0x00000000 f10:0x7fc00000  f3=0x00000000
     422845.000 ns	     42283	80009044	f00780d3	fmv.w.x	f1,x15	 x15:0x7ffffff9  f1=0x7ffffff9
     422865.000 ns	     42285	80009048	54a2c093	xori	x1,x5,1354	  x5:0xc4000000  x1=0xc400054a
     423225.000 ns	     42321	8000904c	03c9f4b3	remu	x9,x19,x28	 x19:0x7fefffff x28:0x000003ff  x9=0x00000000
     423245.000 ns	     42323	80009050	413c05b3	sub	x11,x24,x19	 x24:0xfff00000 x19:0x7fefffff x11=0x80000001
     423265.000 ns	     42325	80009054	d0120053	fcvt.s.wu	f0,x4	  x4:0x00000001  f0=0x3f800000
     423285.000 ns	     42327	80009058	012da233	slt	x4,x27,x18	 x27:0x00000131 x18:0x80040fe4  x4=0x00000000
     423295.000 ns	     42328	8000905c	01421133	sll	x2,x4,x20	  x4:0x00000001 x20:0x00000000  x2=0x00000000
     423315.000 ns	     42330	80009060	29b10c53	fmin.s	f24,f2,f27	  f2:0x80040fe4 f27:0x00000001 f24=0x80040fe4
     423345.000 ns	     42333	80009064	a0cc95d3	flt.s	x11,f25,f12	 f25:0x7fc00000 f12:0x7fc00000 x11=0x00000000
     423715.000 ns	     42370	80009068	0235d8b3	divu	x17,x11,x3	 x11:0x80000001  x3:0x57718000 x17=0x00000000
     423745.000 ns	     42373	8000906c	f0038c53	fmv.w.x	f24,x7	  x7:0x9c27e001 f24=0x9c27e001
     423765.000 ns	     42375	80009070	05c9ef13	ori	x30,x19,92	 x19:0x7fefffff x30=0x7fefffff
     423805.000 ns	     42379	80009074	00620253	fadd.s	f4,f4,f6	  f4:0x3f7fffae  f6:0x1f350483  f4=0x3f7fffae
     423835.000 ns	     42382	80009078	028b2cb3	mulhsu	x25,x22,x8	 x22:0x00000131  x8:0xffffff90 x25=0x00000130
     423865.000 ns	     42385	8000907c	21eb16d3	fsgnjn.s	f13,f22,f30	 f22:0x80000001 f30:0x4f7ff000 f13=0x80000001
     423885.000 ns	     42387	80009080	01404433	xor	x8,x0,x20	  x0:0x00000000 x20:0x00000000  x8=0x00000000
     423895.000 ns	     42388	80009084	866a3c13	sltiu	x24,x20,-1946	 x20:0x00000000 x24=0x00000001
     423905.000 ns	     42389	80009088	40ca8f33	sub	x30,x21,x12	 x21:0x80040b75 x12:0x00000000 x30=0x80040b75
     423925.000 ns	     42391	8000908c	20828953	fsgnj.s	f18,f5,f8	  f5:0x00041025  f8:0x80041024 f18=0x80041025
     423945.000 ns	     42393	80009090	00530d33	add	x26,x6,x5	  x6:0x00000130  x5:0xc4000000 x26=0xc4000130
     423965.000 ns	     42395	80009094	c00b75d3	fcvt.w.s	x11,f22	 f22:0x80000001 x11=0x00000000
     423995.000 ns	     42398	80009098	21060e53	fsgnj.s	f28,f12,f16	 f12:0x7fc00000 f16:0x00000000 f28=0x7fc00000
     424015.000 ns	     42400	8000909c	001234b3	sltu	x9,x4,x1	  x4:0x00000000  x1:0xc400054a  x9=0x00000001
     424035.000 ns	     42402	800090a0	c01071d3	fcvt.wu.s	x3,f0	  f0:0x3f800000  x3=0x00000001
     424075.000 ns	     42406	800090a4	580ef0d3	fsqrt.s	f1,f29	 f29:0x7fc00000  f1=0x7fc00000
     424095.000 ns	     42408	800090a8	00000013	addi	x0,x0,0	  x0:0x00000000
     424455.000 ns	     42444	800090ac	03b0f6b3	remu	x13,x1,x27	  x1:0xc400054a x27:0x00000131 x13=0x00000096
     424485.000 ns	     42447	800090b0	0280f433	remu	x8,x1,x8	  x1:0xc400054a  x8:0x00000000  x8=0xc400054a
     424515.000 ns	     42450	800090b4	02f709b3	mul	x19,x14,x15	 x14:0x80041024 x15:0x7ffffff9 x19=0x7fe38f04
     424545.000 ns	     42453	800090b8	034142b3	div	x5,x2,x20	  x2:0x00000000 x20:0x00000000  x5=0xffffffff
     424575.000 ns	     42456	800090bc	e00404d3	fmv.x.w	x9,f8	  f8:0x80041024  x9=0x80041024
     424605.000 ns	     42459	800090c0	c013cfd3	fcvt.wu.s	x31,f7	  f7:0x7fc00000 x31=0xffffffff
     424625.000 ns	     42461	800090c4	405cd093	srai	x1,x25,0x5	 x25:0x00000130  x1=0x00000009
     424645.000 ns	     42463	800090c8	209807d3	fsgnj.s	f15,f16,f9	 f16:0x00000000  f9:0x00000000 f15=0x00000000
     424665.000 ns	     42465	800090cc	1088c137	lui	x2,0x1088c	  x2=0x1088c000
     424685.000 ns	     42467	800090d0	f00f8553	fmv.w.x	f10,x31	 x31:0xffffffff f10=0xffffffff
     425055.000 ns	     42504	800090d4	0255fcb3	remu	x25,x11,x5	 x11:0x00000000  x5:0xffffffff x25=0x00000000
     425085.000 ns	     42507	800090d8	29ea8fd3	fmin.s	f31,f21,f30	 f21:0x00000000 f30:0x4f7ff000 f31=0x00000000
     425105.000 ns	     42509	800090dc	015441b3	xor	x3,x8,x21	  x8:0xc400054a x21:0x80040b75  x3=0x44040e3f
     425115.000 ns	     42510	800090e0	1858e117	auipc	x2,0x1858e	  x2=0x985970e0
     425125.000 ns	     42511	800090e4	b0c36613	ori	x12,x6,-1268	  x6:0x00000130 x12=0xfffffb3c
     425165.000 ns	     42515	800090e8	00717ad3	fadd.s	f21,f2,f7	  f2:0x80040fe4  f7:0x7fc00000 f21=0x7fc00000
     425195.000 ns	     42518	800090ec	02e2a1b3	mulhsu	x3,x5,x14	  x5:0xffffffff x14:0x80041024  x3=0xffffffff
     425225.000 ns	     42521	800090f0	e0061653	fclass.s	x12,f12	 f12:0x7fc00000 x12=0x00000200
     425245.000 ns	     42523	800090f4	00392533	slt	x10,x18,x3	 x18:0x80040fe4  x3:0xffffffff x10=0x00000001
     425605.000 ns	     42559	800090f8	0292fd33	remu	x26,x5,x9	  x5:0xffffffff  x9:0x80041024 x26=0x7ffbefdb
     425635.000 ns	     42562	800090fc	c0077453	fcvt.w.s	x8,f14	 f14:0x00000000  x8=0x00000000
     425665.000 ns	     42565	80009100	c00b7cd3	fcvt.w.s	x25,f22	 f22:0x80000001 x25=0x00000000
     425685.000 ns	     42567	80009104	62ea4d13	xori	x26,x20,1582	 x20:0x00000000 x26=0x0000062e
     425705.000 ns	     42569	80009108	d000f253	fcvt.s.w	f4,x1	  x1:0x00000009  f4=0x41100000
     425735.000 ns	     42572	8000910c	d0077853	fcvt.s.w	f16,x14	 x14:0x80041024 f16=0xcefff7df
     425755.000 ns	     42574	80009110	7cda0c93	addi	x25,x20,1997	 x20:0x00000000 x25=0x000007cd
     425765.000 ns	     42575	80009114	01b8dd13	srli	x26,x17,0x1b	 x17:0x00000000 x26=0x00000000
     425805.000 ns	     42579	80009118	09bf7153	fsub.s	f2,f30,f27	 f30:0x4f7ff000 f27:0x00000001  f2=0x4f7ff000
     426175.000 ns	     42616	8000911c	02dcee33	rem	x28,x25,x13	 x25:0x000007cd x13:0x00000096 x28=0x0000002f
     426205.000 ns	     42619	80009120	c00800d3	fcvt.w.s	x1,f16	 f16:0xcefff7df  x1=0x80041080
     426225.000 ns	     42621	80009124	8787cb93	xori	x23,x15,-1928	 x15:0x7ffffff9 x23=0x80000781
     426245.000 ns	     42623	80009128	a140aed3	feq.s	x29,f1,f20	  f1:0x7fc00000 f20:0x3f800000 x29=0x00000000
     426265.000 ns	     42625	8000912c	21cb0e93	addi	x29,x22,540	 x22:0x00000131 x29=0x0000034d
     426275.000 ns	     42626	80009130	00957eb3	and	x29,x10,x9	 x10:0x00000001  x9:0x80041024 x29=0x00000000
     426285.000 ns	     42627	80009134	00000013	addi	x0,x0,0	  x0:0x00000000
     426315.000 ns	     42630	80009138	18657253	fdiv.s	f4,f10,f6	 f10:0xffffffff  f6:0x1f350483  f4=0x7fc00000
     426685.000 ns	     42667	8000913c	02d1f6b3	remu	x13,x3,x13	  x3:0xffffffff x13:0x00000096 x13=0x0000002d
     426705.000 ns	     42669	80009140	35d84213	xori	x4,x16,861	 x16:0x00000002  x4=0x0000035f
     426735.000 ns	     42672	80009144	10ba71d3	fmul.s	f3,f20,f11	 f20:0x3f800000 f11:0x7fc00000  f3=0x7fc00000
     426755.000 ns	     42674	80009148	01207133	and	x2,x0,x18	  x0:0x00000000 x18:0x80040fe4  x2=0x00000000
     426765.000 ns	     42675	8000914c	6d295a97	auipc	x21,0x6d295	 x21=0xed29e14c
     426785.000 ns	     42677	80009150	0283d9b3	divu	x19,x7,x8	  x7:0x9c27e001  x8:0x00000000 x19=0xffffffff
     426805.000 ns	     42679	80009154	01feb0b3	sltu	x1,x29,x31	 x29:0x00000000 x31:0xffffffff  x1=0x00000001
     426825.000 ns	     42681	80009158	c01b18d3	fcvt.wu.s	x17,f22	 f22:0x80000001 x17=0x00000000
     426845.000 ns	     42683	8000915c	00399db3	sll	x27,x19,x3	 x19:0xffffffff  x3:0xffffffff x27=0x80000000
     426865.000 ns	     42685	80009160	d00cfad3	fcvt.s.w	f21,x25	 x25:0x000007cd f21=0x44f9a000
     426895.000 ns	     42688	80009164	20499453	fsgnjn.s	f8,f19,f4	 f19:0x7fc00000  f4:0x7fc00000  f8=0xffc00000
     426915.000 ns	     42690	80009168	00c16db3	or	x27,x2,x12	  x2:0x00000000 x12:0x00000200 x27=0x00000200
     426925.000 ns	     42691	8000916c	ab993213	sltiu	x4,x18,-1351	 x18:0x80040fe4  x4=0x00000001
     426935.000 ns	     42692	80009170	001212b3	sll	x5,x4,x1	  x4:0x0000035f  x1:0x00000001  x5=0x00000002
     426945.000 ns	     42693	80009174	02e38793	addi	x15,x7,46	  x7:0x9c27e001 x15=0x9c27e02f
     426955.000 ns	     42694	80009178	5e210e13	addi	x28,x2,1506	  x2:0x00000000 x28=0x000005e2
     426975.000 ns	     42696	8000917c	c00efc53	fcvt.w.s	x24,f29	 f29:0x7fc00000 x24=0x7fffffff
     427005.000 ns	     42699	80009180	029d2b33	mulhsu	x22,x26,x9	 x26:0x00000000  x9:0x80041024 x22=0x00000000
     427035.000 ns	     42702	80009184	a0c087d3	fle.s	x15,f1,f12	  f1:0x7fc00000 f12:0x7fc00000 x15=0x00000000
     427055.000 ns	     42704	80009188	01e930b3	sltu	x1,x18,x30	 x18:0x80040fe4 x30:0x80040b75  x1=0x00000000
     427075.000 ns	     42706	8000918c	20ffab53	fsgnjx.s	f22,f31,f15	 f31:0x00000000 f15:0x00000000 f22=0x00000000
     427095.000 ns	     42708	80009190	00b40133	add	x2,x8,x11	  x8:0x00000000 x11:0x00000000  x2=0x00000000
     427115.000 ns	     42710	80009194	025c13b3	mulh	x7,x24,x5	 x24:0x7fffffff  x5:0x00000002  x7=0x00000000
     427145.000 ns	     42713	80009198	21e599d3	fsgnjn.s	f19,f11,f30	 f11:0x7fc00000 f30:0x4f7ff000 f19=0xffc00000
     427165.000 ns	     42715	8000919c	0025ddb3	srl	x27,x11,x2	 x11:0x00000000  x2:0x00000000 x27=0x00000000
     427175.000 ns	     42716	800091a0	01d926b3	slt	x13,x18,x29	 x18:0x80040fe4 x29:0x00000000 x13=0x00000001
     427205.000 ns	     42719	800091a4	11f97253	fmul.s	f4,f18,f31	 f18:0x80041025 f31:0x00000000  f4=0x80000000
     427225.000 ns	     42721	800091a8	01e69b33	sll	x22,x13,x30	 x13:0x0000002d x30:0x80040b75 x22=0x00200000
     427235.000 ns	     42722	800091ac	00dfda13	srli	x20,x31,0xd	 x31:0xffffffff x20=0x0007ffff
     427255.000 ns	     42724	800091b0	e00d0d53	fmv.x.w	x26,f26	 f26:0x00000000 x26=0x00000000
     427285.000 ns	     42727	800091b4	28128f53	fmin.s	f30,f5,f1	  f5:0x00041025  f1:0x7fc00000 f30=0x00041025
     427305.000 ns	     42729	800091b8	b791bc93	sltiu	x25,x3,-1159	  x3:0xffffffff x25=0x00000000
     427315.000 ns	     42730	800091bc	01bd9d13	slli	x26,x27,0x1b	 x27:0x00000000 x26=0x00000000
     427325.000 ns	     42731	800091c0	016895b3	sll	x11,x17,x22	 x17:0x00000000 x22:0x00200000 x11=0x00000000
     427345.000 ns	     42733	800091c4	299f0ad3	fmin.s	f21,f30,f25	 f30:0x00041025 f25:0x7fc00000 f21=0x00041025
     427395.000 ns	     42738	800091c8	09248553	fsub.s	f10,f9,f18	  f9:0x00000000 f18:0x80041025 f10=0x00041025
     427415.000 ns	     42740	800091cc	afa2c393	xori	x7,x5,-1286	  x5:0x00000002  x7=0xfffffaf8
     427425.000 ns	     42741	800091d0	bb1f4b13	xori	x22,x30,-1103	 x30:0x80040b75 x22=0x7ffbf0c4
     427445.000 ns	     42743	800091d4	e0071dd3	fclass.s	x27,f14	 f14:0x00000000 x27=0x00000010
     427475.000 ns	     42746	800091d8	203e89d3	fsgnj.s	f19,f29,f3	 f29:0x7fc00000  f3:0x7fc00000 f19=0x7fc00000
     427515.000 ns	     42750	800091dc	58058f53	fsqrt.s	f30,f11	 f11:0x7fc00000 f30=0x7fc00000
     427565.000 ns	     42755	800091e0	0827fa53	fsub.s	f20,f15,f2	 f15:0x00000000  f2:0x4f7ff000 f20=0xcf7ff000
     427615.000 ns	     42760	800091e4	0065f8d3	fadd.s	f17,f11,f6	 f11:0x7fc00000  f6:0x1f350483 f17=0x7fc00000
     427635.000 ns	     42762	800091e8	9b54bc13	sltiu	x24,x9,-1611	  x9:0x80041024 x24=0x00000001
     427645.000 ns	     42763	800091ec	0050adb3	slt	x27,x1,x5	  x1:0x00000000  x5:0x00000002 x27=0x00000001
     427655.000 ns	     42764	800091f0	00000013	addi	x0,x0,0	  x0:0x00000000
     427675.000 ns	     42766	800091f4	03ad1db3	mulh	x27,x26,x26	 x26:0x00000000 x26:0x00000000 x27=0x00000000
     427705.000 ns	     42769	800091f8	e0058153	fmv.x.w	x2,f11	 f11:0x7fc00000  x2=0x7fc00000
     427735.000 ns	     42772	800091fc	c0149c53	fcvt.wu.s	x24,f9	  f9:0x00000000 x24=0x00000000
     427775.000 ns	     42776	80009200	1076f7d3	fmul.s	f15,f13,f7	 f13:0x80000001  f7:0x7fc00000 f15=0x7fc00000
     427805.000 ns	     42779	80009204	a05a2e53	feq.s	x28,f20,f5	 f20:0xcf7ff000  f5:0x00041025 x28=0x00000000
     427835.000 ns	     42782	80009208	20e20b53	fsgnj.s	f22,f4,f14	  f4:0x80000000 f14:0x00000000 f22=0x00000000
     427855.000 ns	     42784	8000920c	27652393	slti	x7,x10,630	 x10:0x00000001  x7=0x00000001
     427875.000 ns	     42786	80009210	e00d9053	fclass.s	x0,f27	 f27:0x00000001
     427895.000 ns	     42788	80009214	caca6517	auipc	x10,0xcaca6	 x10=0x4acaf214
     427905.000 ns	     42789	80009218	d01ce093	ori	x1,x25,-767	 x25:0x00000000  x1=0xfffffd01
     427915.000 ns	     42790	8000921c	00fd4f33	xor	x30,x26,x15	 x26:0x00000000 x15:0x00000000 x30=0x00000000
     427925.000 ns	     42791	80009220	880cf313	andi	x6,x25,-1920	 x25:0x00000000  x6=0x00000000
     427935.000 ns	     42792	80009224	01ccc2b3	xor	x5,x25,x28	 x25:0x00000000 x28:0x00000000  x5=0x00000000
     427965.000 ns	     42795	80009228	11f67253	fmul.s	f4,f12,f31	 f12:0x7fc00000 f31:0x00000000  f4=0x7fc00000
     427995.000 ns	     42798	8000922c	d012fcd3	fcvt.s.wu	f25,x5	  x5:0x00000002 f25=0x00000000
     428015.000 ns	     42800	80009230	402bdf33	sra	x30,x23,x2	 x23:0x80000781  x2:0x7fc00000 x30=0x80000781
     428035.000 ns	     42802	80009234	a0a81a53	flt.s	x20,f16,f10	 f16:0xcefff7df f10:0x00041025 x20=0x00000001
     428055.000 ns	     42804	80009238	00000013	addi	x0,x0,0	  x0:0x00000000
     428065.000 ns	     42805	8000923c	01e556b3	srl	x13,x10,x30	 x10:0x4acaf214 x30:0x80000781 x13=0x2565790a
     428085.000 ns	     42807	80009240	21f41c53	fsgnjn.s	f24,f8,f31	  f8:0xffc00000 f31:0x00000000 f24=0xffc00000
     428115.000 ns	     42810	80009244	a06f0153	fle.s	x2,f30,f6	 f30:0x7fc00000  f6:0x1f350483  x2=0x00000000
     428145.000 ns	     42813	80009248	a0f22153	feq.s	x2,f4,f15	  f4:0x7fc00000 f15:0x7fc00000  x2=0x00000000
     428515.000 ns	     42850	8000924c	02905eb3	divu	x29,x0,x9	  x0:0x00000000  x9:0x80041024 x29=0x00000000
     428535.000 ns	     42852	80009250	00433c33	sltu	x24,x6,x4	  x6:0x00000000  x4:0x00000001 x24=0x00000001
     428555.000 ns	     42854	80009254	20fa1b53	fsgnjn.s	f22,f20,f15	 f20:0xcf7ff000 f15:0x7fc00000 f22=0xcf7ff000
     428575.000 ns	     42856	80009258	636fba13	sltiu	x20,x31,1590	 x31:0xffffffff x20=0x00000000
     428585.000 ns	     42857	8000925c	412756b3	sra	x13,x14,x18	 x14:0x80041024 x18:0x80040fe4 x13=0xf8004102
     428625.000 ns	     42861	80009260	00c32b53	fadd.s	f22,f6,f12	  f6:0x1f350483 f12:0x7fc00000 f22=0x7fc00000
     428645.000 ns	     42863	80009264	7dbfb193	sltiu	x3,x31,2011	 x31:0xffffffff  x3=0x00000000
     428655.000 ns	     42864	80009268	9242d017	auipc	x0,0x9242d	
     428675.000 ns	     42866	8000926c	a0a42ed3	feq.s	x29,f8,f10	  f8:0xffc00000 f10:0x00041025 x29=0x00000000
     428705.000 ns	     42869	80009270	02c29a33	mulh	x20,x5,x12	  x5:0x00000000 x12:0x00000200 x20=0x00000000
     428735.000 ns	     42872	80009274	d00a7a53	fcvt.s.w	f20,x20	 x20:0x00000000 f20=0x00000000
     428765.000 ns	     42875	80009278	f0098453	fmv.w.x	f8,x19	 x19:0xffffffff  f8=0xffffffff
     428805.000 ns	     42879	8000927c	18fe9e53	fdiv.s	f28,f29,f15	 f29:0x7fc00000 f15:0x7fc00000 f28=0x7fc00000
     428835.000 ns	     42882	80009280	a0989e53	flt.s	x28,f17,f9	 f17:0x7fc00000  f9:0x00000000 x28=0x00000000
     428865.000 ns	     42885	80009284	a1bea9d3	feq.s	x19,f29,f27	 f29:0x7fc00000 f27:0x00000001 x19=0x00000000
     428895.000 ns	     42888	80009288	020376b3	remu	x13,x6,x0	  x6:0x00000000  x0:0x00000000 x13=0x00000000
     428915.000 ns	     42890	8000928c	c6854e13	xori	x28,x10,-920	 x10:0x4acaf214 x28=0xb5350e7c
     428925.000 ns	     42891	80009290	e6588f13	addi	x30,x17,-411	 x17:0x00000000 x30=0xfffffe65
     428945.000 ns	     42893	80009294	03dd4c33	div	x24,x26,x29	 x26:0x00000000 x29:0x00000000 x24=0xffffffff
     428985.000 ns	     42897	80009298	11578653	fmul.s	f12,f15,f21	 f15:0x7fc00000 f21:0x00041025 f12=0x7fc00000
     429005.000 ns	     42899	8000929c	41f985b3	sub	x11,x19,x31	 x19:0x00000000 x31:0xffffffff x11=0x00000001
     429365.000 ns	     42935	800092a0	03e276b3	remu	x13,x4,x30	  x4:0x00000001 x30:0xfffffe65 x13=0x00000001
     429385.000 ns	     42937	800092a4	63a73e37	lui	x28,0x63a73	 x28=0x63a73000
     429405.000 ns	     42939	800092a8	c00185d3	fcvt.w.s	x11,f3	  f3:0x7fc00000 x11=0x7fffffff
     429425.000 ns	     42941	800092ac	01dee233	or	x4,x29,x29	 x29:0x00000000 x29:0x00000000  x4=0x00000000
     429445.000 ns	     42943	800092b0	02e1aab3	mulhsu	x21,x3,x14	  x3:0x00000000 x14:0x80041024 x21=0x00000000
     429495.000 ns	     42948	800092b4	006f3753	fadd.s	f14,f30,f6	 f30:0x7fc00000  f6:0x1f350483 f14=0x7fc00000
     429525.000 ns	     42951	800092b8	03c636b3	mulhu	x13,x12,x28	 x12:0x00000200 x28:0x63a73000 x13=0x000000c7
     429555.000 ns	     42954	800092bc	20080a53	fsgnj.s	f20,f16,f0	 f16:0xcefff7df  f0:0x3f800000 f20=0x4efff7df
     429575.000 ns	     42956	800092c0	0052aab3	slt	x21,x5,x5	  x5:0x00000000  x5:0x00000000 x21=0x00000000
     429595.000 ns	     42958	800092c4	29d09653	fmax.s	f12,f1,f29	  f1:0x7fc00000 f29:0x7fc00000 f12=0x7fc00000
     429625.000 ns	     42961	800092c8	026291b3	mulh	x3,x5,x6	  x5:0x00000000  x6:0x00000000  x3=0x00000000
     429645.000 ns	     42963	800092cc	005ea2b3	slt	x5,x29,x5	 x29:0x00000000  x5:0x00000000  x5=0x00000000
     429665.000 ns	     42965	800092d0	a0c6a5d3	feq.s	x11,f13,f12	 f13:0x80000001 f12:0x7fc00000 x11=0x00000000
     429695.000 ns	     42968	800092d4	216401d3	fsgnj.s	f3,f8,f22	  f8:0xffffffff f22:0x7fc00000  f3=0x7fffffff
     429715.000 ns	     42970	800092d8	01cf5d33	srl	x26,x30,x28	 x30:0xfffffe65 x28:0x63a73000 x26=0xfffffe65
     429725.000 ns	     42971	800092dc	00000013	addi	x0,x0,0	  x0:0x00000000
     429735.000 ns	     42972	800092e0	009330b3	sltu	x1,x6,x9	  x6:0x00000000  x9:0x80041024  x1=0x00000001
     429755.000 ns	     42974	800092e4	29df9953	fmax.s	f18,f31,f29	 f31:0x00000000 f29:0x7fc00000 f18=0x00000000
     429785.000 ns	     42977	800092e8	02ef1533	mulh	x10,x30,x14	 x30:0xfffffe65 x14:0x80041024 x10=0x000000cd
     429815.000 ns	     42980	800092ec	03936eb3	rem	x29,x6,x25	  x6:0x00000000 x25:0x00000000 x29=0x00000000
     429835.000 ns	     42982	800092f0	4132d593	srai	x11,x5,0x13	  x5:0x00000000 x11=0x00000000
     429865.000 ns	     42985	800092f4	11207853	fmul.s	f16,f0,f18	  f0:0x3f800000 f18:0x00000000 f16=0x00000000
     429885.000 ns	     42987	800092f8	7b3aad13	slti	x26,x21,1971	 x21:0x00000000 x26=0x00000001
     429905.000 ns	     42989	800092fc	e0038fd3	fmv.x.w	x31,f7	  f7:0x7fc00000 x31=0x7fc00000
     429945.000 ns	     42993	80009300	580e7453	fsqrt.s	f8,f28	 f28:0x7fc00000  f8=0x7fc00000
     429975.000 ns	     42996	80009304	03dfccb3	div	x25,x31,x29	 x31:0x7fc00000 x29:0x00000000 x25=0xffffffff
     429995.000 ns	     42998	80009308	b207c613	xori	x12,x15,-1248	 x15:0x00000000 x12=0xfffffb20
     430005.000 ns	     42999	8000930c	00bb2a33	slt	x20,x22,x11	 x22:0x7ffbf0c4 x11:0x00000000 x20=0x00000000
     430025.000 ns	     43001	80009310	a13990d3	flt.s	x1,f19,f19	 f19:0x7fc00000 f19:0x7fc00000  x1=0x00000000
     430065.000 ns	     43005	80009314	110aa253	fmul.s	f4,f21,f16	 f21:0x00041025 f16:0x00000000  f4=0x00000000
     431085.000 ns	     43107	80009318	580bcc53	fsqrt.s	f24,f23	 f23:0x43988000 f24=0x418bb695
     431115.000 ns	     43110	8000931c	025c1eb3	mulh	x29,x24,x5	 x24:0xffffffff  x5:0x00000000 x29=0x00000000
     431145.000 ns	     43113	80009320	20979cd3	fsgnjn.s	f25,f15,f9	 f15:0x7fc00000  f9:0x00000000 f25=0xffc00000
     431175.000 ns	     43116	80009324	f00a8fd3	fmv.w.x	f31,x21	 x21:0x00000000 f31=0x00000000
     431205.000 ns	     43119	80009328	20bd2e53	fsgnjx.s	f28,f26,f11	 f26:0x00000000 f11:0x7fc00000 f28=0x00000000
     431225.000 ns	     43121	8000932c	000014b3	sll	x9,x0,x0	  x0:0x00000000  x0:0x00000000  x9=0x00000000
     431245.000 ns	     43123	80009330	03b912b3	mulh	x5,x18,x27	 x18:0x80040fe4 x27:0x00000000  x5=0x00000000
     431265.000 ns	     43125	80009334	001d8c33	add	x24,x27,x1	 x27:0x00000000  x1:0x00000000 x24=0x00000000
     431285.000 ns	     43127	80009338	c013f253	fcvt.wu.s	x4,f7	  f7:0x7fc00000  x4=0xffffffff
     431305.000 ns	     43129	8000933c	014af1b3	and	x3,x21,x20	 x21:0x00000000 x20:0x00000000  x3=0x00000000
     431315.000 ns	     43130	80009340	01ec7233	and	x4,x24,x30	 x24:0x00000000 x30:0xfffffe65  x4=0x00000000
     431345.000 ns	     43133	80009344	18421153	fdiv.s	f2,f4,f4	  f4:0x00000000  f4:0x00000000  f2=0x7fc00000
     431385.000 ns	     43137	80009348	18188d53	fdiv.s	f26,f17,f1	 f17:0x7fc00000  f1:0x7fc00000 f26=0x7fc00000
     431405.000 ns	     43139	8000934c	41815a93	srai	x21,x2,0x18	  x2:0x00000000 x21=0x00000000
     431425.000 ns	     43141	80009350	035c8233	mul	x4,x25,x21	 x25:0xffffffff x21:0x00000000  x4=0x00000000
     431455.000 ns	     43144	80009354	29441ed3	fmax.s	f29,f8,f20	  f8:0x7fc00000 f20:0x4efff7df f29=0x4efff7df
     431485.000 ns	     43147	80009358	03b7ea33	rem	x20,x15,x27	 x15:0x00000000 x27:0x00000000 x20=0x00000000
     431515.000 ns	     43150	8000935c	e00f16d3	fclass.s	x13,f30	 f30:0x7fc00000 x13=0x00000200
     432695.000 ns	     43268	80009360	580a70d3	fsqrt.s	f1,f20	 f20:0x4efff7df  f1=0x473501cb
     432715.000 ns	     43270	80009364	3a15b393	sltiu	x7,x11,929	 x11:0x00000000  x7=0x00000001
     432745.000 ns	     43273	80009368	101bfed3	fmul.s	f29,f23,f1	 f23:0x43988000  f1:0x473501cb f29=0x4b57a722
     432765.000 ns	     43275	8000936c	5eda0f13	addi	x30,x20,1517	 x20:0x00000000 x30=0x000005ed
     432785.000 ns	     43277	80009370	0248d4b3	divu	x9,x17,x4	 x17:0x00000000  x4:0x00000000  x9=0xffffffff
     432805.000 ns	     43279	80009374	9f3cb693	sltiu	x13,x25,-1549	 x25:0xffffffff x13=0x00000000
     433165.000 ns	     43315	80009378	02c9f7b3	remu	x15,x19,x12	 x19:0x00000000 x12:0xfffffb20 x15=0x00000000
     433195.000 ns	     43318	8000937c	03e12233	mulhsu	x4,x2,x30	  x2:0x00000000 x30:0x000005ed  x4=0x00000000
     433215.000 ns	     43320	80009380	fa5ca213	slti	x4,x25,-91	 x25:0xffffffff  x4=0x00000000
     434385.000 ns	     43437	80009384	58007053	fsqrt.s	f0,f0	  f0:0x3f800000  f0=0x3f7fffae
     434405.000 ns	     43439	80009388	35e66f93	ori	x31,x12,862	 x12:0xfffffb20 x31=0xfffffb7e
     434425.000 ns	     43441	8000938c	d00cfdd3	fcvt.s.w	f27,x25	 x25:0xffffffff f27=0xbf800000
     434455.000 ns	     43444	80009390	03af2433	mulhsu	x8,x30,x26	 x30:0x000005ed x26:0x00000001  x8=0x00000000
     434485.000 ns	     43447	80009394	a0ba2ed3	feq.s	x29,f20,f11	 f20:0x4efff7df f11:0x7fc00000 x29=0x00000000
     434525.000 ns	     43451	80009398	11834753	fmul.s	f14,f6,f24	  f6:0x1f350483 f24:0x418bb695 f14=0x2145951c
     434555.000 ns	     43454	8000939c	033c39b3	mulhu	x19,x24,x19	 x24:0x00000000 x19:0x00000000 x19=0x00000000
     434585.000 ns	     43457	800093a0	281d16d3	fmax.s	f13,f26,f1	 f26:0x7fc00000  f1:0x473501cb f13=0x473501cb
     434605.000 ns	     43459	800093a4	0118beb3	sltu	x29,x17,x17	 x17:0x00000000 x17:0x00000000 x29=0x00000000
     434615.000 ns	     43460	800093a8	41165693	srai	x13,x12,0x11	 x12:0xfffffb20 x13=0xffffffff
     434625.000 ns	     43461	800093ac	01f37033	and	x0,x6,x31	  x6:0x00000000 x31:0xfffffb7e
     434635.000 ns	     43462	800093b0	4fefac13	slti	x24,x31,1278	 x31:0xfffffb7e x24=0x00000001
     434995.000 ns	     43498	800093b4	02ec4db3	div	x27,x24,x14	 x24:0x00000000 x14:0x80041024 x27=0x00000000
     435025.000 ns	     43501	800093b8	f00205d3	fmv.w.x	f11,x4	  x4:0x00000000 f11=0x00000000
     435055.000 ns	     43504	800093bc	f0020153	fmv.w.x	f2,x4	  x4:0x00000000  f2=0x00000000
     435085.000 ns	     43507	800093c0	02979a33	mulh	x20,x15,x9	 x15:0x00000000  x9:0xffffffff x20=0x00000000
     435105.000 ns	     43509	800093c4	35d8a493	slti	x9,x17,861	 x17:0x00000000  x9=0x00000001
     435115.000 ns	     43510	800093c8	e60b8a13	addi	x20,x23,-416	 x23:0x80000781 x20=0x800005e1
     435125.000 ns	     43511	800093cc	01c761b3	or	x3,x14,x28	 x14:0x80041024 x28:0x63a73000  x3=0xe3a73024
     435145.000 ns	     43513	800093d0	02169c33	mulh	x24,x13,x1	 x13:0xffffffff  x1:0x00000000 x24=0x00000000
     435175.000 ns	     43516	800093d4	d011f553	fcvt.s.wu	f10,x3	  x3:0x00000000 f10=0x4f63a730
     435205.000 ns	     43519	800093d8	03623233	mulhu	x4,x4,x22	  x4:0x00000000 x22:0x7ffbf0c4  x4=0x00000000
     435225.000 ns	     43521	800093dc	00648233	add	x4,x9,x6	  x9:0x00000001  x6:0x00000000  x4=0x00000001
     435245.000 ns	     43523	800093e0	02b213b3	mulh	x7,x4,x11	  x4:0x00000000 x11:0x00000000  x7=0x00000000
     435265.000 ns	     43525	800093e4	6749f613	andi	x12,x19,1652	 x19:0x00000000 x12=0x00000000
     435275.000 ns	     43526	800093e8	04e6c593	xori	x11,x13,78	 x13:0xffffffff x11=0xffffffb1
     435295.000 ns	     43528	800093ec	20c08853	fsgnj.s	f16,f1,f12	  f1:0x473501cb f12:0x7fc00000 f16=0x473501cb
     435315.000 ns	     43530	800093f0	01985033	srl	x0,x16,x25	 x16:0x00000002 x25:0xffffffff
     435325.000 ns	     43531	800093f4	006afd33	and	x26,x21,x6	 x21:0x00000000  x6:0x00000000 x26=0x00000000
     435355.000 ns	     43534	800093f8	1072ce53	fmul.s	f28,f5,f7	  f5:0x00041025  f7:0x7fc00000 f28=0x7fc00000
     435395.000 ns	     43538	800093fc	19fdfd53	fdiv.s	f26,f27,f31	 f27:0xbf800000 f31:0x00000000 f26=0xff800000
     435415.000 ns	     43540	80009400	00f4d533	srl	x10,x9,x15	  x9:0x00000001 x15:0x00000000 x10=0x00000001
     435435.000 ns	     43542	80009404	03d66eb3	rem	x29,x12,x29	 x12:0x00000000 x29:0x00000000 x29=0x00000000
     435455.000 ns	     43544	80009408	9c8f0213	addi	x4,x30,-1592	 x30:0x000005ed  x4=0xffffffb5
     435465.000 ns	     43545	8000940c	f21cc093	xori	x1,x25,-223	 x25:0xffffffff  x1=0x000000de
     435475.000 ns	     43546	80009410	cfb5f413	andi	x8,x11,-773	 x11:0xffffffb1  x8=0xfffffcb1
     435495.000 ns	     43548	80009414	02fb77b3	remu	x15,x22,x15	 x22:0x7ffbf0c4 x15:0x00000000 x15=0x7ffbf0c4
     435515.000 ns	     43550	80009418	01b05b33	srl	x22,x0,x27	  x0:0x00000000 x27:0x00000000 x22=0x00000000
     435525.000 ns	     43551	8000941c	413a5693	srai	x13,x20,0x13	 x20:0x800005e1 x13=0xfffff000
     436695.000 ns	     43668	80009420	580a83d3	fsqrt.s	f7,f21	 f21:0x00041025  f7=0x1f3ac36c
     436725.000 ns	     43671	80009424	e00188d3	fmv.x.w	x17,f3	  f3:0x7fffffff x17=0x7fffffff
     436745.000 ns	     43673	80009428	87990b17	auipc	x22,0x87990	 x22=0x07999428
     436765.000 ns	     43675	8000942c	c0183dd3	fcvt.wu.s	x27,f16	 f16:0x473501cb x27=0x0000b502
     436805.000 ns	     43679	80009430	10bc2fd3	fmul.s	f31,f24,f11	 f24:0x418bb695 f11:0x00000000 f31=0x00000000
     436835.000 ns	     43682	80009434	02409ab3	mulh	x21,x1,x4	  x1:0x000000de  x4:0xffffffb5 x21=0xffffffff
     436865.000 ns	     43685	80009438	295918d3	fmax.s	f17,f18,f21	 f18:0x00000000 f21:0x00041025 f17=0x00041025
     436895.000 ns	     43688	8000943c	c00816d3	fcvt.w.s	x13,f16	 f16:0x473501cb x13=0x0000b501
     436925.000 ns	     43691	80009440	204c02d3	fsgnj.s	f5,f24,f4	 f24:0x418bb695  f4:0x00000000  f5=0x418bb695
     436955.000 ns	     43694	80009444	e00d8ed3	fmv.x.w	x29,f27	 f27:0xbf800000 x29=0xbf800000
     436975.000 ns	     43696	80009448	001ed8b3	srl	x17,x29,x1	 x29:0x00000000  x1:0x000000de x17=0x00000002
     436995.000 ns	     43698	8000944c	02499333	mulh	x6,x19,x4	 x19:0x00000000  x4:0xffffffb5  x6=0x00000000
     437015.000 ns	     43700	80009450	0c424e13	xori	x28,x4,196	  x4:0xffffffb5 x28=0xffffff71
     437025.000 ns	     43701	80009454	71927613	andi	x12,x4,1817	  x4:0xffffffb5 x12=0x00000711
     437035.000 ns	     43702	80009458	40d0d393	srai	x7,x1,0xd	  x1:0x000000de  x7=0x00000000
     437045.000 ns	     43703	8000945c	01229a93	slli	x21,x5,0x12	  x5:0x00000000 x21=0x00000000
     437085.000 ns	     43707	80009460	002da153	fadd.s	f2,f27,f2	 f27:0xbf800000  f2:0x00000000  f2=0xbf800000
     437115.000 ns	     43710	80009464	28739e53	fmax.s	f28,f7,f7	  f7:0x1f3ac36c  f7:0x1f3ac36c f28=0x1f3ac36c
     437135.000 ns	     43712	80009468	01dfd3b3	srl	x7,x31,x29	 x31:0xfffffb7e x29:0xbf800000  x7=0xfffffb7e
     437155.000 ns	     43714	8000946c	02609db3	mulh	x27,x1,x6	  x1:0x000000de  x6:0x00000000 x27=0x00000000
     437525.000 ns	     43751	80009470	0310f7b3	remu	x15,x1,x17	  x1:0x000000de x17:0x00000002 x15=0x00000000
     437575.000 ns	     43756	80009474	0081bbd3	fadd.s	f23,f3,f8	  f3:0x7fffffff  f8:0x7fc00000 f23=0x7fc00000
     437605.000 ns	     43759	80009478	216596d3	fsgnjn.s	f13,f11,f22	 f11:0x00000000 f22:0x7fc00000 f13=0x80000000
     437645.000 ns	     43763	8000947c	111c7053	fmul.s	f0,f24,f17	 f24:0x418bb695 f17:0x00041025  f0=0x0046f53e
     437665.000 ns	     43765	80009480	01f49093	slli	x1,x9,0x1f	  x9:0x00000001  x1=0x80000000
     437705.000 ns	     43769	80009484	01de2453	fadd.s	f8,f28,f29	 f28:0x1f3ac36c f29:0x4b57a722  f8=0x4b57a722
     438075.000 ns	     43806	80009488	02d16433	rem	x8,x2,x13	  x2:0x00000000 x13:0x0000b501  x8=0x00000000
     438105.000 ns	     43809	8000948c	e00b0d53	fmv.x.w	x26,f22	 f22:0x7fc00000 x26=0x7fc00000
     438135.000 ns	     43812	80009490	036e31b3	mulhu	x3,x28,x22	 x28:0xffffff71 x22:0x07999428  x3=0x07999423
     438155.000 ns	     43814	80009494	017bcd33	xor	x26,x23,x23	 x23:0x80000781 x23:0x80000781 x26=0x00000000
     438175.000 ns	     43816	80009498	281b1c53	fmax.s	f24,f22,f1	 f22:0x7fc00000  f1:0x473501cb f24=0x473501cb
     438205.000 ns	     43819	8000949c	e0009353	fclass.s	x6,f1	  f1:0x473501cb  x6=0x00000040
     438225.000 ns	     43821	800094a0	04bf2d93	slti	x27,x30,75	 x30:0x000005ed x27=0x00000000
     438235.000 ns	     43822	800094a4	00b64133	xor	x2,x12,x11	 x12:0x00000711 x11:0xffffffb1  x2=0xfffff8a0
     438255.000 ns	     43824	800094a8	a0692053	feq.s	x0,f18,f6	 f18:0x00000000  f6:0x1f350483
     438295.000 ns	     43828	800094ac	100138d3	fmul.s	f17,f2,f0	  f2:0xbf800000  f0:0x0046f53e f17=0x8046f53e
     438315.000 ns	     43830	800094b0	01c949b3	xor	x19,x18,x28	 x18:0x80040fe4 x28:0xffffff71 x19=0x7ffbf095
     438335.000 ns	     43832	800094b4	e00f81d3	fmv.x.w	x3,f31	 f31:0x00000000  x3=0x00000000
     438355.000 ns	     43834	800094b8	00000013	addi	x0,x0,0	  x0:0x00000000
     438385.000 ns	     43837	800094bc	104d7a53	fmul.s	f20,f26,f4	 f26:0xff800000  f4:0x00000000 f20=0x7fc00000
     438415.000 ns	     43840	800094c0	026412b3	mulh	x5,x8,x6	  x8:0x00000000  x6:0x00000040  x5=0x00000000
     438445.000 ns	     43843	800094c4	027a31b3	mulhu	x3,x20,x7	 x20:0x800005e1  x7:0xfffffb7e  x3=0x8000039f
     438465.000 ns	     43845	800094c8	409156b3	sra	x13,x2,x9	  x2:0xfffff8a0  x9:0x00000001 x13=0xfffffc50
     438825.000 ns	     43881	800094cc	03437bb3	remu	x23,x6,x20	  x6:0x00000040 x20:0x800005e1 x23=0x00000040
     438845.000 ns	     43883	800094d0	41495b33	sra	x22,x18,x20	 x18:0x80040fe4 x20:0x800005e1 x22=0xc00207f2
     438865.000 ns	     43885	800094d4	c013f053	fcvt.wu.s	x0,f7	  f7:0x1f3ac36c
     438885.000 ns	     43887	800094d8	6db0f037	lui	x0,0x6db0f	
     438895.000 ns	     43888	800094dc	04e2fc93	andi	x25,x5,78	  x5:0x00000000 x25=0x00000000
     438905.000 ns	     43889	800094e0	01b05e13	srli	x28,x0,0x1b	  x0:0x00000000 x28=0x00000000
     438915.000 ns	     43890	800094e4	0144ecb3	or	x25,x9,x20	  x9:0x00000001 x20:0x800005e1 x25=0x800005e1
     438935.000 ns	     43892	800094e8	030fa0b3	mulhsu	x1,x31,x16	 x31:0xfffffb7e x16:0x00000002  x1=0xffffffff
     438955.000 ns	     43894	800094ec	65872393	slti	x7,x14,1624	 x14:0x80041024  x7=0x00000001
     438975.000 ns	     43896	800094f0	a1139d53	flt.s	x26,f7,f17	  f7:0x1f3ac36c f17:0x8046f53e x26=0x00000000
     438995.000 ns	     43898	800094f4	01330fb3	add	x31,x6,x19	  x6:0x00000040 x19:0x7ffbf095 x31=0x7ffbf0d5
     439015.000 ns	     43900	800094f8	a1a38f53	fle.s	x30,f7,f26	  f7:0x1f3ac36c f26:0xff800000 x30=0x00000000
     439045.000 ns	     43903	800094fc	a0f88653	fle.s	x12,f17,f15	 f17:0x8046f53e f15:0x7fc00000 x12=0x00000000
     439065.000 ns	     43905	80009500	096b4c93	xori	x25,x22,150	 x22:0xc00207f2 x25=0xc0020764
     439075.000 ns	     43906	80009504	01bf1793	slli	x15,x30,0x1b	 x30:0x00000000 x15=0x00000000
     439095.000 ns	     43908	80009508	212321d3	fsgnjx.s	f3,f6,f18	  f6:0x1f350483 f18:0x00000000  f3=0x1f350483
     439115.000 ns	     43910	8000950c	01bd8fb3	add	x31,x27,x27	 x27:0x00000000 x27:0x00000000 x31=0x00000000
     439135.000 ns	     43912	80009510	d0090bd3	fcvt.s.w	f23,x18	 x18:0x80040fe4 f23=0xcefff7e0
     439155.000 ns	     43914	80009514	69e60293	addi	x5,x12,1694	 x12:0x00000000  x5=0x0000069e
     439175.000 ns	     43916	80009518	a1ad9b53	flt.s	x22,f27,f26	 f27:0xbf800000 f26:0xff800000 x22=0x00000000
     439195.000 ns	     43918	8000951c	00295293	srli	x5,x18,0x2	 x18:0x80040fe4  x5=0x200103f9
     439205.000 ns	     43919	80009520	006efeb3	and	x29,x29,x6	 x29:0xbf800000  x6:0x00000040 x29=0x00000000
     439245.000 ns	     43923	80009524	00d60bd3	fadd.s	f23,f12,f13	 f12:0x7fc00000 f13:0x80000000 f23=0x7fc00000
     439295.000 ns	     43928	80009528	003a1ad3	fadd.s	f21,f20,f3	 f20:0x7fc00000  f3:0x1f350483 f21=0x7fc00000
     439325.000 ns	     43931	8000952c	a18eafd3	feq.s	x31,f29,f24	 f29:0x4b57a722 f24:0x473501cb x31=0x00000000
     439345.000 ns	     43933	80009530	01e32533	slt	x10,x6,x30	  x6:0x00000040 x30:0x00000000 x10=0x00000000
     439365.000 ns	     43935	80009534	21781953	fsgnjn.s	f18,f16,f23	 f16:0x473501cb f23:0x7fc00000 f18=0xc73501cb
     439395.000 ns	     43938	80009538	d005fbd3	fcvt.s.w	f23,x11	 x11:0xffffffb1 f23=0xc29e0000
     439425.000 ns	     43941	8000953c	20de9553	fsgnjn.s	f10,f29,f13	 f29:0x4b57a722 f13:0x80000000 f10=0x4b57a722
     439455.000 ns	     43944	80009540	d01b7e53	fcvt.s.wu	f28,x22	 x22:0x00000000 f28=0x00000000
     439475.000 ns	     43946	80009544	bb4ffe13	andi	x28,x31,-1100	 x31:0x00000000 x28=0x00000000
     439485.000 ns	     43947	80009548	0035ad33	slt	x26,x11,x3	 x11:0xffffffb1  x3:0x8000039f x26=0x00000000
     439495.000 ns	     43948	8000954c	b157e113	ori	x2,x15,-1259	 x15:0x00000000  x2=0xfffffb15
     439505.000 ns	     43949	80009550	00523eb3	sltu	x29,x4,x5	  x4:0xffffffb5  x5:0x200103f9 x29=0x00000000
     439515.000 ns	     43950	80009554	da837213	andi	x4,x6,-600	  x6:0x00000040  x4=0x00000000
     439525.000 ns	     43951	80009558	00cfaa33	slt	x20,x31,x12	 x31:0x00000000 x12:0x00000000 x20=0x00000000
     439535.000 ns	     43952	8000955c	910ec113	xori	x2,x29,-1776	 x29:0x00000000  x2=0xfffff910
     439565.000 ns	     43955	80009560	10eb7ed3	fmul.s	f29,f22,f14	 f22:0x7fc00000 f14:0x2145951c f29=0x7fc00000
     439585.000 ns	     43957	80009564	9f5402b7	lui	x5,0x9f540	  x5=0x9f540000
     439605.000 ns	     43959	80009568	0201dcb3	divu	x25,x3,x0	  x3:0x8000039f  x0:0x00000000 x25=0xffffffff
     439625.000 ns	     43961	8000956c	21d6c213	xori	x4,x13,541	 x13:0xfffffc50  x4=0xfffffe4d
     439645.000 ns	     43963	80009570	21b583d3	fsgnj.s	f7,f11,f27	 f11:0x00000000 f27:0xbf800000  f7=0x80000000
     439665.000 ns	     43965	80009574	96270d93	addi	x27,x14,-1694	 x14:0x80041024 x27=0x80040986
     439685.000 ns	     43967	80009578	21f99953	fsgnjn.s	f18,f19,f31	 f19:0x7fc00000 f31:0x00000000 f18=0xffc00000
     439715.000 ns	     43970	8000957c	f00d8553	fmv.w.x	f10,x27	 x27:0x00000000 f10=0x80040986
     439735.000 ns	     43972	80009580	00000013	addi	x0,x0,0	  x0:0x00000000
     439755.000 ns	     43974	80009584	f00a0cd3	fmv.w.x	f25,x20	 x20:0x00000000 f25=0x00000000
     439775.000 ns	     43976	80009588	00281a13	slli	x20,x16,0x2	 x16:0x00000002 x20=0x00000008
     439795.000 ns	     43978	8000958c	20ed9453	fsgnjn.s	f8,f27,f14	 f27:0xbf800000 f14:0x2145951c  f8=0xbf800000
     439815.000 ns	     43980	80009590	01f111b3	sll	x3,x2,x31	  x2:0xfffff910 x31:0x00000000  x3=0xfffff910
     439825.000 ns	     43981	80009594	80b6ed93	ori	x27,x13,-2037	 x13:0xfffffc50 x27=0xfffffc5b
     439845.000 ns	     43983	80009598	c00cf253	fcvt.w.s	x4,f25	 f25:0x00000000  x4=0x00000000
     439875.000 ns	     43986	8000959c	e00710d3	fclass.s	x1,f14	 f14:0x2145951c  x1=0x00000040
     439905.000 ns	     43989	800095a0	c00b7bd3	fcvt.w.s	x23,f22	 f22:0x7fc00000 x23=0x7fffffff
     439925.000 ns	     43991	800095a4	00f826b3	slt	x13,x16,x15	 x16:0x00000002 x15:0x00000000 x13=0x00000000
     439945.000 ns	     43993	800095a8	21688e53	fsgnj.s	f28,f17,f22	 f17:0x8046f53e f22:0x7fc00000 f28=0x0046f53e
     439975.000 ns	     43996	800095ac	212692d3	fsgnjn.s	f5,f13,f18	 f13:0x80000000 f18:0xffc00000  f5=0x00000000
     440015.000 ns	     44000	800095b0	11a0f2d3	fmul.s	f5,f1,f26	  f1:0x473501cb f26:0xff800000  f5=0xff800000
     440035.000 ns	     44002	800095b4	85411a17	auipc	x20,0x85411	 x20=0x0541a5b4
     440045.000 ns	     44003	800095b8	00a22bb3	slt	x23,x4,x10	  x4:0x00000000 x10:0x00000000 x23=0x00000000
     440055.000 ns	     44004	800095bc	3e34a213	slti	x4,x9,995	  x9:0x00000001  x4=0x00000001
     440065.000 ns	     44005	800095c0	01592433	slt	x8,x18,x21	 x18:0x80040fe4 x21:0x00000000  x8=0x00000001
     440085.000 ns	     44007	800095c4	200806d3	fsgnj.s	f13,f16,f0	 f16:0x473501cb  f0:0x0046f53e f13=0x473501cb
     440105.000 ns	     44009	800095c8	0108ff33	and	x30,x17,x16	 x17:0x00000002 x16:0x00000002 x30=0x00000002
     440115.000 ns	     44010	800095cc	0192db93	srli	x23,x5,0x19	  x5:0x9f540000 x23=0x0000004f
     440125.000 ns	     44011	800095d0	019593b3	sll	x7,x11,x25	 x11:0xffffffb1 x25:0xffffffff  x7=0x80000000
     440135.000 ns	     44012	800095d4	00000013	addi	x0,x0,0	  x0:0x00000000
     440155.000 ns	     44014	800095d8	c009fe53	fcvt.w.s	x28,f19	 f19:0x7fc00000 x28=0x7fffffff
     440185.000 ns	     44017	800095dc	c0002153	fcvt.w.s	x2,f0	  f0:0x0046f53e  x2=0x00000000
     440215.000 ns	     44020	800095e0	c014c4d3	fcvt.wu.s	x9,f9	  f9:0x00000000  x9=0x00000000
     440245.000 ns	     44023	800095e4	02f6bdb3	mulhu	x27,x13,x15	 x13:0x00000000 x15:0x00000000 x27=0x00000000
     440265.000 ns	     44025	800095e8	001579b3	and	x19,x10,x1	 x10:0x00000000  x1:0x00000040 x19=0x00000000
     440305.000 ns	     44029	800095ec	08494153	fsub.s	f2,f18,f4	 f18:0xffc00000  f4:0x00000000  f2=0x7fc00000
     440325.000 ns	     44031	800095f0	00000013	addi	x0,x0,0	  x0:0x00000000
     440345.000 ns	     44033	800095f4	e0031153	fclass.s	x2,f6	  f6:0x1f350483  x2=0x00000040
     440365.000 ns	     44035	800095f8	017f97b3	sll	x15,x31,x23	 x31:0x00000000 x23:0x0000004f x15=0x00000000
     441535.000 ns	     44152	800095fc	580e2d53	fsqrt.s	f26,f28	 f28:0x0046f53e f26=0x1f8caf39
     441565.000 ns	     44155	80009600	207288d3	fsgnj.s	f17,f5,f7	  f5:0xff800000  f7:0x80000000 f17=0xff800000
     441595.000 ns	     44158	80009604	e0078fd3	fmv.x.w	x31,f15	 f15:0x7fc00000 x31=0x7fc00000
     441625.000 ns	     44161	80009608	28c31853	fmax.s	f16,f6,f12	  f6:0x1f350483 f12:0x7fc00000 f16=0x1f350483
     441655.000 ns	     44164	8000960c	f0008b53	fmv.w.x	f22,x1	  x1:0x00000040 f22=0x00000040
     441685.000 ns	     44167	80009610	03913b33	mulhu	x22,x2,x25	  x2:0x00000040 x25:0xffffffff x22=0x0000003f
     441715.000 ns	     44170	80009614	f00c8d53	fmv.w.x	f26,x25	 x25:0xffffffff f26=0xffffffff
     441745.000 ns	     44173	80009618	02848a33	mul	x20,x9,x8	  x9:0x00000000  x8:0x00000001 x20=0x00000000
     441765.000 ns	     44175	8000961c	3f1502b7	lui	x5,0x3f150	  x5=0x3f150000
     441785.000 ns	     44177	80009620	a1fb0353	fle.s	x6,f22,f31	 f22:0x00000040 f31:0x00000000  x6=0x00000000
     441815.000 ns	     44180	80009624	29df00d3	fmin.s	f1,f30,f29	 f30:0x7fc00000 f29:0x7fc00000  f1=0x7fc00000
     441845.000 ns	     44183	80009628	218286d3	fsgnj.s	f13,f5,f24	  f5:0xff800000 f24:0x473501cb f13=0x7f800000
     441875.000 ns	     44186	8000962c	c01b0553	fcvt.wu.s	x10,f22	 f22:0x00000040 x10=0x00000000
     441905.000 ns	     44189	80009630	035d4033	div	x0,x26,x21	 x26:0x00000000 x21:0x00000000
     441955.000 ns	     44194	80009634	09f288d3	fsub.s	f17,f5,f31	  f5:0xff800000 f31:0x00000000 f17=0xff800000
     441985.000 ns	     44197	80009638	a0751ed3	flt.s	x29,f10,f7	 f10:0x80040986  f7:0x80000000 x29=0x00000001
     442015.000 ns	     44200	8000963c	d01c75d3	fcvt.s.wu	f11,x24	 x24:0x00000000 f11=0x00000000
     442385.000 ns	     44237	80009640	028b6b33	rem	x22,x22,x8	 x22:0x0000003f  x8:0x00000001 x22=0x00000000
     442415.000 ns	     44240	80009644	c0127ad3	fcvt.wu.s	x21,f4	  f4:0x00000000 x21=0x00000000
     442435.000 ns	     44242	80009648	1abe2893	slti	x17,x28,427	 x28:0x7fffffff x17=0x00000000
     442455.000 ns	     44244	8000964c	e00d0c53	fmv.x.w	x24,f26	 f26:0xffffffff x24=0xffffffff
     442495.000 ns	     44248	80009650	580f83d3	fsqrt.s	f7,f31	 f31:0x00000000  f7=0x00000000
     442525.000 ns	     44251	80009654	a060a453	feq.s	x8,f1,f6	  f1:0x7fc00000  f6:0x1f350483  x8=0x00000000
     442545.000 ns	     44253	80009658	002557b3	srl	x15,x10,x2	 x10:0x00000000  x2:0x00000040 x15=0x00000000
     442555.000 ns	     44254	8000965c	6f9e4e13	xori	x28,x28,1785	 x28:0x7fffffff x28=0x7ffff906
     442575.000 ns	     44256	80009660	28250453	fmin.s	f8,f10,f2	 f10:0x80040986  f2:0x7fc00000  f8=0x80040986
     442595.000 ns	     44258	80009664	00929d33	sll	x26,x5,x9	  x5:0x3f150000  x9:0x00000000 x26=0x3f150000
     442615.000 ns	     44260	80009668	207e18d3	fsgnjn.s	f17,f28,f7	 f28:0x0046f53e  f7:0x00000000 f17=0x8046f53e
     442635.000 ns	     44262	8000966c	4a249c97	auipc	x25,0x4a249	 x25=0xca25266c
     442995.000 ns	     44298	80009670	023753b3	divu	x7,x14,x3	 x14:0x80041024  x3:0xfffff910  x7=0x00000000
     443025.000 ns	     44301	80009674	d016f8d3	fcvt.s.wu	f17,x13	 x13:0x00000000 f17=0x00000000
     443045.000 ns	     44303	80009678	007b6b33	or	x22,x22,x7	 x22:0x00000000  x7:0x00000000 x22=0x00000000
     443055.000 ns	     44304	8000967c	409ed333	sra	x6,x29,x9	 x29:0x00000001  x9:0x00000000  x6=0x00000001
     443085.000 ns	     44307	80009680	11ad8f53	fmul.s	f30,f27,f26	 f27:0xbf800000 f26:0xffffffff f30=0x7fc00000
     443105.000 ns	     44309	80009684	00d26433	or	x8,x4,x13	  x4:0x00000001 x13:0x00000000  x8=0x00000001
     443115.000 ns	     44310	80009688	403e5a93	srai	x21,x28,0x3	 x28:0x7ffff906 x21=0x0fffff20
     443135.000 ns	     44312	8000968c	e00b8653	fmv.x.w	x12,f23	 f23:0xc29e0000 x12=0xc29e0000
     443155.000 ns	     44314	80009690	24e38b17	auipc	x22,0x24e38	 x22=0xa4e41690
     443165.000 ns	     44315	80009694	5c046693	ori	x13,x8,1472	  x8:0x00000001 x13=0x000005c1
     443195.000 ns	     44318	80009698	580a7253	fsqrt.s	f4,f20	 f20:0x7fc00000  f4=0x7fc00000
     443225.000 ns	     44321	8000969c	c0077453	fcvt.w.s	x8,f14	 f14:0x2145951c  x8=0x00000000
     443245.000 ns	     44323	800096a0	000a5f93	srli	x31,x20,0x0	 x20:0x00000000 x31=0x00000000
     443255.000 ns	     44324	800096a4	015193b3	sll	x7,x3,x21	  x3:0xfffff910 x21:0x0fffff20  x7=0xfffff910
     443295.000 ns	     44328	800096a8	01bfff53	fadd.s	f30,f31,f27	 f31:0x00000000 f27:0xbf800000 f30=0xbf800000
     443325.000 ns	     44331	800096ac	a0f086d3	fle.s	x13,f1,f15	  f1:0x7fc00000 f15:0x7fc00000 x13=0x00000000
     443345.000 ns	     44333	800096b0	00245033	srl	x0,x8,x2	  x8:0x00000000  x2:0x00000040
     443355.000 ns	     44334	800096b4	08ce6113	ori	x2,x28,140	 x28:0x7ffff906  x2=0x7ffff98e
     443375.000 ns	     44336	800096b8	e0029dd3	fclass.s	x27,f5	  f5:0xff800000 x27=0x00000001
     443405.000 ns	     44339	800096bc	e00d9053	fclass.s	x0,f27	 f27:0xbf800000
     443435.000 ns	     44342	800096c0	a0502cd3	feq.s	x25,f0,f5	  f0:0x0046f53e  f5:0xff800000 x25=0x00000000
     443455.000 ns	     44344	800096c4	40d08a33	sub	x20,x1,x13	  x1:0x00000040 x13:0x00000000 x20=0x00000040
     443475.000 ns	     44346	800096c8	c0102dd3	fcvt.wu.s	x27,f0	  f0:0x0046f53e x27=0x00000000
     443505.000 ns	     44349	800096cc	f00000d3	fmv.w.x	f1,x0	  x0:0x00000000  f1=0x00000000
     443535.000 ns	     44352	800096d0	02a3b1b3	mulhu	x3,x7,x10	  x7:0xfffff910 x10:0x00000000  x3=0x00000000
     443905.000 ns	     44389	800096d4	024179b3	remu	x19,x2,x4	  x2:0x7ffff98e  x4:0x00000001 x19=0x00000000
     443935.000 ns	     44392	800096d8	e0070a53	fmv.x.w	x20,f14	 f14:0x2145951c x20=0x2145951c
     443955.000 ns	     44394	800096dc	40815193	srai	x3,x2,0x8	  x2:0x7ffff98e  x3=0x007ffff9
     443965.000 ns	     44395	800096e0	012d2eb3	slt	x29,x26,x18	 x26:0x3f150000 x18:0x80040fe4 x29=0x00000000
     443975.000 ns	     44396	800096e4	01319b13	slli	x22,x3,0x13	  x3:0x00000000 x22=0xffc80000
     443985.000 ns	     44397	800096e8	0111e533	or	x10,x3,x17	  x3:0x007ffff9 x17:0x00000000 x10=0x007ffff9
     444005.000 ns	     44399	800096ec	030d9bb3	mulh	x23,x27,x16	 x27:0x00000000 x16:0x00000002 x23=0x00000000
     444025.000 ns	     44401	800096f0	914bf693	andi	x13,x23,-1772	 x23:0x0000004f x13=0x00000000
     444035.000 ns	     44402	800096f4	4195d993	srai	x19,x11,0x19	 x11:0xffffffb1 x19=0xffffffff
     444055.000 ns	     44404	800096f8	20a00dd3	fsgnj.s	f27,f0,f10	  f0:0x0046f53e f10:0x80040986 f27=0x8046f53e
     444085.000 ns	     44407	800096fc	0371c433	div	x8,x3,x23	  x3:0x007ffff9 x23:0x00000000  x8=0xffffffff
     444105.000 ns	     44409	80009700	0032b3b3	sltu	x7,x5,x3	  x5:0x3f150000  x3:0x007ffff9  x7=0x00000000
     444115.000 ns	     44410	80009704	013dcbb3	xor	x23,x27,x19	 x27:0x00000000 x19:0xffffffff x23=0xffffffff
     444145.000 ns	     44413	80009708	19d273d3	fdiv.s	f7,f4,f29	  f4:0x7fc00000 f29:0x7fc00000  f7=0x7fc00000
     444165.000 ns	     44415	8000970c	00233db3	sltu	x27,x6,x2	  x6:0x00000001  x2:0x7ffff98e x27=0x00000001
     444175.000 ns	     44416	80009710	01e1d793	srli	x15,x3,0x1e	  x3:0x007ffff9 x15=0x00000000
     444185.000 ns	     44417	80009714	0174f3b3	and	x7,x9,x23	  x9:0x00000000 x23:0xffffffff  x7=0x00000000
     444195.000 ns	     44418	80009718	005fbeb3	sltu	x29,x31,x5	 x31:0x00000000  x5:0x3f150000 x29=0x00000001
     444215.000 ns	     44420	8000971c	21e788d3	fsgnj.s	f17,f15,f30	 f15:0x7fc00000 f30:0xbf800000 f17=0xffc00000
     444245.000 ns	     44423	80009720	21590653	fsgnj.s	f12,f18,f21	 f18:0xffc00000 f21:0x7fc00000 f12=0x7fc00000
     444265.000 ns	     44425	80009724	01a7d593	srli	x11,x15,0x1a	 x15:0x00000000 x11=0x00000000
     444275.000 ns	     44426	80009728	00687633	and	x12,x16,x6	 x16:0x00000002  x6:0x00000001 x12=0x00000000
     444285.000 ns	     44427	8000972c	01fa5eb3	srl	x29,x20,x31	 x20:0x2145951c x31:0x00000000 x29=0x2145951c
     444305.000 ns	     44429	80009730	c01977d3	fcvt.wu.s	x15,f18	 f18:0xffc00000 x15=0xffffffff
     444335.000 ns	     44432	80009734	e0009e53	fclass.s	x28,f1	  f1:0x00000000 x28=0x00000010
     444355.000 ns	     44434	80009738	0061deb3	srl	x29,x3,x6	  x3:0x007ffff9  x6:0x00000001 x29=0x003ffffc
     444375.000 ns	     44436	8000973c	a1801b53	flt.s	x22,f0,f24	  f0:0x0046f53e f24:0x473501cb x22=0x00000001
     444405.000 ns	     44439	80009740	f0090ad3	fmv.w.x	f21,x18	 x18:0x80040fe4 f21=0x80040fe4
     444435.000 ns	     44442	80009744	20399953	fsgnjn.s	f18,f19,f3	 f19:0x7fc00000  f3:0x1f350483 f18=0xffc00000
     444465.000 ns	     44445	80009748	e00206d3	fmv.x.w	x13,f4	  f4:0x7fc00000 x13=0x7fc00000
     444495.000 ns	     44448	8000974c	d0047ad3	fcvt.s.w	f21,x8	  x8:0xffffffff f21=0xbf800000
     444515.000 ns	     44450	80009750	00ceeab3	or	x21,x29,x12	 x29:0x003ffffc x12:0x00000000 x21=0x003ffffc
     444535.000 ns	     44452	80009754	28148053	fmin.s	f0,f9,f1	  f9:0x00000000  f1:0x00000000  f0=0x00000000
     444555.000 ns	     44454	80009758	002c74b3	and	x9,x24,x2	 x24:0xffffffff  x2:0x7ffff98e  x9=0x7ffff98e
     444575.000 ns	     44456	8000975c	a06b9653	flt.s	x12,f23,f6	 f23:0xc29e0000  f6:0x1f350483 x12=0x00000001
     444595.000 ns	     44458	80009760	89137897	auipc	x17,0x89137	 x17=0x09140760
     444615.000 ns	     44460	80009764	f00189d3	fmv.w.x	f19,x3	  x3:0x007ffff9 f19=0x007ffff9
     444635.000 ns	     44462	80009768	00c79a33	sll	x20,x15,x12	 x15:0xffffffff x12:0x00000001 x20=0xfffffffe
     444645.000 ns	     44463	8000976c	014f2533	slt	x10,x30,x20	 x30:0x00000002 x20:0x2145951c x10=0x00000000
     444665.000 ns	     44465	80009770	2184ac53	fsgnjx.s	f24,f9,f24	  f9:0x00000000 f24:0x473501cb f24=0x00000000
     444695.000 ns	     44468	80009774	20d580d3	fsgnj.s	f1,f11,f13	 f11:0x00000000 f13:0x7f800000  f1=0x00000000
     445065.000 ns	     44505	80009778	03aedd33	divu	x26,x29,x26	 x29:0x003ffffc x26:0x3f150000 x26=0x00000000
     445085.000 ns	     44507	8000977c	40455993	srai	x19,x10,0x4	 x10:0x00000000 x19=0x00000000
     445105.000 ns	     44509	80009780	f00b8ed3	fmv.w.x	f29,x23	 x23:0xffffffff f29=0xffffffff
     445135.000 ns	     44512	80009784	d01bfd53	fcvt.s.wu	f26,x23	 x23:0xffffffff f26=0x4f7fffff
     445165.000 ns	     44515	80009788	e0019353	fclass.s	x6,f3	  f3:0x1f350483  x6=0x00000040
     445195.000 ns	     44518	8000978c	21768fd3	fsgnj.s	f31,f13,f23	 f13:0x7f800000 f23:0xc29e0000 f31=0xff800000
     445215.000 ns	     44520	80009790	0045dfb3	srl	x31,x11,x4	 x11:0x00000000  x4:0x00000001 x31=0x00000000
     445235.000 ns	     44522	80009794	a00d25d3	feq.s	x11,f26,f0	 f26:0x4f7fffff  f0:0x00000000 x11=0x00000000
     445275.000 ns	     44526	80009798	18d4fed3	fdiv.s	f29,f9,f13	  f9:0x00000000 f13:0x7f800000 f29=0x00000000
     445305.000 ns	     44529	8000979c	02140433	mul	x8,x8,x1	  x8:0xffffffff  x1:0x00000040  x8=0xffffffc0
     445345.000 ns	     44533	800097a0	1807f953	fdiv.s	f18,f15,f0	 f15:0x7fc00000  f0:0x00000000 f18=0x7fc00000
     445365.000 ns	     44535	800097a4	016ef233	and	x4,x29,x22	 x29:0x003ffffc x22:0x00000001  x4=0x00000000
     445385.000 ns	     44537	800097a8	c00cf053	fcvt.w.s	x0,f25	 f25:0x00000000
     445405.000 ns	     44539	800097ac	01408333	add	x6,x1,x20	  x1:0x00000040 x20:0xfffffffe  x6=0x0000003e
     445425.000 ns	     44541	800097b0	e0010ad3	fmv.x.w	x21,f2	  f2:0x7fc00000 x21=0x7fc00000
     445455.000 ns	     44544	800097b4	a134a053	feq.s	x0,f9,f19	  f9:0x00000000 f19:0x007ffff9
     445475.000 ns	     44546	800097b8	40580eb3	sub	x29,x16,x5	 x16:0x00000002  x5:0x3f150000 x29=0xc0eb0002
     445495.000 ns	     44548	800097bc	e00380d3	fmv.x.w	x1,f7	  f7:0x7fc00000  x1=0x7fc00000
     445525.000 ns	     44551	800097c0	e00d9cd3	fclass.s	x25,f27	 f27:0x8046f53e x25=0x00000004
     445555.000 ns	     44554	800097c4	03ec3e33	mulhu	x28,x24,x30	 x24:0xffffffff x30:0x00000002 x28=0x00000001
     445585.000 ns	     44557	800097c8	02b1feb3	remu	x29,x3,x11	  x3:0x007ffff9 x11:0x00000000 x29=0x007ffff9
     445605.000 ns	     44559	800097cc	64fa8393	addi	x7,x21,1615	 x21:0x7fc00000  x7=0x7fc0064f
     445635.000 ns	     44562	800097d0	18f14f53	fdiv.s	f30,f2,f15	  f2:0x7fc00000 f15:0x7fc00000 f30=0x7fc00000
     446005.000 ns	     44599	800097d4	0239d533	divu	x10,x19,x3	 x19:0x00000000  x3:0x007ffff9 x10=0x00000000
     446035.000 ns	     44602	800097d8	e00b17d3	fclass.s	x15,f22	 f22:0x00000040 x15=0x00000020
     446065.000 ns	     44605	800097dc	20b82753	fsgnjx.s	f14,f16,f11	 f16:0x1f350483 f11:0x00000000 f14=0x1f350483
     446115.000 ns	     44610	800097e0	099c73d3	fsub.s	f7,f24,f25	 f24:0x00000000 f25:0x00000000  f7=0x80000000
     446135.000 ns	     44612	800097e4	84d77b93	andi	x23,x14,-1971	 x14:0x80041024 x23=0x80041004
     446165.000 ns	     44615	800097e8	196c36d3	fdiv.s	f13,f24,f22	 f24:0x00000000 f22:0x00000040 f13=0x00000000
     446215.000 ns	     44620	800097ec	0038fed3	fadd.s	f29,f17,f3	 f17:0xffc00000  f3:0x1f350483 f29=0x7fc00000
     446245.000 ns	     44623	800097f0	02b49633	mulh	x12,x9,x11	  x9:0x7ffff98e x11:0x00000000 x12=0x00000000
     446275.000 ns	     44626	800097f4	f0058ad3	fmv.w.x	f21,x11	 x11:0x00000000 f21=0x00000000
     446315.000 ns	     44630	800097f8	580c0253	fsqrt.s	f4,f24	 f24:0x00000000  f4=0x00000000
     446345.000 ns	     44633	800097fc	a1521ed3	flt.s	x29,f4,f21	  f4:0x7fc00000 f21:0x00000000 x29=0x00000000
     446375.000 ns	     44636	80009800	d0109ed3	fcvt.s.wu	f29,x1	  x1:0x7fc00000 f29=0x4eff8000
     446405.000 ns	     44639	80009804	02e51a33	mulh	x20,x10,x14	 x10:0x00000000 x14:0x80041024 x20=0x00000000
     446435.000 ns	     44642	80009808	03082633	mulhsu	x12,x16,x16	 x16:0x00000002 x16:0x00000002 x12=0x00000000
     446465.000 ns	     44645	8000980c	29bf0053	fmin.s	f0,f30,f27	 f30:0x7fc00000 f27:0x8046f53e  f0=0x8046f53e
     446495.000 ns	     44648	80009810	02a7ea33	rem	x20,x15,x10	 x15:0x00000020 x10:0x00000000 x20=0x00000020
     446525.000 ns	     44651	80009814	a0aa2153	feq.s	x2,f20,f10	 f20:0x7fc00000 f10:0x80040986  x2=0x00000000
     446545.000 ns	     44653	80009818	00560433	add	x8,x12,x5	 x12:0x00000000  x5:0x3f150000  x8=0x3f150000
     446565.000 ns	     44655	8000981c	214b0453	fsgnj.s	f8,f22,f20	 f22:0x00000040 f20:0x7fc00000  f8=0x00000040
     446595.000 ns	     44658	80009820	21f8a2d3	fsgnjx.s	f5,f17,f31	 f17:0xffc00000 f31:0xff800000  f5=0x7fc00000
     446615.000 ns	     44660	80009824	badc8013	addi	x0,x25,-1107	 x25:0x00000004
     446635.000 ns	     44662	80009828	025e81b3	mul	x3,x29,x5	 x29:0x00000000  x5:0x3f150000  x3=0x00000000
     446665.000 ns	     44665	8000982c	a1ab8b53	fle.s	x22,f23,f26	 f23:0xc29e0000 f26:0x4f7fffff x22=0x00000001
     446685.000 ns	     44667	80009830	400252b3	sra	x5,x4,x0	  x4:0x00000000  x0:0x00000000  x5=0x00000000
     446705.000 ns	     44669	80009834	215c9c53	fsgnjn.s	f24,f25,f21	 f25:0x00000000 f21:0x00000000 f24=0x80000000
     446735.000 ns	     44672	80009838	e0011253	fclass.s	x4,f2	  f2:0x7fc00000  x4=0x00000200
     446755.000 ns	     44674	8000983c	40985013	srai	x0,x16,0x9	 x16:0x00000002
     446765.000 ns	     44675	80009840	304cef93	ori	x31,x25,772	 x25:0x00000004 x31=0x00000304
     446805.000 ns	     44679	80009844	083300d3	fsub.s	f1,f6,f3	  f6:0x1f350483  f3:0x1f350483  f1=0x80000000
     446845.000 ns	     44683	80009848	10eaacd3	fmul.s	f25,f21,f14	 f21:0x00000000 f14:0x1f350483 f25=0x00000000
     446865.000 ns	     44685	8000984c	c2e38613	addi	x12,x7,-978	  x7:0x7fc0064f x12=0x7fc0027d
     446885.000 ns	     44687	80009850	033637b3	mulhu	x15,x12,x19	 x12:0x00000000 x19:0x00000000 x15=0x00000000
     446915.000 ns	     44690	80009854	0346aa33	mulhsu	x20,x13,x20	 x13:0x7fc00000 x20:0x00000020 x20=0x0000000f
     446965.000 ns	     44695	80009858	0059c353	fadd.s	f6,f19,f5	 f19:0x007ffff9  f5:0x7fc00000  f6=0x7fc00000
     446995.000 ns	     44698	8000985c	c01bf0d3	fcvt.wu.s	x1,f23	 f23:0xc29e0000  x1=0x0000004f
     447045.000 ns	     44703	80009860	00bd0653	fadd.s	f12,f26,f11	 f26:0x4f7fffff f11:0x00000000 f12=0x4f7fffff
     447065.000 ns	     44705	80009864	2b37e313	ori	x6,x15,691	 x15:0x00000000  x6=0x000002b3
     447085.000 ns	     44707	80009868	028b0bb3	mul	x23,x22,x8	 x22:0x00000001  x8:0x3f150000 x23=0x3f150000
     447105.000 ns	     44709	8000986c	01749fb3	sll	x31,x9,x23	  x9:0x7ffff98e x23:0x80041004 x31=0x7ffff98e
     447125.000 ns	     44711	80009870	f00888d3	fmv.w.x	f17,x17	 x17:0x09140760 f17=0x09140760
     447495.000 ns	     44748	80009874	038af1b3	remu	x3,x21,x24	 x21:0x7fc00000 x24:0xffffffff  x3=0x7fc00000
     447515.000 ns	     44750	80009878	51ccc213	xori	x4,x25,1308	 x25:0x00000004  x4=0x00000518
     447535.000 ns	     44752	8000987c	02479533	mulh	x10,x15,x4	 x15:0x00000000  x4:0x00000200 x10=0x00000000
     447555.000 ns	     44754	80009880	7eb37f93	andi	x31,x6,2027	  x6:0x000002b3 x31=0x000002a3
     447575.000 ns	     44756	80009884	03c42d33	mulhsu	x26,x8,x28	  x8:0x3f150000 x28:0x00000001 x26=0x00000000
     447595.000 ns	     44758	80009888	01c12d33	slt	x26,x2,x28	  x2:0x00000000 x28:0x00000001 x26=0x00000001
     447615.000 ns	     44760	8000988c	e0078e53	fmv.x.w	x28,f15	 f15:0x7fc00000 x28=0x7fc00000
     447645.000 ns	     44763	80009890	20782f53	fsgnjx.s	f30,f16,f7	 f16:0x1f350483  f7:0x80000000 f30=0x9f350483
     447695.000 ns	     44768	80009894	08a93b53	fsub.s	f22,f18,f10	 f18:0x7fc00000 f10:0x80040986 f22=0x7fc00000
     447715.000 ns	     44770	80009898	01da9113	slli	x2,x21,0x1d	 x21:0x7fc00000  x2=0x00000000
     447725.000 ns	     44771	8000989c	3250e193	ori	x3,x1,805	  x1:0x0000004f  x3=0x0000036f
     447745.000 ns	     44773	800098a0	a10710d3	flt.s	x1,f14,f16	 f14:0x1f350483 f16:0x1f350483  x1=0x00000000
     447775.000 ns	     44776	800098a4	020446b3	div	x13,x8,x0	  x8:0x3f150000  x0:0x00000000 x13=0xffffffff
     447815.000 ns	     44780	800098a8	11913e53	fmul.s	f28,f2,f25	  f2:0x7fc00000 f25:0x00000000 f28=0x7fc00000
     447845.000 ns	     44783	800098ac	a13012d3	flt.s	x5,f0,f19	  f0:0x8046f53e f19:0x007ffff9  x5=0x00000001
     447875.000 ns	     44786	800098b0	29298c53	fmin.s	f24,f19,f18	 f19:0x007ffff9 f18:0x7fc00000 f24=0x007ffff9
     447895.000 ns	     44788	800098b4	00d81c33	sll	x24,x16,x13	 x16:0x00000002 x13:0xffffffff x24=0x00000000
     448255.000 ns	     44824	800098b8	02da6e33	rem	x28,x20,x13	 x20:0x0000000f x13:0xffffffff x28=0x00000000
     448625.000 ns	     44861	800098bc	027475b3	remu	x11,x8,x7	  x8:0x3f150000  x7:0x7fc0064f x11=0x3f150000
     448655.000 ns	     44864	800098c0	0336fcb3	remu	x25,x13,x19	 x13:0xffffffff x19:0x00000000 x25=0xffffffff
     448685.000 ns	     44867	800098c4	a14504d3	fle.s	x9,f10,f20	 f10:0x80040986 f20:0x7fc00000  x9=0x00000000
     448705.000 ns	     44869	800098c8	40e353b3	sra	x7,x6,x14	  x6:0x000002b3 x14:0x80041024  x7=0x0000002b
     448715.000 ns	     44870	800098cc	01079fb3	sll	x31,x15,x16	 x15:0x00000000 x16:0x00000002 x31=0x00000000
     448735.000 ns	     44872	800098d0	21530353	fsgnj.s	f6,f6,f21	  f6:0x7fc00000 f21:0x00000000  f6=0x7fc00000
     448765.000 ns	     44875	800098d4	29b69ad3	fmax.s	f21,f13,f27	 f13:0x00000000 f27:0x8046f53e f21=0x00000000
     448795.000 ns	     44878	800098d8	291406d3	fmin.s	f13,f8,f17	  f8:0x00000040 f17:0x09140760 f13=0x00000040
     448825.000 ns	     44881	800098dc	28528bd3	fmin.s	f23,f5,f5	  f5:0x7fc00000  f5:0x7fc00000 f23=0x7fc00000
     449195.000 ns	     44918	800098e0	030d4333	div	x6,x26,x16	 x26:0x00000001 x16:0x00000002  x6=0x00000000
     449225.000 ns	     44921	800098e4	a07c0bd3	fle.s	x23,f24,f7	 f24:0x007ffff9  f7:0x80000000 x23=0x00000000
     449255.000 ns	     44924	800098e8	03c08bb3	mul	x23,x1,x28	  x1:0x00000000 x28:0x00000000 x23=0x00000000
     449285.000 ns	     44927	800098ec	03e09433	mulh	x8,x1,x30	  x1:0x00000000 x30:0x00000002  x8=0x00000000
     449315.000 ns	     44930	800098f0	026574b3	remu	x9,x10,x6	 x10:0x00000000  x6:0x00000000  x9=0x00000000
     449345.000 ns	     44933	800098f4	29428bd3	fmin.s	f23,f5,f20	  f5:0x7fc00000 f20:0x7fc00000 f23=0x7fc00000
     449365.000 ns	     44935	800098f8	01612eb3	slt	x29,x2,x22	  x2:0x00000000 x22:0x00000001 x29=0x00000001
     449385.000 ns	     44937	800098fc	a02d1053	flt.s	x0,f26,f2	 f26:0x4f7fffff  f2:0x7fc00000
     449415.000 ns	     44940	80009900	a015ad53	feq.s	x26,f11,f1	 f11:0x00000000  f1:0x80000000 x26=0x00000001
     449435.000 ns	     44942	80009904	01fe1e13	slli	x28,x28,0x1f	 x28:0x00000000 x28=0x00000000
     449455.000 ns	     44944	80009908	20451e53	fsgnjn.s	f28,f10,f4	 f10:0x80040986  f4:0x00000000 f28=0x80040986
     449475.000 ns	     44946	8000990c	4ae5b693	sltiu	x13,x11,1198	 x11:0x3f150000 x13=0x00000000
     449495.000 ns	     44948	80009910	d0161e53	fcvt.s.wu	f28,x12	 x12:0x7fc0027d f28=0x4eff8004
     449525.000 ns	     44951	80009914	02b6a6b3	mulhsu	x13,x13,x11	 x13:0xffffffff x11:0x3f150000 x13=0x00000000
     449575.000 ns	     44956	80009918	014379d3	fadd.s	f19,f6,f20	  f6:0x7fc00000 f20:0x7fc00000 f19=0x7fc00000
     449595.000 ns	     44958	8000991c	411c5fb3	sra	x31,x24,x17	 x24:0x00000000 x17:0x09140760 x31=0x00000000
     449605.000 ns	     44959	80009920	0123e8b3	or	x17,x7,x18	  x7:0x0000002b x18:0x80040fe4 x17=0x80040fef
     449615.000 ns	     44960	80009924	8668a493	slti	x9,x17,-1946	 x17:0x09140760  x9=0x00000001
     449635.000 ns	     44962	80009928	031c83b3	mul	x7,x25,x17	 x25:0xffffffff x17:0x09140760  x7=0x7ffbf011
     449665.000 ns	     44965	8000992c	03928eb3	mul	x29,x5,x25	  x5:0x00000001 x25:0xffffffff x29=0xffffffff
     449695.000 ns	     44968	80009930	03d73233	mulhu	x4,x14,x29	 x14:0x80041024 x29:0x00000001  x4=0x80041023
     450065.000 ns	     45005	80009934	03b1d633	divu	x12,x3,x27	  x3:0x0000036f x27:0x00000001 x12=0x0000036f
     450095.000 ns	     45008	80009938	a066a5d3	feq.s	x11,f13,f6	 f13:0x00000040  f6:0x7fc00000 x11=0x00000000
     450115.000 ns	     45010	8000993c	3ed9bf13	sltiu	x30,x19,1005	 x19:0x00000000 x30=0x00000001
     450135.000 ns	     45012	80009940	e0021cd3	fclass.s	x25,f4	  f4:0x00000000 x25=0x00000010
     451315.000 ns	     45130	80009944	58047053	fsqrt.s	f0,f8	  f8:0x00000040  f0=0x1f3504de
     451355.000 ns	     45134	80009948	11e07b53	fmul.s	f22,f0,f30	  f0:0x8046f53e f30:0x9f350483 f22=0xfeffff44
     451385.000 ns	     45137	8000994c	f0078b53	fmv.w.x	f22,x15	 x15:0x00000000 f22=0x00000000
     451425.000 ns	     45141	80009950	1165f153	fmul.s	f2,f11,f22	 f11:0x00000000 f22:0xfeffff44  f2=0x00000000
     451455.000 ns	     45144	80009954	c01f77d3	fcvt.wu.s	x15,f30	 f30:0x9f350483 x15=0x00000000
     451475.000 ns	     45146	80009958	00000013	addi	x0,x0,0	  x0:0x00000000
     451485.000 ns	     45147	8000995c	406954b3	sra	x9,x18,x6	 x18:0x80040fe4  x6:0x00000000  x9=0x80040fe4
     451505.000 ns	     45149	80009960	03d4bc33	mulhu	x24,x9,x29	  x9:0x00000001 x29:0xffffffff x24=0x80040fe3
     451535.000 ns	     45152	80009964	a143a553	feq.s	x10,f7,f20	  f7:0x80000000 f20:0x7fc00000 x10=0x00000000
     451555.000 ns	     45154	80009968	01df2a33	slt	x20,x30,x29	 x30:0x00000001 x29:0xffffffff x20=0x00000000
     451585.000 ns	     45157	8000996c	5800cb53	fsqrt.s	f22,f1	  f1:0x80000000 f22=0x80000000
     451615.000 ns	     45160	80009970	02896533	rem	x10,x18,x8	 x18:0x80040fe4  x8:0x00000000 x10=0x80040fe4
     451985.000 ns	     45197	80009974	02c5fa33	remu	x20,x11,x12	 x11:0x00000000 x12:0x0000036f x20=0x00000000
     452015.000 ns	     45200	80009978	c01133d3	fcvt.wu.s	x7,f2	  f2:0x00000000  x7=0x00000000
     452055.000 ns	     45204	8000997c	58027753	fsqrt.s	f14,f4	  f4:0x00000000 f14=0x00000000
     452395.000 ns	     45238	80009980	18351a53	fdiv.s	f20,f10,f3	 f10:0x80040986  f3:0x1f350483 f20=0x9e3662f3
     452425.000 ns	     45241	80009984	e0041fd3	fclass.s	x31,f8	  f8:0x00000040 x31=0x00000020
     452455.000 ns	     45244	80009988	f0050253	fmv.w.x	f4,x10	 x10:0x80040fe4  f4=0x80040fe4
     452475.000 ns	     45246	8000998c	5a783b13	sltiu	x22,x16,1447	 x16:0x00000002 x22=0x00000001
     452835.000 ns	     45282	80009990	0399d4b3	divu	x9,x19,x25	 x19:0x00000000 x25:0x00000010  x9=0x00000000
     452855.000 ns	     45284	80009994	4c80cb17	auipc	x22,0x4c80c	 x22=0xcc815994
     453215.000 ns	     45320	80009998	03906bb3	rem	x23,x0,x25	  x0:0x00000000 x25:0x00000010 x23=0x00000000
     453235.000 ns	     45322	8000999c	00465c13	srli	x24,x12,0x4	 x12:0x0000036f x24=0x00000036
     453255.000 ns	     45324	800099a0	031b2233	mulhsu	x4,x22,x17	 x22:0xcc815994 x17:0x80040fef  x4=0xe63fdb9a
     453285.000 ns	     45327	800099a4	a1c296d3	flt.s	x13,f5,f28	  f5:0x7fc00000 f28:0x4eff8004 x13=0x00000000
     453305.000 ns	     45329	800099a8	21a2c113	xori	x2,x5,538	  x5:0x00000001  x2=0x0000021b
     453315.000 ns	     45330	800099ac	01b69db3	sll	x27,x13,x27	 x13:0x00000000 x27:0x00000001 x27=0x00000000
     453355.000 ns	     45334	800099b0	014c37d3	fadd.s	f15,f24,f20	 f24:0x007ffff9 f20:0x9e3662f3 f15=0x9e3662f3
     453375.000 ns	     45336	800099b4	ffd36d93	ori	x27,x6,-3	  x6:0x00000000 x27=0xfffffffd
     453395.000 ns	     45338	800099b8	a0fea053	feq.s	x0,f29,f15	 f29:0x4eff8000 f15:0x9e3662f3
     453765.000 ns	     45375	800099bc	03224433	div	x8,x4,x18	  x4:0xe63fdb9a x18:0x80040fe4  x8=0x00000000
     453805.000 ns	     45379	800099c0	10e7a053	fmul.s	f0,f15,f14	 f15:0x9e3662f3 f14:0x00000000  f0=0x80000000
     453835.000 ns	     45382	800099c4	02cc0633	mul	x12,x24,x12	 x24:0x00000036 x12:0x0000036f x12=0x0000b96a
     453855.000 ns	     45384	800099c8	74434a13	xori	x20,x6,1860	  x6:0x00000000 x20=0x00000744
     453865.000 ns	     45385	800099cc	b94e6313	ori	x6,x28,-1132	 x28:0x00000000  x6=0xfffffb94
     454225.000 ns	     45421	800099d0	031fecb3	rem	x25,x31,x17	 x31:0x00000020 x17:0x80040fef x25=0x00000020
     454255.000 ns	     45424	800099d4	f00f8f53	fmv.w.x	f30,x31	 x31:0x00000020 f30=0x00000020
     454275.000 ns	     45426	800099d8	3b54ff13	andi	x30,x9,949	  x9:0x00000000 x30=0x00000000
     454295.000 ns	     45428	800099dc	a12c0053	fle.s	x0,f24,f18	 f24:0x007ffff9 f18:0x7fc00000
     454315.000 ns	     45430	800099e0	eebf6193	ori	x3,x30,-277	 x30:0x00000001  x3=0xfffffeeb
     454345.000 ns	     45433	800099e4	19b128d3	fdiv.s	f17,f2,f27	  f2:0x00000000 f27:0x8046f53e f17=0x80000000
     454375.000 ns	     45436	800099e8	a08d1cd3	flt.s	x25,f26,f8	 f26:0x4f7fffff  f8:0x00000040 x25=0x00000000
     454405.000 ns	     45439	800099ec	217ca1d3	fsgnjx.s	f3,f25,f23	 f25:0x00000000 f23:0x7fc00000  f3=0x00000000
     454435.000 ns	     45442	800099f0	025b9eb3	mulh	x29,x23,x5	 x23:0x00000000  x5:0x00000001 x29=0x00000000
     454455.000 ns	     45444	800099f4	97338e13	addi	x28,x7,-1677	  x7:0x00000000 x28=0xfffff973
     454465.000 ns	     45445	800099f8	011b45b3	xor	x11,x22,x17	 x22:0xcc815994 x17:0x80040fef x11=0x4c85567b
     454475.000 ns	     45446	800099fc	c99a4393	xori	x7,x20,-871	 x20:0x00000744  x7=0xfffffbdd
     454485.000 ns	     45447	80009a00	015b9e93	slli	x29,x23,0x15	 x23:0x00000000 x29=0x00000000
     454495.000 ns	     45448	80009a04	81b8ba13	sltiu	x20,x17,-2021	 x17:0x80040fef x20=0x00000001
     454525.000 ns	     45451	80009a08	1175fa53	fmul.s	f20,f11,f23	 f11:0x00000000 f23:0x7fc00000 f20=0x7fc00000
     454545.000 ns	     45453	80009a0c	0197d893	srli	x17,x15,0x19	 x15:0x00000000 x17=0x00000000
     454565.000 ns	     45455	80009a10	d00c0153	fcvt.s.w	f2,x24	 x24:0x00000036  f2=0x42580000
     454595.000 ns	     45458	80009a14	21408953	fsgnj.s	f18,f1,f20	  f1:0x80000000 f20:0x7fc00000 f18=0x00000000
     454615.000 ns	     45460	80009a18	00000013	addi	x0,x0,0	  x0:0x00000000
     454625.000 ns	     45461	80009a1c	da3b0297	auipc	x5,0xda3b0	  x5=0x5a3b9a1c
     454635.000 ns	     45462	80009a20	59848a13	addi	x20,x9,1432	  x9:0x00000000 x20=0x00000598
     454995.000 ns	     45498	80009a24	03b3f433	remu	x8,x7,x27	  x7:0xfffffbdd x27:0xfffffffd  x8=0xfffffbdd
     455015.000 ns	     45500	80009a28	f68814b7	lui	x9,0xf6881	  x9=0xf6881000
     455035.000 ns	     45502	80009a2c	d0168453	fcvt.s.wu	f8,x13	 x13:0x00000000  f8=0x00000000
     455065.000 ns	     45505	80009a30	02390ab3	mul	x21,x18,x3	 x18:0x80040fe4  x3:0xfffffeeb x21=0x7b9ace4c
     455085.000 ns	     45507	80009a34	41e78a33	sub	x20,x15,x30	 x15:0x00000000 x30:0x00000000 x20=0x00000000
     455105.000 ns	     45509	80009a38	d016ffd3	fcvt.s.wu	f31,x13	 x13:0x00000000 f31=0x00000000
     455155.000 ns	     45514	80009a3c	00fb75d3	fadd.s	f11,f22,f15	 f22:0x80000000 f15:0x9e3662f3 f11=0x9e3662f3
     455175.000 ns	     45516	80009a40	4187d893	srai	x17,x15,0x18	 x15:0x00000000 x17=0x00000000
     455205.000 ns	     45519	80009a44	10334d53	fmul.s	f26,f6,f3	  f6:0x7fc00000  f3:0x00000000 f26=0x7fc00000
     455235.000 ns	     45522	80009a48	f00c8bd3	fmv.w.x	f23,x25	 x25:0x00000000 f23=0x00000000
     455265.000 ns	     45525	80009a4c	a19212d3	flt.s	x5,f4,f25	  f4:0x80040fe4 f25:0x00000000  x5=0x00000001
     455295.000 ns	     45528	80009a50	a1922f53	feq.s	x30,f4,f25	  f4:0x80040fe4 f25:0x00000000 x30=0x00000000
     455315.000 ns	     45530	80009a54	085a46b7	lui	x13,0x85a4	 x13=0x085a4000
     455675.000 ns	     45566	80009a58	0354cdb3	div	x27,x9,x21	  x9:0xf6881000 x21:0x7b9ace4c x27=0x00000000
     455695.000 ns	     45568	80009a5c	03555897	auipc	x17,0x3555	 x17=0x8355ea5c
     455705.000 ns	     45569	80009a60	010523b3	slt	x7,x10,x16	 x10:0x80040fe4 x16:0x00000002  x7=0x00000001
     455715.000 ns	     45570	80009a64	7217ed13	ori	x26,x15,1825	 x15:0x00000000 x26=0x00000721
     455745.000 ns	     45573	80009a68	5803f753	fsqrt.s	f14,f7	  f7:0x80000000 f14=0x80000000
     455785.000 ns	     45577	80009a6c	10ea35d3	fmul.s	f11,f20,f14	 f20:0x7fc00000 f14:0x00000000 f11=0x7fc00000
     455805.000 ns	     45579	80009a70	a0c78493	addi	x9,x15,-1524	 x15:0x00000000  x9=0xfffffa0c
     455815.000 ns	     45580	80009a74	61b99637	lui	x12,0x61b99	 x12=0x61b99000
     455835.000 ns	     45582	80009a78	e0010c53	fmv.x.w	x24,f2	  f2:0x42580000 x24=0x42580000
     456205.000 ns	     45619	80009a7c	03c5f133	remu	x2,x11,x28	 x11:0x4c85567b x28:0xfffff973  x2=0x4c85567b
     456225.000 ns	     45621	80009a80	00af5f33	srl	x30,x30,x10	 x30:0x00000000 x10:0x80040fe4 x30=0x00000000
     456245.000 ns	     45623	80009a84	20259353	fsgnjn.s	f6,f11,f2	 f11:0x7fc00000  f2:0x42580000  f6=0xffc00000
     456295.000 ns	     45628	80009a88	09e38d53	fsub.s	f26,f7,f30	  f7:0x80000000 f30:0x00000020 f26=0x80000020
     456325.000 ns	     45631	80009a8c	c0167b53	fcvt.wu.s	x22,f12	 f12:0x4f7fffff x22=0xffffff00
     456345.000 ns	     45633	80009a90	417e06b3	sub	x13,x28,x23	 x28:0xfffff973 x23:0x00000000 x13=0xfffff973
     456355.000 ns	     45634	80009a94	41d15eb3	sra	x29,x2,x29	  x2:0x4c85567b x29:0x00000000 x29=0x4c85567b
     456365.000 ns	     45635	80009a98	00a4fa33	and	x20,x9,x10	  x9:0xfffffa0c x10:0x80040fe4 x20=0x80040a04
     456395.000 ns	     45638	80009a9c	1939cc53	fdiv.s	f24,f19,f19	 f19:0x7fc00000 f19:0x7fc00000 f24=0x7fc00000
     456425.000 ns	     45641	80009aa0	e0019ad3	fclass.s	x21,f3	  f3:0x00000000 x21=0x00000010
     456795.000 ns	     45678	80009aa4	03257eb3	remu	x29,x10,x18	 x10:0x80040fe4 x18:0x80040fe4 x29=0x00000000
     456825.000 ns	     45681	80009aa8	a0ad0153	fle.s	x2,f26,f10	 f26:0x80000020 f10:0x80040986  x2=0x00000000
     456855.000 ns	     45684	80009aac	030814b3	mulh	x9,x16,x16	 x16:0x00000002 x16:0x00000002  x9=0x00000000
     456885.000 ns	     45687	80009ab0	28289dd3	fmax.s	f27,f17,f2	 f17:0x80000000  f2:0x42580000 f27=0x42580000
     456905.000 ns	     45689	80009ab4	fa164d17	auipc	x26,0xfa164	 x26=0x7a16dab4
     456925.000 ns	     45691	80009ab8	e00891d3	fclass.s	x3,f17	 f17:0x80000000  x3=0x00000008
     456965.000 ns	     45695	80009abc	5804cfd3	fsqrt.s	f31,f9	  f9:0x00000000 f31=0x00000000
     456985.000 ns	     45697	80009ac0	00701fb3	sll	x31,x0,x7	  x0:0x00000000  x7:0x00000001 x31=0x00000000
     457005.000 ns	     45699	80009ac4	c01470d3	fcvt.wu.s	x1,f8	  f8:0x00000000  x1=0x00000000
     457025.000 ns	     45701	80009ac8	004ac8b3	xor	x17,x21,x4	 x21:0x00000010  x4:0xe63fdb9a x17=0xe63fdb8a
     457045.000 ns	     45703	80009acc	c00079d3	fcvt.w.s	x19,f0	  f0:0x80000000 x19=0x00000000
     457075.000 ns	     45706	80009ad0	a1a4ae53	feq.s	x28,f9,f26	  f9:0x00000000 f26:0x80000020 x28=0x00000000
     457105.000 ns	     45709	80009ad4	03963033	mulhu	x0,x12,x25	 x12:0x61b99000 x25:0x00000000
     457135.000 ns	     45712	80009ad8	03e8e533	rem	x10,x17,x30	 x17:0xe63fdb8a x30:0x00000000 x10=0xe63fdb8a
     457165.000 ns	     45715	80009adc	a0ec0553	fle.s	x10,f24,f14	 f24:0x7fc00000 f14:0x80000000 x10=0x00000000
     457185.000 ns	     45717	80009ae0	411f5f33	sra	x30,x30,x17	 x30:0x00000000 x17:0xe63fdb8a x30=0x00000000
     457545.000 ns	     45753	80009ae4	027274b3	remu	x9,x4,x7	  x4:0xe63fdb9a  x7:0x00000001  x9=0x00000000
     457585.000 ns	     45757	80009ae8	5805ffd3	fsqrt.s	f31,f11	 f11:0x7fc00000 f31=0x7fc00000
     457615.000 ns	     45760	80009aec	c01f76d3	fcvt.wu.s	x13,f30	 f30:0x00000020 x13=0x00000000
     457985.000 ns	     45797	80009af0	0358d3b3	divu	x7,x17,x21	 x17:0xe63fdb8a x21:0x00000010  x7=0x0e63fdb8
     458005.000 ns	     45799	80009af4	416183b3	sub	x7,x3,x22	  x3:0x00000008 x22:0xffffff00  x7=0x00000108
     458025.000 ns	     45801	80009af8	e00b07d3	fmv.x.w	x15,f22	 f22:0x80000000 x15=0x80000000
     458045.000 ns	     45803	80009afc	019b88b3	add	x17,x23,x25	 x23:0x00000000 x25:0x00000000 x17=0x00000000
     458055.000 ns	     45804	80009b00	01f9d433	srl	x8,x19,x31	 x19:0x00000000 x31:0x00000000  x8=0x00000000
     458065.000 ns	     45805	80009b04	9bc56eb7	lui	x29,0x9bc56	 x29=0x9bc56000
     458085.000 ns	     45807	80009b08	e00085d3	fmv.x.w	x11,f1	  f1:0x80000000 x11=0x80000000
     458455.000 ns	     45844	80009b0c	023cf7b3	remu	x15,x25,x3	 x25:0x00000000  x3:0x00000008 x15=0x00000000
     458505.000 ns	     45849	80009b10	00bef353	fadd.s	f6,f29,f11	 f29:0x4eff8000 f11:0x7fc00000  f6=0x7fc00000
     458535.000 ns	     45852	80009b14	02030f33	mul	x30,x6,x0	  x6:0xfffffb94  x0:0x00000000 x30=0x00000000
     458555.000 ns	     45854	80009b18	6f268f13	addi	x30,x13,1778	 x13:0x00000000 x30=0x000006f2
     458575.000 ns	     45856	80009b1c	03aab9b3	mulhu	x19,x21,x26	 x21:0x00000010 x26:0x7a16dab4 x19=0x00000007
     458595.000 ns	     45858	80009b20	799be413	ori	x8,x23,1945	 x23:0x00000000  x8=0x00000799
     458615.000 ns	     45860	80009b24	03163eb3	mulhu	x29,x12,x17	 x12:0x61b99000 x17:0x00000000 x29=0x00000000
     458645.000 ns	     45863	80009b28	03bdde33	divu	x28,x27,x27	 x27:0x00000000 x27:0x00000000 x28=0xffffffff
     458665.000 ns	     45865	80009b2c	63ca0393	addi	x7,x20,1596	 x20:0x80040a04  x7=0x80041040
     459025.000 ns	     45901	80009b30	03a170b3	remu	x1,x2,x26	  x2:0x00000000 x26:0x7a16dab4  x1=0x00000000
     459055.000 ns	     45904	80009b34	a176a0d3	feq.s	x1,f13,f23	 f13:0x00000040 f23:0x00000000  x1=0x00000000
     459075.000 ns	     45906	80009b38	8ac67e93	andi	x29,x12,-1876	 x12:0x61b99000 x29=0x61b99000
     459095.000 ns	     45908	80009b3c	295810d3	fmax.s	f1,f16,f21	 f16:0x1f350483 f21:0x00000000  f1=0x1f350483
     459125.000 ns	     45911	80009b40	a12908d3	fle.s	x17,f18,f18	 f18:0x00000000 f18:0x00000000 x17=0x00000001
     459145.000 ns	     45913	80009b44	ef58cc93	xori	x25,x17,-267	 x17:0x00000000 x25=0xfffffef4
     459505.000 ns	     45949	80009b48	0357de33	divu	x28,x15,x21	 x15:0x00000000 x21:0x00000010 x28=0x00000000
     459535.000 ns	     45952	80009b4c	c01572d3	fcvt.wu.s	x5,f10	 f10:0x80040986  x5=0x00000000
     459565.000 ns	     45955	80009b50	a0e22ed3	feq.s	x29,f4,f14	  f4:0x80040fe4 f14:0x80000000 x29=0x00000000
     459585.000 ns	     45957	80009b54	009eae33	slt	x28,x29,x9	 x29:0x61b99000  x9:0x00000000 x28=0x00000000
     459605.000 ns	     45959	80009b58	21439153	fsgnjn.s	f2,f7,f20	  f7:0x80000000 f20:0x7fc00000  f2=0x80000000
     459625.000 ns	     45961	80009b5c	007dec33	or	x24,x27,x7	 x27:0x00000000  x7:0x80041040 x24=0x80041040
     459635.000 ns	     45962	80009b60	00801893	slli	x17,x0,0x8	  x0:0x00000000 x17=0x00000000
     459645.000 ns	     45963	80009b64	1da38793	addi	x15,x7,474	  x7:0x80041040 x15=0x8004121a
     459655.000 ns	     45964	80009b68	b52af113	andi	x2,x21,-1198	 x21:0x00000010  x2=0x00000010
     459665.000 ns	     45965	80009b6c	41b85013	srai	x0,x16,0x1b	 x16:0x00000002
     459675.000 ns	     45966	80009b70	00000013	addi	x0,x0,0	  x0:0x00000000
     459685.000 ns	     45967	80009b74	01d67eb3	and	x29,x12,x29	 x12:0x61b99000 x29:0x00000000 x29=0x00000000
     459705.000 ns	     45969	80009b78	20ca2dd3	fsgnjx.s	f27,f20,f12	 f20:0x7fc00000 f12:0x4f7fffff f27=0x7fc00000
     459725.000 ns	     45971	80009b7c	01011c93	slli	x25,x2,0x10	  x2:0x00000010 x25=0x00100000
     459745.000 ns	     45973	80009b80	037809b3	mul	x19,x16,x23	 x16:0x00000002 x23:0x00000000 x19=0x00000000
     459775.000 ns	     45976	80009b84	a0ea92d3	flt.s	x5,f21,f14	 f21:0x00000000 f14:0x80000000  x5=0x00000000
     459795.000 ns	     45978	80009b88	001c6433	or	x8,x24,x1	 x24:0x80041040  x1:0x00000000  x8=0x80041040
     459805.000 ns	     45979	80009b8c	75ee6d93	ori	x27,x28,1886	 x28:0x00000000 x27=0x0000075e
     459815.000 ns	     45980	80009b90	002e53b3	srl	x7,x28,x2	 x28:0x00000000  x2:0x00000010  x7=0x00000000
     459825.000 ns	     45981	80009b94	95b26f13	ori	x30,x4,-1701	  x4:0xe63fdb9a x30=0xfffffbdb
     459835.000 ns	     45982	80009b98	417300b3	sub	x1,x6,x23	  x6:0xfffffb94 x23:0x00000000  x1=0xfffffb94
     459845.000 ns	     45983	80009b9c	018ce8b3	or	x17,x25,x24	 x25:0x00100000 x24:0x80041040 x17=0x80141040
     459875.000 ns	     45986	80009ba0	10eaf853	fmul.s	f16,f21,f14	 f21:0x00000000 f14:0x80000000 f16=0x80000000
     459895.000 ns	     45988	80009ba4	4154de13	srai	x28,x9,0x15	  x9:0x00000000 x28=0x00000000
     460255.000 ns	     46024	80009ba8	028fc3b3	div	x7,x31,x8	 x31:0x00000000  x8:0x80041040  x7=0x00000000
     460285.000 ns	     46027	80009bac	f00483d3	fmv.w.x	f7,x9	  x9:0x00000000  f7=0x00000000
     460305.000 ns	     46029	80009bb0	01eb70b3	and	x1,x22,x30	 x22:0xffffff00 x30:0xfffffbdb  x1=0xfffffb00
     460325.000 ns	     46031	80009bb4	290c8b53	fmin.s	f22,f25,f16	 f25:0x00000000 f16:0x80000000 f22=0x80000000
     460355.000 ns	     46034	80009bb8	21592e53	fsgnjx.s	f28,f18,f21	 f18:0x00000000 f21:0x00000000 f28=0x00000000
     460375.000 ns	     46036	80009bbc	000caeb3	slt	x29,x25,x0	 x25:0x00100000  x0:0x00000000 x29=0x00000000
     460405.000 ns	     46039	80009bc0	58097ad3	fsqrt.s	f21,f18	 f18:0x00000000 f21=0x00000000
     460425.000 ns	     46041	80009bc4	01f39a93	slli	x21,x7,0x1f	  x7:0x00000000 x21=0x00000000
     460445.000 ns	     46043	80009bc8	a1f00053	fle.s	x0,f0,f31	  f0:0x80000000 f31:0x7fc00000
     460465.000 ns	     46045	80009bcc	f9328193	addi	x3,x5,-109	  x5:0x00000000  x3=0xffffff93
     461545.000 ns	     46153	80009bd0	5806bcd3	fsqrt.s	f25,f13	 f13:0x00000040 f25=0x1f3504de
     461575.000 ns	     46156	80009bd4	e00a18d3	fclass.s	x17,f20	 f20:0x7fc00000 x17=0x00000200
     461605.000 ns	     46159	80009bd8	02aff7b3	remu	x15,x31,x10	 x31:0x00000000 x10:0x00000000 x15=0x00000000
     461625.000 ns	     46161	80009bdc	00165b33	srl	x22,x12,x1	 x12:0x61b99000  x1:0xfffffb00 x22=0x61b99000
     461665.000 ns	     46165	80009be0	08f2f4d3	fsub.s	f9,f5,f15	  f5:0x7fc00000 f15:0x9e3662f3  f9=0x7fc00000
     461695.000 ns	     46168	80009be4	c008fcd3	fcvt.w.s	x25,f17	 f17:0x80000000 x25=0x00000000
     461725.000 ns	     46171	80009be8	c000a4d3	fcvt.w.s	x9,f1	  f1:0x1f350483  x9=0x00000000
     461745.000 ns	     46173	80009bec	01c9d5b3	srl	x11,x19,x28	 x19:0x00000000 x28:0x00000000 x11=0x00000000
     461755.000 ns	     46174	80009bf0	41e0d693	srai	x13,x1,0x1e	  x1:0xfffffb00 x13=0xffffffff
     461775.000 ns	     46176	80009bf4	a17824d3	feq.s	x9,f16,f23	 f16:0x80000000 f23:0x00000000  x9=0x00000001
     461795.000 ns	     46178	80009bf8	bacc8d93	addi	x27,x25,-1108	 x25:0x00000000 x27=0xfffffbac
     461805.000 ns	     46179	80009bfc	40ad83b3	sub	x7,x27,x10	 x27:0x0000075e x10:0x00000000  x7=0xfffffbac
     461825.000 ns	     46181	80009c00	c00df7d3	fcvt.w.s	x15,f27	 f27:0x7fc00000 x15=0x7fffffff
     462195.000 ns	     46218	80009c04	0316cd33	div	x26,x13,x17	 x13:0xffffffff x17:0x00000200 x26=0x00000000
     462225.000 ns	     46221	80009c08	215c0e53	fsgnj.s	f28,f24,f21	 f24:0x7fc00000 f21:0x00000000 f28=0x7fc00000
     462255.000 ns	     46224	80009c0c	e00497d3	fclass.s	x15,f9	  f9:0x7fc00000 x15=0x00000200
     462275.000 ns	     46226	80009c10	9f9ef4b7	lui	x9,0x9f9ef	  x9=0x9f9ef000
     462285.000 ns	     46227	80009c14	3143f993	andi	x19,x7,788	  x7:0xfffffbac x19=0x00000304
     462305.000 ns	     46229	80009c18	208c0f53	fsgnj.s	f30,f24,f8	 f24:0x7fc00000  f8:0x00000000 f30=0x7fc00000
     462335.000 ns	     46232	80009c1c	a1020ad3	fle.s	x21,f4,f16	  f4:0x80040fe4 f16:0x80000000 x21=0x00000001
     462365.000 ns	     46235	80009c20	d01d7d53	fcvt.s.wu	f26,x26	 x26:0x00000000 f26=0x00000000
     462385.000 ns	     46237	80009c24	24623b13	sltiu	x22,x4,582	  x4:0xe63fdb9a x22=0x00000000
     462415.000 ns	     46240	80009c28	58023153	fsqrt.s	f2,f4	  f4:0x80040fe4  f2=0x7fc00000
     462435.000 ns	     46242	80009c2c	00322a33	slt	x20,x4,x3	  x4:0xe63fdb9a  x3:0xffffff93 x20=0x00000001
     462445.000 ns	     46243	80009c30	0138d893	srli	x17,x17,0x13	 x17:0x00000200 x17=0x00000000
     462455.000 ns	     46244	80009c34	00b35633	srl	x12,x6,x11	  x6:0xfffffb94 x11:0x00000000 x12=0xfffffb94
     462475.000 ns	     46246	80009c38	c01d7a53	fcvt.wu.s	x20,f26	 f26:0x00000000 x20=0x00000000
     462495.000 ns	     46248	80009c3c	00000013	addi	x0,x0,0	  x0:0x00000000
     462515.000 ns	     46250	80009c40	e0080f53	fmv.x.w	x30,f16	 f16:0x80000000 x30=0x80000000
     462545.000 ns	     46253	80009c44	a17708d3	fle.s	x17,f14,f23	 f14:0x80000000 f23:0x00000000 x17=0x00000001
     462565.000 ns	     46255	80009c48	014c2233	slt	x4,x24,x20	 x24:0x80041040 x20:0x00000000  x4=0x00000001
     462575.000 ns	     46256	80009c4c	01a10bb3	add	x23,x2,x26	  x2:0x00000010 x26:0x00000000 x23=0x00000010
     462585.000 ns	     46257	80009c50	0053d193	srli	x3,x7,0x5	  x7:0xfffffbac  x3=0x07ffffdd
     462605.000 ns	     46259	80009c54	f0048d53	fmv.w.x	f26,x9	  x9:0x9f9ef000 f26=0x9f9ef000
     462625.000 ns	     46261	80009c58	b9ba01b7	lui	x3,0xb9ba0	  x3=0xb9ba0000
     462645.000 ns	     46263	80009c5c	d01142d3	fcvt.s.wu	f5,x2	  x2:0x00000010  f5=0x41800000
     463015.000 ns	     46300	80009c60	027250b3	divu	x1,x4,x7	  x4:0x00000001  x7:0xfffffbac  x1=0x00000000
     463045.000 ns	     46303	80009c64	e00618d3	fclass.s	x17,f12	 f12:0x4f7fffff x17=0x00000040
     463065.000 ns	     46305	80009c68	01d85a33	srl	x20,x16,x29	 x16:0x00000002 x29:0x00000000 x20=0x00000002
     463075.000 ns	     46306	80009c6c	fedf3a93	sltiu	x21,x30,-19	 x30:0x80000000 x21=0x00000001
     463085.000 ns	     46307	80009c70	01d5bf33	sltu	x30,x11,x29	 x11:0x00000000 x29:0x00000000 x30=0x00000000
     463105.000 ns	     46309	80009c74	a1f626d3	feq.s	x13,f12,f31	 f12:0x4f7fffff f31:0x7fc00000 x13=0x00000000
     463135.000 ns	     46312	80009c78	d00af053	fcvt.s.w	f0,x21	 x21:0x00000001  f0=0x3f800000
     463155.000 ns	     46314	80009c7c	00ef0a33	add	x20,x30,x14	 x30:0x00000000 x14:0x80041024 x20=0x80041024
     463165.000 ns	     46315	80009c80	a9a1b093	sltiu	x1,x3,-1382	  x3:0xb9ba0000  x1=0x00000001
     463175.000 ns	     46316	80009c84	41b95db3	sra	x27,x18,x27	 x18:0x80040fe4 x27:0xfffffbac x27=0xfff80040
     463195.000 ns	     46318	80009c88	c01a82d3	fcvt.wu.s	x5,f21	 f21:0x00000000  x5=0x00000000
     463565.000 ns	     46355	80009c8c	03484633	div	x12,x16,x20	 x16:0x00000002 x20:0x80041024 x12=0x00000000
     463585.000 ns	     46357	80009c90	00685e93	srli	x29,x16,0x6	 x16:0x00000002 x29=0x00000000
     463605.000 ns	     46359	80009c94	285b1653	fmax.s	f12,f22,f5	 f22:0x80000000  f5:0x41800000 f12=0x41800000
     463645.000 ns	     46363	80009c98	118d74d3	fmul.s	f9,f26,f24	 f26:0x9f9ef000 f24:0x7fc00000  f9=0x7fc00000
     463665.000 ns	     46365	80009c9c	414988b3	sub	x17,x19,x20	 x19:0x00000304 x20:0x80041024 x17=0x7ffbf2e0
     463685.000 ns	     46367	80009ca0	030638b3	mulhu	x17,x12,x16	 x12:0x00000000 x16:0x00000002 x17=0x00000000
     463705.000 ns	     46369	80009ca4	00311193	slli	x3,x2,0x3	  x2:0x00000010  x3=0x00000080
     463715.000 ns	     46370	80009ca8	01a8a1b3	slt	x3,x17,x26	 x17:0x00000000 x26:0x00000000  x3=0x00000000
     463735.000 ns	     46372	80009cac	03c4c333	div	x6,x9,x28	  x9:0x9f9ef000 x28:0x00000000  x6=0xffffffff
     464105.000 ns	     46409	80009cb0	035b6033	rem	x0,x22,x21	 x22:0x00000000 x21:0x00000001
     464135.000 ns	     46412	80009cb4	037ea2b3	mulhsu	x5,x29,x23	 x29:0x00000000 x23:0x00000010  x5=0x00000000
     464185.000 ns	     46417	80009cb8	004bf5d3	fadd.s	f11,f23,f4	 f23:0x00000000  f4:0x80040fe4 f11=0x80040fe4
     464205.000 ns	     46419	80009cbc	52224f37	lui	x30,0x52224	 x30=0x52224000
     464225.000 ns	     46421	80009cc0	02ac00b3	mul	x1,x24,x10	 x24:0x80041040 x10:0x00000000  x1=0x00000000
     464255.000 ns	     46424	80009cc4	20892453	fsgnjx.s	f8,f18,f8	 f18:0x00000000  f8:0x00000000  f8=0x00000000
     464285.000 ns	     46427	80009cc8	d00d7253	fcvt.s.w	f4,x26	 x26:0x00000000  f4=0x00000000
     464315.000 ns	     46430	80009ccc	e00d9dd3	fclass.s	x27,f27	 f27:0x7fc00000 x27=0x00000200
     464345.000 ns	     46433	80009cd0	c00a0553	fcvt.w.s	x10,f20	 f20:0x7fc00000 x10=0x7fffffff
     464375.000 ns	     46436	80009cd4	28c10cd3	fmin.s	f25,f2,f12	  f2:0x7fc00000 f12:0x41800000 f25=0x41800000
     464405.000 ns	     46439	80009cd8	d0183bd3	fcvt.s.wu	f23,x16	 x16:0x00000002 f23=0x40000000
     464775.000 ns	     46476	80009cdc	02a65a33	divu	x20,x12,x10	 x12:0x00000000 x10:0x7fffffff x20=0x00000000
     464795.000 ns	     46478	80009ce0	01a25bb3	srl	x23,x4,x26	  x4:0x00000001 x26:0x00000000 x23=0x00000001
     464825.000 ns	     46481	80009ce4	19a8f5d3	fdiv.s	f11,f17,f26	 f17:0x80000000 f26:0x9f9ef000 f11=0x00000000
     464875.000 ns	     46486	80009ce8	08947cd3	fsub.s	f25,f8,f9	  f8:0x00000000  f9:0x7fc00000 f25=0x7fc00000
     464905.000 ns	     46489	80009cec	d013f9d3	fcvt.s.wu	f19,x7	  x7:0xfffffbac f19=0x4f7ffffb
     464935.000 ns	     46492	80009cf0	e00d1dd3	fclass.s	x27,f26	 f26:0x9f9ef000 x27=0x00000002
     464955.000 ns	     46494	80009cf4	40f55e33	sra	x28,x10,x15	 x10:0x7fffffff x15:0x00000200 x28=0x7fffffff
     464975.000 ns	     46496	80009cf8	d01b4d53	fcvt.s.wu	f26,x22	 x22:0x00000000 f26=0x00000000
     465005.000 ns	     46499	80009cfc	a11422d3	feq.s	x5,f8,f17	  f8:0x00000000 f17:0x80000000  x5=0x00000001
     465035.000 ns	     46502	80009d00	0233b0b3	mulhu	x1,x7,x3	  x7:0xfffffbac  x3:0x00000000  x1=0x00000000
     465055.000 ns	     46504	80009d04	0110d993	srli	x19,x1,0x11	  x1:0x00000000 x19=0x00000000
     465075.000 ns	     46506	80009d08	e00f17d3	fclass.s	x15,f30	 f30:0x7fc00000 x15=0x00000200
     465105.000 ns	     46509	80009d0c	c016fd53	fcvt.wu.s	x26,f13	 f13:0x00000040 x26=0x00000000
     465135.000 ns	     46512	80009d10	03a659b3	divu	x19,x12,x26	 x12:0x00000000 x26:0x00000000 x19=0xffffffff
     465155.000 ns	     46514	80009d14	85e02013	slti	x0,x0,-1954	  x0:0x00000000
     465165.000 ns	     46515	80009d18	40195593	srai	x11,x18,0x1	 x18:0x80040fe4 x11=0xc00207f2
     465185.000 ns	     46517	80009d1c	d00f2ad3	fcvt.s.w	f21,x30	 x30:0x52224000 f21=0x4ea44480
     465205.000 ns	     46519	80009d20	01d0ab33	slt	x22,x1,x29	  x1:0x00000000 x29:0x00000000 x22=0x00000000
     465215.000 ns	     46520	80009d24	011b2233	slt	x4,x22,x17	 x22:0x00000000 x17:0x00000000  x4=0x00000000
     465235.000 ns	     46522	80009d28	f0010453	fmv.w.x	f8,x2	  x2:0x00000010  f8=0x00000010
     465265.000 ns	     46525	80009d2c	0244c433	div	x8,x9,x4	  x9:0x9f9ef000  x4:0x00000001  x8=0xffffffff
     465315.000 ns	     46530	80009d30	099b9ed3	fsub.s	f29,f23,f25	 f23:0x40000000 f25:0x7fc00000 f29=0x7fc00000
     465355.000 ns	     46534	80009d34	119a77d3	fmul.s	f15,f20,f25	 f20:0x7fc00000 f25:0x7fc00000 f15=0x7fc00000
     465385.000 ns	     46537	80009d38	d008f3d3	fcvt.s.w	f7,x17	 x17:0x00000000  f7=0x00000000
     465405.000 ns	     46539	80009d3c	7ea36213	ori	x4,x6,2026	  x6:0xffffffff  x4=0xffffffff
     465765.000 ns	     46575	80009d40	02f0d3b3	divu	x7,x1,x15	  x1:0x00000000 x15:0x00000200  x7=0x00000000
     465795.000 ns	     46578	80009d44	02259c33	mulh	x24,x11,x2	 x11:0xc00207f2  x2:0x00000010 x24=0xfffffffc
     465825.000 ns	     46581	80009d48	e00816d3	fclass.s	x13,f16	 f16:0x80000000 x13=0x00000008
     465855.000 ns	     46584	80009d4c	038b2db3	mulhsu	x27,x22,x24	 x22:0x00000000 x24:0xfffffffc x27=0x00000000
     465885.000 ns	     46587	80009d50	a1c5ad53	feq.s	x26,f11,f28	 f11:0x00000000 f28:0x7fc00000 x26=0x00000000
     465905.000 ns	     46589	80009d54	919e6e97	auipc	x29,0x919e6	 x29=0x119efd54
     465915.000 ns	     46590	80009d58	416750b3	sra	x1,x14,x22	 x14:0x80041024 x22:0x00000000  x1=0x80041024
     465935.000 ns	     46592	80009d5c	c0157253	fcvt.wu.s	x4,f10	 f10:0x80040986  x4=0x00000000
     465955.000 ns	     46594	80009d60	46d42593	slti	x11,x8,1133	  x8:0xffffffff x11=0x00000001
     465975.000 ns	     46596	80009d64	28991f53	fmax.s	f30,f18,f9	 f18:0x00000000  f9:0x7fc00000 f30=0x00000000
     466005.000 ns	     46599	80009d68	a0c72353	feq.s	x6,f14,f12	 f14:0x80000000 f12:0x41800000  x6=0x00000000
     466025.000 ns	     46601	80009d6c	00000013	addi	x0,x0,0	  x0:0x00000000
     466035.000 ns	     46602	80009d70	016406b3	add	x13,x8,x22	  x8:0xffffffff x22:0x00000000 x13=0xffffffff
     466395.000 ns	     46638	80009d74	02a648b3	div	x17,x12,x10	 x12:0x00000000 x10:0x7fffffff x17=0x00000000
     466425.000 ns	     46641	80009d78	20e88753	fsgnj.s	f14,f17,f14	 f17:0x80000000 f14:0x80000000 f14=0x80000000
     466455.000 ns	     46644	80009d7c	03fffb33	remu	x22,x31,x31	 x31:0x00000000 x31:0x00000000 x22=0x00000000
     466485.000 ns	     46647	80009d80	03a812b3	mulh	x5,x16,x26	 x16:0x00000002 x26:0x00000000  x5=0x00000000
     466515.000 ns	     46650	80009d84	02526233	rem	x4,x4,x5	  x4:0x00000000  x5:0x00000001  x4=0x00000000
     466535.000 ns	     46652	80009d88	2df3ba13	sltiu	x20,x7,735	  x7:0x00000000 x20=0x00000001
     466545.000 ns	     46653	80009d8c	f5714a13	xori	x20,x2,-169	  x2:0x00000010 x20=0xffffff47
     466555.000 ns	     46654	80009d90	003bcab3	xor	x21,x23,x3	 x23:0x00000001  x3:0x00000000 x21=0x00000001
     466585.000 ns	     46657	80009d94	183ca753	fdiv.s	f14,f25,f3	 f25:0x7fc00000  f3:0x00000000 f14=0x7fc00000
     466605.000 ns	     46659	80009d98	67d8b893	sltiu	x17,x17,1661	 x17:0x00000000 x17=0x00000001
     466625.000 ns	     46661	80009d9c	a1671cd3	flt.s	x25,f14,f22	 f14:0x7fc00000 f22:0x80000000 x25=0x00000000
     466655.000 ns	     46664	80009da0	c00e4153	fcvt.w.s	x2,f28	 f28:0x7fc00000  x2=0x7fffffff
     466675.000 ns	     46666	80009da4	009155b3	srl	x11,x2,x9	  x2:0x00000010  x9:0x9f9ef000 x11=0x7fffffff
     467035.000 ns	     46702	80009da8	02a04cb3	div	x25,x0,x10	  x0:0x00000000 x10:0x7fffffff x25=0x00000000
     467055.000 ns	     46704	80009dac	d7110213	addi	x4,x2,-655	  x2:0x7fffffff  x4=0x7ffffd70
     467075.000 ns	     46706	80009db0	a0bcaf53	feq.s	x30,f25,f11	 f25:0x7fc00000 f11:0x00000000 x30=0x00000000
     467445.000 ns	     46743	80009db4	029b53b3	divu	x7,x22,x9	 x22:0x00000000  x9:0x9f9ef000  x7=0x00000000
     467485.000 ns	     46747	80009db8	58039853	fsqrt.s	f16,f7	  f7:0x00000000 f16=0x00000000
     467855.000 ns	     46784	80009dbc	0339cd33	div	x26,x19,x19	 x19:0xffffffff x19:0xffffffff x26=0x00000001
     467885.000 ns	     46787	80009dc0	033987b3	mul	x15,x19,x19	 x19:0xffffffff x19:0xffffffff x15=0x00000001
     467925.000 ns	     46791	80009dc4	1851f9d3	fdiv.s	f19,f3,f5	  f3:0x00000000  f5:0x41800000 f19=0x00000000
     467955.000 ns	     46794	80009dc8	0233ef33	rem	x30,x7,x3	  x7:0x00000000  x3:0x00000000 x30=0x00000000
     467985.000 ns	     46797	80009dcc	0201a033	mulhsu	x0,x3,x0	  x3:0x00000000  x0:0x00000000
     468005.000 ns	     46799	80009dd0	0d8a4cb7	lui	x25,0xd8a4	 x25=0x0d8a4000
     468365.000 ns	     46835	80009dd4	034662b3	rem	x5,x12,x20	 x12:0x00000000 x20:0xffffff47  x5=0x00000000
     468395.000 ns	     46838	80009dd8	02de04b3	mul	x9,x28,x13	 x28:0x7fffffff x13:0xffffffff  x9=0x80000001
     468425.000 ns	     46841	80009ddc	a1489053	flt.s	x0,f17,f20	 f17:0x80000000 f20:0x7fc00000
     468445.000 ns	     46843	80009de0	01eb24b3	slt	x9,x22,x30	 x22:0x00000000 x30:0x00000000  x9=0x00000000
     468455.000 ns	     46844	80009de4	015d91b3	sll	x3,x27,x21	 x27:0x00000000 x21:0x00000001  x3=0x00000000
     468465.000 ns	     46845	80009de8	01bbee33	or	x28,x23,x27	 x23:0x00000001 x27:0x00000000 x28=0x00000001
     468475.000 ns	     46846	80009dec	41575293	srai	x5,x14,0x15	 x14:0x80041024  x5=0xfffffc00
     468485.000 ns	     46847	80009df0	0165be33	sltu	x28,x11,x22	 x11:0x7fffffff x22:0x00000000 x28=0x00000000
     468495.000 ns	     46848	80009df4	03ef7d93	andi	x27,x30,62	 x30:0x00000000 x27=0x00000000
     468505.000 ns	     46849	80009df8	4019d613	srai	x12,x19,0x1	 x19:0xffffffff x12=0xffffffff
     468515.000 ns	     46850	80009dfc	00545b13	srli	x22,x8,0x5	  x8:0xffffffff x22=0x07ffffff
     468535.000 ns	     46852	80009e00	29438753	fmin.s	f14,f7,f20	  f7:0x00000000 f20:0x7fc00000 f14=0x00000000
     468565.000 ns	     46855	80009e04	288b9353	fmax.s	f6,f23,f8	 f23:0x40000000  f8:0x00000010  f6=0x40000000
     468595.000 ns	     46858	80009e08	0254b333	mulhu	x6,x9,x5	  x9:0x00000000  x5:0xfffffc00  x6=0x00000000
     468615.000 ns	     46860	80009e0c	008215b3	sll	x11,x4,x8	  x4:0x7ffffd70  x8:0xffffffff x11=0x00000000
     468975.000 ns	     46896	80009e10	030ecab3	div	x21,x29,x16	 x29:0x119efd54 x16:0x00000002 x21=0x08cf7eaa
     468995.000 ns	     46898	80009e14	8b23e293	ori	x5,x7,-1870	  x7:0x00000000  x5=0xfffff8b2
     469355.000 ns	     46934	80009e18	032fd333	divu	x6,x31,x18	 x31:0x00000000 x18:0x80040fe4  x6=0x00000000
     469375.000 ns	     46936	80009e1c	006b6533	or	x10,x22,x6	 x22:0x07ffffff  x6:0x00000000 x10=0x07ffffff
     469395.000 ns	     46938	80009e20	a03e8fd3	fle.s	x31,f29,f3	 f29:0x7fc00000  f3:0x00000000 x31=0x00000000
     469415.000 ns	     46940	80009e24	00d69eb3	sll	x29,x13,x13	 x13:0xffffffff x13:0xffffffff x29=0x80000000
     469435.000 ns	     46942	80009e28	037ebb33	mulhu	x22,x29,x23	 x29:0x119efd54 x23:0x00000001 x22=0x00000000
     469465.000 ns	     46945	80009e2c	20588b53	fsgnj.s	f22,f17,f5	 f17:0x80000000  f5:0x41800000 f22=0x00000000
     469485.000 ns	     46947	80009e30	006aa133	slt	x2,x21,x6	 x21:0x08cf7eaa  x6:0x00000000  x2=0x00000000
     469495.000 ns	     46948	80009e34	405557b3	sra	x15,x10,x5	 x10:0x07ffffff  x5:0xfffff8b2 x15=0x000001ff
     469505.000 ns	     46949	80009e38	004e8bb3	add	x23,x29,x4	 x29:0x80000000  x4:0x7ffffd70 x23=0xfffffd70
     469515.000 ns	     46950	80009e3c	4139ddb3	sra	x27,x19,x19	 x19:0xffffffff x19:0xffffffff x27=0xffffffff
     469535.000 ns	     46952	80009e40	28f29953	fmax.s	f18,f5,f15	  f5:0x41800000 f15:0x7fc00000 f18=0x41800000
     469565.000 ns	     46955	80009e44	021b2433	mulhsu	x8,x22,x1	 x22:0x00000000  x1:0x80041024  x8=0x00000000
     469595.000 ns	     46958	80009e48	03e1fcb3	remu	x25,x3,x30	  x3:0x00000000 x30:0x00000000 x25=0x00000000
     469625.000 ns	     46961	80009e4c	21ec87d3	fsgnj.s	f15,f25,f30	 f25:0x7fc00000 f30:0x00000000 f15=0x7fc00000
     469675.000 ns	     46966	80009e50	01f6b5d3	fadd.s	f11,f13,f31	 f13:0x00000040 f31:0x7fc00000 f11=0x7fc00000
     470045.000 ns	     47003	80009e54	02c17db3	remu	x27,x2,x12	  x2:0x00000000 x12:0xffffffff x27=0x00000000
     470065.000 ns	     47005	80009e58	0946aa93	slti	x21,x13,148	 x13:0xffffffff x21=0x00000001
     470075.000 ns	     47006	80009e5c	a9cc1017	auipc	x0,0xa9cc1	
     470095.000 ns	     47008	80009e60	a1bb20d3	feq.s	x1,f22,f27	 f22:0x00000000 f27:0x7fc00000  x1=0x00000000
     470115.000 ns	     47010	80009e64	00569213	slli	x4,x13,0x5	 x13:0xffffffff  x4=0xffffffe0
     470125.000 ns	     47011	80009e68	0148d7b3	srl	x15,x17,x20	 x17:0x00000001 x20:0xffffff47 x15=0x00000000
     470145.000 ns	     47013	80009e6c	c0157353	fcvt.wu.s	x6,f10	 f10:0x80040986  x6=0x00000000
     470195.000 ns	     47018	80009e70	08cd7bd3	fsub.s	f23,f26,f12	 f26:0x00000000 f12:0x41800000 f23=0xc1800000
     470565.000 ns	     47055	80009e74	03af5fb3	divu	x31,x30,x26	 x30:0x00000000 x26:0x00000001 x31=0x00000000
     470595.000 ns	     47058	80009e78	e0011c53	fclass.s	x24,f2	  f2:0x7fc00000 x24=0x00000200
     470625.000 ns	     47061	80009e7c	c0018253	fcvt.w.s	x4,f3	  f3:0x00000000  x4=0x00000000
     470655.000 ns	     47064	80009e80	0297c8b3	div	x17,x15,x9	 x15:0x00000000  x9:0x00000000 x17=0xffffffff
     470705.000 ns	     47069	80009e84	093a74d3	fsub.s	f9,f20,f19	 f20:0x7fc00000 f19:0x00000000  f9=0x7fc00000
     470735.000 ns	     47072	80009e88	2055ad53	fsgnjx.s	f26,f11,f5	 f11:0x7fc00000  f5:0x41800000 f26=0x7fc00000
     470755.000 ns	     47074	80009e8c	0119d4b3	srl	x9,x19,x17	 x19:0xffffffff x17:0xffffffff  x9=0x00000001
     470795.000 ns	     47078	80009e90	01ef8953	fadd.s	f18,f31,f30	 f31:0x7fc00000 f30:0x00000000 f18=0x7fc00000
     470825.000 ns	     47081	80009e94	d0141853	fcvt.s.wu	f16,x8	  x8:0x00000000 f16=0x00000000
     470865.000 ns	     47085	80009e98	112730d3	fmul.s	f1,f14,f18	 f14:0x00000000 f18:0x7fc00000  f1=0x7fc00000
     470885.000 ns	     47087	80009e9c	d0f3e193	ori	x3,x7,-753	  x7:0x00000000  x3=0xfffffd0f
     470915.000 ns	     47090	80009ea0	10aa77d3	fmul.s	f15,f20,f10	 f20:0x7fc00000 f10:0x80040986 f15=0x7fc00000
     470935.000 ns	     47092	80009ea4	34698013	addi	x0,x19,838	 x19:0xffffffff
     471295.000 ns	     47128	80009ea8	038bf633	remu	x12,x23,x24	 x23:0xfffffd70 x24:0x00000200 x12=0x00000170
     471315.000 ns	     47130	80009eac	0013f2b3	and	x5,x7,x1	  x7:0x00000000  x1:0x00000000  x5=0x00000000
     471325.000 ns	     47131	80009eb0	00000817	auipc	x16,0x0	 x16=0x80009eb0
     471335.000 ns	     47132	80009eb4	00c80813	addi	x16,x16,12	 x16:0x00000002 x16=0x80009ebc
     471345.000 ns	     47133	80009eb8	00080067	jalr	x0,x16,0	 x16:0x00000002
     471395.000 ns	     47138	80009ebc	00100193	addi	x3,x0,1	  x0:0x00000000  x3=0x00000001
     471405.000 ns	     47139	80009ec0	00000073	ecall	
     471415.000 ns	     47140	80009ec4	00036f17	auipc	x30,0x36	 x30=0x8003fec4
     471425.000 ns	     47141	80009ec8	123f2e23	sw	x3,316(x30)	 x30:0x00000000  x3:0x00000001 PA:0xxxxxxxxx
     471445.000 ns	     47143	80009ecc	ff9ff06f	jal	x0,80009ec8	
     471495.000 ns	     47148	80009ec4	00036f17	auipc	x30,0x36	 x30=0x8003fec4
     471505.000 ns	     47149	80009ec8	123f2e23	sw	x3,316(x30)	 x30:0x8003fec4  x3:0x00000001 PA:0xxxxxxxxx
     471525.000 ns	     47151	80009ecc	ff9ff06f	jal	x0,80009ec8	
     471575.000 ns	     47156	80009ec4	00036f17	auipc	x30,0x36	 x30=0x8003fec4
     471585.000 ns	     47157	80009ec8	123f2e23	sw	x3,316(x30)	 x30:0x8003fec4  x3:0x00000001 PA:0xxxxxxxxx
     471605.000 ns	     47159	80009ecc	ff9ff06f	jal	x0,80009ec8	
     471655.000 ns	     47164	80009ec4	00036f17	auipc	x30,0x36	 x30=0x8003fec4
     471665.000 ns	     47165	80009ec8	123f2e23	sw	x3,316(x30)	 x30:0x8003fec4  x3:0x00000001 PA:0xxxxxxxxx
     471685.000 ns	     47167	80009ecc	ff9ff06f	jal	x0,80009ec8	
     471735.000 ns	     47172	80009ec4	00036f17	auipc	x30,0x36	 x30=0x8003fec4
     471745.000 ns	     47173	80009ec8	123f2e23	sw	x3,316(x30)	 x30:0x8003fec4  x3:0x00000001 PA:0xxxxxxxxx
     471765.000 ns	     47175	80009ecc	ff9ff06f	jal	x0,80009ec8	
     471815.000 ns	     47180	80009ec4	00036f17	auipc	x30,0x36	 x30=0x8003fec4
     471825.000 ns	     47181	80009ec8	123f2e23	sw	x3,316(x30)	 x30:0x8003fec4  x3:0x00000001 PA:0xxxxxxxxx
     471845.000 ns	     47183	80009ecc	ff9ff06f	jal	x0,80009ec8	
     471895.000 ns	     47188	80009ec4	00036f17	auipc	x30,0x36	 x30=0x8003fec4
     471905.000 ns	     47189	80009ec8	123f2e23	sw	x3,316(x30)	 x30:0x8003fec4  x3:0x00000001 PA:0xxxxxxxxx
     471925.000 ns	     47191	80009ecc	ff9ff06f	jal	x0,80009ec8	
     471975.000 ns	     47196	80009ec4	00036f17	auipc	x30,0x36	 x30=0x8003fec4
     471985.000 ns	     47197	80009ec8	123f2e23	sw	x3,316(x30)	 x30:0x8003fec4  x3:0x00000001 PA:0xxxxxxxxx
     472005.000 ns	     47199	80009ecc	ff9ff06f	jal	x0,80009ec8	
     472055.000 ns	     47204	80009ec4	00036f17	auipc	x30,0x36	 x30=0x8003fec4
     472065.000 ns	     47205	80009ec8	123f2e23	sw	x3,316(x30)	 x30:0x8003fec4  x3:0x00000001 PA:0xxxxxxxxx
     472085.000 ns	     47207	80009ecc	ff9ff06f	jal	x0,80009ec8	
     472135.000 ns	     47212	80009ec4	00036f17	auipc	x30,0x36	 x30=0x8003fec4
     472145.000 ns	     47213	80009ec8	123f2e23	sw	x3,316(x30)	 x30:0x8003fec4  x3:0x00000001 PA:0xxxxxxxxx
     472165.000 ns	     47215	80009ecc	ff9ff06f	jal	x0,80009ec8	
     472215.000 ns	     47220	80009ec4	00036f17	auipc	x30,0x36	 x30=0x8003fec4
     472225.000 ns	     47221	80009ec8	123f2e23	sw	x3,316(x30)	 x30:0x8003fec4  x3:0x00000001 PA:0xxxxxxxxx
     472245.000 ns	     47223	80009ecc	ff9ff06f	jal	x0,80009ec8	
     472295.000 ns	     47228	80009ec4	00036f17	auipc	x30,0x36	 x30=0x8003fec4
     472305.000 ns	     47229	80009ec8	123f2e23	sw	x3,316(x30)	 x30:0x8003fec4  x3:0x00000001 PA:0xxxxxxxxx
     472325.000 ns	     47231	80009ecc	ff9ff06f	jal	x0,80009ec8	
     472375.000 ns	     47236	80009ec4	00036f17	auipc	x30,0x36	 x30=0x8003fec4
     472385.000 ns	     47237	80009ec8	123f2e23	sw	x3,316(x30)	 x30:0x8003fec4  x3:0x00000001 PA:0xxxxxxxxx
     472405.000 ns	     47239	80009ecc	ff9ff06f	jal	x0,80009ec8	
     472455.000 ns	     47244	80009ec4	00036f17	auipc	x30,0x36	 x30=0x8003fec4
     472465.000 ns	     47245	80009ec8	123f2e23	sw	x3,316(x30)	 x30:0x8003fec4  x3:0x00000001 PA:0xxxxxxxxx
     472485.000 ns	     47247	80009ecc	ff9ff06f	jal	x0,80009ec8	
     472535.000 ns	     47252	80009ec4	00036f17	auipc	x30,0x36	 x30=0x8003fec4
     472545.000 ns	     47253	80009ec8	123f2e23	sw	x3,316(x30)	 x30:0x8003fec4  x3:0x00000001 PA:0xxxxxxxxx
     472565.000 ns	     47255	80009ecc	ff9ff06f	jal	x0,80009ec8	
     472615.000 ns	     47260	80009ec4	00036f17	auipc	x30,0x36	 x30=0x8003fec4
     472625.000 ns	     47261	80009ec8	123f2e23	sw	x3,316(x30)	 x30:0x8003fec4  x3:0x00000001 PA:0xxxxxxxxx
     472645.000 ns	     47263	80009ecc	ff9ff06f	jal	x0,80009ec8	
     472695.000 ns	     47268	80009ec4	00036f17	auipc	x30,0x36	 x30=0x8003fec4
     472705.000 ns	     47269	80009ec8	123f2e23	sw	x3,316(x30)	 x30:0x8003fec4  x3:0x00000001 PA:0xxxxxxxxx
     472725.000 ns	     47271	80009ecc	ff9ff06f	jal	x0,80009ec8	
     472775.000 ns	     47276	80009ec4	00036f17	auipc	x30,0x36	 x30=0x8003fec4
     472785.000 ns	     47277	80009ec8	123f2e23	sw	x3,316(x30)	 x30:0x8003fec4  x3:0x00000001 PA:0xxxxxxxxx
     472805.000 ns	     47279	80009ecc	ff9ff06f	jal	x0,80009ec8	
     472855.000 ns	     47284	80009ec4	00036f17	auipc	x30,0x36	 x30=0x8003fec4
     472865.000 ns	     47285	80009ec8	123f2e23	sw	x3,316(x30)	 x30:0x8003fec4  x3:0x00000001 PA:0xxxxxxxxx
     472885.000 ns	     47287	80009ecc	ff9ff06f	jal	x0,80009ec8	
     472935.000 ns	     47292	80009ec4	00036f17	auipc	x30,0x36	 x30=0x8003fec4
     472945.000 ns	     47293	80009ec8	123f2e23	sw	x3,316(x30)	 x30:0x8003fec4  x3:0x00000001 PA:0xxxxxxxxx
     472965.000 ns	     47295	80009ecc	ff9ff06f	jal	x0,80009ec8	
     473015.000 ns	     47300	80009ec4	00036f17	auipc	x30,0x36	 x30=0x8003fec4
     473025.000 ns	     47301	80009ec8	123f2e23	sw	x3,316(x30)	 x30:0x8003fec4  x3:0x00000001 PA:0xxxxxxxxx
     473045.000 ns	     47303	80009ecc	ff9ff06f	jal	x0,80009ec8	
     473095.000 ns	     47308	80009ec4	00036f17	auipc	x30,0x36	 x30=0x8003fec4
     473105.000 ns	     47309	80009ec8	123f2e23	sw	x3,316(x30)	 x30:0x8003fec4  x3:0x00000001 PA:0xxxxxxxxx
     473125.000 ns	     47311	80009ecc	ff9ff06f	jal	x0,80009ec8	
     473175.000 ns	     47316	80009ec4	00036f17	auipc	x30,0x36	 x30=0x8003fec4
     473185.000 ns	     47317	80009ec8	123f2e23	sw	x3,316(x30)	 x30:0x8003fec4  x3:0x00000001 PA:0xxxxxxxxx
     473205.000 ns	     47319	80009ecc	ff9ff06f	jal	x0,80009ec8	
     473255.000 ns	     47324	80009ec4	00036f17	auipc	x30,0x36	 x30=0x8003fec4
     473265.000 ns	     47325	80009ec8	123f2e23	sw	x3,316(x30)	 x30:0x8003fec4  x3:0x00000001 PA:0xxxxxxxxx
     473285.000 ns	     47327	80009ecc	ff9ff06f	jal	x0,80009ec8	
     473335.000 ns	     47332	80009ec4	00036f17	auipc	x30,0x36	 x30=0x8003fec4
     473345.000 ns	     47333	80009ec8	123f2e23	sw	x3,316(x30)	 x30:0x8003fec4  x3:0x00000001 PA:0xxxxxxxxx
     473365.000 ns	     47335	80009ecc	ff9ff06f	jal	x0,80009ec8	
     473415.000 ns	     47340	80009ec4	00036f17	auipc	x30,0x36	 x30=0x8003fec4
     473425.000 ns	     47341	80009ec8	123f2e23	sw	x3,316(x30)	 x30:0x8003fec4  x3:0x00000001 PA:0xxxxxxxxx
     473445.000 ns	     47343	80009ecc	ff9ff06f	jal	x0,80009ec8	
     473495.000 ns	     47348	80009ec4	00036f17	auipc	x30,0x36	 x30=0x8003fec4
     473505.000 ns	     47349	80009ec8	123f2e23	sw	x3,316(x30)	 x30:0x8003fec4  x3:0x00000001 PA:0xxxxxxxxx
     473525.000 ns	     47351	80009ecc	ff9ff06f	jal	x0,80009ec8	
     473575.000 ns	     47356	80009ec4	00036f17	auipc	x30,0x36	 x30=0x8003fec4
     473585.000 ns	     47357	80009ec8	123f2e23	sw	x3,316(x30)	 x30:0x8003fec4  x3:0x00000001 PA:0xxxxxxxxx
     473605.000 ns	     47359	80009ecc	ff9ff06f	jal	x0,80009ec8	
     473655.000 ns	     47364	80009ec4	00036f17	auipc	x30,0x36	 x30=0x8003fec4
     473665.000 ns	     47365	80009ec8	123f2e23	sw	x3,316(x30)	 x30:0x8003fec4  x3:0x00000001 PA:0xxxxxxxxx
     473685.000 ns	     47367	80009ecc	ff9ff06f	jal	x0,80009ec8	
     473735.000 ns	     47372	80009ec4	00036f17	auipc	x30,0x36	 x30=0x8003fec4
     473745.000 ns	     47373	80009ec8	123f2e23	sw	x3,316(x30)	 x30:0x8003fec4  x3:0x00000001 PA:0xxxxxxxxx
     473765.000 ns	     47375	80009ecc	ff9ff06f	jal	x0,80009ec8	
     473815.000 ns	     47380	80009ec4	00036f17	auipc	x30,0x36	 x30=0x8003fec4
     473825.000 ns	     47381	80009ec8	123f2e23	sw	x3,316(x30)	 x30:0x8003fec4  x3:0x00000001 PA:0xxxxxxxxx
     473845.000 ns	     47383	80009ecc	ff9ff06f	jal	x0,80009ec8	
     473895.000 ns	     47388	80009ec4	00036f17	auipc	x30,0x36	 x30=0x8003fec4
     473905.000 ns	     47389	80009ec8	123f2e23	sw	x3,316(x30)	 x30:0x8003fec4  x3:0x00000001 PA:0xxxxxxxxx
     473925.000 ns	     47391	80009ecc	ff9ff06f	jal	x0,80009ec8	
     473975.000 ns	     47396	80009ec4	00036f17	auipc	x30,0x36	 x30=0x8003fec4
     473985.000 ns	     47397	80009ec8	123f2e23	sw	x3,316(x30)	 x30:0x8003fec4  x3:0x00000001 PA:0xxxxxxxxx
     474005.000 ns	     47399	80009ecc	ff9ff06f	jal	x0,80009ec8	
     474055.000 ns	     47404	80009ec4	00036f17	auipc	x30,0x36	 x30=0x8003fec4
     474065.000 ns	     47405	80009ec8	123f2e23	sw	x3,316(x30)	 x30:0x8003fec4  x3:0x00000001 PA:0xxxxxxxxx
     474085.000 ns	     47407	80009ecc	ff9ff06f	jal	x0,80009ec8	
     474135.000 ns	     47412	80009ec4	00036f17	auipc	x30,0x36	 x30=0x8003fec4
     474145.000 ns	     47413	80009ec8	123f2e23	sw	x3,316(x30)	 x30:0x8003fec4  x3:0x00000001 PA:0xxxxxxxxx
     474165.000 ns	     47415	80009ecc	ff9ff06f	jal	x0,80009ec8	
     474215.000 ns	     47420	80009ec4	00036f17	auipc	x30,0x36	 x30=0x8003fec4
     474225.000 ns	     47421	80009ec8	123f2e23	sw	x3,316(x30)	 x30:0x8003fec4  x3:0x00000001 PA:0xxxxxxxxx
     474245.000 ns	     47423	80009ecc	ff9ff06f	jal	x0,80009ec8	
     474295.000 ns	     47428	80009ec4	00036f17	auipc	x30,0x36	 x30=0x8003fec4
     474305.000 ns	     47429	80009ec8	123f2e23	sw	x3,316(x30)	 x30:0x8003fec4  x3:0x00000001 PA:0xxxxxxxxx
     474325.000 ns	     47431	80009ecc	ff9ff06f	jal	x0,80009ec8	
     474375.000 ns	     47436	80009ec4	00036f17	auipc	x30,0x36	 x30=0x8003fec4
     474385.000 ns	     47437	80009ec8	123f2e23	sw	x3,316(x30)	 x30:0x8003fec4  x3:0x00000001 PA:0xxxxxxxxx
     474405.000 ns	     47439	80009ecc	ff9ff06f	jal	x0,80009ec8	
     474455.000 ns	     47444	80009ec4	00036f17	auipc	x30,0x36	 x30=0x8003fec4
     474465.000 ns	     47445	80009ec8	123f2e23	sw	x3,316(x30)	 x30:0x8003fec4  x3:0x00000001 PA:0xxxxxxxxx
     474485.000 ns	     47447	80009ecc	ff9ff06f	jal	x0,80009ec8	
     474535.000 ns	     47452	80009ec4	00036f17	auipc	x30,0x36	 x30=0x8003fec4
     474545.000 ns	     47453	80009ec8	123f2e23	sw	x3,316(x30)	 x30:0x8003fec4  x3:0x00000001 PA:0xxxxxxxxx
     474565.000 ns	     47455	80009ecc	ff9ff06f	jal	x0,80009ec8	
     474615.000 ns	     47460	80009ec4	00036f17	auipc	x30,0x36	 x30=0x8003fec4
     474625.000 ns	     47461	80009ec8	123f2e23	sw	x3,316(x30)	 x30:0x8003fec4  x3:0x00000001 PA:0xxxxxxxxx
     474645.000 ns	     47463	80009ecc	ff9ff06f	jal	x0,80009ec8	
     474695.000 ns	     47468	80009ec4	00036f17	auipc	x30,0x36	 x30=0x8003fec4
     474705.000 ns	     47469	80009ec8	123f2e23	sw	x3,316(x30)	 x30:0x8003fec4  x3:0x00000001 PA:0xxxxxxxxx
     474725.000 ns	     47471	80009ecc	ff9ff06f	jal	x0,80009ec8	
     474775.000 ns	     47476	80009ec4	00036f17	auipc	x30,0x36	 x30=0x8003fec4
     474785.000 ns	     47477	80009ec8	123f2e23	sw	x3,316(x30)	 x30:0x8003fec4  x3:0x00000001 PA:0xxxxxxxxx
     474805.000 ns	     47479	80009ecc	ff9ff06f	jal	x0,80009ec8	
     474855.000 ns	     47484	80009ec4	00036f17	auipc	x30,0x36	 x30=0x8003fec4
     474865.000 ns	     47485	80009ec8	123f2e23	sw	x3,316(x30)	 x30:0x8003fec4  x3:0x00000001 PA:0xxxxxxxxx
     474885.000 ns	     47487	80009ecc	ff9ff06f	jal	x0,80009ec8	
     474935.000 ns	     47492	80009ec4	00036f17	auipc	x30,0x36	 x30=0x8003fec4
     474945.000 ns	     47493	80009ec8	123f2e23	sw	x3,316(x30)	 x30:0x8003fec4  x3:0x00000001 PA:0xxxxxxxxx
     474965.000 ns	     47495	80009ecc	ff9ff06f	jal	x0,80009ec8	
     475015.000 ns	     47500	80009ec4	00036f17	auipc	x30,0x36	 x30=0x8003fec4
     475025.000 ns	     47501	80009ec8	123f2e23	sw	x3,316(x30)	 x30:0x8003fec4  x3:0x00000001 PA:0xxxxxxxxx
     475045.000 ns	     47503	80009ecc	ff9ff06f	jal	x0,80009ec8	
     475095.000 ns	     47508	80009ec4	00036f17	auipc	x30,0x36	 x30=0x8003fec4
     475105.000 ns	     47509	80009ec8	123f2e23	sw	x3,316(x30)	 x30:0x8003fec4  x3:0x00000001 PA:0xxxxxxxxx
     475125.000 ns	     47511	80009ecc	ff9ff06f	jal	x0,80009ec8	
     475175.000 ns	     47516	80009ec4	00036f17	auipc	x30,0x36	 x30=0x8003fec4
     475185.000 ns	     47517	80009ec8	123f2e23	sw	x3,316(x30)	 x30:0x8003fec4  x3:0x00000001 PA:0xxxxxxxxx
     475205.000 ns	     47519	80009ecc	ff9ff06f	jal	x0,80009ec8	
     475255.000 ns	     47524	80009ec4	00036f17	auipc	x30,0x36	 x30=0x8003fec4
     475265.000 ns	     47525	80009ec8	123f2e23	sw	x3,316(x30)	 x30:0x8003fec4  x3:0x00000001 PA:0xxxxxxxxx
     475285.000 ns	     47527	80009ecc	ff9ff06f	jal	x0,80009ec8	
     475335.000 ns	     47532	80009ec4	00036f17	auipc	x30,0x36	 x30=0x8003fec4
     475345.000 ns	     47533	80009ec8	123f2e23	sw	x3,316(x30)	 x30:0x8003fec4  x3:0x00000001 PA:0xxxxxxxxx
     475365.000 ns	     47535	80009ecc	ff9ff06f	jal	x0,80009ec8	
     475415.000 ns	     47540	80009ec4	00036f17	auipc	x30,0x36	 x30=0x8003fec4
     475425.000 ns	     47541	80009ec8	123f2e23	sw	x3,316(x30)	 x30:0x8003fec4  x3:0x00000001 PA:0xxxxxxxxx
     475445.000 ns	     47543	80009ecc	ff9ff06f	jal	x0,80009ec8	
     475495.000 ns	     47548	80009ec4	00036f17	auipc	x30,0x36	 x30=0x8003fec4
     475505.000 ns	     47549	80009ec8	123f2e23	sw	x3,316(x30)	 x30:0x8003fec4  x3:0x00000001 PA:0xxxxxxxxx
     475525.000 ns	     47551	80009ecc	ff9ff06f	jal	x0,80009ec8	
     475575.000 ns	     47556	80009ec4	00036f17	auipc	x30,0x36	 x30=0x8003fec4
     475585.000 ns	     47557	80009ec8	123f2e23	sw	x3,316(x30)	 x30:0x8003fec4  x3:0x00000001 PA:0xxxxxxxxx
     475605.000 ns	     47559	80009ecc	ff9ff06f	jal	x0,80009ec8	
     475655.000 ns	     47564	80009ec4	00036f17	auipc	x30,0x36	 x30=0x8003fec4
     475665.000 ns	     47565	80009ec8	123f2e23	sw	x3,316(x30)	 x30:0x8003fec4  x3:0x00000001 PA:0xxxxxxxxx
     475685.000 ns	     47567	80009ecc	ff9ff06f	jal	x0,80009ec8	
     475735.000 ns	     47572	80009ec4	00036f17	auipc	x30,0x36	 x30=0x8003fec4
     475745.000 ns	     47573	80009ec8	123f2e23	sw	x3,316(x30)	 x30:0x8003fec4  x3:0x00000001 PA:0xxxxxxxxx
     475765.000 ns	     47575	80009ecc	ff9ff06f	jal	x0,80009ec8	
     475815.000 ns	     47580	80009ec4	00036f17	auipc	x30,0x36	 x30=0x8003fec4
     475825.000 ns	     47581	80009ec8	123f2e23	sw	x3,316(x30)	 x30:0x8003fec4  x3:0x00000001 PA:0xxxxxxxxx
     475845.000 ns	     47583	80009ecc	ff9ff06f	jal	x0,80009ec8	
     475895.000 ns	     47588	80009ec4	00036f17	auipc	x30,0x36	 x30=0x8003fec4
     475905.000 ns	     47589	80009ec8	123f2e23	sw	x3,316(x30)	 x30:0x8003fec4  x3:0x00000001 PA:0xxxxxxxxx
     475925.000 ns	     47591	80009ecc	ff9ff06f	jal	x0,80009ec8	
     475975.000 ns	     47596	80009ec4	00036f17	auipc	x30,0x36	 x30=0x8003fec4
     475985.000 ns	     47597	80009ec8	123f2e23	sw	x3,316(x30)	 x30:0x8003fec4  x3:0x00000001 PA:0xxxxxxxxx
     476005.000 ns	     47599	80009ecc	ff9ff06f	jal	x0,80009ec8	
     476055.000 ns	     47604	80009ec4	00036f17	auipc	x30,0x36	 x30=0x8003fec4
     476065.000 ns	     47605	80009ec8	123f2e23	sw	x3,316(x30)	 x30:0x8003fec4  x3:0x00000001 PA:0xxxxxxxxx
     476085.000 ns	     47607	80009ecc	ff9ff06f	jal	x0,80009ec8	
     476135.000 ns	     47612	80009ec4	00036f17	auipc	x30,0x36	 x30=0x8003fec4
     476145.000 ns	     47613	80009ec8	123f2e23	sw	x3,316(x30)	 x30:0x8003fec4  x3:0x00000001 PA:0xxxxxxxxx
     476165.000 ns	     47615	80009ecc	ff9ff06f	jal	x0,80009ec8	
     476215.000 ns	     47620	80009ec4	00036f17	auipc	x30,0x36	 x30=0x8003fec4
     476225.000 ns	     47621	80009ec8	123f2e23	sw	x3,316(x30)	 x30:0x8003fec4  x3:0x00000001 PA:0xxxxxxxxx
     476245.000 ns	     47623	80009ecc	ff9ff06f	jal	x0,80009ec8	
     476295.000 ns	     47628	80009ec4	00036f17	auipc	x30,0x36	 x30=0x8003fec4
     476305.000 ns	     47629	80009ec8	123f2e23	sw	x3,316(x30)	 x30:0x8003fec4  x3:0x00000001 PA:0xxxxxxxxx
     476325.000 ns	     47631	80009ecc	ff9ff06f	jal	x0,80009ec8	
     476375.000 ns	     47636	80009ec4	00036f17	auipc	x30,0x36	 x30=0x8003fec4
     476385.000 ns	     47637	80009ec8	123f2e23	sw	x3,316(x30)	 x30:0x8003fec4  x3:0x00000001 PA:0xxxxxxxxx
     476405.000 ns	     47639	80009ecc	ff9ff06f	jal	x0,80009ec8	
     476455.000 ns	     47644	80009ec4	00036f17	auipc	x30,0x36	 x30=0x8003fec4
     476465.000 ns	     47645	80009ec8	123f2e23	sw	x3,316(x30)	 x30:0x8003fec4  x3:0x00000001 PA:0xxxxxxxxx
     476485.000 ns	     47647	80009ecc	ff9ff06f	jal	x0,80009ec8	
     476535.000 ns	     47652	80009ec4	00036f17	auipc	x30,0x36	 x30=0x8003fec4
     476545.000 ns	     47653	80009ec8	123f2e23	sw	x3,316(x30)	 x30:0x8003fec4  x3:0x00000001 PA:0xxxxxxxxx
     476565.000 ns	     47655	80009ecc	ff9ff06f	jal	x0,80009ec8	
     476615.000 ns	     47660	80009ec4	00036f17	auipc	x30,0x36	 x30=0x8003fec4
     476625.000 ns	     47661	80009ec8	123f2e23	sw	x3,316(x30)	 x30:0x8003fec4  x3:0x00000001 PA:0xxxxxxxxx
     476645.000 ns	     47663	80009ecc	ff9ff06f	jal	x0,80009ec8	
     476695.000 ns	     47668	80009ec4	00036f17	auipc	x30,0x36	 x30=0x8003fec4
     476705.000 ns	     47669	80009ec8	123f2e23	sw	x3,316(x30)	 x30:0x8003fec4  x3:0x00000001 PA:0xxxxxxxxx
     476725.000 ns	     47671	80009ecc	ff9ff06f	jal	x0,80009ec8	
     476775.000 ns	     47676	80009ec4	00036f17	auipc	x30,0x36	 x30=0x8003fec4
     476785.000 ns	     47677	80009ec8	123f2e23	sw	x3,316(x30)	 x30:0x8003fec4  x3:0x00000001 PA:0xxxxxxxxx
     476805.000 ns	     47679	80009ecc	ff9ff06f	jal	x0,80009ec8	
     476855.000 ns	     47684	80009ec4	00036f17	auipc	x30,0x36	 x30=0x8003fec4
     476865.000 ns	     47685	80009ec8	123f2e23	sw	x3,316(x30)	 x30:0x8003fec4  x3:0x00000001 PA:0xxxxxxxxx
     476885.000 ns	     47687	80009ecc	ff9ff06f	jal	x0,80009ec8	
     476935.000 ns	     47692	80009ec4	00036f17	auipc	x30,0x36	 x30=0x8003fec4
     476945.000 ns	     47693	80009ec8	123f2e23	sw	x3,316(x30)	 x30:0x8003fec4  x3:0x00000001 PA:0xxxxxxxxx
     476965.000 ns	     47695	80009ecc	ff9ff06f	jal	x0,80009ec8	
     477015.000 ns	     47700	80009ec4	00036f17	auipc	x30,0x36	 x30=0x8003fec4
     477025.000 ns	     47701	80009ec8	123f2e23	sw	x3,316(x30)	 x30:0x8003fec4  x3:0x00000001 PA:0xxxxxxxxx
     477045.000 ns	     47703	80009ecc	ff9ff06f	jal	x0,80009ec8	
     477095.000 ns	     47708	80009ec4	00036f17	auipc	x30,0x36	 x30=0x8003fec4
     477105.000 ns	     47709	80009ec8	123f2e23	sw	x3,316(x30)	 x30:0x8003fec4  x3:0x00000001 PA:0xxxxxxxxx
     477125.000 ns	     47711	80009ecc	ff9ff06f	jal	x0,80009ec8	
     477175.000 ns	     47716	80009ec4	00036f17	auipc	x30,0x36	 x30=0x8003fec4
     477185.000 ns	     47717	80009ec8	123f2e23	sw	x3,316(x30)	 x30:0x8003fec4  x3:0x00000001 PA:0xxxxxxxxx
     477205.000 ns	     47719	80009ecc	ff9ff06f	jal	x0,80009ec8	
     477255.000 ns	     47724	80009ec4	00036f17	auipc	x30,0x36	 x30=0x8003fec4
     477265.000 ns	     47725	80009ec8	123f2e23	sw	x3,316(x30)	 x30:0x8003fec4  x3:0x00000001 PA:0xxxxxxxxx
     477285.000 ns	     47727	80009ecc	ff9ff06f	jal	x0,80009ec8	
     477335.000 ns	     47732	80009ec4	00036f17	auipc	x30,0x36	 x30=0x8003fec4
     477345.000 ns	     47733	80009ec8	123f2e23	sw	x3,316(x30)	 x30:0x8003fec4  x3:0x00000001 PA:0xxxxxxxxx
     477365.000 ns	     47735	80009ecc	ff9ff06f	jal	x0,80009ec8	
     477415.000 ns	     47740	80009ec4	00036f17	auipc	x30,0x36	 x30=0x8003fec4
     477425.000 ns	     47741	80009ec8	123f2e23	sw	x3,316(x30)	 x30:0x8003fec4  x3:0x00000001 PA:0xxxxxxxxx
     477445.000 ns	     47743	80009ecc	ff9ff06f	jal	x0,80009ec8	
     477495.000 ns	     47748	80009ec4	00036f17	auipc	x30,0x36	 x30=0x8003fec4
     477505.000 ns	     47749	80009ec8	123f2e23	sw	x3,316(x30)	 x30:0x8003fec4  x3:0x00000001 PA:0xxxxxxxxx
     477525.000 ns	     47751	80009ecc	ff9ff06f	jal	x0,80009ec8	
     477575.000 ns	     47756	80009ec4	00036f17	auipc	x30,0x36	 x30=0x8003fec4
     477585.000 ns	     47757	80009ec8	123f2e23	sw	x3,316(x30)	 x30:0x8003fec4  x3:0x00000001 PA:0xxxxxxxxx
     477605.000 ns	     47759	80009ecc	ff9ff06f	jal	x0,80009ec8	
     477655.000 ns	     47764	80009ec4	00036f17	auipc	x30,0x36	 x30=0x8003fec4
     477665.000 ns	     47765	80009ec8	123f2e23	sw	x3,316(x30)	 x30:0x8003fec4  x3:0x00000001 PA:0xxxxxxxxx
     477685.000 ns	     47767	80009ecc	ff9ff06f	jal	x0,80009ec8	
     477735.000 ns	     47772	80009ec4	00036f17	auipc	x30,0x36	 x30=0x8003fec4
     477745.000 ns	     47773	80009ec8	123f2e23	sw	x3,316(x30)	 x30:0x8003fec4  x3:0x00000001 PA:0xxxxxxxxx
     477765.000 ns	     47775	80009ecc	ff9ff06f	jal	x0,80009ec8	
     477815.000 ns	     47780	80009ec4	00036f17	auipc	x30,0x36	 x30=0x8003fec4
     477825.000 ns	     47781	80009ec8	123f2e23	sw	x3,316(x30)	 x30:0x8003fec4  x3:0x00000001 PA:0xxxxxxxxx
     477845.000 ns	     47783	80009ecc	ff9ff06f	jal	x0,80009ec8	
     477895.000 ns	     47788	80009ec4	00036f17	auipc	x30,0x36	 x30=0x8003fec4
     477905.000 ns	     47789	80009ec8	123f2e23	sw	x3,316(x30)	 x30:0x8003fec4  x3:0x00000001 PA:0xxxxxxxxx
     477925.000 ns	     47791	80009ecc	ff9ff06f	jal	x0,80009ec8	
     477975.000 ns	     47796	80009ec4	00036f17	auipc	x30,0x36	 x30=0x8003fec4
     477985.000 ns	     47797	80009ec8	123f2e23	sw	x3,316(x30)	 x30:0x8003fec4  x3:0x00000001 PA:0xxxxxxxxx
     478005.000 ns	     47799	80009ecc	ff9ff06f	jal	x0,80009ec8	
     478055.000 ns	     47804	80009ec4	00036f17	auipc	x30,0x36	 x30=0x8003fec4
     478065.000 ns	     47805	80009ec8	123f2e23	sw	x3,316(x30)	 x30:0x8003fec4  x3:0x00000001 PA:0xxxxxxxxx
     478085.000 ns	     47807	80009ecc	ff9ff06f	jal	x0,80009ec8	
     478135.000 ns	     47812	80009ec4	00036f17	auipc	x30,0x36	 x30=0x8003fec4
     478145.000 ns	     47813	80009ec8	123f2e23	sw	x3,316(x30)	 x30:0x8003fec4  x3:0x00000001 PA:0xxxxxxxxx
     478165.000 ns	     47815	80009ecc	ff9ff06f	jal	x0,80009ec8	
     478215.000 ns	     47820	80009ec4	00036f17	auipc	x30,0x36	 x30=0x8003fec4
     478225.000 ns	     47821	80009ec8	123f2e23	sw	x3,316(x30)	 x30:0x8003fec4  x3:0x00000001 PA:0xxxxxxxxx
     478245.000 ns	     47823	80009ecc	ff9ff06f	jal	x0,80009ec8	
     478295.000 ns	     47828	80009ec4	00036f17	auipc	x30,0x36	 x30=0x8003fec4
     478305.000 ns	     47829	80009ec8	123f2e23	sw	x3,316(x30)	 x30:0x8003fec4  x3:0x00000001 PA:0xxxxxxxxx
     478325.000 ns	     47831	80009ecc	ff9ff06f	jal	x0,80009ec8	
     478375.000 ns	     47836	80009ec4	00036f17	auipc	x30,0x36	 x30=0x8003fec4
     478385.000 ns	     47837	80009ec8	123f2e23	sw	x3,316(x30)	 x30:0x8003fec4  x3:0x00000001 PA:0xxxxxxxxx
     478405.000 ns	     47839	80009ecc	ff9ff06f	jal	x0,80009ec8	
     478455.000 ns	     47844	80009ec4	00036f17	auipc	x30,0x36	 x30=0x8003fec4
     478465.000 ns	     47845	80009ec8	123f2e23	sw	x3,316(x30)	 x30:0x8003fec4  x3:0x00000001 PA:0xxxxxxxxx
     478485.000 ns	     47847	80009ecc	ff9ff06f	jal	x0,80009ec8	
     478535.000 ns	     47852	80009ec4	00036f17	auipc	x30,0x36	 x30=0x8003fec4
     478545.000 ns	     47853	80009ec8	123f2e23	sw	x3,316(x30)	 x30:0x8003fec4  x3:0x00000001 PA:0xxxxxxxxx
     478565.000 ns	     47855	80009ecc	ff9ff06f	jal	x0,80009ec8	
     478615.000 ns	     47860	80009ec4	00036f17	auipc	x30,0x36	 x30=0x8003fec4
     478625.000 ns	     47861	80009ec8	123f2e23	sw	x3,316(x30)	 x30:0x8003fec4  x3:0x00000001 PA:0xxxxxxxxx
     478645.000 ns	     47863	80009ecc	ff9ff06f	jal	x0,80009ec8	
     478695.000 ns	     47868	80009ec4	00036f17	auipc	x30,0x36	 x30=0x8003fec4
     478705.000 ns	     47869	80009ec8	123f2e23	sw	x3,316(x30)	 x30:0x8003fec4  x3:0x00000001 PA:0xxxxxxxxx
     478725.000 ns	     47871	80009ecc	ff9ff06f	jal	x0,80009ec8	
     478775.000 ns	     47876	80009ec4	00036f17	auipc	x30,0x36	 x30=0x8003fec4
     478785.000 ns	     47877	80009ec8	123f2e23	sw	x3,316(x30)	 x30:0x8003fec4  x3:0x00000001 PA:0xxxxxxxxx
     478805.000 ns	     47879	80009ecc	ff9ff06f	jal	x0,80009ec8	
     478855.000 ns	     47884	80009ec4	00036f17	auipc	x30,0x36	 x30=0x8003fec4
     478865.000 ns	     47885	80009ec8	123f2e23	sw	x3,316(x30)	 x30:0x8003fec4  x3:0x00000001 PA:0xxxxxxxxx
     478885.000 ns	     47887	80009ecc	ff9ff06f	jal	x0,80009ec8	
     478935.000 ns	     47892	80009ec4	00036f17	auipc	x30,0x36	 x30=0x8003fec4
     478945.000 ns	     47893	80009ec8	123f2e23	sw	x3,316(x30)	 x30:0x8003fec4  x3:0x00000001 PA:0xxxxxxxxx
     478965.000 ns	     47895	80009ecc	ff9ff06f	jal	x0,80009ec8	
     479015.000 ns	     47900	80009ec4	00036f17	auipc	x30,0x36	 x30=0x8003fec4
     479025.000 ns	     47901	80009ec8	123f2e23	sw	x3,316(x30)	 x30:0x8003fec4  x3:0x00000001 PA:0xxxxxxxxx
     479045.000 ns	     47903	80009ecc	ff9ff06f	jal	x0,80009ec8	
     479095.000 ns	     47908	80009ec4	00036f17	auipc	x30,0x36	 x30=0x8003fec4
     479105.000 ns	     47909	80009ec8	123f2e23	sw	x3,316(x30)	 x30:0x8003fec4  x3:0x00000001 PA:0xxxxxxxxx
     479125.000 ns	     47911	80009ecc	ff9ff06f	jal	x0,80009ec8	
     479175.000 ns	     47916	80009ec4	00036f17	auipc	x30,0x36	 x30=0x8003fec4
     479185.000 ns	     47917	80009ec8	123f2e23	sw	x3,316(x30)	 x30:0x8003fec4  x3:0x00000001 PA:0xxxxxxxxx
     479205.000 ns	     47919	80009ecc	ff9ff06f	jal	x0,80009ec8	
     479255.000 ns	     47924	80009ec4	00036f17	auipc	x30,0x36	 x30=0x8003fec4
     479265.000 ns	     47925	80009ec8	123f2e23	sw	x3,316(x30)	 x30:0x8003fec4  x3:0x00000001 PA:0xxxxxxxxx
     479285.000 ns	     47927	80009ecc	ff9ff06f	jal	x0,80009ec8	
     479335.000 ns	     47932	80009ec4	00036f17	auipc	x30,0x36	 x30=0x8003fec4
     479345.000 ns	     47933	80009ec8	123f2e23	sw	x3,316(x30)	 x30:0x8003fec4  x3:0x00000001 PA:0xxxxxxxxx
     479365.000 ns	     47935	80009ecc	ff9ff06f	jal	x0,80009ec8	
     479415.000 ns	     47940	80009ec4	00036f17	auipc	x30,0x36	 x30=0x8003fec4
     479425.000 ns	     47941	80009ec8	123f2e23	sw	x3,316(x30)	 x30:0x8003fec4  x3:0x00000001 PA:0xxxxxxxxx
     479445.000 ns	     47943	80009ecc	ff9ff06f	jal	x0,80009ec8	
     479495.000 ns	     47948	80009ec4	00036f17	auipc	x30,0x36	 x30=0x8003fec4
     479505.000 ns	     47949	80009ec8	123f2e23	sw	x3,316(x30)	 x30:0x8003fec4  x3:0x00000001 PA:0xxxxxxxxx
     479525.000 ns	     47951	80009ecc	ff9ff06f	jal	x0,80009ec8	
     479575.000 ns	     47956	80009ec4	00036f17	auipc	x30,0x36	 x30=0x8003fec4
     479585.000 ns	     47957	80009ec8	123f2e23	sw	x3,316(x30)	 x30:0x8003fec4  x3:0x00000001 PA:0xxxxxxxxx
     479605.000 ns	     47959	80009ecc	ff9ff06f	jal	x0,80009ec8	
     479655.000 ns	     47964	80009ec4	00036f17	auipc	x30,0x36	 x30=0x8003fec4
     479665.000 ns	     47965	80009ec8	123f2e23	sw	x3,316(x30)	 x30:0x8003fec4  x3:0x00000001 PA:0xxxxxxxxx
     479685.000 ns	     47967	80009ecc	ff9ff06f	jal	x0,80009ec8	
     479735.000 ns	     47972	80009ec4	00036f17	auipc	x30,0x36	 x30=0x8003fec4
     479745.000 ns	     47973	80009ec8	123f2e23	sw	x3,316(x30)	 x30:0x8003fec4  x3:0x00000001 PA:0xxxxxxxxx
     479765.000 ns	     47975	80009ecc	ff9ff06f	jal	x0,80009ec8	
     479815.000 ns	     47980	80009ec4	00036f17	auipc	x30,0x36	 x30=0x8003fec4
     479825.000 ns	     47981	80009ec8	123f2e23	sw	x3,316(x30)	 x30:0x8003fec4  x3:0x00000001 PA:0xxxxxxxxx
     479845.000 ns	     47983	80009ecc	ff9ff06f	jal	x0,80009ec8	
     479895.000 ns	     47988	80009ec4	00036f17	auipc	x30,0x36	 x30=0x8003fec4
     479905.000 ns	     47989	80009ec8	123f2e23	sw	x3,316(x30)	 x30:0x8003fec4  x3:0x00000001 PA:0xxxxxxxxx
     479925.000 ns	     47991	80009ecc	ff9ff06f	jal	x0,80009ec8	
     479975.000 ns	     47996	80009ec4	00036f17	auipc	x30,0x36	 x30=0x8003fec4
     479985.000 ns	     47997	80009ec8	123f2e23	sw	x3,316(x30)	 x30:0x8003fec4  x3:0x00000001 PA:0xxxxxxxxx
     480005.000 ns	     47999	80009ecc	ff9ff06f	jal	x0,80009ec8	
     480055.000 ns	     48004	80009ec4	00036f17	auipc	x30,0x36	 x30=0x8003fec4
     480065.000 ns	     48005	80009ec8	123f2e23	sw	x3,316(x30)	 x30:0x8003fec4  x3:0x00000001 PA:0xxxxxxxxx
     480085.000 ns	     48007	80009ecc	ff9ff06f	jal	x0,80009ec8	
     480135.000 ns	     48012	80009ec4	00036f17	auipc	x30,0x36	 x30=0x8003fec4
     480145.000 ns	     48013	80009ec8	123f2e23	sw	x3,316(x30)	 x30:0x8003fec4  x3:0x00000001 PA:0xxxxxxxxx
     480165.000 ns	     48015	80009ecc	ff9ff06f	jal	x0,80009ec8	
     480215.000 ns	     48020	80009ec4	00036f17	auipc	x30,0x36	 x30=0x8003fec4
     480225.000 ns	     48021	80009ec8	123f2e23	sw	x3,316(x30)	 x30:0x8003fec4  x3:0x00000001 PA:0xxxxxxxxx
     480245.000 ns	     48023	80009ecc	ff9ff06f	jal	x0,80009ec8	
     480295.000 ns	     48028	80009ec4	00036f17	auipc	x30,0x36	 x30=0x8003fec4
     480305.000 ns	     48029	80009ec8	123f2e23	sw	x3,316(x30)	 x30:0x8003fec4  x3:0x00000001 PA:0xxxxxxxxx
     480325.000 ns	     48031	80009ecc	ff9ff06f	jal	x0,80009ec8	
     480375.000 ns	     48036	80009ec4	00036f17	auipc	x30,0x36	 x30=0x8003fec4
     480385.000 ns	     48037	80009ec8	123f2e23	sw	x3,316(x30)	 x30:0x8003fec4  x3:0x00000001 PA:0xxxxxxxxx
     480405.000 ns	     48039	80009ecc	ff9ff06f	jal	x0,80009ec8	
     480455.000 ns	     48044	80009ec4	00036f17	auipc	x30,0x36	 x30=0x8003fec4
     480465.000 ns	     48045	80009ec8	123f2e23	sw	x3,316(x30)	 x30:0x8003fec4  x3:0x00000001 PA:0xxxxxxxxx
     480485.000 ns	     48047	80009ecc	ff9ff06f	jal	x0,80009ec8	
     480535.000 ns	     48052	80009ec4	00036f17	auipc	x30,0x36	 x30=0x8003fec4
     480545.000 ns	     48053	80009ec8	123f2e23	sw	x3,316(x30)	 x30:0x8003fec4  x3:0x00000001 PA:0xxxxxxxxx
     480565.000 ns	     48055	80009ecc	ff9ff06f	jal	x0,80009ec8	
     480615.000 ns	     48060	80009ec4	00036f17	auipc	x30,0x36	 x30=0x8003fec4
     480625.000 ns	     48061	80009ec8	123f2e23	sw	x3,316(x30)	 x30:0x8003fec4  x3:0x00000001 PA:0xxxxxxxxx
     480645.000 ns	     48063	80009ecc	ff9ff06f	jal	x0,80009ec8	
     480695.000 ns	     48068	80009ec4	00036f17	auipc	x30,0x36	 x30=0x8003fec4
     480705.000 ns	     48069	80009ec8	123f2e23	sw	x3,316(x30)	 x30:0x8003fec4  x3:0x00000001 PA:0xxxxxxxxx
     480725.000 ns	     48071	80009ecc	ff9ff06f	jal	x0,80009ec8	
     480775.000 ns	     48076	80009ec4	00036f17	auipc	x30,0x36	 x30=0x8003fec4
     480785.000 ns	     48077	80009ec8	123f2e23	sw	x3,316(x30)	 x30:0x8003fec4  x3:0x00000001 PA:0xxxxxxxxx
     480805.000 ns	     48079	80009ecc	ff9ff06f	jal	x0,80009ec8	
     480855.000 ns	     48084	80009ec4	00036f17	auipc	x30,0x36	 x30=0x8003fec4
     480865.000 ns	     48085	80009ec8	123f2e23	sw	x3,316(x30)	 x30:0x8003fec4  x3:0x00000001 PA:0xxxxxxxxx
     480885.000 ns	     48087	80009ecc	ff9ff06f	jal	x0,80009ec8	
     480935.000 ns	     48092	80009ec4	00036f17	auipc	x30,0x36	 x30=0x8003fec4
     480945.000 ns	     48093	80009ec8	123f2e23	sw	x3,316(x30)	 x30:0x8003fec4  x3:0x00000001 PA:0xxxxxxxxx
     480965.000 ns	     48095	80009ecc	ff9ff06f	jal	x0,80009ec8	
     481015.000 ns	     48100	80009ec4	00036f17	auipc	x30,0x36	 x30=0x8003fec4
     481025.000 ns	     48101	80009ec8	123f2e23	sw	x3,316(x30)	 x30:0x8003fec4  x3:0x00000001 PA:0xxxxxxxxx
     481045.000 ns	     48103	80009ecc	ff9ff06f	jal	x0,80009ec8	
     481095.000 ns	     48108	80009ec4	00036f17	auipc	x30,0x36	 x30=0x8003fec4
     481105.000 ns	     48109	80009ec8	123f2e23	sw	x3,316(x30)	 x30:0x8003fec4  x3:0x00000001 PA:0xxxxxxxxx
     481125.000 ns	     48111	80009ecc	ff9ff06f	jal	x0,80009ec8	
     481175.000 ns	     48116	80009ec4	00036f17	auipc	x30,0x36	 x30=0x8003fec4
     481185.000 ns	     48117	80009ec8	123f2e23	sw	x3,316(x30)	 x30:0x8003fec4  x3:0x00000001 PA:0xxxxxxxxx
     481205.000 ns	     48119	80009ecc	ff9ff06f	jal	x0,80009ec8	
     481255.000 ns	     48124	80009ec4	00036f17	auipc	x30,0x36	 x30=0x8003fec4
     481265.000 ns	     48125	80009ec8	123f2e23	sw	x3,316(x30)	 x30:0x8003fec4  x3:0x00000001 PA:0xxxxxxxxx
     481285.000 ns	     48127	80009ecc	ff9ff06f	jal	x0,80009ec8	
     481335.000 ns	     48132	80009ec4	00036f17	auipc	x30,0x36	 x30=0x8003fec4
     481345.000 ns	     48133	80009ec8	123f2e23	sw	x3,316(x30)	 x30:0x8003fec4  x3:0x00000001 PA:0xxxxxxxxx
     481365.000 ns	     48135	80009ecc	ff9ff06f	jal	x0,80009ec8	
     481415.000 ns	     48140	80009ec4	00036f17	auipc	x30,0x36	 x30=0x8003fec4
     481425.000 ns	     48141	80009ec8	123f2e23	sw	x3,316(x30)	 x30:0x8003fec4  x3:0x00000001 PA:0xxxxxxxxx
     481445.000 ns	     48143	80009ecc	ff9ff06f	jal	x0,80009ec8	
     481495.000 ns	     48148	80009ec4	00036f17	auipc	x30,0x36	 x30=0x8003fec4
     481505.000 ns	     48149	80009ec8	123f2e23	sw	x3,316(x30)	 x30:0x8003fec4  x3:0x00000001 PA:0xxxxxxxxx
     481525.000 ns	     48151	80009ecc	ff9ff06f	jal	x0,80009ec8	
     481575.000 ns	     48156	80009ec4	00036f17	auipc	x30,0x36	 x30=0x8003fec4
     481585.000 ns	     48157	80009ec8	123f2e23	sw	x3,316(x30)	 x30:0x8003fec4  x3:0x00000001 PA:0xxxxxxxxx
     481605.000 ns	     48159	80009ecc	ff9ff06f	jal	x0,80009ec8	
     481655.000 ns	     48164	80009ec4	00036f17	auipc	x30,0x36	 x30=0x8003fec4
     481665.000 ns	     48165	80009ec8	123f2e23	sw	x3,316(x30)	 x30:0x8003fec4  x3:0x00000001 PA:0xxxxxxxxx
     481685.000 ns	     48167	80009ecc	ff9ff06f	jal	x0,80009ec8	
     481735.000 ns	     48172	80009ec4	00036f17	auipc	x30,0x36	 x30=0x8003fec4
     481745.000 ns	     48173	80009ec8	123f2e23	sw	x3,316(x30)	 x30:0x8003fec4  x3:0x00000001 PA:0xxxxxxxxx
     481765.000 ns	     48175	80009ecc	ff9ff06f	jal	x0,80009ec8	
     481815.000 ns	     48180	80009ec4	00036f17	auipc	x30,0x36	 x30=0x8003fec4
     481825.000 ns	     48181	80009ec8	123f2e23	sw	x3,316(x30)	 x30:0x8003fec4  x3:0x00000001 PA:0xxxxxxxxx
     481845.000 ns	     48183	80009ecc	ff9ff06f	jal	x0,80009ec8	
     481895.000 ns	     48188	80009ec4	00036f17	auipc	x30,0x36	 x30=0x8003fec4
     481905.000 ns	     48189	80009ec8	123f2e23	sw	x3,316(x30)	 x30:0x8003fec4  x3:0x00000001 PA:0xxxxxxxxx
     481925.000 ns	     48191	80009ecc	ff9ff06f	jal	x0,80009ec8	
     481975.000 ns	     48196	80009ec4	00036f17	auipc	x30,0x36	 x30=0x8003fec4
     481985.000 ns	     48197	80009ec8	123f2e23	sw	x3,316(x30)	 x30:0x8003fec4  x3:0x00000001 PA:0xxxxxxxxx
     482005.000 ns	     48199	80009ecc	ff9ff06f	jal	x0,80009ec8	
     482055.000 ns	     48204	80009ec4	00036f17	auipc	x30,0x36	 x30=0x8003fec4
     482065.000 ns	     48205	80009ec8	123f2e23	sw	x3,316(x30)	 x30:0x8003fec4  x3:0x00000001 PA:0xxxxxxxxx
     482085.000 ns	     48207	80009ecc	ff9ff06f	jal	x0,80009ec8	
     482135.000 ns	     48212	80009ec4	00036f17	auipc	x30,0x36	 x30=0x8003fec4
     482145.000 ns	     48213	80009ec8	123f2e23	sw	x3,316(x30)	 x30:0x8003fec4  x3:0x00000001 PA:0xxxxxxxxx
     482165.000 ns	     48215	80009ecc	ff9ff06f	jal	x0,80009ec8	
     482215.000 ns	     48220	80009ec4	00036f17	auipc	x30,0x36	 x30=0x8003fec4
     482225.000 ns	     48221	80009ec8	123f2e23	sw	x3,316(x30)	 x30:0x8003fec4  x3:0x00000001 PA:0xxxxxxxxx
     482245.000 ns	     48223	80009ecc	ff9ff06f	jal	x0,80009ec8	
     482295.000 ns	     48228	80009ec4	00036f17	auipc	x30,0x36	 x30=0x8003fec4
     482305.000 ns	     48229	80009ec8	123f2e23	sw	x3,316(x30)	 x30:0x8003fec4  x3:0x00000001 PA:0xxxxxxxxx
     482325.000 ns	     48231	80009ecc	ff9ff06f	jal	x0,80009ec8	
     482375.000 ns	     48236	80009ec4	00036f17	auipc	x30,0x36	 x30=0x8003fec4
     482385.000 ns	     48237	80009ec8	123f2e23	sw	x3,316(x30)	 x30:0x8003fec4  x3:0x00000001 PA:0xxxxxxxxx
     482405.000 ns	     48239	80009ecc	ff9ff06f	jal	x0,80009ec8	
     482455.000 ns	     48244	80009ec4	00036f17	auipc	x30,0x36	 x30=0x8003fec4
     482465.000 ns	     48245	80009ec8	123f2e23	sw	x3,316(x30)	 x30:0x8003fec4  x3:0x00000001 PA:0xxxxxxxxx
     482485.000 ns	     48247	80009ecc	ff9ff06f	jal	x0,80009ec8	
     482535.000 ns	     48252	80009ec4	00036f17	auipc	x30,0x36	 x30=0x8003fec4
     482545.000 ns	     48253	80009ec8	123f2e23	sw	x3,316(x30)	 x30:0x8003fec4  x3:0x00000001 PA:0xxxxxxxxx
     482565.000 ns	     48255	80009ecc	ff9ff06f	jal	x0,80009ec8	
     482615.000 ns	     48260	80009ec4	00036f17	auipc	x30,0x36	 x30=0x8003fec4
     482625.000 ns	     48261	80009ec8	123f2e23	sw	x3,316(x30)	 x30:0x8003fec4  x3:0x00000001 PA:0xxxxxxxxx
     482645.000 ns	     48263	80009ecc	ff9ff06f	jal	x0,80009ec8	
     482695.000 ns	     48268	80009ec4	00036f17	auipc	x30,0x36	 x30=0x8003fec4
     482705.000 ns	     48269	80009ec8	123f2e23	sw	x3,316(x30)	 x30:0x8003fec4  x3:0x00000001 PA:0xxxxxxxxx
     482725.000 ns	     48271	80009ecc	ff9ff06f	jal	x0,80009ec8	
     482775.000 ns	     48276	80009ec4	00036f17	auipc	x30,0x36	 x30=0x8003fec4
     482785.000 ns	     48277	80009ec8	123f2e23	sw	x3,316(x30)	 x30:0x8003fec4  x3:0x00000001 PA:0xxxxxxxxx
     482805.000 ns	     48279	80009ecc	ff9ff06f	jal	x0,80009ec8	
     482855.000 ns	     48284	80009ec4	00036f17	auipc	x30,0x36	 x30=0x8003fec4
     482865.000 ns	     48285	80009ec8	123f2e23	sw	x3,316(x30)	 x30:0x8003fec4  x3:0x00000001 PA:0xxxxxxxxx
     482885.000 ns	     48287	80009ecc	ff9ff06f	jal	x0,80009ec8	
     482935.000 ns	     48292	80009ec4	00036f17	auipc	x30,0x36	 x30=0x8003fec4
     482945.000 ns	     48293	80009ec8	123f2e23	sw	x3,316(x30)	 x30:0x8003fec4  x3:0x00000001 PA:0xxxxxxxxx
     482965.000 ns	     48295	80009ecc	ff9ff06f	jal	x0,80009ec8	
     483015.000 ns	     48300	80009ec4	00036f17	auipc	x30,0x36	 x30=0x8003fec4
     483025.000 ns	     48301	80009ec8	123f2e23	sw	x3,316(x30)	 x30:0x8003fec4  x3:0x00000001 PA:0xxxxxxxxx
     483045.000 ns	     48303	80009ecc	ff9ff06f	jal	x0,80009ec8	
     483095.000 ns	     48308	80009ec4	00036f17	auipc	x30,0x36	 x30=0x8003fec4
     483105.000 ns	     48309	80009ec8	123f2e23	sw	x3,316(x30)	 x30:0x8003fec4  x3:0x00000001 PA:0xxxxxxxxx
     483125.000 ns	     48311	80009ecc	ff9ff06f	jal	x0,80009ec8	
     483175.000 ns	     48316	80009ec4	00036f17	auipc	x30,0x36	 x30=0x8003fec4
     483185.000 ns	     48317	80009ec8	123f2e23	sw	x3,316(x30)	 x30:0x8003fec4  x3:0x00000001 PA:0xxxxxxxxx
     483205.000 ns	     48319	80009ecc	ff9ff06f	jal	x0,80009ec8	
     483255.000 ns	     48324	80009ec4	00036f17	auipc	x30,0x36	 x30=0x8003fec4
     483265.000 ns	     48325	80009ec8	123f2e23	sw	x3,316(x30)	 x30:0x8003fec4  x3:0x00000001 PA:0xxxxxxxxx
     483285.000 ns	     48327	80009ecc	ff9ff06f	jal	x0,80009ec8	
     483335.000 ns	     48332	80009ec4	00036f17	auipc	x30,0x36	 x30=0x8003fec4
     483345.000 ns	     48333	80009ec8	123f2e23	sw	x3,316(x30)	 x30:0x8003fec4  x3:0x00000001 PA:0xxxxxxxxx
     483365.000 ns	     48335	80009ecc	ff9ff06f	jal	x0,80009ec8	
     483415.000 ns	     48340	80009ec4	00036f17	auipc	x30,0x36	 x30=0x8003fec4
     483425.000 ns	     48341	80009ec8	123f2e23	sw	x3,316(x30)	 x30:0x8003fec4  x3:0x00000001 PA:0xxxxxxxxx
     483445.000 ns	     48343	80009ecc	ff9ff06f	jal	x0,80009ec8	
     483495.000 ns	     48348	80009ec4	00036f17	auipc	x30,0x36	 x30=0x8003fec4
     483505.000 ns	     48349	80009ec8	123f2e23	sw	x3,316(x30)	 x30:0x8003fec4  x3:0x00000001 PA:0xxxxxxxxx
     483525.000 ns	     48351	80009ecc	ff9ff06f	jal	x0,80009ec8	
     483575.000 ns	     48356	80009ec4	00036f17	auipc	x30,0x36	 x30=0x8003fec4
     483585.000 ns	     48357	80009ec8	123f2e23	sw	x3,316(x30)	 x30:0x8003fec4  x3:0x00000001 PA:0xxxxxxxxx
     483605.000 ns	     48359	80009ecc	ff9ff06f	jal	x0,80009ec8	
     483655.000 ns	     48364	80009ec4	00036f17	auipc	x30,0x36	 x30=0x8003fec4
     483665.000 ns	     48365	80009ec8	123f2e23	sw	x3,316(x30)	 x30:0x8003fec4  x3:0x00000001 PA:0xxxxxxxxx
     483685.000 ns	     48367	80009ecc	ff9ff06f	jal	x0,80009ec8	
     483735.000 ns	     48372	80009ec4	00036f17	auipc	x30,0x36	 x30=0x8003fec4
     483745.000 ns	     48373	80009ec8	123f2e23	sw	x3,316(x30)	 x30:0x8003fec4  x3:0x00000001 PA:0xxxxxxxxx
     483765.000 ns	     48375	80009ecc	ff9ff06f	jal	x0,80009ec8	
     483815.000 ns	     48380	80009ec4	00036f17	auipc	x30,0x36	 x30=0x8003fec4
     483825.000 ns	     48381	80009ec8	123f2e23	sw	x3,316(x30)	 x30:0x8003fec4  x3:0x00000001 PA:0xxxxxxxxx
     483845.000 ns	     48383	80009ecc	ff9ff06f	jal	x0,80009ec8	
     483895.000 ns	     48388	80009ec4	00036f17	auipc	x30,0x36	 x30=0x8003fec4
     483905.000 ns	     48389	80009ec8	123f2e23	sw	x3,316(x30)	 x30:0x8003fec4  x3:0x00000001 PA:0xxxxxxxxx
     483925.000 ns	     48391	80009ecc	ff9ff06f	jal	x0,80009ec8	
     483975.000 ns	     48396	80009ec4	00036f17	auipc	x30,0x36	 x30=0x8003fec4
     483985.000 ns	     48397	80009ec8	123f2e23	sw	x3,316(x30)	 x30:0x8003fec4  x3:0x00000001 PA:0xxxxxxxxx
     484005.000 ns	     48399	80009ecc	ff9ff06f	jal	x0,80009ec8	
     484055.000 ns	     48404	80009ec4	00036f17	auipc	x30,0x36	 x30=0x8003fec4
     484065.000 ns	     48405	80009ec8	123f2e23	sw	x3,316(x30)	 x30:0x8003fec4  x3:0x00000001 PA:0xxxxxxxxx
     484085.000 ns	     48407	80009ecc	ff9ff06f	jal	x0,80009ec8	
     484135.000 ns	     48412	80009ec4	00036f17	auipc	x30,0x36	 x30=0x8003fec4
     484145.000 ns	     48413	80009ec8	123f2e23	sw	x3,316(x30)	 x30:0x8003fec4  x3:0x00000001 PA:0xxxxxxxxx
     484165.000 ns	     48415	80009ecc	ff9ff06f	jal	x0,80009ec8	
     484215.000 ns	     48420	80009ec4	00036f17	auipc	x30,0x36	 x30=0x8003fec4
     484225.000 ns	     48421	80009ec8	123f2e23	sw	x3,316(x30)	 x30:0x8003fec4  x3:0x00000001 PA:0xxxxxxxxx
     484245.000 ns	     48423	80009ecc	ff9ff06f	jal	x0,80009ec8	
     484295.000 ns	     48428	80009ec4	00036f17	auipc	x30,0x36	 x30=0x8003fec4
     484305.000 ns	     48429	80009ec8	123f2e23	sw	x3,316(x30)	 x30:0x8003fec4  x3:0x00000001 PA:0xxxxxxxxx
     484325.000 ns	     48431	80009ecc	ff9ff06f	jal	x0,80009ec8	
     484375.000 ns	     48436	80009ec4	00036f17	auipc	x30,0x36	 x30=0x8003fec4
     484385.000 ns	     48437	80009ec8	123f2e23	sw	x3,316(x30)	 x30:0x8003fec4  x3:0x00000001 PA:0xxxxxxxxx
     484405.000 ns	     48439	80009ecc	ff9ff06f	jal	x0,80009ec8	
     484455.000 ns	     48444	80009ec4	00036f17	auipc	x30,0x36	 x30=0x8003fec4
     484465.000 ns	     48445	80009ec8	123f2e23	sw	x3,316(x30)	 x30:0x8003fec4  x3:0x00000001 PA:0xxxxxxxxx
     484485.000 ns	     48447	80009ecc	ff9ff06f	jal	x0,80009ec8	
     484535.000 ns	     48452	80009ec4	00036f17	auipc	x30,0x36	 x30=0x8003fec4
     484545.000 ns	     48453	80009ec8	123f2e23	sw	x3,316(x30)	 x30:0x8003fec4  x3:0x00000001 PA:0xxxxxxxxx
     484565.000 ns	     48455	80009ecc	ff9ff06f	jal	x0,80009ec8	
     484615.000 ns	     48460	80009ec4	00036f17	auipc	x30,0x36	 x30=0x8003fec4
     484625.000 ns	     48461	80009ec8	123f2e23	sw	x3,316(x30)	 x30:0x8003fec4  x3:0x00000001 PA:0xxxxxxxxx
     484645.000 ns	     48463	80009ecc	ff9ff06f	jal	x0,80009ec8	
     484695.000 ns	     48468	80009ec4	00036f17	auipc	x30,0x36	 x30=0x8003fec4
     484705.000 ns	     48469	80009ec8	123f2e23	sw	x3,316(x30)	 x30:0x8003fec4  x3:0x00000001 PA:0xxxxxxxxx
     484725.000 ns	     48471	80009ecc	ff9ff06f	jal	x0,80009ec8	
     484775.000 ns	     48476	80009ec4	00036f17	auipc	x30,0x36	 x30=0x8003fec4
     484785.000 ns	     48477	80009ec8	123f2e23	sw	x3,316(x30)	 x30:0x8003fec4  x3:0x00000001 PA:0xxxxxxxxx
     484805.000 ns	     48479	80009ecc	ff9ff06f	jal	x0,80009ec8	
     484855.000 ns	     48484	80009ec4	00036f17	auipc	x30,0x36	 x30=0x8003fec4
     484865.000 ns	     48485	80009ec8	123f2e23	sw	x3,316(x30)	 x30:0x8003fec4  x3:0x00000001 PA:0xxxxxxxxx
     484885.000 ns	     48487	80009ecc	ff9ff06f	jal	x0,80009ec8	
     484935.000 ns	     48492	80009ec4	00036f17	auipc	x30,0x36	 x30=0x8003fec4
     484945.000 ns	     48493	80009ec8	123f2e23	sw	x3,316(x30)	 x30:0x8003fec4  x3:0x00000001 PA:0xxxxxxxxx
     484965.000 ns	     48495	80009ecc	ff9ff06f	jal	x0,80009ec8	
     485015.000 ns	     48500	80009ec4	00036f17	auipc	x30,0x36	 x30=0x8003fec4
     485025.000 ns	     48501	80009ec8	123f2e23	sw	x3,316(x30)	 x30:0x8003fec4  x3:0x00000001 PA:0xxxxxxxxx
     485045.000 ns	     48503	80009ecc	ff9ff06f	jal	x0,80009ec8	
     485095.000 ns	     48508	80009ec4	00036f17	auipc	x30,0x36	 x30=0x8003fec4
     485105.000 ns	     48509	80009ec8	123f2e23	sw	x3,316(x30)	 x30:0x8003fec4  x3:0x00000001 PA:0xxxxxxxxx
     485125.000 ns	     48511	80009ecc	ff9ff06f	jal	x0,80009ec8	
     485175.000 ns	     48516	80009ec4	00036f17	auipc	x30,0x36	 x30=0x8003fec4
     485185.000 ns	     48517	80009ec8	123f2e23	sw	x3,316(x30)	 x30:0x8003fec4  x3:0x00000001 PA:0xxxxxxxxx
     485205.000 ns	     48519	80009ecc	ff9ff06f	jal	x0,80009ec8	
     485255.000 ns	     48524	80009ec4	00036f17	auipc	x30,0x36	 x30=0x8003fec4
     485265.000 ns	     48525	80009ec8	123f2e23	sw	x3,316(x30)	 x30:0x8003fec4  x3:0x00000001 PA:0xxxxxxxxx
     485285.000 ns	     48527	80009ecc	ff9ff06f	jal	x0,80009ec8	
     485335.000 ns	     48532	80009ec4	00036f17	auipc	x30,0x36	 x30=0x8003fec4
     485345.000 ns	     48533	80009ec8	123f2e23	sw	x3,316(x30)	 x30:0x8003fec4  x3:0x00000001 PA:0xxxxxxxxx
     485365.000 ns	     48535	80009ecc	ff9ff06f	jal	x0,80009ec8	
     485415.000 ns	     48540	80009ec4	00036f17	auipc	x30,0x36	 x30=0x8003fec4
     485425.000 ns	     48541	80009ec8	123f2e23	sw	x3,316(x30)	 x30:0x8003fec4  x3:0x00000001 PA:0xxxxxxxxx
     485445.000 ns	     48543	80009ecc	ff9ff06f	jal	x0,80009ec8	
     485495.000 ns	     48548	80009ec4	00036f17	auipc	x30,0x36	 x30=0x8003fec4
     485505.000 ns	     48549	80009ec8	123f2e23	sw	x3,316(x30)	 x30:0x8003fec4  x3:0x00000001 PA:0xxxxxxxxx
     485525.000 ns	     48551	80009ecc	ff9ff06f	jal	x0,80009ec8	
     485575.000 ns	     48556	80009ec4	00036f17	auipc	x30,0x36	 x30=0x8003fec4
     485585.000 ns	     48557	80009ec8	123f2e23	sw	x3,316(x30)	 x30:0x8003fec4  x3:0x00000001 PA:0xxxxxxxxx
     485605.000 ns	     48559	80009ecc	ff9ff06f	jal	x0,80009ec8	
     485655.000 ns	     48564	80009ec4	00036f17	auipc	x30,0x36	 x30=0x8003fec4
     485665.000 ns	     48565	80009ec8	123f2e23	sw	x3,316(x30)	 x30:0x8003fec4  x3:0x00000001 PA:0xxxxxxxxx
     485685.000 ns	     48567	80009ecc	ff9ff06f	jal	x0,80009ec8	
     485735.000 ns	     48572	80009ec4	00036f17	auipc	x30,0x36	 x30=0x8003fec4
     485745.000 ns	     48573	80009ec8	123f2e23	sw	x3,316(x30)	 x30:0x8003fec4  x3:0x00000001 PA:0xxxxxxxxx
     485765.000 ns	     48575	80009ecc	ff9ff06f	jal	x0,80009ec8	
     485815.000 ns	     48580	80009ec4	00036f17	auipc	x30,0x36	 x30=0x8003fec4
     485825.000 ns	     48581	80009ec8	123f2e23	sw	x3,316(x30)	 x30:0x8003fec4  x3:0x00000001 PA:0xxxxxxxxx
     485845.000 ns	     48583	80009ecc	ff9ff06f	jal	x0,80009ec8	
     485895.000 ns	     48588	80009ec4	00036f17	auipc	x30,0x36	 x30=0x8003fec4
     485905.000 ns	     48589	80009ec8	123f2e23	sw	x3,316(x30)	 x30:0x8003fec4  x3:0x00000001 PA:0xxxxxxxxx
     485925.000 ns	     48591	80009ecc	ff9ff06f	jal	x0,80009ec8	
     485975.000 ns	     48596	80009ec4	00036f17	auipc	x30,0x36	 x30=0x8003fec4
     485985.000 ns	     48597	80009ec8	123f2e23	sw	x3,316(x30)	 x30:0x8003fec4  x3:0x00000001 PA:0xxxxxxxxx
     486005.000 ns	     48599	80009ecc	ff9ff06f	jal	x0,80009ec8	
     486055.000 ns	     48604	80009ec4	00036f17	auipc	x30,0x36	 x30=0x8003fec4
     486065.000 ns	     48605	80009ec8	123f2e23	sw	x3,316(x30)	 x30:0x8003fec4  x3:0x00000001 PA:0xxxxxxxxx
     486085.000 ns	     48607	80009ecc	ff9ff06f	jal	x0,80009ec8	
     486135.000 ns	     48612	80009ec4	00036f17	auipc	x30,0x36	 x30=0x8003fec4
     486145.000 ns	     48613	80009ec8	123f2e23	sw	x3,316(x30)	 x30:0x8003fec4  x3:0x00000001 PA:0xxxxxxxxx
     486165.000 ns	     48615	80009ecc	ff9ff06f	jal	x0,80009ec8	
     486215.000 ns	     48620	80009ec4	00036f17	auipc	x30,0x36	 x30=0x8003fec4
     486225.000 ns	     48621	80009ec8	123f2e23	sw	x3,316(x30)	 x30:0x8003fec4  x3:0x00000001 PA:0xxxxxxxxx
     486245.000 ns	     48623	80009ecc	ff9ff06f	jal	x0,80009ec8	
     486295.000 ns	     48628	80009ec4	00036f17	auipc	x30,0x36	 x30=0x8003fec4
     486305.000 ns	     48629	80009ec8	123f2e23	sw	x3,316(x30)	 x30:0x8003fec4  x3:0x00000001 PA:0xxxxxxxxx
     486325.000 ns	     48631	80009ecc	ff9ff06f	jal	x0,80009ec8	
     486375.000 ns	     48636	80009ec4	00036f17	auipc	x30,0x36	 x30=0x8003fec4
     486385.000 ns	     48637	80009ec8	123f2e23	sw	x3,316(x30)	 x30:0x8003fec4  x3:0x00000001 PA:0xxxxxxxxx
     486405.000 ns	     48639	80009ecc	ff9ff06f	jal	x0,80009ec8	
     486455.000 ns	     48644	80009ec4	00036f17	auipc	x30,0x36	 x30=0x8003fec4
     486465.000 ns	     48645	80009ec8	123f2e23	sw	x3,316(x30)	 x30:0x8003fec4  x3:0x00000001 PA:0xxxxxxxxx
     486485.000 ns	     48647	80009ecc	ff9ff06f	jal	x0,80009ec8	
     486535.000 ns	     48652	80009ec4	00036f17	auipc	x30,0x36	 x30=0x8003fec4
     486545.000 ns	     48653	80009ec8	123f2e23	sw	x3,316(x30)	 x30:0x8003fec4  x3:0x00000001 PA:0xxxxxxxxx
     486565.000 ns	     48655	80009ecc	ff9ff06f	jal	x0,80009ec8	
     486615.000 ns	     48660	80009ec4	00036f17	auipc	x30,0x36	 x30=0x8003fec4
     486625.000 ns	     48661	80009ec8	123f2e23	sw	x3,316(x30)	 x30:0x8003fec4  x3:0x00000001 PA:0xxxxxxxxx
     486645.000 ns	     48663	80009ecc	ff9ff06f	jal	x0,80009ec8	
     486695.000 ns	     48668	80009ec4	00036f17	auipc	x30,0x36	 x30=0x8003fec4
     486705.000 ns	     48669	80009ec8	123f2e23	sw	x3,316(x30)	 x30:0x8003fec4  x3:0x00000001 PA:0xxxxxxxxx
     486725.000 ns	     48671	80009ecc	ff9ff06f	jal	x0,80009ec8	
     486775.000 ns	     48676	80009ec4	00036f17	auipc	x30,0x36	 x30=0x8003fec4
     486785.000 ns	     48677	80009ec8	123f2e23	sw	x3,316(x30)	 x30:0x8003fec4  x3:0x00000001 PA:0xxxxxxxxx
     486805.000 ns	     48679	80009ecc	ff9ff06f	jal	x0,80009ec8	
     486855.000 ns	     48684	80009ec4	00036f17	auipc	x30,0x36	 x30=0x8003fec4
     486865.000 ns	     48685	80009ec8	123f2e23	sw	x3,316(x30)	 x30:0x8003fec4  x3:0x00000001 PA:0xxxxxxxxx
     486885.000 ns	     48687	80009ecc	ff9ff06f	jal	x0,80009ec8	
     486935.000 ns	     48692	80009ec4	00036f17	auipc	x30,0x36	 x30=0x8003fec4
     486945.000 ns	     48693	80009ec8	123f2e23	sw	x3,316(x30)	 x30:0x8003fec4  x3:0x00000001 PA:0xxxxxxxxx
     486965.000 ns	     48695	80009ecc	ff9ff06f	jal	x0,80009ec8	
     487015.000 ns	     48700	80009ec4	00036f17	auipc	x30,0x36	 x30=0x8003fec4
     487025.000 ns	     48701	80009ec8	123f2e23	sw	x3,316(x30)	 x30:0x8003fec4  x3:0x00000001 PA:0xxxxxxxxx
     487045.000 ns	     48703	80009ecc	ff9ff06f	jal	x0,80009ec8	
     487095.000 ns	     48708	80009ec4	00036f17	auipc	x30,0x36	 x30=0x8003fec4
     487105.000 ns	     48709	80009ec8	123f2e23	sw	x3,316(x30)	 x30:0x8003fec4  x3:0x00000001 PA:0xxxxxxxxx
     487125.000 ns	     48711	80009ecc	ff9ff06f	jal	x0,80009ec8	
     487175.000 ns	     48716	80009ec4	00036f17	auipc	x30,0x36	 x30=0x8003fec4
     487185.000 ns	     48717	80009ec8	123f2e23	sw	x3,316(x30)	 x30:0x8003fec4  x3:0x00000001 PA:0xxxxxxxxx
     487205.000 ns	     48719	80009ecc	ff9ff06f	jal	x0,80009ec8	
     487255.000 ns	     48724	80009ec4	00036f17	auipc	x30,0x36	 x30=0x8003fec4
     487265.000 ns	     48725	80009ec8	123f2e23	sw	x3,316(x30)	 x30:0x8003fec4  x3:0x00000001 PA:0xxxxxxxxx
     487285.000 ns	     48727	80009ecc	ff9ff06f	jal	x0,80009ec8	
     487335.000 ns	     48732	80009ec4	00036f17	auipc	x30,0x36	 x30=0x8003fec4
     487345.000 ns	     48733	80009ec8	123f2e23	sw	x3,316(x30)	 x30:0x8003fec4  x3:0x00000001 PA:0xxxxxxxxx
     487365.000 ns	     48735	80009ecc	ff9ff06f	jal	x0,80009ec8	
     487415.000 ns	     48740	80009ec4	00036f17	auipc	x30,0x36	 x30=0x8003fec4
     487425.000 ns	     48741	80009ec8	123f2e23	sw	x3,316(x30)	 x30:0x8003fec4  x3:0x00000001 PA:0xxxxxxxxx
     487445.000 ns	     48743	80009ecc	ff9ff06f	jal	x0,80009ec8	
     487495.000 ns	     48748	80009ec4	00036f17	auipc	x30,0x36	 x30=0x8003fec4
     487505.000 ns	     48749	80009ec8	123f2e23	sw	x3,316(x30)	 x30:0x8003fec4  x3:0x00000001 PA:0xxxxxxxxx
     487525.000 ns	     48751	80009ecc	ff9ff06f	jal	x0,80009ec8	
     487575.000 ns	     48756	80009ec4	00036f17	auipc	x30,0x36	 x30=0x8003fec4
     487585.000 ns	     48757	80009ec8	123f2e23	sw	x3,316(x30)	 x30:0x8003fec4  x3:0x00000001 PA:0xxxxxxxxx
     487605.000 ns	     48759	80009ecc	ff9ff06f	jal	x0,80009ec8	
     487655.000 ns	     48764	80009ec4	00036f17	auipc	x30,0x36	 x30=0x8003fec4
     487665.000 ns	     48765	80009ec8	123f2e23	sw	x3,316(x30)	 x30:0x8003fec4  x3:0x00000001 PA:0xxxxxxxxx
     487685.000 ns	     48767	80009ecc	ff9ff06f	jal	x0,80009ec8	
     487735.000 ns	     48772	80009ec4	00036f17	auipc	x30,0x36	 x30=0x8003fec4
     487745.000 ns	     48773	80009ec8	123f2e23	sw	x3,316(x30)	 x30:0x8003fec4  x3:0x00000001 PA:0xxxxxxxxx
     487765.000 ns	     48775	80009ecc	ff9ff06f	jal	x0,80009ec8	
     487815.000 ns	     48780	80009ec4	00036f17	auipc	x30,0x36	 x30=0x8003fec4
     487825.000 ns	     48781	80009ec8	123f2e23	sw	x3,316(x30)	 x30:0x8003fec4  x3:0x00000001 PA:0xxxxxxxxx
     487845.000 ns	     48783	80009ecc	ff9ff06f	jal	x0,80009ec8	
     487895.000 ns	     48788	80009ec4	00036f17	auipc	x30,0x36	 x30=0x8003fec4
     487905.000 ns	     48789	80009ec8	123f2e23	sw	x3,316(x30)	 x30:0x8003fec4  x3:0x00000001 PA:0xxxxxxxxx
     487925.000 ns	     48791	80009ecc	ff9ff06f	jal	x0,80009ec8	
     487975.000 ns	     48796	80009ec4	00036f17	auipc	x30,0x36	 x30=0x8003fec4
     487985.000 ns	     48797	80009ec8	123f2e23	sw	x3,316(x30)	 x30:0x8003fec4  x3:0x00000001 PA:0xxxxxxxxx
     488005.000 ns	     48799	80009ecc	ff9ff06f	jal	x0,80009ec8	
     488055.000 ns	     48804	80009ec4	00036f17	auipc	x30,0x36	 x30=0x8003fec4
     488065.000 ns	     48805	80009ec8	123f2e23	sw	x3,316(x30)	 x30:0x8003fec4  x3:0x00000001 PA:0xxxxxxxxx
     488085.000 ns	     48807	80009ecc	ff9ff06f	jal	x0,80009ec8	
     488135.000 ns	     48812	80009ec4	00036f17	auipc	x30,0x36	 x30=0x8003fec4
     488145.000 ns	     48813	80009ec8	123f2e23	sw	x3,316(x30)	 x30:0x8003fec4  x3:0x00000001 PA:0xxxxxxxxx
     488165.000 ns	     48815	80009ecc	ff9ff06f	jal	x0,80009ec8	
     488215.000 ns	     48820	80009ec4	00036f17	auipc	x30,0x36	 x30=0x8003fec4
     488225.000 ns	     48821	80009ec8	123f2e23	sw	x3,316(x30)	 x30:0x8003fec4  x3:0x00000001 PA:0xxxxxxxxx
     488245.000 ns	     48823	80009ecc	ff9ff06f	jal	x0,80009ec8	
     488295.000 ns	     48828	80009ec4	00036f17	auipc	x30,0x36	 x30=0x8003fec4
     488305.000 ns	     48829	80009ec8	123f2e23	sw	x3,316(x30)	 x30:0x8003fec4  x3:0x00000001 PA:0xxxxxxxxx
     488325.000 ns	     48831	80009ecc	ff9ff06f	jal	x0,80009ec8	
     488375.000 ns	     48836	80009ec4	00036f17	auipc	x30,0x36	 x30=0x8003fec4
     488385.000 ns	     48837	80009ec8	123f2e23	sw	x3,316(x30)	 x30:0x8003fec4  x3:0x00000001 PA:0xxxxxxxxx
     488405.000 ns	     48839	80009ecc	ff9ff06f	jal	x0,80009ec8	
     488455.000 ns	     48844	80009ec4	00036f17	auipc	x30,0x36	 x30=0x8003fec4
     488465.000 ns	     48845	80009ec8	123f2e23	sw	x3,316(x30)	 x30:0x8003fec4  x3:0x00000001 PA:0xxxxxxxxx
     488485.000 ns	     48847	80009ecc	ff9ff06f	jal	x0,80009ec8	
     488535.000 ns	     48852	80009ec4	00036f17	auipc	x30,0x36	 x30=0x8003fec4
     488545.000 ns	     48853	80009ec8	123f2e23	sw	x3,316(x30)	 x30:0x8003fec4  x3:0x00000001 PA:0xxxxxxxxx
     488565.000 ns	     48855	80009ecc	ff9ff06f	jal	x0,80009ec8	
     488615.000 ns	     48860	80009ec4	00036f17	auipc	x30,0x36	 x30=0x8003fec4
     488625.000 ns	     48861	80009ec8	123f2e23	sw	x3,316(x30)	 x30:0x8003fec4  x3:0x00000001 PA:0xxxxxxxxx
     488645.000 ns	     48863	80009ecc	ff9ff06f	jal	x0,80009ec8	
     488695.000 ns	     48868	80009ec4	00036f17	auipc	x30,0x36	 x30=0x8003fec4
     488705.000 ns	     48869	80009ec8	123f2e23	sw	x3,316(x30)	 x30:0x8003fec4  x3:0x00000001 PA:0xxxxxxxxx
     488725.000 ns	     48871	80009ecc	ff9ff06f	jal	x0,80009ec8	
     488775.000 ns	     48876	80009ec4	00036f17	auipc	x30,0x36	 x30=0x8003fec4
     488785.000 ns	     48877	80009ec8	123f2e23	sw	x3,316(x30)	 x30:0x8003fec4  x3:0x00000001 PA:0xxxxxxxxx
     488805.000 ns	     48879	80009ecc	ff9ff06f	jal	x0,80009ec8	
     488855.000 ns	     48884	80009ec4	00036f17	auipc	x30,0x36	 x30=0x8003fec4
     488865.000 ns	     48885	80009ec8	123f2e23	sw	x3,316(x30)	 x30:0x8003fec4  x3:0x00000001 PA:0xxxxxxxxx
     488885.000 ns	     48887	80009ecc	ff9ff06f	jal	x0,80009ec8	
     488935.000 ns	     48892	80009ec4	00036f17	auipc	x30,0x36	 x30=0x8003fec4
     488945.000 ns	     48893	80009ec8	123f2e23	sw	x3,316(x30)	 x30:0x8003fec4  x3:0x00000001 PA:0xxxxxxxxx
     488965.000 ns	     48895	80009ecc	ff9ff06f	jal	x0,80009ec8	
     489015.000 ns	     48900	80009ec4	00036f17	auipc	x30,0x36	 x30=0x8003fec4
     489025.000 ns	     48901	80009ec8	123f2e23	sw	x3,316(x30)	 x30:0x8003fec4  x3:0x00000001 PA:0xxxxxxxxx
     489045.000 ns	     48903	80009ecc	ff9ff06f	jal	x0,80009ec8	
     489095.000 ns	     48908	80009ec4	00036f17	auipc	x30,0x36	 x30=0x8003fec4
     489105.000 ns	     48909	80009ec8	123f2e23	sw	x3,316(x30)	 x30:0x8003fec4  x3:0x00000001 PA:0xxxxxxxxx
     489125.000 ns	     48911	80009ecc	ff9ff06f	jal	x0,80009ec8	
     489175.000 ns	     48916	80009ec4	00036f17	auipc	x30,0x36	 x30=0x8003fec4
     489185.000 ns	     48917	80009ec8	123f2e23	sw	x3,316(x30)	 x30:0x8003fec4  x3:0x00000001 PA:0xxxxxxxxx
     489205.000 ns	     48919	80009ecc	ff9ff06f	jal	x0,80009ec8	
     489255.000 ns	     48924	80009ec4	00036f17	auipc	x30,0x36	 x30=0x8003fec4
     489265.000 ns	     48925	80009ec8	123f2e23	sw	x3,316(x30)	 x30:0x8003fec4  x3:0x00000001 PA:0xxxxxxxxx
     489285.000 ns	     48927	80009ecc	ff9ff06f	jal	x0,80009ec8	
     489335.000 ns	     48932	80009ec4	00036f17	auipc	x30,0x36	 x30=0x8003fec4
     489345.000 ns	     48933	80009ec8	123f2e23	sw	x3,316(x30)	 x30:0x8003fec4  x3:0x00000001 PA:0xxxxxxxxx
     489365.000 ns	     48935	80009ecc	ff9ff06f	jal	x0,80009ec8	
     489415.000 ns	     48940	80009ec4	00036f17	auipc	x30,0x36	 x30=0x8003fec4
     489425.000 ns	     48941	80009ec8	123f2e23	sw	x3,316(x30)	 x30:0x8003fec4  x3:0x00000001 PA:0xxxxxxxxx
     489445.000 ns	     48943	80009ecc	ff9ff06f	jal	x0,80009ec8	
     489495.000 ns	     48948	80009ec4	00036f17	auipc	x30,0x36	 x30=0x8003fec4
     489505.000 ns	     48949	80009ec8	123f2e23	sw	x3,316(x30)	 x30:0x8003fec4  x3:0x00000001 PA:0xxxxxxxxx
     489525.000 ns	     48951	80009ecc	ff9ff06f	jal	x0,80009ec8	
     489575.000 ns	     48956	80009ec4	00036f17	auipc	x30,0x36	 x30=0x8003fec4
     489585.000 ns	     48957	80009ec8	123f2e23	sw	x3,316(x30)	 x30:0x8003fec4  x3:0x00000001 PA:0xxxxxxxxx
     489605.000 ns	     48959	80009ecc	ff9ff06f	jal	x0,80009ec8	
     489655.000 ns	     48964	80009ec4	00036f17	auipc	x30,0x36	 x30=0x8003fec4
     489665.000 ns	     48965	80009ec8	123f2e23	sw	x3,316(x30)	 x30:0x8003fec4  x3:0x00000001 PA:0xxxxxxxxx
     489685.000 ns	     48967	80009ecc	ff9ff06f	jal	x0,80009ec8	
     489735.000 ns	     48972	80009ec4	00036f17	auipc	x30,0x36	 x30=0x8003fec4
     489745.000 ns	     48973	80009ec8	123f2e23	sw	x3,316(x30)	 x30:0x8003fec4  x3:0x00000001 PA:0xxxxxxxxx
     489765.000 ns	     48975	80009ecc	ff9ff06f	jal	x0,80009ec8	
     489815.000 ns	     48980	80009ec4	00036f17	auipc	x30,0x36	 x30=0x8003fec4
     489825.000 ns	     48981	80009ec8	123f2e23	sw	x3,316(x30)	 x30:0x8003fec4  x3:0x00000001 PA:0xxxxxxxxx
     489845.000 ns	     48983	80009ecc	ff9ff06f	jal	x0,80009ec8	
     489895.000 ns	     48988	80009ec4	00036f17	auipc	x30,0x36	 x30=0x8003fec4
     489905.000 ns	     48989	80009ec8	123f2e23	sw	x3,316(x30)	 x30:0x8003fec4  x3:0x00000001 PA:0xxxxxxxxx
     489925.000 ns	     48991	80009ecc	ff9ff06f	jal	x0,80009ec8	
     489975.000 ns	     48996	80009ec4	00036f17	auipc	x30,0x36	 x30=0x8003fec4
     489985.000 ns	     48997	80009ec8	123f2e23	sw	x3,316(x30)	 x30:0x8003fec4  x3:0x00000001 PA:0xxxxxxxxx
     490005.000 ns	     48999	80009ecc	ff9ff06f	jal	x0,80009ec8	
     490055.000 ns	     49004	80009ec4	00036f17	auipc	x30,0x36	 x30=0x8003fec4
     490065.000 ns	     49005	80009ec8	123f2e23	sw	x3,316(x30)	 x30:0x8003fec4  x3:0x00000001 PA:0xxxxxxxxx
     490085.000 ns	     49007	80009ecc	ff9ff06f	jal	x0,80009ec8	
     490135.000 ns	     49012	80009ec4	00036f17	auipc	x30,0x36	 x30=0x8003fec4
     490145.000 ns	     49013	80009ec8	123f2e23	sw	x3,316(x30)	 x30:0x8003fec4  x3:0x00000001 PA:0xxxxxxxxx
     490165.000 ns	     49015	80009ecc	ff9ff06f	jal	x0,80009ec8	
     490215.000 ns	     49020	80009ec4	00036f17	auipc	x30,0x36	 x30=0x8003fec4
     490225.000 ns	     49021	80009ec8	123f2e23	sw	x3,316(x30)	 x30:0x8003fec4  x3:0x00000001 PA:0xxxxxxxxx
     490245.000 ns	     49023	80009ecc	ff9ff06f	jal	x0,80009ec8	
     490295.000 ns	     49028	80009ec4	00036f17	auipc	x30,0x36	 x30=0x8003fec4
     490305.000 ns	     49029	80009ec8	123f2e23	sw	x3,316(x30)	 x30:0x8003fec4  x3:0x00000001 PA:0xxxxxxxxx
     490325.000 ns	     49031	80009ecc	ff9ff06f	jal	x0,80009ec8	
     490375.000 ns	     49036	80009ec4	00036f17	auipc	x30,0x36	 x30=0x8003fec4
     490385.000 ns	     49037	80009ec8	123f2e23	sw	x3,316(x30)	 x30:0x8003fec4  x3:0x00000001 PA:0xxxxxxxxx
     490405.000 ns	     49039	80009ecc	ff9ff06f	jal	x0,80009ec8	
     490455.000 ns	     49044	80009ec4	00036f17	auipc	x30,0x36	 x30=0x8003fec4
     490465.000 ns	     49045	80009ec8	123f2e23	sw	x3,316(x30)	 x30:0x8003fec4  x3:0x00000001 PA:0xxxxxxxxx
     490485.000 ns	     49047	80009ecc	ff9ff06f	jal	x0,80009ec8	
     490535.000 ns	     49052	80009ec4	00036f17	auipc	x30,0x36	 x30=0x8003fec4
     490545.000 ns	     49053	80009ec8	123f2e23	sw	x3,316(x30)	 x30:0x8003fec4  x3:0x00000001 PA:0xxxxxxxxx
     490565.000 ns	     49055	80009ecc	ff9ff06f	jal	x0,80009ec8	
     490615.000 ns	     49060	80009ec4	00036f17	auipc	x30,0x36	 x30=0x8003fec4
     490625.000 ns	     49061	80009ec8	123f2e23	sw	x3,316(x30)	 x30:0x8003fec4  x3:0x00000001 PA:0xxxxxxxxx
     490645.000 ns	     49063	80009ecc	ff9ff06f	jal	x0,80009ec8	
     490695.000 ns	     49068	80009ec4	00036f17	auipc	x30,0x36	 x30=0x8003fec4
     490705.000 ns	     49069	80009ec8	123f2e23	sw	x3,316(x30)	 x30:0x8003fec4  x3:0x00000001 PA:0xxxxxxxxx
     490725.000 ns	     49071	80009ecc	ff9ff06f	jal	x0,80009ec8	
     490775.000 ns	     49076	80009ec4	00036f17	auipc	x30,0x36	 x30=0x8003fec4
     490785.000 ns	     49077	80009ec8	123f2e23	sw	x3,316(x30)	 x30:0x8003fec4  x3:0x00000001 PA:0xxxxxxxxx
     490805.000 ns	     49079	80009ecc	ff9ff06f	jal	x0,80009ec8	
     490855.000 ns	     49084	80009ec4	00036f17	auipc	x30,0x36	 x30=0x8003fec4
     490865.000 ns	     49085	80009ec8	123f2e23	sw	x3,316(x30)	 x30:0x8003fec4  x3:0x00000001 PA:0xxxxxxxxx
     490885.000 ns	     49087	80009ecc	ff9ff06f	jal	x0,80009ec8	
     490935.000 ns	     49092	80009ec4	00036f17	auipc	x30,0x36	 x30=0x8003fec4
     490945.000 ns	     49093	80009ec8	123f2e23	sw	x3,316(x30)	 x30:0x8003fec4  x3:0x00000001 PA:0xxxxxxxxx
     490965.000 ns	     49095	80009ecc	ff9ff06f	jal	x0,80009ec8	
     491015.000 ns	     49100	80009ec4	00036f17	auipc	x30,0x36	 x30=0x8003fec4
     491025.000 ns	     49101	80009ec8	123f2e23	sw	x3,316(x30)	 x30:0x8003fec4  x3:0x00000001 PA:0xxxxxxxxx
     491045.000 ns	     49103	80009ecc	ff9ff06f	jal	x0,80009ec8	
     491095.000 ns	     49108	80009ec4	00036f17	auipc	x30,0x36	 x30=0x8003fec4
     491105.000 ns	     49109	80009ec8	123f2e23	sw	x3,316(x30)	 x30:0x8003fec4  x3:0x00000001 PA:0xxxxxxxxx
     491125.000 ns	     49111	80009ecc	ff9ff06f	jal	x0,80009ec8	
     491175.000 ns	     49116	80009ec4	00036f17	auipc	x30,0x36	 x30=0x8003fec4
     491185.000 ns	     49117	80009ec8	123f2e23	sw	x3,316(x30)	 x30:0x8003fec4  x3:0x00000001 PA:0xxxxxxxxx
     491205.000 ns	     49119	80009ecc	ff9ff06f	jal	x0,80009ec8	
     491255.000 ns	     49124	80009ec4	00036f17	auipc	x30,0x36	 x30=0x8003fec4
     491265.000 ns	     49125	80009ec8	123f2e23	sw	x3,316(x30)	 x30:0x8003fec4  x3:0x00000001 PA:0xxxxxxxxx
     491285.000 ns	     49127	80009ecc	ff9ff06f	jal	x0,80009ec8	
     491335.000 ns	     49132	80009ec4	00036f17	auipc	x30,0x36	 x30=0x8003fec4
     491345.000 ns	     49133	80009ec8	123f2e23	sw	x3,316(x30)	 x30:0x8003fec4  x3:0x00000001 PA:0xxxxxxxxx
     491365.000 ns	     49135	80009ecc	ff9ff06f	jal	x0,80009ec8	
     491415.000 ns	     49140	80009ec4	00036f17	auipc	x30,0x36	 x30=0x8003fec4
     491425.000 ns	     49141	80009ec8	123f2e23	sw	x3,316(x30)	 x30:0x8003fec4  x3:0x00000001 PA:0xxxxxxxxx
     491445.000 ns	     49143	80009ecc	ff9ff06f	jal	x0,80009ec8	
     491495.000 ns	     49148	80009ec4	00036f17	auipc	x30,0x36	 x30=0x8003fec4
     491505.000 ns	     49149	80009ec8	123f2e23	sw	x3,316(x30)	 x30:0x8003fec4  x3:0x00000001 PA:0xxxxxxxxx
     491525.000 ns	     49151	80009ecc	ff9ff06f	jal	x0,80009ec8	
     491575.000 ns	     49156	80009ec4	00036f17	auipc	x30,0x36	 x30=0x8003fec4
     491585.000 ns	     49157	80009ec8	123f2e23	sw	x3,316(x30)	 x30:0x8003fec4  x3:0x00000001 PA:0xxxxxxxxx
     491605.000 ns	     49159	80009ecc	ff9ff06f	jal	x0,80009ec8	
     491655.000 ns	     49164	80009ec4	00036f17	auipc	x30,0x36	 x30=0x8003fec4
     491665.000 ns	     49165	80009ec8	123f2e23	sw	x3,316(x30)	 x30:0x8003fec4  x3:0x00000001 PA:0xxxxxxxxx
     491685.000 ns	     49167	80009ecc	ff9ff06f	jal	x0,80009ec8	
     491735.000 ns	     49172	80009ec4	00036f17	auipc	x30,0x36	 x30=0x8003fec4
     491745.000 ns	     49173	80009ec8	123f2e23	sw	x3,316(x30)	 x30:0x8003fec4  x3:0x00000001 PA:0xxxxxxxxx
     491765.000 ns	     49175	80009ecc	ff9ff06f	jal	x0,80009ec8	
     491815.000 ns	     49180	80009ec4	00036f17	auipc	x30,0x36	 x30=0x8003fec4
     491825.000 ns	     49181	80009ec8	123f2e23	sw	x3,316(x30)	 x30:0x8003fec4  x3:0x00000001 PA:0xxxxxxxxx
     491845.000 ns	     49183	80009ecc	ff9ff06f	jal	x0,80009ec8	
     491895.000 ns	     49188	80009ec4	00036f17	auipc	x30,0x36	 x30=0x8003fec4
     491905.000 ns	     49189	80009ec8	123f2e23	sw	x3,316(x30)	 x30:0x8003fec4  x3:0x00000001 PA:0xxxxxxxxx
     491925.000 ns	     49191	80009ecc	ff9ff06f	jal	x0,80009ec8	
     491975.000 ns	     49196	80009ec4	00036f17	auipc	x30,0x36	 x30=0x8003fec4
     491985.000 ns	     49197	80009ec8	123f2e23	sw	x3,316(x30)	 x30:0x8003fec4  x3:0x00000001 PA:0xxxxxxxxx
     492005.000 ns	     49199	80009ecc	ff9ff06f	jal	x0,80009ec8	
     492055.000 ns	     49204	80009ec4	00036f17	auipc	x30,0x36	 x30=0x8003fec4
     492065.000 ns	     49205	80009ec8	123f2e23	sw	x3,316(x30)	 x30:0x8003fec4  x3:0x00000001 PA:0xxxxxxxxx
     492085.000 ns	     49207	80009ecc	ff9ff06f	jal	x0,80009ec8	
     492135.000 ns	     49212	80009ec4	00036f17	auipc	x30,0x36	 x30=0x8003fec4
     492145.000 ns	     49213	80009ec8	123f2e23	sw	x3,316(x30)	 x30:0x8003fec4  x3:0x00000001 PA:0xxxxxxxxx
     492165.000 ns	     49215	80009ecc	ff9ff06f	jal	x0,80009ec8	
     492215.000 ns	     49220	80009ec4	00036f17	auipc	x30,0x36	 x30=0x8003fec4
     492225.000 ns	     49221	80009ec8	123f2e23	sw	x3,316(x30)	 x30:0x8003fec4  x3:0x00000001 PA:0xxxxxxxxx
     492245.000 ns	     49223	80009ecc	ff9ff06f	jal	x0,80009ec8	
     492295.000 ns	     49228	80009ec4	00036f17	auipc	x30,0x36	 x30=0x8003fec4
     492305.000 ns	     49229	80009ec8	123f2e23	sw	x3,316(x30)	 x30:0x8003fec4  x3:0x00000001 PA:0xxxxxxxxx
     492325.000 ns	     49231	80009ecc	ff9ff06f	jal	x0,80009ec8	
     492375.000 ns	     49236	80009ec4	00036f17	auipc	x30,0x36	 x30=0x8003fec4
     492385.000 ns	     49237	80009ec8	123f2e23	sw	x3,316(x30)	 x30:0x8003fec4  x3:0x00000001 PA:0xxxxxxxxx
     492405.000 ns	     49239	80009ecc	ff9ff06f	jal	x0,80009ec8	
     492455.000 ns	     49244	80009ec4	00036f17	auipc	x30,0x36	 x30=0x8003fec4
     492465.000 ns	     49245	80009ec8	123f2e23	sw	x3,316(x30)	 x30:0x8003fec4  x3:0x00000001 PA:0xxxxxxxxx
     492485.000 ns	     49247	80009ecc	ff9ff06f	jal	x0,80009ec8	
     492535.000 ns	     49252	80009ec4	00036f17	auipc	x30,0x36	 x30=0x8003fec4
     492545.000 ns	     49253	80009ec8	123f2e23	sw	x3,316(x30)	 x30:0x8003fec4  x3:0x00000001 PA:0xxxxxxxxx
     492565.000 ns	     49255	80009ecc	ff9ff06f	jal	x0,80009ec8	
     492615.000 ns	     49260	80009ec4	00036f17	auipc	x30,0x36	 x30=0x8003fec4
     492625.000 ns	     49261	80009ec8	123f2e23	sw	x3,316(x30)	 x30:0x8003fec4  x3:0x00000001 PA:0xxxxxxxxx
     492645.000 ns	     49263	80009ecc	ff9ff06f	jal	x0,80009ec8	
     492695.000 ns	     49268	80009ec4	00036f17	auipc	x30,0x36	 x30=0x8003fec4
     492705.000 ns	     49269	80009ec8	123f2e23	sw	x3,316(x30)	 x30:0x8003fec4  x3:0x00000001 PA:0xxxxxxxxx
     492725.000 ns	     49271	80009ecc	ff9ff06f	jal	x0,80009ec8	
     492775.000 ns	     49276	80009ec4	00036f17	auipc	x30,0x36	 x30=0x8003fec4
     492785.000 ns	     49277	80009ec8	123f2e23	sw	x3,316(x30)	 x30:0x8003fec4  x3:0x00000001 PA:0xxxxxxxxx
     492805.000 ns	     49279	80009ecc	ff9ff06f	jal	x0,80009ec8	
     492855.000 ns	     49284	80009ec4	00036f17	auipc	x30,0x36	 x30=0x8003fec4
     492865.000 ns	     49285	80009ec8	123f2e23	sw	x3,316(x30)	 x30:0x8003fec4  x3:0x00000001 PA:0xxxxxxxxx
     492885.000 ns	     49287	80009ecc	ff9ff06f	jal	x0,80009ec8	
     492935.000 ns	     49292	80009ec4	00036f17	auipc	x30,0x36	 x30=0x8003fec4
     492945.000 ns	     49293	80009ec8	123f2e23	sw	x3,316(x30)	 x30:0x8003fec4  x3:0x00000001 PA:0xxxxxxxxx
     492965.000 ns	     49295	80009ecc	ff9ff06f	jal	x0,80009ec8	
     493015.000 ns	     49300	80009ec4	00036f17	auipc	x30,0x36	 x30=0x8003fec4
     493025.000 ns	     49301	80009ec8	123f2e23	sw	x3,316(x30)	 x30:0x8003fec4  x3:0x00000001 PA:0xxxxxxxxx
     493045.000 ns	     49303	80009ecc	ff9ff06f	jal	x0,80009ec8	
     493095.000 ns	     49308	80009ec4	00036f17	auipc	x30,0x36	 x30=0x8003fec4
     493105.000 ns	     49309	80009ec8	123f2e23	sw	x3,316(x30)	 x30:0x8003fec4  x3:0x00000001 PA:0xxxxxxxxx
     493125.000 ns	     49311	80009ecc	ff9ff06f	jal	x0,80009ec8	
     493175.000 ns	     49316	80009ec4	00036f17	auipc	x30,0x36	 x30=0x8003fec4
     493185.000 ns	     49317	80009ec8	123f2e23	sw	x3,316(x30)	 x30:0x8003fec4  x3:0x00000001 PA:0xxxxxxxxx
     493205.000 ns	     49319	80009ecc	ff9ff06f	jal	x0,80009ec8	
     493255.000 ns	     49324	80009ec4	00036f17	auipc	x30,0x36	 x30=0x8003fec4
     493265.000 ns	     49325	80009ec8	123f2e23	sw	x3,316(x30)	 x30:0x8003fec4  x3:0x00000001 PA:0xxxxxxxxx
     493285.000 ns	     49327	80009ecc	ff9ff06f	jal	x0,80009ec8	
     493335.000 ns	     49332	80009ec4	00036f17	auipc	x30,0x36	 x30=0x8003fec4
     493345.000 ns	     49333	80009ec8	123f2e23	sw	x3,316(x30)	 x30:0x8003fec4  x3:0x00000001 PA:0xxxxxxxxx
     493365.000 ns	     49335	80009ecc	ff9ff06f	jal	x0,80009ec8	
     493415.000 ns	     49340	80009ec4	00036f17	auipc	x30,0x36	 x30=0x8003fec4
     493425.000 ns	     49341	80009ec8	123f2e23	sw	x3,316(x30)	 x30:0x8003fec4  x3:0x00000001 PA:0xxxxxxxxx
     493445.000 ns	     49343	80009ecc	ff9ff06f	jal	x0,80009ec8	
     493495.000 ns	     49348	80009ec4	00036f17	auipc	x30,0x36	 x30=0x8003fec4
     493505.000 ns	     49349	80009ec8	123f2e23	sw	x3,316(x30)	 x30:0x8003fec4  x3:0x00000001 PA:0xxxxxxxxx
     493525.000 ns	     49351	80009ecc	ff9ff06f	jal	x0,80009ec8	
     493575.000 ns	     49356	80009ec4	00036f17	auipc	x30,0x36	 x30=0x8003fec4
     493585.000 ns	     49357	80009ec8	123f2e23	sw	x3,316(x30)	 x30:0x8003fec4  x3:0x00000001 PA:0xxxxxxxxx
     493605.000 ns	     49359	80009ecc	ff9ff06f	jal	x0,80009ec8	
     493655.000 ns	     49364	80009ec4	00036f17	auipc	x30,0x36	 x30=0x8003fec4
     493665.000 ns	     49365	80009ec8	123f2e23	sw	x3,316(x30)	 x30:0x8003fec4  x3:0x00000001 PA:0xxxxxxxxx
     493685.000 ns	     49367	80009ecc	ff9ff06f	jal	x0,80009ec8	
     493735.000 ns	     49372	80009ec4	00036f17	auipc	x30,0x36	 x30=0x8003fec4
     493745.000 ns	     49373	80009ec8	123f2e23	sw	x3,316(x30)	 x30:0x8003fec4  x3:0x00000001 PA:0xxxxxxxxx
     493765.000 ns	     49375	80009ecc	ff9ff06f	jal	x0,80009ec8	
     493815.000 ns	     49380	80009ec4	00036f17	auipc	x30,0x36	 x30=0x8003fec4
     493825.000 ns	     49381	80009ec8	123f2e23	sw	x3,316(x30)	 x30:0x8003fec4  x3:0x00000001 PA:0xxxxxxxxx
     493845.000 ns	     49383	80009ecc	ff9ff06f	jal	x0,80009ec8	
     493895.000 ns	     49388	80009ec4	00036f17	auipc	x30,0x36	 x30=0x8003fec4
     493905.000 ns	     49389	80009ec8	123f2e23	sw	x3,316(x30)	 x30:0x8003fec4  x3:0x00000001 PA:0xxxxxxxxx
     493925.000 ns	     49391	80009ecc	ff9ff06f	jal	x0,80009ec8	
     493975.000 ns	     49396	80009ec4	00036f17	auipc	x30,0x36	 x30=0x8003fec4
     493985.000 ns	     49397	80009ec8	123f2e23	sw	x3,316(x30)	 x30:0x8003fec4  x3:0x00000001 PA:0xxxxxxxxx
     494005.000 ns	     49399	80009ecc	ff9ff06f	jal	x0,80009ec8	
     494055.000 ns	     49404	80009ec4	00036f17	auipc	x30,0x36	 x30=0x8003fec4
     494065.000 ns	     49405	80009ec8	123f2e23	sw	x3,316(x30)	 x30:0x8003fec4  x3:0x00000001 PA:0xxxxxxxxx
     494085.000 ns	     49407	80009ecc	ff9ff06f	jal	x0,80009ec8	
     494135.000 ns	     49412	80009ec4	00036f17	auipc	x30,0x36	 x30=0x8003fec4
     494145.000 ns	     49413	80009ec8	123f2e23	sw	x3,316(x30)	 x30:0x8003fec4  x3:0x00000001 PA:0xxxxxxxxx
     494165.000 ns	     49415	80009ecc	ff9ff06f	jal	x0,80009ec8	
     494215.000 ns	     49420	80009ec4	00036f17	auipc	x30,0x36	 x30=0x8003fec4
     494225.000 ns	     49421	80009ec8	123f2e23	sw	x3,316(x30)	 x30:0x8003fec4  x3:0x00000001 PA:0xxxxxxxxx
     494245.000 ns	     49423	80009ecc	ff9ff06f	jal	x0,80009ec8	
     494295.000 ns	     49428	80009ec4	00036f17	auipc	x30,0x36	 x30=0x8003fec4
     494305.000 ns	     49429	80009ec8	123f2e23	sw	x3,316(x30)	 x30:0x8003fec4  x3:0x00000001 PA:0xxxxxxxxx
     494325.000 ns	     49431	80009ecc	ff9ff06f	jal	x0,80009ec8	
     494375.000 ns	     49436	80009ec4	00036f17	auipc	x30,0x36	 x30=0x8003fec4
     494385.000 ns	     49437	80009ec8	123f2e23	sw	x3,316(x30)	 x30:0x8003fec4  x3:0x00000001 PA:0xxxxxxxxx
     494405.000 ns	     49439	80009ecc	ff9ff06f	jal	x0,80009ec8	
     494455.000 ns	     49444	80009ec4	00036f17	auipc	x30,0x36	 x30=0x8003fec4
     494465.000 ns	     49445	80009ec8	123f2e23	sw	x3,316(x30)	 x30:0x8003fec4  x3:0x00000001 PA:0xxxxxxxxx
     494485.000 ns	     49447	80009ecc	ff9ff06f	jal	x0,80009ec8	
     494535.000 ns	     49452	80009ec4	00036f17	auipc	x30,0x36	 x30=0x8003fec4
     494545.000 ns	     49453	80009ec8	123f2e23	sw	x3,316(x30)	 x30:0x8003fec4  x3:0x00000001 PA:0xxxxxxxxx
     494565.000 ns	     49455	80009ecc	ff9ff06f	jal	x0,80009ec8	
     494615.000 ns	     49460	80009ec4	00036f17	auipc	x30,0x36	 x30=0x8003fec4
     494625.000 ns	     49461	80009ec8	123f2e23	sw	x3,316(x30)	 x30:0x8003fec4  x3:0x00000001 PA:0xxxxxxxxx
     494645.000 ns	     49463	80009ecc	ff9ff06f	jal	x0,80009ec8	
     494695.000 ns	     49468	80009ec4	00036f17	auipc	x30,0x36	 x30=0x8003fec4
     494705.000 ns	     49469	80009ec8	123f2e23	sw	x3,316(x30)	 x30:0x8003fec4  x3:0x00000001 PA:0xxxxxxxxx
     494725.000 ns	     49471	80009ecc	ff9ff06f	jal	x0,80009ec8	
     494775.000 ns	     49476	80009ec4	00036f17	auipc	x30,0x36	 x30=0x8003fec4
     494785.000 ns	     49477	80009ec8	123f2e23	sw	x3,316(x30)	 x30:0x8003fec4  x3:0x00000001 PA:0xxxxxxxxx
     494805.000 ns	     49479	80009ecc	ff9ff06f	jal	x0,80009ec8	
     494855.000 ns	     49484	80009ec4	00036f17	auipc	x30,0x36	 x30=0x8003fec4
     494865.000 ns	     49485	80009ec8	123f2e23	sw	x3,316(x30)	 x30:0x8003fec4  x3:0x00000001 PA:0xxxxxxxxx
     494885.000 ns	     49487	80009ecc	ff9ff06f	jal	x0,80009ec8	
     494935.000 ns	     49492	80009ec4	00036f17	auipc	x30,0x36	 x30=0x8003fec4
     494945.000 ns	     49493	80009ec8	123f2e23	sw	x3,316(x30)	 x30:0x8003fec4  x3:0x00000001 PA:0xxxxxxxxx
     494965.000 ns	     49495	80009ecc	ff9ff06f	jal	x0,80009ec8	
     495015.000 ns	     49500	80009ec4	00036f17	auipc	x30,0x36	 x30=0x8003fec4
     495025.000 ns	     49501	80009ec8	123f2e23	sw	x3,316(x30)	 x30:0x8003fec4  x3:0x00000001 PA:0xxxxxxxxx
     495045.000 ns	     49503	80009ecc	ff9ff06f	jal	x0,80009ec8	
     495095.000 ns	     49508	80009ec4	00036f17	auipc	x30,0x36	 x30=0x8003fec4
     495105.000 ns	     49509	80009ec8	123f2e23	sw	x3,316(x30)	 x30:0x8003fec4  x3:0x00000001 PA:0xxxxxxxxx
     495125.000 ns	     49511	80009ecc	ff9ff06f	jal	x0,80009ec8	
     495175.000 ns	     49516	80009ec4	00036f17	auipc	x30,0x36	 x30=0x8003fec4
     495185.000 ns	     49517	80009ec8	123f2e23	sw	x3,316(x30)	 x30:0x8003fec4  x3:0x00000001 PA:0xxxxxxxxx
     495205.000 ns	     49519	80009ecc	ff9ff06f	jal	x0,80009ec8	
     495255.000 ns	     49524	80009ec4	00036f17	auipc	x30,0x36	 x30=0x8003fec4
     495265.000 ns	     49525	80009ec8	123f2e23	sw	x3,316(x30)	 x30:0x8003fec4  x3:0x00000001 PA:0xxxxxxxxx
     495285.000 ns	     49527	80009ecc	ff9ff06f	jal	x0,80009ec8	
     495335.000 ns	     49532	80009ec4	00036f17	auipc	x30,0x36	 x30=0x8003fec4
     495345.000 ns	     49533	80009ec8	123f2e23	sw	x3,316(x30)	 x30:0x8003fec4  x3:0x00000001 PA:0xxxxxxxxx
     495365.000 ns	     49535	80009ecc	ff9ff06f	jal	x0,80009ec8	
     495415.000 ns	     49540	80009ec4	00036f17	auipc	x30,0x36	 x30=0x8003fec4
     495425.000 ns	     49541	80009ec8	123f2e23	sw	x3,316(x30)	 x30:0x8003fec4  x3:0x00000001 PA:0xxxxxxxxx
     495445.000 ns	     49543	80009ecc	ff9ff06f	jal	x0,80009ec8	
     495495.000 ns	     49548	80009ec4	00036f17	auipc	x30,0x36	 x30=0x8003fec4
     495505.000 ns	     49549	80009ec8	123f2e23	sw	x3,316(x30)	 x30:0x8003fec4  x3:0x00000001 PA:0xxxxxxxxx
     495525.000 ns	     49551	80009ecc	ff9ff06f	jal	x0,80009ec8	
     495575.000 ns	     49556	80009ec4	00036f17	auipc	x30,0x36	 x30=0x8003fec4
     495585.000 ns	     49557	80009ec8	123f2e23	sw	x3,316(x30)	 x30:0x8003fec4  x3:0x00000001 PA:0xxxxxxxxx
     495605.000 ns	     49559	80009ecc	ff9ff06f	jal	x0,80009ec8	
     495655.000 ns	     49564	80009ec4	00036f17	auipc	x30,0x36	 x30=0x8003fec4
     495665.000 ns	     49565	80009ec8	123f2e23	sw	x3,316(x30)	 x30:0x8003fec4  x3:0x00000001 PA:0xxxxxxxxx
     495685.000 ns	     49567	80009ecc	ff9ff06f	jal	x0,80009ec8	
     495735.000 ns	     49572	80009ec4	00036f17	auipc	x30,0x36	 x30=0x8003fec4
     495745.000 ns	     49573	80009ec8	123f2e23	sw	x3,316(x30)	 x30:0x8003fec4  x3:0x00000001 PA:0xxxxxxxxx
     495765.000 ns	     49575	80009ecc	ff9ff06f	jal	x0,80009ec8	
     495815.000 ns	     49580	80009ec4	00036f17	auipc	x30,0x36	 x30=0x8003fec4
     495825.000 ns	     49581	80009ec8	123f2e23	sw	x3,316(x30)	 x30:0x8003fec4  x3:0x00000001 PA:0xxxxxxxxx
     495845.000 ns	     49583	80009ecc	ff9ff06f	jal	x0,80009ec8	
     495895.000 ns	     49588	80009ec4	00036f17	auipc	x30,0x36	 x30=0x8003fec4
     495905.000 ns	     49589	80009ec8	123f2e23	sw	x3,316(x30)	 x30:0x8003fec4  x3:0x00000001 PA:0xxxxxxxxx
     495925.000 ns	     49591	80009ecc	ff9ff06f	jal	x0,80009ec8	
     495975.000 ns	     49596	80009ec4	00036f17	auipc	x30,0x36	 x30=0x8003fec4
     495985.000 ns	     49597	80009ec8	123f2e23	sw	x3,316(x30)	 x30:0x8003fec4  x3:0x00000001 PA:0xxxxxxxxx
     496005.000 ns	     49599	80009ecc	ff9ff06f	jal	x0,80009ec8	
     496055.000 ns	     49604	80009ec4	00036f17	auipc	x30,0x36	 x30=0x8003fec4
     496065.000 ns	     49605	80009ec8	123f2e23	sw	x3,316(x30)	 x30:0x8003fec4  x3:0x00000001 PA:0xxxxxxxxx
     496085.000 ns	     49607	80009ecc	ff9ff06f	jal	x0,80009ec8	
     496135.000 ns	     49612	80009ec4	00036f17	auipc	x30,0x36	 x30=0x8003fec4
     496145.000 ns	     49613	80009ec8	123f2e23	sw	x3,316(x30)	 x30:0x8003fec4  x3:0x00000001 PA:0xxxxxxxxx
     496165.000 ns	     49615	80009ecc	ff9ff06f	jal	x0,80009ec8	
     496215.000 ns	     49620	80009ec4	00036f17	auipc	x30,0x36	 x30=0x8003fec4
     496225.000 ns	     49621	80009ec8	123f2e23	sw	x3,316(x30)	 x30:0x8003fec4  x3:0x00000001 PA:0xxxxxxxxx
     496245.000 ns	     49623	80009ecc	ff9ff06f	jal	x0,80009ec8	
     496295.000 ns	     49628	80009ec4	00036f17	auipc	x30,0x36	 x30=0x8003fec4
     496305.000 ns	     49629	80009ec8	123f2e23	sw	x3,316(x30)	 x30:0x8003fec4  x3:0x00000001 PA:0xxxxxxxxx
     496325.000 ns	     49631	80009ecc	ff9ff06f	jal	x0,80009ec8	
     496375.000 ns	     49636	80009ec4	00036f17	auipc	x30,0x36	 x30=0x8003fec4
     496385.000 ns	     49637	80009ec8	123f2e23	sw	x3,316(x30)	 x30:0x8003fec4  x3:0x00000001 PA:0xxxxxxxxx
     496405.000 ns	     49639	80009ecc	ff9ff06f	jal	x0,80009ec8	
     496455.000 ns	     49644	80009ec4	00036f17	auipc	x30,0x36	 x30=0x8003fec4
     496465.000 ns	     49645	80009ec8	123f2e23	sw	x3,316(x30)	 x30:0x8003fec4  x3:0x00000001 PA:0xxxxxxxxx
     496485.000 ns	     49647	80009ecc	ff9ff06f	jal	x0,80009ec8	
     496535.000 ns	     49652	80009ec4	00036f17	auipc	x30,0x36	 x30=0x8003fec4
     496545.000 ns	     49653	80009ec8	123f2e23	sw	x3,316(x30)	 x30:0x8003fec4  x3:0x00000001 PA:0xxxxxxxxx
     496565.000 ns	     49655	80009ecc	ff9ff06f	jal	x0,80009ec8	
     496615.000 ns	     49660	80009ec4	00036f17	auipc	x30,0x36	 x30=0x8003fec4
     496625.000 ns	     49661	80009ec8	123f2e23	sw	x3,316(x30)	 x30:0x8003fec4  x3:0x00000001 PA:0xxxxxxxxx
     496645.000 ns	     49663	80009ecc	ff9ff06f	jal	x0,80009ec8	
     496695.000 ns	     49668	80009ec4	00036f17	auipc	x30,0x36	 x30=0x8003fec4
     496705.000 ns	     49669	80009ec8	123f2e23	sw	x3,316(x30)	 x30:0x8003fec4  x3:0x00000001 PA:0xxxxxxxxx
     496725.000 ns	     49671	80009ecc	ff9ff06f	jal	x0,80009ec8	
     496775.000 ns	     49676	80009ec4	00036f17	auipc	x30,0x36	 x30=0x8003fec4
     496785.000 ns	     49677	80009ec8	123f2e23	sw	x3,316(x30)	 x30:0x8003fec4  x3:0x00000001 PA:0xxxxxxxxx
     496805.000 ns	     49679	80009ecc	ff9ff06f	jal	x0,80009ec8	
     496855.000 ns	     49684	80009ec4	00036f17	auipc	x30,0x36	 x30=0x8003fec4
     496865.000 ns	     49685	80009ec8	123f2e23	sw	x3,316(x30)	 x30:0x8003fec4  x3:0x00000001 PA:0xxxxxxxxx
     496885.000 ns	     49687	80009ecc	ff9ff06f	jal	x0,80009ec8	
     496935.000 ns	     49692	80009ec4	00036f17	auipc	x30,0x36	 x30=0x8003fec4
     496945.000 ns	     49693	80009ec8	123f2e23	sw	x3,316(x30)	 x30:0x8003fec4  x3:0x00000001 PA:0xxxxxxxxx
     496965.000 ns	     49695	80009ecc	ff9ff06f	jal	x0,80009ec8	
     497015.000 ns	     49700	80009ec4	00036f17	auipc	x30,0x36	 x30=0x8003fec4
     497025.000 ns	     49701	80009ec8	123f2e23	sw	x3,316(x30)	 x30:0x8003fec4  x3:0x00000001 PA:0xxxxxxxxx
     497045.000 ns	     49703	80009ecc	ff9ff06f	jal	x0,80009ec8	
     497095.000 ns	     49708	80009ec4	00036f17	auipc	x30,0x36	 x30=0x8003fec4
     497105.000 ns	     49709	80009ec8	123f2e23	sw	x3,316(x30)	 x30:0x8003fec4  x3:0x00000001 PA:0xxxxxxxxx
     497125.000 ns	     49711	80009ecc	ff9ff06f	jal	x0,80009ec8	
     497175.000 ns	     49716	80009ec4	00036f17	auipc	x30,0x36	 x30=0x8003fec4
     497185.000 ns	     49717	80009ec8	123f2e23	sw	x3,316(x30)	 x30:0x8003fec4  x3:0x00000001 PA:0xxxxxxxxx
     497205.000 ns	     49719	80009ecc	ff9ff06f	jal	x0,80009ec8	
     497255.000 ns	     49724	80009ec4	00036f17	auipc	x30,0x36	 x30=0x8003fec4
     497265.000 ns	     49725	80009ec8	123f2e23	sw	x3,316(x30)	 x30:0x8003fec4  x3:0x00000001 PA:0xxxxxxxxx
     497285.000 ns	     49727	80009ecc	ff9ff06f	jal	x0,80009ec8	
     497335.000 ns	     49732	80009ec4	00036f17	auipc	x30,0x36	 x30=0x8003fec4
     497345.000 ns	     49733	80009ec8	123f2e23	sw	x3,316(x30)	 x30:0x8003fec4  x3:0x00000001 PA:0xxxxxxxxx
     497365.000 ns	     49735	80009ecc	ff9ff06f	jal	x0,80009ec8	
     497415.000 ns	     49740	80009ec4	00036f17	auipc	x30,0x36	 x30=0x8003fec4
     497425.000 ns	     49741	80009ec8	123f2e23	sw	x3,316(x30)	 x30:0x8003fec4  x3:0x00000001 PA:0xxxxxxxxx
     497445.000 ns	     49743	80009ecc	ff9ff06f	jal	x0,80009ec8	
     497495.000 ns	     49748	80009ec4	00036f17	auipc	x30,0x36	 x30=0x8003fec4
     497505.000 ns	     49749	80009ec8	123f2e23	sw	x3,316(x30)	 x30:0x8003fec4  x3:0x00000001 PA:0xxxxxxxxx
     497525.000 ns	     49751	80009ecc	ff9ff06f	jal	x0,80009ec8	
     497575.000 ns	     49756	80009ec4	00036f17	auipc	x30,0x36	 x30=0x8003fec4
     497585.000 ns	     49757	80009ec8	123f2e23	sw	x3,316(x30)	 x30:0x8003fec4  x3:0x00000001 PA:0xxxxxxxxx
     497605.000 ns	     49759	80009ecc	ff9ff06f	jal	x0,80009ec8	
     497655.000 ns	     49764	80009ec4	00036f17	auipc	x30,0x36	 x30=0x8003fec4
     497665.000 ns	     49765	80009ec8	123f2e23	sw	x3,316(x30)	 x30:0x8003fec4  x3:0x00000001 PA:0xxxxxxxxx
     497685.000 ns	     49767	80009ecc	ff9ff06f	jal	x0,80009ec8	
     497735.000 ns	     49772	80009ec4	00036f17	auipc	x30,0x36	 x30=0x8003fec4
     497745.000 ns	     49773	80009ec8	123f2e23	sw	x3,316(x30)	 x30:0x8003fec4  x3:0x00000001 PA:0xxxxxxxxx
     497765.000 ns	     49775	80009ecc	ff9ff06f	jal	x0,80009ec8	
     497815.000 ns	     49780	80009ec4	00036f17	auipc	x30,0x36	 x30=0x8003fec4
     497825.000 ns	     49781	80009ec8	123f2e23	sw	x3,316(x30)	 x30:0x8003fec4  x3:0x00000001 PA:0xxxxxxxxx
     497845.000 ns	     49783	80009ecc	ff9ff06f	jal	x0,80009ec8	
     497895.000 ns	     49788	80009ec4	00036f17	auipc	x30,0x36	 x30=0x8003fec4
     497905.000 ns	     49789	80009ec8	123f2e23	sw	x3,316(x30)	 x30:0x8003fec4  x3:0x00000001 PA:0xxxxxxxxx
     497925.000 ns	     49791	80009ecc	ff9ff06f	jal	x0,80009ec8	
     497975.000 ns	     49796	80009ec4	00036f17	auipc	x30,0x36	 x30=0x8003fec4
     497985.000 ns	     49797	80009ec8	123f2e23	sw	x3,316(x30)	 x30:0x8003fec4  x3:0x00000001 PA:0xxxxxxxxx
     498005.000 ns	     49799	80009ecc	ff9ff06f	jal	x0,80009ec8	
     498055.000 ns	     49804	80009ec4	00036f17	auipc	x30,0x36	 x30=0x8003fec4
     498065.000 ns	     49805	80009ec8	123f2e23	sw	x3,316(x30)	 x30:0x8003fec4  x3:0x00000001 PA:0xxxxxxxxx
     498085.000 ns	     49807	80009ecc	ff9ff06f	jal	x0,80009ec8	
     498135.000 ns	     49812	80009ec4	00036f17	auipc	x30,0x36	 x30=0x8003fec4
     498145.000 ns	     49813	80009ec8	123f2e23	sw	x3,316(x30)	 x30:0x8003fec4  x3:0x00000001 PA:0xxxxxxxxx
     498165.000 ns	     49815	80009ecc	ff9ff06f	jal	x0,80009ec8	
     498215.000 ns	     49820	80009ec4	00036f17	auipc	x30,0x36	 x30=0x8003fec4
     498225.000 ns	     49821	80009ec8	123f2e23	sw	x3,316(x30)	 x30:0x8003fec4  x3:0x00000001 PA:0xxxxxxxxx
     498245.000 ns	     49823	80009ecc	ff9ff06f	jal	x0,80009ec8	
     498295.000 ns	     49828	80009ec4	00036f17	auipc	x30,0x36	 x30=0x8003fec4
     498305.000 ns	     49829	80009ec8	123f2e23	sw	x3,316(x30)	 x30:0x8003fec4  x3:0x00000001 PA:0xxxxxxxxx
     498325.000 ns	     49831	80009ecc	ff9ff06f	jal	x0,80009ec8	
     498375.000 ns	     49836	80009ec4	00036f17	auipc	x30,0x36	 x30=0x8003fec4
     498385.000 ns	     49837	80009ec8	123f2e23	sw	x3,316(x30)	 x30:0x8003fec4  x3:0x00000001 PA:0xxxxxxxxx
     498405.000 ns	     49839	80009ecc	ff9ff06f	jal	x0,80009ec8	
     498455.000 ns	     49844	80009ec4	00036f17	auipc	x30,0x36	 x30=0x8003fec4
     498465.000 ns	     49845	80009ec8	123f2e23	sw	x3,316(x30)	 x30:0x8003fec4  x3:0x00000001 PA:0xxxxxxxxx
     498485.000 ns	     49847	80009ecc	ff9ff06f	jal	x0,80009ec8	
     498535.000 ns	     49852	80009ec4	00036f17	auipc	x30,0x36	 x30=0x8003fec4
     498545.000 ns	     49853	80009ec8	123f2e23	sw	x3,316(x30)	 x30:0x8003fec4  x3:0x00000001 PA:0xxxxxxxxx
     498565.000 ns	     49855	80009ecc	ff9ff06f	jal	x0,80009ec8	
     498615.000 ns	     49860	80009ec4	00036f17	auipc	x30,0x36	 x30=0x8003fec4
     498625.000 ns	     49861	80009ec8	123f2e23	sw	x3,316(x30)	 x30:0x8003fec4  x3:0x00000001 PA:0xxxxxxxxx
     498645.000 ns	     49863	80009ecc	ff9ff06f	jal	x0,80009ec8	
     498695.000 ns	     49868	80009ec4	00036f17	auipc	x30,0x36	 x30=0x8003fec4
     498705.000 ns	     49869	80009ec8	123f2e23	sw	x3,316(x30)	 x30:0x8003fec4  x3:0x00000001 PA:0xxxxxxxxx
     498725.000 ns	     49871	80009ecc	ff9ff06f	jal	x0,80009ec8	
     498775.000 ns	     49876	80009ec4	00036f17	auipc	x30,0x36	 x30=0x8003fec4
     498785.000 ns	     49877	80009ec8	123f2e23	sw	x3,316(x30)	 x30:0x8003fec4  x3:0x00000001 PA:0xxxxxxxxx
     498805.000 ns	     49879	80009ecc	ff9ff06f	jal	x0,80009ec8	
     498855.000 ns	     49884	80009ec4	00036f17	auipc	x30,0x36	 x30=0x8003fec4
     498865.000 ns	     49885	80009ec8	123f2e23	sw	x3,316(x30)	 x30:0x8003fec4  x3:0x00000001 PA:0xxxxxxxxx
     498885.000 ns	     49887	80009ecc	ff9ff06f	jal	x0,80009ec8	
     498935.000 ns	     49892	80009ec4	00036f17	auipc	x30,0x36	 x30=0x8003fec4
     498945.000 ns	     49893	80009ec8	123f2e23	sw	x3,316(x30)	 x30:0x8003fec4  x3:0x00000001 PA:0xxxxxxxxx
     498965.000 ns	     49895	80009ecc	ff9ff06f	jal	x0,80009ec8	
     499015.000 ns	     49900	80009ec4	00036f17	auipc	x30,0x36	 x30=0x8003fec4
     499025.000 ns	     49901	80009ec8	123f2e23	sw	x3,316(x30)	 x30:0x8003fec4  x3:0x00000001 PA:0xxxxxxxxx
     499045.000 ns	     49903	80009ecc	ff9ff06f	jal	x0,80009ec8	
     499095.000 ns	     49908	80009ec4	00036f17	auipc	x30,0x36	 x30=0x8003fec4
     499105.000 ns	     49909	80009ec8	123f2e23	sw	x3,316(x30)	 x30:0x8003fec4  x3:0x00000001 PA:0xxxxxxxxx
     499125.000 ns	     49911	80009ecc	ff9ff06f	jal	x0,80009ec8	
     499175.000 ns	     49916	80009ec4	00036f17	auipc	x30,0x36	 x30=0x8003fec4
     499185.000 ns	     49917	80009ec8	123f2e23	sw	x3,316(x30)	 x30:0x8003fec4  x3:0x00000001 PA:0xxxxxxxxx
     499205.000 ns	     49919	80009ecc	ff9ff06f	jal	x0,80009ec8	
     499255.000 ns	     49924	80009ec4	00036f17	auipc	x30,0x36	 x30=0x8003fec4
     499265.000 ns	     49925	80009ec8	123f2e23	sw	x3,316(x30)	 x30:0x8003fec4  x3:0x00000001 PA:0xxxxxxxxx
     499285.000 ns	     49927	80009ecc	ff9ff06f	jal	x0,80009ec8	
     499335.000 ns	     49932	80009ec4	00036f17	auipc	x30,0x36	 x30=0x8003fec4
     499345.000 ns	     49933	80009ec8	123f2e23	sw	x3,316(x30)	 x30:0x8003fec4  x3:0x00000001 PA:0xxxxxxxxx
     499365.000 ns	     49935	80009ecc	ff9ff06f	jal	x0,80009ec8	
     499415.000 ns	     49940	80009ec4	00036f17	auipc	x30,0x36	 x30=0x8003fec4
     499425.000 ns	     49941	80009ec8	123f2e23	sw	x3,316(x30)	 x30:0x8003fec4  x3:0x00000001 PA:0xxxxxxxxx
     499445.000 ns	     49943	80009ecc	ff9ff06f	jal	x0,80009ec8	
     499495.000 ns	     49948	80009ec4	00036f17	auipc	x30,0x36	 x30=0x8003fec4
     499505.000 ns	     49949	80009ec8	123f2e23	sw	x3,316(x30)	 x30:0x8003fec4  x3:0x00000001 PA:0xxxxxxxxx
     499525.000 ns	     49951	80009ecc	ff9ff06f	jal	x0,80009ec8	
     499575.000 ns	     49956	80009ec4	00036f17	auipc	x30,0x36	 x30=0x8003fec4
     499585.000 ns	     49957	80009ec8	123f2e23	sw	x3,316(x30)	 x30:0x8003fec4  x3:0x00000001 PA:0xxxxxxxxx
     499605.000 ns	     49959	80009ecc	ff9ff06f	jal	x0,80009ec8	
     499655.000 ns	     49964	80009ec4	00036f17	auipc	x30,0x36	 x30=0x8003fec4
     499665.000 ns	     49965	80009ec8	123f2e23	sw	x3,316(x30)	 x30:0x8003fec4  x3:0x00000001 PA:0xxxxxxxxx
     499685.000 ns	     49967	80009ecc	ff9ff06f	jal	x0,80009ec8	
     499735.000 ns	     49972	80009ec4	00036f17	auipc	x30,0x36	 x30=0x8003fec4
     499745.000 ns	     49973	80009ec8	123f2e23	sw	x3,316(x30)	 x30:0x8003fec4  x3:0x00000001 PA:0xxxxxxxxx
     499765.000 ns	     49975	80009ecc	ff9ff06f	jal	x0,80009ec8	
     499815.000 ns	     49980	80009ec4	00036f17	auipc	x30,0x36	 x30=0x8003fec4
     499825.000 ns	     49981	80009ec8	123f2e23	sw	x3,316(x30)	 x30:0x8003fec4  x3:0x00000001 PA:0xxxxxxxxx
     499845.000 ns	     49983	80009ecc	ff9ff06f	jal	x0,80009ec8	
     499895.000 ns	     49988	80009ec4	00036f17	auipc	x30,0x36	 x30=0x8003fec4
     499905.000 ns	     49989	80009ec8	123f2e23	sw	x3,316(x30)	 x30:0x8003fec4  x3:0x00000001 PA:0xxxxxxxxx
     499925.000 ns	     49991	80009ecc	ff9ff06f	jal	x0,80009ec8	
     499975.000 ns	     49996	80009ec4	00036f17	auipc	x30,0x36	 x30=0x8003fec4
     499985.000 ns	     49997	80009ec8	123f2e23	sw	x3,316(x30)	 x30:0x8003fec4  x3:0x00000001 PA:0xxxxxxxxx
