		Time			Cycle	PC		Insn	Decoded instruction	Register and memory contents
         65.000 ns	         5	80000000	f14022f3	csrrs	x5,mhartid,x0	  x0:0x00000000  x5=0xffffff14
         75.000 ns	         6	80000004	00000313	addi	x6,x0,0	  x0:0x00000000  x6=0x00000000
         85.000 ns	         7	80000008	00628263	beq	x5,x6,8000000c	  x5:0x00000000  x6:0x00000000
         95.000 ns	         8	8000000c	00000a17	auipc	x20,0x0	 x20=0x8000000c
        105.000 ns	         9	80000010	00ca0a13	addi	x20,x20,12	 x20:0x00000000 x20=0x80000018
        115.000 ns	        10	80000014	000a0067	jalr	x0,x20,0	 x20:0x00000000
        165.000 ns	        15	80000018	40001e37	lui	x28,0x40001	 x28=0x40001000
        175.000 ns	        16	8000001c	120e0e13	addi	x28,x28,288	 x28:0x00000000 x28=0x40001120
        185.000 ns	        17	80000020	301e1073	csrrw	x0,misa,x28	 x28:0x00000000
        195.000 ns	        18	80000024	00041917	auipc	x18,0x41	 x18=0x80041024
        205.000 ns	        19	80000028	00090913	addi	x18,x18,0	 x18:0x00000000 x18=0x80041024
        215.000 ns	        20	8000002c	0000ae17	auipc	x28,0xa	 x28=0x8000a02c
        225.000 ns	        21	80000030	e9ce0e13	addi	x28,x28,-356	 x28:0x40001120 x28=0x80009ec8
        235.000 ns	        22	80000034	000e6e13	ori	x28,x28,0	 x28:0x40001120 x28=0x80009ec8
        245.000 ns	        23	80000038	305e1073	csrrw	x0,mtvec,x28	 x28:0x8000a02c
        255.000 ns	        24	8000003c	00000e17	auipc	x28,0x0	 x28=0x8000003c
        265.000 ns	        25	80000040	028e0e13	addi	x28,x28,40	 x28:0x80009ec8 x28=0x80000064
        275.000 ns	        26	80000044	341e1073	csrrw	x0,mepc,x28	 x28:0x80009ec8
        285.000 ns	        27	80000048	00000013	addi	x0,x0,0	  x0:0x00000000
        295.000 ns	        28	8000004c	00004e37	lui	x28,0x4	 x28=0x00004000
        305.000 ns	        29	80000050	800e0e13	addi	x28,x28,-2048	 x28:0x80000064 x28=0x00003800
        315.000 ns	        30	80000054	300e1073	csrrw	x0,mstatus,x28	 x28:0x80000064
        325.000 ns	        31	80000058	00000e13	addi	x28,x0,0	  x0:0x00000000 x28=0x00000000
        335.000 ns	        32	8000005c	304e1073	csrrw	x0,mie,x28	 x28:0x00003800
        345.000 ns	        33	80000060	30200073	mret	
        355.000 ns	        34	80000064	00000e13	addi	x28,x0,0	  x0:0x00000000 x28=0x00000000
        375.000 ns	        36	80000068	f00e0053	fmv.w.x	f0,x28	 x28:0x00000000  f0=0x00000000
        395.000 ns	        38	8000006c	7f800e37	lui	x28,0x7f800	 x28=0x7f800000
        415.000 ns	        40	80000070	f00e00d3	fmv.w.x	f1,x28	 x28:0x00000000  f1=0x7f800000
        435.000 ns	        42	80000074	7f800e37	lui	x28,0x7f800	 x28=0x7f800000
        445.000 ns	        43	80000078	fffe0e13	addi	x28,x28,-1	 x28:0x7f800000 x28=0x7f7fffff
        465.000 ns	        45	8000007c	f00e0153	fmv.w.x	f2,x28	 x28:0x7f800000  f2=0x7f7fffff
        485.000 ns	        47	80000080	7f800e37	lui	x28,0x7f800	 x28=0x7f800000
        495.000 ns	        48	80000084	001e0e13	addi	x28,x28,1	 x28:0x7f7fffff x28=0x7f800001
        515.000 ns	        50	80000088	f00e01d3	fmv.w.x	f3,x28	 x28:0x7f7fffff  f3=0x7f800001
        535.000 ns	        52	8000008c	00000e13	addi	x28,x0,0	  x0:0x00000000 x28=0x00000000
        555.000 ns	        54	80000090	f00e0253	fmv.w.x	f4,x28	 x28:0x7f800001  f4=0x00000000
        575.000 ns	        56	80000094	8001de37	lui	x28,0x8001d	 x28=0x8001d000
        585.000 ns	        57	80000098	6c1e0e13	addi	x28,x28,1729	 x28:0x00000000 x28=0x8001d6c1
        605.000 ns	        59	8000009c	f00e02d3	fmv.w.x	f5,x28	 x28:0x00000000  f5=0x8001d6c1
        625.000 ns	        61	800000a0	7f800e37	lui	x28,0x7f800	 x28=0x7f800000
        645.000 ns	        63	800000a4	f00e0353	fmv.w.x	f6,x28	 x28:0x8001d6c1  f6=0x7f800000
        665.000 ns	        65	800000a8	7f800e37	lui	x28,0x7f800	 x28=0x7f800000
        675.000 ns	        66	800000ac	fffe0e13	addi	x28,x28,-1	 x28:0x7f800000 x28=0x7f7fffff
        695.000 ns	        68	800000b0	f00e03d3	fmv.w.x	f7,x28	 x28:0x7f800000  f7=0x7f7fffff
        715.000 ns	        70	800000b4	7fc00e37	lui	x28,0x7fc00	 x28=0x7fc00000
        735.000 ns	        72	800000b8	f00e0453	fmv.w.x	f8,x28	 x28:0x7f7fffff  f8=0x7fc00000
        755.000 ns	        74	800000bc	7f800e37	lui	x28,0x7f800	 x28=0x7f800000
        775.000 ns	        76	800000c0	f00e04d3	fmv.w.x	f9,x28	 x28:0x7fc00000  f9=0x7f800000
        795.000 ns	        78	800000c4	00036e37	lui	x28,0x36	 x28=0x00036000
        805.000 ns	        79	800000c8	7d5e0e13	addi	x28,x28,2005	 x28:0x7f800000 x28=0x000367d5
        825.000 ns	        81	800000cc	f00e0553	fmv.w.x	f10,x28	 x28:0x7f800000 f10=0x000367d5
        845.000 ns	        83	800000d0	7f800e37	lui	x28,0x7f800	 x28=0x7f800000
        855.000 ns	        84	800000d4	fffe0e13	addi	x28,x28,-1	 x28:0x000367d5 x28=0x7f7fffff
        875.000 ns	        86	800000d8	f00e05d3	fmv.w.x	f11,x28	 x28:0x000367d5 f11=0x7f7fffff
        895.000 ns	        88	800000dc	7f800e37	lui	x28,0x7f800	 x28=0x7f800000
        905.000 ns	        89	800000e0	fffe0e13	addi	x28,x28,-1	 x28:0x7f7fffff x28=0x7f7fffff
        925.000 ns	        91	800000e4	f00e0653	fmv.w.x	f12,x28	 x28:0x7f7fffff f12=0x7f7fffff
        945.000 ns	        93	800000e8	ff800e37	lui	x28,0xff800	 x28=0xff800000
        965.000 ns	        95	800000ec	f00e06d3	fmv.w.x	f13,x28	 x28:0x7f7fffff f13=0xff800000
        985.000 ns	        97	800000f0	80000e37	lui	x28,0x80000	 x28=0x80000000
       1005.000 ns	        99	800000f4	f00e0753	fmv.w.x	f14,x28	 x28:0xff800000 f14=0x80000000
       1025.000 ns	       101	800000f8	80000e37	lui	x28,0x80000	 x28=0x80000000
       1045.000 ns	       103	800000fc	f00e07d3	fmv.w.x	f15,x28	 x28:0x80000000 f15=0x80000000
       1065.000 ns	       105	80000100	7f800e37	lui	x28,0x7f800	 x28=0x7f800000
       1075.000 ns	       106	80000104	fffe0e13	addi	x28,x28,-1	 x28:0x80000000 x28=0x7f7fffff
       1095.000 ns	       108	80000108	f00e0853	fmv.w.x	f16,x28	 x28:0x80000000 f16=0x7f7fffff
       1115.000 ns	       110	8000010c	6ba95e37	lui	x28,0x6ba95	 x28=0x6ba95000
       1125.000 ns	       111	80000110	264e0e13	addi	x28,x28,612	 x28:0x7f7fffff x28=0x6ba95264
       1145.000 ns	       113	80000114	f00e08d3	fmv.w.x	f17,x28	 x28:0x7f7fffff f17=0x6ba95264
       1165.000 ns	       115	80000118	ff800e37	lui	x28,0xff800	 x28=0xff800000
       1185.000 ns	       117	8000011c	f00e0953	fmv.w.x	f18,x28	 x28:0x6ba95264 f18=0xff800000
       1205.000 ns	       119	80000120	7fc00e37	lui	x28,0x7fc00	 x28=0x7fc00000
       1225.000 ns	       121	80000124	f00e09d3	fmv.w.x	f19,x28	 x28:0xff800000 f19=0x7fc00000
       1245.000 ns	       123	80000128	00000e13	addi	x28,x0,0	  x0:0x00000000 x28=0x00000000
       1265.000 ns	       125	8000012c	f00e0a53	fmv.w.x	f20,x28	 x28:0x7fc00000 f20=0x00000000
       1285.000 ns	       127	80000130	00000e13	addi	x28,x0,0	  x0:0x00000000 x28=0x00000000
       1305.000 ns	       129	80000134	f00e0ad3	fmv.w.x	f21,x28	 x28:0x00000000 f21=0x00000000
       1325.000 ns	       131	80000138	7f800e37	lui	x28,0x7f800	 x28=0x7f800000
       1335.000 ns	       132	8000013c	fffe0e13	addi	x28,x28,-1	 x28:0x00000000 x28=0x7f7fffff
       1355.000 ns	       134	80000140	f00e0b53	fmv.w.x	f22,x28	 x28:0x00000000 f22=0x7f7fffff
       1375.000 ns	       136	80000144	74de8e37	lui	x28,0x74de8	 x28=0x74de8000
       1385.000 ns	       137	80000148	542e0e13	addi	x28,x28,1346	 x28:0x7f7fffff x28=0x74de8542
       1405.000 ns	       139	8000014c	f00e0bd3	fmv.w.x	f23,x28	 x28:0x7f7fffff f23=0x74de8542
       1425.000 ns	       141	80000150	7f800e37	lui	x28,0x7f800	 x28=0x7f800000
       1445.000 ns	       143	80000154	f00e0c53	fmv.w.x	f24,x28	 x28:0x74de8542 f24=0x7f800000
       1465.000 ns	       145	80000158	ff800e37	lui	x28,0xff800	 x28=0xff800000
       1485.000 ns	       147	8000015c	f00e0cd3	fmv.w.x	f25,x28	 x28:0x7f800000 f25=0xff800000
       1505.000 ns	       149	80000160	7f800e37	lui	x28,0x7f800	 x28=0x7f800000
       1515.000 ns	       150	80000164	001e0e13	addi	x28,x28,1	 x28:0xff800000 x28=0x7f800001
       1535.000 ns	       152	80000168	f00e0d53	fmv.w.x	f26,x28	 x28:0xff800000 f26=0x7f800001
       1555.000 ns	       154	8000016c	cf10ee37	lui	x28,0xcf10e	 x28=0xcf10e000
       1565.000 ns	       155	80000170	1f7e0e13	addi	x28,x28,503	 x28:0x7f800001 x28=0xcf10e1f7
       1585.000 ns	       157	80000174	f00e0dd3	fmv.w.x	f27,x28	 x28:0x7f800001 f27=0xcf10e1f7
       1605.000 ns	       159	80000178	ff800e37	lui	x28,0xff800	 x28=0xff800000
       1625.000 ns	       161	8000017c	f00e0e53	fmv.w.x	f28,x28	 x28:0xcf10e1f7 f28=0xff800000
       1645.000 ns	       163	80000180	ff800e37	lui	x28,0xff800	 x28=0xff800000
       1665.000 ns	       165	80000184	f00e0ed3	fmv.w.x	f29,x28	 x28:0xff800000 f29=0xff800000
       1685.000 ns	       167	80000188	80223e37	lui	x28,0x80223	 x28=0x80223000
       1695.000 ns	       168	8000018c	6f1e0e13	addi	x28,x28,1777	 x28:0xff800000 x28=0x802236f1
       1715.000 ns	       170	80000190	f00e0f53	fmv.w.x	f30,x28	 x28:0xff800000 f30=0x802236f1
       1735.000 ns	       172	80000194	ff800e37	lui	x28,0xff800	 x28=0xff800000
       1755.000 ns	       174	80000198	f00e0fd3	fmv.w.x	f31,x28	 x28:0x802236f1 f31=0xff800000
       1775.000 ns	       176	8000019c	00205073	csrrwi	x0,frm,0	
       1785.000 ns	       177	800001a0	583d4037	lui	x0,0x583d4	
       1795.000 ns	       178	800001a4	89800013	addi	x0,x0,-1896	  x0:0x00000000
       1805.000 ns	       179	800001a8	ac5470b7	lui	x1,0xac547	  x1=0xac547000
       1815.000 ns	       180	800001ac	d0e08093	addi	x1,x1,-754	  x1:0x00000000  x1=0xac546d0e
       1825.000 ns	       181	800001b0	f89ce137	lui	x2,0xf89ce	  x2=0xf89ce000
       1835.000 ns	       182	800001b4	2c410113	addi	x2,x2,708	  x2:0x00000000  x2=0xf89ce2c4
       1845.000 ns	       183	800001b8	d42aa1b7	lui	x3,0xd42aa	  x3=0xd42aa000
       1855.000 ns	       184	800001bc	a2818193	addi	x3,x3,-1496	  x3:0x00000000  x3=0xd42a9a28
       1865.000 ns	       185	800001c0	c542b237	lui	x4,0xc542b	  x4=0xc542b000
       1875.000 ns	       186	800001c4	00920213	addi	x4,x4,9	  x4:0x00000000  x4=0xc542b009
       1885.000 ns	       187	800001c8	00bef2b7	lui	x5,0xbef	  x5=0x00bef000
       1895.000 ns	       188	800001cc	eaa28293	addi	x5,x5,-342	  x5:0xffffff14  x5=0x00beeeaa
       1905.000 ns	       189	800001d0	a5fd3337	lui	x6,0xa5fd3	  x6=0xa5fd3000
       1915.000 ns	       190	800001d4	b6930313	addi	x6,x6,-1175	  x6:0x00000000  x6=0xa5fd2b69
       1925.000 ns	       191	800001d8	fd2e73b7	lui	x7,0xfd2e7	  x7=0xfd2e7000
       1935.000 ns	       192	800001dc	73838393	addi	x7,x7,1848	  x7:0x00000000  x7=0xfd2e7738
       1945.000 ns	       193	800001e0	f5971437	lui	x8,0xf5971	  x8=0xf5971000
       1955.000 ns	       194	800001e4	43f40413	addi	x8,x8,1087	  x8:0x00000000  x8=0xf597143f
       1965.000 ns	       195	800001e8	800004b7	lui	x9,0x80000	  x9=0x80000000
       1975.000 ns	       196	800001ec	800005b7	lui	x11,0x80000	 x11=0x80000000
       1985.000 ns	       197	800001f0	6c664637	lui	x12,0x6c664	 x12=0x6c664000
       1995.000 ns	       198	800001f4	40a60613	addi	x12,x12,1034	 x12:0x00000000 x12=0x6c66440a
       2005.000 ns	       199	800001f8	800006b7	lui	x13,0x80000	 x13=0x80000000
       2015.000 ns	       200	800001fc	80000737	lui	x14,0x80000	 x14=0x80000000
       2025.000 ns	       201	80000200	800007b7	lui	x15,0x80000	 x15=0x80000000
       2035.000 ns	       202	80000204	00000813	addi	x16,x0,0	  x0:0x00000000 x16=0x00000000
       2045.000 ns	       203	80000208	800008b7	lui	x17,0x80000	 x17=0x80000000
       2055.000 ns	       204	8000020c	f90009b7	lui	x19,0xf9000	 x19=0xf9000000
       2065.000 ns	       205	80000210	21098993	addi	x19,x19,528	 x19:0x00000000 x19=0xf9000210
       2075.000 ns	       206	80000214	a2023a37	lui	x20,0xa2023	 x20=0xa2023000
       2085.000 ns	       207	80000218	44aa0a13	addi	x20,x20,1098	 x20:0x80000018 x20=0xa202344a
       2095.000 ns	       208	8000021c	9c845ab7	lui	x21,0x9c845	 x21=0x9c845000
       2105.000 ns	       209	80000220	a86a8a93	addi	x21,x21,-1402	 x21:0x00000000 x21=0x9c844a86
       2115.000 ns	       210	80000224	80000b37	lui	x22,0x80000	 x22=0x80000000
       2125.000 ns	       211	80000228	ce702bb7	lui	x23,0xce702	 x23=0xce702000
       2135.000 ns	       212	8000022c	8f4b8b93	addi	x23,x23,-1804	 x23:0x00000000 x23=0xce7018f4
       2145.000 ns	       213	80000230	44d21c37	lui	x24,0x44d21	 x24=0x44d21000
       2155.000 ns	       214	80000234	57cc0c13	addi	x24,x24,1404	 x24:0x00000000 x24=0x44d2157c
       2165.000 ns	       215	80000238	f4156cb7	lui	x25,0xf4156	 x25=0xf4156000
       2175.000 ns	       216	8000023c	88bc8c93	addi	x25,x25,-1909	 x25:0x00000000 x25=0xf415588b
       2185.000 ns	       217	80000240	00600d13	addi	x26,x0,6	  x0:0x00000000 x26=0x00000006
       2195.000 ns	       218	80000244	00000d93	addi	x27,x0,0	  x0:0x00000000 x27=0x00000000
       2205.000 ns	       219	80000248	f717ae37	lui	x28,0xf717a	 x28=0xf717a000
       2215.000 ns	       220	8000024c	35ce0e13	addi	x28,x28,860	 x28:0xff800000 x28=0xf717a35c
       2225.000 ns	       221	80000250	00000e93	addi	x29,x0,0	  x0:0x00000000 x29=0x00000000
       2235.000 ns	       222	80000254	00b00f13	addi	x30,x0,11	  x0:0x00000000 x30=0x0000000b
       2245.000 ns	       223	80000258	80000fb7	lui	x31,0x80000	 x31=0x80000000
       2255.000 ns	       224	8000025c	00041517	auipc	x10,0x41	 x10=0x8004125c
       2265.000 ns	       225	80000260	d8850513	addi	x10,x10,-632	 x10:0x00000000 x10=0x80040fe4
       2275.000 ns	       226	80000264	014132b3	sltu	x5,x2,x20	  x2:0xf89ce2c4 x20:0xa202344a  x5=0x00000000
       2635.000 ns	       262	80000268	02655f33	divu	x30,x10,x6	 x10:0x8004125c  x6:0xa5fd2b69 x30=0x00000000
       2675.000 ns	       266	8000026c	11720353	fmul.s	f6,f4,f23	  f4:0x00000000 f23:0x74de8542  f6=0x00000000
       2695.000 ns	       268	80000270	412151b3	sra	x3,x2,x18	  x2:0xf89ce2c4 x18:0x80041024  x3=0xff89ce2c
       2705.000 ns	       269	80000274	0148e1b3	or	x3,x17,x20	 x17:0x80000000 x20:0xa202344a  x3=0xa202344a
       2725.000 ns	       271	80000278	28e40f53	fmin.s	f30,f8,f14	  f8:0x7fc00000 f14:0x80000000 f30=0x80000000
       2755.000 ns	       274	8000027c	02c49433	mulh	x8,x9,x12	  x9:0x80000000 x12:0x6c66440a  x8=0xc9ccddfb
       2785.000 ns	       277	80000280	c0167e53	fcvt.wu.s	x28,f12	 f12:0x7f7fffff x28=0xffffffff
       2815.000 ns	       280	80000284	c00472d3	fcvt.w.s	x5,f8	  f8:0x7fc00000  x5=0x7fffffff
       2835.000 ns	       282	80000288	0110bcb3	sltu	x25,x1,x17	  x1:0xac546d0e x17:0x80000000 x25=0x00000000
       2855.000 ns	       284	8000028c	e00c8153	fmv.x.w	x2,f25	 f25:0xff800000  x2=0xff800000
       2895.000 ns	       288	80000290	1005f1d3	fmul.s	f3,f11,f0	 f11:0x7f7fffff  f0:0x00000000  f3=0x00000000
       2925.000 ns	       291	80000294	03f7b333	mulhu	x6,x15,x31	 x15:0x80000000 x31:0x80000000  x6=0x40000000
       2955.000 ns	       294	80000298	02531033	mulh	x0,x6,x5	  x6:0xa5fd2b69  x5:0x7fffffff
       2985.000 ns	       297	8000029c	287a0253	fmin.s	f4,f20,f7	 f20:0x00000000  f7:0x7f7fffff  f4=0x00000000
       3005.000 ns	       299	800002a0	01975613	srli	x12,x14,0x19	 x14:0x80000000 x12=0x00000040
       3015.000 ns	       300	800002a4	40820eb3	sub	x29,x4,x8	  x4:0xc542b009  x8:0xc9ccddfb x29=0xfb75d20e
       3035.000 ns	       302	800002a8	a12e9853	flt.s	x16,f29,f18	 f29:0xff800000 f18:0xff800000 x16=0x00000000
       3055.000 ns	       304	800002ac	013163b3	or	x7,x2,x19	  x2:0xff800000 x19:0xf9000210  x7=0xff800210
       3075.000 ns	       306	800002b0	03f9beb3	mulhu	x29,x19,x31	 x19:0xf9000210 x31:0x80000000 x29=0x7c800108
       3095.000 ns	       308	800002b4	d4a0f893	andi	x17,x1,-694	  x1:0xac546d0e x17=0xac546d0a
       3115.000 ns	       310	800002b8	a1de1653	flt.s	x12,f28,f29	 f28:0xff800000 f29:0xff800000 x12=0x00000000
       3145.000 ns	       313	800002bc	a0de8253	fle.s	x4,f29,f13	 f29:0xff800000 f13:0xff800000  x4=0x00000001
       3185.000 ns	       317	800002c0	107e35d3	fmul.s	f11,f28,f7	 f28:0xff800000  f7:0x7f7fffff f11=0xff800000
       3215.000 ns	       320	800002c4	e00504d3	fmv.x.w	x9,f10	 f10:0x000367d5  x9=0x000367d5
       3265.000 ns	       325	800002c8	08da84d3	fsub.s	f9,f21,f13	 f21:0x00000000 f13:0xff800000  f9=0x7f800000
       3285.000 ns	       327	800002cc	8f8f4313	xori	x6,x30,-1800	 x30:0x00000000  x6=0xfffff8f8
       3305.000 ns	       329	800002d0	a0e69bd3	flt.s	x23,f13,f14	 f13:0xff800000 f14:0x80000000 x23=0x00000001
       3345.000 ns	       333	800002d4	58077453	fsqrt.s	f8,f14	 f14:0x80000000  f8=0x80000000
       3375.000 ns	       336	800002d8	a19c88d3	fle.s	x17,f25,f25	 f25:0xff800000 f25:0xff800000 x17=0x00000001
       3395.000 ns	       338	800002dc	8e032493	slti	x9,x6,-1824	  x6:0xfffff8f8  x9=0x00000000
       3405.000 ns	       339	800002e0	003e2d33	slt	x26,x28,x3	 x28:0xffffffff  x3:0xa202344a x26=0x00000000
       3445.000 ns	       343	800002e4	01a9cf53	fadd.s	f30,f19,f26	 f19:0x7fc00000 f26:0x7f800001 f30=0x7fc00000
       3465.000 ns	       345	800002e8	6b2a3d93	sltiu	x27,x20,1714	 x20:0xa202344a x27=0x00000000
       3475.000 ns	       346	800002ec	013696b3	sll	x13,x13,x19	 x13:0x80000000 x19:0xf9000210 x13=0x00000000
       3495.000 ns	       348	800002f0	02d9ae33	mulhsu	x28,x19,x13	 x19:0xf9000210 x13:0x80000000 x28=0x00000000
       3525.000 ns	       351	800002f4	03bbbb33	mulhu	x22,x23,x27	 x23:0x00000001 x27:0x00000000 x22=0x00000000
       3555.000 ns	       354	800002f8	e00397d3	fclass.s	x15,f7	  f7:0x7f7fffff x15=0x00000040
       3575.000 ns	       356	800002fc	e69a96b7	lui	x13,0xe69a9	 x13=0xe69a9000
       3595.000 ns	       358	80000300	d013f0d3	fcvt.s.wu	f1,x7	  x7:0xff800210  f1=0x4f7f8002
       3615.000 ns	       360	80000304	01157bb3	and	x23,x10,x17	 x10:0x80040fe4 x17:0x00000001 x23=0x00000000
       3625.000 ns	       361	80000308	0094f333	and	x6,x9,x9	  x9:0x00000000  x9:0x00000000  x6=0x00000000
       3635.000 ns	       362	8000030c	8b270593	addi	x11,x14,-1870	 x14:0x80000000 x11=0x7ffff8b2
       3645.000 ns	       363	80000310	01bec8b3	xor	x17,x29,x27	 x29:0x7c800108 x27:0x00000000 x17=0x7c800108
       3665.000 ns	       365	80000314	a19c00d3	fle.s	x1,f24,f25	 f24:0x7f800000 f25:0xff800000  x1=0x00000000
       3695.000 ns	       368	80000318	026649b3	div	x19,x12,x6	 x12:0x00000000  x6:0x00000000 x19=0xffffffff
       4065.000 ns	       405	8000031c	03557ab3	remu	x21,x10,x21	 x10:0x80040fe4 x21:0x9c844a86 x21=0x80040fe4
       4115.000 ns	       410	80000320	09fef4d3	fsub.s	f9,f29,f31	 f29:0xff800000 f31:0xff800000  f9=0x00000000
       4145.000 ns	       413	80000324	c0007653	fcvt.w.s	x12,f0	  f0:0x00000000 x12=0x00000000
       4165.000 ns	       415	80000328	00afe733	or	x14,x31,x10	 x31:0x80000000 x10:0x80040fe4 x14=0x80040fe4
       4185.000 ns	       417	8000032c	f0040253	fmv.w.x	f4,x8	  x8:0xc9ccddfb  f4=0xc9ccddfb
       4215.000 ns	       420	80000330	03bb2633	mulhsu	x12,x22,x27	 x22:0x00000000 x27:0x00000000 x12=0x00000000
       4235.000 ns	       422	80000334	cadf0793	addi	x15,x30,-851	 x30:0x00000000 x15=0xfffffcad
       4595.000 ns	       458	80000338	0250db33	divu	x22,x1,x5	  x1:0x00000000  x5:0x7fffffff x22=0x00000000
       4625.000 ns	       461	8000033c	03ae9fb3	mulh	x31,x29,x26	 x29:0x7c800108 x26:0x00000000 x31=0x00000000
       4655.000 ns	       464	80000340	a09e9fd3	flt.s	x31,f29,f9	 f29:0xff800000  f9:0x00000000 x31=0x00000001
       4685.000 ns	       467	80000344	02a519b3	mulh	x19,x10,x10	 x10:0x80040fe4 x10:0x80040fe4 x19=0x3ffbf02c
       4705.000 ns	       469	80000348	72cbba93	sltiu	x21,x23,1836	 x23:0x00000000 x21=0x00000001
       4725.000 ns	       471	8000034c	03b4e033	rem	x0,x9,x27	  x9:0x00000000 x27:0x00000000
       4755.000 ns	       474	80000350	c0067bd3	fcvt.w.s	x23,f12	 f12:0x7f7fffff x23=0x7fffffff
       4785.000 ns	       477	80000354	03642333	mulhsu	x6,x8,x22	  x8:0xc9ccddfb x22:0x00000000  x6=0x00000000
       4805.000 ns	       479	80000358	41408fb3	sub	x31,x1,x20	  x1:0x00000000 x20:0xa202344a x31=0x5dfdcbb6
       4815.000 ns	       480	8000035c	40285313	srai	x6,x16,0x2	 x16:0x00000000  x6=0x00000000
       4825.000 ns	       481	80000360	b7310093	addi	x1,x2,-1165	  x2:0xff800000  x1=0xff7ffb73
       4845.000 ns	       483	80000364	a1fea5d3	feq.s	x11,f29,f31	 f29:0xff800000 f31:0xff800000 x11=0x00000001
       4875.000 ns	       486	80000368	02ef86b3	mul	x13,x31,x14	 x31:0x5dfdcbb6 x14:0x80040fe4 x13=0xc3d11818
       4905.000 ns	       489	8000036c	d003cad3	fcvt.s.w	f21,x7	  x7:0xff800210 f21=0xcafffbe0
       4935.000 ns	       492	80000370	03722d33	mulhsu	x26,x4,x23	  x4:0x00000001 x23:0x7fffffff x26=0x00000000
       4955.000 ns	       494	80000374	dfc87493	andi	x9,x16,-516	 x16:0x00000000  x9=0x00000000
       4965.000 ns	       495	80000378	01ae9993	slli	x19,x29,0x1a	 x29:0x7c800108 x19=0x20000000
       4975.000 ns	       496	8000037c	01b652b3	srl	x5,x12,x27	 x12:0x00000000 x27:0x00000000  x5=0x00000000
       4995.000 ns	       498	80000380	c01bf8d3	fcvt.wu.s	x17,f23	 f23:0x74de8542 x17=0xffffffff
       5025.000 ns	       501	80000384	03ee30b3	mulhu	x1,x28,x30	 x28:0x00000000 x30:0x00000000  x1=0x00000000
       5045.000 ns	       503	80000388	012e35b3	sltu	x11,x28,x18	 x28:0x00000000 x18:0x80041024 x11=0x00000001
       5065.000 ns	       505	8000038c	a0b99153	flt.s	x2,f19,f11	 f19:0x7fc00000 f11:0xff800000  x2=0x00000000
       5085.000 ns	       507	80000390	40550833	sub	x16,x10,x5	 x10:0x80040fe4  x5:0x00000000 x16=0x80040fe4
       5115.000 ns	       510	80000394	580afdd3	fsqrt.s	f27,f21	 f21:0xcafffbe0 f27=0x7fc00000
       5135.000 ns	       512	80000398	00000013	addi	x0,x0,0	  x0:0x00000000
       5145.000 ns	       513	8000039c	405ed693	srai	x13,x29,0x5	 x29:0x7c800108 x13=0x03e40008
       5165.000 ns	       515	800003a0	21b09c53	fsgnjn.s	f24,f1,f27	  f1:0x4f7f8002 f27:0x7fc00000 f24=0xcf7f8002
       5185.000 ns	       517	800003a4	9576ee93	ori	x29,x13,-1705	 x13:0xc3d11818 x29=0xfffff95f
       5205.000 ns	       519	800003a8	031884b3	mul	x9,x17,x17	 x17:0xffffffff x17:0xffffffff  x9=0x00000001
       5235.000 ns	       522	800003ac	039205b3	mul	x11,x4,x25	  x4:0x00000001 x25:0x00000000 x11=0x00000000
       5265.000 ns	       525	800003b0	a1819e53	flt.s	x28,f3,f24	  f3:0x00000000 f24:0xcf7f8002 x28=0x00000000
       5295.000 ns	       528	800003b4	21e801d3	fsgnj.s	f3,f16,f30	 f16:0x7f7fffff f30:0x7fc00000  f3=0x7f7fffff
       5315.000 ns	       530	800003b8	017f7f33	and	x30,x30,x23	 x30:0x00000000 x23:0x7fffffff x30=0x00000000
       5325.000 ns	       531	800003bc	01781f33	sll	x30,x16,x23	 x16:0x80040fe4 x23:0x7fffffff x30=0x00000000
       5335.000 ns	       532	800003c0	708db413	sltiu	x8,x27,1800	 x27:0x00000000  x8=0x00000001
       5345.000 ns	       533	800003c4	bc866a93	ori	x21,x12,-1080	 x12:0x00000000 x21=0xfffffbc8
       5355.000 ns	       534	800003c8	a8058013	addi	x0,x11,-1408	 x11:0x00000000
       5365.000 ns	       535	800003cc	01e78433	add	x8,x15,x30	 x15:0xfffffcad x30:0x00000000  x8=0xfffffcad
       5395.000 ns	       538	800003d0	11153ed3	fmul.s	f29,f10,f17	 f10:0x000367d5 f17:0x6ba95264 f29=0x2a10290d
       5765.000 ns	       575	800003d4	02de4bb3	div	x23,x28,x13	 x28:0x00000000 x13:0x03e40008 x23=0x00000000
       5785.000 ns	       577	800003d8	55b57593	andi	x11,x10,1371	 x10:0x80040fe4 x11=0x00000540
       5795.000 ns	       578	800003dc	002b26b3	slt	x13,x22,x2	 x22:0x00000000  x2:0x00000000 x13=0x00000000
       5815.000 ns	       580	800003e0	e0090053	fmv.x.w	x0,f18	 f18:0xff800000
       5845.000 ns	       583	800003e4	02840cb3	mul	x25,x8,x8	  x8:0xfffffcad  x8:0xfffffcad x25=0x000b0ce9
       5865.000 ns	       585	800003e8	b8858493	addi	x9,x11,-1144	 x11:0x00000540  x9=0x000000c8
       5875.000 ns	       586	800003ec	013a61b3	or	x3,x20,x19	 x20:0xa202344a x19:0x20000000  x3=0xa202344a
       5885.000 ns	       587	800003f0	6458ee13	ori	x28,x17,1605	 x17:0xffffffff x28=0xffffffff
       5905.000 ns	       589	800003f4	a13728d3	feq.s	x17,f14,f19	 f14:0x80000000 f19:0x7fc00000 x17=0x00000000
       6275.000 ns	       626	800003f8	02a5f3b3	remu	x7,x11,x10	 x11:0x00000540 x10:0x80040fe4  x7=0x00000540
       6315.000 ns	       630	800003fc	184cfad3	fdiv.s	f21,f25,f4	 f25:0xff800000  f4:0xc9ccddfb f21=0x7f800000
       6345.000 ns	       633	80000400	a1582ed3	feq.s	x29,f16,f21	 f16:0x7f7fffff f21:0xcafffbe0 x29=0x00000000
       6715.000 ns	       670	80000404	0296edb3	rem	x27,x13,x9	 x13:0x00000000  x9:0x000000c8 x27=0x00000000
       6745.000 ns	       673	80000408	025d1d33	mulh	x26,x26,x5	 x26:0x00000000  x5:0x00000000 x26=0x00000000
       6765.000 ns	       675	8000040c	5816b393	sltiu	x7,x13,1409	 x13:0x00000000  x7=0x00000001
       6805.000 ns	       679	80000410	084f34d3	fsub.s	f9,f30,f4	 f30:0x7fc00000  f4:0xc9ccddfb  f9=0x7fc00000
       6825.000 ns	       681	80000414	a15b7a93	andi	x21,x22,-1515	 x22:0x00000000 x21=0x00000000
       6835.000 ns	       682	80000418	0103e433	or	x8,x7,x16	  x7:0x00000001 x16:0x80040fe4  x8=0x80040fe5
       6845.000 ns	       683	8000041c	013fa4b3	slt	x9,x31,x19	 x31:0x5dfdcbb6 x19:0x20000000  x9=0x00000000
       6865.000 ns	       685	80000420	c00573d3	fcvt.w.s	x7,f10	 f10:0x000367d5  x7=0x00000000
       6885.000 ns	       687	80000424	015d2833	slt	x16,x26,x21	 x26:0x00000000 x21:0x00000000 x16=0x00000000
       6915.000 ns	       690	80000428	11247e53	fmul.s	f28,f8,f18	  f8:0x80000000 f18:0xff800000 f28=0x7fc00000
       6945.000 ns	       693	8000042c	d00b3fd3	fcvt.s.w	f31,x22	 x22:0x00000000 f31=0x00000000
       6975.000 ns	       696	80000430	03d2e1b3	rem	x3,x5,x29	  x5:0x00000000 x29:0x00000000  x3=0x00000000
       7005.000 ns	       699	80000434	a0c10b53	fle.s	x22,f2,f12	  f2:0x7f7fffff f12:0x7f7fffff x22=0x00000001
       7035.000 ns	       702	80000438	03d72033	mulhsu	x0,x14,x29	 x14:0x80040fe4 x29:0x00000000
       7065.000 ns	       705	8000043c	20ff2dd3	fsgnjx.s	f27,f30,f15	 f30:0x7fc00000 f15:0x80000000 f27=0xffc00000
       7085.000 ns	       707	80000440	78a8b793	sltiu	x15,x17,1930	 x17:0x00000000 x15=0x00000001
       7115.000 ns	       710	80000444	180e7d53	fdiv.s	f26,f28,f0	 f28:0x7fc00000  f0:0x00000000 f26=0x7fc00000
       7135.000 ns	       712	80000448	0082c8b3	xor	x17,x5,x8	  x5:0x00000000  x8:0x80040fe5 x17=0x80040fe5
       7155.000 ns	       714	8000044c	020f6233	rem	x4,x30,x0	 x30:0x00000000  x0:0x00000000  x4=0x00000000
       7185.000 ns	       717	80000450	022af733	remu	x14,x21,x2	 x21:0x00000000  x2:0x00000000 x14=0x00000000
       7215.000 ns	       720	80000454	03e9f7b3	remu	x15,x19,x30	 x19:0x20000000 x30:0x00000000 x15=0x20000000
       7265.000 ns	       725	80000458	005e34d3	fadd.s	f9,f28,f5	 f28:0x7fc00000  f5:0x8001d6c1  f9=0x7fc00000
       7285.000 ns	       727	8000045c	00203c33	sltu	x24,x0,x2	  x0:0x00000000  x2:0x00000000 x24=0x00000000
       7305.000 ns	       729	80000460	03920d33	mul	x26,x4,x25	  x4:0x00000000 x25:0x000b0ce9 x26=0x00000000
       7355.000 ns	       734	80000464	0131c7d3	fadd.s	f15,f3,f19	  f3:0x7f7fffff f19:0x7fc00000 f15=0x7fc00000
       7375.000 ns	       736	80000468	00000013	addi	x0,x0,0	  x0:0x00000000
       7395.000 ns	       738	8000046c	d00e78d3	fcvt.s.w	f17,x28	 x28:0xffffffff f17=0xbf800000
       7445.000 ns	       743	80000470	018a41d3	fadd.s	f3,f20,f24	 f20:0x00000000 f24:0xcf7f8002  f3=0xcf7f8002
       7465.000 ns	       745	80000474	013de633	or	x12,x27,x19	 x27:0x00000000 x19:0x20000000 x12=0x20000000
       7475.000 ns	       746	80000478	016452b3	srl	x5,x8,x22	  x8:0x80040fe5 x22:0x00000001  x5=0x400207f2
       7485.000 ns	       747	8000047c	01329813	slli	x16,x5,0x13	  x5:0x00000000 x16=0x3f900000
       7845.000 ns	       783	80000480	02c64833	div	x16,x12,x12	 x12:0x20000000 x12:0x20000000 x16=0x00000001
       7865.000 ns	       785	80000484	007db033	sltu	x0,x27,x7	 x27:0x00000000  x7:0x00000000
       7885.000 ns	       787	80000488	28221d53	fmax.s	f26,f4,f2	  f4:0xc9ccddfb  f2:0x7f7fffff f26=0x7f7fffff
       7925.000 ns	       791	8000048c	10637dd3	fmul.s	f27,f6,f6	  f6:0x00000000  f6:0x00000000 f27=0x00000000
       7945.000 ns	       793	80000490	01fe9613	slli	x12,x29,0x1f	 x29:0x00000000 x12=0x00000000
       7965.000 ns	       795	80000494	a1b0aad3	feq.s	x21,f1,f27	  f1:0x4f7f8002 f27:0x00000000 x21=0x00000000
       7995.000 ns	       798	80000498	a0770ad3	fle.s	x21,f14,f7	 f14:0x80000000  f7:0x7f7fffff x21=0x00000001
       8015.000 ns	       800	8000049c	010a9b13	slli	x22,x21,0x10	 x21:0x00000000 x22=0x00010000
       8025.000 ns	       801	800004a0	95520793	addi	x15,x4,-1707	  x4:0x00000000 x15=0xfffff955
       8045.000 ns	       803	800004a4	21e314d3	fsgnjn.s	f9,f6,f30	  f6:0x00000000 f30:0x7fc00000  f9=0x80000000
       8065.000 ns	       805	800004a8	008aab33	slt	x22,x21,x8	 x21:0x00000001  x8:0x80040fe5 x22=0x00000000
       8085.000 ns	       807	800004ac	28238253	fmin.s	f4,f7,f2	  f7:0x7f7fffff  f2:0x7f7fffff  f4=0x7f7fffff
       8115.000 ns	       810	800004b0	0238e733	rem	x14,x17,x3	 x17:0x80040fe5  x3:0x00000000 x14=0x80040fe5
       8135.000 ns	       812	800004b4	672d0313	addi	x6,x26,1650	 x26:0x00000000  x6=0x00000672
       8145.000 ns	       813	800004b8	01735a93	srli	x21,x6,0x17	  x6:0x00000000 x21=0x00000000
       8165.000 ns	       815	800004bc	a057add3	feq.s	x27,f15,f5	 f15:0x7fc00000  f5:0x8001d6c1 x27=0x00000000
       8205.000 ns	       819	800004c0	10eac653	fmul.s	f12,f21,f14	 f21:0x7f800000 f14:0x80000000 f12=0x7fc00000
       8235.000 ns	       822	800004c4	0355e433	rem	x8,x11,x21	 x11:0x00000540 x21:0x00000000  x8=0x00000540
       8265.000 ns	       825	800004c8	03200bb3	mul	x23,x0,x18	  x0:0x00000000 x18:0x80041024 x23=0x00000000
       8285.000 ns	       827	800004cc	83da2f93	slti	x31,x20,-1987	 x20:0xa202344a x31=0x00000001
       8295.000 ns	       828	800004d0	06ae92b7	lui	x5,0x6ae9	  x5=0x06ae9000
       8305.000 ns	       829	800004d4	01e4a4b3	slt	x9,x9,x30	  x9:0x00000000 x30:0x00000000  x9=0x00000000
       8315.000 ns	       830	800004d8	009366b3	or	x13,x6,x9	  x6:0x00000672  x9:0x00000000 x13=0x00000672
       8325.000 ns	       831	800004dc	01f7d633	srl	x12,x15,x31	 x15:0xfffff955 x31:0x00000001 x12=0x7ffffcaa
       8345.000 ns	       833	800004e0	206890d3	fsgnjn.s	f1,f17,f6	 f17:0xbf800000  f6:0x00000000  f1=0xbf800000
       8365.000 ns	       835	800004e4	48ccae13	slti	x28,x25,1164	 x25:0x000b0ce9 x28=0x00000000
       8405.000 ns	       839	800004e8	0063fbd3	fadd.s	f23,f7,f6	  f7:0x7f7fffff  f6:0x00000000 f23=0x7f7fffff
       8435.000 ns	       842	800004ec	03d4ecb3	rem	x25,x9,x29	  x9:0x00000000 x29:0x00000000 x25=0x00000000
       8465.000 ns	       845	800004f0	210a09d3	fsgnj.s	f19,f20,f16	 f20:0x00000000 f16:0x7f7fffff f19=0x00000000
       8495.000 ns	       848	800004f4	d0077a53	fcvt.s.w	f20,x14	 x14:0x80040fe5 f20=0xcefff7e0
       8515.000 ns	       850	800004f8	36b0a893	slti	x17,x1,875	  x1:0x00000000 x17=0x00000001
       8525.000 ns	       851	800004fc	b2000093	addi	x1,x0,-1248	  x0:0x00000000  x1=0xfffffb20
       8535.000 ns	       852	80000500	01799293	slli	x5,x19,0x17	 x19:0x20000000  x5=0x00000000
       8545.000 ns	       853	80000504	014ebab3	sltu	x21,x29,x20	 x29:0x00000000 x20:0xa202344a x21=0x00000001
       8555.000 ns	       854	80000508	1812b437	lui	x8,0x1812b	  x8=0x1812b000
       8915.000 ns	       890	8000050c	02fa5eb3	divu	x29,x20,x15	 x20:0xa202344a x15:0xfffff955 x29=0x00000000
       8945.000 ns	       893	80000510	03a534b3	mulhu	x9,x10,x26	 x10:0x80040fe4 x26:0x00000000  x9=0x00000000
       8965.000 ns	       895	80000514	820ce293	ori	x5,x25,-2016	 x25:0x00000000  x5=0xfffff820
       8975.000 ns	       896	80000518	0098d113	srli	x2,x17,0x9	 x17:0x00000001  x2=0x00000000
       8985.000 ns	       897	8000051c	406b8ab3	sub	x21,x23,x6	 x23:0x00000000  x6:0x00000672 x21=0xfffff98e
       8995.000 ns	       898	80000520	c5e5ac13	slti	x24,x11,-930	 x11:0x00000540 x24=0x00000000
       9015.000 ns	       900	80000524	020b0d33	mul	x26,x22,x0	 x22:0x00000000  x0:0x00000000 x26=0x00000000
       9045.000 ns	       903	80000528	21231453	fsgnjn.s	f8,f6,f18	  f6:0x00000000 f18:0xff800000  f8=0x00000000
       9065.000 ns	       905	8000052c	01c6cdb3	xor	x27,x13,x28	 x13:0x00000672 x28:0x00000000 x27=0x00000672
       9085.000 ns	       907	80000530	29a00853	fmin.s	f16,f0,f26	  f0:0x00000000 f26:0x7f7fffff f16=0x00000000
       9105.000 ns	       909	80000534	40465633	sra	x12,x12,x4	 x12:0x7ffffcaa  x4:0x00000000 x12=0x7ffffcaa
       9125.000 ns	       911	80000538	e00512d3	fclass.s	x5,f10	 f10:0x000367d5  x5=0x00000020
       9145.000 ns	       913	8000053c	01cc9593	slli	x11,x25,0x1c	 x25:0x00000000 x11=0x00000000
       9155.000 ns	       914	80000540	00c01d13	slli	x26,x0,0xc	  x0:0x00000000 x26=0x00000000
       9165.000 ns	       915	80000544	00229413	slli	x8,x5,0x2	  x5:0x00000020  x8=0x00000080
       9185.000 ns	       917	80000548	d00b1ad3	fcvt.s.w	f21,x22	 x22:0x00000000 f21=0x00000000
       9205.000 ns	       919	8000054c	0016bab3	sltu	x21,x13,x1	 x13:0x00000672  x1:0xfffffb20 x21=0x00000001
       9225.000 ns	       921	80000550	d0074653	fcvt.s.w	f12,x14	 x14:0x80040fe5 f12=0xcefff7e0
       9245.000 ns	       923	80000554	093894b7	lui	x9,0x9389	  x9=0x09389000
       9255.000 ns	       924	80000558	00ccbeb3	sltu	x29,x25,x12	 x25:0x00000000 x12:0x7ffffcaa x29=0x00000001
       9275.000 ns	       926	8000055c	e0019dd3	fclass.s	x27,f3	  f3:0xcf7f8002 x27=0x00000002
       9305.000 ns	       929	80000560	e0030d53	fmv.x.w	x26,f6	  f6:0x00000000 x26=0x00000000
       9325.000 ns	       931	80000564	0009deb3	srl	x29,x19,x0	 x19:0x20000000  x0:0x00000000 x29=0x20000000
       9335.000 ns	       932	80000568	010eeb33	or	x22,x29,x16	 x29:0x00000001 x16:0x00000001 x22=0x20000001
       9345.000 ns	       933	8000056c	41c25f13	srai	x30,x4,0x1c	  x4:0x00000000 x30=0x00000000
       9365.000 ns	       935	80000570	d000af53	fcvt.s.w	f30,x1	  x1:0xfffffb20 f30=0xc49c0000
       9395.000 ns	       938	80000574	a1eb12d3	flt.s	x5,f22,f30	 f22:0x7f7fffff f30:0x7fc00000  x5=0x00000000
       9415.000 ns	       940	80000578	e1fa6497	auipc	x9,0xe1fa6	  x9=0x61fa6578
       9435.000 ns	       942	8000057c	02433b33	mulhu	x22,x6,x4	  x6:0x00000672  x4:0x00000000 x22=0x00000000
       9455.000 ns	       944	80000580	419a88b3	sub	x17,x21,x25	 x21:0x00000001 x25:0x00000000 x17=0x00000001
       9475.000 ns	       946	80000584	212b8453	fsgnj.s	f8,f23,f18	 f23:0x7f7fffff f18:0xff800000  f8=0xff7fffff
       9495.000 ns	       948	80000588	418c0333	sub	x6,x24,x24	 x24:0x00000000 x24:0x00000000  x6=0x00000000
       9505.000 ns	       949	8000058c	00374ab3	xor	x21,x14,x3	 x14:0x80040fe5  x3:0x00000000 x21=0x80040fe5
       9525.000 ns	       951	80000590	a18b2ed3	feq.s	x29,f22,f24	 f22:0x7f7fffff f24:0xcf7f8002 x29=0x00000000
       9545.000 ns	       953	80000594	00fc3c33	sltu	x24,x24,x15	 x24:0x00000000 x15:0xfffff955 x24=0x00000001
       9565.000 ns	       955	80000598	a1841853	flt.s	x16,f8,f24	  f8:0xff7fffff f24:0xcf7f8002 x16=0x00000001
       9585.000 ns	       957	8000059c	6313d197	auipc	x3,0x6313d	  x3=0xe313d59c
       9605.000 ns	       959	800005a0	d0137b53	fcvt.s.wu	f22,x6	  x6:0x00000000 f22=0x00000000
       9625.000 ns	       961	800005a4	000dcfb3	xor	x31,x27,x0	 x27:0x00000002  x0:0x00000000 x31=0x00000002
       9645.000 ns	       963	800005a8	28241353	fmax.s	f6,f8,f2	  f8:0xff7fffff  f2:0x7f7fffff  f6=0x7f7fffff
       9665.000 ns	       965	800005ac	00c4db33	srl	x22,x9,x12	  x9:0x61fa6578 x12:0x7ffffcaa x22=0x00187e99
       9675.000 ns	       966	800005b0	013c14b3	sll	x9,x24,x19	 x24:0x00000001 x19:0x20000000  x9=0x00000001
       9685.000 ns	       967	800005b4	40dc0333	sub	x6,x24,x13	 x24:0x00000001 x13:0x00000672  x6=0xfffff98f
       9705.000 ns	       969	800005b8	210b22d3	fsgnjx.s	f5,f22,f16	 f22:0x00000000 f16:0x00000000  f5=0x00000000
       9735.000 ns	       972	800005bc	c00874d3	fcvt.w.s	x9,f16	 f16:0x00000000  x9=0x00000000
       9755.000 ns	       974	800005c0	7ba087b7	lui	x15,0x7ba08	 x15=0x7ba08000
       9775.000 ns	       976	800005c4	208f9dd3	fsgnjn.s	f27,f31,f8	 f31:0x00000000  f8:0xff7fffff f27=0x00000000
       9795.000 ns	       978	800005c8	4053d713	srai	x14,x7,0x5	  x7:0x00000000 x14=0x00000000
       9815.000 ns	       980	800005cc	a16791d3	flt.s	x3,f15,f22	 f15:0x7fc00000 f22:0x00000000  x3=0x00000000
       9845.000 ns	       983	800005d0	e00c9053	fclass.s	x0,f25	 f25:0xff800000
       9865.000 ns	       985	800005d4	8a3c6793	ori	x15,x24,-1885	 x24:0x00000001 x15=0xfffff8a3
       9885.000 ns	       987	800005d8	02b69333	mulh	x6,x13,x11	 x13:0x00000672 x11:0x00000000  x6=0x00000000
       9905.000 ns	       989	800005dc	52447b97	auipc	x23,0x52447	 x23=0xd24475dc
       9915.000 ns	       990	800005e0	eb1db597	auipc	x11,0xeb1db	 x11=0x6b1db5e0
       9935.000 ns	       992	800005e4	a13f93d3	flt.s	x7,f31,f19	 f31:0x00000000 f19:0x00000000  x7=0x00000000
       9955.000 ns	       994	800005e8	00732233	slt	x4,x6,x7	  x6:0x00000000  x7:0x00000000  x4=0x00000000
       9975.000 ns	       996	800005ec	e0040ad3	fmv.x.w	x21,f8	  f8:0xff7fffff x21=0xff7fffff
      10015.000 ns	      1000	800005f0	18a9f453	fdiv.s	f8,f19,f10	 f19:0x00000000 f10:0x000367d5  f8=0x00000000
      10045.000 ns	      1003	800005f4	0294b8b3	mulhu	x17,x9,x9	  x9:0x00000000  x9:0x00000000 x17=0x00000000
      10075.000 ns	      1006	800005f8	202519d3	fsgnjn.s	f19,f10,f2	 f10:0x000367d5  f2:0x7f7fffff f19=0x800367d5
      10095.000 ns	      1008	800005fc	6ea0ed13	ori	x26,x1,1770	  x1:0xfffffb20 x26=0xffffffea
      10115.000 ns	      1010	80000600	d00ff853	fcvt.s.w	f16,x31	 x31:0x00000002 f16=0x40000000
      10145.000 ns	      1013	80000604	c0048ad3	fcvt.w.s	x21,f9	  f9:0x80000000 x21=0x00000000
      10165.000 ns	      1015	80000608	4140dbb3	sra	x23,x1,x20	  x1:0xfffffb20 x20:0xa202344a x23=0xfffffffe
      10175.000 ns	      1016	8000060c	0148bdb3	sltu	x27,x17,x20	 x17:0x00000000 x20:0xa202344a x27=0x00000001
      10185.000 ns	      1017	80000610	01bc95b3	sll	x11,x25,x27	 x25:0x00000000 x27:0x00000002 x11=0x00000000
      10205.000 ns	      1019	80000614	a0c01c53	flt.s	x24,f0,f12	  f0:0x00000000 f12:0xcefff7e0 x24=0x00000000
      10235.000 ns	      1022	80000618	d01d1153	fcvt.s.wu	f2,x26	 x26:0xffffffea  f2=0x4f7fffff
      10265.000 ns	      1025	8000061c	c006f053	fcvt.w.s	x0,f13	 f13:0xff800000
      10285.000 ns	      1027	80000620	004dde13	srli	x28,x27,0x4	 x27:0x00000001 x28=0x00000000
      10305.000 ns	      1029	80000624	212c0853	fsgnj.s	f16,f24,f18	 f24:0xcf7f8002 f18:0xff800000 f16=0xcf7f8002
      10345.000 ns	      1033	80000628	194796d3	fdiv.s	f13,f15,f20	 f15:0x7fc00000 f20:0xcefff7e0 f13=0x7fc00000
      10365.000 ns	      1035	8000062c	01b51113	slli	x2,x10,0x1b	 x10:0x80040fe4  x2=0x20000000
      10385.000 ns	      1037	80000630	02b4ddb3	divu	x27,x9,x11	  x9:0x00000000 x11:0x00000000 x27=0xffffffff
      10415.000 ns	      1040	80000634	e00e14d3	fclass.s	x9,f28	 f28:0x7fc00000  x9=0x00000200
      10445.000 ns	      1043	80000638	a1c40753	fle.s	x14,f8,f28	  f8:0x00000000 f28:0x7fc00000 x14=0x00000000
      10475.000 ns	      1046	8000063c	a195acd3	feq.s	x25,f11,f25	 f11:0xff800000 f25:0xff800000 x25=0x00000001
      10505.000 ns	      1049	80000640	029e10b3	mulh	x1,x28,x9	 x28:0x00000000  x9:0x00000200  x1=0x00000000
      10525.000 ns	      1051	80000644	2985cc93	xori	x25,x11,664	 x11:0x00000000 x25=0x00000298
      10535.000 ns	      1052	80000648	01159333	sll	x6,x11,x17	 x11:0x00000000 x17:0x00000000  x6=0x00000000
      10545.000 ns	      1053	8000064c	014fb733	sltu	x14,x31,x20	 x31:0x00000002 x20:0xa202344a x14=0x00000001
      10555.000 ns	      1054	80000650	978dbc93	sltiu	x25,x27,-1672	 x27:0xffffffff x25=0x00000000
      10575.000 ns	      1056	80000654	20c02253	fsgnjx.s	f4,f0,f12	  f0:0x00000000 f12:0xcefff7e0  f4=0x80000000
      10625.000 ns	      1061	80000658	09fbf553	fsub.s	f10,f23,f31	 f23:0x7f7fffff f31:0x00000000 f10=0x7f7fffff
      10655.000 ns	      1064	8000065c	d00bf953	fcvt.s.w	f18,x23	 x23:0xfffffffe f18=0xc0000000
      10695.000 ns	      1068	80000660	1017f353	fmul.s	f6,f15,f1	 f15:0x7fc00000  f1:0xbf800000  f6=0x7fc00000
      10715.000 ns	      1070	80000664	00000013	addi	x0,x0,0	  x0:0x00000000
      10735.000 ns	      1072	80000668	02edbe33	mulhu	x28,x27,x14	 x27:0xffffffff x14:0x00000001 x28=0x00000000
      10765.000 ns	      1075	8000066c	e00405d3	fmv.x.w	x11,f8	  f8:0x00000000 x11=0x00000000
      10795.000 ns	      1078	80000670	d007f153	fcvt.s.w	f2,x15	 x15:0xfffff8a3  f2=0xc4eba000
      10825.000 ns	      1081	80000674	f00d0153	fmv.w.x	f2,x26	 x26:0xffffffea  f2=0xffffffea
      10855.000 ns	      1084	80000678	c013f453	fcvt.wu.s	x8,f7	  f7:0x7f7fffff  x8=0xffffffff
      10875.000 ns	      1086	8000067c	96623593	sltiu	x11,x4,-1690	  x4:0x00000000 x11=0x00000001
      10895.000 ns	      1088	80000680	039b2b33	mulhsu	x22,x22,x25	 x22:0x00187e99 x25:0x00000000 x22=0x00000000
      10915.000 ns	      1090	80000684	001adbb3	srl	x23,x21,x1	 x21:0x00000000  x1:0x00000000 x23=0x00000000
      11275.000 ns	      1126	80000688	03bb7833	remu	x16,x22,x27	 x22:0x00000000 x27:0xffffffff x16=0x00000000
      11295.000 ns	      1128	8000068c	b86bfc13	andi	x24,x23,-1146	 x23:0xfffffffe x24=0x00000000
      11315.000 ns	      1130	80000690	e00b9b53	fclass.s	x22,f23	 f23:0x7f7fffff x22=0x00000040
      11345.000 ns	      1133	80000694	02fe9133	mulh	x2,x29,x15	 x29:0x00000000 x15:0xfffff8a3  x2=0x00000000
      11365.000 ns	      1135	80000698	00ad9bb3	sll	x23,x27,x10	 x27:0xffffffff x10:0x80040fe4 x23=0xfffffff0
      11385.000 ns	      1137	8000069c	28ac1153	fmax.s	f2,f24,f10	 f24:0xcf7f8002 f10:0x7f7fffff  f2=0x7f7fffff
      11415.000 ns	      1140	800006a0	2195a953	fsgnjx.s	f18,f11,f25	 f11:0xff800000 f25:0xff800000 f18=0x7f800000
      11445.000 ns	      1143	800006a4	a1fe82d3	fle.s	x5,f29,f31	 f29:0x2a10290d f31:0x00000000  x5=0x00000000
      11475.000 ns	      1146	800006a8	209c8a53	fsgnj.s	f20,f25,f9	 f25:0xff800000  f9:0x80000000 f20=0xff800000
      11505.000 ns	      1149	800006ac	202c0cd3	fsgnj.s	f25,f24,f2	 f24:0xcf7f8002  f2:0x7f7fffff f25=0x4f7f8002
      11535.000 ns	      1152	800006b0	f00b81d3	fmv.w.x	f3,x23	 x23:0xfffffff0  f3=0xfffffff0
      11585.000 ns	      1157	800006b4	086328d3	fsub.s	f17,f6,f6	  f6:0x7fc00000  f6:0x7fc00000 f17=0x7fc00000
      11605.000 ns	      1159	800006b8	00cb76b3	and	x13,x22,x12	 x22:0x00000040 x12:0x7ffffcaa x13=0x00000000
      11625.000 ns	      1161	800006bc	e0048153	fmv.x.w	x2,f9	  f9:0x80000000  x2=0x80000000
      11645.000 ns	      1163	800006c0	004b1713	slli	x14,x22,0x4	 x22:0x00000040 x14=0x00000400
      11655.000 ns	      1164	800006c4	00795ab3	srl	x21,x18,x7	 x18:0x80041024  x7:0x00000000 x21=0x80041024
      11665.000 ns	      1165	800006c8	00a920b3	slt	x1,x18,x10	 x18:0x80041024 x10:0x80040fe4  x1=0x00000000
      11705.000 ns	      1169	800006cc	08544b53	fsub.s	f22,f8,f5	  f8:0x00000000  f5:0x00000000 f22=0x80000000
      11735.000 ns	      1172	800006d0	a0d308d3	fle.s	x17,f6,f13	  f6:0x7fc00000 f13:0x7fc00000 x17=0x00000000
      11755.000 ns	      1174	800006d4	00000013	addi	x0,x0,0	  x0:0x00000000
      11765.000 ns	      1175	800006d8	7d656093	ori	x1,x10,2006	 x10:0x80040fe4  x1=0x80040ff6
      11775.000 ns	      1176	800006dc	0091b633	sltu	x12,x3,x9	  x3:0x00000000  x9:0x00000200 x12=0x00000001
      11785.000 ns	      1177	800006e0	40c5d2b3	sra	x5,x11,x12	 x11:0x00000001 x12:0x7ffffcaa  x5=0x00000000
      11795.000 ns	      1178	800006e4	01c61f93	slli	x31,x12,0x1c	 x12:0x7ffffcaa x31=0x10000000
      11805.000 ns	      1179	800006e8	0090a233	slt	x4,x1,x9	  x1:0x80040ff6  x9:0x00000200  x4=0x00000001
      11815.000 ns	      1180	800006ec	00cb0f33	add	x30,x22,x12	 x22:0x00000040 x12:0x00000001 x30=0x00000041
      11835.000 ns	      1182	800006f0	297388d3	fmin.s	f17,f7,f23	  f7:0x7f7fffff f23:0x7f7fffff f17=0x7f7fffff
      11865.000 ns	      1185	800006f4	205d9553	fsgnjn.s	f10,f27,f5	 f27:0x00000000  f5:0x00000000 f10=0x80000000
      11885.000 ns	      1187	800006f8	a22e3613	sltiu	x12,x28,-1502	 x28:0x00000000 x12=0x00000001
      11905.000 ns	      1189	800006fc	d01899d3	fcvt.s.wu	f19,x17	 x17:0x00000000 f19=0x00000000
      11935.000 ns	      1192	80000700	025a28b3	mulhsu	x17,x20,x5	 x20:0xa202344a  x5:0x00000000 x17=0x00000000
      11985.000 ns	      1197	80000704	096d7fd3	fsub.s	f31,f26,f22	 f26:0x7f7fffff f22:0x80000000 f31=0x7f7fffff
      12015.000 ns	      1200	80000708	0308e1b3	rem	x3,x17,x16	 x17:0x00000000 x16:0x00000000  x3=0x00000000
      12035.000 ns	      1202	8000070c	401f0bb3	sub	x23,x30,x1	 x30:0x00000041  x1:0x80040ff6 x23=0x7ffbf04b
      12045.000 ns	      1203	80000710	015cd413	srli	x8,x25,0x15	 x25:0x00000000  x8=0x00000000
      12075.000 ns	      1206	80000714	190b41d3	fdiv.s	f3,f22,f16	 f22:0x80000000 f16:0xcf7f8002  f3=0x00000000
      12095.000 ns	      1208	80000718	002c1433	sll	x8,x24,x2	 x24:0x00000000  x2:0x80000000  x8=0x00000000
      12105.000 ns	      1209	8000071c	79c4c193	xori	x3,x9,1948	  x9:0x00000200  x3=0x0000059c
      12125.000 ns	      1211	80000720	d010b1d3	fcvt.s.wu	f3,x1	  x1:0x80040ff6  f3=0x4f000410
      12495.000 ns	      1248	80000724	02ae5e33	divu	x28,x28,x10	 x28:0x00000000 x10:0x80040fe4 x28=0x00000000
      12525.000 ns	      1251	80000728	288110d3	fmax.s	f1,f2,f8	  f2:0x7f7fffff  f8:0x00000000  f1=0x7f7fffff
      12895.000 ns	      1288	8000072c	024ddeb3	divu	x29,x27,x4	 x27:0xffffffff  x4:0x00000001 x29=0xffffffff
      12925.000 ns	      1291	80000730	a1661dd3	flt.s	x27,f12,f22	 f12:0xcefff7e0 f22:0x80000000 x27=0x00000001
      12955.000 ns	      1294	80000734	c0018c53	fcvt.w.s	x24,f3	  f3:0x4f000410 x24=0x7fffffff
      12975.000 ns	      1296	80000738	00cf9413	slli	x8,x31,0xc	 x31:0x10000000  x8=0x00000000
      12985.000 ns	      1297	8000073c	00000013	addi	x0,x0,0	  x0:0x00000000
      12995.000 ns	      1298	80000740	012800b3	add	x1,x16,x18	 x16:0x00000000 x18:0x80041024  x1=0x80041024
      13035.000 ns	      1302	80000744	081911d3	fsub.s	f3,f18,f1	 f18:0x7f800000  f1:0x7f7fffff  f3=0x7f800000
      13055.000 ns	      1304	80000748	df847c13	andi	x24,x8,-520	  x8:0x00000000 x24=0x00000000
      13065.000 ns	      1305	8000074c	8ae54213	xori	x4,x10,-1874	 x10:0x80040fe4  x4=0x7ffbf74a
      13085.000 ns	      1307	80000750	21898653	fsgnj.s	f12,f19,f24	 f19:0x00000000 f24:0xcf7f8002 f12=0x80000000
      13115.000 ns	      1310	80000754	e0070153	fmv.x.w	x2,f14	 f14:0x80000000  x2=0x80000000
      13145.000 ns	      1313	80000758	d00929d3	fcvt.s.w	f19,x18	 x18:0x80041024 f19=0xcefff7e0
      13185.000 ns	      1317	8000075c	18cbc453	fdiv.s	f8,f23,f12	 f23:0x7f7fffff f12:0x80000000  f8=0xff800000
      13215.000 ns	      1320	80000760	d011aa53	fcvt.s.wu	f20,x3	  x3:0x0000059c f20=0x44b38000
      13235.000 ns	      1322	80000764	012a1393	slli	x7,x20,0x12	 x20:0xa202344a  x7=0xd1280000
      13255.000 ns	      1324	80000768	d00e0253	fcvt.s.w	f4,x28	 x28:0x00000000  f4=0x00000000
      13285.000 ns	      1327	8000076c	c00176d3	fcvt.w.s	x13,f2	  f2:0x7f7fffff x13=0x7fffffff
      13315.000 ns	      1330	80000770	204206d3	fsgnj.s	f13,f4,f4	  f4:0x00000000  f4:0x00000000 f13=0x00000000
      13335.000 ns	      1332	80000774	82a6cb13	xori	x22,x13,-2006	 x13:0x7fffffff x22=0x800007d5
      13345.000 ns	      1333	80000778	00584ab3	xor	x21,x16,x5	 x16:0x00000000  x5:0x00000000 x21=0x00000000
      13365.000 ns	      1335	8000077c	c00d22d3	fcvt.w.s	x5,f26	 f26:0x7f7fffff  x5=0x7fffffff
      13735.000 ns	      1372	80000780	02f26433	rem	x8,x4,x15	  x4:0x7ffbf74a x15:0xfffff8a3  x8=0x000002b6
      13755.000 ns	      1374	80000784	41535cb3	sra	x25,x6,x21	  x6:0x00000000 x21:0x00000000 x25=0x00000000
      13765.000 ns	      1375	80000788	76439ab7	lui	x21,0x76439	 x21=0x76439000
      13785.000 ns	      1377	8000078c	a0c82253	feq.s	x4,f16,f12	 f16:0xcf7f8002 f12:0x80000000  x4=0x00000000
      13805.000 ns	      1379	80000790	4026d613	srai	x12,x13,0x2	 x13:0x7fffffff x12=0x1fffffff
      13825.000 ns	      1381	80000794	d012f8d3	fcvt.s.wu	f17,x5	  x5:0x7fffffff f17=0x4effffff
      13855.000 ns	      1384	80000798	e0061dd3	fclass.s	x27,f12	 f12:0x80000000 x27=0x00000008
      13875.000 ns	      1386	8000079c	06c32e13	slti	x28,x6,108	  x6:0x00000000 x28=0x00000001
      13885.000 ns	      1387	800007a0	0187fcb3	and	x25,x15,x24	 x15:0xfffff8a3 x24:0x00000000 x25=0x00000000
      14245.000 ns	      1423	800007a4	03dcd333	divu	x6,x25,x29	 x25:0x00000000 x29:0xffffffff  x6=0x00000000
      14295.000 ns	      1428	800007a8	09174c53	fsub.s	f24,f14,f17	 f14:0x80000000 f17:0x4effffff f24=0xceffffff
      14315.000 ns	      1430	800007ac	00b27c33	and	x24,x4,x11	  x4:0x00000000 x11:0x00000001 x24=0x00000000
      14325.000 ns	      1431	800007b0	9e680e93	addi	x29,x16,-1562	 x16:0x00000000 x29=0xfffff9e6
      14335.000 ns	      1432	800007b4	01d39cb3	sll	x25,x7,x29	  x7:0xd1280000 x29:0xffffffff x25=0x4a000000
      14345.000 ns	      1433	800007b8	b0438213	addi	x4,x7,-1276	  x7:0xd1280000  x4=0xd127fb04
      14355.000 ns	      1434	800007bc	2d3eb897	auipc	x17,0x2d3eb	 x17=0xad3eb7bc
      14365.000 ns	      1435	800007c0	0057b5b3	sltu	x11,x15,x5	 x15:0xfffff8a3  x5:0x7fffffff x11=0x00000000
      14375.000 ns	      1436	800007c4	0003d233	srl	x4,x7,x0	  x7:0xd1280000  x0:0x00000000  x4=0xd1280000
      14405.000 ns	      1439	800007c8	11e57a53	fmul.s	f20,f10,f30	 f10:0x80000000 f30:0xc49c0000 f20=0x00000000
      14425.000 ns	      1441	800007cc	40d4d613	srai	x12,x9,0xd	  x9:0x00000200 x12=0x00000000
      14435.000 ns	      1442	800007d0	00232433	slt	x8,x6,x2	  x6:0x00000000  x2:0x80000000  x8=0x00000000
      14445.000 ns	      1443	800007d4	c8408f93	addi	x31,x1,-892	  x1:0x80041024 x31=0x80040ca8
      14455.000 ns	      1444	800007d8	1e39bb37	lui	x22,0x1e39b	 x22=0x1e39b000
      14475.000 ns	      1446	800007dc	c013f353	fcvt.wu.s	x6,f7	  f7:0x7f7fffff  x6=0xffffffff
      14495.000 ns	      1448	800007e0	5e2bb217	auipc	x4,0x5e2bb	  x4=0xde2bb7e0
      14515.000 ns	      1450	800007e4	f00f83d3	fmv.w.x	f7,x31	 x31:0x80040ca8  f7=0x80040ca8
      14545.000 ns	      1453	800007e8	2107a453	fsgnjx.s	f8,f15,f16	 f15:0x7fc00000 f16:0xcf7f8002  f8=0xffc00000
      14575.000 ns	      1456	800007ec	28e59cd3	fmax.s	f25,f11,f14	 f11:0xff800000 f14:0x80000000 f25=0x80000000
      14595.000 ns	      1458	800007f0	006703b3	add	x7,x14,x6	 x14:0x00000400  x6:0xffffffff  x7=0x000003ff
      14625.000 ns	      1461	800007f4	18bd9153	fdiv.s	f2,f27,f11	 f27:0x00000000 f11:0xff800000  f2=0x80000000
      14645.000 ns	      1463	800007f8	40e5d3b3	sra	x7,x11,x14	 x11:0x00000000 x14:0x00000400  x7=0x00000000
      14655.000 ns	      1464	800007fc	405953b3	sra	x7,x18,x5	 x18:0x80041024  x5:0x7fffffff  x7=0xffffffff
      14665.000 ns	      1465	80000800	01a8bab3	sltu	x21,x17,x26	 x17:0xad3eb7bc x26:0xffffffea x21=0x00000001
      14685.000 ns	      1467	80000804	c01e96d3	fcvt.wu.s	x13,f29	 f29:0x2a10290d x13=0x00000000
      14715.000 ns	      1470	80000808	e00d1b53	fclass.s	x22,f26	 f26:0x7f7fffff x22=0x00000040
      14745.000 ns	      1473	8000080c	c017ab53	fcvt.wu.s	x22,f15	 f15:0x7fc00000 x22=0xffffffff
      14765.000 ns	      1475	80000810	41255f13	srai	x30,x10,0x12	 x10:0x80040fe4 x30=0xffffe001
      14775.000 ns	      1476	80000814	8e904193	xori	x3,x0,-1815	  x0:0x00000000  x3=0xfffff8e9
      14785.000 ns	      1477	80000818	011f5b33	srl	x22,x30,x17	 x30:0x00000041 x17:0xad3eb7bc x22=0x0000000f
      14805.000 ns	      1479	8000081c	d001f953	fcvt.s.w	f18,x3	  x3:0x0000059c f18=0xc4e2e000
      14835.000 ns	      1482	80000820	a16d0ad3	fle.s	x21,f26,f22	 f26:0x7f7fffff f22:0x80000000 x21=0x00000000
      15205.000 ns	      1519	80000824	03aec1b3	div	x3,x29,x26	 x29:0xfffff9e6 x26:0xffffffea  x3=0x00000047
      15225.000 ns	      1521	80000828	00fa5833	srl	x16,x20,x15	 x20:0xa202344a x15:0xfffff8a3 x16=0x14404689
      15245.000 ns	      1523	8000082c	a0ba9b53	flt.s	x22,f21,f11	 f21:0x00000000 f11:0xff800000 x22=0x00000000
      15275.000 ns	      1526	80000830	f0098bd3	fmv.w.x	f23,x19	 x19:0x20000000 f23=0x20000000
      15295.000 ns	      1528	80000834	0173c9b3	xor	x19,x7,x23	  x7:0xffffffff x23:0x7ffbf04b x19=0x80040fb4
      15325.000 ns	      1531	80000838	110176d3	fmul.s	f13,f2,f16	  f2:0x80000000 f16:0xcf7f8002 f13=0x00000000
      15345.000 ns	      1533	8000083c	00111893	slli	x17,x2,0x1	  x2:0x80000000 x17=0x00000000
      15705.000 ns	      1569	80000840	0246d033	divu	x0,x13,x4	 x13:0x00000000  x4:0xde2bb7e0
      16075.000 ns	      1606	80000844	0373dcb3	divu	x25,x7,x23	  x7:0xffffffff x23:0x7ffbf04b x25=0x00000002
      16095.000 ns	      1608	80000848	00da9633	sll	x12,x21,x13	 x21:0x00000000 x13:0x00000000 x12=0x00000000
      16115.000 ns	      1610	8000084c	e0030653	fmv.x.w	x12,f6	  f6:0x7fc00000 x12=0x7fc00000
      16135.000 ns	      1612	80000850	40f50f33	sub	x30,x10,x15	 x10:0x80040fe4 x15:0xfffff8a3 x30=0x80041741
      16145.000 ns	      1613	80000854	b33292b7	lui	x5,0xb3329	  x5=0xb3329000
      16155.000 ns	      1614	80000858	1ffe6293	ori	x5,x28,511	 x28:0x00000001  x5=0x000001ff
      16185.000 ns	      1617	8000085c	580223d3	fsqrt.s	f7,f4	  f4:0x00000000  f7=0x00000000
      16215.000 ns	      1620	80000860	212b1153	fsgnjn.s	f2,f22,f18	 f22:0x80000000 f18:0xc4e2e000  f2=0x00000000
      16265.000 ns	      1625	80000864	01808153	fadd.s	f2,f1,f24	  f1:0x7f7fffff f24:0xceffffff  f2=0x7f7fffff
      16285.000 ns	      1627	80000868	51e97d93	andi	x27,x18,1310	 x18:0x80041024 x27=0x00000004
      16295.000 ns	      1628	8000086c	5fac6693	ori	x13,x24,1530	 x24:0x00000000 x13=0x000005fa
      16305.000 ns	      1629	80000870	401ad4b3	sra	x9,x21,x1	 x21:0x00000000  x1:0x80041024  x9=0x00000000
      16665.000 ns	      1665	80000874	03257e33	remu	x28,x10,x18	 x10:0x80040fe4 x18:0x80041024 x28=0x80040fe4
      16685.000 ns	      1667	80000878	01dc54b3	srl	x9,x24,x29	 x24:0x00000000 x29:0xfffff9e6  x9=0x00000000
      16695.000 ns	      1668	8000087c	0000ccb3	xor	x25,x1,x0	  x1:0x80041024  x0:0x00000000 x25=0x80041024
      16715.000 ns	      1670	80000880	296b11d3	fmax.s	f3,f22,f22	 f22:0x80000000 f22:0x80000000  f3=0x80000000
      17085.000 ns	      1707	80000884	02c8cab3	div	x21,x17,x12	 x17:0x00000000 x12:0x7fc00000 x21=0x00000000
      17105.000 ns	      1709	80000888	017495b3	sll	x11,x9,x23	  x9:0x00000000 x23:0x7ffbf04b x11=0x00000000
      17125.000 ns	      1711	8000088c	03550db3	mul	x27,x10,x21	 x10:0x80040fe4 x21:0x00000000 x27=0x00000000
      17495.000 ns	      1748	80000890	03e9f133	remu	x2,x19,x30	 x19:0x80040fb4 x30:0x80041741  x2=0x80040fb4
      17545.000 ns	      1753	80000894	0928fa53	fsub.s	f20,f17,f18	 f17:0x4effffff f18:0xc4e2e000 f20=0x4f000006
      17595.000 ns	      1758	80000898	01b8f4d3	fadd.s	f9,f17,f27	 f17:0x4effffff f27:0x00000000  f9=0x4effffff
      17965.000 ns	      1795	8000089c	0275f8b3	remu	x17,x11,x7	 x11:0x00000000  x7:0xffffffff x17=0x00000000
      17995.000 ns	      1798	800008a0	02d20f33	mul	x30,x4,x13	  x4:0xde2bb7e0 x13:0x000005fa x30=0xd148f0c0
      18025.000 ns	      1801	800008a4	d002b6d3	fcvt.s.w	f13,x5	  x5:0x000001ff f13=0x43ff8000
      18055.000 ns	      1804	800008a8	a13c9dd3	flt.s	x27,f25,f19	 f25:0x80000000 f19:0xcefff7e0 x27=0x00000000
      18425.000 ns	      1841	800008ac	033f65b3	rem	x11,x30,x19	 x30:0xd148f0c0 x19:0x80040fb4 x11=0xd148f0c0
      18455.000 ns	      1844	800008b0	d0047cd3	fcvt.s.w	f25,x8	  x8:0x00000000 f25=0x00000000
      19635.000 ns	      1962	800008b4	580eba53	fsqrt.s	f20,f29	 f29:0x2a10290d f20=0x344bdf00
      19665.000 ns	      1965	800008b8	c00475d3	fcvt.w.s	x11,f8	  f8:0xffc00000 x11=0x7fffffff
      19695.000 ns	      1968	800008bc	a0a38e53	fle.s	x28,f7,f10	  f7:0x00000000 f10:0x80000000 x28=0x00000001
      19715.000 ns	      1970	800008c0	016f5a93	srli	x21,x30,0x16	 x30:0xd148f0c0 x21=0x00000345
      19725.000 ns	      1971	800008c4	01ee9b33	sll	x22,x29,x30	 x29:0xfffff9e6 x30:0xd148f0c0 x22=0xfffff9e6
      19745.000 ns	      1973	800008c8	e00193d3	fclass.s	x7,f3	  f3:0x80000000  x7=0x00000008
      19775.000 ns	      1976	800008cc	f00001d3	fmv.w.x	f3,x0	  x0:0x00000000  f3=0x00000000
      19795.000 ns	      1978	800008d0	936c0a93	addi	x21,x24,-1738	 x24:0x00000000 x21=0xfffff936
      19805.000 ns	      1979	800008d4	00b94cb3	xor	x25,x18,x11	 x18:0x80041024 x11:0x7fffffff x25=0xfffbefdb
      19815.000 ns	      1980	800008d8	00ac1693	slli	x13,x24,0xa	 x24:0x00000000 x13=0x00000000
      19835.000 ns	      1982	800008dc	a0b318d3	flt.s	x17,f6,f11	  f6:0x7fc00000 f11:0xff800000 x17=0x00000000
      19865.000 ns	      1985	800008e0	03913c33	mulhu	x24,x2,x25	  x2:0x80040fb4 x25:0xfffbefdb x24=0x80020790
      19895.000 ns	      1988	800008e4	c00e32d3	fcvt.w.s	x5,f28	 f28:0x7fc00000  x5=0x7fffffff
      19915.000 ns	      1990	800008e8	01f527b3	slt	x15,x10,x31	 x10:0x80040fe4 x31:0x80040ca8 x15=0x00000000
      20275.000 ns	      2026	800008ec	03d64d33	div	x26,x12,x29	 x12:0x7fc00000 x29:0xfffff9e6 x26=0xffeb1010
      20325.000 ns	      2031	800008f0	01e2b6d3	fadd.s	f13,f5,f30	  f5:0x00000000 f30:0xc49c0000 f13=0xc49c0000
      20345.000 ns	      2033	800008f4	01652133	slt	x2,x10,x22	 x10:0x80040fe4 x22:0xfffff9e6  x2=0x00000001
      20375.000 ns	      2036	800008f8	195d0753	fdiv.s	f14,f26,f21	 f26:0x7f7fffff f21:0x00000000 f14=0x7f800000
      20405.000 ns	      2039	800008fc	03a687b3	mul	x15,x13,x26	 x13:0x00000000 x26:0xffeb1010 x15=0x00000000
      20775.000 ns	      2076	80000900	03afc433	div	x8,x31,x26	 x31:0x80040ca8 x26:0xffeb1010  x8=0x0000061c
      20795.000 ns	      2078	80000904	76d6deb7	lui	x29,0x76d6d	 x29=0x76d6d000
      20805.000 ns	      2079	80000908	01887cb3	and	x25,x16,x24	 x16:0x14404689 x24:0x80020790 x25=0x00000680
      20815.000 ns	      2080	8000090c	41020e93	addi	x29,x4,1040	  x4:0xde2bb7e0 x29=0xde2bbbf0
      20825.000 ns	      2081	80000910	4120de93	srai	x29,x1,0x12	  x1:0x80041024 x29=0xffffe001
      20845.000 ns	      2083	80000914	e00e1f53	fclass.s	x30,f28	 f28:0x7fc00000 x30=0x00000200
      20875.000 ns	      2086	80000918	d00e4653	fcvt.s.w	f12,x28	 x28:0x00000001 f12=0x3f800000
      20905.000 ns	      2089	8000091c	c001f4d3	fcvt.w.s	x9,f3	  f3:0x00000000  x9=0x00000000
      20925.000 ns	      2091	80000920	1d399637	lui	x12,0x1d399	 x12=0x1d399000
      20935.000 ns	      2092	80000924	003e7333	and	x6,x28,x3	 x28:0x00000001  x3:0x00000047  x6=0x00000001
      20945.000 ns	      2093	80000928	00000013	addi	x0,x0,0	  x0:0x00000000
      20965.000 ns	      2095	8000092c	c01c7dd3	fcvt.wu.s	x27,f24	 f24:0xceffffff x27=0x7fffff80
      20995.000 ns	      2098	80000930	28c09f53	fmax.s	f30,f1,f12	  f1:0x7f7fffff f12:0x3f800000 f30=0x7f7fffff
      21025.000 ns	      2101	80000934	03d612b3	mulh	x5,x12,x29	 x12:0x1d399000 x29:0xffffe001  x5=0xfffffc58
      21055.000 ns	      2104	80000938	d0071553	fcvt.s.w	f10,x14	 x14:0x00000400 f10=0x44800000
      21075.000 ns	      2106	8000093c	0192a4b3	slt	x9,x5,x25	  x5:0xfffffc58 x25:0x00000680  x9=0x00000001
      21095.000 ns	      2108	80000940	d00c2553	fcvt.s.w	f10,x24	 x24:0x80020790 f10=0xcefffbf1
      21465.000 ns	      2145	80000944	024f5733	divu	x14,x30,x4	 x30:0x00000200  x4:0xde2bb7e0 x14=0x00000000
      21495.000 ns	      2148	80000948	c000fc53	fcvt.w.s	x24,f1	  f1:0x7f7fffff x24=0x7fffffff
      21515.000 ns	      2150	8000094c	49532313	slti	x6,x6,1173	  x6:0x00000001  x6=0x00000001
      22685.000 ns	      2267	80000950	5800a7d3	fsqrt.s	f15,f1	  f1:0x7f7fffff f15=0x5f350461
      22705.000 ns	      2269	80000954	d70e2f93	slti	x31,x28,-656	 x28:0x00000001 x31=0x00000000
      22715.000 ns	      2270	80000958	4062df93	srai	x31,x5,0x6	  x5:0xfffffc58 x31=0xfffffff1
      22725.000 ns	      2271	8000095c	000f5f33	srl	x30,x30,x0	 x30:0x00000200  x0:0x00000000 x30=0x00000200
      22745.000 ns	      2273	80000960	a13a0bd3	fle.s	x23,f20,f19	 f20:0x344bdf00 f19:0xcefff7e0 x23=0x00000000
      22765.000 ns	      2275	80000964	410f51b3	sra	x3,x30,x16	 x30:0x00000200 x16:0x14404689  x3=0x00000001
      22795.000 ns	      2278	80000968	58033f53	fsqrt.s	f30,f6	  f6:0x7fc00000 f30=0x7fc00000
      22825.000 ns	      2281	8000096c	a0639ad3	flt.s	x21,f7,f6	  f7:0x00000000  f6:0x7fc00000 x21=0x00000000
      22845.000 ns	      2283	80000970	018af333	and	x6,x21,x24	 x21:0xfffff936 x24:0x7fffffff  x6=0x00000000
      22865.000 ns	      2285	80000974	20662053	fsgnjx.s	f0,f12,f6	 f12:0x3f800000  f6:0x7fc00000  f0=0x3f800000
      22895.000 ns	      2288	80000978	03c88eb3	mul	x29,x17,x28	 x17:0x00000000 x28:0x00000001 x29=0x00000000
      22915.000 ns	      2290	8000097c	403152b3	sra	x5,x2,x3	  x2:0x00000001  x3:0x00000001  x5=0x00000000
      22935.000 ns	      2292	80000980	e0088153	fmv.x.w	x2,f17	 f17:0x4effffff  x2=0x4effffff
      22955.000 ns	      2294	80000984	013ba3b3	slt	x7,x23,x19	 x23:0x00000000 x19:0x80040fb4  x7=0x00000000
      22975.000 ns	      2296	80000988	02f92fb3	mulhsu	x31,x18,x15	 x18:0x80041024 x15:0x00000000 x31=0x00000000
      22995.000 ns	      2298	8000098c	00a83bb3	sltu	x23,x16,x10	 x16:0x14404689 x10:0x80040fe4 x23=0x00000001
      23005.000 ns	      2299	80000990	0aa0e813	ori	x16,x1,170	  x1:0x80041024 x16=0x800410ae
      23015.000 ns	      2300	80000994	01e2dc33	srl	x24,x5,x30	  x5:0x00000000 x30:0x00000200 x24=0x00000000
      23035.000 ns	      2302	80000998	c0077153	fcvt.w.s	x2,f14	 f14:0x7f800000  x2=0x7fffffff
      23055.000 ns	      2304	8000099c	41d75113	srai	x2,x14,0x1d	 x14:0x00000000  x2=0x00000000
      23065.000 ns	      2305	800009a0	408c8fb3	sub	x31,x25,x8	 x25:0x00000680  x8:0x0000061c x31=0x00000064
      23085.000 ns	      2307	800009a4	a06b2153	feq.s	x2,f22,f6	 f22:0x80000000  f6:0x7fc00000  x2=0x00000000
      23105.000 ns	      2309	800009a8	413ed633	sra	x12,x29,x19	 x29:0x00000000 x19:0x80040fb4 x12=0x00000000
      23125.000 ns	      2311	800009ac	a1509dd3	flt.s	x27,f1,f21	  f1:0x7f7fffff f21:0x00000000 x27=0x00000000
      23155.000 ns	      2314	800009b0	02229333	mulh	x6,x5,x2	  x5:0x00000000  x2:0x00000000  x6=0x00000000
      23175.000 ns	      2316	800009b4	0054e3b3	or	x7,x9,x5	  x9:0x00000001  x5:0x00000000  x7=0x00000001
      23185.000 ns	      2317	800009b8	00ad3833	sltu	x16,x26,x10	 x26:0xffeb1010 x10:0x80040fe4 x16=0x00000000
      23205.000 ns	      2319	800009bc	03a031b3	mulhu	x3,x0,x26	  x0:0x00000000 x26:0xffeb1010  x3=0x00000000
      23235.000 ns	      2322	800009c0	207fafd3	fsgnjx.s	f31,f31,f7	 f31:0x7f7fffff  f7:0x00000000 f31=0x7f7fffff
      23255.000 ns	      2324	800009c4	01d8c633	xor	x12,x17,x29	 x17:0x00000000 x29:0x00000000 x12=0x00000000
      23265.000 ns	      2325	800009c8	01e8bab3	sltu	x21,x17,x30	 x17:0x00000000 x30:0x00000200 x21=0x00000001
      23285.000 ns	      2327	800009cc	a05d1fd3	flt.s	x31,f26,f5	 f26:0x7f7fffff  f5:0x00000000 x31=0x00000000
      23325.000 ns	      2331	800009d0	580576d3	fsqrt.s	f13,f10	 f10:0xcefffbf1 f13=0x7fc00000
      23345.000 ns	      2333	800009d4	41b1d113	srai	x2,x3,0x1b	  x3:0x00000000  x2=0x00000000
      23365.000 ns	      2335	800009d8	20329753	fsgnjn.s	f14,f5,f3	  f5:0x00000000  f3:0x00000000 f14=0x80000000
      23405.000 ns	      2339	800009dc	103e83d3	fmul.s	f7,f29,f3	 f29:0x2a10290d  f3:0x00000000  f7=0x00000000
      23425.000 ns	      2341	800009e0	00e44bb3	xor	x23,x8,x14	  x8:0x0000061c x14:0x00000000 x23=0x0000061c
      23435.000 ns	      2342	800009e4	0034beb3	sltu	x29,x9,x3	  x9:0x00000001  x3:0x00000000 x29=0x00000000
      23445.000 ns	      2343	800009e8	8ae73393	sltiu	x7,x14,-1874	 x14:0x00000000  x7=0x00000001
      23455.000 ns	      2344	800009ec	0193a2b3	slt	x5,x7,x25	  x7:0x00000001 x25:0x00000680  x5=0x00000001
      23475.000 ns	      2346	800009f0	21441ed3	fsgnjn.s	f29,f8,f20	  f8:0xffc00000 f20:0x344bdf00 f29=0xffc00000
      23845.000 ns	      2383	800009f4	0290ceb3	div	x29,x1,x9	  x1:0x80041024  x9:0x00000001 x29=0x80041024
      23875.000 ns	      2386	800009f8	d007c553	fcvt.s.w	f10,x15	 x15:0x00000000 f10=0x00000000
      23895.000 ns	      2388	800009fc	00e45993	srli	x19,x8,0xe	  x8:0x0000061c x19=0x00000000
      23935.000 ns	      2392	80000a00	091f47d3	fsub.s	f15,f30,f17	 f30:0x7fc00000 f17:0x4effffff f15=0x7fc00000
      23955.000 ns	      2394	80000a04	e4c8b213	sltiu	x4,x17,-436	 x17:0x00000000  x4=0x00000001
      23965.000 ns	      2395	80000a08	00ee1d93	slli	x27,x28,0xe	 x28:0x00000001 x27=0x00004000
      23985.000 ns	      2397	80000a0c	c00c85d3	fcvt.w.s	x11,f25	 f25:0x00000000 x11=0x00000000
      24005.000 ns	      2399	80000a10	0137cb33	xor	x22,x15,x19	 x15:0x00000000 x19:0x00000000 x22=0x00000000
      24015.000 ns	      2400	80000a14	004dcd13	xori	x26,x27,4	 x27:0x00004000 x26=0x00004004
      24035.000 ns	      2402	80000a18	e00a9353	fclass.s	x6,f21	 f21:0x00000000  x6=0x00000010
      24065.000 ns	      2405	80000a1c	a12205d3	fle.s	x11,f4,f18	  f4:0x00000000 f18:0xc4e2e000 x11=0x00000000
      24095.000 ns	      2408	80000a20	a09a0c53	fle.s	x24,f20,f9	 f20:0x344bdf00  f9:0x4effffff x24=0x00000001
      24125.000 ns	      2411	80000a24	028b38b3	mulhu	x17,x22,x8	 x22:0x00000000  x8:0x0000061c x17=0x00000000
      24145.000 ns	      2413	80000a28	01e59693	slli	x13,x11,0x1e	 x11:0x00000000 x13=0x00000000
      24155.000 ns	      2414	80000a2c	017ff633	and	x12,x31,x23	 x31:0x00000000 x23:0x0000061c x12=0x00000000
      24515.000 ns	      2450	80000a30	0285df33	divu	x30,x11,x8	 x11:0x00000000  x8:0x0000061c x30=0x00000000
      24545.000 ns	      2453	80000a34	28429ad3	fmax.s	f21,f5,f4	  f5:0x00000000  f4:0x00000000 f21=0x00000000
      24565.000 ns	      2455	80000a38	01691d33	sll	x26,x18,x22	 x18:0x80041024 x22:0x00000000 x26=0x80041024
      24585.000 ns	      2457	80000a3c	e0000d53	fmv.x.w	x26,f0	  f0:0x3f800000 x26=0x3f800000
      24605.000 ns	      2459	80000a40	c9ad8497	auipc	x9,0xc9ad8	  x9=0x49ad8a40
      24625.000 ns	      2461	80000a44	281797d3	fmax.s	f15,f15,f1	 f15:0x7fc00000  f1:0x7f7fffff f15=0x7f7fffff
      24645.000 ns	      2463	80000a48	01a56233	or	x4,x10,x26	 x10:0x80040fe4 x26:0x3f800000  x4=0xbf840fe4
      25815.000 ns	      2580	80000a4c	5800fdd3	fsqrt.s	f27,f1	  f1:0x7f7fffff f27=0x5f350461
      25845.000 ns	      2583	80000a50	03e83333	mulhu	x6,x16,x30	 x16:0x00000000 x30:0x00000000  x6=0x00000000
      25865.000 ns	      2585	80000a54	006ef793	andi	x15,x29,6	 x29:0x80041024 x15=0x00000004
      25885.000 ns	      2587	80000a58	21ff0353	fsgnj.s	f6,f30,f31	 f30:0x7fc00000 f31:0x7f7fffff  f6=0x7fc00000
      25905.000 ns	      2589	80000a5c	00000013	addi	x0,x0,0	  x0:0x00000000
      25925.000 ns	      2591	80000a60	a155a7d3	feq.s	x15,f11,f21	 f11:0xff800000 f21:0x00000000 x15=0x00000000
      25965.000 ns	      2595	80000a64	58087753	fsqrt.s	f14,f16	 f16:0xcf7f8002 f14=0x7fc00000
      25995.000 ns	      2598	80000a68	a1e6acd3	feq.s	x25,f13,f30	 f13:0x7fc00000 f30:0x7fc00000 x25=0x00000000
      26025.000 ns	      2601	80000a6c	c00b83d3	fcvt.w.s	x7,f23	 f23:0x20000000  x7=0x00000000
      26055.000 ns	      2604	80000a70	0270fcb3	remu	x25,x1,x7	  x1:0x80041024  x7:0x00000001 x25=0x80041024
      26085.000 ns	      2607	80000a74	a0a62853	feq.s	x16,f12,f10	 f12:0x3f800000 f10:0x00000000 x16=0x00000000
      26105.000 ns	      2609	80000a78	00bc04b3	add	x9,x24,x11	 x24:0x00000001 x11:0x00000000  x9=0x00000001
      26115.000 ns	      2610	80000a7c	019fe833	or	x16,x31,x25	 x31:0x00000000 x25:0x80041024 x16=0x80041024
      26125.000 ns	      2611	80000a80	26663993	sltiu	x19,x12,614	 x12:0x00000000 x19=0x00000001
      26145.000 ns	      2613	80000a84	e0070b53	fmv.x.w	x22,f14	 f14:0x7fc00000 x22=0x7fc00000
      26165.000 ns	      2615	80000a88	39da1f97	auipc	x31,0x39da1	 x31=0xb9da1a88
      26185.000 ns	      2617	80000a8c	285e8cd3	fmin.s	f25,f29,f5	 f29:0xffc00000  f5:0x00000000 f25=0x00000000
      26205.000 ns	      2619	80000a90	d916c113	xori	x2,x13,-623	 x13:0x00000000  x2=0xfffffd91
      26225.000 ns	      2621	80000a94	21e89153	fsgnjn.s	f2,f17,f30	 f17:0x4effffff f30:0x7fc00000  f2=0xceffffff
      26265.000 ns	      2625	80000a98	10353d53	fmul.s	f26,f10,f3	 f10:0x00000000  f3:0x00000000 f26=0x00000000
      26285.000 ns	      2627	80000a9c	01494bb3	xor	x23,x18,x20	 x18:0x80041024 x20:0xa202344a x23=0x2206246e
      26305.000 ns	      2629	80000aa0	03eae4b3	rem	x9,x21,x30	 x21:0x00000001 x30:0x00000000  x9=0x00000001
      26335.000 ns	      2632	80000aa4	21391c53	fsgnjn.s	f24,f18,f19	 f18:0xc4e2e000 f19:0xcefff7e0 f24=0x44e2e000
      26365.000 ns	      2635	80000aa8	d00af553	fcvt.s.w	f10,x21	 x21:0x00000001 f10=0x3f800000
      26385.000 ns	      2637	80000aac	005ea7b3	slt	x15,x29,x5	 x29:0x80041024  x5:0x00000001 x15=0x00000001
      26425.000 ns	      2641	80000ab0	00cfb5d3	fadd.s	f11,f31,f12	 f31:0x7f7fffff f12:0x3f800000 f11=0x7f7fffff
      26445.000 ns	      2643	80000ab4	ea7fc813	xori	x16,x31,-345	 x31:0xb9da1a88 x16=0x4625e42f
      26465.000 ns	      2645	80000ab8	e00791d3	fclass.s	x3,f15	 f15:0x7f7fffff  x3=0x00000040
      26495.000 ns	      2648	80000abc	d01c34d3	fcvt.s.wu	f9,x24	 x24:0x00000001  f9=0x3f800000
      26515.000 ns	      2650	80000ac0	010e2733	slt	x14,x28,x16	 x28:0x00000001 x16:0x4625e42f x14=0x00000001
      26875.000 ns	      2686	80000ac4	03be4ab3	div	x21,x28,x27	 x28:0x00000001 x27:0x00004000 x21=0x00000000
      26895.000 ns	      2688	80000ac8	417309b7	lui	x19,0x41730	 x19=0x41730000
      26915.000 ns	      2690	80000acc	a0c7a9d3	feq.s	x19,f15,f12	 f15:0x7f7fffff f12:0x3f800000 x19=0x00000000
      26935.000 ns	      2692	80000ad0	00000013	addi	x0,x0,0	  x0:0x00000000
      26955.000 ns	      2694	80000ad4	02639133	mulh	x2,x7,x6	  x7:0x00000000  x6:0x00000000  x2=0x00000000
      26975.000 ns	      2696	80000ad8	009a9413	slli	x8,x21,0x9	 x21:0x00000000  x8=0x00000000
      27335.000 ns	      2732	80000adc	0237de33	divu	x28,x15,x3	 x15:0x00000001  x3:0x00000040 x28=0x00000000
      27365.000 ns	      2735	80000ae0	03a53db3	mulhu	x27,x10,x26	 x10:0x80040fe4 x26:0x3f800000 x27=0x1fc101f1
      27395.000 ns	      2738	80000ae4	03e609b3	mul	x19,x12,x30	 x12:0x00000000 x30:0x00000000 x19=0x00000000
      27415.000 ns	      2740	80000ae8	5b9efe13	andi	x28,x29,1465	 x29:0x80041024 x28=0x00000020
      27425.000 ns	      2741	80000aec	005c9193	slli	x3,x25,0x5	 x25:0x80041024  x3=0x00820480
      27785.000 ns	      2777	80000af0	0238f433	remu	x8,x17,x3	 x17:0x00000000  x3:0x00000040  x8=0x00000000
      27805.000 ns	      2779	80000af4	40b45f93	srai	x31,x8,0xb	  x8:0x00000000 x31=0x00000000
      27815.000 ns	      2780	80000af8	1c48fe13	andi	x28,x17,452	 x17:0x00000000 x28=0x00000000
      27825.000 ns	      2781	80000afc	0198e833	or	x16,x17,x25	 x17:0x00000000 x25:0x80041024 x16=0x80041024
      27845.000 ns	      2783	80000b00	a0858353	fle.s	x6,f11,f8	 f11:0x7f7fffff  f8:0xffc00000  x6=0x00000000
      27875.000 ns	      2786	80000b04	d00d7ed3	fcvt.s.w	f29,x26	 x26:0x3f800000 f29=0x4e7e0000
      27895.000 ns	      2788	80000b08	015ef2b3	and	x5,x29,x21	 x29:0x80041024 x21:0x00000000  x5=0x00000000
      27915.000 ns	      2790	80000b0c	d014b953	fcvt.s.wu	f18,x9	  x9:0x00000001 f18=0x3f800000
      27945.000 ns	      2793	80000b10	290d1453	fmax.s	f8,f26,f16	 f26:0x00000000 f16:0xcf7f8002  f8=0x00000000
      27965.000 ns	      2795	80000b14	003d5213	srli	x4,x26,0x3	 x26:0x3f800000  x4=0x07f00000
      27985.000 ns	      2797	80000b18	023817b3	mulh	x15,x16,x3	 x16:0x80041024  x3:0x00820480 x15=0xffbeffd0
      28015.000 ns	      2800	80000b1c	03709bb3	mulh	x23,x1,x23	  x1:0x80041024 x23:0x2206246e x23=0xeefd7806
      28035.000 ns	      2802	80000b20	41925313	srai	x6,x4,0x19	  x4:0x07f00000  x6=0x00000003
      28075.000 ns	      2806	80000b24	08b17f53	fsub.s	f30,f2,f11	  f2:0xceffffff f11:0x7f7fffff f30=0xff7fffff
      28095.000 ns	      2808	80000b28	00000013	addi	x0,x0,0	  x0:0x00000000
      28115.000 ns	      2810	80000b2c	e00b1353	fclass.s	x6,f22	 f22:0x80000000  x6=0x00000008
      28485.000 ns	      2847	80000b30	032555b3	divu	x11,x10,x18	 x10:0x80040fe4 x18:0x80041024 x11=0x00000000
      28505.000 ns	      2849	80000b34	41d6d993	srai	x19,x13,0x1d	 x13:0x00000000 x19=0x00000000
      28525.000 ns	      2851	80000b38	e00d8c53	fmv.x.w	x24,f27	 f27:0x5f350461 x24=0x5f350461
      28545.000 ns	      2853	80000b3c	00a247b3	xor	x15,x4,x10	  x4:0x07f00000 x10:0x80040fe4 x15=0x87f40fe4
      28575.000 ns	      2856	80000b40	185936d3	fdiv.s	f13,f18,f5	 f18:0x3f800000  f5:0x00000000 f13=0x7f800000
      28595.000 ns	      2858	80000b44	852f6293	ori	x5,x30,-1966	 x30:0x00000000  x5=0xfffff852
      28615.000 ns	      2860	80000b48	d01a1ed3	fcvt.s.wu	f29,x20	 x20:0xa202344a f29=0x4f220234
      28955.000 ns	      2894	80000b4c	19b67a53	fdiv.s	f20,f12,f27	 f12:0x3f800000 f27:0x5f350461 f20=0x1f800000
      28975.000 ns	      2896	80000b50	012926b3	slt	x13,x18,x18	 x18:0x80041024 x18:0x80041024 x13=0x00000000
      28995.000 ns	      2898	80000b54	02d10433	mul	x8,x2,x13	  x2:0x00000000 x13:0x00000000  x8=0x00000000
      29015.000 ns	      2900	80000b58	0189bab3	sltu	x21,x19,x24	 x19:0x00000000 x24:0x5f350461 x21=0x00000001
      29035.000 ns	      2902	80000b5c	29771fd3	fmax.s	f31,f14,f23	 f14:0x7fc00000 f23:0x20000000 f31=0x20000000
      29085.000 ns	      2907	80000b60	0838fe53	fsub.s	f28,f17,f3	 f17:0x4effffff  f3:0x00000000 f28=0x4effffff
      29135.000 ns	      2912	80000b64	01f9fed3	fadd.s	f29,f19,f31	 f19:0xcefff7e0 f31:0x20000000 f29=0xcefff7e0
      29165.000 ns	      2915	80000b68	02cc42b3	div	x5,x24,x12	 x24:0x5f350461 x12:0x00000000  x5=0xffffffff
      29195.000 ns	      2918	80000b6c	29681a53	fmax.s	f20,f16,f22	 f16:0xcf7f8002 f22:0x80000000 f20=0x80000000
      30375.000 ns	      3036	80000b70	580c30d3	fsqrt.s	f1,f24	 f24:0x44e2e000  f1=0x422a6949
      30395.000 ns	      3038	80000b74	405a5db3	sra	x27,x20,x5	 x20:0xa202344a  x5:0xffffffff x27=0xffffffff
      30415.000 ns	      3040	80000b78	a07ba7d3	feq.s	x15,f23,f7	 f23:0x20000000  f7:0x00000000 x15=0x00000000
      30435.000 ns	      3042	80000b7c	1d714413	xori	x8,x2,471	  x2:0x00000000  x8=0x000001d7
      30445.000 ns	      3043	80000b80	018866b3	or	x13,x16,x24	 x16:0x80041024 x24:0x5f350461 x13=0xdf351465
      30455.000 ns	      3044	80000b84	6ecbbc13	sltiu	x24,x23,1772	 x23:0xeefd7806 x24=0x00000000
      30465.000 ns	      3045	80000b88	42fa6313	ori	x6,x20,1071	 x20:0xa202344a  x6=0xa202346f
      30475.000 ns	      3046	80000b8c	402d07b3	sub	x15,x26,x2	 x26:0x3f800000  x2:0x00000000 x15=0x3f800000
      30835.000 ns	      3082	80000b90	03b2f5b3	remu	x11,x5,x27	  x5:0xffffffff x27:0xffffffff x11=0x00000000
      31205.000 ns	      3119	80000b94	03bcfb33	remu	x22,x25,x27	 x25:0x80041024 x27:0xffffffff x22=0x80041024
      31235.000 ns	      3122	80000b98	20672053	fsgnjx.s	f0,f14,f6	 f14:0x7fc00000  f6:0x7fc00000  f0=0x7fc00000
      31255.000 ns	      3124	80000b9c	00cd98b3	sll	x17,x27,x12	 x27:0xffffffff x12:0x00000000 x17=0xffffffff
      31275.000 ns	      3126	80000ba0	a0fa80d3	fle.s	x1,f21,f15	 f21:0x00000000 f15:0x7f7fffff  x1=0x00000001
      31305.000 ns	      3129	80000ba4	e00415d3	fclass.s	x11,f8	  f8:0x00000000 x11=0x00000010
      31335.000 ns	      3132	80000ba8	a0090cd3	fle.s	x25,f18,f0	 f18:0x3f800000  f0:0x7fc00000 x25=0x00000000
      31365.000 ns	      3135	80000bac	29cb8953	fmin.s	f18,f23,f28	 f23:0x20000000 f28:0x4effffff f18=0x20000000
      31395.000 ns	      3138	80000bb0	d012fbd3	fcvt.s.wu	f23,x5	  x5:0xffffffff f23=0x4f7fffff
      31415.000 ns	      3140	80000bb4	d626f113	andi	x2,x13,-670	 x13:0xdf351465  x2=0xdf351460
      31455.000 ns	      3144	80000bb8	01cb7653	fadd.s	f12,f22,f28	 f22:0x80000000 f28:0x4effffff f12=0x4effffff
      31475.000 ns	      3146	80000bbc	630bab13	slti	x22,x23,1584	 x23:0xeefd7806 x22=0x00000001
      31495.000 ns	      3148	80000bc0	f0040253	fmv.w.x	f4,x8	  x8:0x000001d7  f4=0x000001d7
      31515.000 ns	      3150	80000bc4	00615f33	srl	x30,x2,x6	  x2:0xdf351460  x6:0xa202346f x30=0x0001be6a
      31535.000 ns	      3152	80000bc8	a1fb1f53	flt.s	x30,f22,f31	 f22:0x80000000 f31:0x20000000 x30=0x00000001
      31905.000 ns	      3189	80000bcc	03726f33	rem	x30,x4,x23	  x4:0x07f00000 x23:0xeefd7806 x30=0x07f00000
      31935.000 ns	      3192	80000bd0	03fa37b3	mulhu	x15,x20,x31	 x20:0xa202344a x31:0x00000000 x15=0x00000000
      32305.000 ns	      3229	80000bd4	025c6fb3	rem	x31,x24,x5	 x24:0x00000000  x5:0xffffffff x31=0x00000000
      32675.000 ns	      3266	80000bd8	03d34db3	div	x27,x6,x29	  x6:0xa202346f x29:0x80041024 x27=0x00000000
      32695.000 ns	      3268	80000bdc	001c4b33	xor	x22,x24,x1	 x24:0x00000000  x1:0x00000001 x22=0x00000001
      32705.000 ns	      3269	80000be0	008f5493	srli	x9,x30,0x8	 x30:0x07f00000  x9=0x0007f000
      33065.000 ns	      3305	80000be4	02e054b3	divu	x9,x0,x14	  x0:0x00000000 x14:0x00000001  x9=0x00000000
      33105.000 ns	      3309	80000be8	580013d3	fsqrt.s	f7,f0	  f0:0x7fc00000  f7=0x7fc00000
      33125.000 ns	      3311	80000bec	00a2cf33	xor	x30,x5,x10	  x5:0xffffffff x10:0x80040fe4 x30=0x7ffbf01b
      33145.000 ns	      3313	80000bf0	e00905d3	fmv.x.w	x11,f18	 f18:0x20000000 x11=0x20000000
      33175.000 ns	      3316	80000bf4	0247b9b3	mulhu	x19,x15,x4	 x15:0x00000000  x4:0x07f00000 x19=0x00000000
      33205.000 ns	      3319	80000bf8	a04b8353	fle.s	x6,f23,f4	 f23:0x4f7fffff  f4:0x000001d7  x6=0x00000000
      33225.000 ns	      3321	80000bfc	00dde8b3	or	x17,x27,x13	 x27:0x00000000 x13:0xdf351465 x17=0xdf351465
      33235.000 ns	      3322	80000c00	00957833	and	x16,x10,x9	 x10:0x80040fe4  x9:0x00000000 x16=0x00000000
      33265.000 ns	      3325	80000c04	188a34d3	fdiv.s	f9,f20,f8	 f20:0x80000000  f8:0x00000000  f9=0x7fc00000
      33285.000 ns	      3327	80000c08	0081d093	srli	x1,x3,0x8	  x3:0x00820480  x1=0x00008204
      33305.000 ns	      3329	80000c0c	a0d2af53	feq.s	x30,f5,f13	  f5:0x00000000 f13:0x7f800000 x30=0x00000000
      33345.000 ns	      3333	80000c10	110677d3	fmul.s	f15,f12,f16	 f12:0x4effffff f16:0xcf7f8002 f15=0xdeff8001
      33365.000 ns	      3335	80000c14	5a02c693	xori	x13,x5,1440	  x5:0xffffffff x13=0xfffffa5f
      33395.000 ns	      3338	80000c18	10497253	fmul.s	f4,f18,f4	 f18:0x20000000  f4:0x000001d7  f4=0x00000000
      33425.000 ns	      3341	80000c1c	281e04d3	fmin.s	f9,f28,f1	 f28:0x4effffff  f1:0x422a6949  f9=0x422a6949
      33445.000 ns	      3343	80000c20	005f9d93	slli	x27,x31,0x5	 x31:0x00000000 x27=0x00000000
      33455.000 ns	      3344	80000c24	012e1a93	slli	x21,x28,0x12	 x28:0x00000000 x21=0x00000000
      33465.000 ns	      3345	80000c28	ef0c0d93	addi	x27,x24,-272	 x24:0x00000000 x27=0xfffffef0
      33495.000 ns	      3348	80000c2c	580cf353	fsqrt.s	f6,f25	 f25:0x00000000  f6=0x00000000
      33535.000 ns	      3352	80000c30	18b20653	fdiv.s	f12,f4,f11	  f4:0x00000000 f11:0x7f7fffff f12=0x00000000
      33555.000 ns	      3354	80000c34	00920033	add	x0,x4,x9	  x4:0x07f00000  x9:0x00000000
      33565.000 ns	      3355	80000c38	00531ab3	sll	x21,x6,x5	  x6:0x00000000  x5:0xffffffff x21=0x00000000
      33925.000 ns	      3391	80000c3c	028cc233	div	x4,x25,x8	 x25:0x00000000  x8:0x000001d7  x4=0x00000000
      33955.000 ns	      3394	80000c40	d019f5d3	fcvt.s.wu	f11,x19	 x19:0x00000000 f11=0x00000000
      33975.000 ns	      3396	80000c44	b4594a93	xori	x21,x18,-1211	 x18:0x80041024 x21=0x7ffbeb61
      33985.000 ns	      3397	80000c48	01249593	slli	x11,x9,0x12	  x9:0x00000000 x11=0x00000000
      33995.000 ns	      3398	80000c4c	4a1fcf17	auipc	x30,0x4a1fc	 x30=0xca1fcc4c
      34015.000 ns	      3400	80000c50	c009f353	fcvt.w.s	x6,f19	 f19:0xcefff7e0  x6=0x7ffbf000
      34045.000 ns	      3403	80000c54	03ed2b33	mulhsu	x22,x26,x30	 x26:0x3f800000 x30:0x00000000 x22=0x3222e32c
      34415.000 ns	      3440	80000c58	0281deb3	divu	x29,x3,x8	  x3:0x00820480  x8:0x000001d7 x29=0x000046aa
      34435.000 ns	      3442	80000c5c	015ab333	sltu	x6,x21,x21	 x21:0x7ffbeb61 x21:0x7ffbeb61  x6=0x00000000
      34445.000 ns	      3443	80000c60	014c9293	slli	x5,x25,0x14	 x25:0x00000000  x5=0x00000000
      34455.000 ns	      3444	80000c64	01f51cb3	sll	x25,x10,x31	 x10:0x80040fe4 x31:0x00000000 x25=0x80040fe4
      34485.000 ns	      3447	80000c68	107512d3	fmul.s	f5,f10,f7	 f10:0x3f800000  f7:0x7fc00000  f5=0x7fc00000
      34515.000 ns	      3450	80000c6c	204e03d3	fsgnj.s	f7,f28,f4	 f28:0x4effffff  f4:0x00000000  f7=0x4effffff
      34545.000 ns	      3453	80000c70	a0e4a7d3	feq.s	x15,f9,f14	  f9:0x422a6949 f14:0x7fc00000 x15=0x00000000
      34575.000 ns	      3456	80000c74	03a3ae33	mulhsu	x28,x7,x26	  x7:0x00000000 x26:0x3f800000 x28=0x00000000
      34945.000 ns	      3493	80000c78	032aedb3	rem	x27,x21,x18	 x21:0x7ffbeb61 x18:0x80041024 x27=0x7ffbeb61
      34975.000 ns	      3496	80000c7c	0261d133	divu	x2,x3,x6	  x3:0x00820480  x6:0x00000000  x2=0xffffffff
      34995.000 ns	      3498	80000c80	41b25113	srai	x2,x4,0x1b	  x4:0x00000000  x2=0x00000000
      35005.000 ns	      3499	80000c84	01d8c9b3	xor	x19,x17,x29	 x17:0xdf351465 x29:0x000046aa x19=0xdf3552cf
      35015.000 ns	      3500	80000c88	ead18213	addi	x4,x3,-339	  x3:0x00820480  x4=0x0082032d
      35035.000 ns	      3502	80000c8c	e00d0ed3	fmv.x.w	x29,f26	 f26:0x00000000 x29=0x00000000
      35075.000 ns	      3506	80000c90	58034c53	fsqrt.s	f24,f6	  f6:0x00000000 f24=0x00000000
      35105.000 ns	      3509	80000c94	d0097bd3	fcvt.s.w	f23,x18	 x18:0x80041024 f23=0xcefff7df
      35125.000 ns	      3511	80000c98	00359333	sll	x6,x11,x3	 x11:0x00000000  x3:0x00820480  x6=0x00000000
      35135.000 ns	      3512	80000c9c	018a5eb3	srl	x29,x20,x24	 x20:0xa202344a x24:0x00000000 x29=0xa202344a
      35155.000 ns	      3514	80000ca0	c0042253	fcvt.w.s	x4,f8	  f8:0x00000000  x4=0x00000000
      35175.000 ns	      3516	80000ca4	00d02733	slt	x14,x0,x13	  x0:0x00000000 x13:0xfffffa5f x14=0x00000000
      35185.000 ns	      3517	80000ca8	4187d793	srai	x15,x15,0x18	 x15:0x00000000 x15=0x00000000
      35195.000 ns	      3518	80000cac	003f1ab3	sll	x21,x30,x3	 x30:0xca1fcc4c  x3:0x00820480 x21=0xca1fcc4c
      35215.000 ns	      3520	80000cb0	a0d58653	fle.s	x12,f11,f13	 f11:0x00000000 f13:0x7f800000 x12=0x00000001
      35265.000 ns	      3525	80000cb4	09657d53	fsub.s	f26,f10,f22	 f10:0x3f800000 f22:0x80000000 f26=0x3f800000
      35305.000 ns	      3529	80000cb8	11107653	fmul.s	f12,f0,f17	  f0:0x7fc00000 f17:0x4effffff f12=0x7fc00000
      35335.000 ns	      3532	80000cbc	a1f818d3	flt.s	x17,f16,f31	 f16:0xcf7f8002 f31:0x20000000 x17=0x00000001
      35355.000 ns	      3534	80000cc0	400cd333	sra	x6,x25,x0	 x25:0x80040fe4  x0:0x00000000  x6=0x80040fe4
      35365.000 ns	      3535	80000cc4	008282b3	add	x5,x5,x8	  x5:0x00000000  x8:0x000001d7  x5=0x000001d7
      35375.000 ns	      3536	80000cc8	01b14bb3	xor	x23,x2,x27	  x2:0x00000000 x27:0x7ffbeb61 x23=0x7ffbeb61
      35405.000 ns	      3539	80000ccc	10d3a153	fmul.s	f2,f7,f13	  f7:0x4effffff f13:0x7f800000  f2=0x7f800000
      35775.000 ns	      3576	80000cd0	03e5cb33	div	x22,x11,x30	 x11:0x00000000 x30:0xca1fcc4c x22=0x00000000
      35795.000 ns	      3578	80000cd4	01042eb3	slt	x29,x8,x16	  x8:0x000001d7 x16:0x00000000 x29=0x00000000
      35815.000 ns	      3580	80000cd8	e0010653	fmv.x.w	x12,f2	  f2:0x7f800000 x12=0x7f800000
      35845.000 ns	      3583	80000cdc	f00d8f53	fmv.w.x	f30,x27	 x27:0x7ffbeb61 f30=0x7ffbeb61
      35885.000 ns	      3587	80000ce0	19b6a9d3	fdiv.s	f19,f13,f27	 f13:0x7f800000 f27:0x5f350461 f19=0x7f800000
      35915.000 ns	      3590	80000ce4	29841b53	fmax.s	f22,f8,f24	  f8:0x00000000 f24:0x00000000 f22=0x00000000
      35945.000 ns	      3593	80000ce8	e0068bd3	fmv.x.w	x23,f13	 f13:0x7f800000 x23=0x7f800000
      35975.000 ns	      3596	80000cec	209c87d3	fsgnj.s	f15,f25,f9	 f25:0x00000000  f9:0x422a6949 f15=0x00000000
      36005.000 ns	      3599	80000cf0	03f46d33	rem	x26,x8,x31	  x8:0x000001d7 x31:0x00000000 x26=0x000001d7
      36035.000 ns	      3602	80000cf4	c0062353	fcvt.w.s	x6,f12	 f12:0x7fc00000  x6=0x7fffffff
      36055.000 ns	      3604	80000cf8	01e11833	sll	x16,x2,x30	  x2:0x00000000 x30:0xca1fcc4c x16=0x00000000
      36065.000 ns	      3605	80000cfc	5c67ab93	slti	x23,x15,1478	 x15:0x00000000 x23=0x00000001
      36095.000 ns	      3608	80000d00	19e2b7d3	fdiv.s	f15,f5,f30	  f5:0x7fc00000 f30:0x7ffbeb61 f15=0x7fc00000
      36125.000 ns	      3611	80000d04	21a692d3	fsgnjn.s	f5,f13,f26	 f13:0x7f800000 f26:0x3f800000  f5=0xff800000
      36145.000 ns	      3613	80000d08	00515e93	srli	x29,x2,0x5	  x2:0x00000000 x29=0x00000000
      36165.000 ns	      3615	80000d0c	d019aa53	fcvt.s.wu	f20,x19	 x19:0xdf3552cf f20=0x4f5f3553
      36195.000 ns	      3618	80000d10	02b63f33	mulhu	x30,x12,x11	 x12:0x7f800000 x11:0x00000000 x30=0x00000000
      36215.000 ns	      3620	80000d14	00000013	addi	x0,x0,0	  x0:0x00000000
      36225.000 ns	      3621	80000d18	92e12a93	slti	x21,x2,-1746	  x2:0x00000000 x21=0x00000000
      36235.000 ns	      3622	80000d1c	017c1c13	slli	x24,x24,0x17	 x24:0x00000000 x24=0x00000000
      36255.000 ns	      3624	80000d20	c0019153	fcvt.w.s	x2,f3	  f3:0x00000000  x2=0x00000000
      36285.000 ns	      3627	80000d24	03262db3	mulhsu	x27,x12,x18	 x12:0x7f800000 x18:0x80041024 x27=0x3fc20609
      36305.000 ns	      3629	80000d28	01505f33	srl	x30,x0,x21	  x0:0x00000000 x21:0x00000000 x30=0x00000000
      36325.000 ns	      3631	80000d2c	f0030a53	fmv.w.x	f20,x6	  x6:0x7fffffff f20=0x7fffffff
      36345.000 ns	      3633	80000d30	41bc5493	srai	x9,x24,0x1b	 x24:0x00000000  x9=0x00000000
      36365.000 ns	      3635	80000d34	c017f8d3	fcvt.wu.s	x17,f15	 f15:0x7fc00000 x17=0xffffffff
      36385.000 ns	      3637	80000d38	52724c93	xori	x25,x4,1319	  x4:0x00000000 x25=0x00000527
      36405.000 ns	      3639	80000d3c	02deb133	mulhu	x2,x29,x13	 x29:0x00000000 x13:0xfffffa5f  x2=0x00000000
      36435.000 ns	      3642	80000d40	020af2b3	remu	x5,x21,x0	 x21:0x00000000  x0:0x00000000  x5=0x00000000
      36455.000 ns	      3644	80000d44	0195c7b3	xor	x15,x11,x25	 x11:0x00000000 x25:0x00000527 x15=0x00000527
      36465.000 ns	      3645	80000d48	018803b3	add	x7,x16,x24	 x16:0x00000000 x24:0x00000000  x7=0x00000000
      36475.000 ns	      3646	80000d4c	00000013	addi	x0,x0,0	  x0:0x00000000
      36495.000 ns	      3648	80000d50	a04f8cd3	fle.s	x25,f31,f4	 f31:0x20000000  f4:0x00000000 x25=0x00000000
      36525.000 ns	      3651	80000d54	a11fa2d3	feq.s	x5,f31,f17	 f31:0x20000000 f17:0x4effffff  x5=0x00000000
      36545.000 ns	      3653	80000d58	00342b33	slt	x22,x8,x3	  x8:0x000001d7  x3:0x00820480 x22=0x00000001
      36555.000 ns	      3654	80000d5c	4db33f13	sltiu	x30,x6,1243	  x6:0x7fffffff x30=0x00000000
      36585.000 ns	      3657	80000d60	11542ad3	fmul.s	f21,f8,f21	  f8:0x00000000 f21:0x00000000 f21=0x00000000
      36605.000 ns	      3659	80000d64	01c17db3	and	x27,x2,x28	  x2:0x00000000 x28:0x00000000 x27=0x00000000
      36625.000 ns	      3661	80000d68	207b13d3	fsgnjn.s	f7,f22,f7	 f22:0x00000000  f7:0x4effffff  f7=0x80000000
      36655.000 ns	      3664	80000d6c	02fcabb3	mulhsu	x23,x25,x15	 x25:0x00000000 x15:0x00000527 x23=0x00000000
      36685.000 ns	      3667	80000d70	21d284d3	fsgnj.s	f9,f5,f29	  f5:0xff800000 f29:0xcefff7e0  f9=0xff800000
      36715.000 ns	      3670	80000d74	e00a0353	fmv.x.w	x6,f20	 f20:0x7fffffff  x6=0x7fffffff
      36745.000 ns	      3673	80000d78	295e02d3	fmin.s	f5,f28,f21	 f28:0x4effffff f21:0x00000000  f5=0x00000000
      36775.000 ns	      3676	80000d7c	a18ea653	feq.s	x12,f29,f24	 f29:0xcefff7e0 f24:0x00000000 x12=0x00000000
      36795.000 ns	      3678	80000d80	40ec5c33	sra	x24,x24,x14	 x24:0x00000000 x14:0x00000000 x24=0x00000000
      36805.000 ns	      3679	80000d84	34daf193	andi	x3,x21,845	 x21:0x00000000  x3=0x00000000
      36825.000 ns	      3681	80000d88	217194d3	fsgnjn.s	f9,f3,f23	  f3:0x00000000 f23:0xcefff7df  f9=0x00000000
      36855.000 ns	      3684	80000d8c	f0090953	fmv.w.x	f18,x18	 x18:0x80041024 f18=0x80041024
      36885.000 ns	      3687	80000d90	c00ff4d3	fcvt.w.s	x9,f31	 f31:0x20000000  x9=0x00000000
      36915.000 ns	      3690	80000d94	e00e9ad3	fclass.s	x21,f29	 f29:0xcefff7e0 x21=0x00000002
      36935.000 ns	      3692	80000d98	018bd813	srli	x16,x23,0x18	 x23:0x00000000 x16=0x00000000
      36945.000 ns	      3693	80000d9c	001cddb3	srl	x27,x25,x1	 x25:0x00000000  x1:0x00008204 x27=0x00000000
      36965.000 ns	      3695	80000da0	02c43e33	mulhu	x28,x8,x12	  x8:0x000001d7 x12:0x00000000 x28=0x00000000
      37335.000 ns	      3732	80000da4	03ac4eb3	div	x29,x24,x26	 x24:0x00000000 x26:0x000001d7 x29=0x00000000
      37365.000 ns	      3735	80000da8	a15c25d3	feq.s	x11,f24,f21	 f24:0x00000000 f21:0x00000000 x11=0x00000001
      37385.000 ns	      3737	80000dac	21f72317	auipc	x6,0x21f72	  x6=0xa1f72dac
      37405.000 ns	      3739	80000db0	02c65bb3	divu	x23,x12,x12	 x12:0x00000000 x12:0x00000000 x23=0xffffffff
      38585.000 ns	      3857	80000db4	580fbc53	fsqrt.s	f24,f31	 f31:0x20000000 f24=0x2f350482
      38605.000 ns	      3859	80000db8	004d4cb3	xor	x25,x26,x4	 x26:0x000001d7  x4:0x00000000 x25=0x000001d7
      38615.000 ns	      3860	80000dbc	01a8ff33	and	x30,x17,x26	 x17:0xffffffff x26:0x000001d7 x30=0x000001d7
      38975.000 ns	      3896	80000dc0	0288f333	remu	x6,x17,x8	 x17:0xffffffff  x8:0x000001d7  x6=0x000000f9
      39015.000 ns	      3900	80000dc4	5809f5d3	fsqrt.s	f11,f19	 f19:0x7f800000 f11=0x7f800000
      39035.000 ns	      3902	80000dc8	017312b3	sll	x5,x6,x23	  x6:0x000000f9 x23:0xffffffff  x5=0x80000000
      39045.000 ns	      3903	80000dcc	1f712997	auipc	x19,0x1f712	 x19=0x9f712dcc
      39055.000 ns	      3904	80000dd0	01cd5f93	srli	x31,x26,0x1c	 x26:0x000001d7 x31=0x00000000
      39075.000 ns	      3906	80000dd4	02309833	mulh	x16,x1,x3	  x1:0x00008204  x3:0x00000000 x16=0x00000000
      39095.000 ns	      3908	80000dd8	409c5633	sra	x12,x24,x9	 x24:0x00000000  x9:0x00000000 x12=0x00000000
      39105.000 ns	      3909	80000ddc	2c3503b7	lui	x7,0x2c350	  x7=0x2c350000
      39465.000 ns	      3945	80000de0	034bd0b3	divu	x1,x23,x20	 x23:0xffffffff x20:0xa202344a  x1=0x00000001
      39485.000 ns	      3947	80000de4	c76f4813	xori	x16,x30,-906	 x30:0x000001d7 x16=0xfffffda1
      39495.000 ns	      3948	80000de8	300d7893	andi	x17,x26,768	 x26:0x000001d7 x17=0x00000100
      39515.000 ns	      3950	80000dec	f00f8ad3	fmv.w.x	f21,x31	 x31:0x00000000 f21=0x00000000
      39545.000 ns	      3953	80000df0	c0193b53	fcvt.wu.s	x22,f18	 f18:0x80041024 x22=0x00000000
      39565.000 ns	      3955	80000df4	00f92033	slt	x0,x18,x15	 x18:0x80041024 x15:0x00000527
      39575.000 ns	      3956	80000df8	00de7b33	and	x22,x28,x13	 x28:0x00000000 x13:0xfffffa5f x22=0x00000000
      39585.000 ns	      3957	80000dfc	000cb613	sltiu	x12,x25,0	 x25:0x000001d7 x12=0x00000000
      39605.000 ns	      3959	80000e00	e00a0153	fmv.x.w	x2,f20	 f20:0x7fffffff  x2=0x7fffffff
      39625.000 ns	      3961	80000e04	00315233	srl	x4,x2,x3	  x2:0x00000000  x3:0x00000000  x4=0x7fffffff
      39645.000 ns	      3963	80000e08	02342cb3	mulhsu	x25,x8,x3	  x8:0x000001d7  x3:0x00000000 x25=0x00000000
      39685.000 ns	      3967	80000e0c	18547e53	fdiv.s	f28,f8,f5	  f8:0x00000000  f5:0x00000000 f28=0x7fc00000
      39705.000 ns	      3969	80000e10	40c8de13	srai	x28,x17,0xc	 x17:0x00000100 x28=0x00000000
      39725.000 ns	      3971	80000e14	c0062053	fcvt.w.s	x0,f12	 f12:0x7fc00000
      39745.000 ns	      3973	80000e18	11b30f13	addi	x30,x6,283	  x6:0x000000f9 x30=0x00000214
      39775.000 ns	      3976	80000e1c	5801f853	fsqrt.s	f16,f3	  f3:0x00000000 f16=0x00000000
      39795.000 ns	      3978	80000e20	00000013	addi	x0,x0,0	  x0:0x00000000
      39805.000 ns	      3979	80000e24	019a70b3	and	x1,x20,x25	 x20:0xa202344a x25:0x00000000  x1=0x00000000
      40165.000 ns	      4015	80000e28	03176b33	rem	x22,x14,x17	 x14:0x00000000 x17:0x00000100 x22=0x00000000
      40185.000 ns	      4017	80000e2c	99e87393	andi	x7,x16,-1634	 x16:0xfffffda1  x7=0xfffff980
      40545.000 ns	      4053	80000e30	02d06f33	rem	x30,x0,x13	  x0:0x00000000 x13:0xfffffa5f x30=0x00000000
      40575.000 ns	      4056	80000e34	21be0653	fsgnj.s	f12,f28,f27	 f28:0x7fc00000 f27:0x5f350461 f12=0x7fc00000
      40625.000 ns	      4061	80000e38	01949553	fadd.s	f10,f9,f25	  f9:0x00000000 f25:0x00000000 f10=0x00000000
      40645.000 ns	      4063	80000e3c	005afd33	and	x26,x21,x5	 x21:0x00000002  x5:0x80000000 x26=0x00000000
      40685.000 ns	      4067	80000e40	01257a53	fadd.s	f20,f10,f18	 f10:0x00000000 f18:0x80041024 f20=0x80041024
      40715.000 ns	      4070	80000e44	21448ad3	fsgnj.s	f21,f9,f20	  f9:0x00000000 f20:0x7fffffff f21=0x80000000
      40735.000 ns	      4072	80000e48	00e4ddb3	srl	x27,x9,x14	  x9:0x00000000 x14:0x00000000 x27=0x00000000
      40755.000 ns	      4074	80000e4c	2036a553	fsgnjx.s	f10,f13,f3	 f13:0x7f800000  f3:0x00000000 f10=0x7f800000
      40785.000 ns	      4077	80000e50	a1f30653	fle.s	x12,f6,f31	  f6:0x00000000 f31:0x20000000 x12=0x00000001
      40835.000 ns	      4082	80000e54	09700353	fsub.s	f6,f0,f23	  f0:0x7fc00000 f23:0xcefff7df  f6=0x7fc00000
      40855.000 ns	      4084	80000e58	884dbb13	sltiu	x22,x27,-1916	 x27:0x00000000 x22=0x00000001
      40865.000 ns	      4085	80000e5c	63898d37	lui	x26,0x63898	 x26=0x63898000
      40885.000 ns	      4087	80000e60	025da6b3	mulhsu	x13,x27,x5	 x27:0x00000000  x5:0x80000000 x13=0x00000000
      40915.000 ns	      4090	80000e64	02b32733	mulhsu	x14,x6,x11	  x6:0x000000f9 x11:0x00000001 x14=0x00000000
      40935.000 ns	      4092	80000e68	b7ea7f13	andi	x30,x20,-1154	 x20:0xa202344a x30=0xa202304a
      40965.000 ns	      4095	80000e6c	196e7153	fdiv.s	f2,f28,f22	 f28:0x7fc00000 f22:0x00000000  f2=0x7fc00000
      40985.000 ns	      4097	80000e70	41a15013	srai	x0,x2,0x1a	  x2:0x7fffffff
      41005.000 ns	      4099	80000e74	e0059153	fclass.s	x2,f11	 f11:0x7f800000  x2=0x00000080
      41375.000 ns	      4136	80000e78	03055ab3	divu	x21,x10,x16	 x10:0x80040fe4 x16:0xfffffda1 x21=0x00000000
      41395.000 ns	      4138	80000e7c	419fd693	srai	x13,x31,0x19	 x31:0x00000000 x13=0x00000000
      41415.000 ns	      4140	80000e80	291205d3	fmin.s	f11,f4,f17	  f4:0x00000000 f17:0x4effffff f11=0x00000000
      41445.000 ns	      4143	80000e84	f00586d3	fmv.w.x	f13,x11	 x11:0x00000001 f13=0x00000001
      41465.000 ns	      4145	80000e88	002fdd13	srli	x26,x31,0x2	 x31:0x00000000 x26=0x00000000
      41485.000 ns	      4147	80000e8c	21f42f53	fsgnjx.s	f30,f8,f31	  f8:0x00000000 f31:0x20000000 f30=0x00000000
      41515.000 ns	      4150	80000e90	d00547d3	fcvt.s.w	f15,x10	 x10:0x80040fe4 f15=0xcefff7e0
      41535.000 ns	      4152	80000e94	01fa0033	add	x0,x20,x31	 x20:0xa202344a x31:0x00000000
      41555.000 ns	      4154	80000e98	20b18653	fsgnj.s	f12,f3,f11	  f3:0x00000000 f11:0x00000000 f12=0x00000000
      41575.000 ns	      4156	80000e9c	011b18b3	sll	x17,x22,x17	 x22:0x00000001 x17:0x00000100 x17=0x00000001
      41585.000 ns	      4157	80000ea0	012a2ab3	slt	x21,x20,x18	 x20:0xa202344a x18:0x80041024 x21=0x00000000
      41605.000 ns	      4159	80000ea4	03aa1e33	mulh	x28,x20,x26	 x20:0xa202344a x26:0x00000000 x28=0x00000000
      41635.000 ns	      4162	80000ea8	03ad9d33	mulh	x26,x27,x26	 x27:0x00000000 x26:0x00000000 x26=0x00000000
      41655.000 ns	      4164	80000eac	013c66b3	or	x13,x24,x19	 x24:0x00000000 x19:0x9f712dcc x13=0x9f712dcc
      41695.000 ns	      4168	80000eb0	00d4a153	fadd.s	f2,f9,f13	  f9:0x00000000 f13:0x00000001  f2=0x00000001
      41715.000 ns	      4170	80000eb4	02bda893	slti	x17,x27,43	 x27:0x00000000 x17=0x00000001
      41725.000 ns	      4171	80000eb8	41858d33	sub	x26,x11,x24	 x11:0x00000001 x24:0x00000000 x26=0x00000001
      41745.000 ns	      4173	80000ebc	e00495d3	fclass.s	x11,f9	  f9:0x00000000 x11=0x00000010
      41775.000 ns	      4176	80000ec0	21879453	fsgnjn.s	f8,f15,f24	 f15:0xcefff7e0 f24:0x2f350482  f8=0xcefff7e0
      41795.000 ns	      4178	80000ec4	0176da93	srli	x21,x13,0x17	 x13:0x9f712dcc x21=0x0000013e
      41815.000 ns	      4180	80000ec8	a10b1bd3	flt.s	x23,f22,f16	 f22:0x00000000 f16:0x00000000 x23=0x00000000
      41845.000 ns	      4183	80000ecc	a0ed2053	feq.s	x0,f26,f14	 f26:0x3f800000 f14:0x7fc00000
      41865.000 ns	      4185	80000ed0	51c4eb93	ori	x23,x9,1308	  x9:0x00000000 x23=0x0000051c
      41875.000 ns	      4186	80000ed4	0039e733	or	x14,x19,x3	 x19:0x9f712dcc  x3:0x00000000 x14=0x9f712dcc
      41905.000 ns	      4189	80000ed8	10107253	fmul.s	f4,f0,f1	  f0:0x7fc00000  f1:0x422a6949  f4=0x7fc00000
      41925.000 ns	      4191	80000edc	00fbcdb3	xor	x27,x23,x15	 x23:0x0000051c x15:0x00000527 x27=0x0000003b
      41935.000 ns	      4192	80000ee0	40ae5493	srai	x9,x28,0xa	 x28:0x00000000  x9=0x00000000
      41965.000 ns	      4195	80000ee4	1869b453	fdiv.s	f8,f19,f6	 f19:0x7f800000  f6:0x7fc00000  f8=0x7fc00000
      41995.000 ns	      4198	80000ee8	29d392d3	fmax.s	f5,f7,f29	  f7:0x80000000 f29:0xcefff7e0  f5=0x80000000
      42025.000 ns	      4201	80000eec	023fa4b3	mulhsu	x9,x31,x3	 x31:0x00000000  x3:0x00000000  x9=0x00000000
      42055.000 ns	      4204	80000ef0	20b22053	fsgnjx.s	f0,f4,f11	  f4:0x7fc00000 f11:0x00000000  f0=0x7fc00000
      42085.000 ns	      4207	80000ef4	d01ffb53	fcvt.s.wu	f22,x31	 x31:0x00000000 f22=0x00000000
      42125.000 ns	      4211	80000ef8	18e27dd3	fdiv.s	f27,f4,f14	  f4:0x7fc00000 f14:0x7fc00000 f27=0x7fc00000
      42155.000 ns	      4214	80000efc	02c78e33	mul	x28,x15,x12	 x15:0x00000527 x12:0x00000001 x28=0x00000527
      42175.000 ns	      4216	80000f00	01f9da93	srli	x21,x19,0x1f	 x19:0x9f712dcc x21=0x00000001
      42185.000 ns	      4217	80000f04	22abe293	ori	x5,x23,554	 x23:0x0000051c  x5=0x0000073e
      42205.000 ns	      4219	80000f08	031316b3	mulh	x13,x6,x17	  x6:0x000000f9 x17:0x00000001 x13=0x00000000
      42245.000 ns	      4223	80000f0c	19967753	fdiv.s	f14,f12,f25	 f12:0x00000000 f25:0x00000000 f14=0x7fc00000
      42265.000 ns	      4225	80000f10	2dd63993	sltiu	x19,x12,733	 x12:0x00000001 x19=0x00000001
      42275.000 ns	      4226	80000f14	d539e493	ori	x9,x19,-685	 x19:0x9f712dcc  x9=0xfffffd53
      42285.000 ns	      4227	80000f18	40d7d8b3	sra	x17,x15,x13	 x15:0x00000527 x13:0x00000000 x17=0x00000527
      42305.000 ns	      4229	80000f1c	a1b2ab53	feq.s	x22,f5,f27	  f5:0x80000000 f27:0x7fc00000 x22=0x00000000
      42335.000 ns	      4232	80000f20	c00824d3	fcvt.w.s	x9,f16	 f16:0x00000000  x9=0x00000000
      42355.000 ns	      4234	80000f24	3b3c2713	slti	x14,x24,947	 x24:0x00000000 x14=0x00000001
      42715.000 ns	      4270	80000f28	0339d0b3	divu	x1,x19,x19	 x19:0x00000001 x19:0x00000001  x1=0x00000001
      42745.000 ns	      4273	80000f2c	02c51333	mulh	x6,x10,x12	 x10:0x80040fe4 x12:0x00000001  x6=0xffffffff
      42765.000 ns	      4275	80000f30	010611b3	sll	x3,x12,x16	 x12:0x00000001 x16:0xfffffda1  x3=0x00000002
      42785.000 ns	      4277	80000f34	29898cd3	fmin.s	f25,f19,f24	 f19:0x7f800000 f24:0x2f350482 f25=0x2f350482
      43155.000 ns	      4314	80000f38	0356e133	rem	x2,x13,x21	 x13:0x00000000 x21:0x00000001  x2=0x00000000
      43195.000 ns	      4318	80000f3c	5809f8d3	fsqrt.s	f17,f19	 f19:0x7f800000 f17=0x7f800000
      43225.000 ns	      4321	80000f40	d01d2453	fcvt.s.wu	f8,x26	 x26:0x00000001  f8=0x3f800000
      43255.000 ns	      4324	80000f44	a0fc0253	fle.s	x4,f24,f15	 f24:0x2f350482 f15:0xcefff7e0  x4=0x00000000
      43285.000 ns	      4327	80000f48	025488b3	mul	x17,x9,x5	  x9:0x00000000  x5:0x0000073e x17=0x00000000
      43305.000 ns	      4329	80000f4c	99a98697	auipc	x13,0x99a98	 x13=0x19a98f4c
      43665.000 ns	      4365	80000f50	025ad4b3	divu	x9,x21,x5	 x21:0x00000001  x5:0x0000073e  x9=0x00000000
      43715.000 ns	      4370	80000f54	0049f0d3	fadd.s	f1,f19,f4	 f19:0x7f800000  f4:0x7fc00000  f1=0x7fc00000
      43735.000 ns	      4372	80000f58	01e78333	add	x6,x15,x30	 x15:0x00000527 x30:0xa202304a  x6=0xa2023571
      43745.000 ns	      4373	80000f5c	012a86b3	add	x13,x21,x18	 x21:0x00000001 x18:0x80041024 x13=0x80041025
      43765.000 ns	      4375	80000f60	02712733	mulhsu	x14,x2,x7	  x2:0x00000000  x7:0xfffff980 x14=0x00000000
      43795.000 ns	      4378	80000f64	024756b3	divu	x13,x14,x4	 x14:0x00000001  x4:0x00000000 x13=0xffffffff
      43825.000 ns	      4381	80000f68	038b54b3	divu	x9,x22,x24	 x22:0x00000000 x24:0x00000000  x9=0xffffffff
      43855.000 ns	      4384	80000f6c	036f7333	remu	x6,x30,x22	 x30:0xa202304a x22:0x00000000  x6=0xa202304a
      43885.000 ns	      4387	80000f70	d014af53	fcvt.s.wu	f30,x9	  x9:0xffffffff f30=0x4f800000
      43905.000 ns	      4389	80000f74	01ff1db3	sll	x27,x30,x31	 x30:0xa202304a x31:0x00000000 x27=0xa202304a
      43925.000 ns	      4391	80000f78	280b1053	fmax.s	f0,f22,f0	 f22:0x00000000  f0:0x7fc00000  f0=0x00000000
      43955.000 ns	      4394	80000f7c	a08f0ad3	fle.s	x21,f30,f8	 f30:0x4f800000  f8:0x3f800000 x21=0x00000000
      43975.000 ns	      4396	80000f80	00903633	sltu	x12,x0,x9	  x0:0x00000000  x9:0xffffffff x12=0x00000001
      44005.000 ns	      4399	80000f84	11dd0d53	fmul.s	f26,f26,f29	 f26:0x3f800000 f29:0xcefff7e0 f26=0xcefff7e0
      44025.000 ns	      4401	80000f88	bc72c993	xori	x19,x5,-1081	  x5:0x0000073e x19=0xfffffcf9
      44035.000 ns	      4402	80000f8c	013c1313	slli	x6,x24,0x13	 x24:0x00000000  x6=0x00000000
      44055.000 ns	      4404	80000f90	e00f9ad3	fclass.s	x21,f31	 f31:0x20000000 x21=0x00000040
      44085.000 ns	      4407	80000f94	02a209b3	mul	x19,x4,x10	  x4:0x00000000 x10:0x80040fe4 x19=0x00000000
      44105.000 ns	      4409	80000f98	015f9393	slli	x7,x31,0x15	 x31:0x00000000  x7=0x00000000
      44125.000 ns	      4411	80000f9c	20ea9ad3	fsgnjn.s	f21,f21,f14	 f21:0x80000000 f14:0x7fc00000 f21=0x80000000
      44155.000 ns	      4414	80000fa0	f00d82d3	fmv.w.x	f5,x27	 x27:0xa202304a  f5=0xa202304a
      44185.000 ns	      4417	80000fa4	d0147bd3	fcvt.s.wu	f23,x8	  x8:0x000001d7 f23=0x43eb8000
      44215.000 ns	      4420	80000fa8	c01c29d3	fcvt.wu.s	x19,f24	 f24:0x2f350482 x19=0x00000000
      44235.000 ns	      4422	80000fac	010577b3	and	x15,x10,x16	 x10:0x80040fe4 x16:0xfffffda1 x15=0x80040da0
      44245.000 ns	      4423	80000fb0	00da9113	slli	x2,x21,0xd	 x21:0x00000040  x2=0x00080000
      44255.000 ns	      4424	80000fb4	004e13b3	sll	x7,x28,x4	 x28:0x00000527  x4:0x00000000  x7=0x00000527
      44275.000 ns	      4426	80000fb8	d0177353	fcvt.s.wu	f6,x14	 x14:0x00000000  f6=0x00000000
      44295.000 ns	      4428	80000fbc	412ddf13	srai	x30,x27,0x12	 x27:0xa202304a x30=0xffffe880
      44315.000 ns	      4430	80000fc0	025a3eb3	mulhu	x29,x20,x5	 x20:0xa202344a  x5:0x0000073e x29=0x00000495
      44685.000 ns	      4467	80000fc4	03d3e233	rem	x4,x7,x29	  x7:0x00000527 x29:0x00000000  x4=0x00000092
      45055.000 ns	      4504	80000fc8	023e7eb3	remu	x29,x28,x3	 x28:0x00000527  x3:0x00000002 x29=0x00000001
      45075.000 ns	      4506	80000fcc	015bcf33	xor	x30,x23,x21	 x23:0x0000051c x21:0x00000040 x30=0x0000055c
      45115.000 ns	      4510	80000fd0	017d7fd3	fadd.s	f31,f26,f23	 f26:0xcefff7e0 f23:0x43eb8000 f31=0xcefff7dc
      45165.000 ns	      4515	80000fd4	00dc78d3	fadd.s	f17,f24,f13	 f24:0x2f350482 f13:0x00000001 f17=0x2f350482
      45195.000 ns	      4518	80000fd8	e0008753	fmv.x.w	x14,f1	  f1:0x7fc00000 x14=0x7fc00000
      45215.000 ns	      4520	80000fdc	6b1bee13	ori	x28,x23,1713	 x23:0x0000051c x28=0x000007bd
      45225.000 ns	      4521	80000fe0	41448fb3	sub	x31,x9,x20	  x9:0xffffffff x20:0xa202344a x31=0x5dfdcbb5
      45235.000 ns	      4522	80000fe4	ce262413	slti	x8,x12,-798	 x12:0x00000001  x8=0x00000000
      45245.000 ns	      4523	80000fe8	63fb0f93	addi	x31,x22,1599	 x22:0x00000000 x31=0x0000063f
      45285.000 ns	      4527	80000fec	095d73d3	fsub.s	f7,f26,f21	 f26:0xcefff7e0 f21:0x80000000  f7=0xcefff7e0
      45325.000 ns	      4531	80000ff0	11abb453	fmul.s	f8,f23,f26	 f23:0x43eb8000 f26:0xcefff7e0  f8=0xd36b7886
      45345.000 ns	      4533	80000ff4	000a2333	slt	x6,x20,x0	 x20:0xa202344a  x0:0x00000000  x6=0x00000001
      45355.000 ns	      4534	80000ff8	1ada6393	ori	x7,x20,429	 x20:0xa202344a  x7=0xa20235ef
      45365.000 ns	      4535	80000ffc	01d11633	sll	x12,x2,x29	  x2:0x00080000 x29:0x00000001 x12=0x00100000
      45385.000 ns	      4537	80001000	0374a3b3	mulhsu	x7,x9,x23	  x9:0xffffffff x23:0x0000051c  x7=0xffffffff
      45415.000 ns	      4540	80001004	d01d9853	fcvt.s.wu	f16,x27	 x27:0xa202304a f16=0x4f220230
      45445.000 ns	      4543	80001008	a1a98dd3	fle.s	x27,f19,f26	 f19:0x7f800000 f26:0xcefff7e0 x27=0x00000000
      45465.000 ns	      4545	8000100c	1c522617	auipc	x12,0x1c522	 x12=0x9c52300c
      45475.000 ns	      4546	80001010	b68ff413	andi	x8,x31,-1176	 x31:0x0000063f  x8=0x00000228
      45495.000 ns	      4548	80001014	027c0e33	mul	x28,x24,x7	 x24:0x00000000  x7:0xffffffff x28=0x00000000
      45515.000 ns	      4550	80001018	00000013	addi	x0,x0,0	  x0:0x00000000
      45535.000 ns	      4552	8000101c	d01c78d3	fcvt.s.wu	f17,x24	 x24:0x00000000 f17=0x00000000
      45575.000 ns	      4556	80001020	104e8cd3	fmul.s	f25,f29,f4	 f29:0xcefff7e0  f4:0x7fc00000 f25=0x7fc00000
      45945.000 ns	      4593	80001024	021eddb3	divu	x27,x29,x1	 x29:0x00000001  x1:0x00000001 x27=0x00000001
      45975.000 ns	      4596	80001028	219628d3	fsgnjx.s	f17,f12,f25	 f12:0x00000000 f25:0x7fc00000 f17=0x00000000
      45995.000 ns	      4598	8000102c	39732613	slti	x12,x6,919	  x6:0x00000001 x12=0x00000001
      46005.000 ns	      4599	80001030	f8d68713	addi	x14,x13,-115	 x13:0xffffffff x14=0xffffff8c
      46025.000 ns	      4601	80001034	a0aa8353	fle.s	x6,f21,f10	 f21:0x80000000 f10:0x7f800000  x6=0x00000001
      46055.000 ns	      4604	80001038	21ee9cd3	fsgnjn.s	f25,f29,f30	 f29:0xcefff7e0 f30:0x4f800000 f25=0xcefff7e0
      46075.000 ns	      4606	8000103c	409ed5b3	sra	x11,x29,x9	 x29:0x00000001  x9:0xffffffff x11=0x00000000
      46085.000 ns	      4607	80001040	af41f813	andi	x16,x3,-1292	  x3:0x00000002 x16=0x00000000
      46105.000 ns	      4609	80001044	a04c97d3	flt.s	x15,f25,f4	 f25:0xcefff7e0  f4:0x7fc00000 x15=0x00000000
      46125.000 ns	      4611	80001048	01526bb3	or	x23,x4,x21	  x4:0x00000092 x21:0x00000040 x23=0x000000d2
      46135.000 ns	      4612	8000104c	01b41613	slli	x12,x8,0x1b	  x8:0x00000228 x12=0x40000000
      46155.000 ns	      4614	80001050	d0167253	fcvt.s.wu	f4,x12	 x12:0x00000001  f4=0x4e800000
      46175.000 ns	      4616	80001054	014690b3	sll	x1,x13,x20	 x13:0xffffffff x20:0xa202344a  x1=0xfffffc00
      46195.000 ns	      4618	80001058	028baf33	mulhsu	x30,x23,x8	 x23:0x000000d2  x8:0x00000228 x30=0x00000000
      46225.000 ns	      4621	8000105c	03c7a2b3	mulhsu	x5,x15,x28	 x15:0x00000000 x28:0x00000000  x5=0x00000000
      46245.000 ns	      4623	80001060	00000013	addi	x0,x0,0	  x0:0x00000000
      46265.000 ns	      4625	80001064	2166acd3	fsgnjx.s	f25,f13,f22	 f13:0x00000001 f22:0x00000000 f25=0x00000001
      46295.000 ns	      4628	80001068	e00783d3	fmv.x.w	x7,f15	 f15:0xcefff7e0  x7=0xcefff7e0
      46315.000 ns	      4630	8000106c	01f44f33	xor	x30,x8,x31	  x8:0x00000228 x31:0x0000063f x30=0x00000417
      46345.000 ns	      4633	80001070	1032a953	fmul.s	f18,f5,f3	  f5:0xa202304a  f3:0x00000000 f18=0x80000000
      46375.000 ns	      4636	80001074	0246afb3	mulhsu	x31,x13,x4	 x13:0xffffffff  x4:0x00000092 x31=0xffffffff
      46395.000 ns	      4638	80001078	85a73193	sltiu	x3,x14,-1958	 x14:0xffffff8c  x3=0x00000000
      47565.000 ns	      4755	8000107c	580c8d53	fsqrt.s	f26,f25	 f25:0x00000001 f26=0x1f350483
      47595.000 ns	      4758	80001080	e00584d3	fmv.x.w	x9,f11	 f11:0x00000000  x9=0x00000000
      47625.000 ns	      4761	80001084	c00524d3	fcvt.w.s	x9,f10	 f10:0x7f800000  x9=0x7fffffff
      47655.000 ns	      4764	80001088	e0029bd3	fclass.s	x23,f5	  f5:0xa202304a x23=0x00000002
      47695.000 ns	      4768	8000108c	19adb653	fdiv.s	f12,f27,f26	 f27:0x7fc00000 f26:0x1f350483 f12=0x7fc00000
      47715.000 ns	      4770	80001090	82128413	addi	x8,x5,-2015	  x5:0x00000000  x8=0xfffff821
      47735.000 ns	      4772	80001094	203714d3	fsgnjn.s	f9,f14,f3	 f14:0x7fc00000  f3:0x00000000  f9=0xffc00000
      47755.000 ns	      4774	80001098	00881693	slli	x13,x16,0x8	 x16:0x00000000 x13=0x00000000
      47765.000 ns	      4775	8000109c	9b6ab213	sltiu	x4,x21,-1610	 x21:0x00000040  x4=0x00000001
      47775.000 ns	      4776	800010a0	00c5b133	sltu	x2,x11,x12	 x11:0x00000000 x12:0x40000000  x2=0x00000001
      47805.000 ns	      4779	800010a4	19224953	fdiv.s	f18,f4,f18	  f4:0x4e800000 f18:0x80000000 f18=0xff800000
      47825.000 ns	      4781	800010a8	9f496d93	ori	x27,x18,-1548	 x18:0x80041024 x27=0xfffff9f4
      47835.000 ns	      4782	800010ac	689fa813	slti	x16,x31,1673	 x31:0xffffffff x16=0x00000001
      47855.000 ns	      4784	800010b0	c0022e53	fcvt.w.s	x28,f4	  f4:0x4e800000 x28=0x40000000
      47875.000 ns	      4786	800010b4	00f8b5b3	sltu	x11,x17,x15	 x17:0x00000000 x15:0x00000000 x11=0x00000000
      47885.000 ns	      4787	800010b8	368d67b7	lui	x15,0x368d6	 x15=0x368d6000
      47895.000 ns	      4788	800010bc	efd7c293	xori	x5,x15,-259	 x15:0x00000000  x5=0xc9729efd
      47915.000 ns	      4790	800010c0	e00b1dd3	fclass.s	x27,f22	 f22:0x00000000 x27=0x00000010
      47935.000 ns	      4792	800010c4	e3183193	sltiu	x3,x16,-463	 x16:0x00000001  x3=0x00000001
      47955.000 ns	      4794	800010c8	e00f0f53	fmv.x.w	x30,f30	 f30:0x4f800000 x30=0x4f800000
      47995.000 ns	      4798	800010cc	1180f053	fmul.s	f0,f1,f24	  f1:0x7fc00000 f24:0x2f350482  f0=0x7fc00000
      48015.000 ns	      4800	800010d0	00e3c2b3	xor	x5,x7,x14	  x7:0xcefff7e0 x14:0xffffff8c  x5=0x3100086c
      48025.000 ns	      4801	800010d4	011875b3	and	x11,x16,x17	 x16:0x00000001 x17:0x00000000 x11=0x00000000
      48035.000 ns	      4802	800010d8	7a818713	addi	x14,x3,1960	  x3:0x00000001 x14=0x000007a9
      48055.000 ns	      4804	800010dc	a16d2753	feq.s	x14,f26,f22	 f26:0x1f350483 f22:0x00000000 x14=0x00000000
      48425.000 ns	      4841	800010e0	025bf9b3	remu	x19,x23,x5	 x23:0x00000002  x5:0x3100086c x19=0x00000002
      48445.000 ns	      4843	800010e4	01eb37b3	sltu	x15,x22,x30	 x22:0x00000000 x30:0x4f800000 x15=0x00000001
      48465.000 ns	      4845	800010e8	033b8cb3	mul	x25,x23,x19	 x23:0x00000002 x19:0x00000002 x25=0x00000004
      48485.000 ns	      4847	800010ec	40068fb3	sub	x31,x13,x0	 x13:0x00000000  x0:0x00000000 x31=0x00000000
      48505.000 ns	      4849	800010f0	c003a7d3	fcvt.w.s	x15,f7	  f7:0xcefff7e0 x15=0x80041000
      48555.000 ns	      4854	800010f4	08daf453	fsub.s	f8,f21,f13	 f21:0x80000000 f13:0x00000001  f8=0x80000001
      48585.000 ns	      4857	800010f8	e0088253	fmv.x.w	x4,f17	 f17:0x00000000  x4=0x00000000
      48605.000 ns	      4859	800010fc	0170b733	sltu	x14,x1,x23	  x1:0xfffffc00 x23:0x00000002 x14=0x00000000
      48615.000 ns	      4860	80001100	01764db3	xor	x27,x12,x23	 x12:0x40000000 x23:0x00000002 x27=0x40000002
      48645.000 ns	      4863	80001104	580af153	fsqrt.s	f2,f21	 f21:0x80000000  f2=0x80000000
      48675.000 ns	      4866	80001108	036989b3	mul	x19,x19,x22	 x19:0x00000002 x22:0x00000000 x19=0x00000000
      48705.000 ns	      4869	8000110c	a042a253	feq.s	x4,f5,f4	  f5:0xa202304a  f4:0x4e800000  x4=0x00000000
      48725.000 ns	      4871	80001110	010e6fb3	or	x31,x28,x16	 x28:0x40000000 x16:0x00000001 x31=0x40000001
      48735.000 ns	      4872	80001114	00451493	slli	x9,x10,0x4	 x10:0x80040fe4  x9=0x0040fe40
      48775.000 ns	      4876	80001118	006828d3	fadd.s	f17,f16,f6	 f16:0x4f220230  f6:0x00000000 f17=0x4f220230
      48795.000 ns	      4878	8000111c	01e7e6b3	or	x13,x15,x30	 x15:0x80041000 x30:0x4f800000 x13=0xcf841000
      48815.000 ns	      4880	80001120	034f20b3	mulhsu	x1,x30,x20	 x30:0x4f800000 x20:0xa202344a  x1=0x324faf3c
      48835.000 ns	      4882	80001124	015fcd13	xori	x26,x31,21	 x31:0x40000001 x26=0x40000014
      48855.000 ns	      4884	80001128	03ee38b3	mulhu	x17,x28,x30	 x28:0x40000000 x30:0x4f800000 x17=0x13e00000
      48875.000 ns	      4886	8000112c	018d2c33	slt	x24,x26,x24	 x26:0x00000001 x24:0x00000000 x24=0x00000000
      48895.000 ns	      4888	80001130	02a61ab3	mulh	x21,x12,x10	 x12:0x40000000 x10:0x80040fe4 x21=0xe00103f9
      48915.000 ns	      4890	80001134	00000013	addi	x0,x0,0	  x0:0x00000000
      48935.000 ns	      4892	80001138	02083db3	mulhu	x27,x16,x0	 x16:0x00000001  x0:0x00000000 x27=0x00000000
      48955.000 ns	      4894	8000113c	00f5d733	srl	x14,x11,x15	 x11:0x00000000 x15:0x80041000 x14=0x00000000
      48975.000 ns	      4896	80001140	a15485d3	fle.s	x11,f9,f21	  f9:0xffc00000 f21:0x80000000 x11=0x00000000
      49005.000 ns	      4899	80001144	281c9ad3	fmax.s	f21,f25,f1	 f25:0x00000001  f1:0x7fc00000 f21=0x00000001
      49025.000 ns	      4901	80001148	7ff94293	xori	x5,x18,2047	 x18:0x80041024  x5=0x800417db
      49045.000 ns	      4903	8000114c	21051353	fsgnjn.s	f6,f10,f16	 f10:0x7f800000 f16:0x4f220230  f6=0xff800000
      49065.000 ns	      4905	80001150	00ec3d33	sltu	x26,x24,x14	 x24:0x00000000 x14:0x00000000 x26=0x00000000
      49085.000 ns	      4907	80001154	20f285d3	fsgnj.s	f11,f5,f15	  f5:0xa202304a f15:0xcefff7e0 f11=0xa202304a
      49455.000 ns	      4944	80001158	026a72b3	remu	x5,x20,x6	 x20:0xa202344a  x6:0x00000001  x5=0x00000000
      49485.000 ns	      4947	8000115c	a01483d3	fle.s	x7,f9,f1	  f9:0xffc00000  f1:0x7fc00000  x7=0x00000000
      49505.000 ns	      4949	80001160	00f75493	srli	x9,x14,0xf	 x14:0x00000000  x9=0x00000000
      49515.000 ns	      4950	80001164	007a87b3	add	x15,x21,x7	 x21:0xe00103f9  x7:0x00000000 x15=0xe00103f9
      49535.000 ns	      4952	80001168	02087e33	remu	x28,x16,x0	 x16:0x00000001  x0:0x00000000 x28=0x00000001
      49565.000 ns	      4955	8000116c	033b2333	mulhsu	x6,x22,x19	 x22:0x00000000 x19:0x00000000  x6=0x00000000
      49595.000 ns	      4958	80001170	a093a153	feq.s	x2,f7,f9	  f7:0xcefff7e0  f9:0xffc00000  x2=0x00000000
      49615.000 ns	      4960	80001174	384ca413	slti	x8,x25,900	 x25:0x00000004  x8=0x00000001
      49645.000 ns	      4963	80001178	5805fb53	fsqrt.s	f22,f11	 f11:0xa202304a f22=0x7fc00000
      49675.000 ns	      4966	8000117c	29009553	fmax.s	f10,f1,f16	  f1:0x7fc00000 f16:0x4f220230 f10=0x4f220230
      49695.000 ns	      4968	80001180	bb4b6993	ori	x19,x22,-1100	 x22:0x00000000 x19=0xfffffbb4
      49715.000 ns	      4970	80001184	c0122dd3	fcvt.wu.s	x27,f4	  f4:0x4e800000 x27=0x40000000
      49735.000 ns	      4972	80001188	009c5b93	srli	x23,x24,0x9	 x24:0x00000000 x23=0x00000000
      49755.000 ns	      4974	8000118c	c000f3d3	fcvt.w.s	x7,f1	  f1:0x7fc00000  x7=0x7fffffff
      49785.000 ns	      4977	80001190	e00f0dd3	fmv.x.w	x27,f30	 f30:0x4f800000 x27=0x4f800000
      49805.000 ns	      4979	80001194	01c7bd33	sltu	x26,x15,x28	 x15:0xe00103f9 x28:0x00000001 x26=0x00000000
      50165.000 ns	      5015	80001198	02a3e0b3	rem	x1,x7,x10	  x7:0x7fffffff x10:0x80040fe4  x1=0x00040fe3
      50195.000 ns	      5018	8000119c	c01b7853	fcvt.wu.s	x16,f22	 f22:0x7fc00000 x16=0xffffffff
      50225.000 ns	      5021	800011a0	c0001fd3	fcvt.w.s	x31,f0	  f0:0x7fc00000 x31=0x7fffffff
      50595.000 ns	      5058	800011a4	034f6e33	rem	x28,x30,x20	 x30:0x4f800000 x20:0xa202344a x28=0x4f800000
      50615.000 ns	      5060	800011a8	31427b37	lui	x22,0x31427	 x22=0x31427000
      50625.000 ns	      5061	800011ac	40935713	srai	x14,x6,0x9	  x6:0x00000000 x14=0x00000000
      50635.000 ns	      5062	800011b0	f4aeb613	sltiu	x12,x29,-182	 x29:0x00000001 x12=0x00000001
      50645.000 ns	      5063	800011b4	c9493613	sltiu	x12,x18,-876	 x18:0x80041024 x12=0x00000001
      50655.000 ns	      5064	800011b8	8e790593	addi	x11,x18,-1817	 x18:0x80041024 x11=0x8004090b
      50665.000 ns	      5065	800011bc	00000013	addi	x0,x0,0	  x0:0x00000000
      50705.000 ns	      5069	800011c0	08177553	fsub.s	f10,f14,f1	 f14:0x7fc00000  f1:0x7fc00000 f10=0x7fc00000
      50725.000 ns	      5071	800011c4	05f97693	andi	x13,x18,95	 x18:0x80041024 x13=0x00000004
      50745.000 ns	      5073	800011c8	a0359753	flt.s	x14,f11,f3	 f11:0xa202304a  f3:0x00000000 x14=0x00000001
      50775.000 ns	      5076	800011cc	a0760353	fle.s	x6,f12,f7	 f12:0x7fc00000  f7:0xcefff7e0  x6=0x00000000
      50805.000 ns	      5079	800011d0	20be0b53	fsgnj.s	f22,f28,f11	 f28:0x7fc00000 f11:0xa202304a f22=0xffc00000
      50835.000 ns	      5082	800011d4	e00f9ed3	fclass.s	x29,f31	 f31:0xcefff7dc x29=0x00000002
      50855.000 ns	      5084	800011d8	011d12b3	sll	x5,x26,x17	 x26:0x00000000 x17:0x13e00000  x5=0x00000000
      50885.000 ns	      5087	800011dc	18047f53	fdiv.s	f30,f8,f0	  f8:0x80000001  f0:0x7fc00000 f30=0x7fc00000
      50935.000 ns	      5092	800011e0	010670d3	fadd.s	f1,f12,f16	 f12:0x7fc00000 f16:0x4f220230  f1=0x7fc00000
      50955.000 ns	      5094	800011e4	a6962413	slti	x8,x12,-1431	 x12:0x00000001  x8=0x00000000
      50965.000 ns	      5095	800011e8	0178cc33	xor	x24,x17,x23	 x17:0x13e00000 x23:0x00000000 x24=0x13e00000
      50975.000 ns	      5096	800011ec	47b368b7	lui	x17,0x47b36	 x17=0x47b36000
      50995.000 ns	      5098	800011f0	020c16b3	mulh	x13,x24,x0	 x24:0x00000000  x0:0x00000000 x13=0x00000000
      51025.000 ns	      5101	800011f4	296e1b53	fmax.s	f22,f28,f22	 f28:0x7fc00000 f22:0xffc00000 f22=0x7fc00000
      51055.000 ns	      5104	800011f8	e0038e53	fmv.x.w	x28,f7	  f7:0xcefff7e0 x28=0xcefff7e0
      51085.000 ns	      5107	800011fc	294415d3	fmax.s	f11,f8,f20	  f8:0x80000001 f20:0x80041024 f11=0x80000001
      51105.000 ns	      5109	80001200	40645fb3	sra	x31,x8,x6	  x8:0x00000000  x6:0x00000000 x31=0x00000000
      51115.000 ns	      5110	80001204	40ee0233	sub	x4,x28,x14	 x28:0xcefff7e0 x14:0x00000001  x4=0xcefff7df
      51125.000 ns	      5111	80001208	01dfee33	or	x28,x31,x29	 x31:0x7fffffff x29:0x00000002 x28=0x00000002
      51135.000 ns	      5112	8000120c	01b96033	or	x0,x18,x27	 x18:0x80041024 x27:0x4f800000
      51155.000 ns	      5114	80001210	d00192d3	fcvt.s.w	f5,x3	  x3:0x00000001  f5=0x3f800000
      51185.000 ns	      5117	80001214	d00d80d3	fcvt.s.w	f1,x27	 x27:0x4f800000  f1=0x4e9f0000
      51205.000 ns	      5119	80001218	01af30b3	sltu	x1,x30,x26	 x30:0x4f800000 x26:0x00000000  x1=0x00000000
      51225.000 ns	      5121	8000121c	c002bbd3	fcvt.w.s	x23,f5	  f5:0x3f800000 x23=0x00000001
      51275.000 ns	      5126	80001220	01f4f053	fadd.s	f0,f9,f31	  f9:0xffc00000 f31:0xcefff7dc  f0=0x7fc00000
      51325.000 ns	      5131	80001224	006bb353	fadd.s	f6,f23,f6	 f23:0x43eb8000  f6:0xff800000  f6=0xff800000
      51345.000 ns	      5133	80001228	342eb093	sltiu	x1,x29,834	 x29:0x00000002  x1=0x00000001
      51385.000 ns	      5137	8000122c	08ccf1d3	fsub.s	f3,f25,f12	 f25:0x00000001 f12:0x7fc00000  f3=0x7fc00000
      51405.000 ns	      5139	80001230	01aed193	srli	x3,x29,0x1a	 x29:0x00000002  x3=0x00000000
      51415.000 ns	      5140	80001234	0064f633	and	x12,x9,x6	  x9:0x00000000  x6:0x00000000 x12=0x00000000
      51435.000 ns	      5142	80001238	c00f79d3	fcvt.w.s	x19,f30	 f30:0x7fc00000 x19=0x7fffffff
      51465.000 ns	      5145	8000123c	d0182c53	fcvt.s.wu	f24,x16	 x16:0xffffffff f24=0x4f800000
      51485.000 ns	      5147	80001240	0034f333	and	x6,x9,x3	  x9:0x00000000  x3:0x00000000  x6=0x00000000
      51505.000 ns	      5149	80001244	e00c1f53	fclass.s	x30,f24	 f24:0x4f800000 x30=0x00000040
      51845.000 ns	      5183	80001248	19f6f2d3	fdiv.s	f5,f13,f31	 f13:0x00000001 f31:0xcefff7dc  f5=0x80000000
      51875.000 ns	      5186	8000124c	02b808b3	mul	x17,x16,x11	 x16:0xffffffff x11:0x8004090b x17=0x7ffbf6f5
      51905.000 ns	      5189	80001250	a1b30453	fle.s	x8,f6,f27	  f6:0xff800000 f27:0x7fc00000  x8=0x00000000
      51925.000 ns	      5191	80001254	01af6833	or	x16,x30,x26	 x30:0x00000040 x26:0x00000000 x16=0x00000040
      51935.000 ns	      5192	80001258	013d51b3	srl	x3,x26,x19	 x26:0x00000000 x19:0x7fffffff  x3=0x00000000
      51945.000 ns	      5193	8000125c	d31e4013	xori	x0,x28,-719	 x28:0x00000002
      52275.000 ns	      5226	80001260	199c7953	fdiv.s	f18,f24,f25	 f24:0x4f800000 f25:0x00000001 f18=0x7f800000
      52305.000 ns	      5229	80001264	21642753	fsgnjx.s	f14,f8,f22	  f8:0x80000001 f22:0x7fc00000 f14=0x80000001
      52325.000 ns	      5231	80001268	78aea013	slti	x0,x29,1930	 x29:0x00000002
      52335.000 ns	      5232	8000126c	017eab33	slt	x22,x29,x23	 x29:0x00000002 x23:0x00000001 x22=0x00000000
      52355.000 ns	      5234	80001270	a03c8653	fle.s	x12,f25,f3	 f25:0x00000001  f3:0x7fc00000 x12=0x00000000
      52375.000 ns	      5236	80001274	e7320993	addi	x19,x4,-397	  x4:0xcefff7df x19=0xcefff652
      52385.000 ns	      5237	80001278	4169d793	srai	x15,x19,0x16	 x19:0x7fffffff x15=0xffffff3b
      52745.000 ns	      5273	8000127c	03bc7733	remu	x14,x24,x27	 x24:0x13e00000 x27:0x4f800000 x14=0x13e00000
      52765.000 ns	      5275	80001280	adf94117	auipc	x2,0xadf94	  x2=0x2df95280
      52785.000 ns	      5277	80001284	02868d33	mul	x26,x13,x8	 x13:0x00000000  x8:0x00000000 x26=0x00000000
      53155.000 ns	      5314	80001288	02e16c33	rem	x24,x2,x14	  x2:0x00000000 x14:0x13e00000 x24=0x06395280
      53185.000 ns	      5317	8000128c	a0a30dd3	fle.s	x27,f6,f10	  f6:0xff800000 f10:0x7fc00000 x27=0x00000000
      53215.000 ns	      5320	80001290	210807d3	fsgnj.s	f15,f16,f16	 f16:0x4f220230 f16:0x4f220230 f15=0x4f220230
      53235.000 ns	      5322	80001294	01611d33	sll	x26,x2,x22	  x2:0x2df95280 x22:0x00000000 x26=0x2df95280
      53245.000 ns	      5323	80001298	494e6b93	ori	x23,x28,1172	 x28:0x00000002 x23=0x00000496
      53255.000 ns	      5324	8000129c	41a75c13	srai	x24,x14,0x1a	 x14:0x13e00000 x24=0x00000004
      53265.000 ns	      5325	800012a0	f808e117	auipc	x2,0xf808e	  x2=0x7808f2a0
      53305.000 ns	      5329	800012a4	089b0853	fsub.s	f16,f22,f9	 f22:0x7fc00000  f9:0xffc00000 f16=0x7fc00000
      53335.000 ns	      5332	800012a8	02314eb3	div	x29,x2,x3	  x2:0x2df95280  x3:0x00000000 x29=0xffffffff
      53365.000 ns	      5335	800012ac	28511253	fmax.s	f4,f2,f5	  f2:0x80000000  f5:0x80000000  f4=0x80000000
      53385.000 ns	      5337	800012b0	00571e93	slli	x29,x14,0x5	 x14:0x13e00000 x29=0x7c000000
      53405.000 ns	      5339	800012b4	c0114253	fcvt.wu.s	x4,f2	  f2:0x80000000  x4=0x00000000
      53425.000 ns	      5341	800012b8	00ca8db3	add	x27,x21,x12	 x21:0xe00103f9 x12:0x00000000 x27=0xe00103f9
      53465.000 ns	      5345	800012bc	003970d3	fadd.s	f1,f18,f3	 f18:0x7f800000  f3:0x7fc00000  f1=0x7fc00000
      53495.000 ns	      5348	800012c0	c01a06d3	fcvt.wu.s	x13,f20	 f20:0x80041024 x13=0x00000000
      53525.000 ns	      5351	800012c4	c005f753	fcvt.w.s	x14,f11	 f11:0x80000001 x14=0x00000000
      53555.000 ns	      5354	800012c8	02f02733	mulhsu	x14,x0,x15	  x0:0x00000000 x15:0xffffff3b x14=0x00000000
      53575.000 ns	      5356	800012cc	463fed17	auipc	x26,0x463fe	 x26=0xc63ff2cc
      53595.000 ns	      5358	800012d0	c0167753	fcvt.wu.s	x14,f12	 f12:0x7fc00000 x14=0xffffffff
      53625.000 ns	      5361	800012d4	d0158a53	fcvt.s.wu	f20,x11	 x11:0x8004090b f20=0x4f000409
      53995.000 ns	      5398	800012d8	039c7d33	remu	x26,x24,x25	 x24:0x00000004 x25:0x00000004 x26=0x00000000
      54025.000 ns	      5401	800012dc	203fa6d3	fsgnjx.s	f13,f31,f3	 f31:0xcefff7dc  f3:0x7fc00000 f13=0xcefff7dc
      54045.000 ns	      5403	800012e0	01b8db33	srl	x22,x17,x27	 x17:0x7ffbf6f5 x27:0xe00103f9 x22=0x0000003f
      54065.000 ns	      5405	800012e4	032ea2b3	mulhsu	x5,x29,x18	 x29:0x7c000000 x18:0x80041024  x5=0x3e01f7d1
      54095.000 ns	      5408	800012e8	291d8dd3	fmin.s	f27,f27,f17	 f27:0x7fc00000 f17:0x4f220230 f27=0x4f220230
      54135.000 ns	      5412	800012ec	10c2f353	fmul.s	f6,f5,f12	  f5:0x80000000 f12:0x7fc00000  f6=0x7fc00000
      54165.000 ns	      5415	800012f0	20692b53	fsgnjx.s	f22,f18,f6	 f18:0x7f800000  f6:0xff800000 f22=0x7f800000
      54505.000 ns	      5449	800012f4	18fc7ad3	fdiv.s	f21,f24,f15	 f24:0x4f800000 f15:0x4f220230 f21=0x3f800000
      54525.000 ns	      5451	800012f8	2a6a0d93	addi	x27,x20,678	 x20:0xa202344a x27=0xa20236f0
      54545.000 ns	      5453	800012fc	e0018353	fmv.x.w	x6,f3	  f3:0x7fc00000  x6=0x7fc00000
      54565.000 ns	      5455	80001300	40d10033	sub	x0,x2,x13	  x2:0x7808f2a0 x13:0x00000000
      54605.000 ns	      5459	80001304	0936aa53	fsub.s	f20,f13,f19	 f13:0xcefff7dc f19:0x7f800000 f20=0xff800000
      54625.000 ns	      5461	80001308	58670713	addi	x14,x14,1414	 x14:0xffffffff x14=0x00000585
      54985.000 ns	      5497	8000130c	0262f6b3	remu	x13,x5,x6	  x5:0x3e01f7d1  x6:0x7fc00000 x13=0x3e01f7d1
      55005.000 ns	      5499	80001310	dc4bb613	sltiu	x12,x23,-572	 x23:0x00000496 x12=0x00000001
      55015.000 ns	      5500	80001314	00a80fb3	add	x31,x16,x10	 x16:0x00000040 x10:0x80040fe4 x31=0x80041024
      55375.000 ns	      5536	80001318	03e9f9b3	remu	x19,x19,x30	 x19:0xcefff652 x30:0x00000040 x19=0x00000012
      55745.000 ns	      5573	8000131c	03495cb3	divu	x25,x18,x20	 x18:0x80041024 x20:0xa202344a x25=0x00000000
      55795.000 ns	      5578	80001320	08a2fdd3	fsub.s	f27,f5,f10	  f5:0x80000000 f10:0x7fc00000 f27=0x7fc00000
      55825.000 ns	      5581	80001324	e00e12d3	fclass.s	x5,f28	 f28:0x7fc00000  x5=0x00000200
      55845.000 ns	      5583	80001328	8fd22793	slti	x15,x4,-1795	  x4:0x00000000 x15=0x00000000
      55855.000 ns	      5584	8000132c	41f65593	srai	x11,x12,0x1f	 x12:0x00000001 x11=0x00000000
      55865.000 ns	      5585	80001330	403d5413	srai	x8,x26,0x3	 x26:0x00000000  x8=0x00000000
      55875.000 ns	      5586	80001334	bd440393	addi	x7,x8,-1068	  x8:0x00000000  x7=0xfffffbd4
      55895.000 ns	      5588	80001338	a0d91453	flt.s	x8,f18,f13	 f18:0x7f800000 f13:0xcefff7dc  x8=0x00000000
      55915.000 ns	      5590	8000133c	008ee033	or	x0,x29,x8	 x29:0x7c000000  x8:0x00000000
      55925.000 ns	      5591	80001340	003c80b3	add	x1,x25,x3	 x25:0x00000000  x3:0x00000000  x1=0x00000000
      56285.000 ns	      5627	80001344	0229d433	divu	x8,x19,x2	 x19:0x00000012  x2:0x7808f2a0  x8=0x00000000
      56655.000 ns	      5664	80001348	025150b3	divu	x1,x2,x5	  x2:0x7808f2a0  x5:0x00000200  x1=0x003c0479
      56685.000 ns	      5667	8000134c	e00f8b53	fmv.x.w	x22,f31	 f31:0xcefff7dc x22=0xcefff7dc
      57055.000 ns	      5704	80001350	0380de33	divu	x28,x1,x24	  x1:0x003c0479 x24:0x00000004 x28=0x000f011e
      57085.000 ns	      5707	80001354	e00a8853	fmv.x.w	x16,f21	 f21:0x3f800000 x16=0x3f800000
      57455.000 ns	      5744	80001358	0319cb33	div	x22,x19,x17	 x19:0x00000012 x17:0x7ffbf6f5 x22=0x00000000
      57485.000 ns	      5747	8000135c	e0059853	fclass.s	x16,f11	 f11:0x80000001 x16=0x00000004
      57515.000 ns	      5750	80001360	20dd12d3	fsgnjn.s	f5,f26,f13	 f26:0x1f350483 f13:0xcefff7dc  f5=0x1f350483
      57545.000 ns	      5753	80001364	a09c1753	flt.s	x14,f24,f9	 f24:0x4f800000  f9:0xffc00000 x14=0x00000000
      57575.000 ns	      5756	80001368	033a8033	mul	x0,x21,x19	 x21:0xe00103f9 x19:0x00000012
      57595.000 ns	      5758	8000136c	016e5d13	srli	x26,x28,0x16	 x28:0x000f011e x26=0x00000000
      57605.000 ns	      5759	80001370	396c8013	addi	x0,x25,918	 x25:0x00000000
      57645.000 ns	      5763	80001374	0118f053	fadd.s	f0,f17,f17	 f17:0x4f220230 f17:0x4f220230  f0=0x4fa20230
      57695.000 ns	      5768	80001378	081a7c53	fsub.s	f24,f20,f1	 f20:0xff800000  f1:0x7fc00000 f24=0x7fc00000
      57715.000 ns	      5770	8000137c	002ad013	srli	x0,x21,0x2	 x21:0xe00103f9
      57725.000 ns	      5771	80001380	01669f33	sll	x30,x13,x22	 x13:0x3e01f7d1 x22:0x00000000 x30=0x3e01f7d1
      57735.000 ns	      5772	80001384	01d4a233	slt	x4,x9,x29	  x9:0x00000000 x29:0x7c000000  x4=0x00000001
      57745.000 ns	      5773	80001388	00000013	addi	x0,x0,0	  x0:0x00000000
      57755.000 ns	      5774	8000138c	406b5433	sra	x8,x22,x6	 x22:0x00000000  x6:0x7fc00000  x8=0x00000000
      57765.000 ns	      5775	80001390	00822fb3	slt	x31,x4,x8	  x4:0x00000001  x8:0x00000000 x31=0x00000000
      57775.000 ns	      5776	80001394	011afdb3	and	x27,x21,x17	 x21:0xe00103f9 x17:0x7ffbf6f5 x27=0x600102f1
      57795.000 ns	      5778	80001398	295e98d3	fmax.s	f17,f29,f21	 f29:0xcefff7e0 f21:0x3f800000 f17=0x3f800000
      57815.000 ns	      5780	8000139c	6370b213	sltiu	x4,x1,1591	  x1:0x003c0479  x4=0x00000000
      58175.000 ns	      5816	800013a0	0373f9b3	remu	x19,x7,x23	  x7:0xfffffbd4 x23:0x00000496 x19=0x00000452
      58195.000 ns	      5818	800013a4	bb2dd597	auipc	x11,0xbb2dd	 x11=0x3b2de3a4
      58555.000 ns	      5854	800013a8	033578b3	remu	x17,x10,x19	 x10:0x80040fe4 x19:0x00000452 x17=0x000002ce
      58585.000 ns	      5857	800013ac	0394b5b3	mulhu	x11,x9,x25	  x9:0x00000000 x25:0x00000000 x11=0x00000000
      58625.000 ns	      5861	800013b0	190b87d3	fdiv.s	f15,f23,f16	 f23:0x43eb8000 f16:0x7fc00000 f15=0x7fc00000
      58645.000 ns	      5863	800013b4	eacd8e93	addi	x29,x27,-340	 x27:0x600102f1 x29=0x6001019d
      58665.000 ns	      5865	800013b8	03852733	mulhsu	x14,x10,x24	 x10:0x80040fe4 x24:0x00000004 x14=0xfffffffe
      58685.000 ns	      5867	800013bc	01b7beb3	sltu	x29,x15,x27	 x15:0x00000000 x27:0x600102f1 x29=0x00000001
      58705.000 ns	      5869	800013c0	f0008e53	fmv.w.x	f28,x1	  x1:0x003c0479 f28=0x003c0479
      58735.000 ns	      5872	800013c4	29dc1153	fmax.s	f2,f24,f29	 f24:0x7fc00000 f29:0xcefff7e0  f2=0xcefff7e0
      58765.000 ns	      5875	800013c8	28148553	fmin.s	f10,f9,f1	  f9:0xffc00000  f1:0x7fc00000 f10=0x7fc00000
      58795.000 ns	      5878	800013cc	039437b3	mulhu	x15,x8,x25	  x8:0x00000000 x25:0x00000000 x15=0x00000000
      58825.000 ns	      5881	800013d0	21170153	fsgnj.s	f2,f14,f17	 f14:0x80000001 f17:0x3f800000  f2=0x00000001
      58855.000 ns	      5884	800013d4	202983d3	fsgnj.s	f7,f19,f2	 f19:0x7f800000  f2:0xcefff7e0  f7=0x7f800000
      58885.000 ns	      5887	800013d8	d00e2c53	fcvt.s.w	f24,x28	 x28:0x000f011e f24=0x497011e0
      58915.000 ns	      5890	800013dc	2166aad3	fsgnjx.s	f21,f13,f22	 f13:0xcefff7dc f22:0x7f800000 f21=0xcefff7dc
      58945.000 ns	      5893	800013e0	02442833	mulhsu	x16,x8,x4	  x8:0x00000000  x4:0x00000000 x16=0x00000000
      58965.000 ns	      5895	800013e4	94166f93	ori	x31,x12,-1727	 x12:0x00000001 x31=0xfffff941
      58985.000 ns	      5897	800013e8	29e80953	fmin.s	f18,f16,f30	 f16:0x7fc00000 f30:0x7fc00000 f18=0x7fc00000
      59005.000 ns	      5899	800013ec	00836f33	or	x30,x6,x8	  x6:0x7fc00000  x8:0x00000000 x30=0x7fc00000
      59035.000 ns	      5902	800013f0	19e87f53	fdiv.s	f30,f16,f30	 f16:0x7fc00000 f30:0x7fc00000 f30=0x7fc00000
      59065.000 ns	      5905	800013f4	c004f853	fcvt.w.s	x16,f9	  f9:0xffc00000 x16=0x7fffffff
      59085.000 ns	      5907	800013f8	00bded33	or	x26,x27,x11	 x27:0x600102f1 x11:0x00000000 x26=0x600102f1
      59105.000 ns	      5909	800013fc	d01024d3	fcvt.s.wu	f9,x0	  x0:0x00000000  f9=0x00000000
      59135.000 ns	      5912	80001400	20a40f53	fsgnj.s	f30,f8,f10	  f8:0x80000001 f10:0x7fc00000 f30=0x00000001
      59165.000 ns	      5915	80001404	2152aa53	fsgnjx.s	f20,f5,f21	  f5:0x1f350483 f21:0xcefff7dc f20=0x9f350483
      59215.000 ns	      5920	80001408	08c47b53	fsub.s	f22,f8,f12	  f8:0x80000001 f12:0x7fc00000 f22=0x7fc00000
      59585.000 ns	      5957	8000140c	03ccdcb3	divu	x25,x25,x28	 x25:0x00000000 x28:0x000f011e x25=0x00000000
      59615.000 ns	      5960	80001410	d0007b53	fcvt.s.w	f22,x0	  x0:0x00000000 f22=0x00000000
      59985.000 ns	      5997	80001414	02c748b3	div	x17,x14,x12	 x14:0xfffffffe x12:0x00000001 x17=0xfffffffe
      60015.000 ns	      6000	80001418	0234eb33	rem	x22,x9,x3	  x9:0x00000000  x3:0x00000000 x22=0x00000000
      60035.000 ns	      6002	8000141c	01ef6eb3	or	x29,x30,x30	 x30:0x7fc00000 x30:0x7fc00000 x29=0x7fc00000
      60045.000 ns	      6003	80001420	418606b3	sub	x13,x12,x24	 x12:0x00000001 x24:0x00000004 x13=0xfffffffd
      60065.000 ns	      6005	80001424	a1c322d3	feq.s	x5,f6,f28	  f6:0x7fc00000 f28:0x003c0479  x5=0x00000000
      60085.000 ns	      6007	80001428	4057d133	sra	x2,x15,x5	 x15:0x00000000  x5:0x00000200  x2=0x00000000
      60105.000 ns	      6009	8000142c	c00e8b53	fcvt.w.s	x22,f29	 f29:0xcefff7e0 x22=0x80041000
      60135.000 ns	      6012	80001430	d0078d53	fcvt.s.w	f26,x15	 x15:0x00000000 f26=0x00000000
      60155.000 ns	      6014	80001434	5296f017	auipc	x0,0x5296f	
      60165.000 ns	      6015	80001438	b1953d97	auipc	x27,0xb1953	 x27=0x31954438
      60185.000 ns	      6017	8000143c	d01c4cd3	fcvt.s.wu	f25,x24	 x24:0x00000004 f25=0x40800000
      60205.000 ns	      6019	80001440	8607bf93	sltiu	x31,x15,-1952	 x15:0x00000000 x31=0x00000001
      60225.000 ns	      6021	80001444	29a51dd3	fmax.s	f27,f10,f26	 f10:0x7fc00000 f26:0x00000000 f27=0x00000000
      60245.000 ns	      6023	80001448	0080ffb3	and	x31,x1,x8	  x1:0x003c0479  x8:0x00000000 x31=0x00000000
      60265.000 ns	      6025	8000144c	e0070dd3	fmv.x.w	x27,f14	 f14:0x80000001 x27=0x80000001
      60285.000 ns	      6027	80001450	011e9f13	slli	x30,x29,0x11	 x29:0x7fc00000 x30=0x00000000
      60305.000 ns	      6029	80001454	0256c9b3	div	x19,x13,x5	 x13:0xfffffffd  x5:0x00000000 x19=0xffffffff
      60325.000 ns	      6031	80001458	051e6013	ori	x0,x28,81	 x28:0x000f011e
      60335.000 ns	      6032	8000145c	01279c93	slli	x25,x15,0x12	 x15:0x00000000 x25=0x00000000
      60345.000 ns	      6033	80001460	5f61c893	xori	x17,x3,1526	  x3:0x00000000 x17=0x000005f6
      60365.000 ns	      6035	80001464	02a1adb3	mulhsu	x27,x3,x10	  x3:0x00000000 x10:0x80040fe4 x27=0x00000000
      60385.000 ns	      6037	80001468	018cd813	srli	x16,x25,0x18	 x25:0x00000000 x16=0x00000000
      60395.000 ns	      6038	8000146c	016f28b3	slt	x17,x30,x22	 x30:0x00000000 x22:0x80041000 x17=0x00000000
      60415.000 ns	      6040	80001470	0318bab3	mulhu	x21,x17,x17	 x17:0x000005f6 x17:0x000005f6 x21=0x00000000
      60435.000 ns	      6042	80001474	40c3ddb3	sra	x27,x7,x12	  x7:0xfffffbd4 x12:0x00000001 x27=0xfffffdea
      60445.000 ns	      6043	80001478	0131dc13	srli	x24,x3,0x13	  x3:0x00000000 x24=0x00000000
      60465.000 ns	      6045	8000147c	20cc9fd3	fsgnjn.s	f31,f25,f12	 f25:0x40800000 f12:0x7fc00000 f31=0xc0800000
      60495.000 ns	      6048	80001480	a1eb1ed3	flt.s	x29,f22,f30	 f22:0x00000000 f30:0x00000001 x29=0x00000001
      60515.000 ns	      6050	80001484	01d0f033	and	x0,x1,x29	  x1:0x003c0479 x29:0x7fc00000
      60535.000 ns	      6052	80001488	28869653	fmax.s	f12,f13,f8	 f13:0xcefff7dc  f8:0x80000001 f12=0x80000001
      60555.000 ns	      6054	8000148c	0022a9b3	slt	x19,x5,x2	  x5:0x00000000  x2:0x00000000 x19=0x00000000
      60575.000 ns	      6056	80001490	d0092cd3	fcvt.s.w	f25,x18	 x18:0x80041024 f25=0xcefff7e0
      60625.000 ns	      6061	80001494	01540353	fadd.s	f6,f8,f21	  f8:0x80000001 f21:0xcefff7dc  f6=0xcefff7dc
      60655.000 ns	      6064	80001498	20a30153	fsgnj.s	f2,f6,f10	  f6:0x7fc00000 f10:0x7fc00000  f2=0x4efff7dc
      60675.000 ns	      6066	8000149c	6408a013	slti	x0,x17,1600	 x17:0x00000000
      60685.000 ns	      6067	800014a0	013663b3	or	x7,x12,x19	 x12:0x00000001 x19:0x00000000  x7=0x00000001
      60695.000 ns	      6068	800014a4	40a753b3	sra	x7,x14,x10	 x14:0xfffffffe x10:0x80040fe4  x7=0xffffffff
      60705.000 ns	      6069	800014a8	57ed8a93	addi	x21,x27,1406	 x27:0xfffffdea x21=0x00000368
      60725.000 ns	      6071	800014ac	d006a7d3	fcvt.s.w	f15,x13	 x13:0xfffffffd f15=0xc0400000
      60745.000 ns	      6073	800014b0	01c7ddb3	srl	x27,x15,x28	 x15:0x00000000 x28:0x000f011e x27=0x00000000
      60765.000 ns	      6075	800014b4	c000f653	fcvt.w.s	x12,f1	  f1:0x7fc00000 x12=0x7fffffff
      60785.000 ns	      6077	800014b8	2f1ebe13	sltiu	x28,x29,753	 x29:0x00000001 x28=0x00000001
      60825.000 ns	      6081	800014bc	0035f4d3	fadd.s	f9,f11,f3	 f11:0x80000001  f3:0x7fc00000  f9=0x7fc00000
      60845.000 ns	      6083	800014c0	edb5cf13	xori	x30,x11,-293	 x11:0x00000000 x30=0xfffffedb
      60885.000 ns	      6087	800014c4	092c26d3	fsub.s	f13,f24,f18	 f24:0x497011e0 f18:0x7fc00000 f13=0x7fc00000
      60925.000 ns	      6091	800014c8	18acfad3	fdiv.s	f21,f25,f10	 f25:0xcefff7e0 f10:0x7fc00000 f21=0x7fc00000
      60955.000 ns	      6094	800014cc	e00a8fd3	fmv.x.w	x31,f21	 f21:0xcefff7dc x31=0x7fc00000
      60985.000 ns	      6097	800014d0	e00895d3	fclass.s	x11,f17	 f17:0x3f800000 x11=0x00000040
      61005.000 ns	      6099	800014d4	6473a113	slti	x2,x7,1607	  x7:0xffffffff  x2=0x00000001
      61035.000 ns	      6102	800014d8	58087c53	fsqrt.s	f24,f16	 f16:0x7fc00000 f24=0x7fc00000
      61065.000 ns	      6105	800014dc	c008fad3	fcvt.w.s	x21,f17	 f17:0x3f800000 x21=0x00000001
      61085.000 ns	      6107	800014e0	9e0a2213	slti	x4,x20,-1568	 x20:0xa202344a  x4=0x00000001
      61445.000 ns	      6143	800014e4	035cc8b3	div	x17,x25,x21	 x25:0x00000000 x21:0x00000001 x17=0x00000000
      61465.000 ns	      6145	800014e8	003672b3	and	x5,x12,x3	 x12:0x7fffffff  x3:0x00000000  x5=0x00000000
      61485.000 ns	      6147	800014ec	21869cd3	fsgnjn.s	f25,f13,f24	 f13:0x7fc00000 f24:0x7fc00000 f25=0xffc00000
      61505.000 ns	      6149	800014f0	01e79493	slli	x9,x15,0x1e	 x15:0x00000000  x9=0x00000000
      61515.000 ns	      6150	800014f4	01ce1d33	sll	x26,x28,x28	 x28:0x00000001 x28:0x00000001 x26=0x00000002
      61525.000 ns	      6151	800014f8	00a45f93	srli	x31,x8,0xa	  x8:0x00000000 x31=0x00000000
      61545.000 ns	      6153	800014fc	03989e33	mulh	x28,x17,x25	 x17:0x00000000 x25:0x00000000 x28=0x00000000
      61565.000 ns	      6155	80001500	016f21b3	slt	x3,x30,x22	 x30:0xfffffedb x22:0x80041000  x3=0x00000000
      61585.000 ns	      6157	80001504	0283e733	rem	x14,x7,x8	  x7:0xffffffff  x8:0x00000000 x14=0xffffffff
      61605.000 ns	      6159	80001508	01211e13	slli	x28,x2,0x12	  x2:0x00000001 x28=0x00040000
      61625.000 ns	      6161	8000150c	02057cb3	remu	x25,x10,x0	 x10:0x80040fe4  x0:0x00000000 x25=0x80040fe4
      61995.000 ns	      6198	80001510	0242f2b3	remu	x5,x5,x4	  x5:0x00000000  x4:0x00000001  x5=0x00000000
      62025.000 ns	      6201	80001514	29451f53	fmax.s	f30,f10,f20	 f10:0x7fc00000 f20:0x9f350483 f30=0x9f350483
      62045.000 ns	      6203	80001518	ef092793	slti	x15,x18,-272	 x18:0x80041024 x15=0x00000001
      62055.000 ns	      6204	8000151c	87163593	sltiu	x11,x12,-1935	 x12:0x7fffffff x11=0x00000001
      62065.000 ns	      6205	80001520	00000013	addi	x0,x0,0	  x0:0x00000000
      62075.000 ns	      6206	80001524	018b0333	add	x6,x22,x24	 x22:0x80041000 x24:0x00000000  x6=0x80041000
      62095.000 ns	      6208	80001528	211486d3	fsgnj.s	f13,f9,f17	  f9:0x7fc00000 f17:0x3f800000 f13=0x7fc00000
      62125.000 ns	      6211	8000152c	283511d3	fmax.s	f3,f10,f3	 f10:0x7fc00000  f3:0x7fc00000  f3=0x7fc00000
      62155.000 ns	      6214	80001530	a0261653	flt.s	x12,f12,f2	 f12:0x80000001  f2:0x4efff7dc x12=0x00000001
      62205.000 ns	      6219	80001534	01eb7453	fadd.s	f8,f22,f30	 f22:0x00000000 f30:0x9f350483  f8=0x9f350483
      62255.000 ns	      6224	80001538	09ff77d3	fsub.s	f15,f30,f31	 f30:0x9f350483 f31:0xc0800000 f15=0x40800000
      62275.000 ns	      6226	8000153c	95251797	auipc	x15,0x95251	 x15=0x1525253c
      62295.000 ns	      6228	80001540	03c3bdb3	mulhu	x27,x7,x28	  x7:0xffffffff x28:0x00040000 x27=0x0003ffff
      62315.000 ns	      6230	80001544	4158d493	srai	x9,x17,0x15	 x17:0x00000000  x9=0x00000000
      62325.000 ns	      6231	80001548	eb3c7893	andi	x17,x24,-333	 x24:0x00000000 x17=0x00000000
      62335.000 ns	      6232	8000154c	4003d893	srai	x17,x7,0x0	  x7:0xffffffff x17=0xffffffff
      62345.000 ns	      6233	80001550	017e9293	slli	x5,x29,0x17	 x29:0x00000001  x5=0x00800000
      62355.000 ns	      6234	80001554	00bfa5b3	slt	x11,x31,x11	 x31:0x00000000 x11:0x00000001 x11=0x00000001
      62375.000 ns	      6236	80001558	e0098e53	fmv.x.w	x28,f19	 f19:0x7f800000 x28=0x7f800000
      62405.000 ns	      6239	8000155c	d0123b53	fcvt.s.wu	f22,x4	  x4:0x00000001 f22=0x3f800000
      62775.000 ns	      6276	80001560	025d70b3	remu	x1,x26,x5	 x26:0x00000002  x5:0x00800000  x1=0x00000002
      62805.000 ns	      6279	80001564	031c95b3	mulh	x11,x25,x17	 x25:0x80040fe4 x17:0xffffffff x11=0x00000000
      62835.000 ns	      6282	80001568	d0138953	fcvt.s.wu	f18,x7	  x7:0xffffffff f18=0x4f800000
      62865.000 ns	      6285	8000156c	02929db3	mulh	x27,x5,x9	  x5:0x00800000  x9:0x00000000 x27=0x00000000
      62885.000 ns	      6287	80001570	010a9e93	slli	x29,x21,0x10	 x21:0x00000001 x29=0x00010000
      62905.000 ns	      6289	80001574	28a910d3	fmax.s	f1,f18,f10	 f18:0x4f800000 f10:0x7fc00000  f1=0x4f800000
      62935.000 ns	      6292	80001578	a1448fd3	fle.s	x31,f9,f20	  f9:0x7fc00000 f20:0x9f350483 x31=0x00000000
      62965.000 ns	      6295	8000157c	2107abd3	fsgnjx.s	f23,f15,f16	 f15:0x40800000 f16:0x7fc00000 f23=0x40800000
      62985.000 ns	      6297	80001580	019769b3	or	x19,x14,x25	 x14:0xffffffff x25:0x80040fe4 x19=0xffffffff
      62995.000 ns	      6298	80001584	bc8db113	sltiu	x2,x27,-1080	 x27:0x00000000  x2=0x00000001
      63005.000 ns	      6299	80001588	005a1713	slli	x14,x20,0x5	 x20:0xa202344a x14=0x40468940
      63015.000 ns	      6300	8000158c	a6314e13	xori	x28,x2,-1437	  x2:0x00000001 x28=0xfffffa62
      63045.000 ns	      6303	80001590	58061253	fsqrt.s	f4,f12	 f12:0x80000001  f4=0x7fc00000
      63065.000 ns	      6305	80001594	011544b3	xor	x9,x10,x17	 x10:0x80040fe4 x17:0xffffffff  x9=0x7ffbf01b
      63085.000 ns	      6307	80001598	03208733	mul	x14,x1,x18	  x1:0x00000002 x18:0x80041024 x14=0x00082048
      63105.000 ns	      6309	8000159c	0102dd33	srl	x26,x5,x16	  x5:0x00800000 x16:0x00000000 x26=0x00800000
      63115.000 ns	      6310	800015a0	5c63a3b7	lui	x7,0x5c63a	  x7=0x5c63a000
      63135.000 ns	      6312	800015a4	c00177d3	fcvt.w.s	x15,f2	  f2:0x4efff7dc x15=0x7ffbee00
      63155.000 ns	      6314	800015a8	019482b3	add	x5,x9,x25	  x9:0x7ffbf01b x25:0x80040fe4  x5=0xffffffff
      63165.000 ns	      6315	800015ac	003e1893	slli	x17,x28,0x3	 x28:0xfffffa62 x17=0xffffd310
      63175.000 ns	      6316	800015b0	000538b3	sltu	x17,x10,x0	 x10:0x80040fe4  x0:0x00000000 x17=0x00000000
      63195.000 ns	      6318	800015b4	0309f633	remu	x12,x19,x16	 x19:0xffffffff x16:0x00000000 x12=0xffffffff
      63215.000 ns	      6320	800015b8	01fdb833	sltu	x16,x27,x31	 x27:0x00000000 x31:0x00000000 x16=0x00000000
      63225.000 ns	      6321	800015bc	01211593	slli	x11,x2,0x12	  x2:0x00000001 x11=0x00040000
      63245.000 ns	      6323	800015c0	e00c9853	fclass.s	x16,f25	 f25:0xffc00000 x16=0x00000200
      63265.000 ns	      6325	800015c4	238ef413	andi	x8,x29,568	 x29:0x00010000  x8=0x00000000
      63285.000 ns	      6327	800015c8	a12529d3	feq.s	x19,f10,f18	 f10:0x7fc00000 f18:0x4f800000 x19=0x00000000
      63305.000 ns	      6329	800015cc	4130d9b3	sra	x19,x1,x19	  x1:0x00000002 x19:0xffffffff x19=0x00000002
      63665.000 ns	      6365	800015d0	02da5eb3	divu	x29,x20,x13	 x20:0xa202344a x13:0xfffffffd x29=0x00000000
      63695.000 ns	      6368	800015d4	20a00353	fsgnj.s	f6,f0,f10	  f0:0x4fa20230 f10:0x7fc00000  f6=0x4fa20230
      63715.000 ns	      6370	800015d8	de527593	andi	x11,x4,-539	  x4:0x00000001 x11=0x00000001
      63735.000 ns	      6372	800015dc	284b0c53	fmin.s	f24,f22,f4	 f22:0x3f800000  f4:0x7fc00000 f24=0x3f800000
      63765.000 ns	      6375	800015e0	03baa0b3	mulhsu	x1,x21,x27	 x21:0x00000001 x27:0x00000000  x1=0x00000000
      63795.000 ns	      6378	800015e4	024486b3	mul	x13,x9,x4	  x9:0x7ffbf01b  x4:0x00000001 x13=0x7ffbf01b
      63815.000 ns	      6380	800015e8	dc118713	addi	x14,x3,-575	  x3:0x00000000 x14=0xfffffdc1
      63855.000 ns	      6384	800015ec	01f7a9d3	fadd.s	f19,f15,f31	 f15:0x40800000 f31:0xc0800000 f19=0x80000000
      63885.000 ns	      6387	800015f0	205224d3	fsgnjx.s	f9,f4,f5	  f4:0x7fc00000  f5:0x1f350483  f9=0x7fc00000
      63905.000 ns	      6389	800015f4	8cc5e593	ori	x11,x11,-1844	 x11:0x00000001 x11=0xfffff8cd
      63915.000 ns	      6390	800015f8	40275113	srai	x2,x14,0x2	 x14:0xfffffdc1  x2=0xffffff70
      63935.000 ns	      6392	800015fc	a1ed28d3	feq.s	x17,f26,f30	 f26:0x00000000 f30:0x9f350483 x17=0x00000000
      63955.000 ns	      6394	80001600	00000013	addi	x0,x0,0	  x0:0x00000000
      63975.000 ns	      6396	80001604	a104a153	feq.s	x2,f9,f16	  f9:0x7fc00000 f16:0x7fc00000  x2=0x00000000
      64005.000 ns	      6399	80001608	a1218753	fle.s	x14,f3,f18	  f3:0x7fc00000 f18:0x4f800000 x14=0x00000000
      64035.000 ns	      6402	8000160c	03cf26b3	mulhsu	x13,x30,x28	 x30:0xfffffedb x28:0xfffffa62 x13=0xfffffedb
      64055.000 ns	      6404	80001610	41590833	sub	x16,x18,x21	 x18:0x80041024 x21:0x00000001 x16=0x80041023
      64065.000 ns	      6405	80001614	0164b8b3	sltu	x17,x9,x22	  x9:0x7ffbf01b x22:0x80041000 x17=0x00000001
      64075.000 ns	      6406	80001618	1e277f13	andi	x30,x14,482	 x14:0x00000000 x30=0x00000000
      64115.000 ns	      6410	8000161c	01f1f8d3	fadd.s	f17,f3,f31	  f3:0x7fc00000 f31:0xc0800000 f17=0x7fc00000
      64485.000 ns	      6447	80001620	02ca4eb3	div	x29,x20,x12	 x20:0xa202344a x12:0xffffffff x29=0x5dfdcbb6
      64505.000 ns	      6449	80001624	00f10e33	add	x28,x2,x15	  x2:0x00000000 x15:0x7ffbee00 x28=0x7ffbee00
      64525.000 ns	      6451	80001628	03e1bab3	mulhu	x21,x3,x30	  x3:0x00000000 x30:0x00000000 x21=0x00000000
      64545.000 ns	      6453	8000162c	00e956b3	srl	x13,x18,x14	 x18:0x80041024 x14:0x00000000 x13=0x80041024
      64555.000 ns	      6454	80001630	4153d333	sra	x6,x7,x21	  x7:0x5c63a000 x21:0x00000000  x6=0x5c63a000
      64565.000 ns	      6455	80001634	d93481b7	lui	x3,0xd9348	  x3=0xd9348000
      64595.000 ns	      6458	80001638	110098d3	fmul.s	f17,f1,f16	  f1:0x4f800000 f16:0x7fc00000 f17=0x7fc00000
      64625.000 ns	      6461	8000163c	c0007d53	fcvt.w.s	x26,f0	  f0:0x4fa20230 x26=0x7fffffff
      64995.000 ns	      6498	80001640	03307633	remu	x12,x0,x19	  x0:0x00000000 x19:0x00000002 x12=0x00000000
      65335.000 ns	      6532	80001644	19e97cd3	fdiv.s	f25,f18,f30	 f18:0x4f800000 f30:0x9f350483 f25=0xefb4b4b6
      65355.000 ns	      6534	80001648	bad2b797	auipc	x15,0xbad2b	 x15=0x3ad2c648
      65385.000 ns	      6537	8000164c	10a6fa53	fmul.s	f20,f13,f10	 f13:0x7fc00000 f10:0x7fc00000 f20=0x7fc00000
      65755.000 ns	      6574	80001650	023ae233	rem	x4,x21,x3	 x21:0x00000000  x3:0xd9348000  x4=0x00000000
      65775.000 ns	      6576	80001654	000c3133	sltu	x2,x24,x0	 x24:0x00000000  x0:0x00000000  x2=0x00000000
      65795.000 ns	      6578	80001658	28720cd3	fmin.s	f25,f4,f7	  f4:0x7fc00000  f7:0x7f800000 f25=0x7f800000
      65815.000 ns	      6580	8000165c	c31fad97	auipc	x27,0xc31fa	 x27=0x431fb65c
      65825.000 ns	      6581	80001660	00000013	addi	x0,x0,0	  x0:0x00000000
      65845.000 ns	      6583	80001664	030b3ab3	mulhu	x21,x22,x16	 x22:0x80041000 x16:0x80041023 x21=0x40041022
      65865.000 ns	      6585	80001668	00981833	sll	x16,x16,x9	 x16:0x80041023  x9:0x7ffbf01b x16=0x18000000
      65875.000 ns	      6586	8000166c	018cf733	and	x14,x25,x24	 x25:0x80040fe4 x24:0x00000000 x14=0x00000000
      65905.000 ns	      6589	80001670	19377253	fdiv.s	f4,f14,f19	 f14:0x80000001 f19:0x80000000  f4=0x7f800000
      65925.000 ns	      6591	80001674	685e2f93	slti	x31,x28,1669	 x28:0x7ffbee00 x31=0x00000000
      65955.000 ns	      6594	80001678	10d120d3	fmul.s	f1,f2,f13	  f2:0x4efff7dc f13:0x7fc00000  f1=0x7fc00000
      65975.000 ns	      6596	8000167c	c59dfb13	andi	x22,x27,-935	 x27:0x431fb65c x22=0x431fb458
      65995.000 ns	      6598	80001680	a08aa853	feq.s	x16,f21,f8	 f21:0x7fc00000  f8:0x9f350483 x16=0x00000000
      66015.000 ns	      6600	80001684	4182db33	sra	x22,x5,x24	  x5:0xffffffff x24:0x00000000 x22=0xffffffff
      66035.000 ns	      6602	80001688	f0080853	fmv.w.x	f16,x16	 x16:0x00000000 f16=0x00000000
      66055.000 ns	      6604	8000168c	4036d593	srai	x11,x13,0x3	 x13:0x80041024 x11=0xf0008204
      66065.000 ns	      6605	80001690	867bc893	xori	x17,x23,-1945	 x23:0x00000496 x17=0xfffffcf1
      66085.000 ns	      6607	80001694	c007cfd3	fcvt.w.s	x31,f15	 f15:0x40800000 x31=0x00000004
      66105.000 ns	      6609	80001698	00679093	slli	x1,x15,0x6	 x15:0x3ad2c648  x1=0xb4b19200
      66115.000 ns	      6610	8000169c	00b97333	and	x6,x18,x11	 x18:0x80041024 x11:0xf0008204  x6=0x80000004
      66135.000 ns	      6612	800016a0	293892d3	fmax.s	f5,f17,f19	 f17:0x7fc00000 f19:0x80000000  f5=0x80000000
      66155.000 ns	      6614	800016a4	165f2f13	slti	x30,x30,357	 x30:0x00000000 x30=0x00000001
      66195.000 ns	      6618	800016a8	092af4d3	fsub.s	f9,f21,f18	 f21:0x7fc00000 f18:0x4f800000  f9=0x7fc00000
      66225.000 ns	      6621	800016ac	02285db3	divu	x27,x16,x2	 x16:0x00000000  x2:0x00000000 x27=0xffffffff
      66245.000 ns	      6623	800016b0	01357b33	and	x22,x10,x19	 x10:0x80040fe4 x19:0x00000002 x22=0x00000000
      66265.000 ns	      6625	800016b4	e0029d53	fclass.s	x26,f5	  f5:0x80000000 x26=0x00000008
      66295.000 ns	      6628	800016b8	02139333	mulh	x6,x7,x1	  x7:0x5c63a000  x1:0xb4b19200  x6=0xe4d28212
      66665.000 ns	      6665	800016bc	021b4333	div	x6,x22,x1	 x22:0x00000000  x1:0xb4b19200  x6=0x00000000
      66685.000 ns	      6667	800016c0	01ba5093	srli	x1,x20,0x1b	 x20:0xa202344a  x1=0x00000014
      66725.000 ns	      6671	800016c4	084074d3	fsub.s	f9,f0,f4	  f0:0x4fa20230  f4:0x7f800000  f9=0xff800000
      66745.000 ns	      6673	800016c8	009c1b93	slli	x23,x24,0x9	 x24:0x00000000 x23=0x00000000
      66755.000 ns	      6674	800016cc	00641993	slli	x19,x8,0x6	  x8:0x00000000 x19=0x00000000
      66795.000 ns	      6678	800016d0	08bc77d3	fsub.s	f15,f24,f11	 f24:0x3f800000 f11:0x80000001 f15=0x3f800000
      66825.000 ns	      6681	800016d4	03be1ab3	mulh	x21,x28,x27	 x28:0x7ffbee00 x27:0xffffffff x21=0xffffffff
      66855.000 ns	      6684	800016d8	a0102fd3	feq.s	x31,f0,f1	  f0:0x4fa20230  f1:0x7fc00000 x31=0x00000000
      66875.000 ns	      6686	800016dc	38243493	sltiu	x9,x8,898	  x8:0x00000000  x9=0x00000001
      66885.000 ns	      6687	800016e0	003c6bb3	or	x23,x24,x3	 x24:0x00000000  x3:0xd9348000 x23=0xd9348000
      67245.000 ns	      6723	800016e4	03bd6133	rem	x2,x26,x27	 x26:0x00000008 x27:0xffffffff  x2=0x00000000
      67275.000 ns	      6726	800016e8	c0094f53	fcvt.w.s	x30,f18	 f18:0x4f800000 x30=0x7fffffff
      67295.000 ns	      6728	800016ec	001d94b3	sll	x9,x27,x1	 x27:0xffffffff  x1:0x00000014  x9=0xfff00000
      67325.000 ns	      6731	800016f0	1847fdd3	fdiv.s	f27,f15,f4	 f15:0x3f800000  f4:0x7f800000 f27=0x00000000
      67345.000 ns	      6733	800016f4	00000013	addi	x0,x0,0	  x0:0x00000000
      67355.000 ns	      6734	800016f8	9f318113	addi	x2,x3,-1549	  x3:0xd9348000  x2=0xd93479f3
      67385.000 ns	      6737	800016fc	184af453	fdiv.s	f8,f21,f4	 f21:0x7fc00000  f4:0x7f800000  f8=0x7fc00000
      67415.000 ns	      6740	80001700	d016fa53	fcvt.s.wu	f20,x13	 x13:0x80041024 f20=0x4f000410
      67455.000 ns	      6744	80001704	187ff153	fdiv.s	f2,f31,f7	 f31:0xc0800000  f7:0x7f800000  f2=0x80000000
      67475.000 ns	      6746	80001708	411ad733	sra	x14,x21,x17	 x21:0xffffffff x17:0xfffffcf1 x14=0xffffffff
      67495.000 ns	      6748	8000170c	a1711dd3	flt.s	x27,f2,f23	  f2:0x80000000 f23:0x40800000 x27=0x00000001
      67535.000 ns	      6752	80001710	5809f353	fsqrt.s	f6,f19	 f19:0x80000000  f6=0x80000000
      67555.000 ns	      6754	80001714	40a7d833	sra	x16,x15,x10	 x15:0x3ad2c648 x10:0x80040fe4 x16=0x03ad2c64
      67915.000 ns	      6790	80001718	03c4db33	divu	x22,x9,x28	  x9:0xfff00000 x28:0x7ffbee00 x22=0x00000001
      67945.000 ns	      6793	8000171c	207e2453	fsgnjx.s	f8,f28,f7	 f28:0x003c0479  f7:0x7f800000  f8=0x003c0479
      67975.000 ns	      6796	80001720	c012f9d3	fcvt.wu.s	x19,f5	  f5:0x80000000 x19=0x00000000
      67995.000 ns	      6798	80001724	b495fd97	auipc	x27,0xb495f	 x27=0x34960724
      68005.000 ns	      6799	80001728	01d6cd33	xor	x26,x13,x29	 x13:0x80041024 x29:0x5dfdcbb6 x26=0xddf9db92
      68015.000 ns	      6800	8000172c	157a2c93	slti	x25,x20,343	 x20:0xa202344a x25=0x00000001
      68025.000 ns	      6801	80001730	01953833	sltu	x16,x10,x25	 x10:0x80040fe4 x25:0x80040fe4 x16=0x00000000
      68045.000 ns	      6803	80001734	c019fbd3	fcvt.wu.s	x23,f19	 f19:0x80000000 x23=0x00000000
      68075.000 ns	      6806	80001738	028b2f33	mulhsu	x30,x22,x8	 x22:0x00000001  x8:0x00000000 x30=0x00000000
      68095.000 ns	      6808	8000173c	01bb1e93	slli	x29,x22,0x1b	 x22:0x00000001 x29=0x08000000
      68115.000 ns	      6810	80001740	d0090ed3	fcvt.s.w	f29,x18	 x18:0x80041024 f29=0xcefff7df
      68165.000 ns	      6815	80001744	09bfaf53	fsub.s	f30,f31,f27	 f31:0xc0800000 f27:0x00000000 f30=0xc0800000
      68185.000 ns	      6817	80001748	c772c797	auipc	x15,0xc772c	 x15=0x4772d748
      68215.000 ns	      6820	8000174c	183c24d3	fdiv.s	f9,f24,f3	 f24:0x3f800000  f3:0x7fc00000  f9=0x7fc00000
      68255.000 ns	      6824	80001750	1134fb53	fmul.s	f22,f9,f19	  f9:0xff800000 f19:0x80000000 f22=0x7fc00000
      68285.000 ns	      6827	80001754	28601353	fmax.s	f6,f0,f6	  f0:0x4fa20230  f6:0x80000000  f6=0x4fa20230
      68315.000 ns	      6830	80001758	e0021f53	fclass.s	x30,f4	  f4:0x7f800000 x30=0x00000080
      68335.000 ns	      6832	8000175c	e9933593	sltiu	x11,x6,-359	  x6:0x00000000 x11=0x00000001
      68345.000 ns	      6833	80001760	413a00b3	sub	x1,x20,x19	 x20:0xa202344a x19:0x00000000  x1=0xa202344a
      68365.000 ns	      6835	80001764	f0010a53	fmv.w.x	f20,x2	  x2:0xd93479f3 f20=0xd93479f3
      68395.000 ns	      6838	80001768	e00b1dd3	fclass.s	x27,f22	 f22:0x7fc00000 x27=0x00000200
      68425.000 ns	      6841	8000176c	219d0a53	fsgnj.s	f20,f26,f25	 f26:0x00000000 f25:0x7f800000 f20=0x00000000
      68445.000 ns	      6843	80001770	5be67313	andi	x6,x12,1470	 x12:0x00000000  x6=0x00000000
      68455.000 ns	      6844	80001774	00468133	add	x2,x13,x4	 x13:0x80041024  x4:0x00000000  x2=0x80041024
      68465.000 ns	      6845	80001778	40c95733	sra	x14,x18,x12	 x18:0x80041024 x12:0x00000000 x14=0x80041024
      68475.000 ns	      6846	8000177c	01fd31b3	sltu	x3,x26,x31	 x26:0xddf9db92 x31:0x00000000  x3=0x00000000
      68485.000 ns	      6847	80001780	01357db3	and	x27,x10,x19	 x10:0x80040fe4 x19:0x00000000 x27=0x00000000
      68495.000 ns	      6848	80001784	f1a8fb93	andi	x23,x17,-230	 x17:0xfffffcf1 x23=0xfffffc10
      68505.000 ns	      6849	80001788	30d51cb7	lui	x25,0x30d51	 x25=0x30d51000
      68515.000 ns	      6850	8000178c	002c1393	slli	x7,x24,0x2	 x24:0x00000000  x7=0x00000000
      68525.000 ns	      6851	80001790	23e785b7	lui	x11,0x23e78	 x11=0x23e78000
      68535.000 ns	      6852	80001794	0082e633	or	x12,x5,x8	  x5:0xffffffff  x8:0x00000000 x12=0xffffffff
      68555.000 ns	      6854	80001798	e0059fd3	fclass.s	x31,f11	 f11:0x80000001 x31=0x00000004
      68575.000 ns	      6856	8000179c	01c909b3	add	x19,x18,x28	 x18:0x80041024 x28:0x7ffbee00 x19=0xfffffe24
      68585.000 ns	      6857	800017a0	00000013	addi	x0,x0,0	  x0:0x00000000
      68605.000 ns	      6859	800017a4	d00970d3	fcvt.s.w	f1,x18	 x18:0x80041024  f1=0xcefff7df
      68625.000 ns	      6861	800017a8	015fdb33	srl	x22,x31,x21	 x31:0x00000004 x21:0xffffffff x22=0x00000000
      68635.000 ns	      6862	800017ac	abd6a693	slti	x13,x13,-1347	 x13:0x80041024 x13=0x00000001
      68675.000 ns	      6866	800017b0	0889cbd3	fsub.s	f23,f19,f8	 f19:0x80000000  f8:0x003c0479 f23=0x803c0479
      68715.000 ns	      6870	800017b4	11d471d3	fmul.s	f3,f8,f29	  f8:0x003c0479 f29:0xcefff7df  f3=0x8f700a44
      68745.000 ns	      6873	800017b8	29331f53	fmax.s	f30,f6,f19	  f6:0x4fa20230 f19:0x80000000 f30=0x4fa20230
      69115.000 ns	      6910	800017bc	03d2c633	div	x12,x5,x29	  x5:0xffffffff x29:0x08000000 x12=0x00000000
      69135.000 ns	      6912	800017c0	00000013	addi	x0,x0,0	  x0:0x00000000
      69145.000 ns	      6913	800017c4	7ee1bf13	sltiu	x30,x3,2030	  x3:0x00000000 x30=0x00000001
      69165.000 ns	      6915	800017c8	210daf53	fsgnjx.s	f30,f27,f16	 f27:0x00000000 f16:0x00000000 f30=0x00000000
      69185.000 ns	      6917	800017cc	0054b8b3	sltu	x17,x9,x5	  x9:0xfff00000  x5:0xffffffff x17=0x00000001
      69215.000 ns	      6920	800017d0	193299d3	fdiv.s	f19,f5,f19	  f5:0x80000000 f19:0x80000000 f19=0x7fc00000
      69245.000 ns	      6923	800017d4	038a4c33	div	x24,x20,x24	 x20:0xa202344a x24:0x00000000 x24=0xffffffff
      69265.000 ns	      6925	800017d8	01aa5113	srli	x2,x20,0x1a	 x20:0xa202344a  x2=0x00000028
      69275.000 ns	      6926	800017dc	1e30f693	andi	x13,x1,483	  x1:0xa202344a x13=0x00000042
      69285.000 ns	      6927	800017e0	01e29b93	slli	x23,x5,0x1e	  x5:0xffffffff x23=0xc0000000
      69315.000 ns	      6930	800017e4	10faba53	fmul.s	f20,f21,f15	 f21:0x7fc00000 f15:0x3f800000 f20=0x7fc00000
      69345.000 ns	      6933	800017e8	e00882d3	fmv.x.w	x5,f17	 f17:0x7fc00000  x5=0x7fc00000
      69395.000 ns	      6938	800017ec	00d672d3	fadd.s	f5,f12,f13	 f12:0x80000001 f13:0x7fc00000  f5=0x7fc00000
      69425.000 ns	      6941	800017f0	299d0453	fmin.s	f8,f26,f25	 f26:0x00000000 f25:0x7f800000  f8=0x00000000
      69445.000 ns	      6943	800017f4	70960217	auipc	x4,0x70960	  x4=0xf09617f4
      69455.000 ns	      6944	800017f8	57b27b17	auipc	x22,0x57b27	 x22=0xd7b287f8
      69475.000 ns	      6946	800017fc	e00996d3	fclass.s	x13,f19	 f19:0x7fc00000 x13=0x00000200
      69495.000 ns	      6948	80001800	0029d1b3	srl	x3,x19,x2	 x19:0xfffffe24  x2:0x00000028  x3=0x00fffffe
      69535.000 ns	      6952	80001804	08497453	fsub.s	f8,f18,f4	 f18:0x4f800000  f4:0x7f800000  f8=0xff800000
      69575.000 ns	      6956	80001808	1990f2d3	fdiv.s	f5,f1,f25	  f1:0xcefff7df f25:0x7f800000  f5=0x80000000
      69595.000 ns	      6958	8000180c	011929b3	slt	x19,x18,x17	 x18:0x80041024 x17:0x00000001 x19=0x00000001
      69605.000 ns	      6959	80001810	45287293	andi	x5,x16,1106	 x16:0x00000000  x5=0x00000000
      69615.000 ns	      6960	80001814	01063133	sltu	x2,x12,x16	 x12:0x00000000 x16:0x00000000  x2=0x00000000
      69625.000 ns	      6961	80001818	00068833	add	x16,x13,x0	 x13:0x00000200  x0:0x00000000 x16=0x00000200
      69645.000 ns	      6963	8000181c	028c91b3	mulh	x3,x25,x8	 x25:0x30d51000  x8:0x00000000  x3=0x00000000
      69665.000 ns	      6965	80001820	0ed5fc93	andi	x25,x11,237	 x11:0x23e78000 x25=0x00000000
      70025.000 ns	      7001	80001824	03a1c9b3	div	x19,x3,x26	  x3:0x00000000 x26:0xddf9db92 x19=0x00000000
      70055.000 ns	      7004	80001828	20460c53	fsgnj.s	f24,f12,f4	 f12:0x80000001  f4:0x7f800000 f24=0x00000001
      70395.000 ns	      7038	8000182c	198071d3	fdiv.s	f3,f0,f24	  f0:0x4fa20230 f24:0x3f800000  f3=0x7f800000
      70435.000 ns	      7042	80001830	580bb3d3	fsqrt.s	f7,f23	 f23:0x803c0479  f7=0x7fc00000
      70485.000 ns	      7047	80001834	09e60053	fsub.s	f0,f12,f30	 f12:0x80000001 f30:0x00000000  f0=0x80000001
      70525.000 ns	      7051	80001838	112d1cd3	fmul.s	f25,f26,f18	 f26:0x00000000 f18:0x4f800000 f25=0x00000000
      70545.000 ns	      7053	8000183c	018dc7b3	xor	x15,x27,x24	 x27:0x00000000 x24:0xffffffff x15=0xffffffff
      70565.000 ns	      7055	80001840	02e898b3	mulh	x17,x17,x14	 x17:0x00000001 x14:0x80041024 x17=0xffffffff
      70585.000 ns	      7057	80001844	41ab0033	sub	x0,x22,x26	 x22:0xd7b287f8 x26:0xddf9db92
      70595.000 ns	      7058	80001848	01fda3b3	slt	x7,x27,x31	 x27:0x00000000 x31:0x00000004  x7=0x00000001
      70615.000 ns	      7060	8000184c	217e2a53	fsgnjx.s	f20,f28,f23	 f28:0x003c0479 f23:0x803c0479 f20=0x803c0479
      70635.000 ns	      7062	80001850	406ed333	sra	x6,x29,x6	 x29:0x08000000  x6:0x00000000  x6=0x08000000
      70655.000 ns	      7064	80001854	a0b193d3	flt.s	x7,f3,f11	  f3:0x7f800000 f11:0x80000001  x7=0x00000000
      70675.000 ns	      7066	80001858	01efa4b3	slt	x9,x31,x30	 x31:0x00000004 x30:0x00000001  x9=0x00000000
      70685.000 ns	      7067	8000185c	6582c637	lui	x12,0x6582c	 x12=0x6582c000
      70705.000 ns	      7069	80001860	f00b0753	fmv.w.x	f14,x22	 x22:0xd7b287f8 f14=0xd7b287f8
      70755.000 ns	      7074	80001864	0909b353	fsub.s	f6,f19,f16	 f19:0x7fc00000 f16:0x00000000  f6=0x7fc00000
      70775.000 ns	      7076	80001868	01e37fb3	and	x31,x6,x30	  x6:0x08000000 x30:0x00000001 x31=0x00000000
      70795.000 ns	      7078	8000186c	e00e0353	fmv.x.w	x6,f28	 f28:0x003c0479  x6=0x003c0479
      70825.000 ns	      7081	80001870	28131753	fmax.s	f14,f6,f1	  f6:0x7fc00000  f1:0xcefff7df f14=0xcefff7df
      70855.000 ns	      7084	80001874	f00707d3	fmv.w.x	f15,x14	 x14:0x80041024 f15=0x80041024
      70875.000 ns	      7086	80001878	009cf9b3	and	x19,x25,x9	 x25:0x00000000  x9:0x00000000 x19=0x00000000
      70885.000 ns	      7087	8000187c	00206b33	or	x22,x0,x2	  x0:0x00000000  x2:0x00000000 x22=0x00000000
      70895.000 ns	      7088	80001880	90478493	addi	x9,x15,-1788	 x15:0xffffffff  x9=0xfffff903
      70905.000 ns	      7089	80001884	1cc2b313	sltiu	x6,x5,460	  x5:0x00000000  x6=0x00000001
      70915.000 ns	      7090	80001888	0000bc93	sltiu	x25,x1,0	  x1:0xa202344a x25=0x00000000
      70935.000 ns	      7092	8000188c	f0090053	fmv.w.x	f0,x18	 x18:0x80041024  f0=0x80041024
      70965.000 ns	      7095	80001890	a18fa853	feq.s	x16,f31,f24	 f31:0xc0800000 f24:0x00000001 x16=0x00000000
      71005.000 ns	      7099	80001894	1803b3d3	fdiv.s	f7,f7,f0	  f7:0x7fc00000  f0:0x80041024  f7=0x7fc00000
      71025.000 ns	      7101	80001898	00a49f33	sll	x30,x9,x10	  x9:0xfffff903 x10:0x80040fe4 x30=0xffff9030
      71035.000 ns	      7102	8000189c	009e8d33	add	x26,x29,x9	 x29:0x08000000  x9:0xfffff903 x26=0x07fff903
      71045.000 ns	      7103	800018a0	452ff113	andi	x2,x31,1106	 x31:0x00000000  x2=0x00000000
      71055.000 ns	      7104	800018a4	415753b3	sra	x7,x14,x21	 x14:0x80041024 x21:0xffffffff  x7=0xffffffff
      71065.000 ns	      7105	800018a8	41100b33	sub	x22,x0,x17	  x0:0x00000000 x17:0xffffffff x22=0x00000001
      71075.000 ns	      7106	800018ac	ccb60993	addi	x19,x12,-821	 x12:0x6582c000 x19=0x6582bccb
      71085.000 ns	      7107	800018b0	016dc033	xor	x0,x27,x22	 x27:0x00000000 x22:0x00000000
      71095.000 ns	      7108	800018b4	0168d8b3	srl	x17,x17,x22	 x17:0xffffffff x22:0x00000001 x17=0x7fffffff
      71135.000 ns	      7112	800018b8	01351553	fadd.s	f10,f10,f19	 f10:0x7fc00000 f19:0x7fc00000 f10=0x7fc00000
      71185.000 ns	      7117	800018bc	00987ad3	fadd.s	f21,f16,f9	 f16:0x00000000  f9:0x7fc00000 f21=0x7fc00000
      71205.000 ns	      7119	800018c0	4108d333	sra	x6,x17,x16	 x17:0x7fffffff x16:0x00000000  x6=0x7fffffff
      71225.000 ns	      7121	800018c4	c017acd3	fcvt.wu.s	x25,f15	 f15:0x80041024 x25=0x00000000
      71245.000 ns	      7123	800018c8	00117e33	and	x28,x2,x1	  x2:0x00000000  x1:0xa202344a x28=0x00000000
      71255.000 ns	      7124	800018cc	aff26a93	ori	x21,x4,-1281	  x4:0xf09617f4 x21=0xffffffff
      71265.000 ns	      7125	800018d0	5680d6b7	lui	x13,0x5680d	 x13=0x5680d000
      71285.000 ns	      7127	800018d4	c002ae53	fcvt.w.s	x28,f5	  f5:0x80000000 x28=0x00000000
      71305.000 ns	      7129	800018d8	01bec133	xor	x2,x29,x27	 x29:0x08000000 x27:0x00000000  x2=0x08000000
      71315.000 ns	      7130	800018dc	019d72b3	and	x5,x26,x25	 x26:0x07fff903 x25:0x00000000  x5=0x00000000
      71335.000 ns	      7132	800018e0	216f88d3	fsgnj.s	f17,f31,f22	 f31:0xc0800000 f22:0x7fc00000 f17=0x40800000
      71365.000 ns	      7135	800018e4	29a29453	fmax.s	f8,f5,f26	  f5:0x80000000 f26:0x00000000  f8=0x00000000
      71385.000 ns	      7137	800018e8	ef60b6b7	lui	x13,0xef60b	 x13=0xef60b000
      71745.000 ns	      7173	800018ec	02bcf6b3	remu	x13,x25,x11	 x25:0x00000000 x11:0x23e78000 x13=0x00000000
      71775.000 ns	      7176	800018f0	a0f720d3	feq.s	x1,f14,f15	 f14:0xcefff7df f15:0x80041024  x1=0x00000000
      71805.000 ns	      7179	800018f4	03ba8bb3	mul	x23,x21,x27	 x21:0xffffffff x27:0x00000000 x23=0x00000000
      71835.000 ns	      7182	800018f8	296c0153	fmin.s	f2,f24,f22	 f24:0x00000001 f22:0x7fc00000  f2=0x00000001
      71865.000 ns	      7185	800018fc	02fe8833	mul	x16,x29,x15	 x29:0x08000000 x15:0xffffffff x16=0xf8000000
      71885.000 ns	      7187	80001900	01110b33	add	x22,x2,x17	  x2:0x08000000 x17:0x7fffffff x22=0x87ffffff
      71895.000 ns	      7188	80001904	415f0733	sub	x14,x30,x21	 x30:0xffff9030 x21:0xffffffff x14=0xffff9031
      71905.000 ns	      7189	80001908	fc6a6993	ori	x19,x20,-58	 x20:0xa202344a x19=0xffffffce
      71935.000 ns	      7192	8000190c	107ff953	fmul.s	f18,f31,f7	 f31:0xc0800000  f7:0x7fc00000 f18=0x7fc00000
      71975.000 ns	      7196	80001910	58019553	fsqrt.s	f10,f3	  f3:0x7f800000 f10=0x7f800000
      71995.000 ns	      7198	80001914	7014b693	sltiu	x13,x9,1793	  x9:0xfffff903 x13=0x00000000
      72015.000 ns	      7200	80001918	02079db3	mulh	x27,x15,x0	 x15:0xffffffff  x0:0x00000000 x27=0x00000000
      72045.000 ns	      7203	8000191c	027889b3	mul	x19,x17,x7	 x17:0x7fffffff  x7:0xffffffff x19=0x80000001
      72075.000 ns	      7206	80001920	024634b3	mulhu	x9,x12,x4	 x12:0x6582c000  x4:0xf09617f4  x9=0x5f66181b
      72095.000 ns	      7208	80001924	0065afb3	slt	x31,x11,x6	 x11:0x23e78000  x6:0x7fffffff x31=0x00000001
      72105.000 ns	      7209	80001928	015c5833	srl	x16,x24,x21	 x24:0xffffffff x21:0xffffffff x16=0x00000001
      72125.000 ns	      7211	8000192c	28aa0dd3	fmin.s	f27,f20,f10	 f20:0x803c0479 f10:0x7f800000 f27=0x803c0479
      72155.000 ns	      7214	80001930	a069a2d3	feq.s	x5,f19,f6	 f19:0x7fc00000  f6:0x7fc00000  x5=0x00000000
      72175.000 ns	      7216	80001934	01fac2b3	xor	x5,x21,x31	 x21:0xffffffff x31:0x00000001  x5=0xfffffffe
      72185.000 ns	      7217	80001938	014bbab3	sltu	x21,x23,x20	 x23:0x00000000 x20:0xa202344a x21=0x00000001
      72195.000 ns	      7218	8000193c	0057e033	or	x0,x15,x5	 x15:0xffffffff  x5:0x00000000
      72205.000 ns	      7219	80001940	002970b3	and	x1,x18,x2	 x18:0x80041024  x2:0x08000000  x1=0x00000000
      72225.000 ns	      7221	80001944	0302a633	mulhsu	x12,x5,x16	  x5:0xfffffffe x16:0x00000001 x12=0xffffffff
      72245.000 ns	      7223	80001948	0024a9b3	slt	x19,x9,x2	  x9:0x5f66181b  x2:0x08000000 x19=0x00000000
      72265.000 ns	      7225	8000194c	29f40353	fmin.s	f6,f8,f31	  f8:0x00000000 f31:0xc0800000  f6=0xc0800000
      72285.000 ns	      7227	80001950	00a45113	srli	x2,x8,0xa	  x8:0x00000000  x2=0x00000000
      72295.000 ns	      7228	80001954	c9ef8393	addi	x7,x31,-866	 x31:0x00000001  x7=0xfffffc9f
      72305.000 ns	      7229	80001958	01ae5ab3	srl	x21,x28,x26	 x28:0x00000000 x26:0x07fff903 x21=0x00000000
      72315.000 ns	      7230	8000195c	ec7db093	sltiu	x1,x27,-313	 x27:0x00000000  x1=0x00000001
      72325.000 ns	      7231	80001960	003206b3	add	x13,x4,x3	  x4:0xf09617f4  x3:0x00000000 x13=0xf09617f4
      72335.000 ns	      7232	80001964	01c41233	sll	x4,x8,x28	  x8:0x00000000 x28:0x00000000  x4=0x00000000
      72345.000 ns	      7233	80001968	3337ae17	auipc	x28,0x3337a	 x28=0xb337b968
      72385.000 ns	      7237	8000196c	08bcccd3	fsub.s	f25,f25,f11	 f25:0x00000000 f11:0x80000001 f25=0x00000001
      72405.000 ns	      7239	80001970	005c78b3	and	x17,x24,x5	 x24:0xffffffff  x5:0xfffffffe x17=0xfffffffe
      72425.000 ns	      7241	80001974	c0127f53	fcvt.wu.s	x30,f4	  f4:0x7f800000 x30=0xffffffff
      72445.000 ns	      7243	80001978	95638293	addi	x5,x7,-1706	  x7:0xfffffc9f  x5=0xfffff5f5
      72465.000 ns	      7245	8000197c	023aa133	mulhsu	x2,x21,x3	 x21:0x00000000  x3:0x00000000  x2=0x00000000
      72485.000 ns	      7247	80001980	4055d333	sra	x6,x11,x5	 x11:0x23e78000  x5:0xfffffffe  x6=0x0000011f
      72495.000 ns	      7248	80001984	00cdfcb3	and	x25,x27,x12	 x27:0x00000000 x12:0xffffffff x25=0x00000000
      72505.000 ns	      7249	80001988	7ce54413	xori	x8,x10,1998	 x10:0x80040fe4  x8=0x8004082a
      72515.000 ns	      7250	8000198c	69083793	sltiu	x15,x16,1680	 x16:0x00000001 x15=0x00000001
      72525.000 ns	      7251	80001990	01ff5e13	srli	x28,x30,0x1f	 x30:0xffffffff x28=0x00000001
      72545.000 ns	      7253	80001994	20298b53	fsgnj.s	f22,f19,f2	 f19:0x7fc00000  f2:0x00000001 f22=0x7fc00000
      72565.000 ns	      7255	80001998	b42aef93	ori	x31,x21,-1214	 x21:0x00000000 x31=0xfffffb42
      72575.000 ns	      7256	8000199c	013a17b3	sll	x15,x20,x19	 x20:0xa202344a x19:0x00000000 x15=0xa202344a
      72585.000 ns	      7257	800019a0	00000013	addi	x0,x0,0	  x0:0x00000000
      72595.000 ns	      7258	800019a4	41605493	srai	x9,x0,0x16	  x0:0x00000000  x9=0x00000000
      72615.000 ns	      7260	800019a8	c008f1d3	fcvt.w.s	x3,f17	 f17:0x40800000  x3=0x00000004
      72645.000 ns	      7263	800019ac	e0090853	fmv.x.w	x16,f18	 f18:0x7fc00000 x16=0x7fc00000
      73015.000 ns	      7300	800019b0	034b4633	div	x12,x22,x20	 x22:0x87ffffff x20:0xa202344a x12=0x00000001
      73065.000 ns	      7305	800019b4	01357553	fadd.s	f10,f10,f19	 f10:0x7f800000 f19:0x7fc00000 f10=0x7fc00000
      73085.000 ns	      7307	800019b8	016c15b3	sll	x11,x24,x22	 x24:0xffffffff x22:0x87ffffff x11=0x80000000
      73095.000 ns	      7308	800019bc	419487b3	sub	x15,x9,x25	  x9:0x00000000 x25:0x00000000 x15=0x00000000
      73105.000 ns	      7309	800019c0	00000013	addi	x0,x0,0	  x0:0x00000000
      73125.000 ns	      7311	800019c4	a0c59353	flt.s	x6,f11,f12	 f11:0x80000001 f12:0x80000001  x6=0x00000000
      73155.000 ns	      7314	800019c8	20369dd3	fsgnjn.s	f27,f13,f3	 f13:0x7fc00000  f3:0x7f800000 f27=0xffc00000
      73185.000 ns	      7317	800019cc	d01af2d3	fcvt.s.wu	f5,x21	 x21:0x00000000  f5=0x00000000
      73205.000 ns	      7319	800019d0	0189ab33	slt	x22,x19,x24	 x19:0x00000000 x24:0xffffffff x22=0x00000000
      73225.000 ns	      7321	800019d4	c00d9653	fcvt.w.s	x12,f27	 f27:0xffc00000 x12=0x7fffffff
      73255.000 ns	      7324	800019d8	c01b8ad3	fcvt.wu.s	x21,f23	 f23:0x803c0479 x21=0x00000000
      73275.000 ns	      7326	800019dc	014872b3	and	x5,x16,x20	 x16:0x7fc00000 x20:0xa202344a  x5=0x22000000
      73285.000 ns	      7327	800019e0	08de3f13	sltiu	x30,x28,141	 x28:0x00000001 x30=0x00000001
      73295.000 ns	      7328	800019e4	413b0833	sub	x16,x22,x19	 x22:0x00000000 x19:0x00000000 x16=0x00000000
      73315.000 ns	      7330	800019e8	f00f81d3	fmv.w.x	f3,x31	 x31:0xfffffb42  f3=0xfffffb42
      73345.000 ns	      7333	800019ec	c01db453	fcvt.wu.s	x8,f27	 f27:0xffc00000  x8=0xffffffff
      73375.000 ns	      7336	800019f0	21219753	fsgnjn.s	f14,f3,f18	  f3:0xfffffb42 f18:0x7fc00000 f14=0xfffffb42
      73395.000 ns	      7338	800019f4	01e55093	srli	x1,x10,0x1e	 x10:0x80040fe4  x1=0x00000002
      73405.000 ns	      7339	800019f8	d4cd3e93	sltiu	x29,x26,-692	 x26:0x07fff903 x29=0x00000001
      73425.000 ns	      7341	800019fc	a0721dd3	flt.s	x27,f4,f7	  f4:0x7f800000  f7:0x7fc00000 x27=0x00000000
      73445.000 ns	      7343	80001a00	c44ca693	slti	x13,x25,-956	 x25:0x00000000 x13=0x00000000
      73805.000 ns	      7379	80001a04	027dc033	div	x0,x27,x7	 x27:0x00000000  x7:0xfffffc9f
      73835.000 ns	      7382	80001a08	021883b3	mul	x7,x17,x1	 x17:0xfffffffe  x1:0x00000002  x7=0xfffffffc
      73865.000 ns	      7385	80001a0c	03263b33	mulhu	x22,x12,x18	 x12:0x7fffffff x18:0x80041024 x22=0x40020811
      73895.000 ns	      7388	80001a10	035fde33	divu	x28,x31,x21	 x31:0xfffffb42 x21:0x00000000 x28=0xffffffff
      73925.000 ns	      7391	80001a14	20dd1953	fsgnjn.s	f18,f26,f13	 f26:0x00000000 f13:0x7fc00000 f18=0x80000000
      73955.000 ns	      7394	80001a18	215aaad3	fsgnjx.s	f21,f21,f21	 f21:0x7fc00000 f21:0x7fc00000 f21=0x7fc00000
      73985.000 ns	      7397	80001a1c	21152fd3	fsgnjx.s	f31,f10,f17	 f10:0x7fc00000 f17:0x40800000 f31=0x7fc00000
      74015.000 ns	      7400	80001a20	e00b0053	fmv.x.w	x0,f22	 f22:0x7fc00000
      74045.000 ns	      7403	80001a24	a0a42e53	feq.s	x28,f8,f10	  f8:0x00000000 f10:0x7fc00000 x28=0x00000000
      74065.000 ns	      7405	80001a28	004c96b3	sll	x13,x25,x4	 x25:0x00000000  x4:0x00000000 x13=0x00000000
      74085.000 ns	      7407	80001a2c	213899d3	fsgnjn.s	f19,f17,f19	 f17:0x40800000 f19:0x7fc00000 f19=0xc0800000
      74105.000 ns	      7409	80001a30	00d827b3	slt	x15,x16,x13	 x16:0x00000000 x13:0x00000000 x15=0x00000000
      74115.000 ns	      7410	80001a34	00295233	srl	x4,x18,x2	 x18:0x80041024  x2:0x00000000  x4=0x80041024
      74145.000 ns	      7413	80001a38	11bb2253	fmul.s	f4,f22,f27	 f22:0x7fc00000 f27:0xffc00000  f4=0x7fc00000
      74165.000 ns	      7415	80001a3c	cd68ce13	xori	x28,x17,-810	 x17:0xfffffffe x28=0x00000328
      74185.000 ns	      7417	80001a40	a14ca453	feq.s	x8,f25,f20	 f25:0x00000001 f20:0x803c0479  x8=0x00000000
      74205.000 ns	      7419	80001a44	00ad24b3	slt	x9,x26,x10	 x26:0x07fff903 x10:0x80040fe4  x9=0x00000000
      74215.000 ns	      7420	80001a48	4092d193	srai	x3,x5,0x9	  x5:0x22000000  x3=0x00110000
      74235.000 ns	      7422	80001a4c	e00a15d3	fclass.s	x11,f20	 f20:0x803c0479 x11=0x00000004
      74265.000 ns	      7425	80001a50	03f483b3	mul	x7,x9,x31	  x9:0x00000000 x31:0xfffffb42  x7=0x00000000
      74285.000 ns	      7427	80001a54	0fb44b93	xori	x23,x8,251	  x8:0x00000000 x23=0x000000fb
      74295.000 ns	      7428	80001a58	751d8493	addi	x9,x27,1873	 x27:0x00000000  x9=0x00000751
      74315.000 ns	      7430	80001a5c	20ad0453	fsgnj.s	f8,f26,f10	 f26:0x00000000 f10:0x7fc00000  f8=0x00000000
      74335.000 ns	      7432	80001a60	7d948113	addi	x2,x9,2009	  x9:0x00000000  x2=0x00000f2a
      74365.000 ns	      7435	80001a64	1155f4d3	fmul.s	f9,f11,f21	 f11:0x80000001 f21:0x7fc00000  f9=0x7fc00000
      74405.000 ns	      7439	80001a68	11348053	fmul.s	f0,f9,f19	  f9:0x7fc00000 f19:0xc0800000  f0=0x7fc00000
      74435.000 ns	      7442	80001a6c	a1209853	flt.s	x16,f1,f18	  f1:0xcefff7df f18:0x80000000 x16=0x00000001
      74465.000 ns	      7445	80001a70	203b28d3	fsgnjx.s	f17,f22,f3	 f22:0x7fc00000  f3:0xfffffb42 f17=0xffc00000
      74495.000 ns	      7448	80001a74	d004f0d3	fcvt.s.w	f1,x9	  x9:0x00000751  f1=0x44ea2000
      74525.000 ns	      7451	80001a78	20612053	fsgnjx.s	f0,f2,f6	  f2:0x00000001  f6:0xc0800000  f0=0x80000001
      74545.000 ns	      7453	80001a7c	5709d7b7	lui	x15,0x5709d	 x15=0x5709d000
      74555.000 ns	      7454	80001a80	00000013	addi	x0,x0,0	  x0:0x00000000
      74575.000 ns	      7456	80001a84	a06821d3	feq.s	x3,f16,f6	 f16:0x00000000  f6:0xc0800000  x3=0x00000000
      74605.000 ns	      7459	80001a88	c00d0f53	fcvt.w.s	x30,f26	 f26:0x00000000 x30=0x00000000
      74635.000 ns	      7462	80001a8c	e00c8ad3	fmv.x.w	x21,f25	 f25:0x00000001 x21=0x00000001
      74655.000 ns	      7464	80001a90	00000013	addi	x0,x0,0	  x0:0x00000000
      74665.000 ns	      7465	80001a94	002fee33	or	x28,x31,x2	 x31:0xfffffb42  x2:0x00000f2a x28=0xffffff6a
      74685.000 ns	      7467	80001a98	035e1633	mulh	x12,x28,x21	 x28:0x00000328 x21:0x00000001 x12=0xffffffff
      74715.000 ns	      7470	80001a9c	c0177153	fcvt.wu.s	x2,f14	 f14:0xfffffb42  x2=0xffffffff
      75085.000 ns	      7507	80001aa0	0320e5b3	rem	x11,x1,x18	  x1:0x00000002 x18:0x80041024 x11=0x00000002
      75115.000 ns	      7510	80001aa4	e00415d3	fclass.s	x11,f8	  f8:0x00000000 x11=0x00000010
      75145.000 ns	      7513	80001aa8	a1799353	flt.s	x6,f19,f23	 f19:0xc0800000 f23:0x803c0479  x6=0x00000001
      75175.000 ns	      7516	80001aac	208badd3	fsgnjx.s	f27,f23,f8	 f23:0x803c0479  f8:0x00000000 f27=0x803c0479
      75215.000 ns	      7520	80001ab0	1802fe53	fdiv.s	f28,f5,f0	  f5:0x00000000  f0:0x80000001 f28=0x80000000
      75265.000 ns	      7525	80001ab4	00797953	fadd.s	f18,f18,f7	 f18:0x80000000  f7:0x7fc00000 f18=0x7fc00000
      75285.000 ns	      7527	80001ab8	01bf9e93	slli	x29,x31,0x1b	 x31:0xfffffb42 x29=0x10000000
      75295.000 ns	      7528	80001abc	881ac593	xori	x11,x21,-1919	 x21:0x00000001 x11=0xfffff880
      75315.000 ns	      7530	80001ac0	d0162a53	fcvt.s.wu	f20,x12	 x12:0xffffffff f20=0x4f800000
      75345.000 ns	      7533	80001ac4	e00c1b53	fclass.s	x22,f24	 f24:0x00000001 x22=0x00000020
      75375.000 ns	      7536	80001ac8	28d28b53	fmin.s	f22,f5,f13	  f5:0x00000000 f13:0x7fc00000 f22=0x00000000
      75405.000 ns	      7539	80001acc	f00085d3	fmv.w.x	f11,x1	  x1:0x00000002 f11=0x00000002
      75425.000 ns	      7541	80001ad0	5520a193	slti	x3,x1,1362	  x1:0x00000002  x3=0x00000001
      75435.000 ns	      7542	80001ad4	f4b56f13	ori	x30,x10,-181	 x10:0x80040fe4 x30=0xffffffef
      75445.000 ns	      7543	80001ad8	5a55fc13	andi	x24,x11,1445	 x11:0xfffff880 x24=0x00000080
      75805.000 ns	      7579	80001adc	032863b3	rem	x7,x16,x18	 x16:0x00000001 x18:0x80041024  x7=0x00000001
      75825.000 ns	      7581	80001ae0	01036d33	or	x26,x6,x16	  x6:0x00000001 x16:0x00000001 x26=0x00000001
      75845.000 ns	      7583	80001ae4	205f1353	fsgnjn.s	f6,f30,f5	 f30:0x00000000  f5:0x00000000  f6=0x80000000
      76215.000 ns	      7620	80001ae8	02e6d9b3	divu	x19,x13,x14	 x13:0x00000000 x14:0xffff9031 x19=0x00000000
      76235.000 ns	      7622	80001aec	003f8733	add	x14,x31,x3	 x31:0xfffffb42  x3:0x00000001 x14=0xfffffb43
      76275.000 ns	      7626	80001af0	08cefd53	fsub.s	f26,f29,f12	 f29:0xcefff7df f12:0x80000001 f26=0xcefff7df
      76305.000 ns	      7629	80001af4	21d68253	fsgnj.s	f4,f13,f29	 f13:0x7fc00000 f29:0xcefff7df  f4=0xffc00000
      76325.000 ns	      7631	80001af8	58207b13	andi	x22,x0,1410	  x0:0x00000000 x22=0x00000000
      76345.000 ns	      7633	80001afc	a13024d3	feq.s	x9,f0,f19	  f0:0x80000001 f19:0xc0800000  x9=0x00000000
      76395.000 ns	      7638	80001b00	08697b53	fsub.s	f22,f18,f6	 f18:0x7fc00000  f6:0x80000000 f22=0x7fc00000
      76425.000 ns	      7641	80001b04	03b441b3	div	x3,x8,x27	  x8:0x00000000 x27:0x00000000  x3=0xffffffff
      76445.000 ns	      7643	80001b08	01b05b13	srli	x22,x0,0x1b	  x0:0x00000000 x22=0x00000000
      76455.000 ns	      7644	80001b0c	41f55813	srai	x16,x10,0x1f	 x10:0x80040fe4 x16=0xffffffff
      76475.000 ns	      7646	80001b10	287714d3	fmax.s	f9,f14,f7	 f14:0xfffffb42  f7:0x7fc00000  f9=0x7fc00000
      76505.000 ns	      7649	80001b14	a0718453	fle.s	x8,f3,f7	  f3:0xfffffb42  f7:0x7fc00000  x8=0x00000000
      76525.000 ns	      7651	80001b18	4148de13	srai	x28,x17,0x14	 x17:0xfffffffe x28=0xffffffff
      76535.000 ns	      7652	80001b1c	00000013	addi	x0,x0,0	  x0:0x00000000
      76895.000 ns	      7688	80001b20	03fa7b33	remu	x22,x20,x31	 x20:0xa202344a x31:0xfffffb42 x22=0xa202344a
      76925.000 ns	      7691	80001b24	297c88d3	fmin.s	f17,f25,f23	 f25:0x00000001 f23:0x803c0479 f17=0x803c0479
      76955.000 ns	      7694	80001b28	036236b3	mulhu	x13,x4,x22	  x4:0x80041024 x22:0xa202344a x13=0x5103ac64
      76995.000 ns	      7698	80001b2c	580626d3	fsqrt.s	f13,f12	 f12:0x80000001 f13=0x7fc00000
      77025.000 ns	      7701	80001b30	e0061853	fclass.s	x16,f12	 f12:0x80000001 x16=0x00000004
      77045.000 ns	      7703	80001b34	01884bb3	xor	x23,x16,x24	 x16:0xffffffff x24:0x00000080 x23=0x00000084
      77065.000 ns	      7705	80001b38	d014aad3	fcvt.s.wu	f21,x9	  x9:0x00000000 f21=0x00000000
      77085.000 ns	      7707	80001b3c	014e4733	xor	x14,x28,x20	 x28:0xffffffff x20:0xa202344a x14=0x5dfdcbb5
      77095.000 ns	      7708	80001b40	01e84fb3	xor	x31,x16,x30	 x16:0x00000004 x30:0xffffffef x31=0xffffffeb
      77125.000 ns	      7711	80001b44	189d7bd3	fdiv.s	f23,f26,f9	 f26:0xcefff7df  f9:0x7fc00000 f23=0x7fc00000
      77145.000 ns	      7713	80001b48	d0dbc493	xori	x9,x23,-755	 x23:0x00000084  x9=0xfffffd89
      77165.000 ns	      7715	80001b4c	02829633	mulh	x12,x5,x8	  x5:0x22000000  x8:0x00000000 x12=0x00000000
      77195.000 ns	      7718	80001b50	0397d2b3	divu	x5,x15,x25	 x15:0x5709d000 x25:0x00000000  x5=0xffffffff
      77215.000 ns	      7720	80001b54	e41f6137	lui	x2,0xe41f6	  x2=0xe41f6000
      77235.000 ns	      7722	80001b58	d001fb53	fcvt.s.w	f22,x3	  x3:0xffffffff f22=0xbf800000
      77255.000 ns	      7724	80001b5c	f0142c93	slti	x25,x8,-255	  x8:0x00000000 x25=0x00000000
      77265.000 ns	      7725	80001b60	18be2393	slti	x7,x28,395	 x28:0xffffffff  x7=0x00000001
      77275.000 ns	      7726	80001b64	3bc83793	sltiu	x15,x16,956	 x16:0x00000004 x15=0x00000001
      77295.000 ns	      7728	80001b68	29c51bd3	fmax.s	f23,f10,f28	 f10:0x7fc00000 f28:0x80000000 f23=0x80000000
      77315.000 ns	      7730	80001b6c	00ec19b3	sll	x19,x24,x14	 x24:0x00000080 x14:0x5dfdcbb5 x19=0x10000000
      77675.000 ns	      7766	80001b70	0351d2b3	divu	x5,x3,x21	  x3:0xffffffff x21:0x00000001  x5=0xffffffff
      77705.000 ns	      7769	80001b74	28088253	fmin.s	f4,f17,f0	 f17:0x803c0479  f0:0x80000001  f4=0x803c0479
      77735.000 ns	      7772	80001b78	d00ca9d3	fcvt.s.w	f19,x25	 x25:0x00000000 f19=0x00000000
      77755.000 ns	      7774	80001b7c	40a15893	srai	x17,x2,0xa	  x2:0xe41f6000 x17=0xfff907d8
      77775.000 ns	      7776	80001b80	034a14b3	mulh	x9,x20,x20	 x20:0xa202344a x20:0xa202344a  x9=0x2282619e
      77795.000 ns	      7778	80001b84	95c5a393	slti	x7,x11,-1700	 x11:0xfffff880  x7=0x00000001
      77805.000 ns	      7779	80001b88	20796b97	auipc	x23,0x20796	 x23=0xa0797b88
      77815.000 ns	      7780	80001b8c	00085793	srli	x15,x16,0x0	 x16:0x00000004 x15=0x00000004
      77845.000 ns	      7783	80001b90	5807fcd3	fsqrt.s	f25,f15	 f15:0x80041024 f25=0x7fc00000
      77865.000 ns	      7785	80001b94	7c97f3b7	lui	x7,0x7c97f	  x7=0x7c97f000
      77875.000 ns	      7786	80001b98	0010f0b3	and	x1,x1,x1	  x1:0x00000002  x1:0x00000002  x1=0x00000002
      77915.000 ns	      7790	80001b9c	0197fed3	fadd.s	f29,f15,f25	 f15:0x80041024 f25:0x7fc00000 f29=0x7fc00000
      77945.000 ns	      7793	80001ba0	e00518d3	fclass.s	x17,f10	 f10:0x7fc00000 x17=0x00000200
      77965.000 ns	      7795	80001ba4	000e4b33	xor	x22,x28,x0	 x28:0xffffffff  x0:0x00000000 x22=0xffffffff
      77985.000 ns	      7797	80001ba8	03b03bb3	mulhu	x23,x0,x27	  x0:0x00000000 x27:0x00000000 x23=0x00000000
      78355.000 ns	      7834	80001bac	03e5c1b3	div	x3,x11,x30	 x11:0xfffff880 x30:0xffffffef  x3=0x00000070
      78385.000 ns	      7837	80001bb0	d01f1fd3	fcvt.s.wu	f31,x30	 x30:0xffffffef f31=0x4f7fffff
      78405.000 ns	      7839	80001bb4	0148f7b3	and	x15,x17,x20	 x17:0x00000200 x20:0xa202344a x15=0x00000000
      78425.000 ns	      7841	80001bb8	215e97d3	fsgnjn.s	f15,f29,f21	 f29:0x7fc00000 f21:0x00000000 f15=0xffc00000
      78445.000 ns	      7843	80001bbc	40fc0c33	sub	x24,x24,x15	 x24:0x00000080 x15:0x00000004 x24=0x00000080
      78455.000 ns	      7844	80001bc0	00000013	addi	x0,x0,0	  x0:0x00000000
      78475.000 ns	      7846	80001bc4	d00c9cd3	fcvt.s.w	f25,x25	 x25:0x00000000 f25=0x00000000
      78515.000 ns	      7850	80001bc8	18187b53	fdiv.s	f22,f16,f1	 f16:0x00000000  f1:0x44ea2000 f22=0x00000000
      78555.000 ns	      7854	80001bcc	10437ed3	fmul.s	f29,f6,f4	  f6:0x80000000  f4:0x803c0479 f29=0x00000000
      78585.000 ns	      7857	80001bd0	e00785d3	fmv.x.w	x11,f15	 f15:0xffc00000 x11=0xffc00000
      78615.000 ns	      7860	80001bd4	d01b3c53	fcvt.s.wu	f24,x22	 x22:0xffffffff f24=0x4f800000
      78645.000 ns	      7863	80001bd8	205c99d3	fsgnjn.s	f19,f25,f5	 f25:0x00000000  f5:0x00000000 f19=0x80000000
      78665.000 ns	      7865	80001bdc	0c224693	xori	x13,x4,194	  x4:0x80041024 x13=0x800410e6
      79025.000 ns	      7901	80001be0	024ce1b3	rem	x3,x25,x4	 x25:0x00000000  x4:0x80041024  x3=0x00000000
      79055.000 ns	      7904	80001be4	029d3733	mulhu	x14,x26,x9	 x26:0x00000001  x9:0x2282619e x14=0x00000000
      79075.000 ns	      7906	80001be8	00c9b1b3	sltu	x3,x19,x12	 x19:0x10000000 x12:0x00000000  x3=0x00000000
      79095.000 ns	      7908	80001bec	0327bd33	mulhu	x26,x15,x18	 x15:0x00000000 x18:0x80041024 x26=0x00000000
      79115.000 ns	      7910	80001bf0	01710cb3	add	x25,x2,x23	  x2:0xe41f6000 x23:0x00000000 x25=0xe41f6000
      79135.000 ns	      7912	80001bf4	a0eb0ad3	fle.s	x21,f22,f14	 f22:0x00000000 f14:0xfffffb42 x21=0x00000000
      79505.000 ns	      7949	80001bf8	029456b3	divu	x13,x8,x9	  x8:0x00000000  x9:0x2282619e x13=0x00000000
      79525.000 ns	      7951	80001bfc	000fdd33	srl	x26,x31,x0	 x31:0xffffffeb  x0:0x00000000 x26=0xffffffeb
      79545.000 ns	      7953	80001c00	02a33133	mulhu	x2,x6,x10	  x6:0x00000001 x10:0x80040fe4  x2=0x00000000
      79575.000 ns	      7956	80001c04	a1f81653	flt.s	x12,f16,f31	 f16:0x00000000 f31:0x4f7fffff x12=0x00000001
      79605.000 ns	      7959	80001c08	03992cb3	mulhsu	x25,x18,x25	 x18:0x80041024 x25:0xe41f6000 x25=0x8df3eedf
      79975.000 ns	      7996	80001c0c	024bee33	rem	x28,x23,x4	 x23:0x00000000  x4:0x80041024 x28=0x00000000
      80005.000 ns	      7999	80001c10	21711fd3	fsgnjn.s	f31,f2,f23	  f2:0x00000001 f23:0x80000000 f31=0x00000001
      80025.000 ns	      8001	80001c14	01bc5d33	srl	x26,x24,x27	 x24:0x00000080 x27:0x00000000 x26=0x00000080
      80035.000 ns	      8002	80001c18	63d5c413	xori	x8,x11,1597	 x11:0xffc00000  x8=0xffc0063d
      80045.000 ns	      8003	80001c1c	00019233	sll	x4,x3,x0	  x3:0x00000000  x0:0x00000000  x4=0x00000000
      80065.000 ns	      8005	80001c20	02f6d5b3	divu	x11,x13,x15	 x13:0x00000000 x15:0x00000000 x11=0xffffffff
      80095.000 ns	      8008	80001c24	024c6f33	rem	x30,x24,x4	 x24:0x00000080  x4:0x80041024 x30=0x00000080
      80145.000 ns	      8013	80001c28	09b097d3	fsub.s	f15,f1,f27	  f1:0x44ea2000 f27:0x803c0479 f15=0x44ea2000
      80175.000 ns	      8016	80001c2c	28299053	fmax.s	f0,f19,f2	 f19:0x80000000  f2:0x00000001  f0=0x00000001
      80205.000 ns	      8019	80001c30	20219a53	fsgnjn.s	f20,f3,f2	  f3:0xfffffb42  f2:0x00000001 f20=0xfffffb42
      80235.000 ns	      8022	80001c34	21a0a453	fsgnjx.s	f8,f1,f26	  f1:0x44ea2000 f26:0xcefff7df  f8=0xc4ea2000
      80265.000 ns	      8025	80001c38	29a39fd3	fmax.s	f31,f7,f26	  f7:0x7fc00000 f26:0xcefff7df f31=0xcefff7df
      80285.000 ns	      8027	80001c3c	015c9eb3	sll	x29,x25,x21	 x25:0x8df3eedf x21:0x00000000 x29=0x8df3eedf
      80305.000 ns	      8029	80001c40	202111d3	fsgnjn.s	f3,f2,f2	  f2:0x00000001  f2:0x00000001  f3=0x80000001
      80325.000 ns	      8031	80001c44	00b09a93	slli	x21,x1,0xb	  x1:0x00000002 x21=0x00001000
      80345.000 ns	      8033	80001c48	21c4a953	fsgnjx.s	f18,f9,f28	  f9:0x7fc00000 f28:0x80000000 f18=0xffc00000
      80715.000 ns	      8070	80001c4c	03a779b3	remu	x19,x14,x26	 x14:0x00000000 x26:0x00000080 x19=0x00000000
      80765.000 ns	      8075	80001c50	01c37353	fadd.s	f6,f6,f28	  f6:0x80000000 f28:0x80000000  f6=0x80000000
      80785.000 ns	      8077	80001c54	001d02b3	add	x5,x26,x1	 x26:0x00000080  x1:0x00000002  x5=0x00000082
      80795.000 ns	      8078	80001c58	86cc4d13	xori	x26,x24,-1940	 x24:0x00000080 x26=0xfffff8ec
      80815.000 ns	      8080	80001c5c	a16c0cd3	fle.s	x25,f24,f22	 f24:0x4f800000 f22:0x00000000 x25=0x00000000
      80845.000 ns	      8083	80001c60	292082d3	fmin.s	f5,f1,f18	  f1:0x44ea2000 f18:0xffc00000  f5=0x44ea2000
      80875.000 ns	      8086	80001c64	02cdbe33	mulhu	x28,x27,x12	 x27:0x00000000 x12:0x00000001 x28=0x00000000
      80895.000 ns	      8088	80001c68	0182dbb3	srl	x23,x5,x24	  x5:0x00000082 x24:0x00000080 x23=0x00000082
      80915.000 ns	      8090	80001c6c	294d8c53	fmin.s	f24,f27,f20	 f27:0x803c0479 f20:0xfffffb42 f24=0x803c0479
      80945.000 ns	      8093	80001c70	d01173d3	fcvt.s.wu	f7,x2	  x2:0x00000000  f7=0x00000000
      80975.000 ns	      8096	80001c74	e00d9853	fclass.s	x16,f27	 f27:0x803c0479 x16=0x00000004
      81005.000 ns	      8099	80001c78	a0061e53	flt.s	x28,f12,f0	 f12:0x80000001  f0:0x00000001 x28=0x00000001
      81035.000 ns	      8102	80001c7c	a09ca6d3	feq.s	x13,f25,f9	 f25:0x00000000  f9:0x7fc00000 x13=0x00000000
      81065.000 ns	      8105	80001c80	022e48b3	div	x17,x28,x2	 x28:0x00000001  x2:0x00000000 x17=0xffffffff
      81085.000 ns	      8107	80001c84	f20db813	sltiu	x16,x27,-224	 x27:0x00000000 x16=0x00000001
      81445.000 ns	      8143	80001c88	03fafdb3	remu	x27,x21,x31	 x21:0x00001000 x31:0xffffffeb x27=0x00001000
      81465.000 ns	      8145	80001c8c	71dceb13	ori	x22,x25,1821	 x25:0x00000000 x22=0x0000071d
      81485.000 ns	      8147	80001c90	e00113d3	fclass.s	x7,f2	  f2:0x00000001  x7=0x00000020
      81515.000 ns	      8150	80001c94	2182a953	fsgnjx.s	f18,f5,f24	  f5:0x44ea2000 f24:0x803c0479 f18=0xc4ea2000
      81555.000 ns	      8154	80001c98	19887e53	fdiv.s	f28,f16,f24	 f16:0x00000000 f24:0x803c0479 f28=0x80000000
      81575.000 ns	      8156	80001c9c	00a89893	slli	x17,x17,0xa	 x17:0xffffffff x17=0xfffffc00
      81595.000 ns	      8158	80001ca0	29e000d3	fmin.s	f1,f0,f30	  f0:0x00000001 f30:0x00000000  f1=0x00000000
      81615.000 ns	      8160	80001ca4	014863b3	or	x7,x16,x20	 x16:0x00000001 x20:0xa202344a  x7=0xa202344b
      81635.000 ns	      8162	80001ca8	0250b833	mulhu	x16,x1,x5	  x1:0x00000002  x5:0x00000082 x16=0x00000000
      81665.000 ns	      8165	80001cac	a0738ad3	fle.s	x21,f7,f7	  f7:0x00000000  f7:0x00000000 x21=0x00000001
      81715.000 ns	      8170	80001cb0	0887f853	fsub.s	f16,f15,f8	 f15:0x44ea2000  f8:0xc4ea2000 f16=0x456a2000
      81735.000 ns	      8172	80001cb4	0098f633	and	x12,x17,x9	 x17:0xfffffc00  x9:0x2282619e x12=0x22826000
      81745.000 ns	      8173	80001cb8	00301d93	slli	x27,x0,0x3	  x0:0x00000000 x27=0x00000000
      81755.000 ns	      8174	80001cbc	01c09793	slli	x15,x1,0x1c	  x1:0x00000002 x15=0x20000000
      81775.000 ns	      8176	80001cc0	025db5b3	mulhu	x11,x27,x5	 x27:0x00001000  x5:0x00000082 x11=0x00000000
      81795.000 ns	      8178	80001cc4	39914313	xori	x6,x2,921	  x2:0x00000000  x6=0x00000399
      81815.000 ns	      8180	80001cc8	f00c02d3	fmv.w.x	f5,x24	 x24:0x00000080  f5=0x00000080
      81845.000 ns	      8183	80001ccc	a02aa2d3	feq.s	x5,f21,f2	 f21:0x00000000  f2:0x00000001  x5=0x00000000
      81875.000 ns	      8186	80001cd0	03b791b3	mulh	x3,x15,x27	 x15:0x20000000 x27:0x00000000  x3=0x00000000
      81915.000 ns	      8190	80001cd4	18eef7d3	fdiv.s	f15,f29,f14	 f29:0x00000000 f14:0xfffffb42 f15=0x7fc00000
      81945.000 ns	      8193	80001cd8	03e33133	mulhu	x2,x6,x30	  x6:0x00000399 x30:0x00000080  x2=0x00000000
      81975.000 ns	      8196	80001cdc	c0174053	fcvt.wu.s	x0,f14	 f14:0xfffffb42
      81995.000 ns	      8198	80001ce0	01b5feb3	and	x29,x11,x27	 x11:0x00000000 x27:0x00000000 x29=0x00000000
      82015.000 ns	      8200	80001ce4	209dac53	fsgnjx.s	f24,f27,f9	 f27:0x803c0479  f9:0x7fc00000 f24=0x803c0479
      82045.000 ns	      8203	80001ce8	d01fc053	fcvt.s.wu	f0,x31	 x31:0xffffffeb  f0=0x4f800000
      82085.000 ns	      8207	80001cec	580a7a53	fsqrt.s	f20,f20	 f20:0xfffffb42 f20=0x7fc00000
      82105.000 ns	      8209	80001cf0	001a9e13	slli	x28,x21,0x1	 x21:0x00000001 x28=0x00000002
      82115.000 ns	      8210	80001cf4	006f0bb3	add	x23,x30,x6	 x30:0x00000080  x6:0x00000399 x23=0x00000419
      82145.000 ns	      8213	80001cf8	5807b853	fsqrt.s	f16,f15	 f15:0x7fc00000 f16=0x7fc00000
      82175.000 ns	      8216	80001cfc	02d55733	divu	x14,x10,x13	 x10:0x80040fe4 x13:0x00000000 x14=0xffffffff
      82195.000 ns	      8218	80001d00	f1a73c93	sltiu	x25,x14,-230	 x14:0x00000000 x25=0x00000000
      82215.000 ns	      8220	80001d04	29618cd3	fmin.s	f25,f3,f22	  f3:0x80000001 f22:0x00000000 f25=0x80000001
      82235.000 ns	      8222	80001d08	00b4c3b3	xor	x7,x9,x11	  x9:0x2282619e x11:0x00000000  x7=0x2282619e
      82245.000 ns	      8223	80001d0c	01815013	srli	x0,x2,0x18	  x2:0x00000000
      82265.000 ns	      8225	80001d10	28488ad3	fmin.s	f21,f17,f4	 f17:0x803c0479  f4:0x803c0479 f21=0x803c0479
      82285.000 ns	      8227	80001d14	014e0333	add	x6,x28,x20	 x28:0x00000002 x20:0xa202344a  x6=0xa202344c
      82325.000 ns	      8231	80001d18	01f69053	fadd.s	f0,f13,f31	 f13:0x7fc00000 f31:0xcefff7df  f0=0x7fc00000
      82355.000 ns	      8234	80001d1c	02782333	mulhsu	x6,x16,x7	 x16:0x00000000  x7:0x2282619e  x6=0x00000000
      82385.000 ns	      8237	80001d20	204d07d3	fsgnj.s	f15,f26,f4	 f26:0xcefff7df  f4:0x803c0479 f15=0xcefff7df
      82405.000 ns	      8239	80001d24	c8e43413	sltiu	x8,x8,-882	  x8:0xffc0063d  x8=0x00000001
      82425.000 ns	      8241	80001d28	f0028253	fmv.w.x	f4,x5	  x5:0x00000000  f4=0x00000000
      82465.000 ns	      8245	80001d2c	580a80d3	fsqrt.s	f1,f21	 f21:0x803c0479  f1=0x7fc00000
      82485.000 ns	      8247	80001d30	00178db3	add	x27,x15,x1	 x15:0x20000000  x1:0x00000002 x27=0x20000002
      82525.000 ns	      8251	80001d34	00b020d3	fadd.s	f1,f0,f11	  f0:0x7fc00000 f11:0x00000002  f1=0x7fc00000
      82895.000 ns	      8288	80001d38	029160b3	rem	x1,x2,x9	  x2:0x00000000  x9:0x2282619e  x1=0x00000000
      82925.000 ns	      8291	80001d3c	200c1c53	fsgnjn.s	f24,f24,f0	 f24:0x803c0479  f0:0x7fc00000 f24=0x803c0479
      82955.000 ns	      8294	80001d40	02282b33	mulhsu	x22,x16,x2	 x16:0x00000000  x2:0x00000000 x22=0x00000000
      82975.000 ns	      8296	80001d44	012b9493	slli	x9,x23,0x12	 x23:0x00000419  x9=0x10640000
      83335.000 ns	      8332	80001d48	03c667b3	rem	x15,x12,x28	 x12:0x22826000 x28:0x00000002 x15=0x00000000
      83375.000 ns	      8336	80001d4c	1165a0d3	fmul.s	f1,f11,f22	 f11:0x00000002 f22:0x00000000  f1=0x00000000
      83405.000 ns	      8339	80001d50	d006a253	fcvt.s.w	f4,x13	 x13:0x00000000  f4=0x00000000
      83425.000 ns	      8341	80001d54	006d2eb3	slt	x29,x26,x6	 x26:0xfffff8ec  x6:0x00000000 x29=0x00000001
      83435.000 ns	      8342	80001d58	25da8693	addi	x13,x21,605	 x21:0x00000001 x13=0x0000025e
      83475.000 ns	      8346	80001d5c	0852fb53	fsub.s	f22,f5,f5	  f5:0x00000080  f5:0x00000080 f22=0x80000000
      83495.000 ns	      8348	80001d60	000550b3	srl	x1,x10,x0	 x10:0x80040fe4  x0:0x00000000  x1=0x80040fe4
      83515.000 ns	      8350	80001d64	02362233	mulhsu	x4,x12,x3	 x12:0x22826000  x3:0x00000000  x4=0x00000000
      83545.000 ns	      8353	80001d68	0230fc33	remu	x24,x1,x3	  x1:0x00000000  x3:0x00000000 x24=0x80040fe4
      83575.000 ns	      8356	80001d6c	f0060753	fmv.w.x	f14,x12	 x12:0x22826000 f14=0x22826000
      83605.000 ns	      8359	80001d70	02e30433	mul	x8,x6,x14	  x6:0x00000000 x14:0xffffffff  x8=0x00000000
      83625.000 ns	      8361	80001d74	00000013	addi	x0,x0,0	  x0:0x00000000
      83645.000 ns	      8363	80001d78	d00c88d3	fcvt.s.w	f17,x25	 x25:0x00000000 f17=0x00000000
      83665.000 ns	      8365	80001d7c	41ec57b3	sra	x15,x24,x30	 x24:0x80040fe4 x30:0x00000080 x15=0x80040fe4
      83675.000 ns	      8366	80001d80	00000013	addi	x0,x0,0	  x0:0x00000000
      83695.000 ns	      8368	80001d84	29cc0c53	fmin.s	f24,f24,f28	 f24:0x803c0479 f28:0x80000000 f24=0x803c0479
      83725.000 ns	      8371	80001d88	e00d09d3	fmv.x.w	x19,f26	 f26:0xcefff7df x19=0xcefff7df
      83755.000 ns	      8374	80001d8c	a10a1cd3	flt.s	x25,f20,f16	 f20:0x7fc00000 f16:0x7fc00000 x25=0x00000000
      83795.000 ns	      8378	80001d90	1119a953	fmul.s	f18,f19,f17	 f19:0x80000000 f17:0x00000000 f18=0x80000000
      83815.000 ns	      8380	80001d94	00dad1b3	srl	x3,x21,x13	 x21:0x00000001 x13:0x0000025e  x3=0x00000000
      83835.000 ns	      8382	80001d98	e0098ad3	fmv.x.w	x21,f19	 f19:0x80000000 x21=0x80000000
      83855.000 ns	      8384	80001d9c	cc760613	addi	x12,x12,-825	 x12:0x22826000 x12=0x22825cc7
      83865.000 ns	      8385	80001da0	15b14013	xori	x0,x2,347	  x2:0x00000000
      83885.000 ns	      8387	80001da4	28da19d3	fmax.s	f19,f20,f13	 f20:0x7fc00000 f13:0x7fc00000 f19=0x7fc00000
      83915.000 ns	      8390	80001da8	f00e0fd3	fmv.w.x	f31,x28	 x28:0x00000002 f31=0x00000002
      83935.000 ns	      8392	80001dac	b2f37397	auipc	x7,0xb2f37	  x7=0x32f38dac
      83955.000 ns	      8394	80001db0	d00b8e53	fcvt.s.w	f28,x23	 x23:0x00000419 f28=0x44832000
      83975.000 ns	      8396	80001db4	0041bdb3	sltu	x27,x3,x4	  x3:0x00000000  x4:0x00000000 x27=0x00000000
      83995.000 ns	      8398	80001db8	208a1b53	fsgnjn.s	f22,f20,f8	 f20:0x7fc00000  f8:0xc4ea2000 f22=0x7fc00000
      84025.000 ns	      8401	80001dbc	03b8b2b3	mulhu	x5,x17,x27	 x17:0xfffffc00 x27:0x20000002  x5=0x00000000
      84045.000 ns	      8403	80001dc0	57b6c813	xori	x16,x13,1403	 x13:0x0000025e x16=0x00000725
      84055.000 ns	      8404	80001dc4	8383b093	sltiu	x1,x7,-1992	  x7:0x32f38dac  x1=0x00000001
      84065.000 ns	      8405	80001dc8	0b06e413	ori	x8,x13,176	 x13:0x0000025e  x8=0x000002fe
      84075.000 ns	      8406	80001dcc	4a7c7193	andi	x3,x24,1191	 x24:0x80040fe4  x3=0x000004a4
      84085.000 ns	      8407	80001dd0	008cf9b3	and	x19,x25,x8	 x25:0x00000000  x8:0x00000000 x19=0x00000000
      84105.000 ns	      8409	80001dd4	214816d3	fsgnjn.s	f13,f16,f20	 f16:0x7fc00000 f20:0x7fc00000 f13=0xffc00000
      84125.000 ns	      8411	80001dd8	01f60833	add	x16,x12,x31	 x12:0x22825cc7 x31:0xffffffeb x16=0x22825cb2
      84145.000 ns	      8413	80001ddc	282c1f53	fmax.s	f30,f24,f2	 f24:0x803c0479  f2:0x00000001 f30=0x00000001
      84165.000 ns	      8415	80001de0	fcb90393	addi	x7,x18,-53	 x18:0x80041024  x7=0x80040fef
      84175.000 ns	      8416	80001de4	a60d7393	andi	x7,x26,-1440	 x26:0xfffff8ec  x7=0xfffff860
      84185.000 ns	      8417	80001de8	00db03b3	add	x7,x22,x13	 x22:0x00000000 x13:0x0000025e  x7=0x0000025e
      84195.000 ns	      8418	80001dec	00000013	addi	x0,x0,0	  x0:0x00000000
      84215.000 ns	      8420	80001df0	a1d01cd3	flt.s	x25,f0,f29	  f0:0x7fc00000 f29:0x00000000 x25=0x00000000
      84235.000 ns	      8422	80001df4	40d55613	srai	x12,x10,0xd	 x10:0x80040fe4 x12=0xfffc0020
      84255.000 ns	      8424	80001df8	28f097d3	fmax.s	f15,f1,f15	  f1:0x00000000 f15:0xcefff7df f15=0x00000000
      84275.000 ns	      8426	80001dfc	41275013	srai	x0,x14,0x12	 x14:0xffffffff
      84635.000 ns	      8462	80001e00	02a9f0b3	remu	x1,x19,x10	 x19:0x00000000 x10:0x80040fe4  x1=0x00000000
      84655.000 ns	      8464	80001e04	00b28333	add	x6,x5,x11	  x5:0x00000000 x11:0x00000000  x6=0x00000000
      84685.000 ns	      8467	80001e08	18639c53	fdiv.s	f24,f7,f6	  f7:0x00000000  f6:0x80000000 f24=0x7fc00000
      84715.000 ns	      8470	80001e0c	c0103cd3	fcvt.wu.s	x25,f0	  f0:0x7fc00000 x25=0xffffffff
      84745.000 ns	      8473	80001e10	e00a1353	fclass.s	x6,f20	 f20:0x7fc00000  x6=0x00000200
      84765.000 ns	      8475	80001e14	0435c317	auipc	x6,0x435c	  x6=0x8435de14
      84785.000 ns	      8477	80001e18	e00512d3	fclass.s	x5,f10	 f10:0x7fc00000  x5=0x00000200
      84815.000 ns	      8480	80001e1c	e00a1153	fclass.s	x2,f20	 f20:0x7fc00000  x2=0x00000200
      84845.000 ns	      8483	80001e20	f0028e53	fmv.w.x	f28,x5	  x5:0x00000200 f28=0x00000200
      84865.000 ns	      8485	80001e24	97d923b7	lui	x7,0x97d92	  x7=0x97d92000
      84885.000 ns	      8487	80001e28	f0078f53	fmv.w.x	f30,x15	 x15:0x80040fe4 f30=0x80040fe4
      84915.000 ns	      8490	80001e2c	03e6aab3	mulhsu	x21,x13,x30	 x13:0x0000025e x30:0x00000080 x21=0x00000000
      84945.000 ns	      8493	80001e30	28d31ad3	fmax.s	f21,f6,f13	  f6:0x80000000 f13:0xffc00000 f21=0x80000000
      84975.000 ns	      8496	80001e34	d01ef553	fcvt.s.wu	f10,x29	 x29:0x00000001 f10=0x3f800000
      85005.000 ns	      8499	80001e38	e0089653	fclass.s	x12,f17	 f17:0x00000000 x12=0x00000010
      85035.000 ns	      8502	80001e3c	205085d3	fsgnj.s	f11,f1,f5	  f1:0x00000000  f5:0x00000080 f11=0x00000000
      85065.000 ns	      8505	80001e40	023d9f33	mulh	x30,x27,x3	 x27:0x00000000  x3:0x000004a4 x30=0x00000000
      85105.000 ns	      8509	80001e44	1028ffd3	fmul.s	f31,f17,f2	 f17:0x00000000  f2:0x00000001 f31=0x00000000
      85125.000 ns	      8511	80001e48	00cad393	srli	x7,x21,0xc	 x21:0x00000000  x7=0x00000000
      85135.000 ns	      8512	80001e4c	40ebd313	srai	x6,x23,0xe	 x23:0x00000419  x6=0x00000000
      85165.000 ns	      8515	80001e50	11a375d3	fmul.s	f11,f6,f26	  f6:0x80000000 f26:0xcefff7df f11=0x00000000
      85185.000 ns	      8517	80001e54	4137d813	srai	x16,x15,0x13	 x15:0x80040fe4 x16=0xfffff000
      85205.000 ns	      8519	80001e58	d01585d3	fcvt.s.wu	f11,x11	 x11:0x00000000 f11=0x00000000
      85235.000 ns	      8522	80001e5c	038f0eb3	mul	x29,x30,x24	 x30:0x00000000 x24:0x80040fe4 x29=0x00000000
      85265.000 ns	      8525	80001e60	02749233	mulh	x4,x9,x7	  x9:0x10640000  x7:0x00000000  x4=0x00000000
      85285.000 ns	      8527	80001e64	01928bb3	add	x23,x5,x25	  x5:0x00000200 x25:0xffffffff x23=0x000001ff
      85295.000 ns	      8528	80001e68	41f908b3	sub	x17,x18,x31	 x18:0x80041024 x31:0xffffffeb x17=0x80041039
      85305.000 ns	      8529	80001e6c	406fb237	lui	x4,0x406fb	  x4=0x406fb000
      85325.000 ns	      8531	80001e70	c01af053	fcvt.wu.s	x0,f21	 f21:0x80000000
      85355.000 ns	      8534	80001e74	02b5a333	mulhsu	x6,x11,x11	 x11:0x00000000 x11:0x00000000  x6=0x00000000
      85375.000 ns	      8536	80001e78	c3ca4893	xori	x17,x20,-964	 x20:0xa202344a x17=0x5dfdc876
      85385.000 ns	      8537	80001e7c	6844ab13	slti	x22,x9,1668	  x9:0x10640000 x22=0x00000000
      85395.000 ns	      8538	80001e80	0118dc33	srl	x24,x17,x17	 x17:0x80041039 x17:0x80041039 x24=0x00000177
      85405.000 ns	      8539	80001e84	41585413	srai	x8,x16,0x15	 x16:0xfffff000  x8=0xffffffff
      85425.000 ns	      8541	80001e88	c005f8d3	fcvt.w.s	x17,f11	 f11:0x00000000 x17=0x00000000
      85455.000 ns	      8544	80001e8c	203580d3	fsgnj.s	f1,f11,f3	 f11:0x00000000  f3:0x80000001  f1=0x80000000
      85485.000 ns	      8547	80001e90	02271cb3	mulh	x25,x14,x2	 x14:0xffffffff  x2:0x00000200 x25=0xffffffff
      85505.000 ns	      8549	80001e94	01f9e433	or	x8,x19,x31	 x19:0x00000000 x31:0xffffffeb  x8=0xffffffeb
      85515.000 ns	      8550	80001e98	4026d033	sra	x0,x13,x2	 x13:0x0000025e  x2:0x00000200
      85525.000 ns	      8551	80001e9c	6ce37293	andi	x5,x6,1742	  x6:0x00000000  x5=0x00000000
      85545.000 ns	      8553	80001ea0	0287aab3	mulhsu	x21,x15,x8	 x15:0x80040fe4  x8:0xffffffeb x21=0x80040fee
      85565.000 ns	      8555	80001ea4	00000013	addi	x0,x0,0	  x0:0x00000000
      85585.000 ns	      8557	80001ea8	203984d3	fsgnj.s	f9,f19,f3	 f19:0x7fc00000  f3:0x80000001  f9=0xffc00000
      85615.000 ns	      8560	80001eac	a1ff94d3	flt.s	x9,f31,f31	 f31:0x00000000 f31:0x00000000  x9=0x00000000
      85645.000 ns	      8563	80001eb0	d00f3953	fcvt.s.w	f18,x30	 x30:0x00000000 f18=0x00000000
      85675.000 ns	      8566	80001eb4	03719fb3	mulh	x31,x3,x23	  x3:0x000004a4 x23:0x000001ff x31=0x00000000
      86045.000 ns	      8603	80001eb8	039fd633	divu	x12,x31,x25	 x31:0xffffffeb x25:0xffffffff x12=0x00000000
      86065.000 ns	      8605	80001ebc	40b3d293	srai	x5,x7,0xb	  x7:0x00000000  x5=0x00000000
      86085.000 ns	      8607	80001ec0	d00378d3	fcvt.s.w	f17,x6	  x6:0x00000000 f17=0x00000000
      86115.000 ns	      8610	80001ec4	0305bfb3	mulhu	x31,x11,x16	 x11:0x00000000 x16:0xfffff000 x31=0x00000000
      86145.000 ns	      8613	80001ec8	c01930d3	fcvt.wu.s	x1,f18	 f18:0x00000000  x1=0x00000000
      86165.000 ns	      8615	80001ecc	f473d997	auipc	x19,0xf473d	 x19=0x7473eecc
      86185.000 ns	      8617	80001ed0	03db7433	remu	x8,x22,x29	 x22:0x00000000 x29:0x00000000  x8=0x00000000
      86215.000 ns	      8620	80001ed4	28a29cd3	fmax.s	f25,f5,f10	  f5:0x00000080 f10:0x3f800000 f25=0x3f800000
      86235.000 ns	      8622	80001ed8	01a55593	srli	x11,x10,0x1a	 x10:0x80040fe4 x11=0x00000020
      86255.000 ns	      8624	80001edc	209c01d3	fsgnj.s	f3,f24,f9	 f24:0x7fc00000  f9:0xffc00000  f3=0xffc00000
      86275.000 ns	      8626	80001ee0	017d48b3	xor	x17,x26,x23	 x26:0xfffff8ec x23:0x000001ff x17=0xfffff913
      86285.000 ns	      8627	80001ee4	006c1793	slli	x15,x24,0x6	 x24:0x00000177 x15=0x00005dc0
      86295.000 ns	      8628	80001ee8	b1e3b337	lui	x6,0xb1e3b	  x6=0xb1e3b000
      86315.000 ns	      8630	80001eec	e00c9253	fclass.s	x4,f25	 f25:0x3f800000  x4=0x00000040
      86685.000 ns	      8667	80001ef0	039058b3	divu	x17,x0,x25	  x0:0x00000000 x25:0xffffffff x17=0x00000000
      86705.000 ns	      8669	80001ef4	005289b3	add	x19,x5,x5	  x5:0x00000000  x5:0x00000000 x19=0x00000000
      86715.000 ns	      8670	80001ef8	007ead33	slt	x26,x29,x7	 x29:0x00000000  x7:0x00000000 x26=0x00000000
      86725.000 ns	      8671	80001efc	00c5d333	srl	x6,x11,x12	 x11:0x00000020 x12:0x00000000  x6=0x00000020
      86735.000 ns	      8672	80001f00	db29c813	xori	x16,x19,-590	 x19:0x00000000 x16=0xfffffdb2
      86745.000 ns	      8673	80001f04	d676c617	auipc	x12,0xd676c	 x12=0x5676df04
      86755.000 ns	      8674	80001f08	01d51393	slli	x7,x10,0x1d	 x10:0x80040fe4  x7=0x80000000
      86775.000 ns	      8676	80001f0c	03d618b3	mulh	x17,x12,x29	 x12:0x00000000 x29:0x00000000 x17=0x00000000
      86795.000 ns	      8678	80001f10	0038a033	slt	x0,x17,x3	 x17:0x00000000  x3:0x000004a4
      86805.000 ns	      8679	80001f14	00aec033	xor	x0,x29,x10	 x29:0x00000000 x10:0x80040fe4
      87165.000 ns	      8715	80001f18	0300dfb3	divu	x31,x1,x16	  x1:0x00000000 x16:0xfffffdb2 x31=0x00000000
      87185.000 ns	      8717	80001f1c	7ab55817	auipc	x16,0x7ab55	 x16=0xfab56f1c
      87205.000 ns	      8719	80001f20	a08296d3	flt.s	x13,f5,f8	  f5:0x00000080  f8:0xc4ea2000 x13=0x00000000
      87235.000 ns	      8722	80001f24	29f71cd3	fmax.s	f25,f14,f31	 f14:0x22826000 f31:0x00000000 f25=0x22826000
      87255.000 ns	      8724	80001f28	4120d8b3	sra	x17,x1,x18	  x1:0x00000000 x18:0x80041024 x17=0x00000000
      87275.000 ns	      8726	80001f2c	a1678d53	fle.s	x26,f15,f22	 f15:0x00000000 f22:0x7fc00000 x26=0x00000000
      87295.000 ns	      8728	80001f30	402bd113	srai	x2,x23,0x2	 x23:0x000001ff  x2=0x0000007f
      87325.000 ns	      8731	80001f34	1980f9d3	fdiv.s	f19,f1,f24	  f1:0x80000000 f24:0x7fc00000 f19=0x7fc00000
      87345.000 ns	      8733	80001f38	99bf7893	andi	x17,x30,-1637	 x30:0x00000000 x17=0x00000000
      87355.000 ns	      8734	80001f3c	4151d6b3	sra	x13,x3,x21	  x3:0x000004a4 x21:0x80040fee x13=0x00000000
      87365.000 ns	      8735	80001f40	0094f6b3	and	x13,x9,x9	  x9:0x00000000  x9:0x00000000 x13=0x00000000
      87385.000 ns	      8737	80001f44	21b51b53	fsgnjn.s	f22,f10,f27	 f10:0x3f800000 f27:0x803c0479 f22=0x3f800000
      87405.000 ns	      8739	80001f48	401589b3	sub	x19,x11,x1	 x11:0x00000020  x1:0x00000000 x19=0x00000020
      87425.000 ns	      8741	80001f4c	d0134853	fcvt.s.wu	f16,x6	  x6:0x00000020 f16=0x42000000
      87455.000 ns	      8744	80001f50	a0a708d3	fle.s	x17,f14,f10	 f14:0x22826000 f10:0x3f800000 x17=0x00000001
      87485.000 ns	      8747	80001f54	20c60553	fsgnj.s	f10,f12,f12	 f12:0x80000001 f12:0x80000001 f10=0x80000001
      87515.000 ns	      8750	80001f58	c0137f53	fcvt.wu.s	x30,f6	  f6:0x80000000 x30=0x00000000
      87535.000 ns	      8752	80001f5c	6aa29097	auipc	x1,0x6aa29	  x1=0xeaa2af5c
      87895.000 ns	      8788	80001f60	022d7233	remu	x4,x26,x2	 x26:0x00000000  x2:0x0000007f  x4=0x00000000
      87925.000 ns	      8791	80001f64	20e29f53	fsgnjn.s	f30,f5,f14	  f5:0x00000080 f14:0x22826000 f30=0x80000080
      87945.000 ns	      8793	80001f68	0052e433	or	x8,x5,x5	  x5:0x00000000  x5:0x00000000  x8=0x00000000
      87965.000 ns	      8795	80001f6c	28810053	fmin.s	f0,f2,f8	  f2:0x00000001  f8:0xc4ea2000  f0=0xc4ea2000
      87995.000 ns	      8798	80001f70	e00f93d3	fclass.s	x7,f31	 f31:0x00000000  x7=0x00000010
      88025.000 ns	      8801	80001f74	f00c85d3	fmv.w.x	f11,x25	 x25:0xffffffff f11=0xffffffff
      88395.000 ns	      8838	80001f78	02b66033	rem	x0,x12,x11	 x12:0x5676df04 x11:0x00000020
      88415.000 ns	      8840	80001f7c	01426db3	or	x27,x4,x20	  x4:0x00000000 x20:0xa202344a x27=0xa202344a
      88435.000 ns	      8842	80001f80	e0090853	fmv.x.w	x16,f18	 f18:0x00000000 x16=0x00000000
      88455.000 ns	      8844	80001f84	41310033	sub	x0,x2,x19	  x2:0x0000007f x19:0x00000020
      88495.000 ns	      8848	80001f88	01bef053	fadd.s	f0,f29,f27	 f29:0x00000000 f27:0x803c0479  f0=0x803c0479
      88515.000 ns	      8850	80001f8c	0184ff33	and	x30,x9,x24	  x9:0x00000000 x24:0x00000177 x30=0x00000000
      88525.000 ns	      8851	80001f90	0e64ec93	ori	x25,x9,230	  x9:0x00000000 x25=0x000000e6
      88545.000 ns	      8853	80001f94	e0068d53	fmv.x.w	x26,f13	 f13:0xffc00000 x26=0xffc00000
      88575.000 ns	      8856	80001f98	c0147b53	fcvt.wu.s	x22,f8	  f8:0xc4ea2000 x22=0x00000751
      88615.000 ns	      8860	80001f9c	580dfd53	fsqrt.s	f26,f27	 f27:0x803c0479 f26=0x7fc00000
      88635.000 ns	      8862	80001fa0	40c75293	srai	x5,x14,0xc	 x14:0xffffffff  x5=0xffffffff
      88995.000 ns	      8898	80001fa4	022a5333	divu	x6,x20,x2	 x20:0xa202344a  x2:0x0000007f  x6=0x0146918b
      89015.000 ns	      8900	80001fa8	ffa2b793	sltiu	x15,x5,-6	  x5:0x00000000 x15=0x00000000
      89035.000 ns	      8902	80001fac	20bc0c53	fsgnj.s	f24,f24,f11	 f24:0x7fc00000 f11:0xffffffff f24=0xffc00000
      89065.000 ns	      8905	80001fb0	e0099753	fclass.s	x14,f19	 f19:0x7fc00000 x14=0x00000200
      89085.000 ns	      8907	80001fb4	0076e5b3	or	x11,x13,x7	 x13:0x00000000  x7:0x00000010 x11=0x00000010
      89095.000 ns	      8908	80001fb8	80b2a193	slti	x3,x5,-2037	  x5:0xffffffff  x3=0x00000000
      89105.000 ns	      8909	80001fbc	41e68333	sub	x6,x13,x30	 x13:0x00000000 x30:0x00000000  x6=0x00000000
      89115.000 ns	      8910	80001fc0	014b7033	and	x0,x22,x20	 x22:0x00000751 x20:0xa202344a
      89135.000 ns	      8912	80001fc4	a12718d3	flt.s	x17,f14,f18	 f14:0x22826000 f18:0x00000000 x17=0x00000000
      89155.000 ns	      8914	80001fc8	d1d90193	addi	x3,x18,-739	 x18:0x80041024  x3=0x80040d41
      89175.000 ns	      8916	80001fcc	a10aa0d3	feq.s	x1,f21,f16	 f21:0x80000000 f16:0x42000000  x1=0x00000000
      89205.000 ns	      8919	80001fd0	0220a233	mulhsu	x4,x1,x2	  x1:0xeaa2af5c  x2:0x0000007f  x4=0x00000000
      89225.000 ns	      8921	80001fd4	4001db13	srai	x22,x3,0x0	  x3:0x80040d41 x22=0x80040d41
      89235.000 ns	      8922	80001fd8	01edbe33	sltu	x28,x27,x30	 x27:0xa202344a x30:0x00000000 x28=0x00000000
      89255.000 ns	      8924	80001fdc	c00c7ed3	fcvt.w.s	x29,f24	 f24:0xffc00000 x29=0x7fffffff
      89285.000 ns	      8927	80001fe0	21f181d3	fsgnj.s	f3,f3,f31	  f3:0xffc00000 f31:0x00000000  f3=0x7fc00000
      89315.000 ns	      8930	80001fe4	03289333	mulh	x6,x17,x18	 x17:0x00000000 x18:0x80041024  x6=0x00000000
      89335.000 ns	      8932	80001fe8	011dd833	srl	x16,x27,x17	 x27:0xa202344a x17:0x00000000 x16=0xa202344a
      89345.000 ns	      8933	80001fec	00f01d93	slli	x27,x0,0xf	  x0:0x00000000 x27=0x00000000
      89375.000 ns	      8936	80001ff0	18118753	fdiv.s	f14,f3,f1	  f3:0x7fc00000  f1:0x80000000 f14=0x7fc00000
      89405.000 ns	      8939	80001ff4	203982d3	fsgnj.s	f5,f19,f3	 f19:0x7fc00000  f3:0x7fc00000  f5=0x7fc00000
      89435.000 ns	      8942	80001ff8	212a1d53	fsgnjn.s	f26,f20,f18	 f20:0x7fc00000 f18:0x00000000 f26=0xffc00000
      89455.000 ns	      8944	80001ffc	0113ae33	slt	x28,x7,x17	  x7:0x00000010 x17:0x00000000 x28=0x00000000
      89465.000 ns	      8945	80002000	007f6b33	or	x22,x30,x7	 x30:0x00000000  x7:0x00000010 x22=0x00000010
      89475.000 ns	      8946	80002004	5b993413	sltiu	x8,x18,1465	 x18:0x80041024  x8=0x00000000
      89835.000 ns	      8982	80002008	0233f033	remu	x0,x7,x3	  x7:0x00000010  x3:0x80040d41
      89855.000 ns	      8984	8000200c	e83b6e13	ori	x28,x22,-381	 x22:0x00000010 x28=0xfffffe93
      89875.000 ns	      8986	80002010	e00291d3	fclass.s	x3,f5	  f5:0x7fc00000  x3=0x00000200
      89905.000 ns	      8989	80002014	282f0553	fmin.s	f10,f30,f2	 f30:0x80000080  f2:0x00000001 f10=0x80000080
      89935.000 ns	      8992	80002018	e00a8753	fmv.x.w	x14,f21	 f21:0x80000000 x14=0x80000000
      89965.000 ns	      8995	8000201c	e00f0453	fmv.x.w	x8,f30	 f30:0x80000080  x8=0x80000080
      89995.000 ns	      8998	80002020	28eb07d3	fmin.s	f15,f22,f14	 f22:0x3f800000 f14:0x7fc00000 f15=0x3f800000
      90025.000 ns	      9001	80002024	f0020ad3	fmv.w.x	f21,x4	  x4:0x00000000 f21=0x00000000
      90045.000 ns	      9003	80002028	003c9093	slli	x1,x25,0x3	 x25:0x000000e6  x1=0x00000730
      90065.000 ns	      9005	8000202c	020f5e33	divu	x28,x30,x0	 x30:0x00000000  x0:0x00000000 x28=0xffffffff
      90095.000 ns	      9008	80002030	a0160753	fle.s	x14,f12,f1	 f12:0x80000001  f1:0x80000000 x14=0x00000001
      90145.000 ns	      9013	80002034	0919f153	fsub.s	f2,f19,f17	 f19:0x7fc00000 f17:0x00000000  f2=0x7fc00000
      90165.000 ns	      9015	80002038	7612dc97	auipc	x25,0x7612d	 x25=0xf612f038
      90175.000 ns	      9016	8000203c	00000013	addi	x0,x0,0	  x0:0x00000000
      90185.000 ns	      9017	80002040	d1a84493	xori	x9,x16,-742	 x16:0xa202344a  x9=0x5dfdc950
      90195.000 ns	      9018	80002044	dbd9c813	xori	x16,x19,-579	 x19:0x00000020 x16=0xfffffd9d
      90215.000 ns	      9020	80002048	a1d726d3	feq.s	x13,f14,f29	 f14:0x7fc00000 f29:0x00000000 x13=0x00000000
      90585.000 ns	      9057	8000204c	03d17433	remu	x8,x2,x29	  x2:0x0000007f x29:0x7fffffff  x8=0x0000007f
      90605.000 ns	      9059	80002050	0070e4b3	or	x9,x1,x7	  x1:0x00000730  x7:0x00000010  x9=0x00000730
      90615.000 ns	      9060	80002054	41b0ce93	xori	x29,x1,1051	  x1:0x00000730 x29=0x0000032b
      90645.000 ns	      9063	80002058	1895f1d3	fdiv.s	f3,f11,f9	 f11:0xffffffff  f9:0xffc00000  f3=0x7fc00000
      90675.000 ns	      9066	8000205c	a1cf1dd3	flt.s	x27,f30,f28	 f30:0x80000080 f28:0x00000200 x27=0x00000001
      90705.000 ns	      9069	80002060	d0017bd3	fcvt.s.w	f23,x2	  x2:0x0000007f f23=0x42fe0000
      90725.000 ns	      9071	80002064	00000013	addi	x0,x0,0	  x0:0x00000000
      90745.000 ns	      9073	80002068	c0052bd3	fcvt.w.s	x23,f10	 f10:0x80000080 x23=0x00000000
      90765.000 ns	      9075	8000206c	00e1a433	slt	x8,x3,x14	  x3:0x00000200 x14:0x00000001  x8=0x00000000
      90785.000 ns	      9077	80002070	028137b3	mulhu	x15,x2,x8	  x2:0x0000007f  x8:0x0000007f x15=0x00000000
      90805.000 ns	      9079	80002074	41d78bb3	sub	x23,x15,x29	 x15:0x00000000 x29:0x0000032b x23=0xfffffcd5
      90815.000 ns	      9080	80002078	fffa3d13	sltiu	x26,x20,-1	 x20:0xa202344a x26=0x00000001
      90835.000 ns	      9082	8000207c	d008f153	fcvt.s.w	f2,x17	 x17:0x00000000  f2=0x00000000
      90865.000 ns	      9085	80002080	28938253	fmin.s	f4,f7,f9	  f7:0x00000000  f9:0xffc00000  f4=0x00000000
      90905.000 ns	      9089	80002084	580ff9d3	fsqrt.s	f19,f31	 f31:0x00000000 f19=0x00000000
      90935.000 ns	      9092	80002088	024814b3	mulh	x9,x16,x4	 x16:0xfffffd9d  x4:0x00000000  x9=0x00000000
      90965.000 ns	      9095	8000208c	213b2b53	fsgnjx.s	f22,f22,f19	 f22:0x3f800000 f19:0x00000000 f22=0x3f800000
      90995.000 ns	      9098	80002090	201ca453	fsgnjx.s	f8,f25,f1	 f25:0x22826000  f1:0x80000000  f8=0xa2826000
      91015.000 ns	      9100	80002094	01b49d33	sll	x26,x9,x27	  x9:0x00000000 x27:0x00000001 x26=0x00000000
      91035.000 ns	      9102	80002098	029bf7b3	remu	x15,x23,x9	 x23:0xfffffcd5  x9:0x00000000 x15=0xfffffcd5
      91075.000 ns	      9106	8000209c	580d7f53	fsqrt.s	f30,f26	 f26:0xffc00000 f30=0x7fc00000
      91095.000 ns	      9108	800020a0	01d61113	slli	x2,x12,0x1d	 x12:0x5676df04  x2=0x80000000
      91105.000 ns	      9109	800020a4	003678b3	and	x17,x12,x3	 x12:0x5676df04  x3:0x00000200 x17=0x00000200
      91115.000 ns	      9110	800020a8	6d076613	ori	x12,x14,1744	 x14:0x00000001 x12=0x000006d1
      91145.000 ns	      9113	800020ac	188f2153	fdiv.s	f2,f30,f8	 f30:0x7fc00000  f8:0xa2826000  f2=0x7fc00000
      91175.000 ns	      9116	800020b0	03d990b3	mulh	x1,x19,x29	 x19:0x00000020 x29:0x0000032b  x1=0x00000000
      91545.000 ns	      9153	800020b4	03ca57b3	divu	x15,x20,x28	 x20:0xa202344a x28:0xffffffff x15=0x00000000
      91565.000 ns	      9155	800020b8	01578f33	add	x30,x15,x21	 x15:0xfffffcd5 x21:0x80040fee x30=0x80040fee
      91605.000 ns	      9159	800020bc	08caf6d3	fsub.s	f13,f21,f12	 f21:0x00000000 f12:0x80000001 f13=0x00000001
      91635.000 ns	      9162	800020c0	e00d14d3	fclass.s	x9,f26	 f26:0xffc00000  x9=0x00000200
      91655.000 ns	      9164	800020c4	006b1033	sll	x0,x22,x6	 x22:0x00000010  x6:0x00000000
      91665.000 ns	      9165	800020c8	40f20f33	sub	x30,x4,x15	  x4:0x00000000 x15:0x00000000 x30=0x00000000
      91675.000 ns	      9166	800020cc	01749433	sll	x8,x9,x23	  x9:0x00000200 x23:0xfffffcd5  x8=0x40000000
      91695.000 ns	      9168	800020d0	03c23333	mulhu	x6,x4,x28	  x4:0x00000000 x28:0xffffffff  x6=0x00000000
      91715.000 ns	      9170	800020d4	0088dcb3	srl	x25,x17,x8	 x17:0x00000200  x8:0x00000000 x25=0x00000200
      91725.000 ns	      9171	800020d8	409a5993	srai	x19,x20,0x9	 x20:0xa202344a x19=0xffd1011a
      91755.000 ns	      9174	800020dc	18d08bd3	fdiv.s	f23,f1,f13	  f1:0x80000000 f13:0x00000001 f23=0x80000000
      91775.000 ns	      9176	800020e0	00b9dab3	srl	x21,x19,x11	 x19:0x00000020 x11:0x00000010 x21=0x0000ffd1
      92135.000 ns	      9212	800020e4	0332f833	remu	x16,x5,x19	  x5:0xffffffff x19:0xffd1011a x16=0x002efee5
      92165.000 ns	      9215	800020e8	a0d81f53	flt.s	x30,f16,f13	 f16:0x42000000 f13:0x00000001 x30=0x00000000
      92195.000 ns	      9218	800020ec	02f30bb3	mul	x23,x6,x15	  x6:0x00000000 x15:0x00000000 x23=0x00000000
      92215.000 ns	      9220	800020f0	00fc2033	slt	x0,x24,x15	 x24:0x00000177 x15:0x00000000
      92235.000 ns	      9222	800020f4	a08793d3	flt.s	x7,f15,f8	 f15:0x3f800000  f8:0xa2826000  x7=0x00000000
      92255.000 ns	      9224	800020f8	00c8d833	srl	x16,x17,x12	 x17:0x00000200 x12:0x000006d1 x16=0x00000000
      92275.000 ns	      9226	800020fc	e0051053	fclass.s	x0,f10	 f10:0x80000080
      92305.000 ns	      9229	80002100	20101153	fsgnjn.s	f2,f0,f1	  f0:0x803c0479  f1:0x80000000  f2=0x003c0479
      92325.000 ns	      9231	80002104	41d6deb3	sra	x29,x13,x29	 x13:0x00000000 x29:0x0000032b x29=0x00000000
      92335.000 ns	      9232	80002108	01211293	slli	x5,x2,0x12	  x2:0x80000000  x5=0x00000000
      92345.000 ns	      9233	8000210c	015e22b3	slt	x5,x28,x21	 x28:0xffffffff x21:0x0000ffd1  x5=0x00000001
      92385.000 ns	      9237	80002110	00bdf653	fadd.s	f12,f27,f11	 f27:0x803c0479 f11:0xffffffff f12=0x7fc00000
      92415.000 ns	      9240	80002114	28ba8bd3	fmin.s	f23,f21,f11	 f21:0x00000000 f11:0xffffffff f23=0x00000000
      92445.000 ns	      9243	80002118	02700733	mul	x14,x0,x7	  x0:0x00000000  x7:0x00000000 x14=0x00000000
      92465.000 ns	      9245	8000211c	01d19813	slli	x16,x3,0x1d	  x3:0x00000200 x16=0x00000000
      92485.000 ns	      9247	80002120	02d568b3	rem	x17,x10,x13	 x10:0x80040fe4 x13:0x00000000 x17=0x80040fe4
      92515.000 ns	      9250	80002124	c0099253	fcvt.w.s	x4,f19	 f19:0x00000000  x4=0x00000000
      92545.000 ns	      9253	80002128	032ba633	mulhsu	x12,x23,x18	 x23:0x00000000 x18:0x80041024 x12=0x00000000
      92575.000 ns	      9256	8000212c	21e71a53	fsgnjn.s	f20,f14,f30	 f14:0x7fc00000 f30:0x7fc00000 f20=0xffc00000
      92595.000 ns	      9258	80002130	804f0d13	addi	x26,x30,-2044	 x30:0x00000000 x26=0xfffff804
      92615.000 ns	      9260	80002134	f00f8553	fmv.w.x	f10,x31	 x31:0x00000000 f10=0x00000000
      92635.000 ns	      9262	80002138	019c8633	add	x12,x25,x25	 x25:0x00000200 x25:0x00000200 x12=0x00000400
      92645.000 ns	      9263	8000213c	00639f13	slli	x30,x7,0x6	  x7:0x00000000 x30=0x00000000
      92655.000 ns	      9264	80002140	c341c797	auipc	x15,0xc341c	 x15=0x4341e140
      92675.000 ns	      9266	80002144	025b1f33	mulh	x30,x22,x5	 x22:0x00000010  x5:0x00000001 x30=0x00000000
      92705.000 ns	      9269	80002148	e00d8353	fmv.x.w	x6,f27	 f27:0x803c0479  x6=0x803c0479
      92755.000 ns	      9274	8000214c	082911d3	fsub.s	f3,f18,f2	 f18:0x00000000  f2:0x003c0479  f3=0x803c0479
      92785.000 ns	      9277	80002150	28ff8753	fmin.s	f14,f31,f15	 f31:0x00000000 f15:0x3f800000 f14=0x00000000
      92815.000 ns	      9280	80002154	c00e1d53	fcvt.w.s	x26,f28	 f28:0x00000200 x26=0x00000000
      92845.000 ns	      9283	80002158	28740bd3	fmin.s	f23,f8,f7	  f8:0xa2826000  f7:0x00000000 f23=0xa2826000
      92865.000 ns	      9285	8000215c	a7484313	xori	x6,x16,-1420	 x16:0x00000000  x6=0xfffffa74
      92885.000 ns	      9287	80002160	030e77b3	remu	x15,x28,x16	 x28:0xffffffff x16:0x00000000 x15=0xffffffff
      92905.000 ns	      9289	80002164	41da09b3	sub	x19,x20,x29	 x20:0xa202344a x29:0x00000000 x19=0xa202344a
      92925.000 ns	      9291	80002168	03734cb3	div	x25,x6,x23	  x6:0xfffffa74 x23:0x00000000 x25=0xffffffff
      92945.000 ns	      9293	8000216c	001f8ab3	add	x21,x31,x1	 x31:0x00000000  x1:0x00000000 x21=0x00000000
      92975.000 ns	      9296	80002170	187efad3	fdiv.s	f21,f29,f7	 f29:0x00000000  f7:0x00000000 f21=0x7fc00000
      92995.000 ns	      9298	80002174	00cad493	srli	x9,x21,0xc	 x21:0x0000ffd1  x9=0x00000000
      93015.000 ns	      9300	80002178	28381fd3	fmax.s	f31,f16,f3	 f16:0x42000000  f3:0x803c0479 f31=0x42000000
      93045.000 ns	      9303	8000217c	280d1cd3	fmax.s	f25,f26,f0	 f26:0xffc00000  f0:0x803c0479 f25=0x803c0479
      93065.000 ns	      9305	80002180	00c028b3	slt	x17,x0,x12	  x0:0x00000000 x12:0x00000400 x17=0x00000001
      93085.000 ns	      9307	80002184	02cf3f33	mulhu	x30,x30,x12	 x30:0x00000000 x12:0x00000400 x30=0x00000000
      93115.000 ns	      9310	80002188	035f70b3	remu	x1,x30,x21	 x30:0x00000000 x21:0x00000000  x1=0x00000000
      93145.000 ns	      9313	8000218c	02a4bfb3	mulhu	x31,x9,x10	  x9:0x00000000 x10:0x80040fe4 x31=0x00000000
      93175.000 ns	      9316	80002190	e0000d53	fmv.x.w	x26,f0	  f0:0x803c0479 x26=0x803c0479
      93195.000 ns	      9318	80002194	40805113	srai	x2,x0,0x8	  x0:0x00000000  x2=0x00000000
      93225.000 ns	      9321	80002198	1122f4d3	fmul.s	f9,f5,f18	  f5:0x7fc00000 f18:0x00000000  f9=0x7fc00000
      93255.000 ns	      9324	8000219c	c0027cd3	fcvt.w.s	x25,f4	  f4:0x00000000 x25=0x00000000
      93305.000 ns	      9329	800021a0	01ce4c53	fadd.s	f24,f28,f28	 f28:0x00000200 f28:0x00000200 f24=0x00000400
      93325.000 ns	      9331	800021a4	403551b3	sra	x3,x10,x3	 x10:0x80040fe4  x3:0x00000200  x3=0x80040fe4
      93335.000 ns	      9332	800021a8	0021ef33	or	x30,x3,x2	  x3:0x00000200  x2:0x00000000 x30=0x80040fe4
      94505.000 ns	      9449	800021ac	580e0ed3	fsqrt.s	f29,f28	 f28:0x00000200 f29=0x1f350758
      94525.000 ns	      9451	800021b0	c1b5b713	sltiu	x14,x11,-997	 x11:0x00000010 x14=0x00000001
      94535.000 ns	      9452	800021b4	c0eb2c13	slti	x24,x22,-1010	 x22:0x00000010 x24=0x00000000
      94545.000 ns	      9453	800021b8	01b6bcb3	sltu	x25,x13,x27	 x13:0x00000000 x27:0x00000001 x25=0x00000001
      94905.000 ns	      9489	800021bc	028365b3	rem	x11,x6,x8	  x6:0xfffffa74  x8:0x40000000 x11=0xfffffa74
      94925.000 ns	      9491	800021c0	00f8d593	srli	x11,x17,0xf	 x17:0x00000001 x11=0x00000000
      94935.000 ns	      9492	800021c4	00c448b3	xor	x17,x8,x12	  x8:0x40000000 x12:0x00000400 x17=0x40000400
      94975.000 ns	      9496	800021c8	09509bd3	fsub.s	f23,f1,f21	  f1:0x80000000 f21:0x7fc00000 f23=0x7fc00000
      94995.000 ns	      9498	800021cc	f4bc7f93	andi	x31,x24,-181	 x24:0x00000000 x31=0x00000000
      95015.000 ns	      9500	800021d0	21330553	fsgnj.s	f10,f6,f19	  f6:0x80000000 f19:0x00000000 f10=0x00000000
      95045.000 ns	      9503	800021d4	03fe2db3	mulhsu	x27,x28,x31	 x28:0xffffffff x31:0x00000000 x27=0x00000000
      95065.000 ns	      9505	800021d8	0ee76593	ori	x11,x14,238	 x14:0x00000001 x11=0x000000ef
      95085.000 ns	      9507	800021dc	037f8333	mul	x6,x31,x23	 x31:0x00000000 x23:0x00000000  x6=0x00000000
      95105.000 ns	      9509	800021e0	002fa833	slt	x16,x31,x2	 x31:0x00000000  x2:0x00000000 x16=0x00000000
      95125.000 ns	      9511	800021e4	29ce82d3	fmin.s	f5,f29,f28	 f29:0x1f350758 f28:0x00000200  f5=0x00000200
      95175.000 ns	      9516	800021e8	08dacb53	fsub.s	f22,f21,f13	 f21:0x7fc00000 f13:0x00000001 f22=0x7fc00000
      95195.000 ns	      9518	800021ec	00b7d3b3	srl	x7,x15,x11	 x15:0xffffffff x11:0x000000ef  x7=0x0001ffff
      95215.000 ns	      9520	800021f0	a1e62153	feq.s	x2,f12,f30	 f12:0x7fc00000 f30:0x7fc00000  x2=0x00000000
      95245.000 ns	      9523	800021f4	c0067853	fcvt.w.s	x16,f12	 f12:0x7fc00000 x16=0x7fffffff
      95275.000 ns	      9526	800021f8	03621e33	mulh	x28,x4,x22	  x4:0x00000000 x22:0x00000010 x28=0x00000000
      95295.000 ns	      9528	800021fc	00000013	addi	x0,x0,0	  x0:0x00000000
      95315.000 ns	      9530	80002200	d0054bd3	fcvt.s.w	f23,x10	 x10:0x80040fe4 f23=0xcefff7e0
      95355.000 ns	      9534	80002204	18a434d3	fdiv.s	f9,f8,f10	  f8:0xa2826000 f10:0x00000000  f9=0xff800000
      95375.000 ns	      9536	80002208	8c954613	xori	x12,x10,-1847	 x10:0x80040fe4 x12=0x7ffbf72d
      95385.000 ns	      9537	8000220c	f374bb13	sltiu	x22,x9,-201	  x9:0x00000000 x22=0x00000001
      95405.000 ns	      9539	80002210	20c621d3	fsgnjx.s	f3,f12,f12	 f12:0x7fc00000 f12:0x7fc00000  f3=0x7fc00000
      95435.000 ns	      9542	80002214	20431153	fsgnjn.s	f2,f6,f4	  f6:0x80000000  f4:0x00000000  f2=0x80000000
      95465.000 ns	      9545	80002218	029c2633	mulhsu	x12,x24,x9	 x24:0x00000000  x9:0x00000000 x12=0x00000000
      95495.000 ns	      9548	8000221c	03562db3	mulhsu	x27,x12,x21	 x12:0x7ffbf72d x21:0x00000000 x27=0x00000000
      95525.000 ns	      9551	80002220	02bbac33	mulhsu	x24,x23,x11	 x23:0x00000000 x11:0x000000ef x24=0x00000000
      95545.000 ns	      9553	80002224	00feeab3	or	x21,x29,x15	 x29:0x00000000 x15:0xffffffff x21=0xffffffff
      95575.000 ns	      9556	80002228	1922f2d3	fdiv.s	f5,f5,f18	  f5:0x00000200 f18:0x00000000  f5=0x7f800000
      95595.000 ns	      9558	8000222c	01f29313	slli	x6,x5,0x1f	  x5:0x00000001  x6=0x80000000
      95615.000 ns	      9560	80002230	21e79ed3	fsgnjn.s	f29,f15,f30	 f15:0x3f800000 f30:0x7fc00000 f29=0xbf800000
      95655.000 ns	      9564	80002234	1992fdd3	fdiv.s	f27,f5,f25	  f5:0x7f800000 f25:0x803c0479 f27=0xff800000
      95675.000 ns	      9566	80002238	013eb133	sltu	x2,x29,x19	 x29:0x00000000 x19:0xa202344a  x2=0x00000001
      95695.000 ns	      9568	8000223c	d0107fd3	fcvt.s.wu	f31,x0	  x0:0x00000000 f31=0x00000000
      95715.000 ns	      9570	80002240	40c50d33	sub	x26,x10,x12	 x10:0x80040fe4 x12:0x00000000 x26=0x80040fe4
      95735.000 ns	      9572	80002244	28d08ad3	fmin.s	f21,f1,f13	  f1:0x80000000 f13:0x00000001 f21=0x80000000
      95765.000 ns	      9575	80002248	e0078253	fmv.x.w	x4,f15	 f15:0x3f800000  x4=0x3f800000
      95785.000 ns	      9577	8000224c	404959b3	sra	x19,x18,x4	 x18:0x80041024  x4:0x00000000 x19=0x80041024
      95805.000 ns	      9579	80002250	c00977d3	fcvt.w.s	x15,f18	 f18:0x00000000 x15=0x00000000
      95835.000 ns	      9582	80002254	d0094f53	fcvt.s.w	f30,x18	 x18:0x80041024 f30=0xcefff7e0
      95855.000 ns	      9584	80002258	41948333	sub	x6,x9,x25	  x9:0x00000000 x25:0x00000001  x6=0xffffffff
      95875.000 ns	      9586	8000225c	d01c3553	fcvt.s.wu	f10,x24	 x24:0x00000000 f10=0x00000000
      95895.000 ns	      9588	80002260	b91800b7	lui	x1,0xb9180	  x1=0xb9180000
      95905.000 ns	      9589	80002264	fceaf993	andi	x19,x21,-50	 x21:0xffffffff x19=0xffffffce
      96265.000 ns	      9625	80002268	0352fe33	remu	x28,x5,x21	  x5:0x00000001 x21:0xffffffff x28=0x00000001
      96295.000 ns	      9628	8000226c	e0099853	fclass.s	x16,f19	 f19:0x00000000 x16=0x00000010
      96315.000 ns	      9630	80002270	a3848393	addi	x7,x9,-1480	  x9:0x00000000  x7=0xfffffa38
      96325.000 ns	      9631	80002274	01666233	or	x4,x12,x22	 x12:0x00000000 x22:0x00000001  x4=0x00000001
      96345.000 ns	      9633	80002278	21191353	fsgnjn.s	f6,f18,f17	 f18:0x00000000 f17:0x00000000  f6=0x80000000
      96715.000 ns	      9670	8000227c	02176f33	rem	x30,x14,x1	 x14:0x00000001  x1:0xb9180000 x30=0x00000001
      96745.000 ns	      9673	80002280	205284d3	fsgnj.s	f9,f5,f5	  f5:0x7f800000  f5:0x7f800000  f9=0x7f800000
      96775.000 ns	      9676	80002284	20210ed3	fsgnj.s	f29,f2,f2	  f2:0x80000000  f2:0x80000000 f29=0x80000000
      96815.000 ns	      9680	80002288	58001b53	fsqrt.s	f22,f0	  f0:0x803c0479 f22=0x7fc00000
      96845.000 ns	      9683	8000228c	29259cd3	fmax.s	f25,f11,f18	 f11:0xffffffff f18:0x00000000 f25=0x00000000
      96865.000 ns	      9685	80002290	84b98e93	addi	x29,x19,-1973	 x19:0xffffffce x29=0xfffff819
      96875.000 ns	      9686	80002294	582eaa93	slti	x21,x29,1410	 x29:0x00000000 x21=0x00000001
      96895.000 ns	      9688	80002298	e00d8b53	fmv.x.w	x22,f27	 f27:0xff800000 x22=0xff800000
      96915.000 ns	      9690	8000229c	000d5833	srl	x16,x26,x0	 x26:0x80040fe4  x0:0x00000000 x16=0x80040fe4
      96935.000 ns	      9692	800022a0	e0089bd3	fclass.s	x23,f17	 f17:0x00000000 x23=0x00000010
      96965.000 ns	      9695	800022a4	20e29bd3	fsgnjn.s	f23,f5,f14	  f5:0x7f800000 f14:0x00000000 f23=0xff800000
      96995.000 ns	      9698	800022a8	0202ad33	mulhsu	x26,x5,x0	  x5:0x00000001  x0:0x00000000 x26=0x00000000
      97025.000 ns	      9701	800022ac	03d60633	mul	x12,x12,x29	 x12:0x00000000 x29:0xfffff819 x12=0x00000000
      97045.000 ns	      9703	800022b0	00ea9f33	sll	x30,x21,x14	 x21:0x00000001 x14:0x00000001 x30=0x00000002
      97055.000 ns	      9704	800022b4	00000013	addi	x0,x0,0	  x0:0x00000000
      97065.000 ns	      9705	800022b8	41a35f93	srai	x31,x6,0x1a	  x6:0xffffffff x31=0xffffffff
      97085.000 ns	      9707	800022bc	c0189d53	fcvt.wu.s	x26,f17	 f17:0x00000000 x26=0x00000000
      97115.000 ns	      9710	800022c0	21350e53	fsgnj.s	f28,f10,f19	 f10:0x00000000 f19:0x00000000 f28=0x00000000
      97165.000 ns	      9715	800022c4	010c3353	fadd.s	f6,f24,f16	 f24:0x00000400 f16:0x42000000  f6=0x42000000
      97185.000 ns	      9717	800022c8	0025dd33	srl	x26,x11,x2	 x11:0x000000ef  x2:0x00000001 x26=0x00000077
      97205.000 ns	      9719	800022cc	d00cc653	fcvt.s.w	f12,x25	 x25:0x00000001 f12=0x3f800000
      97235.000 ns	      9722	800022d0	02ea0733	mul	x14,x20,x14	 x20:0xa202344a x14:0x00000001 x14=0xa202344a
      97275.000 ns	      9726	800022d4	580e9a53	fsqrt.s	f20,f29	 f29:0x80000000 f20=0x80000000
      97295.000 ns	      9728	800022d8	00000013	addi	x0,x0,0	  x0:0x00000000
      97315.000 ns	      9730	800022dc	c0131053	fcvt.wu.s	x0,f6	  f6:0x42000000
      97685.000 ns	      9767	800022e0	02a3f133	remu	x2,x7,x10	  x7:0xfffffa38 x10:0x80040fe4  x2=0x7ffbea54
      97705.000 ns	      9769	800022e4	31ff4193	xori	x3,x30,799	 x30:0x00000002  x3=0x0000031d
      98875.000 ns	      9886	800022e8	5807a553	fsqrt.s	f10,f15	 f15:0x3f800000 f10=0x3f7fffae
      98925.000 ns	      9891	800022ec	091d70d3	fsub.s	f1,f26,f17	 f26:0xffc00000 f17:0x00000000  f1=0x7fc00000
      98945.000 ns	      9893	800022f0	4048d793	srai	x15,x17,0x4	 x17:0x40000400 x15=0x04000040
      98955.000 ns	      9894	800022f4	41998cb3	sub	x25,x19,x25	 x19:0xffffffce x25:0x00000001 x25=0xffffffcd
      98975.000 ns	      9896	800022f8	d01773d3	fcvt.s.wu	f7,x14	 x14:0xa202344a  f7=0x4f220234
      98995.000 ns	      9898	800022fc	45c84e93	xori	x29,x16,1116	 x16:0x80040fe4 x29=0x80040bb8
      99005.000 ns	      9899	80002300	f1206013	ori	x0,x0,-238	  x0:0x00000000
      99015.000 ns	      9900	80002304	3bec2093	slti	x1,x24,958	 x24:0x00000000  x1=0x00000001
      99035.000 ns	      9902	80002308	20cd18d3	fsgnjn.s	f17,f26,f12	 f26:0xffc00000 f12:0x3f800000 f17=0xffc00000
      99055.000 ns	      9904	8000230c	6c0ee637	lui	x12,0x6c0ee	 x12=0x6c0ee000
      99075.000 ns	      9906	80002310	d0037f53	fcvt.s.w	f30,x6	  x6:0xffffffff f30=0xbf800000
      99095.000 ns	      9908	80002314	4339af93	slti	x31,x19,1075	 x19:0xffffffce x31=0x00000001
      99105.000 ns	      9909	80002318	00881193	slli	x3,x16,0x8	 x16:0x80040fe4  x3=0x040fe400
      99125.000 ns	      9911	8000231c	02313233	mulhu	x4,x2,x3	  x2:0x7ffbea54  x3:0x0000031d  x4=0x0207e168
      99145.000 ns	      9913	80002320	01ef38b3	sltu	x17,x30,x30	 x30:0x00000002 x30:0x00000002 x17=0x00000000
      99155.000 ns	      9914	80002324	00000013	addi	x0,x0,0	  x0:0x00000000
      99165.000 ns	      9915	80002328	01978ab3	add	x21,x15,x25	 x15:0x04000040 x25:0xffffffcd x21=0x0400000d
      99185.000 ns	      9917	8000232c	a1b590d3	flt.s	x1,f11,f27	 f11:0xffffffff f27:0xff800000  x1=0x00000000
      99225.000 ns	      9921	80002330	58007053	fsqrt.s	f0,f0	  f0:0x803c0479  f0=0x7fc00000
      99245.000 ns	      9923	80002334	015119b3	sll	x19,x2,x21	  x2:0x7ffbea54 x21:0x0400000d x19=0x7d4a8000
      99255.000 ns	      9924	80002338	4c10ef13	ori	x30,x1,1217	  x1:0x00000000 x30=0x000004c1
      99295.000 ns	      9928	8000233c	015c7ed3	fadd.s	f29,f24,f21	 f24:0x00000400 f21:0x80000000 f29=0x00000400
      99325.000 ns	      9931	80002340	20690853	fsgnj.s	f16,f18,f6	 f18:0x00000000  f6:0x42000000 f16=0x00000000
      99355.000 ns	      9934	80002344	03e80433	mul	x8,x16,x30	 x16:0x80040fe4 x30:0x000004c1  x8=0x934f8ae4
      99385.000 ns	      9937	80002348	e0049053	fclass.s	x0,f9	  f9:0x7f800000
      99415.000 ns	      9940	8000234c	020ac6b3	div	x13,x21,x0	 x21:0x0400000d  x0:0x00000000 x13=0xffffffff
      99445.000 ns	      9943	80002350	21820653	fsgnj.s	f12,f4,f24	  f4:0x00000000 f24:0x00000400 f12=0x00000000
      99465.000 ns	      9945	80002354	017c6bb3	or	x23,x24,x23	 x24:0x00000000 x23:0x00000010 x23=0x00000010
      99485.000 ns	      9947	80002358	c00910d3	fcvt.w.s	x1,f18	 f18:0x00000000  x1=0x00000000
      99505.000 ns	      9949	8000235c	41505d93	srai	x27,x0,0x15	  x0:0x00000000 x27=0x00000000
      99525.000 ns	      9951	80002360	021dd8b3	divu	x17,x27,x1	 x27:0x00000000  x1:0x00000000 x17=0xffffffff
      99895.000 ns	      9988	80002364	034bfbb3	remu	x23,x23,x20	 x23:0x00000010 x20:0xa202344a x23=0x00000010
      99915.000 ns	      9990	80002368	4dab9db7	lui	x27,0x4dab9	 x27=0x4dab9000
      99925.000 ns	      9991	8000236c	85dee793	ori	x15,x29,-1955	 x29:0x80040bb8 x15=0xfffffbfd
      99935.000 ns	      9992	80002370	e5780193	addi	x3,x16,-425	 x16:0x80040fe4  x3=0x80040e3b
      99955.000 ns	      9994	80002374	21bc01d3	fsgnj.s	f3,f24,f27	 f24:0x00000400 f27:0xff800000  f3=0x80000400
      99995.000 ns	      9998	80002378	19797153	fdiv.s	f2,f18,f23	 f18:0x00000000 f23:0xff800000  f2=0x80000000
     100025.000 ns	     10001	8000237c	a0e62ed3	feq.s	x29,f12,f14	 f12:0x00000000 f14:0x00000000 x29=0x00000001
     100065.000 ns	     10005	80002380	10d6b1d3	fmul.s	f3,f13,f13	 f13:0x00000001 f13:0x00000001  f3=0x00000000
     100115.000 ns	     10010	80002384	018b7dd3	fadd.s	f27,f22,f24	 f22:0x7fc00000 f24:0x00000400 f27=0x7fc00000
     100145.000 ns	     10013	80002388	0322ac33	mulhsu	x24,x5,x18	  x5:0x00000001 x18:0x80041024 x24=0x00000000
     100165.000 ns	     10015	8000238c	011e3133	sltu	x2,x28,x17	 x28:0x00000001 x17:0xffffffff  x2=0x00000001
     100175.000 ns	     10016	80002390	8e755617	auipc	x12,0x8e755	 x12=0x0e757390
     100185.000 ns	     10017	80002394	40c95833	sra	x16,x18,x12	 x18:0x80041024 x12:0x6c0ee000 x16=0xffff8004
     100205.000 ns	     10019	80002398	d00370d3	fcvt.s.w	f1,x6	  x6:0xffffffff  f1=0xbf800000
     100225.000 ns	     10021	8000239c	01157b33	and	x22,x10,x17	 x10:0x80040fe4 x17:0xffffffff x22=0x80040fe4
     100235.000 ns	     10022	800023a0	66c33713	sltiu	x14,x6,1644	  x6:0xffffffff x14=0x00000000
     100245.000 ns	     10023	800023a4	0185cc33	xor	x24,x11,x24	 x11:0x000000ef x24:0x00000000 x24=0x000000ef
     100255.000 ns	     10024	800023a8	013e6fb3	or	x31,x28,x19	 x28:0x00000001 x19:0x7d4a8000 x31=0x7d4a8001
     100265.000 ns	     10025	800023ac	00d6e5b3	or	x11,x13,x13	 x13:0xffffffff x13:0xffffffff x11=0xffffffff
     100275.000 ns	     10026	800023b0	5deb3993	sltiu	x19,x22,1502	 x22:0x80040fe4 x19=0x00000000
     100285.000 ns	     10027	800023b4	1888c293	xori	x5,x17,392	 x17:0xffffffff  x5=0xfffffe77
     100305.000 ns	     10029	800023b8	280d8fd3	fmin.s	f31,f27,f0	 f27:0x7fc00000  f0:0x7fc00000 f31=0x7fc00000
     100325.000 ns	     10031	800023bc	002224b3	slt	x9,x4,x2	  x4:0x0207e168  x2:0x00000001  x9=0x00000000
     100335.000 ns	     10032	800023c0	401e5f33	sra	x30,x28,x1	 x28:0x00000001  x1:0x00000000 x30=0x00000001
     100355.000 ns	     10034	800023c4	f00387d3	fmv.w.x	f15,x7	  x7:0xfffffa38 f15=0xfffffa38
     100385.000 ns	     10037	800023c8	216c2953	fsgnjx.s	f18,f24,f22	 f24:0x00000400 f22:0x7fc00000 f18=0x00000400
     100405.000 ns	     10039	800023cc	41b08fb3	sub	x31,x1,x27	  x1:0x00000000 x27:0x4dab9000 x31=0xb2547000
     100415.000 ns	     10040	800023d0	411688b3	sub	x17,x13,x17	 x13:0xffffffff x17:0xffffffff x17=0x00000000
     100425.000 ns	     10041	800023d4	16e32f93	slti	x31,x6,366	  x6:0xffffffff x31=0x00000001
     100785.000 ns	     10077	800023d8	0378e433	rem	x8,x17,x23	 x17:0xffffffff x23:0x00000010  x8=0x00000000
     101155.000 ns	     10114	800023dc	024b4c33	div	x24,x22,x4	 x22:0x80040fe4  x4:0x0207e168 x24=0xffffffc1
     101175.000 ns	     10116	800023e0	d080bbb7	lui	x23,0xd080b	 x23=0xd080b000
     101195.000 ns	     10118	800023e4	03c69033	mulh	x0,x13,x28	 x13:0xffffffff x28:0x00000001
     101225.000 ns	     10121	800023e8	28f09cd3	fmax.s	f25,f1,f15	  f1:0xbf800000 f15:0xfffffa38 f25=0xbf800000
     101265.000 ns	     10125	800023ec	19d8fbd3	fdiv.s	f23,f17,f29	 f17:0xffc00000 f29:0x00000400 f23=0x7fc00000
     101285.000 ns	     10127	800023f0	01f55333	srl	x6,x10,x31	 x10:0x80040fe4 x31:0x00000001  x6=0x400207f2
     101305.000 ns	     10129	800023f4	e0019c53	fclass.s	x24,f3	  f3:0x00000000 x24=0x00000010
     101675.000 ns	     10166	800023f8	0249df33	divu	x30,x19,x4	 x19:0x00000000  x4:0x0207e168 x30=0x00000000
     101695.000 ns	     10168	800023fc	40a60033	sub	x0,x12,x10	 x12:0x0e757390 x10:0x80040fe4
     101735.000 ns	     10172	80002400	0059ff53	fadd.s	f30,f19,f5	 f19:0x00000000  f5:0x7f800000 f30=0x7f800000
     101765.000 ns	     10175	80002404	031a8733	mul	x14,x21,x17	 x21:0x0400000d x17:0x00000000 x14=0x00000000
     102135.000 ns	     10212	80002408	03d0d8b3	divu	x17,x1,x29	  x1:0x00000000 x29:0x00000001 x17=0x00000000
     102165.000 ns	     10215	8000240c	a14a09d3	fle.s	x19,f20,f20	 f20:0x80000000 f20:0x80000000 x19=0x00000001
     102195.000 ns	     10218	80002410	035c8133	mul	x2,x25,x21	 x25:0xffffffcd x21:0x0400000d  x2=0x33fffd69
     102215.000 ns	     10220	80002414	ddf3c293	xori	x5,x7,-545	  x7:0xfffffa38  x5=0x000007e7
     102225.000 ns	     10221	80002418	40890b33	sub	x22,x18,x8	 x18:0x80041024  x8:0x00000000 x22=0x80041024
     102245.000 ns	     10223	8000241c	d003f753	fcvt.s.w	f14,x7	  x7:0xfffffa38 f14=0xc4b90000
     102275.000 ns	     10226	80002420	e00881d3	fmv.x.w	x3,f17	 f17:0xffc00000  x3=0xffc00000
     102305.000 ns	     10229	80002424	03e02c33	mulhsu	x24,x0,x30	  x0:0x00000000 x30:0x00000000 x24=0x00000000
     102325.000 ns	     10231	80002428	00000013	addi	x0,x0,0	  x0:0x00000000
     102345.000 ns	     10233	8000242c	f0018fd3	fmv.w.x	f31,x3	  x3:0xffc00000 f31=0xffc00000
     102375.000 ns	     10236	80002430	02b41bb3	mulh	x23,x8,x11	  x8:0x00000000 x11:0xffffffff x23=0x00000000
     102425.000 ns	     10241	80002434	083cf753	fsub.s	f14,f25,f3	 f25:0xbf800000  f3:0x00000000 f14=0xbf800000
     102455.000 ns	     10244	80002438	213a2a53	fsgnjx.s	f20,f20,f19	 f20:0x80000000 f19:0x00000000 f20=0x80000000
     102475.000 ns	     10246	8000243c	1252a693	slti	x13,x5,293	  x5:0x000007e7 x13=0x00000000
     102485.000 ns	     10247	80002440	52e6b693	sltiu	x13,x13,1326	 x13:0xffffffff x13=0x00000001
     102505.000 ns	     10249	80002444	20671cd3	fsgnjn.s	f25,f14,f6	 f14:0xbf800000  f6:0x42000000 f25=0xbf800000
     102535.000 ns	     10252	80002448	f00e0453	fmv.w.x	f8,x28	 x28:0x00000001  f8=0x00000001
     102565.000 ns	     10255	8000244c	031c95b3	mulh	x11,x25,x17	 x25:0xffffffcd x17:0x00000000 x11=0x00000000
     102595.000 ns	     10258	80002450	03761633	mulh	x12,x12,x23	 x12:0x0e757390 x23:0x00000000 x12=0x00000000
     102625.000 ns	     10261	80002454	c0017dd3	fcvt.w.s	x27,f2	  f2:0x80000000 x27=0x00000000
     102655.000 ns	     10264	80002458	031e5833	divu	x16,x28,x17	 x28:0x00000001 x17:0x00000000 x16=0xffffffff
     102675.000 ns	     10266	8000245c	00054b33	xor	x22,x10,x0	 x10:0x80040fe4  x0:0x00000000 x22=0x80040fe4
     102685.000 ns	     10267	80002460	00b67433	and	x8,x12,x11	 x12:0x00000000 x11:0x00000000  x8=0x00000000
     102715.000 ns	     10270	80002464	58098a53	fsqrt.s	f20,f19	 f19:0x00000000 f20=0x00000000
     102745.000 ns	     10273	80002468	208380d3	fsgnj.s	f1,f7,f8	  f7:0x4f220234  f8:0x00000001  f1=0x4f220234
     102765.000 ns	     10275	8000246c	00efee33	or	x28,x31,x14	 x31:0x00000001 x14:0x00000000 x28=0x00000001
     102785.000 ns	     10277	80002470	d004f953	fcvt.s.w	f18,x9	  x9:0x00000000 f18=0x00000000
     102835.000 ns	     10282	80002474	00a1f9d3	fadd.s	f19,f3,f10	  f3:0x00000000 f10:0x3f7fffae f19=0x3f7fffae
     102865.000 ns	     10285	80002478	c0047153	fcvt.w.s	x2,f8	  f8:0x00000001  x2=0x00000000
     102895.000 ns	     10288	8000247c	a08719d3	flt.s	x19,f14,f8	 f14:0xbf800000  f8:0x00000001 x19=0x00000001
     102925.000 ns	     10291	80002480	c0134fd3	fcvt.wu.s	x31,f6	  f6:0x42000000 x31=0x00000020
     102945.000 ns	     10293	80002484	60c87a97	auipc	x21,0x60c87	 x21=0xe0c89484
     102965.000 ns	     10295	80002488	0338a6b3	mulhsu	x13,x17,x19	 x17:0x00000000 x19:0x00000001 x13=0x00000000
     102995.000 ns	     10298	8000248c	a0d6a7d3	feq.s	x15,f13,f13	 f13:0x00000001 f13:0x00000001 x15=0x00000001
     103015.000 ns	     10300	80002490	a8918793	addi	x15,x3,-1399	  x3:0xffc00000 x15=0xffbffa89
     103035.000 ns	     10302	80002494	a0820053	fle.s	x0,f4,f8	  f4:0x00000000  f8:0x00000001
     103055.000 ns	     10304	80002498	01637433	and	x8,x6,x22	  x6:0x400207f2 x22:0x80040fe4  x8=0x000007e0
     103065.000 ns	     10305	8000249c	2846aa93	slti	x21,x13,644	 x13:0x00000000 x21=0x00000001
     103075.000 ns	     10306	800024a0	38d96293	ori	x5,x18,909	 x18:0x80041024  x5=0x800413ad
     103095.000 ns	     10308	800024a4	c01a0dd3	fcvt.wu.s	x27,f20	 f20:0x00000000 x27=0x00000000
     103125.000 ns	     10311	800024a8	20cf85d3	fsgnj.s	f11,f31,f12	 f31:0xffc00000 f12:0x00000000 f11=0x7fc00000
     103155.000 ns	     10314	800024ac	d01baa53	fcvt.s.wu	f20,x23	 x23:0x00000000 f20=0x00000000
     103185.000 ns	     10317	800024b0	02286333	rem	x6,x16,x2	 x16:0xffffffff  x2:0x00000000  x6=0xffffffff
     103205.000 ns	     10319	800024b4	00430233	add	x4,x6,x4	  x6:0x400207f2  x4:0x0207e168  x4=0x0207e167
     103215.000 ns	     10320	800024b8	f5898493	addi	x9,x19,-168	 x19:0x00000001  x9=0xffffff59
     103235.000 ns	     10322	800024bc	2019afd3	fsgnjx.s	f31,f19,f1	 f19:0x3f7fffae  f1:0x4f220234 f31=0x3f7fffae
     103265.000 ns	     10325	800024c0	c0027d53	fcvt.w.s	x26,f4	  f4:0x00000000 x26=0x00000000
     103285.000 ns	     10327	800024c4	00d5b4b3	sltu	x9,x11,x13	 x11:0x00000000 x13:0x00000000  x9=0x00000000
     103295.000 ns	     10328	800024c8	afaf0993	addi	x19,x30,-1286	 x30:0x00000000 x19=0xfffffafa
     103315.000 ns	     10330	800024cc	029f72b3	remu	x5,x30,x9	 x30:0x00000000  x9:0xffffff59  x5=0x00000000
     103335.000 ns	     10332	800024d0	8851eb93	ori	x23,x3,-1915	  x3:0xffc00000 x23=0xfffff885
     103355.000 ns	     10334	800024d4	291a0d53	fmin.s	f26,f20,f17	 f20:0x00000000 f17:0xffc00000 f26=0x00000000
     103385.000 ns	     10337	800024d8	a19a2c53	feq.s	x24,f20,f25	 f20:0x00000000 f25:0xbf800000 x24=0x00000000
     103405.000 ns	     10339	800024dc	017a03b3	add	x7,x20,x23	 x20:0xa202344a x23:0xfffff885  x7=0xa2022ccf
     103425.000 ns	     10341	800024e0	038714b3	mulh	x9,x14,x24	 x14:0x00000000 x24:0x00000000  x9=0x00000000
     103455.000 ns	     10344	800024e4	a0b80b53	fle.s	x22,f16,f11	 f16:0x00000000 f11:0x7fc00000 x22=0x00000000
     103485.000 ns	     10347	800024e8	a118a453	feq.s	x8,f17,f17	 f17:0xffc00000 f17:0xffc00000  x8=0x00000000
     104665.000 ns	     10465	800024ec	580c4753	fsqrt.s	f14,f24	 f24:0x00000400 f14=0x1f350a2c
     104685.000 ns	     10467	800024f0	7f320313	addi	x6,x4,2035	  x4:0x0207e167  x6=0x0207e95a
     104705.000 ns	     10469	800024f4	e0030453	fmv.x.w	x8,f6	  f6:0x42000000  x8=0x42000000
     104735.000 ns	     10472	800024f8	e0099453	fclass.s	x8,f19	 f19:0x3f7fffae  x8=0x00000040
     104755.000 ns	     10474	800024fc	01f802b3	add	x5,x16,x31	 x16:0xffffffff x31:0x00000020  x5=0x0000001f
     104775.000 ns	     10476	80002500	03631d33	mulh	x26,x6,x22	  x6:0x0207e95a x22:0x00000000 x26=0x00000000
     104805.000 ns	     10479	80002504	02c245b3	div	x11,x4,x12	  x4:0x0207e167 x12:0x00000000 x11=0xffffffff
     104835.000 ns	     10482	80002508	203391d3	fsgnjn.s	f3,f7,f3	  f7:0x4f220234  f3:0x00000000  f3=0xcf220234
     104865.000 ns	     10485	8000250c	03a5c7b3	div	x15,x11,x26	 x11:0xffffffff x26:0x00000000 x15=0xffffffff
     104885.000 ns	     10487	80002510	40835fb3	sra	x31,x6,x8	  x6:0x0207e95a  x8:0x00000040 x31=0x0207e95a
     104925.000 ns	     10491	80002514	09aaa2d3	fsub.s	f5,f21,f26	 f21:0x80000000 f26:0x00000000  f5=0x80000000
     104945.000 ns	     10493	80002518	408e0eb3	sub	x29,x28,x8	 x28:0x00000001  x8:0x00000040 x29=0xffffffc1
     104955.000 ns	     10494	8000251c	c01a7e93	andi	x29,x20,-1023	 x20:0xa202344a x29=0xa2023400
     104965.000 ns	     10495	80002520	0095e333	or	x6,x11,x9	 x11:0xffffffff  x9:0x00000000  x6=0xffffffff
     104975.000 ns	     10496	80002524	7ab9c093	xori	x1,x19,1963	 x19:0xfffffafa  x1=0xfffffd51
     104995.000 ns	     10498	80002528	21db2f53	fsgnjx.s	f30,f22,f29	 f22:0x7fc00000 f29:0x00000400 f30=0x7fc00000
     105025.000 ns	     10501	8000252c	20df0a53	fsgnj.s	f20,f30,f13	 f30:0x7f800000 f13:0x00000001 f20=0x7fc00000
     105045.000 ns	     10503	80002530	8ad22413	slti	x8,x4,-1875	  x4:0x0207e167  x8=0x00000000
     105065.000 ns	     10505	80002534	d01c1653	fcvt.s.wu	f12,x24	 x24:0x00000000 f12=0x00000000
     105105.000 ns	     10509	80002538	11bb77d3	fmul.s	f15,f22,f27	 f22:0x7fc00000 f27:0x7fc00000 f15=0x7fc00000
     105125.000 ns	     10511	8000253c	3a36e093	ori	x1,x13,931	 x13:0x00000000  x1=0x000003a3
     105145.000 ns	     10513	80002540	d017f9d3	fcvt.s.wu	f19,x15	 x15:0xffffffff f19=0x4f7fffff
     105195.000 ns	     10518	80002544	00c614d3	fadd.s	f9,f12,f12	 f12:0x00000000 f12:0x00000000  f9=0x00000000
     105225.000 ns	     10521	80002548	28900753	fmin.s	f14,f0,f9	  f0:0x7fc00000  f9:0x7f800000 f14=0x00000000
     105595.000 ns	     10558	8000254c	032ff8b3	remu	x17,x31,x18	 x31:0x0207e95a x18:0x80041024 x17=0x0207e95a
     105625.000 ns	     10561	80002550	e0051c53	fclass.s	x24,f10	 f10:0x3f7fffae x24=0x00000040
     105655.000 ns	     10564	80002554	03333233	mulhu	x4,x6,x19	  x6:0xffffffff x19:0xfffffafa  x4=0xfffffaf9
     105695.000 ns	     10568	80002558	580d1353	fsqrt.s	f6,f26	 f26:0x00000000  f6=0x00000000
     105725.000 ns	     10571	8000255c	028e76b3	remu	x13,x28,x8	 x28:0x00000001  x8:0x00000000 x13=0x00000001
     105755.000 ns	     10574	80002560	a07c04d3	fle.s	x9,f24,f7	 f24:0x00000400  f7:0x4f220234  x9=0x00000001
     105775.000 ns	     10576	80002564	72fcb817	auipc	x16,0x72fcb	 x16=0xf2fcd564
     105785.000 ns	     10577	80002568	00a013b3	sll	x7,x0,x10	  x0:0x00000000 x10:0x80040fe4  x7=0x00000000
     105795.000 ns	     10578	8000256c	01d4dd33	srl	x26,x9,x29	  x9:0x00000001 x29:0xa2023400 x26=0x00000001
     105815.000 ns	     10580	80002570	e00a0ad3	fmv.x.w	x21,f20	 f20:0x7fc00000 x21=0x7fc00000
     105855.000 ns	     10584	80002574	11968853	fmul.s	f16,f13,f25	 f13:0x00000001 f25:0xbf800000 f16=0x80000002
     105875.000 ns	     10586	80002578	b3ef8117	auipc	x2,0xb3ef8	  x2=0x33efa578
     105895.000 ns	     10588	8000257c	03f69433	mulh	x8,x13,x31	 x13:0x00000001 x31:0x0207e95a  x8=0x00000000
     105925.000 ns	     10591	80002580	028993b3	mulh	x7,x19,x8	 x19:0xfffffafa  x8:0x00000000  x7=0x00000000
     105965.000 ns	     10595	80002584	18b078d3	fdiv.s	f17,f0,f11	  f0:0x7fc00000 f11:0x7fc00000 f17=0x7fc00000
     105985.000 ns	     10597	80002588	009b9993	slli	x19,x23,0x9	 x23:0xfffff885 x19=0xfff10a00
     106345.000 ns	     10633	8000258c	026afd33	remu	x26,x21,x6	 x21:0x7fc00000  x6:0xffffffff x26=0x7fc00000
     106365.000 ns	     10635	80002590	eaf4af37	lui	x30,0xeaf4a	 x30=0xeaf4a000
     106385.000 ns	     10637	80002594	a1e08f53	fle.s	x30,f1,f30	  f1:0x4f220234 f30:0x7fc00000 x30=0x00000000
     106405.000 ns	     10639	80002598	85332593	slti	x11,x6,-1965	  x6:0xffffffff x11=0x00000000
     106425.000 ns	     10641	8000259c	a0f1a453	feq.s	x8,f3,f15	  f3:0xcf220234 f15:0x7fc00000  x8=0x00000000
     106465.000 ns	     10645	800025a0	192bb753	fdiv.s	f14,f23,f18	 f23:0x7fc00000 f18:0x00000000 f14=0x7fc00000
     106495.000 ns	     10648	800025a4	02360db3	mul	x27,x12,x3	 x12:0x00000000  x3:0xffc00000 x27=0x00000000
     106525.000 ns	     10651	800025a8	d0044d53	fcvt.s.w	f26,x8	  x8:0x00000000 f26=0x00000000
     106555.000 ns	     10654	800025ac	a018ae53	feq.s	x28,f17,f1	 f17:0x7fc00000  f1:0x4f220234 x28=0x00000000
     106575.000 ns	     10656	800025b0	40875333	sra	x6,x14,x8	 x14:0x00000000  x8:0x00000000  x6=0x00000000
     106585.000 ns	     10657	800025b4	0eaf6293	ori	x5,x30,234	 x30:0x00000000  x5=0x000000ea
     106605.000 ns	     10659	800025b8	e00909d3	fmv.x.w	x19,f18	 f18:0x00000000 x19=0x00000000
     106635.000 ns	     10662	800025bc	f0048953	fmv.w.x	f18,x9	  x9:0x00000001 f18=0x00000001
     106655.000 ns	     10664	800025c0	41b0dc13	srai	x24,x1,0x1b	  x1:0x000003a3 x24=0x00000000
     106665.000 ns	     10665	800025c4	00f105b3	add	x11,x2,x15	  x2:0x33efa578 x15:0xffffffff x11=0x33efa577
     106675.000 ns	     10666	800025c8	41b680b3	sub	x1,x13,x27	 x13:0x00000001 x27:0x00000000  x1=0x00000001
     106685.000 ns	     10667	800025cc	017cbcb3	sltu	x25,x25,x23	 x25:0xffffffcd x23:0xfffff885 x25=0x00000000
     106705.000 ns	     10669	800025d0	29ca0ed3	fmin.s	f29,f20,f28	 f20:0x7fc00000 f28:0x00000000 f29=0x00000000
     106735.000 ns	     10672	800025d4	21b014d3	fsgnjn.s	f9,f0,f27	  f0:0x7fc00000 f27:0x7fc00000  f9=0xffc00000
     106765.000 ns	     10675	800025d8	c00f27d3	fcvt.w.s	x15,f30	 f30:0x7fc00000 x15=0x7fffffff
     106795.000 ns	     10678	800025dc	e0071c53	fclass.s	x24,f14	 f14:0x7fc00000 x24=0x00000200
     106825.000 ns	     10681	800025e0	034420b3	mulhsu	x1,x8,x20	  x8:0x00000000 x20:0xa202344a  x1=0x00000000
     106855.000 ns	     10684	800025e4	f00b0953	fmv.w.x	f18,x22	 x22:0x00000000 f18=0x00000000
     106885.000 ns	     10687	800025e8	2111a3d3	fsgnjx.s	f7,f3,f17	  f3:0xcf220234 f17:0x7fc00000  f7=0xcf220234
     106905.000 ns	     10689	800025ec	85265a97	auipc	x21,0x85265	 x21=0x052675ec
     106915.000 ns	     10690	800025f0	401c5233	sra	x4,x24,x1	 x24:0x00000200  x1:0x00000000  x4=0x00000200
     106925.000 ns	     10691	800025f4	40a20e33	sub	x28,x4,x10	  x4:0xfffffaf9 x10:0x80040fe4 x28=0x7ffbf21c
     106955.000 ns	     10694	800025f8	11cba453	fmul.s	f8,f23,f28	 f23:0x7fc00000 f28:0x00000000  f8=0x7fc00000
     106985.000 ns	     10697	800025fc	d0092353	fcvt.s.w	f6,x18	 x18:0x80041024  f6=0xcefff7e0
     107015.000 ns	     10700	80002600	e00813d3	fclass.s	x7,f16	 f16:0x80000002  x7=0x00000004
     107035.000 ns	     10702	80002604	d930d417	auipc	x8,0xd930d	  x8=0x5930f604
     107055.000 ns	     10704	80002608	c0073bd3	fcvt.w.s	x23,f14	 f14:0x7fc00000 x23=0x7fffffff
     107075.000 ns	     10706	8000260c	40030d33	sub	x26,x6,x0	  x6:0x00000000  x0:0x00000000 x26=0x00000000
     107095.000 ns	     10708	80002610	21ec2453	fsgnjx.s	f8,f24,f30	 f24:0x00000400 f30:0x7fc00000  f8=0x00000400
     107145.000 ns	     10713	80002614	00267f53	fadd.s	f30,f12,f2	 f12:0x00000000  f2:0x80000000 f30=0x80000000
     107165.000 ns	     10715	80002618	01e12433	slt	x8,x2,x30	  x2:0x33efa578 x30:0x00000000  x8=0x00000000
     108335.000 ns	     10832	8000261c	580fc453	fsqrt.s	f8,f31	 f31:0x3f7fffae  f8=0x3f35042a
     108365.000 ns	     10835	80002620	a1f888d3	fle.s	x17,f17,f31	 f17:0x7fc00000 f31:0x3f7fffae x17=0x00000000
     108385.000 ns	     10837	80002624	279bf193	andi	x3,x23,633	 x23:0x7fffffff  x3=0x00000279
     108395.000 ns	     10838	80002628	535c8693	addi	x13,x25,1333	 x25:0x00000000 x13=0x00000535
     108405.000 ns	     10839	8000262c	00a3ee33	or	x28,x7,x10	  x7:0x00000004 x10:0x80040fe4 x28=0x80040fe4
     108425.000 ns	     10841	80002630	0209d4b3	divu	x9,x19,x0	 x19:0x00000000  x0:0x00000000  x9=0xffffffff
     108455.000 ns	     10844	80002634	c0119ad3	fcvt.wu.s	x21,f3	  f3:0xcf220234 x21=0xa2023400
     108475.000 ns	     10846	80002638	7a736897	auipc	x17,0x7a736	 x17=0xfa738638
     108485.000 ns	     10847	8000263c	1ee8cf13	xori	x30,x17,494	 x17:0x00000000 x30=0xfa7387d6
     108505.000 ns	     10849	80002640	c0034053	fcvt.w.s	x0,f6	  f6:0xcefff7e0
     108555.000 ns	     10854	80002644	01f8b453	fadd.s	f8,f17,f31	 f17:0x7fc00000 f31:0x3f7fffae  f8=0x7fc00000
     108575.000 ns	     10856	80002648	ae0977b7	lui	x15,0xae097	 x15=0xae097000
     108585.000 ns	     10857	8000264c	00000013	addi	x0,x0,0	  x0:0x00000000
     108595.000 ns	     10858	80002650	41fedbb3	sra	x23,x29,x31	 x29:0xa2023400 x31:0x0207e95a x23=0xffffffe8
     108605.000 ns	     10859	80002654	dc533c13	sltiu	x24,x6,-571	  x6:0x00000000 x24=0x00000001
     108615.000 ns	     10860	80002658	00275eb3	srl	x29,x14,x2	 x14:0x00000000  x2:0x33efa578 x29=0x00000000
     108625.000 ns	     10861	8000265c	00000013	addi	x0,x0,0	  x0:0x00000000
     108645.000 ns	     10863	80002660	e00395d3	fclass.s	x11,f7	  f7:0xcf220234 x11=0x00000002
     108665.000 ns	     10865	80002664	00351133	sll	x2,x10,x3	 x10:0x80040fe4  x3:0x00000279  x2=0xc8000000
     108675.000 ns	     10866	80002668	8fd76837	lui	x16,0x8fd76	 x16=0x8fd76000
     108685.000 ns	     10867	8000266c	01801113	slli	x2,x0,0x18	  x0:0x00000000  x2=0x00000000
     108695.000 ns	     10868	80002670	bec6cb93	xori	x23,x13,-1044	 x13:0x00000535 x23=0xfffffed9
     108735.000 ns	     10872	80002674	09167353	fsub.s	f6,f12,f17	 f12:0x00000000 f17:0x7fc00000  f6=0x7fc00000
     108765.000 ns	     10875	80002678	f0058253	fmv.w.x	f4,x11	 x11:0x00000002  f4=0x00000002
     108795.000 ns	     10878	8000267c	a12dab53	feq.s	x22,f27,f18	 f27:0x7fc00000 f18:0x00000000 x22=0x00000000
     108825.000 ns	     10881	80002680	0225db33	divu	x22,x11,x2	 x11:0x00000002  x2:0x00000000 x22=0xffffffff
     108845.000 ns	     10883	80002684	00ad1e13	slli	x28,x26,0xa	 x26:0x00000000 x28=0x00000000
     108865.000 ns	     10885	80002688	a05f2153	feq.s	x2,f30,f5	 f30:0x80000000  f5:0x80000000  x2=0x00000001
     108905.000 ns	     10889	8000268c	58083fd3	fsqrt.s	f31,f16	 f16:0x80000002 f31=0x7fc00000
     108925.000 ns	     10891	80002690	014eb4b3	sltu	x9,x29,x20	 x29:0x00000000 x20:0xa202344a  x9=0x00000001
     108945.000 ns	     10893	80002694	f00586d3	fmv.w.x	f13,x11	 x11:0x00000002 f13=0x00000002
     108965.000 ns	     10895	80002698	4070dab3	sra	x21,x1,x7	  x1:0x00000000  x7:0x00000004 x21=0x00000000
     108975.000 ns	     10896	8000269c	711e9c17	auipc	x24,0x711e9	 x24=0xf11eb69c
     108985.000 ns	     10897	800026a0	40b95db3	sra	x27,x18,x11	 x18:0x80041024 x11:0x00000002 x27=0xe0010409
     109005.000 ns	     10899	800026a4	030a8fb3	mul	x31,x21,x16	 x21:0x00000000 x16:0x8fd76000 x31=0x00000000
     109035.000 ns	     10902	800026a8	025d1033	mulh	x0,x26,x5	 x26:0x00000000  x5:0x000000ea
     109065.000 ns	     10905	800026ac	c00cbb53	fcvt.w.s	x22,f25	 f25:0xbf800000 x22=0xffffffff
     109085.000 ns	     10907	800026b0	7d1cef17	auipc	x30,0x7d1ce	 x30=0xfd1d06b0
     109095.000 ns	     10908	800026b4	40d70b33	sub	x22,x14,x13	 x14:0x00000000 x13:0x00000535 x22=0xfffffacb
     109455.000 ns	     10944	800026b8	032b4633	div	x12,x22,x18	 x22:0xffffffff x18:0x80041024 x12=0x00000000
     109475.000 ns	     10946	800026bc	22dbb193	sltiu	x3,x23,557	 x23:0xfffffed9  x3=0x00000000
     109505.000 ns	     10949	800026c0	11550fd3	fmul.s	f31,f10,f21	 f10:0x3f7fffae f21:0x80000000 f31=0x80000000
     109535.000 ns	     10952	800026c4	20fa8053	fsgnj.s	f0,f21,f15	 f21:0x80000000 f15:0x7fc00000  f0=0x00000000
     109905.000 ns	     10989	800026c8	0389c4b3	div	x9,x19,x24	 x19:0x00000000 x24:0xf11eb69c  x9=0x00000000
     109925.000 ns	     10991	800026cc	01575d93	srli	x27,x14,0x15	 x14:0x00000000 x27=0x00000000
     109935.000 ns	     10992	800026d0	2445e113	ori	x2,x11,580	 x11:0x00000002  x2=0x00000246
     109975.000 ns	     10996	800026d4	017ba1d3	fadd.s	f3,f23,f23	 f23:0x7fc00000 f23:0x7fc00000  f3=0x7fc00000
     109995.000 ns	     10998	800026d8	415657b3	sra	x15,x12,x21	 x12:0x00000000 x21:0x00000000 x15=0x00000000
     110015.000 ns	     11000	800026dc	d019c7d3	fcvt.s.wu	f15,x19	 x19:0x00000000 f15=0x00000000
     110035.000 ns	     11002	800026e0	01532733	slt	x14,x6,x21	  x6:0x00000000 x21:0x00000000 x14=0x00000000
     110045.000 ns	     11003	800026e4	00ddec33	or	x24,x27,x13	 x27:0x00000000 x13:0x00000535 x24=0x00000535
     110055.000 ns	     11004	800026e8	00000013	addi	x0,x0,0	  x0:0x00000000
     110065.000 ns	     11005	800026ec	009ffe33	and	x28,x31,x9	 x31:0x00000000  x9:0x00000000 x28=0x00000000
     110085.000 ns	     11007	800026f0	03ad6e33	rem	x28,x26,x26	 x26:0x00000000 x26:0x00000000 x28=0x00000000
     110115.000 ns	     11010	800026f4	02e488b3	mul	x17,x9,x14	  x9:0x00000000 x14:0x00000000 x17=0x00000000
     110145.000 ns	     11013	800026f8	03a696b3	mulh	x13,x13,x26	 x13:0x00000535 x26:0x00000000 x13=0x00000000
     110165.000 ns	     11015	800026fc	8f2b3c37	lui	x24,0x8f2b3	 x24=0x8f2b3000
     110195.000 ns	     11018	80002700	5804f9d3	fsqrt.s	f19,f9	  f9:0xffc00000 f19=0x7fc00000
     110225.000 ns	     11021	80002704	e00916d3	fclass.s	x13,f18	 f18:0x00000000 x13=0x00000010
     110265.000 ns	     11025	80002708	11f32653	fmul.s	f12,f6,f31	  f6:0x7fc00000 f31:0x80000000 f12=0x7fc00000
     110635.000 ns	     11062	8000270c	024064b3	rem	x9,x0,x4	  x0:0x00000000  x4:0x00000200  x9=0x00000000
     110665.000 ns	     11065	80002710	209b16d3	fsgnjn.s	f13,f22,f9	 f22:0x7fc00000  f9:0xffc00000 f13=0x7fc00000
     110695.000 ns	     11068	80002714	a07d13d3	flt.s	x7,f26,f7	 f26:0x00000000  f7:0xcf220234  x7=0x00000000
     110725.000 ns	     11071	80002718	f0010cd3	fmv.w.x	f25,x2	  x2:0x00000246 f25=0x00000246
     110765.000 ns	     11075	8000271c	19657a53	fdiv.s	f20,f10,f22	 f10:0x3f7fffae f22:0x7fc00000 f20=0x7fc00000
     110795.000 ns	     11078	80002720	03693e33	mulhu	x28,x18,x22	 x18:0x80041024 x22:0xfffffacb x28=0x80040d89
     110825.000 ns	     11081	80002724	e0001253	fclass.s	x4,f0	  f0:0x00000000  x4=0x00000010
     110845.000 ns	     11083	80002728	0f1be393	ori	x7,x23,241	 x23:0xfffffed9  x7=0xfffffef9
     110855.000 ns	     11084	8000272c	01158f33	add	x30,x11,x17	 x11:0x00000002 x17:0x00000000 x30=0x00000002
     110865.000 ns	     11085	80002730	00508f33	add	x30,x1,x5	  x1:0x00000000  x5:0x000000ea x30=0x000000ea
     110875.000 ns	     11086	80002734	00199893	slli	x17,x19,0x1	 x19:0x00000000 x17=0x00000000
     110885.000 ns	     11087	80002738	0e07ce93	xori	x29,x15,224	 x15:0x00000000 x29=0x000000e0
     110905.000 ns	     11089	8000273c	02a10133	mul	x2,x2,x10	  x2:0x00000246 x10:0x80040fe4  x2=0x093c2058
     110925.000 ns	     11091	80002740	005b9c13	slli	x24,x23,0x5	 x23:0xfffffed9 x24=0xffffdb20
     110965.000 ns	     11095	80002744	00b0f753	fadd.s	f14,f1,f11	  f1:0x4f220234 f11:0x7fc00000 f14=0x7fc00000
     111015.000 ns	     11100	80002748	0894f4d3	fsub.s	f9,f9,f9	  f9:0xffc00000  f9:0xffc00000  f9=0x7fc00000
     111045.000 ns	     11103	8000274c	026222b3	mulhsu	x5,x4,x6	  x4:0x00000010  x6:0x00000000  x5=0x00000000
     111065.000 ns	     11105	80002750	40c8d4b3	sra	x9,x17,x12	 x17:0x00000000 x12:0x00000000  x9=0x00000000
     111095.000 ns	     11108	80002754	1058f3d3	fmul.s	f7,f17,f5	 f17:0x7fc00000  f5:0x80000000  f7=0x7fc00000
     111115.000 ns	     11110	80002758	017037b3	sltu	x15,x0,x23	  x0:0x00000000 x23:0xfffffed9 x15=0x00000001
     111155.000 ns	     11114	8000275c	087b7453	fsub.s	f8,f22,f7	 f22:0x7fc00000  f7:0x7fc00000  f8=0x7fc00000
     111175.000 ns	     11116	80002760	ee3a2113	slti	x2,x20,-285	 x20:0xa202344a  x2=0x00000001
     111195.000 ns	     11118	80002764	c0112b53	fcvt.wu.s	x22,f2	  f2:0x80000000 x22=0x00000000
     111215.000 ns	     11120	80002768	47192613	slti	x12,x18,1137	 x18:0x80041024 x12=0x00000001
     111235.000 ns	     11122	8000276c	025a4e33	div	x28,x20,x5	 x20:0xa202344a  x5:0x00000000 x28=0xffffffff
     111255.000 ns	     11124	80002770	018f81b3	add	x3,x31,x24	 x31:0x00000000 x24:0xffffdb20  x3=0xffffdb20
     111275.000 ns	     11126	80002774	03b62033	mulhsu	x0,x12,x27	 x12:0x00000001 x27:0x00000000
     111295.000 ns	     11128	80002778	7ac4f493	andi	x9,x9,1964	  x9:0x00000000  x9=0x00000000
     111315.000 ns	     11130	8000277c	a1cf1b53	flt.s	x22,f30,f28	 f30:0x80000000 f28:0x00000000 x22=0x00000000
     111335.000 ns	     11132	80002780	00000013	addi	x0,x0,0	  x0:0x00000000
     111695.000 ns	     11168	80002784	02b3d3b3	divu	x7,x7,x11	  x7:0xfffffef9 x11:0x00000002  x7=0x7fffff7c
     111715.000 ns	     11170	80002788	10417137	lui	x2,0x10417	  x2=0x10417000
     111735.000 ns	     11172	8000278c	031897b3	mulh	x15,x17,x17	 x17:0x00000000 x17:0x00000000 x15=0x00000000
     111765.000 ns	     11175	80002790	d006fd53	fcvt.s.w	f26,x13	 x13:0x00000010 f26=0x41800000
     111785.000 ns	     11177	80002794	01d5d493	srli	x9,x11,0x1d	 x11:0x00000002  x9=0x00000000
     111805.000 ns	     11179	80002798	29d20e53	fmin.s	f28,f4,f29	  f4:0x00000002 f29:0x00000000 f28=0x00000000
     111835.000 ns	     11182	8000279c	201329d3	fsgnjx.s	f19,f6,f1	  f6:0x7fc00000  f1:0x4f220234 f19=0x7fc00000
     111855.000 ns	     11184	800027a0	40f304b3	sub	x9,x6,x15	  x6:0x00000000 x15:0x00000000  x9=0x00000000
     111865.000 ns	     11185	800027a4	00b29c93	slli	x25,x5,0xb	  x5:0x00000000 x25=0x00000000
     111895.000 ns	     11188	800027a8	1193fcd3	fmul.s	f25,f7,f25	  f7:0x7fc00000 f25:0x00000246 f25=0x7fc00000
     111925.000 ns	     11191	800027ac	a012a1d3	feq.s	x3,f5,f1	  f5:0x80000000  f1:0x4f220234  x3=0x00000000
     111955.000 ns	     11194	800027b0	a15601d3	fle.s	x3,f12,f21	 f12:0x7fc00000 f21:0x80000000  x3=0x00000000
     111985.000 ns	     11197	800027b4	c0079bd3	fcvt.w.s	x23,f15	 f15:0x00000000 x23=0x00000000
     112005.000 ns	     11199	800027b8	01236033	or	x0,x6,x18	  x6:0x00000000 x18:0x80041024
     112015.000 ns	     11200	800027bc	005f39b3	sltu	x19,x30,x5	 x30:0x000000ea  x5:0x00000000 x19=0x00000000
     112025.000 ns	     11201	800027c0	8fd2f213	andi	x4,x5,-1795	  x5:0x00000000  x4=0x00000000
     112045.000 ns	     11203	800027c4	0316c133	div	x2,x13,x17	 x13:0x00000010 x17:0x00000000  x2=0xffffffff
     112065.000 ns	     11205	800027c8	01995c33	srl	x24,x18,x25	 x18:0x80041024 x25:0x00000000 x24=0x80041024
     112085.000 ns	     11207	800027cc	28d484d3	fmin.s	f9,f9,f13	  f9:0x7fc00000 f13:0x7fc00000  f9=0x7fc00000
     112105.000 ns	     11209	800027d0	7e3b4c13	xori	x24,x22,2019	 x22:0x00000000 x24=0x000007e3
     112125.000 ns	     11211	800027d4	02c73ab3	mulhu	x21,x14,x12	 x14:0x00000000 x12:0x00000001 x21=0x00000000
     112155.000 ns	     11214	800027d8	21b48dd3	fsgnj.s	f27,f9,f27	  f9:0x7fc00000 f27:0x7fc00000 f27=0x7fc00000
     112175.000 ns	     11216	800027dc	dbadee13	ori	x28,x27,-582	 x27:0x00000000 x28=0xfffffdba
     112185.000 ns	     11217	800027e0	4031df93	srai	x31,x3,0x3	  x3:0x00000000 x31=0x00000000
     112205.000 ns	     11219	800027e4	a0242253	feq.s	x4,f8,f2	  f8:0x7fc00000  f2:0x80000000  x4=0x00000000
     112235.000 ns	     11222	800027e8	d0183cd3	fcvt.s.wu	f25,x16	 x16:0x8fd76000 f25=0x4f0fd760
     112265.000 ns	     11225	800027ec	02625633	divu	x12,x4,x6	  x4:0x00000000  x6:0x00000000 x12=0xffffffff
     112305.000 ns	     11229	800027f0	19d470d3	fdiv.s	f1,f8,f29	  f8:0x7fc00000 f29:0x00000000  f1=0x7fc00000
     112325.000 ns	     11231	800027f4	005473b3	and	x7,x8,x5	  x8:0x00000000  x5:0x00000000  x7=0x00000000
     112335.000 ns	     11232	800027f8	418d5b33	sra	x22,x26,x24	 x26:0x00000000 x24:0x000007e3 x22=0x00000000
     112345.000 ns	     11233	800027fc	40dc6a93	ori	x21,x24,1037	 x24:0x000007e3 x21=0x000007ef
     112355.000 ns	     11234	80002800	00000013	addi	x0,x0,0	  x0:0x00000000
     112375.000 ns	     11236	80002804	0213bf33	mulhu	x30,x7,x1	  x7:0x00000000  x1:0x00000000 x30=0x00000000
     112395.000 ns	     11238	80002808	5718ab93	slti	x23,x17,1393	 x17:0x00000000 x23=0x00000001
     112405.000 ns	     11239	8000280c	01d91193	slli	x3,x18,0x1d	 x18:0x80041024  x3=0x80000000
     112415.000 ns	     11240	80002810	492d8d93	addi	x27,x27,1170	 x27:0x00000000 x27=0x00000492
     112435.000 ns	     11242	80002814	21849f53	fsgnjn.s	f30,f9,f24	  f9:0x7fc00000 f24:0x00000400 f30=0xffc00000
     112465.000 ns	     11245	80002818	e00a9853	fclass.s	x16,f21	 f21:0x80000000 x16=0x00000008
     112485.000 ns	     11247	8000281c	0029b3b3	sltu	x7,x19,x2	 x19:0x00000000  x2:0xffffffff  x7=0x00000001
     112495.000 ns	     11248	80002820	82df4993	xori	x19,x30,-2003	 x30:0x00000000 x19=0xfffff82d
     112515.000 ns	     11250	80002824	032bbeb3	mulhu	x29,x23,x18	 x23:0x00000001 x18:0x80041024 x29=0x00000000
     112545.000 ns	     11253	80002828	03994fb3	div	x31,x18,x25	 x18:0x80041024 x25:0x00000000 x31=0xffffffff
     112565.000 ns	     11255	8000282c	006864b3	or	x9,x16,x6	 x16:0x00000008  x6:0x00000000  x9=0x00000008
     112575.000 ns	     11256	80002830	01d7b833	sltu	x16,x15,x29	 x15:0x00000000 x29:0x00000000 x16=0x00000000
     112585.000 ns	     11257	80002834	01babb33	sltu	x22,x21,x27	 x21:0x000007ef x27:0x00000492 x22=0x00000000
     112605.000 ns	     11259	80002838	a17aaf53	feq.s	x30,f21,f23	 f21:0x80000000 f23:0x7fc00000 x30=0x00000000
     112625.000 ns	     11261	8000283c	41f751b3	sra	x3,x14,x31	 x14:0x00000000 x31:0xffffffff  x3=0x00000000
     112635.000 ns	     11262	80002840	0033f433	and	x8,x7,x3	  x7:0x00000001  x3:0x80000000  x8=0x00000000
     112655.000 ns	     11264	80002844	28d71753	fmax.s	f14,f14,f13	 f14:0x7fc00000 f13:0x7fc00000 f14=0x7fc00000
     112685.000 ns	     11267	80002848	d019fd53	fcvt.s.wu	f26,x19	 x19:0xfffff82d f26=0x4f7ffff8
     112725.000 ns	     11271	8000284c	580736d3	fsqrt.s	f13,f14	 f14:0x7fc00000 f13=0x7fc00000
     112745.000 ns	     11273	80002850	2ff83013	sltiu	x0,x16,767	 x16:0x00000000
     112755.000 ns	     11274	80002854	370c4c13	xori	x24,x24,880	 x24:0x000007e3 x24=0x00000493
     112775.000 ns	     11276	80002858	02f0c4b3	div	x9,x1,x15	  x1:0x00000000 x15:0x00000000  x9=0xffffffff
     112795.000 ns	     11278	8000285c	01313233	sltu	x4,x2,x19	  x2:0xffffffff x19:0xfffff82d  x4=0x00000000
     112815.000 ns	     11280	80002860	c002bad3	fcvt.w.s	x21,f5	  f5:0x80000000 x21=0x00000000
     112845.000 ns	     11283	80002864	c010fed3	fcvt.wu.s	x29,f1	  f1:0x7fc00000 x29=0xffffffff
     112865.000 ns	     11285	80002868	01597133	and	x2,x18,x21	 x18:0x80041024 x21:0x00000000  x2=0x00000000
     112885.000 ns	     11287	8000286c	021f70b3	remu	x1,x30,x1	 x30:0x00000000  x1:0x00000000  x1=0x00000000
     112905.000 ns	     11289	80002870	01977633	and	x12,x14,x25	 x14:0x00000000 x25:0x00000000 x12=0x00000000
     112915.000 ns	     11290	80002874	00fffe33	and	x28,x31,x15	 x31:0xffffffff x15:0x00000000 x28=0x00000000
     113275.000 ns	     11326	80002878	02a06233	rem	x4,x0,x10	  x0:0x00000000 x10:0x80040fe4  x4=0x00000000
     113305.000 ns	     11329	8000287c	031133b3	mulhu	x7,x2,x17	  x2:0x00000000 x17:0x00000000  x7=0x00000000
     113325.000 ns	     11331	80002880	00ee3fb3	sltu	x31,x28,x14	 x28:0x00000000 x14:0x00000000 x31=0x00000000
     113335.000 ns	     11332	80002884	3dfef113	andi	x2,x29,991	 x29:0xffffffff  x2=0x000003df
     113355.000 ns	     11334	80002888	03b61e33	mulh	x28,x12,x27	 x12:0x00000000 x27:0x00000492 x28=0x00000000
     113385.000 ns	     11337	8000288c	038e0db3	mul	x27,x28,x24	 x28:0x00000000 x24:0x00000493 x27=0x00000000
     113425.000 ns	     11341	80002890	580df953	fsqrt.s	f18,f27	 f27:0x7fc00000 f18=0x7fc00000
     113445.000 ns	     11343	80002894	00000013	addi	x0,x0,0	  x0:0x00000000
     113465.000 ns	     11345	80002898	02606833	rem	x16,x0,x6	  x0:0x00000000  x6:0x00000000 x16=0x00000000
     113485.000 ns	     11347	8000289c	011387b3	add	x15,x7,x17	  x7:0x00000000 x17:0x00000000 x15=0x00000000
     113495.000 ns	     11348	800028a0	01ef23b3	slt	x7,x30,x30	 x30:0x00000000 x30:0x00000000  x7=0x00000000
     113515.000 ns	     11350	800028a4	a08f1353	flt.s	x6,f30,f8	 f30:0xffc00000  f8:0x7fc00000  x6=0x00000000
     113565.000 ns	     11355	800028a8	0817f7d3	fsub.s	f15,f15,f1	 f15:0x00000000  f1:0x7fc00000 f15=0x7fc00000
     113595.000 ns	     11358	800028ac	029920b3	mulhsu	x1,x18,x9	 x18:0x80041024  x9:0xffffffff  x1=0x80041024
     113615.000 ns	     11360	800028b0	40cddd33	sra	x26,x27,x12	 x27:0x00000000 x12:0x00000000 x26=0x00000000
     113975.000 ns	     11396	800028b4	02b051b3	divu	x3,x0,x11	  x0:0x00000000 x11:0x00000002  x3=0x00000000
     113995.000 ns	     11398	800028b8	ddfb2f93	slti	x31,x22,-545	 x22:0x00000000 x31=0x00000000
     114015.000 ns	     11400	800028bc	2168a5d3	fsgnjx.s	f11,f17,f22	 f17:0x7fc00000 f22:0x7fc00000 f11=0x7fc00000
     114035.000 ns	     11402	800028c0	01deeab3	or	x21,x29,x29	 x29:0xffffffff x29:0xffffffff x21=0xffffffff
     114395.000 ns	     11438	800028c4	0344c633	div	x12,x9,x20	  x9:0xffffffff x20:0xa202344a x12=0x00000000
     114765.000 ns	     11475	800028c8	03785233	divu	x4,x16,x23	 x16:0x00000000 x23:0x00000001  x4=0x00000000
     114795.000 ns	     11478	800028cc	e00a80d3	fmv.x.w	x1,f21	 f21:0x80000000  x1=0x80000000
     114815.000 ns	     11480	800028d0	00319233	sll	x4,x3,x3	  x3:0x00000000  x3:0x00000000  x4=0x00000000
     114825.000 ns	     11481	800028d4	01301313	slli	x6,x0,0x13	  x0:0x00000000  x6=0x00000000
     114845.000 ns	     11483	800028d8	03a18033	mul	x0,x3,x26	  x3:0x00000000 x26:0x00000000
     114865.000 ns	     11485	800028dc	a22c4993	xori	x19,x24,-1502	 x24:0x00000493 x19=0xfffffeb1
     114885.000 ns	     11487	800028e0	a1359e53	flt.s	x28,f11,f19	 f11:0x7fc00000 f19:0x7fc00000 x28=0x00000000
     114905.000 ns	     11489	800028e4	0013dab3	srl	x21,x7,x1	  x7:0x00000000  x1:0x80000000 x21=0x00000000
     114925.000 ns	     11491	800028e8	d017fe53	fcvt.s.wu	f28,x15	 x15:0x00000000 f28=0x00000000
     114945.000 ns	     11493	800028ec	9fc75d17	auipc	x26,0x9fc75	 x26=0x1fc778ec
     114965.000 ns	     11495	800028f0	02ea1c33	mulh	x24,x20,x14	 x20:0xa202344a x14:0x00000000 x24=0x00000000
     114995.000 ns	     11498	800028f4	28b793d3	fmax.s	f7,f15,f11	 f15:0x7fc00000 f11:0x7fc00000  f7=0x7fc00000
     115045.000 ns	     11503	800028f8	01afc953	fadd.s	f18,f31,f26	 f31:0x80000000 f26:0x4f7ffff8 f18=0x4f7ffff8
     115065.000 ns	     11505	800028fc	017be833	or	x16,x23,x23	 x23:0x00000001 x23:0x00000001 x16=0x00000001
     115085.000 ns	     11507	80002900	036d2233	mulhsu	x4,x26,x22	 x26:0x1fc778ec x22:0x00000000  x4=0x00000000
     115105.000 ns	     11509	80002904	40190fb3	sub	x31,x18,x1	 x18:0x80041024  x1:0x80000000 x31=0x00041024
     115115.000 ns	     11510	80002908	01a120b3	slt	x1,x2,x26	  x2:0x000003df x26:0x1fc778ec  x1=0x00000001
     115125.000 ns	     11511	8000290c	00000013	addi	x0,x0,0	  x0:0x00000000
     115145.000 ns	     11513	80002910	0315b033	mulhu	x0,x11,x17	 x11:0x00000002 x17:0x00000000
     115175.000 ns	     11516	80002914	03ec6f33	rem	x30,x24,x30	 x24:0x00000000 x30:0x00000000 x30=0x00000000
     115205.000 ns	     11519	80002918	c0030fd3	fcvt.w.s	x31,f6	  f6:0x7fc00000 x31=0x7fffffff
     115245.000 ns	     11523	8000291c	19b29053	fdiv.s	f0,f5,f27	  f5:0x80000000 f27:0x7fc00000  f0=0x7fc00000
     115265.000 ns	     11525	80002920	00000013	addi	x0,x0,0	  x0:0x00000000
     115285.000 ns	     11527	80002924	a0b087d3	fle.s	x15,f1,f11	  f1:0x7fc00000 f11:0x7fc00000 x15=0x00000000
     115305.000 ns	     11529	80002928	037dbe13	sltiu	x28,x27,55	 x27:0x00000000 x28=0x00000001
     115315.000 ns	     11530	8000292c	2d8d0393	addi	x7,x26,728	 x26:0x1fc778ec  x7=0x1fc77bc4
     115325.000 ns	     11531	80002930	82b47e93	andi	x29,x8,-2005	  x8:0x00000000 x29=0x00000000
     115335.000 ns	     11532	80002934	0140fd13	andi	x26,x1,20	  x1:0x00000001 x26=0x00000000
     115355.000 ns	     11534	80002938	f00902d3	fmv.w.x	f5,x18	 x18:0x80041024  f5=0x80041024
     115385.000 ns	     11537	8000293c	c01531d3	fcvt.wu.s	x3,f10	 f10:0x3f7fffae  x3=0x00000001
     115405.000 ns	     11539	80002940	400a84b3	sub	x9,x21,x0	 x21:0x00000000  x0:0x00000000  x9=0x00000000
     115425.000 ns	     11541	80002944	03398633	mul	x12,x19,x19	 x19:0xfffffeb1 x19:0xfffffeb1 x12=0x0001b661
     115455.000 ns	     11544	80002948	e0049253	fclass.s	x4,f9	  f9:0x7fc00000  x4=0x00000200
     115505.000 ns	     11549	8000294c	01cd7153	fadd.s	f2,f26,f28	 f26:0x4f7ffff8 f28:0x00000000  f2=0x4f7ffff8
     115875.000 ns	     11586	80002950	03c171b3	remu	x3,x2,x28	  x2:0x000003df x28:0x00000001  x3=0x00000000
     115895.000 ns	     11588	80002954	00210e33	add	x28,x2,x2	  x2:0x000003df  x2:0x000003df x28=0x000007be
     115905.000 ns	     11589	80002958	01e6df33	srl	x30,x13,x30	 x13:0x00000010 x30:0x00000000 x30=0x00000010
     115915.000 ns	     11590	8000295c	a2f62893	slti	x17,x12,-1489	 x12:0x0001b661 x17=0x00000000
     115925.000 ns	     11591	80002960	01331b13	slli	x22,x6,0x13	  x6:0x00000000 x22=0x00000000
     115945.000 ns	     11593	80002964	20fca453	fsgnjx.s	f8,f25,f15	 f25:0x4f0fd760 f15:0x7fc00000  f8=0x4f0fd760
     115975.000 ns	     11596	80002968	29d88853	fmin.s	f16,f17,f29	 f17:0x7fc00000 f29:0x00000000 f16=0x00000000
     115995.000 ns	     11598	8000296c	00e490b3	sll	x1,x9,x14	  x9:0x00000000 x14:0x00000000  x1=0x00000000
     116015.000 ns	     11600	80002970	035e7fb3	remu	x31,x28,x21	 x28:0x000007be x21:0x00000000 x31=0x000007be
     116035.000 ns	     11602	80002974	01e75ab3	srl	x21,x14,x30	 x14:0x00000000 x30:0x00000010 x21=0x00000000
     116045.000 ns	     11603	80002978	9236e613	ori	x12,x13,-1757	 x13:0x00000010 x12=0xfffff933
     116055.000 ns	     11604	8000297c	301acc97	auipc	x25,0x301ac	 x25=0xb01ae97c
     116065.000 ns	     11605	80002980	81b4e497	auipc	x9,0x81b4e	  x9=0x01b50980
     116085.000 ns	     11607	80002984	02f4b9b3	mulhu	x19,x9,x15	  x9:0x00000000 x15:0x00000000 x19=0x00000000
     116105.000 ns	     11609	80002988	4029db93	srai	x23,x19,0x2	 x19:0xfffffeb1 x23=0x00000000
     116125.000 ns	     11611	8000298c	02664bb3	div	x23,x12,x6	 x12:0xfffff933  x6:0x00000000 x23=0xffffffff
     116155.000 ns	     11614	80002990	285c8853	fmin.s	f16,f25,f5	 f25:0x4f0fd760  f5:0x80041024 f16=0x80041024
     116175.000 ns	     11616	80002994	03eb21b7	lui	x3,0x3eb2	  x3=0x03eb2000
     116195.000 ns	     11618	80002998	20da2a53	fsgnjx.s	f20,f20,f13	 f20:0x7fc00000 f13:0x7fc00000 f20=0x7fc00000
     116225.000 ns	     11621	8000299c	21b69dd3	fsgnjn.s	f27,f13,f27	 f13:0x7fc00000 f27:0x7fc00000 f27=0xffc00000
     116255.000 ns	     11624	800029a0	033f7fb3	remu	x31,x30,x19	 x30:0x00000010 x19:0x00000000 x31=0x00000010
     116285.000 ns	     11627	800029a4	0238b7b3	mulhu	x15,x17,x3	 x17:0x00000000  x3:0x03eb2000 x15=0x00000000
     116305.000 ns	     11629	800029a8	41c85d93	srai	x27,x16,0x1c	 x16:0x00000001 x27=0x00000000
     116335.000 ns	     11632	800029ac	18fafd53	fdiv.s	f26,f21,f15	 f21:0x80000000 f15:0x7fc00000 f26=0x7fc00000
     116705.000 ns	     11669	800029b0	03cd5ab3	divu	x21,x26,x28	 x26:0x00000000 x28:0x000007be x21=0x00000000
     116725.000 ns	     11671	800029b4	00000013	addi	x0,x0,0	  x0:0x00000000
     116735.000 ns	     11672	800029b8	00089e13	slli	x28,x17,0x0	 x17:0x00000000 x28=0x00000000
     116745.000 ns	     11673	800029bc	01127833	and	x16,x4,x17	  x4:0x00000200 x17:0x00000000 x16=0x00000000
     116755.000 ns	     11674	800029c0	40adddb3	sra	x27,x27,x10	 x27:0x00000000 x10:0x80040fe4 x27=0x00000000
     116775.000 ns	     11676	800029c4	a0b18153	fle.s	x2,f3,f11	  f3:0x7fc00000 f11:0x7fc00000  x2=0x00000000
     116795.000 ns	     11678	800029c8	40380eb3	sub	x29,x16,x3	 x16:0x00000000  x3:0x03eb2000 x29=0xfc14e000
     116815.000 ns	     11680	800029cc	c01ec853	fcvt.wu.s	x16,f29	 f29:0x00000000 x16=0x00000000
     116845.000 ns	     11683	800029d0	038635b3	mulhu	x11,x12,x24	 x12:0xfffff933 x24:0x00000000 x11=0x00000000
     117215.000 ns	     11720	800029d4	03405833	divu	x16,x0,x20	  x0:0x00000000 x20:0xa202344a x16=0x00000000
     117245.000 ns	     11723	800029d8	208d95d3	fsgnjn.s	f11,f27,f8	 f27:0xffc00000  f8:0x4f0fd760 f11=0xffc00000
     117275.000 ns	     11726	800029dc	02e8fc33	remu	x24,x17,x14	 x17:0x00000000 x14:0x00000000 x24=0x00000000
     117295.000 ns	     11728	800029e0	94cbe593	ori	x11,x23,-1716	 x23:0xffffffff x11=0xffffffff
     117315.000 ns	     11730	800029e4	e0011cd3	fclass.s	x25,f2	  f2:0x4f7ffff8 x25=0x00000040
     118495.000 ns	     11848	800029e8	580973d3	fsqrt.s	f7,f18	 f18:0x4f7ffff8  f7=0x4735045d
     118525.000 ns	     11851	800029ec	216003d3	fsgnj.s	f7,f0,f22	  f0:0x7fc00000 f22:0x7fc00000  f7=0x7fc00000
     118545.000 ns	     11853	800029f0	005e31b3	sltu	x3,x28,x5	 x28:0x00000000  x5:0x00000000  x3=0x00000000
     118565.000 ns	     11855	800029f4	20d61ad3	fsgnjn.s	f21,f12,f13	 f12:0x7fc00000 f13:0x7fc00000 f21=0xffc00000
     118585.000 ns	     11857	800029f8	409b5893	srai	x17,x22,0x9	 x22:0x00000000 x17=0x00000000
     118595.000 ns	     11858	800029fc	01c95433	srl	x8,x18,x28	 x18:0x80041024 x28:0x00000000  x8=0x80041024
     118605.000 ns	     11859	80002a00	41be8cb3	sub	x25,x29,x27	 x29:0xfc14e000 x27:0x00000000 x25=0xfc14e000
     118625.000 ns	     11861	80002a04	0238d4b3	divu	x9,x17,x3	 x17:0x00000000  x3:0x00000000  x9=0xffffffff
     118645.000 ns	     11863	80002a08	21f10713	addi	x14,x2,543	  x2:0x00000000 x14=0x0000021f
     118665.000 ns	     11865	80002a0c	21670a53	fsgnj.s	f20,f14,f22	 f14:0x7fc00000 f22:0x7fc00000 f20=0x7fc00000
     118695.000 ns	     11868	80002a10	038d2db3	mulhsu	x27,x26,x24	 x26:0x00000000 x24:0x00000000 x27=0x00000000
     118725.000 ns	     11871	80002a14	20529c53	fsgnjn.s	f24,f5,f5	  f5:0x80041024  f5:0x80041024 f24=0x00041024
     118755.000 ns	     11874	80002a18	02621833	mulh	x16,x4,x6	  x4:0x00000200  x6:0x00000000 x16=0x00000000
     118775.000 ns	     11876	80002a1c	01821d93	slli	x27,x4,0x18	  x4:0x00000200 x27=0x00000000
     118785.000 ns	     11877	80002a20	e86c4b13	xori	x22,x24,-378	 x24:0x00000000 x22=0xfffffe86
     118805.000 ns	     11879	80002a24	20ffa553	fsgnjx.s	f10,f31,f15	 f31:0x80000000 f15:0x7fc00000 f10=0x80000000
     118835.000 ns	     11882	80002a28	03de3833	mulhu	x16,x28,x29	 x28:0x00000000 x29:0xfc14e000 x16=0x00000000
     118865.000 ns	     11885	80002a2c	29da0fd3	fmin.s	f31,f20,f29	 f20:0x7fc00000 f29:0x00000000 f31=0x00000000
     119235.000 ns	     11922	80002a30	037f6733	rem	x14,x30,x23	 x30:0x00000010 x23:0xffffffff x14=0x00000000
     119255.000 ns	     11924	80002a34	00a82333	slt	x6,x16,x10	 x16:0x00000000 x10:0x80040fe4  x6=0x00000000
     119275.000 ns	     11926	80002a38	d00ffbd3	fcvt.s.w	f23,x31	 x31:0x00000010 f23=0x41800000
     119305.000 ns	     11929	80002a3c	e00492d3	fclass.s	x5,f9	  f9:0x7fc00000  x5=0x00000200
     119335.000 ns	     11932	80002a40	20f483d3	fsgnj.s	f7,f9,f15	  f9:0x7fc00000 f15:0x7fc00000  f7=0x7fc00000
     119375.000 ns	     11936	80002a44	5802fed3	fsqrt.s	f29,f5	  f5:0x80041024 f29=0x7fc00000
     119405.000 ns	     11939	80002a48	f00884d3	fmv.w.x	f9,x17	 x17:0x00000000  f9=0x00000000
     119435.000 ns	     11942	80002a4c	c0187cd3	fcvt.wu.s	x25,f16	 f16:0x80041024 x25=0x00000000
     119485.000 ns	     11947	80002a50	08f57bd3	fsub.s	f23,f10,f15	 f10:0x80000000 f15:0x7fc00000 f23=0x7fc00000
     119515.000 ns	     11950	80002a54	f0038bd3	fmv.w.x	f23,x7	  x7:0x1fc77bc4 f23=0x1fc77bc4
     119535.000 ns	     11952	80002a58	40c35193	srai	x3,x6,0xc	  x6:0x00000000  x3=0x00000000
     119545.000 ns	     11953	80002a5c	137e7293	andi	x5,x28,311	 x28:0x00000000  x5=0x00000000
     119555.000 ns	     11954	80002a60	01a39713	slli	x14,x7,0x1a	  x7:0x1fc77bc4 x14=0x10000000
     119565.000 ns	     11955	80002a64	b4018413	addi	x8,x3,-1216	  x3:0x00000000  x8=0xfffffb40
     119575.000 ns	     11956	80002a68	40658433	sub	x8,x11,x6	 x11:0xffffffff  x6:0x00000000  x8=0xffffffff
     119595.000 ns	     11958	80002a6c	29321e53	fmax.s	f28,f4,f19	  f4:0x00000002 f19:0x7fc00000 f28=0x00000002
     119625.000 ns	     11961	80002a70	20791553	fsgnjn.s	f10,f18,f7	 f18:0x4f7ffff8  f7:0x7fc00000 f10=0xcf7ffff8
     119645.000 ns	     11963	80002a74	79554f13	xori	x30,x10,1941	 x10:0x80040fe4 x30=0x80040871
     119665.000 ns	     11965	80002a78	c00db6d3	fcvt.w.s	x13,f27	 f27:0xffc00000 x13=0x7fffffff
     119695.000 ns	     11968	80002a7c	03b9abb3	mulhsu	x23,x19,x27	 x19:0x00000000 x27:0x00000000 x23=0x00000000
     119715.000 ns	     11970	80002a80	fe646b13	ori	x22,x8,-26	  x8:0xffffffff x22=0xffffffff
     119725.000 ns	     11971	80002a84	01f0ab33	slt	x22,x1,x31	  x1:0x00000000 x31:0x00000010 x22=0x00000001
     119745.000 ns	     11973	80002a88	e0099853	fclass.s	x16,f19	 f19:0x7fc00000 x16=0x00000200
     119765.000 ns	     11975	80002a8c	006d1db3	sll	x27,x26,x6	 x26:0x00000000  x6:0x00000000 x27=0x00000000
     119775.000 ns	     11976	80002a90	cdc74b93	xori	x23,x14,-804	 x14:0x10000000 x23=0xeffffcdc
     119785.000 ns	     11977	80002a94	0bc23393	sltiu	x7,x4,188	  x4:0x00000200  x7=0x00000000
     119795.000 ns	     11978	80002a98	40465db3	sra	x27,x12,x4	 x12:0xfffff933  x4:0x00000200 x27=0xfffff933
     119805.000 ns	     11979	80002a9c	4040d413	srai	x8,x1,0x4	  x1:0x00000000  x8=0x00000000
     119815.000 ns	     11980	80002aa0	019c8cb3	add	x25,x25,x25	 x25:0x00000000 x25:0x00000000 x25=0x00000000
     119825.000 ns	     11981	80002aa4	01cec7b3	xor	x15,x29,x28	 x29:0xfc14e000 x28:0x00000000 x15=0xfc14e000
     119845.000 ns	     11983	80002aa8	f0078bd3	fmv.w.x	f23,x15	 x15:0x00000000 f23=0xfc14e000
     119885.000 ns	     11987	80002aac	580df153	fsqrt.s	f2,f27	 f27:0xffc00000  f2=0x7fc00000
     119915.000 ns	     11990	80002ab0	202d9fd3	fsgnjn.s	f31,f27,f2	 f27:0xffc00000  f2:0x4f7ffff8 f31=0xffc00000
     121025.000 ns	     12101	80002ab4	58027c53	fsqrt.s	f24,f4	  f4:0x00000002 f24=0x1f350483
     121075.000 ns	     12106	80002ab8	00761fd3	fadd.s	f31,f12,f7	 f12:0x7fc00000  f7:0x7fc00000 f31=0x7fc00000
     121095.000 ns	     12108	80002abc	0b4cfc93	andi	x25,x25,180	 x25:0x00000000 x25=0x00000000
     121115.000 ns	     12110	80002ac0	f0078053	fmv.w.x	f0,x15	 x15:0xfc14e000  f0=0xfc14e000
     121145.000 ns	     12113	80002ac4	c003fdd3	fcvt.w.s	x27,f7	  f7:0x7fc00000 x27=0x7fffffff
     121175.000 ns	     12116	80002ac8	d01b7853	fcvt.s.wu	f16,x22	 x22:0x00000001 f16=0x3f800000
     121205.000 ns	     12119	80002acc	28db0c53	fmin.s	f24,f22,f13	 f22:0x7fc00000 f13:0x7fc00000 f24=0x7fc00000
     121245.000 ns	     12123	80002ad0	1832f553	fdiv.s	f10,f5,f3	  f5:0x80041024  f3:0x7fc00000 f10=0x7fc00000
     121615.000 ns	     12160	80002ad4	0341efb3	rem	x31,x3,x20	  x3:0x00000000 x20:0xa202344a x31=0x00000000
     121645.000 ns	     12163	80002ad8	a06289d3	fle.s	x19,f5,f6	  f5:0x80041024  f6:0x7fc00000 x19=0x00000000
     121665.000 ns	     12165	80002adc	219e0f97	auipc	x31,0x219e0	 x31=0xa19e2adc
     121685.000 ns	     12167	80002ae0	032b05b3	mul	x11,x22,x18	 x22:0x00000001 x18:0x80041024 x11=0x80041024
     121705.000 ns	     12169	80002ae4	016792b3	sll	x5,x15,x22	 x15:0xfc14e000 x22:0x00000001  x5=0xf829c000
     121715.000 ns	     12170	80002ae8	01b99a93	slli	x21,x19,0x1b	 x19:0x00000000 x21=0x00000000
     121725.000 ns	     12171	80002aec	012a3db3	sltu	x27,x20,x18	 x20:0xa202344a x18:0x80041024 x27=0x00000000
     121765.000 ns	     12175	80002af0	08ec7ad3	fsub.s	f21,f24,f14	 f24:0x7fc00000 f14:0x7fc00000 f21=0x7fc00000
     121795.000 ns	     12178	80002af4	298c04d3	fmin.s	f9,f24,f24	 f24:0x7fc00000 f24:0x7fc00000  f9=0x7fc00000
     121825.000 ns	     12181	80002af8	21ba8753	fsgnj.s	f14,f21,f27	 f21:0x7fc00000 f27:0xffc00000 f14=0xffc00000
     121845.000 ns	     12183	80002afc	00b9bdb3	sltu	x27,x19,x11	 x19:0x00000000 x11:0x80041024 x27=0x00000001
     121855.000 ns	     12184	80002b00	00df30b3	sltu	x1,x30,x13	 x30:0x80040871 x13:0x7fffffff  x1=0x00000000
     121885.000 ns	     12187	80002b04	1139f4d3	fmul.s	f9,f19,f19	 f19:0x7fc00000 f19:0x7fc00000  f9=0x7fc00000
     121915.000 ns	     12190	80002b08	03da8333	mul	x6,x21,x29	 x21:0x00000000 x29:0xfc14e000  x6=0x00000000
     121935.000 ns	     12192	80002b0c	00c41593	slli	x11,x8,0xc	  x8:0x00000000 x11=0x00000000
     121945.000 ns	     12193	80002b10	402753b3	sra	x7,x14,x2	 x14:0x10000000  x2:0x00000000  x7=0x10000000
     121955.000 ns	     12194	80002b14	013c1633	sll	x12,x24,x19	 x24:0x00000000 x19:0x00000000 x12=0x00000000
     121975.000 ns	     12196	80002b18	03a2ae33	mulhsu	x28,x5,x26	  x5:0xf829c000 x26:0x00000000 x28=0x00000000
     122015.000 ns	     12200	80002b1c	11240dd3	fmul.s	f27,f8,f18	  f8:0x4f0fd760 f18:0x4f7ffff8 f27=0x5f0fd75c
     122035.000 ns	     12202	80002b20	00a888b3	add	x17,x17,x10	 x17:0x00000000 x10:0x80040fe4 x17=0x80040fe4
     122075.000 ns	     12206	80002b24	011b87d3	fadd.s	f15,f23,f17	 f23:0xfc14e000 f17:0x7fc00000 f15=0x7fc00000
     122445.000 ns	     12243	80002b28	02ebceb3	div	x29,x23,x14	 x23:0xeffffcdc x14:0x10000000 x29=0xffffffff
     122475.000 ns	     12246	80002b2c	0285f9b3	remu	x19,x11,x8	 x11:0x00000000  x8:0x00000000 x19=0x00000000
     122515.000 ns	     12250	80002b30	1065fb53	fmul.s	f22,f11,f6	 f11:0xffc00000  f6:0x7fc00000 f22=0x7fc00000
     122535.000 ns	     12252	80002b34	00000013	addi	x0,x0,0	  x0:0x00000000
     122565.000 ns	     12255	80002b38	1991b153	fdiv.s	f2,f3,f25	  f3:0x7fc00000 f25:0x4f0fd760  f2=0x7fc00000
     122595.000 ns	     12258	80002b3c	02eb89b3	mul	x19,x23,x14	 x23:0xeffffcdc x14:0x10000000 x19=0xc0000000
     122625.000 ns	     12261	80002b40	e0011753	fclass.s	x14,f2	  f2:0x7fc00000 x14=0x00000200
     122655.000 ns	     12264	80002b44	0234f0b3	remu	x1,x9,x3	  x9:0xffffffff  x3:0x00000000  x1=0xffffffff
     122675.000 ns	     12266	80002b48	00ea96b3	sll	x13,x21,x14	 x21:0x00000000 x14:0x00000200 x13=0x00000000
     122685.000 ns	     12267	80002b4c	1d25e193	ori	x3,x11,466	 x11:0x00000000  x3=0x000001d2
     122705.000 ns	     12269	80002b50	03548d33	mul	x26,x9,x21	  x9:0xffffffff x21:0x00000000 x26=0x00000000
     122725.000 ns	     12271	80002b54	00000013	addi	x0,x0,0	  x0:0x00000000
     122735.000 ns	     12272	80002b58	00000013	addi	x0,x0,0	  x0:0x00000000
     122745.000 ns	     12273	80002b5c	00e39613	slli	x12,x7,0xe	  x7:0x10000000 x12=0x00000000
     123105.000 ns	     12309	80002b60	0241c9b3	div	x19,x3,x4	  x3:0x000001d2  x4:0x00000200 x19=0x00000000
     123125.000 ns	     12311	80002b64	00e15eb3	srl	x29,x2,x14	  x2:0x00000000 x14:0x00000200 x29=0x00000000
     123135.000 ns	     12312	80002b68	01ec9e13	slli	x28,x25,0x1e	 x25:0x00000000 x28=0x00000000
     123145.000 ns	     12313	80002b6c	a8bb8813	addi	x16,x23,-1397	 x23:0xeffffcdc x16=0xeffff767
     123155.000 ns	     12314	80002b70	012e0433	add	x8,x28,x18	 x28:0x00000000 x18:0x80041024  x8=0x80041024
     123175.000 ns	     12316	80002b74	f00d8ed3	fmv.w.x	f29,x27	 x27:0x00000001 f29=0x00000001
     123205.000 ns	     12319	80002b78	2068ae53	fsgnjx.s	f28,f17,f6	 f17:0x7fc00000  f6:0x7fc00000 f28=0x7fc00000
     123235.000 ns	     12322	80002b7c	02283333	mulhu	x6,x16,x2	 x16:0xeffff767  x2:0x00000000  x6=0x00000000
     123255.000 ns	     12324	80002b80	26c5bb13	sltiu	x22,x11,620	 x11:0x00000000 x22=0x00000001
     123275.000 ns	     12326	80002b84	f00b08d3	fmv.w.x	f17,x22	 x22:0x00000001 f17=0x00000001
     123295.000 ns	     12328	80002b88	01fe52b3	srl	x5,x28,x31	 x28:0x00000000 x31:0xa19e2adc  x5=0x00000000
     123315.000 ns	     12330	80002b8c	a15d26d3	feq.s	x13,f26,f21	 f26:0x7fc00000 f21:0x7fc00000 x13=0x00000000
     123335.000 ns	     12332	80002b90	00afd3b3	srl	x7,x31,x10	 x31:0xa19e2adc x10:0x80040fe4  x7=0x0a19e2ad
     123355.000 ns	     12334	80002b94	e00b0653	fmv.x.w	x12,f22	 f22:0x7fc00000 x12=0x7fc00000
     123375.000 ns	     12336	80002b98	38646713	ori	x14,x8,902	  x8:0x80041024 x14=0x800413a6
     123735.000 ns	     12372	80002b9c	029ff433	remu	x8,x31,x9	 x31:0xa19e2adc  x9:0xffffffff  x8=0xa19e2adc
     123765.000 ns	     12375	80002ba0	03b32bb3	mulhsu	x23,x6,x27	  x6:0x00000000 x27:0x00000001 x23=0x00000000
     123785.000 ns	     12377	80002ba4	01809433	sll	x8,x1,x24	  x1:0xffffffff x24:0x00000000  x8=0xffffffff
     123795.000 ns	     12378	80002ba8	a8fbeb17	auipc	x22,0xa8fbe	 x22=0x28fc0ba8
     123815.000 ns	     12380	80002bac	023aa5b3	mulhsu	x11,x21,x3	 x21:0x00000000  x3:0x000001d2 x11=0x00000000
     123835.000 ns	     12382	80002bb0	7ac84193	xori	x3,x16,1964	 x16:0xeffff767  x3=0xeffff0cb
     123855.000 ns	     12384	80002bb4	20fe9c53	fsgnjn.s	f24,f29,f15	 f29:0x00000001 f15:0x7fc00000 f24=0x80000001
     123875.000 ns	     12386	80002bb8	77b1bb93	sltiu	x23,x3,1915	  x3:0x000001d2 x23=0x00000000
     123895.000 ns	     12388	80002bbc	e00404d3	fmv.x.w	x9,f8	  f8:0x4f0fd760  x9=0x4f0fd760
     123915.000 ns	     12390	80002bc0	4d8226b7	lui	x13,0x4d822	 x13=0x4d822000
     123925.000 ns	     12391	80002bc4	003a15b3	sll	x11,x20,x3	 x20:0xa202344a  x3:0xeffff0cb x11=0x11a25000
     123945.000 ns	     12393	80002bc8	d0114e53	fcvt.s.wu	f28,x2	  x2:0x00000000 f28=0x00000000
     123975.000 ns	     12396	80002bcc	d0134d53	fcvt.s.wu	f26,x6	  x6:0x00000000 f26=0x00000000
     124005.000 ns	     12399	80002bd0	03505fb3	divu	x31,x0,x21	  x0:0x00000000 x21:0x00000000 x31=0xffffffff
     124375.000 ns	     12436	80002bd4	02f4e733	rem	x14,x9,x15	  x9:0x4f0fd760 x15:0xfc14e000 x14=0x00b15760
     124405.000 ns	     12439	80002bd8	2026add3	fsgnjx.s	f27,f13,f2	 f13:0x7fc00000  f2:0x7fc00000 f27=0x7fc00000
     124425.000 ns	     12441	80002bdc	3e6e8813	addi	x16,x29,998	 x29:0x00000000 x16=0x000003e6
     124435.000 ns	     12442	80002be0	df5fbd93	sltiu	x27,x31,-523	 x31:0xffffffff x27=0x00000000
     124455.000 ns	     12444	80002be4	299011d3	fmax.s	f3,f0,f25	  f0:0xfc14e000 f25:0x4f0fd760  f3=0x4f0fd760
     124825.000 ns	     12481	80002be8	03245ab3	divu	x21,x8,x18	  x8:0xffffffff x18:0x80041024 x21=0x00000001
     124855.000 ns	     12484	80002bec	c00b0f53	fcvt.w.s	x30,f22	 f22:0x7fc00000 x30=0x7fffffff
     124895.000 ns	     12488	80002bf0	580e3253	fsqrt.s	f4,f28	 f28:0x00000000  f4=0x00000000
     124925.000 ns	     12491	80002bf4	c0097353	fcvt.w.s	x6,f18	 f18:0x4f7ffff8  x6=0x7fffffff
     124945.000 ns	     12493	80002bf8	01752033	slt	x0,x10,x23	 x10:0x80040fe4 x23:0x00000000
     124975.000 ns	     12496	80002bfc	183d7c53	fdiv.s	f24,f26,f3	 f26:0x00000000  f3:0x4f0fd760 f24=0x00000000
     125005.000 ns	     12499	80002c00	02e40c33	mul	x24,x8,x14	  x8:0xffffffff x14:0x00b15760 x24=0xff4ea8a0
     125025.000 ns	     12501	80002c04	fbab5ab7	lui	x21,0xfbab5	 x21=0xfbab5000
     125045.000 ns	     12503	80002c08	e00b8253	fmv.x.w	x4,f23	 f23:0xfc14e000  x4=0xfc14e000
     125065.000 ns	     12505	80002c0c	01525cb3	srl	x25,x4,x21	  x4:0x00000200 x21:0x00000001 x25=0xfc14e000
     125075.000 ns	     12506	80002c10	00711193	slli	x3,x2,0x7	  x2:0x00000000  x3=0x00000000
     125085.000 ns	     12507	80002c14	01cc1bb3	sll	x23,x24,x28	 x24:0xff4ea8a0 x28:0x00000000 x23=0xff4ea8a0
     125115.000 ns	     12510	80002c18	103af053	fmul.s	f0,f21,f3	 f21:0x7fc00000  f3:0x4f0fd760  f0=0x7fc00000
     125145.000 ns	     12513	80002c1c	034f0cb3	mul	x25,x30,x20	 x30:0x7fffffff x20:0xa202344a x25=0x5dfdcbb6
     125175.000 ns	     12516	80002c20	033161b3	rem	x3,x2,x19	  x2:0x00000000 x19:0x00000000  x3=0x00000000
     125195.000 ns	     12518	80002c24	beed8793	addi	x15,x27,-1042	 x27:0x00000000 x15=0xfffffbee
     125205.000 ns	     12519	80002c28	0152b1b3	sltu	x3,x5,x21	  x5:0x00000000 x21:0xfbab5000  x3=0x00000001
     125215.000 ns	     12520	80002c2c	00a912b3	sll	x5,x18,x10	 x18:0x80041024 x10:0x80040fe4  x5=0x00410240
     125245.000 ns	     12523	80002c30	1135c2d3	fmul.s	f5,f11,f19	 f11:0xffc00000 f19:0x7fc00000  f5=0x7fc00000
     125275.000 ns	     12526	80002c34	299381d3	fmin.s	f3,f7,f25	  f7:0x7fc00000 f25:0x4f0fd760  f3=0x4f0fd760
     125295.000 ns	     12528	80002c38	40840db3	sub	x27,x8,x8	  x8:0xffffffff  x8:0xffffffff x27=0x00000000
     125305.000 ns	     12529	80002c3c	43904113	xori	x2,x0,1081	  x0:0x00000000  x2=0x00000439
     125325.000 ns	     12531	80002c40	a0521053	flt.s	x0,f4,f5	  f4:0x00000000  f5:0x7fc00000
     125375.000 ns	     12536	80002c44	01778353	fadd.s	f6,f15,f23	 f15:0x7fc00000 f23:0xfc14e000  f6=0x7fc00000
     125405.000 ns	     12539	80002c48	c006a753	fcvt.w.s	x14,f13	 f13:0x7fc00000 x14=0x7fffffff
     125445.000 ns	     12543	80002c4c	1164f153	fmul.s	f2,f9,f22	  f9:0x7fc00000 f22:0x7fc00000  f2=0x7fc00000
     125465.000 ns	     12545	80002c50	000a6733	or	x14,x20,x0	 x20:0xa202344a  x0:0x00000000 x14=0xa202344a
     125485.000 ns	     12547	80002c54	d005f653	fcvt.s.w	f12,x11	 x11:0x11a25000 f12=0x4d8d1280
     125515.000 ns	     12550	80002c58	025a8333	mul	x6,x21,x5	 x21:0xfbab5000  x5:0x00410240  x6=0x91740000
     125545.000 ns	     12553	80002c5c	02821233	mulh	x4,x4,x8	  x4:0xfc14e000  x8:0xffffffff  x4=0x00000000
     125595.000 ns	     12558	80002c60	00eb7d53	fadd.s	f26,f22,f14	 f22:0x7fc00000 f14:0xffc00000 f26=0x7fc00000
     125615.000 ns	     12560	80002c64	599ac117	auipc	x2,0x599ac	  x2=0xd99aec64
     125635.000 ns	     12562	80002c68	29bf1e53	fmax.s	f28,f30,f27	 f30:0xffc00000 f27:0x7fc00000 f28=0x7fc00000
     125675.000 ns	     12566	80002c6c	19fb4c53	fdiv.s	f24,f22,f31	 f22:0x7fc00000 f31:0x7fc00000 f24=0x7fc00000
     125695.000 ns	     12568	80002c70	0186f9b3	and	x19,x13,x24	 x13:0x4d822000 x24:0xff4ea8a0 x19=0x4d022000
     125705.000 ns	     12569	80002c74	ca502113	slti	x2,x0,-859	  x0:0x00000000  x2=0x00000000
     125715.000 ns	     12570	80002c78	410a5cb3	sra	x25,x20,x16	 x20:0xa202344a x16:0x000003e6 x25=0xfe8808d1
     125725.000 ns	     12571	80002c7c	aff24c13	xori	x24,x4,-1281	  x4:0x00000000 x24=0xfffffaff
     126085.000 ns	     12607	80002c80	035a48b3	div	x17,x20,x21	 x20:0xa202344a x21:0xfbab5000 x17=0x00000015
     126105.000 ns	     12609	80002c84	70c1ae93	slti	x29,x3,1804	  x3:0x00000001 x29=0x00000001
     126125.000 ns	     12611	80002c88	a09190d3	flt.s	x1,f3,f9	  f3:0x4f0fd760  f9:0x7fc00000  x1=0x00000000
     126145.000 ns	     12613	80002c8c	9c1e54b7	lui	x9,0x9c1e5	  x9=0x9c1e5000
     126505.000 ns	     12649	80002c90	0327ebb3	rem	x23,x15,x18	 x15:0xfffffbee x18:0x80041024 x23=0xfffffbee
     126525.000 ns	     12651	80002c94	0188bab3	sltu	x21,x17,x24	 x17:0x00000015 x24:0xfffffaff x21=0x00000001
     126555.000 ns	     12654	80002c98	10b2ced3	fmul.s	f29,f5,f11	  f5:0x7fc00000 f11:0xffc00000 f29=0x7fc00000
     126575.000 ns	     12656	80002c9c	9691e313	ori	x6,x3,-1687	  x3:0x00000001  x6=0xfffff969
     126595.000 ns	     12658	80002ca0	29ec80d3	fmin.s	f1,f25,f30	 f25:0x4f0fd760 f30:0xffc00000  f1=0x4f0fd760
     126625.000 ns	     12661	80002ca4	a1faad53	feq.s	x26,f21,f31	 f21:0x7fc00000 f31:0x7fc00000 x26=0x00000000
     126645.000 ns	     12663	80002ca8	0197e2b3	or	x5,x15,x25	 x15:0xfffffbee x25:0xfe8808d1  x5=0xfffffbff
     127005.000 ns	     12699	80002cac	0268ceb3	div	x29,x17,x6	 x17:0x00000015  x6:0xfffff969 x29=0x00000000
     127025.000 ns	     12701	80002cb0	01fa77b3	and	x15,x20,x31	 x20:0xa202344a x31:0xffffffff x15=0xa202344a
     127035.000 ns	     12702	80002cb4	ff3d66b7	lui	x13,0xff3d6	 x13=0xff3d6000
     127075.000 ns	     12706	80002cb8	01a4a9d3	fadd.s	f19,f9,f26	  f9:0x7fc00000 f26:0x7fc00000 f19=0x7fc00000
     127095.000 ns	     12708	80002cbc	01f89833	sll	x16,x17,x31	 x17:0x00000015 x31:0xffffffff x16=0x80000000
     127105.000 ns	     12709	80002cc0	40b0d793	srai	x15,x1,0xb	  x1:0x00000000 x15=0x00000000
     127125.000 ns	     12711	80002cc4	c0082153	fcvt.w.s	x2,f16	 f16:0x3f800000  x2=0x00000001
     127145.000 ns	     12713	80002cc8	01d3c5b3	xor	x11,x7,x29	  x7:0x0a19e2ad x29:0x00000000 x11=0x0a19e2ad
     127155.000 ns	     12714	80002ccc	013d9c93	slli	x25,x27,0x13	 x27:0x00000000 x25=0x00000000
     127195.000 ns	     12718	80002cd0	01eef453	fadd.s	f8,f29,f30	 f29:0x7fc00000 f30:0xffc00000  f8=0x7fc00000
     127225.000 ns	     12721	80002cd4	0392ccb3	div	x25,x5,x25	  x5:0xfffffbff x25:0xfe8808d1 x25=0xffffffff
     127595.000 ns	     12758	80002cd8	0260dab3	divu	x21,x1,x6	  x1:0x00000000  x6:0xfffff969 x21=0x00000000
     127625.000 ns	     12761	80002cdc	a1c39753	flt.s	x14,f7,f28	  f7:0x7fc00000 f28:0x7fc00000 x14=0x00000000
     127655.000 ns	     12764	80002ce0	02e4b6b3	mulhu	x13,x9,x14	  x9:0x9c1e5000 x14:0xa202344a x13=0x00000000
     127675.000 ns	     12766	80002ce4	0127b333	sltu	x6,x15,x18	 x15:0x00000000 x18:0x80041024  x6=0x00000001
     127685.000 ns	     12767	80002ce8	0dfacd13	xori	x26,x21,223	 x21:0x00000000 x26=0x000000df
     127705.000 ns	     12769	80002cec	021ff1b3	remu	x3,x31,x1	 x31:0xffffffff  x1:0x00000000  x3=0xffffffff
     127725.000 ns	     12771	80002cf0	00fc4eb3	xor	x29,x24,x15	 x24:0xfffffaff x15:0x00000000 x29=0xfffffaff
     127735.000 ns	     12772	80002cf4	01d7c7b3	xor	x15,x15,x29	 x15:0x00000000 x29:0x00000000 x15=0xfffffaff
     127755.000 ns	     12774	80002cf8	29240bd3	fmin.s	f23,f8,f18	  f8:0x7fc00000 f18:0x4f7ffff8 f23=0x4f7ffff8
     127775.000 ns	     12776	80002cfc	cd2f3193	sltiu	x3,x30,-814	 x30:0x7fffffff  x3=0x00000001
     127785.000 ns	     12777	80002d00	00fb9ab3	sll	x21,x23,x15	 x23:0xfffffbee x15:0xfffffaff x21=0x00000000
     127805.000 ns	     12779	80002d04	d01876d3	fcvt.s.wu	f13,x16	 x16:0x80000000 f13=0x4f000000
     128175.000 ns	     12816	80002d08	032d56b3	divu	x13,x26,x18	 x26:0x000000df x18:0x80041024 x13=0x00000000
     128205.000 ns	     12819	80002d0c	e00d8cd3	fmv.x.w	x25,f27	 f27:0x7fc00000 x25=0x7fc00000
     128255.000 ns	     12824	80002d10	005e7c53	fadd.s	f24,f28,f5	 f28:0x7fc00000  f5:0x7fc00000 f24=0x7fc00000
     128275.000 ns	     12826	80002d14	007621b3	slt	x3,x12,x7	 x12:0x7fc00000  x7:0x0a19e2ad  x3=0x00000000
     128295.000 ns	     12828	80002d18	c01ff653	fcvt.wu.s	x12,f31	 f31:0x7fc00000 x12=0xffffffff
     128315.000 ns	     12830	80002d1c	00000013	addi	x0,x0,0	  x0:0x00000000
     128335.000 ns	     12832	80002d20	d001fcd3	fcvt.s.w	f25,x3	  x3:0x00000000 f25=0x00000000
     128355.000 ns	     12834	80002d24	01d89433	sll	x8,x17,x29	 x17:0x00000015 x29:0xfffffaff  x8=0x80000000
     128375.000 ns	     12836	80002d28	e00a8253	fmv.x.w	x4,f21	 f21:0x7fc00000  x4=0x7fc00000
     128395.000 ns	     12838	80002d2c	40968833	sub	x16,x13,x9	 x13:0x00000000  x9:0x9c1e5000 x16=0x63e1b000
     128415.000 ns	     12840	80002d30	a04c95d3	flt.s	x11,f25,f4	 f25:0x00000000  f4:0x00000000 x11=0x00000000
     128435.000 ns	     12842	80002d34	01f01133	sll	x2,x0,x31	  x0:0x00000000 x31:0xffffffff  x2=0x00000000
     128455.000 ns	     12844	80002d38	d01acdd3	fcvt.s.wu	f27,x21	 x21:0x00000000 f27=0x00000000
     128495.000 ns	     12848	80002d3c	580e38d3	fsqrt.s	f17,f28	 f28:0x7fc00000 f17=0x7fc00000
     128535.000 ns	     12852	80002d40	58057453	fsqrt.s	f8,f10	 f10:0x7fc00000  f8=0x7fc00000
     128565.000 ns	     12855	80002d44	29f79b53	fmax.s	f22,f15,f31	 f15:0x7fc00000 f31:0x7fc00000 f22=0x7fc00000
     128585.000 ns	     12857	80002d48	41ca5f13	srai	x30,x20,0x1c	 x20:0xa202344a x30=0xfffffffa
     128595.000 ns	     12858	80002d4c	019a4f33	xor	x30,x20,x25	 x20:0xa202344a x25:0x7fc00000 x30=0xddc2344a
     128615.000 ns	     12860	80002d50	21ea13d3	fsgnjn.s	f7,f20,f30	 f20:0x7fc00000 f30:0xffc00000  f7=0x7fc00000
     128645.000 ns	     12863	80002d54	29a60953	fmin.s	f18,f12,f26	 f12:0x4d8d1280 f26:0x7fc00000 f18=0x4d8d1280
     128665.000 ns	     12865	80002d58	006d5cb3	srl	x25,x26,x6	 x26:0x000000df  x6:0x00000001 x25=0x0000006f
     128675.000 ns	     12866	80002d5c	63e8cc93	xori	x25,x17,1598	 x17:0x00000015 x25=0x0000062b
     128685.000 ns	     12867	80002d60	00bf9eb3	sll	x29,x31,x11	 x31:0xffffffff x11:0x00000000 x29=0xffffffff
     128695.000 ns	     12868	80002d64	ae5dbb13	sltiu	x22,x27,-1307	 x27:0x00000000 x22=0x00000001
     128705.000 ns	     12869	80002d68	00986333	or	x6,x16,x9	 x16:0x63e1b000  x9:0x9c1e5000  x6=0xfffff000
     129065.000 ns	     12905	80002d6c	0307deb3	divu	x29,x15,x16	 x15:0xfffffaff x16:0x63e1b000 x29=0x00000002
     129085.000 ns	     12907	80002d70	019fbab3	sltu	x21,x31,x25	 x31:0xffffffff x25:0x0000062b x21=0x00000000
     129105.000 ns	     12909	80002d74	20ff9053	fsgnjn.s	f0,f31,f15	 f31:0x7fc00000 f15:0x7fc00000  f0=0xffc00000
     129125.000 ns	     12911	80002d78	01fe0333	add	x6,x28,x31	 x28:0x00000000 x31:0xffffffff  x6=0xffffffff
     129145.000 ns	     12913	80002d7c	c0097453	fcvt.w.s	x8,f18	 f18:0x4d8d1280  x8=0x11a25000
     129185.000 ns	     12917	80002d80	58017d53	fsqrt.s	f26,f2	  f2:0x7fc00000 f26=0x7fc00000
     129225.000 ns	     12921	80002d84	10cec053	fmul.s	f0,f29,f12	 f29:0x7fc00000 f12:0x4d8d1280  f0=0x7fc00000
     129255.000 ns	     12924	80002d88	289c15d3	fmax.s	f11,f24,f9	 f24:0x7fc00000  f9:0x7fc00000 f11=0x7fc00000
     129285.000 ns	     12927	80002d8c	20d317d3	fsgnjn.s	f15,f6,f13	  f6:0x7fc00000 f13:0x4f000000 f15=0xffc00000
     129305.000 ns	     12929	80002d90	00000013	addi	x0,x0,0	  x0:0x00000000
     129315.000 ns	     12930	80002d94	0043f433	and	x8,x7,x4	  x7:0x0a19e2ad  x4:0x7fc00000  x8=0x0a000000
     129355.000 ns	     12934	80002d98	0838f1d3	fsub.s	f3,f17,f3	 f17:0x7fc00000  f3:0x4f0fd760  f3=0x7fc00000
     129375.000 ns	     12936	80002d9c	01a4b3b3	sltu	x7,x9,x26	  x9:0x9c1e5000 x26:0x000000df  x7=0x00000000
     129385.000 ns	     12937	80002da0	0073d2b3	srl	x5,x7,x7	  x7:0x0a19e2ad  x7:0x0a19e2ad  x5=0x00000000
     129395.000 ns	     12938	80002da4	00000013	addi	x0,x0,0	  x0:0x00000000
     129415.000 ns	     12940	80002da8	02e9cc33	div	x24,x19,x14	 x19:0x4d022000 x14:0x00000000 x24=0xffffffff
     129445.000 ns	     12943	80002dac	212f0f53	fsgnj.s	f30,f30,f18	 f30:0xffc00000 f18:0x4d8d1280 f30=0x7fc00000
     129815.000 ns	     12980	80002db0	030777b3	remu	x15,x14,x16	 x14:0x00000000 x16:0x63e1b000 x15=0x00000000
     130185.000 ns	     13017	80002db4	03836b33	rem	x22,x6,x24	  x6:0xffffffff x24:0xffffffff x22=0x00000000
     130205.000 ns	     13019	80002db8	0030a633	slt	x12,x1,x3	  x1:0x00000000  x3:0x00000000 x12=0x00000000
     130215.000 ns	     13020	80002dbc	41960db3	sub	x27,x12,x25	 x12:0xffffffff x25:0x0000062b x27=0xfffff9d5
     130255.000 ns	     13024	80002dc0	09edf1d3	fsub.s	f3,f27,f30	 f27:0x00000000 f30:0x7fc00000  f3=0x7fc00000
     130285.000 ns	     13027	80002dc4	a1f79dd3	flt.s	x27,f15,f31	 f15:0xffc00000 f31:0x7fc00000 x27=0x00000000
     130315.000 ns	     13030	80002dc8	c017bd53	fcvt.wu.s	x26,f15	 f15:0xffc00000 x26=0xffffffff
     130335.000 ns	     13032	80002dcc	00265893	srli	x17,x12,0x2	 x12:0x00000000 x17=0x00000000
     130345.000 ns	     13033	80002dd0	400b52b3	sra	x5,x22,x0	 x22:0x00000000  x0:0x00000000  x5=0x00000000
     130365.000 ns	     13035	80002dd4	d01b0853	fcvt.s.wu	f16,x22	 x22:0x00000000 f16=0x00000000
     130415.000 ns	     13040	80002dd8	09358bd3	fsub.s	f23,f11,f19	 f11:0x7fc00000 f19:0x7fc00000 f23=0x7fc00000
     130435.000 ns	     13042	80002ddc	005191b3	sll	x3,x3,x5	  x3:0x00000000  x5:0x00000000  x3=0x00000000
     130455.000 ns	     13044	80002de0	28a809d3	fmin.s	f19,f16,f10	 f16:0x00000000 f10:0x7fc00000 f19=0x00000000
     130495.000 ns	     13048	80002de4	103b95d3	fmul.s	f11,f23,f3	 f23:0x7fc00000  f3:0x7fc00000 f11=0x7fc00000
     130515.000 ns	     13050	80002de8	008a1b13	slli	x22,x20,0x8	 x20:0xa202344a x22=0x02344a00
     130535.000 ns	     13052	80002dec	02d03b33	mulhu	x22,x0,x13	  x0:0x00000000 x13:0x00000000 x22=0x00000000
     130555.000 ns	     13054	80002df0	015e3bb3	sltu	x23,x28,x21	 x28:0x00000000 x21:0x00000000 x23=0x00000000
     130885.000 ns	     13087	80002df4	18c64953	fdiv.s	f18,f12,f12	 f12:0x4d8d1280 f12:0x4d8d1280 f18=0x3f0d1280
     130915.000 ns	     13090	80002df8	d00b92d3	fcvt.s.w	f5,x23	 x23:0xfffffbee  f5=0x00000000
     130945.000 ns	     13093	80002dfc	c01418d3	fcvt.wu.s	x17,f8	  f8:0x7fc00000 x17=0xffffffff
     130975.000 ns	     13096	80002e00	f00807d3	fmv.w.x	f15,x16	 x16:0x63e1b000 f15=0x63e1b000
     130995.000 ns	     13098	80002e04	5b663693	sltiu	x13,x12,1462	 x12:0x00000000 x13=0x00000001
     131015.000 ns	     13100	80002e08	02186833	rem	x16,x16,x1	 x16:0x63e1b000  x1:0x00000000 x16=0x63e1b000
     131045.000 ns	     13103	80002e0c	a13321d3	feq.s	x3,f6,f19	  f6:0x7fc00000 f19:0x00000000  x3=0x00000000
     131065.000 ns	     13105	80002e10	41ec55b3	sra	x11,x24,x30	 x24:0xffffffff x30:0xddc2344a x11=0xffffffff
     131075.000 ns	     13106	80002e14	2f434813	xori	x16,x6,756	  x6:0xffffffff x16=0xfffffd0b
     131085.000 ns	     13107	80002e18	40e25a93	srai	x21,x4,0xe	  x4:0x7fc00000 x21=0x0001ff00
     131105.000 ns	     13109	80002e1c	a04f01d3	fle.s	x3,f30,f4	 f30:0x7fc00000  f4:0x00000000  x3=0x00000000
     131475.000 ns	     13146	80002e20	030658b3	divu	x17,x12,x16	 x12:0x00000000 x16:0xfffffd0b x17=0x00000000
     131505.000 ns	     13149	80002e24	a14da0d3	feq.s	x1,f27,f20	 f27:0x00000000 f20:0x7fc00000  x1=0x00000000
     131525.000 ns	     13151	80002e28	40ae5813	srai	x16,x28,0xa	 x28:0x00000000 x16=0x00000000
     131535.000 ns	     13152	80002e2c	408e04b3	sub	x9,x28,x8	 x28:0x00000000  x8:0x0a000000  x9=0xf6000000
     131555.000 ns	     13154	80002e30	20422353	fsgnjx.s	f6,f4,f4	  f4:0x00000000  f4:0x00000000  f6=0x00000000
     131575.000 ns	     13156	80002e34	005e1693	slli	x13,x28,0x5	 x28:0x00000000 x13=0x00000000
     131595.000 ns	     13158	80002e38	038b2f33	mulhsu	x30,x22,x24	 x22:0x00000000 x24:0xffffffff x30=0x00000000
     131625.000 ns	     13161	80002e3c	02ffe2b3	rem	x5,x31,x15	 x31:0xffffffff x15:0x00000000  x5=0xffffffff
     131655.000 ns	     13164	80002e40	20f09ed3	fsgnjn.s	f29,f1,f15	  f1:0x4f0fd760 f15:0x63e1b000 f29=0xcf0fd760
     131675.000 ns	     13166	80002e44	ff81bf13	sltiu	x30,x3,-8	  x3:0x00000000 x30=0x00000001
     131685.000 ns	     13167	80002e48	013ba4b3	slt	x9,x23,x19	 x23:0x00000000 x19:0x4d022000  x9=0x00000001
     131705.000 ns	     13169	80002e4c	d018cdd3	fcvt.s.wu	f27,x17	 x17:0x00000000 f27=0x00000000
     131735.000 ns	     13172	80002e50	d00e7253	fcvt.s.w	f4,x28	 x28:0x00000000  f4=0x00000000
     131765.000 ns	     13175	80002e54	c01e09d3	fcvt.wu.s	x19,f28	 f28:0x7fc00000 x19=0xffffffff
     131795.000 ns	     13178	80002e58	e0069fd3	fclass.s	x31,f13	 f13:0x4f000000 x31=0x00000040
     131825.000 ns	     13181	80002e5c	f00487d3	fmv.w.x	f15,x9	  x9:0x00000001 f15=0x00000001
     131855.000 ns	     13184	80002e60	03bc7333	remu	x6,x24,x27	 x24:0xffffffff x27:0x00000000  x6=0xffffffff
     131875.000 ns	     13186	80002e64	01f294b3	sll	x9,x5,x31	  x5:0xffffffff x31:0x00000040  x9=0xffffffff
     131905.000 ns	     13189	80002e68	105e34d3	fmul.s	f9,f28,f5	 f28:0x7fc00000  f5:0x00000000  f9=0x7fc00000
     131955.000 ns	     13194	80002e6c	08470f53	fsub.s	f30,f14,f4	 f14:0xffc00000  f4:0x00000000 f30=0x7fc00000
     131985.000 ns	     13197	80002e70	c0083353	fcvt.w.s	x6,f16	 f16:0x00000000  x6=0x00000000
     132005.000 ns	     13199	80002e74	0154d733	srl	x14,x9,x21	  x9:0xffffffff x21:0x0001ff00 x14=0xffffffff
     132025.000 ns	     13201	80002e78	e0040e53	fmv.x.w	x28,f8	  f8:0x7fc00000 x28=0x7fc00000
     132045.000 ns	     13203	80002e7c	01c35c93	srli	x25,x6,0x1c	  x6:0x00000000 x25=0x00000000
     132055.000 ns	     13204	80002e80	01f85293	srli	x5,x16,0x1f	 x16:0x00000000  x5=0x00000000
     132075.000 ns	     13206	80002e84	293c8ad3	fmin.s	f21,f25,f19	 f25:0x00000000 f19:0x00000000 f21=0x00000000
     132105.000 ns	     13209	80002e88	206da0d3	fsgnjx.s	f1,f27,f6	 f27:0x00000000  f6:0x00000000  f1=0x00000000
     132135.000 ns	     13212	80002e8c	29f68353	fmin.s	f6,f13,f31	 f13:0x4f000000 f31:0x7fc00000  f6=0x4f000000
     132165.000 ns	     13215	80002e90	02041233	mulh	x4,x8,x0	  x8:0x0a000000  x0:0x00000000  x4=0x00000000
     132185.000 ns	     13217	80002e94	01d21bb3	sll	x23,x4,x29	  x4:0x7fc00000 x29:0x00000002 x23=0x00000000
     132195.000 ns	     13218	80002e98	2e07fab7	lui	x21,0x2e07f	 x21=0x2e07f000
     132205.000 ns	     13219	80002e9c	011479b3	and	x19,x8,x17	  x8:0x0a000000 x17:0x00000000 x19=0x00000000
     132225.000 ns	     13221	80002ea0	023ed3b3	divu	x7,x29,x3	 x29:0x00000002  x3:0x00000000  x7=0xffffffff
     132245.000 ns	     13223	80002ea4	01528eb3	add	x29,x5,x21	  x5:0x00000000 x21:0x2e07f000 x29=0x2e07f000
     132265.000 ns	     13225	80002ea8	21242953	fsgnjx.s	f18,f8,f18	  f8:0x7fc00000 f18:0x3f0d1280 f18=0x7fc00000
     132285.000 ns	     13227	80002eac	01cc1fb3	sll	x31,x24,x28	 x24:0xffffffff x28:0x7fc00000 x31=0xffffffff
     132295.000 ns	     13228	80002eb0	c0218f97	auipc	x31,0xc0218	 x31=0x4021aeb0
     132315.000 ns	     13230	80002eb4	21482553	fsgnjx.s	f10,f16,f20	 f16:0x00000000 f20:0x7fc00000 f10=0x00000000
     132345.000 ns	     13233	80002eb8	026bfeb3	remu	x29,x23,x6	 x23:0x00000000  x6:0x00000000 x29=0x00000000
     132395.000 ns	     13238	80002ebc	084f7bd3	fsub.s	f23,f30,f4	 f30:0x7fc00000  f4:0x00000000 f23=0x7fc00000
     132435.000 ns	     13242	80002ec0	19c10653	fdiv.s	f12,f2,f28	  f2:0x7fc00000 f28:0x7fc00000 f12=0x7fc00000
     132485.000 ns	     13247	80002ec4	0872f753	fsub.s	f14,f5,f7	  f5:0x00000000  f7:0x7fc00000 f14=0x7fc00000
     132515.000 ns	     13250	80002ec8	a1260c53	fle.s	x24,f12,f18	 f12:0x7fc00000 f18:0x7fc00000 x24=0x00000000
     132535.000 ns	     13252	80002ecc	00e453b3	srl	x7,x8,x14	  x8:0x0a000000 x14:0xffffffff  x7=0x00000000
     132545.000 ns	     13253	80002ed0	41f2d393	srai	x7,x5,0x1f	  x5:0x00000000  x7=0x00000000
     132565.000 ns	     13255	80002ed4	02c121b3	mulhsu	x3,x2,x12	  x2:0x00000000 x12:0x00000000  x3=0x00000000
     132935.000 ns	     13292	80002ed8	03cc6b33	rem	x22,x24,x28	 x24:0x00000000 x28:0x7fc00000 x22=0x00000000
     132955.000 ns	     13294	80002edc	40a45013	srai	x0,x8,0xa	  x8:0x0a000000
     132965.000 ns	     13295	80002ee0	003b7133	and	x2,x22,x3	 x22:0x00000000  x3:0x00000000  x2=0x00000000
     132975.000 ns	     13296	80002ee4	01e6fb33	and	x22,x13,x30	 x13:0x00000000 x30:0x00000001 x22=0x00000000
     132985.000 ns	     13297	80002ee8	0171ab33	slt	x22,x3,x23	  x3:0x00000000 x23:0x00000000 x22=0x00000000
     133005.000 ns	     13299	80002eec	c0147f53	fcvt.wu.s	x30,f8	  f8:0x7fc00000 x30=0xffffffff
     133025.000 ns	     13301	80002ef0	bae10293	addi	x5,x2,-1106	  x2:0x00000000  x5=0xfffffbae
     133035.000 ns	     13302	80002ef4	4117dbb3	sra	x23,x15,x17	 x15:0x00000000 x17:0x00000000 x23=0x00000000
     133045.000 ns	     13303	80002ef8	fe760b93	addi	x23,x12,-25	 x12:0x00000000 x23=0xffffffe7
     133065.000 ns	     13305	80002efc	02385d33	divu	x26,x16,x3	 x16:0x00000000  x3:0x00000000 x26=0xffffffff
     133095.000 ns	     13308	80002f00	d01471d3	fcvt.s.wu	f3,x8	  x8:0x0a000000  f3=0x4d200000
     133115.000 ns	     13310	80002f04	00855293	srli	x5,x10,0x8	 x10:0x80040fe4  x5=0x0080040f
     133135.000 ns	     13312	80002f08	03cb8ab3	mul	x21,x23,x28	 x23:0xffffffe7 x28:0x7fc00000 x21=0x86400000
     133165.000 ns	     13315	80002f0c	28608953	fmin.s	f18,f1,f6	  f1:0x00000000  f6:0x4f000000 f18=0x00000000
     133205.000 ns	     13319	80002f10	113a74d3	fmul.s	f9,f20,f19	 f20:0x7fc00000 f19:0x00000000  f9=0x7fc00000
     133235.000 ns	     13322	80002f14	28a61cd3	fmax.s	f25,f12,f10	 f12:0x7fc00000 f10:0x00000000 f25=0x00000000
     133265.000 ns	     13325	80002f18	0225f2b3	remu	x5,x11,x2	 x11:0xffffffff  x2:0x00000000  x5=0xffffffff
     133285.000 ns	     13327	80002f1c	c2cdb313	sltiu	x6,x27,-980	 x27:0x00000000  x6=0x00000001
     133315.000 ns	     13330	80002f20	1077a3d3	fmul.s	f7,f15,f7	 f15:0x00000001  f7:0x7fc00000  f7=0x7fc00000
     133345.000 ns	     13333	80002f24	02768033	mul	x0,x13,x7	 x13:0x00000000  x7:0x00000000
     133365.000 ns	     13335	80002f28	00ac0bb3	add	x23,x24,x10	 x24:0x00000000 x10:0x80040fe4 x23=0x80040fe4
     133385.000 ns	     13337	80002f2c	c00e9053	fcvt.w.s	x0,f29	 f29:0xcf0fd760
     133405.000 ns	     13339	80002f30	0040f4b3	and	x9,x1,x4	  x1:0x00000000  x4:0x00000000  x9=0x00000000
     133415.000 ns	     13340	80002f34	00000013	addi	x0,x0,0	  x0:0x00000000
     133445.000 ns	     13343	80002f38	1939fc53	fdiv.s	f24,f19,f19	 f19:0x00000000 f19:0x00000000 f24=0x7fc00000
     133465.000 ns	     13345	80002f3c	00000013	addi	x0,x0,0	  x0:0x00000000
     133485.000 ns	     13347	80002f40	a17e9ad3	flt.s	x21,f29,f23	 f29:0xcf0fd760 f23:0x7fc00000 x21=0x00000000
     133505.000 ns	     13349	80002f44	01b75793	srli	x15,x14,0x1b	 x14:0xffffffff x15=0x0000001f
     133865.000 ns	     13385	80002f48	0328eeb3	rem	x29,x17,x18	 x17:0x00000000 x18:0x80041024 x29=0x00000000
     133885.000 ns	     13387	80002f4c	00e59313	slli	x6,x11,0xe	 x11:0xffffffff  x6=0xffffc000
     133895.000 ns	     13388	80002f50	00682333	slt	x6,x16,x6	 x16:0x00000000  x6:0x00000001  x6=0x00000000
     133905.000 ns	     13389	80002f54	00d456b3	srl	x13,x8,x13	  x8:0x0a000000 x13:0x00000000 x13=0x0a000000
     133925.000 ns	     13391	80002f58	e00a9653	fclass.s	x12,f21	 f21:0x00000000 x12=0x00000010
     133945.000 ns	     13393	80002f5c	01fb1333	sll	x6,x22,x31	 x22:0x00000000 x31:0x4021aeb0  x6=0x00000000
     133965.000 ns	     13395	80002f60	031061b3	rem	x3,x0,x17	  x0:0x00000000 x17:0x00000000  x3=0x00000000
     133995.000 ns	     13398	80002f64	03bfc5b3	div	x11,x31,x27	 x31:0x4021aeb0 x27:0x00000000 x11=0xffffffff
     134025.000 ns	     13401	80002f68	c00efe53	fcvt.w.s	x28,f29	 f29:0xcf0fd760 x28=0x80000000
     134065.000 ns	     13405	80002f6c	580a2253	fsqrt.s	f4,f20	 f20:0x7fc00000  f4=0x7fc00000
     134085.000 ns	     13407	80002f70	e4370c37	lui	x24,0xe4370	 x24=0xe4370000
     134105.000 ns	     13409	80002f74	a05911d3	flt.s	x3,f18,f5	 f18:0x00000000  f5:0x00000000  x3=0x00000000
     134135.000 ns	     13412	80002f78	21e281d3	fsgnj.s	f3,f5,f30	  f5:0x00000000 f30:0x7fc00000  f3=0x00000000
     134165.000 ns	     13415	80002f7c	a0581bd3	flt.s	x23,f16,f5	 f16:0x00000000  f5:0x00000000 x23=0x00000000
     134195.000 ns	     13418	80002f80	021801b3	mul	x3,x16,x1	 x16:0x00000000  x1:0x00000000  x3=0x00000000
     134225.000 ns	     13421	80002f84	28241d53	fmax.s	f26,f8,f2	  f8:0x7fc00000  f2:0x7fc00000 f26=0x7fc00000
     134245.000 ns	     13423	80002f88	0f7bff93	andi	x31,x23,247	 x23:0x00000000 x31=0x00000000
     134275.000 ns	     13426	80002f8c	18263d53	fdiv.s	f26,f12,f2	 f12:0x7fc00000  f2:0x7fc00000 f26=0x7fc00000
     134295.000 ns	     13428	80002f90	6c70ee93	ori	x29,x1,1735	  x1:0x00000000 x29=0x000006c7
     134325.000 ns	     13431	80002f94	103f2553	fmul.s	f10,f30,f3	 f30:0x7fc00000  f3:0x00000000 f10=0x7fc00000
     134355.000 ns	     13434	80002f98	c010ff53	fcvt.wu.s	x30,f1	  f1:0x00000000 x30=0x00000000
     134385.000 ns	     13437	80002f9c	029c2233	mulhsu	x4,x24,x9	 x24:0xe4370000  x9:0x00000000  x4=0x00000000
     134405.000 ns	     13439	80002fa0	0046f133	and	x2,x13,x4	 x13:0x0a000000  x4:0x00000000  x2=0x00000000
     134425.000 ns	     13441	80002fa4	034316b3	mulh	x13,x6,x20	  x6:0x00000000 x20:0xa202344a x13=0x00000000
     134445.000 ns	     13443	80002fa8	f4abd217	auipc	x4,0xf4abd	  x4=0x74abffa8
     134455.000 ns	     13444	80002fac	0013f8b3	and	x17,x7,x1	  x7:0x00000000  x1:0x00000000 x17=0x00000000
     134465.000 ns	     13445	80002fb0	00e6c7b3	xor	x15,x13,x14	 x13:0x00000000 x14:0xffffffff x15=0xffffffff
     134485.000 ns	     13447	80002fb4	f00580d3	fmv.w.x	f1,x11	 x11:0xffffffff  f1=0xffffffff
     134535.000 ns	     13452	80002fb8	09261dd3	fsub.s	f27,f12,f18	 f12:0x7fc00000 f18:0x00000000 f27=0x7fc00000
     134575.000 ns	     13456	80002fbc	5802a5d3	fsqrt.s	f11,f5	  f5:0x00000000 f11=0x00000000
     134605.000 ns	     13459	80002fc0	e0030ad3	fmv.x.w	x21,f6	  f6:0x4f000000 x21=0x4f000000
     134635.000 ns	     13462	80002fc4	e00316d3	fclass.s	x13,f6	  f6:0x4f000000 x13=0x00000040
     134655.000 ns	     13464	80002fc8	002e9213	slli	x4,x29,0x2	 x29:0x000006c7  x4=0x00001b1c
     134665.000 ns	     13465	80002fcc	232a8f93	addi	x31,x21,562	 x21:0x4f000000 x31=0x4f000232
     134685.000 ns	     13467	80002fd0	03e5d033	divu	x0,x11,x30	 x11:0xffffffff x30:0x00000000
     134705.000 ns	     13469	80002fd4	4a9c3613	sltiu	x12,x24,1193	 x24:0xe4370000 x12=0x00000000
     134715.000 ns	     13470	80002fd8	c9e9a113	slti	x2,x19,-866	 x19:0x00000000  x2=0x00000000
     134725.000 ns	     13471	80002fdc	7eda2f13	slti	x30,x20,2029	 x20:0xa202344a x30=0x00000001
     134735.000 ns	     13472	80002fe0	008e5733	srl	x14,x28,x8	 x28:0x80000000  x8:0x0a000000 x14=0x80000000
     134755.000 ns	     13474	80002fe4	d0097f53	fcvt.s.w	f30,x18	 x18:0x80041024 f30=0xcefff7df
     134775.000 ns	     13476	80002fe8	feb1ca93	xori	x21,x3,-21	  x3:0x00000000 x21=0xffffffeb
     134785.000 ns	     13477	80002fec	00c4dd93	srli	x27,x9,0xc	  x9:0x00000000 x27=0x00000000
     134795.000 ns	     13478	80002ff0	f4150313	addi	x6,x10,-191	 x10:0x80040fe4  x6=0x80040f25
     134835.000 ns	     13482	80002ff4	08cf0ad3	fsub.s	f21,f30,f12	 f30:0xcefff7df f12:0x7fc00000 f21=0x7fc00000
     134855.000 ns	     13484	80002ff8	dd318413	addi	x8,x3,-557	  x3:0x00000000  x8=0xfffffdd3
     134875.000 ns	     13486	80002ffc	20080653	fsgnj.s	f12,f16,f0	 f16:0x00000000  f0:0x7fc00000 f12=0x00000000
     134905.000 ns	     13489	80003000	213a8c53	fsgnj.s	f24,f21,f19	 f21:0x7fc00000 f19:0x00000000 f24=0x7fc00000
     134935.000 ns	     13492	80003004	a17111d3	flt.s	x3,f2,f23	  f2:0x7fc00000 f23:0x7fc00000  x3=0x00000000
     134985.000 ns	     13497	80003008	081471d3	fsub.s	f3,f8,f1	  f8:0x7fc00000  f1:0xffffffff  f3=0x7fc00000
     135005.000 ns	     13499	8000300c	c4842e93	slti	x29,x8,-952	  x8:0xfffffdd3 x29=0x00000000
     135045.000 ns	     13503	80003010	094981d3	fsub.s	f3,f19,f20	 f19:0x00000000 f20:0x7fc00000  f3=0x7fc00000
     135075.000 ns	     13506	80003014	29841d53	fmax.s	f26,f8,f24	  f8:0x7fc00000 f24:0x7fc00000 f26=0x7fc00000
     135095.000 ns	     13508	80003018	411cd293	srai	x5,x25,0x11	 x25:0x00000000  x5=0x00000000
     135105.000 ns	     13509	8000301c	41c18d33	sub	x26,x3,x28	  x3:0x00000000 x28:0x80000000 x26=0x80000000
     135125.000 ns	     13511	80003020	2007abd3	fsgnjx.s	f23,f15,f0	 f15:0x00000001  f0:0x7fc00000 f23=0x00000001
     135155.000 ns	     13514	80003024	02f786b3	mul	x13,x15,x15	 x15:0xffffffff x15:0xffffffff x13=0x00000001
     135185.000 ns	     13517	80003028	023273b3	remu	x7,x4,x3	  x4:0x00001b1c  x3:0x00000000  x7=0x00001b1c
     135215.000 ns	     13520	8000302c	280c9b53	fmax.s	f22,f25,f0	 f25:0x00000000  f0:0x7fc00000 f22=0x00000000
     135245.000 ns	     13523	80003030	020a5e33	divu	x28,x20,x0	 x20:0xa202344a  x0:0x00000000 x28=0xffffffff
     135275.000 ns	     13526	80003034	c01c71d3	fcvt.wu.s	x3,f24	 f24:0x7fc00000  x3=0xffffffff
     135305.000 ns	     13529	80003038	f00e0353	fmv.w.x	f6,x28	 x28:0xffffffff  f6=0xffffffff
     135335.000 ns	     13532	8000303c	037f4bb3	div	x23,x30,x23	 x30:0x00000001 x23:0x00000000 x23=0xffffffff
     135355.000 ns	     13534	80003040	413288b3	sub	x17,x5,x19	  x5:0x00000000 x19:0x00000000 x17=0x00000000
     135375.000 ns	     13536	80003044	c0127f53	fcvt.wu.s	x30,f4	  f4:0x7fc00000 x30=0xffffffff
     135405.000 ns	     13539	80003048	03a92433	mulhsu	x8,x18,x26	 x18:0x80041024 x26:0x80000000  x8=0xc0020812
     135425.000 ns	     13541	8000304c	00d35133	srl	x2,x6,x13	  x6:0x80040f25 x13:0x00000001  x2=0x40020792
     135435.000 ns	     13542	80003050	9101ed17	auipc	x26,0x9101e	 x26=0x11021050
     135445.000 ns	     13543	80003054	00000013	addi	x0,x0,0	  x0:0x00000000
     135455.000 ns	     13544	80003058	01006433	or	x8,x0,x16	  x0:0x00000000 x16:0x00000000  x8=0x00000000
     135475.000 ns	     13546	8000305c	a124acd3	feq.s	x25,f9,f18	  f9:0x7fc00000 f18:0x00000000 x25=0x00000000
     135505.000 ns	     13549	80003060	025cf8b3	remu	x17,x25,x5	 x25:0x00000000  x5:0x00000000 x17=0x00000000
     135535.000 ns	     13552	80003064	29d993d3	fmax.s	f7,f19,f29	 f19:0x00000000 f29:0xcf0fd760  f7=0x00000000
     135565.000 ns	     13555	80003068	205005d3	fsgnj.s	f11,f0,f5	  f0:0x7fc00000  f5:0x00000000 f11=0x7fc00000
     135595.000 ns	     13558	8000306c	d00ab1d3	fcvt.s.w	f3,x21	 x21:0xffffffeb  f3=0xc1a80000
     135615.000 ns	     13560	80003070	f419a693	slti	x13,x19,-191	 x19:0x00000000 x13=0x00000000
     135635.000 ns	     13562	80003074	201da9d3	fsgnjx.s	f19,f27,f1	 f27:0x7fc00000  f1:0xffffffff f19=0xffc00000
     135655.000 ns	     13564	80003078	01a0d5b3	srl	x11,x1,x26	  x1:0x00000000 x26:0x11021050 x11=0x00000000
     135675.000 ns	     13566	8000307c	02fb9433	mulh	x8,x23,x15	 x23:0xffffffff x15:0xffffffff  x8=0x00000000
     136855.000 ns	     13684	80003080	5807f4d3	fsqrt.s	f9,f15	 f15:0x00000001  f9=0x1f350483
     136885.000 ns	     13687	80003084	20a51153	fsgnjn.s	f2,f10,f10	 f10:0x7fc00000 f10:0x7fc00000  f2=0xffc00000
     136905.000 ns	     13689	80003088	01975b33	srl	x22,x14,x25	 x14:0x80000000 x25:0x00000000 x22=0x80000000
     136915.000 ns	     13690	8000308c	ec444213	xori	x4,x8,-316	  x8:0x00000000  x4=0xfffffec4
     136925.000 ns	     13691	80003090	4184d893	srai	x17,x9,0x18	  x9:0x00000000 x17=0x00000000
     136945.000 ns	     13693	80003094	f0050653	fmv.w.x	f12,x10	 x10:0x80040fe4 f12=0x80040fe4
     136965.000 ns	     13695	80003098	f1ce8693	addi	x13,x29,-228	 x29:0x00000000 x13=0xffffff1c
     136975.000 ns	     13696	8000309c	d61bbcb7	lui	x25,0xd61bb	 x25=0xd61bb000
     136985.000 ns	     13697	800030a0	01034733	xor	x14,x6,x16	  x6:0x80040f25 x16:0x00000000 x14=0x80040f25
     136995.000 ns	     13698	800030a4	285e6c13	ori	x24,x28,645	 x28:0xffffffff x24=0xffffffff
     137005.000 ns	     13699	800030a8	4077dfb3	sra	x31,x15,x7	 x15:0xffffffff  x7:0x00001b1c x31=0xffffffff
     137015.000 ns	     13700	800030ac	3855fd37	lui	x26,0x3855f	 x26=0x3855f000
     137035.000 ns	     13702	800030b0	f0060cd3	fmv.w.x	f25,x12	 x12:0x00000000 f25=0x00000000
     137055.000 ns	     13704	800030b4	001d7e33	and	x28,x26,x1	 x26:0x11021050  x1:0x00000000 x28=0x00000000
     137065.000 ns	     13705	800030b8	008de2b3	or	x5,x27,x8	 x27:0x00000000  x8:0x00000000  x5=0x00000000
     137425.000 ns	     13741	800030bc	02754ab3	div	x21,x10,x7	 x10:0x80040fe4  x7:0x00001b1c x21=0xfffb476b
     137445.000 ns	     13743	800030c0	00b6fc33	and	x24,x13,x11	 x13:0xffffff1c x11:0x00000000 x24=0x00000000
     137485.000 ns	     13747	800030c4	017f42d3	fadd.s	f5,f30,f23	 f30:0xcefff7df f23:0x00000001  f5=0xcefff7df
     137505.000 ns	     13749	800030c8	4027d113	srai	x2,x15,0x2	 x15:0xffffffff  x2=0xffffffff
     137515.000 ns	     13750	800030cc	0056a3b3	slt	x7,x13,x5	 x13:0xffffff1c  x5:0x00000000  x7=0x00000001
     137875.000 ns	     13786	800030d0	02e26bb3	rem	x23,x4,x14	  x4:0xfffffec4 x14:0x80040f25 x23=0xfffffec4
     137905.000 ns	     13789	800030d4	f0088353	fmv.w.x	f6,x17	 x17:0x00000000  f6=0x00000000
     137925.000 ns	     13791	800030d8	41118133	sub	x2,x3,x17	  x3:0xffffffff x17:0x00000000  x2=0xffffffff
     137945.000 ns	     13793	800030dc	03158c33	mul	x24,x11,x17	 x11:0x00000000 x17:0x00000000 x24=0x00000000
     137975.000 ns	     13796	800030e0	c0027ed3	fcvt.w.s	x29,f4	  f4:0x7fc00000 x29=0x7fffffff
     137995.000 ns	     13798	800030e4	09aadab7	lui	x21,0x9aad	 x21=0x09aad000
     138005.000 ns	     13799	800030e8	01ecf033	and	x0,x25,x30	 x25:0xd61bb000 x30:0xffffffff
     138035.000 ns	     13802	800030ec	1138a5d3	fmul.s	f11,f17,f19	 f17:0x7fc00000 f19:0xffc00000 f11=0x7fc00000
     138065.000 ns	     13805	800030f0	d0037653	fcvt.s.w	f12,x6	  x6:0x80040f25 f12=0xcefff7e1
     138095.000 ns	     13808	800030f4	03530633	mul	x12,x6,x21	  x6:0x80040f25 x21:0x09aad000 x12=0xa7e01000
     138115.000 ns	     13810	800030f8	00dec233	xor	x4,x29,x13	 x29:0x7fffffff x13:0xffffff1c  x4=0x800000e3
     138145.000 ns	     13813	800030fc	18e6f8d3	fdiv.s	f17,f13,f14	 f13:0x4f000000 f14:0x7fc00000 f17=0x7fc00000
     138175.000 ns	     13816	80003100	f00e0d53	fmv.w.x	f26,x28	 x28:0x00000000 f26=0x00000000
     138195.000 ns	     13818	80003104	014e5093	srli	x1,x28,0x14	 x28:0x00000000  x1=0x00000000
     138205.000 ns	     13819	80003108	01ba4333	xor	x6,x20,x27	 x20:0xa202344a x27:0x00000000  x6=0xa202344a
     138215.000 ns	     13820	8000310c	4581ef93	ori	x31,x3,1112	  x3:0xffffffff x31=0xffffffff
     138235.000 ns	     13822	80003110	a0b20f53	fle.s	x30,f4,f11	  f4:0x7fc00000 f11:0x7fc00000 x30=0x00000000
     138255.000 ns	     13824	80003114	01989893	slli	x17,x17,0x19	 x17:0x00000000 x17=0x00000000
     138265.000 ns	     13825	80003118	019f76b3	and	x13,x30,x25	 x30:0x00000000 x25:0xd61bb000 x13=0x00000000
     138285.000 ns	     13827	8000311c	29750953	fmin.s	f18,f10,f23	 f10:0x7fc00000 f23:0x00000001 f18=0x00000001
     138315.000 ns	     13830	80003120	a1bb21d3	feq.s	x3,f22,f27	 f22:0x00000000 f27:0x7fc00000  x3=0x00000000
     138345.000 ns	     13833	80003124	c016f2d3	fcvt.wu.s	x5,f13	 f13:0x4f000000  x5=0x80000000
     138365.000 ns	     13835	80003128	012d7133	and	x2,x26,x18	 x26:0x3855f000 x18:0x80041024  x2=0x00041000
     138385.000 ns	     13837	8000312c	207c2853	fsgnjx.s	f16,f24,f7	 f24:0x7fc00000  f7:0x00000000 f16=0x7fc00000
     138425.000 ns	     13841	80003130	580584d3	fsqrt.s	f9,f11	 f11:0x7fc00000  f9=0x7fc00000
     138455.000 ns	     13844	80003134	d00f7ad3	fcvt.s.w	f21,x30	 x30:0x00000000 f21=0x00000000
     138475.000 ns	     13846	80003138	0148c333	xor	x6,x17,x20	 x17:0x00000000 x20:0xa202344a  x6=0xa202344a
     138485.000 ns	     13847	8000313c	019f1993	slli	x19,x30,0x19	 x30:0x00000000 x19=0x00000000
     138495.000 ns	     13848	80003140	3ecaac93	slti	x25,x21,1004	 x21:0x09aad000 x25=0x00000000
     138505.000 ns	     13849	80003144	b9fabdb7	lui	x27,0xb9fab	 x27=0xb9fab000
     138525.000 ns	     13851	80003148	e0050453	fmv.x.w	x8,f10	 f10:0x7fc00000  x8=0x7fc00000
     138545.000 ns	     13853	8000314c	40ab5233	sra	x4,x22,x10	 x22:0x80000000 x10:0x80040fe4  x4=0xf8000000
     138565.000 ns	     13855	80003150	a0459e53	flt.s	x28,f11,f4	 f11:0x7fc00000  f4:0x7fc00000 x28=0x00000000
     138935.000 ns	     13892	80003154	025478b3	remu	x17,x8,x5	  x8:0x7fc00000  x5:0x80000000 x17=0x7fc00000
     138955.000 ns	     13894	80003158	019d5cb3	srl	x25,x26,x25	 x26:0x3855f000 x25:0x00000000 x25=0x3855f000
     138965.000 ns	     13895	8000315c	005525b3	slt	x11,x10,x5	 x10:0x80040fe4  x5:0x80000000 x11=0x00000000
     138985.000 ns	     13897	80003160	a092acd3	feq.s	x25,f5,f9	  f5:0xcefff7df  f9:0x7fc00000 x25=0x00000000
     139015.000 ns	     13900	80003164	a09c2153	feq.s	x2,f24,f9	 f24:0x7fc00000  f9:0x7fc00000  x2=0x00000000
     139045.000 ns	     13903	80003168	a1e91bd3	flt.s	x23,f18,f30	 f18:0x00000001 f30:0xcefff7df x23=0x00000000
     139065.000 ns	     13905	8000316c	41f30733	sub	x14,x6,x31	  x6:0xa202344a x31:0xffffffff x14=0xa202344b
     139105.000 ns	     13909	80003170	09467053	fsub.s	f0,f12,f20	 f12:0xcefff7e1 f20:0x7fc00000  f0=0x7fc00000
     139145.000 ns	     13913	80003174	10c8fad3	fmul.s	f21,f17,f12	 f17:0x7fc00000 f12:0xcefff7e1 f21=0x7fc00000
     139175.000 ns	     13916	80003178	c0069bd3	fcvt.w.s	x23,f13	 f13:0x4f000000 x23=0x7fffffff
     139195.000 ns	     13918	8000317c	a41b4713	xori	x14,x22,-1471	 x22:0x80000000 x14=0x7ffffa41
     139205.000 ns	     13919	80003180	00b05b33	srl	x22,x0,x11	  x0:0x00000000 x11:0x00000000 x22=0x00000000
     139215.000 ns	     13920	80003184	f1d7ad13	slti	x26,x15,-227	 x15:0xffffffff x26=0x00000000
     139225.000 ns	     13921	80003188	ad2d3e17	auipc	x28,0xad2d3	 x28=0x2d2d6188
     139235.000 ns	     13922	8000318c	00ab1c93	slli	x25,x22,0xa	 x22:0x00000000 x25=0x00000000
     139245.000 ns	     13923	80003190	d3ba7593	andi	x11,x20,-709	 x20:0xa202344a x11=0xa202340a
     139255.000 ns	     13924	80003194	01a144b3	xor	x9,x2,x26	  x2:0x00000000 x26:0x00000000  x9=0x00000000
     139265.000 ns	     13925	80003198	00000013	addi	x0,x0,0	  x0:0x00000000
     139275.000 ns	     13926	8000319c	01142c33	slt	x24,x8,x17	  x8:0x7fc00000 x17:0x7fc00000 x24=0x00000000
     139295.000 ns	     13928	800031a0	034e17b3	mulh	x15,x28,x20	 x28:0x2d2d6188 x20:0xa202344a x15=0xef69b9c5
     139325.000 ns	     13931	800031a4	021fe433	rem	x8,x31,x1	 x31:0xffffffff  x1:0x00000000  x8=0xffffffff
     139345.000 ns	     13933	800031a8	0081b733	sltu	x14,x3,x8	  x3:0x00000000  x8:0x7fc00000 x14=0x00000001
     139355.000 ns	     13934	800031ac	007f25b3	slt	x11,x30,x7	 x30:0x00000000  x7:0x00000001 x11=0x00000001
     139715.000 ns	     13970	800031b0	037063b3	rem	x7,x0,x23	  x0:0x00000000 x23:0x7fffffff  x7=0x00000000
     139755.000 ns	     13974	800031b4	18b20bd3	fdiv.s	f23,f4,f11	  f4:0x7fc00000 f11:0x7fc00000 f23=0x7fc00000
     139775.000 ns	     13976	800031b8	9ddef993	andi	x19,x29,-1571	 x29:0x7fffffff x19=0x7ffff9dd
     139815.000 ns	     13980	800031bc	0042f2d3	fadd.s	f5,f5,f4	  f5:0xcefff7df  f4:0x7fc00000  f5=0x7fc00000
     139845.000 ns	     13983	800031c0	c00d96d3	fcvt.w.s	x13,f27	 f27:0x7fc00000 x13=0x7fffffff
     139865.000 ns	     13985	800031c4	0036adb3	slt	x27,x13,x3	 x13:0x00000000  x3:0x00000000 x27=0x00000000
     140225.000 ns	     14021	800031c8	02daeeb3	rem	x29,x21,x13	 x21:0x09aad000 x13:0x7fffffff x29=0x09aad000
     140255.000 ns	     14024	800031cc	035b37b3	mulhu	x15,x22,x21	 x22:0x00000000 x21:0x09aad000 x15=0x00000000
     140295.000 ns	     14028	800031d0	18b0fbd3	fdiv.s	f23,f1,f11	  f1:0xffffffff f11:0x7fc00000 f23=0x7fc00000
     140315.000 ns	     14030	800031d4	016446b3	xor	x13,x8,x22	  x8:0xffffffff x22:0x00000000 x13=0xffffffff
     140325.000 ns	     14031	800031d8	00569293	slli	x5,x13,0x5	 x13:0x7fffffff  x5=0xffffffe0
     140345.000 ns	     14033	800031dc	03605f33	divu	x30,x0,x22	  x0:0x00000000 x22:0x00000000 x30=0xffffffff
     140375.000 ns	     14036	800031e0	209e05d3	fsgnj.s	f11,f28,f9	 f28:0x7fc00000  f9:0x7fc00000 f11=0x7fc00000
     140405.000 ns	     14039	800031e4	213596d3	fsgnjn.s	f13,f11,f19	 f11:0x7fc00000 f19:0xffc00000 f13=0x7fc00000
     140425.000 ns	     14041	800031e8	f763aa93	slti	x21,x7,-138	  x7:0x00000000 x21=0x00000000
     140435.000 ns	     14042	800031ec	6393b0b7	lui	x1,0x6393b	  x1=0x6393b000
     140465.000 ns	     14045	800031f0	101773d3	fmul.s	f7,f14,f1	 f14:0x7fc00000  f1:0xffffffff  f7=0x7fc00000
     140485.000 ns	     14047	800031f4	798acd13	xori	x26,x21,1944	 x21:0x00000000 x26=0x00000798
     140495.000 ns	     14048	800031f8	01dd2fb3	slt	x31,x26,x29	 x26:0x00000000 x29:0x09aad000 x31=0x00000001
     140505.000 ns	     14049	800031fc	00742833	slt	x16,x8,x7	  x8:0xffffffff  x7:0x00000000 x16=0x00000001
     140515.000 ns	     14050	80003200	001cd6b3	srl	x13,x25,x1	 x25:0x00000000  x1:0x6393b000 x13=0x00000000
     140535.000 ns	     14052	80003204	21628253	fsgnj.s	f4,f5,f22	  f5:0x7fc00000 f22:0x00000000  f4=0x7fc00000
     140565.000 ns	     14055	80003208	03063db3	mulhu	x27,x12,x16	 x12:0xa7e01000 x16:0x00000001 x27=0x00000000
     140595.000 ns	     14058	8000320c	29e10d53	fmin.s	f26,f2,f30	  f2:0xffc00000 f30:0xcefff7df f26=0xcefff7df
     140615.000 ns	     14060	80003210	564ec793	xori	x15,x29,1380	 x29:0x09aad000 x15=0x09aad564
     140625.000 ns	     14061	80003214	00e60ab3	add	x21,x12,x14	 x12:0xa7e01000 x14:0x00000001 x21=0xa7e01001
     140645.000 ns	     14063	80003218	03d906b3	mul	x13,x18,x29	 x18:0x80041024 x29:0x09aad000 x13=0x49054000
     140665.000 ns	     14065	8000321c	01d095b3	sll	x11,x1,x29	  x1:0x6393b000 x29:0x09aad000 x11=0x6393b000
     140675.000 ns	     14066	80003220	41e1dd93	srai	x27,x3,0x1e	  x3:0x00000000 x27=0x00000000
     140705.000 ns	     14069	80003224	10f324d3	fmul.s	f9,f6,f15	  f6:0x00000000 f15:0x00000001  f9=0x00000000
     141075.000 ns	     14106	80003228	02c266b3	rem	x13,x4,x12	  x4:0xf8000000 x12:0xa7e01000 x13=0xf8000000
     141105.000 ns	     14109	8000322c	d0137fd3	fcvt.s.wu	f31,x6	  x6:0xa202344a f31=0x4f220234
     141125.000 ns	     14111	80003230	01fdadb3	slt	x27,x27,x31	 x27:0x00000000 x31:0x00000001 x27=0x00000001
     141145.000 ns	     14113	80003234	28dd8b53	fmin.s	f22,f27,f13	 f27:0x7fc00000 f13:0x7fc00000 f22=0x7fc00000
     141175.000 ns	     14116	80003238	d00a2fd3	fcvt.s.w	f31,x20	 x20:0xa202344a f31=0xcebbfb98
     141205.000 ns	     14119	8000323c	28a51f53	fmax.s	f30,f10,f10	 f10:0x7fc00000 f10:0x7fc00000 f30=0x7fc00000
     141235.000 ns	     14122	80003240	027528b3	mulhsu	x17,x10,x7	 x10:0x80040fe4  x7:0x00000000 x17=0x00000000
     141275.000 ns	     14126	80003244	1103c4d3	fmul.s	f9,f7,f16	  f7:0x7fc00000 f16:0x7fc00000  f9=0x7fc00000
     141295.000 ns	     14128	80003248	00000013	addi	x0,x0,0	  x0:0x00000000
     141315.000 ns	     14130	8000324c	c00e3ed3	fcvt.w.s	x29,f28	 f28:0x7fc00000 x29=0x7fffffff
     141345.000 ns	     14133	80003250	03d416b3	mulh	x13,x8,x29	  x8:0xffffffff x29:0x09aad000 x13=0xffffffff
     141365.000 ns	     14135	80003254	00000013	addi	x0,x0,0	  x0:0x00000000
     141395.000 ns	     14138	80003258	10e24cd3	fmul.s	f25,f4,f14	  f4:0x7fc00000 f14:0x7fc00000 f25=0x7fc00000
     141765.000 ns	     14175	8000325c	03a2ffb3	remu	x31,x5,x26	  x5:0xffffffe0 x26:0x00000798 x31=0x00000248
     142135.000 ns	     14212	80003260	0280f2b3	remu	x5,x1,x8	  x1:0x6393b000  x8:0xffffffff  x5=0x6393b000
     142165.000 ns	     14215	80003264	29598fd3	fmin.s	f31,f19,f21	 f19:0xffc00000 f21:0x7fc00000 f31=0x7fc00000
     142185.000 ns	     14217	80003268	00215b93	srli	x23,x2,0x2	  x2:0x00000000 x23=0x00000000
     142195.000 ns	     14218	8000326c	00df5e33	srl	x28,x30,x13	 x30:0xffffffff x13:0xffffffff x28=0x00000001
     142215.000 ns	     14220	80003270	f0058453	fmv.w.x	f8,x11	 x11:0x6393b000  f8=0x6393b000
     142245.000 ns	     14223	80003274	03626db3	rem	x27,x4,x22	  x4:0xf8000000 x22:0x00000000 x27=0xf8000000
     142615.000 ns	     14260	80003278	032ac433	div	x8,x21,x18	 x21:0xa7e01001 x18:0x80041024  x8=0x00000000
     142655.000 ns	     14264	8000327c	10e37bd3	fmul.s	f23,f6,f14	  f6:0x00000000 f14:0x7fc00000 f23=0x7fc00000
     142685.000 ns	     14267	80003280	d003fcd3	fcvt.s.w	f25,x7	  x7:0x00000000 f25=0x00000000
     142705.000 ns	     14269	80003284	003adab3	srl	x21,x21,x3	 x21:0xa7e01001  x3:0x00000000 x21=0xa7e01001
     142715.000 ns	     14270	80003288	019e1393	slli	x7,x28,0x19	 x28:0x00000001  x7=0x02000000
     142725.000 ns	     14271	8000328c	6bdda713	slti	x14,x27,1725	 x27:0xf8000000 x14=0x00000001
     142735.000 ns	     14272	80003290	003abfb3	sltu	x31,x21,x3	 x21:0xa7e01001  x3:0x00000000 x31=0x00000000
     142755.000 ns	     14274	80003294	a1d58bd3	fle.s	x23,f11,f29	 f11:0x7fc00000 f29:0xcf0fd760 x23=0x00000000
     142775.000 ns	     14276	80003298	4051df33	sra	x30,x3,x5	  x3:0x00000000  x5:0x6393b000 x30=0x00000000
     142795.000 ns	     14278	8000329c	f00d09d3	fmv.w.x	f19,x26	 x26:0x00000798 f19=0x00000798
     142825.000 ns	     14281	800032a0	20a511d3	fsgnjn.s	f3,f10,f10	 f10:0x7fc00000 f10:0x7fc00000  f3=0xffc00000
     142845.000 ns	     14283	800032a4	011ce333	or	x6,x25,x17	 x25:0x00000000 x17:0x00000000  x6=0x00000000
     142865.000 ns	     14285	800032a8	f00e07d3	fmv.w.x	f15,x28	 x28:0x00000001 f15=0x00000001
     142895.000 ns	     14288	800032ac	c003afd3	fcvt.w.s	x31,f7	  f7:0x7fc00000 x31=0x7fffffff
     142915.000 ns	     14290	800032b0	ba4eec93	ori	x25,x29,-1116	 x29:0x7fffffff x25=0xffffffff
     143275.000 ns	     14326	800032b4	02dee5b3	rem	x11,x29,x13	 x29:0x7fffffff x13:0xffffffff x11=0x00000000
     143295.000 ns	     14328	800032b8	409ed493	srai	x9,x29,0x9	 x29:0x7fffffff  x9=0x003fffff
     143315.000 ns	     14330	800032bc	025e9333	mulh	x6,x29,x5	 x29:0x7fffffff  x5:0x6393b000  x6=0x31c9d7ff
     143335.000 ns	     14332	800032c0	446a6793	ori	x15,x20,1094	 x20:0xa202344a x15=0xa202344e
     143355.000 ns	     14334	800032c4	20d7a553	fsgnjx.s	f10,f15,f13	 f15:0x00000001 f13:0x7fc00000 f10=0x00000001
     143385.000 ns	     14337	800032c8	20c41453	fsgnjn.s	f8,f8,f12	  f8:0x6393b000 f12:0xcefff7e1  f8=0x6393b000
     143415.000 ns	     14340	800032cc	a1a4a9d3	feq.s	x19,f9,f26	  f9:0x7fc00000 f26:0xcefff7df x19=0x00000000
     143435.000 ns	     14342	800032d0	01971233	sll	x4,x14,x25	 x14:0x00000001 x25:0xffffffff  x4=0x80000000
     143445.000 ns	     14343	800032d4	002a9c33	sll	x24,x21,x2	 x21:0xa7e01001  x2:0x00000000 x24=0xa7e01001
     143475.000 ns	     14346	800032d8	5803f553	fsqrt.s	f10,f7	  f7:0x7fc00000 f10=0x7fc00000
     143495.000 ns	     14348	800032dc	00000013	addi	x0,x0,0	  x0:0x00000000
     143505.000 ns	     14349	800032e0	e2693d13	sltiu	x26,x18,-474	 x18:0x80041024 x26=0x00000001
     143535.000 ns	     14352	800032e4	111bf253	fmul.s	f4,f23,f17	 f23:0x7fc00000 f17:0x7fc00000  f4=0x7fc00000
     143555.000 ns	     14354	800032e8	018c5793	srli	x15,x24,0x18	 x24:0xa7e01001 x15=0x000000a7
     143585.000 ns	     14357	800032ec	580ca953	fsqrt.s	f18,f25	 f25:0x00000000 f18=0x00000000
     143615.000 ns	     14360	800032f0	e00f84d3	fmv.x.w	x9,f31	 f31:0x7fc00000  x9=0x7fc00000
     143655.000 ns	     14364	800032f4	195b88d3	fdiv.s	f17,f23,f21	 f23:0x7fc00000 f21:0x7fc00000 f17=0x7fc00000
     143675.000 ns	     14366	800032f8	01d60eb3	add	x29,x12,x29	 x12:0xa7e01000 x29:0x7fffffff x29=0x27e00fff
     143685.000 ns	     14367	800032fc	359dc693	xori	x13,x27,857	 x27:0xf8000000 x13=0xf8000359
     144045.000 ns	     14403	80003300	03516eb3	rem	x29,x2,x21	  x2:0x00000000 x21:0xa7e01001 x29=0x00000000
     144065.000 ns	     14405	80003304	41eb09b3	sub	x19,x22,x30	 x22:0x00000000 x30:0x00000000 x19=0x00000000
     144075.000 ns	     14406	80003308	015d1d13	slli	x26,x26,0x15	 x26:0x00000001 x26=0x00200000
     144095.000 ns	     14408	8000330c	c0047653	fcvt.w.s	x12,f8	  f8:0x6393b000 x12=0x7fffffff
     144125.000 ns	     14411	80003310	203aa253	fsgnjx.s	f4,f21,f3	 f21:0x7fc00000  f3:0xffc00000  f4=0xffc00000
     144145.000 ns	     14413	80003314	8eb16093	ori	x1,x2,-1813	  x2:0x00000000  x1=0xfffff8eb
     144155.000 ns	     14414	80003318	bbd6c393	xori	x7,x13,-1091	 x13:0xf8000359  x7=0x07fff8e4
     144185.000 ns	     14417	8000331c	18363ed3	fdiv.s	f29,f12,f3	 f12:0xcefff7e1  f3:0xffc00000 f29=0x7fc00000
     144205.000 ns	     14419	80003320	1e023093	sltiu	x1,x4,480	  x4:0x80000000  x1=0x00000000
     144215.000 ns	     14420	80003324	cb588cb7	lui	x25,0xcb588	 x25=0xcb588000
     144235.000 ns	     14422	80003328	f0000ad3	fmv.w.x	f21,x0	  x0:0x00000000 f21=0x00000000
     144255.000 ns	     14424	8000332c	40a985b3	sub	x11,x19,x10	 x19:0x00000000 x10:0x80040fe4 x11=0x7ffbf01c
     144265.000 ns	     14425	80003330	41fa8333	sub	x6,x21,x31	 x21:0xa7e01001 x31:0x7fffffff  x6=0x27e01002
     144275.000 ns	     14426	80003334	274da593	slti	x11,x27,628	 x27:0xf8000000 x11=0x00000001
     144295.000 ns	     14428	80003338	e00c0d53	fmv.x.w	x26,f24	 f24:0x7fc00000 x26=0x7fc00000
     144315.000 ns	     14430	8000333c	a3cddd37	lui	x26,0xa3cdd	 x26=0xa3cdd000
     144325.000 ns	     14431	80003340	b8b4f993	andi	x19,x9,-1141	  x9:0x7fc00000 x19=0x7fc00000
     144345.000 ns	     14433	80003344	2173afd3	fsgnjx.s	f31,f7,f23	  f7:0x7fc00000 f23:0x7fc00000 f31=0x7fc00000
     144365.000 ns	     14435	80003348	a2f71597	auipc	x11,0xa2f71	 x11=0x22f74348
     144395.000 ns	     14438	8000334c	1855fa53	fdiv.s	f20,f11,f5	 f11:0x7fc00000  f5:0x7fc00000 f20=0x7fc00000
     144765.000 ns	     14475	80003350	027572b3	remu	x5,x10,x7	 x10:0x80040fe4  x7:0x07fff8e4  x5=0x000481a4
     144795.000 ns	     14478	80003354	a0440fd3	fle.s	x31,f8,f4	  f8:0x6393b000  f4:0xffc00000 x31=0x00000000
     144815.000 ns	     14480	80003358	e3b97597	auipc	x11,0xe3b97	 x11=0x63b9a358
     144825.000 ns	     14481	8000335c	00cd1e33	sll	x28,x26,x12	 x26:0xa3cdd000 x12:0x7fffffff x28=0x00000000
     144845.000 ns	     14483	80003360	a14d26d3	feq.s	x13,f26,f20	 f26:0xcefff7df f20:0x7fc00000 x13=0x00000000
     144875.000 ns	     14486	80003364	c015f653	fcvt.wu.s	x12,f11	 f11:0x7fc00000 x12=0xffffffff
     144915.000 ns	     14490	80003368	10f175d3	fmul.s	f11,f2,f15	  f2:0xffc00000 f15:0x00000001 f11=0x7fc00000
     144945.000 ns	     14493	8000336c	20621bd3	fsgnjn.s	f23,f4,f6	  f4:0xffc00000  f6:0x00000000 f23=0xffc00000
     144975.000 ns	     14496	80003370	03123eb3	mulhu	x29,x4,x17	  x4:0x80000000 x17:0x00000000 x29=0x00000000
     144995.000 ns	     14498	80003374	01f5b433	sltu	x8,x11,x31	 x11:0x63b9a358 x31:0x00000000  x8=0x00000000
     145005.000 ns	     14499	80003378	9903a193	slti	x3,x7,-1648	  x7:0x07fff8e4  x3=0x00000000
     145015.000 ns	     14500	8000337c	00622733	slt	x14,x4,x6	  x4:0x80000000  x6:0x27e01002 x14=0x00000001
     145055.000 ns	     14504	80003380	08f179d3	fsub.s	f19,f2,f15	  f2:0xffc00000 f15:0x00000001 f19=0x7fc00000
     145085.000 ns	     14507	80003384	d01b7ad3	fcvt.s.wu	f21,x22	 x22:0x00000000 f21=0x00000000
     145115.000 ns	     14510	80003388	02540e33	mul	x28,x8,x5	  x8:0x00000000  x5:0x000481a4 x28=0x00000000
     145135.000 ns	     14512	8000338c	f9bf0097	auipc	x1,0xf9bf0	  x1=0x79bf338c
     145155.000 ns	     14514	80003390	e0018cd3	fmv.x.w	x25,f3	  f3:0xffc00000 x25=0xffc00000
     145175.000 ns	     14516	80003394	418b5fb3	sra	x31,x22,x24	 x22:0x00000000 x24:0xa7e01001 x31=0x00000000
     145195.000 ns	     14518	80003398	21211ed3	fsgnjn.s	f29,f2,f18	  f2:0xffc00000 f18:0x00000000 f29=0xffc00000
     145225.000 ns	     14521	8000339c	c019b1d3	fcvt.wu.s	x3,f19	 f19:0x7fc00000  x3=0xffffffff
     145245.000 ns	     14523	800033a0	47cb4893	xori	x17,x22,1148	 x22:0x00000000 x17=0x0000047c
     145255.000 ns	     14524	800033a4	00000013	addi	x0,x0,0	  x0:0x00000000
     145275.000 ns	     14526	800033a8	d0167bd3	fcvt.s.wu	f23,x12	 x12:0xffffffff f23=0x4f7fffff
     145295.000 ns	     14528	800033ac	01265093	srli	x1,x12,0x12	 x12:0xffffffff  x1=0x00003fff
     145305.000 ns	     14529	800033b0	015fe3b3	or	x7,x31,x21	 x31:0x00000000 x21:0xa7e01001  x7=0xa7e01001
     145315.000 ns	     14530	800033b4	68f5ad13	slti	x26,x11,1679	 x11:0x63b9a358 x26=0x00000000
     145335.000 ns	     14532	800033b8	e00d00d3	fmv.x.w	x1,f26	 f26:0xcefff7df  x1=0xcefff7df
     145355.000 ns	     14534	800033bc	401c5013	srai	x0,x24,0x1	 x24:0xa7e01001
     145365.000 ns	     14535	800033c0	00928733	add	x14,x5,x9	  x5:0x000481a4  x9:0x7fc00000 x14=0x7fc481a4
     145395.000 ns	     14538	800033c4	10207dd3	fmul.s	f27,f0,f2	  f0:0x7fc00000  f2:0xffc00000 f27=0x7fc00000
     145415.000 ns	     14540	800033c8	00000013	addi	x0,x0,0	  x0:0x00000000
     145455.000 ns	     14544	800033cc	08240a53	fsub.s	f20,f8,f2	  f8:0x6393b000  f2:0xffc00000 f20=0x7fc00000
     145485.000 ns	     14547	800033d0	e0099c53	fclass.s	x24,f19	 f19:0x7fc00000 x24=0x00000200
     145505.000 ns	     14549	800033d4	41a6d2b3	sra	x5,x13,x26	 x13:0x00000000 x26:0x00000000  x5=0x00000000
     145525.000 ns	     14551	800033d8	296890d3	fmax.s	f1,f17,f22	 f17:0x7fc00000 f22:0x7fc00000  f1=0x7fc00000
     145555.000 ns	     14554	800033dc	c01ffbd3	fcvt.wu.s	x23,f31	 f31:0x7fc00000 x23=0xffffffff
     145575.000 ns	     14556	800033e0	018697b3	sll	x15,x13,x24	 x13:0x00000000 x24:0x00000200 x15=0x00000000
     145585.000 ns	     14557	800033e4	a30e4f93	xori	x31,x28,-1488	 x28:0x00000000 x31=0xfffffa30
     145605.000 ns	     14559	800033e8	e00d9ad3	fclass.s	x21,f27	 f27:0x7fc00000 x21=0x00000200
     145625.000 ns	     14561	800033ec	12d5ca93	xori	x21,x11,301	 x11:0x63b9a358 x21=0x63b9a275
     145635.000 ns	     14562	800033f0	7fcb4013	xori	x0,x22,2044	 x22:0x00000000
     145655.000 ns	     14564	800033f4	03913f33	mulhu	x30,x2,x25	  x2:0x00000000 x25:0xffc00000 x30=0x00000000
     145685.000 ns	     14567	800033f8	20272ad3	fsgnjx.s	f21,f14,f2	 f14:0x7fc00000  f2:0xffc00000 f21=0xffc00000
     145715.000 ns	     14570	800033fc	027513b3	mulh	x7,x10,x7	 x10:0x80040fe4  x7:0xa7e01001  x7=0x2c0e9207
     145745.000 ns	     14573	80003400	0202dcb3	divu	x25,x5,x0	  x5:0x00000000  x0:0x00000000 x25=0xffffffff
     145775.000 ns	     14576	80003404	c006f453	fcvt.w.s	x8,f13	 f13:0x7fc00000  x8=0x7fffffff
     145805.000 ns	     14579	80003408	a0c710d3	flt.s	x1,f14,f12	 f14:0x7fc00000 f12:0xcefff7e1  x1=0x00000000
     145845.000 ns	     14583	8000340c	19a31853	fdiv.s	f16,f6,f26	  f6:0x00000000 f26:0xcefff7df f16=0x80000000
     145885.000 ns	     14587	80003410	1953fc53	fdiv.s	f24,f7,f21	  f7:0x7fc00000 f21:0xffc00000 f24=0x7fc00000
     145915.000 ns	     14590	80003414	200b17d3	fsgnjn.s	f15,f22,f0	 f22:0x7fc00000  f0:0x7fc00000 f15=0xffc00000
     145935.000 ns	     14592	80003418	1868c493	xori	x9,x17,390	 x17:0x0000047c  x9=0x000005fa
     145945.000 ns	     14593	8000341c	014f5993	srli	x19,x30,0x14	 x30:0x00000000 x19=0x00000000
     145965.000 ns	     14595	80003420	29b49c53	fmax.s	f24,f9,f27	  f9:0x7fc00000 f27:0x7fc00000 f24=0x7fc00000
     145995.000 ns	     14598	80003424	03aadf33	divu	x30,x21,x26	 x21:0x63b9a275 x26:0x00000000 x30=0xffffffff
     146015.000 ns	     14600	80003428	01506033	or	x0,x0,x21	  x0:0x00000000 x21:0x63b9a275
     146035.000 ns	     14602	8000342c	f0078453	fmv.w.x	f8,x15	 x15:0x00000000  f8=0x00000000
     146065.000 ns	     14605	80003430	29509e53	fmax.s	f28,f1,f21	  f1:0x7fc00000 f21:0xffc00000 f28=0x7fc00000
     146085.000 ns	     14607	80003434	0014e433	or	x8,x9,x1	  x9:0x000005fa  x1:0x00000000  x8=0x000005fa
     146445.000 ns	     14643	80003438	0265cab3	div	x21,x11,x6	 x11:0x63b9a358  x6:0x27e01002 x21=0x00000002
     146485.000 ns	     14647	8000343c	1823fe53	fdiv.s	f28,f7,f2	  f7:0x7fc00000  f2:0xffc00000 f28=0x7fc00000
     146525.000 ns	     14651	80003440	11497ad3	fmul.s	f21,f18,f20	 f18:0x00000000 f20:0x7fc00000 f21=0x7fc00000
     146555.000 ns	     14654	80003444	a0fdacd3	feq.s	x25,f27,f15	 f27:0x7fc00000 f15:0xffc00000 x25=0x00000000
     146575.000 ns	     14656	80003448	01639593	slli	x11,x7,0x16	  x7:0x2c0e9207 x11=0x81c00000
     146595.000 ns	     14658	8000344c	027c3d33	mulhu	x26,x24,x7	 x24:0x00000200  x7:0x2c0e9207 x26=0x00000058
     146615.000 ns	     14660	80003450	008f9b93	slli	x23,x31,0x8	 x31:0xfffffa30 x23=0xfffa3000
     146635.000 ns	     14662	80003454	210f2653	fsgnjx.s	f12,f30,f16	 f30:0x7fc00000 f16:0x80000000 f12=0xffc00000
     146655.000 ns	     14664	80003458	e7680393	addi	x7,x16,-394	 x16:0x00000001  x7=0xfffffe77
     147825.000 ns	     14781	8000345c	580bf2d3	fsqrt.s	f5,f23	 f23:0x4f7fffff  f5=0x47350461
     147845.000 ns	     14783	80003460	00000013	addi	x0,x0,0	  x0:0x00000000
     147855.000 ns	     14784	80003464	a3666893	ori	x17,x12,-1482	 x12:0xffffffff x17=0xffffffff
     147865.000 ns	     14785	80003468	21608093	addi	x1,x1,534	  x1:0x00000000  x1=0x00000216
     148225.000 ns	     14821	8000346c	02ce4ab3	div	x21,x28,x12	 x28:0x00000000 x12:0xffffffff x21=0x00000000
     148255.000 ns	     14824	80003470	020f85b3	mul	x11,x31,x0	 x31:0xfffffa30  x0:0x00000000 x11=0x00000000
     148275.000 ns	     14826	80003474	3cf25317	auipc	x6,0x3cf25	  x6=0xbcf28474
     148285.000 ns	     14827	80003478	00d81433	sll	x8,x16,x13	 x16:0x00000001 x13:0x00000000  x8=0x00000001
     148295.000 ns	     14828	8000347c	01cd4b33	xor	x22,x26,x28	 x26:0x00000058 x28:0x00000000 x22=0x00000058
     148315.000 ns	     14830	80003480	296f8753	fmin.s	f14,f31,f22	 f31:0x7fc00000 f22:0x7fc00000 f14=0x7fc00000
     148355.000 ns	     14834	80003484	580dcdd3	fsqrt.s	f27,f27	 f27:0x7fc00000 f27=0x7fc00000
     148385.000 ns	     14837	80003488	286898d3	fmax.s	f17,f17,f6	 f17:0x7fc00000  f6:0x00000000 f17=0x00000000
     148405.000 ns	     14839	8000348c	dbe16093	ori	x1,x2,-578	  x2:0x00000000  x1=0xfffffdbe
     148415.000 ns	     14840	80003490	0009b4b3	sltu	x9,x19,x0	 x19:0x00000000  x0:0x00000000  x9=0x00000000
     148435.000 ns	     14842	80003494	a1261bd3	flt.s	x23,f12,f18	 f12:0xffc00000 f18:0x00000000 x23=0x00000000
     148465.000 ns	     14845	80003498	c00e7153	fcvt.w.s	x2,f28	 f28:0x7fc00000  x2=0x7fffffff
     148505.000 ns	     14849	8000349c	58051653	fsqrt.s	f12,f10	 f10:0x7fc00000 f12=0x7fc00000
     148525.000 ns	     14851	800034a0	40cfd613	srai	x12,x31,0xc	 x31:0xfffffa30 x12=0xffffffff
     148545.000 ns	     14853	800034a4	038a9d33	mulh	x26,x21,x24	 x21:0x00000000 x24:0x00000200 x26=0x00000000
     148565.000 ns	     14855	800034a8	68b06f13	ori	x30,x0,1675	  x0:0x00000000 x30=0x0000068b
     148575.000 ns	     14856	800034ac	e1ad7413	andi	x8,x26,-486	 x26:0x00000000  x8=0x00000000
     148595.000 ns	     14858	800034b0	20968d53	fsgnj.s	f26,f13,f9	 f13:0x7fc00000  f9:0x7fc00000 f26=0x7fc00000
     148625.000 ns	     14861	800034b4	a0c3ad53	feq.s	x26,f7,f12	  f7:0x7fc00000 f12:0x7fc00000 x26=0x00000000
     148645.000 ns	     14863	800034b8	407cd233	sra	x4,x25,x7	 x25:0x00000000  x7:0xfffffe77  x4=0x00000000
     148655.000 ns	     14864	800034bc	41c78bb3	sub	x23,x15,x28	 x15:0x00000000 x28:0x00000000 x23=0x00000000
     148665.000 ns	     14865	800034c0	b6e298b7	lui	x17,0xb6e29	 x17=0xb6e29000
     148705.000 ns	     14869	800034c4	01cd3fd3	fadd.s	f31,f26,f28	 f26:0x7fc00000 f28:0x7fc00000 f31=0x7fc00000
     148725.000 ns	     14871	800034c8	151ecd13	xori	x26,x29,337	 x29:0x00000000 x26=0x00000151
     148745.000 ns	     14873	800034cc	037effb3	remu	x31,x29,x23	 x29:0x00000000 x23:0x00000000 x31=0x00000000
     148775.000 ns	     14876	800034d0	a0779653	flt.s	x12,f15,f7	 f15:0xffc00000  f7:0x7fc00000 x12=0x00000000
     148795.000 ns	     14878	800034d4	f4358693	addi	x13,x11,-189	 x11:0x00000000 x13=0xffffff43
     148815.000 ns	     14880	800034d8	a124a3d3	feq.s	x7,f9,f18	  f9:0x7fc00000 f18:0x00000000  x7=0x00000000
     148835.000 ns	     14882	800034dc	57086113	ori	x2,x16,1392	 x16:0x00000001  x2=0x00000571
     148855.000 ns	     14884	800034e0	e0080753	fmv.x.w	x14,f16	 f16:0x80000000 x14=0x80000000
     148895.000 ns	     14888	800034e4	580c7bd3	fsqrt.s	f23,f24	 f24:0x7fc00000 f23=0x7fc00000
     148915.000 ns	     14890	800034e8	01c9d093	srli	x1,x19,0x1c	 x19:0x00000000  x1=0x00000000
     149275.000 ns	     14926	800034ec	0341c3b3	div	x7,x3,x20	  x3:0xffffffff x20:0xa202344a  x7=0x00000000
     149295.000 ns	     14928	800034f0	7b82e813	ori	x16,x5,1976	  x5:0x00000000 x16=0x000007b8
     149315.000 ns	     14930	800034f4	d0070dd3	fcvt.s.w	f27,x14	 x14:0x80000000 f27=0xcf000000
     149365.000 ns	     14935	800034f8	004a7453	fadd.s	f8,f20,f4	 f20:0x7fc00000  f4:0xffc00000  f8=0x7fc00000
     149415.000 ns	     14940	800034fc	01482553	fadd.s	f10,f16,f20	 f16:0x80000000 f20:0x7fc00000 f10=0x7fc00000
     149785.000 ns	     14977	80003500	02a4f3b3	remu	x7,x9,x10	  x9:0x00000000 x10:0x80040fe4  x7=0x00000000
     149805.000 ns	     14979	80003504	01c395b3	sll	x11,x7,x28	  x7:0x00000000 x28:0x00000000 x11=0x00000000
     149825.000 ns	     14981	80003508	21631f53	fsgnjn.s	f30,f6,f22	  f6:0x00000000 f22:0x7fc00000 f30=0x80000000
     149845.000 ns	     14983	8000350c	a17df493	andi	x9,x27,-1513	 x27:0xf8000000  x9=0xf8000000
     149855.000 ns	     14984	80003510	1609e893	ori	x17,x19,352	 x19:0x00000000 x17=0x00000160
     149865.000 ns	     14985	80003514	84e82d13	slti	x26,x16,-1970	 x16:0x000007b8 x26=0x00000000
     149885.000 ns	     14987	80003518	f0048f53	fmv.w.x	f30,x9	  x9:0xf8000000 f30=0xf8000000
     149915.000 ns	     14990	8000351c	02cb78b3	remu	x17,x22,x12	 x22:0x00000058 x12:0x00000000 x17=0x00000058
     149945.000 ns	     14993	80003520	c01a3d53	fcvt.wu.s	x26,f20	 f20:0x7fc00000 x26=0xffffffff
     149975.000 ns	     14996	80003524	c004f8d3	fcvt.w.s	x17,f9	  f9:0x7fc00000 x17=0x7fffffff
     149995.000 ns	     14998	80003528	402109b3	sub	x19,x2,x2	  x2:0x00000571  x2:0x00000571 x19=0x00000000
     150005.000 ns	     14999	8000352c	40940fb3	sub	x31,x8,x9	  x8:0x00000000  x9:0xf8000000 x31=0x08000000
     150025.000 ns	     15001	80003530	e0068d53	fmv.x.w	x26,f13	 f13:0x7fc00000 x26=0x7fc00000
     150045.000 ns	     15003	80003534	33e17e37	lui	x28,0x33e17	 x28=0x33e17000
     150085.000 ns	     15007	80003538	084281d3	fsub.s	f3,f5,f4	  f5:0x47350461  f4:0xffc00000  f3=0x7fc00000
     150105.000 ns	     15009	8000353c	ae850f93	addi	x31,x10,-1304	 x10:0x80040fe4 x31=0x80040acc
     150115.000 ns	     15010	80003540	39833f13	sltiu	x30,x6,920	  x6:0xbcf28474 x30=0x00000000
     150135.000 ns	     15012	80003544	02c96833	rem	x16,x18,x12	 x18:0x80041024 x12:0x00000000 x16=0x80041024
     150155.000 ns	     15014	80003548	412b0cb3	sub	x25,x22,x18	 x22:0x00000058 x18:0x80041024 x25=0x7ffbf034
     150165.000 ns	     15015	8000354c	4013d0b3	sra	x1,x7,x1	  x7:0x00000000  x1:0x00000000  x1=0x00000000
     150175.000 ns	     15016	80003550	2a868617	auipc	x12,0x2a868	 x12=0xaa86b550
     150195.000 ns	     15018	80003554	212d1a53	fsgnjn.s	f20,f26,f18	 f26:0x7fc00000 f18:0x00000000 f20=0xffc00000
     150215.000 ns	     15020	80003558	01ff2233	slt	x4,x30,x31	 x30:0x00000000 x31:0x80040acc  x4=0x00000000
     150575.000 ns	     15056	8000355c	026a7333	remu	x6,x20,x6	 x20:0xa202344a  x6:0xbcf28474  x6=0xa202344a
     150605.000 ns	     15059	80003560	d01e1853	fcvt.s.wu	f16,x28	 x28:0x33e17000 f16=0x4e4f85c0
     150625.000 ns	     15061	80003564	014b88b3	add	x17,x23,x20	 x23:0x00000000 x20:0xa202344a x17=0xa202344a
     150645.000 ns	     15063	80003568	a1059753	flt.s	x14,f11,f16	 f11:0x7fc00000 f16:0x4e4f85c0 x14=0x00000000
     150675.000 ns	     15066	8000356c	c00835d3	fcvt.w.s	x11,f16	 f16:0x4e4f85c0 x11=0x33e17000
     150705.000 ns	     15069	80003570	02732d33	mulhsu	x26,x6,x7	  x6:0xa202344a  x7:0x00000000 x26=0x00000000
     150745.000 ns	     15073	80003574	112a7b53	fmul.s	f22,f20,f18	 f20:0xffc00000 f18:0x00000000 f22=0x7fc00000
     150765.000 ns	     15075	80003578	630d2793	slti	x15,x26,1584	 x26:0x00000000 x15=0x00000001
     150785.000 ns	     15077	8000357c	02e80833	mul	x16,x16,x14	 x16:0x80041024 x14:0x00000000 x16=0x00000000
     150805.000 ns	     15079	80003580	001acab3	xor	x21,x21,x1	 x21:0x00000000  x1:0x00000000 x21=0x00000000
     150825.000 ns	     15081	80003584	29d78f53	fmin.s	f30,f15,f29	 f15:0xffc00000 f29:0xffc00000 f30=0x7fc00000
     150855.000 ns	     15084	80003588	29bd8ed3	fmin.s	f29,f27,f27	 f27:0xcf000000 f27:0xcf000000 f29=0xcf000000
     150875.000 ns	     15086	8000358c	00000013	addi	x0,x0,0	  x0:0x00000000
     151235.000 ns	     15122	80003590	02abc033	div	x0,x23,x10	 x23:0x00000000 x10:0x80040fe4
     151265.000 ns	     15125	80003594	d0099c53	fcvt.s.w	f24,x19	 x19:0x00000000 f24=0x00000000
     151285.000 ns	     15127	80003598	414a5433	sra	x8,x20,x20	 x20:0xa202344a x20:0xa202344a  x8=0xffe8808d
     151305.000 ns	     15129	8000359c	0356eb33	rem	x22,x13,x21	 x13:0xffffff43 x21:0x00000000 x22=0xffffff43
     151675.000 ns	     15166	800035a0	02354ab3	div	x21,x10,x3	 x10:0x80040fe4  x3:0xffffffff x21=0x7ffbf01c
     151695.000 ns	     15168	800035a4	a61ba113	slti	x2,x23,-1439	 x23:0x00000000  x2=0x00000000
     152055.000 ns	     15204	800035a8	02b6e7b3	rem	x15,x13,x11	 x13:0xffffff43 x11:0x33e17000 x15=0xffffff43
     152095.000 ns	     15208	800035ac	580c9bd3	fsqrt.s	f23,f25	 f25:0x00000000 f23=0x00000000
     152115.000 ns	     15210	800035b0	444e0713	addi	x14,x28,1092	 x28:0x33e17000 x14=0x33e17444
     152135.000 ns	     15212	800035b4	20c328d3	fsgnjx.s	f17,f6,f12	  f6:0x00000000 f12:0x7fc00000 f17=0x00000000
     152175.000 ns	     15216	800035b8	5804bc53	fsqrt.s	f24,f9	  f9:0x7fc00000 f24=0x7fc00000
     152195.000 ns	     15218	800035bc	00dd5333	srl	x6,x26,x13	 x26:0x00000000 x13:0xffffff43  x6=0x00000000
     152215.000 ns	     15220	800035c0	d013fad3	fcvt.s.wu	f21,x7	  x7:0x00000000 f21=0x00000000
     152585.000 ns	     15257	800035c4	03f24b33	div	x22,x4,x31	  x4:0x00000000 x31:0x80040acc x22=0x00000000
     152605.000 ns	     15259	800035c8	00a238b3	sltu	x17,x4,x10	  x4:0x00000000 x10:0x80040fe4 x17=0x00000001
     152625.000 ns	     15261	800035cc	c01cfad3	fcvt.wu.s	x21,f25	 f25:0x00000000 x21=0x00000000
     152645.000 ns	     15263	800035d0	01de8ab3	add	x21,x29,x29	 x29:0x00000000 x29:0x00000000 x21=0x00000000
     152655.000 ns	     15264	800035d4	aa2ba013	slti	x0,x23,-1374	 x23:0x00000000
     152665.000 ns	     15265	800035d8	41a50b33	sub	x22,x10,x26	 x10:0x80040fe4 x26:0x00000000 x22=0x80040fe4
     152685.000 ns	     15267	800035dc	039dad33	mulhsu	x26,x27,x25	 x27:0xf8000000 x25:0x7ffbf034 x26=0xfc00207e
     152705.000 ns	     15269	800035e0	01d1d1b3	srl	x3,x3,x29	  x3:0xffffffff x29:0x00000000  x3=0xffffffff
     152725.000 ns	     15271	800035e4	d01a7953	fcvt.s.wu	f18,x20	 x20:0xa202344a f18=0x4f220234
     152755.000 ns	     15274	800035e8	02628c33	mul	x24,x5,x6	  x5:0x00000000  x6:0x00000000 x24=0x00000000
     152785.000 ns	     15277	800035ec	29b01a53	fmax.s	f20,f0,f27	  f0:0x7fc00000 f27:0xcf000000 f20=0xcf000000
     152815.000 ns	     15280	800035f0	a0cc8b53	fle.s	x22,f25,f12	 f25:0x00000000 f12:0x7fc00000 x22=0x00000000
     152835.000 ns	     15282	800035f4	0122dcb3	srl	x25,x5,x18	  x5:0x00000000 x18:0x80041024 x25=0x00000000
     152845.000 ns	     15283	800035f8	46625c97	auipc	x25,0x46625	 x25=0xc66285f8
     152855.000 ns	     15284	800035fc	004fceb3	xor	x29,x31,x4	 x31:0x80040acc  x4:0x00000000 x29=0x80040acc
     152875.000 ns	     15286	80003600	a103ab53	feq.s	x22,f7,f16	  f7:0x7fc00000 f16:0x4e4f85c0 x22=0x00000000
     152905.000 ns	     15289	80003604	c0161e53	fcvt.wu.s	x28,f12	 f12:0x7fc00000 x28=0xffffffff
     152925.000 ns	     15291	80003608	4117df13	srai	x30,x15,0x11	 x15:0xffffff43 x30=0xffffffff
     152945.000 ns	     15293	8000360c	a1ab04d3	fle.s	x9,f22,f26	 f22:0x7fc00000 f26:0x7fc00000  x9=0x00000000
     152975.000 ns	     15296	80003610	e0018fd3	fmv.x.w	x31,f3	  f3:0x7fc00000 x31=0x7fc00000
     152995.000 ns	     15298	80003614	007cc1b3	xor	x3,x25,x7	 x25:0xc66285f8  x7:0x00000000  x3=0xc66285f8
     153015.000 ns	     15300	80003618	f0080fd3	fmv.w.x	f31,x16	 x16:0x00000000 f31=0x00000000
     153065.000 ns	     15305	8000361c	08a97d53	fsub.s	f26,f18,f10	 f18:0x4f220234 f10:0x7fc00000 f26=0x7fc00000
     153115.000 ns	     15310	80003620	09883253	fsub.s	f4,f16,f24	 f16:0x4e4f85c0 f24:0x7fc00000  f4=0x7fc00000
     153145.000 ns	     15313	80003624	298902d3	fmin.s	f5,f18,f24	 f18:0x4f220234 f24:0x7fc00000  f5=0x4f220234
     153165.000 ns	     15315	80003628	01e2fe33	and	x28,x5,x30	  x5:0x00000000 x30:0xffffffff x28=0x00000000
     153185.000 ns	     15317	8000362c	02ce1433	mulh	x8,x28,x12	 x28:0xffffffff x12:0xaa86b550  x8=0x00000000
     153215.000 ns	     15320	80003630	03375133	divu	x2,x14,x19	 x14:0x33e17444 x19:0x00000000  x2=0xffffffff
     153235.000 ns	     15322	80003634	01f25593	srli	x11,x4,0x1f	  x4:0x00000000 x11=0x00000000
     153255.000 ns	     15324	80003638	024d4733	div	x14,x26,x4	 x26:0xfc00207e  x4:0x00000000 x14=0xffffffff
     153625.000 ns	     15361	8000363c	03abfab3	remu	x21,x23,x26	 x23:0x00000000 x26:0xfc00207e x21=0x00000000
     153665.000 ns	     15365	80003640	58057bd3	fsqrt.s	f23,f10	 f10:0x7fc00000 f23=0x7fc00000
     153685.000 ns	     15367	80003644	0155db93	srli	x23,x11,0x15	 x11:0x00000000 x23=0x00000000
     153695.000 ns	     15368	80003648	01d183b3	add	x7,x3,x29	  x3:0xc66285f8 x29:0x80040acc  x7=0x466690c4
     153705.000 ns	     15369	8000364c	e4950737	lui	x14,0xe4950	 x14=0xe4950000
     153715.000 ns	     15370	80003650	06ded6b7	lui	x13,0x6ded	 x13=0x06ded000
     153725.000 ns	     15371	80003654	011a5d13	srli	x26,x20,0x11	 x20:0xa202344a x26=0x00005101
     153745.000 ns	     15373	80003658	29da1dd3	fmax.s	f27,f20,f29	 f20:0xcf000000 f29:0xcf000000 f27=0xcf000000
     153775.000 ns	     15376	8000365c	a0b89153	flt.s	x2,f17,f11	 f17:0x00000000 f11:0x7fc00000  x2=0x00000000
     153795.000 ns	     15378	80003660	010da3b3	slt	x7,x27,x16	 x27:0xf8000000 x16:0x00000000  x7=0x00000001
     153815.000 ns	     15380	80003664	a112a9d3	feq.s	x19,f5,f17	  f5:0x4f220234 f17:0x00000000 x19=0x00000000
     153845.000 ns	     15383	80003668	035cce33	div	x28,x25,x21	 x25:0xc66285f8 x21:0x00000000 x28=0xffffffff
     153865.000 ns	     15385	8000366c	00c6dd93	srli	x27,x13,0xc	 x13:0x06ded000 x27=0x00006ded
     153875.000 ns	     15386	80003670	40cdd993	srai	x19,x27,0xc	 x27:0xf8000000 x19=0x00000006
     153885.000 ns	     15387	80003674	01bc03b3	add	x7,x24,x27	 x24:0x00000000 x27:0xf8000000  x7=0x00006ded
     153905.000 ns	     15389	80003678	f00f09d3	fmv.w.x	f19,x30	 x30:0xffffffff f19=0xffffffff
     153925.000 ns	     15391	8000367c	0071dbb3	srl	x23,x3,x7	  x3:0xc66285f8  x7:0x00000001 x23=0x00063314
     153935.000 ns	     15392	80003680	40d8de93	srai	x29,x17,0xd	 x17:0x00000001 x29=0x00000000
     153955.000 ns	     15394	80003684	a17291d3	flt.s	x3,f5,f23	  f5:0x4f220234 f23:0x7fc00000  x3=0x00000000
     153975.000 ns	     15396	80003688	87272493	slti	x9,x14,-1934	 x14:0xe4950000  x9=0x00000001
     153985.000 ns	     15397	8000368c	afa9f293	andi	x5,x19,-1286	 x19:0x00000006  x5=0x00000002
     153995.000 ns	     15398	80003690	e14d3d13	sltiu	x26,x26,-492	 x26:0x00005101 x26=0x00000001
     154015.000 ns	     15400	80003694	20020053	fsgnj.s	f0,f4,f0	  f4:0x7fc00000  f0:0x7fc00000  f0=0x7fc00000
     154035.000 ns	     15402	80003698	01fa7db3	and	x27,x20,x31	 x20:0xa202344a x31:0x7fc00000 x27=0x22000000
     154045.000 ns	     15403	8000369c	013b84b3	add	x9,x23,x19	 x23:0x00063314 x19:0x00000006  x9=0x0006331a
     154055.000 ns	     15404	800036a0	00000013	addi	x0,x0,0	  x0:0x00000000
     154065.000 ns	     15405	800036a4	409c5eb3	sra	x29,x24,x9	 x24:0x00000000  x9:0x00000001 x29=0x00000000
     154425.000 ns	     15441	800036a8	032bdc33	divu	x24,x23,x18	 x23:0x00063314 x18:0x80041024 x24=0x00000000
     154455.000 ns	     15444	800036ac	02c9a833	mulhsu	x16,x19,x12	 x19:0x00000006 x12:0xaa86b550 x16=0x00000003
     154485.000 ns	     15447	800036b0	a0960b53	fle.s	x22,f12,f9	 f12:0x7fc00000  f9:0x7fc00000 x22=0x00000000
     154515.000 ns	     15450	800036b4	037382b3	mul	x5,x7,x23	  x7:0x00006ded x23:0x00063314  x5=0xa97ccd84
     154545.000 ns	     15453	800036b8	21e327d3	fsgnjx.s	f15,f6,f30	  f6:0x00000000 f30:0x7fc00000 f15=0x00000000
     154575.000 ns	     15456	800036bc	e0040dd3	fmv.x.w	x27,f8	  f8:0x7fc00000 x27=0x7fc00000
     154595.000 ns	     15458	800036c0	00cd1993	slli	x19,x26,0xc	 x26:0x00000001 x19=0x00001000
     154615.000 ns	     15460	800036c4	c00f79d3	fcvt.w.s	x19,f30	 f30:0x7fc00000 x19=0x7fffffff
     154645.000 ns	     15463	800036c8	c01f0d53	fcvt.wu.s	x26,f30	 f30:0x7fc00000 x26=0xffffffff
     154675.000 ns	     15466	800036cc	03605633	divu	x12,x0,x22	  x0:0x00000000 x22:0x00000000 x12=0xffffffff
     154705.000 ns	     15469	800036d0	026a5033	divu	x0,x20,x6	 x20:0xa202344a  x6:0x00000000
     154735.000 ns	     15472	800036d4	d0041453	fcvt.s.w	f8,x8	  x8:0x00000000  f8=0x00000000
     154755.000 ns	     15474	800036d8	00d35f13	srli	x30,x6,0xd	  x6:0x00000000 x30=0x00000000
     154775.000 ns	     15476	800036dc	c0163053	fcvt.wu.s	x0,f12	 f12:0x7fc00000
     154805.000 ns	     15479	800036e0	a0ba91d3	flt.s	x3,f21,f11	 f21:0x00000000 f11:0x7fc00000  x3=0x00000000
     154825.000 ns	     15481	800036e4	0040dd13	srli	x26,x1,0x4	  x1:0x00000000 x26=0x00000000
     154845.000 ns	     15483	800036e8	c0088ad3	fcvt.w.s	x21,f17	 f17:0x00000000 x21=0x00000000
     154865.000 ns	     15485	800036ec	01c9dfb3	srl	x31,x19,x28	 x19:0x7fffffff x28:0xffffffff x31=0x00000000
     154885.000 ns	     15487	800036f0	a1f6ac53	feq.s	x24,f13,f31	 f13:0x7fc00000 f31:0x00000000 x24=0x00000000
     154905.000 ns	     15489	800036f4	01f237b3	sltu	x15,x4,x31	  x4:0x00000000 x31:0x7fc00000 x15=0x00000000
     154925.000 ns	     15491	800036f8	03590833	mul	x16,x18,x21	 x18:0x80041024 x21:0x00000000 x16=0x00000000
     154955.000 ns	     15494	800036fc	02d22033	mulhsu	x0,x4,x13	  x4:0x00000000 x13:0x06ded000
     154985.000 ns	     15497	80003700	03462cb3	mulhsu	x25,x12,x20	 x12:0xffffffff x20:0xa202344a x25=0xffffffff
     155005.000 ns	     15499	80003704	45846313	ori	x6,x8,1112	  x8:0x00000000  x6=0x00000458
     155025.000 ns	     15501	80003708	030a2eb3	mulhsu	x29,x20,x16	 x20:0xa202344a x16:0x00000000 x29=0x00000000
     155065.000 ns	     15505	8000370c	58003753	fsqrt.s	f14,f0	  f0:0x7fc00000 f14=0x7fc00000
     155095.000 ns	     15508	80003710	03d3dab3	divu	x21,x7,x29	  x7:0x00006ded x29:0x00000000 x21=0xffffffff
     155125.000 ns	     15511	80003714	299817d3	fmax.s	f15,f16,f25	 f16:0x4e4f85c0 f25:0x00000000 f15=0x4e4f85c0
     155145.000 ns	     15513	80003718	41ff3c13	sltiu	x24,x30,1055	 x30:0x00000000 x24=0x00000001
     155155.000 ns	     15514	8000371c	0126bb33	sltu	x22,x13,x18	 x13:0x06ded000 x18:0x80041024 x22=0x00000001
     155175.000 ns	     15516	80003720	03823db3	mulhu	x27,x4,x24	  x4:0x00000000 x24:0x00000000 x27=0x00000000
     155195.000 ns	     15518	80003724	01c21fb3	sll	x31,x4,x28	  x4:0x00000000 x28:0xffffffff x31=0x00000000
     155205.000 ns	     15519	80003728	41dcd0b3	sra	x1,x25,x29	 x25:0xffffffff x29:0x00000000  x1=0xffffffff
     155215.000 ns	     15520	8000372c	0009d3b3	srl	x7,x19,x0	 x19:0x7fffffff  x0:0x00000000  x7=0x7fffffff
     155225.000 ns	     15521	80003730	01d5fdb3	and	x27,x11,x29	 x11:0x00000000 x29:0x00000000 x27=0x00000000
     155255.000 ns	     15524	80003734	11d8b9d3	fmul.s	f19,f17,f29	 f17:0x00000000 f29:0xcf000000 f19=0x80000000
     155305.000 ns	     15529	80003738	08d2fa53	fsub.s	f20,f5,f13	  f5:0x4f220234 f13:0x7fc00000 f20=0x7fc00000
     155325.000 ns	     15531	8000373c	0087b6b3	sltu	x13,x15,x8	 x15:0x00000000  x8:0x00000000 x13=0x00000000
     155335.000 ns	     15532	80003740	bc441a97	auipc	x21,0xbc441	 x21=0x3c444740
     155345.000 ns	     15533	80003744	40cd0233	sub	x4,x26,x12	 x26:0x00000000 x12:0xffffffff  x4=0x00000001
     155365.000 ns	     15535	80003748	a0adaad3	feq.s	x21,f27,f10	 f27:0xcf000000 f10:0x7fc00000 x21=0x00000000
     155385.000 ns	     15537	8000374c	41dc5733	sra	x14,x24,x29	 x24:0x00000001 x29:0x00000000 x14=0x00000001
     155395.000 ns	     15538	80003750	6e296293	ori	x5,x18,1762	 x18:0x80041024  x5=0x800416e6
     155405.000 ns	     15539	80003754	01d1c7b3	xor	x15,x3,x29	  x3:0x00000000 x29:0x00000000 x15=0x00000000
     155415.000 ns	     15540	80003758	404b5613	srai	x12,x22,0x4	 x22:0x00000001 x12=0x00000000
     155435.000 ns	     15542	8000375c	c01cf8d3	fcvt.wu.s	x17,f25	 f25:0x00000000 x17=0x00000000
     155465.000 ns	     15545	80003760	28e68d53	fmin.s	f26,f13,f14	 f13:0x7fc00000 f14:0x7fc00000 f26=0x7fc00000
     155495.000 ns	     15548	80003764	c010f353	fcvt.wu.s	x6,f1	  f1:0x7fc00000  x6=0xffffffff
     155515.000 ns	     15550	80003768	00caef33	or	x30,x21,x12	 x21:0x00000000 x12:0x00000000 x30=0x00000000
     155525.000 ns	     15551	8000376c	00771c33	sll	x24,x14,x7	 x14:0x00000001  x7:0x7fffffff x24=0x80000000
     155545.000 ns	     15553	80003770	28d01653	fmax.s	f12,f0,f13	  f0:0x7fc00000 f13:0x7fc00000 f12=0x7fc00000
     155915.000 ns	     15590	80003774	034f4eb3	div	x29,x30,x20	 x30:0x00000000 x20:0xa202344a x29=0x00000000
     155945.000 ns	     15593	80003778	29b88fd3	fmin.s	f31,f17,f27	 f17:0x00000000 f27:0xcf000000 f31=0xcf000000
     155975.000 ns	     15596	8000377c	f00c0553	fmv.w.x	f10,x24	 x24:0x80000000 f10=0x80000000
     156005.000 ns	     15599	80003780	d00072d3	fcvt.s.w	f5,x0	  x0:0x00000000  f5=0x00000000
     156025.000 ns	     15601	80003784	40ead9b3	sra	x19,x21,x14	 x21:0x00000000 x14:0x00000001 x19=0x00000000
     156035.000 ns	     15602	80003788	007d3f33	sltu	x30,x26,x7	 x26:0x00000000  x7:0x7fffffff x30=0x00000001
     156045.000 ns	     15603	8000378c	4175d193	srai	x3,x11,0x17	 x11:0x00000000  x3=0x00000000
     156085.000 ns	     15607	80003790	09991c53	fsub.s	f24,f18,f25	 f18:0x4f220234 f25:0x00000000 f24=0x4f220234
     156115.000 ns	     15610	80003794	02ed29b3	mulhsu	x19,x26,x14	 x26:0x00000000 x14:0x00000001 x19=0x00000000
     156145.000 ns	     15613	80003798	c0160dd3	fcvt.wu.s	x27,f12	 f12:0x7fc00000 x27=0xffffffff
     156175.000 ns	     15616	8000379c	d0139853	fcvt.s.wu	f16,x7	  x7:0x7fffffff f16=0x4effffff
     156205.000 ns	     15619	800037a0	02b29333	mulh	x6,x5,x11	  x5:0x800416e6 x11:0x00000000  x6=0x00000000
     156235.000 ns	     15622	800037a4	29c20953	fmin.s	f18,f4,f28	  f4:0x7fc00000 f28:0x7fc00000 f18=0x7fc00000
     156265.000 ns	     15625	800037a8	02c70bb3	mul	x23,x14,x12	 x14:0x00000001 x12:0x00000000 x23=0x00000000
     156295.000 ns	     15628	800037ac	29d481d3	fmin.s	f3,f9,f29	  f9:0x7fc00000 f29:0xcf000000  f3=0xcf000000
     156335.000 ns	     15632	800037b0	1884b3d3	fdiv.s	f7,f9,f8	  f9:0x7fc00000  f8:0x00000000  f7=0x7fc00000
     156365.000 ns	     15635	800037b4	a0c704d3	fle.s	x9,f14,f12	 f14:0x7fc00000 f12:0x7fc00000  x9=0x00000000
     156405.000 ns	     15639	800037b8	10da3ad3	fmul.s	f21,f20,f13	 f20:0x7fc00000 f13:0x7fc00000 f21=0x7fc00000
     156435.000 ns	     15642	800037bc	c00ef653	fcvt.w.s	x12,f29	 f29:0xcf000000 x12=0x80000000
     156465.000 ns	     15645	800037c0	c00f70d3	fcvt.w.s	x1,f30	 f30:0x7fc00000  x1=0x7fffffff
     156495.000 ns	     15648	800037c4	d01f7dd3	fcvt.s.wu	f27,x30	 x30:0x00000001 f27=0x3f800000
     156525.000 ns	     15651	800037c8	03430233	mul	x4,x6,x20	  x6:0x00000000 x20:0xa202344a  x4=0x00000000
     156555.000 ns	     15654	800037cc	d00aa553	fcvt.s.w	f10,x21	 x21:0x00000000 f10=0x00000000
     156575.000 ns	     15656	800037d0	01adda93	srli	x21,x27,0x1a	 x27:0xffffffff x21=0x0000003f
     156585.000 ns	     15657	800037d4	008947b3	xor	x15,x18,x8	 x18:0x80041024  x8:0x00000000 x15=0x80041024
     156595.000 ns	     15658	800037d8	220b3113	sltiu	x2,x22,544	 x22:0x00000001  x2=0x00000001
     156605.000 ns	     15659	800037dc	017927b3	slt	x15,x18,x23	 x18:0x80041024 x23:0x00000000 x15=0x00000001
     156635.000 ns	     15662	800037e0	11aa0fd3	fmul.s	f31,f20,f26	 f20:0x7fc00000 f26:0x7fc00000 f31=0x7fc00000
     156655.000 ns	     15664	800037e4	f2b6b193	sltiu	x3,x13,-213	 x13:0x00000000  x3=0x00000001
     156665.000 ns	     15665	800037e8	62397113	andi	x2,x18,1571	 x18:0x80041024  x2=0x00000020
     156675.000 ns	     15666	800037ec	01759e93	slli	x29,x11,0x17	 x11:0x00000000 x29=0x00000000
     156685.000 ns	     15667	800037f0	0125d313	srli	x6,x11,0x12	 x11:0x00000000  x6=0x00000000
     156695.000 ns	     15668	800037f4	00ee89b3	add	x19,x29,x14	 x29:0x00000000 x14:0x00000001 x19=0x00000001
     156715.000 ns	     15670	800037f8	d014cf53	fcvt.s.wu	f30,x9	  x9:0x00000000 f30=0x00000000
     156755.000 ns	     15674	800037fc	19968053	fdiv.s	f0,f13,f25	 f13:0x7fc00000 f25:0x00000000  f0=0x7fc00000
     156775.000 ns	     15676	80003800	1aa4c393	xori	x7,x9,426	  x9:0x00000000  x7=0x000001aa
     156805.000 ns	     15679	80003804	580fc553	fsqrt.s	f10,f31	 f31:0x7fc00000 f10=0x7fc00000
     156835.000 ns	     15682	80003808	a07b9d53	flt.s	x26,f23,f7	 f23:0x7fc00000  f7:0x7fc00000 x26=0x00000000
     156855.000 ns	     15684	8000380c	62fe6413	ori	x8,x28,1583	 x28:0xffffffff  x8=0xffffffff
     156875.000 ns	     15686	80003810	f00f06d3	fmv.w.x	f13,x30	 x30:0x00000001 f13=0x00000001
     156895.000 ns	     15688	80003814	00890fb3	add	x31,x18,x8	 x18:0x80041024  x8:0x00000000 x31=0x80041023
     156905.000 ns	     15689	80003818	00000013	addi	x0,x0,0	  x0:0x00000000
     156915.000 ns	     15690	8000381c	53964b93	xori	x23,x12,1337	 x12:0x80000000 x23=0x80000539
     156935.000 ns	     15692	80003820	02b86133	rem	x2,x16,x11	 x16:0x00000000 x11:0x00000000  x2=0x00000000
     156955.000 ns	     15694	80003824	8d228597	auipc	x11,0x8d228	 x11=0x0d22b824
     156975.000 ns	     15696	80003828	c00d7bd3	fcvt.w.s	x23,f26	 f26:0x7fc00000 x23=0x7fffffff
     156995.000 ns	     15698	8000382c	9e28aa97	auipc	x21,0x9e28a	 x21=0x1e28d82c
     157015.000 ns	     15700	80003830	20a783d3	fsgnj.s	f7,f15,f10	 f15:0x4e4f85c0 f10:0x7fc00000  f7=0x4e4f85c0
     157035.000 ns	     15702	80003834	44266c93	ori	x25,x12,1090	 x12:0x80000000 x25=0x80000442
     157045.000 ns	     15703	80003838	00000013	addi	x0,x0,0	  x0:0x00000000
     157055.000 ns	     15704	8000383c	0177dab3	srl	x21,x15,x23	 x15:0x00000001 x23:0x7fffffff x21=0x00000000
     157075.000 ns	     15706	80003840	296c9cd3	fmax.s	f25,f25,f22	 f25:0x00000000 f22:0x7fc00000 f25=0x00000000
     157095.000 ns	     15708	80003844	4110d013	srai	x0,x1,0x11	  x1:0x7fffffff
     157115.000 ns	     15710	80003848	023882b3	mul	x5,x17,x3	 x17:0x00000000  x3:0x00000001  x5=0x00000000
     157135.000 ns	     15712	8000384c	f4b89017	auipc	x0,0xf4b89	
     157145.000 ns	     15713	80003850	00d770b3	and	x1,x14,x13	 x14:0x00000001 x13:0x00000000  x1=0x00000000
     157505.000 ns	     15749	80003854	02764cb3	div	x25,x12,x7	 x12:0x80000000  x7:0x000001aa x25=0xffb3146f
     157525.000 ns	     15751	80003858	14640737	lui	x14,0x14640	 x14=0x14640000
     157545.000 ns	     15753	8000385c	e0090653	fmv.x.w	x12,f18	 f18:0x7fc00000 x12=0x7fc00000
     157565.000 ns	     15755	80003860	0d2c3d93	sltiu	x27,x24,210	 x24:0x80000000 x27=0x00000000
     157585.000 ns	     15757	80003864	e0018ed3	fmv.x.w	x29,f3	  f3:0xcf000000 x29=0xcf000000
     157615.000 ns	     15760	80003868	c001b6d3	fcvt.w.s	x13,f3	  f3:0xcf000000 x13=0x80000000
     157635.000 ns	     15762	8000386c	e6510c13	addi	x24,x2,-411	  x2:0x00000000 x24=0xfffffe65
     157655.000 ns	     15764	80003870	e0049653	fclass.s	x12,f9	  f9:0x7fc00000 x12=0x00000200
     157685.000 ns	     15767	80003874	f00d88d3	fmv.w.x	f17,x27	 x27:0x00000000 f17=0x00000000
     157705.000 ns	     15769	80003878	010d2db3	slt	x27,x26,x16	 x26:0x00000000 x16:0x00000000 x27=0x00000000
     157715.000 ns	     15770	8000387c	01fabd33	sltu	x26,x21,x31	 x21:0x00000000 x31:0x80041023 x26=0x00000001
     157745.000 ns	     15773	80003880	11753cd3	fmul.s	f25,f10,f23	 f10:0x7fc00000 f23:0x7fc00000 f25=0x7fc00000
     157765.000 ns	     15775	80003884	003fdfb3	srl	x31,x31,x3	 x31:0x80041023  x3:0x00000001 x31=0x40020811
     157775.000 ns	     15776	80003888	418dd8b3	sra	x17,x27,x24	 x27:0x00000000 x24:0xfffffe65 x17=0x00000000
     157805.000 ns	     15779	8000388c	18befad3	fdiv.s	f21,f29,f11	 f29:0xcf000000 f11:0x7fc00000 f21=0x7fc00000
     157825.000 ns	     15781	80003890	01e39fb3	sll	x31,x7,x30	  x7:0x000001aa x30:0x00000001 x31=0x00000354
     157835.000 ns	     15782	80003894	ad894813	xori	x16,x18,-1320	 x18:0x80041024 x16=0x7ffbeafc
     157845.000 ns	     15783	80003898	0165dd93	srli	x27,x11,0x16	 x11:0x0d22b824 x27=0x00000034
     157855.000 ns	     15784	8000389c	7f2fb713	sltiu	x14,x31,2034	 x31:0x00000354 x14=0x00000001
     158215.000 ns	     15820	800038a0	03496133	rem	x2,x18,x20	 x18:0x80041024 x20:0xa202344a  x2=0xde01dbda
     158235.000 ns	     15822	800038a4	3a955d97	auipc	x27,0x3a955	 x27=0xba9588a4
     158255.000 ns	     15824	800038a8	28e99453	fmax.s	f8,f19,f14	 f19:0x80000000 f14:0x7fc00000  f8=0x80000000
     158285.000 ns	     15827	800038ac	20ce8c53	fsgnj.s	f24,f29,f12	 f29:0xcf000000 f12:0x7fc00000 f24=0x4f000000
     158305.000 ns	     15829	800038b0	01cb53b3	srl	x7,x22,x28	 x22:0x00000001 x28:0xffffffff  x7=0x00000000
     158325.000 ns	     15831	800038b4	205c01d3	fsgnj.s	f3,f24,f5	 f24:0x4f000000  f5:0x00000000  f3=0x4f000000
     158345.000 ns	     15833	800038b8	965e3b93	sltiu	x23,x28,-1691	 x28:0xffffffff x23=0x00000000
     158355.000 ns	     15834	800038bc	00000013	addi	x0,x0,0	  x0:0x00000000
     158375.000 ns	     15836	800038c0	02485133	divu	x2,x16,x4	 x16:0x7ffbeafc  x4:0x00000000  x2=0xffffffff
     158405.000 ns	     15839	800038c4	d013f8d3	fcvt.s.wu	f17,x7	  x7:0x00000000 f17=0x00000000
     158425.000 ns	     15841	800038c8	66e4be93	sltiu	x29,x9,1646	  x9:0x00000000 x29=0x00000001
     158445.000 ns	     15843	800038cc	a18ba853	feq.s	x16,f23,f24	 f23:0x7fc00000 f24:0x4f000000 x16=0x00000000
     158465.000 ns	     15845	800038d0	36356013	ori	x0,x10,867	 x10:0x80040fe4
     158475.000 ns	     15846	800038d4	4197d1b3	sra	x3,x15,x25	 x15:0x00000001 x25:0xffb3146f  x3=0x00000000
     158485.000 ns	     15847	800038d8	84117493	andi	x9,x2,-1983	  x2:0xffffffff  x9=0xfffff841
     158505.000 ns	     15849	800038dc	d013f453	fcvt.s.wu	f8,x7	  x7:0x00000000  f8=0x00000000
     158535.000 ns	     15852	800038e0	294c0bd3	fmin.s	f23,f24,f20	 f24:0x4f000000 f20:0x7fc00000 f23=0x4f000000
     158555.000 ns	     15854	800038e4	0136c8b3	xor	x17,x13,x19	 x13:0x80000000 x19:0x00000001 x17=0x80000001
     158575.000 ns	     15856	800038e8	a1640353	fle.s	x6,f8,f22	  f8:0x00000000 f22:0x7fc00000  x6=0x00000000
     158605.000 ns	     15859	800038ec	035bb6b3	mulhu	x13,x23,x21	 x23:0x00000000 x21:0x00000000 x13=0x00000000
     158635.000 ns	     15862	800038f0	21da91d3	fsgnjn.s	f3,f21,f29	 f21:0x7fc00000 f29:0xcf000000  f3=0x7fc00000
     158665.000 ns	     15865	800038f4	d0073353	fcvt.s.w	f6,x14	 x14:0x00000001  f6=0x3f800000
     158685.000 ns	     15867	800038f8	ba59ce93	xori	x29,x19,-1115	 x19:0x00000001 x29=0xfffffba4
     158705.000 ns	     15869	800038fc	02e10cb3	mul	x25,x2,x14	  x2:0xffffffff x14:0x00000001 x25=0xffffffff
     158725.000 ns	     15871	80003900	957d77b7	lui	x15,0x957d7	 x15=0x957d7000
     158745.000 ns	     15873	80003904	21cf9653	fsgnjn.s	f12,f31,f28	 f31:0x7fc00000 f28:0x7fc00000 f12=0xffc00000
     159115.000 ns	     15910	80003908	03e078b3	remu	x17,x0,x30	  x0:0x00000000 x30:0x00000001 x17=0x00000000
     159135.000 ns	     15912	8000390c	004d0db3	add	x27,x26,x4	 x26:0x00000001  x4:0x00000000 x27=0x00000001
     159155.000 ns	     15914	80003910	a05a2ed3	feq.s	x29,f20,f5	 f20:0x7fc00000  f5:0x00000000 x29=0x00000000
     159205.000 ns	     15919	80003914	08262fd3	fsub.s	f31,f12,f2	 f12:0xffc00000  f2:0xffc00000 f31=0x7fc00000
     159235.000 ns	     15922	80003918	f00206d3	fmv.w.x	f13,x4	  x4:0x00000000 f13=0x00000000
     159255.000 ns	     15924	8000391c	ea4b3293	sltiu	x5,x22,-348	 x22:0x00000001  x5=0x00000001
     159265.000 ns	     15925	80003920	ab672d13	slti	x26,x14,-1354	 x14:0x00000001 x26=0x00000000
     159625.000 ns	     15961	80003924	0287c9b3	div	x19,x15,x8	 x15:0x957d7000  x8:0xffffffff x19=0x6a829000
     159645.000 ns	     15963	80003928	00a8a633	slt	x12,x17,x10	 x17:0x00000000 x10:0x80040fe4 x12=0x00000000
     159655.000 ns	     15964	8000392c	01b462b3	or	x5,x8,x27	  x8:0xffffffff x27:0x00000001  x5=0xffffffff
     159675.000 ns	     15966	80003930	0211a733	mulhsu	x14,x3,x1	  x3:0x00000000  x1:0x00000000 x14=0x00000000
     159705.000 ns	     15969	80003934	a0ff00d3	fle.s	x1,f30,f15	 f30:0x00000000 f15:0x4e4f85c0  x1=0x00000001
     159725.000 ns	     15971	80003938	76058393	addi	x7,x11,1888	 x11:0x0d22b824  x7=0x0d22bf84
     159735.000 ns	     15972	8000393c	61eaf393	andi	x7,x21,1566	 x21:0x00000000  x7=0x00000000
     159745.000 ns	     15973	80003940	2ccab613	sltiu	x12,x21,716	 x21:0x00000000 x12=0x00000001
     159755.000 ns	     15974	80003944	015b3eb3	sltu	x29,x22,x21	 x22:0x00000001 x21:0x00000000 x29=0x00000000
     159765.000 ns	     15975	80003948	7590e593	ori	x11,x1,1881	  x1:0x00000001 x11=0x00000759
     160125.000 ns	     16011	8000394c	03f1d633	divu	x12,x3,x31	  x3:0x00000000 x31:0x00000354 x12=0x00000000
     160145.000 ns	     16013	80003950	40435793	srai	x15,x6,0x4	  x6:0x00000000 x15=0x00000000
     160175.000 ns	     16016	80003954	1038ffd3	fmul.s	f31,f17,f3	 f17:0x00000000  f3:0x7fc00000 f31=0x7fc00000
     160195.000 ns	     16018	80003958	44b18993	addi	x19,x3,1099	  x3:0x00000000 x19=0x0000044b
     160215.000 ns	     16020	8000395c	2179a9d3	fsgnjx.s	f19,f19,f23	 f19:0x80000000 f23:0x4f000000 f19=0x80000000
     160235.000 ns	     16022	80003960	e93f2393	slti	x7,x30,-365	 x30:0x00000001  x7=0x00000000
     160255.000 ns	     16024	80003964	a0b3a453	feq.s	x8,f7,f11	  f7:0x4e4f85c0 f11:0x7fc00000  x8=0x00000000
     160285.000 ns	     16027	80003968	02e55eb3	divu	x29,x10,x14	 x10:0x80040fe4 x14:0x00000000 x29=0xffffffff
     160315.000 ns	     16030	8000396c	f0028353	fmv.w.x	f6,x5	  x5:0xffffffff  f6=0xffffffff
     160345.000 ns	     16033	80003970	e00b0dd3	fmv.x.w	x27,f22	 f22:0x7fc00000 x27=0x7fc00000
     160375.000 ns	     16036	80003974	03028cb3	mul	x25,x5,x16	  x5:0xffffffff x16:0x00000000 x25=0x00000000
     160395.000 ns	     16038	80003978	d7133893	sltiu	x17,x6,-655	  x6:0x00000000 x17=0x00000001
     160405.000 ns	     16039	8000397c	0186d693	srli	x13,x13,0x18	 x13:0x00000000 x13=0x00000000
     160425.000 ns	     16041	80003980	213104d3	fsgnj.s	f9,f2,f19	  f2:0xffc00000 f19:0x80000000  f9=0xffc00000
     160455.000 ns	     16044	80003984	035a57b3	divu	x15,x20,x21	 x20:0xa202344a x21:0x00000000 x15=0xffffffff
     160475.000 ns	     16046	80003988	4b652e37	lui	x28,0x4b652	 x28=0x4b652000
     160485.000 ns	     16047	8000398c	dfbe3d13	sltiu	x26,x28,-517	 x28:0xffffffff x26=0x00000001
     160495.000 ns	     16048	80003990	00cc95b3	sll	x11,x25,x12	 x25:0x00000000 x12:0x00000000 x11=0x00000000
     160515.000 ns	     16050	80003994	e0021853	fclass.s	x16,f4	  f4:0x7fc00000 x16=0x00000200
     160545.000 ns	     16053	80003998	287a0953	fmin.s	f18,f20,f7	 f20:0x7fc00000  f7:0x4e4f85c0 f18=0x4e4f85c0
     160565.000 ns	     16055	8000399c	dd9a2693	slti	x13,x20,-551	 x20:0xa202344a x13=0x00000001
     160585.000 ns	     16057	800039a0	28550953	fmin.s	f18,f10,f5	 f10:0x7fc00000  f5:0x00000000 f18=0x00000000
     160615.000 ns	     16060	800039a4	28e38bd3	fmin.s	f23,f7,f14	  f7:0x4e4f85c0 f14:0x7fc00000 f23=0x4e4f85c0
     160635.000 ns	     16062	800039a8	0005bc33	sltu	x24,x11,x0	 x11:0x00000000  x0:0x00000000 x24=0x00000000
     160675.000 ns	     16066	800039ac	09cf24d3	fsub.s	f9,f30,f28	 f30:0x00000000 f28:0x7fc00000  f9=0x7fc00000
     160705.000 ns	     16069	800039b0	03000133	mul	x2,x0,x16	  x0:0x00000000 x16:0x00000200  x2=0x00000000
     160725.000 ns	     16071	800039b4	01c82c33	slt	x24,x16,x28	 x16:0x00000200 x28:0x4b652000 x24=0x00000001
     160735.000 ns	     16072	800039b8	6da0cf93	xori	x31,x1,1754	  x1:0x00000001 x31=0x000006db
     160745.000 ns	     16073	800039bc	418d5ab3	sra	x21,x26,x24	 x26:0x00000001 x24:0x00000000 x21=0x00000000
     160765.000 ns	     16075	800039c0	e00a07d3	fmv.x.w	x15,f20	 f20:0x7fc00000 x15=0x7fc00000
     160785.000 ns	     16077	800039c4	89f5e393	ori	x7,x11,-1889	 x11:0x00000000  x7=0xfffff89f
     160805.000 ns	     16079	800039c8	29328ad3	fmin.s	f21,f5,f19	  f5:0x00000000 f19:0x80000000 f21=0x80000000
     160835.000 ns	     16082	800039cc	298f9cd3	fmax.s	f25,f31,f24	 f31:0x7fc00000 f24:0x4f000000 f25=0x4f000000
     160865.000 ns	     16085	800039d0	c0052053	fcvt.w.s	x0,f10	 f10:0x7fc00000
     160895.000 ns	     16088	800039d4	20e88153	fsgnj.s	f2,f17,f14	 f17:0x00000000 f14:0x7fc00000  f2=0x00000000
     160925.000 ns	     16091	800039d8	298a0b53	fmin.s	f22,f20,f24	 f20:0x7fc00000 f24:0x4f000000 f22=0x4f000000
     160965.000 ns	     16095	800039dc	1130a7d3	fmul.s	f15,f1,f19	  f1:0x7fc00000 f19:0x80000000 f15=0x7fc00000
     161335.000 ns	     16132	800039e0	03c7fe33	remu	x28,x15,x28	 x15:0x7fc00000 x28:0x4b652000 x28=0x345ae000
     161365.000 ns	     16135	800039e4	a15b17d3	flt.s	x15,f22,f21	 f22:0x4f000000 f21:0x80000000 x15=0x00000000
     161385.000 ns	     16137	800039e8	01c6df93	srli	x31,x13,0x1c	 x13:0x00000001 x31=0x00000000
     161405.000 ns	     16139	800039ec	c007f0d3	fcvt.w.s	x1,f15	 f15:0x7fc00000  x1=0x7fffffff
     161425.000 ns	     16141	800039f0	3bbcea93	ori	x21,x25,955	 x25:0x00000000 x21=0x000003bb
     161445.000 ns	     16143	800039f4	0380adb3	mulhsu	x27,x1,x24	  x1:0x7fffffff x24:0x00000001 x27=0x00000000
     161475.000 ns	     16146	800039f8	20cf19d3	fsgnjn.s	f19,f30,f12	 f30:0x00000000 f12:0xffc00000 f19=0x00000000
     161845.000 ns	     16183	800039fc	0340f1b3	remu	x3,x1,x20	  x1:0x7fffffff x20:0xa202344a  x3=0x7fffffff
     161865.000 ns	     16185	80003a00	4104d313	srai	x6,x9,0x10	  x9:0xfffff841  x6=0xffffffff
     161895.000 ns	     16188	80003a04	18454dd3	fdiv.s	f27,f10,f4	 f10:0x7fc00000  f4:0x7fc00000 f27=0x7fc00000
     161925.000 ns	     16191	80003a08	a1c195d3	flt.s	x11,f3,f28	  f3:0x7fc00000 f28:0x7fc00000 x11=0x00000000
     161955.000 ns	     16194	80003a0c	20909b53	fsgnjn.s	f22,f1,f9	  f1:0x7fc00000  f9:0x7fc00000 f22=0xffc00000
     161985.000 ns	     16197	80003a10	29f902d3	fmin.s	f5,f18,f31	 f18:0x00000000 f31:0x7fc00000  f5=0x00000000
     162035.000 ns	     16202	80003a14	011772d3	fadd.s	f5,f14,f17	 f14:0x7fc00000 f17:0x00000000  f5=0x7fc00000
     162055.000 ns	     16204	80003a18	0150eeb3	or	x29,x1,x21	  x1:0x7fffffff x21:0x000003bb x29=0x7fffffff
     162065.000 ns	     16205	80003a1c	01699cb3	sll	x25,x19,x22	 x19:0x0000044b x22:0x00000001 x25=0x00000896
     162085.000 ns	     16207	80003a20	e00c8b53	fmv.x.w	x22,f25	 f25:0x4f000000 x22=0x4f000000
     162105.000 ns	     16209	80003a24	f49152b7	lui	x5,0xf4915	  x5=0xf4915000
     162115.000 ns	     16210	80003a28	011f8fb3	add	x31,x31,x17	 x31:0x00000000 x17:0x00000001 x31=0x00000001
     162125.000 ns	     16211	80003a2c	008fadb3	slt	x27,x31,x8	 x31:0x00000000  x8:0x00000000 x27=0x00000000
     162145.000 ns	     16213	80003a30	0208c633	div	x12,x17,x0	 x17:0x00000001  x0:0x00000000 x12=0xffffffff
     162185.000 ns	     16217	80003a34	580935d3	fsqrt.s	f11,f18	 f18:0x00000000 f11=0x00000000
     162225.000 ns	     16221	80003a38	1810a0d3	fdiv.s	f1,f1,f1	  f1:0x7fc00000  f1:0x7fc00000  f1=0x7fc00000
     162245.000 ns	     16223	80003a3c	37d2f893	andi	x17,x5,893	  x5:0xf4915000 x17=0x00000000
     162265.000 ns	     16225	80003a40	03d2a133	mulhsu	x2,x5,x29	  x5:0xf4915000 x29:0x7fffffff  x2=0xfa48a800
     162285.000 ns	     16227	80003a44	f4b92fb7	lui	x31,0xf4b92	 x31=0xf4b92000
     162305.000 ns	     16229	80003a48	a1458b53	fle.s	x22,f11,f20	 f11:0x00000000 f20:0x7fc00000 x22=0x00000000
     162325.000 ns	     16231	80003a4c	01d79233	sll	x4,x15,x29	 x15:0x00000000 x29:0x7fffffff  x4=0x00000000
     162345.000 ns	     16233	80003a50	c0067353	fcvt.w.s	x6,f12	 f12:0xffc00000  x6=0x7fffffff
     162375.000 ns	     16236	80003a54	03bbf433	remu	x8,x23,x27	 x23:0x00000000 x27:0x00000000  x8=0x00000000
     162395.000 ns	     16238	80003a58	013d02b3	add	x5,x26,x19	 x26:0x00000001 x19:0x0000044b  x5=0x0000044c
     162755.000 ns	     16274	80003a5c	02396633	rem	x12,x18,x3	 x18:0x80041024  x3:0x7fffffff x12=0x80041024
     162775.000 ns	     16276	80003a60	015331b3	sltu	x3,x6,x21	  x6:0x7fffffff x21:0x000003bb  x3=0x00000000
     162785.000 ns	     16277	80003a64	00259e33	sll	x28,x11,x2	 x11:0x00000000  x2:0xfa48a800 x28=0x00000000
     163115.000 ns	     16310	80003a68	187bffd3	fdiv.s	f31,f23,f7	 f23:0x4e4f85c0  f7:0x4e4f85c0 f31=0x3f4f85c0
     163135.000 ns	     16312	80003a6c	012f7433	and	x8,x30,x18	 x30:0x00000001 x18:0x80041024  x8=0x00000000
     163145.000 ns	     16313	80003a70	01fc30b3	sltu	x1,x24,x31	 x24:0x00000001 x31:0xf4b92000  x1=0x00000001
     163155.000 ns	     16314	80003a74	6b230613	addi	x12,x6,1714	  x6:0x7fffffff x12=0x800006b1
     163175.000 ns	     16316	80003a78	c01f7dd3	fcvt.wu.s	x27,f30	 f30:0x00000000 x27=0x00000000
     163195.000 ns	     16318	80003a7c	404bdcb3	sra	x25,x23,x4	 x23:0x00000000  x4:0x00000000 x25=0x00000000
     163215.000 ns	     16320	80003a80	0318a633	mulhsu	x12,x17,x17	 x17:0x00000000 x17:0x00000000 x12=0x00000000
     163585.000 ns	     16357	80003a84	02727ab3	remu	x21,x4,x7	  x4:0x00000000  x7:0xfffff89f x21=0x00000000
     163605.000 ns	     16359	80003a88	abfba193	slti	x3,x23,-1345	 x23:0x00000000  x3=0x00000000
     163625.000 ns	     16361	80003a8c	c011f053	fcvt.wu.s	x0,f3	  f3:0x7fc00000
     163645.000 ns	     16363	80003a90	00b69393	slli	x7,x13,0xb	 x13:0x00000001  x7=0x00000800
     163665.000 ns	     16365	80003a94	a01690d3	flt.s	x1,f13,f1	 f13:0x00000000  f1:0x7fc00000  x1=0x00000000
     163705.000 ns	     16369	80003a98	1901a153	fdiv.s	f2,f3,f16	  f3:0x7fc00000 f16:0x4effffff  f2=0x7fc00000
     163725.000 ns	     16371	80003a9c	419b09b3	sub	x19,x22,x25	 x22:0x00000000 x25:0x00000000 x19=0x00000000
     163745.000 ns	     16373	80003aa0	20c78753	fsgnj.s	f14,f15,f12	 f15:0x7fc00000 f12:0xffc00000 f14=0xffc00000
     164115.000 ns	     16410	80003aa4	03e07033	remu	x0,x0,x30	  x0:0x00000000 x30:0x00000001
     164485.000 ns	     16447	80003aa8	03e160b3	rem	x1,x2,x30	  x2:0xfa48a800 x30:0x00000001  x1=0x00000000
     164515.000 ns	     16450	80003aac	a1099fd3	flt.s	x31,f19,f16	 f19:0x00000000 f16:0x4effffff x31=0x00000001
     164535.000 ns	     16452	80003ab0	01a38e33	add	x28,x7,x26	  x7:0x00000800 x26:0x00000001 x28=0x00000801
     164545.000 ns	     16453	80003ab4	41905a93	srai	x21,x0,0x19	  x0:0x00000000 x21=0x00000000
     164565.000 ns	     16455	80003ab8	02410133	mul	x2,x2,x4	  x2:0xfa48a800  x4:0x00000000  x2=0x00000000
     164615.000 ns	     16460	80003abc	084dfb53	fsub.s	f22,f27,f4	 f27:0x7fc00000  f4:0x7fc00000 f22=0x7fc00000
     165795.000 ns	     16578	80003ac0	5803bb53	fsqrt.s	f22,f7	  f7:0x4e4f85c0 f22=0x4692bd92
     165825.000 ns	     16581	80003ac4	20fb08d3	fsgnj.s	f17,f22,f15	 f22:0x7fc00000 f15:0x7fc00000 f17=0x4692bd92
     165855.000 ns	     16584	80003ac8	c004c653	fcvt.w.s	x12,f9	  f9:0x7fc00000 x12=0x7fffffff
     166195.000 ns	     16618	80003acc	1918fd53	fdiv.s	f26,f17,f17	 f17:0x4692bd92 f17:0x4692bd92 f26=0x3f15c6fa
     166215.000 ns	     16620	80003ad0	017a82b3	add	x5,x21,x23	 x21:0x00000000 x23:0x00000000  x5=0x00000000
     166225.000 ns	     16621	80003ad4	40215db3	sra	x27,x2,x2	  x2:0x00000000  x2:0x00000000 x27=0x00000000
     166235.000 ns	     16622	80003ad8	017f3033	sltu	x0,x30,x23	 x30:0x00000001 x23:0x00000000
     166265.000 ns	     16625	80003adc	580a4b53	fsqrt.s	f22,f20	 f20:0x7fc00000 f22=0x7fc00000
     166285.000 ns	     16627	80003ae0	00d1f0b3	and	x1,x3,x13	  x3:0x00000000 x13:0x00000001  x1=0x00000000
     166295.000 ns	     16628	80003ae4	40070833	sub	x16,x14,x0	 x14:0x00000000  x0:0x00000000 x16=0x00000000
     166315.000 ns	     16630	80003ae8	024e17b3	mulh	x15,x28,x4	 x28:0x00000801  x4:0x00000000 x15=0x00000000
     166335.000 ns	     16632	80003aec	01bfa833	slt	x16,x31,x27	 x31:0x00000001 x27:0x00000000 x16=0x00000000
     166355.000 ns	     16634	80003af0	d01176d3	fcvt.s.wu	f13,x2	  x2:0x00000000 f13=0x00000000
     166375.000 ns	     16636	80003af4	40dc0633	sub	x12,x24,x13	 x24:0x00000001 x13:0x00000001 x12=0x00000000
     166385.000 ns	     16637	80003af8	003611b3	sll	x3,x12,x3	 x12:0x7fffffff  x3:0x00000000  x3=0x00000000
     166395.000 ns	     16638	80003afc	00723c33	sltu	x24,x4,x7	  x4:0x00000000  x7:0x00000800 x24=0x00000001
     166405.000 ns	     16639	80003b00	404a8833	sub	x16,x21,x4	 x21:0x00000000  x4:0x00000000 x16=0x00000000
     166415.000 ns	     16640	80003b04	000dd593	srli	x11,x27,0x0	 x27:0x00000000 x11=0x00000000
     166775.000 ns	     16676	80003b08	03ace5b3	rem	x11,x25,x26	 x25:0x00000000 x26:0x00000001 x11=0x00000000
     166795.000 ns	     16678	80003b0c	00000013	addi	x0,x0,0	  x0:0x00000000
     166805.000 ns	     16679	80003b10	01591593	slli	x11,x18,0x15	 x18:0x80041024 x11=0x04800000
     166825.000 ns	     16681	80003b14	c0027c53	fcvt.w.s	x24,f4	  f4:0x7fc00000 x24=0x7fffffff
     166855.000 ns	     16684	80003b18	e00318d3	fclass.s	x17,f6	  f6:0xffffffff x17=0x00000200
     166885.000 ns	     16687	80003b1c	a14aa8d3	feq.s	x17,f21,f20	 f21:0x80000000 f20:0x7fc00000 x17=0x00000000
     166915.000 ns	     16690	80003b20	d01774d3	fcvt.s.wu	f9,x14	 x14:0x00000000  f9=0x00000000
     166935.000 ns	     16692	80003b24	0121c833	xor	x16,x3,x18	  x3:0x00000000 x18:0x80041024 x16=0x80041024
     166955.000 ns	     16694	80003b28	21a38553	fsgnj.s	f10,f7,f26	  f7:0x4e4f85c0 f26:0x3f15c6fa f10=0x4e4f85c0
     166985.000 ns	     16697	80003b2c	28b80a53	fmin.s	f20,f16,f11	 f16:0x4effffff f11:0x00000000 f20=0x00000000
     167015.000 ns	     16700	80003b30	a0118e53	fle.s	x28,f3,f1	  f3:0x7fc00000  f1:0x7fc00000 x28=0x00000000
     167045.000 ns	     16703	80003b34	20da27d3	fsgnjx.s	f15,f20,f13	 f20:0x00000000 f13:0x00000000 f15=0x00000000
     167065.000 ns	     16705	80003b38	41c95c13	srai	x24,x18,0x1c	 x18:0x80041024 x24=0xfffffff8
     167075.000 ns	     16706	80003b3c	01f69733	sll	x14,x13,x31	 x13:0x00000001 x31:0x00000001 x14=0x00000002
     167105.000 ns	     16709	80003b40	11117853	fmul.s	f16,f2,f17	  f2:0x7fc00000 f17:0x4692bd92 f16=0x7fc00000
     167135.000 ns	     16712	80003b44	21989fd3	fsgnjn.s	f31,f17,f25	 f17:0x4692bd92 f25:0x4f000000 f31=0xc692bd92
     167155.000 ns	     16714	80003b48	3bfca013	slti	x0,x25,959	 x25:0x00000000
     167165.000 ns	     16715	80003b4c	4c046b97	auipc	x23,0x4c046	 x23=0xcc049b4c
     167175.000 ns	     16716	80003b50	0052a833	slt	x16,x5,x5	  x5:0x00000000  x5:0x00000000 x16=0x00000000
     167185.000 ns	     16717	80003b54	41f15b13	srai	x22,x2,0x1f	  x2:0x00000000 x22=0x00000000
     167195.000 ns	     16718	80003b58	0075cd33	xor	x26,x11,x7	 x11:0x04800000  x7:0x00000800 x26=0x04800800
     167215.000 ns	     16720	80003b5c	a13d05d3	fle.s	x11,f26,f19	 f26:0x3f15c6fa f19:0x00000000 x11=0x00000000
     167235.000 ns	     16722	80003b60	01deb1b3	sltu	x3,x29,x29	 x29:0x7fffffff x29:0x7fffffff  x3=0x00000000
     167255.000 ns	     16724	80003b64	02f0d3b3	divu	x7,x1,x15	  x1:0x00000000 x15:0x00000000  x7=0xffffffff
     167275.000 ns	     16726	80003b68	a1bcf213	andi	x4,x25,-1509	 x25:0x00000000  x4=0x00000000
     167285.000 ns	     16727	80003b6c	01385993	srli	x19,x16,0x13	 x16:0x00000000 x19=0x00000000
     167295.000 ns	     16728	80003b70	00e19f33	sll	x30,x3,x14	  x3:0x00000000 x14:0x00000002 x30=0x00000000
     167315.000 ns	     16730	80003b74	29f087d3	fmin.s	f15,f1,f31	  f1:0x7fc00000 f31:0xc692bd92 f15=0xc692bd92
     167345.000 ns	     16733	80003b78	02446833	rem	x16,x8,x4	  x8:0x00000000  x4:0x00000000 x16=0x00000000
     167375.000 ns	     16736	80003b7c	d01d7d53	fcvt.s.wu	f26,x26	 x26:0x04800800 f26=0x4c900100
     167395.000 ns	     16738	80003b80	01221333	sll	x6,x4,x18	  x4:0x00000000 x18:0x80041024  x6=0x00000000
     167425.000 ns	     16741	80003b84	10cd74d3	fmul.s	f9,f26,f12	 f26:0x4c900100 f12:0xffc00000  f9=0x7fc00000
     167475.000 ns	     16746	80003b88	005ec453	fadd.s	f8,f29,f5	 f29:0xcf000000  f5:0x7fc00000  f8=0x7fc00000
     167505.000 ns	     16749	80003b8c	c00c1653	fcvt.w.s	x12,f24	 f24:0x4f000000 x12=0x7fffffff
     167535.000 ns	     16752	80003b90	d01bc6d3	fcvt.s.wu	f13,x23	 x23:0xcc049b4c f13=0x4f4c049b
     167565.000 ns	     16755	80003b94	a1eca3d3	feq.s	x7,f25,f30	 f25:0x4f000000 f30:0x00000000  x7=0x00000000
     167595.000 ns	     16758	80003b98	039519b3	mulh	x19,x10,x25	 x10:0x80040fe4 x25:0x00000000 x19=0x00000000
     167615.000 ns	     16760	80003b9c	01be31b3	sltu	x3,x28,x27	 x28:0x00000000 x27:0x00000000  x3=0x00000000
     167635.000 ns	     16762	80003ba0	036fce33	div	x28,x31,x22	 x31:0x00000001 x22:0x00000000 x28=0xffffffff
     167665.000 ns	     16765	80003ba4	c010c753	fcvt.wu.s	x14,f1	  f1:0x7fc00000 x14=0xffffffff
     167705.000 ns	     16769	80003ba8	110df253	fmul.s	f4,f27,f16	 f27:0x7fc00000 f16:0x7fc00000  f4=0x7fc00000
     167745.000 ns	     16773	80003bac	10ab7953	fmul.s	f18,f22,f10	 f22:0x7fc00000 f10:0x4e4f85c0 f18=0x7fc00000
     167765.000 ns	     16775	80003bb0	00214433	xor	x8,x2,x2	  x2:0x00000000  x2:0x00000000  x8=0x00000000
     167775.000 ns	     16776	80003bb4	00000013	addi	x0,x0,0	  x0:0x00000000
     168135.000 ns	     16812	80003bb8	03797033	remu	x0,x18,x23	 x18:0x80041024 x23:0xcc049b4c
     168165.000 ns	     16815	80003bbc	20f0add3	fsgnjx.s	f27,f1,f15	  f1:0x7fc00000 f15:0xc692bd92 f27=0xffc00000
     168195.000 ns	     16818	80003bc0	d0063d53	fcvt.s.w	f26,x12	 x12:0x7fffffff f26=0x4f000000
     168225.000 ns	     16821	80003bc4	f00600d3	fmv.w.x	f1,x12	 x12:0x7fffffff  f1=0x7fffffff
     168255.000 ns	     16824	80003bc8	29de1753	fmax.s	f14,f28,f29	 f28:0x7fc00000 f29:0xcf000000 f14=0xcf000000
     168275.000 ns	     16826	80003bcc	00a97333	and	x6,x18,x10	 x18:0x80041024 x10:0x80040fe4  x6=0x80040024
     168295.000 ns	     16828	80003bd0	d0093f53	fcvt.s.w	f30,x18	 x18:0x80041024 f30=0xcefff7e0
     168325.000 ns	     16831	80003bd4	29fd88d3	fmin.s	f17,f27,f31	 f27:0xffc00000 f31:0xc692bd92 f17=0xc692bd92
     168345.000 ns	     16833	80003bd8	1fbe3813	sltiu	x16,x28,507	 x28:0xffffffff x16=0x00000000
     168365.000 ns	     16835	80003bdc	c01e8e53	fcvt.wu.s	x28,f29	 f29:0xcf000000 x28=0x80000000
     168395.000 ns	     16838	80003be0	03522b33	mulhsu	x22,x4,x21	  x4:0x00000000 x21:0x00000000 x22=0x00000000
     168415.000 ns	     16840	80003be4	851e0313	addi	x6,x28,-1967	 x28:0x80000000  x6=0x7ffff851
     168425.000 ns	     16841	80003be8	01b41a93	slli	x21,x8,0x1b	  x8:0x00000000 x21=0x00000000
     168445.000 ns	     16843	80003bec	21638bd3	fsgnj.s	f23,f7,f22	  f7:0x4e4f85c0 f22:0x7fc00000 f23=0x4e4f85c0
     168465.000 ns	     16845	80003bf0	00bc9993	slli	x19,x25,0xb	 x25:0x00000000 x19=0x00000000
     168475.000 ns	     16846	80003bf4	00215c13	srli	x24,x2,0x2	  x2:0x00000000 x24=0x00000000
     168495.000 ns	     16848	80003bf8	022ca033	mulhsu	x0,x25,x2	 x25:0x00000000  x2:0x00000000
     168515.000 ns	     16850	80003bfc	0086ddb3	srl	x27,x13,x8	 x13:0x00000001  x8:0x00000000 x27=0x00000001
     168555.000 ns	     16854	80003c00	0869f653	fsub.s	f12,f19,f6	 f19:0x00000000  f6:0xffffffff f12=0x7fc00000
     168575.000 ns	     16856	80003c04	418bd213	srai	x4,x23,0x18	 x23:0xcc049b4c  x4=0xffffffcc
     168595.000 ns	     16858	80003c08	a1871ed3	flt.s	x29,f14,f24	 f14:0xcf000000 f24:0x4f000000 x29=0x00000001
     168625.000 ns	     16861	80003c0c	0260a5b3	mulhsu	x11,x1,x6	  x1:0x00000000  x6:0x7ffff851 x11=0x00000000
     168655.000 ns	     16864	80003c10	21a9a453	fsgnjx.s	f8,f19,f26	 f19:0x00000000 f26:0x4f000000  f8=0x00000000
     168675.000 ns	     16866	80003c14	e17cab93	slti	x23,x25,-489	 x25:0x00000000 x23=0x00000000
     168685.000 ns	     16867	80003c18	9c44fe93	andi	x29,x9,-1596	  x9:0xfffff841 x29=0xfffff840
     168705.000 ns	     16869	80003c1c	0273c333	div	x6,x7,x7	  x7:0x00000000  x7:0x00000000  x6=0xffffffff
     168735.000 ns	     16872	80003c20	20092653	fsgnjx.s	f12,f18,f0	 f18:0x7fc00000  f0:0x7fc00000 f12=0x7fc00000
     168765.000 ns	     16875	80003c24	023a2fb3	mulhsu	x31,x20,x3	 x20:0xa202344a  x3:0x00000000 x31=0x00000000
     168785.000 ns	     16877	80003c28	ac4f0d13	addi	x26,x30,-1340	 x30:0x00000000 x26=0xfffffac4
     168795.000 ns	     16878	80003c2c	00fe1233	sll	x4,x28,x15	 x28:0x80000000 x15:0x00000000  x4=0x80000000
     168805.000 ns	     16879	80003c30	3d034b93	xori	x23,x6,976	  x6:0xffffffff x23=0xfffffc2f
     168815.000 ns	     16880	80003c34	38746e93	ori	x29,x8,903	  x8:0x00000000 x29=0x00000387
     168825.000 ns	     16881	80003c38	8d93d7b7	lui	x15,0x8d93d	 x15=0x8d93d000
     168865.000 ns	     16885	80003c3c	08ef7fd3	fsub.s	f31,f30,f14	 f30:0xcefff7e0 f14:0xcf000000 f31=0x48820000
     168885.000 ns	     16887	80003c40	00971713	slli	x14,x14,0x9	 x14:0xffffffff x14=0xfffffe00
     168895.000 ns	     16888	80003c44	40920eb3	sub	x29,x4,x9	  x4:0x80000000  x9:0xfffff841 x29=0x800007bf
     168905.000 ns	     16889	80003c48	e3c5ebb7	lui	x23,0xe3c5e	 x23=0xe3c5e000
     168915.000 ns	     16890	80003c4c	00e137b3	sltu	x15,x2,x14	  x2:0x00000000 x14:0xfffffe00 x15=0x00000001
     168955.000 ns	     16894	80003c50	013a4353	fadd.s	f6,f20,f19	 f20:0x00000000 f19:0x00000000  f6=0x00000000
     168975.000 ns	     16896	80003c54	00000013	addi	x0,x0,0	  x0:0x00000000
     168995.000 ns	     16898	80003c58	e0068653	fmv.x.w	x12,f13	 f13:0x4f4c049b x12=0x4f4c049b
     169015.000 ns	     16900	80003c5c	b323f793	andi	x15,x7,-1230	  x7:0x00000000 x15=0x00000000
     169375.000 ns	     16936	80003c60	03705633	divu	x12,x0,x23	  x0:0x00000000 x23:0xe3c5e000 x12=0x00000000
     169405.000 ns	     16939	80003c64	038d2c33	mulhsu	x24,x26,x24	 x26:0xfffffac4 x24:0x00000000 x24=0x00000000
     169435.000 ns	     16942	80003c68	02f1a633	mulhsu	x12,x3,x15	  x3:0x00000000 x15:0x00000000 x12=0x00000000
     169455.000 ns	     16944	80003c6c	0100c633	xor	x12,x1,x16	  x1:0x00000000 x16:0x00000000 x12=0x00000000
     169815.000 ns	     16980	80003c70	02e0f6b3	remu	x13,x1,x14	  x1:0x00000000 x14:0xfffffe00 x13=0x00000000
     169835.000 ns	     16982	80003c74	00000013	addi	x0,x0,0	  x0:0x00000000
     169855.000 ns	     16984	80003c78	211daed3	fsgnjx.s	f29,f27,f17	 f27:0xffc00000 f17:0xc692bd92 f29=0x7fc00000
     169885.000 ns	     16987	80003c7c	f00205d3	fmv.w.x	f11,x4	  x4:0x80000000 f11=0x80000000
     169915.000 ns	     16990	80003c80	29d39653	fmax.s	f12,f7,f29	  f7:0x4e4f85c0 f29:0x7fc00000 f12=0x4e4f85c0
     169945.000 ns	     16993	80003c84	0314e3b3	rem	x7,x9,x17	  x9:0xfffff841 x17:0x00000000  x7=0xfffff841
     169965.000 ns	     16995	80003c88	405ed013	srai	x0,x29,0x5	 x29:0x800007bf
     170005.000 ns	     16999	80003c8c	0809f153	fsub.s	f2,f19,f0	 f19:0x00000000  f0:0x7fc00000  f2=0x7fc00000
     170025.000 ns	     17001	80003c90	01cf35b3	sltu	x11,x30,x28	 x30:0x00000000 x28:0x80000000 x11=0x00000001
     170045.000 ns	     17003	80003c94	0320be33	mulhu	x28,x1,x18	  x1:0x00000000 x18:0x80041024 x28=0x00000000
     170075.000 ns	     17006	80003c98	c0164bd3	fcvt.wu.s	x23,f12	 f12:0x4e4f85c0 x23=0x33e17000
     170125.000 ns	     17011	80003c9c	0199ba53	fadd.s	f20,f19,f25	 f19:0x00000000 f25:0x4f000000 f20=0x4f000000
     170145.000 ns	     17013	80003ca0	b1fc3213	sltiu	x4,x24,-1249	 x24:0x00000000  x4=0x00000001
     170155.000 ns	     17014	80003ca4	02a96d13	ori	x26,x18,42	 x18:0x80041024 x26=0x8004102e
     170175.000 ns	     17016	80003ca8	d01cbb53	fcvt.s.wu	f22,x25	 x25:0x00000000 f22=0x00000000
     170205.000 ns	     17019	80003cac	f0068253	fmv.w.x	f4,x13	 x13:0x00000000  f4=0x00000000
     170235.000 ns	     17022	80003cb0	03271ab3	mulh	x21,x14,x18	 x14:0xfffffe00 x18:0x80041024 x21=0x000000ff
     170255.000 ns	     17024	80003cb4	01c6d793	srli	x15,x13,0x1c	 x13:0x00000000 x15=0x00000000
     170265.000 ns	     17025	80003cb8	005a8133	add	x2,x21,x5	 x21:0x000000ff  x5:0x00000000  x2=0x000000ff
     170275.000 ns	     17026	80003cbc	00eb6fb3	or	x31,x22,x14	 x22:0x00000000 x14:0xfffffe00 x31=0xfffffe00
     170285.000 ns	     17027	80003cc0	40275313	srai	x6,x14,0x2	 x14:0xfffffe00  x6=0xffffff80
     170295.000 ns	     17028	80003cc4	41a40ab3	sub	x21,x8,x26	  x8:0x00000000 x26:0x8004102e x21=0x7ffbefd2
     170325.000 ns	     17031	80003cc8	580e0753	fsqrt.s	f14,f28	 f28:0x7fc00000 f14=0x7fc00000
     170355.000 ns	     17034	80003ccc	28e48cd3	fmin.s	f25,f9,f14	  f9:0x7fc00000 f14:0xcf000000 f25=0x7fc00000
     170405.000 ns	     17039	80003cd0	08677353	fsub.s	f6,f14,f6	 f14:0x7fc00000  f6:0x00000000  f6=0x7fc00000
     170435.000 ns	     17042	80003cd4	e00e8cd3	fmv.x.w	x25,f29	 f29:0x7fc00000 x25=0x7fc00000
     170465.000 ns	     17045	80003cd8	20741dd3	fsgnjn.s	f27,f8,f7	  f8:0x00000000  f7:0x4e4f85c0 f27=0x80000000
     170485.000 ns	     17047	80003cdc	01f262b3	or	x5,x4,x31	  x4:0x00000001 x31:0xfffffe00  x5=0xfffffe01
     170505.000 ns	     17049	80003ce0	e0008ed3	fmv.x.w	x29,f1	  f1:0x7fffffff x29=0x7fffffff
     170525.000 ns	     17051	80003ce4	52da3093	sltiu	x1,x20,1325	 x20:0xa202344a  x1=0x00000000
     170545.000 ns	     17053	80003ce8	031aafb3	mulhsu	x31,x21,x17	 x21:0x7ffbefd2 x17:0x00000000 x31=0x00000000
     170575.000 ns	     17056	80003cec	280398d3	fmax.s	f17,f7,f0	  f7:0x4e4f85c0  f0:0x7fc00000 f17=0x4e4f85c0
     170605.000 ns	     17059	80003cf0	289b88d3	fmin.s	f17,f23,f9	 f23:0x4e4f85c0  f9:0x7fc00000 f17=0x4e4f85c0
     170635.000 ns	     17062	80003cf4	02c87db3	remu	x27,x16,x12	 x16:0x00000000 x12:0x00000000 x27=0x00000000
     170665.000 ns	     17065	80003cf8	030626b3	mulhsu	x13,x12,x16	 x12:0x00000000 x16:0x00000000 x13=0x00000000
     170685.000 ns	     17067	80003cfc	34107093	andi	x1,x0,833	  x0:0x00000000  x1=0x00000000
     170705.000 ns	     17069	80003d00	d01481d3	fcvt.s.wu	f3,x9	  x9:0xfffff841  f3=0x4f7ffff8
     170735.000 ns	     17072	80003d04	20cc0d53	fsgnj.s	f26,f24,f12	 f24:0x4f000000 f12:0x4e4f85c0 f26=0x4f000000
     170765.000 ns	     17075	80003d08	0258bdb3	mulhu	x27,x17,x5	 x17:0x00000000  x5:0xfffffe01 x27=0x00000000
     170795.000 ns	     17078	80003d0c	c017f2d3	fcvt.wu.s	x5,f15	 f15:0xc692bd92  x5=0x0000495e
     170815.000 ns	     17080	80003d10	0072ceb3	xor	x29,x5,x7	  x5:0xfffffe01  x7:0xfffff841 x29=0xffffb11f
     170845.000 ns	     17083	80003d14	105e1653	fmul.s	f12,f28,f5	 f28:0x7fc00000  f5:0x7fc00000 f12=0x7fc00000
     170875.000 ns	     17086	80003d18	03ff43b3	div	x7,x30,x31	 x30:0x00000000 x31:0x00000000  x7=0xffffffff
     170895.000 ns	     17088	80003d1c	21f5b813	sltiu	x16,x11,543	 x11:0x00000001 x16=0x00000001
     170925.000 ns	     17091	80003d20	107a0bd3	fmul.s	f23,f20,f7	 f20:0x4f000000  f7:0x4e4f85c0 f23=0x5dcf85c0
     170955.000 ns	     17094	80003d24	02394bb3	div	x23,x18,x3	 x18:0x80041024  x3:0x00000000 x23=0xffffffff
     170985.000 ns	     17097	80003d28	214b08d3	fsgnj.s	f17,f22,f20	 f22:0x00000000 f20:0x4f000000 f17=0x00000000
     171005.000 ns	     17099	80003d2c	a67e8597	auipc	x11,0xa67e8	 x11=0x267ebd2c
     171025.000 ns	     17101	80003d30	0230b6b3	mulhu	x13,x1,x3	  x1:0x00000000  x3:0x00000000 x13=0x00000000
     171055.000 ns	     17104	80003d34	a03421d3	feq.s	x3,f8,f3	  f8:0x00000000  f3:0x4f7ffff8  x3=0x00000000
     171095.000 ns	     17108	80003d38	113972d3	fmul.s	f5,f18,f19	 f18:0x7fc00000 f19:0x00000000  f5=0x7fc00000
     171125.000 ns	     17111	80003d3c	020bd433	divu	x8,x23,x0	 x23:0xffffffff  x0:0x00000000  x8=0xffffffff
     171155.000 ns	     17114	80003d40	c001f153	fcvt.w.s	x2,f3	  f3:0x4f7ffff8  x2=0x7fffffff
     171195.000 ns	     17118	80003d44	1813fc53	fdiv.s	f24,f7,f1	  f7:0x4e4f85c0  f1:0x7fffffff f24=0x7fc00000
     171225.000 ns	     17121	80003d48	20461153	fsgnjn.s	f2,f12,f4	 f12:0x7fc00000  f4:0x00000000  f2=0xffc00000
     171255.000 ns	     17124	80003d4c	2023a653	fsgnjx.s	f12,f7,f2	  f7:0x4e4f85c0  f2:0x7fc00000 f12=0xce4f85c0
     171275.000 ns	     17126	80003d50	001288b3	add	x17,x5,x1	  x5:0x0000495e  x1:0x00000000 x17=0x0000495e
     171285.000 ns	     17127	80003d54	40795233	sra	x4,x18,x7	 x18:0x80041024  x7:0xffffffff  x4=0xffffffff
     171305.000 ns	     17129	80003d58	d0057a53	fcvt.s.w	f20,x10	 x10:0x80040fe4 f20=0xcefff7e0
     172485.000 ns	     17247	80003d5c	580398d3	fsqrt.s	f17,f7	  f7:0x4e4f85c0 f17=0x4692bd92
     172505.000 ns	     17249	80003d60	00fdaeb3	slt	x29,x27,x15	 x27:0x00000000 x15:0x00000000 x29=0x00000000
     172535.000 ns	     17252	80003d64	11dff6d3	fmul.s	f13,f31,f29	 f31:0x48820000 f29:0x7fc00000 f13=0x7fc00000
     172585.000 ns	     17257	80003d68	003b95d3	fadd.s	f11,f23,f3	 f23:0x5dcf85c0  f3:0x4f7ffff8 f11=0x5dcf85c0
     172605.000 ns	     17259	80003d6c	ffb40b97	auipc	x23,0xffb40	 x23=0x7fb43d6c
     172615.000 ns	     17260	80003d70	007d3433	sltu	x8,x26,x7	 x26:0x8004102e  x7:0xffffffff  x8=0x00000001
     172635.000 ns	     17262	80003d74	c016bfd3	fcvt.wu.s	x31,f13	 f13:0x7fc00000 x31=0xffffffff
     172655.000 ns	     17264	80003d78	01addfb3	srl	x31,x27,x26	 x27:0x00000000 x26:0x8004102e x31=0x00000000
     172675.000 ns	     17266	80003d7c	e0098453	fmv.x.w	x8,f19	 f19:0x00000000  x8=0x00000000
     173045.000 ns	     17303	80003d80	03a8db33	divu	x22,x17,x26	 x17:0x0000495e x26:0x8004102e x22=0x00000000
     173075.000 ns	     17306	80003d84	f00e0053	fmv.w.x	f0,x28	 x28:0x00000000  f0=0x00000000
     173095.000 ns	     17308	80003d88	341c4f93	xori	x31,x24,833	 x24:0x00000000 x31=0x00000341
     173135.000 ns	     17312	80003d8c	013f78d3	fadd.s	f17,f30,f19	 f30:0xcefff7e0 f19:0x00000000 f17=0xcefff7e0
     173155.000 ns	     17314	80003d90	40f6d8b3	sra	x17,x13,x15	 x13:0x00000000 x15:0x00000000 x17=0x00000000
     173165.000 ns	     17315	80003d94	0471f293	andi	x5,x3,71	  x3:0x00000000  x5=0x00000000
     173175.000 ns	     17316	80003d98	019b1713	slli	x14,x22,0x19	 x22:0x00000000 x14=0x00000000
     173195.000 ns	     17318	80003d9c	e0031053	fclass.s	x0,f6	  f6:0x7fc00000
     173215.000 ns	     17320	80003da0	41eb8eb3	sub	x29,x23,x30	 x23:0x7fb43d6c x30:0x00000000 x29=0x7fb43d6c
     173225.000 ns	     17321	80003da4	53806193	ori	x3,x0,1336	  x0:0x00000000  x3=0x00000538
     173245.000 ns	     17323	80003da8	282f9bd3	fmax.s	f23,f31,f2	 f31:0x48820000  f2:0xffc00000 f23=0x48820000
     173265.000 ns	     17325	80003dac	0120bdb3	sltu	x27,x1,x18	  x1:0x00000000 x18:0x80041024 x27=0x00000001
     173275.000 ns	     17326	80003db0	01c2d793	srli	x15,x5,0x1c	  x5:0x00000000 x15=0x00000000
     173285.000 ns	     17327	80003db4	01d87833	and	x16,x16,x29	 x16:0x00000001 x29:0x7fb43d6c x16=0x00000000
     173305.000 ns	     17329	80003db8	20d88ad3	fsgnj.s	f21,f17,f13	 f17:0xcefff7e0 f13:0x7fc00000 f21=0x4efff7e0
     173335.000 ns	     17332	80003dbc	02942233	mulhsu	x4,x8,x9	  x8:0x00000000  x9:0xfffff841  x4=0x00000000
     173355.000 ns	     17334	80003dc0	ae15f313	andi	x6,x11,-1311	 x11:0x267ebd2c  x6=0x267eb820
     173375.000 ns	     17336	80003dc4	c000fdd3	fcvt.w.s	x27,f1	  f1:0x7fffffff x27=0x7fffffff
     173405.000 ns	     17339	80003dc8	03b23f33	mulhu	x30,x4,x27	  x4:0x00000000 x27:0x00000001 x30=0x00000000
     173445.000 ns	     17343	80003dcc	11ed1ed3	fmul.s	f29,f26,f30	 f26:0x4f000000 f30:0xcefff7e0 f29=0xde7ff7e0
     173475.000 ns	     17346	80003dd0	028482b3	mul	x5,x9,x8	  x9:0xfffff841  x8:0x00000000  x5=0x00000000
     173495.000 ns	     17348	80003dd4	008994b3	sll	x9,x19,x8	 x19:0x00000000  x8:0x00000000  x9=0x00000000
     173855.000 ns	     17384	80003dd8	03fd7cb3	remu	x25,x26,x31	 x26:0x8004102e x31:0x00000341 x25=0x000000d3
     173875.000 ns	     17386	80003ddc	48695a97	auipc	x21,0x48695	 x21=0xc8698ddc
     173885.000 ns	     17387	80003de0	016f2bb3	slt	x23,x30,x22	 x30:0x00000000 x22:0x00000000 x23=0x00000000
     173905.000 ns	     17389	80003de4	e00f0353	fmv.x.w	x6,f30	 f30:0xcefff7e0  x6=0xcefff7e0
     173955.000 ns	     17394	80003de8	0800aa53	fsub.s	f20,f1,f0	  f1:0x7fffffff  f0:0x00000000 f20=0x7fc00000
     173985.000 ns	     17397	80003dec	29f39d53	fmax.s	f26,f7,f31	  f7:0x4e4f85c0 f31:0x48820000 f26=0x4e4f85c0
     174355.000 ns	     17434	80003df0	02b7e133	rem	x2,x15,x11	 x15:0x00000000 x11:0x267ebd2c  x2=0x00000000
     174385.000 ns	     17437	80003df4	29c11ed3	fmax.s	f29,f2,f28	  f2:0xffc00000 f28:0x7fc00000 f29=0x7fc00000
     174415.000 ns	     17440	80003df8	d0002ed3	fcvt.s.w	f29,x0	  x0:0x00000000 f29=0x00000000
     174435.000 ns	     17442	80003dfc	40385993	srai	x19,x16,0x3	 x16:0x00000000 x19=0x00000000
     174445.000 ns	     17443	80003e00	008b9033	sll	x0,x23,x8	 x23:0x00000000  x8:0x00000000
     174465.000 ns	     17445	80003e04	02f39ab3	mulh	x21,x7,x15	  x7:0xffffffff x15:0x00000000 x21=0x00000000
     174485.000 ns	     17447	80003e08	00ade1b3	or	x3,x27,x10	 x27:0x7fffffff x10:0x80040fe4  x3=0xffffffff
     174495.000 ns	     17448	80003e0c	01e4bdb3	sltu	x27,x9,x30	  x9:0x00000000 x30:0x00000000 x27=0x00000000
     174515.000 ns	     17450	80003e10	20d89253	fsgnjn.s	f4,f17,f13	 f17:0xcefff7e0 f13:0x7fc00000  f4=0xcefff7e0
     174535.000 ns	     17452	80003e14	5f11b093	sltiu	x1,x3,1521	  x3:0xffffffff  x1=0x00000000
     174545.000 ns	     17453	80003e18	01e91433	sll	x8,x18,x30	 x18:0x80041024 x30:0x00000000  x8=0x80041024
     174565.000 ns	     17455	80003e1c	035bd6b3	divu	x13,x23,x21	 x23:0x00000000 x21:0x00000000 x13=0xffffffff
     174595.000 ns	     17458	80003e20	e00280d3	fmv.x.w	x1,f5	  f5:0x7fc00000  x1=0x7fc00000
     174615.000 ns	     17460	80003e24	f7fbb213	sltiu	x4,x23,-129	 x23:0x00000000  x4=0x00000001
     174635.000 ns	     17462	80003e28	29d488d3	fmin.s	f17,f9,f29	  f9:0x7fc00000 f29:0x00000000 f17=0x00000000
     174665.000 ns	     17465	80003e2c	f00b0fd3	fmv.w.x	f31,x22	 x22:0x00000000 f31=0x00000000
     174695.000 ns	     17468	80003e30	a1af9e53	flt.s	x28,f31,f26	 f31:0x48820000 f26:0x4e4f85c0 x28=0x00000001
     174725.000 ns	     17471	80003e34	20469e53	fsgnjn.s	f28,f13,f4	 f13:0x7fc00000  f4:0xcefff7e0 f28=0x7fc00000
     174745.000 ns	     17473	80003e38	40a0df93	srai	x31,x1,0xa	  x1:0x7fc00000 x31=0x001ff000
     174765.000 ns	     17475	80003e3c	c0097e53	fcvt.w.s	x28,f18	 f18:0x7fc00000 x28=0x7fffffff
     174785.000 ns	     17477	80003e40	4429ba93	sltiu	x21,x19,1090	 x19:0x00000000 x21=0x00000001
     174795.000 ns	     17478	80003e44	004dccb3	xor	x25,x27,x4	 x27:0x00000000  x4:0x00000001 x25=0x00000001
     174815.000 ns	     17480	80003e48	21260fd3	fsgnj.s	f31,f12,f18	 f12:0xce4f85c0 f18:0x7fc00000 f31=0x4e4f85c0
     174835.000 ns	     17482	80003e4c	b6d7a4b7	lui	x9,0xb6d7a	  x9=0xb6d7a000
     174855.000 ns	     17484	80003e50	a11ba6d3	feq.s	x13,f23,f17	 f23:0x48820000 f17:0x00000000 x13=0x00000000
     174885.000 ns	     17487	80003e54	d00e2953	fcvt.s.w	f18,x28	 x28:0x7fffffff f18=0x4f000000
     174925.000 ns	     17491	80003e58	190877d3	fdiv.s	f15,f16,f16	 f16:0x7fc00000 f16:0x7fc00000 f15=0x7fc00000
     175295.000 ns	     17528	80003e5c	03a5c033	div	x0,x11,x26	 x11:0x267ebd2c x26:0x8004102e
     175315.000 ns	     17530	80003e60	019e9613	slli	x12,x29,0x19	 x29:0x7fb43d6c x12=0xd8000000
     175325.000 ns	     17531	80003e64	03dee817	auipc	x16,0x3dee	 x16=0x83df1e64
     175335.000 ns	     17532	80003e68	639e3e13	sltiu	x28,x28,1593	 x28:0x7fffffff x28=0x00000000
     175345.000 ns	     17533	80003e6c	0bfa2c13	slti	x24,x20,191	 x20:0xa202344a x24=0x00000001
     175365.000 ns	     17535	80003e70	28f60753	fmin.s	f14,f12,f15	 f12:0xce4f85c0 f15:0x7fc00000 f14=0xce4f85c0
     175385.000 ns	     17537	80003e74	00f5feb3	and	x29,x11,x15	 x11:0x267ebd2c x15:0x00000000 x29=0x00000000
     175395.000 ns	     17538	80003e78	00f95233	srl	x4,x18,x15	 x18:0x80041024 x15:0x00000000  x4=0x80041024
     175405.000 ns	     17539	80003e7c	cf9eaf13	slti	x30,x29,-775	 x29:0x7fb43d6c x30=0x00000000
     175415.000 ns	     17540	80003e80	415588b3	sub	x17,x11,x21	 x11:0x267ebd2c x21:0x00000001 x17=0x267ebd2b
     175425.000 ns	     17541	80003e84	bf52ec93	ori	x25,x5,-1035	  x5:0x00000000 x25=0xfffffbf5
     175445.000 ns	     17543	80003e88	e00c9653	fclass.s	x12,f25	 f25:0x7fc00000 x12=0x00000200
     175465.000 ns	     17545	80003e8c	ad538e93	addi	x29,x7,-1323	  x7:0xffffffff x29=0xfffffad4
     175475.000 ns	     17546	80003e90	007d4133	xor	x2,x26,x7	 x26:0x8004102e  x7:0xffffffff  x2=0x7ffbefd1
     175495.000 ns	     17548	80003e94	f00d8fd3	fmv.w.x	f31,x27	 x27:0x00000000 f31=0x00000000
     175525.000 ns	     17551	80003e98	21651853	fsgnjn.s	f16,f10,f22	 f10:0x4e4f85c0 f22:0x00000000 f16=0xce4f85c0
     175555.000 ns	     17554	80003e9c	c00672d3	fcvt.w.s	x5,f12	 f12:0xce4f85c0  x5=0x33e17000
     175585.000 ns	     17557	80003ea0	a199a353	feq.s	x6,f19,f25	 f19:0x00000000 f25:0x7fc00000  x6=0x00000000
     175635.000 ns	     17562	80003ea4	086d7bd3	fsub.s	f23,f26,f6	 f26:0x4e4f85c0  f6:0x7fc00000 f23=0x7fc00000
     175665.000 ns	     17565	80003ea8	02312733	mulhsu	x14,x2,x3	  x2:0x7ffbefd1  x3:0xffffffff x14=0x7ffbefd0
     175685.000 ns	     17567	80003eac	002bdc93	srli	x25,x23,0x2	 x23:0x00000000 x25=0x00000000
     175695.000 ns	     17568	80003eb0	f97c0b93	addi	x23,x24,-105	 x24:0x00000001 x23=0xffffff98
     175705.000 ns	     17569	80003eb4	006b45b3	xor	x11,x22,x6	 x22:0x00000000  x6:0x00000000 x11=0x00000000
     175725.000 ns	     17571	80003eb8	03d404b3	mul	x9,x8,x29	  x8:0x80041024 x29:0xfffffad4  x9=0xeafc85d0
     175745.000 ns	     17573	80003ebc	5c6e3e13	sltiu	x28,x28,1478	 x28:0x00000000 x28=0x00000001
     176105.000 ns	     17609	80003ec0	02abdd33	divu	x26,x23,x10	 x23:0xffffff98 x10:0x80040fe4 x26=0x00000001
     176135.000 ns	     17612	80003ec4	a022acd3	feq.s	x25,f5,f2	  f5:0x7fc00000  f2:0xffc00000 x25=0x00000000
     176165.000 ns	     17615	80003ec8	a14c06d3	fle.s	x13,f24,f20	 f24:0x7fc00000 f20:0x7fc00000 x13=0x00000000
     176535.000 ns	     17652	80003ecc	0314d333	divu	x6,x9,x17	  x9:0xeafc85d0 x17:0x267ebd2b  x6=0x00000006
     176565.000 ns	     17655	80003ed0	29df0cd3	fmin.s	f25,f30,f29	 f30:0xcefff7e0 f29:0x00000000 f25=0xcefff7e0
     176585.000 ns	     17657	80003ed4	40a2d093	srai	x1,x5,0xa	  x5:0x33e17000  x1=0x000cf85c
     176595.000 ns	     17658	80003ed8	27654c13	xori	x24,x10,630	 x10:0x80040fe4 x24=0x80040d92
     176635.000 ns	     17662	80003edc	01be3c53	fadd.s	f24,f28,f27	 f28:0x7fc00000 f27:0x80000000 f24=0x7fc00000
     176665.000 ns	     17665	80003ee0	d003f0d3	fcvt.s.w	f1,x7	  x7:0xffffffff  f1=0xbf800000
     176695.000 ns	     17668	80003ee4	03d8bb33	mulhu	x22,x17,x29	 x17:0x267ebd2b x29:0xfffffad4 x22=0x267ebc63
     176715.000 ns	     17670	80003ee8	01e7ac33	slt	x24,x15,x30	 x15:0x00000000 x30:0x00000000 x24=0x00000000
     176725.000 ns	     17671	80003eec	01245293	srli	x5,x8,0x12	  x8:0x80041024  x5=0x00002001
     176735.000 ns	     17672	80003ef0	0031c033	xor	x0,x3,x3	  x3:0xffffffff  x3:0xffffffff
     176745.000 ns	     17673	80003ef4	00a92133	slt	x2,x18,x10	 x18:0x80041024 x10:0x80040fe4  x2=0x00000000
     176765.000 ns	     17675	80003ef8	a0a61f53	flt.s	x30,f12,f10	 f12:0xce4f85c0 f10:0x4e4f85c0 x30=0x00000001
     176795.000 ns	     17678	80003efc	206b0753	fsgnj.s	f14,f22,f6	 f22:0x00000000  f6:0x7fc00000 f14=0x00000000
     176815.000 ns	     17680	80003f00	56956c93	ori	x25,x10,1385	 x10:0x80040fe4 x25=0x80040fed
     176835.000 ns	     17682	80003f04	28e28f53	fmin.s	f30,f5,f14	  f5:0x7fc00000 f14:0x00000000 f30=0x00000000
     176855.000 ns	     17684	80003f08	bc26c313	xori	x6,x13,-1086	 x13:0x00000000  x6=0xfffffbc2
     176885.000 ns	     17687	80003f0c	18e483d3	fdiv.s	f7,f9,f14	  f9:0x7fc00000 f14:0x00000000  f7=0x7fc00000
     176915.000 ns	     17690	80003f10	e0049053	fclass.s	x0,f9	  f9:0x7fc00000
     176935.000 ns	     17692	80003f14	01065f13	srli	x30,x12,0x10	 x12:0x00000200 x30=0x00000000
     176945.000 ns	     17693	80003f18	00ed9733	sll	x14,x27,x14	 x27:0x00000000 x14:0x7ffbefd0 x14=0x00000000
     176955.000 ns	     17694	80003f1c	43977293	andi	x5,x14,1081	 x14:0x7ffbefd0  x5=0x00000000
     176965.000 ns	     17695	80003f20	0053e233	or	x4,x7,x5	  x7:0xffffffff  x5:0x00002001  x4=0xffffffff
     176985.000 ns	     17697	80003f24	03bf42b3	div	x5,x30,x27	 x30:0x00000000 x27:0x00000000  x5=0xffffffff
     177005.000 ns	     17699	80003f28	00000013	addi	x0,x0,0	  x0:0x00000000
     177015.000 ns	     17700	80003f2c	4cb88e97	auipc	x29,0x4cb88	 x29=0xccb8bf2c
     177025.000 ns	     17701	80003f30	78e4a393	slti	x7,x9,1934	  x9:0xeafc85d0  x7=0x00000001
     177045.000 ns	     17703	80003f34	02523b33	mulhu	x22,x4,x5	  x4:0xffffffff  x5:0xffffffff x22=0xfffffffe
     177065.000 ns	     17705	80003f38	009795b3	sll	x11,x15,x9	 x15:0x00000000  x9:0xeafc85d0 x11=0x00000000
     177075.000 ns	     17706	80003f3c	239ecf93	xori	x31,x29,569	 x29:0xccb8bf2c x31=0xccb8bd15
     177085.000 ns	     17707	80003f40	01762bb3	slt	x23,x12,x23	 x12:0x00000200 x23:0xffffff98 x23=0x00000000
     177095.000 ns	     17708	80003f44	0df1b813	sltiu	x16,x3,223	  x3:0xffffffff x16=0x00000000
     177105.000 ns	     17709	80003f48	2f810d93	addi	x27,x2,760	  x2:0x00000000 x27=0x000002f8
     177125.000 ns	     17711	80003f4c	e0028bd3	fmv.x.w	x23,f5	  f5:0x7fc00000 x23=0x7fc00000
     177145.000 ns	     17713	80003f50	fdc7bd13	sltiu	x26,x15,-36	 x15:0x00000000 x26=0x00000001
     177155.000 ns	     17714	80003f54	00af34b3	sltu	x9,x30,x10	 x30:0x00000000 x10:0x80040fe4  x9=0x00000001
     177165.000 ns	     17715	80003f58	00bc0fb3	add	x31,x24,x11	 x24:0x00000000 x11:0x00000000 x31=0x00000000
     177175.000 ns	     17716	80003f5c	9b996d17	auipc	x26,0x9b996	 x26=0x1b999f5c
     177195.000 ns	     17718	80003f60	c01f74d3	fcvt.wu.s	x9,f30	 f30:0x00000000  x9=0x00000000
     177215.000 ns	     17720	80003f64	3fb58c13	addi	x24,x11,1019	 x11:0x00000000 x24=0x000003fb
     177235.000 ns	     17722	80003f68	f0058953	fmv.w.x	f18,x11	 x11:0x00000000 f18=0x00000000
     177255.000 ns	     17724	80003f6c	00965113	srli	x2,x12,0x9	 x12:0x00000200  x2=0x00000001
     177265.000 ns	     17725	80003f70	a3c6b713	sltiu	x14,x13,-1476	 x13:0x00000000 x14=0x00000001
     177285.000 ns	     17727	80003f74	02d5d633	divu	x12,x11,x13	 x11:0x00000000 x13:0x00000000 x12=0xffffffff
     177305.000 ns	     17729	80003f78	01b6b9b3	sltu	x19,x13,x27	 x13:0x00000000 x27:0x000002f8 x19=0x00000001
     177315.000 ns	     17730	80003f7c	c83ce093	ori	x1,x25,-893	 x25:0x80040fed  x1=0xffffffef
     177335.000 ns	     17732	80003f80	c01671d3	fcvt.wu.s	x3,f12	 f12:0xce4f85c0  x3=0x33e17000
     177365.000 ns	     17735	80003f84	e0019d53	fclass.s	x26,f3	  f3:0x4f7ffff8 x26=0x00000040
     177385.000 ns	     17737	80003f88	6f95f093	andi	x1,x11,1785	 x11:0x00000000  x1=0x00000000
     177395.000 ns	     17738	80003f8c	006e4633	xor	x12,x28,x6	 x28:0x00000001  x6:0xfffffbc2 x12=0xfffffbc3
     177415.000 ns	     17740	80003f90	d01689d3	fcvt.s.wu	f19,x13	 x13:0x00000000 f19=0x00000000
     177435.000 ns	     17742	80003f94	019e9433	sll	x8,x29,x25	 x29:0xccb8bf2c x25:0x80040fed  x8=0x17e58000
     177445.000 ns	     17743	80003f98	003acbb3	xor	x23,x21,x3	 x21:0x00000001  x3:0x33e17000 x23=0x33e17001
     177455.000 ns	     17744	80003f9c	00fe7d33	and	x26,x28,x15	 x28:0x00000001 x15:0x00000000 x26=0x00000000
     177475.000 ns	     17746	80003fa0	d00271d3	fcvt.s.w	f3,x4	  x4:0xffffffff  f3=0xbf800000
     177505.000 ns	     17749	80003fa4	28d416d3	fmax.s	f13,f8,f13	  f8:0x00000000 f13:0x7fc00000 f13=0x00000000
     177525.000 ns	     17751	80003fa8	0a070d93	addi	x27,x14,160	 x14:0x00000001 x27=0x000000a1
     177535.000 ns	     17752	80003fac	81823e93	sltiu	x29,x4,-2024	  x4:0xffffffff x29=0x00000000
     177545.000 ns	     17753	80003fb0	01dadb93	srli	x23,x21,0x1d	 x21:0x00000001 x23=0x00000000
     177555.000 ns	     17754	80003fb4	016577b3	and	x15,x10,x22	 x10:0x80040fe4 x22:0xfffffffe x15=0x80040fe4
     177565.000 ns	     17755	80003fb8	00129613	slli	x12,x5,0x1	  x5:0xffffffff x12=0xfffffffe
     177585.000 ns	     17757	80003fbc	a03199d3	flt.s	x19,f3,f3	  f3:0xbf800000  f3:0xbf800000 x19=0x00000000
     177615.000 ns	     17760	80003fc0	21c82a53	fsgnjx.s	f20,f16,f28	 f16:0xce4f85c0 f28:0x7fc00000 f20=0xce4f85c0
     177635.000 ns	     17762	80003fc4	a5c9b297	auipc	x5,0xa5c9b	  x5=0x25c9efc4
     177645.000 ns	     17763	80003fc8	d901eb13	ori	x22,x3,-624	  x3:0x33e17000 x22=0xfffffd90
     177665.000 ns	     17765	80003fcc	03ae74b3	remu	x9,x28,x26	 x28:0x00000001 x26:0x00000000  x9=0x00000001
     177685.000 ns	     17767	80003fd0	01799cb3	sll	x25,x19,x23	 x19:0x00000000 x23:0x00000000 x25=0x00000000
     177705.000 ns	     17769	80003fd4	e0059753	fclass.s	x14,f11	 f11:0x5dcf85c0 x14=0x00000040
     177735.000 ns	     17772	80003fd8	02ae9233	mulh	x4,x29,x10	 x29:0x00000000 x10:0x80040fe4  x4=0x00000000
     177755.000 ns	     17774	80003fdc	071d6613	ori	x12,x26,113	 x26:0x00000000 x12=0x00000071
     177765.000 ns	     17775	80003fe0	416c01b3	sub	x3,x24,x22	 x24:0x000003fb x22:0xfffffd90  x3=0x0000066b
     177775.000 ns	     17776	80003fe4	41448eb3	sub	x29,x9,x20	  x9:0x00000001 x20:0xa202344a x29=0x5dfdcbb7
     177785.000 ns	     17777	80003fe8	41460633	sub	x12,x12,x20	 x12:0x00000071 x20:0xa202344a x12=0x5dfdcc27
     177795.000 ns	     17778	80003fec	01933b33	sltu	x22,x6,x25	  x6:0xfffffbc2 x25:0x00000000 x22=0x00000000
     177815.000 ns	     17780	80003ff0	03ca9133	mulh	x2,x21,x28	 x21:0x00000001 x28:0x00000001  x2=0x00000000
     177835.000 ns	     17782	80003ff4	01dd90b3	sll	x1,x27,x29	 x27:0x000000a1 x29:0x5dfdcbb7  x1=0x50800000
     177845.000 ns	     17783	80003ff8	dec7a093	slti	x1,x15,-532	 x15:0x80040fe4  x1=0x00000001
     177885.000 ns	     17787	80003ffc	003a24d3	fadd.s	f9,f20,f3	 f20:0xce4f85c0  f3:0xbf800000  f9=0xce4f85c1
     177905.000 ns	     17789	80004000	01919213	slli	x4,x3,0x19	  x3:0x0000066b  x4=0xd6000000
     177925.000 ns	     17791	80004004	d01ef5d3	fcvt.s.wu	f11,x29	 x29:0x5dfdcbb7 f11=0x4ebbfb97
     177955.000 ns	     17794	80004008	025f1f33	mulh	x30,x30,x5	 x30:0x00000000  x5:0x25c9efc4 x30=0x00000000
     177985.000 ns	     17797	8000400c	03f563b3	rem	x7,x10,x31	 x10:0x80040fe4 x31:0x00000000  x7=0x80040fe4
     178025.000 ns	     17801	80004010	580dbb53	fsqrt.s	f22,f27	 f27:0x80000000 f22=0x80000000
     178395.000 ns	     17838	80004014	03b94233	div	x4,x18,x27	 x18:0x80041024 x27:0x000000a1  x4=0xff347f4f
     178415.000 ns	     17840	80004018	4082d313	srai	x6,x5,0x8	  x5:0x25c9efc4  x6=0x0025c9ef
     178425.000 ns	     17841	8000401c	410f5c93	srai	x25,x30,0x10	 x30:0x00000000 x25=0x00000000
     178435.000 ns	     17842	80004020	010ac7b3	xor	x15,x21,x16	 x21:0x00000001 x16:0x00000000 x15=0x00000001
     178445.000 ns	     17843	80004024	00dbe2b3	or	x5,x23,x13	 x23:0x00000000 x13:0x00000000  x5=0x00000000
     178455.000 ns	     17844	80004028	41c35293	srai	x5,x6,0x1c	  x6:0x0025c9ef  x5=0x00000000
     178465.000 ns	     17845	8000402c	013acf33	xor	x30,x21,x19	 x21:0x00000001 x19:0x00000000 x30=0x00000001
     178485.000 ns	     17847	80004030	2167a5d3	fsgnjx.s	f11,f15,f22	 f15:0x7fc00000 f22:0x80000000 f11=0xffc00000
     178505.000 ns	     17849	80004034	0020c633	xor	x12,x1,x2	  x1:0x00000001  x2:0x00000000 x12=0x00000001
     178525.000 ns	     17851	80004038	03852033	mulhsu	x0,x10,x24	 x10:0x80040fe4 x24:0x000003fb
     178895.000 ns	     17888	8000403c	0213f7b3	remu	x15,x7,x1	  x7:0x80040fe4  x1:0x00000001 x15=0x00000000
     178925.000 ns	     17891	80004040	02e2aab3	mulhsu	x21,x5,x14	  x5:0x00000000 x14:0x00000040 x21=0x00000000
     178955.000 ns	     17894	80004044	20efa1d3	fsgnjx.s	f3,f31,f14	 f31:0x00000000 f14:0x00000000  f3=0x00000000
     178985.000 ns	     17897	80004048	032e88b3	mul	x17,x29,x18	 x29:0x5dfdcbb7 x18:0x80041024 x17=0xc34815bc
     179015.000 ns	     17900	8000404c	c00f73d3	fcvt.w.s	x7,f30	 f30:0x00000000  x7=0x00000000
     179045.000 ns	     17903	80004050	02d1f633	remu	x12,x3,x13	  x3:0x0000066b x13:0x00000000 x12=0x0000066b
     179075.000 ns	     17906	80004054	29fb8d53	fmin.s	f26,f23,f31	 f23:0x7fc00000 f31:0x00000000 f26=0x00000000
     179105.000 ns	     17909	80004058	02c33133	mulhu	x2,x6,x12	  x6:0x0025c9ef x12:0x0000066b  x2=0x00000000
     179135.000 ns	     17912	8000405c	0254e733	rem	x14,x9,x5	  x9:0x00000001  x5:0x00000000 x14=0x00000001
     179505.000 ns	     17949	80004060	0293cb33	div	x22,x7,x9	  x7:0x00000000  x9:0x00000001 x22=0x00000000
     179535.000 ns	     17952	80004064	035b0c33	mul	x24,x22,x21	 x22:0x00000000 x21:0x00000000 x24=0x00000000
     179555.000 ns	     17954	80004068	0127a8b3	slt	x17,x15,x18	 x15:0x00000000 x18:0x80041024 x17=0x00000000
     179575.000 ns	     17956	8000406c	a1390c53	fle.s	x24,f18,f19	 f18:0x00000000 f19:0x00000000 x24=0x00000001
     179615.000 ns	     17960	80004070	11700253	fmul.s	f4,f0,f23	  f0:0x00000000 f23:0x7fc00000  f4=0x7fc00000
     179645.000 ns	     17963	80004074	20f008d3	fsgnj.s	f17,f0,f15	  f0:0x00000000 f15:0x7fc00000 f17=0x00000000
     179665.000 ns	     17965	80004078	40aa0033	sub	x0,x20,x10	 x20:0xa202344a x10:0x80040fe4
     179675.000 ns	     17966	8000407c	01fbefb3	or	x31,x23,x31	 x23:0x00000000 x31:0x00000000 x31=0x00000000
     179695.000 ns	     17968	80004080	03776833	rem	x16,x14,x23	 x14:0x00000001 x23:0x00000000 x16=0x00000001
     179715.000 ns	     17970	80004084	0157de33	srl	x28,x15,x21	 x15:0x00000000 x21:0x00000000 x28=0x00000000
     179735.000 ns	     17972	80004088	c01c7bd3	fcvt.wu.s	x23,f24	 f24:0x7fc00000 x23=0xffffffff
     179755.000 ns	     17974	8000408c	01a35033	srl	x0,x6,x26	  x6:0x0025c9ef x26:0x00000000
     179775.000 ns	     17976	80004090	21431ad3	fsgnjn.s	f21,f6,f20	  f6:0x7fc00000 f20:0xce4f85c0 f21=0x7fc00000
     179825.000 ns	     17981	80004094	08749153	fsub.s	f2,f9,f7	  f9:0xce4f85c1  f7:0x7fc00000  f2=0x7fc00000
     179855.000 ns	     17984	80004098	f00d04d3	fmv.w.x	f9,x26	 x26:0x00000000  f9=0x00000000
     179885.000 ns	     17987	8000409c	02f72db3	mulhsu	x27,x14,x15	 x14:0x00000001 x15:0x00000000 x27=0x00000000
     179915.000 ns	     17990	800040a0	20142153	fsgnjx.s	f2,f8,f1	  f8:0x00000000  f1:0xbf800000  f2=0x80000000
     179965.000 ns	     17995	800040a4	09c346d3	fsub.s	f13,f6,f28	  f6:0x7fc00000 f28:0x7fc00000 f13=0x7fc00000
     179995.000 ns	     17998	800040a8	205f23d3	fsgnjx.s	f7,f30,f5	 f30:0x00000000  f5:0x7fc00000  f7=0x00000000
     180365.000 ns	     18035	800040ac	0281d033	divu	x0,x3,x8	  x3:0x0000066b  x8:0x17e58000
     180405.000 ns	     18039	800040b0	10b232d3	fmul.s	f5,f4,f11	  f4:0x7fc00000 f11:0xffc00000  f5=0x7fc00000
     180425.000 ns	     18041	800040b4	98807893	andi	x17,x0,-1656	  x0:0x00000000 x17=0x00000000
     180445.000 ns	     18043	800040b8	027756b3	divu	x13,x14,x7	 x14:0x00000001  x7:0x00000000 x13=0xffffffff
     180475.000 ns	     18046	800040bc	a1610fd3	fle.s	x31,f2,f22	  f2:0x80000000 f22:0x80000000 x31=0x00000001
     180495.000 ns	     18048	800040c0	95034613	xori	x12,x6,-1712	  x6:0x0025c9ef x12=0xffda30bf
     180515.000 ns	     18050	800040c4	039a53b3	divu	x7,x20,x25	 x20:0xa202344a x25:0x00000000  x7=0xffffffff
     180545.000 ns	     18053	800040c8	d00b3dd3	fcvt.s.w	f27,x22	 x22:0x00000000 f27=0x00000000
     180575.000 ns	     18056	800040cc	02f272b3	remu	x5,x4,x15	  x4:0xff347f4f x15:0x00000000  x5=0xff347f4f
     180595.000 ns	     18058	800040d0	01275313	srli	x6,x14,0x12	 x14:0x00000001  x6=0x00000000
     180615.000 ns	     18060	800040d4	e00e98d3	fclass.s	x17,f29	 f29:0x00000000 x17=0x00000010
     180635.000 ns	     18062	800040d8	4025d293	srai	x5,x11,0x2	 x11:0x00000000  x5=0x00000000
     180655.000 ns	     18064	800040dc	20cb0453	fsgnj.s	f8,f22,f12	 f22:0x80000000 f12:0xce4f85c0  f8=0x80000000
     180675.000 ns	     18066	800040e0	011efab3	and	x21,x29,x17	 x29:0x5dfdcbb7 x17:0x00000010 x21=0x00000010
     180685.000 ns	     18067	800040e4	018cdab3	srl	x21,x25,x24	 x25:0x00000000 x24:0x00000001 x21=0x00000000
     180705.000 ns	     18069	800040e8	d001fed3	fcvt.s.w	f29,x3	  x3:0x0000066b f29=0x44cd6000
     180735.000 ns	     18072	800040ec	020d02b3	mul	x5,x26,x0	 x26:0x00000000  x0:0x00000000  x5=0x00000000
     181105.000 ns	     18109	800040f0	027a65b3	rem	x11,x20,x7	 x20:0xa202344a  x7:0xffffffff x11=0x00000000
     181125.000 ns	     18111	800040f4	00000013	addi	x0,x0,0	  x0:0x00000000
     181135.000 ns	     18112	800040f8	d6d09e37	lui	x28,0xd6d09	 x28=0xd6d09000
     181145.000 ns	     18113	800040fc	013ed093	srli	x1,x29,0x13	 x29:0x5dfdcbb7  x1=0x00000bbf
     181185.000 ns	     18117	80004100	0806f653	fsub.s	f12,f13,f0	 f13:0x7fc00000  f0:0x00000000 f12=0x7fc00000
     181215.000 ns	     18120	80004104	e00192d3	fclass.s	x5,f3	  f3:0x00000000  x5=0x00000010
     181245.000 ns	     18123	80004108	28f71f53	fmax.s	f30,f14,f15	 f14:0x00000000 f15:0x7fc00000 f30=0x00000000
     181275.000 ns	     18126	8000410c	29630f53	fmin.s	f30,f6,f22	  f6:0x7fc00000 f22:0x80000000 f30=0x80000000
     181305.000 ns	     18129	80004110	02602733	mulhsu	x14,x0,x6	  x0:0x00000000  x6:0x00000000 x14=0x00000000
     181325.000 ns	     18131	80004114	01aa8133	add	x2,x21,x26	 x21:0x00000000 x26:0x00000000  x2=0x00000000
     181345.000 ns	     18133	80004118	c01e88d3	fcvt.wu.s	x17,f29	 f29:0x44cd6000 x17=0x0000066b
     181365.000 ns	     18135	8000411c	363ab293	sltiu	x5,x21,867	 x21:0x00000000  x5=0x00000001
     181385.000 ns	     18137	80004120	e00d0c53	fmv.x.w	x24,f26	 f26:0x00000000 x24=0x00000000
     181755.000 ns	     18174	80004124	027c7d33	remu	x26,x24,x7	 x24:0x00000001  x7:0xffffffff x26=0x00000000
     181775.000 ns	     18176	80004128	b3042213	slti	x4,x8,-1232	  x8:0x17e58000  x4=0x00000000
     181795.000 ns	     18178	8000412c	f0098953	fmv.w.x	f18,x19	 x19:0x00000000 f18=0x00000000
     181825.000 ns	     18181	80004130	e00b9853	fclass.s	x16,f23	 f23:0x7fc00000 x16=0x00000200
     181845.000 ns	     18183	80004134	00d238b3	sltu	x17,x4,x13	  x4:0x00000000 x13:0xffffffff x17=0x00000001
     181855.000 ns	     18184	80004138	40c3d193	srai	x3,x7,0xc	  x7:0xffffffff  x3=0xffffffff
     181895.000 ns	     18188	8000413c	01f075d3	fadd.s	f11,f0,f31	  f0:0x00000000 f31:0x00000000 f11=0x00000000
     181915.000 ns	     18190	80004140	0153cab3	xor	x21,x7,x21	  x7:0xffffffff x21:0x00000000 x21=0xffffffff
     181945.000 ns	     18193	80004144	1973cad3	fdiv.s	f21,f7,f23	  f7:0x00000000 f23:0x7fc00000 f21=0x7fc00000
     181975.000 ns	     18196	80004148	c01e8c53	fcvt.wu.s	x24,f29	 f29:0x44cd6000 x24=0x0000066b
     182005.000 ns	     18199	8000414c	d011fd53	fcvt.s.wu	f26,x3	  x3:0xffffffff f26=0x4f7fffff
     182025.000 ns	     18201	80004150	00462233	slt	x4,x12,x4	 x12:0xffda30bf  x4:0x00000000  x4=0x00000001
     182035.000 ns	     18202	80004154	00ce84b3	add	x9,x29,x12	 x29:0x5dfdcbb7 x12:0xffda30bf  x9=0x5dd7fc76
     182055.000 ns	     18204	80004158	c00f73d3	fcvt.w.s	x7,f30	 f30:0x80000000  x7=0x00000000
     182075.000 ns	     18206	8000415c	0145bbb3	sltu	x23,x11,x20	 x11:0x00000000 x20:0xa202344a x23=0x00000001
     182095.000 ns	     18208	80004160	28b51ad3	fmax.s	f21,f10,f11	 f10:0x4e4f85c0 f11:0x00000000 f21=0x4e4f85c0
     182125.000 ns	     18211	80004164	a01a84d3	fle.s	x9,f21,f1	 f21:0x7fc00000  f1:0xbf800000  x9=0x00000000
     182155.000 ns	     18214	80004168	208119d3	fsgnjn.s	f19,f2,f8	  f2:0x80000000  f8:0x80000000 f19=0x00000000
     182175.000 ns	     18216	8000416c	406802b3	sub	x5,x16,x6	 x16:0x00000200  x6:0x00000000  x5=0x00000200
     182185.000 ns	     18217	80004170	f79df997	auipc	x19,0xf79df	 x19=0x779e3170
     182195.000 ns	     18218	80004174	003b27b3	slt	x15,x22,x3	 x22:0x00000000  x3:0xffffffff x15=0x00000000
     182205.000 ns	     18219	80004178	6226f313	andi	x6,x13,1570	 x13:0xffffffff  x6=0x00000622
     182215.000 ns	     18220	8000417c	4c885697	auipc	x13,0x4c885	 x13=0xcc88917c
     182235.000 ns	     18222	80004180	c00afd53	fcvt.w.s	x26,f21	 f21:0x4e4f85c0 x26=0x33e17000
     182255.000 ns	     18224	80004184	6f9fe313	ori	x6,x31,1785	 x31:0x00000001  x6=0x000006f9
     182265.000 ns	     18225	80004188	d3d8b113	sltiu	x2,x17,-707	 x17:0x00000001  x2=0x00000001
     182305.000 ns	     18229	8000418c	082c3253	fsub.s	f4,f24,f2	 f24:0x7fc00000  f2:0x80000000  f4=0x7fc00000
     182335.000 ns	     18232	80004190	21759353	fsgnjn.s	f6,f11,f23	 f11:0x00000000 f23:0x7fc00000  f6=0x80000000
     182365.000 ns	     18235	80004194	02660133	mul	x2,x12,x6	 x12:0xffda30bf  x6:0x000006f9  x2=0xf85de3c7
     182395.000 ns	     18238	80004198	21bf9bd3	fsgnjn.s	f23,f31,f27	 f31:0x00000000 f27:0x00000000 f23=0x80000000
     182415.000 ns	     18240	8000419c	fec97613	andi	x12,x18,-20	 x18:0x80041024 x12=0x80041024
     182425.000 ns	     18241	800041a0	0159b1b3	sltu	x3,x19,x21	 x19:0x779e3170 x21:0xffffffff  x3=0x00000001
     182455.000 ns	     18244	800041a4	10ae09d3	fmul.s	f19,f28,f10	 f28:0x7fc00000 f10:0x4e4f85c0 f19=0x7fc00000
     182485.000 ns	     18247	800041a8	e00f1bd3	fclass.s	x23,f30	 f30:0x80000000 x23=0x00000008
     182505.000 ns	     18249	800041ac	65e62d17	auipc	x26,0x65e62	 x26=0xe5e661ac
     182515.000 ns	     18250	800041b0	012df133	and	x2,x27,x18	 x27:0x00000000 x18:0x80041024  x2=0x00000000
     182525.000 ns	     18251	800041b4	1e2f2393	slti	x7,x30,482	 x30:0x00000001  x7=0x00000001
     182535.000 ns	     18252	800041b8	01e1d393	srli	x7,x3,0x1e	  x3:0x00000001  x7=0x00000000
     182895.000 ns	     18288	800041bc	02195033	divu	x0,x18,x1	 x18:0x80041024  x1:0x00000bbf
     182915.000 ns	     18290	800041c0	01882bb3	slt	x23,x16,x24	 x16:0x00000200 x24:0x0000066b x23=0x00000001
     182925.000 ns	     18291	800041c4	f99e4e93	xori	x29,x28,-103	 x28:0xd6d09000 x29=0x292f6f99
     182935.000 ns	     18292	800041c8	00ed0e33	add	x28,x26,x14	 x26:0xe5e661ac x14:0x00000000 x28=0xe5e661ac
     182955.000 ns	     18294	800041cc	024a0fb3	mul	x31,x20,x4	 x20:0xa202344a  x4:0x00000001 x31=0xa202344a
     182975.000 ns	     18296	800041d0	8614f713	andi	x14,x9,-1951	  x9:0x00000000 x14=0x00000000
     182995.000 ns	     18298	800041d4	d00c1ad3	fcvt.s.w	f21,x24	 x24:0x0000066b f21=0x44cd6000
     183025.000 ns	     18301	800041d8	02bdce33	div	x28,x27,x11	 x27:0x00000000 x11:0x00000000 x28=0xffffffff
     183045.000 ns	     18303	800041dc	4c160337	lui	x6,0x4c160	  x6=0x4c160000
     183055.000 ns	     18304	800041e0	7a40f593	andi	x11,x1,1956	  x1:0x00000bbf x11=0x000003a4
     183075.000 ns	     18306	800041e4	a16a0753	fle.s	x14,f20,f22	 f20:0xce4f85c0 f22:0x80000000 x14=0x00000001
     183095.000 ns	     18308	800041e8	00495033	srl	x0,x18,x4	 x18:0x80041024  x4:0x00000001
     183115.000 ns	     18310	800041ec	033e10b3	mulh	x1,x28,x19	 x28:0xffffffff x19:0x779e3170  x1=0xffffffff
     183135.000 ns	     18312	800041f0	00b5bcb3	sltu	x25,x11,x11	 x11:0x000003a4 x11:0x000003a4 x25=0x00000000
     183145.000 ns	     18313	800041f4	0077ecb3	or	x25,x15,x7	 x15:0x00000000  x7:0x00000000 x25=0x00000000
     183155.000 ns	     18314	800041f8	5d242213	slti	x4,x8,1490	  x8:0x17e58000  x4=0x00000000
     183165.000 ns	     18315	800041fc	52074893	xori	x17,x14,1312	 x14:0x00000001 x17=0x00000521
     183175.000 ns	     18316	80004200	6ac0b3b7	lui	x7,0x6ac0b	  x7=0x6ac0b000
     183185.000 ns	     18317	80004204	ccb6e0b7	lui	x1,0xccb6e	  x1=0xccb6e000
     183195.000 ns	     18318	80004208	b3620d13	addi	x26,x4,-1226	  x4:0x00000000 x26=0xfffffb36
     183205.000 ns	     18319	8000420c	01135c13	srli	x24,x6,0x11	  x6:0x4c160000 x24=0x0000260b
     183565.000 ns	     18355	80004210	026966b3	rem	x13,x18,x6	 x18:0x80041024  x6:0x4c160000 x13=0xcc1a1024
     183585.000 ns	     18357	80004214	41d45593	srai	x11,x8,0x1d	  x8:0x17e58000 x11=0x00000000
     183595.000 ns	     18358	80004218	ec238993	addi	x19,x7,-318	  x7:0x6ac0b000 x19=0x6ac0aec2
     183615.000 ns	     18360	8000421c	a0c80b53	fle.s	x22,f16,f12	 f16:0xce4f85c0 f12:0x7fc00000 x22=0x00000000
     183635.000 ns	     18362	80004220	986bc837	lui	x16,0x986bc	 x16=0x986bc000
     183655.000 ns	     18364	80004224	203aa553	fsgnjx.s	f10,f21,f3	 f21:0x44cd6000  f3:0x00000000 f10=0x44cd6000
     183685.000 ns	     18367	80004228	a05d1453	flt.s	x8,f26,f5	 f26:0x4f7fffff  f5:0x7fc00000  x8=0x00000000
     183715.000 ns	     18370	8000422c	e00b0e53	fmv.x.w	x28,f22	 f22:0x80000000 x28=0x80000000
     184085.000 ns	     18407	80004230	0251d133	divu	x2,x3,x5	  x3:0x00000001  x5:0x00000200  x2=0x00000000
     184115.000 ns	     18410	80004234	f00f8f53	fmv.w.x	f30,x31	 x31:0xa202344a f30=0xa202344a
     184135.000 ns	     18412	80004238	00dfb9b3	sltu	x19,x31,x13	 x31:0xa202344a x13:0xcc1a1024 x19=0x00000001
     184145.000 ns	     18413	8000423c	01fb1993	slli	x19,x22,0x1f	 x22:0x00000000 x19=0x00000000
     184155.000 ns	     18414	80004240	41be57b7	lui	x15,0x41be5	 x15=0x41be5000
     184175.000 ns	     18416	80004244	e00a14d3	fclass.s	x9,f20	 f20:0xce4f85c0  x9=0x00000002
     184205.000 ns	     18419	80004248	02018733	mul	x14,x3,x0	  x3:0x00000001  x0:0x00000000 x14=0x00000000
     184225.000 ns	     18421	8000424c	6b2531b7	lui	x3,0x6b253	  x3=0x6b253000
     184245.000 ns	     18423	80004250	291811d3	fmax.s	f3,f16,f17	 f16:0xce4f85c0 f17:0x00000000  f3=0x00000000
     184275.000 ns	     18426	80004254	c00db3d3	fcvt.w.s	x7,f27	 f27:0x00000000  x7=0x00000000
     184295.000 ns	     18428	80004258	01457f33	and	x30,x10,x20	 x10:0x80040fe4 x20:0xa202344a x30=0x80000440
     184305.000 ns	     18429	8000425c	41c184b3	sub	x9,x3,x28	  x3:0x6b253000 x28:0x80000000  x9=0xeb253000
     184325.000 ns	     18431	80004260	28e00c53	fmin.s	f24,f0,f14	  f0:0x00000000 f14:0x00000000 f24=0x00000000
     184355.000 ns	     18434	80004264	a0cb8853	fle.s	x16,f23,f12	 f23:0x80000000 f12:0x7fc00000 x16=0x00000000
     184375.000 ns	     18436	80004268	f192e793	ori	x15,x5,-231	  x5:0x00000200 x15=0xffffff19
     184385.000 ns	     18437	8000426c	0086f7b3	and	x15,x13,x8	 x13:0xcc1a1024  x8:0x00000000 x15=0x00000000
     184405.000 ns	     18439	80004270	d0047653	fcvt.s.w	f12,x8	  x8:0x00000000 f12=0x00000000
     184425.000 ns	     18441	80004274	006b5c33	srl	x24,x22,x6	 x22:0x00000000  x6:0x4c160000 x24=0x00000000
     184435.000 ns	     18442	80004278	411fdb33	sra	x22,x31,x17	 x31:0xa202344a x17:0x00000521 x22=0xd1011a25
     185605.000 ns	     18559	8000427c	580ef3d3	fsqrt.s	f7,f29	 f29:0x44cd6000  f7=0x422222be
     185635.000 ns	     18562	80004280	29b71bd3	fmax.s	f23,f14,f27	 f14:0x00000000 f27:0x00000000 f23=0x00000000
     185665.000 ns	     18565	80004284	025b0133	mul	x2,x22,x5	 x22:0xd1011a25  x5:0x00000200  x2=0x02344a00
     185685.000 ns	     18567	80004288	007b80b3	add	x1,x23,x7	 x23:0x00000001  x7:0x00000000  x1=0x00000001
     185695.000 ns	     18568	8000428c	8f3cad93	slti	x27,x25,-1805	 x25:0x00000000 x27=0x00000000
     185715.000 ns	     18570	80004290	a0be1bd3	flt.s	x23,f28,f11	 f28:0x7fc00000 f11:0x00000000 x23=0x00000000
     185735.000 ns	     18572	80004294	a02dc313	xori	x6,x27,-1534	 x27:0x00000000  x6=0xfffffa02
     185755.000 ns	     18574	80004298	c0173ed3	fcvt.wu.s	x29,f14	 f14:0x00000000 x29=0x00000000
     185775.000 ns	     18576	8000429c	e3eb8b13	addi	x22,x23,-450	 x23:0x00000000 x22=0xfffffe3e
     185795.000 ns	     18578	800042a0	291c8153	fmin.s	f2,f25,f17	 f25:0xcefff7e0 f17:0x00000000  f2=0xcefff7e0
     185815.000 ns	     18580	800042a4	97530b93	addi	x23,x6,-1675	  x6:0xfffffa02 x23=0xfffff377
     185825.000 ns	     18581	800042a8	01e1deb3	srl	x29,x3,x30	  x3:0x6b253000 x30:0x80000440 x29=0x6b253000
     185835.000 ns	     18582	800042ac	4112dc93	srai	x25,x5,0x11	  x5:0x00000200 x25=0x00000000
     185875.000 ns	     18586	800042b0	08cd74d3	fsub.s	f9,f26,f12	 f26:0x4f7fffff f12:0x00000000  f9=0x4f7fffff
     185905.000 ns	     18589	800042b4	e0051b53	fclass.s	x22,f10	 f10:0x44cd6000 x22=0x00000040
     185945.000 ns	     18593	800042b8	188498d3	fdiv.s	f17,f9,f8	  f9:0x4f7fffff  f8:0x80000000 f17=0xff800000
     185965.000 ns	     18595	800042bc	2eed7393	andi	x7,x26,750	 x26:0xfffffb36  x7=0x00000226
     185985.000 ns	     18597	800042c0	20242b53	fsgnjx.s	f22,f8,f2	  f8:0x80000000  f2:0xcefff7e0 f22=0x00000000
     186015.000 ns	     18600	800042c4	20051853	fsgnjn.s	f16,f10,f0	 f10:0x44cd6000  f0:0x00000000 f16=0xc4cd6000
     186385.000 ns	     18637	800042c8	02c24833	div	x16,x4,x12	  x4:0x00000000 x12:0x80041024 x16=0x00000000
     186415.000 ns	     18640	800042cc	020e18b3	mulh	x17,x28,x0	 x28:0x80000000  x0:0x00000000 x17=0x00000000
     186445.000 ns	     18643	800042d0	f00382d3	fmv.w.x	f5,x7	  x7:0x00000226  f5=0x00000226
     186465.000 ns	     18645	800042d4	00000013	addi	x0,x0,0	  x0:0x00000000
     186475.000 ns	     18646	800042d8	00171d33	sll	x26,x14,x1	 x14:0x00000000  x1:0x00000001 x26=0x00000000
     186485.000 ns	     18647	800042dc	28633037	lui	x0,0x28633	
     186495.000 ns	     18648	800042e0	008cdeb3	srl	x29,x25,x8	 x25:0x00000000  x8:0x00000000 x29=0x00000000
     186505.000 ns	     18649	800042e4	d169b113	sltiu	x2,x19,-746	 x19:0x00000000  x2=0x00000001
     186525.000 ns	     18651	800042e8	e0068cd3	fmv.x.w	x25,f13	 f13:0x7fc00000 x25=0x7fc00000
     186545.000 ns	     18653	800042ec	40b55a93	srai	x21,x10,0xb	 x10:0x80040fe4 x21=0xfff00081
     186565.000 ns	     18655	800042f0	a17e26d3	feq.s	x13,f28,f23	 f28:0x7fc00000 f23:0x00000000 x13=0x00000000
     186595.000 ns	     18658	800042f4	291a05d3	fmin.s	f11,f20,f17	 f20:0xce4f85c0 f17:0xff800000 f11=0xff800000
     186625.000 ns	     18661	800042f8	203696d3	fsgnjn.s	f13,f13,f3	 f13:0x7fc00000  f3:0x00000000 f13=0xffc00000
     186645.000 ns	     18663	800042fc	00732f33	slt	x30,x6,x7	  x6:0xfffffa02  x7:0x00000226 x30=0x00000001
     186665.000 ns	     18665	80004300	03f427b3	mulhsu	x15,x8,x31	  x8:0x00000000 x31:0xa202344a x15=0x00000000
     186685.000 ns	     18667	80004304	40428fb3	sub	x31,x5,x4	  x5:0x00000200  x4:0x00000000 x31=0x00000200
     186705.000 ns	     18669	80004308	e0079253	fclass.s	x4,f15	 f15:0x7fc00000  x4=0x00000200
     186755.000 ns	     18674	8000430c	00c0fed3	fadd.s	f29,f1,f12	  f1:0xbf800000 f12:0x00000000 f29=0xbf800000
     186795.000 ns	     18678	80004310	10771d53	fmul.s	f26,f14,f7	 f14:0x00000000  f7:0x422222be f26=0x00000000
     186825.000 ns	     18681	80004314	c0197ed3	fcvt.wu.s	x29,f18	 f18:0x00000000 x29=0x00000000
     186845.000 ns	     18683	80004318	018ca633	slt	x12,x25,x24	 x25:0x7fc00000 x24:0x00000000 x12=0x00000000
     186855.000 ns	     18684	8000431c	5a700b13	addi	x22,x0,1447	  x0:0x00000000 x22=0x000005a7
     186875.000 ns	     18686	80004320	21652cd3	fsgnjx.s	f25,f10,f22	 f10:0x44cd6000 f22:0x00000000 f25=0x44cd6000
     186905.000 ns	     18689	80004324	a089a653	feq.s	x12,f19,f8	 f19:0x7fc00000  f8:0x80000000 x12=0x00000000
     186925.000 ns	     18691	80004328	0078db13	srli	x22,x17,0x7	 x17:0x00000000 x22=0x00000000
     186935.000 ns	     18692	8000432c	013d9f33	sll	x30,x27,x19	 x27:0x00000000 x19:0x00000000 x30=0x00000000
     186955.000 ns	     18694	80004330	f0030e53	fmv.w.x	f28,x6	  x6:0xfffffa02 f28=0xfffffa02
     186985.000 ns	     18697	80004334	288f97d3	fmax.s	f15,f31,f8	 f31:0x00000000  f8:0x80000000 f15=0x00000000
     187005.000 ns	     18699	80004338	40e15833	sra	x16,x2,x14	  x2:0x00000001 x14:0x00000000 x16=0x00000001
     187035.000 ns	     18702	8000433c	18523fd3	fdiv.s	f31,f4,f5	  f4:0x7fc00000  f5:0x00000226 f31=0x7fc00000
     187055.000 ns	     18704	80004340	00000013	addi	x0,x0,0	  x0:0x00000000
     187065.000 ns	     18705	80004344	be94f713	andi	x14,x9,-1047	  x9:0xeb253000 x14=0xeb253000
     188235.000 ns	     18822	80004348	580cb8d3	fsqrt.s	f17,f25	 f25:0x44cd6000 f17=0x422222be
     188265.000 ns	     18825	8000434c	d00f41d3	fcvt.s.w	f3,x30	 x30:0x00000000  f3=0x00000000
     188635.000 ns	     18862	80004350	024565b3	rem	x11,x10,x4	 x10:0x80040fe4  x4:0x00000200 x11=0xffffffe4
     188655.000 ns	     18864	80004354	016758b3	srl	x17,x14,x22	 x14:0xeb253000 x22:0x00000000 x17=0xeb253000
     188675.000 ns	     18866	80004358	296113d3	fmax.s	f7,f2,f22	  f2:0xcefff7e0 f22:0x00000000  f7=0x00000000
     188695.000 ns	     18868	8000435c	c2274f93	xori	x31,x14,-990	 x14:0xeb253000 x31=0x14dacc22
     188715.000 ns	     18870	80004360	29829453	fmax.s	f8,f5,f24	  f5:0x00000226 f24:0x00000000  f8=0x00000226
     188745.000 ns	     18873	80004364	a1440353	fle.s	x6,f8,f20	  f8:0x80000000 f20:0xce4f85c0  x6=0x00000000
     188795.000 ns	     18878	80004368	087cf953	fsub.s	f18,f25,f7	 f25:0x44cd6000  f7:0x00000000 f18=0x44cd6000
     188815.000 ns	     18880	8000436c	01d721b3	slt	x3,x14,x29	 x14:0xeb253000 x29:0x00000000  x3=0x00000001
     188825.000 ns	     18881	80004370	6aa42013	slti	x0,x8,1706	  x8:0x00000000
     188835.000 ns	     18882	80004374	01b8deb3	srl	x29,x17,x27	 x17:0xeb253000 x27:0x00000000 x29=0xeb253000
     188855.000 ns	     18884	80004378	2023a7d3	fsgnjx.s	f15,f7,f2	  f7:0x00000000  f2:0xcefff7e0 f15=0x80000000
     188885.000 ns	     18887	8000437c	e00f8853	fmv.x.w	x16,f31	 f31:0x7fc00000 x16=0x7fc00000
     188905.000 ns	     18889	80004380	415581b3	sub	x3,x11,x21	 x11:0xffffffe4 x21:0xfff00081  x3=0x000fff63
     188915.000 ns	     18890	80004384	1b30a413	slti	x8,x1,435	  x1:0x00000001  x8=0x00000001
     188935.000 ns	     18892	80004388	0338b8b3	mulhu	x17,x17,x19	 x17:0xeb253000 x19:0x00000000 x17=0x00000000
     188955.000 ns	     18894	8000438c	01afb733	sltu	x14,x31,x26	 x31:0x14dacc22 x26:0x00000000 x14=0x00000000
     188965.000 ns	     18895	80004390	00ab92b3	sll	x5,x23,x10	 x23:0xfffff377 x10:0x80040fe4  x5=0xffff3770
     188975.000 ns	     18896	80004394	47b6f893	andi	x17,x13,1147	 x13:0x00000000 x17=0x00000000
     188995.000 ns	     18898	80004398	03c29333	mulh	x6,x5,x28	  x5:0x00000200 x28:0x80000000  x6=0x00006448
     189025.000 ns	     18901	8000439c	029a2733	mulhsu	x14,x20,x9	 x20:0xa202344a  x9:0xeb253000 x14=0xa9aa5eb1
     189045.000 ns	     18903	800043a0	d0f73793	sltiu	x15,x14,-753	 x14:0x00000000 x15=0x00000001
     189055.000 ns	     18904	800043a4	00e933b3	sltu	x7,x18,x14	 x18:0x80041024 x14:0xa9aa5eb1  x7=0x00000001
     189075.000 ns	     18906	800043a8	29331253	fmax.s	f4,f6,f19	  f6:0x80000000 f19:0x7fc00000  f4=0x80000000
     189445.000 ns	     18943	800043ac	02baf833	remu	x16,x21,x11	 x21:0xfff00081 x11:0xffffffe4 x16=0xfff00081
     189485.000 ns	     18947	800043b0	580988d3	fsqrt.s	f17,f19	 f19:0x7fc00000 f17=0x7fc00000
     189505.000 ns	     18949	800043b4	00000013	addi	x0,x0,0	  x0:0x00000000
     189865.000 ns	     18985	800043b8	03247eb3	remu	x29,x8,x18	  x8:0x00000001 x18:0x80041024 x29=0x00000001
     189895.000 ns	     18988	800043bc	d0044453	fcvt.s.w	f8,x8	  x8:0x00000001  f8=0x3f800000
     189915.000 ns	     18990	800043c0	0041a6b3	slt	x13,x3,x4	  x3:0x000fff63  x4:0x00000200 x13=0x00000000
     189935.000 ns	     18992	800043c4	e00e87d3	fmv.x.w	x15,f29	 f29:0xbf800000 x15=0xbf800000
     190305.000 ns	     19029	800043c8	027ccd33	div	x26,x25,x7	 x25:0x7fc00000  x7:0x00000001 x26=0x7fc00000
     190325.000 ns	     19031	800043cc	40645ab3	sra	x21,x8,x6	  x8:0x00000001  x6:0x00006448 x21=0x00000000
     190345.000 ns	     19033	800043d0	d01e7cd3	fcvt.s.wu	f25,x28	 x28:0x80000000 f25=0x4f000000
     190395.000 ns	     19038	800043d4	00d373d3	fadd.s	f7,f6,f13	  f6:0x80000000 f13:0xffc00000  f7=0x7fc00000
     190415.000 ns	     19040	800043d8	9b4a6897	auipc	x17,0x9b4a6	 x17=0x1b4aa3d8
     190435.000 ns	     19042	800043dc	f0068c53	fmv.w.x	f24,x13	 x13:0x00000000 f24=0x00000000
     190485.000 ns	     19047	800043e0	09ddf353	fsub.s	f6,f27,f29	 f27:0x00000000 f29:0xbf800000  f6=0x3f800000
     190505.000 ns	     19049	800043e4	79726e93	ori	x29,x4,1943	  x4:0x00000200 x29=0x00000797
     190525.000 ns	     19051	800043e8	02010c33	mul	x24,x2,x0	  x2:0x00000001  x0:0x00000000 x24=0x00000000
     190545.000 ns	     19053	800043ec	40f901b3	sub	x3,x18,x15	 x18:0x80041024 x15:0xbf800000  x3=0xc0841024
     190555.000 ns	     19054	800043f0	4156d293	srai	x5,x13,0x15	 x13:0x00000000  x5=0x00000000
     190575.000 ns	     19056	800043f4	21be8a53	fsgnj.s	f20,f29,f27	 f29:0xbf800000 f27:0x00000000 f20=0x3f800000
     190595.000 ns	     19058	800043f8	1fc8c893	xori	x17,x17,508	 x17:0x1b4aa3d8 x17=0x1b4aa224
     190605.000 ns	     19059	800043fc	f0e24e13	xori	x28,x4,-242	  x4:0x00000200 x28=0xfffffd0e
     190625.000 ns	     19061	80004400	e00e8153	fmv.x.w	x2,f29	 f29:0xbf800000  x2=0xbf800000
     190655.000 ns	     19064	80004404	f0030dd3	fmv.w.x	f27,x6	  x6:0x00006448 f27=0x00006448
     190675.000 ns	     19066	80004408	409ade33	sra	x28,x21,x9	 x21:0x00000000  x9:0xeb253000 x28=0x00000000
     190695.000 ns	     19068	8000440c	211a8853	fsgnj.s	f16,f21,f17	 f21:0x44cd6000 f17:0x7fc00000 f16=0x44cd6000
     190715.000 ns	     19070	80004410	79208717	auipc	x14,0x79208	 x14=0xf920c410
     190725.000 ns	     19071	80004414	016664b3	or	x9,x12,x22	 x12:0x00000000 x22:0x00000000  x9=0x00000000
     191085.000 ns	     19107	80004418	02a0f8b3	remu	x17,x1,x10	  x1:0x00000001 x10:0x80040fe4 x17=0x00000001
     191115.000 ns	     19110	8000441c	0251bab3	mulhu	x21,x3,x5	  x3:0xc0841024  x5:0x00000000 x21=0x00000000
     191145.000 ns	     19113	80004420	28628253	fmin.s	f4,f5,f6	  f5:0x00000226  f6:0x3f800000  f4=0x00000226
     191175.000 ns	     19116	80004424	c0158b53	fcvt.wu.s	x22,f11	 f11:0xff800000 x22=0x00000000
     191195.000 ns	     19118	80004428	013549b3	xor	x19,x10,x19	 x10:0x80040fe4 x19:0x00000000 x19=0x80040fe4
     191555.000 ns	     19154	8000442c	02ee6db3	rem	x27,x28,x14	 x28:0x00000000 x14:0xf920c410 x27=0x00000000
     191585.000 ns	     19157	80004430	03bf0cb3	mul	x25,x30,x27	 x30:0x00000000 x27:0x00000000 x25=0x00000000
     191615.000 ns	     19160	80004434	02628033	mul	x0,x5,x6	  x5:0x00000000  x6:0x00006448
     191645.000 ns	     19163	80004438	03fe9733	mulh	x14,x29,x31	 x29:0x00000797 x31:0x14dacc22 x14=0x0000009e
     191665.000 ns	     19165	8000443c	0ee77a93	andi	x21,x14,238	 x14:0xf920c410 x21=0x0000008e
     191675.000 ns	     19166	80004440	01c9e733	or	x14,x19,x28	 x19:0x80040fe4 x28:0x00000000 x14=0x80040fe4
     191685.000 ns	     19167	80004444	007d5033	srl	x0,x26,x7	 x26:0x7fc00000  x7:0x00000001
     191695.000 ns	     19168	80004448	0184d213	srli	x4,x9,0x18	  x9:0x00000000  x4=0x00000000
     191715.000 ns	     19170	8000444c	02899233	mulh	x4,x19,x8	 x19:0x80040fe4  x8:0x00000001  x4=0xffffffff
     192085.000 ns	     19207	80004450	02af6f33	rem	x30,x30,x10	 x30:0x00000000 x10:0x80040fe4 x30=0x00000000
     192115.000 ns	     19210	80004454	c0007853	fcvt.w.s	x16,f0	  f0:0x00000000 x16=0x00000000
     192145.000 ns	     19213	80004458	a1570dd3	fle.s	x27,f14,f21	 f14:0x00000000 f21:0x44cd6000 x27=0x00000001
     192175.000 ns	     19216	8000445c	e0068ad3	fmv.x.w	x21,f13	 f13:0xffc00000 x21=0xffc00000
     192195.000 ns	     19218	80004460	8ebd6e13	ori	x28,x26,-1813	 x26:0x7fc00000 x28=0xfffff8eb
     192215.000 ns	     19220	80004464	025169b3	rem	x19,x2,x5	  x2:0xbf800000  x5:0x00000000 x19=0xbf800000
     192245.000 ns	     19223	80004468	a0e423d3	feq.s	x7,f8,f14	  f8:0x3f800000 f14:0x00000000  x7=0x00000000
     192265.000 ns	     19225	8000446c	01d51733	sll	x14,x10,x29	 x10:0x80040fe4 x29:0x00000797 x14=0xf2000000
     192285.000 ns	     19227	80004470	c01d25d3	fcvt.wu.s	x11,f26	 f26:0x00000000 x11=0x00000000
     192305.000 ns	     19229	80004474	19b13313	sltiu	x6,x2,411	  x2:0xbf800000  x6=0x00000000
     192315.000 ns	     19230	80004478	0084cb33	xor	x22,x9,x8	  x9:0x00000000  x8:0x00000001 x22=0x00000001
     192325.000 ns	     19231	8000447c	00eb1093	slli	x1,x22,0xe	 x22:0x00000000  x1=0x00004000
     192335.000 ns	     19232	80004480	017daab3	slt	x21,x27,x23	 x27:0x00000001 x23:0xfffff377 x21=0x00000000
     192345.000 ns	     19233	80004484	017eebb3	or	x23,x29,x23	 x29:0x00000797 x23:0xfffff377 x23=0xfffff7f7
     192355.000 ns	     19234	80004488	61a2c593	xori	x11,x5,1562	  x5:0x00000000 x11=0x0000061a
     192685.000 ns	     19267	8000448c	19e54ad3	fdiv.s	f21,f10,f30	 f10:0x44cd6000 f30:0xa202344a f21=0xe210f87a
     192705.000 ns	     19269	80004490	00000013	addi	x0,x0,0	  x0:0x00000000
     192715.000 ns	     19270	80004494	00e567b3	or	x15,x10,x14	 x10:0x80040fe4 x14:0xf2000000 x15=0xf2040fe4
     192735.000 ns	     19272	80004498	03c706b3	mul	x13,x14,x28	 x14:0xf2000000 x28:0xfffff8eb x13=0x26000000
     193105.000 ns	     19309	8000449c	0223ccb3	div	x25,x7,x2	  x7:0x00000000  x2:0xbf800000 x25=0x00000000
     193125.000 ns	     19311	800044a0	2c5eee93	ori	x29,x29,709	 x29:0x00000797 x29=0x000007d7
     193145.000 ns	     19313	800044a4	281e07d3	fmin.s	f15,f28,f1	 f28:0xfffffa02  f1:0xbf800000 f15=0xbf800000
     193175.000 ns	     19316	800044a8	a005abd3	feq.s	x23,f11,f0	 f11:0xff800000  f0:0x00000000 x23=0x00000000
     193205.000 ns	     19319	800044ac	a0f2a453	feq.s	x8,f5,f15	  f5:0x00000226 f15:0xbf800000  x8=0x00000000
     193225.000 ns	     19321	800044b0	00000013	addi	x0,x0,0	  x0:0x00000000
     193255.000 ns	     19324	800044b4	580670d3	fsqrt.s	f1,f12	 f12:0x00000000  f1=0x00000000
     193625.000 ns	     19361	800044b8	02b7ceb3	div	x29,x15,x11	 x15:0xf2040fe4 x11:0x0000061a x29=0xfffdb547
     193645.000 ns	     19363	800044bc	0017bfb3	sltu	x31,x15,x1	 x15:0xf2040fe4  x1:0x00004000 x31=0x00000000
     193655.000 ns	     19364	800044c0	13de5797	auipc	x15,0x13de5	 x15=0x93de94c0
     193675.000 ns	     19366	800044c4	a0318ad3	fle.s	x21,f3,f3	  f3:0x00000000  f3:0x00000000 x21=0x00000001
     193705.000 ns	     19369	800044c8	0254b733	mulhu	x14,x9,x5	  x9:0x00000000  x5:0x00000000 x14=0x00000000
     193725.000 ns	     19371	800044cc	e8858a93	addi	x21,x11,-376	 x11:0x0000061a x21=0x000004a2
     193745.000 ns	     19373	800044d0	291f9dd3	fmax.s	f27,f31,f17	 f31:0x7fc00000 f17:0x7fc00000 f27=0x7fc00000
     193765.000 ns	     19375	800044d4	0141c3b3	xor	x7,x3,x20	  x3:0xc0841024 x20:0xa202344a  x7=0x6286246e
     193785.000 ns	     19377	800044d8	21cd9d53	fsgnjn.s	f26,f27,f28	 f27:0x7fc00000 f28:0xfffffa02 f26=0x7fc00000
     193805.000 ns	     19379	800044dc	008ab7b3	sltu	x15,x21,x8	 x21:0x000004a2  x8:0x00000000 x15=0x00000000
     193815.000 ns	     19380	800044e0	cc4ec637	lui	x12,0xcc4ec	 x12=0xcc4ec000
     193835.000 ns	     19382	800044e4	a12a1753	flt.s	x14,f20,f18	 f20:0x3f800000 f18:0x44cd6000 x14=0x00000001
     193855.000 ns	     19384	800044e8	01479b33	sll	x22,x15,x20	 x15:0x00000000 x20:0xa202344a x22=0x00000000
     193865.000 ns	     19385	800044ec	01331293	slli	x5,x6,0x13	  x6:0x00000000  x5=0x00000000
     194225.000 ns	     19421	800044f0	021bdd33	divu	x26,x23,x1	 x23:0x00000000  x1:0x00004000 x26=0x00000000
     194245.000 ns	     19423	800044f4	35252f13	slti	x30,x10,850	 x10:0x80040fe4 x30=0x00000001
     194265.000 ns	     19425	800044f8	037667b3	rem	x15,x12,x23	 x12:0xcc4ec000 x23:0x00000000 x15=0xcc4ec000
     194295.000 ns	     19428	800044fc	03f6ffb3	remu	x31,x13,x31	 x13:0x26000000 x31:0x00000000 x31=0x26000000
     194325.000 ns	     19431	80004500	21dd84d3	fsgnj.s	f9,f27,f29	 f27:0x7fc00000 f29:0xbf800000  f9=0xffc00000
     194345.000 ns	     19433	80004504	78ad8993	addi	x19,x27,1930	 x27:0x00000001 x19=0x0000078b
     194355.000 ns	     19434	80004508	00b87133	and	x2,x16,x11	 x16:0x00000000 x11:0x0000061a  x2=0x00000000
     194365.000 ns	     19435	8000450c	00280333	add	x6,x16,x2	 x16:0x00000000  x2:0xbf800000  x6=0x00000000
     194385.000 ns	     19437	80004510	20aaacd3	fsgnjx.s	f25,f21,f10	 f21:0xe210f87a f10:0x44cd6000 f25=0xe210f87a
     194405.000 ns	     19439	80004514	00f00f33	add	x30,x0,x15	  x0:0x00000000 x15:0xcc4ec000 x30=0xcc4ec000
     194425.000 ns	     19441	80004518	295484d3	fmin.s	f9,f9,f21	  f9:0xffc00000 f21:0xe210f87a  f9=0xe210f87a
     194445.000 ns	     19443	8000451c	4034d0b3	sra	x1,x9,x3	  x9:0x00000000  x3:0xc0841024  x1=0x00000000
     194455.000 ns	     19444	80004520	516557b7	lui	x15,0x51655	 x15=0x51655000
     194475.000 ns	     19446	80004524	21c90053	fsgnj.s	f0,f18,f28	 f18:0x44cd6000 f28:0xfffffa02  f0=0xc4cd6000
     194505.000 ns	     19449	80004528	028b6233	rem	x4,x22,x8	 x22:0x00000000  x8:0x00000000  x4=0x00000000
     194535.000 ns	     19452	8000452c	20a6a453	fsgnjx.s	f8,f13,f10	 f13:0xffc00000 f10:0x44cd6000  f8=0xffc00000
     194565.000 ns	     19455	80004530	20d68ed3	fsgnj.s	f29,f13,f13	 f13:0xffc00000 f13:0xffc00000 f29=0xffc00000
     194585.000 ns	     19457	80004534	00138833	add	x16,x7,x1	  x7:0x6286246e  x1:0x00000000 x16=0x6286246e
     194605.000 ns	     19459	80004538	021046b3	div	x13,x0,x1	  x0:0x00000000  x1:0x00000000 x13=0xffffffff
     194625.000 ns	     19461	8000453c	ad390413	addi	x8,x18,-1325	 x18:0x80041024  x8=0x80040af7
     194645.000 ns	     19463	80004540	286c0753	fmin.s	f14,f24,f6	 f24:0x00000000  f6:0x3f800000 f14=0x00000000
     194665.000 ns	     19465	80004544	2fe33013	sltiu	x0,x6,766	  x6:0x00000000
     194675.000 ns	     19466	80004548	00c75813	srli	x16,x14,0xc	 x14:0x00000001 x16=0x00000000
     194695.000 ns	     19468	8000454c	f00b8153	fmv.w.x	f2,x23	 x23:0x00000000  f2=0x00000000
     194725.000 ns	     19471	80004550	201425d3	fsgnjx.s	f11,f8,f1	  f8:0xffc00000  f1:0x00000000 f11=0xffc00000
     194755.000 ns	     19474	80004554	e00c9f53	fclass.s	x30,f25	 f25:0xe210f87a x30=0x00000002
     194775.000 ns	     19476	80004558	b718a693	slti	x13,x17,-1167	 x17:0x00000001 x13=0x00000000
     194795.000 ns	     19478	8000455c	d00daad3	fcvt.s.w	f21,x27	 x27:0x00000001 f21=0x3f800000
     194825.000 ns	     19481	80004560	d011fdd3	fcvt.s.wu	f27,x3	  x3:0xc0841024 f27=0x4f408410
     194855.000 ns	     19484	80004564	a0f82453	feq.s	x8,f16,f15	 f16:0x44cd6000 f15:0xbf800000  x8=0x00000000
     194875.000 ns	     19486	80004568	010e1f93	slli	x31,x28,0x10	 x28:0xfffff8eb x31=0xf8eb0000
     194895.000 ns	     19488	8000456c	03b03633	mulhu	x12,x0,x27	  x0:0x00000000 x27:0x00000001 x12=0x00000000
     194915.000 ns	     19490	80004570	448bfd93	andi	x27,x23,1096	 x23:0x00000000 x27=0x00000000
     194945.000 ns	     19493	80004574	580d0553	fsqrt.s	f10,f26	 f26:0x7fc00000 f10=0x7fc00000
     194965.000 ns	     19495	80004578	00d5e133	or	x2,x11,x13	 x11:0x0000061a x13:0x00000000  x2=0x0000061a
     194985.000 ns	     19497	8000457c	21f81b53	fsgnjn.s	f22,f16,f31	 f16:0x44cd6000 f31:0x7fc00000 f22=0xc4cd6000
     195015.000 ns	     19500	80004580	c00cfdd3	fcvt.w.s	x27,f25	 f25:0xe210f87a x27=0x80000000
     195035.000 ns	     19502	80004584	e6173d93	sltiu	x27,x14,-415	 x14:0x00000001 x27=0x00000001
     195055.000 ns	     19504	80004588	021230b3	mulhu	x1,x4,x1	  x4:0x00000000  x1:0x00000000  x1=0x00000000
     195075.000 ns	     19506	8000458c	01c19eb3	sll	x29,x3,x28	  x3:0xc0841024 x28:0xfffff8eb x29=0x20812000
     195095.000 ns	     19508	80004590	d01f7153	fcvt.s.wu	f2,x30	 x30:0x00000002  f2=0x40000000
     195125.000 ns	     19511	80004594	02cc8033	mul	x0,x25,x12	 x25:0x00000000 x12:0x00000000
     195145.000 ns	     19513	80004598	9c3ab013	sltiu	x0,x21,-1597	 x21:0x000004a2
     195165.000 ns	     19515	8000459c	c01ccc53	fcvt.wu.s	x24,f25	 f25:0xe210f87a x24=0x00000000
     195195.000 ns	     19518	800045a0	e00e0c53	fmv.x.w	x24,f28	 f28:0xfffffa02 x24=0xfffffa02
     195215.000 ns	     19520	800045a4	0022f333	and	x6,x5,x2	  x5:0x00000000  x2:0x0000061a  x6=0x00000000
     195225.000 ns	     19521	800045a8	dcc42693	slti	x13,x8,-564	  x8:0x00000000 x13=0x00000000
     195235.000 ns	     19522	800045ac	4a92f793	andi	x15,x5,1193	  x5:0x00000000 x15=0x00000000
     195245.000 ns	     19523	800045b0	003a2f33	slt	x30,x20,x3	 x20:0xa202344a  x3:0xc0841024 x30=0x00000001
     195255.000 ns	     19524	800045b4	1f897213	andi	x4,x18,504	 x18:0x80041024  x4=0x00000020
     195275.000 ns	     19526	800045b8	29fa1cd3	fmax.s	f25,f20,f31	 f20:0x3f800000 f31:0x7fc00000 f25=0x3f800000
     195305.000 ns	     19529	800045bc	03d219b3	mulh	x19,x4,x29	  x4:0x00000000 x29:0x20812000 x19=0x00000004
     195345.000 ns	     19533	800045c0	1155aa53	fmul.s	f20,f11,f21	 f11:0xffc00000 f21:0x3f800000 f20=0x7fc00000
     195365.000 ns	     19535	800045c4	0072e0b3	or	x1,x5,x7	  x5:0x00000000  x7:0x6286246e  x1=0x6286246e
     195385.000 ns	     19537	800045c8	021da633	mulhsu	x12,x27,x1	 x27:0x00000001  x1:0x00000000 x12=0x00000000
     195405.000 ns	     19539	800045cc	df531437	lui	x8,0xdf531	  x8=0xdf531000
     195415.000 ns	     19540	800045d0	01399093	slli	x1,x19,0x13	 x19:0x00000004  x1=0x00200000
     195425.000 ns	     19541	800045d4	019ad133	srl	x2,x21,x25	 x21:0x000004a2 x25:0x00000000  x2=0x000004a2
     195445.000 ns	     19543	800045d8	290f8353	fmin.s	f6,f31,f16	 f31:0x7fc00000 f16:0x44cd6000  f6=0x44cd6000
     195465.000 ns	     19545	800045dc	b58cbb13	sltiu	x22,x25,-1192	 x25:0x00000000 x22=0x00000001
     195475.000 ns	     19546	800045e0	080d1997	auipc	x19,0x80d1	 x19=0x880d55e0
     195485.000 ns	     19547	800045e4	003f2633	slt	x12,x30,x3	 x30:0x00000001  x3:0xc0841024 x12=0x00000000
     195505.000 ns	     19549	800045e8	210e2853	fsgnjx.s	f16,f28,f16	 f28:0xfffffa02 f16:0x44cd6000 f16=0xfffffa02
     195525.000 ns	     19551	800045ec	0019d4b3	srl	x9,x19,x1	 x19:0x880d55e0  x1:0x00200000  x9=0x880d55e0
     195535.000 ns	     19552	800045f0	00055413	srli	x8,x10,0x0	 x10:0x80040fe4  x8=0x80040fe4
     195545.000 ns	     19553	800045f4	01ed53b3	srl	x7,x26,x30	 x26:0x00000000 x30:0x00000001  x7=0x00000000
     195905.000 ns	     19589	800045f8	02a5c033	div	x0,x11,x10	 x11:0x0000061a x10:0x80040fe4
     195935.000 ns	     19592	800045fc	a0718d53	fle.s	x26,f3,f7	  f3:0x00000000  f7:0x7fc00000 x26=0x00000000
     196305.000 ns	     19629	80004600	02b44d33	div	x26,x8,x11	  x8:0x80040fe4 x11:0x0000061a x26=0xffeb063d
     196325.000 ns	     19631	80004604	fa25b813	sltiu	x16,x11,-94	 x11:0x0000061a x16=0x00000001
     196335.000 ns	     19632	80004608	7f3eac93	slti	x25,x29,2035	 x29:0x20812000 x25=0x00000000
     196355.000 ns	     19634	8000460c	a16425d3	feq.s	x11,f8,f22	  f8:0xffc00000 f22:0xc4cd6000 x11=0x00000000
     196385.000 ns	     19637	80004610	a1a01fd3	flt.s	x31,f0,f26	  f0:0xc4cd6000 f26:0x7fc00000 x31=0x00000000
     196415.000 ns	     19640	80004614	a08713d3	flt.s	x7,f14,f8	 f14:0x00000000  f8:0xffc00000  x7=0x00000000
     196785.000 ns	     19677	80004618	02146e33	rem	x28,x8,x1	  x8:0x80040fe4  x1:0x00200000 x28=0xffe40fe4
     196825.000 ns	     19681	8000461c	58084953	fsqrt.s	f18,f16	 f16:0xfffffa02 f18=0x7fc00000
     196855.000 ns	     19684	80004620	0284aeb3	mulhsu	x29,x9,x8	  x9:0x880d55e0  x8:0x80040fe4 x29=0xc404c3b3
     196885.000 ns	     19687	80004624	e00c1353	fclass.s	x6,f24	 f24:0x00000000  x6=0x00000010
     196915.000 ns	     19690	80004628	d00dfdd3	fcvt.s.w	f27,x27	 x27:0x00000001 f27=0x3f800000
     196935.000 ns	     19692	8000462c	01662033	slt	x0,x12,x22	 x12:0x00000000 x22:0x00000001
     196955.000 ns	     19694	80004630	e00f13d3	fclass.s	x7,f30	 f30:0xa202344a  x7=0x00000002
     196995.000 ns	     19698	80004634	58062153	fsqrt.s	f2,f12	 f12:0x00000000  f2=0x00000000
     197025.000 ns	     19701	80004638	c018b7d3	fcvt.wu.s	x15,f17	 f17:0x7fc00000 x15=0xffffffff
     197055.000 ns	     19704	8000463c	03c226b3	mulhsu	x13,x4,x28	  x4:0x00000020 x28:0xffe40fe4 x13=0x0000001f
     197085.000 ns	     19707	80004640	28a71cd3	fmax.s	f25,f14,f10	 f14:0x00000000 f10:0x7fc00000 f25=0x00000000
     197135.000 ns	     19712	80004644	000504d3	fadd.s	f9,f10,f0	 f10:0x7fc00000  f0:0xc4cd6000  f9=0x7fc00000
     197155.000 ns	     19714	80004648	40f3b093	sltiu	x1,x7,1039	  x7:0x00000002  x1=0x00000001
     197175.000 ns	     19716	8000464c	213e96d3	fsgnjn.s	f13,f29,f19	 f29:0xffc00000 f19:0x7fc00000 f13=0xffc00000
     197205.000 ns	     19719	80004650	e00c9c53	fclass.s	x24,f25	 f25:0x00000000 x24=0x00000010
     197235.000 ns	     19722	80004654	f0038a53	fmv.w.x	f20,x7	  x7:0x00000002 f20=0x00000002
     197265.000 ns	     19725	80004658	d01f2cd3	fcvt.s.wu	f25,x30	 x30:0x00000001 f25=0x3f800000
     197285.000 ns	     19727	8000465c	00795d33	srl	x26,x18,x7	 x18:0x80041024  x7:0x00000002 x26=0x20010409
     197305.000 ns	     19729	80004660	032caf33	mulhsu	x30,x25,x18	 x25:0x00000000 x18:0x80041024 x30=0x00000000
     197325.000 ns	     19731	80004664	017a37b3	sltu	x15,x20,x23	 x20:0xa202344a x23:0x00000000 x15=0x00000000
     197345.000 ns	     19733	80004668	03313fb3	mulhu	x31,x2,x19	  x2:0x000004a2 x19:0x880d55e0 x31=0x00000276
     197365.000 ns	     19735	8000466c	0177d333	srl	x6,x15,x23	 x15:0xffffffff x23:0x00000000  x6=0x00000000
     197385.000 ns	     19737	80004670	21690dd3	fsgnj.s	f27,f18,f22	 f18:0x7fc00000 f22:0xc4cd6000 f27=0xffc00000
     197405.000 ns	     19739	80004674	3ccce213	ori	x4,x25,972	 x25:0x00000000  x4=0x000003cc
     197415.000 ns	     19740	80004678	00b71713	slli	x14,x14,0xb	 x14:0x00000001 x14=0x00000800
     197425.000 ns	     19741	8000467c	14aeb113	sltiu	x2,x29,330	 x29:0xc404c3b3  x2=0x00000000
     197445.000 ns	     19743	80004680	21e706d3	fsgnj.s	f13,f14,f30	 f14:0x00000000 f30:0xa202344a f13=0x80000000
     197475.000 ns	     19746	80004684	03cbbcb3	mulhu	x25,x23,x28	 x23:0x00000000 x28:0xffe40fe4 x25=0x00000000
     197495.000 ns	     19748	80004688	0180c133	xor	x2,x1,x24	  x1:0x00000001 x24:0x00000010  x2=0x00000011
     197505.000 ns	     19749	8000468c	017c8033	add	x0,x25,x23	 x25:0x00000000 x23:0x00000000
     197515.000 ns	     19750	80004690	bfd17d13	andi	x26,x2,-1027	  x2:0x00000000 x26=0x00000011
     197535.000 ns	     19752	80004694	e0061ed3	fclass.s	x29,f12	 f12:0x00000000 x29=0x00000010
     197585.000 ns	     19757	80004698	010cf7d3	fadd.s	f15,f25,f16	 f25:0x3f800000 f16:0xfffffa02 f15=0x7fc00000
     197955.000 ns	     19794	8000469c	03646bb3	rem	x23,x8,x22	  x8:0x80040fe4 x22:0x00000001 x23=0x00000000
     197975.000 ns	     19796	800046a0	f922b113	sltiu	x2,x5,-110	  x5:0x00000000  x2=0x00000001
     197985.000 ns	     19797	800046a4	af6b4b13	xori	x22,x22,-1290	 x22:0x00000001 x22=0xfffffaf7
     198005.000 ns	     19799	800046a8	c01c7fd3	fcvt.wu.s	x31,f24	 f24:0x00000000 x31=0x00000000
     198035.000 ns	     19802	800046ac	d018ff53	fcvt.s.wu	f30,x17	 x17:0x00000001 f30=0x3f800000
     198065.000 ns	     19805	800046b0	d0013553	fcvt.s.w	f10,x2	  x2:0x00000001 f10=0x3f800000
     198115.000 ns	     19810	800046b4	00567653	fadd.s	f12,f12,f5	 f12:0x00000000  f5:0x00000226 f12=0x00000226
     198165.000 ns	     19815	800046b8	0820fd53	fsub.s	f26,f1,f2	  f1:0x00000000  f2:0x00000000 f26=0x80000000
     198185.000 ns	     19817	800046bc	0102b733	sltu	x14,x5,x16	  x5:0x00000000 x16:0x00000001 x14=0x00000001
     198195.000 ns	     19818	800046c0	00000013	addi	x0,x0,0	  x0:0x00000000
     198205.000 ns	     19819	800046c4	85517e17	auipc	x28,0x85517	 x28=0x0551b6c4
     198225.000 ns	     19821	800046c8	29df1653	fmax.s	f12,f30,f29	 f30:0x3f800000 f29:0xffc00000 f12=0x3f800000
     198245.000 ns	     19823	800046cc	41a98f33	sub	x30,x19,x26	 x19:0x880d55e0 x26:0x00000011 x30=0x880d55cf
     198255.000 ns	     19824	800046d0	b22df893	andi	x17,x27,-1246	 x27:0x00000001 x17=0x00000000
     198265.000 ns	     19825	800046d4	340f8313	addi	x6,x31,832	 x31:0x00000000  x6=0x00000340
     198285.000 ns	     19827	800046d8	e00c1853	fclass.s	x16,f24	 f24:0x00000000 x16=0x00000010
     198315.000 ns	     19830	800046dc	28cb00d3	fmin.s	f1,f22,f12	 f22:0xc4cd6000 f12:0x3f800000  f1=0xc4cd6000
     198365.000 ns	     19835	800046e0	002ccfd3	fadd.s	f31,f25,f2	 f25:0x3f800000  f2:0x00000000 f31=0x3f800000
     198395.000 ns	     19838	800046e4	d01abc53	fcvt.s.wu	f24,x21	 x21:0x000004a2 f24=0x44944000
     198415.000 ns	     19840	800046e8	41795493	srai	x9,x18,0x17	 x18:0x80041024  x9=0xffffff00
     198435.000 ns	     19842	800046ec	e0068d53	fmv.x.w	x26,f13	 f13:0x80000000 x26=0x80000000
     198465.000 ns	     19845	800046f0	289606d3	fmin.s	f13,f12,f9	 f12:0x3f800000  f9:0x7fc00000 f13=0x3f800000
     198495.000 ns	     19848	800046f4	203a24d3	fsgnjx.s	f9,f20,f3	 f20:0x00000002  f3:0x00000000  f9=0x00000002
     198525.000 ns	     19851	800046f8	219da253	fsgnjx.s	f4,f27,f25	 f27:0xffc00000 f25:0x3f800000  f4=0xffc00000
     198565.000 ns	     19855	800046fc	18587f53	fdiv.s	f30,f16,f5	 f16:0xfffffa02  f5:0x00000226 f30=0x7fc00000
     198585.000 ns	     19857	80004700	41c30833	sub	x16,x6,x28	  x6:0x00000340 x28:0x0551b6c4 x16=0xfaae4c7c
     198595.000 ns	     19858	80004704	00a56db3	or	x27,x10,x10	 x10:0x80040fe4 x10:0x80040fe4 x27=0x80040fe4
     198615.000 ns	     19860	80004708	a009ac53	feq.s	x24,f19,f0	 f19:0x7fc00000  f0:0xc4cd6000 x24=0x00000000
     198985.000 ns	     19897	8000470c	036bd0b3	divu	x1,x23,x22	 x23:0x00000000 x22:0xfffffaf7  x1=0x00000000
     199005.000 ns	     19899	80004710	008291b3	sll	x3,x5,x8	  x5:0x00000000  x8:0x80040fe4  x3=0x00000000
     199025.000 ns	     19901	80004714	e00e1e53	fclass.s	x28,f28	 f28:0xfffffa02 x28=0x00000200
     199045.000 ns	     19903	80004718	d43fc593	xori	x11,x31,-701	 x31:0x00000000 x11=0xfffffd43
     199055.000 ns	     19904	8000471c	001c8733	add	x14,x25,x1	 x25:0x00000000  x1:0x00000000 x14=0x00000000
     199415.000 ns	     19940	80004720	022e56b3	divu	x13,x28,x2	 x28:0x00000200  x2:0x00000001 x13=0x00000200
     199455.000 ns	     19944	80004724	117af553	fmul.s	f10,f21,f23	 f21:0x3f800000 f23:0x00000000 f10=0x00000000
     199485.000 ns	     19947	80004728	e0090fd3	fmv.x.w	x31,f18	 f18:0x7fc00000 x31=0x7fc00000
     199505.000 ns	     19949	8000472c	40845313	srai	x6,x8,0x8	  x8:0x80040fe4  x6=0xff80040f
     199525.000 ns	     19951	80004730	e00d1bd3	fclass.s	x23,f26	 f26:0x80000000 x23=0x00000008
     199555.000 ns	     19954	80004734	e00c08d3	fmv.x.w	x17,f24	 f24:0x44944000 x17=0x44944000
     199575.000 ns	     19956	80004738	b7592f17	auipc	x30,0xb7592	 x30=0x37596738
     199585.000 ns	     19957	8000473c	acea0093	addi	x1,x20,-1330	 x20:0xa202344a  x1=0xa2022f18
     199605.000 ns	     19959	80004740	c015f6d3	fcvt.wu.s	x13,f11	 f11:0xffc00000 x13=0xffffffff
     199625.000 ns	     19961	80004744	013d5f13	srli	x30,x26,0x13	 x26:0x80000000 x30=0x00001000
     199645.000 ns	     19963	80004748	29a21bd3	fmax.s	f23,f4,f26	  f4:0xffc00000 f26:0x80000000 f23=0x80000000
     199675.000 ns	     19966	8000474c	c0197c53	fcvt.wu.s	x24,f18	 f18:0x7fc00000 x24=0xffffffff
     199695.000 ns	     19968	80004750	012cc8b3	xor	x17,x25,x18	 x25:0x00000000 x18:0x80041024 x17=0x80041024
     199715.000 ns	     19970	80004754	02912d33	mulhsu	x26,x2,x9	  x2:0x00000001  x9:0xffffff00 x26=0x00000000
     200895.000 ns	     20088	80004758	580cfd53	fsqrt.s	f26,f25	 f25:0x3f800000 f26=0x3f7fffae
     200925.000 ns	     20091	8000475c	e0031ed3	fclass.s	x29,f6	  f6:0x44cd6000 x29=0x00000040
     200965.000 ns	     20095	80004760	1879bed3	fdiv.s	f29,f19,f7	 f19:0x7fc00000  f7:0x7fc00000 f29=0x7fc00000
     200985.000 ns	     20097	80004764	01fb6db3	or	x27,x22,x31	 x22:0xfffffaf7 x31:0x7fc00000 x27=0xfffffaf7
     200995.000 ns	     20098	80004768	080cb293	sltiu	x5,x25,128	 x25:0x00000000  x5=0x00000001
     201035.000 ns	     20102	8000476c	0032f953	fadd.s	f18,f5,f3	  f5:0x00000226  f3:0x00000000 f18=0x00000226
     201065.000 ns	     20105	80004770	a0dd1ed3	flt.s	x29,f26,f13	 f26:0x3f7fffae f13:0x3f800000 x29=0x00000001
     201085.000 ns	     20107	80004774	00ac6c33	or	x24,x24,x10	 x24:0xffffffff x10:0x80040fe4 x24=0xffffffff
     201105.000 ns	     20109	80004778	d00b7fd3	fcvt.s.w	f31,x22	 x22:0xfffffaf7 f31=0xc4a12000
     201145.000 ns	     20113	8000477c	11d9f053	fmul.s	f0,f19,f29	 f19:0x7fc00000 f29:0x7fc00000  f0=0x7fc00000
     201175.000 ns	     20116	80004780	03da2d33	mulhsu	x26,x20,x29	 x20:0xa202344a x29:0x00000001 x26=0xffffffff
     201205.000 ns	     20119	80004784	207d8bd3	fsgnj.s	f23,f27,f7	 f27:0xffc00000  f7:0x7fc00000 f23=0x7fc00000
     201235.000 ns	     20122	80004788	03cea433	mulhsu	x8,x29,x28	 x29:0x00000001 x28:0x00000200  x8=0x00000000
     201275.000 ns	     20126	8000478c	10d27ad3	fmul.s	f21,f4,f13	  f4:0xffc00000 f13:0x3f800000 f21=0x7fc00000
     201645.000 ns	     20163	80004790	03b9fc33	remu	x24,x19,x27	 x19:0x880d55e0 x27:0xfffffaf7 x24=0x880d55e0
     201665.000 ns	     20165	80004794	011409b3	add	x19,x8,x17	  x8:0x00000000 x17:0x80041024 x19=0x80041024
     201685.000 ns	     20167	80004798	037b0c33	mul	x24,x22,x23	 x22:0xfffffaf7 x23:0x00000008 x24=0xffffd7b8
     201705.000 ns	     20169	8000479c	01755213	srli	x4,x10,0x17	 x10:0x80040fe4  x4=0x00000100
     201725.000 ns	     20171	800047a0	f0088dd3	fmv.w.x	f27,x17	 x17:0x80041024 f27=0x80041024
     201755.000 ns	     20174	800047a4	a10c1ed3	flt.s	x29,f24,f16	 f24:0x44944000 f16:0xfffffa02 x29=0x00000000
     202125.000 ns	     20211	800047a8	024247b3	div	x15,x4,x4	  x4:0x00000100  x4:0x00000100 x15=0x00000001
     202145.000 ns	     20213	800047ac	01d35333	srl	x6,x6,x29	  x6:0xff80040f x29:0x00000000  x6=0xff80040f
     202185.000 ns	     20217	800047b0	0087f553	fadd.s	f10,f15,f8	 f15:0x7fc00000  f8:0xffc00000 f10=0x7fc00000
     202235.000 ns	     20222	800047b4	083ffcd3	fsub.s	f25,f31,f3	 f31:0xc4a12000  f3:0x00000000 f25=0xc4a12000
     202265.000 ns	     20225	800047b8	e00897d3	fclass.s	x15,f17	 f17:0x7fc00000 x15=0x00000200
     202305.000 ns	     20229	800047bc	11da1f53	fmul.s	f30,f20,f29	 f20:0x00000002 f29:0x7fc00000 f30=0x7fc00000
     203485.000 ns	     20347	800047c0	580a01d3	fsqrt.s	f3,f20	 f20:0x00000002  f3=0x1f350483
     203505.000 ns	     20349	800047c4	0078e133	or	x2,x17,x7	 x17:0x80041024  x7:0x00000002  x2=0x80041026
     203865.000 ns	     20385	800047c8	03edf133	remu	x2,x27,x30	 x27:0xfffffaf7 x30:0x00001000  x2=0x00000af7
     203895.000 ns	     20388	800047cc	0342a3b3	mulhsu	x7,x5,x20	  x5:0x00000001 x20:0xa202344a  x7=0x00000000
     203925.000 ns	     20391	800047d0	20e30dd3	fsgnj.s	f27,f6,f14	  f6:0x44cd6000 f14:0x00000000 f27=0x44cd6000
     203955.000 ns	     20394	800047d4	c012fdd3	fcvt.wu.s	x27,f5	  f5:0x00000226 x27=0x00000000
     203975.000 ns	     20396	800047d8	00a9b8b3	sltu	x17,x19,x10	 x19:0x80041024 x10:0x80040fe4 x17=0x00000000
     203985.000 ns	     20397	800047dc	5d92e897	auipc	x17,0x5d92e	 x17=0xdd9327dc
     204015.000 ns	     20400	800047e0	58041153	fsqrt.s	f2,f8	  f8:0xffc00000  f2=0x7fc00000
     205155.000 ns	     20514	800047e4	580d7a53	fsqrt.s	f20,f26	 f26:0x3f7fffae f20=0x3f35042a
     205175.000 ns	     20516	800047e8	00b65333	srl	x6,x12,x11	 x12:0x00000000 x11:0xfffffd43  x6=0x00000000
     205185.000 ns	     20517	800047ec	2ce36413	ori	x8,x6,718	  x6:0xff80040f  x8=0x000002ce
     205195.000 ns	     20518	800047f0	2d988ab7	lui	x21,0x2d988	 x21=0x2d988000
     205205.000 ns	     20519	800047f4	0018f433	and	x8,x17,x1	 x17:0xdd9327dc  x1:0xa2022f18  x8=0x80022718
     205225.000 ns	     20521	800047f8	d01affd3	fcvt.s.wu	f31,x21	 x21:0x000004a2 f31=0x4e366200
     205245.000 ns	     20523	800047fc	7da11a97	auipc	x21,0x7da11	 x21=0xfda157fc
     205255.000 ns	     20524	80004800	14930e93	addi	x29,x6,329	  x6:0x00000000 x29=0x00000149
     205275.000 ns	     20526	80004804	f00082d3	fmv.w.x	f5,x1	  x1:0xa2022f18  f5=0xa2022f18
     205295.000 ns	     20528	80004808	004a1493	slli	x9,x20,0x4	 x20:0xa202344a  x9=0x202344a0
     205305.000 ns	     20529	8000480c	2d5d9097	auipc	x1,0x2d5d9	  x1=0xad5dd80c
     205315.000 ns	     20530	80004810	00d10733	add	x14,x2,x13	  x2:0x00000af7 x13:0xffffffff x14=0x00000af6
     205335.000 ns	     20532	80004814	d0037ad3	fcvt.s.w	f21,x6	  x6:0x00000000 f21=0x00000000
     205365.000 ns	     20535	80004818	a03992d3	flt.s	x5,f19,f3	 f19:0x7fc00000  f3:0x1f350483  x5=0x00000000
     205395.000 ns	     20538	8000481c	28ef0953	fmin.s	f18,f30,f14	 f30:0x7fc00000 f14:0x00000000 f18=0x00000000
     205765.000 ns	     20575	80004820	02426b33	rem	x22,x4,x4	  x4:0x00000100  x4:0x00000100 x22=0x00000000
     205795.000 ns	     20578	80004824	e00986d3	fmv.x.w	x13,f19	 f19:0x7fc00000 x13=0x7fc00000
     206165.000 ns	     20615	80004828	02257633	remu	x12,x10,x2	 x10:0x80040fe4  x2:0x00000af7 x12=0x00000758
     206195.000 ns	     20618	8000482c	29291dd3	fmax.s	f27,f18,f18	 f18:0x00000000 f18:0x00000000 f27=0x00000000
     206225.000 ns	     20621	80004830	a160a153	feq.s	x2,f1,f22	  f1:0xc4cd6000 f22:0xc4cd6000  x2=0x00000001
     206245.000 ns	     20623	80004834	00000013	addi	x0,x0,0	  x0:0x00000000
     206265.000 ns	     20625	80004838	e00e84d3	fmv.x.w	x9,f29	 f29:0x7fc00000  x9=0x7fc00000
     206305.000 ns	     20629	8000483c	199af253	fdiv.s	f4,f21,f25	 f21:0x00000000 f25:0xc4a12000  f4=0x80000000
     206335.000 ns	     20632	80004840	28868dd3	fmin.s	f27,f13,f8	 f13:0x3f800000  f8:0xffc00000 f27=0x3f800000
     206355.000 ns	     20634	80004844	387d1117	auipc	x2,0x387d1	  x2=0xb87d5844
     206365.000 ns	     20635	80004848	0076f633	and	x12,x13,x7	 x13:0x7fc00000  x7:0x00000000 x12=0x00000000
     206385.000 ns	     20637	8000484c	d01ef653	fcvt.s.wu	f12,x29	 x29:0x00000149 f12=0x43a48000
     206435.000 ns	     20642	80004850	009c7f53	fadd.s	f30,f24,f9	 f24:0x44944000  f9:0x00000002 f30=0x44944000
     206465.000 ns	     20645	80004854	d0038cd3	fcvt.s.w	f25,x7	  x7:0x00000000 f25=0x00000000
     206485.000 ns	     20647	80004858	00000013	addi	x0,x0,0	  x0:0x00000000
     206495.000 ns	     20648	8000485c	b57ea393	slti	x7,x29,-1193	 x29:0x00000149  x7=0x00000000
     206505.000 ns	     20649	80004860	01c8b133	sltu	x2,x17,x28	 x17:0xdd9327dc x28:0x00000200  x2=0x00000000
     206525.000 ns	     20651	80004864	214f2cd3	fsgnjx.s	f25,f30,f20	 f30:0x44944000 f20:0x3f35042a f25=0x44944000
     206545.000 ns	     20653	80004868	3efde717	auipc	x14,0x3efde	 x14=0xbefe2868
     206565.000 ns	     20655	8000486c	20b181d3	fsgnj.s	f3,f3,f11	  f3:0x1f350483 f11:0xffc00000  f3=0x9f350483
     206595.000 ns	     20658	80004870	d0127553	fcvt.s.wu	f10,x4	  x4:0x00000100 f10=0x43800000
     206615.000 ns	     20660	80004874	76860b93	addi	x23,x12,1896	 x12:0x00000000 x23=0x00000768
     206635.000 ns	     20662	80004878	204621d3	fsgnjx.s	f3,f12,f4	 f12:0x43a48000  f4:0x80000000  f3=0xc3a48000
     206655.000 ns	     20664	8000487c	a2cd5017	auipc	x0,0xa2cd5	
     206695.000 ns	     20668	80004880	093f78d3	fsub.s	f17,f30,f19	 f30:0x44944000 f19:0x7fc00000 f17=0x7fc00000
     206715.000 ns	     20670	80004884	5f53e493	ori	x9,x7,1525	  x7:0x00000000  x9=0x000005f5
     206725.000 ns	     20671	80004888	00b981b3	add	x3,x19,x11	 x19:0x80041024 x11:0xfffffd43  x3=0x80040d67
     206745.000 ns	     20673	8000488c	20f414d3	fsgnjn.s	f9,f8,f15	  f8:0xffc00000 f15:0x7fc00000  f9=0xffc00000
     206765.000 ns	     20675	80004890	836f6b93	ori	x23,x30,-1994	 x30:0x00001000 x23=0xfffff836
     206785.000 ns	     20677	80004894	03cd93b3	mulh	x7,x27,x28	 x27:0x00000000 x28:0x00000200  x7=0x00000000
     206805.000 ns	     20679	80004898	1f5af717	auipc	x14,0x1f5af	 x14=0x9f5b3898
     206815.000 ns	     20680	8000489c	3f343c37	lui	x24,0x3f343	 x24=0x3f343000
     206825.000 ns	     20681	800048a0	41de7893	andi	x17,x28,1053	 x28:0x00000200 x17=0x00000000
     206845.000 ns	     20683	800048a4	c008cfd3	fcvt.w.s	x31,f17	 f17:0x7fc00000 x31=0x7fffffff
     206885.000 ns	     20687	800048a8	58087a53	fsqrt.s	f20,f16	 f16:0xfffffa02 f20=0x7fc00000
     206915.000 ns	     20690	800048ac	a126a9d3	feq.s	x19,f13,f18	 f13:0x3f800000 f18:0x00000000 x19=0x00000000
     206945.000 ns	     20693	800048b0	205e9453	fsgnjn.s	f8,f29,f5	 f29:0x7fc00000  f5:0xa2022f18  f8=0x7fc00000
     206985.000 ns	     20697	800048b4	112dfd53	fmul.s	f26,f27,f18	 f27:0x3f800000 f18:0x00000000 f26=0x00000000
     207015.000 ns	     20700	800048b8	02024633	div	x12,x4,x0	  x4:0x00000100  x0:0x00000000 x12=0xffffffff
     207055.000 ns	     20704	800048bc	119a16d3	fmul.s	f13,f20,f25	 f20:0x7fc00000 f25:0x44944000 f13=0x7fc00000
     207425.000 ns	     20741	800048c0	02fd6db3	rem	x27,x26,x15	 x26:0xffffffff x15:0x00000200 x27=0xffffffff
     207445.000 ns	     20743	800048c4	f2c40c93	addi	x25,x8,-212	  x8:0x80022718 x25=0x80022644
     207455.000 ns	     20744	800048c8	013b0ab3	add	x21,x22,x19	 x22:0x00000000 x19:0x00000000 x21=0x00000000
     207465.000 ns	     20745	800048cc	012748b3	xor	x17,x14,x18	 x14:0x9f5b3898 x18:0x80041024 x17=0x1f5f28bc
     207825.000 ns	     20781	800048d0	02a1ff33	remu	x30,x3,x10	  x3:0x80040d67 x10:0x80040fe4 x30=0x80040d67
     208195.000 ns	     20818	800048d4	031574b3	remu	x9,x10,x17	 x10:0x80040fe4 x17:0x00000000  x9=0x02876cf4
     208225.000 ns	     20821	800048d8	f0088253	fmv.w.x	f4,x17	 x17:0x1f5f28bc  f4=0x1f5f28bc
     208255.000 ns	     20824	800048dc	20ea9ed3	fsgnjn.s	f29,f21,f14	 f21:0x00000000 f14:0x00000000 f29=0x80000000
     208275.000 ns	     20826	800048e0	8564cf13	xori	x30,x9,-1962	  x9:0x02876cf4 x30=0xfd7894a2
     208295.000 ns	     20828	800048e4	29778b53	fmin.s	f22,f15,f23	 f15:0x7fc00000 f23:0x7fc00000 f22=0x7fc00000
     208335.000 ns	     20832	800048e8	10e8add3	fmul.s	f27,f17,f14	 f17:0x7fc00000 f14:0x00000000 f27=0x7fc00000
     208705.000 ns	     20869	800048ec	03f1d3b3	divu	x7,x3,x31	  x3:0x80040d67 x31:0x7fffffff  x7=0x00000001
     208725.000 ns	     20871	800048f0	411288b3	sub	x17,x5,x17	  x5:0x00000000 x17:0x1f5f28bc x17=0xe0a0d744
     208735.000 ns	     20872	800048f4	557ea693	slti	x13,x29,1367	 x29:0x00000149 x13=0x00000001
     209905.000 ns	     20989	800048f8	58023a53	fsqrt.s	f20,f4	  f4:0x1f5f28bc f20=0x2f1dcc1d
     209925.000 ns	     20991	800048fc	1b18f313	andi	x6,x17,433	 x17:0xe0a0d744  x6=0x00000100
     209935.000 ns	     20992	80004900	4179df33	sra	x30,x19,x23	 x19:0x00000000 x23:0xfffff836 x30=0x00000000
     209965.000 ns	     20995	80004904	11baab53	fmul.s	f22,f21,f27	 f21:0x00000000 f27:0x7fc00000 f22=0x7fc00000
     210015.000 ns	     21000	80004908	01a91f53	fadd.s	f30,f18,f26	 f18:0x00000000 f26:0x00000000 f30=0x00000000
     210045.000 ns	     21003	8000490c	e00c9453	fclass.s	x8,f25	 f25:0x44944000  x8=0x00000040
     210075.000 ns	     21006	80004910	21df17d3	fsgnjn.s	f15,f30,f29	 f30:0x00000000 f29:0x80000000 f15=0x00000000
     210095.000 ns	     21008	80004914	6e65c293	xori	x5,x11,1766	 x11:0xfffffd43  x5=0xfffffba5
     210105.000 ns	     21009	80004918	762f2613	slti	x12,x30,1890	 x30:0x00000000 x12=0x00000001
     210125.000 ns	     21011	8000491c	d00da3d3	fcvt.s.w	f7,x27	 x27:0xffffffff  f7=0xbf800000
     210145.000 ns	     21013	80004920	01373333	sltu	x6,x14,x19	 x14:0x9f5b3898 x19:0x00000000  x6=0x00000000
     210165.000 ns	     21015	80004924	0356dcb3	divu	x25,x13,x21	 x13:0x00000001 x21:0x00000000 x25=0xffffffff
     210185.000 ns	     21017	80004928	410b5e33	sra	x28,x22,x16	 x22:0x00000000 x16:0xfaae4c7c x28=0x00000000
     210195.000 ns	     21018	8000492c	578fe593	ori	x11,x31,1400	 x31:0x7fffffff x11=0x7fffffff
     210215.000 ns	     21020	80004930	21bc90d3	fsgnjn.s	f1,f25,f27	 f25:0x44944000 f27:0x7fc00000  f1=0xc4944000
     210585.000 ns	     21057	80004934	031578b3	remu	x17,x10,x17	 x10:0x80040fe4 x17:0xe0a0d744 x17=0x80040fe4
     210605.000 ns	     21059	80004938	dbf9eb93	ori	x23,x19,-577	 x19:0x00000000 x23=0xfffffdbf
     210625.000 ns	     21061	8000493c	d0048853	fcvt.s.w	f16,x9	  x9:0x02876cf4 f16=0x4c21db3d
     210645.000 ns	     21063	80004940	000a7f33	and	x30,x20,x0	 x20:0xa202344a  x0:0x00000000 x30=0x00000000
     210655.000 ns	     21064	80004944	fc648b93	addi	x23,x9,-58	  x9:0x02876cf4 x23=0x02876cba
     210665.000 ns	     21065	80004948	ddddae17	auipc	x28,0xdddda	 x28=0x5ddde948
     210675.000 ns	     21066	8000494c	01688d33	add	x26,x17,x22	 x17:0x80040fe4 x22:0x00000000 x26=0x80040fe4
     210685.000 ns	     21067	80004950	01a9f9b3	and	x19,x19,x26	 x19:0x00000000 x26:0xffffffff x19=0x00000000
     210705.000 ns	     21069	80004954	c0168cd3	fcvt.wu.s	x25,f13	 f13:0x7fc00000 x25=0xffffffff
     210735.000 ns	     21072	80004958	020c12b3	mulh	x5,x24,x0	 x24:0x3f343000  x0:0x00000000  x5=0x00000000
     210765.000 ns	     21075	8000495c	e00201d3	fmv.x.w	x3,f4	  f4:0x1f5f28bc  x3=0x1f5f28bc
     210795.000 ns	     21078	80004960	d00ef153	fcvt.s.w	f2,x29	 x29:0x00000149  f2=0x43a48000
     210825.000 ns	     21081	80004964	20a4a4d3	fsgnjx.s	f9,f9,f10	  f9:0xffc00000 f10:0x43800000  f9=0xffc00000
     210845.000 ns	     21083	80004968	008912b3	sll	x5,x18,x8	 x18:0x80041024  x8:0x00000040  x5=0x80041024
     210865.000 ns	     21085	8000496c	a0fa89d3	fle.s	x19,f21,f15	 f21:0x00000000 f15:0x00000000 x19=0x00000001
     210915.000 ns	     21090	80004970	00e42f53	fadd.s	f30,f8,f14	  f8:0x7fc00000 f14:0x00000000 f30=0x7fc00000
     210935.000 ns	     21092	80004974	d3787b93	andi	x23,x16,-713	 x16:0xfaae4c7c x23=0xfaae4c34
     210945.000 ns	     21093	80004978	007b27b3	slt	x15,x22,x7	 x22:0x00000000  x7:0x00000001 x15=0x00000001
     210955.000 ns	     21094	8000497c	9a6f2893	slti	x17,x30,-1626	 x30:0x00000000 x17=0x00000000
     210965.000 ns	     21095	80004980	458f7093	andi	x1,x30,1112	 x30:0x00000000  x1=0x00000000
     210985.000 ns	     21097	80004984	29248353	fmin.s	f6,f9,f18	  f9:0xffc00000 f18:0x00000000  f6=0x00000000
     211015.000 ns	     21100	80004988	f0048ed3	fmv.w.x	f29,x9	  x9:0x02876cf4 f29=0x02876cf4
     211035.000 ns	     21102	8000498c	814c6993	ori	x19,x24,-2028	 x24:0x3f343000 x19=0xfffff814
     211055.000 ns	     21104	80004990	02a823b3	mulhsu	x7,x16,x10	 x16:0xfaae4c7c x10:0x80040fe4  x7=0xfd5710a2
     211085.000 ns	     21107	80004994	039f2733	mulhsu	x14,x30,x25	 x30:0x00000000 x25:0xffffffff x14=0x00000000
     211115.000 ns	     21110	80004998	f0088353	fmv.w.x	f6,x17	 x17:0x00000000  f6=0x00000000
     211135.000 ns	     21112	8000499c	004db2b3	sltu	x5,x27,x4	 x27:0xffffffff  x4:0x00000100  x5=0x00000000
     211145.000 ns	     21113	800049a0	0180b0b3	sltu	x1,x1,x24	  x1:0x00000000 x24:0x3f343000  x1=0x00000001
     211165.000 ns	     21115	800049a4	02519eb3	mulh	x29,x3,x5	  x3:0x1f5f28bc  x5:0x80041024 x29=0x00000000
     211195.000 ns	     21118	800049a8	c009ffd3	fcvt.w.s	x31,f19	 f19:0x7fc00000 x31=0x7fffffff
     211215.000 ns	     21120	800049ac	04e88c13	addi	x24,x17,78	 x17:0x00000000 x24=0x0000004e
     211225.000 ns	     21121	800049b0	471bb993	sltiu	x19,x23,1137	 x23:0xfaae4c34 x19=0x00000000
     211245.000 ns	     21123	800049b4	a0a90353	fle.s	x6,f18,f10	 f18:0x00000000 f10:0x43800000  x6=0x00000001
     211275.000 ns	     21126	800049b8	02e6a1b3	mulhsu	x3,x13,x14	 x13:0x00000001 x14:0x00000000  x3=0x00000000
     211305.000 ns	     21129	800049bc	20f8a653	fsgnjx.s	f12,f17,f15	 f17:0x7fc00000 f15:0x00000000 f12=0x7fc00000
     211325.000 ns	     21131	800049c0	00f21033	sll	x0,x4,x15	  x4:0x00000100 x15:0x00000001
     211335.000 ns	     21132	800049c4	63d93213	sltiu	x4,x18,1597	 x18:0x80041024  x4=0x00000000
     211345.000 ns	     21133	800049c8	fd5f4593	xori	x11,x30,-43	 x30:0x00000000 x11=0xffffffd5
     211365.000 ns	     21135	800049cc	c0107653	fcvt.wu.s	x12,f0	  f0:0x7fc00000 x12=0xffffffff
     211385.000 ns	     21137	800049d0	01a233b3	sltu	x7,x4,x26	  x4:0x00000000 x26:0x80040fe4  x7=0x00000001
     211405.000 ns	     21139	800049d4	20ad96d3	fsgnjn.s	f13,f27,f10	 f27:0x7fc00000 f10:0x43800000 f13=0xffc00000
     211425.000 ns	     21141	800049d8	01b8afb3	slt	x31,x17,x27	 x17:0x00000000 x27:0xffffffff x31=0x00000000
     211785.000 ns	     21177	800049dc	02fdcc33	div	x24,x27,x15	 x27:0xffffffff x15:0x00000001 x24=0xffffffff
     211805.000 ns	     21179	800049e0	0a11af93	slti	x31,x3,161	  x3:0x00000000 x31=0x00000001
     211815.000 ns	     21180	800049e4	008eef33	or	x30,x29,x8	 x29:0x00000000  x8:0x00000040 x30=0x00000040
     211835.000 ns	     21182	800049e8	20fd2c53	fsgnjx.s	f24,f26,f15	 f26:0x00000000 f15:0x00000000 f24=0x00000000
     211855.000 ns	     21184	800049ec	19f07e93	andi	x29,x0,415	  x0:0x00000000 x29=0x00000000
     211875.000 ns	     21186	800049f0	29750253	fmin.s	f4,f10,f23	 f10:0x43800000 f23:0x7fc00000  f4=0x43800000
     211905.000 ns	     21189	800049f4	f00c8353	fmv.w.x	f6,x25	 x25:0xffffffff  f6=0xffffffff
     211925.000 ns	     21191	800049f8	b1454593	xori	x11,x10,-1260	 x10:0x80040fe4 x11=0x7ffbf4f0
     211945.000 ns	     21193	800049fc	f0040b53	fmv.w.x	f22,x8	  x8:0x00000040 f22=0x00000040
     211965.000 ns	     21195	80004a00	4012dbb3	sra	x23,x5,x1	  x5:0x00000000  x1:0x00000001 x23=0x00000000
     211995.000 ns	     21198	80004a04	117d4a53	fmul.s	f20,f26,f23	 f26:0x00000000 f23:0x7fc00000 f20=0x7fc00000
     212015.000 ns	     21200	80004a08	0069e4b3	or	x9,x19,x6	 x19:0x00000000  x6:0x00000001  x9=0x00000001
     212025.000 ns	     21201	80004a0c	d86c0b13	addi	x22,x24,-634	 x24:0xffffffff x22=0xfffffd85
     212045.000 ns	     21203	80004a10	21e19653	fsgnjn.s	f12,f3,f30	  f3:0xc3a48000 f30:0x7fc00000 f12=0xc3a48000
     212075.000 ns	     21206	80004a14	a03997d3	flt.s	x15,f19,f3	 f19:0x7fc00000  f3:0xc3a48000 x15=0x00000000
     212105.000 ns	     21209	80004a18	c01d8dd3	fcvt.wu.s	x27,f27	 f27:0x7fc00000 x27=0xffffffff
     212155.000 ns	     21214	80004a1c	083c10d3	fsub.s	f1,f24,f3	 f24:0x00000000  f3:0xc3a48000  f1=0x43a48000
     212175.000 ns	     21216	80004a20	00000013	addi	x0,x0,0	  x0:0x00000000
     212195.000 ns	     21218	80004a24	e0021f53	fclass.s	x30,f4	  f4:0x43800000 x30=0x00000040
     212245.000 ns	     21223	80004a28	0038fb53	fadd.s	f22,f17,f3	 f17:0x7fc00000  f3:0xc3a48000 f22=0x7fc00000
     212265.000 ns	     21225	80004a2c	47c0f093	andi	x1,x1,1148	  x1:0x00000001  x1=0x00000000
     212285.000 ns	     21227	80004a30	a0908453	fle.s	x8,f1,f9	  f1:0x43a48000  f9:0xffc00000  x8=0x00000000
     212305.000 ns	     21229	80004a34	6c6e4893	xori	x17,x28,1734	 x28:0x5ddde948 x17=0x5dddef8e
     212315.000 ns	     21230	80004a38	6f2d9997	auipc	x19,0x6f2d9	 x19=0xef2dda38
     212325.000 ns	     21231	80004a3c	00688db3	add	x27,x17,x6	 x17:0x00000000  x6:0x00000001 x27=0x5dddef8f
     212335.000 ns	     21232	80004a40	0021dd93	srli	x27,x3,0x2	  x3:0x00000000 x27=0x00000000
     212355.000 ns	     21234	80004a44	038cbbb3	mulhu	x23,x25,x24	 x25:0xffffffff x24:0xffffffff x23=0xfffffffe
     212375.000 ns	     21236	80004a48	7616e837	lui	x16,0x7616e	 x16=0x7616e000
     212395.000 ns	     21238	80004a4c	a0f125d3	feq.s	x11,f2,f15	  f2:0x43a48000 f15:0x00000000 x11=0x00000000
     212415.000 ns	     21240	80004a50	0168c333	xor	x6,x17,x22	 x17:0x5dddef8e x22:0xfffffd85  x6=0xa222120b
     212775.000 ns	     21276	80004a54	03a7ed33	rem	x26,x15,x26	 x15:0x00000000 x26:0x80040fe4 x26=0x00000000
     212795.000 ns	     21278	80004a58	0b0db337	lui	x6,0xb0db	  x6=0x0b0db000
     212815.000 ns	     21280	80004a5c	029830b3	mulhu	x1,x16,x9	 x16:0x7616e000  x9:0x00000001  x1=0x00000000
     212865.000 ns	     21285	80004a60	0880a2d3	fsub.s	f5,f1,f8	  f1:0x43a48000  f8:0x7fc00000  f5=0x7fc00000
     212885.000 ns	     21287	80004a64	97e04693	xori	x13,x0,-1666	  x0:0x00000000 x13=0xfffff97e
     212895.000 ns	     21288	80004a68	d5c98413	addi	x8,x19,-676	 x19:0xef2dda38  x8=0xef2dd794
     212915.000 ns	     21290	80004a6c	f00e0e53	fmv.w.x	f28,x28	 x28:0x5ddde948 f28=0x5ddde948
     212935.000 ns	     21292	80004a70	0117d793	srli	x15,x15,0x11	 x15:0x00000000 x15=0x00000000
     212945.000 ns	     21293	80004a74	fd1ea097	auipc	x1,0xfd1ea	  x1=0x7d1eea74
     212955.000 ns	     21294	80004a78	dc233413	sltiu	x8,x6,-574	  x6:0x0b0db000  x8=0x00000001
     212965.000 ns	     21295	80004a7c	01cf1eb3	sll	x29,x30,x28	 x30:0x00000040 x28:0x5ddde948 x29=0x00004000
     212975.000 ns	     21296	80004a80	00d97f93	andi	x31,x18,13	 x18:0x80041024 x31=0x00000004
     212985.000 ns	     21297	80004a84	01342bb3	slt	x23,x8,x19	  x8:0x00000001 x19:0xef2dda38 x23=0x00000000
     212995.000 ns	     21298	80004a88	119e7137	lui	x2,0x119e7	  x2=0x119e7000
     213015.000 ns	     21300	80004a8c	28ea1fd3	fmax.s	f31,f20,f14	 f20:0x7fc00000 f14:0x00000000 f31=0x00000000
     213035.000 ns	     21302	80004a90	00240eb3	add	x29,x8,x2	  x8:0x00000001  x2:0x00000000 x29=0x119e7001
     213055.000 ns	     21304	80004a94	a178a853	feq.s	x16,f17,f23	 f17:0x7fc00000 f23:0x7fc00000 x16=0x00000000
     213085.000 ns	     21307	80004a98	e00f0453	fmv.x.w	x8,f30	 f30:0x7fc00000  x8=0x7fc00000
     213105.000 ns	     21309	80004a9c	10f82d13	slti	x26,x16,271	 x16:0x00000000 x26=0x00000001
     213115.000 ns	     21310	80004aa0	00d93233	sltu	x4,x18,x13	 x18:0x80041024 x13:0xfffff97e  x4=0x00000001
     213135.000 ns	     21312	80004aa4	29269753	fmax.s	f14,f13,f18	 f13:0xffc00000 f18:0x00000000 f14=0x00000000
     213155.000 ns	     21314	80004aa8	01c868b3	or	x17,x16,x28	 x16:0x00000000 x28:0x5ddde948 x17=0x5ddde948
     213175.000 ns	     21316	80004aac	0338a3b3	mulhsu	x7,x17,x19	 x17:0x5dddef8e x19:0xef2dda38  x7=0x57b2fccf
     213205.000 ns	     21319	80004ab0	e00f9ad3	fclass.s	x21,f31	 f31:0x00000000 x21=0x00000010
     213225.000 ns	     21321	80004ab4	00ca7eb3	and	x29,x20,x12	 x20:0xa202344a x12:0xffffffff x29=0xa202344a
     213245.000 ns	     21323	80004ab8	a00ba8d3	feq.s	x17,f23,f0	 f23:0x7fc00000  f0:0x7fc00000 x17=0x00000000
     213265.000 ns	     21325	80004abc	99cbc993	xori	x19,x23,-1636	 x23:0x00000000 x19=0xfffff99c
     213275.000 ns	     21326	80004ac0	012d9733	sll	x14,x27,x18	 x27:0x00000000 x18:0x80041024 x14=0x00000000
     213285.000 ns	     21327	80004ac4	b2032e93	slti	x29,x6,-1248	  x6:0x0b0db000 x29=0x00000000
     213305.000 ns	     21329	80004ac8	d0087953	fcvt.s.w	f18,x16	 x16:0x00000000 f18=0x00000000
     213335.000 ns	     21332	80004acc	d0158353	fcvt.s.wu	f6,x11	 x11:0x00000000  f6=0x00000000
     213355.000 ns	     21334	80004ad0	00000013	addi	x0,x0,0	  x0:0x00000000
     213365.000 ns	     21335	80004ad4	5d2df037	lui	x0,0x5d2df	
     213405.000 ns	     21339	80004ad8	002294d3	fadd.s	f9,f5,f2	  f5:0x7fc00000  f2:0x43a48000  f9=0x7fc00000
     213425.000 ns	     21341	80004adc	2e65b193	sltiu	x3,x11,742	 x11:0x00000000  x3=0x00000001
     213455.000 ns	     21344	80004ae0	580339d3	fsqrt.s	f19,f6	  f6:0x00000000 f19=0x00000000
     213485.000 ns	     21347	80004ae4	28ac0153	fmin.s	f2,f24,f10	 f24:0x00000000 f10:0x43800000  f2=0x00000000
     213515.000 ns	     21350	80004ae8	c010f753	fcvt.wu.s	x14,f1	  f1:0x43a48000 x14=0x00000149
     213545.000 ns	     21353	80004aec	a0169653	flt.s	x12,f13,f1	 f13:0xffc00000  f1:0x43a48000 x12=0x00000000
     213575.000 ns	     21356	80004af0	026b0633	mul	x12,x22,x6	 x22:0xfffffd85  x6:0x0b0db000 x12=0x950c7000
     213605.000 ns	     21359	80004af4	03d8beb3	mulhu	x29,x17,x29	 x17:0x00000000 x29:0x00000000 x29=0x00000000
     213635.000 ns	     21362	80004af8	d006ab53	fcvt.s.w	f22,x13	 x13:0xfffff97e f22=0xc4d04000
     213655.000 ns	     21364	80004afc	01dd8233	add	x4,x27,x29	 x27:0x00000000 x29:0x00000000  x4=0x00000000
     213675.000 ns	     21366	80004b00	e00b01d3	fmv.x.w	x3,f22	 f22:0xc4d04000  x3=0xc4d04000
     214045.000 ns	     21403	80004b04	0352ebb3	rem	x23,x5,x21	  x5:0x00000000 x21:0x00000010 x23=0x00000000
     214085.000 ns	     21407	80004b08	58003dd3	fsqrt.s	f27,f0	  f0:0x7fc00000 f27=0x7fc00000
     214105.000 ns	     21409	80004b0c	44197697	auipc	x13,0x44197	 x13=0xc419bb0c
     214115.000 ns	     21410	80004b10	004407b3	add	x15,x8,x4	  x8:0x7fc00000  x4:0x00000000 x15=0x7fc00000
     214475.000 ns	     21446	80004b14	0348dfb3	divu	x31,x17,x20	 x17:0x00000000 x20:0xa202344a x31=0x00000000
     214495.000 ns	     21448	80004b18	01789f33	sll	x30,x17,x23	 x17:0x00000000 x23:0x00000000 x30=0x00000000
     214505.000 ns	     21449	80004b1c	38502613	slti	x12,x0,901	  x0:0x00000000 x12=0x00000001
     214515.000 ns	     21450	80004b20	00431bb3	sll	x23,x6,x4	  x6:0x0b0db000  x4:0x00000000 x23=0x0b0db000
     214525.000 ns	     21451	80004b24	0041d613	srli	x12,x3,0x4	  x3:0xc4d04000 x12=0x0c4d0400
     214535.000 ns	     21452	80004b28	5801a613	slti	x12,x3,1408	  x3:0xc4d04000 x12=0x00000001
     214545.000 ns	     21453	80004b2c	00e822b3	slt	x5,x16,x14	 x16:0x00000000 x14:0x00000149  x5=0x00000001
     214555.000 ns	     21454	80004b30	3cdabe93	sltiu	x29,x21,973	 x21:0x00000010 x29=0x00000001
     214575.000 ns	     21456	80004b34	c009f653	fcvt.w.s	x12,f19	 f19:0x00000000 x12=0x00000000
     214605.000 ns	     21459	80004b38	205a0bd3	fsgnj.s	f23,f20,f5	 f20:0x7fc00000  f5:0x7fc00000 f23=0x7fc00000
     214635.000 ns	     21462	80004b3c	d01cbed3	fcvt.s.wu	f29,x25	 x25:0xffffffff f29=0x4f800000
     214655.000 ns	     21464	80004b40	01a93633	sltu	x12,x18,x26	 x18:0x80041024 x26:0x00000001 x12=0x00000000
     214675.000 ns	     21466	80004b44	03692133	mulhsu	x2,x18,x22	 x18:0x80041024 x22:0xfffffd85  x2=0x80041161
     214705.000 ns	     21469	80004b48	a0a12dd3	feq.s	x27,f2,f10	  f2:0x00000000 f10:0x43800000 x27=0x00000000
     215075.000 ns	     21506	80004b4c	02d3dc33	divu	x24,x7,x13	  x7:0x57b2fccf x13:0xc419bb0c x24=0x00000000
     215095.000 ns	     21508	80004b50	5a023193	sltiu	x3,x4,1440	  x4:0x00000000  x3=0x00000001
     215105.000 ns	     21509	80004b54	016ec5b3	xor	x11,x29,x22	 x29:0x00000001 x22:0xfffffd85 x11=0xfffffd84
     215465.000 ns	     21545	80004b58	0292fdb3	remu	x27,x5,x9	  x5:0x00000001  x9:0x00000001 x27=0x00000000
     215485.000 ns	     21547	80004b5c	00000013	addi	x0,x0,0	  x0:0x00000000
     215495.000 ns	     21548	80004b60	0063fbb3	and	x23,x7,x6	  x7:0x57b2fccf  x6:0x0b0db000 x23=0x0300b000
     215515.000 ns	     21550	80004b64	c005f053	fcvt.w.s	x0,f11	 f11:0xffc00000
     215885.000 ns	     21587	80004b68	03a142b3	div	x5,x2,x26	  x2:0x80041161 x26:0x00000001  x5=0x80041161
     215915.000 ns	     21590	80004b6c	c00c0dd3	fcvt.w.s	x27,f24	 f24:0x00000000 x27=0x00000000
     217095.000 ns	     21708	80004b70	58020cd3	fsqrt.s	f25,f4	  f4:0x43800000 f25=0x417fffae
     217115.000 ns	     21710	80004b74	d8160613	addi	x12,x12,-639	 x12:0x00000000 x12=0xfffffd81
     217135.000 ns	     21712	80004b78	03442d33	mulhsu	x26,x8,x20	  x8:0x7fc00000 x20:0xa202344a x26=0x50d89997
     217155.000 ns	     21714	80004b7c	00fb9733	sll	x14,x23,x15	 x23:0x0300b000 x15:0x7fc00000 x14=0x0300b000
     217175.000 ns	     21716	80004b80	f00f8bd3	fmv.w.x	f23,x31	 x31:0x00000000 f23=0x00000000
     217205.000 ns	     21719	80004b84	a00691d3	flt.s	x3,f13,f0	 f13:0xffc00000  f0:0x7fc00000  x3=0x00000000
     217235.000 ns	     21722	80004b88	0209f233	remu	x4,x19,x0	 x19:0xfffff99c  x0:0x00000000  x4=0xfffff99c
     217265.000 ns	     21725	80004b8c	c00f0853	fcvt.w.s	x16,f30	 f30:0x7fc00000 x16=0x7fffffff
     218445.000 ns	     21843	80004b90	58087ad3	fsqrt.s	f21,f16	 f16:0x4c21db3d f21=0x4564e5ba
     218485.000 ns	     21847	80004b94	1154fc53	fmul.s	f24,f9,f21	  f9:0x7fc00000 f21:0x00000000 f24=0x7fc00000
     219665.000 ns	     21965	80004b98	58050653	fsqrt.s	f12,f10	 f10:0x43800000 f12=0x417fffae
     219685.000 ns	     21967	80004b9c	40f88333	sub	x6,x17,x15	 x17:0x00000000 x15:0x7fc00000  x6=0x80400000
     220045.000 ns	     22003	80004ba0	02d9f8b3	remu	x17,x19,x13	 x19:0xfffff99c x13:0xc419bb0c x17=0x3be63e90
     220075.000 ns	     22006	80004ba4	a0998ad3	fle.s	x21,f19,f9	 f19:0x00000000  f9:0x7fc00000 x21=0x00000000
     220095.000 ns	     22008	80004ba8	018db233	sltu	x4,x27,x24	 x27:0x00000000 x24:0x00000000  x4=0x00000000
     220455.000 ns	     22044	80004bac	02b075b3	remu	x11,x0,x11	  x0:0x00000000 x11:0xfffffd84 x11=0x00000000
     220485.000 ns	     22047	80004bb0	e0079d53	fclass.s	x26,f15	 f15:0x00000000 x26=0x00000010
     220515.000 ns	     22050	80004bb4	21582753	fsgnjx.s	f14,f16,f21	 f16:0x4c21db3d f21:0x4564e5ba f14=0x4c21db3d
     220535.000 ns	     22052	80004bb8	008ad593	srli	x11,x21,0x8	 x21:0x00000000 x11=0x00000000
     220545.000 ns	     22053	80004bbc	40535313	srai	x6,x6,0x5	  x6:0x80400000  x6=0xfc020000
     220555.000 ns	     22054	80004bc0	017b9d13	slli	x26,x23,0x17	 x23:0x0300b000 x26=0x00000000
     220575.000 ns	     22056	80004bc4	c00ef4d3	fcvt.w.s	x9,f29	 f29:0x4f800000  x9=0x7fffffff
     220595.000 ns	     22058	80004bc8	01981493	slli	x9,x16,0x19	 x16:0x7fffffff  x9=0xfe000000
     220615.000 ns	     22060	80004bcc	a0c417d3	flt.s	x15,f8,f12	  f8:0x7fc00000 f12:0x417fffae x15=0x00000000
     220635.000 ns	     22062	80004bd0	002ef8b3	and	x17,x29,x2	 x29:0x00000001  x2:0x80041161 x17=0x00000001
     220655.000 ns	     22064	80004bd4	28d08f53	fmin.s	f30,f1,f13	  f1:0x43a48000 f13:0xffc00000 f30=0x43a48000
     220685.000 ns	     22067	80004bd8	c01d0ad3	fcvt.wu.s	x21,f26	 f26:0x00000000 x21=0x00000000
     220705.000 ns	     22069	80004bdc	01311a93	slli	x21,x2,0x13	  x2:0x80041161 x21=0x8b080000
     220715.000 ns	     22070	80004be0	011deeb3	or	x29,x27,x17	 x27:0x00000000 x17:0x00000001 x29=0x00000001
     220735.000 ns	     22072	80004be4	f00e8a53	fmv.w.x	f20,x29	 x29:0x00000001 f20=0x00000001
     220755.000 ns	     22074	80004be8	00dc8233	add	x4,x25,x13	 x25:0xffffffff x13:0xc419bb0c  x4=0xc419bb0b
     220765.000 ns	     22075	80004bec	a5882197	auipc	x3,0xa5882	  x3=0x25886bec
     220785.000 ns	     22077	80004bf0	21bb9653	fsgnjn.s	f12,f23,f27	 f23:0x00000000 f27:0x7fc00000 f12=0x80000000
     220815.000 ns	     22080	80004bf4	a070a253	feq.s	x4,f1,f7	  f1:0x43a48000  f7:0xbf800000  x4=0x00000000
     220835.000 ns	     22082	80004bf8	00519c93	slli	x25,x3,0x5	  x3:0x25886bec x25=0xb10d7d80
     220855.000 ns	     22084	80004bfc	03948e33	mul	x28,x9,x25	  x9:0xfe000000 x25:0xffffffff x28=0x00000000
     220885.000 ns	     22087	80004c00	215f1153	fsgnjn.s	f2,f30,f21	 f30:0x43a48000 f21:0x4564e5ba  f2=0xc3a48000
     220915.000 ns	     22090	80004c04	211caa53	fsgnjx.s	f20,f25,f17	 f25:0x417fffae f17:0x7fc00000 f20=0x417fffae
     220945.000 ns	     22093	80004c08	c01d9053	fcvt.wu.s	x0,f27	 f27:0x7fc00000
     220995.000 ns	     22098	80004c0c	082b7653	fsub.s	f12,f22,f2	 f22:0xc4d04000  f2:0xc3a48000 f12=0xc4a72000
     221035.000 ns	     22102	80004c10	58031153	fsqrt.s	f2,f6	  f6:0x00000000  f2=0x00000000
     221065.000 ns	     22105	80004c14	d01c2053	fcvt.s.wu	f0,x24	 x24:0x00000000  f0=0x00000000
     221105.000 ns	     22109	80004c18	186f99d3	fdiv.s	f19,f31,f6	 f31:0x00000000  f6:0x00000000 f19=0x7fc00000
     221135.000 ns	     22112	80004c1c	d00296d3	fcvt.s.w	f13,x5	  x5:0x80041161 f13=0xcefff7dd
     221155.000 ns	     22114	80004c20	00f7f433	and	x8,x15,x15	 x15:0x00000000 x15:0x00000000  x8=0x00000000
     221175.000 ns	     22116	80004c24	02f5ac33	mulhsu	x24,x11,x15	 x11:0x00000000 x15:0x00000000 x24=0x00000000
     221195.000 ns	     22118	80004c28	009a4633	xor	x12,x20,x9	 x20:0xa202344a  x9:0xfe000000 x12=0x5c02344a
     221215.000 ns	     22120	80004c2c	a0bf8fd3	fle.s	x31,f31,f11	 f31:0x00000000 f11:0xffc00000 x31=0x00000000
     221255.000 ns	     22124	80004c30	1195f153	fmul.s	f2,f11,f25	 f11:0xffc00000 f25:0x417fffae  f2=0x7fc00000
     221275.000 ns	     22126	80004c34	00000013	addi	x0,x0,0	  x0:0x00000000
     221295.000 ns	     22128	80004c38	e0071ad3	fclass.s	x21,f14	 f14:0x4c21db3d x21=0x00000040
     221315.000 ns	     22130	80004c3c	65648113	addi	x2,x9,1622	  x9:0xfe000000  x2=0xfe000656
     221355.000 ns	     22134	80004c40	01070253	fadd.s	f4,f14,f16	 f14:0x4c21db3d f16:0x4c21db3d  f4=0x4ca1db3d
     221375.000 ns	     22136	80004c44	009f5d13	srli	x26,x30,0x9	 x30:0x00000000 x26=0x00000000
     221395.000 ns	     22138	80004c48	02b50eb3	mul	x29,x10,x11	 x10:0x80040fe4 x11:0x00000000 x29=0x00000000
     222575.000 ns	     22256	80004c4c	580836d3	fsqrt.s	f13,f16	 f16:0x4c21db3d f13=0x4564e5ba
     222595.000 ns	     22258	80004c50	008a8e33	add	x28,x21,x8	 x21:0x00000040  x8:0x00000000 x28=0x00000040
     222605.000 ns	     22259	80004c54	006f52b3	srl	x5,x30,x6	 x30:0x00000000  x6:0xfc020000  x5=0x00000000
     222615.000 ns	     22260	80004c58	00488d13	addi	x26,x17,4	 x17:0x00000001 x26=0x00000005
     222625.000 ns	     22261	80004c5c	00f81833	sll	x16,x16,x15	 x16:0x7fffffff x15:0x00000000 x16=0x7fffffff
     222635.000 ns	     22262	80004c60	2ed90d13	addi	x26,x18,749	 x18:0x80041024 x26=0x80041311
     222645.000 ns	     22263	80004c64	009a96b3	sll	x13,x21,x9	 x21:0x00000040  x9:0xfe000000 x13=0x00000040
     222665.000 ns	     22265	80004c68	e00e0fd3	fmv.x.w	x31,f28	 f28:0x5ddde948 x31=0x5ddde948
     223035.000 ns	     22302	80004c6c	027f54b3	divu	x9,x30,x7	 x30:0x00000000  x7:0x57b2fccf  x9=0x00000000
     223055.000 ns	     22304	80004c70	ec403413	sltiu	x8,x0,-316	  x0:0x00000000  x8=0x00000001
     223075.000 ns	     22306	80004c74	a05283d3	fle.s	x7,f5,f5	  f5:0x7fc00000  f5:0x7fc00000  x7=0x00000000
     223095.000 ns	     22308	80004c78	03efca93	xori	x21,x31,62	 x31:0x5ddde948 x21=0x5ddde976
     223115.000 ns	     22310	80004c7c	f0000c53	fmv.w.x	f24,x0	  x0:0x00000000 f24=0x00000000
     223145.000 ns	     22313	80004c80	d003f053	fcvt.s.w	f0,x7	  x7:0x00000000  f0=0x00000000
     223175.000 ns	     22316	80004c84	d00a71d3	fcvt.s.w	f3,x20	 x20:0xa202344a  f3=0xcebbfb97
     223205.000 ns	     22319	80004c88	d0190f53	fcvt.s.wu	f30,x18	 x18:0x80041024 f30=0x4f000410
     223225.000 ns	     22321	80004c8c	009e1d33	sll	x26,x28,x9	 x28:0x00000040  x9:0x00000000 x26=0x00000040
     223245.000 ns	     22323	80004c90	02dd80b3	mul	x1,x27,x13	 x27:0x00000000 x13:0x00000040  x1=0x00000000
     223265.000 ns	     22325	80004c94	0105e0b3	or	x1,x11,x16	 x11:0x00000000 x16:0x7fffffff  x1=0x7fffffff
     223285.000 ns	     22327	80004c98	a1b18cd3	fle.s	x25,f3,f27	  f3:0xcebbfb97 f27:0x7fc00000 x25=0x00000000
     223315.000 ns	     22330	80004c9c	c017fdd3	fcvt.wu.s	x27,f15	 f15:0x00000000 x27=0x00000000
     224495.000 ns	     22448	80004ca0	580c8fd3	fsqrt.s	f31,f25	 f25:0x417fffae f31=0x4035042a
     224865.000 ns	     22485	80004ca4	03a36e33	rem	x28,x6,x26	  x6:0xfc020000 x26:0x00000040 x28=0x00000000
     224895.000 ns	     22488	80004ca8	e00d1ad3	fclass.s	x21,f26	 f26:0x00000000 x21=0x00000010
     224915.000 ns	     22490	80004cac	b5c4dd17	auipc	x26,0xb5c4d	 x26=0x35c51cac
     224925.000 ns	     22491	80004cb0	41a80eb3	sub	x29,x16,x26	 x16:0x7fffffff x26:0x00000040 x29=0x4a3ae353
     224945.000 ns	     22493	80004cb4	a14a8253	fle.s	x4,f21,f20	 f21:0x4564e5ba f20:0x417fffae  x4=0x00000000
     224965.000 ns	     22495	80004cb8	4132d493	srai	x9,x5,0x13	  x5:0x00000000  x9=0x00000000
     224985.000 ns	     22497	80004cbc	0380bd33	mulhu	x26,x1,x24	  x1:0x7fffffff x24:0x00000000 x26=0x00000000
     225015.000 ns	     22500	80004cc0	039e0e33	mul	x28,x28,x25	 x28:0x00000000 x25:0x00000000 x28=0x00000000
     225035.000 ns	     22502	80004cc4	00205393	srli	x7,x0,0x2	  x0:0x00000000  x7=0x00000000
     225055.000 ns	     22504	80004cc8	a089a3d3	feq.s	x7,f19,f8	 f19:0x7fc00000  f8:0x7fc00000  x7=0x00000000
     225075.000 ns	     22506	80004ccc	006b9b33	sll	x22,x23,x6	 x23:0x0300b000  x6:0xfc020000 x22=0x0300b000
     225085.000 ns	     22507	80004cd0	c690b413	sltiu	x8,x1,-919	  x1:0x7fffffff  x8=0x00000001
     225115.000 ns	     22510	80004cd4	10e531d3	fmul.s	f3,f10,f14	 f10:0x43800000 f14:0x4c21db3d  f3=0x5021db3e
     225155.000 ns	     22514	80004cd8	58043453	fsqrt.s	f8,f8	  f8:0x7fc00000  f8=0x7fc00000
     225175.000 ns	     22516	80004cdc	00b4c133	xor	x2,x9,x11	  x9:0x00000000 x11:0x00000000  x2=0x00000000
     225185.000 ns	     22517	80004ce0	001c7833	and	x16,x24,x1	 x24:0x00000000  x1:0x7fffffff x16=0x00000000
     225205.000 ns	     22519	80004ce4	a1b111d3	flt.s	x3,f2,f27	  f2:0x7fc00000 f27:0x7fc00000  x3=0x00000000
     225225.000 ns	     22521	80004ce8	00000013	addi	x0,x0,0	  x0:0x00000000
     225235.000 ns	     22522	80004cec	00585b13	srli	x22,x16,0x5	 x16:0x00000000 x22=0x00000000
     225595.000 ns	     22558	80004cf0	032851b3	divu	x3,x16,x18	 x16:0x00000000 x18:0x80041024  x3=0x00000000
     225625.000 ns	     22561	80004cf4	e00584d3	fmv.x.w	x9,f11	 f11:0xffc00000  x9=0xffc00000
     226805.000 ns	     22679	80004cf8	580e14d3	fsqrt.s	f9,f28	 f28:0x5ddde948  f9=0x4ea8896a
     226825.000 ns	     22681	80004cfc	01ba9fb3	sll	x31,x21,x27	 x21:0x00000010 x27:0x00000000 x31=0x00000010
     227185.000 ns	     22717	80004d00	02ed4b33	div	x22,x26,x14	 x26:0x00000000 x14:0x0300b000 x22=0x00000000
     227215.000 ns	     22720	80004d04	c01e23d3	fcvt.wu.s	x7,f28	 f28:0x5ddde948  x7=0xffffffff
     227235.000 ns	     22722	80004d08	01ee3633	sltu	x12,x28,x30	 x28:0x00000000 x30:0x00000000 x12=0x00000000
     227245.000 ns	     22723	80004d0c	01a816b3	sll	x13,x16,x26	 x16:0x00000000 x26:0x00000000 x13=0x00000000
     228415.000 ns	     22840	80004d10	58057053	fsqrt.s	f0,f10	 f10:0x43800000  f0=0x417fffae
     228435.000 ns	     22842	80004d14	1b673413	sltiu	x8,x14,438	 x14:0x0300b000  x8=0x00000000
     228445.000 ns	     22843	80004d18	4da77c37	lui	x24,0x4da77	 x24=0x4da77000
     228455.000 ns	     22844	80004d1c	de4cfc93	andi	x25,x25,-540	 x25:0x00000000 x25=0x00000000
     228475.000 ns	     22846	80004d20	29278f53	fmin.s	f30,f15,f18	 f15:0x00000000 f18:0x00000000 f30=0x00000000
     228495.000 ns	     22848	80004d24	41ee04b3	sub	x9,x28,x30	 x28:0x00000000 x30:0x00000000  x9=0x00000000
     228505.000 ns	     22849	80004d28	01305993	srli	x19,x0,0x13	  x0:0x00000000 x19=0x00000000
     228525.000 ns	     22851	80004d2c	e0098cd3	fmv.x.w	x25,f19	 f19:0x7fc00000 x25=0x7fc00000
     228545.000 ns	     22853	80004d30	005769b3	or	x19,x14,x5	 x14:0x0300b000  x5:0x00000000 x19=0x0300b000
     228565.000 ns	     22855	80004d34	a0600753	fle.s	x14,f0,f6	  f0:0x417fffae  f6:0x00000000 x14=0x00000000
     228585.000 ns	     22857	80004d38	01315033	srl	x0,x2,x19	  x2:0x00000000 x19:0x00000000
     228615.000 ns	     22860	80004d3c	100fa0d3	fmul.s	f1,f31,f0	 f31:0x4035042a  f0:0x417fffae  f1=0x423503f0
     228635.000 ns	     22862	80004d40	01f41833	sll	x16,x8,x31	  x8:0x00000000 x31:0x00000010 x16=0x00000000
     228655.000 ns	     22864	80004d44	e0030653	fmv.x.w	x12,f6	  f6:0x00000000 x12=0x00000000
     228675.000 ns	     22866	80004d48	00e52eb3	slt	x29,x10,x14	 x10:0x80040fe4 x14:0x00000000 x29=0x00000001
     228695.000 ns	     22868	80004d4c	28c69453	fmax.s	f8,f13,f12	 f13:0x4564e5ba f12:0xc4a72000  f8=0x4564e5ba
     228735.000 ns	     22872	80004d50	10204553	fmul.s	f10,f0,f2	  f0:0x417fffae  f2:0x7fc00000 f10=0x7fc00000
     229105.000 ns	     22909	80004d54	033dccb3	div	x25,x27,x19	 x27:0x00000000 x19:0x0300b000 x25=0x00000000
     229125.000 ns	     22911	80004d58	002d30b3	sltu	x1,x26,x2	 x26:0x00000000  x2:0x00000000  x1=0x00000000
     229145.000 ns	     22913	80004d5c	0354a433	mulhsu	x8,x9,x21	  x9:0x00000000 x21:0x00000010  x8=0x00000000
     229185.000 ns	     22917	80004d60	18a57953	fdiv.s	f18,f10,f10	 f10:0x7fc00000 f10:0x7fc00000 f18=0x7fc00000
     229205.000 ns	     22919	80004d64	0041a3b3	slt	x7,x3,x4	  x3:0x00000000  x4:0x00000000  x7=0x00000000
     229215.000 ns	     22920	80004d68	00000013	addi	x0,x0,0	  x0:0x00000000
     229225.000 ns	     22921	80004d6c	00000013	addi	x0,x0,0	  x0:0x00000000
     229245.000 ns	     22923	80004d70	03228e33	mul	x28,x5,x18	  x5:0x00000000 x18:0x80041024 x28=0x00000000
     229275.000 ns	     22926	80004d74	a0df24d3	feq.s	x9,f30,f13	 f30:0x00000000 f13:0x4564e5ba  x9=0x00000000
     229305.000 ns	     22929	80004d78	035127b3	mulhsu	x15,x2,x21	  x2:0x00000000 x21:0x00000010 x15=0x00000000
     229325.000 ns	     22931	80004d7c	41ead593	srai	x11,x21,0x1e	 x21:0x00000010 x11=0x00000000
     229345.000 ns	     22933	80004d80	022480b3	mul	x1,x9,x2	  x9:0x00000000  x2:0x00000000  x1=0x00000000
     229385.000 ns	     22937	80004d84	580b7653	fsqrt.s	f12,f22	 f22:0xc4d04000 f12=0x7fc00000
     229415.000 ns	     22940	80004d88	284b9b53	fmax.s	f22,f23,f4	 f23:0x00000000  f4:0x4ca1db3d f22=0x4ca1db3d
     229755.000 ns	     22974	80004d8c	195a04d3	fdiv.s	f9,f20,f21	 f20:0x417fffae f21:0x4564e5ba  f9=0x3bb7403f
     230125.000 ns	     23011	80004d90	0389e833	rem	x16,x19,x24	 x19:0x0300b000 x24:0x4da77000 x16=0x0300b000
     230155.000 ns	     23014	80004d94	a0099653	flt.s	x12,f19,f0	 f19:0x7fc00000  f0:0x417fffae x12=0x00000000
     230175.000 ns	     23016	80004d98	01c570b3	and	x1,x10,x28	 x10:0x80040fe4 x28:0x00000000  x1=0x00000000
     230195.000 ns	     23018	80004d9c	021313b3	mulh	x7,x6,x1	  x6:0xfc020000  x1:0x00000000  x7=0x00000000
     230215.000 ns	     23020	80004da0	00bf3cb3	sltu	x25,x30,x11	 x30:0x00000000 x11:0x00000000 x25=0x00000000
     230225.000 ns	     23021	80004da4	1f5063b7	lui	x7,0x1f506	  x7=0x1f506000
     230245.000 ns	     23023	80004da8	02333fb3	mulhu	x31,x6,x3	  x6:0xfc020000  x3:0x00000000 x31=0x00000000
     230265.000 ns	     23025	80004dac	0146e0b3	or	x1,x13,x20	 x13:0x00000000 x20:0xa202344a  x1=0xa202344a
     230275.000 ns	     23026	80004db0	018589b3	add	x19,x11,x24	 x11:0x00000000 x24:0x4da77000 x19=0x4da77000
     230295.000 ns	     23028	80004db4	f00202d3	fmv.w.x	f5,x4	  x4:0x00000000  f5=0x00000000
     230315.000 ns	     23030	80004db8	00b316b3	sll	x13,x6,x11	  x6:0xfc020000 x11:0x00000000 x13=0xfc020000
     230325.000 ns	     23031	80004dbc	004438b3	sltu	x17,x8,x4	  x8:0x00000000  x4:0x00000000 x17=0x00000000
     230335.000 ns	     23032	80004dc0	00000013	addi	x0,x0,0	  x0:0x00000000
     230365.000 ns	     23035	80004dc4	580673d3	fsqrt.s	f7,f12	 f12:0x7fc00000  f7=0x7fc00000
     230385.000 ns	     23037	80004dc8	3baf7493	andi	x9,x30,954	 x30:0x00000000  x9=0x00000000
     230405.000 ns	     23039	80004dcc	d0117953	fcvt.s.wu	f18,x2	  x2:0x00000000 f18=0x00000000
     230435.000 ns	     23042	80004dd0	29de9b53	fmax.s	f22,f29,f29	 f29:0x4f800000 f29:0x4f800000 f22=0x4f800000
     230465.000 ns	     23045	80004dd4	c01b72d3	fcvt.wu.s	x5,f22	 f22:0x4ca1db3d  x5=0x00000000
     230495.000 ns	     23048	80004dd8	0259a033	mulhsu	x0,x19,x5	 x19:0x4da77000  x5:0x00000000
     230515.000 ns	     23050	80004ddc	01e402b3	add	x5,x8,x30	  x8:0x00000000 x30:0x00000000  x5=0x00000000
     230525.000 ns	     23051	80004de0	008d1013	slli	x0,x26,0x8	 x26:0x00000000
     230535.000 ns	     23052	80004de4	fd903293	sltiu	x5,x0,-39	  x0:0x00000000  x5=0x00000001
     230545.000 ns	     23053	80004de8	41185993	srai	x19,x16,0x11	 x16:0x0300b000 x19=0x00000180
     230555.000 ns	     23054	80004dec	00adc8b3	xor	x17,x27,x10	 x27:0x00000000 x10:0x80040fe4 x17=0x80040fe4
     230575.000 ns	     23056	80004df0	212984d3	fsgnj.s	f9,f19,f18	 f19:0x7fc00000 f18:0x00000000  f9=0x7fc00000
     230605.000 ns	     23059	80004df4	02e549b3	div	x19,x10,x14	 x10:0x80040fe4 x14:0x00000000 x19=0xffffffff
     230625.000 ns	     23061	80004df8	85c79e37	lui	x28,0x85c79	 x28=0x85c79000
     230635.000 ns	     23062	80004dfc	00c7fbb3	and	x23,x15,x12	 x15:0x00000000 x12:0x00000000 x23=0x00000000
     230655.000 ns	     23064	80004e00	e0081ed3	fclass.s	x29,f16	 f16:0x4c21db3d x29=0x00000040
     230675.000 ns	     23066	80004e04	01dfafb3	slt	x31,x31,x29	 x31:0x00000000 x29:0x00000001 x31=0x00000001
     230685.000 ns	     23067	80004e08	000bc333	xor	x6,x23,x0	 x23:0x00000000  x0:0x00000000  x6=0x00000000
     230705.000 ns	     23069	80004e0c	210a13d3	fsgnjn.s	f7,f20,f16	 f20:0x417fffae f16:0x4c21db3d  f7=0xc17fffae
     230735.000 ns	     23072	80004e10	c003a7d3	fcvt.w.s	x15,f7	  f7:0x7fc00000 x15=0xfffffff0
     230765.000 ns	     23075	80004e14	a0a311d3	flt.s	x3,f6,f10	  f6:0x00000000 f10:0x7fc00000  x3=0x00000000
     230785.000 ns	     23077	80004e18	416205b3	sub	x11,x4,x22	  x4:0x00000000 x22:0x00000000 x11=0x00000000
     230795.000 ns	     23078	80004e1c	2456bd13	sltiu	x26,x13,581	 x13:0xfc020000 x26=0x00000000
     230805.000 ns	     23079	80004e20	004e9fb3	sll	x31,x29,x4	 x29:0x00000040  x4:0x00000000 x31=0x00000040
     230825.000 ns	     23081	80004e24	c00999d3	fcvt.w.s	x19,f19	 f19:0x7fc00000 x19=0x7fffffff
     230875.000 ns	     23086	80004e28	09f670d3	fsub.s	f1,f12,f31	 f12:0x7fc00000 f31:0x4035042a  f1=0x7fc00000
     230895.000 ns	     23088	80004e2c	41f18cb3	sub	x25,x3,x31	  x3:0x00000000 x31:0x00000040 x25=0xffffffc0
     230915.000 ns	     23090	80004e30	c0194d53	fcvt.wu.s	x26,f18	 f18:0x00000000 x26=0x00000000
     230945.000 ns	     23093	80004e34	026fcd33	div	x26,x31,x6	 x31:0x00000040  x6:0x00000000 x26=0xffffffff
     230975.000 ns	     23096	80004e38	f0030ed3	fmv.w.x	f29,x6	  x6:0x00000000 f29=0x00000000
     231005.000 ns	     23099	80004e3c	038a23b3	mulhsu	x7,x20,x24	 x20:0xa202344a x24:0x4da77000  x7=0xe37d300b
     231035.000 ns	     23102	80004e40	d00af1d3	fcvt.s.w	f3,x21	 x21:0x00000010  f3=0x41800000
     231065.000 ns	     23105	80004e44	d01b7f53	fcvt.s.wu	f30,x22	 x22:0x00000000 f30=0x00000000
     231085.000 ns	     23107	80004e48	00028f33	add	x30,x5,x0	  x5:0x00000001  x0:0x00000000 x30=0x00000001
     231105.000 ns	     23109	80004e4c	a13b0c53	fle.s	x24,f22,f19	 f22:0x4f800000 f19:0x7fc00000 x24=0x00000000
     231135.000 ns	     23112	80004e50	d01c27d3	fcvt.s.wu	f15,x24	 x24:0x4da77000 f15=0x00000000
     231165.000 ns	     23115	80004e54	d0121053	fcvt.s.wu	f0,x4	  x4:0x00000000  f0=0x00000000
     231185.000 ns	     23117	80004e58	40d90733	sub	x14,x18,x13	 x18:0x80041024 x13:0xfc020000 x14=0x84021024
     231545.000 ns	     23153	80004e5c	03554d33	div	x26,x10,x21	 x10:0x80040fe4 x21:0x00000010 x26=0xf80040ff
     231575.000 ns	     23156	80004e60	21a482d3	fsgnj.s	f5,f9,f26	  f9:0x7fc00000 f26:0x00000000  f5=0x7fc00000
     231595.000 ns	     23158	80004e64	96a80293	addi	x5,x16,-1686	 x16:0x0300b000  x5=0x0300a96a
     231605.000 ns	     23159	80004e68	40d0d493	srai	x9,x1,0xd	  x1:0xa202344a  x9=0xfffd1011
     231615.000 ns	     23160	80004e6c	00a57733	and	x14,x10,x10	 x10:0x80040fe4 x10:0x80040fe4 x14=0x80040fe4
     231625.000 ns	     23161	80004e70	01416433	or	x8,x2,x20	  x2:0x00000000 x20:0xa202344a  x8=0xa202344a
     231635.000 ns	     23162	80004e74	00025613	srli	x12,x4,0x0	  x4:0x00000000 x12=0x00000000
     231655.000 ns	     23164	80004e78	c00975d3	fcvt.w.s	x11,f18	 f18:0x00000000 x11=0x00000000
     231675.000 ns	     23166	80004e7c	40b4d333	sra	x6,x9,x11	  x9:0xfffd1011 x11:0x00000000  x6=0xfffd1011
     231695.000 ns	     23168	80004e80	e00a08d3	fmv.x.w	x17,f20	 f20:0x417fffae x17=0x417fffae
     231735.000 ns	     23172	80004e84	108ff3d3	fmul.s	f7,f31,f8	 f31:0x4035042a  f8:0x4564e5ba  f7=0x4621da26
     231775.000 ns	     23176	80004e88	19b2fbd3	fdiv.s	f23,f5,f27	  f5:0x7fc00000 f27:0x7fc00000 f23=0x7fc00000
     232115.000 ns	     23210	80004e8c	194a4b53	fdiv.s	f22,f20,f20	 f20:0x417fffae f20:0x417fffae f22=0x3f88bb86
     232145.000 ns	     23213	80004e90	02628833	mul	x16,x5,x6	  x5:0x0300a96a  x6:0xfffd1011 x16=0x4163e00a
     232175.000 ns	     23216	80004e94	03817633	remu	x12,x2,x24	  x2:0x00000000 x24:0x00000000 x12=0x00000000
     232205.000 ns	     23219	80004e98	21fe8853	fsgnj.s	f16,f29,f31	 f29:0x00000000 f31:0x4035042a f16=0x00000000
     232225.000 ns	     23221	80004e9c	009bd9b3	srl	x19,x23,x9	 x23:0x00000000  x9:0xfffd1011 x19=0x00000000
     232245.000 ns	     23223	80004ea0	e0058b53	fmv.x.w	x22,f11	 f11:0xffc00000 x22=0xffc00000
     232615.000 ns	     23260	80004ea4	02165633	divu	x12,x12,x1	 x12:0x00000000  x1:0xa202344a x12=0x00000000
     232645.000 ns	     23263	80004ea8	215b8253	fsgnj.s	f4,f23,f21	 f23:0x7fc00000 f21:0x4564e5ba  f4=0x7fc00000
     232665.000 ns	     23265	80004eac	2c7f7397	auipc	x7,0x2c7f7	  x7=0xac7fbeac
     232675.000 ns	     23266	80004eb0	018e8333	add	x6,x29,x24	 x29:0x00000040 x24:0x00000000  x6=0x00000040
     232695.000 ns	     23268	80004eb4	20212853	fsgnjx.s	f16,f2,f2	  f2:0x7fc00000  f2:0x7fc00000 f16=0x7fc00000
     232725.000 ns	     23271	80004eb8	20709153	fsgnjn.s	f2,f1,f7	  f1:0x7fc00000  f7:0x4621da26  f2=0xffc00000
     233905.000 ns	     23389	80004ebc	580682d3	fsqrt.s	f5,f13	 f13:0x4564e5ba  f5=0x4221dad9
     233935.000 ns	     23392	80004ec0	c00c70d3	fcvt.w.s	x1,f24	 f24:0x00000000  x1=0x00000000
     233955.000 ns	     23394	80004ec4	0072f2b3	and	x5,x5,x7	  x5:0x0300a96a  x7:0xac7fbeac  x5=0x0000a828
     233975.000 ns	     23396	80004ec8	293e9ed3	fmax.s	f29,f29,f19	 f29:0x00000000 f19:0x7fc00000 f29=0x00000000
     234005.000 ns	     23399	80004ecc	0374d133	divu	x2,x9,x23	  x9:0xfffd1011 x23:0x00000000  x2=0xffffffff
     234035.000 ns	     23402	80004ed0	a0212b53	feq.s	x22,f2,f2	  f2:0xffc00000  f2:0xffc00000 x22=0x00000000
     234065.000 ns	     23405	80004ed4	206fa5d3	fsgnjx.s	f11,f31,f6	 f31:0x4035042a  f6:0x00000000 f11=0x4035042a
     234105.000 ns	     23409	80004ed8	58093d53	fsqrt.s	f26,f18	 f18:0x00000000 f26=0x00000000
     234125.000 ns	     23411	80004edc	4c10b613	sltiu	x12,x1,1217	  x1:0x00000000 x12=0x00000001
     234135.000 ns	     23412	80004ee0	ea760013	addi	x0,x12,-345	 x12:0x00000000
     234145.000 ns	     23413	80004ee4	00da7fb3	and	x31,x20,x13	 x20:0xa202344a x13:0xfc020000 x31=0xa0020000
     234165.000 ns	     23415	80004ee8	02ec8e33	mul	x28,x25,x14	 x25:0xffffffc0 x14:0x80040fe4 x28=0xfefc0700
     234185.000 ns	     23417	80004eec	7a122813	slti	x16,x4,1953	  x4:0x00000000 x16=0x00000001
     234225.000 ns	     23421	80004ef0	01e144d3	fadd.s	f9,f2,f30	  f2:0xffc00000 f30:0x00000000  f9=0x7fc00000
     234275.000 ns	     23426	80004ef4	01d6c053	fadd.s	f0,f13,f29	 f13:0x4564e5ba f29:0x00000000  f0=0x4564e5ba
     234305.000 ns	     23429	80004ef8	f00908d3	fmv.w.x	f17,x18	 x18:0x80041024 f17=0x80041024
     234335.000 ns	     23432	80004efc	a17787d3	fle.s	x15,f15,f23	 f15:0x00000000 f23:0x7fc00000 x15=0x00000000
     234385.000 ns	     23437	80004f00	086b3e53	fsub.s	f28,f22,f6	 f22:0x3f88bb86  f6:0x00000000 f28=0x3f88bb86
     234405.000 ns	     23439	80004f04	01671f93	slli	x31,x14,0x16	 x14:0x80040fe4 x31=0xf9000000
     234415.000 ns	     23440	80004f08	41c5dfb3	sra	x31,x11,x28	 x11:0x00000000 x28:0xfefc0700 x31=0x00000000
     234445.000 ns	     23443	80004f0c	18aa7b53	fdiv.s	f22,f20,f10	 f20:0x417fffae f10:0x7fc00000 f22=0x7fc00000
     234465.000 ns	     23445	80004f10	00b82f33	slt	x30,x16,x11	 x16:0x00000001 x11:0x00000000 x30=0x00000000
     234475.000 ns	     23446	80004f14	c5ad0413	addi	x8,x26,-934	 x26:0xf80040ff  x8=0xf8003d59
     234495.000 ns	     23448	80004f18	0328ae33	mulhsu	x28,x17,x18	 x17:0x417fffae x18:0x80041024 x28=0x20c109f8
     234515.000 ns	     23450	80004f1c	34320393	addi	x7,x4,835	  x4:0x00000000  x7=0x00000343
     234525.000 ns	     23451	80004f20	000ef433	and	x8,x29,x0	 x29:0x00000040  x0:0x00000000  x8=0x00000000
     234545.000 ns	     23453	80004f24	e00286d3	fmv.x.w	x13,f5	  f5:0x4221dad9 x13=0x4221dad9
     234575.000 ns	     23456	80004f28	c01116d3	fcvt.wu.s	x13,f2	  f2:0xffc00000 x13=0xffffffff
     234615.000 ns	     23460	80004f2c	58067553	fsqrt.s	f10,f12	 f12:0x7fc00000 f10=0x7fc00000
     234645.000 ns	     23463	80004f30	20039b53	fsgnjn.s	f22,f7,f0	  f7:0x4621da26  f0:0x4564e5ba f22=0xc621da26
     234675.000 ns	     23466	80004f34	e00919d3	fclass.s	x19,f18	 f18:0x00000000 x19=0x00000010
     234705.000 ns	     23469	80004f38	d019f6d3	fcvt.s.wu	f13,x19	 x19:0x00000000 f13=0x41800000
     234725.000 ns	     23471	80004f3c	f0e28813	addi	x16,x5,-242	  x5:0x0000a828 x16=0x0000a736
     234735.000 ns	     23472	80004f40	40d0d5b3	sra	x11,x1,x13	  x1:0x00000000 x13:0xffffffff x11=0x00000000
     234755.000 ns	     23474	80004f44	c00af153	fcvt.w.s	x2,f21	 f21:0x4564e5ba  x2=0x00000e4e
     235125.000 ns	     23511	80004f48	034fd6b3	divu	x13,x31,x20	 x31:0x00000000 x20:0xa202344a x13=0x00000000
     235145.000 ns	     23513	80004f4c	0114d3b3	srl	x7,x9,x17	  x9:0xfffd1011 x17:0x417fffae  x7=0x0003fff4
     235175.000 ns	     23516	80004f50	108576d3	fmul.s	f13,f10,f8	 f10:0x7fc00000  f8:0x4564e5ba f13=0x7fc00000
     235195.000 ns	     23518	80004f54	016f54b3	srl	x9,x30,x22	 x30:0x00000000 x22:0x00000000  x9=0x00000000
     235215.000 ns	     23520	80004f58	02ed17b3	mulh	x15,x26,x14	 x26:0xf80040ff x14:0x80040fe4 x15=0x03ffbf02
     235245.000 ns	     23523	80004f5c	20ac0dd3	fsgnj.s	f27,f24,f10	 f24:0x00000000 f10:0x7fc00000 f27=0x00000000
     235275.000 ns	     23526	80004f60	c01618d3	fcvt.wu.s	x17,f12	 f12:0x7fc00000 x17=0xffffffff
     235295.000 ns	     23528	80004f64	d95ce393	ori	x7,x25,-619	 x25:0xffffffc0  x7=0xffffffd5
     235305.000 ns	     23529	80004f68	d3e7e193	ori	x3,x15,-706	 x15:0x03ffbf02  x3=0xffffff3e
     235315.000 ns	     23530	80004f6c	0199bb33	sltu	x22,x19,x25	 x19:0x00000010 x25:0xffffffc0 x22=0x00000001
     235675.000 ns	     23566	80004f70	036b43b3	div	x7,x22,x22	 x22:0x00000000 x22:0x00000000  x7=0x00000001
     235695.000 ns	     23568	80004f74	aabe0d93	addi	x27,x28,-1365	 x28:0x20c109f8 x27=0x20c104a3
     235705.000 ns	     23569	80004f78	00666cb3	or	x25,x12,x6	 x12:0x00000001  x6:0x00000040 x25=0x00000041
     235715.000 ns	     23570	80004f7c	00789a93	slli	x21,x17,0x7	 x17:0xffffffff x21=0xffffff80
     236075.000 ns	     23606	80004f80	03675bb3	divu	x23,x14,x22	 x14:0x80040fe4 x22:0x00000001 x23=0x80040fe4
     236095.000 ns	     23608	80004f84	31ffc193	xori	x3,x31,799	 x31:0x00000000  x3=0x0000031f
     236115.000 ns	     23610	80004f88	f00486d3	fmv.w.x	f13,x9	  x9:0x00000000 f13=0x00000000
     236135.000 ns	     23612	80004f8c	0027b2b3	sltu	x5,x15,x2	 x15:0x03ffbf02  x2:0x00000e4e  x5=0x00000000
     236155.000 ns	     23614	80004f90	0257ce33	div	x28,x15,x5	 x15:0x03ffbf02  x5:0x0000a828 x28=0xffffffff
     236205.000 ns	     23619	80004f94	01a88953	fadd.s	f18,f17,f26	 f17:0x80041024 f26:0x00000000 f18=0x80041024
     236225.000 ns	     23621	80004f98	01639593	slli	x11,x7,0x16	  x7:0x00000001 x11=0x00400000
     236235.000 ns	     23622	80004f9c	ee85a313	slti	x6,x11,-280	 x11:0x00000000  x6=0x00000000
     236255.000 ns	     23624	80004fa0	c01c1ed3	fcvt.wu.s	x29,f24	 f24:0x00000000 x29=0x00000000
     236275.000 ns	     23626	80004fa4	0168d0b3	srl	x1,x17,x22	 x17:0xffffffff x22:0x00000001  x1=0x7fffffff
     236295.000 ns	     23628	80004fa8	c0169fd3	fcvt.wu.s	x31,f13	 f13:0x00000000 x31=0x00000000
     236325.000 ns	     23631	80004fac	c01b79d3	fcvt.wu.s	x19,f22	 f22:0xc621da26 x19=0x00002876
     236355.000 ns	     23634	80004fb0	a1fbaad3	feq.s	x21,f23,f31	 f23:0x7fc00000 f31:0x4035042a x21=0x00000000
     236385.000 ns	     23637	80004fb4	203f2bd3	fsgnjx.s	f23,f30,f3	 f30:0x00000000  f3:0x41800000 f23=0x00000000
     236435.000 ns	     23642	80004fb8	089bcad3	fsub.s	f21,f23,f9	 f23:0x7fc00000  f9:0x7fc00000 f21=0x7fc00000
     236455.000 ns	     23644	80004fbc	bb483797	auipc	x15,0xbb483	 x15=0x3b487fbc
     236475.000 ns	     23646	80004fc0	29071353	fmax.s	f6,f14,f16	 f14:0x4c21db3d f16:0x7fc00000  f6=0x4c21db3d
     236505.000 ns	     23649	80004fc4	029e7cb3	remu	x25,x28,x9	 x28:0xffffffff  x9:0x00000000 x25=0xffffffff
     236525.000 ns	     23651	80004fc8	01bf7033	and	x0,x30,x27	 x30:0x00000000 x27:0x20c104a3
     236535.000 ns	     23652	80004fcc	127de293	ori	x5,x27,295	 x27:0x20c104a3  x5=0x20c105a7
     236545.000 ns	     23653	80004fd0	01d32c33	slt	x24,x6,x29	  x6:0x00000000 x29:0x00000000 x24=0x00000000
     236905.000 ns	     23689	80004fd4	0390fb33	remu	x22,x1,x25	  x1:0x7fffffff x25:0xffffffff x22=0x7fffffff
     236925.000 ns	     23691	80004fd8	00062bb3	slt	x23,x12,x0	 x12:0x00000001  x0:0x00000000 x23=0x00000000
     236945.000 ns	     23693	80004fdc	e0080153	fmv.x.w	x2,f16	 f16:0x7fc00000  x2=0x7fc00000
     236965.000 ns	     23695	80004fe0	00010833	add	x16,x2,x0	  x2:0x00000e4e  x0:0x00000000 x16=0x7fc00000
     236975.000 ns	     23696	80004fe4	1af03d93	sltiu	x27,x0,431	  x0:0x00000000 x27=0x00000001
     236985.000 ns	     23697	80004fe8	2bc2ed13	ori	x26,x5,700	  x5:0x20c105a7 x26=0x20c107bf
     237005.000 ns	     23699	80004fec	d01d73d3	fcvt.s.wu	f7,x26	 x26:0xf80040ff  f7=0x4e03041e
     237025.000 ns	     23701	80004ff0	00000013	addi	x0,x0,0	  x0:0x00000000
     237035.000 ns	     23702	80004ff4	40b85f93	srai	x31,x16,0xb	 x16:0x7fc00000 x31=0x000ff800
     237055.000 ns	     23704	80004ff8	21489e53	fsgnjn.s	f28,f17,f20	 f17:0x80041024 f20:0x417fffae f28=0x80041024
     237085.000 ns	     23707	80004ffc	c00317d3	fcvt.w.s	x15,f6	  f6:0x4c21db3d x15=0x02876cf4
     237125.000 ns	     23711	80005000	10337cd3	fmul.s	f25,f6,f3	  f6:0x4c21db3d  f3:0x41800000 f25=0x4e21db3e
     237165.000 ns	     23715	80005004	11ce3ad3	fmul.s	f21,f28,f28	 f28:0x80041024 f28:0x80041024 f21=0x00000000
     237195.000 ns	     23718	80005008	f00988d3	fmv.w.x	f17,x19	 x19:0x00002876 f17=0x00002876
     237245.000 ns	     23723	8000500c	09b67d53	fsub.s	f26,f12,f27	 f12:0x7fc00000 f27:0x00000000 f26=0x7fc00000
     237265.000 ns	     23725	80005010	01775f13	srli	x30,x14,0x17	 x14:0x80040fe4 x30=0x00000100
     237275.000 ns	     23726	80005014	5434f113	andi	x2,x9,1347	  x9:0x00000000  x2=0x00000000
     237285.000 ns	     23727	80005018	46d53b13	sltiu	x22,x10,1133	 x10:0x80040fe4 x22=0x00000000
     237315.000 ns	     23730	8000501c	116cfed3	fmul.s	f29,f25,f22	 f25:0x4e21db3e f22:0xc621da26 f29=0xd4cca99e
     237335.000 ns	     23732	80005020	00426133	or	x2,x4,x4	  x4:0x00000000  x4:0x00000000  x2=0x00000000
     237345.000 ns	     23733	80005024	41a8d8b3	sra	x17,x17,x26	 x17:0xffffffff x26:0x20c107bf x17=0xffffffff
     237355.000 ns	     23734	80005028	f413ed37	lui	x26,0xf413e	 x26=0xf413e000
     237365.000 ns	     23735	8000502c	fb513097	auipc	x1,0xfb513	  x1=0x7b51802c
     237375.000 ns	     23736	80005030	2b703113	sltiu	x2,x0,695	  x0:0x00000000  x2=0x00000001
     237385.000 ns	     23737	80005034	0144f133	and	x2,x9,x20	  x9:0x00000000 x20:0xa202344a  x2=0x00000000
     237395.000 ns	     23738	80005038	417984b3	sub	x9,x19,x23	 x19:0x00002876 x23:0x00000000  x9=0x00002876
     237415.000 ns	     23740	8000503c	20011853	fsgnjn.s	f16,f2,f0	  f2:0xffc00000  f0:0x4564e5ba f16=0xffc00000
     237445.000 ns	     23743	80005040	0209c233	div	x4,x19,x0	 x19:0x00002876  x0:0x00000000  x4=0xffffffff
     237465.000 ns	     23745	80005044	41bdd9b3	sra	x19,x27,x27	 x27:0x00000001 x27:0x00000001 x19=0x00000000
     237475.000 ns	     23746	80005048	0016e833	or	x16,x13,x1	 x13:0x00000000  x1:0x7b51802c x16=0x7b51802c
     237495.000 ns	     23748	8000504c	21d18153	fsgnj.s	f2,f3,f29	  f3:0x41800000 f29:0xd4cca99e  f2=0xc1800000
     237515.000 ns	     23750	80005050	dae17c17	auipc	x24,0xdae17	 x24=0x5ae1c050
     237525.000 ns	     23751	80005054	01b01793	slli	x15,x0,0x1b	  x0:0x00000000 x15=0x00000000
     237535.000 ns	     23752	80005058	ff923693	sltiu	x13,x4,-7	  x4:0xffffffff x13=0x00000000
     237575.000 ns	     23756	8000505c	09a1f1d3	fsub.s	f3,f3,f26	  f3:0x41800000 f26:0x7fc00000  f3=0x7fc00000
     237605.000 ns	     23759	80005060	209e92d3	fsgnjn.s	f5,f29,f9	 f29:0xd4cca99e  f9:0x7fc00000  f5=0xd4cca99e
     237625.000 ns	     23761	80005064	8d53cb97	auipc	x23,0x8d53c	 x23=0x0d541064
     237645.000 ns	     23763	80005068	02129e33	mulh	x28,x5,x1	  x5:0x20c105a7  x1:0x7b51802c x28=0x0fc72b30
     237665.000 ns	     23765	8000506c	010fe9b3	or	x19,x31,x16	 x31:0x000ff800 x16:0x7b51802c x19=0x7b5ff82c
     237675.000 ns	     23766	80005070	0025b1b3	sltu	x3,x11,x2	 x11:0x00400000  x2:0x00000000  x3=0x00000000
     238035.000 ns	     23802	80005074	0248f833	remu	x16,x17,x4	 x17:0xffffffff  x4:0xffffffff x16=0x00000000
     238405.000 ns	     23839	80005078	038e52b3	divu	x5,x28,x24	 x28:0x0fc72b30 x24:0x5ae1c050  x5=0x00000000
     238425.000 ns	     23841	8000507c	f7b9f693	andi	x13,x19,-133	 x19:0x7b5ff82c x13=0x7b5ff828
     238445.000 ns	     23843	80005080	a1368f53	fle.s	x30,f13,f19	 f13:0x00000000 f19:0x7fc00000 x30=0x00000000
     238465.000 ns	     23845	80005084	00000013	addi	x0,x0,0	  x0:0x00000000
     238485.000 ns	     23847	80005088	03586733	rem	x14,x16,x21	 x16:0x00000000 x21:0x00000000 x14=0x00000000
     238855.000 ns	     23884	8000508c	0391e633	rem	x12,x3,x25	  x3:0x00000000 x25:0xffffffff x12=0x00000000
     238885.000 ns	     23887	80005090	030a6ab3	rem	x21,x20,x16	 x20:0xa202344a x16:0x00000000 x21=0xa202344a
     238905.000 ns	     23889	80005094	01545733	srl	x14,x8,x21	  x8:0x00000000 x21:0x00000000 x14=0x00000000
     238925.000 ns	     23891	80005098	02c2fdb3	remu	x27,x5,x12	  x5:0x00000000 x12:0x00000000 x27=0x00000000
     238945.000 ns	     23893	8000509c	016b9b93	slli	x23,x23,0x16	 x23:0x0d541064 x23=0x19000000
     238955.000 ns	     23894	800050a0	40188c33	sub	x24,x17,x1	 x17:0xffffffff  x1:0x7b51802c x24=0x84ae7fd3
     238975.000 ns	     23896	800050a4	295819d3	fmax.s	f19,f16,f21	 f16:0xffc00000 f21:0x00000000 f19=0x00000000
     239005.000 ns	     23899	800050a8	d01d93d3	fcvt.s.wu	f7,x27	 x27:0x00000000  f7=0x00000000
     239025.000 ns	     23901	800050ac	019d9793	slli	x15,x27,0x19	 x27:0x00000000 x15=0x00000000
     239035.000 ns	     23902	800050b0	00c39713	slli	x14,x7,0xc	  x7:0x00000001 x14=0x00001000
     239055.000 ns	     23904	800050b4	a1128653	fle.s	x12,f5,f17	  f5:0xd4cca99e f17:0x00002876 x12=0x00000001
     239085.000 ns	     23907	800050b8	f0090f53	fmv.w.x	f30,x18	 x18:0x80041024 f30=0x80041024
     239135.000 ns	     23912	800050bc	01fe70d3	fadd.s	f1,f28,f31	 f28:0x80041024 f31:0x4035042a  f1=0x4035042a
     239505.000 ns	     23949	800050c0	0375d0b3	divu	x1,x11,x23	 x11:0x00400000 x23:0x19000000  x1=0x00000000
     239535.000 ns	     23952	800050c4	280a0853	fmin.s	f16,f20,f0	 f20:0x417fffae  f0:0x4564e5ba f16=0x417fffae
     239555.000 ns	     23954	800050c8	57afbf13	sltiu	x30,x31,1402	 x31:0x000ff800 x30=0x00000000
     239575.000 ns	     23956	800050cc	e00b06d3	fmv.x.w	x13,f22	 f22:0xc621da26 x13=0xc621da26
     239595.000 ns	     23958	800050d0	40f2d993	srai	x19,x5,0xf	  x5:0x00000000 x19=0x00000000
     239635.000 ns	     23962	800050d4	08d215d3	fsub.s	f11,f4,f13	  f4:0x7fc00000 f13:0x00000000 f11=0x7fc00000
     239685.000 ns	     23967	800050d8	099efe53	fsub.s	f28,f29,f25	 f29:0xd4cca99e f25:0x4e21db3e f28=0xd4ccaeac
     239715.000 ns	     23970	800050dc	a0e41353	flt.s	x6,f8,f14	  f8:0x4564e5ba f14:0x4c21db3d  x6=0x00000001
     239745.000 ns	     23973	800050e0	e00011d3	fclass.s	x3,f0	  f0:0x4564e5ba  x3=0x00000040
     239765.000 ns	     23975	800050e4	01fb87b3	add	x15,x23,x31	 x23:0x19000000 x31:0x000ff800 x15=0x190ff800
     239775.000 ns	     23976	800050e8	73a96c13	ori	x24,x18,1850	 x18:0x80041024 x24=0x8004173e
     239795.000 ns	     23978	800050ec	03635db3	divu	x27,x6,x22	  x6:0x00000001 x22:0x00000000 x27=0xffffffff
     239825.000 ns	     23981	800050f0	03e4aab3	mulhsu	x21,x9,x30	  x9:0x00002876 x30:0x00000000 x21=0x00000000
     239845.000 ns	     23983	800050f4	41725e13	srai	x28,x4,0x17	  x4:0xffffffff x28=0xffffffff
     239865.000 ns	     23985	800050f8	f0058ed3	fmv.w.x	f29,x11	 x11:0x00400000 f29=0x00400000
     239895.000 ns	     23988	800050fc	0217b7b3	mulhu	x15,x15,x1	 x15:0x190ff800  x1:0x00000000 x15=0x00000000
     239915.000 ns	     23990	80005100	0d605717	auipc	x14,0xd605	 x14=0x8d60a100
     239925.000 ns	     23991	80005104	00263ab3	sltu	x21,x12,x2	 x12:0x00000001  x2:0x00000000 x21=0x00000000
     239945.000 ns	     23993	80005108	21952753	fsgnjx.s	f14,f10,f25	 f10:0x7fc00000 f25:0x4e21db3e f14=0x7fc00000
     239965.000 ns	     23995	8000510c	01919813	slli	x16,x3,0x19	  x3:0x00000040 x16=0x80000000
     239985.000 ns	     23997	80005110	d01a9c53	fcvt.s.wu	f24,x21	 x21:0x00000000 f24=0x00000000
     240025.000 ns	     24001	80005114	10d9ff53	fmul.s	f30,f19,f13	 f19:0x00000000 f13:0x00000000 f30=0x00000000
     240075.000 ns	     24006	80005118	084806d3	fsub.s	f13,f16,f4	 f16:0x417fffae  f4:0x7fc00000 f13=0x7fc00000
     240445.000 ns	     24043	8000511c	031bc5b3	div	x11,x23,x17	 x23:0x19000000 x17:0xffffffff x11=0xe7000000
     240485.000 ns	     24047	80005120	19bcf553	fdiv.s	f10,f25,f27	 f25:0x4e21db3e f27:0x00000000 f10=0x7f800000
     240505.000 ns	     24049	80005124	dfdd4ab7	lui	x21,0xdfdd4	 x21=0xdfdd4000
     240515.000 ns	     24050	80005128	41b85e13	srai	x28,x16,0x1b	 x16:0x80000000 x28=0xfffffff0
     240535.000 ns	     24052	8000512c	a12b0353	fle.s	x6,f22,f18	 f22:0xc621da26 f18:0x80041024  x6=0x00000001
     240555.000 ns	     24054	80005130	009d8eb3	add	x29,x27,x9	 x27:0xffffffff  x9:0x00002876 x29=0x00002875
     240565.000 ns	     24055	80005134	41ef5613	srai	x12,x30,0x1e	 x30:0x00000000 x12=0x00000000
     240575.000 ns	     24056	80005138	405e8633	sub	x12,x29,x5	 x29:0x00000000  x5:0x00000000 x12=0x00002875
     240595.000 ns	     24058	8000513c	20a7aad3	fsgnjx.s	f21,f15,f10	 f15:0x00000000 f10:0x7f800000 f21=0x00000000
     240625.000 ns	     24061	80005140	21841ed3	fsgnjn.s	f29,f8,f24	  f8:0x4564e5ba f24:0x00000000 f29=0xc564e5ba
     240645.000 ns	     24063	80005144	00e41d33	sll	x26,x8,x14	  x8:0x00000000 x14:0x8d60a100 x26=0x00000000
     240655.000 ns	     24064	80005148	0135b433	sltu	x8,x11,x19	 x11:0xe7000000 x19:0x00000000  x8=0x00000000
     240675.000 ns	     24066	8000514c	e00c1ed3	fclass.s	x29,f24	 f24:0x00000000 x29=0x00000010
     240695.000 ns	     24068	80005150	00d5d8b3	srl	x17,x11,x13	 x11:0xe7000000 x13:0xc621da26 x17=0x039c0000
     240715.000 ns	     24070	80005154	0281fab3	remu	x21,x3,x8	  x3:0x00000040  x8:0x00000000 x21=0x00000040
     240745.000 ns	     24073	80005158	02629f33	mulh	x30,x5,x6	  x5:0x00000000  x6:0x00000001 x30=0x00000000
     240765.000 ns	     24075	8000515c	41a7d333	sra	x6,x15,x26	 x15:0x00000000 x26:0x00000000  x6=0x00000000
     240805.000 ns	     24079	80005160	00d3f4d3	fadd.s	f9,f7,f13	  f7:0x00000000 f13:0x7fc00000  f9=0x7fc00000
     240825.000 ns	     24081	80005164	00556033	or	x0,x10,x5	 x10:0x80040fe4  x5:0x00000000
     240845.000 ns	     24083	80005168	c00c76d3	fcvt.w.s	x13,f24	 f24:0x00000000 x13=0x00000000
     240865.000 ns	     24085	8000516c	4494f613	andi	x12,x9,1097	  x9:0x00002876 x12=0x00000040
     240875.000 ns	     24086	80005170	00a270b3	and	x1,x4,x10	  x4:0xffffffff x10:0x80040fe4  x1=0x80040fe4
     240895.000 ns	     24088	80005174	280f0a53	fmin.s	f20,f30,f0	 f30:0x00000000  f0:0x4564e5ba f20=0x00000000
     240935.000 ns	     24092	80005178	1999fcd3	fdiv.s	f25,f19,f25	 f19:0x00000000 f25:0x4e21db3e f25=0x00000000
     240955.000 ns	     24094	8000517c	01b59d93	slli	x27,x11,0x1b	 x11:0xe7000000 x27=0x00000000
     240975.000 ns	     24096	80005180	03d925b3	mulhsu	x11,x18,x29	 x18:0x80041024 x29:0x00000010 x11=0xfffffff8
     240995.000 ns	     24098	80005184	00000013	addi	x0,x0,0	  x0:0x00000000
     241005.000 ns	     24099	80005188	427be593	ori	x11,x23,1063	 x23:0x19000000 x11=0x19000427
     241025.000 ns	     24101	8000518c	02bd38b3	mulhu	x17,x26,x11	 x26:0x00000000 x11:0xfffffff8 x17=0x00000000
     241055.000 ns	     24104	80005190	21a182d3	fsgnj.s	f5,f3,f26	  f3:0x7fc00000 f26:0x7fc00000  f5=0x7fc00000
     241075.000 ns	     24106	80005194	001c50b3	srl	x1,x24,x1	 x24:0x8004173e  x1:0x80040fe4  x1=0x08004173
     241095.000 ns	     24108	80005198	29460fd3	fmin.s	f31,f12,f20	 f12:0x7fc00000 f20:0x00000000 f31=0x00000000
     241125.000 ns	     24111	8000519c	03ba7e33	remu	x28,x20,x27	 x20:0xa202344a x27:0x00000000 x28=0xa202344a
     241145.000 ns	     24113	800051a0	d72c7093	andi	x1,x24,-654	 x24:0x8004173e  x1=0x80041532
     241155.000 ns	     24114	800051a4	017ba0b3	slt	x1,x23,x23	 x23:0x19000000 x23:0x19000000  x1=0x00000000
     241175.000 ns	     24116	800051a8	c00cf7d3	fcvt.w.s	x15,f25	 f25:0x00000000 x15=0x00000000
     241195.000 ns	     24118	800051ac	79e1f193	andi	x3,x3,1950	  x3:0x00000040  x3=0x00000000
     241215.000 ns	     24120	800051b0	e0030ad3	fmv.x.w	x21,f6	  f6:0x4c21db3d x21=0x4c21db3d
     241245.000 ns	     24123	800051b4	e0040dd3	fmv.x.w	x27,f8	  f8:0x4564e5ba x27=0x4564e5ba
     241265.000 ns	     24125	800051b8	d8be0a93	addi	x21,x28,-629	 x28:0xa202344a x21=0xa20231d5
     241275.000 ns	     24126	800051bc	00979893	slli	x17,x15,0x9	 x15:0x00000000 x17=0x00000000
     241295.000 ns	     24128	800051c0	a0a99053	flt.s	x0,f19,f10	 f19:0x00000000 f10:0x7f800000
     241315.000 ns	     24130	800051c4	01bdae33	slt	x28,x27,x27	 x27:0x4564e5ba x27:0x4564e5ba x28=0x00000000
     241325.000 ns	     24131	800051c8	40f70233	sub	x4,x14,x15	 x14:0x8d60a100 x15:0x00000000  x4=0x8d60a100
     241345.000 ns	     24133	800051cc	0307a733	mulhsu	x14,x15,x16	 x15:0x00000000 x16:0x80000000 x14=0x00000000
     241365.000 ns	     24135	800051d0	416485b3	sub	x11,x9,x22	  x9:0x00002876 x22:0x00000000 x11=0x00002876
     241375.000 ns	     24136	800051d4	40f2de33	sra	x28,x5,x15	  x5:0x00000000 x15:0x00000000 x28=0x00000000
     241405.000 ns	     24139	800051d8	19517753	fdiv.s	f14,f2,f21	  f2:0xc1800000 f21:0x00000000 f14=0xff800000
     241435.000 ns	     24142	800051dc	e00d0ed3	fmv.x.w	x29,f26	 f26:0x7fc00000 x29=0x7fc00000
     241465.000 ns	     24145	800051e0	f0078453	fmv.w.x	f8,x15	 x15:0x00000000  f8=0x00000000
     241485.000 ns	     24147	800051e4	415c55b3	sra	x11,x24,x21	 x24:0x8004173e x21:0xa20231d5 x11=0xfffffc00
     242655.000 ns	     24264	800051e8	58000453	fsqrt.s	f8,f0	  f0:0x4564e5ba  f8=0x4221dad9
     242695.000 ns	     24268	800051ec	1954bc53	fdiv.s	f24,f9,f21	  f9:0x7fc00000 f21:0x00000000 f24=0x7fc00000
     243065.000 ns	     24305	800051f0	03f4e5b3	rem	x11,x9,x31	  x9:0x00002876 x31:0x000ff800 x11=0x00002876
     243095.000 ns	     24308	800051f4	0241ae33	mulhsu	x28,x3,x4	  x3:0x00000000  x4:0x8d60a100 x28=0x00000000
     243115.000 ns	     24310	800051f8	e8542d93	slti	x27,x8,-379	  x8:0x00000000 x27=0x00000000
     243135.000 ns	     24312	800051fc	202fa053	fsgnjx.s	f0,f31,f2	 f31:0x00000000  f2:0xc1800000  f0=0x80000000
     243185.000 ns	     24317	80005200	09934353	fsub.s	f6,f6,f25	  f6:0x4c21db3d f25:0x00000000  f6=0x4c21db3d
     243205.000 ns	     24319	80005204	009e1433	sll	x8,x28,x9	 x28:0x00000000  x9:0x00002876  x8=0x00000000
     243225.000 ns	     24321	80005208	a1df0e53	fle.s	x28,f30,f29	 f30:0x00000000 f29:0xc564e5ba x28=0x00000000
     243245.000 ns	     24323	8000520c	30162613	slti	x12,x12,769	 x12:0x00000040 x12=0x00000001
     243265.000 ns	     24325	80005210	022a2733	mulhsu	x14,x20,x2	 x20:0xa202344a  x2:0x00000000 x14=0x00000000
     243295.000 ns	     24328	80005214	a0b99f53	flt.s	x30,f19,f11	 f19:0x00000000 f11:0x7fc00000 x30=0x00000000
     243315.000 ns	     24330	80005218	01f25013	srli	x0,x4,0x1f	  x4:0x8d60a100
     243335.000 ns	     24332	8000521c	2092a653	fsgnjx.s	f12,f5,f9	  f5:0x7fc00000  f9:0x7fc00000 f12=0x7fc00000
     243365.000 ns	     24335	80005220	21ada9d3	fsgnjx.s	f19,f27,f26	 f27:0x00000000 f26:0x7fc00000 f19=0x00000000
     243385.000 ns	     24337	80005224	00a60c33	add	x24,x12,x10	 x12:0x00000001 x10:0x80040fe4 x24=0x80040fe5
     243395.000 ns	     24338	80005228	9fc8e213	ori	x4,x17,-1540	 x17:0x00000000  x4=0xfffff9fc
     243415.000 ns	     24340	8000522c	024b98b3	mulh	x17,x23,x4	 x23:0x19000000  x4:0x8d60a100 x17=0xffffff69
     243445.000 ns	     24343	80005230	e00a9e53	fclass.s	x28,f21	 f21:0x00000000 x28=0x00000010
     243465.000 ns	     24345	80005234	01616633	or	x12,x2,x22	  x2:0x00000000 x22:0x00000000 x12=0x00000000
     243475.000 ns	     24346	80005238	459aee93	ori	x29,x21,1113	 x21:0xa20231d5 x29=0xa20235dd
     243485.000 ns	     24347	8000523c	419d5593	srai	x11,x26,0x19	 x26:0x00000000 x11=0x00000000
     243495.000 ns	     24348	80005240	4d12f017	auipc	x0,0x4d12f	
     243515.000 ns	     24350	80005244	d01af853	fcvt.s.wu	f16,x21	 x21:0xa20231d5 f16=0x4f220231
     243535.000 ns	     24352	80005248	00000013	addi	x0,x0,0	  x0:0x00000000
     243545.000 ns	     24353	8000524c	01216db3	or	x27,x2,x18	  x2:0x00000000 x18:0x80041024 x27=0x80041024
     243565.000 ns	     24355	80005250	02bf38b3	mulhu	x17,x30,x11	 x30:0x00000000 x11:0x00000000 x17=0x00000000
     243585.000 ns	     24357	80005254	002425b3	slt	x11,x8,x2	  x8:0x00000000  x2:0x00000000 x11=0x00000000
     243605.000 ns	     24359	80005258	d01e00d3	fcvt.s.wu	f1,x28	 x28:0x00000010  f1=0x41800000
     243975.000 ns	     24396	8000525c	03dfd8b3	divu	x17,x31,x29	 x31:0x000ff800 x29:0xa20235dd x17=0x00000000
     244005.000 ns	     24399	80005260	028a1333	mulh	x6,x20,x8	 x20:0xa202344a  x8:0x00000000  x6=0x00000000
     244025.000 ns	     24401	80005264	01b41793	slli	x15,x8,0x1b	  x8:0x00000000 x15=0x00000000
     244045.000 ns	     24403	80005268	288a8cd3	fmin.s	f25,f21,f8	 f21:0x00000000  f8:0x4221dad9 f25=0x00000000
     244075.000 ns	     24406	8000526c	e00903d3	fmv.x.w	x7,f18	 f18:0x80041024  x7=0x80041024
     244105.000 ns	     24409	80005270	c0160b53	fcvt.wu.s	x22,f12	 f12:0x7fc00000 x22=0xffffffff
     244125.000 ns	     24411	80005274	867f4e13	xori	x28,x30,-1945	 x30:0x00000000 x28=0xfffff867
     244485.000 ns	     24447	80005278	036f7e33	remu	x28,x30,x22	 x30:0x00000000 x22:0xffffffff x28=0x00000000
     244515.000 ns	     24450	8000527c	0252b333	mulhu	x6,x5,x5	  x5:0x00000000  x5:0x00000000  x6=0x00000000
     244545.000 ns	     24453	80005280	d01b23d3	fcvt.s.wu	f7,x22	 x22:0xffffffff  f7=0x4f800000
     244565.000 ns	     24455	80005284	95116793	ori	x15,x2,-1711	  x2:0x00000000 x15=0xfffff951
     244585.000 ns	     24457	80005288	a0621e53	flt.s	x28,f4,f6	  f4:0x7fc00000  f6:0x4c21db3d x28=0x00000000
     244605.000 ns	     24459	8000528c	01f81733	sll	x14,x16,x31	 x16:0x80000000 x31:0x000ff800 x14=0x80000000
     244965.000 ns	     24495	80005290	032b7233	remu	x4,x22,x18	 x22:0xffffffff x18:0x80041024  x4=0x7ffbefdb
     244985.000 ns	     24497	80005294	40b385b3	sub	x11,x7,x11	  x7:0x80041024 x11:0x00000000 x11=0x80041024
     245005.000 ns	     24499	80005298	c01ffad3	fcvt.wu.s	x21,f31	 f31:0x00000000 x21=0x00000000
     245035.000 ns	     24502	8000529c	e0039753	fclass.s	x14,f7	  f7:0x4f800000 x14=0x00000040
     245065.000 ns	     24505	800052a0	a0c39853	flt.s	x16,f7,f12	  f7:0x4f800000 f12:0x7fc00000 x16=0x00000000
     245085.000 ns	     24507	800052a4	00979b33	sll	x22,x15,x9	 x15:0xfffff951  x9:0x00002876 x22=0x54400000
     245105.000 ns	     24509	800052a8	c00a26d3	fcvt.w.s	x13,f20	 f20:0x00000000 x13=0x00000000
     245125.000 ns	     24511	800052ac	4020d713	srai	x14,x1,0x2	  x1:0x00000000 x14=0x00000000
     245485.000 ns	     24547	800052b0	02a15633	divu	x12,x2,x10	  x2:0x00000000 x10:0x80040fe4 x12=0x00000000
     245855.000 ns	     24584	800052b4	02ba7db3	remu	x27,x20,x11	 x20:0xa202344a x11:0x80041024 x27=0x21fe2426
     245875.000 ns	     24586	800052b8	0a553613	sltiu	x12,x10,165	 x10:0x80040fe4 x12=0x00000000
     245885.000 ns	     24587	800052bc	41bc3c93	sltiu	x25,x24,1051	 x24:0x80040fe5 x25=0x00000000
     245905.000 ns	     24589	800052c0	21400253	fsgnj.s	f4,f0,f20	  f0:0x80000000 f20:0x00000000  f4=0x00000000
     245935.000 ns	     24592	800052c4	02e7bdb3	mulhu	x27,x15,x14	 x15:0xfffff951 x14:0x00000000 x27=0x00000000
     245955.000 ns	     24594	800052c8	eb02e693	ori	x13,x5,-336	  x5:0x00000000 x13=0xfffffeb0
     245965.000 ns	     24595	800052cc	abc06a93	ori	x21,x0,-1348	  x0:0x00000000 x21=0xfffffabc
     245975.000 ns	     24596	800052d0	00935813	srli	x16,x6,0x9	  x6:0x00000000 x16=0x00000000
     245985.000 ns	     24597	800052d4	281cfb13	andi	x22,x25,641	 x25:0x00000000 x22=0x00000000
     246005.000 ns	     24599	800052d8	a14a15d3	flt.s	x11,f20,f20	 f20:0x00000000 f20:0x00000000 x11=0x00000000
     246035.000 ns	     24602	800052dc	f00801d3	fmv.w.x	f3,x16	 x16:0x00000000  f3=0x00000000
     246055.000 ns	     24604	800052e0	016c9213	slli	x4,x25,0x16	 x25:0x00000000  x4=0x00000000
     246075.000 ns	     24606	800052e4	02d220b3	mulhsu	x1,x4,x13	  x4:0x7ffbefdb x13:0xfffffeb0  x1=0x00000000
     246125.000 ns	     24611	800052e8	0163cdd3	fadd.s	f27,f7,f22	  f7:0x4f800000 f22:0xc621da26 f27=0x4f7fffd7
     246145.000 ns	     24613	800052ec	00000013	addi	x0,x0,0	  x0:0x00000000
     246165.000 ns	     24615	800052f0	28508d53	fmin.s	f26,f1,f5	  f1:0x41800000  f5:0x7fc00000 f26=0x41800000
     246195.000 ns	     24618	800052f4	215824d3	fsgnjx.s	f9,f16,f21	 f16:0x4f220231 f21:0x00000000  f9=0x4f220231
     246215.000 ns	     24620	800052f8	64c87d93	andi	x27,x16,1612	 x16:0x00000000 x27=0x00000000
     246575.000 ns	     24656	800052fc	02974733	div	x14,x14,x9	 x14:0x00000000  x9:0x00002876 x14=0x00000000
     246595.000 ns	     24658	80005300	a7900e93	addi	x29,x0,-1415	  x0:0x00000000 x29=0xfffffa79
     246605.000 ns	     24659	80005304	b93a7d13	andi	x26,x20,-1133	 x20:0xa202344a x26=0xa2023002
     246625.000 ns	     24661	80005308	c01573d3	fcvt.wu.s	x7,f10	 f10:0x7f800000  x7=0xffffffff
     246645.000 ns	     24663	8000530c	29046293	ori	x5,x8,656	  x8:0x00000000  x5=0x00000290
     246665.000 ns	     24665	80005310	02c343b3	div	x7,x6,x12	  x6:0x00000000 x12:0x00000000  x7=0xffffffff
     246685.000 ns	     24667	80005314	400bd993	srai	x19,x23,0x0	 x23:0x19000000 x19=0x19000000
     246705.000 ns	     24669	80005318	d0087053	fcvt.s.w	f0,x16	 x16:0x00000000  f0=0x00000000
     246735.000 ns	     24672	8000531c	d01e1853	fcvt.s.wu	f16,x28	 x28:0x00000000 f16=0x00000000
     247915.000 ns	     24790	80005320	580d4ed3	fsqrt.s	f29,f26	 f26:0x41800000 f29=0x407fffae
     247945.000 ns	     24793	80005324	29508f53	fmin.s	f30,f1,f21	  f1:0x41800000 f21:0x00000000 f30=0x00000000
     247975.000 ns	     24796	80005328	f0000b53	fmv.w.x	f22,x0	  x0:0x00000000 f22=0x00000000
     247995.000 ns	     24798	8000532c	6c2cb213	sltiu	x4,x25,1730	 x25:0x00000000  x4=0x00000001
     248015.000 ns	     24800	80005330	a1579bd3	flt.s	x23,f15,f21	 f15:0x00000000 f21:0x00000000 x23=0x00000000
     248045.000 ns	     24803	80005334	20e3a4d3	fsgnjx.s	f9,f7,f14	  f7:0x4f800000 f14:0xff800000  f9=0xcf800000
     248075.000 ns	     24806	80005338	e00706d3	fmv.x.w	x13,f14	 f14:0xff800000 x13=0xff800000
     248105.000 ns	     24809	8000533c	c01da2d3	fcvt.wu.s	x5,f27	 f27:0x4f7fffd7  x5=0xffffd700
     248125.000 ns	     24811	80005340	41f1de13	srai	x28,x3,0x1f	  x3:0x00000000 x28=0x00000000
     248155.000 ns	     24814	80005344	58083ed3	fsqrt.s	f29,f16	 f16:0x00000000 f29=0x00000000
     248175.000 ns	     24816	80005348	005323b3	slt	x7,x6,x5	  x6:0x00000000  x5:0xffffd700  x7=0x00000000
     248195.000 ns	     24818	8000534c	a05485d3	fle.s	x11,f9,f5	  f9:0xcf800000  f5:0x7fc00000 x11=0x00000000
     248225.000 ns	     24821	80005350	a0ceacd3	feq.s	x25,f29,f12	 f29:0x00000000 f12:0x7fc00000 x25=0x00000000
     248245.000 ns	     24823	80005354	60c6a293	slti	x5,x13,1548	 x13:0xff800000  x5=0x00000001
     248605.000 ns	     24859	80005358	03ace3b3	rem	x7,x25,x26	 x25:0x00000000 x26:0xa2023002  x7=0x00000000
     248635.000 ns	     24862	8000535c	214788d3	fsgnj.s	f17,f15,f20	 f15:0x00000000 f20:0x00000000 f17=0x00000000
     248655.000 ns	     24864	80005360	0144d013	srli	x0,x9,0x14	  x9:0x00002876
     248675.000 ns	     24866	80005364	02a92f33	mulhsu	x30,x18,x10	 x18:0x80041024 x10:0x80040fe4 x30=0xc0000030
     248705.000 ns	     24869	80005368	d010f853	fcvt.s.wu	f16,x1	  x1:0x00000000 f16=0x00000000
     248725.000 ns	     24871	8000536c	01698fb3	add	x31,x19,x22	 x19:0x19000000 x22:0x00000000 x31=0x19000000
     248735.000 ns	     24872	80005370	0164b433	sltu	x8,x9,x22	  x9:0x00002876 x22:0x00000000  x8=0x00000000
     248755.000 ns	     24874	80005374	d0007b53	fcvt.s.w	f22,x0	  x0:0x00000000 f22=0x00000000
     248785.000 ns	     24877	80005378	036e3233	mulhu	x4,x28,x22	 x28:0x00000000 x22:0x00000000  x4=0x00000000
     248815.000 ns	     24880	8000537c	28790153	fmin.s	f2,f18,f7	 f18:0x80041024  f7:0x4f800000  f2=0x80041024
     248835.000 ns	     24882	80005380	dbf23137	lui	x2,0xdbf23	  x2=0xdbf23000
     248845.000 ns	     24883	80005384	40dd0e33	sub	x28,x26,x13	 x26:0xa2023002 x13:0xff800000 x28=0xa2823002
     248855.000 ns	     24884	80005388	a8e8ab93	slti	x23,x17,-1394	 x17:0x00000000 x23=0x00000000
     248875.000 ns	     24886	8000538c	027b6fb3	rem	x31,x22,x7	 x22:0x00000000  x7:0x00000000 x31=0x00000000
     248895.000 ns	     24888	80005390	40e05293	srai	x5,x0,0xe	  x0:0x00000000  x5=0x00000000
     248925.000 ns	     24891	80005394	11479453	fmul.s	f8,f15,f20	 f15:0x00000000 f20:0x00000000  f8=0x00000000
     248955.000 ns	     24894	80005398	03b11ab3	mulh	x21,x2,x27	  x2:0xdbf23000 x27:0x00000000 x21=0x00000000
     248985.000 ns	     24897	8000539c	e00d8c53	fmv.x.w	x24,f27	 f27:0x4f7fffd7 x24=0x4f7fffd7
     249005.000 ns	     24899	800053a0	0167d833	srl	x16,x15,x22	 x15:0xfffff951 x22:0x00000000 x16=0xfffff951
     249015.000 ns	     24900	800053a4	2d370117	auipc	x2,0x2d370	  x2=0xad3753a4
     249035.000 ns	     24902	800053a8	29101553	fmax.s	f10,f0,f17	  f0:0x00000000 f17:0x00000000 f10=0x00000000
     249055.000 ns	     24904	800053ac	6bca4193	xori	x3,x20,1724	 x20:0xa202344a  x3=0xa20232f6
     249075.000 ns	     24906	800053b0	e0058dd3	fmv.x.w	x27,f11	 f11:0x7fc00000 x27=0x7fc00000
     249125.000 ns	     24911	800053b4	015db053	fadd.s	f0,f27,f21	 f27:0x4f7fffd7 f21:0x00000000  f0=0x4f7fffd7
     249155.000 ns	     24914	800053b8	03059333	mulh	x6,x11,x16	 x11:0x00000000 x16:0xfffff951  x6=0x00000000
     249175.000 ns	     24916	800053bc	413e8ab3	sub	x21,x29,x19	 x29:0xfffffa79 x19:0x19000000 x21=0xe6fffa79
     249185.000 ns	     24917	800053c0	41a807b3	sub	x15,x16,x26	 x16:0xfffff951 x26:0xa2023002 x15=0x5dfdc94f
     249205.000 ns	     24919	800053c4	c0009ed3	fcvt.w.s	x29,f1	  f1:0x41800000 x29=0x00000010
     249575.000 ns	     24956	800053c8	038450b3	divu	x1,x8,x24	  x8:0x00000000 x24:0x4f7fffd7  x1=0x00000000
     249605.000 ns	     24959	800053cc	d0099253	fcvt.s.w	f4,x19	 x19:0x19000000  f4=0x4dc80000
     249635.000 ns	     24962	800053d0	20c89653	fsgnjn.s	f12,f17,f12	 f17:0x00000000 f12:0x7fc00000 f12=0x80000000
     249655.000 ns	     24964	800053d4	0080c0b3	xor	x1,x1,x8	  x1:0x00000000  x8:0x00000000  x1=0x00000000
     249695.000 ns	     24968	800053d8	0968f8d3	fsub.s	f17,f17,f22	 f17:0x00000000 f22:0x00000000 f17=0x80000000
     249715.000 ns	     24970	800053dc	002f2db3	slt	x27,x30,x2	 x30:0xc0000030  x2:0xad3753a4 x27=0x00000000
     249735.000 ns	     24972	800053e0	03ccbc33	mulhu	x24,x25,x28	 x25:0x00000000 x28:0xa2823002 x24=0x00000000
     249755.000 ns	     24974	800053e4	013bf6b3	and	x13,x23,x19	 x23:0x00000000 x19:0x19000000 x13=0x00000000
     249765.000 ns	     24975	800053e8	01da66b3	or	x13,x20,x29	 x20:0xa202344a x29:0x00000010 x13=0xa202345a
     249795.000 ns	     24978	800053ec	180c3453	fdiv.s	f8,f24,f0	 f24:0x7fc00000  f0:0x4f7fffd7  f8=0x7fc00000
     249815.000 ns	     24980	800053f0	00919d33	sll	x26,x3,x9	  x3:0xa20232f6  x9:0x00002876 x26=0xbd800000
     249835.000 ns	     24982	800053f4	020239b3	mulhu	x19,x4,x0	  x4:0x00000000  x0:0x00000000 x19=0x00000000
     249865.000 ns	     24985	800053f8	a04001d3	fle.s	x3,f0,f4	  f0:0x4f7fffd7  f4:0x4dc80000  x3=0x00000000
     249895.000 ns	     24988	800053fc	a19280d3	fle.s	x1,f5,f25	  f5:0x7fc00000 f25:0x00000000  x1=0x00000000
     249915.000 ns	     24990	80005400	41d40eb3	sub	x29,x8,x29	  x8:0x00000000 x29:0x00000010 x29=0xfffffff0
     249945.000 ns	     24993	80005404	5806f753	fsqrt.s	f14,f13	 f13:0x7fc00000 f14=0x7fc00000
     249975.000 ns	     24996	80005408	03b663b3	rem	x7,x12,x27	 x12:0x00000000 x27:0x00000000  x7=0x00000000
     249995.000 ns	     24998	8000540c	015ab133	sltu	x2,x21,x21	 x21:0xe6fffa79 x21:0xe6fffa79  x2=0x00000000
     250025.000 ns	     25001	80005410	195eff53	fdiv.s	f30,f29,f21	 f29:0x00000000 f21:0x00000000 f30=0x7fc00000
     250065.000 ns	     25005	80005414	103275d3	fmul.s	f11,f4,f3	  f4:0x4dc80000  f3:0x00000000 f11=0x00000000
     250085.000 ns	     25007	80005418	410b7d13	andi	x26,x22,1040	 x22:0x00000000 x26=0x00000000
     250095.000 ns	     25008	8000541c	40358db3	sub	x27,x11,x3	 x11:0x00000000  x3:0x00000000 x27=0x00000000
     250105.000 ns	     25009	80005420	006af333	and	x6,x21,x6	 x21:0xe6fffa79  x6:0x00000000  x6=0x00000000
     250125.000 ns	     25011	80005424	02090333	mul	x6,x18,x0	 x18:0x80041024  x0:0x00000000  x6=0x00000000
     250155.000 ns	     25014	80005428	d01af653	fcvt.s.wu	f12,x21	 x21:0xe6fffa79 f12=0x4f66fffa
     250195.000 ns	     25018	8000542c	100d0e53	fmul.s	f28,f26,f0	 f26:0x41800000  f0:0x4f7fffd7 f28=0x517fffd8
     250225.000 ns	     25021	80005430	f00c89d3	fmv.w.x	f19,x25	 x25:0x00000000 f19=0x00000000
     250255.000 ns	     25024	80005434	c001f053	fcvt.w.s	x0,f3	  f3:0x00000000
     250285.000 ns	     25027	80005438	0200c233	div	x4,x1,x0	  x1:0x00000000  x0:0x00000000  x4=0xffffffff
     250315.000 ns	     25030	8000543c	a1569e53	flt.s	x28,f13,f21	 f13:0x7fc00000 f21:0x00000000 x28=0x00000000
     250335.000 ns	     25032	80005440	00d3e5b3	or	x11,x7,x13	  x7:0x00000000 x13:0xa202345a x11=0xa202345a
     250345.000 ns	     25033	80005444	01b69293	slli	x5,x13,0x1b	 x13:0xa202345a  x5=0xd0000000
     250355.000 ns	     25034	80005448	5c903b93	sltiu	x23,x0,1481	  x0:0x00000000 x23=0x00000001
     250375.000 ns	     25036	8000544c	02e15733	divu	x14,x2,x14	  x2:0x00000000 x14:0x00000000 x14=0xffffffff
     250425.000 ns	     25041	80005450	01d04853	fadd.s	f16,f0,f29	  f0:0x4f7fffd7 f29:0x00000000 f16=0x4f7fffd7
     250445.000 ns	     25043	80005454	001c1d93	slli	x27,x24,0x1	 x24:0x00000000 x27=0x00000000
     250455.000 ns	     25044	80005458	41e05733	sra	x14,x0,x30	  x0:0x00000000 x30:0xc0000030 x14=0x00000000
     250465.000 ns	     25045	8000545c	00c3b8b3	sltu	x17,x7,x12	  x7:0x00000000 x12:0x00000000 x17=0x00000000
     250485.000 ns	     25047	80005460	027e15b3	mulh	x11,x28,x7	 x28:0x00000000  x7:0x00000000 x11=0x00000000
     251665.000 ns	     25165	80005464	58027453	fsqrt.s	f8,f4	  f4:0x4dc80000  f8=0x469ffffc
     251715.000 ns	     25170	80005468	000c7cd3	fadd.s	f25,f24,f0	 f24:0x7fc00000  f0:0x4f7fffd7 f25=0x7fc00000
     251735.000 ns	     25172	8000546c	00000013	addi	x0,x0,0	  x0:0x00000000
     251755.000 ns	     25174	80005470	026318b3	mulh	x17,x6,x6	  x6:0x00000000  x6:0x00000000 x17=0x00000000
     251775.000 ns	     25176	80005474	40bfd9b3	sra	x19,x31,x11	 x31:0x00000000 x11:0x00000000 x19=0x00000000
     251795.000 ns	     25178	80005478	c013fed3	fcvt.wu.s	x29,f7	  f7:0x4f800000 x29=0x00000000
     251815.000 ns	     25180	8000547c	ba25bd13	sltiu	x26,x11,-1118	 x11:0x00000000 x26=0x00000001
     251835.000 ns	     25182	80005480	200093d3	fsgnjn.s	f7,f1,f0	  f1:0x41800000  f0:0x4f7fffd7  f7=0xc1800000
     251855.000 ns	     25184	80005484	40a08fb3	sub	x31,x1,x10	  x1:0x00000000 x10:0x80040fe4 x31=0x7ffbf01c
     251865.000 ns	     25185	80005488	3de61eb7	lui	x29,0x3de61	 x29=0x3de61000
     251875.000 ns	     25186	8000548c	019d5013	srli	x0,x26,0x19	 x26:0x00000001
     251895.000 ns	     25188	80005490	02121133	mulh	x2,x4,x1	  x4:0xffffffff  x1:0x00000000  x2=0x00000000
     251915.000 ns	     25190	80005494	6d663713	sltiu	x14,x12,1750	 x12:0x00000000 x14=0x00000001
     251935.000 ns	     25192	80005498	0205e733	rem	x14,x11,x0	 x11:0x00000000  x0:0x00000000 x14=0x00000000
     251985.000 ns	     25197	8000549c	08237853	fsub.s	f16,f6,f2	  f6:0x4c21db3d  f2:0x80041024 f16=0x4c21db3d
     252005.000 ns	     25199	800054a0	0150dd33	srl	x26,x1,x21	  x1:0x00000000 x21:0xe6fffa79 x26=0x00000000
     252015.000 ns	     25200	800054a4	00f85593	srli	x11,x16,0xf	 x16:0xfffff951 x11=0x0001ffff
     252035.000 ns	     25202	800054a8	21ba99d3	fsgnjn.s	f19,f21,f27	 f21:0x00000000 f27:0x4f7fffd7 f19=0x80000000
     252055.000 ns	     25204	800054ac	6b7f7413	andi	x8,x30,1719	 x30:0xc0000030  x8=0x00000030
     252065.000 ns	     25205	800054b0	c41a2d93	slti	x27,x20,-959	 x20:0xa202344a x27=0x00000001
     252085.000 ns	     25207	800054b4	a1d708d3	fle.s	x17,f14,f29	 f14:0x7fc00000 f29:0x00000000 x17=0x00000000
     252105.000 ns	     25209	800054b8	00000013	addi	x0,x0,0	  x0:0x00000000
     252115.000 ns	     25210	800054bc	d8106e93	ori	x29,x0,-639	  x0:0x00000000 x29=0xfffffd81
     252125.000 ns	     25211	800054c0	60387e13	andi	x28,x16,1539	 x16:0xfffff951 x28=0x00000001
     252145.000 ns	     25213	800054c4	d00d75d3	fcvt.s.w	f11,x26	 x26:0x00000000 f11=0x00000000
     252175.000 ns	     25216	800054c8	e0098d53	fmv.x.w	x26,f19	 f19:0x80000000 x26=0x80000000
     252195.000 ns	     25218	800054cc	404d85b3	sub	x11,x27,x4	 x27:0x00000001  x4:0xffffffff x11=0x00000002
     252215.000 ns	     25220	800054d0	03b10233	mul	x4,x2,x27	  x2:0x00000000 x27:0x00000001  x4=0x00000000
     252245.000 ns	     25223	800054d4	d015fad3	fcvt.s.wu	f21,x11	 x11:0x0001ffff f21=0x40000000
     252275.000 ns	     25226	800054d8	0201e233	rem	x4,x3,x0	  x3:0x00000000  x0:0x00000000  x4=0x00000000
     252295.000 ns	     25228	800054dc	8d690193	addi	x3,x18,-1834	 x18:0x80041024  x3=0x800408fa
     252315.000 ns	     25230	800054e0	c00618d3	fcvt.w.s	x17,f12	 f12:0x4f66fffa x17=0x7fffffff
     252335.000 ns	     25232	800054e4	41275b13	srai	x22,x14,0x12	 x14:0x00000000 x22=0x00000000
     252695.000 ns	     25268	800054e8	025b6833	rem	x16,x22,x5	 x22:0x00000000  x5:0xd0000000 x16=0x00000000
     252725.000 ns	     25271	800054ec	28f891d3	fmax.s	f3,f17,f15	 f17:0x80000000 f15:0x00000000  f3=0x00000000
     252745.000 ns	     25273	800054f0	01961b93	slli	x23,x12,0x19	 x12:0x00000000 x23=0x00000000
     252755.000 ns	     25274	800054f4	01775d93	srli	x27,x14,0x17	 x14:0x00000000 x27=0x00000000
     252775.000 ns	     25276	800054f8	a1118653	fle.s	x12,f3,f17	  f3:0x00000000 f17:0x80000000 x12=0x00000001
     252805.000 ns	     25279	800054fc	a08e10d3	flt.s	x1,f28,f8	 f28:0x517fffd8  f8:0x469ffffc  x1=0x00000000
     252835.000 ns	     25282	80005500	a1198753	fle.s	x14,f19,f17	 f19:0x80000000 f17:0x80000000 x14=0x00000001
     252855.000 ns	     25284	80005504	018def33	or	x30,x27,x24	 x27:0x00000000 x24:0x00000000 x30=0x00000000
     252875.000 ns	     25286	80005508	294582d3	fmin.s	f5,f11,f20	 f11:0x00000000 f20:0x00000000  f5=0x00000000
     252915.000 ns	     25290	8000550c	10ec7c53	fmul.s	f24,f24,f14	 f24:0x7fc00000 f14:0x7fc00000 f24=0x7fc00000
     252935.000 ns	     25292	80005510	00b99c13	slli	x24,x19,0xb	 x19:0x00000000 x24=0x00000000
     252965.000 ns	     25295	80005514	5802cb53	fsqrt.s	f22,f5	  f5:0x00000000 f22=0x00000000
     252985.000 ns	     25297	80005518	005b68b3	or	x17,x22,x5	 x22:0x00000000  x5:0xd0000000 x17=0xd0000000
     252995.000 ns	     25298	8000551c	de65bd93	sltiu	x27,x11,-538	 x11:0x00000002 x27=0x00000001
     253015.000 ns	     25300	80005520	298713d3	fmax.s	f7,f14,f24	 f14:0x7fc00000 f24:0x7fc00000  f7=0x7fc00000
     253035.000 ns	     25302	80005524	4188de13	srai	x28,x17,0x18	 x17:0xd0000000 x28=0xffffffd0
     253045.000 ns	     25303	80005528	b9372d13	slti	x26,x14,-1133	 x14:0x00000001 x26=0x00000000
     253055.000 ns	     25304	8000552c	b6041597	auipc	x11,0xb6041	 x11=0x3604652c
     253075.000 ns	     25306	80005530	e00b8253	fmv.x.w	x4,f23	 f23:0x00000000  x4=0x00000000
     253105.000 ns	     25309	80005534	020808b3	mul	x17,x16,x0	 x16:0x00000000  x0:0x00000000 x17=0x00000000
     253135.000 ns	     25312	80005538	a15cadd3	feq.s	x27,f25,f21	 f25:0x7fc00000 f21:0x40000000 x27=0x00000000
     253155.000 ns	     25314	8000553c	3b53cc37	lui	x24,0x3b53c	 x24=0x3b53c000
     253175.000 ns	     25316	80005540	02979733	mulh	x14,x15,x9	 x15:0x5dfdc94f  x9:0x00002876 x14=0x00000eda
     253205.000 ns	     25319	80005544	034d94b3	mulh	x9,x27,x20	 x27:0x00000000 x20:0xa202344a  x9=0x00000000
     253235.000 ns	     25322	80005548	28af8353	fmin.s	f6,f31,f10	 f31:0x00000000 f10:0x00000000  f6=0x00000000
     253255.000 ns	     25324	8000554c	662f6297	auipc	x5,0x662f6	  x5=0xe62fb54c
     253295.000 ns	     25328	80005550	006f9cd3	fadd.s	f25,f31,f6	 f31:0x00000000  f6:0x00000000 f25=0x00000000
     253325.000 ns	     25331	80005554	a137a153	feq.s	x2,f15,f19	 f15:0x00000000 f19:0x80000000  x2=0x00000001
     253355.000 ns	     25334	80005558	a1d61ed3	flt.s	x29,f12,f29	 f12:0x4f66fffa f29:0x00000000 x29=0x00000000
     253375.000 ns	     25336	8000555c	00000013	addi	x0,x0,0	  x0:0x00000000
     253385.000 ns	     25337	80005560	00000013	addi	x0,x0,0	  x0:0x00000000
     253405.000 ns	     25339	80005564	a01b9453	flt.s	x8,f23,f1	 f23:0x00000000  f1:0x41800000  x8=0x00000001
     253425.000 ns	     25341	80005568	01f70ab3	add	x21,x14,x31	 x14:0x00000eda x31:0x7ffbf01c x21=0x7ffbfef6
     253445.000 ns	     25343	8000556c	29ce17d3	fmax.s	f15,f28,f28	 f28:0x517fffd8 f28:0x517fffd8 f15=0x517fffd8
     253495.000 ns	     25348	80005570	09c21553	fsub.s	f10,f4,f28	  f4:0x4dc80000 f28:0x517fffd8 f10=0xd17e6fd8
     253525.000 ns	     25351	80005574	c0137b53	fcvt.wu.s	x22,f6	  f6:0x00000000 x22=0x00000000
     253555.000 ns	     25354	80005578	025204b3	mul	x9,x4,x5	  x4:0x00000000  x5:0xe62fb54c  x9=0x00000000
     253575.000 ns	     25356	8000557c	d3e12b93	slti	x23,x2,-706	  x2:0x00000001 x23=0x00000000
     253585.000 ns	     25357	80005580	d1bfbe13	sltiu	x28,x31,-741	 x31:0x7ffbf01c x28=0x00000001
     253605.000 ns	     25359	80005584	289b84d3	fmin.s	f9,f23,f9	 f23:0x00000000  f9:0xcf800000  f9=0xcf800000
     254785.000 ns	     25477	80005588	580271d3	fsqrt.s	f3,f4	  f4:0x4dc80000  f3=0x469ffffc
     254805.000 ns	     25479	8000558c	01c16bb3	or	x23,x2,x28	  x2:0x00000001 x28:0x00000001 x23=0x00000001
     254815.000 ns	     25480	80005590	1fbb4413	xori	x8,x22,507	 x22:0x00000000  x8=0x000001fb
     254855.000 ns	     25484	80005594	01fa7953	fadd.s	f18,f20,f31	 f20:0x00000000 f31:0x00000000 f18=0x00000000
     255225.000 ns	     25521	80005598	0388e3b3	rem	x7,x17,x24	 x17:0x00000000 x24:0x3b53c000  x7=0x00000000
     255255.000 ns	     25524	8000559c	02c80233	mul	x4,x16,x12	 x16:0x00000000 x12:0x00000001  x4=0x00000000
     255285.000 ns	     25527	800055a0	20310ed3	fsgnj.s	f29,f2,f3	  f2:0x80041024  f3:0x469ffffc f29=0x00041024
     255315.000 ns	     25530	800055a4	e00102d3	fmv.x.w	x5,f2	  f2:0x80041024  x5=0x80041024
     255345.000 ns	     25533	800055a8	d006f653	fcvt.s.w	f12,x13	 x13:0xa202345a f12=0xcebbfb97
     255375.000 ns	     25536	800055ac	02f914b3	mulh	x9,x18,x15	 x18:0x80041024 x15:0x5dfdc94f  x9=0xd102993c
     255395.000 ns	     25538	800055b0	00585e33	srl	x28,x16,x5	 x16:0x00000000  x5:0x80041024 x28=0x00000000
     255415.000 ns	     25540	800055b4	03b6d0b3	divu	x1,x13,x27	 x13:0xa202345a x27:0x00000000  x1=0xffffffff
     255435.000 ns	     25542	800055b8	008a29b3	slt	x19,x20,x8	 x20:0xa202344a  x8:0x000001fb x19=0x00000001
     255465.000 ns	     25545	800055bc	580b1b53	fsqrt.s	f22,f22	 f22:0x00000000 f22=0x00000000
     255515.000 ns	     25550	800055c0	08397553	fsub.s	f10,f18,f3	 f18:0x00000000  f3:0x469ffffc f10=0xc69ffffc
     255535.000 ns	     25552	800055c4	2db78293	addi	x5,x15,731	 x15:0x5dfdc94f  x5=0x5dfdcc2a
     255545.000 ns	     25553	800055c8	00dd4433	xor	x8,x26,x13	 x26:0x00000000 x13:0xa202345a  x8=0xa202345a
     255555.000 ns	     25554	800055cc	01c41233	sll	x4,x8,x28	  x8:0x000001fb x28:0x00000000  x4=0xa202345a
     255565.000 ns	     25555	800055d0	00cefdb3	and	x27,x29,x12	 x29:0x00000000 x12:0x00000001 x27=0x00000000
     255575.000 ns	     25556	800055d4	00c05f93	srli	x31,x0,0xc	  x0:0x00000000 x31=0x00000000
     255595.000 ns	     25558	800055d8	02d8a233	mulhsu	x4,x17,x13	 x17:0x00000000 x13:0xa202345a  x4=0x00000000
     255615.000 ns	     25560	800055dc	4dfd4a93	xori	x21,x26,1247	 x26:0x00000000 x21=0x000004df
     255625.000 ns	     25561	800055e0	10184c93	xori	x25,x16,257	 x16:0x00000000 x25=0x00000101
     255635.000 ns	     25562	800055e4	745a8213	addi	x4,x21,1861	 x21:0x7ffbfef6  x4=0x00000c24
     255645.000 ns	     25563	800055e8	668abc93	sltiu	x25,x21,1640	 x21:0x000004df x25=0x00000001
     255675.000 ns	     25566	800055ec	11f77cd3	fmul.s	f25,f14,f31	 f14:0x7fc00000 f31:0x00000000 f25=0x7fc00000
     256015.000 ns	     25600	800055f0	18827153	fdiv.s	f2,f4,f8	  f4:0x4dc80000  f8:0x469ffffc  f2=0x46bb05fe
     256045.000 ns	     25603	800055f4	a0361253	flt.s	x4,f12,f3	 f12:0xcebbfb97  f3:0x469ffffc  x4=0x00000001
     256065.000 ns	     25605	800055f8	00e3cf33	xor	x30,x7,x14	  x7:0x00000000 x14:0x00000eda x30=0x00000eda
     256085.000 ns	     25607	800055fc	f0048653	fmv.w.x	f12,x9	  x9:0xd102993c f12=0xd102993c
     256115.000 ns	     25610	80005600	a18a00d3	fle.s	x1,f20,f24	 f20:0x00000000 f24:0x7fc00000  x1=0x00000000
     256135.000 ns	     25612	80005604	00fcc833	xor	x16,x25,x15	 x25:0x00000001 x15:0x5dfdc94f x16=0x5dfdc94e
     256145.000 ns	     25613	80005608	f4d47793	andi	x15,x8,-179	  x8:0xa202345a x15=0xa2023448
     256165.000 ns	     25615	8000560c	20c02153	fsgnjx.s	f2,f0,f12	  f0:0x4f7fffd7 f12:0xd102993c  f2=0xcf7fffd7
     256185.000 ns	     25617	80005610	f1188997	auipc	x19,0xf1188	 x19=0x7118d610
     256205.000 ns	     25619	80005614	03652cb3	mulhsu	x25,x10,x22	 x10:0x80040fe4 x22:0x00000000 x25=0x00000000
     256225.000 ns	     25621	80005618	5f26b113	sltiu	x2,x13,1522	 x13:0xa202345a  x2=0x00000000
     256235.000 ns	     25622	8000561c	87f70d13	addi	x26,x14,-1921	 x14:0x00000eda x26=0x00000759
     256255.000 ns	     25624	80005620	d0103a53	fcvt.s.wu	f20,x0	  x0:0x00000000 f20=0x00000000
     256275.000 ns	     25626	80005624	69a66f93	ori	x31,x12,1690	 x12:0x00000001 x31=0x0000069b
     256295.000 ns	     25628	80005628	e0049ad3	fclass.s	x21,f9	  f9:0xcf800000 x21=0x00000002
     256315.000 ns	     25630	8000562c	9c85ac93	slti	x25,x11,-1592	 x11:0x3604652c x25=0x00000000
     256335.000 ns	     25632	80005630	21d28e53	fsgnj.s	f28,f5,f29	  f5:0x00000000 f29:0x00041024 f28=0x00000000
     256385.000 ns	     25637	80005634	00c991d3	fadd.s	f3,f19,f12	 f19:0x80000000 f12:0xd102993c  f3=0xd102993c
     256405.000 ns	     25639	80005638	008aefb3	or	x31,x21,x8	 x21:0x00000002  x8:0xa202345a x31=0xa202345a
     256425.000 ns	     25641	8000563c	029f18b3	mulh	x17,x30,x9	 x30:0x00000eda  x9:0xd102993c x17=0xfffffd46
     256445.000 ns	     25643	80005640	00000013	addi	x0,x0,0	  x0:0x00000000
     256455.000 ns	     25644	80005644	417e05b3	sub	x11,x28,x23	 x28:0x00000000 x23:0x00000001 x11=0xffffffff
     256475.000 ns	     25646	80005648	c01cccd3	fcvt.wu.s	x25,f25	 f25:0x7fc00000 x25=0xffffffff
     256505.000 ns	     25649	8000564c	28eb8c53	fmin.s	f24,f23,f14	 f23:0x00000000 f14:0x7fc00000 f24=0x00000000
     256875.000 ns	     25686	80005650	0285ecb3	rem	x25,x11,x8	 x11:0xffffffff  x8:0xa202345a x25=0xffffffff
     256905.000 ns	     25689	80005654	03fc8f33	mul	x30,x25,x31	 x25:0xffffffff x31:0xa202345a x30=0x5dfdcba6
     256935.000 ns	     25692	80005658	03c83cb3	mulhu	x25,x16,x28	 x16:0x5dfdc94e x28:0x00000000 x25=0x00000000
     256965.000 ns	     25695	8000565c	c01ff4d3	fcvt.wu.s	x9,f31	 f31:0x00000000  x9=0x00000000
     256985.000 ns	     25697	80005660	01ad9393	slli	x7,x27,0x1a	 x27:0x00000000  x7=0x00000000
     257015.000 ns	     25700	80005664	58010e53	fsqrt.s	f28,f2	  f2:0xcf7fffd7 f28=0x7fc00000
     257045.000 ns	     25703	80005668	20460b53	fsgnj.s	f22,f12,f4	 f12:0xd102993c  f4:0x4dc80000 f22=0x5102993c
     257075.000 ns	     25706	8000566c	29cf0cd3	fmin.s	f25,f30,f28	 f30:0x7fc00000 f28:0x7fc00000 f25=0x7fc00000
     257105.000 ns	     25709	80005670	021c04b3	mul	x9,x24,x1	 x24:0x3b53c000  x1:0x00000000  x9=0x00000000
     257125.000 ns	     25711	80005674	80e58993	addi	x19,x11,-2034	 x11:0xffffffff x19=0xfffff80d
     257145.000 ns	     25713	80005678	035c21b3	mulhsu	x3,x24,x21	 x24:0x3b53c000 x21:0x00000002  x3=0x00000000
     258155.000 ns	     25814	8000567c	580841d3	fsqrt.s	f3,f16	 f16:0x4c21db3d  f3=0x4564e5ba
     258175.000 ns	     25816	80005680	00726433	or	x8,x4,x7	  x4:0x00000001  x7:0x00000000  x8=0x00000001
     258195.000 ns	     25818	80005684	a1e02ed3	feq.s	x29,f0,f30	  f0:0x4f7fffd7 f30:0x7fc00000 x29=0x00000000
     258225.000 ns	     25821	80005688	03da20b3	mulhsu	x1,x20,x29	 x20:0xa202344a x29:0x00000000  x1=0x00000000
     258245.000 ns	     25823	8000568c	014d6033	or	x0,x26,x20	 x26:0x00000759 x20:0xa202344a
     258265.000 ns	     25825	80005690	c016fbd3	fcvt.wu.s	x23,f13	 f13:0x7fc00000 x23=0xffffffff
     258285.000 ns	     25827	80005694	0013f733	and	x14,x7,x1	  x7:0x00000000  x1:0x00000000 x14=0x00000000
     258305.000 ns	     25829	80005698	c00830d3	fcvt.w.s	x1,f16	 f16:0x4c21db3d  x1=0x02876cf4
     258335.000 ns	     25832	8000569c	c01f8653	fcvt.wu.s	x12,f31	 f31:0x00000000 x12=0x00000000
     258365.000 ns	     25835	800056a0	03728333	mul	x6,x5,x23	  x5:0x5dfdcc2a x23:0xffffffff  x6=0xa20233d6
     258395.000 ns	     25838	800056a4	e0041853	fclass.s	x16,f8	  f8:0x469ffffc x16=0x00000040
     258425.000 ns	     25841	800056a8	e00d1153	fclass.s	x2,f26	 f26:0x41800000  x2=0x00000040
     258455.000 ns	     25844	800056ac	20e720d3	fsgnjx.s	f1,f14,f14	 f14:0x7fc00000 f14:0x7fc00000  f1=0x7fc00000
     258475.000 ns	     25846	800056b0	00f822b3	slt	x5,x16,x15	 x16:0x00000040 x15:0xa2023448  x5=0x00000000
     258495.000 ns	     25848	800056b4	a177a4d3	feq.s	x9,f15,f23	 f15:0x517fffd8 f23:0x00000000  x9=0x00000000
     258865.000 ns	     25885	800056b8	03395d33	divu	x26,x18,x19	 x18:0x80041024 x19:0xfffff80d x26=0x00000000
     258895.000 ns	     25888	800056bc	035db433	mulhu	x8,x27,x21	 x27:0x00000000 x21:0x00000002  x8=0x00000000
     258925.000 ns	     25891	800056c0	d0011253	fcvt.s.w	f4,x2	  x2:0x00000040  f4=0x42800000
     258945.000 ns	     25893	800056c4	00040233	add	x4,x8,x0	  x8:0x00000000  x0:0x00000000  x4=0x00000000
     258955.000 ns	     25894	800056c8	015804b3	add	x9,x16,x21	 x16:0x00000040 x21:0x00000002  x9=0x00000042
     258995.000 ns	     25898	800056cc	01f08d53	fadd.s	f26,f1,f31	  f1:0x7fc00000 f31:0x00000000 f26=0x7fc00000
     259025.000 ns	     25901	800056d0	a1b90c53	fle.s	x24,f18,f27	 f18:0x00000000 f27:0x4f7fffd7 x24=0x00000001
     259045.000 ns	     25903	800056d4	007ad713	srli	x14,x21,0x7	 x21:0x00000002 x14=0x00000000
     259065.000 ns	     25905	800056d8	03cc4eb3	div	x29,x24,x28	 x24:0x00000001 x28:0x00000000 x29=0xffffffff
     259085.000 ns	     25907	800056dc	00d37eb3	and	x29,x6,x13	  x6:0xa20233d6 x13:0xa202345a x29=0xa2023052
     259095.000 ns	     25908	800056e0	94e58b13	addi	x22,x11,-1714	 x11:0xffffffff x22=0xfffff94d
     259105.000 ns	     25909	800056e4	00b00633	add	x12,x0,x11	  x0:0x00000000 x11:0xffffffff x12=0xffffffff
     259125.000 ns	     25911	800056e8	0215ac33	mulhsu	x24,x11,x1	 x11:0xffffffff  x1:0x02876cf4 x24=0xffffffff
     259145.000 ns	     25913	800056ec	a9356813	ori	x16,x10,-1389	 x10:0x80040fe4 x16=0xfffffff7
     259165.000 ns	     25915	800056f0	d018f7d3	fcvt.s.wu	f15,x17	 x17:0xfffffd46 f15=0x4f7ffffd
     259215.000 ns	     25920	800056f4	09517253	fsub.s	f4,f2,f21	  f2:0xcf7fffd7 f21:0x40000000  f4=0xcf7fffd7
     259245.000 ns	     25923	800056f8	282d97d3	fmax.s	f15,f27,f2	 f27:0x4f7fffd7  f2:0xcf7fffd7 f15=0x4f7fffd7
     259275.000 ns	     25926	800056fc	21eba153	fsgnjx.s	f2,f23,f30	 f23:0x00000000 f30:0x7fc00000  f2=0x00000000
     259295.000 ns	     25928	80005700	3f152a93	slti	x21,x10,1009	 x10:0x80040fe4 x21=0x00000001
     259315.000 ns	     25930	80005704	a1c20753	fle.s	x14,f4,f28	  f4:0xcf7fffd7 f28:0x7fc00000 x14=0x00000000
     259345.000 ns	     25933	80005708	025408b3	mul	x17,x8,x5	  x8:0x00000000  x5:0x00000000 x17=0x00000000
     259375.000 ns	     25936	8000570c	c01539d3	fcvt.wu.s	x19,f10	 f10:0xc69ffffc x19=0x00005000
     259395.000 ns	     25938	80005710	014d4fb3	xor	x31,x26,x20	 x26:0x00000000 x20:0xa202344a x31=0xa202344a
     259425.000 ns	     25941	80005714	115a3ad3	fmul.s	f21,f20,f21	 f20:0x00000000 f21:0x40000000 f21=0x00000000
     259455.000 ns	     25944	80005718	21f882d3	fsgnj.s	f5,f17,f31	 f17:0x80000000 f31:0x00000000  f5=0x00000000
     259485.000 ns	     25947	8000571c	03f110b3	mulh	x1,x2,x31	  x2:0x00000040 x31:0xa202344a  x1=0xffffffe8
     259515.000 ns	     25950	80005720	21f72b53	fsgnjx.s	f22,f14,f31	 f14:0x7fc00000 f31:0x00000000 f22=0x7fc00000
     259545.000 ns	     25953	80005724	c01f9bd3	fcvt.wu.s	x23,f31	 f31:0x00000000 x23=0x00000000
     259575.000 ns	     25956	80005728	02ea1d33	mulh	x26,x20,x14	 x20:0xa202344a x14:0x00000000 x26=0x00000000
     259595.000 ns	     25958	8000572c	fda3f313	andi	x6,x7,-38	  x7:0x00000000  x6=0x00000000
     259615.000 ns	     25960	80005730	e00719d3	fclass.s	x19,f14	 f14:0x7fc00000 x19=0x00000200
     259645.000 ns	     25963	80005734	a0139853	flt.s	x16,f7,f1	  f7:0x7fc00000  f1:0x7fc00000 x16=0x00000000
     259675.000 ns	     25966	80005738	e00883d3	fmv.x.w	x7,f17	 f17:0x80000000  x7=0x80000000
     259705.000 ns	     25969	8000573c	e0059b53	fclass.s	x22,f11	 f11:0x00000000 x22=0x00000010
     260075.000 ns	     26006	80005740	022ef833	remu	x16,x29,x2	 x29:0xa2023052  x2:0x00000040 x16=0x00000012
     260095.000 ns	     26008	80005744	00ca2133	slt	x2,x20,x12	 x20:0xa202344a x12:0xffffffff  x2=0x00000001
     260105.000 ns	     26009	80005748	019722b3	slt	x5,x14,x25	 x14:0x00000000 x25:0x00000000  x5=0x00000000
     260115.000 ns	     26010	8000574c	40658db3	sub	x27,x11,x6	 x11:0xffffffff  x6:0x00000000 x27=0xffffffff
     260135.000 ns	     26012	80005750	29e89453	fmax.s	f8,f17,f30	 f17:0x80000000 f30:0x7fc00000  f8=0x80000000
     260165.000 ns	     26015	80005754	c01d4fd3	fcvt.wu.s	x31,f26	 f26:0x7fc00000 x31=0xffffffff
     260195.000 ns	     26018	80005758	289f8253	fmin.s	f4,f31,f9	 f31:0x00000000  f9:0xcf800000  f4=0xcf800000
     260225.000 ns	     26021	8000575c	d001f2d3	fcvt.s.w	f5,x3	  x3:0x00000000  f5=0x00000000
     260255.000 ns	     26024	80005760	f00f04d3	fmv.w.x	f9,x30	 x30:0x5dfdcba6  f9=0x5dfdcba6
     260285.000 ns	     26027	80005764	2001aad3	fsgnjx.s	f21,f3,f0	  f3:0x4564e5ba  f0:0x4f7fffd7 f21=0x4564e5ba
     260655.000 ns	     26064	80005768	03eecf33	div	x30,x29,x30	 x29:0xa2023052 x30:0x5dfdcba6 x30=0xffffffff
     260675.000 ns	     26066	8000576c	00250db3	add	x27,x10,x2	 x10:0x80040fe4  x2:0x00000001 x27=0x80040fe5
     260695.000 ns	     26068	80005770	02f4a6b3	mulhsu	x13,x9,x15	  x9:0x00000042 x15:0xa2023448 x13=0x00000029
     260725.000 ns	     26071	80005774	03725d33	divu	x26,x4,x23	  x4:0x00000000 x23:0x00000000 x26=0xffffffff
     260755.000 ns	     26074	80005778	c013b1d3	fcvt.wu.s	x3,f7	  f7:0x7fc00000  x3=0xffffffff
     260775.000 ns	     26076	8000577c	019f92b3	sll	x5,x31,x25	 x31:0xffffffff x25:0x00000000  x5=0xffffffff
     260795.000 ns	     26078	80005780	289a8853	fmin.s	f16,f21,f9	 f21:0x4564e5ba  f9:0x5dfdcba6 f16=0x4564e5ba
     260815.000 ns	     26080	80005784	c03c0b93	addi	x23,x24,-1021	 x24:0xffffffff x23=0xfffffc02
     261175.000 ns	     26116	80005788	03e9f1b3	remu	x3,x19,x30	 x19:0x00000200 x30:0xffffffff  x3=0x00000200
     261205.000 ns	     26119	8000578c	03f793b3	mulh	x7,x15,x31	 x15:0xa2023448 x31:0xffffffff  x7=0x00000000
     261235.000 ns	     26122	80005790	f00188d3	fmv.w.x	f17,x3	  x3:0x00000200 f17=0x00000200
     261255.000 ns	     26124	80005794	943d4317	auipc	x6,0x943d4	  x6=0x143d9794
     261265.000 ns	     26125	80005798	8c9c6db7	lui	x27,0x8c9c6	 x27=0x8c9c6000
     261285.000 ns	     26127	8000579c	f0050853	fmv.w.x	f16,x10	 x10:0x80040fe4 f16=0x80040fe4
     261315.000 ns	     26130	800057a0	c0134ad3	fcvt.wu.s	x21,f6	  f6:0x00000000 x21=0x00000000
     261335.000 ns	     26132	800057a4	01534333	xor	x6,x6,x21	  x6:0x143d9794 x21:0x00000001  x6=0x143d9794
     261345.000 ns	     26133	800057a8	0005df33	srl	x30,x11,x0	 x11:0xffffffff  x0:0x00000000 x30=0xffffffff
     261375.000 ns	     26136	800057ac	11c8f353	fmul.s	f6,f17,f28	 f17:0x00000200 f28:0x7fc00000  f6=0x7fc00000
     261425.000 ns	     26141	800057b0	081fb153	fsub.s	f2,f31,f1	 f31:0x00000000  f1:0x7fc00000  f2=0x7fc00000
     261455.000 ns	     26144	800057b4	28e709d3	fmin.s	f19,f14,f14	 f14:0x7fc00000 f14:0x7fc00000 f19=0x7fc00000
     261495.000 ns	     26148	800057b8	19c21f53	fdiv.s	f30,f4,f28	  f4:0xcf800000 f28:0x7fc00000 f30=0x7fc00000
     261515.000 ns	     26150	800057bc	0196a733	slt	x14,x13,x25	 x13:0x00000029 x25:0x00000000 x14=0x00000000
     261535.000 ns	     26152	800057c0	d016f953	fcvt.s.wu	f18,x13	 x13:0x00000029 f18=0x42240000
     261555.000 ns	     26154	800057c4	41b20eb3	sub	x29,x4,x27	  x4:0x00000000 x27:0x8c9c6000 x29=0x7363a000
     261575.000 ns	     26156	800057c8	d01fae53	fcvt.s.wu	f28,x31	 x31:0xffffffff f28=0x4f800000
     261595.000 ns	     26158	800057cc	01602db3	slt	x27,x0,x22	  x0:0x00000000 x22:0x00000010 x27=0x00000001
     261605.000 ns	     26159	800057d0	00000013	addi	x0,x0,0	  x0:0x00000000
     261965.000 ns	     26195	800057d4	02be4f33	div	x30,x28,x11	 x28:0x00000000 x11:0xffffffff x30=0x00000000
     261985.000 ns	     26197	800057d8	5f7ee493	ori	x9,x29,1527	 x29:0x7363a000  x9=0x7363a5f7
     261995.000 ns	     26198	800057dc	14a42e13	slti	x28,x8,330	  x8:0x00000000 x28=0x00000001
     262015.000 ns	     26200	800057e0	e0011753	fclass.s	x14,f2	  f2:0x7fc00000 x14=0x00000200
     262045.000 ns	     26203	800057e4	a181a753	feq.s	x14,f3,f24	  f3:0x4564e5ba f24:0x00000000 x14=0x00000000
     262065.000 ns	     26205	800057e8	3cb86613	ori	x12,x16,971	 x16:0x00000012 x12=0x000003db
     262085.000 ns	     26207	800057ec	a0469453	flt.s	x8,f13,f4	 f13:0x7fc00000  f4:0xcf800000  x8=0x00000000
     262105.000 ns	     26209	800057f0	00ec4333	xor	x6,x24,x14	 x24:0xffffffff x14:0x00000000  x6=0xffffffff
     262115.000 ns	     26210	800057f4	00000013	addi	x0,x0,0	  x0:0x00000000
     262125.000 ns	     26211	800057f8	f39b6113	ori	x2,x22,-199	 x22:0x00000010  x2=0xffffff39
     262135.000 ns	     26212	800057fc	94f97d13	andi	x26,x18,-1713	 x18:0x80041024 x26=0x80041004
     262155.000 ns	     26214	80005800	039bf433	remu	x8,x23,x25	 x23:0xfffffc02 x25:0x00000000  x8=0xfffffc02
     262175.000 ns	     26216	80005804	413cd393	srai	x7,x25,0x13	 x25:0x00000000  x7=0x00000000
     262195.000 ns	     26218	80005808	020789b3	mul	x19,x15,x0	 x15:0xa2023448  x0:0x00000000 x19=0x00000000
     262225.000 ns	     26221	8000580c	204423d3	fsgnjx.s	f7,f8,f4	  f8:0x80000000  f4:0xcf800000  f7=0x00000000
     262255.000 ns	     26224	80005810	29e490d3	fmax.s	f1,f9,f30	  f9:0x5dfdcba6 f30:0x7fc00000  f1=0x5dfdcba6
     262275.000 ns	     26226	80005814	77af0a97	auipc	x21,0x77af0	 x21=0xf7af5814
     262295.000 ns	     26228	80005818	e0011dd3	fclass.s	x27,f2	  f2:0x7fc00000 x27=0x00000200
     262315.000 ns	     26230	8000581c	40fdd693	srai	x13,x27,0xf	 x27:0x00000001 x13=0x00000000
     262325.000 ns	     26231	80005820	1765a413	slti	x8,x11,374	 x11:0xffffffff  x8=0x00000001
     262335.000 ns	     26232	80005824	00fca9b3	slt	x19,x25,x15	 x25:0x00000000 x15:0xa2023448 x19=0x00000000
     262345.000 ns	     26233	80005828	e8583f13	sltiu	x30,x16,-379	 x16:0x00000012 x30=0x00000001
     262365.000 ns	     26235	8000582c	02c48cb3	mul	x25,x9,x12	  x9:0x7363a5f7 x12:0x000003db x25=0xe130df4d
     262395.000 ns	     26238	80005830	20e21853	fsgnjn.s	f16,f4,f14	  f4:0xcf800000 f14:0x7fc00000 f16=0xcf800000
     262415.000 ns	     26240	80005834	014e5633	srl	x12,x28,x20	 x28:0x00000001 x20:0xa202344a x12=0x00000000
     262425.000 ns	     26241	80005838	01dd7bb3	and	x23,x26,x29	 x26:0x80041004 x29:0x7363a000 x23=0x00000000
     262465.000 ns	     26245	8000583c	0922f153	fsub.s	f2,f5,f18	  f5:0x00000000 f18:0x42240000  f2=0xc2240000
     262485.000 ns	     26247	80005840	bccf9297	auipc	x5,0xbccf9	  x5=0x3ccfe840
     262495.000 ns	     26248	80005844	01329493	slli	x9,x5,0x13	  x5:0xffffffff  x9=0x42000000
     262515.000 ns	     26250	80005848	d017cf53	fcvt.s.wu	f30,x15	 x15:0xa2023448 f30=0x4f220234
     262885.000 ns	     26287	8000584c	025d43b3	div	x7,x26,x5	 x26:0x80041004  x5:0x3ccfe840  x7=0xfffffffe
     262915.000 ns	     26290	80005850	d0153a53	fcvt.s.wu	f20,x10	 x10:0x80040fe4 f20=0x4f000410
     262945.000 ns	     26293	80005854	d0174653	fcvt.s.wu	f12,x14	 x14:0x00000000 f12=0x00000000
     262975.000 ns	     26296	80005858	2053ad53	fsgnjx.s	f26,f7,f5	  f7:0x00000000  f5:0x00000000 f26=0x00000000
     263005.000 ns	     26299	8000585c	a10d88d3	fle.s	x17,f27,f16	 f27:0x4f7fffd7 f16:0xcf800000 x17=0x00000000
     263025.000 ns	     26301	80005860	40955833	sra	x16,x10,x9	 x10:0x80040fe4  x9:0x42000000 x16=0x80040fe4
     263035.000 ns	     26302	80005864	0070b7b3	sltu	x15,x1,x7	  x1:0xffffffe8  x7:0xfffffffe x15=0x00000001
     263045.000 ns	     26303	80005868	0077d313	srli	x6,x15,0x7	 x15:0xa2023448  x6=0x00000000
     263055.000 ns	     26304	8000586c	40698d33	sub	x26,x19,x6	 x19:0x00000000  x6:0xffffffff x26=0x00000000
     263075.000 ns	     26306	80005870	e00299d3	fclass.s	x19,f5	  f5:0x00000000 x19=0x00000010
     263095.000 ns	     26308	80005874	006e16b3	sll	x13,x28,x6	 x28:0x00000001  x6:0x00000000 x13=0x00000001
     263115.000 ns	     26310	80005878	28738253	fmin.s	f4,f7,f7	  f7:0x00000000  f7:0x00000000  f4=0x00000000
     263135.000 ns	     26312	8000587c	011e9893	slli	x17,x29,0x11	 x29:0x7363a000 x17=0x40000000
     263495.000 ns	     26348	80005880	0389cdb3	div	x27,x19,x24	 x19:0x00000010 x24:0xffffffff x27=0xfffffff0
     263515.000 ns	     26350	80005884	0193f733	and	x14,x7,x25	  x7:0xfffffffe x25:0xe130df4d x14=0xe130df4c
     263525.000 ns	     26351	80005888	f9aabd13	sltiu	x26,x21,-102	 x21:0xf7af5814 x26=0x00000001
     263545.000 ns	     26353	8000588c	21cf95d3	fsgnjn.s	f11,f31,f28	 f31:0x00000000 f28:0x4f800000 f11=0x80000000
     263565.000 ns	     26355	80005890	00999213	slli	x4,x19,0x9	 x19:0x00000010  x4=0x00002000
     263585.000 ns	     26357	80005894	03e8b6b3	mulhu	x13,x17,x30	 x17:0x40000000 x30:0x00000001 x13=0x00000000
     263605.000 ns	     26359	80005898	19bfcd93	xori	x27,x31,411	 x31:0xffffffff x27=0xfffffe64
     263625.000 ns	     26361	8000589c	d016c653	fcvt.s.wu	f12,x13	 x13:0x00000000 f12=0x00000000
     263675.000 ns	     26366	800058a0	097c4f53	fsub.s	f30,f24,f23	 f24:0x00000000 f23:0x00000000 f30=0x80000000
     263695.000 ns	     26368	800058a4	00739db3	sll	x27,x7,x7	  x7:0xfffffffe  x7:0xfffffffe x27=0x80000000
     263715.000 ns	     26370	800058a8	e00602d3	fmv.x.w	x5,f12	 f12:0x00000000  x5=0x00000000
     263735.000 ns	     26372	800058ac	ade88637	lui	x12,0xade88	 x12=0xade88000
     263745.000 ns	     26373	800058b0	4cbbfb13	andi	x22,x23,1227	 x23:0x00000000 x22=0x00000000
     263785.000 ns	     26377	800058b4	091df753	fsub.s	f14,f27,f17	 f27:0x4f7fffd7 f17:0x00000200 f14=0x4f7fffd7
     263805.000 ns	     26379	800058b8	00bda133	slt	x2,x27,x11	 x27:0x80000000 x11:0xffffffff  x2=0x00000001
     263825.000 ns	     26381	800058bc	21f100d3	fsgnj.s	f1,f2,f31	  f2:0xc2240000 f31:0x00000000  f1=0x42240000
     263875.000 ns	     26386	800058c0	08278e53	fsub.s	f28,f15,f2	 f15:0x4f7fffd7  f2:0xc2240000 f28=0x4f7fffd7
     263905.000 ns	     26389	800058c4	a08617d3	flt.s	x15,f12,f8	 f12:0x00000000  f8:0x80000000 x15=0x00000000
     263935.000 ns	     26392	800058c8	03073d33	mulhu	x26,x14,x16	 x14:0xe130df4c x16:0x80040fe4 x26=0x709c0263
     263955.000 ns	     26394	800058cc	012d44b3	xor	x9,x26,x18	 x26:0x00000001 x18:0x80041024  x9=0xf0981247
     263975.000 ns	     26396	800058d0	20b22d53	fsgnjx.s	f26,f4,f11	  f4:0x00000000 f11:0x80000000 f26=0x80000000
     264005.000 ns	     26399	800058d4	d00bbf53	fcvt.s.w	f30,x23	 x23:0x00000000 f30=0x00000000
     264035.000 ns	     26402	800058d8	d0150253	fcvt.s.wu	f4,x10	 x10:0x80040fe4  f4=0x4f000410
     264055.000 ns	     26404	800058dc	b58a6993	ori	x19,x20,-1192	 x20:0xa202344a x19=0xffffff5a
     264075.000 ns	     26406	800058e0	038218b3	mulh	x17,x4,x24	  x4:0x00002000 x24:0xffffffff x17=0xffffffff
     264095.000 ns	     26408	800058e4	008d9013	slli	x0,x27,0x8	 x27:0x80000000
     264105.000 ns	     26409	800058e8	01888e33	add	x28,x17,x24	 x17:0xffffffff x24:0xffffffff x28=0xfffffffe
     264125.000 ns	     26411	800058ec	c01b32d3	fcvt.wu.s	x5,f22	 f22:0x7fc00000  x5=0xffffffff
     264145.000 ns	     26413	800058f0	4d386713	ori	x14,x16,1235	 x16:0x80040fe4 x14=0x80040ff7
     264505.000 ns	     26449	800058f4	02e27b33	remu	x22,x4,x14	  x4:0x00002000 x14:0xe130df4c x22=0x00002000
     264875.000 ns	     26486	800058f8	03f5d733	divu	x14,x11,x31	 x11:0xffffffff x31:0xffffffff x14=0x00000001
     264895.000 ns	     26488	800058fc	0169e433	or	x8,x19,x22	 x19:0xffffff5a x22:0x00002000  x8=0xffffff5a
     265255.000 ns	     26524	80005900	0355f3b3	remu	x7,x11,x21	 x11:0xffffffff x21:0xf7af5814  x7=0x0850a7eb
     265285.000 ns	     26527	80005904	e00a8b53	fmv.x.w	x22,f21	 f21:0x4564e5ba x22=0x4564e5ba
     265315.000 ns	     26530	80005908	02088633	mul	x12,x17,x0	 x17:0xffffffff  x0:0x00000000 x12=0x00000000
     265335.000 ns	     26532	8000590c	67162693	slti	x13,x12,1649	 x12:0xade88000 x13=0x00000001
     265345.000 ns	     26533	80005910	41347793	andi	x15,x8,1043	  x8:0xffffff5a x15=0x00000412
     265375.000 ns	     26536	80005914	18b5a5d3	fdiv.s	f11,f11,f11	 f11:0x80000000 f11:0x80000000 f11=0x7fc00000
     265395.000 ns	     26538	80005918	10322893	slti	x17,x4,259	  x4:0x00002000 x17=0x00000000
     265405.000 ns	     26539	8000591c	9d252313	slti	x6,x10,-1582	 x10:0x80040fe4  x6=0x00000001
     265415.000 ns	     26540	80005920	01d48133	add	x2,x9,x29	  x9:0xf0981247 x29:0x7363a000  x2=0x63fbb247
     265425.000 ns	     26541	80005924	bbf34713	xori	x14,x6,-1089	  x6:0x00000000 x14=0xfffffbbe
     265445.000 ns	     26543	80005928	a1d52f53	feq.s	x30,f10,f29	 f10:0xc69ffffc f29:0x00041024 x30=0x00000000
     265465.000 ns	     26545	8000592c	01255a93	srli	x21,x10,0x12	 x10:0x80040fe4 x21=0x00002001
     265485.000 ns	     26547	80005930	28008453	fmin.s	f8,f1,f0	  f1:0x42240000  f0:0x4f7fffd7  f8=0x42240000
     265855.000 ns	     26584	80005934	032461b3	rem	x3,x8,x18	  x8:0xffffff5a x18:0x80041024  x3=0xffffff5a
     266225.000 ns	     26621	80005938	02d3cfb3	div	x31,x7,x13	  x7:0x0850a7eb x13:0x00000001 x31=0x0850a7eb
     266255.000 ns	     26624	8000593c	20191e53	fsgnjn.s	f28,f18,f1	 f18:0x42240000  f1:0x42240000 f28=0xc2240000
     266275.000 ns	     26626	80005940	01a28d33	add	x26,x5,x26	  x5:0xffffffff x26:0x709c0263 x26=0x709c0262
     266295.000 ns	     26628	80005944	a1178ed3	fle.s	x29,f15,f17	 f15:0x4f7fffd7 f17:0x00000200 x29=0x00000000
     266315.000 ns	     26630	80005948	720c3793	sltiu	x15,x24,1824	 x24:0xffffffff x15=0x00000000
     266325.000 ns	     26631	8000594c	01a0e1b3	or	x3,x1,x26	  x1:0xffffffe8 x26:0x709c0262  x3=0xffffffea
     266335.000 ns	     26632	80005950	009266b3	or	x13,x4,x9	  x4:0x00002000  x9:0xf0981247 x13=0xf0983247
     266345.000 ns	     26633	80005954	9637e313	ori	x6,x15,-1693	 x15:0x00000000  x6=0xfffff963
     266355.000 ns	     26634	80005958	88e18a93	addi	x21,x3,-1906	  x3:0xffffffea x21=0xfffff878
     266375.000 ns	     26636	8000595c	e00d1ad3	fclass.s	x21,f26	 f26:0x80000000 x21=0x00000008
     266405.000 ns	     26639	80005960	02c77333	remu	x6,x14,x12	 x14:0xfffffbbe x12:0x00000000  x6=0xfffffbbe
     266435.000 ns	     26642	80005964	d00676d3	fcvt.s.w	f13,x12	 x12:0x00000000 f13=0x00000000
     266475.000 ns	     26646	80005968	183ff353	fdiv.s	f6,f31,f3	 f31:0x00000000  f3:0x4564e5ba  f6=0x00000000
     266505.000 ns	     26649	8000596c	d0152653	fcvt.s.wu	f12,x10	 x10:0x80040fe4 f12=0x4f000410
     266535.000 ns	     26652	80005970	207b9d53	fsgnjn.s	f26,f23,f7	 f23:0x00000000  f7:0x00000000 f26=0x80000000
     266565.000 ns	     26655	80005974	a0299b53	flt.s	x22,f19,f2	 f19:0x7fc00000  f2:0xc2240000 x22=0x00000000
     266605.000 ns	     26659	80005978	19d3ff53	fdiv.s	f30,f7,f29	  f7:0x00000000 f29:0x00041024 f30=0x00000000
     266645.000 ns	     26663	8000597c	58037753	fsqrt.s	f14,f6	  f6:0x00000000 f14=0x00000000
     266665.000 ns	     26665	80005980	40628333	sub	x6,x5,x6	  x5:0xffffffff  x6:0xfffffbbe  x6=0x00000441
     266695.000 ns	     26668	80005984	58087853	fsqrt.s	f16,f16	 f16:0xcf800000 f16=0x7fc00000
     266715.000 ns	     26670	80005988	40db8e33	sub	x28,x23,x13	 x23:0x00000000 x13:0xf0983247 x28=0x0f67cdb9
     267075.000 ns	     26706	8000598c	034cd1b3	divu	x3,x25,x20	 x25:0xe130df4d x20:0xa202344a  x3=0x00000001
     267095.000 ns	     26708	80005990	40b9da93	srai	x21,x19,0xb	 x19:0xffffff5a x21=0xffffffff
     267115.000 ns	     26710	80005994	035382b3	mul	x5,x7,x21	  x7:0x0850a7eb x21:0x00000008  x5=0xf7af5815
     267135.000 ns	     26712	80005998	b1c56093	ori	x1,x10,-1252	 x10:0x80040fe4  x1=0xfffffffc
     267155.000 ns	     26714	8000599c	a03407d3	fle.s	x15,f8,f3	  f8:0x42240000  f3:0x4564e5ba x15=0x00000001
     267205.000 ns	     26719	800059a0	00e57c53	fadd.s	f24,f10,f14	 f10:0xc69ffffc f14:0x00000000 f24=0xc69ffffc
     267235.000 ns	     26722	800059a4	f00e8853	fmv.w.x	f16,x29	 x29:0x00000000 f16=0x00000000
     267255.000 ns	     26724	800059a8	013926b3	slt	x13,x18,x19	 x18:0x80041024 x19:0xffffff5a x13=0x00000001
     267275.000 ns	     26726	800059ac	21d524d3	fsgnjx.s	f9,f10,f29	 f10:0xc69ffffc f29:0x00041024  f9=0xc69ffffc
     267295.000 ns	     26728	800059b0	017dcf33	xor	x30,x27,x23	 x27:0x80000000 x23:0x00000000 x30=0x80000000
     267305.000 ns	     26729	800059b4	00775a93	srli	x21,x14,0x7	 x14:0xfffffbbe x21=0x01fffff7
     267325.000 ns	     26731	800059b8	03433833	mulhu	x16,x6,x20	  x6:0x00000441 x20:0xa202344a x16=0x000002b1
     267375.000 ns	     26736	800059bc	010195d3	fadd.s	f11,f3,f16	  f3:0x4564e5ba f16:0x00000000 f11=0x4564e5ba
     267405.000 ns	     26739	800059c0	c00a15d3	fcvt.w.s	x11,f20	 f20:0x4f000410 x11=0x7fffffff
     267425.000 ns	     26741	800059c4	eae4b793	sltiu	x15,x9,-338	  x9:0xf0981247 x15=0x00000001
     267435.000 ns	     26742	800059c8	144a7993	andi	x19,x20,324	 x20:0xa202344a x19=0x00000040
     267455.000 ns	     26744	800059cc	21008ad3	fsgnj.s	f21,f1,f16	  f1:0x42240000 f16:0x00000000 f21=0x42240000
     267475.000 ns	     26746	800059d0	00bf0e33	add	x28,x30,x11	 x30:0x80000000 x11:0x7fffffff x28=0xffffffff
     267485.000 ns	     26747	800059d4	0047c3b3	xor	x7,x15,x4	 x15:0x00000001  x4:0x00002000  x7=0x00002001
     267495.000 ns	     26748	800059d8	ed1b0193	addi	x3,x22,-303	 x22:0x00000000  x3=0xfffffed1
     267525.000 ns	     26751	800059dc	58072c53	fsqrt.s	f24,f14	 f14:0x00000000 f24=0x00000000
     267545.000 ns	     26753	800059e0	c070bb13	sltiu	x22,x1,-1017	  x1:0xfffffffc x22=0x00000000
     267555.000 ns	     26754	800059e4	00e68033	add	x0,x13,x14	 x13:0x00000001 x14:0xfffffbbe
     267575.000 ns	     26756	800059e8	d0097f53	fcvt.s.w	f30,x18	 x18:0x80041024 f30=0xcefff7df
     267605.000 ns	     26759	800059ec	29d81e53	fmax.s	f28,f16,f29	 f16:0x00000000 f29:0x00041024 f28=0x00041024
     267635.000 ns	     26762	800059f0	20a8ac53	fsgnjx.s	f24,f17,f10	 f17:0x00000200 f10:0xc69ffffc f24=0x80000200
     267685.000 ns	     26767	800059f4	0880f0d3	fsub.s	f1,f1,f8	  f1:0x42240000  f8:0x42240000  f1=0x80000000
     267705.000 ns	     26769	800059f8	014f7b33	and	x22,x30,x20	 x30:0x80000000 x20:0xa202344a x22=0x80000000
     267735.000 ns	     26772	800059fc	580806d3	fsqrt.s	f13,f16	 f16:0x00000000 f13=0x00000000
     267755.000 ns	     26774	80005a00	4181d3b3	sra	x7,x3,x24	  x3:0xfffffed1 x24:0xffffffff  x7=0xffffffff
     267765.000 ns	     26775	80005a04	52f63893	sltiu	x17,x12,1327	 x12:0x00000000 x17=0x00000001
     267785.000 ns	     26777	80005a08	28088fd3	fmin.s	f31,f17,f0	 f17:0x00000200  f0:0x4f7fffd7 f31=0x00000200
     267815.000 ns	     26780	80005a0c	d00c4953	fcvt.s.w	f18,x24	 x24:0xffffffff f18=0xbf800000
     267835.000 ns	     26782	80005a10	407adf13	srai	x30,x21,0x7	 x21:0x01fffff7 x30=0x0003ffff
     267865.000 ns	     26785	80005a14	18d573d3	fdiv.s	f7,f10,f13	 f10:0xc69ffffc f13:0x00000000  f7=0xff800000
     267885.000 ns	     26787	80005a18	41f0d613	srai	x12,x1,0x1f	  x1:0xfffffffc x12=0xffffffff
     267895.000 ns	     26788	80005a1c	40a05813	srai	x16,x0,0xa	  x0:0x00000000 x16=0x00000000
     267915.000 ns	     26790	80005a20	02d32c33	mulhsu	x24,x6,x13	  x6:0x00000441 x13:0x00000001 x24=0x00000000
     267945.000 ns	     26793	80005a24	e0040b53	fmv.x.w	x22,f8	  f8:0x42240000 x22=0x42240000
     267975.000 ns	     26796	80005a28	a1fa87d3	fle.s	x15,f21,f31	 f21:0x42240000 f31:0x00000200 x15=0x00000000
     267995.000 ns	     26798	80005a2c	ab19bb93	sltiu	x23,x19,-1359	 x19:0x00000040 x23=0x00000001
     268015.000 ns	     26800	80005a30	a18b0d53	fle.s	x26,f22,f24	 f22:0x7fc00000 f24:0x80000200 x26=0x00000000
     268045.000 ns	     26803	80005a34	f0080353	fmv.w.x	f6,x16	 x16:0x00000000  f6=0x00000000
     268075.000 ns	     26806	80005a38	297f9ad3	fmax.s	f21,f31,f23	 f31:0x00000200 f23:0x00000000 f21=0x00000200
     268095.000 ns	     26808	80005a3c	aea1ae93	slti	x29,x3,-1302	  x3:0xfffffed1 x29=0x00000000
     268105.000 ns	     26809	80005a40	0d7e3c37	lui	x24,0xd7e3	 x24=0x0d7e3000
     268115.000 ns	     26810	80005a44	018530b3	sltu	x1,x10,x24	 x10:0x80040fe4 x24:0x00000000  x1=0x00000000
     268125.000 ns	     26811	80005a48	e42ef713	andi	x14,x29,-446	 x29:0x00000000 x14=0x00000000
     268485.000 ns	     26847	80005a4c	03204133	div	x2,x0,x18	  x0:0x00000000 x18:0x80041024  x2=0x00000000
     268505.000 ns	     26849	80005a50	82374093	xori	x1,x14,-2013	 x14:0xfffffbbe  x1=0xfffff823
     268865.000 ns	     26885	80005a54	033f6ab3	rem	x21,x30,x19	 x30:0x0003ffff x19:0x00000040 x21=0x0000003f
     268885.000 ns	     26887	80005a58	f7827993	andi	x19,x4,-136	  x4:0x00002000 x19=0x00002000
     268895.000 ns	     26888	80005a5c	00041713	slli	x14,x8,0x0	  x8:0xffffff5a x14=0xffffff5a
     268905.000 ns	     26889	80005a60	00000013	addi	x0,x0,0	  x0:0x00000000
     269235.000 ns	     26922	80005a64	19ee4453	fdiv.s	f8,f28,f30	 f28:0x00041024 f30:0xcefff7df  f8=0x80000000
     269285.000 ns	     26927	80005a68	01fd78d3	fadd.s	f17,f26,f31	 f26:0x80000000 f31:0x00000200 f17=0x00000200
     269305.000 ns	     26929	80005a6c	00e3f3b3	and	x7,x7,x14	  x7:0xffffffff x14:0xffffff5a  x7=0xffffff5a
     269335.000 ns	     26932	80005a70	580f7453	fsqrt.s	f8,f30	 f30:0xcefff7df  f8=0x7fc00000
     269355.000 ns	     26934	80005a74	b3e58d93	addi	x27,x11,-1218	 x11:0x7fffffff x27=0x7ffffb3d
     269365.000 ns	     26935	80005a78	012828b3	slt	x17,x16,x18	 x16:0x00000000 x18:0x80041024 x17=0x00000000
     269375.000 ns	     26936	80005a7c	1aceb493	sltiu	x9,x29,428	 x29:0x00000000  x9=0x00000001
     269395.000 ns	     26938	80005a80	e0059653	fclass.s	x12,f11	 f11:0x4564e5ba x12=0x00000040
     269425.000 ns	     26941	80005a84	d015f8d3	fcvt.s.wu	f17,x11	 x11:0x7fffffff f17=0x4effffff
     269455.000 ns	     26944	80005a88	f00e0453	fmv.w.x	f8,x28	 x28:0xffffffff  f8=0xffffffff
     269475.000 ns	     26946	80005a8c	00000013	addi	x0,x0,0	  x0:0x00000000
     269485.000 ns	     26947	80005a90	01135213	srli	x4,x6,0x11	  x6:0x00000441  x4=0x00000000
     269505.000 ns	     26949	80005a94	02908bb3	mul	x23,x1,x9	  x1:0xfffff823  x9:0x00000001 x23=0xfffff823
     269545.000 ns	     26953	80005a98	580f7753	fsqrt.s	f14,f30	 f30:0xcefff7df f14=0x7fc00000
     269565.000 ns	     26955	80005a9c	00000013	addi	x0,x0,0	  x0:0x00000000
     269925.000 ns	     26991	80005aa0	0255d833	divu	x16,x11,x5	 x11:0x7fffffff  x5:0xf7af5815 x16=0x00000000
     269955.000 ns	     26994	80005aa4	21e01fd3	fsgnjn.s	f31,f0,f30	  f0:0x4f7fffd7 f30:0xcefff7df f31=0x4f7fffd7
     270295.000 ns	     27028	80005aa8	19bc02d3	fdiv.s	f5,f24,f27	 f24:0x80000200 f27:0x4f7fffd7  f5=0x80000000
     270325.000 ns	     27031	80005aac	20c62853	fsgnjx.s	f16,f12,f12	 f12:0x4f000410 f12:0x4f000410 f16=0x4f000410
     270345.000 ns	     27033	80005ab0	00650833	add	x16,x10,x6	 x10:0x80040fe4  x6:0x00000441 x16=0x80041425
     270365.000 ns	     27035	80005ab4	21838453	fsgnj.s	f8,f7,f24	  f7:0xff800000 f24:0x80000200  f8=0xff800000
     270395.000 ns	     27038	80005ab8	f0098c53	fmv.w.x	f24,x19	 x19:0x00002000 f24=0x00002000
     270415.000 ns	     27040	80005abc	40810133	sub	x2,x2,x8	  x2:0x00000000  x8:0xffffff5a  x2=0x000000a6
     270425.000 ns	     27041	80005ac0	0049dd13	srli	x26,x19,0x4	 x19:0x00002000 x26=0x00000200
     270435.000 ns	     27042	80005ac4	41d75393	srai	x7,x14,0x1d	 x14:0xffffff5a  x7=0xffffffff
     270455.000 ns	     27044	80005ac8	f00a80d3	fmv.w.x	f1,x21	 x21:0x0000003f  f1=0x0000003f
     270475.000 ns	     27046	80005acc	00c77633	and	x12,x14,x12	 x14:0xffffff5a x12:0x00000040 x12=0x00000040
     270495.000 ns	     27048	80005ad0	a1d4a6d3	feq.s	x13,f9,f29	  f9:0xc69ffffc f29:0x00041024 x13=0x00000000
     270515.000 ns	     27050	80005ad4	41f05093	srai	x1,x0,0x1f	  x0:0x00000000  x1=0x00000000
     270525.000 ns	     27051	80005ad8	009cd6b3	srl	x13,x25,x9	 x25:0xe130df4d  x9:0x00000001 x13=0x70986fa6
     270545.000 ns	     27053	80005adc	d00e7453	fcvt.s.w	f8,x28	 x28:0xffffffff  f8=0xbf800000
     270575.000 ns	     27056	80005ae0	e00f1dd3	fclass.s	x27,f30	 f30:0xcefff7df x27=0x00000002
     270595.000 ns	     27058	80005ae4	001ea5b3	slt	x11,x29,x1	 x29:0x00000000  x1:0x00000000 x11=0x00000000
     270955.000 ns	     27094	80005ae8	035652b3	divu	x5,x12,x21	 x12:0x00000040 x21:0x0000003f  x5=0x00000001
     270975.000 ns	     27096	80005aec	00000013	addi	x0,x0,0	  x0:0x00000000
     270985.000 ns	     27097	80005af0	fb013c13	sltiu	x24,x2,-80	  x2:0x000000a6 x24=0x00000001
     271025.000 ns	     27101	80005af4	00f23453	fadd.s	f8,f4,f15	  f4:0x4f000410 f15:0x4f7fffd7  f8=0x4fc001f3
     271395.000 ns	     27138	80005af8	0292de33	divu	x28,x5,x9	  x5:0x00000001  x9:0x00000001 x28=0x00000001
     271765.000 ns	     27175	80005afc	03266d33	rem	x26,x12,x18	 x12:0x00000040 x18:0x80041024 x26=0x00000040
     271795.000 ns	     27178	80005b00	21299e53	fsgnjn.s	f28,f19,f18	 f19:0x7fc00000 f18:0xbf800000 f28=0x7fc00000
     271815.000 ns	     27180	80005b04	00245c93	srli	x25,x8,0x2	  x8:0xffffff5a x25=0x3fffffd6
     271835.000 ns	     27182	80005b08	c01a7e53	fcvt.wu.s	x28,f20	 f20:0x4f000410 x28=0x80041000
     271865.000 ns	     27185	80005b0c	20791c53	fsgnjn.s	f24,f18,f7	 f18:0xbf800000  f7:0xff800000 f24=0x3f800000
     271885.000 ns	     27187	80005b10	007b8bb3	add	x23,x23,x7	 x23:0xfffff823  x7:0xffffffff x23=0xfffff822
     271895.000 ns	     27188	80005b14	416fd8b3	sra	x17,x31,x22	 x31:0x0850a7eb x22:0x42240000 x17=0x0850a7eb
     271915.000 ns	     27190	80005b18	03db9bb3	mulh	x23,x23,x29	 x23:0xfffff823 x29:0x00000000 x23=0x00000000
     271945.000 ns	     27193	80005b1c	202285d3	fsgnj.s	f11,f5,f2	  f5:0x80000000  f2:0xc2240000 f11=0x80000000
     271975.000 ns	     27196	80005b20	02a1b9b3	mulhu	x19,x3,x10	  x3:0xfffffed1 x10:0x80040fe4 x19=0x80040f4c
     272005.000 ns	     27199	80005b24	a0b19353	flt.s	x6,f3,f11	  f3:0x4564e5ba f11:0x80000000  x6=0x00000000
     272025.000 ns	     27201	80005b28	af6daf97	auipc	x31,0xaf6da	 x31=0x2f6dfb28
     272045.000 ns	     27203	80005b2c	a1d416d3	flt.s	x13,f8,f29	  f8:0x4fc001f3 f29:0x00041024 x13=0x00000000
     272065.000 ns	     27205	80005b30	f5943b93	sltiu	x23,x8,-167	  x8:0xffffff5a x23=0x00000000
     272085.000 ns	     27207	80005b34	020e5e33	divu	x28,x28,x0	 x28:0x80041000  x0:0x00000000 x28=0xffffffff
     272105.000 ns	     27209	80005b38	0105d633	srl	x12,x11,x16	 x11:0x00000000 x16:0x80041425 x12=0x00000000
     272115.000 ns	     27210	80005b3c	05006f93	ori	x31,x0,80	  x0:0x00000000 x31=0x00000050
     272135.000 ns	     27212	80005b40	209f0dd3	fsgnj.s	f27,f30,f9	 f30:0xcefff7df  f9:0xc69ffffc f27=0xcefff7df
     272165.000 ns	     27215	80005b44	d006f5d3	fcvt.s.w	f11,x13	 x13:0x00000000 f11=0x00000000
     272195.000 ns	     27218	80005b48	03d440b3	div	x1,x8,x29	  x8:0xffffff5a x29:0x00000000  x1=0xffffffff
     272225.000 ns	     27221	80005b4c	02b0ac33	mulhsu	x24,x1,x11	  x1:0x00000000 x11:0x00000000 x24=0x00000000
     272245.000 ns	     27223	80005b50	aa1e7693	andi	x13,x28,-1375	 x28:0xffffffff x13=0xfffffaa1
     272265.000 ns	     27225	80005b54	d01dfc53	fcvt.s.wu	f24,x27	 x27:0x00000002 f24=0x40000000
     272305.000 ns	     27229	80005b58	5804f6d3	fsqrt.s	f13,f9	  f9:0xc69ffffc f13=0x7fc00000
     272345.000 ns	     27233	80005b5c	580979d3	fsqrt.s	f19,f18	 f18:0xbf800000 f19=0x7fc00000
     272375.000 ns	     27236	80005b60	c01dccd3	fcvt.wu.s	x25,f27	 f27:0xcefff7df x25=0x7ffbef80
     272405.000 ns	     27239	80005b64	d01e21d3	fcvt.s.wu	f3,x28	 x28:0xffffffff  f3=0x4f800000
     272435.000 ns	     27242	80005b68	29c41e53	fmax.s	f28,f8,f28	  f8:0x4fc001f3 f28:0x7fc00000 f28=0x4fc001f3
     272455.000 ns	     27244	80005b6c	014e84b3	add	x9,x29,x20	 x29:0x00000000 x20:0xa202344a  x9=0xa202344a
     272475.000 ns	     27246	80005b70	2012aa53	fsgnjx.s	f20,f5,f1	  f5:0x80000000  f1:0x0000003f f20=0x80000000
     272505.000 ns	     27249	80005b74	203a99d3	fsgnjn.s	f19,f21,f3	 f21:0x00000200  f3:0x4f800000 f19=0x80000200
     272845.000 ns	     27283	80005b78	18cda5d3	fdiv.s	f11,f27,f12	 f27:0xcefff7df f12:0x4f000410 f11=0xbefff7e0
     272875.000 ns	     27286	80005b7c	a178afd3	feq.s	x31,f17,f23	 f17:0x4effffff f23:0x00000000 x31=0x00000000
     272895.000 ns	     27288	80005b80	006bfab3	and	x21,x23,x6	 x23:0x00000000  x6:0x00000000 x21=0x00000000
     272915.000 ns	     27290	80005b84	c00a7ad3	fcvt.w.s	x21,f20	 f20:0x80000000 x21=0x00000000
     272935.000 ns	     27292	80005b88	00593733	sltu	x14,x18,x5	 x18:0x80041024  x5:0x00000001 x14=0x00000000
     272955.000 ns	     27294	80005b8c	21b61a53	fsgnjn.s	f20,f12,f27	 f12:0x4f000410 f27:0xcefff7df f20=0x4f000410
     273005.000 ns	     27299	80005b90	08bdf553	fsub.s	f10,f27,f11	 f27:0xcefff7df f11:0xbefff7e0 f10=0xcefff7de
     273025.000 ns	     27301	80005b94	018d5233	srl	x4,x26,x24	 x26:0x00000040 x24:0x00000000  x4=0x00000040
     273045.000 ns	     27303	80005b98	285f9d53	fmax.s	f26,f31,f5	 f31:0x4f7fffd7  f5:0x80000000 f26=0x4f7fffd7
     273415.000 ns	     27340	80005b9c	0323fe33	remu	x28,x7,x18	  x7:0xffffffff x18:0x80041024 x28=0x7ffbefdb
     273435.000 ns	     27342	80005ba0	003dad33	slt	x26,x27,x3	 x27:0x00000002  x3:0xfffffed1 x26=0x00000000
     273795.000 ns	     27378	80005ba4	0398d233	divu	x4,x17,x25	 x17:0x0850a7eb x25:0x7ffbef80  x4=0x00000000
     273825.000 ns	     27381	80005ba8	02d82bb3	mulhsu	x23,x16,x13	 x16:0x80041425 x13:0xfffffaa1 x23=0x800416d4
     274195.000 ns	     27418	80005bac	037b5f33	divu	x30,x22,x23	 x22:0x42240000 x23:0x00000000 x30=0x00000000
     274215.000 ns	     27420	80005bb0	0045d633	srl	x12,x11,x4	 x11:0x00000000  x4:0x00000000 x12=0x00000000
     274235.000 ns	     27422	80005bb4	e0009053	fclass.s	x0,f1	  f1:0x0000003f
     274265.000 ns	     27425	80005bb8	f0050ed3	fmv.w.x	f29,x10	 x10:0x80040fe4 f29=0x80040fe4
     274285.000 ns	     27427	80005bbc	0009df93	srli	x31,x19,0x0	 x19:0x80040f4c x31=0x80040f4c
     274295.000 ns	     27428	80005bc0	41e25e13	srai	x28,x4,0x1e	  x4:0x00000000 x28=0x00000000
     274315.000 ns	     27430	80005bc4	a14020d3	feq.s	x1,f0,f20	  f0:0x4f7fffd7 f20:0x4f000410  x1=0x00000000
     274345.000 ns	     27433	80005bc8	21a005d3	fsgnj.s	f11,f0,f26	  f0:0x4f7fffd7 f26:0x4f7fffd7 f11=0x4f7fffd7
     274365.000 ns	     27435	80005bcc	b7010c93	addi	x25,x2,-1168	  x2:0x000000a6 x25=0xfffffc16
     274385.000 ns	     27437	80005bd0	20ea13d3	fsgnjn.s	f7,f20,f14	 f20:0x4f000410 f14:0x7fc00000  f7=0xcf000410
     274755.000 ns	     27474	80005bd4	03624eb3	div	x29,x4,x22	  x4:0x00000000 x22:0x42240000 x29=0x00000000
     274775.000 ns	     27476	80005bd8	01d951b3	srl	x3,x18,x29	 x18:0x80041024 x29:0x00000000  x3=0x80041024
     274815.000 ns	     27480	80005bdc	01a0c2d3	fadd.s	f5,f1,f26	  f1:0x0000003f f26:0x4f7fffd7  f5=0x4f7fffd7
     274835.000 ns	     27482	80005be0	362b6f93	ori	x31,x22,866	 x22:0x42240000 x31=0x42240362
     274855.000 ns	     27484	80005be4	024c2e33	mulhsu	x28,x24,x4	 x24:0x00000000  x4:0x00000000 x28=0x00000000
     274875.000 ns	     27486	80005be8	0b9a4593	xori	x11,x20,185	 x20:0xa202344a x11=0xa20234f3
     274915.000 ns	     27490	80005bec	09a79853	fsub.s	f16,f15,f26	 f15:0x4f7fffd7 f26:0x4f7fffd7 f16=0x80000000
     274935.000 ns	     27492	80005bf0	007d1813	slli	x16,x26,0x7	 x26:0x00000000 x16=0x00000000
     274955.000 ns	     27494	80005bf4	026d1fb3	mulh	x31,x26,x6	 x26:0x00000000  x6:0x00000000 x31=0x00000000
     274975.000 ns	     27496	80005bf8	000236b3	sltu	x13,x4,x0	  x4:0x00000000  x0:0x00000000 x13=0x00000000
     274985.000 ns	     27497	80005bfc	009f2733	slt	x14,x30,x9	 x30:0x00000000  x9:0xa202344a x14=0x00000000
     275005.000 ns	     27499	80005c00	03e59fb3	mulh	x31,x11,x30	 x11:0xa20234f3 x30:0x00000000 x31=0x00000000
     275025.000 ns	     27501	80005c04	41a5db93	srai	x23,x11,0x1a	 x11:0xa20234f3 x23=0xffffffe8
     275035.000 ns	     27502	80005c08	dbe8e137	lui	x2,0xdbe8e	  x2=0xdbe8e000
     275055.000 ns	     27504	80005c0c	c01cf0d3	fcvt.wu.s	x1,f25	 f25:0x7fc00000  x1=0xffffffff
     275085.000 ns	     27507	80005c10	02f36cb3	rem	x25,x6,x15	  x6:0x00000000 x15:0x00000000 x25=0x00000000
     275115.000 ns	     27510	80005c14	02679833	mulh	x16,x15,x6	 x15:0x00000000  x6:0x00000000 x16=0x00000000
     275135.000 ns	     27512	80005c18	00d331b3	sltu	x3,x6,x13	  x6:0x00000000 x13:0x00000000  x3=0x00000000
     275155.000 ns	     27514	80005c1c	296e1dd3	fmax.s	f27,f28,f22	 f28:0x4fc001f3 f22:0x7fc00000 f27=0x4fc001f3
     275185.000 ns	     27517	80005c20	022d87b3	mul	x15,x27,x2	 x27:0x00000002  x2:0xdbe8e000 x15=0xb7d1c000
     275215.000 ns	     27520	80005c24	029802b3	mul	x5,x16,x9	 x16:0x00000000  x9:0xa202344a  x5=0x00000000
     275265.000 ns	     27525	80005c28	09062ed3	fsub.s	f29,f12,f16	 f12:0x4f000410 f16:0x80000000 f29=0x4f000410
     275285.000 ns	     27527	80005c2c	005e6f33	or	x30,x28,x5	 x28:0x00000000  x5:0x00000000 x30=0x00000000
     275325.000 ns	     27531	80005c30	00ebf153	fadd.s	f2,f23,f14	 f23:0x00000000 f14:0x7fc00000  f2=0x7fc00000
     275355.000 ns	     27534	80005c34	29271053	fmax.s	f0,f14,f18	 f14:0x7fc00000 f18:0xbf800000  f0=0xbf800000
     275375.000 ns	     27536	80005c38	00000013	addi	x0,x0,0	  x0:0x00000000
     275405.000 ns	     27539	80005c3c	58037bd3	fsqrt.s	f23,f6	  f6:0x00000000 f23=0x00000000
     275435.000 ns	     27542	80005c40	a09d10d3	flt.s	x1,f26,f9	 f26:0x4f7fffd7  f9:0xc69ffffc  x1=0x00000000
     275465.000 ns	     27545	80005c44	20f30853	fsgnj.s	f16,f6,f15	  f6:0x00000000 f15:0x4f7fffd7 f16=0x00000000
     275495.000 ns	     27548	80005c48	29bc96d3	fmax.s	f13,f25,f27	 f25:0x7fc00000 f27:0x4fc001f3 f13=0x4fc001f3
     275515.000 ns	     27550	80005c4c	63e42893	slti	x17,x8,1598	  x8:0xffffff5a x17=0x00000001
     275525.000 ns	     27551	80005c50	8f2af593	andi	x11,x21,-1806	 x21:0x00000000 x11=0x00000000
     275535.000 ns	     27552	80005c54	010641b3	xor	x3,x12,x16	 x12:0x00000000 x16:0x00000000  x3=0x00000000
     275555.000 ns	     27554	80005c58	d00501d3	fcvt.s.w	f3,x10	 x10:0x80040fe4  f3=0xcefff7e0
     275575.000 ns	     27556	80005c5c	75d62893	slti	x17,x12,1885	 x12:0x00000000 x17=0x00000001
     275585.000 ns	     27557	80005c60	01a4b3b3	sltu	x7,x9,x26	  x9:0xa202344a x26:0x00000000  x7=0x00000000
     275605.000 ns	     27559	80005c64	c0067453	fcvt.w.s	x8,f12	 f12:0x4f000410  x8=0x7fffffff
     275635.000 ns	     27562	80005c68	0309a433	mulhsu	x8,x19,x16	 x19:0x80040f4c x16:0x00000000  x8=0x00000000
     275665.000 ns	     27565	80005c6c	f0028b53	fmv.w.x	f22,x5	  x5:0x00000000 f22=0x00000000
     275695.000 ns	     27568	80005c70	0254ed33	rem	x26,x9,x5	  x9:0xa202344a  x5:0x00000000 x26=0xa202344a
     275715.000 ns	     27570	80005c74	0039ceb3	xor	x29,x19,x3	 x19:0x80040f4c  x3:0x00000000 x29=0x80040f4c
     275725.000 ns	     27571	80005c78	d89d3d13	sltiu	x26,x26,-631	 x26:0xa202344a x26=0x00000001
     275745.000 ns	     27573	80005c7c	036290b3	mulh	x1,x5,x22	  x5:0x00000000 x22:0x42240000  x1=0x00000000
     275795.000 ns	     27578	80005c80	01167453	fadd.s	f8,f12,f17	 f12:0x4f000410 f17:0x4effffff  f8=0x4f800207
     275815.000 ns	     27580	80005c84	eb5ce713	ori	x14,x25,-331	 x25:0x00000000 x14=0xfffffeb5
     275835.000 ns	     27582	80005c88	d0139ad3	fcvt.s.wu	f21,x7	  x7:0x00000000 f21=0x00000000
     275885.000 ns	     27587	80005c8c	090e33d3	fsub.s	f7,f28,f16	 f28:0x4fc001f3 f16:0x00000000  f7=0x4fc001f3
     275915.000 ns	     27590	80005c90	28eb1c53	fmax.s	f24,f22,f14	 f22:0x00000000 f14:0x7fc00000 f24=0x00000000
     275935.000 ns	     27592	80005c94	40775033	sra	x0,x14,x7	 x14:0xfffffeb5  x7:0x00000000
     275955.000 ns	     27594	80005c98	a1a2a7d3	feq.s	x15,f5,f26	  f5:0x4f7fffd7 f26:0x4f7fffd7 x15=0x00000001
     275985.000 ns	     27597	80005c9c	a1f90153	fle.s	x2,f18,f31	 f18:0xbf800000 f31:0x4f7fffd7  x2=0x00000001
     276355.000 ns	     27634	80005ca0	031c75b3	remu	x11,x24,x17	 x24:0x00000000 x17:0x00000001 x11=0x00000000
     276385.000 ns	     27637	80005ca4	03fa3633	mulhu	x12,x20,x31	 x20:0xa202344a x31:0x00000000 x12=0x00000000
     276415.000 ns	     27640	80005ca8	29dc98d3	fmax.s	f17,f25,f29	 f25:0x7fc00000 f29:0x4f000410 f17=0x4f000410
     276435.000 ns	     27642	80005cac	00000013	addi	x0,x0,0	  x0:0x00000000
     276455.000 ns	     27644	80005cb0	a0e68653	fle.s	x12,f13,f14	 f13:0x4fc001f3 f14:0x7fc00000 x12=0x00000000
     276485.000 ns	     27647	80005cb4	d012c253	fcvt.s.wu	f4,x5	  x5:0x00000000  f4=0x00000000
     276525.000 ns	     27651	80005cb8	10cdc453	fmul.s	f8,f27,f12	 f27:0x4fc001f3 f12:0x4f000410  f8=0x5f40080c
     276545.000 ns	     27653	80005cbc	009aabb3	slt	x23,x21,x9	 x21:0x00000000  x9:0xa202344a x23=0x00000000
     276565.000 ns	     27655	80005cc0	f00f0f53	fmv.w.x	f30,x30	 x30:0x00000000 f30=0x00000000
     276585.000 ns	     27657	80005cc4	f641ab93	slti	x23,x3,-156	  x3:0x00000000 x23=0x00000000
     276595.000 ns	     27658	80005cc8	017ad193	srli	x3,x21,0x17	 x21:0x00000000  x3=0x00000000
     276615.000 ns	     27660	80005ccc	f0038053	fmv.w.x	f0,x7	  x7:0x00000000  f0=0x00000000
     276635.000 ns	     27662	80005cd0	00169193	slli	x3,x13,0x1	 x13:0x00000000  x3=0x00000000
     276645.000 ns	     27663	80005cd4	55629597	auipc	x11,0x55629	 x11=0xd562ecd4
     276665.000 ns	     27665	80005cd8	0256ddb3	divu	x27,x13,x5	 x13:0x00000000  x5:0x00000000 x27=0xffffffff
     276685.000 ns	     27667	80005cdc	01a02d33	slt	x26,x0,x26	  x0:0x00000000 x26:0x00000001 x26=0x00000001
     276695.000 ns	     27668	80005ce0	81dd8693	addi	x13,x27,-2019	 x27:0xffffffff x13=0xfffff81c
     276715.000 ns	     27670	80005ce4	d01502d3	fcvt.s.wu	f5,x10	 x10:0x80040fe4  f5=0x4f000410
     276735.000 ns	     27672	80005ce8	003c5693	srli	x13,x24,0x3	 x24:0x00000000 x13=0x00000000
     276745.000 ns	     27673	80005cec	7a222013	slti	x0,x4,1954	  x4:0x00000000
     276765.000 ns	     27675	80005cf0	a15996d3	flt.s	x13,f19,f21	 f19:0x80000200 f21:0x00000000 x13=0x00000001
     276785.000 ns	     27677	80005cf4	01041333	sll	x6,x8,x16	  x8:0x00000000 x16:0x00000000  x6=0x00000000
     276795.000 ns	     27678	80005cf8	0061ed33	or	x26,x3,x6	  x3:0x00000000  x6:0x00000000 x26=0x00000000
     276805.000 ns	     27679	80005cfc	004f0233	add	x4,x30,x4	 x30:0x00000000  x4:0x00000000  x4=0x00000000
     276815.000 ns	     27680	80005d00	00000013	addi	x0,x0,0	  x0:0x00000000
     276855.000 ns	     27684	80005d04	00367653	fadd.s	f12,f12,f3	 f12:0x4f000410  f3:0xcefff7e0 f12=0x49020000
     278035.000 ns	     27802	80005d08	580e47d3	fsqrt.s	f15,f28	 f28:0x4fc001f3 f15=0x479cc536
     278055.000 ns	     27804	80005d0c	01dc5f33	srl	x30,x24,x29	 x24:0x00000000 x29:0x80040f4c x30=0x00000000
     278065.000 ns	     27805	80005d10	018db433	sltu	x8,x27,x24	 x27:0xffffffff x24:0x00000000  x8=0x00000000
     278425.000 ns	     27841	80005d14	03b978b3	remu	x17,x18,x27	 x18:0x80041024 x27:0xffffffff x17=0x80041024
     278445.000 ns	     27843	80005d18	4030dfb3	sra	x31,x1,x3	  x1:0x00000000  x3:0x00000000 x31=0x00000000
     278455.000 ns	     27844	80005d1c	00f76333	or	x6,x14,x15	 x14:0xfffffeb5 x15:0x00000001  x6=0xfffffeb5
     278475.000 ns	     27846	80005d20	21d39cd3	fsgnjn.s	f25,f7,f29	  f7:0x4fc001f3 f29:0x4f000410 f25=0xcfc001f3
     278505.000 ns	     27849	80005d24	030aac33	mulhsu	x24,x21,x16	 x21:0x00000000 x16:0x00000000 x24=0x00000000
     278535.000 ns	     27852	80005d28	d01c7053	fcvt.s.wu	f0,x24	 x24:0x00000000  f0=0x00000000
     278565.000 ns	     27855	80005d2c	a0122853	feq.s	x16,f4,f1	  f4:0x00000000  f1:0x0000003f x16=0x00000000
     278585.000 ns	     27857	80005d30	00ad19b3	sll	x19,x26,x10	 x26:0x00000000 x10:0x80040fe4 x19=0x00000000
     278605.000 ns	     27859	80005d34	031c3133	mulhu	x2,x24,x17	 x24:0x00000000 x17:0x80041024  x2=0x00000000
     278625.000 ns	     27861	80005d38	0125fdb3	and	x27,x11,x18	 x11:0xd562ecd4 x18:0x80041024 x27=0x80000004
     278635.000 ns	     27862	80005d3c	010d5833	srl	x16,x26,x16	 x26:0x00000000 x16:0x00000000 x16=0x00000000
     278645.000 ns	     27863	80005d40	0106dc13	srli	x24,x13,0x10	 x13:0x00000001 x24=0x00000000
     278655.000 ns	     27864	80005d44	01b5ff33	and	x30,x11,x27	 x11:0xd562ecd4 x27:0x80000004 x30=0x80000004
     278675.000 ns	     27866	80005d48	025a33b3	mulhu	x7,x20,x5	 x20:0xa202344a  x5:0x00000000  x7=0x00000000
     278695.000 ns	     27868	80005d4c	00b6f4b3	and	x9,x13,x11	 x13:0x00000001 x11:0xd562ecd4  x9=0x00000000
     278715.000 ns	     27870	80005d50	02f0afb3	mulhsu	x31,x1,x15	  x1:0x00000000 x15:0x00000001 x31=0x00000000
     278755.000 ns	     27874	80005d54	10d37553	fmul.s	f10,f6,f13	  f6:0x00000000 f13:0x4fc001f3 f10=0x00000000
     278775.000 ns	     27876	80005d58	00e85f93	srli	x31,x16,0xe	 x16:0x00000000 x31=0x00000000
     278795.000 ns	     27878	80005d5c	203080d3	fsgnj.s	f1,f1,f3	  f1:0x0000003f  f3:0xcefff7e0  f1=0x8000003f
     278825.000 ns	     27881	80005d60	a1a5a253	feq.s	x4,f11,f26	 f11:0x4f7fffd7 f26:0x4f7fffd7  x4=0x00000001
     278845.000 ns	     27883	80005d64	f1a03d97	auipc	x27,0xf1a03	 x27=0x71a08d64
     278865.000 ns	     27885	80005d68	03b38db3	mul	x27,x7,x27	  x7:0x00000000 x27:0x80000004 x27=0x00000000
     278895.000 ns	     27888	80005d6c	a0cd0c53	fle.s	x24,f26,f12	 f26:0x4f7fffd7 f12:0x49020000 x24=0x00000000
     278915.000 ns	     27890	80005d70	0099cdb3	xor	x27,x19,x9	 x19:0x00000000  x9:0x00000000 x27=0x00000000
     278925.000 ns	     27891	80005d74	01ebe7b3	or	x15,x23,x30	 x23:0x00000000 x30:0x80000004 x15=0x80000004
     278935.000 ns	     27892	80005d78	8934ca93	xori	x21,x9,-1901	  x9:0x00000000 x21=0xfffff893
     278945.000 ns	     27893	80005d7c	01064233	xor	x4,x12,x16	 x12:0x00000000 x16:0x00000000  x4=0x00000000
     278955.000 ns	     27894	80005d80	0044e2b3	or	x5,x9,x4	  x9:0x00000000  x4:0x00000001  x5=0x00000000
     278965.000 ns	     27895	80005d84	60b60393	addi	x7,x12,1547	 x12:0x00000000  x7=0x0000060b
     278985.000 ns	     27897	80005d88	03c86ab3	rem	x21,x16,x28	 x16:0x00000000 x28:0x00000000 x21=0x00000000
     279005.000 ns	     27899	80005d8c	40cc52b3	sra	x5,x24,x12	 x24:0x00000000 x12:0x00000000  x5=0x00000000
     279015.000 ns	     27900	80005d90	4176d233	sra	x4,x13,x23	 x13:0x00000001 x23:0x00000000  x4=0x00000001
     279025.000 ns	     27901	80005d94	00eab033	sltu	x0,x21,x14	 x21:0x00000000 x14:0xfffffeb5
     279045.000 ns	     27903	80005d98	f00900d3	fmv.w.x	f1,x18	 x18:0x80041024  f1=0x80041024
     279085.000 ns	     27907	80005d9c	1155aad3	fmul.s	f21,f11,f21	 f11:0x4f7fffd7 f21:0x00000000 f21=0x00000000
     279105.000 ns	     27909	80005da0	017c9713	slli	x14,x25,0x17	 x25:0x00000000 x14=0x00000000
     279115.000 ns	     27910	80005da4	49b56717	auipc	x14,0x49b56	 x14=0xc9b5bda4
     279135.000 ns	     27912	80005da8	020713b3	mulh	x7,x14,x0	 x14:0xfffffeb5  x0:0x00000000  x7=0x00000000
     279165.000 ns	     27915	80005dac	a1f012d3	flt.s	x5,f0,f31	  f0:0x00000000 f31:0x4f7fffd7  x5=0x00000001
     279195.000 ns	     27918	80005db0	29fa9f53	fmax.s	f30,f21,f31	 f21:0x00000000 f31:0x4f7fffd7 f30=0x4f7fffd7
     279225.000 ns	     27921	80005db4	0241b1b3	mulhu	x3,x3,x4	  x3:0x00000000  x4:0x00000001  x3=0x00000000
     279245.000 ns	     27923	80005db8	ef746713	ori	x14,x8,-265	  x8:0x00000000 x14=0xfffffef7
     279255.000 ns	     27924	80005dbc	006a2fb3	slt	x31,x20,x6	 x20:0xa202344a  x6:0xfffffeb5 x31=0x00000001
     279265.000 ns	     27925	80005dc0	005dff33	and	x30,x27,x5	 x27:0x00000000  x5:0x00000001 x30=0x00000000
     279275.000 ns	     27926	80005dc4	043f6b13	ori	x22,x30,67	 x30:0x80000004 x22=0x00000043
     279295.000 ns	     27928	80005dc8	0243b1b3	mulhu	x3,x7,x4	  x7:0x00000000  x4:0x00000001  x3=0x00000000
     279315.000 ns	     27930	80005dcc	0076db93	srli	x23,x13,0x7	 x13:0x00000001 x23=0x00000000
     279325.000 ns	     27931	80005dd0	01e71033	sll	x0,x14,x30	 x14:0xfffffef7 x30:0x00000000
     279335.000 ns	     27932	80005dd4	3247a613	slti	x12,x15,804	 x15:0x80000004 x12=0x00000001
     279345.000 ns	     27933	80005dd8	0930b3b7	lui	x7,0x930b	  x7=0x0930b000
     279365.000 ns	     27935	80005ddc	20e19153	fsgnjn.s	f2,f3,f14	  f3:0xcefff7e0 f14:0x7fc00000  f2=0xcefff7e0
     279385.000 ns	     27937	80005de0	f9e1c893	xori	x17,x3,-98	  x3:0x00000000 x17=0xffffff9e
     279405.000 ns	     27939	80005de4	c0040253	fcvt.w.s	x4,f8	  f8:0x5f40080c  x4=0x7fffffff
     279425.000 ns	     27941	80005de8	7afc3393	sltiu	x7,x24,1967	 x24:0x00000000  x7=0x00000001
     279435.000 ns	     27942	80005dec	01471c13	slli	x24,x14,0x14	 x14:0xfffffef7 x24=0xef700000
     279455.000 ns	     27944	80005df0	03c4c9b3	div	x19,x9,x28	  x9:0x00000000 x28:0x00000000 x19=0xffffffff
     279485.000 ns	     27947	80005df4	29908c53	fmin.s	f24,f1,f25	  f1:0x80041024 f25:0xcfc001f3 f24=0xcfc001f3
     279505.000 ns	     27949	80005df8	01f5eab3	or	x21,x11,x31	 x11:0xd562ecd4 x31:0x00000001 x21=0xd562ecd5
     279525.000 ns	     27951	80005dfc	d0027853	fcvt.s.w	f16,x4	  x4:0x7fffffff f16=0x4effffff
     279575.000 ns	     27956	80005e00	01ea7553	fadd.s	f10,f20,f30	 f20:0x4f000410 f30:0x4f7fffd7 f10=0x4fc001f3
     279605.000 ns	     27959	80005e04	29450d53	fmin.s	f26,f10,f20	 f10:0x00000000 f20:0x4f000410 f26=0x4f000410
     279635.000 ns	     27962	80005e08	d00002d3	fcvt.s.w	f5,x0	  x0:0x00000000  f5=0x00000000
     279975.000 ns	     27996	80005e0c	19a4ff53	fdiv.s	f30,f9,f26	  f9:0xc69ffffc f26:0x4f000410 f30=0xb69ffffc
     279995.000 ns	     27998	80005e10	ef5d7f13	andi	x30,x26,-267	 x26:0x00000000 x30=0x00000000
     280005.000 ns	     27999	80005e14	00a2bcb3	sltu	x25,x5,x10	  x5:0x00000001 x10:0x80040fe4 x25=0x00000001
     280015.000 ns	     28000	80005e18	011d17b3	sll	x15,x26,x17	 x26:0x00000000 x17:0xffffff9e x15=0x00000000
     280025.000 ns	     28001	80005e1c	01d71293	slli	x5,x14,0x1d	 x14:0xfffffef7  x5=0xe0000000
     280045.000 ns	     28003	80005e20	e00b1f53	fclass.s	x30,f22	 f22:0x00000000 x30=0x00000010
     281225.000 ns	     28121	80005e24	580e7753	fsqrt.s	f14,f28	 f28:0x4fc001f3 f14=0x479cc536
     281255.000 ns	     28124	80005e28	d00df1d3	fcvt.s.w	f3,x27	 x27:0x00000000  f3=0x00000000
     281295.000 ns	     28128	80005e2c	1942f053	fdiv.s	f0,f5,f20	  f5:0x00000000 f20:0x4f000410  f0=0x00000000
     281315.000 ns	     28130	80005e30	9bcfab13	slti	x22,x31,-1604	 x31:0x00000001 x22=0x00000000
     281325.000 ns	     28131	80005e34	0162ffb3	and	x31,x5,x22	  x5:0xe0000000 x22:0x00000043 x31=0x00000000
     281335.000 ns	     28132	80005e38	00f78233	add	x4,x15,x15	 x15:0x00000000 x15:0x00000000  x4=0x00000000
     281665.000 ns	     28165	80005e3c	19b0a9d3	fdiv.s	f19,f1,f27	  f1:0x80041024 f27:0x4fc001f3 f19=0x80000000
     281685.000 ns	     28167	80005e40	c93bab13	slti	x22,x23,-877	 x23:0x00000000 x22=0x00000000
     281705.000 ns	     28169	80005e44	c000f8d3	fcvt.w.s	x17,f1	  f1:0x80041024 x17=0x00000000
     281735.000 ns	     28172	80005e48	c00aa653	fcvt.w.s	x12,f21	 f21:0x00000000 x12=0x00000000
     281765.000 ns	     28175	80005e4c	203a96d3	fsgnjn.s	f13,f21,f3	 f21:0x00000000  f3:0x00000000 f13=0x80000000
     281785.000 ns	     28177	80005e50	015c1993	slli	x19,x24,0x15	 x24:0xef700000 x19=0x00000000
     281795.000 ns	     28178	80005e54	01d4fcb3	and	x25,x9,x29	  x9:0x00000000 x29:0x80040f4c x25=0x00000000
     281815.000 ns	     28180	80005e58	d00b7dd3	fcvt.s.w	f27,x22	 x22:0x00000000 f27=0x00000000
     281835.000 ns	     28182	80005e5c	00b31493	slli	x9,x6,0xb	  x6:0xfffffeb5  x9=0xfff5a800
     281855.000 ns	     28184	80005e60	c00d7053	fcvt.w.s	x0,f26	 f26:0x4f000410
     281875.000 ns	     28186	80005e64	010407b3	add	x15,x8,x16	  x8:0x00000000 x16:0x00000000 x15=0x00000000
     281885.000 ns	     28187	80005e68	2d81a017	auipc	x0,0x2d81a	
     281905.000 ns	     28189	80005e6c	e00c0153	fmv.x.w	x2,f24	 f24:0xcfc001f3  x2=0xcfc001f3
     281935.000 ns	     28192	80005e70	28eb0753	fmin.s	f14,f22,f14	 f22:0x00000000 f14:0x479cc536 f14=0x00000000
     281985.000 ns	     28197	80005e74	089949d3	fsub.s	f19,f18,f9	 f18:0xbf800000  f9:0xc69ffffc f19=0x469ffdfc
     282015.000 ns	     28200	80005e78	d01f7853	fcvt.s.wu	f16,x30	 x30:0x00000010 f16=0x41800000
     282045.000 ns	     28203	80005e7c	29b68853	fmin.s	f16,f13,f27	 f13:0x80000000 f27:0x00000000 f16=0x80000000
     282075.000 ns	     28206	80005e80	020153b3	divu	x7,x2,x0	  x2:0xcfc001f3  x0:0x00000000  x7=0xffffffff
     282095.000 ns	     28208	80005e84	01b66fb3	or	x31,x12,x27	 x12:0x00000000 x27:0x00000000 x31=0x00000000
     282105.000 ns	     28209	80005e88	012ab3b3	sltu	x7,x21,x18	 x21:0xd562ecd5 x18:0x80041024  x7=0x00000000
     282115.000 ns	     28210	80005e8c	41808133	sub	x2,x1,x24	  x1:0x00000000 x24:0xef700000  x2=0x10900000
     282155.000 ns	     28214	80005e90	09bd2253	fsub.s	f4,f26,f27	 f26:0x4f000410 f27:0x00000000  f4=0x4f000410
     282185.000 ns	     28217	80005e94	a0c907d3	fle.s	x15,f18,f12	 f18:0xbf800000 f12:0x49020000 x15=0x00000001
     282215.000 ns	     28220	80005e98	210320d3	fsgnjx.s	f1,f6,f16	  f6:0x00000000 f16:0x80000000  f1=0x80000000
     282235.000 ns	     28222	80005e9c	00f73c33	sltu	x24,x14,x15	 x14:0xfffffef7 x15:0x00000001 x24=0x00000000
     282245.000 ns	     28223	80005ea0	00c21813	slli	x16,x4,0xc	  x4:0x00000000 x16=0x00000000
     282255.000 ns	     28224	80005ea4	014b1e33	sll	x28,x22,x20	 x22:0x00000000 x20:0xa202344a x28=0x00000000
     282295.000 ns	     28228	80005ea8	01134c53	fadd.s	f24,f6,f17	  f6:0x00000000 f17:0x4f000410 f24=0x4f000410
     282315.000 ns	     28230	80005eac	004421b3	slt	x3,x8,x4	  x8:0x00000000  x4:0x00000000  x3=0x00000000
     282335.000 ns	     28232	80005eb0	a0d392d3	flt.s	x5,f7,f13	  f7:0x4fc001f3 f13:0x80000000  x5=0x00000000
     282355.000 ns	     28234	80005eb4	69be2893	slti	x17,x28,1691	 x28:0x00000000 x17=0x00000001
     282365.000 ns	     28235	80005eb8	00e512b3	sll	x5,x10,x14	 x10:0x80040fe4 x14:0xfffffef7  x5=0xf2000000
     282375.000 ns	     28236	80005ebc	01517bb3	and	x23,x2,x21	  x2:0x10900000 x21:0xd562ecd5 x23=0x10000000
     282385.000 ns	     28237	80005ec0	c1c9fc13	andi	x24,x19,-996	 x19:0x00000000 x24=0x00000000
     282395.000 ns	     28238	80005ec4	00c1d793	srli	x15,x3,0xc	  x3:0x00000000 x15=0x00000000
     282405.000 ns	     28239	80005ec8	0144c5b3	xor	x11,x9,x20	  x9:0xfff5a800 x20:0xa202344a x11=0x5df79c4a
     282415.000 ns	     28240	80005ecc	00000013	addi	x0,x0,0	  x0:0x00000000
     282425.000 ns	     28241	80005ed0	006c1433	sll	x8,x24,x6	 x24:0x00000000  x6:0xfffffeb5  x8=0x00000000
     282445.000 ns	     28243	80005ed4	e00810d3	fclass.s	x1,f16	 f16:0x80000000  x1=0x00000008
     282475.000 ns	     28246	80005ed8	f00409d3	fmv.w.x	f19,x8	  x8:0x00000000 f19=0x00000000
     282495.000 ns	     28248	80005edc	01e18bb3	add	x23,x3,x30	  x3:0x00000000 x30:0x00000010 x23=0x00000010
     282515.000 ns	     28250	80005ee0	a0db0753	fle.s	x14,f22,f13	 f22:0x00000000 f13:0x80000000 x14=0x00000001
     282535.000 ns	     28252	80005ee4	ecbdf613	andi	x12,x27,-309	 x27:0x00000000 x12=0x00000000
     282545.000 ns	     28253	80005ee8	400d57b3	sra	x15,x26,x0	 x26:0x00000000  x0:0x00000000 x15=0x00000000
     282575.000 ns	     28256	80005eec	58073553	fsqrt.s	f10,f14	 f14:0x00000000 f10=0x00000000
     282595.000 ns	     28258	80005ef0	00d78c33	add	x24,x15,x13	 x15:0x00000000 x13:0x00000001 x24=0x00000001
     282615.000 ns	     28260	80005ef4	0243b0b3	mulhu	x1,x7,x4	  x7:0x00000000  x4:0x00000000  x1=0x00000000
     282635.000 ns	     28262	80005ef8	27c27f93	andi	x31,x4,636	  x4:0x00000000 x31=0x00000000
     282655.000 ns	     28264	80005efc	2051afd3	fsgnjx.s	f31,f3,f5	  f3:0x00000000  f5:0x00000000 f31=0x00000000
     282685.000 ns	     28267	80005f00	03d63eb3	mulhu	x29,x12,x29	 x12:0x00000000 x29:0x80040f4c x29=0x00000000
     282705.000 ns	     28269	80005f04	40d6db33	sra	x22,x13,x13	 x13:0x00000001 x13:0x00000001 x22=0x00000000
     283065.000 ns	     28305	80005f08	02da57b3	divu	x15,x20,x13	 x20:0xa202344a x13:0x00000001 x15=0xa202344a
     283095.000 ns	     28308	80005f0c	a1d900d3	fle.s	x1,f18,f29	 f18:0xbf800000 f29:0x4f000410  x1=0x00000001
     283115.000 ns	     28310	80005f10	8c2b0117	auipc	x2,0x8c2b0	  x2=0x0c2b5f10
     283135.000 ns	     28312	80005f14	f0098d53	fmv.w.x	f26,x19	 x19:0x00000000 f26=0x00000000
     283185.000 ns	     28317	80005f18	09e49253	fsub.s	f4,f9,f30	  f9:0xc69ffffc f30:0xb69ffffc  f4=0xc69ffffb
     283205.000 ns	     28319	80005f1c	411e5f13	srai	x30,x28,0x11	 x28:0x00000000 x30=0x00000000
     283215.000 ns	     28320	80005f20	04922d93	slti	x27,x4,73	  x4:0x00000000 x27=0x00000001
     283225.000 ns	     28321	80005f24	01699133	sll	x2,x19,x22	 x19:0x00000000 x22:0x00000000  x2=0x00000000
     283245.000 ns	     28323	80005f28	d01526d3	fcvt.s.wu	f13,x10	 x10:0x80040fe4 f13=0x4f000410
     283275.000 ns	     28326	80005f2c	a0f01bd3	flt.s	x23,f0,f15	  f0:0x00000000 f15:0x479cc536 x23=0x00000001
     283305.000 ns	     28329	80005f30	03398233	mul	x4,x19,x19	 x19:0x00000000 x19:0x00000000  x4=0x00000000
     283335.000 ns	     28332	80005f34	28cf0353	fmin.s	f6,f30,f12	 f30:0xb69ffffc f12:0x49020000  f6=0xb69ffffc
     284515.000 ns	     28450	80005f38	58044553	fsqrt.s	f10,f8	  f8:0x5f40080c f10=0x4f07c95b
     284535.000 ns	     28452	80005f3c	8b49f993	andi	x19,x19,-1868	 x19:0x00000000 x19=0x00000000
     284555.000 ns	     28454	80005f40	f0060553	fmv.w.x	f10,x12	 x12:0x00000000 f10=0x00000000
     284585.000 ns	     28457	80005f44	28cd0cd3	fmin.s	f25,f26,f12	 f26:0x00000000 f12:0x49020000 f25=0x00000000
     284605.000 ns	     28459	80005f48	410dd7b3	sra	x15,x27,x16	 x27:0x00000001 x16:0x00000000 x15=0x00000001
     284625.000 ns	     28461	80005f4c	03ec6333	rem	x6,x24,x30	 x24:0x00000001 x30:0x00000000  x6=0x00000001
     284655.000 ns	     28464	80005f50	02ce4f33	div	x30,x28,x12	 x28:0x00000000 x12:0x00000000 x30=0xffffffff
     284685.000 ns	     28467	80005f54	e00300d3	fmv.x.w	x1,f6	  f6:0xb69ffffc  x1=0xb69ffffc
     284715.000 ns	     28470	80005f58	0203b5b3	mulhu	x11,x7,x0	  x7:0x00000000  x0:0x00000000 x11=0x00000000
     284745.000 ns	     28473	80005f5c	033d8433	mul	x8,x27,x19	 x27:0x00000001 x19:0x00000000  x8=0x00000000
     284765.000 ns	     28475	80005f60	79b63813	sltiu	x16,x12,1947	 x12:0x00000000 x16=0x00000001
     284785.000 ns	     28477	80005f64	20008453	fsgnj.s	f8,f1,f0	  f1:0x80000000  f0:0x00000000  f8=0x00000000
     284815.000 ns	     28480	80005f68	d00ff3d3	fcvt.s.w	f7,x31	 x31:0x00000000  f7=0x00000000
     284845.000 ns	     28483	80005f6c	f00a04d3	fmv.w.x	f9,x20	 x20:0xa202344a  f9=0xa202344a
     284865.000 ns	     28485	80005f70	01d07eb3	and	x29,x0,x29	  x0:0x00000000 x29:0x00000000 x29=0x00000000
     284875.000 ns	     28486	80005f74	016d5413	srli	x8,x26,0x16	 x26:0x00000000  x8=0x00000000
     284895.000 ns	     28488	80005f78	d00f1153	fcvt.s.w	f2,x30	 x30:0xffffffff  f2=0xbf800000
     284915.000 ns	     28490	80005f7c	0069a233	slt	x4,x19,x6	 x19:0x00000000  x6:0x00000001  x4=0x00000001
     284945.000 ns	     28493	80005f80	1963c353	fdiv.s	f6,f7,f22	  f7:0x00000000 f22:0x00000000  f6=0x7fc00000
     284975.000 ns	     28496	80005f84	286c9453	fmax.s	f8,f25,f6	 f25:0x00000000  f6:0xb69ffffc  f8=0x00000000
     285005.000 ns	     28499	80005f88	20b91553	fsgnjn.s	f10,f18,f11	 f18:0xbf800000 f11:0x4f7fffd7 f10=0xbf800000
     285035.000 ns	     28502	80005f8c	02b55233	divu	x4,x10,x11	 x10:0x80040fe4 x11:0x00000000  x4=0xffffffff
     285075.000 ns	     28506	80005f90	19a8b2d3	fdiv.s	f5,f17,f26	 f17:0x4f000410 f26:0x00000000  f5=0x7f800000
     285125.000 ns	     28511	80005f94	08c10bd3	fsub.s	f23,f2,f12	  f2:0xbf800000 f12:0x49020000 f23=0xc9020010
     285495.000 ns	     28548	80005f98	02a36fb3	rem	x31,x6,x10	  x6:0x00000001 x10:0x80040fe4 x31=0x00000001
     285515.000 ns	     28550	80005f9c	01175d33	srl	x26,x14,x17	 x14:0x00000001 x17:0x00000001 x26=0x00000000
     285525.000 ns	     28551	80005fa0	41c98733	sub	x14,x19,x28	 x19:0x00000000 x28:0x00000000 x14=0x00000000
     285535.000 ns	     28552	80005fa4	0105ab33	slt	x22,x11,x16	 x11:0x00000000 x16:0x00000001 x22=0x00000001
     285565.000 ns	     28555	80005fa8	18902b53	fdiv.s	f22,f0,f9	  f0:0x00000000  f9:0xa202344a f22=0x80000000
     285615.000 ns	     28560	80005fac	01f276d3	fadd.s	f13,f4,f31	  f4:0xc69ffffb f31:0x00000000 f13=0xc69ffffb
     285635.000 ns	     28562	80005fb0	40625613	srai	x12,x4,0x6	  x4:0xffffffff x12=0xffffffff
     285665.000 ns	     28565	80005fb4	580b7853	fsqrt.s	f16,f22	 f22:0x80000000 f16=0x80000000
     285685.000 ns	     28567	80005fb8	01a98db3	add	x27,x19,x26	 x19:0x00000000 x26:0x00000000 x27=0x00000000
     285695.000 ns	     28568	80005fbc	0121f0b3	and	x1,x3,x18	  x3:0x00000000 x18:0x80041024  x1=0x00000000
     285715.000 ns	     28570	80005fc0	e00d0453	fmv.x.w	x8,f26	 f26:0x00000000  x8=0x00000000
     285745.000 ns	     28573	80005fc4	c01ff7d3	fcvt.wu.s	x15,f31	 f31:0x00000000 x15=0x00000000
     285775.000 ns	     28576	80005fc8	e00188d3	fmv.x.w	x17,f3	  f3:0x00000000 x17=0x00000000
     285825.000 ns	     28581	80005fcc	008b7653	fadd.s	f12,f22,f8	 f22:0x80000000  f8:0x00000000 f12=0x00000000
     286195.000 ns	     28618	80005fd0	02d760b3	rem	x1,x14,x13	 x14:0x00000000 x13:0x00000001  x1=0x00000000
     286215.000 ns	     28620	80005fd4	019a84b3	add	x9,x21,x25	 x21:0xd562ecd5 x25:0x00000000  x9=0xd562ecd5
     286245.000 ns	     28623	80005fd8	181ac653	fdiv.s	f12,f21,f1	 f21:0x00000000  f1:0x80000000 f12=0x7fc00000
     286275.000 ns	     28626	80005fdc	03c807b3	mul	x15,x16,x28	 x16:0x00000001 x28:0x00000000 x15=0x00000000
     286305.000 ns	     28629	80005fe0	02fe1eb3	mulh	x29,x28,x15	 x28:0x00000000 x15:0x00000000 x29=0x00000000
     286325.000 ns	     28631	80005fe4	bdb7a093	slti	x1,x15,-1061	 x15:0x00000000  x1=0x00000000
     286345.000 ns	     28633	80005fe8	c0179fd3	fcvt.wu.s	x31,f15	 f15:0x479cc536 x31=0x0001398a
     286375.000 ns	     28636	80005fec	21c298d3	fsgnjn.s	f17,f5,f28	  f5:0x7f800000 f28:0x4fc001f3 f17=0xff800000
     286425.000 ns	     28641	80005ff0	001eb4d3	fadd.s	f9,f29,f1	 f29:0x4f000410  f1:0x80000000  f9=0x4f000410
     286465.000 ns	     28645	80005ff4	11ca3353	fmul.s	f6,f20,f28	 f20:0x4f000410 f28:0x4fc001f3  f6=0x5f40080c
     286485.000 ns	     28647	80005ff8	4d58a213	slti	x4,x17,1237	 x17:0x00000000  x4=0x00000001
     286495.000 ns	     28648	80005ffc	40550633	sub	x12,x10,x5	 x10:0x80040fe4  x5:0xf2000000 x12=0x8e040fe4
     286505.000 ns	     28649	80006000	01a3b0b3	sltu	x1,x7,x26	  x7:0x00000000 x26:0x00000000  x1=0x00000000
     286515.000 ns	     28650	80006004	00985f93	srli	x31,x16,0x9	 x16:0x00000001 x31=0x00000000
     286525.000 ns	     28651	80006008	6301b093	sltiu	x1,x3,1584	  x3:0x00000000  x1=0x00000001
     286535.000 ns	     28652	8000600c	01443ab3	sltu	x21,x8,x20	  x8:0x00000000 x20:0xa202344a x21=0x00000001
     286545.000 ns	     28653	80006010	012440b3	xor	x1,x8,x18	  x8:0x00000000 x18:0x80041024  x1=0x80041024
     286565.000 ns	     28655	80006014	d00f4953	fcvt.s.w	f18,x30	 x30:0xffffffff f18=0xbf800000
     286595.000 ns	     28658	80006018	e00f14d3	fclass.s	x9,f30	 f30:0xb69ffffc  x9=0x00000002
     286625.000 ns	     28661	8000601c	e00918d3	fclass.s	x17,f18	 f18:0xbf800000 x17=0x00000002
     286655.000 ns	     28664	80006020	d00a8dd3	fcvt.s.w	f27,x21	 x21:0x00000001 f27=0x3f800000
     286685.000 ns	     28667	80006024	a0dd15d3	flt.s	x11,f26,f13	 f26:0x00000000 f13:0xc69ffffb x11=0x00000000
     286705.000 ns	     28669	80006028	7ef40613	addi	x12,x8,2031	  x8:0x00000000 x12=0x000007ef
     286725.000 ns	     28671	8000602c	d0032653	fcvt.s.w	f12,x6	  x6:0x00000001 f12=0x3f800000
     286755.000 ns	     28674	80006030	d00d7c53	fcvt.s.w	f24,x26	 x26:0x00000000 f24=0x00000000
     286785.000 ns	     28677	80006034	03f189b3	mul	x19,x3,x31	  x3:0x00000000 x31:0x00000000 x19=0x00000000
     286815.000 ns	     28680	80006038	20cd0fd3	fsgnj.s	f31,f26,f12	 f26:0x00000000 f12:0x3f800000 f31=0x00000000
     286845.000 ns	     28683	8000603c	03609d33	mulh	x26,x1,x22	  x1:0x80041024 x22:0x00000001 x26=0xffffffff
     286865.000 ns	     28685	80006040	4000d9b3	sra	x19,x1,x0	  x1:0x80041024  x0:0x00000000 x19=0x80041024
     286875.000 ns	     28686	80006044	2829cb13	xori	x22,x19,642	 x19:0x00000000 x22=0x800412a6
     286895.000 ns	     28688	80006048	f00e8a53	fmv.w.x	f20,x29	 x29:0x00000000 f20=0x00000000
     286925.000 ns	     28691	8000604c	c01ef653	fcvt.wu.s	x12,f29	 f29:0x4f000410 x12=0x80041000
     286955.000 ns	     28694	80006050	20a4a4d3	fsgnjx.s	f9,f9,f10	  f9:0x4f000410 f10:0xbf800000  f9=0xcf000410
     286975.000 ns	     28696	80006054	008c2d33	slt	x26,x24,x8	 x24:0x00000001  x8:0x00000000 x26=0x00000000
     286985.000 ns	     28697	80006058	7f302093	slti	x1,x0,2035	  x0:0x00000000  x1=0x00000001
     286995.000 ns	     28698	8000605c	b1e20713	addi	x14,x4,-1250	  x4:0x00000001 x14=0xfffffb1f
     287015.000 ns	     28700	80006060	f0090e53	fmv.w.x	f28,x18	 x18:0x80041024 f28=0x80041024
     287055.000 ns	     28704	80006064	580040d3	fsqrt.s	f1,f0	  f0:0x00000000  f1=0x00000000
     287075.000 ns	     28706	80006068	4aa638b7	lui	x17,0x4aa63	 x17=0x4aa63000
     287095.000 ns	     28708	8000606c	d011f6d3	fcvt.s.wu	f13,x3	  x3:0x00000000 f13=0x00000000
     287115.000 ns	     28710	80006070	9793b413	sltiu	x8,x7,-1671	  x7:0x00000000  x8=0x00000001
     287135.000 ns	     28712	80006074	a09793d3	flt.s	x7,f15,f9	 f15:0x479cc536  f9:0xcf000410  x7=0x00000000
     287165.000 ns	     28715	80006078	20df80d3	fsgnj.s	f1,f31,f13	 f31:0x00000000 f13:0x00000000  f1=0x00000000
     287185.000 ns	     28717	8000607c	01d004b3	add	x9,x0,x29	  x0:0x00000000 x29:0x00000000  x9=0x00000000
     287545.000 ns	     28753	80006080	032bebb3	rem	x23,x23,x18	 x23:0x00000001 x18:0x80041024 x23=0x00000001
     287575.000 ns	     28756	80006084	212d2853	fsgnjx.s	f16,f26,f18	 f26:0x00000000 f18:0xbf800000 f16=0x80000000
     287595.000 ns	     28758	80006088	00ec0133	add	x2,x24,x14	 x24:0x00000001 x14:0xfffffb1f  x2=0xfffffb20
     287605.000 ns	     28759	8000608c	004320b3	slt	x1,x6,x4	  x6:0x00000001  x4:0x00000001  x1=0x00000000
     287625.000 ns	     28761	80006090	201a94d3	fsgnjn.s	f9,f21,f1	 f21:0x00000000  f1:0x00000000  f9=0x80000000
     287655.000 ns	     28764	80006094	20d096d3	fsgnjn.s	f13,f1,f13	  f1:0x00000000 f13:0x00000000 f13=0x80000000
     287685.000 ns	     28767	80006098	02810633	mul	x12,x2,x8	  x2:0xfffffb20  x8:0x00000001 x12=0xfffffb20
     287705.000 ns	     28769	8000609c	006e55b3	srl	x11,x28,x6	 x28:0x00000000  x6:0x00000001 x11=0x00000000
     287725.000 ns	     28771	800060a0	d01238d3	fcvt.s.wu	f17,x4	  x4:0x00000001 f17=0x3f800000
     287745.000 ns	     28773	800060a4	00ad12b3	sll	x5,x26,x10	 x26:0x00000000 x10:0x80040fe4  x5=0x00000000
     287775.000 ns	     28776	800060a8	11e9c153	fmul.s	f2,f19,f30	 f19:0x00000000 f30:0xb69ffffc  f2=0x80000000
     287795.000 ns	     28778	800060ac	01bec033	xor	x0,x29,x27	 x29:0x00000000 x27:0x00000000
     287815.000 ns	     28780	800060b0	0396b8b3	mulhu	x17,x13,x25	 x13:0x00000001 x25:0x00000000 x17=0x00000000
     287835.000 ns	     28782	800060b4	404500b3	sub	x1,x10,x4	 x10:0x80040fe4  x4:0x00000001  x1=0x80040fe3
     287845.000 ns	     28783	800060b8	c3720e13	addi	x28,x4,-969	  x4:0x00000001 x28=0xfffffc38
     287865.000 ns	     28785	800060bc	e00719d3	fclass.s	x19,f14	 f14:0x00000000 x19=0x00000010
     287895.000 ns	     28788	800060c0	e00d88d3	fmv.x.w	x17,f27	 f27:0x3f800000 x17=0x3f800000
     287925.000 ns	     28791	800060c4	02d197b3	mulh	x15,x3,x13	  x3:0x00000000 x13:0x00000001 x15=0x00000000
     287955.000 ns	     28794	800060c8	297d1bd3	fmax.s	f23,f26,f23	 f26:0x00000000 f23:0xc9020010 f23=0x00000000
     287985.000 ns	     28797	800060cc	03b6d233	divu	x4,x13,x27	 x13:0x00000001 x27:0x00000000  x4=0xffffffff
     288015.000 ns	     28800	800060d0	e00285d3	fmv.x.w	x11,f5	  f5:0x7f800000 x11=0x7f800000
     288035.000 ns	     28802	800060d4	b953feb7	lui	x29,0xb953f	 x29=0xb953f000
     288045.000 ns	     28803	800060d8	40c08db3	sub	x27,x1,x12	  x1:0x80040fe3 x12:0xfffffb20 x27=0x800414c3
     288055.000 ns	     28804	800060dc	249e4093	xori	x1,x28,585	 x28:0xfffffc38  x1=0xfffffe71
     288085.000 ns	     28807	800060e0	1023fa53	fmul.s	f20,f7,f2	  f7:0x00000000  f2:0x80000000 f20=0x80000000
     288115.000 ns	     28810	800060e4	a08f07d3	fle.s	x15,f30,f8	 f30:0xb69ffffc  f8:0x00000000 x15=0x00000001
     288135.000 ns	     28812	800060e8	76de0f13	addi	x30,x28,1901	 x28:0xfffffc38 x30=0x000003a5
     288155.000 ns	     28814	800060ec	f00b0753	fmv.w.x	f14,x22	 x22:0x800412a6 f14=0x800412a6
     288525.000 ns	     28851	800060f0	031c6133	rem	x2,x24,x17	 x24:0x00000001 x17:0x3f800000  x2=0x00000001
     288555.000 ns	     28854	800060f4	c016f6d3	fcvt.wu.s	x13,f13	 f13:0x80000000 x13=0x00000000
     288575.000 ns	     28856	800060f8	4070d893	srai	x17,x1,0x7	  x1:0xfffffe71 x17=0xfffffffc
     288935.000 ns	     28892	800060fc	024ad6b3	divu	x13,x21,x4	 x21:0x00000001  x4:0xffffffff x13=0x00000000
     288965.000 ns	     28895	80006100	a06a0653	fle.s	x12,f20,f6	 f20:0x80000000  f6:0x5f40080c x12=0x00000001
     288985.000 ns	     28897	80006104	00251493	slli	x9,x10,0x2	 x10:0x80040fe4  x9=0x00103f90
     288995.000 ns	     28898	80006108	00000013	addi	x0,x0,0	  x0:0x00000000
     289015.000 ns	     28900	8000610c	03a34833	div	x16,x6,x26	  x6:0x00000001 x26:0x00000000 x16=0xffffffff
     289045.000 ns	     28903	80006110	a0392453	feq.s	x8,f18,f3	 f18:0xbf800000  f3:0x00000000  x8=0x00000000
     289075.000 ns	     28906	80006114	03712c33	mulhsu	x24,x2,x23	  x2:0x00000001 x23:0x00000001 x24=0x00000000
     289095.000 ns	     28908	80006118	01b9d8b3	srl	x17,x19,x27	 x19:0x00000010 x27:0x800414c3 x17=0x00000002
     289105.000 ns	     28909	8000611c	c94fbe93	sltiu	x29,x31,-876	 x31:0x00000000 x29=0x00000001
     289115.000 ns	     28910	80006120	7ebbfc93	andi	x25,x23,2027	 x23:0x00000001 x25=0x00000001
     289135.000 ns	     28912	80006124	d00812d3	fcvt.s.w	f5,x16	 x16:0xffffffff  f5=0xbf800000
     289155.000 ns	     28914	80006128	c87e8d17	auipc	x26,0xc87e8	 x26=0x487ee128
     289185.000 ns	     28917	8000612c	580d7a53	fsqrt.s	f20,f26	 f26:0x00000000 f20=0x00000000
     289205.000 ns	     28919	80006130	005ccbb3	xor	x23,x25,x5	 x25:0x00000001  x5:0x00000000 x23=0x00000001
     289215.000 ns	     28920	80006134	00000013	addi	x0,x0,0	  x0:0x00000000
     289225.000 ns	     28921	80006138	403859b3	sra	x19,x16,x3	 x16:0xffffffff  x3:0x00000000 x19=0xffffffff
     289235.000 ns	     28922	8000613c	010f5c33	srl	x24,x30,x16	 x30:0x000003a5 x16:0xffffffff x24=0x00000000
     289255.000 ns	     28924	80006140	20028453	fsgnj.s	f8,f5,f0	  f5:0xbf800000  f0:0x00000000  f8=0x3f800000
     289625.000 ns	     28961	80006144	034ad7b3	divu	x15,x21,x20	 x21:0x00000001 x20:0xa202344a x15=0x00000000
     289645.000 ns	     28963	80006148	00000013	addi	x0,x0,0	  x0:0x00000000
     289655.000 ns	     28964	8000614c	0bbb2213	slti	x4,x22,187	 x22:0x800412a6  x4=0x00000001
     289685.000 ns	     28967	80006150	1104ffd3	fmul.s	f31,f9,f16	  f9:0x80000000 f16:0x80000000 f31=0x00000000
     289715.000 ns	     28970	80006154	028f9433	mulh	x8,x31,x8	 x31:0x00000000  x8:0x00000000  x8=0x00000000
     289735.000 ns	     28972	80006158	300f0b93	addi	x23,x30,768	 x30:0x000003a5 x23=0x000006a5
     289745.000 ns	     28973	8000615c	011d2433	slt	x8,x26,x17	 x26:0x487ee128 x17:0x00000002  x8=0x00000000
     289775.000 ns	     28976	80006160	199b7e53	fdiv.s	f28,f22,f25	 f22:0x80000000 f25:0x00000000 f28=0x7fc00000
     290145.000 ns	     29013	80006164	021759b3	divu	x19,x14,x1	 x14:0xfffffb1f  x1:0xfffffe71 x19=0x00000000
     290175.000 ns	     29016	80006168	d01b8f53	fcvt.s.wu	f30,x23	 x23:0x000006a5 f30=0x44d4a000
     290205.000 ns	     29019	8000616c	d005ffd3	fcvt.s.w	f31,x11	 x11:0x7f800000 f31=0x4eff0000
     290235.000 ns	     29022	80006170	a00427d3	feq.s	x15,f8,f0	  f8:0x3f800000  f0:0x00000000 x15=0x00000000
     290605.000 ns	     29059	80006174	02c84cb3	div	x25,x16,x12	 x16:0xffffffff x12:0x00000001 x25=0xffffffff
     290625.000 ns	     29061	80006178	00b9abb3	slt	x23,x19,x11	 x19:0x00000000 x11:0x7f800000 x23=0x00000001
     290635.000 ns	     29062	8000617c	00788b33	add	x22,x17,x7	 x17:0x00000002  x7:0x00000000 x22=0x00000002
     290645.000 ns	     29063	80006180	8601cf93	xori	x31,x3,-1952	  x3:0x00000000 x31=0xfffff860
     290655.000 ns	     29064	80006184	01580233	add	x4,x16,x21	 x16:0xffffffff x21:0x00000001  x4=0x00000000
     290665.000 ns	     29065	80006188	000cfc33	and	x24,x25,x0	 x25:0xffffffff  x0:0x00000000 x24=0x00000000
     290685.000 ns	     29067	8000618c	e00083d3	fmv.x.w	x7,f1	  f1:0x00000000  x7=0x00000000
     290715.000 ns	     29070	80006190	20939a53	fsgnjn.s	f20,f7,f9	  f7:0x00000000  f9:0x80000000 f20=0x00000000
     290745.000 ns	     29073	80006194	d000c753	fcvt.s.w	f14,x1	  x1:0xfffffe71 f14=0xc3c78000
     290765.000 ns	     29075	80006198	5348f193	andi	x3,x17,1332	 x17:0x00000002  x3=0x00000000
     290785.000 ns	     29077	8000619c	f00a8c53	fmv.w.x	f24,x21	 x21:0x00000001 f24=0x00000001
     290815.000 ns	     29080	800061a0	21509153	fsgnjn.s	f2,f1,f21	  f1:0x00000000 f21:0x00000000  f2=0x80000000
     290845.000 ns	     29083	800061a4	a1f414d3	flt.s	x9,f8,f31	  f8:0x3f800000 f31:0x4eff0000  x9=0x00000001
     290865.000 ns	     29085	800061a8	00ef98b3	sll	x17,x31,x14	 x31:0xfffff860 x14:0xfffffb1f x17=0x00000000
     290885.000 ns	     29087	800061ac	028357b3	divu	x15,x6,x8	  x6:0x00000001  x8:0x00000000 x15=0xffffffff
     291255.000 ns	     29124	800061b0	026442b3	div	x5,x8,x6	  x8:0x00000000  x6:0x00000001  x5=0x00000000
     291275.000 ns	     29126	800061b4	82eb4293	xori	x5,x22,-2002	 x22:0x00000002  x5=0xfffff82c
     291315.000 ns	     29130	800061b8	01cafad3	fadd.s	f21,f21,f28	 f21:0x00000000 f28:0x7fc00000 f21=0x7fc00000
     291335.000 ns	     29132	800061bc	00943133	sltu	x2,x8,x9	  x8:0x00000000  x9:0x00000001  x2=0x00000001
     291345.000 ns	     29133	800061c0	f5817d13	andi	x26,x2,-168	  x2:0x00000001 x26=0x00000000
     291355.000 ns	     29134	800061c4	15867fb7	lui	x31,0x15867	 x31=0x15867000
     291365.000 ns	     29135	800061c8	016e7833	and	x16,x28,x22	 x28:0xfffffc38 x22:0x00000002 x16=0x00000000
     291385.000 ns	     29137	800061cc	c01b1b53	fcvt.wu.s	x22,f22	 f22:0x80000000 x22=0x00000000
     291405.000 ns	     29139	800061d0	40775e93	srai	x29,x14,0x7	 x14:0xfffffb1f x29=0xfffffff6
     291415.000 ns	     29140	800061d4	00000013	addi	x0,x0,0	  x0:0x00000000
     291435.000 ns	     29142	800061d8	03931733	mulh	x14,x6,x25	  x6:0x00000001 x25:0xffffffff x14=0xffffffff
     291455.000 ns	     29144	800061dc	1ad6c713	xori	x14,x13,429	 x13:0x00000000 x14=0x000001ad
     291465.000 ns	     29145	800061e0	010a9293	slli	x5,x21,0x10	 x21:0x00000001  x5=0x00010000
     291485.000 ns	     29147	800061e4	214706d3	fsgnj.s	f13,f14,f20	 f14:0xc3c78000 f20:0x00000000 f13=0x43c78000
     291505.000 ns	     29149	800061e8	0a7cc493	xori	x9,x25,167	 x25:0xffffffff  x9=0xffffff58
     291515.000 ns	     29150	800061ec	010fd8b3	srl	x17,x31,x16	 x31:0x15867000 x16:0x00000000 x17=0x15867000
     291525.000 ns	     29151	800061f0	003720b3	slt	x1,x14,x3	 x14:0x000001ad  x3:0x00000000  x1=0x00000000
     291535.000 ns	     29152	800061f4	00000013	addi	x0,x0,0	  x0:0x00000000
     291545.000 ns	     29153	800061f8	946ac993	xori	x19,x21,-1722	 x21:0x00000001 x19=0xfffff947
     291555.000 ns	     29154	800061fc	00d60633	add	x12,x12,x13	 x12:0x00000001 x13:0x00000000 x12=0x00000001
     291575.000 ns	     29156	80006200	20d29253	fsgnjn.s	f4,f5,f13	  f5:0xbf800000 f13:0x43c78000  f4=0xbf800000
     291605.000 ns	     29159	80006204	29bb17d3	fmax.s	f15,f22,f27	 f22:0x80000000 f27:0x3f800000 f15=0x3f800000
     291625.000 ns	     29161	80006208	00e9a2b3	slt	x5,x19,x14	 x19:0xfffff947 x14:0x000001ad  x5=0x00000001
     291645.000 ns	     29163	8000620c	c0147c53	fcvt.wu.s	x24,f8	  f8:0x3f800000 x24=0x00000001
     292015.000 ns	     29200	80006210	02f44bb3	div	x23,x8,x15	  x8:0x00000000 x15:0xffffffff x23=0x00000000
     292045.000 ns	     29203	80006214	f00d02d3	fmv.w.x	f5,x26	 x26:0x00000000  f5=0x00000000
     292095.000 ns	     29208	80006218	01cf05d3	fadd.s	f11,f30,f28	 f30:0x44d4a000 f28:0x7fc00000 f11=0x7fc00000
     292125.000 ns	     29211	8000621c	02a8bc33	mulhu	x24,x17,x10	 x17:0x15867000 x10:0x80040fe4 x24=0x0ac38f6f
     292145.000 ns	     29213	80006220	016547b3	xor	x15,x10,x22	 x10:0x80040fe4 x22:0x00000000 x15=0x80040fe4
     292175.000 ns	     29216	80006224	1932a253	fdiv.s	f4,f5,f19	  f5:0x00000000 f19:0x00000000  f4=0x7fc00000
     292225.000 ns	     29221	80006228	0821f653	fsub.s	f12,f3,f2	  f3:0x00000000  f2:0x80000000 f12=0x00000000
     292245.000 ns	     29223	8000622c	4113d5b3	sra	x11,x7,x17	  x7:0x00000000 x17:0x15867000 x11=0x00000000
     292255.000 ns	     29224	80006230	003e7eb3	and	x29,x28,x3	 x28:0xfffffc38  x3:0x00000000 x29=0x00000000
     292265.000 ns	     29225	80006234	006af6b3	and	x13,x21,x6	 x21:0x00000001  x6:0x00000001 x13=0x00000001
     292275.000 ns	     29226	80006238	019d2f33	slt	x30,x26,x25	 x26:0x00000000 x25:0xffffffff x30=0x00000000
     292295.000 ns	     29228	8000623c	a04797d3	flt.s	x15,f15,f4	 f15:0x3f800000  f4:0x7fc00000 x15=0x00000000
     292325.000 ns	     29231	80006240	020391b3	mulh	x3,x7,x0	  x7:0x00000000  x0:0x00000000  x3=0x00000000
     292355.000 ns	     29234	80006244	c01cf853	fcvt.wu.s	x16,f25	 f25:0x00000000 x16=0x00000000
     292385.000 ns	     29237	80006248	21d91153	fsgnjn.s	f2,f18,f29	 f18:0xbf800000 f29:0x4f000410  f2=0xbf800000
     292415.000 ns	     29240	8000624c	e00218d3	fclass.s	x17,f4	  f4:0x7fc00000 x17=0x00000200
     292785.000 ns	     29277	80006250	02ad6033	rem	x0,x26,x10	 x26:0x00000000 x10:0x80040fe4
     292805.000 ns	     29279	80006254	006abf33	sltu	x30,x21,x6	 x21:0x00000001  x6:0x00000001 x30=0x00000000
     292815.000 ns	     29280	80006258	00fa9db3	sll	x27,x21,x15	 x21:0x00000001 x15:0x00000000 x27=0x00000001
     292835.000 ns	     29282	8000625c	e0071753	fclass.s	x14,f14	 f14:0xc3c78000 x14=0x00000002
     292855.000 ns	     29284	80006260	85506b13	ori	x22,x0,-1963	  x0:0x00000000 x22=0xfffff855
     292865.000 ns	     29285	80006264	01a09033	sll	x0,x1,x26	  x1:0x00000000 x26:0x00000000
     292905.000 ns	     29289	80006268	018a4dd3	fadd.s	f27,f20,f24	 f20:0x00000000 f24:0x00000001 f27=0x00000001
     292935.000 ns	     29292	8000626c	020150b3	divu	x1,x2,x0	  x2:0x00000001  x0:0x00000000  x1=0xffffffff
     292955.000 ns	     29294	80006270	7f2d3c13	sltiu	x24,x26,2034	 x26:0x00000000 x24=0x00000001
     292965.000 ns	     29295	80006274	016b91b3	sll	x3,x23,x22	 x23:0x00000000 x22:0xfffff855  x3=0x00000000
     292975.000 ns	     29296	80006278	40e900b3	sub	x1,x18,x14	 x18:0x80041024 x14:0x00000002  x1=0x80041022
     292995.000 ns	     29298	8000627c	02722bb3	mulhsu	x23,x4,x7	  x4:0x00000000  x7:0x00000000 x23=0x00000000
     293015.000 ns	     29300	80006280	0140df33	srl	x30,x1,x20	  x1:0xffffffff x20:0xa202344a x30=0x00200104
     293045.000 ns	     29303	80006284	10ba70d3	fmul.s	f1,f20,f11	 f20:0x00000000 f11:0x7fc00000  f1=0x7fc00000
     293075.000 ns	     29306	80006288	a1e192d3	flt.s	x5,f3,f30	  f3:0x00000000 f30:0x44d4a000  x5=0x00000001
     293105.000 ns	     29309	8000628c	204e1753	fsgnjn.s	f14,f28,f4	 f28:0x7fc00000  f4:0x7fc00000 f14=0xffc00000
     293135.000 ns	     29312	80006290	03a5f7b3	remu	x15,x11,x26	 x11:0x00000000 x26:0x00000000 x15=0x00000000
     293165.000 ns	     29315	80006294	e00a9bd3	fclass.s	x23,f21	 f21:0x7fc00000 x23=0x00000200
     293195.000 ns	     29318	80006298	c00c7053	fcvt.w.s	x0,f24	 f24:0x00000001
     293225.000 ns	     29321	8000629c	03d5f6b3	remu	x13,x11,x29	 x11:0x00000000 x29:0x00000000 x13=0x00000000
     293255.000 ns	     29324	800062a0	f0068a53	fmv.w.x	f20,x13	 x13:0x00000001 f20=0x00000000
     293285.000 ns	     29327	800062a4	0363b433	mulhu	x8,x7,x22	  x7:0x00000000 x22:0xfffff855  x8=0x00000000
     293305.000 ns	     29329	800062a8	011e8c33	add	x24,x29,x17	 x29:0x00000000 x17:0x00000200 x24=0x00000200
     293325.000 ns	     29331	800062ac	c0084cd3	fcvt.w.s	x25,f16	 f16:0x80000000 x25=0x00000000
     293345.000 ns	     29333	800062b0	019d4233	xor	x4,x26,x25	 x26:0x00000000 x25:0xffffffff  x4=0x00000000
     293365.000 ns	     29335	800062b4	c014f2d3	fcvt.wu.s	x5,f9	  f9:0x80000000  x5=0x00000000
     293735.000 ns	     29372	800062b8	03b4dd33	divu	x26,x9,x27	  x9:0xffffff58 x27:0x00000001 x26=0xffffff58
     293755.000 ns	     29374	800062bc	01822433	slt	x8,x4,x24	  x4:0x00000000 x24:0x00000200  x8=0x00000001
     293775.000 ns	     29376	800062c0	f0068b53	fmv.w.x	f22,x13	 x13:0x00000000 f22=0x00000000
     293805.000 ns	     29379	800062c4	c0090b53	fcvt.w.s	x22,f18	 f18:0xbf800000 x22=0xffffffff
     293825.000 ns	     29381	800062c8	00f19eb3	sll	x29,x3,x15	  x3:0x00000000 x15:0x00000000 x29=0x00000000
     293845.000 ns	     29383	800062cc	20e3a5d3	fsgnjx.s	f11,f7,f14	  f7:0x00000000 f14:0xffc00000 f11=0x80000000
     293865.000 ns	     29385	800062d0	01481413	slli	x8,x16,0x14	 x16:0x00000000  x8=0x00000000
     293875.000 ns	     29386	800062d4	00a337b3	sltu	x15,x6,x10	  x6:0x00000001 x10:0x80040fe4 x15=0x00000001
     293885.000 ns	     29387	800062d8	00ef8cb3	add	x25,x31,x14	 x31:0x15867000 x14:0x00000002 x25=0x15867002
     293925.000 ns	     29391	800062dc	00b20e53	fadd.s	f28,f4,f11	  f4:0x7fc00000 f11:0x80000000 f28=0x7fc00000
     293945.000 ns	     29393	800062e0	4164d033	sra	x0,x9,x22	  x9:0xffffff58 x22:0xffffffff
     293965.000 ns	     29395	800062e4	d002c7d3	fcvt.s.w	f15,x5	  x5:0x00000000 f15=0x00000000
     294335.000 ns	     29432	800062e8	036fe633	rem	x12,x31,x22	 x31:0x15867000 x22:0xffffffff x12=0x00000000
     294355.000 ns	     29434	800062ec	012fc233	xor	x4,x31,x18	 x31:0x15867000 x18:0x80041024  x4=0x95826024
     294365.000 ns	     29435	800062f0	a26c4813	xori	x16,x24,-1498	 x24:0x00000200 x16=0xfffff826
     294375.000 ns	     29436	800062f4	00000013	addi	x0,x0,0	  x0:0x00000000
     294395.000 ns	     29438	800062f8	212f9553	fsgnjn.s	f10,f31,f18	 f31:0x4eff0000 f18:0xbf800000 f10=0x4eff0000
     294425.000 ns	     29441	800062fc	03e89bb3	mulh	x23,x17,x30	 x17:0x00000200 x30:0x00200104 x23=0x00000000
     294455.000 ns	     29444	80006300	03609ab3	mulh	x21,x1,x22	  x1:0x80041022 x22:0xffffffff x21=0x00000000
     294475.000 ns	     29446	80006304	9e70e193	ori	x3,x1,-1561	  x1:0x80041022  x3=0xfffff9e7
     294495.000 ns	     29448	80006308	20860cd3	fsgnj.s	f25,f12,f8	 f12:0x00000000  f8:0x3f800000 f25=0x00000000
     294865.000 ns	     29485	8000630c	02aa75b3	remu	x11,x20,x10	 x20:0xa202344a x10:0x80040fe4 x11=0x21fe2466
     294895.000 ns	     29488	80006310	213602d3	fsgnj.s	f5,f12,f19	 f12:0x00000000 f19:0x00000000  f5=0x00000000
     294925.000 ns	     29491	80006314	d018b553	fcvt.s.wu	f10,x17	 x17:0x00000200 f10=0x44000000
     294945.000 ns	     29493	80006318	bb9e5cb7	lui	x25,0xbb9e5	 x25=0xbb9e5000
     294955.000 ns	     29494	8000631c	00261fb3	sll	x31,x12,x2	 x12:0x00000000  x2:0x00000001 x31=0x00000000
     294975.000 ns	     29496	80006320	a0e52153	feq.s	x2,f10,f14	 f10:0x44000000 f14:0xffc00000  x2=0x00000000
     295005.000 ns	     29499	80006324	a0f59653	flt.s	x12,f11,f15	 f11:0x80000000 f15:0x00000000 x12=0x00000000
     295375.000 ns	     29536	80006328	02e1deb3	divu	x29,x3,x14	  x3:0xfffff9e7 x14:0x00000002 x29=0x7ffffcf3
     295405.000 ns	     29539	8000632c	20cb1e53	fsgnjn.s	f28,f22,f12	 f22:0x00000000 f12:0x00000000 f28=0x80000000
     295425.000 ns	     29541	80006330	5a1e3493	sltiu	x9,x28,1441	 x28:0xfffffc38  x9=0x00000000
     295435.000 ns	     29542	80006334	40225c13	srai	x24,x4,0x2	  x4:0x95826024 x24=0xe5609809
     295455.000 ns	     29544	80006338	e00e94d3	fclass.s	x9,f29	 f29:0x4f000410  x9=0x00000040
     295485.000 ns	     29547	8000633c	a09c2353	feq.s	x6,f24,f9	 f24:0x00000001  f9:0x80000000  x6=0x00000000
     295515.000 ns	     29550	80006340	d010f7d3	fcvt.s.wu	f15,x1	  x1:0x80041022 f15=0x4f000410
     295545.000 ns	     29553	80006344	a1db2653	feq.s	x12,f22,f29	 f22:0x00000000 f29:0x4f000410 x12=0x00000000
     295565.000 ns	     29555	80006348	416e5013	srai	x0,x28,0x16	 x28:0xfffffc38
     295575.000 ns	     29556	8000634c	00bb5733	srl	x14,x22,x11	 x22:0xffffffff x11:0x21fe2466 x14=0x03ffffff
     295585.000 ns	     29557	80006350	627caf93	slti	x31,x25,1575	 x25:0xbb9e5000 x31=0x00000001
     295605.000 ns	     29559	80006354	a06f02d3	fle.s	x5,f30,f6	 f30:0x44d4a000  f6:0x5f40080c  x5=0x00000001
     295655.000 ns	     29564	80006358	0120bed3	fadd.s	f29,f1,f18	  f1:0x7fc00000 f18:0xbf800000 f29=0x7fc00000
     295675.000 ns	     29566	8000635c	57524313	xori	x6,x4,1397	  x4:0x95826024  x6=0x95826551
     296035.000 ns	     29602	80006360	024060b3	rem	x1,x0,x4	  x0:0x00000000  x4:0x95826024  x1=0x00000000
     296055.000 ns	     29604	80006364	41155633	sra	x12,x10,x17	 x10:0x80040fe4 x17:0x00000200 x12=0x80040fe4
     296065.000 ns	     29605	80006368	47d18293	addi	x5,x3,1149	  x3:0xfffff9e7  x5=0xfffffe64
     296085.000 ns	     29607	8000636c	e00115d3	fclass.s	x11,f2	  f2:0xbf800000 x11=0x00000002
     296115.000 ns	     29610	80006370	02209e33	mulh	x28,x1,x2	  x1:0x00000000  x2:0x00000000 x28=0x00000000
     296135.000 ns	     29612	80006374	0109e5b3	or	x11,x19,x16	 x19:0xfffff947 x16:0xfffff826 x11=0xfffff967
     296155.000 ns	     29614	80006378	2036add3	fsgnjx.s	f27,f13,f3	 f13:0x43c78000  f3:0x00000000 f27=0x43c78000
     296175.000 ns	     29616	8000637c	ec688693	addi	x13,x17,-314	 x17:0x00000200 x13=0x000000c6
     296205.000 ns	     29619	80006380	19037053	fdiv.s	f0,f6,f16	  f6:0x5f40080c f16:0x80000000  f0=0xff800000
     297385.000 ns	     29737	80006384	580f1853	fsqrt.s	f16,f30	 f30:0x44d4a000 f16=0x4224f904
     297425.000 ns	     29741	80006388	183f7bd3	fdiv.s	f23,f30,f3	 f30:0x44d4a000  f3:0x00000000 f23=0x7f800000
     297445.000 ns	     29743	8000638c	0116d0b3	srl	x1,x13,x17	 x13:0x000000c6 x17:0x00000200  x1=0x000000c6
     297465.000 ns	     29745	80006390	038e3cb3	mulhu	x25,x28,x24	 x28:0x00000000 x24:0xe5609809 x25=0x00000000
     297485.000 ns	     29747	80006394	db220c93	addi	x25,x4,-590	  x4:0x95826024 x25=0x95825dd6
     297505.000 ns	     29749	80006398	037b6ab3	rem	x21,x22,x23	 x22:0xffffffff x23:0x00000000 x21=0xffffffff
     297525.000 ns	     29751	8000639c	7f117d93	andi	x27,x2,2033	  x2:0x00000000 x27=0x00000000
     297535.000 ns	     29752	800063a0	00000013	addi	x0,x0,0	  x0:0x00000000
     297555.000 ns	     29754	800063a4	039d1db3	mulh	x27,x26,x25	 x26:0xffffff58 x25:0x95825dd6 x27=0x00000045
     297585.000 ns	     29757	800063a8	0337a1b3	mulhsu	x3,x15,x19	 x15:0x00000001 x19:0xfffff947  x3=0x00000000
     297605.000 ns	     29759	800063ac	01c3cb33	xor	x22,x7,x28	  x7:0x00000000 x28:0x00000000 x22=0x00000000
     297625.000 ns	     29761	800063b0	028164b3	rem	x9,x2,x8	  x2:0x00000000  x8:0x00000000  x9=0x00000000
     297655.000 ns	     29764	800063b4	29081353	fmax.s	f6,f16,f16	 f16:0x4224f904 f16:0x4224f904  f6=0x4224f904
     297685.000 ns	     29767	800063b8	20c80b53	fsgnj.s	f22,f16,f12	 f16:0x4224f904 f12:0x00000000 f22=0x4224f904
     297735.000 ns	     29772	800063bc	088692d3	fsub.s	f5,f13,f8	 f13:0x43c78000  f8:0x3f800000  f5=0x43c70000
     297765.000 ns	     29775	800063c0	d009b7d3	fcvt.s.w	f15,x19	 x19:0xfffff947 f15=0xc4d72000
     297785.000 ns	     29777	800063c4	40955893	srai	x17,x10,0x9	 x10:0x80040fe4 x17=0xffc00207
     297795.000 ns	     29778	800063c8	010d9d93	slli	x27,x27,0x10	 x27:0x00000045 x27=0x00450000
     297805.000 ns	     29779	800063cc	40185e33	sra	x28,x16,x1	 x16:0xfffff826  x1:0x000000c6 x28=0xffffffe0
     297825.000 ns	     29781	800063d0	29181953	fmax.s	f18,f16,f17	 f16:0x4224f904 f17:0x3f800000 f18=0x4224f904
     297845.000 ns	     29783	800063d4	135b7393	andi	x7,x22,309	 x22:0x00000000  x7=0x00000000
     297855.000 ns	     29784	800063d8	407c87b3	sub	x15,x25,x7	 x25:0x95825dd6  x7:0x00000000 x15=0x95825dd6
     297865.000 ns	     29785	800063dc	00af17b3	sll	x15,x30,x10	 x30:0x00200104 x10:0x80040fe4 x15=0x02001040
     297875.000 ns	     29786	800063e0	01f6d593	srli	x11,x13,0x1f	 x13:0x000000c6 x11=0x00000000
     297895.000 ns	     29788	800063e4	21b2a453	fsgnjx.s	f8,f5,f27	  f5:0x43c70000 f27:0x43c78000  f8=0x43c70000
     297915.000 ns	     29790	800063e8	3b40b4b7	lui	x9,0x3b40b	  x9=0x3b40b000
     297955.000 ns	     29794	800063ec	089e7653	fsub.s	f12,f28,f9	 f28:0x80000000  f9:0x80000000 f12=0x00000000
     297985.000 ns	     29797	800063f0	a0661053	flt.s	x0,f12,f6	 f12:0x00000000  f6:0x4224f904
     298005.000 ns	     29799	800063f4	00a75e93	srli	x29,x14,0xa	 x14:0x03ffffff x29=0x0000ffff
     298015.000 ns	     29800	800063f8	e91ec7b7	lui	x15,0xe91ec	 x15=0xe91ec000
     298025.000 ns	     29801	800063fc	00b9a4b3	slt	x9,x19,x11	 x19:0xfffff947 x11:0x00000000  x9=0x00000001
     298045.000 ns	     29803	80006400	20cf0f53	fsgnj.s	f30,f30,f12	 f30:0x44d4a000 f12:0x00000000 f30=0x44d4a000
     298075.000 ns	     29806	80006404	28298953	fmin.s	f18,f19,f2	 f19:0x00000000  f2:0xbf800000 f18=0xbf800000
     298105.000 ns	     29809	80006408	024a3c33	mulhu	x24,x20,x4	 x20:0xa202344a  x4:0x95826024 x24=0x5e9dca65
     298125.000 ns	     29811	8000640c	3f61e193	ori	x3,x3,1014	  x3:0x00000000  x3=0x000003f6
     298145.000 ns	     29813	80006410	024e32b3	mulhu	x5,x28,x4	 x28:0xffffffe0  x4:0x95826024  x5=0x95826011
     298165.000 ns	     29815	80006414	00a2f033	and	x0,x5,x10	  x5:0xfffffe64 x10:0x80040fe4
     298185.000 ns	     29817	80006418	e0031bd3	fclass.s	x23,f6	  f6:0x4224f904 x23=0x00000040
     298225.000 ns	     29821	8000641c	5801f753	fsqrt.s	f14,f3	  f3:0x00000000 f14=0x00000000
     298245.000 ns	     29823	80006420	0120df33	srl	x30,x1,x18	  x1:0x000000c6 x18:0x80041024 x30=0x0000000c
     298605.000 ns	     29859	80006424	032d6d33	rem	x26,x26,x18	 x26:0xffffff58 x18:0x80041024 x26=0xffffff58
     298635.000 ns	     29862	80006428	29079cd3	fmax.s	f25,f15,f16	 f15:0xc4d72000 f16:0x4224f904 f25=0x4224f904
     298665.000 ns	     29865	8000642c	c01f73d3	fcvt.wu.s	x7,f30	 f30:0x44d4a000  x7=0x000006a5
     298685.000 ns	     29867	80006430	414853b3	sra	x7,x16,x20	 x16:0xfffff826 x20:0xa202344a  x7=0xfffffffe
     298695.000 ns	     29868	80006434	000688b3	add	x17,x13,x0	 x13:0x000000c6  x0:0x00000000 x17=0x000000c6
     298715.000 ns	     29870	80006438	02c93c33	mulhu	x24,x18,x12	 x18:0x80041024 x12:0x80040fe4 x24=0x40041014
     298745.000 ns	     29873	8000643c	025434b3	mulhu	x9,x8,x5	  x8:0x00000000  x5:0x95826011  x9=0x00000000
     298765.000 ns	     29875	80006440	da612a93	slti	x21,x2,-602	  x2:0x00000000 x21=0x00000000
     299125.000 ns	     29911	80006444	0265e033	rem	x0,x11,x6	 x11:0x00000000  x6:0x95826551
     299145.000 ns	     29913	80006448	d9a60f93	addi	x31,x12,-614	 x12:0x80040fe4 x31=0x80040d7e
     299155.000 ns	     29914	8000644c	eba03d13	sltiu	x26,x0,-326	  x0:0x00000000 x26=0x00000001
     299165.000 ns	     29915	80006450	00b877b3	and	x15,x16,x11	 x16:0xfffff826 x11:0x00000000 x15=0x00000000
     299185.000 ns	     29917	80006454	0208be33	mulhu	x28,x17,x0	 x17:0x000000c6  x0:0x00000000 x28=0x00000000
     299225.000 ns	     29921	80006458	183f9553	fdiv.s	f10,f31,f3	 f31:0x4eff0000  f3:0x00000000 f10=0x7f800000
     299255.000 ns	     29924	8000645c	03deab33	mulhsu	x22,x29,x29	 x29:0x0000ffff x29:0x0000ffff x22=0x00000000
     299275.000 ns	     29926	80006460	40eb01b3	sub	x3,x22,x14	 x22:0x00000000 x14:0x03ffffff  x3=0xfc000001
     299315.000 ns	     29930	80006464	08037153	fsub.s	f2,f6,f0	  f6:0x4224f904  f0:0xff800000  f2=0x7f800000
     299335.000 ns	     29932	80006468	40fb8fb3	sub	x31,x23,x15	 x23:0x00000040 x15:0x00000000 x31=0x00000040
     299375.000 ns	     29936	8000646c	09e0fd53	fsub.s	f26,f1,f30	  f1:0x7fc00000 f30:0x44d4a000 f26=0x7fc00000
     299395.000 ns	     29938	80006470	01a01d33	sll	x26,x0,x26	  x0:0x00000000 x26:0x00000001 x26=0x00000000
     299415.000 ns	     29940	80006474	02f15cb3	divu	x25,x2,x15	  x2:0x00000000 x15:0x00000000 x25=0xffffffff
     299445.000 ns	     29943	80006478	c0189153	fcvt.wu.s	x2,f17	 f17:0x3f800000  x2=0x00000001
     299485.000 ns	     29947	8000647c	19f57153	fdiv.s	f2,f10,f31	 f10:0x7f800000 f31:0x4eff0000  f2=0x7f800000
     299505.000 ns	     29949	80006480	6459a493	slti	x9,x19,1605	 x19:0xfffff947  x9=0x00000001
     299515.000 ns	     29950	80006484	3e16c393	xori	x7,x13,993	 x13:0x000000c6  x7=0x00000327
     299535.000 ns	     29952	80006488	a10496d3	flt.s	x13,f9,f16	  f9:0x80000000 f16:0x4224f904 x13=0x00000001
     299555.000 ns	     29954	8000648c	14936393	ori	x7,x6,329	  x6:0x95826551  x7=0x95826559
     299565.000 ns	     29955	80006490	a3d32cb7	lui	x25,0xa3d32	 x25=0xa3d32000
     299585.000 ns	     29957	80006494	02f321b3	mulhsu	x3,x6,x15	  x6:0x95826551 x15:0x00000000  x3=0x00000000
     299605.000 ns	     29959	80006498	0051d893	srli	x17,x3,0x5	  x3:0xfc000001 x17=0x00000000
     300775.000 ns	     30076	8000649c	580df453	fsqrt.s	f8,f27	 f27:0x43c78000  f8=0x419fccc2
     300795.000 ns	     30078	800064a0	8a794893	xori	x17,x18,-1881	 x18:0x80041024 x17=0x7ffbe883
     300815.000 ns	     30080	800064a4	a1a483d3	fle.s	x7,f9,f26	  f9:0x80000000 f26:0x7fc00000  x7=0x00000000
     300845.000 ns	     30083	800064a8	c0084fd3	fcvt.w.s	x31,f16	 f16:0x4224f904 x31=0x00000029
     300895.000 ns	     30088	800064ac	08ecf853	fsub.s	f16,f25,f14	 f25:0x4224f904 f14:0x00000000 f16=0x4224f904
     300915.000 ns	     30090	800064b0	00000013	addi	x0,x0,0	  x0:0x00000000
     300925.000 ns	     30091	800064b4	54518413	addi	x8,x3,1349	  x3:0x00000000  x8=0x00000545
     300935.000 ns	     30092	800064b8	4155dbb3	sra	x23,x11,x21	 x11:0x00000000 x21:0x00000000 x23=0x00000000
     301295.000 ns	     30128	800064bc	03014033	div	x0,x2,x16	  x2:0x00000001 x16:0xfffff826
     301345.000 ns	     30133	800064c0	00b52153	fadd.s	f2,f10,f11	 f10:0x7f800000 f11:0x80000000  f2=0x7f800000
     301375.000 ns	     30136	800064c4	20579053	fsgnjn.s	f0,f15,f5	 f15:0xc4d72000  f5:0x43c70000  f0=0xc4d72000
     301395.000 ns	     30138	800064c8	05e70413	addi	x8,x14,94	 x14:0x03ffffff  x8=0x0400005d
     301415.000 ns	     30140	800064cc	f00d0953	fmv.w.x	f18,x26	 x26:0x00000000 f18=0x00000000
     301435.000 ns	     30142	800064d0	41155193	srai	x3,x10,0x11	 x10:0x80040fe4  x3=0xffffc002
     301445.000 ns	     30143	800064d4	01c08b33	add	x22,x1,x28	  x1:0x000000c6 x28:0x00000000 x22=0x000000c6
     301475.000 ns	     30146	800064d8	19957cd3	fdiv.s	f25,f10,f25	 f10:0x7f800000 f25:0x4224f904 f25=0x7f800000
     301505.000 ns	     30149	800064dc	e0019753	fclass.s	x14,f3	  f3:0x00000000 x14=0x00000010
     301535.000 ns	     30152	800064e0	024f3cb3	mulhu	x25,x30,x4	 x30:0x0000000c  x4:0x95826024 x25=0x00000007
     301555.000 ns	     30154	800064e4	a60bc237	lui	x4,0xa60bc	  x4=0xa60bc000
     301565.000 ns	     30155	800064e8	00b1d013	srli	x0,x3,0xb	  x3:0xffffc002
     301575.000 ns	     30156	800064ec	7fefc393	xori	x7,x31,2046	 x31:0x00000029  x7=0x000007d7
     301615.000 ns	     30160	800064f0	09aefbd3	fsub.s	f23,f29,f26	 f29:0x7fc00000 f26:0x7fc00000 f23=0x7fc00000
     301635.000 ns	     30162	800064f4	0159b5b3	sltu	x11,x19,x21	 x19:0xfffff947 x21:0x00000000 x11=0x00000000
     301645.000 ns	     30163	800064f8	003f2433	slt	x8,x30,x3	 x30:0x0000000c  x3:0xffffc002  x8=0x00000000
     301665.000 ns	     30165	800064fc	03a0a333	mulhsu	x6,x1,x26	  x1:0x000000c6 x26:0x00000000  x6=0x00000000
     301695.000 ns	     30168	80006500	d00f0f53	fcvt.s.w	f30,x30	 x30:0x0000000c f30=0x41400000
     301715.000 ns	     30170	80006504	97918813	addi	x16,x3,-1671	  x3:0xffffc002 x16=0xffffb97b
     301725.000 ns	     30171	80006508	00fdf1b3	and	x3,x27,x15	 x27:0x00450000 x15:0x00000000  x3=0x00000000
     301755.000 ns	     30174	8000650c	103bb1d3	fmul.s	f3,f23,f3	 f23:0x7fc00000  f3:0x00000000  f3=0x7fc00000
     301775.000 ns	     30176	80006510	00e0a2b3	slt	x5,x1,x14	  x1:0x000000c6 x14:0x00000010  x5=0x00000000
     302135.000 ns	     30212	80006514	0245ec33	rem	x24,x11,x4	 x11:0x00000000  x4:0xa60bc000 x24=0x00000000
     302155.000 ns	     30214	80006518	014ddf33	srl	x30,x27,x20	 x27:0x00450000 x20:0xa202344a x30=0x00001140
     302175.000 ns	     30216	8000651c	02fec2b3	div	x5,x29,x15	 x29:0x0000ffff x15:0x00000000  x5=0xffffffff
     302205.000 ns	     30219	80006520	c01af2d3	fcvt.wu.s	x5,f21	 f21:0x7fc00000  x5=0xffffffff
     302235.000 ns	     30222	80006524	025cb8b3	mulhu	x17,x25,x5	 x25:0x00000007  x5:0xffffffff x17=0x00000006
     302255.000 ns	     30224	80006528	000e2ab3	slt	x21,x28,x0	 x28:0x00000000  x0:0x00000000 x21=0x00000000
     302615.000 ns	     30260	8000652c	0368cc33	div	x24,x17,x22	 x17:0x00000006 x22:0x000000c6 x24=0x00000000
     302645.000 ns	     30263	80006530	e00b1353	fclass.s	x6,f22	 f22:0x4224f904  x6=0x00000040
     302675.000 ns	     30266	80006534	d01f7353	fcvt.s.wu	f6,x30	 x30:0x00001140  f6=0x458a0000
     302705.000 ns	     30269	80006538	03cef5b3	remu	x11,x29,x28	 x29:0x0000ffff x28:0x00000000 x11=0x0000ffff
     302745.000 ns	     30273	8000653c	1941aed3	fdiv.s	f29,f3,f20	  f3:0x7fc00000 f20:0x00000000 f29=0x7fc00000
     302765.000 ns	     30275	80006540	01aed793	srli	x15,x29,0x1a	 x29:0x0000ffff x15=0x00000000
     303125.000 ns	     30311	80006544	0329e333	rem	x6,x19,x18	 x19:0xfffff947 x18:0x80041024  x6=0xfffff947
     303155.000 ns	     30314	80006548	03cc0333	mul	x6,x24,x28	 x24:0x00000000 x28:0x00000000  x6=0x00000000
     303175.000 ns	     30316	8000654c	013e9213	slli	x4,x29,0x13	 x29:0x0000ffff  x4=0xfff80000
     303205.000 ns	     30319	80006550	199e1953	fdiv.s	f18,f28,f25	 f28:0x80000000 f25:0x7f800000 f18=0x80000000
     303225.000 ns	     30321	80006554	59733193	sltiu	x3,x6,1431	  x6:0x00000000  x3=0x00000001
     303235.000 ns	     30322	80006558	5c70be13	sltiu	x28,x1,1479	  x1:0x000000c6 x28=0x00000001
     303245.000 ns	     30323	8000655c	43397693	andi	x13,x18,1075	 x18:0x80041024 x13=0x00000020
     303265.000 ns	     30325	80006560	c01dc253	fcvt.wu.s	x4,f27	 f27:0x43c78000  x4=0x0000018f
     303285.000 ns	     30327	80006564	0143f6b3	and	x13,x7,x20	  x7:0x000007d7 x20:0xa202344a x13=0x00000442
     303295.000 ns	     30328	80006568	c528a393	slti	x7,x17,-942	 x17:0x00000006  x7=0x00000000
     303305.000 ns	     30329	8000656c	41185593	srai	x11,x16,0x11	 x16:0xffffb97b x11=0xffffffff
     303315.000 ns	     30330	80006570	0015b233	sltu	x4,x11,x1	 x11:0x0000ffff  x1:0x000000c6  x4=0x00000000
     303355.000 ns	     30334	80006574	0115c853	fadd.s	f16,f11,f17	 f11:0x80000000 f17:0x3f800000 f16=0x3f800000
     303375.000 ns	     30336	80006578	ea050a97	auipc	x21,0xea050	 x21=0x6a056578
     303395.000 ns	     30338	8000657c	d01077d3	fcvt.s.wu	f15,x0	  x0:0x00000000 f15=0x00000000
     303415.000 ns	     30340	80006580	d79a6593	ori	x11,x20,-647	 x20:0xa202344a x11=0xfffffd7b
     303425.000 ns	     30341	80006584	01ccc6b3	xor	x13,x25,x28	 x25:0x00000007 x28:0x00000001 x13=0x00000006
     303445.000 ns	     30343	80006588	c0003053	fcvt.w.s	x0,f0	  f0:0xc4d72000
     303465.000 ns	     30345	8000658c	407e8eb3	sub	x29,x29,x7	 x29:0x0000ffff  x7:0x00000000 x29=0x0000ffff
     303485.000 ns	     30347	80006590	21850253	fsgnj.s	f4,f10,f24	 f10:0x7f800000 f24:0x00000001  f4=0x7f800000
     303505.000 ns	     30349	80006594	5c4b8993	addi	x19,x23,1476	 x23:0x00000000 x19=0x000005c4
     303525.000 ns	     30351	80006598	a1b81453	flt.s	x8,f16,f27	 f16:0x3f800000 f27:0x43c78000  x8=0x00000001
     303555.000 ns	     30354	8000659c	02c9af33	mulhsu	x30,x19,x12	 x19:0xfffff947 x12:0x80040fe4 x30=0x000002e2
     303575.000 ns	     30356	800065a0	fe550db7	lui	x27,0xfe550	 x27=0xfe550000
     303595.000 ns	     30358	800065a4	02765333	divu	x6,x12,x7	 x12:0x80040fe4  x7:0x00000000  x6=0xffffffff
     303625.000 ns	     30361	800065a8	f0050cd3	fmv.w.x	f25,x10	 x10:0x80040fe4 f25=0x80040fe4
     303655.000 ns	     30364	800065ac	034d32b3	mulhu	x5,x26,x20	 x26:0x00000000 x20:0xa202344a  x5=0x00000000
     303675.000 ns	     30366	800065b0	412a85b3	sub	x11,x21,x18	 x21:0x6a056578 x18:0x80041024 x11=0xea015554
     303685.000 ns	     30367	800065b4	de953997	auipc	x19,0xde953	 x19=0x5e9595b4
     303705.000 ns	     30369	800065b8	023a1233	mulh	x4,x20,x3	 x20:0xa202344a  x3:0x00000001  x4=0xffffffff
     303755.000 ns	     30374	800065bc	01d20053	fadd.s	f0,f4,f29	  f4:0x7f800000 f29:0x7fc00000  f0=0x7fc00000
     303785.000 ns	     30377	800065c0	2024a053	fsgnjx.s	f0,f9,f2	  f9:0x80000000  f2:0x7f800000  f0=0x80000000
     303825.000 ns	     30381	800065c4	1059a2d3	fmul.s	f5,f19,f5	 f19:0x00000000  f5:0x43c70000  f5=0x00000000
     303855.000 ns	     30384	800065c8	e0061d53	fclass.s	x26,f12	 f12:0x00000000 x26=0x00000010
     303885.000 ns	     30387	800065cc	03d0bc33	mulhu	x24,x1,x29	  x1:0x000000c6 x29:0x0000ffff x24=0x00000000
     303905.000 ns	     30389	800065d0	40d05e13	srai	x28,x0,0xd	  x0:0x00000000 x28=0x00000000
     303925.000 ns	     30391	800065d4	e0029253	fclass.s	x4,f5	  f5:0x00000000  x4=0x00000010
     303945.000 ns	     30393	800065d8	00af2833	slt	x16,x30,x10	 x30:0x000002e2 x10:0x80040fe4 x16=0x00000000
     303965.000 ns	     30395	800065dc	c000b7d3	fcvt.w.s	x15,f1	  f1:0x7fc00000 x15=0x7fffffff
     303985.000 ns	     30397	800065e0	00d3d033	srl	x0,x7,x13	  x7:0x00000000 x13:0x00000006
     304345.000 ns	     30433	800065e4	039fe1b3	rem	x3,x31,x25	 x31:0x00000029 x25:0x00000007  x3=0x00000006
     304365.000 ns	     30435	800065e8	414bd213	srai	x4,x23,0x14	 x23:0x00000000  x4=0x00000000
     304375.000 ns	     30436	800065ec	a7fbf213	andi	x4,x23,-1409	 x23:0x00000000  x4=0x00000000
     304395.000 ns	     30438	800065f0	a04eaed3	feq.s	x29,f29,f4	 f29:0x7fc00000  f4:0x7f800000 x29=0x00000000
     304425.000 ns	     30441	800065f4	214f96d3	fsgnjn.s	f13,f31,f20	 f31:0x4eff0000 f20:0x00000000 f13=0xceff0000
     304455.000 ns	     30444	800065f8	a12286d3	fle.s	x13,f5,f18	  f5:0x00000000 f18:0x80000000 x13=0x00000001
     304475.000 ns	     30446	800065fc	012e0233	add	x4,x28,x18	 x28:0x00000000 x18:0x80041024  x4=0x80041024
     304495.000 ns	     30448	80006600	03005333	divu	x6,x0,x16	  x0:0x00000000 x16:0x00000000  x6=0xffffffff
     304515.000 ns	     30450	80006604	01489cb3	sll	x25,x17,x20	 x17:0x00000006 x20:0xa202344a x25=0x00001800
     304535.000 ns	     30452	80006608	d00373d3	fcvt.s.w	f7,x6	  x6:0xffffffff  f7=0xbf800000
     304905.000 ns	     30489	8000660c	03b25d33	divu	x26,x4,x27	  x4:0x80041024 x27:0xfe550000 x26=0x00000000
     304925.000 ns	     30491	80006610	006bb193	sltiu	x3,x23,6	 x23:0x00000000  x3=0x00000001
     304935.000 ns	     30492	80006614	fe2a2413	slti	x8,x20,-30	 x20:0xa202344a  x8=0x00000001
     304955.000 ns	     30494	80006618	038b1c33	mulh	x24,x22,x24	 x22:0x000000c6 x24:0x00000000 x24=0x00000000
     305005.000 ns	     30499	8000661c	01a87253	fadd.s	f4,f16,f26	 f16:0x3f800000 f26:0x7fc00000  f4=0x7fc00000
     305035.000 ns	     30502	80006620	d011f853	fcvt.s.wu	f16,x3	  x3:0x00000001 f16=0x3f800000
     305055.000 ns	     30504	80006624	043fa613	slti	x12,x31,67	 x31:0x00000029 x12=0x00000001
     305075.000 ns	     30506	80006628	d00af3d3	fcvt.s.w	f7,x21	 x21:0x6a056578  f7=0x4ed40aca
     305445.000 ns	     30543	8000662c	021cfeb3	remu	x29,x25,x1	 x25:0x00001800  x1:0x000000c6 x29=0x00000006
     305475.000 ns	     30546	80006630	0372fdb3	remu	x27,x5,x23	  x5:0x00000000 x23:0x00000000 x27=0x00000000
     305495.000 ns	     30548	80006634	00435813	srli	x16,x6,0x4	  x6:0xffffffff x16=0x0fffffff
     305515.000 ns	     30550	80006638	e0011e53	fclass.s	x28,f2	  f2:0x7f800000 x28=0x00000080
     305535.000 ns	     30552	8000663c	0009e133	or	x2,x19,x0	 x19:0x5e9595b4  x0:0x00000000  x2=0x5e9595b4
     305545.000 ns	     30553	80006640	419ed313	srai	x6,x29,0x19	 x29:0x00000006  x6=0x00000000
     305585.000 ns	     30557	80006644	005d0bd3	fadd.s	f23,f26,f5	 f26:0x7fc00000  f5:0x00000000 f23=0x7fc00000
     305605.000 ns	     30559	80006648	00000013	addi	x0,x0,0	  x0:0x00000000
     305625.000 ns	     30561	8000664c	02612fb3	mulhsu	x31,x2,x6	  x2:0x5e9595b4  x6:0x00000000 x31=0x00000000
     305655.000 ns	     30564	80006650	c016fed3	fcvt.wu.s	x29,f13	 f13:0xceff0000 x29=0x7f800000
     305675.000 ns	     30566	80006654	b3c3eb93	ori	x23,x7,-1220	  x7:0x00000000 x23=0xfffffb3c
     305685.000 ns	     30567	80006658	8cf13e93	sltiu	x29,x2,-1841	  x2:0x5e9595b4 x29=0x00000001
     305705.000 ns	     30569	8000665c	c0027c53	fcvt.w.s	x24,f4	  f4:0x7fc00000 x24=0x7fffffff
     305725.000 ns	     30571	80006660	411c0333	sub	x6,x24,x17	 x24:0x00000000 x17:0x00000006  x6=0x7ffffff9
     305745.000 ns	     30573	80006664	d0041c53	fcvt.s.w	f24,x8	  x8:0x00000001 f24=0x3f800000
     305775.000 ns	     30576	80006668	f00a88d3	fmv.w.x	f17,x21	 x21:0x6a056578 f17=0x6a056578
     305795.000 ns	     30578	8000666c	0024bb33	sltu	x22,x9,x2	  x9:0x00000001  x2:0x5e9595b4 x22=0x00000001
     305805.000 ns	     30579	80006670	406adbb3	sra	x23,x21,x6	 x21:0x6a056578  x6:0x7ffffff9 x23=0x00000035
     306165.000 ns	     30615	80006674	02eaebb3	rem	x23,x21,x14	 x21:0x6a056578 x14:0x00000010 x23=0x00000008
     306185.000 ns	     30617	80006678	00946eb3	or	x29,x8,x9	  x8:0x00000001  x9:0x00000001 x29=0x00000001
     306195.000 ns	     30618	8000667c	17904197	auipc	x3,0x17904	  x3=0x9790a67c
     306215.000 ns	     30620	80006680	a1060653	fle.s	x12,f12,f16	 f12:0x00000000 f16:0x3f800000 x12=0x00000001
     306245.000 ns	     30623	80006684	02f2a133	mulhsu	x2,x5,x15	  x5:0x00000000 x15:0x7fffffff  x2=0x00000000
     306265.000 ns	     30625	80006688	4066d613	srai	x12,x13,0x6	 x13:0x00000001 x12=0x00000000
     306285.000 ns	     30627	8000668c	03148033	mul	x0,x9,x17	  x9:0x00000001 x17:0x00000006
     306315.000 ns	     30630	80006690	29bb13d3	fmax.s	f7,f22,f27	 f22:0x4224f904 f27:0x43c78000  f7=0x43c78000
     306345.000 ns	     30633	80006694	e0011ad3	fclass.s	x21,f2	  f2:0x7f800000 x21=0x00000080
     306365.000 ns	     30635	80006698	417fd413	srai	x8,x31,0x17	 x31:0x00000000  x8=0x00000000
     306375.000 ns	     30636	8000669c	403755b3	sra	x11,x14,x3	 x14:0x00000010  x3:0x9790a67c x11=0x00000000
     306385.000 ns	     30637	800066a0	5a7b7113	andi	x2,x22,1447	 x22:0x00000001  x2=0x00000001
     306405.000 ns	     30639	800066a4	21c02ad3	fsgnjx.s	f21,f0,f28	  f0:0x80000000 f28:0x80000000 f21=0x00000000
     306445.000 ns	     30643	800066a8	18bd75d3	fdiv.s	f11,f26,f11	 f26:0x7fc00000 f11:0x80000000 f11=0x7fc00000
     306465.000 ns	     30645	800066ac	007db7b3	sltu	x15,x27,x7	 x27:0x00000000  x7:0x00000000 x15=0x00000000
     306475.000 ns	     30646	800066b0	009f71b3	and	x3,x30,x9	 x30:0x000002e2  x9:0x00000001  x3=0x00000000
     306485.000 ns	     30647	800066b4	524c7e17	auipc	x28,0x524c7	 x28=0xd24cd6b4
     306495.000 ns	     30648	800066b8	00e6bfb3	sltu	x31,x13,x14	 x13:0x00000001 x14:0x00000010 x31=0x00000001
     306515.000 ns	     30650	800066bc	212b8353	fsgnj.s	f6,f23,f18	 f23:0x7fc00000 f18:0x80000000  f6=0xffc00000
     306535.000 ns	     30652	800066c0	006d7c97	auipc	x25,0x6d7	 x25=0x806dd6c0
     306545.000 ns	     30653	800066c4	004f1133	sll	x2,x30,x4	 x30:0x000002e2  x4:0x80041024  x2=0x00002e20
     306555.000 ns	     30654	800066c8	00d89e33	sll	x28,x17,x13	 x17:0x00000006 x13:0x00000001 x28=0x0000000c
     306565.000 ns	     30655	800066cc	d9f7a493	slti	x9,x15,-609	 x15:0x00000000  x9=0x00000000
     306585.000 ns	     30657	800066d0	20e02c53	fsgnjx.s	f24,f0,f14	  f0:0x80000000 f14:0x00000000 f24=0x80000000
     306605.000 ns	     30659	800066d4	cfe82393	slti	x7,x16,-770	 x16:0x0fffffff  x7=0x00000000
     306625.000 ns	     30661	800066d8	03a6c433	div	x8,x13,x26	 x13:0x00000001 x26:0x00000000  x8=0xffffffff
     306655.000 ns	     30664	800066dc	282989d3	fmin.s	f19,f19,f2	 f19:0x00000000  f2:0x7f800000 f19=0x00000000
     306675.000 ns	     30666	800066e0	d311ec13	ori	x24,x3,-719	  x3:0x00000000 x24=0xfffffd31
     306685.000 ns	     30667	800066e4	00c6a1b3	slt	x3,x13,x12	 x13:0x00000001 x12:0x00000000  x3=0x00000000
     306695.000 ns	     30668	800066e8	01d00333	add	x6,x0,x29	  x0:0x00000000 x29:0x00000001  x6=0x00000001
     306715.000 ns	     30670	800066ec	d0143ed3	fcvt.s.wu	f29,x8	  x8:0xffffffff f29=0x4f800000
     306745.000 ns	     30673	800066f0	e00c0bd3	fmv.x.w	x23,f24	 f24:0x80000000 x23=0x80000000
     307115.000 ns	     30710	800066f4	031a4eb3	div	x29,x20,x17	 x20:0xa202344a x17:0x00000006 x29=0xf055b362
     307135.000 ns	     30712	800066f8	bc48b113	sltiu	x2,x17,-1084	 x17:0x00000006  x2=0x00000001
     307145.000 ns	     30713	800066fc	40ea5f33	sra	x30,x20,x14	 x20:0xa202344a x14:0x00000010 x30=0xffffa202
     307165.000 ns	     30715	80006700	e00406d3	fmv.x.w	x13,f8	  f8:0x419fccc2 x13=0x419fccc2
     307185.000 ns	     30717	80006704	7afc3113	sltiu	x2,x24,1967	 x24:0xfffffd31  x2=0x00000000
     307225.000 ns	     30721	80006708	09e5fdd3	fsub.s	f27,f11,f30	 f11:0x7fc00000 f30:0x41400000 f27=0x7fc00000
     307245.000 ns	     30723	8000670c	9dec4593	xori	x11,x24,-1570	 x24:0xfffffd31 x11=0x000004ef
     307255.000 ns	     30724	80006710	409280b3	sub	x1,x5,x9	  x5:0x00000000  x9:0x00000000  x1=0x00000000
     307295.000 ns	     30728	80006714	089b7953	fsub.s	f18,f22,f9	 f22:0x4224f904  f9:0x80000000 f18=0x4224f904
     307315.000 ns	     30730	80006718	38647d13	andi	x26,x8,902	  x8:0xffffffff x26=0x00000386
     307355.000 ns	     30734	8000671c	08f821d3	fsub.s	f3,f16,f15	 f16:0x3f800000 f15:0x00000000  f3=0x3f800000
     307375.000 ns	     30736	80006720	f1a32a93	slti	x21,x6,-230	  x6:0x00000001 x21=0x00000000
     307385.000 ns	     30737	80006724	fc554993	xori	x19,x10,-59	 x10:0x80040fe4 x19=0x7ffbf021
     307395.000 ns	     30738	80006728	a1072993	slti	x19,x14,-1520	 x14:0x00000010 x19=0x00000000
     307405.000 ns	     30739	8000672c	00ed8b33	add	x22,x27,x14	 x27:0x00000000 x14:0x00000010 x22=0x00000010
     307415.000 ns	     30740	80006730	015cd493	srli	x9,x25,0x15	 x25:0x806dd6c0  x9=0x00000403
     307435.000 ns	     30742	80006734	2099af53	fsgnjx.s	f30,f19,f9	 f19:0x00000000  f9:0x80000000 f30=0x80000000
     307465.000 ns	     30745	80006738	295c8353	fmin.s	f6,f25,f21	 f25:0x80040fe4 f21:0x00000000  f6=0x80040fe4
     307485.000 ns	     30747	8000673c	00bc41b3	xor	x3,x24,x11	 x24:0xfffffd31 x11:0x000004ef  x3=0xfffff9de
     307495.000 ns	     30748	80006740	0e3e8393	addi	x7,x29,227	 x29:0xf055b362  x7=0xf055b445
     307515.000 ns	     30750	80006744	e0000053	fmv.x.w	x0,f0	  f0:0x80000000
     307545.000 ns	     30753	80006748	e00082d3	fmv.x.w	x5,f1	  f1:0x7fc00000  x5=0x7fc00000
     307575.000 ns	     30756	8000674c	a0d7a153	feq.s	x2,f15,f13	 f15:0x00000000 f13:0xceff0000  x2=0x00000000
     307945.000 ns	     30793	80006750	03fcf4b3	remu	x9,x25,x31	 x25:0x806dd6c0 x31:0x00000001  x9=0x00000000
     307965.000 ns	     30795	80006754	01db1413	slli	x8,x22,0x1d	 x22:0x00000010  x8=0x00000000
     308325.000 ns	     30831	80006758	02e5cab3	div	x21,x11,x14	 x11:0x000004ef x14:0x00000010 x21=0x0000004e
     308345.000 ns	     30833	8000675c	f5b88d93	addi	x27,x17,-165	 x17:0x00000006 x27=0xffffff61
     308375.000 ns	     30836	80006760	10477653	fmul.s	f12,f14,f4	 f14:0x00000000  f4:0x7fc00000 f12=0x7fc00000
     308415.000 ns	     30840	80006764	11a279d3	fmul.s	f19,f4,f26	  f4:0x7fc00000 f26:0x7fc00000 f19=0x7fc00000
     308445.000 ns	     30843	80006768	c00e75d3	fcvt.w.s	x11,f28	 f28:0x80000000 x11=0x00000000
     308475.000 ns	     30846	8000676c	d01f7053	fcvt.s.wu	f0,x30	 x30:0xffffa202  f0=0x4f7fffa2
     308505.000 ns	     30849	80006770	a0142e53	feq.s	x28,f8,f1	  f8:0x419fccc2  f1:0x7fc00000 x28=0x00000000
     308525.000 ns	     30851	80006774	417cd3b3	sra	x7,x25,x23	 x25:0x806dd6c0 x23:0x80000000  x7=0x806dd6c0
     308535.000 ns	     30852	80006778	00000013	addi	x0,x0,0	  x0:0x00000000
     308555.000 ns	     30854	8000677c	21b59053	fsgnjn.s	f0,f11,f27	 f11:0x7fc00000 f27:0x7fc00000  f0=0xffc00000
     308575.000 ns	     30856	80006780	10356317	auipc	x6,0x10356	  x6=0x9035c780
     308585.000 ns	     30857	80006784	0113c9b3	xor	x19,x7,x17	  x7:0x806dd6c0 x17:0x00000006 x19=0x806dd6c6
     308595.000 ns	     30858	80006788	64bd5d17	auipc	x26,0x64bd5	 x26=0xe4bdb788
     308625.000 ns	     30861	8000678c	580e72d3	fsqrt.s	f5,f28	 f28:0x80000000  f5=0x80000000
     308645.000 ns	     30863	80006790	00665f13	srli	x30,x12,0x6	 x12:0x00000000 x30=0x00000000
     308665.000 ns	     30865	80006794	c00a9253	fcvt.w.s	x4,f21	 f21:0x00000000  x4=0x00000000
     309035.000 ns	     30902	80006798	0308ecb3	rem	x25,x17,x16	 x17:0x00000006 x16:0x0fffffff x25=0x00000006
     309055.000 ns	     30904	8000679c	012948b3	xor	x17,x18,x18	 x18:0x80041024 x18:0x80041024 x17=0x00000000
     309415.000 ns	     30940	800067a0	03fe4d33	div	x26,x28,x31	 x28:0x00000000 x31:0x00000001 x26=0x00000000
     309435.000 ns	     30942	800067a4	0101d493	srli	x9,x3,0x10	  x3:0xfffff9de  x9=0x0000ffff
     309795.000 ns	     30978	800067a8	02d7cc33	div	x24,x15,x13	 x15:0x00000000 x13:0x419fccc2 x24=0x00000000
     309845.000 ns	     30983	800067ac	09ba7cd3	fsub.s	f25,f20,f27	 f20:0x00000000 f27:0x7fc00000 f25=0x7fc00000
     309875.000 ns	     30986	800067b0	205015d3	fsgnjn.s	f11,f0,f5	  f0:0xffc00000  f5:0x80000000 f11=0x7fc00000
     309905.000 ns	     30989	800067b4	d0071a53	fcvt.s.w	f20,x14	 x14:0x00000010 f20=0x41800000
     309925.000 ns	     30991	800067b8	40f881b3	sub	x3,x17,x15	 x17:0x00000000 x15:0x00000000  x3=0x00000000
     309935.000 ns	     30992	800067bc	0117d3b3	srl	x7,x15,x17	 x15:0x00000000 x17:0x00000000  x7=0x00000000
     309955.000 ns	     30994	800067c0	c0192ed3	fcvt.wu.s	x29,f18	 f18:0x4224f904 x29=0x0000002a
     310005.000 ns	     30999	800067c4	0885f953	fsub.s	f18,f11,f8	 f11:0x7fc00000  f8:0x419fccc2 f18=0x7fc00000
     310025.000 ns	     31001	800067c8	a38d6393	ori	x7,x26,-1480	 x26:0x00000000  x7=0xfffffa38
     310035.000 ns	     31002	800067cc	07afa313	slti	x6,x31,122	 x31:0x00000001  x6=0x00000001
     310055.000 ns	     31004	800067d0	e0031053	fclass.s	x0,f6	  f6:0x80040fe4
     310085.000 ns	     31007	800067d4	e00514d3	fclass.s	x9,f10	 f10:0x7f800000  x9=0x00000080
     310105.000 ns	     31009	800067d8	40958db3	sub	x27,x11,x9	 x11:0x00000000  x9:0x0000ffff x27=0xffffff80
     310465.000 ns	     31045	800067dc	0323cfb3	div	x31,x7,x18	  x7:0xfffffa38 x18:0x80041024 x31=0x00000000
     310485.000 ns	     31047	800067e0	41678eb3	sub	x29,x15,x22	 x15:0x00000000 x22:0x00000010 x29=0xfffffff0
     310495.000 ns	     31048	800067e4	a7bb6813	ori	x16,x22,-1413	 x22:0x00000010 x16=0xfffffa7b
     310515.000 ns	     31050	800067e8	a0c71fd3	flt.s	x31,f14,f12	 f14:0x00000000 f12:0x7fc00000 x31=0x00000000
     310535.000 ns	     31052	800067ec	acd5b593	sltiu	x11,x11,-1331	 x11:0x00000000 x11=0x00000001
     310565.000 ns	     31055	800067f0	1957f5d3	fdiv.s	f11,f15,f21	 f15:0x00000000 f21:0x00000000 f11=0x7fc00000
     310585.000 ns	     31057	800067f4	01829133	sll	x2,x5,x24	  x5:0x7fc00000 x24:0x00000000  x2=0x7fc00000
     310605.000 ns	     31059	800067f8	285e0453	fmin.s	f8,f28,f5	 f28:0x80000000  f5:0x80000000  f8=0x80000000
     310645.000 ns	     31063	800067fc	10bc04d3	fmul.s	f9,f24,f11	 f24:0x80000000 f11:0x7fc00000  f9=0x7fc00000
     310675.000 ns	     31066	80006800	0365bbb3	mulhu	x23,x11,x22	 x11:0x00000001 x22:0x00000010 x23=0x00000000
     311045.000 ns	     31103	80006804	02b3d6b3	divu	x13,x7,x11	  x7:0xfffffa38 x11:0x00000001 x13=0xfffffa38
     311075.000 ns	     31106	80006808	a15a0fd3	fle.s	x31,f20,f21	 f20:0x41800000 f21:0x00000000 x31=0x00000000
     311095.000 ns	     31108	8000680c	0175c333	xor	x6,x11,x23	 x11:0x00000001 x23:0x00000000  x6=0x00000001
     311115.000 ns	     31110	80006810	c0023653	fcvt.w.s	x12,f4	  f4:0x7fc00000 x12=0x7fffffff
     311485.000 ns	     31147	80006814	02c774b3	remu	x9,x14,x12	 x14:0x00000010 x12:0x00000000  x9=0x00000010
     311505.000 ns	     31149	80006818	004917b3	sll	x15,x18,x4	 x18:0x80041024  x4:0x00000000 x15=0x80041024
     311525.000 ns	     31151	8000681c	a0b28753	fle.s	x14,f5,f11	  f5:0x80000000 f11:0x7fc00000 x14=0x00000000
     311545.000 ns	     31153	80006820	01dfd193	srli	x3,x31,0x1d	 x31:0x00000000  x3=0x00000000
     311585.000 ns	     31157	80006824	0801a5d3	fsub.s	f11,f3,f0	  f3:0x3f800000  f0:0xffc00000 f11=0x7fc00000
     311615.000 ns	     31160	80006828	02c1a0b3	mulhsu	x1,x3,x12	  x3:0x00000000 x12:0x7fffffff  x1=0x00000000
     311635.000 ns	     31162	8000682c	000e1eb3	sll	x29,x28,x0	 x28:0x00000000  x0:0x00000000 x29=0x00000000
     311655.000 ns	     31164	80006830	21aaa8d3	fsgnjx.s	f17,f21,f26	 f21:0x00000000 f26:0x7fc00000 f17=0x00000000
     311685.000 ns	     31167	80006834	29f98e53	fmin.s	f28,f19,f31	 f19:0x7fc00000 f31:0x4eff0000 f28=0x4eff0000
     311715.000 ns	     31170	80006838	e0040453	fmv.x.w	x8,f8	  f8:0x80000000  x8=0x80000000
     311735.000 ns	     31172	8000683c	00ce9593	slli	x11,x29,0xc	 x29:0x00000000 x11=0x00000000
     311755.000 ns	     31174	80006840	a0a71653	flt.s	x12,f14,f10	 f14:0x00000000 f10:0x7f800000 x12=0x00000001
     311785.000 ns	     31177	80006844	d01ecad3	fcvt.s.wu	f21,x29	 x29:0x00000000 f21=0x00000000
     311805.000 ns	     31179	80006848	002735b3	sltu	x11,x14,x2	 x14:0x00000000  x2:0x7fc00000 x11=0x00000001
     311815.000 ns	     31180	8000684c	01715393	srli	x7,x2,0x17	  x2:0x7fc00000  x7=0x000000ff
     311825.000 ns	     31181	80006850	011484b3	add	x9,x9,x17	  x9:0x00000010 x17:0x00000000  x9=0x00000010
     311835.000 ns	     31182	80006854	3d82cc13	xori	x24,x5,984	  x5:0x7fc00000 x24=0x7fc003d8
     311875.000 ns	     31186	80006858	018ec4d3	fadd.s	f9,f29,f24	 f29:0x4f800000 f24:0x80000000  f9=0x4f800000
     311895.000 ns	     31188	8000685c	00f5e233	or	x4,x11,x15	 x11:0x00000001 x15:0x80041024  x4=0x80041025
     311915.000 ns	     31190	80006860	03289bb3	mulh	x23,x17,x18	 x17:0x00000000 x18:0x80041024 x23=0x00000000
     311935.000 ns	     31192	80006864	005c5693	srli	x13,x24,0x5	 x24:0x7fc003d8 x13=0x03fe001e
     311945.000 ns	     31193	80006868	00d4bfb3	sltu	x31,x9,x13	  x9:0x00000010 x13:0xfffffa38 x31=0x00000001
     311955.000 ns	     31194	8000686c	0016df13	srli	x30,x13,0x1	 x13:0xfffffa38 x30=0x01ff000f
     312315.000 ns	     31230	80006870	0278f0b3	remu	x1,x17,x7	 x17:0x00000000  x7:0x000000ff  x1=0x00000000
     312335.000 ns	     31232	80006874	dec6ad37	lui	x26,0xdec6a	 x26=0xdec6a000
     312345.000 ns	     31233	80006878	5caac013	xori	x0,x21,1482	 x21:0x0000004e
     312355.000 ns	     31234	8000687c	01890db3	add	x27,x18,x24	 x18:0x80041024 x24:0x7fc003d8 x27=0xffc413fc
     312375.000 ns	     31236	80006880	a17f91d3	flt.s	x3,f31,f23	 f31:0x4eff0000 f23:0x7fc00000  x3=0x00000000
     312425.000 ns	     31241	80006884	003777d3	fadd.s	f15,f14,f3	 f14:0x00000000  f3:0x3f800000 f15=0x3f800000
     312455.000 ns	     31244	80006888	02b9a2b3	mulhsu	x5,x19,x11	 x19:0x806dd6c6 x11:0x00000001  x5=0xffffffff
     312475.000 ns	     31246	8000688c	01c98233	add	x4,x19,x28	 x19:0x806dd6c6 x28:0x00000000  x4=0x806dd6c6
     312495.000 ns	     31248	80006890	29e187d3	fmin.s	f15,f3,f30	  f3:0x3f800000 f30:0x80000000 f15=0x80000000
     312525.000 ns	     31251	80006894	037d9e33	mulh	x28,x27,x23	 x27:0xffc413fc x23:0x00000000 x28=0x00000000
     312545.000 ns	     31253	80006898	003b5833	srl	x16,x22,x3	 x22:0x00000010  x3:0x00000000 x16=0x00000010
     312555.000 ns	     31254	8000689c	850c2713	slti	x14,x24,-1968	 x24:0x7fc003d8 x14=0x00000000
     312565.000 ns	     31255	800068a0	e9f8e993	ori	x19,x17,-353	 x17:0x00000000 x19=0xfffffe9f
     312575.000 ns	     31256	800068a4	004b1333	sll	x6,x22,x4	 x22:0x00000010  x4:0x806dd6c6  x6=0x00000400
     312585.000 ns	     31257	800068a8	019dd613	srli	x12,x27,0x19	 x27:0xffc413fc x12=0x0000007f
     312605.000 ns	     31259	800068ac	21b29653	fsgnjn.s	f12,f5,f27	  f5:0x80000000 f27:0x7fc00000 f12=0x80000000
     313785.000 ns	     31377	800068b0	58019d53	fsqrt.s	f26,f3	  f3:0x3f800000 f26=0x3f7fffae
     313805.000 ns	     31379	800068b4	007482b3	add	x5,x9,x7	  x9:0x00000010  x7:0x000000ff  x5=0x0000010f
     313825.000 ns	     31381	800068b8	03bf8633	mul	x12,x31,x27	 x31:0x00000001 x27:0xffc413fc x12=0xffc413fc
     313865.000 ns	     31385	800068bc	11f97f53	fmul.s	f30,f18,f31	 f18:0x7fc00000 f31:0x4eff0000 f30=0x7fc00000
     313885.000 ns	     31387	800068c0	7ab06893	ori	x17,x0,1963	  x0:0x00000000 x17=0x000007ab
     313895.000 ns	     31388	800068c4	41a7d813	srai	x16,x15,0x1a	 x15:0x80041024 x16=0xffffffe0
     313935.000 ns	     31392	800068c8	010a4cd3	fadd.s	f25,f20,f16	 f20:0x41800000 f16:0x3f800000 f25=0x41880000
     314305.000 ns	     31429	800068cc	0333c0b3	div	x1,x7,x19	  x7:0x000000ff x19:0xfffffe9f  x1=0x00000000
     314335.000 ns	     31432	800068d0	e00906d3	fmv.x.w	x13,f18	 f18:0x7fc00000 x13=0x7fc00000
     314355.000 ns	     31434	800068d4	53f46313	ori	x6,x8,1343	  x8:0x80000000  x6=0x8000053f
     314715.000 ns	     31470	800068d8	03556033	rem	x0,x10,x21	 x10:0x80040fe4 x21:0x0000004e
     314735.000 ns	     31472	800068dc	016fbc33	sltu	x24,x31,x22	 x31:0x00000001 x22:0x00000010 x24=0x00000001
     314745.000 ns	     31473	800068e0	01ba95b3	sll	x11,x21,x27	 x21:0x0000004e x27:0xffc413fc x11=0xe0000000
     314765.000 ns	     31475	800068e4	e00286d3	fmv.x.w	x13,f5	  f5:0x80000000 x13=0x80000000
     314785.000 ns	     31477	800068e8	7f9e8a93	addi	x21,x29,2041	 x29:0x00000000 x21=0x000007f9
     314805.000 ns	     31479	800068ec	d01fa553	fcvt.s.wu	f10,x31	 x31:0x00000001 f10=0x3f800000
     314835.000 ns	     31482	800068f0	e00f83d3	fmv.x.w	x7,f31	 f31:0x4eff0000  x7=0x4eff0000
     314855.000 ns	     31484	800068f4	32e3e493	ori	x9,x7,814	  x7:0x000000ff  x9=0x4eff032e
     314875.000 ns	     31486	800068f8	e00a92d3	fclass.s	x5,f21	 f21:0x00000000  x5=0x00000010
     314925.000 ns	     31491	800068fc	0079f653	fadd.s	f12,f19,f7	 f19:0x7fc00000  f7:0x43c78000 f12=0x7fc00000
     314945.000 ns	     31493	80006900	541d0d93	addi	x27,x26,1345	 x26:0xdec6a000 x27=0xdec6a541
     314965.000 ns	     31495	80006904	e00001d3	fmv.x.w	x3,f0	  f0:0xffc00000  x3=0xffc00000
     314995.000 ns	     31498	80006908	29098253	fmin.s	f4,f19,f16	 f19:0x7fc00000 f16:0x3f800000  f4=0x3f800000
     316175.000 ns	     31616	8000690c	580e0f53	fsqrt.s	f30,f28	 f28:0x4eff0000 f30=0x4734aa1a
     316195.000 ns	     31618	80006910	7e4a2d13	slti	x26,x20,2020	 x20:0xa202344a x26=0x00000001
     316205.000 ns	     31619	80006914	01d5bd33	sltu	x26,x11,x29	 x11:0xe0000000 x29:0x00000000 x26=0x00000000
     316565.000 ns	     31655	80006918	036bff33	remu	x30,x23,x22	 x23:0x00000000 x22:0x00000010 x30=0x00000000
     316605.000 ns	     31659	8000691c	199976d3	fdiv.s	f13,f18,f25	 f18:0x7fc00000 f25:0x41880000 f13=0x7fc00000
     316625.000 ns	     31661	80006920	13b82c93	slti	x25,x16,315	 x16:0xffffffe0 x25=0x00000001
     316645.000 ns	     31663	80006924	03512133	mulhsu	x2,x2,x21	  x2:0x7fc00000 x21:0x000007f9  x2=0x000003fa
     316675.000 ns	     31666	80006928	a13c2153	feq.s	x2,f24,f19	 f24:0x80000000 f19:0x7fc00000  x2=0x00000000
     316715.000 ns	     31670	8000692c	11b6f653	fmul.s	f12,f13,f27	 f13:0x7fc00000 f27:0x7fc00000 f12=0x7fc00000
     316745.000 ns	     31673	80006930	f00883d3	fmv.w.x	f7,x17	 x17:0x000007ab  f7=0x000007ab
     316775.000 ns	     31676	80006934	a0e1a2d3	feq.s	x5,f3,f14	  f3:0x3f800000 f14:0x00000000  x5=0x00000000
     316795.000 ns	     31678	80006938	3f46fe97	auipc	x29,0x3f46f	 x29=0xbf475938
     316805.000 ns	     31679	8000693c	41a853b3	sra	x7,x16,x26	 x16:0xffffffe0 x26:0x00000000  x7=0xffffffe0
     316815.000 ns	     31680	80006940	32730693	addi	x13,x6,807	  x6:0x8000053f x13=0x80000866
     316835.000 ns	     31682	80006944	e0021253	fclass.s	x4,f4	  f4:0x3f800000  x4=0x00000040
     316855.000 ns	     31684	80006948	01a251b3	srl	x3,x4,x26	  x4:0x806dd6c6 x26:0x00000000  x3=0x00000040
     316865.000 ns	     31685	8000694c	0141c433	xor	x8,x3,x20	  x3:0xffc00000 x20:0xa202344a  x8=0xa202340a
     316875.000 ns	     31686	80006950	41e28cb3	sub	x25,x5,x30	  x5:0x00000000 x30:0x00000000 x25=0x00000000
     316885.000 ns	     31687	80006954	00d71a93	slli	x21,x14,0xd	 x14:0x00000000 x21=0x00000000
     316905.000 ns	     31689	80006958	286095d3	fmax.s	f11,f1,f6	  f1:0x7fc00000  f6:0x80040fe4 f11=0x80040fe4
     316925.000 ns	     31691	8000695c	00000013	addi	x0,x0,0	  x0:0x00000000
     316945.000 ns	     31693	80006960	03aa84b3	mul	x9,x21,x26	 x21:0x00000000 x26:0x00000000  x9=0x00000000
     316965.000 ns	     31695	80006964	3ecc6893	ori	x17,x24,1004	 x24:0x00000001 x17=0x000003ed
     316975.000 ns	     31696	80006968	7a60b793	sltiu	x15,x1,1958	  x1:0x00000000 x15=0x00000001
     316995.000 ns	     31698	8000696c	d01a8e53	fcvt.s.wu	f28,x21	 x21:0x00000000 f28=0x00000000
     317025.000 ns	     31701	80006970	d0110a53	fcvt.s.wu	f20,x2	  x2:0x00000000 f20=0x00000000
     317045.000 ns	     31703	80006974	5c4fb193	sltiu	x3,x31,1476	 x31:0x00000001  x3=0x00000001
     317055.000 ns	     31704	80006978	00c383b3	add	x7,x7,x12	  x7:0xffffffe0 x12:0xffc413fc  x7=0xffc413dc
     317065.000 ns	     31705	8000697c	00f681b3	add	x3,x13,x15	 x13:0x80000866 x15:0x00000001  x3=0x80000867
     317075.000 ns	     31706	80006980	41ae8d33	sub	x26,x29,x26	 x29:0xbf475938 x26:0x00000000 x26=0xbf475938
     317095.000 ns	     31708	80006984	03089c33	mulh	x24,x17,x16	 x17:0x000003ed x16:0xffffffe0 x24=0xffffffff
     317115.000 ns	     31710	80006988	4ff9a793	slti	x15,x19,1279	 x19:0xfffffe9f x15=0x00000001
     317145.000 ns	     31713	8000698c	183984d3	fdiv.s	f9,f19,f3	 f19:0x7fc00000  f3:0x3f800000  f9=0x7fc00000
     317175.000 ns	     31716	80006990	d00ff753	fcvt.s.w	f14,x31	 x31:0x00000001 f14=0x3f800000
     317545.000 ns	     31753	80006994	02ab6f33	rem	x30,x22,x10	 x22:0x00000010 x10:0x80040fe4 x30=0x00000010
     317565.000 ns	     31755	80006998	0c6c4e93	xori	x29,x24,198	 x24:0xffffffff x29=0xffffff39
     317575.000 ns	     31756	8000699c	00000013	addi	x0,x0,0	  x0:0x00000000
     317935.000 ns	     31792	800069a0	02f4de33	divu	x28,x9,x15	  x9:0x00000000 x15:0x00000001 x28=0x00000000
     317955.000 ns	     31794	800069a4	11f18c37	lui	x24,0x11f18	 x24=0x11f18000
     317965.000 ns	     31795	800069a8	d0cc7e93	andi	x29,x24,-756	 x24:0xffffffff x29=0x11f18000
     317985.000 ns	     31797	800069ac	03188bb3	mul	x23,x17,x17	 x17:0x000003ed x17:0x000003ed x23=0x000f6969
     318005.000 ns	     31799	800069b0	41130bb3	sub	x23,x6,x17	  x6:0x8000053f x17:0x000003ed x23=0x80000152
     318035.000 ns	     31802	800069b4	580787d3	fsqrt.s	f15,f15	 f15:0x80000000 f15=0x80000000
     318065.000 ns	     31805	800069b8	e00694d3	fclass.s	x9,f13	 f13:0x7fc00000  x9=0x00000200
     318085.000 ns	     31807	800069bc	014276b3	and	x13,x4,x20	  x4:0x00000040 x20:0xa202344a x13=0x00000040
     318095.000 ns	     31808	800069c0	944ae037	lui	x0,0x944ae	
     318115.000 ns	     31810	800069c4	c00f88d3	fcvt.w.s	x17,f31	 f31:0x4eff0000 x17=0x7f800000
     318135.000 ns	     31812	800069c8	00000013	addi	x0,x0,0	  x0:0x00000000
     318145.000 ns	     31813	800069cc	00270133	add	x2,x14,x2	 x14:0x00000000  x2:0x00000000  x2=0x00000000
     318155.000 ns	     31814	800069d0	00000013	addi	x0,x0,0	  x0:0x00000000
     318195.000 ns	     31818	800069d4	014b0453	fadd.s	f8,f22,f20	 f22:0x4224f904 f20:0x00000000  f8=0x4224f904
     318215.000 ns	     31820	800069d8	0142f7b3	and	x15,x5,x20	  x5:0x00000000 x20:0xa202344a x15=0x00000000
     318225.000 ns	     31821	800069dc	e6e08993	addi	x19,x1,-402	  x1:0x00000000 x19=0xfffffe6e
     318245.000 ns	     31823	800069e0	030317b3	mulh	x15,x6,x16	  x6:0x8000053f x16:0xffffffe0 x15=0x0000000f
     318615.000 ns	     31860	800069e4	02bdcab3	div	x21,x27,x11	 x27:0xdec6a541 x11:0xe0000000 x21=0x00000001
     318635.000 ns	     31862	800069e8	015e9393	slli	x7,x29,0x15	 x29:0x11f18000  x7=0x00000000
     318645.000 ns	     31863	800069ec	00000013	addi	x0,x0,0	  x0:0x00000000
     318665.000 ns	     31865	800069f0	c003fbd3	fcvt.w.s	x23,f7	  f7:0x000007ab x23=0x00000000
     318685.000 ns	     31867	800069f4	00000c33	add	x24,x0,x0	  x0:0x00000000  x0:0x00000000 x24=0x00000000
     318695.000 ns	     31868	800069f8	002060b3	or	x1,x0,x2	  x0:0x00000000  x2:0x00000000  x1=0x00000000
     318705.000 ns	     31869	800069fc	f0f7bd93	sltiu	x27,x15,-241	 x15:0x0000000f x27=0x00000001
     318715.000 ns	     31870	80006a00	179f7413	andi	x8,x30,377	 x30:0x00000010  x8=0x00000010
     318725.000 ns	     31871	80006a04	00310733	add	x14,x2,x3	  x2:0x00000000  x3:0x80000867 x14=0x80000867
     319085.000 ns	     31907	80006a08	03256e33	rem	x28,x10,x18	 x10:0x80040fe4 x18:0x80041024 x28=0xffffffc0
     319105.000 ns	     31909	80006a0c	0180d613	srli	x12,x1,0x18	  x1:0x00000000 x12=0x00000000
     319125.000 ns	     31911	80006a10	2061a6d3	fsgnjx.s	f13,f3,f6	  f3:0x3f800000  f6:0x80040fe4 f13=0xbf800000
     319155.000 ns	     31914	80006a14	c014f853	fcvt.wu.s	x16,f9	  f9:0x7fc00000 x16=0xffffffff
     319185.000 ns	     31917	80006a18	f00d8953	fmv.w.x	f18,x27	 x27:0x00000001 f18=0x00000001
     319205.000 ns	     31919	80006a1c	01ee5693	srli	x13,x28,0x1e	 x28:0xffffffc0 x13=0x00000003
     319225.000 ns	     31921	80006a20	03408133	mul	x2,x1,x20	  x1:0x00000000 x20:0xa202344a  x2=0x00000000
     319275.000 ns	     31926	80006a24	013c3053	fadd.s	f0,f24,f19	 f24:0x80000000 f19:0x7fc00000  f0=0x7fc00000
     319305.000 ns	     31929	80006a28	0252c6b3	div	x13,x5,x5	  x5:0x00000000  x5:0x00000000 x13=0xffffffff
     319325.000 ns	     31931	80006a2c	01700233	add	x4,x0,x23	  x0:0x00000000 x23:0x00000000  x4=0x00000000
     319345.000 ns	     31933	80006a30	f00d8cd3	fmv.w.x	f25,x27	 x27:0x00000001 f25=0x00000001
     319365.000 ns	     31935	80006a34	4029de33	sra	x28,x19,x2	 x19:0xfffffe6e  x2:0x00000000 x28=0xfffffe6e
     319375.000 ns	     31936	80006a38	c7600213	addi	x4,x0,-906	  x0:0x00000000  x4=0xfffffc76
     319385.000 ns	     31937	80006a3c	95d18a93	addi	x21,x3,-1699	  x3:0x80000867 x21=0x800001c4
     319395.000 ns	     31938	80006a40	01939fb3	sll	x31,x7,x25	  x7:0x00000000 x25:0x00000000 x31=0x00000000
     319725.000 ns	     31971	80006a44	1843fbd3	fdiv.s	f23,f7,f4	  f7:0x000007ab  f4:0x3f800000 f23=0x00000000
     319745.000 ns	     31973	80006a48	007dd713	srli	x14,x27,0x7	 x27:0x00000001 x14=0x00000000
     319755.000 ns	     31974	80006a4c	01ac3f33	sltu	x30,x24,x26	 x24:0x00000000 x26:0xbf475938 x30=0x00000001
     319765.000 ns	     31975	80006a50	00c95b93	srli	x23,x18,0xc	 x18:0x80041024 x23=0x00080041
     319785.000 ns	     31977	80006a54	a1500e53	fle.s	x28,f0,f21	  f0:0x7fc00000 f21:0x00000000 x28=0x00000000
     319805.000 ns	     31979	80006a58	01793133	sltu	x2,x18,x23	 x18:0x80041024 x23:0x00000000  x2=0x00000000
     319825.000 ns	     31981	80006a5c	03c80833	mul	x16,x16,x28	 x16:0xffffffff x28:0x00000000 x16=0x00000000
     319845.000 ns	     31983	80006a60	019d1133	sll	x2,x26,x25	 x26:0xbf475938 x25:0x00000000  x2=0xbf475938
     320205.000 ns	     32019	80006a64	02bdfcb3	remu	x25,x27,x11	 x27:0x00000001 x11:0xe0000000 x25=0x00000001
     320225.000 ns	     32021	80006a68	413ad193	srai	x3,x21,0x13	 x21:0x800001c4  x3=0xfffff000
     320245.000 ns	     32023	80006a6c	28e118d3	fmax.s	f17,f2,f14	  f2:0x7f800000 f14:0x3f800000 f17=0x7f800000
     320275.000 ns	     32026	80006a70	023135b3	mulhu	x11,x2,x3	  x2:0xbf475938  x3:0x80000867 x11=0xbf474d43
     320295.000 ns	     32028	80006a74	a8cd2e93	slti	x29,x26,-1396	 x26:0xbf475938 x29=0x00000001
     320655.000 ns	     32064	80006a78	02f2ed33	rem	x26,x5,x15	  x5:0x00000000 x15:0x0000000f x26=0x00000000
     320675.000 ns	     32066	80006a7c	41dedc13	srai	x24,x29,0x1d	 x29:0x11f18000 x24=0x00000000
     320705.000 ns	     32069	80006a80	5804f0d3	fsqrt.s	f1,f9	  f9:0x7fc00000  f1=0x7fc00000
     320725.000 ns	     32071	80006a84	4fce6693	ori	x13,x28,1276	 x28:0x00000000 x13=0x000004fc
     320745.000 ns	     32073	80006a88	a1f32bd3	feq.s	x23,f6,f31	  f6:0x80040fe4 f31:0x4eff0000 x23=0x00000000
     320785.000 ns	     32077	80006a8c	19d07dd3	fdiv.s	f27,f0,f29	  f0:0x7fc00000 f29:0x4f800000 f27=0x7fc00000
     320805.000 ns	     32079	80006a90	41a75b33	sra	x22,x14,x26	 x14:0x00000000 x26:0x00000000 x22=0x00000000
     320815.000 ns	     32080	80006a94	00435233	srl	x4,x6,x4	  x6:0x8000053f  x4:0xfffffc76  x4=0x00000200
     320835.000 ns	     32082	80006a98	29490853	fmin.s	f16,f18,f20	 f18:0x00000001 f20:0x00000000 f16=0x00000000
     320865.000 ns	     32085	80006a9c	e00484d3	fmv.x.w	x9,f9	  f9:0x7fc00000  x9=0x7fc00000
     320885.000 ns	     32087	80006aa0	4140dd13	srai	x26,x1,0x14	  x1:0x00000000 x26=0x00000000
     320895.000 ns	     32088	80006aa4	4be3e693	ori	x13,x7,1214	  x7:0x00000000 x13=0x000004be
     320915.000 ns	     32090	80006aa8	a0c106d3	fle.s	x13,f2,f12	  f2:0x7f800000 f12:0x7fc00000 x13=0x00000000
     320935.000 ns	     32092	80006aac	001393b3	sll	x7,x7,x1	  x7:0x00000000  x1:0x00000000  x7=0x00000000
     320955.000 ns	     32094	80006ab0	03cd04b3	mul	x9,x26,x28	 x26:0x00000000 x28:0x00000000  x9=0x00000000
     320985.000 ns	     32097	80006ab4	a07181d3	fle.s	x3,f3,f7	  f3:0x3f800000  f7:0x000007ab  x3=0x00000000
     321015.000 ns	     32100	80006ab8	21af9cd3	fsgnjn.s	f25,f31,f26	 f31:0x4eff0000 f26:0x3f7fffae f25=0xceff0000
     321045.000 ns	     32103	80006abc	209fab53	fsgnjx.s	f22,f31,f9	 f31:0x4eff0000  f9:0x7fc00000 f22=0x4eff0000
     321065.000 ns	     32105	80006ac0	0009cbb3	xor	x23,x19,x0	 x19:0xfffffe6e  x0:0x00000000 x23=0xfffffe6e
     321075.000 ns	     32106	80006ac4	0008c2b3	xor	x5,x17,x0	 x17:0x7f800000  x0:0x00000000  x5=0x7f800000
     321085.000 ns	     32107	80006ac8	00ce6633	or	x12,x28,x12	 x28:0x00000000 x12:0x00000000 x12=0x00000000
     321105.000 ns	     32109	80006acc	29cd9653	fmax.s	f12,f27,f28	 f27:0x7fc00000 f28:0x00000000 f12=0x00000000
     321475.000 ns	     32146	80006ad0	02f3e233	rem	x4,x7,x15	  x7:0x00000000 x15:0x0000000f  x4=0x00000000
     321505.000 ns	     32149	80006ad4	a1432053	feq.s	x0,f6,f20	  f6:0x80040fe4 f20:0x00000000
     321545.000 ns	     32153	80006ad8	5807cdd3	fsqrt.s	f27,f15	 f15:0x80000000 f27=0x80000000
     321575.000 ns	     32156	80006adc	e0070e53	fmv.x.w	x28,f14	 f14:0x3f800000 x28=0x3f800000
     321595.000 ns	     32158	80006ae0	000e9b33	sll	x22,x29,x0	 x29:0x00000001  x0:0x00000000 x22=0x00000001
     321615.000 ns	     32160	80006ae4	a0ba18d3	flt.s	x17,f20,f11	 f20:0x00000000 f11:0x80040fe4 x17=0x00000000
     321635.000 ns	     32162	80006ae8	01d272b3	and	x5,x4,x29	  x4:0x00000000 x29:0x00000001  x5=0x00000000
     321655.000 ns	     32164	80006aec	02444b33	div	x22,x8,x4	  x8:0x00000010  x4:0x00000000 x22=0xffffffff
     321675.000 ns	     32166	80006af0	012943b3	xor	x7,x18,x18	 x18:0x80041024 x18:0x80041024  x7=0x00000000
     321695.000 ns	     32168	80006af4	024686b3	mul	x13,x13,x4	 x13:0x00000000  x4:0x00000000 x13=0x00000000
     321725.000 ns	     32171	80006af8	d01e44d3	fcvt.s.wu	f9,x28	 x28:0x3f800000  f9=0x4e7e0000
     321755.000 ns	     32174	80006afc	e00402d3	fmv.x.w	x5,f8	  f8:0x4224f904  x5=0x4224f904
     321785.000 ns	     32177	80006b00	026293b3	mulh	x7,x5,x6	  x5:0x00000000  x6:0x8000053f  x7=0xdeed84d8
     322155.000 ns	     32214	80006b04	0285e733	rem	x14,x11,x8	 x11:0xbf474d43  x8:0x00000010 x14=0xfffffff3
     322175.000 ns	     32216	80006b08	e0548d13	addi	x26,x9,-507	  x9:0x00000000 x26=0xfffffe05
     322195.000 ns	     32218	80006b0c	e00406d3	fmv.x.w	x13,f8	  f8:0x4224f904 x13=0x4224f904
     322215.000 ns	     32220	80006b10	00017e33	and	x28,x2,x0	  x2:0xbf475938  x0:0x00000000 x28=0x00000000
     322225.000 ns	     32221	80006b14	dc507593	andi	x11,x0,-571	  x0:0x00000000 x11=0x00000000
     322235.000 ns	     32222	80006b18	40ff0333	sub	x6,x30,x15	 x30:0x00000001 x15:0x0000000f  x6=0xfffffff2
     322255.000 ns	     32224	80006b1c	c017fe53	fcvt.wu.s	x28,f15	 f15:0x80000000 x28=0x00000000
     322285.000 ns	     32227	80006b20	e00e9f53	fclass.s	x30,f29	 f29:0x4f800000 x30=0x00000040
     322315.000 ns	     32230	80006b24	e0061253	fclass.s	x4,f12	 f12:0x00000000  x4=0x00000010
     322335.000 ns	     32232	80006b28	00000013	addi	x0,x0,0	  x0:0x00000000
     322665.000 ns	     32265	80006b2c	18a54453	fdiv.s	f8,f10,f10	 f10:0x3f800000 f10:0x3f800000  f8=0x3f7fff38
     322685.000 ns	     32267	80006b30	01b740b3	xor	x1,x14,x27	 x14:0xfffffff3 x27:0x00000001  x1=0xfffffff2
     322715.000 ns	     32270	80006b34	180dbbd3	fdiv.s	f23,f27,f0	 f27:0x80000000  f0:0x7fc00000 f23=0x7fc00000
     322735.000 ns	     32272	80006b38	94143eb7	lui	x29,0x94143	 x29=0x94143000
     322745.000 ns	     32273	80006b3c	003268b3	or	x17,x4,x3	  x4:0x00000010  x3:0x00000000 x17=0x00000010
     322755.000 ns	     32274	80006b40	004e4db3	xor	x27,x28,x4	 x28:0x00000000  x4:0x00000010 x27=0x00000010
     322775.000 ns	     32276	80006b44	037d2d33	mulhsu	x26,x26,x23	 x26:0xfffffe05 x23:0xfffffe6e x26=0xfffffe05
     322805.000 ns	     32279	80006b48	20d78453	fsgnj.s	f8,f15,f13	 f15:0x80000000 f13:0xbf800000  f8=0x80000000
     322835.000 ns	     32282	80006b4c	212f01d3	fsgnj.s	f3,f30,f18	 f30:0x4734aa1a f18:0x00000001  f3=0x4734aa1a
     322855.000 ns	     32284	80006b50	41a3d393	srai	x7,x7,0x1a	  x7:0xdeed84d8  x7=0xfffffff7
     322865.000 ns	     32285	80006b54	00000013	addi	x0,x0,0	  x0:0x00000000
     322875.000 ns	     32286	80006b58	80baa893	slti	x17,x21,-2037	 x21:0x800001c4 x17=0x00000001
     323235.000 ns	     32322	80006b5c	02fc5f33	divu	x30,x24,x15	 x24:0x00000000 x15:0x0000000f x30=0x00000000
     323265.000 ns	     32325	80006b60	211890d3	fsgnjn.s	f1,f17,f17	 f17:0x7f800000 f17:0x7f800000  f1=0xff800000
     323285.000 ns	     32327	80006b64	41115613	srai	x12,x2,0x11	  x2:0xbf475938 x12=0xffffdfa3
     323295.000 ns	     32328	80006b68	1ee28b37	lui	x22,0x1ee28	 x22=0x1ee28000
     324465.000 ns	     32445	80006b6c	580d33d3	fsqrt.s	f7,f26	 f26:0x3f7fffae  f7=0x3f35042a
     324485.000 ns	     32447	80006b70	01d3e033	or	x0,x7,x29	  x7:0xfffffff7 x29:0x94143000
     324495.000 ns	     32448	80006b74	011a9813	slli	x16,x21,0x11	 x21:0x800001c4 x16=0x03880000
     324515.000 ns	     32450	80006b78	c0120e53	fcvt.wu.s	x28,f4	  f4:0x3f800000 x28=0x00000001
     324535.000 ns	     32452	80006b7c	004ae733	or	x14,x21,x4	 x21:0x800001c4  x4:0x00000010 x14=0x800001d4
     324555.000 ns	     32454	80006b80	c01bb9d3	fcvt.wu.s	x19,f23	 f23:0x7fc00000 x19=0xffffffff
     324585.000 ns	     32457	80006b84	f00b8253	fmv.w.x	f4,x23	 x23:0xfffffe6e  f4=0xfffffe6e
     324615.000 ns	     32460	80006b88	210802d3	fsgnj.s	f5,f16,f16	 f16:0x00000000 f16:0x00000000  f5=0x00000000
     324645.000 ns	     32463	80006b8c	0284acb3	mulhsu	x25,x9,x8	  x9:0x00000000  x8:0x00000010 x25=0x00000000
     324675.000 ns	     32466	80006b90	209a1bd3	fsgnjn.s	f23,f20,f9	 f20:0x00000000  f9:0x4e7e0000 f23=0x80000000
     324705.000 ns	     32469	80006b94	e0081353	fclass.s	x6,f16	 f16:0x00000000  x6=0x00000010
     324735.000 ns	     32472	80006b98	022a0bb3	mul	x23,x20,x2	 x20:0xa202344a  x2:0xbf475938 x23=0xeb2f2a30
     324765.000 ns	     32475	80006b9c	f0018753	fmv.w.x	f14,x3	  x3:0x00000000 f14=0x00000000
     324785.000 ns	     32477	80006ba0	01c41233	sll	x4,x8,x28	  x8:0x00000010 x28:0x00000001  x4=0x00000020
     324805.000 ns	     32479	80006ba4	03c52833	mulhsu	x16,x10,x28	 x10:0x80040fe4 x28:0x00000001 x16=0xffffffff
     324825.000 ns	     32481	80006ba8	01e4bd33	sltu	x26,x9,x30	  x9:0x00000000 x30:0x00000000 x26=0x00000000
     324835.000 ns	     32482	80006bac	4042d393	srai	x7,x5,0x4	  x5:0x4224f904  x7=0x04224f90
     324845.000 ns	     32483	80006bb0	37c54113	xori	x2,x10,892	 x10:0x80040fe4  x2=0x80040c98
     324855.000 ns	     32484	80006bb4	0166bab3	sltu	x21,x13,x22	 x13:0x4224f904 x22:0x1ee28000 x21=0x00000000
     324875.000 ns	     32486	80006bb8	20ee8dd3	fsgnj.s	f27,f29,f14	 f29:0x4f800000 f14:0x00000000 f27=0x4f800000
     324905.000 ns	     32489	80006bbc	f0000b53	fmv.w.x	f22,x0	  x0:0x00000000 f22=0x00000000
     324935.000 ns	     32492	80006bc0	29758053	fmin.s	f0,f11,f23	 f11:0x80040fe4 f23:0x80000000  f0=0x80040fe4
     324965.000 ns	     32495	80006bc4	28151753	fmax.s	f14,f10,f1	 f10:0x3f800000  f1:0xff800000 f14=0x3f800000
     324985.000 ns	     32497	80006bc8	012b3b33	sltu	x22,x22,x18	 x22:0x1ee28000 x18:0x80041024 x22=0x00000001
     325015.000 ns	     32500	80006bcc	5808f053	fsqrt.s	f0,f17	 f17:0x7f800000  f0=0x7f800000
     325045.000 ns	     32503	80006bd0	d0091fd3	fcvt.s.w	f31,x18	 x18:0x80041024 f31=0xcefff7df
     325075.000 ns	     32506	80006bd4	03986eb3	rem	x29,x16,x25	 x16:0xffffffff x25:0x00000000 x29=0xffffffff
     325095.000 ns	     32508	80006bd8	017b1093	slli	x1,x22,0x17	 x22:0x00000001  x1=0x00800000
     325105.000 ns	     32509	80006bdc	400052b3	sra	x5,x0,x0	  x0:0x00000000  x0:0x00000000  x5=0x00000000
     325115.000 ns	     32510	80006be0	005fcf33	xor	x30,x31,x5	 x31:0x00000000  x5:0x4224f904 x30=0x00000000
     325135.000 ns	     32512	80006be4	c01e19d3	fcvt.wu.s	x19,f28	 f28:0x00000000 x19=0x00000000
     325175.000 ns	     32516	80006be8	1951ab53	fdiv.s	f22,f3,f21	  f3:0x4734aa1a f21:0x00000000 f22=0x7f800000
     325205.000 ns	     32519	80006bec	03f8f333	remu	x6,x17,x31	 x17:0x00000001 x31:0x00000000  x6=0x00000001
     325225.000 ns	     32521	80006bf0	006c7633	and	x12,x24,x6	 x24:0x00000000  x6:0x00000010 x12=0x00000000
     325235.000 ns	     32522	80006bf4	96917b93	andi	x23,x2,-1687	  x2:0x80040c98 x23=0x80040808
     325595.000 ns	     32558	80006bf8	03494bb3	div	x23,x18,x20	 x18:0x80041024 x20:0xa202344a x23=0x00000001
     325615.000 ns	     32560	80006bfc	001e1a93	slli	x21,x28,0x1	 x28:0x00000001 x21=0x00000002
     325635.000 ns	     32562	80006c00	20c606d3	fsgnj.s	f13,f12,f12	 f12:0x00000000 f12:0x00000000 f13=0x00000000
     325665.000 ns	     32565	80006c04	03e30033	mul	x0,x6,x30	  x6:0x00000001 x30:0x00000000
     325685.000 ns	     32567	80006c08	41dcdd33	sra	x26,x25,x29	 x25:0x00000000 x29:0xffffffff x26=0x00000000
     326045.000 ns	     32603	80006c0c	032b5cb3	divu	x25,x22,x18	 x22:0x00000001 x18:0x80041024 x25=0x00000000
     326075.000 ns	     32606	80006c10	e00d97d3	fclass.s	x15,f27	 f27:0x4f800000 x15=0x00000040
     326095.000 ns	     32608	80006c14	01f68db3	add	x27,x13,x31	 x13:0x4224f904 x31:0x00000000 x27=0x4224f904
     326105.000 ns	     32609	80006c18	41648833	sub	x16,x9,x22	  x9:0x00000000 x22:0x00000001 x16=0xffffffff
     326115.000 ns	     32610	80006c1c	3f644813	xori	x16,x8,1014	  x8:0x00000010 x16=0x000003e6
     326135.000 ns	     32612	80006c20	21f98cd3	fsgnj.s	f25,f19,f31	 f19:0x7fc00000 f31:0xcefff7df f25=0xffc00000
     326505.000 ns	     32649	80006c24	02f4cdb3	div	x27,x9,x15	  x9:0x00000000 x15:0x00000040 x27=0x00000000
     326875.000 ns	     32686	80006c28	02114233	div	x4,x2,x1	  x2:0x80040c98  x1:0x00800000  x4=0xffffff01
     326895.000 ns	     32688	80006c2c	78e8c597	auipc	x11,0x78e8c	 x11=0xf8e92c2c
     326915.000 ns	     32690	80006c30	e00c9dd3	fclass.s	x27,f25	 f25:0xffc00000 x27=0x00000200
     326955.000 ns	     32694	80006c34	113ef2d3	fmul.s	f5,f29,f19	 f29:0x4f800000 f19:0x7fc00000  f5=0x7fc00000
     326995.000 ns	     32698	80006c38	580bf9d3	fsqrt.s	f19,f23	 f23:0x80000000 f19=0x80000000
     327015.000 ns	     32700	80006c3c	41135a93	srai	x21,x6,0x11	  x6:0x00000001 x21=0x00000000
     327035.000 ns	     32702	80006c40	c0119cd3	fcvt.wu.s	x25,f3	  f3:0x4734aa1a x25=0x0000b4aa
     327055.000 ns	     32704	80006c44	16092693	slti	x13,x18,352	 x18:0x80041024 x13=0x00000001
     327065.000 ns	     32705	80006c48	01f9adb3	slt	x27,x19,x31	 x19:0x00000000 x31:0x00000000 x27=0x00000000
     327085.000 ns	     32707	80006c4c	e0090ed3	fmv.x.w	x29,f18	 f18:0x00000001 x29=0x00000001
     327115.000 ns	     32710	80006c50	20e51d53	fsgnjn.s	f26,f10,f14	 f10:0x3f800000 f14:0x3f800000 f26=0xbf800000
     327135.000 ns	     32712	80006c54	01c5aeb3	slt	x29,x11,x28	 x11:0xf8e92c2c x28:0x00000001 x29=0x00000001
     327495.000 ns	     32748	80006c58	02f5f4b3	remu	x9,x11,x15	 x11:0xf8e92c2c x15:0x00000040  x9=0x0000002c
     327525.000 ns	     32751	80006c5c	03038233	mul	x4,x7,x16	  x7:0x04224f90 x16:0x000003e6  x4=0x1dc22b60
     327555.000 ns	     32754	80006c60	d00cf253	fcvt.s.w	f4,x25	 x25:0x0000b4aa  f4=0x4734aa00
     327585.000 ns	     32757	80006c64	c010fc53	fcvt.wu.s	x24,f1	  f1:0xff800000 x24=0x00000000
     327605.000 ns	     32759	80006c68	01b622b3	slt	x5,x12,x27	 x12:0x00000000 x27:0x00000000  x5=0x00000000
     327615.000 ns	     32760	80006c6c	41ee85b3	sub	x11,x29,x30	 x29:0x00000001 x30:0x00000000 x11=0x00000001
     327625.000 ns	     32761	80006c70	40405a93	srai	x21,x0,0x4	  x0:0x00000000 x21=0x00000000
     327645.000 ns	     32763	80006c74	21c40e53	fsgnj.s	f28,f8,f28	  f8:0x80000000 f28:0x00000000 f28=0x00000000
     327675.000 ns	     32766	80006c78	a0cca9d3	feq.s	x19,f25,f12	 f25:0xffc00000 f12:0x00000000 x19=0x00000000
     327705.000 ns	     32769	80006c7c	29ee1a53	fmax.s	f20,f28,f30	 f28:0x00000000 f30:0x4734aa1a f20=0x4734aa1a
     327725.000 ns	     32771	80006c80	be60a713	slti	x14,x1,-1050	  x1:0x00800000 x14=0x00000000
     327765.000 ns	     32775	80006c84	00dc7ed3	fadd.s	f29,f24,f13	 f24:0x80000000 f13:0x00000000 f29=0x00000000
     327795.000 ns	     32778	80006c88	02cd9c33	mulh	x24,x27,x12	 x27:0x00000000 x12:0x00000000 x24=0x00000000
     327825.000 ns	     32781	80006c8c	a10f8153	fle.s	x2,f31,f16	 f31:0xcefff7df f16:0x00000000  x2=0x00000001
     327855.000 ns	     32784	80006c90	022f8db3	mul	x27,x31,x2	 x31:0x00000000  x2:0x80040c98 x27=0x00000000
     327885.000 ns	     32787	80006c94	f00f8853	fmv.w.x	f16,x31	 x31:0x00000000 f16=0x00000000
     327905.000 ns	     32789	80006c98	cb90c793	xori	x15,x1,-839	  x1:0x00800000 x15=0xff7ffcb9
     327915.000 ns	     32790	80006c9c	b05d28b7	lui	x17,0xb05d2	 x17=0xb05d2000
     327935.000 ns	     32792	80006ca0	e0070bd3	fmv.x.w	x23,f14	 f14:0x3f800000 x23=0x3f800000
     327965.000 ns	     32795	80006ca4	a02915d3	flt.s	x11,f18,f2	 f18:0x00000001  f2:0x7f800000 x11=0x00000001
     327995.000 ns	     32798	80006ca8	a17483d3	fle.s	x7,f9,f23	  f9:0x4e7e0000 f23:0x80000000  x7=0x00000000
     328365.000 ns	     32835	80006cac	031d5f33	divu	x30,x26,x17	 x26:0x00000000 x17:0xb05d2000 x30=0x00000000
     328385.000 ns	     32837	80006cb0	b57f12b7	lui	x5,0xb57f1	  x5=0xb57f1000
     328395.000 ns	     32838	80006cb4	522a4713	xori	x14,x20,1314	 x20:0xa202344a x14=0xa2023168
     328415.000 ns	     32840	80006cb8	297d14d3	fmax.s	f9,f26,f23	 f26:0xbf800000 f23:0x80000000  f9=0x80000000
     328435.000 ns	     32842	80006cbc	00975f13	srli	x30,x14,0x9	 x14:0x00000000 x30=0x00510118
     328445.000 ns	     32843	80006cc0	ff7a9db7	lui	x27,0xff7a9	 x27=0xff7a9000
     328465.000 ns	     32845	80006cc4	c013f453	fcvt.wu.s	x8,f7	  f7:0x3f35042a  x8=0x00000000
     328835.000 ns	     32882	80006cc8	022471b3	remu	x3,x8,x2	  x8:0x00000010  x2:0x00000001  x3=0x00000000
     328865.000 ns	     32885	80006ccc	e0061bd3	fclass.s	x23,f12	 f12:0x00000000 x23=0x00000010
     328895.000 ns	     32888	80006cd0	03001ab3	mulh	x21,x0,x16	  x0:0x00000000 x16:0x000003e6 x21=0x00000000
     328925.000 ns	     32891	80006cd4	02c30b33	mul	x22,x6,x12	  x6:0x00000001 x12:0x00000000 x22=0x00000000
     328945.000 ns	     32893	80006cd8	637aba93	sltiu	x21,x21,1591	 x21:0x00000000 x21=0x00000001
     328965.000 ns	     32895	80006cdc	a04daf53	feq.s	x30,f27,f4	 f27:0x4f800000  f4:0x4734aa00 x30=0x00000000
     328995.000 ns	     32898	80006ce0	c0049053	fcvt.w.s	x0,f9	  f9:0x80000000
     329025.000 ns	     32901	80006ce4	024383b3	mul	x7,x7,x4	  x7:0x00000000  x4:0x1dc22b60  x7=0x00000000
     329055.000 ns	     32904	80006ce8	030833b3	mulhu	x7,x16,x16	 x16:0x000003e6 x16:0x000003e6  x7=0x00000000
     329425.000 ns	     32941	80006cec	02537433	remu	x8,x6,x5	  x6:0x00000001  x5:0xb57f1000  x8=0x00000001
     329455.000 ns	     32944	80006cf0	e00d19d3	fclass.s	x19,f26	 f26:0xbf800000 x19=0x00000002
     329475.000 ns	     32946	80006cf4	00d3f7b3	and	x15,x7,x13	  x7:0x00000000 x13:0x00000001 x15=0x00000000
     329495.000 ns	     32948	80006cf8	02f8e033	rem	x0,x17,x15	 x17:0xb05d2000 x15:0xff7ffcb9
     329515.000 ns	     32950	80006cfc	0bbfcf93	xori	x31,x31,187	 x31:0x00000000 x31=0x000000bb
     329535.000 ns	     32952	80006d00	d00a9dd3	fcvt.s.w	f27,x21	 x21:0x00000001 f27=0x3f800000
     329555.000 ns	     32954	80006d04	01bd42b3	xor	x5,x26,x27	 x26:0x00000000 x27:0xff7a9000  x5=0xff7a9000
     329565.000 ns	     32955	80006d08	0173bd33	sltu	x26,x7,x23	  x7:0x00000000 x23:0x00000010 x26=0x00000001
     329575.000 ns	     32956	80006d0c	013de1b3	or	x3,x27,x19	 x27:0xff7a9000 x19:0x00000002  x3=0xff7a9002
     329595.000 ns	     32958	80006d10	f0008153	fmv.w.x	f2,x1	  x1:0x00800000  f2=0x00800000
     329625.000 ns	     32961	80006d14	03ce8fb3	mul	x31,x29,x28	 x29:0x00000001 x28:0x00000001 x31=0x00000001
     329655.000 ns	     32964	80006d18	a16705d3	fle.s	x11,f14,f22	 f14:0x3f800000 f22:0x7f800000 x11=0x00000001
     329705.000 ns	     32969	80006d1c	0828f253	fsub.s	f4,f17,f2	 f17:0x7f800000  f2:0x00800000  f4=0x7f800000
     329735.000 ns	     32972	80006d20	03d7a1b3	mulhsu	x3,x15,x29	 x15:0x00000000 x29:0x00000001  x3=0x00000000
     329785.000 ns	     32977	80006d24	09b27a53	fsub.s	f20,f4,f27	  f4:0x7f800000 f27:0x3f800000 f20=0x7f800000
     329815.000 ns	     32980	80006d28	a1621dd3	flt.s	x27,f4,f22	  f4:0x7f800000 f22:0x7f800000 x27=0x00000000
     329845.000 ns	     32983	80006d2c	02014db3	div	x27,x2,x0	  x2:0x00000001  x0:0x00000000 x27=0xffffffff
     329865.000 ns	     32985	80006d30	00b5dfb3	srl	x31,x11,x11	 x11:0x00000001 x11:0x00000001 x31=0x00000000
     329875.000 ns	     32986	80006d34	d8f13c93	sltiu	x25,x2,-625	  x2:0x00000001 x25=0x00000001
     329885.000 ns	     32987	80006d38	00925793	srli	x15,x4,0x9	  x4:0x1dc22b60 x15=0x000ee115
     330245.000 ns	     33023	80006d3c	024dd1b3	divu	x3,x27,x4	 x27:0xffffffff  x4:0x1dc22b60  x3=0x00000008
     330275.000 ns	     33026	80006d40	c0049d53	fcvt.w.s	x26,f9	  f9:0x80000000 x26=0x00000000
     330295.000 ns	     33028	80006d44	01fd9d13	slli	x26,x27,0x1f	 x27:0xffffffff x26=0x80000000
     330305.000 ns	     33029	80006d48	00a45c13	srli	x24,x8,0xa	  x8:0x00000001 x24=0x00000000
     330315.000 ns	     33030	80006d4c	006c4ab3	xor	x21,x24,x6	 x24:0x00000000  x6:0x00000001 x21=0x00000001
     330335.000 ns	     33032	80006d50	a12f06d3	fle.s	x13,f30,f18	 f30:0x4734aa1a f18:0x00000001 x13=0x00000000
     330355.000 ns	     33034	80006d54	40745093	srai	x1,x8,0x7	  x8:0x00000001  x1=0x00000000
     330375.000 ns	     33036	80006d58	e0079153	fclass.s	x2,f15	 f15:0x80000000  x2=0x00000008
     330405.000 ns	     33039	80006d5c	a1c72853	feq.s	x16,f14,f28	 f14:0x3f800000 f28:0x00000000 x16=0x00000000
     330425.000 ns	     33041	80006d60	bed77113	andi	x2,x14,-1043	 x14:0xa2023168  x2=0xa2023168
     330435.000 ns	     33042	80006d64	43df8093	addi	x1,x31,1085	 x31:0x00000000  x1=0x0000043d
     330795.000 ns	     33078	80006d68	028bd733	divu	x14,x23,x8	 x23:0x00000010  x8:0x00000001 x14=0x00000010
     330835.000 ns	     33082	80006d6c	580e4c53	fsqrt.s	f24,f28	 f28:0x00000000 f24=0x00000000
     330885.000 ns	     33087	80006d70	01977853	fadd.s	f16,f14,f25	 f14:0x3f800000 f25:0xffc00000 f16=0x7fc00000
     330915.000 ns	     33090	80006d74	a002a253	feq.s	x4,f5,f0	  f5:0x7fc00000  f0:0x7f800000  x4=0x00000000
     330945.000 ns	     33093	80006d78	21c28253	fsgnj.s	f4,f5,f28	  f5:0x7fc00000 f28:0x00000000  f4=0x7fc00000
     330965.000 ns	     33095	80006d7c	01570733	add	x14,x14,x21	 x14:0x00000010 x21:0x00000001 x14=0x00000011
     330975.000 ns	     33096	80006d80	002fd233	srl	x4,x31,x2	 x31:0x00000000  x2:0xa2023168  x4=0x00000000
     330985.000 ns	     33097	80006d84	f02eed17	auipc	x26,0xf02ee	 x26=0x702f4d84
     331005.000 ns	     33099	80006d88	d0192153	fcvt.s.wu	f2,x18	 x18:0x80041024  f2=0x4f000411
     331025.000 ns	     33101	80006d8c	4a14cf13	xori	x30,x9,1185	  x9:0x0000002c x30=0x0000048d
     331045.000 ns	     33103	80006d90	206686d3	fsgnj.s	f13,f13,f6	 f13:0x00000000  f6:0x80040fe4 f13=0x80000000
     331065.000 ns	     33105	80006d94	01f3ecb3	or	x25,x7,x31	  x7:0x00000000 x31:0x00000000 x25=0x00000000
     331075.000 ns	     33106	80006d98	143a6813	ori	x16,x20,323	 x20:0xa202344a x16=0xa202354b
     331085.000 ns	     33107	80006d9c	00aba6b3	slt	x13,x23,x10	 x23:0x00000010 x10:0x80040fe4 x13=0x00000000
     331105.000 ns	     33109	80006da0	033aab33	mulhsu	x22,x21,x19	 x21:0x00000001 x19:0x00000002 x22=0x00000000
     331135.000 ns	     33112	80006da4	a0529153	flt.s	x2,f5,f5	  f5:0x7fc00000  f5:0x7fc00000  x2=0x00000000
     331155.000 ns	     33114	80006da8	25a5c393	xori	x7,x11,602	 x11:0x00000001  x7=0x0000025b
     331165.000 ns	     33115	80006dac	fdedab97	auipc	x23,0xfdeda	 x23=0x7dee0dac
     331525.000 ns	     33151	80006db0	03c67633	remu	x12,x12,x28	 x12:0x00000000 x28:0x00000001 x12=0x00000000
     331555.000 ns	     33154	80006db4	c005bc53	fcvt.w.s	x24,f11	 f11:0x80040fe4 x24=0x00000000
     331585.000 ns	     33157	80006db8	202c2ad3	fsgnjx.s	f21,f24,f2	 f24:0x00000000  f2:0x4f000411 f21=0x00000000
     331635.000 ns	     33162	80006dbc	09baccd3	fsub.s	f25,f21,f27	 f21:0x00000000 f27:0x3f800000 f25=0xbf800000
     331655.000 ns	     33164	80006dc0	7f8b31b7	lui	x3,0x7f8b3	  x3=0x7f8b3000
     331675.000 ns	     33166	80006dc4	03694633	div	x12,x18,x22	 x18:0x80041024 x22:0x00000000 x12=0xffffffff
     331705.000 ns	     33169	80006dc8	c0101153	fcvt.wu.s	x2,f0	  f0:0x7f800000  x2=0xffffffff
     331735.000 ns	     33172	80006dcc	f00f8e53	fmv.w.x	f28,x31	 x31:0x00000000 f28=0x00000000
     331755.000 ns	     33174	80006dd0	b40e5237	lui	x4,0xb40e5	  x4=0xb40e5000
     331775.000 ns	     33176	80006dd4	02158033	mul	x0,x11,x1	 x11:0x00000001  x1:0x0000043d
     331805.000 ns	     33179	80006dd8	d0174553	fcvt.s.wu	f10,x14	 x14:0x00000011 f10=0x41880000
     331825.000 ns	     33181	80006ddc	00767fb3	and	x31,x12,x7	 x12:0xffffffff  x7:0x0000025b x31=0x0000025b
     331835.000 ns	     33182	80006de0	00292cb3	slt	x25,x18,x2	 x18:0x80041024  x2:0xffffffff x25=0x00000001
     331845.000 ns	     33183	80006de4	00e97cb3	and	x25,x18,x14	 x18:0x80041024 x14:0x00000011 x25=0x00000000
     331865.000 ns	     33185	80006de8	a1520d53	fle.s	x26,f4,f21	  f4:0x7fc00000 f21:0x00000000 x26=0x00000000
     331885.000 ns	     33187	80006dec	01d82eb3	slt	x29,x16,x29	 x16:0xa202354b x29:0x00000001 x29=0x00000001
     331895.000 ns	     33188	80006df0	00161093	slli	x1,x12,0x1	 x12:0xffffffff  x1=0xfffffffe
     331915.000 ns	     33190	80006df4	d016f1d3	fcvt.s.wu	f3,x13	 x13:0x00000000  f3=0x00000000
     331935.000 ns	     33192	80006df8	00aef0b3	and	x1,x29,x10	 x29:0x00000001 x10:0x80040fe4  x1=0x00000000
     331955.000 ns	     33194	80006dfc	29719253	fmax.s	f4,f3,f23	  f3:0x00000000 f23:0x80000000  f4=0x00000000
     331995.000 ns	     33198	80006e00	580efe53	fsqrt.s	f28,f29	 f29:0x00000000 f28=0x00000000
     332025.000 ns	     33201	80006e04	20f108d3	fsgnj.s	f17,f2,f15	  f2:0x4f000411 f15:0x80000000 f17=0xcf000411
     332045.000 ns	     33203	80006e08	01955613	srli	x12,x10,0x19	 x10:0x80040fe4 x12=0x00000040
     332065.000 ns	     33205	80006e0c	e0058053	fmv.x.w	x0,f11	 f11:0x80040fe4
     332095.000 ns	     33208	80006e10	a17380d3	fle.s	x1,f7,f23	  f7:0x3f35042a f23:0x80000000  x1=0x00000000
     332125.000 ns	     33211	80006e14	c00b79d3	fcvt.w.s	x19,f22	 f22:0x7f800000 x19=0x7fffffff
     332145.000 ns	     33213	80006e18	407f5f13	srai	x30,x30,0x7	 x30:0x0000048d x30=0x00000009
     332165.000 ns	     33215	80006e1c	21ada9d3	fsgnjx.s	f19,f27,f26	 f27:0x3f800000 f26:0xbf800000 f19=0xbf800000
     332195.000 ns	     33218	80006e20	03421d33	mulh	x26,x4,x20	  x4:0xb40e5000 x20:0xa202344a x26=0x1be21739
     332225.000 ns	     33221	80006e24	e0050c53	fmv.x.w	x24,f10	 f10:0x41880000 x24=0x41880000
     332245.000 ns	     33223	80006e28	418d55b3	sra	x11,x26,x24	 x26:0x1be21739 x24:0x00000000 x11=0x1be21739
     332255.000 ns	     33224	80006e2c	1daac613	xori	x12,x21,474	 x21:0x00000001 x12=0x000001db
     332295.000 ns	     33228	80006e30	082884d3	fsub.s	f9,f17,f2	 f17:0xcf000411  f2:0x4f000411  f9=0xcf800411
     332325.000 ns	     33231	80006e34	c0198e53	fcvt.wu.s	x28,f19	 f19:0xbf800000 x28=0x00000001
     332345.000 ns	     33233	80006e38	0073c1b3	xor	x3,x7,x7	  x7:0x0000025b  x7:0x0000025b  x3=0x00000000
     332365.000 ns	     33235	80006e3c	20e2a153	fsgnjx.s	f2,f5,f14	  f5:0x7fc00000 f14:0x3f800000  f2=0x7fc00000
     332385.000 ns	     33237	80006e40	0049e9b3	or	x19,x19,x4	 x19:0x7fffffff  x4:0xb40e5000 x19=0xffffffff
     332405.000 ns	     33239	80006e44	20b59053	fsgnjn.s	f0,f11,f11	 f11:0x80040fe4 f11:0x80040fe4  f0=0x00040fe4
     332425.000 ns	     33241	80006e48	01a2f1b3	and	x3,x5,x26	  x5:0xff7a9000 x26:0x1be21739  x3=0x1b621000
     332435.000 ns	     33242	80006e4c	00705413	srli	x8,x0,0x7	  x0:0x00000000  x8=0x00000000
     332445.000 ns	     33243	80006e50	c82b2713	slti	x14,x22,-894	 x22:0x00000000 x14=0x00000000
     332465.000 ns	     33245	80006e54	03003c33	mulhu	x24,x0,x16	  x0:0x00000000 x16:0xa202354b x24=0x00000000
     332495.000 ns	     33248	80006e58	21c18853	fsgnj.s	f16,f3,f28	  f3:0x00000000 f28:0x00000000 f16=0x00000000
     332515.000 ns	     33250	80006e5c	00465cb3	srl	x25,x12,x4	 x12:0x000001db  x4:0xb40e5000 x25=0x000001db
     332525.000 ns	     33251	80006e60	01187e33	and	x28,x16,x17	 x16:0xa202354b x17:0xb05d2000 x28=0xa0002000
     332885.000 ns	     33287	80006e64	03bd49b3	div	x19,x26,x27	 x26:0x1be21739 x27:0xffffffff x19=0xe41de8c7
     332925.000 ns	     33291	80006e68	194df7d3	fdiv.s	f15,f27,f20	 f27:0x3f800000 f20:0x7f800000 f15=0x00000000
     332945.000 ns	     33293	80006e6c	6d7ffb13	andi	x22,x31,1751	 x31:0x0000025b x22=0x00000253
     332965.000 ns	     33295	80006e70	a1bd9153	flt.s	x2,f27,f27	 f27:0x3f800000 f27:0x3f800000  x2=0x00000000
     332995.000 ns	     33298	80006e74	20b32c53	fsgnjx.s	f24,f6,f11	  f6:0x80040fe4 f11:0x80040fe4 f24=0x00040fe4
     333025.000 ns	     33301	80006e78	21990053	fsgnj.s	f0,f18,f25	 f18:0x00000001 f25:0xbf800000  f0=0x80000001
     333055.000 ns	     33304	80006e7c	20a70d53	fsgnj.s	f26,f14,f10	 f14:0x3f800000 f10:0x41880000 f26=0x3f800000
     333085.000 ns	     33307	80006e80	213e13d3	fsgnjn.s	f7,f28,f19	 f28:0x00000000 f19:0xbf800000  f7=0x00000000
     333115.000 ns	     33310	80006e84	290b9ed3	fmax.s	f29,f23,f16	 f23:0x80000000 f16:0x00000000 f29=0x00000000
     333135.000 ns	     33312	80006e88	004bb7b3	sltu	x15,x23,x4	 x23:0x7dee0dac  x4:0xb40e5000 x15=0x00000001
     333145.000 ns	     33313	80006e8c	01abde33	srl	x28,x23,x26	 x23:0x7dee0dac x26:0x1be21739 x28=0x0000003e
     333155.000 ns	     33314	80006e90	017b8633	add	x12,x23,x23	 x23:0x7dee0dac x23:0x7dee0dac x12=0xfbdc1b58
     333175.000 ns	     33316	80006e94	d00c79d3	fcvt.s.w	f19,x24	 x24:0x00000000 f19=0x00000000
     333205.000 ns	     33319	80006e98	21248bd3	fsgnj.s	f23,f9,f18	  f9:0xcf800411 f18:0x00000001 f23=0x4f800411
     333225.000 ns	     33321	80006e9c	40f65f13	srai	x30,x12,0xf	 x12:0xfbdc1b58 x30=0xfffff7b8
     333235.000 ns	     33322	80006ea0	5df0f193	andi	x3,x1,1503	  x1:0x00000000  x3=0x00000000
     333255.000 ns	     33324	80006ea4	d00072d3	fcvt.s.w	f5,x0	  x0:0x00000000  f5=0x00000000
     333275.000 ns	     33326	80006ea8	0179e7b3	or	x15,x19,x23	 x19:0xe41de8c7 x23:0x7dee0dac x15=0xfdffedef
     333315.000 ns	     33330	80006eac	013d09d3	fadd.s	f19,f26,f19	 f26:0x3f800000 f19:0x00000000 f19=0x3f800000
     333335.000 ns	     33332	80006eb0	67044693	xori	x13,x8,1648	  x8:0x00000000 x13=0x00000670
     333695.000 ns	     33368	80006eb4	02a7cfb3	div	x31,x15,x10	 x15:0xfdffedef x10:0x80040fe4 x31=0x00000000
     333745.000 ns	     33373	80006eb8	01503653	fadd.s	f12,f0,f21	  f0:0x80000001 f21:0x00000000 f12=0x80000001
     334115.000 ns	     33410	80006ebc	03aec633	div	x12,x29,x26	 x29:0x00000001 x26:0x1be21739 x12=0x00000000
     334145.000 ns	     33413	80006ec0	0270a7b3	mulhsu	x15,x1,x7	  x1:0x00000000  x7:0x0000025b x15=0x00000000
     334165.000 ns	     33415	80006ec4	6e24a213	slti	x4,x9,1762	  x9:0x0000002c  x4=0x00000001
     334185.000 ns	     33417	80006ec8	284f8cd3	fmin.s	f25,f31,f4	 f31:0xcefff7df  f4:0x00000000 f25=0xcefff7df
     334205.000 ns	     33419	80006ecc	00e4d333	srl	x6,x9,x14	  x9:0x0000002c x14:0x00000000  x6=0x0000002c
     334215.000 ns	     33420	80006ed0	46590213	addi	x4,x18,1125	 x18:0x80041024  x4=0x80041489
     334225.000 ns	     33421	80006ed4	00000013	addi	x0,x0,0	  x0:0x00000000
     334245.000 ns	     33423	80006ed8	c007f053	fcvt.w.s	x0,f15	 f15:0x00000000
     334275.000 ns	     33426	80006edc	2026abd3	fsgnjx.s	f23,f13,f2	 f13:0x80000000  f2:0x7fc00000 f23=0x80000000
     334305.000 ns	     33429	80006ee0	0388e8b3	rem	x17,x17,x24	 x17:0xb05d2000 x24:0x00000000 x17=0xb05d2000
     334335.000 ns	     33432	80006ee4	20842953	fsgnjx.s	f18,f8,f8	  f8:0x80000000  f8:0x80000000 f18=0x00000000
     334385.000 ns	     33437	80006ee8	09d5ff53	fsub.s	f30,f11,f29	 f11:0x80040fe4 f29:0x00000000 f30=0x80040fe4
     334405.000 ns	     33439	80006eec	00000013	addi	x0,x0,0	  x0:0x00000000
     334415.000 ns	     33440	80006ef0	00412e33	slt	x28,x2,x4	  x2:0x00000000  x4:0x80041489 x28=0x00000000
     334775.000 ns	     33476	80006ef4	02d57233	remu	x4,x10,x13	 x10:0x80040fe4 x13:0x00000670  x4=0x000001c4
     334805.000 ns	     33479	80006ef8	e0079ad3	fclass.s	x21,f15	 f15:0x00000000 x21=0x00000010
     334835.000 ns	     33482	80006efc	025b0db3	mul	x27,x22,x5	 x22:0x00000253  x5:0xff7a9000 x27=0xc9dcb000
     334855.000 ns	     33484	80006f00	01005ab3	srl	x21,x0,x16	  x0:0x00000000 x16:0xa202354b x21=0x00000000
     334875.000 ns	     33486	80006f04	28a31253	fmax.s	f4,f6,f10	  f6:0x80040fe4 f10:0x41880000  f4=0x41880000
     334895.000 ns	     33488	80006f08	417b0cb3	sub	x25,x22,x23	 x22:0x00000253 x23:0x7dee0dac x25=0x8211f4a7
     334915.000 ns	     33490	80006f0c	e00c1f53	fclass.s	x30,f24	 f24:0x00040fe4 x30=0x00000020
     334935.000 ns	     33492	80006f10	00fd4f33	xor	x30,x26,x15	 x26:0x1be21739 x15:0x00000000 x30=0x1be21739
     334965.000 ns	     33495	80006f14	196888d3	fdiv.s	f17,f17,f22	 f17:0xcf000411 f22:0x7f800000 f17=0x80000000
     334995.000 ns	     33498	80006f18	214d8653	fsgnj.s	f12,f27,f20	 f27:0x3f800000 f20:0x7f800000 f12=0x3f800000
     335365.000 ns	     33535	80006f1c	02b8ecb3	rem	x25,x17,x11	 x17:0xb05d2000 x11:0x1be21739 x25=0xe8214e72
     335395.000 ns	     33538	80006f20	f00d0553	fmv.w.x	f10,x26	 x26:0x1be21739 f10=0x1be21739
     335435.000 ns	     33542	80006f24	110cfad3	fmul.s	f21,f25,f16	 f25:0xcefff7df f16:0x00000000 f21=0x80000000
     335465.000 ns	     33545	80006f28	20b62a53	fsgnjx.s	f20,f12,f11	 f12:0x3f800000 f11:0x80040fe4 f20=0xbf800000
     335485.000 ns	     33547	80006f2c	40cb5f13	srai	x30,x22,0xc	 x22:0x00000253 x30=0x00000000
     335845.000 ns	     33583	80006f30	024b74b3	remu	x9,x22,x4	 x22:0x00000253  x4:0x000001c4  x9=0x0000008f
     335875.000 ns	     33586	80006f34	287183d3	fmin.s	f7,f3,f7	  f3:0x00000000  f7:0x00000000  f7=0x00000000
     335895.000 ns	     33588	80006f38	003b9733	sll	x14,x23,x3	 x23:0x7dee0dac  x3:0x00000000 x14=0x7dee0dac
     335915.000 ns	     33590	80006f3c	21b890d3	fsgnjn.s	f1,f17,f27	 f17:0x80000000 f27:0x3f800000  f1=0x80000000
     335945.000 ns	     33593	80006f40	032a85b3	mul	x11,x21,x18	 x21:0x00000000 x18:0x80041024 x11=0x00000000
     335975.000 ns	     33596	80006f44	28790ed3	fmin.s	f29,f18,f7	 f18:0x00000000  f7:0x00000000 f29=0x00000000
     335995.000 ns	     33598	80006f48	02eac693	xori	x13,x21,46	 x21:0x00000000 x13=0x0000002e
     336015.000 ns	     33600	80006f4c	021ffe33	remu	x28,x31,x1	 x31:0x00000000  x1:0x00000000 x28=0x00000000
     336045.000 ns	     33603	80006f50	296e00d3	fmin.s	f1,f28,f22	 f28:0x00000000 f22:0x7f800000  f1=0x00000000
     336075.000 ns	     33606	80006f54	21c09c53	fsgnjn.s	f24,f1,f28	  f1:0x80000000 f28:0x00000000 f24=0x80000000
     336105.000 ns	     33609	80006f58	d01f9053	fcvt.s.wu	f0,x31	 x31:0x00000000  f0=0x00000000
     336135.000 ns	     33612	80006f5c	02f6d6b3	divu	x13,x13,x15	 x13:0x0000002e x15:0x00000000 x13=0xffffffff
     336155.000 ns	     33614	80006f60	01e974b3	and	x9,x18,x30	 x18:0x80041024 x30:0x00000000  x9=0x00000000
     336185.000 ns	     33617	80006f64	1837ba53	fdiv.s	f20,f15,f3	 f15:0x00000000  f3:0x00000000 f20=0x7fc00000
     336205.000 ns	     33619	80006f68	0edcef93	ori	x31,x25,237	 x25:0xe8214e72 x31=0xe8214eff
     336225.000 ns	     33621	80006f6c	20931ed3	fsgnjn.s	f29,f6,f9	  f6:0x80040fe4  f9:0xcf800411 f29=0x00040fe4
     336255.000 ns	     33624	80006f70	c0117353	fcvt.wu.s	x6,f2	  f2:0x7fc00000  x6=0xffffffff
     336275.000 ns	     33626	80006f74	405adf13	srai	x30,x21,0x5	 x21:0x00000000 x30=0x00000000
     336295.000 ns	     33628	80006f78	03330c33	mul	x24,x6,x19	  x6:0xffffffff x19:0xe41de8c7 x24=0x1be21739
     336315.000 ns	     33630	80006f7c	00235433	srl	x8,x6,x2	  x6:0xffffffff  x2:0x00000000  x8=0xffffffff
     336325.000 ns	     33631	80006f80	354fc093	xori	x1,x31,852	 x31:0xe8214eff  x1=0xe8214dab
     336335.000 ns	     33632	80006f84	01d902b3	add	x5,x18,x29	 x18:0x80041024 x29:0x00000001  x5=0x80041025
     336345.000 ns	     33633	80006f88	b6338f13	addi	x30,x7,-1181	  x7:0x0000025b x30=0xfffffdbe
     336365.000 ns	     33635	80006f8c	28fe96d3	fmax.s	f13,f29,f15	 f29:0x00040fe4 f15:0x00000000 f13=0x00040fe4
     336395.000 ns	     33638	80006f90	c013fbd3	fcvt.wu.s	x23,f7	  f7:0x00000000 x23=0x00000000
     336425.000 ns	     33641	80006f94	20c12453	fsgnjx.s	f8,f2,f12	  f2:0x7fc00000 f12:0x3f800000  f8=0x7fc00000
     336455.000 ns	     33644	80006f98	03c307b3	mul	x15,x6,x28	  x6:0xffffffff x28:0x00000000 x15=0x00000000
     336485.000 ns	     33647	80006f9c	e0058b53	fmv.x.w	x22,f11	 f11:0x80040fe4 x22=0x80040fe4
     336515.000 ns	     33650	80006fa0	a03e1453	flt.s	x8,f28,f3	 f28:0x00000000  f3:0x00000000  x8=0x00000000
     336535.000 ns	     33652	80006fa4	5bc57993	andi	x19,x10,1468	 x10:0x80040fe4 x19=0x000005a4
     336555.000 ns	     33654	80006fa8	f0060453	fmv.w.x	f8,x12	 x12:0x00000000  f8=0x00000000
     336575.000 ns	     33656	80006fac	0ac08a97	auipc	x21,0xac08	 x21=0x8ac0efac
     336595.000 ns	     33658	80006fb0	c01b7c53	fcvt.wu.s	x24,f22	 f22:0x7f800000 x24=0xffffffff
     336625.000 ns	     33661	80006fb4	204f84d3	fsgnj.s	f9,f31,f4	 f31:0xcefff7df  f4:0x41880000  f9=0x4efff7df
     336645.000 ns	     33663	80006fb8	01da6eb3	or	x29,x20,x29	 x20:0xa202344a x29:0x00000001 x29=0xa202344b
     336655.000 ns	     33664	80006fbc	53342d13	slti	x26,x8,1331	  x8:0x00000000 x26=0x00000001
     336665.000 ns	     33665	80006fc0	40035213	srai	x4,x6,0x0	  x6:0xffffffff  x4=0xffffffff
     336685.000 ns	     33667	80006fc4	218694d3	fsgnjn.s	f9,f13,f24	 f13:0x00040fe4 f24:0x80000000  f9=0x00040fe4
     336705.000 ns	     33669	80006fc8	aae7cf13	xori	x30,x15,-1362	 x15:0x00000000 x30=0xfffffaae
     336725.000 ns	     33671	80006fcc	d002fdd3	fcvt.s.w	f27,x5	  x5:0x80041025 f27=0xcefff7df
     336755.000 ns	     33674	80006fd0	033434b3	mulhu	x9,x8,x19	  x8:0x00000000 x19:0x000005a4  x9=0x00000000
     336785.000 ns	     33677	80006fd4	03091d33	mulh	x26,x18,x16	 x18:0x80041024 x16:0xa202354b x26=0x2efd6776
     336805.000 ns	     33679	80006fd8	01031cb3	sll	x25,x6,x16	  x6:0xffffffff x16:0xa202354b x25=0xfffff800
     336825.000 ns	     33681	80006fdc	28479f53	fmax.s	f30,f15,f4	 f15:0x00000000  f4:0x41880000 f30=0x41880000
     336855.000 ns	     33684	80006fe0	21779353	fsgnjn.s	f6,f15,f23	 f15:0x00000000 f23:0x80000000  f6=0x00000000
     336885.000 ns	     33687	80006fe4	28068d53	fmin.s	f26,f13,f0	 f13:0x00040fe4  f0:0x00000000 f26=0x00000000
     336905.000 ns	     33689	80006fe8	00af9693	slli	x13,x31,0xa	 x31:0xe8214eff x13=0x853bfc00
     336925.000 ns	     33691	80006fec	d010f6d3	fcvt.s.wu	f13,x1	  x1:0xe8214dab f13=0x4f68214d
     336945.000 ns	     33693	80006ff0	40695013	srai	x0,x18,0x6	 x18:0x80041024
     336955.000 ns	     33694	80006ff4	015102b3	add	x5,x2,x21	  x2:0x00000000 x21:0x8ac0efac  x5=0x8ac0efac
     336975.000 ns	     33696	80006ff8	210384d3	fsgnj.s	f9,f7,f16	  f7:0x00000000 f16:0x00000000  f9=0x00000000
     337005.000 ns	     33699	80006ffc	28a89cd3	fmax.s	f25,f17,f10	 f17:0x80000000 f10:0x1be21739 f25=0x1be21739
     337025.000 ns	     33701	80007000	4a4bf193	andi	x3,x23,1188	 x23:0x00000000  x3=0x00000000
     337045.000 ns	     33703	80007004	28678ad3	fmin.s	f21,f15,f6	 f15:0x00000000  f6:0x00000000 f21=0x00000000
     337415.000 ns	     33740	80007008	0335f433	remu	x8,x11,x19	 x11:0x00000000 x19:0x000005a4  x8=0x00000000
     337445.000 ns	     33743	8000700c	281f0153	fmin.s	f2,f30,f1	 f30:0x41880000  f1:0x00000000  f2=0x00000000
     337465.000 ns	     33745	80007010	00c78ab3	add	x21,x15,x12	 x15:0x00000000 x12:0x00000000 x21=0x00000000
     337825.000 ns	     33781	80007014	027ce6b3	rem	x13,x25,x7	 x25:0xfffff800  x7:0x0000025b x13=0xffffff11
     337845.000 ns	     33783	80007018	5018e993	ori	x19,x17,1281	 x17:0xb05d2000 x19=0xb05d2501
     337855.000 ns	     33784	8000701c	0133e0b3	or	x1,x7,x19	  x7:0x0000025b x19:0x000005a4  x1=0xb05d275b
     337885.000 ns	     33787	80007020	580587d3	fsqrt.s	f15,f11	 f11:0x80040fe4 f15=0x7fc00000
     337905.000 ns	     33789	80007024	ce3d2b13	slti	x22,x26,-797	 x26:0x2efd6776 x22=0x00000000
     337925.000 ns	     33791	80007028	e00d0fd3	fmv.x.w	x31,f26	 f26:0x00000000 x31=0x00000000
     337945.000 ns	     33793	8000702c	013945b3	xor	x11,x18,x19	 x18:0x80041024 x19:0xb05d2501 x11=0x30593525
     337965.000 ns	     33795	80007030	a096afd3	feq.s	x31,f13,f9	 f13:0x4f68214d  f9:0x00000000 x31=0x00000000
     337985.000 ns	     33797	80007034	4b983993	sltiu	x19,x16,1209	 x16:0xa202354b x19=0x00000000
     338005.000 ns	     33799	80007038	21db04d3	fsgnj.s	f9,f22,f29	 f22:0x7f800000 f29:0x00040fe4  f9=0x7f800000
     338375.000 ns	     33836	8000703c	031a4033	div	x0,x20,x17	 x20:0xa202344a x17:0xb05d2000
     338425.000 ns	     33841	80007040	016e4153	fadd.s	f2,f28,f22	 f28:0x00000000 f22:0x7f800000  f2=0x7f800000
     338475.000 ns	     33846	80007044	08c99053	fsub.s	f0,f19,f12	 f19:0x3f800000 f12:0x3f800000  f0=0x80000000
     338505.000 ns	     33849	80007048	d01af3d3	fcvt.s.wu	f7,x21	 x21:0x00000000  f7=0x00000000
     338525.000 ns	     33851	8000704c	407bd1b3	sra	x3,x23,x7	 x23:0x00000000  x7:0x0000025b  x3=0x00000000
     338535.000 ns	     33852	80007050	007fed33	or	x26,x31,x7	 x31:0x00000000  x7:0x0000025b x26=0x0000025b
     338545.000 ns	     33853	80007054	9c08fe13	andi	x28,x17,-1600	 x17:0xb05d2000 x28=0xb05d2000
     338565.000 ns	     33855	80007058	f00f87d3	fmv.w.x	f15,x31	 x31:0x00000000 f15=0x00000000
     338595.000 ns	     33858	8000705c	20009c53	fsgnjn.s	f24,f1,f0	  f1:0x00000000  f0:0x80000000 f24=0x00000000
     338615.000 ns	     33860	80007060	01cc7fb3	and	x31,x24,x28	 x24:0xffffffff x28:0xb05d2000 x31=0xb05d2000
     338975.000 ns	     33896	80007064	03446eb3	rem	x29,x8,x20	  x8:0x00000000 x20:0xa202344a x29=0x00000000
     338995.000 ns	     33898	80007068	00290233	add	x4,x18,x2	 x18:0x80041024  x2:0x00000000  x4=0x80041024
     339005.000 ns	     33899	8000706c	ec196293	ori	x5,x18,-319	 x18:0x80041024  x5=0xfffffee5
     339025.000 ns	     33901	80007070	a0f72cd3	feq.s	x25,f14,f15	 f14:0x3f800000 f15:0x00000000 x25=0x00000000
     339045.000 ns	     33903	80007074	4187dd13	srai	x26,x15,0x18	 x15:0x00000000 x26=0x00000000
     339055.000 ns	     33904	80007078	37733993	sltiu	x19,x6,887	  x6:0xffffffff x19=0x00000000
     339065.000 ns	     33905	8000707c	f3824e93	xori	x29,x4,-200	  x4:0x80041024 x29=0x7ffbef1c
     339075.000 ns	     33906	80007080	00ee9c13	slli	x24,x29,0xe	 x29:0x00000000 x24=0xfbc70000
     339095.000 ns	     33908	80007084	023af033	remu	x0,x21,x3	 x21:0x00000000  x3:0x00000000
     339115.000 ns	     33910	80007088	016ac733	xor	x14,x21,x22	 x21:0x00000000 x22:0x00000000 x14=0x00000000
     339135.000 ns	     33912	8000708c	e00f10d3	fclass.s	x1,f30	 f30:0x41880000  x1=0x00000040
     339165.000 ns	     33915	80007090	a0b4af53	feq.s	x30,f9,f11	  f9:0x7f800000 f11:0x80040fe4 x30=0x00000000
     339195.000 ns	     33918	80007094	f00f8353	fmv.w.x	f6,x31	 x31:0xb05d2000  f6=0xb05d2000
     339565.000 ns	     33955	80007098	030756b3	divu	x13,x14,x16	 x14:0x00000000 x16:0xa202354b x13=0x00000000
     339595.000 ns	     33958	8000709c	024e25b3	mulhsu	x11,x28,x4	 x28:0xb05d2000  x4:0x80041024 x11=0xd82d4c6f
     339615.000 ns	     33960	800070a0	dc762a93	slti	x21,x12,-569	 x12:0x00000000 x21=0x00000000
     339635.000 ns	     33962	800070a4	0362b0b3	mulhu	x1,x5,x22	  x5:0xfffffee5 x22:0x00000000  x1=0x00000000
     339665.000 ns	     33965	800070a8	21948653	fsgnj.s	f12,f9,f25	  f9:0x7f800000 f25:0x1be21739 f12=0x7f800000
     339685.000 ns	     33967	800070ac	01e38c33	add	x24,x7,x30	  x7:0x0000025b x30:0x00000000 x24=0x0000025b
     339705.000 ns	     33969	800070b0	a0fdaf53	feq.s	x30,f27,f15	 f27:0xcefff7df f15:0x00000000 x30=0x00000000
     339725.000 ns	     33971	800070b4	0691f413	andi	x8,x3,105	  x3:0x00000000  x8=0x00000000
     339745.000 ns	     33973	800070b8	a08f1653	flt.s	x12,f30,f8	 f30:0x41880000  f8:0x00000000 x12=0x00000000
     339795.000 ns	     33978	800070bc	0820fb53	fsub.s	f22,f1,f2	  f1:0x00000000  f2:0x7f800000 f22=0xff800000
     339815.000 ns	     33980	800070c0	403500b3	sub	x1,x10,x3	 x10:0x80040fe4  x3:0x00000000  x1=0x80040fe4
     339855.000 ns	     33984	800070c4	08c903d3	fsub.s	f7,f18,f12	 f18:0x00000000 f12:0x7f800000  f7=0xff800000
     339885.000 ns	     33987	800070c8	f00c88d3	fmv.w.x	f17,x25	 x25:0x00000000 f17=0x00000000
     339915.000 ns	     33990	800070cc	d0131ed3	fcvt.s.wu	f29,x6	  x6:0xffffffff f29=0x4f7fffff
     339965.000 ns	     33995	800070d0	00ae4c53	fadd.s	f24,f28,f10	 f28:0x00000000 f10:0x1be21739 f24=0x1be21739
     339985.000 ns	     33997	800070d4	00f715b3	sll	x11,x14,x15	 x14:0x00000000 x15:0x00000000 x11=0x00000000
     340005.000 ns	     33999	800070d8	d000f3d3	fcvt.s.w	f7,x1	  x1:0x80040fe4  f7=0xcefff7e0
     340035.000 ns	     34002	800070dc	a13eae53	feq.s	x28,f29,f19	 f29:0x4f7fffff f19:0x3f800000 x28=0x00000000
     340055.000 ns	     34004	800070e0	d5c8c213	xori	x4,x17,-676	 x17:0xb05d2000  x4=0x4fa2dd5c
     340075.000 ns	     34006	800070e4	290411d3	fmax.s	f3,f8,f16	  f8:0x00000000 f16:0x00000000  f3=0x00000000
     340095.000 ns	     34008	800070e8	01c05e93	srli	x29,x0,0x1c	  x0:0x00000000 x29=0x00000000
     340105.000 ns	     34009	800070ec	47788713	addi	x14,x17,1143	 x17:0xb05d2000 x14=0xb05d2477
     340115.000 ns	     34010	800070f0	007693b3	sll	x7,x13,x7	 x13:0x00000000  x7:0x0000025b  x7=0x00000000
     340125.000 ns	     34011	800070f4	011b8cb3	add	x25,x23,x17	 x23:0x00000000 x17:0xb05d2000 x25=0xb05d2000
     340135.000 ns	     34012	800070f8	d1d2b793	sltiu	x15,x5,-739	  x5:0xfffffee5 x15=0x00000000
     340145.000 ns	     34013	800070fc	00876333	or	x6,x14,x8	 x14:0xb05d2477  x8:0x00000000  x6=0xb05d2477
     340155.000 ns	     34014	80007100	41525013	srai	x0,x4,0x15	  x4:0x4fa2dd5c
     340175.000 ns	     34016	80007104	a02293d3	flt.s	x7,f5,f2	  f5:0x00000000  f2:0x7f800000  x7=0x00000001
     340225.000 ns	     34021	80007108	01a97dd3	fadd.s	f27,f18,f26	 f18:0x00000000 f26:0x00000000 f27=0x00000000
     340255.000 ns	     34024	8000710c	f0030bd3	fmv.w.x	f23,x6	  x6:0xb05d2477 f23=0xb05d2477
     340275.000 ns	     34026	80007110	407dd4b3	sra	x9,x27,x7	 x27:0xc9dcb000  x7:0x00000001  x9=0xe4ee5800
     340285.000 ns	     34027	80007114	00000013	addi	x0,x0,0	  x0:0x00000000
     340305.000 ns	     34029	80007118	297e01d3	fmin.s	f3,f28,f23	 f28:0x00000000 f23:0xb05d2477  f3=0xb05d2477
     340355.000 ns	     34034	8000711c	09633453	fsub.s	f8,f6,f22	  f6:0xb05d2000 f22:0xff800000  f8=0x7f800000
     340725.000 ns	     34071	80007120	030640b3	div	x1,x12,x16	 x12:0x00000000 x16:0xa202354b  x1=0x00000000
     341095.000 ns	     34108	80007124	02e567b3	rem	x15,x10,x14	 x10:0x80040fe4 x14:0xb05d2477 x15=0xcfa6eb6d
     341125.000 ns	     34111	80007128	20a280d3	fsgnj.s	f1,f5,f10	  f5:0x00000000 f10:0x1be21739  f1=0x00000000
     341155.000 ns	     34114	8000712c	2077a753	fsgnjx.s	f14,f15,f7	 f15:0x00000000  f7:0xcefff7e0 f14=0x80000000
     341185.000 ns	     34117	80007130	a0eb1653	flt.s	x12,f22,f14	 f22:0xff800000 f14:0x3f800000 x12=0x00000001
     341215.000 ns	     34120	80007134	20dd1bd3	fsgnjn.s	f23,f26,f13	 f26:0x00000000 f13:0x4f68214d f23=0x80000000
     341245.000 ns	     34123	80007138	c0027853	fcvt.w.s	x16,f4	  f4:0x41880000 x16=0x00000011
     341265.000 ns	     34125	8000713c	40a45c33	sra	x24,x8,x10	  x8:0x00000000 x10:0x80040fe4 x24=0x00000000
     341275.000 ns	     34126	80007140	010dffb3	and	x31,x27,x16	 x27:0xc9dcb000 x16:0x00000011 x31=0x00000000
     341285.000 ns	     34127	80007144	019a1893	slli	x17,x20,0x19	 x20:0xa202344a x17=0x94000000
     341295.000 ns	     34128	80007148	00000013	addi	x0,x0,0	  x0:0x00000000
     341305.000 ns	     34129	8000714c	ea022b93	slti	x23,x4,-352	  x4:0x4fa2dd5c x23=0x00000000
     341325.000 ns	     34131	80007150	a144a9d3	feq.s	x19,f9,f20	  f9:0x7f800000 f20:0x7fc00000 x19=0x00000000
     341345.000 ns	     34133	80007154	33558613	addi	x12,x11,821	 x11:0x00000000 x12=0x00000335
     341365.000 ns	     34135	80007158	20261053	fsgnjn.s	f0,f12,f2	 f12:0x7f800000  f2:0x7f800000  f0=0xff800000
     341395.000 ns	     34138	8000715c	02ed9c33	mulh	x24,x27,x14	 x27:0xc9dcb000 x14:0xb05d2477 x24=0x10d75675
     341415.000 ns	     34140	80007160	02b50713	addi	x14,x10,43	 x10:0x80040fe4 x14=0x8004100f
     341425.000 ns	     34141	80007164	40935c33	sra	x24,x6,x9	  x6:0xb05d2477  x9:0xe4ee5800 x24=0xb05d2477
     341445.000 ns	     34143	80007168	d0068b53	fcvt.s.w	f22,x13	 x13:0x00000000 f22=0x00000000
     341465.000 ns	     34145	8000716c	00f6d133	srl	x2,x13,x15	 x13:0x00000000 x15:0xcfa6eb6d  x2=0x00000000
     341475.000 ns	     34146	80007170	1384ae93	slti	x29,x9,312	  x9:0xe4ee5800 x29=0x00000001
     341485.000 ns	     34147	80007174	00b5fcb3	and	x25,x11,x11	 x11:0x00000000 x11:0x00000000 x25=0x00000000
     341505.000 ns	     34149	80007178	c0199053	fcvt.wu.s	x0,f19	 f19:0x3f800000
     341555.000 ns	     34154	8000717c	09a2b8d3	fsub.s	f17,f5,f26	  f5:0x00000000 f26:0x00000000 f17=0x80000000
     341575.000 ns	     34156	80007180	0025a1b3	slt	x3,x11,x2	 x11:0x00000000  x2:0x00000000  x3=0x00000000
     341595.000 ns	     34158	80007184	d01c7b53	fcvt.s.wu	f22,x24	 x24:0xb05d2477 f22=0x4f305d24
     341615.000 ns	     34160	80007188	01d03133	sltu	x2,x0,x29	  x0:0x00000000 x29:0x00000001  x2=0x00000001
     341975.000 ns	     34196	8000718c	02a7f4b3	remu	x9,x15,x10	 x15:0xcfa6eb6d x10:0x80040fe4  x9=0x4fa2db89
     342015.000 ns	     34200	80007190	58070a53	fsqrt.s	f20,f14	 f14:0x80000000 f20=0x80000000
     342045.000 ns	     34203	80007194	e00b8b53	fmv.x.w	x22,f23	 f23:0x80000000 x22=0x80000000
     342075.000 ns	     34206	80007198	a08b2fd3	feq.s	x31,f22,f8	 f22:0x4f305d24  f8:0x7f800000 x31=0x00000000
     342095.000 ns	     34208	8000719c	41c289b3	sub	x19,x5,x28	  x5:0xfffffee5 x28:0x00000000 x19=0xfffffee5
     342115.000 ns	     34210	800071a0	02bd3e33	mulhu	x28,x26,x11	 x26:0x00000000 x11:0x00000000 x28=0x00000000
     342135.000 ns	     34212	800071a4	40540233	sub	x4,x8,x5	  x8:0x00000000  x5:0xfffffee5  x4=0x0000011b
     342155.000 ns	     34214	800071a8	a1a092d3	flt.s	x5,f1,f26	  f1:0x00000000 f26:0x00000000  x5=0x00000000
     342175.000 ns	     34216	800071ac	296478b7	lui	x17,0x29647	 x17=0x29647000
     342535.000 ns	     34252	800071b0	02e96433	rem	x8,x18,x14	 x18:0x80041024 x14:0x8004100f  x8=0x80041024
     342565.000 ns	     34255	800071b4	a1ab24d3	feq.s	x9,f22,f26	 f22:0x4f305d24 f26:0x00000000  x9=0x00000000
     342585.000 ns	     34257	800071b8	40c352b3	sra	x5,x6,x12	  x6:0xb05d2477 x12:0x00000335  x5=0xfffffd82
     342605.000 ns	     34259	800071bc	a1a397d3	flt.s	x15,f7,f26	  f7:0xcefff7e0 f26:0x00000000 x15=0x00000001
     342625.000 ns	     34261	800071c0	41645813	srai	x16,x8,0x16	  x8:0x80041024 x16=0xfffffe00
     342645.000 ns	     34263	800071c4	c00c02d3	fcvt.w.s	x5,f24	 f24:0x1be21739  x5=0x00000000
     342675.000 ns	     34266	800071c8	03aa39b3	mulhu	x19,x20,x26	 x20:0xa202344a x26:0x00000000 x19=0x00000000
     342705.000 ns	     34269	800071cc	c003f353	fcvt.w.s	x6,f7	  f7:0xcefff7e0  x6=0x7ffbf000
     342735.000 ns	     34272	800071d0	c01c22d3	fcvt.wu.s	x5,f24	 f24:0x1be21739  x5=0x00000000
     342755.000 ns	     34274	800071d4	40448433	sub	x8,x9,x4	  x9:0x00000000  x4:0x0000011b  x8=0xfffffee5
     342785.000 ns	     34277	800071d8	114f0753	fmul.s	f14,f30,f20	 f30:0x41880000 f20:0x80000000 f14=0x80000000
     343155.000 ns	     34314	800071dc	02aef2b3	remu	x5,x29,x10	 x29:0x00000001 x10:0x80040fe4  x5=0x00000001
     343205.000 ns	     34319	800071e0	0091fa53	fadd.s	f20,f3,f9	  f3:0xb05d2477  f9:0x7f800000 f20=0x7f800000
     343225.000 ns	     34321	800071e4	0184d9b3	srl	x19,x9,x24	  x9:0x00000000 x24:0xb05d2477 x19=0x00000000
     343245.000 ns	     34323	800071e8	d014afd3	fcvt.s.wu	f31,x9	  x9:0x00000000 f31=0x00000000
     343275.000 ns	     34326	800071ec	21010653	fsgnj.s	f12,f2,f16	  f2:0x7f800000 f16:0x00000000 f12=0x7f800000
     343295.000 ns	     34328	800071f0	b429f8b7	lui	x17,0xb429f	 x17=0xb429f000
     343315.000 ns	     34330	800071f4	e00592d3	fclass.s	x5,f11	 f11:0x80040fe4  x5=0x00000004
     343335.000 ns	     34332	800071f8	4078d993	srai	x19,x17,0x7	 x17:0x29647000 x19=0xff6853e0
     343355.000 ns	     34334	800071fc	a1d19353	flt.s	x6,f3,f29	  f3:0xb05d2477 f29:0x4f7fffff  x6=0x00000001
     343385.000 ns	     34337	80007200	a0cf81d3	fle.s	x3,f31,f12	 f31:0x00000000 f12:0x7f800000  x3=0x00000001
     343425.000 ns	     34341	80007204	19f8f253	fdiv.s	f4,f17,f31	 f17:0x80000000 f31:0x00000000  f4=0x7fc00000
     343445.000 ns	     34343	80007208	01ea0cb3	add	x25,x20,x30	 x20:0xa202344a x30:0x00000000 x25=0xa202344a
     344615.000 ns	     34460	8000720c	580ca6d3	fsqrt.s	f13,f25	 f25:0x1be21739 f13=0x2d2a1dd0
     344635.000 ns	     34462	80007210	01833733	sltu	x14,x6,x24	  x6:0x00000001 x24:0xb05d2477 x14=0x00000001
     344645.000 ns	     34463	80007214	00a47eb3	and	x29,x8,x10	  x8:0xfffffee5 x10:0x80040fe4 x29=0x80040ee4
     344665.000 ns	     34465	80007218	a1b99cd3	flt.s	x25,f19,f27	 f19:0x3f800000 f27:0x00000000 x25=0x00000000
     344685.000 ns	     34467	8000721c	df2b6993	ori	x19,x22,-526	 x22:0x80000000 x19=0xfffffdf2
     344705.000 ns	     34469	80007220	022ebc33	mulhu	x24,x29,x2	 x29:0x80040ee4  x2:0x00000001 x24=0x00000000
     344725.000 ns	     34471	80007224	aac48393	addi	x7,x9,-1364	  x9:0x00000000  x7=0xfffffaac
     344735.000 ns	     34472	80007228	00215cb3	srl	x25,x2,x2	  x2:0x00000001  x2:0x00000001 x25=0x00000000
     344745.000 ns	     34473	8000722c	403b5c33	sra	x24,x22,x3	 x22:0x80000000  x3:0x00000001 x24=0xc0000000
     344765.000 ns	     34475	80007230	02fe27b3	mulhsu	x15,x28,x15	 x28:0x00000000 x15:0x00000001 x15=0x00000000
     344785.000 ns	     34477	80007234	01661293	slli	x5,x12,0x16	 x12:0x00000335  x5=0xcd400000
     344795.000 ns	     34478	80007238	c9015897	auipc	x17,0xc9015	 x17=0x4901c238
     344805.000 ns	     34479	8000723c	1fc1fc13	andi	x24,x3,508	  x3:0x00000001 x24=0x00000000
     344825.000 ns	     34481	80007240	02889833	mulh	x16,x17,x8	 x17:0xb429f000  x8:0xfffffee5 x16=0xffffffaf
     344855.000 ns	     34484	80007244	28ae0dd3	fmin.s	f27,f28,f10	 f28:0x00000000 f10:0x1be21739 f27=0x00000000
     344875.000 ns	     34486	80007248	0041d833	srl	x16,x3,x4	  x3:0x00000001  x4:0x0000011b x16=0x00000000
     344895.000 ns	     34488	8000724c	c01bfd53	fcvt.wu.s	x26,f23	 f23:0x80000000 x26=0x00000000
     344935.000 ns	     34492	80007250	10a91553	fmul.s	f10,f18,f10	 f18:0x00000000 f10:0x1be21739 f10=0x00000000
     344965.000 ns	     34495	80007254	c0083353	fcvt.w.s	x6,f16	 f16:0x00000000  x6=0x00000000
     344985.000 ns	     34497	80007258	00690db3	add	x27,x18,x6	 x18:0x80041024  x6:0x00000001 x27=0x80041024
     344995.000 ns	     34498	8000725c	00729893	slli	x17,x5,0x7	  x5:0xcd400000 x17=0xa0000000
     345015.000 ns	     34500	80007260	217a9ad3	fsgnjn.s	f21,f21,f23	 f21:0x00000000 f23:0x80000000 f21=0x00000000
     345045.000 ns	     34503	80007264	026bf1b3	remu	x3,x23,x6	 x23:0x00000000  x6:0x00000000  x3=0x00000000
     345065.000 ns	     34505	80007268	8a4b7493	andi	x9,x22,-1884	 x22:0x80000000  x9=0x80000000
     345075.000 ns	     34506	8000726c	41f55b13	srai	x22,x10,0x1f	 x10:0x80040fe4 x22=0xffffffff
     345095.000 ns	     34508	80007270	a09b0d53	fle.s	x26,f22,f9	 f22:0x4f305d24  f9:0x7f800000 x26=0x00000001
     345125.000 ns	     34511	80007274	033ea0b3	mulhsu	x1,x29,x19	 x29:0x80040ee4 x19:0xfffffdf2  x1=0x80040fea
     345155.000 ns	     34514	80007278	e0021b53	fclass.s	x22,f4	  f4:0x7fc00000 x22=0x00000200
     345175.000 ns	     34516	8000727c	8cad4613	xori	x12,x26,-1846	 x26:0x00000001 x12=0xfffff8cb
     345185.000 ns	     34517	80007280	72336417	auipc	x8,0x72336	  x8=0xf233d280
     345205.000 ns	     34519	80007284	038459b3	divu	x19,x8,x24	  x8:0xfffffee5 x24:0x00000000 x19=0xffffffff
     345225.000 ns	     34521	80007288	5f744837	lui	x16,0x5f744	 x16=0x5f744000
     345245.000 ns	     34523	8000728c	28199ad3	fmax.s	f21,f19,f1	 f19:0x3f800000  f1:0x00000000 f21=0x3f800000
     345275.000 ns	     34526	80007290	209096d3	fsgnjn.s	f13,f1,f9	  f1:0x00000000  f9:0x7f800000 f13=0x80000000
     345295.000 ns	     34528	80007294	015daeb3	slt	x29,x27,x21	 x27:0x80041024 x21:0x00000000 x29=0x00000001
     345305.000 ns	     34529	80007298	0db4f413	andi	x8,x9,219	  x9:0x80000000  x8=0x00000000
     345325.000 ns	     34531	8000729c	0288bab3	mulhu	x21,x17,x8	 x17:0xa0000000  x8:0xf233d280 x21=0x00000000
     345345.000 ns	     34533	800072a0	018311b3	sll	x3,x6,x24	  x6:0x00000000 x24:0x00000000  x3=0x00000000
     345355.000 ns	     34534	800072a4	018f80b3	add	x1,x31,x24	 x31:0x00000000 x24:0x00000000  x1=0x00000000
     345385.000 ns	     34537	800072a8	10b14e53	fmul.s	f28,f2,f11	  f2:0x7f800000 f11:0x80040fe4 f28=0xff800000
     345415.000 ns	     34540	800072ac	023f7d33	remu	x26,x30,x3	 x30:0x00000000  x3:0x00000000 x26=0x00000000
     345445.000 ns	     34543	800072b0	2183acd3	fsgnjx.s	f25,f7,f24	  f7:0xcefff7e0 f24:0x1be21739 f25=0xcefff7e0
     345815.000 ns	     34580	800072b4	03d74fb3	div	x31,x14,x29	 x14:0x00000001 x29:0x00000001 x31=0x00000001
     345845.000 ns	     34583	800072b8	f00900d3	fmv.w.x	f1,x18	 x18:0x80041024  f1=0x80041024
     345865.000 ns	     34585	800072bc	62780db7	lui	x27,0x62780	 x27=0x62780000
     345885.000 ns	     34587	800072c0	03947fb3	remu	x31,x8,x25	  x8:0x00000000 x25:0x00000000 x31=0x00000000
     345905.000 ns	     34589	800072c4	009c0633	add	x12,x24,x9	 x24:0x00000000  x9:0x80000000 x12=0x80000000
     345915.000 ns	     34590	800072c8	2df9fb13	andi	x22,x19,735	 x19:0xffffffff x22=0x000002df
     345935.000 ns	     34592	800072cc	a1178bd3	fle.s	x23,f15,f17	 f15:0x00000000 f17:0x80000000 x23=0x00000001
     345975.000 ns	     34596	800072d0	1808abd3	fdiv.s	f23,f17,f0	 f17:0x80000000  f0:0xff800000 f23=0x00000000
     345995.000 ns	     34598	800072d4	01126233	or	x4,x4,x17	  x4:0x0000011b x17:0xa0000000  x4=0xa000011b
     346015.000 ns	     34600	800072d8	027da1b3	mulhsu	x3,x27,x7	 x27:0x62780000  x7:0xfffffaac  x3=0x6277fdf3
     346045.000 ns	     34603	800072dc	c00c7353	fcvt.w.s	x6,f24	 f24:0x1be21739  x6=0x00000000
     346075.000 ns	     34606	800072e0	28bc17d3	fmax.s	f15,f24,f11	 f24:0x1be21739 f11:0x80040fe4 f15=0x1be21739
     346095.000 ns	     34608	800072e4	2a66eb13	ori	x22,x13,678	 x13:0x00000000 x22=0x000002a6
     346115.000 ns	     34610	800072e8	020eb8b3	mulhu	x17,x29,x0	 x29:0x00000001  x0:0x00000000 x17=0x00000000
     346145.000 ns	     34613	800072ec	a11716d3	flt.s	x13,f14,f17	 f14:0x80000000 f17:0x80000000 x13=0x00000000
     346165.000 ns	     34615	800072f0	00375833	srl	x16,x14,x3	 x14:0x00000001  x3:0x6277fdf3 x16=0x00000000
     346525.000 ns	     34651	800072f4	022063b3	rem	x7,x0,x2	  x0:0x00000000  x2:0x00000001  x7=0x00000000
     346565.000 ns	     34655	800072f8	58058a53	fsqrt.s	f20,f11	 f11:0x80040fe4 f20=0x7fc00000
     346595.000 ns	     34658	800072fc	203a2bd3	fsgnjx.s	f23,f20,f3	 f20:0x7f800000  f3:0xb05d2477 f23=0xffc00000
     346615.000 ns	     34660	80007300	4008d013	srai	x0,x17,0x0	 x17:0x00000000
     346635.000 ns	     34662	80007304	02dfb133	mulhu	x2,x31,x13	 x31:0x00000000 x13:0x00000000  x2=0x00000000
     346665.000 ns	     34665	80007308	034995b3	mulh	x11,x19,x20	 x19:0xffffffff x20:0xa202344a x11=0x00000000
     346705.000 ns	     34669	8000730c	186df0d3	fdiv.s	f1,f27,f6	 f27:0x00000000  f6:0xb05d2000  f1=0x80000000
     347075.000 ns	     34706	80007310	034269b3	rem	x19,x4,x20	  x4:0xa000011b x20:0xa202344a x19=0xfdfdccd1
     347115.000 ns	     34710	80007314	5800f9d3	fsqrt.s	f19,f1	  f1:0x80000000 f19=0x80000000
     347135.000 ns	     34712	80007318	40e2d6b3	sra	x13,x5,x14	  x5:0xcd400000 x14:0x00000001 x13=0xe6a00000
     347155.000 ns	     34714	8000731c	29468853	fmin.s	f16,f13,f20	 f13:0x80000000 f20:0x7fc00000 f16=0x80000000
     347175.000 ns	     34716	80007320	00000013	addi	x0,x0,0	  x0:0x00000000
     347195.000 ns	     34718	80007324	e00a1353	fclass.s	x6,f20	 f20:0x7fc00000  x6=0x00000200
     347225.000 ns	     34721	80007328	0356eeb3	rem	x29,x13,x21	 x13:0xe6a00000 x21:0x00000000 x29=0xe6a00000
     347245.000 ns	     34723	8000732c	00920c33	add	x24,x4,x9	  x4:0xa000011b  x9:0x80000000 x24=0x2000011b
     347255.000 ns	     34724	80007330	a7386e13	ori	x28,x16,-1421	 x16:0x00000000 x28=0xfffffa73
     347265.000 ns	     34725	80007334	01180bb3	add	x23,x16,x17	 x16:0x00000000 x17:0x00000000 x23=0x00000000
     347275.000 ns	     34726	80007338	01e20333	add	x6,x4,x30	  x4:0xa000011b x30:0x00000000  x6=0xa000011b
     347295.000 ns	     34728	8000733c	d0187e53	fcvt.s.wu	f28,x16	 x16:0x00000000 f28=0x00000000
     347315.000 ns	     34730	80007340	a6492813	slti	x16,x18,-1436	 x18:0x80041024 x16=0x00000001
     347335.000 ns	     34732	80007344	03649633	mulh	x12,x9,x22	  x9:0x80000000 x22:0x000002a6 x12=0xfffffead
     347365.000 ns	     34735	80007348	a1800fd3	fle.s	x31,f0,f24	  f0:0xff800000 f24:0x1be21739 x31=0x00000001
     347395.000 ns	     34738	8000734c	f00a0253	fmv.w.x	f4,x20	 x20:0xa202344a  f4=0xa202344a
     347425.000 ns	     34741	80007350	29909653	fmax.s	f12,f1,f25	  f1:0x80000000 f25:0xcefff7e0 f12=0x80000000
     347455.000 ns	     34744	80007354	20d32553	fsgnjx.s	f10,f6,f13	  f6:0xb05d2000 f13:0x80000000 f10=0x305d2000
     347475.000 ns	     34746	80007358	41185833	sra	x16,x16,x17	 x16:0x00000001 x17:0x00000000 x16=0x00000001
     347485.000 ns	     34747	8000735c	01f97d33	and	x26,x18,x31	 x18:0x80041024 x31:0x00000001 x26=0x00000000
     347505.000 ns	     34749	80007360	d01d82d3	fcvt.s.wu	f5,x27	 x27:0x62780000  f5=0x4ec4f000
     347535.000 ns	     34752	80007364	a036a8d3	feq.s	x17,f13,f3	 f13:0x80000000  f3:0xb05d2477 x17=0x00000000
     347905.000 ns	     34789	80007368	029947b3	div	x15,x18,x9	 x18:0x80041024  x9:0x80000000 x15=0x00000000
     347935.000 ns	     34792	8000736c	d0117f53	fcvt.s.wu	f30,x2	  x2:0x00000000 f30=0x00000000
     347965.000 ns	     34795	80007370	d0039553	fcvt.s.w	f10,x7	  x7:0x00000000 f10=0x00000000
     347995.000 ns	     34798	80007374	03423fb3	mulhu	x31,x4,x20	  x4:0xa000011b x20:0xa202344a x31=0x65416161
     348015.000 ns	     34800	80007378	018bff33	and	x30,x23,x24	 x23:0x00000000 x24:0x2000011b x30=0x00000000
     348025.000 ns	     34801	8000737c	010c5113	srli	x2,x24,0x10	 x24:0x2000011b  x2=0x00002000
     348045.000 ns	     34803	80007380	21dd8c53	fsgnj.s	f24,f27,f29	 f27:0x00000000 f29:0x4f7fffff f24=0x00000000
     348065.000 ns	     34805	80007384	0020ab33	slt	x22,x1,x2	  x1:0x00000000  x2:0x00000000 x22=0x00000001
     348075.000 ns	     34806	80007388	b356fd13	andi	x26,x13,-1227	 x13:0xe6a00000 x26=0xe6a00000
     348095.000 ns	     34808	8000738c	03913e33	mulhu	x28,x2,x25	  x2:0x00002000 x25:0x00000000 x28=0x00000000
     348125.000 ns	     34811	80007390	20b60fd3	fsgnj.s	f31,f12,f11	 f12:0x80000000 f11:0x80040fe4 f31=0x80000000
     348155.000 ns	     34814	80007394	a130a453	feq.s	x8,f1,f19	  f1:0x80000000 f19:0x80000000  x8=0x00000001
     348205.000 ns	     34819	80007398	0843b153	fsub.s	f2,f7,f4	  f7:0xcefff7e0  f4:0xa202344a  f2=0xcefff7e0
     348235.000 ns	     34822	8000739c	207903d3	fsgnj.s	f7,f18,f7	 f18:0x00000000  f7:0xcefff7e0  f7=0x80000000
     348265.000 ns	     34825	800073a0	a18425d3	feq.s	x11,f8,f24	  f8:0x7f800000 f24:0x00000000 x11=0x00000000
     348295.000 ns	     34828	800073a4	03cf9d33	mulh	x26,x31,x28	 x31:0x65416161 x28:0x00000000 x26=0x00000000
     348325.000 ns	     34831	800073a8	206884d3	fsgnj.s	f9,f17,f6	 f17:0x80000000  f6:0xb05d2000  f9=0x80000000
     348355.000 ns	     34834	800073ac	03e7c633	div	x12,x15,x30	 x15:0x00000000 x30:0x00000000 x12=0xffffffff
     348725.000 ns	     34871	800073b0	02e35bb3	divu	x23,x6,x14	  x6:0xa000011b x14:0x00000001 x23=0xa000011b
     348745.000 ns	     34873	800073b4	40405133	sra	x2,x0,x4	  x0:0x00000000  x4:0xa000011b  x2=0x00000000
     348765.000 ns	     34875	800073b8	f00b0353	fmv.w.x	f6,x22	 x22:0x00000001  f6=0x00000001
     348795.000 ns	     34878	800073bc	03e960b3	rem	x1,x18,x30	 x18:0x80041024 x30:0x00000000  x1=0x80041024
     348815.000 ns	     34880	800073c0	00ce73b3	and	x7,x28,x12	 x28:0x00000000 x12:0xffffffff  x7=0x00000000
     348825.000 ns	     34881	800073c4	16e34113	xori	x2,x6,366	  x6:0xa000011b  x2=0xa0000075
     348845.000 ns	     34883	800073c8	e00a14d3	fclass.s	x9,f20	 f20:0x7fc00000  x9=0x00000200
     348865.000 ns	     34885	800073cc	281c4193	xori	x3,x24,641	 x24:0x2000011b  x3=0x2000039a
     348875.000 ns	     34886	800073d0	0173b8b3	sltu	x17,x7,x23	  x7:0x00000000 x23:0xa000011b x17=0x00000001
     348885.000 ns	     34887	800073d4	000462b3	or	x5,x8,x0	  x8:0x00000001  x0:0x00000000  x5=0x00000001
     348895.000 ns	     34888	800073d8	e9f18597	auipc	x11,0xe9f18	 x11=0x69f1f3d8
     348915.000 ns	     34890	800073dc	f00c0d53	fmv.w.x	f26,x24	 x24:0x2000011b f26=0x2000011b
     348935.000 ns	     34892	800073e0	411788b3	sub	x17,x15,x17	 x15:0x00000000 x17:0x00000001 x17=0xffffffff
     348955.000 ns	     34894	800073e4	21a015d3	fsgnjn.s	f11,f0,f26	  f0:0xff800000 f26:0x2000011b f11=0xff800000
     348985.000 ns	     34897	800073e8	c0092753	fcvt.w.s	x14,f18	 f18:0x00000000 x14=0x00000000
     349005.000 ns	     34899	800073ec	0054d033	srl	x0,x9,x5	  x9:0x00000200  x5:0x00000001
     349015.000 ns	     34900	800073f0	0013d393	srli	x7,x7,0x1	  x7:0x00000000  x7=0x00000000
     349035.000 ns	     34902	800073f4	03198c33	mul	x24,x19,x17	 x19:0xfdfdccd1 x17:0xffffffff x24=0x0202332f
     349055.000 ns	     34904	800073f8	35166193	ori	x3,x12,849	 x12:0xffffffff  x3=0xffffffff
     349065.000 ns	     34905	800073fc	2cc0a893	slti	x17,x1,716	  x1:0x80041024 x17=0x00000001
     349075.000 ns	     34906	80007400	004182b3	add	x5,x3,x4	  x3:0x2000039a  x4:0xa000011b  x5=0xa000011a
     349085.000 ns	     34907	80007404	cac14b13	xori	x22,x2,-852	  x2:0xa0000075 x22=0x5ffffcd9
     349105.000 ns	     34909	80007408	287513d3	fmax.s	f7,f10,f7	 f10:0x00000000  f7:0x80000000  f7=0x00000000
     349125.000 ns	     34911	8000740c	0247edb7	lui	x27,0x247e	 x27=0x0247e000
     349145.000 ns	     34913	80007410	e0069ed3	fclass.s	x29,f13	 f13:0x80000000 x29=0x00000008
     349175.000 ns	     34916	80007414	f00e0253	fmv.w.x	f4,x28	 x28:0x00000000  f4=0x00000000
     349205.000 ns	     34919	80007418	02a43ab3	mulhu	x21,x8,x10	  x8:0x00000001 x10:0x80040fe4 x21=0x00000000
     349225.000 ns	     34921	8000741c	0101e9b3	or	x19,x3,x16	  x3:0xffffffff x16:0x00000001 x19=0xffffffff
     349235.000 ns	     34922	80007420	00c476b3	and	x13,x8,x12	  x8:0x00000001 x12:0xffffffff x13=0x00000001
     349245.000 ns	     34923	80007424	00a5c333	xor	x6,x11,x10	 x11:0x69f1f3d8 x10:0x80040fe4  x6=0xe9f5fc3c
     349255.000 ns	     34924	80007428	40925213	srai	x4,x4,0x9	  x4:0xa000011b  x4=0xffd00000
     349265.000 ns	     34925	8000742c	00e100b3	add	x1,x2,x14	  x2:0xa0000075 x14:0x00000000  x1=0xa0000075
     349295.000 ns	     34928	80007430	1884c553	fdiv.s	f10,f9,f8	  f9:0x80000000  f8:0x7f800000 f10=0x80000000
     349325.000 ns	     34931	80007434	e00a1e53	fclass.s	x28,f20	 f20:0x7fc00000 x28=0x00000200
     349355.000 ns	     34934	80007438	a0f7a2d3	feq.s	x5,f15,f15	 f15:0x1be21739 f15:0x1be21739  x5=0x00000001
     349725.000 ns	     34971	8000743c	030a5233	divu	x4,x20,x16	 x20:0xa202344a x16:0x00000001  x4=0xa202344a
     349775.000 ns	     34976	80007440	08de7753	fsub.s	f14,f28,f13	 f28:0x00000000 f13:0x80000000 f14=0x00000000
     349805.000 ns	     34979	80007444	a03596d3	flt.s	x13,f11,f3	 f11:0xff800000  f3:0xb05d2477 x13=0x00000001
     349825.000 ns	     34981	80007448	0145d0b3	srl	x1,x11,x20	 x11:0x69f1f3d8 x20:0xa202344a  x1=0x001a7c7c
     349835.000 ns	     34982	8000744c	d45ace93	xori	x29,x21,-699	 x21:0x00000000 x29=0xfffffd45
     349875.000 ns	     34986	80007450	00297353	fadd.s	f6,f18,f2	 f18:0x00000000  f2:0xcefff7e0  f6=0xcefff7e0
     349905.000 ns	     34989	80007454	d01578d3	fcvt.s.wu	f17,x10	 x10:0x80040fe4 f17=0x4f00040f
     349935.000 ns	     34992	80007458	a0918b53	fle.s	x22,f3,f9	  f3:0xb05d2477  f9:0x80000000 x22=0x00000001
     349955.000 ns	     34994	8000745c	30470c13	addi	x24,x14,772	 x14:0x00000000 x24=0x00000304
     349975.000 ns	     34996	80007460	20131053	fsgnjn.s	f0,f6,f1	  f6:0xcefff7e0  f1:0x80000000  f0=0x4efff7e0
     350345.000 ns	     35033	80007464	03206433	rem	x8,x0,x18	  x0:0x00000000 x18:0x80041024  x8=0x00000000
     350365.000 ns	     35035	80007468	00beaab3	slt	x21,x29,x11	 x29:0xfffffd45 x11:0x69f1f3d8 x21=0x00000001
     350375.000 ns	     35036	8000746c	016e0e33	add	x28,x28,x22	 x28:0x00000200 x22:0x00000001 x28=0x00000201
     350735.000 ns	     35072	80007470	02def4b3	remu	x9,x29,x13	 x29:0xfffffd45 x13:0x00000001  x9=0x00000000
     350755.000 ns	     35074	80007474	b5dcc817	auipc	x16,0xb5dcc	 x16=0x35dd3474
     350775.000 ns	     35076	80007478	c0151253	fcvt.wu.s	x4,f10	 f10:0x80000000  x4=0x00000000
     350805.000 ns	     35079	8000747c	d01190d3	fcvt.s.wu	f1,x3	  x3:0xffffffff  f1=0x4f7fffff
     350825.000 ns	     35081	80007480	00352ab3	slt	x21,x10,x3	 x10:0x80040fe4  x3:0xffffffff x21=0x00000001
     350845.000 ns	     35083	80007484	03df24b3	mulhsu	x9,x30,x29	 x30:0x00000000 x29:0xfffffd45  x9=0x00000000
     350865.000 ns	     35085	80007488	00c789b3	add	x19,x15,x12	 x15:0x00000000 x12:0xffffffff x19=0xffffffff
     350875.000 ns	     35086	8000748c	404c0bb3	sub	x23,x24,x4	 x24:0x00000304  x4:0x00000000 x23=0x00000304
     350885.000 ns	     35087	80007490	009af333	and	x6,x21,x9	 x21:0x00000001  x9:0x00000000  x6=0x00000000
     350895.000 ns	     35088	80007494	608ab493	sltiu	x9,x21,1544	 x21:0x00000001  x9=0x00000001
     350915.000 ns	     35090	80007498	297f9553	fmax.s	f10,f31,f23	 f31:0x80000000 f23:0xffc00000 f10=0x80000000
     350935.000 ns	     35092	8000749c	01cc1db3	sll	x27,x24,x28	 x24:0x00000304 x28:0x00000201 x27=0x00000608
     351295.000 ns	     35128	800074a0	030ae1b3	rem	x3,x21,x16	 x21:0x00000001 x16:0x35dd3474  x3=0x00000001
     351315.000 ns	     35130	800074a4	dee3f497	auipc	x9,0xdee3f	  x9=0x5ee464a4
     351325.000 ns	     35131	800074a8	01fb9193	slli	x3,x23,0x1f	 x23:0x00000304  x3=0x00000000
     351345.000 ns	     35133	800074ac	026a9c33	mulh	x24,x21,x6	 x21:0x00000001  x6:0x00000000 x24=0x00000000
     351375.000 ns	     35136	800074b0	a1640f53	fle.s	x30,f8,f22	  f8:0x7f800000 f22:0x4f305d24 x30=0x00000000
     351415.000 ns	     35140	800074b4	18c37bd3	fdiv.s	f23,f6,f12	  f6:0xcefff7e0 f12:0x80000000 f23=0x7f800000
     351435.000 ns	     35142	800074b8	00eb5b93	srli	x23,x22,0xe	 x22:0x00000001 x23=0x00000000
     351445.000 ns	     35143	800074bc	0180e6b3	or	x13,x1,x24	  x1:0x001a7c7c x24:0x00000000 x13=0x001a7c7c
     351465.000 ns	     35145	800074c0	e00f0ed3	fmv.x.w	x29,f30	 f30:0x00000000 x29=0x00000000
     351485.000 ns	     35147	800074c4	c8366f93	ori	x31,x12,-893	 x12:0xffffffff x31=0xffffffff
     351495.000 ns	     35148	800074c8	00cdefb3	or	x31,x27,x12	 x27:0x00000608 x12:0xffffffff x31=0xffffffff
     351515.000 ns	     35150	800074cc	d00871d3	fcvt.s.w	f3,x16	 x16:0x35dd3474  f3=0x4e5774d1
     351545.000 ns	     35153	800074d0	036216b3	mulh	x13,x4,x22	  x4:0x00000000 x22:0x00000001 x13=0x00000000
     351575.000 ns	     35156	800074d4	f00909d3	fmv.w.x	f19,x18	 x18:0x80041024 f19=0x80041024
     351605.000 ns	     35159	800074d8	034125b3	mulhsu	x11,x2,x20	  x2:0xa0000075 x20:0xa202344a x11=0xc33f2cae
     351625.000 ns	     35161	800074dc	000a19b3	sll	x19,x20,x0	 x20:0xa202344a  x0:0x00000000 x19=0xa202344a
     351645.000 ns	     35163	800074e0	f0010c53	fmv.w.x	f24,x2	  x2:0xa0000075 f24=0xa0000075
     351665.000 ns	     35165	800074e4	40215793	srai	x15,x2,0x2	  x2:0xa0000075 x15=0xe800001d
     351675.000 ns	     35166	800074e8	01e029b3	slt	x19,x0,x30	  x0:0x00000000 x30:0x00000000 x19=0x00000000
     351685.000 ns	     35167	800074ec	fe154713	xori	x14,x10,-31	 x10:0x80040fe4 x14=0x7ffbf005
     351695.000 ns	     35168	800074f0	00cfc733	xor	x14,x31,x12	 x31:0xffffffff x12:0xffffffff x14=0x00000000
     351705.000 ns	     35169	800074f4	a51a3e13	sltiu	x28,x20,-1455	 x20:0xa202344a x28=0x00000001
     351715.000 ns	     35170	800074f8	00eb9e93	slli	x29,x23,0xe	 x23:0x00000000 x29=0x00000000
     351745.000 ns	     35173	800074fc	580c7a53	fsqrt.s	f20,f24	 f24:0xa0000075 f20=0x7fc00000
     351775.000 ns	     35176	80007500	031c8833	mul	x16,x25,x17	 x25:0x00000000 x17:0x00000001 x16=0x00000000
     351795.000 ns	     35178	80007504	01dc1433	sll	x8,x24,x29	 x24:0x00000000 x29:0x00000000  x8=0x00000000
     351825.000 ns	     35181	80007508	115090d3	fmul.s	f1,f1,f21	  f1:0x4f7fffff f21:0x3f800000  f1=0x4f7fffff
     351855.000 ns	     35184	8000750c	a00713d3	flt.s	x7,f14,f0	 f14:0x00000000  f0:0x4efff7e0  x7=0x00000001
     351885.000 ns	     35187	80007510	29829653	fmax.s	f12,f5,f24	  f5:0x4ec4f000 f24:0xa0000075 f12=0x4ec4f000
     351905.000 ns	     35189	80007514	67d2c593	xori	x11,x5,1661	  x5:0x00000001 x11=0x0000067c
     351925.000 ns	     35191	80007518	e00b1ad3	fclass.s	x21,f22	 f22:0x4f305d24 x21=0x00000040
     351955.000 ns	     35194	8000751c	295c9153	fmax.s	f2,f25,f21	 f25:0xcefff7e0 f21:0x3f800000  f2=0x3f800000
     351985.000 ns	     35197	80007520	28990d53	fmin.s	f26,f18,f9	 f18:0x00000000  f9:0x80000000 f26=0x80000000
     352035.000 ns	     35202	80007524	011639d3	fadd.s	f19,f12,f17	 f12:0x4ec4f000 f17:0x4f00040f f19=0x4f627c0f
     352055.000 ns	     35204	80007528	412b5233	sra	x4,x22,x18	 x22:0x00000001 x18:0x80041024  x4=0x00000000
     352065.000 ns	     35205	8000752c	003147b3	xor	x15,x2,x3	  x2:0xa0000075  x3:0x00000000 x15=0xa0000075
     352425.000 ns	     35241	80007530	02f84133	div	x2,x16,x15	 x16:0x00000000 x15:0xe800001d  x2=0x00000000
     352445.000 ns	     35243	80007534	0120c033	xor	x0,x1,x18	  x1:0x001a7c7c x18:0x80041024
     352465.000 ns	     35245	80007538	294110d3	fmax.s	f1,f2,f20	  f2:0x3f800000 f20:0x7fc00000  f1=0x3f800000
     352505.000 ns	     35249	8000753c	1112c1d3	fmul.s	f3,f5,f17	  f5:0x4ec4f000 f17:0x4f00040f  f3=0x5e44f63e
     352535.000 ns	     35252	80007540	205facd3	fsgnjx.s	f25,f31,f5	 f31:0x80000000  f5:0x4ec4f000 f25=0x80000000
     352905.000 ns	     35289	80007544	03645cb3	divu	x25,x8,x22	  x8:0x00000000 x22:0x00000001 x25=0x00000000
     352925.000 ns	     35291	80007548	ed04f113	andi	x2,x9,-304	  x9:0x5ee464a4  x2=0x5ee46480
     352935.000 ns	     35292	8000754c	8ae98c13	addi	x24,x19,-1874	 x19:0x00000000 x24=0xfffff8ae
     352945.000 ns	     35293	80007550	41f98233	sub	x4,x19,x31	 x19:0x00000000 x31:0xffffffff  x4=0x00000001
     352965.000 ns	     35295	80007554	a0a8a6d3	feq.s	x13,f17,f10	 f17:0x4f00040f f10:0x80000000 x13=0x00000000
     353015.000 ns	     35300	80007558	0976bbd3	fsub.s	f23,f13,f23	 f13:0x80000000 f23:0x7f800000 f23=0xff800000
     353035.000 ns	     35302	8000755c	407200b3	sub	x1,x4,x7	  x4:0x00000001  x7:0x00000001  x1=0x00000000
     353065.000 ns	     35305	80007560	18d27953	fdiv.s	f18,f4,f13	  f4:0x00000000 f13:0x80000000 f18=0x7fc00000
     353085.000 ns	     35307	80007564	389cf613	andi	x12,x25,905	 x25:0x00000000 x12=0x00000000
     353125.000 ns	     35311	80007568	018fb853	fadd.s	f16,f31,f24	 f31:0x80000000 f24:0xa0000075 f16=0xa0000075
     353145.000 ns	     35313	8000756c	01e25613	srli	x12,x4,0x1e	  x4:0x00000001 x12=0x00000000
     353165.000 ns	     35315	80007570	03789cb3	mulh	x25,x17,x23	 x17:0x00000001 x23:0x00000000 x25=0x00000000
     353185.000 ns	     35317	80007574	0191bab3	sltu	x21,x3,x25	  x3:0x00000000 x25:0x00000000 x21=0x00000000
     353545.000 ns	     35353	80007578	03f27db3	remu	x27,x4,x31	  x4:0x00000001 x31:0xffffffff x27=0x00000001
     353575.000 ns	     35356	8000757c	21839a53	fsgnjn.s	f20,f7,f24	  f7:0x00000000 f24:0xa0000075 f20=0x00000000
     353605.000 ns	     35359	80007580	218903d3	fsgnj.s	f7,f18,f24	 f18:0x7fc00000 f24:0xa0000075  f7=0xffc00000
     353625.000 ns	     35361	80007584	43c52d13	slti	x26,x10,1084	 x10:0x80040fe4 x26=0x00000001
     353635.000 ns	     35362	80007588	b3713013	sltiu	x0,x2,-1225	  x2:0x5ee46480
     353655.000 ns	     35364	8000758c	a02f9453	flt.s	x8,f31,f2	 f31:0x80000000  f2:0x3f800000  x8=0x00000001
     353675.000 ns	     35366	80007590	32532497	auipc	x9,0x32532	  x9=0xb2539590
     353685.000 ns	     35367	80007594	23d38993	addi	x19,x7,573	  x7:0x00000001 x19=0x0000023e
     353695.000 ns	     35368	80007598	007d45b3	xor	x11,x26,x7	 x26:0x00000001  x7:0x00000001 x11=0x00000000
     353715.000 ns	     35370	8000759c	d0007bd3	fcvt.s.w	f23,x0	  x0:0x00000000 f23=0x00000000
     354085.000 ns	     35407	800075a0	02406733	rem	x14,x0,x4	  x0:0x00000000  x4:0x00000001 x14=0x00000000
     354115.000 ns	     35410	800075a4	e00a0253	fmv.x.w	x4,f20	 f20:0x00000000  x4=0x00000000
     354155.000 ns	     35414	800075a8	1080cc53	fmul.s	f24,f1,f8	  f1:0x3f800000  f8:0x7f800000 f24=0x7f800000
     354175.000 ns	     35416	800075ac	40ec5893	srai	x17,x24,0xe	 x24:0xfffff8ae x17=0xffffffff
     354195.000 ns	     35418	800075b0	024750b3	divu	x1,x14,x4	 x14:0x00000000  x4:0x00000000  x1=0xffffffff
     354565.000 ns	     35455	800075b4	033478b3	remu	x17,x8,x19	  x8:0x00000001 x19:0x0000023e x17=0x00000001
     354595.000 ns	     35458	800075b8	e0048b53	fmv.x.w	x22,f9	  f9:0x80000000 x22=0x80000000
     354965.000 ns	     35495	800075bc	034cd6b3	divu	x13,x25,x20	 x25:0x00000000 x20:0xa202344a x13=0x00000000
     354985.000 ns	     35497	800075c0	016025b3	slt	x11,x0,x22	  x0:0x00000000 x22:0x80000000 x11=0x00000000
     355005.000 ns	     35499	800075c4	e0041853	fclass.s	x16,f8	  f8:0x7f800000 x16=0x00000080
     355035.000 ns	     35502	800075c8	d01ccd53	fcvt.s.wu	f26,x25	 x25:0x00000000 f26=0x00000000
     355065.000 ns	     35505	800075cc	d00d8f53	fcvt.s.w	f30,x27	 x27:0x00000001 f30=0x3f800000
     355095.000 ns	     35508	800075d0	a0af1c53	flt.s	x24,f30,f10	 f30:0x00000000 f10:0x80000000 x24=0x00000000
     355115.000 ns	     35510	800075d4	2dee6f13	ori	x30,x28,734	 x28:0x00000001 x30=0x000002df
     355125.000 ns	     35511	800075d8	68b66993	ori	x19,x12,1675	 x12:0x00000000 x19=0x0000068b
     355165.000 ns	     35515	800075dc	014278d3	fadd.s	f17,f4,f20	  f4:0x00000000 f20:0x00000000 f17=0x00000000
     355195.000 ns	     35518	800075e0	f00882d3	fmv.w.x	f5,x17	 x17:0x00000001  f5=0x00000001
     355215.000 ns	     35520	800075e4	01330ab3	add	x21,x6,x19	  x6:0x00000000 x19:0x0000068b x21=0x0000068b
     355235.000 ns	     35522	800075e8	28f41253	fmax.s	f4,f8,f15	  f8:0x7f800000 f15:0x1be21739  f4=0x7f800000
     355255.000 ns	     35524	800075ec	4011ddb3	sra	x27,x3,x1	  x3:0x00000000  x1:0xffffffff x27=0x00000000
     355265.000 ns	     35525	800075f0	d413f497	auipc	x9,0xd413f	  x9=0x541465f0
     355285.000 ns	     35527	800075f4	03362bb3	mulhsu	x23,x12,x19	 x12:0x00000000 x19:0x0000068b x23=0x00000000
     355315.000 ns	     35530	800075f8	215f1853	fsgnjn.s	f16,f30,f21	 f30:0x3f800000 f21:0x3f800000 f16=0xbf800000
     355345.000 ns	     35533	800075fc	20fa0d53	fsgnj.s	f26,f20,f15	 f20:0x00000000 f15:0x1be21739 f26=0x00000000
     355385.000 ns	     35537	80007600	10c6aed3	fmul.s	f29,f13,f12	 f13:0x80000000 f12:0x4ec4f000 f29=0x80000000
     355405.000 ns	     35539	80007604	8ff7ef13	ori	x30,x15,-1793	 x15:0xa0000075 x30=0xfffff8ff
     355425.000 ns	     35541	80007608	298f1053	fmax.s	f0,f30,f24	 f30:0x3f800000 f24:0x7f800000  f0=0x7f800000
     355445.000 ns	     35543	8000760c	41bb0db3	sub	x27,x22,x27	 x22:0x80000000 x27:0x00000000 x27=0x80000000
     355465.000 ns	     35545	80007610	d0149e53	fcvt.s.wu	f28,x9	  x9:0x541465f0 f28=0x4ea828cb
     355495.000 ns	     35548	80007614	2076a753	fsgnjx.s	f14,f13,f7	 f13:0x80000000  f7:0xffc00000 f14=0x00000000
     355515.000 ns	     35550	80007618	40ba0833	sub	x16,x20,x11	 x20:0xa202344a x11:0x00000000 x16=0xa202344a
     355875.000 ns	     35586	8000761c	03a54eb3	div	x29,x10,x26	 x10:0x80040fe4 x26:0x00000001 x29=0x80040fe4
     355895.000 ns	     35588	80007620	0dc33e13	sltiu	x28,x6,220	  x6:0x00000000 x28=0x00000001
     355905.000 ns	     35589	80007624	40ad0333	sub	x6,x26,x10	 x26:0x00000001 x10:0x80040fe4  x6=0x7ffbf01d
     355915.000 ns	     35590	80007628	6314ac93	slti	x25,x9,1585	  x9:0x541465f0 x25=0x00000000
     356275.000 ns	     35626	8000762c	0357f133	remu	x2,x15,x21	 x15:0xa0000075 x21:0x0000068b  x2=0x00000548
     356295.000 ns	     35628	80007630	79e96293	ori	x5,x18,1950	 x18:0x80041024  x5=0x800417be
     356315.000 ns	     35630	80007634	a1472fd3	feq.s	x31,f14,f20	 f14:0x00000000 f20:0x00000000 x31=0x00000001
     356345.000 ns	     35633	80007638	217c03d3	fsgnj.s	f7,f24,f23	 f24:0x7f800000 f23:0x00000000  f7=0x7f800000
     356365.000 ns	     35635	8000763c	405e5eb3	sra	x29,x28,x5	 x28:0x00000001  x5:0x800417be x29=0x00000000
     356385.000 ns	     35637	80007640	a00183d3	fle.s	x7,f3,f0	  f3:0x5e44f63e  f0:0x7f800000  x7=0x00000001
     356415.000 ns	     35640	80007644	036334b3	mulhu	x9,x6,x22	  x6:0x7ffbf01d x22:0x80000000  x9=0x3ffdf80e
     356465.000 ns	     35645	80007648	09cab4d3	fsub.s	f9,f21,f28	 f21:0x3f800000 f28:0x4ea828cb  f9=0xcea828ca
     356495.000 ns	     35648	8000764c	28be8cd3	fmin.s	f25,f29,f11	 f29:0x80000000 f11:0xff800000 f25=0xff800000
     356525.000 ns	     35651	80007650	028430b3	mulhu	x1,x8,x8	  x8:0x00000001  x8:0x00000001  x1=0x00000000
     356555.000 ns	     35654	80007654	21528d53	fsgnj.s	f26,f5,f21	  f5:0x00000001 f21:0x3f800000 f26=0x00000001
     356575.000 ns	     35656	80007658	0053b233	sltu	x4,x7,x5	  x7:0x00000001  x5:0x800417be  x4=0x00000001
     356595.000 ns	     35658	8000765c	a06292d3	flt.s	x5,f5,f6	  f5:0x00000001  f6:0xcefff7e0  x5=0x00000000
     356625.000 ns	     35661	80007660	21e89fd3	fsgnjn.s	f31,f17,f30	 f17:0x00000000 f30:0x3f800000 f31=0x80000000
     356645.000 ns	     35663	80007664	717d0137	lui	x2,0x717d0	  x2=0x717d0000
     356655.000 ns	     35664	80007668	2607b797	auipc	x15,0x2607b	 x15=0xa6082668
     356665.000 ns	     35665	8000766c	25a86d93	ori	x27,x16,602	 x16:0xa202344a x27=0xa202365a
     356685.000 ns	     35667	80007670	d018f5d3	fcvt.s.wu	f11,x17	 x17:0x00000001 f11=0x3f800000
     356715.000 ns	     35670	80007674	a09c18d3	flt.s	x17,f24,f9	 f24:0x7f800000  f9:0xcea828ca x17=0x00000000
     357085.000 ns	     35707	80007678	027be833	rem	x16,x23,x7	 x23:0x00000000  x7:0x00000001 x16=0x00000000
     357105.000 ns	     35709	8000767c	01d2a6b3	slt	x13,x5,x29	  x5:0x00000000 x29:0x00000000 x13=0x00000000
     357125.000 ns	     35711	80007680	21d687d3	fsgnj.s	f15,f13,f29	 f13:0x80000000 f29:0x80000000 f15=0x80000000
     357155.000 ns	     35714	80007684	d010b4d3	fcvt.s.wu	f9,x1	  x1:0x00000000  f9=0x00000000
     357175.000 ns	     35716	80007688	00a922b3	slt	x5,x18,x10	 x18:0x80041024 x10:0x80040fe4  x5=0x00000000
     357195.000 ns	     35718	8000768c	e00b8bd3	fmv.x.w	x23,f23	 f23:0x00000000 x23=0x00000000
     357235.000 ns	     35722	80007690	187349d3	fdiv.s	f19,f6,f7	  f6:0xcefff7e0  f7:0x7f800000 f19=0x80000000
     357255.000 ns	     35724	80007694	006b3eb3	sltu	x29,x22,x6	 x22:0x80000000  x6:0x7ffbf01d x29=0x00000000
     357265.000 ns	     35725	80007698	01b09b93	slli	x23,x1,0x1b	  x1:0x00000000 x23=0x00000000
     357275.000 ns	     35726	8000769c	e0517593	andi	x11,x2,-507	  x2:0x717d0000 x11=0x717d0000
     357285.000 ns	     35727	800076a0	7f2dc993	xori	x19,x27,2034	 x27:0xa202365a x19=0xa20231a8
     357295.000 ns	     35728	800076a4	001101b3	add	x3,x2,x1	  x2:0x717d0000  x1:0x00000000  x3=0x717d0000
     357315.000 ns	     35730	800076a8	c0199453	fcvt.wu.s	x8,f19	 f19:0x80000000  x8=0x00000000
     357685.000 ns	     35767	800076ac	02fbf6b3	remu	x13,x23,x15	 x23:0x00000000 x15:0xa6082668 x13=0x00000000
     357705.000 ns	     35769	800076b0	01a63f33	sltu	x30,x12,x26	 x12:0x00000000 x26:0x00000001 x30=0x00000001
     357715.000 ns	     35770	800076b4	5fb17893	andi	x17,x2,1531	  x2:0x717d0000 x17=0x00000000
     357735.000 ns	     35772	800076b8	e0068f53	fmv.x.w	x30,f13	 f13:0x80000000 x30=0x80000000
     357755.000 ns	     35774	800076bc	00f76eb3	or	x29,x14,x15	 x14:0x00000000 x15:0xa6082668 x29=0xa6082668
     357775.000 ns	     35776	800076c0	d018b053	fcvt.s.wu	f0,x17	 x17:0x00000000  f0=0x00000000
     357815.000 ns	     35780	800076c4	58077a53	fsqrt.s	f20,f14	 f14:0x00000000 f20=0x00000000
     357835.000 ns	     35782	800076c8	01a50633	add	x12,x10,x26	 x10:0x80040fe4 x26:0x00000001 x12=0x80040fe5
     357845.000 ns	     35783	800076cc	009728b3	slt	x17,x14,x9	 x14:0x00000000  x9:0x3ffdf80e x17=0x00000001
     357865.000 ns	     35785	800076d0	a04d1b53	flt.s	x22,f26,f4	 f26:0x00000001  f4:0x7f800000 x22=0x00000001
     357895.000 ns	     35788	800076d4	a0aea153	feq.s	x2,f29,f10	 f29:0x80000000 f10:0x80000000  x2=0x00000001
     357915.000 ns	     35790	800076d8	3dd0b793	sltiu	x15,x1,989	  x1:0x00000000 x15=0x00000001
     357925.000 ns	     35791	800076dc	41acd333	sra	x6,x25,x26	 x25:0x00000000 x26:0x00000001  x6=0x00000000
     357935.000 ns	     35792	800076e0	00000013	addi	x0,x0,0	  x0:0x00000000
     357945.000 ns	     35793	800076e4	015df813	andi	x16,x27,21	 x27:0xa202365a x16=0x00000010
     357965.000 ns	     35795	800076e8	28900253	fmin.s	f4,f0,f9	  f0:0x00000000  f9:0x00000000  f4=0x00000000
     357995.000 ns	     35798	800076ec	d00478d3	fcvt.s.w	f17,x8	  x8:0x00000000 f17=0x00000000
     358015.000 ns	     35800	800076f0	011a9e93	slli	x29,x21,0x11	 x21:0x0000068b x29=0x0d160000
     358035.000 ns	     35802	800076f4	03178633	mul	x12,x15,x17	 x15:0x00000001 x17:0x00000001 x12=0x00000001
     358065.000 ns	     35805	800076f8	28a79353	fmax.s	f6,f15,f10	 f15:0x80000000 f10:0x80000000  f6=0x80000000
     358095.000 ns	     35808	800076fc	c0044653	fcvt.w.s	x12,f8	  f8:0x7f800000 x12=0x7fffffff
     358135.000 ns	     35812	80007700	1058a253	fmul.s	f4,f17,f5	 f17:0x00000000  f5:0x00000001  f4=0x00000000
     358165.000 ns	     35815	80007704	a0a9a3d3	feq.s	x7,f19,f10	 f19:0x80000000 f10:0x80000000  x7=0x00000001
     358185.000 ns	     35817	80007708	41208cb3	sub	x25,x1,x18	  x1:0x00000000 x18:0x80041024 x25=0x7ffbefdc
     358205.000 ns	     35819	8000770c	e00a83d3	fmv.x.w	x7,f21	 f21:0x3f800000  x7=0x3f800000
     358235.000 ns	     35822	80007710	a06f2b53	feq.s	x22,f30,f6	 f30:0x3f800000  f6:0x80000000 x22=0x00000000
     358255.000 ns	     35824	80007714	01ed5c93	srli	x25,x26,0x1e	 x26:0x00000001 x25=0x00000000
     358265.000 ns	     35825	80007718	01468eb3	add	x29,x13,x20	 x13:0x00000000 x20:0xa202344a x29=0xa202344a
     358285.000 ns	     35827	8000771c	a13b0c53	fle.s	x24,f22,f19	 f22:0x4f305d24 f19:0x80000000 x24=0x00000000
     358315.000 ns	     35830	80007720	d0087953	fcvt.s.w	f18,x16	 x16:0x00000010 f18=0x41800000
     358345.000 ns	     35833	80007724	02677733	remu	x14,x14,x6	 x14:0x00000000  x6:0x00000000 x14=0x00000000
     358375.000 ns	     35836	80007728	03f71f33	mulh	x30,x14,x31	 x14:0x00000000 x31:0x00000001 x30=0x00000000
     358395.000 ns	     35838	8000772c	00232033	slt	x0,x6,x2	  x6:0x00000000  x2:0x00000001
     358405.000 ns	     35839	80007730	007a09b3	add	x19,x20,x7	 x20:0xa202344a  x7:0x3f800000 x19=0xe182344a
     358425.000 ns	     35841	80007734	03daa8b3	mulhsu	x17,x21,x29	 x21:0x0000068b x29:0xa202344a x17=0x00000424
     358445.000 ns	     35843	80007738	4117d3b3	sra	x7,x15,x17	 x15:0x00000001 x17:0x00000001  x7=0x00000000
     358465.000 ns	     35845	8000773c	03241eb3	mulh	x29,x8,x18	  x8:0x00000000 x18:0x80041024 x29=0x00000000
     358505.000 ns	     35849	80007740	11e715d3	fmul.s	f11,f14,f30	 f14:0x00000000 f30:0x3f800000 f11=0x00000000
     358525.000 ns	     35851	80007744	0141fe33	and	x28,x3,x20	  x3:0x717d0000 x20:0xa202344a x28=0x20000000
     358535.000 ns	     35852	80007748	01c03d33	sltu	x26,x0,x28	  x0:0x00000000 x28:0x00000001 x26=0x00000001
     358555.000 ns	     35854	8000774c	29aa1c53	fmax.s	f24,f20,f26	 f20:0x00000000 f26:0x00000001 f24=0x00000001
     358575.000 ns	     35856	80007750	00200333	add	x6,x0,x2	  x0:0x00000000  x2:0x00000001  x6=0x00000001
     358595.000 ns	     35858	80007754	029eb1b3	mulhu	x3,x29,x9	 x29:0x00000000  x9:0x3ffdf80e  x3=0x00000000
     358615.000 ns	     35860	80007758	c2db6a93	ori	x21,x22,-979	 x22:0x00000000 x21=0xfffffc2d
     358655.000 ns	     35864	8000775c	09bff9d3	fsub.s	f19,f31,f27	 f31:0x80000000 f27:0x00000000 f19=0x80000000
     358705.000 ns	     35869	80007760	08151353	fsub.s	f6,f10,f1	 f10:0x80000000  f1:0x3f800000  f6=0xbf800000
     358745.000 ns	     35873	80007764	19a78e53	fdiv.s	f28,f15,f26	 f15:0x80000000 f26:0x00000001 f28=0x80000000
     358795.000 ns	     35878	80007768	08edf353	fsub.s	f6,f27,f14	 f27:0x00000000 f14:0x00000000  f6=0x80000000
     358825.000 ns	     35881	8000776c	d01fa8d3	fcvt.s.wu	f17,x31	 x31:0x00000001 f17=0x3f800000
     358845.000 ns	     35883	80007770	010283b3	add	x7,x5,x16	  x5:0x00000000 x16:0x00000010  x7=0x00000010
     358865.000 ns	     35885	80007774	28198cd3	fmin.s	f25,f19,f1	 f19:0x80000000  f1:0x3f800000 f25=0x80000000
     358895.000 ns	     35888	80007778	e00382d3	fmv.x.w	x5,f7	  f7:0x7f800000  x5=0x7f800000
     358925.000 ns	     35891	8000777c	02f807b3	mul	x15,x16,x15	 x16:0x00000010 x15:0x00000001 x15=0x00000010
     358955.000 ns	     35894	80007780	d012f5d3	fcvt.s.wu	f11,x5	  x5:0x7f800000 f11=0x4eff0000
     358975.000 ns	     35896	80007784	68cee093	ori	x1,x29,1676	 x29:0x00000000  x1=0x0000068c
     358995.000 ns	     35898	80007788	02afb6b3	mulhu	x13,x31,x10	 x31:0x00000001 x10:0x80040fe4 x13=0x00000000
     359025.000 ns	     35901	8000778c	c01f76d3	fcvt.wu.s	x13,f30	 f30:0x3f800000 x13=0x00000001
     359395.000 ns	     35938	80007790	021ae333	rem	x6,x21,x1	 x21:0xfffffc2d  x1:0x0000068c  x6=0xfffffc2d
     359415.000 ns	     35940	80007794	414ed393	srai	x7,x29,0x14	 x29:0x00000000  x7=0x00000000
     359435.000 ns	     35942	80007798	035195b3	mulh	x11,x3,x21	  x3:0x00000000 x21:0xfffffc2d x11=0x00000000
     359455.000 ns	     35944	8000779c	00e21133	sll	x2,x4,x14	  x4:0x00000001 x14:0x00000000  x2=0x00000001
     359475.000 ns	     35946	800077a0	20f11cd3	fsgnjn.s	f25,f2,f15	  f2:0x3f800000 f15:0x80000000 f25=0x3f800000
     359495.000 ns	     35948	800077a4	c9e7b593	sltiu	x11,x15,-866	 x15:0x00000010 x11=0x00000001
     359505.000 ns	     35949	800077a8	fd96bd13	sltiu	x26,x13,-39	 x13:0x00000001 x26=0x00000001
     359515.000 ns	     35950	800077ac	41a48e33	sub	x28,x9,x26	  x9:0x3ffdf80e x26:0x00000001 x28=0x3ffdf80d
     359525.000 ns	     35951	800077b0	017fd613	srli	x12,x31,0x17	 x31:0x00000001 x12=0x00000000
     359885.000 ns	     35987	800077b4	035d6333	rem	x6,x26,x21	 x26:0x00000001 x21:0xfffffc2d  x6=0x00000001
     359915.000 ns	     35990	800077b8	d0111fd3	fcvt.s.wu	f31,x2	  x2:0x00000001 f31=0x3f800000
     359935.000 ns	     35992	800077bc	42d10893	addi	x17,x2,1069	  x2:0x00000001 x17=0x0000042e
     359955.000 ns	     35994	800077c0	024a07b3	mul	x15,x20,x4	 x20:0xa202344a  x4:0x00000001 x15=0xa202344a
     359975.000 ns	     35996	800077c4	01421033	sll	x0,x4,x20	  x4:0x00000001 x20:0xa202344a
     360015.000 ns	     36000	800077c8	01a57c53	fadd.s	f24,f10,f26	 f10:0x80000000 f26:0x00000001 f24=0x00000001
     360035.000 ns	     36002	800077cc	b5f8ee13	ori	x28,x17,-1185	 x17:0x0000042e x28=0xffffff7f
     360055.000 ns	     36004	800077d0	a02f88d3	fle.s	x17,f31,f2	 f31:0x3f800000  f2:0x3f800000 x17=0x00000001
     361235.000 ns	     36122	800077d4	5808ae53	fsqrt.s	f28,f17	 f17:0x3f800000 f28=0x3f7fffae
     361255.000 ns	     36124	800077d8	00f793b3	sll	x7,x15,x15	 x15:0xa202344a x15:0xa202344a  x7=0x08d12800
     361265.000 ns	     36125	800077dc	01cb3433	sltu	x8,x22,x28	 x22:0x00000000 x28:0xffffff7f  x8=0x00000001
     361285.000 ns	     36127	800077e0	0390c033	div	x0,x1,x25	  x1:0x0000068c x25:0x00000000
     361315.000 ns	     36130	800077e4	02e6b6b3	mulhu	x13,x13,x14	 x13:0x00000001 x14:0x00000000 x13=0x00000000
     361345.000 ns	     36133	800077e8	d01a87d3	fcvt.s.wu	f15,x21	 x21:0xfffffc2d f15=0x4f7ffffc
     361375.000 ns	     36136	800077ec	2022a0d3	fsgnjx.s	f1,f5,f2	  f5:0x00000001  f2:0x3f800000  f1=0x00000001
     361405.000 ns	     36139	800077f0	d0067453	fcvt.s.w	f8,x12	 x12:0x00000000  f8=0x00000000
     361425.000 ns	     36141	800077f4	73625237	lui	x4,0x73625	  x4=0x73625000
     361435.000 ns	     36142	800077f8	4f644ab7	lui	x21,0x4f644	 x21=0x4f644000
     361795.000 ns	     36178	800077fc	028dcdb3	div	x27,x27,x8	 x27:0xa202365a  x8:0x00000001 x27=0xa202365a
     361825.000 ns	     36181	80007800	205bafd3	fsgnjx.s	f31,f23,f5	 f23:0x00000000  f5:0x00000001 f31=0x00000000
     361845.000 ns	     36183	80007804	011b8fb3	add	x31,x23,x17	 x23:0x00000000 x17:0x00000001 x31=0x00000001
     361855.000 ns	     36184	80007808	009110b3	sll	x1,x2,x9	  x2:0x00000001  x9:0x3ffdf80e  x1=0x00004000
     361865.000 ns	     36185	8000780c	26a64893	xori	x17,x12,618	 x12:0x00000000 x17=0x0000026a
     361885.000 ns	     36187	80007810	02bc0ab3	mul	x21,x24,x11	 x24:0x00000000 x11:0x00000001 x21=0x00000000
     361905.000 ns	     36189	80007814	000064b3	or	x9,x0,x0	  x0:0x00000000  x0:0x00000000  x9=0x00000000
     361925.000 ns	     36191	80007818	032b85b3	mul	x11,x23,x18	 x23:0x00000000 x18:0x80041024 x11=0x00000000
     361955.000 ns	     36194	8000781c	03811633	mulh	x12,x2,x24	  x2:0x00000001 x24:0x00000000 x12=0x00000000
     361975.000 ns	     36196	80007820	09c3cf13	xori	x30,x7,156	  x7:0x08d12800 x30=0x08d1289c
     361995.000 ns	     36198	80007824	e00b0ad3	fmv.x.w	x21,f22	 f22:0x4f305d24 x21=0x4f305d24
     362015.000 ns	     36200	80007828	01157cb3	and	x25,x10,x17	 x10:0x80040fe4 x17:0x0000026a x25=0x00000260
     362375.000 ns	     36236	8000782c	039557b3	divu	x15,x10,x25	 x10:0x80040fe4 x25:0x00000000 x15=0x0035e6c3
     362395.000 ns	     36238	80007830	01c74133	xor	x2,x14,x28	 x14:0x00000000 x28:0xffffff7f  x2=0xffffff7f
     362405.000 ns	     36239	80007834	00877fb3	and	x31,x14,x8	 x14:0x00000000  x8:0x00000001 x31=0x00000000
     362425.000 ns	     36241	80007838	d01626d3	fcvt.s.wu	f13,x12	 x12:0x00000000 f13=0x00000000
     362455.000 ns	     36244	8000783c	f00009d3	fmv.w.x	f19,x0	  x0:0x00000000 f19=0x00000000
     362475.000 ns	     36246	80007840	41af8333	sub	x6,x31,x26	 x31:0x00000000 x26:0x00000001  x6=0xffffffff
     362485.000 ns	     36247	80007844	cd05fb13	andi	x22,x11,-816	 x11:0x00000000 x22=0x00000000
     362505.000 ns	     36249	80007848	024928b3	mulhsu	x17,x18,x4	 x18:0x80041024  x4:0x73625000 x17=0xc650accf
     362525.000 ns	     36251	8000784c	0063f433	and	x8,x7,x6	  x7:0x08d12800  x6:0xffffffff  x8=0x08d12800
     362555.000 ns	     36254	80007850	580032d3	fsqrt.s	f5,f0	  f0:0x00000000  f5=0x00000000
     362585.000 ns	     36257	80007854	2056a853	fsgnjx.s	f16,f13,f5	 f13:0x00000000  f5:0x00000001 f16=0x00000000
     362605.000 ns	     36259	80007858	7decc813	xori	x16,x25,2014	 x25:0x00000260 x16=0x000005be
     362635.000 ns	     36262	8000785c	11d00653	fmul.s	f12,f0,f29	  f0:0x00000000 f29:0x80000000 f12=0x80000000
     362665.000 ns	     36265	80007860	c00ff053	fcvt.w.s	x0,f31	 f31:0x00000000
     362685.000 ns	     36267	80007864	00000013	addi	x0,x0,0	  x0:0x00000000
     362705.000 ns	     36269	80007868	c013fed3	fcvt.wu.s	x29,f7	  f7:0x7f800000 x29=0xffffffff
     362735.000 ns	     36272	8000786c	02a1a3b3	mulhsu	x7,x3,x10	  x3:0x00000000 x10:0x80040fe4  x7=0x00000000
     362755.000 ns	     36274	80007870	5cdb2437	lui	x8,0x5cdb2	  x8=0x5cdb2000
     362775.000 ns	     36276	80007874	02e241b3	div	x3,x4,x14	  x4:0x73625000 x14:0x00000000  x3=0xffffffff
     362805.000 ns	     36279	80007878	c0177453	fcvt.wu.s	x8,f14	 f14:0x00000000  x8=0x00000000
     363175.000 ns	     36316	8000787c	034f5833	divu	x16,x30,x20	 x30:0x08d1289c x20:0xa202344a x16=0x00000000
     363195.000 ns	     36318	80007880	41878f33	sub	x30,x15,x24	 x15:0x0035e6c3 x24:0x00000000 x30=0x0035e6c3
     363555.000 ns	     36354	80007884	03dfc2b3	div	x5,x31,x29	 x31:0x00000000 x29:0xffffffff  x5=0x00000000
     363575.000 ns	     36356	80007888	00c8a2b3	slt	x5,x17,x12	 x17:0xc650accf x12:0x00000000  x5=0x00000001
     363605.000 ns	     36359	8000788c	11caffd3	fmul.s	f31,f21,f28	 f21:0x3f800000 f28:0x3f7fffae f31=0x3f7fffae
     363635.000 ns	     36362	80007890	d014f7d3	fcvt.s.wu	f15,x9	  x9:0x00000000 f15=0x00000000
     363675.000 ns	     36366	80007894	5804c653	fsqrt.s	f12,f9	  f9:0x00000000 f12=0x00000000
     363695.000 ns	     36368	80007898	00000013	addi	x0,x0,0	  x0:0x00000000
     363705.000 ns	     36369	8000789c	00591693	slli	x13,x18,0x5	 x18:0x80041024 x13=0x00820480
     363715.000 ns	     36370	800078a0	01875db3	srl	x27,x14,x24	 x14:0x00000000 x24:0x00000000 x27=0x00000000
     363755.000 ns	     36374	800078a4	01707ed3	fadd.s	f29,f0,f23	  f0:0x00000000 f23:0x00000000 f29=0x00000000
     363785.000 ns	     36377	800078a8	f00c02d3	fmv.w.x	f5,x24	 x24:0x00000000  f5=0x00000000
     363825.000 ns	     36381	800078ac	580b9f53	fsqrt.s	f30,f23	 f23:0x00000000 f30=0x00000000
     363845.000 ns	     36383	800078b0	00b49e33	sll	x28,x9,x11	  x9:0x00000000 x11:0x00000000 x28=0x00000000
     364205.000 ns	     36419	800078b4	034fe733	rem	x14,x31,x20	 x31:0x00000000 x20:0xa202344a x14=0x00000000
     364235.000 ns	     36422	800078b8	c008ffd3	fcvt.w.s	x31,f17	 f17:0x3f800000 x31=0x00000001
     364265.000 ns	     36425	800078bc	039b0fb3	mul	x31,x22,x25	 x22:0x00000000 x25:0x00000260 x31=0x00000000
     364285.000 ns	     36427	800078c0	77937093	andi	x1,x6,1913	  x6:0xffffffff  x1=0x00000779
     364305.000 ns	     36429	800078c4	e00c88d3	fmv.x.w	x17,f25	 f25:0x3f800000 x17=0x3f800000
     364325.000 ns	     36431	800078c8	00e3a1b3	slt	x3,x7,x14	  x7:0x00000000 x14:0x00000000  x3=0x00000000
     364365.000 ns	     36435	800078cc	0831afd3	fsub.s	f31,f3,f3	  f3:0x5e44f63e  f3:0x5e44f63e f31=0x80000000
     364415.000 ns	     36440	800078d0	085304d3	fsub.s	f9,f6,f5	  f6:0x80000000  f5:0x00000000  f9=0x80000000
     364435.000 ns	     36442	800078d4	00a94d33	xor	x26,x18,x10	 x18:0x80041024 x10:0x80040fe4 x26=0x00001fc0
     364445.000 ns	     36443	800078d8	01a563b3	or	x7,x10,x26	 x10:0x80040fe4 x26:0x00000001  x7=0x80041fe4
     364455.000 ns	     36444	800078dc	00000013	addi	x0,x0,0	  x0:0x00000000
     364475.000 ns	     36446	800078e0	29a39853	fmax.s	f16,f7,f26	  f7:0x7f800000 f26:0x00000001 f16=0x7f800000
     364495.000 ns	     36448	800078e4	00000013	addi	x0,x0,0	  x0:0x00000000
     364505.000 ns	     36449	800078e8	7327a793	slti	x15,x15,1842	 x15:0x0035e6c3 x15=0x00000000
     364515.000 ns	     36450	800078ec	00d19033	sll	x0,x3,x13	  x3:0x00000000 x13:0x00820480
     364535.000 ns	     36452	800078f0	026c23b3	mulhsu	x7,x24,x6	 x24:0x00000000  x6:0xffffffff  x7=0x00000000
     364555.000 ns	     36454	800078f4	01380e33	add	x28,x16,x19	 x16:0x00000000 x19:0xe182344a x28=0xe182344a
     364565.000 ns	     36455	800078f8	00802b33	slt	x22,x0,x8	  x0:0x00000000  x8:0x00000000 x22=0x00000000
     364585.000 ns	     36457	800078fc	f0018e53	fmv.w.x	f28,x3	  x3:0x00000000 f28=0x00000000
     364625.000 ns	     36461	80007900	106878d3	fmul.s	f17,f16,f6	 f16:0x7f800000  f6:0x80000000 f17=0x7fc00000
     364645.000 ns	     36463	80007904	d723f693	andi	x13,x7,-654	  x7:0x00000000 x13=0x00000000
     364655.000 ns	     36464	80007908	9a1e7c93	andi	x25,x28,-1631	 x28:0xe182344a x25=0xe1823000
     364665.000 ns	     36465	8000790c	bd434313	xori	x6,x6,-1068	  x6:0xffffffff  x6=0x0000042b
     364685.000 ns	     36467	80007910	a1880bd3	fle.s	x23,f16,f24	 f16:0x7f800000 f24:0x00000001 x23=0x00000000
     364705.000 ns	     36469	80007914	f383a193	slti	x3,x7,-200	  x7:0x00000000  x3=0x00000000
     365065.000 ns	     36505	80007918	03184c33	div	x24,x16,x17	 x16:0x00000000 x17:0x3f800000 x24=0x00000000
     365095.000 ns	     36508	8000791c	201721d3	fsgnjx.s	f3,f14,f1	 f14:0x00000000  f1:0x00000001  f3=0x00000000
     365115.000 ns	     36510	80007920	5c372893	slti	x17,x14,1475	 x14:0x00000000 x17=0x00000001
     365475.000 ns	     36546	80007924	02a8ff33	remu	x30,x17,x10	 x17:0x3f800000 x10:0x80040fe4 x30=0x00000001
     365525.000 ns	     36551	80007928	08a970d3	fsub.s	f1,f18,f10	 f18:0x41800000 f10:0x80000000  f1=0x41800000
     365545.000 ns	     36553	8000792c	01468b33	add	x22,x13,x20	 x13:0x00000000 x20:0xa202344a x22=0xa202344a
     365565.000 ns	     36555	80007930	d00070d3	fcvt.s.w	f1,x0	  x0:0x00000000  f1=0x00000000
     365595.000 ns	     36558	80007934	a1e41ed3	flt.s	x29,f8,f30	  f8:0x00000000 f30:0x00000000 x29=0x00000000
     365615.000 ns	     36560	80007938	33ed0213	addi	x4,x26,830	 x26:0x00001fc0  x4=0x000022fe
     365635.000 ns	     36562	8000793c	c01871d3	fcvt.wu.s	x3,f16	 f16:0x7f800000  x3=0xffffffff
     365655.000 ns	     36564	80007940	415ad6b3	sra	x13,x21,x21	 x21:0x4f305d24 x21:0x4f305d24 x13=0x04f305d2
     365675.000 ns	     36566	80007944	211093d3	fsgnjn.s	f7,f1,f17	  f1:0x00000000 f17:0x7fc00000  f7=0x80000000
     366045.000 ns	     36603	80007948	021cdab3	divu	x21,x25,x1	 x25:0xe1823000  x1:0x00000779 x21=0x001e2d86
     366065.000 ns	     36605	8000794c	01f25233	srl	x4,x4,x31	  x4:0x000022fe x31:0x00000000  x4=0x000022fe
     366085.000 ns	     36607	80007950	c0117b53	fcvt.wu.s	x22,f2	  f2:0x3f800000 x22=0x00000001
     366115.000 ns	     36610	80007954	03410db3	mul	x27,x2,x20	  x2:0xffffff7f x20:0xa202344a x27=0x5ce3a6b6
     366135.000 ns	     36612	80007958	005b83b3	add	x7,x23,x5	 x23:0x00000000  x5:0x00000001  x7=0x00000001
     366155.000 ns	     36614	8000795c	02ab0bb3	mul	x23,x22,x10	 x22:0x00000001 x10:0x80040fe4 x23=0x80040fe4
     366175.000 ns	     36616	80007960	41f55893	srai	x17,x10,0x1f	 x10:0x80040fe4 x17=0xffffffff
     366185.000 ns	     36617	80007964	6f874993	xori	x19,x14,1784	 x14:0x00000000 x19=0x000006f8
     366205.000 ns	     36619	80007968	e00f07d3	fmv.x.w	x15,f30	 f30:0x00000000 x15=0x00000000
     366225.000 ns	     36621	8000796c	cee8ef37	lui	x30,0xcee8e	 x30=0xcee8e000
     366245.000 ns	     36623	80007970	02db0633	mul	x12,x22,x13	 x22:0x00000001 x13:0x04f305d2 x12=0x04f305d2
     366265.000 ns	     36625	80007974	f8b26813	ori	x16,x4,-117	  x4:0x000022fe x16=0xffffffff
     366275.000 ns	     36626	80007978	01825993	srli	x19,x4,0x18	  x4:0x000022fe x19=0x00000000
     366295.000 ns	     36628	8000797c	20171953	fsgnjn.s	f18,f14,f1	 f14:0x00000000  f1:0x00000000 f18=0x80000000
     366315.000 ns	     36630	80007980	008f65b3	or	x11,x30,x8	 x30:0xcee8e000  x8:0x00000000 x11=0xcee8e000
     366325.000 ns	     36631	80007984	45568d13	addi	x26,x13,1109	 x13:0x04f305d2 x26=0x04f30a27
     366685.000 ns	     36667	80007988	03c6c8b3	div	x17,x13,x28	 x13:0x04f305d2 x28:0xe182344a x17=0x00000000
     366705.000 ns	     36669	8000798c	9af5e313	ori	x6,x11,-1617	 x11:0xcee8e000  x6=0xfffff9af
     366725.000 ns	     36671	80007990	e00c09d3	fmv.x.w	x19,f24	 f24:0x00000001 x19=0x00000001
     366755.000 ns	     36674	80007994	f00383d3	fmv.w.x	f7,x7	  x7:0x00000001  f7=0x00000001
     366775.000 ns	     36676	80007998	00406733	or	x14,x0,x4	  x0:0x00000000  x4:0x000022fe x14=0x000022fe
     366785.000 ns	     36677	8000799c	01875093	srli	x1,x14,0x18	 x14:0x00000000  x1=0x00000000
     366805.000 ns	     36679	800079a0	214a0253	fsgnj.s	f4,f20,f20	 f20:0x00000000 f20:0x00000000  f4=0x00000000
     366825.000 ns	     36681	800079a4	409eda93	srai	x21,x29,0x9	 x29:0x00000000 x21=0x00000000
     366845.000 ns	     36683	800079a8	204301d3	fsgnj.s	f3,f6,f4	  f6:0x80000000  f4:0x00000000  f3=0x00000000
     366875.000 ns	     36686	800079ac	f0010853	fmv.w.x	f16,x2	  x2:0xffffff7f f16=0xffffff7f
     366905.000 ns	     36689	800079b0	e00b08d3	fmv.x.w	x17,f22	 f22:0x4f305d24 x17=0x4f305d24
     366925.000 ns	     36691	800079b4	016a9033	sll	x0,x21,x22	 x21:0x00000000 x22:0x00000001
     366935.000 ns	     36692	800079b8	01f82fb3	slt	x31,x16,x31	 x16:0xffffffff x31:0x00000000 x31=0x00000001
     366955.000 ns	     36694	800079bc	20591553	fsgnjn.s	f10,f18,f5	 f18:0x80000000  f5:0x00000000 f10=0x80000000
     366975.000 ns	     36696	800079c0	1fd4e093	ori	x1,x9,509	  x9:0x00000000  x1=0x000001fd
     366995.000 ns	     36698	800079c4	d0047853	fcvt.s.w	f16,x8	  x8:0x00000000 f16=0x00000000
     367025.000 ns	     36701	800079c8	03c716b3	mulh	x13,x14,x28	 x14:0x000022fe x28:0xe182344a x13=0xfffffbd5
     367055.000 ns	     36704	800079cc	c016cdd3	fcvt.wu.s	x27,f13	 f13:0x00000000 x27=0x00000000
     367075.000 ns	     36706	800079d0	017955b3	srl	x11,x18,x23	 x18:0x80041024 x23:0x80040fe4 x11=0x08004102
     367085.000 ns	     36707	800079d4	407f5233	sra	x4,x30,x7	 x30:0xcee8e000  x7:0x00000001  x4=0xe7747000
     367105.000 ns	     36709	800079d8	f0048253	fmv.w.x	f4,x9	  x9:0x00000000  f4=0x00000000
     367125.000 ns	     36711	800079dc	0069b4b3	sltu	x9,x19,x6	 x19:0x00000001  x6:0xfffff9af  x9=0x00000001
     367145.000 ns	     36713	800079e0	d00ff7d3	fcvt.s.w	f15,x31	 x31:0x00000001 f15=0x3f800000
     367165.000 ns	     36715	800079e4	41ce5613	srai	x12,x28,0x1c	 x28:0xe182344a x12=0xfffffffe
     367175.000 ns	     36716	800079e8	01abf2b3	and	x5,x23,x26	 x23:0x80040fe4 x26:0x04f30a27  x5=0x00000a24
     367185.000 ns	     36717	800079ec	bb268037	lui	x0,0xbb268	
     367225.000 ns	     36721	800079f0	01647153	fadd.s	f2,f8,f22	  f8:0x00000000 f22:0x4f305d24  f2=0x4f305d24
     367255.000 ns	     36724	800079f4	c00cf753	fcvt.w.s	x14,f25	 f25:0x3f800000 x14=0x00000001
     367285.000 ns	     36727	800079f8	21b30553	fsgnj.s	f10,f6,f27	  f6:0x80000000 f27:0x00000000 f10=0x00000000
     367315.000 ns	     36730	800079fc	212725d3	fsgnjx.s	f11,f14,f18	 f14:0x00000000 f18:0x80000000 f11=0x80000000
     367345.000 ns	     36733	80007a00	e00c1cd3	fclass.s	x25,f24	 f24:0x00000001 x25=0x00000020
     367715.000 ns	     36770	80007a04	03757633	remu	x12,x10,x23	 x10:0x80040fe4 x23:0x80040fe4 x12=0x00000000
     367765.000 ns	     36775	80007a08	08b473d3	fsub.s	f7,f8,f11	  f8:0x00000000 f11:0x80000000  f7=0x00000000
     367795.000 ns	     36778	80007a0c	a1371cd3	flt.s	x25,f14,f19	 f14:0x00000000 f19:0x00000000 x25=0x00000000
     367815.000 ns	     36780	80007a10	011a79b3	and	x19,x20,x17	 x20:0xa202344a x17:0x4f305d24 x19=0x02001400
     367825.000 ns	     36781	80007a14	012862b3	or	x5,x16,x18	 x16:0xffffffff x18:0x80041024  x5=0xffffffff
     367835.000 ns	     36782	80007a18	01efd4b3	srl	x9,x31,x30	 x31:0x00000001 x30:0xcee8e000  x9=0x00000001
     367855.000 ns	     36784	80007a1c	e00006d3	fmv.x.w	x13,f0	  f0:0x00000000 x13=0x00000000
     367885.000 ns	     36787	80007a20	02cd2033	mulhsu	x0,x26,x12	 x26:0x04f30a27 x12:0x00000000
     367905.000 ns	     36789	80007a24	ea3f6b13	ori	x22,x30,-349	 x30:0xcee8e000 x22=0xfffffea3
     367915.000 ns	     36790	80007a28	351317b7	lui	x15,0x35131	 x15=0x35131000
     367925.000 ns	     36791	80007a2c	01635593	srli	x11,x6,0x16	  x6:0xfffff9af x11=0x000003ff
     367935.000 ns	     36792	80007a30	014f82b3	add	x5,x31,x20	 x31:0x00000001 x20:0xa202344a  x5=0xa202344b
     367945.000 ns	     36793	80007a34	1e6b4793	xori	x15,x22,486	 x22:0xfffffea3 x15=0xffffff45
     367965.000 ns	     36795	80007a38	f0038b53	fmv.w.x	f22,x7	  x7:0x00000001 f22=0x00000001
     367995.000 ns	     36798	80007a3c	a09a1cd3	flt.s	x25,f20,f9	 f20:0x00000000  f9:0x80000000 x25=0x00000000
     368015.000 ns	     36800	80007a40	01a2e9b3	or	x19,x5,x26	  x5:0xa202344b x26:0x04f30a27 x19=0xa6f33e6f
     368035.000 ns	     36802	80007a44	a11728d3	feq.s	x17,f14,f17	 f14:0x00000000 f17:0x7fc00000 x17=0x00000000
     368065.000 ns	     36805	80007a48	038b1033	mulh	x0,x22,x24	 x22:0xfffffea3 x24:0x00000000
     368085.000 ns	     36807	80007a4c	648acd13	xori	x26,x21,1608	 x21:0x00000000 x26=0x00000648
     368095.000 ns	     36808	80007a50	00b79393	slli	x7,x15,0xb	 x15:0xffffff45  x7=0xfffa2800
     368105.000 ns	     36809	80007a54	c057ea93	ori	x21,x15,-1019	 x15:0xffffff45 x21=0xffffff45
     368115.000 ns	     36810	80007a58	4159d493	srai	x9,x19,0x15	 x19:0xa6f33e6f  x9=0xfffffd37
     368135.000 ns	     36812	80007a5c	a16d9ad3	flt.s	x21,f27,f22	 f27:0x00000000 f22:0x00000001 x21=0x00000001
     368505.000 ns	     36849	80007a60	0305e0b3	rem	x1,x11,x16	 x11:0x000003ff x16:0xffffffff  x1=0x00000000
     368535.000 ns	     36852	80007a64	e00886d3	fmv.x.w	x13,f17	 f17:0x7fc00000 x13=0x7fc00000
     368565.000 ns	     36855	80007a68	c012f2d3	fcvt.wu.s	x5,f5	  f5:0x00000000  x5=0x00000000
     368595.000 ns	     36858	80007a6c	d01523d3	fcvt.s.wu	f7,x10	 x10:0x80040fe4  f7=0x4f000410
     368615.000 ns	     36860	80007a70	019a9713	slli	x14,x21,0x19	 x21:0x00000001 x14=0x02000000
     368625.000 ns	     36861	80007a74	003a3f33	sltu	x30,x20,x3	 x20:0xa202344a  x3:0xffffffff x30=0x00000001
     368635.000 ns	     36862	80007a78	00365793	srli	x15,x12,0x3	 x12:0x00000000 x15=0x00000000
     368645.000 ns	     36863	80007a7c	78807613	andi	x12,x0,1928	  x0:0x00000000 x12=0x00000000
     368665.000 ns	     36865	80007a80	c01c7253	fcvt.wu.s	x4,f24	 f24:0x00000001  x4=0x00000000
     368685.000 ns	     36867	80007a84	a80dcf93	xori	x31,x27,-1408	 x27:0x00000000 x31=0xfffffa80
     368705.000 ns	     36869	80007a88	02391633	mulh	x12,x18,x3	 x18:0x80041024  x3:0xffffffff x12=0x00000000
     368735.000 ns	     36872	80007a8c	02c4f6b3	remu	x13,x9,x12	  x9:0xfffffd37 x12:0x00000000 x13=0xfffffd37
     368755.000 ns	     36874	80007a90	01e827b3	slt	x15,x16,x30	 x16:0xffffffff x30:0x00000001 x15=0x00000001
     368785.000 ns	     36877	80007a94	1180f6d3	fmul.s	f13,f1,f24	  f1:0x00000000 f24:0x00000001 f13=0x00000000
     368805.000 ns	     36879	80007a98	d1ec6393	ori	x7,x24,-738	 x24:0x00000000  x7=0xfffffd1e
     368825.000 ns	     36881	80007a9c	21e290d3	fsgnjn.s	f1,f5,f30	  f5:0x00000000 f30:0x00000000  f1=0x80000000
     368855.000 ns	     36884	80007aa0	28728fd3	fmin.s	f31,f5,f7	  f5:0x00000000  f7:0x4f000410 f31=0x00000000
     368905.000 ns	     36889	80007aa4	09df7e53	fsub.s	f28,f30,f29	 f30:0x00000000 f29:0x00000000 f28=0x80000000
     368925.000 ns	     36891	80007aa8	01875993	srli	x19,x14,0x18	 x14:0x02000000 x19=0x00000002
     368945.000 ns	     36893	80007aac	297f8f53	fmin.s	f30,f31,f23	 f31:0x00000000 f23:0x00000000 f30=0x00000000
     368965.000 ns	     36895	80007ab0	01ee8eb3	add	x29,x29,x30	 x29:0x00000000 x30:0x00000001 x29=0x00000001
     368975.000 ns	     36896	80007ab4	00ba5d93	srli	x27,x20,0xb	 x20:0xa202344a x27=0x00144046
     368995.000 ns	     36898	80007ab8	02cec133	div	x2,x29,x12	 x29:0x00000000 x12:0x00000000  x2=0xffffffff
     369015.000 ns	     36900	80007abc	7b145137	lui	x2,0x7b145	  x2=0x7b145000
     369035.000 ns	     36902	80007ac0	c005f2d3	fcvt.w.s	x5,f11	 f11:0x80000000  x5=0x00000000
     369065.000 ns	     36905	80007ac4	d0152953	fcvt.s.wu	f18,x10	 x10:0x80040fe4 f18=0x4f000410
     369085.000 ns	     36907	80007ac8	01873833	sltu	x16,x14,x24	 x14:0x02000000 x24:0x00000000 x16=0x00000000
     369095.000 ns	     36908	80007acc	00000013	addi	x0,x0,0	  x0:0x00000000
     369115.000 ns	     36910	80007ad0	a1dea053	feq.s	x0,f29,f29	 f29:0x00000000 f29:0x00000000
     369145.000 ns	     36913	80007ad4	28c497d3	fmax.s	f15,f9,f12	  f9:0x80000000 f12:0x00000000 f15=0x00000000
     369165.000 ns	     36915	80007ad8	01c292b3	sll	x5,x5,x28	  x5:0x00000000 x28:0xe182344a  x5=0x00000000
     369525.000 ns	     36951	80007adc	0237c8b3	div	x17,x15,x3	 x15:0x00000001  x3:0xffffffff x17=0xffffffff
     369545.000 ns	     36953	80007ae0	00feadb3	slt	x27,x29,x15	 x29:0x00000001 x15:0x00000001 x27=0x00000000
     369565.000 ns	     36955	80007ae4	f0010ed3	fmv.w.x	f29,x2	  x2:0x7b145000 f29=0x7b145000
     369585.000 ns	     36957	80007ae8	406d5393	srai	x7,x26,0x6	 x26:0x00000648  x7=0x00000019
     369595.000 ns	     36958	80007aec	002d9593	slli	x11,x27,0x2	 x27:0x00000000 x11=0x00000000
     369625.000 ns	     36961	80007af0	5809a353	fsqrt.s	f6,f19	 f19:0x00000000  f6=0x00000000
     369645.000 ns	     36963	80007af4	00e979b3	and	x19,x18,x14	 x18:0x80041024 x14:0x02000000 x19=0x00000000
     369665.000 ns	     36965	80007af8	e00593d3	fclass.s	x7,f11	 f11:0x80000000  x7=0x00000008
     369685.000 ns	     36967	80007afc	01795333	srl	x6,x18,x23	 x18:0x80041024 x23:0x80040fe4  x6=0x08004102
     369705.000 ns	     36969	80007b00	d01ff553	fcvt.s.wu	f10,x31	 x31:0xfffffa80 f10=0x4f7ffffa
     369725.000 ns	     36971	80007b04	b5a7b993	sltiu	x19,x15,-1190	 x15:0x00000001 x19=0x00000001
     369765.000 ns	     36975	80007b08	01087cd3	fadd.s	f25,f16,f16	 f16:0x00000000 f16:0x00000000 f25=0x00000000
     369785.000 ns	     36977	80007b0c	417b5013	srai	x0,x22,0x17	 x22:0xfffffea3
     369795.000 ns	     36978	80007b10	1191f8b7	lui	x17,0x1191f	 x17=0x1191f000
     369805.000 ns	     36979	80007b14	00439633	sll	x12,x7,x4	  x7:0x00000008  x4:0x00000000 x12=0x00000008
     369825.000 ns	     36981	80007b18	c0187153	fcvt.wu.s	x2,f16	 f16:0x00000000  x2=0x00000000
     369845.000 ns	     36983	80007b1c	e3832b93	slti	x23,x6,-456	  x6:0x08004102 x23=0x00000000
     369875.000 ns	     36986	80007b20	189844d3	fdiv.s	f9,f16,f9	 f16:0x00000000  f9:0x80000000  f9=0x7fc00000
     369905.000 ns	     36989	80007b24	d01bf6d3	fcvt.s.wu	f13,x23	 x23:0x80040fe4 f13=0x00000000
     369925.000 ns	     36991	80007b28	3240cf13	xori	x30,x1,804	  x1:0x00000000 x30=0x00000324
     369935.000 ns	     36992	80007b2c	52cb6293	ori	x5,x22,1324	 x22:0xfffffea3  x5=0xffffffaf
     369955.000 ns	     36994	80007b30	a0c80253	fle.s	x4,f16,f12	 f16:0x00000000 f12:0x00000000  x4=0x00000001
     369975.000 ns	     36996	80007b34	006eb4b3	sltu	x9,x29,x6	 x29:0x00000001  x6:0x08004102  x9=0x00000001
     369985.000 ns	     36997	80007b38	01205293	srli	x5,x0,0x12	  x0:0x00000000  x5=0x00000000
     370005.000 ns	     36999	80007b3c	024aad33	mulhsu	x26,x21,x4	 x21:0x00000001  x4:0x00000001 x26=0x00000000
     370045.000 ns	     37003	80007b40	199f39d3	fdiv.s	f19,f30,f25	 f30:0x00000000 f25:0x00000000 f19=0x7fc00000
     370065.000 ns	     37005	80007b44	0063feb3	and	x29,x7,x6	  x7:0x00000008  x6:0x08004102 x29=0x00000000
     370095.000 ns	     37008	80007b48	118c0153	fmul.s	f2,f24,f24	 f24:0x00000001 f24:0x00000001  f2=0x00000000
     370125.000 ns	     37011	80007b4c	034b2233	mulhsu	x4,x22,x20	 x22:0xfffffea3 x20:0xa202344a  x4=0xffffff23
     370145.000 ns	     37013	80007b50	4009df93	srai	x31,x19,0x0	 x19:0x00000001 x31=0x00000001
     370155.000 ns	     37014	80007b54	0183dc13	srli	x24,x7,0x18	  x7:0x00000008 x24=0x00000000
     370175.000 ns	     37016	80007b58	a00ca653	feq.s	x12,f25,f0	 f25:0x00000000  f0:0x00000000 x12=0x00000001
     370195.000 ns	     37018	80007b5c	011f2b33	slt	x22,x30,x17	 x30:0x00000324 x17:0x1191f000 x22=0x00000001
     370205.000 ns	     37019	80007b60	414251b3	sra	x3,x4,x20	  x4:0xffffff23 x20:0xa202344a  x3=0xffffffff
     370215.000 ns	     37020	80007b64	16d87113	andi	x2,x16,365	 x16:0x00000000  x2=0x00000000
     370235.000 ns	     37022	80007b68	20cf8253	fsgnj.s	f4,f31,f12	 f31:0x00000000 f12:0x00000000  f4=0x00000000
     370255.000 ns	     37024	80007b6c	00f8c0b3	xor	x1,x17,x15	 x17:0x1191f000 x15:0x00000001  x1=0x1191f001
     370265.000 ns	     37025	80007b70	00405693	srli	x13,x0,0x4	  x0:0x00000000 x13=0x00000000
     370285.000 ns	     37027	80007b74	f00f86d3	fmv.w.x	f13,x31	 x31:0x00000001 f13=0x00000001
     370305.000 ns	     37029	80007b78	00000013	addi	x0,x0,0	  x0:0x00000000
     370315.000 ns	     37030	80007b7c	ddc5e417	auipc	x8,0xddc5e	  x8=0x5dc65b7c
     370325.000 ns	     37031	80007b80	01705c93	srli	x25,x0,0x17	  x0:0x00000000 x25=0x00000000
     370335.000 ns	     37032	80007b84	95ac8c93	addi	x25,x25,-1702	 x25:0x00000000 x25=0xfffff95a
     370355.000 ns	     37034	80007b88	29281e53	fmax.s	f28,f16,f18	 f16:0x00000000 f18:0x4f000410 f28=0x4f000410
     370375.000 ns	     37036	80007b8c	00d01c93	slli	x25,x0,0xd	  x0:0x00000000 x25=0x00000000
     370385.000 ns	     37037	80007b90	00bfa3b3	slt	x7,x31,x11	 x31:0x00000001 x11:0x00000000  x7=0x00000000
     370395.000 ns	     37038	80007b94	e60f6f93	ori	x31,x30,-416	 x30:0x00000324 x31=0xffffff64
     370405.000 ns	     37039	80007b98	271ef813	andi	x16,x29,625	 x29:0x00000000 x16=0x00000000
     370425.000 ns	     37041	80007b9c	21352153	fsgnjx.s	f2,f10,f19	 f10:0x4f7ffffa f19:0x7fc00000  f2=0x4f7ffffa
     370445.000 ns	     37043	80007ba0	017e4ab3	xor	x21,x28,x23	 x28:0xe182344a x23:0x00000000 x21=0xe182344a
     370455.000 ns	     37044	80007ba4	5d2ac793	xori	x15,x21,1490	 x21:0x00000001 x15=0xe1823198
     370465.000 ns	     37045	80007ba8	01401eb3	sll	x29,x0,x20	  x0:0x00000000 x20:0xa202344a x29=0x00000000
     370485.000 ns	     37047	80007bac	02004bb3	div	x23,x0,x0	  x0:0x00000000  x0:0x00000000 x23=0xffffffff
     370515.000 ns	     37050	80007bb0	20fe94d3	fsgnjn.s	f9,f29,f15	 f29:0x7b145000 f15:0x00000000  f9=0xfb145000
     370535.000 ns	     37052	80007bb4	0031d413	srli	x8,x3,0x3	  x3:0xffffffff  x8=0x1fffffff
     370575.000 ns	     37056	80007bb8	083b1fd3	fsub.s	f31,f22,f3	 f22:0x00000001  f3:0x00000000 f31=0x00000001
     370615.000 ns	     37060	80007bbc	11d07f53	fmul.s	f30,f0,f29	  f0:0x00000000 f29:0x7b145000 f30=0x00000000
     370635.000 ns	     37062	80007bc0	da60ae13	slti	x28,x1,-602	  x1:0x1191f001 x28=0x00000000
     370645.000 ns	     37063	80007bc4	e290c493	xori	x9,x1,-471	  x1:0x1191f001  x9=0xee6e0e28
     370665.000 ns	     37065	80007bc8	20b58a53	fsgnj.s	f20,f11,f11	 f11:0x80000000 f11:0x80000000 f20=0x80000000
     370695.000 ns	     37068	80007bcc	c01e96d3	fcvt.wu.s	x13,f29	 f29:0x7b145000 x13=0xffffffff
     370725.000 ns	     37071	80007bd0	e00f1c53	fclass.s	x24,f30	 f30:0x00000000 x24=0x00000010
     371095.000 ns	     37108	80007bd4	0218c5b3	div	x11,x17,x1	 x17:0x1191f000  x1:0x1191f001 x11=0x00000000
     371125.000 ns	     37111	80007bd8	20559bd3	fsgnjn.s	f23,f11,f5	 f11:0x80000000  f5:0x00000000 f23=0x80000000
     371155.000 ns	     37114	80007bdc	0226ecb3	rem	x25,x13,x2	 x13:0xffffffff  x2:0x00000000 x25=0xffffffff
     371525.000 ns	     37151	80007be0	02ebf233	remu	x4,x23,x14	 x23:0xffffffff x14:0x02000000  x4=0x01ffffff
     371555.000 ns	     37154	80007be4	a0cea053	feq.s	x0,f29,f12	 f29:0x7b145000 f12:0x00000000
     371575.000 ns	     37156	80007be8	410bd993	srai	x19,x23,0x10	 x23:0xffffffff x19=0xffffffff
     371585.000 ns	     37157	80007bec	bf132813	slti	x16,x6,-1039	  x6:0x08004102 x16=0x00000000
     371595.000 ns	     37158	80007bf0	01063ab3	sltu	x21,x12,x16	 x12:0x00000001 x16:0x00000000 x21=0x00000000
     371605.000 ns	     37159	80007bf4	41378d33	sub	x26,x15,x19	 x15:0xe1823198 x19:0xffffffff x26=0xe1823199
     371615.000 ns	     37160	80007bf8	f8fbcd93	xori	x27,x23,-113	 x23:0xffffffff x27=0x00000070
     371625.000 ns	     37161	80007bfc	0076f0b3	and	x1,x13,x7	 x13:0xffffffff  x7:0x00000000  x1=0x00000000
     371635.000 ns	     37162	80007c00	dc5c0813	addi	x16,x24,-571	 x24:0x00000010 x16=0xfffffdd5
     371645.000 ns	     37163	80007c04	01e984b3	add	x9,x19,x30	 x19:0xffffffff x30:0x00000324  x9=0x00000323
     371655.000 ns	     37164	80007c08	00143033	sltu	x0,x8,x1	  x8:0x1fffffff  x1:0x00000000
     371675.000 ns	     37166	80007c0c	02d8b4b3	mulhu	x9,x17,x13	 x17:0x1191f000 x13:0xffffffff  x9=0x1191efff
     371715.000 ns	     37170	80007c10	11a987d3	fmul.s	f15,f19,f26	 f19:0x7fc00000 f26:0x00000001 f15=0x7fc00000
     372085.000 ns	     37207	80007c14	03e75c33	divu	x24,x14,x30	 x14:0x02000000 x30:0x00000324 x24=0x0000a306
     372115.000 ns	     37210	80007c18	28878c53	fmin.s	f24,f15,f8	 f15:0x7fc00000  f8:0x00000000 f24=0x00000000
     372135.000 ns	     37212	80007c1c	00bf5cb3	srl	x25,x30,x11	 x30:0x00000324 x11:0x00000000 x25=0x00000324
     372155.000 ns	     37214	80007c20	03348833	mul	x16,x9,x19	  x9:0x1191efff x19:0xffffffff x16=0xee6e1001
     372195.000 ns	     37218	80007c24	18f1f553	fdiv.s	f10,f3,f15	  f3:0x00000000 f15:0x7fc00000 f10=0x7fc00000
     372215.000 ns	     37220	80007c28	e9ec2593	slti	x11,x24,-354	 x24:0x0000a306 x11=0x00000000
     373385.000 ns	     37337	80007c2c	580948d3	fsqrt.s	f17,f18	 f18:0x4f000410 f17=0x46b50a40
     373415.000 ns	     37340	80007c30	036cbdb3	mulhu	x27,x25,x22	 x25:0x00000324 x22:0x00000001 x27=0x00000000
     373435.000 ns	     37342	80007c34	fedcf8b7	lui	x17,0xfedcf	 x17=0xfedcf000
     373445.000 ns	     37343	80007c38	003e82b3	add	x5,x29,x3	 x29:0x00000000  x3:0xffffffff  x5=0xffffffff
     373455.000 ns	     37344	80007c3c	01321613	slli	x12,x4,0x13	  x4:0x01ffffff x12=0xfff80000
     373465.000 ns	     37345	80007c40	0148d693	srli	x13,x17,0x14	 x17:0xfedcf000 x13=0x00000fed
     373475.000 ns	     37346	80007c44	002c1093	slli	x1,x24,0x2	 x24:0x0000a306  x1=0x00028c18
     373485.000 ns	     37347	80007c48	0041cc33	xor	x24,x3,x4	  x3:0xffffffff  x4:0x01ffffff x24=0xfe000000
     373495.000 ns	     37348	80007c4c	0075e433	or	x8,x11,x7	 x11:0x00000000  x7:0x00000000  x8=0x00000000
     373505.000 ns	     37349	80007c50	88211e37	lui	x28,0x88211	 x28=0x88211000
     373515.000 ns	     37350	80007c54	40655033	sra	x0,x10,x6	 x10:0x80040fe4  x6:0x08004102
     373535.000 ns	     37352	80007c58	20bca7d3	fsgnjx.s	f15,f25,f11	 f25:0x00000000 f11:0x80000000 f15=0x80000000
     373565.000 ns	     37355	80007c5c	0324bbb3	mulhu	x23,x9,x18	  x9:0x1191efff x18:0x80041024 x23=0x08c93f62
     373585.000 ns	     37357	80007c60	01436433	or	x8,x6,x20	  x6:0x08004102 x20:0xa202344a  x8=0xaa02754a
     373595.000 ns	     37358	80007c64	3dcdf893	andi	x17,x27,988	 x27:0x00000000 x17=0x00000000
     373615.000 ns	     37360	80007c68	c01c7753	fcvt.wu.s	x14,f24	 f24:0x00000000 x14=0x00000000
     373635.000 ns	     37362	80007c6c	a2f68093	addi	x1,x13,-1489	 x13:0x00000fed  x1=0x00000a1c
     373655.000 ns	     37364	80007c70	c01e75d3	fcvt.wu.s	x11,f28	 f28:0x4f000410 x11=0x80041000
     373685.000 ns	     37367	80007c74	03cfb633	mulhu	x12,x31,x28	 x31:0xffffff64 x28:0x88211000 x12=0x88210fad
     373715.000 ns	     37370	80007c78	d0193ed3	fcvt.s.wu	f29,x18	 x18:0x80041024 f29=0x4f000411
     373745.000 ns	     37373	80007c7c	02c93733	mulhu	x14,x18,x12	 x18:0x80041024 x12:0x88210fad x14=0x4412b0ef
     373795.000 ns	     37378	80007c80	0860fcd3	fsub.s	f25,f1,f6	  f1:0x80000000  f6:0x00000000 f25=0x80000000
     373825.000 ns	     37381	80007c84	f00a84d3	fmv.w.x	f9,x21	 x21:0x00000000  f9=0x00000000
     374165.000 ns	     37415	80007c88	196affd3	fdiv.s	f31,f21,f22	 f21:0x3f800000 f22:0x00000001 f31=0x7e34b4b6
     374185.000 ns	     37417	80007c8c	f9f04f97	auipc	x31,0xf9f04	 x31=0x79f0bc8c
     374195.000 ns	     37418	80007c90	01b815b3	sll	x11,x16,x27	 x16:0xee6e1001 x27:0x00000000 x11=0xee6e1001
     374215.000 ns	     37420	80007c94	e0028653	fmv.x.w	x12,f5	  f5:0x00000000 x12=0x00000000
     374245.000 ns	     37423	80007c98	e0090bd3	fmv.x.w	x23,f18	 f18:0x4f000410 x23=0x4f000410
     374275.000 ns	     37426	80007c9c	d01b7b53	fcvt.s.wu	f22,x22	 x22:0x00000001 f22=0x3f800000
     374295.000 ns	     37428	80007ca0	98b9f193	andi	x3,x19,-1653	 x19:0xffffffff  x3=0xfffff98b
     374655.000 ns	     37464	80007ca4	0383df33	divu	x30,x7,x24	  x7:0x00000000 x24:0xfe000000 x30=0x00000000
     375025.000 ns	     37501	80007ca8	0266fbb3	remu	x23,x13,x6	 x13:0x00000fed  x6:0x08004102 x23=0x00000fed
     375055.000 ns	     37504	80007cac	03126233	rem	x4,x4,x17	  x4:0x01ffffff x17:0x00000000  x4=0x01ffffff
     375075.000 ns	     37506	80007cb0	265e9037	lui	x0,0x265e9	
     375085.000 ns	     37507	80007cb4	bc3d7d13	andi	x26,x26,-1085	 x26:0xe1823199 x26=0xe1823181
     375105.000 ns	     37509	80007cb8	039a1333	mulh	x6,x20,x25	 x20:0xa202344a x25:0x00000324  x6=0xfffffed8
     375145.000 ns	     37513	80007cbc	195bcc53	fdiv.s	f24,f23,f21	 f23:0x80000000 f21:0x3f800000 f24=0x80000000
     375175.000 ns	     37516	80007cc0	c01d70d3	fcvt.wu.s	x1,f26	 f26:0x00000001  x1=0x00000000
     375195.000 ns	     37518	80007cc4	4e6db0b7	lui	x1,0x4e6db	  x1=0x4e6db000
     375205.000 ns	     37519	80007cc8	006506b3	add	x13,x10,x6	 x10:0x80040fe4  x6:0xfffffed8 x13=0x80040ebc
     375225.000 ns	     37521	80007ccc	02451c33	mulh	x24,x10,x4	 x10:0x80040fe4  x4:0x01ffffff x24=0xff000820
     375245.000 ns	     37523	80007cd0	7c074313	xori	x6,x14,1984	 x14:0x4412b0ef  x6=0x4412b72f
     375605.000 ns	     37559	80007cd4	030457b3	divu	x15,x8,x16	  x8:0xaa02754a x16:0xee6e1001 x15=0x00000000
     375625.000 ns	     37561	80007cd8	00000013	addi	x0,x0,0	  x0:0x00000000
     375635.000 ns	     37562	80007cdc	73396593	ori	x11,x18,1843	 x18:0x80041024 x11=0x80041737
     375655.000 ns	     37564	80007ce0	02f991b3	mulh	x3,x19,x15	 x19:0xffffffff x15:0x00000000  x3=0x00000000
     375685.000 ns	     37567	80007ce4	03fdaab3	mulhsu	x21,x27,x31	 x27:0x00000000 x31:0x79f0bc8c x21=0x00000000
     375715.000 ns	     37570	80007ce8	d008fe53	fcvt.s.w	f28,x17	 x17:0x00000000 f28=0x00000000
     375745.000 ns	     37573	80007cec	02b6a433	mulhsu	x8,x13,x11	 x13:0x80040ebc x11:0x80041737  x8=0xbffffbd3
     375775.000 ns	     37576	80007cf0	29c41fd3	fmax.s	f31,f8,f28	  f8:0x00000000 f28:0x00000000 f31=0x00000000
     375825.000 ns	     37581	80007cf4	08d17ed3	fsub.s	f29,f2,f13	  f2:0x4f7ffffa f13:0x00000001 f29=0x4f7ffffa
     375865.000 ns	     37585	80007cf8	10142e53	fmul.s	f28,f8,f1	  f8:0x00000000  f1:0x80000000 f28=0x80000000
     375895.000 ns	     37588	80007cfc	203ca0d3	fsgnjx.s	f1,f25,f3	 f25:0x80000000  f3:0x00000000  f1=0x80000000
     375915.000 ns	     37590	80007d00	00c7f033	and	x0,x15,x12	 x15:0x00000000 x12:0x00000000
     375925.000 ns	     37591	80007d04	de20b113	sltiu	x2,x1,-542	  x1:0x4e6db000  x2=0x00000001
     375945.000 ns	     37593	80007d08	20ae0753	fsgnj.s	f14,f28,f10	 f28:0x80000000 f10:0x7fc00000 f14=0x00000000
     375965.000 ns	     37595	80007d0c	01261313	slli	x6,x12,0x12	 x12:0x00000000  x6=0x00000000
     375985.000 ns	     37597	80007d10	a0f98853	fle.s	x16,f19,f15	 f19:0x7fc00000 f15:0x80000000 x16=0x00000000
     376035.000 ns	     37602	80007d14	09624fd3	fsub.s	f31,f4,f22	  f4:0x00000000 f22:0x3f800000 f31=0xbf800000
     376065.000 ns	     37605	80007d18	02f61cb3	mulh	x25,x12,x15	 x12:0x00000000 x15:0x00000000 x25=0x00000000
     376095.000 ns	     37608	80007d1c	a0cfa153	feq.s	x2,f31,f12	 f31:0xbf800000 f12:0x00000000  x2=0x00000000
     376125.000 ns	     37611	80007d20	20f72a53	fsgnjx.s	f20,f14,f15	 f14:0x00000000 f15:0x80000000 f20=0x80000000
     376155.000 ns	     37614	80007d24	03f9ae33	mulhsu	x28,x19,x31	 x19:0xffffffff x31:0x79f0bc8c x28=0xffffffff
     376175.000 ns	     37616	80007d28	41fed8b3	sra	x17,x29,x31	 x29:0x00000000 x31:0x79f0bc8c x17=0x00000000
     376195.000 ns	     37618	80007d2c	02fc17b3	mulh	x15,x24,x15	 x24:0xff000820 x15:0x00000000 x15=0x00000000
     376215.000 ns	     37620	80007d30	ac910e97	auipc	x29,0xac910	 x29=0x2c917d30
     376235.000 ns	     37622	80007d34	d003f953	fcvt.s.w	f18,x7	  x7:0x00000000 f18=0x00000000
     376285.000 ns	     37627	80007d38	08fc76d3	fsub.s	f13,f24,f15	 f24:0x80000000 f15:0x80000000 f13=0x00000000
     376305.000 ns	     37629	80007d3c	008f5133	srl	x2,x30,x8	 x30:0x00000000  x8:0xbffffbd3  x2=0x00000000
     376325.000 ns	     37631	80007d40	030758b3	divu	x17,x14,x16	 x14:0x4412b0ef x16:0x00000000 x17=0xffffffff
     376355.000 ns	     37634	80007d44	d0177d53	fcvt.s.wu	f26,x14	 x14:0x4412b0ef f26=0x4e882561
     376375.000 ns	     37636	80007d48	41eed9b3	sra	x19,x29,x30	 x29:0x2c917d30 x30:0x00000000 x19=0x2c917d30
     376395.000 ns	     37638	80007d4c	e0009153	fclass.s	x2,f1	  f1:0x80000000  x2=0x00000008
     376415.000 ns	     37640	80007d50	00019e13	slli	x28,x3,0x0	  x3:0x00000000 x28=0x00000000
     376425.000 ns	     37641	80007d54	019323b3	slt	x7,x6,x25	  x6:0x00000000 x25:0x00000000  x7=0x00000000
     376445.000 ns	     37643	80007d58	d0020053	fcvt.s.w	f0,x4	  x4:0x01ffffff  f0=0x4c000000
     376465.000 ns	     37645	80007d5c	0058efb3	or	x31,x17,x5	 x17:0xffffffff  x5:0xffffffff x31=0xffffffff
     376485.000 ns	     37647	80007d60	29b015d3	fmax.s	f11,f0,f27	  f0:0x4c000000 f27:0x00000000 f11=0x4c000000
     376515.000 ns	     37650	80007d64	d01c78d3	fcvt.s.wu	f17,x24	 x24:0xff000820 f17=0x4f7f0008
     376535.000 ns	     37652	80007d68	397ca713	slti	x14,x25,919	 x25:0x00000000 x14=0x00000001
     376545.000 ns	     37653	80007d6c	012ce1b3	or	x3,x25,x18	 x25:0x00000000 x18:0x80041024  x3=0x80041024
     376555.000 ns	     37654	80007d70	e0b0f813	andi	x16,x1,-501	  x1:0x4e6db000 x16=0x4e6db000
     376565.000 ns	     37655	80007d74	40d0de93	srai	x29,x1,0xd	  x1:0x4e6db000 x29=0x0002736d
     376585.000 ns	     37657	80007d78	a11d82d3	fle.s	x5,f27,f17	 f27:0x00000000 f17:0x4f7f0008  x5=0x00000001
     376605.000 ns	     37659	80007d7c	016ad713	srli	x14,x21,0x16	 x21:0x00000000 x14=0x00000000
     376615.000 ns	     37660	80007d80	01082233	slt	x4,x16,x16	 x16:0x4e6db000 x16:0x4e6db000  x4=0x00000000
     376635.000 ns	     37662	80007d84	28db0953	fmin.s	f18,f22,f13	 f22:0x3f800000 f13:0x00000000 f18=0x00000000
     377005.000 ns	     37699	80007d88	03dce033	rem	x0,x25,x29	 x25:0x00000000 x29:0x0002736d
     377025.000 ns	     37701	80007d8c	4b64a213	slti	x4,x9,1206	  x9:0x1191efff  x4=0x00000000
     377045.000 ns	     37703	80007d90	02f4fdb3	remu	x27,x9,x15	  x9:0x1191efff x15:0x00000000 x27=0x1191efff
     377065.000 ns	     37705	80007d94	009aa6b3	slt	x13,x21,x9	 x21:0x00000000  x9:0x1191efff x13=0x00000001
     377075.000 ns	     37706	80007d98	ebf5e293	ori	x5,x11,-321	 x11:0x80041737  x5=0xffffffbf
     377085.000 ns	     37707	80007d9c	00096833	or	x16,x18,x0	 x18:0x80041024  x0:0x00000000 x16=0x80041024
     377095.000 ns	     37708	80007da0	00d15cb3	srl	x25,x2,x13	  x2:0x00000008 x13:0x00000001 x25=0x00000004
     377115.000 ns	     37710	80007da4	a0e313d3	flt.s	x7,f6,f14	  f6:0x00000000 f14:0x00000000  x7=0x00000000
     377145.000 ns	     37713	80007da8	209919d3	fsgnjn.s	f19,f18,f9	 f18:0x00000000  f9:0x00000000 f19=0x80000000
     377175.000 ns	     37716	80007dac	d00a3f53	fcvt.s.w	f30,x20	 x20:0xa202344a f30=0xcebbfb98
     377515.000 ns	     37750	80007db0	18bd7ad3	fdiv.s	f21,f26,f11	 f26:0x4e882561 f11:0x4c000000 f21=0x41882562
     377545.000 ns	     37753	80007db4	027264b3	rem	x9,x4,x7	  x4:0x00000000  x7:0x00000000  x9=0x00000000
     377575.000 ns	     37756	80007db8	02e3fb33	remu	x22,x7,x14	  x7:0x00000000 x14:0x00000000 x22=0x00000000
     377605.000 ns	     37759	80007dbc	a1e5a8d3	feq.s	x17,f11,f30	 f11:0x4c000000 f30:0xcebbfb98 x17=0x00000000
     377635.000 ns	     37762	80007dc0	29501353	fmax.s	f6,f0,f21	  f0:0x4c000000 f21:0x41882562  f6=0x4c000000
     377665.000 ns	     37765	80007dc4	a12a1fd3	flt.s	x31,f20,f18	 f20:0x80000000 f18:0x00000000 x31=0x00000000
     377685.000 ns	     37767	80007dc8	33414d13	xori	x26,x2,820	  x2:0x00000008 x26=0x0000033c
     377695.000 ns	     37768	80007dcc	00e5feb3	and	x29,x11,x14	 x11:0x80041737 x14:0x00000000 x29=0x00000000
     377705.000 ns	     37769	80007dd0	013675b3	and	x11,x12,x19	 x12:0x00000000 x19:0x2c917d30 x11=0x00000000
     377725.000 ns	     37771	80007dd4	f0058253	fmv.w.x	f4,x11	 x11:0x80041737  f4=0x00000000
     377755.000 ns	     37774	80007dd8	e0078353	fmv.x.w	x6,f15	 f15:0x80000000  x6=0x80000000
     377785.000 ns	     37777	80007ddc	e00792d3	fclass.s	x5,f15	 f15:0x80000000  x5=0x00000008
     377805.000 ns	     37779	80007de0	4155db13	srai	x22,x11,0x15	 x11:0x00000000 x22=0x00000000
     377815.000 ns	     37780	80007de4	83df3317	auipc	x6,0x83df3	  x6=0x03dfade4
     377855.000 ns	     37784	80007de8	001214d3	fadd.s	f9,f4,f1	  f4:0x00000000  f1:0x80000000  f9=0x80000000
     377885.000 ns	     37787	80007dec	c00c1053	fcvt.w.s	x0,f24	 f24:0x80000000
     377905.000 ns	     37789	80007df0	00a81093	slli	x1,x16,0xa	 x16:0x80041024  x1=0x10409000
     377915.000 ns	     37790	80007df4	41160033	sub	x0,x12,x17	 x12:0x00000000 x17:0x00000000
     377925.000 ns	     37791	80007df8	e77f8e13	addi	x28,x31,-393	 x31:0x00000000 x28=0xfffffe77
     377945.000 ns	     37793	80007dfc	02eb3433	mulhu	x8,x22,x14	 x22:0x00000000 x14:0x00000000  x8=0x00000000
     377965.000 ns	     37795	80007e00	01f1ed33	or	x26,x3,x31	  x3:0x80041024 x31:0x00000000 x26=0x80041024
     377975.000 ns	     37796	80007e04	ef5ea693	slti	x13,x29,-267	 x29:0x00000000 x13=0x00000000
     377995.000 ns	     37798	80007e08	e0018453	fmv.x.w	x8,f3	  f3:0x00000000  x8=0x00000000
     378015.000 ns	     37800	80007e0c	011f08b3	add	x17,x30,x17	 x30:0x00000000 x17:0x00000000 x17=0x00000000
     378035.000 ns	     37802	80007e10	028708b3	mul	x17,x14,x8	 x14:0x00000000  x8:0x00000000 x17=0x00000000
     378065.000 ns	     37805	80007e14	29dc9e53	fmax.s	f28,f25,f29	 f25:0x80000000 f29:0x4f7ffffa f28=0x4f7ffffa
     378085.000 ns	     37807	80007e18	00f0d613	srli	x12,x1,0xf	  x1:0x10409000 x12=0x00002081
     378095.000 ns	     37808	80007e1c	48203313	sltiu	x6,x0,1154	  x0:0x00000000  x6=0x00000001
     378115.000 ns	     37810	80007e20	21292053	fsgnjx.s	f0,f18,f18	 f18:0x00000000 f18:0x00000000  f0=0x00000000
     378135.000 ns	     37812	80007e24	00282b33	slt	x22,x16,x2	 x16:0x80041024  x2:0x00000008 x22=0x00000001
     378155.000 ns	     37814	80007e28	d0130ed3	fcvt.s.wu	f29,x6	  x6:0x00000001 f29=0x3f800000
     378185.000 ns	     37817	80007e2c	d01c7253	fcvt.s.wu	f4,x24	 x24:0xff000820  f4=0x4f7f0008
     378225.000 ns	     37821	80007e30	58071fd3	fsqrt.s	f31,f14	 f14:0x00000000 f31=0x00000000
     378245.000 ns	     37823	80007e34	1a446897	auipc	x17,0x1a446	 x17=0x9a44de34
     378255.000 ns	     37824	80007e38	00000013	addi	x0,x0,0	  x0:0x00000000
     378275.000 ns	     37826	80007e3c	c003fc53	fcvt.w.s	x24,f7	  f7:0x4f000410 x24=0x7fffffff
     378295.000 ns	     37828	80007e40	46b08293	addi	x5,x1,1131	  x1:0x10409000  x5=0x1040946b
     378315.000 ns	     37830	80007e44	f00e0453	fmv.w.x	f8,x28	 x28:0xfffffe77  f8=0xfffffe77
     378335.000 ns	     37832	80007e48	09c6ce93	xori	x29,x13,156	 x13:0x00000000 x29=0x0000009c
     378375.000 ns	     37836	80007e4c	009ef1d3	fadd.s	f3,f29,f9	 f29:0x3f800000  f9:0x80000000  f3=0x3f800000
     378415.000 ns	     37840	80007e50	18d3c1d3	fdiv.s	f3,f7,f13	  f7:0x4f000410 f13:0x00000000  f3=0x7f800000
     378435.000 ns	     37842	80007e54	b24d3e93	sltiu	x29,x26,-1244	 x26:0x80041024 x29=0x00000001
     378445.000 ns	     37843	80007e58	00000013	addi	x0,x0,0	  x0:0x00000000
     378455.000 ns	     37844	80007e5c	417c03b3	sub	x7,x24,x23	 x24:0x7fffffff x23:0x00000fed  x7=0x7ffff012
     378475.000 ns	     37846	80007e60	03d52e33	mulhsu	x28,x10,x29	 x10:0x80040fe4 x29:0x00000001 x28=0xffffffff
     378505.000 ns	     37849	80007e64	21eb2453	fsgnjx.s	f8,f22,f30	 f22:0x3f800000 f30:0xcebbfb98  f8=0xbf800000
     378525.000 ns	     37851	80007e68	00000013	addi	x0,x0,0	  x0:0x00000000
     378535.000 ns	     37852	80007e6c	1f373d93	sltiu	x27,x14,499	 x14:0x00000000 x27=0x00000001
     378555.000 ns	     37854	80007e70	21c90a53	fsgnj.s	f20,f18,f28	 f18:0x00000000 f28:0x4f7ffffa f20=0x00000000
     378575.000 ns	     37856	80007e74	0066ec33	or	x24,x13,x6	 x13:0x00000000  x6:0x00000001 x24=0x00000001
     378585.000 ns	     37857	80007e78	d71c2413	slti	x8,x24,-655	 x24:0x7fffffff  x8=0x00000000
     378595.000 ns	     37858	80007e7c	0046dd33	srl	x26,x13,x4	 x13:0x00000000  x4:0x00000000 x26=0x00000000
     378615.000 ns	     37860	80007e80	a1fb0f53	fle.s	x30,f22,f31	 f22:0x3f800000 f31:0x00000000 x30=0x00000000
     378635.000 ns	     37862	80007e84	69317393	andi	x7,x2,1683	  x2:0x00000008  x7=0x00000000
     378645.000 ns	     37863	80007e88	00000013	addi	x0,x0,0	  x0:0x00000000
     378655.000 ns	     37864	80007e8c	016647b3	xor	x15,x12,x22	 x12:0x00002081 x22:0x00000001 x15=0x00002080
     378665.000 ns	     37865	80007e90	e561ad93	slti	x27,x3,-426	  x3:0x80041024 x27=0x00000001
     378675.000 ns	     37866	80007e94	011a5e33	srl	x28,x20,x17	 x20:0xa202344a x17:0x9a44de34 x28=0x00000a20
     378685.000 ns	     37867	80007e98	8ce88e93	addi	x29,x17,-1842	 x17:0x9a44de34 x29=0x9a44d702
     378695.000 ns	     37868	80007e9c	c810cc93	xori	x25,x1,-895	  x1:0x10409000 x25=0xefbf6c81
     378705.000 ns	     37869	80007ea0	40b3df33	sra	x30,x7,x11	  x7:0x00000000 x11:0x00000000 x30=0x00000000
     379065.000 ns	     37905	80007ea4	0396d6b3	divu	x13,x13,x25	 x13:0x00000000 x25:0x00000004 x13=0x00000000
     379085.000 ns	     37907	80007ea8	40c98bb3	sub	x23,x19,x12	 x19:0x2c917d30 x12:0x00002081 x23=0x2c915caf
     379095.000 ns	     37908	80007eac	01af1233	sll	x4,x30,x26	 x30:0x00000000 x26:0x00000000  x4=0x00000000
     379115.000 ns	     37910	80007eb0	d01372d3	fcvt.s.wu	f5,x6	  x6:0x00000001  f5=0x3f800000
     379135.000 ns	     37912	80007eb4	3d304a93	xori	x21,x0,979	  x0:0x00000000 x21=0x000003d3
     379145.000 ns	     37913	80007eb8	90970417	auipc	x8,0x90970	  x8=0x10977eb8
     379165.000 ns	     37915	80007ebc	e0078753	fmv.x.w	x14,f15	 f15:0x80000000 x14=0x80000000
     380345.000 ns	     38033	80007ec0	580d0253	fsqrt.s	f4,f26	 f26:0x4e882561  f4=0x4704026b
     380375.000 ns	     38036	80007ec4	02b02f33	mulhsu	x30,x0,x11	  x0:0x00000000 x11:0x00000000 x30=0x00000000
     380395.000 ns	     38038	80007ec8	8d58e593	ori	x11,x17,-1835	 x17:0x9a44de34 x11=0xfffffef5
     380405.000 ns	     38039	80007ecc	edbac017	auipc	x0,0xedbac	
     380415.000 ns	     38040	80007ed0	015d97b3	sll	x15,x27,x21	 x27:0x00000001 x21:0x000003d3 x15=0x00080000
     380435.000 ns	     38042	80007ed4	c00daf53	fcvt.w.s	x30,f27	 f27:0x00000000 x30=0x00000000
     380465.000 ns	     38045	80007ed8	f00984d3	fmv.w.x	f9,x19	 x19:0x2c917d30  f9=0x2c917d30
     380485.000 ns	     38047	80007edc	41a75993	srai	x19,x14,0x1a	 x14:0x80000000 x19=0xffffffe0
     380505.000 ns	     38049	80007ee0	022c9333	mulh	x6,x25,x2	 x25:0xefbf6c81  x2:0x00000008  x6=0xffffffff
     380525.000 ns	     38051	80007ee4	01aac433	xor	x8,x21,x26	 x21:0x000003d3 x26:0x00000000  x8=0x000003d3
     380535.000 ns	     38052	80007ee8	40cb5813	srai	x16,x22,0xc	 x22:0x00000001 x16=0x00000000
     380555.000 ns	     38054	80007eec	211723d3	fsgnjx.s	f7,f14,f17	 f14:0x00000000 f17:0x4f7f0008  f7=0x00000000
     380585.000 ns	     38057	80007ef0	0356a0b3	mulhsu	x1,x13,x21	 x13:0x00000000 x21:0x000003d3  x1=0x00000000
     380605.000 ns	     38059	80007ef4	0130f733	and	x14,x1,x19	  x1:0x10409000 x19:0xffffffe0 x14=0x00000000
     380615.000 ns	     38060	80007ef8	3e623613	sltiu	x12,x4,998	  x4:0x00000000 x12=0x00000001
     380635.000 ns	     38062	80007efc	e0099653	fclass.s	x12,f19	 f19:0x80000000 x12=0x00000008
     380675.000 ns	     38066	80007f00	58070153	fsqrt.s	f2,f14	 f14:0x00000000  f2=0x00000000
     380695.000 ns	     38068	80007f04	c6afbd93	sltiu	x27,x31,-918	 x31:0x00000000 x27=0x00000001
     380705.000 ns	     38069	80007f08	00000013	addi	x0,x0,0	  x0:0x00000000
     380735.000 ns	     38072	80007f0c	10077153	fmul.s	f2,f14,f0	 f14:0x00000000  f0:0x00000000  f2=0x00000000
     380755.000 ns	     38074	80007f10	41aa8fb3	sub	x31,x21,x26	 x21:0x000003d3 x26:0x00000000 x31=0x000003d3
     380775.000 ns	     38076	80007f14	218aa453	fsgnjx.s	f8,f21,f24	 f21:0x41882562 f24:0x80000000  f8=0xc1882562
     380795.000 ns	     38078	80007f18	0174e633	or	x12,x9,x23	  x9:0x00000000 x23:0x2c915caf x12=0x2c915caf
     380805.000 ns	     38079	80007f1c	01d62f33	slt	x30,x12,x29	 x12:0x00000008 x29:0x9a44d702 x30=0x00000000
     380825.000 ns	     38081	80007f20	d01899d3	fcvt.s.wu	f19,x17	 x17:0x9a44de34 f19=0x4f1a44de
     380845.000 ns	     38083	80007f24	40d30eb3	sub	x29,x6,x13	  x6:0xffffffff x13:0x00000000 x29=0xffffffff
     380865.000 ns	     38085	80007f28	d0037f53	fcvt.s.w	f30,x6	  x6:0xffffffff f30=0xbf800000
     380915.000 ns	     38090	80007f2c	001a0ed3	fadd.s	f29,f20,f1	 f20:0x00000000  f1:0x80000000 f29=0x80000000
     380935.000 ns	     38092	80007f30	01c199b3	sll	x19,x3,x28	  x3:0x80041024 x28:0x00000a20 x19=0x80041024
     380945.000 ns	     38093	80007f34	003f47b3	xor	x15,x30,x3	 x30:0x00000000  x3:0x80041024 x15=0x80041024
     380955.000 ns	     38094	80007f38	00221213	slli	x4,x4,0x2	  x4:0x00000000  x4=0x00000000
     380965.000 ns	     38095	80007f3c	00d19793	slli	x15,x3,0xd	  x3:0x80041024 x15=0x82048000
     380985.000 ns	     38097	80007f40	c01947d3	fcvt.wu.s	x15,f18	 f18:0x00000000 x15=0x00000000
     381015.000 ns	     38100	80007f44	e00a9e53	fclass.s	x28,f21	 f21:0x41882562 x28=0x00000040
     381035.000 ns	     38102	80007f48	4082d613	srai	x12,x5,0x8	  x5:0x1040946b x12=0x00104094
     381045.000 ns	     38103	80007f4c	00000013	addi	x0,x0,0	  x0:0x00000000
     381055.000 ns	     38104	80007f50	ebe9e817	auipc	x16,0xebe9e	 x16=0x6bea5f50
     381065.000 ns	     38105	80007f54	00000013	addi	x0,x0,0	  x0:0x00000000
     381075.000 ns	     38106	80007f58	40ba59b3	sra	x19,x20,x11	 x20:0xa202344a x11:0xfffffef5 x19=0xfffffd10
     381085.000 ns	     38107	80007f5c	01b91e33	sll	x28,x18,x27	 x18:0x80041024 x27:0x00000001 x28=0x00082048
     381095.000 ns	     38108	80007f60	9bd2cbb7	lui	x23,0x9bd2c	 x23=0x9bd2c000
     381105.000 ns	     38109	80007f64	001013b3	sll	x7,x0,x1	  x0:0x00000000  x1:0x00000000  x7=0x00000000
     381115.000 ns	     38110	80007f68	41915bb3	sra	x23,x2,x25	  x2:0x00000008 x25:0xefbf6c81 x23=0x00000004
     381125.000 ns	     38111	80007f6c	00000013	addi	x0,x0,0	  x0:0x00000000
     381145.000 ns	     38113	80007f70	02682e33	mulhsu	x28,x16,x6	 x16:0x6bea5f50  x6:0xffffffff x28=0x6bea5f4f
     381175.000 ns	     38116	80007f74	03860233	mul	x4,x12,x24	 x12:0x00104094 x24:0x00000001  x4=0x00104094
     381195.000 ns	     38118	80007f78	00d469b3	or	x19,x8,x13	  x8:0x000003d3 x13:0x00000000 x19=0x000003d3
     381205.000 ns	     38119	80007f7c	40608633	sub	x12,x1,x6	  x1:0x00000000  x6:0xffffffff x12=0x00000001
     381225.000 ns	     38121	80007f80	0361ad33	mulhsu	x26,x3,x22	  x3:0x80041024 x22:0x00000001 x26=0xffffffff
     381255.000 ns	     38124	80007f84	f0038153	fmv.w.x	f2,x7	  x7:0x00000000  f2=0x00000000
     381305.000 ns	     38129	80007f88	09c0ad53	fsub.s	f26,f1,f28	  f1:0x80000000 f28:0x4f7ffffa f26=0xcf7ffffa
     381325.000 ns	     38131	80007f8c	9224f197	auipc	x3,0x9224f	  x3=0x12256f8c
     381365.000 ns	     38135	80007f90	0851fa53	fsub.s	f20,f3,f5	  f3:0x7f800000  f5:0x3f800000 f20=0x7f800000
     381385.000 ns	     38137	80007f94	0034be33	sltu	x28,x9,x3	  x9:0x00000000  x3:0x80041024 x28=0x00000001
     381395.000 ns	     38138	80007f98	004c6033	or	x0,x24,x4	 x24:0x00000001  x4:0x00104094
     381405.000 ns	     38139	80007f9c	400a85b3	sub	x11,x21,x0	 x21:0x000003d3  x0:0x00000000 x11=0x000003d3
     381435.000 ns	     38142	80007fa0	580978d3	fsqrt.s	f17,f18	 f18:0x00000000 f17=0x00000000
     381465.000 ns	     38145	80007fa4	03e816b3	mulh	x13,x16,x30	 x16:0x6bea5f50 x30:0x00000000 x13=0x00000000
     381515.000 ns	     38150	80007fa8	00b91dd3	fadd.s	f27,f18,f11	 f18:0x00000000 f11:0x4c000000 f27=0x4c000000
     381535.000 ns	     38152	80007fac	001117b3	sll	x15,x2,x1	  x2:0x00000008  x1:0x00000000 x15=0x00000008
     381545.000 ns	     38153	80007fb0	00f903b3	add	x7,x18,x15	 x18:0x80041024 x15:0x00000000  x7=0x8004102c
     381585.000 ns	     38157	80007fb4	01637453	fadd.s	f8,f6,f22	  f6:0x4c000000 f22:0x3f800000  f8=0x4c000000
     381615.000 ns	     38160	80007fb8	20b5a153	fsgnjx.s	f2,f11,f11	 f11:0x4c000000 f11:0x4c000000  f2=0x4c000000
     381645.000 ns	     38163	80007fbc	020b28b3	mulhsu	x17,x22,x0	 x22:0x00000001  x0:0x00000000 x17=0x00000000
     381675.000 ns	     38166	80007fc0	02acbe33	mulhu	x28,x25,x10	 x25:0xefbf6c81 x10:0x80040fe4 x28=0x77e3841f
     381705.000 ns	     38169	80007fc4	21279853	fsgnjn.s	f16,f15,f18	 f15:0x80000000 f18:0x00000000 f16=0x80000000
     381745.000 ns	     38173	80007fc8	5803f753	fsqrt.s	f14,f7	  f7:0x00000000 f14=0x00000000
     381765.000 ns	     38175	80007fcc	01d059b3	srl	x19,x0,x29	  x0:0x00000000 x29:0xffffffff x19=0x00000000
     381775.000 ns	     38176	80007fd0	009166b3	or	x13,x2,x9	  x2:0x00000008  x9:0x00000000 x13=0x00000008
     381785.000 ns	     38177	80007fd4	8e8d3a93	sltiu	x21,x26,-1816	 x26:0xffffffff x21=0x00000000
     381805.000 ns	     38179	80007fd8	033c7cb3	remu	x25,x24,x19	 x24:0x00000001 x19:0x00000000 x25=0x00000001
     381835.000 ns	     38182	80007fdc	21081ad3	fsgnjn.s	f21,f16,f16	 f16:0x80000000 f16:0x80000000 f21=0x00000000
     381855.000 ns	     38184	80007fe0	019d11b3	sll	x3,x26,x25	 x26:0xffffffff x25:0x00000001  x3=0xfffffffe
     382215.000 ns	     38220	80007fe4	02f1f5b3	remu	x11,x3,x15	  x3:0x12256f8c x15:0x00000008 x11=0x00000006
     382585.000 ns	     38257	80007fe8	0262e2b3	rem	x5,x5,x6	  x5:0x1040946b  x6:0xffffffff  x5=0x00000000
     382615.000 ns	     38260	80007fec	02d10ab3	mul	x21,x2,x13	  x2:0x00000008 x13:0x00000008 x21=0x00000040
     382645.000 ns	     38263	80007ff0	c0107bd3	fcvt.wu.s	x23,f0	  f0:0x00000000 x23=0x00000000
     382675.000 ns	     38266	80007ff4	29f78ed3	fmin.s	f29,f15,f31	 f15:0x80000000 f31:0x00000000 f29=0x80000000
     382705.000 ns	     38269	80007ff8	e00e91d3	fclass.s	x3,f29	 f29:0x80000000  x3=0x00000008
     382725.000 ns	     38271	80007ffc	001a1593	slli	x11,x20,0x1	 x20:0xa202344a x11=0x44046894
     382755.000 ns	     38274	80008000	19367653	fdiv.s	f12,f12,f19	 f12:0x00000000 f19:0x4f1a44de f12=0x00000000
     382785.000 ns	     38277	80008004	218985d3	fsgnj.s	f11,f19,f24	 f19:0x4f1a44de f24:0x80000000 f11=0xcf1a44de
     382835.000 ns	     38282	80008008	01f7ff53	fadd.s	f30,f15,f31	 f15:0x80000000 f31:0x00000000 f30=0x00000000
     382855.000 ns	     38284	8000800c	472f9417	auipc	x8,0x472f9	  x8=0xc730100c
     383215.000 ns	     38320	80008010	03ad5333	divu	x6,x26,x26	 x26:0xffffffff x26:0xffffffff  x6=0x00000001
     383235.000 ns	     38322	80008014	179dae13	slti	x28,x27,377	 x27:0x00000001 x28=0x00000001
     383245.000 ns	     38323	80008018	4134ddb3	sra	x27,x9,x19	  x9:0x00000000 x19:0x00000000 x27=0x00000000
     383265.000 ns	     38325	8000801c	02d82e33	mulhsu	x28,x16,x13	 x16:0x6bea5f50 x13:0x00000008 x28=0x00000003
     383285.000 ns	     38327	80008020	73a87617	auipc	x12,0x73a87	 x12=0xf3a8f020
     383305.000 ns	     38329	80008024	20441753	fsgnjn.s	f14,f8,f4	  f8:0x4c000000  f4:0x4704026b f14=0xcc000000
     383325.000 ns	     38331	80008028	2d048f13	addi	x30,x9,720	  x9:0x00000000 x30=0x000002d0
     383335.000 ns	     38332	8000802c	018c52b3	srl	x5,x24,x24	 x24:0x00000001 x24:0x00000001  x5=0x00000000
     383375.000 ns	     38336	80008030	08efcf53	fsub.s	f30,f31,f14	 f31:0x00000000 f14:0xcc000000 f30=0x4c000000
     383395.000 ns	     38338	80008034	01323833	sltu	x16,x4,x19	  x4:0x00104094 x19:0x00000000 x16=0x00000000
     383425.000 ns	     38341	80008038	118c7bd3	fmul.s	f23,f24,f24	 f24:0x80000000 f24:0x80000000 f23=0x00000000
     383445.000 ns	     38343	8000803c	01347433	and	x8,x8,x19	  x8:0xc730100c x19:0x00000000  x8=0x00000000
     383485.000 ns	     38347	80008040	00c12153	fadd.s	f2,f2,f12	  f2:0x4c000000 f12:0x00000000  f2=0x4c000000
     383505.000 ns	     38349	80008044	01694333	xor	x6,x18,x22	 x18:0x80041024 x22:0x00000001  x6=0x80041025
     383525.000 ns	     38351	80008048	03bd14b3	mulh	x9,x26,x27	 x26:0xffffffff x27:0x00000000  x9=0x00000000
     383895.000 ns	     38388	8000804c	03284333	div	x6,x16,x18	 x16:0x00000000 x18:0x80041024  x6=0x00000000
     383915.000 ns	     38390	80008050	7cef5397	auipc	x7,0x7cef5	  x7=0xfcefd050
     384275.000 ns	     38426	80008054	02716733	rem	x14,x2,x7	  x2:0x00000008  x7:0x8004102c x14=0x00000008
     384295.000 ns	     38428	80008058	412d83b3	sub	x7,x27,x18	 x27:0x00000000 x18:0x80041024  x7=0x7ffbefdc
     384305.000 ns	     38429	8000805c	00e760b3	or	x1,x14,x14	 x14:0x00000008 x14:0x00000008  x1=0x00000008
     384315.000 ns	     38430	80008060	35b84093	xori	x1,x16,859	 x16:0x00000000  x1=0x0000035b
     384335.000 ns	     38432	80008064	028a68b3	rem	x17,x20,x8	 x20:0xa202344a  x8:0x00000000 x17=0xa202344a
     384365.000 ns	     38435	80008068	a0a29453	flt.s	x8,f5,f10	  f5:0x3f800000 f10:0x7fc00000  x8=0x00000000
     384385.000 ns	     38437	8000806c	0044dfb3	srl	x31,x9,x4	  x9:0x00000000  x4:0x00104094 x31=0x00000000
     384395.000 ns	     38438	80008070	01c66633	or	x12,x12,x28	 x12:0xf3a8f020 x28:0x00000003 x12=0xf3a8f023
     384405.000 ns	     38439	80008074	98f67893	andi	x17,x12,-1649	 x12:0xf3a8f020 x17=0xf3a8f003
     384435.000 ns	     38442	80008078	580a29d3	fsqrt.s	f19,f20	 f20:0x7f800000 f19=0x7f800000
     384465.000 ns	     38445	8000807c	d0034853	fcvt.s.w	f16,x6	  x6:0x00000000 f16=0x00000000
     384515.000 ns	     38450	80008080	089e2153	fsub.s	f2,f28,f9	 f28:0x4f7ffffa  f9:0x2c917d30  f2=0x4f7ffffa
     384535.000 ns	     38452	80008084	42810837	lui	x16,0x42810	 x16=0x42810000
     384565.000 ns	     38455	80008088	58008c53	fsqrt.s	f24,f1	  f1:0x80000000 f24=0x80000000
     384585.000 ns	     38457	8000808c	0b3d4617	auipc	x12,0xb3d4	 x12=0x8b3dc08c
     384605.000 ns	     38459	80008090	e00c87d3	fmv.x.w	x15,f25	 f25:0x80000000 x15=0x80000000
     384645.000 ns	     38463	80008094	18777d53	fdiv.s	f26,f14,f7	 f14:0xcc000000  f7:0x00000000 f26=0xff800000
     384685.000 ns	     38467	80008098	103071d3	fmul.s	f3,f0,f3	  f0:0x00000000  f3:0x7f800000  f3=0x7fc00000
     384705.000 ns	     38469	8000809c	6eb0b593	sltiu	x11,x1,1771	  x1:0x0000035b x11=0x00000001
     384715.000 ns	     38470	800080a0	002a25b3	slt	x11,x20,x2	 x20:0xa202344a  x2:0x00000008 x11=0x00000001
     384725.000 ns	     38471	800080a4	7dba6c93	ori	x25,x20,2011	 x20:0xa202344a x25=0xa20237db
     384735.000 ns	     38472	800080a8	002e9b33	sll	x22,x29,x2	 x29:0xffffffff  x2:0x00000008 x22=0xffffff00
     384745.000 ns	     38473	800080ac	d3af0113	addi	x2,x30,-710	 x30:0x000002d0  x2=0x0000000a
     384765.000 ns	     38475	800080b0	d008f9d3	fcvt.s.w	f19,x17	 x17:0xf3a8f003 f19=0xcd4570ff
     384795.000 ns	     38478	800080b4	a03ea0d3	feq.s	x1,f29,f3	 f29:0x80000000  f3:0x7fc00000  x1=0x00000000
     385975.000 ns	     38596	800080b8	580b3a53	fsqrt.s	f20,f22	 f22:0x3f800000 f20=0x3f7fffae
     386005.000 ns	     38599	800080bc	d0042ad3	fcvt.s.w	f21,x8	  x8:0x00000000 f21=0x00000000
     386045.000 ns	     38603	800080c0	5809fd53	fsqrt.s	f26,f19	 f19:0xcd4570ff f26=0x7fc00000
     386065.000 ns	     38605	800080c4	a9cfbd93	sltiu	x27,x31,-1380	 x31:0x00000000 x27=0x00000001
     386075.000 ns	     38606	800080c8	004f1b13	slli	x22,x30,0x4	 x30:0x000002d0 x22=0x00002d00
     386085.000 ns	     38607	800080cc	01d45f93	srli	x31,x8,0x1d	  x8:0x00000000 x31=0x00000000
     386105.000 ns	     38609	800080d0	206483d3	fsgnj.s	f7,f9,f6	  f9:0x2c917d30  f6:0x4c000000  f7=0x2c917d30
     386125.000 ns	     38611	800080d4	b4395417	auipc	x8,0xb4395	  x8=0x3439d0d4
     386135.000 ns	     38612	800080d8	01b7c8b3	xor	x17,x15,x27	 x15:0x80000000 x27:0x00000001 x17=0x80000001
     386145.000 ns	     38613	800080dc	01fa3bb3	sltu	x23,x20,x31	 x20:0xa202344a x31:0x00000000 x23=0x00000000
     386155.000 ns	     38614	800080e0	40a78db3	sub	x27,x15,x10	 x15:0x80000000 x10:0x80040fe4 x27=0xfffbf01c
     386165.000 ns	     38615	800080e4	00898033	add	x0,x19,x8	 x19:0x00000000  x8:0x3439d0d4
     386175.000 ns	     38616	800080e8	01585693	srli	x13,x16,0x15	 x16:0x42810000 x13=0x00000214
     386185.000 ns	     38617	800080ec	001af033	and	x0,x21,x1	 x21:0x00000040  x1:0x00000000
     386195.000 ns	     38618	800080f0	40105793	srai	x15,x0,0x1	  x0:0x00000000 x15=0x00000000
     386215.000 ns	     38620	800080f4	03571ab3	mulh	x21,x14,x21	 x14:0x00000008 x21:0x00000040 x21=0x00000000
     386245.000 ns	     38623	800080f8	20f206d3	fsgnj.s	f13,f4,f15	  f4:0x4704026b f15:0x80000000 f13=0xc704026b
     386295.000 ns	     38628	800080fc	089ac8d3	fsub.s	f17,f21,f9	 f21:0x00000000  f9:0x2c917d30 f17=0xac917d30
     386315.000 ns	     38630	80008100	25832613	slti	x12,x6,600	  x6:0x00000000 x12=0x00000001
     386325.000 ns	     38631	80008104	f596c113	xori	x2,x13,-167	 x13:0x00000214  x2=0xfffffd4d
     386345.000 ns	     38633	80008108	e00f1053	fclass.s	x0,f30	 f30:0x4c000000
     386365.000 ns	     38635	8000810c	00000013	addi	x0,x0,0	  x0:0x00000000
     386375.000 ns	     38636	80008110	3eb5bd13	sltiu	x26,x11,1003	 x11:0x00000001 x26=0x00000001
     386405.000 ns	     38639	80008114	58089c53	fsqrt.s	f24,f17	 f17:0xac917d30 f24=0x7fc00000
     386425.000 ns	     38641	80008118	00e27033	and	x0,x4,x14	  x4:0x00104094 x14:0x00000008
     386435.000 ns	     38642	8000811c	01319fb3	sll	x31,x3,x19	  x3:0x00000008 x19:0x00000000 x31=0x00000008
     386445.000 ns	     38643	80008120	ca590d13	addi	x26,x18,-859	 x18:0x80041024 x26=0x80040cc9
     386805.000 ns	     38679	80008124	03ab5433	divu	x8,x22,x26	 x22:0x00002d00 x26:0x00000001  x8=0x00000000
     386835.000 ns	     38682	80008128	e0049f53	fclass.s	x30,f9	  f9:0x2c917d30 x30=0x00000040
     386885.000 ns	     38687	8000812c	0917c8d3	fsub.s	f17,f15,f17	 f15:0x80000000 f17:0xac917d30 f17=0x2c917d30
     386915.000 ns	     38690	80008130	0266e5b3	rem	x11,x13,x6	 x13:0x00000214  x6:0x00000000 x11=0x00000214
     386935.000 ns	     38692	80008134	41495813	srai	x16,x18,0x14	 x18:0x80041024 x16=0xfffff800
     386955.000 ns	     38694	80008138	a0db8253	fle.s	x4,f23,f13	 f23:0x00000000 f13:0xc704026b  x4=0x00000000
     386985.000 ns	     38697	8000813c	033955b3	divu	x11,x18,x19	 x18:0x80041024 x19:0x00000000 x11=0xffffffff
     387025.000 ns	     38701	80008140	1054b6d3	fmul.s	f13,f9,f5	  f9:0x2c917d30  f5:0x3f800000 f13=0x2c917d30
     387055.000 ns	     38704	80008144	036b0f33	mul	x30,x22,x22	 x22:0x00002d00 x22:0x00002d00 x30=0x07e90000
     387075.000 ns	     38706	80008148	002be833	or	x16,x23,x2	 x23:0x00000000  x2:0xfffffd4d x16=0xfffffd4d
     387105.000 ns	     38709	8000814c	5805ced3	fsqrt.s	f29,f11	 f11:0xcf1a44de f29=0x7fc00000
     387125.000 ns	     38711	80008150	01c18fb3	add	x31,x3,x28	  x3:0x00000008 x28:0x00000003 x31=0x0000000b
     387135.000 ns	     38712	80008154	efbb3e93	sltiu	x29,x22,-261	 x22:0x00002d00 x29=0x00000001
     387495.000 ns	     38748	80008158	02bf62b3	rem	x5,x30,x11	 x30:0x07e90000 x11:0xffffffff  x5=0x00000000
     387525.000 ns	     38751	8000815c	c002a753	fcvt.w.s	x14,f5	  f5:0x3f800000 x14=0x00000001
     387555.000 ns	     38754	80008160	02a13cb3	mulhu	x25,x2,x10	  x2:0xfffffd4d x10:0x80040fe4 x25=0x80040e8a
     387585.000 ns	     38757	80008164	a0a11053	flt.s	x0,f2,f10	  f2:0x4f7ffffa f10:0x7fc00000
     387615.000 ns	     38760	80008168	02a88fb3	mul	x31,x17,x10	 x17:0x80000001 x10:0x80040fe4 x31=0x80040fe4
     387635.000 ns	     38762	8000816c	00c6e733	or	x14,x13,x12	 x13:0x00000214 x12:0x00000001 x14=0x00000215
     387645.000 ns	     38763	80008170	ed490313	addi	x6,x18,-300	 x18:0x80041024  x6=0x80040ef8
     387655.000 ns	     38764	80008174	add1d8b7	lui	x17,0xadd1d	 x17=0xadd1d000
     387675.000 ns	     38766	80008178	a11923d3	feq.s	x7,f18,f17	 f18:0x00000000 f17:0x2c917d30  x7=0x00000000
     387725.000 ns	     38771	8000817c	09ecb7d3	fsub.s	f15,f25,f30	 f25:0x80000000 f30:0x4c000000 f15=0xcc000000
     387755.000 ns	     38774	80008180	023b2733	mulhsu	x14,x22,x3	 x22:0x00002d00  x3:0x00000008 x14=0x00000000
     387775.000 ns	     38776	80008184	0193d0b3	srl	x1,x7,x25	  x7:0x00000000 x25:0x80040e8a  x1=0x00000000
     387795.000 ns	     38778	80008188	a02210d3	flt.s	x1,f4,f2	  f4:0x4704026b  f2:0x4f7ffffa  x1=0x00000001
     387815.000 ns	     38780	8000818c	004c9cb3	sll	x25,x25,x4	 x25:0x80040e8a  x4:0x00000000 x25=0x80040e8a
     387825.000 ns	     38781	80008190	01407833	and	x16,x0,x20	  x0:0x00000000 x20:0xa202344a x16=0x00000000
     387835.000 ns	     38782	80008194	00b65313	srli	x6,x12,0xb	 x12:0x00000001  x6=0x00000000
     387855.000 ns	     38784	80008198	28e48cd3	fmin.s	f25,f9,f14	  f9:0x2c917d30 f14:0xcc000000 f25=0xcc000000
     387875.000 ns	     38786	8000819c	db8c8093	addi	x1,x25,-584	 x25:0x80040e8a  x1=0x80040c42
     387915.000 ns	     38790	800081a0	01ea7853	fadd.s	f16,f20,f30	 f20:0x3f7fffae f30:0x4c000000 f16=0x4c000000
     387935.000 ns	     38792	800081a4	cff1f593	andi	x11,x3,-769	  x3:0x00000008 x11=0x00000008
     387955.000 ns	     38794	800081a8	033a16b3	mulh	x13,x20,x19	 x20:0xa202344a x19:0x00000000 x13=0x00000000
     387985.000 ns	     38797	800081ac	283d1d53	fmax.s	f26,f26,f3	 f26:0x7fc00000  f3:0x7fc00000 f26=0x7fc00000
     388015.000 ns	     38800	800081b0	e00206d3	fmv.x.w	x13,f4	  f4:0x4704026b x13=0x4704026b
     388035.000 ns	     38802	800081b4	c3e57713	andi	x14,x10,-962	 x10:0x80040fe4 x14=0x80040c24
     388045.000 ns	     38803	800081b8	00351633	sll	x12,x10,x3	 x10:0x80040fe4  x3:0x00000008 x12=0x040fe400
     388055.000 ns	     38804	800081bc	acdb6a93	ori	x21,x22,-1331	 x22:0x00002d00 x21=0xffffffcd
     388095.000 ns	     38808	800081c0	090c74d3	fsub.s	f9,f24,f16	 f24:0x7fc00000 f16:0x4c000000  f9=0x7fc00000
     388125.000 ns	     38811	800081c4	e00c8e53	fmv.x.w	x28,f25	 f25:0xcc000000 x28=0xcc000000
     388175.000 ns	     38816	800081c8	0952a7d3	fsub.s	f15,f5,f21	  f5:0x3f800000 f21:0x00000000 f15=0x3f800000
     388205.000 ns	     38819	800081cc	a0048e53	fle.s	x28,f9,f0	  f9:0x7fc00000  f0:0x00000000 x28=0x00000000
     388235.000 ns	     38822	800081d0	d0002753	fcvt.s.w	f14,x0	  x0:0x00000000 f14=0x00000000
     388255.000 ns	     38824	800081d4	00000013	addi	x0,x0,0	  x0:0x00000000
     388265.000 ns	     38825	800081d8	5de74e13	xori	x28,x14,1502	 x14:0x80040c24 x28=0x800409fa
     388275.000 ns	     38826	800081dc	001aa1b3	slt	x3,x21,x1	 x21:0xffffffcd  x1:0x80040c42  x3=0x00000000
     388285.000 ns	     38827	800081e0	a3cebc13	sltiu	x24,x29,-1476	 x29:0x00000001 x24=0x00000001
     388295.000 ns	     38828	800081e4	01b7c6b3	xor	x13,x15,x27	 x15:0x00000000 x27:0xfffbf01c x13=0xfffbf01c
     388335.000 ns	     38832	800081e8	08b8cb53	fsub.s	f22,f17,f11	 f17:0x2c917d30 f11:0xcf1a44de f22=0x4f1a44de
     388365.000 ns	     38835	800081ec	218925d3	fsgnjx.s	f11,f18,f24	 f18:0x00000000 f24:0x7fc00000 f11=0x00000000
     388735.000 ns	     38872	800081f0	03d6f133	remu	x2,x13,x29	 x13:0xfffbf01c x29:0x00000001  x2=0x00000000
     389105.000 ns	     38909	800081f4	02d0e133	rem	x2,x1,x13	  x1:0x80040c42 x13:0xfffbf01c  x2=0xfffcaa26
     389125.000 ns	     38911	800081f8	01029993	slli	x19,x5,0x10	  x5:0x00000000 x19=0x00000000
     389145.000 ns	     38913	800081fc	d00d2cd3	fcvt.s.w	f25,x26	 x26:0x80040cc9 f25=0xcefff7e7
     389165.000 ns	     38915	80008200	005495b3	sll	x11,x9,x5	  x9:0x00000000  x5:0x00000000 x11=0x00000000
     389175.000 ns	     38916	80008204	01b14333	xor	x6,x2,x27	  x2:0xfffcaa26 x27:0xfffbf01c  x6=0x00075a3a
     389195.000 ns	     38918	80008208	a18f80d3	fle.s	x1,f31,f24	 f31:0x00000000 f24:0x7fc00000  x1=0x00000000
     389215.000 ns	     38920	8000820c	41975d13	srai	x26,x14,0x19	 x14:0x80040c24 x26=0xffffffc0
     389225.000 ns	     38921	80008210	217fcf13	xori	x30,x31,535	 x31:0x80040fe4 x30=0x80040df3
     389585.000 ns	     38957	80008214	03507f33	remu	x30,x0,x21	  x0:0x00000000 x21:0xffffffcd x30=0x00000000
     389615.000 ns	     38960	80008218	02532133	mulhsu	x2,x6,x5	  x6:0x00075a3a  x5:0x00000000  x2=0x00000000
     389635.000 ns	     38962	8000821c	004b9c33	sll	x24,x23,x4	 x23:0x00000000  x4:0x00000000 x24=0x00000000
     389655.000 ns	     38964	80008220	20b799d3	fsgnjn.s	f19,f15,f11	 f15:0x3f800000 f11:0x00000000 f19=0xbf800000
     389685.000 ns	     38967	80008224	0300efb3	rem	x31,x1,x16	  x1:0x00000000 x16:0x00000000 x31=0x00000000
     389715.000 ns	     38970	80008228	d00ef553	fcvt.s.w	f10,x29	 x29:0x00000001 f10=0x3f800000
     389745.000 ns	     38973	8000822c	03ebb4b3	mulhu	x9,x23,x30	 x23:0x00000000 x30:0x00000000  x9=0x00000000
     389765.000 ns	     38975	80008230	0005f333	and	x6,x11,x0	 x11:0x00000000  x0:0x00000000  x6=0x00000000
     389775.000 ns	     38976	80008234	0002ffb3	and	x31,x5,x0	  x5:0x00000000  x0:0x00000000 x31=0x00000000
     389795.000 ns	     38978	80008238	21a9a553	fsgnjx.s	f10,f19,f26	 f19:0xbf800000 f26:0x7fc00000 f10=0xbf800000
     389815.000 ns	     38980	8000823c	40940eb3	sub	x29,x8,x9	  x8:0x00000000  x9:0x00000000 x29=0x00000000
     390175.000 ns	     39016	80008240	0323c233	div	x4,x7,x18	  x7:0x00000000 x18:0x80041024  x4=0x00000000
     390205.000 ns	     39019	80008244	c003f053	fcvt.w.s	x0,f7	  f7:0x2c917d30
     390235.000 ns	     39022	80008248	a1cf1453	flt.s	x8,f30,f28	 f30:0x4c000000 f28:0x4f7ffffa  x8=0x00000001
     390265.000 ns	     39025	8000824c	d0193253	fcvt.s.wu	f4,x18	 x18:0x80041024  f4=0x4f000411
     390285.000 ns	     39027	80008250	003e4e33	xor	x28,x28,x3	 x28:0x800409fa  x3:0x00000000 x28=0x800409fa
     390295.000 ns	     39028	80008254	006b7c33	and	x24,x22,x6	 x22:0x00002d00  x6:0x00000000 x24=0x00000000
     390305.000 ns	     39029	80008258	01ed9333	sll	x6,x27,x30	 x27:0xfffbf01c x30:0x00000000  x6=0xfffbf01c
     390325.000 ns	     39031	8000825c	20e91a53	fsgnjn.s	f20,f18,f14	 f18:0x00000000 f14:0x00000000 f20=0x80000000
     390355.000 ns	     39034	80008260	f0048c53	fmv.w.x	f24,x9	  x9:0x00000000 f24=0x00000000
     390385.000 ns	     39037	80008264	2168aa53	fsgnjx.s	f20,f17,f22	 f17:0x2c917d30 f22:0x4f1a44de f20=0x2c917d30
     390405.000 ns	     39039	80008268	0081b433	sltu	x8,x3,x8	  x3:0x00000000  x8:0x00000001  x8=0x00000001
     390415.000 ns	     39040	8000826c	90702ab7	lui	x21,0x90702	 x21=0x90702000
     390435.000 ns	     39042	80008270	c0087cd3	fcvt.w.s	x25,f16	 f16:0x4c000000 x25=0x02000000
     390465.000 ns	     39045	80008274	a1de92d3	flt.s	x5,f29,f29	 f29:0x7fc00000 f29:0x7fc00000  x5=0x00000000
     390485.000 ns	     39047	80008278	01e65833	srl	x16,x12,x30	 x12:0x040fe400 x30:0x00000000 x16=0x040fe400
     390495.000 ns	     39048	8000827c	0131e633	or	x12,x3,x19	  x3:0x00000000 x19:0x00000000 x12=0x00000000
     390505.000 ns	     39049	80008280	9bde7693	andi	x13,x28,-1603	 x28:0x800409fa x13=0x800409b8
     390515.000 ns	     39050	80008284	94a10e97	auipc	x29,0x94a10	 x29=0x14a18284
     390535.000 ns	     39052	80008288	e00708d3	fmv.x.w	x17,f14	 f14:0x00000000 x17=0x00000000
     390575.000 ns	     39056	8000828c	10997953	fmul.s	f18,f18,f9	 f18:0x00000000  f9:0x7fc00000 f18=0x7fc00000
     390595.000 ns	     39058	80008290	40990fb3	sub	x31,x18,x9	 x18:0x80041024  x9:0x00000000 x31=0x80041024
     390615.000 ns	     39060	80008294	033482b3	mul	x5,x9,x19	  x9:0x00000000 x19:0x00000000  x5=0x00000000
     390635.000 ns	     39062	80008298	41c382b3	sub	x5,x7,x28	  x7:0x00000000 x28:0x800409fa  x5=0x7ffbf606
     390645.000 ns	     39063	8000829c	00000013	addi	x0,x0,0	  x0:0x00000000
     391815.000 ns	     39180	800082a0	580a4353	fsqrt.s	f6,f20	 f20:0x2c917d30  f6=0x358876bb
     391835.000 ns	     39182	800082a4	008d5193	srli	x3,x26,0x8	 x26:0xffffffc0  x3=0x00ffffff
     391855.000 ns	     39184	800082a8	c008ce53	fcvt.w.s	x28,f17	 f17:0x2c917d30 x28=0x00000000
     391885.000 ns	     39187	800082ac	28b387d3	fmin.s	f15,f7,f11	  f7:0x2c917d30 f11:0x00000000 f15=0x00000000
     391915.000 ns	     39190	800082b0	a0999dd3	flt.s	x27,f19,f9	 f19:0xbf800000  f9:0x7fc00000 x27=0x00000000
     391945.000 ns	     39193	800082b4	03e2c233	div	x4,x5,x30	  x5:0x7ffbf606 x30:0x00000000  x4=0xffffffff
     392315.000 ns	     39230	800082b8	030c6c33	rem	x24,x24,x16	 x24:0x00000000 x16:0x040fe400 x24=0x00000000
     392335.000 ns	     39232	800082bc	003078b3	and	x17,x0,x3	  x0:0x00000000  x3:0x00ffffff x17=0x00000000
     392355.000 ns	     39234	800082c0	29b00753	fmin.s	f14,f0,f27	  f0:0x00000000 f27:0x4c000000 f14=0x00000000
     392375.000 ns	     39236	800082c4	0077a4b3	slt	x9,x15,x7	 x15:0x00000000  x7:0x00000000  x9=0x00000000
     392385.000 ns	     39237	800082c8	00b0b033	sltu	x0,x1,x11	  x1:0x00000000 x11:0x00000000
     392395.000 ns	     39238	800082cc	013d4633	xor	x12,x26,x19	 x26:0xffffffc0 x19:0x00000000 x12=0xffffffc0
     392425.000 ns	     39241	800082d0	580777d3	fsqrt.s	f15,f14	 f14:0x00000000 f15=0x00000000
     392795.000 ns	     39278	800082d4	03df4c33	div	x24,x30,x29	 x30:0x00000000 x29:0x14a18284 x24=0x00000000
     392835.000 ns	     39282	800082d8	58077253	fsqrt.s	f4,f14	 f14:0x00000000  f4=0x00000000
     392865.000 ns	     39285	800082dc	d0151c53	fcvt.s.wu	f24,x10	 x10:0x80040fe4 f24=0x4f00040f
     392885.000 ns	     39287	800082e0	40555f33	sra	x30,x10,x5	 x10:0x80040fe4  x5:0x7ffbf606 x30=0xfe00103f
     392905.000 ns	     39289	800082e4	c01af9d3	fcvt.wu.s	x19,f21	 f21:0x00000000 x19=0x00000000
     392925.000 ns	     39291	800082e8	01df41b3	xor	x3,x30,x29	 x30:0x00000000 x29:0x14a18284  x3=0xeaa192bb
     392945.000 ns	     39293	800082ec	e00810d3	fclass.s	x1,f16	 f16:0x4c000000  x1=0x00000040
     392975.000 ns	     39296	800082f0	02a902b3	mul	x5,x18,x10	 x18:0x80041024 x10:0x80040fe4  x5=0x81207c10
     392995.000 ns	     39298	800082f4	8a9cd737	lui	x14,0x8a9cd	 x14=0x8a9cd000
     393025.000 ns	     39301	800082f8	580f9ed3	fsqrt.s	f29,f31	 f31:0x00000000 f29=0x00000000
     393045.000 ns	     39303	800082fc	010ce4b3	or	x9,x25,x16	 x25:0x02000000 x16:0x040fe400  x9=0x060fe400
     393055.000 ns	     39304	80008300	db700a93	addi	x21,x0,-585	  x0:0x00000000 x21=0xfffffdb7
     393415.000 ns	     39340	80008304	02475d33	divu	x26,x14,x4	 x14:0x8a9cd000  x4:0xffffffff x26=0x00000000
     393435.000 ns	     39342	80008308	01545ab3	srl	x21,x8,x21	  x8:0x00000001 x21:0x90702000 x21=0x00000000
     393465.000 ns	     39345	8000830c	100c7053	fmul.s	f0,f24,f0	 f24:0x4f00040f  f0:0x00000000  f0=0x00000000
     393495.000 ns	     39348	80008310	a15ca0d3	feq.s	x1,f25,f21	 f25:0xcefff7e7 f21:0x00000000  x1=0x00000000
     393535.000 ns	     39352	80008314	58059753	fsqrt.s	f14,f11	 f11:0x00000000 f14=0x00000000
     393565.000 ns	     39355	80008318	d01ef6d3	fcvt.s.wu	f13,x29	 x29:0x14a18284 f13=0x4da50c14
     393585.000 ns	     39357	8000831c	8ef2cc93	xori	x25,x5,-1809	  x5:0x81207c10 x25=0x7edf84ff
     393595.000 ns	     39358	80008320	0031d833	srl	x16,x3,x3	  x3:0xeaa192bb  x3:0xeaa192bb x16=0x0000001d
     393605.000 ns	     39359	80008324	01a218b3	sll	x17,x4,x26	  x4:0xffffffff x26:0x00000000 x17=0xffffffff
     393965.000 ns	     39395	80008328	02527733	remu	x14,x4,x5	  x4:0xffffffff  x5:0x81207c10 x14=0x7edf83ef
     393995.000 ns	     39398	8000832c	e00d1e53	fclass.s	x28,f26	 f26:0x7fc00000 x28=0x00000200
     394025.000 ns	     39401	80008330	200d1353	fsgnjn.s	f6,f26,f0	 f26:0x7fc00000  f0:0x00000000  f6=0xffc00000
     394045.000 ns	     39403	80008334	75e12e37	lui	x28,0x75e12	 x28=0x75e12000
     394055.000 ns	     39404	80008338	96327593	andi	x11,x4,-1693	  x4:0xffffffff x11=0xfffff963
     394085.000 ns	     39407	8000833c	10ba7253	fmul.s	f4,f20,f11	 f20:0x2c917d30 f11:0x00000000  f4=0x00000000
     394105.000 ns	     39409	80008340	014ea2b3	slt	x5,x29,x20	 x29:0x14a18284 x20:0xa202344a  x5=0x00000000
     394115.000 ns	     39410	80008344	01d89413	slli	x8,x17,0x1d	 x17:0xffffffff  x8=0xe0000000
     394135.000 ns	     39412	80008348	02da0c33	mul	x24,x20,x13	 x20:0xa202344a x13:0x800409b8 x24=0x56942f30
     394165.000 ns	     39415	8000834c	a0be0ad3	fle.s	x21,f28,f11	 f28:0x4f7ffffa f11:0x00000000 x21=0x00000000
     394195.000 ns	     39418	80008350	20e5a353	fsgnjx.s	f6,f11,f14	 f11:0x00000000 f14:0x00000000  f6=0x00000000
     394225.000 ns	     39421	80008354	d01c86d3	fcvt.s.wu	f13,x25	 x25:0x7edf84ff f13=0x4efdbf0a
     394255.000 ns	     39424	80008358	e00214d3	fclass.s	x9,f4	  f4:0x00000000  x9=0x00000010
     394275.000 ns	     39426	8000835c	410fd733	sra	x14,x31,x16	 x31:0x80041024 x16:0x0000001d x14=0xfffffffc
     394605.000 ns	     39459	80008360	188cab53	fdiv.s	f22,f25,f8	 f25:0xcefff7e7  f8:0x4c000000 f22=0xc1fff7e8
     394635.000 ns	     39462	80008364	299708d3	fmin.s	f17,f14,f25	 f14:0x00000000 f25:0xcefff7e7 f17=0xcefff7e7
     394665.000 ns	     39465	80008368	a0a01853	flt.s	x16,f0,f10	  f0:0x00000000 f10:0xbf800000 x16=0x00000000
     394685.000 ns	     39467	8000836c	00000013	addi	x0,x0,0	  x0:0x00000000
     394695.000 ns	     39468	80008370	00d503b3	add	x7,x10,x13	 x10:0x80040fe4 x13:0x800409b8  x7=0x0008199c
     394705.000 ns	     39469	80008374	7dff3697	auipc	x13,0x7dff3	 x13=0xfdffb374
     394715.000 ns	     39470	80008378	00f39cb3	sll	x25,x7,x15	  x7:0x00000000 x15:0x00000000 x25=0x0008199c
     394725.000 ns	     39471	8000837c	01475d93	srli	x27,x14,0x14	 x14:0xfffffffc x27=0x00000fff
     394735.000 ns	     39472	80008380	e0146613	ori	x12,x8,-511	  x8:0xe0000000 x12=0xfffffe01
     394745.000 ns	     39473	80008384	402052b3	sra	x5,x0,x2	  x0:0x00000000  x2:0x00000000  x5=0x00000000
     394755.000 ns	     39474	80008388	c2c6f413	andi	x8,x13,-980	 x13:0xfdffb374  x8=0xfdffb024
     394765.000 ns	     39475	8000838c	011a1013	slli	x0,x20,0x11	 x20:0xa202344a
     394805.000 ns	     39479	80008390	00b4a153	fadd.s	f2,f9,f11	  f9:0x7fc00000 f11:0x00000000  f2=0x7fc00000
     395145.000 ns	     39513	80008394	19087fd3	fdiv.s	f31,f16,f16	 f16:0x4c000000 f16:0x4c000000 f31=0x3f000000
     395185.000 ns	     39517	80008398	19ae7153	fdiv.s	f2,f28,f26	 f28:0x4f7ffffa f26:0x7fc00000  f2=0x7fc00000
     395215.000 ns	     39520	8000839c	020b0433	mul	x8,x22,x0	 x22:0x00002d00  x0:0x00000000  x8=0x00000000
     395235.000 ns	     39522	800083a0	c2330693	addi	x13,x6,-989	  x6:0xfffbf01c x13=0xfffbec3f
     395245.000 ns	     39523	800083a4	01965fb3	srl	x31,x12,x25	 x12:0xfffffe01 x25:0x0008199c x31=0x0000000f
     395275.000 ns	     39526	800083a8	11bf7fd3	fmul.s	f31,f30,f27	 f30:0x4c000000 f27:0x4c000000 f31=0x58800000
     395305.000 ns	     39529	800083ac	02420333	mul	x6,x4,x4	  x4:0xffffffff  x4:0xffffffff  x6=0x00000001
     395355.000 ns	     39534	800083b0	01597cd3	fadd.s	f25,f18,f21	 f18:0x7fc00000 f21:0x00000000 f25=0x7fc00000
     395385.000 ns	     39537	800083b4	29a897d3	fmax.s	f15,f17,f26	 f17:0xcefff7e7 f26:0x7fc00000 f15=0xcefff7e7
     395415.000 ns	     39540	800083b8	030494b3	mulh	x9,x9,x16	  x9:0x00000010 x16:0x00000000  x9=0x00000000
     395435.000 ns	     39542	800083bc	017303b3	add	x7,x6,x23	  x6:0x00000001 x23:0x00000000  x7=0x00000001
     395445.000 ns	     39543	800083c0	0108f6b3	and	x13,x17,x16	 x17:0xffffffff x16:0x00000000 x13=0x00000000
     395465.000 ns	     39545	800083c4	e0000dd3	fmv.x.w	x27,f0	  f0:0x00000000 x27=0x00000000
     395485.000 ns	     39547	800083c8	00000013	addi	x0,x0,0	  x0:0x00000000
     395495.000 ns	     39548	800083cc	0183d233	srl	x4,x7,x24	  x7:0x00000001 x24:0x56942f30  x4=0x00000000
     395505.000 ns	     39549	800083d0	d8d98293	addi	x5,x19,-627	 x19:0x00000000  x5=0xfffffd8d
     395515.000 ns	     39550	800083d4	00954fb3	xor	x31,x10,x9	 x10:0x80040fe4  x9:0x00000000 x31=0x80040fe4
     395535.000 ns	     39552	800083d8	21fd95d3	fsgnjn.s	f11,f27,f31	 f27:0x4c000000 f31:0x58800000 f11=0xcc000000
     395565.000 ns	     39555	800083dc	284f8253	fmin.s	f4,f31,f4	 f31:0x58800000  f4:0x00000000  f4=0x00000000
     395595.000 ns	     39558	800083e0	2059a1d3	fsgnjx.s	f3,f19,f5	 f19:0xbf800000  f5:0x3f800000  f3=0xbf800000
     395615.000 ns	     39560	800083e4	007a5eb3	srl	x29,x20,x7	 x20:0xa202344a  x7:0x00000001 x29=0x51011a25
     395645.000 ns	     39563	800083e8	186014d3	fdiv.s	f9,f0,f6	  f0:0x00000000  f6:0x00000000  f9=0x7fc00000
     395665.000 ns	     39565	800083ec	00d88bb3	add	x23,x17,x13	 x17:0xffffffff x13:0x00000000 x23=0xffffffff
     395675.000 ns	     39566	800083f0	4c1fae97	auipc	x29,0x4c1fa	 x29=0xcc2023f0
     395685.000 ns	     39567	800083f4	0181f4b3	and	x9,x3,x24	  x3:0xeaa192bb x24:0x56942f30  x9=0x42800230
     395695.000 ns	     39568	800083f8	f5ac4f13	xori	x30,x24,-166	 x24:0x56942f30 x30=0xa96bd06a
     395705.000 ns	     39569	800083fc	407f5cb3	sra	x25,x30,x7	 x30:0xfe00103f  x7:0x00000001 x25=0xd4b5e835
     395725.000 ns	     39571	80008400	283191d3	fmax.s	f3,f3,f3	  f3:0xbf800000  f3:0xbf800000  f3=0xbf800000
     395745.000 ns	     39573	80008404	00ff28b3	slt	x17,x30,x15	 x30:0xa96bd06a x15:0x00000000 x17=0x00000001
     395765.000 ns	     39575	80008408	03a783b3	mul	x7,x15,x26	 x15:0x00000000 x26:0x00000000  x7=0x00000000
     395795.000 ns	     39578	8000840c	03d69eb3	mulh	x29,x13,x29	 x13:0x00000000 x29:0xcc2023f0 x29=0x00000000
     395815.000 ns	     39580	80008410	a21de093	ori	x1,x27,-1503	 x27:0x00000000  x1=0xfffffa21
     395835.000 ns	     39582	80008414	a1b795d3	flt.s	x11,f15,f27	 f15:0xcefff7e7 f27:0x4c000000 x11=0x00000001
     397015.000 ns	     39700	80008418	58047e53	fsqrt.s	f28,f8	  f8:0x4c000000 f28=0x45350482
     397035.000 ns	     39702	8000841c	01371793	slli	x15,x14,0x13	 x14:0xfffffffc x15=0xffe00000
     397045.000 ns	     39703	80008420	8c44f437	lui	x8,0x8c44f	  x8=0x8c44f000
     398215.000 ns	     39820	80008424	580c10d3	fsqrt.s	f1,f24	 f24:0x4f00040f  f1=0x46b50a40
     398245.000 ns	     39823	80008428	e0058ad3	fmv.x.w	x21,f11	 f11:0xcc000000 x21=0xcc000000
     398265.000 ns	     39825	8000842c	5d1e0217	auipc	x4,0x5d1e0	  x4=0xdd1e842c
     398275.000 ns	     39826	80008430	40540d33	sub	x26,x8,x5	  x8:0x8c44f000  x5:0xfffffd8d x26=0x8c44f273
     398285.000 ns	     39827	80008434	993de693	ori	x13,x27,-1645	 x27:0x00000000 x13=0xfffff993
     398295.000 ns	     39828	80008438	00765293	srli	x5,x12,0x7	 x12:0xfffffe01  x5=0x01fffffc
     398655.000 ns	     39864	8000843c	03a57033	remu	x0,x10,x26	 x10:0x80040fe4 x26:0x8c44f273
     398685.000 ns	     39867	80008440	29c60cd3	fmin.s	f25,f12,f28	 f12:0x00000000 f28:0x45350482 f25=0x00000000
     398705.000 ns	     39869	80008444	01cec5b3	xor	x11,x29,x28	 x29:0x00000000 x28:0x75e12000 x11=0x75e12000
     398715.000 ns	     39870	80008448	ac49b413	sltiu	x8,x19,-1340	 x19:0x00000000  x8=0x00000001
     399885.000 ns	     39987	8000844c	58069b53	fsqrt.s	f22,f13	 f13:0x4efdbf0a f22=0x4734384e
     399915.000 ns	     39990	80008450	031193b3	mulh	x7,x3,x17	  x3:0xeaa192bb x17:0x00000001  x7=0xffffffff
     399935.000 ns	     39992	80008454	018472b3	and	x5,x8,x24	  x8:0x00000001 x24:0x56942f30  x5=0x00000000
     399955.000 ns	     39994	80008458	d003a6d3	fcvt.s.w	f13,x7	  x7:0xffffffff f13=0xbf800000
     399985.000 ns	     39997	8000845c	e00c1f53	fclass.s	x30,f24	 f24:0x4f00040f x30=0x00000040
     400005.000 ns	     39999	80008460	014eab33	slt	x22,x29,x20	 x29:0x00000000 x20:0xa202344a x22=0x00000000
     400015.000 ns	     40000	80008464	005abdb3	sltu	x27,x21,x5	 x21:0xcc000000  x5:0x00000000 x27=0x00000000
     400035.000 ns	     40002	80008468	21fe2d53	fsgnjx.s	f26,f28,f31	 f28:0x45350482 f31:0x58800000 f26=0x45350482
     400055.000 ns	     40004	8000846c	b3dd0193	addi	x3,x26,-1219	 x26:0x8c44f273  x3=0x8c44edb0
     400075.000 ns	     40006	80008470	029817b3	mulh	x15,x16,x9	 x16:0x00000000  x9:0x42800230 x15=0x00000000
     400105.000 ns	     40009	80008474	211020d3	fsgnjx.s	f1,f0,f17	  f0:0x00000000 f17:0xcefff7e7  f1=0x80000000
     400135.000 ns	     40012	80008478	292a1c53	fmax.s	f24,f20,f18	 f20:0x2c917d30 f18:0x7fc00000 f24=0x2c917d30
     400185.000 ns	     40017	8000847c	00fcf6d3	fadd.s	f13,f25,f15	 f25:0x00000000 f15:0xcefff7e7 f13=0xcefff7e7
     400225.000 ns	     40021	80008480	101b7fd3	fmul.s	f31,f22,f1	 f22:0x4734384e  f1:0x80000000 f31=0x80000000
     400245.000 ns	     40023	80008484	539c4313	xori	x6,x24,1337	 x24:0x56942f30  x6=0x56942a09
     400265.000 ns	     40025	80008488	20261553	fsgnjn.s	f10,f12,f2	 f12:0x00000000  f2:0x7fc00000 f10=0x80000000
     400295.000 ns	     40028	8000848c	a0950b53	fle.s	x22,f10,f9	 f10:0xbf800000  f9:0x7fc00000 x22=0x00000000
     400335.000 ns	     40032	80008490	1995bb53	fdiv.s	f22,f11,f25	 f11:0xcc000000 f25:0x00000000 f22=0xff800000
     400365.000 ns	     40035	80008494	02c4a6b3	mulhsu	x13,x9,x12	  x9:0x42800230 x12:0xfffffe01 x13=0x428001ab
     400385.000 ns	     40037	80008498	00e9bb33	sltu	x22,x19,x14	 x19:0x00000000 x14:0xfffffffc x22=0x00000001
     400395.000 ns	     40038	8000849c	40f7dd93	srai	x27,x15,0xf	 x15:0x00000000 x27=0x00000000
     400405.000 ns	     40039	800084a0	49a4ec37	lui	x24,0x49a4e	 x24=0x49a4e000
     400425.000 ns	     40041	800084a4	200ba8d3	fsgnjx.s	f17,f23,f0	 f23:0x00000000  f0:0x00000000 f17=0x00000000
     400455.000 ns	     40044	800084a8	2032a053	fsgnjx.s	f0,f5,f3	  f5:0x3f800000  f3:0xbf800000  f0=0xbf800000
     400495.000 ns	     40048	800084ac	1145ffd3	fmul.s	f31,f11,f20	 f11:0xcc000000 f20:0x2c917d30 f31=0xb9117d30
     400515.000 ns	     40050	800084b0	013de3b3	or	x7,x27,x19	 x27:0x00000000 x19:0x00000000  x7=0x00000000
     400535.000 ns	     40052	800084b4	033780b3	mul	x1,x15,x19	 x15:0x00000000 x19:0x00000000  x1=0x00000000
     400555.000 ns	     40054	800084b8	69754a93	xori	x21,x10,1687	 x10:0x80040fe4 x21=0x80040973
     400565.000 ns	     40055	800084bc	0092f0b3	and	x1,x5,x9	  x5:0x00000000  x9:0x42800230  x1=0x00000000
     400575.000 ns	     40056	800084c0	04b44413	xori	x8,x8,75	  x8:0x00000001  x8=0x0000004a
     400585.000 ns	     40057	800084c4	8f856c13	ori	x24,x10,-1800	 x10:0x80040fe4 x24=0xfffffffc
     400595.000 ns	     40058	800084c8	00e7e833	or	x16,x15,x14	 x15:0x00000000 x14:0xfffffffc x16=0xfffffffc
     400605.000 ns	     40059	800084cc	c74d4793	xori	x15,x26,-908	 x26:0x8c44f273 x15=0x73bb0e07
     400965.000 ns	     40095	800084d0	03fad3b3	divu	x7,x21,x31	 x21:0x80040973 x31:0x80040fe4  x7=0x00000000
     401335.000 ns	     40132	800084d4	029d41b3	div	x3,x26,x9	 x26:0x8c44f273  x9:0x42800230  x3=0xffffffff
     401355.000 ns	     40134	800084d8	c283c893	xori	x17,x7,-984	  x7:0x00000000 x17=0xfffffc28
     401365.000 ns	     40135	800084dc	e5750493	addi	x9,x10,-425	 x10:0x80040fe4  x9=0x80040e3b
     401405.000 ns	     40139	800084e0	003138d3	fadd.s	f17,f2,f3	  f2:0x7fc00000  f3:0xbf800000 f17=0x7fc00000
     401435.000 ns	     40142	800084e4	02207c33	remu	x24,x0,x2	  x0:0x00000000  x2:0x00000000 x24=0x00000000
     401465.000 ns	     40145	800084e8	f0048153	fmv.w.x	f2,x9	  x9:0x80040e3b  f2=0x80040e3b
     401485.000 ns	     40147	800084ec	01648133	add	x2,x9,x22	  x9:0x80040e3b x22:0x00000001  x2=0x80040e3c
     401495.000 ns	     40148	800084f0	0074ad33	slt	x26,x9,x7	  x9:0x80040e3b  x7:0x00000000 x26=0x00000001
     401505.000 ns	     40149	800084f4	01dce5b3	or	x11,x25,x29	 x25:0xd4b5e835 x29:0x00000000 x11=0xd4b5e835
     401515.000 ns	     40150	800084f8	9ffe6893	ori	x17,x28,-1537	 x28:0x75e12000 x17=0xfffff9ff
     401535.000 ns	     40152	800084fc	032daf33	mulhsu	x30,x27,x18	 x27:0x00000000 x18:0x80041024 x30=0x00000000
     401905.000 ns	     40189	80008500	02a0d4b3	divu	x9,x1,x10	  x1:0x00000000 x10:0x80040fe4  x9=0x00000000
     401935.000 ns	     40192	80008504	21ab85d3	fsgnj.s	f11,f23,f26	 f23:0x00000000 f26:0x45350482 f11=0x00000000
     401955.000 ns	     40194	80008508	83173293	sltiu	x5,x14,-1999	 x14:0xfffffffc  x5=0x00000000
     401965.000 ns	     40195	8000850c	015737b3	sltu	x15,x14,x21	 x14:0xfffffffc x21:0x80040973 x15=0x00000000
     401975.000 ns	     40196	80008510	00c407b3	add	x15,x8,x12	  x8:0x0000004a x12:0xfffffe01 x15=0xfffffe4b
     401995.000 ns	     40198	80008514	029ce3b3	rem	x7,x25,x9	 x25:0xd4b5e835  x9:0x00000000  x7=0xd4b5e835
     402015.000 ns	     40200	80008518	00fd6833	or	x16,x26,x15	 x26:0x00000001 x15:0x00000000 x16=0xfffffe4b
     402035.000 ns	     40202	8000851c	20f622d3	fsgnjx.s	f5,f12,f15	 f12:0x00000000 f15:0xcefff7e7  f5=0x80000000
     402065.000 ns	     40205	80008520	c01506d3	fcvt.wu.s	x13,f10	 f10:0x80000000 x13=0x00000000
     402085.000 ns	     40207	80008524	40605793	srai	x15,x0,0x6	  x0:0x00000000 x15=0x00000000
     402105.000 ns	     40209	80008528	0255ac33	mulhsu	x24,x11,x5	 x11:0xd4b5e835  x5:0x00000000 x24=0x00000000
     402135.000 ns	     40212	8000852c	e00a1053	fclass.s	x0,f20	 f20:0x2c917d30
     402165.000 ns	     40215	80008530	e0089c53	fclass.s	x24,f17	 f17:0x7fc00000 x24=0x00000200
     402185.000 ns	     40217	80008534	b7b02d17	auipc	x26,0xb7b02	 x26=0x37b0a534
     402545.000 ns	     40253	80008538	039fd733	divu	x14,x31,x25	 x31:0x80040fe4 x25:0xd4b5e835 x14=0x00000000
     402585.000 ns	     40257	8000853c	18b8a5d3	fdiv.s	f11,f17,f11	 f17:0x7fc00000 f11:0x00000000 f11=0x7fc00000
     402955.000 ns	     40294	80008540	02a67bb3	remu	x23,x12,x10	 x12:0xfffffe01 x10:0x80040fe4 x23=0x7ffbee1d
     402975.000 ns	     40296	80008544	e7232b93	slti	x23,x6,-398	  x6:0x56942a09 x23=0x00000000
     402995.000 ns	     40298	80008548	20511853	fsgnjn.s	f16,f2,f5	  f2:0x80040e3b  f5:0x80000000 f16=0x00040e3b
     403015.000 ns	     40300	8000854c	0185d713	srli	x14,x11,0x18	 x11:0xd4b5e835 x14=0x000000d4
     403055.000 ns	     40304	80008550	01fef553	fadd.s	f10,f29,f31	 f29:0x00000000 f31:0xb9117d30 f10=0xb9117d30
     403085.000 ns	     40307	80008554	034a39b3	mulhu	x19,x20,x20	 x20:0xa202344a x20:0xa202344a x19=0x6686ca32
     403115.000 ns	     40310	80008558	03bbdcb3	divu	x25,x23,x27	 x23:0x00000000 x27:0x00000000 x25=0xffffffff
     403145.000 ns	     40313	8000855c	29c29c53	fmax.s	f24,f5,f28	  f5:0x80000000 f28:0x45350482 f24=0x45350482
     403165.000 ns	     40315	80008560	0102b1b3	sltu	x3,x5,x16	  x5:0x00000000 x16:0xfffffe4b  x3=0x00000001
     403175.000 ns	     40316	80008564	bdeb6c13	ori	x24,x22,-1058	 x22:0x00000001 x24=0xfffffbdf
     403185.000 ns	     40317	80008568	000d5713	srli	x14,x26,0x0	 x26:0x37b0a534 x14=0x37b0a534
     403195.000 ns	     40318	8000856c	b8aa3717	auipc	x14,0xb8aa3	 x14=0x38aab56c
     403215.000 ns	     40320	80008570	297d8a53	fmin.s	f20,f27,f23	 f27:0x4c000000 f23:0x00000000 f20=0x00000000
     403245.000 ns	     40323	80008574	034024b3	mulhsu	x9,x0,x20	  x0:0x00000000 x20:0xa202344a  x9=0x00000000
     403265.000 ns	     40325	80008578	a3a88493	addi	x9,x17,-1478	 x17:0xfffff9ff  x9=0xfffff439
     403275.000 ns	     40326	8000857c	411f5f33	sra	x30,x30,x17	 x30:0x00000000 x17:0xfffff9ff x30=0x00000000
     403635.000 ns	     40362	80008580	02bb63b3	rem	x7,x22,x11	 x22:0x00000001 x11:0xd4b5e835  x7=0x00000001
     403655.000 ns	     40364	80008584	418f86b3	sub	x13,x31,x24	 x31:0x80040fe4 x24:0xfffffbdf x13=0x80041405
     403675.000 ns	     40366	80008588	a13a0fd3	fle.s	x31,f20,f19	 f20:0x00000000 f19:0xbf800000 x31=0x00000000
     403705.000 ns	     40369	8000858c	296194d3	fmax.s	f9,f3,f22	  f3:0xbf800000 f22:0xff800000  f9=0xbf800000
     404075.000 ns	     40406	80008590	02674db3	div	x27,x14,x6	 x14:0x38aab56c  x6:0x56942a09 x27=0x00000000
     404105.000 ns	     40409	80008594	a12c02d3	fle.s	x5,f24,f18	 f24:0x45350482 f18:0x7fc00000  x5=0x00000000
     404135.000 ns	     40412	80008598	c003f853	fcvt.w.s	x16,f7	  f7:0x2c917d30 x16=0x00000000
     404505.000 ns	     40449	8000859c	03605e33	divu	x28,x0,x22	  x0:0x00000000 x22:0x00000001 x28=0x00000000
     404525.000 ns	     40451	800085a0	01bd9813	slli	x16,x27,0x1b	 x27:0x00000000 x16=0x00000000
     404535.000 ns	     40452	800085a4	002e4b33	xor	x22,x28,x2	 x28:0x00000000  x2:0x80040e3c x22=0x80040e3c
     404895.000 ns	     40488	800085a8	02cf5cb3	divu	x25,x30,x12	 x30:0x00000000 x12:0xfffffe01 x25=0x00000000
     404915.000 ns	     40490	800085ac	00c4a4b3	slt	x9,x9,x12	  x9:0xfffff439 x12:0xfffffe01  x9=0x00000001
     404935.000 ns	     40492	800085b0	e00382d3	fmv.x.w	x5,f7	  f7:0x2c917d30  x5=0x2c917d30
     404955.000 ns	     40494	800085b4	012d08b3	add	x17,x26,x18	 x26:0x37b0a534 x18:0x80041024 x17=0xb7b4b558
     404975.000 ns	     40496	800085b8	a1b924d3	feq.s	x9,f18,f27	 f18:0x7fc00000 f27:0x4c000000  x9=0x00000000
     404995.000 ns	     40498	800085bc	00000013	addi	x0,x0,0	  x0:0x00000000
     405005.000 ns	     40499	800085c0	004d3f33	sltu	x30,x26,x4	 x26:0x37b0a534  x4:0xdd1e842c x30=0x00000001
     405025.000 ns	     40501	800085c4	21078cd3	fsgnj.s	f25,f15,f16	 f15:0xcefff7e7 f16:0x00040e3b f25=0x4efff7e7
     405055.000 ns	     40504	800085c8	a151a7d3	feq.s	x15,f3,f21	  f3:0xbf800000 f21:0x00000000 x15=0x00000000
     405085.000 ns	     40507	800085cc	021acc33	div	x24,x21,x1	 x21:0x80040973  x1:0x00000000 x24=0xffffffff
     405115.000 ns	     40510	800085d0	d017c0d3	fcvt.s.wu	f1,x15	 x15:0x00000000  f1=0x00000000
     405145.000 ns	     40513	800085d4	d00b3bd3	fcvt.s.w	f23,x22	 x22:0x80040e3c f23=0xcefff7e4
     405165.000 ns	     40515	800085d8	01e8dfb3	srl	x31,x17,x30	 x17:0xb7b4b558 x30:0x00000001 x31=0x5bda5aac
     405185.000 ns	     40517	800085dc	f00b89d3	fmv.w.x	f19,x23	 x23:0x00000000 f19=0x00000000
     405205.000 ns	     40519	800085e0	007721b3	slt	x3,x14,x7	 x14:0x38aab56c  x7:0x00000001  x3=0x00000000
     405215.000 ns	     40520	800085e4	0b9bce93	xori	x29,x23,185	 x23:0x00000000 x29=0x000000b9
     405225.000 ns	     40521	800085e8	00000013	addi	x0,x0,0	  x0:0x00000000
     405245.000 ns	     40523	800085ec	c016f3d3	fcvt.wu.s	x7,f13	 f13:0xcefff7e7  x7=0x7ffbf380
     405275.000 ns	     40526	800085f0	e0071153	fclass.s	x2,f14	 f14:0x00000000  x2=0x00000010
     405305.000 ns	     40529	800085f4	028b32b3	mulhu	x5,x22,x8	 x22:0x80040e3c  x8:0x0000004a  x5=0x00000025
     405335.000 ns	     40532	800085f8	a0cca253	feq.s	x4,f25,f12	 f25:0x4efff7e7 f12:0x00000000  x4=0x00000000
     405365.000 ns	     40535	800085fc	21120953	fsgnj.s	f18,f4,f17	  f4:0x00000000 f17:0x7fc00000 f18=0x00000000
     405405.000 ns	     40539	80008600	5806f0d3	fsqrt.s	f1,f13	 f13:0xcefff7e7  f1=0x7fc00000
     405435.000 ns	     40542	80008604	d00736d3	fcvt.s.w	f13,x14	 x14:0x38aab56c f13=0x4e62aad6
     405485.000 ns	     40547	80008608	09ce2b53	fsub.s	f22,f28,f28	 f28:0x45350482 f28:0x45350482 f22=0x80000000
     405515.000 ns	     40550	8000860c	e00c0153	fmv.x.w	x2,f24	 f24:0x45350482  x2=0x45350482
     405555.000 ns	     40554	80008610	580b78d3	fsqrt.s	f17,f22	 f22:0x80000000 f17=0x80000000
     405605.000 ns	     40559	80008614	09e705d3	fsub.s	f11,f14,f30	 f14:0x00000000 f30:0x4c000000 f11=0xcc000000
     405975.000 ns	     40596	80008618	0326e333	rem	x6,x13,x18	 x13:0x80041405 x18:0x80041024  x6=0x80041405
     406005.000 ns	     40599	8000861c	d0188753	fcvt.s.wu	f14,x17	 x17:0xb7b4b558 f14=0x4f37b4b5
     406025.000 ns	     40601	80008620	32e18593	addi	x11,x3,814	  x3:0x00000000 x11=0x0000032e
     406045.000 ns	     40603	80008624	d01971d3	fcvt.s.wu	f3,x18	 x18:0x80041024  f3=0x4f000410
     406065.000 ns	     40605	80008628	01256c33	or	x24,x10,x18	 x10:0x80040fe4 x18:0x80041024 x24=0x80041fe4
     406425.000 ns	     40641	8000862c	03d85133	divu	x2,x16,x29	 x16:0x00000000 x29:0x000000b9  x2=0x00000000
     406455.000 ns	     40644	80008630	021cadb3	mulhsu	x27,x25,x1	 x25:0x00000000  x1:0x00000000 x27=0x00000000
     406495.000 ns	     40648	80008634	11d172d3	fmul.s	f5,f2,f29	  f2:0x80040e3b f29:0x00000000  f5=0x80000000
     406515.000 ns	     40650	80008638	e641f393	andi	x7,x3,-412	  x3:0x00000000  x7=0x00000000
     406525.000 ns	     40651	8000863c	00aed433	srl	x8,x29,x10	 x29:0x000000b9 x10:0x80040fe4  x8=0x0000000b
     406535.000 ns	     40652	80008640	007c4f33	xor	x30,x24,x7	 x24:0x80041fe4  x7:0x7ffbf380 x30=0x80041fe4
     406545.000 ns	     40653	80008644	6e890493	addi	x9,x18,1768	 x18:0x80041024  x9=0x8004170c
     406555.000 ns	     40654	80008648	01959eb3	sll	x29,x11,x25	 x11:0x0000032e x25:0x00000000 x29=0x0000032e
     406575.000 ns	     40656	8000864c	e00c9e53	fclass.s	x28,f25	 f25:0x4efff7e7 x28=0x00000040
     406605.000 ns	     40659	80008650	a1d19153	flt.s	x2,f3,f29	  f3:0x4f000410 f29:0x00000000  x2=0x00000000
     406635.000 ns	     40662	80008654	e0000bd3	fmv.x.w	x23,f0	  f0:0xbf800000 x23=0xbf800000
     406665.000 ns	     40665	80008658	c0198b53	fcvt.wu.s	x22,f19	 f19:0x00000000 x22=0x00000000
     406685.000 ns	     40667	8000865c	89c0f393	andi	x7,x1,-1892	  x1:0x00000000  x7=0x00000000
     406705.000 ns	     40669	80008660	e00c1053	fclass.s	x0,f24	 f24:0x45350482
     406725.000 ns	     40671	80008664	78f88b93	addi	x23,x17,1935	 x17:0xb7b4b558 x23=0xb7b4bce7
     406745.000 ns	     40673	80008668	03150bb3	mul	x23,x10,x17	 x10:0x80040fe4 x17:0xb7b4b558 x23=0x08f1aa60
     406775.000 ns	     40676	8000866c	02399833	mulh	x16,x19,x3	 x19:0x6686ca32  x3:0x00000000 x16=0x00000000
     406825.000 ns	     40681	80008670	000f7ed3	fadd.s	f29,f30,f0	 f30:0x4c000000  f0:0xbf800000 f29=0x4bfffffe
     406845.000 ns	     40683	80008674	00320233	add	x4,x4,x3	  x4:0x00000000  x3:0x00000000  x4=0x00000000
     406875.000 ns	     40686	80008678	19207b53	fdiv.s	f22,f0,f18	  f0:0xbf800000 f18:0x00000000 f22=0xff800000
     406895.000 ns	     40688	8000867c	018a8733	add	x14,x21,x24	 x21:0x80040973 x24:0x80041fe4 x14=0x00082957
     406915.000 ns	     40690	80008680	e00f88d3	fmv.x.w	x17,f31	 f31:0xb9117d30 x17=0xb9117d30
     406935.000 ns	     40692	80008684	41c3d013	srai	x0,x7,0x1c	  x7:0x00000000
     406945.000 ns	     40693	80008688	40fa8093	addi	x1,x21,1039	 x21:0x80040973  x1=0x80040d82
     406965.000 ns	     40695	8000868c	a079a3d3	feq.s	x7,f19,f7	 f19:0x00000000  f7:0x2c917d30  x7=0x00000000
     406995.000 ns	     40698	80008690	02f35f33	divu	x30,x6,x15	  x6:0x80041405 x15:0x00000000 x30=0xffffffff
     407025.000 ns	     40701	80008694	02faed33	rem	x26,x21,x15	 x21:0x80040973 x15:0x00000000 x26=0x80040973
     407065.000 ns	     40705	80008698	180948d3	fdiv.s	f17,f18,f0	 f18:0x00000000  f0:0xbf800000 f17=0x80000000
     407085.000 ns	     40707	8000869c	40435613	srai	x12,x6,0x4	  x6:0x80041405 x12=0xf8004140
     407125.000 ns	     40711	800086a0	0099f1d3	fadd.s	f3,f19,f9	 f19:0x00000000  f9:0xbf800000  f3=0xbf800000
     407155.000 ns	     40714	800086a4	02cf2c33	mulhsu	x24,x30,x12	 x30:0xffffffff x12:0xfffffe01 x24=0xffffffff
     407185.000 ns	     40717	800086a8	a12a92d3	flt.s	x5,f21,f18	 f21:0x00000000 f18:0x00000000  x5=0x00000000
     407555.000 ns	     40754	800086ac	035364b3	rem	x9,x6,x21	  x6:0x80041405 x21:0x80040973  x9=0x80041405
     407595.000 ns	     40758	800086b0	18eb03d3	fdiv.s	f7,f22,f14	 f22:0xff800000 f14:0x4f37b4b5  f7=0xff800000
     407625.000 ns	     40761	800086b4	e00387d3	fmv.x.w	x15,f7	  f7:0x2c917d30 x15=0xff800000
     407655.000 ns	     40764	800086b8	29480fd3	fmin.s	f31,f16,f20	 f16:0x00040e3b f20:0x00000000 f31=0x00000000
     407695.000 ns	     40768	800086bc	19b9f8d3	fdiv.s	f17,f19,f27	 f19:0x00000000 f27:0x4c000000 f17=0x00000000
     407725.000 ns	     40771	800086c0	a1f22053	feq.s	x0,f4,f31	  f4:0x00000000 f31:0x00000000
     407755.000 ns	     40774	800086c4	c00275d3	fcvt.w.s	x11,f4	  f4:0x00000000 x11=0x00000000
     407775.000 ns	     40776	800086c8	410a58b3	sra	x17,x20,x16	 x20:0xa202344a x16:0x00000000 x17=0xa202344a
     407795.000 ns	     40778	800086cc	a0d116d3	flt.s	x13,f2,f13	  f2:0x80040e3b f13:0x4e62aad6 x13=0x00000001
     407815.000 ns	     40780	800086d0	00651fb3	sll	x31,x10,x6	 x10:0x80040fe4  x6:0x80041405 x31=0x0081fc80
     407825.000 ns	     40781	800086d4	00000013	addi	x0,x0,0	  x0:0x00000000
     407845.000 ns	     40783	800086d8	219a97d3	fsgnjn.s	f15,f21,f25	 f21:0x00000000 f25:0x4efff7e7 f15=0x80000000
     407865.000 ns	     40785	800086dc	8643ea93	ori	x21,x7,-1948	  x7:0x00000000 x21=0xfffff864
     407885.000 ns	     40787	800086e0	d0007053	fcvt.s.w	f0,x0	  x0:0x00000000  f0=0x00000000
     407915.000 ns	     40790	800086e4	20e5afd3	fsgnjx.s	f31,f11,f14	 f11:0xcc000000 f14:0x4f37b4b5 f31=0xcc000000
     407955.000 ns	     40794	800086e8	1979fb53	fdiv.s	f22,f19,f23	 f19:0x00000000 f23:0xcefff7e4 f22=0x80000000
     407985.000 ns	     40797	800086ec	289d8553	fmin.s	f10,f27,f9	 f27:0x4c000000  f9:0xbf800000 f10=0xbf800000
     408325.000 ns	     40831	800086f0	1891fad3	fdiv.s	f21,f3,f9	  f3:0xbf800000  f9:0xbf800000 f21=0x3f045ede
     408355.000 ns	     40834	800086f4	d015fd53	fcvt.s.wu	f26,x11	 x11:0x00000000 f26=0x00000000
     408375.000 ns	     40836	800086f8	6c74af93	slti	x31,x9,1735	  x9:0x80041405 x31=0x00000001
     408385.000 ns	     40837	800086fc	40fc8833	sub	x16,x25,x15	 x25:0x00000000 x15:0xff800000 x16=0x00800000
     408395.000 ns	     40838	80008700	018813b3	sll	x7,x16,x24	 x16:0x00000000 x24:0xffffffff  x7=0x00000000
     408405.000 ns	     40839	80008704	00c7bb33	sltu	x22,x15,x12	 x15:0xff800000 x12:0xf8004140 x22=0x00000000
     408415.000 ns	     40840	80008708	414d5613	srai	x12,x26,0x14	 x26:0x80040973 x12=0xfffff800
     408435.000 ns	     40842	8000870c	208497d3	fsgnjn.s	f15,f9,f8	  f9:0xbf800000  f8:0x4c000000 f15=0xbf800000
     408465.000 ns	     40845	80008710	e00009d3	fmv.x.w	x19,f0	  f0:0x00000000 x19=0x00000000
     408485.000 ns	     40847	80008714	00000013	addi	x0,x0,0	  x0:0x00000000
     408495.000 ns	     40848	80008718	002aeab3	or	x21,x21,x2	 x21:0xfffff864  x2:0x00000000 x21=0xfffff864
     408855.000 ns	     40884	8000871c	02adcf33	div	x30,x27,x10	 x27:0x00000000 x10:0x80040fe4 x30=0x00000000
     408875.000 ns	     40886	80008720	45fbc493	xori	x9,x23,1119	 x23:0x08f1aa60  x9=0x08f1ae3f
     408915.000 ns	     40890	80008724	092a7e53	fsub.s	f28,f20,f18	 f20:0x00000000 f18:0x00000000 f28=0x80000000
     408955.000 ns	     40894	80008728	10b83053	fmul.s	f0,f16,f11	 f16:0x00040e3b f11:0xcc000000  f0=0x8a81c760
     408975.000 ns	     40896	8000872c	012b1833	sll	x16,x22,x18	 x22:0x00000000 x18:0x80041024 x16=0x00000000
     409335.000 ns	     40932	80008730	02fcdd33	divu	x26,x25,x15	 x25:0x00000000 x15:0xff800000 x26=0x00000000
     409355.000 ns	     40934	80008734	0094b9b3	sltu	x19,x9,x9	  x9:0x08f1ae3f  x9:0x08f1ae3f x19=0x00000000
     409365.000 ns	     40935	80008738	00b39e93	slli	x29,x7,0xb	  x7:0x00000000 x29=0x00000000
     409375.000 ns	     40936	8000873c	01d68433	add	x8,x13,x29	 x13:0x00000001 x29:0x0000032e  x8=0x00000001
     409405.000 ns	     40939	80008740	5809fbd3	fsqrt.s	f23,f19	 f19:0x00000000 f23=0x00000000
     409435.000 ns	     40942	80008744	034c93b3	mulh	x7,x25,x20	 x25:0x00000000 x20:0xa202344a  x7=0x00000000
     409455.000 ns	     40944	80008748	f2c1e213	ori	x4,x3,-212	  x3:0x00000000  x4=0xffffff2c
     409475.000 ns	     40946	8000874c	21460153	fsgnj.s	f2,f12,f20	 f12:0x00000000 f20:0x00000000  f2=0x00000000
     409495.000 ns	     40948	80008750	455ce297	auipc	x5,0x455ce	  x5=0xc55d6750
     409515.000 ns	     40950	80008754	d01c95d3	fcvt.s.wu	f11,x25	 x25:0x00000000 f11=0x00000000
     409545.000 ns	     40953	80008758	a14f9353	flt.s	x6,f31,f20	 f31:0xcc000000 f20:0x00000000  x6=0x00000001
     409565.000 ns	     40955	8000875c	402050b3	sra	x1,x0,x2	  x0:0x00000000  x2:0x00000000  x1=0x00000000
     409585.000 ns	     40957	80008760	d008f553	fcvt.s.w	f10,x17	 x17:0xa202344a f10=0xcebbfb97
     409605.000 ns	     40959	80008764	02666793	ori	x15,x12,38	 x12:0xfffff800 x15=0xfffff826
     409625.000 ns	     40961	80008768	025e9ab3	mulh	x21,x29,x5	 x29:0x00000000  x5:0xc55d6750 x21=0x00000000
     409645.000 ns	     40963	8000876c	80683593	sltiu	x11,x16,-2042	 x16:0x00000000 x11=0x00000001
     409665.000 ns	     40965	80008770	025f8733	mul	x14,x31,x5	 x31:0x00000001  x5:0xc55d6750 x14=0xc55d6750
     409695.000 ns	     40968	80008774	29190053	fmin.s	f0,f18,f17	 f18:0x00000000 f17:0x00000000  f0=0x00000000
     409715.000 ns	     40970	80008778	5a756b93	ori	x23,x10,1447	 x10:0x80040fe4 x23=0x80040fe7
     409735.000 ns	     40972	8000877c	d0084953	fcvt.s.w	f18,x16	 x16:0x00000000 f18=0x00000000
     409765.000 ns	     40975	80008780	03d36c33	rem	x24,x6,x29	  x6:0x00000001 x29:0x00000000 x24=0x00000001
     409785.000 ns	     40977	80008784	418dd193	srai	x3,x27,0x18	 x27:0x00000000  x3=0x00000000
     409805.000 ns	     40979	80008788	213995d3	fsgnjn.s	f11,f19,f19	 f19:0x00000000 f19:0x00000000 f11=0x80000000
     409835.000 ns	     40982	8000878c	a1ee1853	flt.s	x16,f28,f30	 f28:0x80000000 f30:0x4c000000 x16=0x00000001
     409855.000 ns	     40984	80008790	5e4a2a93	slti	x21,x20,1508	 x20:0xa202344a x21=0x00000001
     409865.000 ns	     40985	80008794	00000013	addi	x0,x0,0	  x0:0x00000000
     409885.000 ns	     40987	80008798	c00b26d3	fcvt.w.s	x13,f22	 f22:0x80000000 x13=0x00000000
     409915.000 ns	     40990	8000879c	201a9753	fsgnjn.s	f14,f21,f1	 f21:0x3f045ede  f1:0x7fc00000 f14=0xbf045ede
     409935.000 ns	     40992	800087a0	00000013	addi	x0,x0,0	  x0:0x00000000
     409945.000 ns	     40993	800087a4	011def33	or	x30,x27,x17	 x27:0x00000000 x17:0xa202344a x30=0xa202344a
     409965.000 ns	     40995	800087a8	e00513d3	fclass.s	x7,f10	 f10:0xcebbfb97  x7=0x00000002
     410005.000 ns	     40999	800087ac	18a07153	fdiv.s	f2,f0,f10	  f0:0x00000000 f10:0xcebbfb97  f2=0x80000000
     410045.000 ns	     41003	800087b0	5809b2d3	fsqrt.s	f5,f19	 f19:0x00000000  f5=0x00000000
     410075.000 ns	     41006	800087b4	029e87b3	mul	x15,x29,x9	 x29:0x00000000  x9:0x08f1ae3f x15=0x00000000
     410095.000 ns	     41008	800087b8	40cf5bb3	sra	x23,x30,x12	 x30:0xa202344a x12:0xfffff800 x23=0xa202344a
     410115.000 ns	     41010	800087bc	20460553	fsgnj.s	f10,f12,f4	 f12:0x00000000  f4:0x00000000 f10=0x00000000
     410145.000 ns	     41013	800087c0	03642033	mulhsu	x0,x8,x22	  x8:0x00000001 x22:0x00000000
     410175.000 ns	     41016	800087c4	c004fbd3	fcvt.w.s	x23,f9	  f9:0xbf800000 x23=0x00000001
     410205.000 ns	     41019	800087c8	02e10ab3	mul	x21,x2,x14	  x2:0x00000000 x14:0xc55d6750 x21=0x00000000
     410245.000 ns	     41023	800087cc	11bb8b53	fmul.s	f22,f23,f27	 f23:0x00000000 f27:0x4c000000 f22=0x00000000
     410265.000 ns	     41025	800087d0	8038e697	auipc	x13,0x8038e	 x13=0x003967d0
     410285.000 ns	     41027	800087d4	e00a1253	fclass.s	x4,f20	 f20:0x00000000  x4=0x00000010
     410315.000 ns	     41030	800087d8	037f3733	mulhu	x14,x30,x23	 x30:0xa202344a x23:0x00000001 x14=0x00000000
     410345.000 ns	     41033	800087dc	c01facd3	fcvt.wu.s	x25,f31	 f31:0xcc000000 x25=0x02000000
     410365.000 ns	     41035	800087e0	c6f74d93	xori	x27,x14,-913	 x14:0x00000000 x27=0xfffffc6f
     410375.000 ns	     41036	800087e4	b17e3a93	sltiu	x21,x28,-1257	 x28:0x00000040 x21=0x00000001
     410705.000 ns	     41069	800087e8	19069ed3	fdiv.s	f29,f13,f16	 f13:0x4e62aad6 f16:0x00040e3b f29=0x7f800000
     410735.000 ns	     41072	800087ec	d01977d3	fcvt.s.wu	f15,x18	 x18:0x80041024 f15=0x4f000410
     410765.000 ns	     41075	800087f0	03da7cb3	remu	x25,x20,x29	 x20:0xa202344a x29:0x00000000 x25=0xa202344a
     410785.000 ns	     41077	800087f4	00e45713	srli	x14,x8,0xe	  x8:0x00000001 x14=0x00000000
     410805.000 ns	     41079	800087f8	20988fd3	fsgnj.s	f31,f17,f9	 f17:0x00000000  f9:0xbf800000 f31=0x80000000
     410835.000 ns	     41082	800087fc	03e13f33	mulhu	x30,x2,x30	  x2:0x00000000 x30:0xa202344a x30=0x00000000
     410855.000 ns	     41084	80008800	ca9181b7	lui	x3,0xca918	  x3=0xca918000
     410875.000 ns	     41086	80008804	29788d53	fmin.s	f26,f17,f23	 f17:0x00000000 f23:0x00000000 f26=0x00000000
     410905.000 ns	     41089	80008808	c0087dd3	fcvt.w.s	x27,f16	 f16:0x00040e3b x27=0x00000000
     410955.000 ns	     41094	8000880c	01a1f753	fadd.s	f14,f3,f26	  f3:0xbf800000 f26:0x00000000 f14=0xbf800000
     411325.000 ns	     41131	80008810	031857b3	divu	x15,x16,x17	 x16:0x00000001 x17:0xa202344a x15=0x00000000
     411355.000 ns	     41134	80008814	29679553	fmax.s	f10,f15,f22	 f15:0x4f000410 f22:0x00000000 f10=0x4f000410
     411395.000 ns	     41138	80008818	10587653	fmul.s	f12,f16,f5	 f16:0x00040e3b  f5:0x00000000 f12=0x00000000
     411445.000 ns	     41143	8000881c	0077fe53	fadd.s	f28,f15,f7	 f15:0x4f000410  f7:0xff800000 f28=0xff800000
     411465.000 ns	     41145	80008820	007a2433	slt	x8,x20,x7	 x20:0xa202344a  x7:0x00000002  x8=0x00000001
     411485.000 ns	     41147	80008824	a142a453	feq.s	x8,f5,f20	  f5:0x00000000 f20:0x00000000  x8=0x00000001
     411505.000 ns	     41149	80008828	9c6a8113	addi	x2,x21,-1594	 x21:0x00000001  x2=0xfffff9c7
     411525.000 ns	     41151	8000882c	29fb0d53	fmin.s	f26,f22,f31	 f22:0x00000000 f31:0x80000000 f26=0x80000000
     411545.000 ns	     41153	80008830	00c03433	sltu	x8,x0,x12	  x0:0x00000000 x12:0xfffff800  x8=0x00000001
     411565.000 ns	     41155	80008834	d00d4cd3	fcvt.s.w	f25,x26	 x26:0x00000000 f25=0x00000000
     411605.000 ns	     41159	80008838	11b540d3	fmul.s	f1,f10,f27	 f10:0x4f000410 f27:0x4c000000  f1=0x5b800410
     411635.000 ns	     41162	8000883c	a05a1fd3	flt.s	x31,f20,f5	 f20:0x00000000  f5:0x00000000 x31=0x00000000
     411665.000 ns	     41165	80008840	200199d3	fsgnjn.s	f19,f3,f0	  f3:0xbf800000  f0:0x00000000 f19=0xbf800000
     411695.000 ns	     41168	80008844	03b89833	mulh	x16,x17,x27	 x17:0xa202344a x27:0x00000000 x16=0x00000000
     411725.000 ns	     41171	80008848	d01ab2d3	fcvt.s.wu	f5,x21	 x21:0x00000001  f5=0x3f800000
     411765.000 ns	     41175	8000884c	116ff6d3	fmul.s	f13,f31,f22	 f31:0x80000000 f22:0x00000000 f13=0x80000000
     411805.000 ns	     41179	80008850	1145f0d3	fmul.s	f1,f11,f20	 f11:0x80000000 f20:0x00000000  f1=0x80000000
     412175.000 ns	     41216	80008854	022a6633	rem	x12,x20,x2	 x20:0xa202344a  x2:0xfffff9c7 x12=0xfffff9ef
     412195.000 ns	     41218	80008858	00f604b3	add	x9,x12,x15	 x12:0xfffff800 x15:0x00000000  x9=0xfffff9ef
     412215.000 ns	     41220	8000885c	a01503d3	fle.s	x7,f10,f1	 f10:0x4f000410  f1:0x80000000  x7=0x00000000
     412245.000 ns	     41223	80008860	03993d33	mulhu	x26,x18,x25	 x18:0x80041024 x25:0xa202344a x26=0x5103ac64
     412275.000 ns	     41226	80008864	a1538fd3	fle.s	x31,f7,f21	  f7:0xff800000 f21:0x3f045ede x31=0x00000001
     412295.000 ns	     41228	80008868	0063cf33	xor	x30,x7,x6	  x7:0x00000000  x6:0x00000001 x30=0x00000001
     412305.000 ns	     41229	8000886c	01467e33	and	x28,x12,x20	 x12:0xfffff9ef x20:0xa202344a x28=0xa202304a
     412325.000 ns	     41231	80008870	a1910f53	fle.s	x30,f2,f25	  f2:0x80000000 f25:0x00000000 x30=0x00000001
     412355.000 ns	     41234	80008874	c0070053	fcvt.w.s	x0,f14	 f14:0xbf800000
     412375.000 ns	     41236	80008878	00722133	slt	x2,x4,x7	  x4:0x00000010  x7:0x00000000  x2=0x00000000
     412395.000 ns	     41238	8000887c	024092b3	mulh	x5,x1,x4	  x1:0x00000000  x4:0x00000010  x5=0x00000000
     412765.000 ns	     41275	80008880	03a070b3	remu	x1,x0,x26	  x0:0x00000000 x26:0x5103ac64  x1=0x00000000
     413135.000 ns	     41312	80008884	039272b3	remu	x5,x4,x25	  x4:0x00000010 x25:0xa202344a  x5=0x00000010
     413155.000 ns	     41314	80008888	00c7d893	srli	x17,x15,0xc	 x15:0x00000000 x17=0x00000000
     413165.000 ns	     41315	8000888c	c48a6f13	ori	x30,x20,-952	 x20:0xa202344a x30=0xfffffc4a
     413175.000 ns	     41316	80008890	40dad893	srai	x17,x21,0xd	 x21:0x00000001 x17=0x00000000
     413185.000 ns	     41317	80008894	4195d413	srai	x8,x11,0x19	 x11:0x00000001  x8=0x00000000
     413195.000 ns	     41318	80008898	35943793	sltiu	x15,x8,857	  x8:0x00000001 x15=0x00000001
     413215.000 ns	     41320	8000889c	e00c0653	fmv.x.w	x12,f24	 f24:0x45350482 x12=0x45350482
     413235.000 ns	     41322	800088a0	cce78437	lui	x8,0xcce78	  x8=0xcce78000
     413245.000 ns	     41323	800088a4	408b5b13	srai	x22,x22,0x8	 x22:0x00000000 x22=0x00000000
     413265.000 ns	     41325	800088a8	03625333	divu	x6,x4,x22	  x4:0x00000010 x22:0x00000000  x6=0xffffffff
     413295.000 ns	     41328	800088ac	a06b1ed3	flt.s	x29,f22,f6	 f22:0x00000000  f6:0x00000000 x29=0x00000000
     413315.000 ns	     41330	800088b0	006ad993	srli	x19,x21,0x6	 x21:0x00000001 x19=0x00000000
     413335.000 ns	     41332	800088b4	217b9ed3	fsgnjn.s	f29,f23,f23	 f23:0x00000000 f23:0x00000000 f29=0x80000000
     413365.000 ns	     41335	800088b8	f00e84d3	fmv.w.x	f9,x29	 x29:0x00000000  f9=0x00000000
     413395.000 ns	     41338	800088bc	290516d3	fmax.s	f13,f10,f16	 f10:0x4f000410 f16:0x00040e3b f13=0x4f000410
     413415.000 ns	     41340	800088c0	01a30ab3	add	x21,x6,x26	  x6:0xffffffff x26:0x5103ac64 x21=0x5103ac63
     413425.000 ns	     41341	800088c4	f6ee4b13	xori	x22,x28,-146	 x28:0xa202304a x22=0x5dfdcf24
     413435.000 ns	     41342	800088c8	07637d13	andi	x26,x6,118	  x6:0xffffffff x26=0x00000076
     413795.000 ns	     41378	800088cc	0230f6b3	remu	x13,x1,x3	  x1:0x00000000  x3:0xca918000 x13=0x00000000
     413825.000 ns	     41381	800088d0	28cb8fd3	fmin.s	f31,f23,f12	 f23:0x00000000 f12:0x00000000 f31=0x00000000
     413845.000 ns	     41383	800088d4	003533b3	sltu	x7,x10,x3	 x10:0x80040fe4  x3:0xca918000  x7=0x00000001
     413865.000 ns	     41385	800088d8	214c07d3	fsgnj.s	f15,f24,f20	 f24:0x45350482 f20:0x00000000 f15=0x45350482
     413885.000 ns	     41387	800088dc	40bcd7b3	sra	x15,x25,x11	 x25:0xa202344a x11:0x00000001 x15=0xd1011a25
     413905.000 ns	     41389	800088e0	209e8e53	fsgnj.s	f28,f29,f9	 f29:0x80000000  f9:0x00000000 f28=0x00000000
     413925.000 ns	     41391	800088e4	000554b3	srl	x9,x10,x0	 x10:0x80040fe4  x0:0x00000000  x9=0x80040fe4
     413935.000 ns	     41392	800088e8	0199dc93	srli	x25,x19,0x19	 x19:0x00000000 x25=0x00000000
     413945.000 ns	     41393	800088ec	b2489817	auipc	x16,0xb2489	 x16=0x324918ec
     413965.000 ns	     41395	800088f0	c0077c53	fcvt.w.s	x24,f14	 f14:0xbf800000 x24=0x00000001
     413995.000 ns	     41398	800088f4	28b81353	fmax.s	f6,f16,f11	 f16:0x00040e3b f11:0x80000000  f6=0x00040e3b
     414025.000 ns	     41401	800088f8	29fb1dd3	fmax.s	f27,f22,f31	 f22:0x00000000 f31:0x00000000 f27=0x00000000
     415205.000 ns	     41519	800088fc	58053f53	fsqrt.s	f30,f10	 f10:0x4f000410 f30=0x46b50a40
     415235.000 ns	     41522	80008900	f0070cd3	fmv.w.x	f25,x14	 x14:0x00000000 f25=0x00000000
     415265.000 ns	     41525	80008904	03108733	mul	x14,x1,x17	  x1:0x00000000 x17:0x00000000 x14=0x00000000
     415635.000 ns	     41562	80008908	03f7cd33	div	x26,x15,x31	 x15:0xd1011a25 x31:0x00000001 x26=0xd1011a25
     415665.000 ns	     41565	8000890c	a1749853	flt.s	x16,f9,f23	  f9:0x00000000 f23:0x00000000 x16=0x00000000
     416035.000 ns	     41602	80008910	03e17433	remu	x8,x2,x30	  x2:0x00000000 x30:0xfffffc4a  x8=0x00000000
     416055.000 ns	     41604	80008914	000cdc13	srli	x24,x25,0x0	 x25:0x00000000 x24=0x00000000
     416065.000 ns	     41605	80008918	16d46593	ori	x11,x8,365	  x8:0x00000000 x11=0x0000016d
     416085.000 ns	     41607	8000891c	e0040e53	fmv.x.w	x28,f8	  f8:0x4c000000 x28=0x4c000000
     416105.000 ns	     41609	80008920	000662b3	or	x5,x12,x0	 x12:0x45350482  x0:0x00000000  x5=0x45350482
     416115.000 ns	     41610	80008924	a3772313	slti	x6,x14,-1481	 x14:0x00000000  x6=0x00000000
     416135.000 ns	     41612	80008928	0309f9b3	remu	x19,x19,x16	 x19:0x00000000 x16:0x00000000 x19=0x00000000
     416165.000 ns	     41615	8000892c	21a58e53	fsgnj.s	f28,f11,f26	 f11:0x80000000 f26:0x80000000 f28=0x80000000
     416185.000 ns	     41617	80008930	0158a833	slt	x16,x17,x21	 x17:0x00000000 x21:0x5103ac63 x16=0x00000001
     416205.000 ns	     41619	80008934	039befb3	rem	x31,x23,x25	 x23:0x00000001 x25:0x00000000 x31=0x00000001
     416225.000 ns	     41621	80008938	41d2dd33	sra	x26,x5,x29	  x5:0x45350482 x29:0x00000000 x26=0x45350482
     416235.000 ns	     41622	8000893c	00f8eeb3	or	x29,x17,x15	 x17:0x00000000 x15:0xd1011a25 x29=0xd1011a25
     416245.000 ns	     41623	80008940	bbd42193	slti	x3,x8,-1091	  x8:0x00000000  x3=0x00000000
     416255.000 ns	     41624	80008944	012cbb33	sltu	x22,x25,x18	 x25:0x00000000 x18:0x80041024 x22=0x00000001
     416285.000 ns	     41627	80008948	10038453	fmul.s	f8,f7,f0	  f7:0xff800000  f0:0x00000000  f8=0x7fc00000
     416315.000 ns	     41630	8000894c	d012a6d3	fcvt.s.wu	f13,x5	  x5:0x45350482 f13=0x4e8a6a0a
     416335.000 ns	     41632	80008950	e1c2f193	andi	x3,x5,-484	  x5:0x45350482  x3=0x45350400
     416345.000 ns	     41633	80008954	012d4ab3	xor	x21,x26,x18	 x26:0x45350482 x18:0x80041024 x21=0xc53114a6
     416385.000 ns	     41637	80008958	09b7b953	fsub.s	f18,f15,f27	 f15:0x45350482 f27:0x00000000 f18=0x45350482
     416405.000 ns	     41639	8000895c	00ac2333	slt	x6,x24,x10	 x24:0x00000000 x10:0x80040fe4  x6=0x00000000
     416425.000 ns	     41641	80008960	20192353	fsgnjx.s	f6,f18,f1	 f18:0x45350482  f1:0x80000000  f6=0xc5350482
     416445.000 ns	     41643	80008964	40aaddb3	sra	x27,x21,x10	 x21:0xc53114a6 x10:0x80040fe4 x27=0xfc53114a
     416455.000 ns	     41644	80008968	ec186793	ori	x15,x16,-319	 x16:0x00000001 x15=0xfffffec1
     416475.000 ns	     41646	8000896c	03539733	mulh	x14,x7,x21	  x7:0x00000001 x21:0xc53114a6 x14=0xffffffff
     416505.000 ns	     41649	80008970	a0bdadd3	feq.s	x27,f27,f11	 f27:0x00000000 f11:0x80000000 x27=0x00000001
     416525.000 ns	     41651	80008974	67e4bc13	sltiu	x24,x9,1662	  x9:0x80040fe4 x24=0x00000000
     416535.000 ns	     41652	80008978	010a3233	sltu	x4,x20,x16	 x20:0xa202344a x16:0x00000001  x4=0x00000000
     416555.000 ns	     41654	8000897c	f00f00d3	fmv.w.x	f1,x30	 x30:0xfffffc4a  f1=0xfffffc4a
     416585.000 ns	     41657	80008980	0356bbb3	mulhu	x23,x13,x21	 x13:0x00000000 x21:0xc53114a6 x23=0x00000000
     416605.000 ns	     41659	80008984	408a55b3	sra	x11,x20,x8	 x20:0xa202344a  x8:0x00000000 x11=0xa202344a
     416625.000 ns	     41661	80008988	025718b3	mulh	x17,x14,x5	 x14:0xffffffff  x5:0x45350482 x17=0xffffffff
     416645.000 ns	     41663	8000898c	00f98633	add	x12,x19,x15	 x19:0x00000000 x15:0xfffffec1 x12=0xfffffec1
     416665.000 ns	     41665	80008990	c01073d3	fcvt.wu.s	x7,f0	  f0:0x00000000  x7=0x00000000
     416695.000 ns	     41668	80008994	28c01b53	fmax.s	f22,f0,f12	  f0:0x00000000 f12:0x00000000 f22=0x00000000
     416715.000 ns	     41670	80008998	4b847893	andi	x17,x8,1208	  x8:0x00000000 x17=0x00000000
     417075.000 ns	     41706	8000899c	03c94bb3	div	x23,x18,x28	 x18:0x80041024 x28:0x4c000000 x23=0xffffffff
     417105.000 ns	     41709	800089a0	02af9733	mulh	x14,x31,x10	 x31:0x00000001 x10:0x80040fe4 x14=0xffffffff
     417135.000 ns	     41712	800089a4	e00d8753	fmv.x.w	x14,f27	 f27:0x00000000 x14=0x00000000
     417505.000 ns	     41749	800089a8	037140b3	div	x1,x2,x23	  x2:0x00000000 x23:0xffffffff  x1=0x00000000
     417535.000 ns	     41752	800089ac	02ca0cb3	mul	x25,x20,x12	 x20:0xa202344a x12:0xfffffec1 x25=0x1f40d7ca
     417565.000 ns	     41755	800089b0	e00299d3	fclass.s	x19,f5	  f5:0x3f800000 x19=0x00000040
     417585.000 ns	     41757	800089b4	003b5c13	srli	x24,x22,0x3	 x22:0x00000001 x24=0x00000000
     417595.000 ns	     41758	800089b8	01ae7cb3	and	x25,x28,x26	 x28:0x4c000000 x26:0x45350482 x25=0x44000000
     417635.000 ns	     41762	800089bc	01c72053	fadd.s	f0,f14,f28	 f14:0xbf800000 f28:0x80000000  f0=0xbf800000
     417655.000 ns	     41764	800089c0	415dd633	sra	x12,x27,x21	 x27:0x00000001 x21:0xc53114a6 x12=0x00000000
     417675.000 ns	     41766	800089c4	21d10e53	fsgnj.s	f28,f2,f29	  f2:0x80000000 f29:0x80000000 f28=0x80000000
     417695.000 ns	     41768	800089c8	01d7c233	xor	x4,x15,x29	 x15:0xfffffec1 x29:0xd1011a25  x4=0x2efee4e4
     417705.000 ns	     41769	800089cc	d9e7d897	auipc	x17,0xd9e7d	 x17=0x59e859cc
     417715.000 ns	     41770	800089d0	41e3deb3	sra	x29,x7,x30	  x7:0x00000000 x30:0xfffffc4a x29=0x00000000
     417725.000 ns	     41771	800089d4	13c20713	addi	x14,x4,316	  x4:0x2efee4e4 x14=0x2efee620
     417745.000 ns	     41773	800089d8	020463b3	rem	x7,x8,x0	  x8:0x00000000  x0:0x00000000  x7=0x00000000
     417765.000 ns	     41775	800089dc	a6108313	addi	x6,x1,-1439	  x1:0x00000000  x6=0xfffffa61
     417785.000 ns	     41777	800089e0	a0e9a853	feq.s	x16,f19,f14	 f19:0xbf800000 f14:0xbf800000 x16=0x00000001
     417805.000 ns	     41779	800089e4	415b5133	sra	x2,x22,x21	 x22:0x00000001 x21:0xc53114a6  x2=0x00000000
     417825.000 ns	     41781	800089e8	20a221d3	fsgnjx.s	f3,f4,f10	  f4:0x00000000 f10:0x4f000410  f3=0x00000000
     417855.000 ns	     41784	800089ec	29669d53	fmax.s	f26,f13,f22	 f13:0x4e8a6a0a f22:0x00000000 f26=0x4e8a6a0a
     417885.000 ns	     41787	800089f0	a1208653	fle.s	x12,f1,f18	  f1:0xfffffc4a f18:0x45350482 x12=0x00000000
     417905.000 ns	     41789	800089f4	00c607b3	add	x15,x12,x12	 x12:0x00000000 x12:0x00000000 x15=0x00000000
     417935.000 ns	     41792	800089f8	10287f53	fmul.s	f30,f16,f2	 f16:0x00040e3b  f2:0x80000000 f30=0x80000000
     417955.000 ns	     41794	800089fc	28d1a813	slti	x16,x3,653	  x3:0x45350400 x16=0x00000000
     418315.000 ns	     41830	80008a00	03fc5cb3	divu	x25,x24,x31	 x24:0x00000000 x31:0x00000001 x25=0x00000000
     418345.000 ns	     41833	80008a04	033320b3	mulhsu	x1,x6,x19	  x6:0xfffffa61 x19:0x00000040  x1=0xffffffff
     418385.000 ns	     41837	80008a08	580e7253	fsqrt.s	f4,f28	 f28:0x80000000  f4=0x80000000
     418415.000 ns	     41840	80008a0c	2173a153	fsgnjx.s	f2,f7,f23	  f7:0xff800000 f23:0x00000000  f2=0xff800000
     418445.000 ns	     41843	80008a10	03dcef33	rem	x30,x25,x29	 x25:0x00000000 x29:0x00000000 x30=0x00000000
     418465.000 ns	     41845	80008a14	2466c613	xori	x12,x13,582	 x13:0x00000000 x12=0x00000246
     418475.000 ns	     41846	80008a18	407105b3	sub	x11,x2,x7	  x2:0x00000000  x7:0x00000000 x11=0x00000000
     418495.000 ns	     41848	80008a1c	293c8dd3	fmin.s	f27,f25,f19	 f25:0x00000000 f19:0xbf800000 f27=0xbf800000
     418515.000 ns	     41850	80008a20	01c7d013	srli	x0,x15,0x1c	 x15:0x00000000
     418535.000 ns	     41852	80008a24	28659253	fmax.s	f4,f11,f6	 f11:0x80000000  f6:0xc5350482  f4=0x80000000
     418565.000 ns	     41855	80008a28	02ba6d33	rem	x26,x20,x11	 x20:0xa202344a x11:0x00000000 x26=0xa202344a
     418585.000 ns	     41857	80008a2c	01d522b3	slt	x5,x10,x29	 x10:0x80040fe4 x29:0x00000000  x5=0x00000001
     418605.000 ns	     41859	80008a30	21df8853	fsgnj.s	f16,f31,f29	 f31:0x00000000 f29:0x80000000 f16=0x80000000
     418635.000 ns	     41862	80008a34	f00a0e53	fmv.w.x	f28,x20	 x20:0xa202344a f28=0xa202344a
     418655.000 ns	     41864	80008a38	2d542d93	slti	x27,x8,725	  x8:0x00000000 x27=0x00000001
     418675.000 ns	     41866	80008a3c	d00312d3	fcvt.s.w	f5,x6	  x6:0xfffffa61  f5=0xc4b3e000
     418695.000 ns	     41868	80008a40	00cfc433	xor	x8,x31,x12	 x31:0x00000001 x12:0x00000246  x8=0x00000247
     418715.000 ns	     41870	80008a44	f00f8f53	fmv.w.x	f30,x31	 x31:0x00000001 f30=0x00000001
     418735.000 ns	     41872	80008a48	3d51f093	andi	x1,x3,981	  x3:0x45350400  x1=0x00000000
     418745.000 ns	     41873	80008a4c	a40bcc93	xori	x25,x23,-1472	 x23:0xffffffff x25=0x000005bf
     418785.000 ns	     41877	80008a50	01567753	fadd.s	f14,f12,f21	 f12:0x00000000 f21:0x3f045ede f14=0x3f045ede
     418815.000 ns	     41880	80008a54	298a0fd3	fmin.s	f31,f20,f24	 f20:0x00000000 f24:0x45350482 f31=0x00000000
     418845.000 ns	     41883	80008a58	298d0cd3	fmin.s	f25,f26,f24	 f26:0x4e8a6a0a f24:0x45350482 f25=0x45350482
     418875.000 ns	     41886	80008a5c	f00f80d3	fmv.w.x	f1,x31	 x31:0x00000001  f1=0x00000001
     418905.000 ns	     41889	80008a60	a0d924d3	feq.s	x9,f18,f13	 f18:0x45350482 f13:0x4e8a6a0a  x9=0x00000000
     418925.000 ns	     41891	80008a64	00000013	addi	x0,x0,0	  x0:0x00000000
     418945.000 ns	     41893	80008a68	20f01653	fsgnjn.s	f12,f0,f15	  f0:0xbf800000 f15:0x45350482 f12=0xbf800000
     419285.000 ns	     41927	80008a6c	193affd3	fdiv.s	f31,f21,f19	 f21:0x3f045ede f19:0xbf800000 f31=0xbe88e3f0
     419325.000 ns	     41931	80008a70	1187a9d3	fmul.s	f19,f15,f24	 f15:0x45350482 f24:0x45350482 f19=0x4afffebf
     419345.000 ns	     41933	80008a74	ebb67593	andi	x11,x12,-325	 x12:0x00000246 x11=0x00000202
     419355.000 ns	     41934	80008a78	0093db93	srli	x23,x7,0x9	  x7:0x00000000 x23=0x00000000
     419375.000 ns	     41936	80008a7c	211f8453	fsgnj.s	f8,f31,f17	 f31:0xbe88e3f0 f17:0x00000000  f8=0x3e88e3f0
     419395.000 ns	     41938	80008a80	00a15993	srli	x19,x2,0xa	  x2:0x00000000 x19=0x00000000
     419415.000 ns	     41940	80008a84	033a3b33	mulhu	x22,x20,x19	 x20:0xa202344a x19:0x00000040 x22=0x00000000
     419445.000 ns	     41943	80008a88	031b1ab3	mulh	x21,x22,x17	 x22:0x00000001 x17:0x59e859cc x21=0x00000000
     419475.000 ns	     41946	80008a8c	f0038653	fmv.w.x	f12,x7	  x7:0x00000000 f12=0x00000000
     419495.000 ns	     41948	80008a90	0167ae33	slt	x28,x15,x22	 x15:0x00000000 x22:0x00000000 x28=0x00000000
     419515.000 ns	     41950	80008a94	0277d5b3	divu	x11,x15,x7	 x15:0x00000000  x7:0x00000000 x11=0xffffffff
     419535.000 ns	     41952	80008a98	0133d593	srli	x11,x7,0x13	  x7:0x00000000 x11=0x00000000
     419555.000 ns	     41954	80008a9c	21b10fd3	fsgnj.s	f31,f2,f27	  f2:0xff800000 f27:0xbf800000 f31=0xff800000
     419585.000 ns	     41957	80008aa0	022b53b3	divu	x7,x22,x2	 x22:0x00000000  x2:0x00000000  x7=0xffffffff
     419605.000 ns	     41959	80008aa4	0023ab33	slt	x22,x7,x2	  x7:0x00000000  x2:0x00000000 x22=0x00000001
     419615.000 ns	     41960	80008aa8	007ae6b3	or	x13,x21,x7	 x21:0x00000000  x7:0xffffffff x13=0xffffffff
     419635.000 ns	     41962	80008aac	02fcd5b3	divu	x11,x25,x15	 x25:0x000005bf x15:0x00000000 x11=0xffffffff
     419665.000 ns	     41965	80008ab0	c016c9d3	fcvt.wu.s	x19,f13	 f13:0x4e8a6a0a x19=0x45350500
     419685.000 ns	     41967	80008ab4	72164597	auipc	x11,0x72164	 x11=0xf216cab4
     419725.000 ns	     41971	80008ab8	01d21ad3	fadd.s	f21,f4,f29	  f4:0x80000000 f29:0x80000000 f21=0x80000000
     419755.000 ns	     41974	80008abc	e00a1853	fclass.s	x16,f20	 f20:0x00000000 x16=0x00000010
     419775.000 ns	     41976	80008ac0	0005ff33	and	x30,x11,x0	 x11:0xf216cab4  x0:0x00000000 x30=0x00000000
     419795.000 ns	     41978	80008ac4	02fac9b3	div	x19,x21,x15	 x21:0x00000000 x15:0x00000000 x19=0xffffffff
     419815.000 ns	     41980	80008ac8	012ea833	slt	x16,x29,x18	 x29:0x00000000 x18:0x80041024 x16=0x00000000
     419855.000 ns	     41984	80008acc	00177453	fadd.s	f8,f14,f1	 f14:0x3f045ede  f1:0x00000001  f8=0x3f045ede
     419885.000 ns	     41987	80008ad0	f00901d3	fmv.w.x	f3,x18	 x18:0x80041024  f3=0x80041024
     419925.000 ns	     41991	80008ad4	197e8b53	fdiv.s	f22,f29,f23	 f29:0x80000000 f23:0x00000000 f22=0x7fc00000
     419945.000 ns	     41993	80008ad8	95cdc0b7	lui	x1,0x95cdc	  x1=0x95cdc000
     419965.000 ns	     41995	80008adc	29199053	fmax.s	f0,f19,f17	 f19:0x4afffebf f17:0x00000000  f0=0x4afffebf
     419985.000 ns	     41997	80008ae0	00a047b3	xor	x15,x0,x10	  x0:0x00000000 x10:0x80040fe4 x15=0x80040fe4
     420015.000 ns	     42000	80008ae4	116b2fd3	fmul.s	f31,f22,f22	 f22:0x7fc00000 f22:0x7fc00000 f31=0x7fc00000
     420045.000 ns	     42003	80008ae8	03403733	mulhu	x14,x0,x20	  x0:0x00000000 x20:0xa202344a x14=0x00000000
     420065.000 ns	     42005	80008aec	a64df013	andi	x0,x27,-1436	 x27:0x00000001
     420085.000 ns	     42007	80008af0	f00a8fd3	fmv.w.x	f31,x21	 x21:0x00000000 f31=0x00000000
     420115.000 ns	     42010	80008af4	295710d3	fmax.s	f1,f14,f21	 f14:0x3f045ede f21:0x80000000  f1=0x3f045ede
     420145.000 ns	     42013	80008af8	20da9953	fsgnjn.s	f18,f21,f13	 f21:0x80000000 f13:0x4e8a6a0a f18=0x80000000
     420515.000 ns	     42050	80008afc	02cef333	remu	x6,x29,x12	 x29:0x00000000 x12:0x00000246  x6=0x00000000
     420535.000 ns	     42052	80008b00	40ab8fb3	sub	x31,x23,x10	 x23:0x00000000 x10:0x80040fe4 x31=0x7ffbf01c
     420545.000 ns	     42053	80008b04	5f44d397	auipc	x7,0x5f44d	  x7=0xdf455b04
     420555.000 ns	     42054	80008b08	41555d33	sra	x26,x10,x21	 x10:0x80040fe4 x21:0x00000000 x26=0x80040fe4
     420575.000 ns	     42056	80008b0c	29b304d3	fmin.s	f9,f6,f27	  f6:0xc5350482 f27:0xbf800000  f9=0xc5350482
     420605.000 ns	     42059	80008b10	29bc8353	fmin.s	f6,f25,f27	 f25:0x45350482 f27:0xbf800000  f6=0xbf800000
     420635.000 ns	     42062	80008b14	c0077e53	fcvt.w.s	x28,f14	 f14:0x3f045ede x28=0x00000000
     420655.000 ns	     42064	80008b18	c2b85d17	auipc	x26,0xc2b85	 x26=0x42b8db18
     420665.000 ns	     42065	80008b1c	00c4a6b3	slt	x13,x9,x12	  x9:0x00000000 x12:0x00000246 x13=0x00000001
     420675.000 ns	     42066	80008b20	db3b7693	andi	x13,x22,-589	 x22:0x00000001 x13=0x00000001
     420685.000 ns	     42067	80008b24	0bb6e793	ori	x15,x13,187	 x13:0xffffffff x15=0x000000bb
     420705.000 ns	     42069	80008b28	03736833	rem	x16,x6,x23	  x6:0x00000000 x23:0x00000000 x16=0x00000000
     420735.000 ns	     42072	80008b2c	e00602d3	fmv.x.w	x5,f12	 f12:0x00000000  x5=0x00000000
     420755.000 ns	     42074	80008b30	59224113	xori	x2,x4,1426	  x4:0x2efee4e4  x2=0x2efee176
     420765.000 ns	     42075	80008b34	01479133	sll	x2,x15,x20	 x15:0x000000bb x20:0xa202344a  x2=0x0002ec00
     420785.000 ns	     42077	80008b38	20c621d3	fsgnjx.s	f3,f12,f12	 f12:0x00000000 f12:0x00000000  f3=0x00000000
     421155.000 ns	     42114	80008b3c	02d1e6b3	rem	x13,x3,x13	  x3:0x45350400 x13:0x00000001 x13=0x00000000
     421185.000 ns	     42117	80008b40	e00609d3	fmv.x.w	x19,f12	 f12:0x00000000 x19=0x00000000
     421215.000 ns	     42120	80008b44	29659053	fmax.s	f0,f11,f22	 f11:0x80000000 f22:0x7fc00000  f0=0x80000000
     421265.000 ns	     42125	80008b48	0045fad3	fadd.s	f21,f11,f4	 f11:0x80000000  f4:0x80000000 f21=0x80000000
     421295.000 ns	     42128	80008b4c	a0989053	flt.s	x0,f17,f9	 f17:0x00000000  f9:0xc5350482
     421315.000 ns	     42130	80008b50	00293833	sltu	x16,x18,x2	 x18:0x80041024  x2:0x0002ec00 x16=0x00000000
     421675.000 ns	     42166	80008b54	022fffb3	remu	x31,x31,x2	 x31:0x7ffbf01c  x2:0x0002ec00 x31=0x0000f41c
     421695.000 ns	     42168	80008b58	01c81b93	slli	x23,x16,0x1c	 x16:0x00000000 x23=0x00000000
     421705.000 ns	     42169	80008b5c	445c88b7	lui	x17,0x445c8	 x17=0x445c8000
     421725.000 ns	     42171	80008b60	d0037653	fcvt.s.w	f12,x6	  x6:0x00000000 f12=0x00000000
     421745.000 ns	     42173	80008b64	0585c237	lui	x4,0x585c	  x4=0x0585c000
     421755.000 ns	     42174	80008b68	40fcdb33	sra	x22,x25,x15	 x25:0x000005bf x15:0x000000bb x22=0x00000000
     421775.000 ns	     42176	80008b6c	29359653	fmax.s	f12,f11,f19	 f11:0x80000000 f19:0x4afffebf f12=0x4afffebf
     421805.000 ns	     42179	80008b70	21da95d3	fsgnjn.s	f11,f21,f29	 f21:0x80000000 f29:0x80000000 f11=0x00000000
     421825.000 ns	     42181	80008b74	00000013	addi	x0,x0,0	  x0:0x00000000
     421845.000 ns	     42183	80008b78	e00d9ed3	fclass.s	x29,f27	 f27:0xbf800000 x29=0x00000002
     421875.000 ns	     42186	80008b7c	f00106d3	fmv.w.x	f13,x2	  x2:0x0002ec00 f13=0x0002ec00
     421905.000 ns	     42189	80008b80	d0097253	fcvt.s.w	f4,x18	 x18:0x80041024  f4=0xcefff7df
     423085.000 ns	     42307	80008b84	5809b253	fsqrt.s	f4,f19	 f19:0x4afffebf  f4=0x4535043b
     423105.000 ns	     42309	80008b88	bc7ff793	andi	x15,x31,-1081	 x31:0x0000f41c x15=0x0000f004
     423465.000 ns	     42345	80008b8c	02ba51b3	divu	x3,x20,x11	 x20:0xa202344a x11:0xf216cab4  x3=0x00000000
     423485.000 ns	     42347	80008b90	1cfaac93	slti	x25,x21,463	 x21:0x00000000 x25=0x00000001
     423515.000 ns	     42350	80008b94	5802fb53	fsqrt.s	f22,f5	  f5:0xc4b3e000 f22=0x7fc00000
     423545.000 ns	     42353	80008b98	025475b3	remu	x11,x8,x5	  x8:0x00000247  x5:0x00000000 x11=0x00000247
     423565.000 ns	     42355	80008b9c	0089cd33	xor	x26,x19,x8	 x19:0x00000000  x8:0x00000247 x26=0x00000247
     423575.000 ns	     42356	80008ba0	01746333	or	x6,x8,x23	  x8:0x00000247 x23:0x00000000  x6=0x00000247
     423585.000 ns	     42357	80008ba4	66157113	andi	x2,x10,1633	 x10:0x80040fe4  x2=0x00000660
     423595.000 ns	     42358	80008ba8	01b245b3	xor	x11,x4,x27	  x4:0x0585c000 x27:0x00000001 x11=0x0585c001
     423605.000 ns	     42359	80008bac	41a680b3	sub	x1,x13,x26	 x13:0x00000000 x26:0x00000247  x1=0xfffffdb9
     423625.000 ns	     42361	80008bb0	03e10fb3	mul	x31,x2,x30	  x2:0x00000660 x30:0x00000000 x31=0x00000000
     423645.000 ns	     42363	80008bb4	4129d233	sra	x4,x19,x18	 x19:0x00000000 x18:0x80041024  x4=0x00000000
     423655.000 ns	     42364	80008bb8	2cd9e113	ori	x2,x19,717	 x19:0x00000000  x2=0x000002cd
     423675.000 ns	     42366	80008bbc	02d3c4b3	div	x9,x7,x13	  x7:0xdf455b04 x13:0x00000000  x9=0xffffffff
     423695.000 ns	     42368	80008bc0	79dbebb7	lui	x23,0x79dbe	 x23=0x79dbe000
     423705.000 ns	     42369	80008bc4	00b8dd33	srl	x26,x17,x11	 x17:0x445c8000 x11:0x0585c001 x26=0x222e4000
     423715.000 ns	     42370	80008bc8	00000013	addi	x0,x0,0	  x0:0x00000000
     423725.000 ns	     42371	80008bcc	3f962e17	auipc	x28,0x3f962	 x28=0xbf96abcc
     423735.000 ns	     42372	80008bd0	01403033	sltu	x0,x0,x20	  x0:0x00000000 x20:0xa202344a
     423755.000 ns	     42374	80008bd4	20c02653	fsgnjx.s	f12,f0,f12	  f0:0x80000000 f12:0x4afffebf f12=0x80000000
     423775.000 ns	     42376	80008bd8	015a5833	srl	x16,x20,x21	 x20:0xa202344a x21:0x00000000 x16=0xa202344a
     423795.000 ns	     42378	80008bdc	28bf1653	fmax.s	f12,f30,f11	 f30:0x00000001 f11:0x00000000 f12=0x00000001
     423825.000 ns	     42381	80008be0	a1892c53	feq.s	x24,f18,f24	 f18:0x80000000 f24:0x45350482 x24=0x00000000
     423855.000 ns	     42384	80008be4	03851633	mulh	x12,x10,x24	 x10:0x80040fe4 x24:0x00000000 x12=0x00000000
     423885.000 ns	     42387	80008be8	d0117253	fcvt.s.wu	f4,x2	  x2:0x000002cd  f4=0x44334000
     423915.000 ns	     42390	80008bec	a1d20c53	fle.s	x24,f4,f29	  f4:0x4535043b f29:0x80000000 x24=0x00000000
     423935.000 ns	     42392	80008bf0	1ca9dc37	lui	x24,0x1ca9d	 x24=0x1ca9d000
     423945.000 ns	     42393	80008bf4	20996813	ori	x16,x18,521	 x18:0x80041024 x16=0x8004122d
     423955.000 ns	     42394	80008bf8	410055b3	sra	x11,x0,x16	  x0:0x00000000 x16:0xa202344a x11=0x00000000
     423965.000 ns	     42395	80008bfc	00c8e3b3	or	x7,x17,x12	 x17:0x445c8000 x12:0x00000000  x7=0x445c8000
     423985.000 ns	     42397	80008c00	f0088e53	fmv.w.x	f28,x17	 x17:0x445c8000 f28=0x445c8000
     424005.000 ns	     42399	80008c04	9efbf293	andi	x5,x23,-1553	 x23:0x79dbe000  x5=0x79dbe000
     424025.000 ns	     42401	80008c08	a0b908d3	fle.s	x17,f18,f11	 f18:0x80000000 f11:0x00000000 x17=0x00000001
     424045.000 ns	     42403	80008c0c	c93a6893	ori	x17,x20,-877	 x20:0xa202344a x17=0xfffffcdb
     424055.000 ns	     42404	80008c10	01839713	slli	x14,x7,0x18	  x7:0x445c8000 x14=0x00000000
     424075.000 ns	     42406	80008c14	a12423d3	feq.s	x7,f8,f18	  f8:0x3f045ede f18:0x80000000  x7=0x00000000
     424105.000 ns	     42409	80008c18	c0151fd3	fcvt.wu.s	x31,f10	 f10:0x4f000410 x31=0x80041000
     424125.000 ns	     42411	80008c1c	007080b3	add	x1,x1,x7	  x1:0xfffffdb9  x7:0x00000000  x1=0xfffffdb9
     424145.000 ns	     42413	80008c20	f0068353	fmv.w.x	f6,x13	 x13:0x00000000  f6=0x00000000
     424175.000 ns	     42416	80008c24	02b67133	remu	x2,x12,x11	 x12:0x00000000 x11:0x00000000  x2=0x00000000
     424205.000 ns	     42419	80008c28	29110bd3	fmin.s	f23,f2,f17	  f2:0xff800000 f17:0x00000000 f23=0xff800000
     424575.000 ns	     42456	80008c2c	0391f3b3	remu	x7,x3,x25	  x3:0x00000000 x25:0x00000001  x7=0x00000000
     424595.000 ns	     42458	80008c30	011210b3	sll	x1,x4,x17	  x4:0x00000000 x17:0xfffffcdb  x1=0x00000000
     424615.000 ns	     42460	80008c34	a0af1f53	flt.s	x30,f30,f10	 f30:0x00000001 f10:0x4f000410 x30=0x00000001
     424635.000 ns	     42462	80008c38	bad86993	ori	x19,x16,-1107	 x16:0x8004122d x19=0xfffffbad
     424655.000 ns	     42464	80008c3c	03259c33	mulh	x24,x11,x18	 x11:0x00000000 x18:0x80041024 x24=0x00000000
     424685.000 ns	     42467	80008c40	f00b0553	fmv.w.x	f10,x22	 x22:0x00000000 f10=0x00000000
     424715.000 ns	     42470	80008c44	a1c404d3	fle.s	x9,f8,f28	  f8:0x3f045ede f28:0x445c8000  x9=0x00000001
     424735.000 ns	     42472	80008c48	0160fbb3	and	x23,x1,x22	  x1:0x00000000 x22:0x00000000 x23=0x00000000
     424745.000 ns	     42473	80008c4c	013c5b93	srli	x23,x24,0x13	 x24:0x00000000 x23=0x00000000
     424765.000 ns	     42475	80008c50	d00634d3	fcvt.s.w	f9,x12	 x12:0x00000000  f9=0x00000000
     424785.000 ns	     42477	80008c54	00bf8fb3	add	x31,x31,x11	 x31:0x80041000 x11:0x00000000 x31=0x80041000
     424805.000 ns	     42479	80008c58	20bfa5d3	fsgnjx.s	f11,f31,f11	 f31:0x00000000 f11:0x00000000 f11=0x00000000
     424825.000 ns	     42481	80008c5c	004af733	and	x14,x21,x4	 x21:0x00000000  x4:0x00000000 x14=0x00000000
     424835.000 ns	     42482	80008c60	01bdae33	slt	x28,x27,x27	 x27:0x00000001 x27:0x00000001 x28=0x00000000
     424845.000 ns	     42483	80008c64	e4cae593	ori	x11,x21,-436	 x21:0x00000000 x11=0xfffffe4c
     424855.000 ns	     42484	80008c68	01156f33	or	x30,x10,x17	 x10:0x80040fe4 x17:0xfffffcdb x30=0xffffffff
     424865.000 ns	     42485	80008c6c	00000013	addi	x0,x0,0	  x0:0x00000000
     424885.000 ns	     42487	80008c70	d00cf053	fcvt.s.w	f0,x25	 x25:0x00000001  f0=0x3f800000
     424905.000 ns	     42489	80008c74	e7ed3693	sltiu	x13,x26,-386	 x26:0x222e4000 x13=0x00000001
     424925.000 ns	     42491	80008c78	d01c4053	fcvt.s.wu	f0,x24	 x24:0x00000000  f0=0x00000000
     424955.000 ns	     42494	80008c7c	039a05b3	mul	x11,x20,x25	 x20:0xa202344a x25:0x00000001 x11=0xa202344a
     424975.000 ns	     42496	80008c80	9f937713	andi	x14,x6,-1543	  x6:0x00000247 x14=0x00000041
     424995.000 ns	     42498	80008c84	a0730153	fle.s	x2,f6,f7	  f6:0x00000000  f7:0xff800000  x2=0x00000000
     425025.000 ns	     42501	80008c88	a19a08d3	fle.s	x17,f20,f25	 f20:0x00000000 f25:0x45350482 x17=0x00000001
     425055.000 ns	     42504	80008c8c	021a1d33	mulh	x26,x20,x1	 x20:0xa202344a  x1:0x00000000 x26=0x00000000
     425075.000 ns	     42506	80008c90	017d4333	xor	x6,x26,x23	 x26:0x222e4000 x23:0x00000000  x6=0x00000000
     425085.000 ns	     42507	80008c94	00779e33	sll	x28,x15,x7	 x15:0x0000f004  x7:0x00000000 x28=0x0000f004
     425105.000 ns	     42509	80008c98	02a0a9b3	mulhsu	x19,x1,x10	  x1:0x00000000 x10:0x80040fe4 x19=0x00000000
     425145.000 ns	     42513	80008c9c	1196bfd3	fmul.s	f31,f13,f25	 f13:0x0002ec00 f25:0x45350482 f31=0x03843a4b
     425175.000 ns	     42516	80008ca0	294c9a53	fmax.s	f20,f25,f20	 f25:0x45350482 f20:0x00000000 f20=0x45350482
     425195.000 ns	     42518	80008ca4	1450bf17	auipc	x30,0x1450b	 x30=0x94513ca4
     425205.000 ns	     42519	80008ca8	01a3dc33	srl	x24,x7,x26	  x7:0x00000000 x26:0x00000000 x24=0x00000000
     425215.000 ns	     42520	80008cac	01ce68b3	or	x17,x28,x28	 x28:0x0000f004 x28:0x0000f004 x17=0x0000f004
     425255.000 ns	     42524	80008cb0	0103f7d3	fadd.s	f15,f7,f16	  f7:0xff800000 f16:0x80000000 f15=0xff800000
     425595.000 ns	     42558	80008cb4	19c477d3	fdiv.s	f15,f8,f28	  f8:0x3f045ede f28:0x445c8000 f15=0x3a112190
     425615.000 ns	     42560	80008cb8	00000013	addi	x0,x0,0	  x0:0x00000000
     425625.000 ns	     42561	80008cbc	012bceb3	xor	x29,x23,x18	 x23:0x00000000 x18:0x80041024 x29=0x80041024
     425655.000 ns	     42564	80008cc0	58057653	fsqrt.s	f12,f10	 f10:0x00000000 f12=0x00000000
     425675.000 ns	     42566	80008cc4	878b0213	addi	x4,x22,-1928	 x22:0x00000000  x4=0xfffff878
     425695.000 ns	     42568	80008cc8	211d1c53	fsgnjn.s	f24,f26,f17	 f26:0x4e8a6a0a f17:0x00000000 f24=0xce8a6a0a
     426065.000 ns	     42605	80008ccc	03f0f233	remu	x4,x1,x31	  x1:0x00000000 x31:0x80041000  x4=0x00000000
     426085.000 ns	     42607	80008cd0	004aa0b3	slt	x1,x21,x4	 x21:0x00000000  x4:0xfffff878  x1=0x00000000
     426105.000 ns	     42609	80008cd4	c0180fd3	fcvt.wu.s	x31,f16	 f16:0x80000000 x31=0x00000000
     426135.000 ns	     42612	80008cd8	a1f38253	fle.s	x4,f7,f31	  f7:0xff800000 f31:0x03843a4b  x4=0x00000001
     426165.000 ns	     42615	80008cdc	a13c90d3	flt.s	x1,f25,f19	 f25:0x45350482 f19:0x4afffebf  x1=0x00000001
     426195.000 ns	     42618	80008ce0	a14a1e53	flt.s	x28,f20,f20	 f20:0x45350482 f20:0x45350482 x28=0x00000000
     426215.000 ns	     42620	80008ce4	fa2a1e37	lui	x28,0xfa2a1	 x28=0xfa2a1000
     426225.000 ns	     42621	80008ce8	00128fb3	add	x31,x5,x1	  x5:0x79dbe000  x1:0x00000001 x31=0x79dbe001
     426245.000 ns	     42623	80008cec	c003bed3	fcvt.w.s	x29,f7	  f7:0xff800000 x29=0x80000000
     426275.000 ns	     42626	80008cf0	e00508d3	fmv.x.w	x17,f10	 f10:0x00000000 x17=0x00000000
     426295.000 ns	     42628	80008cf4	00e8d8b3	srl	x17,x17,x14	 x17:0x0000f004 x14:0x00000041 x17=0x00000000
     426315.000 ns	     42630	80008cf8	03753733	mulhu	x14,x10,x23	 x10:0x80040fe4 x23:0x00000000 x14=0x00000000
     426335.000 ns	     42632	80008cfc	01ec1733	sll	x14,x24,x30	 x24:0x00000000 x30:0x94513ca4 x14=0x00000000
     426345.000 ns	     42633	80008d00	418d83b3	sub	x7,x27,x24	 x27:0x00000001 x24:0x00000000  x7=0x00000001
     426365.000 ns	     42635	80008d04	e00b86d3	fmv.x.w	x13,f23	 f23:0xff800000 x13=0xff800000
     426385.000 ns	     42637	80008d08	012548b3	xor	x17,x10,x18	 x10:0x80040fe4 x18:0x80041024 x17=0x00001fc0
     426415.000 ns	     42640	80008d0c	58097bd3	fsqrt.s	f23,f18	 f18:0x80000000 f23=0x80000000
     426435.000 ns	     42642	80008d10	00252cb3	slt	x25,x10,x2	 x10:0x80040fe4  x2:0x00000000 x25=0x00000001
     426445.000 ns	     42643	80008d14	71c9a013	slti	x0,x19,1820	 x19:0x00000000
     426455.000 ns	     42644	80008d18	00e75393	srli	x7,x14,0xe	 x14:0x00000000  x7=0x00000000
     426465.000 ns	     42645	80008d1c	caddc293	xori	x5,x27,-851	 x27:0x00000001  x5=0xfffffcac
     426485.000 ns	     42647	80008d20	f0050553	fmv.w.x	f10,x10	 x10:0x80040fe4 f10=0x80040fe4
     426535.000 ns	     42652	80008d24	082e2c53	fsub.s	f24,f28,f2	 f28:0x445c8000  f2:0xff800000 f24=0x7f800000
     426555.000 ns	     42654	80008d28	00e46f33	or	x30,x8,x14	  x8:0x00000247 x14:0x00000000 x30=0x00000247
     426565.000 ns	     42655	80008d2c	01460eb3	add	x29,x12,x20	 x12:0x00000000 x20:0xa202344a x29=0xa202344a
     426575.000 ns	     42656	80008d30	d023e393	ori	x7,x7,-766	  x7:0x00000000  x7=0xfffffd02
     426595.000 ns	     42658	80008d34	20f18953	fsgnj.s	f18,f3,f15	  f3:0x00000000 f15:0x3a112190 f18=0x00000000
     426625.000 ns	     42661	80008d38	d01540d3	fcvt.s.wu	f1,x10	 x10:0x80040fe4  f1=0x4f000410
     426645.000 ns	     42663	80008d3c	000233b3	sltu	x7,x4,x0	  x4:0x00000001  x0:0x00000000  x7=0x00000000
     426655.000 ns	     42664	80008d40	0133d133	srl	x2,x7,x19	  x7:0xfffffd02 x19:0x00000000  x2=0x00000000
     426675.000 ns	     42666	80008d44	d008f253	fcvt.s.w	f4,x17	 x17:0x00001fc0  f4=0x45fe0000
     426695.000 ns	     42668	80008d48	0f47f613	andi	x12,x15,244	 x15:0x0000f004 x12=0x00000004
     426715.000 ns	     42670	80008d4c	c0177453	fcvt.wu.s	x8,f14	 f14:0x3f045ede  x8=0x00000000
     426745.000 ns	     42673	80008d50	c01b1ed3	fcvt.wu.s	x29,f22	 f22:0x7fc00000 x29=0xffffffff
     426775.000 ns	     42676	80008d54	02211eb3	mulh	x29,x2,x2	  x2:0x00000000  x2:0x00000000 x29=0x00000000
     426795.000 ns	     42678	80008d58	01993cb3	sltu	x25,x18,x25	 x18:0x80041024 x25:0x00000001 x25=0x00000000
     426815.000 ns	     42680	80008d5c	02eaa4b3	mulhsu	x9,x21,x14	 x21:0x00000000 x14:0x00000000  x9=0x00000000
     426835.000 ns	     42682	80008d60	34548993	addi	x19,x9,837	  x9:0x00000001 x19=0x00000345
     426855.000 ns	     42684	80008d64	c016f9d3	fcvt.wu.s	x19,f13	 f13:0x0002ec00 x19=0x00000000
     426885.000 ns	     42687	80008d68	a0a700d3	fle.s	x1,f14,f10	 f14:0x3f045ede f10:0x80040fe4  x1=0x00000000
     426915.000 ns	     42690	80008d6c	21c80753	fsgnj.s	f14,f16,f28	 f16:0x80000000 f28:0x445c8000 f14=0x00000000
     426935.000 ns	     42692	80008d70	00a3d133	srl	x2,x7,x10	  x7:0x00000000 x10:0x80040fe4  x2=0x00000000
     426955.000 ns	     42694	80008d74	c01035d3	fcvt.wu.s	x11,f0	  f0:0x00000000 x11=0x00000000
     426985.000 ns	     42697	80008d78	d0184a53	fcvt.s.wu	f20,x16	 x16:0x8004122d f20=0x4f000412
     427015.000 ns	     42700	80008d7c	03ad7133	remu	x2,x26,x26	 x26:0x00000000 x26:0x00000000  x2=0x00000000
     427045.000 ns	     42703	80008d80	21ca98d3	fsgnjn.s	f17,f21,f28	 f21:0x80000000 f28:0x445c8000 f17=0x80000000
     427075.000 ns	     42706	80008d84	288d95d3	fmax.s	f11,f27,f8	 f27:0xbf800000  f8:0x3f045ede f11=0x3f045ede
     427105.000 ns	     42709	80008d88	a1b4abd3	feq.s	x23,f9,f27	  f9:0x00000000 f27:0xbf800000 x23=0x00000000
     427135.000 ns	     42712	80008d8c	a02a2d53	feq.s	x26,f20,f2	 f20:0x4f000412  f2:0xff800000 x26=0x00000000
     427165.000 ns	     42715	80008d90	c00ff4d3	fcvt.w.s	x9,f31	 f31:0x03843a4b  x9=0x00000000
     428345.000 ns	     42833	80008d94	58047cd3	fsqrt.s	f25,f8	  f8:0x3f045ede f25=0x3ebb32c0
     428365.000 ns	     42835	80008d98	0052aeb3	slt	x29,x5,x5	  x5:0xfffffcac  x5:0xfffffcac x29=0x00000000
     428375.000 ns	     42836	80008d9c	dbd93f93	sltiu	x31,x18,-579	 x18:0x80041024 x31=0x00000001
     428385.000 ns	     42837	80008da0	416cdc93	srai	x25,x25,0x16	 x25:0x00000000 x25=0x00000000
     428405.000 ns	     42839	80008da4	e00a9bd3	fclass.s	x23,f21	 f21:0x80000000 x23=0x00000008
     428425.000 ns	     42841	80008da8	338bc093	xori	x1,x23,824	 x23:0x00000000  x1=0x00000330
     428435.000 ns	     42842	80008dac	01bf5e33	srl	x28,x30,x27	 x30:0x00000247 x27:0x00000001 x28=0x00000123
     428445.000 ns	     42843	80008db0	e8b38713	addi	x14,x7,-373	  x7:0x00000000 x14=0xfffffe8b
     428465.000 ns	     42845	80008db4	d0039cd3	fcvt.s.w	f25,x7	  x7:0x00000000 f25=0x00000000
     428485.000 ns	     42847	80008db8	00d4a9b3	slt	x19,x9,x13	  x9:0x00000000 x13:0xff800000 x19=0x00000000
     428495.000 ns	     42848	80008dbc	5210e017	auipc	x0,0x5210e	
     428505.000 ns	     42849	80008dc0	4147d033	sra	x0,x15,x20	 x15:0x0000f004 x20:0xa202344a
     428515.000 ns	     42850	80008dc4	0067e233	or	x4,x15,x6	 x15:0x0000f004  x6:0x00000000  x4=0x0000f004
     428535.000 ns	     42852	80008dc8	f0000653	fmv.w.x	f12,x0	  x0:0x00000000 f12=0x00000000
     428905.000 ns	     42889	80008dcc	02e7f0b3	remu	x1,x15,x14	 x15:0x0000f004 x14:0xfffffe8b  x1=0x0000f004
     429275.000 ns	     42926	80008dd0	032b7d33	remu	x26,x22,x18	 x22:0x00000000 x18:0x80041024 x26=0x00000000
     429295.000 ns	     42928	80008dd4	00c681b3	add	x3,x13,x12	 x13:0xff800000 x12:0x00000004  x3=0xff800004
     429315.000 ns	     42930	80008dd8	20e88a53	fsgnj.s	f20,f17,f14	 f17:0x80000000 f14:0x00000000 f20=0x00000000
     429345.000 ns	     42933	80008ddc	02b39cb3	mulh	x25,x7,x11	  x7:0x00000000 x11:0x00000000 x25=0x00000000
     429715.000 ns	     42970	80008de0	03bef1b3	remu	x3,x29,x27	 x29:0x00000000 x27:0x00000001  x3=0x00000000
     429745.000 ns	     42973	80008de4	29f207d3	fmin.s	f15,f4,f31	  f4:0x45fe0000 f31:0x03843a4b f15=0x03843a4b
     429775.000 ns	     42976	80008de8	20f39a53	fsgnjn.s	f20,f7,f15	  f7:0xff800000 f15:0x3a112190 f20=0xff800000
     429825.000 ns	     42981	80008dec	00eef553	fadd.s	f10,f29,f14	 f29:0x80000000 f14:0x00000000 f10=0x00000000
     429855.000 ns	     42984	80008df0	29998353	fmin.s	f6,f19,f25	 f19:0x4afffebf f25:0x00000000  f6=0x00000000
     429885.000 ns	     42987	80008df4	c0132bd3	fcvt.wu.s	x23,f6	  f6:0x00000000 x23=0x00000000
     429915.000 ns	     42990	80008df8	02235ab3	divu	x21,x6,x2	  x6:0x00000000  x2:0x00000000 x21=0xffffffff
     429945.000 ns	     42993	80008dfc	03abd1b3	divu	x3,x23,x26	 x23:0x00000000 x26:0x00000000  x3=0xffffffff
     429965.000 ns	     42995	80008e00	01099f33	sll	x30,x19,x16	 x19:0x00000000 x16:0x8004122d x30=0x00000000
     429975.000 ns	     42996	80008e04	00000013	addi	x0,x0,0	  x0:0x00000000
     430005.000 ns	     42999	80008e08	58057f53	fsqrt.s	f30,f10	 f10:0x00000000 f30=0x00000000
     430375.000 ns	     43036	80008e0c	03fe50b3	divu	x1,x28,x31	 x28:0x00000123 x31:0x00000001  x1=0x00000123
     430395.000 ns	     43038	80008e10	007c8633	add	x12,x25,x7	 x25:0x00000000  x7:0x00000000 x12=0x00000000
     430425.000 ns	     43041	80008e14	106171d3	fmul.s	f3,f2,f6	  f2:0xff800000  f6:0x00000000  f3=0x7fc00000
     430445.000 ns	     43043	80008e18	c7a96a97	auipc	x21,0xc7a96	 x21=0x47a9ee18
     430485.000 ns	     43047	80008e1c	085c77d3	fsub.s	f15,f24,f5	 f24:0x7f800000  f5:0xc4b3e000 f15=0x7f800000
     430525.000 ns	     43051	80008e20	10c17a53	fmul.s	f20,f2,f12	  f2:0xff800000 f12:0x00000000 f20=0x7fc00000
     430545.000 ns	     43053	80008e24	017ac7b3	xor	x15,x21,x23	 x21:0x47a9ee18 x23:0x00000000 x15=0x47a9ee18
     430555.000 ns	     43054	80008e28	002e5d33	srl	x26,x28,x2	 x28:0x00000123  x2:0x00000000 x26=0x00000123
     430575.000 ns	     43056	80008e2c	d00b7f53	fcvt.s.w	f30,x22	 x22:0x00000000 f30=0x00000000
     430595.000 ns	     43058	80008e30	01892ab3	slt	x21,x18,x24	 x18:0x80041024 x24:0x00000000 x21=0x00000001
     430605.000 ns	     43059	80008e34	001a4133	xor	x2,x20,x1	 x20:0xa202344a  x1:0x00000123  x2=0xa2023569
     430625.000 ns	     43061	80008e38	d01a7ad3	fcvt.s.wu	f21,x20	 x20:0xa202344a f21=0x4f220234
     430645.000 ns	     43063	80008e3c	00000013	addi	x0,x0,0	  x0:0x00000000
     430665.000 ns	     43065	80008e40	c00536d3	fcvt.w.s	x13,f10	 f10:0x00000000 x13=0x00000000
     430685.000 ns	     43067	80008e44	00a511b3	sll	x3,x10,x10	 x10:0x80040fe4 x10:0x80040fe4  x3=0x0040fe40
     430715.000 ns	     43070	80008e48	10389553	fmul.s	f10,f17,f3	 f17:0x80000000  f3:0x7fc00000 f10=0x7fc00000
     430735.000 ns	     43072	80008e4c	cc363693	sltiu	x13,x12,-829	 x12:0x00000000 x13=0x00000001
     430745.000 ns	     43073	80008e50	e9587497	auipc	x9,0xe9587	  x9=0x6958fe50
     430765.000 ns	     43075	80008e54	f00603d3	fmv.w.x	f7,x12	 x12:0x00000000  f7=0x00000000
     430795.000 ns	     43078	80008e58	e00904d3	fmv.x.w	x9,f18	 f18:0x00000000  x9=0x00000000
     430825.000 ns	     43081	80008e5c	290d8dd3	fmin.s	f27,f27,f16	 f27:0xbf800000 f16:0x80000000 f27=0xbf800000
     430855.000 ns	     43084	80008e60	c00ff253	fcvt.w.s	x4,f31	 f31:0x03843a4b  x4=0x00000000
     430885.000 ns	     43087	80008e64	d0087853	fcvt.s.w	f16,x16	 x16:0x8004122d f16=0xcefff7db
     430915.000 ns	     43090	80008e68	03edb3b3	mulhu	x7,x27,x30	 x27:0x00000001 x30:0x00000000  x7=0x00000000
     430945.000 ns	     43093	80008e6c	d00af153	fcvt.s.w	f2,x21	 x21:0x00000001  f2=0x3f800000
     430965.000 ns	     43095	80008e70	5403f613	andi	x12,x7,1344	  x7:0x00000000 x12=0x00000000
     431325.000 ns	     43131	80008e74	0304e9b3	rem	x19,x9,x16	  x9:0x00000000 x16:0x8004122d x19=0x00000000
     431345.000 ns	     43133	80008e78	01794fb3	xor	x31,x18,x23	 x18:0x80041024 x23:0x00000000 x31=0x80041024
     431375.000 ns	     43136	80008e7c	192483d3	fdiv.s	f7,f9,f18	  f9:0x00000000 f18:0x00000000  f7=0x7fc00000
     431405.000 ns	     43139	80008e80	f00d8cd3	fmv.w.x	f25,x27	 x27:0x00000001 f25=0x00000001
     431425.000 ns	     43141	80008e84	f78be213	ori	x4,x23,-136	 x23:0x00000000  x4=0xffffff78
     431435.000 ns	     43142	80008e88	007de7b3	or	x15,x27,x7	 x27:0x00000001  x7:0x00000000 x15=0x00000001
     431445.000 ns	     43143	80008e8c	4119d8b3	sra	x17,x19,x17	 x19:0x00000000 x17:0x00001fc0 x17=0x00000000
     431465.000 ns	     43145	80008e90	d0127853	fcvt.s.wu	f16,x4	  x4:0xffffff78 f16=0x4f7fffff
     431495.000 ns	     43148	80008e94	028098b3	mulh	x17,x1,x8	  x1:0x00000123  x8:0x00000000 x17=0x00000000
     431515.000 ns	     43150	80008e98	01e5d7b3	srl	x15,x11,x30	 x11:0x00000000 x30:0x00000000 x15=0x00000000
     431535.000 ns	     43152	80008e9c	a0e8ad53	feq.s	x26,f17,f14	 f17:0x80000000 f14:0x00000000 x26=0x00000001
     431555.000 ns	     43154	80008ea0	40aa0733	sub	x14,x20,x10	 x20:0xa202344a x10:0x80040fe4 x14=0x21fe2466
     431565.000 ns	     43155	80008ea4	00cf8ab3	add	x21,x31,x12	 x31:0x80041024 x12:0x00000000 x21=0x80041024
     431575.000 ns	     43156	80008ea8	00000013	addi	x0,x0,0	  x0:0x00000000
     431615.000 ns	     43160	80008eac	019a8753	fadd.s	f14,f21,f25	 f21:0x4f220234 f25:0x00000001 f14=0x4f220234
     431645.000 ns	     43163	80008eb0	a0240fd3	fle.s	x31,f8,f2	  f8:0x3f045ede  f2:0x3f800000 x31=0x00000001
     432015.000 ns	     43200	80008eb4	022b79b3	remu	x19,x22,x2	 x22:0x00000000  x2:0xa2023569 x19=0x00000000
     432045.000 ns	     43203	80008eb8	f0068853	fmv.w.x	f16,x13	 x13:0x00000001 f16=0x00000001
     432065.000 ns	     43205	80008ebc	01d244b3	xor	x9,x4,x29	  x4:0xffffff78 x29:0x00000000  x9=0xffffff78
     432085.000 ns	     43207	80008ec0	20d61853	fsgnjn.s	f16,f12,f13	 f12:0x00000000 f13:0x0002ec00 f16=0x80000000
     432105.000 ns	     43209	80008ec4	50e7aeb7	lui	x29,0x50e7a	 x29=0x50e7a000
     432115.000 ns	     43210	80008ec8	fb412193	slti	x3,x2,-76	  x2:0xa2023569  x3=0x00000001
     432125.000 ns	     43211	80008ecc	01a6fcb3	and	x25,x13,x26	 x13:0x00000001 x26:0x00000001 x25=0x00000001
     432145.000 ns	     43213	80008ed0	02f4b733	mulhu	x14,x9,x15	  x9:0xffffff78 x15:0x00000000 x14=0x00000000
     432185.000 ns	     43217	80008ed4	580f7ad3	fsqrt.s	f21,f30	 f30:0x00000000 f21=0x00000000
     432215.000 ns	     43220	80008ed8	02f5c9b3	div	x19,x11,x15	 x11:0x00000000 x15:0x00000000 x19=0xffffffff
     432235.000 ns	     43222	80008edc	88492317	auipc	x6,0x88492	  x6=0x0849aedc
     432255.000 ns	     43224	80008ee0	026019b3	mulh	x19,x0,x6	  x0:0x00000000  x6:0x00000000 x19=0x00000000
     432275.000 ns	     43226	80008ee4	006bd613	srli	x12,x23,0x6	 x23:0x00000000 x12=0x00000000
     432285.000 ns	     43227	80008ee8	01d4a833	slt	x16,x9,x29	  x9:0xffffff78 x29:0x50e7a000 x16=0x00000001
     432305.000 ns	     43229	80008eec	e0039253	fclass.s	x4,f7	  f7:0x7fc00000  x4=0x00000200
     432325.000 ns	     43231	80008ef0	40685f13	srai	x30,x16,0x6	 x16:0x8004122d x30=0x00000000
     432685.000 ns	     43267	80008ef4	0290db33	divu	x22,x1,x9	  x1:0x00000123  x9:0xffffff78 x22=0x00000000
     432715.000 ns	     43270	80008ef8	a0b014d3	flt.s	x9,f0,f11	  f0:0x00000000 f11:0x3f045ede  x9=0x00000001
     432765.000 ns	     43275	80008efc	0933b953	fsub.s	f18,f7,f19	  f7:0x7fc00000 f19:0x4afffebf f18=0x7fc00000
     432795.000 ns	     43278	80008f00	02b45bb3	divu	x23,x8,x11	  x8:0x00000000 x11:0x00000000 x23=0xffffffff
     432815.000 ns	     43280	80008f04	01531db3	sll	x27,x6,x21	  x6:0x0849aedc x21:0x80041024 x27=0x849aedc0
     432835.000 ns	     43282	80008f08	032c9ab3	mulh	x21,x25,x18	 x25:0x00000001 x18:0x80041024 x21=0xffffffff
     432865.000 ns	     43285	80008f0c	28bb0f53	fmin.s	f30,f22,f11	 f22:0x7fc00000 f11:0x3f045ede f30=0x3f045ede
     432895.000 ns	     43288	80008f10	d00a7c53	fcvt.s.w	f24,x20	 x20:0xa202344a f24=0xcebbfb97
     432925.000 ns	     43291	80008f14	c01f36d3	fcvt.wu.s	x13,f30	 f30:0x3f045ede x13=0x00000001
     432945.000 ns	     43293	80008f18	20178f93	addi	x31,x15,513	 x15:0x00000000 x31=0x00000201
     432955.000 ns	     43294	80008f1c	0028deb3	srl	x29,x17,x2	 x17:0x00000000  x2:0xa2023569 x29=0x00000000
     432965.000 ns	     43295	80008f20	009d6db3	or	x27,x26,x9	 x26:0x00000001  x9:0x00000001 x27=0x00000001
     432985.000 ns	     43297	80008f24	028471b3	remu	x3,x8,x8	  x8:0x00000000  x8:0x00000000  x3=0x00000000
     433005.000 ns	     43299	80008f28	0051c5b3	xor	x11,x3,x5	  x3:0x00000001  x5:0xfffffcac x11=0xfffffcac
     433015.000 ns	     43300	80008f2c	01678c33	add	x24,x15,x22	 x15:0x00000000 x22:0x00000000 x24=0x00000000
     433025.000 ns	     43301	80008f30	0186f9b3	and	x19,x13,x24	 x13:0x00000001 x24:0x00000000 x19=0x00000000
     433035.000 ns	     43302	80008f34	3c864597	auipc	x11,0x3c864	 x11=0xbc86cf34
     433055.000 ns	     43304	80008f38	d0097353	fcvt.s.w	f6,x18	 x18:0x80041024  f6=0xcefff7df
     433075.000 ns	     43306	80008f3c	00347ab3	and	x21,x8,x3	  x8:0x00000000  x3:0x00000000 x21=0x00000000
     433105.000 ns	     43309	80008f40	108d7a53	fmul.s	f20,f26,f8	 f26:0x4e8a6a0a  f8:0x3f045ede f20=0x4e0f23f0
     433125.000 ns	     43311	80008f44	1876ed93	ori	x27,x13,391	 x13:0x00000001 x27=0x00000187
     433135.000 ns	     43312	80008f48	0112dab3	srl	x21,x5,x17	  x5:0xfffffcac x17:0x00000000 x21=0xfffffcac
     433155.000 ns	     43314	80008f4c	e00615d3	fclass.s	x11,f12	 f12:0x00000000 x11=0x00000010
     433175.000 ns	     43316	80008f50	010c98b3	sll	x17,x25,x16	 x25:0x00000001 x16:0x00000001 x17=0x00000002
     433185.000 ns	     43317	80008f54	726b3e93	sltiu	x29,x22,1830	 x22:0x00000000 x29=0x00000001
     433195.000 ns	     43318	80008f58	00a53233	sltu	x4,x10,x10	 x10:0x80040fe4 x10:0x80040fe4  x4=0x00000000
     433205.000 ns	     43319	80008f5c	002435b3	sltu	x11,x8,x2	  x8:0x00000000  x2:0xa2023569 x11=0x00000001
     433225.000 ns	     43321	80008f60	a143ab53	feq.s	x22,f7,f20	  f7:0x7fc00000 f20:0x4e0f23f0 x22=0x00000000
     433245.000 ns	     43323	80008f64	a163e093	ori	x1,x7,-1514	  x7:0x00000000  x1=0xfffffa16
     433255.000 ns	     43324	80008f68	485f7893	andi	x17,x30,1157	 x30:0x00000000 x17=0x00000000
     433265.000 ns	     43325	80008f6c	00000013	addi	x0,x0,0	  x0:0x00000000
     433275.000 ns	     43326	80008f70	01af3ab3	sltu	x21,x30,x26	 x30:0x00000000 x26:0x00000001 x21=0x00000001
     433285.000 ns	     43327	80008f74	4179d0b3	sra	x1,x19,x23	 x19:0x00000000 x23:0xffffffff  x1=0x00000000
     433305.000 ns	     43329	80008f78	02c22b33	mulhsu	x22,x4,x12	  x4:0x00000000 x12:0x00000000 x22=0x00000000
     433335.000 ns	     43332	80008f7c	e00e18d3	fclass.s	x17,f28	 f28:0x445c8000 x17=0x00000040
     433365.000 ns	     43335	80008f80	28ce0fd3	fmin.s	f31,f28,f12	 f28:0x445c8000 f12:0x00000000 f31=0x00000000
     433385.000 ns	     43337	80008f84	8ee3ec93	ori	x25,x7,-1810	  x7:0x00000000 x25=0xfffff8ee
     433395.000 ns	     43338	80008f88	366f5ab7	lui	x21,0x366f5	 x21=0x366f5000
     433415.000 ns	     43340	80008f8c	a19a8653	fle.s	x12,f21,f25	 f21:0x00000000 f25:0x00000001 x12=0x00000001
     433435.000 ns	     43342	80008f90	00bf88b3	add	x17,x31,x11	 x31:0x00000201 x11:0x00000001 x17=0x00000202
     433455.000 ns	     43344	80008f94	c01b7153	fcvt.wu.s	x2,f22	 f22:0x7fc00000  x2=0xffffffff
     433475.000 ns	     43346	80008f98	016f37b3	sltu	x15,x30,x22	 x30:0x00000000 x22:0x00000000 x15=0x00000000
     433505.000 ns	     43349	80008f9c	108ff8d3	fmul.s	f17,f31,f8	 f31:0x00000000  f8:0x3f045ede f17=0x00000000
     433525.000 ns	     43351	80008fa0	d2ab2793	slti	x15,x22,-726	 x22:0x00000000 x15=0x00000000
     433545.000 ns	     43353	80008fa4	29b991d3	fmax.s	f3,f19,f27	 f19:0x4afffebf f27:0xbf800000  f3=0x4afffebf
     433575.000 ns	     43356	80008fa8	200c84d3	fsgnj.s	f9,f25,f0	 f25:0x00000001  f0:0x00000000  f9=0x00000001
     433595.000 ns	     43358	80008fac	8ecf4193	xori	x3,x30,-1812	 x30:0x00000000  x3=0xfffff8ec
     433615.000 ns	     43360	80008fb0	e00616d3	fclass.s	x13,f12	 f12:0x00000000 x13=0x00000010
     433635.000 ns	     43362	80008fb4	553abd37	lui	x26,0x553ab	 x26=0x553ab000
     433645.000 ns	     43363	80008fb8	01c4b6b3	sltu	x13,x9,x28	  x9:0x00000001 x28:0x00000123 x13=0x00000001
     433665.000 ns	     43365	80008fbc	03960433	mul	x8,x12,x25	 x12:0x00000001 x25:0xfffff8ee  x8=0xfffff8ee
     433715.000 ns	     43370	80008fc0	090a7553	fsub.s	f10,f20,f16	 f20:0x4e0f23f0 f16:0x80000000 f10=0x4e0f23f0
     433735.000 ns	     43372	80008fc4	c9673237	lui	x4,0xc9673	  x4=0xc9673000
     433755.000 ns	     43374	80008fc8	f00189d3	fmv.w.x	f19,x3	  x3:0xfffff8ec f19=0xfffff8ec
     433775.000 ns	     43376	80008fcc	016f2633	slt	x12,x30,x22	 x30:0x00000000 x22:0x00000000 x12=0x00000000
     433805.000 ns	     43379	80008fd0	58038653	fsqrt.s	f12,f7	  f7:0x7fc00000 f12=0x7fc00000
     433835.000 ns	     43382	80008fd4	0215c333	div	x6,x11,x1	 x11:0x00000001  x1:0x00000000  x6=0xffffffff
     433875.000 ns	     43386	80008fd8	116398d3	fmul.s	f17,f7,f22	  f7:0x7fc00000 f22:0x7fc00000 f17=0x7fc00000
     433905.000 ns	     43389	80008fdc	a02ba153	feq.s	x2,f23,f2	 f23:0x80000000  f2:0x3f800000  x2=0x00000000
     433935.000 ns	     43392	80008fe0	e00d1853	fclass.s	x16,f26	 f26:0x4e8a6a0a x16=0x00000040
     433975.000 ns	     43396	80008fe4	1965f953	fdiv.s	f18,f11,f22	 f11:0x3f045ede f22:0x7fc00000 f18=0x7fc00000
     433995.000 ns	     43398	80008fe8	db5d9f17	auipc	x30,0xdb5d9	 x30=0x5b5e1fe8
     434005.000 ns	     43399	80008fec	976c7f97	auipc	x31,0x976c7	 x31=0x176cffec
     434025.000 ns	     43401	80008ff0	292d9853	fmax.s	f16,f27,f18	 f27:0xbf800000 f18:0x7fc00000 f16=0xbf800000
     434395.000 ns	     43438	80008ff4	039169b3	rem	x19,x2,x25	  x2:0x00000000 x25:0xfffff8ee x19=0x00000000
     434415.000 ns	     43440	80008ff8	9015fb13	andi	x22,x11,-1791	 x11:0x00000001 x22=0x00000001
     434425.000 ns	     43441	80008ffc	01d166b3	or	x13,x2,x29	  x2:0x00000000 x29:0x00000001 x13=0x00000001
     434435.000 ns	     43442	80009000	40b78733	sub	x14,x15,x11	 x15:0x00000000 x11:0x00000001 x14=0xffffffff
     434465.000 ns	     43445	80009004	100576d3	fmul.s	f13,f10,f0	 f10:0x4e0f23f0  f0:0x00000000 f13=0x00000000
     434485.000 ns	     43447	80009008	00000013	addi	x0,x0,0	  x0:0x00000000
     434525.000 ns	     43451	8000900c	09cdf6d3	fsub.s	f13,f27,f28	 f27:0xbf800000 f28:0x445c8000 f13=0xc45cc000
     434555.000 ns	     43454	80009010	e00f94d3	fclass.s	x9,f31	 f31:0x00000000  x9=0x00000010
     434925.000 ns	     43491	80009014	0368e1b3	rem	x3,x17,x22	 x17:0x00000202 x22:0x00000001  x3=0x00000000
     434955.000 ns	     43494	80009018	c0037ad3	fcvt.w.s	x21,f6	  f6:0xcefff7df x21=0x7ffbef80
     435005.000 ns	     43499	8000901c	08caf653	fsub.s	f12,f21,f12	 f21:0x00000000 f12:0x7fc00000 f12=0x7fc00000
     435035.000 ns	     43502	80009020	d0017ad3	fcvt.s.w	f21,x2	  x2:0x00000000 f21=0x00000000
     435055.000 ns	     43504	80009024	40cd8fb3	sub	x31,x27,x12	 x27:0x00000187 x12:0x00000000 x31=0x00000187
     435075.000 ns	     43506	80009028	21c299d3	fsgnjn.s	f19,f5,f28	  f5:0xc4b3e000 f28:0x445c8000 f19=0xc4b3e000
     435105.000 ns	     43509	8000902c	a0e11153	flt.s	x2,f2,f14	  f2:0x3f800000 f14:0x4f220234  x2=0x00000001
     435135.000 ns	     43512	80009030	c00418d3	fcvt.w.s	x17,f8	  f8:0x3f045ede x17=0x00000000
     435165.000 ns	     43515	80009034	212190d3	fsgnjn.s	f1,f3,f18	  f3:0x4afffebf f18:0x7fc00000  f1=0xcafffebf
     435195.000 ns	     43518	80009038	a0289753	flt.s	x14,f17,f2	 f17:0x7fc00000  f2:0x3f800000 x14=0x00000000
     435565.000 ns	     43555	8000903c	0302e033	rem	x0,x5,x16	  x5:0xfffffcac x16:0x00000040
     435595.000 ns	     43558	80009040	283294d3	fmax.s	f9,f5,f3	  f5:0xc4b3e000  f3:0x4afffebf  f9=0x4afffebf
     435615.000 ns	     43560	80009044	00d4bd33	sltu	x26,x9,x13	  x9:0x00000010 x13:0x00000001 x26=0x00000000
     435635.000 ns	     43562	80009048	212ea653	fsgnjx.s	f12,f29,f18	 f29:0x80000000 f18:0x7fc00000 f12=0x80000000
     435655.000 ns	     43564	8000904c	414b5b33	sra	x22,x22,x20	 x22:0x00000001 x20:0xa202344a x22=0x00000000
     435675.000 ns	     43566	80009050	a0c28d53	fle.s	x26,f5,f12	  f5:0xc4b3e000 f12:0x80000000 x26=0x00000001
     435705.000 ns	     43569	80009054	02be0fb3	mul	x31,x28,x11	 x28:0x00000123 x11:0x00000001 x31=0x00000123
     435745.000 ns	     43573	80009058	10c89f53	fmul.s	f30,f17,f12	 f17:0x7fc00000 f12:0x80000000 f30=0x7fc00000
     435765.000 ns	     43575	8000905c	0063d413	srli	x8,x7,0x6	  x7:0x00000000  x8=0x00000000
     435785.000 ns	     43577	80009060	c01b0dd3	fcvt.wu.s	x27,f22	 f22:0x7fc00000 x27=0xffffffff
     435805.000 ns	     43579	80009064	00c9fc33	and	x24,x19,x12	 x19:0x00000000 x12:0x00000000 x24=0x00000000
     435825.000 ns	     43581	80009068	c00709d3	fcvt.w.s	x19,f14	 f14:0x4f220234 x19=0x7fffffff
     435845.000 ns	     43583	8000906c	00312833	slt	x16,x2,x3	  x2:0x00000001  x3:0x00000000 x16=0x00000000
     435855.000 ns	     43584	80009070	00000013	addi	x0,x0,0	  x0:0x00000000
     435875.000 ns	     43586	80009074	e00f8dd3	fmv.x.w	x27,f31	 f31:0x00000000 x27=0x00000000
     435905.000 ns	     43589	80009078	03662133	mulhsu	x2,x12,x22	 x12:0x00000000 x22:0x00000000  x2=0x00000000
     435935.000 ns	     43592	8000907c	28eb13d3	fmax.s	f7,f22,f14	 f22:0x7fc00000 f14:0x4f220234  f7=0x4f220234
     435955.000 ns	     43594	80009080	407f5713	srai	x14,x30,0x7	 x30:0x5b5e1fe8 x14=0x00b6bc3f
     435975.000 ns	     43596	80009084	03f79b33	mulh	x22,x15,x31	 x15:0x00000000 x31:0x00000123 x22=0x00000000
     437155.000 ns	     43714	80009088	58013f53	fsqrt.s	f30,f2	  f2:0x3f800000 f30=0x3f7fffae
     437175.000 ns	     43716	8000908c	00136233	or	x4,x6,x1	  x6:0xffffffff  x1:0x00000000  x4=0xffffffff
     437185.000 ns	     43717	80009090	412b8e33	sub	x28,x23,x18	 x23:0xffffffff x18:0x80041024 x28=0x7ffbefdb
     437205.000 ns	     43719	80009094	f0090253	fmv.w.x	f4,x18	 x18:0x80041024  f4=0x80041024
     437225.000 ns	     43721	80009098	6eab4c13	xori	x24,x22,1770	 x22:0x00000000 x24=0x000006ea
     437245.000 ns	     43723	8000909c	e0081cd3	fclass.s	x25,f16	 f16:0xbf800000 x25=0x00000002
     437275.000 ns	     43726	800090a0	023eb6b3	mulhu	x13,x29,x3	 x29:0x00000001  x3:0x00000000 x13=0x00000000
     437295.000 ns	     43728	800090a4	0147d133	srl	x2,x15,x20	 x15:0x00000000 x20:0xa202344a  x2=0x00000000
     437305.000 ns	     43729	800090a8	00000013	addi	x0,x0,0	  x0:0x00000000
     437325.000 ns	     43731	800090ac	e0020753	fmv.x.w	x14,f4	  f4:0x80041024 x14=0x80041024
     437345.000 ns	     43733	800090b0	01f3b833	sltu	x16,x7,x31	  x7:0x00000000 x31:0x00000123 x16=0x00000001
     437365.000 ns	     43735	800090b4	21730353	fsgnj.s	f6,f6,f23	  f6:0xcefff7df f23:0x80000000  f6=0xcefff7df
     437395.000 ns	     43738	800090b8	a1360d53	fle.s	x26,f12,f19	 f12:0x80000000 f19:0xc4b3e000 x26=0x00000000
     437435.000 ns	     43742	800090bc	18c47a53	fdiv.s	f20,f8,f12	  f8:0x3f045ede f12:0x80000000 f20=0xff800000
     437455.000 ns	     43744	800090c0	00055fb3	srl	x31,x10,x0	 x10:0x80040fe4  x0:0x00000000 x31=0x80040fe4
     437465.000 ns	     43745	800090c4	01591d13	slli	x26,x18,0x15	 x18:0x80041024 x26=0x04800000
     437475.000 ns	     43746	800090c8	b7253593	sltiu	x11,x10,-1166	 x10:0x80040fe4 x11=0x00000001
     437485.000 ns	     43747	800090cc	3da5b113	sltiu	x2,x11,986	 x11:0x00000001  x2=0x00000001
     437495.000 ns	     43748	800090d0	00ad0fb3	add	x31,x26,x10	 x26:0x04800000 x10:0x80040fe4 x31=0x84840fe4
     437855.000 ns	     43784	800090d4	02abdab3	divu	x21,x23,x10	 x23:0xffffffff x10:0x80040fe4 x21=0x00000001
     437885.000 ns	     43787	800090d8	e0070753	fmv.x.w	x14,f14	 f14:0x4f220234 x14=0x4f220234
     437915.000 ns	     43790	800090dc	d018fb53	fcvt.s.wu	f22,x17	 x17:0x00000000 f22=0x00000000
     437935.000 ns	     43792	800090e0	01cec9b3	xor	x19,x29,x28	 x29:0x00000001 x28:0x7ffbefdb x19=0x7ffbefda
     437945.000 ns	     43793	800090e4	ace06093	ori	x1,x0,-1330	  x0:0x00000000  x1=0xffffface
     437985.000 ns	     43797	800090e8	003e7c53	fadd.s	f24,f28,f3	 f28:0x445c8000  f3:0x4afffebf f24=0x4b0002d1
     438015.000 ns	     43800	800090ec	a03629d3	feq.s	x19,f12,f3	 f12:0x80000000  f3:0x4afffebf x19=0x00000000
     438045.000 ns	     43803	800090f0	f00c89d3	fmv.w.x	f19,x25	 x25:0x00000002 f19=0x00000002
     438065.000 ns	     43805	800090f4	c0f6c193	xori	x3,x13,-1009	 x13:0x00000000  x3=0xfffffc0f
     438085.000 ns	     43807	800090f8	29f49353	fmax.s	f6,f9,f31	  f9:0x4afffebf f31:0x00000000  f6=0x4afffebf
     438105.000 ns	     43809	800090fc	012297b3	sll	x15,x5,x18	  x5:0xfffffcac x18:0x80041024 x15=0xffffcac0
     438125.000 ns	     43811	80009100	c01980d3	fcvt.wu.s	x1,f19	 f19:0x00000002  x1=0x00000000
     438155.000 ns	     43814	80009104	d019aad3	fcvt.s.wu	f21,x19	 x19:0x00000000 f21=0x00000000
     438185.000 ns	     43817	80009108	033c8db3	mul	x27,x25,x19	 x25:0x00000002 x19:0x00000000 x27=0x00000000
     438555.000 ns	     43854	8000910c	0230eab3	rem	x21,x1,x3	  x1:0x00000000  x3:0xfffffc0f x21=0x00000000
     438575.000 ns	     43856	80009110	f4537613	andi	x12,x6,-187	  x6:0xffffffff x12=0xffffff45
     438585.000 ns	     43857	80009114	6b2c2013	slti	x0,x24,1714	 x24:0x000006ea
     438605.000 ns	     43859	80009118	c00410d3	fcvt.w.s	x1,f8	  f8:0x3f045ede  x1=0x00000000
     438635.000 ns	     43862	8000911c	c016fed3	fcvt.wu.s	x29,f13	 f13:0xc45cc000 x29=0x00000373
     438655.000 ns	     43864	80009120	00686233	or	x4,x16,x6	 x16:0x00000001  x6:0xffffffff  x4=0xffffffff
     438675.000 ns	     43866	80009124	03b3ac33	mulhsu	x24,x7,x27	  x7:0x00000000 x27:0x00000000 x24=0x00000000
     438695.000 ns	     43868	80009128	4072dab3	sra	x21,x5,x7	  x5:0xfffffcac  x7:0x00000000 x21=0xfffffcac
     439055.000 ns	     43904	8000912c	03c2fcb3	remu	x25,x5,x28	  x5:0xfffffcac x28:0x7ffbefdb x25=0x00081cf6
     439085.000 ns	     43907	80009130	c00b4cd3	fcvt.w.s	x25,f22	 f22:0x00000000 x25=0x00000000
     439105.000 ns	     43909	80009134	007b3db3	sltu	x27,x22,x7	 x22:0x00000000  x7:0x00000000 x27=0x00000000
     439125.000 ns	     43911	80009138	d01741d3	fcvt.s.wu	f3,x14	 x14:0x4f220234  f3=0x4e9e4404
     439145.000 ns	     43913	8000913c	01605313	srli	x6,x0,0x16	  x0:0x00000000  x6=0x00000000
     439155.000 ns	     43914	80009140	01092733	slt	x14,x18,x16	 x18:0x80041024 x16:0x00000001 x14=0x00000001
     439165.000 ns	     43915	80009144	d91da013	slti	x0,x27,-623	 x27:0x00000000
     439175.000 ns	     43916	80009148	f51c6a93	ori	x21,x24,-175	 x24:0x00000000 x21=0xffffff51
     439195.000 ns	     43918	8000914c	a0fc18d3	flt.s	x17,f24,f15	 f24:0x4b0002d1 f15:0x7f800000 x17=0x00000001
     439225.000 ns	     43921	80009150	e00c84d3	fmv.x.w	x9,f25	 f25:0x00000001  x9=0x00000001
     439255.000 ns	     43924	80009154	f00404d3	fmv.w.x	f9,x8	  x8:0x00000000  f9=0x00000000
     439275.000 ns	     43926	80009158	956df093	andi	x1,x27,-1706	 x27:0x00000000  x1=0x00000000
     439295.000 ns	     43928	8000915c	212d1353	fsgnjn.s	f6,f26,f18	 f26:0x4e8a6a0a f18:0x7fc00000  f6=0xce8a6a0a
     439315.000 ns	     43930	80009160	41f28ab3	sub	x21,x5,x31	  x5:0xfffffcac x31:0x84840fe4 x21=0x7b7becc8
     439345.000 ns	     43933	80009164	5800fd53	fsqrt.s	f26,f1	  f1:0xcafffebf f26=0x7fc00000
     439375.000 ns	     43936	80009168	a1c7a5d3	feq.s	x11,f15,f28	 f15:0x7f800000 f28:0x445c8000 x11=0x00000000
     439395.000 ns	     43938	8000916c	00ba9eb3	sll	x29,x21,x11	 x21:0x7b7becc8 x11:0x00000001 x29=0x7b7becc8
     440485.000 ns	     44047	80009170	5805f2d3	fsqrt.s	f5,f11	 f11:0x3f045ede  f5=0x3ebb32c0
     440505.000 ns	     44049	80009174	4195d893	srai	x17,x11,0x19	 x11:0x00000000 x17=0x00000000
     440515.000 ns	     44050	80009178	cd644093	xori	x1,x8,-810	  x8:0x00000000  x1=0xfffffcd6
     440535.000 ns	     44052	8000917c	a1b294d3	flt.s	x9,f5,f27	  f5:0x3ebb32c0 f27:0xbf800000  x9=0x00000000
     440565.000 ns	     44055	80009180	02108d33	mul	x26,x1,x1	  x1:0x00000000  x1:0x00000000 x26=0x000a02e4
     440595.000 ns	     44058	80009184	f00a8ed3	fmv.w.x	f29,x21	 x21:0x7b7becc8 f29=0x7b7becc8
     440615.000 ns	     44060	80009188	01ad2ab3	slt	x21,x26,x26	 x26:0x000a02e4 x26:0x000a02e4 x21=0x00000000
     440635.000 ns	     44062	8000918c	f0050253	fmv.w.x	f4,x10	 x10:0x80040fe4  f4=0x80040fe4
     440665.000 ns	     44065	80009190	29f38253	fmin.s	f4,f7,f31	  f7:0x4f220234 f31:0x00000000  f4=0x00000000
     440695.000 ns	     44068	80009194	02ed27b3	mulhsu	x15,x26,x14	 x26:0x000a02e4 x14:0x00000001 x15=0x00000000
     440715.000 ns	     44070	80009198	40a08fb3	sub	x31,x1,x10	  x1:0xfffffcd6 x10:0x80040fe4 x31=0x7ffbecf2
     440725.000 ns	     44071	8000919c	4045d6b3	sra	x13,x11,x4	 x11:0x00000000  x4:0xffffffff x13=0x00000000
     440745.000 ns	     44073	800091a0	299e9ad3	fmax.s	f21,f29,f25	 f29:0x7b7becc8 f25:0x00000001 f21=0x7b7becc8
     440775.000 ns	     44076	800091a4	a1a92ad3	feq.s	x21,f18,f26	 f18:0x7fc00000 f26:0x7fc00000 x21=0x00000000
     440805.000 ns	     44079	800091a8	d010f453	fcvt.s.wu	f8,x1	  x1:0xfffffcd6  f8=0x4f7ffffc
     440825.000 ns	     44081	800091ac	965b0293	addi	x5,x22,-1691	 x22:0x00000000  x5=0xfffff965
     440835.000 ns	     44082	800091b0	92b36a93	ori	x21,x6,-1749	  x6:0x00000000 x21=0xfffff92b
     440845.000 ns	     44083	800091b4	00ac83b3	add	x7,x25,x10	 x25:0x00000000 x10:0x80040fe4  x7=0x80040fe4
     440855.000 ns	     44084	800091b8	c6196713	ori	x14,x18,-927	 x18:0x80041024 x14=0xfffffc65
     442025.000 ns	     44201	800091bc	5802f1d3	fsqrt.s	f3,f5	  f5:0x3ebb32c0  f3=0x3e9acb62
     442055.000 ns	     44204	800091c0	d01cf2d3	fcvt.s.wu	f5,x25	 x25:0x00000000  f5=0x00000000
     442075.000 ns	     44206	800091c4	c5251337	lui	x6,0xc5251	  x6=0xc5251000
     442095.000 ns	     44208	800091c8	f00006d3	fmv.w.x	f13,x0	  x0:0x00000000 f13=0x00000000
     442125.000 ns	     44211	800091cc	d018f5d3	fcvt.s.wu	f11,x17	 x17:0x00000000 f11=0x00000000
     442155.000 ns	     44214	800091d0	c01cf153	fcvt.wu.s	x2,f25	 f25:0x00000001  x2=0x00000000
     442185.000 ns	     44217	800091d4	a0831cd3	flt.s	x25,f6,f8	  f6:0xce8a6a0a  f8:0x4f7ffffc x25=0x00000001
     442215.000 ns	     44220	800091d8	02920633	mul	x12,x4,x9	  x4:0xffffffff  x9:0x00000000 x12=0x00000000
     442235.000 ns	     44222	800091dc	01a101b3	add	x3,x2,x26	  x2:0x00000000 x26:0x000a02e4  x3=0x000a02e4
     442245.000 ns	     44223	800091e0	82126193	ori	x3,x4,-2015	  x4:0xffffffff  x3=0xffffffff
     442285.000 ns	     44227	800091e4	0905f4d3	fsub.s	f9,f11,f16	 f11:0x00000000 f16:0xbf800000  f9=0x3f800000
     442305.000 ns	     44229	800091e8	01e12133	slt	x2,x2,x30	  x2:0x00000000 x30:0x5b5e1fe8  x2=0x00000001
     442325.000 ns	     44231	800091ec	21b7abd3	fsgnjx.s	f23,f15,f27	 f15:0x7f800000 f27:0xbf800000 f23=0xff800000
     442355.000 ns	     44234	800091f0	0280d3b3	divu	x7,x1,x8	  x1:0xfffffcd6  x8:0x00000000  x7=0xffffffff
     442405.000 ns	     44239	800091f4	09a5f953	fsub.s	f18,f11,f26	 f11:0x00000000 f26:0x7fc00000 f18=0x7fc00000
     442425.000 ns	     44241	800091f8	000d3d33	sltu	x26,x26,x0	 x26:0x000a02e4  x0:0x00000000 x26=0x00000000
     442435.000 ns	     44242	800091fc	41595c13	srai	x24,x18,0x15	 x18:0x80041024 x24=0xfffffc00
     442455.000 ns	     44244	80009200	29cf8fd3	fmin.s	f31,f31,f28	 f31:0x00000000 f28:0x445c8000 f31=0x00000000
     442475.000 ns	     44246	80009204	4e6e0293	addi	x5,x28,1254	 x28:0x7ffbefdb  x5=0x7ffbf4c1
     442495.000 ns	     44248	80009208	211f0cd3	fsgnj.s	f25,f30,f17	 f30:0x3f7fffae f17:0x7fc00000 f25=0x3f7fffae
     442525.000 ns	     44251	8000920c	023188b3	mul	x17,x3,x3	  x3:0xffffffff  x3:0xffffffff x17=0x00000001
     442545.000 ns	     44253	80009210	0194b8b3	sltu	x17,x9,x25	  x9:0x00000000 x25:0x00000001 x17=0x00000001
     442555.000 ns	     44254	80009214	412cd313	srai	x6,x25,0x12	 x25:0x00000001  x6=0x00000000
     442565.000 ns	     44255	80009218	9419b293	sltiu	x5,x19,-1727	 x19:0x00000000  x5=0x00000001
     442585.000 ns	     44257	8000921c	e00b04d3	fmv.x.w	x9,f22	 f22:0x00000000  x9=0x00000000
     442605.000 ns	     44259	80009220	019aee33	or	x28,x21,x25	 x21:0xfffff92b x25:0x00000001 x28=0xfffff92b
     442615.000 ns	     44260	80009224	7e00c893	xori	x17,x1,2016	  x1:0xfffffcd6 x17=0xfffffb36
     442625.000 ns	     44261	80009228	00000013	addi	x0,x0,0	  x0:0x00000000
     442635.000 ns	     44262	8000922c	00c596b3	sll	x13,x11,x12	 x11:0x00000000 x12:0x00000000 x13=0x00000000
     442645.000 ns	     44263	80009230	00461413	slli	x8,x12,0x4	 x12:0x00000000  x8=0x00000000
     442665.000 ns	     44265	80009234	e00093d3	fclass.s	x7,f1	  f1:0xcafffebf  x7=0x00000002
     442685.000 ns	     44267	80009238	950b2d13	slti	x26,x22,-1712	 x22:0x00000000 x26=0x00000000
     442695.000 ns	     44268	8000923c	0157e7b3	or	x15,x15,x21	 x15:0x00000000 x21:0xfffff92b x15=0xfffff92b
     442715.000 ns	     44270	80009240	c00afbd3	fcvt.w.s	x23,f21	 f21:0x7b7becc8 x23=0x7fffffff
     442745.000 ns	     44273	80009244	212923d3	fsgnjx.s	f7,f18,f18	 f18:0x7fc00000 f18:0x7fc00000  f7=0x7fc00000
     442785.000 ns	     44277	80009248	194cf6d3	fdiv.s	f13,f25,f20	 f25:0x3f7fffae f20:0xff800000 f13=0x80000000
     443155.000 ns	     44314	8000924c	039ff233	remu	x4,x31,x25	 x31:0x7ffbecf2 x25:0x00000001  x4=0x00000000
     443175.000 ns	     44316	80009250	019976b3	and	x13,x18,x25	 x18:0x80041024 x25:0x00000001 x13=0x00000000
     443185.000 ns	     44317	80009254	fa566613	ori	x12,x12,-91	 x12:0x00000000 x12=0xffffffa5
     443205.000 ns	     44319	80009258	21e096d3	fsgnjn.s	f13,f1,f30	  f1:0xcafffebf f30:0x3f7fffae f13=0xcafffebf
     443225.000 ns	     44321	8000925c	95d52a97	auipc	x21,0x95d52	 x21=0x15d5b25c
     443245.000 ns	     44323	80009260	d00f7bd3	fcvt.s.w	f23,x30	 x30:0x5b5e1fe8 f23=0x4eb6bc3f
     443275.000 ns	     44326	80009264	d01398d3	fcvt.s.wu	f17,x7	  x7:0x00000002 f17=0x40000000
     443305.000 ns	     44329	80009268	c00bfcd3	fcvt.w.s	x25,f23	 f23:0x4eb6bc3f x25=0x5b5e1f80
     443335.000 ns	     44332	8000926c	020856b3	divu	x13,x16,x0	 x16:0x00000001  x0:0x00000000 x13=0xffffffff
     443355.000 ns	     44334	80009270	0172ecb3	or	x25,x5,x23	  x5:0x00000001 x23:0x7fffffff x25=0x7fffffff
     443365.000 ns	     44335	80009274	002a8db3	add	x27,x21,x2	 x21:0x15d5b25c  x2:0x00000001 x27=0x15d5b25d
     443385.000 ns	     44337	80009278	02ca85b3	mul	x11,x21,x12	 x21:0x15d5b25c x12:0xffffffa5 x11=0x3d09994c
     443405.000 ns	     44339	8000927c	00000013	addi	x0,x0,0	  x0:0x00000000
     443425.000 ns	     44341	80009280	29218cd3	fmin.s	f25,f3,f18	  f3:0x3e9acb62 f18:0x7fc00000 f25=0x3e9acb62
     443455.000 ns	     44344	80009284	20b22253	fsgnjx.s	f4,f4,f11	  f4:0x00000000 f11:0x00000000  f4=0x00000000
     443825.000 ns	     44381	80009288	022b57b3	divu	x15,x22,x2	 x22:0x00000000  x2:0x00000001 x15=0x00000000
     444195.000 ns	     44418	8000928c	031b57b3	divu	x15,x22,x17	 x22:0x00000000 x17:0xfffffb36 x15=0x00000000
     444565.000 ns	     44455	80009290	02c766b3	rem	x13,x14,x12	 x14:0xfffffc65 x12:0xffffffa5 x13=0xfffffff3
     444585.000 ns	     44457	80009294	00000013	addi	x0,x0,0	  x0:0x00000000
     444625.000 ns	     44461	80009298	01dafa53	fadd.s	f20,f21,f29	 f21:0x7b7becc8 f29:0x7b7becc8 f20=0x7bfbecc8
     444645.000 ns	     44463	8000929c	01505e93	srli	x29,x0,0x15	  x0:0x00000000 x29=0x00000000
     444675.000 ns	     44466	800092a0	18dfb2d3	fdiv.s	f5,f31,f13	 f31:0x00000000 f13:0xcafffebf  f5=0x80000000
     444705.000 ns	     44469	800092a4	e00883d3	fmv.x.w	x7,f17	 f17:0x40000000  x7=0x40000000
     444735.000 ns	     44472	800092a8	c008f8d3	fcvt.w.s	x17,f17	 f17:0x40000000 x17=0x00000002
     444755.000 ns	     44474	800092ac	01a1c2b3	xor	x5,x3,x26	  x3:0xffffffff x26:0x00000000  x5=0xffffffff
     444775.000 ns	     44476	800092b0	29070ad3	fmin.s	f21,f14,f16	 f14:0x4f220234 f16:0xbf800000 f21=0xbf800000
     444795.000 ns	     44478	800092b4	0042b9b3	sltu	x19,x5,x4	  x5:0x00000001  x4:0x00000000 x19=0x00000000
     444805.000 ns	     44479	800092b8	00000013	addi	x0,x0,0	  x0:0x00000000
     444815.000 ns	     44480	800092bc	0103fc33	and	x24,x7,x16	  x7:0x40000000 x16:0x00000001 x24=0x00000000
     444835.000 ns	     44482	800092c0	a1e7aad3	feq.s	x21,f15,f30	 f15:0x7f800000 f30:0x3f7fffae x21=0x00000000
     444855.000 ns	     44484	800092c4	00f698b3	sll	x17,x13,x15	 x13:0xfffffff3 x15:0x00000000 x17=0xfffffff3
     444875.000 ns	     44486	800092c8	e00f0d53	fmv.x.w	x26,f30	 f30:0x3f7fffae x26=0x3f7fffae
     444905.000 ns	     44489	800092cc	03129333	mulh	x6,x5,x17	  x5:0xffffffff x17:0x00000002  x6=0x00000000
     444955.000 ns	     44494	800092d0	0031a3d3	fadd.s	f7,f3,f3	  f3:0x3e9acb62  f3:0x3e9acb62  f7=0x3f1acb62
     444975.000 ns	     44496	800092d4	01e203b3	add	x7,x4,x30	  x4:0x00000000 x30:0x5b5e1fe8  x7=0x5b5e1fe8
     444995.000 ns	     44498	800092d8	21d2a2d3	fsgnjx.s	f5,f5,f29	  f5:0x80000000 f29:0x7b7becc8  f5=0x80000000
     445015.000 ns	     44500	800092dc	01c51993	slli	x19,x10,0x1c	 x10:0x80040fe4 x19=0x40000000
     445035.000 ns	     44502	800092e0	20cb2953	fsgnjx.s	f18,f22,f12	 f22:0x00000000 f12:0x80000000 f18=0x80000000
     445055.000 ns	     44504	800092e4	01b82f33	slt	x30,x16,x27	 x16:0x00000001 x27:0x15d5b25d x30=0x00000001
     445075.000 ns	     44506	800092e8	02a824b3	mulhsu	x9,x16,x10	 x16:0x00000001 x10:0x80040fe4  x9=0x00000000
     445095.000 ns	     44508	800092ec	08435c37	lui	x24,0x8435	 x24=0x08435000
     445105.000 ns	     44509	800092f0	000163b3	or	x7,x2,x0	  x2:0x00000001  x0:0x00000000  x7=0x00000001
     445125.000 ns	     44511	800092f4	0361b5b3	mulhu	x11,x3,x22	  x3:0xffffffff x22:0x00000000 x11=0x00000000
     445145.000 ns	     44513	800092f8	01a04fb3	xor	x31,x0,x26	  x0:0x00000000 x26:0x3f7fffae x31=0x3f7fffae
     445165.000 ns	     44515	800092fc	e0009253	fclass.s	x4,f1	  f1:0xcafffebf  x4=0x00000002
     445185.000 ns	     44517	80009300	006517b3	sll	x15,x10,x6	 x10:0x80040fe4  x6:0x00000000 x15=0x80040fe4
     445195.000 ns	     44518	80009304	01179fb3	sll	x31,x15,x17	 x15:0x00000000 x17:0xfffffff3 x31=0x7f200000
     445215.000 ns	     44520	80009308	f00205d3	fmv.w.x	f11,x4	  x4:0x00000002 f11=0x00000002
     445235.000 ns	     44522	8000930c	08279f37	lui	x30,0x8279	 x30=0x08279000
     445255.000 ns	     44524	80009310	28250f53	fmin.s	f30,f10,f2	 f10:0x4e0f23f0  f2:0x3f800000 f30=0x3f800000
     445275.000 ns	     44526	80009314	404ad593	srai	x11,x21,0x4	 x21:0x00000000 x11=0x00000000
     445295.000 ns	     44528	80009318	c01a7e53	fcvt.wu.s	x28,f20	 f20:0x7bfbecc8 x28=0xffffffff
     445315.000 ns	     44530	8000931c	27b1a193	slti	x3,x3,635	  x3:0xffffffff  x3=0x00000001
     445675.000 ns	     44566	80009320	03c35433	divu	x8,x6,x28	  x6:0x00000000 x28:0xffffffff  x8=0x00000000
     445695.000 ns	     44568	80009324	96aeb2b7	lui	x5,0x96aeb	  x5=0x96aeb000
     445715.000 ns	     44570	80009328	e0068c53	fmv.x.w	x24,f13	 f13:0xcafffebf x24=0xcafffebf
     445735.000 ns	     44572	8000932c	00ecd4b3	srl	x9,x25,x14	 x25:0x7fffffff x14:0xfffffc65  x9=0x03ffffff
     445745.000 ns	     44573	80009330	92d12837	lui	x16,0x92d12	 x16=0x92d12000
     445765.000 ns	     44575	80009334	21780cd3	fsgnj.s	f25,f16,f23	 f16:0xbf800000 f23:0x4eb6bc3f f25=0x3f800000
     445785.000 ns	     44577	80009338	008edf33	srl	x30,x29,x8	 x29:0x00000000  x8:0x00000000 x30=0x00000000
     445805.000 ns	     44579	8000933c	20aeac53	fsgnjx.s	f24,f29,f10	 f29:0x7b7becc8 f10:0x4e0f23f0 f24=0x7b7becc8
     445825.000 ns	     44581	80009340	01e6c133	xor	x2,x13,x30	 x13:0xfffffff3 x30:0x08279000  x2=0xfffffff3
     445835.000 ns	     44582	80009344	01305433	srl	x8,x0,x19	  x0:0x00000000 x19:0x40000000  x8=0x00000000
     445845.000 ns	     44583	80009348	00000013	addi	x0,x0,0	  x0:0x00000000
     446205.000 ns	     44619	8000934c	02c76cb3	rem	x25,x14,x12	 x14:0xfffffc65 x12:0xffffffa5 x25=0xfffffff3
     446575.000 ns	     44656	80009350	03296633	rem	x12,x18,x18	 x18:0x80041024 x18:0x80041024 x12=0x00000000
     446595.000 ns	     44658	80009354	012b9033	sll	x0,x23,x18	 x23:0x7fffffff x18:0x80041024
     446605.000 ns	     44659	80009358	0049e033	or	x0,x19,x4	 x19:0x40000000  x4:0x00000002
     446615.000 ns	     44660	8000935c	01ec2b33	slt	x22,x24,x30	 x24:0xcafffebf x30:0x00000000 x22=0x00000001
     447785.000 ns	     44777	80009360	58053f53	fsqrt.s	f30,f10	 f10:0x4e0f23f0 f30=0x464a6dbc
     447815.000 ns	     44780	80009364	03edd133	divu	x2,x27,x30	 x27:0x15d5b25d x30:0x00000000  x2=0xffffffff
     447845.000 ns	     44783	80009368	e00e0053	fmv.x.w	x0,f28	 f28:0x445c8000
     447875.000 ns	     44786	8000936c	02038ab3	mul	x21,x7,x0	  x7:0x00000001  x0:0x00000000 x21=0x00000000
     447905.000 ns	     44789	80009370	02c426b3	mulhsu	x13,x8,x12	  x8:0x00000000 x12:0x00000000 x13=0x00000000
     447925.000 ns	     44791	80009374	41cf0833	sub	x16,x30,x28	 x30:0x00000000 x28:0xffffffff x16=0x00000001
     447955.000 ns	     44794	80009378	115dbb53	fmul.s	f22,f27,f21	 f27:0xbf800000 f21:0xbf800000 f22=0x3f800000
     447985.000 ns	     44797	8000937c	29d58a53	fmin.s	f20,f11,f29	 f11:0x00000002 f29:0x7b7becc8 f20=0x00000002
     448005.000 ns	     44799	80009380	00bf8db3	add	x27,x31,x11	 x31:0x7f200000 x11:0x00000000 x27=0x7f200000
     448015.000 ns	     44800	80009384	00000013	addi	x0,x0,0	  x0:0x00000000
     448035.000 ns	     44802	80009388	d017fe53	fcvt.s.wu	f28,x15	 x15:0x80040fe4 f28=0x4f00040f
     448055.000 ns	     44804	8000938c	00de1593	slli	x11,x28,0xd	 x28:0xffffffff x11=0xffffe000
     448075.000 ns	     44806	80009390	0244bd33	mulhu	x26,x9,x4	  x9:0x03ffffff  x4:0x00000002 x26=0x00000000
     448095.000 ns	     44808	80009394	01a74333	xor	x6,x14,x26	 x14:0xfffffc65 x26:0x3f7fffae  x6=0xfffffc65
     448105.000 ns	     44809	80009398	010b1333	sll	x6,x22,x16	 x22:0x00000001 x16:0x00000001  x6=0x00000002
     448125.000 ns	     44811	8000939c	e0081bd3	fclass.s	x23,f16	 f16:0xbf800000 x23=0x00000002
     448175.000 ns	     44816	800093a0	0900f3d3	fsub.s	f7,f1,f16	  f1:0xcafffebf f16:0xbf800000  f7=0xcafffebd
     448195.000 ns	     44818	800093a4	7ac9b313	sltiu	x6,x19,1964	 x19:0x40000000  x6=0x00000000
     448215.000 ns	     44820	800093a8	0355f4b3	remu	x9,x11,x21	 x11:0xffffe000 x21:0x00000000  x9=0xffffe000
     448235.000 ns	     44822	800093ac	4110d193	srai	x3,x1,0x11	  x1:0xfffffcd6  x3=0xffffffff
     448255.000 ns	     44824	800093b0	e00411d3	fclass.s	x3,f8	  f8:0x4f7ffffc  x3=0x00000040
     448275.000 ns	     44826	800093b4	5c2c7f13	andi	x30,x24,1474	 x24:0xcafffebf x30=0x00000482
     448285.000 ns	     44827	800093b8	40845f93	srai	x31,x8,0x8	  x8:0x00000000 x31=0x00000000
     448305.000 ns	     44829	800093bc	d01b8353	fcvt.s.wu	f6,x23	 x23:0x00000002  f6=0x40000000
     448325.000 ns	     44831	800093c0	6fc12a93	slti	x21,x2,1788	  x2:0xffffffff x21=0x00000001
     448345.000 ns	     44833	800093c4	20510453	fsgnj.s	f8,f2,f5	  f2:0x3f800000  f5:0x80000000  f8=0xbf800000
     448715.000 ns	     44870	800093c8	02f8d633	divu	x12,x17,x15	 x17:0xfffffff3 x15:0x80040fe4 x12=0x00000001
     448735.000 ns	     44872	800093cc	01682633	slt	x12,x16,x22	 x16:0x00000001 x22:0x00000001 x12=0x00000000
     448745.000 ns	     44873	800093d0	e227c093	xori	x1,x15,-478	 x15:0x80040fe4  x1=0x7ffbf1c6
     448755.000 ns	     44874	800093d4	f4de2493	slti	x9,x28,-179	 x28:0xffffffff  x9=0x00000000
     448775.000 ns	     44876	800093d8	c01a7353	fcvt.wu.s	x6,f20	 f20:0x00000002  x6=0x00000000
     448805.000 ns	     44879	800093dc	d01c36d3	fcvt.s.wu	f13,x24	 x24:0xcafffebf f13=0x4f4affff
     449985.000 ns	     44997	800093e0	580e3053	fsqrt.s	f0,f28	 f28:0x4f00040f  f0=0x46b50a40
     450005.000 ns	     44999	800093e4	01a29433	sll	x8,x5,x26	  x5:0x96aeb000 x26:0x00000000  x8=0x96aeb000
     450015.000 ns	     45000	800093e8	a0d80693	addi	x13,x16,-1523	 x16:0x00000001 x13=0xfffffa0e
     450025.000 ns	     45001	800093ec	0c218613	addi	x12,x3,194	  x3:0x00000040 x12=0x00000102
     450045.000 ns	     45003	800093f0	e0079253	fclass.s	x4,f15	 f15:0x7f800000  x4=0x00000080
     450075.000 ns	     45006	800093f4	20b59b53	fsgnjn.s	f22,f11,f11	 f11:0x00000002 f11:0x00000002 f22=0x80000002
     450095.000 ns	     45008	800093f8	01f19433	sll	x8,x3,x31	  x3:0x00000040 x31:0x00000000  x8=0x00000040
     450115.000 ns	     45010	800093fc	21518853	fsgnj.s	f16,f3,f21	  f3:0x3e9acb62 f21:0xbf800000 f16=0xbe9acb62
     450145.000 ns	     45013	80009400	e00a1bd3	fclass.s	x23,f20	 f20:0x00000002 x23=0x00000020
     450195.000 ns	     45018	80009404	085576d3	fsub.s	f13,f10,f5	 f10:0x4e0f23f0  f5:0x80000000 f13=0x4e0f23f0
     450215.000 ns	     45020	80009408	01d0d233	srl	x4,x1,x29	  x1:0x7ffbf1c6 x29:0x00000000  x4=0x7ffbf1c6
     450235.000 ns	     45022	8000940c	213618d3	fsgnjn.s	f17,f12,f19	 f12:0x80000000 f19:0x00000002 f17=0x80000000
     450255.000 ns	     45024	80009410	007472b3	and	x5,x8,x7	  x8:0x00000040  x7:0x00000001  x5=0x00000000
     450275.000 ns	     45026	80009414	20ed0fd3	fsgnj.s	f31,f26,f14	 f26:0x7fc00000 f14:0x4f220234 f31=0x7fc00000
     450305.000 ns	     45029	80009418	f00085d3	fmv.w.x	f11,x1	  x1:0x7ffbf1c6 f11=0x7ffbf1c6
     450325.000 ns	     45031	8000941c	a3f87093	andi	x1,x16,-1473	 x16:0x00000001  x1=0x00000001
     450365.000 ns	     45035	80009420	08d501d3	fsub.s	f3,f10,f13	 f10:0x4e0f23f0 f13:0x4e0f23f0  f3=0x80000000
     450385.000 ns	     45037	80009424	014a5f13	srli	x30,x20,0x14	 x20:0xa202344a x30=0x00000a20
     450405.000 ns	     45039	80009428	21520b53	fsgnj.s	f22,f4,f21	  f4:0x00000000 f21:0xbf800000 f22=0x80000000
     450435.000 ns	     45042	8000942c	a1d797d3	flt.s	x15,f15,f29	 f15:0x7f800000 f29:0x7b7becc8 x15=0x00000000
     450485.000 ns	     45047	80009430	089427d3	fsub.s	f15,f8,f9	  f8:0xbf800000  f9:0x3f800000 f15=0xc0000000
     450505.000 ns	     45049	80009434	00463233	sltu	x4,x12,x4	 x12:0x00000102  x4:0x7ffbf1c6  x4=0x00000001
     450865.000 ns	     45085	80009438	023e4033	div	x0,x28,x3	 x28:0xffffffff  x3:0x00000040
     450905.000 ns	     45089	8000943c	18c8afd3	fdiv.s	f31,f17,f12	 f17:0x80000000 f12:0x80000000 f31=0x7fc00000
     450935.000 ns	     45092	80009440	206e0453	fsgnj.s	f8,f28,f6	 f28:0x4f00040f  f6:0x40000000  f8=0x4f00040f
     451305.000 ns	     45129	80009444	02c5e1b3	rem	x3,x11,x12	 x11:0xffffe000 x12:0x00000102  x3=0xffffff3e
     451325.000 ns	     45131	80009448	007e06b3	add	x13,x28,x7	 x28:0xffffffff  x7:0x00000001 x13=0x00000000
     451335.000 ns	     45132	8000944c	5a9f0c37	lui	x24,0x5a9f0	 x24=0x5a9f0000
     451345.000 ns	     45133	80009450	01f61b93	slli	x23,x12,0x1f	 x12:0x00000102 x23=0x00000000
     451365.000 ns	     45135	80009454	29c201d3	fmin.s	f3,f4,f28	  f4:0x00000000 f28:0x4f00040f  f3=0x00000000
     451395.000 ns	     45138	80009458	a15383d3	fle.s	x7,f7,f21	  f7:0xcafffebd f21:0xbf800000  x7=0x00000001
     451435.000 ns	     45142	8000945c	10f6f3d3	fmul.s	f7,f13,f15	 f13:0x4e0f23f0 f15:0xc0000000  f7=0xce8f23f0
     451465.000 ns	     45145	80009460	02b8b5b3	mulhu	x11,x17,x11	 x17:0xfffffff3 x11:0xffffe000 x11=0xffffdff3
     451485.000 ns	     45147	80009464	400a0db3	sub	x27,x20,x0	 x20:0xa202344a  x0:0x00000000 x27=0xa202344a
     451495.000 ns	     45148	80009468	b718a037	lui	x0,0xb718a	
     451515.000 ns	     45150	8000946c	a0800453	fle.s	x8,f0,f8	  f0:0x46b50a40  f8:0x4f00040f  x8=0x00000001
     451535.000 ns	     45152	80009470	032c0713	addi	x14,x24,50	 x24:0x5a9f0000 x14=0x5a9f0032
     451555.000 ns	     45154	80009474	c00a75d3	fcvt.w.s	x11,f20	 f20:0x00000002 x11=0x00000000
     451585.000 ns	     45157	80009478	c01a14d3	fcvt.wu.s	x9,f20	 f20:0x00000002  x9=0x00000000
     451615.000 ns	     45160	8000947c	d004fe53	fcvt.s.w	f28,x9	  x9:0x00000000 f28=0x00000000
     451635.000 ns	     45162	80009480	010e4233	xor	x4,x28,x16	 x28:0xffffffff x16:0x00000001  x4=0xfffffffe
     451655.000 ns	     45164	80009484	02753733	mulhu	x14,x10,x7	 x10:0x80040fe4  x7:0x00000001 x14=0x00000000
     451685.000 ns	     45167	80009488	d00b86d3	fcvt.s.w	f13,x23	 x23:0x00000000 f13=0x00000000
     451705.000 ns	     45169	8000948c	01155113	srli	x2,x10,0x11	 x10:0x80040fe4  x2=0x00004002
     451715.000 ns	     45170	80009490	42a87013	andi	x0,x16,1066	 x16:0x00000001
     452075.000 ns	     45206	80009494	02c86333	rem	x6,x16,x12	 x16:0x00000001 x12:0x00000102  x6=0x00000001
     452095.000 ns	     45208	80009498	00000013	addi	x0,x0,0	  x0:0x00000000
     452105.000 ns	     45209	8000949c	01055993	srli	x19,x10,0x10	 x10:0x80040fe4 x19=0x00008004
     452125.000 ns	     45211	800094a0	02708e33	mul	x28,x1,x7	  x1:0x00000001  x7:0x00000001 x28=0x00000001
     452145.000 ns	     45213	800094a4	8176a293	slti	x5,x13,-2025	 x13:0x00000000  x5=0x00000000
     452165.000 ns	     45215	800094a8	2187a7d3	fsgnjx.s	f15,f15,f24	 f15:0xc0000000 f24:0x7b7becc8 f15=0xc0000000
     452185.000 ns	     45217	800094ac	f7f22b13	slti	x22,x4,-129	  x4:0xfffffffe x22=0x00000000
     452215.000 ns	     45220	800094b0	111b7cd3	fmul.s	f25,f22,f17	 f22:0x80000000 f17:0x80000000 f25=0x00000000
     452235.000 ns	     45222	800094b4	01cf3633	sltu	x12,x30,x28	 x30:0x00000a20 x28:0x00000001 x12=0x00000000
     452255.000 ns	     45224	800094b8	03791cb3	mulh	x25,x18,x23	 x18:0x80041024 x23:0x00000000 x25=0x00000000
     452275.000 ns	     45226	800094bc	91521117	auipc	x2,0x91521	  x2=0x1152a4bc
     452295.000 ns	     45228	800094c0	02ef3cb3	mulhu	x25,x30,x14	 x30:0x00000a20 x14:0x00000000 x25=0x00000000
     452325.000 ns	     45231	800094c4	02ef5733	divu	x14,x30,x14	 x30:0x00000a20 x14:0x00000000 x14=0xffffffff
     452355.000 ns	     45234	800094c8	a0db07d3	fle.s	x15,f22,f13	 f22:0x80000000 f13:0x00000000 x15=0x00000001
     452385.000 ns	     45237	800094cc	21b698d3	fsgnjn.s	f17,f13,f27	 f13:0x00000000 f27:0xbf800000 f17=0x00000000
     452405.000 ns	     45239	800094d0	00fe22b3	slt	x5,x28,x15	 x28:0x00000001 x15:0x00000001  x5=0x00000000
     452415.000 ns	     45240	800094d4	40c20fb3	sub	x31,x4,x12	  x4:0xfffffffe x12:0x00000000 x31=0xfffffffe
     452425.000 ns	     45241	800094d8	36c6a117	auipc	x2,0x36c6a	  x2=0xb6c734d8
     452785.000 ns	     45277	800094dc	023d7133	remu	x2,x26,x3	 x26:0x00000000  x3:0xffffff3e  x2=0x00000000
     452815.000 ns	     45280	800094e0	e00c19d3	fclass.s	x19,f24	 f24:0x7b7becc8 x19=0x00000040
     452845.000 ns	     45283	800094e4	299e0653	fmin.s	f12,f28,f25	 f28:0x00000000 f25:0x00000000 f12=0x00000000
     452865.000 ns	     45285	800094e8	414ed693	srai	x13,x29,0x14	 x29:0x00000000 x13=0x00000000
     452875.000 ns	     45286	800094ec	0009e433	or	x8,x19,x0	 x19:0x00000040  x0:0x00000000  x8=0x00000040
     452885.000 ns	     45287	800094f0	042c8417	auipc	x8,0x42c8	  x8=0x842d14f0
     452905.000 ns	     45289	800094f4	a0039d53	flt.s	x26,f7,f0	  f7:0xce8f23f0  f0:0x46b50a40 x26=0x00000001
     452935.000 ns	     45292	800094f8	213080d3	fsgnj.s	f1,f1,f19	  f1:0xcafffebf f19:0x00000002  f1=0x4afffebf
     452965.000 ns	     45295	800094fc	28491453	fmax.s	f8,f18,f4	 f18:0x80000000  f4:0x00000000  f8=0x00000000
     452995.000 ns	     45298	80009500	291a82d3	fmin.s	f5,f21,f17	 f21:0xbf800000 f17:0x00000000  f5=0xbf800000
     453045.000 ns	     45303	80009504	09c0ffd3	fsub.s	f31,f1,f28	  f1:0x4afffebf f28:0x00000000 f31=0x4afffebf
     453065.000 ns	     45305	80009508	f40c8117	auipc	x2,0xf40c8	  x2=0x740d1508
     454235.000 ns	     45422	8000950c	58077bd3	fsqrt.s	f23,f14	 f14:0x4f220234 f23=0x46e51cd8
     454605.000 ns	     45459	80009510	02f2e033	rem	x0,x5,x15	  x5:0x00000000 x15:0x00000001
     454635.000 ns	     45462	80009514	d0027b53	fcvt.s.w	f22,x4	  x4:0xfffffffe f22=0xc0000000
     454665.000 ns	     45465	80009518	02639733	mulh	x14,x7,x6	  x7:0x00000001  x6:0x00000001 x14=0x00000000
     454685.000 ns	     45467	8000951c	011b2e33	slt	x28,x22,x17	 x22:0x00000000 x17:0xfffffff3 x28=0x00000000
     454705.000 ns	     45469	80009520	a13d8453	fle.s	x8,f27,f19	 f27:0xbf800000 f19:0x00000002  x8=0x00000001
     454745.000 ns	     45473	80009524	199b7fd3	fdiv.s	f31,f22,f25	 f22:0xc0000000 f25:0x00000000 f31=0xff800000
     454785.000 ns	     45477	80009528	5807f3d3	fsqrt.s	f7,f15	 f15:0xc0000000  f7=0x7fc00000
     454805.000 ns	     45479	8000952c	40e7d113	srai	x2,x15,0xe	 x15:0x00000001  x2=0x00000000
     454825.000 ns	     45481	80009530	205fa5d3	fsgnjx.s	f11,f31,f5	 f31:0xff800000  f5:0xbf800000 f11=0x7f800000
     455195.000 ns	     45518	80009534	0303de33	divu	x28,x7,x16	  x7:0x00000001 x16:0x00000001 x28=0x00000001
     455215.000 ns	     45520	80009538	40cd56b3	sra	x13,x26,x12	 x26:0x00000001 x12:0x00000000 x13=0x00000001
     455235.000 ns	     45522	8000953c	e00115d3	fclass.s	x11,f2	  f2:0x3f800000 x11=0x00000040
     455255.000 ns	     45524	80009540	40d2d193	srai	x3,x5,0xd	  x5:0x00000000  x3=0x00000000
     455265.000 ns	     45525	80009544	016a38b3	sltu	x17,x20,x22	 x20:0xa202344a x22:0x00000000 x17=0x00000000
     455275.000 ns	     45526	80009548	00c83eb3	sltu	x29,x16,x12	 x16:0x00000001 x12:0x00000000 x29=0x00000000
     455285.000 ns	     45527	8000954c	c28a8893	addi	x17,x21,-984	 x21:0x00000001 x17=0xfffffc29
     455295.000 ns	     45528	80009550	a0accc13	xori	x24,x25,-1526	 x25:0x00000000 x24=0xfffffa0a
     455325.000 ns	     45531	80009554	19be79d3	fdiv.s	f19,f28,f27	 f28:0x00000000 f27:0xbf800000 f19=0x80000000
     455665.000 ns	     45565	80009558	180b74d3	fdiv.s	f9,f22,f0	 f22:0xc0000000  f0:0x46b50a40  f9=0xb88e1dd2
     455685.000 ns	     45567	8000955c	bec6e713	ori	x14,x13,-1044	 x13:0x00000001 x14=0xfffffbed
     455695.000 ns	     45568	80009560	dc956213	ori	x4,x10,-567	 x10:0x80040fe4  x4=0xffffffed
     455705.000 ns	     45569	80009564	97febe13	sltiu	x28,x29,-1665	 x29:0x00000000 x28=0x00000001
     455715.000 ns	     45570	80009568	009ecc33	xor	x24,x29,x9	 x29:0x00000000  x9:0x00000000 x24=0x00000000
     455735.000 ns	     45572	8000956c	21ef2653	fsgnjx.s	f12,f30,f30	 f30:0x464a6dbc f30:0x464a6dbc f12=0x464a6dbc
     455765.000 ns	     45575	80009570	c01f7f53	fcvt.wu.s	x30,f30	 f30:0x464a6dbc x30=0x0000329b
     455795.000 ns	     45578	80009574	c00aacd3	fcvt.w.s	x25,f21	 f21:0xbf800000 x25=0xffffffff
     455825.000 ns	     45581	80009578	21768c53	fsgnj.s	f24,f13,f23	 f13:0x00000000 f23:0x46e51cd8 f24=0x00000000
     455845.000 ns	     45583	8000957c	01065e33	srl	x28,x12,x16	 x12:0x00000000 x16:0x00000001 x28=0x00000000
     455865.000 ns	     45585	80009580	2059aa53	fsgnjx.s	f20,f19,f5	 f19:0x80000000  f5:0xbf800000 f20=0x00000000
     455895.000 ns	     45588	80009584	e0080dd3	fmv.x.w	x27,f16	 f16:0xbe9acb62 x27=0xbe9acb62
     455915.000 ns	     45590	80009588	01c5a433	slt	x8,x11,x28	 x11:0x00000040 x28:0x00000000  x8=0x00000000
     455945.000 ns	     45593	8000958c	199af953	fdiv.s	f18,f21,f25	 f21:0xbf800000 f25:0x00000000 f18=0xff800000
     455975.000 ns	     45596	80009590	20b09353	fsgnjn.s	f6,f1,f11	  f1:0x4afffebf f11:0x7f800000  f6=0xcafffebf
     456005.000 ns	     45599	80009594	d01db6d3	fcvt.s.wu	f13,x27	 x27:0xbe9acb62 f13=0x4f3e9acc
     456035.000 ns	     45602	80009598	d01c7a53	fcvt.s.wu	f20,x24	 x24:0x00000000 f20=0x00000000
     456065.000 ns	     45605	8000959c	29390153	fmin.s	f2,f18,f19	 f18:0xff800000 f19:0x80000000  f2=0xff800000
     456085.000 ns	     45607	800095a0	89e3fd93	andi	x27,x7,-1890	  x7:0x00000001 x27=0x00000000
     456095.000 ns	     45608	800095a4	b4974b13	xori	x22,x14,-1207	 x14:0xfffffbed x22=0x000000a4
     456105.000 ns	     45609	800095a8	0113abb3	slt	x23,x7,x17	  x7:0x00000001 x17:0xfffffc29 x23=0x00000000
     456115.000 ns	     45610	800095ac	15d5f793	andi	x15,x11,349	 x11:0x00000040 x15=0x00000040
     457285.000 ns	     45727	800095b0	580072d3	fsqrt.s	f5,f0	  f0:0x46b50a40  f5=0x43183a19
     457305.000 ns	     45729	800095b4	00c3e8b3	or	x17,x7,x12	  x7:0x00000001 x12:0x00000000 x17=0x00000001
     457315.000 ns	     45730	800095b8	003ca2b3	slt	x5,x25,x3	 x25:0xffffffff  x3:0x00000000  x5=0x00000001
     457325.000 ns	     45731	800095bc	003af733	and	x14,x21,x3	 x21:0x00000001  x3:0x00000000 x14=0x00000000
     457345.000 ns	     45733	800095c0	284206d3	fmin.s	f13,f4,f4	  f4:0x00000000  f4:0x00000000 f13=0x00000000
     457365.000 ns	     45735	800095c4	2ee7a297	auipc	x5,0x2ee7a	  x5=0xaee835c4
     457385.000 ns	     45737	800095c8	0325b633	mulhu	x12,x11,x18	 x11:0x00000040 x18:0x80041024 x12=0x00000020
     457405.000 ns	     45739	800095cc	005ff3b3	and	x7,x31,x5	 x31:0xfffffffe  x5:0x00000001  x7=0xaee835c4
     457435.000 ns	     45742	800095d0	1070fc53	fmul.s	f24,f1,f7	  f1:0x4afffebf  f7:0x7fc00000 f24=0x7fc00000
     457465.000 ns	     45745	800095d4	29c20753	fmin.s	f14,f4,f28	  f4:0x00000000 f28:0x00000000 f14=0x00000000
     457495.000 ns	     45748	800095d8	0221af33	mulhsu	x30,x3,x2	  x3:0x00000000  x2:0x00000000 x30=0x00000000
     457515.000 ns	     45750	800095dc	01c91233	sll	x4,x18,x28	 x18:0x80041024 x28:0x00000000  x4=0x80041024
     457535.000 ns	     45752	800095e0	024b1f33	mulh	x30,x22,x4	 x22:0x000000a4  x4:0xffffffed x30=0xffffffae
     457565.000 ns	     45755	800095e4	02e8beb3	mulhu	x29,x17,x14	 x17:0x00000001 x14:0x00000000 x29=0x00000000
     457595.000 ns	     45758	800095e8	03ba71b3	remu	x3,x20,x27	 x20:0xa202344a x27:0x00000000  x3=0xa202344a
     457615.000 ns	     45760	800095ec	40f7df93	srai	x31,x15,0xf	 x15:0x00000040 x31=0x00000000
     457635.000 ns	     45762	800095f0	a03e26d3	feq.s	x13,f28,f3	 f28:0x00000000  f3:0x00000000 x13=0x00000001
     457655.000 ns	     45764	800095f4	01beb6b3	sltu	x13,x29,x27	 x29:0x00000000 x27:0x00000000 x13=0x00000000
     457665.000 ns	     45765	800095f8	01c62d33	slt	x26,x12,x28	 x12:0x00000020 x28:0x00000000 x26=0x00000000
     457685.000 ns	     45767	800095fc	a1a508d3	fle.s	x17,f10,f26	 f10:0x4e0f23f0 f26:0x7fc00000 x17=0x00000000
     457705.000 ns	     45769	80009600	416f07b3	sub	x15,x30,x22	 x30:0xffffffae x22:0x000000a4 x15=0xffffff0a
     457715.000 ns	     45770	80009604	00000013	addi	x0,x0,0	  x0:0x00000000
     458075.000 ns	     45806	80009608	02a373b3	remu	x7,x6,x10	  x6:0x00000001 x10:0x80040fe4  x7=0x00000001
     458105.000 ns	     45809	8000960c	203a2a53	fsgnjx.s	f20,f20,f3	 f20:0x00000000  f3:0x00000000 f20=0x00000000
     458135.000 ns	     45812	80009610	a16989d3	fle.s	x19,f19,f22	 f19:0x80000000 f22:0xc0000000 x19=0x00000000
     458165.000 ns	     45815	80009614	e0011c53	fclass.s	x24,f2	  f2:0xff800000 x24=0x00000001
     458185.000 ns	     45817	80009618	c987f813	andi	x16,x15,-872	 x15:0xffffff0a x16=0xfffffc08
     458195.000 ns	     45818	8000961c	41c28cb3	sub	x25,x5,x28	  x5:0xaee835c4 x28:0x00000000 x25=0xaee835c4
     458225.000 ns	     45821	80009620	106bf4d3	fmul.s	f9,f23,f6	 f23:0x46e51cd8  f6:0xcafffebf  f9=0xd2651bb9
     458245.000 ns	     45823	80009624	00d67133	and	x2,x12,x13	 x12:0x00000020 x13:0x00000000  x2=0x00000000
     458265.000 ns	     45825	80009628	028193b3	mulh	x7,x3,x8	  x3:0xa202344a  x8:0x00000000  x7=0x00000000
     458285.000 ns	     45827	8000962c	33df6093	ori	x1,x30,829	 x30:0xffffffae  x1=0xffffffbf
     458295.000 ns	     45828	80009630	00000013	addi	x0,x0,0	  x0:0x00000000
     458315.000 ns	     45830	80009634	a0ce25d3	feq.s	x11,f28,f12	 f28:0x00000000 f12:0x464a6dbc x11=0x00000000
     458335.000 ns	     45832	80009638	414851b3	sra	x3,x16,x20	 x16:0xfffffc08 x20:0xa202344a  x3=0xffffffff
     458355.000 ns	     45834	8000963c	039906b3	mul	x13,x18,x25	 x18:0x80041024 x25:0xaee835c4 x13=0xf313cf90
     458385.000 ns	     45837	80009640	28e78953	fmin.s	f18,f15,f14	 f15:0xc0000000 f14:0x00000000 f18=0xc0000000
     458405.000 ns	     45839	80009644	015e6c33	or	x24,x28,x21	 x28:0x00000000 x21:0x00000001 x24=0x00000001
     458415.000 ns	     45840	80009648	01fac133	xor	x2,x21,x31	 x21:0x00000001 x31:0x00000000  x2=0x00000001
     458435.000 ns	     45842	8000964c	03e534b3	mulhu	x9,x10,x30	 x10:0x80040fe4 x30:0xffffffae  x9=0x80040fba
     458465.000 ns	     45845	80009650	d0060853	fcvt.s.w	f16,x12	 x12:0x00000020 f16=0x42000000
     458485.000 ns	     45847	80009654	018b5213	srli	x4,x22,0x18	 x22:0x000000a4  x4=0x00000000
     458515.000 ns	     45850	80009658	185c35d3	fdiv.s	f11,f24,f5	 f24:0x7fc00000  f5:0x43183a19 f11=0x7fc00000
     458535.000 ns	     45852	8000965c	c5908d13	addi	x26,x1,-935	  x1:0xffffffbf x26=0xfffffc18
     458555.000 ns	     45854	80009660	a1b7a7d3	feq.s	x15,f15,f27	 f15:0xc0000000 f27:0xbf800000 x15=0x00000000
     458585.000 ns	     45857	80009664	20ba8a53	fsgnj.s	f20,f21,f11	 f21:0xbf800000 f11:0x7fc00000 f20=0x3f800000
     458605.000 ns	     45859	80009668	4b074a93	xori	x21,x14,1200	 x14:0x00000000 x21=0x000004b0
     458625.000 ns	     45861	8000966c	033624b3	mulhsu	x9,x12,x19	 x12:0x00000020 x19:0x00000000  x9=0x00000000
     458645.000 ns	     45863	80009670	01ce7833	and	x16,x28,x28	 x28:0x00000000 x28:0x00000000 x16=0x00000000
     459005.000 ns	     45899	80009674	0388d5b3	divu	x11,x17,x24	 x17:0x00000000 x24:0x00000001 x11=0x00000000
     459025.000 ns	     45901	80009678	16b76113	ori	x2,x14,363	 x14:0x00000000  x2=0x0000016b
     459035.000 ns	     45902	8000967c	01182ab3	slt	x21,x16,x17	 x16:0x00000000 x17:0x00000000 x21=0x00000000
     459045.000 ns	     45903	80009680	3191cc93	xori	x25,x3,793	  x3:0xffffffff x25=0xfffffce6
     459055.000 ns	     45904	80009684	010dc433	xor	x8,x27,x16	 x27:0x00000000 x16:0x00000000  x8=0x00000000
     459065.000 ns	     45905	80009688	b8410b93	addi	x23,x2,-1148	  x2:0x0000016b x23=0xfffffcef
     459425.000 ns	     45941	8000968c	037e58b3	divu	x17,x28,x23	 x28:0x00000000 x23:0x00000000 x17=0x00000000
     459465.000 ns	     45945	80009690	580979d3	fsqrt.s	f19,f18	 f18:0xc0000000 f19=0x7fc00000
     459485.000 ns	     45947	80009694	d4208f97	auipc	x31,0xd4208	 x31=0x54211694
     459495.000 ns	     45948	80009698	c24d3813	sltiu	x16,x26,-988	 x26:0xfffffc18 x16=0x00000001
     459505.000 ns	     45949	8000969c	9e5e3813	sltiu	x16,x28,-1563	 x28:0x00000000 x16=0x00000001
     459515.000 ns	     45950	800096a0	8c193c13	sltiu	x24,x18,-1855	 x18:0x80041024 x24=0x00000001
     459525.000 ns	     45951	800096a4	00ec1293	slli	x5,x24,0xe	 x24:0x00000001  x5=0x00004000
     459535.000 ns	     45952	800096a8	ef846313	ori	x6,x8,-264	  x8:0x00000000  x6=0xfffffef8
     459545.000 ns	     45953	800096ac	412981b3	sub	x3,x19,x18	 x19:0x00000000 x18:0x80041024  x3=0x7ffbefdc
     459565.000 ns	     45955	800096b0	026118b3	mulh	x17,x2,x6	  x2:0x0000016b  x6:0x00000001 x17=0xffffffff
     459595.000 ns	     45958	800096b4	025c90b3	mulh	x1,x25,x5	 x25:0xfffffce6  x5:0x00004000  x1=0xffffffff
     459625.000 ns	     45961	800096b8	e0040fd3	fmv.x.w	x31,f8	  f8:0x00000000 x31=0x00000000
     459675.000 ns	     45966	800096bc	01edf753	fadd.s	f14,f27,f30	 f27:0xbf800000 f30:0x464a6dbc f14=0x464a69bc
     459715.000 ns	     45970	800096c0	19aa3253	fdiv.s	f4,f20,f26	 f20:0x3f800000 f26:0x7fc00000  f4=0x7fc00000
     459745.000 ns	     45973	800096c4	024a9db3	mulh	x27,x21,x4	 x21:0x00000000  x4:0x00000000 x27=0x00000000
     459775.000 ns	     45976	800096c8	c0107d53	fcvt.wu.s	x26,f0	  f0:0x46b50a40 x26=0x00005a85
     459815.000 ns	     45980	800096cc	11e3fb53	fmul.s	f22,f7,f30	  f7:0x7fc00000 f30:0x464a6dbc f22=0x7fc00000
     459845.000 ns	     45983	800096d0	03c809b3	mul	x19,x16,x28	 x16:0x00000001 x28:0x00000000 x19=0x00000000
     459875.000 ns	     45986	800096d4	e00d8d53	fmv.x.w	x26,f27	 f27:0xbf800000 x26=0xbf800000
     459895.000 ns	     45988	800096d8	01ff9c13	slli	x24,x31,0x1f	 x31:0x00000000 x24=0x00000000
     459905.000 ns	     45989	800096dc	016e6433	or	x8,x28,x22	 x28:0x00000000 x22:0x000000a4  x8=0x000000a4
     459925.000 ns	     45991	800096e0	020d1db3	mulh	x27,x26,x0	 x26:0xbf800000  x0:0x00000000 x27=0x00000000
     459945.000 ns	     45993	800096e4	d0e18fb7	lui	x31,0xd0e18	 x31=0xd0e18000
     459965.000 ns	     45995	800096e8	03708bb3	mul	x23,x1,x23	  x1:0xffffffff x23:0xfffffcef x23=0x00000311
     459985.000 ns	     45997	800096ec	951b6213	ori	x4,x22,-1711	 x22:0x000000a4  x4=0xfffff9f5
     459995.000 ns	     45998	800096f0	00a56eb3	or	x29,x10,x10	 x10:0x80040fe4 x10:0x80040fe4 x29=0x80040fe4
     460015.000 ns	     46000	800096f4	d0024bd3	fcvt.s.w	f23,x4	  x4:0x00000000 f23=0xc4c16000
     460045.000 ns	     46003	800096f8	02988f33	mul	x30,x17,x9	 x17:0xffffffff  x9:0x00000000 x30=0x00000000
     460065.000 ns	     46005	800096fc	00a83033	sltu	x0,x16,x10	 x16:0x00000001 x10:0x80040fe4
     460075.000 ns	     46006	80009700	009209b3	add	x19,x4,x9	  x4:0xfffff9f5  x9:0x00000000 x19=0xfffff9f5
     460095.000 ns	     46008	80009704	c010fad3	fcvt.wu.s	x21,f1	  f1:0x4afffebf x21=0x007fff5f
     460125.000 ns	     46011	80009708	e00c95d3	fclass.s	x11,f25	 f25:0x00000000 x11=0x00000010
     460175.000 ns	     46016	8000970c	0198fe53	fadd.s	f28,f17,f25	 f17:0x00000000 f25:0x00000000 f28=0x00000000
     460195.000 ns	     46018	80009710	406b5793	srai	x15,x22,0x6	 x22:0x000000a4 x15=0x00000002
     460215.000 ns	     46020	80009714	20ba9153	fsgnjn.s	f2,f21,f11	 f21:0xbf800000 f11:0x7fc00000  f2=0xbf800000
     460245.000 ns	     46023	80009718	c0139ad3	fcvt.wu.s	x21,f7	  f7:0x7fc00000 x21=0xffffffff
     460275.000 ns	     46026	8000971c	28759653	fmax.s	f12,f11,f7	 f11:0x7fc00000  f7:0x7fc00000 f12=0x7fc00000
     460645.000 ns	     46063	80009720	02877db3	remu	x27,x14,x8	 x14:0x00000000  x8:0x000000a4 x27=0x00000000
     460675.000 ns	     46066	80009724	029648b3	div	x17,x12,x9	 x12:0x00000020  x9:0x00000000 x17=0xffffffff
     460695.000 ns	     46068	80009728	40a383b3	sub	x7,x7,x10	  x7:0x00000000 x10:0x80040fe4  x7=0x7ffbf01c
     460705.000 ns	     46069	8000972c	00d3d8b3	srl	x17,x7,x13	  x7:0x00000000 x13:0xf313cf90 x17=0x00007ffb
     460745.000 ns	     46073	80009730	08722753	fsub.s	f14,f4,f7	  f4:0x7fc00000  f7:0x7fc00000 f14=0x7fc00000
     460765.000 ns	     46075	80009734	4b06bc13	sltiu	x24,x13,1200	 x13:0xf313cf90 x24=0x00000000
     460795.000 ns	     46078	80009738	1060f5d3	fmul.s	f11,f1,f6	  f1:0x4afffebf  f6:0xcafffebf f11=0xd67ffd7e
     460825.000 ns	     46081	8000973c	20122653	fsgnjx.s	f12,f4,f1	  f4:0x7fc00000  f1:0x4afffebf f12=0x7fc00000
     460855.000 ns	     46084	80009740	a04490d3	flt.s	x1,f9,f4	  f9:0xd2651bb9  f4:0x7fc00000  x1=0x00000000
     460875.000 ns	     46086	80009744	3cf9e093	ori	x1,x19,975	 x19:0xfffff9f5  x1=0xfffffbff
     460895.000 ns	     46088	80009748	a02201d3	fle.s	x3,f4,f2	  f4:0x7fc00000  f2:0xbf800000  x3=0x00000000
     460925.000 ns	     46091	8000974c	02a31bb3	mulh	x23,x6,x10	  x6:0xfffffef8 x10:0x80040fe4 x23=0x00000083
     460955.000 ns	     46094	80009750	02312fb3	mulhsu	x31,x2,x3	  x2:0x0000016b  x3:0x00000000 x31=0x00000000
     460985.000 ns	     46097	80009754	213695d3	fsgnjn.s	f11,f13,f19	 f13:0x00000000 f19:0x7fc00000 f11=0x80000000
     461005.000 ns	     46099	80009758	01ba5733	srl	x14,x20,x27	 x20:0xa202344a x27:0x00000000 x14=0xa202344a
     461045.000 ns	     46103	8000975c	0943f453	fsub.s	f8,f7,f20	  f7:0x7fc00000 f20:0x3f800000  f8=0x7fc00000
     461095.000 ns	     46108	80009760	08e218d3	fsub.s	f17,f4,f14	  f4:0x7fc00000 f14:0x7fc00000 f17=0x7fc00000
     461115.000 ns	     46110	80009764	1070c813	xori	x16,x1,263	  x1:0xfffffbff x16=0xfffffaf8
     461125.000 ns	     46111	80009768	01484333	xor	x6,x16,x20	 x16:0x00000001 x20:0xa202344a  x6=0x5dfdceb2
     461135.000 ns	     46112	8000976c	92db6693	ori	x13,x22,-1747	 x22:0x000000a4 x13=0xfffff9ad
     461155.000 ns	     46114	80009770	29aa0253	fmin.s	f4,f20,f26	 f20:0x3f800000 f26:0x7fc00000  f4=0x3f800000
     461175.000 ns	     46116	80009774	418cd6b3	sra	x13,x25,x24	 x25:0xfffffce6 x24:0x00000000 x13=0xfffffce6
     461195.000 ns	     46118	80009778	e00c1dd3	fclass.s	x27,f24	 f24:0x7fc00000 x27=0x00000200
     461225.000 ns	     46121	8000977c	e0088253	fmv.x.w	x4,f17	 f17:0x7fc00000  x4=0x7fc00000
     461255.000 ns	     46124	80009780	a00596d3	flt.s	x13,f11,f0	 f11:0x80000000  f0:0x46b50a40 x13=0x00000001
     461295.000 ns	     46128	80009784	1049fb53	fmul.s	f22,f19,f4	 f19:0x7fc00000  f4:0x3f800000 f22=0x7fc00000
     461315.000 ns	     46130	80009788	00b8d5b3	srl	x11,x17,x11	 x17:0x00007ffb x11:0x00000010 x11=0x00000000
     461675.000 ns	     46166	8000978c	0348d633	divu	x12,x17,x20	 x17:0x00007ffb x20:0xa202344a x12=0x00000000
     461725.000 ns	     46171	80009790	0039b8d3	fadd.s	f17,f19,f3	 f19:0x7fc00000  f3:0x00000000 f17=0x7fc00000
     461745.000 ns	     46173	80009794	968c7213	andi	x4,x24,-1688	 x24:0x00000000  x4=0x00000000
     461755.000 ns	     46174	80009798	00672033	slt	x0,x14,x6	 x14:0xa202344a  x6:0x5dfdceb2
     461765.000 ns	     46175	8000979c	008adb13	srli	x22,x21,0x8	 x21:0xffffffff x22=0x00ffffff
     461785.000 ns	     46177	800097a0	d01f24d3	fcvt.s.wu	f9,x30	 x30:0x00000000  f9=0x00000000
     461805.000 ns	     46179	800097a4	018805b3	add	x11,x16,x24	 x16:0xfffffaf8 x24:0x00000000 x11=0xfffffaf8
     461825.000 ns	     46181	800097a8	023f28b3	mulhsu	x17,x30,x3	 x30:0x00000000  x3:0x00000000 x17=0x00000000
     461855.000 ns	     46184	800097ac	28970253	fmin.s	f4,f14,f9	 f14:0x7fc00000  f9:0x00000000  f4=0x00000000
     461875.000 ns	     46186	800097b0	006281b3	add	x3,x5,x6	  x5:0x00004000  x6:0x5dfdceb2  x3=0x5dfe0eb2
     461885.000 ns	     46187	800097b4	0c173b93	sltiu	x23,x14,193	 x14:0xa202344a x23=0x00000000
     461895.000 ns	     46188	800097b8	4c69a417	auipc	x8,0x4c69a	  x8=0xcc6a37b8
     461905.000 ns	     46189	800097bc	83026237	lui	x4,0x83026	  x4=0x83026000
     461925.000 ns	     46191	800097c0	28d90f53	fmin.s	f30,f18,f13	 f18:0xc0000000 f13:0x00000000 f30=0xc0000000
     461945.000 ns	     46193	800097c4	35255337	lui	x6,0x35255	  x6=0x35255000
     461955.000 ns	     46194	800097c8	3aa44893	xori	x17,x8,938	  x8:0xcc6a37b8 x17=0xcc6a3412
     461965.000 ns	     46195	800097cc	01cabe33	sltu	x28,x21,x28	 x21:0xffffffff x28:0x00000000 x28=0x00000000
     461985.000 ns	     46197	800097d0	03c19133	mulh	x2,x3,x28	  x3:0x5dfe0eb2 x28:0x00000000  x2=0x00000000
     462005.000 ns	     46199	800097d4	18203e13	sltiu	x28,x0,386	  x0:0x00000000 x28=0x00000001
     462045.000 ns	     46203	800097d8	01c173d3	fadd.s	f7,f2,f28	  f2:0xbf800000 f28:0x00000000  f7=0xbf800000
     462065.000 ns	     46205	800097dc	01be1f33	sll	x30,x28,x27	 x28:0x00000000 x27:0x00000200 x30=0x00000001
     462085.000 ns	     46207	800097e0	02fe2fb3	mulhsu	x31,x28,x15	 x28:0x00000001 x15:0x00000002 x31=0x00000000
     462115.000 ns	     46210	800097e4	d01c97d3	fcvt.s.wu	f15,x25	 x25:0xfffffce6 f15=0x4f7ffffc
     462135.000 ns	     46212	800097e8	cd656c17	auipc	x24,0xcd656	 x24=0x4d65f7e8
     462155.000 ns	     46214	800097ec	03f812b3	mulh	x5,x16,x31	 x16:0xfffffaf8 x31:0x00000000  x5=0x00000000
     462525.000 ns	     46251	800097f0	0269dab3	divu	x21,x19,x6	 x19:0xfffff9f5  x6:0x35255000 x21=0x00000004
     462555.000 ns	     46254	800097f4	d003f0d3	fcvt.s.w	f1,x7	  x7:0x7ffbf01c  f1=0x4efff7e0
     462585.000 ns	     46257	800097f8	21c11953	fsgnjn.s	f18,f2,f28	  f2:0xbf800000 f28:0x00000000 f18=0xbf800000
     463765.000 ns	     46375	800097fc	580a7853	fsqrt.s	f16,f20	 f20:0x3f800000 f16=0x3f7fffae
     463785.000 ns	     46377	80009800	a06ff193	andi	x3,x31,-1530	 x31:0x00000000  x3=0x00000000
     463805.000 ns	     46379	80009804	0298bfb3	mulhu	x31,x17,x9	 x17:0xcc6a3412  x9:0x00000000 x31=0x00000000
     464175.000 ns	     46416	80009808	033c4f33	div	x30,x24,x19	 x24:0x4d65f7e8 x19:0xfffff9f5 x30=0xfff33128
     464205.000 ns	     46419	8000980c	037be3b3	rem	x7,x23,x23	 x23:0x00000000 x23:0x00000000  x7=0x00000000
     464225.000 ns	     46421	80009810	40a15413	srai	x8,x2,0xa	  x2:0x00000000  x8=0x00000000
     464235.000 ns	     46422	80009814	00186633	or	x12,x16,x1	 x16:0xfffffaf8  x1:0xfffffbff x12=0xfffffbff
     464255.000 ns	     46424	80009818	29999f53	fmax.s	f30,f19,f25	 f19:0x7fc00000 f25:0x00000000 f30=0x00000000
     464275.000 ns	     46426	8000981c	8312b993	sltiu	x19,x5,-1999	  x5:0x00000000 x19=0x00000001
     464295.000 ns	     46428	80009820	f00a80d3	fmv.w.x	f1,x21	 x21:0x00000004  f1=0x00000004
     464315.000 ns	     46430	80009824	00000013	addi	x0,x0,0	  x0:0x00000000
     464325.000 ns	     46431	80009828	00ced113	srli	x2,x29,0xc	 x29:0x80040fe4  x2=0x00080040
     464345.000 ns	     46433	8000982c	213e2453	fsgnjx.s	f8,f28,f19	 f28:0x00000000 f19:0x7fc00000  f8=0x00000000
     464375.000 ns	     46436	80009830	02c60733	mul	x14,x12,x12	 x12:0xfffffbff x12:0xfffffbff x14=0x00100801
     464405.000 ns	     46439	80009834	21290fd3	fsgnj.s	f31,f18,f18	 f18:0xbf800000 f18:0xbf800000 f31=0xbf800000
     464445.000 ns	     46443	80009838	11579153	fmul.s	f2,f15,f21	 f15:0x4f7ffffc f21:0xbf800000  f2=0xcf7ffffc
     464815.000 ns	     46480	8000983c	03516433	rem	x8,x2,x21	  x2:0x00080040 x21:0x00000004  x8=0x00000000
     464845.000 ns	     46483	80009840	03d61ab3	mulh	x21,x12,x29	 x12:0xfffffbff x29:0x80040fe4 x21=0x00000200
     464895.000 ns	     46488	80009844	08de72d3	fsub.s	f5,f28,f13	 f28:0x00000000 f13:0x00000000  f5=0x80000000
     464915.000 ns	     46490	80009848	ad034813	xori	x16,x6,-1328	  x6:0x35255000 x16=0xcadaaad0
     464925.000 ns	     46491	8000984c	4168d213	srai	x4,x17,0x16	 x17:0xcc6a3412  x4=0xffffff31
     465285.000 ns	     46527	80009850	02264e33	div	x28,x12,x2	 x12:0xfffffbff  x2:0x00080040 x28=0x00000000
     465315.000 ns	     46530	80009854	029d2433	mulhsu	x8,x26,x9	 x26:0xbf800000  x9:0x00000000  x8=0x00000000
     465345.000 ns	     46533	80009858	0348b2b3	mulhu	x5,x17,x20	 x17:0xcc6a3412 x20:0xa202344a  x5=0x815cf788
     465375.000 ns	     46536	8000985c	0220ab33	mulhsu	x22,x1,x2	  x1:0xfffffbff  x2:0x00080040 x22=0xffffffff
     465395.000 ns	     46538	80009860	40538bb3	sub	x23,x7,x5	  x7:0x00000000  x5:0x815cf788 x23=0x7ea30878
     465405.000 ns	     46539	80009864	55f3bd93	sltiu	x27,x7,1375	  x7:0x00000000 x27=0x00000001
     465415.000 ns	     46540	80009868	41e5db13	srai	x22,x11,0x1e	 x11:0xfffffaf8 x22=0xffffffff
     465435.000 ns	     46542	8000986c	0258bdb3	mulhu	x27,x17,x5	 x17:0xcc6a3412  x5:0x815cf788 x27=0x674bc00e
     465475.000 ns	     46546	80009870	580b75d3	fsqrt.s	f11,f22	 f22:0x7fc00000 f11=0x7fc00000
     465515.000 ns	     46550	80009874	1048ffd3	fmul.s	f31,f17,f4	 f17:0x7fc00000  f4:0x00000000 f31=0x7fc00000
     465535.000 ns	     46552	80009878	01db09b3	add	x19,x22,x29	 x22:0xffffffff x29:0x80040fe4 x19=0x80040fe3
     465545.000 ns	     46553	8000987c	27644c93	xori	x25,x8,630	  x8:0x00000000 x25=0x00000276
     465565.000 ns	     46555	80009880	02531233	mulh	x4,x6,x5	  x6:0x35255000  x5:0x815cf788  x4=0xe5b5ca1b
     465905.000 ns	     46589	80009884	1803bcd3	fdiv.s	f25,f7,f0	  f7:0xbf800000  f0:0x46b50a40 f25=0xb80e1dd2
     465935.000 ns	     46592	80009888	291a8dd3	fmin.s	f27,f21,f17	 f21:0xbf800000 f17:0x7fc00000 f27=0xbf800000
     465965.000 ns	     46595	8000988c	d011c853	fcvt.s.wu	f16,x3	  x3:0x00000000 f16=0x00000000
     465985.000 ns	     46597	80009890	ac572813	slti	x16,x14,-1339	 x14:0x00100801 x16=0x00000000
     465995.000 ns	     46598	80009894	00b62d33	slt	x26,x12,x11	 x12:0xfffffbff x11:0xfffffaf8 x26=0x00000000
     466005.000 ns	     46599	80009898	0060b433	sltu	x8,x1,x6	  x1:0xfffffbff  x6:0x35255000  x8=0x00000000
     466015.000 ns	     46600	8000989c	009c90b3	sll	x1,x25,x9	 x25:0x00000276  x9:0x00000000  x1=0x00000276
     466025.000 ns	     46601	800098a0	95f70093	addi	x1,x14,-1697	 x14:0x00100801  x1=0x00100160
     466035.000 ns	     46602	800098a4	00b55fb3	srl	x31,x10,x11	 x10:0x80040fe4 x11:0xfffffaf8 x31=0x00000080
     466045.000 ns	     46603	800098a8	e5643897	auipc	x17,0xe5643	 x17=0x6564c8a8
     466065.000 ns	     46605	800098ac	2133a9d3	fsgnjx.s	f19,f7,f19	  f7:0xbf800000 f19:0x7fc00000 f19=0xbf800000
     466095.000 ns	     46608	800098b0	207d0ed3	fsgnj.s	f29,f26,f7	 f26:0x7fc00000  f7:0xbf800000 f29=0xffc00000
     466115.000 ns	     46610	800098b4	001ebf33	sltu	x30,x29,x1	 x29:0x80040fe4  x1:0x00100160 x30=0x00000000
     466135.000 ns	     46612	800098b8	20559e53	fsgnjn.s	f28,f11,f5	 f11:0x7fc00000  f5:0x80000000 f28=0x7fc00000
     466165.000 ns	     46615	800098bc	29380f53	fmin.s	f30,f16,f19	 f16:0x00000000 f19:0xbf800000 f30=0xbf800000
     466195.000 ns	     46618	800098c0	e00c9653	fclass.s	x12,f25	 f25:0xb80e1dd2 x12=0x00000002
     466215.000 ns	     46620	800098c4	0079e4b3	or	x9,x19,x7	 x19:0x80040fe3  x7:0x00000000  x9=0x80040fe3
     466235.000 ns	     46622	800098c8	28168953	fmin.s	f18,f13,f1	 f13:0x00000000  f1:0x00000004 f18=0x00000000
     466255.000 ns	     46624	800098cc	1d057213	andi	x4,x10,464	 x10:0x80040fe4  x4=0x000001c0
     466275.000 ns	     46626	800098d0	291a91d3	fmax.s	f3,f21,f17	 f21:0xbf800000 f17:0x7fc00000  f3=0xbf800000
     466325.000 ns	     46631	800098d4	0113f453	fadd.s	f8,f7,f17	  f7:0xbf800000 f17:0x7fc00000  f8=0x7fc00000
     466695.000 ns	     46668	800098d8	0342d0b3	divu	x1,x5,x20	  x5:0x815cf788 x20:0xa202344a  x1=0x00000000
     466725.000 ns	     46671	800098dc	a0719253	flt.s	x4,f3,f7	  f3:0xbf800000  f7:0xbf800000  x4=0x00000000
     466745.000 ns	     46673	800098e0	b2aa6fb7	lui	x31,0xb2aa6	 x31=0xb2aa6000
     466765.000 ns	     46675	800098e4	03770433	mul	x8,x14,x23	 x14:0x00100801 x23:0x7ea30878  x8=0x1e66c878
     466795.000 ns	     46678	800098e8	02f522b3	mulhsu	x5,x10,x15	 x10:0x80040fe4 x15:0x00000002  x5=0xffffffff
     466825.000 ns	     46681	800098ec	200c91d3	fsgnjn.s	f3,f25,f0	 f25:0xb80e1dd2  f0:0x46b50a40  f3=0xb80e1dd2
     466845.000 ns	     46683	800098f0	0094e4b3	or	x9,x9,x9	  x9:0x80040fe3  x9:0x80040fe3  x9=0x80040fe3
     466855.000 ns	     46684	800098f4	01f67fb3	and	x31,x12,x31	 x12:0x00000002 x31:0xb2aa6000 x31=0x00000000
     466865.000 ns	     46685	800098f8	40098033	sub	x0,x19,x0	 x19:0x80040fe3  x0:0x00000000
     466875.000 ns	     46686	800098fc	90147d93	andi	x27,x8,-1791	  x8:0x1e66c878 x27=0x1e66c800
     466885.000 ns	     46687	80009900	00000013	addi	x0,x0,0	  x0:0x00000000
     466905.000 ns	     46689	80009904	03ea4c33	div	x24,x20,x30	 x20:0xa202344a x30:0x00000000 x24=0xffffffff
     466955.000 ns	     46694	80009908	00b678d3	fadd.s	f17,f12,f11	 f12:0x7fc00000 f11:0x7fc00000 f17=0x7fc00000
     466975.000 ns	     46696	8000990c	a8400693	addi	x13,x0,-1404	  x0:0x00000000 x13=0xfffffa84
     466995.000 ns	     46698	80009910	c009a253	fcvt.w.s	x4,f19	 f19:0xbf800000  x4=0xffffffff
     467015.000 ns	     46700	80009914	00c08b33	add	x22,x1,x12	  x1:0x00000000 x12:0x00000002 x22=0x00000002
     467025.000 ns	     46701	80009918	00264333	xor	x6,x12,x2	 x12:0x00000002  x2:0x00080040  x6=0x00080042
     467045.000 ns	     46703	8000991c	035317b3	mulh	x15,x6,x21	  x6:0x35255000 x21:0x00000200 x15=0x00000000
     467075.000 ns	     46706	80009920	28329b53	fmax.s	f22,f5,f3	  f5:0x80000000  f3:0xb80e1dd2 f22=0x80000000
     467115.000 ns	     46710	80009924	114e2853	fmul.s	f16,f28,f20	 f28:0x7fc00000 f20:0x3f800000 f16=0x7fc00000
     467485.000 ns	     46747	80009928	035ae833	rem	x16,x21,x21	 x21:0x00000200 x21:0x00000200 x16=0x00000000
     467515.000 ns	     46750	8000992c	20132053	fsgnjx.s	f0,f6,f1	  f6:0xcafffebf  f1:0x00000004  f0=0xcafffebf
     467545.000 ns	     46753	80009930	f00182d3	fmv.w.x	f5,x3	  x3:0x00000000  f5=0x00000000
     467575.000 ns	     46756	80009934	28eb8dd3	fmin.s	f27,f23,f14	 f23:0xc4c16000 f14:0x7fc00000 f27=0xc4c16000
     467595.000 ns	     46758	80009938	01a64eb3	xor	x29,x12,x26	 x12:0x00000002 x26:0x00000000 x29=0x00000002
     467605.000 ns	     46759	8000993c	947a4713	xori	x14,x20,-1721	 x20:0xa202344a x14=0x5dfdcd0d
     467625.000 ns	     46761	80009940	20512c53	fsgnjx.s	f24,f2,f5	  f2:0xcf7ffffc  f5:0x00000000 f24=0xcf7ffffc
     467645.000 ns	     46763	80009944	01ece633	or	x12,x25,x30	 x25:0x00000276 x30:0x00000000 x12=0x00000276
     468005.000 ns	     46799	80009948	02d6dcb3	divu	x25,x13,x13	 x13:0xfffffa84 x13:0xfffffa84 x25=0x00000001
     468035.000 ns	     46802	8000994c	2168aa53	fsgnjx.s	f20,f17,f22	 f17:0x7fc00000 f22:0x80000000 f20=0xffc00000
     468055.000 ns	     46804	80009950	40a9db93	srai	x23,x19,0xa	 x19:0x80040fe3 x23=0xffe00103
     468085.000 ns	     46807	80009954	102e7853	fmul.s	f16,f28,f2	 f28:0x7fc00000  f2:0xcf7ffffc f16=0x7fc00000
     468115.000 ns	     46810	80009958	a04103d3	fle.s	x7,f2,f4	  f2:0xcf7ffffc  f4:0x00000000  x7=0x00000001
     468135.000 ns	     46812	8000995c	41a15d13	srai	x26,x2,0x1a	  x2:0x00080040 x26=0x00000000
     468155.000 ns	     46814	80009960	0390af33	mulhsu	x30,x1,x25	  x1:0x00000000 x25:0x00000001 x30=0x00000000
     468205.000 ns	     46819	80009964	01042b53	fadd.s	f22,f8,f16	  f8:0x7fc00000 f16:0x7fc00000 f22=0x7fc00000
     468225.000 ns	     46821	80009968	00000013	addi	x0,x0,0	  x0:0x00000000
     468235.000 ns	     46822	8000996c	018eda93	srli	x21,x29,0x18	 x29:0x00000002 x21=0x00000000
     468245.000 ns	     46823	80009970	00839f93	slli	x31,x7,0x8	  x7:0x00000001 x31=0x00000100
     468265.000 ns	     46825	80009974	03c91ab3	mulh	x21,x18,x28	 x18:0x80041024 x28:0x00000000 x21=0x00000000
     468285.000 ns	     46827	80009978	01ddb4b3	sltu	x9,x27,x29	 x27:0x1e66c800 x29:0x00000002  x9=0x00000000
     468295.000 ns	     46828	8000997c	010dd493	srli	x9,x27,0x10	 x27:0x1e66c800  x9=0x00001e66
     468305.000 ns	     46829	80009980	01d23433	sltu	x8,x4,x29	  x4:0xffffffff x29:0x00000002  x8=0x00000000
     468325.000 ns	     46831	80009984	21bc19d3	fsgnjn.s	f19,f24,f27	 f24:0xcf7ffffc f27:0xc4c16000 f19=0x4f7ffffc
     468365.000 ns	     46835	80009988	58037ed3	fsqrt.s	f29,f6	  f6:0xcafffebf f29=0x7fc00000
     468385.000 ns	     46837	8000998c	eb937193	andi	x3,x6,-327	  x6:0x00080042  x3=0x00080000
     468395.000 ns	     46838	80009990	009480b3	add	x1,x9,x9	  x9:0x00001e66  x9:0x00001e66  x1=0x00003ccc
     468415.000 ns	     46840	80009994	c01b9853	fcvt.wu.s	x16,f23	 f23:0xc4c16000 x16=0x0000060b
     468435.000 ns	     46842	80009998	d0528893	addi	x17,x5,-763	  x5:0xffffffff x17=0xfffffd04
     468445.000 ns	     46843	8000999c	0037fd33	and	x26,x15,x3	 x15:0x00000000  x3:0x00080000 x26=0x00000000
     468455.000 ns	     46844	800099a0	91e42813	slti	x16,x8,-1762	  x8:0x00000000 x16=0x00000000
     468465.000 ns	     46845	800099a4	015369b3	or	x19,x6,x21	  x6:0x00080042 x21:0x00000000 x19=0x00080042
     468475.000 ns	     46846	800099a8	0dadf993	andi	x19,x27,218	 x27:0x1e66c800 x19=0x00000000
     468495.000 ns	     46848	800099ac	03557fb3	remu	x31,x10,x21	 x10:0x80040fe4 x21:0x00000000 x31=0x80040fe4
     468525.000 ns	     46851	800099b0	02e11133	mulh	x2,x2,x14	  x2:0x00080040 x14:0x5dfdcd0d  x2=0x0002f005
     468555.000 ns	     46854	800099b4	a1322dd3	feq.s	x27,f4,f19	  f4:0x00000000 f19:0x4f7ffffc x27=0x00000000
     468585.000 ns	     46857	800099b8	d01e75d3	fcvt.s.wu	f11,x28	 x28:0x00000000 f11=0x00000000
     468615.000 ns	     46860	800099bc	219a0753	fsgnj.s	f14,f20,f25	 f20:0xffc00000 f25:0xb80e1dd2 f14=0xffc00000
     468635.000 ns	     46862	800099c0	009ba0b3	slt	x1,x23,x9	 x23:0xffe00103  x9:0x00001e66  x1=0x00000001
     468645.000 ns	     46863	800099c4	7927ed13	ori	x26,x15,1938	 x15:0x00000000 x26=0x00000792
     468655.000 ns	     46864	800099c8	b40a2e93	slti	x29,x20,-1216	 x20:0xa202344a x29=0x00000001
     468665.000 ns	     46865	800099cc	083ea693	slti	x13,x29,131	 x29:0x00000002 x13=0x00000001
     468675.000 ns	     46866	800099d0	00e2b833	sltu	x16,x5,x14	  x5:0xffffffff x14:0x5dfdcd0d x16=0x00000000
     468715.000 ns	     46870	800099d4	01be72d3	fadd.s	f5,f28,f27	 f28:0x7fc00000 f27:0xc4c16000  f5=0x7fc00000
     468735.000 ns	     46872	800099d8	0063fc33	and	x24,x7,x6	  x7:0x00000001  x6:0x00080042 x24=0x00000000
     468745.000 ns	     46873	800099dc	0171a033	slt	x0,x3,x23	  x3:0x00080000 x23:0xffe00103
     468755.000 ns	     46874	800099e0	62011397	auipc	x7,0x62011	  x7=0xe201a9e0
     469115.000 ns	     46910	800099e4	023cd633	divu	x12,x25,x3	 x25:0x00000001  x3:0x00080000 x12=0x00000000
     469135.000 ns	     46912	800099e8	01ef1293	slli	x5,x30,0x1e	 x30:0x00000000  x5=0x00000000
     469145.000 ns	     46913	800099ec	00eca6b3	slt	x13,x25,x14	 x25:0x00000001 x14:0x5dfdcd0d x13=0x00000001
     469165.000 ns	     46915	800099f0	20a52553	fsgnjx.s	f10,f10,f10	 f10:0x4e0f23f0 f10:0x4e0f23f0 f10=0x4e0f23f0
     469185.000 ns	     46917	800099f4	40e65993	srai	x19,x12,0xe	 x12:0x00000000 x19=0x00000000
     469205.000 ns	     46919	800099f8	200f29d3	fsgnjx.s	f19,f30,f0	 f30:0xbf800000  f0:0xcafffebf f19=0x3f800000
     469225.000 ns	     46921	800099fc	006c87b3	add	x15,x25,x6	 x25:0x00000001  x6:0x00080042 x15=0x00080043
     469245.000 ns	     46923	80009a00	e0088fd3	fmv.x.w	x31,f17	 f17:0x7fc00000 x31=0x7fc00000
     469275.000 ns	     46926	80009a04	a0732f53	feq.s	x30,f6,f7	  f6:0xcafffebf  f7:0xbf800000 x30=0x00000000
     469295.000 ns	     46928	80009a08	90d3f393	andi	x7,x7,-1779	  x7:0xe201a9e0  x7=0xe201a900
     469305.000 ns	     46929	80009a0c	01a3b833	sltu	x16,x7,x26	  x7:0xe201a9e0 x26:0x00000792 x16=0x00000000
     469315.000 ns	     46930	80009a10	e8314eb7	lui	x29,0xe8314	 x29=0xe8314000
     469325.000 ns	     46931	80009a14	00ebccb3	xor	x25,x23,x14	 x23:0xffe00103 x14:0x5dfdcd0d x25=0xa21dcc0e
     469345.000 ns	     46933	80009a18	28cb8153	fmin.s	f2,f23,f12	 f23:0xc4c16000 f12:0x7fc00000  f2=0xc4c16000
     469375.000 ns	     46936	80009a1c	29cf07d3	fmin.s	f15,f30,f28	 f30:0xbf800000 f28:0x7fc00000 f15=0xbf800000
     469405.000 ns	     46939	80009a20	286b9253	fmax.s	f4,f23,f6	 f23:0xc4c16000  f6:0xcafffebf  f4=0xc4c16000
     469445.000 ns	     46943	80009a24	104d72d3	fmul.s	f5,f26,f4	 f26:0x7fc00000  f4:0x00000000  f5=0x7fc00000
     469475.000 ns	     46946	80009a28	a18f9753	flt.s	x14,f31,f24	 f31:0x7fc00000 f24:0xcf7ffffc x14=0x00000000
     469505.000 ns	     46949	80009a2c	20bd0f53	fsgnj.s	f30,f26,f11	 f26:0x7fc00000 f11:0x00000000 f30=0x7fc00000
     469525.000 ns	     46951	80009a30	35308b13	addi	x22,x1,851	  x1:0x00000001 x22=0x00000354
     469535.000 ns	     46952	80009a34	88a6fb17	auipc	x22,0x88a6f	 x22=0x08a78a34
     469555.000 ns	     46954	80009a38	c00716d3	fcvt.w.s	x13,f14	 f14:0xffc00000 x13=0x7fffffff
     469575.000 ns	     46956	80009a3c	d2dffd93	andi	x27,x31,-723	 x31:0x7fc00000 x27=0x7fc00000
     469595.000 ns	     46958	80009a40	288b08d3	fmin.s	f17,f22,f8	 f22:0x7fc00000  f8:0x7fc00000 f17=0x7fc00000
     469615.000 ns	     46960	80009a44	4ebbbb13	sltiu	x22,x23,1259	 x23:0xffe00103 x22=0x00000000
     469975.000 ns	     46996	80009a48	02776cb3	rem	x25,x14,x7	 x14:0x00000000  x7:0xe201a900 x25=0x00000000
     469995.000 ns	     46998	80009a4c	01be7233	and	x4,x28,x27	 x28:0x00000000 x27:0x7fc00000  x4=0x00000000
     470005.000 ns	     46999	80009a50	c4248593	addi	x11,x9,-958	  x9:0x00001e66 x11=0x00001aa8
     470015.000 ns	     47000	80009a54	4041da93	srai	x21,x3,0x4	  x3:0x00080000 x21=0x00008000
     470035.000 ns	     47002	80009a58	e00e8253	fmv.x.w	x4,f29	 f29:0x7fc00000  x4=0x7fc00000
     470075.000 ns	     47006	80009a5c	11e0c2d3	fmul.s	f5,f1,f30	  f1:0x00000004 f30:0x7fc00000  f5=0x7fc00000
     470095.000 ns	     47008	80009a60	d3f73393	sltiu	x7,x14,-705	 x14:0x00000000  x7=0x00000001
     470115.000 ns	     47010	80009a64	02e10d33	mul	x26,x2,x14	  x2:0x0002f005 x14:0x00000000 x26=0x00000000
     470135.000 ns	     47012	80009a68	01198633	add	x12,x19,x17	 x19:0x00000000 x17:0xfffffd04 x12=0xfffffd04
     470145.000 ns	     47013	80009a6c	b87be837	lui	x16,0xb87be	 x16=0xb87be000
     470155.000 ns	     47014	80009a70	00d2d733	srl	x14,x5,x13	  x5:0x00000000 x13:0x7fffffff x14=0x00000000
     470165.000 ns	     47015	80009a74	949dce93	xori	x29,x27,-1719	 x27:0x7fc00000 x29=0x803ff949
     470175.000 ns	     47016	80009a78	403cd993	srai	x19,x25,0x3	 x25:0x00000000 x19=0x00000000
     470205.000 ns	     47019	80009a7c	1096c453	fmul.s	f8,f13,f9	 f13:0x00000000  f9:0x00000000  f8=0x00000000
     470235.000 ns	     47022	80009a80	d00542d3	fcvt.s.w	f5,x10	 x10:0x80040fe4  f5=0xcefff7e0
     470265.000 ns	     47025	80009a84	21a49fd3	fsgnjn.s	f31,f9,f26	  f9:0x00000000 f26:0x7fc00000 f31=0x80000000
     470315.000 ns	     47030	80009a88	094bb5d3	fsub.s	f11,f23,f20	 f23:0xc4c16000 f20:0xffc00000 f11=0x7fc00000
     470335.000 ns	     47032	80009a8c	015f4bb3	xor	x23,x30,x21	 x30:0x00000000 x21:0x00008000 x23=0x00008000
     470345.000 ns	     47033	80009a90	0032b7b3	sltu	x15,x5,x3	  x5:0x00000000  x3:0x00080000 x15=0x00000001
     470365.000 ns	     47035	80009a94	203e94d3	fsgnjn.s	f9,f29,f3	 f29:0x7fc00000  f3:0xb80e1dd2  f9=0x7fc00000
     470735.000 ns	     47072	80009a98	030440b3	div	x1,x8,x16	  x8:0x00000000 x16:0xb87be000  x1=0x00000000
     470775.000 ns	     47076	80009a9c	5803f453	fsqrt.s	f8,f7	  f7:0xbf800000  f8=0x7fc00000
     470805.000 ns	     47079	80009aa0	215084d3	fsgnj.s	f9,f1,f21	  f1:0x00000004 f21:0xbf800000  f9=0x80000004
     470835.000 ns	     47082	80009aa4	a0ac95d3	flt.s	x11,f25,f10	 f25:0xb80e1dd2 f10:0x4e0f23f0 x11=0x00000001
     470855.000 ns	     47084	80009aa8	413ad713	srai	x14,x21,0x13	 x21:0x00008000 x14=0x00000000
     470875.000 ns	     47086	80009aac	288894d3	fmax.s	f9,f17,f8	 f17:0x7fc00000  f8:0x7fc00000  f9=0x7fc00000
     470895.000 ns	     47088	80009ab0	56274313	xori	x6,x14,1378	 x14:0x00000000  x6=0x00000562
     470915.000 ns	     47090	80009ab4	034b3fb3	mulhu	x31,x22,x20	 x22:0x00000000 x20:0xa202344a x31=0x00000000
     470935.000 ns	     47092	80009ab8	01fc67b3	or	x15,x24,x31	 x24:0x00000000 x31:0x7fc00000 x15=0x00000000
     470955.000 ns	     47094	80009abc	f00e0e53	fmv.w.x	f28,x28	 x28:0x00000000 f28=0x00000000
     470985.000 ns	     47097	80009ac0	c01c06d3	fcvt.wu.s	x13,f24	 f24:0xcf7ffffc x13=0xfffffc00
     471015.000 ns	     47100	80009ac4	a0350653	fle.s	x12,f10,f3	 f10:0x4e0f23f0  f3:0xb80e1dd2 x12=0x00000000
     471035.000 ns	     47102	80009ac8	0a016d93	ori	x27,x2,160	  x2:0x0002f005 x27=0x0002f0a5
     471055.000 ns	     47104	80009acc	21a92cd3	fsgnjx.s	f25,f18,f26	 f18:0x00000000 f26:0x7fc00000 f25=0x00000000
     471085.000 ns	     47107	80009ad0	200eaad3	fsgnjx.s	f21,f29,f0	 f29:0x7fc00000  f0:0xcafffebf f21=0xffc00000
     471105.000 ns	     47109	80009ad4	6a260093	addi	x1,x12,1698	 x12:0x00000000  x1=0x000006a2
     471115.000 ns	     47110	80009ad8	cdc5c213	xori	x4,x11,-804	 x11:0x00000001  x4=0xfffffcdd
     471125.000 ns	     47111	80009adc	00c549b3	xor	x19,x10,x12	 x10:0x80040fe4 x12:0x00000000 x19=0x80040fe4
     471135.000 ns	     47112	80009ae0	01660bb3	add	x23,x12,x22	 x12:0x00000000 x22:0x00000000 x23=0x00000000
     471465.000 ns	     47145	80009ae4	18fc7f53	fdiv.s	f30,f24,f15	 f24:0xcf7ffffc f15:0xbf800000 f30=0x4f045edc
     471495.000 ns	     47148	80009ae8	a0ee8fd3	fle.s	x31,f29,f14	 f29:0x7fc00000 f14:0xffc00000 x31=0x00000000
     471515.000 ns	     47150	80009aec	d07a4b13	xori	x22,x20,-761	 x20:0xa202344a x22=0x5dfdc94d
     471555.000 ns	     47154	80009af0	01002553	fadd.s	f10,f0,f16	  f0:0xcafffebf f16:0x7fc00000 f10=0x7fc00000
     471575.000 ns	     47156	80009af4	012eee33	or	x28,x29,x18	 x29:0x803ff949 x18:0x80041024 x28=0x803ff96d
     471585.000 ns	     47157	80009af8	009e92b3	sll	x5,x29,x9	 x29:0x803ff949  x9:0x00001e66  x5=0x0ffe5240
     471595.000 ns	     47158	80009afc	4170d713	srai	x14,x1,0x17	  x1:0x000006a2 x14=0x00000000
     471605.000 ns	     47159	80009b00	01f21b93	slli	x23,x4,0x1f	  x4:0xfffffcdd x23=0x80000000
     471625.000 ns	     47161	80009b04	f0038053	fmv.w.x	f0,x7	  x7:0x00000001  f0=0x00000001
     471665.000 ns	     47165	80009b08	580e7f53	fsqrt.s	f30,f28	 f28:0x00000000 f30=0x00000000
     471685.000 ns	     47167	80009b0c	00198033	add	x0,x19,x1	 x19:0x80040fe4  x1:0x000006a2
     471705.000 ns	     47169	80009b10	d000fb53	fcvt.s.w	f22,x1	  x1:0x000006a2 f22=0x44d44000
     471725.000 ns	     47171	80009b14	002cb733	sltu	x14,x25,x2	 x25:0x00000000  x2:0x0002f005 x14=0x00000001
     471745.000 ns	     47173	80009b18	f0090d53	fmv.w.x	f26,x18	 x18:0x80041024 f26=0x80041024
     471775.000 ns	     47176	80009b1c	d0197c53	fcvt.s.wu	f24,x18	 x18:0x80041024 f24=0x4f000410
     471795.000 ns	     47178	80009b20	00000013	addi	x0,x0,0	  x0:0x00000000
     471805.000 ns	     47179	80009b24	40ea5433	sra	x8,x20,x14	 x20:0xa202344a x14:0x00000001  x8=0xd1011a25
     471825.000 ns	     47181	80009b28	03078c33	mul	x24,x15,x16	 x15:0x00000000 x16:0xb87be000 x24=0x00000000
     471855.000 ns	     47184	80009b2c	e00505d3	fmv.x.w	x11,f10	 f10:0x7fc00000 x11=0x7fc00000
     471885.000 ns	     47187	80009b30	a055a7d3	feq.s	x15,f11,f5	 f11:0x7fc00000  f5:0xcefff7e0 x15=0x00000000
     471905.000 ns	     47189	80009b34	16ee2413	slti	x8,x28,366	 x28:0x803ff96d  x8=0x00000001
     471925.000 ns	     47191	80009b38	292312d3	fmax.s	f5,f6,f18	  f6:0xcafffebf f18:0x00000000  f5=0x00000000
     471965.000 ns	     47195	80009b3c	58090553	fsqrt.s	f10,f18	 f18:0x00000000 f10=0x00000000
     471985.000 ns	     47197	80009b40	00991ab3	sll	x21,x18,x9	 x18:0x80041024  x9:0x00001e66 x21=0x01040900
     471995.000 ns	     47198	80009b44	41a60133	sub	x2,x12,x26	 x12:0x00000000 x26:0x00000000  x2=0x00000000
     472005.000 ns	     47199	80009b48	00000013	addi	x0,x0,0	  x0:0x00000000
     472015.000 ns	     47200	80009b4c	40f05c33	sra	x24,x0,x15	  x0:0x00000000 x15:0x00000000 x24=0x00000000
     472035.000 ns	     47202	80009b50	298c0653	fmin.s	f12,f24,f24	 f24:0x4f000410 f24:0x4f000410 f12=0x4f000410
     472055.000 ns	     47204	80009b54	40925eb3	sra	x29,x4,x9	  x4:0xfffffcdd  x9:0x00001e66 x29=0xfffffff3
     472065.000 ns	     47205	80009b58	e88e4313	xori	x6,x28,-376	 x28:0x803ff96d  x6=0x7fc007e5
     472085.000 ns	     47207	80009b5c	a0790cd3	fle.s	x25,f18,f7	 f18:0x00000000  f7:0xbf800000 x25=0x00000000
     472105.000 ns	     47209	80009b60	003ff5b3	and	x11,x31,x3	 x31:0x00000000  x3:0x00080000 x11=0x00000000
     472115.000 ns	     47210	80009b64	81fcb193	sltiu	x3,x25,-2017	 x25:0x00000000  x3=0x00000001
     472125.000 ns	     47211	80009b68	39655717	auipc	x14,0x39655	 x14=0xb965eb68
     472145.000 ns	     47213	80009b6c	a1f88c53	fle.s	x24,f17,f31	 f17:0x7fc00000 f31:0x80000000 x24=0x00000000
     472195.000 ns	     47218	80009b70	09bdf453	fsub.s	f8,f27,f27	 f27:0xc4c16000 f27:0xc4c16000  f8=0x00000000
     472215.000 ns	     47220	80009b74	0178dab3	srl	x21,x17,x23	 x17:0xfffffd04 x23:0x80000000 x21=0xfffffd04
     472225.000 ns	     47221	80009b78	00000013	addi	x0,x0,0	  x0:0x00000000
     472235.000 ns	     47222	80009b7c	6b010697	auipc	x13,0x6b010	 x13=0xeb019b7c
     472255.000 ns	     47224	80009b80	037208b3	mul	x17,x4,x23	  x4:0xfffffcdd x23:0x80000000 x17=0x80000000
     472305.000 ns	     47229	80009b84	00239b53	fadd.s	f22,f7,f2	  f7:0xbf800000  f2:0xc4c16000 f22=0xc4c18000
     472325.000 ns	     47231	80009b88	6594d797	auipc	x15,0x6594d	 x15=0xe5956b88
     472345.000 ns	     47233	80009b8c	d0197353	fcvt.s.wu	f6,x18	 x18:0x80041024  f6=0x4f000410
     472375.000 ns	     47236	80009b90	c01df2d3	fcvt.wu.s	x5,f27	 f27:0xc4c16000  x5=0x0000060b
     472395.000 ns	     47238	80009b94	00000013	addi	x0,x0,0	  x0:0x00000000
     472415.000 ns	     47240	80009b98	a163ac53	feq.s	x24,f7,f22	  f7:0xbf800000 f22:0xc4c18000 x24=0x00000000
     472445.000 ns	     47243	80009b9c	02fe1833	mulh	x16,x28,x15	 x28:0x803ff96d x15:0xe5956b88 x16=0x0d2eb044
     472475.000 ns	     47246	80009ba0	f00b8b53	fmv.w.x	f22,x23	 x23:0x80000000 f22=0x80000000
     472495.000 ns	     47248	80009ba4	16e1db37	lui	x22,0x16e1d	 x22=0x16e1d000
     472505.000 ns	     47249	80009ba8	f867c6b7	lui	x13,0xf867c	 x13=0xf867c000
     472515.000 ns	     47250	80009bac	118fa093	slti	x1,x31,280	 x31:0x00000000  x1=0x00000001
     472525.000 ns	     47251	80009bb0	00e21633	sll	x12,x4,x14	  x4:0xfffffcdd x14:0xb965eb68 x12=0xfffcdd00
     472535.000 ns	     47252	80009bb4	6fc14413	xori	x8,x2,1788	  x2:0x00000000  x8=0x000006fc
     472555.000 ns	     47254	80009bb8	039a1633	mulh	x12,x20,x25	 x20:0xa202344a x25:0x00000000 x12=0x00000000
     472575.000 ns	     47256	80009bbc	01291693	slli	x13,x18,0x12	 x18:0x80041024 x13=0x40900000
     472585.000 ns	     47257	80009bc0	ac603813	sltiu	x16,x0,-1338	  x0:0x00000000 x16=0x00000001
     472605.000 ns	     47259	80009bc4	a0be0853	fle.s	x16,f28,f11	 f28:0x00000000 f11:0x7fc00000 x16=0x00000000
     472625.000 ns	     47261	80009bc8	00d3b133	sltu	x2,x7,x13	  x7:0x00000001 x13:0x40900000  x2=0x00000001
     472645.000 ns	     47263	80009bcc	024b1b33	mulh	x22,x22,x4	 x22:0x16e1d000  x4:0xfffffcdd x22=0xffffffb8
     472675.000 ns	     47266	80009bd0	e00f1053	fclass.s	x0,f30	 f30:0x00000000
     472705.000 ns	     47269	80009bd4	d0087b53	fcvt.s.w	f22,x16	 x16:0x00000000 f22=0x00000000
     472735.000 ns	     47272	80009bd8	d0153053	fcvt.s.wu	f0,x10	 x10:0x80040fe4  f0=0x4f000410
     472755.000 ns	     47274	80009bdc	40fd0d33	sub	x26,x26,x15	 x26:0x00000000 x15:0xe5956b88 x26=0x1a6a9478
     472765.000 ns	     47275	80009be0	c5964693	xori	x13,x12,-935	 x12:0x00000000 x13=0xfffffc59
     472775.000 ns	     47276	80009be4	0168df13	srli	x30,x17,0x16	 x17:0x80000000 x30=0x00000200
     473135.000 ns	     47312	80009be8	02676333	rem	x6,x14,x6	 x14:0xb965eb68  x6:0x7fc007e5  x6=0xb965eb68
     473165.000 ns	     47315	80009bec	03894833	div	x16,x18,x24	 x18:0x80041024 x24:0x00000000 x16=0xffffffff
     473185.000 ns	     47317	80009bf0	95d94d93	xori	x27,x18,-1699	 x18:0x80041024 x27=0x7ffbe979
     473195.000 ns	     47318	80009bf4	083f7593	andi	x11,x30,131	 x30:0x00000200 x11=0x00000000
     473215.000 ns	     47320	80009bf8	02ba0eb3	mul	x29,x20,x11	 x20:0xa202344a x11:0x00000000 x29=0x00000000
     473555.000 ns	     47354	80009bfc	193ba353	fdiv.s	f6,f23,f19	 f23:0xc4c16000 f19:0x3f800000  f6=0xc4c15f69
     473575.000 ns	     47356	80009c00	00a0df13	srli	x30,x1,0xa	  x1:0x00000001 x30=0x00000000
     473595.000 ns	     47358	80009c04	02b19bb3	mulh	x23,x3,x11	  x3:0x00000001 x11:0x00000000 x23=0x00000000
     473615.000 ns	     47360	80009c08	6d08a613	slti	x12,x17,1744	 x17:0x80000000 x12=0x00000001
     473625.000 ns	     47361	80009c0c	00a2d133	srl	x2,x5,x10	  x5:0x0000060b x10:0x80040fe4  x2=0x00000060
     473645.000 ns	     47363	80009c10	e00a81d3	fmv.x.w	x3,f21	 f21:0xffc00000  x3=0xffc00000
     473675.000 ns	     47366	80009c14	0382ad33	mulhsu	x26,x5,x24	  x5:0x0000060b x24:0x00000000 x26=0x00000000
     473695.000 ns	     47368	80009c18	2b673893	sltiu	x17,x14,694	 x14:0xb965eb68 x17=0x00000000
     473715.000 ns	     47370	80009c1c	02a933b3	mulhu	x7,x18,x10	 x18:0x80041024 x10:0x80040fe4  x7=0x40041014
     473745.000 ns	     47373	80009c20	a062a8d3	feq.s	x17,f5,f6	  f5:0x00000000  f6:0xc4c15f69 x17=0x00000000
     473765.000 ns	     47375	80009c24	0037c433	xor	x8,x15,x3	 x15:0xe5956b88  x3:0xffc00000  x8=0x1a556b88
     473785.000 ns	     47377	80009c28	03179b33	mulh	x22,x15,x17	 x15:0xe5956b88 x17:0x00000000 x22=0x00000000
     473825.000 ns	     47381	80009c2c	10a7f1d3	fmul.s	f3,f15,f10	 f15:0xbf800000 f10:0x00000000  f3=0x80000000
     473865.000 ns	     47385	80009c30	5801a7d3	fsqrt.s	f15,f3	  f3:0xb80e1dd2 f15=0x80000000
     473895.000 ns	     47388	80009c34	e0089cd3	fclass.s	x25,f17	 f17:0x7fc00000 x25=0x00000200
     473915.000 ns	     47390	80009c38	007fddb3	srl	x27,x31,x7	 x31:0x00000000  x7:0x40041014 x27=0x00000000
     473945.000 ns	     47393	80009c3c	1111ced3	fmul.s	f29,f3,f17	  f3:0x80000000 f17:0x7fc00000 f29=0x7fc00000
     473975.000 ns	     47396	80009c40	289012d3	fmax.s	f5,f0,f9	  f0:0x4f000410  f9:0x7fc00000  f5=0x4f000410
     474345.000 ns	     47433	80009c44	033fd4b3	divu	x9,x31,x19	 x31:0x00000000 x19:0x80040fe4  x9=0x00000000
     474365.000 ns	     47435	80009c48	01d375b3	and	x11,x6,x29	  x6:0xb965eb68 x29:0x00000000 x11=0x00000000
     474375.000 ns	     47436	80009c4c	400424b7	lui	x9,0x40042	  x9=0x40042000
     474385.000 ns	     47437	80009c50	0059fd33	and	x26,x19,x5	 x19:0x80040fe4  x5:0x0000060b x26=0x00000600
     474425.000 ns	     47441	80009c54	013d73d3	fadd.s	f7,f26,f19	 f26:0x80041024 f19:0x3f800000  f7=0x3f800000
     474455.000 ns	     47444	80009c58	a1c700d3	fle.s	x1,f14,f28	 f14:0xffc00000 f28:0x00000000  x1=0x00000000
     474485.000 ns	     47447	80009c5c	0389e2b3	rem	x5,x19,x24	 x19:0x80040fe4 x24:0x00000000  x5=0x80040fe4
     474535.000 ns	     47452	80009c60	08e6f053	fsub.s	f0,f13,f14	 f13:0x00000000 f14:0xffc00000  f0=0x7fc00000
     474565.000 ns	     47455	80009c64	f00f84d3	fmv.w.x	f9,x31	 x31:0x00000000  f9=0x00000000
     474595.000 ns	     47458	80009c68	e00b0ad3	fmv.x.w	x21,f22	 f22:0x00000000 x21=0x00000000
     474615.000 ns	     47460	80009c6c	4095d013	srai	x0,x11,0x9	 x11:0x00000000
     474625.000 ns	     47461	80009c70	003d9e13	slli	x28,x27,0x3	 x27:0x00000000 x28=0x00000000
     474635.000 ns	     47462	80009c74	01469eb3	sll	x29,x13,x20	 x13:0xfffffc59 x20:0xa202344a x29=0xfff16400
     474655.000 ns	     47464	80009c78	29779b53	fmax.s	f22,f15,f23	 f15:0x80000000 f23:0xc4c16000 f22=0x80000000
     474675.000 ns	     47466	80009c7c	f9588793	addi	x15,x17,-107	 x17:0x00000000 x15=0xffffff95
     474695.000 ns	     47468	80009c80	20fd07d3	fsgnj.s	f15,f26,f15	 f26:0x80041024 f15:0x80000000 f15=0x80041024
     474725.000 ns	     47471	80009c84	e0010053	fmv.x.w	x0,f2	  f2:0xc4c16000
     474745.000 ns	     47473	80009c88	001ee333	or	x6,x29,x1	 x29:0xfff16400  x1:0x00000000  x6=0xfff16400
     474755.000 ns	     47474	80009c8c	410ad9b3	sra	x19,x21,x16	 x21:0x00000000 x16:0xffffffff x19=0x00000000
     474765.000 ns	     47475	80009c90	01fd0db3	add	x27,x26,x31	 x26:0x00000600 x31:0x00000000 x27=0x00000600
     474785.000 ns	     47477	80009c94	03d70ab3	mul	x21,x14,x29	 x14:0xb965eb68 x29:0xfff16400 x21=0x04dca000
     474805.000 ns	     47479	80009c98	40375193	srai	x3,x14,0x3	 x14:0xb965eb68  x3=0xf72cbd6d
     474825.000 ns	     47481	80009c9c	03f3f833	remu	x16,x7,x31	  x7:0x40041014 x31:0x00000000 x16=0x40041014
     474855.000 ns	     47484	80009ca0	21650053	fsgnj.s	f0,f10,f22	 f10:0x00000000 f22:0x80000000  f0=0x80000000
     474885.000 ns	     47487	80009ca4	e00f1ed3	fclass.s	x29,f30	 f30:0x00000000 x29=0x00000010
     474935.000 ns	     47492	80009ca8	0072b5d3	fadd.s	f11,f5,f7	  f5:0x4f000410  f7:0x3f800000 f11=0x4f000411
     474955.000 ns	     47494	80009cac	e74f6f13	ori	x30,x30,-396	 x30:0x00000000 x30=0xfffffe74
     474975.000 ns	     47496	80009cb0	03a7a9b3	mulhsu	x19,x15,x26	 x15:0xffffff95 x26:0x00000600 x19=0xffffffff
     474995.000 ns	     47498	80009cb4	9796fc13	andi	x24,x13,-1671	 x13:0xfffffc59 x24=0xfffff859
     475015.000 ns	     47500	80009cb8	a13a9c53	flt.s	x24,f21,f19	 f21:0xffc00000 f19:0x3f800000 x24=0x00000000
     475045.000 ns	     47503	80009cbc	21790a53	fsgnj.s	f20,f18,f23	 f18:0x00000000 f23:0xc4c16000 f20=0x80000000
     475065.000 ns	     47505	80009cc0	00ccedb3	or	x27,x25,x12	 x25:0x00000200 x12:0x00000001 x27=0x00000201
     475085.000 ns	     47507	80009cc4	d014c353	fcvt.s.wu	f6,x9	  x9:0x40042000  f6=0x4e800840
     475115.000 ns	     47510	80009cc8	a140a653	feq.s	x12,f1,f20	  f1:0x00000004 f20:0x80000000 x12=0x00000000
     475165.000 ns	     47515	80009ccc	08dfa7d3	fsub.s	f15,f31,f13	 f31:0x80000000 f13:0x00000000 f15=0x80000000
     475195.000 ns	     47518	80009cd0	02000fb3	mul	x31,x0,x0	  x0:0x00000000  x0:0x00000000 x31=0x00000000
     475235.000 ns	     47522	80009cd4	580cfb53	fsqrt.s	f22,f25	 f25:0x00000000 f22=0x00000000
     475265.000 ns	     47525	80009cd8	031385b3	mul	x11,x7,x17	  x7:0x40041014 x17:0x00000000 x11=0x00000000
     475285.000 ns	     47527	80009cdc	01545f13	srli	x30,x8,0x15	  x8:0x1a556b88 x30=0x000000d2
     475305.000 ns	     47529	80009ce0	023f12b3	mulh	x5,x30,x3	 x30:0xfffffe74  x3:0xf72cbd6d  x5=0xfffffff8
     475335.000 ns	     47532	80009ce4	c01e7d53	fcvt.wu.s	x26,f28	 f28:0x00000000 x26=0x00000000
     475365.000 ns	     47535	80009ce8	21eb99d3	fsgnjn.s	f19,f23,f30	 f23:0xc4c16000 f30:0x00000000 f19=0xc4c16000
     475385.000 ns	     47537	80009cec	01c378b3	and	x17,x6,x28	  x6:0xfff16400 x28:0x00000000 x17=0x00000000
     475405.000 ns	     47539	80009cf0	28d10fd3	fmin.s	f31,f2,f13	  f2:0xc4c16000 f13:0x00000000 f31=0xc4c16000
     475425.000 ns	     47541	80009cf4	c5dec013	xori	x0,x29,-931	 x29:0x00000010
     475445.000 ns	     47543	80009cf8	285100d3	fmin.s	f1,f2,f5	  f2:0xc4c16000  f5:0x4f000410  f1=0xc4c16000
     475465.000 ns	     47545	80009cfc	d2755597	auipc	x11,0xd2755	 x11=0x5275ecfc
     475485.000 ns	     47547	80009d00	e00395d3	fclass.s	x11,f7	  f7:0x3f800000 x11=0x00000040
     475515.000 ns	     47550	80009d04	29558d53	fmin.s	f26,f11,f21	 f11:0x4f000411 f21:0xffc00000 f26=0x4f000411
     475535.000 ns	     47552	80009d08	d2a4ba97	auipc	x21,0xd2a4b	 x21=0x52a54d08
     475555.000 ns	     47554	80009d0c	03a8bfb3	mulhu	x31,x17,x26	 x17:0x00000000 x26:0x00000000 x31=0x00000000
     475585.000 ns	     47557	80009d10	a0b88b53	fle.s	x22,f17,f11	 f17:0x7fc00000 f11:0x4f000411 x22=0x00000000
     475615.000 ns	     47560	80009d14	e00397d3	fclass.s	x15,f7	  f7:0x3f800000 x15=0x00000040
     475665.000 ns	     47565	80009d18	019549d3	fadd.s	f19,f10,f25	 f10:0x00000000 f25:0x00000000 f19=0x00000000
     475695.000 ns	     47568	80009d1c	03e90fb3	mul	x31,x18,x30	 x18:0x80041024 x30:0x000000d2 x31=0x03553d88
     475715.000 ns	     47570	80009d20	01ed5193	srli	x3,x26,0x1e	 x26:0x00000000  x3=0x00000000
     475725.000 ns	     47571	80009d24	00000013	addi	x0,x0,0	  x0:0x00000000
     475745.000 ns	     47573	80009d28	d009ff53	fcvt.s.w	f30,x19	 x19:0xffffffff f30=0xbf800000
     475775.000 ns	     47576	80009d2c	02086db3	rem	x27,x16,x0	 x16:0x40041014  x0:0x00000000 x27=0x40041014
     475805.000 ns	     47579	80009d30	29e28653	fmin.s	f12,f5,f30	  f5:0x4f000410 f30:0xbf800000 f12=0xbf800000
     475835.000 ns	     47582	80009d34	c01920d3	fcvt.wu.s	x1,f18	 f18:0x00000000  x1=0x00000000
     475865.000 ns	     47585	80009d38	a08e1353	flt.s	x6,f28,f8	 f28:0x00000000  f8:0x00000000  x6=0x00000000
     475885.000 ns	     47587	80009d3c	01c05eb3	srl	x29,x0,x28	  x0:0x00000000 x28:0x00000000 x29=0x00000000
     475895.000 ns	     47588	80009d40	00000013	addi	x0,x0,0	  x0:0x00000000
     475925.000 ns	     47591	80009d44	186933d3	fdiv.s	f7,f18,f6	 f18:0x00000000  f6:0x4e800840  f7=0x00000000
     475945.000 ns	     47593	80009d48	cc98c693	xori	x13,x17,-823	 x17:0x00000000 x13=0xfffffcc9
     475985.000 ns	     47597	80009d4c	091796d3	fsub.s	f13,f15,f17	 f15:0x80000000 f17:0x7fc00000 f13=0x7fc00000
     476015.000 ns	     47600	80009d50	20419553	fsgnjn.s	f10,f3,f4	  f3:0x80000000  f4:0xc4c16000 f10=0x00000000
     476035.000 ns	     47602	80009d54	010585b3	add	x11,x11,x16	 x11:0x00000040 x16:0x40041014 x11=0x40041054
     476045.000 ns	     47603	80009d58	00dd5a93	srli	x21,x26,0xd	 x26:0x00000000 x21=0x00000000
     476055.000 ns	     47604	80009d5c	009863b3	or	x7,x16,x9	 x16:0x40041014  x9:0x40042000  x7=0x40043014
     476095.000 ns	     47608	80009d60	09c0f6d3	fsub.s	f13,f1,f28	  f1:0xc4c16000 f28:0x00000000 f13=0xc4c16000
     476125.000 ns	     47611	80009d64	d01df653	fcvt.s.wu	f12,x27	 x27:0x40041014 f12=0x4e800820
     476155.000 ns	     47614	80009d68	d00bc853	fcvt.s.w	f16,x23	 x23:0x00000000 f16=0x00000000
     476185.000 ns	     47617	80009d6c	02cb1833	mulh	x16,x22,x12	 x22:0x00000000 x12:0x00000000 x16=0x00000000
     476215.000 ns	     47620	80009d70	02cba633	mulhsu	x12,x23,x12	 x23:0x00000000 x12:0x00000000 x12=0x00000000
     476245.000 ns	     47623	80009d74	02d18733	mul	x14,x3,x13	  x3:0x00000000 x13:0xfffffcc9 x14=0x00000000
     476275.000 ns	     47626	80009d78	e0039ed3	fclass.s	x29,f7	  f7:0x00000000 x29=0x00000010
     476295.000 ns	     47628	80009d7c	7bf205b7	lui	x11,0x7bf20	 x11=0x7bf20000
     476305.000 ns	     47629	80009d80	009dd613	srli	x12,x27,0x9	 x27:0x40041014 x12=0x00200208
     476315.000 ns	     47630	80009d84	018ab3b3	sltu	x7,x21,x24	 x21:0x00000000 x24:0x00000000  x7=0x00000000
     476325.000 ns	     47631	80009d88	9fa84d93	xori	x27,x16,-1542	 x16:0x00000000 x27=0xfffff9fa
     476335.000 ns	     47632	80009d8c	00d218b3	sll	x17,x4,x13	  x4:0xfffffcdd x13:0xfffffcc9 x17=0xfff9ba00
     476345.000 ns	     47633	80009d90	011aeb33	or	x22,x21,x17	 x21:0x00000000 x17:0x00000000 x22=0xfff9ba00
     476355.000 ns	     47634	80009d94	0079eb33	or	x22,x19,x7	 x19:0xffffffff  x7:0x00000000 x22=0xffffffff
     476365.000 ns	     47635	80009d98	40f9dd93	srai	x27,x19,0xf	 x19:0xffffffff x27=0xffffffff
     476385.000 ns	     47637	80009d9c	03a9beb3	mulhu	x29,x19,x26	 x19:0xffffffff x26:0x00000000 x29=0x00000000
     476405.000 ns	     47639	80009da0	012079b3	and	x19,x0,x18	  x0:0x00000000 x18:0x80041024 x19=0x00000000
     476435.000 ns	     47642	80009da4	106a7153	fmul.s	f2,f20,f6	 f20:0x80000000  f6:0x4e800840  f2=0x80000000
     476455.000 ns	     47644	80009da8	c45f1897	auipc	x17,0xc45f1	 x17=0x445fada8
     476475.000 ns	     47646	80009dac	292991d3	fmax.s	f3,f19,f18	 f19:0x00000000 f18:0x00000000  f3=0x00000000
     476525.000 ns	     47651	80009db0	09c0f153	fsub.s	f2,f1,f28	  f1:0xc4c16000 f28:0x00000000  f2=0xc4c16000
     476555.000 ns	     47654	80009db4	a1ed0453	fle.s	x8,f26,f30	 f26:0x4f000411 f30:0xbf800000  x8=0x00000000
     476585.000 ns	     47657	80009db8	030f6833	rem	x16,x30,x16	 x30:0x000000d2 x16:0x00000000 x16=0x000000d2
     476605.000 ns	     47659	80009dbc	012517b3	sll	x15,x10,x18	 x10:0x80040fe4 x18:0x80041024 x15=0x0040fe40
     476625.000 ns	     47661	80009dc0	d010bbd3	fcvt.s.wu	f23,x1	  x1:0x00000000 f23=0x00000000
     476645.000 ns	     47663	80009dc4	01a8bb33	sltu	x22,x17,x26	 x17:0x445fada8 x26:0x00000000 x22=0x00000000
     476665.000 ns	     47665	80009dc8	e00291d3	fclass.s	x3,f5	  f5:0x4f000410  x3=0x00000040
     476685.000 ns	     47667	80009dcc	00000013	addi	x0,x0,0	  x0:0x00000000
     476705.000 ns	     47669	80009dd0	03d24333	div	x6,x4,x29	  x4:0xfffffcdd x29:0x00000000  x6=0xffffffff
     476725.000 ns	     47671	80009dd4	6d086593	ori	x11,x16,1744	 x16:0x000000d2 x11=0x000006d2
     476745.000 ns	     47673	80009dd8	03c259b3	divu	x19,x4,x28	  x4:0xfffffcdd x28:0x00000000 x19=0xffffffff
     476765.000 ns	     47675	80009ddc	100fa093	slti	x1,x31,256	 x31:0x03553d88  x1=0x00000000
     476775.000 ns	     47676	80009de0	9b9b0613	addi	x12,x22,-1607	 x22:0x00000000 x12=0xfffff9b9
     476785.000 ns	     47677	80009de4	18af6217	auipc	x4,0x18af6	  x4=0x98affde4
     476805.000 ns	     47679	80009de8	d01e7dd3	fcvt.s.wu	f27,x28	 x28:0x00000000 f27=0x00000000
     476825.000 ns	     47681	80009dec	00c579b3	and	x19,x10,x12	 x10:0x80040fe4 x12:0xfffff9b9 x19=0x800409a0
     476835.000 ns	     47682	80009df0	a812b313	sltiu	x6,x5,-1407	  x5:0xfffffff8  x6=0x00000000
     476845.000 ns	     47683	80009df4	35180e13	addi	x28,x16,849	 x16:0x000000d2 x28=0x00000423
     476865.000 ns	     47685	80009df8	023001b3	mul	x3,x0,x3	  x0:0x00000000  x3:0x00000040  x3=0x00000000
     476885.000 ns	     47687	80009dfc	4534ce17	auipc	x28,0x4534c	 x28=0xc5355dfc
     477245.000 ns	     47723	80009e00	0315fab3	remu	x21,x11,x17	 x11:0x000006d2 x17:0x445fada8 x21=0x000006d2
     477285.000 ns	     47727	80009e04	10204853	fmul.s	f16,f0,f2	  f0:0x80000000  f2:0xc4c16000 f16=0x00000000
     477305.000 ns	     47729	80009e08	ddf1c793	xori	x15,x3,-545	  x3:0x00000000 x15=0xfffffddf
     477325.000 ns	     47731	80009e0c	03d5f033	remu	x0,x11,x29	 x11:0x000006d2 x29:0x00000000
     477345.000 ns	     47733	80009e10	08aa9637	lui	x12,0x8aa9	 x12=0x08aa9000
     477385.000 ns	     47737	80009e14	0876f353	fsub.s	f6,f13,f7	 f13:0xc4c16000  f7:0x00000000  f6=0xc4c16000
     477725.000 ns	     47771	80009e18	18b61353	fdiv.s	f6,f12,f11	 f12:0x4e800820 f11:0x4f000411  f6=0x3e800820
     477745.000 ns	     47773	80009e1c	224d7d93	andi	x27,x26,548	 x26:0x00000000 x27=0x00000000
     477765.000 ns	     47775	80009e20	e0070653	fmv.x.w	x12,f14	 f14:0xffc00000 x12=0xffc00000
     477795.000 ns	     47778	80009e24	03262333	mulhsu	x6,x12,x18	 x12:0x08aa9000 x18:0x80041024  x6=0xffdffefb
     477825.000 ns	     47781	80009e28	037c8233	mul	x4,x25,x23	 x25:0x00000200 x23:0x00000000  x4=0x00000000
     477855.000 ns	     47784	80009e2c	c01e3453	fcvt.wu.s	x8,f28	 f28:0x00000000  x8=0x00000000
     477885.000 ns	     47787	80009e30	c015aed3	fcvt.wu.s	x29,f11	 f11:0x4f000411 x29=0x80041100
     477905.000 ns	     47789	80009e34	f90e8593	addi	x11,x29,-112	 x29:0x00000000 x11=0x80041090
     477915.000 ns	     47790	80009e38	51cc1d97	auipc	x27,0x51cc1	 x27=0xd1ccae38
     477925.000 ns	     47791	80009e3c	4144d633	sra	x12,x9,x20	  x9:0x40042000 x20:0xa202344a x12=0x00100108
     477935.000 ns	     47792	80009e40	01e52033	slt	x0,x10,x30	 x10:0x80040fe4 x30:0x000000d2
     477945.000 ns	     47793	80009e44	0558a493	slti	x9,x17,85	 x17:0x445fada8  x9=0x00000000
     478305.000 ns	     47829	80009e48	026567b3	rem	x15,x10,x6	 x10:0x80040fe4  x6:0xffdffefb x15=0xffe822df
     478345.000 ns	     47833	80009e4c	117b9753	fmul.s	f14,f23,f23	 f23:0x00000000 f23:0x00000000 f14=0x00000000
     478365.000 ns	     47835	80009e50	5cb60893	addi	x17,x12,1483	 x12:0x00100108 x17=0x001006d3
     478375.000 ns	     47836	80009e54	b44a0313	addi	x6,x20,-1212	 x20:0xa202344a  x6=0xa2022f8e
     478385.000 ns	     47837	80009e58	00875ab3	srl	x21,x14,x8	 x14:0x00000000  x8:0x00000000 x21=0x00000000
     478405.000 ns	     47839	80009e5c	e0009f53	fclass.s	x30,f1	  f1:0xc4c16000 x30=0x00000002
     478775.000 ns	     47876	80009e60	03034e33	div	x28,x6,x16	  x6:0xa2022f8e x16:0x000000d2 x28=0xff8d6b81
     478795.000 ns	     47878	80009e64	00019b13	slli	x22,x3,0x0	  x3:0x00000000 x22=0x00000000
     478815.000 ns	     47880	80009e68	02e74fb3	div	x31,x14,x14	 x14:0x00000000 x14:0x00000000 x31=0xffffffff
     478845.000 ns	     47883	80009e6c	03709133	mulh	x2,x1,x23	  x1:0x00000000 x23:0x00000000  x2=0x00000000
     478875.000 ns	     47886	80009e70	216309d3	fsgnj.s	f19,f6,f22	  f6:0x3e800820 f22:0x00000000 f19=0x3e800820
     478905.000 ns	     47889	80009e74	032335b3	mulhu	x11,x6,x18	  x6:0xa2022f8e x18:0x80041024 x11=0x5103aa06
     478925.000 ns	     47891	80009e78	1b672613	slti	x12,x14,438	 x14:0x00000000 x12=0x00000001
     478945.000 ns	     47893	80009e7c	0370b433	mulhu	x8,x1,x23	  x1:0x00000000 x23:0x00000000  x8=0x00000000
     478965.000 ns	     47895	80009e80	003625b3	slt	x11,x12,x3	 x12:0x00100108  x3:0x00000000 x11=0x00000000
     478975.000 ns	     47896	80009e84	7ee33d93	sltiu	x27,x6,2030	  x6:0xa2022f8e x27=0x00000000
     478995.000 ns	     47898	80009e88	a14a11d3	flt.s	x3,f20,f20	 f20:0x80000000 f20:0x80000000  x3=0x00000000
     479025.000 ns	     47901	80009e8c	02eb4d33	div	x26,x22,x14	 x22:0x00000000 x14:0x00000000 x26=0xffffffff
     479045.000 ns	     47903	80009e90	7e5de613	ori	x12,x27,2021	 x27:0x00000000 x12=0x000007e5
     479065.000 ns	     47905	80009e94	d015b3d3	fcvt.s.wu	f7,x11	 x11:0x00000000  f7=0x00000000
     479085.000 ns	     47907	80009e98	40d68033	sub	x0,x13,x13	 x13:0xfffffcc9 x13:0xfffffcc9
     479095.000 ns	     47908	80009e9c	01252333	slt	x6,x10,x18	 x10:0x80040fe4 x18:0x80041024  x6=0x00000001
     479115.000 ns	     47910	80009ea0	c0027fd3	fcvt.w.s	x31,f4	  f4:0xc4c16000 x31=0x0000060b
     479135.000 ns	     47912	80009ea4	00000a17	auipc	x20,0x0	 x20=0x80009ea4
     479145.000 ns	     47913	80009ea8	00ca0a13	addi	x20,x20,12	 x20:0xa202344a x20=0x80009eb0
     479155.000 ns	     47914	80009eac	000a0067	jalr	x0,x20,0	 x20:0xa202344a
     479205.000 ns	     47919	80009eb0	00100193	addi	x3,x0,1	  x0:0x00000000  x3=0x00000001
     479215.000 ns	     47920	80009eb4	00000073	ecall	
     479225.000 ns	     47921	80009eb8	00036f17	auipc	x30,0x36	 x30=0x8003feb8
     479235.000 ns	     47922	80009ebc	143f2423	sw	x3,328(x30)	 x30:0x00000002  x3:0x00000001 PA:0xxxxxxxxx
     479255.000 ns	     47924	80009ec0	ff9ff06f	jal	x0,80009ebc	
     479305.000 ns	     47929	80009eb8	00036f17	auipc	x30,0x36	 x30=0x8003feb8
     479315.000 ns	     47930	80009ebc	143f2423	sw	x3,328(x30)	 x30:0x8003feb8  x3:0x00000001 PA:0xxxxxxxxx
     479335.000 ns	     47932	80009ec0	ff9ff06f	jal	x0,80009ebc	
     479385.000 ns	     47937	80009eb8	00036f17	auipc	x30,0x36	 x30=0x8003feb8
     479395.000 ns	     47938	80009ebc	143f2423	sw	x3,328(x30)	 x30:0x8003feb8  x3:0x00000001 PA:0xxxxxxxxx
     479415.000 ns	     47940	80009ec0	ff9ff06f	jal	x0,80009ebc	
     479465.000 ns	     47945	80009eb8	00036f17	auipc	x30,0x36	 x30=0x8003feb8
     479475.000 ns	     47946	80009ebc	143f2423	sw	x3,328(x30)	 x30:0x8003feb8  x3:0x00000001 PA:0xxxxxxxxx
     479495.000 ns	     47948	80009ec0	ff9ff06f	jal	x0,80009ebc	
     479545.000 ns	     47953	80009eb8	00036f17	auipc	x30,0x36	 x30=0x8003feb8
     479555.000 ns	     47954	80009ebc	143f2423	sw	x3,328(x30)	 x30:0x8003feb8  x3:0x00000001 PA:0xxxxxxxxx
     479575.000 ns	     47956	80009ec0	ff9ff06f	jal	x0,80009ebc	
     479625.000 ns	     47961	80009eb8	00036f17	auipc	x30,0x36	 x30=0x8003feb8
     479635.000 ns	     47962	80009ebc	143f2423	sw	x3,328(x30)	 x30:0x8003feb8  x3:0x00000001 PA:0xxxxxxxxx
     479655.000 ns	     47964	80009ec0	ff9ff06f	jal	x0,80009ebc	
     479705.000 ns	     47969	80009eb8	00036f17	auipc	x30,0x36	 x30=0x8003feb8
     479715.000 ns	     47970	80009ebc	143f2423	sw	x3,328(x30)	 x30:0x8003feb8  x3:0x00000001 PA:0xxxxxxxxx
     479735.000 ns	     47972	80009ec0	ff9ff06f	jal	x0,80009ebc	
     479785.000 ns	     47977	80009eb8	00036f17	auipc	x30,0x36	 x30=0x8003feb8
     479795.000 ns	     47978	80009ebc	143f2423	sw	x3,328(x30)	 x30:0x8003feb8  x3:0x00000001 PA:0xxxxxxxxx
     479815.000 ns	     47980	80009ec0	ff9ff06f	jal	x0,80009ebc	
     479865.000 ns	     47985	80009eb8	00036f17	auipc	x30,0x36	 x30=0x8003feb8
     479875.000 ns	     47986	80009ebc	143f2423	sw	x3,328(x30)	 x30:0x8003feb8  x3:0x00000001 PA:0xxxxxxxxx
     479895.000 ns	     47988	80009ec0	ff9ff06f	jal	x0,80009ebc	
     479945.000 ns	     47993	80009eb8	00036f17	auipc	x30,0x36	 x30=0x8003feb8
     479955.000 ns	     47994	80009ebc	143f2423	sw	x3,328(x30)	 x30:0x8003feb8  x3:0x00000001 PA:0xxxxxxxxx
     479975.000 ns	     47996	80009ec0	ff9ff06f	jal	x0,80009ebc	
     480025.000 ns	     48001	80009eb8	00036f17	auipc	x30,0x36	 x30=0x8003feb8
     480035.000 ns	     48002	80009ebc	143f2423	sw	x3,328(x30)	 x30:0x8003feb8  x3:0x00000001 PA:0xxxxxxxxx
     480055.000 ns	     48004	80009ec0	ff9ff06f	jal	x0,80009ebc	
     480105.000 ns	     48009	80009eb8	00036f17	auipc	x30,0x36	 x30=0x8003feb8
     480115.000 ns	     48010	80009ebc	143f2423	sw	x3,328(x30)	 x30:0x8003feb8  x3:0x00000001 PA:0xxxxxxxxx
     480135.000 ns	     48012	80009ec0	ff9ff06f	jal	x0,80009ebc	
     480185.000 ns	     48017	80009eb8	00036f17	auipc	x30,0x36	 x30=0x8003feb8
     480195.000 ns	     48018	80009ebc	143f2423	sw	x3,328(x30)	 x30:0x8003feb8  x3:0x00000001 PA:0xxxxxxxxx
     480215.000 ns	     48020	80009ec0	ff9ff06f	jal	x0,80009ebc	
     480265.000 ns	     48025	80009eb8	00036f17	auipc	x30,0x36	 x30=0x8003feb8
     480275.000 ns	     48026	80009ebc	143f2423	sw	x3,328(x30)	 x30:0x8003feb8  x3:0x00000001 PA:0xxxxxxxxx
     480295.000 ns	     48028	80009ec0	ff9ff06f	jal	x0,80009ebc	
     480345.000 ns	     48033	80009eb8	00036f17	auipc	x30,0x36	 x30=0x8003feb8
     480355.000 ns	     48034	80009ebc	143f2423	sw	x3,328(x30)	 x30:0x8003feb8  x3:0x00000001 PA:0xxxxxxxxx
     480375.000 ns	     48036	80009ec0	ff9ff06f	jal	x0,80009ebc	
     480425.000 ns	     48041	80009eb8	00036f17	auipc	x30,0x36	 x30=0x8003feb8
     480435.000 ns	     48042	80009ebc	143f2423	sw	x3,328(x30)	 x30:0x8003feb8  x3:0x00000001 PA:0xxxxxxxxx
     480455.000 ns	     48044	80009ec0	ff9ff06f	jal	x0,80009ebc	
     480505.000 ns	     48049	80009eb8	00036f17	auipc	x30,0x36	 x30=0x8003feb8
     480515.000 ns	     48050	80009ebc	143f2423	sw	x3,328(x30)	 x30:0x8003feb8  x3:0x00000001 PA:0xxxxxxxxx
     480535.000 ns	     48052	80009ec0	ff9ff06f	jal	x0,80009ebc	
     480585.000 ns	     48057	80009eb8	00036f17	auipc	x30,0x36	 x30=0x8003feb8
     480595.000 ns	     48058	80009ebc	143f2423	sw	x3,328(x30)	 x30:0x8003feb8  x3:0x00000001 PA:0xxxxxxxxx
     480615.000 ns	     48060	80009ec0	ff9ff06f	jal	x0,80009ebc	
     480665.000 ns	     48065	80009eb8	00036f17	auipc	x30,0x36	 x30=0x8003feb8
     480675.000 ns	     48066	80009ebc	143f2423	sw	x3,328(x30)	 x30:0x8003feb8  x3:0x00000001 PA:0xxxxxxxxx
     480695.000 ns	     48068	80009ec0	ff9ff06f	jal	x0,80009ebc	
     480745.000 ns	     48073	80009eb8	00036f17	auipc	x30,0x36	 x30=0x8003feb8
     480755.000 ns	     48074	80009ebc	143f2423	sw	x3,328(x30)	 x30:0x8003feb8  x3:0x00000001 PA:0xxxxxxxxx
     480775.000 ns	     48076	80009ec0	ff9ff06f	jal	x0,80009ebc	
     480825.000 ns	     48081	80009eb8	00036f17	auipc	x30,0x36	 x30=0x8003feb8
     480835.000 ns	     48082	80009ebc	143f2423	sw	x3,328(x30)	 x30:0x8003feb8  x3:0x00000001 PA:0xxxxxxxxx
     480855.000 ns	     48084	80009ec0	ff9ff06f	jal	x0,80009ebc	
     480905.000 ns	     48089	80009eb8	00036f17	auipc	x30,0x36	 x30=0x8003feb8
     480915.000 ns	     48090	80009ebc	143f2423	sw	x3,328(x30)	 x30:0x8003feb8  x3:0x00000001 PA:0xxxxxxxxx
     480935.000 ns	     48092	80009ec0	ff9ff06f	jal	x0,80009ebc	
     480985.000 ns	     48097	80009eb8	00036f17	auipc	x30,0x36	 x30=0x8003feb8
     480995.000 ns	     48098	80009ebc	143f2423	sw	x3,328(x30)	 x30:0x8003feb8  x3:0x00000001 PA:0xxxxxxxxx
     481015.000 ns	     48100	80009ec0	ff9ff06f	jal	x0,80009ebc	
     481065.000 ns	     48105	80009eb8	00036f17	auipc	x30,0x36	 x30=0x8003feb8
     481075.000 ns	     48106	80009ebc	143f2423	sw	x3,328(x30)	 x30:0x8003feb8  x3:0x00000001 PA:0xxxxxxxxx
     481095.000 ns	     48108	80009ec0	ff9ff06f	jal	x0,80009ebc	
     481145.000 ns	     48113	80009eb8	00036f17	auipc	x30,0x36	 x30=0x8003feb8
     481155.000 ns	     48114	80009ebc	143f2423	sw	x3,328(x30)	 x30:0x8003feb8  x3:0x00000001 PA:0xxxxxxxxx
     481175.000 ns	     48116	80009ec0	ff9ff06f	jal	x0,80009ebc	
     481225.000 ns	     48121	80009eb8	00036f17	auipc	x30,0x36	 x30=0x8003feb8
     481235.000 ns	     48122	80009ebc	143f2423	sw	x3,328(x30)	 x30:0x8003feb8  x3:0x00000001 PA:0xxxxxxxxx
     481255.000 ns	     48124	80009ec0	ff9ff06f	jal	x0,80009ebc	
     481305.000 ns	     48129	80009eb8	00036f17	auipc	x30,0x36	 x30=0x8003feb8
     481315.000 ns	     48130	80009ebc	143f2423	sw	x3,328(x30)	 x30:0x8003feb8  x3:0x00000001 PA:0xxxxxxxxx
     481335.000 ns	     48132	80009ec0	ff9ff06f	jal	x0,80009ebc	
     481385.000 ns	     48137	80009eb8	00036f17	auipc	x30,0x36	 x30=0x8003feb8
     481395.000 ns	     48138	80009ebc	143f2423	sw	x3,328(x30)	 x30:0x8003feb8  x3:0x00000001 PA:0xxxxxxxxx
     481415.000 ns	     48140	80009ec0	ff9ff06f	jal	x0,80009ebc	
     481465.000 ns	     48145	80009eb8	00036f17	auipc	x30,0x36	 x30=0x8003feb8
     481475.000 ns	     48146	80009ebc	143f2423	sw	x3,328(x30)	 x30:0x8003feb8  x3:0x00000001 PA:0xxxxxxxxx
     481495.000 ns	     48148	80009ec0	ff9ff06f	jal	x0,80009ebc	
     481545.000 ns	     48153	80009eb8	00036f17	auipc	x30,0x36	 x30=0x8003feb8
     481555.000 ns	     48154	80009ebc	143f2423	sw	x3,328(x30)	 x30:0x8003feb8  x3:0x00000001 PA:0xxxxxxxxx
     481575.000 ns	     48156	80009ec0	ff9ff06f	jal	x0,80009ebc	
     481625.000 ns	     48161	80009eb8	00036f17	auipc	x30,0x36	 x30=0x8003feb8
     481635.000 ns	     48162	80009ebc	143f2423	sw	x3,328(x30)	 x30:0x8003feb8  x3:0x00000001 PA:0xxxxxxxxx
     481655.000 ns	     48164	80009ec0	ff9ff06f	jal	x0,80009ebc	
     481705.000 ns	     48169	80009eb8	00036f17	auipc	x30,0x36	 x30=0x8003feb8
     481715.000 ns	     48170	80009ebc	143f2423	sw	x3,328(x30)	 x30:0x8003feb8  x3:0x00000001 PA:0xxxxxxxxx
     481735.000 ns	     48172	80009ec0	ff9ff06f	jal	x0,80009ebc	
     481785.000 ns	     48177	80009eb8	00036f17	auipc	x30,0x36	 x30=0x8003feb8
     481795.000 ns	     48178	80009ebc	143f2423	sw	x3,328(x30)	 x30:0x8003feb8  x3:0x00000001 PA:0xxxxxxxxx
     481815.000 ns	     48180	80009ec0	ff9ff06f	jal	x0,80009ebc	
     481865.000 ns	     48185	80009eb8	00036f17	auipc	x30,0x36	 x30=0x8003feb8
     481875.000 ns	     48186	80009ebc	143f2423	sw	x3,328(x30)	 x30:0x8003feb8  x3:0x00000001 PA:0xxxxxxxxx
     481895.000 ns	     48188	80009ec0	ff9ff06f	jal	x0,80009ebc	
     481945.000 ns	     48193	80009eb8	00036f17	auipc	x30,0x36	 x30=0x8003feb8
     481955.000 ns	     48194	80009ebc	143f2423	sw	x3,328(x30)	 x30:0x8003feb8  x3:0x00000001 PA:0xxxxxxxxx
     481975.000 ns	     48196	80009ec0	ff9ff06f	jal	x0,80009ebc	
     482025.000 ns	     48201	80009eb8	00036f17	auipc	x30,0x36	 x30=0x8003feb8
     482035.000 ns	     48202	80009ebc	143f2423	sw	x3,328(x30)	 x30:0x8003feb8  x3:0x00000001 PA:0xxxxxxxxx
     482055.000 ns	     48204	80009ec0	ff9ff06f	jal	x0,80009ebc	
     482105.000 ns	     48209	80009eb8	00036f17	auipc	x30,0x36	 x30=0x8003feb8
     482115.000 ns	     48210	80009ebc	143f2423	sw	x3,328(x30)	 x30:0x8003feb8  x3:0x00000001 PA:0xxxxxxxxx
     482135.000 ns	     48212	80009ec0	ff9ff06f	jal	x0,80009ebc	
     482185.000 ns	     48217	80009eb8	00036f17	auipc	x30,0x36	 x30=0x8003feb8
     482195.000 ns	     48218	80009ebc	143f2423	sw	x3,328(x30)	 x30:0x8003feb8  x3:0x00000001 PA:0xxxxxxxxx
     482215.000 ns	     48220	80009ec0	ff9ff06f	jal	x0,80009ebc	
     482265.000 ns	     48225	80009eb8	00036f17	auipc	x30,0x36	 x30=0x8003feb8
     482275.000 ns	     48226	80009ebc	143f2423	sw	x3,328(x30)	 x30:0x8003feb8  x3:0x00000001 PA:0xxxxxxxxx
     482295.000 ns	     48228	80009ec0	ff9ff06f	jal	x0,80009ebc	
     482345.000 ns	     48233	80009eb8	00036f17	auipc	x30,0x36	 x30=0x8003feb8
     482355.000 ns	     48234	80009ebc	143f2423	sw	x3,328(x30)	 x30:0x8003feb8  x3:0x00000001 PA:0xxxxxxxxx
     482375.000 ns	     48236	80009ec0	ff9ff06f	jal	x0,80009ebc	
     482425.000 ns	     48241	80009eb8	00036f17	auipc	x30,0x36	 x30=0x8003feb8
     482435.000 ns	     48242	80009ebc	143f2423	sw	x3,328(x30)	 x30:0x8003feb8  x3:0x00000001 PA:0xxxxxxxxx
     482455.000 ns	     48244	80009ec0	ff9ff06f	jal	x0,80009ebc	
     482505.000 ns	     48249	80009eb8	00036f17	auipc	x30,0x36	 x30=0x8003feb8
     482515.000 ns	     48250	80009ebc	143f2423	sw	x3,328(x30)	 x30:0x8003feb8  x3:0x00000001 PA:0xxxxxxxxx
     482535.000 ns	     48252	80009ec0	ff9ff06f	jal	x0,80009ebc	
     482585.000 ns	     48257	80009eb8	00036f17	auipc	x30,0x36	 x30=0x8003feb8
     482595.000 ns	     48258	80009ebc	143f2423	sw	x3,328(x30)	 x30:0x8003feb8  x3:0x00000001 PA:0xxxxxxxxx
     482615.000 ns	     48260	80009ec0	ff9ff06f	jal	x0,80009ebc	
     482665.000 ns	     48265	80009eb8	00036f17	auipc	x30,0x36	 x30=0x8003feb8
     482675.000 ns	     48266	80009ebc	143f2423	sw	x3,328(x30)	 x30:0x8003feb8  x3:0x00000001 PA:0xxxxxxxxx
     482695.000 ns	     48268	80009ec0	ff9ff06f	jal	x0,80009ebc	
     482745.000 ns	     48273	80009eb8	00036f17	auipc	x30,0x36	 x30=0x8003feb8
     482755.000 ns	     48274	80009ebc	143f2423	sw	x3,328(x30)	 x30:0x8003feb8  x3:0x00000001 PA:0xxxxxxxxx
     482775.000 ns	     48276	80009ec0	ff9ff06f	jal	x0,80009ebc	
     482825.000 ns	     48281	80009eb8	00036f17	auipc	x30,0x36	 x30=0x8003feb8
     482835.000 ns	     48282	80009ebc	143f2423	sw	x3,328(x30)	 x30:0x8003feb8  x3:0x00000001 PA:0xxxxxxxxx
     482855.000 ns	     48284	80009ec0	ff9ff06f	jal	x0,80009ebc	
     482905.000 ns	     48289	80009eb8	00036f17	auipc	x30,0x36	 x30=0x8003feb8
     482915.000 ns	     48290	80009ebc	143f2423	sw	x3,328(x30)	 x30:0x8003feb8  x3:0x00000001 PA:0xxxxxxxxx
     482935.000 ns	     48292	80009ec0	ff9ff06f	jal	x0,80009ebc	
     482985.000 ns	     48297	80009eb8	00036f17	auipc	x30,0x36	 x30=0x8003feb8
     482995.000 ns	     48298	80009ebc	143f2423	sw	x3,328(x30)	 x30:0x8003feb8  x3:0x00000001 PA:0xxxxxxxxx
     483015.000 ns	     48300	80009ec0	ff9ff06f	jal	x0,80009ebc	
     483065.000 ns	     48305	80009eb8	00036f17	auipc	x30,0x36	 x30=0x8003feb8
     483075.000 ns	     48306	80009ebc	143f2423	sw	x3,328(x30)	 x30:0x8003feb8  x3:0x00000001 PA:0xxxxxxxxx
     483095.000 ns	     48308	80009ec0	ff9ff06f	jal	x0,80009ebc	
     483145.000 ns	     48313	80009eb8	00036f17	auipc	x30,0x36	 x30=0x8003feb8
     483155.000 ns	     48314	80009ebc	143f2423	sw	x3,328(x30)	 x30:0x8003feb8  x3:0x00000001 PA:0xxxxxxxxx
     483175.000 ns	     48316	80009ec0	ff9ff06f	jal	x0,80009ebc	
     483225.000 ns	     48321	80009eb8	00036f17	auipc	x30,0x36	 x30=0x8003feb8
     483235.000 ns	     48322	80009ebc	143f2423	sw	x3,328(x30)	 x30:0x8003feb8  x3:0x00000001 PA:0xxxxxxxxx
     483255.000 ns	     48324	80009ec0	ff9ff06f	jal	x0,80009ebc	
     483305.000 ns	     48329	80009eb8	00036f17	auipc	x30,0x36	 x30=0x8003feb8
     483315.000 ns	     48330	80009ebc	143f2423	sw	x3,328(x30)	 x30:0x8003feb8  x3:0x00000001 PA:0xxxxxxxxx
     483335.000 ns	     48332	80009ec0	ff9ff06f	jal	x0,80009ebc	
     483385.000 ns	     48337	80009eb8	00036f17	auipc	x30,0x36	 x30=0x8003feb8
     483395.000 ns	     48338	80009ebc	143f2423	sw	x3,328(x30)	 x30:0x8003feb8  x3:0x00000001 PA:0xxxxxxxxx
     483415.000 ns	     48340	80009ec0	ff9ff06f	jal	x0,80009ebc	
     483465.000 ns	     48345	80009eb8	00036f17	auipc	x30,0x36	 x30=0x8003feb8
     483475.000 ns	     48346	80009ebc	143f2423	sw	x3,328(x30)	 x30:0x8003feb8  x3:0x00000001 PA:0xxxxxxxxx
     483495.000 ns	     48348	80009ec0	ff9ff06f	jal	x0,80009ebc	
     483545.000 ns	     48353	80009eb8	00036f17	auipc	x30,0x36	 x30=0x8003feb8
     483555.000 ns	     48354	80009ebc	143f2423	sw	x3,328(x30)	 x30:0x8003feb8  x3:0x00000001 PA:0xxxxxxxxx
     483575.000 ns	     48356	80009ec0	ff9ff06f	jal	x0,80009ebc	
     483625.000 ns	     48361	80009eb8	00036f17	auipc	x30,0x36	 x30=0x8003feb8
     483635.000 ns	     48362	80009ebc	143f2423	sw	x3,328(x30)	 x30:0x8003feb8  x3:0x00000001 PA:0xxxxxxxxx
     483655.000 ns	     48364	80009ec0	ff9ff06f	jal	x0,80009ebc	
     483705.000 ns	     48369	80009eb8	00036f17	auipc	x30,0x36	 x30=0x8003feb8
     483715.000 ns	     48370	80009ebc	143f2423	sw	x3,328(x30)	 x30:0x8003feb8  x3:0x00000001 PA:0xxxxxxxxx
     483735.000 ns	     48372	80009ec0	ff9ff06f	jal	x0,80009ebc	
     483785.000 ns	     48377	80009eb8	00036f17	auipc	x30,0x36	 x30=0x8003feb8
     483795.000 ns	     48378	80009ebc	143f2423	sw	x3,328(x30)	 x30:0x8003feb8  x3:0x00000001 PA:0xxxxxxxxx
     483815.000 ns	     48380	80009ec0	ff9ff06f	jal	x0,80009ebc	
     483865.000 ns	     48385	80009eb8	00036f17	auipc	x30,0x36	 x30=0x8003feb8
     483875.000 ns	     48386	80009ebc	143f2423	sw	x3,328(x30)	 x30:0x8003feb8  x3:0x00000001 PA:0xxxxxxxxx
     483895.000 ns	     48388	80009ec0	ff9ff06f	jal	x0,80009ebc	
     483945.000 ns	     48393	80009eb8	00036f17	auipc	x30,0x36	 x30=0x8003feb8
     483955.000 ns	     48394	80009ebc	143f2423	sw	x3,328(x30)	 x30:0x8003feb8  x3:0x00000001 PA:0xxxxxxxxx
     483975.000 ns	     48396	80009ec0	ff9ff06f	jal	x0,80009ebc	
     484025.000 ns	     48401	80009eb8	00036f17	auipc	x30,0x36	 x30=0x8003feb8
     484035.000 ns	     48402	80009ebc	143f2423	sw	x3,328(x30)	 x30:0x8003feb8  x3:0x00000001 PA:0xxxxxxxxx
     484055.000 ns	     48404	80009ec0	ff9ff06f	jal	x0,80009ebc	
     484105.000 ns	     48409	80009eb8	00036f17	auipc	x30,0x36	 x30=0x8003feb8
     484115.000 ns	     48410	80009ebc	143f2423	sw	x3,328(x30)	 x30:0x8003feb8  x3:0x00000001 PA:0xxxxxxxxx
     484135.000 ns	     48412	80009ec0	ff9ff06f	jal	x0,80009ebc	
     484185.000 ns	     48417	80009eb8	00036f17	auipc	x30,0x36	 x30=0x8003feb8
     484195.000 ns	     48418	80009ebc	143f2423	sw	x3,328(x30)	 x30:0x8003feb8  x3:0x00000001 PA:0xxxxxxxxx
     484215.000 ns	     48420	80009ec0	ff9ff06f	jal	x0,80009ebc	
     484265.000 ns	     48425	80009eb8	00036f17	auipc	x30,0x36	 x30=0x8003feb8
     484275.000 ns	     48426	80009ebc	143f2423	sw	x3,328(x30)	 x30:0x8003feb8  x3:0x00000001 PA:0xxxxxxxxx
     484295.000 ns	     48428	80009ec0	ff9ff06f	jal	x0,80009ebc	
     484345.000 ns	     48433	80009eb8	00036f17	auipc	x30,0x36	 x30=0x8003feb8
     484355.000 ns	     48434	80009ebc	143f2423	sw	x3,328(x30)	 x30:0x8003feb8  x3:0x00000001 PA:0xxxxxxxxx
     484375.000 ns	     48436	80009ec0	ff9ff06f	jal	x0,80009ebc	
     484425.000 ns	     48441	80009eb8	00036f17	auipc	x30,0x36	 x30=0x8003feb8
     484435.000 ns	     48442	80009ebc	143f2423	sw	x3,328(x30)	 x30:0x8003feb8  x3:0x00000001 PA:0xxxxxxxxx
     484455.000 ns	     48444	80009ec0	ff9ff06f	jal	x0,80009ebc	
     484505.000 ns	     48449	80009eb8	00036f17	auipc	x30,0x36	 x30=0x8003feb8
     484515.000 ns	     48450	80009ebc	143f2423	sw	x3,328(x30)	 x30:0x8003feb8  x3:0x00000001 PA:0xxxxxxxxx
     484535.000 ns	     48452	80009ec0	ff9ff06f	jal	x0,80009ebc	
     484585.000 ns	     48457	80009eb8	00036f17	auipc	x30,0x36	 x30=0x8003feb8
     484595.000 ns	     48458	80009ebc	143f2423	sw	x3,328(x30)	 x30:0x8003feb8  x3:0x00000001 PA:0xxxxxxxxx
     484615.000 ns	     48460	80009ec0	ff9ff06f	jal	x0,80009ebc	
     484665.000 ns	     48465	80009eb8	00036f17	auipc	x30,0x36	 x30=0x8003feb8
     484675.000 ns	     48466	80009ebc	143f2423	sw	x3,328(x30)	 x30:0x8003feb8  x3:0x00000001 PA:0xxxxxxxxx
     484695.000 ns	     48468	80009ec0	ff9ff06f	jal	x0,80009ebc	
     484745.000 ns	     48473	80009eb8	00036f17	auipc	x30,0x36	 x30=0x8003feb8
     484755.000 ns	     48474	80009ebc	143f2423	sw	x3,328(x30)	 x30:0x8003feb8  x3:0x00000001 PA:0xxxxxxxxx
     484775.000 ns	     48476	80009ec0	ff9ff06f	jal	x0,80009ebc	
     484825.000 ns	     48481	80009eb8	00036f17	auipc	x30,0x36	 x30=0x8003feb8
     484835.000 ns	     48482	80009ebc	143f2423	sw	x3,328(x30)	 x30:0x8003feb8  x3:0x00000001 PA:0xxxxxxxxx
     484855.000 ns	     48484	80009ec0	ff9ff06f	jal	x0,80009ebc	
     484905.000 ns	     48489	80009eb8	00036f17	auipc	x30,0x36	 x30=0x8003feb8
     484915.000 ns	     48490	80009ebc	143f2423	sw	x3,328(x30)	 x30:0x8003feb8  x3:0x00000001 PA:0xxxxxxxxx
     484935.000 ns	     48492	80009ec0	ff9ff06f	jal	x0,80009ebc	
     484985.000 ns	     48497	80009eb8	00036f17	auipc	x30,0x36	 x30=0x8003feb8
     484995.000 ns	     48498	80009ebc	143f2423	sw	x3,328(x30)	 x30:0x8003feb8  x3:0x00000001 PA:0xxxxxxxxx
     485015.000 ns	     48500	80009ec0	ff9ff06f	jal	x0,80009ebc	
     485065.000 ns	     48505	80009eb8	00036f17	auipc	x30,0x36	 x30=0x8003feb8
     485075.000 ns	     48506	80009ebc	143f2423	sw	x3,328(x30)	 x30:0x8003feb8  x3:0x00000001 PA:0xxxxxxxxx
     485095.000 ns	     48508	80009ec0	ff9ff06f	jal	x0,80009ebc	
     485145.000 ns	     48513	80009eb8	00036f17	auipc	x30,0x36	 x30=0x8003feb8
     485155.000 ns	     48514	80009ebc	143f2423	sw	x3,328(x30)	 x30:0x8003feb8  x3:0x00000001 PA:0xxxxxxxxx
     485175.000 ns	     48516	80009ec0	ff9ff06f	jal	x0,80009ebc	
     485225.000 ns	     48521	80009eb8	00036f17	auipc	x30,0x36	 x30=0x8003feb8
     485235.000 ns	     48522	80009ebc	143f2423	sw	x3,328(x30)	 x30:0x8003feb8  x3:0x00000001 PA:0xxxxxxxxx
     485255.000 ns	     48524	80009ec0	ff9ff06f	jal	x0,80009ebc	
     485305.000 ns	     48529	80009eb8	00036f17	auipc	x30,0x36	 x30=0x8003feb8
     485315.000 ns	     48530	80009ebc	143f2423	sw	x3,328(x30)	 x30:0x8003feb8  x3:0x00000001 PA:0xxxxxxxxx
     485335.000 ns	     48532	80009ec0	ff9ff06f	jal	x0,80009ebc	
     485385.000 ns	     48537	80009eb8	00036f17	auipc	x30,0x36	 x30=0x8003feb8
     485395.000 ns	     48538	80009ebc	143f2423	sw	x3,328(x30)	 x30:0x8003feb8  x3:0x00000001 PA:0xxxxxxxxx
     485415.000 ns	     48540	80009ec0	ff9ff06f	jal	x0,80009ebc	
     485465.000 ns	     48545	80009eb8	00036f17	auipc	x30,0x36	 x30=0x8003feb8
     485475.000 ns	     48546	80009ebc	143f2423	sw	x3,328(x30)	 x30:0x8003feb8  x3:0x00000001 PA:0xxxxxxxxx
     485495.000 ns	     48548	80009ec0	ff9ff06f	jal	x0,80009ebc	
     485545.000 ns	     48553	80009eb8	00036f17	auipc	x30,0x36	 x30=0x8003feb8
     485555.000 ns	     48554	80009ebc	143f2423	sw	x3,328(x30)	 x30:0x8003feb8  x3:0x00000001 PA:0xxxxxxxxx
     485575.000 ns	     48556	80009ec0	ff9ff06f	jal	x0,80009ebc	
     485625.000 ns	     48561	80009eb8	00036f17	auipc	x30,0x36	 x30=0x8003feb8
     485635.000 ns	     48562	80009ebc	143f2423	sw	x3,328(x30)	 x30:0x8003feb8  x3:0x00000001 PA:0xxxxxxxxx
     485655.000 ns	     48564	80009ec0	ff9ff06f	jal	x0,80009ebc	
     485705.000 ns	     48569	80009eb8	00036f17	auipc	x30,0x36	 x30=0x8003feb8
     485715.000 ns	     48570	80009ebc	143f2423	sw	x3,328(x30)	 x30:0x8003feb8  x3:0x00000001 PA:0xxxxxxxxx
     485735.000 ns	     48572	80009ec0	ff9ff06f	jal	x0,80009ebc	
     485785.000 ns	     48577	80009eb8	00036f17	auipc	x30,0x36	 x30=0x8003feb8
     485795.000 ns	     48578	80009ebc	143f2423	sw	x3,328(x30)	 x30:0x8003feb8  x3:0x00000001 PA:0xxxxxxxxx
     485815.000 ns	     48580	80009ec0	ff9ff06f	jal	x0,80009ebc	
     485865.000 ns	     48585	80009eb8	00036f17	auipc	x30,0x36	 x30=0x8003feb8
     485875.000 ns	     48586	80009ebc	143f2423	sw	x3,328(x30)	 x30:0x8003feb8  x3:0x00000001 PA:0xxxxxxxxx
     485895.000 ns	     48588	80009ec0	ff9ff06f	jal	x0,80009ebc	
     485945.000 ns	     48593	80009eb8	00036f17	auipc	x30,0x36	 x30=0x8003feb8
     485955.000 ns	     48594	80009ebc	143f2423	sw	x3,328(x30)	 x30:0x8003feb8  x3:0x00000001 PA:0xxxxxxxxx
     485975.000 ns	     48596	80009ec0	ff9ff06f	jal	x0,80009ebc	
     486025.000 ns	     48601	80009eb8	00036f17	auipc	x30,0x36	 x30=0x8003feb8
     486035.000 ns	     48602	80009ebc	143f2423	sw	x3,328(x30)	 x30:0x8003feb8  x3:0x00000001 PA:0xxxxxxxxx
     486055.000 ns	     48604	80009ec0	ff9ff06f	jal	x0,80009ebc	
     486105.000 ns	     48609	80009eb8	00036f17	auipc	x30,0x36	 x30=0x8003feb8
     486115.000 ns	     48610	80009ebc	143f2423	sw	x3,328(x30)	 x30:0x8003feb8  x3:0x00000001 PA:0xxxxxxxxx
     486135.000 ns	     48612	80009ec0	ff9ff06f	jal	x0,80009ebc	
     486185.000 ns	     48617	80009eb8	00036f17	auipc	x30,0x36	 x30=0x8003feb8
     486195.000 ns	     48618	80009ebc	143f2423	sw	x3,328(x30)	 x30:0x8003feb8  x3:0x00000001 PA:0xxxxxxxxx
     486215.000 ns	     48620	80009ec0	ff9ff06f	jal	x0,80009ebc	
     486265.000 ns	     48625	80009eb8	00036f17	auipc	x30,0x36	 x30=0x8003feb8
     486275.000 ns	     48626	80009ebc	143f2423	sw	x3,328(x30)	 x30:0x8003feb8  x3:0x00000001 PA:0xxxxxxxxx
     486295.000 ns	     48628	80009ec0	ff9ff06f	jal	x0,80009ebc	
     486345.000 ns	     48633	80009eb8	00036f17	auipc	x30,0x36	 x30=0x8003feb8
     486355.000 ns	     48634	80009ebc	143f2423	sw	x3,328(x30)	 x30:0x8003feb8  x3:0x00000001 PA:0xxxxxxxxx
     486375.000 ns	     48636	80009ec0	ff9ff06f	jal	x0,80009ebc	
     486425.000 ns	     48641	80009eb8	00036f17	auipc	x30,0x36	 x30=0x8003feb8
     486435.000 ns	     48642	80009ebc	143f2423	sw	x3,328(x30)	 x30:0x8003feb8  x3:0x00000001 PA:0xxxxxxxxx
     486455.000 ns	     48644	80009ec0	ff9ff06f	jal	x0,80009ebc	
     486505.000 ns	     48649	80009eb8	00036f17	auipc	x30,0x36	 x30=0x8003feb8
     486515.000 ns	     48650	80009ebc	143f2423	sw	x3,328(x30)	 x30:0x8003feb8  x3:0x00000001 PA:0xxxxxxxxx
     486535.000 ns	     48652	80009ec0	ff9ff06f	jal	x0,80009ebc	
     486585.000 ns	     48657	80009eb8	00036f17	auipc	x30,0x36	 x30=0x8003feb8
     486595.000 ns	     48658	80009ebc	143f2423	sw	x3,328(x30)	 x30:0x8003feb8  x3:0x00000001 PA:0xxxxxxxxx
     486615.000 ns	     48660	80009ec0	ff9ff06f	jal	x0,80009ebc	
     486665.000 ns	     48665	80009eb8	00036f17	auipc	x30,0x36	 x30=0x8003feb8
     486675.000 ns	     48666	80009ebc	143f2423	sw	x3,328(x30)	 x30:0x8003feb8  x3:0x00000001 PA:0xxxxxxxxx
     486695.000 ns	     48668	80009ec0	ff9ff06f	jal	x0,80009ebc	
     486745.000 ns	     48673	80009eb8	00036f17	auipc	x30,0x36	 x30=0x8003feb8
     486755.000 ns	     48674	80009ebc	143f2423	sw	x3,328(x30)	 x30:0x8003feb8  x3:0x00000001 PA:0xxxxxxxxx
     486775.000 ns	     48676	80009ec0	ff9ff06f	jal	x0,80009ebc	
     486825.000 ns	     48681	80009eb8	00036f17	auipc	x30,0x36	 x30=0x8003feb8
     486835.000 ns	     48682	80009ebc	143f2423	sw	x3,328(x30)	 x30:0x8003feb8  x3:0x00000001 PA:0xxxxxxxxx
     486855.000 ns	     48684	80009ec0	ff9ff06f	jal	x0,80009ebc	
     486905.000 ns	     48689	80009eb8	00036f17	auipc	x30,0x36	 x30=0x8003feb8
     486915.000 ns	     48690	80009ebc	143f2423	sw	x3,328(x30)	 x30:0x8003feb8  x3:0x00000001 PA:0xxxxxxxxx
     486935.000 ns	     48692	80009ec0	ff9ff06f	jal	x0,80009ebc	
     486985.000 ns	     48697	80009eb8	00036f17	auipc	x30,0x36	 x30=0x8003feb8
     486995.000 ns	     48698	80009ebc	143f2423	sw	x3,328(x30)	 x30:0x8003feb8  x3:0x00000001 PA:0xxxxxxxxx
     487015.000 ns	     48700	80009ec0	ff9ff06f	jal	x0,80009ebc	
     487065.000 ns	     48705	80009eb8	00036f17	auipc	x30,0x36	 x30=0x8003feb8
     487075.000 ns	     48706	80009ebc	143f2423	sw	x3,328(x30)	 x30:0x8003feb8  x3:0x00000001 PA:0xxxxxxxxx
     487095.000 ns	     48708	80009ec0	ff9ff06f	jal	x0,80009ebc	
     487145.000 ns	     48713	80009eb8	00036f17	auipc	x30,0x36	 x30=0x8003feb8
     487155.000 ns	     48714	80009ebc	143f2423	sw	x3,328(x30)	 x30:0x8003feb8  x3:0x00000001 PA:0xxxxxxxxx
     487175.000 ns	     48716	80009ec0	ff9ff06f	jal	x0,80009ebc	
     487225.000 ns	     48721	80009eb8	00036f17	auipc	x30,0x36	 x30=0x8003feb8
     487235.000 ns	     48722	80009ebc	143f2423	sw	x3,328(x30)	 x30:0x8003feb8  x3:0x00000001 PA:0xxxxxxxxx
     487255.000 ns	     48724	80009ec0	ff9ff06f	jal	x0,80009ebc	
     487305.000 ns	     48729	80009eb8	00036f17	auipc	x30,0x36	 x30=0x8003feb8
     487315.000 ns	     48730	80009ebc	143f2423	sw	x3,328(x30)	 x30:0x8003feb8  x3:0x00000001 PA:0xxxxxxxxx
     487335.000 ns	     48732	80009ec0	ff9ff06f	jal	x0,80009ebc	
     487385.000 ns	     48737	80009eb8	00036f17	auipc	x30,0x36	 x30=0x8003feb8
     487395.000 ns	     48738	80009ebc	143f2423	sw	x3,328(x30)	 x30:0x8003feb8  x3:0x00000001 PA:0xxxxxxxxx
     487415.000 ns	     48740	80009ec0	ff9ff06f	jal	x0,80009ebc	
     487465.000 ns	     48745	80009eb8	00036f17	auipc	x30,0x36	 x30=0x8003feb8
     487475.000 ns	     48746	80009ebc	143f2423	sw	x3,328(x30)	 x30:0x8003feb8  x3:0x00000001 PA:0xxxxxxxxx
     487495.000 ns	     48748	80009ec0	ff9ff06f	jal	x0,80009ebc	
     487545.000 ns	     48753	80009eb8	00036f17	auipc	x30,0x36	 x30=0x8003feb8
     487555.000 ns	     48754	80009ebc	143f2423	sw	x3,328(x30)	 x30:0x8003feb8  x3:0x00000001 PA:0xxxxxxxxx
     487575.000 ns	     48756	80009ec0	ff9ff06f	jal	x0,80009ebc	
     487625.000 ns	     48761	80009eb8	00036f17	auipc	x30,0x36	 x30=0x8003feb8
     487635.000 ns	     48762	80009ebc	143f2423	sw	x3,328(x30)	 x30:0x8003feb8  x3:0x00000001 PA:0xxxxxxxxx
     487655.000 ns	     48764	80009ec0	ff9ff06f	jal	x0,80009ebc	
     487705.000 ns	     48769	80009eb8	00036f17	auipc	x30,0x36	 x30=0x8003feb8
     487715.000 ns	     48770	80009ebc	143f2423	sw	x3,328(x30)	 x30:0x8003feb8  x3:0x00000001 PA:0xxxxxxxxx
     487735.000 ns	     48772	80009ec0	ff9ff06f	jal	x0,80009ebc	
     487785.000 ns	     48777	80009eb8	00036f17	auipc	x30,0x36	 x30=0x8003feb8
     487795.000 ns	     48778	80009ebc	143f2423	sw	x3,328(x30)	 x30:0x8003feb8  x3:0x00000001 PA:0xxxxxxxxx
     487815.000 ns	     48780	80009ec0	ff9ff06f	jal	x0,80009ebc	
     487865.000 ns	     48785	80009eb8	00036f17	auipc	x30,0x36	 x30=0x8003feb8
     487875.000 ns	     48786	80009ebc	143f2423	sw	x3,328(x30)	 x30:0x8003feb8  x3:0x00000001 PA:0xxxxxxxxx
     487895.000 ns	     48788	80009ec0	ff9ff06f	jal	x0,80009ebc	
     487945.000 ns	     48793	80009eb8	00036f17	auipc	x30,0x36	 x30=0x8003feb8
     487955.000 ns	     48794	80009ebc	143f2423	sw	x3,328(x30)	 x30:0x8003feb8  x3:0x00000001 PA:0xxxxxxxxx
     487975.000 ns	     48796	80009ec0	ff9ff06f	jal	x0,80009ebc	
     488025.000 ns	     48801	80009eb8	00036f17	auipc	x30,0x36	 x30=0x8003feb8
     488035.000 ns	     48802	80009ebc	143f2423	sw	x3,328(x30)	 x30:0x8003feb8  x3:0x00000001 PA:0xxxxxxxxx
     488055.000 ns	     48804	80009ec0	ff9ff06f	jal	x0,80009ebc	
     488105.000 ns	     48809	80009eb8	00036f17	auipc	x30,0x36	 x30=0x8003feb8
     488115.000 ns	     48810	80009ebc	143f2423	sw	x3,328(x30)	 x30:0x8003feb8  x3:0x00000001 PA:0xxxxxxxxx
     488135.000 ns	     48812	80009ec0	ff9ff06f	jal	x0,80009ebc	
     488185.000 ns	     48817	80009eb8	00036f17	auipc	x30,0x36	 x30=0x8003feb8
     488195.000 ns	     48818	80009ebc	143f2423	sw	x3,328(x30)	 x30:0x8003feb8  x3:0x00000001 PA:0xxxxxxxxx
     488215.000 ns	     48820	80009ec0	ff9ff06f	jal	x0,80009ebc	
     488265.000 ns	     48825	80009eb8	00036f17	auipc	x30,0x36	 x30=0x8003feb8
     488275.000 ns	     48826	80009ebc	143f2423	sw	x3,328(x30)	 x30:0x8003feb8  x3:0x00000001 PA:0xxxxxxxxx
     488295.000 ns	     48828	80009ec0	ff9ff06f	jal	x0,80009ebc	
     488345.000 ns	     48833	80009eb8	00036f17	auipc	x30,0x36	 x30=0x8003feb8
     488355.000 ns	     48834	80009ebc	143f2423	sw	x3,328(x30)	 x30:0x8003feb8  x3:0x00000001 PA:0xxxxxxxxx
     488375.000 ns	     48836	80009ec0	ff9ff06f	jal	x0,80009ebc	
     488425.000 ns	     48841	80009eb8	00036f17	auipc	x30,0x36	 x30=0x8003feb8
     488435.000 ns	     48842	80009ebc	143f2423	sw	x3,328(x30)	 x30:0x8003feb8  x3:0x00000001 PA:0xxxxxxxxx
     488455.000 ns	     48844	80009ec0	ff9ff06f	jal	x0,80009ebc	
     488505.000 ns	     48849	80009eb8	00036f17	auipc	x30,0x36	 x30=0x8003feb8
     488515.000 ns	     48850	80009ebc	143f2423	sw	x3,328(x30)	 x30:0x8003feb8  x3:0x00000001 PA:0xxxxxxxxx
     488535.000 ns	     48852	80009ec0	ff9ff06f	jal	x0,80009ebc	
     488585.000 ns	     48857	80009eb8	00036f17	auipc	x30,0x36	 x30=0x8003feb8
     488595.000 ns	     48858	80009ebc	143f2423	sw	x3,328(x30)	 x30:0x8003feb8  x3:0x00000001 PA:0xxxxxxxxx
     488615.000 ns	     48860	80009ec0	ff9ff06f	jal	x0,80009ebc	
     488665.000 ns	     48865	80009eb8	00036f17	auipc	x30,0x36	 x30=0x8003feb8
     488675.000 ns	     48866	80009ebc	143f2423	sw	x3,328(x30)	 x30:0x8003feb8  x3:0x00000001 PA:0xxxxxxxxx
     488695.000 ns	     48868	80009ec0	ff9ff06f	jal	x0,80009ebc	
     488745.000 ns	     48873	80009eb8	00036f17	auipc	x30,0x36	 x30=0x8003feb8
     488755.000 ns	     48874	80009ebc	143f2423	sw	x3,328(x30)	 x30:0x8003feb8  x3:0x00000001 PA:0xxxxxxxxx
     488775.000 ns	     48876	80009ec0	ff9ff06f	jal	x0,80009ebc	
     488825.000 ns	     48881	80009eb8	00036f17	auipc	x30,0x36	 x30=0x8003feb8
     488835.000 ns	     48882	80009ebc	143f2423	sw	x3,328(x30)	 x30:0x8003feb8  x3:0x00000001 PA:0xxxxxxxxx
     488855.000 ns	     48884	80009ec0	ff9ff06f	jal	x0,80009ebc	
     488905.000 ns	     48889	80009eb8	00036f17	auipc	x30,0x36	 x30=0x8003feb8
     488915.000 ns	     48890	80009ebc	143f2423	sw	x3,328(x30)	 x30:0x8003feb8  x3:0x00000001 PA:0xxxxxxxxx
     488935.000 ns	     48892	80009ec0	ff9ff06f	jal	x0,80009ebc	
     488985.000 ns	     48897	80009eb8	00036f17	auipc	x30,0x36	 x30=0x8003feb8
     488995.000 ns	     48898	80009ebc	143f2423	sw	x3,328(x30)	 x30:0x8003feb8  x3:0x00000001 PA:0xxxxxxxxx
     489015.000 ns	     48900	80009ec0	ff9ff06f	jal	x0,80009ebc	
     489065.000 ns	     48905	80009eb8	00036f17	auipc	x30,0x36	 x30=0x8003feb8
     489075.000 ns	     48906	80009ebc	143f2423	sw	x3,328(x30)	 x30:0x8003feb8  x3:0x00000001 PA:0xxxxxxxxx
     489095.000 ns	     48908	80009ec0	ff9ff06f	jal	x0,80009ebc	
     489145.000 ns	     48913	80009eb8	00036f17	auipc	x30,0x36	 x30=0x8003feb8
     489155.000 ns	     48914	80009ebc	143f2423	sw	x3,328(x30)	 x30:0x8003feb8  x3:0x00000001 PA:0xxxxxxxxx
     489175.000 ns	     48916	80009ec0	ff9ff06f	jal	x0,80009ebc	
     489225.000 ns	     48921	80009eb8	00036f17	auipc	x30,0x36	 x30=0x8003feb8
     489235.000 ns	     48922	80009ebc	143f2423	sw	x3,328(x30)	 x30:0x8003feb8  x3:0x00000001 PA:0xxxxxxxxx
     489255.000 ns	     48924	80009ec0	ff9ff06f	jal	x0,80009ebc	
     489305.000 ns	     48929	80009eb8	00036f17	auipc	x30,0x36	 x30=0x8003feb8
     489315.000 ns	     48930	80009ebc	143f2423	sw	x3,328(x30)	 x30:0x8003feb8  x3:0x00000001 PA:0xxxxxxxxx
     489335.000 ns	     48932	80009ec0	ff9ff06f	jal	x0,80009ebc	
     489385.000 ns	     48937	80009eb8	00036f17	auipc	x30,0x36	 x30=0x8003feb8
     489395.000 ns	     48938	80009ebc	143f2423	sw	x3,328(x30)	 x30:0x8003feb8  x3:0x00000001 PA:0xxxxxxxxx
     489415.000 ns	     48940	80009ec0	ff9ff06f	jal	x0,80009ebc	
     489465.000 ns	     48945	80009eb8	00036f17	auipc	x30,0x36	 x30=0x8003feb8
     489475.000 ns	     48946	80009ebc	143f2423	sw	x3,328(x30)	 x30:0x8003feb8  x3:0x00000001 PA:0xxxxxxxxx
     489495.000 ns	     48948	80009ec0	ff9ff06f	jal	x0,80009ebc	
     489545.000 ns	     48953	80009eb8	00036f17	auipc	x30,0x36	 x30=0x8003feb8
     489555.000 ns	     48954	80009ebc	143f2423	sw	x3,328(x30)	 x30:0x8003feb8  x3:0x00000001 PA:0xxxxxxxxx
     489575.000 ns	     48956	80009ec0	ff9ff06f	jal	x0,80009ebc	
     489625.000 ns	     48961	80009eb8	00036f17	auipc	x30,0x36	 x30=0x8003feb8
     489635.000 ns	     48962	80009ebc	143f2423	sw	x3,328(x30)	 x30:0x8003feb8  x3:0x00000001 PA:0xxxxxxxxx
     489655.000 ns	     48964	80009ec0	ff9ff06f	jal	x0,80009ebc	
     489705.000 ns	     48969	80009eb8	00036f17	auipc	x30,0x36	 x30=0x8003feb8
     489715.000 ns	     48970	80009ebc	143f2423	sw	x3,328(x30)	 x30:0x8003feb8  x3:0x00000001 PA:0xxxxxxxxx
     489735.000 ns	     48972	80009ec0	ff9ff06f	jal	x0,80009ebc	
     489785.000 ns	     48977	80009eb8	00036f17	auipc	x30,0x36	 x30=0x8003feb8
     489795.000 ns	     48978	80009ebc	143f2423	sw	x3,328(x30)	 x30:0x8003feb8  x3:0x00000001 PA:0xxxxxxxxx
     489815.000 ns	     48980	80009ec0	ff9ff06f	jal	x0,80009ebc	
     489865.000 ns	     48985	80009eb8	00036f17	auipc	x30,0x36	 x30=0x8003feb8
     489875.000 ns	     48986	80009ebc	143f2423	sw	x3,328(x30)	 x30:0x8003feb8  x3:0x00000001 PA:0xxxxxxxxx
     489895.000 ns	     48988	80009ec0	ff9ff06f	jal	x0,80009ebc	
     489945.000 ns	     48993	80009eb8	00036f17	auipc	x30,0x36	 x30=0x8003feb8
     489955.000 ns	     48994	80009ebc	143f2423	sw	x3,328(x30)	 x30:0x8003feb8  x3:0x00000001 PA:0xxxxxxxxx
     489975.000 ns	     48996	80009ec0	ff9ff06f	jal	x0,80009ebc	
     490025.000 ns	     49001	80009eb8	00036f17	auipc	x30,0x36	 x30=0x8003feb8
     490035.000 ns	     49002	80009ebc	143f2423	sw	x3,328(x30)	 x30:0x8003feb8  x3:0x00000001 PA:0xxxxxxxxx
     490055.000 ns	     49004	80009ec0	ff9ff06f	jal	x0,80009ebc	
     490105.000 ns	     49009	80009eb8	00036f17	auipc	x30,0x36	 x30=0x8003feb8
     490115.000 ns	     49010	80009ebc	143f2423	sw	x3,328(x30)	 x30:0x8003feb8  x3:0x00000001 PA:0xxxxxxxxx
     490135.000 ns	     49012	80009ec0	ff9ff06f	jal	x0,80009ebc	
     490185.000 ns	     49017	80009eb8	00036f17	auipc	x30,0x36	 x30=0x8003feb8
     490195.000 ns	     49018	80009ebc	143f2423	sw	x3,328(x30)	 x30:0x8003feb8  x3:0x00000001 PA:0xxxxxxxxx
     490215.000 ns	     49020	80009ec0	ff9ff06f	jal	x0,80009ebc	
     490265.000 ns	     49025	80009eb8	00036f17	auipc	x30,0x36	 x30=0x8003feb8
     490275.000 ns	     49026	80009ebc	143f2423	sw	x3,328(x30)	 x30:0x8003feb8  x3:0x00000001 PA:0xxxxxxxxx
     490295.000 ns	     49028	80009ec0	ff9ff06f	jal	x0,80009ebc	
     490345.000 ns	     49033	80009eb8	00036f17	auipc	x30,0x36	 x30=0x8003feb8
     490355.000 ns	     49034	80009ebc	143f2423	sw	x3,328(x30)	 x30:0x8003feb8  x3:0x00000001 PA:0xxxxxxxxx
     490375.000 ns	     49036	80009ec0	ff9ff06f	jal	x0,80009ebc	
     490425.000 ns	     49041	80009eb8	00036f17	auipc	x30,0x36	 x30=0x8003feb8
     490435.000 ns	     49042	80009ebc	143f2423	sw	x3,328(x30)	 x30:0x8003feb8  x3:0x00000001 PA:0xxxxxxxxx
     490455.000 ns	     49044	80009ec0	ff9ff06f	jal	x0,80009ebc	
     490505.000 ns	     49049	80009eb8	00036f17	auipc	x30,0x36	 x30=0x8003feb8
     490515.000 ns	     49050	80009ebc	143f2423	sw	x3,328(x30)	 x30:0x8003feb8  x3:0x00000001 PA:0xxxxxxxxx
     490535.000 ns	     49052	80009ec0	ff9ff06f	jal	x0,80009ebc	
     490585.000 ns	     49057	80009eb8	00036f17	auipc	x30,0x36	 x30=0x8003feb8
     490595.000 ns	     49058	80009ebc	143f2423	sw	x3,328(x30)	 x30:0x8003feb8  x3:0x00000001 PA:0xxxxxxxxx
     490615.000 ns	     49060	80009ec0	ff9ff06f	jal	x0,80009ebc	
     490665.000 ns	     49065	80009eb8	00036f17	auipc	x30,0x36	 x30=0x8003feb8
     490675.000 ns	     49066	80009ebc	143f2423	sw	x3,328(x30)	 x30:0x8003feb8  x3:0x00000001 PA:0xxxxxxxxx
     490695.000 ns	     49068	80009ec0	ff9ff06f	jal	x0,80009ebc	
     490745.000 ns	     49073	80009eb8	00036f17	auipc	x30,0x36	 x30=0x8003feb8
     490755.000 ns	     49074	80009ebc	143f2423	sw	x3,328(x30)	 x30:0x8003feb8  x3:0x00000001 PA:0xxxxxxxxx
     490775.000 ns	     49076	80009ec0	ff9ff06f	jal	x0,80009ebc	
     490825.000 ns	     49081	80009eb8	00036f17	auipc	x30,0x36	 x30=0x8003feb8
     490835.000 ns	     49082	80009ebc	143f2423	sw	x3,328(x30)	 x30:0x8003feb8  x3:0x00000001 PA:0xxxxxxxxx
     490855.000 ns	     49084	80009ec0	ff9ff06f	jal	x0,80009ebc	
     490905.000 ns	     49089	80009eb8	00036f17	auipc	x30,0x36	 x30=0x8003feb8
     490915.000 ns	     49090	80009ebc	143f2423	sw	x3,328(x30)	 x30:0x8003feb8  x3:0x00000001 PA:0xxxxxxxxx
     490935.000 ns	     49092	80009ec0	ff9ff06f	jal	x0,80009ebc	
     490985.000 ns	     49097	80009eb8	00036f17	auipc	x30,0x36	 x30=0x8003feb8
     490995.000 ns	     49098	80009ebc	143f2423	sw	x3,328(x30)	 x30:0x8003feb8  x3:0x00000001 PA:0xxxxxxxxx
     491015.000 ns	     49100	80009ec0	ff9ff06f	jal	x0,80009ebc	
     491065.000 ns	     49105	80009eb8	00036f17	auipc	x30,0x36	 x30=0x8003feb8
     491075.000 ns	     49106	80009ebc	143f2423	sw	x3,328(x30)	 x30:0x8003feb8  x3:0x00000001 PA:0xxxxxxxxx
     491095.000 ns	     49108	80009ec0	ff9ff06f	jal	x0,80009ebc	
     491145.000 ns	     49113	80009eb8	00036f17	auipc	x30,0x36	 x30=0x8003feb8
     491155.000 ns	     49114	80009ebc	143f2423	sw	x3,328(x30)	 x30:0x8003feb8  x3:0x00000001 PA:0xxxxxxxxx
     491175.000 ns	     49116	80009ec0	ff9ff06f	jal	x0,80009ebc	
     491225.000 ns	     49121	80009eb8	00036f17	auipc	x30,0x36	 x30=0x8003feb8
     491235.000 ns	     49122	80009ebc	143f2423	sw	x3,328(x30)	 x30:0x8003feb8  x3:0x00000001 PA:0xxxxxxxxx
     491255.000 ns	     49124	80009ec0	ff9ff06f	jal	x0,80009ebc	
     491305.000 ns	     49129	80009eb8	00036f17	auipc	x30,0x36	 x30=0x8003feb8
     491315.000 ns	     49130	80009ebc	143f2423	sw	x3,328(x30)	 x30:0x8003feb8  x3:0x00000001 PA:0xxxxxxxxx
     491335.000 ns	     49132	80009ec0	ff9ff06f	jal	x0,80009ebc	
     491385.000 ns	     49137	80009eb8	00036f17	auipc	x30,0x36	 x30=0x8003feb8
     491395.000 ns	     49138	80009ebc	143f2423	sw	x3,328(x30)	 x30:0x8003feb8  x3:0x00000001 PA:0xxxxxxxxx
     491415.000 ns	     49140	80009ec0	ff9ff06f	jal	x0,80009ebc	
     491465.000 ns	     49145	80009eb8	00036f17	auipc	x30,0x36	 x30=0x8003feb8
     491475.000 ns	     49146	80009ebc	143f2423	sw	x3,328(x30)	 x30:0x8003feb8  x3:0x00000001 PA:0xxxxxxxxx
     491495.000 ns	     49148	80009ec0	ff9ff06f	jal	x0,80009ebc	
     491545.000 ns	     49153	80009eb8	00036f17	auipc	x30,0x36	 x30=0x8003feb8
     491555.000 ns	     49154	80009ebc	143f2423	sw	x3,328(x30)	 x30:0x8003feb8  x3:0x00000001 PA:0xxxxxxxxx
     491575.000 ns	     49156	80009ec0	ff9ff06f	jal	x0,80009ebc	
     491625.000 ns	     49161	80009eb8	00036f17	auipc	x30,0x36	 x30=0x8003feb8
     491635.000 ns	     49162	80009ebc	143f2423	sw	x3,328(x30)	 x30:0x8003feb8  x3:0x00000001 PA:0xxxxxxxxx
     491655.000 ns	     49164	80009ec0	ff9ff06f	jal	x0,80009ebc	
     491705.000 ns	     49169	80009eb8	00036f17	auipc	x30,0x36	 x30=0x8003feb8
     491715.000 ns	     49170	80009ebc	143f2423	sw	x3,328(x30)	 x30:0x8003feb8  x3:0x00000001 PA:0xxxxxxxxx
     491735.000 ns	     49172	80009ec0	ff9ff06f	jal	x0,80009ebc	
     491785.000 ns	     49177	80009eb8	00036f17	auipc	x30,0x36	 x30=0x8003feb8
     491795.000 ns	     49178	80009ebc	143f2423	sw	x3,328(x30)	 x30:0x8003feb8  x3:0x00000001 PA:0xxxxxxxxx
     491815.000 ns	     49180	80009ec0	ff9ff06f	jal	x0,80009ebc	
     491865.000 ns	     49185	80009eb8	00036f17	auipc	x30,0x36	 x30=0x8003feb8
     491875.000 ns	     49186	80009ebc	143f2423	sw	x3,328(x30)	 x30:0x8003feb8  x3:0x00000001 PA:0xxxxxxxxx
     491895.000 ns	     49188	80009ec0	ff9ff06f	jal	x0,80009ebc	
     491945.000 ns	     49193	80009eb8	00036f17	auipc	x30,0x36	 x30=0x8003feb8
     491955.000 ns	     49194	80009ebc	143f2423	sw	x3,328(x30)	 x30:0x8003feb8  x3:0x00000001 PA:0xxxxxxxxx
     491975.000 ns	     49196	80009ec0	ff9ff06f	jal	x0,80009ebc	
     492025.000 ns	     49201	80009eb8	00036f17	auipc	x30,0x36	 x30=0x8003feb8
     492035.000 ns	     49202	80009ebc	143f2423	sw	x3,328(x30)	 x30:0x8003feb8  x3:0x00000001 PA:0xxxxxxxxx
     492055.000 ns	     49204	80009ec0	ff9ff06f	jal	x0,80009ebc	
     492105.000 ns	     49209	80009eb8	00036f17	auipc	x30,0x36	 x30=0x8003feb8
     492115.000 ns	     49210	80009ebc	143f2423	sw	x3,328(x30)	 x30:0x8003feb8  x3:0x00000001 PA:0xxxxxxxxx
     492135.000 ns	     49212	80009ec0	ff9ff06f	jal	x0,80009ebc	
     492185.000 ns	     49217	80009eb8	00036f17	auipc	x30,0x36	 x30=0x8003feb8
     492195.000 ns	     49218	80009ebc	143f2423	sw	x3,328(x30)	 x30:0x8003feb8  x3:0x00000001 PA:0xxxxxxxxx
     492215.000 ns	     49220	80009ec0	ff9ff06f	jal	x0,80009ebc	
     492265.000 ns	     49225	80009eb8	00036f17	auipc	x30,0x36	 x30=0x8003feb8
     492275.000 ns	     49226	80009ebc	143f2423	sw	x3,328(x30)	 x30:0x8003feb8  x3:0x00000001 PA:0xxxxxxxxx
     492295.000 ns	     49228	80009ec0	ff9ff06f	jal	x0,80009ebc	
     492345.000 ns	     49233	80009eb8	00036f17	auipc	x30,0x36	 x30=0x8003feb8
     492355.000 ns	     49234	80009ebc	143f2423	sw	x3,328(x30)	 x30:0x8003feb8  x3:0x00000001 PA:0xxxxxxxxx
     492375.000 ns	     49236	80009ec0	ff9ff06f	jal	x0,80009ebc	
     492425.000 ns	     49241	80009eb8	00036f17	auipc	x30,0x36	 x30=0x8003feb8
     492435.000 ns	     49242	80009ebc	143f2423	sw	x3,328(x30)	 x30:0x8003feb8  x3:0x00000001 PA:0xxxxxxxxx
     492455.000 ns	     49244	80009ec0	ff9ff06f	jal	x0,80009ebc	
     492505.000 ns	     49249	80009eb8	00036f17	auipc	x30,0x36	 x30=0x8003feb8
     492515.000 ns	     49250	80009ebc	143f2423	sw	x3,328(x30)	 x30:0x8003feb8  x3:0x00000001 PA:0xxxxxxxxx
     492535.000 ns	     49252	80009ec0	ff9ff06f	jal	x0,80009ebc	
     492585.000 ns	     49257	80009eb8	00036f17	auipc	x30,0x36	 x30=0x8003feb8
     492595.000 ns	     49258	80009ebc	143f2423	sw	x3,328(x30)	 x30:0x8003feb8  x3:0x00000001 PA:0xxxxxxxxx
     492615.000 ns	     49260	80009ec0	ff9ff06f	jal	x0,80009ebc	
     492665.000 ns	     49265	80009eb8	00036f17	auipc	x30,0x36	 x30=0x8003feb8
     492675.000 ns	     49266	80009ebc	143f2423	sw	x3,328(x30)	 x30:0x8003feb8  x3:0x00000001 PA:0xxxxxxxxx
     492695.000 ns	     49268	80009ec0	ff9ff06f	jal	x0,80009ebc	
     492745.000 ns	     49273	80009eb8	00036f17	auipc	x30,0x36	 x30=0x8003feb8
     492755.000 ns	     49274	80009ebc	143f2423	sw	x3,328(x30)	 x30:0x8003feb8  x3:0x00000001 PA:0xxxxxxxxx
     492775.000 ns	     49276	80009ec0	ff9ff06f	jal	x0,80009ebc	
     492825.000 ns	     49281	80009eb8	00036f17	auipc	x30,0x36	 x30=0x8003feb8
     492835.000 ns	     49282	80009ebc	143f2423	sw	x3,328(x30)	 x30:0x8003feb8  x3:0x00000001 PA:0xxxxxxxxx
     492855.000 ns	     49284	80009ec0	ff9ff06f	jal	x0,80009ebc	
     492905.000 ns	     49289	80009eb8	00036f17	auipc	x30,0x36	 x30=0x8003feb8
     492915.000 ns	     49290	80009ebc	143f2423	sw	x3,328(x30)	 x30:0x8003feb8  x3:0x00000001 PA:0xxxxxxxxx
     492935.000 ns	     49292	80009ec0	ff9ff06f	jal	x0,80009ebc	
     492985.000 ns	     49297	80009eb8	00036f17	auipc	x30,0x36	 x30=0x8003feb8
     492995.000 ns	     49298	80009ebc	143f2423	sw	x3,328(x30)	 x30:0x8003feb8  x3:0x00000001 PA:0xxxxxxxxx
     493015.000 ns	     49300	80009ec0	ff9ff06f	jal	x0,80009ebc	
     493065.000 ns	     49305	80009eb8	00036f17	auipc	x30,0x36	 x30=0x8003feb8
     493075.000 ns	     49306	80009ebc	143f2423	sw	x3,328(x30)	 x30:0x8003feb8  x3:0x00000001 PA:0xxxxxxxxx
     493095.000 ns	     49308	80009ec0	ff9ff06f	jal	x0,80009ebc	
     493145.000 ns	     49313	80009eb8	00036f17	auipc	x30,0x36	 x30=0x8003feb8
     493155.000 ns	     49314	80009ebc	143f2423	sw	x3,328(x30)	 x30:0x8003feb8  x3:0x00000001 PA:0xxxxxxxxx
     493175.000 ns	     49316	80009ec0	ff9ff06f	jal	x0,80009ebc	
     493225.000 ns	     49321	80009eb8	00036f17	auipc	x30,0x36	 x30=0x8003feb8
     493235.000 ns	     49322	80009ebc	143f2423	sw	x3,328(x30)	 x30:0x8003feb8  x3:0x00000001 PA:0xxxxxxxxx
     493255.000 ns	     49324	80009ec0	ff9ff06f	jal	x0,80009ebc	
     493305.000 ns	     49329	80009eb8	00036f17	auipc	x30,0x36	 x30=0x8003feb8
     493315.000 ns	     49330	80009ebc	143f2423	sw	x3,328(x30)	 x30:0x8003feb8  x3:0x00000001 PA:0xxxxxxxxx
     493335.000 ns	     49332	80009ec0	ff9ff06f	jal	x0,80009ebc	
     493385.000 ns	     49337	80009eb8	00036f17	auipc	x30,0x36	 x30=0x8003feb8
     493395.000 ns	     49338	80009ebc	143f2423	sw	x3,328(x30)	 x30:0x8003feb8  x3:0x00000001 PA:0xxxxxxxxx
     493415.000 ns	     49340	80009ec0	ff9ff06f	jal	x0,80009ebc	
     493465.000 ns	     49345	80009eb8	00036f17	auipc	x30,0x36	 x30=0x8003feb8
     493475.000 ns	     49346	80009ebc	143f2423	sw	x3,328(x30)	 x30:0x8003feb8  x3:0x00000001 PA:0xxxxxxxxx
     493495.000 ns	     49348	80009ec0	ff9ff06f	jal	x0,80009ebc	
     493545.000 ns	     49353	80009eb8	00036f17	auipc	x30,0x36	 x30=0x8003feb8
     493555.000 ns	     49354	80009ebc	143f2423	sw	x3,328(x30)	 x30:0x8003feb8  x3:0x00000001 PA:0xxxxxxxxx
     493575.000 ns	     49356	80009ec0	ff9ff06f	jal	x0,80009ebc	
     493625.000 ns	     49361	80009eb8	00036f17	auipc	x30,0x36	 x30=0x8003feb8
     493635.000 ns	     49362	80009ebc	143f2423	sw	x3,328(x30)	 x30:0x8003feb8  x3:0x00000001 PA:0xxxxxxxxx
     493655.000 ns	     49364	80009ec0	ff9ff06f	jal	x0,80009ebc	
     493705.000 ns	     49369	80009eb8	00036f17	auipc	x30,0x36	 x30=0x8003feb8
     493715.000 ns	     49370	80009ebc	143f2423	sw	x3,328(x30)	 x30:0x8003feb8  x3:0x00000001 PA:0xxxxxxxxx
     493735.000 ns	     49372	80009ec0	ff9ff06f	jal	x0,80009ebc	
     493785.000 ns	     49377	80009eb8	00036f17	auipc	x30,0x36	 x30=0x8003feb8
     493795.000 ns	     49378	80009ebc	143f2423	sw	x3,328(x30)	 x30:0x8003feb8  x3:0x00000001 PA:0xxxxxxxxx
     493815.000 ns	     49380	80009ec0	ff9ff06f	jal	x0,80009ebc	
     493865.000 ns	     49385	80009eb8	00036f17	auipc	x30,0x36	 x30=0x8003feb8
     493875.000 ns	     49386	80009ebc	143f2423	sw	x3,328(x30)	 x30:0x8003feb8  x3:0x00000001 PA:0xxxxxxxxx
     493895.000 ns	     49388	80009ec0	ff9ff06f	jal	x0,80009ebc	
     493945.000 ns	     49393	80009eb8	00036f17	auipc	x30,0x36	 x30=0x8003feb8
     493955.000 ns	     49394	80009ebc	143f2423	sw	x3,328(x30)	 x30:0x8003feb8  x3:0x00000001 PA:0xxxxxxxxx
     493975.000 ns	     49396	80009ec0	ff9ff06f	jal	x0,80009ebc	
     494025.000 ns	     49401	80009eb8	00036f17	auipc	x30,0x36	 x30=0x8003feb8
     494035.000 ns	     49402	80009ebc	143f2423	sw	x3,328(x30)	 x30:0x8003feb8  x3:0x00000001 PA:0xxxxxxxxx
     494055.000 ns	     49404	80009ec0	ff9ff06f	jal	x0,80009ebc	
     494105.000 ns	     49409	80009eb8	00036f17	auipc	x30,0x36	 x30=0x8003feb8
     494115.000 ns	     49410	80009ebc	143f2423	sw	x3,328(x30)	 x30:0x8003feb8  x3:0x00000001 PA:0xxxxxxxxx
     494135.000 ns	     49412	80009ec0	ff9ff06f	jal	x0,80009ebc	
     494185.000 ns	     49417	80009eb8	00036f17	auipc	x30,0x36	 x30=0x8003feb8
     494195.000 ns	     49418	80009ebc	143f2423	sw	x3,328(x30)	 x30:0x8003feb8  x3:0x00000001 PA:0xxxxxxxxx
     494215.000 ns	     49420	80009ec0	ff9ff06f	jal	x0,80009ebc	
     494265.000 ns	     49425	80009eb8	00036f17	auipc	x30,0x36	 x30=0x8003feb8
     494275.000 ns	     49426	80009ebc	143f2423	sw	x3,328(x30)	 x30:0x8003feb8  x3:0x00000001 PA:0xxxxxxxxx
     494295.000 ns	     49428	80009ec0	ff9ff06f	jal	x0,80009ebc	
     494345.000 ns	     49433	80009eb8	00036f17	auipc	x30,0x36	 x30=0x8003feb8
     494355.000 ns	     49434	80009ebc	143f2423	sw	x3,328(x30)	 x30:0x8003feb8  x3:0x00000001 PA:0xxxxxxxxx
     494375.000 ns	     49436	80009ec0	ff9ff06f	jal	x0,80009ebc	
     494425.000 ns	     49441	80009eb8	00036f17	auipc	x30,0x36	 x30=0x8003feb8
     494435.000 ns	     49442	80009ebc	143f2423	sw	x3,328(x30)	 x30:0x8003feb8  x3:0x00000001 PA:0xxxxxxxxx
     494455.000 ns	     49444	80009ec0	ff9ff06f	jal	x0,80009ebc	
     494505.000 ns	     49449	80009eb8	00036f17	auipc	x30,0x36	 x30=0x8003feb8
     494515.000 ns	     49450	80009ebc	143f2423	sw	x3,328(x30)	 x30:0x8003feb8  x3:0x00000001 PA:0xxxxxxxxx
     494535.000 ns	     49452	80009ec0	ff9ff06f	jal	x0,80009ebc	
     494585.000 ns	     49457	80009eb8	00036f17	auipc	x30,0x36	 x30=0x8003feb8
     494595.000 ns	     49458	80009ebc	143f2423	sw	x3,328(x30)	 x30:0x8003feb8  x3:0x00000001 PA:0xxxxxxxxx
     494615.000 ns	     49460	80009ec0	ff9ff06f	jal	x0,80009ebc	
     494665.000 ns	     49465	80009eb8	00036f17	auipc	x30,0x36	 x30=0x8003feb8
     494675.000 ns	     49466	80009ebc	143f2423	sw	x3,328(x30)	 x30:0x8003feb8  x3:0x00000001 PA:0xxxxxxxxx
     494695.000 ns	     49468	80009ec0	ff9ff06f	jal	x0,80009ebc	
     494745.000 ns	     49473	80009eb8	00036f17	auipc	x30,0x36	 x30=0x8003feb8
     494755.000 ns	     49474	80009ebc	143f2423	sw	x3,328(x30)	 x30:0x8003feb8  x3:0x00000001 PA:0xxxxxxxxx
     494775.000 ns	     49476	80009ec0	ff9ff06f	jal	x0,80009ebc	
     494825.000 ns	     49481	80009eb8	00036f17	auipc	x30,0x36	 x30=0x8003feb8
     494835.000 ns	     49482	80009ebc	143f2423	sw	x3,328(x30)	 x30:0x8003feb8  x3:0x00000001 PA:0xxxxxxxxx
     494855.000 ns	     49484	80009ec0	ff9ff06f	jal	x0,80009ebc	
     494905.000 ns	     49489	80009eb8	00036f17	auipc	x30,0x36	 x30=0x8003feb8
     494915.000 ns	     49490	80009ebc	143f2423	sw	x3,328(x30)	 x30:0x8003feb8  x3:0x00000001 PA:0xxxxxxxxx
     494935.000 ns	     49492	80009ec0	ff9ff06f	jal	x0,80009ebc	
     494985.000 ns	     49497	80009eb8	00036f17	auipc	x30,0x36	 x30=0x8003feb8
     494995.000 ns	     49498	80009ebc	143f2423	sw	x3,328(x30)	 x30:0x8003feb8  x3:0x00000001 PA:0xxxxxxxxx
     495015.000 ns	     49500	80009ec0	ff9ff06f	jal	x0,80009ebc	
     495065.000 ns	     49505	80009eb8	00036f17	auipc	x30,0x36	 x30=0x8003feb8
     495075.000 ns	     49506	80009ebc	143f2423	sw	x3,328(x30)	 x30:0x8003feb8  x3:0x00000001 PA:0xxxxxxxxx
     495095.000 ns	     49508	80009ec0	ff9ff06f	jal	x0,80009ebc	
     495145.000 ns	     49513	80009eb8	00036f17	auipc	x30,0x36	 x30=0x8003feb8
     495155.000 ns	     49514	80009ebc	143f2423	sw	x3,328(x30)	 x30:0x8003feb8  x3:0x00000001 PA:0xxxxxxxxx
     495175.000 ns	     49516	80009ec0	ff9ff06f	jal	x0,80009ebc	
     495225.000 ns	     49521	80009eb8	00036f17	auipc	x30,0x36	 x30=0x8003feb8
     495235.000 ns	     49522	80009ebc	143f2423	sw	x3,328(x30)	 x30:0x8003feb8  x3:0x00000001 PA:0xxxxxxxxx
     495255.000 ns	     49524	80009ec0	ff9ff06f	jal	x0,80009ebc	
     495305.000 ns	     49529	80009eb8	00036f17	auipc	x30,0x36	 x30=0x8003feb8
     495315.000 ns	     49530	80009ebc	143f2423	sw	x3,328(x30)	 x30:0x8003feb8  x3:0x00000001 PA:0xxxxxxxxx
     495335.000 ns	     49532	80009ec0	ff9ff06f	jal	x0,80009ebc	
     495385.000 ns	     49537	80009eb8	00036f17	auipc	x30,0x36	 x30=0x8003feb8
     495395.000 ns	     49538	80009ebc	143f2423	sw	x3,328(x30)	 x30:0x8003feb8  x3:0x00000001 PA:0xxxxxxxxx
     495415.000 ns	     49540	80009ec0	ff9ff06f	jal	x0,80009ebc	
     495465.000 ns	     49545	80009eb8	00036f17	auipc	x30,0x36	 x30=0x8003feb8
     495475.000 ns	     49546	80009ebc	143f2423	sw	x3,328(x30)	 x30:0x8003feb8  x3:0x00000001 PA:0xxxxxxxxx
     495495.000 ns	     49548	80009ec0	ff9ff06f	jal	x0,80009ebc	
     495545.000 ns	     49553	80009eb8	00036f17	auipc	x30,0x36	 x30=0x8003feb8
     495555.000 ns	     49554	80009ebc	143f2423	sw	x3,328(x30)	 x30:0x8003feb8  x3:0x00000001 PA:0xxxxxxxxx
     495575.000 ns	     49556	80009ec0	ff9ff06f	jal	x0,80009ebc	
     495625.000 ns	     49561	80009eb8	00036f17	auipc	x30,0x36	 x30=0x8003feb8
     495635.000 ns	     49562	80009ebc	143f2423	sw	x3,328(x30)	 x30:0x8003feb8  x3:0x00000001 PA:0xxxxxxxxx
     495655.000 ns	     49564	80009ec0	ff9ff06f	jal	x0,80009ebc	
     495705.000 ns	     49569	80009eb8	00036f17	auipc	x30,0x36	 x30=0x8003feb8
     495715.000 ns	     49570	80009ebc	143f2423	sw	x3,328(x30)	 x30:0x8003feb8  x3:0x00000001 PA:0xxxxxxxxx
     495735.000 ns	     49572	80009ec0	ff9ff06f	jal	x0,80009ebc	
     495785.000 ns	     49577	80009eb8	00036f17	auipc	x30,0x36	 x30=0x8003feb8
     495795.000 ns	     49578	80009ebc	143f2423	sw	x3,328(x30)	 x30:0x8003feb8  x3:0x00000001 PA:0xxxxxxxxx
     495815.000 ns	     49580	80009ec0	ff9ff06f	jal	x0,80009ebc	
     495865.000 ns	     49585	80009eb8	00036f17	auipc	x30,0x36	 x30=0x8003feb8
     495875.000 ns	     49586	80009ebc	143f2423	sw	x3,328(x30)	 x30:0x8003feb8  x3:0x00000001 PA:0xxxxxxxxx
     495895.000 ns	     49588	80009ec0	ff9ff06f	jal	x0,80009ebc	
     495945.000 ns	     49593	80009eb8	00036f17	auipc	x30,0x36	 x30=0x8003feb8
     495955.000 ns	     49594	80009ebc	143f2423	sw	x3,328(x30)	 x30:0x8003feb8  x3:0x00000001 PA:0xxxxxxxxx
     495975.000 ns	     49596	80009ec0	ff9ff06f	jal	x0,80009ebc	
     496025.000 ns	     49601	80009eb8	00036f17	auipc	x30,0x36	 x30=0x8003feb8
     496035.000 ns	     49602	80009ebc	143f2423	sw	x3,328(x30)	 x30:0x8003feb8  x3:0x00000001 PA:0xxxxxxxxx
     496055.000 ns	     49604	80009ec0	ff9ff06f	jal	x0,80009ebc	
     496105.000 ns	     49609	80009eb8	00036f17	auipc	x30,0x36	 x30=0x8003feb8
     496115.000 ns	     49610	80009ebc	143f2423	sw	x3,328(x30)	 x30:0x8003feb8  x3:0x00000001 PA:0xxxxxxxxx
     496135.000 ns	     49612	80009ec0	ff9ff06f	jal	x0,80009ebc	
     496185.000 ns	     49617	80009eb8	00036f17	auipc	x30,0x36	 x30=0x8003feb8
     496195.000 ns	     49618	80009ebc	143f2423	sw	x3,328(x30)	 x30:0x8003feb8  x3:0x00000001 PA:0xxxxxxxxx
     496215.000 ns	     49620	80009ec0	ff9ff06f	jal	x0,80009ebc	
     496265.000 ns	     49625	80009eb8	00036f17	auipc	x30,0x36	 x30=0x8003feb8
     496275.000 ns	     49626	80009ebc	143f2423	sw	x3,328(x30)	 x30:0x8003feb8  x3:0x00000001 PA:0xxxxxxxxx
     496295.000 ns	     49628	80009ec0	ff9ff06f	jal	x0,80009ebc	
     496345.000 ns	     49633	80009eb8	00036f17	auipc	x30,0x36	 x30=0x8003feb8
     496355.000 ns	     49634	80009ebc	143f2423	sw	x3,328(x30)	 x30:0x8003feb8  x3:0x00000001 PA:0xxxxxxxxx
     496375.000 ns	     49636	80009ec0	ff9ff06f	jal	x0,80009ebc	
     496425.000 ns	     49641	80009eb8	00036f17	auipc	x30,0x36	 x30=0x8003feb8
     496435.000 ns	     49642	80009ebc	143f2423	sw	x3,328(x30)	 x30:0x8003feb8  x3:0x00000001 PA:0xxxxxxxxx
     496455.000 ns	     49644	80009ec0	ff9ff06f	jal	x0,80009ebc	
     496505.000 ns	     49649	80009eb8	00036f17	auipc	x30,0x36	 x30=0x8003feb8
     496515.000 ns	     49650	80009ebc	143f2423	sw	x3,328(x30)	 x30:0x8003feb8  x3:0x00000001 PA:0xxxxxxxxx
     496535.000 ns	     49652	80009ec0	ff9ff06f	jal	x0,80009ebc	
     496585.000 ns	     49657	80009eb8	00036f17	auipc	x30,0x36	 x30=0x8003feb8
     496595.000 ns	     49658	80009ebc	143f2423	sw	x3,328(x30)	 x30:0x8003feb8  x3:0x00000001 PA:0xxxxxxxxx
     496615.000 ns	     49660	80009ec0	ff9ff06f	jal	x0,80009ebc	
     496665.000 ns	     49665	80009eb8	00036f17	auipc	x30,0x36	 x30=0x8003feb8
     496675.000 ns	     49666	80009ebc	143f2423	sw	x3,328(x30)	 x30:0x8003feb8  x3:0x00000001 PA:0xxxxxxxxx
     496695.000 ns	     49668	80009ec0	ff9ff06f	jal	x0,80009ebc	
     496745.000 ns	     49673	80009eb8	00036f17	auipc	x30,0x36	 x30=0x8003feb8
     496755.000 ns	     49674	80009ebc	143f2423	sw	x3,328(x30)	 x30:0x8003feb8  x3:0x00000001 PA:0xxxxxxxxx
     496775.000 ns	     49676	80009ec0	ff9ff06f	jal	x0,80009ebc	
     496825.000 ns	     49681	80009eb8	00036f17	auipc	x30,0x36	 x30=0x8003feb8
     496835.000 ns	     49682	80009ebc	143f2423	sw	x3,328(x30)	 x30:0x8003feb8  x3:0x00000001 PA:0xxxxxxxxx
     496855.000 ns	     49684	80009ec0	ff9ff06f	jal	x0,80009ebc	
     496905.000 ns	     49689	80009eb8	00036f17	auipc	x30,0x36	 x30=0x8003feb8
     496915.000 ns	     49690	80009ebc	143f2423	sw	x3,328(x30)	 x30:0x8003feb8  x3:0x00000001 PA:0xxxxxxxxx
     496935.000 ns	     49692	80009ec0	ff9ff06f	jal	x0,80009ebc	
     496985.000 ns	     49697	80009eb8	00036f17	auipc	x30,0x36	 x30=0x8003feb8
     496995.000 ns	     49698	80009ebc	143f2423	sw	x3,328(x30)	 x30:0x8003feb8  x3:0x00000001 PA:0xxxxxxxxx
     497015.000 ns	     49700	80009ec0	ff9ff06f	jal	x0,80009ebc	
     497065.000 ns	     49705	80009eb8	00036f17	auipc	x30,0x36	 x30=0x8003feb8
     497075.000 ns	     49706	80009ebc	143f2423	sw	x3,328(x30)	 x30:0x8003feb8  x3:0x00000001 PA:0xxxxxxxxx
     497095.000 ns	     49708	80009ec0	ff9ff06f	jal	x0,80009ebc	
     497145.000 ns	     49713	80009eb8	00036f17	auipc	x30,0x36	 x30=0x8003feb8
     497155.000 ns	     49714	80009ebc	143f2423	sw	x3,328(x30)	 x30:0x8003feb8  x3:0x00000001 PA:0xxxxxxxxx
     497175.000 ns	     49716	80009ec0	ff9ff06f	jal	x0,80009ebc	
     497225.000 ns	     49721	80009eb8	00036f17	auipc	x30,0x36	 x30=0x8003feb8
     497235.000 ns	     49722	80009ebc	143f2423	sw	x3,328(x30)	 x30:0x8003feb8  x3:0x00000001 PA:0xxxxxxxxx
     497255.000 ns	     49724	80009ec0	ff9ff06f	jal	x0,80009ebc	
     497305.000 ns	     49729	80009eb8	00036f17	auipc	x30,0x36	 x30=0x8003feb8
     497315.000 ns	     49730	80009ebc	143f2423	sw	x3,328(x30)	 x30:0x8003feb8  x3:0x00000001 PA:0xxxxxxxxx
     497335.000 ns	     49732	80009ec0	ff9ff06f	jal	x0,80009ebc	
     497385.000 ns	     49737	80009eb8	00036f17	auipc	x30,0x36	 x30=0x8003feb8
     497395.000 ns	     49738	80009ebc	143f2423	sw	x3,328(x30)	 x30:0x8003feb8  x3:0x00000001 PA:0xxxxxxxxx
     497415.000 ns	     49740	80009ec0	ff9ff06f	jal	x0,80009ebc	
     497465.000 ns	     49745	80009eb8	00036f17	auipc	x30,0x36	 x30=0x8003feb8
     497475.000 ns	     49746	80009ebc	143f2423	sw	x3,328(x30)	 x30:0x8003feb8  x3:0x00000001 PA:0xxxxxxxxx
     497495.000 ns	     49748	80009ec0	ff9ff06f	jal	x0,80009ebc	
     497545.000 ns	     49753	80009eb8	00036f17	auipc	x30,0x36	 x30=0x8003feb8
     497555.000 ns	     49754	80009ebc	143f2423	sw	x3,328(x30)	 x30:0x8003feb8  x3:0x00000001 PA:0xxxxxxxxx
     497575.000 ns	     49756	80009ec0	ff9ff06f	jal	x0,80009ebc	
     497625.000 ns	     49761	80009eb8	00036f17	auipc	x30,0x36	 x30=0x8003feb8
     497635.000 ns	     49762	80009ebc	143f2423	sw	x3,328(x30)	 x30:0x8003feb8  x3:0x00000001 PA:0xxxxxxxxx
     497655.000 ns	     49764	80009ec0	ff9ff06f	jal	x0,80009ebc	
     497705.000 ns	     49769	80009eb8	00036f17	auipc	x30,0x36	 x30=0x8003feb8
     497715.000 ns	     49770	80009ebc	143f2423	sw	x3,328(x30)	 x30:0x8003feb8  x3:0x00000001 PA:0xxxxxxxxx
     497735.000 ns	     49772	80009ec0	ff9ff06f	jal	x0,80009ebc	
     497785.000 ns	     49777	80009eb8	00036f17	auipc	x30,0x36	 x30=0x8003feb8
     497795.000 ns	     49778	80009ebc	143f2423	sw	x3,328(x30)	 x30:0x8003feb8  x3:0x00000001 PA:0xxxxxxxxx
     497815.000 ns	     49780	80009ec0	ff9ff06f	jal	x0,80009ebc	
     497865.000 ns	     49785	80009eb8	00036f17	auipc	x30,0x36	 x30=0x8003feb8
     497875.000 ns	     49786	80009ebc	143f2423	sw	x3,328(x30)	 x30:0x8003feb8  x3:0x00000001 PA:0xxxxxxxxx
     497895.000 ns	     49788	80009ec0	ff9ff06f	jal	x0,80009ebc	
     497945.000 ns	     49793	80009eb8	00036f17	auipc	x30,0x36	 x30=0x8003feb8
     497955.000 ns	     49794	80009ebc	143f2423	sw	x3,328(x30)	 x30:0x8003feb8  x3:0x00000001 PA:0xxxxxxxxx
     497975.000 ns	     49796	80009ec0	ff9ff06f	jal	x0,80009ebc	
     498025.000 ns	     49801	80009eb8	00036f17	auipc	x30,0x36	 x30=0x8003feb8
     498035.000 ns	     49802	80009ebc	143f2423	sw	x3,328(x30)	 x30:0x8003feb8  x3:0x00000001 PA:0xxxxxxxxx
     498055.000 ns	     49804	80009ec0	ff9ff06f	jal	x0,80009ebc	
     498105.000 ns	     49809	80009eb8	00036f17	auipc	x30,0x36	 x30=0x8003feb8
     498115.000 ns	     49810	80009ebc	143f2423	sw	x3,328(x30)	 x30:0x8003feb8  x3:0x00000001 PA:0xxxxxxxxx
     498135.000 ns	     49812	80009ec0	ff9ff06f	jal	x0,80009ebc	
     498185.000 ns	     49817	80009eb8	00036f17	auipc	x30,0x36	 x30=0x8003feb8
     498195.000 ns	     49818	80009ebc	143f2423	sw	x3,328(x30)	 x30:0x8003feb8  x3:0x00000001 PA:0xxxxxxxxx
     498215.000 ns	     49820	80009ec0	ff9ff06f	jal	x0,80009ebc	
     498265.000 ns	     49825	80009eb8	00036f17	auipc	x30,0x36	 x30=0x8003feb8
     498275.000 ns	     49826	80009ebc	143f2423	sw	x3,328(x30)	 x30:0x8003feb8  x3:0x00000001 PA:0xxxxxxxxx
     498295.000 ns	     49828	80009ec0	ff9ff06f	jal	x0,80009ebc	
     498345.000 ns	     49833	80009eb8	00036f17	auipc	x30,0x36	 x30=0x8003feb8
     498355.000 ns	     49834	80009ebc	143f2423	sw	x3,328(x30)	 x30:0x8003feb8  x3:0x00000001 PA:0xxxxxxxxx
     498375.000 ns	     49836	80009ec0	ff9ff06f	jal	x0,80009ebc	
     498425.000 ns	     49841	80009eb8	00036f17	auipc	x30,0x36	 x30=0x8003feb8
     498435.000 ns	     49842	80009ebc	143f2423	sw	x3,328(x30)	 x30:0x8003feb8  x3:0x00000001 PA:0xxxxxxxxx
     498455.000 ns	     49844	80009ec0	ff9ff06f	jal	x0,80009ebc	
     498505.000 ns	     49849	80009eb8	00036f17	auipc	x30,0x36	 x30=0x8003feb8
     498515.000 ns	     49850	80009ebc	143f2423	sw	x3,328(x30)	 x30:0x8003feb8  x3:0x00000001 PA:0xxxxxxxxx
     498535.000 ns	     49852	80009ec0	ff9ff06f	jal	x0,80009ebc	
     498585.000 ns	     49857	80009eb8	00036f17	auipc	x30,0x36	 x30=0x8003feb8
     498595.000 ns	     49858	80009ebc	143f2423	sw	x3,328(x30)	 x30:0x8003feb8  x3:0x00000001 PA:0xxxxxxxxx
     498615.000 ns	     49860	80009ec0	ff9ff06f	jal	x0,80009ebc	
     498665.000 ns	     49865	80009eb8	00036f17	auipc	x30,0x36	 x30=0x8003feb8
     498675.000 ns	     49866	80009ebc	143f2423	sw	x3,328(x30)	 x30:0x8003feb8  x3:0x00000001 PA:0xxxxxxxxx
     498695.000 ns	     49868	80009ec0	ff9ff06f	jal	x0,80009ebc	
     498745.000 ns	     49873	80009eb8	00036f17	auipc	x30,0x36	 x30=0x8003feb8
     498755.000 ns	     49874	80009ebc	143f2423	sw	x3,328(x30)	 x30:0x8003feb8  x3:0x00000001 PA:0xxxxxxxxx
     498775.000 ns	     49876	80009ec0	ff9ff06f	jal	x0,80009ebc	
     498825.000 ns	     49881	80009eb8	00036f17	auipc	x30,0x36	 x30=0x8003feb8
     498835.000 ns	     49882	80009ebc	143f2423	sw	x3,328(x30)	 x30:0x8003feb8  x3:0x00000001 PA:0xxxxxxxxx
     498855.000 ns	     49884	80009ec0	ff9ff06f	jal	x0,80009ebc	
     498905.000 ns	     49889	80009eb8	00036f17	auipc	x30,0x36	 x30=0x8003feb8
     498915.000 ns	     49890	80009ebc	143f2423	sw	x3,328(x30)	 x30:0x8003feb8  x3:0x00000001 PA:0xxxxxxxxx
     498935.000 ns	     49892	80009ec0	ff9ff06f	jal	x0,80009ebc	
     498985.000 ns	     49897	80009eb8	00036f17	auipc	x30,0x36	 x30=0x8003feb8
     498995.000 ns	     49898	80009ebc	143f2423	sw	x3,328(x30)	 x30:0x8003feb8  x3:0x00000001 PA:0xxxxxxxxx
     499015.000 ns	     49900	80009ec0	ff9ff06f	jal	x0,80009ebc	
     499065.000 ns	     49905	80009eb8	00036f17	auipc	x30,0x36	 x30=0x8003feb8
     499075.000 ns	     49906	80009ebc	143f2423	sw	x3,328(x30)	 x30:0x8003feb8  x3:0x00000001 PA:0xxxxxxxxx
     499095.000 ns	     49908	80009ec0	ff9ff06f	jal	x0,80009ebc	
     499145.000 ns	     49913	80009eb8	00036f17	auipc	x30,0x36	 x30=0x8003feb8
     499155.000 ns	     49914	80009ebc	143f2423	sw	x3,328(x30)	 x30:0x8003feb8  x3:0x00000001 PA:0xxxxxxxxx
     499175.000 ns	     49916	80009ec0	ff9ff06f	jal	x0,80009ebc	
     499225.000 ns	     49921	80009eb8	00036f17	auipc	x30,0x36	 x30=0x8003feb8
     499235.000 ns	     49922	80009ebc	143f2423	sw	x3,328(x30)	 x30:0x8003feb8  x3:0x00000001 PA:0xxxxxxxxx
     499255.000 ns	     49924	80009ec0	ff9ff06f	jal	x0,80009ebc	
     499305.000 ns	     49929	80009eb8	00036f17	auipc	x30,0x36	 x30=0x8003feb8
     499315.000 ns	     49930	80009ebc	143f2423	sw	x3,328(x30)	 x30:0x8003feb8  x3:0x00000001 PA:0xxxxxxxxx
     499335.000 ns	     49932	80009ec0	ff9ff06f	jal	x0,80009ebc	
     499385.000 ns	     49937	80009eb8	00036f17	auipc	x30,0x36	 x30=0x8003feb8
     499395.000 ns	     49938	80009ebc	143f2423	sw	x3,328(x30)	 x30:0x8003feb8  x3:0x00000001 PA:0xxxxxxxxx
     499415.000 ns	     49940	80009ec0	ff9ff06f	jal	x0,80009ebc	
     499465.000 ns	     49945	80009eb8	00036f17	auipc	x30,0x36	 x30=0x8003feb8
     499475.000 ns	     49946	80009ebc	143f2423	sw	x3,328(x30)	 x30:0x8003feb8  x3:0x00000001 PA:0xxxxxxxxx
     499495.000 ns	     49948	80009ec0	ff9ff06f	jal	x0,80009ebc	
     499545.000 ns	     49953	80009eb8	00036f17	auipc	x30,0x36	 x30=0x8003feb8
     499555.000 ns	     49954	80009ebc	143f2423	sw	x3,328(x30)	 x30:0x8003feb8  x3:0x00000001 PA:0xxxxxxxxx
     499575.000 ns	     49956	80009ec0	ff9ff06f	jal	x0,80009ebc	
     499625.000 ns	     49961	80009eb8	00036f17	auipc	x30,0x36	 x30=0x8003feb8
     499635.000 ns	     49962	80009ebc	143f2423	sw	x3,328(x30)	 x30:0x8003feb8  x3:0x00000001 PA:0xxxxxxxxx
     499655.000 ns	     49964	80009ec0	ff9ff06f	jal	x0,80009ebc	
     499705.000 ns	     49969	80009eb8	00036f17	auipc	x30,0x36	 x30=0x8003feb8
     499715.000 ns	     49970	80009ebc	143f2423	sw	x3,328(x30)	 x30:0x8003feb8  x3:0x00000001 PA:0xxxxxxxxx
     499735.000 ns	     49972	80009ec0	ff9ff06f	jal	x0,80009ebc	
     499785.000 ns	     49977	80009eb8	00036f17	auipc	x30,0x36	 x30=0x8003feb8
     499795.000 ns	     49978	80009ebc	143f2423	sw	x3,328(x30)	 x30:0x8003feb8  x3:0x00000001 PA:0xxxxxxxxx
     499815.000 ns	     49980	80009ec0	ff9ff06f	jal	x0,80009ebc	
     499865.000 ns	     49985	80009eb8	00036f17	auipc	x30,0x36	 x30=0x8003feb8
     499875.000 ns	     49986	80009ebc	143f2423	sw	x3,328(x30)	 x30:0x8003feb8  x3:0x00000001 PA:0xxxxxxxxx
     499895.000 ns	     49988	80009ec0	ff9ff06f	jal	x0,80009ebc	
     499945.000 ns	     49993	80009eb8	00036f17	auipc	x30,0x36	 x30=0x8003feb8
     499955.000 ns	     49994	80009ebc	143f2423	sw	x3,328(x30)	 x30:0x8003feb8  x3:0x00000001 PA:0xxxxxxxxx
     499975.000 ns	     49996	80009ec0	ff9ff06f	jal	x0,80009ebc	
