		Time			Cycle	PC		Insn	Decoded instruction	Register and memory contents
         65.000 ns	         5	80000000	f14022f3	csrrs	x5,mhartid,x0	  x0:0x00000000  x5=0xffffff14
         75.000 ns	         6	80000004	00000313	addi	x6,x0,0	  x0:0x00000000  x6=0x00000000
         85.000 ns	         7	80000008	00628263	beq	x5,x6,8000000c	  x5:0x00000000  x6:0x00000000
         95.000 ns	         8	8000000c	00000a97	auipc	x21,0x0	 x21=0x8000000c
        105.000 ns	         9	80000010	00ca8a93	addi	x21,x21,12	 x21:0x00000000 x21=0x80000018
        115.000 ns	        10	80000014	000a8067	jalr	x0,x21,0	 x21:0x00000000
        165.000 ns	        15	80000018	40001437	lui	x8,0x40001	  x8=0x40001000
        175.000 ns	        16	8000001c	12040413	addi	x8,x8,288	  x8:0x00000000  x8=0x40001120
        185.000 ns	        17	80000020	30141073	csrrw	x0,misa,x8	  x8:0x00000000
        195.000 ns	        18	80000024	00041f17	auipc	x30,0x41	 x30=0x80041024
        205.000 ns	        19	80000028	000f0f13	addi	x30,x30,0	 x30:0x00000000 x30=0x80041024
        215.000 ns	        20	8000002c	0000a417	auipc	x8,0xa	  x8=0x8000a02c
        225.000 ns	        21	80000030	e9440413	addi	x8,x8,-364	  x8:0x40001120  x8=0x80009ec0
        235.000 ns	        22	80000034	00046413	ori	x8,x8,0	  x8:0x40001120  x8=0x80009ec0
        245.000 ns	        23	80000038	30541073	csrrw	x0,mtvec,x8	  x8:0x8000a02c
        255.000 ns	        24	8000003c	00000417	auipc	x8,0x0	  x8=0x8000003c
        265.000 ns	        25	80000040	02840413	addi	x8,x8,40	  x8:0x80009ec0  x8=0x80000064
        275.000 ns	        26	80000044	34141073	csrrw	x0,mepc,x8	  x8:0x80009ec0
        285.000 ns	        27	80000048	00000013	addi	x0,x0,0	  x0:0x00000000
        295.000 ns	        28	8000004c	00004437	lui	x8,0x4	  x8=0x00004000
        305.000 ns	        29	80000050	80040413	addi	x8,x8,-2048	  x8:0x80000064  x8=0x00003800
        315.000 ns	        30	80000054	30041073	csrrw	x0,mstatus,x8	  x8:0x80000064
        325.000 ns	        31	80000058	00000413	addi	x8,x0,0	  x0:0x00000000  x8=0x00000000
        335.000 ns	        32	8000005c	30441073	csrrw	x0,mie,x8	  x8:0x00003800
        345.000 ns	        33	80000060	30200073	mret	
        355.000 ns	        34	80000064	7f800437	lui	x8,0x7f800	  x8=0x7f800000
        365.000 ns	        35	80000068	00140413	addi	x8,x8,1	  x8:0x00000000  x8=0x7f800001
        385.000 ns	        37	8000006c	f0040053	fmv.w.x	f0,x8	  x8:0x00000000  f0=0x7f800001
        405.000 ns	        39	80000070	7fc00437	lui	x8,0x7fc00	  x8=0x7fc00000
        425.000 ns	        41	80000074	f00400d3	fmv.w.x	f1,x8	  x8:0x7f800001  f1=0x7fc00000
        445.000 ns	        43	80000078	00000413	addi	x8,x0,0	  x0:0x00000000  x8=0x00000000
        465.000 ns	        45	8000007c	f0040153	fmv.w.x	f2,x8	  x8:0x7fc00000  f2=0x00000000
        485.000 ns	        47	80000080	ff800437	lui	x8,0xff800	  x8=0xff800000
        505.000 ns	        49	80000084	f00401d3	fmv.w.x	f3,x8	  x8:0x00000000  f3=0xff800000
        525.000 ns	        51	80000088	7fc00437	lui	x8,0x7fc00	  x8=0x7fc00000
        545.000 ns	        53	8000008c	f0040253	fmv.w.x	f4,x8	  x8:0xff800000  f4=0x7fc00000
        565.000 ns	        55	80000090	ff800437	lui	x8,0xff800	  x8=0xff800000
        575.000 ns	        56	80000094	fff40413	addi	x8,x8,-1	  x8:0x7fc00000  x8=0xff7fffff
        595.000 ns	        58	80000098	f00402d3	fmv.w.x	f5,x8	  x8:0x7fc00000  f5=0xff7fffff
        615.000 ns	        60	8000009c	80000437	lui	x8,0x80000	  x8=0x80000000
        635.000 ns	        62	800000a0	f0040353	fmv.w.x	f6,x8	  x8:0xff7fffff  f6=0x80000000
        655.000 ns	        64	800000a4	7f800437	lui	x8,0x7f800	  x8=0x7f800000
        665.000 ns	        65	800000a8	00140413	addi	x8,x8,1	  x8:0x80000000  x8=0x7f800001
        685.000 ns	        67	800000ac	f00403d3	fmv.w.x	f7,x8	  x8:0x80000000  f7=0x7f800001
        705.000 ns	        69	800000b0	7fc00437	lui	x8,0x7fc00	  x8=0x7fc00000
        725.000 ns	        71	800000b4	f0040453	fmv.w.x	f8,x8	  x8:0x7f800001  f8=0x7fc00000
        745.000 ns	        73	800000b8	00343437	lui	x8,0x343	  x8=0x00343000
        755.000 ns	        74	800000bc	79b40413	addi	x8,x8,1947	  x8:0x7fc00000  x8=0x0034379b
        775.000 ns	        76	800000c0	f00404d3	fmv.w.x	f9,x8	  x8:0x7fc00000  f9=0x0034379b
        795.000 ns	        78	800000c4	80000437	lui	x8,0x80000	  x8=0x80000000
        815.000 ns	        80	800000c8	f0040553	fmv.w.x	f10,x8	  x8:0x0034379b f10=0x80000000
        835.000 ns	        82	800000cc	ff800437	lui	x8,0xff800	  x8=0xff800000
        845.000 ns	        83	800000d0	fff40413	addi	x8,x8,-1	  x8:0x80000000  x8=0xff7fffff
        865.000 ns	        85	800000d4	f00405d3	fmv.w.x	f11,x8	  x8:0x80000000 f11=0xff7fffff
        885.000 ns	        87	800000d8	7f800437	lui	x8,0x7f800	  x8=0x7f800000
        895.000 ns	        88	800000dc	00140413	addi	x8,x8,1	  x8:0xff7fffff  x8=0x7f800001
        915.000 ns	        90	800000e0	f0040653	fmv.w.x	f12,x8	  x8:0xff7fffff f12=0x7f800001
        935.000 ns	        92	800000e4	7bf21437	lui	x8,0x7bf21	  x8=0x7bf21000
        945.000 ns	        93	800000e8	3ba40413	addi	x8,x8,954	  x8:0x7f800001  x8=0x7bf213ba
        965.000 ns	        95	800000ec	f00406d3	fmv.w.x	f13,x8	  x8:0x7f800001 f13=0x7bf213ba
        985.000 ns	        97	800000f0	6961c437	lui	x8,0x6961c	  x8=0x6961c000
        995.000 ns	        98	800000f4	d6040413	addi	x8,x8,-672	  x8:0x7bf213ba  x8=0x6961bd60
       1015.000 ns	       100	800000f8	f0040753	fmv.w.x	f14,x8	  x8:0x7bf213ba f14=0x6961bd60
       1035.000 ns	       102	800000fc	0019e437	lui	x8,0x19e	  x8=0x0019e000
       1045.000 ns	       103	80000100	aaf40413	addi	x8,x8,-1361	  x8:0x6961bd60  x8=0x0019daaf
       1065.000 ns	       105	80000104	f00407d3	fmv.w.x	f15,x8	  x8:0x6961bd60 f15=0x0019daaf
       1085.000 ns	       107	80000108	ff800437	lui	x8,0xff800	  x8=0xff800000
       1105.000 ns	       109	8000010c	f0040853	fmv.w.x	f16,x8	  x8:0x0019daaf f16=0xff800000
       1125.000 ns	       111	80000110	00000413	addi	x8,x0,0	  x0:0x00000000  x8=0x00000000
       1145.000 ns	       113	80000114	f00408d3	fmv.w.x	f17,x8	  x8:0xff800000 f17=0x00000000
       1165.000 ns	       115	80000118	7ac2e437	lui	x8,0x7ac2e	  x8=0x7ac2e000
       1175.000 ns	       116	8000011c	49d40413	addi	x8,x8,1181	  x8:0x00000000  x8=0x7ac2e49d
       1195.000 ns	       118	80000120	f0040953	fmv.w.x	f18,x8	  x8:0x00000000 f18=0x7ac2e49d
       1215.000 ns	       120	80000124	80000437	lui	x8,0x80000	  x8=0x80000000
       1235.000 ns	       122	80000128	f00409d3	fmv.w.x	f19,x8	  x8:0x7ac2e49d f19=0x80000000
       1255.000 ns	       124	8000012c	000c9437	lui	x8,0xc9	  x8=0x000c9000
       1265.000 ns	       125	80000130	6a340413	addi	x8,x8,1699	  x8:0x80000000  x8=0x000c96a3
       1285.000 ns	       127	80000134	f0040a53	fmv.w.x	f20,x8	  x8:0x80000000 f20=0x000c96a3
       1305.000 ns	       129	80000138	80000437	lui	x8,0x80000	  x8=0x80000000
       1325.000 ns	       131	8000013c	f0040ad3	fmv.w.x	f21,x8	  x8:0x000c96a3 f21=0x80000000
       1345.000 ns	       133	80000140	00000413	addi	x8,x0,0	  x0:0x00000000  x8=0x00000000
       1365.000 ns	       135	80000144	f0040b53	fmv.w.x	f22,x8	  x8:0x80000000 f22=0x00000000
       1385.000 ns	       137	80000148	7f800437	lui	x8,0x7f800	  x8=0x7f800000
       1395.000 ns	       138	8000014c	fff40413	addi	x8,x8,-1	  x8:0x00000000  x8=0x7f7fffff
       1415.000 ns	       140	80000150	f0040bd3	fmv.w.x	f23,x8	  x8:0x00000000 f23=0x7f7fffff
       1435.000 ns	       142	80000154	7f800437	lui	x8,0x7f800	  x8=0x7f800000
       1455.000 ns	       144	80000158	f0040c53	fmv.w.x	f24,x8	  x8:0x7f7fffff f24=0x7f800000
       1475.000 ns	       146	8000015c	7f800437	lui	x8,0x7f800	  x8=0x7f800000
       1495.000 ns	       148	80000160	f0040cd3	fmv.w.x	f25,x8	  x8:0x7f800000 f25=0x7f800000
       1515.000 ns	       150	80000164	80000437	lui	x8,0x80000	  x8=0x80000000
       1535.000 ns	       152	80000168	f0040d53	fmv.w.x	f26,x8	  x8:0x7f800000 f26=0x80000000
       1555.000 ns	       154	8000016c	ba38b437	lui	x8,0xba38b	  x8=0xba38b000
       1565.000 ns	       155	80000170	67340413	addi	x8,x8,1651	  x8:0x80000000  x8=0xba38b673
       1585.000 ns	       157	80000174	f0040dd3	fmv.w.x	f27,x8	  x8:0x80000000 f27=0xba38b673
       1605.000 ns	       159	80000178	8030e437	lui	x8,0x8030e	  x8=0x8030e000
       1615.000 ns	       160	8000017c	5cf40413	addi	x8,x8,1487	  x8:0xba38b673  x8=0x8030e5cf
       1635.000 ns	       162	80000180	f0040e53	fmv.w.x	f28,x8	  x8:0xba38b673 f28=0x8030e5cf
       1655.000 ns	       164	80000184	804f6437	lui	x8,0x804f6	  x8=0x804f6000
       1665.000 ns	       165	80000188	ecc40413	addi	x8,x8,-308	  x8:0x8030e5cf  x8=0x804f5ecc
       1685.000 ns	       167	8000018c	f0040ed3	fmv.w.x	f29,x8	  x8:0x8030e5cf f29=0x804f5ecc
       1705.000 ns	       169	80000190	00000413	addi	x8,x0,0	  x0:0x00000000  x8=0x00000000
       1725.000 ns	       171	80000194	f0040f53	fmv.w.x	f30,x8	  x8:0x804f5ecc f30=0x00000000
       1745.000 ns	       173	80000198	8035f437	lui	x8,0x8035f	  x8=0x8035f000
       1755.000 ns	       174	8000019c	17a40413	addi	x8,x8,378	  x8:0x00000000  x8=0x8035f17a
       1775.000 ns	       176	800001a0	f0040fd3	fmv.w.x	f31,x8	  x8:0x00000000 f31=0x8035f17a
       1795.000 ns	       178	800001a4	00215073	csrrwi	x0,frm,2	
       1805.000 ns	       179	800001a8	00b00013	addi	x0,x0,11	  x0:0x00000000
       1815.000 ns	       180	800001ac	00000093	addi	x1,x0,0	  x0:0x00000000  x1=0x00000000
       1825.000 ns	       181	800001b0	00e00113	addi	x2,x0,14	  x0:0x00000000  x2=0x0000000e
       1835.000 ns	       182	800001b4	8df791b7	lui	x3,0x8df79	  x3=0x8df79000
       1845.000 ns	       183	800001b8	58c18193	addi	x3,x3,1420	  x3:0x00000000  x3=0x8df7958c
       1855.000 ns	       184	800001bc	00500213	addi	x4,x0,5	  x0:0x00000000  x4=0x00000005
       1865.000 ns	       185	800001c0	f0c202b7	lui	x5,0xf0c20	  x5=0xf0c20000
       1875.000 ns	       186	800001c4	25628293	addi	x5,x5,598	  x5:0xffffff14  x5=0xf0c20256
       1885.000 ns	       187	800001c8	00000313	addi	x6,x0,0	  x0:0x00000000  x6=0x00000000
       1895.000 ns	       188	800001cc	f85e23b7	lui	x7,0xf85e2	  x7=0xf85e2000
       1905.000 ns	       189	800001d0	9fa38393	addi	x7,x7,-1542	  x7:0x00000000  x7=0xf85e19fa
       1915.000 ns	       190	800001d4	f0ea5437	lui	x8,0xf0ea5	  x8=0xf0ea5000
       1925.000 ns	       191	800001d8	20b40413	addi	x8,x8,523	  x8:0x8035f17a  x8=0xf0ea520b
       1935.000 ns	       192	800001dc	800004b7	lui	x9,0x80000	  x9=0x80000000
       1945.000 ns	       193	800001e0	5f720537	lui	x10,0x5f720	 x10=0x5f720000
       1955.000 ns	       194	800001e4	7b950513	addi	x10,x10,1977	 x10:0x00000000 x10=0x5f7207b9
       1965.000 ns	       195	800001e8	33802637	lui	x12,0x33802	 x12=0x33802000
       1975.000 ns	       196	800001ec	b2f60613	addi	x12,x12,-1233	 x12:0x00000000 x12=0x33801b2f
       1985.000 ns	       197	800001f0	00900693	addi	x13,x0,9	  x0:0x00000000 x13=0x00000009
       1995.000 ns	       198	800001f4	00000713	addi	x14,x0,0	  x0:0x00000000 x14=0x00000000
       2005.000 ns	       199	800001f8	9f1067b7	lui	x15,0x9f106	 x15=0x9f106000
       2015.000 ns	       200	800001fc	35778793	addi	x15,x15,855	 x15:0x00000000 x15=0x9f106357
       2025.000 ns	       201	80000200	00600813	addi	x16,x0,6	  x0:0x00000000 x16=0x00000006
       2035.000 ns	       202	80000204	00800893	addi	x17,x0,8	  x0:0x00000000 x17=0x00000008
       2045.000 ns	       203	80000208	00000913	addi	x18,x0,0	  x0:0x00000000 x18=0x00000000
       2055.000 ns	       204	8000020c	8f90c9b7	lui	x19,0x8f90c	 x19=0x8f90c000
       2065.000 ns	       205	80000210	c6598993	addi	x19,x19,-923	 x19:0x00000000 x19=0x8f90bc65
       2075.000 ns	       206	80000214	f4fc6a37	lui	x20,0xf4fc6	 x20=0xf4fc6000
       2085.000 ns	       207	80000218	4b5a0a13	addi	x20,x20,1205	 x20:0x00000000 x20=0xf4fc64b5
       2095.000 ns	       208	8000021c	54ab8ab7	lui	x21,0x54ab8	 x21=0x54ab8000
       2105.000 ns	       209	80000220	822a8a93	addi	x21,x21,-2014	 x21:0x80000018 x21=0x54ab7822
       2115.000 ns	       210	80000224	80000b37	lui	x22,0x80000	 x22=0x80000000
       2125.000 ns	       211	80000228	f4b63bb7	lui	x23,0xf4b63	 x23=0xf4b63000
       2135.000 ns	       212	8000022c	057b8b93	addi	x23,x23,87	 x23:0x00000000 x23=0xf4b63057
       2145.000 ns	       213	80000230	b1838c37	lui	x24,0xb1838	 x24=0xb1838000
       2155.000 ns	       214	80000234	a90c0c13	addi	x24,x24,-1392	 x24:0x00000000 x24=0xb1837a90
       2165.000 ns	       215	80000238	00000c93	addi	x25,x0,0	  x0:0x00000000 x25=0x00000000
       2175.000 ns	       216	8000023c	80000d37	lui	x26,0x80000	 x26=0x80000000
       2185.000 ns	       217	80000240	989fbdb7	lui	x27,0x989fb	 x27=0x989fb000
       2195.000 ns	       218	80000244	a9fd8d93	addi	x27,x27,-1377	 x27:0x00000000 x27=0x989faa9f
       2205.000 ns	       219	80000248	00600e13	addi	x28,x0,6	  x0:0x00000000 x28=0x00000006
       2215.000 ns	       220	8000024c	80000eb7	lui	x29,0x80000	 x29=0x80000000
       2225.000 ns	       221	80000250	00600f93	addi	x31,x0,6	  x0:0x00000000 x31=0x00000006
       2235.000 ns	       222	80000254	00041597	auipc	x11,0x41	 x11=0x80041254
       2245.000 ns	       223	80000258	d9058593	addi	x11,x11,-624	 x11:0x00000000 x11=0x80040fe4
       2265.000 ns	       225	8000025c	03e33133	mulhu	x2,x6,x30	  x6:0x00000000 x30:0x80041024  x2=0x00000000
       2295.000 ns	       228	80000260	e00f1353	fclass.s	x6,f30	 f30:0x00000000  x6=0x00000010
       2315.000 ns	       230	80000264	01b2a833	slt	x16,x5,x27	  x5:0xf0c20256 x27:0x989faa9f x16=0x00000000
       2355.000 ns	       234	80000268	01dc7453	fadd.s	f8,f24,f29	 f24:0x7f800000 f29:0x804f5ecc  f8=0x7f800000
       2375.000 ns	       236	8000026c	7beb6b93	ori	x23,x22,1982	 x22:0x80000000 x23=0x800007be
       2395.000 ns	       238	80000270	f00c8ed3	fmv.w.x	f29,x25	 x25:0x00000000 f29=0x00000000
       2425.000 ns	       241	80000274	02e0a633	mulhsu	x12,x1,x14	  x1:0x00000000 x14:0x00000000 x12=0x00000000
       2455.000 ns	       244	80000278	03ccbc33	mulhu	x24,x25,x28	 x25:0x00000000 x28:0x00000006 x24=0x00000000
       2795.000 ns	       278	8000027c	19f4f153	fdiv.s	f2,f9,f31	  f9:0x0034379b f31:0x8035f17a  f2=0xbe936fd4
       2815.000 ns	       280	80000280	ff457d13	andi	x26,x10,-12	 x10:0x5f7207b9 x26=0x5f7207b0
       2825.000 ns	       281	80000284	f78c7313	andi	x6,x24,-136	 x24:0x00000000  x6=0x00000000
       2835.000 ns	       282	80000288	01fb6733	or	x14,x22,x31	 x22:0x80000000 x31:0x00000006 x14=0x80000006
       2855.000 ns	       284	8000028c	02553233	mulhu	x4,x10,x5	 x10:0x5f7207b9  x5:0xf0c20256  x4=0x59c33c86
       2875.000 ns	       286	80000290	6c5b0b13	addi	x22,x22,1733	 x22:0x80000000 x22=0x800006c5
       2895.000 ns	       288	80000294	a0b6a453	feq.s	x8,f13,f11	 f13:0x7bf213ba f11:0xff7fffff  x8=0x00000000
       2915.000 ns	       290	80000298	019a58b3	srl	x17,x20,x25	 x20:0xf4fc64b5 x25:0x00000000 x17=0xf4fc64b5
       2925.000 ns	       291	8000029c	0124eb33	or	x22,x9,x18	  x9:0x80000000 x18:0x00000000 x22=0x80000000
       2945.000 ns	       293	800002a0	f00d0b53	fmv.w.x	f22,x26	 x26:0x5f7207b0 f22=0x5f7207b0
       2975.000 ns	       296	800002a4	a052a953	feq.s	x18,f5,f5	  f5:0xff7fffff  f5:0xff7fffff x18=0x00000001
       3345.000 ns	       333	800002a8	03bad8b3	divu	x17,x21,x27	 x21:0x54ab7822 x27:0x989faa9f x17=0x00000000
       3385.000 ns	       337	800002ac	1139f253	fmul.s	f4,f19,f19	 f19:0x80000000 f19:0x80000000  f4=0x00000000
       3415.000 ns	       340	800002b0	a0371a53	flt.s	x20,f14,f3	 f14:0x6961bd60  f3:0xff800000 x20=0x00000000
       3435.000 ns	       342	800002b4	032a0893	addi	x17,x20,50	 x20:0xf4fc64b5 x17=0x00000032
       3445.000 ns	       343	800002b8	0113b433	sltu	x8,x7,x17	  x7:0xf85e19fa x17:0x00000000  x8=0x00000000
       3485.000 ns	       347	800002bc	0136f353	fadd.s	f6,f13,f19	 f13:0x7bf213ba f19:0x80000000  f6=0x7bf213ba
       3505.000 ns	       349	800002c0	00b2c1b3	xor	x3,x5,x11	  x5:0xf0c20256 x11:0x80040fe4  x3=0x70c60db2
       3865.000 ns	       385	800002c4	03fe7133	remu	x2,x28,x31	 x28:0x00000006 x31:0x00000006  x2=0x00000000
       3895.000 ns	       388	800002c8	207614d3	fsgnjn.s	f9,f12,f7	 f12:0x7f800001  f7:0x7f800001  f9=0xff800001
       3925.000 ns	       391	800002cc	d00d9b53	fcvt.s.w	f22,x27	 x27:0x989faa9f f22=0xcecec0aa
       3945.000 ns	       393	800002d0	01d3ae33	slt	x28,x7,x29	  x7:0xf85e19fa x29:0x80000000 x28=0x00000000
       3965.000 ns	       395	800002d4	02e6b7b3	mulhu	x15,x13,x14	 x13:0x00000009 x14:0x80000006 x15=0x00000004
       3995.000 ns	       398	800002d8	291c9a53	fmax.s	f20,f25,f17	 f25:0x7f800000 f17:0x00000000 f20=0x7f800000
       4025.000 ns	       401	800002dc	a1219553	flt.s	x10,f3,f18	  f3:0xff800000 f18:0x7ac2e49d x10=0x00000001
       4055.000 ns	       404	800002e0	03d53b33	mulhu	x22,x10,x29	 x10:0x5f7207b9 x29:0x80000000 x22=0x00000000
       4105.000 ns	       409	800002e4	091cfbd3	fsub.s	f23,f25,f17	 f25:0x7f800000 f17:0x00000000 f23=0x7f800000
       4155.000 ns	       414	800002e8	00333ed3	fadd.s	f29,f6,f3	  f6:0x7bf213ba  f3:0xff800000 f29=0xff800000
       4185.000 ns	       417	800002ec	a1658e53	fle.s	x28,f11,f22	 f11:0xff7fffff f22:0xcecec0aa x28=0x00000001
       4215.000 ns	       420	800002f0	02ce83b3	mul	x7,x29,x12	 x29:0x80000000 x12:0x00000000  x7=0x00000000
       4235.000 ns	       422	800002f4	007d9513	slli	x10,x27,0x7	 x27:0x989faa9f x10=0x4fd54f80
       4245.000 ns	       423	800002f8	40968e33	sub	x28,x13,x9	 x13:0x00000009  x9:0x80000000 x28=0x80000009
       4255.000 ns	       424	800002fc	929d8513	addi	x10,x27,-1751	 x27:0x989faa9f x10=0x989fa3c8
       4265.000 ns	       425	80000300	a56f8b13	addi	x22,x31,-1450	 x31:0x00000006 x22=0xfffffa5c
       4305.000 ns	       429	80000304	09f67dd3	fsub.s	f27,f12,f31	 f12:0x7f800001 f31:0x8035f17a f27=0x7fc00000
       4325.000 ns	       431	80000308	38ec3a13	sltiu	x20,x24,910	 x24:0x00000000 x20=0x00000001
       4335.000 ns	       432	8000030c	43822793	slti	x15,x4,1080	  x4:0x59c33c86 x15=0x00000000
       4355.000 ns	       434	80000310	a0ed1fd3	flt.s	x31,f26,f14	 f26:0x80000000 f14:0x6961bd60 x31=0x00000001
       4385.000 ns	       437	80000314	29b99f53	fmax.s	f30,f19,f27	 f19:0x80000000 f27:0x7fc00000 f30=0x80000000
       4415.000 ns	       440	80000318	20db9ed3	fsgnjn.s	f29,f23,f13	 f23:0x7f800000 f13:0x7bf213ba f29=0xff800000
       4445.000 ns	       443	8000031c	028450b3	divu	x1,x8,x8	  x8:0x00000000  x8:0x00000000  x1=0xffffffff
       4465.000 ns	       445	80000320	40a35e93	srai	x29,x6,0xa	  x6:0x00000000 x29=0x00000000
       4505.000 ns	       449	80000324	08070fd3	fsub.s	f31,f14,f0	 f14:0x6961bd60  f0:0x7f800001 f31=0x7fc00000
       4525.000 ns	       451	80000328	4728e993	ori	x19,x17,1138	 x17:0x00000032 x19=0x00000472
       4535.000 ns	       452	8000032c	40680b33	sub	x22,x16,x6	 x16:0x00000000  x6:0x00000000 x22=0x00000000
       4545.000 ns	       453	80000330	41938933	sub	x18,x7,x25	  x7:0x00000000 x25:0x00000000 x18=0x00000000
       4555.000 ns	       454	80000334	a5732337	lui	x6,0xa5732	  x6=0xa5732000
       4565.000 ns	       455	80000338	4038d0b3	sra	x1,x17,x3	 x17:0x00000032  x3:0x70c60db2  x1=0x00000000
       4585.000 ns	       457	8000033c	28890a53	fmin.s	f20,f18,f8	 f18:0x7ac2e49d  f8:0x7f800000 f20=0x7ac2e49d
       4605.000 ns	       459	80000340	b0f93493	sltiu	x9,x18,-1265	 x18:0x00000000  x9=0x00000001
       4625.000 ns	       461	80000344	a0c590d3	flt.s	x1,f11,f12	 f11:0xff7fffff f12:0x7f800001  x1=0x00000000
       4655.000 ns	       464	80000348	e00f1953	fclass.s	x18,f30	 f30:0x80000000 x18=0x00000008
       4675.000 ns	       466	8000034c	00000013	addi	x0,x0,0	  x0:0x00000000
       4695.000 ns	       468	80000350	d00803d3	fcvt.s.w	f7,x16	 x16:0x00000000  f7=0x00000000
       4725.000 ns	       471	80000354	03dd9eb3	mulh	x29,x27,x29	 x27:0x989faa9f x29:0x00000000 x29=0x00000000
       4745.000 ns	       473	80000358	000759b3	srl	x19,x14,x0	 x14:0x80000006  x0:0x00000000 x19=0x80000006
       4755.000 ns	       474	8000035c	00000013	addi	x0,x0,0	  x0:0x00000000
       4775.000 ns	       476	80000360	29348253	fmin.s	f4,f9,f19	  f9:0xff800001 f19:0x80000000  f4=0x80000000
       4795.000 ns	       478	80000364	0084d693	srli	x13,x9,0x8	  x9:0x00000001 x13=0x00000000
       4815.000 ns	       480	80000368	c0138a53	fcvt.wu.s	x20,f7	  f7:0x00000000 x20=0x00000000
       4835.000 ns	       482	8000036c	00786c33	or	x24,x16,x7	 x16:0x00000000  x7:0x00000000 x24=0x00000000
       4855.000 ns	       484	80000370	e00a8053	fmv.x.w	x0,f21	 f21:0x80000000
       5225.000 ns	       521	80000374	035066b3	rem	x13,x0,x21	  x0:0x00000000 x21:0x54ab7822 x13=0x00000000
       5245.000 ns	       523	80000378	011020b3	slt	x1,x0,x17	  x0:0x00000000 x17:0x00000032  x1=0x00000001
       5265.000 ns	       525	8000037c	e0050a53	fmv.x.w	x20,f10	 f10:0x80000000 x20=0x80000000
       5285.000 ns	       527	80000380	01bcfbb3	and	x23,x25,x27	 x25:0x00000000 x27:0x989faa9f x23=0x00000000
       5645.000 ns	       563	80000384	0234ee33	rem	x28,x9,x3	  x9:0x00000001  x3:0x70c60db2 x28=0x00000001
       5675.000 ns	       566	80000388	022402b3	mul	x5,x8,x2	  x8:0x00000000  x2:0x00000000  x5=0x00000000
       5705.000 ns	       569	8000038c	026914b3	mulh	x9,x18,x6	 x18:0x00000008  x6:0xa5732000  x9=0xfffffffd
       5745.000 ns	       573	80000390	117210d3	fmul.s	f1,f4,f23	  f4:0x80000000 f23:0x7f800000  f1=0x7fc00000
       6115.000 ns	       610	80000394	0334fbb3	remu	x23,x9,x19	  x9:0xfffffffd x19:0x80000006 x23=0x7ffffff7
       6145.000 ns	       613	80000398	200928d3	fsgnjx.s	f17,f18,f0	 f18:0x7ac2e49d  f0:0x7f800001 f17=0x7ac2e49d
       6165.000 ns	       615	8000039c	c10b2697	auipc	x13,0xc10b2	 x13=0x410b239c
       6185.000 ns	       617	800003a0	c01e79d3	fcvt.wu.s	x19,f28	 f28:0x8030e5cf x19=0x00000000
       6205.000 ns	       619	800003a4	46614797	auipc	x15,0x46614	 x15=0xc66143a4
       6215.000 ns	       620	800003a8	00056cb3	or	x25,x10,x0	 x10:0x989fa3c8  x0:0x00000000 x25=0x989fa3c8
       6225.000 ns	       621	800003ac	f9f0c813	xori	x16,x1,-97	  x1:0x00000001 x16=0xffffff9e
       6585.000 ns	       657	800003b0	0346dd33	divu	x26,x13,x20	 x13:0x410b239c x20:0x80000000 x26=0x00000000
       6635.000 ns	       662	800003b4	004d7253	fadd.s	f4,f26,f4	 f26:0x80000000  f4:0x80000000  f4=0x80000000
       6665.000 ns	       665	800003b8	21779253	fsgnjn.s	f4,f15,f23	 f15:0x0019daaf f23:0x7f800000  f4=0x8019daaf
       6695.000 ns	       668	800003bc	02eb3c33	mulhu	x24,x22,x14	 x22:0x00000000 x14:0x80000006 x24=0x00000000
       6725.000 ns	       671	800003c0	a1910753	fle.s	x14,f2,f25	  f2:0xbe936fd4 f25:0x7f800000 x14=0x00000001
       7095.000 ns	       708	800003c4	03fd7cb3	remu	x25,x26,x31	 x26:0x00000000 x31:0x00000001 x25=0x00000000
       7115.000 ns	       710	800003c8	ca49e313	ori	x6,x19,-860	 x19:0x00000000  x6=0xfffffca4
       7135.000 ns	       712	800003cc	c00c1c53	fcvt.w.s	x24,f24	 f24:0x7f800000 x24=0x7fffffff
       7155.000 ns	       714	800003d0	011e2933	slt	x18,x28,x17	 x28:0x00000001 x17:0x00000032 x18=0x00000001
       7165.000 ns	       715	800003d4	7c4c78b7	lui	x17,0x7c4c7	 x17=0x7c4c7000
       7185.000 ns	       717	800003d8	28780a53	fmin.s	f20,f16,f7	 f16:0xff800000  f7:0x00000000 f20=0xff800000
       7235.000 ns	       722	800003dc	08d147d3	fsub.s	f15,f2,f13	  f2:0xbe936fd4 f13:0x7bf213ba f15=0xfbf213ba
       7605.000 ns	       759	800003e0	02b5cfb3	div	x31,x11,x11	 x11:0x80040fe4 x11:0x80040fe4 x31=0x00000001
       7655.000 ns	       764	800003e4	09679dd3	fsub.s	f27,f15,f22	 f15:0xfbf213ba f22:0xcecec0aa f27=0xfbf213ba
       7685.000 ns	       767	800003e8	a074add3	feq.s	x27,f9,f7	  f9:0xff800001  f7:0x00000000 x27=0x00000000
       7725.000 ns	       771	800003ec	181a4cd3	fdiv.s	f25,f20,f1	 f20:0xff800000  f1:0x7fc00000 f25=0x7fc00000
       7745.000 ns	       773	800003f0	4054d813	srai	x16,x9,0x5	  x9:0xfffffffd x16=0xffffffff
       7755.000 ns	       774	800003f4	00000013	addi	x0,x0,0	  x0:0x00000000
       7765.000 ns	       775	800003f8	ed656b93	ori	x23,x10,-298	 x10:0x989fa3c8 x23=0xffffffde
       7775.000 ns	       776	800003fc	40945993	srai	x19,x8,0x9	  x8:0x00000000 x19=0x00000000
       7785.000 ns	       777	80000400	00734a37	lui	x20,0x734	 x20=0x00734000
       7795.000 ns	       778	80000404	40f0dfb3	sra	x31,x1,x15	  x1:0x00000001 x15:0xc66143a4 x31=0x00000000
       7805.000 ns	       779	80000408	01eadd33	srl	x26,x21,x30	 x21:0x54ab7822 x30:0x80041024 x26=0x054ab782
       7825.000 ns	       781	8000040c	a06fa753	feq.s	x14,f31,f6	 f31:0x7fc00000  f6:0x7bf213ba x14=0x00000000
       7845.000 ns	       783	80000410	01075c33	srl	x24,x14,x16	 x14:0x00000001 x16:0xffffffff x24=0x00000000
       7855.000 ns	       784	80000414	00a24433	xor	x8,x4,x10	  x4:0x59c33c86 x10:0x989fa3c8  x8=0xc15c9f4e
       7865.000 ns	       785	80000418	9430ae13	slti	x28,x1,-1725	  x1:0x00000001 x28=0x00000000
       7905.000 ns	       789	8000041c	013c7ed3	fadd.s	f29,f24,f19	 f24:0x7f800000 f19:0x80000000 f29=0x7f800000
       7935.000 ns	       792	80000420	038ce0b3	rem	x1,x25,x24	 x25:0x00000000 x24:0x00000000  x1=0x00000000
       7955.000 ns	       794	80000424	09436d13	ori	x26,x6,148	  x6:0xfffffca4 x26=0xfffffcb4
       7965.000 ns	       795	80000428	4ecd2013	slti	x0,x26,1260	 x26:0x054ab782
       7975.000 ns	       796	8000042c	00a16833	or	x16,x2,x10	  x2:0x00000000 x10:0x989fa3c8 x16=0x989fa3c8
       7985.000 ns	       797	80000430	01b23d13	sltiu	x26,x4,27	  x4:0x59c33c86 x26=0x00000000
       7995.000 ns	       798	80000434	417dd133	sra	x2,x27,x23	 x27:0x00000000 x23:0xffffffde  x2=0x00000000
       8005.000 ns	       799	80000438	0043dd33	srl	x26,x7,x4	  x7:0x00000000  x4:0x59c33c86 x26=0x00000000
       8025.000 ns	       801	8000043c	c00d9153	fcvt.w.s	x2,f27	 f27:0xfbf213ba  x2=0x80000000
       8045.000 ns	       803	80000440	3114e013	ori	x0,x9,785	  x9:0xfffffffd
       8075.000 ns	       806	80000444	5803c053	fsqrt.s	f0,f7	  f7:0x00000000  f0=0x00000000
       8095.000 ns	       808	80000448	40a08a33	sub	x20,x1,x10	  x1:0x00000000 x10:0x989fa3c8 x20=0x67605c38
       8105.000 ns	       809	8000044c	075ca793	slti	x15,x25,117	 x25:0x00000000 x15=0x00000001
       8115.000 ns	       810	80000450	0b2fac93	slti	x25,x31,178	 x31:0x00000000 x25=0x00000001
       8125.000 ns	       811	80000454	00000013	addi	x0,x0,0	  x0:0x00000000
       8145.000 ns	       813	80000458	f0078253	fmv.w.x	f4,x15	 x15:0x00000001  f4=0x00000001
       8175.000 ns	       816	8000045c	a0f2ae53	feq.s	x28,f5,f15	  f5:0xff7fffff f15:0xfbf213ba x28=0x00000000
       8195.000 ns	       818	80000460	01fc08b3	add	x17,x24,x31	 x24:0x00000000 x31:0x00000000 x17=0x00000000
       8205.000 ns	       819	80000464	00c6d793	srli	x15,x13,0xc	 x13:0x410b239c x15=0x000410b2
       8235.000 ns	       822	80000468	10d2f9d3	fmul.s	f19,f5,f13	  f5:0xff7fffff f13:0x7bf213ba f19=0xff800000
       8255.000 ns	       824	8000046c	00afd433	srl	x8,x31,x10	 x31:0x00000000 x10:0x989fa3c8  x8=0x00000000
       8275.000 ns	       826	80000470	d00593d3	fcvt.s.w	f7,x11	 x11:0x80040fe4  f7=0xcefff7e0
       8645.000 ns	       863	80000474	032eea33	rem	x20,x29,x18	 x29:0x00000000 x18:0x00000001 x20=0x00000000
       8665.000 ns	       865	80000478	01706eb3	or	x29,x0,x23	  x0:0x00000000 x23:0xffffffde x29=0xffffffde
       8685.000 ns	       867	8000047c	02552cb3	mulhsu	x25,x10,x5	 x10:0x989fa3c8  x5:0x00000000 x25=0x00000000
       8715.000 ns	       870	80000480	e00a03d3	fmv.x.w	x7,f20	 f20:0xff800000  x7=0xff800000
       8735.000 ns	       872	80000484	0056d433	srl	x8,x13,x5	 x13:0x410b239c  x5:0x00000000  x8=0x410b239c
       8775.000 ns	       876	80000488	016f8553	fadd.s	f10,f31,f22	 f31:0x7fc00000 f22:0xcecec0aa f10=0x7fc00000
       8795.000 ns	       878	8000048c	41d8db33	sra	x22,x17,x29	 x17:0x00000000 x29:0xffffffde x22=0x00000000
       8815.000 ns	       880	80000490	d00a7653	fcvt.s.w	f12,x20	 x20:0x00000000 f12=0x00000000
       8835.000 ns	       882	80000494	41aa8133	sub	x2,x21,x26	 x21:0x54ab7822 x26:0x00000000  x2=0x54ab7822
       8855.000 ns	       884	80000498	0229b0b3	mulhu	x1,x19,x2	 x19:0x00000000  x2:0x80000000  x1=0x00000000
       8885.000 ns	       887	8000049c	f00a8853	fmv.w.x	f16,x21	 x21:0x54ab7822 f16=0x54ab7822
       8905.000 ns	       889	800004a0	41aedc13	srai	x24,x29,0x1a	 x29:0xffffffde x24=0xffffffff
       8915.000 ns	       890	800004a4	8f3d7d13	andi	x26,x26,-1805	 x26:0x00000000 x26=0x00000000
       8935.000 ns	       892	800004a8	e00612d3	fclass.s	x5,f12	 f12:0x00000000  x5=0x00000010
       8955.000 ns	       894	800004ac	00150333	add	x6,x10,x1	 x10:0x989fa3c8  x1:0x00000000  x6=0x989fa3c8
       8975.000 ns	       896	800004b0	a08aa453	feq.s	x8,f21,f8	 f21:0x80000000  f8:0x7f800000  x8=0x00000000
       9005.000 ns	       899	800004b4	a01fa4d3	feq.s	x9,f31,f1	 f31:0x7fc00000  f1:0x7fc00000  x9=0x00000000
       9025.000 ns	       901	800004b8	00aac0b3	xor	x1,x21,x10	 x21:0x54ab7822 x10:0x989fa3c8  x1=0xcc34dbea
       9385.000 ns	       937	800004bc	025e40b3	div	x1,x28,x5	 x28:0x00000000  x5:0x00000010  x1=0x00000000
       9405.000 ns	       939	800004c0	00ceabb3	slt	x23,x29,x12	 x29:0xffffffde x12:0x00000000 x23=0x00000001
       9415.000 ns	       940	800004c4	01c2dcb3	srl	x25,x5,x28	  x5:0x00000010 x28:0x00000000 x25=0x00000010
       9425.000 ns	       941	800004c8	9e13f213	andi	x4,x7,-1567	  x7:0xff800000  x4=0xff800000
       9455.000 ns	       944	800004cc	18b07353	fdiv.s	f6,f0,f11	  f0:0x00000000 f11:0xff7fffff  f6=0x80000000
       9475.000 ns	       946	800004d0	ff956a13	ori	x20,x10,-7	 x10:0x989fa3c8 x20=0xfffffff9
       9495.000 ns	       948	800004d4	f0058d53	fmv.w.x	f26,x11	 x11:0x80040fe4 f26=0x80040fe4
       9525.000 ns	       951	800004d8	032e96b3	mulh	x13,x29,x18	 x29:0xffffffde x18:0x00000001 x13=0xffffffff
       9545.000 ns	       953	800004dc	01d769b3	or	x19,x14,x29	 x14:0x00000000 x29:0xffffffde x19=0xffffffde
       9585.000 ns	       957	800004e0	003a7ad3	fadd.s	f21,f20,f3	 f20:0xff800000  f3:0xff800000 f21=0x80000000
       9605.000 ns	       959	800004e4	01db2bb3	slt	x23,x22,x29	 x22:0x00000000 x29:0xffffffde x23=0x00000000
       9615.000 ns	       960	800004e8	9d75aa13	slti	x20,x11,-1577	 x11:0x80040fe4 x20=0x00000001
       9645.000 ns	       963	800004ec	10ad0d53	fmul.s	f26,f26,f10	 f26:0x80040fe4 f10:0x7fc00000 f26=0x7fc00000
       9675.000 ns	       966	800004f0	a15e0053	fle.s	x0,f28,f21	 f28:0x8030e5cf f21:0x80000000
       9705.000 ns	       969	800004f4	21da1f53	fsgnjn.s	f30,f20,f29	 f20:0xff800000 f29:0x7f800000 f30=0xff800000
       9755.000 ns	       974	800004f8	002379d3	fadd.s	f19,f6,f2	  f6:0x80000000  f2:0xbe936fd4 f19=0xbe936fd4
       9785.000 ns	       977	800004fc	c01cf053	fcvt.wu.s	x0,f25	 f25:0x7fc00000
       9805.000 ns	       979	80000500	0013d0b3	srl	x1,x7,x1	  x7:0xff800000  x1:0x00000000  x1=0xff800000
       9815.000 ns	       980	80000504	012a1533	sll	x10,x20,x18	 x20:0x00000001 x18:0x00000001 x10=0x00000002
       9825.000 ns	       981	80000508	014c8633	add	x12,x25,x20	 x25:0x00000010 x20:0x00000001 x12=0x00000011
       9845.000 ns	       983	8000050c	c014f953	fcvt.wu.s	x18,f9	  f9:0xff800001 x18=0xffffffff
       9865.000 ns	       985	80000510	0997c113	xori	x2,x15,153	 x15:0x000410b2  x2=0x0004102b
       9905.000 ns	       989	80000514	007ef753	fadd.s	f14,f29,f7	 f29:0x7f800000  f7:0xcefff7e0 f14=0x7f800000
       9935.000 ns	       992	80000518	209518d3	fsgnjn.s	f17,f10,f9	 f10:0x7fc00000  f9:0xff800001 f17=0x7fc00000
       9965.000 ns	       995	8000051c	f00988d3	fmv.w.x	f17,x19	 x19:0xffffffde f17=0xffffffde
       9995.000 ns	       998	80000520	d0047f53	fcvt.s.w	f30,x8	  x8:0x00000000 f30=0x00000000
      10025.000 ns	      1001	80000524	a19f06d3	fle.s	x13,f30,f25	 f30:0xff800000 f25:0x7fc00000 x13=0x00000000
      10045.000 ns	      1003	80000528	00789b33	sll	x22,x17,x7	 x17:0x00000000  x7:0xff800000 x22=0x00000000
      10055.000 ns	      1004	8000052c	00b578b3	and	x17,x10,x11	 x10:0x00000002 x11:0x80040fe4 x17=0x00000000
      10065.000 ns	      1005	80000530	1b4cc993	xori	x19,x25,436	 x25:0x00000010 x19=0x000001a4
      10075.000 ns	      1006	80000534	646dc513	xori	x10,x27,1606	 x27:0x00000000 x10=0x00000646
      10095.000 ns	      1008	80000538	d00c76d3	fcvt.s.w	f13,x24	 x24:0xffffffff f13=0xbf800000
      10125.000 ns	      1011	8000053c	f0040c53	fmv.w.x	f24,x8	  x8:0x00000000 f24=0x00000000
      10155.000 ns	      1014	80000540	a0322753	feq.s	x14,f4,f3	  f4:0x00000001  f3:0xff800000 x14=0x00000000
      10175.000 ns	      1016	80000544	01ce2bb3	slt	x23,x28,x28	 x28:0x00000000 x28:0x00000000 x23=0x00000000
      10185.000 ns	      1017	80000548	e0cafe93	andi	x29,x21,-500	 x21:0x54ab7822 x29=0x54ab7800
      10195.000 ns	      1018	8000054c	69d5fe13	andi	x28,x11,1693	 x11:0x80040fe4 x28=0x00000684
      10205.000 ns	      1019	80000550	00adf4b3	and	x9,x27,x10	 x27:0x00000000 x10:0x00000646  x9=0x00000000
      10225.000 ns	      1021	80000554	21821053	fsgnjn.s	f0,f4,f24	  f4:0x00000001 f24:0x00000000  f0=0x80000001
      10245.000 ns	      1023	80000558	006d8e33	add	x28,x27,x6	 x27:0x00000000  x6:0x989fa3c8 x28=0x989fa3c8
      10265.000 ns	      1025	8000055c	20edabd3	fsgnjx.s	f23,f27,f14	 f27:0xfbf213ba f14:0x7f800000 f23=0xfbf213ba
      10285.000 ns	      1027	80000560	f8bb4037	lui	x0,0xf8bb4	
      10305.000 ns	      1029	80000564	a0231ed3	flt.s	x29,f6,f2	  f6:0x80000000  f2:0xbe936fd4 x29=0x00000000
      10335.000 ns	      1032	80000568	03b822b3	mulhsu	x5,x16,x27	 x16:0x989fa3c8 x27:0x00000000  x5=0x00000000
      10365.000 ns	      1035	8000056c	29d01953	fmax.s	f18,f0,f29	  f0:0x80000001 f29:0x7f800000 f18=0x7f800000
      10395.000 ns	      1038	80000570	21362953	fsgnjx.s	f18,f12,f19	 f12:0x00000000 f19:0xbe936fd4 f18=0x80000000
      10415.000 ns	      1040	80000574	32da7993	andi	x19,x20,813	 x20:0x00000001 x19=0x00000001
      10425.000 ns	      1041	80000578	000053b3	srl	x7,x0,x0	  x0:0x00000000  x0:0x00000000  x7=0x00000000
      10445.000 ns	      1043	8000057c	e00f0253	fmv.x.w	x4,f30	 f30:0x00000000  x4=0x00000000
      10485.000 ns	      1047	80000580	18e00ed3	fdiv.s	f29,f0,f14	  f0:0x80000001 f14:0x7f800000 f29=0x80000000
      10505.000 ns	      1049	80000584	0051aa33	slt	x20,x3,x5	  x3:0x70c60db2  x5:0x00000000 x20=0x00000000
      10525.000 ns	      1051	80000588	d00dfc53	fcvt.s.w	f24,x27	 x27:0x00000000 f24=0x00000000
      10545.000 ns	      1053	8000058c	004e9793	slli	x15,x29,0x4	 x29:0x00000000 x15=0x00000000
      10575.000 ns	      1056	80000590	18e0fed3	fdiv.s	f29,f1,f14	  f1:0x7fc00000 f14:0x7f800000 f29=0x7fc00000
      10605.000 ns	      1059	80000594	c010b9d3	fcvt.wu.s	x19,f1	  f1:0x7fc00000 x19=0xffffffff
      10635.000 ns	      1062	80000598	037de233	rem	x4,x27,x23	 x27:0x00000000 x23:0x00000000  x4=0x00000000
      10665.000 ns	      1065	8000059c	204da5d3	fsgnjx.s	f11,f27,f4	 f27:0xfbf213ba  f4:0x00000001 f11=0xfbf213ba
      10695.000 ns	      1068	800005a0	28849453	fmax.s	f8,f9,f8	  f9:0xff800001  f8:0x7f800000  f8=0x7f800000
      10715.000 ns	      1070	800005a4	002f1e93	slli	x29,x30,0x2	 x30:0x80041024 x29=0x00104090
      10725.000 ns	      1071	800005a8	016f5933	srl	x18,x30,x22	 x30:0x80041024 x22:0x00000000 x18=0x80041024
      10735.000 ns	      1072	800005ac	017a66b3	or	x13,x20,x23	 x20:0x00000000 x23:0x00000000 x13=0x00000000
      10755.000 ns	      1074	800005b0	a1a30c53	fle.s	x24,f6,f26	  f6:0x80000000 f26:0x7fc00000 x24=0x00000000
      10775.000 ns	      1076	800005b4	01b85633	srl	x12,x16,x27	 x16:0x989fa3c8 x27:0x00000000 x12=0x989fa3c8
      10795.000 ns	      1078	800005b8	d01f2553	fcvt.s.wu	f10,x30	 x30:0x80041024 f10=0x4f000411
      10825.000 ns	      1081	800005bc	e00b83d3	fmv.x.w	x7,f23	 f23:0xfbf213ba  x7=0xfbf213ba
      10855.000 ns	      1084	800005c0	202ca5d3	fsgnjx.s	f11,f25,f2	 f25:0x7fc00000  f2:0xbe936fd4 f11=0xffc00000
      10875.000 ns	      1086	800005c4	412b0233	sub	x4,x22,x18	 x22:0x00000000 x18:0x80041024  x4=0x7ffbefdc
      10885.000 ns	      1087	800005c8	014631b3	sltu	x3,x12,x20	 x12:0x989fa3c8 x20:0x00000000  x3=0x00000000
      10895.000 ns	      1088	800005cc	d382ad93	slti	x27,x5,-712	  x5:0x00000000 x27=0x00000000
      10915.000 ns	      1090	800005d0	a18fa1d3	feq.s	x3,f31,f24	 f31:0x7fc00000 f24:0x00000000  x3=0x00000000
      10945.000 ns	      1093	800005d4	03a8c033	div	x0,x17,x26	 x17:0x00000000 x26:0x00000000
      10965.000 ns	      1095	800005d8	00b1f6b3	and	x13,x3,x11	  x3:0x00000000 x11:0x80040fe4 x13=0x00000000
      10985.000 ns	      1097	800005dc	d0083753	fcvt.s.w	f14,x16	 x16:0x989fa3c8 f14=0xcecec0b9
      11015.000 ns	      1100	800005e0	d01628d3	fcvt.s.wu	f17,x12	 x12:0x989fa3c8 f17=0x4f189fa4
      11035.000 ns	      1102	800005e4	018a5233	srl	x4,x20,x24	 x20:0x00000000 x24:0x00000000  x4=0x00000000
      11045.000 ns	      1103	800005e8	cf8c7b13	andi	x22,x24,-776	 x24:0x00000000 x22=0x00000000
      11065.000 ns	      1105	800005ec	a005add3	feq.s	x27,f11,f0	 f11:0xffc00000  f0:0x80000001 x27=0x00000000
      11085.000 ns	      1107	800005f0	00000013	addi	x0,x0,0	  x0:0x00000000
      11105.000 ns	      1109	800005f4	e0049653	fclass.s	x12,f9	  f9:0xff800001 x12=0x00000100
      11155.000 ns	      1114	800005f8	00b0f1d3	fadd.s	f3,f1,f11	  f1:0x7fc00000 f11:0xffc00000  f3=0x7fc00000
      11175.000 ns	      1116	800005fc	01f6c433	xor	x8,x13,x31	 x13:0x00000000 x31:0x00000000  x8=0x00000000
      11195.000 ns	      1118	80000600	20401e53	fsgnjn.s	f28,f0,f4	  f0:0x80000001  f4:0x00000001 f28=0x80000001
      11215.000 ns	      1120	80000604	01355233	srl	x4,x10,x19	 x10:0x00000646 x19:0xffffffff  x4=0x00000000
      11235.000 ns	      1122	80000608	29da1153	fmax.s	f2,f20,f29	 f20:0xff800000 f29:0x7fc00000  f2=0xff800000
      11255.000 ns	      1124	8000060c	23de4793	xori	x15,x28,573	 x28:0x989fa3c8 x15=0x989fa1f5
      11615.000 ns	      1160	80000610	026beb33	rem	x22,x23,x6	 x23:0x00000000  x6:0x989fa3c8 x22=0x00000000
      11645.000 ns	      1163	80000614	0325a033	mulhsu	x0,x11,x18	 x11:0x80040fe4 x18:0x80041024
      11685.000 ns	      1167	80000618	580f98d3	fsqrt.s	f17,f31	 f31:0x7fc00000 f17=0x7fc00000
      11705.000 ns	      1169	8000061c	01cf4cb3	xor	x25,x30,x28	 x30:0x80041024 x28:0x989fa3c8 x25=0x189bb3ec
      11725.000 ns	      1171	80000620	a14f9e53	flt.s	x28,f31,f20	 f31:0x7fc00000 f20:0xff800000 x28=0x00000000
      11745.000 ns	      1173	80000624	40ed0db3	sub	x27,x26,x14	 x26:0x00000000 x14:0x00000000 x27=0x00000000
      11755.000 ns	      1174	80000628	01069013	slli	x0,x13,0x10	 x13:0x00000000
      11765.000 ns	      1175	8000062c	01034db3	xor	x27,x6,x16	  x6:0x989fa3c8 x16:0x989fa3c8 x27=0x00000000
      11785.000 ns	      1177	80000630	c011fa53	fcvt.wu.s	x20,f3	  f3:0x7fc00000 x20=0xffffffff
      11805.000 ns	      1179	80000634	a032ce93	xori	x29,x5,-1533	  x5:0x00000000 x29=0xfffffa03
      11815.000 ns	      1180	80000638	015d5cb3	srl	x25,x26,x21	 x26:0x00000000 x21:0x54ab7822 x25=0x00000000
      11825.000 ns	      1181	8000063c	00000013	addi	x0,x0,0	  x0:0x00000000
      11835.000 ns	      1182	80000640	415c0633	sub	x12,x24,x21	 x24:0x00000000 x21:0x54ab7822 x12=0xab5487de
      11855.000 ns	      1184	80000644	f00481d3	fmv.w.x	f3,x9	  x9:0x00000000  f3=0x00000000
      11875.000 ns	      1186	80000648	00e781b3	add	x3,x15,x14	 x15:0x989fa1f5 x14:0x00000000  x3=0x989fa1f5
      11885.000 ns	      1187	8000064c	0c53f737	lui	x14,0xc53f	 x14=0x0c53f000
      11895.000 ns	      1188	80000650	00a39b93	slli	x23,x7,0xa	  x7:0xfbf213ba x23=0xc84ee800
      11925.000 ns	      1191	80000654	18b0fd53	fdiv.s	f26,f1,f11	  f1:0x7fc00000 f11:0xffc00000 f26=0x7fc00000
      11945.000 ns	      1193	80000658	100f0013	addi	x0,x30,256	 x30:0x80041024
      11965.000 ns	      1195	8000065c	c01db4d3	fcvt.wu.s	x9,f27	 f27:0xfbf213ba  x9=0x00000000
      11985.000 ns	      1197	80000660	01b3ccb3	xor	x25,x7,x27	  x7:0xfbf213ba x27:0x00000000 x25=0xfbf213ba
      11995.000 ns	      1198	80000664	a6040893	addi	x17,x8,-1440	  x8:0x00000000 x17=0xfffffa60
      12015.000 ns	      1200	80000668	213827d3	fsgnjx.s	f15,f16,f19	 f16:0x54ab7822 f19:0xbe936fd4 f15=0xd4ab7822
      12035.000 ns	      1202	8000066c	00000013	addi	x0,x0,0	  x0:0x00000000
      12055.000 ns	      1204	80000670	03c637b3	mulhu	x15,x12,x28	 x12:0xab5487de x28:0x00000000 x15=0x00000000
      12085.000 ns	      1207	80000674	f00182d3	fmv.w.x	f5,x3	  x3:0x989fa1f5  f5=0x989fa1f5
      12115.000 ns	      1210	80000678	d0093a53	fcvt.s.w	f20,x18	 x18:0x80041024 f20=0xcefff7e0
      12135.000 ns	      1212	8000067c	3a662513	slti	x10,x12,934	 x12:0xab5487de x10=0x00000001
      12145.000 ns	      1213	80000680	00b01b93	slli	x23,x0,0xb	  x0:0x00000000 x23=0x00000000
      12165.000 ns	      1215	80000684	e0099253	fclass.s	x4,f19	 f19:0xbe936fd4  x4=0x00000002
      12185.000 ns	      1217	80000688	24a70837	lui	x16,0x24a70	 x16=0x24a70000
      12195.000 ns	      1218	8000068c	01f2c8b3	xor	x17,x5,x31	  x5:0x00000000 x31:0x00000000 x17=0x00000000
      12205.000 ns	      1219	80000690	01cbdb33	srl	x22,x23,x28	 x23:0x00000000 x28:0x00000000 x22=0x00000000
      12225.000 ns	      1221	80000694	02dbbbb3	mulhu	x23,x23,x13	 x23:0x00000000 x13:0x00000000 x23=0x00000000
      12245.000 ns	      1223	80000698	019a89b3	add	x19,x21,x25	 x21:0x54ab7822 x25:0xfbf213ba x19=0x509d8bdc
      12255.000 ns	      1224	8000069c	7ed48113	addi	x2,x9,2029	  x9:0x00000000  x2=0x000007ed
      12295.000 ns	      1228	800006a0	09207653	fsub.s	f12,f0,f18	  f0:0x80000001 f18:0x80000000 f12=0x80000001
      12315.000 ns	      1230	800006a4	00000013	addi	x0,x0,0	  x0:0x00000000
      12335.000 ns	      1232	800006a8	e00b1e53	fclass.s	x28,f22	 f22:0xcecec0aa x28=0x00000002
      12385.000 ns	      1237	800006ac	009870d3	fadd.s	f1,f16,f9	 f16:0x54ab7822  f9:0xff800001  f1=0x7fc00000
      12405.000 ns	      1239	800006b0	0171a033	slt	x0,x3,x23	  x3:0x989fa1f5 x23:0x00000000
      12415.000 ns	      1240	800006b4	e4576837	lui	x16,0xe4576	 x16=0xe4576000
      12425.000 ns	      1241	800006b8	0039d293	srli	x5,x19,0x3	 x19:0x509d8bdc  x5=0x0a13b17b
      12435.000 ns	      1242	800006bc	41e75893	srai	x17,x14,0x1e	 x14:0x0c53f000 x17=0x00000000
      12455.000 ns	      1244	800006c0	c00996d3	fcvt.w.s	x13,f19	 f19:0xbe936fd4 x13=0x00000000
      12505.000 ns	      1249	800006c4	098dce53	fsub.s	f28,f27,f24	 f27:0xfbf213ba f24:0x00000000 f28=0xfbf213ba
      12535.000 ns	      1252	800006c8	a1c5a2d3	feq.s	x5,f11,f28	 f11:0xffc00000 f28:0x80000001  x5=0x00000000
      12555.000 ns	      1254	800006cc	00116bb3	or	x23,x2,x1	  x2:0x000007ed  x1:0xff800000 x23=0xff8007ed
      12575.000 ns	      1256	800006d0	0381a7b3	mulhsu	x15,x3,x24	  x3:0x989fa1f5 x24:0x00000000 x15=0x00000000
      12595.000 ns	      1258	800006d4	fbaa0637	lui	x12,0xfbaa0	 x12=0xfbaa0000
      12605.000 ns	      1259	800006d8	b3ea4713	xori	x14,x20,-1218	 x20:0xffffffff x14=0x000004c1
      12635.000 ns	      1262	800006dc	110f0e53	fmul.s	f28,f30,f16	 f30:0x00000000 f16:0x54ab7822 f28=0x00000000
      12665.000 ns	      1265	800006e0	d019f453	fcvt.s.wu	f8,x19	 x19:0x509d8bdc  f8=0x4ea13b17
      12715.000 ns	      1270	800006e4	09ddc453	fsub.s	f8,f27,f29	 f27:0xfbf213ba f29:0x7fc00000  f8=0x7fc00000
      13085.000 ns	      1307	800006e8	02ad5fb3	divu	x31,x26,x10	 x26:0x00000000 x10:0x00000001 x31=0x00000000
      13115.000 ns	      1310	800006ec	206c8853	fsgnj.s	f16,f25,f6	 f25:0x7fc00000  f6:0x80000000 f16=0xffc00000
      13165.000 ns	      1315	800006f0	01d0f253	fadd.s	f4,f1,f29	  f1:0x7fc00000 f29:0x7fc00000  f4=0x7fc00000
      13195.000 ns	      1318	800006f4	038f43b3	div	x7,x30,x24	 x30:0x80041024 x24:0x00000000  x7=0xffffffff
      13225.000 ns	      1321	800006f8	03f92b33	mulhsu	x22,x18,x31	 x18:0x80041024 x31:0x00000000 x22=0x00000000
      13245.000 ns	      1323	800006fc	1678a093	slti	x1,x17,359	 x17:0x00000000  x1=0x00000001
      13265.000 ns	      1325	80000700	e00e88d3	fmv.x.w	x17,f29	 f29:0x7fc00000 x17=0x7fc00000
      13285.000 ns	      1327	80000704	00823733	sltu	x14,x4,x8	  x4:0x00000002  x8:0x00000000 x14=0x00000000
      13295.000 ns	      1328	80000708	012ed793	srli	x15,x29,0x12	 x29:0xfffffa03 x15=0x00003fff
      13335.000 ns	      1332	8000070c	08bd1cd3	fsub.s	f25,f26,f11	 f26:0x7fc00000 f11:0xffc00000 f25=0x7fc00000
      13365.000 ns	      1335	80000710	20749753	fsgnjn.s	f14,f9,f7	  f9:0xff800001  f7:0xcefff7e0 f14=0x7f800001
      13395.000 ns	      1338	80000714	21c61953	fsgnjn.s	f18,f12,f28	 f12:0x80000001 f28:0x00000000 f18=0x80000001
      13765.000 ns	      1375	80000718	02c7fa33	remu	x20,x15,x12	 x15:0x00003fff x12:0xfbaa0000 x20=0x00003fff
      13795.000 ns	      1378	8000071c	e0099153	fclass.s	x2,f19	 f19:0xbe936fd4  x2=0x00000002
      13815.000 ns	      1380	80000720	01959e93	slli	x29,x11,0x19	 x11:0x80040fe4 x29=0xc8000000
      13825.000 ns	      1381	80000724	00000013	addi	x0,x0,0	  x0:0x00000000
      13845.000 ns	      1383	80000728	e0049053	fclass.s	x0,f9	  f9:0xff800001
      13875.000 ns	      1386	8000072c	29eb1a53	fmax.s	f20,f22,f30	 f22:0xcecec0aa f30:0x00000000 f20=0x00000000
      13905.000 ns	      1389	80000730	c015fbd3	fcvt.wu.s	x23,f11	 f11:0xffc00000 x23=0xffffffff
      13935.000 ns	      1392	80000734	297b8853	fmin.s	f16,f23,f23	 f23:0xfbf213ba f23:0xfbf213ba f16=0xfbf213ba
      13965.000 ns	      1395	80000738	025bed33	rem	x26,x23,x5	 x23:0xffffffff  x5:0x00000000 x26=0xffffffff
      13995.000 ns	      1398	8000073c	c015f653	fcvt.wu.s	x12,f11	 f11:0xffc00000 x12=0xffffffff
      14015.000 ns	      1400	80000740	4120dcb3	sra	x25,x1,x18	  x1:0x00000001 x18:0x80041024 x25=0x00000000
      14035.000 ns	      1402	80000744	c00e8b53	fcvt.w.s	x22,f29	 f29:0x7fc00000 x22=0x7fffffff
      14055.000 ns	      1404	80000748	01ab5e33	srl	x28,x22,x26	 x22:0x00000000 x26:0xffffffff x28=0x00000000
      14085.000 ns	      1407	8000074c	10468c53	fmul.s	f24,f13,f4	 f13:0xbf800000  f4:0x7fc00000 f24=0x7fc00000
      14115.000 ns	      1410	80000750	d0144e53	fcvt.s.wu	f28,x8	  x8:0x00000000 f28=0x00000000
      14135.000 ns	      1412	80000754	016e8a33	add	x20,x29,x22	 x29:0xc8000000 x22:0x7fffffff x20=0x47ffffff
      14145.000 ns	      1413	80000758	41725fb3	sra	x31,x4,x23	  x4:0x00000002 x23:0xffffffff x31=0x00000000
      14155.000 ns	      1414	8000075c	414fdfb3	sra	x31,x31,x20	 x31:0x00000000 x20:0x00003fff x31=0x00000000
      14165.000 ns	      1415	80000760	ead7af93	slti	x31,x15,-339	 x15:0x00003fff x31=0x00000000
      14175.000 ns	      1416	80000764	c4fba093	slti	x1,x23,-945	 x23:0xffffffff  x1=0x00000000
      14215.000 ns	      1420	80000768	091578d3	fsub.s	f17,f10,f17	 f10:0x4f000411 f17:0x7fc00000 f17=0x7fc00000
      14245.000 ns	      1423	8000076c	21681ad3	fsgnjn.s	f21,f16,f22	 f16:0xfbf213ba f22:0xcecec0aa f21=0x7bf213ba
      14275.000 ns	      1426	80000770	e00884d3	fmv.x.w	x9,f17	 f17:0x7fc00000  x9=0x7fc00000
      14305.000 ns	      1429	80000774	02603e33	mulhu	x28,x0,x6	  x0:0x00000000  x6:0x989fa3c8 x28=0x00000000
      14325.000 ns	      1431	80000778	57a4e113	ori	x2,x9,1402	  x9:0x7fc00000  x2=0x7fc0057a
      14335.000 ns	      1432	8000077c	01459793	slli	x15,x11,0x14	 x11:0x80040fe4 x15=0xfe400000
      14345.000 ns	      1433	80000780	01e3a333	slt	x6,x7,x30	  x7:0xffffffff x30:0x80041024  x6=0x00000000
      14365.000 ns	      1435	80000784	298899d3	fmax.s	f19,f17,f24	 f17:0x7fc00000 f24:0x7fc00000 f19=0x7fc00000
      14385.000 ns	      1437	80000788	003406b3	add	x13,x8,x3	  x8:0x00000000  x3:0x989fa1f5 x13=0x989fa1f5
      14395.000 ns	      1438	8000078c	05c12b93	slti	x23,x2,92	  x2:0x7fc0057a x23=0x00000000
      14405.000 ns	      1439	80000790	dc6d3c13	sltiu	x24,x26,-570	 x26:0xffffffff x24=0x00000000
      14765.000 ns	      1475	80000794	02b843b3	div	x7,x16,x11	 x16:0xe4576000 x11:0x80040fe4  x7=0x00000000
      14795.000 ns	      1478	80000798	03a417b3	mulh	x15,x8,x26	  x8:0x00000000 x26:0xffffffff x15=0x00000000
      14825.000 ns	      1481	8000079c	c0057553	fcvt.w.s	x10,f10	 f10:0x4f000411 x10=0x7fffffff
      14845.000 ns	      1483	800007a0	00000013	addi	x0,x0,0	  x0:0x00000000
      14855.000 ns	      1484	800007a4	01dddb93	srli	x23,x27,0x1d	 x27:0x00000000 x23=0x00000000
      14865.000 ns	      1485	800007a8	00103e33	sltu	x28,x0,x1	  x0:0x00000000  x1:0x00000000 x28=0x00000000
      14875.000 ns	      1486	800007ac	00277533	and	x10,x14,x2	 x14:0x00000000  x2:0x7fc0057a x10=0x00000000
      14895.000 ns	      1488	800007b0	02ede033	rem	x0,x27,x14	 x27:0x00000000 x14:0x00000000
      14915.000 ns	      1490	800007b4	23659b97	auipc	x23,0x23659	 x23=0xa36597b4
      14925.000 ns	      1491	800007b8	00663bb3	sltu	x23,x12,x6	 x12:0xffffffff  x6:0x00000000 x23=0x00000000
      14935.000 ns	      1492	800007bc	997ca737	lui	x14,0x997ca	 x14=0x997ca000
      14955.000 ns	      1494	800007c0	d008f353	fcvt.s.w	f6,x17	 x17:0x7fc00000  f6=0x4eff8000
      14975.000 ns	      1496	800007c4	00000013	addi	x0,x0,0	  x0:0x00000000
      14995.000 ns	      1498	800007c8	a17383d3	fle.s	x7,f7,f23	  f7:0xcefff7e0 f23:0xfbf213ba  x7=0x00000000
      15025.000 ns	      1501	800007cc	03a711b3	mulh	x3,x14,x26	 x14:0x997ca000 x26:0xffffffff  x3=0x00000000
      15395.000 ns	      1538	800007d0	03def933	remu	x18,x29,x29	 x29:0xc8000000 x29:0xc8000000 x18=0x00000000
      15435.000 ns	      1542	800007d4	112ef3d3	fmul.s	f7,f29,f18	 f29:0x7fc00000 f18:0x80000001  f7=0x7fc00000
      15465.000 ns	      1545	800007d8	c006c4d3	fcvt.w.s	x9,f13	 f13:0xbf800000  x9=0xffffffff
      15505.000 ns	      1549	800007dc	580086d3	fsqrt.s	f13,f1	  f1:0x7fc00000 f13=0x7fc00000
      15535.000 ns	      1552	800007e0	0278c2b3	div	x5,x17,x7	 x17:0x7fc00000  x7:0x00000000  x5=0xffffffff
      15555.000 ns	      1554	800007e4	00141c33	sll	x24,x8,x1	  x8:0x00000000  x1:0x00000000 x24=0x00000000
      15585.000 ns	      1557	800007e8	19fa2853	fdiv.s	f16,f20,f31	 f20:0x00000000 f31:0x7fc00000 f16=0x7fc00000
      15615.000 ns	      1560	800007ec	a0050553	fle.s	x10,f10,f0	 f10:0x4f000411  f0:0x80000001 x10=0x00000000
      15645.000 ns	      1563	800007f0	c00cffd3	fcvt.w.s	x31,f25	 f25:0x7fc00000 x31=0x7fffffff
      15675.000 ns	      1566	800007f4	201d9f53	fsgnjn.s	f30,f27,f1	 f27:0xfbf213ba  f1:0x7fc00000 f30=0xfbf213ba
      15695.000 ns	      1568	800007f8	0009b833	sltu	x16,x19,x0	 x19:0x509d8bdc  x0:0x00000000 x16=0x00000000
      15715.000 ns	      1570	800007fc	d01dc653	fcvt.s.wu	f12,x27	 x27:0x00000000 f12=0x00000000
      16085.000 ns	      1607	80000800	033aca33	div	x20,x21,x19	 x21:0x54ab7822 x19:0x509d8bdc x20=0x00000001
      16115.000 ns	      1610	80000804	28dd8a53	fmin.s	f20,f27,f13	 f27:0xfbf213ba f13:0x7fc00000 f20=0xfbf213ba
      16155.000 ns	      1614	80000808	10fc7d53	fmul.s	f26,f24,f15	 f24:0x7fc00000 f15:0xd4ab7822 f26=0x7fc00000
      16175.000 ns	      1616	8000080c	4b463e17	auipc	x28,0x4b463	 x28=0xcb46380c
      16195.000 ns	      1618	80000810	a137a7d3	feq.s	x15,f15,f19	 f15:0xd4ab7822 f19:0x7fc00000 x15=0x00000000
      16225.000 ns	      1621	80000814	d008a4d3	fcvt.s.w	f9,x17	 x17:0x7fc00000  f9=0x4eff8000
      16255.000 ns	      1624	80000818	29c90dd3	fmin.s	f27,f18,f28	 f18:0x80000001 f28:0x00000000 f27=0x80000001
      16285.000 ns	      1627	8000081c	02e81833	mulh	x16,x16,x14	 x16:0x00000000 x14:0x997ca000 x16=0x00000000
      16305.000 ns	      1629	80000820	60e1e413	ori	x8,x3,1550	  x3:0x00000000  x8=0x0000060e
      16665.000 ns	      1665	80000824	03685db3	divu	x27,x16,x22	 x16:0x00000000 x22:0x7fffffff x27=0x00000000
      16685.000 ns	      1667	80000828	01c881b3	add	x3,x17,x28	 x17:0x7fc00000 x28:0xcb46380c  x3=0x4b06380c
      16705.000 ns	      1669	8000082c	03bd87b3	mul	x15,x27,x27	 x27:0x00000000 x27:0x00000000 x15=0x00000000
      16735.000 ns	      1672	80000830	a09219d3	flt.s	x19,f4,f9	  f4:0x7fc00000  f9:0x4eff8000 x19=0x00000000
      16765.000 ns	      1675	80000834	03332633	mulhsu	x12,x6,x19	  x6:0x00000000 x19:0x509d8bdc x12=0x00000000
      16785.000 ns	      1677	80000838	688c3613	sltiu	x12,x24,1672	 x24:0x00000000 x12=0x00000001
      16805.000 ns	      1679	8000083c	e00480d3	fmv.x.w	x1,f9	  f9:0x4eff8000  x1=0x4eff8000
      16835.000 ns	      1682	80000840	0383f8b3	remu	x17,x7,x24	  x7:0x00000000 x24:0x00000000 x17=0x00000000
      16855.000 ns	      1684	80000844	00000013	addi	x0,x0,0	  x0:0x00000000
      16875.000 ns	      1686	80000848	a1051353	flt.s	x6,f10,f16	 f10:0x4f000411 f16:0x7fc00000  x6=0x00000000
      16905.000 ns	      1689	8000084c	207307d3	fsgnj.s	f15,f6,f7	  f6:0x4eff8000  f7:0x7fc00000 f15=0x4eff8000
      16925.000 ns	      1691	80000850	adbd0413	addi	x8,x26,-1317	 x26:0xffffffff  x8=0xfffffada
      16945.000 ns	      1693	80000854	20868953	fsgnj.s	f18,f13,f8	 f13:0x7fc00000  f8:0x7fc00000 f18=0x7fc00000
      16965.000 ns	      1695	80000858	01fb5413	srli	x8,x22,0x1f	 x22:0x7fffffff  x8=0x00000000
      16985.000 ns	      1697	8000085c	02621433	mulh	x8,x4,x6	  x4:0x00000002  x6:0x00000000  x8=0x00000000
      17015.000 ns	      1700	80000860	c011fb53	fcvt.wu.s	x22,f3	  f3:0x00000000 x22=0x00000000
      17045.000 ns	      1703	80000864	20a62bd3	fsgnjx.s	f23,f12,f10	 f12:0x00000000 f10:0x4f000411 f23=0x00000000
      17065.000 ns	      1705	80000868	01be66b3	or	x13,x28,x27	 x28:0xcb46380c x27:0x00000000 x13=0xcb46380c
      17075.000 ns	      1706	8000086c	00000013	addi	x0,x0,0	  x0:0x00000000
      17095.000 ns	      1708	80000870	21a928d3	fsgnjx.s	f17,f18,f26	 f18:0x7fc00000 f26:0x7fc00000 f17=0x7fc00000
      17465.000 ns	      1745	80000874	03cee6b3	rem	x13,x29,x28	 x29:0xc8000000 x28:0xcb46380c x13=0xfcb9c7f4
      17495.000 ns	      1748	80000878	c00a0e53	fcvt.w.s	x28,f20	 f20:0xfbf213ba x28=0x80000000
      17865.000 ns	      1785	8000087c	021c6133	rem	x2,x24,x1	 x24:0x00000000  x1:0x4eff8000  x2=0x00000000
      17895.000 ns	      1788	80000880	e00c84d3	fmv.x.w	x9,f25	 f25:0x7fc00000  x9=0x7fc00000
      17925.000 ns	      1791	80000884	a00f94d3	flt.s	x9,f31,f0	 f31:0x7fc00000  f0:0x80000001  x9=0x00000000
      17945.000 ns	      1793	80000888	01cd4b33	xor	x22,x26,x28	 x26:0xffffffff x28:0x80000000 x22=0x7fffffff
      17955.000 ns	      1794	8000088c	01a579b3	and	x19,x10,x26	 x10:0x00000000 x26:0xffffffff x19=0x00000000
      17965.000 ns	      1795	80000890	00794db3	xor	x27,x18,x7	 x18:0x00000000  x7:0x00000000 x27=0x00000000
      17985.000 ns	      1797	80000894	e00e1253	fclass.s	x4,f28	 f28:0x00000000  x4=0x00000010
      18015.000 ns	      1800	80000898	29628cd3	fmin.s	f25,f5,f22	  f5:0x989fa1f5 f22:0xcecec0aa f25=0xcecec0aa
      18035.000 ns	      1802	8000089c	00e20833	add	x16,x4,x14	  x4:0x00000010 x14:0x997ca000 x16=0x997ca010
      18045.000 ns	      1803	800008a0	0ec10d93	addi	x27,x2,236	  x2:0x00000000 x27=0x000000ec
      18055.000 ns	      1804	800008a4	01c447b3	xor	x15,x8,x28	  x8:0x00000000 x28:0x80000000 x15=0x80000000
      18065.000 ns	      1805	800008a8	00000013	addi	x0,x0,0	  x0:0x00000000
      18085.000 ns	      1807	800008ac	a0b89a53	flt.s	x20,f17,f11	 f17:0x7fc00000 f11:0xffc00000 x20=0x00000000
      18115.000 ns	      1810	800008b0	039f9e33	mulh	x28,x31,x25	 x31:0x7fffffff x25:0x00000000 x28=0x00000000
      18135.000 ns	      1812	800008b4	05ec7513	andi	x10,x24,94	 x24:0x00000000 x10=0x00000000
      18145.000 ns	      1813	800008b8	01ba1e93	slli	x29,x20,0x1b	 x20:0x00000000 x29=0x00000000
      18165.000 ns	      1815	800008bc	21090d53	fsgnj.s	f26,f18,f16	 f18:0x7fc00000 f16:0x7fc00000 f26=0x7fc00000
      18195.000 ns	      1818	800008c0	0278b233	mulhu	x4,x17,x7	 x17:0x00000000  x7:0x00000000  x4=0x00000000
      18215.000 ns	      1820	800008c4	ea1a68b7	lui	x17,0xea1a6	 x17=0xea1a6000
      18235.000 ns	      1822	800008c8	a144acd3	feq.s	x25,f9,f20	  f9:0x4eff8000 f20:0xfbf213ba x25=0x00000000
      18255.000 ns	      1824	800008cc	00941eb3	sll	x29,x8,x9	  x8:0x00000000  x9:0x00000000 x29=0x00000000
      18275.000 ns	      1826	800008d0	2020ad53	fsgnjx.s	f26,f1,f2	  f1:0x7fc00000  f2:0xff800000 f26=0xffc00000
      18325.000 ns	      1831	800008d4	08ca93d3	fsub.s	f7,f21,f12	 f21:0x7bf213ba f12:0x00000000  f7=0x7bf213ba
      18345.000 ns	      1833	800008d8	017b4133	xor	x2,x22,x23	 x22:0x7fffffff x23:0x00000000  x2=0x7fffffff
      18365.000 ns	      1835	800008dc	03519fb3	mulh	x31,x3,x21	  x3:0x4b06380c x21:0x54ab7822 x31=0x18d04ac0
      18385.000 ns	      1837	800008e0	418880b3	sub	x1,x17,x24	 x17:0xea1a6000 x24:0x00000000  x1=0xea1a6000
      18395.000 ns	      1838	800008e4	01abdeb3	srl	x29,x23,x26	 x23:0x00000000 x26:0xffffffff x29=0x00000000
      18755.000 ns	      1874	800008e8	02536633	rem	x12,x6,x5	  x6:0x00000000  x5:0xffffffff x12=0x00000000
      18775.000 ns	      1876	800008ec	019a38b3	sltu	x17,x20,x25	 x20:0x00000000 x25:0x00000000 x17=0x00000000
      18795.000 ns	      1878	800008f0	c019bd53	fcvt.wu.s	x26,f19	 f19:0x7fc00000 x26=0xffffffff
      18825.000 ns	      1881	800008f4	0270a433	mulhsu	x8,x1,x7	  x1:0xea1a6000  x7:0x00000000  x8=0x00000000
      18845.000 ns	      1883	800008f8	4087d6b3	sra	x13,x15,x8	 x15:0x80000000  x8:0x00000000 x13=0x80000000
      18855.000 ns	      1884	800008fc	00dc2cb3	slt	x25,x24,x13	 x24:0x00000000 x13:0xfcb9c7f4 x25=0x00000000
      18875.000 ns	      1886	80000900	a09296d3	flt.s	x13,f5,f9	  f5:0x989fa1f5  f9:0x4eff8000 x13=0x00000001
      18895.000 ns	      1888	80000904	01497eb3	and	x29,x18,x20	 x18:0x00000000 x20:0x00000000 x29=0x00000000
      18935.000 ns	      1892	80000908	09987853	fsub.s	f16,f16,f25	 f16:0x7fc00000 f25:0xcecec0aa f16=0x7fc00000
      18975.000 ns	      1896	8000090c	58014253	fsqrt.s	f4,f2	  f2:0xff800000  f4=0x7fc00000
      18995.000 ns	      1898	80000910	4182d033	sra	x0,x5,x24	  x5:0xffffffff x24:0x00000000
      19355.000 ns	      1934	80000914	036e53b3	divu	x7,x28,x22	 x28:0x00000000 x22:0x7fffffff  x7=0x00000000
      19375.000 ns	      1936	80000918	0007b7b3	sltu	x15,x15,x0	 x15:0x80000000  x0:0x00000000 x15=0x00000000
      19395.000 ns	      1938	8000091c	03d63fb3	mulhu	x31,x12,x29	 x12:0x00000000 x29:0x00000000 x31=0x00000000
      19435.000 ns	      1942	80000920	580f7f53	fsqrt.s	f30,f30	 f30:0xfbf213ba f30=0x7fc00000
      19455.000 ns	      1944	80000924	e3034793	xori	x15,x6,-464	  x6:0x00000000 x15=0xfffffe30
      19465.000 ns	      1945	80000928	bb3d4413	xori	x8,x26,-1101	 x26:0xffffffff  x8=0x0000044c
      19485.000 ns	      1947	8000092c	21e31153	fsgnjn.s	f2,f6,f30	  f6:0x4eff8000 f30:0x7fc00000  f2=0xceff8000
      19505.000 ns	      1949	80000930	00861db3	sll	x27,x12,x8	 x12:0x00000000  x8:0x00000000 x27=0x00000000
      19525.000 ns	      1951	80000934	028ebd33	mulhu	x26,x29,x8	 x29:0x00000000  x8:0x0000044c x26=0x00000000
      19555.000 ns	      1954	80000938	e0068cd3	fmv.x.w	x25,f13	 f13:0x7fc00000 x25=0x7fc00000
      19575.000 ns	      1956	8000093c	01395193	srli	x3,x18,0x13	 x18:0x00000000  x3=0x00000000
      19595.000 ns	      1958	80000940	024402b3	mul	x5,x8,x4	  x8:0x0000044c  x4:0x00000000  x5=0x00000000
      19645.000 ns	      1963	80000944	01efcc53	fadd.s	f24,f31,f30	 f31:0x7fc00000 f30:0x7fc00000 f24=0x7fc00000
      19665.000 ns	      1965	80000948	c6db0d93	addi	x27,x22,-915	 x22:0x7fffffff x27=0x7ffffc6c
      19675.000 ns	      1966	8000094c	41058933	sub	x18,x11,x16	 x11:0x80040fe4 x16:0x997ca010 x18=0xe6876fd4
      19695.000 ns	      1968	80000950	0378b6b3	mulhu	x13,x17,x23	 x17:0x00000000 x23:0x00000000 x13=0x00000000
      19725.000 ns	      1971	80000954	02accc33	div	x24,x25,x10	 x25:0x7fc00000 x10:0x00000000 x24=0xffffffff
      19745.000 ns	      1973	80000958	41940d33	sub	x26,x8,x25	  x8:0x0000044c x25:0x7fc00000 x26=0x8040044c
      19765.000 ns	      1975	8000095c	c018c1d3	fcvt.wu.s	x3,f17	 f17:0x7fc00000  x3=0xffffffff
      19785.000 ns	      1977	80000960	01e15db3	srl	x27,x2,x30	  x2:0x7fffffff x30:0x80041024 x27=0x07ffffff
      19805.000 ns	      1979	80000964	202c1053	fsgnjn.s	f0,f24,f2	 f24:0x7fc00000  f2:0xceff8000  f0=0x7fc00000
      20175.000 ns	      2016	80000968	02e07833	remu	x16,x0,x14	  x0:0x00000000 x14:0x997ca000 x16=0x00000000
      20205.000 ns	      2019	8000096c	a186ab53	feq.s	x22,f13,f24	 f13:0x7fc00000 f24:0x7fc00000 x22=0x00000000
      20225.000 ns	      2021	80000970	01f1db13	srli	x22,x3,0x1f	  x3:0xffffffff x22=0x00000001
      20235.000 ns	      2022	80000974	9996b993	sltiu	x19,x13,-1639	 x13:0x00000000 x19=0x00000001
      20245.000 ns	      2023	80000978	00fc07b3	add	x15,x24,x15	 x24:0xffffffff x15:0xfffffe30 x15=0xfffffe2f
      20265.000 ns	      2025	8000097c	21711353	fsgnjn.s	f6,f2,f23	  f2:0xceff8000 f23:0x00000000  f6=0xceff8000
      20285.000 ns	      2027	80000980	b6dba713	slti	x14,x23,-1171	 x23:0x00000000 x14=0x00000000
      20295.000 ns	      2028	80000984	00d657b3	srl	x15,x12,x13	 x12:0x00000000 x13:0x00000000 x15=0x00000000
      20305.000 ns	      2029	80000988	7f33f693	andi	x13,x7,2035	  x7:0x00000000 x13=0x00000000
      20325.000 ns	      2031	8000098c	285614d3	fmax.s	f9,f12,f5	 f12:0x00000000  f5:0x989fa1f5  f9=0x00000000
      20345.000 ns	      2033	80000990	f4e67713	andi	x14,x12,-178	 x12:0x00000000 x14=0x00000000
      20355.000 ns	      2034	80000994	01f8dcb3	srl	x25,x17,x31	 x17:0x00000000 x31:0x00000000 x25=0x00000000
      20395.000 ns	      2038	80000998	01d3f653	fadd.s	f12,f7,f29	  f7:0x7bf213ba f29:0x7fc00000 f12=0x7fc00000
      20415.000 ns	      2040	8000099c	415b5f93	srai	x31,x22,0x15	 x22:0x00000001 x31=0x00000000
      20435.000 ns	      2042	800009a0	03c929b3	mulhsu	x19,x18,x28	 x18:0xe6876fd4 x28:0x00000000 x19=0x00000000
      20485.000 ns	      2047	800009a4	0802c6d3	fsub.s	f13,f5,f0	  f5:0x989fa1f5  f0:0x7fc00000 f13=0x7fc00000
      20505.000 ns	      2049	800009a8	014faa33	slt	x20,x31,x20	 x31:0x00000000 x20:0x00000000 x20=0x00000000
      20535.000 ns	      2052	800009ac	58033953	fsqrt.s	f18,f6	  f6:0xceff8000 f18=0x7fc00000
      20555.000 ns	      2054	800009b0	c0a5cf97	auipc	x31,0xc0a5c	 x31=0x40a5c9b0
      20595.000 ns	      2058	800009b4	00ea7cd3	fadd.s	f25,f20,f14	 f20:0xfbf213ba f14:0x7f800001 f25=0x7fc00000
      20615.000 ns	      2060	800009b8	001699b3	sll	x19,x13,x1	 x13:0x00000000  x1:0xea1a6000 x19=0x00000000
      20625.000 ns	      2061	800009bc	01e1d833	srl	x16,x3,x30	  x3:0xffffffff x30:0x80041024 x16=0x0fffffff
      20635.000 ns	      2062	800009c0	f6dccf93	xori	x31,x25,-147	 x25:0x00000000 x31=0xffffff6d
      20645.000 ns	      2063	800009c4	55b9b897	auipc	x17,0x55b9b	 x17=0xd5b9b9c4
      20665.000 ns	      2065	800009c8	023db833	mulhu	x16,x27,x3	 x27:0x07ffffff  x3:0xffffffff x16=0x07fffffe
      20685.000 ns	      2067	800009cc	41fc5eb3	sra	x29,x24,x31	 x24:0xffffffff x31:0xffffff6d x29=0xffffffff
      20695.000 ns	      2068	800009d0	00d354b3	srl	x9,x6,x13	  x6:0x00000000 x13:0x00000000  x9=0x00000000
      20715.000 ns	      2070	800009d4	29bc9ed3	fmax.s	f29,f25,f27	 f25:0x7fc00000 f27:0x80000001 f29=0x80000001
      20735.000 ns	      2072	800009d8	41975713	srai	x14,x14,0x19	 x14:0x00000000 x14=0x00000000
      20755.000 ns	      2074	800009dc	03f7b633	mulhu	x12,x15,x31	 x15:0x00000000 x31:0xffffff6d x12=0x00000000
      20775.000 ns	      2076	800009e0	e14d32b7	lui	x5,0xe14d3	  x5=0xe14d3000
      20785.000 ns	      2077	800009e4	c2f68393	addi	x7,x13,-977	 x13:0x00000000  x7=0xfffffc2f
      20805.000 ns	      2079	800009e8	a06202d3	fle.s	x5,f4,f6	  f4:0x7fc00000  f6:0xceff8000  x5=0x00000000
      20825.000 ns	      2081	800009ec	12e20497	auipc	x9,0x12e20	  x9=0x92e209ec
      20835.000 ns	      2082	800009f0	01a75d93	srli	x27,x14,0x1a	 x14:0x00000000 x27=0x00000000
      20875.000 ns	      2086	800009f4	08abf553	fsub.s	f10,f23,f10	 f23:0x00000000 f10:0x4f000411 f10=0xcf000411
      20895.000 ns	      2088	800009f8	6f6f2813	slti	x16,x30,1782	 x30:0x80041024 x16=0x00000001
      20905.000 ns	      2089	800009fc	848c3917	auipc	x18,0x848c3	 x18=0x048c39fc
      20915.000 ns	      2090	80000a00	c3a1c613	xori	x12,x3,-966	  x3:0xffffffff x12=0x000003c5
      20925.000 ns	      2091	80000a04	409350b3	sra	x1,x6,x9	  x6:0x00000000  x9:0x92e209ec  x1=0x00000000
      20945.000 ns	      2093	80000a08	204383d3	fsgnj.s	f7,f7,f4	  f7:0x7bf213ba  f4:0x7fc00000  f7=0x7bf213ba
      20965.000 ns	      2095	80000a0c	006316b3	sll	x13,x6,x6	  x6:0x00000000  x6:0x00000000 x13=0x00000000
      20985.000 ns	      2097	80000a10	201c9cd3	fsgnjn.s	f25,f25,f1	 f25:0x7fc00000  f1:0x7fc00000 f25=0xffc00000
      21005.000 ns	      2099	80000a14	5ace8713	addi	x14,x29,1452	 x29:0xffffffff x14=0x000005ab
      21015.000 ns	      2100	80000a18	40ce0633	sub	x12,x28,x12	 x28:0x00000000 x12:0x000003c5 x12=0xfffffc3b
      21025.000 ns	      2101	80000a1c	00afb033	sltu	x0,x31,x10	 x31:0xffffff6d x10:0x00000000
      21035.000 ns	      2102	80000a20	019a50b3	srl	x1,x20,x25	 x20:0x00000000 x25:0x00000000  x1=0x00000000
      21045.000 ns	      2103	80000a24	01117bb3	and	x23,x2,x17	  x2:0x7fffffff x17:0xd5b9b9c4 x23=0x55b9b9c4
      21075.000 ns	      2106	80000a28	580c1bd3	fsqrt.s	f23,f24	 f24:0x7fc00000 f23=0x7fc00000
      21095.000 ns	      2108	80000a2c	00791993	slli	x19,x18,0x7	 x18:0x048c39fc x19=0x461cfe00
      21125.000 ns	      2111	80000a30	11a9fcd3	fmul.s	f25,f19,f26	 f19:0x7fc00000 f26:0xffc00000 f25=0x7fc00000
      21145.000 ns	      2113	80000a34	2d697a13	andi	x20,x18,726	 x18:0x048c39fc x20=0x000000d4
      21155.000 ns	      2114	80000a38	412f5893	srai	x17,x30,0x12	 x30:0x80041024 x17=0xffffe001
      21175.000 ns	      2116	80000a3c	0261da33	divu	x20,x3,x6	  x3:0xffffffff  x6:0x00000000 x20=0xffffffff
      21205.000 ns	      2119	80000a40	f0018ad3	fmv.w.x	f21,x3	  x3:0xffffffff f21=0xffffffff
      21235.000 ns	      2122	80000a44	02323a33	mulhu	x20,x4,x3	  x4:0x00000000  x3:0xffffffff x20=0x00000000
      21265.000 ns	      2125	80000a48	a09586d3	fle.s	x13,f11,f9	 f11:0xffc00000  f9:0x00000000 x13=0x00000000
      21295.000 ns	      2128	80000a4c	d010f153	fcvt.s.wu	f2,x1	  x1:0x00000000  f2=0x00000000
      21325.000 ns	      2131	80000a50	a0c39d53	flt.s	x26,f7,f12	  f7:0x7bf213ba f12:0x7fc00000 x26=0x00000000
      21345.000 ns	      2133	80000a54	015d6cb3	or	x25,x26,x21	 x26:0x8040044c x21:0x54ab7822 x25=0x54ab7822
      21355.000 ns	      2134	80000a58	010ce0b3	or	x1,x25,x16	 x25:0x00000000 x16:0x00000001  x1=0x54ab7823
      21375.000 ns	      2136	80000a5c	a1d41653	flt.s	x12,f8,f29	  f8:0x7fc00000 f29:0x80000001 x12=0x00000000
      21395.000 ns	      2138	80000a60	01570933	add	x18,x14,x21	 x14:0x000005ab x21:0x54ab7822 x18=0x54ab7dcd
      21415.000 ns	      2140	80000a64	02c21b33	mulh	x22,x4,x12	  x4:0x00000000 x12:0x00000000 x22=0x00000000
      21445.000 ns	      2143	80000a68	020b9933	mulh	x18,x23,x0	 x23:0x55b9b9c4  x0:0x00000000 x18=0x00000000
      21465.000 ns	      2145	80000a6c	012811b3	sll	x3,x16,x18	 x16:0x00000001 x18:0x54ab7dcd  x3=0x00000001
      21485.000 ns	      2147	80000a70	20929553	fsgnjn.s	f10,f5,f9	  f5:0x989fa1f5  f9:0x00000000 f10=0x989fa1f5
      21525.000 ns	      2151	80000a74	5801fdd3	fsqrt.s	f27,f3	  f3:0x00000000 f27=0x00000000
      21575.000 ns	      2156	80000a78	001b75d3	fadd.s	f11,f22,f1	 f22:0xcecec0aa  f1:0x7fc00000 f11=0x7fc00000
      21595.000 ns	      2158	80000a7c	00429193	slli	x3,x5,0x4	  x5:0x00000000  x3=0x00000000
      21625.000 ns	      2161	80000a80	1004fbd3	fmul.s	f23,f9,f0	  f9:0x00000000  f0:0x7fc00000 f23=0x7fc00000
      21645.000 ns	      2163	80000a84	403b07b3	sub	x15,x22,x3	 x22:0x00000000  x3:0x00000001 x15=0x00000000
      21655.000 ns	      2164	80000a88	00dc59b3	srl	x19,x24,x13	 x24:0xffffffff x13:0x00000000 x19=0xffffffff
      21665.000 ns	      2165	80000a8c	01be67b3	or	x15,x28,x27	 x28:0x00000000 x27:0x00000000 x15=0x00000000
      22025.000 ns	      2201	80000a90	02774db3	div	x27,x14,x7	 x14:0x000005ab  x7:0xfffffc2f x27=0xffffffff
      22045.000 ns	      2203	80000a94	40ae5433	sra	x8,x28,x10	 x28:0x00000000 x10:0x00000000  x8=0x00000000
      22055.000 ns	      2204	80000a98	00068133	add	x2,x13,x0	 x13:0x00000000  x0:0x00000000  x2=0x00000000
      22065.000 ns	      2205	80000a9c	0150d633	srl	x12,x1,x21	  x1:0x54ab7823 x21:0x54ab7822 x12=0x152ade08
      22075.000 ns	      2206	80000aa0	00c4ee33	or	x28,x9,x12	  x9:0x92e209ec x12:0x00000000 x28=0x97eadfec
      22095.000 ns	      2208	80000aa4	20dc1a53	fsgnjn.s	f20,f24,f13	 f24:0x7fc00000 f13:0x7fc00000 f20=0xffc00000
      22125.000 ns	      2211	80000aa8	a1c022d3	feq.s	x5,f0,f28	  f0:0x7fc00000 f28:0x00000000  x5=0x00000000
      22145.000 ns	      2213	80000aac	02212037	lui	x0,0x2212	
      22165.000 ns	      2215	80000ab0	a0361753	flt.s	x14,f12,f3	 f12:0x7fc00000  f3:0x00000000 x14=0x00000000
      22185.000 ns	      2217	80000ab4	07430913	addi	x18,x6,116	  x6:0x00000000 x18=0x00000074
      22215.000 ns	      2220	80000ab8	18303653	fdiv.s	f12,f0,f3	  f0:0x7fc00000  f3:0x00000000 f12=0x7fc00000
      22235.000 ns	      2222	80000abc	52f06913	ori	x18,x0,1327	  x0:0x00000000 x18=0x0000052f
      22255.000 ns	      2224	80000ac0	a0d9a053	feq.s	x0,f19,f13	 f19:0x7fc00000 f13:0x7fc00000
      22285.000 ns	      2227	80000ac4	02398cb3	mul	x25,x19,x3	 x19:0xffffffff  x3:0x00000000 x25=0x00000000
      22305.000 ns	      2229	80000ac8	014e07b3	add	x15,x28,x20	 x28:0x97eadfec x20:0x00000000 x15=0x97eadfec
      22325.000 ns	      2231	80000acc	d013b553	fcvt.s.wu	f10,x7	  x7:0xfffffc2f f10=0x4f7ffffd
      22355.000 ns	      2234	80000ad0	02570fb3	mul	x31,x14,x5	 x14:0x00000000  x5:0x00000000 x31=0x00000000
      22405.000 ns	      2239	80000ad4	01aac9d3	fadd.s	f19,f21,f26	 f21:0xffffffff f26:0xffc00000 f19=0x7fc00000
      22435.000 ns	      2242	80000ad8	203f9d53	fsgnjn.s	f26,f31,f3	 f31:0x7fc00000  f3:0x00000000 f26=0xffc00000
      22455.000 ns	      2244	80000adc	0158e2b3	or	x5,x17,x21	 x17:0xffffe001 x21:0x54ab7822  x5=0xfffff823
      22475.000 ns	      2246	80000ae0	02aedbb3	divu	x23,x29,x10	 x29:0xffffffff x10:0x00000000 x23=0xffffffff
      22505.000 ns	      2249	80000ae4	21292cd3	fsgnjx.s	f25,f18,f18	 f18:0x7fc00000 f18:0x7fc00000 f25=0x7fc00000
      22525.000 ns	      2251	80000ae8	37bd2e13	slti	x28,x26,891	 x26:0x00000000 x28=0x00000001
      22535.000 ns	      2252	80000aec	01460bb3	add	x23,x12,x20	 x12:0x152ade08 x20:0x00000000 x23=0x152ade08
      22555.000 ns	      2254	80000af0	a0211653	flt.s	x12,f2,f2	  f2:0x00000000  f2:0x00000000 x12=0x00000000
      22575.000 ns	      2256	80000af4	c8816393	ori	x7,x2,-888	  x2:0x00000000  x7=0xfffffc88
      22595.000 ns	      2258	80000af8	d003f8d3	fcvt.s.w	f17,x7	  x7:0xfffffc2f f17=0xc45e0000
      22965.000 ns	      2295	80000afc	038b4a33	div	x20,x22,x24	 x22:0x00000000 x24:0xffffffff x20=0x00000000
      22985.000 ns	      2297	80000b00	41080cb3	sub	x25,x16,x16	 x16:0x00000001 x16:0x00000001 x25=0x00000000
      22995.000 ns	      2298	80000b04	7966b397	auipc	x7,0x7966b	  x7=0xf966bb04
      23005.000 ns	      2299	80000b08	0065cb33	xor	x22,x11,x6	 x11:0x80040fe4  x6:0x00000000 x22=0x80040fe4
      23015.000 ns	      2300	80000b0c	87357613	andi	x12,x10,-1933	 x10:0x00000000 x12=0x00000000
      23025.000 ns	      2301	80000b10	833a0797	auipc	x15,0x833a0	 x15=0x033a0b10
      23035.000 ns	      2302	80000b14	6a567b13	andi	x22,x12,1701	 x12:0x00000000 x22=0x00000000
      23055.000 ns	      2304	80000b18	d0067253	fcvt.s.w	f4,x12	 x12:0x00000000  f4=0x00000000
      23085.000 ns	      2307	80000b1c	e0051ed3	fclass.s	x29,f10	 f10:0x4f7ffffd x29=0x00000040
      23105.000 ns	      2309	80000b20	01fcc4b3	xor	x9,x25,x31	 x25:0x00000000 x31:0x00000000  x9=0x00000000
      23115.000 ns	      2310	80000b24	0019eb33	or	x22,x19,x1	 x19:0xffffffff  x1:0x54ab7823 x22=0xffffffff
      23135.000 ns	      2312	80000b28	29809a53	fmax.s	f20,f1,f24	  f1:0x7fc00000 f24:0x7fc00000 f20=0x7fc00000
      23165.000 ns	      2315	80000b2c	028fd2b3	divu	x5,x31,x8	 x31:0x00000000  x8:0x00000000  x5=0xffffffff
      23185.000 ns	      2317	80000b30	016d14b3	sll	x9,x26,x22	 x26:0x00000000 x22:0xffffffff  x9=0x00000000
      23205.000 ns	      2319	80000b34	218a89d3	fsgnj.s	f19,f21,f24	 f21:0xffffffff f24:0x7fc00000 f19=0x7fffffff
      23225.000 ns	      2321	80000b38	00fb77b3	and	x15,x22,x15	 x22:0xffffffff x15:0x033a0b10 x15=0x033a0b10
      23235.000 ns	      2322	80000b3c	3f99c293	xori	x5,x19,1017	 x19:0xffffffff  x5=0xfffffc06
      23255.000 ns	      2324	80000b40	a08624d3	feq.s	x9,f12,f8	 f12:0x7fc00000  f8:0x7fc00000  x9=0x00000000
      23295.000 ns	      2328	80000b44	18c474d3	fdiv.s	f9,f8,f12	  f8:0x7fc00000 f12:0x7fc00000  f9=0x7fc00000
      23315.000 ns	      2330	80000b48	4072d333	sra	x6,x5,x7	  x5:0xfffffc06  x7:0xf966bb04  x6=0xffffffc0
      23335.000 ns	      2332	80000b4c	2122a5d3	fsgnjx.s	f11,f5,f18	  f5:0x989fa1f5 f18:0x7fc00000 f11=0x989fa1f5
      23355.000 ns	      2334	80000b50	41a5d333	sra	x6,x11,x26	 x11:0x80040fe4 x26:0x00000000  x6=0x80040fe4
      23385.000 ns	      2337	80000b54	11befc53	fmul.s	f24,f29,f27	 f29:0x80000001 f27:0x00000000 f24=0x80000000
      23405.000 ns	      2339	80000b58	781b4e93	xori	x29,x22,1921	 x22:0xffffffff x29=0xfffff87e
      23415.000 ns	      2340	80000b5c	be83e393	ori	x7,x7,-1048	  x7:0xf966bb04  x7=0xfffffbec
      23435.000 ns	      2342	80000b60	299289d3	fmin.s	f19,f5,f25	  f5:0x989fa1f5 f25:0x7fc00000 f19=0x989fa1f5
      23465.000 ns	      2345	80000b64	c010c0d3	fcvt.wu.s	x1,f1	  f1:0x7fc00000  x1=0xffffffff
      23495.000 ns	      2348	80000b68	f00e8c53	fmv.w.x	f24,x29	 x29:0xfffff87e f24=0xfffff87e
      23525.000 ns	      2351	80000b6c	e0000853	fmv.x.w	x16,f0	  f0:0x7fc00000 x16=0x7fc00000
      23545.000 ns	      2353	80000b70	5cfdcd13	xori	x26,x27,1487	 x27:0xffffffff x26=0xfffffa30
      23565.000 ns	      2355	80000b74	f0060ad3	fmv.w.x	f21,x12	 x12:0x00000000 f21=0x00000000
      23585.000 ns	      2357	80000b78	01974e33	xor	x28,x14,x25	 x14:0x00000000 x25:0x00000000 x28=0x00000000
      23605.000 ns	      2359	80000b7c	291c8ed3	fmin.s	f29,f25,f17	 f25:0x7fc00000 f17:0xc45e0000 f29=0xc45e0000
      23635.000 ns	      2362	80000b80	d013f953	fcvt.s.wu	f18,x7	  x7:0xfffffbec f18=0x4f7ffffb
      23665.000 ns	      2365	80000b84	a05193d3	flt.s	x7,f3,f5	  f3:0x00000000  f5:0x989fa1f5  x7=0x00000000
      23685.000 ns	      2367	80000b88	4118d393	srai	x7,x17,0x11	 x17:0xffffe001  x7=0xffffffff
      23695.000 ns	      2368	80000b8c	00d29c13	slli	x24,x5,0xd	  x5:0xfffffc06 x24=0xff80c000
      23735.000 ns	      2372	80000b90	0850b253	fsub.s	f4,f1,f5	  f1:0x7fc00000  f5:0x989fa1f5  f4=0x7fc00000
      23755.000 ns	      2374	80000b94	013764b3	or	x9,x14,x19	 x14:0x00000000 x19:0xffffffff  x9=0xffffffff
      23765.000 ns	      2375	80000b98	9899cc93	xori	x25,x19,-1655	 x19:0xffffffff x25=0x00000676
      23775.000 ns	      2376	80000b9c	6ff14617	auipc	x12,0x6ff14	 x12=0xeff14b9c
      23795.000 ns	      2378	80000ba0	207509d3	fsgnj.s	f19,f10,f7	 f10:0x4f7ffffd  f7:0x7bf213ba f19=0x4f7ffffd
      23815.000 ns	      2380	80000ba4	018b8533	add	x10,x23,x24	 x23:0x152ade08 x24:0xff80c000 x10=0x14ab9e08
      24175.000 ns	      2416	80000ba8	02f34333	div	x6,x6,x15	  x6:0x80040fe4 x15:0x033a0b10  x6=0xffffffd9
      24545.000 ns	      2453	80000bac	032e6db3	rem	x27,x28,x18	 x28:0x00000000 x18:0x0000052f x27=0x00000000
      24565.000 ns	      2455	80000bb0	002ed693	srli	x13,x29,0x2	 x29:0xfffff87e x13=0x3ffffe1f
      24585.000 ns	      2457	80000bb4	02e9fa33	remu	x20,x19,x14	 x19:0xffffffff x14:0x00000000 x20=0xffffffff
      24615.000 ns	      2460	80000bb8	d018f8d3	fcvt.s.wu	f17,x17	 x17:0xffffe001 f17=0x4f7fffe0
      24635.000 ns	      2462	80000bbc	44817b93	andi	x23,x2,1096	  x2:0x00000000 x23=0x00000000
      24655.000 ns	      2464	80000bc0	031a3eb3	mulhu	x29,x20,x17	 x20:0xffffffff x17:0xffffe001 x29=0xffffe000
      24695.000 ns	      2468	80000bc4	18cef2d3	fdiv.s	f5,f29,f12	 f29:0xc45e0000 f12:0x7fc00000  f5=0x7fc00000
      24715.000 ns	      2470	80000bc8	00000013	addi	x0,x0,0	  x0:0x00000000
      24725.000 ns	      2471	80000bcc	01d164b3	or	x9,x2,x29	  x2:0x00000000 x29:0xffffe000  x9=0xffffe000
      24745.000 ns	      2473	80000bd0	031439b3	mulhu	x19,x8,x17	  x8:0x00000000 x17:0xffffe001 x19=0x00000000
      24765.000 ns	      2475	80000bd4	0165fa33	and	x20,x11,x22	 x11:0x80040fe4 x22:0xffffffff x20=0x80040fe4
      24775.000 ns	      2476	80000bd8	003edbb3	srl	x23,x29,x3	 x29:0xffffe000  x3:0x00000000 x23=0xffffe000
      24795.000 ns	      2478	80000bdc	02583933	mulhu	x18,x16,x5	 x16:0x7fc00000  x5:0xfffffc06 x18=0x7fbffe03
      24815.000 ns	      2480	80000be0	70c24c93	xori	x25,x4,1804	  x4:0x00000000 x25=0x0000070c
      24825.000 ns	      2481	80000be4	88eb8793	addi	x15,x23,-1906	 x23:0xffffe000 x15=0xffffd88e
      25185.000 ns	      2517	80000be8	0373c433	div	x8,x7,x23	  x7:0xffffffff x23:0xffffe000  x8=0x00000000
      25215.000 ns	      2520	80000bec	299c99d3	fmax.s	f19,f25,f25	 f25:0x7fc00000 f25:0x7fc00000 f19=0x7fc00000
      25245.000 ns	      2523	80000bf0	285a9c53	fmax.s	f24,f21,f5	 f21:0x00000000  f5:0x7fc00000 f24=0x00000000
      25295.000 ns	      2528	80000bf4	0975fe53	fsub.s	f28,f11,f23	 f11:0x989fa1f5 f23:0x7fc00000 f28=0x7fc00000
      25315.000 ns	      2530	80000bf8	41c95813	srai	x16,x18,0x1c	 x18:0x7fbffe03 x16=0x00000007
      25335.000 ns	      2532	80000bfc	02e31333	mulh	x6,x6,x14	  x6:0xffffffd9 x14:0x00000000  x6=0x00000000
      25705.000 ns	      2569	80000c00	02c2fa33	remu	x20,x5,x12	  x5:0xfffffc06 x12:0xeff14b9c x20=0x100eb06a
      25735.000 ns	      2572	80000c04	021822b3	mulhsu	x5,x16,x1	 x16:0x00000007  x1:0xffffffff  x5=0x00000006
      25765.000 ns	      2575	80000c08	023bfd33	remu	x26,x23,x3	 x23:0xffffe000  x3:0x00000000 x26=0xffffe000
      25785.000 ns	      2577	80000c0c	005f72b3	and	x5,x30,x5	 x30:0x80041024  x5:0x00000006  x5=0x00000004
      25795.000 ns	      2578	80000c10	002ed833	srl	x16,x29,x2	 x29:0xffffe000  x2:0x00000000 x16=0xffffe000
      25805.000 ns	      2579	80000c14	1fbcd317	auipc	x6,0x1fbcd	  x6=0x9fbcdc14
      25825.000 ns	      2581	80000c18	20b70853	fsgnj.s	f16,f14,f11	 f14:0x7f800001 f11:0x989fa1f5 f16=0xff800001
      25855.000 ns	      2584	80000c1c	c01376d3	fcvt.wu.s	x13,f6	  f6:0xceff8000 x13=0x7fc00000
      25905.000 ns	      2589	80000c20	000bffd3	fadd.s	f31,f23,f0	 f23:0x7fc00000  f0:0x7fc00000 f31=0x7fc00000
      25935.000 ns	      2592	80000c24	c00afe53	fcvt.w.s	x28,f21	 f21:0x00000000 x28=0x00000000
      25955.000 ns	      2594	80000c28	e5e28713	addi	x14,x5,-418	  x5:0x00000004 x14=0xfffffe62
      25975.000 ns	      2596	80000c2c	a1931053	flt.s	x0,f6,f25	  f6:0xceff8000 f25:0x7fc00000
      25995.000 ns	      2598	80000c30	01249a13	slli	x20,x9,0x12	  x9:0xffffe000 x20=0x80000000
      26005.000 ns	      2599	80000c34	13e3d917	auipc	x18,0x13e3d	 x18=0x93e3dc34
      26025.000 ns	      2601	80000c38	20fd97d3	fsgnjn.s	f15,f27,f15	 f27:0x00000000 f15:0x4eff8000 f15=0x80000000
      26065.000 ns	      2605	80000c3c	11f67e53	fmul.s	f28,f12,f31	 f12:0x7fc00000 f31:0x7fc00000 f28=0x7fc00000
      26095.000 ns	      2608	80000c40	d01ef4d3	fcvt.s.wu	f9,x29	 x29:0xffffe000  f9=0x4f7fffe0
      26125.000 ns	      2611	80000c44	219e2453	fsgnjx.s	f8,f28,f25	 f28:0x7fc00000 f25:0x7fc00000  f8=0x7fc00000
      26155.000 ns	      2614	80000c48	a1bba953	feq.s	x18,f23,f27	 f23:0x7fc00000 f27:0x00000000 x18=0x00000000
      26195.000 ns	      2618	80000c4c	580d73d3	fsqrt.s	f7,f26	 f26:0xffc00000  f7=0x7fc00000
      26225.000 ns	      2621	80000c50	e0079dd3	fclass.s	x27,f15	 f15:0x80000000 x27=0x00000008
      26245.000 ns	      2623	80000c54	00c3b7b3	sltu	x15,x7,x12	  x7:0xffffffff x12:0xeff14b9c x15=0x00000000
      26265.000 ns	      2625	80000c58	20352153	fsgnjx.s	f2,f10,f3	 f10:0x4f7ffffd  f3:0x00000000  f2=0x4f7ffffd
      26315.000 ns	      2630	80000c5c	089b7953	fsub.s	f18,f22,f9	 f22:0xcecec0aa  f9:0x4f7fffe0 f18=0xcfb3b01a
      26345.000 ns	      2633	80000c60	c003f8d3	fcvt.w.s	x17,f7	  f7:0x7fc00000 x17=0x7fffffff
      26375.000 ns	      2636	80000c64	20e881d3	fsgnj.s	f3,f17,f14	 f17:0x4f7fffe0 f14:0x7f800001  f3=0x4f7fffe0
      26405.000 ns	      2639	80000c68	d01d7ad3	fcvt.s.wu	f21,x26	 x26:0xffffe000 f21=0x4f7fffe0
      26445.000 ns	      2643	80000c6c	18daf1d3	fdiv.s	f3,f21,f13	 f21:0x00000000 f13:0x7fc00000  f3=0x7fc00000
      26475.000 ns	      2646	80000c70	20d49553	fsgnjn.s	f10,f9,f13	  f9:0x4f7fffe0 f13:0x7fc00000 f10=0xcf7fffe0
      26525.000 ns	      2651	80000c74	0965fbd3	fsub.s	f23,f11,f22	 f11:0x989fa1f5 f22:0xcecec0aa f23=0x4ecec0aa
      26555.000 ns	      2654	80000c78	e0009dd3	fclass.s	x27,f1	  f1:0x7fc00000 x27=0x00000200
      26575.000 ns	      2656	80000c7c	005452b3	srl	x5,x8,x5	  x8:0x00000000  x5:0x00000004  x5=0x00000000
      26585.000 ns	      2657	80000c80	ce524713	xori	x14,x4,-795	  x4:0x00000000 x14=0xfffffce5
      26605.000 ns	      2659	80000c84	21318253	fsgnj.s	f4,f3,f19	  f3:0x7fc00000 f19:0x7fc00000  f4=0x7fc00000
      26625.000 ns	      2661	80000c88	0062e7b3	or	x15,x5,x6	  x5:0x00000000  x6:0x9fbcdc14 x15=0x9fbcdc14
      26635.000 ns	      2662	80000c8c	00830c33	add	x24,x6,x8	  x6:0x9fbcdc14  x8:0x00000000 x24=0x9fbcdc14
      26655.000 ns	      2664	80000c90	02585d33	divu	x26,x16,x5	 x16:0xffffe000  x5:0x00000000 x26=0xffffffff
      26675.000 ns	      2666	80000c94	00000013	addi	x0,x0,0	  x0:0x00000000
      26685.000 ns	      2667	80000c98	ce3e0a13	addi	x20,x28,-797	 x28:0x00000000 x20=0xfffffce3
      26715.000 ns	      2670	80000c9c	19587c53	fdiv.s	f24,f16,f21	 f16:0xff800001 f21:0x4f7fffe0 f24=0x7fc00000
      27085.000 ns	      2707	80000ca0	03d9c933	div	x18,x19,x29	 x19:0x00000000 x29:0xffffe000 x18=0x00000000
      27115.000 ns	      2710	80000ca4	d0011bd3	fcvt.s.w	f23,x2	  x2:0x00000000 f23=0x00000000
      27145.000 ns	      2713	80000ca8	d0127c53	fcvt.s.wu	f24,x4	  x4:0x00000000 f24=0x00000000
      27165.000 ns	      2715	80000cac	41b45893	srai	x17,x8,0x1b	  x8:0x00000000 x17=0x00000000
      27195.000 ns	      2718	80000cb0	112c77d3	fmul.s	f15,f24,f18	 f24:0x00000000 f18:0xcfb3b01a f15=0x80000000
      27215.000 ns	      2720	80000cb4	b9d27a17	auipc	x20,0xb9d27	 x20=0x39d27cb4
      27255.000 ns	      2724	80000cb8	003b38d3	fadd.s	f17,f22,f3	 f22:0xcecec0aa  f3:0x7fc00000 f17=0x7fc00000
      27275.000 ns	      2726	80000cbc	8945d7b7	lui	x15,0x8945d	 x15=0x8945d000
      27295.000 ns	      2728	80000cc0	022ca433	mulhsu	x8,x25,x2	 x25:0x0000070c  x2:0x00000000  x8=0x00000000
      27345.000 ns	      2733	80000cc4	092b4fd3	fsub.s	f31,f22,f18	 f22:0xcecec0aa f18:0xcfb3b01a f31=0x4f7fffdf
      27715.000 ns	      2770	80000cc8	0303d0b3	divu	x1,x7,x16	  x7:0xffffffff x16:0xffffe000  x1=0x00000001
      27735.000 ns	      2772	80000ccc	10818a13	addi	x20,x3,264	  x3:0x00000000 x20=0x00000108
      27745.000 ns	      2773	80000cd0	016ce6b3	or	x13,x25,x22	 x25:0x0000070c x22:0xffffffff x13=0xffffffff
      27755.000 ns	      2774	80000cd4	00000013	addi	x0,x0,0	  x0:0x00000000
      27775.000 ns	      2776	80000cd8	03b1ab33	mulhsu	x22,x3,x27	  x3:0x00000000 x27:0x00000200 x22=0x00000000
      27805.000 ns	      2779	80000cdc	022cd4b3	divu	x9,x25,x2	 x25:0x0000070c  x2:0x00000000  x9=0xffffffff
      27825.000 ns	      2781	80000ce0	01a2a933	slt	x18,x5,x26	  x5:0x00000000 x26:0xffffffff x18=0x00000000
      27845.000 ns	      2783	80000ce4	e0070553	fmv.x.w	x10,f14	 f14:0x7f800001 x10=0x7f800001
      27875.000 ns	      2786	80000ce8	036b52b3	divu	x5,x22,x22	 x22:0x00000000 x22:0x00000000  x5=0xffffffff
      27895.000 ns	      2788	80000cec	00000013	addi	x0,x0,0	  x0:0x00000000
      27905.000 ns	      2789	80000cf0	017ebfb3	sltu	x31,x29,x23	 x29:0xffffe000 x23:0xffffe000 x31=0x00000000
      27915.000 ns	      2790	80000cf4	00000013	addi	x0,x0,0	  x0:0x00000000
      28275.000 ns	      2826	80000cf8	0377e633	rem	x12,x15,x23	 x15:0x8945d000 x23:0xffffe000 x12=0xfffff000
      28295.000 ns	      2828	80000cfc	40e68233	sub	x4,x13,x14	 x13:0xffffffff x14:0xfffffce5  x4=0x0000031a
      28305.000 ns	      2829	80000d00	01ec5c33	srl	x24,x24,x30	 x24:0x9fbcdc14 x30:0x80041024 x24=0x09fbcdc1
      28325.000 ns	      2831	80000d04	02889333	mulh	x6,x17,x8	 x17:0x00000000  x8:0x00000000  x6=0x00000000
      28355.000 ns	      2834	80000d08	29020853	fmin.s	f16,f4,f16	  f4:0x7fc00000 f16:0xff800001 f16=0x7fc00000
      28375.000 ns	      2836	80000d0c	00d8c8b3	xor	x17,x17,x13	 x17:0x00000000 x13:0xffffffff x17=0xffffffff
      28735.000 ns	      2872	80000d10	03ab6fb3	rem	x31,x22,x26	 x22:0x00000000 x26:0xffffffff x31=0x00000000
      28765.000 ns	      2875	80000d14	03073eb3	mulhu	x29,x14,x16	 x14:0xfffffce5 x16:0xffffe000 x29=0xffffdce5
      28785.000 ns	      2877	80000d18	ebee2113	slti	x2,x28,-322	 x28:0x00000000  x2=0x00000000
      28805.000 ns	      2879	80000d1c	0306a933	mulhsu	x18,x13,x16	 x13:0xffffffff x16:0xffffe000 x18=0xffffffff
      28835.000 ns	      2882	80000d20	20ad08d3	fsgnj.s	f17,f26,f10	 f26:0xffc00000 f10:0xcf7fffe0 f17=0xffc00000
      28855.000 ns	      2884	80000d24	017458b3	srl	x17,x8,x23	  x8:0x00000000 x23:0xffffe000 x17=0x00000000
      28875.000 ns	      2886	80000d28	d01e4c53	fcvt.s.wu	f24,x28	 x28:0x00000000 f24=0x00000000
      28895.000 ns	      2888	80000d2c	3e118f93	addi	x31,x3,993	  x3:0x00000000 x31=0x000003e1
      28915.000 ns	      2890	80000d30	c0118d53	fcvt.wu.s	x26,f3	  f3:0x7fc00000 x26=0xffffffff
      28955.000 ns	      2894	80000d34	190a3ed3	fdiv.s	f29,f20,f16	 f20:0x7fc00000 f16:0x7fc00000 f29=0x7fc00000
      28975.000 ns	      2896	80000d38	90b2ab93	slti	x23,x5,-1781	  x5:0xffffffff x23=0x00000000
      28985.000 ns	      2897	80000d3c	00ba3833	sltu	x16,x20,x11	 x20:0x00000108 x11:0x80040fe4 x16=0x00000001
      29005.000 ns	      2899	80000d40	03a4ad33	mulhsu	x26,x9,x26	  x9:0xffffffff x26:0xffffffff x26=0xffffffff
      29025.000 ns	      2901	80000d44	8cffbeb7	lui	x29,0x8cffb	 x29=0x8cffb000
      29045.000 ns	      2903	80000d48	21b88553	fsgnj.s	f10,f17,f27	 f17:0xffc00000 f27:0x00000000 f10=0x7fc00000
      29065.000 ns	      2905	80000d4c	01201333	sll	x6,x0,x18	  x0:0x00000000 x18:0xffffffff  x6=0x00000000
      29085.000 ns	      2907	80000d50	02b92433	mulhsu	x8,x18,x11	 x18:0xffffffff x11:0x80040fe4  x8=0xffffffff
      29115.000 ns	      2910	80000d54	28c90cd3	fmin.s	f25,f18,f12	 f18:0xcfb3b01a f12:0x7fc00000 f25=0xcfb3b01a
      29485.000 ns	      2947	80000d58	02a4d3b3	divu	x7,x9,x10	  x9:0xffffffff x10:0x7f800001  x7=0x00000002
      29505.000 ns	      2949	80000d5c	5c433cb7	lui	x25,0x5c433	 x25=0x5c433000
      29865.000 ns	      2985	80000d60	0270dcb3	divu	x25,x1,x7	  x1:0x00000001  x7:0x00000002 x25=0x00000000
      29895.000 ns	      2988	80000d64	20bf2353	fsgnjx.s	f6,f30,f11	 f30:0x7fc00000 f11:0x989fa1f5  f6=0xffc00000
      29925.000 ns	      2991	80000d68	a09a8153	fle.s	x2,f21,f9	 f21:0x4f7fffe0  f9:0x4f7fffe0  x2=0x00000001
      29945.000 ns	      2993	80000d6c	01cc1bb3	sll	x23,x24,x28	 x24:0x09fbcdc1 x28:0x00000000 x23=0x09fbcdc1
      29965.000 ns	      2995	80000d70	e0060653	fmv.x.w	x12,f12	 f12:0x7fc00000 x12=0x7fc00000
      29995.000 ns	      2998	80000d74	c018f253	fcvt.wu.s	x4,f17	 f17:0xffc00000  x4=0xffffffff
      30045.000 ns	      3003	80000d78	08f99ed3	fsub.s	f29,f19,f15	 f19:0x7fc00000 f15:0x80000000 f29=0x7fc00000
      30065.000 ns	      3005	80000d7c	00c59613	slli	x12,x11,0xc	 x11:0x80040fe4 x12=0x40fe4000
      30075.000 ns	      3006	80000d80	fedc7c37	lui	x24,0xfedc7	 x24=0xfedc7000
      30085.000 ns	      3007	80000d84	01701493	slli	x9,x0,0x17	  x0:0x00000000  x9=0x00000000
      30095.000 ns	      3008	80000d88	47e1b113	sltiu	x2,x3,1150	  x3:0x00000000  x2=0x00000001
      30455.000 ns	      3044	80000d8c	0275d1b3	divu	x3,x11,x7	 x11:0x80040fe4  x7:0x00000002  x3=0x400207f2
      30475.000 ns	      3046	80000d90	013eec33	or	x24,x29,x19	 x29:0x8cffb000 x19:0x00000000 x24=0x8cffb000
      30485.000 ns	      3047	80000d94	415ad333	sra	x6,x21,x21	 x21:0x54ab7822 x21:0x54ab7822  x6=0x152ade08
      30495.000 ns	      3048	80000d98	407602b3	sub	x5,x12,x7	 x12:0x40fe4000  x7:0x00000002  x5=0x40fe3ffe
      30505.000 ns	      3049	80000d9c	eb8c6113	ori	x2,x24,-328	 x24:0x8cffb000  x2=0xfffffeb8
      30515.000 ns	      3050	80000da0	1cb30693	addi	x13,x6,459	  x6:0x152ade08 x13=0x152adfd3
      30525.000 ns	      3051	80000da4	01bd50b3	srl	x1,x26,x27	 x26:0xffffffff x27:0x00000200  x1=0xffffffff
      30885.000 ns	      3087	80000da8	02b75933	divu	x18,x14,x11	 x14:0xfffffce5 x11:0x80040fe4 x18=0x00000001
      31255.000 ns	      3124	80000dac	03e478b3	remu	x17,x8,x30	  x8:0xffffffff x30:0x80041024 x17=0x7ffbefdb
      31275.000 ns	      3126	80000db0	01370db3	add	x27,x14,x19	 x14:0xfffffce5 x19:0x00000000 x27=0xfffffce5
      31295.000 ns	      3128	80000db4	d0083a53	fcvt.s.w	f20,x16	 x16:0x00000001 f20=0x3f800000
      31325.000 ns	      3131	80000db8	c0142553	fcvt.wu.s	x10,f8	  f8:0x7fc00000 x10=0xffffffff
      31355.000 ns	      3134	80000dbc	f0098d53	fmv.w.x	f26,x19	 x19:0x00000000 f26=0x00000000
      31375.000 ns	      3136	80000dc0	83817c93	andi	x25,x2,-1992	  x2:0xfffffeb8 x25=0xfffff838
      31395.000 ns	      3138	80000dc4	f0028ed3	fmv.w.x	f29,x5	  x5:0x40fe3ffe f29=0x40fe3ffe
      31445.000 ns	      3143	80000dc8	0901f453	fsub.s	f8,f3,f16	  f3:0x7fc00000 f16:0x7fc00000  f8=0x7fc00000
      31475.000 ns	      3146	80000dcc	03cf54b3	divu	x9,x30,x28	 x30:0x80041024 x28:0x00000000  x9=0xffffffff
      31845.000 ns	      3183	80000dd0	02a678b3	remu	x17,x12,x10	 x12:0x40fe4000 x10:0xffffffff x17=0x40fe4000
      31865.000 ns	      3185	80000dd4	1eb70093	addi	x1,x14,491	 x14:0xfffffce5  x1=0xfffffed0
      31885.000 ns	      3187	80000dd8	29a992d3	fmax.s	f5,f19,f26	 f19:0x7fc00000 f26:0x00000000  f5=0x00000000
      31915.000 ns	      3190	80000ddc	29641153	fmax.s	f2,f8,f22	  f8:0x7fc00000 f22:0xcecec0aa  f2=0xcecec0aa
      31935.000 ns	      3192	80000de0	1349e993	ori	x19,x19,308	 x19:0x00000000 x19=0x00000134
      31955.000 ns	      3194	80000de4	020ed533	divu	x10,x29,x0	 x29:0x8cffb000  x0:0x00000000 x10=0xffffffff
      31985.000 ns	      3197	80000de8	033d3bb3	mulhu	x23,x26,x19	 x26:0xffffffff x19:0x00000000 x23=0x00000133
      32015.000 ns	      3200	80000dec	a1a3a353	feq.s	x6,f7,f26	  f7:0x7fc00000 f26:0x00000000  x6=0x00000000
      32045.000 ns	      3203	80000df0	a1249dd3	flt.s	x27,f9,f18	  f9:0x4f7fffe0 f18:0xcfb3b01a x27=0x00000000
      32065.000 ns	      3205	80000df4	41940cb3	sub	x25,x8,x25	  x8:0xffffffff x25:0xfffff838 x25=0x000007c7
      32085.000 ns	      3207	80000df8	03ecac33	mulhsu	x24,x25,x30	 x25:0xfffff838 x30:0x80041024 x24=0x000003e3
      32455.000 ns	      3244	80000dfc	0214f633	remu	x12,x9,x1	  x9:0xffffffff  x1:0xfffffed0 x12=0x0000012f
      32505.000 ns	      3249	80000e00	095ffdd3	fsub.s	f27,f31,f21	 f31:0x4f7fffdf f21:0x4f7fffe0 f27=0xc3800000
      32535.000 ns	      3252	80000e04	a1f28453	fle.s	x8,f5,f31	  f5:0x00000000 f31:0x4f7fffdf  x8=0x00000001
      32565.000 ns	      3255	80000e08	28d01553	fmax.s	f10,f0,f13	  f0:0x7fc00000 f13:0x7fc00000 f10=0x7fc00000
      32615.000 ns	      3260	80000e0c	08197bd3	fsub.s	f23,f18,f1	 f18:0xcfb3b01a  f1:0x7fc00000 f23=0x7fc00000
      32645.000 ns	      3263	80000e10	025f1733	mulh	x14,x30,x5	 x30:0x80041024  x5:0x40fe3ffe x14=0xdf81e813
      32695.000 ns	      3268	80000e14	00a41353	fadd.s	f6,f8,f10	  f8:0x7fc00000 f10:0x7fc00000  f6=0x7fc00000
      32735.000 ns	      3272	80000e18	103b7b53	fmul.s	f22,f22,f3	 f22:0xcecec0aa  f3:0x7fc00000 f22=0x7fc00000
      32755.000 ns	      3274	80000e1c	1407a497	auipc	x9,0x1407a	  x9=0x9407ae1c
      32765.000 ns	      3275	80000e20	2862c413	xori	x8,x5,646	  x5:0x40fe3ffe  x8=0x40fe3d78
      32775.000 ns	      3276	80000e24	01307eb3	and	x29,x0,x19	  x0:0x00000000 x19:0x00000134 x29=0x00000000
      32785.000 ns	      3277	80000e28	00566133	or	x2,x12,x5	 x12:0x0000012f  x5:0x40fe3ffe  x2=0x40fe3fff
      32795.000 ns	      3278	80000e2c	00000013	addi	x0,x0,0	  x0:0x00000000
      32815.000 ns	      3280	80000e30	215a0fd3	fsgnj.s	f31,f20,f21	 f20:0x3f800000 f21:0x4f7fffe0 f31=0x3f800000
      32845.000 ns	      3283	80000e34	a1102ed3	feq.s	x29,f0,f17	  f0:0x7fc00000 f17:0xffc00000 x29=0x00000000
      32865.000 ns	      3285	80000e38	f726a313	slti	x6,x13,-142	 x13:0x152adfd3  x6=0x00000000
      32885.000 ns	      3287	80000e3c	a1f207d3	fle.s	x15,f4,f31	  f4:0x7fc00000 f31:0x3f800000 x15=0x00000000
      32915.000 ns	      3290	80000e40	20fca4d3	fsgnjx.s	f9,f25,f15	 f25:0xcfb3b01a f15:0x80000000  f9=0x4fb3b01a
      32965.000 ns	      3295	80000e44	09923353	fsub.s	f6,f4,f25	  f4:0x7fc00000 f25:0xcfb3b01a  f6=0x7fc00000
      32985.000 ns	      3297	80000e48	01fbd6b3	srl	x13,x23,x31	 x23:0x00000133 x31:0x000003e1 x13=0x00000099
      33005.000 ns	      3299	80000e4c	292e9353	fmax.s	f6,f29,f18	 f29:0x40fe3ffe f18:0xcfb3b01a  f6=0x40fe3ffe
      33035.000 ns	      3302	80000e50	03b141b3	div	x3,x2,x27	  x2:0x40fe3fff x27:0x00000000  x3=0xffffffff
      33065.000 ns	      3305	80000e54	03852033	mulhsu	x0,x10,x24	 x10:0xffffffff x24:0x000003e3
      33085.000 ns	      3307	80000e58	00000013	addi	x0,x0,0	  x0:0x00000000
      33105.000 ns	      3309	80000e5c	e00a0c53	fmv.x.w	x24,f20	 f20:0x3f800000 x24=0x3f800000
      33135.000 ns	      3312	80000e60	21f52e53	fsgnjx.s	f28,f10,f31	 f10:0x7fc00000 f31:0x3f800000 f28=0x7fc00000
      33165.000 ns	      3315	80000e64	d0024fd3	fcvt.s.w	f31,x4	  x4:0xffffffff f31=0xbf800000
      33195.000 ns	      3318	80000e68	a0712253	feq.s	x4,f2,f7	  f2:0xcecec0aa  f7:0x7fc00000  x4=0x00000000
      33225.000 ns	      3321	80000e6c	a1f02fd3	feq.s	x31,f0,f31	  f0:0x7fc00000 f31:0xbf800000 x31=0x00000000
      33245.000 ns	      3323	80000e70	01175233	srl	x4,x14,x17	 x14:0xdf81e813 x17:0x40fe4000  x4=0xdf81e813
      33265.000 ns	      3325	80000e74	20f58ed3	fsgnj.s	f29,f11,f15	 f11:0x989fa1f5 f15:0x80000000 f29=0x989fa1f5
      33285.000 ns	      3327	80000e78	01462433	slt	x8,x12,x20	 x12:0x0000012f x20:0x00000108  x8=0x00000000
      33295.000 ns	      3328	80000e7c	004d9313	slli	x6,x27,0x4	 x27:0x00000000  x6=0x00000000
      33305.000 ns	      3329	80000e80	14fa5797	auipc	x15,0x14fa5	 x15=0x94fa5e80
      33325.000 ns	      3331	80000e84	e00097d3	fclass.s	x15,f1	  f1:0x7fc00000 x15=0x00000200
      33345.000 ns	      3333	80000e88	00000013	addi	x0,x0,0	  x0:0x00000000
      33705.000 ns	      3369	80000e8c	03a1dc33	divu	x24,x3,x26	  x3:0xffffffff x26:0xffffffff x24=0x00000001
      33735.000 ns	      3372	80000e90	21c0a053	fsgnjx.s	f0,f1,f28	  f1:0x7fc00000 f28:0x7fc00000  f0=0x7fc00000
      33755.000 ns	      3374	80000e94	ed2379b7	lui	x19,0xed237	 x19=0xed237000
      33765.000 ns	      3375	80000e98	406d03b3	sub	x7,x26,x6	 x26:0xffffffff  x6:0x00000000  x7=0xffffffff
      33795.000 ns	      3378	80000e9c	11eb7553	fmul.s	f10,f22,f30	 f22:0x7fc00000 f30:0x7fc00000 f10=0x7fc00000
      33825.000 ns	      3381	80000ea0	202805d3	fsgnj.s	f11,f16,f2	 f16:0x7fc00000  f2:0xcecec0aa f11=0xffc00000
      33855.000 ns	      3384	80000ea4	d00d09d3	fcvt.s.w	f19,x26	 x26:0xffffffff f19=0xbf800000
      33875.000 ns	      3386	80000ea8	00dc8eb3	add	x29,x25,x13	 x25:0x000007c7 x13:0x00000099 x29=0x00000860
      33895.000 ns	      3388	80000eac	a1fb09d3	fle.s	x19,f22,f31	 f22:0x7fc00000 f31:0xbf800000 x19=0x00000000
      33915.000 ns	      3390	80000eb0	01f79d13	slli	x26,x15,0x1f	 x15:0x00000200 x26=0x00000000
      33925.000 ns	      3391	80000eb4	00193d33	sltu	x26,x18,x1	 x18:0x00000001  x1:0xfffffed0 x26=0x00000001
      33935.000 ns	      3392	80000eb8	00000013	addi	x0,x0,0	  x0:0x00000000
      33945.000 ns	      3393	80000ebc	01ff4b33	xor	x22,x30,x31	 x30:0x80041024 x31:0x00000000 x22=0x80041024
      33965.000 ns	      3395	80000ec0	29460553	fmin.s	f10,f12,f20	 f12:0x7fc00000 f20:0x3f800000 f10=0x3f800000
      33995.000 ns	      3398	80000ec4	03d1b9b3	mulhu	x19,x3,x29	  x3:0xffffffff x29:0x00000860 x19=0x0000085f
      34025.000 ns	      3401	80000ec8	f00e8fd3	fmv.w.x	f31,x29	 x29:0x00000860 f31=0x00000860
      34055.000 ns	      3404	80000ecc	c01ef653	fcvt.wu.s	x12,f29	 f29:0x989fa1f5 x12=0x00000000
      34075.000 ns	      3406	80000ed0	0a607393	andi	x7,x0,166	  x0:0x00000000  x7=0x00000000
      34085.000 ns	      3407	80000ed4	407503b3	sub	x7,x10,x7	 x10:0xffffffff  x7:0xffffffff  x7=0xffffffff
      34105.000 ns	      3409	80000ed8	29070ad3	fmin.s	f21,f14,f16	 f14:0x7f800001 f16:0x7fc00000 f21=0x7fc00000
      34475.000 ns	      3446	80000edc	0218f333	remu	x6,x17,x1	 x17:0x40fe4000  x1:0xfffffed0  x6=0x40fe4000
      34505.000 ns	      3449	80000ee0	d00c1553	fcvt.s.w	f10,x24	 x24:0x00000001 f10=0x3f800000
      34875.000 ns	      3486	80000ee4	0270e533	rem	x10,x1,x7	  x1:0xfffffed0  x7:0xffffffff x10=0x00000000
      34905.000 ns	      3489	80000ee8	a17d1c53	flt.s	x24,f26,f23	 f26:0x00000000 f23:0x7fc00000 x24=0x00000000
      34925.000 ns	      3491	80000eec	009fddb3	srl	x27,x31,x9	 x31:0x00000000  x9:0x9407ae1c x27=0x00000000
      34945.000 ns	      3493	80000ef0	03de9533	mulh	x10,x29,x29	 x29:0x00000860 x29:0x00000860 x10=0x00000000
      34965.000 ns	      3495	80000ef4	733ef993	andi	x19,x29,1843	 x29:0x00000860 x19=0x00000020
      34975.000 ns	      3496	80000ef8	00000013	addi	x0,x0,0	  x0:0x00000000
      34995.000 ns	      3498	80000efc	a1b40953	fle.s	x18,f8,f27	  f8:0x7fc00000 f27:0xc3800000 x18=0x00000000
      35015.000 ns	      3500	80000f00	c3e03e13	sltiu	x28,x0,-962	  x0:0x00000000 x28=0x00000001
      35035.000 ns	      3502	80000f04	21e60dd3	fsgnj.s	f27,f12,f30	 f12:0x7fc00000 f30:0x7fc00000 f27=0x7fc00000
      35075.000 ns	      3506	80000f08	58094853	fsqrt.s	f16,f18	 f18:0xcfb3b01a f16=0x7fc00000
      35095.000 ns	      3508	80000f0c	0190a3b3	slt	x7,x1,x25	  x1:0xfffffed0 x25:0x000007c7  x7=0x00000001
      35105.000 ns	      3509	80000f10	01d0dfb3	srl	x31,x1,x29	  x1:0xfffffed0 x29:0x00000860 x31=0xfffffed0
      35125.000 ns	      3511	80000f14	29981253	fmax.s	f4,f16,f25	 f16:0x7fc00000 f25:0xcfb3b01a  f4=0xcfb3b01a
      35165.000 ns	      3515	80000f18	580778d3	fsqrt.s	f17,f14	 f14:0x7f800001 f17=0x7fc00000
      35185.000 ns	      3517	80000f1c	01dc4d33	xor	x26,x24,x29	 x24:0x00000000 x29:0x00000860 x26=0x00000860
      35205.000 ns	      3519	80000f20	20bf9653	fsgnjn.s	f12,f31,f11	 f31:0x00000860 f11:0xffc00000 f12=0x00000860
      35575.000 ns	      3556	80000f24	02fe72b3	remu	x5,x28,x15	 x28:0x00000001 x15:0x00000200  x5=0x00000001
      35595.000 ns	      3558	80000f28	40575db3	sra	x27,x14,x5	 x14:0xdf81e813  x5:0x40fe3ffe x27=0xefc0f409
      35605.000 ns	      3559	80000f2c	00000013	addi	x0,x0,0	  x0:0x00000000
      35615.000 ns	      3560	80000f30	dd64c993	xori	x19,x9,-554	  x9:0x9407ae1c x19=0x6bf853ca
      35635.000 ns	      3562	80000f34	29250653	fmin.s	f12,f10,f18	 f10:0x3f800000 f18:0xcfb3b01a f12=0xcfb3b01a
      35665.000 ns	      3565	80000f38	a0921553	flt.s	x10,f4,f9	  f4:0xcfb3b01a  f9:0x4fb3b01a x10=0x00000001
      35695.000 ns	      3568	80000f3c	21452253	fsgnjx.s	f4,f10,f20	 f10:0x3f800000 f20:0x3f800000  f4=0x3f800000
      35725.000 ns	      3571	80000f40	024a9c33	mulh	x24,x21,x4	 x21:0x54ab7822  x4:0xdf81e813 x24=0xf540dcac
      35745.000 ns	      3573	80000f44	00282133	slt	x2,x16,x2	 x16:0x00000001  x2:0x40fe3fff  x2=0x00000001
      35765.000 ns	      3575	80000f48	d014f153	fcvt.s.wu	f2,x9	  x9:0x9407ae1c  f2=0x4f1407ae
      35785.000 ns	      3577	80000f4c	859e8313	addi	x6,x29,-1959	 x29:0x00000860  x6=0x000000b9
      35795.000 ns	      3578	80000f50	4e9fc993	xori	x19,x31,1257	 x31:0xfffffed0 x19=0xfffffa39
      35805.000 ns	      3579	80000f54	469e8c13	addi	x24,x29,1129	 x29:0x00000860 x24=0x00000cc9
      35835.000 ns	      3582	80000f58	11c20253	fmul.s	f4,f4,f28	  f4:0x3f800000 f28:0x7fc00000  f4=0x7fc00000
      35855.000 ns	      3584	80000f5c	00dea4b3	slt	x9,x29,x13	 x29:0x00000860 x13:0x00000099  x9=0x00000000
      35875.000 ns	      3586	80000f60	020cb2b3	mulhu	x5,x25,x0	 x25:0x000007c7  x0:0x00000000  x5=0x00000000
      35895.000 ns	      3588	80000f64	00ababb3	slt	x23,x23,x10	 x23:0x00000133 x10:0x00000001 x23=0x00000000
      35915.000 ns	      3590	80000f68	c0108b53	fcvt.wu.s	x22,f1	  f1:0x7fc00000 x22=0xffffffff
      35935.000 ns	      3592	80000f6c	0187fcb3	and	x25,x15,x24	 x15:0x00000200 x24:0x00000cc9 x25=0x00000000
      35945.000 ns	      3593	80000f70	5c7a3f93	sltiu	x31,x20,1479	 x20:0x00000108 x31=0x00000001
      35955.000 ns	      3594	80000f74	41be04b3	sub	x9,x28,x27	 x28:0x00000001 x27:0xefc0f409  x9=0x103f0bf8
      35975.000 ns	      3596	80000f78	28ee8553	fmin.s	f10,f29,f14	 f29:0x989fa1f5 f14:0x7f800001 f10=0x989fa1f5
      35995.000 ns	      3598	80000f7c	01020233	add	x4,x4,x16	  x4:0xdf81e813 x16:0x00000001  x4=0xdf81e814
      36015.000 ns	      3600	80000f80	219a95d3	fsgnjn.s	f11,f21,f25	 f21:0x7fc00000 f25:0xcfb3b01a f11=0x7fc00000
      36035.000 ns	      3602	80000f84	4065d817	auipc	x16,0x4065d	 x16=0xc065df84
      36055.000 ns	      3604	80000f88	f0050fd3	fmv.w.x	f31,x10	 x10:0x00000001 f31=0x00000001
      36075.000 ns	      3606	80000f8c	00fe1c93	slli	x25,x28,0xf	 x28:0x00000001 x25=0x00008000
      36085.000 ns	      3607	80000f90	010d1a33	sll	x20,x26,x16	 x26:0x00000860 x16:0xc065df84 x20=0x00008600
      36105.000 ns	      3609	80000f94	20730ad3	fsgnj.s	f21,f6,f7	  f6:0x40fe3ffe  f7:0x7fc00000 f21=0x40fe3ffe
      36125.000 ns	      3611	80000f98	faa4ae93	slti	x29,x9,-86	  x9:0x103f0bf8 x29=0x00000000
      36135.000 ns	      3612	80000f9c	16bcc193	xori	x3,x25,363	 x25:0x00008000  x3=0x0000816b
      36145.000 ns	      3613	80000fa0	00bcb433	sltu	x8,x25,x11	 x25:0x00008000 x11:0x80040fe4  x8=0x00000001
      36155.000 ns	      3614	80000fa4	01110d33	add	x26,x2,x17	  x2:0x00000001 x17:0x40fe4000 x26=0x40fe4001
      36175.000 ns	      3616	80000fa8	0370b133	mulhu	x2,x1,x23	  x1:0xfffffed0 x23:0x00000000  x2=0x00000000
      36205.000 ns	      3619	80000fac	024d1cb3	mulh	x25,x26,x4	 x26:0x00000860  x4:0xdf81e814 x25=0xf7c034c9
      36225.000 ns	      3621	80000fb0	c94ec613	xori	x12,x29,-876	 x29:0x00000000 x12=0xfffffc94
      36245.000 ns	      3623	80000fb4	e0091cd3	fclass.s	x25,f18	 f18:0xcfb3b01a x25=0x00000002
      36265.000 ns	      3625	80000fb8	92962213	slti	x4,x12,-1751	 x12:0x00000000  x4=0x00000000
      36285.000 ns	      3627	80000fbc	e0019fd3	fclass.s	x31,f3	  f3:0x7fc00000 x31=0x00000200
      36305.000 ns	      3629	80000fc0	00379a33	sll	x20,x15,x3	 x15:0x00000200  x3:0x0000816b x20=0x00100000
      36315.000 ns	      3630	80000fc4	00ccca33	xor	x20,x25,x12	 x25:0x00000002 x12:0xfffffc94 x20=0xfffffc96
      36335.000 ns	      3632	80000fc8	02dba0b3	mulhsu	x1,x23,x13	 x23:0x00000000 x13:0x00000099  x1=0x00000000
      36365.000 ns	      3635	80000fcc	29ec8a53	fmin.s	f20,f25,f30	 f25:0xcfb3b01a f30:0x7fc00000 f20=0xcfb3b01a
      36385.000 ns	      3637	80000fd0	73ed3713	sltiu	x14,x26,1854	 x26:0x40fe4001 x14=0x00000000
      36405.000 ns	      3639	80000fd4	0226bfb3	mulhu	x31,x13,x2	 x13:0x00000099  x2:0x00000000 x31=0x00000000
      36425.000 ns	      3641	80000fd8	00b51813	slli	x16,x10,0xb	 x10:0x00000001 x16=0x00000800
      36445.000 ns	      3643	80000fdc	033c1033	mulh	x0,x24,x19	 x24:0x00000cc9 x19:0xfffffa39
      36475.000 ns	      3646	80000fe0	d011fbd3	fcvt.s.wu	f23,x3	  x3:0x0000816b f23=0x47016b00
      36525.000 ns	      3651	80000fe4	08d0a3d3	fsub.s	f7,f1,f13	  f1:0x7fc00000 f13:0x7fc00000  f7=0x7fc00000
      36895.000 ns	      3688	80000fe8	02cef4b3	remu	x9,x29,x12	 x29:0x00000000 x12:0xfffffc94  x9=0x00000000
      36935.000 ns	      3692	80000fec	10cdfe53	fmul.s	f28,f27,f12	 f27:0x7fc00000 f12:0xcfb3b01a f28=0x7fc00000
      36965.000 ns	      3695	80000ff0	d00ba5d3	fcvt.s.w	f11,x23	 x23:0x00000000 f11=0x00000000
      36985.000 ns	      3697	80000ff4	013a4033	xor	x0,x20,x19	 x20:0xfffffc96 x19:0xfffffa39
      36995.000 ns	      3698	80000ff8	003d5313	srli	x6,x26,0x3	 x26:0x40fe4001  x6=0x081fc800
      37015.000 ns	      3700	80000ffc	034e02b3	mul	x5,x28,x20	 x28:0x00000001 x20:0xfffffc96  x5=0xfffffc96
      37045.000 ns	      3703	80001000	21a10253	fsgnj.s	f4,f2,f26	  f2:0x4f1407ae f26:0x00000000  f4=0x4f1407ae
      37065.000 ns	      3705	80001004	d4cd3693	sltiu	x13,x26,-692	 x26:0x40fe4001 x13=0x00000001
      37085.000 ns	      3707	80001008	c006f9d3	fcvt.w.s	x19,f13	 f13:0x7fc00000 x19=0x7fffffff
      37455.000 ns	      3744	8000100c	031264b3	rem	x9,x4,x17	  x4:0x00000000 x17:0x40fe4000  x9=0x00000000
      37485.000 ns	      3747	80001010	d0142ad3	fcvt.s.wu	f21,x8	  x8:0x00000001 f21=0x3f800000
      37515.000 ns	      3750	80001014	d018ff53	fcvt.s.wu	f30,x17	 x17:0x40fe4000 f30=0x4e81fc80
      37545.000 ns	      3753	80001018	a0e92cd3	feq.s	x25,f18,f14	 f18:0xcfb3b01a f14:0x7f800001 x25=0x00000000
      37575.000 ns	      3756	8000101c	29bc04d3	fmin.s	f9,f24,f27	 f24:0x00000000 f27:0x7fc00000  f9=0x00000000
      37605.000 ns	      3759	80001020	29f39a53	fmax.s	f20,f7,f31	  f7:0x7fc00000 f31:0x00000001 f20=0x00000001
      37625.000 ns	      3761	80001024	40d9d033	sra	x0,x19,x13	 x19:0x7fffffff x13:0x00000001
      37655.000 ns	      3764	80001028	10efb5d3	fmul.s	f11,f31,f14	 f31:0x00000001 f14:0x7f800001 f11=0x7fc00000
      37685.000 ns	      3767	8000102c	21a22dd3	fsgnjx.s	f27,f4,f26	  f4:0x4f1407ae f26:0x00000000 f27=0x4f1407ae
      37705.000 ns	      3769	80001030	01d7ceb3	xor	x29,x15,x29	 x15:0x00000200 x29:0x00000000 x29=0x00000200
      37715.000 ns	      3770	80001034	efaaba13	sltiu	x20,x21,-262	 x21:0x54ab7822 x20=0x00000001
      37725.000 ns	      3771	80001038	01541eb3	sll	x29,x8,x21	  x8:0x00000001 x21:0x54ab7822 x29=0x00000004
      37735.000 ns	      3772	8000103c	00be1d13	slli	x26,x28,0xb	 x28:0x00000001 x26=0x00000800
      38905.000 ns	      3889	80001040	58011ad3	fsqrt.s	f21,f2	  f2:0x4f1407ae f21=0x46d157f2
      38925.000 ns	      3891	80001044	c47fe513	ori	x10,x31,-953	 x31:0x00000000 x10=0xfffffc47
      38935.000 ns	      3892	80001048	003cb0b3	sltu	x1,x25,x3	 x25:0x00000000  x3:0x0000816b  x1=0x00000001
      38945.000 ns	      3893	8000104c	40875793	srai	x15,x14,0x8	 x14:0x00000000 x15=0x00000000
      38955.000 ns	      3894	80001050	017a9e93	slli	x29,x21,0x17	 x21:0x54ab7822 x29=0x11000000
      39315.000 ns	      3930	80001054	02b7d333	divu	x6,x15,x11	 x15:0x00000200 x11:0x80040fe4  x6=0x00000000
      39335.000 ns	      3932	80001058	00198533	add	x10,x19,x1	 x19:0x7fffffff  x1:0x00000001 x10=0x80000000
      39345.000 ns	      3933	8000105c	00000013	addi	x0,x0,0	  x0:0x00000000
      39365.000 ns	      3935	80001060	039e5c33	divu	x24,x28,x25	 x28:0x00000001 x25:0x00000000 x24=0xffffffff
      39385.000 ns	      3937	80001064	dcc83893	sltiu	x17,x16,-564	 x16:0x00000800 x17=0x00000001
      39405.000 ns	      3939	80001068	f00a8a53	fmv.w.x	f20,x21	 x21:0x54ab7822 f20=0x54ab7822
      39425.000 ns	      3941	8000106c	00e41a13	slli	x20,x8,0xe	  x8:0x00000001 x20=0x00004000
      39435.000 ns	      3942	80001070	00cc9613	slli	x12,x25,0xc	 x25:0x00000000 x12=0x00000000
      39455.000 ns	      3944	80001074	298a9e53	fmax.s	f28,f21,f24	 f21:0x46d157f2 f24:0x00000000 f28=0x46d157f2
      39475.000 ns	      3946	80001078	01cb46b3	xor	x13,x22,x28	 x22:0xffffffff x28:0x00000001 x13=0xfffffffe
      39485.000 ns	      3947	8000107c	3cfa7513	andi	x10,x20,975	 x20:0x00004000 x10=0x00000000
      39495.000 ns	      3948	80001080	41f75f93	srai	x31,x14,0x1f	 x14:0x00000000 x31=0x00000000
      39505.000 ns	      3949	80001084	83014a13	xori	x20,x2,-2000	  x2:0x00000000 x20=0xfffff830
      39515.000 ns	      3950	80001088	ec293393	sltiu	x7,x18,-318	 x18:0x00000000  x7=0x00000001
      39535.000 ns	      3952	8000108c	213b8cd3	fsgnj.s	f25,f23,f19	 f23:0x47016b00 f19:0xbf800000 f25=0xc7016b00
      39555.000 ns	      3954	80001090	00000013	addi	x0,x0,0	  x0:0x00000000
      39565.000 ns	      3955	80001094	00000013	addi	x0,x0,0	  x0:0x00000000
      39585.000 ns	      3957	80001098	e0009453	fclass.s	x8,f1	  f1:0x7fc00000  x8=0x00000200
      39615.000 ns	      3960	8000109c	a10b1ed3	flt.s	x29,f22,f16	 f22:0x7fc00000 f16:0x7fc00000 x29=0x00000000
      39645.000 ns	      3963	800010a0	21892ad3	fsgnjx.s	f21,f18,f24	 f18:0xcfb3b01a f24:0x00000000 f21=0xcfb3b01a
      39665.000 ns	      3965	800010a4	01f78d33	add	x26,x15,x31	 x15:0x00000000 x31:0x00000000 x26=0x00000000
      39695.000 ns	      3968	800010a8	580d7d53	fsqrt.s	f26,f26	 f26:0x00000000 f26=0x00000000
      39725.000 ns	      3971	800010ac	0249beb3	mulhu	x29,x19,x4	 x19:0x7fffffff  x4:0x00000000 x29=0x00000000
      39755.000 ns	      3974	800010b0	a1241953	flt.s	x18,f8,f18	  f8:0x7fc00000 f18:0xcfb3b01a x18=0x00000000
      39775.000 ns	      3976	800010b4	009bbfb3	sltu	x31,x23,x9	 x23:0x00000000  x9:0x00000000 x31=0x00000000
      39785.000 ns	      3977	800010b8	0049a2b3	slt	x5,x19,x4	 x19:0x7fffffff  x4:0x00000000  x5=0x00000000
      39805.000 ns	      3979	800010bc	e0008553	fmv.x.w	x10,f1	  f1:0x7fc00000 x10=0x7fc00000
      40175.000 ns	      4016	800010c0	02b476b3	remu	x13,x8,x11	  x8:0x00000200 x11:0x80040fe4 x13=0x00000200
      40195.000 ns	      4018	800010c4	01ced913	srli	x18,x29,0x1c	 x29:0x00000000 x18=0x00000000
      40205.000 ns	      4019	800010c8	01635133	srl	x2,x6,x22	  x6:0x00000000 x22:0xffffffff  x2=0x00000000
      40215.000 ns	      4020	800010cc	d9f2ab93	slti	x23,x5,-609	  x5:0x00000000 x23=0x00000000
      40225.000 ns	      4021	800010d0	005b1413	slli	x8,x22,0x5	 x22:0xffffffff  x8=0xffffffe0
      40245.000 ns	      4023	800010d4	02300cb3	mul	x25,x0,x3	  x0:0x00000000  x3:0x0000816b x25=0x00000000
      40275.000 ns	      4026	800010d8	296f8bd3	fmin.s	f23,f31,f22	 f31:0x00000001 f22:0x7fc00000 f23=0x00000001
      40295.000 ns	      4028	800010dc	b1a1a417	auipc	x8,0xb1a1a	  x8=0x31a1b0dc
      40305.000 ns	      4029	800010e0	01d52833	slt	x16,x10,x29	 x10:0x7fc00000 x29:0x00000000 x16=0x00000000
      40325.000 ns	      4031	800010e4	a0f1a1d3	feq.s	x3,f3,f15	  f3:0x7fc00000 f15:0x80000000  x3=0x00000000
      40695.000 ns	      4068	800010e8	035a4633	div	x12,x20,x21	 x20:0xfffff830 x21:0x54ab7822 x12=0x00000000
      40745.000 ns	      4073	800010ec	010bf4d3	fadd.s	f9,f23,f16	 f23:0x00000001 f16:0x7fc00000  f9=0x7fc00000
      40775.000 ns	      4076	800010f0	02e8f3b3	remu	x7,x17,x14	 x17:0x00000001 x14:0x00000000  x7=0x00000001
      40805.000 ns	      4079	800010f4	029c00b3	mul	x1,x24,x9	 x24:0xffffffff  x9:0x00000000  x1=0x00000000
      40825.000 ns	      4081	800010f8	e67e3413	sltiu	x8,x28,-409	 x28:0x00000001  x8=0x00000001
      40835.000 ns	      4082	800010fc	758e7513	andi	x10,x28,1880	 x28:0x00000001 x10=0x00000000
      40845.000 ns	      4083	80001100	aac74d13	xori	x26,x14,-1364	 x14:0x00000000 x26=0xfffffaac
      40865.000 ns	      4085	80001104	f00f8bd3	fmv.w.x	f23,x31	 x31:0x00000000 f23=0x00000000
      40915.000 ns	      4090	80001108	081b7053	fsub.s	f0,f22,f1	 f22:0x7fc00000  f1:0x7fc00000  f0=0x7fc00000
      41285.000 ns	      4127	8000110c	031bf733	remu	x14,x23,x17	 x23:0x00000000 x17:0x00000001 x14=0x00000000
      41315.000 ns	      4130	80001110	2091a053	fsgnjx.s	f0,f3,f9	  f3:0x7fc00000  f9:0x7fc00000  f0=0x7fc00000
      41335.000 ns	      4132	80001114	9a9fcc93	xori	x25,x31,-1623	 x31:0x00000000 x25=0xfffff9a9
      41345.000 ns	      4133	80001118	00769733	sll	x14,x13,x7	 x13:0x00000200  x7:0x00000001 x14=0x00000400
      41355.000 ns	      4134	8000111c	010f7433	and	x8,x30,x16	 x30:0x80041024 x16:0x00000000  x8=0x00000000
      41375.000 ns	      4136	80001120	a1a18053	fle.s	x0,f3,f26	  f3:0x7fc00000 f26:0x00000000
      41405.000 ns	      4139	80001124	29f28253	fmin.s	f4,f5,f31	  f5:0x00000000 f31:0x00000001  f4=0x00000000
      41435.000 ns	      4142	80001128	f0050753	fmv.w.x	f14,x10	 x10:0x00000000 f14=0x00000000
      41455.000 ns	      4144	8000112c	6efe3693	sltiu	x13,x28,1775	 x28:0x00000001 x13=0x00000001
      41475.000 ns	      4146	80001130	29d213d3	fmax.s	f7,f4,f29	  f4:0x00000000 f29:0x989fa1f5  f7=0x00000000
      41845.000 ns	      4183	80001134	0351d0b3	divu	x1,x3,x21	  x3:0x00000000 x21:0x54ab7822  x1=0x00000000
      41875.000 ns	      4186	80001138	28280153	fmin.s	f2,f16,f2	 f16:0x7fc00000  f2:0x4f1407ae  f2=0x4f1407ae
      41895.000 ns	      4188	8000113c	00874933	xor	x18,x14,x8	 x14:0x00000400  x8:0x00000000 x18=0x00000400
      41915.000 ns	      4190	80001140	a01622d3	feq.s	x5,f12,f1	 f12:0xcfb3b01a  f1:0x7fc00000  x5=0x00000000
      41935.000 ns	      4192	80001144	0083ca33	xor	x20,x7,x8	  x7:0x00000001  x8:0x00000000 x20=0x00000001
      42295.000 ns	      4228	80001148	0340e033	rem	x0,x1,x20	  x1:0x00000000 x20:0xfffff830
      42315.000 ns	      4230	8000114c	01279db3	sll	x27,x15,x18	 x15:0x00000000 x18:0x00000400 x27=0x00000000
      42345.000 ns	      4233	80001150	19c5ce53	fdiv.s	f28,f11,f28	 f11:0x7fc00000 f28:0x46d157f2 f28=0x7fc00000
      42375.000 ns	      4236	80001154	e00d99d3	fclass.s	x19,f27	 f27:0x4f1407ae x19=0x00000040
      42405.000 ns	      4239	80001158	d01f7f53	fcvt.s.wu	f30,x30	 x30:0x80041024 f30=0x4f000410
      42435.000 ns	      4242	8000115c	29e71653	fmax.s	f12,f14,f30	 f14:0x00000000 f30:0x4e81fc80 f12=0x4f000410
      42465.000 ns	      4245	80001160	f0060753	fmv.w.x	f14,x12	 x12:0x00000000 f14=0x00000000
      42485.000 ns	      4247	80001164	0120adb3	slt	x27,x1,x18	  x1:0x00000000 x18:0x00000400 x27=0x00000001
      42505.000 ns	      4249	80001168	f0010453	fmv.w.x	f8,x2	  x2:0x00000000  f8=0x00000000
      42535.000 ns	      4252	8000116c	0249f1b3	remu	x3,x19,x4	 x19:0x00000040  x4:0x00000000  x3=0x00000040
      42555.000 ns	      4254	80001170	00165013	srli	x0,x12,0x1	 x12:0x00000000
      42585.000 ns	      4257	80001174	11b13f53	fmul.s	f30,f2,f27	  f2:0x4f1407ae f27:0x4f1407ae f30=0x5eab31c3
      42605.000 ns	      4259	80001178	e7332913	slti	x18,x6,-397	  x6:0x00000000 x18=0x00000000
      42625.000 ns	      4261	8000117c	c00f3a53	fcvt.w.s	x20,f30	 f30:0x5eab31c3 x20=0x7fffffff
      42655.000 ns	      4264	80001180	298e0a53	fmin.s	f20,f28,f24	 f28:0x7fc00000 f24:0x00000000 f20=0x00000000
      42705.000 ns	      4269	80001184	011726d3	fadd.s	f13,f14,f17	 f14:0x00000000 f17:0x7fc00000 f13=0x7fc00000
      42735.000 ns	      4272	80001188	e00590d3	fclass.s	x1,f11	 f11:0x7fc00000  x1=0x00000200
      42765.000 ns	      4275	8000118c	025e7633	remu	x12,x28,x5	 x28:0x00000001  x5:0x00000000 x12=0x00000001
      42815.000 ns	      4280	80001190	01027c53	fadd.s	f24,f4,f16	  f4:0x00000000 f16:0x7fc00000 f24=0x7fc00000
      42855.000 ns	      4284	80001194	5804cf53	fsqrt.s	f30,f9	  f9:0x7fc00000 f30=0x7fc00000
      42875.000 ns	      4286	80001198	0001db13	srli	x22,x3,0x0	  x3:0x00000040 x22=0x00000040
      42915.000 ns	      4290	8000119c	089bf253	fsub.s	f4,f23,f9	 f23:0x00000000  f9:0x7fc00000  f4=0x7fc00000
      42935.000 ns	      4292	800011a0	72664413	xori	x8,x12,1830	 x12:0x00000001  x8=0x00000727
      42945.000 ns	      4293	800011a4	6db31417	auipc	x8,0x6db31	  x8=0xedb321a4
      42965.000 ns	      4295	800011a8	200c9953	fsgnjn.s	f18,f25,f0	 f25:0xc7016b00  f0:0x7fc00000 f18=0xc7016b00
      42985.000 ns	      4297	800011ac	94ec3813	sltiu	x16,x24,-1714	 x24:0xffffffff x16=0x00000000
      43005.000 ns	      4299	800011b0	205495d3	fsgnjn.s	f11,f9,f5	  f9:0x7fc00000  f5:0x00000000 f11=0xffc00000
      43035.000 ns	      4302	800011b4	f0030153	fmv.w.x	f2,x6	  x6:0x00000000  f2=0x00000000
      43055.000 ns	      4304	800011b8	00000013	addi	x0,x0,0	  x0:0x00000000
      43075.000 ns	      4306	800011bc	c01378d3	fcvt.wu.s	x17,f6	  f6:0x40fe3ffe x17=0x00000007
      43105.000 ns	      4309	800011c0	c00bf653	fcvt.w.s	x12,f23	 f23:0x00000000 x12=0x00000000
      43135.000 ns	      4312	800011c4	a1f494d3	flt.s	x9,f9,f31	  f9:0x7fc00000 f31:0x00000001  x9=0x00000000
      43155.000 ns	      4314	800011c8	00facd33	xor	x26,x21,x15	 x21:0x54ab7822 x15:0x00000000 x26=0x54ab7822
      43165.000 ns	      4315	800011cc	8d15b613	sltiu	x12,x11,-1839	 x11:0x80040fe4 x12=0x00000001
      43185.000 ns	      4317	800011d0	e00f80d3	fmv.x.w	x1,f31	 f31:0x00000001  x1=0x00000001
      43205.000 ns	      4319	800011d4	000c5793	srli	x15,x24,0x0	 x24:0xffffffff x15=0xffffffff
      43215.000 ns	      4320	800011d8	012977b3	and	x15,x18,x18	 x18:0x00000000 x18:0x00000000 x15=0x00000000
      43225.000 ns	      4321	800011dc	4a8bc497	auipc	x9,0x4a8bc	  x9=0xca8bd1dc
      43245.000 ns	      4323	800011e0	f00b82d3	fmv.w.x	f5,x23	 x23:0x00000000  f5=0x00000000
      43265.000 ns	      4325	800011e4	41398b33	sub	x22,x19,x19	 x19:0x00000040 x19:0x00000040 x22=0x00000000
      43275.000 ns	      4326	800011e8	0033d233	srl	x4,x7,x3	  x7:0x00000001  x3:0x00000040  x4=0x00000001
      43315.000 ns	      4330	800011ec	0923ae53	fsub.s	f28,f7,f18	  f7:0x00000000 f18:0xc7016b00 f28=0x47016b00
      43345.000 ns	      4333	800011f0	02bd2033	mulhsu	x0,x26,x11	 x26:0x54ab7822 x11:0x80040fe4
      43385.000 ns	      4337	800011f4	11b3a753	fmul.s	f14,f7,f27	  f7:0x00000000 f27:0x4f1407ae f14=0x00000000
      43435.000 ns	      4342	800011f8	08b3f953	fsub.s	f18,f7,f11	  f7:0x00000000 f11:0xffc00000 f18=0x7fc00000
      43485.000 ns	      4347	800011fc	0814fd53	fsub.s	f26,f9,f1	  f9:0x7fc00000  f1:0x7fc00000 f26=0x7fc00000
      43505.000 ns	      4349	80001200	40275433	sra	x8,x14,x2	 x14:0x00000400  x2:0x00000000  x8=0x00000400
      43515.000 ns	      4350	80001204	415cd7b3	sra	x15,x25,x21	 x25:0xfffff9a9 x21:0x54ab7822 x15=0xfffffe6a
      43535.000 ns	      4352	80001208	0326dbb3	divu	x23,x13,x18	 x13:0x00000001 x18:0x00000000 x23=0xffffffff
      43565.000 ns	      4355	8000120c	c00f4d53	fcvt.w.s	x26,f30	 f30:0x7fc00000 x26=0x7fffffff
      43585.000 ns	      4357	80001210	017a10b3	sll	x1,x20,x23	 x20:0x7fffffff x23:0xffffffff  x1=0x80000000
      43605.000 ns	      4359	80001214	d01e8953	fcvt.s.wu	f18,x29	 x29:0x00000000 f18=0x00000000
      43625.000 ns	      4361	80001218	01cbb233	sltu	x4,x23,x28	 x23:0xffffffff x28:0x00000001  x4=0x00000000
      43635.000 ns	      4362	8000121c	6dfe4e13	xori	x28,x28,1759	 x28:0x00000001 x28=0x000006de
      43655.000 ns	      4364	80001220	d007abd3	fcvt.s.w	f23,x15	 x15:0xfffffe6a f23=0xc3cb0000
      43685.000 ns	      4367	80001224	03649833	mulh	x16,x9,x22	  x9:0xca8bd1dc x22:0x00000000 x16=0x00000000
      43705.000 ns	      4369	80001228	eadbab93	slti	x23,x23,-339	 x23:0xffffffff x23=0x00000000
      44035.000 ns	      4402	8000122c	18ce7ad3	fdiv.s	f21,f28,f12	 f28:0x47016b00 f12:0x4f000410 f21=0x37016b00
      44085.000 ns	      4407	80001230	08c2c453	fsub.s	f8,f5,f12	  f5:0x00000000 f12:0x4f000410  f8=0xcf000410
      44105.000 ns	      4409	80001234	00b93d33	sltu	x26,x18,x11	 x18:0x00000000 x11:0x80040fe4 x26=0x00000001
      44115.000 ns	      4410	80001238	3dfae793	ori	x15,x21,991	 x21:0x54ab7822 x15=0x54ab7bff
      44135.000 ns	      4412	8000123c	038ebe33	mulhu	x28,x29,x24	 x29:0x00000000 x24:0xffffffff x28=0x00000000
      44165.000 ns	      4415	80001240	21318653	fsgnj.s	f12,f3,f19	  f3:0x7fc00000 f19:0xbf800000 f12=0xffc00000
      44195.000 ns	      4418	80001244	a1262ed3	feq.s	x29,f12,f18	 f12:0x4f000410 f18:0x00000000 x29=0x00000000
      44215.000 ns	      4420	80001248	41f2d1b3	sra	x3,x5,x31	  x5:0x00000000 x31:0x00000000  x3=0x00000000
      44235.000 ns	      4422	8000124c	a12c8753	fle.s	x14,f25,f18	 f25:0xc7016b00 f18:0x00000000 x14=0x00000001
      44265.000 ns	      4425	80001250	a1fbae53	feq.s	x28,f23,f31	 f23:0xc3cb0000 f31:0x00000001 x28=0x00000000
      44285.000 ns	      4427	80001254	00869393	slli	x7,x13,0x8	 x13:0x00000001  x7=0x00000100
      44295.000 ns	      4428	80001258	01e66c33	or	x24,x12,x30	 x12:0x00000001 x30:0x80041024 x24=0x80041025
      44305.000 ns	      4429	8000125c	01acb7b3	sltu	x15,x25,x26	 x25:0xfffff9a9 x26:0x00000001 x15=0x00000000
      44325.000 ns	      4431	80001260	c00932d3	fcvt.w.s	x5,f18	 f18:0x00000000  x5=0x00000000
      44345.000 ns	      4433	80001264	26974093	xori	x1,x14,617	 x14:0x00000001  x1=0x00000268
      44365.000 ns	      4435	80001268	e00806d3	fmv.x.w	x13,f16	 f16:0x7fc00000 x13=0x7fc00000
      44395.000 ns	      4438	8000126c	c017afd3	fcvt.wu.s	x31,f15	 f15:0x80000000 x31=0x00000000
      44425.000 ns	      4441	80001270	c00f4b53	fcvt.w.s	x22,f30	 f30:0x7fc00000 x22=0x7fffffff
      44455.000 ns	      4444	80001274	03cc9233	mulh	x4,x25,x28	 x25:0xfffff9a9 x28:0x00000000  x4=0x00000000
      44825.000 ns	      4481	80001278	0214d4b3	divu	x9,x9,x1	  x9:0xca8bd1dc  x1:0x00000268  x9=0x00542cce
      44855.000 ns	      4484	8000127c	e00113d3	fclass.s	x7,f2	  f2:0x00000000  x7=0x00000010
      44885.000 ns	      4487	80001280	28010ed3	fmin.s	f29,f2,f0	  f2:0x00000000  f0:0x7fc00000 f29=0x00000000
      44905.000 ns	      4489	80001284	d2a10893	addi	x17,x2,-726	  x2:0x00000000 x17=0xfffffd2a
      44935.000 ns	      4492	80001288	1818a253	fdiv.s	f4,f17,f1	 f17:0x7fc00000  f1:0x7fc00000  f4=0x7fc00000
      44955.000 ns	      4494	8000128c	4610c293	xori	x5,x1,1121	  x1:0x00000268  x5=0x00000609
      44975.000 ns	      4496	80001290	03cc87b3	mul	x15,x25,x28	 x25:0xfffff9a9 x28:0x00000000 x15=0x00000000
      44995.000 ns	      4498	80001294	00000013	addi	x0,x0,0	  x0:0x00000000
      45005.000 ns	      4499	80001298	00000013	addi	x0,x0,0	  x0:0x00000000
      45015.000 ns	      4500	8000129c	014b01b3	add	x3,x22,x20	 x22:0x7fffffff x20:0x7fffffff  x3=0xfffffffe
      45375.000 ns	      4536	800012a0	021cc333	div	x6,x25,x1	 x25:0xfffff9a9  x1:0x00000268  x6=0xfffffffe
      45395.000 ns	      4538	800012a4	41000333	sub	x6,x0,x16	  x0:0x00000000 x16:0x00000000  x6=0x00000000
      45435.000 ns	      4542	800012a8	08177fd3	fsub.s	f31,f14,f1	 f14:0x00000000  f1:0x7fc00000 f31=0x7fc00000
      45475.000 ns	      4546	800012ac	580bf6d3	fsqrt.s	f13,f23	 f23:0xc3cb0000 f13=0x7fc00000
      45845.000 ns	      4583	800012b0	0342e4b3	rem	x9,x5,x20	  x5:0x00000609 x20:0x7fffffff  x9=0x00000609
      45865.000 ns	      4585	800012b4	0178b633	sltu	x12,x17,x23	 x17:0xfffffd2a x23:0x00000000 x12=0x00000000
      45895.000 ns	      4588	800012b8	10c925d3	fmul.s	f11,f18,f12	 f18:0x00000000 f12:0xffc00000 f11=0x7fc00000
      46265.000 ns	      4625	800012bc	02ea4333	div	x6,x20,x14	 x20:0x7fffffff x14:0x00000001  x6=0x7fffffff
      46295.000 ns	      4628	800012c0	29969dd3	fmax.s	f27,f13,f25	 f13:0x7fc00000 f25:0xc7016b00 f27=0xc7016b00
      46325.000 ns	      4631	800012c4	21e985d3	fsgnj.s	f11,f19,f30	 f19:0xbf800000 f30:0x7fc00000 f11=0x3f800000
      46345.000 ns	      4633	800012c8	01fbd313	srli	x6,x23,0x1f	 x23:0x00000000  x6=0x00000000
      46355.000 ns	      4634	800012cc	00a6b633	sltu	x12,x13,x10	 x13:0x7fc00000 x10:0x00000000 x12=0x00000000
      46375.000 ns	      4636	800012d0	038cac33	mulhsu	x24,x25,x24	 x25:0xfffff9a9 x24:0x80041025 x24=0xfffffcd4
      46395.000 ns	      4638	800012d4	49cea293	slti	x5,x29,1180	 x29:0x00000000  x5=0x00000001
      46405.000 ns	      4639	800012d8	00aef3b3	and	x7,x29,x10	 x29:0x00000000 x10:0x00000000  x7=0x00000000
      46425.000 ns	      4641	800012dc	c00dc253	fcvt.w.s	x4,f27	 f27:0xc7016b00  x4=0xffff7e95
      46455.000 ns	      4644	800012e0	f00c0453	fmv.w.x	f8,x24	 x24:0xfffffcd4  f8=0xfffffcd4
      46495.000 ns	      4648	800012e4	118d70d3	fmul.s	f1,f26,f24	 f26:0x7fc00000 f24:0x7fc00000  f1=0x7fc00000
      46525.000 ns	      4651	800012e8	d00d7bd3	fcvt.s.w	f23,x26	 x26:0x00000001 f23=0x3f800000
      46545.000 ns	      4653	800012ec	00220c33	add	x24,x4,x2	  x4:0xffff7e95  x2:0x00000000 x24=0xffff7e95
      46565.000 ns	      4655	800012f0	f0048ad3	fmv.w.x	f21,x9	  x9:0x00000609 f21=0x00000609
      46595.000 ns	      4658	800012f4	c01bfcd3	fcvt.wu.s	x25,f23	 f23:0x3f800000 x25=0x00000001
      46615.000 ns	      4660	800012f8	e4df7cb7	lui	x25,0xe4df7	 x25=0xe4df7000
      46635.000 ns	      4662	800012fc	02ce2633	mulhsu	x12,x28,x12	 x28:0x00000000 x12:0x00000000 x12=0x00000000
      46655.000 ns	      4664	80001300	98a14737	lui	x14,0x98a14	 x14=0x98a14000
      46675.000 ns	      4666	80001304	d01476d3	fcvt.s.wu	f13,x8	  x8:0x00000400 f13=0x44800000
      46715.000 ns	      4670	80001308	1817a153	fdiv.s	f2,f15,f1	 f15:0x80000000  f1:0x7fc00000  f2=0x7fc00000
      46735.000 ns	      4672	8000130c	8e3f9117	auipc	x2,0x8e3f9	  x2=0x0e3fa30c
      46755.000 ns	      4674	80001310	e00206d3	fmv.x.w	x13,f4	  f4:0x7fc00000 x13=0x7fc00000
      46785.000 ns	      4677	80001314	e00a8653	fmv.x.w	x12,f21	 f21:0x00000609 x12=0x00000609
      46815.000 ns	      4680	80001318	d01c79d3	fcvt.s.wu	f19,x24	 x24:0xffff7e95 f19=0x4f7fff7e
      46845.000 ns	      4683	8000131c	f00a8353	fmv.w.x	f6,x21	 x21:0x54ab7822  f6=0x54ab7822
      46875.000 ns	      4686	80001320	a1ea96d3	flt.s	x13,f21,f30	 f21:0x00000609 f30:0x7fc00000 x13=0x00000000
      46905.000 ns	      4689	80001324	023b0133	mul	x2,x22,x3	 x22:0x7fffffff  x3:0xfffffffe  x2=0x00000002
      46925.000 ns	      4691	80001328	0031b433	sltu	x8,x3,x3	  x3:0xfffffffe  x3:0xfffffffe  x8=0x00000000
      46955.000 ns	      4694	8000132c	580f78d3	fsqrt.s	f17,f30	 f30:0x7fc00000 f17=0x7fc00000
      46975.000 ns	      4696	80001330	bcf98493	addi	x9,x19,-1073	 x19:0x00000040  x9=0xfffffc0f
      46995.000 ns	      4698	80001334	21429ad3	fsgnjn.s	f21,f5,f20	  f5:0x00000000 f20:0x00000000 f21=0x80000000
      47015.000 ns	      4700	80001338	01876b33	or	x22,x14,x24	 x14:0x98a14000 x24:0xffff7e95 x22=0xffff7e95
      47025.000 ns	      4701	8000133c	33aa8693	addi	x13,x21,826	 x21:0x54ab7822 x13=0x54ab7b5c
      47045.000 ns	      4703	80001340	218fa853	fsgnjx.s	f16,f31,f24	 f31:0x7fc00000 f24:0x7fc00000 f16=0x7fc00000
      47065.000 ns	      4705	80001344	26d7c013	xori	x0,x15,621	 x15:0x00000000
      47075.000 ns	      4706	80001348	f4716b93	ori	x23,x2,-185	  x2:0x00000002 x23=0xffffff47
      47085.000 ns	      4707	8000134c	013898b3	sll	x17,x17,x19	 x17:0xfffffd2a x19:0x00000040 x17=0xfffffd2a
      47095.000 ns	      4708	80001350	809c5537	lui	x10,0x809c5	 x10=0x809c5000
      47115.000 ns	      4710	80001354	03f967b3	rem	x15,x18,x31	 x18:0x00000000 x31:0x00000000 x15=0x00000000
      47485.000 ns	      4747	80001358	02345d33	divu	x26,x8,x3	  x8:0x00000000  x3:0xfffffffe x26=0x00000000
      47505.000 ns	      4749	8000135c	9f27e413	ori	x8,x15,-1550	 x15:0x00000000  x8=0xfffff9f2
      47525.000 ns	      4751	80001360	c01270d3	fcvt.wu.s	x1,f4	  f4:0x7fc00000  x1=0xffffffff
      47545.000 ns	      4753	80001364	01ccd513	srli	x10,x25,0x1c	 x25:0xe4df7000 x10=0x0000000e
      47555.000 ns	      4754	80001368	011d61b3	or	x3,x26,x17	 x26:0x00000000 x17:0xfffffd2a  x3=0xfffffd2a
      47575.000 ns	      4756	8000136c	20840a53	fsgnj.s	f20,f8,f8	  f8:0xfffffcd4  f8:0xfffffcd4 f20=0xfffffcd4
      47595.000 ns	      4758	80001370	40c1df93	srai	x31,x3,0xc	  x3:0xfffffffe x31=0xffffffff
      47605.000 ns	      4759	80001374	41ce8d33	sub	x26,x29,x28	 x29:0x00000000 x28:0x00000000 x26=0x00000000
      47615.000 ns	      4760	80001378	01c31133	sll	x2,x6,x28	  x6:0x00000000 x28:0x00000000  x2=0x00000000
      47635.000 ns	      4762	8000137c	c00024d3	fcvt.w.s	x9,f0	  f0:0x7fc00000  x9=0x7fffffff
      48005.000 ns	      4799	80001380	035d6133	rem	x2,x26,x21	 x26:0x00000000 x21:0x54ab7822  x2=0x00000000
      48045.000 ns	      4803	80001384	11958253	fmul.s	f4,f11,f25	 f11:0x3f800000 f25:0xc7016b00  f4=0xc7016b00
      48065.000 ns	      4805	80001388	d199fe93	andi	x29,x19,-743	 x19:0x00000040 x29=0x00000000
      48075.000 ns	      4806	8000138c	013bc133	xor	x2,x23,x19	 x23:0xffffff47 x19:0x00000040  x2=0xffffff07
      48095.000 ns	      4808	80001390	e00499d3	fclass.s	x19,f9	  f9:0x7fc00000 x19=0x00000200
      48125.000 ns	      4811	80001394	e0028553	fmv.x.w	x10,f5	  f5:0x00000000 x10=0x00000000
      48145.000 ns	      4813	80001398	415f5d33	sra	x26,x30,x21	 x30:0x80041024 x21:0x54ab7822 x26=0xe0010409
      48165.000 ns	      4815	8000139c	02aefa33	remu	x20,x29,x10	 x29:0x00000000 x10:0x00000000 x20=0x00000000
      48195.000 ns	      4818	800013a0	21701bd3	fsgnjn.s	f23,f0,f23	  f0:0x7fc00000 f23:0x3f800000 f23=0xffc00000
      48215.000 ns	      4820	800013a4	f1564c13	xori	x24,x12,-235	 x12:0x00000609 x24=0xfffff91c
      48235.000 ns	      4822	800013a8	209b91d3	fsgnjn.s	f3,f23,f9	 f23:0xffc00000  f9:0x7fc00000  f3=0xffc00000
      48265.000 ns	      4825	800013ac	c014f6d3	fcvt.wu.s	x13,f9	  f9:0x7fc00000 x13=0xffffffff
      48295.000 ns	      4828	800013b0	2150a653	fsgnjx.s	f12,f1,f21	  f1:0x7fc00000 f21:0x80000000 f12=0xffc00000
      48325.000 ns	      4831	800013b4	e00f0453	fmv.x.w	x8,f30	 f30:0x7fc00000  x8=0x7fc00000
      48345.000 ns	      4833	800013b8	018952b3	srl	x5,x18,x24	 x18:0x00000000 x24:0xfffff91c  x5=0x00000000
      48365.000 ns	      4835	800013bc	20b41b53	fsgnjn.s	f22,f8,f11	  f8:0xfffffcd4 f11:0x3f800000 f22=0xfffffcd4
      48395.000 ns	      4838	800013c0	e00a8cd3	fmv.x.w	x25,f21	 f21:0x80000000 x25=0x80000000
      48425.000 ns	      4841	800013c4	028d3bb3	mulhu	x23,x26,x8	 x26:0xe0010409  x8:0x7fc00000 x23=0x6fc881c3
      48445.000 ns	      4843	800013c8	00fb9033	sll	x0,x23,x15	 x23:0xffffff47 x15:0x00000000
      48475.000 ns	      4846	800013cc	11499353	fmul.s	f6,f19,f20	 f19:0x4f7fff7e f20:0xfffffcd4  f6=0x7fc00000
      48525.000 ns	      4851	800013d0	0178c5d3	fadd.s	f11,f17,f23	 f17:0x7fc00000 f23:0xffc00000 f11=0x7fc00000
      48575.000 ns	      4856	800013d4	08a945d3	fsub.s	f11,f18,f10	 f18:0x00000000 f10:0x989fa1f5 f11=0x189fa1f5
      48605.000 ns	      4859	800013d8	212f80d3	fsgnj.s	f1,f31,f18	 f31:0x7fc00000 f18:0x00000000  f1=0x7fc00000
      48635.000 ns	      4862	800013dc	02f521b3	mulhsu	x3,x10,x15	 x10:0x00000000 x15:0x00000000  x3=0x00000000
      48665.000 ns	      4865	800013e0	038e04b3	mul	x9,x28,x24	 x28:0x00000000 x24:0xfffff91c  x9=0x00000000
      48695.000 ns	      4868	800013e4	03cdd8b3	divu	x17,x27,x28	 x27:0x00000001 x28:0x00000000 x17=0xffffffff
      48715.000 ns	      4870	800013e8	861832b7	lui	x5,0x86183	  x5=0x86183000
      48725.000 ns	      4871	800013ec	000c18b3	sll	x17,x24,x0	 x24:0xfffff91c  x0:0x00000000 x17=0xfffff91c
      48745.000 ns	      4873	800013f0	a03807d3	fle.s	x15,f16,f3	 f16:0x7fc00000  f3:0xffc00000 x15=0x00000000
      48765.000 ns	      4875	800013f4	01d93a33	sltu	x20,x18,x29	 x18:0x00000000 x29:0x00000000 x20=0x00000000
      49125.000 ns	      4911	800013f8	03a5cdb3	div	x27,x11,x26	 x11:0x80040fe4 x26:0xe0010409 x27=0x00000004
      49145.000 ns	      4913	800013fc	00b49293	slli	x5,x9,0xb	  x9:0x00000000  x5=0x00000000
      49165.000 ns	      4915	80001400	f00780d3	fmv.w.x	f1,x15	 x15:0x00000000  f1=0x00000000
      49195.000 ns	      4918	80001404	281b01d3	fmin.s	f3,f22,f1	 f22:0xfffffcd4  f1:0x7fc00000  f3=0x00000000
      49215.000 ns	      4920	80001408	00005993	srli	x19,x0,0x0	  x0:0x00000000 x19=0x00000000
      49225.000 ns	      4921	8000140c	a1177d13	andi	x26,x14,-1519	 x14:0x98a14000 x26=0x98a14000
      49235.000 ns	      4922	80001410	d12ae093	ori	x1,x21,-750	 x21:0x54ab7822  x1=0xfffffd32
      49245.000 ns	      4923	80001414	003b4933	xor	x18,x22,x3	 x22:0xffff7e95  x3:0x00000000 x18=0xffff7e95
      49265.000 ns	      4925	80001418	e00f01d3	fmv.x.w	x3,f30	 f30:0x7fc00000  x3=0x7fc00000
      49315.000 ns	      4930	8000141c	09794453	fsub.s	f8,f18,f23	 f18:0x00000000 f23:0xffc00000  f8=0x7fc00000
      49335.000 ns	      4932	80001420	ee52f393	andi	x7,x5,-283	  x5:0x00000000  x7=0x00000000
      49345.000 ns	      4933	80001424	01a03e33	sltu	x28,x0,x26	  x0:0x00000000 x26:0x98a14000 x28=0x00000001
      49365.000 ns	      4935	80001428	03368eb3	mul	x29,x13,x19	 x13:0xffffffff x19:0x00000000 x29=0x00000000
      49385.000 ns	      4937	8000142c	400bd813	srai	x16,x23,0x0	 x23:0x6fc881c3 x16=0x6fc881c3
      49405.000 ns	      4939	80001430	03511033	mulh	x0,x2,x21	  x2:0xffffff07 x21:0x54ab7822
      49425.000 ns	      4941	80001434	009bcdb3	xor	x27,x23,x9	 x23:0x6fc881c3  x9:0x00000000 x27=0x6fc881c3
      49435.000 ns	      4942	80001438	400bdf93	srai	x31,x23,0x0	 x23:0x6fc881c3 x31=0x6fc881c3
      49445.000 ns	      4943	8000143c	00b274b3	and	x9,x4,x11	  x4:0xffff7e95 x11:0x80040fe4  x9=0x80040e84
      49465.000 ns	      4945	80001440	21e508d3	fsgnj.s	f17,f10,f30	 f10:0x989fa1f5 f30:0x7fc00000 f17=0x189fa1f5
      49495.000 ns	      4948	80001444	a16507d3	fle.s	x15,f10,f22	 f10:0x989fa1f5 f22:0xfffffcd4 x15=0x00000000
      49515.000 ns	      4950	80001448	f32acc13	xori	x24,x21,-206	 x21:0x54ab7822 x24=0xab548710
      49525.000 ns	      4951	8000144c	005bc3b3	xor	x7,x23,x5	 x23:0x6fc881c3  x5:0x00000000  x7=0x6fc881c3
      49545.000 ns	      4953	80001450	29328053	fmin.s	f0,f5,f19	  f5:0x00000000 f19:0x4f7fff7e  f0=0x00000000
      49575.000 ns	      4956	80001454	02f2b433	mulhu	x8,x5,x15	  x5:0x00000000 x15:0x00000000  x8=0x00000000
      49625.000 ns	      4961	80001458	0917f053	fsub.s	f0,f15,f17	 f15:0x80000000 f17:0x189fa1f5  f0=0x989fa1f5
      49665.000 ns	      4965	8000145c	187af0d3	fdiv.s	f1,f21,f7	 f21:0x80000000  f7:0x00000000  f1=0x7fc00000
      50035.000 ns	      5002	80001460	02ced333	divu	x6,x29,x12	 x29:0x00000000 x12:0x00000609  x6=0x00000000
      50055.000 ns	      5004	80001464	40dd8bb3	sub	x23,x27,x13	 x27:0x6fc881c3 x13:0xffffffff x23=0x6fc881c4
      50075.000 ns	      5006	80001468	e0069553	fclass.s	x10,f13	 f13:0x44800000 x10=0x00000040
      50115.000 ns	      5010	8000146c	10f70353	fmul.s	f6,f14,f15	 f14:0x00000000 f15:0x80000000  f6=0x80000000
      50145.000 ns	      5013	80001470	038a9133	mulh	x2,x21,x24	 x21:0x54ab7822 x24:0xab548710  x2=0xe3ff060b
      50165.000 ns	      5015	80001474	c3c367b7	lui	x15,0xc3c36	 x15=0xc3c36000
      50175.000 ns	      5016	80001478	41c057b3	sra	x15,x0,x28	  x0:0x00000000 x28:0x00000001 x15=0x00000000
      50185.000 ns	      5017	8000147c	0b39fc13	andi	x24,x19,179	 x19:0x00000000 x24=0x00000000
      50205.000 ns	      5019	80001480	29a81453	fmax.s	f8,f16,f26	 f16:0x7fc00000 f26:0x7fc00000  f8=0x7fc00000
      50235.000 ns	      5022	80001484	215507d3	fsgnj.s	f15,f10,f21	 f10:0x989fa1f5 f21:0x80000000 f15=0x989fa1f5
      50255.000 ns	      5024	80001488	32044f93	xori	x31,x8,800	  x8:0x00000000 x31=0x00000320
      50275.000 ns	      5026	8000148c	038632b3	mulhu	x5,x12,x24	 x12:0x00000609 x24:0x00000000  x5=0x00000000
      50315.000 ns	      5030	80001490	19827f53	fdiv.s	f30,f4,f24	  f4:0xc7016b00 f24:0x7fc00000 f30=0x7fc00000
      50365.000 ns	      5035	80001494	00cd3d53	fadd.s	f26,f26,f12	 f26:0x7fc00000 f12:0xffc00000 f26=0x7fc00000
      50385.000 ns	      5037	80001498	476ca893	slti	x17,x25,1142	 x25:0x80000000 x17=0x00000001
      50425.000 ns	      5041	8000149c	089b9753	fsub.s	f14,f23,f9	 f23:0xffc00000  f9:0x7fc00000 f14=0x7fc00000
      50475.000 ns	      5046	800014a0	00377ed3	fadd.s	f29,f14,f3	 f14:0x00000000  f3:0x00000000 f29=0x7fc00000
      50505.000 ns	      5049	800014a4	21318fd3	fsgnj.s	f31,f3,f19	  f3:0x00000000 f19:0x4f7fff7e f31=0x00000000
      50525.000 ns	      5051	800014a8	00b5aeb3	slt	x29,x11,x11	 x11:0x80040fe4 x11:0x80040fe4 x29=0x00000000
      50885.000 ns	      5087	800014ac	02b4e833	rem	x16,x9,x11	  x9:0x80040e84 x11:0x80040fe4 x16=0xfffffea0
      50905.000 ns	      5089	800014b0	678a4893	xori	x17,x20,1656	 x20:0x00000000 x17=0x00000678
      50915.000 ns	      5090	800014b4	f89b3c97	auipc	x25,0xf89b3	 x25=0x789b44b4
      50935.000 ns	      5092	800014b8	026b4c33	div	x24,x22,x6	 x22:0xffff7e95  x6:0x00000000 x24=0xffffffff
      50955.000 ns	      5094	800014bc	a4879037	lui	x0,0xa4879	
      51315.000 ns	      5130	800014c0	0216f133	remu	x2,x13,x1	 x13:0xffffffff  x1:0xfffffd32  x2=0x000002cd
      51335.000 ns	      5132	800014c4	01cedc93	srli	x25,x29,0x1c	 x29:0x00000000 x25=0x00000000
      51355.000 ns	      5134	800014c8	c01c0253	fcvt.wu.s	x4,f24	 f24:0x7fc00000  x4=0xffffffff
      51375.000 ns	      5136	800014cc	2f467293	andi	x5,x12,756	 x12:0x00000609  x5=0x00000200
      51385.000 ns	      5137	800014d0	013b4433	xor	x8,x22,x19	 x22:0xffff7e95 x19:0x00000000  x8=0xffff7e95
      51395.000 ns	      5138	800014d4	49862f93	slti	x31,x12,1176	 x12:0x00000609 x31=0x00000000
      51425.000 ns	      5141	800014d8	10e3fad3	fmul.s	f21,f7,f14	  f7:0x00000000 f14:0x7fc00000 f21=0x7fc00000
      51445.000 ns	      5143	800014dc	017c48b3	xor	x17,x24,x23	 x24:0xffffffff x23:0x6fc881c4 x17=0x90377e3b
      51475.000 ns	      5146	800014e0	10671b53	fmul.s	f22,f14,f6	 f14:0x7fc00000  f6:0x80000000 f22=0x7fc00000
      51505.000 ns	      5149	800014e4	d00fc053	fcvt.s.w	f0,x31	 x31:0x00000000  f0=0x00000000
      51525.000 ns	      5151	800014e8	1046a393	slti	x7,x13,260	 x13:0xffffffff  x7=0x00000001
      51555.000 ns	      5154	800014ec	110ebd53	fmul.s	f26,f29,f16	 f29:0x7fc00000 f16:0x7fc00000 f26=0x7fc00000
      51575.000 ns	      5156	800014f0	01b63533	sltu	x10,x12,x27	 x12:0x00000609 x27:0x6fc881c3 x10=0x00000001
      51585.000 ns	      5157	800014f4	dd4a7513	andi	x10,x20,-556	 x20:0x00000000 x10=0x00000000
      51605.000 ns	      5159	800014f8	c01d0cd3	fcvt.wu.s	x25,f26	 f26:0x7fc00000 x25=0xffffffff
      51635.000 ns	      5162	800014fc	c00777d3	fcvt.w.s	x15,f14	 f14:0x7fc00000 x15=0x7fffffff
      51665.000 ns	      5165	80001500	29e08653	fmin.s	f12,f1,f30	  f1:0x7fc00000 f30:0x7fc00000 f12=0x7fc00000
      51685.000 ns	      5167	80001504	da4c5db7	lui	x27,0xda4c5	 x27=0xda4c5000
      51695.000 ns	      5168	80001508	00f6ccb3	xor	x25,x13,x15	 x13:0xffffffff x15:0x7fffffff x25=0x80000000
      51705.000 ns	      5169	8000150c	00261533	sll	x10,x12,x2	 x12:0x00000609  x2:0x000002cd x10=0x00c12000
      51735.000 ns	      5172	80001510	11ca08d3	fmul.s	f17,f20,f28	 f20:0xfffffcd4 f28:0x47016b00 f17=0x7fc00000
      51765.000 ns	      5175	80001514	e00c9753	fclass.s	x14,f25	 f25:0xc7016b00 x14=0x00000002
      51785.000 ns	      5177	80001518	012b5bb3	srl	x23,x22,x18	 x22:0xffff7e95 x18:0xffff7e95 x23=0x000007ff
      51795.000 ns	      5178	8000151c	aea5a293	slti	x5,x11,-1302	 x11:0x80040fe4  x5=0x00000001
      51815.000 ns	      5180	80001520	a1972653	feq.s	x12,f14,f25	 f14:0x7fc00000 f25:0xc7016b00 x12=0x00000000
      52185.000 ns	      5217	80001524	03b173b3	remu	x7,x2,x27	  x2:0x000002cd x27:0xda4c5000  x7=0x000002cd
      52205.000 ns	      5219	80001528	0144ec33	or	x24,x9,x20	  x9:0x80040e84 x20:0x00000000 x24=0x80040e84
      52235.000 ns	      5222	8000152c	19254653	fdiv.s	f12,f10,f18	 f10:0x989fa1f5 f18:0x00000000 f12=0xff800000
      52265.000 ns	      5225	80001530	283300d3	fmin.s	f1,f6,f3	  f6:0x80000000  f3:0x00000000  f1=0x80000000
      52285.000 ns	      5227	80001534	00e3bbb3	sltu	x23,x7,x14	  x7:0x000002cd x14:0x00000002 x23=0x00000000
      52295.000 ns	      5228	80001538	00000013	addi	x0,x0,0	  x0:0x00000000
      52315.000 ns	      5230	8000153c	a0dc9253	flt.s	x4,f25,f13	 f25:0xc7016b00 f13:0x44800000  x4=0x00000001
      52685.000 ns	      5267	80001540	030ae933	rem	x18,x21,x16	 x21:0x54ab7822 x16:0xfffffea0 x18=0x00000062
      52705.000 ns	      5269	80001544	0049dd13	srli	x26,x19,0x4	 x19:0x00000000 x26=0x00000000
      52715.000 ns	      5270	80001548	2be60413	addi	x8,x12,702	 x12:0x00000000  x8=0x000002be
      52735.000 ns	      5272	8000154c	02c2db33	divu	x22,x5,x12	  x5:0x00000001 x12:0x00000000 x22=0xffffffff
      52785.000 ns	      5277	80001550	01107bd3	fadd.s	f23,f0,f17	  f0:0x00000000 f17:0x7fc00000 f23=0x7fc00000
      52815.000 ns	      5280	80001554	0279ae33	mulhsu	x28,x19,x7	 x19:0x00000000  x7:0x000002cd x28=0x00000000
      52845.000 ns	      5283	80001558	a06181d3	fle.s	x3,f3,f6	  f3:0x00000000  f6:0x80000000  x3=0x00000001
      52875.000 ns	      5286	8000155c	d009fb53	fcvt.s.w	f22,x19	 x19:0x00000000 f22=0x00000000
      52905.000 ns	      5289	80001560	f00f88d3	fmv.w.x	f17,x31	 x31:0x00000000 f17=0x00000000
      52925.000 ns	      5291	80001564	a9588d37	lui	x26,0xa9588	 x26=0xa9588000
      52955.000 ns	      5294	80001568	58093753	fsqrt.s	f14,f18	 f18:0x00000000 f14=0x00000000
      52975.000 ns	      5296	8000156c	00151b33	sll	x22,x10,x1	 x10:0x00c12000  x1:0xfffffd32 x22=0x80000000
      53015.000 ns	      5300	80001570	000475d3	fadd.s	f11,f8,f0	  f8:0x7fc00000  f0:0x00000000 f11=0x7fc00000
      53385.000 ns	      5337	80001574	0225cbb3	div	x23,x11,x2	 x11:0x80040fe4  x2:0x000002cd x23=0xffd24ddc
      54565.000 ns	      5455	80001578	580685d3	fsqrt.s	f11,f13	 f13:0x44800000 f11=0x41ffffae
      54585.000 ns	      5457	8000157c	60f2a637	lui	x12,0x60f2a	 x12=0x60f2a000
      54605.000 ns	      5459	80001580	c0047953	fcvt.w.s	x18,f8	  f8:0x7fc00000 x18=0x7fffffff
      54625.000 ns	      5461	80001584	4755be93	sltiu	x29,x11,1141	 x11:0x80040fe4 x29=0x00000000
      54645.000 ns	      5463	80001588	c01af253	fcvt.wu.s	x4,f21	 f21:0x7fc00000  x4=0xffffffff
      54695.000 ns	      5468	8000158c	019af9d3	fadd.s	f19,f21,f25	 f21:0x7fc00000 f25:0xc7016b00 f19=0x7fc00000
      54725.000 ns	      5471	80001590	a1210c53	fle.s	x24,f2,f18	  f2:0x7fc00000 f18:0x00000000 x24=0x00000000
      55095.000 ns	      5508	80001594	03ae4c33	div	x24,x28,x26	 x28:0x00000000 x26:0xa9588000 x24=0x00000000
      55115.000 ns	      5510	80001598	847c3193	sltiu	x3,x24,-1977	 x24:0x00000000  x3=0x00000001
      55125.000 ns	      5511	8000159c	25417293	andi	x5,x2,596	  x2:0x000002cd  x5=0x00000244
      55145.000 ns	      5513	800015a0	f0018ed3	fmv.w.x	f29,x3	  x3:0x00000001 f29=0x00000001
      55515.000 ns	      5550	800015a4	0276dbb3	divu	x23,x13,x7	 x13:0xffffffff  x7:0x000002cd x23=0x005b672f
      55885.000 ns	      5587	800015a8	021d5db3	divu	x27,x26,x1	 x26:0xa9588000  x1:0xfffffd32 x27=0x00000000
      55905.000 ns	      5589	800015ac	0130d513	srli	x10,x1,0x13	  x1:0xfffffd32 x10=0x00001fff
      55915.000 ns	      5590	800015b0	00000013	addi	x0,x0,0	  x0:0x00000000
      55925.000 ns	      5591	800015b4	41dbdbb3	sra	x23,x23,x29	 x23:0x005b672f x29:0x00000000 x23=0x005b672f
      56285.000 ns	      5627	800015b8	02956733	rem	x14,x10,x9	 x10:0x00001fff  x9:0x80040e84 x14=0x00001fff
      56315.000 ns	      5630	800015bc	e0079c53	fclass.s	x24,f15	 f15:0x989fa1f5 x24=0x00000002
      56685.000 ns	      5667	800015c0	03294633	div	x12,x18,x18	 x18:0x7fffffff x18:0x7fffffff x12=0x00000001
      56705.000 ns	      5669	800015c4	4c2b6e93	ori	x29,x22,1218	 x22:0x80000000 x29=0x800004c2
      56715.000 ns	      5670	800015c8	76783097	auipc	x1,0x76783	  x1=0xf67845c8
      56725.000 ns	      5671	800015cc	8a1a24b7	lui	x9,0x8a1a2	  x9=0x8a1a2000
      56735.000 ns	      5672	800015d0	8392b293	sltiu	x5,x5,-1991	  x5:0x00000244  x5=0x00000001
      56755.000 ns	      5674	800015d4	a1c31d53	flt.s	x26,f6,f28	  f6:0x80000000 f28:0x47016b00 x26=0x00000001
      57125.000 ns	      5711	800015d8	021fc533	div	x10,x31,x1	 x31:0x00000000  x1:0xf67845c8 x10=0x00000000
      57155.000 ns	      5714	800015dc	d01b7253	fcvt.s.wu	f4,x22	 x22:0x80000000  f4=0x4f000000
      57175.000 ns	      5716	800015e0	01e646b3	xor	x13,x12,x30	 x12:0x00000001 x30:0x80041024 x13=0x80041025
      57185.000 ns	      5717	800015e4	37ab0c13	addi	x24,x22,890	 x22:0x80000000 x24=0x8000037a
      57195.000 ns	      5718	800015e8	ca577397	auipc	x7,0xca577	  x7=0x4a5785e8
      57225.000 ns	      5721	800015ec	5801f9d3	fsqrt.s	f19,f3	  f3:0x00000000 f19=0x00000000
      57245.000 ns	      5723	800015f0	0011be33	sltu	x28,x3,x1	  x3:0x00000001  x1:0xf67845c8 x28=0x00000001
      57255.000 ns	      5724	800015f4	00af5a13	srli	x20,x30,0xa	 x30:0x80041024 x20=0x00200104
      57265.000 ns	      5725	800015f8	0d741937	lui	x18,0xd741	 x18=0x0d741000
      58365.000 ns	      5835	800015fc	580224d3	fsqrt.s	f9,f4	  f4:0x4f000000  f9=0x46b50482
      58385.000 ns	      5837	80001600	01296733	or	x14,x18,x18	 x18:0x7fffffff x18:0x7fffffff x14=0x0d741000
      58395.000 ns	      5838	80001604	0097ab33	slt	x22,x15,x9	 x15:0x7fffffff  x9:0x8a1a2000 x22=0x00000000
      58405.000 ns	      5839	80001608	01e6cdb3	xor	x27,x13,x30	 x13:0x80041025 x30:0x80041024 x27=0x00000001
      58425.000 ns	      5841	8000160c	f0098953	fmv.w.x	f18,x19	 x19:0x00000000 f18=0x00000000
      58455.000 ns	      5844	80001610	a08626d3	feq.s	x13,f12,f8	 f12:0xff800000  f8:0x7fc00000 x13=0x00000000
      58485.000 ns	      5847	80001614	c015bb53	fcvt.wu.s	x22,f11	 f11:0x41ffffae x22=0x00000020
      58515.000 ns	      5850	80001618	03f70733	mul	x14,x14,x31	 x14:0x0d741000 x31:0x00000000 x14=0x00000000
      58555.000 ns	      5854	8000161c	11c779d3	fmul.s	f19,f14,f28	 f14:0x00000000 f28:0x47016b00 f19=0x00000000
      58575.000 ns	      5856	80001620	012bd613	srli	x12,x23,0x12	 x23:0x005b672f x12=0x00000016
      58935.000 ns	      5892	80001624	0356c133	div	x2,x13,x21	 x13:0x00000000 x21:0x54ab7822  x2=0x00000000
      58955.000 ns	      5894	80001628	b24ffa13	andi	x20,x31,-1244	 x31:0x00000000 x20=0x00000000
      58975.000 ns	      5896	8000162c	02edc433	div	x8,x27,x14	 x27:0x00000001 x14:0x00000000  x8=0xffffffff
      58995.000 ns	      5898	80001630	0129a433	slt	x8,x19,x18	 x19:0x00000000 x18:0x0d741000  x8=0x00000001
      59015.000 ns	      5900	80001634	a03823d3	feq.s	x7,f16,f3	 f16:0x7fc00000  f3:0x00000000  x7=0x00000000
      59035.000 ns	      5902	80001638	00000013	addi	x0,x0,0	  x0:0x00000000
      59055.000 ns	      5904	8000163c	f00b0753	fmv.w.x	f14,x22	 x22:0x00000020 f14=0x00000020
      59105.000 ns	      5909	80001640	09a83b53	fsub.s	f22,f16,f26	 f16:0x7fc00000 f26:0x7fc00000 f22=0x7fc00000
      59125.000 ns	      5911	80001644	40d65c33	sra	x24,x12,x13	 x12:0x00000016 x13:0x00000000 x24=0x00000016
      59145.000 ns	      5913	80001648	f00a87d3	fmv.w.x	f15,x21	 x21:0x54ab7822 f15=0x54ab7822
      59175.000 ns	      5916	8000164c	02ed9533	mulh	x10,x27,x14	 x27:0x00000001 x14:0x00000000 x10=0x00000000
      59205.000 ns	      5919	80001650	a0f69cd3	flt.s	x25,f13,f15	 f13:0x44800000 f15:0x54ab7822 x25=0x00000001
      59235.000 ns	      5922	80001654	208b2953	fsgnjx.s	f18,f22,f8	 f22:0x7fc00000  f8:0x7fc00000 f18=0x7fc00000
      59285.000 ns	      5927	80001658	01967e53	fadd.s	f28,f12,f25	 f12:0xff800000 f25:0xc7016b00 f28=0xff800000
      59305.000 ns	      5929	8000165c	c7580d13	addi	x26,x16,-907	 x16:0xfffffea0 x26=0xfffffb15
      59315.000 ns	      5930	80001660	401ddd13	srai	x26,x27,0x1	 x27:0x00000001 x26=0x00000000
      59675.000 ns	      5966	80001664	02c3c0b3	div	x1,x7,x12	  x7:0x00000000 x12:0x00000016  x1=0x00000000
      59695.000 ns	      5968	80001668	db232b13	slti	x22,x6,-590	  x6:0x00000000 x22=0x00000000
      59705.000 ns	      5969	8000166c	9f586c13	ori	x24,x16,-1547	 x16:0xfffffea0 x24=0xfffffff5
      59715.000 ns	      5970	80001670	db437213	andi	x4,x6,-588	  x6:0x00000000  x4=0x00000000
      59735.000 ns	      5972	80001674	e00a1fd3	fclass.s	x31,f20	 f20:0xfffffcd4 x31=0x00000200
      59765.000 ns	      5975	80001678	a0d4aa53	feq.s	x20,f9,f13	  f9:0x46b50482 f13:0x44800000 x20=0x00000000
      59805.000 ns	      5979	8000167c	19db8e53	fdiv.s	f28,f23,f29	 f23:0x7fc00000 f29:0x00000001 f28=0x7fc00000
      59825.000 ns	      5981	80001680	01011733	sll	x14,x2,x16	  x2:0x00000000 x16:0xfffffea0 x14=0x00000000
      59845.000 ns	      5983	80001684	03dba7b3	mulhsu	x15,x23,x29	 x23:0x005b672f x29:0x800004c2 x15=0x002db399
      59865.000 ns	      5985	80001688	00000013	addi	x0,x0,0	  x0:0x00000000
      59875.000 ns	      5986	8000168c	011ebd33	sltu	x26,x29,x17	 x29:0x800004c2 x17:0x90377e3b x26=0x00000001
      59895.000 ns	      5988	80001690	d01e27d3	fcvt.s.wu	f15,x28	 x28:0x00000001 f15=0x3f800000
      59915.000 ns	      5990	80001694	03c2ad37	lui	x26,0x3c2a	 x26=0x03c2a000
      59945.000 ns	      5993	80001698	580aa853	fsqrt.s	f16,f21	 f21:0x7fc00000 f16=0x7fc00000
      59965.000 ns	      5995	8000169c	41995733	sra	x14,x18,x25	 x18:0x0d741000 x25:0x00000001 x14=0x06ba0800
      59975.000 ns	      5996	800016a0	2e47b193	sltiu	x3,x15,740	 x15:0x002db399  x3=0x00000000
      59995.000 ns	      5998	800016a4	0215c4b3	div	x9,x11,x1	 x11:0x80040fe4  x1:0x00000000  x9=0xffffffff
      60025.000 ns	      6001	800016a8	e00e9953	fclass.s	x18,f29	 f29:0x00000001 x18=0x00000020
      60055.000 ns	      6004	800016ac	d003fdd3	fcvt.s.w	f27,x7	  x7:0x00000000 f27=0x00000000
      60075.000 ns	      6006	800016b0	69d10993	addi	x19,x2,1693	  x2:0x00000000 x19=0x0000069d
      60105.000 ns	      6009	800016b4	580c70d3	fsqrt.s	f1,f24	 f24:0x7fc00000  f1=0x7fc00000
      60135.000 ns	      6012	800016b8	28ad1e53	fmax.s	f28,f26,f10	 f26:0x7fc00000 f10:0x989fa1f5 f28=0x989fa1f5
      60165.000 ns	      6015	800016bc	e0009553	fclass.s	x10,f1	  f1:0x7fc00000 x10=0x00000200
      60185.000 ns	      6017	800016c0	7e1f2b13	slti	x22,x30,2017	 x30:0x80041024 x22=0x00000001
      60195.000 ns	      6018	800016c4	e8e8ed93	ori	x27,x17,-370	 x17:0x90377e3b x27=0xfffffebf
      60215.000 ns	      6020	800016c8	c01d77d3	fcvt.wu.s	x15,f26	 f26:0x7fc00000 x15=0xffffffff
      60585.000 ns	      6057	800016cc	0258f7b3	remu	x15,x17,x5	 x17:0x90377e3b  x5:0x00000001 x15=0x00000000
      60605.000 ns	      6059	800016d0	40508633	sub	x12,x1,x5	  x1:0x00000000  x5:0x00000001 x12=0xffffffff
      60625.000 ns	      6061	800016d4	215c0bd3	fsgnj.s	f23,f24,f21	 f24:0x7fc00000 f21:0x7fc00000 f23=0x7fc00000
      60655.000 ns	      6064	800016d8	03e431b3	mulhu	x3,x8,x30	  x8:0x00000001 x30:0x80041024  x3=0x00000000
      60705.000 ns	      6069	800016dc	0933fd53	fsub.s	f26,f7,f19	  f7:0x00000000 f19:0x00000000 f26=0x80000000
      60735.000 ns	      6072	800016e0	21061653	fsgnjn.s	f12,f12,f16	 f12:0xff800000 f16:0x7fc00000 f12=0xff800000
      60755.000 ns	      6074	800016e4	c7fbe513	ori	x10,x23,-897	 x23:0x005b672f x10=0xffffff7f
      60775.000 ns	      6076	800016e8	c0161e53	fcvt.wu.s	x28,f12	 f12:0xff800000 x28=0x00000000
      60795.000 ns	      6078	800016ec	41fa82b3	sub	x5,x21,x31	 x21:0x54ab7822 x31:0x00000200  x5=0x54ab7622
      60805.000 ns	      6079	800016f0	009172b3	and	x5,x2,x9	  x2:0x00000000  x9:0xffffffff  x5=0x00000000
      61165.000 ns	      6115	800016f4	038bfe33	remu	x28,x23,x24	 x23:0x005b672f x24:0xfffffff5 x28=0x005b672f
      61185.000 ns	      6117	800016f8	00091d93	slli	x27,x18,0x0	 x18:0x00000020 x27=0x00000020
      61195.000 ns	      6118	800016fc	018b7cb3	and	x25,x22,x24	 x22:0x00000001 x24:0xfffffff5 x25=0x00000001
      61215.000 ns	      6120	80001700	29e711d3	fmax.s	f3,f14,f30	 f14:0x00000020 f30:0x7fc00000  f3=0x00000020
      61245.000 ns	      6123	80001704	28788a53	fmin.s	f20,f17,f7	 f17:0x00000000  f7:0x00000000 f20=0x00000000
      61265.000 ns	      6125	80001708	00913133	sltu	x2,x2,x9	  x2:0x00000000  x9:0xffffffff  x2=0x00000001
      61275.000 ns	      6126	8000170c	53c8ec13	ori	x24,x17,1340	 x17:0x90377e3b x24=0x90377f3f
      61635.000 ns	      6162	80001710	022cda33	divu	x20,x25,x2	 x25:0x00000001  x2:0x00000000 x20=0x00000001
      61655.000 ns	      6164	80001714	004616b3	sll	x13,x12,x4	 x12:0xffffffff  x4:0x00000000 x13=0xffffffff
      61665.000 ns	      6165	80001718	00954c33	xor	x24,x10,x9	 x10:0xffffff7f  x9:0xffffffff x24=0x00000080
      61675.000 ns	      6166	8000171c	0b5f4893	xori	x17,x30,181	 x30:0x80041024 x17=0x80041091
      61695.000 ns	      6168	80001720	d0124153	fcvt.s.wu	f2,x4	  x4:0x00000000  f2=0x00000000
      61715.000 ns	      6170	80001724	fc7980b7	lui	x1,0xfc798	  x1=0xfc798000
      61725.000 ns	      6171	80001728	0dd4c693	xori	x13,x9,221	  x9:0xffffffff x13=0xffffff22
      61745.000 ns	      6173	8000172c	2165a6d3	fsgnjx.s	f13,f11,f22	 f11:0x41ffffae f22:0x7fc00000 f13=0x41ffffae
      61775.000 ns	      6176	80001730	21640a53	fsgnj.s	f20,f8,f22	  f8:0x7fc00000 f22:0x7fc00000 f20=0x7fc00000
      61795.000 ns	      6178	80001734	cc8acd93	xori	x27,x21,-824	 x21:0x54ab7822 x27=0xab5484ea
      61815.000 ns	      6180	80001738	f0050b53	fmv.w.x	f22,x10	 x10:0xffffff7f f22=0xffffff7f
      61845.000 ns	      6183	8000173c	218fa753	fsgnjx.s	f14,f31,f24	 f31:0x00000000 f24:0x7fc00000 f14=0x00000000
      61865.000 ns	      6185	80001740	00959313	slli	x6,x11,0x9	 x11:0x80040fe4  x6=0x081fc800
      61875.000 ns	      6186	80001744	4099f213	andi	x4,x19,1033	 x19:0x0000069d  x4=0x00000409
      61905.000 ns	      6189	80001748	1041f453	fmul.s	f8,f3,f4	  f3:0x00000020  f4:0x4f000000  f8=0x07000000
      62275.000 ns	      6226	8000174c	026ac933	div	x18,x21,x6	 x21:0x54ab7822  x6:0x081fc800 x18=0x0000000a
      62645.000 ns	      6263	80001750	03acd3b3	divu	x7,x25,x26	 x25:0x00000001 x26:0x03c2a000  x7=0x00000000
      62675.000 ns	      6266	80001754	a08a0c53	fle.s	x24,f20,f8	 f20:0x7fc00000  f8:0x07000000 x24=0x00000000
      62695.000 ns	      6268	80001758	db18a113	slti	x2,x17,-591	 x17:0x80041091  x2=0x00000001
      62715.000 ns	      6270	8000175c	c0097053	fcvt.w.s	x0,f18	 f18:0x7fc00000
      63085.000 ns	      6307	80001760	02af4c33	div	x24,x30,x10	 x30:0x80041024 x10:0xffffff7f x24=0x00fdfbe7
      63115.000 ns	      6310	80001764	29bb0753	fmin.s	f14,f22,f27	 f22:0xffffff7f f27:0x00000000 f14=0x00000000
      63135.000 ns	      6312	80001768	41e75533	sra	x10,x14,x30	 x14:0x06ba0800 x30:0x80041024 x10=0x006ba080
      63155.000 ns	      6314	8000176c	213a02d3	fsgnj.s	f5,f20,f19	 f20:0x7fc00000 f19:0x00000000  f5=0x7fc00000
      63175.000 ns	      6316	80001770	43d5c413	xori	x8,x11,1085	 x11:0x80040fe4  x8=0x80040bd9
      63185.000 ns	      6317	80001774	b0fd90b7	lui	x1,0xb0fd9	  x1=0xb0fd9000
      63205.000 ns	      6319	80001778	203a24d3	fsgnjx.s	f9,f20,f3	 f20:0x7fc00000  f3:0x00000020  f9=0x7fc00000
      63225.000 ns	      6321	8000177c	41688bb3	sub	x23,x17,x22	 x17:0x80041091 x22:0x00000001 x23=0x80041090
      63245.000 ns	      6323	80001780	a1faaa53	feq.s	x20,f21,f31	 f21:0x7fc00000 f31:0x00000000 x20=0x00000000
      63275.000 ns	      6326	80001784	28888453	fmin.s	f8,f17,f8	 f17:0x00000000  f8:0x07000000  f8=0x00000000
      63295.000 ns	      6328	80001788	01e68db3	add	x27,x13,x30	 x13:0xffffff22 x30:0x80041024 x27=0x80040f46
      63305.000 ns	      6329	8000178c	41628bb3	sub	x23,x5,x22	  x5:0x00000000 x22:0x00000001 x23=0xffffffff
      63325.000 ns	      6331	80001790	e00519d3	fclass.s	x19,f10	 f10:0x989fa1f5 x19=0x00000002
      63345.000 ns	      6333	80001794	0134f3b3	and	x7,x9,x19	  x9:0xffffffff x19:0x0000069d  x7=0x00000002
      63385.000 ns	      6337	80001798	08ed0fd3	fsub.s	f31,f26,f14	 f26:0x80000000 f14:0x00000000 f31=0x80000000
      63415.000 ns	      6340	8000179c	f0050e53	fmv.w.x	f28,x10	 x10:0x006ba080 f28=0x006ba080
      63445.000 ns	      6343	800017a0	28bf0053	fmin.s	f0,f30,f11	 f30:0x7fc00000 f11:0x41ffffae  f0=0x41ffffae
      63485.000 ns	      6347	800017a4	18177ad3	fdiv.s	f21,f14,f1	 f14:0x00000000  f1:0x7fc00000 f21=0x7fc00000
      63515.000 ns	      6350	800017a8	a0a81053	flt.s	x0,f16,f10	 f16:0x7fc00000 f10:0x989fa1f5
      63545.000 ns	      6353	800017ac	a12d2153	feq.s	x2,f26,f18	 f26:0x80000000 f18:0x7fc00000  x2=0x00000000
      63575.000 ns	      6356	800017b0	e00c1953	fclass.s	x18,f24	 f24:0x7fc00000 x18=0x00000200
      63605.000 ns	      6359	800017b4	29d495d3	fmax.s	f11,f9,f29	  f9:0x7fc00000 f29:0x00000001 f11=0x00000001
      63625.000 ns	      6361	800017b8	0044efb3	or	x31,x9,x4	  x9:0xffffffff  x4:0x00000409 x31=0xffffffff
      63645.000 ns	      6363	800017bc	c016a953	fcvt.wu.s	x18,f13	 f13:0x41ffffae x18=0x00000020
      63665.000 ns	      6365	800017c0	5b654013	xori	x0,x10,1462	 x10:0x006ba080
      63675.000 ns	      6366	800017c4	97820e93	addi	x29,x4,-1672	  x4:0x00000409 x29=0xfffffd81
      64035.000 ns	      6402	800017c8	0301fcb3	remu	x25,x3,x16	  x3:0x00000000 x16:0xfffffea0 x25=0x00000000
      64065.000 ns	      6405	800017cc	d0167fd3	fcvt.s.wu	f31,x12	 x12:0xffffffff f31=0x4f7fffff
      64095.000 ns	      6408	800017d0	a0e11ed3	flt.s	x29,f2,f14	  f2:0x00000000 f14:0x00000000 x29=0x00000000
      64115.000 ns	      6410	800017d4	012211b3	sll	x3,x4,x18	  x4:0x00000409 x18:0x00000020  x3=0x00000409
      64135.000 ns	      6412	800017d8	023c0b33	mul	x22,x24,x3	 x24:0x00fdfbe7  x3:0x00000000 x22=0x00dd771f
      64165.000 ns	      6415	800017dc	a06498d3	flt.s	x17,f9,f6	  f9:0x7fc00000  f6:0x80000000 x17=0x00000000
      64185.000 ns	      6417	800017e0	00448633	add	x12,x9,x4	  x9:0xffffffff  x4:0x00000409 x12=0x00000408
      64205.000 ns	      6419	800017e4	d00afb53	fcvt.s.w	f22,x21	 x21:0x54ab7822 f22=0x4ea956f0
      64225.000 ns	      6421	800017e8	01812533	slt	x10,x2,x24	  x2:0x00000000 x24:0x00fdfbe7 x10=0x00000001
      64235.000 ns	      6422	800017ec	01987a33	and	x20,x16,x25	 x16:0xfffffea0 x25:0x00000000 x20=0x00000000
      64275.000 ns	      6426	800017f0	096caad3	fsub.s	f21,f25,f22	 f25:0xc7016b00 f22:0x4ea956f0 f21=0xcea957f3
      64295.000 ns	      6428	800017f4	00000013	addi	x0,x0,0	  x0:0x00000000
      64315.000 ns	      6430	800017f8	03e391b3	mulh	x3,x7,x30	  x7:0x00000002 x30:0x80041024  x3=0xffffffff
      64345.000 ns	      6433	800017fc	e0051353	fclass.s	x6,f10	 f10:0x989fa1f5  x6=0x00000002
      64385.000 ns	      6437	80001800	19a77bd3	fdiv.s	f23,f14,f26	 f14:0x00000000 f26:0x80000000 f23=0x7fc00000
      64415.000 ns	      6440	80001804	037bb633	mulhu	x12,x23,x23	 x23:0xffffffff x23:0xffffffff x12=0xfffffffe
      64435.000 ns	      6442	80001808	0058c733	xor	x14,x17,x5	 x17:0x00000000  x5:0x00000000 x14=0x00000000
      64445.000 ns	      6443	8000180c	008209b3	add	x19,x4,x8	  x4:0x00000409  x8:0x80040bd9 x19=0x80040fe2
      64805.000 ns	      6479	80001810	03ba5233	divu	x4,x20,x27	 x20:0x00000000 x27:0x80040f46  x4=0x00000000
      64835.000 ns	      6482	80001814	03313fb3	mulhu	x31,x2,x19	  x2:0x00000000 x19:0x00000002 x31=0x00000000
      64855.000 ns	      6484	80001818	01b62a33	slt	x20,x12,x27	 x12:0xfffffffe x27:0x80040f46 x20=0x00000000
      64875.000 ns	      6486	8000181c	027b0733	mul	x14,x22,x7	 x22:0x00dd771f  x7:0x00000002 x14=0x01baee3e
      64895.000 ns	      6488	80001820	017934b3	sltu	x9,x18,x23	 x18:0x00000020 x23:0xffffffff  x9=0x00000001
      64915.000 ns	      6490	80001824	d00408d3	fcvt.s.w	f17,x8	  x8:0x80040bd9 f17=0xcefff7e8
      64935.000 ns	      6492	80001828	0101d6b3	srl	x13,x3,x16	  x3:0xffffffff x16:0xfffffea0 x13=0xffffffff
      64945.000 ns	      6493	8000182c	000567b3	or	x15,x10,x0	 x10:0x00000001  x0:0x00000000 x15=0x00000001
      64955.000 ns	      6494	80001830	06ace893	ori	x17,x25,106	 x25:0x00000000 x17=0x0000006a
      64965.000 ns	      6495	80001834	d6427713	andi	x14,x4,-668	  x4:0x00000000 x14=0x00000000
      64975.000 ns	      6496	80001838	000c4db3	xor	x27,x24,x0	 x24:0x00fdfbe7  x0:0x00000000 x27=0x00fdfbe7
      64985.000 ns	      6497	8000183c	00000013	addi	x0,x0,0	  x0:0x00000000
      65005.000 ns	      6499	80001840	03afbeb3	mulhu	x29,x31,x26	 x31:0x00000000 x26:0x03c2a000 x29=0x00000000
      65345.000 ns	      6533	80001844	1831ba53	fdiv.s	f20,f3,f3	  f3:0x00000020  f3:0x00000020 f20=0x3634b4b7
      65375.000 ns	      6536	80001848	28991e53	fmax.s	f28,f18,f9	 f18:0x7fc00000  f9:0x7fc00000 f28=0x7fc00000
      65405.000 ns	      6539	8000184c	03d289b3	mul	x19,x5,x29	  x5:0x00000000 x29:0x00000000 x19=0x00000000
      65435.000 ns	      6542	80001850	d016fb53	fcvt.s.wu	f22,x13	 x13:0xffffffff f22=0x4f7fffff
      65465.000 ns	      6545	80001854	c000aed3	fcvt.w.s	x29,f1	  f1:0x7fc00000 x29=0x7fffffff
      65515.000 ns	      6550	80001858	01e4fcd3	fadd.s	f25,f9,f30	  f9:0x7fc00000 f30:0x7fc00000 f25=0x7fc00000
      65535.000 ns	      6552	8000185c	cab0a613	slti	x12,x1,-853	  x1:0xb0fd9000 x12=0x00000001
      65555.000 ns	      6554	80001860	c01b72d3	fcvt.wu.s	x5,f22	 f22:0x4f7fffff  x5=0xffffff00
      65575.000 ns	      6556	80001864	324c8237	lui	x4,0x324c8	  x4=0x324c8000
      65595.000 ns	      6558	80001868	a1b8abd3	feq.s	x23,f17,f27	 f17:0xcefff7e8 f27:0x00000000 x23=0x00000000
      65625.000 ns	      6561	8000186c	e0028653	fmv.x.w	x12,f5	  f5:0x7fc00000 x12=0x7fc00000
      65645.000 ns	      6563	80001870	53c83317	auipc	x6,0x53c83	  x6=0xd3c84870
      65665.000 ns	      6565	80001874	203e9753	fsgnjn.s	f14,f29,f3	 f29:0x00000001  f3:0x00000020 f14=0x80000001
      65705.000 ns	      6569	80001878	10eac853	fmul.s	f16,f21,f14	 f21:0xcea957f3 f14:0x00000000 f16=0x042957f4
      65735.000 ns	      6572	8000187c	c00c7d53	fcvt.w.s	x26,f24	 f24:0x7fc00000 x26=0x7fffffff
      65765.000 ns	      6575	80001880	d01371d3	fcvt.s.wu	f3,x6	  x6:0xd3c84870  f3=0x4f53c848
      65785.000 ns	      6577	80001884	54f85737	lui	x14,0x54f85	 x14=0x54f85000
      65795.000 ns	      6578	80001888	01b38633	add	x12,x7,x27	  x7:0x00000002 x27:0x00fdfbe7 x12=0x00fdfbe9
      65805.000 ns	      6579	8000188c	41e6d513	srai	x10,x13,0x1e	 x13:0xffffffff x10=0xffffffff
      66165.000 ns	      6615	80001890	03bed4b3	divu	x9,x29,x27	 x29:0x7fffffff x27:0x00fdfbe7  x9=0x00000081
      66195.000 ns	      6618	80001894	21ee14d3	fsgnjn.s	f9,f28,f30	 f28:0x7fc00000 f30:0x7fc00000  f9=0xffc00000
      66225.000 ns	      6621	80001898	03c93733	mulhu	x14,x18,x28	 x18:0x00000020 x28:0x005b672f x14=0x00000000
      66245.000 ns	      6623	8000189c	018ff733	and	x14,x31,x24	 x31:0x00000000 x24:0x00fdfbe7 x14=0x00000000
      66255.000 ns	      6624	800018a0	00995f93	srli	x31,x18,0x9	 x18:0x00000020 x31=0x00000000
      66295.000 ns	      6628	800018a4	084cff53	fsub.s	f30,f25,f4	 f25:0x7fc00000  f4:0x4f000000 f30=0x7fc00000
      66315.000 ns	      6630	800018a8	ae237093	andi	x1,x6,-1310	  x6:0xd3c84870  x1=0xd3c84860
      66335.000 ns	      6632	800018ac	d01daf53	fcvt.s.wu	f30,x27	 x27:0x00fdfbe7 f30=0x4b7dfbe7
      66355.000 ns	      6634	800018b0	01419313	slli	x6,x3,0x14	  x3:0xffffffff  x6=0xfff00000
      66365.000 ns	      6635	800018b4	63ed7313	andi	x6,x26,1598	 x26:0x7fffffff  x6=0x0000063e
      66385.000 ns	      6637	800018b8	a0fe0053	fle.s	x0,f28,f15	 f28:0x7fc00000 f15:0x3f800000
      66415.000 ns	      6640	800018bc	03f0fdb3	remu	x27,x1,x31	  x1:0xd3c84860 x31:0x00000000 x27=0xd3c84860
      66445.000 ns	      6643	800018c0	02b02b33	mulhsu	x22,x0,x11	  x0:0x00000000 x11:0x80040fe4 x22=0x00000000
      66485.000 ns	      6647	800018c4	10a71353	fmul.s	f6,f14,f10	 f14:0x80000001 f10:0x989fa1f5  f6=0x00000000
      66855.000 ns	      6684	800018c8	03047933	remu	x18,x8,x16	  x8:0x80040bd9 x16:0xfffffea0 x18=0x80040bd9
      66875.000 ns	      6686	800018cc	00f652b3	srl	x5,x12,x15	 x12:0x00fdfbe9 x15:0x00000001  x5=0x007efdf4
      66885.000 ns	      6687	800018d0	8a128613	addi	x12,x5,-1887	  x5:0xffffff00 x12=0x007ef695
      66895.000 ns	      6688	800018d4	33504013	xori	x0,x0,821	  x0:0x00000000
      66915.000 ns	      6690	800018d8	a1f62c53	feq.s	x24,f12,f31	 f12:0xff800000 f31:0x4f7fffff x24=0x00000000
      67285.000 ns	      6727	800018dc	02476233	rem	x4,x14,x4	 x14:0x00000000  x4:0x324c8000  x4=0x00000000
      67305.000 ns	      6729	800018e0	0132f1b3	and	x3,x5,x19	  x5:0x007efdf4 x19:0x00000000  x3=0x00000000
      67325.000 ns	      6731	800018e4	e00d08d3	fmv.x.w	x17,f26	 f26:0x80000000 x17=0x80000000
      67355.000 ns	      6734	800018e8	025b81b3	mul	x3,x23,x5	 x23:0x00000000  x5:0x007efdf4  x3=0x00000000
      67385.000 ns	      6737	800018ec	216d01d3	fsgnj.s	f3,f26,f22	 f26:0x80000000 f22:0x4f7fffff  f3=0x00000000
      67755.000 ns	      6774	800018f0	03cc70b3	remu	x1,x24,x28	 x24:0x00000000 x28:0x005b672f  x1=0x00000000
      67775.000 ns	      6776	800018f4	45b20693	addi	x13,x4,1115	  x4:0x00000000 x13=0x0000045b
      67785.000 ns	      6777	800018f8	00f75a33	srl	x20,x14,x15	 x14:0x00000000 x15:0x00000001 x20=0x00000000
      67795.000 ns	      6778	800018fc	cf9bf613	andi	x12,x23,-775	 x23:0x00000000 x12=0x00000000
      67815.000 ns	      6780	80001900	29c60053	fmin.s	f0,f12,f28	 f12:0xff800000 f28:0x7fc00000  f0=0xff800000
      67835.000 ns	      6782	80001904	01fe5333	srl	x6,x28,x31	 x28:0x005b672f x31:0x00000000  x6=0x005b672f
      67845.000 ns	      6783	80001908	fb3ab4b7	lui	x9,0xfb3ab	  x9=0xfb3ab000
      67865.000 ns	      6785	8000190c	218fa053	fsgnjx.s	f0,f31,f24	 f31:0x4f7fffff f24:0x7fc00000  f0=0x4f7fffff
      67885.000 ns	      6787	80001910	4105d833	sra	x16,x11,x16	 x11:0x80040fe4 x16:0xfffffea0 x16=0x80040fe4
      67895.000 ns	      6788	80001914	01159b13	slli	x22,x11,0x11	 x11:0x80040fe4 x22=0x1fc80000
      67915.000 ns	      6790	80001918	210c8153	fsgnj.s	f2,f25,f16	 f25:0x7fc00000 f16:0x042957f4  f2=0x7fc00000
      67945.000 ns	      6793	8000191c	28aa0a53	fmin.s	f20,f20,f10	 f20:0x3634b4b7 f10:0x989fa1f5 f20=0x989fa1f5
      67975.000 ns	      6796	80001920	e0049fd3	fclass.s	x31,f9	  f9:0xffc00000 x31=0x00000200
      68005.000 ns	      6799	80001924	a09c2d53	feq.s	x26,f24,f9	 f24:0x7fc00000  f9:0xffc00000 x26=0x00000000
      68025.000 ns	      6801	80001928	01e88fb3	add	x31,x17,x30	 x17:0x80000000 x30:0x80041024 x31=0x00041024
      68045.000 ns	      6803	8000192c	c01214d3	fcvt.wu.s	x9,f4	  f4:0x4f000000  x9=0x80000000
      68065.000 ns	      6805	80001930	003ed893	srli	x17,x29,0x3	 x29:0x7fffffff x17=0x0fffffff
      68075.000 ns	      6806	80001934	00ecc0b3	xor	x1,x25,x14	 x25:0x00000000 x14:0x00000000  x1=0x00000000
      68095.000 ns	      6808	80001938	c01208d3	fcvt.wu.s	x17,f4	  f4:0x4f000000 x17=0x80000000
      68115.000 ns	      6810	8000193c	01d768b3	or	x17,x14,x29	 x14:0x00000000 x29:0x7fffffff x17=0x7fffffff
      68145.000 ns	      6813	80001940	113813d3	fmul.s	f7,f16,f19	 f16:0x042957f4 f19:0x00000000  f7=0x00000000
      68175.000 ns	      6816	80001944	a05394d3	flt.s	x9,f7,f5	  f7:0x00000000  f5:0x7fc00000  x9=0x00000000
      68195.000 ns	      6818	80001948	0b9d3493	sltiu	x9,x26,185	 x26:0x00000000  x9=0x00000001
      68205.000 ns	      6819	8000194c	00000013	addi	x0,x0,0	  x0:0x00000000
      68215.000 ns	      6820	80001950	40d28233	sub	x4,x5,x13	  x5:0x007efdf4 x13:0x0000045b  x4=0x007ef999
      68225.000 ns	      6821	80001954	bc3da813	slti	x16,x27,-1085	 x27:0xd3c84860 x16=0x00000001
      68255.000 ns	      6824	80001958	189af053	fdiv.s	f0,f21,f9	 f21:0xcea957f3  f9:0xffc00000  f0=0x7fc00000
      68275.000 ns	      6826	8000195c	449db493	sltiu	x9,x27,1097	 x27:0xd3c84860  x9=0x00000000
      68285.000 ns	      6827	80001960	010bd633	srl	x12,x23,x16	 x23:0x00000000 x16:0x00000001 x12=0x00000000
      68295.000 ns	      6828	80001964	005af913	andi	x18,x21,5	 x21:0x54ab7822 x18=0x00000000
      68325.000 ns	      6831	80001968	1174f5d3	fmul.s	f11,f9,f23	  f9:0xffc00000 f23:0x7fc00000 f11=0x7fc00000
      68345.000 ns	      6833	8000196c	01899933	sll	x18,x19,x24	 x19:0x00000000 x24:0x00000000 x18=0x00000000
      68355.000 ns	      6834	80001970	01b086b3	add	x13,x1,x27	  x1:0x00000000 x27:0xd3c84860 x13=0xd3c84860
      68375.000 ns	      6836	80001974	c01efe53	fcvt.wu.s	x28,f29	 f29:0x00000001 x28=0x00000000
      68395.000 ns	      6838	80001978	f3cebe37	lui	x28,0xf3ceb	 x28=0xf3ceb000
      68405.000 ns	      6839	8000197c	01834cb3	xor	x25,x6,x24	  x6:0x005b672f x24:0x00000000 x25=0x005b672f
      68415.000 ns	      6840	80001980	003e5e93	srli	x29,x28,0x3	 x28:0x00000000 x29=0x1e79d600
      68435.000 ns	      6842	80001984	02c220b3	mulhsu	x1,x4,x12	  x4:0x007ef999 x12:0x00000000  x1=0x00000000
      68485.000 ns	      6847	80001988	01400e53	fadd.s	f28,f0,f20	  f0:0x7fc00000 f20:0x989fa1f5 f28=0x7fc00000
      68505.000 ns	      6849	8000198c	01fc7c33	and	x24,x24,x31	 x24:0x00000000 x31:0x00041024 x24=0x00000000
      68525.000 ns	      6851	80001990	d01cf653	fcvt.s.wu	f12,x25	 x25:0x005b672f f12=0x4ab6ce5e
      68555.000 ns	      6854	80001994	295b1353	fmax.s	f6,f22,f21	 f22:0x4f7fffff f21:0xcea957f3  f6=0x4f7fffff
      68585.000 ns	      6857	80001998	21048b53	fsgnj.s	f22,f9,f16	  f9:0xffc00000 f16:0x042957f4 f22=0x7fc00000
      68615.000 ns	      6860	8000199c	2164a353	fsgnjx.s	f6,f9,f22	  f9:0xffc00000 f22:0x4f7fffff  f6=0xffc00000
      68645.000 ns	      6863	800019a0	a0ab89d3	fle.s	x19,f23,f10	 f23:0x7fc00000 f10:0x989fa1f5 x19=0x00000000
      68685.000 ns	      6867	800019a4	10b574d3	fmul.s	f9,f10,f11	 f10:0x989fa1f5 f11:0x7fc00000  f9=0x7fc00000
      68715.000 ns	      6870	800019a8	e0000153	fmv.x.w	x2,f0	  f0:0x7fc00000  x2=0x7fc00000
      68745.000 ns	      6873	800019ac	03178bb3	mul	x23,x15,x17	 x15:0x00000001 x17:0x7fffffff x23=0x7fffffff
      69085.000 ns	      6907	800019b0	19f6ad53	fdiv.s	f26,f13,f31	 f13:0x41ffffae f31:0x4f7fffff f26=0x31ffffae
      69105.000 ns	      6909	800019b4	018ba133	slt	x2,x23,x24	 x23:0x7fffffff x24:0x00000000  x2=0x00000000
      69125.000 ns	      6911	800019b8	20ec9dd3	fsgnjn.s	f27,f25,f14	 f25:0x7fc00000 f14:0x80000001 f27=0x7fc00000
      69155.000 ns	      6914	800019bc	e0041553	fclass.s	x10,f8	  f8:0x00000000 x10=0x00000010
      69175.000 ns	      6916	800019c0	0169e0b3	or	x1,x19,x22	 x19:0x00000000 x22:0x1fc80000  x1=0x1fc80000
      69195.000 ns	      6918	800019c4	02e83033	mulhu	x0,x16,x14	 x16:0x00000001 x14:0x00000000
      69225.000 ns	      6921	800019c8	e00404d3	fmv.x.w	x9,f8	  f8:0x00000000  x9=0x00000000
      69245.000 ns	      6923	800019cc	c874a313	slti	x6,x9,-889	  x9:0x00000000  x6=0x00000000
      69265.000 ns	      6925	800019d0	a17e0a53	fle.s	x20,f28,f23	 f28:0x7fc00000 f23:0x7fc00000 x20=0x00000000
      69295.000 ns	      6928	800019d4	e00994d3	fclass.s	x9,f19	 f19:0x00000000  x9=0x00000010
      69315.000 ns	      6930	800019d8	40d88233	sub	x4,x17,x13	 x17:0x7fffffff x13:0xd3c84860  x4=0xac37b79f
      69325.000 ns	      6931	800019dc	01c14333	xor	x6,x2,x28	  x2:0x00000000 x28:0xf3ceb000  x6=0xf3ceb000
      69685.000 ns	      6967	800019e0	021d71b3	remu	x3,x26,x1	 x26:0x00000000  x1:0x1fc80000  x3=0x00000000
      69715.000 ns	      6970	800019e4	d0047e53	fcvt.s.w	f28,x8	  x8:0x80040bd9 f28=0xcefff7e8
      70085.000 ns	      7007	800019e8	03e2da33	divu	x20,x5,x30	  x5:0x007efdf4 x30:0x80041024 x20=0x00000000
      70105.000 ns	      7009	800019ec	40a7de93	srai	x29,x15,0xa	 x15:0x00000001 x29=0x00000000
      70125.000 ns	      7011	800019f0	a0fc8453	fle.s	x8,f25,f15	 f25:0x7fc00000 f15:0x3f800000  x8=0x00000000
      70145.000 ns	      7013	800019f4	2be2f713	andi	x14,x5,702	  x5:0x007efdf4 x14=0x000000b4
      70155.000 ns	      7014	800019f8	012afa33	and	x20,x21,x18	 x21:0x54ab7822 x18:0x00000000 x20=0x00000000
      71325.000 ns	      7131	800019fc	580f2353	fsqrt.s	f6,f30	 f30:0x4b7dfbe7  f6=0x45339794
      71345.000 ns	      7133	80001a00	c7683413	sltiu	x8,x16,-906	 x16:0x00000001  x8=0x00000001
      71365.000 ns	      7135	80001a04	03384333	div	x6,x16,x19	 x16:0x00000001 x19:0x00000000  x6=0xffffffff
      71395.000 ns	      7138	80001a08	219705d3	fsgnj.s	f11,f14,f25	 f14:0x80000001 f25:0x7fc00000 f11=0x00000001
      71425.000 ns	      7141	80001a0c	a0398bd3	fle.s	x23,f19,f3	 f19:0x00000000  f3:0x00000000 x23=0x00000001
      71795.000 ns	      7178	80001a10	02ba63b3	rem	x7,x20,x11	 x20:0x00000000 x11:0x80040fe4  x7=0x00000000
      71825.000 ns	      7181	80001a14	d017f3d3	fcvt.s.wu	f7,x15	 x15:0x00000001  f7=0x3f800000
      71845.000 ns	      7183	80001a18	00741693	slli	x13,x8,0x7	  x8:0x00000001 x13=0x00000080
      71855.000 ns	      7184	80001a1c	00a1bb33	sltu	x22,x3,x10	  x3:0x00000000 x10:0x00000010 x22=0x00000001
      71875.000 ns	      7186	80001a20	28bf8653	fmin.s	f12,f31,f11	 f31:0x4f7fffff f11:0x00000001 f12=0x00000001
      71905.000 ns	      7189	80001a24	02d8a9b3	mulhsu	x19,x17,x13	 x17:0x7fffffff x13:0x00000080 x19=0x0000003f
      71925.000 ns	      7191	80001a28	00eedfb3	srl	x31,x29,x14	 x29:0x00000000 x14:0x000000b4 x31=0x00000000
      71945.000 ns	      7193	80001a2c	d0077dd3	fcvt.s.w	f27,x14	 x14:0x000000b4 f27=0x43340000
      71975.000 ns	      7196	80001a30	02279433	mulh	x8,x15,x2	 x15:0x00000001  x2:0x00000000  x8=0x00000000
      71995.000 ns	      7198	80001a34	0077cbb3	xor	x23,x15,x7	 x15:0x00000001  x7:0x00000000 x23=0x00000001
      72015.000 ns	      7200	80001a38	284e14d3	fmax.s	f9,f28,f4	 f28:0xcefff7e8  f4:0x4f000000  f9=0x4f000000
      72045.000 ns	      7203	80001a3c	c01a80d3	fcvt.wu.s	x1,f21	 f21:0xcea957f3  x1=0x54abf980
      72065.000 ns	      7205	80001a40	00d18e33	add	x28,x3,x13	  x3:0x00000000 x13:0x00000080 x28=0x00000080
      72085.000 ns	      7207	80001a44	e00488d3	fmv.x.w	x17,f9	  f9:0x4f000000 x17=0x4f000000
      72135.000 ns	      7212	80001a48	09e57253	fsub.s	f4,f10,f30	 f10:0x989fa1f5 f30:0x4b7dfbe7  f4=0xcb7dfbe7
      72165.000 ns	      7215	80001a4c	a1fd2953	feq.s	x18,f26,f31	 f26:0x31ffffae f31:0x4f7fffff x18=0x00000000
      72185.000 ns	      7217	80001a50	96f83513	sltiu	x10,x16,-1681	 x16:0x00000001 x10=0x00000001
      72545.000 ns	      7253	80001a54	03bffa33	remu	x20,x31,x27	 x31:0x00000000 x27:0xd3c84860 x20=0x00000000
      72915.000 ns	      7290	80001a58	039952b3	divu	x5,x18,x25	 x18:0x00000000 x25:0x005b672f  x5=0x00000000
      72965.000 ns	      7295	80001a5c	0931f9d3	fsub.s	f19,f3,f19	  f3:0x00000000 f19:0x00000000 f19=0x80000000
      72995.000 ns	      7298	80001a60	02d103b3	mul	x7,x2,x13	  x2:0x00000000 x13:0x00000080  x7=0x00000000
      73025.000 ns	      7301	80001a64	03fe63b3	rem	x7,x28,x31	 x28:0x00000080 x31:0x00000000  x7=0x00000080
      73055.000 ns	      7304	80001a68	287187d3	fmin.s	f15,f3,f7	  f3:0x00000000  f7:0x3f800000 f15=0x00000000
      73075.000 ns	      7306	80001a6c	00334b33	xor	x22,x6,x3	  x6:0xffffffff  x3:0x00000000 x22=0xffffffff
      73085.000 ns	      7307	80001a70	019320b3	slt	x1,x6,x25	  x6:0xffffffff x25:0x005b672f  x1=0x00000001
      73095.000 ns	      7308	80001a74	2fc5a793	slti	x15,x11,764	 x11:0x80040fe4 x15=0x00000001
      73105.000 ns	      7309	80001a78	00d710b3	sll	x1,x14,x13	 x14:0x000000b4 x13:0x00000080  x1=0x000000b4
      73115.000 ns	      7310	80001a7c	01f111b3	sll	x3,x2,x31	  x2:0x00000000 x31:0x00000000  x3=0x00000000
      73125.000 ns	      7311	80001a80	41e1de93	srai	x29,x3,0x1e	  x3:0x00000000 x29=0x00000000
      73145.000 ns	      7313	80001a84	02508533	mul	x10,x1,x5	  x1:0x000000b4  x5:0x00000000 x10=0x00000000
      73175.000 ns	      7316	80001a88	28ca1253	fmax.s	f4,f20,f12	 f20:0x989fa1f5 f12:0x00000001  f4=0x00000001
      73195.000 ns	      7318	80001a8c	41ff0433	sub	x8,x30,x31	 x30:0x80041024 x31:0x00000000  x8=0x80041024
      73205.000 ns	      7319	80001a90	a80ecb93	xori	x23,x29,-1408	 x29:0x00000000 x23=0xfffffa80
      73245.000 ns	      7323	80001a94	001177d3	fadd.s	f15,f2,f1	  f2:0x7fc00000  f1:0x7fc00000 f15=0x7fc00000
      73265.000 ns	      7325	80001a98	00a36bb3	or	x23,x6,x10	  x6:0xffffffff x10:0x00000000 x23=0xffffffff
      73275.000 ns	      7326	80001a9c	6a19e693	ori	x13,x19,1697	 x19:0x0000003f x13=0x000006bf
      73285.000 ns	      7327	80001aa0	00000013	addi	x0,x0,0	  x0:0x00000000
      73315.000 ns	      7330	80001aa4	1080acd3	fmul.s	f25,f1,f8	  f1:0x7fc00000  f8:0x00000000 f25=0x7fc00000
      73345.000 ns	      7333	80001aa8	02d5ac33	mulhsu	x24,x11,x13	 x11:0x80040fe4 x13:0x000006bf x24=0xfffffca0
      73375.000 ns	      7336	80001aac	f00c0e53	fmv.w.x	f28,x24	 x24:0x00000000 f28=0xfffffca0
      73395.000 ns	      7338	80001ab0	01361e93	slli	x29,x12,0x13	 x12:0x00000000 x29=0x00000000
      73405.000 ns	      7339	80001ab4	ce03c993	xori	x19,x7,-800	  x7:0x00000080 x19=0xfffffc60
      73415.000 ns	      7340	80001ab8	00b94533	xor	x10,x18,x11	 x18:0x00000000 x11:0x80040fe4 x10=0x80040fe4
      73435.000 ns	      7342	80001abc	e0040d53	fmv.x.w	x26,f8	  f8:0x00000000 x26=0x00000000
      73455.000 ns	      7344	80001ac0	01fa8233	add	x4,x21,x31	 x21:0x54ab7822 x31:0x00000000  x4=0x54ab7822
      73475.000 ns	      7346	80001ac4	037083b3	mul	x7,x1,x23	  x1:0x000000b4 x23:0xffffffff  x7=0xffffff4c
      73495.000 ns	      7348	80001ac8	5cffbc13	sltiu	x24,x31,1487	 x31:0x00000000 x24=0x00000001
      73515.000 ns	      7350	80001acc	28cb08d3	fmin.s	f17,f22,f12	 f22:0x7fc00000 f12:0x00000001 f17=0x00000001
      73545.000 ns	      7353	80001ad0	02c9f333	remu	x6,x19,x12	 x19:0xfffffc60 x12:0x00000000  x6=0xfffffc60
      73915.000 ns	      7390	80001ad4	03757933	remu	x18,x10,x23	 x10:0x80040fe4 x23:0xffffffff x18=0x80040fe4
      73945.000 ns	      7393	80001ad8	f00e8ad3	fmv.w.x	f21,x29	 x29:0x00000000 f21=0x00000000
      73975.000 ns	      7396	80001adc	0377a633	mulhsu	x12,x15,x23	 x15:0x00000001 x23:0xffffffff x12=0x00000000
      73995.000 ns	      7398	80001ae0	b4adf817	auipc	x16,0xb4adf	 x16=0x34ae0ae0
      74015.000 ns	      7400	80001ae4	c01334d3	fcvt.wu.s	x9,f6	  f6:0x45339794  x9=0x00000b3a
      74035.000 ns	      7402	80001ae8	f39b0997	auipc	x19,0xf39b0	 x19=0x739b1ae8
      75205.000 ns	      7519	80001aec	5806f5d3	fsqrt.s	f11,f13	 f13:0x41ffffae f11=0x40b5048f
      75235.000 ns	      7522	80001af0	c01277d3	fcvt.wu.s	x15,f4	  f4:0x00000001 x15=0x00000000
      75265.000 ns	      7525	80001af4	02088b33	mul	x22,x17,x0	 x17:0x4f000000  x0:0x00000000 x22=0x00000000
      75295.000 ns	      7528	80001af8	d015bbd3	fcvt.s.wu	f23,x11	 x11:0x80040fe4 f23=0x4f000410
      75665.000 ns	      7565	80001afc	038fd6b3	divu	x13,x31,x24	 x31:0x00000000 x24:0x00000001 x13=0x00000000
      75685.000 ns	      7567	80001b00	688fef93	ori	x31,x31,1672	 x31:0x00000000 x31=0x00000688
      75695.000 ns	      7568	80001b04	00000013	addi	x0,x0,0	  x0:0x00000000
      75705.000 ns	      7569	80001b08	016e5333	srl	x6,x28,x22	 x28:0x00000080 x22:0x00000000  x6=0x00000080
      75715.000 ns	      7570	80001b0c	0157bbb3	sltu	x23,x15,x21	 x15:0x00000000 x21:0x54ab7822 x23=0x00000001
      75725.000 ns	      7571	80001b10	00d64c33	xor	x24,x12,x13	 x12:0x00000000 x13:0x00000000 x24=0x00000000
      75735.000 ns	      7572	80001b14	00d15e13	srli	x28,x2,0xd	  x2:0x00000000 x28=0x00000000
      75745.000 ns	      7573	80001b18	01471b13	slli	x22,x14,0x14	 x14:0x000000b4 x22=0x0b400000
      76105.000 ns	      7609	80001b1c	031b59b3	divu	x19,x22,x17	 x22:0x00000000 x17:0x4f000000 x19=0x00000000
      76125.000 ns	      7611	80001b20	01ede2b3	or	x5,x27,x30	 x27:0xd3c84860 x30:0x80041024  x5=0xd3cc5864
      76155.000 ns	      7614	80001b24	580c7153	fsqrt.s	f2,f24	 f24:0x7fc00000  f2=0x7fc00000
      76185.000 ns	      7617	80001b28	a1b78553	fle.s	x10,f15,f27	 f15:0x7fc00000 f27:0x43340000 x10=0x00000000
      77295.000 ns	      7728	80001b2c	580ef0d3	fsqrt.s	f1,f29	 f29:0x00000001  f1=0x1f350483
      77315.000 ns	      7730	80001b30	01701f93	slli	x31,x0,0x17	  x0:0x00000000 x31=0x00000000
      77325.000 ns	      7731	80001b34	e3492b13	slti	x22,x18,-460	 x18:0x80040fe4 x22=0x00000001
      77345.000 ns	      7733	80001b38	034d0e33	mul	x28,x26,x20	 x26:0x00000000 x20:0x00000000 x28=0x00000000
      77375.000 ns	      7736	80001b3c	033f52b3	divu	x5,x30,x19	 x30:0x80041024 x19:0x00000000  x5=0xffffffff
      77405.000 ns	      7739	80001b40	03cdfcb3	remu	x25,x27,x28	 x27:0xd3c84860 x28:0x00000000 x25=0xd3c84860
      77435.000 ns	      7742	80001b44	208f2c53	fsgnjx.s	f24,f30,f8	 f30:0x4b7dfbe7  f8:0x00000000 f24=0x4b7dfbe7
      77455.000 ns	      7744	80001b48	2ed38a13	addi	x20,x7,749	  x7:0xffffff4c x20=0x00000239
      77465.000 ns	      7745	80001b4c	00fabd33	sltu	x26,x21,x15	 x21:0x54ab7822 x15:0x00000000 x26=0x00000000
      77485.000 ns	      7747	80001b50	a0b68d53	fle.s	x26,f13,f11	 f13:0x41ffffae f11:0x40b5048f x26=0x00000000
      77515.000 ns	      7750	80001b54	d00ff3d3	fcvt.s.w	f7,x31	 x31:0x00000000  f7=0x00000000
      77545.000 ns	      7753	80001b58	29ca0a53	fmin.s	f20,f20,f28	 f20:0x989fa1f5 f28:0xfffffca0 f20=0x989fa1f5
      77575.000 ns	      7756	80001b5c	20f793d3	fsgnjn.s	f7,f15,f15	 f15:0x7fc00000 f15:0x7fc00000  f7=0xffc00000
      77605.000 ns	      7759	80001b60	a03c0553	fle.s	x10,f24,f3	 f24:0x4b7dfbe7  f3:0x00000000 x10=0x00000000
      77635.000 ns	      7762	80001b64	f00685d3	fmv.w.x	f11,x13	 x13:0x00000000 f11=0x00000000
      77655.000 ns	      7764	80001b68	00000013	addi	x0,x0,0	  x0:0x00000000
      77675.000 ns	      7766	80001b6c	f00c0fd3	fmv.w.x	f31,x24	 x24:0x00000000 f31=0x00000000
      77705.000 ns	      7769	80001b70	280d9e53	fmax.s	f28,f27,f0	 f27:0x43340000  f0:0x7fc00000 f28=0x43340000
      77755.000 ns	      7774	80001b74	09777153	fsub.s	f2,f14,f23	 f14:0x80000001 f23:0x4f000410  f2=0xcf000410
      77775.000 ns	      7776	80001b78	002a9233	sll	x4,x21,x2	 x21:0x54ab7822  x2:0x00000000  x4=0x54ab7822
      77795.000 ns	      7778	80001b7c	a0b60a53	fle.s	x20,f12,f11	 f12:0x00000001 f11:0x00000000 x20=0x00000000
      77835.000 ns	      7782	80001b80	11b1bc53	fmul.s	f24,f3,f27	  f3:0x00000000 f27:0x43340000 f24=0x00000000
      77855.000 ns	      7784	80001b84	00a7d933	srl	x18,x15,x10	 x15:0x00000000 x10:0x00000000 x18=0x00000000
      77895.000 ns	      7788	80001b88	0912b1d3	fsub.s	f3,f5,f17	  f5:0x7fc00000 f17:0x00000001  f3=0x7fc00000
      77925.000 ns	      7791	80001b8c	289d9153	fmax.s	f2,f27,f9	 f27:0x43340000  f9:0x4f000000  f2=0x4f000000
      77945.000 ns	      7793	80001b90	40eb5f93	srai	x31,x22,0xe	 x22:0x00000001 x31=0x00000000
      77955.000 ns	      7794	80001b94	01cb9633	sll	x12,x23,x28	 x23:0x00000001 x28:0x00000000 x12=0x00000001
      77965.000 ns	      7795	80001b98	007d8eb3	add	x29,x27,x7	 x27:0xd3c84860  x7:0xffffff4c x29=0xd3c847ac
      78325.000 ns	      7831	80001b9c	03e74733	div	x14,x14,x30	 x14:0x000000b4 x30:0x80041024 x14=0x00000000
      78345.000 ns	      7833	80001ba0	4c7ec897	auipc	x17,0x4c7ec	 x17=0xcc7edba0
      78355.000 ns	      7834	80001ba4	41d1db33	sra	x22,x3,x29	  x3:0x00000000 x29:0xd3c847ac x22=0x00000000
      78365.000 ns	      7835	80001ba8	018b1493	slli	x9,x22,0x18	 x22:0x00000001  x9=0x00000000
      78375.000 ns	      7836	80001bac	1fa76313	ori	x6,x14,506	 x14:0x00000000  x6=0x000001fa
      78385.000 ns	      7837	80001bb0	5819e893	ori	x17,x19,1409	 x19:0x00000000 x17=0x00000581
      78405.000 ns	      7839	80001bb4	c0187053	fcvt.wu.s	x0,f16	 f16:0x042957f4
      78435.000 ns	      7842	80001bb8	c010a4d3	fcvt.wu.s	x9,f1	  f1:0x1f350483  x9=0x00000000
      78775.000 ns	      7876	80001bbc	1860c3d3	fdiv.s	f7,f1,f6	  f1:0x1f350483  f6:0x45339794  f7=0x193da5fa
      78795.000 ns	      7878	80001bc0	93bb7693	andi	x13,x22,-1733	 x22:0x00000000 x13=0x00000000
      78805.000 ns	      7879	80001bc4	016bea33	or	x20,x23,x22	 x23:0x00000001 x22:0x00000000 x20=0x00000001
      78825.000 ns	      7881	80001bc8	a15e8153	fle.s	x2,f29,f21	 f29:0x00000001 f21:0x00000000  x2=0x00000000
      79195.000 ns	      7918	80001bcc	0343e133	rem	x2,x7,x20	  x7:0xffffff4c x20:0x00000000  x2=0x00000000
      79225.000 ns	      7921	80001bd0	033411b3	mulh	x3,x8,x19	  x8:0x80041024 x19:0x00000000  x3=0x00000000
      79245.000 ns	      7923	80001bd4	4be78013	addi	x0,x15,1214	 x15:0x00000000
      79265.000 ns	      7925	80001bd8	215229d3	fsgnjx.s	f19,f4,f21	  f4:0x00000001 f21:0x00000000 f19=0x00000001
      79285.000 ns	      7927	80001bdc	d48df713	andi	x14,x27,-696	 x27:0xd3c84860 x14=0xd3c84840
      79295.000 ns	      7928	80001be0	6daf3b13	sltiu	x22,x30,1754	 x30:0x80041024 x22=0x00000000
      79305.000 ns	      7929	80001be4	4e578113	addi	x2,x15,1253	 x15:0x00000000  x2=0x000004e5
      79325.000 ns	      7931	80001be8	02842fb3	mulhsu	x31,x8,x8	  x8:0x80041024  x8:0x80041024 x31=0xc0000010
      79345.000 ns	      7933	80001bec	0ec78713	addi	x14,x15,236	 x15:0x00000000 x14=0x000000ec
      79355.000 ns	      7934	80001bf0	41b1d813	srai	x16,x3,0x1b	  x3:0x00000000 x16=0x00000000
      79365.000 ns	      7935	80001bf4	5deace13	xori	x28,x21,1502	 x21:0x54ab7822 x28=0x54ab7dfc
      79375.000 ns	      7936	80001bf8	41ffd913	srai	x18,x31,0x1f	 x31:0xc0000010 x18=0xffffffff
      79395.000 ns	      7938	80001bfc	c01af4d3	fcvt.wu.s	x9,f21	 f21:0x00000000  x9=0x00000000
      79425.000 ns	      7941	80001c00	f00f0853	fmv.w.x	f16,x30	 x30:0x80041024 f16=0x80041024
      79455.000 ns	      7944	80001c04	d00ff653	fcvt.s.w	f12,x31	 x31:0xc0000010 f12=0xce7fffff
      79485.000 ns	      7947	80001c08	c00779d3	fcvt.w.s	x19,f14	 f14:0x80000001 x19=0x00000000
      79515.000 ns	      7950	80001c0c	02091fb3	mulh	x31,x18,x0	 x18:0xffffffff  x0:0x00000000 x31=0x00000000
      79535.000 ns	      7952	80001c10	00fa63b3	or	x7,x20,x15	 x20:0x00000001 x15:0x00000000  x7=0x00000001
      79555.000 ns	      7954	80001c14	c01b3fd3	fcvt.wu.s	x31,f22	 f22:0x7fc00000 x31=0xffffffff
      79575.000 ns	      7956	80001c18	011662b3	or	x5,x12,x17	 x12:0x00000001 x17:0x00000581  x5=0x00000581
      79585.000 ns	      7957	80001c1c	00000013	addi	x0,x0,0	  x0:0x00000000
      79595.000 ns	      7958	80001c20	00d18633	add	x12,x3,x13	  x3:0x00000000 x13:0x00000000 x12=0x00000000
      79615.000 ns	      7960	80001c24	034ea933	mulhsu	x18,x29,x20	 x29:0xd3c847ac x20:0x00000001 x18=0xffffffff
      79645.000 ns	      7963	80001c28	21f2ac53	fsgnjx.s	f24,f5,f31	  f5:0x7fc00000 f31:0x00000000 f24=0x7fc00000
      79675.000 ns	      7966	80001c2c	03a71733	mulh	x14,x14,x26	 x14:0x000000ec x26:0x00000000 x14=0x00000000
      79705.000 ns	      7969	80001c30	211ea653	fsgnjx.s	f12,f29,f17	 f29:0x00000001 f17:0x00000001 f12=0x00000001
      79725.000 ns	      7971	80001c34	016b2e33	slt	x28,x22,x22	 x22:0x00000000 x22:0x00000000 x28=0x00000000
      79745.000 ns	      7973	80001c38	0248a8b3	mulhsu	x17,x17,x4	 x17:0x00000581  x4:0x54ab7822 x17=0x000001d2
      79765.000 ns	      7975	80001c3c	34353113	sltiu	x2,x10,835	 x10:0x00000000  x2=0x00000001
      79775.000 ns	      7976	80001c40	8530a013	slti	x0,x1,-1965	  x1:0x000000b4
      79785.000 ns	      7977	80001c44	41b68cb3	sub	x25,x13,x27	 x13:0x00000000 x27:0xd3c84860 x25=0x2c37b7a0
      79805.000 ns	      7979	80001c48	029f0e33	mul	x28,x30,x9	 x30:0x80041024  x9:0x00000000 x28=0x00000000
      79835.000 ns	      7982	80001c4c	28688fd3	fmin.s	f31,f17,f6	 f17:0x00000001  f6:0x45339794 f31=0x00000001
      79855.000 ns	      7984	80001c50	40ac5b93	srai	x23,x24,0xa	 x24:0x00000000 x23=0x00000000
      79865.000 ns	      7985	80001c54	8f44e013	ori	x0,x9,-1804	  x9:0x00000000
      79885.000 ns	      7987	80001c58	038961b3	rem	x3,x18,x24	 x18:0xffffffff x24:0x00000000  x3=0xffffffff
      79915.000 ns	      7990	80001c5c	d0008ad3	fcvt.s.w	f21,x1	  x1:0x000000b4 f21=0x43340000
      79945.000 ns	      7993	80001c60	205ca7d3	fsgnjx.s	f15,f25,f5	 f25:0x7fc00000  f5:0x7fc00000 f15=0x7fc00000
      79985.000 ns	      7997	80001c64	18010453	fdiv.s	f8,f2,f0	  f2:0x4f000000  f0:0x7fc00000  f8=0x7fc00000
      80015.000 ns	      8000	80001c68	d0069c53	fcvt.s.w	f24,x13	 x13:0x00000000 f24=0x00000000
      80045.000 ns	      8003	80001c6c	286d1053	fmax.s	f0,f26,f6	 f26:0x31ffffae  f6:0x45339794  f0=0x45339794
      80075.000 ns	      8006	80001c70	e00f10d3	fclass.s	x1,f30	 f30:0x4b7dfbe7  x1=0x00000040
      80105.000 ns	      8009	80001c74	02413cb3	mulhu	x25,x2,x4	  x2:0x00000001  x4:0x54ab7822 x25=0x00000000
      80125.000 ns	      8011	80001c78	0150b2b3	sltu	x5,x1,x21	  x1:0x00000040 x21:0x54ab7822  x5=0x00000001
      80145.000 ns	      8013	80001c7c	212823d3	fsgnjx.s	f7,f16,f18	 f16:0x80041024 f18:0x7fc00000  f7=0x80041024
      80175.000 ns	      8016	80001c80	29881dd3	fmax.s	f27,f16,f24	 f16:0x80041024 f24:0x00000000 f27=0x00000000
      80205.000 ns	      8019	80001c84	20960fd3	fsgnj.s	f31,f12,f9	 f12:0x00000001  f9:0x4f000000 f31=0x00000001
      80225.000 ns	      8021	80001c88	001630b3	sltu	x1,x12,x1	 x12:0x00000000  x1:0x00000040  x1=0x00000001
      80245.000 ns	      8023	80001c8c	e0061cd3	fclass.s	x25,f12	 f12:0x00000001 x25=0x00000020
      80275.000 ns	      8026	80001c90	21472fd3	fsgnjx.s	f31,f14,f20	 f14:0x80000001 f20:0x989fa1f5 f31=0x00000001
      80305.000 ns	      8029	80001c94	f00c0bd3	fmv.w.x	f23,x24	 x24:0x00000000 f23=0x00000000
      80325.000 ns	      8031	80001c98	15ef4813	xori	x16,x30,350	 x30:0x80041024 x16=0x8004117a
      80345.000 ns	      8033	80001c9c	03b516b3	mulh	x13,x10,x27	 x10:0x00000000 x27:0xd3c84860 x13=0x00000000
      80375.000 ns	      8036	80001ca0	02d41833	mulh	x16,x8,x13	  x8:0x80041024 x13:0x00000000 x16=0x00000000
      80395.000 ns	      8038	80001ca4	40030133	sub	x2,x6,x0	  x6:0x000001fa  x0:0x00000000  x2=0x000001fa
      80405.000 ns	      8039	80001ca8	00a2a1b3	slt	x3,x5,x10	  x5:0x00000001 x10:0x00000000  x3=0x00000000
      80425.000 ns	      8041	80001cac	c0167053	fcvt.wu.s	x0,f12	 f12:0x00000001
      80445.000 ns	      8043	80001cb0	20067017	auipc	x0,0x20067	
      80465.000 ns	      8045	80001cb4	20eb9fd3	fsgnjn.s	f31,f23,f14	 f23:0x00000000 f14:0x80000001 f31=0x00000000
      80495.000 ns	      8048	80001cb8	02f93e33	mulhu	x28,x18,x15	 x18:0xffffffff x15:0x00000000 x28=0x00000000
      80525.000 ns	      8051	80001cbc	02e31433	mulh	x8,x6,x14	  x6:0x000001fa x14:0x00000000  x8=0x00000000
      80895.000 ns	      8088	80001cc0	02456933	rem	x18,x10,x4	 x10:0x00000000  x4:0x54ab7822 x18=0x00000000
      80925.000 ns	      8091	80001cc4	03a191b3	mulh	x3,x3,x26	  x3:0x00000000 x26:0x00000000  x3=0x00000000
      81295.000 ns	      8128	80001cc8	03e2f3b3	remu	x7,x5,x30	  x5:0x00000001 x30:0x80041024  x7=0x00000001
      81315.000 ns	      8130	80001ccc	010760b3	or	x1,x14,x16	 x14:0x00000000 x16:0x00000000  x1=0x00000000
      81325.000 ns	      8131	80001cd0	016619b3	sll	x19,x12,x22	 x12:0x00000000 x22:0x00000000 x19=0x00000000
      81335.000 ns	      8132	80001cd4	00d48633	add	x12,x9,x13	  x9:0x00000000 x13:0x00000000 x12=0x00000000
      81345.000 ns	      8133	80001cd8	01136a33	or	x20,x6,x17	  x6:0x000001fa x17:0x000001d2 x20=0x000001fa
      81365.000 ns	      8135	80001cdc	02871d33	mulh	x26,x14,x8	 x14:0x00000000  x8:0x00000000 x26=0x00000000
      81385.000 ns	      8137	80001ce0	4139da13	srai	x20,x19,0x13	 x19:0x00000000 x20=0x00000000
      81425.000 ns	      8141	80001ce4	00f01fd3	fadd.s	f31,f0,f15	  f0:0x45339794 f15:0x7fc00000 f31=0x7fc00000
      81455.000 ns	      8144	80001ce8	20a9a653	fsgnjx.s	f12,f19,f10	 f19:0x00000001 f10:0x989fa1f5 f12=0x80000001
      81475.000 ns	      8146	80001cec	41355813	srai	x16,x10,0x13	 x10:0x00000000 x16=0x00000000
      81835.000 ns	      8182	80001cf0	025947b3	div	x15,x18,x5	 x18:0x00000000  x5:0x00000001 x15=0x00000000
      81855.000 ns	      8184	80001cf4	409dd993	srai	x19,x27,0x9	 x27:0xd3c84860 x19=0xffe9e424
      81865.000 ns	      8185	80001cf8	c7f1b313	sltiu	x6,x3,-897	  x3:0x00000000  x6=0x00000001
      81885.000 ns	      8187	80001cfc	a1ae0ed3	fle.s	x29,f28,f26	 f28:0x43340000 f26:0x31ffffae x29=0x00000000
      81905.000 ns	      8189	80001d00	a1250137	lui	x2,0xa1250	  x2=0xa1250000
      81915.000 ns	      8190	80001d04	007c9193	slli	x3,x25,0x7	 x25:0x00000020  x3=0x00001000
      81925.000 ns	      8191	80001d08	4d2c2e13	slti	x28,x24,1234	 x24:0x00000000 x28=0x00000001
      81935.000 ns	      8192	80001d0c	01ef7933	and	x18,x30,x30	 x30:0x80041024 x30:0x80041024 x18=0x80041024
      81945.000 ns	      8193	80001d10	dc692817	auipc	x16,0xdc692	 x16=0x5c693d10
      81955.000 ns	      8194	80001d14	099b0393	addi	x7,x22,153	 x22:0x00000000  x7=0x00000099
      81995.000 ns	      8198	80001d18	00d47a53	fadd.s	f20,f8,f13	  f8:0x7fc00000 f13:0x41ffffae f20=0x7fc00000
      82015.000 ns	      8200	80001d1c	40fc5d13	srai	x26,x24,0xf	 x24:0x00000000 x26=0x00000000
      82025.000 ns	      8201	80001d20	01bc2d33	slt	x26,x24,x27	 x24:0x00000000 x27:0xd3c84860 x26=0x00000000
      82045.000 ns	      8203	80001d24	28521253	fmax.s	f4,f4,f5	  f4:0x00000001  f5:0x7fc00000  f4=0x00000001
      82075.000 ns	      8206	80001d28	21ec2553	fsgnjx.s	f10,f24,f30	 f24:0x00000000 f30:0x4b7dfbe7 f10=0x00000000
      82095.000 ns	      8208	80001d2c	10356193	ori	x3,x10,259	 x10:0x00000000  x3=0x00000103
      82115.000 ns	      8210	80001d30	d01ff353	fcvt.s.wu	f6,x31	 x31:0xffffffff  f6=0x4f7fffff
      82135.000 ns	      8212	80001d34	00883e33	sltu	x28,x16,x8	 x16:0x5c693d10  x8:0x00000000 x28=0x00000000
      82145.000 ns	      8213	80001d38	00abd9b3	srl	x19,x23,x10	 x23:0x00000000 x10:0x00000000 x19=0x00000000
      82185.000 ns	      8217	80001d3c	0872f5d3	fsub.s	f11,f5,f7	  f5:0x7fc00000  f7:0x80041024 f11=0x7fc00000
      82205.000 ns	      8219	80001d40	000650b3	srl	x1,x12,x0	 x12:0x00000000  x0:0x00000000  x1=0x00000000
      82225.000 ns	      8221	80001d44	0297cbb3	div	x23,x15,x9	 x15:0x00000000  x9:0x00000000 x23=0xffffffff
      82255.000 ns	      8224	80001d48	218b8d53	fsgnj.s	f26,f23,f24	 f23:0x00000000 f24:0x00000000 f26=0x00000000
      82595.000 ns	      8258	80001d4c	19509253	fdiv.s	f4,f1,f21	  f1:0x1f350483 f21:0x43340000  f4=0x1b3abe38
      82615.000 ns	      8260	80001d50	0030b4b3	sltu	x9,x1,x3	  x1:0x00000000  x3:0x00000103  x9=0x00000001
      82635.000 ns	      8262	80001d54	f00d0a53	fmv.w.x	f20,x26	 x26:0x00000000 f20=0x00000000
      82665.000 ns	      8265	80001d58	f00f8e53	fmv.w.x	f28,x31	 x31:0xffffffff f28=0xffffffff
      83035.000 ns	      8302	80001d5c	0240dcb3	divu	x25,x1,x4	  x1:0x00000000  x4:0x54ab7822 x25=0x00000000
      83055.000 ns	      8304	80001d60	4184d313	srai	x6,x9,0x18	  x9:0x00000001  x6=0x00000000
      83075.000 ns	      8306	80001d64	c0123153	fcvt.wu.s	x2,f4	  f4:0x1b3abe38  x2=0x00000000
      83105.000 ns	      8309	80001d68	026f8433	mul	x8,x31,x6	 x31:0xffffffff  x6:0x00000001  x8=0x00000000
      83125.000 ns	      8311	80001d6c	01982bb3	slt	x23,x16,x25	 x16:0x5c693d10 x25:0x00000000 x23=0x00000000
      83145.000 ns	      8313	80001d70	e00f07d3	fmv.x.w	x15,f30	 f30:0x4b7dfbe7 x15=0x4b7dfbe7
      83175.000 ns	      8316	80001d74	03a881b3	mul	x3,x17,x26	 x17:0x000001d2 x26:0x00000000  x3=0x00000000
      83205.000 ns	      8319	80001d78	28e68a53	fmin.s	f20,f13,f14	 f13:0x41ffffae f14:0x80000001 f20=0x80000001
      83225.000 ns	      8321	80001d7c	41e0de93	srai	x29,x1,0x1e	  x1:0x00000000 x29=0x00000000
      84395.000 ns	      8438	80001d80	580e9cd3	fsqrt.s	f25,f29	 f29:0x00000001 f25=0x1f350483
      84415.000 ns	      8440	80001d84	1e870513	addi	x10,x14,488	 x14:0x00000000 x10=0x000001e8
      84425.000 ns	      8441	80001d88	008e0a33	add	x20,x28,x8	 x28:0x00000000  x8:0x00000000 x20=0x00000000
      85595.000 ns	      8558	80001d8c	5804f4d3	fsqrt.s	f9,f9	  f9:0x4f000000  f9=0x46b50482
      85625.000 ns	      8561	80001d90	c0057053	fcvt.w.s	x0,f10	 f10:0x00000000
      85645.000 ns	      8563	80001d94	00c91db3	sll	x27,x18,x12	 x18:0x80041024 x12:0x00000000 x27=0x80041024
      85685.000 ns	      8567	80001d98	009b8953	fadd.s	f18,f23,f9	 f23:0x00000000  f9:0x46b50482 f18=0x46b50482
      85715.000 ns	      8570	80001d9c	c0101e53	fcvt.wu.s	x28,f0	  f0:0x45339794 x28=0x00000b39
      85755.000 ns	      8574	80001da0	188973d3	fdiv.s	f7,f18,f8	 f18:0x46b50482  f8:0x7fc00000  f7=0x7fc00000
      85805.000 ns	      8579	80001da4	007916d3	fadd.s	f13,f18,f7	 f18:0x46b50482  f7:0x80041024 f13=0x7fc00000
      85835.000 ns	      8582	80001da8	21f62bd3	fsgnjx.s	f23,f12,f31	 f12:0x80000001 f31:0x7fc00000 f23=0x80000001
      85855.000 ns	      8584	80001dac	01391433	sll	x8,x18,x19	 x18:0x80041024 x19:0x00000000  x8=0x80041024
      85875.000 ns	      8586	80001db0	0207ed33	rem	x26,x15,x0	 x15:0x4b7dfbe7  x0:0x00000000 x26=0x4b7dfbe7
      85895.000 ns	      8588	80001db4	01c010b3	sll	x1,x0,x28	  x0:0x00000000 x28:0x00000b39  x1=0x00000000
      85915.000 ns	      8590	80001db8	a065a6d3	feq.s	x13,f11,f6	 f11:0x7fc00000  f6:0x4f7fffff x13=0x00000000
      85935.000 ns	      8592	80001dbc	00af2533	slt	x10,x30,x10	 x30:0x80041024 x10:0x000001e8 x10=0x00000001
      85955.000 ns	      8594	80001dc0	e0070d53	fmv.x.w	x26,f14	 f14:0x80000001 x26=0x80000001
      85985.000 ns	      8597	80001dc4	f00e01d3	fmv.w.x	f3,x28	 x28:0x00000b39  f3=0x00000b39
      86005.000 ns	      8599	80001dc8	0097c333	xor	x6,x15,x9	 x15:0x4b7dfbe7  x9:0x00000001  x6=0x4b7dfbe6
      86025.000 ns	      8601	80001dcc	e00894d3	fclass.s	x9,f17	 f17:0x00000001  x9=0x00000020
      86065.000 ns	      8605	80001dd0	19f8afd3	fdiv.s	f31,f17,f31	 f17:0x00000001 f31:0x7fc00000 f31=0x7fc00000
      86095.000 ns	      8608	80001dd4	0372ed33	rem	x26,x5,x23	  x5:0x00000001 x23:0x00000000 x26=0x00000001
      86465.000 ns	      8645	80001dd8	02447933	remu	x18,x8,x4	  x8:0x80041024  x4:0x54ab7822 x18=0x2b589802
      86495.000 ns	      8648	80001ddc	03543eb3	mulhu	x29,x8,x21	  x8:0x80041024 x21:0x54ab7822 x29=0x2a571415
      86525.000 ns	      8651	80001de0	2179ac53	fsgnjx.s	f24,f19,f23	 f19:0x00000001 f23:0x80000001 f24=0x80000001
      86555.000 ns	      8654	80001de4	036f2fb3	mulhsu	x31,x30,x22	 x30:0x80041024 x22:0x00000000 x31=0x00000000
      86575.000 ns	      8656	80001de8	3f543893	sltiu	x17,x8,1013	  x8:0x80041024 x17=0x00000000
      86595.000 ns	      8658	80001dec	a1d89e53	flt.s	x28,f17,f29	 f17:0x00000001 f29:0x00000001 x28=0x00000000
      86625.000 ns	      8661	80001df0	c009c2d3	fcvt.w.s	x5,f19	 f19:0x00000001  x5=0x00000000
      86655.000 ns	      8664	80001df4	d009f2d3	fcvt.s.w	f5,x19	 x19:0x00000000  f5=0x00000000
      86685.000 ns	      8667	80001df8	e00d8bd3	fmv.x.w	x23,f27	 f27:0x00000000 x23=0x00000000
      86715.000 ns	      8670	80001dfc	a1f89c53	flt.s	x24,f17,f31	 f17:0x00000001 f31:0x7fc00000 x24=0x00000000
      86735.000 ns	      8672	80001e00	40b2d3b3	sra	x7,x5,x11	  x5:0x00000000 x11:0x80040fe4  x7=0x00000000
      86745.000 ns	      8673	80001e04	41df0db3	sub	x27,x30,x29	 x30:0x80041024 x29:0x2a571415 x27=0x55acfc0f
      86765.000 ns	      8675	80001e08	213b8353	fsgnj.s	f6,f23,f19	 f23:0x80000001 f19:0x00000001  f6=0x00000001
      86785.000 ns	      8677	80001e0c	41ee5fb3	sra	x31,x28,x30	 x28:0x00000000 x30:0x80041024 x31=0x00000000
      86805.000 ns	      8679	80001e10	29820253	fmin.s	f4,f4,f24	  f4:0x1b3abe38 f24:0x80000001  f4=0x80000001
      86835.000 ns	      8682	80001e14	21e9a053	fsgnjx.s	f0,f19,f30	 f19:0x00000001 f30:0x4b7dfbe7  f0=0x00000001
      86865.000 ns	      8685	80001e18	03bc0633	mul	x12,x24,x27	 x24:0x00000000 x27:0x55acfc0f x12=0x00000000
      86905.000 ns	      8689	80001e1c	58047f53	fsqrt.s	f30,f8	  f8:0x7fc00000 f30=0x7fc00000
      86925.000 ns	      8691	80001e20	416853b3	sra	x7,x16,x22	 x16:0x5c693d10 x22:0x00000000  x7=0x5c693d10
      86945.000 ns	      8693	80001e24	d01e4f53	fcvt.s.wu	f30,x28	 x28:0x00000000 f30=0x00000000
      86975.000 ns	      8696	80001e28	211e84d3	fsgnj.s	f9,f29,f17	 f29:0x00000001 f17:0x00000001  f9=0x00000001
      87005.000 ns	      8699	80001e2c	d009f353	fcvt.s.w	f6,x19	 x19:0x00000000  f6=0x00000000
      87035.000 ns	      8702	80001e30	a1618353	fle.s	x6,f3,f22	  f3:0x00000b39 f22:0x7fc00000  x6=0x00000000
      87055.000 ns	      8704	80001e34	01611513	slli	x10,x2,0x16	  x2:0x00000000 x10=0x00000000
      87065.000 ns	      8705	80001e38	40bfde33	sra	x28,x31,x11	 x31:0x00000000 x11:0x80040fe4 x28=0x00000000
      87075.000 ns	      8706	80001e3c	f9dc8e13	addi	x28,x25,-99	 x25:0x00000000 x28=0xffffff9d
      87085.000 ns	      8707	80001e40	04837413	andi	x8,x6,72	  x6:0x00000000  x8=0x00000000
      87105.000 ns	      8709	80001e44	e0079dd3	fclass.s	x27,f15	 f15:0x7fc00000 x27=0x00000200
      87135.000 ns	      8712	80001e48	c00bb4d3	fcvt.w.s	x9,f23	 f23:0x80000001  x9=0x00000000
      87155.000 ns	      8714	80001e4c	00fe23b3	slt	x7,x28,x15	 x28:0xffffff9d x15:0x4b7dfbe7  x7=0x00000001
      88045.000 ns	      8803	80001e50	580efb53	fsqrt.s	f22,f29	 f29:0x00000001 f22=0x1f350483
      88065.000 ns	      8805	80001e54	003236b3	sltu	x13,x4,x3	  x4:0x54ab7822  x3:0x00000000 x13=0x00000000
      88085.000 ns	      8807	80001e58	c00d24d3	fcvt.w.s	x9,f26	 f26:0x00000000  x9=0x00000000
      88115.000 ns	      8810	80001e5c	a113a153	feq.s	x2,f7,f17	  f7:0x7fc00000 f17:0x00000001  x2=0x00000000
      88155.000 ns	      8814	80001e60	10c3f2d3	fmul.s	f5,f7,f12	  f7:0x7fc00000 f12:0x80000001  f5=0x7fc00000
      88185.000 ns	      8817	80001e64	c01b04d3	fcvt.wu.s	x9,f22	 f22:0x1f350483  x9=0x00000000
      88205.000 ns	      8819	80001e68	fc477797	auipc	x15,0xfc477	 x15=0x7c478e68
      88215.000 ns	      8820	80001e6c	41305933	sra	x18,x0,x19	  x0:0x00000000 x19:0x00000000 x18=0x00000000
      88225.000 ns	      8821	80001e70	0112f033	and	x0,x5,x17	  x5:0x00000000 x17:0x00000000
      88245.000 ns	      8823	80001e74	c00e8453	fcvt.w.s	x8,f29	 f29:0x00000001  x8=0x00000000
      88265.000 ns	      8825	80001e78	409763b7	lui	x7,0x40976	  x7=0x40976000
      88625.000 ns	      8861	80001e7c	03ee7a33	remu	x20,x28,x30	 x28:0xffffff9d x30:0x80041024 x20=0x7ffbef79
      88645.000 ns	      8863	80001e80	012812b3	sll	x5,x16,x18	 x16:0x5c693d10 x18:0x00000000  x5=0x5c693d10
      88665.000 ns	      8865	80001e84	02252b33	mulhsu	x22,x10,x2	 x10:0x00000000  x2:0x00000000 x22=0x00000000
      88695.000 ns	      8868	80001e88	033993b3	mulh	x7,x19,x19	 x19:0x00000000 x19:0x00000000  x7=0x00000000
      88715.000 ns	      8870	80001e8c	41705fb3	sra	x31,x0,x23	  x0:0x00000000 x23:0x00000000 x31=0x00000000
      88735.000 ns	      8872	80001e90	a010a3d3	feq.s	x7,f1,f1	  f1:0x1f350483  f1:0x1f350483  x7=0x00000001
      88765.000 ns	      8875	80001e94	a018a753	feq.s	x14,f17,f1	 f17:0x00000001  f1:0x1f350483 x14=0x00000000
      88795.000 ns	      8878	80001e98	a1e98a53	fle.s	x20,f19,f30	 f19:0x00000001 f30:0x00000000 x20=0x00000000
      88825.000 ns	      8881	80001e9c	033bd333	divu	x6,x23,x19	 x23:0x00000000 x19:0x00000000  x6=0xffffffff
      89195.000 ns	      8918	80001ea0	025278b3	remu	x17,x4,x5	  x4:0x54ab7822  x5:0x5c693d10 x17=0x54ab7822
      89215.000 ns	      8920	80001ea4	0094f613	andi	x12,x9,9	  x9:0x00000000 x12=0x00000000
      89225.000 ns	      8921	80001ea8	289b6293	ori	x5,x22,649	 x22:0x00000000  x5=0x00000289
      89235.000 ns	      8922	80001eac	01efacb3	slt	x25,x31,x30	 x31:0x00000000 x30:0x80041024 x25=0x00000000
      89245.000 ns	      8923	80001eb0	006104b3	add	x9,x2,x6	  x2:0x00000000  x6:0xffffffff  x9=0xffffffff
      89265.000 ns	      8925	80001eb4	02889fb3	mulh	x31,x17,x8	 x17:0x54ab7822  x8:0x00000000 x31=0x00000000
      89295.000 ns	      8928	80001eb8	204f0ed3	fsgnj.s	f29,f30,f4	 f30:0x00000000  f4:0x80000001 f29=0x80000000
      89325.000 ns	      8931	80001ebc	021178b3	remu	x17,x2,x1	  x2:0x00000000  x1:0x00000000 x17=0x00000000
      89355.000 ns	      8934	80001ec0	a1b30e53	fle.s	x28,f6,f27	  f6:0x00000000 f27:0x00000000 x28=0x00000001
      89385.000 ns	      8937	80001ec4	03f1a933	mulhsu	x18,x3,x31	  x3:0x00000000 x31:0x00000000 x18=0x00000000
      89405.000 ns	      8939	80001ec8	402b0d33	sub	x26,x22,x2	 x22:0x00000000  x2:0x00000000 x26=0x00000000
      89415.000 ns	      8940	80001ecc	00d35793	srli	x15,x6,0xd	  x6:0xffffffff x15=0x0007ffff
      89425.000 ns	      8941	80001ed0	9e0af9b7	lui	x19,0x9e0af	 x19=0x9e0af000
      89445.000 ns	      8943	80001ed4	29f40553	fmin.s	f10,f8,f31	  f8:0x7fc00000 f31:0x7fc00000 f10=0x7fc00000
      89475.000 ns	      8946	80001ed8	039c8633	mul	x12,x25,x25	 x25:0x00000000 x25:0x00000000 x12=0x00000000
      89505.000 ns	      8949	80001edc	202ca753	fsgnjx.s	f14,f25,f2	 f25:0x1f350483  f2:0x4f000000 f14=0x1f350483
      89555.000 ns	      8954	80001ee0	00c9cb53	fadd.s	f22,f19,f12	 f19:0x00000001 f12:0x80000001 f22=0x80000000
      89575.000 ns	      8956	80001ee4	00b7ddb3	srl	x27,x15,x11	 x15:0x0007ffff x11:0x80040fe4 x27=0x00007fff
      89595.000 ns	      8958	80001ee8	a0321a53	flt.s	x20,f4,f3	  f4:0x80000001  f3:0x00000b39 x20=0x00000001
      89635.000 ns	      8962	80001eec	58078653	fsqrt.s	f12,f15	 f15:0x7fc00000 f12=0x7fc00000
      89665.000 ns	      8965	80001ef0	2157abd3	fsgnjx.s	f23,f15,f21	 f15:0x7fc00000 f21:0x43340000 f23=0x7fc00000
      89685.000 ns	      8967	80001ef4	00000013	addi	x0,x0,0	  x0:0x00000000
      90045.000 ns	      9003	80001ef8	03066e33	rem	x28,x12,x16	 x12:0x00000000 x16:0x5c693d10 x28=0x00000000
      90075.000 ns	      9006	80001efc	03590e33	mul	x28,x18,x21	 x18:0x00000000 x21:0x54ab7822 x28=0x00000000
      90095.000 ns	      9008	80001f00	d8e17113	andi	x2,x2,-626	  x2:0x00000000  x2=0x00000000
      90125.000 ns	      9011	80001f04	188fc1d3	fdiv.s	f3,f31,f8	 f31:0x7fc00000  f8:0x7fc00000  f3=0x7fc00000
      90145.000 ns	      9013	80001f08	01879793	slli	x15,x15,0x18	 x15:0x0007ffff x15=0xff000000
      90155.000 ns	      9014	80001f0c	033d7fb7	lui	x31,0x33d7	 x31=0x033d7000
      90175.000 ns	      9016	80001f10	03615db3	divu	x27,x2,x22	  x2:0x00000000 x22:0x00000000 x27=0xffffffff
      90195.000 ns	      9018	80001f14	00000013	addi	x0,x0,0	  x0:0x00000000
      90205.000 ns	      9019	80001f18	41ded2b3	sra	x5,x29,x29	 x29:0x2a571415 x29:0x2a571415  x5=0x00000152
      90215.000 ns	      9020	80001f1c	4051d713	srai	x14,x3,0x5	  x3:0x00000000 x14=0x00000000
      90225.000 ns	      9021	80001f20	01c15393	srli	x7,x2,0x1c	  x2:0x00000000  x7=0x00000000
      90245.000 ns	      9023	80001f24	c01ffdd3	fcvt.wu.s	x27,f31	 f31:0x7fc00000 x27=0xffffffff
      90275.000 ns	      9026	80001f28	21e22dd3	fsgnjx.s	f27,f4,f30	  f4:0x80000001 f30:0x00000000 f27=0x80000001
      90295.000 ns	      9028	80001f2c	0193b633	sltu	x12,x7,x25	  x7:0x00000000 x25:0x00000000 x12=0x00000000
      90305.000 ns	      9029	80001f30	01979db3	sll	x27,x15,x25	 x15:0xff000000 x25:0x00000000 x27=0xff000000
      90315.000 ns	      9030	80001f34	b2efbd13	sltiu	x26,x31,-1234	 x31:0x033d7000 x26=0x00000001
      90335.000 ns	      9032	80001f38	a1ec87d3	fle.s	x15,f25,f30	 f25:0x1f350483 f30:0x00000000 x15=0x00000000
      90355.000 ns	      9034	80001f3c	010bbbb7	lui	x23,0x10bb	 x23=0x010bb000
      90385.000 ns	      9037	80001f40	18a1f1d3	fdiv.s	f3,f3,f10	  f3:0x7fc00000 f10:0x7fc00000  f3=0x7fc00000
      90405.000 ns	      9039	80001f44	001dbe33	sltu	x28,x27,x1	 x27:0xff000000  x1:0x00000000 x28=0x00000000
      90425.000 ns	      9041	80001f48	d00af053	fcvt.s.w	f0,x21	 x21:0x54ab7822  f0=0x4ea956f0
      90445.000 ns	      9043	80001f4c	4017dc33	sra	x24,x15,x1	 x15:0x00000000  x1:0x00000000 x24=0x00000000
      90805.000 ns	      9079	80001f50	024bdcb3	divu	x25,x23,x4	 x23:0x010bb000  x4:0x54ab7822 x25=0x00000000
      90835.000 ns	      9082	80001f54	a08229d3	feq.s	x19,f4,f8	  f4:0x80000001  f8:0x7fc00000 x19=0x00000000
      90865.000 ns	      9085	80001f58	20862653	fsgnjx.s	f12,f12,f8	 f12:0x7fc00000  f8:0x7fc00000 f12=0x7fc00000
      90885.000 ns	      9087	80001f5c	78ccbf97	auipc	x31,0x78ccb	 x31=0xf8cccf5c
      90905.000 ns	      9089	80001f60	02217fb3	remu	x31,x2,x2	  x2:0x00000000  x2:0x00000000 x31=0x00000000
      90955.000 ns	      9094	80001f64	08ee4153	fsub.s	f2,f28,f14	 f28:0xffffffff f14:0x1f350483  f2=0x7fc00000
      90985.000 ns	      9097	80001f68	a15c1e53	flt.s	x28,f24,f21	 f24:0x80000001 f21:0x43340000 x28=0x00000001
      91015.000 ns	      9100	80001f6c	c01189d3	fcvt.wu.s	x19,f3	  f3:0x7fc00000 x19=0xffffffff
      91035.000 ns	      9102	80001f70	019b4cb3	xor	x25,x22,x25	 x22:0x00000000 x25:0x00000000 x25=0x00000000
      91055.000 ns	      9104	80001f74	29e68753	fmin.s	f14,f13,f30	 f13:0x7fc00000 f30:0x00000000 f14=0x00000000
      91075.000 ns	      9106	80001f78	0420e113	ori	x2,x1,66	  x1:0x00000000  x2=0x00000042
      91105.000 ns	      9109	80001f7c	580c7153	fsqrt.s	f2,f24	 f24:0x80000001  f2=0x7fc00000
      91135.000 ns	      9112	80001f80	a11faa53	feq.s	x20,f31,f17	 f31:0x7fc00000 f17:0x00000001 x20=0x00000000
      91155.000 ns	      9114	80001f84	0b236793	ori	x15,x6,178	  x6:0xffffffff x15=0xffffffff
      91165.000 ns	      9115	80001f88	4100d293	srai	x5,x1,0x10	  x1:0x00000000  x5=0x00000000
      91185.000 ns	      9117	80001f8c	d0093e53	fcvt.s.w	f28,x18	 x18:0x00000000 f28=0x00000000
      91205.000 ns	      9119	80001f90	00ea6db3	or	x27,x20,x14	 x20:0x00000000 x14:0x00000000 x27=0x00000000
      91225.000 ns	      9121	80001f94	d01c2253	fcvt.s.wu	f4,x24	 x24:0x00000000  f4=0x00000000
      91255.000 ns	      9124	80001f98	03311b33	mulh	x22,x2,x19	  x2:0x00000042 x19:0xffffffff x22=0xffffffff
      91275.000 ns	      9126	80001f9c	41e35733	sra	x14,x6,x30	  x6:0xffffffff x30:0x80041024 x14=0xffffffff
      91285.000 ns	      9127	80001fa0	014b3e33	sltu	x28,x22,x20	 x22:0xffffffff x20:0x00000000 x28=0x00000000
      91305.000 ns	      9129	80001fa4	a1b78a53	fle.s	x20,f15,f27	 f15:0x7fc00000 f27:0x80000001 x20=0x00000000
      91335.000 ns	      9132	80001fa8	d0078753	fcvt.s.w	f14,x15	 x15:0xffffffff f14=0xbf800000
      91705.000 ns	      9169	80001fac	022ee833	rem	x16,x29,x2	 x29:0x2a571415  x2:0x00000042 x16=0x0000001d
      91725.000 ns	      9171	80001fb0	bd0bb413	sltiu	x8,x23,-1072	 x23:0x010bb000  x8=0x00000001
      91755.000 ns	      9174	80001fb4	182df6d3	fdiv.s	f13,f27,f2	 f27:0x80000001  f2:0x7fc00000 f13=0x7fc00000
      91775.000 ns	      9176	80001fb8	004b41b3	xor	x3,x22,x4	 x22:0xffffffff  x4:0x54ab7822  x3=0xab5487dd
      91805.000 ns	      9179	80001fbc	18827053	fdiv.s	f0,f4,f8	  f4:0x00000000  f8:0x7fc00000  f0=0x7fc00000
      91825.000 ns	      9181	80001fc0	cc56c817	auipc	x16,0xcc56c	 x16=0x4c56dfc0
      91835.000 ns	      9182	80001fc4	01d5bb33	sltu	x22,x11,x29	 x11:0x80040fe4 x29:0x2a571415 x22=0x00000000
      91855.000 ns	      9184	80001fc8	d0089053	fcvt.s.w	f0,x17	 x17:0x00000000  f0=0x00000000
      91885.000 ns	      9187	80001fcc	28ff9e53	fmax.s	f28,f31,f15	 f31:0x7fc00000 f15:0x7fc00000 f28=0x7fc00000
      91905.000 ns	      9189	80001fd0	016ad913	srli	x18,x21,0x16	 x21:0x54ab7822 x18=0x00000152
      91935.000 ns	      9192	80001fd4	580b8253	fsqrt.s	f4,f23	 f23:0x7fc00000  f4=0x7fc00000
      91965.000 ns	      9195	80001fd8	f0098e53	fmv.w.x	f28,x19	 x19:0xffffffff f28=0xffffffff
      91995.000 ns	      9198	80001fdc	28188dd3	fmin.s	f27,f17,f1	 f17:0x00000001  f1:0x1f350483 f27=0x00000001
      92015.000 ns	      9200	80001fe0	00fea533	slt	x10,x29,x15	 x29:0x2a571415 x15:0xffffffff x10=0x00000000
      92055.000 ns	      9204	80001fe4	082f44d3	fsub.s	f9,f30,f2	 f30:0x00000000  f2:0x7fc00000  f9=0x7fc00000
      92085.000 ns	      9207	80001fe8	029fb7b3	mulhu	x15,x31,x9	 x31:0x00000000  x9:0xffffffff x15=0x00000000
      92105.000 ns	      9209	80001fec	4025dbb3	sra	x23,x11,x2	 x11:0x80040fe4  x2:0x00000042 x23=0xe00103f9
      92465.000 ns	      9245	80001ff0	0308fa33	remu	x20,x17,x16	 x17:0x00000000 x16:0x4c56dfc0 x20=0x00000000
      92495.000 ns	      9248	80001ff4	a05004d3	fle.s	x9,f0,f5	  f0:0x00000000  f5:0x7fc00000  x9=0x00000000
      92525.000 ns	      9251	80001ff8	f00502d3	fmv.w.x	f5,x10	 x10:0x00000000  f5=0x00000000
      92565.000 ns	      9255	80001ffc	1854f6d3	fdiv.s	f13,f9,f5	  f9:0x7fc00000  f5:0x7fc00000 f13=0x7fc00000
      92595.000 ns	      9258	80002000	29f11f53	fmax.s	f30,f2,f31	  f2:0x7fc00000 f31:0x7fc00000 f30=0x7fc00000
      92615.000 ns	      9260	80002004	006e7433	and	x8,x28,x6	 x28:0x00000000  x6:0xffffffff  x8=0x00000000
      92635.000 ns	      9262	80002008	03f29c33	mulh	x24,x5,x31	  x5:0x00000000 x31:0x00000000 x24=0x00000000
      92655.000 ns	      9264	8000200c	a308b893	sltiu	x17,x17,-1488	 x17:0x00000000 x17=0x00000001
      92675.000 ns	      9266	80002010	e00d08d3	fmv.x.w	x17,f26	 f26:0x00000000 x17=0x00000000
      92695.000 ns	      9268	80002014	979f4e97	auipc	x29,0x979f4	 x29=0x179f6014
      92705.000 ns	      9269	80002018	eae2ba13	sltiu	x20,x5,-338	  x5:0x00000000 x20=0x00000001
      92715.000 ns	      9270	8000201c	c37a0613	addi	x12,x20,-969	 x20:0x00000000 x12=0xfffffc38
      92735.000 ns	      9272	80002020	e0049e53	fclass.s	x28,f9	  f9:0x7fc00000 x28=0x00000200
      92775.000 ns	      9276	80002024	115e3cd3	fmul.s	f25,f28,f21	 f28:0xffffffff f21:0x43340000 f25=0x7fc00000
      92795.000 ns	      9278	80002028	df754093	xori	x1,x10,-521	 x10:0x00000000  x1=0xfffffdf7
      92815.000 ns	      9280	8000202c	a1672bd3	feq.s	x23,f14,f22	 f14:0xbf800000 f22:0x80000000 x23=0x00000000
      92835.000 ns	      9282	80002030	d4c04813	xori	x16,x0,-692	  x0:0x00000000 x16=0xfffffd4c
      92855.000 ns	      9284	80002034	209495d3	fsgnjn.s	f11,f9,f9	  f9:0x7fc00000  f9:0x7fc00000 f11=0xffc00000
      92885.000 ns	      9287	80002038	020eebb3	rem	x23,x29,x0	 x29:0x179f6014  x0:0x00000000 x23=0x179f6014
      92915.000 ns	      9290	8000203c	02c684b3	mul	x9,x13,x12	 x13:0x00000000 x12:0xfffffc38  x9=0x00000000
      92945.000 ns	      9293	80002040	d0137ad3	fcvt.s.wu	f21,x6	  x6:0xffffffff f21=0x4f7fffff
      92965.000 ns	      9295	80002044	011bde93	srli	x29,x23,0x11	 x23:0x179f6014 x29=0x00000bcf
      92985.000 ns	      9297	80002048	e0060353	fmv.x.w	x6,f12	 f12:0x7fc00000  x6=0x7fc00000
      93015.000 ns	      9300	8000204c	d005f453	fcvt.s.w	f8,x11	 x11:0x80040fe4  f8=0xcefff7e0
      93035.000 ns	      9302	80002050	006eda33	srl	x20,x29,x6	 x29:0x00000bcf  x6:0x7fc00000 x20=0x00000bcf
      93055.000 ns	      9304	80002054	d011b3d3	fcvt.s.wu	f7,x3	  x3:0xab5487dd  f7=0x4f2b5488
      93075.000 ns	      9306	80002058	00618133	add	x2,x3,x6	  x3:0xab5487dd  x6:0x7fc00000  x2=0x2b1487dd
      93085.000 ns	      9307	8000205c	01181233	sll	x4,x16,x17	 x16:0xfffffd4c x17:0x00000000  x4=0xfffffd4c
      93105.000 ns	      9309	80002060	020dab33	mulhsu	x22,x27,x0	 x27:0x00000000  x0:0x00000000 x22=0x00000000
      93125.000 ns	      9311	80002064	006bcd33	xor	x26,x23,x6	 x23:0x179f6014  x6:0x7fc00000 x26=0x685f6014
      93145.000 ns	      9313	80002068	026b8433	mul	x8,x23,x6	 x23:0x179f6014  x6:0x7fc00000  x8=0xfb000000
      93175.000 ns	      9316	8000206c	a0300753	fle.s	x14,f0,f3	  f0:0x00000000  f3:0x7fc00000 x14=0x00000000
      93205.000 ns	      9319	80002070	f00b89d3	fmv.w.x	f19,x23	 x23:0x179f6014 f19=0x179f6014
      93235.000 ns	      9322	80002074	a19388d3	fle.s	x17,f7,f25	  f7:0x4f2b5488 f25:0x7fc00000 x17=0x00000000
      93265.000 ns	      9325	80002078	0280bfb3	mulhu	x31,x1,x8	  x1:0xfffffdf7  x8:0xfb000000 x31=0xfafffe01
      93295.000 ns	      9328	8000207c	d018f053	fcvt.s.wu	f0,x17	 x17:0x00000000  f0=0x00000000
      93315.000 ns	      9330	80002080	00000013	addi	x0,x0,0	  x0:0x00000000
      93325.000 ns	      9331	80002084	012f6a33	or	x20,x30,x18	 x30:0x80041024 x18:0x00000152 x20=0x80041176
      93335.000 ns	      9332	80002088	01f47333	and	x6,x8,x31	  x8:0xfb000000 x31:0xfafffe01  x6=0xfa000000
      93355.000 ns	      9334	8000208c	2000add3	fsgnjx.s	f27,f1,f0	  f1:0x1f350483  f0:0x00000000 f27=0x1f350483
      93385.000 ns	      9337	80002090	c00b4ed3	fcvt.w.s	x29,f22	 f22:0x80000000 x29=0x00000000
      93415.000 ns	      9340	80002094	0204f733	remu	x14,x9,x0	  x9:0x00000000  x0:0x00000000 x14=0x00000000
      93435.000 ns	      9342	80002098	07ae2093	slti	x1,x28,122	 x28:0x00000200  x1=0x00000000
      93455.000 ns	      9344	8000209c	e00f9053	fclass.s	x0,f31	 f31:0x7fc00000
      93475.000 ns	      9346	800020a0	0164fb33	and	x22,x9,x22	  x9:0x00000000 x22:0x00000000 x22=0x00000000
      93495.000 ns	      9348	800020a4	e0019dd3	fclass.s	x27,f3	  f3:0x7fc00000 x27=0x00000200
      93525.000 ns	      9351	800020a8	03925233	divu	x4,x4,x25	  x4:0xfffffd4c x25:0x00000000  x4=0xffffffff
      93555.000 ns	      9354	800020ac	c01af3d3	fcvt.wu.s	x7,f21	 f21:0x4f7fffff  x7=0xffffff00
      93575.000 ns	      9356	800020b0	e33a5317	auipc	x6,0xe33a5	  x6=0x633a70b0
      93585.000 ns	      9357	800020b4	0068aeb3	slt	x29,x17,x6	 x17:0x00000000  x6:0xfa000000 x29=0x00000001
      93595.000 ns	      9358	800020b8	debfaa13	slti	x20,x31,-533	 x31:0xfafffe01 x20=0x00000001
      93615.000 ns	      9360	800020bc	03c48833	mul	x16,x9,x28	  x9:0x00000000 x28:0x00000200 x16=0x00000000
      93645.000 ns	      9363	800020c0	02871fb3	mulh	x31,x14,x8	 x14:0x00000000  x8:0xfb000000 x31=0x00000000
      93665.000 ns	      9365	800020c4	001cc3b3	xor	x7,x25,x1	 x25:0x00000000  x1:0x00000000  x7=0x00000000
      93675.000 ns	      9366	800020c8	088f3613	sltiu	x12,x30,136	 x30:0x80041024 x12=0x00000000
      93695.000 ns	      9368	800020cc	a06da3d3	feq.s	x7,f27,f6	 f27:0x1f350483  f6:0x00000000  x7=0x00000000
      93715.000 ns	      9370	800020d0	01f9d8b3	srl	x17,x19,x31	 x19:0xffffffff x31:0x00000000 x17=0xffffffff
      93735.000 ns	      9372	800020d4	20932753	fsgnjx.s	f14,f6,f9	  f6:0x00000000  f9:0x7fc00000 f14=0x00000000
      93755.000 ns	      9374	800020d8	b254bd93	sltiu	x27,x9,-1243	  x9:0x00000000 x27=0x00000001
      93765.000 ns	      9375	800020dc	71e0fc17	auipc	x24,0x71e0f	 x24=0xf1e110dc
      93785.000 ns	      9377	800020e0	e00018d3	fclass.s	x17,f0	  f0:0x00000000 x17=0x00000010
      93805.000 ns	      9379	800020e4	0126dd93	srli	x27,x13,0x12	 x13:0x00000000 x27=0x00000000
      93815.000 ns	      9380	800020e8	c1e44093	xori	x1,x8,-994	  x8:0xfb000000  x1=0x04fffc1e
      93825.000 ns	      9381	800020ec	017b12b3	sll	x5,x22,x23	 x22:0x00000000 x23:0x179f6014  x5=0x00000000
      93845.000 ns	      9383	800020f0	e0000353	fmv.x.w	x6,f0	  f0:0x00000000  x6=0x00000000
      93875.000 ns	      9386	800020f4	033a0433	mul	x8,x20,x19	 x20:0x00000001 x19:0xffffffff  x8=0xffffffff
      93905.000 ns	      9389	800020f8	215202d3	fsgnj.s	f5,f4,f21	  f4:0x7fc00000 f21:0x4f7fffff  f5=0x7fc00000
      93935.000 ns	      9392	800020fc	290b1ed3	fmax.s	f29,f22,f16	 f22:0x80000000 f16:0x80041024 f29=0x80000000
      94305.000 ns	      9429	80002100	0227f0b3	remu	x1,x15,x2	 x15:0x00000000  x2:0x2b1487dd  x1=0x00000000
      94335.000 ns	      9432	80002104	c01fbd53	fcvt.wu.s	x26,f31	 f31:0x7fc00000 x26=0xffffffff
      94365.000 ns	      9435	80002108	03ec8733	mul	x14,x25,x30	 x25:0x00000000 x30:0x80041024 x14=0x00000000
      94385.000 ns	      9437	8000210c	b7ca4893	xori	x17,x20,-1156	 x20:0x00000001 x17=0xfffffb7d
      94395.000 ns	      9438	80002110	01b520b3	slt	x1,x10,x27	 x10:0x00000000 x27:0x00000000  x1=0x00000000
      94425.000 ns	      9441	80002114	5807fed3	fsqrt.s	f29,f15	 f15:0x7fc00000 f29=0x7fc00000
      94465.000 ns	      9445	80002118	10f3f653	fmul.s	f12,f7,f15	  f7:0x4f2b5488 f15:0x7fc00000 f12=0x7fc00000
      94495.000 ns	      9448	8000211c	f00a81d3	fmv.w.x	f3,x21	 x21:0x54ab7822  f3=0x54ab7822
      94525.000 ns	      9451	80002120	21ef0953	fsgnj.s	f18,f30,f30	 f30:0x7fc00000 f30:0x7fc00000 f18=0x7fc00000
      94545.000 ns	      9453	80002124	01135fb3	srl	x31,x6,x17	  x6:0x00000000 x17:0xfffffb7d x31=0x00000000
      94565.000 ns	      9455	80002128	029b6d33	rem	x26,x22,x9	 x22:0x00000000  x9:0x00000000 x26=0x00000000
      94595.000 ns	      9458	8000212c	028401b3	mul	x3,x8,x8	  x8:0xffffffff  x8:0xffffffff  x3=0x00000001
      94625.000 ns	      9461	80002130	d01ecf53	fcvt.s.wu	f30,x29	 x29:0x00000001 f30=0x3f800000
      94655.000 ns	      9464	80002134	f00082d3	fmv.w.x	f5,x1	  x1:0x00000000  f5=0x00000000
      94675.000 ns	      9466	80002138	00454fb3	xor	x31,x10,x4	 x10:0x00000000  x4:0xffffffff x31=0xffffffff
      94695.000 ns	      9468	8000213c	29c39253	fmax.s	f4,f7,f28	  f7:0x4f2b5488 f28:0xffffffff  f4=0x4f2b5488
      94725.000 ns	      9471	80002140	206ba0d3	fsgnjx.s	f1,f23,f6	 f23:0x7fc00000  f6:0x00000000  f1=0x7fc00000
      94755.000 ns	      9474	80002144	c01bf753	fcvt.wu.s	x14,f23	 f23:0x7fc00000 x14=0xffffffff
      94775.000 ns	      9476	80002148	01dcaeb3	slt	x29,x25,x29	 x25:0x00000000 x29:0x00000001 x29=0x00000001
      94795.000 ns	      9478	8000214c	c0187853	fcvt.wu.s	x16,f16	 f16:0x80041024 x16=0x00000000
      94815.000 ns	      9480	80002150	01fffbb3	and	x23,x31,x31	 x31:0xffffffff x31:0xffffffff x23=0xffffffff
      94825.000 ns	      9481	80002154	4197d813	srai	x16,x15,0x19	 x15:0x00000000 x16=0x00000000
      94835.000 ns	      9482	80002158	015817b3	sll	x15,x16,x21	 x16:0x00000000 x21:0x54ab7822 x15=0x00000000
      94855.000 ns	      9484	8000215c	c0180953	fcvt.wu.s	x18,f16	 f16:0x80041024 x18=0x00000000
      94895.000 ns	      9488	80002160	58017653	fsqrt.s	f12,f2	  f2:0x7fc00000 f12=0x7fc00000
      94915.000 ns	      9490	80002164	015cf133	and	x2,x25,x21	 x25:0x00000000 x21:0x54ab7822  x2=0x00000000
      94935.000 ns	      9492	80002168	f00e0ad3	fmv.w.x	f21,x28	 x28:0x00000200 f21=0x00000200
      94955.000 ns	      9494	8000216c	00000013	addi	x0,x0,0	  x0:0x00000000
      94975.000 ns	      9496	80002170	d01bc9d3	fcvt.s.wu	f19,x23	 x23:0xffffffff f19=0x4f800000
      95005.000 ns	      9499	80002174	03c5b633	mulhu	x12,x11,x28	 x11:0x80040fe4 x28:0x00000200 x12=0x00000100
      95025.000 ns	      9501	80002178	01d128b3	slt	x17,x2,x29	  x2:0x00000000 x29:0x00000001 x17=0x00000001
      95045.000 ns	      9503	8000217c	03291b33	mulh	x22,x18,x18	 x18:0x00000000 x18:0x00000000 x22=0x00000000
      95075.000 ns	      9506	80002180	d01ea4d3	fcvt.s.wu	f9,x29	 x29:0x00000001  f9=0x3f800000
      95095.000 ns	      9508	80002184	00485d13	srli	x26,x16,0x4	 x16:0x00000000 x26=0x00000000
      95125.000 ns	      9511	80002188	10914dd3	fmul.s	f27,f2,f9	  f2:0x7fc00000  f9:0x3f800000 f27=0x7fc00000
      95145.000 ns	      9513	8000218c	00bbd233	srl	x4,x23,x11	 x23:0xffffffff x11:0x80040fe4  x4=0x0fffffff
      95505.000 ns	      9549	80002190	02ba5e33	divu	x28,x20,x11	 x20:0x00000001 x11:0x80040fe4 x28=0x00000000
      95525.000 ns	      9551	80002194	41ff0133	sub	x2,x30,x31	 x30:0x80041024 x31:0xffffffff  x2=0x80041025
      95535.000 ns	      9552	80002198	40665fb3	sra	x31,x12,x6	 x12:0x00000100  x6:0x00000000 x31=0x00000100
      95545.000 ns	      9553	8000219c	63390613	addi	x12,x18,1587	 x18:0x00000000 x12=0x00000633
      95565.000 ns	      9555	800021a0	a00e9453	flt.s	x8,f29,f0	 f29:0x7fc00000  f0:0x00000000  x8=0x00000000
      95595.000 ns	      9558	800021a4	218a2bd3	fsgnjx.s	f23,f20,f24	 f20:0x80000001 f24:0x80000001 f23=0x00000001
      95935.000 ns	      9592	800021a8	1898fb53	fdiv.s	f22,f17,f9	 f17:0x00000001  f9:0x3f800000 f22=0x00000000
      95965.000 ns	      9595	800021ac	21d8a5d3	fsgnjx.s	f11,f17,f29	 f17:0x00000001 f29:0x7fc00000 f11=0x00000001
      96335.000 ns	      9632	800021b0	03856a33	rem	x20,x10,x24	 x10:0x00000000 x24:0xf1e110dc x20=0x00000000
      96365.000 ns	      9635	800021b4	e00b82d3	fmv.x.w	x5,f23	 f23:0x00000001  x5=0x00000001
      96735.000 ns	      9672	800021b8	0350d0b3	divu	x1,x1,x21	  x1:0x00000000 x21:0x54ab7822  x1=0x00000000
      96755.000 ns	      9674	800021bc	4149d0b3	sra	x1,x19,x20	 x19:0xffffffff x20:0x00000000  x1=0xffffffff
      96765.000 ns	      9675	800021c0	01c67433	and	x8,x12,x28	 x12:0x00000633 x28:0x00000000  x8=0x00000000
      96785.000 ns	      9677	800021c4	a03dafd3	feq.s	x31,f27,f3	 f27:0x7fc00000  f3:0x54ab7822 x31=0x00000000
      96815.000 ns	      9680	800021c8	20e603d3	fsgnj.s	f7,f12,f14	 f12:0x7fc00000 f14:0x00000000  f7=0x7fc00000
      96845.000 ns	      9683	800021cc	20330ed3	fsgnj.s	f29,f6,f3	  f6:0x00000000  f3:0x54ab7822 f29=0x00000000
      96875.000 ns	      9686	800021d0	02399833	mulh	x16,x19,x3	 x19:0xffffffff  x3:0x00000001 x16=0xffffffff
      96905.000 ns	      9689	800021d4	038001b3	mul	x3,x0,x24	  x0:0x00000000 x24:0xf1e110dc  x3=0x00000000
      96925.000 ns	      9691	800021d8	01b49e33	sll	x28,x9,x27	  x9:0x00000000 x27:0x00000000 x28=0x00000000
      96945.000 ns	      9693	800021dc	d01272d3	fcvt.s.wu	f5,x4	  x4:0x0fffffff  f5=0x4d7fffff
      96965.000 ns	      9695	800021e0	cfc2e213	ori	x4,x5,-772	  x5:0x00000001  x4=0xfffffcfd
      96975.000 ns	      9696	800021e4	40525533	sra	x10,x4,x5	  x4:0x0fffffff  x5:0x00000001 x10=0xfffffe7e
      97015.000 ns	      9700	800021e8	09c28cd3	fsub.s	f25,f5,f28	  f5:0x4d7fffff f28:0xffffffff f25=0x7fc00000
      97045.000 ns	      9703	800021ec	28bd96d3	fmax.s	f13,f27,f11	 f27:0x7fc00000 f11:0x00000001 f13=0x00000001
      97075.000 ns	      9706	800021f0	020679b3	remu	x19,x12,x0	 x12:0x00000633  x0:0x00000000 x19=0x00000633
      97105.000 ns	      9709	800021f4	f00789d3	fmv.w.x	f19,x15	 x15:0x00000000 f19=0x00000000
      97145.000 ns	      9713	800021f8	189d76d3	fdiv.s	f13,f26,f9	 f26:0x00000000  f9:0x3f800000 f13=0x00000000
      97175.000 ns	      9716	800021fc	c0027953	fcvt.w.s	x18,f4	  f4:0x4f2b5488 x18=0x7fffffff
      97205.000 ns	      9719	80002200	a1440453	fle.s	x8,f8,f20	  f8:0xcefff7e0 f20:0x80000001  x8=0x00000001
      97225.000 ns	      9721	80002204	6ec50d93	addi	x27,x10,1772	 x10:0xfffffe7e x27=0x0000056a
      97235.000 ns	      9722	80002208	00a45b13	srli	x22,x8,0xa	  x8:0x00000001 x22=0x00000000
      97595.000 ns	      9758	8000220c	03eb7c33	remu	x24,x22,x30	 x22:0x00000000 x30:0x80041024 x24=0x00000000
      97615.000 ns	      9760	80002210	000b8033	add	x0,x23,x0	 x23:0xffffffff  x0:0x00000000
      97635.000 ns	      9762	80002214	03390733	mul	x14,x18,x19	 x18:0x7fffffff x19:0x00000633 x14=0x7ffff9cd
      97655.000 ns	      9764	80002218	00f0feb3	and	x29,x1,x15	  x1:0xffffffff x15:0x00000000 x29=0x00000000
      97675.000 ns	      9766	8000221c	02ada9b3	mulhsu	x19,x27,x10	 x27:0x0000056a x10:0xfffffe7e x19=0x00000569
      97705.000 ns	      9769	80002220	28a58953	fmin.s	f18,f11,f10	 f11:0x00000001 f10:0x7fc00000 f18=0x00000001
      97735.000 ns	      9772	80002224	d019fad3	fcvt.s.wu	f21,x19	 x19:0x00000569 f21=0x44ad2000
      97755.000 ns	      9774	80002228	e01d9537	lui	x10,0xe01d9	 x10=0xe01d9000
      97765.000 ns	      9775	8000222c	013e9033	sll	x0,x29,x19	 x29:0x00000000 x19:0x00000569
      97795.000 ns	      9778	80002230	58031053	fsqrt.s	f0,f6	  f6:0x00000000  f0=0x00000000
      97825.000 ns	      9781	80002234	284e0cd3	fmin.s	f25,f28,f4	 f28:0xffffffff  f4:0x4f2b5488 f25=0x4f2b5488
      97855.000 ns	      9784	80002238	280e8bd3	fmin.s	f23,f29,f0	 f29:0x00000000  f0:0x00000000 f23=0x00000000
      97885.000 ns	      9787	8000223c	21df94d3	fsgnjn.s	f9,f31,f29	 f31:0x7fc00000 f29:0x00000000  f9=0xffc00000
      97915.000 ns	      9790	80002240	d005f753	fcvt.s.w	f14,x11	 x11:0x80040fe4 f14=0xcefff7e0
      97945.000 ns	      9793	80002244	02161d33	mulh	x26,x12,x1	 x12:0x00000633  x1:0xffffffff x26=0xffffffff
      97985.000 ns	      9797	80002248	184d2b53	fdiv.s	f22,f26,f4	 f26:0x00000000  f4:0x4f2b5488 f22=0x00000000
      98015.000 ns	      9800	8000224c	a12ea8d3	feq.s	x17,f29,f18	 f29:0x00000000 f18:0x00000001 x17=0x00000000
      98035.000 ns	      9802	80002250	00a32fb3	slt	x31,x6,x10	  x6:0x00000000 x10:0xe01d9000 x31=0x00000000
      98045.000 ns	      9803	80002254	00209e93	slli	x29,x1,0x2	  x1:0xffffffff x29=0xfffffffc
      98085.000 ns	      9807	80002258	087e2453	fsub.s	f8,f28,f7	 f28:0xffffffff  f7:0x7fc00000  f8=0x7fc00000
      98125.000 ns	      9811	8000225c	18fd3d53	fdiv.s	f26,f26,f15	 f26:0x00000000 f15:0x7fc00000 f26=0x7fc00000
      98145.000 ns	      9813	80002260	41565093	srai	x1,x12,0x15	 x12:0x00000633  x1=0x00000000
      98155.000 ns	      9814	80002264	0012d993	srli	x19,x5,0x1	  x5:0x00000001 x19=0x00000000
      98165.000 ns	      9815	80002268	007bb433	sltu	x8,x23,x7	 x23:0xffffffff  x7:0x00000000  x8=0x00000000
      98185.000 ns	      9817	8000226c	0201efb3	rem	x31,x3,x0	  x3:0x00000000  x0:0x00000000 x31=0x00000000
      98205.000 ns	      9819	80002270	00efbbb3	sltu	x23,x31,x14	 x31:0x00000000 x14:0x7ffff9cd x23=0x00000001
      98215.000 ns	      9820	80002274	32ebac13	slti	x24,x23,814	 x23:0xffffffff x24=0x00000001
      98225.000 ns	      9821	80002278	c257a213	slti	x4,x15,-987	 x15:0x00000000  x4=0x00000000
      98585.000 ns	      9857	8000227c	038c6b33	rem	x22,x24,x24	 x24:0x00000000 x24:0x00000000 x22=0x00000000
      98615.000 ns	      9860	80002280	f00d0853	fmv.w.x	f16,x26	 x26:0xffffffff f16=0xffffffff
      98665.000 ns	      9865	80002284	0803fed3	fsub.s	f29,f7,f0	  f7:0x7fc00000  f0:0x00000000 f29=0x7fc00000
      98695.000 ns	      9868	80002288	e00499d3	fclass.s	x19,f9	  f9:0xffc00000 x19=0x00000200
      98725.000 ns	      9871	8000228c	a0e89953	flt.s	x18,f17,f14	 f17:0x00000001 f14:0xcefff7e0 x18=0x00000000
      98765.000 ns	      9875	80002290	189bf3d3	fdiv.s	f7,f23,f9	 f23:0x00000000  f9:0xffc00000  f7=0x7fc00000
      98785.000 ns	      9877	80002294	f7173613	sltiu	x12,x14,-143	 x14:0x7ffff9cd x12=0x00000001
      98805.000 ns	      9879	80002298	e00309d3	fmv.x.w	x19,f6	  f6:0x00000000 x19=0x00000000
      98835.000 ns	      9882	8000229c	a0cb0e53	fle.s	x28,f22,f12	 f22:0x00000000 f12:0x7fc00000 x28=0x00000000
      98855.000 ns	      9884	800022a0	011bb433	sltu	x8,x23,x17	 x23:0x00000001 x17:0x00000000  x8=0x00000000
     100025.000 ns	     10001	800022a4	5801f053	fsqrt.s	f0,f3	  f3:0x54ab7822  f0=0x4a1425f8
     100045.000 ns	     10003	800022a8	019ef0b3	and	x1,x29,x25	 x29:0xfffffffc x25:0x00000000  x1=0x00000000
     100065.000 ns	     10005	800022ac	0257bb33	mulhu	x22,x15,x5	 x15:0x00000000  x5:0x00000001 x22=0x00000000
     100095.000 ns	     10008	800022b0	e0038cd3	fmv.x.w	x25,f7	  f7:0x7fc00000 x25=0x7fc00000
     100115.000 ns	     10010	800022b4	ee328913	addi	x18,x5,-285	  x5:0x00000001 x18=0xfffffee4
     100135.000 ns	     10012	800022b8	021717b3	mulh	x15,x14,x1	 x14:0x7ffff9cd  x1:0x00000000 x15=0x00000000
     100165.000 ns	     10015	800022bc	c0154353	fcvt.wu.s	x6,f10	 f10:0x7fc00000  x6=0xffffffff
     100185.000 ns	     10017	800022c0	f58a6697	auipc	x13,0xf58a6	 x13=0x758a82c0
     100225.000 ns	     10021	800022c4	00df87d3	fadd.s	f15,f31,f13	 f31:0x7fc00000 f13:0x00000000 f15=0x7fc00000
     100245.000 ns	     10023	800022c8	64dbf413	andi	x8,x23,1613	 x23:0x00000001  x8=0x00000001
     100265.000 ns	     10025	800022cc	219f93d3	fsgnjn.s	f7,f31,f25	 f31:0x7fc00000 f25:0x4f2b5488  f7=0xffc00000
     100635.000 ns	     10062	800022d0	028be233	rem	x4,x23,x8	 x23:0x00000001  x8:0x00000000  x4=0x00000000
     100665.000 ns	     10065	800022d4	c01ef9d3	fcvt.wu.s	x19,f29	 f29:0x7fc00000 x19=0xffffffff
     100685.000 ns	     10067	800022d8	00982fb3	slt	x31,x16,x9	 x16:0xffffffff  x9:0x00000000 x31=0x00000001
     100695.000 ns	     10068	800022dc	0100e533	or	x10,x1,x16	  x1:0x00000000 x16:0xffffffff x10=0xffffffff
     100705.000 ns	     10069	800022e0	5a6eab13	slti	x22,x29,1446	 x29:0xfffffffc x22=0x00000001
     100725.000 ns	     10071	800022e4	02711633	mulh	x12,x2,x7	  x2:0x80041025  x7:0x00000000 x12=0x00000000
     100755.000 ns	     10074	800022e8	022fa933	mulhsu	x18,x31,x2	 x31:0x00000001  x2:0x80041025 x18=0x00000000
     100775.000 ns	     10076	800022ec	c6f3c513	xori	x10,x7,-913	  x7:0x00000000 x10=0xfffffc6f
     100785.000 ns	     10077	800022f0	41e45b13	srai	x22,x8,0x1e	  x8:0x00000001 x22=0x00000000
     100795.000 ns	     10078	800022f4	5508e893	ori	x17,x17,1360	 x17:0x00000000 x17=0x00000550
     100805.000 ns	     10079	800022f8	01cad633	srl	x12,x21,x28	 x21:0x54ab7822 x28:0x00000000 x12=0x54ab7822
     100825.000 ns	     10081	800022fc	f00f0e53	fmv.w.x	f28,x30	 x30:0x80041024 f28=0x80041024
     100845.000 ns	     10083	80002300	01805633	srl	x12,x0,x24	  x0:0x00000000 x24:0x00000001 x12=0x00000000
     100865.000 ns	     10085	80002304	02df9933	mulh	x18,x31,x13	 x31:0x00000001 x13:0x758a82c0 x18=0x00000000
     100895.000 ns	     10088	80002308	d0089dd3	fcvt.s.w	f27,x17	 x17:0x00000550 f27=0x44aa0000
     100915.000 ns	     10090	8000230c	00249d13	slli	x26,x9,0x2	  x9:0x00000000 x26=0x00000000
     100935.000 ns	     10092	80002310	03ac1433	mulh	x8,x24,x26	 x24:0x00000001 x26:0xffffffff  x8=0x00000000
     100975.000 ns	     10096	80002314	196e9853	fdiv.s	f16,f29,f22	 f29:0x7fc00000 f22:0x00000000 f16=0x7fc00000
     101005.000 ns	     10099	80002318	e00e81d3	fmv.x.w	x3,f29	 f29:0x7fc00000  x3=0x7fc00000
     101025.000 ns	     10101	8000231c	00827733	and	x14,x4,x8	  x4:0x00000000  x8:0x00000000 x14=0x00000000
     101035.000 ns	     10102	80002320	d6a6a713	slti	x14,x13,-662	 x13:0x758a82c0 x14=0x00000000
     101055.000 ns	     10104	80002324	c00b4fd3	fcvt.w.s	x31,f22	 f22:0x00000000 x31=0x00000000
     101075.000 ns	     10106	80002328	41d9da33	sra	x20,x19,x29	 x19:0xffffffff x29:0xfffffffc x20=0xffffffff
     101095.000 ns	     10108	8000232c	e0020fd3	fmv.x.w	x31,f4	  f4:0x4f2b5488 x31=0x4f2b5488
     101125.000 ns	     10111	80002330	a16a20d3	feq.s	x1,f20,f22	 f20:0x80000001 f22:0x00000000  x1=0x00000000
     101165.000 ns	     10115	80002334	10b6f0d3	fmul.s	f1,f13,f11	 f13:0x00000000 f11:0x00000001  f1=0x00000000
     101185.000 ns	     10117	80002338	0053afb3	slt	x31,x7,x5	  x7:0x00000000  x5:0x00000001 x31=0x00000001
     101195.000 ns	     10118	8000233c	01685e93	srli	x29,x16,0x16	 x16:0xffffffff x29=0x000003ff
     101215.000 ns	     10120	80002340	a16f0553	fle.s	x10,f30,f22	 f30:0x3f800000 f22:0x00000000 x10=0x00000000
     101265.000 ns	     10125	80002344	09bc0f53	fsub.s	f30,f24,f27	 f24:0x80000001 f27:0x44aa0000 f30=0xc4aa0000
     101295.000 ns	     10128	80002348	03beb633	mulhu	x12,x29,x27	 x29:0x000003ff x27:0x0000056a x12=0x00000000
     101665.000 ns	     10165	8000234c	02686e33	rem	x28,x16,x6	 x16:0xffffffff  x6:0xffffffff x28=0x00000000
     101695.000 ns	     10168	80002350	e0009bd3	fclass.s	x23,f1	  f1:0x00000000 x23=0x00000010
     101725.000 ns	     10171	80002354	03f599b3	mulh	x19,x11,x31	 x11:0x80040fe4 x31:0x00000001 x19=0xffffffff
     101745.000 ns	     10173	80002358	01139913	slli	x18,x7,0x11	  x7:0x00000000 x18=0x00000000
     101765.000 ns	     10175	8000235c	a0759053	flt.s	x0,f11,f7	 f11:0x00000001  f7:0xffc00000
     101785.000 ns	     10177	80002360	007ff933	and	x18,x31,x7	 x31:0x00000001  x7:0x00000000 x18=0x00000000
     101795.000 ns	     10178	80002364	2d5e7193	andi	x3,x28,725	 x28:0x00000000  x3=0x00000000
     101815.000 ns	     10180	80002368	c0022753	fcvt.w.s	x14,f4	  f4:0x4f2b5488 x14=0x7fffffff
     101835.000 ns	     10182	8000236c	00dfe333	or	x6,x31,x13	 x31:0x00000001 x13:0x758a82c0  x6=0x758a82c1
     101845.000 ns	     10183	80002370	10ef0313	addi	x6,x30,270	 x30:0x80041024  x6=0x80041132
     101865.000 ns	     10185	80002374	a188aed3	feq.s	x29,f17,f24	 f17:0x00000001 f24:0x80000001 x29=0x00000000
     101895.000 ns	     10188	80002378	e0059053	fclass.s	x0,f11	 f11:0x00000001
     101915.000 ns	     10190	8000237c	001c60b3	or	x1,x24,x1	 x24:0x00000001  x1:0x00000000  x1=0x00000001
     101925.000 ns	     10191	80002380	01b707b3	add	x15,x14,x27	 x14:0x7fffffff x27:0x0000056a x15=0x80000569
     101945.000 ns	     10193	80002384	027a33b3	mulhu	x7,x20,x7	 x20:0xffffffff  x7:0x00000000  x7=0x00000000
     101965.000 ns	     10195	80002388	12f08613	addi	x12,x1,303	  x1:0x00000001 x12=0x00000130
     101975.000 ns	     10196	8000238c	001fa7b3	slt	x15,x31,x1	 x31:0x00000001  x1:0x00000001 x15=0x00000000
     101995.000 ns	     10198	80002390	e0000b53	fmv.x.w	x22,f0	  f0:0x4a1425f8 x22=0x4a1425f8
     102025.000 ns	     10201	80002394	02579fb3	mulh	x31,x15,x5	 x15:0x80000569  x5:0x00000001 x31=0x00000000
     102045.000 ns	     10203	80002398	4184ddb3	sra	x27,x9,x24	  x9:0x00000000 x24:0x00000001 x27=0x00000000
     102405.000 ns	     10239	8000239c	030eefb3	rem	x31,x29,x16	 x29:0x00000000 x16:0xffffffff x31=0x00000000
     102435.000 ns	     10242	800023a0	f00d8a53	fmv.w.x	f20,x27	 x27:0x0000056a f20=0x00000000
     102465.000 ns	     10245	800023a4	020424b3	mulhsu	x9,x8,x0	  x8:0x00000000  x0:0x00000000  x9=0x00000000
     102495.000 ns	     10248	800023a8	20ae9753	fsgnjn.s	f14,f29,f10	 f29:0x7fc00000 f10:0x7fc00000 f14=0xffc00000
     102525.000 ns	     10251	800023ac	a1afa4d3	feq.s	x9,f31,f26	 f31:0x7fc00000 f26:0x7fc00000  x9=0x00000000
     102545.000 ns	     10253	800023b0	58928813	addi	x16,x5,1417	  x5:0x00000001 x16=0x0000058a
     102555.000 ns	     10254	800023b4	6d1bb513	sltiu	x10,x23,1745	 x23:0x00000010 x10=0x00000001
     102575.000 ns	     10256	800023b8	297e8bd3	fmin.s	f23,f29,f23	 f29:0x7fc00000 f23:0x00000000 f23=0x00000000
     102605.000 ns	     10259	800023bc	f00f82d3	fmv.w.x	f5,x31	 x31:0x00000000  f5=0x00000000
     102625.000 ns	     10261	800023c0	10b52e13	slti	x28,x10,267	 x10:0x00000001 x28=0x00000001
     102635.000 ns	     10262	800023c4	00000013	addi	x0,x0,0	  x0:0x00000000
     102655.000 ns	     10264	800023c8	202302d3	fsgnj.s	f5,f6,f2	  f6:0x00000000  f2:0x7fc00000  f5=0x00000000
     102685.000 ns	     10267	800023cc	a09e21d3	feq.s	x3,f28,f9	 f28:0x80041024  f9:0xffc00000  x3=0x00000000
     102715.000 ns	     10270	800023d0	d00b48d3	fcvt.s.w	f17,x22	 x22:0x4a1425f8 f17=0x4e94284c
     102735.000 ns	     10272	800023d4	00581333	sll	x6,x16,x5	 x16:0x0000058a  x5:0x00000001  x6=0x00000b14
     102755.000 ns	     10274	800023d8	209f1f53	fsgnjn.s	f30,f30,f9	 f30:0xc4aa0000  f9:0xffc00000 f30=0x44aa0000
     102785.000 ns	     10277	800023dc	d01c7c53	fcvt.s.wu	f24,x24	 x24:0x00000001 f24=0x3f800000
     102815.000 ns	     10280	800023e0	03f67733	remu	x14,x12,x31	 x12:0x00000130 x31:0x00000000 x14=0x00000130
     102845.000 ns	     10283	800023e4	e0020253	fmv.x.w	x4,f4	  f4:0x4f2b5488  x4=0x4f2b5488
     102885.000 ns	     10287	800023e8	1840a753	fdiv.s	f14,f1,f4	  f1:0x00000000  f4:0x4f2b5488 f14=0x00000000
     102915.000 ns	     10290	800023ec	296d0c53	fmin.s	f24,f26,f22	 f26:0x7fc00000 f22:0x00000000 f24=0x00000000
     102945.000 ns	     10293	800023f0	035230b3	mulhu	x1,x4,x21	  x4:0x4f2b5488 x21:0x54ab7822  x1=0x1a2f3ed4
     102965.000 ns	     10295	800023f4	8a96e213	ori	x4,x13,-1879	 x13:0x758a82c0  x4=0xfffffae9
     102985.000 ns	     10297	800023f8	28e81cd3	fmax.s	f25,f16,f14	 f16:0x7fc00000 f14:0x00000000 f25=0x00000000
     103015.000 ns	     10300	800023fc	a1a49253	flt.s	x4,f9,f26	  f9:0xffc00000 f26:0x7fc00000  x4=0x00000000
     103045.000 ns	     10303	80002400	d01ece53	fcvt.s.wu	f28,x29	 x29:0x00000000 f28=0x00000000
     103065.000 ns	     10305	80002404	408957b3	sra	x15,x18,x8	 x18:0x00000000  x8:0x00000000 x15=0x00000000
     103085.000 ns	     10307	80002408	a191aed3	feq.s	x29,f3,f25	  f3:0x54ab7822 f25:0x00000000 x29=0x00000000
     103105.000 ns	     10309	8000240c	0191c1b3	xor	x3,x3,x25	  x3:0x00000000 x25:0x7fc00000  x3=0x7fc00000
     103115.000 ns	     10310	80002410	aed87893	andi	x17,x16,-1299	 x16:0x0000058a x17=0x00000088
     103135.000 ns	     10312	80002414	02ccb133	mulhu	x2,x25,x12	 x25:0x7fc00000 x12:0x00000130  x2=0x00000097
     103165.000 ns	     10315	80002418	03afc733	div	x14,x31,x26	 x31:0x00000000 x26:0x00000000 x14=0xffffffff
     103205.000 ns	     10319	8000241c	580ff853	fsqrt.s	f16,f31	 f31:0x7fc00000 f16=0x7fc00000
     103225.000 ns	     10321	80002420	db14d237	lui	x4,0xdb14d	  x4=0xdb14d000
     103245.000 ns	     10323	80002424	c013a8d3	fcvt.wu.s	x17,f7	  f7:0xffc00000 x17=0xffffffff
     103265.000 ns	     10325	80002428	00091e93	slli	x29,x18,0x0	 x18:0x00000000 x29=0x00000000
     103275.000 ns	     10326	8000242c	58d26c93	ori	x25,x4,1421	  x4:0xdb14d000 x25=0xdb14d58d
     103295.000 ns	     10328	80002430	d00f7dd3	fcvt.s.w	f27,x30	 x30:0x80041024 f27=0xcefff7df
     103325.000 ns	     10331	80002434	e0018bd3	fmv.x.w	x23,f3	  f3:0x54ab7822 x23=0x54ab7822
     103355.000 ns	     10334	80002438	032601b3	mul	x3,x12,x18	 x12:0x00000130 x18:0x00000000  x3=0x00000000
     103405.000 ns	     10339	8000243c	00eef3d3	fadd.s	f7,f29,f14	 f29:0x7fc00000 f14:0x00000000  f7=0x7fc00000
     103435.000 ns	     10342	80002440	21ba9f53	fsgnjn.s	f30,f21,f27	 f21:0x44ad2000 f27:0xcefff7df f30=0x44ad2000
     103805.000 ns	     10379	80002444	030ac8b3	div	x17,x21,x16	 x21:0x54ab7822 x16:0x0000058a x17=0x000f4933
     103825.000 ns	     10381	80002448	017ae4b3	or	x9,x21,x23	 x21:0x54ab7822 x23:0x54ab7822  x9=0x54ab7822
     103845.000 ns	     10383	8000244c	031a36b3	mulhu	x13,x20,x17	 x20:0xffffffff x17:0x000f4933 x13=0x000f4932
     104215.000 ns	     10420	80002450	034bc333	div	x6,x23,x20	 x23:0x54ab7822 x20:0xffffffff  x6=0xab5487de
     104245.000 ns	     10423	80002454	a0ff8b53	fle.s	x22,f31,f15	 f31:0x7fc00000 f15:0x7fc00000 x22=0x00000000
     104275.000 ns	     10426	80002458	28569f53	fmax.s	f30,f13,f5	 f13:0x00000000  f5:0x00000000 f30=0x00000000
     104305.000 ns	     10429	8000245c	d0037253	fcvt.s.w	f4,x6	  x6:0xab5487de  f4=0xcea956f0
     104345.000 ns	     10433	80002460	58050053	fsqrt.s	f0,f10	 f10:0x7fc00000  f0=0x7fc00000
     104375.000 ns	     10436	80002464	03a189b3	mul	x19,x3,x26	  x3:0x00000000 x26:0x00000000 x19=0x00000000
     104395.000 ns	     10438	80002468	004f9233	sll	x4,x31,x4	 x31:0x00000000  x4:0xdb14d000  x4=0x00000000
     104415.000 ns	     10440	8000246c	21598a53	fsgnj.s	f20,f19,f21	 f19:0x00000000 f21:0x44ad2000 f20=0x00000000
     104445.000 ns	     10443	80002470	03d906b3	mul	x13,x18,x29	 x18:0x00000000 x29:0x00000000 x13=0x00000000
     104465.000 ns	     10445	80002474	01c6e9b3	or	x19,x13,x28	 x13:0x000f4932 x28:0x00000001 x19=0x00000001
     104485.000 ns	     10447	80002478	c0198a53	fcvt.wu.s	x20,f19	 f19:0x00000000 x20=0x00000000
     104515.000 ns	     10450	8000247c	20db09d3	fsgnj.s	f19,f22,f13	 f22:0x00000000 f13:0x00000000 f19=0x00000000
     104565.000 ns	     10455	80002480	01d2c853	fadd.s	f16,f5,f29	  f5:0x00000000 f29:0x7fc00000 f16=0x7fc00000
     104595.000 ns	     10458	80002484	20591053	fsgnjn.s	f0,f18,f5	 f18:0x00000001  f5:0x00000000  f0=0x80000001
     104635.000 ns	     10462	80002488	19180953	fdiv.s	f18,f16,f17	 f16:0x7fc00000 f17:0x4e94284c f18=0x7fc00000
     104665.000 ns	     10465	8000248c	a18d2ed3	feq.s	x29,f26,f24	 f26:0x7fc00000 f24:0x00000000 x29=0x00000000
     104705.000 ns	     10469	80002490	58031353	fsqrt.s	f6,f6	  f6:0x00000000  f6=0x00000000
     105075.000 ns	     10506	80002494	03e37933	remu	x18,x6,x30	  x6:0xab5487de x30:0x80041024 x18=0x2b5077ba
     105105.000 ns	     10509	80002498	c01ef7d3	fcvt.wu.s	x15,f29	 f29:0x7fc00000 x15=0xffffffff
     105135.000 ns	     10512	8000249c	d00dfd53	fcvt.s.w	f26,x27	 x27:0x00000000 f26=0x00000000
     105155.000 ns	     10514	800024a0	00885193	srli	x3,x16,0x8	 x16:0x0000058a  x3=0x00000005
     105165.000 ns	     10515	800024a4	01ca98b3	sll	x17,x21,x28	 x21:0x54ab7822 x28:0x00000001 x17=0xa956f044
     105525.000 ns	     10551	800024a8	03054333	div	x6,x10,x16	 x10:0x00000001 x16:0x0000058a  x6=0x00000000
     105555.000 ns	     10554	800024ac	0204f833	remu	x16,x9,x0	  x9:0x54ab7822  x0:0x00000000 x16=0x54ab7822
     105585.000 ns	     10557	800024b0	02737eb3	remu	x29,x6,x7	  x6:0x00000000  x7:0x00000000 x29=0x00000000
     105605.000 ns	     10559	800024b4	40280133	sub	x2,x16,x2	 x16:0x54ab7822  x2:0x00000097  x2=0x54ab778b
     105625.000 ns	     10561	800024b8	a072a2d3	feq.s	x5,f5,f7	  f5:0x00000000  f7:0x7fc00000  x5=0x00000000
     105655.000 ns	     10564	800024bc	d0137953	fcvt.s.wu	f18,x6	  x6:0x00000000 f18=0x00000000
     105705.000 ns	     10569	800024c0	08de2553	fsub.s	f10,f28,f13	 f28:0x00000000 f13:0x00000000 f10=0x80000000
     105725.000 ns	     10571	800024c4	00f991b3	sll	x3,x19,x15	 x19:0x00000001 x15:0xffffffff  x3=0x80000000
     105735.000 ns	     10572	800024c8	0014e6b3	or	x13,x9,x1	  x9:0x54ab7822  x1:0x1a2f3ed4 x13=0x5eaf7ef6
     105755.000 ns	     10574	800024cc	02281a33	mulh	x20,x16,x2	 x16:0x54ab7822  x2:0x54ab778b x20=0x1c00f97e
     105775.000 ns	     10576	800024d0	414d8833	sub	x16,x27,x20	 x27:0x00000000 x20:0x00000000 x16=0xe3ff0682
     105795.000 ns	     10578	800024d4	d0122753	fcvt.s.wu	f14,x4	  x4:0x00000000 f14=0x00000000
     105815.000 ns	     10580	800024d8	0062b8b3	sltu	x17,x5,x6	  x5:0x00000000  x6:0x00000000 x17=0x00000000
     105835.000 ns	     10582	800024dc	216b9753	fsgnjn.s	f14,f23,f22	 f23:0x00000000 f22:0x00000000 f14=0x80000000
     105865.000 ns	     10585	800024e0	e00e8fd3	fmv.x.w	x31,f29	 f29:0x7fc00000 x31=0x7fc00000
     107045.000 ns	     10703	800024e4	5801a153	fsqrt.s	f2,f3	  f3:0x54ab7822  f2=0x4a1425f8
     107075.000 ns	     10706	800024e8	d00d2053	fcvt.s.w	f0,x26	 x26:0x00000000  f0=0x00000000
     107095.000 ns	     10708	800024ec	3f9e4413	xori	x8,x28,1017	 x28:0x00000001  x8=0x000003f8
     107115.000 ns	     10710	800024f0	026da333	mulhsu	x6,x27,x6	 x27:0x00000000  x6:0x00000000  x6=0x00000000
     107145.000 ns	     10713	800024f4	a15b81d3	fle.s	x3,f23,f21	 f23:0x00000000 f21:0x44ad2000  x3=0x00000001
     107195.000 ns	     10718	800024f8	085df3d3	fsub.s	f7,f27,f5	 f27:0xcefff7df  f5:0x00000000  f7=0xcefff7df
     107215.000 ns	     10720	800024fc	0097d233	srl	x4,x15,x9	 x15:0xffffffff  x9:0x54ab7822  x4=0x3fffffff
     107225.000 ns	     10721	80002500	ee6dae93	slti	x29,x27,-282	 x27:0x00000000 x29=0x00000000
     107245.000 ns	     10723	80002504	c01e2ed3	fcvt.wu.s	x29,f28	 f28:0x00000000 x29=0x00000000
     107265.000 ns	     10725	80002508	01dc5293	srli	x5,x24,0x1d	 x24:0x00000001  x5=0x00000000
     107285.000 ns	     10727	8000250c	03beafb3	mulhsu	x31,x29,x27	 x29:0x00000000 x27:0x00000000 x31=0x00000000
     107305.000 ns	     10729	80002510	00e5e7b3	or	x15,x11,x14	 x11:0x80040fe4 x14:0xffffffff x15=0xffffffff
     107325.000 ns	     10731	80002514	c00ac4d3	fcvt.w.s	x9,f21	 f21:0x44ad2000  x9=0x00000569
     107345.000 ns	     10733	80002518	fc6297b7	lui	x15,0xfc629	 x15=0xfc629000
     107355.000 ns	     10734	8000251c	00000013	addi	x0,x0,0	  x0:0x00000000
     107365.000 ns	     10735	80002520	016940b3	xor	x1,x18,x22	 x18:0x2b5077ba x22:0x00000000  x1=0x2b5077ba
     107375.000 ns	     10736	80002524	0051ec33	or	x24,x3,x5	  x3:0x00000001  x5:0x00000000 x24=0x00000001
     107385.000 ns	     10737	80002528	0185d133	srl	x2,x11,x24	 x11:0x80040fe4 x24:0x00000001  x2=0x400207f2
     107415.000 ns	     10740	8000252c	189a1753	fdiv.s	f14,f20,f9	 f20:0x00000000  f9:0xffc00000 f14=0x7fc00000
     107435.000 ns	     10742	80002530	00cf4133	xor	x2,x30,x12	 x30:0x80041024 x12:0x00000130  x2=0x80041114
     107455.000 ns	     10744	80002534	294996d3	fmax.s	f13,f19,f20	 f19:0x00000000 f20:0x00000000 f13=0x00000000
     107825.000 ns	     10781	80002538	02bbf833	remu	x16,x23,x11	 x23:0x54ab7822 x11:0x80040fe4 x16=0x54ab7822
     107865.000 ns	     10785	8000253c	1851f4d3	fdiv.s	f9,f3,f5	  f3:0x54ab7822  f5:0x00000000  f9=0x7f800000
     107885.000 ns	     10787	80002540	fa896c97	auipc	x25,0xfa896	 x25=0x7a898540
     107895.000 ns	     10788	80002544	00a84e33	xor	x28,x16,x10	 x16:0x54ab7822 x10:0x00000001 x28=0x54ab7823
     107905.000 ns	     10789	80002548	3e9f7d93	andi	x27,x30,1001	 x30:0x80041024 x27=0x00000020
     107915.000 ns	     10790	8000254c	9ff4a2b7	lui	x5,0x9ff4a	  x5=0x9ff4a000
     107925.000 ns	     10791	80002550	00ce2933	slt	x18,x28,x12	 x28:0x54ab7823 x12:0x00000130 x18=0x00000000
     107945.000 ns	     10793	80002554	a01c2453	feq.s	x8,f24,f1	 f24:0x00000000  f1:0x00000000  x8=0x00000001
     107965.000 ns	     10795	80002558	d8a47d13	andi	x26,x8,-630	  x8:0x000003f8 x26=0x00000000
     107985.000 ns	     10797	8000255c	29268353	fmin.s	f6,f13,f18	 f13:0x00000000 f18:0x00000000  f6=0x00000000
     108005.000 ns	     10799	80002560	40c9db13	srai	x22,x19,0xc	 x19:0x00000001 x22=0x00000000
     108025.000 ns	     10801	80002564	d0007b53	fcvt.s.w	f22,x0	  x0:0x00000000 f22=0x00000000
     108045.000 ns	     10803	80002568	019fa8b3	slt	x17,x31,x25	 x31:0x00000000 x25:0x7a898540 x17=0x00000001
     108065.000 ns	     10805	8000256c	d006a1d3	fcvt.s.w	f3,x13	 x13:0x5eaf7ef6  f3=0x4ebd5efe
     108085.000 ns	     10807	80002570	f1793993	sltiu	x19,x18,-233	 x18:0x00000000 x19=0x00000001
     108095.000 ns	     10808	80002574	00625733	srl	x14,x4,x6	  x4:0x3fffffff  x6:0x00000000 x14=0x3fffffff
     108115.000 ns	     10810	80002578	a0fb0d53	fle.s	x26,f22,f15	 f22:0x00000000 f15:0x7fc00000 x26=0x00000000
     108145.000 ns	     10813	8000257c	293118d3	fmax.s	f17,f2,f19	  f2:0x4a1425f8 f19:0x00000000 f17=0x4a1425f8
     108165.000 ns	     10815	80002580	01fc9d93	slli	x27,x25,0x1f	 x25:0x7a898540 x27=0x00000000
     108195.000 ns	     10818	80002584	58038753	fsqrt.s	f14,f7	  f7:0xcefff7df f14=0x7fc00000
     108225.000 ns	     10821	80002588	c016fdd3	fcvt.wu.s	x27,f13	 f13:0x00000000 x27=0x00000000
     108245.000 ns	     10823	8000258c	0045f7b3	and	x15,x11,x4	 x11:0x80040fe4  x4:0x3fffffff x15=0x00040fe4
     108255.000 ns	     10824	80002590	11a47813	andi	x16,x8,282	  x8:0x00000001 x16=0x00000000
     108275.000 ns	     10826	80002594	d013f353	fcvt.s.wu	f6,x7	  x7:0x00000000  f6=0x00000000
     108305.000 ns	     10829	80002598	a03101d3	fle.s	x3,f2,f3	  f2:0x4a1425f8  f3:0x4ebd5efe  x3=0x00000001
     108675.000 ns	     10866	8000259c	02b17db3	remu	x27,x2,x11	  x2:0x80041114 x11:0x80040fe4 x27=0x00000130
     108695.000 ns	     10868	800025a0	0073e6b3	or	x13,x7,x7	  x7:0x00000000  x7:0x00000000 x13=0x00000000
     108715.000 ns	     10870	800025a4	f00e8d53	fmv.w.x	f26,x29	 x29:0x00000000 f26=0x00000000
     108735.000 ns	     10872	800025a8	de37c713	xori	x14,x15,-541	 x15:0x00040fe4 x14=0xfffbf207
     108745.000 ns	     10873	800025ac	378ea813	slti	x16,x29,888	 x29:0x00000000 x16=0x00000001
     108755.000 ns	     10874	800025b0	4221ac93	slti	x25,x3,1058	  x3:0x00000001 x25=0x00000001
     108775.000 ns	     10876	800025b4	21e18253	fsgnj.s	f4,f3,f30	  f3:0x4ebd5efe f30:0x00000000  f4=0x4ebd5efe
     108805.000 ns	     10879	800025b8	d00f29d3	fcvt.s.w	f19,x30	 x30:0x80041024 f19=0xcefff7e0
     108825.000 ns	     10881	800025bc	b9b23413	sltiu	x8,x4,-1125	  x4:0x3fffffff  x8=0x00000001
     108835.000 ns	     10882	800025c0	ad048193	addi	x3,x9,-1328	  x9:0x00000569  x3=0x00000039
     108855.000 ns	     10884	800025c4	0352ba33	mulhu	x20,x5,x21	  x5:0x9ff4a000 x21:0x54ab7822 x20=0x34e767f6
     109225.000 ns	     10921	800025c8	03016b33	rem	x22,x2,x16	  x2:0x80041114 x16:0x00000001 x22=0x00000000
     109275.000 ns	     10926	800025cc	09b589d3	fsub.s	f19,f11,f27	 f11:0x00000001 f27:0xcefff7df f19=0x4efff7df
     109315.000 ns	     10930	800025d0	106aab53	fmul.s	f22,f21,f6	 f21:0x44ad2000  f6:0x00000000 f22=0x00000000
     109355.000 ns	     10934	800025d4	58047d53	fsqrt.s	f26,f8	  f8:0x7fc00000 f26=0x7fc00000
     109385.000 ns	     10937	800025d8	f00181d3	fmv.w.x	f3,x3	  x3:0x00000039  f3=0x00000039
     109755.000 ns	     10974	800025dc	03367b33	remu	x22,x12,x19	 x12:0x00000130 x19:0x00000001 x22=0x00000000
     109775.000 ns	     10976	800025e0	38e5f393	andi	x7,x11,910	 x11:0x80040fe4  x7=0x00000384
     109795.000 ns	     10978	800025e4	e0031c53	fclass.s	x24,f6	  f6:0x00000000 x24=0x00000010
     109825.000 ns	     10981	800025e8	037d22b3	mulhsu	x5,x26,x23	 x26:0x00000000 x23:0x54ab7822  x5=0x00000000
     109845.000 ns	     10983	800025ec	40f18333	sub	x6,x3,x15	  x3:0x00000039 x15:0x00040fe4  x6=0xfffbf055
     109885.000 ns	     10987	800025f0	0039f553	fadd.s	f10,f19,f3	 f19:0x4efff7df  f3:0x00000039 f10=0x4efff7df
     109905.000 ns	     10989	800025f4	410fd813	srai	x16,x31,0x10	 x31:0x00000000 x16=0x00000000
     109915.000 ns	     10990	800025f8	014917b3	sll	x15,x18,x20	 x18:0x00000000 x20:0x34e767f6 x15=0x00000000
     109935.000 ns	     10992	800025fc	034632b3	mulhu	x5,x12,x20	 x12:0x00000130 x20:0x34e767f6  x5=0x0000003e
     109965.000 ns	     10995	80002600	e0079653	fclass.s	x12,f15	 f15:0x7fc00000 x12=0x00000200
     109985.000 ns	     10997	80002604	8ce7a893	slti	x17,x15,-1842	 x15:0x00000000 x17=0x00000000
     109995.000 ns	     10998	80002608	76d12097	auipc	x1,0x76d12	  x1=0xf6d14608
     110005.000 ns	     10999	8000260c	004aadb3	slt	x27,x21,x4	 x21:0x54ab7822  x4:0x3fffffff x27=0x00000000
     110035.000 ns	     11002	80002610	1000f753	fmul.s	f14,f1,f0	  f1:0x00000000  f0:0x00000000 f14=0x00000000
     110055.000 ns	     11004	80002614	00000013	addi	x0,x0,0	  x0:0x00000000
     110085.000 ns	     11007	80002618	1009fa53	fmul.s	f20,f19,f0	 f19:0x4efff7df  f0:0x00000000 f20=0x00000000
     110105.000 ns	     11009	8000261c	01d91c33	sll	x24,x18,x29	 x18:0x00000000 x29:0x00000000 x24=0x00000000
     110115.000 ns	     11010	80002620	00d08033	add	x0,x1,x13	  x1:0xf6d14608 x13:0x00000000
     110125.000 ns	     11011	80002624	19532813	slti	x16,x6,405	  x6:0xfffbf055 x16=0x00000001
     110145.000 ns	     11013	80002628	f0090cd3	fmv.w.x	f25,x18	 x18:0x00000000 f25=0x00000000
     110175.000 ns	     11016	8000262c	02ba3633	mulhu	x12,x20,x11	 x20:0x34e767f6 x11:0x80040fe4 x12=0x1a748ae1
     110205.000 ns	     11019	80002630	a07ea953	feq.s	x18,f29,f7	 f29:0x7fc00000  f7:0xcefff7df x18=0x00000000
     110575.000 ns	     11056	80002634	03424c33	div	x24,x4,x20	  x4:0x3fffffff x20:0x34e767f6 x24=0x00000001
     110605.000 ns	     11059	80002638	f0050653	fmv.w.x	f12,x10	 x10:0x00000001 f12=0x00000001
     110635.000 ns	     11062	8000263c	c0073e53	fcvt.w.s	x28,f14	 f14:0x00000000 x28=0x00000000
     110655.000 ns	     11064	80002640	5f12c913	xori	x18,x5,1521	  x5:0x0000003e x18=0x000005cf
     110665.000 ns	     11065	80002644	4087dbb3	sra	x23,x15,x8	 x15:0x00000000  x8:0x00000001 x23=0x00000000
     111025.000 ns	     11101	80002648	0386deb3	divu	x29,x13,x24	 x13:0x00000000 x24:0x00000001 x29=0x00000000
     111065.000 ns	     11105	8000264c	5800f1d3	fsqrt.s	f3,f1	  f1:0x00000000  f3=0x00000000
     111085.000 ns	     11107	80002650	b5b87793	andi	x15,x16,-1189	 x16:0x00000001 x15=0x00000001
     111105.000 ns	     11109	80002654	c0127ed3	fcvt.wu.s	x29,f4	  f4:0x4ebd5efe x29=0x5eaf7f00
     111135.000 ns	     11112	80002658	29a59053	fmax.s	f0,f11,f26	 f11:0x00000001 f26:0x7fc00000  f0=0x00000001
     111165.000 ns	     11115	8000265c	a06599d3	flt.s	x19,f11,f6	 f11:0x00000001  f6:0x00000000 x19=0x00000000
     111185.000 ns	     11117	80002660	3dcdab93	slti	x23,x27,988	 x27:0x00000000 x23=0x00000001
     111205.000 ns	     11119	80002664	c004f1d3	fcvt.w.s	x3,f9	  f9:0x7f800000  x3=0x7fffffff
     111245.000 ns	     11123	80002668	19f4ccd3	fdiv.s	f25,f9,f31	  f9:0x7f800000 f31:0x7fc00000 f25=0x7fc00000
     111265.000 ns	     11125	8000266c	00000013	addi	x0,x0,0	  x0:0x00000000
     111285.000 ns	     11127	80002670	02848eb3	mul	x29,x9,x8	  x9:0x00000569  x8:0x00000001 x29=0x00000569
     111315.000 ns	     11130	80002674	03fc22b3	mulhsu	x5,x24,x31	 x24:0x00000001 x31:0x00000000  x5=0x00000000
     111345.000 ns	     11133	80002678	029533b3	mulhu	x7,x10,x9	 x10:0x00000001  x9:0x00000569  x7=0x00000000
     111715.000 ns	     11170	8000267c	021bccb3	div	x25,x23,x1	 x23:0x00000001  x1:0xf6d14608 x25=0x00000000
     111735.000 ns	     11172	80002680	00000013	addi	x0,x0,0	  x0:0x00000000
     111755.000 ns	     11174	80002684	036f83b3	mul	x7,x31,x22	 x31:0x00000000 x22:0x00000000  x7=0x00000000
     111775.000 ns	     11176	80002688	977eae93	slti	x29,x29,-1673	 x29:0x00000569 x29=0x00000000
     111785.000 ns	     11177	8000268c	0f567513	andi	x10,x12,245	 x12:0x1a748ae1 x10=0x000000e1
     112145.000 ns	     11213	80002690	02c1dcb3	divu	x25,x3,x12	  x3:0x7fffffff x12:0x1a748ae1 x25=0x00000004
     112175.000 ns	     11216	80002694	033e9eb3	mulh	x29,x29,x19	 x29:0x00000000 x19:0x00000000 x29=0x00000000
     112195.000 ns	     11218	80002698	410c5db3	sra	x27,x24,x16	 x24:0x00000001 x16:0x00000001 x27=0x00000000
     112215.000 ns	     11220	8000269c	20739dd3	fsgnjn.s	f27,f7,f7	  f7:0xcefff7df  f7:0xcefff7df f27=0x4efff7df
     112245.000 ns	     11223	800026a0	e0038ed3	fmv.x.w	x29,f7	  f7:0xcefff7df x29=0xcefff7df
     112265.000 ns	     11225	800026a4	01d8dc93	srli	x25,x17,0x1d	 x17:0x00000000 x25=0x00000000
     112275.000 ns	     11226	800026a8	eedf7937	lui	x18,0xeedf7	 x18=0xeedf7000
     112285.000 ns	     11227	800026ac	40c25233	sra	x4,x4,x12	  x4:0x3fffffff x12:0x1a748ae1  x4=0x1fffffff
     112305.000 ns	     11229	800026b0	a0a58fd3	fle.s	x31,f11,f10	 f11:0x00000001 f10:0x4efff7df x31=0x00000001
     112335.000 ns	     11232	800026b4	a17ba6d3	feq.s	x13,f23,f23	 f23:0x00000000 f23:0x00000000 x13=0x00000001
     112355.000 ns	     11234	800026b8	40ec5633	sra	x12,x24,x14	 x24:0x00000001 x14:0xfffbf207 x12=0x00000000
     112375.000 ns	     11236	800026bc	e00c9a53	fclass.s	x20,f25	 f25:0x7fc00000 x20=0x00000200
     112405.000 ns	     11239	800026c0	2131a8d3	fsgnjx.s	f17,f3,f19	  f3:0x00000000 f19:0x4efff7df f17=0x00000000
     112425.000 ns	     11241	800026c4	01199733	sll	x14,x19,x17	 x19:0x00000000 x17:0x00000000 x14=0x00000000
     112445.000 ns	     11243	800026c8	c0167053	fcvt.wu.s	x0,f12	 f12:0x00000001
     112475.000 ns	     11246	800026cc	a0b4a3d3	feq.s	x7,f9,f11	  f9:0x7f800000 f11:0x00000001  x7=0x00000000
     112505.000 ns	     11249	800026d0	d00ca653	fcvt.s.w	f12,x25	 x25:0x00000000 f12=0x00000000
     112555.000 ns	     11254	800026d4	00b7c1d3	fadd.s	f3,f15,f11	 f15:0x7fc00000 f11:0x00000001  f3=0x7fc00000
     112575.000 ns	     11256	800026d8	01390033	add	x0,x18,x19	 x18:0xeedf7000 x19:0x00000000
     112585.000 ns	     11257	800026dc	002c2fb3	slt	x31,x24,x2	 x24:0x00000001  x2:0x80041114 x31=0x00000000
     112605.000 ns	     11259	800026e0	c01b42d3	fcvt.wu.s	x5,f22	 f22:0x00000000  x5=0x00000000
     112645.000 ns	     11263	800026e4	182ef753	fdiv.s	f14,f29,f2	 f29:0x7fc00000  f2:0x4a1425f8 f14=0x7fc00000
     112675.000 ns	     11266	800026e8	020946b3	div	x13,x18,x0	 x18:0xeedf7000  x0:0x00000000 x13=0xffffffff
     112705.000 ns	     11269	800026ec	28e79cd3	fmax.s	f25,f15,f14	 f15:0x7fc00000 f14:0x7fc00000 f25=0x7fc00000
     112725.000 ns	     11271	800026f0	0ae50893	addi	x17,x10,174	 x10:0x000000e1 x17=0x0000018f
     112735.000 ns	     11272	800026f4	01c0ee33	or	x28,x1,x28	  x1:0xf6d14608 x28:0x00000000 x28=0xf6d14608
     112755.000 ns	     11274	800026f8	a09fae53	feq.s	x28,f31,f9	 f31:0x7fc00000  f9:0x7f800000 x28=0x00000000
     112785.000 ns	     11277	800026fc	d011fb53	fcvt.s.wu	f22,x3	  x3:0x7fffffff f22=0x4effffff
     112825.000 ns	     11281	80002700	108c72d3	fmul.s	f5,f24,f8	 f24:0x00000000  f8:0x7fc00000  f5=0x7fc00000
     112875.000 ns	     11286	80002704	00edf553	fadd.s	f10,f27,f14	 f27:0x4efff7df f14:0x7fc00000 f10=0x7fc00000
     112905.000 ns	     11289	80002708	a1272653	feq.s	x12,f14,f18	 f14:0x7fc00000 f18:0x00000000 x12=0x00000000
     112935.000 ns	     11292	8000270c	20d895d3	fsgnjn.s	f11,f17,f13	 f17:0x00000000 f13:0x00000000 f11=0x80000000
     112965.000 ns	     11295	80002710	035f9db3	mulh	x27,x31,x21	 x31:0x00000000 x21:0x54ab7822 x27=0x00000000
     112985.000 ns	     11297	80002714	07930217	auipc	x4,0x7930	  x4=0x87932714
     112995.000 ns	     11298	80002718	f60ca513	slti	x10,x25,-160	 x25:0x00000000 x10=0x00000000
     113005.000 ns	     11299	8000271c	0093c433	xor	x8,x7,x9	  x7:0x00000000  x9:0x00000569  x8=0x00000569
     113025.000 ns	     11301	80002720	21221c53	fsgnjn.s	f24,f4,f18	  f4:0x4ebd5efe f18:0x00000000 f24=0xcebd5efe
     113045.000 ns	     11303	80002724	01f548b3	xor	x17,x10,x31	 x10:0x00000000 x31:0x00000000 x17=0x00000000
     113055.000 ns	     11304	80002728	8cd4ac13	slti	x24,x9,-1843	  x9:0x00000569 x24=0x00000000
     113075.000 ns	     11306	8000272c	20f489d3	fsgnj.s	f19,f9,f15	  f9:0x7f800000 f15:0x7fc00000 f19=0x7f800000
     113105.000 ns	     11309	80002730	03110eb3	mul	x29,x2,x17	  x2:0x80041114 x17:0x00000000 x29=0x00000000
     113135.000 ns	     11312	80002734	c00db353	fcvt.w.s	x6,f27	 f27:0x4efff7df  x6=0x7ffbef80
     113155.000 ns	     11314	80002738	00063333	sltu	x6,x12,x0	 x12:0x00000000  x0:0x00000000  x6=0x00000000
     113175.000 ns	     11316	8000273c	21b70653	fsgnj.s	f12,f14,f27	 f14:0x7fc00000 f27:0x4efff7df f12=0x7fc00000
     113195.000 ns	     11318	80002740	2def8437	lui	x8,0x2def8	  x8=0x2def8000
     113205.000 ns	     11319	80002744	0051a233	slt	x4,x3,x5	  x3:0x7fffffff  x5:0x00000000  x4=0x00000000
     113215.000 ns	     11320	80002748	4057d293	srai	x5,x15,0x5	 x15:0x00000001  x5=0x00000000
     113225.000 ns	     11321	8000274c	0040ac33	slt	x24,x1,x4	  x1:0xf6d14608  x4:0x87932714 x24=0x00000001
     113235.000 ns	     11322	80002750	00000013	addi	x0,x0,0	  x0:0x00000000
     113245.000 ns	     11323	80002754	44628f93	addi	x31,x5,1094	  x5:0x00000000 x31=0x00000446
     113265.000 ns	     11325	80002758	29b70853	fmin.s	f16,f14,f27	 f14:0x7fc00000 f27:0x4efff7df f16=0x4efff7df
     113285.000 ns	     11327	8000275c	00000013	addi	x0,x0,0	  x0:0x00000000
     113305.000 ns	     11329	80002760	c00891d3	fcvt.w.s	x3,f17	 f17:0x00000000  x3=0x00000000
     113325.000 ns	     11331	80002764	01299cb3	sll	x25,x19,x18	 x19:0x00000000 x18:0xeedf7000 x25=0x00000000
     113345.000 ns	     11333	80002768	299b9ed3	fmax.s	f29,f23,f25	 f23:0x00000000 f25:0x7fc00000 f29=0x00000000
     113375.000 ns	     11336	8000276c	f00b8d53	fmv.w.x	f26,x23	 x23:0x00000001 f26=0x00000001
     113405.000 ns	     11339	80002770	0311c833	div	x16,x3,x17	  x3:0x00000000 x17:0x00000000 x16=0xffffffff
     113425.000 ns	     11341	80002774	f4ab7c17	auipc	x24,0xf4ab7	 x24=0x74ab9774
     113445.000 ns	     11343	80002778	a18f0653	fle.s	x12,f30,f24	 f30:0x00000000 f24:0xcebd5efe x12=0x00000000
     113475.000 ns	     11346	8000277c	a0ab82d3	fle.s	x5,f23,f10	 f23:0x00000000 f10:0x7fc00000  x5=0x00000000
     113495.000 ns	     11348	80002780	008998b3	sll	x17,x19,x8	 x19:0x00000000  x8:0x2def8000 x17=0x00000000
     113535.000 ns	     11352	80002784	09c5f1d3	fsub.s	f3,f11,f28	 f11:0x80000000 f28:0x00000000  f3=0x80000000
     113905.000 ns	     11389	80002788	0356eb33	rem	x22,x13,x21	 x13:0xffffffff x21:0x54ab7822 x22=0xffffffff
     113935.000 ns	     11392	8000278c	c0040c53	fcvt.w.s	x24,f8	  f8:0x7fc00000 x24=0x7fffffff
     115115.000 ns	     11510	80002790	58021e53	fsqrt.s	f28,f4	  f4:0x4ebd5efe f28=0x471bb0b4
     115145.000 ns	     11513	80002794	a1791a53	flt.s	x20,f18,f23	 f18:0x00000000 f23:0x00000000 x20=0x00000000
     115175.000 ns	     11516	80002798	e00f1dd3	fclass.s	x27,f30	 f30:0x00000000 x27=0x00000010
     115195.000 ns	     11518	8000279c	00bc01b3	add	x3,x24,x11	 x24:0x7fffffff x11:0x80040fe4  x3=0x00040fe3
     115205.000 ns	     11519	800027a0	003c1633	sll	x12,x24,x3	 x24:0x7fffffff  x3:0x00000000 x12=0xfffffff8
     115225.000 ns	     11521	800027a4	214a9f53	fsgnjn.s	f30,f21,f20	 f21:0x44ad2000 f20:0x00000000 f30=0xc4ad2000
     115255.000 ns	     11524	800027a8	032101b3	mul	x3,x2,x18	  x2:0x80041114 x18:0xeedf7000  x3=0x3fe4c000
     115285.000 ns	     11527	800027ac	20cdaf53	fsgnjx.s	f30,f27,f12	 f27:0x4efff7df f12:0x7fc00000 f30=0x4efff7df
     115305.000 ns	     11529	800027b0	01ed2433	slt	x8,x26,x30	 x26:0x00000000 x30:0x80041024  x8=0x00000000
     115315.000 ns	     11530	800027b4	e264b893	sltiu	x17,x9,-474	  x9:0x00000569 x17=0x00000001
     115325.000 ns	     11531	800027b8	019210b3	sll	x1,x4,x25	  x4:0x00000000 x25:0x00000000  x1=0x00000000
     115335.000 ns	     11532	800027bc	75c22813	slti	x16,x4,1884	  x4:0x00000000 x16=0x00000001
     115355.000 ns	     11534	800027c0	29090853	fmin.s	f16,f18,f16	 f18:0x00000000 f16:0x4efff7df f16=0x00000000
     115375.000 ns	     11536	800027c4	017ab4b3	sltu	x9,x21,x23	 x21:0x54ab7822 x23:0x00000001  x9=0x00000000
     115395.000 ns	     11538	800027c8	20c807d3	fsgnj.s	f15,f16,f12	 f16:0x00000000 f12:0x7fc00000 f15=0x00000000
     115425.000 ns	     11541	800027cc	a1778353	fle.s	x6,f15,f23	 f15:0x7fc00000 f23:0x00000000  x6=0x00000001
     115445.000 ns	     11543	800027d0	18b66993	ori	x19,x12,395	 x12:0xfffffff8 x19=0xfffffffb
     115455.000 ns	     11544	800027d4	01e6e1b3	or	x3,x13,x30	 x13:0xffffffff x30:0x80041024  x3=0xffffffff
     115475.000 ns	     11546	800027d8	a1ec1753	flt.s	x14,f24,f30	 f24:0xcebd5efe f30:0x4efff7df x14=0x00000001
     115515.000 ns	     11550	800027dc	5801afd3	fsqrt.s	f31,f3	  f3:0x80000000 f31=0x80000000
     115535.000 ns	     11552	800027e0	7fc57813	andi	x16,x10,2044	 x10:0x00000000 x16=0x00000000
     115555.000 ns	     11554	800027e4	a0f11253	flt.s	x4,f2,f15	  f2:0x4a1425f8 f15:0x00000000  x4=0x00000000
     115575.000 ns	     11556	800027e8	009947b3	xor	x15,x18,x9	 x18:0xeedf7000  x9:0x00000000 x15=0xeedf7000
     115585.000 ns	     11557	800027ec	ee6c2b93	slti	x23,x24,-282	 x24:0x7fffffff x23=0x00000000
     115595.000 ns	     11558	800027f0	006827b3	slt	x15,x16,x6	 x16:0x00000000  x6:0x00000001 x15=0x00000001
     115615.000 ns	     11560	800027f4	02a550b3	divu	x1,x10,x10	 x10:0x00000000 x10:0x00000000  x1=0xffffffff
     115985.000 ns	     11597	800027f8	03b971b3	remu	x3,x18,x27	 x18:0xeedf7000 x27:0x00000010  x3=0x00000000
     116015.000 ns	     11600	800027fc	297698d3	fmax.s	f17,f13,f23	 f13:0x00000000 f23:0x00000000 f17=0x00000000
     116045.000 ns	     11603	80002800	28dd16d3	fmax.s	f13,f26,f13	 f26:0x00000001 f13:0x00000000 f13=0x00000001
     116075.000 ns	     11606	80002804	039eb233	mulhu	x4,x29,x25	 x29:0x00000000 x25:0x00000000  x4=0x00000000
     116105.000 ns	     11609	80002808	0290e433	rem	x8,x1,x9	  x1:0xffffffff  x9:0x00000000  x8=0xffffffff
     116125.000 ns	     11611	8000280c	012f12b3	sll	x5,x30,x18	 x30:0x80041024 x18:0xeedf7000  x5=0x80041024
     116135.000 ns	     11612	80002810	01549b93	slli	x23,x9,0x15	  x9:0x00000000 x23=0x00000000
     116155.000 ns	     11614	80002814	02a507b3	mul	x15,x10,x10	 x10:0x00000000 x10:0x00000000 x15=0x00000000
     116185.000 ns	     11617	80002818	295b8b53	fmin.s	f22,f23,f21	 f23:0x00000000 f21:0x44ad2000 f22=0x00000000
     116555.000 ns	     11654	8000281c	0288ca33	div	x20,x17,x8	 x17:0x00000001  x8:0xffffffff x20=0xffffffff
     116575.000 ns	     11656	80002820	018b9313	slli	x6,x23,0x18	 x23:0x00000000  x6=0x00000000
     116935.000 ns	     11692	80002824	03614eb3	div	x29,x2,x22	  x2:0x80041114 x22:0xffffffff x29=0x7ffbeeec
     117305.000 ns	     11729	80002828	02275333	divu	x6,x14,x2	 x14:0x00000001  x2:0x80041114  x6=0x00000000
     117335.000 ns	     11732	8000282c	0244cbb3	div	x23,x9,x4	  x9:0x00000000  x4:0x00000000 x23=0xffffffff
     117355.000 ns	     11734	80002830	b8f1c693	xori	x13,x3,-1137	  x3:0x00000000 x13=0xfffffb8f
     117375.000 ns	     11736	80002834	027afa33	remu	x20,x21,x7	 x21:0x54ab7822  x7:0x00000000 x20=0x54ab7822
     117415.000 ns	     11740	80002838	5803add3	fsqrt.s	f27,f7	  f7:0xcefff7df f27=0x7fc00000
     117435.000 ns	     11742	8000283c	00022a33	slt	x20,x4,x0	  x4:0x00000000  x0:0x00000000 x20=0x00000000
     117445.000 ns	     11743	80002840	018f1493	slli	x9,x30,0x18	 x30:0x80041024  x9=0x24000000
     117465.000 ns	     11745	80002844	a0c09d53	flt.s	x26,f1,f12	  f1:0x00000000 f12:0x7fc00000 x26=0x00000000
     117495.000 ns	     11748	80002848	02fcabb3	mulhsu	x23,x25,x15	 x25:0x00000000 x15:0x00000000 x23=0x00000000
     117525.000 ns	     11751	8000284c	d018fcd3	fcvt.s.wu	f25,x17	 x17:0x00000001 f25=0x3f800000
     117545.000 ns	     11753	80002850	00871533	sll	x10,x14,x8	 x14:0x00000001  x8:0xffffffff x10=0x80000000
     117565.000 ns	     11755	80002854	03a2c3b3	div	x7,x5,x26	  x5:0x80041024 x26:0x00000000  x7=0xffffffff
     117585.000 ns	     11757	80002858	0178ac33	slt	x24,x17,x23	 x17:0x00000001 x23:0x00000000 x24=0x00000000
     117595.000 ns	     11758	8000285c	005a1e33	sll	x28,x20,x5	 x20:0x00000000  x5:0x80041024 x28=0x00000000
     117615.000 ns	     11760	80002860	29e393d3	fmax.s	f7,f7,f30	  f7:0xcefff7df f30:0x4efff7df  f7=0x4efff7df
     117645.000 ns	     11763	80002864	a14e11d3	flt.s	x3,f28,f20	 f28:0x471bb0b4 f20:0x00000000  x3=0x00000000
     117685.000 ns	     11767	80002868	1928f7d3	fdiv.s	f15,f17,f18	 f17:0x00000000 f18:0x00000000 f15=0x7fc00000
     117705.000 ns	     11769	8000286c	00ee2633	slt	x12,x28,x14	 x28:0x00000000 x14:0x00000001 x12=0x00000001
     117725.000 ns	     11771	80002870	e00d19d3	fclass.s	x19,f26	 f26:0x00000001 x19=0x00000020
     117745.000 ns	     11773	80002874	009ab233	sltu	x4,x21,x9	 x21:0x54ab7822  x9:0x24000000  x4=0x00000000
     117755.000 ns	     11774	80002878	00000013	addi	x0,x0,0	  x0:0x00000000
     117765.000 ns	     11775	8000287c	0125cb33	xor	x22,x11,x18	 x11:0x80040fe4 x18:0xeedf7000 x22=0x6edb7fe4
     117785.000 ns	     11777	80002880	02b60333	mul	x6,x12,x11	 x12:0x00000001 x11:0x80040fe4  x6=0x80040fe4
     117805.000 ns	     11779	80002884	00db9793	slli	x15,x23,0xd	 x23:0x00000000 x15=0x00000000
     117815.000 ns	     11780	80002888	7055b717	auipc	x14,0x7055b	 x14=0xf055d888
     117825.000 ns	     11781	8000288c	01ad5eb3	srl	x29,x26,x26	 x26:0x00000000 x26:0x00000000 x29=0x00000000
     117855.000 ns	     11784	80002890	1858b9d3	fdiv.s	f19,f17,f5	 f17:0x00000000  f5:0x7fc00000 f19=0x7fc00000
     117885.000 ns	     11787	80002894	c0137653	fcvt.wu.s	x12,f6	  f6:0x00000000 x12=0x00000000
     117905.000 ns	     11789	80002898	412e5533	sra	x10,x28,x18	 x28:0x00000000 x18:0xeedf7000 x10=0x00000000
     117915.000 ns	     11790	8000289c	967d2213	slti	x4,x26,-1689	 x26:0x00000000  x4=0x00000000
     117955.000 ns	     11794	800028a0	097324d3	fsub.s	f9,f6,f23	  f6:0x00000000 f23:0x00000000  f9=0x80000000
     117985.000 ns	     11797	800028a4	298e9c53	fmax.s	f24,f29,f24	 f29:0x00000000 f24:0xcebd5efe f24=0x00000000
     118015.000 ns	     11800	800028a8	e0079a53	fclass.s	x20,f15	 f15:0x7fc00000 x20=0x00000200
     118055.000 ns	     11804	800028ac	11c180d3	fmul.s	f1,f3,f28	  f3:0x80000000 f28:0x471bb0b4  f1=0x80000000
     118085.000 ns	     11807	800028b0	c00fa453	fcvt.w.s	x8,f31	 f31:0x80000000  x8=0x00000000
     118105.000 ns	     11809	800028b4	010bf1b3	and	x3,x23,x16	 x23:0x00000000 x16:0x00000000  x3=0x00000000
     118115.000 ns	     11810	800028b8	00065b13	srli	x22,x12,0x0	 x12:0x00000000 x22=0x00000000
     118135.000 ns	     11812	800028bc	d00876d3	fcvt.s.w	f13,x16	 x16:0x00000000 f13=0x00000000
     118185.000 ns	     11817	800028c0	00fe7ad3	fadd.s	f21,f28,f15	 f28:0x471bb0b4 f15:0x7fc00000 f21=0x7fc00000
     118235.000 ns	     11822	800028c4	008f14d3	fadd.s	f9,f30,f8	 f30:0x4efff7df  f8:0x7fc00000  f9=0x7fc00000
     118265.000 ns	     11825	800028c8	a0579dd3	flt.s	x27,f15,f5	 f15:0x7fc00000  f5:0x7fc00000 x27=0x00000000
     118635.000 ns	     11862	800028cc	0326ffb3	remu	x31,x13,x18	 x13:0xfffffb8f x18:0xeedf7000 x31=0x11208b8f
     118665.000 ns	     11865	800028d0	d01babd3	fcvt.s.wu	f23,x23	 x23:0x00000000 f23=0x00000000
     118685.000 ns	     11867	800028d4	1bfe6793	ori	x15,x28,447	 x28:0x00000000 x15=0x000001bf
     119015.000 ns	     11900	800028d8	182d7153	fdiv.s	f2,f26,f2	 f26:0x00000001  f2:0x4a1425f8  f2=0x00000000
     119035.000 ns	     11902	800028dc	905f7897	auipc	x17,0x905f7	 x17=0x105f98dc
     119055.000 ns	     11904	800028e0	c019fcd3	fcvt.wu.s	x25,f19	 f19:0x7fc00000 x25=0xffffffff
     119085.000 ns	     11907	800028e4	028eee33	rem	x28,x29,x8	 x29:0x00000000  x8:0x00000000 x28=0x00000000
     119105.000 ns	     11909	800028e8	00000013	addi	x0,x0,0	  x0:0x00000000
     119125.000 ns	     11911	800028ec	206c9dd3	fsgnjn.s	f27,f25,f6	 f25:0x3f800000  f6:0x00000000 f27=0xbf800000
     119155.000 ns	     11914	800028f0	c00f1953	fcvt.w.s	x18,f30	 f30:0x4efff7df x18=0x7ffbef80
     119175.000 ns	     11916	800028f4	00cb03b3	add	x7,x22,x12	 x22:0x00000000 x12:0x00000000  x7=0x00000000
     119535.000 ns	     11952	800028f8	02d2ceb3	div	x29,x5,x13	  x5:0x80041024 x13:0xfffffb8f x29=0x001cd0ed
     119565.000 ns	     11955	800028fc	027b91b3	mulh	x3,x23,x7	 x23:0x00000000  x7:0xffffffff  x3=0x00000000
     119595.000 ns	     11958	80002900	a0550dd3	fle.s	x27,f10,f5	 f10:0x7fc00000  f5:0x7fc00000 x27=0x00000000
     119615.000 ns	     11960	80002904	00b89d93	slli	x27,x17,0xb	 x17:0x105f98dc x27=0xfcc6e000
     119635.000 ns	     11962	80002908	21920853	fsgnj.s	f16,f4,f25	  f4:0x4ebd5efe f25:0x3f800000 f16=0x4ebd5efe
     120815.000 ns	     12080	8000290c	580e1cd3	fsqrt.s	f25,f28	 f28:0x471bb0b4 f25=0x42dc2d4a
     120835.000 ns	     12082	80002910	00dece33	xor	x28,x29,x13	 x29:0x001cd0ed x13:0xfffffb8f x28=0xffe32b62
     120855.000 ns	     12084	80002914	286e1653	fmax.s	f12,f28,f6	 f28:0x471bb0b4  f6:0x00000000 f12=0x471bb0b4
     120885.000 ns	     12087	80002918	02af7c33	remu	x24,x30,x10	 x30:0x80041024 x10:0x00000000 x24=0x80041024
     120915.000 ns	     12090	8000291c	e00d8153	fmv.x.w	x2,f27	 f27:0xbf800000  x2=0xbf800000
     120945.000 ns	     12093	80002920	c00fbed3	fcvt.w.s	x29,f31	 f31:0x80000000 x29=0x00000000
     120965.000 ns	     12095	80002924	9805cf93	xori	x31,x11,-1664	 x11:0x80040fe4 x31=0x7ffbf664
     120985.000 ns	     12097	80002928	a1aa1753	flt.s	x14,f20,f26	 f20:0x00000000 f26:0x00000001 x14=0x00000001
     121015.000 ns	     12100	8000292c	a18c9853	flt.s	x16,f25,f24	 f25:0x42dc2d4a f24:0x00000000 x16=0x00000000
     121035.000 ns	     12102	80002930	013de333	or	x6,x27,x19	 x27:0xfcc6e000 x19:0x00000020  x6=0xfcc6e020
     121055.000 ns	     12104	80002934	a0632353	feq.s	x6,f6,f6	  f6:0x00000000  f6:0x00000000  x6=0x00000001
     121075.000 ns	     12106	80002938	0101ad33	slt	x26,x3,x16	  x3:0x00000000 x16:0x00000000 x26=0x00000000
     121085.000 ns	     12107	8000293c	01935c93	srli	x25,x6,0x19	  x6:0x00000001 x25=0x00000000
     121095.000 ns	     12108	80002940	00bc4133	xor	x2,x24,x11	 x24:0x80041024 x11:0x80040fe4  x2=0x00001fc0
     121105.000 ns	     12109	80002944	01891713	slli	x14,x18,0x18	 x18:0x7ffbef80 x14=0x80000000
     121125.000 ns	     12111	80002948	28a58053	fmin.s	f0,f11,f10	 f11:0x80000000 f10:0x7fc00000  f0=0x80000000
     121155.000 ns	     12114	8000294c	21af87d3	fsgnj.s	f15,f31,f26	 f31:0x80000000 f26:0x00000001 f15=0x00000000
     121175.000 ns	     12116	80002950	40450eb3	sub	x29,x10,x4	 x10:0x00000000  x4:0x00000000 x29=0x00000000
     121185.000 ns	     12117	80002954	00559133	sll	x2,x11,x5	 x11:0x80040fe4  x5:0x80041024  x2=0x0040fe40
     121195.000 ns	     12118	80002958	013057b3	srl	x15,x0,x19	  x0:0x00000000 x19:0x00000020 x15=0x00000000
     121215.000 ns	     12120	8000295c	03dc38b3	mulhu	x17,x24,x29	 x24:0x80041024 x29:0x00000000 x17=0x00000000
     121235.000 ns	     12122	80002960	01df2633	slt	x12,x30,x29	 x30:0x80041024 x29:0x00000000 x12=0x00000001
     121255.000 ns	     12124	80002964	02101333	mulh	x6,x0,x1	  x0:0x00000000  x1:0xffffffff  x6=0x00000000
     121275.000 ns	     12126	80002968	d2d1e913	ori	x18,x3,-723	  x3:0x00000000 x18=0xfffffd2d
     121635.000 ns	     12162	8000296c	021ce6b3	rem	x13,x25,x1	 x25:0x00000000  x1:0xffffffff x13=0x00000000
     121675.000 ns	     12166	80002970	19488d53	fdiv.s	f26,f17,f20	 f17:0x00000000 f20:0x00000000 f26=0x7fc00000
     121695.000 ns	     12168	80002974	00b90233	add	x4,x18,x11	 x18:0xfffffd2d x11:0x80040fe4  x4=0x80040d11
     121715.000 ns	     12170	80002978	e0009453	fclass.s	x8,f1	  f1:0x80000000  x8=0x00000008
     121745.000 ns	     12173	8000297c	214e15d3	fsgnjn.s	f11,f28,f20	 f28:0x471bb0b4 f20:0x00000000 f11=0xc71bb0b4
     121765.000 ns	     12175	80002980	415cdfb3	sra	x31,x25,x21	 x25:0x00000000 x21:0x54ab7822 x31=0x00000000
     121785.000 ns	     12177	80002984	21a59853	fsgnjn.s	f16,f11,f26	 f11:0xc71bb0b4 f26:0x7fc00000 f16=0xc71bb0b4
     121835.000 ns	     12182	80002988	001bb553	fadd.s	f10,f23,f1	 f23:0x00000000  f1:0x80000000 f10=0x80000000
     121865.000 ns	     12185	8000298c	031774b3	remu	x9,x14,x17	 x14:0x80000000 x17:0x00000000  x9=0x80000000
     121895.000 ns	     12188	80002990	21770053	fsgnj.s	f0,f14,f23	 f14:0x7fc00000 f23:0x00000000  f0=0x7fc00000
     121915.000 ns	     12190	80002994	ed72e793	ori	x15,x5,-297	  x5:0x80041024 x15=0xfffffef7
     121925.000 ns	     12191	80002998	915de193	ori	x3,x27,-1771	 x27:0xfcc6e000  x3=0xfffff915
     121945.000 ns	     12193	8000299c	d0187353	fcvt.s.wu	f6,x16	 x16:0x00000000  f6=0x00000000
     121965.000 ns	     12195	800029a0	23436793	ori	x15,x6,564	  x6:0x00000000 x15=0x00000234
     121985.000 ns	     12197	800029a4	a0e2abd3	feq.s	x23,f5,f14	  f5:0x7fc00000 f14:0x7fc00000 x23=0x00000000
     122005.000 ns	     12199	800029a8	00d98fb3	add	x31,x19,x13	 x19:0x00000020 x13:0x00000000 x31=0x00000020
     122025.000 ns	     12201	800029ac	022db233	mulhu	x4,x27,x2	 x27:0xfcc6e000  x2:0x0040fe40  x4=0x00402cc4
     122045.000 ns	     12203	800029b0	40325c33	sra	x24,x4,x3	  x4:0x80040d11  x3:0xfffff915 x24=0x00000002
     122055.000 ns	     12204	800029b4	45271717	auipc	x14,0x45271	 x14=0xc52739b4
     122065.000 ns	     12205	800029b8	012ad133	srl	x2,x21,x18	 x21:0x54ab7822 x18:0xfffffd2d  x2=0x0002a55b
     122095.000 ns	     12208	800029bc	11af29d3	fmul.s	f19,f30,f26	 f30:0x4efff7df f26:0x7fc00000 f19=0x7fc00000
     122115.000 ns	     12210	800029c0	b0d37613	andi	x12,x6,-1267	  x6:0x00000000 x12=0x00000000
     122125.000 ns	     12211	800029c4	01fb1633	sll	x12,x22,x31	 x22:0x00000000 x31:0x00000020 x12=0x00000000
     122135.000 ns	     12212	800029c8	00000013	addi	x0,x0,0	  x0:0x00000000
     122155.000 ns	     12214	800029cc	0377f933	remu	x18,x15,x23	 x15:0x00000234 x23:0x00000000 x18=0x00000234
     122205.000 ns	     12219	800029d0	010efe53	fadd.s	f28,f29,f16	 f29:0x00000000 f16:0xc71bb0b4 f28=0xc71bb0b4
     122245.000 ns	     12223	800029d4	1182a853	fmul.s	f16,f5,f24	  f5:0x7fc00000 f24:0x00000000 f16=0x7fc00000
     122265.000 ns	     12225	800029d8	013f5433	srl	x8,x30,x19	 x30:0x80041024 x19:0x00000020  x8=0x80041024
     122285.000 ns	     12227	800029dc	a0a78b53	fle.s	x22,f15,f10	 f15:0x00000000 f10:0x80000000 x22=0x00000001
     122305.000 ns	     12229	800029e0	00086bb3	or	x23,x16,x0	 x16:0x00000000  x0:0x00000000 x23=0x00000000
     122315.000 ns	     12230	800029e4	410e0733	sub	x14,x28,x16	 x28:0xffe32b62 x16:0x00000000 x14=0xffe32b62
     122335.000 ns	     12232	800029e8	d01770d3	fcvt.s.wu	f1,x14	 x14:0xc52739b4  f1=0x4f7fe32b
     122385.000 ns	     12237	800029ec	00687453	fadd.s	f8,f16,f6	 f16:0x7fc00000  f6:0x00000000  f8=0x7fc00000
     122415.000 ns	     12240	800029f0	20da8cd3	fsgnj.s	f25,f21,f13	 f21:0x7fc00000 f13:0x00000000 f25=0x7fc00000
     122435.000 ns	     12242	800029f4	405bd133	sra	x2,x23,x5	 x23:0x00000000  x5:0x80041024  x2=0x00000000
     122455.000 ns	     12244	800029f8	a10fa253	feq.s	x4,f31,f16	 f31:0x80000000 f16:0x7fc00000  x4=0x00000000
     122475.000 ns	     12246	800029fc	002d4933	xor	x18,x26,x2	 x26:0x00000000  x2:0x0002a55b x18=0x00000000
     122485.000 ns	     12247	80002a00	01bfdb33	srl	x22,x31,x27	 x31:0x00000020 x27:0xfcc6e000 x22=0x00000020
     122845.000 ns	     12283	80002a04	023479b3	remu	x19,x8,x3	  x8:0x80041024  x3:0xfffff915 x19=0x80041024
     122885.000 ns	     12287	80002a08	58002e53	fsqrt.s	f28,f0	  f0:0x7fc00000 f28=0x7fc00000
     122905.000 ns	     12289	80002a0c	01014db3	xor	x27,x2,x16	  x2:0x00000000 x16:0x00000000 x27=0x00000000
     123265.000 ns	     12325	80002a10	02baf333	remu	x6,x21,x11	 x21:0x54ab7822 x11:0x80040fe4  x6=0x54ab7822
     123305.000 ns	     12329	80002a14	194af753	fdiv.s	f14,f21,f20	 f21:0x7fc00000 f20:0x00000000 f14=0x7fc00000
     123335.000 ns	     12332	80002a18	a0ec0e53	fle.s	x28,f24,f14	 f24:0x00000000 f14:0x7fc00000 x28=0x00000000
     123375.000 ns	     12336	80002a1c	115b7153	fmul.s	f2,f22,f21	 f22:0x00000000 f21:0x7fc00000  f2=0x7fc00000
     123395.000 ns	     12338	80002a20	00a49c93	slli	x25,x9,0xa	  x9:0x80000000 x25=0x00000000
     123405.000 ns	     12339	80002a24	25f5cc93	xori	x25,x11,607	 x11:0x80040fe4 x25=0x80040dbb
     123435.000 ns	     12342	80002a28	10cf3e53	fmul.s	f28,f30,f12	 f30:0x4efff7df f12:0x471bb0b4 f28=0x569babc3
     123455.000 ns	     12344	80002a2c	13b15417	auipc	x8,0x13b15	  x8=0x93b17a2c
     123465.000 ns	     12345	80002a30	821db293	sltiu	x5,x27,-2015	 x27:0x00000000  x5=0x00000001
     123485.000 ns	     12347	80002a34	02265733	divu	x14,x12,x2	 x12:0x00000000  x2:0x00000000 x14=0xffffffff
     123535.000 ns	     12352	80002a38	01bc1153	fadd.s	f2,f24,f27	 f24:0x00000000 f27:0xbf800000  f2=0xbf800000
     123585.000 ns	     12357	80002a3c	0866f1d3	fsub.s	f3,f13,f6	 f13:0x00000000  f6:0x00000000  f3=0x80000000
     123615.000 ns	     12360	80002a40	a1bb9cd3	flt.s	x25,f23,f27	 f23:0x00000000 f27:0xbf800000 x25=0x00000000
     123645.000 ns	     12363	80002a44	a1b813d3	flt.s	x7,f16,f27	 f16:0x7fc00000 f27:0xbf800000  x7=0x00000000
     123675.000 ns	     12366	80002a48	a1f39253	flt.s	x4,f7,f31	  f7:0x4efff7df f31:0x80000000  x4=0x00000000
     123695.000 ns	     12368	80002a4c	01826c33	or	x24,x4,x24	  x4:0x00000000 x24:0x00000002 x24=0x00000002
     123715.000 ns	     12370	80002a50	21882dd3	fsgnjx.s	f27,f16,f24	 f16:0x7fc00000 f24:0x00000000 f27=0x7fc00000
     123745.000 ns	     12373	80002a54	d005f453	fcvt.s.w	f8,x11	 x11:0x80040fe4  f8=0xcefff7e0
     123765.000 ns	     12375	80002a58	18246813	ori	x16,x8,386	  x8:0x93b17a2c x16=0x93b17bae
     123785.000 ns	     12377	80002a5c	02b50633	mul	x12,x10,x11	 x10:0x00000000 x11:0x80040fe4 x12=0x00000000
     123815.000 ns	     12380	80002a60	d01c0c53	fcvt.s.wu	f24,x24	 x24:0x00000002 f24=0x40000000
     123835.000 ns	     12382	80002a64	00ee6833	or	x16,x28,x14	 x28:0x00000000 x14:0xffffffff x16=0xffffffff
     123855.000 ns	     12384	80002a68	03d896b3	mulh	x13,x17,x29	 x17:0x00000000 x29:0x00000000 x13=0x00000000
     123905.000 ns	     12389	80002a6c	09a87953	fsub.s	f18,f16,f26	 f16:0x7fc00000 f26:0x7fc00000 f18=0x7fc00000
     123925.000 ns	     12391	80002a70	4193d033	sra	x0,x7,x25	  x7:0x00000000 x25:0x00000000
     123955.000 ns	     12394	80002a74	11d51053	fmul.s	f0,f10,f29	 f10:0x80000000 f29:0x00000000  f0=0x80000000
     124325.000 ns	     12431	80002a78	035f4d33	div	x26,x30,x21	 x30:0x80041024 x21:0x54ab7822 x26=0xffffffff
     124355.000 ns	     12434	80002a7c	a0588a53	fle.s	x20,f17,f5	 f17:0x00000000  f5:0x7fc00000 x20=0x00000000
     124405.000 ns	     12439	80002a80	0930fc53	fsub.s	f24,f1,f19	  f1:0x4f7fe32b f19:0x7fc00000 f24=0x7fc00000
     124435.000 ns	     12442	80002a84	204f86d3	fsgnj.s	f13,f31,f4	 f31:0x80000000  f4:0x4ebd5efe f13=0x00000000
     124455.000 ns	     12444	80002a88	70ede413	ori	x8,x27,1806	 x27:0x00000000  x8=0x0000070e
     124465.000 ns	     12445	80002a8c	0016aeb3	slt	x29,x13,x1	 x13:0x00000000  x1:0xffffffff x29=0x00000000
     124485.000 ns	     12447	80002a90	20d081d3	fsgnj.s	f3,f1,f13	  f1:0x4f7fe32b f13:0x00000000  f3=0x4f7fe32b
     124855.000 ns	     12484	80002a94	02fcfcb3	remu	x25,x25,x15	 x25:0x00000000 x15:0x00000234 x25=0x00000000
     124885.000 ns	     12487	80002a98	21828c53	fsgnj.s	f24,f5,f24	  f5:0x7fc00000 f24:0x7fc00000 f24=0x7fc00000
     124905.000 ns	     12489	80002a9c	012d1bb3	sll	x23,x26,x18	 x26:0xffffffff x18:0x00000000 x23=0xffffffff
     124925.000 ns	     12491	80002aa0	29ec12d3	fmax.s	f5,f24,f30	 f24:0x7fc00000 f30:0x4efff7df  f5=0x4efff7df
     124945.000 ns	     12493	80002aa4	0028d993	srli	x19,x17,0x2	 x17:0x00000000 x19=0x00000000
     124965.000 ns	     12495	80002aa8	024d1b33	mulh	x22,x26,x4	 x26:0xffffffff  x4:0x00000000 x22=0x00000000
     124985.000 ns	     12497	80002aac	001b2fb3	slt	x31,x22,x1	 x22:0x00000020  x1:0xffffffff x31=0x00000000
     124995.000 ns	     12498	80002ab0	29be1897	auipc	x17,0x29be1	 x17=0xa9be3ab0
     125355.000 ns	     12534	80002ab4	026cedb3	rem	x27,x25,x6	 x25:0x00000000  x6:0x54ab7822 x27=0x00000000
     125375.000 ns	     12536	80002ab8	013d80b3	add	x1,x27,x19	 x27:0x00000000 x19:0x00000000  x1=0x00000000
     125385.000 ns	     12537	80002abc	002e68b3	or	x17,x28,x2	 x28:0x00000000  x2:0x00000000 x17=0x00000000
     125395.000 ns	     12538	80002ac0	414b8433	sub	x8,x23,x20	 x23:0xffffffff x20:0x00000000  x8=0xffffffff
     125405.000 ns	     12539	80002ac4	402656b3	sra	x13,x12,x2	 x12:0x00000000  x2:0x00000000 x13=0x00000000
     125445.000 ns	     12543	80002ac8	01657a53	fadd.s	f20,f10,f22	 f10:0x80000000 f22:0x00000000 f20=0x00000000
     125465.000 ns	     12545	80002acc	009e6c13	ori	x24,x28,9	 x28:0x00000000 x24=0x00000009
     125485.000 ns	     12547	80002ad0	03fb5333	divu	x6,x22,x31	 x22:0x00000000 x31:0x00000000  x6=0xffffffff
     125515.000 ns	     12550	80002ad4	29cd0c53	fmin.s	f24,f26,f28	 f26:0x7fc00000 f28:0x569babc3 f24=0x569babc3
     125535.000 ns	     12552	80002ad8	011359b3	srl	x19,x6,x17	  x6:0xffffffff x17:0x00000000 x19=0xffffffff
     125555.000 ns	     12554	80002adc	c00e9b53	fcvt.w.s	x22,f29	 f29:0x00000000 x22=0x00000000
     125585.000 ns	     12557	80002ae0	027f7433	remu	x8,x30,x7	 x30:0x80041024  x7:0x00000000  x8=0x80041024
     125615.000 ns	     12560	80002ae4	02ddc6b3	div	x13,x27,x13	 x27:0x00000000 x13:0x00000000 x13=0xffffffff
     125645.000 ns	     12563	80002ae8	a011a4d3	feq.s	x9,f3,f1	  f3:0x4f7fe32b  f1:0x4f7fe32b  x9=0x00000001
     125665.000 ns	     12565	80002aec	0103f233	and	x4,x7,x16	  x7:0x00000000 x16:0xffffffff  x4=0x00000000
     125685.000 ns	     12567	80002af0	02c4eb33	rem	x22,x9,x12	  x9:0x00000001 x12:0x00000000 x22=0x00000001
     125715.000 ns	     12570	80002af4	c00e7b53	fcvt.w.s	x22,f28	 f28:0x569babc3 x22=0x7fffffff
     125745.000 ns	     12573	80002af8	035327b3	mulhsu	x15,x6,x21	  x6:0xffffffff x21:0x54ab7822 x15=0xffffffff
     125765.000 ns	     12575	80002afc	00216333	or	x6,x2,x2	  x2:0x00000000  x2:0x00000000  x6=0x00000000
     125785.000 ns	     12577	80002b00	021ba433	mulhsu	x8,x23,x1	 x23:0xffffffff  x1:0x00000000  x8=0x00000000
     125815.000 ns	     12580	80002b04	c01dbcd3	fcvt.wu.s	x25,f27	 f27:0x7fc00000 x25=0xffffffff
     125835.000 ns	     12582	80002b08	00449bb3	sll	x23,x9,x4	  x9:0x00000001  x4:0x00000000 x23=0x00000001
     125855.000 ns	     12584	80002b0c	d01179d3	fcvt.s.wu	f19,x2	  x2:0x00000000 f19=0x00000000
     125885.000 ns	     12587	80002b10	025c3c33	mulhu	x24,x24,x5	 x24:0x00000009  x5:0x00000001 x24=0x00000000
     125915.000 ns	     12590	80002b14	e00b1e53	fclass.s	x28,f22	 f22:0x00000000 x28=0x00000010
     125945.000 ns	     12593	80002b18	03172bb3	mulhsu	x23,x14,x17	 x14:0xffffffff x17:0x00000000 x23=0x00000000
     125965.000 ns	     12595	80002b1c	40275413	srai	x8,x14,0x2	 x14:0xffffffff  x8=0xffffffff
     126325.000 ns	     12631	80002b20	02d859b3	divu	x19,x16,x13	 x16:0xffffffff x13:0xffffffff x19=0x00000001
     126355.000 ns	     12634	80002b24	f00486d3	fmv.w.x	f13,x9	  x9:0x00000001 f13=0x00000001
     126395.000 ns	     12638	80002b28	19edf153	fdiv.s	f2,f27,f30	 f27:0x7fc00000 f30:0x4efff7df  f2=0x7fc00000
     126415.000 ns	     12640	80002b2c	01045233	srl	x4,x8,x16	  x8:0xffffffff x16:0xffffffff  x4=0x00000001
     126435.000 ns	     12642	80002b30	a02a0ed3	fle.s	x29,f20,f2	 f20:0x00000000  f2:0x7fc00000 x29=0x00000000
     126455.000 ns	     12644	80002b34	3d7ffb93	andi	x23,x31,983	 x31:0x00000000 x23=0x00000000
     126465.000 ns	     12645	80002b38	01d9a3b3	slt	x7,x19,x29	 x19:0x00000001 x29:0x00000000  x7=0x00000000
     126475.000 ns	     12646	80002b3c	40b75833	sra	x16,x14,x11	 x14:0xffffffff x11:0x80040fe4 x16=0xffffffff
     126495.000 ns	     12648	80002b40	d015fb53	fcvt.s.wu	f22,x11	 x11:0x80040fe4 f22=0x4f00040f
     126515.000 ns	     12650	80002b44	6e99c113	xori	x2,x19,1769	 x19:0x00000001  x2=0x000006e8
     126525.000 ns	     12651	80002b48	00e44333	xor	x6,x8,x14	  x8:0xffffffff x14:0xffffffff  x6=0x00000000
     126535.000 ns	     12652	80002b4c	c7e30437	lui	x8,0xc7e30	  x8=0xc7e30000
     126545.000 ns	     12653	80002b50	2de99317	auipc	x6,0x2de99	  x6=0xade9bb50
     126555.000 ns	     12654	80002b54	5c2fa713	slti	x14,x31,1474	 x31:0x00000000 x14=0x00000001
     126575.000 ns	     12656	80002b58	038e24b3	mulhsu	x9,x28,x24	 x28:0x00000010 x24:0x00000000  x9=0x00000000
     126595.000 ns	     12658	80002b5c	69883117	auipc	x2,0x69883	  x2=0xe9885b5c
     126615.000 ns	     12660	80002b60	e00e8e53	fmv.x.w	x28,f29	 f29:0x00000000 x28=0x00000000
     126985.000 ns	     12697	80002b64	03585233	divu	x4,x16,x21	 x16:0xffffffff x21:0x54ab7822  x4=0x00000003
     127005.000 ns	     12699	80002b68	406058b3	sra	x17,x0,x6	  x0:0x00000000  x6:0xade9bb50 x17=0x00000000
     127015.000 ns	     12700	80002b6c	01955633	srl	x12,x10,x25	 x10:0x00000000 x25:0xffffffff x12=0x00000000
     127375.000 ns	     12736	80002b70	03a1e0b3	rem	x1,x3,x26	  x3:0xfffff915 x26:0xffffffff  x1=0x00000000
     127405.000 ns	     12739	80002b74	2056a353	fsgnjx.s	f6,f13,f5	 f13:0x00000001  f5:0x4efff7df  f6=0x00000001
     127425.000 ns	     12741	80002b78	4118d1b3	sra	x3,x17,x17	 x17:0x00000000 x17:0x00000000  x3=0x00000000
     127445.000 ns	     12743	80002b7c	d00fa7d3	fcvt.s.w	f15,x31	 x31:0x00000000 f15=0x00000000
     127465.000 ns	     12745	80002b80	fa230c13	addi	x24,x6,-94	  x6:0xade9bb50 x24=0xade9baf2
     127475.000 ns	     12746	80002b84	419901b3	sub	x3,x18,x25	 x18:0x00000000 x25:0xffffffff  x3=0x00000001
     127485.000 ns	     12747	80002b88	5a918117	auipc	x2,0x5a918	  x2=0xda91ab88
     127525.000 ns	     12751	80002b8c	08f3fcd3	fsub.s	f25,f7,f15	  f7:0x4efff7df f15:0x00000000 f25=0x4efff7df
     127555.000 ns	     12754	80002b90	f0008b53	fmv.w.x	f22,x1	  x1:0x00000000 f22=0x00000000
     127575.000 ns	     12756	80002b94	3eb04213	xori	x4,x0,1003	  x0:0x00000000  x4=0x000003eb
     127585.000 ns	     12757	80002b98	1e61e793	ori	x15,x3,486	  x3:0x00000001 x15=0x000001e7
     127605.000 ns	     12759	80002b9c	c019c7d3	fcvt.wu.s	x15,f19	 f19:0x00000000 x15=0x00000000
     127625.000 ns	     12761	80002ba0	00d0a533	slt	x10,x1,x13	  x1:0x00000000 x13:0xffffffff x10=0x00000000
     127645.000 ns	     12763	80002ba4	206d0b53	fsgnj.s	f22,f26,f6	 f26:0x7fc00000  f6:0x00000001 f22=0x7fc00000
     127675.000 ns	     12766	80002ba8	a19b1153	flt.s	x2,f22,f25	 f22:0x00000000 f25:0x4efff7df  x2=0x00000000
     127705.000 ns	     12769	80002bac	a0a62553	feq.s	x10,f12,f10	 f12:0x471bb0b4 f10:0x80000000 x10=0x00000000
     127725.000 ns	     12771	80002bb0	40a9d6b3	sra	x13,x19,x10	 x19:0x00000001 x10:0x00000000 x13=0x00000001
     127735.000 ns	     12772	80002bb4	0111e9b3	or	x19,x3,x17	  x3:0x00000001 x17:0x00000000 x19=0x00000001
     127755.000 ns	     12774	80002bb8	d005fbd3	fcvt.s.w	f23,x11	 x11:0x80040fe4 f23=0xcefff7e0
     127775.000 ns	     12776	80002bbc	40d75833	sra	x16,x14,x13	 x14:0x00000001 x13:0x00000001 x16=0x00000000
     127795.000 ns	     12778	80002bc0	28491053	fmax.s	f0,f18,f4	 f18:0x7fc00000  f4:0x4ebd5efe  f0=0x4ebd5efe
     127815.000 ns	     12780	80002bc4	00ad9613	slli	x12,x27,0xa	 x27:0x00000000 x12=0x00000000
     127835.000 ns	     12782	80002bc8	d00f8753	fcvt.s.w	f14,x31	 x31:0x00000000 f14=0x00000000
     127865.000 ns	     12785	80002bcc	02f6b8b3	mulhu	x17,x13,x15	 x13:0x00000001 x15:0x00000000 x17=0x00000000
     127895.000 ns	     12788	80002bd0	204f8cd3	fsgnj.s	f25,f31,f4	 f31:0x80000000  f4:0x4ebd5efe f25=0x00000000
     127925.000 ns	     12791	80002bd4	f00a0cd3	fmv.w.x	f25,x20	 x20:0x00000000 f25=0x00000000
     127955.000 ns	     12794	80002bd8	a0632bd3	feq.s	x23,f6,f6	  f6:0x00000001  f6:0x00000001 x23=0x00000001
     127975.000 ns	     12796	80002bdc	729e2313	slti	x6,x28,1833	 x28:0x00000000  x6=0x00000001
     128335.000 ns	     12832	80002be0	024e7bb3	remu	x23,x28,x4	 x28:0x00000000  x4:0x000003eb x23=0x00000000
     128355.000 ns	     12834	80002be4	017912b3	sll	x5,x18,x23	 x18:0x00000000 x23:0x00000001  x5=0x00000000
     128365.000 ns	     12835	80002be8	12ecc993	xori	x19,x25,302	 x25:0xffffffff x19=0xfffffed1
     128375.000 ns	     12836	80002bec	97e09c17	auipc	x24,0x97e09	 x24=0x17e0bbec
     128415.000 ns	     12840	80002bf0	09a1f253	fsub.s	f4,f3,f26	  f3:0x4f7fe32b f26:0x7fc00000  f4=0x7fc00000
     128435.000 ns	     12842	80002bf4	00000013	addi	x0,x0,0	  x0:0x00000000
     128445.000 ns	     12843	80002bf8	000ed333	srl	x6,x29,x0	 x29:0x00000000  x0:0x00000000  x6=0x00000000
     128455.000 ns	     12844	80002bfc	00ab9db3	sll	x27,x23,x10	 x23:0x00000000 x10:0x00000000 x27=0x00000000
     128465.000 ns	     12845	80002c00	00000013	addi	x0,x0,0	  x0:0x00000000
     128485.000 ns	     12847	80002c04	02062133	mulhsu	x2,x12,x0	 x12:0x00000000  x0:0x00000000  x2=0x00000000
     128505.000 ns	     12849	80002c08	01269933	sll	x18,x13,x18	 x13:0x00000001 x18:0x00000000 x18=0x00000001
     128525.000 ns	     12851	80002c0c	20be0f53	fsgnj.s	f30,f28,f11	 f28:0x569babc3 f11:0xc71bb0b4 f30=0xd69babc3
     128545.000 ns	     12853	80002c10	01611793	slli	x15,x2,0x16	  x2:0x00000000 x15=0x00000000
     128565.000 ns	     12855	80002c14	f00709d3	fmv.w.x	f19,x14	 x14:0x00000001 f19=0x00000001
     128615.000 ns	     12860	80002c18	005f7e53	fadd.s	f28,f30,f5	 f30:0xd69babc3  f5:0x4efff7df f28=0xd69baac3
     128635.000 ns	     12862	80002c1c	daf0c313	xori	x6,x1,-593	  x1:0x00000000  x6=0xfffffdaf
     128655.000 ns	     12864	80002c20	a0a398d3	flt.s	x17,f7,f10	  f7:0x4efff7df f10:0x80000000 x17=0x00000000
     128675.000 ns	     12866	80002c24	00b61d13	slli	x26,x12,0xb	 x12:0x00000000 x26=0x00000000
     128685.000 ns	     12867	80002c28	01e76cb3	or	x25,x14,x30	 x14:0x00000001 x30:0x80041024 x25=0x80041025
     128695.000 ns	     12868	80002c2c	3648c137	lui	x2,0x3648c	  x2=0x3648c000
     128715.000 ns	     12870	80002c30	03d063b3	rem	x7,x0,x29	  x0:0x00000000 x29:0x00000000  x7=0x00000000
     128745.000 ns	     12873	80002c34	023490b3	mulh	x1,x9,x3	  x9:0x00000000  x3:0x00000001  x1=0x00000000
     128765.000 ns	     12875	80002c38	6ec3c993	xori	x19,x7,1772	  x7:0x00000000 x19=0x000006ec
     128785.000 ns	     12877	80002c3c	28e88b53	fmin.s	f22,f17,f14	 f17:0x00000000 f14:0x00000000 f22=0x00000000
     128815.000 ns	     12880	80002c40	f0080bd3	fmv.w.x	f23,x16	 x16:0x00000000 f23=0x00000000
     128855.000 ns	     12884	80002c44	11c1fdd3	fmul.s	f27,f3,f28	  f3:0x4f7fe32b f28:0xd69baac3 f27=0xe69b993b
     128885.000 ns	     12887	80002c48	a1c38353	fle.s	x6,f7,f28	  f7:0x4efff7df f28:0xd69baac3  x6=0x00000000
     128905.000 ns	     12889	80002c4c	43392e13	slti	x28,x18,1075	 x18:0x00000001 x28=0x00000001
     128915.000 ns	     12890	80002c50	00000013	addi	x0,x0,0	  x0:0x00000000
     128935.000 ns	     12892	80002c54	020f31b3	mulhu	x3,x30,x0	 x30:0x80041024  x0:0x00000000  x3=0x00000000
     128955.000 ns	     12894	80002c58	006ba2b3	slt	x5,x23,x6	 x23:0x00000000  x6:0x00000000  x5=0x00000000
     128965.000 ns	     12895	80002c5c	acfa7b13	andi	x22,x20,-1329	 x20:0x00000000 x22=0x00000000
     128995.000 ns	     12898	80002c60	11f073d3	fmul.s	f7,f0,f31	  f0:0x4ebd5efe f31:0x80000000  f7=0x80000000
     129035.000 ns	     12902	80002c64	580afdd3	fsqrt.s	f27,f21	 f21:0x7fc00000 f27=0x7fc00000
     129055.000 ns	     12904	80002c68	50490093	addi	x1,x18,1284	 x18:0x00000001  x1=0x00000505
     129065.000 ns	     12905	80002c6c	000a1a33	sll	x20,x20,x0	 x20:0x00000000  x0:0x00000000 x20=0x00000000
     129075.000 ns	     12906	80002c70	bdf9c097	auipc	x1,0xbdf9c	  x1=0x3df9ec70
     129105.000 ns	     12909	80002c74	196c0553	fdiv.s	f10,f24,f22	 f24:0x569babc3 f22:0x00000000 f10=0x7f800000
     129135.000 ns	     12912	80002c78	d00bf1d3	fcvt.s.w	f3,x23	 x23:0x00000000  f3=0x00000000
     129165.000 ns	     12915	80002c7c	a01ea1d3	feq.s	x3,f29,f1	 f29:0x00000000  f1:0x4f7fe32b  x3=0x00000000
     129195.000 ns	     12918	80002c80	216caad3	fsgnjx.s	f21,f25,f22	 f25:0x00000000 f22:0x00000000 f21=0x00000000
     129225.000 ns	     12921	80002c84	e0081053	fclass.s	x0,f16	 f16:0x7fc00000
     129275.000 ns	     12926	80002c88	010606d3	fadd.s	f13,f12,f16	 f12:0x471bb0b4 f16:0x7fc00000 f13=0x7fc00000
     129325.000 ns	     12931	80002c8c	092178d3	fsub.s	f17,f2,f18	  f2:0x7fc00000 f18:0x7fc00000 f17=0x7fc00000
     129355.000 ns	     12934	80002c90	c006b6d3	fcvt.w.s	x13,f13	 f13:0x7fc00000 x13=0x7fffffff
     129375.000 ns	     12936	80002c94	1dadea13	ori	x20,x27,474	 x27:0x00000000 x20=0x000001da
     129395.000 ns	     12938	80002c98	e0070553	fmv.x.w	x10,f14	 f14:0x00000000 x10=0x00000000
     129415.000 ns	     12940	80002c9c	00ca9313	slli	x6,x21,0xc	 x21:0x54ab7822  x6=0xb7822000
     129425.000 ns	     12941	80002ca0	00000013	addi	x0,x0,0	  x0:0x00000000
     129435.000 ns	     12942	80002ca4	5b852293	slti	x5,x10,1464	 x10:0x00000000  x5=0x00000001
     129475.000 ns	     12946	80002ca8	08d1ad53	fsub.s	f26,f3,f13	  f3:0x00000000 f13:0x7fc00000 f26=0x7fc00000
     129505.000 ns	     12949	80002cac	031aaa33	mulhsu	x20,x21,x17	 x21:0x54ab7822 x17:0x00000000 x20=0x00000000
     129535.000 ns	     12952	80002cb0	20ef00d3	fsgnj.s	f1,f30,f14	 f30:0xd69babc3 f14:0x00000000  f1=0x569babc3
     129555.000 ns	     12954	80002cb4	4110df93	srai	x31,x1,0x11	  x1:0x3df9ec70 x31=0x00001efc
     129575.000 ns	     12956	80002cb8	f00805d3	fmv.w.x	f11,x16	 x16:0x00000000 f11=0x00000000
     129595.000 ns	     12958	80002cbc	01bb9813	slli	x16,x23,0x1b	 x23:0x00000000 x16=0x00000000
     129615.000 ns	     12960	80002cc0	03cd1433	mulh	x8,x26,x28	 x26:0x00000000 x28:0x00000001  x8=0x00000000
     129635.000 ns	     12962	80002cc4	867fa493	slti	x9,x31,-1945	 x31:0x00001efc  x9=0x00000000
     129645.000 ns	     12963	80002cc8	01f81513	slli	x10,x16,0x1f	 x16:0x00000000 x10=0x00000000
     129655.000 ns	     12964	80002ccc	75046493	ori	x9,x8,1872	  x8:0x00000000  x9=0x00000750
     129665.000 ns	     12965	80002cd0	01965333	srl	x6,x12,x25	 x12:0x00000000 x25:0x80041025  x6=0x00000000
     129695.000 ns	     12968	80002cd4	580e71d3	fsqrt.s	f3,f28	 f28:0xd69baac3  f3=0x7fc00000
     129715.000 ns	     12970	80002cd8	00c5ea33	or	x20,x11,x12	 x11:0x80040fe4 x12:0x00000000 x20=0x80040fe4
     129725.000 ns	     12971	80002cdc	01197cb3	and	x25,x18,x17	 x18:0x00000001 x17:0x00000000 x25=0x00000000
     129765.000 ns	     12975	80002ce0	010448d3	fadd.s	f17,f8,f16	  f8:0xcefff7e0 f16:0x7fc00000 f17=0x7fc00000
     130135.000 ns	     13012	80002ce4	03225333	divu	x6,x4,x18	  x4:0x000003eb x18:0x00000001  x6=0x000003eb
     130165.000 ns	     13015	80002ce8	028ae033	rem	x0,x21,x8	 x21:0x54ab7822  x8:0x00000000
     130195.000 ns	     13018	80002cec	e00908d3	fmv.x.w	x17,f18	 f18:0x7fc00000 x17=0x7fc00000
     130225.000 ns	     13021	80002cf0	02f1acb3	mulhsu	x25,x3,x15	  x3:0x00000000 x15:0x00000000 x25=0x00000000
     130255.000 ns	     13024	80002cf4	21e681d3	fsgnj.s	f3,f13,f30	 f13:0x7fc00000 f30:0xd69babc3  f3=0xffc00000
     130285.000 ns	     13027	80002cf8	035887b3	mul	x15,x17,x21	 x17:0x7fc00000 x21:0x54ab7822 x15=0xf7800000
     130315.000 ns	     13030	80002cfc	294218d3	fmax.s	f17,f4,f20	  f4:0x7fc00000 f20:0x00000000 f17=0x00000000
     130335.000 ns	     13032	80002d00	31358393	addi	x7,x11,787	 x11:0x80040fe4  x7=0x800412f7
     130345.000 ns	     13033	80002d04	001ae433	or	x8,x21,x1	 x21:0x54ab7822  x1:0x3df9ec70  x8=0x7dfbfc72
     130355.000 ns	     13034	80002d08	014be733	or	x14,x23,x20	 x23:0x00000000 x20:0x80040fe4 x14=0x80040fe4
     130365.000 ns	     13035	80002d0c	00000013	addi	x0,x0,0	  x0:0x00000000
     130385.000 ns	     13037	80002d10	e0071ed3	fclass.s	x29,f14	 f14:0x00000000 x29=0x00000010
     130405.000 ns	     13039	80002d14	00e25b93	srli	x23,x4,0xe	  x4:0x000003eb x23=0x00000000
     130425.000 ns	     13041	80002d18	21709953	fsgnjn.s	f18,f1,f23	  f1:0x569babc3 f23:0x00000000 f18=0xd69babc3
     130445.000 ns	     13043	80002d1c	0029c833	xor	x16,x19,x2	 x19:0x000006ec  x2:0x3648c000 x16=0x3648c6ec
     130465.000 ns	     13045	80002d20	a1a92c53	feq.s	x24,f18,f26	 f18:0xd69babc3 f26:0x7fc00000 x24=0x00000000
     130485.000 ns	     13047	80002d24	8bf70897	auipc	x17,0x8bf70	 x17=0x0bf72d24
     130495.000 ns	     13048	80002d28	401c8d33	sub	x26,x25,x1	 x25:0x00000000  x1:0x3df9ec70 x26=0xc2061390
     130505.000 ns	     13049	80002d2c	00000013	addi	x0,x0,0	  x0:0x00000000
     130535.000 ns	     13052	80002d30	5801f0d3	fsqrt.s	f1,f3	  f3:0xffc00000  f1=0x7fc00000
     130575.000 ns	     13056	80002d34	18b6a753	fdiv.s	f14,f13,f11	 f13:0x7fc00000 f11:0x00000000 f14=0x7fc00000
     130615.000 ns	     13060	80002d38	115111d3	fmul.s	f3,f2,f21	  f2:0x7fc00000 f21:0x00000000  f3=0x7fc00000
     130635.000 ns	     13062	80002d3c	401e0633	sub	x12,x28,x1	 x28:0x00000001  x1:0x3df9ec70 x12=0xc2061391
     130995.000 ns	     13098	80002d40	03a5fdb3	remu	x27,x11,x26	 x11:0x80040fe4 x26:0xc2061390 x27=0x80040fe4
     131015.000 ns	     13100	80002d44	ab4ae713	ori	x14,x21,-1356	 x21:0x54ab7822 x14=0xfffffab6
     131035.000 ns	     13102	80002d48	d009f653	fcvt.s.w	f12,x19	 x19:0x000006ec f12=0x44dd8000
     131055.000 ns	     13104	80002d4c	010d1013	slli	x0,x26,0x10	 x26:0xc2061390
     131065.000 ns	     13105	80002d50	00839933	sll	x18,x7,x8	  x7:0x800412f7  x8:0x7dfbfc72 x18=0x4bdc0000
     131085.000 ns	     13107	80002d54	038a1133	mulh	x2,x20,x24	 x20:0x80040fe4 x24:0x00000000  x2=0x00000000
     131105.000 ns	     13109	80002d58	aa964f93	xori	x31,x12,-1367	 x12:0xc2061391 x31=0x3df9e938
     131465.000 ns	     13145	80002d5c	034fc733	div	x14,x31,x20	 x31:0x00001efc x20:0x80040fe4 x14=0x00000000
     131495.000 ns	     13148	80002d60	e00499d3	fclass.s	x19,f9	  f9:0x7fc00000 x19=0x00000200
     131865.000 ns	     13185	80002d64	0335cd33	div	x26,x11,x19	 x11:0x80040fe4 x19:0x000006ec x26=0xffc00208
     131895.000 ns	     13188	80002d68	28211dd3	fmax.s	f27,f2,f2	  f2:0x7fc00000  f2:0x7fc00000 f27=0x7fc00000
     131925.000 ns	     13191	80002d6c	02da3b33	mulhu	x22,x20,x13	 x20:0x80040fe4 x13:0x7fffffff x22=0x400207f1
     131945.000 ns	     13193	80002d70	012e03b3	add	x7,x28,x18	 x28:0x00000001 x18:0x4bdc0000  x7=0x4bdc0001
     131955.000 ns	     13194	80002d74	009e67b3	or	x15,x28,x9	 x28:0x00000001  x9:0x00000750 x15=0x00000751
     131965.000 ns	     13195	80002d78	d2a40b13	addi	x22,x8,-726	  x8:0x7dfbfc72 x22=0x7dfbf99c
     131975.000 ns	     13196	80002d7c	01d28133	add	x2,x5,x29	  x5:0x00000001 x29:0x00000010  x2=0x00000011
     131985.000 ns	     13197	80002d80	64edb813	sltiu	x16,x27,1614	 x27:0x80040fe4 x16=0x00000000
     132005.000 ns	     13199	80002d84	217b1453	fsgnjn.s	f8,f22,f23	 f22:0x00000000 f23:0x00000000  f8=0x80000000
     132025.000 ns	     13201	80002d88	01e1c0b3	xor	x1,x3,x30	  x3:0x00000000 x30:0x80041024  x1=0x80041024
     132385.000 ns	     13237	80002d8c	03afe933	rem	x18,x31,x26	 x31:0x3df9e938 x26:0xffc00208 x18=0x003bdef0
     132405.000 ns	     13239	80002d90	41208cb3	sub	x25,x1,x18	  x1:0x3df9ec70 x18:0x4bdc0000 x25=0x7fc83134
     132425.000 ns	     13241	80002d94	d00e7fd3	fcvt.s.w	f31,x28	 x28:0x00000001 f31=0x3f800000
     132455.000 ns	     13244	80002d98	200f9953	fsgnjn.s	f18,f31,f0	 f31:0x80000000  f0:0x4ebd5efe f18=0xbf800000
     132475.000 ns	     13246	80002d9c	00fc1333	sll	x6,x24,x15	 x24:0x00000000 x15:0x00000751  x6=0x00000000
     132485.000 ns	     13247	80002da0	2274fbb7	lui	x23,0x2274f	 x23=0x2274f000
     132495.000 ns	     13248	80002da4	01f49eb3	sll	x29,x9,x31	  x9:0x00000750 x31:0x3df9e938 x29=0x50000000
     132515.000 ns	     13250	80002da8	e0039a53	fclass.s	x20,f7	  f7:0x80000000 x20=0x00000008
     132545.000 ns	     13253	80002dac	f0058ed3	fmv.w.x	f29,x11	 x11:0x80040fe4 f29=0x80040fe4
     132575.000 ns	     13256	80002db0	02acb033	mulhu	x0,x25,x10	 x25:0x7fc83134 x10:0x00000000
     132595.000 ns	     13258	80002db4	6c30f0b7	lui	x1,0x6c30f	  x1=0x6c30f000
     132955.000 ns	     13294	80002db8	02906033	rem	x0,x0,x9	  x0:0x00000000  x9:0x00000750
     132975.000 ns	     13296	80002dbc	00d54333	xor	x6,x10,x13	 x10:0x00000000 x13:0x7fffffff  x6=0x7fffffff
     132985.000 ns	     13297	80002dc0	a1668997	auipc	x19,0xa1668	 x19=0x2166adc0
     133005.000 ns	     13299	80002dc4	d00f7cd3	fcvt.s.w	f25,x30	 x30:0x80041024 f25=0xcefff7df
     133025.000 ns	     13301	80002dc8	40918433	sub	x8,x3,x9	  x3:0x00000000  x9:0x00000750  x8=0xfffff8b0
     133035.000 ns	     13302	80002dcc	a0332e13	slti	x28,x6,-1533	  x6:0x7fffffff x28=0x00000000
     133045.000 ns	     13303	80002dd0	0019c6b3	xor	x13,x19,x1	 x19:0x2166adc0  x1:0x6c30f000 x13=0x4d565dc0
     133055.000 ns	     13304	80002dd4	00c74933	xor	x18,x14,x12	 x14:0x00000000 x12:0xc2061391 x18=0xc2061391
     133065.000 ns	     13305	80002dd8	00000013	addi	x0,x0,0	  x0:0x00000000
     133085.000 ns	     13307	80002ddc	03788533	mul	x10,x17,x23	 x17:0x0bf72d24 x23:0x2274f000 x10=0xf6a1c000
     133455.000 ns	     13344	80002de0	0318cc33	div	x24,x17,x17	 x17:0x0bf72d24 x17:0x0bf72d24 x24=0x00000001
     133485.000 ns	     13347	80002de4	a0c32453	feq.s	x8,f6,f12	  f6:0x00000001 f12:0x44dd8000  x8=0x00000000
     133505.000 ns	     13349	80002de8	01a91b93	slli	x23,x18,0x1a	 x18:0xc2061391 x23=0x44000000
     133515.000 ns	     13350	80002dec	0094c1b3	xor	x3,x9,x9	  x9:0x00000750  x9:0x00000750  x3=0x00000000
     133535.000 ns	     13352	80002df0	a07c11d3	flt.s	x3,f24,f7	 f24:0x569babc3  f7:0x80000000  x3=0x00000000
     133555.000 ns	     13354	80002df4	01b42db3	slt	x27,x8,x27	  x8:0x00000000 x27:0x80040fe4 x27=0x00000000
     133595.000 ns	     13358	80002df8	0128c653	fadd.s	f12,f17,f18	 f17:0x00000000 f18:0xbf800000 f12=0xbf800000
     133615.000 ns	     13360	80002dfc	000e7933	and	x18,x28,x0	 x28:0x00000000  x0:0x00000000 x18=0x00000000
     133625.000 ns	     13361	80002e00	00000013	addi	x0,x0,0	  x0:0x00000000
     133645.000 ns	     13363	80002e04	d00a3cd3	fcvt.s.w	f25,x20	 x20:0x00000008 f25=0x41000000
     133665.000 ns	     13365	80002e08	a2fe7b93	andi	x23,x28,-1489	 x28:0x00000000 x23=0x00000000
     133685.000 ns	     13367	80002e0c	03c40533	mul	x10,x8,x28	  x8:0x00000000 x28:0x00000000 x10=0x00000000
     133715.000 ns	     13370	80002e10	a0c08e53	fle.s	x28,f1,f12	  f1:0x7fc00000 f12:0xbf800000 x28=0x00000000
     133735.000 ns	     13372	80002e14	d464b793	sltiu	x15,x9,-698	  x9:0x00000750 x15=0x00000001
     133745.000 ns	     13373	80002e18	95983013	sltiu	x0,x16,-1703	 x16:0x00000000
     133765.000 ns	     13375	80002e1c	f00887d3	fmv.w.x	f15,x17	 x17:0x0bf72d24 f15=0x0bf72d24
     133795.000 ns	     13378	80002e20	d012b5d3	fcvt.s.wu	f11,x5	  x5:0x00000001 f11=0x3f800000
     133825.000 ns	     13381	80002e24	d01af5d3	fcvt.s.wu	f11,x21	 x21:0x54ab7822 f11=0x4ea956f0
     133875.000 ns	     13386	80002e28	091c3453	fsub.s	f8,f24,f17	 f24:0x569babc3 f17:0x00000000  f8=0x569babc3
     133895.000 ns	     13388	80002e2c	89a6a193	slti	x3,x13,-1894	 x13:0x4d565dc0  x3=0x00000000
     133905.000 ns	     13389	80002e30	0176d2b3	srl	x5,x13,x23	 x13:0x4d565dc0 x23:0x00000000  x5=0x4d565dc0
     133925.000 ns	     13391	80002e34	d00d7ad3	fcvt.s.w	f21,x26	 x26:0xffc00208 f21=0xca7ff7e0
     133945.000 ns	     13393	80002e38	41c7dbb3	sra	x23,x15,x28	 x15:0x00000001 x28:0x00000000 x23=0x00000001
     133965.000 ns	     13395	80002e3c	03c07333	remu	x6,x0,x28	  x0:0x00000000 x28:0x00000000  x6=0x00000000
     133995.000 ns	     13398	80002e40	29238ad3	fmin.s	f21,f7,f18	  f7:0x80000000 f18:0xbf800000 f21=0xbf800000
     134015.000 ns	     13400	80002e44	1cba3713	sltiu	x14,x20,459	 x20:0x00000008 x14=0x00000001
     134025.000 ns	     13401	80002e48	01db76b3	and	x13,x22,x29	 x22:0x7dfbf99c x29:0x50000000 x13=0x50000000
     134035.000 ns	     13402	80002e4c	40eed293	srai	x5,x29,0xe	 x29:0x50000000  x5=0x00014000
     134055.000 ns	     13404	80002e50	a01d9353	flt.s	x6,f27,f1	 f27:0x7fc00000  f1:0x7fc00000  x6=0x00000000
     134075.000 ns	     13406	80002e54	41790333	sub	x6,x18,x23	 x18:0x00000000 x23:0x00000001  x6=0xffffffff
     134115.000 ns	     13410	80002e58	08e4a553	fsub.s	f10,f9,f14	  f9:0x7fc00000 f14:0x7fc00000 f10=0x7fc00000
     134145.000 ns	     13413	80002e5c	21048153	fsgnj.s	f2,f9,f16	  f9:0x7fc00000 f16:0x7fc00000  f2=0x7fc00000
     134515.000 ns	     13450	80002e60	03ee42b3	div	x5,x28,x30	 x28:0x00000000 x30:0x80041024  x5=0x00000000
     134545.000 ns	     13453	80002e64	02999fb3	mulh	x31,x19,x9	 x19:0x2166adc0  x9:0x00000750 x31=0x000000f4
     134575.000 ns	     13456	80002e68	28ae88d3	fmin.s	f17,f29,f10	 f29:0x80040fe4 f10:0x7fc00000 f17=0x80040fe4
     134595.000 ns	     13458	80002e6c	2515f613	andi	x12,x11,593	 x11:0x80040fe4 x12=0x00000240
     134955.000 ns	     13494	80002e70	02e34cb3	div	x25,x6,x14	  x6:0xffffffff x14:0x00000001 x25=0xffffffff
     134995.000 ns	     13498	80002e74	1900f2d3	fdiv.s	f5,f1,f16	  f1:0x7fc00000 f16:0x7fc00000  f5=0x7fc00000
     135015.000 ns	     13500	80002e78	01b4d4b3	srl	x9,x9,x27	  x9:0x00000750 x27:0x00000000  x9=0x00000750
     135025.000 ns	     13501	80002e7c	41a9dd33	sra	x26,x19,x26	 x19:0x2166adc0 x26:0xffc00208 x26=0x002166ad
     135045.000 ns	     13503	80002e80	c00dc853	fcvt.w.s	x16,f27	 f27:0x7fc00000 x16=0x7fffffff
     135065.000 ns	     13505	80002e84	40da8333	sub	x6,x21,x13	 x21:0x54ab7822 x13:0x50000000  x6=0x04ab7822
     135085.000 ns	     13507	80002e88	d0172253	fcvt.s.wu	f4,x14	 x14:0x00000001  f4=0x3f800000
     135455.000 ns	     13544	80002e8c	02cfd233	divu	x4,x31,x12	 x31:0x000000f4 x12:0x00000240  x4=0x00000000
     135485.000 ns	     13547	80002e90	c012b353	fcvt.wu.s	x6,f5	  f5:0x7fc00000  x6=0xffffffff
     135515.000 ns	     13550	80002e94	21c49553	fsgnjn.s	f10,f9,f28	  f9:0x7fc00000 f28:0xd69baac3 f10=0x7fc00000
     135535.000 ns	     13552	80002e98	003ffd33	and	x26,x31,x3	 x31:0x000000f4  x3:0x00000000 x26=0x00000000
     135545.000 ns	     13553	80002e9c	d5c13413	sltiu	x8,x2,-676	  x2:0x00000011  x8=0x00000001
     135905.000 ns	     13589	80002ea0	0364e1b3	rem	x3,x9,x22	  x9:0x00000750 x22:0x7dfbf99c  x3=0x00000750
     135935.000 ns	     13592	80002ea4	21b3af53	fsgnjx.s	f30,f7,f27	  f7:0x80000000 f27:0x7fc00000 f30=0x80000000
     135965.000 ns	     13595	80002ea8	c014f953	fcvt.wu.s	x18,f9	  f9:0x7fc00000 x18=0xffffffff
     136335.000 ns	     13632	80002eac	02f96333	rem	x6,x18,x15	 x18:0x00000000 x15:0x00000001  x6=0x00000000
     136365.000 ns	     13635	80002eb0	d0057d53	fcvt.s.w	f26,x10	 x10:0x00000000 f26=0x00000000
     136395.000 ns	     13638	80002eb4	037e01b3	mul	x3,x28,x23	 x28:0x00000000 x23:0x00000001  x3=0x00000000
     136445.000 ns	     13643	80002eb8	00fc4f53	fadd.s	f30,f24,f15	 f24:0x569babc3 f15:0x0bf72d24 f30=0x569babc3
     136475.000 ns	     13646	80002ebc	c00d8b53	fcvt.w.s	x22,f27	 f27:0x7fc00000 x22=0x7fffffff
     136495.000 ns	     13648	80002ec0	01dd3e33	sltu	x28,x26,x29	 x26:0x00000000 x29:0x50000000 x28=0x00000001
     136505.000 ns	     13649	80002ec4	017c5fb3	srl	x31,x24,x23	 x24:0x00000001 x23:0x00000001 x31=0x00000000
     136525.000 ns	     13651	80002ec8	0225a833	mulhsu	x16,x11,x2	 x11:0x80040fe4  x2:0x00000011 x16=0xfffffff7
     136545.000 ns	     13653	80002ecc	008e2633	slt	x12,x28,x8	 x28:0x00000001  x8:0x00000001 x12=0x00000000
     136555.000 ns	     13654	80002ed0	5002ac17	auipc	x24,0x5002a	 x24=0xd002ced0
     136575.000 ns	     13656	80002ed4	0335b9b3	mulhu	x19,x11,x19	 x11:0x80040fe4 x19:0x2166adc0 x19=0x10b3de8d
     136595.000 ns	     13658	80002ed8	0113d4b3	srl	x9,x7,x17	  x7:0x4bdc0001 x17:0x0bf72d24  x9=0x04bdc000
     136605.000 ns	     13659	80002edc	40180eb3	sub	x29,x16,x1	 x16:0xfffffff7  x1:0x6c30f000 x29=0x93cf0ff7
     136625.000 ns	     13661	80002ee0	03ac3e33	mulhu	x28,x24,x26	 x24:0xd002ced0 x26:0x00000000 x28=0x00000000
     136995.000 ns	     13698	80002ee4	032f6833	rem	x16,x30,x18	 x30:0x80041024 x18:0xffffffff x16=0x00000000
     137015.000 ns	     13700	80002ee8	8ed5b793	sltiu	x15,x11,-1811	 x11:0x80040fe4 x15=0x00000001
     137025.000 ns	     13701	80002eec	01a3fc33	and	x24,x7,x26	  x7:0x4bdc0001 x26:0x00000000 x24=0x00000000
     137045.000 ns	     13703	80002ef0	e0021953	fclass.s	x18,f4	  f4:0x3f800000 x18=0x00000040
     137075.000 ns	     13706	80002ef4	02a14db3	div	x27,x2,x10	  x2:0x00000011 x10:0x00000000 x27=0xffffffff
     137095.000 ns	     13708	80002ef8	00000013	addi	x0,x0,0	  x0:0x00000000
     137115.000 ns	     13710	80002efc	02a7afb3	mulhsu	x31,x15,x10	 x15:0x00000001 x10:0x00000000 x31=0x00000000
     137145.000 ns	     13713	80002f00	03c0fd33	remu	x26,x1,x28	  x1:0x6c30f000 x28:0x00000000 x26=0x6c30f000
     137175.000 ns	     13716	80002f04	023713b3	mulh	x7,x14,x3	 x14:0x00000001  x3:0x00000000  x7=0x00000000
     137205.000 ns	     13719	80002f08	285c17d3	fmax.s	f15,f24,f5	 f24:0x569babc3  f5:0x7fc00000 f15=0x569babc3
     137225.000 ns	     13721	80002f0c	7c61a693	slti	x13,x3,1990	  x3:0x00000000 x13=0x00000001
     137245.000 ns	     13723	80002f10	20810253	fsgnj.s	f4,f2,f8	  f2:0x7fc00000  f8:0x569babc3  f4=0x7fc00000
     137265.000 ns	     13725	80002f14	490b3493	sltiu	x9,x22,1168	 x22:0x7fffffff  x9=0x00000000
     137275.000 ns	     13726	80002f18	00712eb3	slt	x29,x2,x7	  x2:0x00000011  x7:0x00000000 x29=0x00000000
     137285.000 ns	     13727	80002f1c	01fb5db3	srl	x27,x22,x31	 x22:0x7fffffff x31:0x00000000 x27=0x7fffffff
     137295.000 ns	     13728	80002f20	001f28b3	slt	x17,x30,x1	 x30:0x80041024  x1:0x6c30f000 x17=0x00000001
     137305.000 ns	     13729	80002f24	60540e13	addi	x28,x8,1541	  x8:0x00000001 x28=0x00000606
     137345.000 ns	     13733	80002f28	08059353	fsub.s	f6,f11,f0	 f11:0x4ea956f0  f0:0x4ebd5efe  f6=0xcd204070
     137715.000 ns	     13770	80002f2c	02e5c4b3	div	x9,x11,x14	 x11:0x80040fe4 x14:0x00000001  x9=0x80040fe4
     137745.000 ns	     13773	80002f30	a0fd8e53	fle.s	x28,f27,f15	 f27:0x7fc00000 f15:0x569babc3 x28=0x00000000
     137765.000 ns	     13775	80002f34	8e6ebc97	auipc	x25,0x8e6eb	 x25=0x0e6edf34
     137785.000 ns	     13777	80002f38	21c1ac53	fsgnjx.s	f24,f3,f28	  f3:0x7fc00000 f28:0xd69baac3 f24=0xffc00000
     137815.000 ns	     13780	80002f3c	03d6ea33	rem	x20,x13,x29	 x13:0x00000001 x29:0x00000000 x20=0x00000001
     137835.000 ns	     13782	80002f40	bebe4937	lui	x18,0xbebe4	 x18=0xbebe4000
     137845.000 ns	     13783	80002f44	00efc3b3	xor	x7,x31,x14	 x31:0x00000000 x14:0x00000001  x7=0x00000001
     137865.000 ns	     13785	80002f48	c00c83d3	fcvt.w.s	x7,f25	 f25:0x41000000  x7=0x00000008
     137885.000 ns	     13787	80002f4c	00c20433	add	x8,x4,x12	  x4:0x00000000 x12:0x00000000  x8=0x00000000
     137905.000 ns	     13789	80002f50	f00d8dd3	fmv.w.x	f27,x27	 x27:0x7fffffff f27=0x7fffffff
     138275.000 ns	     13826	80002f54	02ed61b3	rem	x3,x26,x14	 x26:0x6c30f000 x14:0x00000001  x3=0x00000000
     138645.000 ns	     13863	80002f58	02d0f133	remu	x2,x1,x13	  x1:0x6c30f000 x13:0x00000001  x2=0x00000000
     138665.000 ns	     13865	80002f5c	3010c113	xori	x2,x1,769	  x1:0x6c30f000  x2=0x6c30f301
     138675.000 ns	     13866	80002f60	4060d933	sra	x18,x1,x6	  x1:0x6c30f000  x6:0x00000000 x18=0x6c30f000
     138685.000 ns	     13867	80002f64	753deb93	ori	x23,x27,1875	 x27:0x7fffffff x23=0x7fffffff
     138695.000 ns	     13868	80002f68	b6b5c713	xori	x14,x11,-1173	 x11:0x80040fe4 x14=0x7ffbf48f
     138715.000 ns	     13870	80002f6c	e0008cd3	fmv.x.w	x25,f1	  f1:0x7fc00000 x25=0x7fc00000
     138735.000 ns	     13872	80002f70	01685a33	srl	x20,x16,x22	 x16:0x00000000 x22:0x7fffffff x20=0x00000000
     138755.000 ns	     13874	80002f74	023e6c33	rem	x24,x28,x3	 x28:0x00000000  x3:0x00000000 x24=0x00000000
     139125.000 ns	     13911	80002f78	02b179b3	remu	x19,x2,x11	  x2:0x6c30f301 x11:0x80040fe4 x19=0x6c30f301
     139145.000 ns	     13913	80002f7c	000334b3	sltu	x9,x6,x0	  x6:0x00000000  x0:0x00000000  x9=0x00000000
     139505.000 ns	     13949	80002f80	0270d4b3	divu	x9,x1,x7	  x1:0x6c30f000  x7:0x00000008  x9=0x0d861e00
     139525.000 ns	     13951	80002f84	01dcfeb3	and	x29,x25,x29	 x25:0x7fc00000 x29:0x00000000 x29=0x00000000
     139535.000 ns	     13952	80002f88	009dd733	srl	x14,x27,x9	 x27:0x7fffffff  x9:0x0d861e00 x14=0x7fffffff
     139555.000 ns	     13954	80002f8c	2168a7d3	fsgnjx.s	f15,f17,f22	 f17:0x80040fe4 f22:0x00000000 f15=0x80040fe4
     139585.000 ns	     13957	80002f90	c004ffd3	fcvt.w.s	x31,f9	  f9:0x7fc00000 x31=0x7fffffff
     139615.000 ns	     13960	80002f94	d0017ad3	fcvt.s.w	f21,x2	  x2:0x6c30f301 f21=0x4ed861e6
     139655.000 ns	     13964	80002f98	107776d3	fmul.s	f13,f14,f7	 f14:0x7fc00000  f7:0x80000000 f13=0x7fc00000
     139685.000 ns	     13967	80002f9c	c006f153	fcvt.w.s	x2,f13	 f13:0x7fc00000  x2=0x7fffffff
     139705.000 ns	     13969	80002fa0	df7f4313	xori	x6,x30,-521	 x30:0x80041024  x6=0x7ffbedd3
     139725.000 ns	     13971	80002fa4	d00f72d3	fcvt.s.w	f5,x30	 x30:0x80041024  f5=0xcefff7df
     139755.000 ns	     13974	80002fa8	a0242d53	feq.s	x26,f8,f2	  f8:0x569babc3  f2:0x7fc00000 x26=0x00000000
     139795.000 ns	     13978	80002fac	183dfc53	fdiv.s	f24,f27,f3	 f27:0x7fffffff  f3:0x7fc00000 f24=0x7fc00000
     139815.000 ns	     13980	80002fb0	005ce3b3	or	x7,x25,x5	 x25:0x7fc00000  x5:0x00000000  x7=0x7fc00000
     139845.000 ns	     13983	80002fb4	580175d3	fsqrt.s	f11,f2	  f2:0x7fc00000 f11=0x7fc00000
     139895.000 ns	     13988	80002fb8	0835f153	fsub.s	f2,f11,f3	 f11:0x4ea956f0  f3:0x7fc00000  f2=0x7fc00000
     139915.000 ns	     13990	80002fbc	00000013	addi	x0,x0,0	  x0:0x00000000
     139935.000 ns	     13992	80002fc0	28931dd3	fmax.s	f27,f6,f9	  f6:0xcd204070  f9:0x7fc00000 f27=0xcd204070
     139965.000 ns	     13995	80002fc4	d002fad3	fcvt.s.w	f21,x5	  x5:0x00000000 f21=0x00000000
     139985.000 ns	     13997	80002fc8	006671b3	and	x3,x12,x6	 x12:0x00000000  x6:0x7ffbedd3  x3=0x00000000
     139995.000 ns	     13998	80002fcc	004dd493	srli	x9,x27,0x4	 x27:0x7fffffff  x9=0x07ffffff
     140005.000 ns	     13999	80002fd0	38112393	slti	x7,x2,897	  x2:0x7fffffff  x7=0x00000000
     140025.000 ns	     14001	80002fd4	a1eba153	feq.s	x2,f23,f30	 f23:0x00000000 f30:0x569babc3  x2=0x00000000
     140055.000 ns	     14004	80002fd8	02acbfb3	mulhu	x31,x25,x10	 x25:0x7fc00000 x10:0x00000000 x31=0x00000000
     140075.000 ns	     14006	80002fdc	6c4e8db7	lui	x27,0x6c4e8	 x27=0x6c4e8000
     140085.000 ns	     14007	80002fe0	33e8af93	slti	x31,x17,830	 x17:0x00000001 x31=0x00000001
     140105.000 ns	     14009	80002fe4	02111db3	mulh	x27,x2,x1	  x2:0x00000000  x1:0x6c30f000 x27=0x00000000
     140135.000 ns	     14012	80002fe8	21319f53	fsgnjn.s	f30,f3,f19	  f3:0x7fc00000 f19:0x00000001 f30=0xffc00000
     140155.000 ns	     14014	80002fec	0189b0b3	sltu	x1,x19,x24	 x19:0x6c30f301 x24:0x00000000  x1=0x00000000
     140165.000 ns	     14015	80002ff0	0186f8b3	and	x17,x13,x24	 x13:0x00000001 x24:0x00000000 x17=0x00000000
     140185.000 ns	     14017	80002ff4	036c3833	mulhu	x16,x24,x22	 x24:0x00000000 x22:0x7fffffff x16=0x00000000
     140215.000 ns	     14020	80002ff8	c01d4253	fcvt.wu.s	x4,f26	 f26:0x00000000  x4=0x00000000
     140235.000 ns	     14022	80002ffc	41de5fb3	sra	x31,x28,x29	 x28:0x00000000 x29:0x00000000 x31=0x00000000
     140255.000 ns	     14024	80003000	a054a853	feq.s	x16,f9,f5	  f9:0x7fc00000  f5:0xcefff7df x16=0x00000000
     140295.000 ns	     14028	80003004	580517d3	fsqrt.s	f15,f10	 f10:0x7fc00000 f15=0x7fc00000
     140325.000 ns	     14031	80003008	c0097c53	fcvt.w.s	x24,f18	 f18:0xbf800000 x24=0x00000001
     140355.000 ns	     14034	8000300c	a0bd2e53	feq.s	x28,f26,f11	 f26:0x00000000 f11:0x7fc00000 x28=0x00000000
     140375.000 ns	     14036	80003010	017bc793	xori	x15,x23,23	 x23:0x7fffffff x15=0x7fffffe8
     140395.000 ns	     14038	80003014	02afd333	divu	x6,x31,x10	 x31:0x00000000 x10:0x00000000  x6=0xffffffff
     140415.000 ns	     14040	80003018	5f4f2993	slti	x19,x30,1524	 x30:0x80041024 x19=0x00000001
     140445.000 ns	     14043	8000301c	11e675d3	fmul.s	f11,f12,f30	 f12:0xbf800000 f30:0xffc00000 f11=0x7fc00000
     140475.000 ns	     14046	80003020	213f9053	fsgnjn.s	f0,f31,f19	 f31:0x3f800000 f19:0x00000001  f0=0xbf800000
     140495.000 ns	     14048	80003024	96ce0f97	auipc	x31,0x96ce0	 x31=0x16ce3024
     140505.000 ns	     14049	80003028	00395833	srl	x16,x18,x3	 x18:0x6c30f000  x3:0x00000000 x16=0x6c30f000
     140865.000 ns	     14085	8000302c	02bf42b3	div	x5,x30,x11	 x30:0x80041024 x11:0x80040fe4  x5=0x00000000
     141205.000 ns	     14119	80003030	185cac53	fdiv.s	f24,f25,f5	 f25:0x41000000  f5:0xcefff7df f24=0xb1800000
     141235.000 ns	     14122	80003034	e0078dd3	fmv.x.w	x27,f15	 f15:0x7fc00000 x27=0x7fc00000
     141265.000 ns	     14125	80003038	02519b33	mulh	x22,x3,x5	  x3:0x00000000  x5:0x00000000 x22=0x00000000
     141295.000 ns	     14128	8000303c	d0047e53	fcvt.s.w	f28,x8	  x8:0x00000000 f28=0x00000000
     141325.000 ns	     14131	80003040	03b3b2b3	mulhu	x5,x7,x27	  x7:0x00000000 x27:0x7fc00000  x5=0x00000000
     141345.000 ns	     14133	80003044	41335033	sra	x0,x6,x19	  x6:0xffffffff x19:0x00000001
     141365.000 ns	     14135	80003048	03671fb3	mulh	x31,x14,x22	 x14:0x7fffffff x22:0x00000000 x31=0x00000000
     141395.000 ns	     14138	8000304c	29820153	fmin.s	f2,f4,f24	  f4:0x7fc00000 f24:0xb1800000  f2=0xb1800000
     141435.000 ns	     14142	80003050	11e8fe53	fmul.s	f28,f17,f30	 f17:0x80040fe4 f30:0xffc00000 f28=0x7fc00000
     141465.000 ns	     14145	80003054	0215b1b3	mulhu	x3,x11,x1	 x11:0x80040fe4  x1:0x00000000  x3=0x00000000
     141485.000 ns	     14147	80003058	dd543d13	sltiu	x26,x8,-555	  x8:0x00000000 x26=0x00000001
     141505.000 ns	     14149	8000305c	216a9dd3	fsgnjn.s	f27,f21,f22	 f21:0x00000000 f22:0x00000000 f27=0x80000000
     141525.000 ns	     14151	80003060	00000013	addi	x0,x0,0	  x0:0x00000000
     141545.000 ns	     14153	80003064	f0078853	fmv.w.x	f16,x15	 x15:0x7fffffe8 f16=0x7fffffe8
     141575.000 ns	     14156	80003068	21d18bd3	fsgnj.s	f23,f3,f29	  f3:0x7fc00000 f29:0x80040fe4 f23=0xffc00000
     141595.000 ns	     14158	8000306c	e6a5db37	lui	x22,0xe6a5d	 x22=0xe6a5d000
     141605.000 ns	     14159	80003070	40c7d993	srai	x19,x15,0xc	 x15:0x7fffffe8 x19=0x0007ffff
     141625.000 ns	     14161	80003074	20aa2d53	fsgnjx.s	f26,f20,f10	 f20:0x00000000 f10:0x7fc00000 f26=0x00000000
     141655.000 ns	     14164	80003078	02a78fb3	mul	x31,x15,x10	 x15:0x7fffffe8 x10:0x00000000 x31=0x00000000
     141675.000 ns	     14166	8000307c	88bb2837	lui	x16,0x88bb2	 x16=0x88bb2000
     141685.000 ns	     14167	80003080	01955cb3	srl	x25,x10,x25	 x10:0x00000000 x25:0x7fc00000 x25=0x00000000
     141695.000 ns	     14168	80003084	bd8a6e93	ori	x29,x20,-1064	 x20:0x00000000 x29=0xfffffbd8
     141715.000 ns	     14170	80003088	031ca9b3	mulhsu	x19,x25,x17	 x25:0x7fc00000 x17:0x00000000 x19=0x00000000
     141735.000 ns	     14172	8000308c	82100913	addi	x18,x0,-2015	  x0:0x00000000 x18=0xfffff821
     141755.000 ns	     14174	80003090	c01c7253	fcvt.wu.s	x4,f24	 f24:0xb1800000  x4=0x00000000
     141785.000 ns	     14177	80003094	21568253	fsgnj.s	f4,f13,f21	 f13:0x7fc00000 f21:0x00000000  f4=0x7fc00000
     142155.000 ns	     14214	80003098	02b279b3	remu	x19,x4,x11	  x4:0x00000000 x11:0x80040fe4 x19=0x00000000
     142175.000 ns	     14216	8000309c	010f5933	srl	x18,x30,x16	 x30:0x80041024 x16:0x88bb2000 x18=0x80041024
     142185.000 ns	     14217	800030a0	40320033	sub	x0,x4,x3	  x4:0x00000000  x3:0x00000000
     142195.000 ns	     14218	800030a4	4196d633	sra	x12,x13,x25	 x13:0x00000001 x25:0x00000000 x12=0x00000001
     142205.000 ns	     14219	800030a8	01111633	sll	x12,x2,x17	  x2:0x00000000 x17:0x00000000 x12=0x00000000
     142565.000 ns	     14255	800030ac	032c53b3	divu	x7,x24,x18	 x24:0x00000001 x18:0x80041024  x7=0x00000000
     142595.000 ns	     14258	800030b0	026907b3	mul	x15,x18,x6	 x18:0x80041024  x6:0xffffffff x15=0x7ffbefdc
     142615.000 ns	     14260	800030b4	01d01513	slli	x10,x0,0x1d	  x0:0x00000000 x10=0x00000000
     142635.000 ns	     14262	800030b8	a1971e53	flt.s	x28,f14,f25	 f14:0x7fc00000 f25:0x41000000 x28=0x00000000
     142655.000 ns	     14264	800030bc	008040b3	xor	x1,x0,x8	  x0:0x00000000  x8:0x00000000  x1=0x00000000
     142675.000 ns	     14266	800030c0	0290a233	mulhsu	x4,x1,x9	  x1:0x00000000  x9:0x07ffffff  x4=0x00000000
     142705.000 ns	     14269	800030c4	f0070ad3	fmv.w.x	f21,x14	 x14:0x7fffffff f21=0x7fffffff
     142735.000 ns	     14272	800030c8	023979b3	remu	x19,x18,x3	 x18:0x80041024  x3:0x00000000 x19=0x80041024
     142755.000 ns	     14274	800030cc	01e22233	slt	x4,x4,x30	  x4:0x00000000 x30:0x80041024  x4=0x00000000
     142775.000 ns	     14276	800030d0	03742a33	mulhsu	x20,x8,x23	  x8:0x00000000 x23:0x7fffffff x20=0x00000000
     142805.000 ns	     14279	800030d4	a05d0053	fle.s	x0,f26,f5	 f26:0x00000000  f5:0xcefff7df
     142835.000 ns	     14282	800030d8	d0003bd3	fcvt.s.w	f23,x0	  x0:0x00000000 f23=0x00000000
     142885.000 ns	     14287	800030dc	08e9f6d3	fsub.s	f13,f19,f14	 f19:0x00000001 f14:0x7fc00000 f13=0x7fc00000
     143255.000 ns	     14324	800030e0	0322f9b3	remu	x19,x5,x18	  x5:0x00000000 x18:0x80041024 x19=0x00000000
     143275.000 ns	     14326	800030e4	0195f333	and	x6,x11,x25	 x11:0x80040fe4 x25:0x00000000  x6=0x00000000
     143285.000 ns	     14327	800030e8	0c897693	andi	x13,x18,200	 x18:0x80041024 x13=0x00000000
     143645.000 ns	     14363	800030ec	03adfa33	remu	x20,x27,x26	 x27:0x7fc00000 x26:0x00000001 x20=0x00000000
     143685.000 ns	     14367	800030f0	10c94653	fmul.s	f12,f18,f12	 f18:0xbf800000 f12:0xbf800000 f12=0x3f800000
     143735.000 ns	     14372	800030f4	09f47dd3	fsub.s	f27,f8,f31	  f8:0x569babc3 f31:0x3f800000 f27=0x569babc2
     143755.000 ns	     14374	800030f8	01184db3	xor	x27,x16,x17	 x16:0x88bb2000 x17:0x00000000 x27=0x88bb2000
     143765.000 ns	     14375	800030fc	4e6b3213	sltiu	x4,x22,1254	 x22:0xe6a5d000  x4=0x00000000
     143785.000 ns	     14377	80003100	a11523d3	feq.s	x7,f10,f17	 f10:0x7fc00000 f17:0x80040fe4  x7=0x00000000
     143815.000 ns	     14380	80003104	a0108bd3	fle.s	x23,f1,f1	  f1:0x7fc00000  f1:0x7fc00000 x23=0x00000000
     143845.000 ns	     14383	80003108	032224b3	mulhsu	x9,x4,x18	  x4:0x00000000 x18:0x80041024  x9=0x00000000
     143865.000 ns	     14385	8000310c	01843133	sltu	x2,x8,x24	  x8:0x00000000 x24:0x00000001  x2=0x00000001
     143875.000 ns	     14386	80003110	01203a33	sltu	x20,x0,x18	  x0:0x00000000 x18:0x80041024 x20=0x00000001
     143885.000 ns	     14387	80003114	00f9a4b3	slt	x9,x19,x15	 x19:0x00000000 x15:0x7ffbefdc  x9=0x00000001
     143915.000 ns	     14390	80003118	1995b953	fdiv.s	f18,f11,f25	 f11:0x7fc00000 f25:0x41000000 f18=0x7fc00000
     143935.000 ns	     14392	8000311c	00b37933	and	x18,x6,x11	  x6:0x00000000 x11:0x80040fe4 x18=0x00000000
     143955.000 ns	     14394	80003120	e0048753	fmv.x.w	x14,f9	  f9:0x7fc00000 x14=0x7fc00000
     143985.000 ns	     14397	80003124	a1fe0453	fle.s	x8,f28,f31	 f28:0x7fc00000 f31:0x3f800000  x8=0x00000000
     144355.000 ns	     14434	80003128	03b7e833	rem	x16,x15,x27	 x15:0x7ffbefdc x27:0x88bb2000 x16=0x08b70fdc
     144375.000 ns	     14436	8000312c	001a6c33	or	x24,x20,x1	 x20:0x00000001  x1:0x00000000 x24=0x00000001
     144395.000 ns	     14438	80003130	a04eabd3	feq.s	x23,f29,f4	 f29:0x80040fe4  f4:0x7fc00000 x23=0x00000000
     144415.000 ns	     14440	80003134	0040d213	srli	x4,x1,0x4	  x1:0x00000000  x4=0x00000000
     144435.000 ns	     14442	80003138	f00d0053	fmv.w.x	f0,x26	 x26:0x00000001  f0=0x00000001
     144465.000 ns	     14445	8000313c	214898d3	fsgnjn.s	f17,f17,f20	 f17:0x80040fe4 f20:0x00000000 f17=0x80040fe4
     144495.000 ns	     14448	80003140	214a24d3	fsgnjx.s	f9,f20,f20	 f20:0x00000000 f20:0x00000000  f9=0x00000000
     144525.000 ns	     14451	80003144	288b0353	fmin.s	f6,f22,f8	 f22:0x00000000  f8:0x569babc3  f6=0x00000000
     144555.000 ns	     14454	80003148	28388cd3	fmin.s	f25,f17,f3	 f17:0x80040fe4  f3:0x7fc00000 f25=0x80040fe4
     144575.000 ns	     14456	8000314c	005703b3	add	x7,x14,x5	 x14:0x7fc00000  x5:0x00000000  x7=0x7fc00000
     144585.000 ns	     14457	80003150	00558cb3	add	x25,x11,x5	 x11:0x80040fe4  x5:0x00000000 x25=0x80040fe4
     144595.000 ns	     14458	80003154	4076dd13	srai	x26,x13,0x7	 x13:0x00000000 x26=0x00000000
     144605.000 ns	     14459	80003158	411f5733	sra	x14,x30,x17	 x30:0x80041024 x17:0x00000000 x14=0x80041024
     144625.000 ns	     14461	8000315c	a0929853	flt.s	x16,f5,f9	  f5:0xcefff7df  f9:0x00000000 x16=0x00000001
     144645.000 ns	     14463	80003160	41c9db93	srai	x23,x19,0x1c	 x19:0x00000000 x23=0x00000000
     144655.000 ns	     14464	80003164	00463233	sltu	x4,x12,x4	 x12:0x00000000  x4:0x00000000  x4=0x00000000
     144675.000 ns	     14466	80003168	03272fb3	mulhsu	x31,x14,x18	 x14:0x80041024 x18:0x00000000 x31=0x00000000
     144695.000 ns	     14468	8000316c	9bf1f193	andi	x3,x3,-1601	  x3:0x00000000  x3=0x00000000
     144715.000 ns	     14470	80003170	0255e033	rem	x0,x11,x5	 x11:0x80040fe4  x5:0x00000000
     144745.000 ns	     14473	80003174	d0137253	fcvt.s.wu	f4,x6	  x6:0x00000000  f4=0x00000000
     144775.000 ns	     14476	80003178	a1310ed3	fle.s	x29,f2,f19	  f2:0xb1800000 f19:0x00000001 x29=0x00000001
     144805.000 ns	     14479	8000317c	a1e48753	fle.s	x14,f9,f30	  f9:0x00000000 f30:0xffc00000 x14=0x00000000
     144825.000 ns	     14481	80003180	01f98bb3	add	x23,x19,x31	 x19:0x00000000 x31:0x00000000 x23=0x00000000
     144835.000 ns	     14482	80003184	009ea833	slt	x16,x29,x9	 x29:0x00000001  x9:0x00000001 x16=0x00000000
     144855.000 ns	     14484	80003188	03043433	mulhu	x8,x8,x16	  x8:0x00000000 x16:0x00000001  x8=0x00000000
     144875.000 ns	     14486	8000318c	3e84f993	andi	x19,x9,1000	  x9:0x00000001 x19=0x00000000
     144885.000 ns	     14487	80003190	01875633	srl	x12,x14,x24	 x14:0x00000000 x24:0x00000001 x12=0x00000000
     144925.000 ns	     14491	80003194	0830a653	fsub.s	f12,f1,f3	  f1:0x7fc00000  f3:0x7fc00000 f12=0x7fc00000
     144945.000 ns	     14493	80003198	0139e133	or	x2,x19,x19	 x19:0x00000000 x19:0x00000000  x2=0x00000000
     144965.000 ns	     14495	8000319c	034916b3	mulh	x13,x18,x20	 x18:0x00000000 x20:0x00000001 x13=0x00000000
     144985.000 ns	     14497	800031a0	008552b3	srl	x5,x10,x8	 x10:0x00000000  x8:0x00000000  x5=0x00000000
     145005.000 ns	     14499	800031a4	286c94d3	fmax.s	f9,f25,f6	 f25:0x80040fe4  f6:0x00000000  f9=0x00000000
     145025.000 ns	     14501	800031a8	01be5633	srl	x12,x28,x27	 x28:0x00000000 x27:0x88bb2000 x12=0x00000000
     145045.000 ns	     14503	800031ac	039037b3	mulhu	x15,x0,x25	  x0:0x00000000 x25:0x80040fe4 x15=0x00000000
     145075.000 ns	     14506	800031b0	a1c52bd3	feq.s	x23,f10,f28	 f10:0x7fc00000 f28:0x7fc00000 x23=0x00000000
     145115.000 ns	     14510	800031b4	1887fd53	fdiv.s	f26,f15,f8	 f15:0x7fc00000  f8:0x569babc3 f26=0x7fc00000
     145155.000 ns	     14514	800031b8	580887d3	fsqrt.s	f15,f17	 f17:0x80040fe4 f15=0x7fc00000
     145175.000 ns	     14516	800031bc	2877c393	xori	x7,x15,647	 x15:0x00000000  x7=0x00000287
     145185.000 ns	     14517	800031c0	6da88997	auipc	x19,0x6da88	 x19=0xeda8b1c0
     145195.000 ns	     14518	800031c4	756cb993	sltiu	x19,x25,1878	 x25:0x80040fe4 x19=0x00000000
     145225.000 ns	     14521	800031c8	10689353	fmul.s	f6,f17,f6	 f17:0x80040fe4  f6:0x00000000  f6=0x80000000
     145265.000 ns	     14525	800031cc	11d18253	fmul.s	f4,f3,f29	  f3:0x7fc00000 f29:0x80040fe4  f4=0x7fc00000
     145315.000 ns	     14530	800031d0	09c97453	fsub.s	f8,f18,f28	 f18:0x7fc00000 f28:0x7fc00000  f8=0x7fc00000
     145335.000 ns	     14532	800031d4	00000013	addi	x0,x0,0	  x0:0x00000000
     145355.000 ns	     14534	800031d8	e00182d3	fmv.x.w	x5,f3	  f3:0x7fc00000  x5=0x7fc00000
     145385.000 ns	     14537	800031dc	e00a9d53	fclass.s	x26,f21	 f21:0x7fffffff x26=0x00000200
     145415.000 ns	     14540	800031e0	a0f60153	fle.s	x2,f12,f15	 f12:0x7fc00000 f15:0x7fc00000  x2=0x00000000
     145435.000 ns	     14542	800031e4	005031b3	sltu	x3,x0,x5	  x0:0x00000000  x5:0x7fc00000  x3=0x00000001
     145455.000 ns	     14544	800031e8	02d5e2b3	rem	x5,x11,x13	 x11:0x80040fe4 x13:0x00000000  x5=0x80040fe4
     145475.000 ns	     14546	800031ec	017ce8b3	or	x17,x25,x23	 x25:0x80040fe4 x23:0x00000000 x17=0x80040fe4
     145495.000 ns	     14548	800031f0	02dd87b3	mul	x15,x27,x13	 x27:0x88bb2000 x13:0x00000000 x15=0x00000000
     145515.000 ns	     14550	800031f4	717f6293	ori	x5,x30,1815	 x30:0x80041024  x5=0x80041737
     145525.000 ns	     14551	800031f8	01a32933	slt	x18,x6,x26	  x6:0x00000000 x26:0x00000200 x18=0x00000001
     145545.000 ns	     14553	800031fc	290b9ad3	fmax.s	f21,f23,f16	 f23:0x00000000 f16:0x7fffffe8 f21=0x00000000
     145565.000 ns	     14555	80003200	0f99cc13	xori	x24,x19,249	 x19:0x00000000 x24=0x000000f9
     145585.000 ns	     14557	80003204	c008fcd3	fcvt.w.s	x25,f17	 f17:0x80040fe4 x25=0x00000000
     145615.000 ns	     14560	80003208	201c1c53	fsgnjn.s	f24,f24,f1	 f24:0xb1800000  f1:0x7fc00000 f24=0xb1800000
     145645.000 ns	     14563	8000320c	02016933	rem	x18,x2,x0	  x2:0x00000000  x0:0x00000000 x18=0x00000000
     145675.000 ns	     14566	80003210	c00bf153	fcvt.w.s	x2,f23	 f23:0x00000000  x2=0x00000000
     145695.000 ns	     14568	80003214	002c6433	or	x8,x24,x2	 x24:0x000000f9  x2:0x00000000  x8=0x000000f9
     145725.000 ns	     14571	80003218	101ff953	fmul.s	f18,f31,f1	 f31:0x3f800000  f1:0x7fc00000 f18=0x7fc00000
     145745.000 ns	     14573	8000321c	00de4fb3	xor	x31,x28,x13	 x28:0x00000000 x13:0x00000000 x31=0x00000000
     145755.000 ns	     14574	80003220	8476b2b7	lui	x5,0x8476b	  x5=0x8476b000
     145775.000 ns	     14576	80003224	a13c91d3	flt.s	x3,f25,f19	 f25:0x80040fe4 f19:0x00000001  x3=0x00000001
     145805.000 ns	     14579	80003228	03a78333	mul	x6,x15,x26	 x15:0x00000000 x26:0x00000200  x6=0x00000000
     145845.000 ns	     14583	8000322c	197df153	fdiv.s	f2,f27,f23	 f27:0x569babc2 f23:0x00000000  f2=0x7f800000
     145865.000 ns	     14585	80003230	012f6433	or	x8,x30,x18	 x30:0x80041024 x18:0x00000000  x8=0x80041024
     145905.000 ns	     14589	80003234	012d38d3	fadd.s	f17,f26,f18	 f26:0x7fc00000 f18:0x7fc00000 f17=0x7fc00000
     145925.000 ns	     14591	80003238	41d25493	srai	x9,x4,0x1d	  x4:0x00000000  x9=0x00000000
     145935.000 ns	     14592	8000323c	01529733	sll	x14,x5,x21	  x5:0x8476b000 x21:0x54ab7822 x14=0x11dac000
     145945.000 ns	     14593	80003240	befbf793	andi	x15,x23,-1041	 x23:0x00000000 x15=0x00000000
     145965.000 ns	     14595	80003244	03cff933	remu	x18,x31,x28	 x31:0x00000000 x28:0x00000000 x18=0x00000000
     145995.000 ns	     14598	80003248	02f21c33	mulh	x24,x4,x15	  x4:0x00000000 x15:0x00000000 x24=0x00000000
     146025.000 ns	     14601	8000324c	020818b3	mulh	x17,x16,x0	 x16:0x00000000  x0:0x00000000 x17=0x00000000
     146055.000 ns	     14604	80003250	20ef1fd3	fsgnjn.s	f31,f30,f14	 f30:0xffc00000 f14:0x7fc00000 f31=0xffc00000
     146085.000 ns	     14607	80003254	a1cf0dd3	fle.s	x27,f30,f28	 f30:0xffc00000 f28:0x7fc00000 x27=0x00000000
     146105.000 ns	     14609	80003258	011203b3	add	x7,x4,x17	  x4:0x00000000 x17:0x00000000  x7=0x00000000
     146125.000 ns	     14611	8000325c	21fd97d3	fsgnjn.s	f15,f27,f31	 f27:0x569babc2 f31:0xffc00000 f15=0x569babc2
     146145.000 ns	     14613	80003260	002d1493	slli	x9,x26,0x2	 x26:0x00000200  x9=0x00000800
     146155.000 ns	     14614	80003264	00ab5933	srl	x18,x22,x10	 x22:0xe6a5d000 x10:0x00000000 x18=0xe6a5d000
     146175.000 ns	     14616	80003268	d0141f53	fcvt.s.wu	f30,x8	  x8:0x80041024 f30=0x4f000410
     146195.000 ns	     14618	8000326c	d64fb297	auipc	x5,0xd64fb	  x5=0x564fe26c
     146205.000 ns	     14619	80003270	f8894013	xori	x0,x18,-120	 x18:0xe6a5d000
     146215.000 ns	     14620	80003274	417d8e33	sub	x28,x27,x23	 x27:0x00000000 x23:0x00000000 x28=0x00000000
     146225.000 ns	     14621	80003278	3e720293	addi	x5,x4,999	  x4:0x00000000  x5=0x000003e7
     146235.000 ns	     14622	8000327c	01e999b3	sll	x19,x19,x30	 x19:0x00000000 x30:0x80041024 x19=0x00000000
     146255.000 ns	     14624	80003280	21ac8053	fsgnj.s	f0,f25,f26	 f25:0x80040fe4 f26:0x7fc00000  f0=0x00040fe4
     146275.000 ns	     14626	80003284	0392f113	andi	x2,x5,57	  x5:0x000003e7  x2=0x00000021
     146285.000 ns	     14627	80003288	00000013	addi	x0,x0,0	  x0:0x00000000
     146295.000 ns	     14628	8000328c	00000013	addi	x0,x0,0	  x0:0x00000000
     146305.000 ns	     14629	80003290	db4a3197	auipc	x3,0xdb4a3	  x3=0x5b4a6290
     146315.000 ns	     14630	80003294	b04fce13	xori	x28,x31,-1276	 x31:0x00000000 x28=0xfffffb04
     146325.000 ns	     14631	80003298	ae98fe93	andi	x29,x17,-1303	 x17:0x00000000 x29=0x00000000
     146335.000 ns	     14632	8000329c	402dd1b3	sra	x3,x27,x2	 x27:0x00000000  x2:0x00000021  x3=0x00000000
     146345.000 ns	     14633	800032a0	40475133	sra	x2,x14,x4	 x14:0x11dac000  x4:0x00000000  x2=0x11dac000
     146365.000 ns	     14635	800032a4	20892dd3	fsgnjx.s	f27,f18,f8	 f18:0x7fc00000  f8:0x7fc00000 f27=0x7fc00000
     146405.000 ns	     14639	800032a8	107779d3	fmul.s	f19,f14,f7	 f14:0x7fc00000  f7:0x80000000 f19=0x7fc00000
     146425.000 ns	     14641	800032ac	0030e4b3	or	x9,x1,x3	  x1:0x00000000  x3:0x00000000  x9=0x00000000
     146435.000 ns	     14642	800032b0	5df28093	addi	x1,x5,1503	  x5:0x000003e7  x1=0x000009c6
     146455.000 ns	     14644	800032b4	02a167b3	rem	x15,x2,x10	  x2:0x11dac000 x10:0x00000000 x15=0x11dac000
     146475.000 ns	     14646	800032b8	005e9613	slli	x12,x29,0x5	 x29:0x00000000 x12=0x00000000
     146485.000 ns	     14647	800032bc	41615c33	sra	x24,x2,x22	  x2:0x11dac000 x22:0xe6a5d000 x24=0x11dac000
     146505.000 ns	     14649	800032c0	02670b33	mul	x22,x14,x6	 x14:0x11dac000  x6:0x00000000 x22=0x00000000
     146535.000 ns	     14652	800032c4	a1a481d3	fle.s	x3,f9,f26	  f9:0x00000000 f26:0x7fc00000  x3=0x00000000
     146565.000 ns	     14655	800032c8	020e7933	remu	x18,x28,x0	 x28:0xfffffb04  x0:0x00000000 x18=0xfffffb04
     146595.000 ns	     14658	800032cc	f00781d3	fmv.w.x	f3,x15	 x15:0x11dac000  f3=0x11dac000
     146615.000 ns	     14660	800032d0	6abb4513	xori	x10,x22,1707	 x22:0x00000000 x10=0x000006ab
     146635.000 ns	     14662	800032d4	e00b0453	fmv.x.w	x8,f22	 f22:0x00000000  x8=0x00000000
     146685.000 ns	     14667	800032d8	003d97d3	fadd.s	f15,f27,f3	 f27:0x7fc00000  f3:0x11dac000 f15=0x7fc00000
     146705.000 ns	     14669	800032dc	69557913	andi	x18,x10,1685	 x10:0x000006ab x18=0x00000681
     146715.000 ns	     14670	800032e0	01abfe33	and	x28,x23,x26	 x23:0x00000000 x26:0x00000200 x28=0x00000000
     146735.000 ns	     14672	800032e4	d01bf153	fcvt.s.wu	f2,x23	 x23:0x00000000  f2=0x00000000
     146755.000 ns	     14674	800032e8	5f832213	slti	x4,x6,1528	  x6:0x00000000  x4=0x00000001
     146765.000 ns	     14675	800032ec	419d8a33	sub	x20,x27,x25	 x27:0x00000000 x25:0x00000000 x20=0x00000000
     146785.000 ns	     14677	800032f0	e00f9953	fclass.s	x18,f31	 f31:0xffc00000 x18=0x00000200
     146805.000 ns	     14679	800032f4	00000013	addi	x0,x0,0	  x0:0x00000000
     146845.000 ns	     14683	800032f8	0033f053	fadd.s	f0,f7,f3	  f7:0x80000000  f3:0x11dac000  f0=0x11dac000
     146885.000 ns	     14687	800032fc	11d777d3	fmul.s	f15,f14,f29	 f14:0x7fc00000 f29:0x80040fe4 f15=0x7fc00000
     146905.000 ns	     14689	80003300	01336633	or	x12,x6,x19	  x6:0x00000000 x19:0x00000000 x12=0x00000000
     146915.000 ns	     14690	80003304	011f09b3	add	x19,x30,x17	 x30:0x80041024 x17:0x00000000 x19=0x80041024
     146935.000 ns	     14692	80003308	21990553	fsgnj.s	f10,f18,f25	 f18:0x7fc00000 f25:0x80040fe4 f10=0xffc00000
     146965.000 ns	     14695	8000330c	d00948d3	fcvt.s.w	f17,x18	 x18:0x00000200 f17=0x44000000
     146985.000 ns	     14697	80003310	0156ebb3	or	x23,x13,x21	 x13:0x00000000 x21:0x54ab7822 x23=0x54ab7822
     146995.000 ns	     14698	80003314	012d00b3	add	x1,x26,x18	 x26:0x00000200 x18:0x00000200  x1=0x00000400
     147005.000 ns	     14699	80003318	41f8d013	srai	x0,x17,0x1f	 x17:0x00000000
     147025.000 ns	     14701	8000331c	c0198953	fcvt.wu.s	x18,f19	 f19:0x7fc00000 x18=0xffffffff
     147055.000 ns	     14704	80003320	20a00dd3	fsgnj.s	f27,f0,f10	  f0:0x11dac000 f10:0xffc00000 f27=0x91dac000
     147095.000 ns	     14708	80003324	1113f753	fmul.s	f14,f7,f17	  f7:0x80000000 f17:0x44000000 f14=0x80000000
     147125.000 ns	     14711	80003328	e00710d3	fclass.s	x1,f14	 f14:0x7fc00000  x1=0x00000008
     147175.000 ns	     14716	8000332c	09a07dd3	fsub.s	f27,f0,f26	  f0:0x11dac000 f26:0x7fc00000 f27=0x7fc00000
     147225.000 ns	     14721	80003330	0064f5d3	fadd.s	f11,f9,f6	  f9:0x00000000  f6:0x80000000 f11=0x80000000
     147255.000 ns	     14724	80003334	f0020dd3	fmv.w.x	f27,x4	  x4:0x00000001 f27=0x00000001
     147625.000 ns	     14761	80003338	021570b3	remu	x1,x10,x1	 x10:0x000006ab  x1:0x00000008  x1=0x00000003
     147655.000 ns	     14764	8000333c	21ce2853	fsgnjx.s	f16,f28,f28	 f28:0x7fc00000 f28:0x7fc00000 f16=0x7fc00000
     147675.000 ns	     14766	80003340	41d45393	srai	x7,x8,0x1d	  x8:0x00000000  x7=0x00000000
     147685.000 ns	     14767	80003344	0105d1b3	srl	x3,x11,x16	 x11:0x80040fe4 x16:0x00000000  x3=0x80040fe4
     147695.000 ns	     14768	80003348	40878433	sub	x8,x15,x8	 x15:0x11dac000  x8:0x00000000  x8=0x11dac000
     147715.000 ns	     14770	8000334c	20719dd3	fsgnjn.s	f27,f3,f7	  f3:0x11dac000  f7:0x80000000 f27=0x11dac000
     147745.000 ns	     14773	80003350	0330a033	mulhsu	x0,x1,x19	  x1:0x00000003 x19:0x80041024
     147775.000 ns	     14776	80003354	030badb3	mulhsu	x27,x23,x16	 x23:0x54ab7822 x16:0x00000000 x27=0x00000000
     147795.000 ns	     14778	80003358	403bd4b3	sra	x9,x23,x3	 x23:0x54ab7822  x3:0x80040fe4  x9=0x054ab782
     147815.000 ns	     14780	8000335c	c009fa53	fcvt.w.s	x20,f19	 f19:0x7fc00000 x20=0x7fffffff
     148185.000 ns	     14817	80003360	023442b3	div	x5,x8,x3	  x8:0x11dac000  x3:0x80040fe4  x5=0x00000000
     148205.000 ns	     14819	80003364	41c48c33	sub	x24,x9,x28	  x9:0x054ab782 x28:0x00000000 x24=0x054ab782
     148215.000 ns	     14820	80003368	419cd413	srai	x8,x25,0x19	 x25:0x00000000  x8=0x00000000
     148225.000 ns	     14821	8000336c	40218fb3	sub	x31,x3,x2	  x3:0x80040fe4  x2:0x11dac000 x31=0x6e294fe4
     148245.000 ns	     14823	80003370	204f9e53	fsgnjn.s	f28,f31,f4	 f31:0xffc00000  f4:0x7fc00000 f28=0xffc00000
     148265.000 ns	     14825	80003374	409ede13	srai	x28,x29,0x9	 x29:0x00000000 x28=0x00000000
     148295.000 ns	     14828	80003378	58071953	fsqrt.s	f18,f14	 f14:0x80000000 f18=0x80000000
     148315.000 ns	     14830	8000337c	c8751497	auipc	x9,0xc8751	  x9=0x4875437c
     148335.000 ns	     14832	80003380	02082bb3	mulhsu	x23,x16,x0	 x16:0x00000000  x0:0x00000000 x23=0x00000000
     148365.000 ns	     14835	80003384	d00476d3	fcvt.s.w	f13,x8	  x8:0x00000000 f13=0x00000000
     148415.000 ns	     14840	80003388	00db4553	fadd.s	f10,f22,f13	 f22:0x00000000 f13:0x7fc00000 f10=0x00000000
     148445.000 ns	     14843	8000338c	f00a8b53	fmv.w.x	f22,x21	 x21:0x54ab7822 f22=0x54ab7822
     148475.000 ns	     14846	80003390	21e283d3	fsgnj.s	f7,f5,f30	  f5:0xcefff7df f30:0x4f000410  f7=0x4efff7df
     148505.000 ns	     14849	80003394	20c824d3	fsgnjx.s	f9,f16,f12	 f16:0x7fc00000 f12:0x7fc00000  f9=0x7fc00000
     148525.000 ns	     14851	80003398	0141d793	srli	x15,x3,0x14	  x3:0x80040fe4 x15=0x00000800
     148535.000 ns	     14852	8000339c	0136da13	srli	x20,x13,0x13	 x13:0x00000000 x20=0x00000000
     148555.000 ns	     14854	800033a0	a07f9a53	flt.s	x20,f31,f7	 f31:0xffc00000  f7:0x4efff7df x20=0x00000000
     148575.000 ns	     14856	800033a4	d3e60293	addi	x5,x12,-706	 x12:0x00000000  x5=0xfffffd3e
     148585.000 ns	     14857	800033a8	9ef58bb7	lui	x23,0x9ef58	 x23=0x9ef58000
     148595.000 ns	     14858	800033ac	4f6e6293	ori	x5,x28,1270	 x28:0x00000000  x5=0x000004f6
     148605.000 ns	     14859	800033b0	72865637	lui	x12,0x72865	 x12=0x72865000
     148625.000 ns	     14861	800033b4	a0419753	flt.s	x14,f3,f4	  f3:0x11dac000  f4:0x7fc00000 x14=0x00000000
     148655.000 ns	     14864	800033b8	29a60d53	fmin.s	f26,f12,f26	 f12:0x7fc00000 f26:0x7fc00000 f26=0x7fc00000
     148675.000 ns	     14866	800033bc	ef4bc493	xori	x9,x23,-268	 x23:0x9ef58000  x9=0x610a7ef4
     148685.000 ns	     14867	800033c0	b06bed13	ori	x26,x23,-1274	 x23:0x9ef58000 x26=0xfffffb06
     148695.000 ns	     14868	800033c4	5b7b2693	slti	x13,x22,1463	 x22:0x00000000 x13=0x00000001
     148715.000 ns	     14870	800033c8	03d1c933	div	x18,x3,x29	  x3:0x80040fe4 x29:0x00000000 x18=0xffffffff
     148735.000 ns	     14872	800033cc	41cd5393	srai	x7,x26,0x1c	 x26:0xfffffb06  x7=0xffffffff
     148755.000 ns	     14874	800033d0	e0091e53	fclass.s	x28,f18	 f18:0x80000000 x28=0x00000008
     148775.000 ns	     14876	800033d4	01570fb3	add	x31,x14,x21	 x14:0x00000000 x21:0x54ab7822 x31=0x54ab7822
     148785.000 ns	     14877	800033d8	41aed933	sra	x18,x29,x26	 x29:0x00000000 x26:0xfffffb06 x18=0x00000000
     148795.000 ns	     14878	800033dc	000c1bb3	sll	x23,x24,x0	 x24:0x054ab782  x0:0x00000000 x23=0x054ab782
     148815.000 ns	     14880	800033e0	219d15d3	fsgnjn.s	f11,f26,f25	 f26:0x7fc00000 f25:0x80040fe4 f11=0x7fc00000
     148845.000 ns	     14883	800033e4	a16c2a53	feq.s	x20,f24,f22	 f24:0xb1800000 f22:0x54ab7822 x20=0x00000000
     148865.000 ns	     14885	800033e8	01446933	or	x18,x8,x20	  x8:0x00000000 x20:0x00000000 x18=0x00000000
     148885.000 ns	     14887	800033ec	028b9533	mulh	x10,x23,x8	 x23:0x054ab782  x8:0x00000000 x10=0x00000000
     148905.000 ns	     14889	800033f0	9e81e393	ori	x7,x3,-1560	  x3:0x80040fe4  x7=0xffffffec
     148915.000 ns	     14890	800033f4	80782f93	slti	x31,x16,-2041	 x16:0x00000000 x31=0x00000000
     148935.000 ns	     14892	800033f8	a0ceafd3	feq.s	x31,f29,f12	 f29:0x80040fe4 f12:0x7fc00000 x31=0x00000000
     148955.000 ns	     14894	800033fc	00499c93	slli	x25,x19,0x4	 x19:0x80041024 x25=0x00410240
     148965.000 ns	     14895	80003400	00c82b33	slt	x22,x16,x12	 x16:0x00000000 x12:0x72865000 x22=0x00000001
     149005.000 ns	     14899	80003404	09aabcd3	fsub.s	f25,f21,f26	 f21:0x00000000 f26:0x7fc00000 f25=0x7fc00000
     149035.000 ns	     14902	80003408	c007fa53	fcvt.w.s	x20,f15	 f15:0x7fc00000 x20=0x7fffffff
     149055.000 ns	     14904	8000340c	00f55893	srli	x17,x10,0xf	 x10:0x00000000 x17=0x00000000
     149065.000 ns	     14905	80003410	01e2d9b3	srl	x19,x5,x30	  x5:0x000004f6 x30:0x80041024 x19=0x0000004f
     149085.000 ns	     14907	80003414	a0929153	flt.s	x2,f5,f9	  f5:0xcefff7df  f9:0x7fc00000  x2=0x00000000
     149105.000 ns	     14909	80003418	0f084093	xori	x1,x16,240	 x16:0x00000000  x1=0x000000f0
     149125.000 ns	     14911	8000341c	d00371d3	fcvt.s.w	f3,x6	  x6:0x00000000  f3=0x00000000
     149155.000 ns	     14914	80003420	217c91d3	fsgnjn.s	f3,f25,f23	 f25:0x7fc00000 f23:0x00000000  f3=0xffc00000
     149175.000 ns	     14916	80003424	00626b33	or	x22,x4,x6	  x4:0x00000001  x6:0x00000000 x22=0x00000001
     149185.000 ns	     14917	80003428	4e6e4413	xori	x8,x28,1254	 x28:0x00000008  x8=0x000004ee
     149205.000 ns	     14919	8000342c	d01cced3	fcvt.s.wu	f29,x25	 x25:0x00410240 f29=0x4a820480
     149235.000 ns	     14922	80003430	e00d9853	fclass.s	x16,f27	 f27:0x11dac000 x16=0x00000040
     149255.000 ns	     14924	80003434	e73cf537	lui	x10,0xe73cf	 x10=0xe73cf000
     149275.000 ns	     14926	80003438	219c1ad3	fsgnjn.s	f21,f24,f25	 f24:0xb1800000 f25:0x7fc00000 f21=0xb1800000
     149295.000 ns	     14928	8000343c	80e56e13	ori	x28,x10,-2034	 x10:0x00000000 x28=0xfffff80e
     149315.000 ns	     14930	80003440	a0208cd3	fle.s	x25,f1,f2	  f1:0x7fc00000  f2:0x00000000 x25=0x00000000
     149335.000 ns	     14932	80003444	01cfe8b3	or	x17,x31,x28	 x31:0x00000000 x28:0x00000008 x17=0xfffff80e
     149355.000 ns	     14934	80003448	c001f4d3	fcvt.w.s	x9,f3	  f3:0xffc00000  x9=0x7fffffff
     149385.000 ns	     14937	8000344c	217985d3	fsgnj.s	f11,f19,f23	 f19:0x7fc00000 f23:0x00000000 f11=0x7fc00000
     149435.000 ns	     14942	80003450	006f48d3	fadd.s	f17,f30,f6	 f30:0x4f000410  f6:0x80000000 f17=0x4f000410
     149805.000 ns	     14979	80003454	0383d733	divu	x14,x7,x24	  x7:0xffffffec x24:0x054ab782 x14=0x00000030
     149825.000 ns	     14981	80003458	01de2b33	slt	x22,x28,x29	 x28:0xfffff80e x29:0x00000000 x22=0x00000001
     149835.000 ns	     14982	8000345c	01ddfcb3	and	x25,x27,x29	 x27:0x00000000 x29:0x00000000 x25=0x00000000
     149845.000 ns	     14983	80003460	dd5bcf93	xori	x31,x23,-555	 x23:0x054ab782 x31=0xfab54a57
     149855.000 ns	     14984	80003464	00b8b833	sltu	x16,x17,x11	 x17:0xfffff80e x11:0x80040fe4 x16=0x00000000
     149875.000 ns	     14986	80003468	0391c1b3	div	x3,x3,x25	  x3:0x80040fe4 x25:0x00000000  x3=0xffffffff
     149905.000 ns	     14989	8000346c	0234bfb3	mulhu	x31,x9,x3	  x9:0x7fffffff  x3:0x80040fe4 x31=0x7ffffffe
     149925.000 ns	     14991	80003470	00000013	addi	x0,x0,0	  x0:0x00000000
     149935.000 ns	     14992	80003474	00555493	srli	x9,x10,0x5	 x10:0xe73cf000  x9=0x0739e780
     149955.000 ns	     14994	80003478	20f48fd3	fsgnj.s	f31,f9,f15	  f9:0x7fc00000 f15:0x7fc00000 f31=0x7fc00000
     150325.000 ns	     15031	8000347c	03f7cbb3	div	x23,x15,x31	 x15:0x00000800 x31:0x7ffffffe x23=0x00000000
     150355.000 ns	     15034	80003480	206c01d3	fsgnj.s	f3,f24,f6	 f24:0xb1800000  f6:0x80000000  f3=0xb1800000
     150375.000 ns	     15036	80003484	00471933	sll	x18,x14,x4	 x14:0x00000030  x4:0x00000001 x18=0x00000060
     150385.000 ns	     15037	80003488	411dd933	sra	x18,x27,x17	 x27:0x00000000 x17:0xfffff80e x18=0x00000000
     150405.000 ns	     15039	8000348c	c00078d3	fcvt.w.s	x17,f0	  f0:0x11dac000 x17=0x00000000
     150775.000 ns	     15076	80003490	02b474b3	remu	x9,x8,x11	  x8:0x000004ee x11:0x80040fe4  x9=0x000004ee
     150805.000 ns	     15079	80003494	21dc2a53	fsgnjx.s	f20,f24,f29	 f24:0xb1800000 f29:0x4a820480 f20=0xb1800000
     150825.000 ns	     15081	80003498	00e3a4b3	slt	x9,x7,x14	  x7:0xffffffec x14:0x00000030  x9=0x00000001
     150835.000 ns	     15082	8000349c	019ea433	slt	x8,x29,x25	 x29:0x00000000 x25:0x00000000  x8=0x00000000
     150845.000 ns	     15083	800034a0	00000013	addi	x0,x0,0	  x0:0x00000000
     150855.000 ns	     15084	800034a4	4178dc13	srai	x24,x17,0x17	 x17:0x00000000 x24=0x00000000
     150875.000 ns	     15086	800034a8	02218333	mul	x6,x3,x2	  x3:0xffffffff  x2:0x00000000  x6=0x00000000
     150905.000 ns	     15089	800034ac	a0a52fd3	feq.s	x31,f10,f10	 f10:0x00000000 f10:0x00000000 x31=0x00000001
     150935.000 ns	     15092	800034b0	a109a753	feq.s	x14,f19,f16	 f19:0x7fc00000 f16:0x7fc00000 x14=0x00000000
     150955.000 ns	     15094	800034b4	05417093	andi	x1,x2,84	  x2:0x00000000  x1=0x00000000
     150985.000 ns	     15097	800034b8	100b77d3	fmul.s	f15,f22,f0	 f22:0x54ab7822  f0:0x11dac000 f15=0x271284e7
     151005.000 ns	     15099	800034bc	0043aa33	slt	x20,x7,x4	  x7:0xffffffec  x4:0x00000001 x20=0x00000001
     151025.000 ns	     15101	800034c0	a18ca453	feq.s	x8,f25,f24	 f25:0x7fc00000 f24:0xb1800000  x8=0x00000000
     151055.000 ns	     15104	800034c4	c01efbd3	fcvt.wu.s	x23,f29	 f29:0x4a820480 x23=0x00410240
     151075.000 ns	     15106	800034c8	005ed633	srl	x12,x29,x5	 x29:0x00000000  x5:0x000004f6 x12=0x00000000
     151085.000 ns	     15107	800034cc	ea690713	addi	x14,x18,-346	 x18:0x00000000 x14=0xfffffea6
     151125.000 ns	     15111	800034d0	09eb8353	fsub.s	f6,f23,f30	 f23:0x00000000 f30:0x4f000410  f6=0xcf000410
     151495.000 ns	     15148	800034d4	02b27db3	remu	x27,x4,x11	  x4:0x00000001 x11:0x80040fe4 x27=0x00000001
     151525.000 ns	     15151	800034d8	e00698d3	fclass.s	x17,f13	 f13:0x00000000 x17=0x00000010
     151545.000 ns	     15153	800034dc	40e159b3	sra	x19,x2,x14	  x2:0x00000000 x14:0xfffffea6 x19=0x00000000
     151565.000 ns	     15155	800034e0	03b08133	mul	x2,x1,x27	  x1:0x00000000 x27:0x00000001  x2=0x00000000
     151595.000 ns	     15158	800034e4	21978e53	fsgnj.s	f28,f15,f25	 f15:0x271284e7 f25:0x7fc00000 f28=0x271284e7
     151625.000 ns	     15161	800034e8	02cdf4b3	remu	x9,x27,x12	 x27:0x00000001 x12:0x00000000  x9=0x00000001
     151655.000 ns	     15164	800034ec	a14b8353	fle.s	x6,f23,f20	 f23:0x00000000 f20:0xb1800000  x6=0x00000000
     151685.000 ns	     15167	800034f0	023f8833	mul	x16,x31,x3	 x31:0x00000001  x3:0xffffffff x16=0xffffffff
     151705.000 ns	     15169	800034f4	ebf16237	lui	x4,0xebf16	  x4=0xebf16000
     151715.000 ns	     15170	800034f8	2911e413	ori	x8,x3,657	  x3:0xffffffff  x8=0xffffffff
     151725.000 ns	     15171	800034fc	002c9833	sll	x16,x25,x2	 x25:0x00000000  x2:0x00000000 x16=0x00000000
     151745.000 ns	     15173	80003500	02349fb3	mulh	x31,x9,x3	  x9:0x00000001  x3:0xffffffff x31=0xffffffff
     151775.000 ns	     15176	80003504	020c0733	mul	x14,x24,x0	 x24:0x00000000  x0:0x00000000 x14=0x00000000
     152145.000 ns	     15213	80003508	03f96933	rem	x18,x18,x31	 x18:0x00000000 x31:0xffffffff x18=0x00000000
     152175.000 ns	     15216	8000350c	f0048753	fmv.w.x	f14,x9	  x9:0x00000001 f14=0x00000001
     152195.000 ns	     15218	80003510	e72d6413	ori	x8,x26,-398	 x26:0xfffffb06  x8=0xffffff76
     152215.000 ns	     15220	80003514	02006d33	rem	x26,x0,x0	  x0:0x00000000  x0:0x00000000 x26=0x00000000
     152245.000 ns	     15223	80003518	20a9a1d3	fsgnjx.s	f3,f19,f10	 f19:0x7fc00000 f10:0x00000000  f3=0x7fc00000
     152275.000 ns	     15226	8000351c	031fb633	mulhu	x12,x31,x17	 x31:0xffffffff x17:0x00000010 x12=0x0000000f
     152295.000 ns	     15228	80003520	00000013	addi	x0,x0,0	  x0:0x00000000
     152315.000 ns	     15230	80003524	c0184753	fcvt.wu.s	x14,f16	 f16:0x7fc00000 x14=0xffffffff
     152345.000 ns	     15233	80003528	a1e21653	flt.s	x12,f4,f30	  f4:0x7fc00000 f30:0x4f000410 x12=0x00000000
     152375.000 ns	     15236	8000352c	29e08bd3	fmin.s	f23,f1,f30	  f1:0x7fc00000 f30:0x4f000410 f23=0x4f000410
     152415.000 ns	     15240	80003530	18117553	fdiv.s	f10,f2,f1	  f2:0x00000000  f1:0x7fc00000 f10=0x7fc00000
     152435.000 ns	     15242	80003534	05a213b7	lui	x7,0x5a21	  x7=0x05a21000
     152465.000 ns	     15245	80003538	58008b53	fsqrt.s	f22,f1	  f1:0x7fc00000 f22=0x7fc00000
     152835.000 ns	     15282	8000353c	03cd53b3	divu	x7,x26,x28	 x26:0x00000000 x28:0xfffff80e  x7=0x00000000
     152865.000 ns	     15285	80003540	20c12253	fsgnjx.s	f4,f2,f12	  f2:0x00000000 f12:0x7fc00000  f4=0x00000000
     152915.000 ns	     15290	80003544	095e73d3	fsub.s	f7,f28,f21	 f28:0x271284e7 f21:0xb1800000  f7=0x31800004
     152945.000 ns	     15293	80003548	c01820d3	fcvt.wu.s	x1,f16	 f16:0x7fc00000  x1=0xffffffff
     152975.000 ns	     15296	8000354c	a1071053	flt.s	x0,f14,f16	 f14:0x00000001 f16:0x7fc00000
     152995.000 ns	     15298	80003550	00704e33	xor	x28,x0,x7	  x0:0x00000000  x7:0x00000000 x28=0x00000000
     153015.000 ns	     15300	80003554	28329dd3	fmax.s	f27,f5,f3	  f5:0xcefff7df  f3:0x7fc00000 f27=0xcefff7df
     153035.000 ns	     15302	80003558	40c5d893	srai	x17,x11,0xc	 x11:0x80040fe4 x17=0xfff80040
     154205.000 ns	     15419	8000355c	580770d3	fsqrt.s	f1,f14	 f14:0x00000001  f1=0x1f350483
     154225.000 ns	     15421	80003560	74776313	ori	x6,x14,1863	 x14:0xffffffff  x6=0xffffffff
     154235.000 ns	     15422	80003564	01b7bfb3	sltu	x31,x15,x27	 x15:0x00000800 x27:0x00000001 x31=0x00000000
     154595.000 ns	     15458	80003568	02434fb3	div	x31,x6,x4	  x6:0x00000000  x4:0xebf16000 x31=0x00000000
     154625.000 ns	     15461	8000356c	204c9bd3	fsgnjn.s	f23,f25,f4	 f25:0x7fc00000  f4:0x00000000 f23=0xffc00000
     154655.000 ns	     15464	80003570	0260a4b3	mulhsu	x9,x1,x6	  x1:0xffffffff  x6:0xffffffff  x9=0xffffffff
     154685.000 ns	     15467	80003574	03f24833	div	x16,x4,x31	  x4:0xebf16000 x31:0x00000000 x16=0xffffffff
     154735.000 ns	     15472	80003578	00ec7453	fadd.s	f8,f24,f14	 f24:0xb1800000 f14:0x00000001  f8=0xb1800000
     154755.000 ns	     15474	8000357c	00af17b3	sll	x15,x30,x10	 x30:0x80041024 x10:0xe73cf000 x15=0x80041024
     154785.000 ns	     15477	80003580	18cdc053	fdiv.s	f0,f27,f12	 f27:0xcefff7df f12:0x7fc00000  f0=0x7fc00000
     154815.000 ns	     15480	80003584	a1d09b53	flt.s	x22,f1,f29	  f1:0x1f350483 f29:0x4a820480 x22=0x00000001
     154835.000 ns	     15482	80003588	009a3033	sltu	x0,x20,x9	 x20:0x00000001  x9:0xffffffff
     154855.000 ns	     15484	8000358c	21a5a953	fsgnjx.s	f18,f11,f26	 f11:0x7fc00000 f26:0x7fc00000 f18=0x7fc00000
     154885.000 ns	     15487	80003590	e0070e53	fmv.x.w	x28,f14	 f14:0x00000001 x28=0x00000001
     154905.000 ns	     15489	80003594	416e53b3	sra	x7,x28,x22	 x28:0x00000000 x22:0x00000001  x7=0x00000000
     154915.000 ns	     15490	80003598	26a8cf93	xori	x31,x17,618	 x17:0xfff80040 x31=0xfff8022a
     154925.000 ns	     15491	8000359c	7eb96093	ori	x1,x18,2027	 x18:0x00000000  x1=0x000007eb
     154955.000 ns	     15494	800035a0	19a9a0d3	fdiv.s	f1,f19,f26	 f19:0x7fc00000 f26:0x7fc00000  f1=0x7fc00000
     154975.000 ns	     15496	800035a4	411787b3	sub	x15,x15,x17	 x15:0x80041024 x17:0xfff80040 x15=0x800c0fe4
     154985.000 ns	     15497	800035a8	41925c13	srai	x24,x4,0x19	  x4:0xebf16000 x24=0xfffffff5
     155005.000 ns	     15499	800035ac	214917d3	fsgnjn.s	f15,f18,f20	 f18:0x7fc00000 f20:0xb1800000 f15=0x7fc00000
     155025.000 ns	     15501	800035b0	011324b3	slt	x9,x6,x17	  x6:0xffffffff x17:0xfff80040  x9=0x00000000
     155035.000 ns	     15502	800035b4	afdbbe93	sltiu	x29,x23,-1283	 x23:0x00410240 x29=0x00000001
     155065.000 ns	     15505	800035b8	11b7a4d3	fmul.s	f9,f15,f27	 f15:0x7fc00000 f27:0xcefff7df  f9=0x7fc00000
     155085.000 ns	     15507	800035bc	0001f933	and	x18,x3,x0	  x3:0xffffffff  x0:0x00000000 x18=0x00000000
     155095.000 ns	     15508	800035c0	00c5dc93	srli	x25,x11,0xc	 x11:0x80040fe4 x25=0x00080040
     155105.000 ns	     15509	800035c4	004a1793	slli	x15,x20,0x4	 x20:0x00000001 x15=0x00000010
     155125.000 ns	     15511	800035c8	e00d18d3	fclass.s	x17,f26	 f26:0x7fc00000 x17=0x00000200
     155145.000 ns	     15513	800035cc	00a09633	sll	x12,x1,x10	  x1:0x000007eb x10:0xe73cf000 x12=0x000007eb
     155155.000 ns	     15514	800035d0	01473db3	sltu	x27,x14,x20	 x14:0xffffffff x20:0x00000001 x27=0x00000000
     155175.000 ns	     15516	800035d4	03a46733	rem	x14,x8,x26	  x8:0xffffff76 x26:0x00000000 x14=0xffffff76
     155205.000 ns	     15519	800035d8	d012f6d3	fcvt.s.wu	f13,x5	  x5:0x000004f6 f13=0x449ec000
     155245.000 ns	     15523	800035dc	5802fbd3	fsqrt.s	f23,f5	  f5:0xcefff7df f23=0x7fc00000
     155265.000 ns	     15525	800035e0	4002d913	srai	x18,x5,0x0	  x5:0x000004f6 x18=0x000004f6
     155305.000 ns	     15529	800035e4	08fdf653	fsub.s	f12,f27,f15	 f27:0xcefff7df f15:0x7fc00000 f12=0x7fc00000
     155325.000 ns	     15531	800035e8	00c65bb3	srl	x23,x12,x12	 x12:0x000007eb x12:0x000007eb x23=0x00000000
     155345.000 ns	     15533	800035ec	d00d7d53	fcvt.s.w	f26,x26	 x26:0x00000000 f26=0x00000000
     155365.000 ns	     15535	800035f0	002003b3	add	x7,x0,x2	  x0:0x00000000  x2:0x00000000  x7=0x00000000
     155395.000 ns	     15538	800035f4	19dcf4d3	fdiv.s	f9,f25,f29	 f25:0x7fc00000 f29:0x4a820480  f9=0x7fc00000
     155415.000 ns	     15540	800035f8	40d55c13	srai	x24,x10,0xd	 x10:0xe73cf000 x24=0xffff39e7
     155425.000 ns	     15541	800035fc	00000013	addi	x0,x0,0	  x0:0x00000000
     155445.000 ns	     15543	80003600	03879233	mulh	x4,x15,x24	 x15:0x00000010 x24:0xfffffff5  x4=0xffffffff
     155475.000 ns	     15546	80003604	03ba7db3	remu	x27,x20,x27	 x20:0x00000001 x27:0x00000000 x27=0x00000001
     155505.000 ns	     15549	80003608	e0011553	fclass.s	x10,f2	  f2:0x00000000 x10=0x00000010
     155535.000 ns	     15552	8000360c	02b62db3	mulhsu	x27,x12,x11	 x12:0x000007eb x11:0x80040fe4 x27=0x000003f5
     155555.000 ns	     15554	80003610	01fa9433	sll	x8,x21,x31	 x21:0x54ab7822 x31:0xfff8022a  x8=0xade08800
     155565.000 ns	     15555	80003614	40e7d913	srai	x18,x15,0xe	 x15:0x00000010 x18=0x00000000
     155575.000 ns	     15556	80003618	40e00933	sub	x18,x0,x14	  x0:0x00000000 x14:0xffffff76 x18=0x0000008a
     155595.000 ns	     15558	8000361c	f0080fd3	fmv.w.x	f31,x16	 x16:0xffffffff f31=0xffffffff
     155615.000 ns	     15560	80003620	00128fb3	add	x31,x5,x1	  x5:0x000004f6  x1:0x000007eb x31=0x00000ce1
     155655.000 ns	     15564	80003624	08ed4c53	fsub.s	f24,f26,f14	 f26:0x00000000 f14:0x00000001 f24=0x80000001
     155675.000 ns	     15566	80003628	00d5deb3	srl	x29,x11,x13	 x11:0x80040fe4 x13:0x00000001 x29=0x400207f2
     155685.000 ns	     15567	8000362c	00000013	addi	x0,x0,0	  x0:0x00000000
     155695.000 ns	     15568	80003630	0005d2b3	srl	x5,x11,x0	 x11:0x80040fe4  x0:0x00000000  x5=0x80040fe4
     155715.000 ns	     15570	80003634	21af9c53	fsgnjn.s	f24,f31,f26	 f31:0xffffffff f26:0x00000000 f24=0xffffffff
     155735.000 ns	     15572	80003638	4097d1b3	sra	x3,x15,x9	 x15:0x00000010  x9:0x00000000  x3=0x00000010
     155745.000 ns	     15573	8000363c	00ea4d33	xor	x26,x20,x14	 x20:0x00000001 x14:0xffffff76 x26=0xffffff77
     155755.000 ns	     15574	80003640	008e82b3	add	x5,x29,x8	 x29:0x400207f2  x8:0xade08800  x5=0xede28ff2
     155765.000 ns	     15575	80003644	01496933	or	x18,x18,x20	 x18:0x0000008a x20:0x00000001 x18=0x0000008b
     155785.000 ns	     15577	80003648	c016ffd3	fcvt.wu.s	x31,f13	 f13:0x449ec000 x31=0x000004f6
     156155.000 ns	     15614	8000364c	03b459b3	divu	x19,x8,x27	  x8:0xade08800 x27:0x000003f5 x19=0x002bf0f8
     156185.000 ns	     15617	80003650	208a1153	fsgnjn.s	f2,f20,f8	 f20:0xb1800000  f8:0xb1800000  f2=0x31800000
     156205.000 ns	     15619	80003654	cffcc293	xori	x5,x25,-769	 x25:0x00080040  x5=0xfff7fcbf
     156225.000 ns	     15621	80003658	d009b553	fcvt.s.w	f10,x19	 x19:0x002bf0f8 f10=0x4a2fc3e0
     156245.000 ns	     15623	8000365c	01d830b3	sltu	x1,x16,x29	 x16:0xffffffff x29:0x400207f2  x1=0x00000000
     156265.000 ns	     15625	80003660	02bd02b3	mul	x5,x26,x11	 x26:0xffffff77 x11:0x80040fe4  x5=0x7dd37efc
     156295.000 ns	     15628	80003664	21718553	fsgnj.s	f10,f3,f23	  f3:0x7fc00000 f23:0x7fc00000 f10=0x7fc00000
     156315.000 ns	     15630	80003668	01cb7fb3	and	x31,x22,x28	 x22:0x00000001 x28:0x00000001 x31=0x00000001
     156325.000 ns	     15631	8000366c	40aa09b3	sub	x19,x20,x10	 x20:0x00000001 x10:0x00000010 x19=0xfffffff1
     156365.000 ns	     15635	80003670	0863f753	fsub.s	f14,f7,f6	  f7:0x31800004  f6:0xcf000410 f14=0x4f000410
     156385.000 ns	     15637	80003674	004266b3	or	x13,x4,x4	  x4:0xffffffff  x4:0xffffffff x13=0xffffffff
     156395.000 ns	     15638	80003678	39a54813	xori	x16,x10,922	 x10:0x00000010 x16=0x0000038a
     156405.000 ns	     15639	8000367c	00ffe9b3	or	x19,x31,x15	 x31:0x00000001 x15:0x00000010 x19=0x00000011
     156415.000 ns	     15640	80003680	3e966293	ori	x5,x12,1001	 x12:0x000007eb  x5=0x000007eb
     156425.000 ns	     15641	80003684	c9216db7	lui	x27,0xc9216	 x27=0xc9216000
     156445.000 ns	     15643	80003688	03da8db3	mul	x27,x21,x29	 x21:0x54ab7822 x29:0x400207f2 x27=0x2aa47e24
     156475.000 ns	     15646	8000368c	0354a0b3	mulhsu	x1,x9,x21	  x9:0x00000000 x21:0x54ab7822  x1=0x00000000
     156505.000 ns	     15649	80003690	c00ba253	fcvt.w.s	x4,f23	 f23:0x7fc00000  x4=0x7fffffff
     156875.000 ns	     15686	80003694	032f72b3	remu	x5,x30,x18	 x30:0x80041024 x18:0x0000008b  x5=0x0000002a
     156895.000 ns	     15688	80003698	01145233	srl	x4,x8,x17	  x8:0xade08800 x17:0x00000200  x4=0xade08800
     157255.000 ns	     15724	8000369c	03bac433	div	x8,x21,x27	 x21:0x54ab7822 x27:0x2aa47e24  x8=0x00000001
     157285.000 ns	     15727	800036a0	29e29653	fmax.s	f12,f5,f30	  f5:0xcefff7df f30:0x4f000410 f12=0x4f000410
     157315.000 ns	     15730	800036a4	d01d75d3	fcvt.s.wu	f11,x26	 x26:0xffffff77 f11=0x4f7fffff
     157335.000 ns	     15732	800036a8	4144d093	srai	x1,x9,0x14	  x9:0x00000000  x1=0x00000000
     157345.000 ns	     15733	800036ac	01f477b3	and	x15,x8,x31	  x8:0x00000001 x31:0x00000001 x15=0x00000001
     157365.000 ns	     15735	800036b0	f0020ad3	fmv.w.x	f21,x4	  x4:0xade08800 f21=0xade08800
     157735.000 ns	     15772	800036b4	02dc5833	divu	x16,x24,x13	 x24:0xffff39e7 x13:0xffffffff x16=0x00000000
     157765.000 ns	     15775	800036b8	a1e51b53	flt.s	x22,f10,f30	 f10:0x7fc00000 f30:0x4f000410 x22=0x00000000
     157795.000 ns	     15778	800036bc	0208ccb3	div	x25,x17,x0	 x17:0x00000200  x0:0x00000000 x25=0xffffffff
     157825.000 ns	     15781	800036c0	e0098dd3	fmv.x.w	x27,f19	 f19:0x7fc00000 x27=0x7fc00000
     157855.000 ns	     15784	800036c4	0330b6b3	mulhu	x13,x1,x19	  x1:0x00000000 x19:0x00000011 x13=0x00000000
     157885.000 ns	     15787	800036c8	d00a7c53	fcvt.s.w	f24,x20	 x20:0x00000001 f24=0x3f800000
     157915.000 ns	     15790	800036cc	e0021153	fclass.s	x2,f4	  f4:0x00000000  x2=0x00000010
     157945.000 ns	     15793	800036d0	29588253	fmin.s	f4,f17,f21	 f17:0x4f000410 f21:0xade08800  f4=0xade08800
     157975.000 ns	     15796	800036d4	20ab8ad3	fsgnj.s	f21,f23,f10	 f23:0x7fc00000 f10:0x7fc00000 f21=0x7fc00000
     157995.000 ns	     15798	800036d8	0170d813	srli	x16,x1,0x17	  x1:0x00000000 x16=0x00000000
     158005.000 ns	     15799	800036dc	b506bb93	sltiu	x23,x13,-1200	 x13:0x00000000 x23=0x00000001
     158025.000 ns	     15801	800036e0	20c283d3	fsgnj.s	f7,f5,f12	  f5:0xcefff7df f12:0x4f000410  f7=0x4efff7df
     158045.000 ns	     15803	800036e4	dd97ba13	sltiu	x20,x15,-551	 x15:0x00000001 x20=0x00000001
     158055.000 ns	     15804	800036e8	00cc5d93	srli	x27,x24,0xc	 x24:0xffff39e7 x27=0x000ffff3
     158065.000 ns	     15805	800036ec	40ca51b3	sra	x3,x20,x12	 x20:0x00000001 x12:0x000007eb  x3=0x00000000
     158085.000 ns	     15807	800036f0	20320553	fsgnj.s	f10,f4,f3	  f4:0xade08800  f3:0x7fc00000 f10=0x2de08800
     159265.000 ns	     15925	800036f4	580522d3	fsqrt.s	f5,f10	 f10:0x7fc00000  f5=0x3629875c
     159285.000 ns	     15927	800036f8	417c8c33	sub	x24,x25,x23	 x25:0xffffffff x23:0x00000001 x24=0xfffffffe
     159305.000 ns	     15929	800036fc	a0c58ed3	fle.s	x29,f11,f12	 f11:0x4f7fffff f12:0x4f000410 x29=0x00000000
     159325.000 ns	     15931	80003700	c336e097	auipc	x1,0xc336e	  x1=0x43371700
     159685.000 ns	     15967	80003704	03e7f0b3	remu	x1,x15,x30	 x15:0x00000001 x30:0x80041024  x1=0x00000001
     159705.000 ns	     15969	80003708	001a39b3	sltu	x19,x20,x1	 x20:0x00000001  x1:0x00000000 x19=0x00000000
     159725.000 ns	     15971	8000370c	296a83d3	fmin.s	f7,f21,f22	 f21:0x7fc00000 f22:0x7fc00000  f7=0x7fc00000
     159755.000 ns	     15974	80003710	a1b786d3	fle.s	x13,f15,f27	 f15:0x7fc00000 f27:0xcefff7df x13=0x00000000
     159785.000 ns	     15977	80003714	02065533	divu	x10,x12,x0	 x12:0x000007eb  x0:0x00000000 x10=0xffffffff
     159805.000 ns	     15979	80003718	5d7e7a13	andi	x20,x28,1495	 x28:0x00000001 x20=0x00000001
     159815.000 ns	     15980	8000371c	851392b7	lui	x5,0x85139	  x5=0x85139000
     160175.000 ns	     16016	80003720	024c6d33	rem	x26,x24,x4	 x24:0xfffffffe  x4:0xade08800 x26=0xfffffffe
     160205.000 ns	     16019	80003724	027d5733	divu	x14,x26,x7	 x26:0xffffff77  x7:0x00000000 x14=0xffffffff
     160235.000 ns	     16022	80003728	030d1233	mulh	x4,x26,x16	 x26:0xfffffffe x16:0x00000000  x4=0x00000000
     160255.000 ns	     16024	8000372c	d6e18e37	lui	x28,0xd6e18	 x28=0xd6e18000
     160265.000 ns	     16025	80003730	00000013	addi	x0,x0,0	  x0:0x00000000
     160275.000 ns	     16026	80003734	0074b533	sltu	x10,x9,x7	  x9:0x00000000  x7:0x00000000 x10=0x00000000
     160285.000 ns	     16027	80003738	00722433	slt	x8,x4,x7	  x4:0x00000000  x7:0x00000000  x8=0x00000000
     160295.000 ns	     16028	8000373c	00772c33	slt	x24,x14,x7	 x14:0xffffffff  x7:0x00000000 x24=0x00000001
     160305.000 ns	     16029	80003740	0022c6b3	xor	x13,x5,x2	  x5:0x85139000  x2:0x00000010 x13=0x85139010
     160665.000 ns	     16065	80003744	031b7633	remu	x12,x22,x17	 x22:0x00000000 x17:0x00000200 x12=0x00000000
     160685.000 ns	     16067	80003748	001ddc13	srli	x24,x27,0x1	 x27:0x000ffff3 x24=0x0007fff9
     160695.000 ns	     16068	8000374c	41bbd9b3	sra	x19,x23,x27	 x23:0x00000001 x27:0x000ffff3 x19=0x00000000
     160725.000 ns	     16071	80003750	102fb9d3	fmul.s	f19,f31,f2	 f31:0xffffffff  f2:0x31800000 f19=0x7fc00000
     160755.000 ns	     16074	80003754	a09811d3	flt.s	x3,f16,f9	 f16:0x7fc00000  f9:0x7fc00000  x3=0x00000000
     160775.000 ns	     16076	80003758	971bedb7	lui	x27,0x971be	 x27=0x971be000
     160795.000 ns	     16078	8000375c	214f2cd3	fsgnjx.s	f25,f30,f20	 f30:0x4f000410 f20:0xb1800000 f25=0xcf000410
     160825.000 ns	     16081	80003760	e00488d3	fmv.x.w	x17,f9	  f9:0x7fc00000 x17=0x7fc00000
     160855.000 ns	     16084	80003764	c009ae53	fcvt.w.s	x28,f19	 f19:0x7fc00000 x28=0x7fffffff
     160885.000 ns	     16087	80003768	a0da0d53	fle.s	x26,f20,f13	 f20:0xb1800000 f13:0x449ec000 x26=0x00000001
     160905.000 ns	     16089	8000376c	93a38e13	addi	x28,x7,-1734	  x7:0x00000000 x28=0xfffff93a
     160915.000 ns	     16090	80003770	95c10b37	lui	x22,0x95c10	 x22=0x95c10000
     160925.000 ns	     16091	80003774	e3640c93	addi	x25,x8,-458	  x8:0x00000000 x25=0xfffffe36
     160935.000 ns	     16092	80003778	5f4fb393	sltiu	x7,x31,1524	 x31:0x00000001  x7=0x00000001
     160955.000 ns	     16094	8000377c	024dedb3	rem	x27,x27,x4	 x27:0x971be000  x4:0x00000000 x27=0x971be000
     160975.000 ns	     16096	80003780	e3fcf193	andi	x3,x25,-449	 x25:0xfffffe36  x3=0xfffffe36
     160985.000 ns	     16097	80003784	001b6bb3	or	x23,x22,x1	 x22:0x95c10000  x1:0x00000001 x23=0x95c10001
     161005.000 ns	     16099	80003788	03368e33	mul	x28,x13,x19	 x13:0x85139010 x19:0x00000000 x28=0x00000000
     161025.000 ns	     16101	8000378c	0052bbb3	sltu	x23,x5,x5	  x5:0x85139000  x5:0x85139000 x23=0x00000000
     161045.000 ns	     16103	80003790	03861d33	mulh	x26,x12,x24	 x12:0x00000000 x24:0x0007fff9 x26=0x00000000
     161415.000 ns	     16140	80003794	03587733	remu	x14,x16,x21	 x16:0x00000000 x21:0x54ab7822 x14=0x00000000
     161435.000 ns	     16142	80003798	0062d313	srli	x6,x5,0x6	  x5:0x85139000  x6=0x02144e40
     161455.000 ns	     16144	8000379c	2187aed3	fsgnjx.s	f29,f15,f24	 f15:0x7fc00000 f24:0x3f800000 f29=0x7fc00000
     161485.000 ns	     16147	800037a0	299099d3	fmax.s	f19,f1,f25	  f1:0x7fc00000 f25:0xcf000410 f19=0xcf000410
     161515.000 ns	     16150	800037a4	029b66b3	rem	x13,x22,x9	 x22:0x95c10000  x9:0x00000000 x13=0x95c10000
     161535.000 ns	     16152	800037a8	91306313	ori	x6,x0,-1773	  x0:0x00000000  x6=0xfffff913
     161555.000 ns	     16154	800037ac	a1c5acd3	feq.s	x25,f11,f28	 f11:0x4f7fffff f28:0x271284e7 x25=0x00000000
     161575.000 ns	     16156	800037b0	013b96b3	sll	x13,x23,x19	 x23:0x00000000 x19:0x00000000 x13=0x00000000
     161585.000 ns	     16157	800037b4	b8ad4513	xori	x10,x26,-1142	 x26:0x00000000 x10=0xfffffb8a
     161945.000 ns	     16193	800037b8	032afe33	remu	x28,x21,x18	 x21:0x54ab7822 x18:0x0000008b x28=0x0000007f
     161965.000 ns	     16195	800037bc	00000013	addi	x0,x0,0	  x0:0x00000000
     161985.000 ns	     16197	800037c0	a02c0b53	fle.s	x22,f24,f2	 f24:0x3f800000  f2:0x31800000 x22=0x00000000
     162015.000 ns	     16200	800037c4	28b30753	fmin.s	f14,f6,f11	  f6:0xcf000410 f11:0x4f7fffff f14=0xcf000410
     162035.000 ns	     16202	800037c8	03c9bc93	sltiu	x25,x19,60	 x19:0x00000000 x25=0x00000001
     162055.000 ns	     16204	800037cc	a0c38753	fle.s	x14,f7,f12	  f7:0x7fc00000 f12:0x4f000410 x14=0x00000000
     162075.000 ns	     16206	800037d0	00b193b3	sll	x7,x3,x11	  x3:0xfffffe36 x11:0x80040fe4  x7=0xffffe360
     162085.000 ns	     16207	800037d4	0158deb3	srl	x29,x17,x21	 x17:0x7fc00000 x21:0x54ab7822 x29=0x1ff00000
     162445.000 ns	     16243	800037d8	02a4c633	div	x12,x9,x10	  x9:0x00000000 x10:0xfffffb8a x12=0x00000000
     162485.000 ns	     16247	800037dc	18d7fc53	fdiv.s	f24,f15,f13	 f15:0x7fc00000 f13:0x449ec000 f24=0x7fc00000
     162855.000 ns	     16284	800037e0	02307fb3	remu	x31,x0,x3	  x0:0x00000000  x3:0xfffffe36 x31=0x00000000
     162875.000 ns	     16286	800037e4	01821333	sll	x6,x4,x24	  x4:0x00000000 x24:0x0007fff9  x6=0x00000000
     162905.000 ns	     16289	800037e8	192efb53	fdiv.s	f22,f29,f18	 f29:0x7fc00000 f18:0x7fc00000 f22=0x7fc00000
     162925.000 ns	     16291	800037ec	01b924b3	slt	x9,x18,x27	 x18:0x0000008b x27:0x971be000  x9=0x00000000
     162935.000 ns	     16292	800037f0	01b347b3	xor	x15,x6,x27	  x6:0x00000000 x27:0x971be000 x15=0x971be000
     162965.000 ns	     16295	800037f4	191af6d3	fdiv.s	f13,f21,f17	 f21:0x7fc00000 f17:0x4f000410 f13=0x7fc00000
     162985.000 ns	     16297	800037f8	009b94b3	sll	x9,x23,x9	 x23:0x00000000  x9:0x00000000  x9=0x00000000
     163015.000 ns	     16300	800037fc	11287c53	fmul.s	f24,f16,f18	 f16:0x7fc00000 f18:0x7fc00000 f24=0x7fc00000
     163035.000 ns	     16302	80003800	419b5893	srai	x17,x22,0x19	 x22:0x00000000 x17=0x00000000
     163045.000 ns	     16303	80003804	0179b333	sltu	x6,x19,x23	 x19:0x00000000 x23:0x00000000  x6=0x00000000
     163065.000 ns	     16305	80003808	d01008d3	fcvt.s.wu	f17,x0	  x0:0x00000000 f17=0x00000000
     163095.000 ns	     16308	8000380c	d0117253	fcvt.s.wu	f4,x2	  x2:0x00000010  f4=0x41800000
     163115.000 ns	     16310	80003810	333eedb7	lui	x27,0x333ee	 x27=0x333ee000
     163475.000 ns	     16346	80003814	0254c633	div	x12,x9,x5	  x9:0x00000000  x5:0x85139000 x12=0x00000000
     163495.000 ns	     16348	80003818	0017b1b3	sltu	x3,x15,x1	 x15:0x971be000  x1:0x00000001  x3=0x00000000
     163505.000 ns	     16349	8000381c	00a73c33	sltu	x24,x14,x10	 x14:0x00000000 x10:0xfffffb8a x24=0x00000001
     163525.000 ns	     16351	80003820	a07d2053	feq.s	x0,f26,f7	 f26:0x00000000  f7:0x7fc00000
     163545.000 ns	     16353	80003824	00dc2bb3	slt	x23,x24,x13	 x24:0x0007fff9 x13:0x00000000 x23=0x00000000
     163585.000 ns	     16357	80003828	00150f53	fadd.s	f30,f10,f1	 f10:0x2de08800  f1:0x7fc00000 f30=0x7fc00000
     163615.000 ns	     16360	8000382c	c01f3c53	fcvt.wu.s	x24,f30	 f30:0x4f000410 x24=0xffffffff
     163655.000 ns	     16364	80003830	580df153	fsqrt.s	f2,f27	 f27:0xcefff7df  f2=0x7fc00000
     163685.000 ns	     16367	80003834	c0084553	fcvt.w.s	x10,f16	 f16:0x7fc00000 x10=0x7fffffff
     163715.000 ns	     16370	80003838	a09f86d3	fle.s	x13,f31,f9	 f31:0xffffffff  f9:0x7fc00000 x13=0x00000000
     163735.000 ns	     16372	8000383c	2f44a313	slti	x6,x9,756	  x9:0x00000000  x6=0x00000001
     163755.000 ns	     16374	80003840	03a64eb3	div	x29,x12,x26	 x12:0x00000000 x26:0x00000000 x29=0xffffffff
     163785.000 ns	     16377	80003844	a1922353	feq.s	x6,f4,f25	  f4:0x41800000 f25:0xcf000410  x6=0x00000000
     163815.000 ns	     16380	80003848	21898bd3	fsgnj.s	f23,f19,f24	 f19:0xcf000410 f24:0x7fc00000 f23=0x4f000410
     163845.000 ns	     16383	8000384c	a1158cd3	fle.s	x25,f11,f17	 f11:0x4f7fffff f17:0x00000000 x25=0x00000000
     163865.000 ns	     16385	80003850	01054733	xor	x14,x10,x16	 x10:0x7fffffff x16:0x00000000 x14=0x7fffffff
     163885.000 ns	     16387	80003854	e0088e53	fmv.x.w	x28,f17	 f17:0x00000000 x28=0x00000000
     163905.000 ns	     16389	80003858	0141fb33	and	x22,x3,x20	  x3:0x00000000 x20:0x00000001 x22=0x00000000
     163925.000 ns	     16391	8000385c	215f05d3	fsgnj.s	f11,f30,f21	 f30:0x7fc00000 f21:0x7fc00000 f11=0x7fc00000
     163955.000 ns	     16394	80003860	f00b04d3	fmv.w.x	f9,x22	 x22:0x00000000  f9=0x00000000
     163975.000 ns	     16396	80003864	00000013	addi	x0,x0,0	  x0:0x00000000
     163995.000 ns	     16398	80003868	20b2a7d3	fsgnjx.s	f15,f5,f11	  f5:0x3629875c f11:0x7fc00000 f15=0x3629875c
     164015.000 ns	     16400	8000386c	593ec113	xori	x2,x29,1427	 x29:0xffffffff  x2=0xfffffa6c
     164035.000 ns	     16402	80003870	c011b7d3	fcvt.wu.s	x15,f3	  f3:0x7fc00000 x15=0xffffffff
     164055.000 ns	     16404	80003874	002212b3	sll	x5,x4,x2	  x4:0x00000000  x2:0x00000010  x5=0x00000000
     164075.000 ns	     16406	80003878	03c5c2b3	div	x5,x11,x28	 x11:0x80040fe4 x28:0x00000000  x5=0xffffffff
     164095.000 ns	     16408	8000387c	4112d833	sra	x16,x5,x17	  x5:0x85139000 x17:0x00000000 x16=0xffffffff
     164115.000 ns	     16410	80003880	203c0653	fsgnj.s	f12,f24,f3	 f24:0x7fc00000  f3:0x7fc00000 f12=0x7fc00000
     164145.000 ns	     16413	80003884	20421e53	fsgnjn.s	f28,f4,f4	  f4:0x41800000  f4:0x41800000 f28=0xc1800000
     164165.000 ns	     16415	80003888	00000013	addi	x0,x0,0	  x0:0x00000000
     164185.000 ns	     16417	8000388c	a18c0253	fle.s	x4,f24,f24	 f24:0x7fc00000 f24:0x7fc00000  x4=0x00000000
     164205.000 ns	     16419	80003890	01f4f533	and	x10,x9,x31	  x9:0x00000000 x31:0x00000000 x10=0x00000000
     164215.000 ns	     16420	80003894	009333b3	sltu	x7,x6,x9	  x6:0x00000000  x9:0x00000000  x7=0x00000000
     164225.000 ns	     16421	80003898	00000013	addi	x0,x0,0	  x0:0x00000000
     164255.000 ns	     16424	8000389c	58074753	fsqrt.s	f14,f14	 f14:0xcf000410 f14=0x7fc00000
     164285.000 ns	     16427	800038a0	293d8a53	fmin.s	f20,f27,f19	 f27:0xcefff7df f19:0xcf000410 f20=0xcf000410
     164315.000 ns	     16430	800038a4	029b46b3	div	x13,x22,x9	 x22:0x00000000  x9:0x00000000 x13=0xffffffff
     164335.000 ns	     16432	800038a8	00695393	srli	x7,x18,0x6	 x18:0x0000008b  x7=0x00000002
     164355.000 ns	     16434	800038ac	e00e1c53	fclass.s	x24,f28	 f28:0xc1800000 x24=0x00000002
     164395.000 ns	     16438	800038b0	192579d3	fdiv.s	f19,f10,f18	 f10:0x2de08800 f18:0x7fc00000 f19=0x7fc00000
     164435.000 ns	     16442	800038b4	580f97d3	fsqrt.s	f15,f31	 f31:0xffffffff f15=0x7fc00000
     164465.000 ns	     16445	800038b8	03abfbb3	remu	x23,x23,x26	 x23:0x00000000 x26:0x00000000 x23=0x00000000
     164495.000 ns	     16448	800038bc	02c20633	mul	x12,x4,x12	  x4:0x00000000 x12:0x00000000 x12=0x00000000
     164525.000 ns	     16451	800038c0	029f5533	divu	x10,x30,x9	 x30:0x80041024  x9:0x00000000 x10=0xffffffff
     164555.000 ns	     16454	800038c4	20f89dd3	fsgnjn.s	f27,f17,f15	 f17:0x00000000 f15:0x7fc00000 f27=0x80000000
     164585.000 ns	     16457	800038c8	29bc1853	fmax.s	f16,f24,f27	 f24:0x7fc00000 f27:0xcefff7df f16=0x80000000
     164605.000 ns	     16459	800038cc	007f0233	add	x4,x30,x7	 x30:0x80041024  x7:0x00000002  x4=0x80041026
     164625.000 ns	     16461	800038d0	03f489b3	mul	x19,x9,x31	  x9:0x00000000 x31:0x00000000 x19=0x00000000
     164655.000 ns	     16464	800038d4	288294d3	fmax.s	f9,f5,f8	  f5:0x3629875c  f8:0xb1800000  f9=0x3629875c
     164685.000 ns	     16467	800038d8	a0689153	flt.s	x2,f17,f6	 f17:0x00000000  f6:0xcf000410  x2=0x00000000
     164715.000 ns	     16470	800038dc	d0020fd3	fcvt.s.w	f31,x4	  x4:0x80041026 f31=0xcefff7df
     164765.000 ns	     16475	800038e0	09f944d3	fsub.s	f9,f18,f31	 f18:0x7fc00000 f31:0xffffffff  f9=0x7fc00000
     164785.000 ns	     16477	800038e4	00e718b3	sll	x17,x14,x14	 x14:0x7fffffff x14:0x7fffffff x17=0x80000000
     164805.000 ns	     16479	800038e8	281c81d3	fmin.s	f3,f25,f1	 f25:0xcf000410  f1:0x7fc00000  f3=0xcf000410
     164825.000 ns	     16481	800038ec	000971b3	and	x3,x18,x0	 x18:0x0000008b  x0:0x00000000  x3=0x00000000
     164845.000 ns	     16483	800038f0	0334f033	remu	x0,x9,x19	  x9:0x00000000 x19:0x00000000
     164875.000 ns	     16486	800038f4	f0068053	fmv.w.x	f0,x13	 x13:0xffffffff  f0=0xffffffff
     164905.000 ns	     16489	800038f8	c001f653	fcvt.w.s	x12,f3	  f3:0xcf000410 x12=0x80000000
     164925.000 ns	     16491	800038fc	01dfcbb3	xor	x23,x31,x29	 x31:0x00000000 x29:0xffffffff x23=0xffffffff
     164935.000 ns	     16492	80003900	00efbbb3	sltu	x23,x31,x14	 x31:0x00000000 x14:0x7fffffff x23=0x00000001
     164955.000 ns	     16494	80003904	21a1a7d3	fsgnjx.s	f15,f3,f26	  f3:0xcf000410 f26:0x00000000 f15=0xcf000410
     164985.000 ns	     16497	80003908	02859733	mulh	x14,x11,x8	 x11:0x80040fe4  x8:0x00000000 x14=0x00000000
     165015.000 ns	     16500	8000390c	d01e7ad3	fcvt.s.wu	f21,x28	 x28:0x00000000 f21=0x00000000
     165035.000 ns	     16502	80003910	0148e533	or	x10,x17,x20	 x17:0x80000000 x20:0x00000001 x10=0x80000001
     165055.000 ns	     16504	80003914	f00709d3	fmv.w.x	f19,x14	 x14:0x00000000 f19=0x00000000
     165085.000 ns	     16507	80003918	02d13333	mulhu	x6,x2,x13	  x2:0x00000000 x13:0xffffffff  x6=0x00000000
     165115.000 ns	     16510	8000391c	02205bb3	divu	x23,x0,x2	  x0:0x00000000  x2:0x00000000 x23=0xffffffff
     165145.000 ns	     16513	80003920	a0ec1d53	flt.s	x26,f24,f14	 f24:0x7fc00000 f14:0x7fc00000 x26=0x00000000
     165175.000 ns	     16516	80003924	20f71153	fsgnjn.s	f2,f14,f15	 f14:0x7fc00000 f15:0xcf000410  f2=0x7fc00000
     165205.000 ns	     16519	80003928	c01c1553	fcvt.wu.s	x10,f24	 f24:0x7fc00000 x10=0xffffffff
     165225.000 ns	     16521	8000392c	01285e13	srli	x28,x16,0x12	 x16:0xffffffff x28=0x00003fff
     165235.000 ns	     16522	80003930	00953a33	sltu	x20,x10,x9	 x10:0xffffffff  x9:0x00000000 x20=0x00000000
     165245.000 ns	     16523	80003934	0001a933	slt	x18,x3,x0	  x3:0x00000000  x0:0x00000000 x18=0x00000000
     165255.000 ns	     16524	80003938	015437b3	sltu	x15,x8,x21	  x8:0x00000000 x21:0x54ab7822 x15=0x00000001
     165275.000 ns	     16526	8000393c	e00798d3	fclass.s	x17,f15	 f15:0xcf000410 x17=0x00000002
     165295.000 ns	     16528	80003940	00148133	add	x2,x9,x1	  x9:0x00000000  x1:0x00000001  x2=0x00000001
     165305.000 ns	     16529	80003944	0063c2b3	xor	x5,x7,x6	  x7:0x00000002  x6:0x00000000  x5=0x00000002
     165325.000 ns	     16531	80003948	201f9bd3	fsgnjn.s	f23,f31,f1	 f31:0xcefff7df  f1:0x7fc00000 f23=0xcefff7df
     165355.000 ns	     16534	8000394c	280d8353	fmin.s	f6,f27,f0	 f27:0x80000000  f0:0xffffffff  f6=0x80000000
     165395.000 ns	     16538	80003950	58058bd3	fsqrt.s	f23,f11	 f11:0x7fc00000 f23=0x7fc00000
     165425.000 ns	     16541	80003954	e00c06d3	fmv.x.w	x13,f24	 f24:0x7fc00000 x13=0x7fc00000
     165445.000 ns	     16543	80003958	c206fc93	andi	x25,x13,-992	 x13:0xffffffff x25=0x7fc00000
     165455.000 ns	     16544	8000395c	00d1ee33	or	x28,x3,x13	  x3:0x00000000 x13:0x7fc00000 x28=0x7fc00000
     165465.000 ns	     16545	80003960	00e6a613	slti	x12,x13,14	 x13:0x7fc00000 x12=0x00000000
     165475.000 ns	     16546	80003964	717fb813	sltiu	x16,x31,1815	 x31:0x00000000 x16=0x00000001
     165485.000 ns	     16547	80003968	41275d93	srai	x27,x14,0x12	 x14:0x00000000 x27=0x00000000
     165505.000 ns	     16549	8000396c	0309b3b3	mulhu	x7,x19,x16	 x19:0x00000000 x16:0xffffffff  x7=0x00000000
     165525.000 ns	     16551	80003970	aa383b13	sltiu	x22,x16,-1373	 x16:0x00000001 x22=0x00000001
     165545.000 ns	     16553	80003974	a0f7a1d3	feq.s	x3,f15,f15	 f15:0xcf000410 f15:0xcf000410  x3=0x00000001
     165595.000 ns	     16558	80003978	00b374d3	fadd.s	f9,f6,f11	  f6:0x80000000 f11:0x7fc00000  f9=0x7fc00000
     165615.000 ns	     16560	8000397c	40be5e93	srai	x29,x28,0xb	 x28:0x7fc00000 x29=0x000ff800
     165635.000 ns	     16562	80003980	f00687d3	fmv.w.x	f15,x13	 x13:0x7fc00000 f15=0x7fc00000
     165675.000 ns	     16566	80003984	10be1653	fmul.s	f12,f28,f11	 f28:0xc1800000 f11:0x7fc00000 f12=0x7fc00000
     165705.000 ns	     16569	80003988	a0a20ed3	fle.s	x29,f4,f10	  f4:0x41800000 f10:0x2de08800 x29=0x00000000
     165745.000 ns	     16573	8000398c	1827fad3	fdiv.s	f21,f15,f2	 f15:0x7fc00000  f2:0x7fc00000 f21=0x7fc00000
     165775.000 ns	     16576	80003990	2154ad53	fsgnjx.s	f26,f9,f21	  f9:0x7fc00000 f21:0x00000000 f26=0x7fc00000
     165795.000 ns	     16578	80003994	0113e033	or	x0,x7,x17	  x7:0x00000000 x17:0x00000002
     165815.000 ns	     16580	80003998	02c3a0b3	mulhsu	x1,x7,x12	  x7:0x00000000 x12:0x00000000  x1=0x00000000
     165845.000 ns	     16583	8000399c	d006fa53	fcvt.s.w	f20,x13	 x13:0x7fc00000 f20=0x4eff8000
     165865.000 ns	     16585	800039a0	00dcadb3	slt	x27,x25,x13	 x25:0x7fc00000 x13:0x7fc00000 x27=0x00000000
     165885.000 ns	     16587	800039a4	207b1d53	fsgnjn.s	f26,f22,f7	 f22:0x7fc00000  f7:0x7fc00000 f26=0xffc00000
     165915.000 ns	     16590	800039a8	f00885d3	fmv.w.x	f11,x17	 x17:0x00000002 f11=0x00000002
     165945.000 ns	     16593	800039ac	d01cc3d3	fcvt.s.wu	f7,x25	 x25:0x7fc00000  f7=0x4eff8000
     165965.000 ns	     16595	800039b0	01dd8733	add	x14,x27,x29	 x27:0x00000000 x29:0x00000000 x14=0x00000000
     165975.000 ns	     16596	800039b4	368e4193	xori	x3,x28,872	 x28:0x7fc00000  x3=0x7fc00368
     166335.000 ns	     16632	800039b8	03747fb3	remu	x31,x8,x23	  x8:0x00000000 x23:0xffffffff x31=0x00000000
     166365.000 ns	     16635	800039bc	c01f7653	fcvt.wu.s	x12,f30	 f30:0x7fc00000 x12=0xffffffff
     166405.000 ns	     16639	800039c0	101df753	fmul.s	f14,f27,f1	 f27:0x80000000  f1:0x7fc00000 f14=0x7fc00000
     166775.000 ns	     16676	800039c4	039359b3	divu	x19,x6,x25	  x6:0x00000000 x25:0x7fc00000 x19=0x00000000
     166795.000 ns	     16678	800039c8	00541d93	slli	x27,x8,0x5	  x8:0x00000000 x27=0x00000000
     166825.000 ns	     16681	800039cc	1176f4d3	fmul.s	f9,f13,f23	 f13:0x7fc00000 f23:0x7fc00000  f9=0x7fc00000
     166845.000 ns	     16683	800039d0	991f2713	slti	x14,x30,-1647	 x30:0x80041024 x14=0x00000001
     166865.000 ns	     16685	800039d4	212ba653	fsgnjx.s	f12,f23,f18	 f23:0x7fc00000 f18:0x7fc00000 f12=0x7fc00000
     166895.000 ns	     16688	800039d8	0359b8b3	mulhu	x17,x19,x21	 x19:0x00000000 x21:0x54ab7822 x17=0x00000000
     166925.000 ns	     16691	800039dc	215886d3	fsgnj.s	f13,f17,f21	 f17:0x00000000 f21:0x7fc00000 f13=0x00000000
     166955.000 ns	     16694	800039e0	a1a48253	fle.s	x4,f9,f26	  f9:0x7fc00000 f26:0xffc00000  x4=0x00000000
     167325.000 ns	     16731	800039e4	02caddb3	divu	x27,x21,x12	 x21:0x54ab7822 x12:0xffffffff x27=0x00000000
     167345.000 ns	     16733	800039e8	3ed18613	addi	x12,x3,1005	  x3:0x7fc00368 x12=0x7fc00755
     167375.000 ns	     16736	800039ec	18ff7fd3	fdiv.s	f31,f30,f15	 f30:0x7fc00000 f15:0x7fc00000 f31=0x7fc00000
     167395.000 ns	     16738	800039f0	02c74093	xori	x1,x14,44	 x14:0x00000001  x1=0x0000002d
     167415.000 ns	     16740	800039f4	296c9153	fmax.s	f2,f25,f22	 f25:0xcf000410 f22:0x7fc00000  f2=0xcf000410
     167445.000 ns	     16743	800039f8	c0197353	fcvt.wu.s	x6,f18	 f18:0x7fc00000  x6=0xffffffff
     167475.000 ns	     16746	800039fc	03070d33	mul	x26,x14,x16	 x14:0x00000001 x16:0x00000001 x26=0x00000001
     167515.000 ns	     16750	80003a00	19197bd3	fdiv.s	f23,f18,f17	 f18:0x7fc00000 f17:0x00000000 f23=0x7fc00000
     167535.000 ns	     16752	80003a04	5e4a8797	auipc	x15,0x5e4a8	 x15=0xde4aba04
     167555.000 ns	     16754	80003a08	03345133	divu	x2,x8,x19	  x8:0x00000000 x19:0x00000000  x2=0xffffffff
     167585.000 ns	     16757	80003a0c	03b2dfb3	divu	x31,x5,x27	  x5:0x00000002 x27:0x00000000 x31=0xffffffff
     167615.000 ns	     16760	80003a10	d01a7d53	fcvt.s.wu	f26,x20	 x20:0x00000000 f26=0x00000000
     167635.000 ns	     16762	80003a14	00000013	addi	x0,x0,0	  x0:0x00000000
     167655.000 ns	     16764	80003a18	c0183153	fcvt.wu.s	x2,f16	 f16:0x80000000  x2=0x00000000
     167685.000 ns	     16767	80003a1c	29231fd3	fmax.s	f31,f6,f18	  f6:0x80000000 f18:0x7fc00000 f31=0x80000000
     167725.000 ns	     16771	80003a20	1963fbd3	fdiv.s	f23,f7,f22	  f7:0x4eff8000 f22:0x7fc00000 f23=0x7fc00000
     167745.000 ns	     16773	80003a24	40555613	srai	x12,x10,0x5	 x10:0xffffffff x12=0xffffffff
     167765.000 ns	     16775	80003a28	29d30bd3	fmin.s	f23,f6,f29	  f6:0x80000000 f29:0x7fc00000 f23=0x80000000
     167795.000 ns	     16778	80003a2c	28e90b53	fmin.s	f22,f18,f14	 f18:0x7fc00000 f14:0x7fc00000 f22=0x7fc00000
     167815.000 ns	     16780	80003a30	407addb3	sra	x27,x21,x7	 x21:0x54ab7822  x7:0x00000000 x27=0x54ab7822
     167835.000 ns	     16782	80003a34	f00f0ad3	fmv.w.x	f21,x30	 x30:0x80041024 f21=0x80041024
     167855.000 ns	     16784	80003a38	15fe0413	addi	x8,x28,351	 x28:0x7fc00000  x8=0x7fc0015f
     167865.000 ns	     16785	80003a3c	020de093	ori	x1,x27,32	 x27:0x54ab7822  x1=0x54ab7822
     167885.000 ns	     16787	80003a40	e00a06d3	fmv.x.w	x13,f20	 f20:0x4eff8000 x13=0x4eff8000
     167915.000 ns	     16790	80003a44	02238d33	mul	x26,x7,x2	  x7:0x00000000  x2:0x00000000 x26=0x00000000
     167935.000 ns	     16792	80003a48	00c8afb3	slt	x31,x17,x12	 x17:0x00000000 x12:0xffffffff x31=0x00000000
     167945.000 ns	     16793	80003a4c	5bfce313	ori	x6,x25,1471	 x25:0x7fc00000  x6=0x7fc005bf
     167955.000 ns	     16794	80003a50	9059c293	xori	x5,x19,-1787	 x19:0x00000000  x5=0xfffff905
     167965.000 ns	     16795	80003a54	01877cb3	and	x25,x14,x24	 x14:0x00000001 x24:0x00000002 x25=0x00000000
     167975.000 ns	     16796	80003a58	f23cb213	sltiu	x4,x25,-221	 x25:0x7fc00000  x4=0x00000001
     169145.000 ns	     16913	80003a5c	580a44d3	fsqrt.s	f9,f20	 f20:0x4eff8000  f9=0x4734d769
     169165.000 ns	     16915	80003a60	35f3e997	auipc	x19,0x35f3e	 x19=0xb5f41a60
     169185.000 ns	     16917	80003a64	a1eaa453	feq.s	x8,f21,f30	 f21:0x80041024 f30:0x7fc00000  x8=0x00000000
     169205.000 ns	     16919	80003a68	40140b33	sub	x22,x8,x1	  x8:0x7fc0015f  x1:0x54ab7822 x22=0xab5487de
     169215.000 ns	     16920	80003a6c	df483213	sltiu	x4,x16,-524	 x16:0x00000001  x4=0x00000001
     169225.000 ns	     16921	80003a70	018a5b93	srli	x23,x20,0x18	 x20:0x00000000 x23=0x00000000
     169235.000 ns	     16922	80003a74	00fa3033	sltu	x0,x20,x15	 x20:0x00000000 x15:0xde4aba04
     169245.000 ns	     16923	80003a78	ecdd3d93	sltiu	x27,x26,-307	 x26:0x00000000 x27=0x00000001
     169265.000 ns	     16925	80003a7c	20d412d3	fsgnjn.s	f5,f8,f13	  f8:0xb1800000 f13:0x00000000  f5=0xb1800000
     169285.000 ns	     16927	80003a80	01899993	slli	x19,x19,0x18	 x19:0xb5f41a60 x19=0x60000000
     169305.000 ns	     16929	80003a84	212e8bd3	fsgnj.s	f23,f29,f18	 f29:0x7fc00000 f18:0x7fc00000 f23=0x7fc00000
     169335.000 ns	     16932	80003a88	29829cd3	fmax.s	f25,f5,f24	  f5:0xb1800000 f24:0x7fc00000 f25=0xb1800000
     169365.000 ns	     16935	80003a8c	a05ca9d3	feq.s	x19,f25,f5	 f25:0xcf000410  f5:0xb1800000 x19=0x00000001
     169415.000 ns	     16940	80003a90	00a14253	fadd.s	f4,f2,f10	  f2:0xcf000410 f10:0x2de08800  f4=0xcf000410
     169445.000 ns	     16943	80003a94	02f8b8b3	mulhu	x17,x17,x15	 x17:0x00000000 x15:0xde4aba04 x17=0x00000000
     169475.000 ns	     16946	80003a98	d017fed3	fcvt.s.wu	f29,x15	 x15:0xde4aba04 f29=0x4f5e4aba
     169505.000 ns	     16949	80003a9c	a09b8853	fle.s	x16,f23,f9	 f23:0x7fc00000  f9:0x4734d769 x16=0x00000000
     169525.000 ns	     16951	80003aa0	40d15e93	srai	x29,x2,0xd	  x2:0x00000000 x29=0x00000000
     169545.000 ns	     16953	80003aa4	a0b592d3	flt.s	x5,f11,f11	 f11:0x00000002 f11:0x00000002  x5=0x00000000
     169575.000 ns	     16956	80003aa8	215e80d3	fsgnj.s	f1,f29,f21	 f29:0x4f5e4aba f21:0x80041024  f1=0xcf5e4aba
     169595.000 ns	     16958	80003aac	0028fd33	and	x26,x17,x2	 x17:0x00000000  x2:0x00000000 x26=0x00000000
     169625.000 ns	     16961	80003ab0	1902f053	fdiv.s	f0,f5,f16	  f5:0xb1800000 f16:0x80000000  f0=0x7f800000
     169655.000 ns	     16964	80003ab4	034e8a33	mul	x20,x29,x20	 x29:0x00000000 x20:0x00000000 x20=0x00000000
     169675.000 ns	     16966	80003ab8	01143c33	sltu	x24,x8,x17	  x8:0x00000000 x17:0x00000000 x24=0x00000000
     169695.000 ns	     16968	80003abc	a1f89b53	flt.s	x22,f17,f31	 f17:0x00000000 f31:0x80000000 x22=0x00000000
     169725.000 ns	     16971	80003ac0	a16318d3	flt.s	x17,f6,f22	  f6:0x80000000 f22:0x7fc00000 x17=0x00000000
     169745.000 ns	     16973	80003ac4	015cfe93	andi	x29,x25,21	 x25:0x00000000 x29=0x00000000
     169755.000 ns	     16974	80003ac8	f63eb413	sltiu	x8,x29,-157	 x29:0x00000000  x8=0x00000001
     169765.000 ns	     16975	80003acc	d21b7e13	andi	x28,x22,-735	 x22:0x00000000 x28=0x00000000
     169795.000 ns	     16978	80003ad0	58020553	fsqrt.s	f10,f4	  f4:0xcf000410 f10=0x7fc00000
     169815.000 ns	     16980	80003ad4	d4eebe93	sltiu	x29,x29,-690	 x29:0x00000000 x29=0x00000001
     169845.000 ns	     16983	80003ad8	580da053	fsqrt.s	f0,f27	 f27:0x80000000  f0=0x80000000
     169865.000 ns	     16985	80003adc	012c0fb3	add	x31,x24,x18	 x24:0x00000000 x18:0x00000000 x31=0x00000000
     169885.000 ns	     16987	80003ae0	032fa2b3	mulhsu	x5,x31,x18	 x31:0x00000000 x18:0x00000000  x5=0x00000000
     169915.000 ns	     16990	80003ae4	038c79b3	remu	x19,x24,x24	 x24:0x00000000 x24:0x00000000 x19=0x00000000
     169945.000 ns	     16993	80003ae8	02765533	divu	x10,x12,x7	 x12:0xffffffff  x7:0x00000000 x10=0xffffffff
     169985.000 ns	     16997	80003aec	18177453	fdiv.s	f8,f14,f1	 f14:0x7fc00000  f1:0xcf5e4aba  f8=0x7fc00000
     170005.000 ns	     16999	80003af0	01b6d893	srli	x17,x13,0x1b	 x13:0x4eff8000 x17=0x00000009
     170035.000 ns	     17002	80003af4	11d07353	fmul.s	f6,f0,f29	  f0:0x80000000 f29:0x4f5e4aba  f6=0x80000000
     170055.000 ns	     17004	80003af8	01c73433	sltu	x8,x14,x28	 x14:0x00000001 x28:0x00000000  x8=0x00000000
     170085.000 ns	     17007	80003afc	5800f7d3	fsqrt.s	f15,f1	  f1:0xcf5e4aba f15=0x7fc00000
     170105.000 ns	     17009	80003b00	b66aa513	slti	x10,x21,-1178	 x21:0x54ab7822 x10=0x00000000
     170465.000 ns	     17045	80003b04	02186233	rem	x4,x16,x1	 x16:0x00000000  x1:0x54ab7822  x4=0x00000000
     170485.000 ns	     17047	80003b08	00f39693	slli	x13,x7,0xf	  x7:0x00000000 x13=0x00000000
     170495.000 ns	     17048	80003b0c	568eafb7	lui	x31,0x568ea	 x31=0x568ea000
     170515.000 ns	     17050	80003b10	a0d59653	flt.s	x12,f11,f13	 f11:0x00000002 f13:0x00000000 x12=0x00000000
     170555.000 ns	     17054	80003b14	117d7853	fmul.s	f16,f26,f23	 f26:0x00000000 f23:0x7fc00000 f16=0x7fc00000
     170585.000 ns	     17057	80003b18	03018cb3	mul	x25,x3,x16	  x3:0x7fc00368 x16:0x00000000 x25=0x00000000
     170615.000 ns	     17060	80003b1c	295211d3	fmax.s	f3,f4,f21	  f4:0xcf000410 f21:0x80041024  f3=0x80041024
     170635.000 ns	     17062	80003b20	40a8d513	srai	x10,x17,0xa	 x17:0x00000009 x10=0x00000000
     170645.000 ns	     17063	80003b24	01f083b3	add	x7,x1,x31	  x1:0x54ab7822 x31:0x568ea000  x7=0xab3a1822
     170655.000 ns	     17064	80003b28	414cda33	sra	x20,x25,x20	 x25:0x00000000 x20:0x00000000 x20=0x00000000
     170675.000 ns	     17066	80003b2c	21f80fd3	fsgnj.s	f31,f16,f31	 f16:0x7fc00000 f31:0x80000000 f31=0xffc00000
     170705.000 ns	     17069	80003b30	c003ca53	fcvt.w.s	x20,f7	  f7:0x4eff8000 x20=0x7fc00000
     170735.000 ns	     17072	80003b34	21332a53	fsgnjx.s	f20,f6,f19	  f6:0x80000000 f19:0x00000000 f20=0x80000000
     170765.000 ns	     17075	80003b38	03035233	divu	x4,x6,x16	  x6:0x7fc005bf x16:0x00000000  x4=0xffffffff
     171135.000 ns	     17112	80003b3c	03fd7d33	remu	x26,x26,x31	 x26:0x00000000 x31:0x568ea000 x26=0x00000000
     171165.000 ns	     17115	80003b40	c00b7353	fcvt.w.s	x6,f22	 f22:0x7fc00000  x6=0x7fffffff
     171195.000 ns	     17118	80003b44	e00198d3	fclass.s	x17,f3	  f3:0x80041024 x17=0x00000004
     171235.000 ns	     17122	80003b48	10317dd3	fmul.s	f27,f2,f3	  f2:0xcf000410  f3:0x80041024 f27=0x0d8208a1
     171265.000 ns	     17125	80003b4c	e00f1353	fclass.s	x6,f30	 f30:0x7fc00000  x6=0x00000200
     171295.000 ns	     17128	80003b50	e0078353	fmv.x.w	x6,f15	 f15:0x7fc00000  x6=0x7fc00000
     171315.000 ns	     17130	80003b54	3fade393	ori	x7,x27,1018	 x27:0x00000001  x7=0x000003fb
     171335.000 ns	     17132	80003b58	29ac8953	fmin.s	f18,f25,f26	 f25:0xb1800000 f26:0x00000000 f18=0xb1800000
     171355.000 ns	     17134	80003b5c	0bdc41b7	lui	x3,0xbdc4	  x3=0x0bdc4000
     171385.000 ns	     17137	80003b60	58084253	fsqrt.s	f4,f16	 f16:0x7fc00000  f4=0x7fc00000
     171405.000 ns	     17139	80003b64	00929533	sll	x10,x5,x9	  x5:0x00000000  x9:0x00000000 x10=0x00000000
     171425.000 ns	     17141	80003b68	03b692b3	mulh	x5,x13,x27	 x13:0x00000000 x27:0x00000001  x5=0x00000000
     171445.000 ns	     17143	80003b6c	000dbcb3	sltu	x25,x27,x0	 x27:0x00000001  x0:0x00000000 x25=0x00000000
     171775.000 ns	     17176	80003b70	1995c353	fdiv.s	f6,f11,f25	 f11:0x00000002 f25:0xb1800000  f6=0x8334b4b6
     171795.000 ns	     17178	80003b74	00000013	addi	x0,x0,0	  x0:0x00000000
     171815.000 ns	     17180	80003b78	0225f533	remu	x10,x11,x2	 x11:0x80040fe4  x2:0x00000000 x10=0x80040fe4
     171845.000 ns	     17183	80003b7c	a17027d3	feq.s	x15,f0,f23	  f0:0x80000000 f23:0x7fc00000 x15=0x00000000
     171895.000 ns	     17188	80003b80	008fcdd3	fadd.s	f27,f31,f8	 f31:0xffc00000  f8:0x7fc00000 f27=0x7fc00000
     171915.000 ns	     17190	80003b84	00930733	add	x14,x6,x9	  x6:0x7fc00000  x9:0x00000000 x14=0x7fc00000
     171925.000 ns	     17191	80003b88	00d0d3b3	srl	x7,x1,x13	  x1:0x54ab7822 x13:0x00000000  x7=0x54ab7822
     171945.000 ns	     17193	80003b8c	d007f0d3	fcvt.s.w	f1,x15	 x15:0x00000000  f1=0x00000000
     171975.000 ns	     17196	80003b90	035c0d33	mul	x26,x24,x21	 x24:0x00000000 x21:0x54ab7822 x26=0x00000000
     172345.000 ns	     17233	80003b94	0212eeb3	rem	x29,x5,x1	  x5:0x00000000  x1:0x54ab7822 x29=0x00000000
     172375.000 ns	     17236	80003b98	a1881253	flt.s	x4,f16,f24	 f16:0x7fc00000 f24:0x7fc00000  x4=0x00000000
     172395.000 ns	     17238	80003b9c	00cced33	or	x26,x25,x12	 x25:0x00000000 x12:0x00000000 x26=0x00000000
     172415.000 ns	     17240	80003ba0	296598d3	fmax.s	f17,f11,f22	 f11:0x00000002 f22:0x7fc00000 f17=0x00000002
     172435.000 ns	     17242	80003ba4	0eeb6b13	ori	x22,x22,238	 x22:0x00000000 x22=0x000000ee
     172455.000 ns	     17244	80003ba8	03afe433	rem	x8,x31,x26	 x31:0x568ea000 x26:0x00000000  x8=0x568ea000
     172475.000 ns	     17246	80003bac	013849b3	xor	x19,x16,x19	 x16:0x00000000 x19:0x00000000 x19=0x00000000
     172485.000 ns	     17247	80003bb0	00941433	sll	x8,x8,x9	  x8:0x568ea000  x9:0x00000000  x8=0x568ea000
     172505.000 ns	     17249	80003bb4	a1e50153	fle.s	x2,f10,f30	 f10:0x7fc00000 f30:0x7fc00000  x2=0x00000000
     172535.000 ns	     17252	80003bb8	2199a653	fsgnjx.s	f12,f19,f25	 f19:0x00000000 f25:0xb1800000 f12=0x80000000
     172575.000 ns	     17256	80003bbc	11661e53	fmul.s	f28,f12,f22	 f12:0x7fc00000 f22:0x7fc00000 f28=0x7fc00000
     172595.000 ns	     17258	80003bc0	2484a093	slti	x1,x9,584	  x9:0x00000000  x1=0x00000001
     172955.000 ns	     17294	80003bc4	02af69b3	rem	x19,x30,x10	 x30:0x80041024 x10:0x80040fe4 x19=0x80041024
     172995.000 ns	     17298	80003bc8	1897ffd3	fdiv.s	f31,f15,f9	 f15:0x7fc00000  f9:0x4734d769 f31=0x7fc00000
     173015.000 ns	     17300	80003bcc	cb879037	lui	x0,0xcb879	
     173025.000 ns	     17301	80003bd0	db0a0b13	addi	x22,x20,-592	 x20:0x7fc00000 x22=0x7fbffdb0
     173035.000 ns	     17302	80003bd4	1d8679b7	lui	x19,0x1d867	 x19=0x1d867000
     173055.000 ns	     17304	80003bd8	a154a753	feq.s	x14,f9,f21	  f9:0x4734d769 f21:0x80041024 x14=0x00000000
     173075.000 ns	     17306	80003bdc	912ef113	andi	x2,x29,-1774	 x29:0x00000000  x2=0x00000000
     173095.000 ns	     17308	80003be0	030a2cb3	mulhsu	x25,x20,x16	 x20:0x7fc00000 x16:0x00000000 x25=0x00000000
     173125.000 ns	     17311	80003be4	c00b70d3	fcvt.w.s	x1,f22	 f22:0x7fc00000  x1=0x7fffffff
     173145.000 ns	     17313	80003be8	505f2a13	slti	x20,x30,1285	 x30:0x80041024 x20=0x00000001
     173165.000 ns	     17315	80003bec	a109ab53	feq.s	x22,f19,f16	 f19:0x00000000 f16:0x7fc00000 x22=0x00000000
     173195.000 ns	     17318	80003bf0	d0027853	fcvt.s.w	f16,x4	  x4:0x00000000 f16=0x00000000
     174375.000 ns	     17436	80003bf4	58088653	fsqrt.s	f12,f17	 f17:0x00000002 f12=0x1f350483
     174395.000 ns	     17438	80003bf8	8babe113	ori	x2,x23,-1862	 x23:0x00000000  x2=0xfffff8ba
     174415.000 ns	     17440	80003bfc	a0b516d3	flt.s	x13,f10,f11	 f10:0x7fc00000 f11:0x00000002 x13=0x00000000
     174445.000 ns	     17443	80003c00	c01779d3	fcvt.wu.s	x19,f14	 f14:0x7fc00000 x19=0xffffffff
     174475.000 ns	     17446	80003c04	c01289d3	fcvt.wu.s	x19,f5	  f5:0xb1800000 x19=0x00000000
     174495.000 ns	     17448	80003c08	01c15013	srli	x0,x2,0x1c	  x2:0xfffff8ba
     174855.000 ns	     17484	80003c0c	034b4db3	div	x27,x22,x20	 x22:0x00000000 x20:0x00000001 x27=0x00000000
     174875.000 ns	     17486	80003c10	1634e637	lui	x12,0x1634e	 x12=0x1634e000
     174885.000 ns	     17487	80003c14	01ebffb3	and	x31,x23,x30	 x23:0x00000000 x30:0x80041024 x31=0x00000000
     174895.000 ns	     17488	80003c18	d3fcb093	sltiu	x1,x25,-705	 x25:0x00000000  x1=0x00000001
     174915.000 ns	     17490	80003c1c	024af6b3	remu	x13,x21,x4	 x21:0x54ab7822  x4:0x00000000 x13=0x54ab7822
     174945.000 ns	     17493	80003c20	02e967b3	rem	x15,x18,x14	 x18:0x00000000 x14:0x00000000 x15=0x00000000
     174965.000 ns	     17495	80003c24	01fe51b3	srl	x3,x28,x31	 x28:0x00000000 x31:0x00000000  x3=0x00000000
     174975.000 ns	     17496	80003c28	3fb74b93	xori	x23,x14,1019	 x14:0x00000000 x23=0x000003fb
     174985.000 ns	     17497	80003c2c	01e6ac33	slt	x24,x13,x30	 x13:0x54ab7822 x30:0x80041024 x24=0x00000000
     174995.000 ns	     17498	80003c30	01699db3	sll	x27,x19,x22	 x19:0x00000000 x22:0x00000000 x27=0x00000000
     175005.000 ns	     17499	80003c34	001f3233	sltu	x4,x30,x1	 x30:0x80041024  x1:0x00000001  x4=0x00000000
     175025.000 ns	     17501	80003c38	e0038e53	fmv.x.w	x28,f7	  f7:0x4eff8000 x28=0x4eff8000
     175055.000 ns	     17504	80003c3c	c019b9d3	fcvt.wu.s	x19,f19	 f19:0x00000000 x19=0x00000000
     175075.000 ns	     17506	80003c40	00000013	addi	x0,x0,0	  x0:0x00000000
     175095.000 ns	     17508	80003c44	03375c33	divu	x24,x14,x19	 x14:0x00000000 x19:0x00000000 x24=0xffffffff
     175115.000 ns	     17510	80003c48	9ce3bf97	auipc	x31,0x9ce3b	 x31=0x1ce3ec48
     175135.000 ns	     17512	80003c4c	e00c1653	fclass.s	x12,f24	 f24:0x7fc00000 x12=0x00000200
     175155.000 ns	     17514	80003c50	016c2db3	slt	x27,x24,x22	 x24:0xffffffff x22:0x00000000 x27=0x00000001
     175175.000 ns	     17516	80003c54	d008f053	fcvt.s.w	f0,x17	 x17:0x00000004  f0=0x40800000
     175205.000 ns	     17519	80003c58	21588dd3	fsgnj.s	f27,f17,f21	 f17:0x00000002 f21:0x80041024 f27=0x80000002
     175225.000 ns	     17521	80003c5c	bcfc06b7	lui	x13,0xbcfc0	 x13=0xbcfc0000
     175245.000 ns	     17523	80003c60	02cdbeb3	mulhu	x29,x27,x12	 x27:0x00000001 x12:0x00000200 x29=0x00000000
     175275.000 ns	     17526	80003c64	a1292253	feq.s	x4,f18,f18	 f18:0xb1800000 f18:0xb1800000  x4=0x00000001
     175305.000 ns	     17529	80003c68	02351cb3	mulh	x25,x10,x3	 x10:0x80040fe4  x3:0x00000000 x25=0x00000000
     175325.000 ns	     17531	80003c6c	01e55a13	srli	x20,x10,0x1e	 x10:0x80040fe4 x20=0x00000002
     175335.000 ns	     17532	80003c70	00861293	slli	x5,x12,0x8	 x12:0x00000200  x5=0x00020000
     175375.000 ns	     17536	80003c74	01602dd3	fadd.s	f27,f0,f22	  f0:0x40800000 f22:0x7fc00000 f27=0x7fc00000
     175405.000 ns	     17539	80003c78	02289cb3	mulh	x25,x17,x2	 x17:0x00000004  x2:0xfffff8ba x25=0xffffffff
     175455.000 ns	     17544	80003c7c	01b67c53	fadd.s	f24,f12,f27	 f12:0x1f350483 f27:0x7fc00000 f24=0x7fc00000
     175485.000 ns	     17547	80003c80	29200d53	fmin.s	f26,f0,f18	  f0:0x40800000 f18:0xb1800000 f26=0xb1800000
     175515.000 ns	     17550	80003c84	21c52953	fsgnjx.s	f18,f10,f28	 f10:0x7fc00000 f28:0x7fc00000 f18=0x7fc00000
     175545.000 ns	     17553	80003c88	034228b3	mulhsu	x17,x4,x20	  x4:0x00000001 x20:0x00000002 x17=0x00000000
     175575.000 ns	     17556	80003c8c	039583b3	mul	x7,x11,x25	 x11:0x80040fe4 x25:0xffffffff  x7=0x7ffbf01c
     175605.000 ns	     17559	80003c90	02ecbe33	mulhu	x28,x25,x14	 x25:0xffffffff x14:0x00000000 x28=0x00000000
     175635.000 ns	     17562	80003c94	c00d9853	fcvt.w.s	x16,f27	 f27:0x7fc00000 x16=0x7fffffff
     175655.000 ns	     17564	80003c98	005f8933	add	x18,x31,x5	 x31:0x1ce3ec48  x5:0x00020000 x18=0x1ce5ec48
     175675.000 ns	     17566	80003c9c	03df1cb3	mulh	x25,x30,x29	 x30:0x80041024 x29:0x00000000 x25=0x00000000
     175705.000 ns	     17569	80003ca0	03339833	mulh	x16,x7,x19	  x7:0x7ffbf01c x19:0x00000000 x16=0x00000000
     175725.000 ns	     17571	80003ca4	013eab33	slt	x22,x29,x19	 x29:0x00000000 x19:0x00000000 x22=0x00000000
     175745.000 ns	     17573	80003ca8	28aa0553	fmin.s	f10,f20,f10	 f20:0x80000000 f10:0x7fc00000 f10=0x80000000
     175775.000 ns	     17576	80003cac	c009f753	fcvt.w.s	x14,f19	 f19:0x00000000 x14=0x00000000
     175795.000 ns	     17578	80003cb0	419fda13	srai	x20,x31,0x19	 x31:0x1ce3ec48 x20=0x0000000e
     175805.000 ns	     17579	80003cb4	00210b33	add	x22,x2,x2	  x2:0xfffff8ba  x2:0xfffff8ba x22=0xfffff174
     175815.000 ns	     17580	80003cb8	00d85bb3	srl	x23,x16,x13	 x16:0x00000000 x13:0xbcfc0000 x23=0x00000000
     175825.000 ns	     17581	80003cbc	015c5293	srli	x5,x24,0x15	 x24:0xffffffff  x5=0x000007ff
     175845.000 ns	     17583	80003cc0	21fb0953	fsgnj.s	f18,f22,f31	 f22:0x7fc00000 f31:0x7fc00000 f18=0x7fc00000
     175865.000 ns	     17585	80003cc4	008fbd33	sltu	x26,x31,x8	 x31:0x1ce3ec48  x8:0x568ea000 x26=0x00000001
     175885.000 ns	     17587	80003cc8	020a4db3	div	x27,x20,x0	 x20:0x0000000e  x0:0x00000000 x27=0xffffffff
     175915.000 ns	     17590	80003ccc	a1650453	fle.s	x8,f10,f22	 f10:0x80000000 f22:0x7fc00000  x8=0x00000000
     175935.000 ns	     17592	80003cd0	01d443b3	xor	x7,x8,x29	  x8:0x568ea000 x29:0x00000000  x7=0x00000000
     175955.000 ns	     17594	80003cd4	c0037853	fcvt.w.s	x16,f6	  f6:0x8334b4b6 x16=0x00000000
     175985.000 ns	     17597	80003cd8	d0102cd3	fcvt.s.wu	f25,x0	  x0:0x00000000 f25=0x00000000
     176015.000 ns	     17600	80003cdc	0324abb3	mulhsu	x23,x9,x18	  x9:0x00000000 x18:0x1ce5ec48 x23=0x00000000
     176035.000 ns	     17602	80003ce0	186c4e93	xori	x29,x24,390	 x24:0xffffffff x29=0xfffffe79
     176045.000 ns	     17603	80003ce4	27547113	andi	x2,x8,629	  x8:0x00000000  x2=0x00000000
     176065.000 ns	     17605	80003ce8	a177add3	feq.s	x27,f15,f23	 f15:0x7fc00000 f23:0x7fc00000 x27=0x00000000
     176095.000 ns	     17608	80003cec	a0792153	feq.s	x2,f18,f7	 f18:0x7fc00000  f7:0x4eff8000  x2=0x00000000
     176115.000 ns	     17610	80003cf0	176a7093	andi	x1,x20,374	 x20:0x0000000e  x1=0x00000006
     176125.000 ns	     17611	80003cf4	af4cb693	sltiu	x13,x25,-1292	 x25:0x00000000 x13=0x00000001
     176155.000 ns	     17614	80003cf8	19e14b53	fdiv.s	f22,f2,f30	  f2:0xcf000410 f30:0x7fc00000 f22=0x7fc00000
     176175.000 ns	     17616	80003cfc	69f3a693	slti	x13,x7,1695	  x7:0x00000000 x13=0x00000001
     176185.000 ns	     17617	80003d00	01458433	add	x8,x11,x20	 x11:0x80040fe4 x20:0x0000000e  x8=0x80040ff2
     176205.000 ns	     17619	80003d04	c01624d3	fcvt.wu.s	x9,f12	 f12:0x1f350483  x9=0x00000000
     176575.000 ns	     17656	80003d08	0287e9b3	rem	x19,x15,x8	 x15:0x00000000  x8:0x00000000 x19=0x00000000
     176605.000 ns	     17659	80003d0c	292282d3	fmin.s	f5,f5,f18	  f5:0xb1800000 f18:0x7fc00000  f5=0xb1800000
     176625.000 ns	     17661	80003d10	01e66db3	or	x27,x12,x30	 x12:0x00000200 x30:0x80041024 x27=0x80041224
     176645.000 ns	     17663	80003d14	039a22b3	mulhsu	x5,x20,x25	 x20:0x0000000e x25:0x00000000  x5=0x00000000
     176665.000 ns	     17665	80003d18	1be14913	xori	x18,x2,446	  x2:0x00000000 x18=0x000001be
     176695.000 ns	     17668	80003d1c	10b20153	fmul.s	f2,f4,f11	  f4:0x7fc00000 f11:0x00000002  f2=0x7fc00000
     176715.000 ns	     17670	80003d20	00000013	addi	x0,x0,0	  x0:0x00000000
     176725.000 ns	     17671	80003d24	01cf7933	and	x18,x30,x28	 x30:0x80041024 x28:0x00000000 x18=0x00000000
     176735.000 ns	     17672	80003d28	f7ba3497	auipc	x9,0xf7ba3	  x9=0x77ba6d28
     176765.000 ns	     17675	80003d2c	18f173d3	fdiv.s	f7,f2,f15	  f2:0x7fc00000 f15:0x7fc00000  f7=0x7fc00000
     176815.000 ns	     17680	80003d30	011bb953	fadd.s	f18,f23,f17	 f23:0x7fc00000 f17:0x00000002 f18=0x7fc00000
     176845.000 ns	     17683	80003d34	a18786d3	fle.s	x13,f15,f24	 f15:0x7fc00000 f24:0x7fc00000 x13=0x00000000
     176865.000 ns	     17685	80003d38	3e2cb113	sltiu	x2,x25,994	 x25:0x00000000  x2=0x00000001
     176875.000 ns	     17686	80003d3c	593fbb93	sltiu	x23,x31,1427	 x31:0x1ce3ec48 x23=0x00000000
     176895.000 ns	     17688	80003d40	21192ed3	fsgnjx.s	f29,f18,f17	 f18:0x7fc00000 f17:0x00000002 f29=0x7fc00000
     176915.000 ns	     17690	80003d44	000bd393	srli	x7,x23,0x0	 x23:0x00000000  x7=0x00000000
     176945.000 ns	     17693	80003d48	115a3f53	fmul.s	f30,f20,f21	 f20:0x80000000 f21:0x80041024 f30=0x00000000
     176965.000 ns	     17695	80003d4c	2b026e17	auipc	x28,0x2b026	 x28=0xab029d4c
     176975.000 ns	     17696	80003d50	00b3e833	or	x16,x7,x11	  x7:0x00000000 x11:0x80040fe4 x16=0x80040fe4
     176995.000 ns	     17698	80003d54	291612d3	fmax.s	f5,f12,f17	 f12:0x1f350483 f17:0x00000002  f5=0x1f350483
     177015.000 ns	     17700	80003d58	016ca233	slt	x4,x25,x22	 x25:0x00000000 x22:0xfffff174  x4=0x00000000
     177035.000 ns	     17702	80003d5c	206d05d3	fsgnj.s	f11,f26,f6	 f26:0xb1800000  f6:0x8334b4b6 f11=0xb1800000
     177055.000 ns	     17704	80003d60	406cda33	sra	x20,x25,x6	 x25:0x00000000  x6:0x7fc00000 x20=0x00000000
     177075.000 ns	     17706	80003d64	a0f00353	fle.s	x6,f0,f15	  f0:0x40800000 f15:0x7fc00000  x6=0x00000000
     177105.000 ns	     17709	80003d68	02fe0eb3	mul	x29,x28,x15	 x28:0xab029d4c x15:0x00000000 x29=0x00000000
     177135.000 ns	     17712	80003d6c	e00c01d3	fmv.x.w	x3,f24	 f24:0x7fc00000  x3=0x7fc00000
     177155.000 ns	     17714	80003d70	00ef5633	srl	x12,x30,x14	 x30:0x80041024 x14:0x00000000 x12=0x80041024
     177185.000 ns	     17717	80003d74	189a7053	fdiv.s	f0,f20,f9	 f20:0x80000000  f9:0x4734d769  f0=0x80000000
     177215.000 ns	     17720	80003d78	20311cd3	fsgnjn.s	f25,f2,f3	  f2:0x7fc00000  f3:0x80041024 f25=0x7fc00000
     177585.000 ns	     17757	80003d7c	030fd433	divu	x8,x31,x16	 x31:0x1ce3ec48 x16:0x80040fe4  x8=0x00000000
     177615.000 ns	     17760	80003d80	294f9ad3	fmax.s	f21,f31,f20	 f31:0x7fc00000 f20:0x80000000 f21=0x80000000
     177645.000 ns	     17763	80003d84	29461fd3	fmax.s	f31,f12,f20	 f12:0x1f350483 f20:0x80000000 f31=0x1f350483
     177675.000 ns	     17766	80003d88	f00382d3	fmv.w.x	f5,x7	  x7:0x00000000  f5=0x00000000
     177715.000 ns	     17770	80003d8c	19339fd3	fdiv.s	f31,f7,f19	  f7:0x7fc00000 f19:0x00000000 f31=0x7fc00000
     177745.000 ns	     17773	80003d90	02786033	rem	x0,x16,x7	 x16:0x80040fe4  x7:0x00000000
     177775.000 ns	     17776	80003d94	a06d8c53	fle.s	x24,f27,f6	 f27:0x7fc00000  f6:0x8334b4b6 x24=0x00000000
     178145.000 ns	     17813	80003d98	0295cb33	div	x22,x11,x9	 x11:0x80040fe4  x9:0x77ba6d28 x22=0xffffffff
     178165.000 ns	     17815	80003d9c	01ae5b93	srli	x23,x28,0x1a	 x28:0xab029d4c x23=0x0000002a
     178175.000 ns	     17816	80003da0	be98e293	ori	x5,x17,-1047	 x17:0x00000000  x5=0xfffffbe9
     178185.000 ns	     17817	80003da4	01e2ec33	or	x24,x5,x30	  x5:0x00000000 x30:0x80041024 x24=0xfffffbed
     178205.000 ns	     17819	80003da8	f0028b53	fmv.w.x	f22,x5	  x5:0x00000000 f22=0xfffffbe9
     178235.000 ns	     17822	80003dac	f00f8f53	fmv.w.x	f30,x31	 x31:0x1ce3ec48 f30=0x1ce3ec48
     178265.000 ns	     17825	80003db0	c011f2d3	fcvt.wu.s	x5,f3	  f3:0x80041024  x5=0x00000000
     178295.000 ns	     17828	80003db4	a0f0a7d3	feq.s	x15,f1,f15	  f1:0x00000000 f15:0x7fc00000 x15=0x00000000
     178315.000 ns	     17830	80003db8	403a5333	sra	x6,x20,x3	 x20:0x00000000  x3:0x7fc00000  x6=0x00000000
     178325.000 ns	     17831	80003dbc	00add833	srl	x16,x27,x10	 x27:0x80041224 x10:0x80040fe4 x16=0x08004122
     178335.000 ns	     17832	80003dc0	00741193	slli	x3,x8,0x7	  x8:0x00000000  x3=0x00000000
     178345.000 ns	     17833	80003dc4	00000013	addi	x0,x0,0	  x0:0x00000000
     178365.000 ns	     17835	80003dc8	20699353	fsgnjn.s	f6,f19,f6	 f19:0x00000000  f6:0x8334b4b6  f6=0x00000000
     178735.000 ns	     17872	80003dcc	03086733	rem	x14,x16,x16	 x16:0x08004122 x16:0x08004122 x14=0x00000000
     178765.000 ns	     17875	80003dd0	a1068153	fle.s	x2,f13,f16	 f13:0x00000000 f16:0x00000000  x2=0x00000001
     178785.000 ns	     17877	80003dd4	cf4d7193	andi	x3,x26,-780	 x26:0x00000001  x3=0x00000000
     178795.000 ns	     17878	80003dd8	01e55bb3	srl	x23,x10,x30	 x10:0x80040fe4 x30:0x80041024 x23=0x080040fe
     178805.000 ns	     17879	80003ddc	00000013	addi	x0,x0,0	  x0:0x00000000
     178825.000 ns	     17881	80003de0	a1e5ae53	feq.s	x28,f11,f30	 f11:0xb1800000 f30:0x1ce3ec48 x28=0x00000000
     178845.000 ns	     17883	80003de4	01ca1c93	slli	x25,x20,0x1c	 x20:0x00000000 x25=0x00000000
     178865.000 ns	     17885	80003de8	a12f1253	flt.s	x4,f30,f18	 f30:0x1ce3ec48 f18:0x7fc00000  x4=0x00000000
     178895.000 ns	     17888	80003dec	03db1eb3	mulh	x29,x22,x29	 x22:0xffffffff x29:0x00000000 x29=0x00000000
     178915.000 ns	     17890	80003df0	0156bfb3	sltu	x31,x13,x21	 x13:0x00000000 x21:0x54ab7822 x31=0x00000001
     178925.000 ns	     17891	80003df4	00000013	addi	x0,x0,0	  x0:0x00000000
     178935.000 ns	     17892	80003df8	418c8bb3	sub	x23,x25,x24	 x25:0x00000000 x24:0xfffffbed x23=0x00000413
     178945.000 ns	     17893	80003dfc	01655313	srli	x6,x10,0x16	 x10:0x80040fe4  x6=0x00000200
     178965.000 ns	     17895	80003e00	03e6acb3	mulhsu	x25,x13,x30	 x13:0x00000000 x30:0x80041024 x25=0x00000000
     178985.000 ns	     17897	80003e04	40398cb3	sub	x25,x19,x3	 x19:0x00000000  x3:0x00000000 x25=0x00000000
     179005.000 ns	     17899	80003e08	28620d53	fmin.s	f26,f4,f6	  f4:0x7fc00000  f6:0x00000000 f26=0x00000000
     179375.000 ns	     17936	80003e0c	03a5cd33	div	x26,x11,x26	 x11:0x80040fe4 x26:0x00000001 x26=0x80040fe4
     179405.000 ns	     17939	80003e10	032572b3	remu	x5,x10,x18	 x10:0x80040fe4 x18:0x00000000  x5=0x80040fe4
     179425.000 ns	     17941	80003e14	00a466b3	or	x13,x8,x10	  x8:0x00000000 x10:0x80040fe4 x13=0x80040fe4
     179445.000 ns	     17943	80003e18	03395cb3	divu	x25,x18,x19	 x18:0x00000000 x19:0x00000000 x25=0xffffffff
     179465.000 ns	     17945	80003e1c	00000013	addi	x0,x0,0	  x0:0x00000000
     179485.000 ns	     17947	80003e20	02178cb3	mul	x25,x15,x1	 x15:0x00000000  x1:0x00000006 x25=0x00000000
     179855.000 ns	     17984	80003e24	022cf0b3	remu	x1,x25,x2	 x25:0xffffffff  x2:0x00000001  x1=0x00000000
     179885.000 ns	     17987	80003e28	20d82c53	fsgnjx.s	f24,f16,f13	 f16:0x00000000 f13:0x00000000 f24=0x00000000
     179915.000 ns	     17990	80003e2c	d00af9d3	fcvt.s.w	f19,x21	 x21:0x54ab7822 f19=0x4ea956f0
     179945.000 ns	     17993	80003e30	e00793d3	fclass.s	x7,f15	 f15:0x7fc00000  x7=0x00000200
     179965.000 ns	     17995	80003e34	410e5333	sra	x6,x28,x16	 x28:0x00000000 x16:0x08004122  x6=0x00000000
     179985.000 ns	     17997	80003e38	a1b98a53	fle.s	x20,f19,f27	 f19:0x4ea956f0 f27:0x7fc00000 x20=0x00000000
     180005.000 ns	     17999	80003e3c	406ede93	srai	x29,x29,0x6	 x29:0x00000000 x29=0x00000000
     180025.000 ns	     18001	80003e40	029ea733	mulhsu	x14,x29,x9	 x29:0x00000000  x9:0x77ba6d28 x14=0x00000000
     180045.000 ns	     18003	80003e44	00fdc0b3	xor	x1,x27,x15	 x27:0x80041224 x15:0x00000000  x1=0x80041224
     180055.000 ns	     18004	80003e48	01698e33	add	x28,x19,x22	 x19:0x00000000 x22:0xffffffff x28=0xffffffff
     180075.000 ns	     18006	80003e4c	28f91953	fmax.s	f18,f18,f15	 f18:0x7fc00000 f15:0x7fc00000 f18=0x7fc00000
     180105.000 ns	     18009	80003e50	21ff90d3	fsgnjn.s	f1,f31,f31	 f31:0x7fc00000 f31:0x7fc00000  f1=0xffc00000
     180135.000 ns	     18012	80003e54	a11f1153	flt.s	x2,f30,f17	 f30:0x1ce3ec48 f17:0x00000002  x2=0x00000000
     180155.000 ns	     18014	80003e58	00000013	addi	x0,x0,0	  x0:0x00000000
     180165.000 ns	     18015	80003e5c	f261fe13	andi	x28,x3,-218	  x3:0x00000000 x28=0x00000000
     180185.000 ns	     18017	80003e60	03509a33	mulh	x20,x1,x21	  x1:0x80041224 x21:0x54ab7822 x20=0xd5ab9c9c
     180235.000 ns	     18022	80003e64	082f2ad3	fsub.s	f21,f30,f2	 f30:0x1ce3ec48  f2:0x7fc00000 f21=0x7fc00000
     180255.000 ns	     18024	80003e68	339e7293	andi	x5,x28,825	 x28:0x00000000  x5=0x00000000
     180265.000 ns	     18025	80003e6c	cae18c93	addi	x25,x3,-850	  x3:0x00000000 x25=0xfffffcae
     180285.000 ns	     18027	80003e70	e00408d3	fmv.x.w	x17,f8	  f8:0x7fc00000 x17=0x7fc00000
     180315.000 ns	     18030	80003e74	a0350853	fle.s	x16,f10,f3	 f10:0x80000000  f3:0x80041024 x16=0x00000000
     180365.000 ns	     18035	80003e78	0941f3d3	fsub.s	f7,f3,f20	  f3:0x80041024 f20:0x80000000  f7=0x80041024
     180735.000 ns	     18072	80003e7c	031d6b33	rem	x22,x26,x17	 x26:0x80040fe4 x17:0x7fc00000 x22=0xffc40fe4
     180765.000 ns	     18075	80003e80	d004b253	fcvt.s.w	f4,x9	  x9:0x77ba6d28  f4=0x4eef74db
     180785.000 ns	     18077	80003e84	4126d893	srai	x17,x13,0x12	 x13:0x80040fe4 x17=0xffffe001
     180795.000 ns	     18078	80003e88	41700c33	sub	x24,x0,x23	  x0:0x00000000 x23:0x00000413 x24=0xfffffbed
     181155.000 ns	     18114	80003e8c	03b6e433	rem	x8,x13,x27	 x13:0x80040fe4 x27:0x80041224  x8=0xfffffdc0
     181185.000 ns	     18117	80003e90	02e26933	rem	x18,x4,x14	  x4:0x00000000 x14:0x00000000 x18=0x00000000
     181205.000 ns	     18119	80003e94	01ac7b33	and	x22,x24,x26	 x24:0xfffffbed x26:0x80040fe4 x22=0x80040be4
     181215.000 ns	     18120	80003e98	32f42cb7	lui	x25,0x32f42	 x25=0x32f42000
     181235.000 ns	     18122	80003e9c	a1691653	flt.s	x12,f18,f22	 f18:0x7fc00000 f22:0xfffffbe9 x12=0x00000000
     181265.000 ns	     18125	80003ea0	200c0fd3	fsgnj.s	f31,f24,f0	 f24:0x00000000  f0:0x80000000 f31=0x80000000
     181295.000 ns	     18128	80003ea4	a1352453	feq.s	x8,f10,f19	 f10:0x80000000 f19:0x4ea956f0  x8=0x00000000
     181315.000 ns	     18130	80003ea8	00ebf333	and	x6,x23,x14	 x23:0x00000413 x14:0x00000000  x6=0x00000000
     181335.000 ns	     18132	80003eac	03ca26b3	mulhsu	x13,x20,x28	 x20:0xd5ab9c9c x28:0x00000000 x13=0x00000000
     181355.000 ns	     18134	80003eb0	41b75993	srai	x19,x14,0x1b	 x14:0x00000000 x19=0x00000000
     181365.000 ns	     18135	80003eb4	00000013	addi	x0,x0,0	  x0:0x00000000
     181375.000 ns	     18136	80003eb8	00901493	slli	x9,x0,0x9	  x0:0x00000000  x9=0x00000000
     181395.000 ns	     18138	80003ebc	a05e1153	flt.s	x2,f28,f5	 f28:0x7fc00000  f5:0x00000000  x2=0x00000000
     181415.000 ns	     18140	80003ec0	011a5133	srl	x2,x20,x17	 x20:0xd5ab9c9c x17:0xffffe001  x2=0x6ad5ce4e
     181435.000 ns	     18142	80003ec4	a1508653	fle.s	x12,f1,f21	  f1:0xffc00000 f21:0x7fc00000 x12=0x00000000
     181455.000 ns	     18144	80003ec8	0037bb33	sltu	x22,x15,x3	 x15:0x00000000  x3:0x00000000 x22=0x00000000
     181475.000 ns	     18146	80003ecc	03c60c33	mul	x24,x12,x28	 x12:0x00000000 x28:0x00000000 x24=0x00000000
     181505.000 ns	     18149	80003ed0	a0dd1953	flt.s	x18,f26,f13	 f26:0x00000000 f13:0x00000000 x18=0x00000000
     181535.000 ns	     18152	80003ed4	f0058453	fmv.w.x	f8,x11	 x11:0x80040fe4  f8=0x80040fe4
     182715.000 ns	     18270	80003ed8	5809c253	fsqrt.s	f4,f19	 f19:0x4ea956f0  f4=0x471339b4
     182735.000 ns	     18272	80003edc	41c958b3	sra	x17,x18,x28	 x18:0x00000000 x28:0x00000000 x17=0x00000000
     182745.000 ns	     18273	80003ee0	006556b3	srl	x13,x10,x6	 x10:0x80040fe4  x6:0x00000000 x13=0x80040fe4
     182765.000 ns	     18275	80003ee4	e00184d3	fmv.x.w	x9,f3	  f3:0x80041024  x9=0x80041024
     182785.000 ns	     18277	80003ee8	40bf80b3	sub	x1,x31,x11	 x31:0x00000001 x11:0x80040fe4  x1=0x7ffbf01d
     182805.000 ns	     18279	80003eec	28ad0453	fmin.s	f8,f26,f10	 f26:0x00000000 f10:0x80000000  f8=0x80000000
     182845.000 ns	     18283	80003ef0	58037353	fsqrt.s	f6,f6	  f6:0x00000000  f6=0x00000000
     182885.000 ns	     18287	80003ef4	580ab253	fsqrt.s	f4,f21	 f21:0x7fc00000  f4=0x7fc00000
     182905.000 ns	     18289	80003ef8	c02a8313	addi	x6,x21,-1022	 x21:0x54ab7822  x6=0x54ab7424
     182915.000 ns	     18290	80003efc	01799633	sll	x12,x19,x23	 x19:0x00000000 x23:0x00000413 x12=0x00000000
     182935.000 ns	     18292	80003f00	e00c0ed3	fmv.x.w	x29,f24	 f24:0x00000000 x29=0x00000000
     182955.000 ns	     18294	80003f04	00797233	and	x4,x18,x7	 x18:0x00000000  x7:0x00000200  x4=0x00000000
     182965.000 ns	     18295	80003f08	d5164213	xori	x4,x12,-687	 x12:0x00000000  x4=0xfffffd51
     182985.000 ns	     18297	80003f0c	e0041bd3	fclass.s	x23,f8	  f8:0x80000000 x23=0x00000008
     183005.000 ns	     18299	80003f10	417ad033	sra	x0,x21,x23	 x21:0x54ab7822 x23:0x00000413
     183025.000 ns	     18301	80003f14	c006fcd3	fcvt.w.s	x25,f13	 f13:0x00000000 x25=0x00000000
     183055.000 ns	     18304	80003f18	296489d3	fmin.s	f19,f9,f22	  f9:0x4734d769 f22:0xfffffbe9 f19=0x4734d769
     183085.000 ns	     18307	80003f1c	c00a74d3	fcvt.w.s	x9,f20	 f20:0x80000000  x9=0x00000000
     183105.000 ns	     18309	80003f20	41668fb3	sub	x31,x13,x22	 x13:0x80040fe4 x22:0x00000000 x31=0x80040fe4
     183115.000 ns	     18310	80003f24	c0a1fc93	andi	x25,x3,-1014	  x3:0x00000000 x25=0x00000000
     183135.000 ns	     18312	80003f28	a0d0add3	feq.s	x27,f1,f13	  f1:0xffc00000 f13:0x00000000 x27=0x00000000
     183165.000 ns	     18315	80003f2c	e00b1a53	fclass.s	x20,f22	 f22:0xfffffbe9 x20=0x00000200
     183185.000 ns	     18317	80003f30	0115c4b3	xor	x9,x11,x17	 x11:0x80040fe4 x17:0x00000000  x9=0x80040fe4
     183225.000 ns	     18321	80003f34	0989f1d3	fsub.s	f3,f19,f24	 f19:0x4734d769 f24:0x00000000  f3=0x4734d769
     183245.000 ns	     18323	80003f38	00303133	sltu	x2,x0,x3	  x0:0x00000000  x3:0x00000000  x2=0x00000000
     183255.000 ns	     18324	80003f3c	41ca51b3	sra	x3,x20,x28	 x20:0x00000200 x28:0x00000000  x3=0x00000200
     183265.000 ns	     18325	80003f40	400e5eb3	sra	x29,x28,x0	 x28:0x00000000  x0:0x00000000 x29=0x00000000
     183305.000 ns	     18329	80003f44	018084d3	fadd.s	f9,f1,f24	  f1:0xffc00000 f24:0x00000000  f9=0x7fc00000
     183325.000 ns	     18331	80003f48	b2a36713	ori	x14,x6,-1238	  x6:0x54ab7424 x14=0xffffff2e
     183685.000 ns	     18367	80003f4c	02416b33	rem	x22,x2,x4	  x2:0x00000000  x4:0xfffffd51 x22=0x00000000
     183705.000 ns	     18369	80003f50	cb618613	addi	x12,x3,-842	  x3:0x00000200 x12=0xfffffeb6
     183715.000 ns	     18370	80003f54	4072d6b3	sra	x13,x5,x7	  x5:0x00000000  x7:0x00000200 x13=0x00000000
     183725.000 ns	     18371	80003f58	60ce6297	auipc	x5,0x60ce6	  x5=0xe0ce9f58
     183735.000 ns	     18372	80003f5c	90b4a797	auipc	x15,0x90b4a	 x15=0x10b4df5c
     183745.000 ns	     18373	80003f60	01581313	slli	x6,x16,0x15	 x16:0x00000000  x6=0x00000000
     183765.000 ns	     18375	80003f64	02e32b33	mulhsu	x22,x6,x14	  x6:0x54ab7424 x14:0xffffff2e x22=0x00000000
     183805.000 ns	     18379	80003f68	19757353	fdiv.s	f6,f10,f23	 f10:0x80000000 f23:0x7fc00000  f6=0x7fc00000
     184175.000 ns	     18416	80003f6c	02eec133	div	x2,x29,x14	 x29:0x00000000 x14:0xffffff2e  x2=0x00000000
     184195.000 ns	     18418	80003f70	019b13b3	sll	x7,x22,x25	 x22:0x00000000 x25:0x00000000  x7=0x00000000
     184215.000 ns	     18420	80003f74	a09fa353	feq.s	x6,f31,f9	 f31:0x80000000  f9:0x7fc00000  x6=0x00000000
     184245.000 ns	     18423	80003f78	028ed633	divu	x12,x29,x8	 x29:0x00000000  x8:0x00000000 x12=0xffffffff
     184275.000 ns	     18426	80003f7c	02413133	mulhu	x2,x2,x4	  x2:0x00000000  x4:0xfffffd51  x2=0x00000000
     184295.000 ns	     18428	80003f80	c5563d13	sltiu	x26,x12,-939	 x12:0xffffffff x26=0x00000000
     184305.000 ns	     18429	80003f84	092f0213	addi	x4,x30,146	 x30:0x80041024  x4=0x800410b6
     184335.000 ns	     18432	80003f88	10ea7e53	fmul.s	f28,f20,f14	 f20:0x80000000 f14:0x7fc00000 f28=0x7fc00000
     184355.000 ns	     18434	80003f8c	019ca2b3	slt	x5,x25,x25	 x25:0x00000000 x25:0x00000000  x5=0x00000000
     184715.000 ns	     18470	80003f90	0299d033	divu	x0,x19,x9	 x19:0x00000000  x9:0x80040fe4
     184735.000 ns	     18472	80003f94	40b008b3	sub	x17,x0,x11	  x0:0x00000000 x11:0x80040fe4 x17=0x7ffbf01c
     184755.000 ns	     18474	80003f98	28538a53	fmin.s	f20,f7,f5	  f7:0x80041024  f5:0x00000000 f20=0x80041024
     184775.000 ns	     18476	80003f9c	007c9d13	slli	x26,x25,0x7	 x25:0x00000000 x26=0x00000000
     184785.000 ns	     18477	80003fa0	4e113d13	sltiu	x26,x2,1249	  x2:0x00000000 x26=0x00000001
     184805.000 ns	     18479	80003fa4	293003d3	fmin.s	f7,f0,f19	  f0:0x80000000 f19:0x4734d769  f7=0x80000000
     184835.000 ns	     18482	80003fa8	f0020ed3	fmv.w.x	f29,x4	  x4:0x800410b6 f29=0x800410b6
     184865.000 ns	     18485	80003fac	d00af7d3	fcvt.s.w	f15,x21	 x21:0x54ab7822 f15=0x4ea956f0
     184885.000 ns	     18487	80003fb0	df5a8313	addi	x6,x21,-523	 x21:0x54ab7822  x6=0x54ab7617
     184895.000 ns	     18488	80003fb4	011bd613	srli	x12,x23,0x11	 x23:0x00000008 x12=0x00000000
     184905.000 ns	     18489	80003fb8	00000013	addi	x0,x0,0	  x0:0x00000000
     184925.000 ns	     18491	80003fbc	e00f98d3	fclass.s	x17,f31	 f31:0x80000000 x17=0x00000008
     184955.000 ns	     18494	80003fc0	035118b3	mulh	x17,x2,x21	  x2:0x00000000 x21:0x54ab7822 x17=0x00000000
     185005.000 ns	     18499	80003fc4	01d498d3	fadd.s	f17,f9,f29	  f9:0x7fc00000 f29:0x800410b6 f17=0x7fc00000
     185035.000 ns	     18502	80003fc8	c00901d3	fcvt.w.s	x3,f18	 f18:0x7fc00000  x3=0x7fffffff
     185055.000 ns	     18504	80003fcc	18fe4b93	xori	x23,x28,399	 x28:0x00000000 x23=0x0000018f
     185085.000 ns	     18507	80003fd0	18087353	fdiv.s	f6,f16,f0	 f16:0x00000000  f0:0x80000000  f6=0x7fc00000
     185105.000 ns	     18509	80003fd4	6d3c4793	xori	x15,x24,1747	 x24:0x00000000 x15=0x000006d3
     185115.000 ns	     18510	80003fd8	a2471117	auipc	x2,0xa2471	  x2=0x22474fd8
     185135.000 ns	     18512	80003fdc	02d74eb3	div	x29,x14,x13	 x14:0xffffff2e x13:0x00000000 x29=0xffffffff
     185165.000 ns	     18515	80003fe0	29a39d53	fmax.s	f26,f7,f26	  f7:0x80000000 f26:0x00000000 f26=0x00000000
     185185.000 ns	     18517	80003fe4	21104b13	xori	x22,x0,529	  x0:0x00000000 x22=0x00000211
     185195.000 ns	     18518	80003fe8	0137c433	xor	x8,x15,x19	 x15:0x000006d3 x19:0x00000000  x8=0x000006d3
     185235.000 ns	     18522	80003fec	0836fcd3	fsub.s	f25,f13,f3	 f13:0x00000000  f3:0x4734d769 f25=0xc734d769
     185265.000 ns	     18525	80003ff0	a05c2ed3	feq.s	x29,f24,f5	 f24:0x00000000  f5:0x00000000 x29=0x00000001
     185295.000 ns	     18528	80003ff4	d002fed3	fcvt.s.w	f29,x5	  x5:0x00000000 f29=0x00000000
     185315.000 ns	     18530	80003ff8	fb000d13	addi	x26,x0,-80	  x0:0x00000000 x26=0xffffffb0
     185325.000 ns	     18531	80003ffc	00405a13	srli	x20,x0,0x4	  x0:0x00000000 x20=0x00000000
     185335.000 ns	     18532	80004000	0052d093	srli	x1,x5,0x5	  x5:0x00000000  x1=0x00000000
     185695.000 ns	     18568	80004004	03ab5a33	divu	x20,x22,x26	 x22:0x00000211 x26:0xffffffb0 x20=0x00000000
     185725.000 ns	     18571	80004008	d0112253	fcvt.s.wu	f4,x2	  x2:0x22474fd8  f4=0x4e091d40
     185755.000 ns	     18574	8000400c	28a18b53	fmin.s	f22,f3,f10	  f3:0x4734d769 f10:0x80000000 f22=0x80000000
     185785.000 ns	     18577	80004010	03d59d33	mulh	x26,x11,x29	 x11:0x80040fe4 x29:0x00000001 x26=0xffffffff
     185805.000 ns	     18579	80004014	00866533	or	x10,x12,x8	 x12:0x00000000  x8:0x000006d3 x10=0x000006d3
     185815.000 ns	     18580	80004018	00000013	addi	x0,x0,0	  x0:0x00000000
     185855.000 ns	     18584	8000401c	01700353	fadd.s	f6,f0,f23	  f0:0x80000000 f23:0x7fc00000  f6=0x7fc00000
     185875.000 ns	     18586	80004020	67b7c7b7	lui	x15,0x67b7c	 x15=0x67b7c000
     185885.000 ns	     18587	80004024	56847713	andi	x14,x8,1384	  x8:0x000006d3 x14=0x00000440
     185905.000 ns	     18589	80004028	a0e19053	flt.s	x0,f3,f14	  f3:0x4734d769 f14:0x7fc00000
     185935.000 ns	     18592	8000402c	f00209d3	fmv.w.x	f19,x4	  x4:0x800410b6 f19=0x800410b6
     185965.000 ns	     18595	80004030	d00274d3	fcvt.s.w	f9,x4	  x4:0x800410b6  f9=0xcefff7de
     185985.000 ns	     18597	80004034	013b3cb3	sltu	x25,x22,x19	 x22:0x00000211 x19:0x00000000 x25=0x00000000
     186005.000 ns	     18599	80004038	c01b7053	fcvt.wu.s	x0,f22	 f22:0x80000000
     186025.000 ns	     18601	8000403c	858ffc93	andi	x25,x31,-1960	 x31:0x80040fe4 x25=0x80040840
     186045.000 ns	     18603	80004040	c01d2e53	fcvt.wu.s	x28,f26	 f26:0x00000000 x28=0x00000000
     186065.000 ns	     18605	80004044	3bc94e93	xori	x29,x18,956	 x18:0x00000000 x29=0x000003bc
     186085.000 ns	     18607	80004048	a1cfa9d3	feq.s	x19,f31,f28	 f31:0x80000000 f28:0x7fc00000 x19=0x00000000
     186115.000 ns	     18610	8000404c	03a98833	mul	x16,x19,x26	 x19:0x00000000 x26:0xffffffff x16=0x00000000
     186145.000 ns	     18613	80004050	03059b33	mulh	x22,x11,x16	 x11:0x80040fe4 x16:0x00000000 x22=0x00000000
     186175.000 ns	     18616	80004054	293d9bd3	fmax.s	f23,f27,f19	 f27:0x7fc00000 f19:0x800410b6 f23=0x800410b6
     186195.000 ns	     18618	80004058	b8cb0413	addi	x8,x22,-1140	 x22:0x00000000  x8=0xfffffb8c
     186215.000 ns	     18620	8000405c	28278dd3	fmin.s	f27,f15,f2	 f15:0x4ea956f0  f2:0x7fc00000 f27=0x4ea956f0
     186235.000 ns	     18622	80004060	66bb0b13	addi	x22,x22,1643	 x22:0x00000000 x22=0x0000066b
     186245.000 ns	     18623	80004064	40ab5113	srai	x2,x22,0xa	 x22:0x00000000  x2=0x00000001
     186255.000 ns	     18624	80004068	407a0933	sub	x18,x20,x7	 x20:0x00000000  x7:0x00000000 x18=0x00000000
     186265.000 ns	     18625	8000406c	0024f333	and	x6,x9,x2	  x9:0x80040fe4  x2:0x22474fd8  x6=0x00000000
     186285.000 ns	     18627	80004070	29201dd3	fmax.s	f27,f0,f18	  f0:0x80000000 f18:0x7fc00000 f27=0x80000000
     186305.000 ns	     18629	80004074	013c5493	srli	x9,x24,0x13	 x24:0x00000000  x9=0x00000000
     186325.000 ns	     18631	80004078	e00f8d53	fmv.x.w	x26,f31	 f31:0x80000000 x26=0x80000000
     186355.000 ns	     18634	8000407c	e00c1c53	fclass.s	x24,f24	 f24:0x00000000 x24=0x00000010
     186375.000 ns	     18636	80004080	dde66313	ori	x6,x12,-546	 x12:0x00000000  x6=0xfffffdde
     186735.000 ns	     18672	80004084	02a7c533	div	x10,x15,x10	 x15:0x67b7c000 x10:0x000006d3 x10=0x000f32cf
     186765.000 ns	     18675	80004088	025eaa33	mulhsu	x20,x29,x5	 x29:0x000003bc  x5:0x00000000 x20=0x00000000
     186795.000 ns	     18678	8000408c	293309d3	fmin.s	f19,f6,f19	  f6:0x7fc00000 f19:0x800410b6 f19=0x800410b6
     186815.000 ns	     18680	80004090	0008f2b3	and	x5,x17,x0	 x17:0x00000000  x0:0x00000000  x5=0x00000000
     186825.000 ns	     18681	80004094	00000013	addi	x0,x0,0	  x0:0x00000000
     186845.000 ns	     18683	80004098	03721c33	mulh	x24,x4,x23	  x4:0x800410b6 x23:0x0000018f x24=0xffffff38
     186865.000 ns	     18685	8000409c	55d3ec93	ori	x25,x7,1373	  x7:0x00000000 x25=0x0000055d
     186885.000 ns	     18687	800040a0	207305d3	fsgnj.s	f11,f6,f7	  f6:0x7fc00000  f7:0x80000000 f11=0xffc00000
     186925.000 ns	     18691	800040a4	18627053	fdiv.s	f0,f4,f6	  f4:0x4e091d40  f6:0x7fc00000  f0=0x7fc00000
     186965.000 ns	     18695	800040a8	104c38d3	fmul.s	f17,f24,f4	 f24:0x00000000  f4:0x4e091d40 f17=0x00000000
     186985.000 ns	     18697	800040ac	67674993	xori	x19,x14,1654	 x14:0x00000440 x19=0x00000236
     187015.000 ns	     18700	800040b0	10fe7bd3	fmul.s	f23,f28,f15	 f28:0x7fc00000 f15:0x4ea956f0 f23=0x7fc00000
     187045.000 ns	     18703	800040b4	02bfb833	mulhu	x16,x31,x11	 x31:0x80040fe4 x11:0x80040fe4 x16=0x40040ff4
     187065.000 ns	     18705	800040b8	40add413	srai	x8,x27,0xa	 x27:0x00000000  x8=0x00000000
     187075.000 ns	     18706	800040bc	9c863d13	sltiu	x26,x12,-1592	 x12:0x00000000 x26=0x00000001
     187115.000 ns	     18710	800040c0	004a7cd3	fadd.s	f25,f20,f4	 f20:0x80041024  f4:0x4e091d40 f25=0x4e091d40
     187135.000 ns	     18712	800040c4	29dea893	slti	x17,x29,669	 x29:0x000003bc x17=0x00000000
     187145.000 ns	     18713	800040c8	57df2213	slti	x4,x30,1405	 x30:0x80041024  x4=0x00000001
     187155.000 ns	     18714	800040cc	01520d33	add	x26,x4,x21	  x4:0x800410b6 x21:0x54ab7822 x26=0x54ab7823
     187515.000 ns	     18750	800040d0	03806533	rem	x10,x0,x24	  x0:0x00000000 x24:0xffffff38 x10=0x00000000
     187535.000 ns	     18752	800040d4	41598fb3	sub	x31,x19,x21	 x19:0x00000236 x21:0x54ab7822 x31=0xab548a14
     187555.000 ns	     18754	800040d8	03c28933	mul	x18,x5,x28	  x5:0x00000000 x28:0x00000000 x18=0x00000000
     187585.000 ns	     18757	800040dc	c01f4553	fcvt.wu.s	x10,f30	 f30:0x1ce3ec48 x10=0x00000000
     187605.000 ns	     18759	800040e0	4420fd93	andi	x27,x1,1090	  x1:0x00000000 x27=0x00000000
     187625.000 ns	     18761	800040e4	e0070353	fmv.x.w	x6,f14	 f14:0x7fc00000  x6=0x7fc00000
     187655.000 ns	     18764	800040e8	214b04d3	fsgnj.s	f9,f22,f20	 f22:0x80000000 f20:0x80041024  f9=0x80000000
     187685.000 ns	     18767	800040ec	c00f7c53	fcvt.w.s	x24,f30	 f30:0x1ce3ec48 x24=0x00000000
     187715.000 ns	     18770	800040f0	f0098b53	fmv.w.x	f22,x19	 x19:0x00000236 f22=0x00000236
     187745.000 ns	     18773	800040f4	a11380d3	fle.s	x1,f7,f17	  f7:0x80000000 f17:0x00000000  x1=0x00000001
     187775.000 ns	     18776	800040f8	a1851ed3	flt.s	x29,f10,f24	 f10:0x80000000 f24:0x00000000 x29=0x00000000
     187795.000 ns	     18778	800040fc	00821413	slli	x8,x4,0x8	  x4:0x00000001  x8=0x00000100
     187815.000 ns	     18780	80004100	d01e9153	fcvt.s.wu	f2,x29	 x29:0x00000000  f2=0x00000000
     187835.000 ns	     18782	80004104	81652313	slti	x6,x10,-2026	 x10:0x00000000  x6=0x00000000
     187845.000 ns	     18783	80004108	00f5c333	xor	x6,x11,x15	 x11:0x80040fe4 x15:0x67b7c000  x6=0xe7b3cfe4
     187855.000 ns	     18784	8000410c	01eae533	or	x10,x21,x30	 x21:0x54ab7822 x30:0x80041024 x10=0xd4af7826
     187875.000 ns	     18786	80004110	c0148d53	fcvt.wu.s	x26,f9	  f9:0x80000000 x26=0x00000000
     187895.000 ns	     18788	80004114	e13bb2b7	lui	x5,0xe13bb	  x5=0xe13bb000
     187905.000 ns	     18789	80004118	3687b313	sltiu	x6,x15,872	 x15:0x67b7c000  x6=0x00000000
     187925.000 ns	     18791	8000411c	03807b33	remu	x22,x0,x24	  x0:0x00000000 x24:0x00000000 x22=0x00000000
     187945.000 ns	     18793	80004120	40aa5eb3	sra	x29,x20,x10	 x20:0x00000000 x10:0xd4af7826 x29=0x00000000
     187955.000 ns	     18794	80004124	6f527513	andi	x10,x4,1781	  x4:0x00000001 x10=0x00000001
     187965.000 ns	     18795	80004128	00219293	slli	x5,x3,0x2	  x3:0x7fffffff  x5=0xfffffffc
     187985.000 ns	     18797	8000412c	a02f2cd3	feq.s	x25,f30,f2	 f30:0x1ce3ec48  f2:0x00000000 x25=0x00000000
     188005.000 ns	     18799	80004130	0881c913	xori	x18,x3,136	  x3:0x7fffffff x18=0x7fffff77
     188015.000 ns	     18800	80004134	00119813	slli	x16,x3,0x1	  x3:0x7fffffff x16=0xfffffffe
     188025.000 ns	     18801	80004138	007f4db3	xor	x27,x30,x7	 x30:0x80041024  x7:0x00000000 x27=0x80041024
     188045.000 ns	     18803	8000413c	a1e88bd3	fle.s	x23,f17,f30	 f17:0x00000000 f30:0x1ce3ec48 x23=0x00000001
     188415.000 ns	     18840	80004140	02eedeb3	divu	x29,x29,x14	 x29:0x00000000 x14:0x00000440 x29=0x00000000
     188435.000 ns	     18842	80004144	0009eeb3	or	x29,x19,x0	 x19:0x00000236  x0:0x00000000 x29=0x00000236
     188445.000 ns	     18843	80004148	4064da13	srai	x20,x9,0x6	  x9:0x00000000 x20=0x00000000
     188455.000 ns	     18844	8000414c	005cb8b3	sltu	x17,x25,x5	 x25:0x00000000  x5:0xfffffffc x17=0x00000001
     188475.000 ns	     18846	80004150	208ca7d3	fsgnjx.s	f15,f25,f8	 f25:0x4e091d40  f8:0x80000000 f15=0xce091d40
     188815.000 ns	     18880	80004154	199f1a53	fdiv.s	f20,f30,f25	 f30:0x1ce3ec48 f25:0x4e091d40 f20=0x0de3ec48
     188845.000 ns	     18883	80004158	e00c1453	fclass.s	x8,f24	 f24:0x00000000  x8=0x00000010
     188865.000 ns	     18885	8000415c	41445613	srai	x12,x8,0x14	  x8:0x00000100 x12=0x00000000
     188875.000 ns	     18886	80004160	005d9b33	sll	x22,x27,x5	 x27:0x80041024  x5:0xfffffffc x22=0x40000000
     188895.000 ns	     18888	80004164	026709b3	mul	x19,x14,x6	 x14:0x00000440  x6:0x00000000 x19=0x00000000
     188925.000 ns	     18891	80004168	f00d8ad3	fmv.w.x	f21,x27	 x27:0x80041024 f21=0x80041024
     188955.000 ns	     18894	8000416c	204497d3	fsgnjn.s	f15,f9,f4	  f9:0x80000000  f4:0x4e091d40 f15=0x80000000
     188985.000 ns	     18897	80004170	d00727d3	fcvt.s.w	f15,x14	 x14:0x00000440 f15=0x44880000
     189005.000 ns	     18899	80004174	00a42eb3	slt	x29,x8,x10	  x8:0x00000010 x10:0x00000001 x29=0x00000000
     189025.000 ns	     18901	80004178	e00493d3	fclass.s	x7,f9	  f9:0x80000000  x7=0x00000008
     189045.000 ns	     18903	8000417c	2b652313	slti	x6,x10,694	 x10:0x00000001  x6=0x00000001
     189065.000 ns	     18905	80004180	28219ed3	fmax.s	f29,f3,f2	  f3:0x4734d769  f2:0x00000000 f29=0x4734d769
     189115.000 ns	     18910	80004184	081a06d3	fsub.s	f13,f20,f1	 f20:0x0de3ec48  f1:0xffc00000 f13=0x7fc00000
     189155.000 ns	     18914	80004188	10eca553	fmul.s	f10,f25,f14	 f25:0x4e091d40 f14:0x7fc00000 f10=0x7fc00000
     189185.000 ns	     18917	8000418c	299d93d3	fmax.s	f7,f27,f25	 f27:0x80000000 f25:0x4e091d40  f7=0x4e091d40
     189225.000 ns	     18921	80004190	580afb53	fsqrt.s	f22,f21	 f21:0x80041024 f22=0x7fc00000
     189255.000 ns	     18924	80004194	03a64333	div	x6,x12,x26	 x12:0x00000000 x26:0x00000000  x6=0xffffffff
     189275.000 ns	     18926	80004198	009e0033	add	x0,x28,x9	 x28:0x00000000  x9:0x00000000
     189285.000 ns	     18927	8000419c	00000013	addi	x0,x0,0	  x0:0x00000000
     189295.000 ns	     18928	800041a0	00f3e3b3	or	x7,x7,x15	  x7:0x00000008 x15:0x67b7c000  x7=0x67b7c008
     189315.000 ns	     18930	800041a4	028194b3	mulh	x9,x3,x8	  x3:0x7fffffff  x8:0x00000010  x9=0x00000007
     189335.000 ns	     18932	800041a8	01a458b3	srl	x17,x8,x26	  x8:0x00000010 x26:0x00000000 x17=0x00000010
     189355.000 ns	     18934	800041ac	20b585d3	fsgnj.s	f11,f11,f11	 f11:0xffc00000 f11:0xffc00000 f11=0xffc00000
     189385.000 ns	     18937	800041b0	e00e8553	fmv.x.w	x10,f29	 f29:0x4734d769 x10=0x4734d769
     189405.000 ns	     18939	800041b4	00c5de33	srl	x28,x11,x12	 x11:0x80040fe4 x12:0x00000000 x28=0x80040fe4
     189415.000 ns	     18940	800041b8	00f5d193	srli	x3,x11,0xf	 x11:0x80040fe4  x3=0x00010008
     189425.000 ns	     18941	800041bc	01f2d3b3	srl	x7,x5,x31	  x5:0xfffffffc x31:0xab548a14  x7=0x00000fff
     189435.000 ns	     18942	800041c0	cf032513	slti	x10,x6,-784	  x6:0xffffffff x10=0x00000000
     189445.000 ns	     18943	800041c4	00f602b3	add	x5,x12,x15	 x12:0x00000000 x15:0x67b7c000  x5=0x67b7c000
     189805.000 ns	     18979	800041c8	03735333	divu	x6,x6,x23	  x6:0xffffffff x23:0x00000001  x6=0xffffffff
     189825.000 ns	     18981	800041cc	01a9ec33	or	x24,x19,x26	 x19:0x00000000 x26:0x00000000 x24=0x00000000
     189845.000 ns	     18983	800041d0	037f0533	mul	x10,x30,x23	 x30:0x80041024 x23:0x00000001 x10=0x80041024
     189865.000 ns	     18985	800041d4	015f1033	sll	x0,x30,x21	 x30:0x80041024 x21:0x54ab7822
     189885.000 ns	     18987	800041d8	a1eb9353	flt.s	x6,f23,f30	 f23:0x7fc00000 f30:0x1ce3ec48  x6=0x00000000
     189905.000 ns	     18989	800041dc	407edd93	srai	x27,x29,0x7	 x29:0x00000000 x27=0x00000000
     189915.000 ns	     18990	800041e0	0018dd13	srli	x26,x17,0x1	 x17:0x00000010 x26=0x00000008
     189925.000 ns	     18991	800041e4	9fa95b17	auipc	x22,0x9fa95	 x22=0x1fa991e4
     189935.000 ns	     18992	800041e8	308ab013	sltiu	x0,x21,776	 x21:0x54ab7822
     189945.000 ns	     18993	800041ec	7e11b913	sltiu	x18,x3,2017	  x3:0x00010008 x18=0x00000000
     190305.000 ns	     19029	800041f0	02966c33	rem	x24,x12,x9	 x12:0x00000000  x9:0x00000007 x24=0x00000000
     190345.000 ns	     19033	800041f4	10e191d3	fmul.s	f3,f3,f14	  f3:0x4734d769 f14:0x7fc00000  f3=0x7fc00000
     190365.000 ns	     19035	800041f8	0013da13	srli	x20,x7,0x1	  x7:0x00000fff x20=0x000007ff
     190375.000 ns	     19036	800041fc	23c94417	auipc	x8,0x23c94	  x8=0xa3c981fc
     190385.000 ns	     19037	80004200	9daea413	slti	x8,x29,-1574	 x29:0x00000000  x8=0x00000000
     190395.000 ns	     19038	80004204	019b5c13	srli	x24,x22,0x19	 x22:0x1fa991e4 x24=0x0000000f
     190415.000 ns	     19040	80004208	a0a80853	fle.s	x16,f16,f10	 f16:0x00000000 f10:0x7fc00000 x16=0x00000000
     190435.000 ns	     19042	8000420c	57b1c513	xori	x10,x3,1403	  x3:0x00010008 x10=0x00010573
     190455.000 ns	     19044	80004210	e00e9cd3	fclass.s	x25,f29	 f29:0x4734d769 x25=0x00000040
     190485.000 ns	     19047	80004214	29aa0ad3	fmin.s	f21,f20,f26	 f20:0x0de3ec48 f26:0x00000000 f21=0x00000000
     190505.000 ns	     19049	80004218	412cd1b3	sra	x3,x25,x18	 x25:0x00000040 x18:0x00000000  x3=0x00000040
     190525.000 ns	     19051	8000421c	c0177b53	fcvt.wu.s	x22,f14	 f14:0x7fc00000 x22=0xffffffff
     190545.000 ns	     19053	80004220	8e73f113	andi	x2,x7,-1817	  x7:0x00000fff  x2=0x000008e7
     190905.000 ns	     19089	80004224	025e6d33	rem	x26,x28,x5	 x28:0x80040fe4  x5:0x67b7c000 x26=0xe7bbcfe4
     190935.000 ns	     19092	80004228	20e0ac53	fsgnjx.s	f24,f1,f14	  f1:0xffc00000 f14:0x7fc00000 f24=0xffc00000
     190955.000 ns	     19094	8000422c	4049dc93	srai	x25,x19,0x4	 x19:0x00000000 x25=0x00000000
     190965.000 ns	     19095	80004230	00ea0fb3	add	x31,x20,x14	 x20:0x000007ff x14:0x00000440 x31=0x00000c3f
     190975.000 ns	     19096	80004234	8e68fd93	andi	x27,x17,-1818	 x17:0x00000010 x27=0x00000000
     190995.000 ns	     19098	80004238	c00dfdd3	fcvt.w.s	x27,f27	 f27:0x80000000 x27=0x00000000
     191365.000 ns	     19135	8000423c	02776eb3	rem	x29,x14,x7	 x14:0x00000440  x7:0x00000fff x29=0x00000440
     191385.000 ns	     19137	80004240	01b1d233	srl	x4,x3,x27	  x3:0x00000040 x27:0x00000000  x4=0x00000040
     191405.000 ns	     19139	80004244	209d1e53	fsgnjn.s	f28,f26,f9	 f26:0x00000000  f9:0x80000000 f28=0x00000000
     191435.000 ns	     19142	80004248	d011f6d3	fcvt.s.wu	f13,x3	  x3:0x00000040 f13=0x42800000
     191465.000 ns	     19145	8000424c	e0018dd3	fmv.x.w	x27,f3	  f3:0x7fc00000 x27=0x7fc00000
     191485.000 ns	     19147	80004250	00322eb3	slt	x29,x4,x3	  x4:0x00000040  x3:0x00000040 x29=0x00000000
     191505.000 ns	     19149	80004254	d0162dd3	fcvt.s.wu	f27,x12	 x12:0x00000000 f27=0x00000000
     191525.000 ns	     19151	80004258	0084e7b3	or	x15,x9,x8	  x9:0x00000007  x8:0x00000000 x15=0x00000007
     191855.000 ns	     19184	8000425c	19378153	fdiv.s	f2,f15,f19	 f15:0x44880000 f19:0x800410b6  f2=0xff800000
     191875.000 ns	     19186	80004260	1b00f513	andi	x10,x1,432	  x1:0x00000001 x10=0x00000000
     191885.000 ns	     19187	80004264	29a02993	slti	x19,x0,666	  x0:0x00000000 x19=0x00000001
     191905.000 ns	     19189	80004268	21daa653	fsgnjx.s	f12,f21,f29	 f21:0x00000000 f29:0x4734d769 f12=0x00000000
     191925.000 ns	     19191	8000426c	bbae6313	ori	x6,x28,-1094	 x28:0x80040fe4  x6=0xfffffffe
     191935.000 ns	     19192	80004270	01ca5333	srl	x6,x20,x28	 x20:0x000007ff x28:0x80040fe4  x6=0x0000007f
     191945.000 ns	     19193	80004274	2d842c13	slti	x24,x8,728	  x8:0x00000000 x24=0x00000001
     191955.000 ns	     19194	80004278	e5c62d93	slti	x27,x12,-420	 x12:0x00000000 x27=0x00000000
     191975.000 ns	     19196	8000427c	022522b3	mulhsu	x5,x10,x2	 x10:0x00000000  x2:0x000008e7  x5=0x00000000
     191995.000 ns	     19198	80004280	40130033	sub	x0,x6,x1	  x6:0x0000007f  x1:0x00000001
     192015.000 ns	     19200	80004284	f00109d3	fmv.w.x	f19,x2	  x2:0x000008e7 f19=0x000008e7
     192035.000 ns	     19202	80004288	7d351c17	auipc	x24,0x7d351	 x24=0xfd355288
     192055.000 ns	     19204	8000428c	d012c9d3	fcvt.s.wu	f19,x5	  x5:0x00000000 f19=0x00000000
     192105.000 ns	     19209	80004290	09129b53	fsub.s	f22,f5,f17	  f5:0x00000000 f17:0x00000000 f22=0x80000000
     192135.000 ns	     19212	80004294	032b9b33	mulh	x22,x23,x18	 x23:0x00000001 x18:0x00000000 x22=0x00000000
     192155.000 ns	     19214	80004298	19a8cc17	auipc	x24,0x19a8c	 x24=0x99a90298
     192165.000 ns	     19215	8000429c	028da613	slti	x12,x27,40	 x27:0x00000000 x12=0x00000001
     192185.000 ns	     19217	800042a0	f0098b53	fmv.w.x	f22,x19	 x19:0x00000001 f22=0x00000001
     192225.000 ns	     19221	800042a4	10e907d3	fmul.s	f15,f18,f14	 f18:0x7fc00000 f14:0x7fc00000 f15=0x7fc00000
     192255.000 ns	     19224	800042a8	d009fbd3	fcvt.s.w	f23,x19	 x19:0x00000001 f23=0x3f800000
     192275.000 ns	     19226	800042ac	3eba3e13	sltiu	x28,x20,1003	 x20:0x000007ff x28=0x00000000
     192305.000 ns	     19229	800042b0	1960bad3	fdiv.s	f21,f1,f22	  f1:0xffc00000 f22:0x00000001 f21=0x7fc00000
     192335.000 ns	     19232	800042b4	c001f653	fcvt.w.s	x12,f3	  f3:0x7fc00000 x12=0x7fffffff
     192355.000 ns	     19234	800042b8	00000013	addi	x0,x0,0	  x0:0x00000000
     192375.000 ns	     19236	800042bc	f00786d3	fmv.w.x	f13,x15	 x15:0x00000007 f13=0x00000007
     192405.000 ns	     19239	800042c0	0275a033	mulhsu	x0,x11,x7	 x11:0x80040fe4  x7:0x00000fff
     192425.000 ns	     19241	800042c4	0127dfb3	srl	x31,x15,x18	 x15:0x00000007 x18:0x00000000 x31=0x00000007
     192435.000 ns	     19242	800042c8	ee837c93	andi	x25,x6,-280	  x6:0x0000007f x25=0x00000068
     192455.000 ns	     19244	800042cc	d018f7d3	fcvt.s.wu	f15,x17	 x17:0x00000010 f15=0x41800000
     192475.000 ns	     19246	800042d0	004128b3	slt	x17,x2,x4	  x2:0x000008e7  x4:0x00000040 x17=0x00000000
     192485.000 ns	     19247	800042d4	df4a6e93	ori	x29,x20,-524	 x20:0x000007ff x29=0xffffffff
     192495.000 ns	     19248	800042d8	8f69f093	andi	x1,x19,-1802	 x19:0x00000001  x1=0x00000000
     192515.000 ns	     19250	800042dc	d012f453	fcvt.s.wu	f8,x5	  x5:0x00000000  f8=0x00000000
     192545.000 ns	     19253	800042e0	a06b2153	feq.s	x2,f22,f6	 f22:0x00000001  f6:0x7fc00000  x2=0x00000000
     192575.000 ns	     19256	800042e4	a1122653	feq.s	x12,f4,f17	  f4:0x4e091d40 f17:0x00000000 x12=0x00000000
     192595.000 ns	     19258	800042e8	009a9b93	slli	x23,x21,0x9	 x21:0x54ab7822 x23=0x56f04400
     192955.000 ns	     19294	800042ec	02f57eb3	remu	x29,x10,x15	 x10:0x00000000 x15:0x00000007 x29=0x00000000
     192975.000 ns	     19296	800042f0	4137d093	srai	x1,x15,0x13	 x15:0x00000007  x1=0x00000000
     192985.000 ns	     19297	800042f4	0c7f9617	auipc	x12,0xc7f9	 x12=0x8c7fd2f4
     193005.000 ns	     19299	800042f8	e0018fd3	fmv.x.w	x31,f3	  f3:0x7fc00000 x31=0x7fc00000
     193025.000 ns	     19301	800042fc	c0b1a513	slti	x10,x3,-1013	  x3:0x00000040 x10=0x00000000
     193045.000 ns	     19303	80004300	02219233	mulh	x4,x3,x2	  x3:0x00000040  x2:0x00000000  x4=0x00000000
     193065.000 ns	     19305	80004304	fa170a17	auipc	x20,0xfa170	 x20=0x7a174304
     193075.000 ns	     19306	80004308	70de0313	addi	x6,x28,1805	 x28:0x00000000  x6=0x0000070d
     193095.000 ns	     19308	8000430c	d01c2a53	fcvt.s.wu	f20,x24	 x24:0x99a90298 f20=0x4f19a903
     193115.000 ns	     19310	80004310	001ece33	xor	x28,x29,x1	 x29:0x00000000  x1:0x00000000 x28=0x00000000
     193125.000 ns	     19311	80004314	40d751b3	sra	x3,x14,x13	 x14:0x00000440 x13:0x00000000  x3=0x00000440
     193145.000 ns	     19313	80004318	022a28b3	mulhsu	x17,x20,x2	 x20:0x7a174304  x2:0x00000000 x17=0x00000000
     193165.000 ns	     19315	8000431c	fee0b237	lui	x4,0xfee0b	  x4=0xfee0b000
     193185.000 ns	     19317	80004320	03d05fb3	divu	x31,x0,x29	  x0:0x00000000 x29:0x00000000 x31=0xffffffff
     193205.000 ns	     19319	80004324	91400b13	addi	x22,x0,-1772	  x0:0x00000000 x22=0xfffff914
     193215.000 ns	     19320	80004328	d6eee317	auipc	x6,0xd6eee	  x6=0x56ef2328
     193225.000 ns	     19321	8000432c	00000013	addi	x0,x0,0	  x0:0x00000000
     193245.000 ns	     19323	80004330	03fca0b3	mulhsu	x1,x25,x31	 x25:0x00000068 x31:0xffffffff  x1=0x00000067
     193275.000 ns	     19326	80004334	d0051853	fcvt.s.w	f16,x10	 x10:0x00000000 f16=0x00000000
     193295.000 ns	     19328	80004338	013d1133	sll	x2,x26,x19	 x26:0xe7bbcfe4 x19:0x00000001  x2=0xcf779fc8
     193655.000 ns	     19364	8000433c	0361d133	divu	x2,x3,x22	  x3:0x00000440 x22:0xfffff914  x2=0x00000000
     193675.000 ns	     19366	80004340	06e0e813	ori	x16,x1,110	  x1:0x00000067 x16=0x0000006f
     193685.000 ns	     19367	80004344	1afe2f93	slti	x31,x28,431	 x28:0x00000000 x31=0x00000001
     193705.000 ns	     19369	80004348	d01af7d3	fcvt.s.wu	f15,x21	 x21:0x54ab7822 f15=0x4ea956f0
     194075.000 ns	     19406	8000434c	038fe033	rem	x0,x31,x24	 x31:0xffffffff x24:0x99a90298
     194095.000 ns	     19408	80004350	66345317	auipc	x6,0x66345	  x6=0xe6349350
     194115.000 ns	     19410	80004354	02d858b3	divu	x17,x16,x13	 x16:0x0000006f x13:0x00000000 x17=0xffffffff
     194145.000 ns	     19413	80004358	c01273d3	fcvt.wu.s	x7,f4	  f4:0x4e091d40  x7=0x22475000
     194165.000 ns	     19415	8000435c	001c6eb3	or	x29,x24,x1	 x24:0x99a90298  x1:0x00000067 x29=0x99a902ff
     194175.000 ns	     19416	80004360	01126d33	or	x26,x4,x17	  x4:0xfee0b000 x17:0xffffffff x26=0xffffffff
     194185.000 ns	     19417	80004364	4055d4b3	sra	x9,x11,x5	 x11:0x80040fe4  x5:0x00000000  x9=0x80040fe4
     194205.000 ns	     19419	80004368	d0027cd3	fcvt.s.w	f25,x4	  x4:0xfee0b000 f25=0xcb8fa800
     194225.000 ns	     19421	8000436c	0194ec33	or	x24,x9,x25	  x9:0x00000007 x25:0x00000068 x24=0x80040fec
     194245.000 ns	     19423	80004370	208c1a53	fsgnjn.s	f20,f24,f8	 f24:0xffc00000  f8:0x00000000 f20=0xffc00000
     194265.000 ns	     19425	80004374	01525213	srli	x4,x4,0x15	  x4:0xfee0b000  x4=0x000007f7
     194305.000 ns	     19429	80004378	00fe7fd3	fadd.s	f31,f28,f15	 f28:0x00000000 f15:0x4ea956f0 f31=0x4ea956f0
     194675.000 ns	     19466	8000437c	03694033	div	x0,x18,x22	 x18:0x00000000 x22:0xfffff914
     195045.000 ns	     19503	80004380	0311d333	divu	x6,x3,x17	  x3:0x00000440 x17:0xffffffff  x6=0x00000000
     195065.000 ns	     19505	80004384	00d55933	srl	x18,x10,x13	 x10:0x00000000 x13:0x00000000 x18=0x00000000
     195075.000 ns	     19506	80004388	00f45893	srli	x17,x8,0xf	  x8:0x00000000 x17=0x00000000
     195085.000 ns	     19507	8000438c	41198bb3	sub	x23,x19,x17	 x19:0x00000001 x17:0xffffffff x23=0x00000001
     195105.000 ns	     19509	80004390	02acde33	divu	x28,x25,x10	 x25:0x00000068 x10:0x00000000 x28=0xffffffff
     195125.000 ns	     19511	80004394	008f48b3	xor	x17,x30,x8	 x30:0x80041024  x8:0x00000000 x17=0x80041024
     195145.000 ns	     19513	80004398	025d6833	rem	x16,x26,x5	 x26:0xffffffff  x5:0x00000000 x16=0xffffffff
     196325.000 ns	     19631	8000439c	580f74d3	fsqrt.s	f9,f30	 f30:0x1ce3ec48  f9=0x2daacdeb
     196355.000 ns	     19634	800043a0	e0021453	fclass.s	x8,f4	  f4:0x4e091d40  x8=0x00000040
     196375.000 ns	     19636	800043a4	01100d33	add	x26,x0,x17	  x0:0x00000000 x17:0x80041024 x26=0x80041024
     196385.000 ns	     19637	800043a8	002afeb3	and	x29,x21,x2	 x21:0x54ab7822  x2:0x00000000 x29=0x00000000
     196395.000 ns	     19638	800043ac	40ab8fb3	sub	x31,x23,x10	 x23:0x00000001 x10:0x00000000 x31=0x00000001
     196755.000 ns	     19674	800043b0	03f5d833	divu	x16,x11,x31	 x11:0x80040fe4 x31:0x00000001 x16=0x80040fe4
     196795.000 ns	     19678	800043b4	580ac3d3	fsqrt.s	f7,f21	 f21:0x7fc00000  f7=0x7fc00000
     196825.000 ns	     19681	800043b8	a11423d3	feq.s	x7,f8,f17	  f8:0x00000000 f17:0x00000000  x7=0x00000001
     196845.000 ns	     19683	800043bc	00265313	srli	x6,x12,0x2	 x12:0x8c7fd2f4  x6=0x231ff4bd
     196865.000 ns	     19685	800043c0	03090e33	mul	x28,x18,x16	 x18:0x00000000 x16:0x80040fe4 x28=0x00000000
     196895.000 ns	     19688	800043c4	d0022c53	fcvt.s.w	f24,x4	  x4:0x000007f7 f24=0x44fee000
     197265.000 ns	     19725	800043c8	0350c833	div	x16,x1,x21	  x1:0x00000067 x21:0x54ab7822 x16=0x00000000
     197295.000 ns	     19728	800043cc	20d59d53	fsgnjn.s	f26,f11,f13	 f11:0xffc00000 f13:0x00000007 f26=0xffc00000
     197315.000 ns	     19730	800043d0	b080cb13	xori	x22,x1,-1272	  x1:0x00000067 x22=0xfffffb6f
     197325.000 ns	     19731	800043d4	42854713	xori	x14,x10,1064	 x10:0x00000000 x14=0x00000428
     197345.000 ns	     19733	800043d8	d01c90d3	fcvt.s.wu	f1,x25	 x25:0x00000068  f1=0x42d00000
     197365.000 ns	     19735	800043dc	8ff70cb7	lui	x25,0x8ff70	 x25=0x8ff70000
     197385.000 ns	     19737	800043e0	c0034b53	fcvt.w.s	x22,f6	  f6:0x7fc00000 x22=0x7fffffff
     197405.000 ns	     19739	800043e4	011cfe33	and	x28,x25,x17	 x25:0x00000068 x17:0x80041024 x28=0x80040000
     197415.000 ns	     19740	800043e8	cd56cfb7	lui	x31,0xcd56c	 x31=0xcd56c000
     197425.000 ns	     19741	800043ec	78860f93	addi	x31,x12,1928	 x12:0x8c7fd2f4 x31=0x8c7fda7c
     197435.000 ns	     19742	800043f0	01c23fb3	sltu	x31,x4,x28	  x4:0x000007f7 x28:0x80040000 x31=0x00000001
     197455.000 ns	     19744	800043f4	28551ed3	fmax.s	f29,f10,f5	 f10:0x7fc00000  f5:0x00000000 f29=0x00000000
     197475.000 ns	     19746	800043f8	0096de93	srli	x29,x13,0x9	 x13:0x00000000 x29=0x00000000
     197485.000 ns	     19747	800043fc	013b09b3	add	x19,x22,x19	 x22:0x7fffffff x19:0x00000001 x19=0x80000000
     197495.000 ns	     19748	80004400	0017d993	srli	x19,x15,0x1	 x15:0x00000007 x19=0x00000003
     197855.000 ns	     19784	80004404	0211f4b3	remu	x9,x3,x1	  x3:0x00000440  x1:0x00000067  x9=0x0000003a
     197885.000 ns	     19787	80004408	c0027553	fcvt.w.s	x10,f4	  f4:0x4e091d40 x10=0x22475000
     197905.000 ns	     19789	8000440c	60f50713	addi	x14,x10,1551	 x10:0x00000000 x14=0x2247560f
     197915.000 ns	     19790	80004410	c5bfeb93	ori	x23,x31,-933	 x31:0x00000001 x23=0xfffffc5b
     197925.000 ns	     19791	80004414	01d7f033	and	x0,x15,x29	 x15:0x00000007 x29:0x00000000
     197945.000 ns	     19793	80004418	024c9d33	mulh	x26,x25,x4	 x25:0x8ff70000  x4:0x000007f7 x26=0xfffffc83
     197965.000 ns	     19795	8000441c	01203d33	sltu	x26,x0,x18	  x0:0x00000000 x18:0x00000000 x26=0x00000000
     197975.000 ns	     19796	80004420	5d816393	ori	x7,x2,1496	  x2:0x00000000  x7=0x000005d8
     198015.000 ns	     19800	80004424	084b03d3	fsub.s	f7,f22,f4	 f22:0x00000001  f4:0x4e091d40  f7=0xce091d40
     198035.000 ns	     19802	80004428	b4e62b93	slti	x23,x12,-1202	 x12:0x8c7fd2f4 x23=0x00000001
     198065.000 ns	     19805	8000442c	1026ab53	fmul.s	f22,f13,f2	 f13:0x00000007  f2:0xff800000 f22=0xff800000
     198435.000 ns	     19842	80004430	0210da33	divu	x20,x1,x1	  x1:0x00000067  x1:0x00000067 x20=0x00000001
     198485.000 ns	     19847	80004434	09f819d3	fsub.s	f19,f16,f31	 f16:0x00000000 f31:0x4ea956f0 f19=0xcea956f0
     198505.000 ns	     19849	80004438	59310013	addi	x0,x2,1427	  x2:0x00000000
     198515.000 ns	     19850	8000443c	ca8f7213	andi	x4,x30,-856	 x30:0x80041024  x4=0x80041020
     198535.000 ns	     19852	80004440	e0089ed3	fclass.s	x29,f17	 f17:0x00000000 x29=0x00000010
     198565.000 ns	     19855	80004444	030293b3	mulh	x7,x5,x16	  x5:0x00000000 x16:0x00000000  x7=0x00000000
     198615.000 ns	     19860	80004448	09a1fed3	fsub.s	f29,f3,f26	  f3:0x7fc00000 f26:0xffc00000 f29=0x7fc00000
     198635.000 ns	     19862	8000444c	01381b93	slli	x23,x16,0x13	 x16:0x00000000 x23=0x00000000
     198645.000 ns	     19863	80004450	01be72b3	and	x5,x28,x27	 x28:0x80040000 x27:0x00000000  x5=0x00000000
     198665.000 ns	     19865	80004454	039718b3	mulh	x17,x14,x25	 x14:0x2247560f x25:0x8ff70000 x17=0xf0ff95d7
     198685.000 ns	     19867	80004458	52628b13	addi	x22,x5,1318	  x5:0x00000000 x22=0x00000526
     198695.000 ns	     19868	8000445c	001192b3	sll	x5,x3,x1	  x3:0x00000440  x1:0x00000067  x5=0x00022000
     198715.000 ns	     19870	80004460	28e79453	fmax.s	f8,f15,f14	 f15:0x4ea956f0 f14:0x7fc00000  f8=0x4ea956f0
     198745.000 ns	     19873	80004464	021d09b3	mul	x19,x26,x1	 x26:0x00000000  x1:0x00000067 x19=0x00000000
     198795.000 ns	     19878	80004468	01e479d3	fadd.s	f19,f8,f30	  f8:0x4ea956f0 f30:0x1ce3ec48 f19=0x4ea956f0
     198825.000 ns	     19881	8000446c	21c78653	fsgnj.s	f12,f15,f28	 f15:0x4ea956f0 f28:0x00000000 f12=0x4ea956f0
     198845.000 ns	     19883	80004470	cfe7fd13	andi	x26,x15,-770	 x15:0x00000007 x26=0x00000006
     198855.000 ns	     19884	80004474	406edb33	sra	x22,x29,x6	 x29:0x00000010  x6:0x231ff4bd x22=0x00000000
     198875.000 ns	     19886	80004478	02054eb3	div	x29,x10,x0	 x10:0x22475000  x0:0x00000000 x29=0xffffffff
     198905.000 ns	     19889	8000447c	a10d8fd3	fle.s	x31,f27,f16	 f27:0x00000000 f16:0x00000000 x31=0x00000001
     198935.000 ns	     19892	80004480	d00b9f53	fcvt.s.w	f30,x23	 x23:0x00000000 f30=0x00000000
     198955.000 ns	     19894	80004484	4149d913	srai	x18,x19,0x14	 x19:0x00000000 x18=0x00000000
     198965.000 ns	     19895	80004488	018d91b3	sll	x3,x27,x24	 x27:0x00000000 x24:0x80040fec  x3=0x00000000
     198975.000 ns	     19896	8000448c	4028dd13	srai	x26,x17,0x2	 x17:0xf0ff95d7 x26=0xfc3fe575
     198995.000 ns	     19898	80004490	c012f6d3	fcvt.wu.s	x13,f5	  f5:0x00000000 x13=0x00000000
     199015.000 ns	     19900	80004494	00b2b333	sltu	x6,x5,x11	  x5:0x00022000 x11:0x80040fe4  x6=0x00000001
     199035.000 ns	     19902	80004498	c012b3d3	fcvt.wu.s	x7,f5	  f5:0x00000000  x7=0x00000000
     199075.000 ns	     19906	8000449c	580df753	fsqrt.s	f14,f27	 f27:0x00000000 f14=0x00000000
     199105.000 ns	     19909	800044a0	03dbafb3	mulhsu	x31,x23,x29	 x23:0x00000000 x29:0xffffffff x31=0x00000000
     199135.000 ns	     19912	800044a4	020bebb3	rem	x23,x23,x0	 x23:0x00000000  x0:0x00000000 x23=0x00000000
     199475.000 ns	     19946	800044a8	1930f353	fdiv.s	f6,f1,f19	  f1:0x42d00000 f19:0x4ea956f0  f6=0x33500000
     199505.000 ns	     19949	800044ac	a0398653	fle.s	x12,f19,f3	 f19:0x4ea956f0  f3:0x7fc00000 x12=0x00000000
     199875.000 ns	     19986	800044b0	03ebcdb3	div	x27,x23,x30	 x23:0x00000000 x30:0x80041024 x27=0x00000000
     199905.000 ns	     19989	800044b4	a06d1bd3	flt.s	x23,f26,f6	 f26:0xffc00000  f6:0x33500000 x23=0x00000000
     199925.000 ns	     19991	800044b8	e7168393	addi	x7,x13,-399	 x13:0x00000000  x7=0xfffffe71
     200285.000 ns	     20027	800044bc	03e4dcb3	divu	x25,x9,x30	  x9:0x0000003a x30:0x80041024 x25=0x00000000
     200655.000 ns	     20064	800044c0	02aadc33	divu	x24,x21,x10	 x21:0x54ab7822 x10:0x22475000 x24=0x00000002
     200685.000 ns	     20067	800044c4	a068aa53	feq.s	x20,f17,f6	 f17:0x00000000  f6:0x33500000 x20=0x00000000
     200715.000 ns	     20070	800044c8	039fb733	mulhu	x14,x31,x25	 x31:0x00000000 x25:0x00000000 x14=0x00000000
     200735.000 ns	     20072	800044cc	30f6ff93	andi	x31,x13,783	 x13:0x00000000 x31=0x00000000
     200745.000 ns	     20073	800044d0	e4a0cb93	xori	x23,x1,-438	  x1:0x00000067 x23=0xfffffe2d
     200755.000 ns	     20074	800044d4	cf3de113	ori	x2,x27,-781	 x27:0x00000000  x2=0xfffffcf3
     200765.000 ns	     20075	800044d8	01773db3	sltu	x27,x14,x23	 x14:0x00000000 x23:0x00000000 x27=0x00000001
     200775.000 ns	     20076	800044dc	01d3a9b3	slt	x19,x7,x29	  x7:0xfffffe71 x29:0xffffffff x19=0x00000001
     200795.000 ns	     20078	800044e0	c00f80d3	fcvt.w.s	x1,f31	 f31:0x4ea956f0  x1=0x54ab7800
     200815.000 ns	     20080	800044e4	00fa5b93	srli	x23,x20,0xf	 x20:0x00000000 x23=0x00000000
     200835.000 ns	     20082	800044e8	023e7033	remu	x0,x28,x3	 x28:0x80040000  x3:0x00000000
     200865.000 ns	     20085	800044ec	d0048ed3	fcvt.s.w	f29,x9	  x9:0x0000003a f29=0x42680000
     200885.000 ns	     20087	800044f0	629f8a13	addi	x20,x31,1577	 x31:0x00000000 x20=0x00000629
     200905.000 ns	     20089	800044f4	03257b33	remu	x22,x10,x18	 x10:0x22475000 x18:0x00000000 x22=0x22475000
     200935.000 ns	     20092	800044f8	a0b80653	fle.s	x12,f16,f11	 f16:0x00000000 f11:0xffc00000 x12=0x00000000
     200965.000 ns	     20095	800044fc	28fe1f53	fmax.s	f30,f28,f15	 f28:0x00000000 f15:0x4ea956f0 f30=0x4ea956f0
     200985.000 ns	     20097	80004500	3951e237	lui	x4,0x3951e	  x4=0x3951e000
     201005.000 ns	     20099	80004504	036e9733	mulh	x14,x29,x22	 x29:0xffffffff x22:0x22475000 x14=0xffffffff
     201025.000 ns	     20101	80004508	9665ab37	lui	x22,0x9665a	 x22=0x9665a000
     201045.000 ns	     20103	8000450c	0284bc33	mulhu	x24,x9,x8	  x9:0x0000003a  x8:0x00000040 x24=0x00000000
     201065.000 ns	     20105	80004510	7ead0293	addi	x5,x26,2026	 x26:0xfc3fe575  x5=0xfc3fed5f
     201075.000 ns	     20106	80004514	d156f213	andi	x4,x13,-747	 x13:0x00000000  x4=0x00000000
     201085.000 ns	     20107	80004518	7941ddb7	lui	x27,0x7941d	 x27=0x7941d000
     201105.000 ns	     20109	8000451c	e00594d3	fclass.s	x9,f11	 f11:0xffc00000  x9=0x00000200
     201135.000 ns	     20112	80004520	030a0a33	mul	x20,x20,x16	 x20:0x00000629 x16:0x00000000 x20=0x00000000
     201155.000 ns	     20114	80004524	00b37033	and	x0,x6,x11	  x6:0x00000001 x11:0x80040fe4
     201175.000 ns	     20116	80004528	f00e8453	fmv.w.x	f8,x29	 x29:0xffffffff  f8=0xffffffff
     201205.000 ns	     20119	8000452c	d01274d3	fcvt.s.wu	f9,x4	  x4:0x00000000  f9=0x00000000
     202385.000 ns	     20237	80004530	58034053	fsqrt.s	f0,f6	  f6:0x33500000  f0=0x39131405
     202415.000 ns	     20240	80004534	214498d3	fsgnjn.s	f17,f9,f20	  f9:0x00000000 f20:0xffc00000 f17=0x00000000
     202435.000 ns	     20242	80004538	40c258b3	sra	x17,x4,x12	  x4:0x00000000 x12:0x00000000 x17=0x00000000
     202445.000 ns	     20243	8000453c	00000013	addi	x0,x0,0	  x0:0x00000000
     202455.000 ns	     20244	80004540	b2d09217	auipc	x4,0xb2d09	  x4=0x32d0d540
     202465.000 ns	     20245	80004544	5aa5f013	andi	x0,x11,1450	 x11:0x80040fe4
     202485.000 ns	     20247	80004548	02328333	mul	x6,x5,x3	  x5:0xfc3fed5f  x3:0x00000000  x6=0x00000000
     202515.000 ns	     20250	8000454c	03bf8b33	mul	x22,x31,x27	 x31:0x00000000 x27:0x7941d000 x22=0x00000000
     202545.000 ns	     20253	80004550	d017f0d3	fcvt.s.wu	f1,x15	 x15:0x00000007  f1=0x40e00000
     202565.000 ns	     20255	80004554	010da433	slt	x8,x27,x16	 x27:0x7941d000 x16:0x00000000  x8=0x00000000
     202585.000 ns	     20257	80004558	d01c9bd3	fcvt.s.wu	f23,x25	 x25:0x00000000 f23=0x00000000
     202615.000 ns	     20260	8000455c	02db00b3	mul	x1,x22,x13	 x22:0x00000000 x13:0x00000000  x1=0x00000000
     202665.000 ns	     20265	80004560	09cab5d3	fsub.s	f11,f21,f28	 f21:0x7fc00000 f28:0x00000000 f11=0x7fc00000
     202695.000 ns	     20268	80004564	a1041b53	flt.s	x22,f8,f16	  f8:0xffffffff f16:0x00000000 x22=0x00000000
     202715.000 ns	     20270	80004568	18c4b393	sltiu	x7,x9,396	  x9:0x00000200  x7=0x00000000
     202725.000 ns	     20271	8000456c	5b108fb7	lui	x31,0x5b108	 x31=0x5b108000
     202735.000 ns	     20272	80004570	009837b3	sltu	x15,x16,x9	 x16:0x00000000  x9:0x00000200 x15=0x00000001
     202755.000 ns	     20274	80004574	a1241153	flt.s	x2,f8,f18	  f8:0xffffffff f18:0x7fc00000  x2=0x00000000
     202785.000 ns	     20277	80004578	d00b75d3	fcvt.s.w	f11,x22	 x22:0x00000000 f11=0x00000000
     202815.000 ns	     20280	8000457c	29681c53	fmax.s	f24,f16,f22	 f16:0x00000000 f22:0xff800000 f24=0x00000000
     202845.000 ns	     20283	80004580	286001d3	fmin.s	f3,f0,f6	  f0:0x39131405  f6:0x33500000  f3=0x33500000
     202875.000 ns	     20286	80004584	208d2053	fsgnjx.s	f0,f26,f8	 f26:0xffc00000  f8:0xffffffff  f0=0x7fc00000
     202895.000 ns	     20288	80004588	0a72c813	xori	x16,x5,167	  x5:0xfc3fed5f x16=0xfc3fedf8
     202905.000 ns	     20289	8000458c	b7b9f193	andi	x3,x19,-1157	 x19:0x00000001  x3=0x00000001
     202915.000 ns	     20290	80004590	000d7133	and	x2,x26,x0	 x26:0xfc3fe575  x0:0x00000000  x2=0x00000000
     202935.000 ns	     20292	80004594	a028a6d3	feq.s	x13,f17,f2	 f17:0x00000000  f2:0xff800000 x13=0x00000000
     202955.000 ns	     20294	80004598	014c4eb3	xor	x29,x24,x20	 x24:0x00000000 x20:0x00000000 x29=0x00000000
     202965.000 ns	     20295	8000459c	1460ff93	andi	x31,x1,326	  x1:0x00000000 x31=0x00000000
     202985.000 ns	     20297	800045a0	e00e0b53	fmv.x.w	x22,f28	 f28:0x00000000 x22=0x00000000
     203005.000 ns	     20299	800045a4	007ad3b3	srl	x7,x21,x7	 x21:0x54ab7822  x7:0x00000000  x7=0x54ab7822
     203015.000 ns	     20300	800045a8	401c5bb3	sra	x23,x24,x1	 x24:0x00000000  x1:0x00000000 x23=0x00000000
     203025.000 ns	     20301	800045ac	000ef6b3	and	x13,x29,x0	 x29:0x00000000  x0:0x00000000 x13=0x00000000
     203045.000 ns	     20303	800045b0	c003fcd3	fcvt.w.s	x25,f7	  f7:0xce091d40 x25=0x22475000
     203075.000 ns	     20306	800045b4	c0050fd3	fcvt.w.s	x31,f10	 f10:0x7fc00000 x31=0x7fffffff
     203095.000 ns	     20308	800045b8	012f5333	srl	x6,x30,x18	 x30:0x80041024 x18:0x00000000  x6=0x80041024
     203115.000 ns	     20310	800045bc	294f0a53	fmin.s	f20,f30,f20	 f30:0x4ea956f0 f20:0xffc00000 f20=0x4ea956f0
     203135.000 ns	     20312	800045c0	8d90a493	slti	x9,x1,-1831	  x1:0x00000000  x9=0x00000000
     203155.000 ns	     20314	800045c4	02efbeb3	mulhu	x29,x31,x14	 x31:0x7fffffff x14:0xffffffff x29=0x7ffffffe
     203185.000 ns	     20317	800045c8	20e68d53	fsgnj.s	f26,f13,f14	 f13:0x00000007 f14:0x00000000 f26=0x00000007
     203225.000 ns	     20321	800045cc	102138d3	fmul.s	f17,f2,f2	  f2:0xff800000  f2:0xff800000 f17=0x7f800000
     203255.000 ns	     20324	800045d0	e0041653	fclass.s	x12,f8	  f8:0xffffffff x12=0x00000200
     203275.000 ns	     20326	800045d4	01387bb3	and	x23,x16,x19	 x16:0xfc3fedf8 x19:0x00000001 x23=0x00000000
     203295.000 ns	     20328	800045d8	a0168753	fle.s	x14,f13,f1	 f13:0x00000007  f1:0x40e00000 x14=0x00000001
     203325.000 ns	     20331	800045dc	a0d896d3	flt.s	x13,f17,f13	 f17:0x7f800000 f13:0x00000007 x13=0x00000000
     203345.000 ns	     20333	800045e0	40805a33	sra	x20,x0,x8	  x0:0x00000000  x8:0x00000000 x20=0x00000000
     203365.000 ns	     20335	800045e4	a11201d3	fle.s	x3,f4,f17	  f4:0x4e091d40 f17:0x7f800000  x3=0x00000001
     203395.000 ns	     20338	800045e8	a1ffa353	feq.s	x6,f31,f31	 f31:0x4ea956f0 f31:0x4ea956f0  x6=0x00000001
     203445.000 ns	     20343	800045ec	081afbd3	fsub.s	f23,f21,f1	 f21:0x7fc00000  f1:0x40e00000 f23=0x7fc00000
     203475.000 ns	     20346	800045f0	c01c7053	fcvt.wu.s	x0,f24	 f24:0x00000000
     203495.000 ns	     20348	800045f4	41cf04b3	sub	x9,x30,x28	 x30:0x80041024 x28:0x80040000  x9=0x00001024
     203505.000 ns	     20349	800045f8	af96f837	lui	x16,0xaf96f	 x16=0xaf96f000
     203515.000 ns	     20350	800045fc	01ca3db3	sltu	x27,x20,x28	 x20:0x00000000 x28:0x80040000 x27=0x00000001
     203535.000 ns	     20352	80004600	0204c133	div	x2,x9,x0	  x9:0x00001024  x0:0x00000000  x2=0xffffffff
     203565.000 ns	     20355	80004604	29e689d3	fmin.s	f19,f13,f30	 f13:0x00000007 f30:0x4ea956f0 f19=0x00000007
     204745.000 ns	     20473	80004608	580ea5d3	fsqrt.s	f11,f29	 f29:0x42680000 f11=0x40a40c7c
     204775.000 ns	     20476	8000460c	02dbd733	divu	x14,x23,x13	 x23:0x00000000 x13:0x00000000 x14=0xffffffff
     204805.000 ns	     20479	80004610	2036ac53	fsgnjx.s	f24,f13,f3	 f13:0x00000007  f3:0x33500000 f24=0x00000007
     204835.000 ns	     20482	80004614	f00c8953	fmv.w.x	f18,x25	 x25:0x22475000 f18=0x22475000
     204855.000 ns	     20484	80004618	01b00fb3	add	x31,x0,x27	  x0:0x00000000 x27:0x00000001 x31=0x00000001
     204875.000 ns	     20486	8000461c	0225aeb3	mulhsu	x29,x11,x2	 x11:0x80040fe4  x2:0xffffffff x29=0x80040fe4
     204905.000 ns	     20489	80004620	211e17d3	fsgnjn.s	f15,f28,f17	 f28:0x00000000 f17:0x7f800000 f15=0x80000000
     205275.000 ns	     20526	80004624	02e768b3	rem	x17,x14,x14	 x14:0xffffffff x14:0xffffffff x17=0x00000000
     205295.000 ns	     20528	80004628	34aa0793	addi	x15,x20,842	 x20:0x00000000 x15=0x0000034a
     205305.000 ns	     20529	8000462c	d12dfb13	andi	x22,x27,-750	 x27:0x00000001 x22=0x00000000
     205315.000 ns	     20530	80004630	00000013	addi	x0,x0,0	  x0:0x00000000
     205675.000 ns	     20566	80004634	02e37633	remu	x12,x6,x14	  x6:0x00000001 x14:0xffffffff x12=0x00000001
     205695.000 ns	     20568	80004638	01a88a33	add	x20,x17,x26	 x17:0x00000000 x26:0xfc3fe575 x20=0xfc3fe575
     205725.000 ns	     20571	8000463c	108273d3	fmul.s	f7,f4,f8	  f4:0x4e091d40  f8:0xffffffff  f7=0x7fc00000
     205775.000 ns	     20576	80004640	013b29d3	fadd.s	f19,f22,f19	 f22:0xff800000 f19:0x00000007 f19=0xff800000
     205825.000 ns	     20581	80004644	01ebf3d3	fadd.s	f7,f23,f30	 f23:0x7fc00000 f30:0x4ea956f0  f7=0x7fc00000
     205875.000 ns	     20586	80004648	091770d3	fsub.s	f1,f14,f17	 f14:0x00000000 f17:0x7f800000  f1=0xff800000
     205905.000 ns	     20589	8000464c	a1742fd3	feq.s	x31,f8,f23	  f8:0xffffffff f23:0x7fc00000 x31=0x00000000
     205935.000 ns	     20592	80004650	205aadd3	fsgnjx.s	f27,f21,f5	 f21:0x7fc00000  f5:0x00000000 f27=0x7fc00000
     205965.000 ns	     20595	80004654	218a91d3	fsgnjn.s	f3,f21,f24	 f21:0x7fc00000 f24:0x00000007  f3=0xffc00000
     205985.000 ns	     20597	80004658	40b35513	srai	x10,x6,0xb	  x6:0x00000001 x10=0x00000000
     205995.000 ns	     20598	8000465c	415eddb3	sra	x27,x29,x21	 x29:0x80040fe4 x21:0x54ab7822 x27=0xe00103f9
     206015.000 ns	     20600	80004660	21c393d3	fsgnjn.s	f7,f7,f28	  f7:0x7fc00000 f28:0x00000000  f7=0xffc00000
     206045.000 ns	     20603	80004664	c0110cd3	fcvt.wu.s	x25,f2	  f2:0xff800000 x25=0x00000000
     206075.000 ns	     20606	80004668	21ffacd3	fsgnjx.s	f25,f31,f31	 f31:0x4ea956f0 f31:0x4ea956f0 f25=0x4ea956f0
     206095.000 ns	     20608	8000466c	9ffceb93	ori	x23,x25,-1537	 x25:0x00000000 x23=0xfffff9ff
     206135.000 ns	     20612	80004670	08838453	fsub.s	f8,f7,f8	  f7:0xffc00000  f8:0xffffffff  f8=0x7fc00000
     206155.000 ns	     20614	80004674	00797133	and	x2,x18,x7	 x18:0x00000000  x7:0x54ab7822  x2=0x00000000
     206165.000 ns	     20615	80004678	cefc3993	sltiu	x19,x24,-785	 x24:0x00000000 x19=0x00000001
     206185.000 ns	     20617	8000467c	d01ff253	fcvt.s.wu	f4,x31	 x31:0x00000000  f4=0x00000000
     206215.000 ns	     20620	80004680	c015f053	fcvt.wu.s	x0,f11	 f11:0x40a40c7c
     206245.000 ns	     20623	80004684	2162a953	fsgnjx.s	f18,f5,f22	  f5:0x00000000 f22:0xff800000 f18=0x80000000
     206265.000 ns	     20625	80004688	91fdff93	andi	x31,x27,-1761	 x27:0xe00103f9 x31=0xe0010119
     206285.000 ns	     20627	8000468c	039598b3	mulh	x17,x11,x25	 x11:0x80040fe4 x25:0x00000000 x17=0x00000000
     206335.000 ns	     20632	80004690	001ef053	fadd.s	f0,f29,f1	 f29:0x42680000  f1:0xff800000  f0=0xff800000
     206355.000 ns	     20634	80004694	324acb13	xori	x22,x21,804	 x21:0x54ab7822 x22=0x54ab7b06
     206375.000 ns	     20636	80004698	21daa4d3	fsgnjx.s	f9,f21,f29	 f21:0x7fc00000 f29:0x42680000  f9=0x7fc00000
     206395.000 ns	     20638	8000469c	00000013	addi	x0,x0,0	  x0:0x00000000
     206405.000 ns	     20639	800046a0	805f8cb7	lui	x25,0x805f8	 x25=0x805f8000
     206425.000 ns	     20641	800046a4	03ab0b33	mul	x22,x22,x26	 x22:0x54ab7b06 x26:0xfc3fe575 x22=0x45e597be
     206445.000 ns	     20643	800046a8	0144e233	or	x4,x9,x20	  x9:0x00001024 x20:0xfc3fe575  x4=0xfc3ff575
     206465.000 ns	     20645	800046ac	c0117a53	fcvt.wu.s	x20,f2	  f2:0xff800000 x20=0x00000000
     206495.000 ns	     20648	800046b0	e00b9853	fclass.s	x16,f23	 f23:0x7fc00000 x16=0x00000200
     206515.000 ns	     20650	800046b4	7429fc93	andi	x25,x19,1858	 x19:0x00000001 x25=0x00000000
     206525.000 ns	     20651	800046b8	00d28e33	add	x28,x5,x13	  x5:0xfc3fed5f x13:0x00000000 x28=0xfc3fed5f
     206885.000 ns	     20687	800046bc	03bafd33	remu	x26,x21,x27	 x21:0x54ab7822 x27:0xe00103f9 x26=0x54ab7822
     206915.000 ns	     20690	800046c0	21aeab53	fsgnjx.s	f22,f29,f26	 f29:0x42680000 f26:0x00000007 f22=0x42680000
     206935.000 ns	     20692	800046c4	001b6a33	or	x20,x22,x1	 x22:0x45e597be  x1:0x00000000 x20=0x45e597be
     206955.000 ns	     20694	800046c8	d00290d3	fcvt.s.w	f1,x5	  x5:0xfc3fed5f  f1=0xcc7004a8
     207325.000 ns	     20731	800046cc	03db7633	remu	x12,x22,x29	 x22:0x45e597be x29:0x80040fe4 x12=0x45e597be
     207355.000 ns	     20734	800046d0	a19f9953	flt.s	x18,f31,f25	 f31:0x4ea956f0 f25:0x4ea956f0 x18=0x00000000
     207385.000 ns	     20737	800046d4	038180b3	mul	x1,x3,x24	  x3:0x00000001 x24:0x00000000  x1=0x00000000
     207405.000 ns	     20739	800046d8	61501117	auipc	x2,0x61501	  x2=0xe15056d8
     207415.000 ns	     20740	800046dc	00195293	srli	x5,x18,0x1	 x18:0x00000000  x5=0x00000000
     207435.000 ns	     20742	800046e0	032349b3	div	x19,x6,x18	  x6:0x00000001 x18:0x00000000 x19=0xffffffff
     207455.000 ns	     20744	800046e4	00000013	addi	x0,x0,0	  x0:0x00000000
     207495.000 ns	     20748	800046e8	088cc253	fsub.s	f4,f25,f8	 f25:0x4ea956f0  f8:0x7fc00000  f4=0x7fc00000
     207525.000 ns	     20751	800046ec	a05e9153	flt.s	x2,f29,f5	 f29:0x42680000  f5:0x00000000  x2=0x00000000
     207555.000 ns	     20754	800046f0	d009ffd3	fcvt.s.w	f31,x19	 x19:0xffffffff f31=0xbf800000
     207585.000 ns	     20757	800046f4	a1db2b53	feq.s	x22,f22,f29	 f22:0x42680000 f29:0x42680000 x22=0x00000001
     207605.000 ns	     20759	800046f8	00879d33	sll	x26,x15,x8	 x15:0x0000034a  x8:0x00000000 x26=0x0000034a
     207615.000 ns	     20760	800046fc	403952b3	sra	x5,x18,x3	 x18:0x00000000  x3:0x00000001  x5=0x00000000
     207655.000 ns	     20764	80004700	0993bd53	fsub.s	f26,f7,f25	  f7:0xffc00000 f25:0x4ea956f0 f26=0x7fc00000
     207685.000 ns	     20767	80004704	c0134253	fcvt.wu.s	x4,f6	  f6:0x33500000  x4=0x00000000
     207705.000 ns	     20769	80004708	002bf033	and	x0,x23,x2	 x23:0xfffff9ff  x2:0x00000000
     207715.000 ns	     20770	8000470c	b193ad13	slti	x26,x7,-1255	  x7:0x54ab7822 x26=0x00000000
     207735.000 ns	     20772	80004710	20962e53	fsgnjx.s	f28,f12,f9	 f12:0x4ea956f0  f9:0x7fc00000 f28=0x4ea956f0
     207765.000 ns	     20775	80004714	e0008a53	fmv.x.w	x20,f1	  f1:0xcc7004a8 x20=0xcc7004a8
     207785.000 ns	     20777	80004718	f196c793	xori	x15,x13,-231	 x13:0x00000000 x15=0xffffff19
     207795.000 ns	     20778	8000471c	ec242993	slti	x19,x8,-318	  x8:0x00000000 x19=0x00000000
     207815.000 ns	     20780	80004720	21969053	fsgnjn.s	f0,f13,f25	 f13:0x00000007 f25:0x4ea956f0  f0=0x80000007
     207845.000 ns	     20783	80004724	a142a2d3	feq.s	x5,f5,f20	  f5:0x00000000 f20:0x4ea956f0  x5=0x00000000
     207875.000 ns	     20786	80004728	029a30b3	mulhu	x1,x20,x9	 x20:0xcc7004a8  x9:0x00001024  x1=0x00000ce3
     207895.000 ns	     20788	8000472c	d2bd2713	slti	x14,x26,-725	 x26:0x00000000 x14=0x00000000
     207905.000 ns	     20789	80004730	03dfcc93	xori	x25,x31,61	 x31:0xe0010119 x25=0xe0010124
     207945.000 ns	     20793	80004734	003b9fd3	fadd.s	f31,f23,f3	 f23:0x7fc00000  f3:0xffc00000 f31=0x7fc00000
     207975.000 ns	     20796	80004738	e00d12d3	fclass.s	x5,f26	 f26:0x7fc00000  x5=0x00000200
     207995.000 ns	     20798	8000473c	01901113	slli	x2,x0,0x19	  x0:0x00000000  x2=0x00000000
     208005.000 ns	     20799	80004740	40465893	srai	x17,x12,0x4	 x12:0x45e597be x17=0x045e597b
     208015.000 ns	     20800	80004744	00179213	slli	x4,x15,0x1	 x15:0xffffff19  x4=0xfffffe32
     208025.000 ns	     20801	80004748	01bc1133	sll	x2,x24,x27	 x24:0x00000000 x27:0xe00103f9  x2=0x00000000
     208045.000 ns	     20803	8000474c	d0087e53	fcvt.s.w	f28,x16	 x16:0x00000200 f28=0x44000000
     208065.000 ns	     20805	80004750	00294033	xor	x0,x18,x2	 x18:0x00000000  x2:0x00000000
     208075.000 ns	     20806	80004754	00b723b3	slt	x7,x14,x11	 x14:0x00000000 x11:0x80040fe4  x7=0x00000000
     208095.000 ns	     20808	80004758	a1e48a53	fle.s	x20,f9,f30	  f9:0x7fc00000 f30:0x4ea956f0 x20=0x00000000
     208115.000 ns	     20810	8000475c	41de02b3	sub	x5,x28,x29	 x28:0xfc3fed5f x29:0x80040fe4  x5=0x7c3bdd7b
     208135.000 ns	     20812	80004760	a09d28d3	feq.s	x17,f26,f9	 f26:0x7fc00000  f9:0x7fc00000 x17=0x00000000
     208155.000 ns	     20814	80004764	0014ddb3	srl	x27,x9,x1	  x9:0x00001024  x1:0x00000ce3 x27=0x00000204
     208165.000 ns	     20815	80004768	01d30db3	add	x27,x6,x29	  x6:0x00000001 x29:0x80040fe4 x27=0x80040fe5
     208175.000 ns	     20816	8000476c	0e402f93	slti	x31,x0,228	  x0:0x00000000 x31=0x00000001
     208185.000 ns	     20817	80004770	00a12e33	slt	x28,x2,x10	  x2:0x00000000 x10:0x00000000 x28=0x00000000
     208195.000 ns	     20818	80004774	69093013	sltiu	x0,x18,1680	 x18:0x00000000
     208205.000 ns	     20819	80004778	23f6e693	ori	x13,x13,575	 x13:0x00000000 x13=0x0000023f
     208215.000 ns	     20820	8000477c	7a2be213	ori	x4,x23,1954	 x23:0xfffff9ff  x4=0xffffffff
     208235.000 ns	     20822	80004780	21c21b53	fsgnjn.s	f22,f4,f28	  f4:0x7fc00000 f28:0x44000000 f22=0xffc00000
     208265.000 ns	     20825	80004784	026430b3	mulhu	x1,x8,x6	  x8:0x00000000  x6:0x00000001  x1=0x00000000
     208295.000 ns	     20828	80004788	29c19453	fmax.s	f8,f3,f28	  f3:0xffc00000 f28:0x44000000  f8=0x44000000
     208315.000 ns	     20830	8000478c	45ede913	ori	x18,x27,1118	 x27:0x80040fe5 x18=0x80040fff
     208335.000 ns	     20832	80004790	0323b8b3	mulhu	x17,x7,x18	  x7:0x00000000 x18:0x00000000 x17=0x00000000
     208365.000 ns	     20835	80004794	e00d9c53	fclass.s	x24,f27	 f27:0x7fc00000 x24=0x00000200
     208395.000 ns	     20838	80004798	021b03b3	mul	x7,x22,x1	 x22:0x00000001  x1:0x00000000  x7=0x00000000
     208415.000 ns	     20840	8000479c	00000013	addi	x0,x0,0	  x0:0x00000000
     208775.000 ns	     20876	800047a0	03255a33	divu	x20,x10,x18	 x10:0x00000000 x18:0x80040fff x20=0x00000000
     208795.000 ns	     20878	800047a4	612aae97	auipc	x29,0x612aa	 x29=0xe12ae7a4
     208805.000 ns	     20879	800047a8	003ef833	and	x16,x29,x3	 x29:0x80040fe4  x3:0x00000001 x16=0x00000000
     208815.000 ns	     20880	800047ac	b6c27137	lui	x2,0xb6c27	  x2=0xb6c27000
     208845.000 ns	     20883	800047b0	19ff93d3	fdiv.s	f7,f31,f31	 f31:0x7fc00000 f31:0x7fc00000  f7=0x7fc00000
     208875.000 ns	     20886	800047b4	03359d33	mulh	x26,x11,x19	 x11:0x80040fe4 x19:0x00000000 x26=0x00000000
     208895.000 ns	     20888	800047b8	01d01133	sll	x2,x0,x29	  x0:0x00000000 x29:0xe12ae7a4  x2=0x00000000
     208905.000 ns	     20889	800047bc	00223833	sltu	x16,x4,x2	  x4:0xffffffff  x2:0xb6c27000 x16=0x00000000
     208925.000 ns	     20891	800047c0	e00c8753	fmv.x.w	x14,f25	 f25:0x4ea956f0 x14=0x4ea956f0
     208965.000 ns	     20895	800047c4	19033bd3	fdiv.s	f23,f6,f16	  f6:0x33500000 f16:0x00000000 f23=0x7f800000
     208985.000 ns	     20897	800047c8	0084d7b3	srl	x15,x9,x8	  x9:0x00001024  x8:0x00000000 x15=0x00001024
     209345.000 ns	     20933	800047cc	03f8f4b3	remu	x9,x17,x31	 x17:0x00000000 x31:0x00000001  x9=0x00000000
     209375.000 ns	     20936	800047d0	d007ff53	fcvt.s.w	f30,x15	 x15:0xffffff19 f30=0x45812000
     209395.000 ns	     20938	800047d4	018e1993	slli	x19,x28,0x18	 x28:0x00000000 x19=0x00000000
     209415.000 ns	     20940	800047d8	c005a053	fcvt.w.s	x0,f11	 f11:0x40a40c7c
     209465.000 ns	     20945	800047dc	00487653	fadd.s	f12,f16,f4	 f16:0x00000000  f4:0x7fc00000 f12=0x7fc00000
     209505.000 ns	     20949	800047e0	58049b53	fsqrt.s	f22,f9	  f9:0x7fc00000 f22=0x7fc00000
     209525.000 ns	     20951	800047e4	0074d813	srli	x16,x9,0x7	  x9:0x00000000 x16=0x00000000
     209555.000 ns	     20954	800047e8	183471d3	fdiv.s	f3,f8,f3	  f8:0x44000000  f3:0xffc00000  f3=0x7fc00000
     209575.000 ns	     20956	800047ec	2c33f293	andi	x5,x7,707	  x7:0x00000000  x5=0x00000000
     209585.000 ns	     20957	800047f0	c2478e93	addi	x29,x15,-988	 x15:0x00001024 x29=0x00000c48
     209605.000 ns	     20959	800047f4	e0099ed3	fclass.s	x29,f19	 f19:0xff800000 x29=0x00000001
     209625.000 ns	     20961	800047f8	40f38fb3	sub	x31,x7,x15	  x7:0x00000000 x15:0x00001024 x31=0xffffefdc
     209985.000 ns	     20997	800047fc	037fc3b3	div	x7,x31,x23	 x31:0x00000001 x23:0xfffff9ff  x7=0x00000002
     210015.000 ns	     21000	80004800	a03e2453	feq.s	x8,f28,f3	 f28:0x44000000  f3:0x7fc00000  x8=0x00000000
     210035.000 ns	     21002	80004804	012f1cb3	sll	x25,x30,x18	 x30:0x80041024 x18:0x80040fff x25=0x00000000
     210045.000 ns	     21003	80004808	bb34f237	lui	x4,0xbb34f	  x4=0xbb34f000
     210065.000 ns	     21005	8000480c	218928d3	fsgnjx.s	f17,f18,f24	 f18:0x80000000 f24:0x00000007 f17=0x80000000
     210085.000 ns	     21007	80004810	f89cef97	auipc	x31,0xf89ce	 x31=0x789d2810
     210105.000 ns	     21009	80004814	f0038553	fmv.w.x	f10,x7	  x7:0x00000002 f10=0x00000002
     210135.000 ns	     21012	80004818	029b5cb3	divu	x25,x22,x9	 x22:0x00000001  x9:0x00000000 x25=0xffffffff
     210165.000 ns	     21015	8000481c	03449633	mulh	x12,x9,x20	  x9:0x00000000 x20:0x00000000 x12=0x00000000
     210185.000 ns	     21017	80004820	41f08033	sub	x0,x1,x31	  x1:0x00000000 x31:0x789d2810
     210205.000 ns	     21019	80004824	e00b0153	fmv.x.w	x2,f22	 f22:0x7fc00000  x2=0x7fc00000
     210235.000 ns	     21022	80004828	d0067f53	fcvt.s.w	f30,x12	 x12:0x00000000 f30=0x00000000
     210255.000 ns	     21024	8000482c	00ec9793	slli	x15,x25,0xe	 x25:0xffffffff x15=0xffffc000
     210275.000 ns	     21026	80004830	d00873d3	fcvt.s.w	f7,x16	 x16:0x00000000  f7=0x00000000
     210305.000 ns	     21029	80004834	29e105d3	fmin.s	f11,f2,f30	  f2:0xff800000 f30:0x00000000 f11=0xff800000
     210325.000 ns	     21031	80004838	40468d33	sub	x26,x13,x4	 x13:0x0000023f  x4:0xbb34f000 x26=0x44cb123f
     210335.000 ns	     21032	8000483c	0065df93	srli	x31,x11,0x6	 x11:0x80040fe4 x31=0x0200103f
     210345.000 ns	     21033	80004840	b6cdbc13	sltiu	x24,x27,-1172	 x27:0x80040fe5 x24=0x00000001
     210365.000 ns	     21035	80004844	c0161653	fcvt.wu.s	x12,f12	 f12:0x7fc00000 x12=0xffffffff
     210385.000 ns	     21037	80004848	009f67b3	or	x15,x30,x9	 x30:0x80041024  x9:0x00000000 x15=0x80041024
     210395.000 ns	     21038	8000484c	01771933	sll	x18,x14,x23	 x14:0x4ea956f0 x23:0xfffff9ff x18=0x00000000
     210405.000 ns	     21039	80004850	50c654b7	lui	x9,0x50c65	  x9=0x50c65000
     210425.000 ns	     21041	80004854	03a583b3	mul	x7,x11,x26	 x11:0x80040fe4 x26:0x44cb123f  x7=0xf3e9f11c
     210445.000 ns	     21043	80004858	01e72a33	slt	x20,x14,x30	 x14:0x4ea956f0 x30:0x80041024 x20=0x00000000
     210455.000 ns	     21044	8000485c	008a0db3	add	x27,x20,x8	 x20:0x00000000  x8:0x00000000 x27=0x00000000
     210495.000 ns	     21048	80004860	013f76d3	fadd.s	f13,f30,f19	 f30:0x00000000 f19:0xff800000 f13=0xff800000
     210515.000 ns	     21050	80004864	00cf0233	add	x4,x30,x12	 x30:0x80041024 x12:0xffffffff  x4=0x80041023
     210525.000 ns	     21051	80004868	00d87d33	and	x26,x16,x13	 x16:0x00000000 x13:0x0000023f x26=0x00000000
     210545.000 ns	     21053	8000486c	033d0633	mul	x12,x26,x19	 x26:0x44cb123f x19:0x00000000 x12=0x00000000
     210575.000 ns	     21056	80004870	e00b88d3	fmv.x.w	x17,f23	 f23:0x7f800000 x17=0x7f800000
     210945.000 ns	     21093	80004874	0389cfb3	div	x31,x19,x24	 x19:0x00000000 x24:0x00000001 x31=0x00000000
     210975.000 ns	     21096	80004878	292f8653	fmin.s	f12,f31,f18	 f31:0x7fc00000 f18:0x80000000 f12=0x80000000
     211005.000 ns	     21099	8000487c	02589933	mulh	x18,x17,x5	 x17:0x7f800000  x5:0x00000000 x18=0x00000000
     211035.000 ns	     21102	80004880	a1e99353	flt.s	x6,f19,f30	 f19:0xff800000 f30:0x00000000  x6=0x00000001
     211075.000 ns	     21106	80004884	1856f5d3	fdiv.s	f11,f13,f5	 f13:0xff800000  f5:0x00000000 f11=0xff800000
     211105.000 ns	     21109	80004888	c00b91d3	fcvt.w.s	x3,f23	 f23:0x7f800000  x3=0x7fffffff
     211135.000 ns	     21112	8000488c	29390253	fmin.s	f4,f18,f19	 f18:0x80000000 f19:0xff800000  f4=0xff800000
     211185.000 ns	     21117	80004890	003e3dd3	fadd.s	f27,f28,f3	 f28:0x44000000  f3:0x7fc00000 f27=0x7fc00000
     211205.000 ns	     21119	80004894	01f49b13	slli	x22,x9,0x1f	  x9:0x50c65000 x22=0x00000000
     211225.000 ns	     21121	80004898	281e99d3	fmax.s	f19,f29,f1	 f29:0x42680000  f1:0xcc7004a8 f19=0x42680000
     211245.000 ns	     21123	8000489c	01140a33	add	x20,x8,x17	  x8:0x00000000 x17:0x7f800000 x20=0x7f800000
     211265.000 ns	     21125	800048a0	02cd5e33	divu	x28,x26,x12	 x26:0x00000000 x12:0x00000000 x28=0xffffffff
     211295.000 ns	     21128	800048a4	02b53333	mulhu	x6,x10,x11	 x10:0x00000000 x11:0x80040fe4  x6=0x00000000
     211315.000 ns	     21130	800048a8	4187d913	srai	x18,x15,0x18	 x15:0x80041024 x18=0xffffff80
     211335.000 ns	     21132	800048ac	e0078cd3	fmv.x.w	x25,f15	 f15:0x80000000 x25=0x80000000
     211365.000 ns	     21135	800048b0	a0d1a9d3	feq.s	x19,f3,f13	  f3:0x7fc00000 f13:0xff800000 x19=0x00000000
     211735.000 ns	     21172	800048b4	02987fb3	remu	x31,x16,x9	 x16:0x00000000  x9:0x50c65000 x31=0x00000000
     211755.000 ns	     21174	800048b8	7d4d2637	lui	x12,0x7d4d2	 x12=0x7d4d2000
     211765.000 ns	     21175	800048bc	00000013	addi	x0,x0,0	  x0:0x00000000
     211775.000 ns	     21176	800048c0	faac4213	xori	x4,x24,-86	 x24:0x00000001  x4=0xffffffab
     211795.000 ns	     21178	800048c4	296d0cd3	fmin.s	f25,f26,f22	 f26:0x7fc00000 f22:0x7fc00000 f25=0x7fc00000
     211835.000 ns	     21182	800048c8	10057a53	fmul.s	f20,f10,f0	 f10:0x00000002  f0:0x80000007 f20=0x80000000
     211855.000 ns	     21184	800048cc	41bd5693	srai	x13,x26,0x1b	 x26:0x00000000 x13=0x00000000
     211875.000 ns	     21186	800048d0	021e4133	div	x2,x28,x1	 x28:0xffffffff  x1:0x00000000  x2=0xffffffff
     212245.000 ns	     21223	800048d4	0292dbb3	divu	x23,x5,x9	  x5:0x00000000  x9:0x50c65000 x23=0x00000000
     212285.000 ns	     21227	800048d8	11501353	fmul.s	f6,f0,f21	  f0:0x80000007 f21:0x7fc00000  f6=0x7fc00000
     212315.000 ns	     21230	800048dc	200396d3	fsgnjn.s	f13,f7,f0	  f7:0x00000000  f0:0x80000007 f13=0x00000000
     212345.000 ns	     21233	800048e0	e00f9dd3	fclass.s	x27,f31	 f31:0x7fc00000 x27=0x00000200
     212375.000 ns	     21236	800048e4	d00ec3d3	fcvt.s.w	f7,x29	 x29:0x00000001  f7=0x3f800000
     212405.000 ns	     21239	800048e8	20b89ad3	fsgnjn.s	f21,f17,f11	 f17:0x80000000 f11:0xff800000 f21=0x00000000
     212435.000 ns	     21242	800048ec	21c92953	fsgnjx.s	f18,f18,f28	 f18:0x80000000 f28:0x44000000 f18=0x80000000
     212455.000 ns	     21244	800048f0	ed792113	slti	x2,x18,-297	 x18:0xffffff80  x2=0x00000000
     212465.000 ns	     21245	800048f4	0186d933	srl	x18,x13,x24	 x13:0x00000000 x24:0x00000001 x18=0x00000000
     212485.000 ns	     21247	800048f8	a1b724d3	feq.s	x9,f14,f27	 f14:0x00000000 f27:0x7fc00000  x9=0x00000000
     212515.000 ns	     21250	800048fc	a0f41453	flt.s	x8,f8,f15	  f8:0x44000000 f15:0x80000000  x8=0x00000000
     212545.000 ns	     21253	80004900	205b9353	fsgnjn.s	f6,f23,f5	 f23:0x7f800000  f5:0x00000000  f6=0xff800000
     212575.000 ns	     21256	80004904	f0030153	fmv.w.x	f2,x6	  x6:0x00000000  f2=0x00000000
     212605.000 ns	     21259	80004908	a1a68fd3	fle.s	x31,f13,f26	 f13:0x00000000 f26:0x7fc00000 x31=0x00000000
     212625.000 ns	     21261	8000490c	0083ca33	xor	x20,x7,x8	  x7:0xf3e9f11c  x8:0x00000000 x20=0xf3e9f11c
     212635.000 ns	     21262	80004910	41658933	sub	x18,x11,x22	 x11:0x80040fe4 x22:0x00000000 x18=0x80040fe4
     212655.000 ns	     21264	80004914	025b7733	remu	x14,x22,x5	 x22:0x00000000  x5:0x00000000 x14=0x00000000
     212685.000 ns	     21267	80004918	a0bd8dd3	fle.s	x27,f27,f11	 f27:0x7fc00000 f11:0xff800000 x27=0x00000000
     212715.000 ns	     21270	8000491c	f0058bd3	fmv.w.x	f23,x11	 x11:0x80040fe4 f23=0x80040fe4
     212765.000 ns	     21275	80004920	082fc853	fsub.s	f16,f31,f2	 f31:0x7fc00000  f2:0x00000000 f16=0x7fc00000
     212795.000 ns	     21278	80004924	e00b82d3	fmv.x.w	x5,f23	 f23:0x80040fe4  x5=0x80040fe4
     212825.000 ns	     21281	80004928	037d52b3	divu	x5,x26,x23	 x26:0x00000000 x23:0x00000000  x5=0xffffffff
     212855.000 ns	     21284	8000492c	28b385d3	fmin.s	f11,f7,f11	  f7:0x3f800000 f11:0xff800000 f11=0xff800000
     212875.000 ns	     21286	80004930	8b2f6313	ori	x6,x30,-1870	 x30:0x80041024  x6=0xfffff8b6
     212895.000 ns	     21288	80004934	21368f53	fsgnj.s	f30,f13,f19	 f13:0x00000000 f19:0x42680000 f30=0x00000000
     212915.000 ns	     21290	80004938	b939ed13	ori	x26,x19,-1133	 x19:0x00000000 x26=0xfffffb93
     212925.000 ns	     21291	8000493c	008688b3	add	x17,x13,x8	 x13:0x00000000  x8:0x00000000 x17=0x00000000
     212955.000 ns	     21294	80004940	18667a53	fdiv.s	f20,f12,f6	 f12:0x80000000  f6:0xff800000 f20=0x00000000
     212985.000 ns	     21297	80004944	21c88653	fsgnj.s	f12,f17,f28	 f17:0x80000000 f28:0x44000000 f12=0x00000000
     213015.000 ns	     21300	80004948	a04b2153	feq.s	x2,f22,f4	 f22:0x7fc00000  f4:0xff800000  x2=0x00000000
     213035.000 ns	     21302	8000494c	a9aa8113	addi	x2,x21,-1382	 x21:0x54ab7822  x2=0x54ab72bc
     213055.000 ns	     21304	80004950	212615d3	fsgnjn.s	f11,f12,f18	 f12:0x00000000 f18:0x80000000 f11=0x00000000
     213075.000 ns	     21306	80004954	192d3393	sltiu	x7,x26,402	 x26:0xfffffb93  x7=0x00000000
     213095.000 ns	     21308	80004958	21668453	fsgnj.s	f8,f13,f22	 f13:0x00000000 f22:0x7fc00000  f8=0x00000000
     213125.000 ns	     21311	8000495c	a138a053	feq.s	x0,f17,f19	 f17:0x80000000 f19:0x42680000
     213145.000 ns	     21313	80004960	00000013	addi	x0,x0,0	  x0:0x00000000
     213165.000 ns	     21315	80004964	20689653	fsgnjn.s	f12,f17,f6	 f17:0x80000000  f6:0xff800000 f12=0x00000000
     213535.000 ns	     21352	80004968	02635533	divu	x10,x6,x6	  x6:0xfffff8b6  x6:0xfffff8b6 x10=0x00000001
     213555.000 ns	     21354	8000496c	0092d793	srli	x15,x5,0x9	  x5:0xffffffff x15=0x007fffff
     213915.000 ns	     21390	80004970	0392c7b3	div	x15,x5,x25	  x5:0xffffffff x25:0x80000000 x15=0x00000000
     213935.000 ns	     21392	80004974	00142133	slt	x2,x8,x1	  x8:0x00000000  x1:0x00000000  x2=0x00000000
     213955.000 ns	     21394	80004978	d01afdd3	fcvt.s.wu	f27,x21	 x21:0x54ab7822 f27=0x4ea956f0
     213975.000 ns	     21396	8000497c	9acbbd97	auipc	x27,0x9acbb	 x27=0x1acbf97c
     213985.000 ns	     21397	80004980	40771e17	auipc	x28,0x40771	 x28=0xc0775980
     213995.000 ns	     21398	80004984	9a41b293	sltiu	x5,x3,-1628	  x3:0x7fffffff  x5=0x00000001
     214015.000 ns	     21400	80004988	a0059cd3	flt.s	x25,f11,f0	 f11:0x00000000  f0:0x80000007 x25=0x00000000
     214045.000 ns	     21403	8000498c	028040b3	div	x1,x0,x8	  x0:0x00000000  x8:0x00000000  x1=0xffffffff
     214075.000 ns	     21406	80004990	282416d3	fmax.s	f13,f8,f2	  f8:0x00000000  f2:0x00000000 f13=0x00000000
     214105.000 ns	     21409	80004994	f00b04d3	fmv.w.x	f9,x22	 x22:0x00000000  f9=0x00000000
     214475.000 ns	     21446	80004998	0215d433	divu	x8,x11,x1	 x11:0x80040fe4  x1:0xffffffff  x8=0x00000000
     214495.000 ns	     21448	8000499c	97c11397	auipc	x7,0x97c11	  x7=0x17c1599c
     214515.000 ns	     21450	800049a0	287008d3	fmin.s	f17,f0,f7	  f0:0x80000007  f7:0x3f800000 f17=0x80000007
     214545.000 ns	     21453	800049a4	0301b1b3	mulhu	x3,x3,x16	  x3:0x7fffffff x16:0x00000000  x3=0x00000000
     214575.000 ns	     21456	800049a8	e0059c53	fclass.s	x24,f11	 f11:0x00000000 x24=0x00000010
     214595.000 ns	     21458	800049ac	00000013	addi	x0,x0,0	  x0:0x00000000
     214605.000 ns	     21459	800049b0	78e1af93	slti	x31,x3,1934	  x3:0x00000000 x31=0x00000001
     214615.000 ns	     21460	800049b4	109c8bb7	lui	x23,0x109c8	 x23=0x109c8000
     214645.000 ns	     21463	800049b8	116c0253	fmul.s	f4,f24,f22	 f24:0x00000007 f22:0x7fc00000  f4=0x7fc00000
     214675.000 ns	     21466	800049bc	295293d3	fmax.s	f7,f5,f21	  f5:0x00000000 f21:0x00000000  f7=0x00000000
     214695.000 ns	     21468	800049c0	a78f0c17	auipc	x24,0xa78f0	 x24=0x278f49c0
     214715.000 ns	     21470	800049c4	031d64b3	rem	x9,x26,x17	 x26:0xfffffb93 x17:0x00000000  x9=0xfffffb93
     214765.000 ns	     21475	800049c8	096a90d3	fsub.s	f1,f21,f22	 f21:0x00000000 f22:0x7fc00000  f1=0x7fc00000
     214795.000 ns	     21478	800049cc	c00f3553	fcvt.w.s	x10,f30	 f30:0x00000000 x10=0x00000000
     214825.000 ns	     21481	800049d0	02fc6033	rem	x0,x24,x15	 x24:0x278f49c0 x15:0x00000000
     214875.000 ns	     21486	800049d4	0802fad3	fsub.s	f21,f5,f0	  f5:0x00000000  f0:0x80000007 f21=0x00000007
     214925.000 ns	     21491	800049d8	09f8ced3	fsub.s	f29,f17,f31	 f17:0x80000007 f31:0x7fc00000 f29=0x7fc00000
     214945.000 ns	     21493	800049dc	b6867893	andi	x17,x12,-1176	 x12:0x7d4d2000 x17=0x7d4d2000
     215305.000 ns	     21529	800049e0	03f97cb3	remu	x25,x18,x31	 x18:0x80040fe4 x31:0x00000001 x25=0x00000000
     215335.000 ns	     21532	800049e4	20699653	fsgnjn.s	f12,f19,f6	 f19:0x42680000  f6:0xff800000 f12=0x42680000
     215355.000 ns	     21534	800049e8	005bc133	xor	x2,x23,x5	 x23:0x109c8000  x5:0x00000001  x2=0x109c8001
     215375.000 ns	     21536	800049ec	a0149fd3	flt.s	x31,f9,f1	  f9:0x00000000  f1:0x7fc00000 x31=0x00000000
     215395.000 ns	     21538	800049f0	0142a2b3	slt	x5,x5,x20	  x5:0x00000001 x20:0xf3e9f11c  x5=0x00000000
     215415.000 ns	     21540	800049f4	d01df953	fcvt.s.wu	f18,x27	 x27:0x1acbf97c f18=0x4dd65fcb
     215465.000 ns	     21545	800049f8	0033c9d3	fadd.s	f19,f7,f3	  f7:0x00000000  f3:0x7fc00000 f19=0x7fc00000
     215505.000 ns	     21549	800049fc	18a090d3	fdiv.s	f1,f1,f10	  f1:0x7fc00000 f10:0x00000002  f1=0x7fc00000
     215555.000 ns	     21554	80004a00	015d0c53	fadd.s	f24,f26,f21	 f26:0x7fc00000 f21:0x00000007 f24=0x7fc00000
     215575.000 ns	     21556	80004a04	01595393	srli	x7,x18,0x15	 x18:0x80040fe4  x7=0x00000400
     215595.000 ns	     21558	80004a08	d0160353	fcvt.s.wu	f6,x12	 x12:0x7d4d2000  f6=0x4efa9a40
     215625.000 ns	     21561	80004a0c	a00813d3	flt.s	x7,f16,f0	 f16:0x7fc00000  f0:0x80000007  x7=0x00000000
     215645.000 ns	     21563	80004a10	0120d693	srli	x13,x1,0x12	  x1:0xffffffff x13=0x00003fff
     215665.000 ns	     21565	80004a14	a0dba953	feq.s	x18,f23,f13	 f23:0x80040fe4 f13:0x00000000 x18=0x00000000
     215695.000 ns	     21568	80004a18	c0141353	fcvt.wu.s	x6,f8	  f8:0x00000000  x6=0x00000000
     215715.000 ns	     21570	80004a1c	0061d793	srli	x15,x3,0x6	  x3:0x00000000 x15=0x00000000
     215735.000 ns	     21572	80004a20	d01c79d3	fcvt.s.wu	f19,x24	 x24:0x278f49c0 f19=0x4e1e3d27
     215765.000 ns	     21575	80004a24	20da26d3	fsgnjx.s	f13,f20,f13	 f20:0x00000000 f13:0x00000000 f13=0x00000000
     215795.000 ns	     21578	80004a28	a09f2bd3	feq.s	x23,f30,f9	 f30:0x00000000  f9:0x00000000 x23=0x00000001
     215815.000 ns	     21580	80004a2c	9dde6913	ori	x18,x28,-1571	 x28:0xc0775980 x18=0xfffff9dd
     215825.000 ns	     21581	80004a30	0152f133	and	x2,x5,x21	  x5:0x00000000 x21:0x54ab7822  x2=0x00000000
     215845.000 ns	     21583	80004a34	203ea5d3	fsgnjx.s	f11,f29,f3	 f29:0x7fc00000  f3:0x7fc00000 f11=0x7fc00000
     215875.000 ns	     21586	80004a38	020570b3	remu	x1,x10,x0	 x10:0x00000000  x0:0x00000000  x1=0x00000000
     215895.000 ns	     21588	80004a3c	004df9b3	and	x19,x27,x4	 x27:0x1acbf97c  x4:0xffffffab x19=0x1acbf928
     215905.000 ns	     21589	80004a40	00e07cb3	and	x25,x0,x14	  x0:0x00000000 x14:0x00000000 x25=0x00000000
     215925.000 ns	     21591	80004a44	e00206d3	fmv.x.w	x13,f4	  f4:0x7fc00000 x13=0x7fc00000
     215945.000 ns	     21593	80004a48	25077993	andi	x19,x14,592	 x14:0x00000000 x19=0x00000000
     215965.000 ns	     21595	80004a4c	28e78053	fmin.s	f0,f15,f14	 f15:0x80000000 f14:0x00000000  f0=0x80000000
     215985.000 ns	     21597	80004a50	00a47b13	andi	x22,x8,10	  x8:0x00000000 x22=0x00000000
     216005.000 ns	     21599	80004a54	02b58db3	mul	x27,x11,x11	 x11:0x80040fe4 x11:0x80040fe4 x27=0x801c8310
     216035.000 ns	     21602	80004a58	025dd6b3	divu	x13,x27,x5	 x27:0x1acbf97c  x5:0x00000000 x13=0xffffffff
     216055.000 ns	     21604	80004a5c	015e1113	slli	x2,x28,0x15	 x28:0xc0775980  x2=0x30000000
     216415.000 ns	     21640	80004a60	031ed4b3	divu	x9,x29,x17	 x29:0x00000001 x17:0x7d4d2000  x9=0x00000000
     216445.000 ns	     21643	80004a64	21f39053	fsgnjn.s	f0,f7,f31	  f7:0x00000000 f31:0x7fc00000  f0=0x80000000
     216465.000 ns	     21645	80004a68	003017b3	sll	x15,x0,x3	  x0:0x00000000  x3:0x00000000 x15=0x00000000
     216475.000 ns	     21646	80004a6c	4141de13	srai	x28,x3,0x14	  x3:0x00000000 x28=0x00000000
     216505.000 ns	     21649	80004a70	5807f0d3	fsqrt.s	f1,f15	 f15:0x80000000  f1=0x80000000
     216535.000 ns	     21652	80004a74	208282d3	fsgnj.s	f5,f5,f8	  f5:0x00000000  f8:0x00000000  f5=0x00000000
     216565.000 ns	     21655	80004a78	f0020bd3	fmv.w.x	f23,x4	  x4:0xffffffab f23=0xffffffab
     216585.000 ns	     21657	80004a7c	017a0c33	add	x24,x20,x23	 x20:0xf3e9f11c x23:0x00000001 x24=0xf3e9f11d
     216605.000 ns	     21659	80004a80	e0028953	fmv.x.w	x18,f5	  f5:0x00000000 x18=0x00000000
     216625.000 ns	     21661	80004a84	01d69313	slli	x6,x13,0x1d	 x13:0xffffffff  x6=0xe0000000
     216635.000 ns	     21662	80004a88	01105293	srli	x5,x0,0x11	  x0:0x00000000  x5=0x00000000
     216645.000 ns	     21663	80004a8c	01fdfc33	and	x24,x27,x31	 x27:0x801c8310 x31:0x00000000 x24=0x00000000
     217005.000 ns	     21699	80004a90	02215e33	divu	x28,x2,x2	  x2:0x30000000  x2:0x30000000 x28=0x00000001
     217035.000 ns	     21702	80004a94	02603b33	mulhu	x22,x0,x6	  x0:0x00000000  x6:0xe0000000 x22=0x00000000
     217055.000 ns	     21704	80004a98	0012e333	or	x6,x5,x1	  x5:0x00000000  x1:0x00000000  x6=0x00000000
     217065.000 ns	     21705	80004a9c	a2a56513	ori	x10,x10,-1494	 x10:0x00000000 x10=0xfffffa2a
     217075.000 ns	     21706	80004aa0	01098b33	add	x22,x19,x16	 x19:0x00000000 x16:0x00000000 x22=0x00000000
     217085.000 ns	     21707	80004aa4	00868633	add	x12,x13,x8	 x13:0xffffffff  x8:0x00000000 x12=0xffffffff
     217095.000 ns	     21708	80004aa8	40715e13	srai	x28,x2,0x7	  x2:0x30000000 x28=0x00600000
     217105.000 ns	     21709	80004aac	414bd113	srai	x2,x23,0x14	 x23:0x00000001  x2=0x00000000
     217135.000 ns	     21712	80004ab0	10fecf53	fmul.s	f30,f29,f15	 f29:0x7fc00000 f15:0x80000000 f30=0x7fc00000
     217175.000 ns	     21716	80004ab4	1020f7d3	fmul.s	f15,f1,f2	  f1:0x80000000  f2:0x00000000 f15=0x80000000
     217545.000 ns	     21753	80004ab8	03a2f533	remu	x10,x5,x26	  x5:0x00000000 x26:0xfffffb93 x10=0x00000000
     217565.000 ns	     21755	80004abc	00b4d193	srli	x3,x9,0xb	  x9:0x00000000  x3=0x00000000
     217585.000 ns	     21757	80004ac0	03ccb4b3	mulhu	x9,x25,x28	 x25:0x00000000 x28:0x00600000  x9=0x00000000
     217615.000 ns	     21760	80004ac4	0319afb3	mulhsu	x31,x19,x17	 x19:0x00000000 x17:0x7d4d2000 x31=0x00000000
     217635.000 ns	     21762	80004ac8	00af9c13	slli	x24,x31,0xa	 x31:0x00000000 x24=0x00000000
     217995.000 ns	     21798	80004acc	03b7f333	remu	x6,x15,x27	 x15:0x00000000 x27:0x801c8310  x6=0x00000000
     218015.000 ns	     21800	80004ad0	0030ca33	xor	x20,x1,x3	  x1:0x00000000  x3:0x00000000 x20=0x00000000
     218035.000 ns	     21802	80004ad4	c00a4ed3	fcvt.w.s	x29,f20	 f20:0x00000000 x29=0x00000000
     218055.000 ns	     21804	80004ad8	85332f93	slti	x31,x6,-1965	  x6:0x00000000 x31=0x00000000
     218065.000 ns	     21805	80004adc	013aa833	slt	x16,x21,x19	 x21:0x54ab7822 x19:0x00000000 x16=0x00000000
     218085.000 ns	     21807	80004ae0	e0071ed3	fclass.s	x29,f14	 f14:0x00000000 x29=0x00000010
     218105.000 ns	     21809	80004ae4	6db76513	ori	x10,x14,1755	 x14:0x00000000 x10=0x000006db
     218115.000 ns	     21810	80004ae8	41e95e13	srai	x28,x18,0x1e	 x18:0x00000000 x28=0x00000000
     218135.000 ns	     21812	80004aec	02df2633	mulhsu	x12,x30,x13	 x30:0x80041024 x13:0xffffffff x12=0x80041024
     218165.000 ns	     21815	80004af0	204083d3	fsgnj.s	f7,f1,f4	  f1:0x80000000  f4:0x7fc00000  f7=0x00000000
     218195.000 ns	     21818	80004af4	a00b8dd3	fle.s	x27,f23,f0	 f23:0xffffffab  f0:0x80000000 x27=0x00000000
     218235.000 ns	     21822	80004af8	580d7753	fsqrt.s	f14,f26	 f26:0x7fc00000 f14=0x7fc00000
     218255.000 ns	     21824	80004afc	012cd433	srl	x8,x25,x18	 x25:0x00000000 x18:0x00000000  x8=0x00000000
     218265.000 ns	     21825	80004b00	004b1893	slli	x17,x22,0x4	 x22:0x00000000 x17=0x00000000
     218305.000 ns	     21829	80004b04	0141f553	fadd.s	f10,f3,f20	  f3:0x7fc00000 f20:0x00000000 f10=0x7fc00000
     218335.000 ns	     21832	80004b08	03b0d8b3	divu	x17,x1,x27	  x1:0x00000000 x27:0x00000000 x17=0xffffffff
     219375.000 ns	     21936	80004b0c	580da153	fsqrt.s	f2,f27	 f27:0x4ea956f0  f2=0x471339b4
     219395.000 ns	     21938	80004b10	0016dfb3	srl	x31,x13,x1	 x13:0xffffffff  x1:0x00000000 x31=0xffffffff
     219425.000 ns	     21941	80004b14	18f84f53	fdiv.s	f30,f16,f15	 f16:0x7fc00000 f15:0x80000000 f30=0x7fc00000
     219455.000 ns	     21944	80004b18	a1371053	flt.s	x0,f14,f19	 f14:0x7fc00000 f19:0x4e1e3d27
     219485.000 ns	     21947	80004b1c	03d88c33	mul	x24,x17,x29	 x17:0xffffffff x29:0x00000010 x24=0xfffffff0
     219505.000 ns	     21949	80004b20	00da20b3	slt	x1,x20,x13	 x20:0x00000000 x13:0xffffffff  x1=0x00000000
     219525.000 ns	     21951	80004b24	02f0d933	divu	x18,x1,x15	  x1:0x00000000 x15:0x00000000 x18=0xffffffff
     219555.000 ns	     21954	80004b28	d00171d3	fcvt.s.w	f3,x2	  x2:0x00000000  f3=0x00000000
     219575.000 ns	     21956	80004b2c	01b21913	slli	x18,x4,0x1b	  x4:0xffffffab x18=0x58000000
     219595.000 ns	     21958	80004b30	a0e907d3	fle.s	x15,f18,f14	 f18:0x4dd65fcb f14:0x7fc00000 x15=0x00000000
     219625.000 ns	     21961	80004b34	21a620d3	fsgnjx.s	f1,f12,f26	 f12:0x42680000 f26:0x7fc00000  f1=0x42680000
     219645.000 ns	     21963	80004b38	00000013	addi	x0,x0,0	  x0:0x00000000
     219655.000 ns	     21964	80004b3c	ce74ccb7	lui	x25,0xce74c	 x25=0xce74c000
     219665.000 ns	     21965	80004b40	00cdea33	or	x20,x27,x12	 x27:0x00000000 x12:0x80041024 x20=0x80041024
     219675.000 ns	     21966	80004b44	001ad813	srli	x16,x21,0x1	 x21:0x54ab7822 x16=0x2a55bc11
     219695.000 ns	     21968	80004b48	c01840d3	fcvt.wu.s	x1,f16	 f16:0x7fc00000  x1=0xffffffff
     219715.000 ns	     21970	80004b4c	82e34917	auipc	x18,0x82e34	 x18=0x02e38b4c
     219755.000 ns	     21974	80004b50	089dcc53	fsub.s	f24,f27,f9	 f27:0x4ea956f0  f9:0x00000000 f24=0x4ea956f0
     219795.000 ns	     21978	80004b54	103ffa53	fmul.s	f20,f31,f3	 f31:0x7fc00000  f3:0x00000000 f20=0x7fc00000
     219835.000 ns	     21982	80004b58	11eaf1d3	fmul.s	f3,f21,f30	 f21:0x00000007 f30:0x7fc00000  f3=0x7fc00000
     219855.000 ns	     21984	80004b5c	6612bb93	sltiu	x23,x5,1633	  x5:0x00000000 x23=0x00000001
     221025.000 ns	     22101	80004b60	580987d3	fsqrt.s	f15,f19	 f19:0x4e1e3d27 f15=0x465fc802
     221055.000 ns	     22104	80004b64	e0039953	fclass.s	x18,f7	  f7:0x00000000 x18=0x00000010
     221075.000 ns	     22106	80004b68	01e48cb3	add	x25,x9,x30	  x9:0x00000000 x30:0x80041024 x25=0x80041024
     221095.000 ns	     22108	80004b6c	0282b633	mulhu	x12,x5,x8	  x5:0x00000000  x8:0x00000000 x12=0x00000000
     221125.000 ns	     22111	80004b70	a1b49753	flt.s	x14,f9,f27	  f9:0x00000000 f27:0x4ea956f0 x14=0x00000001
     221175.000 ns	     22116	80004b74	08eab8d3	fsub.s	f17,f21,f14	 f21:0x00000007 f14:0x7fc00000 f17=0x7fc00000
     221205.000 ns	     22119	80004b78	a1bd99d3	flt.s	x19,f27,f27	 f27:0x4ea956f0 f27:0x4ea956f0 x19=0x00000000
     221235.000 ns	     22122	80004b7c	d00df153	fcvt.s.w	f2,x27	 x27:0x00000000  f2=0x00000000
     221265.000 ns	     22125	80004b80	a10e09d3	fle.s	x19,f28,f16	 f28:0x44000000 f16:0x7fc00000 x19=0x00000000
     221315.000 ns	     22130	80004b84	0888f053	fsub.s	f0,f17,f8	 f17:0x7fc00000  f8:0x00000000  f0=0x7fc00000
     222495.000 ns	     22248	80004b88	580377d3	fsqrt.s	f15,f6	  f6:0x4efa9a40 f15=0x473319b1
     222515.000 ns	     22250	80004b8c	01b628b3	slt	x17,x12,x27	 x12:0x00000000 x27:0x00000000 x17=0x00000000
     222535.000 ns	     22252	80004b90	28498ad3	fmin.s	f21,f19,f4	 f19:0x4e1e3d27  f4:0x7fc00000 f21=0x4e1e3d27
     222565.000 ns	     22255	80004b94	031063b3	rem	x7,x0,x17	  x0:0x00000000 x17:0xffffffff  x7=0x00000000
     222595.000 ns	     22258	80004b98	e0009853	fclass.s	x16,f1	  f1:0x42680000 x16=0x00000040
     222615.000 ns	     22260	80004b9c	008591b3	sll	x3,x11,x8	 x11:0x80040fe4  x8:0x00000000  x3=0x80040fe4
     222655.000 ns	     22264	80004ba0	08170bd3	fsub.s	f23,f14,f1	 f14:0x7fc00000  f1:0x42680000 f23=0x7fc00000
     222675.000 ns	     22266	80004ba4	017c5bb3	srl	x23,x24,x23	 x24:0xfffffff0 x23:0x00000001 x23=0x7ffffff8
     222685.000 ns	     22267	80004ba8	f4332a13	slti	x20,x6,-189	  x6:0x00000000 x20=0x00000000
     222705.000 ns	     22269	80004bac	29989553	fmax.s	f10,f17,f25	 f17:0x7fc00000 f25:0x7fc00000 f10=0x7fc00000
     222725.000 ns	     22271	80004bb0	2c373393	sltiu	x7,x14,707	 x14:0x00000001  x7=0x00000001
     222745.000 ns	     22273	80004bb4	290087d3	fmin.s	f15,f1,f16	  f1:0x42680000 f16:0x7fc00000 f15=0x42680000
     222765.000 ns	     22275	80004bb8	543c7793	andi	x15,x24,1347	 x24:0xfffffff0 x15=0x00000540
     222785.000 ns	     22277	80004bbc	e00588d3	fmv.x.w	x17,f11	 f11:0x7fc00000 x17=0x7fc00000
     223965.000 ns	     22395	80004bc0	580abd53	fsqrt.s	f26,f21	 f21:0x4e1e3d27 f26=0x465fc802
     223985.000 ns	     22397	80004bc4	41a754b3	sra	x9,x14,x26	 x14:0x00000001 x26:0xfffffb93  x9=0x00000000
     224005.000 ns	     22399	80004bc8	c00cbc53	fcvt.w.s	x24,f25	 f25:0x7fc00000 x24=0x7fffffff
     224035.000 ns	     22402	80004bcc	03bb92b3	mulh	x5,x23,x27	 x23:0x7ffffff8 x27:0x00000000  x5=0x00000000
     224055.000 ns	     22404	80004bd0	41690a33	sub	x20,x18,x22	 x18:0x00000010 x22:0x00000000 x20=0x00000010
     224075.000 ns	     22406	80004bd4	032d08b3	mul	x17,x26,x18	 x26:0xfffffb93 x18:0x00000010 x17=0xffffb930
     224105.000 ns	     22409	80004bd8	21b5aad3	fsgnjx.s	f21,f11,f27	 f11:0x7fc00000 f27:0x4ea956f0 f21=0x7fc00000
     224125.000 ns	     22411	80004bdc	002dd533	srl	x10,x27,x2	 x27:0x00000000  x2:0x00000000 x10=0x00000000
     224135.000 ns	     22412	80004be0	007e4933	xor	x18,x28,x7	 x28:0x00000000  x7:0x00000001 x18=0x00000001
     224155.000 ns	     22414	80004be4	d00a7b53	fcvt.s.w	f22,x20	 x20:0x00000010 f22=0x41800000
     224185.000 ns	     22417	80004be8	e00609d3	fmv.x.w	x19,f12	 f12:0x42680000 x19=0x42680000
     224555.000 ns	     22454	80004bec	0390f7b3	remu	x15,x1,x25	  x1:0xffffffff x25:0x80041024 x15=0x7ffbefdb
     224575.000 ns	     22456	80004bf0	00231fb3	sll	x31,x6,x2	  x6:0x00000000  x2:0x00000000 x31=0x00000000
     224585.000 ns	     22457	80004bf4	011e9cb3	sll	x25,x29,x17	 x29:0x00000010 x17:0xffffb930 x25=0x00100000
     224595.000 ns	     22458	80004bf8	d7cdf313	andi	x6,x27,-644	 x27:0x00000000  x6=0x00000000
     224605.000 ns	     22459	80004bfc	0872f093	andi	x1,x5,135	  x5:0x00000000  x1=0x00000000
     224625.000 ns	     22461	80004c00	e00a84d3	fmv.x.w	x9,f21	 f21:0x7fc00000  x9=0x7fc00000
     224645.000 ns	     22463	80004c04	921ce437	lui	x8,0x921ce	  x8=0x921ce000
     224665.000 ns	     22465	80004c08	c0117053	fcvt.wu.s	x0,f2	  f2:0x00000000
     224715.000 ns	     22470	80004c0c	01bc9353	fadd.s	f6,f25,f27	 f25:0x7fc00000 f27:0x4ea956f0  f6=0x7fc00000
     224735.000 ns	     22472	80004c10	6d660697	auipc	x13,0x6d660	 x13=0xed664c10
     224755.000 ns	     22474	80004c14	c019fb53	fcvt.wu.s	x22,f19	 f19:0x4e1e3d27 x22=0x278f49c0
     224775.000 ns	     22476	80004c18	78711c97	auipc	x25,0x78711	 x25=0xf8715c18
     224785.000 ns	     22477	80004c1c	4ab98817	auipc	x16,0x4ab98	 x16=0xcab9cc1c
     224805.000 ns	     22479	80004c20	c00fa6d3	fcvt.w.s	x13,f31	 f31:0x7fc00000 x13=0x7fffffff
     224825.000 ns	     22481	80004c24	c29fe613	ori	x12,x31,-983	 x31:0x00000000 x12=0xfffffc29
     224845.000 ns	     22483	80004c28	202d0e53	fsgnj.s	f28,f26,f2	 f26:0x465fc802  f2:0x00000000 f28=0x465fc802
     224865.000 ns	     22485	80004c2c	00000013	addi	x0,x0,0	  x0:0x00000000
     224875.000 ns	     22486	80004c30	01edb733	sltu	x14,x27,x30	 x27:0x00000000 x30:0x80041024 x14=0x00000001
     224885.000 ns	     22487	80004c34	00a3d793	srli	x15,x7,0xa	  x7:0x00000001 x15=0x00000000
     224905.000 ns	     22489	80004c38	a1768fd3	fle.s	x31,f13,f23	 f13:0x00000000 f23:0x7fc00000 x31=0x00000000
     224935.000 ns	     22492	80004c3c	288e9c53	fmax.s	f24,f29,f8	 f29:0x7fc00000  f8:0x00000000 f24=0x00000000
     224965.000 ns	     22495	80004c40	211222d3	fsgnjx.s	f5,f4,f17	  f4:0x7fc00000 f17:0x7fc00000  f5=0x7fc00000
     224985.000 ns	     22497	80004c44	01619533	sll	x10,x3,x22	  x3:0x80040fe4 x22:0x278f49c0 x10=0x80040fe4
     225005.000 ns	     22499	80004c48	203b8e53	fsgnj.s	f28,f23,f3	 f23:0x7fc00000  f3:0x7fc00000 f28=0x7fc00000
     225035.000 ns	     22502	80004c4c	21e41053	fsgnjn.s	f0,f8,f30	  f8:0x00000000 f30:0x7fc00000  f0=0x80000000
     225065.000 ns	     22505	80004c50	02175233	divu	x4,x14,x1	 x14:0x00000001  x1:0x00000000  x4=0xffffffff
     225085.000 ns	     22507	80004c54	41a4d333	sra	x6,x9,x26	  x9:0x7fc00000 x26:0xfffffb93  x6=0x00000ff8
     225095.000 ns	     22508	80004c58	12410e93	addi	x29,x2,292	  x2:0x00000000 x29=0x00000124
     225115.000 ns	     22510	80004c5c	c00cc8d3	fcvt.w.s	x17,f25	 f25:0x7fc00000 x17=0x7fffffff
     225145.000 ns	     22513	80004c60	e00716d3	fclass.s	x13,f14	 f14:0x7fc00000 x13=0x00000200
     225165.000 ns	     22515	80004c64	33ddc317	auipc	x6,0x33ddc	  x6=0xb3de0c64
     225175.000 ns	     22516	80004c68	410bd413	srai	x8,x23,0x10	 x23:0x7ffffff8  x8=0x00007fff
     225195.000 ns	     22518	80004c6c	d00f2b53	fcvt.s.w	f22,x30	 x30:0x80041024 f22=0xcefff7e0
     225215.000 ns	     22520	80004c70	ac3a3197	auipc	x3,0xac3a3	  x3=0x2c3a7c70
     225235.000 ns	     22522	80004c74	a1a22853	feq.s	x16,f4,f26	  f4:0x7fc00000 f26:0x465fc802 x16=0x00000000
     225265.000 ns	     22525	80004c78	284e0c53	fmin.s	f24,f28,f4	 f28:0x7fc00000  f4:0x7fc00000 f24=0x7fc00000
     225305.000 ns	     22529	80004c7c	116f76d3	fmul.s	f13,f30,f22	 f30:0x7fc00000 f22:0xcefff7e0 f13=0x7fc00000
     225335.000 ns	     22532	80004c80	e00886d3	fmv.x.w	x13,f17	 f17:0x7fc00000 x13=0x7fc00000
     225355.000 ns	     22534	80004c84	5bafb113	sltiu	x2,x31,1466	 x31:0x00000000  x2=0x00000001
     225365.000 ns	     22535	80004c88	01c36333	or	x6,x6,x28	  x6:0xb3de0c64 x28:0x00000000  x6=0xb3de0c64
     225385.000 ns	     22537	80004c8c	a1dc0953	fle.s	x18,f24,f29	 f24:0x7fc00000 f29:0x7fc00000 x18=0x00000000
     225405.000 ns	     22539	80004c90	002a1813	slli	x16,x20,0x2	 x20:0x00000010 x16=0x00000040
     225425.000 ns	     22541	80004c94	20949653	fsgnjn.s	f12,f9,f9	  f9:0x00000000  f9:0x00000000 f12=0x80000000
     225445.000 ns	     22543	80004c98	14f60213	addi	x4,x12,335	 x12:0xfffffc29  x4=0xfffffd78
     225455.000 ns	     22544	80004c9c	00e3a1b3	slt	x3,x7,x14	  x7:0x00000001 x14:0x00000001  x3=0x00000000
     225465.000 ns	     22545	80004ca0	c9523913	sltiu	x18,x4,-875	  x4:0xffffffff x18=0x00000000
     225495.000 ns	     22548	80004ca4	197af853	fdiv.s	f16,f21,f23	 f21:0x7fc00000 f23:0x7fc00000 f16=0x7fc00000
     225525.000 ns	     22551	80004ca8	c0090253	fcvt.w.s	x4,f18	 f18:0x4dd65fcb  x4=0x1acbf960
     225545.000 ns	     22553	80004cac	01599993	slli	x19,x19,0x15	 x19:0x42680000 x19=0x00000000
     225565.000 ns	     22555	80004cb0	02d81933	mulh	x18,x16,x13	 x16:0x00000040 x13:0x7fc00000 x18=0x0000001f
     225935.000 ns	     22592	80004cb4	022d49b3	div	x19,x26,x2	 x26:0xfffffb93  x2:0x00000001 x19=0xfffffb93
     225965.000 ns	     22595	80004cb8	a0c308d3	fle.s	x17,f6,f12	  f6:0x7fc00000 f12:0x80000000 x17=0x00000000
     225985.000 ns	     22597	80004cbc	41e58133	sub	x2,x11,x30	 x11:0x80040fe4 x30:0x80041024  x2=0xffffffc0
     225995.000 ns	     22598	80004cc0	41c1da33	sra	x20,x3,x28	  x3:0x00000000 x28:0x00000000 x20=0x00000000
     226005.000 ns	     22599	80004cc4	a45d6737	lui	x14,0xa45d6	 x14=0xa45d6000
     226015.000 ns	     22600	80004cc8	01bee4b3	or	x9,x29,x27	 x29:0x00000124 x27:0x00000000  x9=0x00000124
     226035.000 ns	     22602	80004ccc	d00532d3	fcvt.s.w	f5,x10	 x10:0x80040fe4  f5=0xcefff7e1
     226065.000 ns	     22605	80004cd0	02509433	mulh	x8,x1,x5	  x1:0x00000000  x5:0x00000000  x8=0x00000000
     226095.000 ns	     22608	80004cd4	d00ff853	fcvt.s.w	f16,x31	 x31:0x00000000 f16=0x00000000
     226115.000 ns	     22610	80004cd8	f3344c93	xori	x25,x8,-205	  x8:0x00000000 x25=0xffffff33
     226125.000 ns	     22611	80004cdc	013f41b3	xor	x3,x30,x19	 x30:0x80041024 x19:0xfffffb93  x3=0x7ffbebb7
     226145.000 ns	     22613	80004ce0	285d8353	fmin.s	f6,f27,f5	 f27:0x4ea956f0  f5:0xcefff7e1  f6=0xcefff7e1
     226165.000 ns	     22615	80004ce4	000c88b3	add	x17,x25,x0	 x25:0xffffff33  x0:0x00000000 x17=0xffffff33
     226175.000 ns	     22616	80004ce8	92803c97	auipc	x25,0x92803	 x25=0x12807ce8
     226185.000 ns	     22617	80004cec	0005f733	and	x14,x11,x0	 x11:0x80040fe4  x0:0x00000000 x14=0x00000000
     226205.000 ns	     22619	80004cf0	e00f1153	fclass.s	x2,f30	 f30:0x7fc00000  x2=0x00000200
     226225.000 ns	     22621	80004cf4	411902b3	sub	x5,x18,x17	 x18:0x0000001f x17:0xffffff33  x5=0x000000ec
     226235.000 ns	     22622	80004cf8	73313d93	sltiu	x27,x2,1843	  x2:0x00000200 x27=0x00000001
     226255.000 ns	     22624	80004cfc	038300b3	mul	x1,x6,x24	  x6:0xb3de0c64 x24:0x7fffffff  x1=0x4c21f39c
     226285.000 ns	     22627	80004d00	03209d33	mulh	x26,x1,x18	  x1:0x00000000 x18:0x0000001f x26=0x00000009
     226305.000 ns	     22629	80004d04	0062d8b3	srl	x17,x5,x6	  x5:0x000000ec  x6:0xb3de0c64 x17=0x0000000e
     226325.000 ns	     22631	80004d08	29bf07d3	fmin.s	f15,f30,f27	 f30:0x7fc00000 f27:0x4ea956f0 f15=0x4ea956f0
     226355.000 ns	     22634	80004d0c	20dd02d3	fsgnj.s	f5,f26,f13	 f26:0x465fc802 f13:0x7fc00000  f5=0x465fc802
     226375.000 ns	     22636	80004d10	00c9ed33	or	x26,x19,x12	 x19:0xfffffb93 x12:0xfffffc29 x26=0xffffffbb
     226735.000 ns	     22672	80004d14	02a3ec33	rem	x24,x7,x10	  x7:0x00000001 x10:0x80040fe4 x24=0x00000001
     227105.000 ns	     22709	80004d18	033edcb3	divu	x25,x29,x19	 x29:0x00000124 x19:0xfffffb93 x25=0x00000000
     227135.000 ns	     22712	80004d1c	c0158353	fcvt.wu.s	x6,f11	 f11:0x7fc00000  x6=0xffffffff
     227155.000 ns	     22714	80004d20	0043dc13	srli	x24,x7,0x4	  x7:0x00000001 x24=0x00000000
     227165.000 ns	     22715	80004d24	bc2450b7	lui	x1,0xbc245	  x1=0xbc245000
     227185.000 ns	     22717	80004d28	03e632b3	mulhu	x5,x12,x30	 x12:0xfffffc29 x30:0x80041024  x5=0x80040e38
     227215.000 ns	     22720	80004d2c	a0aba953	feq.s	x18,f23,f10	 f23:0x7fc00000 f10:0x7fc00000 x18=0x00000000
     227235.000 ns	     22722	80004d30	013d1113	slli	x2,x26,0x13	 x26:0xffffffbb  x2=0xfdd80000
     227255.000 ns	     22724	80004d34	c00e29d3	fcvt.w.s	x19,f28	 f28:0x7fc00000 x19=0x7fffffff
     227275.000 ns	     22726	80004d38	781a8113	addi	x2,x21,1921	 x21:0x54ab7822  x2=0x54ab7fa3
     227285.000 ns	     22727	80004d3c	32b38813	addi	x16,x7,811	  x7:0x00000001 x16=0x0000032c
     227645.000 ns	     22763	80004d40	03b378b3	remu	x17,x6,x27	  x6:0xffffffff x27:0x00000001 x17=0x00000000
     227665.000 ns	     22765	80004d44	6d0bf813	andi	x16,x23,1744	 x23:0x7ffffff8 x16=0x000006d0
     227675.000 ns	     22766	80004d48	6343e213	ori	x4,x7,1588	  x7:0x00000001  x4=0x00000635
     227705.000 ns	     22769	80004d4c	1905be53	fdiv.s	f28,f11,f16	 f11:0x7fc00000 f16:0x00000000 f28=0x7fc00000
     227725.000 ns	     22771	80004d50	ba033993	sltiu	x19,x6,-1120	  x6:0xffffffff x19=0x00000000
     227745.000 ns	     22773	80004d54	20d59e53	fsgnjn.s	f28,f11,f13	 f11:0x7fc00000 f13:0x7fc00000 f28=0xffc00000
     227775.000 ns	     22776	80004d58	21e81753	fsgnjn.s	f14,f16,f30	 f16:0x00000000 f30:0x7fc00000 f14=0x80000000
     227795.000 ns	     22778	80004d5c	6995b313	sltiu	x6,x11,1689	 x11:0x80040fe4  x6=0x00000000
     227815.000 ns	     22780	80004d60	c00d3d53	fcvt.w.s	x26,f26	 f26:0x465fc802 x26=0x000037f3
     228185.000 ns	     22817	80004d64	022bfa33	remu	x20,x23,x2	 x23:0x7ffffff8  x2:0x54ab7fa3 x20=0x2b548055
     228205.000 ns	     22819	80004d68	5bbbab13	slti	x22,x23,1467	 x23:0x7ffffff8 x22=0x00000000
     228215.000 ns	     22820	80004d6c	492dfb93	andi	x23,x27,1170	 x27:0x00000001 x23=0x00000000
     228235.000 ns	     22822	80004d70	d00771d3	fcvt.s.w	f3,x14	 x14:0x00000000  f3=0x00000000
     228275.000 ns	     22826	80004d74	19c81b53	fdiv.s	f22,f16,f28	 f16:0x00000000 f28:0xffc00000 f22=0x7fc00000
     228295.000 ns	     22828	80004d78	003d6fb3	or	x31,x26,x3	 x26:0x000037f3  x3:0x7ffbebb7 x31=0x7ffbfff7
     228305.000 ns	     22829	80004d7c	54cd02b7	lui	x5,0x54cd0	  x5=0x54cd0000
     228325.000 ns	     22831	80004d80	03428333	mul	x6,x5,x20	  x5:0x80040e38 x20:0x2b548055  x6=0xa8110000
     228695.000 ns	     22868	80004d84	0302d233	divu	x4,x5,x16	  x5:0x80040e38 x16:0x000006d0  x4=0x000c72a4
     228715.000 ns	     22870	80004d88	413cd093	srai	x1,x25,0x13	 x25:0x00000000  x1=0x00000000
     228725.000 ns	     22871	80004d8c	6aee4c93	xori	x25,x28,1710	 x28:0x00000000 x25=0x000006ae
     229085.000 ns	     22907	80004d90	02986d33	rem	x26,x16,x9	 x16:0x000006d0  x9:0x00000124 x26=0x0000011c
     229105.000 ns	     22909	80004d94	9f9f3313	sltiu	x6,x30,-1543	 x30:0x80041024  x6=0x00000001
     229145.000 ns	     22913	80004d98	00de7cd3	fadd.s	f25,f28,f13	 f28:0xffc00000 f13:0x7fc00000 f25=0x7fc00000
     229175.000 ns	     22916	80004d9c	a0632a53	feq.s	x20,f6,f6	  f6:0xcefff7e1  f6:0xcefff7e1 x20=0x00000001
     229225.000 ns	     22921	80004da0	016c7d53	fadd.s	f26,f24,f22	 f24:0x7fc00000 f22:0x7fc00000 f26=0x7fc00000
     229255.000 ns	     22924	80004da4	c006cd53	fcvt.w.s	x26,f13	 f13:0x7fc00000 x26=0x7fffffff
     229625.000 ns	     22961	80004da8	0357c333	div	x6,x15,x21	 x15:0x00000000 x21:0x54ab7822  x6=0x00000000
     229655.000 ns	     22964	80004dac	a0f79653	flt.s	x12,f15,f15	 f15:0x4ea956f0 f15:0x4ea956f0 x12=0x00000000
     229685.000 ns	     22967	80004db0	02faf733	remu	x14,x21,x15	 x21:0x54ab7822 x15:0x00000000 x14=0x54ab7822
     229715.000 ns	     22970	80004db4	033e2133	mulhsu	x2,x28,x19	 x28:0x00000000 x19:0x00000000  x2=0x00000000
     229745.000 ns	     22973	80004db8	a1f297d3	flt.s	x15,f5,f31	  f5:0x465fc802 f31:0x7fc00000 x15=0x00000000
     229765.000 ns	     22975	80004dbc	78432113	slti	x2,x6,1924	  x6:0x00000000  x2=0x00000001
     229795.000 ns	     22978	80004dc0	101b3c53	fmul.s	f24,f22,f1	 f22:0x7fc00000  f1:0x42680000 f24=0x7fc00000
     229825.000 ns	     22981	80004dc4	29218cd3	fmin.s	f25,f3,f18	  f3:0x00000000 f18:0x4dd65fcb f25=0x00000000
     229855.000 ns	     22984	80004dc8	038babb3	mulhsu	x23,x23,x24	 x23:0x00000000 x24:0x00000000 x23=0x00000000
     229885.000 ns	     22987	80004dcc	f0058953	fmv.w.x	f18,x11	 x11:0x80040fe4 f18=0x80040fe4
     229925.000 ns	     22991	80004dd0	195a0853	fdiv.s	f16,f20,f21	 f20:0x7fc00000 f21:0x7fc00000 f16=0x7fc00000
     231105.000 ns	     23109	80004dd4	5809fdd3	fsqrt.s	f27,f19	 f19:0x4e1e3d27 f27=0x465fc802
     231125.000 ns	     23111	80004dd8	1c9c3d13	sltiu	x26,x24,457	 x24:0x00000000 x26=0x00000001
     231135.000 ns	     23112	80004ddc	40e15333	sra	x6,x2,x14	  x2:0x00000001 x14:0x54ab7822  x6=0x00000000
     231155.000 ns	     23114	80004de0	02fd61b3	rem	x3,x26,x15	 x26:0x7fffffff x15:0x00000000  x3=0x00000001
     231175.000 ns	     23116	80004de4	41e70bb3	sub	x23,x14,x30	 x14:0x54ab7822 x30:0x80041024 x23=0xd4a767fe
     231195.000 ns	     23118	80004de8	e0030ed3	fmv.x.w	x29,f6	  f6:0xcefff7e1 x29=0xcefff7e1
     231225.000 ns	     23121	80004dec	e00d9653	fclass.s	x12,f27	 f27:0x465fc802 x12=0x00000040
     231595.000 ns	     23158	80004df0	02e8c0b3	div	x1,x17,x14	 x17:0x00000000 x14:0x54ab7822  x1=0x00000000
     231615.000 ns	     23160	80004df4	01a082b3	add	x5,x1,x26	  x1:0x00000000 x26:0x00000001  x5=0x00000001
     232785.000 ns	     23277	80004df8	5809f453	fsqrt.s	f8,f19	 f19:0x4e1e3d27  f8=0x465fc802
     232815.000 ns	     23280	80004dfc	21ec90d3	fsgnjn.s	f1,f25,f30	 f25:0x00000000 f30:0x7fc00000  f1=0x80000000
     232845.000 ns	     23283	80004e00	e00a9dd3	fclass.s	x27,f21	 f21:0x7fc00000 x27=0x00000200
     232875.000 ns	     23286	80004e04	a04321d3	feq.s	x3,f6,f4	  f6:0xcefff7e1  f4:0x7fc00000  x3=0x00000000
     232895.000 ns	     23288	80004e08	00d11a33	sll	x20,x2,x13	  x2:0x00000001 x13:0x7fc00000 x20=0x00000001
     232905.000 ns	     23289	80004e0c	016ff8b3	and	x17,x31,x22	 x31:0x7ffbfff7 x22:0x00000000 x17=0x00000000
     232945.000 ns	     23293	80004e10	008d4953	fadd.s	f18,f26,f8	 f26:0x7fc00000  f8:0x465fc802 f18=0x7fc00000
     232965.000 ns	     23295	80004e14	40ebd793	srai	x15,x23,0xe	 x23:0xd4a767fe x15=0xffff529d
     232975.000 ns	     23296	80004e18	1c12c213	xori	x4,x5,449	  x5:0x00000001  x4=0x000001c0
     233305.000 ns	     23329	80004e1c	193dc9d3	fdiv.s	f19,f27,f19	 f27:0x465fc802 f19:0x4e1e3d27 f19=0x375fc802
     233335.000 ns	     23332	80004e20	20469953	fsgnjn.s	f18,f13,f4	 f13:0x7fc00000  f4:0x7fc00000 f18=0xffc00000
     233355.000 ns	     23334	80004e24	41fdd6b3	sra	x13,x27,x31	 x27:0x00000200 x31:0x7ffbfff7 x13=0x00000000
     233365.000 ns	     23335	80004e28	005bdf93	srli	x31,x23,0x5	 x23:0xd4a767fe x31=0x06a53b3f
     233385.000 ns	     23337	80004e2c	a15a08d3	fle.s	x17,f20,f21	 f20:0x7fc00000 f21:0x7fc00000 x17=0x00000000
     233415.000 ns	     23340	80004e30	a1f62053	feq.s	x0,f12,f31	 f12:0x80000000 f31:0x7fc00000
     233435.000 ns	     23342	80004e34	c02681b7	lui	x3,0xc0268	  x3=0xc0268000
     233445.000 ns	     23343	80004e38	9817ed37	lui	x26,0x9817e	 x26=0x9817e000
     233465.000 ns	     23345	80004e3c	c0100253	fcvt.wu.s	x4,f0	  f0:0x80000000  x4=0x00000000
     233495.000 ns	     23348	80004e40	20798753	fsgnj.s	f14,f19,f7	 f19:0x375fc802  f7:0x00000000 f14=0x375fc802
     233515.000 ns	     23350	80004e44	00d46eb3	or	x29,x8,x13	  x8:0x00000000 x13:0x00000000 x29=0x00000000
     233545.000 ns	     23353	80004e48	10bff753	fmul.s	f14,f31,f11	 f31:0x7fc00000 f11:0x7fc00000 f14=0x7fc00000
     233565.000 ns	     23355	80004e4c	41775993	srai	x19,x14,0x17	 x14:0x54ab7822 x19=0x000000a9
     233575.000 ns	     23356	80004e50	92987893	andi	x17,x16,-1751	 x16:0x000006d0 x17=0x00000000
     233585.000 ns	     23357	80004e54	008274b3	and	x9,x4,x8	  x4:0x00000000  x8:0x00000000  x9=0x00000000
     233605.000 ns	     23359	80004e58	c0077353	fcvt.w.s	x6,f14	 f14:0x7fc00000  x6=0x7fffffff
     233635.000 ns	     23362	80004e5c	c0121fd3	fcvt.wu.s	x31,f4	  f4:0x7fc00000 x31=0xffffffff
     233655.000 ns	     23364	80004e60	00000013	addi	x0,x0,0	  x0:0x00000000
     233675.000 ns	     23366	80004e64	29ff8dd3	fmin.s	f27,f31,f31	 f31:0x7fc00000 f31:0x7fc00000 f27=0x7fc00000
     233715.000 ns	     23370	80004e68	580301d3	fsqrt.s	f3,f6	  f6:0xcefff7e1  f3=0x7fc00000
     233735.000 ns	     23372	80004e6c	f9cbac93	slti	x25,x23,-100	 x23:0xd4a767fe x25=0x00000001
     233755.000 ns	     23374	80004e70	c016f3d3	fcvt.wu.s	x7,f13	 f13:0x7fc00000  x7=0xffffffff
     233775.000 ns	     23376	80004e74	0109a7b3	slt	x15,x19,x16	 x19:0x000000a9 x16:0x000006d0 x15=0x00000001
     233795.000 ns	     23378	80004e78	d0192853	fcvt.s.wu	f16,x18	 x18:0x00000000 f16=0x00000000
     234165.000 ns	     23415	80004e7c	03797b33	remu	x22,x18,x23	 x18:0x00000000 x23:0xd4a767fe x22=0x00000000
     234185.000 ns	     23417	80004e80	012eac33	slt	x24,x29,x18	 x29:0x00000000 x18:0x00000000 x24=0x00000000
     234205.000 ns	     23419	80004e84	20af8dd3	fsgnj.s	f27,f31,f10	 f31:0x7fc00000 f10:0x7fc00000 f27=0x7fc00000
     234225.000 ns	     23421	80004e88	017c0633	add	x12,x24,x23	 x24:0x00000000 x23:0xd4a767fe x12=0xd4a767fe
     234235.000 ns	     23422	80004e8c	007e9a13	slli	x20,x29,0x7	 x29:0x00000000 x20=0x00000000
     234255.000 ns	     23424	80004e90	02e4b8b3	mulhu	x17,x9,x14	  x9:0x00000000 x14:0x54ab7822 x17=0x00000000
     234275.000 ns	     23426	80004e94	4dafda17	auipc	x20,0x4dafd	 x20=0xcdb01e94
     234295.000 ns	     23428	80004e98	20c71b53	fsgnjn.s	f22,f14,f12	 f14:0x7fc00000 f12:0x80000000 f22=0x7fc00000
     234315.000 ns	     23430	80004e9c	cdc7b813	sltiu	x16,x15,-804	 x15:0x00000001 x16=0x00000001
     234325.000 ns	     23431	80004ea0	00d64433	xor	x8,x12,x13	 x12:0xd4a767fe x13:0x00000000  x8=0xd4a767fe
     234345.000 ns	     23433	80004ea4	a1321453	flt.s	x8,f4,f19	  f4:0x7fc00000 f19:0x375fc802  x8=0x00000000
     234375.000 ns	     23436	80004ea8	281a1353	fmax.s	f6,f20,f1	 f20:0x7fc00000  f1:0x80000000  f6=0x80000000
     234405.000 ns	     23439	80004eac	d000c6d3	fcvt.s.w	f13,x1	  x1:0x00000000 f13=0x00000000
     234435.000 ns	     23442	80004eb0	289b92d3	fmax.s	f5,f23,f9	 f23:0x7fc00000  f9:0x00000000  f5=0x00000000
     234485.000 ns	     23447	80004eb4	087d2b53	fsub.s	f22,f26,f7	 f26:0x7fc00000  f7:0x00000000 f22=0x7fc00000
     234505.000 ns	     23449	80004eb8	01c01d33	sll	x26,x0,x28	  x0:0x00000000 x28:0x00000000 x26=0x00000000
     234525.000 ns	     23451	80004ebc	024f4db3	div	x27,x30,x4	 x30:0x80041024  x4:0x00000000 x27=0xffffffff
     234555.000 ns	     23454	80004ec0	02feb1b3	mulhu	x3,x29,x15	 x29:0x00000000 x15:0x00000001  x3=0x00000000
     234605.000 ns	     23459	80004ec4	08c50f53	fsub.s	f30,f10,f12	 f10:0x7fc00000 f12:0x80000000 f30=0x7fc00000
     234635.000 ns	     23462	80004ec8	03078433	mul	x8,x15,x16	 x15:0x00000001 x16:0x00000001  x8=0x00000001
     234655.000 ns	     23464	80004ecc	01c4d013	srli	x0,x9,0x1c	  x9:0x00000000
     234675.000 ns	     23466	80004ed0	02375db3	divu	x27,x14,x3	 x14:0x54ab7822  x3:0x00000000 x27=0xffffffff
     235045.000 ns	     23503	80004ed4	02c2cfb3	div	x31,x5,x12	  x5:0x00000001 x12:0xd4a767fe x31=0x00000000
     235085.000 ns	     23507	80004ed8	5804f2d3	fsqrt.s	f5,f9	  f9:0x00000000  f5=0x00000000
     235455.000 ns	     23544	80004edc	025e7cb3	remu	x25,x28,x5	 x28:0x00000000  x5:0x00000001 x25=0x00000000
     235485.000 ns	     23547	80004ee0	e0019653	fclass.s	x12,f3	  f3:0x7fc00000 x12=0x00000200
     235515.000 ns	     23550	80004ee4	a0c5a853	feq.s	x16,f11,f12	 f11:0x7fc00000 f12:0x80000000 x16=0x00000000
     235535.000 ns	     23552	80004ee8	00e63033	sltu	x0,x12,x14	 x12:0x00000200 x14:0x54ab7822
     235545.000 ns	     23553	80004eec	0083f733	and	x14,x7,x8	  x7:0xffffffff  x8:0x00000001 x14=0x00000001
     235555.000 ns	     23554	80004ef0	003d72b3	and	x5,x26,x3	 x26:0x00000000  x3:0x00000000  x5=0x00000000
     235565.000 ns	     23555	80004ef4	2a93aa13	slti	x20,x7,681	  x7:0xffffffff x20=0x00000001
     235585.000 ns	     23557	80004ef8	202d1dd3	fsgnjn.s	f27,f26,f2	 f26:0x7fc00000  f2:0x00000000 f27=0xffc00000
     235615.000 ns	     23560	80004efc	c01e9853	fcvt.wu.s	x16,f29	 f29:0x7fc00000 x16=0xffffffff
     235645.000 ns	     23563	80004f00	a16e2fd3	feq.s	x31,f28,f22	 f28:0xffc00000 f22:0x7fc00000 x31=0x00000000
     235675.000 ns	     23566	80004f04	215792d3	fsgnjn.s	f5,f15,f21	 f15:0x4ea956f0 f21:0x7fc00000  f5=0xcea956f0
     235725.000 ns	     23571	80004f08	0154f453	fadd.s	f8,f9,f21	  f9:0x00000000 f21:0x7fc00000  f8=0x7fc00000
     235745.000 ns	     23573	80004f0c	00000013	addi	x0,x0,0	  x0:0x00000000
     235755.000 ns	     23574	80004f10	fefde3b7	lui	x7,0xfefde	  x7=0xfefde000
     235775.000 ns	     23576	80004f14	034611b3	mulh	x3,x12,x20	 x12:0x00000200 x20:0x00000001  x3=0x00000000
     235805.000 ns	     23579	80004f18	a1881253	flt.s	x4,f16,f24	 f16:0x00000000 f24:0x7fc00000  x4=0x00000000
     235835.000 ns	     23582	80004f1c	023be1b3	rem	x3,x23,x3	 x23:0xd4a767fe  x3:0x00000000  x3=0xd4a767fe
     235865.000 ns	     23585	80004f20	c0030bd3	fcvt.w.s	x23,f6	  f6:0x80000000 x23=0x00000000
     235885.000 ns	     23587	80004f24	f41feb13	ori	x22,x31,-191	 x31:0x00000000 x22=0xffffff41
     235895.000 ns	     23588	80004f28	01e510b3	sll	x1,x10,x30	 x10:0x80040fe4 x30:0x80041024  x1=0x0040fe40
     235915.000 ns	     23590	80004f2c	20f890d3	fsgnjn.s	f1,f17,f15	 f17:0x7fc00000 f15:0x4ea956f0  f1=0xffc00000
     235945.000 ns	     23593	80004f30	0347adb3	mulhsu	x27,x15,x20	 x15:0x00000001 x20:0x00000001 x27=0x00000000
     235965.000 ns	     23595	80004f34	01e45e93	srli	x29,x8,0x1e	  x8:0x00000001 x29=0x00000000
     235985.000 ns	     23597	80004f38	02db0cb3	mul	x25,x22,x13	 x22:0xffffff41 x13:0x00000000 x25=0x00000000
     236015.000 ns	     23600	80004f3c	02c108b3	mul	x17,x2,x12	  x2:0x00000001 x12:0x00000200 x17=0x00000200
     236035.000 ns	     23602	80004f40	400bd813	srai	x16,x23,0x0	 x23:0x00000000 x16=0x00000000
     236055.000 ns	     23604	80004f44	e00909d3	fmv.x.w	x19,f18	 f18:0xffc00000 x19=0xffc00000
     236085.000 ns	     23607	80004f48	a1722053	feq.s	x0,f4,f23	  f4:0x7fc00000 f23:0x7fc00000
     236115.000 ns	     23610	80004f4c	2015a653	fsgnjx.s	f12,f11,f1	 f11:0x7fc00000  f1:0xffc00000 f12=0xffc00000
     236135.000 ns	     23612	80004f50	0181f233	and	x4,x3,x24	  x3:0xd4a767fe x24:0x00000000  x4=0x00000000
     236155.000 ns	     23614	80004f54	03dfab33	mulhsu	x22,x31,x29	 x31:0x00000000 x29:0x00000000 x22=0x00000000
     236175.000 ns	     23616	80004f58	01c21b33	sll	x22,x4,x28	  x4:0x00000000 x28:0x00000000 x22=0x00000000
     236185.000 ns	     23617	80004f5c	01a486b3	add	x13,x9,x26	  x9:0x00000000 x26:0x00000000 x13=0x00000000
     236215.000 ns	     23620	80004f60	18042b53	fdiv.s	f22,f8,f0	  f8:0x7fc00000  f0:0x80000000 f22=0x7fc00000
     236245.000 ns	     23623	80004f64	a06f02d3	fle.s	x5,f30,f6	 f30:0x7fc00000  f6:0x80000000  x5=0x00000000
     236285.000 ns	     23627	80004f68	19a2b053	fdiv.s	f0,f5,f26	  f5:0xcea956f0 f26:0x7fc00000  f0=0x7fc00000
     236305.000 ns	     23629	80004f6c	51137e93	andi	x29,x6,1297	  x6:0x7fffffff x29=0x00000511
     236315.000 ns	     23630	80004f70	e9ea9917	auipc	x18,0xe9ea9	 x18=0x69eadf70
     236325.000 ns	     23631	80004f74	5864ca13	xori	x20,x9,1414	  x9:0x00000000 x20=0x00000586
     236335.000 ns	     23632	80004f78	019a9733	sll	x14,x21,x25	 x21:0x54ab7822 x25:0x00000000 x14=0x54ab7822
     236695.000 ns	     23668	80004f7c	0225eeb3	rem	x29,x11,x2	 x11:0x80040fe4  x2:0x00000001 x29=0x00000000
     236725.000 ns	     23671	80004f80	20f11453	fsgnjn.s	f8,f2,f15	  f2:0x00000000 f15:0x4ea956f0  f8=0x80000000
     237095.000 ns	     23708	80004f84	02285eb3	divu	x29,x16,x2	 x16:0x00000000  x2:0x00000001 x29=0x00000000
     237115.000 ns	     23710	80004f88	c1fd6193	ori	x3,x26,-993	 x26:0x00000000  x3=0xfffffc1f
     237125.000 ns	     23711	80004f8c	00000013	addi	x0,x0,0	  x0:0x00000000
     237145.000 ns	     23713	80004f90	d0027d53	fcvt.s.w	f26,x4	  x4:0x00000000 f26=0x00000000
     237165.000 ns	     23715	80004f94	a0834613	xori	x12,x6,-1528	  x6:0x7fffffff x12=0x800005f7
     237175.000 ns	     23716	80004f98	41935e33	sra	x28,x6,x25	  x6:0x7fffffff x25:0x00000000 x28=0x7fffffff
     237185.000 ns	     23717	80004f9c	91fe8e93	addi	x29,x29,-1761	 x29:0x00000000 x29=0xfffff91f
     237205.000 ns	     23719	80004fa0	039669b3	rem	x19,x12,x25	 x12:0x800005f7 x25:0x00000000 x19=0x800005f7
     237225.000 ns	     23721	80004fa4	7152c313	xori	x6,x5,1813	  x5:0x00000000  x6=0x00000715
     237245.000 ns	     23723	80004fa8	207b1753	fsgnjn.s	f14,f22,f7	 f22:0x7fc00000  f7:0x00000000 f14=0xffc00000
     237275.000 ns	     23726	80004fac	a0341753	flt.s	x14,f8,f3	  f8:0x80000000  f3:0x7fc00000 x14=0x00000000
     237295.000 ns	     23728	80004fb0	40795833	sra	x16,x18,x7	 x18:0x69eadf70  x7:0xfefde000 x16=0x69eadf70
     238465.000 ns	     23845	80004fb4	5809f353	fsqrt.s	f6,f19	 f19:0x375fc802  f6=0x3b1e3cbc
     238835.000 ns	     23882	80004fb8	02236d33	rem	x26,x6,x2	  x6:0x00000715  x2:0x00000001 x26=0x00000000
     238855.000 ns	     23884	80004fbc	40595633	sra	x12,x18,x5	 x18:0x69eadf70  x5:0x00000000 x12=0x69eadf70
     238875.000 ns	     23886	80004fc0	a12f9dd3	flt.s	x27,f31,f18	 f31:0x7fc00000 f18:0xffc00000 x27=0x00000000
     238895.000 ns	     23888	80004fc4	8dfca113	slti	x2,x25,-1825	 x25:0x00000000  x2=0x00000000
     238915.000 ns	     23890	80004fc8	022b5fb3	divu	x31,x22,x2	 x22:0x00000000  x2:0x00000001 x31=0xffffffff
     238945.000 ns	     23893	80004fcc	038f3d33	mulhu	x26,x30,x24	 x30:0x80041024 x24:0x00000000 x26=0x00000000
     239315.000 ns	     23930	80004fd0	02366633	rem	x12,x12,x3	 x12:0x69eadf70  x3:0xfffffc1f x12=0x000003da
     239335.000 ns	     23932	80004fd4	7c332193	slti	x3,x6,1987	  x6:0x00000715  x3=0x00000001
     239345.000 ns	     23933	80004fd8	00131713	slli	x14,x6,0x1	  x6:0x00000715 x14=0x00000e2a
     239365.000 ns	     23935	80004fdc	214c9953	fsgnjn.s	f18,f25,f20	 f25:0x00000000 f20:0x7fc00000 f18=0x80000000
     239385.000 ns	     23937	80004fe0	01232033	slt	x0,x6,x18	  x6:0x00000715 x18:0x69eadf70
     239745.000 ns	     23973	80004fe4	02f07533	remu	x10,x0,x15	  x0:0x00000000 x15:0x00000001 x10=0x00000000
     239775.000 ns	     23976	80004fe8	02fb34b3	mulhu	x9,x22,x15	 x22:0x00000000 x15:0x00000001  x9=0x00000000
     239805.000 ns	     23979	80004fec	28718fd3	fmin.s	f31,f3,f7	  f3:0x7fc00000  f7:0x00000000 f31=0x00000000
     239835.000 ns	     23982	80004ff0	28949853	fmax.s	f16,f9,f9	  f9:0x00000000  f9:0x00000000 f16=0x00000000
     239855.000 ns	     23984	80004ff4	4177dc93	srai	x25,x15,0x17	 x15:0x00000001 x25=0x00000000
     239865.000 ns	     23985	80004ff8	01e53733	sltu	x14,x10,x30	 x10:0x00000000 x30:0x80041024 x14=0x00000001
     239885.000 ns	     23987	80004ffc	029ca1b3	mulhsu	x3,x25,x9	 x25:0x00000000  x9:0x00000000  x3=0x00000000
     239915.000 ns	     23990	80005000	a1bd1fd3	flt.s	x31,f26,f27	 f26:0x00000000 f27:0xffc00000 x31=0x00000000
     240285.000 ns	     24027	80005004	02e8fdb3	remu	x27,x17,x14	 x17:0x00000200 x14:0x00000001 x27=0x00000000
     240305.000 ns	     24029	80005008	bb14f037	lui	x0,0xbb14f	
     240325.000 ns	     24031	8000500c	c01fb4d3	fcvt.wu.s	x9,f31	 f31:0x00000000  x9=0x00000000
     240365.000 ns	     24035	80005010	1956bdd3	fdiv.s	f27,f13,f21	 f13:0x00000000 f21:0x7fc00000 f27=0x7fc00000
     240395.000 ns	     24038	80005014	03da8bb3	mul	x23,x21,x29	 x21:0x54ab7822 x29:0xfffff91f x23=0x907a9e1e
     240415.000 ns	     24040	80005018	0163d8b3	srl	x17,x7,x22	  x7:0xfefde000 x22:0x00000000 x17=0xfefde000
     240425.000 ns	     24041	8000501c	019e5233	srl	x4,x28,x25	 x28:0x7fffffff x25:0x00000000  x4=0x7fffffff
     240435.000 ns	     24042	80005020	10079d17	auipc	x26,0x10079	 x26=0x9007e020
     240445.000 ns	     24043	80005024	47014513	xori	x10,x2,1136	  x2:0x00000000 x10=0x00000470
     240465.000 ns	     24045	80005028	21e6a2d3	fsgnjx.s	f5,f13,f30	 f13:0x00000000 f30:0x7fc00000  f5=0x00000000
     240515.000 ns	     24050	8000502c	00527d53	fadd.s	f26,f4,f5	  f4:0x7fc00000  f5:0xcea956f0 f26=0x7fc00000
     240565.000 ns	     24055	80005030	00b57bd3	fadd.s	f23,f10,f11	 f10:0x7fc00000 f11:0x7fc00000 f23=0x7fc00000
     240595.000 ns	     24058	80005034	e0091b53	fclass.s	x22,f18	 f18:0x80000000 x22=0x00000008
     240625.000 ns	     24061	80005038	d0131ed3	fcvt.s.wu	f29,x6	  x6:0x00000715 f29=0x44e2a000
     240655.000 ns	     24064	8000503c	038bf233	remu	x4,x23,x24	 x23:0x907a9e1e x24:0x00000000  x4=0x907a9e1e
     240675.000 ns	     24066	80005040	5ed12eb7	lui	x29,0x5ed12	 x29=0x5ed12000
     240685.000 ns	     24067	80005044	cb6ec913	xori	x18,x29,-842	 x29:0xfffff91f x18=0xa12edcb6
     240705.000 ns	     24069	80005048	a0ea0bd3	fle.s	x23,f20,f14	 f20:0x7fc00000 f14:0xffc00000 x23=0x00000000
     240745.000 ns	     24073	8000504c	115e2fd3	fmul.s	f31,f28,f21	 f28:0xffc00000 f21:0x7fc00000 f31=0x7fc00000
     241115.000 ns	     24110	80005050	03a7e733	rem	x14,x15,x26	 x15:0x00000001 x26:0x9007e020 x14=0x00000001
     241145.000 ns	     24113	80005054	21f42c53	fsgnjx.s	f24,f8,f31	  f8:0x80000000 f31:0x7fc00000 f24=0x80000000
     241175.000 ns	     24116	80005058	a0f79053	flt.s	x0,f15,f15	 f15:0x4ea956f0 f15:0x4ea956f0
     241195.000 ns	     24118	8000505c	01f800b3	add	x1,x16,x31	 x16:0x69eadf70 x31:0x00000000  x1=0x69eadf70
     241205.000 ns	     24119	80005060	015dfb33	and	x22,x27,x21	 x27:0x00000000 x21:0x54ab7822 x22=0x00000000
     241215.000 ns	     24120	80005064	01c320b3	slt	x1,x6,x28	  x6:0x00000715 x28:0x7fffffff  x1=0x00000001
     241235.000 ns	     24122	80005068	28838e53	fmin.s	f28,f7,f8	  f7:0x00000000  f8:0x80000000 f28=0x80000000
     241255.000 ns	     24124	8000506c	9c578d97	auipc	x27,0x9c578	 x27=0x1c57d06c
     241275.000 ns	     24126	80005070	029dc333	div	x6,x27,x9	 x27:0x00000000  x9:0x00000000  x6=0xffffffff
     241305.000 ns	     24129	80005074	21ad88d3	fsgnj.s	f17,f27,f26	 f27:0x7fc00000 f26:0x7fc00000 f17=0x7fc00000
     241335.000 ns	     24132	80005078	0308a233	mulhsu	x4,x17,x16	 x17:0xfefde000 x16:0x69eadf70  x4=0xff95340d
     241365.000 ns	     24135	8000507c	a1682bd3	feq.s	x23,f16,f22	 f16:0x00000000 f22:0x7fc00000 x23=0x00000000
     241405.000 ns	     24139	80005080	1132fad3	fmul.s	f21,f5,f19	  f5:0x00000000 f19:0x375fc802 f21=0x00000000
     241425.000 ns	     24141	80005084	009d1333	sll	x6,x26,x9	 x26:0x9007e020  x9:0x00000000  x6=0x9007e020
     241445.000 ns	     24143	80005088	a10e1853	flt.s	x16,f28,f16	 f28:0x80000000 f16:0x00000000 x16=0x00000000
     241465.000 ns	     24145	8000508c	405c58b3	sra	x17,x24,x5	 x24:0x00000000  x5:0x00000000 x17=0x00000000
     241485.000 ns	     24147	80005090	0238b4b3	mulhu	x9,x17,x3	 x17:0xfefde000  x3:0x00000000  x9=0x00000000
     241505.000 ns	     24149	80005094	00424533	xor	x10,x4,x4	  x4:0xff95340d  x4:0xff95340d x10=0x00000000
     241525.000 ns	     24151	80005098	02820e33	mul	x28,x4,x8	  x4:0xff95340d  x8:0x00000001 x28=0xff95340d
     241555.000 ns	     24154	8000509c	030fe133	rem	x2,x31,x16	 x31:0x00000000 x16:0x00000000  x2=0x00000000
     241585.000 ns	     24157	800050a0	c00b89d3	fcvt.w.s	x19,f23	 f23:0x7fc00000 x19=0x7fffffff
     241605.000 ns	     24159	800050a4	900dfd93	andi	x27,x27,-1792	 x27:0x1c57d06c x27=0x1c57d000
     241615.000 ns	     24160	800050a8	00c6b833	sltu	x16,x13,x12	 x13:0x00000000 x12:0x000003da x16=0x00000001
     241635.000 ns	     24162	800050ac	21310953	fsgnj.s	f18,f2,f19	  f2:0x00000000 f19:0x375fc802 f18=0x00000000
     241655.000 ns	     24164	800050b0	41cd08b3	sub	x17,x26,x28	 x26:0x9007e020 x28:0xff95340d x17=0x9072ac13
     241665.000 ns	     24165	800050b4	01dcd033	srl	x0,x25,x29	 x25:0x00000000 x29:0x5ed12000
     241675.000 ns	     24166	800050b8	01b8e1b3	or	x3,x17,x27	 x17:0x00000000 x27:0x1c57d000  x3=0x9c77fc13
     241685.000 ns	     24167	800050bc	007318b3	sll	x17,x6,x7	  x6:0x9007e020  x7:0xfefde000 x17=0x9007e020
     241695.000 ns	     24168	800050c0	01151893	slli	x17,x10,0x11	 x10:0x00000000 x17=0x00000000
     241725.000 ns	     24171	800050c4	10ff43d3	fmul.s	f7,f30,f15	 f30:0x7fc00000 f15:0x4ea956f0  f7=0x7fc00000
     241745.000 ns	     24173	800050c8	4019d333	sra	x6,x19,x1	 x19:0x7fffffff  x1:0x00000001  x6=0x3fffffff
     241755.000 ns	     24174	800050cc	a411c313	xori	x6,x3,-1471	  x3:0x9c77fc13  x6=0x63880652
     242115.000 ns	     24210	800050d0	03e3e6b3	rem	x13,x7,x30	  x7:0xfefde000 x30:0x80041024 x13=0xfefde000
     242135.000 ns	     24212	800050d4	00eed833	srl	x16,x29,x14	 x29:0x5ed12000 x14:0x00000001 x16=0x2f689000
     242145.000 ns	     24213	800050d8	41df0d33	sub	x26,x30,x29	 x30:0x80041024 x29:0x5ed12000 x26=0x2132f024
     242155.000 ns	     24214	800050dc	01f0b133	sltu	x2,x1,x31	  x1:0x00000001 x31:0x00000000  x2=0x00000000
     242165.000 ns	     24215	800050e0	0119b533	sltu	x10,x19,x17	 x19:0x7fffffff x17:0x00000000 x10=0x00000000
     242185.000 ns	     24217	800050e4	e00b1fd3	fclass.s	x31,f22	 f22:0x7fc00000 x31=0x00000200
     242225.000 ns	     24221	800050e8	10e0f753	fmul.s	f14,f1,f14	  f1:0xffc00000 f14:0xffc00000 f14=0x7fc00000
     242595.000 ns	     24258	800050ec	03a97033	remu	x0,x18,x26	 x18:0xa12edcb6 x26:0x2132f024
     242625.000 ns	     24261	800050f0	02b61fb3	mulh	x31,x12,x11	 x12:0x000003da x11:0x80040fe4 x31=0xfffffe13
     242675.000 ns	     24266	800050f4	00081953	fadd.s	f18,f16,f0	 f16:0x00000000  f0:0x7fc00000 f18=0x7fc00000
     242705.000 ns	     24269	800050f8	03cb17b3	mulh	x15,x22,x28	 x22:0x00000000 x28:0xff95340d x15=0x00000000
     242725.000 ns	     24271	800050fc	09c0ceb7	lui	x29,0x9c0c	 x29=0x09c0c000
     242735.000 ns	     24272	80005100	c8f43313	sltiu	x6,x8,-881	  x8:0x00000001  x6=0x00000001
     242755.000 ns	     24274	80005104	a03416d3	flt.s	x13,f8,f3	  f8:0x80000000  f3:0x7fc00000 x13=0x00000000
     242775.000 ns	     24276	80005108	1fbf8613	addi	x12,x31,507	 x31:0xfffffe13 x12=0x0000000e
     242795.000 ns	     24278	8000510c	0316a6b3	mulhsu	x13,x13,x17	 x13:0x00000000 x17:0x00000000 x13=0x00000000
     242825.000 ns	     24281	80005110	03f08733	mul	x14,x1,x31	  x1:0x00000001 x31:0xfffffe13 x14=0xfffffe13
     242855.000 ns	     24284	80005114	c0057353	fcvt.w.s	x6,f10	 f10:0x7fc00000  x6=0x7fffffff
     242875.000 ns	     24286	80005118	560e3d13	sltiu	x26,x28,1376	 x28:0xff95340d x26=0x00000000
     242885.000 ns	     24287	8000511c	00978933	add	x18,x15,x9	 x15:0x00000000  x9:0x00000000 x18=0x00000000
     243245.000 ns	     24323	80005120	021ec1b3	div	x3,x29,x1	 x29:0x09c0c000  x1:0x00000001  x3=0x09c0c000
     243265.000 ns	     24325	80005124	00659f93	slli	x31,x11,0x6	 x11:0x80040fe4 x31=0x0103f900
     243275.000 ns	     24326	80005128	d5670bb7	lui	x23,0xd5670	 x23=0xd5670000
     243295.000 ns	     24328	8000512c	0217aeb3	mulhsu	x29,x15,x1	 x15:0x00000000  x1:0x00000001 x29=0x00000000
     243315.000 ns	     24330	80005130	2a8e0893	addi	x17,x28,680	 x28:0xff95340d x17=0xff9536b5
     243325.000 ns	     24331	80005134	01f63633	sltu	x12,x12,x31	 x12:0x0000000e x31:0x0103f900 x12=0x00000001
     243335.000 ns	     24332	80005138	0172e2b3	or	x5,x5,x23	  x5:0x00000000 x23:0xd5670000  x5=0xd5670000
     243345.000 ns	     24333	8000513c	00000013	addi	x0,x0,0	  x0:0x00000000
     243365.000 ns	     24335	80005140	f00e09d3	fmv.w.x	f19,x28	 x28:0xff95340d f19=0xff95340d
     243415.000 ns	     24340	80005144	006c4ed3	fadd.s	f29,f24,f6	 f24:0x80000000  f6:0x3b1e3cbc f29=0x3b1e3cbc
     243445.000 ns	     24343	80005148	a1b394d3	flt.s	x9,f7,f27	  f7:0x7fc00000 f27:0x7fc00000  x9=0x00000000
     243465.000 ns	     24345	8000514c	65048e37	lui	x28,0x65048	 x28=0x65048000
     243475.000 ns	     24346	80005150	92b18813	addi	x16,x3,-1749	  x3:0x09c0c000 x16=0x09c0b92b
     243485.000 ns	     24347	80005154	d3a52993	slti	x19,x10,-710	 x10:0x00000000 x19=0x00000000
     243505.000 ns	     24349	80005158	0288adb3	mulhsu	x27,x17,x8	 x17:0xff9536b5  x8:0x00000001 x27=0xffffffff
     243535.000 ns	     24352	8000515c	03e32533	mulhsu	x10,x6,x30	  x6:0x7fffffff x30:0x80041024 x10=0x40020811
     243565.000 ns	     24355	80005160	a0ff1dd3	flt.s	x27,f30,f15	 f30:0x7fc00000 f15:0x4ea956f0 x27=0x00000000
     243595.000 ns	     24358	80005164	a1f702d3	fle.s	x5,f14,f31	 f14:0x7fc00000 f31:0x7fc00000  x5=0x00000000
     243625.000 ns	     24361	80005168	032ac6b3	div	x13,x21,x18	 x21:0x54ab7822 x18:0x00000000 x13=0xffffffff
     243645.000 ns	     24363	8000516c	40af5a33	sra	x20,x30,x10	 x30:0x80041024 x10:0x40020811 x20=0xffffc002
     243675.000 ns	     24366	80005170	10a314d3	fmul.s	f9,f6,f10	  f6:0x3b1e3cbc f10:0x7fc00000  f9=0x7fc00000
     243705.000 ns	     24369	80005174	a0689353	flt.s	x6,f17,f6	 f17:0x7fc00000  f6:0x3b1e3cbc  x6=0x00000000
     243735.000 ns	     24372	80005178	214329d3	fsgnjx.s	f19,f6,f20	  f6:0x3b1e3cbc f20:0x7fc00000 f19=0x3b1e3cbc
     243765.000 ns	     24375	8000517c	c00e8553	fcvt.w.s	x10,f29	 f29:0x3b1e3cbc x10=0x00000000
     243785.000 ns	     24377	80005180	01772433	slt	x8,x14,x23	 x14:0xfffffe13 x23:0xd5670000  x8=0x00000000
     243795.000 ns	     24378	80005184	52edbe93	sltiu	x29,x27,1326	 x27:0x00000000 x29=0x00000001
     243815.000 ns	     24380	80005188	e0081753	fclass.s	x14,f16	 f16:0x00000000 x14=0x00000010
     243845.000 ns	     24383	8000518c	022683b3	mul	x7,x13,x2	 x13:0xffffffff  x2:0x00000000  x7=0x00000000
     243865.000 ns	     24385	80005190	a5695237	lui	x4,0xa5695	  x4=0xa5695000
     243905.000 ns	     24389	80005194	09044053	fsub.s	f0,f8,f16	  f8:0x80000000 f16:0x00000000  f0=0x80000000
     243935.000 ns	     24392	80005198	a1649c53	flt.s	x24,f9,f22	  f9:0x7fc00000 f22:0x7fc00000 x24=0x00000000
     243965.000 ns	     24395	8000519c	202485d3	fsgnj.s	f11,f9,f2	  f9:0x7fc00000  f2:0x00000000 f11=0x7fc00000
     243985.000 ns	     24397	800051a0	012ce1b3	or	x3,x25,x18	 x25:0x00000000 x18:0x00000000  x3=0x00000000
     243995.000 ns	     24398	800051a4	0027ee33	or	x28,x15,x2	 x15:0x00000000  x2:0x00000000 x28=0x00000000
     244015.000 ns	     24400	800051a8	0266a033	mulhsu	x0,x13,x6	 x13:0xffffffff  x6:0x00000000
     244035.000 ns	     24402	800051ac	9769fe93	andi	x29,x19,-1674	 x19:0x00000000 x29=0x00000000
     244045.000 ns	     24403	800051b0	01f15d93	srli	x27,x2,0x1f	  x2:0x00000000 x27=0x00000000
     244065.000 ns	     24405	800051b4	20588bd3	fsgnj.s	f23,f17,f5	 f17:0x7fc00000  f5:0x00000000 f23=0x7fc00000
     244095.000 ns	     24408	800051b8	f00f8753	fmv.w.x	f14,x31	 x31:0x0103f900 f14=0x0103f900
     244125.000 ns	     24411	800051bc	026ae133	rem	x2,x21,x6	 x21:0x54ab7822  x6:0x00000000  x2=0x54ab7822
     244495.000 ns	     24448	800051c0	02e9f7b3	remu	x15,x19,x14	 x19:0x00000000 x14:0x00000010 x15=0x00000000
     244535.000 ns	     24452	800051c4	58087053	fsqrt.s	f0,f16	 f16:0x00000000  f0=0x00000000
     244555.000 ns	     24454	800051c8	45b77517	auipc	x10,0x45b77	 x10=0xc5b7c1c8
     244565.000 ns	     24455	800051cc	013e6933	or	x18,x28,x19	 x28:0x00000000 x19:0x00000000 x18=0x00000000
     244575.000 ns	     24456	800051d0	01d6aa33	slt	x20,x13,x29	 x13:0xffffffff x29:0x00000000 x20=0x00000001
     244595.000 ns	     24458	800051d4	e00000d3	fmv.x.w	x1,f0	  f0:0x00000000  x1=0x00000000
     244635.000 ns	     24462	800051d8	580176d3	fsqrt.s	f13,f2	  f2:0x00000000 f13=0x00000000
     244665.000 ns	     24465	800051dc	21290b53	fsgnj.s	f22,f18,f18	 f18:0x7fc00000 f18:0x7fc00000 f22=0x7fc00000
     244695.000 ns	     24468	800051e0	c01b2853	fcvt.wu.s	x16,f22	 f22:0x7fc00000 x16=0xffffffff
     244725.000 ns	     24471	800051e4	a1179053	flt.s	x0,f15,f17	 f15:0x4ea956f0 f17:0x7fc00000
     244775.000 ns	     24476	800051e8	0034b753	fadd.s	f14,f9,f3	  f9:0x7fc00000  f3:0x7fc00000 f14=0x7fc00000
     244795.000 ns	     24478	800051ec	9accae37	lui	x28,0x9acca	 x28=0x9acca000
     245155.000 ns	     24514	800051f0	0356f4b3	remu	x9,x13,x21	 x13:0xffffffff x21:0x54ab7822  x9=0x01fd9799
     245185.000 ns	     24517	800051f4	c0007553	fcvt.w.s	x10,f0	  f0:0x00000000 x10=0x00000000
     245205.000 ns	     24519	800051f8	00000013	addi	x0,x0,0	  x0:0x00000000
     245245.000 ns	     24523	800051fc	001b2ad3	fadd.s	f21,f22,f1	 f22:0x7fc00000  f1:0xffc00000 f21=0x7fc00000
     245275.000 ns	     24526	80005200	d01d8b53	fcvt.s.wu	f22,x27	 x27:0x00000000 f22=0x00000000
     245305.000 ns	     24529	80005204	03c53d33	mulhu	x26,x10,x28	 x10:0x00000000 x28:0x9acca000 x26=0x00000000
     245325.000 ns	     24531	80005208	41d4d693	srai	x13,x9,0x1d	  x9:0x01fd9799 x13=0x00000000
     245335.000 ns	     24532	8000520c	01762133	slt	x2,x12,x23	 x12:0x00000001 x23:0xd5670000  x2=0x00000000
     245345.000 ns	     24533	80005210	865f7813	andi	x16,x30,-1947	 x30:0x80041024 x16=0x80041024
     245355.000 ns	     24534	80005214	6c386c93	ori	x25,x16,1731	 x16:0xffffffff x25=0x800416e7
     245375.000 ns	     24536	80005218	a1c28153	fle.s	x2,f5,f28	  f5:0x00000000 f28:0x80000000  x2=0x00000001
     245395.000 ns	     24538	8000521c	27ea8337	lui	x6,0x27ea8	  x6=0x27ea8000
     245405.000 ns	     24539	80005220	41980833	sub	x16,x16,x25	 x16:0x80041024 x25:0x800416e7 x16=0xfffff93d
     245415.000 ns	     24540	80005224	4cd04193	xori	x3,x0,1229	  x0:0x00000000  x3=0x000004cd
     245425.000 ns	     24541	80005228	00e368b3	or	x17,x6,x14	  x6:0x27ea8000 x14:0x00000010 x17=0x27ea8010
     245445.000 ns	     24543	8000522c	02883233	mulhu	x4,x16,x8	 x16:0xfffff93d  x8:0x00000000  x4=0x00000000
     245475.000 ns	     24546	80005230	d00a9e53	fcvt.s.w	f28,x21	 x21:0x54ab7822 f28=0x4ea956f0
     245505.000 ns	     24549	80005234	f00283d3	fmv.w.x	f7,x5	  x5:0x00000000  f7=0x00000000
     245525.000 ns	     24551	80005238	9b284697	auipc	x13,0x9b284	 x13=0x1b289238
     245545.000 ns	     24553	8000523c	c0152053	fcvt.wu.s	x0,f10	 f10:0x7fc00000
     245565.000 ns	     24555	80005240	410083b3	sub	x7,x1,x16	  x1:0x00000000 x16:0xfffff93d  x7=0x000006c3
     245585.000 ns	     24557	80005244	21db9053	fsgnjn.s	f0,f23,f29	 f23:0x7fc00000 f29:0x3b1e3cbc  f0=0xffc00000
     245605.000 ns	     24559	80005248	0e100e13	addi	x28,x0,225	  x0:0x00000000 x28=0x000000e1
     245615.000 ns	     24560	8000524c	f6c72093	slti	x1,x14,-148	 x14:0x00000010  x1=0x00000000
     245635.000 ns	     24562	80005250	a0bc04d3	fle.s	x9,f24,f11	 f24:0x80000000 f11:0x7fc00000  x9=0x00000000
     245655.000 ns	     24564	80005254	05fbb513	sltiu	x10,x23,95	 x23:0xd5670000 x10=0x00000000
     245665.000 ns	     24565	80005258	366d0e13	addi	x28,x26,870	 x26:0x00000000 x28=0x00000366
     245685.000 ns	     24567	8000525c	f00f0fd3	fmv.w.x	f31,x30	 x30:0x80041024 f31=0x80041024
     245725.000 ns	     24571	80005260	580ab6d3	fsqrt.s	f13,f21	 f21:0x7fc00000 f13=0x7fc00000
     245745.000 ns	     24573	80005264	0081db13	srli	x22,x3,0x8	  x3:0x000004cd x22=0x00000004
     245755.000 ns	     24574	80005268	0178ce33	xor	x28,x17,x23	 x17:0x27ea8010 x23:0xd5670000 x28=0xf28d8010
     245775.000 ns	     24576	8000526c	0262bdb3	mulhu	x27,x5,x6	  x5:0x00000000  x6:0x27ea8000 x27=0x00000000
     245805.000 ns	     24579	80005270	c01e7353	fcvt.wu.s	x6,f28	 f28:0x4ea956f0  x6=0x54ab7800
     245825.000 ns	     24581	80005274	f9b0e513	ori	x10,x1,-101	  x1:0x00000000 x10=0xffffff9b
     245845.000 ns	     24583	80005278	29bc8353	fmin.s	f6,f25,f27	 f25:0x00000000 f27:0x7fc00000  f6=0x00000000
     245875.000 ns	     24586	8000527c	c00bf053	fcvt.w.s	x0,f23	 f23:0x7fc00000
     245905.000 ns	     24589	80005280	c0027553	fcvt.w.s	x10,f4	  f4:0x7fc00000 x10=0x7fffffff
     245935.000 ns	     24592	80005284	03235cb3	divu	x25,x6,x18	  x6:0x54ab7800 x18:0x00000000 x25=0xffffffff
     245965.000 ns	     24595	80005288	28e308d3	fmin.s	f17,f6,f14	  f6:0x00000000 f14:0x7fc00000 f17=0x00000000
     245985.000 ns	     24597	8000528c	00432b33	slt	x22,x6,x4	  x6:0x54ab7800  x4:0x00000000 x22=0x00000000
     246005.000 ns	     24599	80005290	f00602d3	fmv.w.x	f5,x12	 x12:0x00000001  f5=0x00000001
     246035.000 ns	     24602	80005294	022f2333	mulhsu	x6,x30,x2	 x30:0x80041024  x2:0x00000001  x6=0xffffffff
     246055.000 ns	     24604	80005298	223c4613	xori	x12,x24,547	 x24:0x00000000 x12=0x00000223
     246065.000 ns	     24605	8000529c	de40e513	ori	x10,x1,-540	  x1:0x00000000 x10=0xfffffde4
     246085.000 ns	     24607	800052a0	026a9733	mulh	x14,x21,x6	 x21:0x54ab7822  x6:0xffffffff x14=0xffffffff
     246105.000 ns	     24609	800052a4	00000013	addi	x0,x0,0	  x0:0x00000000
     246125.000 ns	     24611	800052a8	20469153	fsgnjn.s	f2,f13,f4	 f13:0x7fc00000  f4:0x7fc00000  f2=0xffc00000
     246145.000 ns	     24613	800052ac	e74d7c37	lui	x24,0xe74d7	 x24=0xe74d7000
     246155.000 ns	     24614	800052b0	4ef94d37	lui	x26,0x4ef94	 x26=0x4ef94000
     246165.000 ns	     24615	800052b4	00f227b3	slt	x15,x4,x15	  x4:0x00000000 x15:0x00000000 x15=0x00000000
     246175.000 ns	     24616	800052b8	018812b3	sll	x5,x16,x24	 x16:0xfffff93d x24:0xe74d7000  x5=0xfffff93d
     246185.000 ns	     24617	800052bc	ae662b13	slti	x22,x12,-1306	 x12:0x00000223 x22=0x00000000
     246205.000 ns	     24619	800052c0	c00d7cd3	fcvt.w.s	x25,f26	 f26:0x7fc00000 x25=0x7fffffff
     246235.000 ns	     24622	800052c4	d015f853	fcvt.s.wu	f16,x11	 x11:0x80040fe4 f16=0x4f00040f
     246265.000 ns	     24625	800052c8	289e8353	fmin.s	f6,f29,f9	 f29:0x3b1e3cbc  f9:0x7fc00000  f6=0x3b1e3cbc
     246295.000 ns	     24628	800052cc	a0872fd3	feq.s	x31,f14,f8	 f14:0x7fc00000  f8:0x80000000 x31=0x00000000
     246325.000 ns	     24631	800052d0	29d70fd3	fmin.s	f31,f14,f29	 f14:0x7fc00000 f29:0x3b1e3cbc f31=0x3b1e3cbc
     246355.000 ns	     24634	800052d4	a14194d3	flt.s	x9,f3,f20	  f3:0x7fc00000 f20:0x7fc00000  x9=0x00000000
     246375.000 ns	     24636	800052d8	00553b33	sltu	x22,x10,x5	 x10:0xfffffde4  x5:0xfffff93d x22=0x00000000
     246395.000 ns	     24638	800052dc	a1b6a553	feq.s	x10,f13,f27	 f13:0x7fc00000 f27:0x7fc00000 x10=0x00000000
     246415.000 ns	     24640	800052e0	fa527013	andi	x0,x4,-91	  x4:0x00000000
     246425.000 ns	     24641	800052e4	2a29b013	sltiu	x0,x19,674	 x19:0x00000000
     246445.000 ns	     24643	800052e8	03833733	mulhu	x14,x6,x24	  x6:0xffffffff x24:0xe74d7000 x14=0xe74d6fff
     246475.000 ns	     24646	800052ec	022fb433	mulhu	x8,x31,x2	 x31:0x00000000  x2:0x00000001  x8=0x00000000
     246495.000 ns	     24648	800052f0	000b9013	slli	x0,x23,0x0	 x23:0xd5670000
     246505.000 ns	     24649	800052f4	01649833	sll	x16,x9,x22	  x9:0x00000000 x22:0x00000000 x16=0x00000000
     246515.000 ns	     24650	800052f8	009f6eb3	or	x29,x30,x9	 x30:0x80041024  x9:0x00000000 x29=0x80041024
     246525.000 ns	     24651	800052fc	ff0ba137	lui	x2,0xff0ba	  x2=0xff0ba000
     246545.000 ns	     24653	80005300	a0dcaed3	feq.s	x29,f25,f13	 f25:0x00000000 f13:0x7fc00000 x29=0x00000000
     246585.000 ns	     24657	80005304	1837f0d3	fdiv.s	f1,f15,f3	 f15:0x4ea956f0  f3:0x7fc00000  f1=0x7fc00000
     246635.000 ns	     24662	80005308	00b1f453	fadd.s	f8,f3,f11	  f3:0x7fc00000 f11:0x7fc00000  f8=0x7fc00000
     247005.000 ns	     24699	8000530c	0226c9b3	div	x19,x13,x2	 x13:0x1b289238  x2:0xff0ba000 x19=0xffffffe4
     247035.000 ns	     24702	80005310	f0018ed3	fmv.w.x	f29,x3	  x3:0x000004cd f29=0x000004cd
     247065.000 ns	     24705	80005314	21a6a753	fsgnjx.s	f14,f13,f26	 f13:0x7fc00000 f26:0x7fc00000 f14=0x7fc00000
     247085.000 ns	     24707	80005318	02980213	addi	x4,x16,41	 x16:0x00000000  x4=0x00000029
     247095.000 ns	     24708	8000531c	01401a13	slli	x20,x0,0x14	  x0:0x00000000 x20=0x00000000
     247105.000 ns	     24709	80005320	6e565437	lui	x8,0x6e565	  x8=0x6e565000
     247125.000 ns	     24711	80005324	20e009d3	fsgnj.s	f19,f0,f14	  f0:0xffc00000 f14:0x7fc00000 f19=0x7fc00000
     247165.000 ns	     24715	80005328	580cff53	fsqrt.s	f30,f25	 f25:0x00000000 f30=0x00000000
     247205.000 ns	     24719	8000532c	1027cb53	fmul.s	f22,f15,f2	 f15:0x4ea956f0  f2:0xffc00000 f22=0x7fc00000
     247225.000 ns	     24721	80005330	0107c433	xor	x8,x15,x16	 x15:0x00000000 x16:0x00000000  x8=0x00000000
     247245.000 ns	     24723	80005334	c0047853	fcvt.w.s	x16,f8	  f8:0x7fc00000 x16=0x7fffffff
     247265.000 ns	     24725	80005338	d68f8493	addi	x9,x31,-664	 x31:0x00000000  x9=0xfffffd68
     247275.000 ns	     24726	8000533c	402adcb3	sra	x25,x21,x2	 x21:0x54ab7822  x2:0xff0ba000 x25=0x54ab7822
     247295.000 ns	     24728	80005340	20638fd3	fsgnj.s	f31,f7,f6	  f7:0x00000000  f6:0x3b1e3cbc f31=0x00000000
     247315.000 ns	     24730	80005344	198820b7	lui	x1,0x19882	  x1=0x19882000
     247325.000 ns	     24731	80005348	012f1d33	sll	x26,x30,x18	 x30:0x80041024 x18:0x00000000 x26=0x80041024
     247345.000 ns	     24733	8000534c	c01012d3	fcvt.wu.s	x5,f0	  f0:0xffc00000  x5=0xffffffff
     247365.000 ns	     24735	80005350	00dd4a33	xor	x20,x26,x13	 x26:0x4ef94000 x13:0x1b289238 x20=0x9b2c821c
     247375.000 ns	     24736	80005354	f59fb213	sltiu	x4,x31,-167	 x31:0x00000000  x4=0x00000001
     247395.000 ns	     24738	80005358	210d2153	fsgnjx.s	f2,f26,f16	 f26:0x7fc00000 f16:0x4f00040f  f2=0x7fc00000
     247765.000 ns	     24775	8000535c	02da4733	div	x14,x20,x13	 x20:0x9b2c821c x13:0x1b289238 x14=0xfffffffd
     247795.000 ns	     24778	80005360	02f147b3	div	x15,x2,x15	  x2:0xff0ba000 x15:0x00000000 x15=0xffffffff
     247815.000 ns	     24780	80005364	00000013	addi	x0,x0,0	  x0:0x00000000
     247835.000 ns	     24782	80005368	035a3233	mulhu	x4,x20,x21	 x20:0x9b2c821c x21:0x54ab7822  x4=0x33528a3d
     248205.000 ns	     24819	8000536c	024c69b3	rem	x19,x24,x4	 x24:0xe74d7000  x4:0x00000001 x19=0xe74d7000
     248225.000 ns	     24821	80005370	01702433	slt	x8,x0,x23	  x0:0x00000000 x23:0xd5670000  x8=0x00000000
     248235.000 ns	     24822	80005374	40650033	sub	x0,x10,x6	 x10:0x00000000  x6:0xffffffff
     248255.000 ns	     24824	80005378	208a0653	fsgnj.s	f12,f20,f8	 f20:0x7fc00000  f8:0x7fc00000 f12=0x7fc00000
     248285.000 ns	     24827	8000537c	a0200cd3	fle.s	x25,f0,f2	  f0:0xffc00000  f2:0x7fc00000 x25=0x00000000
     248305.000 ns	     24829	80005380	400ed3b3	sra	x7,x29,x0	 x29:0x00000000  x0:0x00000000  x7=0x00000000
     248325.000 ns	     24831	80005384	d00cf153	fcvt.s.w	f2,x25	 x25:0x00000000  f2=0x00000000
     248345.000 ns	     24833	80005388	000176b3	and	x13,x2,x0	  x2:0xff0ba000  x0:0x00000000 x13=0x00000000
     248355.000 ns	     24834	8000538c	00089a33	sll	x20,x17,x0	 x17:0x27ea8010  x0:0x00000000 x20=0x27ea8010
     248365.000 ns	     24835	80005390	75b3b993	sltiu	x19,x7,1883	  x7:0x00000000 x19=0x00000001
     248375.000 ns	     24836	80005394	01995d33	srl	x26,x18,x25	 x18:0x00000000 x25:0x00000000 x26=0x00000000
     248395.000 ns	     24838	80005398	204e9d53	fsgnjn.s	f26,f29,f4	 f29:0x000004cd  f4:0x7fc00000 f26=0x800004cd
     248415.000 ns	     24840	8000539c	4a90cc93	xori	x25,x1,1193	  x1:0x19882000 x25=0x198824a9
     248425.000 ns	     24841	800053a0	014e9e33	sll	x28,x29,x20	 x29:0x00000000 x20:0x27ea8010 x28=0x00000000
     248435.000 ns	     24842	800053a4	4141d793	srai	x15,x3,0x14	  x3:0x000004cd x15=0x00000000
     248445.000 ns	     24843	800053a8	1d806513	ori	x10,x0,472	  x0:0x00000000 x10=0x000001d8
     248455.000 ns	     24844	800053ac	00267633	and	x12,x12,x2	 x12:0x00000223  x2:0xff0ba000 x12=0x00000000
     248475.000 ns	     24846	800053b0	02fb1233	mulh	x4,x22,x15	 x22:0x00000000 x15:0x00000000  x4=0x00000000
     248845.000 ns	     24883	800053b4	02386a33	rem	x20,x16,x3	 x16:0x7fffffff  x3:0x000004cd x20=0x00000149
     248865.000 ns	     24885	800053b8	01548bb3	add	x23,x9,x21	  x9:0xfffffd68 x21:0x54ab7822 x23=0x54ab758a
     248875.000 ns	     24886	800053bc	00a58733	add	x14,x11,x10	 x11:0x80040fe4 x10:0x000001d8 x14=0x800411bc
     248905.000 ns	     24889	800053c0	18b57a53	fdiv.s	f20,f10,f11	 f10:0x7fc00000 f11:0x7fc00000 f20=0x7fc00000
     248935.000 ns	     24892	800053c4	a1b19fd3	flt.s	x31,f3,f27	  f3:0x7fc00000 f27:0x7fc00000 x31=0x00000000
     248965.000 ns	     24895	800053c8	215893d3	fsgnjn.s	f7,f17,f21	 f17:0x00000000 f21:0x7fc00000  f7=0x80000000
     248985.000 ns	     24897	800053cc	00fe5813	srli	x16,x28,0xf	 x28:0x00000000 x16=0x00000000
     249005.000 ns	     24899	800053d0	02b1adb3	mulhsu	x27,x3,x11	  x3:0x000004cd x11:0x80040fe4 x27=0x00000266
     249025.000 ns	     24901	800053d4	cc0e9e97	auipc	x29,0xcc0e9	 x29=0x4c0ee3d4
     249055.000 ns	     24904	800053d8	580ffcd3	fsqrt.s	f25,f31	 f31:0x00000000 f25=0x00000000
     249075.000 ns	     24906	800053dc	06c83993	sltiu	x19,x16,108	 x16:0x00000000 x19=0x00000001
     249095.000 ns	     24908	800053e0	a096a753	feq.s	x14,f13,f9	 f13:0x7fc00000  f9:0x7fc00000 x14=0x00000000
     249115.000 ns	     24910	800053e4	00000013	addi	x0,x0,0	  x0:0x00000000
     249135.000 ns	     24912	800053e8	d00579d3	fcvt.s.w	f19,x10	 x10:0x000001d8 f19=0x43ec0000
     249165.000 ns	     24915	800053ec	02c2e2b3	rem	x5,x5,x12	  x5:0xffffffff x12:0x00000000  x5=0xffffffff
     249185.000 ns	     24917	800053f0	f258e413	ori	x8,x17,-219	 x17:0x27ea8010  x8=0xffffff35
     249195.000 ns	     24918	800053f4	61f30b97	auipc	x23,0x61f30	 x23=0xe1f353f4
     249555.000 ns	     24954	800053f8	023b4233	div	x4,x22,x3	 x22:0x00000000  x3:0x000004cd  x4=0x00000000
     249585.000 ns	     24957	800053fc	d01afd53	fcvt.s.wu	f26,x21	 x21:0x54ab7822 f26=0x4ea956f0
     249615.000 ns	     24960	80005400	a0f92b53	feq.s	x22,f18,f15	 f18:0x7fc00000 f15:0x4ea956f0 x22=0x00000000
     249635.000 ns	     24962	80005404	00121b13	slli	x22,x4,0x1	  x4:0x00000000 x22=0x00000000
     249645.000 ns	     24963	80005408	01309cb3	sll	x25,x1,x19	  x1:0x19882000 x19:0x00000001 x25=0x33104000
     249655.000 ns	     24964	8000540c	40f582b3	sub	x5,x11,x15	 x11:0x80040fe4 x15:0x00000000  x5=0x80040fe4
     249665.000 ns	     24965	80005410	54c57fb7	lui	x31,0x54c57	 x31=0x54c57000
     250025.000 ns	     25001	80005414	02b25833	divu	x16,x4,x11	  x4:0x00000000 x11:0x80040fe4 x16=0x00000000
     250045.000 ns	     25003	80005418	41395897	auipc	x17,0x41395	 x17=0xc139a418
     250065.000 ns	     25005	8000541c	e00603d3	fmv.x.w	x7,f12	 f12:0x7fc00000  x7=0x7fc00000
     250085.000 ns	     25007	80005420	00000013	addi	x0,x0,0	  x0:0x00000000
     250125.000 ns	     25011	80005424	00e63153	fadd.s	f2,f12,f14	 f12:0x7fc00000 f14:0x7fc00000  f2=0x7fc00000
     250155.000 ns	     25014	80005428	c016f853	fcvt.wu.s	x16,f13	 f13:0x7fc00000 x16=0xffffffff
     250185.000 ns	     25017	8000542c	d01528d3	fcvt.s.wu	f17,x10	 x10:0x000001d8 f17=0x43ec0000
     250215.000 ns	     25020	80005430	a04c0053	fle.s	x0,f24,f4	 f24:0x80000000  f4:0x7fc00000
     250245.000 ns	     25023	80005434	02960bb3	mul	x23,x12,x9	 x12:0x00000000  x9:0xfffffd68 x23=0x00000000
     250265.000 ns	     25025	80005438	007edd93	srli	x27,x29,0x7	 x29:0x4c0ee3d4 x27=0x00981dc7
     250285.000 ns	     25027	8000543c	02510333	mul	x6,x2,x5	  x2:0xff0ba000  x5:0x80040fe4  x6=0x54ba8000
     250305.000 ns	     25029	80005440	406c5c13	srai	x24,x24,0x6	 x24:0xe74d7000 x24=0xff9d35c0
     250665.000 ns	     25065	80005444	031979b3	remu	x19,x18,x17	 x18:0x00000000 x17:0xc139a418 x19=0x00000000
     251035.000 ns	     25102	80005448	03877db3	remu	x27,x14,x24	 x14:0x00000000 x24:0xe74d7000 x27=0x00000000
     251065.000 ns	     25105	8000544c	03ac5e33	divu	x28,x24,x26	 x24:0xff9d35c0 x26:0x00000000 x28=0xffffffff
     251085.000 ns	     25107	80005450	41cf5713	srai	x14,x30,0x1c	 x30:0x80041024 x14=0xfffffff8
     251095.000 ns	     25108	80005454	011b5f93	srli	x31,x22,0x11	 x22:0x00000000 x31=0x00000000
     251115.000 ns	     25110	80005458	a1f62853	feq.s	x16,f12,f31	 f12:0x7fc00000 f31:0x00000000 x16=0x00000000
     251145.000 ns	     25113	8000545c	d0018b53	fcvt.s.w	f22,x3	  x3:0x000004cd f22=0x4499a000
     251165.000 ns	     25115	80005460	00a88d33	add	x26,x17,x10	 x17:0xc139a418 x10:0x000001d8 x26=0xc139a5f0
     251185.000 ns	     25117	80005464	d01ec853	fcvt.s.wu	f16,x29	 x29:0x4c0ee3d4 f16=0x4e981dc8
     251235.000 ns	     25122	80005468	01658653	fadd.s	f12,f11,f22	 f11:0x7fc00000 f22:0x4499a000 f12=0x7fc00000
     251265.000 ns	     25125	8000546c	c0193ed3	fcvt.wu.s	x29,f18	 f18:0x7fc00000 x29=0xffffffff
     251285.000 ns	     25127	80005470	40935b13	srai	x22,x6,0x9	  x6:0x54ba8000 x22=0x002a5d40
     251295.000 ns	     25128	80005474	418d5fb3	sra	x31,x26,x24	 x26:0xc139a5f0 x24:0xff9d35c0 x31=0xc139a5f0
     251315.000 ns	     25130	80005478	02fc7eb3	remu	x29,x24,x15	 x24:0xff9d35c0 x15:0x00000000 x29=0xff9d35c0
     251335.000 ns	     25132	8000547c	41fc5233	sra	x4,x24,x31	 x24:0xff9d35c0 x31:0x00000000  x4=0xffffff9d
     251695.000 ns	     25168	80005480	02655633	divu	x12,x10,x6	 x10:0x000001d8  x6:0x54ba8000 x12=0x00000000
     251715.000 ns	     25170	80005484	41b580b3	sub	x1,x11,x27	 x11:0x80040fe4 x27:0x00000000  x1=0x80040fe4
     251725.000 ns	     25171	80005488	0191f3b3	and	x7,x3,x25	  x3:0x000004cd x25:0x33104000  x7=0x00000000
     251735.000 ns	     25172	8000548c	6fcf8c17	auipc	x24,0x6fcf8	 x24=0xefcfd48c
     251745.000 ns	     25173	80005490	1f6233b7	lui	x7,0x1f623	  x7=0x1f623000
     251755.000 ns	     25174	80005494	01215bb3	srl	x23,x2,x18	  x2:0xff0ba000 x18:0x00000000 x23=0xff0ba000
     252115.000 ns	     25210	80005498	0217feb3	remu	x29,x15,x1	 x15:0x00000000  x1:0x80040fe4 x29=0x00000000
     252145.000 ns	     25213	8000549c	29a798d3	fmax.s	f17,f15,f26	 f15:0x4ea956f0 f26:0x4ea956f0 f17=0x4ea956f0
     252185.000 ns	     25217	800054a0	1863c7d3	fdiv.s	f15,f7,f6	  f7:0x80000000  f6:0x3b1e3cbc f15=0x80000000
     252205.000 ns	     25219	800054a4	01abd8b3	srl	x17,x23,x26	 x23:0xff0ba000 x26:0xc139a5f0 x17=0x0000ff0b
     252215.000 ns	     25220	800054a8	424d9b97	auipc	x23,0x424d9	 x23=0xc24de4a8
     252235.000 ns	     25222	800054ac	21e62ad3	fsgnjx.s	f21,f12,f30	 f12:0x7fc00000 f30:0x00000000 f21=0x7fc00000
     252265.000 ns	     25225	800054b0	03b533b3	mulhu	x7,x10,x27	 x10:0x000001d8 x27:0x00000000  x7=0x00000000
     252285.000 ns	     25227	800054b4	01383b33	sltu	x22,x16,x19	 x16:0x00000000 x19:0x00000000 x22=0x00000000
     252295.000 ns	     25228	800054b8	00000013	addi	x0,x0,0	  x0:0x00000000
     252305.000 ns	     25229	800054bc	0475c113	xori	x2,x11,71	 x11:0x80040fe4  x2=0x80040fa3
     252315.000 ns	     25230	800054c0	4030dd13	srai	x26,x1,0x3	  x1:0x80040fe4 x26=0xf00081fc
     252675.000 ns	     25266	800054c4	02324333	div	x6,x4,x3	  x4:0xffffff9d  x3:0x000004cd  x6=0x00000000
     252695.000 ns	     25268	800054c8	0118a1b3	slt	x3,x17,x17	 x17:0x0000ff0b x17:0x0000ff0b  x3=0x00000000
     252705.000 ns	     25269	800054cc	008a1a33	sll	x20,x20,x8	 x20:0x00000149  x8:0xffffff35 x20=0x29200000
     252725.000 ns	     25271	800054d0	20be2a53	fsgnjx.s	f20,f28,f11	 f28:0x4ea956f0 f11:0x7fc00000 f20=0x4ea956f0
     252745.000 ns	     25273	800054d4	0133fb33	and	x22,x7,x19	  x7:0x00000000 x19:0x00000000 x22=0x00000000
     252755.000 ns	     25274	800054d8	017f5133	srl	x2,x30,x23	 x30:0x80041024 x23:0xc24de4a8  x2=0x00800410
     252775.000 ns	     25276	800054dc	036be433	rem	x8,x23,x22	 x23:0xc24de4a8 x22:0x00000000  x8=0xc24de4a8
     252795.000 ns	     25278	800054e0	01f09033	sll	x0,x1,x31	  x1:0x80040fe4 x31:0xc139a5f0
     252805.000 ns	     25279	800054e4	00410433	add	x8,x2,x4	  x2:0x00800410  x4:0xffffff9d  x8=0x008003ad
     252815.000 ns	     25280	800054e8	01b83d33	sltu	x26,x16,x27	 x16:0x00000000 x27:0x00000000 x26=0x00000000
     252825.000 ns	     25281	800054ec	002c4833	xor	x16,x24,x2	 x24:0xefcfd48c  x2:0x00800410 x16=0xef4fd09c
     252845.000 ns	     25283	800054f0	e00d0a53	fmv.x.w	x20,f26	 f26:0x4ea956f0 x20=0x4ea956f0
     252865.000 ns	     25285	800054f4	408ed493	srai	x9,x29,0x8	 x29:0x00000000  x9=0x00000000
     252885.000 ns	     25287	800054f8	e00f98d3	fclass.s	x17,f31	 f31:0x00000000 x17=0x00000010
     252905.000 ns	     25289	800054fc	41058eb3	sub	x29,x11,x16	 x11:0x80040fe4 x16:0xef4fd09c x29=0x90b43f48
     252925.000 ns	     25291	80005500	21382453	fsgnjx.s	f8,f16,f19	 f16:0x4e981dc8 f19:0x43ec0000  f8=0x4e981dc8
     252955.000 ns	     25294	80005504	d00072d3	fcvt.s.w	f5,x0	  x0:0x00000000  f5=0x00000000
     252985.000 ns	     25297	80005508	20b52e53	fsgnjx.s	f28,f10,f11	 f10:0x7fc00000 f11:0x7fc00000 f28=0x7fc00000
     253025.000 ns	     25301	8000550c	11c57fd3	fmul.s	f31,f10,f28	 f10:0x7fc00000 f28:0x4ea956f0 f31=0x7fc00000
     253055.000 ns	     25304	80005510	d0169dd3	fcvt.s.wu	f27,x13	 x13:0x00000000 f27=0x00000000
     253075.000 ns	     25306	80005514	d595ba37	lui	x20,0xd595b	 x20=0xd595b000
     253095.000 ns	     25308	80005518	280582d3	fmin.s	f5,f11,f0	 f11:0x7fc00000  f0:0xffc00000  f5=0x7fc00000
     253145.000 ns	     25313	8000551c	09a07d53	fsub.s	f26,f0,f26	  f0:0xffc00000 f26:0x4ea956f0 f26=0x7fc00000
     253165.000 ns	     25315	80005520	40568a33	sub	x20,x13,x5	 x13:0x00000000  x5:0x80040fe4 x20=0x7ffbf01c
     253185.000 ns	     25317	80005524	c00c0a53	fcvt.w.s	x20,f24	 f24:0x80000000 x20=0x00000000
     253215.000 ns	     25320	80005528	c0182ed3	fcvt.wu.s	x29,f16	 f16:0x4e981dc8 x29=0x4c0ee400
     253235.000 ns	     25322	8000552c	008b5933	srl	x18,x22,x8	 x22:0x00000000  x8:0x008003ad x18=0x00000000
     253245.000 ns	     25323	80005530	235f8c93	addi	x25,x31,565	 x31:0xc139a5f0 x25=0xc139a825
     253255.000 ns	     25324	80005534	416480b3	sub	x1,x9,x22	  x9:0x00000000 x22:0x00000000  x1=0x00000000
     253265.000 ns	     25325	80005538	01ed9193	slli	x3,x27,0x1e	 x27:0x00000000  x3=0x00000000
     253285.000 ns	     25327	8000553c	c00470d3	fcvt.w.s	x1,f8	  f8:0x4e981dc8  x1=0x4c0ee400
     253315.000 ns	     25330	80005540	209a9e53	fsgnjn.s	f28,f21,f9	 f21:0x7fc00000  f9:0x7fc00000 f28=0xffc00000
     253345.000 ns	     25333	80005544	28e00553	fmin.s	f10,f0,f14	  f0:0xffc00000 f14:0x7fc00000 f10=0x7fc00000
     253365.000 ns	     25335	80005548	4bcee513	ori	x10,x29,1212	 x29:0x4c0ee400 x10=0x4c0ee4bc
     253375.000 ns	     25336	8000554c	00a971b3	and	x3,x18,x10	 x18:0x00000000 x10:0x000001d8  x3=0x00000000
     253395.000 ns	     25338	80005550	21779b53	fsgnjn.s	f22,f15,f23	 f15:0x80000000 f23:0x7fc00000 f22=0x80000000
     253415.000 ns	     25340	80005554	419c5bb3	sra	x23,x24,x25	 x24:0xefcfd48c x25:0xc139a825 x23=0xff7e7ea4
     253435.000 ns	     25342	80005558	029ef433	remu	x8,x29,x9	 x29:0x4c0ee400  x9:0x00000000  x8=0x4c0ee400
     253455.000 ns	     25344	8000555c	93066393	ori	x7,x12,-1744	 x12:0x00000000  x7=0xfffff930
     253465.000 ns	     25345	80005560	85978813	addi	x16,x15,-1959	 x15:0x00000000 x16=0xfffff859
     253475.000 ns	     25346	80005564	415686b3	sub	x13,x13,x21	 x13:0x00000000 x21:0x54ab7822 x13=0xab5487de
     253485.000 ns	     25347	80005568	be202093	slti	x1,x0,-1054	  x0:0x00000000  x1=0x00000000
     253505.000 ns	     25349	8000556c	02033bb3	mulhu	x23,x6,x0	  x6:0x00000000  x0:0x00000000 x23=0x00000000
     253875.000 ns	     25386	80005570	027064b3	rem	x9,x0,x7	  x0:0x00000000  x7:0xfffff930  x9=0x00000000
     253925.000 ns	     25391	80005574	0970c0d3	fsub.s	f1,f1,f23	  f1:0x7fc00000 f23:0x7fc00000  f1=0x7fc00000
     253945.000 ns	     25393	80005578	01f7cd33	xor	x26,x15,x31	 x15:0x00000000 x31:0xc139a5f0 x26=0xc139a5f0
     253955.000 ns	     25394	8000557c	0179b333	sltu	x6,x19,x23	 x19:0x00000000 x23:0x00000000  x6=0x00000000
     253965.000 ns	     25395	80005580	000691b3	sll	x3,x13,x0	 x13:0xab5487de  x0:0x00000000  x3=0xab5487de
     254005.000 ns	     25399	80005584	08a99753	fsub.s	f14,f19,f10	 f19:0x43ec0000 f10:0x7fc00000 f14=0x7fc00000
     254035.000 ns	     25402	80005588	f0028dd3	fmv.w.x	f27,x5	  x5:0x80040fe4 f27=0x80040fe4
     254065.000 ns	     25405	8000558c	c0137cd3	fcvt.wu.s	x25,f6	  f6:0x3b1e3cbc x25=0x00000000
     254095.000 ns	     25408	80005590	d009a0d3	fcvt.s.w	f1,x19	 x19:0x00000000  f1=0x00000000
     254135.000 ns	     25412	80005594	19e27853	fdiv.s	f16,f4,f30	  f4:0x7fc00000 f30:0x00000000 f16=0x7fc00000
     254155.000 ns	     25414	80005598	012aad33	slt	x26,x21,x18	 x21:0x54ab7822 x18:0x00000000 x26=0x00000000
     254175.000 ns	     25416	8000559c	0249acb3	mulhsu	x25,x19,x4	 x19:0x00000000  x4:0xffffff9d x25=0x00000000
     254205.000 ns	     25419	800055a0	216197d3	fsgnjn.s	f15,f3,f22	  f3:0x7fc00000 f22:0x80000000 f15=0x7fc00000
     254225.000 ns	     25421	800055a4	01a2f633	and	x12,x5,x26	  x5:0x80040fe4 x26:0x00000000 x12=0x00000000
     254235.000 ns	     25422	800055a8	e9eadcb7	lui	x25,0xe9ead	 x25=0xe9ead000
     254255.000 ns	     25424	800055ac	d00206d3	fcvt.s.w	f13,x4	  x4:0xffffff9d f13=0xc2c60000
     254285.000 ns	     25427	800055b0	d013a5d3	fcvt.s.wu	f11,x7	  x7:0xfffff930 f11=0x4f7ffffa
     254325.000 ns	     25431	800055b4	11a130d3	fmul.s	f1,f2,f26	  f2:0x7fc00000 f26:0x7fc00000  f1=0x7fc00000
     254355.000 ns	     25434	800055b8	21830453	fsgnj.s	f8,f6,f24	  f6:0x3b1e3cbc f24:0x80000000  f8=0xbb1e3cbc
     254385.000 ns	     25437	800055bc	a1af8053	fle.s	x0,f31,f26	 f31:0x7fc00000 f26:0x7fc00000
     254405.000 ns	     25439	800055c0	7dc57013	andi	x0,x10,2012	 x10:0x4c0ee4bc
     254425.000 ns	     25441	800055c4	d00cf753	fcvt.s.w	f14,x25	 x25:0xe9ead000 f14=0xcdb0a980
     254455.000 ns	     25444	800055c8	a1d282d3	fle.s	x5,f5,f29	  f5:0x7fc00000 f29:0x000004cd  x5=0x00000000
     254475.000 ns	     25446	800055cc	4f5314b7	lui	x9,0x4f531	  x9=0x4f531000
     254495.000 ns	     25448	800055d0	032ca7b3	mulhsu	x15,x25,x18	 x25:0xe9ead000 x18:0x00000000 x15=0x00000000
     254525.000 ns	     25451	800055d4	02ed3833	mulhu	x16,x26,x14	 x26:0x00000000 x14:0xfffffff8 x16=0x00000000
     254565.000 ns	     25455	800055d8	580dfad3	fsqrt.s	f21,f27	 f27:0x80040fe4 f21=0x7fc00000
     254595.000 ns	     25458	800055dc	e00917d3	fclass.s	x15,f18	 f18:0x7fc00000 x15=0x00000200
     254615.000 ns	     25460	800055e0	4018ddb3	sra	x27,x17,x1	 x17:0x00000010  x1:0x00000000 x27=0x00000010
     254635.000 ns	     25462	800055e4	c01999d3	fcvt.wu.s	x19,f19	 f19:0x43ec0000 x19=0x000001d8
     254655.000 ns	     25464	800055e8	01d278b3	and	x17,x4,x29	  x4:0xffffff9d x29:0x4c0ee400 x17=0x4c0ee400
     254665.000 ns	     25465	800055ec	01e02333	slt	x6,x0,x30	  x0:0x00000000 x30:0x80041024  x6=0x00000000
     254675.000 ns	     25466	800055f0	0176f4b3	and	x9,x13,x23	 x13:0xab5487de x23:0x00000000  x9=0x00000000
     254705.000 ns	     25469	800055f4	11f7f453	fmul.s	f8,f15,f31	 f15:0x7fc00000 f31:0x7fc00000  f8=0x7fc00000
     254735.000 ns	     25472	800055f8	d006ff53	fcvt.s.w	f30,x13	 x13:0xab5487de f30=0xcea956f0
     254755.000 ns	     25474	800055fc	008481b3	add	x3,x9,x8	  x9:0x00000000  x8:0x4c0ee400  x3=0x4c0ee400
     254775.000 ns	     25476	80005600	e00f9bd3	fclass.s	x23,f31	 f31:0x7fc00000 x23=0x00000200
     254795.000 ns	     25478	80005604	01a11e93	slli	x29,x2,0x1a	  x2:0x00800410 x29=0x40000000
     254815.000 ns	     25480	80005608	c00d31d3	fcvt.w.s	x3,f26	 f26:0x7fc00000  x3=0x7fffffff
     254835.000 ns	     25482	8000560c	414bd213	srai	x4,x23,0x14	 x23:0x00000200  x4=0x00000000
     254845.000 ns	     25483	80005610	000431b3	sltu	x3,x8,x0	  x8:0x4c0ee400  x0:0x00000000  x3=0x00000000
     254865.000 ns	     25485	80005614	20b396d3	fsgnjn.s	f13,f7,f11	  f7:0x80000000 f11:0x4f7ffffa f13=0x80000000
     254885.000 ns	     25487	80005618	01a758b3	srl	x17,x14,x26	 x14:0xfffffff8 x26:0x00000000 x17=0xfffffff8
     254895.000 ns	     25488	8000561c	40365213	srai	x4,x12,0x3	 x12:0x00000000  x4=0x00000000
     254905.000 ns	     25489	80005620	01926333	or	x6,x4,x25	  x4:0x00000000 x25:0xe9ead000  x6=0xe9ead000
     254925.000 ns	     25491	80005624	a0e3a7d3	feq.s	x15,f7,f14	  f7:0x80000000 f14:0xcdb0a980 x15=0x00000000
     254945.000 ns	     25493	80005628	72d06e13	ori	x28,x0,1837	  x0:0x00000000 x28=0x0000072d
     254965.000 ns	     25495	8000562c	e00611d3	fclass.s	x3,f12	 f12:0x7fc00000  x3=0x00000200
     254985.000 ns	     25497	80005630	0068c633	xor	x12,x17,x6	 x17:0xfffffff8  x6:0xe9ead000 x12=0x16152ff8
     255025.000 ns	     25501	80005634	09839453	fsub.s	f8,f7,f24	  f7:0x80000000 f24:0x80000000  f8=0x00000000
     255395.000 ns	     25538	80005638	02c76933	rem	x18,x14,x12	 x14:0xfffffff8 x12:0x00000000 x18=0xfffffff8
     255425.000 ns	     25541	8000563c	02a3bc33	mulhu	x24,x7,x10	  x7:0xfffff930 x10:0x4c0ee4bc x24=0x4c0ee2b5
     255465.000 ns	     25545	80005640	199afe53	fdiv.s	f28,f21,f25	 f21:0x7fc00000 f25:0x00000000 f28=0x7fc00000
     255485.000 ns	     25547	80005644	00ac4c33	xor	x24,x24,x10	 x24:0x4c0ee2b5 x10:0x4c0ee4bc x24=0x00000609
     255495.000 ns	     25548	80005648	342f6f93	ori	x31,x30,834	 x30:0x80041024 x31=0x80041366
     255515.000 ns	     25550	8000564c	03192eb3	mulhsu	x29,x18,x17	 x18:0xfffffff8 x17:0xfffffff8 x29=0xfffffff8
     255535.000 ns	     25552	80005650	00ab00b3	add	x1,x22,x10	 x22:0x00000000 x10:0x4c0ee4bc  x1=0x4c0ee4bc
     255555.000 ns	     25554	80005654	036a1bb3	mulh	x23,x20,x22	 x20:0x00000000 x22:0x00000000 x23=0x00000000
     255595.000 ns	     25558	80005658	10ce1753	fmul.s	f14,f28,f12	 f28:0x7fc00000 f12:0x7fc00000 f14=0x7fc00000
     255625.000 ns	     25561	8000565c	2068a053	fsgnjx.s	f0,f17,f6	 f17:0x4ea956f0  f6:0x3b1e3cbc  f0=0x4ea956f0
     255645.000 ns	     25563	80005660	25283693	sltiu	x13,x16,594	 x16:0x00000000 x13=0x00000001
     255665.000 ns	     25565	80005664	a1079d53	flt.s	x26,f15,f16	 f15:0x7fc00000 f16:0x7fc00000 x26=0x00000000
     255695.000 ns	     25568	80005668	02253833	mulhu	x16,x10,x2	 x10:0x4c0ee4bc  x2:0x00800410 x16=0x002608a7
     255725.000 ns	     25571	8000566c	e0058fd3	fmv.x.w	x31,f11	 f11:0x4f7ffffa x31=0x4f7ffffa
     256095.000 ns	     25608	80005670	0321ccb3	div	x25,x3,x18	  x3:0x00000200 x18:0xfffffff8 x25=0xffffffc0
     256125.000 ns	     25611	80005674	e0081dd3	fclass.s	x27,f16	 f16:0x7fc00000 x27=0x00000200
     256145.000 ns	     25613	80005678	01ba5bb3	srl	x23,x20,x27	 x20:0x00000000 x27:0x00000010 x23=0x00000000
     256155.000 ns	     25614	8000567c	2dbe8eb7	lui	x29,0x2dbe8	 x29=0x2dbe8000
     256165.000 ns	     25615	80005680	0021b033	sltu	x0,x3,x2	  x3:0x00000200  x2:0x00800410
     256185.000 ns	     25617	80005684	e00987d3	fmv.x.w	x15,f19	 f19:0x43ec0000 x15=0x43ec0000
     256205.000 ns	     25619	80005688	01f02fb3	slt	x31,x0,x31	  x0:0x00000000 x31:0x4f7ffffa x31=0x00000001
     256215.000 ns	     25620	8000568c	00a880b3	add	x1,x17,x10	 x17:0xfffffff8 x10:0x4c0ee4bc  x1=0x4c0ee4b4
     256225.000 ns	     25621	80005690	4074dc33	sra	x24,x9,x7	  x9:0x00000000  x7:0xfffff930 x24=0x00000000
     256235.000 ns	     25622	80005694	0121e733	or	x14,x3,x18	  x3:0x00000200 x18:0xfffffff8 x14=0xfffffff8
     256275.000 ns	     25626	80005698	08b827d3	fsub.s	f15,f16,f11	 f16:0x7fc00000 f11:0x4f7ffffa f15=0x7fc00000
     256295.000 ns	     25628	8000569c	01df17b3	sll	x15,x30,x29	 x30:0x80041024 x29:0x2dbe8000 x15=0x80041024
     256655.000 ns	     25664	800056a0	0314d433	divu	x8,x9,x17	  x9:0x00000000 x17:0xfffffff8  x8=0x00000000
     256675.000 ns	     25666	800056a4	019e44b3	xor	x9,x28,x25	 x28:0x0000072d x25:0xffffffc0  x9=0xfffff8ed
     256685.000 ns	     25667	800056a8	0183abb3	slt	x23,x7,x24	  x7:0xfffff930 x24:0x00000000 x23=0x00000001
     256695.000 ns	     25668	800056ac	5ab16c97	auipc	x25,0x5ab16	 x25=0xdab1b6ac
     256705.000 ns	     25669	800056b0	9e5e2893	slti	x17,x28,-1563	 x28:0x0000072d x17=0x00000000
     256715.000 ns	     25670	800056b4	00a4db33	srl	x22,x9,x10	  x9:0xfffff8ed x10:0x4c0ee4bc x22=0x0000000f
     256725.000 ns	     25671	800056b8	76336993	ori	x19,x6,1891	  x6:0xe9ead000 x19=0xe9ead763
     256735.000 ns	     25672	800056bc	302ae313	ori	x6,x21,770	 x21:0x54ab7822  x6=0x54ab7b22
     256755.000 ns	     25674	800056c0	a0310b53	fle.s	x22,f2,f3	  f2:0x7fc00000  f3:0x7fc00000 x22=0x00000000
     256775.000 ns	     25676	800056c4	69bd8613	addi	x12,x27,1691	 x27:0x00000200 x12=0x0000089b
     257135.000 ns	     25712	800056c8	029650b3	divu	x1,x12,x9	 x12:0x16152ff8  x9:0xfffff8ed  x1=0x00000000
     257155.000 ns	     25714	800056cc	4ad26893	ori	x17,x4,1197	  x4:0x00000000 x17=0x000004ad
     257175.000 ns	     25716	800056d0	d0194fd3	fcvt.s.wu	f31,x18	 x18:0xfffffff8 f31=0x4f800000
     257195.000 ns	     25718	800056d4	00972233	slt	x4,x14,x9	 x14:0xfffffff8  x9:0xfffff8ed  x4=0x00000000
     257235.000 ns	     25722	800056d8	017b2953	fadd.s	f18,f22,f23	 f22:0x80000000 f23:0x7fc00000 f18=0x7fc00000
     257605.000 ns	     25759	800056dc	02d9ce33	div	x28,x19,x13	 x19:0xe9ead763 x13:0x00000001 x28=0xe9ead763
     257635.000 ns	     25762	800056e0	a1a92053	feq.s	x0,f18,f26	 f18:0x7fc00000 f26:0x7fc00000
     257655.000 ns	     25764	800056e4	01af6633	or	x12,x30,x26	 x30:0x80041024 x26:0x00000000 x12=0x80041024
     257665.000 ns	     25765	800056e8	54313e93	sltiu	x29,x2,1347	  x2:0x00800410 x29=0x00000000
     257705.000 ns	     25769	800056ec	018f3ed3	fadd.s	f29,f30,f24	 f30:0xcea956f0 f24:0x80000000 f29=0xcea956f0
     257735.000 ns	     25772	800056f0	212918d3	fsgnjn.s	f17,f18,f18	 f18:0x7fc00000 f18:0x7fc00000 f17=0xffc00000
     257755.000 ns	     25774	800056f4	00d98b33	add	x22,x19,x13	 x19:0xe9ead763 x13:0x00000001 x22=0xe9ead764
     257785.000 ns	     25777	800056f8	11e805d3	fmul.s	f11,f16,f30	 f16:0x7fc00000 f30:0xcea956f0 f11=0x7fc00000
     257805.000 ns	     25779	800056fc	010ed493	srli	x9,x29,0x10	 x29:0x00000000  x9=0x00000000
     257815.000 ns	     25780	80005700	7e3cf413	andi	x8,x25,2019	 x25:0xdab1b6ac  x8=0x000006a0
     257825.000 ns	     25781	80005704	258b8d13	addi	x26,x23,600	 x23:0x00000001 x26=0x00000259
     257835.000 ns	     25782	80005708	00000013	addi	x0,x0,0	  x0:0x00000000
     257845.000 ns	     25783	8000570c	54dfad93	slti	x27,x31,1357	 x31:0x00000001 x27=0x00000001
     257865.000 ns	     25785	80005710	a0e527d3	feq.s	x15,f10,f14	 f10:0x7fc00000 f14:0x7fc00000 x15=0x00000000
     257885.000 ns	     25787	80005714	01b0f133	and	x2,x1,x27	  x1:0x00000000 x27:0x00000200  x2=0x00000000
     257905.000 ns	     25789	80005718	e0050353	fmv.x.w	x6,f10	 f10:0x7fc00000  x6=0x7fc00000
     257935.000 ns	     25792	8000571c	20ac97d3	fsgnjn.s	f15,f25,f10	 f25:0x00000000 f10:0x7fc00000 f15=0x80000000
     257965.000 ns	     25795	80005720	d00073d3	fcvt.s.w	f7,x0	  x0:0x00000000  f7=0x00000000
     258005.000 ns	     25799	80005724	11a2b053	fmul.s	f0,f5,f26	  f5:0x7fc00000 f26:0x7fc00000  f0=0x7fc00000
     258035.000 ns	     25802	80005728	a134a4d3	feq.s	x9,f9,f19	  f9:0x7fc00000 f19:0x43ec0000  x9=0x00000000
     258055.000 ns	     25804	8000572c	41035db3	sra	x27,x6,x16	  x6:0x7fc00000 x16:0x002608a7 x27=0x00ff8000
     258065.000 ns	     25805	80005730	41fc8cb3	sub	x25,x25,x31	 x25:0xdab1b6ac x31:0x00000001 x25=0xdab1b6ab
     258085.000 ns	     25807	80005734	f00a09d3	fmv.w.x	f19,x20	 x20:0x00000000 f19=0x00000000
     258115.000 ns	     25810	80005738	29970c53	fmin.s	f24,f14,f25	 f14:0x7fc00000 f25:0x00000000 f24=0x00000000
     258145.000 ns	     25813	8000573c	e00f8153	fmv.x.w	x2,f31	 f31:0x4f800000  x2=0x4f800000
     258165.000 ns	     25815	80005740	f4c59c17	auipc	x24,0xf4c59	 x24=0x74c5e740
     258185.000 ns	     25817	80005744	e00081d3	fmv.x.w	x3,f1	  f1:0x7fc00000  x3=0x7fc00000
     258205.000 ns	     25819	80005748	0156e4b3	or	x9,x13,x21	 x13:0x00000001 x21:0x54ab7822  x9=0x54ab7823
     258215.000 ns	     25820	8000574c	01d171b3	and	x3,x2,x29	  x2:0x4f800000 x29:0x00000000  x3=0x00000000
     258255.000 ns	     25824	80005750	014a17d3	fadd.s	f15,f20,f20	 f20:0x4ea956f0 f20:0x4ea956f0 f15=0x4f2956f0
     258275.000 ns	     25826	80005754	00000013	addi	x0,x0,0	  x0:0x00000000
     258295.000 ns	     25828	80005758	03239533	mulh	x10,x7,x18	  x7:0xfffff930 x18:0xfffffff8 x10=0x00000000
     258325.000 ns	     25831	8000575c	d0117853	fcvt.s.wu	f16,x2	  x2:0x4f800000 f16=0x4e9f0000
     258355.000 ns	     25834	80005760	02600433	mul	x8,x0,x6	  x0:0x00000000  x6:0x7fc00000  x8=0x00000000
     258385.000 ns	     25837	80005764	21892853	fsgnjx.s	f16,f18,f24	 f18:0x7fc00000 f24:0x00000000 f16=0x7fc00000
     258755.000 ns	     25874	80005768	039676b3	remu	x13,x12,x25	 x12:0x80041024 x25:0xdab1b6ab x13=0x80041024
     258775.000 ns	     25876	8000576c	013ddc93	srli	x25,x27,0x13	 x27:0x00ff8000 x25=0x0000001f
     259135.000 ns	     25912	80005770	03134033	div	x0,x6,x17	  x6:0x7fc00000 x17:0x000004ad
     259155.000 ns	     25914	80005774	009c8b33	add	x22,x25,x9	 x25:0xdab1b6ab  x9:0x54ab7823 x22=0x54ab7842
     259165.000 ns	     25915	80005778	00d60eb3	add	x29,x12,x13	 x12:0x80041024 x13:0x80041024 x29=0x00082048
     259175.000 ns	     25916	8000577c	00c9dfb3	srl	x31,x19,x12	 x19:0xe9ead763 x12:0x80041024 x31=0x0e9ead76
     259195.000 ns	     25918	80005780	02a16633	rem	x12,x2,x10	  x2:0x4f800000 x10:0x00000000 x12=0x4f800000
     259215.000 ns	     25920	80005784	665b6b13	ori	x22,x22,1637	 x22:0x54ab7842 x22=0x54ab7e67
     259225.000 ns	     25921	80005788	011bdd33	srl	x26,x23,x17	 x23:0x00000001 x17:0x000004ad x26=0x00000000
     259245.000 ns	     25923	8000578c	a0b88853	fle.s	x16,f17,f11	 f17:0xffc00000 f11:0x7fc00000 x16=0x00000000
     259275.000 ns	     25926	80005790	0382a333	mulhsu	x6,x5,x24	  x5:0x00000000 x24:0x74c5e740  x6=0x00000000
     259295.000 ns	     25928	80005794	41ffd333	sra	x6,x31,x31	 x31:0x0e9ead76 x31:0x0e9ead76  x6=0x0000003a
     259315.000 ns	     25930	80005798	03f288b3	mul	x17,x5,x31	  x5:0x00000000 x31:0x0e9ead76 x17=0x00000000
     259365.000 ns	     25935	8000579c	00f37653	fadd.s	f12,f6,f15	  f6:0x3b1e3cbc f15:0x4f2956f0 f12=0x4f2956f0
     259735.000 ns	     25972	800057a0	027e46b3	div	x13,x28,x7	 x28:0xe9ead763  x7:0xfffff930 x13=0x00033dd2
     259755.000 ns	     25974	800057a4	00d003b3	add	x7,x0,x13	  x0:0x00000000 x13:0x80041024  x7=0x00033dd2
     259775.000 ns	     25976	800057a8	a145a753	feq.s	x14,f11,f20	 f11:0x7fc00000 f20:0x4ea956f0 x14=0x00000000
     259795.000 ns	     25978	800057ac	00000013	addi	x0,x0,0	  x0:0x00000000
     259805.000 ns	     25979	800057b0	00000013	addi	x0,x0,0	  x0:0x00000000
     259825.000 ns	     25981	800057b4	c006c953	fcvt.w.s	x18,f13	 f13:0x80000000 x18=0x00000000
     259855.000 ns	     25984	800057b8	2077ad53	fsgnjx.s	f26,f15,f7	 f15:0x4f2956f0  f7:0x00000000 f26=0x4f2956f0
     259875.000 ns	     25986	800057bc	f1da7513	andi	x10,x20,-227	 x20:0x00000000 x10=0x00000000
     259895.000 ns	     25988	800057c0	a1a50253	fle.s	x4,f10,f26	 f10:0x7fc00000 f26:0x4f2956f0  x4=0x00000000
     259915.000 ns	     25990	800057c4	01abc833	xor	x16,x23,x26	 x23:0x00000001 x26:0x00000000 x16=0x00000001
     260275.000 ns	     26026	800057c8	03bc6b33	rem	x22,x24,x27	 x24:0x74c5e740 x27:0x00ff8000 x22=0x00006740
     260295.000 ns	     26028	800057cc	01b0e733	or	x14,x1,x27	  x1:0x00000000 x27:0x00ff8000 x14=0x00ff8000
     260315.000 ns	     26030	800057d0	e00d8553	fmv.x.w	x10,f27	 f27:0x80040fe4 x10=0x80040fe4
     260335.000 ns	     26032	800057d4	18f9ab93	slti	x23,x19,399	 x19:0xe9ead763 x23=0x00000001
     260355.000 ns	     26034	800057d8	03619333	mulh	x6,x3,x22	  x3:0x00000000 x22:0x00006740  x6=0x00000000
     260385.000 ns	     26037	800057dc	031bc8b3	div	x17,x23,x17	 x23:0x00000001 x17:0x00000000 x17=0xffffffff
     260415.000 ns	     26040	800057e0	032b68b3	rem	x17,x22,x18	 x22:0x00006740 x18:0x00000000 x17=0x00006740
     260445.000 ns	     26043	800057e4	d0113cd3	fcvt.s.wu	f25,x2	  x2:0x4f800000 f25=0x4e9f0000
     260465.000 ns	     26045	800057e8	00015033	srl	x0,x2,x0	  x2:0x4f800000  x0:0x00000000
     260825.000 ns	     26081	800057ec	02a056b3	divu	x13,x0,x10	  x0:0x00000000 x10:0x80040fe4 x13=0x00000000
     260875.000 ns	     26086	800057f0	0806c2d3	fsub.s	f5,f13,f0	 f13:0x80000000  f0:0x7fc00000  f5=0x7fc00000
     260905.000 ns	     26089	800057f4	28671553	fmax.s	f10,f14,f6	 f14:0x7fc00000  f6:0x3b1e3cbc f10=0x3b1e3cbc
     260925.000 ns	     26091	800057f8	9c0ec413	xori	x8,x29,-1600	 x29:0x00082048  x8=0xfff7d988
     260945.000 ns	     26093	800057fc	28ca0c53	fmin.s	f24,f20,f12	 f20:0x4ea956f0 f12:0x4f2956f0 f24=0x4ea956f0
     260975.000 ns	     26096	80005800	d00c2953	fcvt.s.w	f18,x24	 x24:0x74c5e740 f18=0x4ee98bcf
     260995.000 ns	     26098	80005804	00000013	addi	x0,x0,0	  x0:0x00000000
     261015.000 ns	     26100	80005808	287993d3	fmax.s	f7,f19,f7	 f19:0x00000000  f7:0x00000000  f7=0x00000000
     261035.000 ns	     26102	8000580c	00aeadb3	slt	x27,x29,x10	 x29:0x00082048 x10:0x80040fe4 x27=0x00000000
     261055.000 ns	     26104	80005810	a16dac53	feq.s	x24,f27,f22	 f27:0x80040fe4 f22:0x80000000 x24=0x00000000
     261425.000 ns	     26141	80005814	03d5eeb3	rem	x29,x11,x29	 x11:0x80040fe4 x29:0x00082048 x29=0xfff85d9c
     261455.000 ns	     26144	80005818	21c3acd3	fsgnjx.s	f25,f7,f28	  f7:0x00000000 f28:0x7fc00000 f25=0x00000000
     261475.000 ns	     26146	8000581c	4d8dab93	slti	x23,x27,1240	 x27:0x00000000 x23=0x00000001
     261505.000 ns	     26149	80005820	1952c353	fdiv.s	f6,f5,f21	  f5:0x7fc00000 f21:0x7fc00000  f6=0x7fc00000
     261525.000 ns	     26151	80005824	01078633	add	x12,x15,x16	 x15:0x00000000 x16:0x00000001 x12=0x00000001
     261535.000 ns	     26152	80005828	00000013	addi	x0,x0,0	  x0:0x00000000
     261545.000 ns	     26153	8000582c	00000013	addi	x0,x0,0	  x0:0x00000000
     261565.000 ns	     26155	80005830	c005fc53	fcvt.w.s	x24,f11	 f11:0x7fc00000 x24=0x7fffffff
     261585.000 ns	     26157	80005834	00486033	or	x0,x16,x4	 x16:0x00000001  x4:0x00000000
     261595.000 ns	     26158	80005838	011076b3	and	x13,x0,x17	  x0:0x00000000 x17:0x00006740 x13=0x00000000
     261605.000 ns	     26159	8000583c	41f2d493	srai	x9,x5,0x1f	  x5:0x00000000  x9=0x00000000
     261625.000 ns	     26161	80005840	e0048ed3	fmv.x.w	x29,f9	  f9:0x7fc00000 x29=0x7fc00000
     261655.000 ns	     26164	80005844	21369453	fsgnjn.s	f8,f13,f19	 f13:0x80000000 f19:0x00000000  f8=0x80000000
     261675.000 ns	     26166	80005848	40b10e33	sub	x28,x2,x11	  x2:0x4f800000 x11:0x80040fe4 x28=0xcf7bf01c
     261685.000 ns	     26167	8000584c	38126417	auipc	x8,0x38126	  x8=0xb812b84c
     261705.000 ns	     26169	80005850	03f0b233	mulhu	x4,x1,x31	  x1:0x00000000 x31:0x0e9ead76  x4=0x00000000
     261725.000 ns	     26171	80005854	417707b3	sub	x15,x14,x23	 x14:0x00ff8000 x23:0x00000001 x15=0x00ff7fff
     261745.000 ns	     26173	80005858	e00392d3	fclass.s	x5,f7	  f7:0x00000000  x5=0x00000010
     261775.000 ns	     26176	8000585c	d00473d3	fcvt.s.w	f7,x8	  x8:0xb812b84c  f7=0xce8fda8f
     261805.000 ns	     26179	80005860	285504d3	fmin.s	f9,f10,f5	 f10:0x3b1e3cbc  f5:0x7fc00000  f9=0x3b1e3cbc
     261825.000 ns	     26181	80005864	00a99693	slli	x13,x19,0xa	 x19:0xe9ead763 x13=0xab5d8c00
     261835.000 ns	     26182	80005868	a3867c13	andi	x24,x12,-1480	 x12:0x00000001 x24=0x00000000
     261845.000 ns	     26183	8000586c	01ce1a33	sll	x20,x28,x28	 x28:0xcf7bf01c x28:0xcf7bf01c x20=0xc0000000
     261875.000 ns	     26186	80005870	580e0a53	fsqrt.s	f20,f28	 f28:0x7fc00000 f20=0x7fc00000
     261915.000 ns	     26190	80005874	10557f53	fmul.s	f30,f10,f5	 f10:0x3b1e3cbc  f5:0x7fc00000 f30=0x7fc00000
     261945.000 ns	     26193	80005878	20e38ad3	fsgnj.s	f21,f7,f14	  f7:0xce8fda8f f14:0x7fc00000 f21=0x4e8fda8f
     261975.000 ns	     26196	8000587c	20748753	fsgnj.s	f14,f9,f7	  f9:0x3b1e3cbc  f7:0xce8fda8f f14=0xbb1e3cbc
     262005.000 ns	     26199	80005880	c00a7753	fcvt.w.s	x14,f20	 f20:0x7fc00000 x14=0x7fffffff
     262375.000 ns	     26236	80005884	03996d33	rem	x26,x18,x25	 x18:0x00000000 x25:0x0000001f x26=0x00000000
     262395.000 ns	     26238	80005888	ded5b513	sltiu	x10,x11,-531	 x11:0x80040fe4 x10=0x00000001
     262405.000 ns	     26239	8000588c	00000013	addi	x0,x0,0	  x0:0x00000000
     262425.000 ns	     26241	80005890	c009f1d3	fcvt.w.s	x3,f19	 f19:0x00000000  x3=0x00000000
     262795.000 ns	     26278	80005894	03f8feb3	remu	x29,x17,x31	 x17:0x00006740 x31:0x0e9ead76 x29=0x00006740
     262825.000 ns	     26281	80005898	c0077753	fcvt.w.s	x14,f14	 f14:0xbb1e3cbc x14=0x00000000
     263195.000 ns	     26318	8000589c	02df68b3	rem	x17,x30,x13	 x30:0x80041024 x13:0xab5d8c00 x17=0xd4a68424
     263215.000 ns	     26320	800058a0	00cc5b33	srl	x22,x24,x12	 x24:0x00000000 x12:0x00000001 x22=0x00000000
     263225.000 ns	     26321	800058a4	00090cb3	add	x25,x18,x0	 x18:0x00000000  x0:0x00000000 x25=0x00000000
     263235.000 ns	     26322	800058a8	4068d713	srai	x14,x17,0x6	 x17:0xd4a68424 x14=0xff529a10
     263595.000 ns	     26358	800058ac	025b5533	divu	x10,x22,x5	 x22:0x00000000  x5:0x00000010 x10=0x00000000
     263635.000 ns	     26362	800058b0	194f37d3	fdiv.s	f15,f30,f20	 f30:0x7fc00000 f20:0x7fc00000 f15=0x7fc00000
     263665.000 ns	     26365	800058b4	02964bb3	div	x23,x12,x9	 x12:0x00000001  x9:0x00000000 x23=0xffffffff
     263685.000 ns	     26367	800058b8	71fb4993	xori	x19,x22,1823	 x22:0x00000000 x19=0x0000071f
     263695.000 ns	     26368	800058bc	0010cdb3	xor	x27,x1,x1	  x1:0x00000000  x1:0x00000000 x27=0x00000000
     263725.000 ns	     26371	800058c0	19971053	fdiv.s	f0,f14,f25	 f14:0xbb1e3cbc f25:0x00000000  f0=0xff800000
     263755.000 ns	     26374	800058c4	215e9353	fsgnjn.s	f6,f29,f21	 f29:0xcea956f0 f21:0x4e8fda8f  f6=0xcea956f0
     263775.000 ns	     26376	800058c8	40e7d833	sra	x16,x15,x14	 x15:0x00ff7fff x14:0xff529a10 x16=0x000000ff
     263785.000 ns	     26377	800058cc	413a8cb3	sub	x25,x21,x19	 x21:0x54ab7822 x19:0x0000071f x25=0x54ab7103
     263795.000 ns	     26378	800058d0	5cd97213	andi	x4,x18,1485	 x18:0x00000000  x4=0x00000000
     263805.000 ns	     26379	800058d4	ef3b3213	sltiu	x4,x22,-269	 x22:0x00000000  x4=0x00000001
     263815.000 ns	     26380	800058d8	f678af93	slti	x31,x17,-153	 x17:0xd4a68424 x31=0x00000001
     263835.000 ns	     26382	800058dc	c0043253	fcvt.w.s	x4,f8	  f8:0x80000000  x4=0x00000000
     263855.000 ns	     26384	800058e0	405c0633	sub	x12,x24,x5	 x24:0x00000000  x5:0x00000010 x12=0xfffffff0
     263895.000 ns	     26388	800058e4	099227d3	fsub.s	f15,f4,f25	  f4:0x7fc00000 f25:0x00000000 f15=0x7fc00000
     263915.000 ns	     26390	800058e8	00961cb3	sll	x25,x12,x9	 x12:0x00000001  x9:0x00000000 x25=0xfffffff0
     263925.000 ns	     26391	800058ec	b3decd13	xori	x26,x29,-1219	 x29:0x00006740 x26=0xffff9c7d
     263945.000 ns	     26393	800058f0	025f37b3	mulhu	x15,x30,x5	 x30:0x80041024  x5:0x00000010 x15=0x00000008
     263975.000 ns	     26396	800058f4	28869853	fmax.s	f16,f13,f8	 f13:0x80000000  f8:0x80000000 f16=0x80000000
     264005.000 ns	     26399	800058f8	c0042453	fcvt.w.s	x8,f8	  f8:0x80000000  x8=0x00000000
     264035.000 ns	     26402	800058fc	03c903b3	mul	x7,x18,x28	 x18:0x00000000 x28:0xcf7bf01c  x7=0x00000000
     264065.000 ns	     26405	80005900	21ad94d3	fsgnjn.s	f9,f27,f26	 f27:0x80040fe4 f26:0x4f2956f0  f9=0x80040fe4
     264085.000 ns	     26407	80005904	5039d937	lui	x18,0x5039d	 x18=0x5039d000
     264105.000 ns	     26409	80005908	28d51953	fmax.s	f18,f10,f13	 f10:0x3b1e3cbc f13:0x80000000 f18=0x3b1e3cbc
     264155.000 ns	     26414	8000590c	00dc8553	fadd.s	f10,f25,f13	 f25:0x00000000 f13:0x80000000 f10=0x80000000
     264185.000 ns	     26417	80005910	03e62033	mulhsu	x0,x12,x30	 x12:0xfffffff0 x30:0x80041024
     264215.000 ns	     26420	80005914	297b94d3	fmax.s	f9,f23,f23	 f23:0x7fc00000 f23:0x7fc00000  f9=0x7fc00000
     264265.000 ns	     26425	80005918	006979d3	fadd.s	f19,f18,f6	 f18:0x3b1e3cbc  f6:0xcea956f0 f19=0xcea956ef
     264295.000 ns	     26428	8000591c	215daed3	fsgnjx.s	f29,f27,f21	 f27:0x80040fe4 f21:0x4e8fda8f f29=0x80040fe4
     264315.000 ns	     26430	80005920	43462293	slti	x5,x12,1076	 x12:0xfffffff0  x5=0x00000001
     264325.000 ns	     26431	80005924	030cac13	slti	x24,x25,48	 x25:0xfffffff0 x24=0x00000001
     264345.000 ns	     26433	80005928	c01f7753	fcvt.wu.s	x14,f30	 f30:0x7fc00000 x14=0xffffffff
     264365.000 ns	     26435	8000592c	009d6bb3	or	x23,x26,x9	 x26:0xffff9c7d  x9:0x00000000 x23=0xffff9c7d
     264385.000 ns	     26437	80005930	c005fc53	fcvt.w.s	x24,f11	 f11:0x7fc00000 x24=0x7fffffff
     264405.000 ns	     26439	80005934	400bd393	srai	x7,x23,0x0	 x23:0xffffffff  x7=0xffff9c7d
     264425.000 ns	     26441	80005938	217887d3	fsgnj.s	f15,f17,f23	 f17:0xffc00000 f23:0x7fc00000 f15=0x7fc00000
     264445.000 ns	     26443	8000593c	404adcb3	sra	x25,x21,x4	 x21:0x54ab7822  x4:0x00000000 x25=0x54ab7822
     264455.000 ns	     26444	80005940	71202213	slti	x4,x0,1810	  x0:0x00000000  x4=0x00000001
     264475.000 ns	     26446	80005944	c0057453	fcvt.w.s	x8,f10	 f10:0x80000000  x8=0x00000000
     264495.000 ns	     26448	80005948	01f5dc33	srl	x24,x11,x31	 x11:0x80040fe4 x31:0x00000001 x24=0x400207f2
     264505.000 ns	     26449	8000594c	fe2a2c93	slti	x25,x20,-30	 x20:0xc0000000 x25=0x00000001
     264865.000 ns	     26485	80005950	02cad433	divu	x8,x21,x12	 x21:0x54ab7822 x12:0xfffffff0  x8=0x00000000
     264885.000 ns	     26487	80005954	01709033	sll	x0,x1,x23	  x1:0x00000000 x23:0xffff9c7d
     264895.000 ns	     26488	80005958	0bfb6893	ori	x17,x22,191	 x22:0x00000000 x17=0x000000bf
     264935.000 ns	     26492	8000595c	00827cd3	fadd.s	f25,f4,f8	  f4:0x7fc00000  f8:0x80000000 f25=0x7fc00000
     264965.000 ns	     26495	80005960	29768553	fmin.s	f10,f13,f23	 f13:0x80000000 f23:0x7fc00000 f10=0x80000000
     265305.000 ns	     26529	80005964	19de9c53	fdiv.s	f24,f29,f29	 f29:0x80040fe4 f29:0x80040fe4 f24=0x3cb78297
     265325.000 ns	     26531	80005968	0189d513	srli	x10,x19,0x18	 x19:0x0000071f x10=0x00000000
     265355.000 ns	     26534	8000596c	18b97a53	fdiv.s	f20,f18,f11	 f18:0x3b1e3cbc f11:0x7fc00000 f20=0x7fc00000
     265385.000 ns	     26537	80005970	29549953	fmax.s	f18,f9,f21	  f9:0x7fc00000 f21:0x4e8fda8f f18=0x4e8fda8f
     265405.000 ns	     26539	80005974	fc19e193	ori	x3,x19,-63	 x19:0x0000071f  x3=0xffffffdf
     265425.000 ns	     26541	80005978	d0112cd3	fcvt.s.wu	f25,x2	  x2:0x4f800000 f25=0x4e9f0000
     265445.000 ns	     26543	8000597c	012959b3	srl	x19,x18,x18	 x18:0x5039d000 x18:0x5039d000 x19=0x5039d000
     265465.000 ns	     26545	80005980	21a88ed3	fsgnj.s	f29,f17,f26	 f17:0xffc00000 f26:0x4f2956f0 f29=0x7fc00000
     265485.000 ns	     26547	80005984	bdf28693	addi	x13,x5,-1057	  x5:0x00000001 x13=0xfffffbe0
     265505.000 ns	     26549	80005988	29c10e53	fmin.s	f28,f2,f28	  f2:0x7fc00000 f28:0x7fc00000 f28=0x7fc00000
     265525.000 ns	     26551	8000598c	c58b2713	slti	x14,x22,-936	 x22:0x00000000 x14=0x00000000
     265535.000 ns	     26552	80005990	40648133	sub	x2,x9,x6	  x9:0x00000000  x6:0x00000000  x2=0x00000000
     265575.000 ns	     26556	80005994	08167d53	fsub.s	f26,f12,f1	 f12:0x4f2956f0  f1:0x7fc00000 f26=0x7fc00000
     265605.000 ns	     26559	80005998	022654b3	divu	x9,x12,x2	 x12:0xfffffff0  x2:0x4f800000  x9=0xffffffff
     265635.000 ns	     26562	8000599c	d004abd3	fcvt.s.w	f23,x9	  x9:0x00000000 f23=0xbf800000
     265655.000 ns	     26564	800059a0	eee36393	ori	x7,x6,-274	  x6:0x00000000  x7=0xfffffeee
     265675.000 ns	     26566	800059a4	c00a1fd3	fcvt.w.s	x31,f20	 f20:0x7fc00000 x31=0x7fffffff
     265705.000 ns	     26569	800059a8	02370733	mul	x14,x14,x3	 x14:0x00000000  x3:0xffffffdf x14=0x00000000
     265735.000 ns	     26572	800059ac	0290b933	mulhu	x18,x1,x9	  x1:0x00000000  x9:0xffffffff x18=0x00000000
     265775.000 ns	     26576	800059b0	580bcfd3	fsqrt.s	f31,f23	 f23:0xbf800000 f31=0x7fc00000
     265795.000 ns	     26578	800059b4	00ead213	srli	x4,x21,0xe	 x21:0x54ab7822  x4=0x000152ad
     265815.000 ns	     26580	800059b8	02d4bcb3	mulhu	x25,x9,x13	  x9:0xffffffff x13:0xfffffbe0 x25=0xfffffbdf
     265835.000 ns	     26582	800059bc	404ed633	sra	x12,x29,x4	 x29:0x00006740  x4:0x00000001 x12=0x00000003
     265855.000 ns	     26584	800059c0	2004a653	fsgnjx.s	f12,f9,f0	  f9:0x7fc00000  f0:0xff800000 f12=0xffc00000
     265875.000 ns	     26586	800059c4	00579533	sll	x10,x15,x5	 x15:0x00000008  x5:0x00000001 x10=0x00000010
     265905.000 ns	     26589	800059c8	18877853	fdiv.s	f16,f14,f8	 f14:0xbb1e3cbc  f8:0x80000000 f16=0x7f800000
     265925.000 ns	     26591	800059cc	0122e333	or	x6,x5,x18	  x5:0x00000001 x18:0x00000000  x6=0x00000001
     265945.000 ns	     26593	800059d0	c01cb253	fcvt.wu.s	x4,f25	 f25:0x4e9f0000  x4=0x4f800000
     265975.000 ns	     26596	800059d4	284188d3	fmin.s	f17,f3,f4	  f3:0x7fc00000  f4:0x7fc00000 f17=0x7fc00000
     265995.000 ns	     26598	800059d8	e13cdc37	lui	x24,0xe13cd	 x24=0xe13cd000
     266005.000 ns	     26599	800059dc	008827b3	slt	x15,x16,x8	 x16:0x000000ff  x8:0x00000000 x15=0x00000000
     266025.000 ns	     26601	800059e0	d01df653	fcvt.s.wu	f12,x27	 x27:0x00000000 f12=0x00000000
     266055.000 ns	     26604	800059e4	a1342e53	feq.s	x28,f8,f19	  f8:0x80000000 f19:0xcea956ef x28=0x00000000
     266085.000 ns	     26607	800059e8	c006f053	fcvt.w.s	x0,f13	 f13:0x80000000
     266105.000 ns	     26609	800059ec	4f4dcd13	xori	x26,x27,1268	 x27:0x00000000 x26=0x000004f4
     266125.000 ns	     26611	800059f0	d00b0dd3	fcvt.s.w	f27,x22	 x22:0x00000000 f27=0x00000000
     266175.000 ns	     26616	800059f4	08c3bad3	fsub.s	f21,f7,f12	  f7:0xce8fda8f f12:0x00000000 f21=0xce8fda8f
     266195.000 ns	     26618	800059f8	00000013	addi	x0,x0,0	  x0:0x00000000
     266555.000 ns	     26654	800059fc	03fa6133	rem	x2,x20,x31	 x20:0xc0000000 x31:0x7fffffff  x2=0xc0000000
     266595.000 ns	     26658	80005a00	580f3953	fsqrt.s	f18,f30	 f30:0x7fc00000 f18=0x7fc00000
     266625.000 ns	     26661	80005a04	a1e409d3	fle.s	x19,f8,f30	  f8:0x80000000 f30:0x7fc00000 x19=0x00000000
     266645.000 ns	     26663	80005a08	56ddbd93	sltiu	x27,x27,1389	 x27:0x00000000 x27=0x00000001
     266675.000 ns	     26666	80005a0c	580ef153	fsqrt.s	f2,f29	 f29:0x7fc00000  f2=0x7fc00000
     266705.000 ns	     26669	80005a10	282e9cd3	fmax.s	f25,f29,f2	 f29:0x7fc00000  f2:0x7fc00000 f25=0x7fc00000
     267075.000 ns	     26706	80005a14	02927a33	remu	x20,x4,x9	  x4:0x4f800000  x9:0xffffffff x20=0x4f800000
     267095.000 ns	     26708	80005a18	4101da13	srai	x20,x3,0x10	  x3:0xffffffdf x20=0xffffffff
     267105.000 ns	     26709	80005a1c	e2fe3e13	sltiu	x28,x28,-465	 x28:0x00000000 x28=0x00000001
     267115.000 ns	     26710	80005a20	019a5e93	srli	x29,x20,0x19	 x20:0x4f800000 x29=0x0000007f
     267135.000 ns	     26712	80005a24	c01501d3	fcvt.wu.s	x3,f10	 f10:0x80000000  x3=0x00000000
     267155.000 ns	     26714	80005a28	82312293	slti	x5,x2,-2013	  x2:0xc0000000  x5=0x00000001
     267195.000 ns	     26718	80005a2c	0192f1d3	fadd.s	f3,f5,f25	  f5:0x7fc00000 f25:0x7fc00000  f3=0x7fc00000
     267225.000 ns	     26721	80005a30	f0080b53	fmv.w.x	f22,x16	 x16:0x000000ff f22=0x000000ff
     267255.000 ns	     26724	80005a34	29b10453	fmin.s	f8,f2,f27	  f2:0x7fc00000 f27:0x00000000  f8=0x00000000
     267275.000 ns	     26726	80005a38	78eb6037	lui	x0,0x78eb6	
     267295.000 ns	     26728	80005a3c	032447b3	div	x15,x8,x18	  x8:0x00000000 x18:0x00000000 x15=0xffffffff
     267325.000 ns	     26731	80005a40	03f226b3	mulhsu	x13,x4,x31	  x4:0x4f800000 x31:0x7fffffff x13=0x27bfffff
     267695.000 ns	     26768	80005a44	025fc6b3	div	x13,x31,x5	 x31:0x7fffffff  x5:0x00000001 x13=0x7fffffff
     267735.000 ns	     26772	80005a48	19727653	fdiv.s	f12,f4,f23	  f4:0x7fc00000 f23:0xbf800000 f12=0x7fc00000
     267765.000 ns	     26775	80005a4c	d0068cd3	fcvt.s.w	f25,x13	 x13:0x7fffffff f25=0x4effffff
     267785.000 ns	     26777	80005a50	011ad533	srl	x10,x21,x17	 x21:0x54ab7822 x17:0x000000bf x10=0x00000000
     267805.000 ns	     26779	80005a54	21d00d53	fsgnj.s	f26,f0,f29	  f0:0xff800000 f29:0x7fc00000 f26=0x7f800000
     267825.000 ns	     26781	80005a58	00000013	addi	x0,x0,0	  x0:0x00000000
     267845.000 ns	     26783	80005a5c	d01c8053	fcvt.s.wu	f0,x25	 x25:0xfffffbdf  f0=0x4f7ffffc
     267875.000 ns	     26786	80005a60	288013d3	fmax.s	f7,f0,f8	  f0:0xff800000  f8:0x00000000  f7=0x4f7ffffc
     267895.000 ns	     26788	80005a64	41c889b3	sub	x19,x17,x28	 x17:0x000000bf x28:0x00000001 x19=0x000000be
     267905.000 ns	     26789	80005a68	002ee733	or	x14,x29,x2	 x29:0x0000007f  x2:0xc0000000 x14=0xc000007f
     267915.000 ns	     26790	80005a6c	01a5dd93	srli	x27,x11,0x1a	 x11:0x80040fe4 x27=0x00000020
     267925.000 ns	     26791	80005a70	3b23e693	ori	x13,x7,946	  x7:0xfffffeee x13=0xfffffffe
     267945.000 ns	     26793	80005a74	281c0153	fmin.s	f2,f24,f1	 f24:0x3cb78297  f1:0x7fc00000  f2=0x3cb78297
     267965.000 ns	     26795	80005a78	54c1a537	lui	x10,0x54c1a	 x10=0x54c1a000
     267975.000 ns	     26796	80005a7c	00821633	sll	x12,x4,x8	  x4:0x4f800000  x8:0x00000000 x12=0x4f800000
     267995.000 ns	     26798	80005a80	03a30eb3	mul	x29,x6,x26	  x6:0x00000001 x26:0x000004f4 x29=0x000004f4
     268015.000 ns	     26800	80005a84	01245fb3	srl	x31,x8,x18	  x8:0x00000000 x18:0x00000000 x31=0x00000000
     268025.000 ns	     26801	80005a88	00bfdb13	srli	x22,x31,0xb	 x31:0x7fffffff x22=0x00000000
     268045.000 ns	     26803	80005a8c	219f1153	fsgnjn.s	f2,f30,f25	 f30:0x7fc00000 f25:0x4effffff  f2=0xffc00000
     268415.000 ns	     26840	80005a90	03a6e2b3	rem	x5,x13,x26	 x13:0xfffffffe x26:0x000004f4  x5=0xfffffffe
     268445.000 ns	     26843	80005a94	02e28fb3	mul	x31,x5,x14	  x5:0x00000001 x14:0xc000007f x31=0x7fffff02
     268465.000 ns	     26845	80005a98	00c72033	slt	x0,x14,x12	 x14:0xc000007f x12:0x4f800000
     268495.000 ns	     26848	80005a9c	10d77753	fmul.s	f14,f14,f13	 f14:0xbb1e3cbc f13:0x80000000 f14=0x00000000
     268525.000 ns	     26851	80005aa0	d005aa53	fcvt.s.w	f20,x11	 x11:0x80040fe4 f20=0xcefff7e1
     268555.000 ns	     26854	80005aa4	02462633	mulhsu	x12,x12,x4	 x12:0x4f800000  x4:0x4f800000 x12=0x18b04000
     268575.000 ns	     26856	80005aa8	013b9d93	slli	x27,x23,0x13	 x23:0xffff9c7d x27=0xe3e80000
     268595.000 ns	     26858	80005aac	a00c0053	fle.s	x0,f24,f0	 f24:0x3cb78297  f0:0x4f7ffffc
     268625.000 ns	     26861	80005ab0	206d93d3	fsgnjn.s	f7,f27,f6	 f27:0x00000000  f6:0xcea956f0  f7=0x00000000
     268655.000 ns	     26864	80005ab4	a1f120d3	feq.s	x1,f2,f31	  f2:0xffc00000 f31:0x7fc00000  x1=0x00000000
     268675.000 ns	     26866	80005ab8	004bafb3	slt	x31,x23,x4	 x23:0xffff9c7d  x4:0x4f800000 x31=0x00000001
     268695.000 ns	     26868	80005abc	299b1e53	fmax.s	f28,f22,f25	 f22:0x000000ff f25:0x4effffff f28=0x4effffff
     269065.000 ns	     26905	80005ac0	0252d7b3	divu	x15,x5,x5	  x5:0xfffffffe  x5:0xfffffffe x15=0x00000001
     269085.000 ns	     26907	80005ac4	2dc88b13	addi	x22,x17,732	 x17:0x000000bf x22=0x0000039b
     269105.000 ns	     26909	80005ac8	02020633	mul	x12,x4,x0	  x4:0x4f800000  x0:0x00000000 x12=0x00000000
     269125.000 ns	     26911	80005acc	00afa033	slt	x0,x31,x10	 x31:0x00000001 x10:0x54c1a000
     269145.000 ns	     26913	80005ad0	03245233	divu	x4,x8,x18	  x8:0x00000000 x18:0x00000000  x4=0xffffffff
     269165.000 ns	     26915	80005ad4	01e1d3b3	srl	x7,x3,x30	  x3:0x00000000 x30:0x80041024  x7=0x00000000
     269185.000 ns	     26917	80005ad8	a090a1d3	feq.s	x3,f1,f9	  f1:0x7fc00000  f9:0x7fc00000  x3=0x00000000
     269225.000 ns	     26921	80005adc	18e7f053	fdiv.s	f0,f15,f14	 f15:0x7fc00000 f14:0x00000000  f0=0x7fc00000
     269245.000 ns	     26923	80005ae0	80cb7493	andi	x9,x22,-2036	 x22:0x0000039b  x9=0x00000008
     269255.000 ns	     26924	80005ae4	010473b3	and	x7,x8,x16	  x8:0x00000000 x16:0x000000ff  x7=0x00000000
     269275.000 ns	     26926	80005ae8	21482753	fsgnjx.s	f14,f16,f20	 f16:0x7f800000 f20:0xcefff7e1 f14=0xff800000
     269295.000 ns	     26928	80005aec	2c72b893	sltiu	x17,x5,711	  x5:0xfffffffe x17=0x00000000
     269305.000 ns	     26929	80005af0	25c8a797	auipc	x15,0x25c8a	 x15=0xa5c8faf0
     269315.000 ns	     26930	80005af4	0042edb3	or	x27,x5,x4	  x5:0xfffffffe  x4:0xffffffff x27=0xffffffff
     269325.000 ns	     26931	80005af8	b6c82b13	slti	x22,x16,-1172	 x16:0x000000ff x22=0x00000000
     269335.000 ns	     26932	80005afc	1a0ba693	slti	x13,x23,416	 x23:0xffff9c7d x13=0x00000001
     269695.000 ns	     26968	80005b00	038256b3	divu	x13,x4,x24	  x4:0xffffffff x24:0xe13cd000 x13=0x00000001
     269725.000 ns	     26971	80005b04	a0e782d3	fle.s	x5,f15,f14	 f15:0x7fc00000 f14:0xff800000  x5=0x00000000
     269745.000 ns	     26973	80005b08	66268413	addi	x8,x13,1634	 x13:0x00000001  x8=0x00000663
     269765.000 ns	     26975	80005b0c	03dba0b3	mulhsu	x1,x23,x29	 x23:0xffff9c7d x29:0x000004f4  x1=0xffffffff
     269785.000 ns	     26977	80005b10	1baa3313	sltiu	x6,x20,442	 x20:0xffffffff  x6=0x00000000
     269805.000 ns	     26979	80005b14	e00480d3	fmv.x.w	x1,f9	  f9:0x7fc00000  x1=0x7fc00000
     269835.000 ns	     26982	80005b18	e0009653	fclass.s	x12,f1	  f1:0x7fc00000 x12=0x00000200
     269875.000 ns	     26986	80005b1c	11507753	fmul.s	f14,f0,f21	  f0:0x7fc00000 f21:0xce8fda8f f14=0x7fc00000
     269905.000 ns	     26989	80005b20	a17b0dd3	fle.s	x27,f22,f23	 f22:0x000000ff f23:0xbf800000 x27=0x00000000
     269925.000 ns	     26991	80005b24	40375233	sra	x4,x14,x3	 x14:0xc000007f  x3:0x00000000  x4=0xc000007f
     269945.000 ns	     26993	80005b28	d003ba53	fcvt.s.w	f20,x7	  x7:0x00000000 f20=0x00000000
     269965.000 ns	     26995	80005b2c	00000013	addi	x0,x0,0	  x0:0x00000000
     269975.000 ns	     26996	80005b30	bca73f93	sltiu	x31,x14,-1078	 x14:0xc000007f x31=0x00000001
     269985.000 ns	     26997	80005b34	e36ccd97	auipc	x27,0xe36cc	 x27=0x636d1b34
     270005.000 ns	     26999	80005b38	e00986d3	fmv.x.w	x13,f19	 f19:0xcea956ef x13=0xcea956ef
     270025.000 ns	     27001	80005b3c	405c5413	srai	x8,x24,0x5	 x24:0xe13cd000  x8=0xff09e680
     270045.000 ns	     27003	80005b40	21730fd3	fsgnj.s	f31,f6,f23	  f6:0xcea956f0 f23:0xbf800000 f31=0xcea956f0
     270065.000 ns	     27005	80005b44	f359e537	lui	x10,0xf359e	 x10=0xf359e000
     270085.000 ns	     27007	80005b48	293d80d3	fmin.s	f1,f27,f19	 f27:0x00000000 f19:0xcea956ef  f1=0xcea956ef
     270115.000 ns	     27010	80005b4c	026e6733	rem	x14,x28,x6	 x28:0x00000001  x6:0x00000000 x14=0x00000001
     270145.000 ns	     27013	80005b50	285387d3	fmin.s	f15,f7,f5	  f7:0x00000000  f5:0x7fc00000 f15=0x00000000
     270165.000 ns	     27015	80005b54	41acda33	sra	x20,x25,x26	 x25:0xfffffbdf x26:0x000004f4 x20=0xffffffff
     270205.000 ns	     27019	80005b58	0854fbd3	fsub.s	f23,f9,f5	  f9:0x7fc00000  f5:0x7fc00000 f23=0x7fc00000
     270235.000 ns	     27022	80005b5c	204a26d3	fsgnjx.s	f13,f20,f4	 f20:0x00000000  f4:0x7fc00000 f13=0x00000000
     270265.000 ns	     27025	80005b60	29c591d3	fmax.s	f3,f11,f28	 f11:0x7fc00000 f28:0x4effffff  f3=0x4effffff
     270285.000 ns	     27027	80005b64	672baa13	slti	x20,x23,1650	 x23:0xffff9c7d x20=0x00000001
     270295.000 ns	     27028	80005b68	415c5933	sra	x18,x24,x21	 x24:0xe13cd000 x21:0x54ab7822 x18=0xf84f3400
     270315.000 ns	     27030	80005b6c	c019c1d3	fcvt.wu.s	x3,f19	 f19:0xcea956ef  x3=0x54ab7780
     270345.000 ns	     27033	80005b70	02dd1db3	mulh	x27,x26,x13	 x26:0x000004f4 x13:0xcea956ef x27=0xffffff0b
     270715.000 ns	     27070	80005b74	029c61b3	rem	x3,x24,x9	 x24:0xe13cd000  x9:0x00000008  x3=0x00000000
     270745.000 ns	     27073	80005b78	29039fd3	fmax.s	f31,f7,f16	  f7:0x00000000 f16:0x7f800000 f31=0x7f800000
     270775.000 ns	     27076	80005b7c	e00a8153	fmv.x.w	x2,f21	 f21:0xce8fda8f  x2=0xce8fda8f
     270795.000 ns	     27078	80005b80	00245493	srli	x9,x8,0x2	  x8:0xff09e680  x9=0x3fc279a0
     270805.000 ns	     27079	80005b84	4104db33	sra	x22,x9,x16	  x9:0x00000008 x16:0x000000ff x22=0x00000000
     270825.000 ns	     27081	80005b88	d01b7453	fcvt.s.wu	f8,x22	 x22:0x00000000  f8=0x00000000
     270855.000 ns	     27084	80005b8c	a0ed1fd3	flt.s	x31,f26,f14	 f26:0x7f800000 f14:0x7fc00000 x31=0x00000000
     272035.000 ns	     27202	80005b90	5801f953	fsqrt.s	f18,f3	  f3:0x4effffff f18=0x473504ab
     272065.000 ns	     27205	80005b94	0397afb3	mulhsu	x31,x15,x25	 x15:0xa5c8faf0 x25:0xfffffbdf x31=0xa5c8fc64
     272085.000 ns	     27207	80005b98	164e4313	xori	x6,x28,356	 x28:0x00000001  x6=0x00000165
     272105.000 ns	     27209	80005b9c	02be3933	mulhu	x18,x28,x11	 x28:0x00000001 x11:0x80040fe4 x18=0x00000000
     272135.000 ns	     27212	80005ba0	03b83533	mulhu	x10,x16,x27	 x16:0x000000ff x27:0xffffff0b x10=0x000000fe
     272505.000 ns	     27249	80005ba4	03f6dc33	divu	x24,x13,x31	 x13:0xcea956ef x31:0xa5c8fc64 x24=0x00000001
     272525.000 ns	     27251	80005ba8	b1230813	addi	x16,x6,-1262	  x6:0x00000165 x16=0xfffffc77
     272545.000 ns	     27253	80005bac	20160353	fsgnj.s	f6,f12,f1	 f12:0x7fc00000  f1:0xcea956ef  f6=0xffc00000
     272575.000 ns	     27256	80005bb0	a1392353	feq.s	x6,f18,f19	 f18:0x473504ab f19:0xcea956ef  x6=0x00000000
     272615.000 ns	     27260	80005bb4	19fbad53	fdiv.s	f26,f23,f31	 f23:0x7fc00000 f31:0x7f800000 f26=0x7fc00000
     272635.000 ns	     27262	80005bb8	40f65133	sra	x2,x12,x15	 x12:0x00000200 x15:0xa5c8faf0  x2=0x00000000
     272645.000 ns	     27263	80005bbc	01ac5713	srli	x14,x24,0x1a	 x24:0x00000001 x14=0x00000000
     272655.000 ns	     27264	80005bc0	0027a9b3	slt	x19,x15,x2	 x15:0xa5c8faf0  x2:0xce8fda8f x19=0x00000001
     272675.000 ns	     27266	80005bc4	c010c753	fcvt.wu.s	x14,f1	  f1:0xcea956ef x14=0x54ab7780
     272705.000 ns	     27269	80005bc8	c00a21d3	fcvt.w.s	x3,f20	 f20:0x00000000  x3=0x00000000
     272725.000 ns	     27271	80005bcc	00bd8133	add	x2,x27,x11	 x27:0xffffff0b x11:0x80040fe4  x2=0x80040eef
     272735.000 ns	     27272	80005bd0	0083d313	srli	x6,x7,0x8	  x7:0x00000000  x6=0x00000000
     272755.000 ns	     27274	80005bd4	a05f90d3	flt.s	x1,f31,f5	 f31:0x7f800000  f5:0x7fc00000  x1=0x00000000
     272775.000 ns	     27276	80005bd8	00b750b3	srl	x1,x14,x11	 x14:0x54ab7780 x11:0x80040fe4  x1=0x054ab778
     272785.000 ns	     27277	80005bdc	011eacb3	slt	x25,x29,x17	 x29:0x000004f4 x17:0x00000000 x25=0x00000000
     272805.000 ns	     27279	80005be0	c013f3d3	fcvt.wu.s	x7,f7	  f7:0x00000000  x7=0x00000000
     272825.000 ns	     27281	80005be4	00bab233	sltu	x4,x21,x11	 x21:0x54ab7822 x11:0x80040fe4  x4=0x00000001
     272835.000 ns	     27282	80005be8	a947c113	xori	x2,x15,-1388	 x15:0xa5c8faf0  x2=0x5a370064
     273195.000 ns	     27318	80005bec	03767bb3	remu	x23,x12,x23	 x12:0x00000200 x23:0xffff9c7d x23=0x00000200
     273225.000 ns	     27321	80005bf0	f0008853	fmv.w.x	f16,x1	  x1:0x054ab778 f16=0x054ab778
     273255.000 ns	     27324	80005bf4	282990d3	fmax.s	f1,f19,f2	 f19:0xcea956ef  f2:0xffc00000  f1=0xcea956ef
     273285.000 ns	     27327	80005bf8	e00106d3	fmv.x.w	x13,f2	  f2:0xffc00000 x13=0xffc00000
     273315.000 ns	     27330	80005bfc	03dbae33	mulhsu	x28,x23,x29	 x23:0x00000200 x29:0x000004f4 x28=0x00000000
     273345.000 ns	     27333	80005c00	03ba1533	mulh	x10,x20,x27	 x20:0x00000001 x27:0xffffff0b x10=0xffffffff
     273375.000 ns	     27336	80005c04	0300b4b3	mulhu	x9,x1,x16	  x1:0x054ab778 x16:0xfffffc77  x9=0x054ab765
     273395.000 ns	     27338	80005c08	01a997b3	sll	x15,x19,x26	 x19:0x00000001 x26:0x000004f4 x15=0x00100000
     273405.000 ns	     27339	80005c0c	00800733	add	x14,x0,x8	  x0:0x00000000  x8:0xff09e680 x14=0xff09e680
     273415.000 ns	     27340	80005c10	00000013	addi	x0,x0,0	  x0:0x00000000
     273425.000 ns	     27341	80005c14	017bdc93	srli	x25,x23,0x17	 x23:0x00000200 x25=0x00000000
     273435.000 ns	     27342	80005c18	cd22e993	ori	x19,x5,-814	  x5:0x00000000 x19=0xfffffcd2
     273465.000 ns	     27345	80005c1c	18e38353	fdiv.s	f6,f7,f14	  f7:0x00000000 f14:0x7fc00000  f6=0x7fc00000
     273495.000 ns	     27348	80005c20	e00a9e53	fclass.s	x28,f21	 f21:0xce8fda8f x28=0x00000002
     273525.000 ns	     27351	80005c24	e0080a53	fmv.x.w	x20,f16	 f16:0x054ab778 x20=0x054ab778
     273555.000 ns	     27354	80005c28	21270cd3	fsgnj.s	f25,f14,f18	 f14:0x7fc00000 f18:0x473504ab f25=0x7fc00000
     273585.000 ns	     27357	80005c2c	e0019053	fclass.s	x0,f3	  f3:0x4effffff
     273615.000 ns	     27360	80005c30	28cf81d3	fmin.s	f3,f31,f12	 f31:0x7f800000 f12:0x7fc00000  f3=0x7f800000
     273665.000 ns	     27365	80005c34	080e4553	fsub.s	f10,f28,f0	 f28:0x4effffff  f0:0x7fc00000 f10=0x7fc00000
     273685.000 ns	     27367	80005c38	41d45c93	srai	x25,x8,0x1d	  x8:0xff09e680 x25=0xffffffff
     273695.000 ns	     27368	80005c3c	00b420b3	slt	x1,x8,x11	  x8:0xff09e680 x11:0x80040fe4  x1=0x00000000
     273705.000 ns	     27369	80005c40	00d4b0b3	sltu	x1,x9,x13	  x9:0x054ab765 x13:0xffc00000  x1=0x00000001
     273715.000 ns	     27370	80005c44	013e5433	srl	x8,x28,x19	 x28:0x00000002 x19:0xfffffcd2  x8=0x00000000
     273735.000 ns	     27372	80005c48	02642d33	mulhsu	x26,x8,x6	  x8:0xff09e680  x6:0x00000000 x26=0x00000000
     273765.000 ns	     27375	80005c4c	20962553	fsgnjx.s	f10,f12,f9	 f12:0x7fc00000  f9:0x7fc00000 f10=0x7fc00000
     273785.000 ns	     27377	80005c50	5303e913	ori	x18,x7,1328	  x7:0x00000000 x18=0x00000530
     273805.000 ns	     27379	80005c54	d004f0d3	fcvt.s.w	f1,x9	  x9:0x054ab765  f1=0x4ca956ec
     273825.000 ns	     27381	80005c58	415d5433	sra	x8,x26,x21	 x26:0x00000000 x21:0x54ab7822  x8=0x00000000
     273845.000 ns	     27383	80005c5c	a11caa53	feq.s	x20,f25,f17	 f25:0x7fc00000 f17:0x7fc00000 x20=0x00000000
     273865.000 ns	     27385	80005c60	01f52db3	slt	x27,x10,x31	 x10:0xffffffff x31:0xa5c8fc64 x27=0x00000000
     273885.000 ns	     27387	80005c64	29f09853	fmax.s	f16,f1,f31	  f1:0x4ca956ec f31:0x7f800000 f16=0x7f800000
     274255.000 ns	     27424	80005c68	03206b33	rem	x22,x0,x18	  x0:0x00000000 x18:0x00000530 x22=0x00000000
     274275.000 ns	     27426	80005c6c	0109f2b3	and	x5,x19,x16	 x19:0xfffffcd2 x16:0xfffffc77  x5=0xfffffc52
     274635.000 ns	     27462	80005c70	025be333	rem	x6,x23,x5	 x23:0x00000200  x5:0x00000000  x6=0x00000200
     274665.000 ns	     27465	80005c74	20768b53	fsgnj.s	f22,f13,f7	 f13:0x00000000  f7:0x00000000 f22=0x00000000
     274695.000 ns	     27468	80005c78	d000f1d3	fcvt.s.w	f3,x1	  x1:0x00000001  f3=0x3f800000
     275065.000 ns	     27505	80005c7c	02dfc233	div	x4,x31,x13	 x31:0xa5c8fc64 x13:0xffc00000  x4=0x00000168
     275095.000 ns	     27508	80005c80	02e212b3	mulh	x5,x4,x14	  x4:0x00000001 x14:0xff09e680  x5=0xfffffffe
     275125.000 ns	     27511	80005c84	a0950cd3	fle.s	x25,f10,f9	 f10:0x7fc00000  f9:0x7fc00000 x25=0x00000000
     275145.000 ns	     27513	80005c88	dcf0ce13	xori	x28,x1,-561	  x1:0x00000001 x28=0xfffffdce
     275165.000 ns	     27515	80005c8c	e00c81d3	fmv.x.w	x3,f25	 f25:0x7fc00000  x3=0x7fc00000
     275535.000 ns	     27552	80005c90	0247c1b3	div	x3,x15,x4	 x15:0x00100000  x4:0x00000168  x3=0x00000b60
     275555.000 ns	     27554	80005c94	00000013	addi	x0,x0,0	  x0:0x00000000
     275565.000 ns	     27555	80005c98	06e22d93	slti	x27,x4,110	  x4:0x00000168 x27=0x00000000
     275575.000 ns	     27556	80005c9c	01bdc7b3	xor	x15,x27,x27	 x27:0x00000000 x27:0x00000000 x15=0x00000000
     275585.000 ns	     27557	80005ca0	00ccbe33	sltu	x28,x25,x12	 x25:0x00000000 x12:0x00000200 x28=0x00000001
     275595.000 ns	     27558	80005ca4	f8b53c93	sltiu	x25,x10,-117	 x10:0xffffffff x25=0x00000000
     275615.000 ns	     27560	80005ca8	c0097453	fcvt.w.s	x8,f18	 f18:0x473504ab  x8=0x0000b504
     275645.000 ns	     27563	80005cac	c01ef353	fcvt.wu.s	x6,f29	 f29:0x7fc00000  x6=0xffffffff
     275665.000 ns	     27565	80005cb0	a15e0293	addi	x5,x28,-1515	 x28:0x00000001  x5=0xfffffa16
     275685.000 ns	     27567	80005cb4	29668253	fmin.s	f4,f13,f22	 f13:0x00000000 f22:0x00000000  f4=0x00000000
     275705.000 ns	     27569	80005cb8	47480d13	addi	x26,x16,1140	 x16:0xfffffc77 x26=0x000000eb
     275725.000 ns	     27571	80005cbc	c018f1d3	fcvt.wu.s	x3,f17	 f17:0x7fc00000  x3=0xffffffff
     275745.000 ns	     27573	80005cc0	00b8e0b3	or	x1,x17,x11	 x17:0x00000000 x11:0x80040fe4  x1=0x80040fe4
     275765.000 ns	     27575	80005cc4	a15e04d3	fle.s	x9,f28,f21	 f28:0x4effffff f21:0xce8fda8f  x9=0x00000000
     275795.000 ns	     27578	80005cc8	f00e05d3	fmv.w.x	f11,x28	 x28:0x00000001 f11=0x00000001
     276165.000 ns	     27615	80005ccc	03dcd3b3	divu	x7,x25,x29	 x25:0x00000000 x29:0x000004f4  x7=0x00000000
     276185.000 ns	     27617	80005cd0	012dc133	xor	x2,x27,x18	 x27:0x00000000 x18:0x00000530  x2=0x00000530
     276195.000 ns	     27618	80005cd4	bf4b7d93	andi	x27,x22,-1036	 x22:0x00000000 x27=0x00000000
     276215.000 ns	     27620	80005cd8	e0028653	fmv.x.w	x12,f5	  f5:0x7fc00000 x12=0x7fc00000
     276245.000 ns	     27623	80005cdc	e0050053	fmv.x.w	x0,f10	 f10:0x7fc00000
     276265.000 ns	     27625	80005ce0	b8e2c817	auipc	x16,0xb8e2c	 x16=0x38e31ce0
     276285.000 ns	     27627	80005ce4	d01cf553	fcvt.s.wu	f10,x25	 x25:0x00000000 f10=0x00000000
     276315.000 ns	     27630	80005ce8	a0201e53	flt.s	x28,f0,f2	  f0:0x7fc00000  f2:0xffc00000 x28=0x00000000
     276335.000 ns	     27632	80005cec	00000013	addi	x0,x0,0	  x0:0x00000000
     276345.000 ns	     27633	80005cf0	0167d2b3	srl	x5,x15,x22	 x15:0x00000000 x22:0x00000000  x5=0x00000000
     276355.000 ns	     27634	80005cf4	509fbf93	sltiu	x31,x31,1289	 x31:0xa5c8fc64 x31=0x00000000
     276715.000 ns	     27670	80005cf8	021e5833	divu	x16,x28,x1	 x28:0x00000000  x1:0x80040fe4 x16=0x00000000
     276745.000 ns	     27673	80005cfc	c0177fd3	fcvt.wu.s	x31,f14	 f14:0x7fc00000 x31=0xffffffff
     276765.000 ns	     27675	80005d00	ed1728b7	lui	x17,0xed172	 x17=0xed172000
     276795.000 ns	     27678	80005d04	11f4aa53	fmul.s	f20,f9,f31	  f9:0x7fc00000 f31:0x7f800000 f20=0x7fc00000
     276815.000 ns	     27680	80005d08	dd7db713	sltiu	x14,x27,-553	 x27:0x00000000 x14=0x00000001
     277175.000 ns	     27716	80005d0c	032eceb3	div	x29,x29,x18	 x29:0x000004f4 x18:0x00000530 x29=0x00000000
     277195.000 ns	     27718	80005d10	d420a613	slti	x12,x1,-702	  x1:0x80040fe4 x12=0x00000001
     277215.000 ns	     27720	80005d14	036411b3	mulh	x3,x8,x22	  x8:0x0000b504 x22:0x00000000  x3=0x00000000
     277245.000 ns	     27723	80005d18	c01efc53	fcvt.wu.s	x24,f29	 f29:0x7fc00000 x24=0xffffffff
     277285.000 ns	     27727	80005d1c	104e8fd3	fmul.s	f31,f29,f4	 f29:0x7fc00000  f4:0x00000000 f31=0x7fc00000
     277315.000 ns	     27730	80005d20	c017fc53	fcvt.wu.s	x24,f15	 f15:0x00000000 x24=0x00000000
     277345.000 ns	     27733	80005d24	03c0d1b3	divu	x3,x1,x28	  x1:0x80040fe4 x28:0x00000000  x3=0xffffffff
     277365.000 ns	     27735	80005d28	ccf4d797	auipc	x15,0xccf4d	 x15=0x4cf52d28
     277385.000 ns	     27737	80005d2c	204a0f53	fsgnj.s	f30,f20,f4	 f20:0x7fc00000  f4:0x00000000 f30=0x7fc00000
     277405.000 ns	     27739	80005d30	00000013	addi	x0,x0,0	  x0:0x00000000
     277415.000 ns	     27740	80005d34	fa9ee293	ori	x5,x29,-87	 x29:0x00000000  x5=0xffffffa9
     277425.000 ns	     27741	80005d38	4797b613	sltiu	x12,x15,1145	 x15:0x4cf52d28 x12=0x00000000
     277445.000 ns	     27743	80005d3c	a1739853	flt.s	x16,f7,f23	  f7:0x00000000 f23:0x7fc00000 x16=0x00000000
     277475.000 ns	     27746	80005d40	a1602553	feq.s	x10,f0,f22	  f0:0x7fc00000 f22:0x00000000 x10=0x00000000
     277505.000 ns	     27749	80005d44	a15d1fd3	flt.s	x31,f26,f21	 f26:0x7fc00000 f21:0xce8fda8f x31=0x00000000
     277535.000 ns	     27752	80005d48	d01881d3	fcvt.s.wu	f3,x17	 x17:0xed172000  f3=0x4f6d1720
     277555.000 ns	     27754	80005d4c	0186e733	or	x14,x13,x24	 x13:0xffc00000 x24:0x00000000 x14=0xffc00000
     277575.000 ns	     27756	80005d50	204e13d3	fsgnjn.s	f7,f28,f4	 f28:0x4effffff  f4:0x00000000  f7=0xceffffff
     277595.000 ns	     27758	80005d54	d1aaee13	ori	x28,x21,-742	 x21:0x54ab7822 x28=0xfffffd3a
     277955.000 ns	     27794	80005d58	023a7d33	remu	x26,x20,x3	 x20:0x00000000  x3:0xffffffff x26=0x00000000
     277975.000 ns	     27796	80005d5c	00268d13	addi	x26,x13,2	 x13:0xffc00000 x26=0xffc00002
     277985.000 ns	     27797	80005d60	01d44933	xor	x18,x8,x29	  x8:0x0000b504 x29:0x00000000 x18=0x0000b504
     277995.000 ns	     27798	80005d64	49404693	xori	x13,x0,1172	  x0:0x00000000 x13=0x00000494
     278355.000 ns	     27834	80005d68	0239f6b3	remu	x13,x19,x3	 x19:0xfffffcd2  x3:0xffffffff x13=0xfffffcd2
     278385.000 ns	     27837	80005d6c	034bdfb3	divu	x31,x23,x20	 x23:0x00000200 x20:0x00000000 x31=0xffffffff
     278425.000 ns	     27841	80005d70	18da70d3	fdiv.s	f1,f20,f13	 f20:0x7fc00000 f13:0x00000000  f1=0x7fc00000
     278455.000 ns	     27844	80005d74	03bcb8b3	mulhu	x17,x25,x27	 x25:0x00000000 x27:0x00000000 x17=0x00000000
     278495.000 ns	     27848	80005d78	1091b2d3	fmul.s	f5,f3,f9	  f3:0x4f6d1720  f9:0x7fc00000  f5=0x7fc00000
     278515.000 ns	     27850	80005d7c	00d2b7b3	sltu	x15,x5,x13	  x5:0xffffffa9 x13:0xfffffcd2 x15=0x00000000
     278535.000 ns	     27852	80005d80	03b3c7b3	div	x15,x7,x27	  x7:0x00000000 x27:0x00000000 x15=0xffffffff
     278565.000 ns	     27855	80005d84	c00004d3	fcvt.w.s	x9,f0	  f0:0x7fc00000  x9=0x7fffffff
     278615.000 ns	     27860	80005d88	01310e53	fadd.s	f28,f2,f19	  f2:0xffc00000 f19:0xcea956ef f28=0x7fc00000
     278645.000 ns	     27863	80005d8c	a0818bd3	fle.s	x23,f3,f8	  f3:0x4f6d1720  f8:0x00000000 x23=0x00000000
     278665.000 ns	     27865	80005d90	00505e13	srli	x28,x0,0x5	  x0:0x00000000 x28=0x00000000
     278685.000 ns	     27867	80005d94	e00a1153	fclass.s	x2,f20	 f20:0x7fc00000  x2=0x00000200
     278715.000 ns	     27870	80005d98	f00487d3	fmv.w.x	f15,x9	  x9:0x7fffffff f15=0x7fffffff
     278735.000 ns	     27872	80005d9c	191cc313	xori	x6,x25,401	 x25:0x00000000  x6=0x00000191
     278745.000 ns	     27873	80005da0	ed2ef193	andi	x3,x29,-302	 x29:0x00000000  x3=0x00000000
     278765.000 ns	     27875	80005da4	29e98e53	fmin.s	f28,f19,f30	 f19:0xcea956ef f30:0x7fc00000 f28=0xcea956ef
     278795.000 ns	     27878	80005da8	d0189153	fcvt.s.wu	f2,x17	 x17:0x00000000  f2=0x00000000
     278825.000 ns	     27881	80005dac	20579c53	fsgnjn.s	f24,f15,f5	 f15:0x7fffffff  f5:0x7fc00000 f24=0xffffffff
     278845.000 ns	     27883	80005db0	011e6333	or	x6,x28,x17	 x28:0x00000000 x17:0x00000000  x6=0x00000000
     278855.000 ns	     27884	80005db4	01b4f033	and	x0,x9,x27	  x9:0x7fffffff x27:0x00000000
     278865.000 ns	     27885	80005db8	573a4d13	xori	x26,x20,1395	 x20:0x00000000 x26=0x00000573
     278905.000 ns	     27889	80005dbc	0836fcd3	fsub.s	f25,f13,f3	 f13:0x00000000  f3:0x4f6d1720 f25=0xcf6d1720
     278945.000 ns	     27893	80005dc0	580c92d3	fsqrt.s	f5,f25	 f25:0x7fc00000  f5=0x7fc00000
     278965.000 ns	     27895	80005dc4	00000013	addi	x0,x0,0	  x0:0x00000000
     278985.000 ns	     27897	80005dc8	a1bc1e53	flt.s	x28,f24,f27	 f24:0xffffffff f27:0x00000000 x28=0x00000000
     279015.000 ns	     27900	80005dcc	217801d3	fsgnj.s	f3,f16,f23	 f16:0x7f800000 f23:0x7fc00000  f3=0x7f800000
     279065.000 ns	     27905	80005dd0	09807fd3	fsub.s	f31,f0,f24	  f0:0x7fc00000 f24:0xffffffff f31=0x7fc00000
     279105.000 ns	     27909	80005dd4	18ae8053	fdiv.s	f0,f29,f10	 f29:0x7fc00000 f10:0x00000000  f0=0x7fc00000
     279135.000 ns	     27912	80005dd8	e0071553	fclass.s	x10,f14	 f14:0x7fc00000 x10=0x00000200
     279165.000 ns	     27915	80005ddc	a1c6aed3	feq.s	x29,f13,f28	 f13:0x00000000 f28:0xcea956ef x29=0x00000000
     279185.000 ns	     27917	80005de0	00000013	addi	x0,x0,0	  x0:0x00000000
     279195.000 ns	     27918	80005de4	e767a6b7	lui	x13,0xe767a	 x13=0xe767a000
     279205.000 ns	     27919	80005de8	84b2c693	xori	x13,x5,-1973	  x5:0xffffffa9 x13=0x000007e2
     280085.000 ns	     28007	80005dec	58097853	fsqrt.s	f16,f18	 f18:0x473504ab f16=0x42ffff6c
     280115.000 ns	     28010	80005df0	a0ffadd3	feq.s	x27,f31,f15	 f31:0x7fc00000 f15:0x7fffffff x27=0x00000000
     280145.000 ns	     28013	80005df4	a1d92253	feq.s	x4,f18,f29	 f18:0x473504ab f29:0x7fc00000  x4=0x00000000
     280175.000 ns	     28016	80005df8	28660b53	fmin.s	f22,f12,f6	 f12:0x7fc00000  f6:0x7fc00000 f22=0x7fc00000
     280205.000 ns	     28019	80005dfc	03da3b33	mulhu	x22,x20,x29	 x20:0x00000000 x29:0x00000000 x22=0x00000000
     280235.000 ns	     28022	80005e00	d005aad3	fcvt.s.w	f21,x11	 x11:0x80040fe4 f21=0xcefff7e1
     280255.000 ns	     28024	80005e04	411f0433	sub	x8,x30,x17	 x30:0x80041024 x17:0x00000000  x8=0x80041024
     280275.000 ns	     28026	80005e08	039d6933	rem	x18,x26,x25	 x26:0x00000573 x25:0x00000000 x18=0x00000573
     280295.000 ns	     28028	80005e0c	a9af4713	xori	x14,x30,-1382	 x30:0x80041024 x14=0x7ffbeabe
     280335.000 ns	     28032	80005e10	085c7253	fsub.s	f4,f24,f5	 f24:0xffffffff  f5:0x7fc00000  f4=0x7fc00000
     280355.000 ns	     28034	80005e14	89cfa037	lui	x0,0x89cfa	
     280385.000 ns	     28037	80005e18	1940f453	fdiv.s	f8,f1,f20	  f1:0x7fc00000 f20:0x7fc00000  f8=0x7fc00000
     280405.000 ns	     28039	80005e1c	01a054b3	srl	x9,x0,x26	  x0:0x00000000 x26:0x00000573  x9=0x00000000
     281575.000 ns	     28156	80005e20	58091dd3	fsqrt.s	f27,f18	 f18:0x473504ab f27=0x42ffff5c
     281595.000 ns	     28158	80005e24	01fe88b3	add	x17,x29,x31	 x29:0x00000000 x31:0xffffffff x17=0xffffffff
     281615.000 ns	     28160	80005e28	206d08d3	fsgnj.s	f17,f26,f6	 f26:0x7fc00000  f6:0x7fc00000 f17=0x7fc00000
     281635.000 ns	     28162	80005e2c	01035d93	srli	x27,x6,0x10	  x6:0x00000000 x27=0x00000000
     281665.000 ns	     28165	80005e30	580c9253	fsqrt.s	f4,f25	 f25:0xcf6d1720  f4=0x7fc00000
     281695.000 ns	     28168	80005e34	c0067053	fcvt.w.s	x0,f12	 f12:0x7fc00000
     281725.000 ns	     28171	80005e38	d002f153	fcvt.s.w	f2,x5	  x5:0xffffffa9  f2=0xc2ae0000
     281755.000 ns	     28174	80005e3c	0208e4b3	rem	x9,x17,x0	 x17:0xffffffff  x0:0x00000000  x9=0xffffffff
     281775.000 ns	     28176	80005e40	41038233	sub	x4,x7,x16	  x7:0x00000000 x16:0x00000000  x4=0x00000000
     281795.000 ns	     28178	80005e44	a0381253	flt.s	x4,f16,f3	 f16:0x42ffff6c  f3:0x7f800000  x4=0x00000001
     281815.000 ns	     28180	80005e48	01c02bb3	slt	x23,x0,x28	  x0:0x00000000 x28:0x00000000 x23=0x00000000
     281825.000 ns	     28181	80005e4c	00b9bfb3	sltu	x31,x19,x11	 x19:0xfffffcd2 x11:0x80040fe4 x31=0x00000000
     281845.000 ns	     28183	80005e50	03b17333	remu	x6,x2,x27	  x2:0x00000200 x27:0x00000000  x6=0x00000200
     281875.000 ns	     28186	80005e54	f0008053	fmv.w.x	f0,x1	  x1:0x80040fe4  f0=0x80040fe4
     281895.000 ns	     28188	80005e58	000e9433	sll	x8,x29,x0	 x29:0x00000000  x0:0x00000000  x8=0x00000000
     281915.000 ns	     28190	80005e5c	20eda453	fsgnjx.s	f8,f27,f14	 f27:0x42ffff5c f14:0x7fc00000  f8=0x42ffff5c
     281935.000 ns	     28192	80005e60	00535133	srl	x2,x6,x5	  x6:0x00000200  x5:0xffffffa9  x2=0x00000001
     281975.000 ns	     28196	80005e64	005b9453	fadd.s	f8,f23,f5	 f23:0x7fc00000  f5:0x7fc00000  f8=0x7fc00000
     282005.000 ns	     28199	80005e68	037f78b3	remu	x17,x30,x23	 x30:0x80041024 x23:0x00000000 x17=0x80041024
     282025.000 ns	     28201	80005e6c	becf8213	addi	x4,x31,-1044	 x31:0x00000000  x4=0xfffffbec
     282385.000 ns	     28237	80005e70	026e7cb3	remu	x25,x28,x6	 x28:0x00000000  x6:0x00000200 x25=0x00000000
     282415.000 ns	     28240	80005e74	20df0dd3	fsgnj.s	f27,f30,f13	 f30:0x7fc00000 f13:0x00000000 f27=0x7fc00000
     282435.000 ns	     28242	80005e78	01cd0033	add	x0,x26,x28	 x26:0x00000573 x28:0x00000000
     282445.000 ns	     28243	80005e7c	4ac63113	sltiu	x2,x12,1196	 x12:0x00000000  x2=0x00000001
     282465.000 ns	     28245	80005e80	292394d3	fmax.s	f9,f7,f18	  f7:0xceffffff f18:0x473504ab  f9=0x473504ab
     282505.000 ns	     28249	80005e84	58038353	fsqrt.s	f6,f7	  f7:0xceffffff  f6=0x7fc00000
     282535.000 ns	     28252	80005e88	c0067ed3	fcvt.w.s	x29,f12	 f12:0x7fc00000 x29=0x7fffffff
     282555.000 ns	     28254	80005e8c	432af213	andi	x4,x21,1074	 x21:0x54ab7822  x4=0x00000022
     282565.000 ns	     28255	80005e90	de12c737	lui	x14,0xde12c	 x14=0xde12c000
     282575.000 ns	     28256	80005e94	01cfa533	slt	x10,x31,x28	 x31:0x00000000 x28:0x00000000 x10=0x00000000
     282585.000 ns	     28257	80005e98	40db8833	sub	x16,x23,x13	 x23:0x00000000 x13:0x000007e2 x16=0xfffff81e
     282945.000 ns	     28293	80005e9c	02425433	divu	x8,x4,x4	  x4:0x00000022  x4:0x00000022  x8=0x00000001
     282965.000 ns	     28295	80005ea0	00000013	addi	x0,x0,0	  x0:0x00000000
     282975.000 ns	     28296	80005ea4	01a01433	sll	x8,x0,x26	  x0:0x00000000 x26:0x00000573  x8=0x00000000
     282985.000 ns	     28297	80005ea8	41068033	sub	x0,x13,x16	 x13:0x000007e2 x16:0xfffff81e
     282995.000 ns	     28298	80005eac	8826ae93	slti	x29,x13,-1918	 x13:0x000007e2 x29=0x00000000
     283005.000 ns	     28299	80005eb0	00000013	addi	x0,x0,0	  x0:0x00000000
     283365.000 ns	     28335	80005eb4	02e5fcb3	remu	x25,x11,x14	 x11:0x80040fe4 x14:0xde12c000 x25=0x80040fe4
     283385.000 ns	     28337	80005eb8	01233733	sltu	x14,x6,x18	  x6:0x00000200 x18:0x00000573 x14=0x00000001
     283405.000 ns	     28339	80005ebc	208d2dd3	fsgnjx.s	f27,f26,f8	 f26:0x7fc00000  f8:0x7fc00000 f27=0x7fc00000
     283435.000 ns	     28342	80005ec0	c0134cd3	fcvt.wu.s	x25,f6	  f6:0x7fc00000 x25=0xffffffff
     283455.000 ns	     28344	80005ec4	b714f193	andi	x3,x9,-1167	  x9:0xffffffff  x3=0xfffffb71
     283475.000 ns	     28346	80005ec8	e00997d3	fclass.s	x15,f19	 f19:0xcea956ef x15=0x00000002
     283505.000 ns	     28349	80005ecc	a0e59953	flt.s	x18,f11,f14	 f11:0x00000001 f14:0x7fc00000 x18=0x00000000
     283555.000 ns	     28354	80005ed0	00a5a153	fadd.s	f2,f11,f10	 f11:0x00000001 f10:0x00000000  f2=0x00000001
     283585.000 ns	     28357	80005ed4	f0038d53	fmv.w.x	f26,x7	  x7:0x00000000 f26=0x00000000
     283605.000 ns	     28359	80005ed8	4031d893	srai	x17,x3,0x3	  x3:0xfffffb71 x17=0xffffff6e
     283615.000 ns	     28360	80005edc	1474e793	ori	x15,x9,327	  x9:0xffffffff x15=0xffffffff
     283625.000 ns	     28361	80005ee0	01205913	srli	x18,x0,0x12	  x0:0x00000000 x18=0x00000000
     283635.000 ns	     28362	80005ee4	0003b7b3	sltu	x15,x7,x0	  x7:0x00000000  x0:0x00000000 x15=0x00000000
     283645.000 ns	     28363	80005ee8	c280a713	slti	x14,x1,-984	  x1:0x80040fe4 x14=0x00000001
     283655.000 ns	     28364	80005eec	00000013	addi	x0,x0,0	  x0:0x00000000
     283685.000 ns	     28367	80005ef0	109ac0d3	fmul.s	f1,f21,f9	 f21:0xcefff7e1  f9:0x473504ab  f1=0xd6b4feed
     284865.000 ns	     28485	80005ef4	58017053	fsqrt.s	f0,f2	  f2:0x00000001  f0=0x1f350483
     284885.000 ns	     28487	80005ef8	00f9db93	srli	x23,x19,0xf	 x19:0xfffffcd2 x23=0x0001ffff
     284905.000 ns	     28489	80005efc	216e0fd3	fsgnj.s	f31,f28,f22	 f28:0xcea956ef f22:0x7fc00000 f31=0x4ea956ef
     284925.000 ns	     28491	80005f00	cd7f3d13	sltiu	x26,x30,-809	 x30:0x80041024 x26=0x00000001
     284935.000 ns	     28492	80005f04	49f66513	ori	x10,x12,1183	 x12:0x00000000 x10=0x0000049f
     284945.000 ns	     28493	80005f08	0030fa33	and	x20,x1,x3	  x1:0x80040fe4  x3:0xfffffb71 x20=0x80040b60
     284955.000 ns	     28494	80005f0c	496ed717	auipc	x14,0x496ed	 x14=0xc96f2f0c
     285315.000 ns	     28530	80005f10	0294c2b3	div	x5,x9,x9	  x9:0xffffffff  x9:0xffffffff  x5=0x00000001
     285335.000 ns	     28532	80005f14	01e3c6b3	xor	x13,x7,x30	  x7:0x00000000 x30:0x80041024 x13=0x80041024
     285345.000 ns	     28533	80005f18	e79cb717	auipc	x14,0xe79cb	 x14=0x679d0f18
     285365.000 ns	     28535	80005f1c	f00d8a53	fmv.w.x	f20,x27	 x27:0x00000000 f20=0x00000000
     285415.000 ns	     28540	80005f20	011e14d3	fadd.s	f9,f28,f17	 f28:0xcea956ef f17:0x7fc00000  f9=0x7fc00000
     285445.000 ns	     28543	80005f24	0351a233	mulhsu	x4,x3,x21	  x3:0xfffffb71 x21:0x54ab7822  x4=0xfffffe7e
     285485.000 ns	     28547	80005f28	181ead53	fdiv.s	f26,f29,f1	 f29:0x7fc00000  f1:0xd6b4feed f26=0x7fc00000
     285505.000 ns	     28549	80005f2c	001b4933	xor	x18,x22,x1	 x22:0x00000000  x1:0x80040fe4 x18=0x80040fe4
     285865.000 ns	     28585	80005f30	0234fe33	remu	x28,x9,x3	  x9:0xffffffff  x3:0xfffffb71 x28=0x0000048e
     285885.000 ns	     28587	80005f34	40b259b3	sra	x19,x4,x11	  x4:0xfffffe7e x11:0x80040fe4 x19=0xffffffe7
     285905.000 ns	     28589	80005f38	d0167d53	fcvt.s.wu	f26,x12	 x12:0x00000000 f26=0x00000000
     286275.000 ns	     28626	80005f3c	03036fb3	rem	x31,x6,x16	  x6:0x00000200 x16:0xfffff81e x31=0x00000200
     286305.000 ns	     28629	80005f40	216e03d3	fsgnj.s	f7,f28,f22	 f28:0xcea956ef f22:0x7fc00000  f7=0x4ea956ef
     286325.000 ns	     28631	80005f44	0097a9b3	slt	x19,x15,x9	 x15:0x00000000  x9:0xffffffff x19=0x00000000
     286335.000 ns	     28632	80005f48	40eadfb3	sra	x31,x21,x14	 x21:0x54ab7822 x14:0x679d0f18 x31=0x00000054
     286345.000 ns	     28633	80005f4c	014ae1b3	or	x3,x21,x20	 x21:0x54ab7822 x20:0x80040b60  x3=0xd4af7b62
     286365.000 ns	     28635	80005f50	a18490d3	flt.s	x1,f9,f24	  f9:0x7fc00000 f24:0xffffffff  x1=0x00000000
     286385.000 ns	     28637	80005f54	ca106d93	ori	x27,x0,-863	  x0:0x00000000 x27=0xfffffca1
     286395.000 ns	     28638	80005f58	00d35293	srli	x5,x6,0xd	  x6:0x00000200  x5=0x00000000
     286415.000 ns	     28640	80005f5c	d0067553	fcvt.s.w	f10,x12	 x12:0x00000000 f10=0x00000000
     286435.000 ns	     28642	80005f60	01557633	and	x12,x10,x21	 x10:0x0000049f x21:0x54ab7822 x12=0x00000002
     286455.000 ns	     28644	80005f64	21f80553	fsgnj.s	f10,f16,f31	 f16:0x42ffff6c f31:0x4ea956ef f10=0x42ffff6c
     286475.000 ns	     28646	80005f68	01d1bdb3	sltu	x27,x3,x29	  x3:0xd4af7b62 x29:0x00000000 x27=0x00000000
     286485.000 ns	     28647	80005f6c	404f5193	srai	x3,x30,0x4	 x30:0x80041024  x3=0xf8004102
     286495.000 ns	     28648	80005f70	d6f93413	sltiu	x8,x18,-657	 x18:0x80040fe4  x8=0x00000001
     286505.000 ns	     28649	80005f74	d49a8e13	addi	x28,x21,-695	 x21:0x54ab7822 x28=0x54ab756b
     286525.000 ns	     28651	80005f78	209222d3	fsgnjx.s	f5,f4,f9	  f4:0x7fc00000  f9:0x7fc00000  f5=0x7fc00000
     286555.000 ns	     28654	80005f7c	20552c53	fsgnjx.s	f24,f10,f5	 f10:0x42ffff6c  f5:0x7fc00000 f24=0x42ffff6c
     286585.000 ns	     28657	80005f80	036b3b33	mulhu	x22,x22,x22	 x22:0x00000000 x22:0x00000000 x22=0x00000000
     286955.000 ns	     28694	80005f84	02497233	remu	x4,x18,x4	 x18:0x80040fe4  x4:0xfffffe7e  x4=0x80040fe4
     286985.000 ns	     28697	80005f88	036ea233	mulhsu	x4,x29,x22	 x29:0x00000000 x22:0x00000000  x4=0x00000000
     287005.000 ns	     28699	80005f8c	f032f813	andi	x16,x5,-253	  x5:0x00000000 x16=0x00000000
     287015.000 ns	     28700	80005f90	a34f3e93	sltiu	x29,x30,-1484	 x30:0x80041024 x29=0x00000001
     287025.000 ns	     28701	80005f94	0109d133	srl	x2,x19,x16	 x19:0x00000000 x16:0xfffff81e  x2=0x00000000
     287035.000 ns	     28702	80005f98	406cddb3	sra	x27,x25,x6	 x25:0xffffffff  x6:0x00000200 x27=0xffffffff
     287055.000 ns	     28704	80005f9c	28d897d3	fmax.s	f15,f17,f13	 f17:0x7fc00000 f13:0x00000000 f15=0x00000000
     287075.000 ns	     28706	80005fa0	40555993	srai	x19,x10,0x5	 x10:0x0000049f x19=0x00000024
     287095.000 ns	     28708	80005fa4	d0091753	fcvt.s.w	f14,x18	 x18:0x80040fe4 f14=0xcefff7e0
     287125.000 ns	     28711	80005fa8	027f1533	mulh	x10,x30,x7	 x30:0x80041024  x7:0x00000000 x10=0x00000000
     287175.000 ns	     28716	80005fac	0080f1d3	fadd.s	f3,f1,f8	  f1:0xd6b4feed  f8:0x7fc00000  f3=0x7fc00000
     287195.000 ns	     28718	80005fb0	0027cd33	xor	x26,x15,x2	 x15:0x00000000  x2:0x00000000 x26=0x00000000
     287205.000 ns	     28719	80005fb4	00000013	addi	x0,x0,0	  x0:0x00000000
     287215.000 ns	     28720	80005fb8	9d404e13	xori	x28,x0,-1580	  x0:0x00000000 x28=0xfffff9d4
     287235.000 ns	     28722	80005fbc	a12b9753	flt.s	x14,f23,f18	 f23:0x7fc00000 f18:0x473504ab x14=0x00000000
     287265.000 ns	     28725	80005fc0	a13419d3	flt.s	x19,f8,f19	  f8:0x7fc00000 f19:0xcea956ef x19=0x00000000
     287295.000 ns	     28728	80005fc4	02a884b3	mul	x9,x17,x10	 x17:0xffffff6e x10:0x00000000  x9=0x00000000
     287315.000 ns	     28730	80005fc8	95200713	addi	x14,x0,-1710	  x0:0x00000000 x14=0xfffff952
     287675.000 ns	     28766	80005fcc	02c1c4b3	div	x9,x3,x12	  x3:0xf8004102 x12:0x00000002  x9=0xfc002081
     287705.000 ns	     28769	80005fd0	c01a9c53	fcvt.wu.s	x24,f21	 f21:0xcefff7e1 x24=0x7ffbf080
     287735.000 ns	     28772	80005fd4	2192a0d3	fsgnjx.s	f1,f5,f25	  f5:0x7fc00000 f25:0xcf6d1720  f1=0xffc00000
     287755.000 ns	     28774	80005fd8	d5b4bcb7	lui	x25,0xd5b4b	 x25=0xd5b4b000
     287765.000 ns	     28775	80005fdc	12403793	sltiu	x15,x0,292	  x0:0x00000000 x15=0x00000001
     287795.000 ns	     28778	80005fe0	19f27053	fdiv.s	f0,f4,f31	  f4:0x7fc00000 f31:0x4ea956ef  f0=0x7fc00000
     287825.000 ns	     28781	80005fe4	29419c53	fmax.s	f24,f3,f20	  f3:0x7fc00000 f20:0x00000000 f24=0x00000000
     287845.000 ns	     28783	80005fe8	0028deb3	srl	x29,x17,x2	 x17:0xffffff6e  x2:0x00000000 x29=0xffffff6e
     287865.000 ns	     28785	80005fec	022c8b33	mul	x22,x25,x2	 x25:0xd5b4b000  x2:0x00000000 x22=0x00000000
     287885.000 ns	     28787	80005ff0	561dae93	slti	x29,x27,1377	 x27:0xffffffff x29=0x00000001
     287905.000 ns	     28789	80005ff4	28040cd3	fmin.s	f25,f8,f0	  f8:0x7fc00000  f0:0x7fc00000 f25=0x7fc00000
     287925.000 ns	     28791	80005ff8	44027313	andi	x6,x4,1088	  x4:0x00000000  x6=0x00000000
     287935.000 ns	     28792	80005ffc	1975e313	ori	x6,x11,407	 x11:0x80040fe4  x6=0x80040ff7
     287955.000 ns	     28794	80006000	20e722d3	fsgnjx.s	f5,f14,f14	 f14:0xcefff7e0 f14:0xcefff7e0  f5=0x4efff7e0
     287975.000 ns	     28796	80006004	017d5bb3	srl	x23,x26,x23	 x26:0x00000000 x23:0x0001ffff x23=0x00000000
     287985.000 ns	     28797	80006008	00000013	addi	x0,x0,0	  x0:0x00000000
     287995.000 ns	     28798	8000600c	00137933	and	x18,x6,x1	  x6:0x80040ff7  x1:0x00000000 x18=0x00000000
     288035.000 ns	     28802	80006010	005f4053	fadd.s	f0,f30,f5	 f30:0x7fc00000  f5:0x4efff7e0  f0=0x7fc00000
     288065.000 ns	     28805	80006014	2135ad53	fsgnjx.s	f26,f11,f19	 f11:0x00000001 f19:0xcea956ef f26=0x80000001
     288085.000 ns	     28807	80006018	0014f6b3	and	x13,x9,x1	  x9:0xfc002081  x1:0x00000000 x13=0x00000000
     288095.000 ns	     28808	8000601c	000d0833	add	x16,x26,x0	 x26:0x00000000  x0:0x00000000 x16=0x00000000
     288115.000 ns	     28810	80006020	213d2dd3	fsgnjx.s	f27,f26,f19	 f26:0x80000001 f19:0xcea956ef f27=0x00000001
     288145.000 ns	     28813	80006024	28a813d3	fmax.s	f7,f16,f10	 f16:0x42ffff6c f10:0x42ffff6c  f7=0x42ffff6c
     288165.000 ns	     28815	80006028	004033b3	sltu	x7,x0,x4	  x0:0x00000000  x4:0x00000000  x7=0x00000000
     288175.000 ns	     28816	8000602c	00000013	addi	x0,x0,0	  x0:0x00000000
     288185.000 ns	     28817	80006030	d6acb393	sltiu	x7,x25,-662	 x25:0xd5b4b000  x7=0x00000001
     288195.000 ns	     28818	80006034	00b19793	slli	x15,x3,0xb	  x3:0xf8004102 x15=0x02081000
     288215.000 ns	     28820	80006038	28000553	fmin.s	f10,f0,f0	  f0:0x7fc00000  f0:0x7fc00000 f10=0x7fc00000
     288245.000 ns	     28823	8000603c	21b98cd3	fsgnj.s	f25,f19,f27	 f19:0xcea956ef f27:0x00000001 f25=0x4ea956ef
     288265.000 ns	     28825	80006040	00000013	addi	x0,x0,0	  x0:0x00000000
     289435.000 ns	     28942	80006044	5802f053	fsqrt.s	f0,f5	  f5:0x4efff7e0  f0=0x473501cc
     289455.000 ns	     28944	80006048	010dd733	srl	x14,x27,x16	 x27:0xffffffff x16:0x00000000 x14=0xffffffff
     289815.000 ns	     28980	8000604c	03f147b3	div	x15,x2,x31	  x2:0x00000000 x31:0x00000054 x15=0x00000000
     289845.000 ns	     28983	80006050	032d1cb3	mulh	x25,x26,x18	 x26:0x00000000 x18:0x00000000 x25=0x00000000
     289865.000 ns	     28985	80006054	01a61213	slli	x4,x12,0x1a	 x12:0x00000002  x4=0x08000000
     289885.000 ns	     28987	80006058	20772953	fsgnjx.s	f18,f14,f7	 f14:0xcefff7e0  f7:0x42ffff6c f18=0xcefff7e0
     289915.000 ns	     28990	8000605c	a10da9d3	feq.s	x19,f27,f16	 f27:0x00000001 f16:0x42ffff6c x19=0x00000000
     289965.000 ns	     28995	80006060	0823ced3	fsub.s	f29,f7,f2	  f7:0x42ffff6c  f2:0x00000001 f29=0x42ffff6c
     289985.000 ns	     28997	80006064	4158d093	srai	x1,x17,0x15	 x17:0xffffff6e  x1=0xffffffff
     289995.000 ns	     28998	80006068	001e9733	sll	x14,x29,x1	 x29:0x00000001  x1:0x00000000 x14=0x80000000
     290005.000 ns	     28999	8000606c	440d2437	lui	x8,0x440d2	  x8=0x440d2000
     290015.000 ns	     29000	80006070	367f8b93	addi	x23,x31,871	 x31:0x00000054 x23=0x000003bb
     290025.000 ns	     29001	80006074	00000013	addi	x0,x0,0	  x0:0x00000000
     290035.000 ns	     29002	80006078	5ee54413	xori	x8,x10,1518	 x10:0x00000000  x8=0x000005ee
     290055.000 ns	     29004	8000607c	03848833	mul	x16,x9,x24	  x9:0xfc002081 x24:0x7ffbf080 x16=0xfc043080
     290075.000 ns	     29006	80006080	01e3e233	or	x4,x7,x30	  x7:0x00000001 x30:0x80041024  x4=0x80041025
     290085.000 ns	     29007	80006084	01680fb3	add	x31,x16,x22	 x16:0xfc043080 x22:0x00000000 x31=0xfc043080
     290115.000 ns	     29010	80006088	11531cd3	fmul.s	f25,f6,f21	  f6:0x7fc00000 f21:0xcefff7e1 f25=0x7fc00000
     290145.000 ns	     29013	8000608c	03321833	mulh	x16,x4,x19	  x4:0x80041025 x19:0x00000000 x16=0x00000000
     290185.000 ns	     29017	80006090	108074d3	fmul.s	f9,f0,f8	  f0:0x473501cc  f8:0x7fc00000  f9=0x7fc00000
     290215.000 ns	     29020	80006094	a19f1453	flt.s	x8,f30,f25	 f30:0x7fc00000 f25:0x7fc00000  x8=0x00000000
     290235.000 ns	     29022	80006098	017b6fb3	or	x31,x22,x23	 x22:0x00000000 x23:0x000003bb x31=0x000003bb
     290255.000 ns	     29024	8000609c	e00913d3	fclass.s	x7,f18	 f18:0xcefff7e0  x7=0x00000002
     290305.000 ns	     29029	800060a0	0886f8d3	fsub.s	f17,f13,f8	 f13:0x00000000  f8:0x7fc00000 f17=0x7fc00000
     290335.000 ns	     29032	800060a4	e00c0853	fmv.x.w	x16,f24	 f24:0x00000000 x16=0x00000000
     290385.000 ns	     29037	800060a8	00b2f6d3	fadd.s	f13,f5,f11	  f5:0x4efff7e0 f11:0x00000001 f13=0x4efff7e0
     290405.000 ns	     29039	800060ac	42226293	ori	x5,x4,1058	  x4:0x80041025  x5=0x80041427
     290425.000 ns	     29041	800060b0	28671153	fmax.s	f2,f14,f6	 f14:0xcefff7e0  f6:0x7fc00000  f2=0xcefff7e0
     290445.000 ns	     29043	800060b4	00008933	add	x18,x1,x0	  x1:0xffffffff  x0:0x00000000 x18=0xffffffff
     290805.000 ns	     29079	800060b8	0322eb33	rem	x22,x5,x18	  x5:0x80041427 x18:0x00000000 x22=0x00000000
     290835.000 ns	     29082	800060bc	f00f0553	fmv.w.x	f10,x30	 x30:0x80041024 f10=0x80041024
     291175.000 ns	     29116	800060c0	1936f953	fdiv.s	f18,f13,f19	 f13:0x4efff7e0 f19:0xcea956ef f18=0xbf7ff7e0
     291205.000 ns	     29119	800060c4	02cc8eb3	mul	x29,x25,x12	 x25:0x00000000 x12:0x00000002 x29=0x00000000
     291235.000 ns	     29122	800060c8	0387b833	mulhu	x16,x15,x24	 x15:0x00000000 x24:0x7ffbf080 x16=0x00000000
     291255.000 ns	     29124	800060cc	00000013	addi	x0,x0,0	  x0:0x00000000
     291275.000 ns	     29126	800060d0	21fd29d3	fsgnjx.s	f19,f26,f31	 f26:0x80000001 f31:0x4ea956ef f19=0x80000001
     291305.000 ns	     29129	800060d4	d010b353	fcvt.s.wu	f6,x1	  x1:0xffffffff  f6=0x4f800000
     291325.000 ns	     29131	800060d8	b040b393	sltiu	x7,x1,-1276	  x1:0xffffffff  x7=0x00000000
     291335.000 ns	     29132	800060dc	4de4e613	ori	x12,x9,1246	  x9:0xfc002081 x12=0xfc0024df
     291355.000 ns	     29134	800060e0	033dd7b3	divu	x15,x27,x19	 x27:0xffffffff x19:0x00000000 x15=0xffffffff
     291395.000 ns	     29138	800060e4	196342d3	fdiv.s	f5,f6,f22	  f6:0x4f800000 f22:0x7fc00000  f5=0x7fc00000
     291415.000 ns	     29140	800060e8	8a47b917	auipc	x18,0x8a47b	 x18=0x0a4810e8
     291435.000 ns	     29142	800060ec	c00e8dd3	fcvt.w.s	x27,f29	 f29:0x42ffff6c x27=0x00000080
     291455.000 ns	     29144	800060f0	41205613	srai	x12,x0,0x12	  x0:0x00000000 x12=0x00000000
     291465.000 ns	     29145	800060f4	7db1c613	xori	x12,x3,2011	  x3:0xf8004102 x12=0xf80046d9
     291475.000 ns	     29146	800060f8	00000013	addi	x0,x0,0	  x0:0x00000000
     291485.000 ns	     29147	800060fc	00944233	xor	x4,x8,x9	  x8:0x00000000  x9:0xfc002081  x4=0xfc002081
     291525.000 ns	     29151	80006100	00c5a7d3	fadd.s	f15,f11,f12	 f11:0x00000001 f12:0x7fc00000 f15=0x7fc00000
     291545.000 ns	     29153	80006104	013831b3	sltu	x3,x16,x19	 x16:0x00000000 x19:0x00000000  x3=0x00000000
     291565.000 ns	     29155	80006108	0393e933	rem	x18,x7,x25	  x7:0x00000000 x25:0x00000000 x18=0x00000000
     291585.000 ns	     29157	8000610c	2b5912b7	lui	x5,0x2b591	  x5=0x2b591000
     291605.000 ns	     29159	80006110	d00bf5d3	fcvt.s.w	f11,x23	 x23:0x000003bb f11=0x446ec000
     291635.000 ns	     29162	80006114	c005fdd3	fcvt.w.s	x27,f11	 f11:0x00000001 x27=0x000003bb
     291655.000 ns	     29164	80006118	01803fb3	sltu	x31,x0,x24	  x0:0x00000000 x24:0x7ffbf080 x31=0x00000001
     291665.000 ns	     29165	8000611c	418ad013	srai	x0,x21,0x18	 x21:0x54ab7822
     291685.000 ns	     29167	80006120	a17287d3	fle.s	x15,f5,f23	  f5:0x7fc00000 f23:0x7fc00000 x15=0x00000000
     291705.000 ns	     29169	80006124	6ccde793	ori	x15,x27,1740	 x27:0x000003bb x15=0x000007ff
     291725.000 ns	     29171	80006128	21562fd3	fsgnjx.s	f31,f12,f21	 f12:0x7fc00000 f21:0xcefff7e1 f31=0xffc00000
     291755.000 ns	     29174	8000612c	a00114d3	flt.s	x9,f2,f0	  f2:0xcefff7e0  f0:0x473501cc  x9=0x00000001
     291775.000 ns	     29176	80006130	00c35093	srli	x1,x6,0xc	  x6:0x80040ff7  x1=0x00080040
     291785.000 ns	     29177	80006134	4187d993	srai	x19,x15,0x18	 x15:0x000007ff x19=0x00000000
     291795.000 ns	     29178	80006138	003287b3	add	x15,x5,x3	  x5:0x2b591000  x3:0x00000000 x15=0x2b591000
     291815.000 ns	     29180	8000613c	219e2a53	fsgnjx.s	f20,f28,f25	 f28:0xcea956ef f25:0x7fc00000 f20=0xcea956ef
     291845.000 ns	     29183	80006140	29f003d3	fmin.s	f7,f0,f31	  f0:0x473501cc f31:0xffc00000  f7=0x473501cc
     291895.000 ns	     29188	80006144	005e8dd3	fadd.s	f27,f29,f5	 f29:0x42ffff6c  f5:0x7fc00000 f27=0x7fc00000
     291925.000 ns	     29191	80006148	c01a22d3	fcvt.wu.s	x5,f20	 f20:0xcea956ef  x5=0x54ab7780
     291945.000 ns	     29193	8000614c	01789d33	sll	x26,x17,x23	 x17:0xffffff6e x23:0x000003bb x26=0x70000000
     291965.000 ns	     29195	80006150	20ff2bd3	fsgnjx.s	f23,f30,f15	 f30:0x7fc00000 f15:0x7fc00000 f23=0x7fc00000
     291985.000 ns	     29197	80006154	01abc1b3	xor	x3,x23,x26	 x23:0x000003bb x26:0x00000000  x3=0x700003bb
     291995.000 ns	     29198	80006158	e4106713	ori	x14,x0,-447	  x0:0x00000000 x14=0xfffffe41
     292005.000 ns	     29199	8000615c	00000013	addi	x0,x0,0	  x0:0x00000000
     292015.000 ns	     29200	80006160	002e2933	slt	x18,x28,x2	 x28:0xfffff9d4  x2:0x00000000 x18=0x00000001
     292025.000 ns	     29201	80006164	01a8e333	or	x6,x17,x26	 x17:0xffffff6e x26:0x70000000  x6=0xffffff6e
     292045.000 ns	     29203	80006168	c011be53	fcvt.wu.s	x28,f3	  f3:0x7fc00000 x28=0xffffffff
     292065.000 ns	     29205	8000616c	0102a8b3	slt	x17,x5,x16	  x5:0x54ab7780 x16:0x00000000 x17=0x00000000
     292085.000 ns	     29207	80006170	c006a053	fcvt.w.s	x0,f13	 f13:0x4efff7e0
     292115.000 ns	     29210	80006174	02f10e33	mul	x28,x2,x15	  x2:0x00000000 x15:0x2b591000 x28=0x00000000
     292145.000 ns	     29213	80006178	0330fd33	remu	x26,x1,x19	  x1:0x00080040 x19:0x00000000 x26=0x00080040
     292165.000 ns	     29215	8000617c	8dfd0a13	addi	x20,x26,-1825	 x26:0x70000000 x20=0x0007f91f
     292185.000 ns	     29217	80006180	d0013d53	fcvt.s.w	f26,x2	  x2:0x00000000 f26=0x00000000
     292215.000 ns	     29220	80006184	a00d0853	fle.s	x16,f26,f0	 f26:0x80000001  f0:0x473501cc x16=0x00000001
     292245.000 ns	     29223	80006188	024504b3	mul	x9,x10,x4	 x10:0x00000000  x4:0xfc002081  x9=0x00000000
     292275.000 ns	     29226	8000618c	a1098cd3	fle.s	x25,f19,f16	 f19:0x80000001 f16:0x42ffff6c x25=0x00000001
     292305.000 ns	     29229	80006190	a10f94d3	flt.s	x9,f31,f16	 f31:0xffc00000 f16:0x42ffff6c  x9=0x00000000
     292675.000 ns	     29266	80006194	024e4bb3	div	x23,x28,x4	 x28:0x00000000  x4:0xfc002081 x23=0x00000000
     292705.000 ns	     29269	80006198	21970c53	fsgnj.s	f24,f14,f25	 f14:0xcefff7e0 f25:0x7fc00000 f24=0x4efff7e0
     292725.000 ns	     29271	8000619c	018cd433	srl	x8,x25,x24	 x25:0x00000001 x24:0x7ffbf080  x8=0x00000001
     292745.000 ns	     29273	800061a0	d01b90d3	fcvt.s.wu	f1,x23	 x23:0x00000000  f1=0x00000000
     292765.000 ns	     29275	800061a4	41c00e33	sub	x28,x0,x28	  x0:0x00000000 x28:0x00000000 x28=0x00000000
     292775.000 ns	     29276	800061a8	009f2733	slt	x14,x30,x9	 x30:0x80041024  x9:0x00000000 x14=0x00000001
     292795.000 ns	     29278	800061ac	f0040853	fmv.w.x	f16,x8	  x8:0x00000001 f16=0x00000001
     292825.000 ns	     29281	800061b0	213a15d3	fsgnjn.s	f11,f20,f19	 f20:0xcea956ef f19:0x80000001 f11=0x4ea956ef
     292855.000 ns	     29284	800061b4	283d1453	fmax.s	f8,f26,f3	 f26:0x00000000  f3:0x7fc00000  f8=0x00000000
     292895.000 ns	     29288	800061b8	18dd4bd3	fdiv.s	f23,f26,f13	 f26:0x00000000 f13:0x4efff7e0 f23=0x00000000
     292935.000 ns	     29292	800061bc	5801c953	fsqrt.s	f18,f3	  f3:0x7fc00000 f18=0x7fc00000
     292965.000 ns	     29295	800061c0	028827b3	mulhsu	x15,x16,x8	 x16:0x00000001  x8:0x00000001 x15=0x00000000
     292985.000 ns	     29297	800061c4	018063b3	or	x7,x0,x24	  x0:0x00000000 x24:0x7ffbf080  x7=0x7ffbf080
     293005.000 ns	     29299	800061c8	e0011953	fclass.s	x18,f2	  f2:0xcefff7e0 x18=0x00000002
     293035.000 ns	     29302	800061cc	03a79833	mulh	x16,x15,x26	 x15:0x00000000 x26:0x00080040 x16=0x00000000
     293065.000 ns	     29305	800061d0	e00b1dd3	fclass.s	x27,f22	 f22:0x7fc00000 x27=0x00000200
     293085.000 ns	     29307	800061d4	417d81b3	sub	x3,x27,x23	 x27:0x000003bb x23:0x00000000  x3=0x00000200
     293105.000 ns	     29309	800061d8	20078753	fsgnj.s	f14,f15,f0	 f15:0x7fc00000  f0:0x473501cc f14=0x7fc00000
     293135.000 ns	     29312	800061dc	29d616d3	fmax.s	f13,f12,f29	 f12:0x7fc00000 f29:0x42ffff6c f13=0x42ffff6c
     293165.000 ns	     29315	800061e0	c01f79d3	fcvt.wu.s	x19,f30	 f30:0x7fc00000 x19=0xffffffff
     293185.000 ns	     29317	800061e4	0076c9b3	xor	x19,x13,x7	 x13:0x00000000  x7:0x7ffbf080 x19=0x7ffbf080
     293205.000 ns	     29319	800061e8	a1ed8453	fle.s	x8,f27,f30	 f27:0x7fc00000 f30:0x7fc00000  x8=0x00000000
     293235.000 ns	     29322	800061ec	a0fc8d53	fle.s	x26,f25,f15	 f25:0x7fc00000 f15:0x7fc00000 x26=0x00000000
     293265.000 ns	     29325	800061f0	c01baa53	fcvt.wu.s	x20,f23	 f23:0x00000000 x20=0x00000000
     293605.000 ns	     29359	800061f4	18b07253	fdiv.s	f4,f0,f11	  f0:0x473501cc f11:0x4ea956ef  f4=0x37b501cc
     293635.000 ns	     29362	800061f8	03d046b3	div	x13,x0,x29	  x0:0x00000000 x29:0x00000000 x13=0xffffffff
     293665.000 ns	     29365	800061fc	d0067c53	fcvt.s.w	f24,x12	 x12:0xf80046d9 f24=0xccfff724
     293685.000 ns	     29367	80006200	416b5913	srai	x18,x22,0x16	 x22:0x00000000 x18=0x00000000
     293705.000 ns	     29369	80006204	c01f08d3	fcvt.wu.s	x17,f30	 f30:0x7fc00000 x17=0xffffffff
     293725.000 ns	     29371	80006208	00930b33	add	x22,x6,x9	  x6:0xffffff6e  x9:0x00000000 x22=0xffffff6e
     293735.000 ns	     29372	8000620c	00329d33	sll	x26,x5,x3	  x5:0x54ab7780  x3:0x00000200 x26=0x54ab7780
     293755.000 ns	     29374	80006210	c01cb853	fcvt.wu.s	x16,f25	 f25:0x7fc00000 x16=0xffffffff
     293775.000 ns	     29376	80006214	01d91693	slli	x13,x18,0x1d	 x18:0x00000000 x13=0x00000000
     293795.000 ns	     29378	80006218	e0011953	fclass.s	x18,f2	  f2:0xcefff7e0 x18=0x00000002
     293815.000 ns	     29380	8000621c	0110e133	or	x2,x1,x17	  x1:0x00080040 x17:0xffffffff  x2=0xffffffff
     293825.000 ns	     29381	80006220	00000013	addi	x0,x0,0	  x0:0x00000000
     293865.000 ns	     29385	80006224	00271753	fadd.s	f14,f14,f2	 f14:0x7fc00000  f2:0xcefff7e0 f14=0x7fc00000
     293885.000 ns	     29387	80006228	019b1233	sll	x4,x22,x25	 x22:0xffffff6e x25:0x00000001  x4=0xfffffedc
     293895.000 ns	     29388	8000622c	ba58e4b7	lui	x9,0xba58e	  x9=0xba58e000
     293905.000 ns	     29389	80006230	01990993	addi	x19,x18,25	 x18:0x00000002 x19=0x0000001b
     293915.000 ns	     29390	80006234	01d99d93	slli	x27,x19,0x1d	 x19:0x7ffbf080 x27=0x60000000
     293935.000 ns	     29392	80006238	a0da9653	flt.s	x12,f21,f13	 f21:0xcefff7e1 f13:0x42ffff6c x12=0x00000001
     293955.000 ns	     29394	8000623c	4104df93	srai	x31,x9,0x10	  x9:0xba58e000 x31=0xffffba58
     293985.000 ns	     29397	80006240	580bf9d3	fsqrt.s	f19,f23	 f23:0x00000000 f19=0x00000000
     294015.000 ns	     29400	80006244	a05ea453	feq.s	x8,f29,f5	 f29:0x42ffff6c  f5:0x7fc00000  x8=0x00000000
     294035.000 ns	     29402	80006248	b3c84b97	auipc	x23,0xb3c84	 x23=0x33c8a248
     294395.000 ns	     29438	8000624c	02c0eeb3	rem	x29,x1,x12	  x1:0x00080040 x12:0x00000001 x29=0x00000000
     294415.000 ns	     29440	80006250	b1bd8713	addi	x14,x27,-1253	 x27:0x60000000 x14=0x5ffffb1b
     294435.000 ns	     29442	80006254	e0059cd3	fclass.s	x25,f11	 f11:0x4ea956ef x25=0x00000040
     294805.000 ns	     29479	80006258	03adffb3	remu	x31,x27,x26	 x27:0x60000000 x26:0x54ab7780 x31=0x0b548880
     294835.000 ns	     29482	8000625c	a08e86d3	fle.s	x13,f29,f8	 f29:0x42ffff6c  f8:0x00000000 x13=0x00000000
     294855.000 ns	     29484	80006260	004ef833	and	x16,x29,x4	 x29:0x00000000  x4:0xfffffedc x16=0x00000000
     294875.000 ns	     29486	80006264	c01f4353	fcvt.wu.s	x6,f30	 f30:0x7fc00000  x6=0xffffffff
     294895.000 ns	     29488	80006268	0115e033	or	x0,x11,x17	 x11:0x80040fe4 x17:0xffffffff
     294905.000 ns	     29489	8000626c	01ea8133	add	x2,x21,x30	 x21:0x54ab7822 x30:0x80041024  x2=0xd4af8846
     294925.000 ns	     29491	80006270	21b81ed3	fsgnjn.s	f29,f16,f27	 f16:0x00000001 f27:0x7fc00000 f29=0x80000001
     294945.000 ns	     29493	80006274	aeeabb93	sltiu	x23,x21,-1298	 x21:0x54ab7822 x23=0x00000001
     294965.000 ns	     29495	80006278	03623533	mulhu	x10,x4,x22	  x4:0xfffffedc x22:0xffffff6e x10=0xfffffe4a
     295335.000 ns	     29532	8000627c	02bc5a33	divu	x20,x24,x11	 x24:0x7ffbf080 x11:0x80040fe4 x20=0x00000000
     295355.000 ns	     29534	80006280	10043393	sltiu	x7,x8,256	  x8:0x00000000  x7=0x00000001
     295385.000 ns	     29537	80006284	5809b1d3	fsqrt.s	f3,f19	 f19:0x00000000  f3=0x00000000
     295415.000 ns	     29540	80006288	d007f9d3	fcvt.s.w	f19,x15	 x15:0x00000000 f19=0x00000000
     295445.000 ns	     29543	8000628c	e0031153	fclass.s	x2,f6	  f6:0x4f800000  x2=0x00000040
     295465.000 ns	     29545	80006290	01e8abb3	slt	x23,x17,x30	 x17:0xffffffff x30:0x80041024 x23=0x00000000
     295505.000 ns	     29549	80006294	09f8ca53	fsub.s	f20,f17,f31	 f17:0x7fc00000 f31:0xffc00000 f20=0x7fc00000
     295525.000 ns	     29551	80006298	a6053993	sltiu	x19,x10,-1440	 x10:0xfffffe4a x19=0x00000000
     295535.000 ns	     29552	8000629c	017ef933	and	x18,x29,x23	 x29:0x00000000 x23:0x00000000 x18=0x00000000
     295545.000 ns	     29553	800062a0	ee934d93	xori	x27,x6,-279	  x6:0xffffffff x27=0x00000116
     295555.000 ns	     29554	800062a4	01a4d1b3	srl	x3,x9,x26	  x9:0xba58e000 x26:0x54ab7780  x3=0xba58e000
     295565.000 ns	     29555	800062a8	40b28cb3	sub	x25,x5,x11	  x5:0x54ab7780 x11:0x80040fe4 x25=0xd4a7679c
     295595.000 ns	     29558	800062ac	113034d3	fmul.s	f9,f0,f19	  f0:0x473501cc f19:0x00000000  f9=0x00000000
     295615.000 ns	     29560	800062b0	980fe013	ori	x0,x31,-1664	 x31:0x0b548880
     295635.000 ns	     29562	800062b4	29e60fd3	fmin.s	f31,f12,f30	 f12:0x7fc00000 f30:0x7fc00000 f31=0x7fc00000
     295665.000 ns	     29565	800062b8	a0061453	flt.s	x8,f12,f0	 f12:0x7fc00000  f0:0x473501cc  x8=0x00000000
     295695.000 ns	     29568	800062bc	297a1fd3	fmax.s	f31,f20,f23	 f20:0x7fc00000 f23:0x00000000 f31=0x00000000
     295715.000 ns	     29570	800062c0	00abdcb3	srl	x25,x23,x10	 x23:0x00000000 x10:0xfffffe4a x25=0x00000000
     295735.000 ns	     29572	800062c4	c00dadd3	fcvt.w.s	x27,f27	 f27:0x7fc00000 x27=0x7fffffff
     295775.000 ns	     29576	800062c8	18497453	fdiv.s	f8,f18,f4	 f18:0x7fc00000  f4:0x37b501cc  f8=0x7fc00000
     295805.000 ns	     29579	800062cc	21b68853	fsgnj.s	f16,f13,f27	 f13:0x42ffff6c f27:0x7fc00000 f16=0x42ffff6c
     295835.000 ns	     29582	800062d0	f0010a53	fmv.w.x	f20,x2	  x2:0x00000040 f20=0x00000040
     295865.000 ns	     29585	800062d4	03d3d7b3	divu	x15,x7,x29	  x7:0x00000001 x29:0x00000000 x15=0xffffffff
     295905.000 ns	     29589	800062d8	1075fcd3	fmul.s	f25,f11,f7	 f11:0x4ea956ef  f7:0x473501cc f25=0x566f774e
     295925.000 ns	     29591	800062dc	403ad8b3	sra	x17,x21,x3	 x21:0x54ab7822  x3:0xba58e000 x17=0x54ab7822
     297095.000 ns	     29708	800062e0	58031bd3	fsqrt.s	f23,f6	  f6:0x4f800000 f23=0x477fffae
     297115.000 ns	     29710	800062e4	c5c1ef93	ori	x31,x3,-932	  x3:0xba58e000 x31=0xfffffc5c
     297125.000 ns	     29711	800062e8	127ecf93	xori	x31,x29,295	 x29:0x00000000 x31=0x00000127
     297145.000 ns	     29713	800062ec	a14d9553	flt.s	x10,f27,f20	 f27:0x7fc00000 f20:0x00000040 x10=0x00000000
     297175.000 ns	     29716	800062f0	29aa94d3	fmax.s	f9,f21,f26	 f21:0xcefff7e1 f26:0x00000000  f9=0x00000000
     297205.000 ns	     29719	800062f4	e00616d3	fclass.s	x13,f12	 f12:0x7fc00000 x13=0x00000200
     297245.000 ns	     29723	800062f8	19a3f8d3	fdiv.s	f17,f7,f26	  f7:0x473501cc f26:0x00000000 f17=0x7f800000
     297265.000 ns	     29725	800062fc	fe26ff97	auipc	x31,0xfe26f	 x31=0x7e2752fc
     297275.000 ns	     29726	80006300	007d6fb3	or	x31,x26,x7	 x26:0x54ab7780  x7:0x00000001 x31=0x54ab7781
     297285.000 ns	     29727	80006304	ca1f0893	addi	x17,x30,-863	 x30:0x80041024 x17=0x80040cc5
     297295.000 ns	     29728	80006308	41055d93	srai	x27,x10,0x10	 x10:0x00000000 x27=0x00000000
     297305.000 ns	     29729	8000630c	e0ae7f93	andi	x31,x28,-502	 x28:0x00000000 x31=0x00000000
     297325.000 ns	     29731	80006310	c00ea553	fcvt.w.s	x10,f29	 f29:0x80000001 x10=0x00000000
     297695.000 ns	     29768	80006314	03ab7eb3	remu	x29,x22,x26	 x22:0xffffff6e x26:0x54ab7780 x29=0x01fd98ee
     297715.000 ns	     29770	80006318	bae0bd17	auipc	x26,0xbae0b	 x26=0x3ae11318
     297755.000 ns	     29774	8000631c	00d57753	fadd.s	f14,f10,f13	 f10:0x80041024 f13:0x42ffff6c f14=0x42ffff6c
     297785.000 ns	     29777	80006320	c005c153	fcvt.w.s	x2,f11	 f11:0x4ea956ef  x2=0x54ab7780
     298155.000 ns	     29814	80006324	0312d8b3	divu	x17,x5,x17	  x5:0x54ab7780 x17:0x80040cc5 x17=0x00000000
     298175.000 ns	     29816	80006328	c0d061b7	lui	x3,0xc0d06	  x3=0xc0d06000
     298195.000 ns	     29818	8000632c	f00a0bd3	fmv.w.x	f23,x20	 x20:0x00000000 f23=0x00000000
     298565.000 ns	     29855	80006330	03814033	div	x0,x2,x24	  x2:0x54ab7780 x24:0x7ffbf080
     298595.000 ns	     29858	80006334	28a38e53	fmin.s	f28,f7,f10	  f7:0x473501cc f10:0x80041024 f28=0x80041024
     298625.000 ns	     29861	80006338	034c3db3	mulhu	x27,x24,x20	 x24:0x7ffbf080 x20:0x00000000 x27=0x00000000
     298655.000 ns	     29864	8000633c	203509d3	fsgnj.s	f19,f10,f3	 f10:0x80041024  f3:0x00000000 f19=0x00041024
     298675.000 ns	     29866	80006340	014308b3	add	x17,x6,x20	  x6:0xffffffff x20:0x00000000 x17=0xffffffff
     298695.000 ns	     29868	80006344	03859833	mulh	x16,x11,x24	 x11:0x80040fe4 x24:0x7ffbf080 x16=0xc0040fa1
     298725.000 ns	     29871	80006348	a03a8d53	fle.s	x26,f21,f3	 f21:0xcefff7e1  f3:0x00000000 x26=0x00000001
     298755.000 ns	     29874	8000634c	0283e2b3	rem	x5,x7,x8	  x7:0x00000001  x8:0x00000000  x5=0x00000001
     298785.000 ns	     29877	80006350	a0c899d3	flt.s	x19,f17,f12	 f17:0x7f800000 f12:0x7fc00000 x19=0x00000000
     298805.000 ns	     29879	80006354	00756733	or	x14,x10,x7	 x10:0x00000000  x7:0x00000001 x14=0x00000001
     298825.000 ns	     29881	80006358	031b9e33	mulh	x28,x23,x17	 x23:0x00000000 x17:0xffffffff x28=0x00000000
     298875.000 ns	     29886	8000635c	014c7153	fadd.s	f2,f24,f20	 f24:0xccfff724 f20:0x00000040  f2=0xccfff724
     298895.000 ns	     29888	80006360	d898c993	xori	x19,x17,-631	 x17:0xffffffff x19=0x00000276
     298915.000 ns	     29890	80006364	29850553	fmin.s	f10,f10,f24	 f10:0x80041024 f24:0xccfff724 f10=0xccfff724
     299285.000 ns	     29927	80006368	02c4e933	rem	x18,x9,x12	  x9:0xba58e000 x12:0x00000001 x18=0x00000000
     299315.000 ns	     29930	8000636c	295016d3	fmax.s	f13,f0,f21	  f0:0x473501cc f21:0xcefff7e1 f13=0x473501cc
     299345.000 ns	     29933	80006370	03740b33	mul	x22,x8,x23	  x8:0x00000000 x23:0x00000000 x22=0x00000000
     299365.000 ns	     29935	80006374	ef0c63b7	lui	x7,0xef0c6	  x7=0xef0c6000
     299375.000 ns	     29936	80006378	0124bfb3	sltu	x31,x9,x18	  x9:0xba58e000 x18:0x00000000 x31=0x00000000
     299385.000 ns	     29937	8000637c	0ca0ad13	slti	x26,x1,202	  x1:0x00080040 x26=0x00000000
     299395.000 ns	     29938	80006380	000aacb3	slt	x25,x21,x0	 x21:0x54ab7822  x0:0x00000000 x25=0x00000000
     299415.000 ns	     29940	80006384	a0d01453	flt.s	x8,f0,f13	  f0:0x473501cc f13:0x473501cc  x8=0x00000000
     299445.000 ns	     29943	80006388	209e2dd3	fsgnjx.s	f27,f28,f9	 f28:0x80041024  f9:0x00000000 f27=0x80041024
     299465.000 ns	     29945	8000638c	018a06b3	add	x13,x20,x24	 x20:0x00000000 x24:0x7ffbf080 x13=0x7ffbf080
     299475.000 ns	     29946	80006390	4a0eef93	ori	x31,x29,1184	 x29:0x01fd98ee x31=0x01fd9cee
     299495.000 ns	     29948	80006394	e0008c53	fmv.x.w	x24,f1	  f1:0x00000000 x24=0x00000000
     299525.000 ns	     29951	80006398	213b2ed3	fsgnjx.s	f29,f22,f19	 f22:0x7fc00000 f19:0x00041024 f29=0x7fc00000
     299895.000 ns	     29988	8000639c	02c54433	div	x8,x10,x12	 x10:0x00000000 x12:0x00000001  x8=0x00000000
     299925.000 ns	     29991	800063a0	e0089053	fclass.s	x0,f17	 f17:0x7f800000
     299945.000 ns	     29993	800063a4	c10f8193	addi	x3,x31,-1008	 x31:0x01fd9cee  x3=0x01fd98fe
     299965.000 ns	     29995	800063a8	a1a98fd3	fle.s	x31,f19,f26	 f19:0x00041024 f26:0x00000000 x31=0x00000000
     299985.000 ns	     29997	800063ac	003c76b3	and	x13,x24,x3	 x24:0x00000000  x3:0xc0d06000 x13=0x00000000
     299995.000 ns	     29998	800063b0	40455193	srai	x3,x10,0x4	 x10:0x00000000  x3=0x00000000
     300005.000 ns	     29999	800063b4	017e9133	sll	x2,x29,x23	 x29:0x01fd98ee x23:0x00000000  x2=0x01fd98ee
     300025.000 ns	     30001	800063b8	c0024fd3	fcvt.w.s	x31,f4	  f4:0x37b501cc x31=0x00000000
     300045.000 ns	     30003	800063bc	00ddd713	srli	x14,x27,0xd	 x27:0x00000000 x14=0x00000000
     300065.000 ns	     30005	800063c0	c007f3d3	fcvt.w.s	x7,f15	 f15:0x7fc00000  x7=0x7fffffff
     300095.000 ns	     30008	800063c4	a18c1dd3	flt.s	x27,f24,f24	 f24:0xccfff724 f24:0xccfff724 x27=0x00000000
     300125.000 ns	     30011	800063c8	03de1833	mulh	x16,x28,x29	 x28:0x00000000 x29:0x01fd98ee x16=0x00000000
     300145.000 ns	     30013	800063cc	01762733	slt	x14,x12,x23	 x12:0x00000001 x23:0x00000000 x14=0x00000000
     300165.000 ns	     30015	800063d0	29189953	fmax.s	f18,f17,f17	 f17:0x7f800000 f17:0x7f800000 f18=0x7f800000
     300185.000 ns	     30017	800063d4	41245013	srai	x0,x8,0x12	  x8:0x00000000
     300215.000 ns	     30020	800063d8	11bd8f53	fmul.s	f30,f27,f27	 f27:0x80041024 f27:0x80041024 f30=0x00000000
     300585.000 ns	     30057	800063dc	03e3c333	div	x6,x7,x30	  x7:0x7fffffff x30:0x80041024  x6=0xffffffff
     300605.000 ns	     30059	800063e0	00b2e3b3	or	x7,x5,x11	  x5:0x00000001 x11:0x80040fe4  x7=0x80040fe5
     300625.000 ns	     30061	800063e4	29421e53	fmax.s	f28,f4,f20	  f4:0x37b501cc f20:0x00000040 f28=0x37b501cc
     300655.000 ns	     30064	800063e8	c00cf8d3	fcvt.w.s	x17,f25	 f25:0x566f774e x17=0x7fffffff
     300685.000 ns	     30067	800063ec	02b4a733	mulhsu	x14,x9,x11	  x9:0xba58e000 x11:0x80040fe4 x14=0xdd2b5510
     300715.000 ns	     30070	800063f0	202d9653	fsgnjn.s	f12,f27,f2	 f27:0x80041024  f2:0xccfff724 f12=0x00041024
     300745.000 ns	     30073	800063f4	d00c7cd3	fcvt.s.w	f25,x24	 x24:0x00000000 f25=0x00000000
     301925.000 ns	     30191	800063f8	58032153	fsqrt.s	f2,f6	  f6:0x4f800000  f2=0x477fffae
     301955.000 ns	     30194	800063fc	d003f653	fcvt.s.w	f12,x7	  x7:0x80040fe5 f12=0xcefff7e0
     301975.000 ns	     30196	80006400	0060e1b3	or	x3,x1,x6	  x1:0x00080040  x6:0xffffffff  x3=0xffffffff
     301985.000 ns	     30197	80006404	87840e93	addi	x29,x8,-1928	  x8:0x00000000 x29=0xfffff878
     302315.000 ns	     30230	80006408	187a84d3	fdiv.s	f9,f21,f7	 f21:0xcefff7e1  f7:0x473501cc  f9=0xc70def9a
     302335.000 ns	     30232	8000640c	00ba5d93	srli	x27,x20,0xb	 x20:0x00000000 x27=0x00000000
     302355.000 ns	     30234	80006410	2133ac53	fsgnjx.s	f24,f7,f19	  f7:0x473501cc f19:0x00041024 f24=0x473501cc
     302375.000 ns	     30236	80006414	3f6ae813	ori	x16,x21,1014	 x21:0x54ab7822 x16=0x54ab7bf6
     302385.000 ns	     30237	80006418	00e9efb3	or	x31,x19,x14	 x19:0x00000276 x14:0xdd2b5510 x31=0xdd2b5776
     303555.000 ns	     30354	8000641c	580c7ed3	fsqrt.s	f29,f24	 f24:0x473501cc f29=0x42fffb4e
     303575.000 ns	     30356	80006420	41af06b3	sub	x13,x30,x26	 x30:0x80041024 x26:0x00000000 x13=0x80041024
     303605.000 ns	     30359	80006424	5807f053	fsqrt.s	f0,f15	 f15:0x7fc00000  f0=0x7fc00000
     303625.000 ns	     30361	80006428	013a5293	srli	x5,x20,0x13	 x20:0x00000000  x5=0x00000000
     303635.000 ns	     30362	8000642c	00c71033	sll	x0,x14,x12	 x14:0xdd2b5510 x12:0x00000001
     303645.000 ns	     30363	80006430	41a95c13	srai	x24,x18,0x1a	 x18:0x00000000 x24=0x00000000
     303665.000 ns	     30365	80006434	0201c2b3	div	x5,x3,x0	  x3:0xffffffff  x0:0x00000000  x5=0xffffffff
     303695.000 ns	     30368	80006438	03e28033	mul	x0,x5,x30	  x5:0x00000000 x30:0x80041024
     303725.000 ns	     30371	8000643c	c00cfd53	fcvt.w.s	x26,f25	 f25:0x00000000 x26=0x00000000
     303755.000 ns	     30374	80006440	211f9d53	fsgnjn.s	f26,f31,f17	 f31:0x00000000 f17:0x7f800000 f26=0x80000000
     303785.000 ns	     30377	80006444	e0020553	fmv.x.w	x10,f4	  f4:0x37b501cc x10=0x37b501cc
     303805.000 ns	     30379	80006448	81c26513	ori	x10,x4,-2020	  x4:0xfffffedc x10=0xfffffedc
     303845.000 ns	     30383	8000644c	0059a8d3	fadd.s	f17,f19,f5	 f19:0x00041024  f5:0x7fc00000 f17=0x7fc00000
     303865.000 ns	     30385	80006450	003094b3	sll	x9,x1,x3	  x1:0x00080040  x3:0xffffffff  x9=0x00000000
     303885.000 ns	     30387	80006454	e00201d3	fmv.x.w	x3,f4	  f4:0x37b501cc  x3=0x37b501cc
     303905.000 ns	     30389	80006458	400d08b3	sub	x17,x26,x0	 x26:0x00000000  x0:0x00000000 x17=0x00000000
     303925.000 ns	     30391	8000645c	e00b93d3	fclass.s	x7,f23	 f23:0x00000000  x7=0x00000010
     303945.000 ns	     30393	80006460	4041d3b3	sra	x7,x3,x4	  x3:0x37b501cc  x4:0xfffffedc  x7=0x00000003
     303965.000 ns	     30395	80006464	29788453	fmin.s	f8,f17,f23	 f17:0x7fc00000 f23:0x00000000  f8=0x00000000
     303995.000 ns	     30398	80006468	a1758053	fle.s	x0,f11,f23	 f11:0x4ea956ef f23:0x00000000
     304025.000 ns	     30401	8000646c	28ce11d3	fmax.s	f3,f28,f12	 f28:0x37b501cc f12:0xcefff7e0  f3=0x37b501cc
     304055.000 ns	     30404	80006470	033f03b3	mul	x7,x30,x19	 x30:0x80041024 x19:0x00000276  x7=0x09ffb898
     304085.000 ns	     30407	80006474	03810133	mul	x2,x2,x24	  x2:0x01fd98ee x24:0x00000000  x2=0x00000000
     304105.000 ns	     30409	80006478	00f7a733	slt	x14,x15,x15	 x15:0xffffffff x15:0xffffffff x14=0x00000000
     304125.000 ns	     30411	8000647c	f00f0ad3	fmv.w.x	f21,x30	 x30:0x80041024 f21=0x80041024
     304145.000 ns	     30413	80006480	50e3b713	sltiu	x14,x7,1294	  x7:0x09ffb898 x14=0x00000000
     304165.000 ns	     30415	80006484	f00d8853	fmv.w.x	f16,x27	 x27:0x00000000 f16=0x00000000
     304205.000 ns	     30419	80006488	198f16d3	fdiv.s	f13,f30,f24	 f30:0x00000000 f24:0x473501cc f13=0x00000000
     304575.000 ns	     30456	8000648c	03d150b3	divu	x1,x2,x29	  x2:0x00000000 x29:0xfffff878  x1=0x00000000
     304595.000 ns	     30458	80006490	00e5c833	xor	x16,x11,x14	 x11:0x80040fe4 x14:0x00000000 x16=0x80040fe4
     304635.000 ns	     30462	80006494	09ce3d53	fsub.s	f26,f28,f28	 f28:0x37b501cc f28:0x37b501cc f26=0x80000000
     304665.000 ns	     30465	80006498	a0ae8753	fle.s	x14,f29,f10	 f29:0x42fffb4e f10:0xccfff724 x14=0x00000000
     304685.000 ns	     30467	8000649c	0143edb3	or	x27,x7,x20	  x7:0x09ffb898 x20:0x00000000 x27=0x09ffb898
     304705.000 ns	     30469	800064a0	035a0433	mul	x8,x20,x21	 x20:0x00000000 x21:0x54ab7822  x8=0x00000000
     304735.000 ns	     30472	800064a4	c00fc153	fcvt.w.s	x2,f31	 f31:0x00000000  x2=0x00000000
     304755.000 ns	     30474	800064a8	012e4833	xor	x16,x28,x18	 x28:0x00000000 x18:0x00000000 x16=0x00000000
     304765.000 ns	     30475	800064ac	cb72c393	xori	x7,x5,-841	  x5:0xffffffff  x7=0x00000348
     305125.000 ns	     30511	800064b0	03e97db3	remu	x27,x18,x30	 x18:0x00000000 x30:0x80041024 x27=0x00000000
     305145.000 ns	     30513	800064b4	dbcd4c13	xori	x24,x26,-580	 x26:0x00000000 x24=0xfffffdbc
     305155.000 ns	     30514	800064b8	59803213	sltiu	x4,x0,1432	  x0:0x00000000  x4=0x00000001
     305165.000 ns	     30515	800064bc	41bd8db3	sub	x27,x27,x27	 x27:0x00000000 x27:0x00000000 x27=0x00000000
     305175.000 ns	     30516	800064c0	0078ceb3	xor	x29,x17,x7	 x17:0x00000000  x7:0x00000348 x29=0x00000348
     305185.000 ns	     30517	800064c4	347ffc13	andi	x24,x31,839	 x31:0xdd2b5776 x24=0x00000346
     305205.000 ns	     30519	800064c8	032030b3	mulhu	x1,x0,x18	  x0:0x00000000 x18:0x00000000  x1=0x00000000
     305245.000 ns	     30523	800064cc	18bd7dd3	fdiv.s	f27,f26,f11	 f26:0x80000000 f11:0x4ea956ef f27=0x80000000
     305265.000 ns	     30525	800064d0	3ae07293	andi	x5,x0,942	  x0:0x00000000  x5=0x00000000
     305285.000 ns	     30527	800064d4	d01f7953	fcvt.s.wu	f18,x30	 x30:0x80041024 f18=0x4f000410
     305315.000 ns	     30530	800064d8	f00d84d3	fmv.w.x	f9,x27	 x27:0x00000000  f9=0x00000000
     305345.000 ns	     30533	800064dc	297787d3	fmin.s	f15,f15,f23	 f15:0x7fc00000 f23:0x00000000 f15=0x00000000
     305375.000 ns	     30536	800064e0	29409553	fmax.s	f10,f1,f20	  f1:0x00000000 f20:0x00000040 f10=0x00000040
     305395.000 ns	     30538	800064e4	dcd47313	andi	x6,x8,-563	  x8:0x00000000  x6=0x00000000
     305415.000 ns	     30540	800064e8	c017fa53	fcvt.wu.s	x20,f15	 f15:0x00000000 x20=0x00000000
     305445.000 ns	     30543	800064ec	a15901d3	fle.s	x3,f18,f21	 f18:0x4f000410 f21:0x80041024  x3=0x00000000
     305465.000 ns	     30545	800064f0	59f87a13	andi	x20,x16,1439	 x16:0x00000000 x20=0x00000000
     305495.000 ns	     30548	800064f4	58081bd3	fsqrt.s	f23,f16	 f16:0x00000000 f23=0x00000000
     305515.000 ns	     30550	800064f8	9b064093	xori	x1,x12,-1616	 x12:0x00000001  x1=0xfffff9b1
     305535.000 ns	     30552	800064fc	027bb7b3	mulhu	x15,x23,x7	 x23:0x00000000  x7:0x00000348 x15=0x00000000
     305565.000 ns	     30555	80006500	f0098cd3	fmv.w.x	f25,x19	 x19:0x00000276 f25=0x00000276
     305595.000 ns	     30558	80006504	02c1b233	mulhu	x4,x3,x12	  x3:0x00000000 x12:0x00000001  x4=0x00000000
     305625.000 ns	     30561	80006508	c012c4d3	fcvt.wu.s	x9,f5	  f5:0x7fc00000  x9=0xffffffff
     305655.000 ns	     30564	8000650c	02f9f2b3	remu	x5,x19,x15	 x19:0x00000276 x15:0x00000000  x5=0x00000276
     305685.000 ns	     30567	80006510	022b2d33	mulhsu	x26,x22,x2	 x22:0x00000000  x2:0x00000000 x26=0x00000000
     305705.000 ns	     30569	80006514	40d686b3	sub	x13,x13,x13	 x13:0x80041024 x13:0x80041024 x13=0x00000000
     305715.000 ns	     30570	80006518	000c89b3	add	x19,x25,x0	 x25:0x00000000  x0:0x00000000 x19=0x00000000
     305735.000 ns	     30572	8000651c	295184d3	fmin.s	f9,f3,f21	  f3:0x37b501cc f21:0x80041024  f9=0x80041024
     305765.000 ns	     30575	80006520	036ebb33	mulhu	x22,x29,x22	 x29:0x00000348 x22:0x00000000 x22=0x00000000
     305785.000 ns	     30577	80006524	22163293	sltiu	x5,x12,545	 x12:0x00000001  x5=0x00000001
     305795.000 ns	     30578	80006528	01fc89b3	add	x19,x25,x31	 x25:0x00000000 x31:0xdd2b5776 x19=0xdd2b5776
     305815.000 ns	     30580	8000652c	280a1a53	fmax.s	f20,f20,f0	 f20:0x00000040  f0:0x7fc00000 f20=0x00000040
     305845.000 ns	     30583	80006530	02365db3	divu	x27,x12,x3	 x12:0x00000001  x3:0x00000000 x27=0xffffffff
     305875.000 ns	     30586	80006534	212b0153	fsgnj.s	f2,f22,f18	 f22:0x7fc00000 f18:0x4f000410  f2=0x7fc00000
     305915.000 ns	     30590	80006538	18097a53	fdiv.s	f20,f18,f0	 f18:0x4f000410  f0:0x7fc00000 f20=0x7fc00000
     305935.000 ns	     30592	8000653c	017c57b3	srl	x15,x24,x23	 x24:0x00000346 x23:0x00000000 x15=0x00000346
     305955.000 ns	     30594	80006540	03dab9b3	mulhu	x19,x21,x29	 x21:0x54ab7822 x29:0x00000348 x19=0x00000115
     305985.000 ns	     30597	80006544	28391ed3	fmax.s	f29,f18,f3	 f18:0x4f000410  f3:0x37b501cc f29=0x4f000410
     306005.000 ns	     30599	80006548	00000013	addi	x0,x0,0	  x0:0x00000000
     306025.000 ns	     30601	8000654c	030ea3b3	mulhsu	x7,x29,x16	 x29:0x00000348 x16:0x00000000  x7=0x00000000
     306045.000 ns	     30603	80006550	9fab3813	sltiu	x16,x22,-1542	 x22:0x00000000 x16=0x00000001
     306055.000 ns	     30604	80006554	0066ca33	xor	x20,x13,x6	 x13:0x00000000  x6:0x00000000 x20=0x00000000
     306065.000 ns	     30605	80006558	01fadfb3	srl	x31,x21,x31	 x21:0x54ab7822 x31:0xdd2b5776 x31=0x00000152
     306075.000 ns	     30606	8000655c	00a48433	add	x8,x9,x10	  x9:0xffffffff x10:0xfffffedc  x8=0xfffffedb
     306095.000 ns	     30608	80006560	e0061053	fclass.s	x0,f12	 f12:0xcefff7e0
     306115.000 ns	     30610	80006564	001691b3	sll	x3,x13,x1	 x13:0x00000000  x1:0xfffff9b1  x3=0x00000000
     306135.000 ns	     30612	80006568	a1ad9153	flt.s	x2,f27,f26	 f27:0x80000000 f26:0x80000000  x2=0x00000000
     306165.000 ns	     30615	8000656c	03fe3933	mulhu	x18,x28,x31	 x28:0x00000000 x31:0x00000152 x18=0x00000000
     306185.000 ns	     30617	80006570	405f87b3	sub	x15,x31,x5	 x31:0x00000152  x5:0x00000001 x15=0x00000151
     306205.000 ns	     30619	80006574	d01b1fd3	fcvt.s.wu	f31,x22	 x22:0x00000000 f31=0x00000000
     306235.000 ns	     30622	80006578	e0001353	fclass.s	x6,f0	  f0:0x7fc00000  x6=0x00000200
     306265.000 ns	     30625	8000657c	0271e4b3	rem	x9,x3,x7	  x3:0x00000000  x7:0x00000000  x9=0x00000000
     306305.000 ns	     30629	80006580	580bf2d3	fsqrt.s	f5,f23	 f23:0x00000000  f5=0x00000000
     306335.000 ns	     30632	80006584	29701653	fmax.s	f12,f0,f23	  f0:0x7fc00000 f23:0x00000000 f12=0x00000000
     306365.000 ns	     30635	80006588	a0d42353	feq.s	x6,f8,f13	  f8:0x00000000 f13:0x00000000  x6=0x00000001
     306385.000 ns	     30637	8000658c	01c586b3	add	x13,x11,x28	 x11:0x80040fe4 x28:0x00000000 x13=0x80040fe4
     306405.000 ns	     30639	80006590	023c2fb3	mulhsu	x31,x24,x3	 x24:0x00000346  x3:0x00000000 x31=0x00000000
     306425.000 ns	     30641	80006594	2ecb88b7	lui	x17,0x2ecb8	 x17=0x2ecb8000
     306445.000 ns	     30643	80006598	a06f2553	feq.s	x10,f30,f6	 f30:0x00000000  f6:0x4f800000 x10=0x00000000
     306475.000 ns	     30646	8000659c	026b12b3	mulh	x5,x22,x6	 x22:0x00000000  x6:0x00000001  x5=0x00000000
     306505.000 ns	     30649	800065a0	039d7e33	remu	x28,x26,x25	 x26:0x00000000 x25:0x00000000 x28=0x00000000
     306535.000 ns	     30652	800065a4	211b1153	fsgnjn.s	f2,f22,f17	 f22:0x7fc00000 f17:0x7fc00000  f2=0xffc00000
     306565.000 ns	     30655	800065a8	d00ea753	fcvt.s.w	f14,x29	 x29:0x00000348 f14=0x44520000
     306585.000 ns	     30657	800065ac	28846c13	ori	x24,x8,648	  x8:0xfffffedb x24=0xfffffedb
     306945.000 ns	     30693	800065b0	038559b3	divu	x19,x10,x24	 x10:0x00000000 x24:0x00000346 x19=0x00000000
     306965.000 ns	     30695	800065b4	d799a493	slti	x9,x19,-647	 x19:0x00000115  x9=0x00000000
     307325.000 ns	     30731	800065b8	03135a33	divu	x20,x6,x17	  x6:0x00000001 x17:0x2ecb8000 x20=0x00000000
     307345.000 ns	     30733	800065bc	8779c393	xori	x7,x19,-1929	 x19:0x00000000  x7=0xfffff877
     307365.000 ns	     30735	800065c0	029cd033	divu	x0,x25,x9	 x25:0x00000000  x9:0x00000000
     307395.000 ns	     30738	800065c4	208696d3	fsgnjn.s	f13,f13,f8	 f13:0x00000000  f8:0x00000000 f13=0x80000000
     307425.000 ns	     30741	800065c8	c0177d53	fcvt.wu.s	x26,f14	 f14:0x44520000 x26=0x00000348
     307455.000 ns	     30744	800065cc	a1ff0853	fle.s	x16,f30,f31	 f30:0x00000000 f31:0x00000000 x16=0x00000001
     307475.000 ns	     30746	800065d0	01e490b3	sll	x1,x9,x30	  x9:0x00000000 x30:0x80041024  x1=0x00000000
     307485.000 ns	     30747	800065d4	00deb4b3	sltu	x9,x29,x13	 x29:0x00000348 x13:0x80040fe4  x9=0x00000001
     307505.000 ns	     30749	800065d8	02569d33	mulh	x26,x13,x5	 x13:0x80040fe4  x5:0x00000000 x26=0x00000000
     307525.000 ns	     30751	800065dc	131e6c93	ori	x25,x28,305	 x28:0x00000000 x25=0x00000131
     308695.000 ns	     30868	800065e0	58074453	fsqrt.s	f8,f14	 f14:0x44520000  f8=0x41947e0f
     308745.000 ns	     30873	800065e4	08f57853	fsub.s	f16,f10,f15	 f10:0x00000040 f15:0x00000000 f16=0x00000040
     308775.000 ns	     30876	800065e8	e00b1553	fclass.s	x10,f22	 f22:0x7fc00000 x10=0x00000200
     309145.000 ns	     30913	800065ec	028de733	rem	x14,x27,x8	 x27:0xffffffff  x8:0xfffffedb x14=0xffffffff
     309175.000 ns	     30916	800065f0	f00d0b53	fmv.w.x	f22,x26	 x26:0x00000000 f22=0x00000000
     309205.000 ns	     30919	800065f4	a1b10a53	fle.s	x20,f2,f27	  f2:0xffc00000 f27:0x80000000 x20=0x00000000
     309225.000 ns	     30921	800065f8	014834b3	sltu	x9,x16,x20	 x16:0x00000001 x20:0x00000000  x9=0x00000000
     309235.000 ns	     30922	800065fc	1cbd2613	slti	x12,x26,459	 x26:0x00000000 x12=0x00000001
     309255.000 ns	     30924	80006600	a0ec20d3	feq.s	x1,f24,f14	 f24:0x473501cc f14:0x44520000  x1=0x00000000
     309285.000 ns	     30927	80006604	03ec09b3	mul	x19,x24,x30	 x24:0xfffffedb x30:0x80041024 x19=0x7b5986cc
     309315.000 ns	     30930	80006608	288d8cd3	fmin.s	f25,f27,f8	 f27:0x80000000  f8:0x41947e0f f25=0x80000000
     309335.000 ns	     30932	8000660c	405181b3	sub	x3,x3,x5	  x3:0x00000000  x5:0x00000000  x3=0x00000000
     309345.000 ns	     30933	80006610	5082f937	lui	x18,0x5082f	 x18=0x5082f000
     309355.000 ns	     30934	80006614	5399ab13	slti	x22,x19,1337	 x19:0x7b5986cc x22=0x00000000
     309375.000 ns	     30936	80006618	c00efbd3	fcvt.w.s	x23,f29	 f29:0x4f000410 x23=0x7fffffff
     309395.000 ns	     30938	8000661c	01749613	slli	x12,x9,0x17	  x9:0x00000000 x12=0x00000000
     309405.000 ns	     30939	80006620	00541033	sll	x0,x8,x5	  x8:0xfffffedb  x5:0x00000000
     309425.000 ns	     30941	80006624	030984b3	mul	x9,x19,x16	 x19:0x7b5986cc x16:0x00000001  x9=0x7b5986cc
     309465.000 ns	     30945	80006628	112ca553	fmul.s	f10,f25,f18	 f25:0x80000000 f18:0x4f000410 f10=0x80000000
     309485.000 ns	     30947	8000662c	014aa2b3	slt	x5,x21,x20	 x21:0x54ab7822 x20:0x00000000  x5=0x00000000
     309505.000 ns	     30949	80006630	0319a633	mulhsu	x12,x19,x17	 x19:0x7b5986cc x17:0x2ecb8000 x12=0x168c23e3
     309525.000 ns	     30951	80006634	00d85d93	srli	x27,x16,0xd	 x16:0x00000001 x27=0x00000000
     309545.000 ns	     30953	80006638	20d806d3	fsgnj.s	f13,f16,f13	 f16:0x00000040 f13:0x80000000 f13=0x80000040
     309565.000 ns	     30955	8000663c	00159d13	slli	x26,x11,0x1	 x11:0x80040fe4 x26=0x00081fc8
     309605.000 ns	     30959	80006640	08a1c253	fsub.s	f4,f3,f10	  f3:0x37b501cc f10:0x80000000  f4=0x37b501cc
     309625.000 ns	     30961	80006644	5d06e413	ori	x8,x13,1488	 x13:0x80040fe4  x8=0x80040ff4
     309635.000 ns	     30962	80006648	0101fdb3	and	x27,x3,x16	  x3:0x00000000 x16:0x00000001 x27=0x00000000
     309655.000 ns	     30964	8000664c	29d794d3	fmax.s	f9,f15,f29	 f15:0x00000000 f29:0x4f000410  f9=0x4f000410
     309685.000 ns	     30967	80006650	291915d3	fmax.s	f11,f18,f17	 f18:0x4f000410 f17:0x7fc00000 f11=0x4f000410
     309705.000 ns	     30969	80006654	00371233	sll	x4,x14,x3	 x14:0xffffffff  x3:0x00000000  x4=0xffffffff
     309725.000 ns	     30971	80006658	c01e9153	fcvt.wu.s	x2,f29	 f29:0x4f000410  x2=0x80041000
     309755.000 ns	     30974	8000665c	21f826d3	fsgnjx.s	f13,f16,f31	 f16:0x00000040 f31:0x00000000 f13=0x00000040
     309805.000 ns	     30979	80006660	01a2f453	fadd.s	f8,f5,f26	  f5:0x00000000 f26:0x80000000  f8=0x80000000
     309845.000 ns	     30983	80006664	10d278d3	fmul.s	f17,f4,f13	  f4:0x37b501cc f13:0x00000040 f17=0x00000000
     309865.000 ns	     30985	80006668	00000013	addi	x0,x0,0	  x0:0x00000000
     309885.000 ns	     30987	8000666c	0230cc33	div	x24,x1,x3	  x1:0x00000000  x3:0x00000000 x24=0xffffffff
     309905.000 ns	     30989	80006670	0113dcb3	srl	x25,x7,x17	  x7:0xfffff877 x17:0x2ecb8000 x25=0xfffff877
     309915.000 ns	     30990	80006674	00000013	addi	x0,x0,0	  x0:0x00000000
     309935.000 ns	     30992	80006678	20efafd3	fsgnjx.s	f31,f31,f14	 f31:0x00000000 f14:0x44520000 f31=0x00000000
     309965.000 ns	     30995	8000667c	21b51dd3	fsgnjn.s	f27,f10,f27	 f10:0x80000000 f27:0x80000000 f27=0x00000000
     310015.000 ns	     31000	80006680	01090cd3	fadd.s	f25,f18,f16	 f18:0x4f000410 f16:0x00000040 f25=0x4f000410
     310035.000 ns	     31002	80006684	00255393	srli	x7,x10,0x2	 x10:0x00000200  x7=0x00000080
     310045.000 ns	     31003	80006688	a067f697	auipc	x13,0xa067f	 x13=0x20685688
     310055.000 ns	     31004	8000668c	bc347913	andi	x18,x8,-1085	  x8:0x80040ff4 x18=0x80040bc0
     310095.000 ns	     31008	80006690	0975b253	fsub.s	f4,f11,f23	 f11:0x4f000410 f23:0x00000000  f4=0x4f000410
     310115.000 ns	     31010	80006694	0004e433	or	x8,x9,x0	  x9:0x7b5986cc  x0:0x00000000  x8=0x7b5986cc
     310125.000 ns	     31011	80006698	00640eb3	add	x29,x8,x6	  x8:0x80040ff4  x6:0x00000001 x29=0x7b5986cd
     310165.000 ns	     31015	8000669c	08022b53	fsub.s	f22,f4,f0	  f4:0x4f000410  f0:0x7fc00000 f22=0x7fc00000
     310195.000 ns	     31018	800066a0	d00f8153	fcvt.s.w	f2,x31	 x31:0x00000000  f2=0x00000000
     310215.000 ns	     31020	800066a4	09e5f293	andi	x5,x11,158	 x11:0x80040fe4  x5=0x00000084
     310235.000 ns	     31022	800066a8	c008f853	fcvt.w.s	x16,f17	 f17:0x00000000 x16=0x00000000
     310265.000 ns	     31025	800066ac	a07e9e53	flt.s	x28,f29,f7	 f29:0x4f000410  f7:0x473501cc x28=0x00000000
     310285.000 ns	     31027	800066b0	c04ccc13	xori	x24,x25,-1020	 x25:0xfffff877 x24=0x00000473
     310295.000 ns	     31028	800066b4	01745e13	srli	x28,x8,0x17	  x8:0x7b5986cc x28=0x000000f6
     310305.000 ns	     31029	800066b8	8693cf93	xori	x31,x7,-1943	  x7:0x00000080 x31=0xfffff8e9
     310325.000 ns	     31031	800066bc	02c933b3	mulhu	x7,x18,x12	 x18:0x80040bc0 x12:0x168c23e3  x7=0x0b466d2a
     310355.000 ns	     31034	800066c0	e00d8bd3	fmv.x.w	x23,f27	 f27:0x00000000 x23=0x00000000
     310385.000 ns	     31037	800066c4	c00c2453	fcvt.w.s	x8,f24	 f24:0x473501cc  x8=0x0000b501
     310405.000 ns	     31039	800066c8	bd628393	addi	x7,x5,-1066	  x5:0x00000084  x7=0xfffffc5a
     310425.000 ns	     31041	800066cc	20ada0d3	fsgnjx.s	f1,f27,f10	 f27:0x00000000 f10:0x80000000  f1=0x80000000
     310445.000 ns	     31043	800066d0	ccc6ce13	xori	x28,x13,-820	 x13:0x20685688 x28=0xdf97aa44
     310465.000 ns	     31045	800066d4	d00897d3	fcvt.s.w	f15,x17	 x17:0x2ecb8000 f15=0x4e3b2e00
     310495.000 ns	     31048	800066d8	f00403d3	fmv.w.x	f7,x8	  x8:0x0000b501  f7=0x0000b501
     310525.000 ns	     31051	800066dc	d01b4b53	fcvt.s.wu	f22,x22	 x22:0x00000000 f22=0x00000000
     310545.000 ns	     31053	800066e0	008b96b3	sll	x13,x23,x8	 x23:0x00000000  x8:0x0000b501 x13=0x00000000
     310565.000 ns	     31055	800066e4	03cb0bb3	mul	x23,x22,x28	 x22:0x00000000 x28:0xdf97aa44 x23=0x00000000
     310585.000 ns	     31057	800066e8	0159d133	srl	x2,x19,x21	 x19:0x7b5986cc x21:0x54ab7822  x2=0x1ed661b3
     310605.000 ns	     31059	800066ec	c0051153	fcvt.w.s	x2,f10	 f10:0x80000000  x2=0x00000000
     310625.000 ns	     31061	800066f0	dc8a4693	xori	x13,x20,-568	 x20:0x00000000 x13=0xfffffdc8
     310645.000 ns	     31063	800066f4	d0037ed3	fcvt.s.w	f29,x6	  x6:0x00000001 f29=0x3f800000
     310675.000 ns	     31066	800066f8	a05ba0d3	feq.s	x1,f23,f5	 f23:0x00000000  f5:0x00000000  x1=0x00000001
     310695.000 ns	     31068	800066fc	00181d33	sll	x26,x16,x1	 x16:0x00000000  x1:0x00000000 x26=0x00000000
     310735.000 ns	     31072	80006700	0830f153	fsub.s	f2,f1,f3	  f1:0x80000000  f3:0x37b501cc  f2=0xb7b501cc
     310755.000 ns	     31074	80006704	e0dfd3b7	lui	x7,0xe0dfd	  x7=0xe0dfd000
     310775.000 ns	     31076	80006708	03972bb3	mulhsu	x23,x14,x25	 x14:0xffffffff x25:0xfffff877 x23=0xffffffff
     310815.000 ns	     31080	8000670c	194204d3	fdiv.s	f9,f4,f20	  f4:0x4f000410 f20:0x7fc00000  f9=0x7fc00000
     311185.000 ns	     31117	80006710	02644b33	div	x22,x8,x6	  x8:0x0000b501  x6:0x00000001 x22=0x0000b501
     311215.000 ns	     31120	80006714	030db1b3	mulhu	x3,x27,x16	 x27:0x00000000 x16:0x00000000  x3=0x00000000
     311235.000 ns	     31122	80006718	f46b7a13	andi	x20,x22,-186	 x22:0x0000b501 x20=0x0000b500
     311255.000 ns	     31124	8000671c	e00a06d3	fmv.x.w	x13,f20	 f20:0x7fc00000 x13=0x7fc00000
     311295.000 ns	     31128	80006720	11ee1353	fmul.s	f6,f28,f30	 f28:0x37b501cc f30:0x00000000  f6=0x00000000
     311315.000 ns	     31130	80006724	8531c613	xori	x12,x3,-1965	  x3:0x00000000 x12=0xfffff853
     311335.000 ns	     31132	80006728	206d8c53	fsgnj.s	f24,f27,f6	 f27:0x00000000  f6:0x00000000 f24=0x00000000
     311355.000 ns	     31134	8000672c	915e8013	addi	x0,x29,-1771	 x29:0x7b5986cd
     311375.000 ns	     31136	80006730	a02822d3	feq.s	x5,f16,f2	 f16:0x00000040  f2:0xb7b501cc  x5=0x00000000
     311425.000 ns	     31141	80006734	0078ce53	fadd.s	f28,f17,f7	 f17:0x00000000  f7:0x0000b501 f28=0x0000b501
     311455.000 ns	     31144	80006738	a18593d3	flt.s	x7,f11,f24	 f11:0x4f000410 f24:0x00000000  x7=0x00000000
     311485.000 ns	     31147	8000673c	213f0ed3	fsgnj.s	f29,f30,f19	 f30:0x00000000 f19:0x00041024 f29=0x00000000
     311515.000 ns	     31150	80006740	291b04d3	fmin.s	f9,f22,f17	 f22:0x00000000 f17:0x00000000  f9=0x00000000
     311545.000 ns	     31153	80006744	c001b3d3	fcvt.w.s	x7,f3	  f3:0x37b501cc  x7=0x00000001
     311915.000 ns	     31190	80006748	032ed2b3	divu	x5,x29,x18	 x29:0x7b5986cd x18:0x80040bc0  x5=0x00000000
     311935.000 ns	     31192	8000674c	01019d13	slli	x26,x3,0x10	  x3:0x00000000 x26=0x00000000
     311945.000 ns	     31193	80006750	01f828b3	slt	x17,x16,x31	 x16:0x00000000 x31:0xfffff8e9 x17=0x00000000
     311955.000 ns	     31194	80006754	01dea433	slt	x8,x29,x29	 x29:0x7b5986cd x29:0x7b5986cd  x8=0x00000000
     312315.000 ns	     31230	80006758	0376d7b3	divu	x15,x13,x23	 x13:0x7fc00000 x23:0xffffffff x15=0x00000000
     312345.000 ns	     31233	8000675c	d00cfbd3	fcvt.s.w	f23,x25	 x25:0xfffff877 f23=0xc4f12000
     312375.000 ns	     31236	80006760	20e986d3	fsgnj.s	f13,f19,f14	 f19:0x00041024 f14:0x44520000 f13=0x00041024
     312395.000 ns	     31238	80006764	3ee2ae13	slti	x28,x5,1006	  x5:0x00000000 x28=0x00000001
     312405.000 ns	     31239	80006768	01e31eb3	sll	x29,x6,x30	  x6:0x00000001 x30:0x80041024 x29=0x00000010
     312425.000 ns	     31241	8000676c	020d81b3	mul	x3,x27,x0	 x27:0x00000000  x0:0x00000000  x3=0x00000000
     312445.000 ns	     31243	80006770	35ffa717	auipc	x14,0x35ffa	 x14=0xb6000770
     312455.000 ns	     31244	80006774	112bca13	xori	x20,x23,274	 x23:0xffffffff x20=0xfffffeed
     312475.000 ns	     31246	80006778	03a71c33	mulh	x24,x14,x26	 x14:0xffffffff x26:0x00000000 x24=0x00000000
     312505.000 ns	     31249	8000677c	a1210d53	fle.s	x26,f2,f18	  f2:0xb7b501cc f18:0x4f000410 x26=0x00000001
     312875.000 ns	     31286	80006780	026fd533	divu	x10,x31,x6	 x31:0xfffff8e9  x6:0x00000001 x10=0xfffff8e9
     312905.000 ns	     31289	80006784	02887233	remu	x4,x16,x8	 x16:0x00000000  x8:0x00000000  x4=0x00000000
     312925.000 ns	     31291	80006788	41735793	srai	x15,x6,0x17	  x6:0x00000001 x15=0x00000000
     312965.000 ns	     31295	8000678c	0996fbd3	fsub.s	f23,f13,f25	 f13:0x00041024 f25:0x4f000410 f23=0xcf000410
     312985.000 ns	     31297	80006790	01d7afb3	slt	x31,x15,x29	 x15:0x00000000 x29:0x00000010 x31=0x00000001
     313345.000 ns	     31333	80006794	032bf233	remu	x4,x23,x18	 x23:0xffffffff x18:0x80040bc0  x4=0x7ffbf43f
     313365.000 ns	     31335	80006798	41a25293	srai	x5,x4,0x1a	  x4:0x00000000  x5=0x0000001f
     313385.000 ns	     31337	8000679c	292285d3	fmin.s	f11,f5,f18	  f5:0x00000000 f18:0x4f000410 f11=0x00000000
     313415.000 ns	     31340	800067a0	20bc95d3	fsgnjn.s	f11,f25,f11	 f25:0x4f000410 f11:0x4f000410 f11=0xcf000410
     313445.000 ns	     31343	800067a4	c00897d3	fcvt.w.s	x15,f17	 f17:0x00000000 x15=0x00000000
     313475.000 ns	     31346	800067a8	c01bffd3	fcvt.wu.s	x31,f23	 f23:0xcf000410 x31=0x80041000
     313505.000 ns	     31349	800067ac	036711b3	mulh	x3,x14,x22	 x14:0xb6000770 x22:0x0000b501  x3=0xffffcbad
     313535.000 ns	     31352	800067b0	c01d1c53	fcvt.wu.s	x24,f26	 f26:0x80000000 x24=0x00000000
     313555.000 ns	     31354	800067b4	01ec5b13	srli	x22,x24,0x1e	 x24:0x00000000 x22=0x00000000
     313565.000 ns	     31355	800067b8	41095633	sra	x12,x18,x16	 x18:0x80040bc0 x16:0x00000000 x12=0x80040bc0
     313585.000 ns	     31357	800067bc	d0057253	fcvt.s.w	f4,x10	 x10:0xfffff8e9  f4=0xc4e2e000
     313605.000 ns	     31359	800067c0	4ca7bd17	auipc	x26,0x4ca7b	 x26=0xcca817c0
     313615.000 ns	     31360	800067c4	09508e93	addi	x29,x1,149	  x1:0x00000001 x29=0x00000096
     313645.000 ns	     31363	800067c8	105f70d3	fmul.s	f1,f30,f5	 f30:0x00000000  f5:0x00000000  f1=0x00000000
     314015.000 ns	     31400	800067cc	037fd8b3	divu	x17,x31,x23	 x31:0x80041000 x23:0xffffffff x17=0x00000000
     314045.000 ns	     31403	800067d0	02f67533	remu	x10,x12,x15	 x12:0x80040bc0 x15:0x00000000 x10=0x80040bc0
     314075.000 ns	     31406	800067d4	031d6bb3	rem	x23,x26,x17	 x26:0xcca817c0 x17:0x00000000 x23=0xcca817c0
     314095.000 ns	     31408	800067d8	2c6cb113	sltiu	x2,x25,710	 x25:0xfffff877  x2=0x00000000
     314115.000 ns	     31410	800067dc	d00f77d3	fcvt.s.w	f15,x30	 x30:0x80041024 f15=0xcefff7df
     314485.000 ns	     31447	800067e0	027e4cb3	div	x25,x28,x7	 x28:0x00000001  x7:0x00000001 x25=0x00000001
     314505.000 ns	     31449	800067e4	41155633	sra	x12,x10,x17	 x10:0x80040bc0 x17:0x00000000 x12=0x80040bc0
     314515.000 ns	     31450	800067e8	a8b37e13	andi	x28,x6,-1397	  x6:0x00000001 x28=0x00000001
     314875.000 ns	     31486	800067ec	0292f7b3	remu	x15,x5,x9	  x5:0x0000001f  x9:0x7b5986cc x15=0x0000001f
     314905.000 ns	     31489	800067f0	f00d8a53	fmv.w.x	f20,x27	 x27:0x00000000 f20=0x00000000
     314935.000 ns	     31492	800067f4	03dd3bb3	mulhu	x23,x26,x29	 x26:0xcca817c0 x29:0x00000096 x23=0x00000077
     314955.000 ns	     31494	800067f8	015d13b3	sll	x7,x26,x21	 x26:0xcca817c0 x21:0x54ab7822  x7=0x32a05f00
     314965.000 ns	     31495	800067fc	01fa3833	sltu	x16,x20,x31	 x20:0xfffffeed x31:0x80041000 x16=0x00000000
     314985.000 ns	     31497	80006800	290117d3	fmax.s	f15,f2,f16	  f2:0xb7b501cc f16:0x00000040 f15=0x00000040
     315005.000 ns	     31499	80006804	01d90633	add	x12,x18,x29	 x18:0x80040bc0 x29:0x00000096 x12=0x80040c56
     315015.000 ns	     31500	80006808	32d81cb7	lui	x25,0x32d81	 x25=0x32d81000
     315375.000 ns	     31536	8000680c	0328d1b3	divu	x3,x17,x18	 x17:0x00000000 x18:0x80040bc0  x3=0x00000000
     315745.000 ns	     31573	80006810	02a757b3	divu	x15,x14,x10	 x14:0xb6000770 x10:0x80040bc0 x15=0x00000001
     315775.000 ns	     31576	80006814	28e09753	fmax.s	f14,f1,f14	  f1:0x00000000 f14:0x44520000 f14=0x44520000
     315795.000 ns	     31578	80006818	78c35d37	lui	x26,0x78c35	 x26=0x78c35000
     315805.000 ns	     31579	8000681c	00ca1d93	slli	x27,x20,0xc	 x20:0xfffffeed x27=0xffeed000
     315815.000 ns	     31580	80006820	01055cb3	srl	x25,x10,x16	 x10:0x80040bc0 x16:0x00000000 x25=0x80040bc0
     315835.000 ns	     31582	80006824	024881b3	mul	x3,x17,x4	 x17:0x00000000  x4:0x7ffbf43f  x3=0x00000000
     315865.000 ns	     31585	80006828	d0148d53	fcvt.s.wu	f26,x9	  x9:0x7b5986cc f26=0x4ef6b30e
     316235.000 ns	     31622	8000682c	03e1fcb3	remu	x25,x3,x30	  x3:0x00000000 x30:0x80041024 x25=0x00000000
     316265.000 ns	     31625	80006830	a0df9553	flt.s	x10,f31,f13	 f31:0x00000000 f13:0x00041024 x10=0x00000001
     316635.000 ns	     31662	80006834	03af74b3	remu	x9,x30,x26	 x30:0x80041024 x26:0x78c35000  x9=0x0740c024
     316665.000 ns	     31665	80006838	0207ca33	div	x20,x15,x0	 x15:0x00000001  x0:0x00000000 x20=0xffffffff
     316685.000 ns	     31667	8000683c	01a3d613	srli	x12,x7,0x1a	  x7:0x32a05f00 x12=0x0000000c
     316695.000 ns	     31668	80006840	01d398b3	sll	x17,x7,x29	  x7:0x32a05f00 x29:0x00000096 x17=0xc0000000
     316715.000 ns	     31670	80006844	c00b7dd3	fcvt.w.s	x27,f22	 f22:0x00000000 x27=0x00000000
     316735.000 ns	     31672	80006848	159dc613	xori	x12,x27,345	 x27:0xffeed000 x12=0x00000159
     316755.000 ns	     31674	8000684c	03373433	mulhu	x8,x14,x19	 x14:0xb6000770 x19:0x7b5986cc  x8=0x57b1a96a
     316785.000 ns	     31677	80006850	03b84033	div	x0,x16,x27	 x16:0x00000000 x27:0x00000000
     316805.000 ns	     31679	80006854	018b8bb3	add	x23,x23,x24	 x23:0x00000077 x24:0x00000000 x23=0x00000077
     316815.000 ns	     31680	80006858	00ebb6b3	sltu	x13,x23,x14	 x23:0x00000077 x14:0xb6000770 x13=0x00000001
     316825.000 ns	     31681	8000685c	2b386a13	ori	x20,x16,691	 x16:0x00000000 x20=0x000002b3
     316845.000 ns	     31683	80006860	21ada4d3	fsgnjx.s	f9,f27,f26	 f27:0x00000000 f26:0x4ef6b30e  f9=0x00000000
     316875.000 ns	     31686	80006864	022446b3	div	x13,x8,x2	  x8:0x57b1a96a  x2:0x00000000 x13=0xffffffff
     317215.000 ns	     31720	80006868	190729d3	fdiv.s	f19,f14,f16	 f14:0x44520000 f16:0x00000040 f19=0x7f800000
     317585.000 ns	     31757	8000686c	03e07cb3	remu	x25,x0,x30	  x0:0x00000000 x30:0x80041024 x25=0x00000000
     317615.000 ns	     31760	80006870	037a23b3	mulhsu	x7,x20,x23	 x20:0x000002b3 x23:0x00000077  x7=0x00000000
     317645.000 ns	     31763	80006874	e00c10d3	fclass.s	x1,f24	 f24:0x00000000  x1=0x00000010
     317675.000 ns	     31766	80006878	c00cce53	fcvt.w.s	x28,f25	 f25:0x4f000410 x28=0x7fffffff
     317705.000 ns	     31769	8000687c	a1db8553	fle.s	x10,f23,f29	 f23:0xcf000410 f29:0x00000000 x10=0x00000001
     317735.000 ns	     31772	80006880	21eda553	fsgnjx.s	f10,f27,f30	 f27:0x00000000 f30:0x00000000 f10=0x00000000
     317765.000 ns	     31775	80006884	d01bfad3	fcvt.s.wu	f21,x23	 x23:0x00000077 f21=0x42ee0000
     317785.000 ns	     31777	80006888	010876b3	and	x13,x16,x16	 x16:0x00000000 x16:0x00000000 x13=0x00000000
     317795.000 ns	     31778	8000688c	ee84f313	andi	x6,x9,-280	  x9:0x0740c024  x6=0x0740c020
     318155.000 ns	     31814	80006890	02904133	div	x2,x0,x9	  x0:0x00000000  x9:0x0740c024  x2=0x00000000
     318185.000 ns	     31817	80006894	a13209d3	fle.s	x19,f4,f19	  f4:0xc4e2e000 f19:0x7f800000 x19=0x00000001
     318215.000 ns	     31820	80006898	033f34b3	mulhu	x9,x30,x19	 x30:0x80041024 x19:0x7b5986cc  x9=0x00000000
     318235.000 ns	     31822	8000689c	328b66b7	lui	x13,0x328b6	 x13=0x328b6000
     318245.000 ns	     31823	800068a0	78682993	slti	x19,x16,1926	 x16:0x00000000 x19=0x00000001
     318255.000 ns	     31824	800068a4	00f1de93	srli	x29,x3,0xf	  x3:0x00000000 x29=0x00000000
     318265.000 ns	     31825	800068a8	0099cc33	xor	x24,x19,x9	 x19:0x00000001  x9:0x00000000 x24=0x00000001
     318295.000 ns	     31828	800068ac	19a07bd3	fdiv.s	f23,f0,f26	  f0:0x7fc00000 f26:0x4ef6b30e f23=0x7fc00000
     318315.000 ns	     31830	800068b0	997b8313	addi	x6,x23,-1641	 x23:0x00000077  x6=0xfffffa0e
     318325.000 ns	     31831	800068b4	017bb433	sltu	x8,x23,x23	 x23:0x00000077 x23:0x00000077  x8=0x00000000
     318345.000 ns	     31833	800068b8	d01a84d3	fcvt.s.wu	f9,x21	 x21:0x54ab7822  f9=0x4ea956f0
     318365.000 ns	     31835	800068bc	f4277813	andi	x16,x14,-190	 x14:0xb6000770 x16=0xb6000740
     318395.000 ns	     31838	800068c0	580a70d3	fsqrt.s	f1,f20	 f20:0x00000000  f1=0x00000000
     318415.000 ns	     31840	800068c4	012b1a13	slli	x20,x22,0x12	 x22:0x00000000 x20=0x00000000
     318435.000 ns	     31842	800068c8	d0019ed3	fcvt.s.w	f29,x3	  x3:0x00000000 f29=0x00000000
     318465.000 ns	     31845	800068cc	e0010653	fmv.x.w	x12,f2	  f2:0xb7b501cc x12=0xb7b501cc
     318495.000 ns	     31848	800068d0	20a61ad3	fsgnjn.s	f21,f12,f10	 f12:0x00000000 f10:0x00000000 f21=0x80000000
     318525.000 ns	     31851	800068d4	a1650d53	fle.s	x26,f10,f22	 f10:0x00000000 f22:0x00000000 x26=0x00000001
     318575.000 ns	     31856	800068d8	01bd2e53	fadd.s	f28,f26,f27	 f26:0x4ef6b30e f27:0x00000000 f28=0x4ef6b30e
     318615.000 ns	     31860	800068dc	1048b653	fmul.s	f12,f17,f4	 f17:0x00000000  f4:0xc4e2e000 f12=0x80000000
     318645.000 ns	     31863	800068e0	d015f453	fcvt.s.wu	f8,x11	 x11:0x80040fe4  f8=0x4f00040f
     318675.000 ns	     31866	800068e4	c0074553	fcvt.w.s	x10,f14	 f14:0x44520000 x10=0x00000348
     318695.000 ns	     31868	800068e8	18cecd93	xori	x27,x29,396	 x29:0x00000000 x27=0x0000018c
     318705.000 ns	     31869	800068ec	40ced013	srai	x0,x29,0xc	 x29:0x00000000
     318725.000 ns	     31871	800068f0	028cd333	divu	x6,x25,x8	 x25:0x00000000  x8:0x00000000  x6=0xffffffff
     318755.000 ns	     31874	800068f4	e00388d3	fmv.x.w	x17,f7	  f7:0x0000b501 x17=0x0000b501
     318785.000 ns	     31877	800068f8	a1c18153	fle.s	x2,f3,f28	  f3:0x37b501cc f28:0x4ef6b30e  x2=0x00000001
     318805.000 ns	     31879	800068fc	e44dc013	xori	x0,x27,-444	 x27:0x0000018c
     318815.000 ns	     31880	80006900	00e1f533	and	x10,x3,x14	  x3:0x00000000 x14:0xb6000770 x10=0x00000000
     318825.000 ns	     31881	80006904	00022533	slt	x10,x4,x0	  x4:0x7ffbf43f  x0:0x00000000 x10=0x00000000
     318845.000 ns	     31883	80006908	02a98eb3	mul	x29,x19,x10	 x19:0x00000001 x10:0x00000348 x29=0x00000000
     318865.000 ns	     31885	8000690c	01fcbe33	sltu	x28,x25,x31	 x25:0x00000000 x31:0x80041000 x28=0x00000001
     318885.000 ns	     31887	80006910	02095633	divu	x12,x18,x0	 x18:0x80040bc0  x0:0x00000000 x12=0xffffffff
     318915.000 ns	     31890	80006914	e00819d3	fclass.s	x19,f16	 f16:0x00000040 x19=0x00000020
     318945.000 ns	     31893	80006918	f00702d3	fmv.w.x	f5,x14	 x14:0xb6000770  f5=0xb6000770
     318975.000 ns	     31896	8000691c	a178a753	feq.s	x14,f17,f23	 f17:0x00000000 f23:0x7fc00000 x14=0x00000000
     318995.000 ns	     31898	80006920	01e46d33	or	x26,x8,x30	  x8:0x00000000 x30:0x80041024 x26=0x80041024
     319005.000 ns	     31899	80006924	00000013	addi	x0,x0,0	  x0:0x00000000
     319015.000 ns	     31900	80006928	7a346693	ori	x13,x8,1955	  x8:0x00000000 x13=0x000007a3
     319035.000 ns	     31902	8000692c	d00f80d3	fcvt.s.w	f1,x31	 x31:0x80041000  f1=0xcefff7e0
     319065.000 ns	     31905	80006930	a0782a53	feq.s	x20,f16,f7	 f16:0x00000040  f7:0x0000b501 x20=0x00000000
     319115.000 ns	     31910	80006934	01bb3dd3	fadd.s	f27,f22,f27	 f22:0x00000000 f27:0x00000000 f27=0x00000000
     319135.000 ns	     31912	80006938	62d0e993	ori	x19,x1,1581	  x1:0x00000010 x19=0x0000063d
     319155.000 ns	     31914	8000693c	029f86b3	mul	x13,x31,x9	 x31:0x80041000  x9:0x00000000 x13=0x00000000
     319175.000 ns	     31916	80006940	41e65713	srai	x14,x12,0x1e	 x12:0xffffffff x14=0xffffffff
     319185.000 ns	     31917	80006944	7213eb93	ori	x23,x7,1825	  x7:0x00000000 x23=0x00000721
     319195.000 ns	     31918	80006948	00000013	addi	x0,x0,0	  x0:0x00000000
     319215.000 ns	     31920	8000694c	c01c76d3	fcvt.wu.s	x13,f24	 f24:0x00000000 x13=0x00000000
     319245.000 ns	     31923	80006950	e00c83d3	fmv.x.w	x7,f25	 f25:0x4f000410  x7=0x4f000410
     320425.000 ns	     32041	80006954	5806f653	fsqrt.s	f12,f13	 f13:0x00041024 f12=0x1f3ac36a
     320445.000 ns	     32043	80006958	08c44b93	xori	x23,x8,140	  x8:0x00000000 x23=0x0000008c
     320455.000 ns	     32044	8000695c	41d4ddb3	sra	x27,x9,x29	  x9:0x00000000 x29:0x00000000 x27=0x00000000
     320815.000 ns	     32080	80006960	03a47fb3	remu	x31,x8,x26	  x8:0x00000000 x26:0x80041024 x31=0x00000000
     320835.000 ns	     32082	80006964	40ee87b3	sub	x15,x29,x14	 x29:0x00000000 x14:0xffffffff x15=0x00000001
     320855.000 ns	     32084	80006968	207629d3	fsgnjx.s	f19,f12,f7	 f12:0x1f3ac36a  f7:0x0000b501 f19=0x1f3ac36a
     320875.000 ns	     32086	8000696c	01c38693	addi	x13,x7,28	  x7:0x4f000410 x13=0x4f00042c
     320885.000 ns	     32087	80006970	4b764713	xori	x14,x12,1207	 x12:0xffffffff x14=0xfffffb48
     320895.000 ns	     32088	80006974	008b9413	slli	x8,x23,0x8	 x23:0x0000008c  x8=0x00008c00
     320905.000 ns	     32089	80006978	a875e937	lui	x18,0xa875e	 x18=0xa875e000
     320925.000 ns	     32091	8000697c	d009f7d3	fcvt.s.w	f15,x19	 x19:0x0000063d f15=0x44c7a000
     320945.000 ns	     32093	80006980	31660693	addi	x13,x12,790	 x12:0xffffffff x13=0x00000315
     320955.000 ns	     32094	80006984	1781bd13	sltiu	x26,x3,376	  x3:0x00000000 x26=0x00000001
     320975.000 ns	     32096	80006988	20b1a953	fsgnjx.s	f18,f3,f11	  f3:0x37b501cc f11:0xcf000410 f18=0xb7b501cc
     320995.000 ns	     32098	8000698c	003d4833	xor	x16,x26,x3	 x26:0x80041024  x3:0x00000000 x16=0x00000001
     321015.000 ns	     32100	80006990	a19797d3	flt.s	x15,f15,f25	 f15:0x44c7a000 f25:0x4f000410 x15=0x00000001
     321035.000 ns	     32102	80006994	00191bb3	sll	x23,x18,x1	 x18:0xa875e000  x1:0x00000010 x23=0xe0000000
     321045.000 ns	     32103	80006998	4117dfb3	sra	x31,x15,x17	 x15:0x00000001 x17:0x0000b501 x31=0x00000000
     321055.000 ns	     32104	8000699c	01589b33	sll	x22,x17,x21	 x17:0x0000b501 x21:0x54ab7822 x22=0x0002d404
     321095.000 ns	     32108	800069a0	00237153	fadd.s	f2,f6,f2	  f6:0x00000000  f2:0xb7b501cc  f2=0xb7b501cc
     321115.000 ns	     32110	800069a4	40844d93	xori	x27,x8,1032	  x8:0x00008c00 x27=0x00008808
     321155.000 ns	     32114	800069a8	09ff2c53	fsub.s	f24,f30,f31	 f30:0x00000000 f31:0x00000000 f24=0x80000000
     321185.000 ns	     32117	800069ac	d01c86d3	fcvt.s.wu	f13,x25	 x25:0x00000000 f13=0x00000000
     321555.000 ns	     32154	800069b0	0267f633	remu	x12,x15,x6	 x15:0x00000001  x6:0xffffffff x12=0x00000001
     321575.000 ns	     32156	800069b4	d50fc993	xori	x19,x31,-688	 x31:0x00000000 x19=0xfffffd50
     321595.000 ns	     32158	800069b8	e00c17d3	fclass.s	x15,f24	 f24:0x80000000 x15=0x00000008
     321645.000 ns	     32163	800069bc	00d1fcd3	fadd.s	f25,f3,f13	  f3:0x37b501cc f13:0x00000000 f25=0x37b501cc
     321665.000 ns	     32165	800069c0	01462db3	slt	x27,x12,x20	 x12:0x00000001 x20:0x00000000 x27=0x00000000
     321675.000 ns	     32166	800069c4	00dcbeb3	sltu	x29,x25,x13	 x25:0x00000000 x13:0x00000315 x29=0x00000001
     322035.000 ns	     32202	800069c8	024fe0b3	rem	x1,x31,x4	 x31:0x00000000  x4:0x7ffbf43f  x1=0x00000000
     322065.000 ns	     32205	800069cc	a1ee9a53	flt.s	x20,f29,f30	 f29:0x00000000 f30:0x00000000 x20=0x00000000
     322095.000 ns	     32208	800069d0	c002f653	fcvt.w.s	x12,f5	  f5:0xb6000770 x12=0x00000000
     322125.000 ns	     32211	800069d4	c006a453	fcvt.w.s	x8,f13	 f13:0x00000000  x8=0x00000000
     322155.000 ns	     32214	800069d8	d0148453	fcvt.s.wu	f8,x9	  x9:0x00000000  f8=0x00000000
     322185.000 ns	     32217	800069dc	28bd9dd3	fmax.s	f27,f27,f11	 f27:0x00000000 f11:0xcf000410 f27=0x00000000
     322205.000 ns	     32219	800069e0	12273a37	lui	x20,0x12273	 x20=0x12273000
     322215.000 ns	     32220	800069e4	00259e93	slli	x29,x11,0x2	 x11:0x80040fe4 x29=0x00103f90
     322225.000 ns	     32221	800069e8	01a6b4b3	sltu	x9,x13,x26	 x13:0x00000315 x26:0x00000001  x9=0x00000000
     322235.000 ns	     32222	800069ec	016fa3b3	slt	x7,x31,x22	 x31:0x00000000 x22:0x0002d404  x7=0x00000001
     322255.000 ns	     32224	800069f0	02510333	mul	x6,x2,x5	  x2:0x00000001  x5:0x0000001f  x6=0x0000001f
     322285.000 ns	     32227	800069f4	02d13a33	mulhu	x20,x2,x13	  x2:0x00000001 x13:0x00000315 x20=0x00000000
     322305.000 ns	     32229	800069f8	006cc4b3	xor	x9,x25,x6	 x25:0x00000000  x6:0x0000001f  x9=0x0000001f
     322345.000 ns	     32233	800069fc	0872a153	fsub.s	f2,f5,f7	  f5:0xb6000770  f7:0x0000b501  f2=0xb6000770
     322365.000 ns	     32235	80006a00	01cae233	or	x4,x21,x28	 x21:0x54ab7822 x28:0x00000001  x4=0x54ab7823
     322375.000 ns	     32236	80006a04	00b11d13	slli	x26,x2,0xb	  x2:0x00000001 x26=0x00000800
     322385.000 ns	     32237	80006a08	40d75113	srai	x2,x14,0xd	 x14:0xfffffb48  x2=0xffffffff
     322395.000 ns	     32238	80006a0c	0147f3b3	and	x7,x15,x20	 x15:0x00000008 x20:0x00000000  x7=0x00000000
     322405.000 ns	     32239	80006a10	0081a533	slt	x10,x3,x8	  x3:0x00000000  x8:0x00000000 x10=0x00000000
     322425.000 ns	     32241	80006a14	e0021d53	fclass.s	x26,f4	  f4:0xc4e2e000 x26=0x00000002
     322445.000 ns	     32243	80006a18	001cdb93	srli	x23,x25,0x1	 x25:0x00000000 x23=0x00000000
     322455.000 ns	     32244	80006a1c	010a5f93	srli	x31,x20,0x10	 x20:0x00000000 x31=0x00000000
     322465.000 ns	     32245	80006a20	52c7a013	slti	x0,x15,1324	 x15:0x00000008
     322475.000 ns	     32246	80006a24	005cd6b3	srl	x13,x25,x5	 x25:0x00000000  x5:0x0000001f x13=0x00000000
     322495.000 ns	     32248	80006a28	03e0ab33	mulhsu	x22,x1,x30	  x1:0x00000000 x30:0x80041024 x22=0x00000000
     322525.000 ns	     32251	80006a2c	c002f653	fcvt.w.s	x12,f5	  f5:0xb6000770 x12=0x00000000
     322555.000 ns	     32254	80006a30	c011f153	fcvt.wu.s	x2,f3	  f3:0x37b501cc  x2=0x00000000
     322575.000 ns	     32256	80006a34	000f8fb3	add	x31,x31,x0	 x31:0x00000000  x0:0x00000000 x31=0x00000000
     322585.000 ns	     32257	80006a38	9a216213	ori	x4,x2,-1630	  x2:0x00000000  x4=0xfffff9a2
     322605.000 ns	     32259	80006a3c	a051a2d3	feq.s	x5,f3,f5	  f3:0x37b501cc  f5:0xb6000770  x5=0x00000000
     322635.000 ns	     32262	80006a40	200e9453	fsgnjn.s	f8,f29,f0	 f29:0x00000000  f0:0x7fc00000  f8=0x80000000
     322665.000 ns	     32265	80006a44	03da22b3	mulhsu	x5,x20,x29	 x20:0x00000000 x29:0x00103f90  x5=0x00000000
     322695.000 ns	     32268	80006a48	d0057b53	fcvt.s.w	f22,x10	 x10:0x00000000 f22=0x00000000
     322725.000 ns	     32271	80006a4c	e0030cd3	fmv.x.w	x25,f6	  f6:0x00000000 x25=0x00000000
     322755.000 ns	     32274	80006a50	c0079553	fcvt.w.s	x10,f15	 f15:0x44c7a000 x10=0x0000063d
     322775.000 ns	     32276	80006a54	01c4a6b3	slt	x13,x9,x28	  x9:0x0000001f x28:0x00000001 x13=0x00000000
     322795.000 ns	     32278	80006a58	02f12eb3	mulhsu	x29,x2,x15	  x2:0x00000000 x15:0x00000008 x29=0x00000000
     322825.000 ns	     32281	80006a5c	d019fe53	fcvt.s.wu	f28,x19	 x19:0xfffffd50 f28=0x4f7ffffd
     322845.000 ns	     32283	80006a60	009ab833	sltu	x16,x21,x9	 x21:0x54ab7822  x9:0x0000001f x16=0x00000000
     322885.000 ns	     32287	80006a64	093e28d3	fsub.s	f17,f28,f19	 f28:0x4f7ffffd f19:0x1f3ac36a f17=0x4f7ffffd
     322905.000 ns	     32289	80006a68	b340c813	xori	x16,x1,-1228	  x1:0x00000000 x16=0xfffffb34
     322915.000 ns	     32290	80006a6c	f5d34193	xori	x3,x6,-163	  x6:0x0000001f  x3=0xffffff42
     322935.000 ns	     32292	80006a70	03f13233	mulhu	x4,x2,x31	  x2:0x00000000 x31:0x00000000  x4=0x00000000
     322955.000 ns	     32294	80006a74	a0a6a893	slti	x17,x13,-1526	 x13:0x00000000 x17=0x00000000
     322965.000 ns	     32295	80006a78	89479517	auipc	x10,0x89479	 x10=0x0947fa78
     322975.000 ns	     32296	80006a7c	8464e493	ori	x9,x9,-1978	  x9:0x0000001f  x9=0xfffff85f
     322995.000 ns	     32298	80006a80	c005b7d3	fcvt.w.s	x15,f11	 f11:0xcf000410 x15=0x80000000
     323025.000 ns	     32301	80006a84	a11d10d3	flt.s	x1,f26,f17	 f26:0x4ef6b30e f17:0x4f7ffffd  x1=0x00000001
     323075.000 ns	     32306	80006a88	09dcbcd3	fsub.s	f25,f25,f29	 f25:0x37b501cc f29:0x00000000 f25=0x37b501cc
     323095.000 ns	     32308	80006a8c	0012e533	or	x10,x5,x1	  x5:0x00000000  x1:0x00000001 x10=0x00000001
     323105.000 ns	     32309	80006a90	001bc533	xor	x10,x23,x1	 x23:0x00000000  x1:0x00000001 x10=0x00000001
     323115.000 ns	     32310	80006a94	2375bb13	sltiu	x22,x11,567	 x11:0x80040fe4 x22=0x00000000
     323125.000 ns	     32311	80006a98	01cd1d93	slli	x27,x26,0x1c	 x26:0x00000002 x27=0x20000000
     323145.000 ns	     32313	80006a9c	29d09dd3	fmax.s	f27,f1,f29	  f1:0xcefff7e0 f29:0x00000000 f27=0x00000000
     323175.000 ns	     32316	80006aa0	21ab8cd3	fsgnj.s	f25,f23,f26	 f23:0x7fc00000 f26:0x4ef6b30e f25=0x7fc00000
     323545.000 ns	     32353	80006aa4	030dffb3	remu	x31,x27,x16	 x27:0x20000000 x16:0xfffffb34 x31=0x20000000
     323575.000 ns	     32356	80006aa8	c006fb53	fcvt.w.s	x22,f13	 f13:0x00000000 x22=0x00000000
     323595.000 ns	     32358	80006aac	00d17e33	and	x28,x2,x13	  x2:0x00000000 x13:0x00000000 x28=0x00000000
     323605.000 ns	     32359	80006ab0	01a29113	slli	x2,x5,0x1a	  x5:0x00000000  x2=0x00000000
     323625.000 ns	     32361	80006ab4	c0033ed3	fcvt.w.s	x29,f6	  f6:0x00000000 x29=0x00000000
     323645.000 ns	     32363	80006ab8	4048dd13	srai	x26,x17,0x4	 x17:0x00000000 x26=0x00000000
     323665.000 ns	     32365	80006abc	d00f9fd3	fcvt.s.w	f31,x31	 x31:0x20000000 f31=0x4e000000
     323695.000 ns	     32368	80006ac0	a18e9253	flt.s	x4,f29,f24	 f29:0x00000000 f24:0x80000000  x4=0x00000000
     323715.000 ns	     32370	80006ac4	00b88a33	add	x20,x17,x11	 x17:0x00000000 x11:0x80040fe4 x20=0x80040fe4
     323735.000 ns	     32372	80006ac8	03a14433	div	x8,x2,x26	  x2:0x00000000 x26:0x00000000  x8=0xffffffff
     323765.000 ns	     32375	80006acc	d003c753	fcvt.s.w	f14,x7	  x7:0x00000000 f14=0x00000000
     323785.000 ns	     32377	80006ad0	01a1d193	srli	x3,x3,0x1a	  x3:0xffffff42  x3=0x0000003f
     323805.000 ns	     32379	80006ad4	20271f53	fsgnjn.s	f30,f14,f2	 f14:0x00000000  f2:0xb6000770 f30=0x00000000
     323825.000 ns	     32381	80006ad8	01ce14b3	sll	x9,x28,x28	 x28:0x00000000 x28:0x00000000  x9=0x00000000
     323835.000 ns	     32382	80006adc	00000013	addi	x0,x0,0	  x0:0x00000000
     323855.000 ns	     32384	80006ae0	c009bd53	fcvt.w.s	x26,f19	 f19:0x1f3ac36a x26=0x00000000
     323875.000 ns	     32386	80006ae4	002a5413	srli	x8,x20,0x2	 x20:0x80040fe4  x8=0x200103f9
     323895.000 ns	     32388	80006ae8	21492153	fsgnjx.s	f2,f18,f20	 f18:0xb7b501cc f20:0x00000000  f2=0xb7b501cc
     323925.000 ns	     32391	80006aec	a1f90653	fle.s	x12,f18,f31	 f18:0xb7b501cc f31:0x4e000000 x12=0x00000001
     323955.000 ns	     32394	80006af0	203fad53	fsgnjx.s	f26,f31,f3	 f31:0x4e000000  f3:0x37b501cc f26=0x4e000000
     323975.000 ns	     32396	80006af4	00000013	addi	x0,x0,0	  x0:0x00000000
     323985.000 ns	     32397	80006af8	00685313	srli	x6,x16,0x6	 x16:0xfffffb34  x6=0x03ffffec
     323995.000 ns	     32398	80006afc	6f9ea213	slti	x4,x29,1785	 x29:0x00000000  x4=0x00000001
     324015.000 ns	     32400	80006b00	e0010753	fmv.x.w	x14,f2	  f2:0xb7b501cc x14=0xb7b501cc
     324035.000 ns	     32402	80006b04	00a01eb3	sll	x29,x0,x10	  x0:0x00000000 x10:0x00000001 x29=0x00000000
     324045.000 ns	     32403	80006b08	00000013	addi	x0,x0,0	  x0:0x00000000
     324085.000 ns	     32407	80006b0c	00b9f6d3	fadd.s	f13,f19,f11	 f19:0x1f3ac36a f11:0xcf000410 f13=0xcf000410
     324115.000 ns	     32410	80006b10	e0018b53	fmv.x.w	x22,f3	  f3:0x37b501cc x22=0x37b501cc
     324135.000 ns	     32412	80006b14	01945a33	srl	x20,x8,x25	  x8:0x200103f9 x25:0x00000000 x20=0x200103f9
     324155.000 ns	     32414	80006b18	0269ba33	mulhu	x20,x19,x6	 x19:0xfffffd50  x6:0x03ffffec x20=0x03ffffe1
     324185.000 ns	     32417	80006b1c	02acb933	mulhu	x18,x25,x10	 x25:0x00000000 x10:0x00000001 x18=0x00000000
     324205.000 ns	     32419	80006b20	01cb88b3	add	x17,x23,x28	 x23:0x00000000 x28:0x00000000 x17=0x00000000
     324245.000 ns	     32423	80006b24	01834553	fadd.s	f10,f6,f24	  f6:0x00000000 f24:0x80000000 f10=0x80000000
     324615.000 ns	     32460	80006b28	02f55033	divu	x0,x10,x15	 x10:0x00000001 x15:0x80000000
     324665.000 ns	     32465	80006b2c	01184953	fadd.s	f18,f16,f17	 f16:0x00000040 f17:0x4f7ffffd f18=0x4f7ffffd
     324685.000 ns	     32467	80006b30	01541813	slli	x16,x8,0x15	  x8:0x200103f9 x16=0x7f200000
     325045.000 ns	     32503	80006b34	0384d3b3	divu	x7,x9,x24	  x9:0x00000000 x24:0x00000001  x7=0x00000000
     325065.000 ns	     32505	80006b38	29768213	addi	x4,x13,663	 x13:0x00000000  x4=0x00000297
     325085.000 ns	     32507	80006b3c	21f2a753	fsgnjx.s	f14,f5,f31	  f5:0xb6000770 f31:0x4e000000 f14=0xb6000770
     325115.000 ns	     32510	80006b40	03748233	mul	x4,x9,x23	  x9:0x00000000 x23:0x00000000  x4=0x00000000
     325135.000 ns	     32512	80006b44	c01f9d37	lui	x26,0xc01f9	 x26=0xc01f9000
     325155.000 ns	     32514	80006b48	e0009cd3	fclass.s	x25,f1	  f1:0xcefff7e0 x25=0x00000002
     325185.000 ns	     32517	80006b4c	290e1753	fmax.s	f14,f28,f16	 f28:0x4f7ffffd f16:0x00000040 f14=0x4f7ffffd
     325215.000 ns	     32520	80006b50	210107d3	fsgnj.s	f15,f2,f16	  f2:0xb7b501cc f16:0x00000040 f15=0x37b501cc
     325245.000 ns	     32523	80006b54	c01dcdd3	fcvt.wu.s	x27,f27	 f27:0x00000000 x27=0x00000000
     325265.000 ns	     32525	80006b58	f0a8b813	sltiu	x16,x17,-246	 x17:0x00000000 x16=0x00000001
     325285.000 ns	     32527	80006b5c	03b5efb3	rem	x31,x11,x27	 x11:0x80040fe4 x27:0x00000000 x31=0x80040fe4
     325305.000 ns	     32529	80006b60	001163b3	or	x7,x2,x1	  x2:0x00000000  x1:0x00000001  x7=0x00000001
     325325.000 ns	     32531	80006b64	e0069cd3	fclass.s	x25,f13	 f13:0xcf000410 x25=0x00000002
     325375.000 ns	     32536	80006b68	00241453	fadd.s	f8,f8,f2	  f8:0x80000000  f2:0xb7b501cc  f8=0xb7b501cc
     325405.000 ns	     32539	80006b6c	29940a53	fmin.s	f20,f8,f25	  f8:0x80000000 f25:0x7fc00000 f20=0xb7b501cc
     325425.000 ns	     32541	80006b70	b8a7c713	xori	x14,x15,-1142	 x15:0x80000000 x14=0x7ffffb8a
     325435.000 ns	     32542	80006b74	015ce033	or	x0,x25,x21	 x25:0x00000002 x21:0x54ab7822
     326605.000 ns	     32659	80006b78	580743d3	fsqrt.s	f7,f14	 f14:0x4f7ffffd  f7=0x47350460
     326975.000 ns	     32696	80006b7c	035bfe33	remu	x28,x23,x21	 x23:0x00000000 x21:0x54ab7822 x28=0x00000000
     327005.000 ns	     32699	80006b80	c00bfd53	fcvt.w.s	x26,f23	 f23:0x7fc00000 x26=0x7fffffff
     327045.000 ns	     32703	80006b84	10e241d3	fmul.s	f3,f4,f14	  f4:0xc4e2e000 f14:0x4f7ffffd  f3=0xd4e2dffd
     327065.000 ns	     32705	80006b88	001d9d13	slli	x26,x27,0x1	 x27:0x00000000 x26=0x00000000
     327095.000 ns	     32708	80006b8c	58057ad3	fsqrt.s	f21,f10	 f10:0x80000000 f21=0x80000000
     327115.000 ns	     32710	80006b90	41a55513	srai	x10,x10,0x1a	 x10:0x00000001 x10=0x00000000
     327145.000 ns	     32713	80006b94	119d7cd3	fmul.s	f25,f26,f25	 f26:0x4e000000 f25:0x7fc00000 f25=0x7fc00000
     327175.000 ns	     32716	80006b98	29969ad3	fmax.s	f21,f13,f25	 f13:0xcf000410 f25:0x7fc00000 f21=0xcf000410
     327545.000 ns	     32753	80006b9c	023a4c33	div	x24,x20,x3	 x20:0x03ffffe1  x3:0x0000003f x24=0x00104103
     327575.000 ns	     32756	80006ba0	e00d96d3	fclass.s	x13,f27	 f27:0x00000000 x13=0x00000010
     327605.000 ns	     32759	80006ba4	a0fb0853	fle.s	x16,f22,f15	 f22:0x00000000 f15:0x37b501cc x16=0x00000001
     327625.000 ns	     32761	80006ba8	01675b93	srli	x23,x14,0x16	 x14:0x7ffffb8a x23=0x000001ff
     327985.000 ns	     32797	80006bac	030bdbb3	divu	x23,x23,x16	 x23:0x00000000 x16:0x00000001 x23=0x000001ff
     328005.000 ns	     32799	80006bb0	00250d33	add	x26,x10,x2	 x10:0x00000000  x2:0x00000000 x26=0x00000000
     328015.000 ns	     32800	80006bb4	40e9dd33	sra	x26,x19,x14	 x19:0xfffffd50 x14:0x7ffffb8a x26=0xffffffff
     328025.000 ns	     32801	80006bb8	da3eae13	slti	x28,x29,-605	 x29:0x00000000 x28=0x00000000
     328045.000 ns	     32803	80006bbc	02aae533	rem	x10,x21,x10	 x21:0x54ab7822 x10:0x00000000 x10=0x54ab7822
     328065.000 ns	     32805	80006bc0	419653b3	sra	x7,x12,x25	 x12:0x00000001 x25:0x00000002  x7=0x00000000
     328075.000 ns	     32806	80006bc4	736ee793	ori	x15,x29,1846	 x29:0x00000000 x15=0x00000736
     328085.000 ns	     32807	80006bc8	01021b93	slli	x23,x4,0x10	  x4:0x00000000 x23=0x00000000
     328105.000 ns	     32809	80006bcc	213595d3	fsgnjn.s	f11,f11,f19	 f11:0xcf000410 f19:0x1f3ac36a f11=0xcf000410
     328135.000 ns	     32812	80006bd0	21e78053	fsgnj.s	f0,f15,f30	 f15:0x37b501cc f30:0x00000000  f0=0x37b501cc
     328155.000 ns	     32814	80006bd4	7130eeb7	lui	x29,0x7130e	 x29=0x7130e000
     328175.000 ns	     32816	80006bd8	a04123d3	feq.s	x7,f2,f4	  f2:0xb7b501cc  f4:0xc4e2e000  x7=0x00000000
     328545.000 ns	     32853	80006bdc	0392e133	rem	x2,x5,x25	  x5:0x00000000 x25:0x00000002  x2=0x00000000
     328565.000 ns	     32855	80006be0	4088dd13	srai	x26,x17,0x8	 x17:0x00000000 x26=0x00000000
     328895.000 ns	     32888	80006be4	19f2cc53	fdiv.s	f24,f5,f31	  f5:0xb6000770 f31:0x4e000000 f24=0xa7000770
     328925.000 ns	     32891	80006be8	f00f8753	fmv.w.x	f14,x31	 x31:0x80040fe4 f14=0x80040fe4
     328955.000 ns	     32894	80006bec	207f9cd3	fsgnjn.s	f25,f31,f7	 f31:0x4e000000  f7:0x47350460 f25=0xce000000
     328975.000 ns	     32896	80006bf0	a9f0ac17	auipc	x24,0xa9f0a	 x24=0x29f10bf0
     328985.000 ns	     32897	80006bf4	0122dbb3	srl	x23,x5,x18	  x5:0x00000000 x18:0x00000000 x23=0x00000000
     329005.000 ns	     32899	80006bf8	c0069fd3	fcvt.w.s	x31,f13	 f13:0xcf000410 x31=0x80000000
     329025.000 ns	     32901	80006bfc	115dac93	slti	x25,x27,277	 x27:0x00000000 x25=0x00000001
     329035.000 ns	     32902	80006c00	474aee93	ori	x29,x21,1140	 x21:0x54ab7822 x29=0x54ab7c76
     329045.000 ns	     32903	80006c04	01aa9493	slli	x9,x21,0x1a	 x21:0x54ab7822  x9=0x88000000
     329055.000 ns	     32904	80006c08	d6a93293	sltiu	x5,x18,-662	 x18:0x00000000  x5=0x00000001
     329075.000 ns	     32906	80006c0c	d01dfe53	fcvt.s.wu	f28,x27	 x27:0x00000000 f28=0x00000000
     329105.000 ns	     32909	80006c10	a13f8353	fle.s	x6,f31,f19	 f31:0x4e000000 f19:0x1f3ac36a  x6=0x00000000
     329475.000 ns	     32946	80006c14	0253eeb3	rem	x29,x7,x5	  x7:0x00000000  x5:0x00000001 x29=0x00000000
     329495.000 ns	     32948	80006c18	01a71333	sll	x6,x14,x26	 x14:0x7ffffb8a x26:0x00000000  x6=0x7ffffb8a
     329855.000 ns	     32984	80006c1c	03e368b3	rem	x17,x6,x30	  x6:0x00000000 x30:0x80041024 x17=0x00040bae
     329905.000 ns	     32989	80006c20	0179f453	fadd.s	f8,f19,f23	 f19:0x1f3ac36a f23:0x7fc00000  f8=0x7fc00000
     329945.000 ns	     32993	80006c24	19ff7553	fdiv.s	f10,f30,f31	 f30:0x00000000 f31:0x4e000000 f10=0x00000000
     329975.000 ns	     32996	80006c28	20b7ab53	fsgnjx.s	f22,f15,f11	 f15:0x37b501cc f11:0xcf000410 f22=0xb7b501cc
     330005.000 ns	     32999	80006c2c	a1191153	flt.s	x2,f18,f17	 f18:0x4f7ffffd f17:0x4f7ffffd  x2=0x00000000
     330025.000 ns	     33001	80006c30	4cf86613	ori	x12,x16,1231	 x16:0x00000001 x12=0x000004cf
     330035.000 ns	     33002	80006c34	000e74b3	and	x9,x28,x0	 x28:0x00000000  x0:0x00000000  x9=0x00000000
     330045.000 ns	     33003	80006c38	00000013	addi	x0,x0,0	  x0:0x00000000
     330065.000 ns	     33005	80006c3c	031aa633	mulhsu	x12,x21,x17	 x21:0x54ab7822 x17:0x00040bae x12=0x0001568a
     330095.000 ns	     33008	80006c40	e00918d3	fclass.s	x17,f18	 f18:0x4f7ffffd x17=0x00000040
     330115.000 ns	     33010	80006c44	00c2cfb3	xor	x31,x5,x12	  x5:0x00000001 x12:0x0001568a x31=0x0001568b
     330475.000 ns	     33046	80006c48	03fd5e33	divu	x28,x26,x31	 x26:0x00000000 x31:0x80000000 x28=0x00000000
     330505.000 ns	     33049	80006c4c	f0080e53	fmv.w.x	f28,x16	 x16:0x00000001 f28=0x00000001
     330525.000 ns	     33051	80006c50	013380b3	add	x1,x7,x19	  x7:0x00000000 x19:0xfffffd50  x1=0xfffffd50
     330545.000 ns	     33053	80006c54	027d03b3	mul	x7,x26,x7	 x26:0x00000000  x7:0x00000000  x7=0x00000000
     330565.000 ns	     33055	80006c58	00759913	slli	x18,x11,0x7	 x11:0x80040fe4 x18=0x0207f200
     330575.000 ns	     33056	80006c5c	01af5293	srli	x5,x30,0x1a	 x30:0x80041024  x5=0x00000020
     330585.000 ns	     33057	80006c60	d1c83d13	sltiu	x26,x16,-740	 x16:0x00000001 x26=0x00000001
     330595.000 ns	     33058	80006c64	61577db7	lui	x27,0x61577	 x27=0x61577000
     330615.000 ns	     33060	80006c68	022c7033	remu	x0,x24,x2	 x24:0x29f10bf0  x2:0x00000000
     330645.000 ns	     33063	80006c6c	20e62553	fsgnjx.s	f10,f12,f14	 f12:0x1f3ac36a f14:0x80040fe4 f10=0x9f3ac36a
     330675.000 ns	     33066	80006c70	e0058fd3	fmv.x.w	x31,f11	 f11:0xcf000410 x31=0xcf000410
     331045.000 ns	     33103	80006c74	02e25633	divu	x12,x4,x14	  x4:0x00000000 x14:0x7ffffb8a x12=0x00000000
     331065.000 ns	     33105	80006c78	005aec33	or	x24,x21,x5	 x21:0x54ab7822  x5:0x00000020 x24=0x54ab7822
     331395.000 ns	     33138	80006c7c	195e7bd3	fdiv.s	f23,f28,f21	 f28:0x00000001 f21:0xcf000410 f23=0x80000000
     331425.000 ns	     33141	80006c80	e00d90d3	fclass.s	x1,f27	 f27:0x00000000  x1=0x00000010
     331445.000 ns	     33143	80006c84	40848333	sub	x6,x9,x8	  x9:0x00000000  x8:0x200103f9  x6=0xdffefc07
     331465.000 ns	     33145	80006c88	a198a7d3	feq.s	x15,f17,f25	 f17:0x4f7ffffd f25:0xce000000 x15=0x00000000
     331495.000 ns	     33148	80006c8c	21091fd3	fsgnjn.s	f31,f18,f16	 f18:0x4f7ffffd f16:0x00000040 f31=0xcf7ffffd
     331525.000 ns	     33151	80006c90	c01bb753	fcvt.wu.s	x14,f23	 f23:0x80000000 x14=0x00000000
     331555.000 ns	     33154	80006c94	20078153	fsgnj.s	f2,f15,f0	 f15:0x37b501cc  f0:0x37b501cc  f2=0x37b501cc
     331575.000 ns	     33156	80006c98	00c92a33	slt	x20,x18,x12	 x18:0x0207f200 x12:0x00000000 x20=0x00000000
     331585.000 ns	     33157	80006c9c	016ea0b3	slt	x1,x29,x22	 x29:0x00000000 x22:0x37b501cc  x1=0x00000001
     331615.000 ns	     33160	80006ca0	18cb96d3	fdiv.s	f13,f23,f12	 f23:0x80000000 f12:0x1f3ac36a f13=0x80000000
     331635.000 ns	     33162	80006ca4	0196fbb3	and	x23,x13,x25	 x13:0x00000010 x25:0x00000001 x23=0x00000000
     331645.000 ns	     33163	80006ca8	01df5613	srli	x12,x30,0x1d	 x30:0x80041024 x12=0x00000004
     331665.000 ns	     33165	80006cac	03b53d33	mulhu	x26,x10,x27	 x10:0x54ab7822 x27:0x61577000 x26=0x2031e3d5
     331685.000 ns	     33167	80006cb0	01ec1713	slli	x14,x24,0x1e	 x24:0x54ab7822 x14=0x80000000
     331705.000 ns	     33169	80006cb4	c01498d3	fcvt.wu.s	x17,f9	  f9:0x4ea956f0 x17=0x54ab7800
     331725.000 ns	     33171	80006cb8	006f9693	slli	x13,x31,0x6	 x31:0xcf000410 x13=0xc0010400
     331745.000 ns	     33173	80006cbc	21e108d3	fsgnj.s	f17,f2,f30	  f2:0x37b501cc f30:0x00000000 f17=0x37b501cc
     331775.000 ns	     33176	80006cc0	029e6133	rem	x2,x28,x9	 x28:0x00000000  x9:0x00000000  x2=0x00000000
     331795.000 ns	     33178	80006cc4	01d76233	or	x4,x14,x29	 x14:0x80000000 x29:0x00000000  x4=0x80000000
     331815.000 ns	     33180	80006cc8	21a21253	fsgnjn.s	f4,f4,f26	  f4:0xc4e2e000 f26:0x4e000000  f4=0xc4e2e000
     331845.000 ns	     33183	80006ccc	c01bf2d3	fcvt.wu.s	x5,f23	 f23:0x80000000  x5=0x00000000
     331875.000 ns	     33186	80006cd0	20c41e53	fsgnjn.s	f28,f8,f12	  f8:0x7fc00000 f12:0x1f3ac36a f28=0xffc00000
     331925.000 ns	     33191	80006cd4	0071fcd3	fadd.s	f25,f3,f7	  f3:0xd4e2dffd  f7:0x47350460 f25=0xd4e2dffc
     331945.000 ns	     33193	80006cd8	00ac42b3	xor	x5,x24,x10	 x24:0x54ab7822 x10:0x54ab7822  x5=0x00000000
     331955.000 ns	     33194	80006cdc	4063d1b3	sra	x3,x7,x6	  x7:0x00000000  x6:0xdffefc07  x3=0x00000000
     331975.000 ns	     33196	80006ce0	e0031153	fclass.s	x2,f6	  f6:0x00000000  x2=0x00000010
     332005.000 ns	     33199	80006ce4	28b784d3	fmin.s	f9,f15,f11	 f15:0x37b501cc f11:0xcf000410  f9=0xcf000410
     332025.000 ns	     33201	80006ce8	01c106b3	add	x13,x2,x28	  x2:0x00000010 x28:0x00000000 x13=0x00000010
     332045.000 ns	     33203	80006cec	a0b726d3	feq.s	x13,f14,f11	 f14:0x80040fe4 f11:0xcf000410 x13=0x00000000
     332065.000 ns	     33205	80006cf0	b56e2393	slti	x7,x28,-1194	 x28:0x00000000  x7=0x00000000
     332075.000 ns	     33206	80006cf4	adaa5b17	auipc	x22,0xadaa5	 x22=0x2daabcf4
     332095.000 ns	     33208	80006cf8	a0a51953	flt.s	x18,f10,f10	 f10:0x9f3ac36a f10:0x9f3ac36a x18=0x00000000
     332125.000 ns	     33211	80006cfc	204da053	fsgnjx.s	f0,f27,f4	 f27:0x00000000  f4:0xc4e2e000  f0=0x80000000
     332155.000 ns	     33214	80006d00	e0088853	fmv.x.w	x16,f17	 f17:0x37b501cc x16=0x37b501cc
     332175.000 ns	     33216	80006d04	243a3113	sltiu	x2,x20,579	 x20:0x00000000  x2=0x00000001
     332195.000 ns	     33218	80006d08	2141a653	fsgnjx.s	f12,f3,f20	  f3:0xd4e2dffd f20:0xb7b501cc f12=0x54e2dffd
     332215.000 ns	     33220	80006d0c	00969693	slli	x13,x13,0x9	 x13:0x00000000 x13=0x00000000
     333385.000 ns	     33337	80006d10	5809f253	fsqrt.s	f4,f19	 f19:0x1f3ac36a  f4=0x2f040fb2
     333425.000 ns	     33341	80006d14	10d87a53	fmul.s	f20,f16,f13	 f16:0x00000040 f13:0x80000000 f20=0x80000000
     333445.000 ns	     33343	80006d18	2da82693	slti	x13,x16,730	 x16:0x37b501cc x13=0x00000000
     333465.000 ns	     33345	80006d1c	20090f53	fsgnj.s	f30,f18,f0	 f18:0x4f7ffffd  f0:0x80000000 f30=0xcf7ffffd
     333505.000 ns	     33349	80006d20	1075c353	fmul.s	f6,f11,f7	 f11:0xcf000410  f7:0x47350460  f6=0xd6b50a1e
     333555.000 ns	     33354	80006d24	018e7653	fadd.s	f12,f28,f24	 f28:0xffc00000 f24:0xa7000770 f12=0x7fc00000
     333585.000 ns	     33357	80006d28	28450053	fmin.s	f0,f10,f4	 f10:0x9f3ac36a  f4:0x2f040fb2  f0=0x9f3ac36a
     333615.000 ns	     33360	80006d2c	a0808753	fle.s	x14,f1,f8	  f1:0xcefff7e0  f8:0x7fc00000 x14=0x00000000
     333985.000 ns	     33397	80006d30	03367cb3	remu	x25,x12,x19	 x12:0x00000004 x19:0xfffffd50 x25=0x00000004
     334015.000 ns	     33400	80006d34	d013f2d3	fcvt.s.wu	f5,x7	  x7:0x00000000  f5=0x00000000
     334035.000 ns	     33402	80006d38	ae58ce37	lui	x28,0xae58c	 x28=0xae58c000
     334055.000 ns	     33404	80006d3c	28f70c53	fmin.s	f24,f14,f15	 f14:0x80040fe4 f15:0x37b501cc f24=0x80040fe4
     334075.000 ns	     33406	80006d40	405354b3	sra	x9,x6,x5	  x6:0xdffefc07  x5:0x00000000  x9=0xdffefc07
     334085.000 ns	     33407	80006d44	01a39313	slli	x6,x7,0x1a	  x7:0x00000000  x6=0x00000000
     334105.000 ns	     33409	80006d48	037a8c33	mul	x24,x21,x23	 x21:0x54ab7822 x23:0x00000000 x24=0x00000000
     334155.000 ns	     33414	80006d4c	010a71d3	fadd.s	f3,f20,f16	 f20:0x80000000 f16:0x00000040  f3=0x00000040
     334175.000 ns	     33416	80006d50	585fbc93	sltiu	x25,x31,1413	 x31:0xcf000410 x25=0x00000000
     334195.000 ns	     33418	80006d54	d01f72d3	fcvt.s.wu	f5,x30	 x30:0x80041024  f5=0x4f000410
     334225.000 ns	     33421	80006d58	0259c6b3	div	x13,x19,x5	 x19:0xfffffd50  x5:0x00000000 x13=0xffffffff
     334245.000 ns	     33423	80006d5c	004c5893	srli	x17,x24,0x4	 x24:0x00000000 x17=0x00000000
     334255.000 ns	     33424	80006d60	40e90fb3	sub	x31,x18,x14	 x18:0x00000000 x14:0x00000000 x31=0x00000000
     334275.000 ns	     33426	80006d64	02fdeb33	rem	x22,x27,x15	 x27:0x61577000 x15:0x00000000 x22=0x61577000
     334305.000 ns	     33429	80006d68	20ca0e53	fsgnj.s	f28,f20,f12	 f20:0x80000000 f12:0x7fc00000 f28=0x00000000
     334335.000 ns	     33432	80006d6c	a0091153	flt.s	x2,f18,f0	 f18:0x4f7ffffd  f0:0x9f3ac36a  x2=0x00000000
     334375.000 ns	     33436	80006d70	185bcbd3	fdiv.s	f23,f23,f5	 f23:0x80000000  f5:0x4f000410 f23=0x80000000
     334405.000 ns	     33439	80006d74	21b5a753	fsgnjx.s	f14,f11,f27	 f11:0xcf000410 f27:0x00000000 f14=0xcf000410
     334775.000 ns	     33476	80006d78	02d9fb33	remu	x22,x19,x13	 x19:0xfffffd50 x13:0xffffffff x22=0xfffffd50
     334795.000 ns	     33478	80006d7c	b7432b13	slti	x22,x6,-1164	  x6:0x00000000 x22=0x00000000
     334805.000 ns	     33479	80006d80	41a0dd13	srai	x26,x1,0x1a	  x1:0x00000001 x26=0x00000000
     334815.000 ns	     33480	80006d84	66d26b93	ori	x23,x4,1645	  x4:0x80000000 x23=0x8000066d
     334835.000 ns	     33482	80006d88	0208e8b3	rem	x17,x17,x0	 x17:0x00000000  x0:0x00000000 x17=0x00000000
     334855.000 ns	     33484	80006d8c	0075fe33	and	x28,x11,x7	 x11:0x80040fe4  x7:0x00000000 x28=0x00000000
     334875.000 ns	     33486	80006d90	02592333	mulhsu	x6,x18,x5	 x18:0x00000000  x5:0x00000000  x6=0x00000000
     334925.000 ns	     33491	80006d94	08e67053	fsub.s	f0,f12,f14	 f12:0x7fc00000 f14:0xcf000410  f0=0x7fc00000
     334955.000 ns	     33494	80006d98	28d211d3	fmax.s	f3,f4,f13	  f4:0x2f040fb2 f13:0x80000000  f3=0x2f040fb2
     334975.000 ns	     33496	80006d9c	015933b3	sltu	x7,x18,x21	 x18:0x00000000 x21:0x54ab7822  x7=0x00000001
     334985.000 ns	     33497	80006da0	fbb9ee13	ori	x28,x19,-69	 x19:0xfffffd50 x28=0xfffffffb
     335005.000 ns	     33499	80006da4	21258fd3	fsgnj.s	f31,f11,f18	 f11:0xcf000410 f18:0x4f7ffffd f31=0x4f000410
     335035.000 ns	     33502	80006da8	02013b33	mulhu	x22,x2,x0	  x2:0x00000000  x0:0x00000000 x22=0x00000000
     335055.000 ns	     33504	80006dac	00d9b233	sltu	x4,x19,x13	 x19:0xfffffd50 x13:0xffffffff  x4=0x00000001
     335065.000 ns	     33505	80006db0	0c76e817	auipc	x16,0xc76e	 x16=0x8c774db0
     335075.000 ns	     33506	80006db4	0064d993	srli	x19,x9,0x6	  x9:0xdffefc07 x19=0x037ffbf0
     335095.000 ns	     33508	80006db8	03f66733	rem	x14,x12,x31	 x12:0x00000004 x31:0x00000000 x14=0x00000004
     335125.000 ns	     33511	80006dbc	d011ce53	fcvt.s.wu	f28,x3	  x3:0x00000000 f28=0x00000000
     335155.000 ns	     33514	80006dc0	0227f333	remu	x6,x15,x2	 x15:0x00000000  x2:0x00000000  x6=0x00000000
     335175.000 ns	     33516	80006dc4	a6eca213	slti	x4,x25,-1426	 x25:0x00000000  x4=0x00000000
     335195.000 ns	     33518	80006dc8	21dba053	fsgnjx.s	f0,f23,f29	 f23:0x80000000 f29:0x00000000  f0=0x80000000
     335225.000 ns	     33521	80006dcc	021f98b3	mulh	x17,x31,x1	 x31:0x00000000  x1:0x00000001 x17=0x00000000
     335245.000 ns	     33523	80006dd0	c997bd17	auipc	x26,0xc997b	 x26=0x49981dd0
     335255.000 ns	     33524	80006dd4	01527533	and	x10,x4,x21	  x4:0x00000000 x21:0x54ab7822 x10=0x00000000
     335275.000 ns	     33526	80006dd8	a0ad1e53	flt.s	x28,f26,f10	 f26:0x4e000000 f10:0x9f3ac36a x28=0x00000000
     335295.000 ns	     33528	80006ddc	00000013	addi	x0,x0,0	  x0:0x00000000
     335325.000 ns	     33531	80006de0	10217dd3	fmul.s	f27,f2,f2	  f2:0x37b501cc  f2:0x37b501cc f27=0x2ffff714
     335355.000 ns	     33534	80006de4	02861633	mulh	x12,x12,x8	 x12:0x00000004  x8:0x200103f9 x12=0x00000000
     335385.000 ns	     33537	80006de8	c00b99d3	fcvt.w.s	x19,f23	 f23:0x80000000 x19=0x00000000
     335415.000 ns	     33540	80006dec	d010fc53	fcvt.s.wu	f24,x1	  x1:0x00000001 f24=0x3f800000
     335435.000 ns	     33542	80006df0	00729333	sll	x6,x5,x7	  x5:0x00000000  x7:0x00000001  x6=0x00000000
     335445.000 ns	     33543	80006df4	01c55213	srli	x4,x10,0x1c	 x10:0x00000000  x4=0x00000000
     335465.000 ns	     33545	80006df8	e0070ed3	fmv.x.w	x29,f14	 f14:0xcf000410 x29=0xcf000410
     335495.000 ns	     33548	80006dfc	c01faed3	fcvt.wu.s	x29,f31	 f31:0x4f000410 x29=0x80041000
     335525.000 ns	     33551	80006e00	c0090653	fcvt.w.s	x12,f18	 f18:0x4f7ffffd x12=0x7fffffff
     335545.000 ns	     33553	80006e04	01481c13	slli	x24,x16,0x14	 x16:0x8c774db0 x24=0xdb000000
     335565.000 ns	     33555	80006e08	20f8ab53	fsgnjx.s	f22,f17,f15	 f17:0x37b501cc f15:0x37b501cc f22=0x37b501cc
     335585.000 ns	     33557	80006e0c	8204c093	xori	x1,x9,-2016	  x9:0xdffefc07  x1=0x20010427
     335605.000 ns	     33559	80006e10	c011f253	fcvt.wu.s	x4,f3	  f3:0x2f040fb2  x4=0x00000000
     335635.000 ns	     33562	80006e14	e00f9953	fclass.s	x18,f31	 f31:0x4f000410 x18=0x00000040
     335665.000 ns	     33565	80006e18	c006ffd3	fcvt.w.s	x31,f13	 f13:0x80000000 x31=0x00000000
     335685.000 ns	     33567	80006e1c	0140bdb3	sltu	x27,x1,x20	  x1:0x20010427 x20:0x00000000 x27=0x00000000
     335715.000 ns	     33570	80006e20	11f89dd3	fmul.s	f27,f17,f31	 f17:0x37b501cc f31:0x4f000410 f27=0x4735078a
     335735.000 ns	     33572	80006e24	40ca5913	srai	x18,x20,0xc	 x20:0x00000000 x18=0x00000000
     335745.000 ns	     33573	80006e28	00f767b3	or	x15,x14,x15	 x14:0x00000004 x15:0x00000000 x15=0x00000004
     335765.000 ns	     33575	80006e2c	a0c92753	feq.s	x14,f18,f12	 f18:0x4f7ffffd f12:0x7fc00000 x14=0x00000000
     335795.000 ns	     33578	80006e30	200f9d53	fsgnjn.s	f26,f31,f0	 f31:0x4f000410  f0:0x80000000 f26=0x4f000410
     335825.000 ns	     33581	80006e34	c012fd53	fcvt.wu.s	x26,f5	  f5:0x4f000410 x26=0x80041000
     335855.000 ns	     33584	80006e38	28100ad3	fmin.s	f21,f0,f1	  f0:0x80000000  f1:0xcefff7e0 f21=0xcefff7e0
     335875.000 ns	     33586	80006e3c	004bf6b3	and	x13,x23,x4	 x23:0x8000066d  x4:0x00000000 x13=0x00000000
     335895.000 ns	     33588	80006e40	d01b7ad3	fcvt.s.wu	f21,x22	 x22:0x00000000 f21=0x00000000
     335925.000 ns	     33591	80006e44	02c29633	mulh	x12,x5,x12	  x5:0x00000000 x12:0x7fffffff x12=0x00000000
     335945.000 ns	     33593	80006e48	407a8fb3	sub	x31,x21,x7	 x21:0x54ab7822  x7:0x00000001 x31=0x54ab7821
     335975.000 ns	     33596	80006e4c	119cb0d3	fmul.s	f1,f25,f25	 f25:0xd4e2dffc f25:0xd4e2dffc  f1=0x6a49103d
     335995.000 ns	     33598	80006e50	f588b493	sltiu	x9,x17,-168	 x17:0x00000000  x9=0x00000001
     336015.000 ns	     33600	80006e54	f00a8fd3	fmv.w.x	f31,x21	 x21:0x54ab7822 f31=0x54ab7822
     336035.000 ns	     33602	80006e58	0136b0b3	sltu	x1,x13,x19	 x13:0x00000000 x19:0x00000000  x1=0x00000000
     336045.000 ns	     33603	80006e5c	01b537b3	sltu	x15,x10,x27	 x10:0x00000000 x27:0x00000000 x15=0x00000000
     336055.000 ns	     33604	80006e60	be4e6393	ori	x7,x28,-1052	 x28:0x00000000  x7=0xfffffbe4
     336075.000 ns	     33606	80006e64	f00083d3	fmv.w.x	f7,x1	  x1:0x00000000  f7=0x00000000
     336095.000 ns	     33608	80006e68	00625db3	srl	x27,x4,x6	  x4:0x00000000  x6:0x00000000 x27=0x00000000
     336115.000 ns	     33610	80006e6c	a18d8753	fle.s	x14,f27,f24	 f27:0x4735078a f24:0x3f800000 x14=0x00000000
     336145.000 ns	     33613	80006e70	034146b3	div	x13,x2,x20	  x2:0x00000000 x20:0x00000000 x13=0xffffffff
     336165.000 ns	     33615	80006e74	00164db3	xor	x27,x12,x1	 x12:0x00000000  x1:0x00000000 x27=0x00000000
     336175.000 ns	     33616	80006e78	6f5c8513	addi	x10,x25,1781	 x25:0x00000000 x10=0x000006f5
     336195.000 ns	     33618	80006e7c	035e02b3	mul	x5,x28,x21	 x28:0x00000000 x21:0x54ab7822  x5=0x00000000
     336215.000 ns	     33620	80006e80	5269ae93	slti	x29,x19,1318	 x19:0x00000000 x29=0x00000001
     336235.000 ns	     33622	80006e84	f00388d3	fmv.w.x	f17,x7	  x7:0xfffffbe4 f17=0xfffffbe4
     336255.000 ns	     33624	80006e88	a5216e13	ori	x28,x2,-1454	  x2:0x00000000 x28=0xfffffa52
     336295.000 ns	     33628	80006e8c	00803b53	fadd.s	f22,f0,f8	  f0:0x80000000  f8:0x7fc00000 f22=0x7fc00000
     336345.000 ns	     33633	80006e90	080e7cd3	fsub.s	f25,f28,f0	 f28:0x00000000  f0:0x80000000 f25=0x00000000
     336375.000 ns	     33636	80006e94	e00286d3	fmv.x.w	x13,f5	  f5:0x4f000410 x13=0x4f000410
     336405.000 ns	     33639	80006e98	29f114d3	fmax.s	f9,f2,f31	  f2:0x37b501cc f31:0x54ab7822  f9=0x54ab7822
     336455.000 ns	     33644	80006e9c	095afb53	fsub.s	f22,f21,f21	 f21:0x00000000 f21:0x00000000 f22=0x80000000
     336825.000 ns	     33681	80006ea0	0281c1b3	div	x3,x3,x8	  x3:0x00000000  x8:0x200103f9  x3=0x00000000
     336855.000 ns	     33684	80006ea4	039f54b3	divu	x9,x30,x25	 x30:0x80041024 x25:0x00000000  x9=0xffffffff
     336875.000 ns	     33686	80006ea8	9e884793	xori	x15,x16,-1560	 x16:0x8c774db0 x15=0x7388b458
     336895.000 ns	     33688	80006eac	e00c1ed3	fclass.s	x29,f24	 f24:0x3f800000 x29=0x00000040
     336925.000 ns	     33691	80006eb0	c012f253	fcvt.wu.s	x4,f5	  f5:0x4f000410  x4=0x80041000
     336955.000 ns	     33694	80006eb4	d00a7d53	fcvt.s.w	f26,x20	 x20:0x00000000 f26=0x00000000
     336985.000 ns	     33697	80006eb8	c0142fd3	fcvt.wu.s	x31,f8	  f8:0x7fc00000 x31=0xffffffff
     337005.000 ns	     33699	80006ebc	019b26b3	slt	x13,x22,x25	 x22:0x00000000 x25:0x00000000 x13=0x00000000
     337025.000 ns	     33701	80006ec0	03508eb3	mul	x29,x1,x21	  x1:0x00000000 x21:0x54ab7822 x29=0x00000000
     337045.000 ns	     33703	80006ec4	c93be893	ori	x17,x23,-877	 x23:0x8000066d x17=0xfffffeff
     337055.000 ns	     33704	80006ec8	419adb33	sra	x22,x21,x25	 x21:0x54ab7822 x25:0x00000000 x22=0x54ab7822
     337075.000 ns	     33706	80006ecc	03915eb3	divu	x29,x2,x25	  x2:0x00000000 x25:0x00000000 x29=0xffffffff
     337105.000 ns	     33709	80006ed0	20e023d3	fsgnjx.s	f7,f0,f14	  f0:0x80000000 f14:0xcf000410  f7=0x00000000
     337155.000 ns	     33714	80006ed4	08d97a53	fsub.s	f20,f18,f13	 f18:0x4f7ffffd f13:0x80000000 f20=0x4f7ffffd
     337185.000 ns	     33717	80006ed8	20030ed3	fsgnj.s	f29,f6,f0	  f6:0xd6b50a1e  f0:0x80000000 f29=0xd6b50a1e
     337205.000 ns	     33719	80006edc	41cc5db3	sra	x27,x24,x28	 x24:0xdb000000 x28:0xfffffa52 x27=0xfffff6c0
     337225.000 ns	     33721	80006ee0	c01e90d3	fcvt.wu.s	x1,f29	 f29:0xd6b50a1e  x1=0x00000000
     337255.000 ns	     33724	80006ee4	e0080953	fmv.x.w	x18,f16	 f16:0x00000040 x18=0x00000040
     337285.000 ns	     33727	80006ee8	d01eaf53	fcvt.s.wu	f30,x29	 x29:0xffffffff f30=0x4f800000
     337655.000 ns	     33764	80006eec	0304d1b3	divu	x3,x9,x16	  x9:0xffffffff x16:0x8c774db0  x3=0x00000001
     337675.000 ns	     33766	80006ef0	e6123713	sltiu	x14,x4,-415	  x4:0x80041000 x14=0x00000001
     337695.000 ns	     33768	80006ef4	d010f2d3	fcvt.s.wu	f5,x1	  x1:0x00000000  f5=0x00000000
     338065.000 ns	     33805	80006ef8	02b9e033	rem	x0,x19,x11	 x19:0x00000000 x11:0x80040fe4
     338095.000 ns	     33808	80006efc	28fe99d3	fmax.s	f19,f29,f15	 f29:0xd6b50a1e f15:0x37b501cc f19=0x37b501cc
     338135.000 ns	     33812	80006f00	116a8bd3	fmul.s	f23,f21,f22	 f21:0x00000000 f22:0x80000000 f23=0x80000000
     338175.000 ns	     33816	80006f04	184d20d3	fdiv.s	f1,f26,f4	 f26:0x00000000  f4:0x2f040fb2  f1=0x00000000
     338545.000 ns	     33853	80006f08	03626633	rem	x12,x4,x22	  x4:0x80041000 x22:0x54ab7822 x12=0xd4af8822
     338565.000 ns	     33855	80006f0c	7b4eeb93	ori	x23,x29,1972	 x29:0xffffffff x23=0xffffffff
     338575.000 ns	     33856	80006f10	00fb2633	slt	x12,x22,x15	 x22:0x54ab7822 x15:0x7388b458 x12=0x00000001
     338595.000 ns	     33858	80006f14	03260fb3	mul	x31,x12,x18	 x12:0xd4af8822 x18:0x00000040 x31=0x00000040
     338625.000 ns	     33861	80006f18	028f3c33	mulhu	x24,x30,x8	 x30:0x80041024  x8:0x200103f9 x24=0x10010405
     338655.000 ns	     33864	80006f1c	209c0853	fsgnj.s	f16,f24,f9	 f24:0x3f800000  f9:0x54ab7822 f16=0x3f800000
     338675.000 ns	     33866	80006f20	6a40b997	auipc	x19,0x6a40b	 x19=0xea411f20
     338685.000 ns	     33867	80006f24	4099db93	srai	x23,x19,0x9	 x19:0x00000000 x23=0xfff5208f
     338705.000 ns	     33869	80006f28	21cb28d3	fsgnjx.s	f17,f22,f28	 f22:0x80000000 f28:0x00000000 f17=0x80000000
     338735.000 ns	     33872	80006f2c	03f6b033	mulhu	x0,x13,x31	 x13:0x00000000 x31:0x00000040
     338755.000 ns	     33874	80006f30	00e5d433	srl	x8,x11,x14	 x11:0x80040fe4 x14:0x00000001  x8=0x400207f2
     338765.000 ns	     33875	80006f34	02d07813	andi	x16,x0,45	  x0:0x00000000 x16=0x00000000
     338775.000 ns	     33876	80006f38	33108693	addi	x13,x1,817	  x1:0x00000000 x13=0x00000331
     338795.000 ns	     33878	80006f3c	03c828b3	mulhsu	x17,x16,x28	 x16:0x8c774db0 x28:0xfffffa52 x17=0x00000000
     339165.000 ns	     33915	80006f40	02c973b3	remu	x7,x18,x12	 x18:0x00000040 x12:0x00000001  x7=0x00000000
     339185.000 ns	     33917	80006f44	741cde37	lui	x28,0x741cd	 x28=0x741cd000
     339195.000 ns	     33918	80006f48	00761913	slli	x18,x12,0x7	 x12:0x00000001 x18=0x00000080
     339205.000 ns	     33919	80006f4c	01793e33	sltu	x28,x18,x23	 x18:0x00000040 x23:0xfff5208f x28=0x00000001
     339565.000 ns	     33955	80006f50	02b35eb3	divu	x29,x6,x11	  x6:0x00000000 x11:0x80040fe4 x29=0x00000000
     339595.000 ns	     33958	80006f54	a1fe8e53	fle.s	x28,f29,f31	 f29:0xd6b50a1e f31:0x54ab7822 x28=0x00000001
     339615.000 ns	     33960	80006f58	0144d513	srli	x10,x9,0x14	  x9:0xffffffff x10=0x00000fff
     339975.000 ns	     33996	80006f5c	02a67bb3	remu	x23,x12,x10	 x12:0x00000001 x10:0x000006f5 x23=0x00000001
     339995.000 ns	     33998	80006f60	3a236997	auipc	x19,0x3a236	 x19=0xba23cf60
     340005.000 ns	     33999	80006f64	072abe17	auipc	x28,0x72ab	 x28=0x872b1f64
     340015.000 ns	     34000	80006f68	50d8aa13	slti	x20,x17,1293	 x17:0x00000000 x20=0x00000001
     340035.000 ns	     34002	80006f6c	c0110753	fcvt.wu.s	x14,f2	  f2:0x37b501cc x14=0x00000000
     340065.000 ns	     34005	80006f70	c00db153	fcvt.w.s	x2,f27	 f27:0x4735078a  x2=0x0000b508
     340085.000 ns	     34007	80006f74	01a83633	sltu	x12,x16,x26	 x16:0x00000000 x26:0x80041000 x12=0x00000001
     340095.000 ns	     34008	80006f78	cf813d93	sltiu	x27,x2,-776	  x2:0x0000b508 x27=0x00000001
     340115.000 ns	     34010	80006f7c	e0099453	fclass.s	x8,f19	 f19:0x37b501cc  x8=0x00000040
     340145.000 ns	     34013	80006f80	c00671d3	fcvt.w.s	x3,f12	 f12:0x7fc00000  x3=0x7fffffff
     340165.000 ns	     34015	80006f84	1655c093	xori	x1,x11,357	 x11:0x80040fe4  x1=0x80040e81
     340175.000 ns	     34016	80006f88	00d6b733	sltu	x14,x13,x13	 x13:0x00000331 x13:0x00000331 x14=0x00000000
     340195.000 ns	     34018	80006f8c	c01df253	fcvt.wu.s	x4,f27	 f27:0x4735078a  x4=0x0000b507
     340225.000 ns	     34021	80006f90	a0cc94d3	flt.s	x9,f25,f12	 f25:0x00000000 f12:0x7fc00000  x9=0x00000000
     340245.000 ns	     34023	80006f94	412f5eb3	sra	x29,x30,x18	 x30:0x80041024 x18:0x00000080 x29=0x80041024
     340265.000 ns	     34025	80006f98	029103b3	mul	x7,x2,x9	  x2:0x0000b508  x9:0x00000000  x7=0x00000000
     340295.000 ns	     34028	80006f9c	d0023f53	fcvt.s.w	f30,x4	  x4:0x0000b507 f30=0x47350700
     340315.000 ns	     34030	80006fa0	0187cb33	xor	x22,x15,x24	 x15:0x7388b458 x24:0x10010405 x22=0x6389b05d
     340335.000 ns	     34032	80006fa4	027ad1b3	divu	x3,x21,x7	 x21:0x54ab7822  x7:0x00000000  x3=0xffffffff
     340705.000 ns	     34069	80006fa8	0223e833	rem	x16,x7,x2	  x7:0x00000000  x2:0x0000b508 x16=0x00000000
     340735.000 ns	     34072	80006fac	28d30f53	fmin.s	f30,f6,f13	  f6:0xd6b50a1e f13:0x80000000 f30=0xd6b50a1e
     340765.000 ns	     34075	80006fb0	a0439d53	flt.s	x26,f7,f4	  f7:0x00000000  f4:0x2f040fb2 x26=0x00000001
     340785.000 ns	     34077	80006fb4	0050b8b3	sltu	x17,x1,x5	  x1:0x80040e81  x5:0x00000000 x17=0x00000000
     340795.000 ns	     34078	80006fb8	77fd3c93	sltiu	x25,x26,1919	 x26:0x00000001 x25=0x00000001
     340805.000 ns	     34079	80006fbc	00e35613	srli	x12,x6,0xe	  x6:0x00000000 x12=0x00000000
     340815.000 ns	     34080	80006fc0	9961e417	auipc	x8,0x9961e	  x8=0x19624fc0
     340835.000 ns	     34082	80006fc4	e0069e53	fclass.s	x28,f13	 f13:0x80000000 x28=0x00000008
     340855.000 ns	     34084	80006fc8	005b0933	add	x18,x22,x5	 x22:0x6389b05d  x5:0x00000000 x18=0x6389b05d
     340875.000 ns	     34086	80006fcc	296214d3	fmax.s	f9,f4,f22	  f4:0x2f040fb2 f22:0x80000000  f9=0x2f040fb2
     340905.000 ns	     34089	80006fd0	29cc9d53	fmax.s	f26,f25,f28	 f25:0x00000000 f28:0x00000000 f26=0x00000000
     340925.000 ns	     34091	80006fd4	b59a3413	sltiu	x8,x20,-1191	 x20:0x00000001  x8=0x00000001
     340945.000 ns	     34093	80006fd8	a11f8453	fle.s	x8,f31,f17	 f31:0x54ab7822 f17:0x80000000  x8=0x00000000
     340975.000 ns	     34096	80006fdc	a04592d3	flt.s	x5,f11,f4	 f11:0xcf000410  f4:0x2f040fb2  x5=0x00000001
     340995.000 ns	     34098	80006fe0	00600733	add	x14,x0,x6	  x0:0x00000000  x6:0x00000000 x14=0x00000000
     341005.000 ns	     34099	80006fe4	7c6602b7	lui	x5,0x7c660	  x5=0x7c660000
     341015.000 ns	     34100	80006fe8	00000013	addi	x0,x0,0	  x0:0x00000000
     341035.000 ns	     34102	80006fec	03182e33	mulhsu	x28,x16,x17	 x16:0x00000000 x17:0x00000000 x28=0x00000000
     341065.000 ns	     34105	80006ff0	e00d1cd3	fclass.s	x25,f26	 f26:0x00000000 x25=0x00000010
     341085.000 ns	     34107	80006ff4	39c36e13	ori	x28,x6,924	  x6:0x00000000 x28=0x0000039c
     341105.000 ns	     34109	80006ff8	0269fcb3	remu	x25,x19,x6	 x19:0xba23cf60  x6:0x00000000 x25=0xba23cf60
     341135.000 ns	     34112	80006ffc	e0051253	fclass.s	x4,f10	 f10:0x9f3ac36a  x4=0x00000002
     341155.000 ns	     34114	80007000	472ae897	auipc	x17,0x472ae	 x17=0xc72b5000
     341165.000 ns	     34115	80007004	012f8cb3	add	x25,x31,x18	 x31:0x00000040 x18:0x6389b05d x25=0x6389b09d
     341185.000 ns	     34117	80007008	03e82db3	mulhsu	x27,x16,x30	 x16:0x00000000 x30:0x80041024 x27=0x00000000
     341555.000 ns	     34154	8000700c	024957b3	divu	x15,x18,x4	 x18:0x6389b05d  x4:0x00000002 x15=0x31c4d82e
     341575.000 ns	     34156	80007010	e8065937	lui	x18,0xe8065	 x18=0xe8065000
     341585.000 ns	     34157	80007014	418a8e33	sub	x28,x21,x24	 x21:0x54ab7822 x24:0x10010405 x28=0x44aa741d
     341605.000 ns	     34159	80007018	28c48853	fmin.s	f16,f9,f12	  f9:0x2f040fb2 f12:0x7fc00000 f16=0x2f040fb2
     341635.000 ns	     34162	8000701c	c0108d53	fcvt.wu.s	x26,f1	  f1:0x00000000 x26=0x00000000
     341665.000 ns	     34165	80007020	286294d3	fmax.s	f9,f5,f6	  f5:0x00000000  f6:0xd6b50a1e  f9=0x00000000
     341695.000 ns	     34168	80007024	e00816d3	fclass.s	x13,f16	 f16:0x2f040fb2 x13=0x00000040
     341715.000 ns	     34170	80007028	249d6993	ori	x19,x26,585	 x26:0x00000000 x19=0x00000249
     341735.000 ns	     34172	8000702c	d0187453	fcvt.s.wu	f8,x16	 x16:0x00000000  f8=0x00000000
     341755.000 ns	     34174	80007030	41d408b3	sub	x17,x8,x29	  x8:0x00000000 x29:0x80041024 x17=0x7ffbefdc
     341765.000 ns	     34175	80007034	a174a513	slti	x10,x9,-1513	  x9:0x00000000 x10=0x00000000
     341775.000 ns	     34176	80007038	95ac7a13	andi	x20,x24,-1702	 x24:0x10010405 x20=0x10010000
     342135.000 ns	     34212	8000703c	02bd7733	remu	x14,x26,x11	 x26:0x00000000 x11:0x80040fe4 x14=0x00000000
     342505.000 ns	     34249	80007040	039b5e33	divu	x28,x22,x25	 x22:0x6389b05d x25:0x6389b09d x28=0x00000000
     342535.000 ns	     34252	80007044	21c187d3	fsgnj.s	f15,f3,f28	  f3:0x2f040fb2 f28:0x00000000 f15=0x2f040fb2
     342575.000 ns	     34256	80007048	580f48d3	fsqrt.s	f17,f30	 f30:0xd6b50a1e f17=0x7fc00000
     342595.000 ns	     34258	8000704c	018e38b3	sltu	x17,x28,x24	 x28:0x00000000 x24:0x10010405 x17=0x00000001
     342605.000 ns	     34259	80007050	00be4eb3	xor	x29,x28,x11	 x28:0x00000000 x11:0x80040fe4 x29=0x80040fe4
     342615.000 ns	     34260	80007054	5bbbc913	xori	x18,x23,1467	 x23:0x00000001 x18=0x000005ba
     342975.000 ns	     34296	80007058	02d6f433	remu	x8,x13,x13	 x13:0x00000040 x13:0x00000040  x8=0x00000000
     342995.000 ns	     34298	8000705c	41900e33	sub	x28,x0,x25	  x0:0x00000000 x25:0x6389b09d x28=0x9c764f63
     343005.000 ns	     34299	80007060	00fd9713	slli	x14,x27,0xf	 x27:0x00000000 x14=0x00000000
     343035.000 ns	     34302	80007064	1897afd3	fdiv.s	f31,f15,f9	 f15:0x2f040fb2  f9:0x00000000 f31=0x7f800000
     343065.000 ns	     34305	80007068	21739253	fsgnjn.s	f4,f7,f23	  f7:0x00000000 f23:0x80000000  f4=0x00000000
     343085.000 ns	     34307	8000706c	670daa13	slti	x20,x27,1648	 x27:0x00000000 x20=0x00000001
     343095.000 ns	     34308	80007070	0037e933	or	x18,x15,x3	 x15:0x31c4d82e  x3:0xffffffff x18=0xffffffff
     343115.000 ns	     34310	80007074	286089d3	fmin.s	f19,f1,f6	  f1:0x00000000  f6:0xd6b50a1e f19=0xd6b50a1e
     343145.000 ns	     34313	80007078	e00382d3	fmv.x.w	x5,f7	  f7:0x00000000  x5=0x00000000
     343175.000 ns	     34316	8000707c	a105aa53	feq.s	x20,f11,f16	 f11:0xcf000410 f16:0x2f040fb2 x20=0x00000000
     343195.000 ns	     34318	80007080	009d1693	slli	x13,x26,0x9	 x26:0x00000000 x13=0x00000000
     343215.000 ns	     34320	80007084	d000f8d3	fcvt.s.w	f17,x1	  x1:0x80040e81 f17=0xcefff7e2
     343245.000 ns	     34323	80007088	037d9c33	mulh	x24,x27,x23	 x27:0x00000000 x23:0x00000001 x24=0x00000000
     343265.000 ns	     34325	8000708c	a7fd5937	lui	x18,0xa7fd5	 x18=0xa7fd5000
     343285.000 ns	     34327	80007090	d003f5d3	fcvt.s.w	f11,x7	  x7:0x00000000 f11=0x00000000
     343305.000 ns	     34329	80007094	41f6d793	srai	x15,x13,0x1f	 x13:0x00000000 x15=0x00000000
     343315.000 ns	     34330	80007098	00f59133	sll	x2,x11,x15	 x11:0x80040fe4 x15:0x31c4d82e  x2=0x80040fe4
     343325.000 ns	     34331	8000709c	01a41c93	slli	x25,x8,0x1a	  x8:0x00000000 x25=0x00000000
     343335.000 ns	     34332	800070a0	41e60533	sub	x10,x12,x30	 x12:0x00000000 x30:0x80041024 x10=0x7ffbefdc
     343345.000 ns	     34333	800070a4	dc816817	auipc	x16,0xdc816	 x16=0x5c81d0a4
     343355.000 ns	     34334	800070a8	0181ddb3	srl	x27,x3,x24	  x3:0xffffffff x24:0x00000000 x27=0xffffffff
     343375.000 ns	     34336	800070ac	02fa02b3	mul	x5,x20,x15	 x20:0x00000000 x15:0x00000000  x5=0x00000000
     343405.000 ns	     34339	800070b0	020927b3	mulhsu	x15,x18,x0	 x18:0xa7fd5000  x0:0x00000000 x15=0x00000000
     343455.000 ns	     34344	800070b4	01857cd3	fadd.s	f25,f10,f24	 f10:0x9f3ac36a f24:0x3f800000 f25=0x3f800000
     343505.000 ns	     34349	800070b8	00739cd3	fadd.s	f25,f7,f7	  f7:0x00000000  f7:0x00000000 f25=0x00000000
     343525.000 ns	     34351	800070bc	0068c3b3	xor	x7,x17,x6	 x17:0x00000001  x6:0x00000000  x7=0x00000001
     343535.000 ns	     34352	800070c0	41c157b3	sra	x15,x2,x28	  x2:0x80040fe4 x28:0x9c764f63 x15=0xf00081fc
     343555.000 ns	     34354	800070c4	d003f853	fcvt.s.w	f16,x7	  x7:0x00000000 f16=0x3f800000
     343585.000 ns	     34357	800070c8	d004aa53	fcvt.s.w	f20,x9	  x9:0x00000000 f20=0x00000000
     343615.000 ns	     34360	800070cc	28ef99d3	fmax.s	f19,f31,f14	 f31:0x7f800000 f14:0xcf000410 f19=0x7f800000
     343985.000 ns	     34397	800070d0	03525a33	divu	x20,x4,x21	  x4:0x00000002 x21:0x54ab7822 x20=0x00000000
     344025.000 ns	     34401	800070d4	5800f1d3	fsqrt.s	f3,f1	  f1:0x00000000  f3=0x00000000
     344045.000 ns	     34403	800070d8	76c93c37	lui	x24,0x76c93	 x24=0x76c93000
     344065.000 ns	     34405	800070dc	d01c7e53	fcvt.s.wu	f28,x24	 x24:0x00000000 f28=0x4eed9260
     344085.000 ns	     34407	800070e0	00cd09b3	add	x19,x26,x12	 x26:0x00000000 x12:0x00000000 x19=0x00000000
     344095.000 ns	     34408	800070e4	0115e433	or	x8,x11,x17	 x11:0x80040fe4 x17:0x00000001  x8=0x80040fe5
     344425.000 ns	     34441	800070e8	19cf37d3	fdiv.s	f15,f30,f28	 f30:0xd6b50a1e f28:0x4eed9260 f15=0xc7350a1e
     344455.000 ns	     34444	800070ec	029b0fb3	mul	x31,x22,x9	 x22:0x6389b05d  x9:0x00000000 x31=0x00000000
     344485.000 ns	     34447	800070f0	c01d30d3	fcvt.wu.s	x1,f26	 f26:0x00000000  x1=0x00000000
     344515.000 ns	     34450	800070f4	21af9153	fsgnjn.s	f2,f31,f26	 f31:0x7f800000 f26:0x00000000  f2=0xff800000
     344535.000 ns	     34452	800070f8	c1163313	sltiu	x6,x12,-1007	 x12:0x00000000  x6=0x00000001
     344555.000 ns	     34454	800070fc	02b02633	mulhsu	x12,x0,x11	  x0:0x00000000 x11:0x80040fe4 x12=0x00000000
     344575.000 ns	     34456	80007100	415cd093	srai	x1,x25,0x15	 x25:0x00000000  x1=0x00000000
     344595.000 ns	     34458	80007104	29419653	fmax.s	f12,f3,f20	  f3:0x00000000 f20:0x00000000 f12=0x00000000
     344615.000 ns	     34460	80007108	40db8633	sub	x12,x23,x13	 x23:0x00000001 x13:0x00000000 x12=0x00000001
     344645.000 ns	     34463	8000710c	1099f953	fmul.s	f18,f19,f9	 f19:0x7f800000  f9:0x00000000 f18=0x7fc00000
     344665.000 ns	     34465	80007110	0029c233	xor	x4,x19,x2	 x19:0x00000000  x2:0x80040fe4  x4=0x80040fe4
     344675.000 ns	     34466	80007114	7cc02e93	slti	x29,x0,1996	  x0:0x00000000 x29=0x00000001
     344705.000 ns	     34469	80007118	58038e53	fsqrt.s	f28,f7	  f7:0x00000000 f28=0x00000000
     344735.000 ns	     34472	8000711c	03173b33	mulhu	x22,x14,x17	 x14:0x00000000 x17:0x00000001 x22=0x00000000
     344765.000 ns	     34475	80007120	039602b3	mul	x5,x12,x25	 x12:0x00000001 x25:0x00000000  x5=0x00000000
     345135.000 ns	     34512	80007124	02ac53b3	divu	x7,x24,x10	 x24:0x76c93000 x10:0x7ffbefdc  x7=0x00000000
     345155.000 ns	     34514	80007128	00aa5433	srl	x8,x20,x10	 x20:0x00000000 x10:0x7ffbefdc  x8=0x00000000
     345175.000 ns	     34516	8000712c	02d1beb3	mulhu	x29,x3,x13	  x3:0xffffffff x13:0x00000000 x29=0x00000000
     345205.000 ns	     34519	80007130	20532853	fsgnjx.s	f16,f6,f5	  f6:0xd6b50a1e  f5:0x00000000 f16=0xd6b50a1e
     345575.000 ns	     34556	80007134	0223d233	divu	x4,x7,x2	  x7:0x00000000  x2:0x80040fe4  x4=0x00000000
     345605.000 ns	     34559	80007138	20f317d3	fsgnjn.s	f15,f6,f15	  f6:0xd6b50a1e f15:0xc7350a1e f15=0x56b50a1e
     345635.000 ns	     34562	8000713c	e00102d3	fmv.x.w	x5,f2	  f2:0xff800000  x5=0xff800000
     345655.000 ns	     34564	80007140	41a45393	srai	x7,x8,0x1a	  x8:0x00000000  x7=0x00000000
     345695.000 ns	     34568	80007144	080c2753	fsub.s	f14,f24,f0	 f24:0x3f800000  f0:0x80000000 f14=0x3f800000
     345725.000 ns	     34571	80007148	c013fd53	fcvt.wu.s	x26,f7	  f7:0x00000000 x26=0x00000000
     345755.000 ns	     34574	8000714c	f00e0c53	fmv.w.x	f24,x28	 x28:0x9c764f63 f24=0x9c764f63
     345785.000 ns	     34577	80007150	c00e7fd3	fcvt.w.s	x31,f28	 f28:0x00000000 x31=0x00000000
     345805.000 ns	     34579	80007154	01cf19b3	sll	x19,x30,x28	 x30:0x80041024 x28:0x9c764f63 x19=0x00208120
     345815.000 ns	     34580	80007158	3c8e4893	xori	x17,x28,968	 x28:0x9c764f63 x17=0x9c764cab
     345835.000 ns	     34582	8000715c	02632c33	mulhsu	x24,x6,x6	  x6:0x00000001  x6:0x00000001 x24=0x00000000
     345855.000 ns	     34584	80007160	2d706e93	ori	x29,x0,727	  x0:0x00000000 x29=0x000002d7
     345885.000 ns	     34587	80007164	58087253	fsqrt.s	f4,f16	 f16:0xd6b50a1e  f4=0x7fc00000
     345915.000 ns	     34590	80007168	20fb94d3	fsgnjn.s	f9,f23,f15	 f23:0x80000000 f15:0x56b50a1e  f9=0x80000000
     345945.000 ns	     34593	8000716c	e00a1c53	fclass.s	x24,f20	 f20:0x00000000 x24=0x00000010
     345975.000 ns	     34596	80007170	036130b3	mulhu	x1,x2,x22	  x2:0x80040fe4 x22:0x00000000  x1=0x00000000
     346005.000 ns	     34599	80007174	e00c1553	fclass.s	x10,f24	 f24:0x9c764f63 x10=0x00000002
     346375.000 ns	     34636	80007178	02c26233	rem	x4,x4,x12	  x4:0x00000000 x12:0x00000001  x4=0x00000000
     346405.000 ns	     34639	8000717c	c0127dd3	fcvt.wu.s	x27,f4	  f4:0x7fc00000 x27=0xffffffff
     346425.000 ns	     34641	80007180	c9ef0093	addi	x1,x30,-866	 x30:0x80041024  x1=0x80040cc2
     346455.000 ns	     34644	80007184	101d84d3	fmul.s	f9,f27,f1	 f27:0x4735078a  f1:0x00000000  f9=0x00000000
     346495.000 ns	     34648	80007188	11bc1d53	fmul.s	f26,f24,f27	 f24:0x9c764f63 f27:0x4735078a f26=0xa42e2d61
     346515.000 ns	     34650	8000718c	9b271d97	auipc	x27,0x9b271	 x27=0x1b27818c
     346525.000 ns	     34651	80007190	01551993	slli	x19,x10,0x15	 x10:0x00000002 x19=0x00400000
     346545.000 ns	     34653	80007194	028ff233	remu	x4,x31,x8	 x31:0x00000000  x8:0x00000000  x4=0x00000000
     346575.000 ns	     34656	80007198	02f90d33	mul	x26,x18,x15	 x18:0xa7fd5000 x15:0xf00081fc x26=0x02aac000
     346605.000 ns	     34659	8000719c	d01f29d3	fcvt.s.wu	f19,x30	 x30:0x80041024 f19=0x4f000411
     346625.000 ns	     34661	800071a0	42d87e13	andi	x28,x16,1069	 x16:0x5c81d0a4 x28=0x00000024
     346635.000 ns	     34662	800071a4	0189cfb3	xor	x31,x19,x24	 x19:0x00400000 x24:0x00000010 x31=0x00400010
     346645.000 ns	     34663	800071a8	01ac1833	sll	x16,x24,x26	 x24:0x00000010 x26:0x02aac000 x16=0x00000010
     346655.000 ns	     34664	800071ac	012b9533	sll	x10,x23,x18	 x23:0x00000001 x18:0xa7fd5000 x10=0x00000001
     346675.000 ns	     34666	800071b0	a03ca253	feq.s	x4,f25,f3	 f25:0x00000000  f3:0x00000000  x4=0x00000001
     346695.000 ns	     34668	800071b4	01757933	and	x18,x10,x23	 x10:0x00000002 x23:0x00000001 x18=0x00000001
     346725.000 ns	     34671	800071b8	19d27cd3	fdiv.s	f25,f4,f29	  f4:0x7fc00000 f29:0xd6b50a1e f25=0x7fc00000
     346755.000 ns	     34674	800071bc	28009953	fmax.s	f18,f1,f0	  f1:0x00000000  f0:0x80000000 f18=0x00000000
     346785.000 ns	     34677	800071c0	f00a8553	fmv.w.x	f10,x21	 x21:0x54ab7822 f10=0x54ab7822
     346825.000 ns	     34681	800071c4	11d7b8d3	fmul.s	f17,f15,f29	 f15:0x56b50a1e f29:0xd6b50a1e f17=0xee00074e
     346845.000 ns	     34683	800071c8	01677133	and	x2,x14,x22	 x14:0x00000000 x22:0x00000000  x2=0x00000000
     346865.000 ns	     34685	800071cc	f0028753	fmv.w.x	f14,x5	  x5:0xff800000 f14=0xff800000
     346905.000 ns	     34689	800071d0	11517ed3	fmul.s	f29,f2,f21	  f2:0xff800000 f21:0x00000000 f29=0x7fc00000
     347275.000 ns	     34726	800071d4	037bd833	divu	x16,x23,x23	 x23:0x00000001 x23:0x00000001 x16=0x00000001
     347645.000 ns	     34763	800071d8	02107db3	remu	x27,x0,x1	  x0:0x00000000  x1:0x80040cc2 x27=0x00000000
     347665.000 ns	     34765	800071dc	ff7460b7	lui	x1,0xff746	  x1=0xff746000
     347675.000 ns	     34766	800071e0	00d136b3	sltu	x13,x2,x13	  x2:0x00000000 x13:0x00000000 x13=0x00000000
     347685.000 ns	     34767	800071e4	01c922b3	slt	x5,x18,x28	 x18:0x00000001 x28:0x00000024  x5=0x00000001
     347695.000 ns	     34768	800071e8	cedc7a13	andi	x20,x24,-787	 x24:0x00000010 x20=0x00000000
     347715.000 ns	     34770	800071ec	a13d0653	fle.s	x12,f26,f19	 f26:0xa42e2d61 f19:0x4f000411 x12=0x00000001
     347735.000 ns	     34772	800071f0	00000013	addi	x0,x0,0	  x0:0x00000000
     347745.000 ns	     34773	800071f4	01ab9013	slli	x0,x23,0x1a	 x23:0x00000001
     347755.000 ns	     34774	800071f8	40cfd413	srai	x8,x31,0xc	 x31:0x00400010  x8=0x00000400
     347775.000 ns	     34776	800071fc	218e8753	fsgnj.s	f14,f29,f24	 f29:0x7fc00000 f24:0x9c764f63 f14=0xffc00000
     347795.000 ns	     34778	80007200	017f9733	sll	x14,x31,x23	 x31:0x00400010 x23:0x00000001 x14=0x00800020
     347805.000 ns	     34779	80007204	01ad29b3	slt	x19,x26,x26	 x26:0x02aac000 x26:0x02aac000 x19=0x00000000
     347815.000 ns	     34780	80007208	0034ab33	slt	x22,x9,x3	  x9:0x00000000  x3:0xffffffff x22=0x00000000
     348175.000 ns	     34816	8000720c	03d0e6b3	rem	x13,x1,x29	  x1:0xff746000 x29:0x000002d7 x13=0xfffffe46
     348195.000 ns	     34818	80007210	01539313	slli	x6,x7,0x15	  x7:0x00000000  x6=0x00000000
     348235.000 ns	     34822	80007214	00cf19d3	fadd.s	f19,f30,f12	 f30:0xd6b50a1e f12:0x00000000 f19=0xd6b50a1e
     348285.000 ns	     34827	80007218	0921aed3	fsub.s	f29,f3,f18	  f3:0x00000000 f18:0x00000000 f29=0x80000000
     348655.000 ns	     34864	8000721c	03aed933	divu	x18,x29,x26	 x29:0x000002d7 x26:0x02aac000 x18=0x00000000
     348675.000 ns	     34866	80007220	005b5793	srli	x15,x22,0x5	 x22:0x00000000 x15=0x00000000
     348685.000 ns	     34867	80007224	0030f633	and	x12,x1,x3	  x1:0xff746000  x3:0xffffffff x12=0xff746000
     348705.000 ns	     34869	80007228	0279b6b3	mulhu	x13,x19,x7	 x19:0x00000000  x7:0x00000000 x13=0x00000000
     348745.000 ns	     34873	8000722c	11f87d53	fmul.s	f26,f16,f31	 f16:0xd6b50a1e f31:0x7f800000 f26=0xff800000
     348775.000 ns	     34876	80007230	03cf1b33	mulh	x22,x30,x28	 x30:0x80041024 x28:0x00000024 x22=0xffffffee
     348805.000 ns	     34879	80007234	a03a8dd3	fle.s	x27,f21,f3	 f21:0x00000000  f3:0x00000000 x27=0x00000001
     348825.000 ns	     34881	80007238	00b55493	srli	x9,x10,0xb	 x10:0x00000001  x9=0x00000000
     348845.000 ns	     34883	8000723c	c0150353	fcvt.wu.s	x6,f10	 f10:0x54ab7822  x6=0xffffffff
     348885.000 ns	     34887	80007240	19627553	fdiv.s	f10,f4,f22	  f4:0x7fc00000 f22:0x80000000 f10=0x7fc00000
     348905.000 ns	     34889	80007244	00e53233	sltu	x4,x10,x14	 x10:0x00000001 x14:0x00800020  x4=0x00000001
     348925.000 ns	     34891	80007248	21992f53	fsgnjx.s	f30,f18,f25	 f18:0x00000000 f25:0x7fc00000 f30=0x00000000
     348955.000 ns	     34894	8000724c	03e291b3	mulh	x3,x5,x30	  x5:0x00000001 x30:0x80041024  x3=0xffffffff
     348985.000 ns	     34897	80007250	210eaed3	fsgnjx.s	f29,f29,f16	 f29:0x80000000 f16:0xd6b50a1e f29=0x00000000
     349015.000 ns	     34900	80007254	03f0bcb3	mulhu	x25,x1,x31	  x1:0xff746000 x31:0x00400010 x25=0x003fdd27
     349035.000 ns	     34902	80007258	5684ad93	slti	x27,x9,1384	  x9:0x00000000 x27=0x00000001
     349055.000 ns	     34904	8000725c	c018f0d3	fcvt.wu.s	x1,f17	 f17:0xee00074e  x1=0x00000000
     349075.000 ns	     34906	80007260	aa96e813	ori	x16,x13,-1367	 x13:0x00000000 x16=0xfffffaa9
     349095.000 ns	     34908	80007264	030a83b3	mul	x7,x21,x16	 x21:0x54ab7822 x16:0x00000001  x7=0xe0618272
     349125.000 ns	     34911	80007268	d0061553	fcvt.s.w	f10,x12	 x12:0xff746000 f10=0xcb0ba000
     349145.000 ns	     34913	8000726c	7c6ffc13	andi	x24,x31,1990	 x31:0x00400010 x24=0x00000000
     349165.000 ns	     34915	80007270	03458733	mul	x14,x11,x20	 x11:0x80040fe4 x20:0x00000000 x14=0x00000000
     349195.000 ns	     34918	80007274	e00b97d3	fclass.s	x15,f23	 f23:0x80000000 x15=0x00000008
     349225.000 ns	     34921	80007278	d000fa53	fcvt.s.w	f20,x1	  x1:0x00000000 f20=0x00000000
     349255.000 ns	     34924	8000727c	a12c09d3	fle.s	x19,f24,f18	 f24:0x9c764f63 f18:0x00000000 x19=0x00000001
     349275.000 ns	     34926	80007280	0111aeb3	slt	x29,x3,x17	  x3:0xffffffff x17:0x9c764cab x29=0x00000000
     349285.000 ns	     34927	80007284	b46d8b13	addi	x22,x27,-1210	 x27:0x00000001 x22=0xfffffb47
     349315.000 ns	     34930	80007288	58059e53	fsqrt.s	f28,f11	 f11:0x00000000 f28=0x00000000
     349685.000 ns	     34967	8000728c	02437133	remu	x2,x6,x4	  x6:0xffffffff  x4:0x00000001  x2=0x00000000
     349715.000 ns	     34970	80007290	294c0d53	fmin.s	f26,f24,f20	 f24:0x9c764f63 f20:0x00000000 f26=0x9c764f63
     349745.000 ns	     34973	80007294	e0079253	fclass.s	x4,f15	 f15:0x56b50a1e  x4=0x00000040
     349765.000 ns	     34975	80007298	01a32233	slt	x4,x6,x26	  x6:0xffffffff x26:0x02aac000  x4=0x00000001
     349805.000 ns	     34979	8000729c	0064fb53	fadd.s	f22,f9,f6	  f9:0x00000000  f6:0xd6b50a1e f22=0xd6b50a1e
     349835.000 ns	     34982	800072a0	a12ba253	feq.s	x4,f23,f18	 f23:0x80000000 f18:0x00000000  x4=0x00000001
     349875.000 ns	     34986	800072a4	18ea2353	fdiv.s	f6,f20,f14	 f20:0x00000000 f14:0xffc00000  f6=0x7fc00000
     349925.000 ns	     34991	800072a8	01e07fd3	fadd.s	f31,f0,f30	  f0:0x80000000 f30:0x00000000 f31=0x00000000
     349945.000 ns	     34993	800072ac	009a5a13	srli	x20,x20,0x9	 x20:0x00000000 x20=0x00000000
     349965.000 ns	     34995	800072b0	024386b3	mul	x13,x7,x4	  x7:0xe0618272  x4:0x00000001 x13=0xe0618272
     349985.000 ns	     34997	800072b4	0193d8b3	srl	x17,x7,x25	  x7:0xe0618272 x25:0x003fdd27 x17=0x01c0c304
     350005.000 ns	     34999	800072b8	d0080ad3	fcvt.s.w	f21,x16	 x16:0xfffffaa9 f21=0xc4aae000
     350035.000 ns	     35002	800072bc	21e511d3	fsgnjn.s	f3,f10,f30	 f10:0xcb0ba000 f30:0x00000000  f3=0xcb0ba000
     350065.000 ns	     35005	800072c0	a0ff92d3	flt.s	x5,f31,f15	 f31:0x00000000 f15:0x56b50a1e  x5=0x00000001
     350095.000 ns	     35008	800072c4	a16f2a53	feq.s	x20,f30,f22	 f30:0x00000000 f22:0xd6b50a1e x20=0x00000000
     350125.000 ns	     35011	800072c8	c01578d3	fcvt.wu.s	x17,f10	 f10:0xcb0ba000 x17=0x008ba000
     350155.000 ns	     35014	800072cc	c0022353	fcvt.w.s	x6,f4	  f4:0x7fc00000  x6=0x7fffffff
     350175.000 ns	     35016	800072d0	40015913	srai	x18,x2,0x0	  x2:0x00000000 x18=0x00000000
     350195.000 ns	     35018	800072d4	21529bd3	fsgnjn.s	f23,f5,f21	  f5:0x00000000 f21:0xc4aae000 f23=0x00000000
     350215.000 ns	     35020	800072d8	413ed013	srai	x0,x29,0x13	 x29:0x00000000
     350225.000 ns	     35021	800072dc	402a06b3	sub	x13,x20,x2	 x20:0x00000000  x2:0x00000000 x13=0x00000000
     350245.000 ns	     35023	800072e0	a0c71253	flt.s	x4,f14,f12	 f14:0xffc00000 f12:0x00000000  x4=0x00000000
     350275.000 ns	     35026	800072e4	02067a33	remu	x20,x12,x0	 x12:0xff746000  x0:0x00000000 x20=0xff746000
     350295.000 ns	     35028	800072e8	4199d7b3	sra	x15,x19,x25	 x19:0x00000001 x25:0x003fdd27 x15=0x00000000
     350305.000 ns	     35029	800072ec	01281bb3	sll	x23,x16,x18	 x16:0xfffffaa9 x18:0x00000000 x23=0xfffffaa9
     350315.000 ns	     35030	800072f0	44592893	slti	x17,x18,1093	 x18:0x00000000 x17=0x00000001
     350325.000 ns	     35031	800072f4	00086b33	or	x22,x16,x0	 x16:0xfffffaa9  x0:0x00000000 x22=0xfffffaa9
     350345.000 ns	     35033	800072f8	203c11d3	fsgnjn.s	f3,f24,f3	 f24:0x9c764f63  f3:0xcb0ba000  f3=0x1c764f63
     350365.000 ns	     35035	800072fc	4176d013	srai	x0,x13,0x17	 x13:0x00000000
     350385.000 ns	     35037	80007300	02378db3	mul	x27,x15,x3	 x15:0x00000000  x3:0xffffffff x27=0x00000000
     350415.000 ns	     35040	80007304	02d53bb3	mulhu	x23,x10,x13	 x10:0x00000001 x13:0x00000000 x23=0x00000000
     350445.000 ns	     35043	80007308	e00d1753	fclass.s	x14,f26	 f26:0x9c764f63 x14=0x00000002
     350495.000 ns	     35048	8000730c	013bb653	fadd.s	f12,f23,f19	 f23:0x00000000 f19:0xd6b50a1e f12=0xd6b50a1e
     350545.000 ns	     35053	80007310	00917d53	fadd.s	f26,f2,f9	  f2:0xff800000  f9:0x00000000 f26=0xff800000
     350575.000 ns	     35056	80007314	c008a853	fcvt.w.s	x16,f17	 f17:0xee00074e x16=0x80000000
     350945.000 ns	     35093	80007318	030be833	rem	x16,x23,x16	 x23:0x00000000 x16:0xfffffaa9 x16=0x00000000
     350975.000 ns	     35096	8000731c	c0047153	fcvt.w.s	x2,f8	  f8:0x00000000  x2=0x00000000
     350995.000 ns	     35098	80007320	733ef037	lui	x0,0x733ef	
     351015.000 ns	     35100	80007324	e0081153	fclass.s	x2,f16	 f16:0xd6b50a1e  x2=0x00000002
     351045.000 ns	     35103	80007328	02df4fb3	div	x31,x30,x13	 x30:0x80041024 x13:0x00000000 x31=0xffffffff
     351085.000 ns	     35107	8000732c	11a54853	fmul.s	f16,f10,f26	 f10:0xcb0ba000 f26:0xff800000 f16=0x7f800000
     351135.000 ns	     35112	80007330	085fb1d3	fsub.s	f3,f31,f5	 f31:0x00000000  f5:0x00000000  f3=0x80000000
     351155.000 ns	     35114	80007334	00006233	or	x4,x0,x0	  x0:0x00000000  x0:0x00000000  x4=0x00000000
     351195.000 ns	     35118	80007338	09dc3553	fsub.s	f10,f24,f29	 f24:0x9c764f63 f29:0x00000000 f10=0x9c764f63
     351215.000 ns	     35120	8000733c	40d706b3	sub	x13,x14,x13	 x14:0x00000002 x13:0x00000000 x13=0x00000002
     351245.000 ns	     35123	80007340	19eff8d3	fdiv.s	f17,f31,f30	 f31:0x00000000 f30:0x00000000 f17=0x7fc00000
     351265.000 ns	     35125	80007344	41ab5713	srai	x14,x22,0x1a	 x22:0xfffffaa9 x14=0xffffffff
     351285.000 ns	     35127	80007348	f0000fd3	fmv.w.x	f31,x0	  x0:0x00000000 f31=0x00000000
     351315.000 ns	     35130	8000734c	21c8a953	fsgnjx.s	f18,f17,f28	 f17:0x7fc00000 f28:0x00000000 f18=0x7fc00000
     351335.000 ns	     35132	80007350	ef87ff93	andi	x31,x15,-264	 x15:0x00000000 x31=0x00000000
     351345.000 ns	     35133	80007354	7f91bc93	sltiu	x25,x3,2041	  x3:0xffffffff x25=0x00000000
     351355.000 ns	     35134	80007358	f9a14d13	xori	x26,x2,-102	  x2:0x00000002 x26=0xffffff98
     351365.000 ns	     35135	8000735c	c9817a37	lui	x20,0xc9817	 x20=0xc9817000
     351375.000 ns	     35136	80007360	920ec193	xori	x3,x29,-1760	 x29:0x00000000  x3=0xfffff920
     351705.000 ns	     35169	80007364	18f57953	fdiv.s	f18,f10,f15	 f10:0x9c764f63 f15:0x56b50a1e f18=0x84f64f64
     351735.000 ns	     35172	80007368	c007f3d3	fcvt.w.s	x7,f15	 f15:0x56b50a1e  x7=0x7fffffff
     351765.000 ns	     35175	8000736c	024f8a33	mul	x20,x31,x4	 x31:0x00000000  x4:0x00000000 x20=0x00000000
     351785.000 ns	     35177	80007370	41f186b3	sub	x13,x3,x31	  x3:0xfffff920 x31:0x00000000 x13=0xfffff920
     351795.000 ns	     35178	80007374	40a5d793	srai	x15,x11,0xa	 x11:0x80040fe4 x15=0xffe00103
     351805.000 ns	     35179	80007378	0089dc33	srl	x24,x19,x8	 x19:0x00000001  x8:0x00000400 x24=0x00000001
     351815.000 ns	     35180	8000737c	00a92cb3	slt	x25,x18,x10	 x18:0x00000000 x10:0x00000001 x25=0x00000001
     351825.000 ns	     35181	80007380	00fa1b93	slli	x23,x20,0xf	 x20:0x00000000 x23=0x00000000
     351835.000 ns	     35182	80007384	410c5013	srai	x0,x24,0x10	 x24:0x00000001
     351845.000 ns	     35183	80007388	ab22a793	slti	x15,x5,-1358	  x5:0x00000001 x15=0x00000000
     351855.000 ns	     35184	8000738c	012bdb33	srl	x22,x23,x18	 x23:0x00000000 x18:0x00000000 x22=0x00000000
     352215.000 ns	     35220	80007390	0357f533	remu	x10,x15,x21	 x15:0xffe00103 x21:0x54ab7822 x10=0x00000000
     352245.000 ns	     35223	80007394	20b52153	fsgnjx.s	f2,f10,f11	 f10:0x9c764f63 f11:0x00000000  f2=0x9c764f63
     352265.000 ns	     35225	80007398	00391fb3	sll	x31,x18,x3	 x18:0x00000000  x3:0xfffff920 x31=0x00000000
     352285.000 ns	     35227	8000739c	217c0a53	fsgnj.s	f20,f24,f23	 f24:0x9c764f63 f23:0x00000000 f20=0x1c764f63
     352315.000 ns	     35230	800073a0	29ea9d53	fmax.s	f26,f21,f30	 f21:0xc4aae000 f30:0x00000000 f26=0x00000000
     352345.000 ns	     35233	800073a4	21488753	fsgnj.s	f14,f17,f20	 f17:0x7fc00000 f20:0x1c764f63 f14=0x7fc00000
     352365.000 ns	     35235	800073a8	00713bb3	sltu	x23,x2,x7	  x2:0x00000002  x7:0x7fffffff x23=0x00000001
     352375.000 ns	     35236	800073ac	4a4c4313	xori	x6,x24,1188	 x24:0x00000001  x6=0x000004a5
     352385.000 ns	     35237	800073b0	0023d4b3	srl	x9,x7,x2	  x7:0x7fffffff  x2:0x00000002  x9=0x1fffffff
     352405.000 ns	     35239	800073b4	21039853	fsgnjn.s	f16,f7,f16	  f7:0x00000000 f16:0x7f800000 f16=0x80000000
     352455.000 ns	     35244	800073b8	09f4f153	fsub.s	f2,f9,f31	  f9:0x00000000 f31:0x00000000  f2=0x80000000
     352475.000 ns	     35246	800073bc	00c09db3	sll	x27,x1,x12	  x1:0x00000000 x12:0xff746000 x27=0x00000000
     352485.000 ns	     35247	800073c0	d357e693	ori	x13,x15,-715	 x15:0x00000000 x13=0xfffffd35
     352495.000 ns	     35248	800073c4	cbbaa793	slti	x15,x21,-837	 x21:0x54ab7822 x15=0x00000000
     352515.000 ns	     35250	800073c8	03d9a7b3	mulhsu	x15,x19,x29	 x19:0x00000001 x29:0x00000000 x15=0x00000000
     352545.000 ns	     35253	800073cc	034a8133	mul	x2,x21,x20	 x21:0x54ab7822 x20:0x00000000  x2=0x00000000
     352585.000 ns	     35257	800073d0	580b79d3	fsqrt.s	f19,f22	 f22:0xd6b50a1e f19=0x7fc00000
     352615.000 ns	     35260	800073d4	21ed93d3	fsgnjn.s	f7,f27,f30	 f27:0x4735078a f30:0x00000000  f7=0xc735078a
     352635.000 ns	     35262	800073d8	00485493	srli	x9,x16,0x4	 x16:0x00000000  x9=0x00000000
     352645.000 ns	     35263	800073dc	91c23793	sltiu	x15,x4,-1764	  x4:0x00000000 x15=0x00000001
     352665.000 ns	     35265	800073e0	a00a80d3	fle.s	x1,f21,f0	 f21:0xc4aae000  f0:0x80000000  x1=0x00000001
     352685.000 ns	     35267	800073e4	006de333	or	x6,x27,x6	 x27:0x00000000  x6:0x000004a5  x6=0x000004a5
     352695.000 ns	     35268	800073e8	011aacb3	slt	x25,x21,x17	 x21:0x54ab7822 x17:0x00000001 x25=0x00000000
     352715.000 ns	     35270	800073ec	29621053	fmax.s	f0,f4,f22	  f4:0x7fc00000 f22:0xd6b50a1e  f0=0xd6b50a1e
     352735.000 ns	     35272	800073f0	40f15e13	srai	x28,x2,0xf	  x2:0x00000000 x28=0x00000000
     352765.000 ns	     35275	800073f4	11059653	fmul.s	f12,f11,f16	 f11:0x00000000 f16:0x80000000 f12=0x80000000
     352785.000 ns	     35277	800073f8	f8ab3a13	sltiu	x20,x22,-118	 x22:0x00000000 x20=0x00000001
     352805.000 ns	     35279	800073fc	d00f36d3	fcvt.s.w	f13,x30	 x30:0x80041024 f13=0xcefff7e0
     353175.000 ns	     35316	80007400	023dedb3	rem	x27,x27,x3	 x27:0x00000000  x3:0xfffff920 x27=0x00000000
     353205.000 ns	     35319	80007404	03058c33	mul	x24,x11,x16	 x11:0x80040fe4 x16:0x00000000 x24=0x00000000
     353225.000 ns	     35321	80007408	00000013	addi	x0,x0,0	  x0:0x00000000
     353245.000 ns	     35323	8000740c	a1780e53	fle.s	x28,f16,f23	 f16:0x80000000 f23:0x00000000 x28=0x00000001
     353265.000 ns	     35325	80007410	50646e13	ori	x28,x8,1286	  x8:0x00000400 x28=0x00000506
     353275.000 ns	     35326	80007414	00de6433	or	x8,x28,x13	 x28:0x00000001 x13:0xfffffd35  x8=0xfffffd37
     353295.000 ns	     35328	80007418	20341153	fsgnjn.s	f2,f8,f3	  f8:0x00000000  f3:0x80000000  f2=0x00000000
     353325.000 ns	     35331	8000741c	03e48333	mul	x6,x9,x30	  x9:0x00000000 x30:0x80041024  x6=0x00000000
     353345.000 ns	     35333	80007420	0137c633	xor	x12,x15,x19	 x15:0x00000001 x19:0x00000001 x12=0x00000000
     353355.000 ns	     35334	80007424	00e50e33	add	x28,x10,x14	 x10:0x00000000 x14:0xffffffff x28=0xffffffff
     353375.000 ns	     35336	80007428	02e5b0b3	mulhu	x1,x11,x14	 x11:0x80040fe4 x14:0xffffffff  x1=0x80040fe3
     353405.000 ns	     35339	8000742c	c014cbd3	fcvt.wu.s	x23,f9	  f9:0x00000000 x23=0x00000000
     353425.000 ns	     35341	80007430	f9f38693	addi	x13,x7,-97	  x7:0x7fffffff x13=0x7fffff9e
     353435.000 ns	     35342	80007434	0007aa33	slt	x20,x15,x0	 x15:0x00000001  x0:0x00000000 x20=0x00000000
     353455.000 ns	     35344	80007438	037fdbb3	divu	x23,x31,x23	 x31:0x00000000 x23:0x00000000 x23=0xffffffff
     353825.000 ns	     35381	8000743c	0313d633	divu	x12,x7,x17	  x7:0x7fffffff x17:0x00000001 x12=0x7fffffff
     354195.000 ns	     35418	80007440	02fae6b3	rem	x13,x21,x15	 x21:0x54ab7822 x15:0x00000001 x13=0x00000000
     354215.000 ns	     35420	80007444	00000013	addi	x0,x0,0	  x0:0x00000000
     354225.000 ns	     35421	80007448	d49c9717	auipc	x14,0xd49c9	 x14=0x549d0448
     354245.000 ns	     35423	8000744c	a0910253	fle.s	x4,f2,f9	  f2:0x00000000  f9:0x00000000  x4=0x00000001
     354295.000 ns	     35428	80007450	01d22fd3	fadd.s	f31,f4,f29	  f4:0x7fc00000 f29:0x00000000 f31=0x7fc00000
     354325.000 ns	     35431	80007454	a1e41ed3	flt.s	x29,f8,f30	  f8:0x00000000 f30:0x00000000 x29=0x00000000
     354345.000 ns	     35433	80007458	e7c3ce93	xori	x29,x7,-388	  x7:0x7fffffff x29=0x80000183
     354355.000 ns	     35434	8000745c	80f5eeb7	lui	x29,0x80f5e	 x29=0x80f5e000
     354365.000 ns	     35435	80007460	01479f93	slli	x31,x15,0x14	 x15:0x00000001 x31=0x00100000
     354375.000 ns	     35436	80007464	01ded893	srli	x17,x29,0x1d	 x29:0x80000183 x17=0x00000004
     354395.000 ns	     35438	80007468	02583633	mulhu	x12,x16,x5	 x16:0x00000000  x5:0x00000001 x12=0x00000000
     354415.000 ns	     35440	8000746c	01e33b33	sltu	x22,x6,x30	  x6:0x00000000 x30:0x80041024 x22=0x00000001
     354435.000 ns	     35442	80007470	2131ad53	fsgnjx.s	f26,f3,f19	  f3:0x80000000 f19:0x7fc00000 f26=0x80000000
     354465.000 ns	     35445	80007474	03c729b3	mulhsu	x19,x14,x28	 x14:0x549d0448 x28:0xffffffff x19=0x549d0447
     354495.000 ns	     35448	80007478	026eecb3	rem	x25,x29,x6	 x29:0x80f5e000  x6:0x00000000 x25=0x80f5e000
     354525.000 ns	     35451	8000747c	02e690b3	mulh	x1,x13,x14	 x13:0x00000000 x14:0x549d0448  x1=0x00000000
     354545.000 ns	     35453	80007480	17c3ed13	ori	x26,x7,380	  x7:0x7fffffff x26=0x7fffffff
     354555.000 ns	     35454	80007484	40350d33	sub	x26,x10,x3	 x10:0x00000000  x3:0xfffff920 x26=0x000006e0
     354565.000 ns	     35455	80007488	007f0433	add	x8,x30,x7	 x30:0x80041024  x7:0x7fffffff  x8=0x00041023
     354605.000 ns	     35459	8000748c	0991fd53	fsub.s	f26,f3,f25	  f3:0x80000000 f25:0x7fc00000 f26=0x7fc00000
     354625.000 ns	     35461	80007490	013ed913	srli	x18,x29,0x13	 x29:0x80f5e000 x18=0x0000101e
     354645.000 ns	     35463	80007494	d00603d3	fcvt.s.w	f7,x12	 x12:0x00000000  f7=0x00000000
     354665.000 ns	     35465	80007498	0150d133	srl	x2,x1,x21	  x1:0x00000000 x21:0x54ab7822  x2=0x00000000
     354675.000 ns	     35466	8000749c	01bc3c33	sltu	x24,x24,x27	 x24:0x00000000 x27:0x00000000 x24=0x00000000
     354695.000 ns	     35468	800074a0	d0054653	fcvt.s.w	f12,x10	 x10:0x00000000 f12=0x00000000
     354715.000 ns	     35470	800074a4	ee6ded13	ori	x26,x27,-282	 x27:0x00000000 x26=0xfffffee6
     354725.000 ns	     35471	800074a8	00c62d33	slt	x26,x12,x12	 x12:0x00000000 x12:0x00000000 x26=0x00000000
     354735.000 ns	     35472	800074ac	004c56b3	srl	x13,x24,x4	 x24:0x00000000  x4:0x00000001 x13=0x00000000
     354755.000 ns	     35474	800074b0	a1991bd3	flt.s	x23,f18,f25	 f18:0x84f64f64 f25:0x7fc00000 x23=0x00000000
     354775.000 ns	     35476	800074b4	01eddf93	srli	x31,x27,0x1e	 x27:0x00000000 x31=0x00000000
     354785.000 ns	     35477	800074b8	00733533	sltu	x10,x6,x7	  x6:0x00000000  x7:0x7fffffff x10=0x00000001
     354805.000 ns	     35479	800074bc	e00018d3	fclass.s	x17,f0	  f0:0xd6b50a1e x17=0x00000002
     355175.000 ns	     35516	800074c0	027a5133	divu	x2,x20,x7	 x20:0x00000000  x7:0x7fffffff  x2=0x00000000
     355195.000 ns	     35518	800074c4	3cd76193	ori	x3,x14,973	 x14:0x549d0448  x3=0x549d07cd
     355205.000 ns	     35519	800074c8	003f1413	slli	x8,x30,0x3	 x30:0x80041024  x8=0x00208120
     355225.000 ns	     35521	800074cc	29ab1fd3	fmax.s	f31,f22,f26	 f22:0xd6b50a1e f26:0x7fc00000 f31=0xd6b50a1e
     355255.000 ns	     35524	800074d0	219c8ed3	fsgnj.s	f29,f25,f25	 f25:0x7fc00000 f25:0x7fc00000 f29=0x7fc00000
     355285.000 ns	     35527	800074d4	e00b80d3	fmv.x.w	x1,f23	 f23:0x00000000  x1=0x00000000
     355315.000 ns	     35530	800074d8	d019ccd3	fcvt.s.wu	f25,x19	 x19:0x549d0447 f25=0x4ea93a09
     355685.000 ns	     35567	800074dc	03125fb3	divu	x31,x4,x17	  x4:0x00000001 x17:0x00000002 x31=0x00000000
     355705.000 ns	     35569	800074e0	01fd27b3	slt	x15,x26,x31	 x26:0x00000000 x31:0x00000000 x15=0x00000000
     355725.000 ns	     35571	800074e4	20e51bd3	fsgnjn.s	f23,f10,f14	 f10:0x9c764f63 f14:0x7fc00000 f23=0x9c764f63
     355765.000 ns	     35575	800074e8	182090d3	fdiv.s	f1,f1,f2	  f1:0x00000000  f2:0x00000000  f1=0x7fc00000
     355785.000 ns	     35577	800074ec	7487b393	sltiu	x7,x15,1864	 x15:0x00000000  x7=0x00000001
     355795.000 ns	     35578	800074f0	0b0a7f93	andi	x31,x20,176	 x20:0x00000000 x31=0x00000000
     355815.000 ns	     35580	800074f4	c0150053	fcvt.wu.s	x0,f10	 f10:0x9c764f63
     355835.000 ns	     35582	800074f8	00b26eb3	or	x29,x4,x11	  x4:0x00000001 x11:0x80040fe4 x29=0x80040fe5
     356195.000 ns	     35618	800074fc	0390fdb3	remu	x27,x1,x25	  x1:0x00000000 x25:0x80f5e000 x27=0x00000000
     356215.000 ns	     35620	80007500	00dc50b3	srl	x1,x24,x13	 x24:0x00000000 x13:0x00000000  x1=0x00000000
     356235.000 ns	     35622	80007504	c012c9d3	fcvt.wu.s	x19,f5	  f5:0x00000000 x19=0x00000000
     356265.000 ns	     35625	80007508	033fb433	mulhu	x8,x31,x19	 x31:0x00000000 x19:0x549d0447  x8=0x00000000
     356285.000 ns	     35627	8000750c	01415733	srl	x14,x2,x20	  x2:0x00000000 x20:0x00000000 x14=0x00000000
     356295.000 ns	     35628	80007510	ff236313	ori	x6,x6,-14	  x6:0x00000000  x6=0xfffffff2
     356305.000 ns	     35629	80007514	0091d813	srli	x16,x3,0x9	  x3:0x549d07cd x16=0x002a4e83
     356325.000 ns	     35631	80007518	20ff1b53	fsgnjn.s	f22,f30,f15	 f30:0x00000000 f15:0x56b50a1e f22=0x80000000
     356345.000 ns	     35633	8000751c	002a9bb3	sll	x23,x21,x2	 x21:0x54ab7822  x2:0x00000000 x23=0x54ab7822
     356355.000 ns	     35634	80007520	00633fb3	sltu	x31,x6,x6	  x6:0xfffffff2  x6:0xfffffff2 x31=0x00000000
     356365.000 ns	     35635	80007524	400c7b13	andi	x22,x24,1024	 x24:0x00000000 x22=0x00000000
     356385.000 ns	     35637	80007528	038b9833	mulh	x16,x23,x24	 x23:0x54ab7822 x24:0x00000000 x16=0x00000000
     356405.000 ns	     35639	8000752c	039f3e13	sltiu	x28,x30,57	 x30:0x80041024 x28=0x00000000
     356415.000 ns	     35640	80007530	54ea53b7	lui	x7,0x54ea5	  x7=0x54ea5000
     356445.000 ns	     35643	80007534	58037d53	fsqrt.s	f26,f6	  f6:0x7fc00000 f26=0x7fc00000
     356465.000 ns	     35645	80007538	007a27b3	slt	x15,x20,x7	 x20:0x00000000  x7:0x00000001 x15=0x00000001
     356475.000 ns	     35646	8000753c	d9a47c13	andi	x24,x8,-614	  x8:0x00000000 x24=0x00000000
     356495.000 ns	     35648	80007540	d008ba53	fcvt.s.w	f20,x17	 x17:0x00000002 f20=0x40000000
     356525.000 ns	     35651	80007544	02b632b3	mulhu	x5,x12,x11	 x12:0x00000000 x11:0x80040fe4  x5=0x00000000
     356575.000 ns	     35656	80007548	097606d3	fsub.s	f13,f12,f23	 f12:0x00000000 f23:0x9c764f63 f13=0x1c764f63
     356605.000 ns	     35659	8000754c	a06f1cd3	flt.s	x25,f30,f6	 f30:0x00000000  f6:0x7fc00000 x25=0x00000000
     356625.000 ns	     35661	80007550	ec2bcb13	xori	x22,x23,-318	 x23:0x54ab7822 x22=0xab5486e0
     356635.000 ns	     35662	80007554	0198e333	or	x6,x17,x25	 x17:0x00000002 x25:0x00000000  x6=0x00000002
     356655.000 ns	     35664	80007558	c01f7453	fcvt.wu.s	x8,f30	 f30:0x00000000  x8=0x00000000
     356675.000 ns	     35666	8000755c	01e968b3	or	x17,x18,x30	 x18:0x0000101e x30:0x80041024 x17=0x8004103e
     356695.000 ns	     35668	80007560	c01d4e53	fcvt.wu.s	x28,f26	 f26:0x7fc00000 x28=0xffffffff
     356725.000 ns	     35671	80007564	f00b8e53	fmv.w.x	f28,x23	 x23:0x54ab7822 f28=0x54ab7822
     356755.000 ns	     35674	80007568	a0009653	flt.s	x12,f1,f0	  f1:0x7fc00000  f0:0xd6b50a1e x12=0x00000000
     356775.000 ns	     35676	8000756c	01079d13	slli	x26,x15,0x10	 x15:0x00000001 x26=0x00010000
     356785.000 ns	     35677	80007570	e4633d93	sltiu	x27,x6,-442	  x6:0x00000002 x27=0x00000001
     356795.000 ns	     35678	80007574	4e5ba213	slti	x4,x23,1253	 x23:0x54ab7822  x4=0x00000000
     356815.000 ns	     35680	80007578	d0094053	fcvt.s.w	f0,x18	 x18:0x0000101e  f0=0x4580f000
     356835.000 ns	     35682	8000757c	00f33733	sltu	x14,x6,x15	  x6:0x00000002 x15:0x00000001 x14=0x00000000
     356855.000 ns	     35684	80007580	02d48c33	mul	x24,x9,x13	  x9:0x00000000 x13:0x00000000 x24=0x00000000
     356885.000 ns	     35687	80007584	a00a1bd3	flt.s	x23,f20,f0	 f20:0x40000000  f0:0x4580f000 x23=0x00000001
     356915.000 ns	     35690	80007588	c002fa53	fcvt.w.s	x20,f5	  f5:0x00000000 x20=0x00000000
     356965.000 ns	     35695	8000758c	00650753	fadd.s	f14,f10,f6	 f10:0x9c764f63  f6:0x7fc00000 f14=0x7fc00000
     356995.000 ns	     35698	80007590	214694d3	fsgnjn.s	f9,f13,f20	 f13:0x1c764f63 f20:0x40000000  f9=0x9c764f63
     357025.000 ns	     35701	80007594	20dd18d3	fsgnjn.s	f17,f26,f13	 f26:0x7fc00000 f13:0x1c764f63 f17=0xffc00000
     357055.000 ns	     35704	80007598	29729c53	fmax.s	f24,f5,f23	  f5:0x00000000 f23:0x9c764f63 f24=0x00000000
     357075.000 ns	     35706	8000759c	40695b13	srai	x22,x18,0x6	 x18:0x0000101e x22=0x00000040
     357095.000 ns	     35708	800075a0	03eaa633	mulhsu	x12,x21,x30	 x21:0x54ab7822 x30:0x80041024 x12=0x2a571415
     357125.000 ns	     35711	800075a4	e0058e53	fmv.x.w	x28,f11	 f11:0x00000000 x28=0x00000000
     357155.000 ns	     35714	800075a8	20b50653	fsgnj.s	f12,f10,f11	 f10:0x9c764f63 f11:0x00000000 f12=0x1c764f63
     357185.000 ns	     35717	800075ac	d01803d3	fcvt.s.wu	f7,x16	 x16:0x00000000  f7=0x00000000
     357205.000 ns	     35719	800075b0	00000013	addi	x0,x0,0	  x0:0x00000000
     357215.000 ns	     35720	800075b4	257a2293	slti	x5,x20,599	 x20:0x00000000  x5=0x00000001
     357235.000 ns	     35722	800075b8	02220db3	mul	x27,x4,x2	  x4:0x00000000  x2:0x00000000 x27=0x00000000
     357265.000 ns	     35725	800075bc	c01dfbd3	fcvt.wu.s	x23,f27	 f27:0x4735078a x23=0x0000b507
     357285.000 ns	     35727	800075c0	00c3f533	and	x10,x7,x12	  x7:0x54ea5000 x12:0x2a571415 x10=0x00421000
     357645.000 ns	     35763	800075c4	0326c933	div	x18,x13,x18	 x13:0x00000000 x18:0x0000101e x18=0x00000000
     357675.000 ns	     35766	800075c8	023881b3	mul	x3,x17,x3	 x17:0x8004103e  x3:0x549d07cd  x3=0xedb8b3a6
     357705.000 ns	     35769	800075cc	20a799d3	fsgnjn.s	f19,f15,f10	 f15:0x56b50a1e f10:0x9c764f63 f19=0x56b50a1e
     357725.000 ns	     35771	800075d0	00d9ccb3	xor	x25,x19,x13	 x19:0x00000000 x13:0x00000000 x25=0x00000000
     357745.000 ns	     35773	800075d4	029b1bb3	mulh	x23,x22,x9	 x22:0x00000040  x9:0x00000000 x23=0x00000000
     357775.000 ns	     35776	800075d8	202320d3	fsgnjx.s	f1,f6,f2	  f6:0x7fc00000  f2:0x00000000  f1=0x7fc00000
     357795.000 ns	     35778	800075dc	00000013	addi	x0,x0,0	  x0:0x00000000
     357805.000 ns	     35779	800075e0	f7e26b13	ori	x22,x4,-130	  x4:0x00000000 x22=0xffffff7e
     357815.000 ns	     35780	800075e4	00000013	addi	x0,x0,0	  x0:0x00000000
     357825.000 ns	     35781	800075e8	011228b3	slt	x17,x4,x17	  x4:0x00000000 x17:0x8004103e x17=0x00000000
     357845.000 ns	     35783	800075ec	03d79a33	mulh	x20,x15,x29	 x15:0x00000001 x29:0x80040fe5 x20=0xffffffff
     357865.000 ns	     35785	800075f0	453ae613	ori	x12,x21,1107	 x21:0x54ab7822 x12=0x54ab7c73
     357885.000 ns	     35787	800075f4	289a1fd3	fmax.s	f31,f20,f9	 f20:0x40000000  f9:0x9c764f63 f31=0x40000000
     357905.000 ns	     35789	800075f8	2cad2493	slti	x9,x26,714	 x26:0x00010000  x9=0x00000000
     357915.000 ns	     35790	800075fc	006d1a13	slli	x20,x26,0x6	 x26:0x00010000 x20=0x00400000
     357925.000 ns	     35791	80007600	00330233	add	x4,x6,x3	  x6:0x00000002  x3:0xedb8b3a6  x4=0xedb8b3a8
     357935.000 ns	     35792	80007604	01c38533	add	x10,x7,x28	  x7:0x54ea5000 x28:0x00000000 x10=0x54ea5000
     357975.000 ns	     35796	80007608	0923f4d3	fsub.s	f9,f7,f18	  f7:0x00000000 f18:0x84f64f64  f9=0x04f64f64
     358005.000 ns	     35799	8000760c	02f22533	mulhsu	x10,x4,x15	  x4:0xedb8b3a8 x15:0x00000001 x10=0xffffffff
     358035.000 ns	     35802	80007610	c00e7753	fcvt.w.s	x14,f28	 f28:0x54ab7822 x14=0x7fffffff
     358055.000 ns	     35804	80007614	35c36893	ori	x17,x6,860	  x6:0x00000002 x17=0x0000035e
     358385.000 ns	     35837	80007618	19204253	fdiv.s	f4,f0,f18	  f0:0x4580f000 f18:0x84f64f64  f4=0xff800000
     358435.000 ns	     35842	8000761c	0851b2d3	fsub.s	f5,f3,f5	  f3:0x80000000  f5:0x00000000  f5=0x80000000
     358805.000 ns	     35879	80007620	0267dc33	divu	x24,x15,x6	 x15:0x00000001  x6:0x00000002 x24=0x00000000
     358835.000 ns	     35882	80007624	f00a0b53	fmv.w.x	f22,x20	 x20:0x00400000 f22=0x00400000
     358875.000 ns	     35886	80007628	119575d3	fmul.s	f11,f10,f25	 f10:0x9c764f63 f25:0x4ea93a09 f11=0xaba2d23f
     358905.000 ns	     35889	8000762c	294c9f53	fmax.s	f30,f25,f20	 f25:0x4ea93a09 f20:0x40000000 f30=0x4ea93a09
     358925.000 ns	     35891	80007630	202aad13	slti	x26,x21,514	 x21:0x54ab7822 x26=0x00000000
     358945.000 ns	     35893	80007634	d01e7353	fcvt.s.wu	f6,x28	 x28:0x00000000  f6=0x00000000
     358965.000 ns	     35895	80007638	b7a0a8b7	lui	x17,0xb7a0a	 x17=0xb7a0a000
     358975.000 ns	     35896	8000763c	db63ab93	slti	x23,x7,-586	  x7:0x54ea5000 x23=0x00000000
     359015.000 ns	     35900	80007640	00f0f0d3	fadd.s	f1,f1,f15	  f1:0x7fc00000 f15:0x56b50a1e  f1=0x7fc00000
     359045.000 ns	     35903	80007644	20fd0553	fsgnj.s	f10,f26,f15	 f26:0x7fc00000 f15:0x56b50a1e f10=0x7fc00000
     359075.000 ns	     35906	80007648	03ec1c33	mulh	x24,x24,x30	 x24:0x00000000 x30:0x80041024 x24=0x00000000
     359095.000 ns	     35908	8000764c	00a19033	sll	x0,x3,x10	  x3:0xedb8b3a6 x10:0xffffffff
     359105.000 ns	     35909	80007650	00ec9eb3	sll	x29,x25,x14	 x25:0x00000000 x14:0x7fffffff x29=0x00000000
     359115.000 ns	     35910	80007654	00e71c93	slli	x25,x14,0xe	 x14:0x7fffffff x25=0xffffc000
     359135.000 ns	     35912	80007658	c007f7d3	fcvt.w.s	x15,f15	 f15:0x56b50a1e x15=0x7fffffff
     359165.000 ns	     35915	8000765c	e00d0fd3	fmv.x.w	x31,f26	 f26:0x7fc00000 x31=0x7fc00000
     359185.000 ns	     35917	80007660	00f56a33	or	x20,x10,x15	 x10:0xffffffff x15:0x7fffffff x20=0xffffffff
     359205.000 ns	     35919	80007664	0210e1b3	rem	x3,x1,x1	  x1:0x00000000  x1:0x00000000  x3=0x00000000
     359235.000 ns	     35922	80007668	03eb9433	mulh	x8,x23,x30	 x23:0x00000000 x30:0x80041024  x8=0x00000000
     359285.000 ns	     35927	8000766c	08d780d3	fsub.s	f1,f15,f13	 f15:0x56b50a1e f13:0x1c764f63  f1=0x56b50a1e
     359315.000 ns	     35930	80007670	21160853	fsgnj.s	f16,f12,f17	 f12:0x1c764f63 f17:0xffc00000 f16=0x9c764f63
     359335.000 ns	     35932	80007674	12b6de37	lui	x28,0x12b6d	 x28=0x12b6d000
     359375.000 ns	     35936	80007678	0101c8d3	fadd.s	f17,f3,f16	  f3:0x80000000 f16:0x9c764f63 f17=0x9c764f63
     359395.000 ns	     35938	8000767c	bee52313	slti	x6,x10,-1042	 x10:0xffffffff  x6=0x00000000
     359405.000 ns	     35939	80007680	a2ac8213	addi	x4,x25,-1494	 x25:0xffffc000  x4=0xffffba2a
     359425.000 ns	     35941	80007684	d005abd3	fcvt.s.w	f23,x11	 x11:0x80040fe4 f23=0xcefff7e1
     359455.000 ns	     35944	80007688	039d3e33	mulhu	x28,x26,x25	 x26:0x00000000 x25:0xffffc000 x28=0x00000000
     359475.000 ns	     35946	8000768c	00000013	addi	x0,x0,0	  x0:0x00000000
     359485.000 ns	     35947	80007690	01d38033	add	x0,x7,x29	  x7:0x54ea5000 x29:0x00000000
     359505.000 ns	     35949	80007694	021ebd33	mulhu	x26,x29,x1	 x29:0x00000000  x1:0x00000000 x26=0x00000000
     359535.000 ns	     35952	80007698	a1022fd3	feq.s	x31,f4,f16	  f4:0xff800000 f16:0x9c764f63 x31=0x00000000
     359565.000 ns	     35955	8000769c	200b28d3	fsgnjx.s	f17,f22,f0	 f22:0x00400000  f0:0x4580f000 f17=0x00400000
     359605.000 ns	     35959	800076a0	580bfed3	fsqrt.s	f29,f23	 f23:0xcefff7e1 f29=0x7fc00000
     359635.000 ns	     35962	800076a4	d01af153	fcvt.s.wu	f2,x21	 x21:0x54ab7822  f2=0x4ea956f0
     359685.000 ns	     35967	800076a8	09689853	fsub.s	f16,f17,f22	 f17:0x00400000 f22:0x00400000 f16=0x80000000
     359705.000 ns	     35969	800076ac	0097c9b3	xor	x19,x15,x9	 x15:0x7fffffff  x9:0x00000000 x19=0x7fffffff
     359725.000 ns	     35971	800076b0	20af8653	fsgnj.s	f12,f31,f10	 f31:0x40000000 f10:0x7fc00000 f12=0x40000000
     359745.000 ns	     35973	800076b4	ce446a37	lui	x20,0xce446	 x20=0xce446000
     359755.000 ns	     35974	800076b8	55bd0313	addi	x6,x26,1371	 x26:0x00000000  x6=0x0000055b
     359795.000 ns	     35978	800076bc	01b87d53	fadd.s	f26,f16,f27	 f16:0x80000000 f27:0x4735078a f26=0x4735078a
     359815.000 ns	     35980	800076c0	ead82313	slti	x6,x16,-339	 x16:0x00000000  x6=0x00000000
     359825.000 ns	     35981	800076c4	01bd7633	and	x12,x26,x27	 x26:0x00000000 x27:0x00000000 x12=0x00000000
     359855.000 ns	     35984	800076c8	19d1a7d3	fdiv.s	f15,f3,f29	  f3:0x80000000 f29:0x7fc00000 f15=0x7fc00000
     359905.000 ns	     35989	800076cc	09d7c953	fsub.s	f18,f15,f29	 f15:0x56b50a1e f29:0x7fc00000 f18=0x7fc00000
     359935.000 ns	     35992	800076d0	a0ed00d3	fle.s	x1,f26,f14	 f26:0x4735078a f14:0x7fc00000  x1=0x00000000
     359965.000 ns	     35995	800076d4	f00909d3	fmv.w.x	f19,x18	 x18:0x00000000 f19=0x00000000
     359985.000 ns	     35997	800076d8	010df4b3	and	x9,x27,x16	 x27:0x00000000 x16:0x00000000  x9=0x00000000
     360015.000 ns	     36000	800076dc	193a7853	fdiv.s	f16,f20,f19	 f20:0x40000000 f19:0x00000000 f16=0x7f800000
     360035.000 ns	     36002	800076e0	bb03e713	ori	x14,x7,-1104	  x7:0x54ea5000 x14=0xfffffbb0
     360055.000 ns	     36004	800076e4	e00f04d3	fmv.x.w	x9,f30	 f30:0x4ea93a09  x9=0x4ea93a09
     360085.000 ns	     36007	800076e8	f00a0653	fmv.w.x	f12,x20	 x20:0xce446000 f12=0xce446000
     360115.000 ns	     36010	800076ec	d003f853	fcvt.s.w	f16,x7	  x7:0x54ea5000 f16=0x4ea9d4a0
     360155.000 ns	     36014	800076f0	19c472d3	fdiv.s	f5,f8,f28	  f8:0x00000000 f28:0x54ab7822  f5=0x00000000
     360175.000 ns	     36016	800076f4	40555213	srai	x4,x10,0x5	 x10:0xffffffff  x4=0xffffffff
     360205.000 ns	     36019	800076f8	10cc3153	fmul.s	f2,f24,f12	 f24:0x00000000 f12:0xce446000  f2=0x80000000
     360235.000 ns	     36022	800076fc	a16c0bd3	fle.s	x23,f24,f22	 f24:0x00000000 f22:0x00400000 x23=0x00000001
     360285.000 ns	     36027	80007700	08700653	fsub.s	f12,f0,f7	  f0:0x4580f000  f7:0x00000000 f12=0x4580f000
     360315.000 ns	     36030	80007704	02de0e33	mul	x28,x28,x13	 x28:0x00000000 x13:0x00000000 x28=0x00000000
     360345.000 ns	     36033	80007708	c0127e53	fcvt.wu.s	x28,f4	  f4:0xff800000 x28=0x00000000
     360375.000 ns	     36036	8000770c	d013ff53	fcvt.s.wu	f30,x7	  x7:0x54ea5000 f30=0x4ea9d4a0
     360405.000 ns	     36039	80007710	20a50d53	fsgnj.s	f26,f10,f10	 f10:0x7fc00000 f10:0x7fc00000 f26=0x7fc00000
     361585.000 ns	     36157	80007714	58007d53	fsqrt.s	f26,f0	  f0:0x4580f000 f26=0x4280779f
     361615.000 ns	     36160	80007718	a134ac53	feq.s	x24,f9,f19	  f9:0x04f64f64 f19:0x00000000 x24=0x00000000
     361635.000 ns	     36162	8000771c	00ff1c33	sll	x24,x30,x15	 x30:0x80041024 x15:0x7fffffff x24=0x00000000
     361645.000 ns	     36163	80007720	4015d3b3	sra	x7,x11,x1	 x11:0x80040fe4  x1:0x00000000  x7=0x80040fe4
     362005.000 ns	     36199	80007724	03ed5c33	divu	x24,x26,x30	 x26:0x00000000 x30:0x80041024 x24=0x00000000
     362035.000 ns	     36202	80007728	216e0fd3	fsgnj.s	f31,f28,f22	 f28:0x54ab7822 f22:0x00400000 f31=0x54ab7822
     362055.000 ns	     36204	8000772c	01582333	slt	x6,x16,x21	 x16:0x00000000 x21:0x54ab7822  x6=0x00000001
     362075.000 ns	     36206	80007730	20b797d3	fsgnjn.s	f15,f15,f11	 f15:0x7fc00000 f11:0xaba2d23f f15=0x7fc00000
     362445.000 ns	     36243	80007734	039dc7b3	div	x15,x27,x25	 x27:0x00000000 x25:0xffffc000 x15=0x00000000
     362475.000 ns	     36246	80007738	c0027d53	fcvt.w.s	x26,f4	  f4:0xff800000 x26=0x80000000
     362495.000 ns	     36248	8000773c	016443b3	xor	x7,x8,x22	  x8:0x00000000 x22:0xffffff7e  x7=0xffffff7e
     362505.000 ns	     36249	80007740	01ecae33	slt	x28,x25,x30	 x25:0xffffc000 x30:0x80041024 x28=0x00000000
     362515.000 ns	     36250	80007744	01662c33	slt	x24,x12,x22	 x12:0x00000000 x22:0xffffff7e x24=0x00000000
     362525.000 ns	     36251	80007748	405a5e13	srai	x28,x20,0x5	 x20:0xce446000 x28=0xfe722300
     362535.000 ns	     36252	8000774c	8c1c0b93	addi	x23,x24,-1855	 x24:0x00000000 x23=0xfffff8c1
     362895.000 ns	     36288	80007750	03ea44b3	div	x9,x20,x30	 x20:0xce446000 x30:0x80041024  x9=0x00000000
     362925.000 ns	     36291	80007754	c01a7553	fcvt.wu.s	x10,f20	 f20:0x40000000 x10=0x00000002
     362975.000 ns	     36296	80007758	0178f9d3	fadd.s	f19,f17,f23	 f17:0x00400000 f23:0xcefff7e1 f19=0xcefff7e1
     363015.000 ns	     36300	8000775c	1019f953	fmul.s	f18,f19,f1	 f19:0x00000000  f1:0x56b50a1e f18=0xe6350460
     363045.000 ns	     36303	80007760	d014fc53	fcvt.s.wu	f24,x9	  x9:0x00000000 f24=0x00000000
     363085.000 ns	     36307	80007764	58017ed3	fsqrt.s	f29,f2	  f2:0x80000000 f29=0x80000000
     363115.000 ns	     36310	80007768	e0010bd3	fmv.x.w	x23,f2	  f2:0x80000000 x23=0x80000000
     363145.000 ns	     36313	8000776c	a1b98553	fle.s	x10,f19,f27	 f19:0xcefff7e1 f27:0x4735078a x10=0x00000001
     363175.000 ns	     36316	80007770	02ca2133	mulhsu	x2,x20,x12	 x20:0xce446000 x12:0x00000000  x2=0x00000000
     363205.000 ns	     36319	80007774	0293c3b3	div	x7,x7,x9	  x7:0xffffff7e  x9:0x00000000  x7=0xffffffff
     363225.000 ns	     36321	80007778	643aac93	slti	x25,x21,1603	 x21:0x54ab7822 x25=0x00000000
     363245.000 ns	     36323	8000777c	03da47b3	div	x15,x20,x29	 x20:0xce446000 x29:0x00000000 x15=0xffffffff
     363265.000 ns	     36325	80007780	40915813	srai	x16,x2,0x9	  x2:0x00000000 x16=0x00000000
     363275.000 ns	     36326	80007784	79dfb8b7	lui	x17,0x79dfb	 x17=0x79dfb000
     363295.000 ns	     36328	80007788	e00a07d3	fmv.x.w	x15,f20	 f20:0x40000000 x15=0x40000000
     363325.000 ns	     36331	8000778c	c00dfbd3	fcvt.w.s	x23,f27	 f27:0x4735078a x23=0x0000b507
     363345.000 ns	     36333	80007790	01a99493	slli	x9,x19,0x1a	 x19:0x7fffffff  x9=0xfc000000
     363385.000 ns	     36337	80007794	00037853	fadd.s	f16,f6,f0	  f6:0x00000000  f0:0x4580f000 f16=0x4580f000
     363405.000 ns	     36339	80007798	01511993	slli	x19,x2,0x15	  x2:0x00000000 x19=0x00000000
     363425.000 ns	     36341	8000779c	d004a853	fcvt.s.w	f16,x9	  x9:0xfc000000 f16=0xcc800000
     363475.000 ns	     36346	800077a0	00dea3d3	fadd.s	f7,f29,f13	 f29:0x80000000 f13:0x1c764f63  f7=0x1c764f63
     363505.000 ns	     36349	800077a4	03e03433	mulhu	x8,x0,x30	  x0:0x00000000 x30:0x80041024  x8=0x00000000
     363525.000 ns	     36351	800077a8	41945813	srai	x16,x8,0x19	  x8:0x00000000 x16=0x00000000
     363545.000 ns	     36353	800077ac	291c0153	fmin.s	f2,f24,f17	 f24:0x00000000 f17:0x00400000  f2=0x00000000
     363565.000 ns	     36355	800077b0	417add13	srai	x26,x21,0x17	 x21:0x54ab7822 x26=0x000000a9
     363575.000 ns	     36356	800077b4	cce1ac97	auipc	x25,0xcce1a	 x25=0x4ce217b4
     363585.000 ns	     36357	800077b8	5ab9f493	andi	x9,x19,1451	 x19:0x00000000  x9=0x00000000
     363625.000 ns	     36361	800077bc	01a2f1d3	fadd.s	f3,f5,f26	  f5:0x00000000 f26:0x4280779f  f3=0x4280779f
     363655.000 ns	     36364	800077c0	c0001dd3	fcvt.w.s	x27,f0	  f0:0x4580f000 x27=0x0000101e
     363675.000 ns	     36366	800077c4	01888733	add	x14,x17,x24	 x17:0x79dfb000 x24:0x00000000 x14=0x79dfb000
     363705.000 ns	     36369	800077c8	11c9f3d3	fmul.s	f7,f19,f28	 f19:0xcefff7e1 f28:0x54ab7822  f7=0xe42b72b1
     363735.000 ns	     36372	800077cc	c01d7653	fcvt.wu.s	x12,f26	 f26:0x4280779f x12=0x00000040
     363755.000 ns	     36374	800077d0	00d89e93	slli	x29,x17,0xd	 x17:0x79dfb000 x29=0xf6000000
     363775.000 ns	     36376	800077d4	e00002d3	fmv.x.w	x5,f0	  f0:0x4580f000  x5=0x4580f000
     363805.000 ns	     36379	800077d8	216291d3	fsgnjn.s	f3,f5,f22	  f5:0x00000000 f22:0x00400000  f3=0x80000000
     363825.000 ns	     36381	800077dc	79807d13	andi	x26,x0,1944	  x0:0x00000000 x26=0x00000000
     363835.000 ns	     36382	800077e0	1510fe13	andi	x28,x1,337	  x1:0x00000000 x28=0x00000000
     363845.000 ns	     36383	800077e4	4085d7b3	sra	x15,x11,x8	 x11:0x80040fe4  x8:0x00000000 x15=0x80040fe4
     364205.000 ns	     36419	800077e8	02ed4333	div	x6,x26,x14	 x26:0x00000000 x14:0x79dfb000  x6=0x00000000
     364225.000 ns	     36421	800077ec	01ea6c33	or	x24,x20,x30	 x20:0xce446000 x30:0x80041024 x24=0xce447024
     364255.000 ns	     36424	800077f0	18def253	fdiv.s	f4,f29,f13	 f29:0x80000000 f13:0x1c764f63  f4=0x80000000
     364275.000 ns	     36426	800077f4	ea313993	sltiu	x19,x2,-349	  x2:0x00000000 x19=0x00000001
     364295.000 ns	     36428	800077f8	2038a0d3	fsgnjx.s	f1,f17,f3	 f17:0x00400000  f3:0x80000000  f1=0x80400000
     364315.000 ns	     36430	800077fc	00a352b3	srl	x5,x6,x10	  x6:0x00000000 x10:0x00000001  x5=0x00000000
     364325.000 ns	     36431	80007800	40a58b33	sub	x22,x11,x10	 x11:0x80040fe4 x10:0x00000001 x22=0x80040fe3
     364335.000 ns	     36432	80007804	4194de33	sra	x28,x9,x25	  x9:0x00000000 x25:0x4ce217b4 x28=0x00000000
     364345.000 ns	     36433	80007808	3238c513	xori	x10,x17,803	 x17:0x79dfb000 x10=0x79dfb323
     364375.000 ns	     36436	8000780c	182ff053	fdiv.s	f0,f31,f2	 f31:0x54ab7822  f2:0x00000000  f0=0x7f800000
     364425.000 ns	     36441	80007810	00570b53	fadd.s	f22,f14,f5	 f14:0x7fc00000  f5:0x00000000 f22=0x7fc00000
     364445.000 ns	     36443	80007814	0006f0b3	and	x1,x13,x0	 x13:0x00000000  x0:0x00000000  x1=0x00000000
     364455.000 ns	     36444	80007818	406d8b33	sub	x22,x27,x6	 x27:0x0000101e  x6:0x00000000 x22=0x0000101e
     364485.000 ns	     36447	8000781c	11401c53	fmul.s	f24,f0,f20	  f0:0x7f800000 f20:0x40000000 f24=0x7f800000
     364505.000 ns	     36449	80007820	013badb3	slt	x27,x23,x19	 x23:0x0000b507 x19:0x00000001 x27=0x00000000
     364515.000 ns	     36450	80007824	c9690e97	auipc	x29,0xc9690	 x29=0x49697824
     364525.000 ns	     36451	80007828	e0a36cb7	lui	x25,0xe0a36	 x25=0xe0a36000
     364545.000 ns	     36453	8000782c	f00702d3	fmv.w.x	f5,x14	 x14:0x79dfb000  f5=0x79dfb000
     364565.000 ns	     36455	80007830	00b6afb3	slt	x31,x13,x11	 x13:0x00000000 x11:0x80040fe4 x31=0x00000000
     364575.000 ns	     36456	80007834	40ef5a33	sra	x20,x30,x14	 x30:0x80041024 x14:0x79dfb000 x20=0x80041024
     364595.000 ns	     36458	80007838	d0017753	fcvt.s.w	f14,x2	  x2:0x00000000 f14=0x00000000
     364625.000 ns	     36461	8000783c	e0081653	fclass.s	x12,f16	 f16:0xcc800000 x12=0x00000002
     364655.000 ns	     36464	80007840	03e710b3	mulh	x1,x14,x30	 x14:0x79dfb000 x30:0x80041024  x1=0xc312172d
     364685.000 ns	     36467	80007844	03a849b3	div	x19,x16,x26	 x16:0x00000000 x26:0x00000000 x19=0xffffffff
     364715.000 ns	     36470	80007848	0266e933	rem	x18,x13,x6	 x13:0x00000000  x6:0x00000000 x18=0x00000000
     364745.000 ns	     36473	8000784c	21df1353	fsgnjn.s	f6,f30,f29	 f30:0x4ea9d4a0 f29:0x80000000  f6=0x4ea9d4a0
     364775.000 ns	     36476	80007850	a035a2d3	feq.s	x5,f11,f3	 f11:0xaba2d23f  f3:0x80000000  x5=0x00000000
     364805.000 ns	     36479	80007854	e0069353	fclass.s	x6,f13	 f13:0x1c764f63  x6=0x00000040
     364825.000 ns	     36481	80007858	00da17b3	sll	x15,x20,x13	 x20:0x80041024 x13:0x00000000 x15=0x80041024
     364845.000 ns	     36483	8000785c	293b9853	fmax.s	f16,f23,f19	 f23:0xcefff7e1 f19:0xcefff7e1 f16=0xcefff7e1
     364865.000 ns	     36485	80007860	01ebe7b3	or	x15,x23,x30	 x23:0x0000b507 x30:0x80041024 x15=0x8004b527
     364875.000 ns	     36486	80007864	00000013	addi	x0,x0,0	  x0:0x00000000
     364895.000 ns	     36488	80007868	0324d2b3	divu	x5,x9,x18	  x9:0x00000000 x18:0x00000000  x5=0xffffffff
     364925.000 ns	     36491	8000786c	a15e2bd3	feq.s	x23,f28,f21	 f28:0x54ab7822 f21:0xc4aae000 x23=0x00000000
     364955.000 ns	     36494	80007870	20ce9ad3	fsgnjn.s	f21,f29,f12	 f29:0x80000000 f12:0x4580f000 f21=0x80000000
     364975.000 ns	     36496	80007874	400a8633	sub	x12,x21,x0	 x21:0x54ab7822  x0:0x00000000 x12=0x54ab7822
     364995.000 ns	     36498	80007878	e00d17d3	fclass.s	x15,f26	 f26:0x4280779f x15=0x00000040
     365015.000 ns	     36500	8000787c	007bd133	srl	x2,x23,x7	 x23:0x00000000  x7:0xffffffff  x2=0x00000000
     365045.000 ns	     36503	80007880	195e7453	fdiv.s	f8,f28,f21	 f28:0x54ab7822 f21:0x80000000  f8=0xff800000
     365075.000 ns	     36506	80007884	03a07db3	remu	x27,x0,x26	  x0:0x00000000 x26:0x00000000 x27=0x00000000
     365105.000 ns	     36509	80007888	210ba853	fsgnjx.s	f16,f23,f16	 f23:0xcefff7e1 f16:0xcefff7e1 f16=0x4efff7e1
     365475.000 ns	     36546	8000788c	027e4db3	div	x27,x28,x7	 x28:0x00000000  x7:0xffffffff x27=0x00000000
     365505.000 ns	     36549	80007890	d0171cd3	fcvt.s.wu	f25,x14	 x14:0x79dfb000 f25=0x4ef3bf60
     365845.000 ns	     36583	80007894	194d7353	fdiv.s	f6,f26,f20	 f26:0x4280779f f20:0x40000000  f6=0x41888a82
     365875.000 ns	     36586	80007898	d01ff853	fcvt.s.wu	f16,x31	 x31:0x00000000 f16=0x00000000
     365915.000 ns	     36590	8000789c	117fa753	fmul.s	f14,f31,f23	 f31:0x54ab7822 f23:0xcefff7e1 f14=0xe42b72b2
     365935.000 ns	     36592	800078a0	c6102c13	slti	x24,x0,-927	  x0:0x00000000 x24=0x00000000
     365955.000 ns	     36594	800078a4	21c681d3	fsgnj.s	f3,f13,f28	 f13:0x1c764f63 f28:0x54ab7822  f3=0x1c764f63
     365985.000 ns	     36597	800078a8	03d71633	mulh	x12,x14,x29	 x14:0x79dfb000 x29:0x49697824 x12=0x22f2ff21
     366015.000 ns	     36600	800078ac	a1f30c53	fle.s	x24,f6,f31	  f6:0x41888a82 f31:0x54ab7822 x24=0x00000001
     366035.000 ns	     36602	800078b0	10958d93	addi	x27,x11,265	 x11:0x80040fe4 x27=0x800410ed
     366055.000 ns	     36604	800078b4	29b69f53	fmax.s	f30,f13,f27	 f13:0x1c764f63 f27:0x4735078a f30=0x4735078a
     366075.000 ns	     36606	800078b8	c8f3e113	ori	x2,x7,-881	  x7:0xffffffff  x2=0xffffffff
     366085.000 ns	     36607	800078bc	01465e13	srli	x28,x12,0x14	 x12:0x22f2ff21 x28=0x0000022f
     366095.000 ns	     36608	800078c0	40c184b3	sub	x9,x3,x12	  x3:0x00000000 x12:0x22f2ff21  x9=0xdd0d00df
     366455.000 ns	     36644	800078c4	02717033	remu	x0,x2,x7	  x2:0xffffffff  x7:0xffffffff
     366505.000 ns	     36649	800078c8	0020c953	fadd.s	f18,f1,f2	  f1:0x80400000  f2:0x00000000 f18=0x80400000
     366535.000 ns	     36652	800078cc	02c49133	mulh	x2,x9,x12	  x9:0xdd0d00df x12:0x22f2ff21  x2=0xfb3a8d93
     366565.000 ns	     36655	800078d0	d002f4d3	fcvt.s.w	f9,x5	  x5:0xffffffff  f9=0xbf800000
     366595.000 ns	     36658	800078d4	d00b99d3	fcvt.s.w	f19,x23	 x23:0x00000000 f19=0x00000000
     366625.000 ns	     36661	800078d8	f0028953	fmv.w.x	f18,x5	  x5:0xffffffff f18=0xffffffff
     366655.000 ns	     36664	800078dc	a0cfa453	feq.s	x8,f31,f12	 f31:0x54ab7822 f12:0x4580f000  x8=0x00000000
     367025.000 ns	     36701	800078e0	029ae933	rem	x18,x21,x9	 x21:0x54ab7822  x9:0xdd0d00df x18=0x0ec579e0
     367045.000 ns	     36703	800078e4	ddc4e493	ori	x9,x9,-548	  x9:0xdd0d00df  x9=0xfffffddf
     367065.000 ns	     36705	800078e8	c00ba053	fcvt.w.s	x0,f23	 f23:0xcefff7e1
     367085.000 ns	     36707	800078ec	013d60b3	or	x1,x26,x19	 x26:0x00000000 x19:0xffffffff  x1=0xffffffff
     367105.000 ns	     36709	800078f0	c00aadd3	fcvt.w.s	x27,f21	 f21:0x80000000 x27=0x00000000
     367135.000 ns	     36712	800078f4	e00b0e53	fmv.x.w	x28,f22	 f22:0x7fc00000 x28=0x7fc00000
     367475.000 ns	     36746	800078f8	19a5fa53	fdiv.s	f20,f11,f26	 f11:0xaba2d23f f26:0x4280779f f20=0xa86e9b78
     367495.000 ns	     36748	800078fc	003587b3	add	x15,x11,x3	 x11:0x80040fe4  x3:0x00000000 x15=0x80040fe4
     367515.000 ns	     36750	80007900	03ba5733	divu	x14,x20,x27	 x20:0x80041024 x27:0x00000000 x14=0xffffffff
     367535.000 ns	     36752	80007904	019f89b3	add	x19,x31,x25	 x31:0x00000000 x25:0xe0a36000 x19=0xe0a36000
     367545.000 ns	     36753	80007908	00f2e0b3	or	x1,x5,x15	  x5:0xffffffff x15:0x80040fe4  x1=0xffffffff
     367555.000 ns	     36754	8000790c	0160ea33	or	x20,x1,x22	  x1:0xffffffff x22:0x0000101e x20=0xffffffff
     367565.000 ns	     36755	80007910	017fb533	sltu	x10,x31,x23	 x31:0x00000000 x23:0x00000000 x10=0x00000000
     367585.000 ns	     36757	80007914	a05a9153	flt.s	x2,f21,f5	 f21:0x80000000  f5:0x79dfb000  x2=0x00000001
     367635.000 ns	     36762	80007918	09dec7d3	fsub.s	f15,f29,f29	 f29:0x80000000 f29:0x80000000 f15=0x00000000
     368005.000 ns	     36799	8000791c	031a48b3	div	x17,x20,x17	 x20:0xffffffff x17:0x79dfb000 x17=0x00000000
     368025.000 ns	     36801	80007920	78dd3013	sltiu	x0,x26,1933	 x26:0x00000000
     368035.000 ns	     36802	80007924	4084d993	srai	x19,x9,0x8	  x9:0xfffffddf x19=0xfffffffd
     368045.000 ns	     36803	80007928	00172033	slt	x0,x14,x1	 x14:0xffffffff  x1:0xffffffff
     368065.000 ns	     36805	8000792c	203c03d3	fsgnj.s	f7,f24,f3	 f24:0x7f800000  f3:0x1c764f63  f7=0x7f800000
     368085.000 ns	     36807	80007930	26e28093	addi	x1,x5,622	  x5:0xffffffff  x1=0x0000026d
     368095.000 ns	     36808	80007934	01313533	sltu	x10,x2,x19	  x2:0x00000001 x19:0xfffffffd x10=0x00000001
     368105.000 ns	     36809	80007938	00000013	addi	x0,x0,0	  x0:0x00000000
     368115.000 ns	     36810	8000793c	007ca633	slt	x12,x25,x7	 x25:0xe0a36000  x7:0xffffffff x12=0x00000001
     368135.000 ns	     36812	80007940	284d9c53	fmax.s	f24,f27,f4	 f27:0x4735078a  f4:0x80000000 f24=0x4735078a
     368165.000 ns	     36815	80007944	29fd0a53	fmin.s	f20,f26,f31	 f26:0x4280779f f31:0x54ab7822 f20=0x4280779f
     368195.000 ns	     36818	80007948	039b32b3	mulhu	x5,x22,x25	 x22:0x0000101e x25:0xe0a36000  x5=0x00000e24
     368215.000 ns	     36820	8000794c	009b7133	and	x2,x22,x9	 x22:0x0000101e  x9:0xfffffddf  x2=0x0000101e
     368235.000 ns	     36822	80007950	c000bb53	fcvt.w.s	x22,f1	  f1:0x80400000 x22=0x00000000
     368255.000 ns	     36824	80007954	17394537	lui	x10,0x17394	 x10=0x17394000
     368265.000 ns	     36825	80007958	5a304313	xori	x6,x0,1443	  x0:0x00000000  x6=0x000005a3
     368595.000 ns	     36858	8000795c	19ec7053	fdiv.s	f0,f24,f30	 f24:0x4735078a f30:0x4735078a  f0=0x3f48f026
     368625.000 ns	     36861	80007960	d00a74d3	fcvt.s.w	f9,x20	 x20:0xffffffff  f9=0xbf800000
     368645.000 ns	     36863	80007964	019c1c33	sll	x24,x24,x25	 x24:0x00000001 x25:0xe0a36000 x24=0x00000001
     368655.000 ns	     36864	80007968	af6acb37	lui	x22,0xaf6ac	 x22=0xaf6ac000
     368675.000 ns	     36866	8000796c	21f3a353	fsgnjx.s	f6,f7,f31	  f7:0x7f800000 f31:0x54ab7822  f6=0x7f800000
     368695.000 ns	     36868	80007970	6f377613	andi	x12,x14,1779	 x14:0xffffffff x12=0x000006f3
     368705.000 ns	     36869	80007974	4ab9a713	slti	x14,x19,1195	 x19:0xfffffffd x14=0x00000001
     368725.000 ns	     36871	80007978	030ea7b3	mulhsu	x15,x29,x16	 x29:0x49697824 x16:0x00000000 x15=0x00000000
     368755.000 ns	     36874	8000797c	a01c8953	fle.s	x18,f25,f1	 f25:0x4ef3bf60  f1:0x80400000 x18=0x00000000
     368795.000 ns	     36878	80007980	5804cf53	fsqrt.s	f30,f9	  f9:0xbf800000 f30=0x7fc00000
     368825.000 ns	     36881	80007984	e00808d3	fmv.x.w	x17,f16	 f16:0x00000000 x17=0x00000000
     368865.000 ns	     36885	80007988	19f121d3	fdiv.s	f3,f2,f31	  f2:0x00000000 f31:0x54ab7822  f3=0x00000000
     368895.000 ns	     36888	8000798c	29be8653	fmin.s	f12,f29,f27	 f29:0x80000000 f27:0x4735078a f12=0x80000000
     368925.000 ns	     36891	80007990	a16f9253	flt.s	x4,f31,f22	 f31:0x54ab7822 f22:0x7fc00000  x4=0x00000000
     368945.000 ns	     36893	80007994	4176d2b3	sra	x5,x13,x23	 x13:0x00000000 x23:0x00000000  x5=0x00000000
     368965.000 ns	     36895	80007998	215e9253	fsgnjn.s	f4,f29,f21	 f29:0x80000000 f21:0x80000000  f4=0x00000000
     369015.000 ns	     36900	8000799c	01baf353	fadd.s	f6,f21,f27	 f21:0x80000000 f27:0x4735078a  f6=0x4735078a
     369355.000 ns	     36934	800079a0	1916f7d3	fdiv.s	f15,f13,f17	 f13:0x1c764f63 f17:0x00400000 f15=0x5b2dddb1
     369375.000 ns	     36936	800079a4	41225313	srai	x6,x4,0x12	  x4:0x00000000  x6=0x00000000
     369405.000 ns	     36939	800079a8	186679d3	fdiv.s	f19,f12,f6	 f12:0x80000000  f6:0x4735078a f19=0x80000000
     369455.000 ns	     36944	800079ac	0188f953	fadd.s	f18,f17,f24	 f17:0x00400000 f24:0x4735078a f18=0x4735078a
     369485.000 ns	     36947	800079b0	c00378d3	fcvt.w.s	x17,f6	  f6:0x4735078a x17=0x0000b507
     369515.000 ns	     36950	800079b4	033b9fb3	mulh	x31,x23,x19	 x23:0x00000000 x19:0xfffffffd x31=0x00000000
     369545.000 ns	     36953	800079b8	f0020ad3	fmv.w.x	f21,x4	  x4:0x00000000 f21=0x00000000
     369915.000 ns	     36990	800079bc	035d7eb3	remu	x29,x26,x21	 x26:0x00000000 x21:0x54ab7822 x29=0x00000000
     370255.000 ns	     37024	800079c0	1897f753	fdiv.s	f14,f15,f9	 f15:0x5b2dddb1  f9:0xbf800000 f14=0xdab3cd7a
     370305.000 ns	     37029	800079c4	014072d3	fadd.s	f5,f0,f20	  f0:0x3f48f026 f20:0x4280779f  f5=0x4282097f
     370335.000 ns	     37032	800079c8	29d50453	fmin.s	f8,f10,f29	 f10:0x7fc00000 f29:0x80000000  f8=0x80000000
     370355.000 ns	     37034	800079cc	0060f4b3	and	x9,x1,x6	  x1:0x0000026d  x6:0x00000000  x9=0x00000000
     370365.000 ns	     37035	800079d0	009147b3	xor	x15,x2,x9	  x2:0x0000101e  x9:0xfffffddf x15=0x0000101e
     370385.000 ns	     37037	800079d4	c00cf353	fcvt.w.s	x6,f25	 f25:0x4ef3bf60  x6=0x79dfb000
     370415.000 ns	     37040	800079d8	02beb6b3	mulhu	x13,x29,x11	 x29:0x00000000 x11:0x80040fe4 x13=0x00000000
     370435.000 ns	     37042	800079dc	21446913	ori	x18,x8,532	  x8:0x00000000 x18=0x00000214
     370445.000 ns	     37043	800079e0	8c6ca793	slti	x15,x25,-1850	 x25:0xe0a36000 x15=0x00000001
     370455.000 ns	     37044	800079e4	01be9813	slli	x16,x29,0x1b	 x29:0x00000000 x16=0x00000000
     370475.000 ns	     37046	800079e8	29b81ad3	fmax.s	f21,f16,f27	 f16:0x00000000 f27:0x4735078a f21=0x4735078a
     370495.000 ns	     37048	800079ec	01561f93	slli	x31,x12,0x15	 x12:0x000006f3 x31=0xde600000
     370525.000 ns	     37051	800079f0	115623d3	fmul.s	f7,f12,f21	 f12:0x80000000 f21:0x4735078a  f7=0x80000000
     370545.000 ns	     37053	800079f4	0092fdb3	and	x27,x5,x9	  x5:0x00000000  x9:0x00000000 x27=0x00000000
     370565.000 ns	     37055	800079f8	c00c7a53	fcvt.w.s	x20,f24	 f24:0x4735078a x20=0x0000b507
     370595.000 ns	     37058	800079fc	a0e08153	fle.s	x2,f1,f14	  f1:0x80400000 f14:0xdab3cd7a  x2=0x00000000
     370615.000 ns	     37060	80007a00	00000013	addi	x0,x0,0	  x0:0x00000000
     370625.000 ns	     37061	80007a04	01247db3	and	x27,x8,x18	  x8:0x00000000 x18:0x00000214 x27=0x00000000
     370635.000 ns	     37062	80007a08	00def0b3	and	x1,x29,x13	 x29:0x00000000 x13:0x00000000  x1=0x00000000
     370645.000 ns	     37063	80007a0c	df732d93	slti	x27,x6,-521	  x6:0x79dfb000 x27=0x00000000
     370655.000 ns	     37064	80007a10	00000013	addi	x0,x0,0	  x0:0x00000000
     370675.000 ns	     37066	80007a14	a0c59cd3	flt.s	x25,f11,f12	 f11:0xaba2d23f f12:0x80000000 x25=0x00000001
     371015.000 ns	     37100	80007a18	18077e53	fdiv.s	f28,f14,f0	 f14:0xdab3cd7a  f0:0x3f48f026 f28=0xdae51210
     371045.000 ns	     37103	80007a1c	20998b53	fsgnj.s	f22,f19,f9	 f19:0x80000000  f9:0xbf800000 f22=0x80000000
     371075.000 ns	     37106	80007a20	d01cfcd3	fcvt.s.wu	f25,x25	 x25:0x00000001 f25=0x3f800000
     371095.000 ns	     37108	80007a24	ac12e813	ori	x16,x5,-1343	  x5:0x00000000 x16=0xfffffac1
     371105.000 ns	     37109	80007a28	41a15293	srai	x5,x2,0x1a	  x2:0x00000000  x5=0x00000000
     371125.000 ns	     37111	80007a2c	211d17d3	fsgnjn.s	f15,f26,f17	 f26:0x4280779f f17:0x00400000 f15=0xc280779f
     371155.000 ns	     37114	80007a30	a0d52153	feq.s	x2,f10,f13	 f10:0x7fc00000 f13:0x1c764f63  x2=0x00000000
     371175.000 ns	     37116	80007a34	5ae02d93	slti	x27,x0,1454	  x0:0x00000000 x27=0x00000001
     371185.000 ns	     37117	80007a38	01c14cb3	xor	x25,x2,x28	  x2:0x00000000 x28:0x7fc00000 x25=0x7fc00000
     371195.000 ns	     37118	80007a3c	888dff93	andi	x31,x27,-1912	 x27:0x00000000 x31=0x00000000
     371215.000 ns	     37120	80007a40	a06b17d3	flt.s	x15,f22,f6	 f22:0x80000000  f6:0x4735078a x15=0x00000001
     371235.000 ns	     37122	80007a44	003136b3	sltu	x13,x2,x3	  x2:0x00000000  x3:0x00000000 x13=0x00000000
     371255.000 ns	     37124	80007a48	a1f30e53	fle.s	x28,f6,f31	  f6:0x4735078a f31:0x54ab7822 x28=0x00000001
     371275.000 ns	     37126	80007a4c	d1ffc113	xori	x2,x31,-737	 x31:0x00000000  x2=0xfffffd1f
     371295.000 ns	     37128	80007a50	03dfa7b3	mulhsu	x15,x31,x29	 x31:0x00000000 x29:0x00000000 x15=0x00000000
     371315.000 ns	     37130	80007a54	00af0cb3	add	x25,x30,x10	 x30:0x80041024 x10:0x17394000 x25=0x973d5024
     371325.000 ns	     37131	80007a58	003d9633	sll	x12,x27,x3	 x27:0x00000001  x3:0x00000000 x12=0x00000001
     371345.000 ns	     37133	80007a5c	02d0f0b3	remu	x1,x1,x13	  x1:0x00000000 x13:0x00000000  x1=0x00000000
     371365.000 ns	     37135	80007a60	4191d213	srai	x4,x3,0x19	  x3:0x00000000  x4=0x00000000
     371375.000 ns	     37136	80007a64	00525213	srli	x4,x4,0x5	  x4:0x00000000  x4=0x00000000
     371385.000 ns	     37137	80007a68	414e5d93	srai	x27,x28,0x14	 x28:0x00000001 x27=0x00000000
     371395.000 ns	     37138	80007a6c	c1d2b413	sltiu	x8,x5,-995	  x5:0x00000000  x8=0x00000001
     371405.000 ns	     37139	80007a70	0192ae33	slt	x28,x5,x25	  x5:0x00000000 x25:0x973d5024 x28=0x00000000
     371425.000 ns	     37141	80007a74	a065add3	feq.s	x27,f11,f6	 f11:0xaba2d23f  f6:0x4735078a x27=0x00000000
     371445.000 ns	     37143	80007a78	f1b48797	auipc	x15,0xf1b48	 x15=0x71b4fa78
     371465.000 ns	     37145	80007a7c	03ffd233	divu	x4,x31,x31	 x31:0x00000000 x31:0x00000000  x4=0xffffffff
     371505.000 ns	     37149	80007a80	19d17fd3	fdiv.s	f31,f2,f29	  f2:0x00000000 f29:0x80000000 f31=0x7fc00000
     371535.000 ns	     37152	80007a84	20781753	fsgnjn.s	f14,f16,f7	 f16:0x00000000  f7:0x80000000 f14=0x00000000
     371565.000 ns	     37155	80007a88	d0147ad3	fcvt.s.wu	f21,x8	  x8:0x00000001 f21=0x3f800000
     371935.000 ns	     37192	80007a8c	0312efb3	rem	x31,x5,x17	  x5:0x00000000 x17:0x0000b507 x31=0x00000000
     371955.000 ns	     37194	80007a90	41bd0833	sub	x16,x26,x27	 x26:0x00000000 x27:0x00000000 x16=0x00000000
     371965.000 ns	     37195	80007a94	00ca59b3	srl	x19,x20,x12	 x20:0x0000b507 x12:0x00000001 x19=0x00005a83
     371985.000 ns	     37197	80007a98	e0030653	fmv.x.w	x12,f6	  f6:0x4735078a x12=0x4735078a
     372015.000 ns	     37200	80007a9c	032e8a33	mul	x20,x29,x18	 x29:0x00000000 x18:0x00000214 x20=0x00000000
     372035.000 ns	     37202	80007aa0	c06b7a37	lui	x20,0xc06b7	 x20=0xc06b7000
     372045.000 ns	     37203	80007aa4	00fdb433	sltu	x8,x27,x15	 x27:0x00000000 x15:0x71b4fa78  x8=0x00000001
     372055.000 ns	     37204	80007aa8	ac0d3017	auipc	x0,0xac0d3	
     372075.000 ns	     37206	80007aac	036fafb3	mulhsu	x31,x31,x22	 x31:0x00000000 x22:0xaf6ac000 x31=0x00000000
     372095.000 ns	     37208	80007ab0	005d7bb3	and	x23,x26,x5	 x26:0x00000000  x5:0x00000000 x23=0x00000000
     372115.000 ns	     37210	80007ab4	218089d3	fsgnj.s	f19,f1,f24	  f1:0x80400000 f24:0x4735078a f19=0x00400000
     372135.000 ns	     37212	80007ab8	00dfde13	srli	x28,x31,0xd	 x31:0x00000000 x28=0x00000000
     372145.000 ns	     37213	80007abc	0022be33	sltu	x28,x5,x2	  x5:0x00000000  x2:0xfffffd1f x28=0x00000001
     372185.000 ns	     37217	80007ac0	099e0d53	fsub.s	f26,f28,f25	 f28:0xdae51210 f25:0x3f800000 f26=0xdae51210
     372215.000 ns	     37220	80007ac4	2188a3d3	fsgnjx.s	f7,f17,f24	 f17:0x00400000 f24:0x4735078a  f7=0x00400000
     372235.000 ns	     37222	80007ac8	0045f4b3	and	x9,x11,x4	 x11:0x80040fe4  x4:0xffffffff  x9=0x80040fe4
     372255.000 ns	     37224	80007acc	29a61bd3	fmax.s	f23,f12,f26	 f12:0x80000000 f26:0xdae51210 f23=0x80000000
     372275.000 ns	     37226	80007ad0	01287633	and	x12,x16,x18	 x16:0x00000000 x18:0x00000214 x12=0x00000000
     372295.000 ns	     37228	80007ad4	28811353	fmax.s	f6,f2,f8	  f2:0x00000000  f8:0x80000000  f6=0x00000000
     372315.000 ns	     37230	80007ad8	6d0b2893	slti	x17,x22,1744	 x22:0xaf6ac000 x17=0x00000001
     372325.000 ns	     37231	80007adc	406988b3	sub	x17,x19,x6	 x19:0x00005a83  x6:0x79dfb000 x17=0x8620aa83
     372335.000 ns	     37232	80007ae0	e8f10f93	addi	x31,x2,-369	  x2:0xfffffd1f x31=0xfffffbae
     372375.000 ns	     37236	80007ae4	013218d3	fadd.s	f17,f4,f19	  f4:0x00000000 f19:0x00400000 f17=0x00400000
     372395.000 ns	     37238	80007ae8	0161c033	xor	x0,x3,x22	  x3:0x00000000 x22:0xaf6ac000
     372415.000 ns	     37240	80007aec	02d7b833	mulhu	x16,x15,x13	 x15:0x71b4fa78 x13:0x00000000 x16=0x00000000
     372455.000 ns	     37244	80007af0	580d4ed3	fsqrt.s	f29,f26	 f26:0xdae51210 f29=0x7fc00000
     372505.000 ns	     37249	80007af4	007313d3	fadd.s	f7,f6,f7	  f6:0x00000000  f7:0x00400000  f7=0x00400000
     372535.000 ns	     37252	80007af8	d00db4d3	fcvt.s.w	f9,x27	 x27:0x00000000  f9=0x00000000
     372565.000 ns	     37255	80007afc	f00287d3	fmv.w.x	f15,x5	  x5:0x00000000 f15=0x00000000
     372595.000 ns	     37258	80007b00	a1941ed3	flt.s	x29,f8,f25	  f8:0x80000000 f25:0x3f800000 x29=0x00000001
     372615.000 ns	     37260	80007b04	00bac133	xor	x2,x21,x11	 x21:0x54ab7822 x11:0x80040fe4  x2=0xd4af77c6
     372625.000 ns	     37261	80007b08	4166d093	srai	x1,x13,0x16	 x13:0x00000000  x1=0x00000000
     372635.000 ns	     37262	80007b0c	77272713	slti	x14,x14,1906	 x14:0x00000001 x14=0x00000001
     372645.000 ns	     37263	80007b10	01ba6933	or	x18,x20,x27	 x20:0xc06b7000 x27:0x00000000 x18=0xc06b7000
     372665.000 ns	     37265	80007b14	03d00133	mul	x2,x0,x29	  x0:0x00000000 x29:0x00000001  x2=0x00000000
     372695.000 ns	     37268	80007b18	29081ad3	fmax.s	f21,f16,f16	 f16:0x00000000 f16:0x00000000 f21=0x00000000
     372715.000 ns	     37270	80007b1c	83ca6e97	auipc	x29,0x83ca6	 x29=0x03cadb1c
     372725.000 ns	     37271	80007b20	5c1b8237	lui	x4,0x5c1b8	  x4=0x5c1b8000
     372745.000 ns	     37273	80007b24	293f8153	fmin.s	f2,f31,f19	 f31:0x7fc00000 f19:0x00400000  f2=0x00400000
     372765.000 ns	     37275	80007b28	40e45133	sra	x2,x8,x14	  x8:0x00000001 x14:0x00000001  x2=0x00000000
     372785.000 ns	     37277	80007b2c	d0120253	fcvt.s.wu	f4,x4	  x4:0x5c1b8000  f4=0x4eb83700
     373155.000 ns	     37314	80007b30	02f176b3	remu	x13,x2,x15	  x2:0x00000000 x15:0x71b4fa78 x13=0x00000000
     373175.000 ns	     37316	80007b34	41d45793	srai	x15,x8,0x1d	  x8:0x00000001 x15=0x00000000
     373195.000 ns	     37318	80007b38	03023133	mulhu	x2,x4,x16	  x4:0x5c1b8000 x16:0x00000000  x2=0x00000000
     373225.000 ns	     37321	80007b3c	03313333	mulhu	x6,x2,x19	  x2:0x00000000 x19:0x00005a83  x6=0x00000000
     373255.000 ns	     37324	80007b40	20ec96d3	fsgnjn.s	f13,f25,f14	 f25:0x3f800000 f14:0x00000000 f13=0xbf800000
     373285.000 ns	     37327	80007b44	02272fb3	mulhsu	x31,x14,x2	 x14:0x00000001  x2:0x00000000 x31=0x00000000
     373305.000 ns	     37329	80007b48	40b883b3	sub	x7,x17,x11	 x17:0x8620aa83 x11:0x80040fe4  x7=0x061c9a9f
     373345.000 ns	     37333	80007b4c	08c9fdd3	fsub.s	f27,f19,f12	 f19:0x00400000 f12:0x80000000 f27=0x00400000
     373375.000 ns	     37336	80007b50	a00ca8d3	feq.s	x17,f25,f0	 f25:0x3f800000  f0:0x3f48f026 x17=0x00000000
     373395.000 ns	     37338	80007b54	009c5533	srl	x10,x24,x9	 x24:0x00000001  x9:0x80040fe4 x10=0x00000000
     373405.000 ns	     37339	80007b58	01af4c33	xor	x24,x30,x26	 x30:0x80041024 x26:0x00000000 x24=0x80041024
     373425.000 ns	     37341	80007b5c	21732e53	fsgnjx.s	f28,f6,f23	  f6:0x00000000 f23:0x80000000 f28=0x80000000
     373455.000 ns	     37344	80007b60	a05580d3	fle.s	x1,f11,f5	 f11:0xaba2d23f  f5:0x4282097f  x1=0x00000001
     373475.000 ns	     37346	80007b64	008d8eb3	add	x29,x27,x8	 x27:0x00000000  x8:0x00000001 x29=0x00000001
     373495.000 ns	     37348	80007b68	028db6b3	mulhu	x13,x27,x8	 x27:0x00000000  x8:0x00000001 x13=0x00000000
     373515.000 ns	     37350	80007b6c	01f99213	slli	x4,x19,0x1f	 x19:0x00005a83  x4=0x80000000
     373535.000 ns	     37352	80007b70	e0089453	fclass.s	x8,f17	 f17:0x00400000  x8=0x00000020
     374715.000 ns	     37470	80007b74	580a7b53	fsqrt.s	f22,f20	 f20:0x4280779f f22=0x41003b99
     374735.000 ns	     37472	80007b78	40abd893	srai	x17,x23,0xa	 x23:0x00000000 x17=0x00000000
     374745.000 ns	     37473	80007b7c	00000013	addi	x0,x0,0	  x0:0x00000000
     374765.000 ns	     37475	80007b80	29fa12d3	fmax.s	f5,f20,f31	 f20:0x4280779f f31:0x7fc00000  f5=0x4280779f
     374805.000 ns	     37479	80007b84	11dcfdd3	fmul.s	f27,f25,f29	 f25:0x3f800000 f29:0x7fc00000 f27=0x7fc00000
     374835.000 ns	     37482	80007b88	28eb1553	fmax.s	f10,f22,f14	 f22:0x41003b99 f14:0x00000000 f10=0x41003b99
     374855.000 ns	     37484	80007b8c	00000013	addi	x0,x0,0	  x0:0x00000000
     374875.000 ns	     37486	80007b90	21600c53	fsgnj.s	f24,f0,f22	  f0:0x3f48f026 f22:0x41003b99 f24=0x3f48f026
     374905.000 ns	     37489	80007b94	e00e0a53	fmv.x.w	x20,f28	 f28:0x80000000 x20=0x80000000
     374935.000 ns	     37492	80007b98	a0888153	fle.s	x2,f17,f8	 f17:0x00400000  f8:0x80000000  x2=0x00000000
     374965.000 ns	     37495	80007b9c	20fa11d3	fsgnjn.s	f3,f20,f15	 f20:0x4280779f f15:0x00000000  f3=0xc280779f
     374995.000 ns	     37498	80007ba0	a1cf9bd3	flt.s	x23,f31,f28	 f31:0x7fc00000 f28:0x80000000 x23=0x00000000
     375045.000 ns	     37503	80007ba4	018bc5d3	fadd.s	f11,f23,f24	 f23:0x80000000 f24:0x3f48f026 f11=0x3f48f026
     375085.000 ns	     37507	80007ba8	101111d3	fmul.s	f3,f2,f1	  f2:0x00400000  f1:0x80400000  f3=0x80000000
     375105.000 ns	     37509	80007bac	1dc3cb13	xori	x22,x7,476	  x7:0x061c9a9f x22=0x061c9b43
     375125.000 ns	     37511	80007bb0	e0019b53	fclass.s	x22,f3	  f3:0x80000000 x22=0x00000008
     375145.000 ns	     37513	80007bb4	1c954e93	xori	x29,x10,457	 x10:0x00000000 x29=0x000001c9
     375155.000 ns	     37514	80007bb8	01193633	sltu	x12,x18,x17	 x18:0xc06b7000 x17:0x00000000 x12=0x00000000
     375165.000 ns	     37515	80007bbc	411bd433	sra	x8,x23,x17	 x23:0x00000000 x17:0x00000000  x8=0x00000000
     375175.000 ns	     37516	80007bc0	ee45f493	andi	x9,x11,-284	 x11:0x80040fe4  x9=0x80040ee4
     375185.000 ns	     37517	80007bc4	00000013	addi	x0,x0,0	  x0:0x00000000
     375205.000 ns	     37519	80007bc8	026f0333	mul	x6,x30,x6	 x30:0x80041024  x6:0x00000000  x6=0x00000000
     375235.000 ns	     37522	80007bcc	d006fed3	fcvt.s.w	f29,x13	 x13:0x00000000 f29=0x00000000
     375275.000 ns	     37526	80007bd0	104675d3	fmul.s	f11,f12,f4	 f12:0x80000000  f4:0x4eb83700 f11=0x80000000
     375645.000 ns	     37563	80007bd4	03de6fb3	rem	x31,x28,x29	 x28:0x00000001 x29:0x000001c9 x31=0x00000001
     375675.000 ns	     37566	80007bd8	023d8fb3	mul	x31,x27,x3	 x27:0x00000000  x3:0x00000000 x31=0x00000000
     375705.000 ns	     37569	80007bdc	e0071453	fclass.s	x8,f14	 f14:0x00000000  x8=0x00000010
     375745.000 ns	     37573	80007be0	5800f053	fsqrt.s	f0,f1	  f1:0x80400000  f0=0x7fc00000
     375775.000 ns	     37576	80007be4	d01d2953	fcvt.s.wu	f18,x26	 x26:0x00000000 f18=0x00000000
     375805.000 ns	     37579	80007be8	0259d533	divu	x10,x19,x5	 x19:0x00005a83  x5:0x00000000 x10=0xffffffff
     375825.000 ns	     37581	80007bec	002f4933	xor	x18,x30,x2	 x30:0x80041024  x2:0x00000000 x18=0x80041024
     375845.000 ns	     37583	80007bf0	a11310d3	flt.s	x1,f6,f17	  f6:0x00000000 f17:0x00400000  x1=0x00000001
     375885.000 ns	     37587	80007bf4	117e7353	fmul.s	f6,f28,f23	 f28:0x80000000 f23:0x80000000  f6=0x00000000
     376225.000 ns	     37621	80007bf8	18d2fc53	fdiv.s	f24,f5,f13	  f5:0x4280779f f13:0xbf800000 f24=0xc204da92
     376245.000 ns	     37623	80007bfc	417553b3	sra	x7,x10,x23	 x10:0xffffffff x23:0x00000000  x7=0xffffffff
     376605.000 ns	     37659	80007c00	039172b3	remu	x5,x2,x25	  x2:0x00000000 x25:0x973d5024  x5=0x00000000
     376975.000 ns	     37696	80007c04	02e7e7b3	rem	x15,x15,x14	 x15:0x00000000 x14:0x00000001 x15=0x00000000
     376995.000 ns	     37698	80007c08	01f0f2b3	and	x5,x1,x31	  x1:0x00000001 x31:0x00000000  x5=0x00000000
     377005.000 ns	     37699	80007c0c	006c3233	sltu	x4,x24,x6	 x24:0x80041024  x6:0x00000000  x4=0x00000000
     377045.000 ns	     37703	80007c10	08cc7253	fsub.s	f4,f24,f12	 f24:0xc204da92 f12:0x80000000  f4=0xc204da92
     377065.000 ns	     37705	80007c14	41cf56b3	sra	x13,x30,x28	 x30:0x80041024 x28:0x00000001 x13=0xc0020812
     377085.000 ns	     37707	80007c18	03b24c33	div	x24,x4,x27	  x4:0x00000000 x27:0x00000000 x24=0xffffffff
     377105.000 ns	     37709	80007c1c	01ebc9b3	xor	x19,x23,x30	 x23:0x00000000 x30:0x80041024 x19=0x80041024
     377125.000 ns	     37711	80007c20	28169b53	fmax.s	f22,f13,f1	 f13:0xbf800000  f1:0x80400000 f22=0x80400000
     377145.000 ns	     37713	80007c24	7635f093	andi	x1,x11,1891	 x11:0x80040fe4  x1=0x00000760
     377155.000 ns	     37714	80007c28	44788093	addi	x1,x17,1095	 x17:0x00000000  x1=0x00000447
     377175.000 ns	     37716	80007c2c	03d5a033	mulhsu	x0,x11,x29	 x11:0x80040fe4 x29:0x000001c9
     377195.000 ns	     37718	80007c30	4a31b413	sltiu	x8,x3,1187	  x3:0x00000000  x8=0x00000001
     377205.000 ns	     37719	80007c34	821bc813	xori	x16,x23,-2015	 x23:0x00000000 x16=0xfffff821
     377215.000 ns	     37720	80007c38	41ead693	srai	x13,x21,0x1e	 x21:0x54ab7822 x13=0x00000001
     377225.000 ns	     37721	80007c3c	00dc1d33	sll	x26,x24,x13	 x24:0xffffffff x13:0xc0020812 x26=0xfffffffe
     377245.000 ns	     37723	80007c40	283d9253	fmax.s	f4,f27,f3	 f27:0x7fc00000  f3:0x80000000  f4=0x80000000
     377275.000 ns	     37726	80007c44	21e5a953	fsgnjx.s	f18,f11,f30	 f11:0x80000000 f30:0x7fc00000 f18=0x80000000
     377305.000 ns	     37729	80007c48	e0068b53	fmv.x.w	x22,f13	 f13:0xbf800000 x22=0xbf800000
     377335.000 ns	     37732	80007c4c	28998b53	fmin.s	f22,f19,f9	 f19:0x00400000  f9:0x00000000 f22=0x00000000
     377365.000 ns	     37735	80007c50	295e8353	fmin.s	f6,f29,f21	 f29:0x00000000 f21:0x00000000  f6=0x00000000
     377395.000 ns	     37738	80007c54	e0041b53	fclass.s	x22,f8	  f8:0x80000000 x22=0x00000008
     377425.000 ns	     37741	80007c58	29ee8ad3	fmin.s	f21,f29,f30	 f29:0x00000000 f30:0x7fc00000 f21=0x00000000
     377455.000 ns	     37744	80007c5c	c0189953	fcvt.wu.s	x18,f17	 f17:0x00400000 x18=0x00000000
     377475.000 ns	     37746	80007c60	412dd313	srai	x6,x27,0x12	 x27:0x00000000  x6=0x00000000
     377485.000 ns	     37747	80007c64	01545e33	srl	x28,x8,x21	  x8:0x00000001 x21:0x54ab7822 x28=0x00000000
     377505.000 ns	     37749	80007c68	a0682853	feq.s	x16,f16,f6	 f16:0x00000000  f6:0x00000000 x16=0x00000001
     377525.000 ns	     37751	80007c6c	003dcbb3	xor	x23,x27,x3	 x27:0x00000000  x3:0x00000000 x23=0x00000000
     377555.000 ns	     37754	80007c70	104af5d3	fmul.s	f11,f21,f4	 f21:0x00000000  f4:0x80000000 f11=0x80000000
     377575.000 ns	     37756	80007c74	007e9e13	slli	x28,x29,0x7	 x29:0x000001c9 x28=0x0000e480
     377595.000 ns	     37758	80007c78	e0050353	fmv.x.w	x6,f10	 f10:0x41003b99  x6=0x41003b99
     377635.000 ns	     37762	80007c7c	18b9add3	fdiv.s	f27,f19,f11	 f19:0x00400000 f11:0x80000000 f27=0xff800000
     377655.000 ns	     37764	80007c80	0055bd33	sltu	x26,x11,x5	 x11:0x80040fe4  x5:0x00000000 x26=0x00000000
     377665.000 ns	     37765	80007c84	c0a15637	lui	x12,0xc0a15	 x12=0xc0a15000
     378025.000 ns	     37801	80007c88	039a64b3	rem	x9,x20,x25	 x20:0x80000000 x25:0x973d5024  x9=0xe8c2afdc
     378055.000 ns	     37804	80007c8c	20989853	fsgnjn.s	f16,f17,f9	 f17:0x00400000  f9:0x00000000 f16=0x80400000
     378085.000 ns	     37807	80007c90	0378b533	mulhu	x10,x17,x23	 x17:0x00000000 x23:0x00000000 x10=0x00000000
     378125.000 ns	     37811	80007c94	11e22fd3	fmul.s	f31,f4,f30	  f4:0x80000000 f30:0x7fc00000 f31=0x7fc00000
     378145.000 ns	     37813	80007c98	01721013	slli	x0,x4,0x17	  x4:0x00000000
     378165.000 ns	     37815	80007c9c	a1ff0cd3	fle.s	x25,f30,f31	 f30:0x7fc00000 f31:0x7fc00000 x25=0x00000000
     378185.000 ns	     37817	80007ca0	0180b1b3	sltu	x3,x1,x24	  x1:0x00000447 x24:0xffffffff  x3=0x00000001
     378225.000 ns	     37821	80007ca4	01b68a53	fadd.s	f20,f13,f27	 f13:0xbf800000 f27:0xff800000 f20=0xff800000
     378255.000 ns	     37824	80007ca8	215ba453	fsgnjx.s	f8,f23,f21	 f23:0x80000000 f21:0x00000000  f8=0x80000000
     378275.000 ns	     37826	80007cac	4133d0b3	sra	x1,x7,x19	  x7:0xffffffff x19:0x80041024  x1=0xffffffff
     378295.000 ns	     37828	80007cb0	29220153	fmin.s	f2,f4,f18	  f4:0x80000000 f18:0x80000000  f2=0x80000000
     378315.000 ns	     37830	80007cb4	67ff8e13	addi	x28,x31,1663	 x31:0x00000000 x28=0x0000067f
     378325.000 ns	     37831	80007cb8	009f93b3	sll	x7,x31,x9	 x31:0x00000000  x9:0xe8c2afdc  x7=0x00000000
     378345.000 ns	     37833	80007cbc	e00e87d3	fmv.x.w	x15,f29	 f29:0x00000000 x15=0x00000000
     378375.000 ns	     37836	80007cc0	031c9b33	mulh	x22,x25,x17	 x25:0x00000000 x17:0x00000000 x22=0x00000000
     378405.000 ns	     37839	80007cc4	a1869253	flt.s	x4,f13,f24	 f13:0xbf800000 f24:0xc204da92  x4=0x00000000
     378455.000 ns	     37844	80007cc8	090470d3	fsub.s	f1,f8,f16	  f8:0x80000000 f16:0x80400000  f1=0x00400000
     378475.000 ns	     37846	80007ccc	01ac8033	add	x0,x25,x26	 x25:0x00000000 x26:0x00000000
     378485.000 ns	     37847	80007cd0	00edb733	sltu	x14,x27,x14	 x27:0x00000000 x14:0x00000001 x14=0x00000001
     378525.000 ns	     37851	80007cd4	09049753	fsub.s	f14,f9,f16	  f9:0x00000000 f16:0x80400000 f14=0x00400000
     378555.000 ns	     37854	80007cd8	f00801d3	fmv.w.x	f3,x16	 x16:0x00000001  f3=0x00000001
     378585.000 ns	     37857	80007cdc	c00d04d3	fcvt.w.s	x9,f26	 f26:0xdae51210  x9=0x80000000
     378955.000 ns	     37894	80007ce0	030ccbb3	div	x23,x25,x16	 x25:0x00000000 x16:0x00000001 x23=0x00000000
     378975.000 ns	     37896	80007ce4	0146b4b3	sltu	x9,x13,x20	 x13:0x00000001 x20:0x80000000  x9=0x00000001
     378995.000 ns	     37898	80007ce8	03ec24b3	mulhsu	x9,x24,x30	 x24:0xffffffff x30:0x80041024  x9=0xffffffff
     379015.000 ns	     37900	80007cec	00000013	addi	x0,x0,0	  x0:0x00000000
     379035.000 ns	     37902	80007cf0	e00603d3	fmv.x.w	x7,f12	 f12:0x80000000  x7=0x80000000
     379055.000 ns	     37904	80007cf4	00e072b3	and	x5,x0,x14	  x0:0x00000000 x14:0x00000001  x5=0x00000000
     379415.000 ns	     37940	80007cf8	02d873b3	remu	x7,x16,x13	 x16:0x00000001 x13:0x00000001  x7=0x00000000
     379435.000 ns	     37942	80007cfc	00daab33	slt	x22,x21,x13	 x21:0x54ab7822 x13:0x00000001 x22=0x00000000
     379445.000 ns	     37943	80007d00	00a9ed33	or	x26,x19,x10	 x19:0x80041024 x10:0x00000000 x26=0x80041024
     379455.000 ns	     37944	80007d04	0065ee33	or	x28,x11,x6	 x11:0x80040fe4  x6:0x41003b99 x28=0xc1043ffd
     379475.000 ns	     37946	80007d08	219c83d3	fsgnj.s	f7,f25,f25	 f25:0x3f800000 f25:0x3f800000  f7=0x3f800000
     379845.000 ns	     37983	80007d0c	02cd72b3	remu	x5,x26,x12	 x26:0x80041024 x12:0xc0a15000  x5=0x80041024
     379865.000 ns	     37985	80007d10	0027f8b3	and	x17,x15,x2	 x15:0x00000000  x2:0x00000000 x17=0x00000000
     379875.000 ns	     37986	80007d14	00000013	addi	x0,x0,0	  x0:0x00000000
     379895.000 ns	     37988	80007d18	28bc09d3	fmin.s	f19,f24,f11	 f24:0xc204da92 f11:0x80000000 f19=0xc204da92
     379925.000 ns	     37991	80007d1c	28729e53	fmax.s	f28,f5,f7	  f5:0x4280779f  f7:0x3f800000 f28=0x4280779f
     379955.000 ns	     37994	80007d20	d0177c53	fcvt.s.wu	f24,x14	 x14:0x00000001 f24=0x3f800000
     379985.000 ns	     37997	80007d24	29a88753	fmin.s	f14,f17,f26	 f17:0x00400000 f26:0xdae51210 f14=0xdae51210
     380015.000 ns	     38000	80007d28	f0060c53	fmv.w.x	f24,x12	 x12:0xc0a15000 f24=0xc0a15000
     380035.000 ns	     38002	80007d2c	4160d133	sra	x2,x1,x22	  x1:0xffffffff x22:0x00000000  x2=0xffffffff
     380045.000 ns	     38003	80007d30	27083113	sltiu	x2,x16,624	 x16:0x00000001  x2=0x00000001
     380065.000 ns	     38005	80007d34	c00c89d3	fcvt.w.s	x19,f25	 f25:0x3f800000 x19=0x00000001
     380095.000 ns	     38008	80007d38	d0047953	fcvt.s.w	f18,x8	  x8:0x00000001 f18=0x3f800000
     380125.000 ns	     38011	80007d3c	21c90d53	fsgnj.s	f26,f18,f28	 f18:0x80000000 f28:0x4280779f f26=0x3f800000
     380465.000 ns	     38045	80007d40	18538cd3	fdiv.s	f25,f7,f5	  f7:0x3f800000  f5:0x4280779f f25=0x3c3b940a
     380485.000 ns	     38047	80007d44	419e0bb3	sub	x23,x28,x25	 x28:0xc1043ffd x25:0x00000000 x23=0xc1043ffd
     380495.000 ns	     38048	80007d48	41468b33	sub	x22,x13,x20	 x13:0x00000001 x20:0x80000000 x22=0x80000001
     380505.000 ns	     38049	80007d4c	42b01937	lui	x18,0x42b01	 x18=0x42b01000
     380515.000 ns	     38050	80007d50	6a39e193	ori	x3,x19,1699	 x19:0x00000001  x3=0x000006a3
     380535.000 ns	     38052	80007d54	e00a00d3	fmv.x.w	x1,f20	 f20:0xff800000  x1=0xff800000
     380565.000 ns	     38055	80007d58	d01c9753	fcvt.s.wu	f14,x25	 x25:0x00000000 f14=0x00000000
     380585.000 ns	     38057	80007d5c	81950b13	addi	x22,x10,-2023	 x10:0x00000000 x22=0xfffff819
     380605.000 ns	     38059	80007d60	f00681d3	fmv.w.x	f3,x13	 x13:0x00000001  f3=0x00000001
     380635.000 ns	     38062	80007d64	e0069fd3	fclass.s	x31,f13	 f13:0xbf800000 x31=0x00000002
     380665.000 ns	     38065	80007d68	a04a0b53	fle.s	x22,f20,f4	 f20:0xff800000  f4:0x80000000 x22=0x00000001
     380695.000 ns	     38068	80007d6c	a06a9bd3	flt.s	x23,f21,f6	 f21:0x00000000  f6:0x00000000 x23=0x00000000
     380725.000 ns	     38071	80007d70	a0402153	feq.s	x2,f0,f4	  f0:0x7fc00000  f4:0x80000000  x2=0x00000000
     380765.000 ns	     38075	80007d74	19c5f853	fdiv.s	f16,f11,f28	 f11:0x80000000 f28:0x4280779f f16=0x80000000
     380785.000 ns	     38077	80007d78	0189c6b3	xor	x13,x19,x24	 x19:0x00000001 x24:0xffffffff x13=0xfffffffe
     380805.000 ns	     38079	80007d7c	20161353	fsgnjn.s	f6,f12,f1	 f12:0x80000000  f1:0x00400000  f6=0x80000000
     380825.000 ns	     38081	80007d80	406c8e33	sub	x28,x25,x6	 x25:0x00000000  x6:0x41003b99 x28=0xbeffc467
     380835.000 ns	     38082	80007d84	f0a1a213	slti	x4,x3,-246	  x3:0x000006a3  x4=0x00000000
     380855.000 ns	     38084	80007d88	a0999d53	flt.s	x26,f19,f9	 f19:0xc204da92  f9:0x00000000 x26=0x00000001
     380875.000 ns	     38086	80007d8c	0e607537	lui	x10,0xe607	 x10=0x0e607000
     380885.000 ns	     38087	80007d90	4896c897	auipc	x17,0x4896c	 x17=0xc8973d90
     380895.000 ns	     38088	80007d94	3d878113	addi	x2,x15,984	 x15:0x00000000  x2=0x000003d8
     380915.000 ns	     38090	80007d98	21841ad3	fsgnjn.s	f21,f8,f24	  f8:0x80000000 f24:0xc0a15000 f21=0x00000000
     380945.000 ns	     38093	80007d9c	03679533	mulh	x10,x15,x22	 x15:0x00000000 x22:0x00000001 x10=0x00000000
     380965.000 ns	     38095	80007da0	00f55413	srli	x8,x10,0xf	 x10:0x0e607000  x8=0x00000000
     380975.000 ns	     38096	80007da4	00000013	addi	x0,x0,0	  x0:0x00000000
     381015.000 ns	     38100	80007da8	019979d3	fadd.s	f19,f18,f25	 f18:0x3f800000 f25:0x3c3b940a f19=0x3f817728
     381065.000 ns	     38105	80007dac	01a37a53	fadd.s	f20,f6,f26	  f6:0x80000000 f26:0x3f800000 f20=0x3f800000
     381115.000 ns	     38110	80007db0	09a0cad3	fsub.s	f21,f1,f26	  f1:0x00400000 f26:0x3f800000 f21=0xbf800000
     381135.000 ns	     38112	80007db4	019222b3	slt	x5,x4,x25	  x4:0x00000000 x25:0x00000000  x5=0x00000000
     381145.000 ns	     38113	80007db8	000b5033	srl	x0,x22,x0	 x22:0x00000001  x0:0x00000000
     381165.000 ns	     38115	80007dbc	e00689d3	fmv.x.w	x19,f13	 f13:0xbf800000 x19=0xbf800000
     381195.000 ns	     38118	80007dc0	a0b614d3	flt.s	x9,f12,f11	 f12:0x80000000 f11:0x80000000  x9=0x00000000
     381215.000 ns	     38120	80007dc4	0c170713	addi	x14,x14,193	 x14:0x00000001 x14=0x000000c2
     381235.000 ns	     38122	80007dc8	d0197953	fcvt.s.wu	f18,x18	 x18:0x42b01000 f18=0x4e856020
     381255.000 ns	     38124	80007dcc	0037e433	or	x8,x15,x3	 x15:0x00000000  x3:0x000006a3  x8=0x000006a3
     381285.000 ns	     38127	80007dd0	18bc7c53	fdiv.s	f24,f24,f11	 f24:0xc0a15000 f11:0x80000000 f24=0x7f800000
     381305.000 ns	     38129	80007dd4	01cad193	srli	x3,x21,0x1c	 x21:0x54ab7822  x3=0x00000005
     381315.000 ns	     38130	80007dd8	40fcd4b3	sra	x9,x25,x15	 x25:0x00000000 x15:0x00000000  x9=0x00000000
     381325.000 ns	     38131	80007ddc	40730633	sub	x12,x6,x7	  x6:0x41003b99  x7:0x00000000 x12=0x41003b99
     381345.000 ns	     38133	80007de0	a1faacd3	feq.s	x25,f21,f31	 f21:0xbf800000 f31:0x7fc00000 x25=0x00000000
     381385.000 ns	     38137	80007de4	580179d3	fsqrt.s	f19,f2	  f2:0x80000000 f19=0x80000000
     381405.000 ns	     38139	80007de8	019827b3	slt	x15,x16,x25	 x16:0x00000001 x25:0x00000000 x15=0x00000000
     381425.000 ns	     38141	80007dec	f00b0753	fmv.w.x	f14,x22	 x22:0x00000001 f14=0x00000001
     381455.000 ns	     38144	80007df0	a1cea553	feq.s	x10,f29,f28	 f29:0x00000000 f28:0x4280779f x10=0x00000000
     381825.000 ns	     38181	80007df4	02154433	div	x8,x10,x1	 x10:0x00000000  x1:0xff800000  x8=0x00000000
     381855.000 ns	     38184	80007df8	e0099b53	fclass.s	x22,f19	 f19:0x80000000 x22=0x00000008
     381885.000 ns	     38187	80007dfc	e0028353	fmv.x.w	x6,f5	  f5:0x4280779f  x6=0x4280779f
     381915.000 ns	     38190	80007e00	e0028a53	fmv.x.w	x20,f5	  f5:0x4280779f x20=0x4280779f
     381935.000 ns	     38192	80007e04	01c84fb3	xor	x31,x16,x28	 x16:0x00000001 x28:0xbeffc467 x31=0xbeffc466
     381945.000 ns	     38193	80007e08	000e1f93	slli	x31,x28,0x0	 x28:0xbeffc467 x31=0xbeffc467
     381955.000 ns	     38194	80007e0c	416150b3	sra	x1,x2,x22	  x2:0x000003d8 x22:0x00000008  x1=0x00000003
     381965.000 ns	     38195	80007e10	25df7093	andi	x1,x30,605	 x30:0x80041024  x1=0x00000004
     381985.000 ns	     38197	80007e14	a02b2253	feq.s	x4,f22,f2	 f22:0x00000000  f2:0x80000000  x4=0x00000001
     382355.000 ns	     38234	80007e18	0225e1b3	rem	x3,x11,x2	 x11:0x80040fe4  x2:0x000003d8  x3=0xfffffdec
     382725.000 ns	     38271	80007e1c	0387e8b3	rem	x17,x15,x24	 x15:0x00000000 x24:0xffffffff x17=0x00000000
     382745.000 ns	     38273	80007e20	45a0a9b7	lui	x19,0x45a0a	 x19=0x45a0a000
     382785.000 ns	     38277	80007e24	099f7153	fsub.s	f2,f30,f25	 f30:0x7fc00000 f25:0x3c3b940a  f2=0x7fc00000
     382805.000 ns	     38279	80007e28	9581c113	xori	x2,x3,-1704	  x3:0xfffffdec  x2=0x000004b4
     382815.000 ns	     38280	80007e2c	010d56b3	srl	x13,x26,x16	 x26:0x00000001 x16:0x00000001 x13=0x00000000
     383175.000 ns	     38316	80007e30	024d5933	divu	x18,x26,x4	 x26:0x00000001  x4:0x00000001 x18=0x00000001
     383195.000 ns	     38318	80007e34	804add37	lui	x26,0x804ad	 x26=0x804ad000
     383215.000 ns	     38320	80007e38	031c23b3	mulhsu	x7,x24,x17	 x24:0xffffffff x17:0x00000000  x7=0x00000000
     383265.000 ns	     38325	80007e3c	00954a53	fadd.s	f20,f10,f9	 f10:0x41003b99  f9:0x00000000 f20=0x41003b99
     383295.000 ns	     38328	80007e40	031234b3	mulhu	x9,x4,x17	  x4:0x00000001 x17:0x00000000  x9=0x00000000
     383315.000 ns	     38330	80007e44	00234d33	xor	x26,x6,x2	  x6:0x4280779f  x2:0x000004b4 x26=0x4280732b
     383325.000 ns	     38331	80007e48	f5a6a013	slti	x0,x13,-166	 x13:0x00000000
     383345.000 ns	     38333	80007e4c	03611033	mulh	x0,x2,x22	  x2:0x000004b4 x22:0x00000008
     383375.000 ns	     38336	80007e50	03088c33	mul	x24,x17,x16	 x17:0x00000000 x16:0x00000001 x24=0x00000000
     383745.000 ns	     38373	80007e54	03e5c533	div	x10,x11,x30	 x11:0x80040fe4 x30:0x80041024 x10=0x00000001
     383765.000 ns	     38375	80007e58	008749b3	xor	x19,x14,x8	 x14:0x000000c2  x8:0x00000000 x19=0x000000c2
     383785.000 ns	     38377	80007e5c	20818253	fsgnj.s	f4,f3,f8	  f3:0x00000001  f8:0x80000000  f4=0x80000001
     383805.000 ns	     38379	80007e60	cfbf0193	addi	x3,x30,-773	 x30:0x80041024  x3=0x80040d1f
     383815.000 ns	     38380	80007e64	0c0e7797	auipc	x15,0xc0e7	 x15=0x8c0eee64
     384145.000 ns	     38413	80007e68	19a8b053	fdiv.s	f0,f17,f26	 f17:0x00400000 f26:0x3f800000  f0=0x00000000
     384165.000 ns	     38415	80007e6c	2bc2e213	ori	x4,x5,700	  x5:0x00000000  x4=0x000002bc
     384175.000 ns	     38416	80007e70	016d62b3	or	x5,x26,x22	 x26:0x4280732b x22:0x00000008  x5=0x4280732b
     384185.000 ns	     38417	80007e74	01f3c2b3	xor	x5,x7,x31	  x7:0x00000000 x31:0xbeffc467  x5=0xbeffc467
     384195.000 ns	     38418	80007e78	01239693	slli	x13,x7,0x12	  x7:0x00000000 x13=0x00000000
     384205.000 ns	     38419	80007e7c	bb6a7c13	andi	x24,x20,-1098	 x20:0x4280779f x24=0x42807396
     384225.000 ns	     38421	80007e80	02d542b3	div	x5,x10,x13	 x10:0x00000001 x13:0x00000000  x5=0xffffffff
     384245.000 ns	     38423	80007e84	0058e9b3	or	x19,x17,x5	 x17:0x00000000  x5:0xbeffc467 x19=0xffffffff
     384255.000 ns	     38424	80007e88	019491b3	sll	x3,x9,x25	  x9:0x00000000 x25:0x00000000  x3=0x00000000
     384275.000 ns	     38426	80007e8c	c0052e53	fcvt.w.s	x28,f10	 f10:0x41003b99 x28=0x00000008
     384295.000 ns	     38428	80007e90	eb72e293	ori	x5,x5,-329	  x5:0xffffffff  x5=0xffffffff
     384315.000 ns	     38430	80007e94	a0d082d3	fle.s	x5,f1,f13	  f1:0x00400000 f13:0xbf800000  x5=0x00000000
     384345.000 ns	     38433	80007e98	d00ef5d3	fcvt.s.w	f11,x29	 x29:0x000001c9 f11=0x43e48000
     384365.000 ns	     38435	80007e9c	2768eb93	ori	x23,x17,630	 x17:0x00000000 x23=0x00000276
     384375.000 ns	     38436	80007ea0	d4dfc813	xori	x16,x31,-691	 x31:0xbeffc467 x16=0x4100392a
     384385.000 ns	     38437	80007ea4	df35a893	slti	x17,x11,-525	 x11:0x80040fe4 x17=0x00000001
     384405.000 ns	     38439	80007ea8	c00a3cd3	fcvt.w.s	x25,f20	 f20:0x41003b99 x25=0x00000009
     384435.000 ns	     38442	80007eac	d01121d3	fcvt.s.wu	f3,x2	  x2:0x000004b4  f3=0x44968000
     384455.000 ns	     38444	80007eb0	402d88b3	sub	x17,x27,x2	 x27:0x00000000  x2:0x000004b4 x17=0xfffffb4c
     384475.000 ns	     38446	80007eb4	a1749953	flt.s	x18,f9,f23	  f9:0x00000000 f23:0x80000000 x18=0x00000000
     384495.000 ns	     38448	80007eb8	2af28913	addi	x18,x5,687	  x5:0x00000000 x18=0x000002af
     384525.000 ns	     38451	80007ebc	10ee0b53	fmul.s	f22,f28,f14	 f28:0x4280779f f14:0x00000001 f22=0x00000041
     384555.000 ns	     38454	80007ec0	c00b0c53	fcvt.w.s	x24,f22	 f22:0x00000000 x24=0x00000000
     384925.000 ns	     38491	80007ec4	03cc5bb3	divu	x23,x24,x28	 x24:0x42807396 x28:0x00000008 x23=0x00000000
     384965.000 ns	     38495	80007ec8	18bf2b53	fdiv.s	f22,f30,f11	 f30:0x7fc00000 f11:0x43e48000 f22=0x7fc00000
     384995.000 ns	     38498	80007ecc	02534e33	div	x28,x6,x5	  x6:0x4280779f  x5:0x00000000 x28=0xffffffff
     385015.000 ns	     38500	80007ed0	002f8bb3	add	x23,x31,x2	 x31:0xbeffc467  x2:0x000004b4 x23=0xbeffc91b
     385035.000 ns	     38502	80007ed4	02537333	remu	x6,x6,x5	  x6:0x4280779f  x5:0x00000000  x6=0x4280779f
     385065.000 ns	     38505	80007ed8	d0064953	fcvt.s.w	f18,x12	 x12:0x41003b99 f18=0x4e820077
     385095.000 ns	     38508	80007edc	a16fadd3	feq.s	x27,f31,f22	 f31:0x7fc00000 f22:0x7fc00000 x27=0x00000000
     385125.000 ns	     38511	80007ee0	28171fd3	fmax.s	f31,f14,f1	 f14:0x00000001  f1:0x00400000 f31=0x00400000
     385155.000 ns	     38514	80007ee4	f00686d3	fmv.w.x	f13,x13	 x13:0x00000000 f13=0x00000000
     385175.000 ns	     38516	80007ee8	16914337	lui	x6,0x16914	  x6=0x16914000
     385185.000 ns	     38517	80007eec	24c86897	auipc	x17,0x24c86	 x17=0xa4c8deec
     385205.000 ns	     38519	80007ef0	a16486d3	fle.s	x13,f9,f22	  f9:0x00000000 f22:0x7fc00000 x13=0x00000000
     385235.000 ns	     38522	80007ef4	e0028d53	fmv.x.w	x26,f5	  f5:0x4280779f x26=0x4280779f
     385285.000 ns	     38527	80007ef8	01fc0a53	fadd.s	f20,f24,f31	 f24:0x7f800000 f31:0x00400000 f20=0x7f800000
     385315.000 ns	     38530	80007efc	204c9ed3	fsgnjn.s	f29,f25,f4	 f25:0x3c3b940a  f4:0x80000001 f29=0x3c3b940a
     385355.000 ns	     38534	80007f00	187df253	fdiv.s	f4,f27,f7	 f27:0xff800000  f7:0x3f800000  f4=0xff800000
     385375.000 ns	     38536	80007f04	00af88b3	add	x17,x31,x10	 x31:0xbeffc467 x10:0x00000001 x17=0xbeffc468
     385395.000 ns	     38538	80007f08	c01fa9d3	fcvt.wu.s	x19,f31	 f31:0x00400000 x19=0x00000000
     385415.000 ns	     38540	80007f0c	00000013	addi	x0,x0,0	  x0:0x00000000
     385425.000 ns	     38541	80007f10	01680133	add	x2,x16,x22	 x16:0x4100392a x22:0x00000008  x2=0x41003932
     385435.000 ns	     38542	80007f14	fa0b9817	auipc	x16,0xfa0b9	 x16=0x7a0c0f14
     385445.000 ns	     38543	80007f18	006532b3	sltu	x5,x10,x6	 x10:0x00000001  x6:0x16914000  x5=0x00000001
     385465.000 ns	     38545	80007f1c	02d7a6b3	mulhsu	x13,x15,x13	 x15:0x8c0eee64 x13:0x00000000 x13=0x00000000
     385505.000 ns	     38549	80007f20	5806a053	fsqrt.s	f0,f13	 f13:0x00000000  f0=0x00000000
     385525.000 ns	     38551	80007f24	b40ddd17	auipc	x26,0xb40dd	 x26=0x340e4f24
     385535.000 ns	     38552	80007f28	03e5e213	ori	x4,x11,62	 x11:0x80040fe4  x4=0x80040ffe
     385545.000 ns	     38553	80007f2c	e07190b7	lui	x1,0xe0719	  x1=0xe0719000
     385555.000 ns	     38554	80007f30	01d314b3	sll	x9,x6,x29	  x6:0x16914000 x29:0x000001c9  x9=0x22800000
     385565.000 ns	     38555	80007f34	405c58b3	sra	x17,x24,x5	 x24:0x00000000  x5:0x00000001 x17=0x00000000
     385575.000 ns	     38556	80007f38	402d0fb3	sub	x31,x26,x2	 x26:0x340e4f24  x2:0x41003932 x31=0xf30e15f2
     385585.000 ns	     38557	80007f3c	62347913	andi	x18,x8,1571	  x8:0x00000000 x18=0x00000000
     385605.000 ns	     38559	80007f40	02449bb3	mulh	x23,x9,x4	  x9:0x22800000  x4:0x80040ffe x23=0xeec08c27
     385625.000 ns	     38561	80007f44	2eaae093	ori	x1,x21,746	 x21:0x54ab7822  x1=0x54ab7aea
     385645.000 ns	     38563	80007f48	21a09e53	fsgnjn.s	f28,f1,f26	  f1:0x00400000 f26:0x3f800000 f28=0x80400000
     385675.000 ns	     38566	80007f4c	03f82db3	mulhsu	x27,x16,x31	 x16:0x7a0c0f14 x31:0xf30e15f2 x27=0x73e0296f
     385695.000 ns	     38568	80007f50	00000013	addi	x0,x0,0	  x0:0x00000000
     385715.000 ns	     38570	80007f54	296309d3	fmin.s	f19,f6,f22	  f6:0x80000000 f22:0x7fc00000 f19=0x80000000
     386085.000 ns	     38607	80007f58	03ebda33	divu	x20,x23,x30	 x23:0xeec08c27 x30:0x80041024 x20=0x00000001
     386105.000 ns	     38609	80007f5c	32869d17	auipc	x26,0x32869	 x26=0xb2870f5c
     386125.000 ns	     38611	80007f60	028ff433	remu	x8,x31,x8	 x31:0xf30e15f2  x8:0x00000000  x8=0xf30e15f2
     386495.000 ns	     38648	80007f64	02f24a33	div	x20,x4,x15	  x4:0x80040ffe x15:0x8c0eee64 x20=0x00000001
     386515.000 ns	     38650	80007f68	41bad333	sra	x6,x21,x27	 x21:0x54ab7822 x27:0x73e0296f  x6=0x0000a956
     386525.000 ns	     38651	80007f6c	01e59db3	sll	x27,x11,x30	 x11:0x80040fe4 x30:0x80041024 x27=0x0040fe40
     386885.000 ns	     38687	80007f70	02b4d833	divu	x16,x9,x11	  x9:0x22800000 x11:0x80040fe4 x16=0x00000000
     386915.000 ns	     38690	80007f74	d00ab953	fcvt.s.w	f18,x21	 x21:0x54ab7822 f18=0x4ea956f1
     386935.000 ns	     38692	80007f78	cb6fcb37	lui	x22,0xcb6fc	 x22=0xcb6fc000
     386945.000 ns	     38693	80007f7c	0198b0b3	sltu	x1,x17,x25	 x17:0x00000000 x25:0x00000009  x1=0x00000001
     386985.000 ns	     38697	80007f80	09f6fed3	fsub.s	f29,f13,f31	 f13:0x00000000 f31:0x00400000 f29=0x80400000
     387025.000 ns	     38701	80007f84	100ef2d3	fmul.s	f5,f29,f0	 f29:0x3c3b940a  f0:0x00000000  f5=0x80000000
     387055.000 ns	     38704	80007f88	0345b633	mulhu	x12,x11,x20	 x11:0x80040fe4 x20:0x00000001 x12=0x00000000
     387075.000 ns	     38706	80007f8c	1aed6993	ori	x19,x26,430	 x26:0xb2870f5c x19=0xb2870ffe
     387085.000 ns	     38707	80007f90	91c24093	xori	x1,x4,-1764	  x4:0x80040ffe  x1=0x7ffbf6e2
     387095.000 ns	     38708	80007f94	006864b3	or	x9,x16,x6	 x16:0x00000000  x6:0x0000a956  x9=0x0000a956
     387115.000 ns	     38710	80007f98	c00a7a53	fcvt.w.s	x20,f20	 f20:0x7f800000 x20=0x7fffffff
     387165.000 ns	     38715	80007f9c	09ec0b53	fsub.s	f22,f24,f30	 f24:0x7f800000 f30:0x7fc00000 f22=0x7fc00000
     387195.000 ns	     38718	80007fa0	d009fb53	fcvt.s.w	f22,x19	 x19:0xb2870ffe f22=0xce9af1e0
     387225.000 ns	     38721	80007fa4	a130a053	feq.s	x0,f1,f19	  f1:0x00400000 f19:0x80000000
     387245.000 ns	     38723	80007fa8	003d9493	slli	x9,x27,0x3	 x27:0x0040fe40  x9=0x0207f200
     387265.000 ns	     38725	80007fac	031fdd33	divu	x26,x31,x17	 x31:0xf30e15f2 x17:0x00000000 x26=0xffffffff
     387295.000 ns	     38728	80007fb0	e00f8553	fmv.x.w	x10,f31	 f31:0x00400000 x10=0x00400000
     387325.000 ns	     38731	80007fb4	0381a2b3	mulhsu	x5,x3,x24	  x3:0x00000000 x24:0x00000000  x5=0x00000000
     387345.000 ns	     38733	80007fb8	00000013	addi	x0,x0,0	  x0:0x00000000
     387365.000 ns	     38735	80007fbc	a1980153	fle.s	x2,f16,f25	 f16:0x80000000 f25:0x3c3b940a  x2=0x00000001
     387395.000 ns	     38738	80007fc0	d008f953	fcvt.s.w	f18,x17	 x17:0x00000000 f18=0x00000000
     387415.000 ns	     38740	80007fc4	01b16e33	or	x28,x2,x27	  x2:0x00000001 x27:0x0040fe40 x28=0x0040fe41
     387425.000 ns	     38741	80007fc8	007e1533	sll	x10,x28,x7	 x28:0xffffffff  x7:0x00000000 x10=0x0040fe41
     387445.000 ns	     38743	80007fcc	c01c7853	fcvt.wu.s	x16,f24	 f24:0x7f800000 x16=0xffffffff
     387815.000 ns	     38780	80007fd0	02aa54b3	divu	x9,x20,x10	 x20:0x7fffffff x10:0x00400000  x9=0x000001f8
     387845.000 ns	     38783	80007fd4	e00e9153	fclass.s	x2,f29	 f29:0x80400000  x2=0x00000004
     387865.000 ns	     38785	80007fd8	d0e94913	xori	x18,x18,-754	 x18:0x00000000 x18=0xfffffd0e
     387895.000 ns	     38788	80007fdc	580f7953	fsqrt.s	f18,f30	 f30:0x7fc00000 f18=0x7fc00000
     387925.000 ns	     38791	80007fe0	03242933	mulhsu	x18,x8,x18	  x8:0xf30e15f2 x18:0x00000000 x18=0xf30e1618
     388295.000 ns	     38828	80007fe4	0242e1b3	rem	x3,x5,x4	  x5:0x00000000  x4:0x80040ffe  x3=0x00000000
     388345.000 ns	     38833	80007fe8	086d0253	fsub.s	f4,f26,f6	 f26:0x3f800000  f6:0x80000000  f4=0x3f800000
     388375.000 ns	     38836	80007fec	295c8753	fmin.s	f14,f25,f21	 f25:0x3c3b940a f21:0xbf800000 f14=0xbf800000
     388405.000 ns	     38839	80007ff0	20672053	fsgnjx.s	f0,f14,f6	 f14:0x00000001  f6:0x80000000  f0=0x3f800000
     388445.000 ns	     38843	80007ff4	111e71d3	fmul.s	f3,f28,f17	 f28:0x80400000 f17:0x00400000  f3=0x80000000
     388475.000 ns	     38846	80007ff8	035a3033	mulhu	x0,x20,x21	 x20:0x7fffffff x21:0x54ab7822
     388505.000 ns	     38849	80007ffc	298c1a53	fmax.s	f20,f24,f24	 f24:0x7f800000 f24:0x7f800000 f20=0x7f800000
     388535.000 ns	     38852	80008000	21e887d3	fsgnj.s	f15,f17,f30	 f17:0x00400000 f30:0x7fc00000 f15=0x00400000
     388555.000 ns	     38854	80008004	418b5113	srai	x2,x22,0x18	 x22:0xcb6fc000  x2=0xffffffcb
     388565.000 ns	     38855	80008008	00d979b3	and	x19,x18,x13	 x18:0xf30e1618 x13:0x00000000 x19=0x00000000
     388575.000 ns	     38856	8000800c	01c63cb3	sltu	x25,x12,x28	 x12:0x00000000 x28:0x0040fe41 x25=0x00000001
     388605.000 ns	     38859	80008010	11489c53	fmul.s	f24,f17,f20	 f17:0x00400000 f20:0x7f800000 f24=0x7f800000
     388975.000 ns	     38896	80008014	03d3d1b3	divu	x3,x7,x29	  x7:0x00000000 x29:0x000001c9  x3=0x00000000
     388995.000 ns	     38898	80008018	40694793	xori	x15,x18,1030	 x18:0xf30e1618 x15=0xf30e121e
     389005.000 ns	     38899	8000801c	49448393	addi	x7,x9,1172	  x9:0x000001f8  x7=0x0000068c
     389035.000 ns	     38902	80008020	19928053	fdiv.s	f0,f5,f25	  f5:0x80000000 f25:0x3c3b940a  f0=0x80000000
     389055.000 ns	     38904	80008024	e14bfd93	andi	x27,x23,-492	 x23:0xeec08c27 x27=0xeec08c04
     389065.000 ns	     38905	80008028	00000013	addi	x0,x0,0	  x0:0x00000000
     389105.000 ns	     38909	8000802c	09663353	fsub.s	f6,f12,f22	 f12:0x80000000 f22:0xce9af1e0  f6=0x4e9af1e0
     389135.000 ns	     38912	80008030	02c41a33	mulh	x20,x8,x12	  x8:0xf30e15f2 x12:0x00000000 x20=0x00000000
     389165.000 ns	     38915	80008034	02751a33	mulh	x20,x10,x7	 x10:0x0040fe41  x7:0x0000068c x20=0x00000001
     389195.000 ns	     38918	80008038	024cb533	mulhu	x10,x25,x4	 x25:0x00000001  x4:0x80040ffe x10=0x00000000
     389565.000 ns	     38955	8000803c	022efa33	remu	x20,x29,x2	 x29:0x000001c9  x2:0xffffffcb x20=0x000001c9
     389615.000 ns	     38960	80008040	0879b253	fsub.s	f4,f19,f7	 f19:0x80000000  f7:0x3f800000  f4=0xbf800000
     389985.000 ns	     38997	80008044	0261ccb3	div	x25,x3,x6	  x3:0x00000000  x6:0x0000a956 x25=0x00000000
     390015.000 ns	     39000	80008048	d01df2d3	fcvt.s.wu	f5,x27	 x27:0xeec08c04  f5=0x4f6ec08c
     390045.000 ns	     39003	8000804c	f0038453	fmv.w.x	f8,x7	  x7:0x0000068c  f8=0x0000068c
     390065.000 ns	     39005	80008050	15c8ae17	auipc	x28,0x15c8a	 x28=0x95c92050
     390105.000 ns	     39009	80008054	018778d3	fadd.s	f17,f14,f24	 f14:0xbf800000 f24:0x7f800000 f17=0x7f800000
     390135.000 ns	     39012	80008058	d01d1153	fcvt.s.wu	f2,x26	 x26:0xffffffff  f2=0x4f7fffff
     390165.000 ns	     39015	8000805c	f0098753	fmv.w.x	f14,x19	 x19:0x00000000 f14=0x00000000
     390195.000 ns	     39018	80008060	c01e2cd3	fcvt.wu.s	x25,f28	 f28:0x80400000 x25=0x00000000
     390215.000 ns	     39020	80008064	228f2e93	slti	x29,x30,552	 x30:0x80041024 x29=0x00000001
     390235.000 ns	     39022	80008068	d019abd3	fcvt.s.wu	f23,x19	 x19:0x00000000 f23=0x00000000
     390255.000 ns	     39024	8000806c	00000013	addi	x0,x0,0	  x0:0x00000000
     390265.000 ns	     39025	80008070	006d0db3	add	x27,x26,x6	 x26:0xffffffff  x6:0x0000a956 x27=0x0000a955
     390285.000 ns	     39027	80008074	a0a214d3	flt.s	x9,f4,f10	  f4:0xbf800000 f10:0x41003b99  x9=0x00000001
     390305.000 ns	     39029	80008078	d1407517	auipc	x10,0xd1407	 x10=0x5140f078
     390665.000 ns	     39065	8000807c	03787b33	remu	x22,x16,x23	 x16:0xffffffff x23:0xeec08c27 x22=0x113f73d8
     390685.000 ns	     39067	80008080	00076633	or	x12,x14,x0	 x14:0x000000c2  x0:0x00000000 x12=0x000000c2
     390695.000 ns	     39068	80008084	40d00433	sub	x8,x0,x13	  x0:0x00000000 x13:0x00000000  x8=0x00000000
     390715.000 ns	     39070	80008088	f0038ed3	fmv.w.x	f29,x7	  x7:0x0000068c f29=0x0000068c
     391055.000 ns	     39104	8000808c	19512053	fdiv.s	f0,f2,f21	  f2:0x4f7fffff f21:0xbf800000  f0=0xcf045edd
     391085.000 ns	     39107	80008090	02ac90b3	mulh	x1,x25,x10	 x25:0x00000000 x10:0x5140f078  x1=0x00000000
     391105.000 ns	     39109	80008094	40cfd113	srai	x2,x31,0xc	 x31:0xf30e15f2  x2=0xffff30e1
     391115.000 ns	     39110	80008098	01a480b3	add	x1,x9,x26	  x9:0x00000001 x26:0xffffffff  x1=0x00000000
     391125.000 ns	     39111	8000809c	00320933	add	x18,x4,x3	  x4:0x80040ffe  x3:0x00000000 x18=0x80040ffe
     391135.000 ns	     39112	800080a0	01e35693	srli	x13,x6,0x1e	  x6:0x0000a956 x13=0x00000000
     392305.000 ns	     39229	800080a4	580e8153	fsqrt.s	f2,f29	 f29:0x0000068c  f2=0x1f350dc4
     392335.000 ns	     39232	800080a8	c0187d53	fcvt.wu.s	x26,f16	 f16:0x80000000 x26=0x00000000
     392355.000 ns	     39234	800080ac	01ca4cb3	xor	x25,x20,x28	 x20:0x000001c9 x28:0x95c92050 x25=0x95c92199
     393525.000 ns	     39351	800080b0	580091d3	fsqrt.s	f3,f1	  f1:0x00400000  f3=0x1f87c3ac
     393555.000 ns	     39354	800080b4	02d22033	mulhsu	x0,x4,x13	  x4:0x80040ffe x13:0x00000000
     393575.000 ns	     39356	800080b8	0bbe2b93	slti	x23,x28,187	 x28:0x95c92050 x23=0x00000001
     393595.000 ns	     39358	800080bc	d006bf53	fcvt.s.w	f30,x13	 x13:0x00000000 f30=0x00000000
     393625.000 ns	     39361	800080c0	02c62833	mulhsu	x16,x12,x12	 x12:0x000000c2 x12:0x000000c2 x16=0x00000000
     393655.000 ns	     39364	800080c4	21b216d3	fsgnjn.s	f13,f4,f27	  f4:0xbf800000 f27:0xff800000 f13=0x3f800000
     394025.000 ns	     39401	800080c8	02455433	divu	x8,x10,x4	 x10:0x5140f078  x4:0x80040ffe  x8=0x00000000
     394055.000 ns	     39404	800080cc	0235f6b3	remu	x13,x11,x3	 x11:0x80040fe4  x3:0x00000000 x13=0x80040fe4
     394075.000 ns	     39406	800080d0	a21c0693	addi	x13,x24,-1503	 x24:0x00000000 x13=0xfffffa21
     394095.000 ns	     39408	800080d4	a0791dd3	flt.s	x27,f18,f7	 f18:0x7fc00000  f7:0x3f800000 x27=0x00000000
     394115.000 ns	     39410	800080d8	418ed233	sra	x4,x29,x24	 x29:0x00000001 x24:0x00000000  x4=0x00000001
     394155.000 ns	     39414	800080dc	0129aa53	fadd.s	f20,f19,f18	 f19:0x80000000 f18:0x7fc00000 f20=0x7fc00000
     394185.000 ns	     39417	800080e0	02991133	mulh	x2,x18,x9	 x18:0x80040ffe  x9:0x00000001  x2=0xffffffff
     394215.000 ns	     39420	800080e4	c0027253	fcvt.w.s	x4,f4	  f4:0xbf800000  x4=0x00000001
     394585.000 ns	     39457	800080e8	03e86d33	rem	x26,x16,x30	 x16:0x00000000 x30:0x80041024 x26=0x00000000
     394615.000 ns	     39460	800080ec	02d78033	mul	x0,x15,x13	 x15:0xf30e121e x13:0xfffffa21
     394635.000 ns	     39462	800080f0	40435133	sra	x2,x6,x4	  x6:0x0000a956  x4:0x00000001  x2=0x000054ab
     394645.000 ns	     39463	800080f4	01a1d613	srli	x12,x3,0x1a	  x3:0x00000000 x12=0x00000000
     394655.000 ns	     39464	800080f8	00cfb8b3	sltu	x17,x31,x12	 x31:0xf30e15f2 x12:0x000000c2 x17=0x00000000
     394665.000 ns	     39465	800080fc	00702633	slt	x12,x0,x7	  x0:0x00000000  x7:0x0000068c x12=0x00000001
     394695.000 ns	     39468	80008100	110e7453	fmul.s	f8,f28,f16	 f28:0x80400000 f16:0x80000000  f8=0x00000000
     394725.000 ns	     39471	80008104	20ad29d3	fsgnjx.s	f19,f26,f10	 f26:0x3f800000 f10:0x41003b99 f19=0x3f800000
     394745.000 ns	     39473	80008108	01379a33	sll	x20,x15,x19	 x15:0xf30e121e x19:0x00000000 x20=0xf30e121e
     394765.000 ns	     39475	8000810c	030e3fb3	mulhu	x31,x28,x16	 x28:0x95c92050 x16:0x00000000 x31=0x00000000
     394785.000 ns	     39477	80008110	58b7b897	auipc	x17,0x58b7b	 x17=0xd8b83110
     394795.000 ns	     39478	80008114	01a2d533	srl	x10,x5,x26	  x5:0x00000000 x26:0x00000000 x10=0x00000000
     394805.000 ns	     39479	80008118	01749cb3	sll	x25,x9,x23	  x9:0x00000001 x23:0x00000001 x25=0x00000002
     395165.000 ns	     39515	8000811c	02fcf733	remu	x14,x25,x15	 x25:0x95c92199 x15:0xf30e121e x14=0x00000002
     395195.000 ns	     39518	80008120	29c003d3	fmin.s	f7,f0,f28	  f0:0xcf045edd f28:0x80400000  f7=0xcf045edd
     395225.000 ns	     39521	80008124	03a3da33	divu	x20,x7,x26	  x7:0x0000068c x26:0x00000000 x20=0xffffffff
     395245.000 ns	     39523	80008128	405c5833	sra	x16,x24,x5	 x24:0x00000000  x5:0x00000000 x16=0x00000000
     395285.000 ns	     39527	8000812c	09047cd3	fsub.s	f25,f8,f16	  f8:0x00000000 f16:0x80000000 f25=0x00000000
     395315.000 ns	     39530	80008130	280506d3	fmin.s	f13,f10,f0	 f10:0x41003b99  f0:0xcf045edd f13=0xcf045edd
     395335.000 ns	     39532	80008134	f09e7793	andi	x15,x28,-247	 x28:0x95c92050 x15=0x95c92000
     395345.000 ns	     39533	80008138	01799493	slli	x9,x19,0x17	 x19:0x00000000  x9=0x00000000
     395365.000 ns	     39535	8000813c	020c8bb3	mul	x23,x25,x0	 x25:0x00000002  x0:0x00000000 x23=0x00000000
     395405.000 ns	     39539	80008140	184470d3	fdiv.s	f1,f8,f4	  f8:0x00000000  f4:0xbf800000  f1=0x80000000
     395425.000 ns	     39541	80008144	01cfa137	lui	x2,0x1cfa	  x2=0x01cfa000
     395445.000 ns	     39543	80008148	e00d1353	fclass.s	x6,f26	 f26:0x3f800000  x6=0x00000040
     395465.000 ns	     39545	8000814c	415558b3	sra	x17,x10,x21	 x10:0x00000000 x21:0x54ab7822 x17=0x00000000
     395485.000 ns	     39547	80008150	28e392d3	fmax.s	f5,f7,f14	  f7:0xcf045edd f14:0x00000000  f5=0x00000000
     395515.000 ns	     39550	80008154	29a19553	fmax.s	f10,f3,f26	  f3:0x1f87c3ac f26:0x3f800000 f10=0x3f800000
     395535.000 ns	     39552	80008158	0d2f3093	sltiu	x1,x30,210	 x30:0x80041024  x1=0x00000000
     395545.000 ns	     39553	8000815c	6aaff393	andi	x7,x31,1706	 x31:0x00000000  x7=0x00000000
     395905.000 ns	     39589	80008160	034972b3	remu	x5,x18,x20	 x18:0x80040ffe x20:0xffffffff  x5=0x80040ffe
     395935.000 ns	     39592	80008164	a03b8053	fle.s	x0,f23,f3	 f23:0x00000000  f3:0x1f87c3ac
     395985.000 ns	     39597	80008168	0050fdd3	fadd.s	f27,f1,f5	  f1:0x80000000  f5:0x00000000 f27=0x00000000
     396015.000 ns	     39600	8000816c	c01dfe53	fcvt.wu.s	x28,f27	 f27:0xff800000 x28=0x00000000
     396385.000 ns	     39637	80008170	0344f2b3	remu	x5,x9,x20	  x9:0x00000000 x20:0xffffffff  x5=0x00000000
     396405.000 ns	     39639	80008174	00000013	addi	x0,x0,0	  x0:0x00000000
     396425.000 ns	     39641	80008178	030a3a33	mulhu	x20,x20,x16	 x20:0xffffffff x16:0x00000000 x20=0x00000000
     396445.000 ns	     39643	8000817c	0022db93	srli	x23,x5,0x2	  x5:0x00000000 x23=0x00000000
     396455.000 ns	     39644	80008180	41975eb3	sra	x29,x14,x25	 x14:0x00000002 x25:0x00000002 x29=0x00000000
     396465.000 ns	     39645	80008184	b6e6c793	xori	x15,x13,-1170	 x13:0xfffffa21 x15=0x0000014f
     396485.000 ns	     39647	80008188	e00e03d3	fmv.x.w	x7,f28	 f28:0x80400000  x7=0x80400000
     396855.000 ns	     39684	8000818c	03647c33	remu	x24,x8,x22	  x8:0x00000000 x22:0x113f73d8 x24=0x00000000
     396875.000 ns	     39686	80008190	01283633	sltu	x12,x16,x18	 x16:0x00000000 x18:0x80040ffe x12=0x00000001
     396885.000 ns	     39687	80008194	7c4e4497	auipc	x9,0x7c4e4	  x9=0xfc4ec194
     396895.000 ns	     39688	80008198	fb26b993	sltiu	x19,x13,-78	 x13:0xfffffa21 x19=0x00000001
     396925.000 ns	     39691	8000819c	5803f6d3	fsqrt.s	f13,f7	  f7:0xcf045edd f13=0x7fc00000
     397295.000 ns	     39728	800081a0	03e6c0b3	div	x1,x13,x30	 x13:0xfffffa21 x30:0x80041024  x1=0x00000000
     397315.000 ns	     39730	800081a4	010d3433	sltu	x8,x26,x16	 x26:0x00000000 x16:0x00000000  x8=0x00000000
     397335.000 ns	     39732	800081a8	21080053	fsgnj.s	f0,f16,f16	 f16:0x80000000 f16:0x80000000  f0=0x80000000
     397385.000 ns	     39737	800081ac	096cb453	fsub.s	f8,f25,f22	 f25:0x00000000 f22:0xce9af1e0  f8=0x4e9af1e0
     397405.000 ns	     39739	800081b0	01aa60b3	or	x1,x20,x26	 x20:0x00000000 x26:0x00000000  x1=0x00000000
     397415.000 ns	     39740	800081b4	00637633	and	x12,x6,x6	  x6:0x00000040  x6:0x00000040 x12=0x00000040
     397425.000 ns	     39741	800081b8	01d57633	and	x12,x10,x29	 x10:0x00000000 x29:0x00000000 x12=0x00000000
     397435.000 ns	     39742	800081bc	012424b3	slt	x9,x8,x18	  x8:0x00000000 x18:0x80040ffe  x9=0x00000000
     397455.000 ns	     39744	800081c0	d0107fd3	fcvt.s.wu	f31,x0	  x0:0x00000000 f31=0x00000000
     397485.000 ns	     39747	800081c4	d01c7f53	fcvt.s.wu	f30,x24	 x24:0x00000000 f30=0x00000000
     397515.000 ns	     39750	800081c8	02adf233	remu	x4,x27,x10	 x27:0x00000000 x10:0x00000000  x4=0x00000000
     397545.000 ns	     39753	800081cc	02396e33	rem	x28,x18,x3	 x18:0x80040ffe  x3:0x00000000 x28=0x80040ffe
     397565.000 ns	     39755	800081d0	40bd5393	srai	x7,x26,0xb	 x26:0x00000000  x7=0x00000000
     397575.000 ns	     39756	800081d4	00ab5c33	srl	x24,x22,x10	 x22:0x113f73d8 x10:0x00000000 x24=0x113f73d8
     398745.000 ns	     39873	800081d8	580405d3	fsqrt.s	f11,f8	  f8:0x4e9af1e0 f11=0x470cd425
     398765.000 ns	     39875	800081dc	e5867613	andi	x12,x12,-424	 x12:0x00000000 x12=0x00000000
     398775.000 ns	     39876	800081e0	6dfaa893	slti	x17,x21,1759	 x21:0x54ab7822 x17=0x00000000
     398785.000 ns	     39877	800081e4	01dfd933	srl	x18,x31,x29	 x31:0x00000000 x29:0x00000000 x18=0x00000000
     398805.000 ns	     39879	800081e8	21a726d3	fsgnjx.s	f13,f14,f26	 f14:0x00000000 f26:0x3f800000 f13=0x00000000
     398825.000 ns	     39881	800081ec	40018e33	sub	x28,x3,x0	  x3:0x00000000  x0:0x00000000 x28=0x00000000
     398835.000 ns	     39882	800081f0	f8c8c613	xori	x12,x17,-116	 x17:0x00000000 x12=0xffffff8c
     398855.000 ns	     39884	800081f4	02718733	mul	x14,x3,x7	  x3:0x00000000  x7:0x00000000 x14=0x00000000
     398885.000 ns	     39887	800081f8	207e0bd3	fsgnj.s	f23,f28,f7	 f28:0x80400000  f7:0xcf045edd f23=0x80400000
     398915.000 ns	     39890	800081fc	2007af53	fsgnjx.s	f30,f15,f0	 f15:0x00400000  f0:0x80000000 f30=0x80400000
     398945.000 ns	     39893	80008200	02044a33	div	x20,x8,x0	  x8:0x00000000  x0:0x00000000 x20=0xffffffff
     398965.000 ns	     39895	80008204	949dfd93	andi	x27,x27,-1719	 x27:0x00000000 x27=0x00000000
     398975.000 ns	     39896	80008208	00b191b3	sll	x3,x3,x11	  x3:0x00000000 x11:0x80040fe4  x3=0x00000000
     398985.000 ns	     39897	8000820c	014d6b33	or	x22,x26,x20	 x26:0x00000000 x20:0xffffffff x22=0xffffffff
     399005.000 ns	     39899	80008210	02299a33	mulh	x20,x19,x2	 x19:0x00000001  x2:0x01cfa000 x20=0x00000000
     399035.000 ns	     39902	80008214	a1a68b53	fle.s	x22,f13,f26	 f13:0x00000000 f26:0x3f800000 x22=0x00000001
     399065.000 ns	     39905	80008218	a061afd3	feq.s	x31,f3,f6	  f3:0x1f87c3ac  f6:0x4e9af1e0 x31=0x00000000
     399095.000 ns	     39908	8000821c	d01ffdd3	fcvt.s.wu	f27,x31	 x31:0x00000000 f27=0x00000000
     399115.000 ns	     39910	80008220	3f254f93	xori	x31,x10,1010	 x10:0x00000000 x31=0x000003f2
     399135.000 ns	     39912	80008224	030dd8b3	divu	x17,x27,x16	 x27:0x00000000 x16:0x00000000 x17=0xffffffff
     399155.000 ns	     39914	80008228	405f0bb3	sub	x23,x30,x5	 x30:0x80041024  x5:0x00000000 x23=0x80041024
     399165.000 ns	     39915	8000822c	b627c393	xori	x7,x15,-1182	 x15:0x0000014f  x7=0xfffffa2d
     399175.000 ns	     39916	80008230	009aec33	or	x24,x21,x9	 x21:0x54ab7822  x9:0x00000000 x24=0x54ab7822
     399185.000 ns	     39917	80008234	016c8333	add	x6,x25,x22	 x25:0x00000002 x22:0x00000001  x6=0x00000003
     399205.000 ns	     39919	80008238	02b59b33	mulh	x22,x11,x11	 x11:0x80040fe4 x11:0x80040fe4 x22=0x3ffbf02c
     399235.000 ns	     39922	8000823c	d01a18d3	fcvt.s.wu	f17,x20	 x20:0x00000000 f17=0x00000000
     399255.000 ns	     39924	80008240	009d5e93	srli	x29,x26,0x9	 x26:0x00000000 x29=0x00000000
     399265.000 ns	     39925	80008244	4063dc33	sra	x24,x7,x6	  x7:0xfffffa2d  x6:0x00000003 x24=0xffffff45
     399275.000 ns	     39926	80008248	8d01c413	xori	x8,x3,-1840	  x3:0x00000000  x8=0xfffff8d0
     399285.000 ns	     39927	8000824c	fee3ba13	sltiu	x20,x7,-18	  x7:0xfffffa2d x20=0x00000001
     399295.000 ns	     39928	80008250	00955e93	srli	x29,x10,0x9	 x10:0x00000000 x29=0x00000000
     399315.000 ns	     39930	80008254	28089e53	fmax.s	f28,f17,f0	 f17:0x00000000  f0:0x80000000 f28=0x00000000
     399345.000 ns	     39933	80008258	d019f553	fcvt.s.wu	f10,x19	 x19:0x00000001 f10=0x3f800000
     399375.000 ns	     39936	8000825c	e0030a53	fmv.x.w	x20,f6	  f6:0x4e9af1e0 x20=0x4e9af1e0
     399405.000 ns	     39939	80008260	03849bb3	mulh	x23,x9,x24	  x9:0x00000000 x24:0xffffff45 x23=0x00000000
     399425.000 ns	     39941	80008264	7f1c07b7	lui	x15,0x7f1c0	 x15=0x7f1c0000
     399445.000 ns	     39943	80008268	20381d53	fsgnjn.s	f26,f16,f3	 f16:0x80000000  f3:0x1f87c3ac f26=0x80000000
     399475.000 ns	     39946	8000826c	02cc38b3	mulhu	x17,x24,x12	 x24:0xffffff45 x12:0xffffff8c x17=0xfffffed1
     399495.000 ns	     39948	80008270	842bad13	slti	x26,x23,-1982	 x23:0x00000000 x26=0x00000000
     399515.000 ns	     39950	80008274	a0c10853	fle.s	x16,f2,f12	  f2:0x1f350dc4 f12:0x80000000 x16=0x00000000
     399535.000 ns	     39952	80008278	0f4ff517	auipc	x10,0xf4ff	 x10=0x8f507278
     399545.000 ns	     39953	8000827c	016fd313	srli	x6,x31,0x16	 x31:0x000003f2  x6=0x00000000
     399555.000 ns	     39954	80008280	2169a213	slti	x4,x19,534	 x19:0x00000001  x4=0x00000001
     399575.000 ns	     39956	80008284	02e4db33	divu	x22,x9,x14	  x9:0x00000000 x14:0x00000000 x22=0xffffffff
     399945.000 ns	     39993	80008288	02d67033	remu	x0,x12,x13	 x12:0xffffff8c x13:0xfffffa21
     400315.000 ns	     40030	8000828c	03685433	divu	x8,x16,x22	 x16:0x00000000 x22:0xffffffff  x8=0x00000000
     400335.000 ns	     40032	80008290	00635993	srli	x19,x6,0x6	  x6:0x00000000 x19=0x00000000
     400355.000 ns	     40034	80008294	0201ee33	rem	x28,x3,x0	  x3:0x00000000  x0:0x00000000 x28=0x00000000
     400395.000 ns	     40038	80008298	10747f53	fmul.s	f30,f8,f7	  f8:0x4e9af1e0  f7:0xcf045edd f30=0xde203c44
     400425.000 ns	     40041	8000829c	f0088bd3	fmv.w.x	f23,x17	 x17:0xfffffed1 f23=0xfffffed1
     400445.000 ns	     40043	800082a0	6275c213	xori	x4,x11,1575	 x11:0x80040fe4  x4=0x800409c3
     400455.000 ns	     40044	800082a4	00d00bb3	add	x23,x0,x13	  x0:0x00000000 x13:0xfffffa21 x23=0xfffffa21
     400475.000 ns	     40046	800082a8	c0007b53	fcvt.w.s	x22,f0	  f0:0x80000000 x22=0x00000000
     400505.000 ns	     40049	800082ac	0256da33	divu	x20,x13,x5	 x13:0xfffffa21  x5:0x00000000 x20=0xffffffff
     400535.000 ns	     40052	800082b0	e0060dd3	fmv.x.w	x27,f12	 f12:0x80000000 x27=0x80000000
     400565.000 ns	     40055	800082b4	a0a82cd3	feq.s	x25,f16,f10	 f16:0x80000000 f10:0x3f800000 x25=0x00000000
     400605.000 ns	     40059	800082b8	11b32ad3	fmul.s	f21,f6,f27	  f6:0x4e9af1e0 f27:0x00000000 f21=0x00000000
     400625.000 ns	     40061	800082bc	0103b633	sltu	x12,x7,x16	  x7:0xfffffa2d x16:0x00000000 x12=0x00000000
     400635.000 ns	     40062	800082c0	019a00b3	add	x1,x20,x25	 x20:0xffffffff x25:0x00000000  x1=0xffffffff
     400655.000 ns	     40064	800082c4	c00c7453	fcvt.w.s	x8,f24	 f24:0x7f800000  x8=0x7fffffff
     400675.000 ns	     40066	800082c8	0050f7b3	and	x15,x1,x5	  x1:0x00000000  x5:0x00000000 x15=0x00000000
     400695.000 ns	     40068	800082cc	020fc233	div	x4,x31,x0	 x31:0x000003f2  x0:0x00000000  x4=0xffffffff
     400715.000 ns	     40070	800082d0	011a9293	slli	x5,x21,0x11	 x21:0x54ab7822  x5=0xf0440000
     400725.000 ns	     40071	800082d4	016fd513	srli	x10,x31,0x16	 x31:0x000003f2 x10=0x00000000
     400745.000 ns	     40073	800082d8	c000f8d3	fcvt.w.s	x17,f1	  f1:0x80000000 x17=0x00000000
     400775.000 ns	     40076	800082dc	d01ba353	fcvt.s.wu	f6,x23	 x23:0xfffffa21  f6=0x4f7ffffb
     400815.000 ns	     40080	800082e0	1944f053	fdiv.s	f0,f9,f20	  f9:0x00000000 f20:0x7fc00000  f0=0x7fc00000
     400835.000 ns	     40082	800082e4	4018d7b3	sra	x15,x17,x1	 x17:0x00000000  x1:0xffffffff x15=0x00000000
     400855.000 ns	     40084	800082e8	03791533	mulh	x10,x18,x23	 x18:0x00000000 x23:0xfffffa21 x10=0x00000000
     400875.000 ns	     40086	800082ec	01cc9093	slli	x1,x25,0x1c	 x25:0x00000000  x1=0x00000000
     400895.000 ns	     40088	800082f0	297293d3	fmax.s	f7,f5,f23	  f5:0x00000000 f23:0xfffffed1  f7=0x00000000
     400925.000 ns	     40091	800082f4	02169333	mulh	x6,x13,x1	 x13:0xfffffa21  x1:0xffffffff  x6=0x00000000
     400945.000 ns	     40093	800082f8	00b27033	and	x0,x4,x11	  x4:0xffffffff x11:0x80040fe4
     400965.000 ns	     40095	800082fc	c01bf653	fcvt.wu.s	x12,f23	 f23:0xfffffed1 x12=0xffffffff
     401015.000 ns	     40100	80008300	09f4fc53	fsub.s	f24,f9,f31	  f9:0x00000000 f31:0x00000000 f24=0x80000000
     401035.000 ns	     40102	80008304	d7f8fa17	auipc	x20,0xd7f8f	 x20=0x57f97304
     401045.000 ns	     40103	80008308	017b8bb3	add	x23,x23,x23	 x23:0xfffffa21 x23:0xfffffa21 x23=0xfffff442
     401065.000 ns	     40105	8000830c	a1638953	fle.s	x18,f7,f22	  f7:0x00000000 f22:0xce9af1e0 x18=0x00000000
     401095.000 ns	     40108	80008310	e00012d3	fclass.s	x5,f0	  f0:0x7fc00000  x5=0x00000200
     401125.000 ns	     40111	80008314	e0070453	fmv.x.w	x8,f14	 f14:0x00000000  x8=0x00000000
     401145.000 ns	     40113	80008318	00638133	add	x2,x7,x6	  x7:0xfffffa2d  x6:0x00000000  x2=0xfffffa2d
     401165.000 ns	     40115	8000831c	28ee0753	fmin.s	f14,f28,f14	 f28:0x00000000 f14:0x00000000 f14=0x00000000
     401185.000 ns	     40117	80008320	dcee8013	addi	x0,x29,-562	 x29:0x00000000
     401205.000 ns	     40119	80008324	a11c1bd3	flt.s	x23,f24,f17	 f24:0x80000000 f17:0x00000000 x23=0x00000000
     401225.000 ns	     40121	80008328	013fa133	slt	x2,x31,x19	 x31:0x000003f2 x19:0x00000000  x2=0x00000000
     401235.000 ns	     40122	8000832c	00b048b3	xor	x17,x0,x11	  x0:0x00000000 x11:0x80040fe4 x17=0x80040fe4
     401255.000 ns	     40124	80008330	a0ea12d3	flt.s	x5,f20,f14	 f20:0x7fc00000 f14:0x00000000  x5=0x00000000
     401275.000 ns	     40126	80008334	4a0c2013	slti	x0,x24,1184	 x24:0xffffff45
     401295.000 ns	     40128	80008338	f00c0153	fmv.w.x	f2,x24	 x24:0xffffff45  f2=0xffffff45
     401315.000 ns	     40130	8000833c	0bc36913	ori	x18,x6,188	  x6:0x00000000 x18=0x000000bc
     401345.000 ns	     40133	80008340	10d273d3	fmul.s	f7,f4,f13	  f4:0xbf800000 f13:0x00000000  f7=0x80000000
     401365.000 ns	     40135	80008344	1cb3bd93	sltiu	x27,x7,459	  x7:0xfffffa2d x27=0x00000000
     401385.000 ns	     40137	80008348	d01e1c53	fcvt.s.wu	f24,x28	 x28:0x00000000 f24=0x00000000
     401435.000 ns	     40142	8000834c	00d03753	fadd.s	f14,f0,f13	  f0:0x7fc00000 f13:0x00000000 f14=0x7fc00000
     401465.000 ns	     40145	80008350	c01e3153	fcvt.wu.s	x2,f28	 f28:0x00000000  x2=0x00000000
     401485.000 ns	     40147	80008354	41dbd913	srai	x18,x23,0x1d	 x23:0x00000000 x18=0x00000000
     401505.000 ns	     40149	80008358	e00f8953	fmv.x.w	x18,f31	 f31:0x00000000 x18=0x00000000
     401525.000 ns	     40151	8000835c	409e81b3	sub	x3,x29,x9	 x29:0x00000000  x9:0x00000000  x3=0x00000000
     401535.000 ns	     40152	80008360	40cc0933	sub	x18,x24,x12	 x24:0xffffff45 x12:0xffffffff x18=0xffffff46
     401545.000 ns	     40153	80008364	a9d0b893	sltiu	x17,x1,-1379	  x1:0x00000000 x17=0x00000001
     401555.000 ns	     40154	80008368	00515213	srli	x4,x2,0x5	  x2:0x00000000  x4=0x00000000
     401575.000 ns	     40156	8000836c	033a6cb3	rem	x25,x20,x19	 x20:0x57f97304 x19:0x00000000 x25=0x57f97304
     401605.000 ns	     40159	80008370	a0eb26d3	feq.s	x13,f22,f14	 f22:0xce9af1e0 f14:0x7fc00000 x13=0x00000000
     401625.000 ns	     40161	80008374	01bc1333	sll	x6,x24,x27	 x24:0xffffff45 x27:0x00000000  x6=0xffffff45
     401655.000 ns	     40164	80008378	580d2d53	fsqrt.s	f26,f26	 f26:0x80000000 f26=0x80000000
     401685.000 ns	     40167	8000837c	03a1ee33	rem	x28,x3,x26	  x3:0x00000000 x26:0x00000000 x28=0x00000000
     401715.000 ns	     40170	80008380	20452053	fsgnjx.s	f0,f10,f4	 f10:0x3f800000  f4:0xbf800000  f0=0xbf800000
     401745.000 ns	     40173	80008384	c0134ed3	fcvt.wu.s	x29,f6	  f6:0x4f7ffffb x29=0xfffffb00
     401765.000 ns	     40175	80008388	018db2b3	sltu	x5,x27,x24	 x27:0x00000000 x24:0xffffff45  x5=0x00000001
     401775.000 ns	     40176	8000838c	01476233	or	x4,x14,x20	 x14:0x00000000 x20:0x57f97304  x4=0x57f97304
     401785.000 ns	     40177	80008390	004d1b33	sll	x22,x26,x4	 x26:0x00000000  x4:0x00000000 x22=0x00000000
     402145.000 ns	     40213	80008394	03194833	div	x16,x18,x17	 x18:0xffffff46 x17:0x00000001 x16=0xffffff46
     402165.000 ns	     40215	80008398	0088b033	sltu	x0,x17,x8	 x17:0x00000001  x8:0x00000000
     402185.000 ns	     40217	8000839c	a0dc1e53	flt.s	x28,f24,f13	 f24:0x00000000 f13:0x00000000 x28=0x00000000
     402215.000 ns	     40220	800083a0	c01f9753	fcvt.wu.s	x14,f31	 f31:0x00000000 x14=0x00000000
     402235.000 ns	     40222	800083a4	6c822213	slti	x4,x4,1736	  x4:0x57f97304  x4=0x00000000
     402245.000 ns	     40223	800083a8	00171c93	slli	x25,x14,0x1	 x14:0x00000000 x25=0x00000000
     402265.000 ns	     40225	800083ac	21488053	fsgnj.s	f0,f17,f20	 f17:0x00000000 f20:0x7fc00000  f0=0x00000000
     402285.000 ns	     40227	800083b0	01915993	srli	x19,x2,0x19	  x2:0x00000000 x19=0x00000000
     402295.000 ns	     40228	800083b4	1569fc93	andi	x25,x19,342	 x19:0x00000000 x25=0x00000000
     402315.000 ns	     40230	800083b8	d00abb53	fcvt.s.w	f22,x21	 x21:0x54ab7822 f22=0x4ea956f1
     402335.000 ns	     40232	800083bc	000a5513	srli	x10,x20,0x0	 x20:0x57f97304 x10=0x57f97304
     403505.000 ns	     40349	800083c0	5805aa53	fsqrt.s	f20,f11	 f11:0x470cd425 f20=0x42c728d4
     403525.000 ns	     40351	800083c4	003078b3	and	x17,x0,x3	  x0:0x00000000  x3:0x00000000 x17=0x00000000
     403545.000 ns	     40353	800083c8	218c91d3	fsgnjn.s	f3,f25,f24	 f25:0x00000000 f24:0x00000000  f3=0x80000000
     403575.000 ns	     40356	800083cc	a1d711d3	flt.s	x3,f14,f29	 f14:0x7fc00000 f29:0x0000068c  x3=0x00000000
     403605.000 ns	     40359	800083d0	02f9c833	div	x16,x19,x15	 x19:0x00000000 x15:0x00000000 x16=0xffffffff
     403635.000 ns	     40362	800083d4	d002a4d3	fcvt.s.w	f9,x5	  x5:0x00000001  f9=0x3f800000
     403655.000 ns	     40364	800083d8	0117fb33	and	x22,x15,x17	 x15:0x00000000 x17:0x00000000 x22=0x00000000
     403665.000 ns	     40365	800083dc	00000013	addi	x0,x0,0	  x0:0x00000000
     403675.000 ns	     40366	800083e0	01d0d313	srli	x6,x1,0x1d	  x1:0x00000000  x6=0x00000000
     403705.000 ns	     40369	800083e4	5803fd53	fsqrt.s	f26,f7	  f7:0x80000000 f26=0x80000000
     403735.000 ns	     40372	800083e8	02303bb3	mulhu	x23,x0,x3	  x0:0x00000000  x3:0x00000000 x23=0x00000000
     403755.000 ns	     40374	800083ec	00d1f433	and	x8,x3,x13	  x3:0x00000000 x13:0x00000000  x8=0x00000000
     403765.000 ns	     40375	800083f0	41970b33	sub	x22,x14,x25	 x14:0x00000000 x25:0x00000000 x22=0x00000000
     403775.000 ns	     40376	800083f4	002ab1b3	sltu	x3,x21,x2	 x21:0x54ab7822  x2:0x00000000  x3=0x00000000
     403785.000 ns	     40377	800083f8	f31bc393	xori	x7,x23,-207	 x23:0x00000000  x7=0xffffff31
     403805.000 ns	     40379	800083fc	e00783d3	fmv.x.w	x7,f15	 f15:0x00400000  x7=0x00400000
     403835.000 ns	     40382	80008400	214e1753	fsgnjn.s	f14,f28,f20	 f28:0x00000000 f20:0x42c728d4 f14=0x80000000
     403865.000 ns	     40385	80008404	028b6633	rem	x12,x22,x8	 x22:0x00000000  x8:0x00000000 x12=0x00000000
     403895.000 ns	     40388	80008408	d0127453	fcvt.s.wu	f8,x4	  x4:0x00000000  f8=0x00000000
     403915.000 ns	     40390	8000840c	beb28613	addi	x12,x5,-1045	  x5:0x00000001 x12=0xfffffbec
     403935.000 ns	     40392	80008410	03950933	mul	x18,x10,x25	 x10:0x57f97304 x25:0x00000000 x18=0x00000000
     403955.000 ns	     40394	80008414	01c960b3	or	x1,x18,x28	 x18:0xffffff46 x28:0x00000000  x1=0x00000000
     403965.000 ns	     40395	80008418	01402a33	slt	x20,x0,x20	  x0:0x00000000 x20:0x57f97304 x20=0x00000001
     403985.000 ns	     40397	8000841c	a09cadd3	feq.s	x27,f25,f9	 f25:0x00000000  f9:0x3f800000 x27=0x00000000
     404025.000 ns	     40401	80008420	19f8b553	fdiv.s	f10,f17,f31	 f17:0x00000000 f31:0x00000000 f10=0x7fc00000
     404055.000 ns	     40404	80008424	0257b6b3	mulhu	x13,x15,x5	 x15:0x00000000  x5:0x00000001 x13=0x00000000
     404075.000 ns	     40406	80008428	00eeb033	sltu	x0,x29,x14	 x29:0xfffffb00 x14:0x00000000
     404095.000 ns	     40408	8000842c	20e69953	fsgnjn.s	f18,f13,f14	 f13:0x00000000 f14:0x80000000 f18=0x00000000
     404125.000 ns	     40411	80008430	d00c05d3	fcvt.s.w	f11,x24	 x24:0xffffff45 f11=0xc33b0000
     404155.000 ns	     40414	80008434	20041953	fsgnjn.s	f18,f8,f0	  f8:0x00000000  f0:0x00000000 f18=0x80000000
     404175.000 ns	     40416	80008438	0045b333	sltu	x6,x11,x4	 x11:0x80040fe4  x4:0x00000000  x6=0x00000000
     404195.000 ns	     40418	8000843c	21999a53	fsgnjn.s	f20,f19,f25	 f19:0x3f800000 f25:0x00000000 f20=0xbf800000
     404215.000 ns	     40420	80008440	00000013	addi	x0,x0,0	  x0:0x00000000
     404225.000 ns	     40421	80008444	40315fb3	sra	x31,x2,x3	  x2:0x00000000  x3:0x00000000 x31=0x00000000
     404245.000 ns	     40423	80008448	02c4b733	mulhu	x14,x9,x12	  x9:0x00000000 x12:0xfffffbec x14=0x00000000
     404265.000 ns	     40425	8000844c	00000013	addi	x0,x0,0	  x0:0x00000000
     404285.000 ns	     40427	80008450	031149b3	div	x19,x2,x17	  x2:0x00000000 x17:0x00000000 x19=0xffffffff
     404305.000 ns	     40429	80008454	00ae2233	slt	x4,x28,x10	 x28:0x00000000 x10:0x57f97304  x4=0x00000001
     404315.000 ns	     40430	80008458	017e12b3	sll	x5,x28,x23	 x28:0x00000000 x23:0x00000000  x5=0x00000000
     404325.000 ns	     40431	8000845c	00000013	addi	x0,x0,0	  x0:0x00000000
     404335.000 ns	     40432	80008460	01851813	slli	x16,x10,0x18	 x10:0x57f97304 x16=0x04000000
     404355.000 ns	     40434	80008464	c0053bd3	fcvt.w.s	x23,f10	 f10:0x7fc00000 x23=0x7fffffff
     404385.000 ns	     40437	80008468	215d9bd3	fsgnjn.s	f23,f27,f21	 f27:0x00000000 f21:0x00000000 f23=0x80000000
     404415.000 ns	     40440	8000846c	c00078d3	fcvt.w.s	x17,f0	  f0:0x00000000 x17=0x00000000
     404435.000 ns	     40442	80008470	004c82b3	add	x5,x25,x4	 x25:0x00000000  x4:0x00000001  x5=0x00000001
     404445.000 ns	     40443	80008474	41795393	srai	x7,x18,0x17	 x18:0x00000000  x7=0x00000000
     404455.000 ns	     40444	80008478	01aaa633	slt	x12,x21,x26	 x21:0x54ab7822 x26:0x00000000 x12=0x00000000
     404465.000 ns	     40445	8000847c	0144f2b3	and	x5,x9,x20	  x9:0x00000000 x20:0x00000001  x5=0x00000000
     404475.000 ns	     40446	80008480	abc52b13	slti	x22,x10,-1348	 x10:0x57f97304 x22=0x00000000
     404485.000 ns	     40447	80008484	72257a13	andi	x20,x10,1826	 x10:0x57f97304 x20=0x00000300
     404495.000 ns	     40448	80008488	017a9793	slli	x15,x21,0x17	 x21:0x54ab7822 x15=0x11000000
     404515.000 ns	     40450	8000848c	e0071ed3	fclass.s	x29,f14	 f14:0x80000000 x29=0x00000008
     404545.000 ns	     40453	80008490	295999d3	fmax.s	f19,f19,f21	 f19:0x3f800000 f21:0x00000000 f19=0x3f800000
     404565.000 ns	     40455	80008494	0027a3b3	slt	x7,x15,x2	 x15:0x11000000  x2:0x00000000  x7=0x00000000
     404575.000 ns	     40456	80008498	00000013	addi	x0,x0,0	  x0:0x00000000
     404595.000 ns	     40458	8000849c	03a3e4b3	rem	x9,x7,x26	  x7:0x00000000 x26:0x00000000  x9=0x00000000
     404625.000 ns	     40461	800084a0	c0173553	fcvt.wu.s	x10,f14	 f14:0x80000000 x10=0x00000000
     404655.000 ns	     40464	800084a4	a1a40153	fle.s	x2,f8,f26	  f8:0x00000000 f26:0x80000000  x2=0x00000001
     404675.000 ns	     40466	800084a8	01939513	slli	x10,x7,0x19	  x7:0x00000000 x10=0x00000000
     404685.000 ns	     40467	800084ac	01031033	sll	x0,x6,x16	  x6:0x00000000 x16:0x04000000
     404695.000 ns	     40468	800084b0	00dc5a33	srl	x20,x24,x13	 x24:0xffffff45 x13:0x00000000 x20=0xffffff45
     404735.000 ns	     40472	800084b4	0056c0d3	fadd.s	f1,f13,f5	 f13:0x00000000  f5:0x00000000  f1=0x00000000
     404785.000 ns	     40477	800084b8	016ace53	fadd.s	f28,f21,f22	 f21:0x00000000 f22:0x4ea956f1 f28=0x4ea956f1
     404815.000 ns	     40480	800084bc	20e802d3	fsgnj.s	f5,f16,f14	 f16:0x80000000 f14:0x80000000  f5=0x80000000
     404845.000 ns	     40483	800084c0	d00e8bd3	fcvt.s.w	f23,x29	 x29:0x00000008 f23=0x41000000
     404875.000 ns	     40486	800084c4	02a261b3	rem	x3,x4,x10	  x4:0x00000001 x10:0x00000000  x3=0x00000001
     404895.000 ns	     40488	800084c8	40da5f93	srai	x31,x20,0xd	 x20:0xffffff45 x31=0xffffffff
     404905.000 ns	     40489	800084cc	e6185397	auipc	x7,0xe6185	  x7=0x6618d4cc
     404915.000 ns	     40490	800084d0	00469e13	slli	x28,x13,0x4	 x13:0x00000000 x28=0x00000000
     404925.000 ns	     40491	800084d4	409d8fb3	sub	x31,x27,x9	 x27:0x00000000  x9:0x00000000 x31=0x00000000
     404945.000 ns	     40493	800084d8	f00b0dd3	fmv.w.x	f27,x22	 x22:0x00000000 f27=0x00000000
     404965.000 ns	     40495	800084dc	01ecb833	sltu	x16,x25,x30	 x25:0x00000000 x30:0x80041024 x16=0x00000001
     404975.000 ns	     40496	800084e0	2dc32e93	slti	x29,x6,732	  x6:0x00000000 x29=0x00000001
     404995.000 ns	     40498	800084e4	a0ccacd3	feq.s	x25,f25,f12	 f25:0x00000000 f12:0x80000000 x25=0x00000001
     405025.000 ns	     40501	800084e8	e00a13d3	fclass.s	x7,f20	 f20:0xbf800000  x7=0x00000002
     405045.000 ns	     40503	800084ec	aa2c6d13	ori	x26,x24,-1374	 x24:0xffffff45 x26=0xffffffe7
     405065.000 ns	     40505	800084f0	210e11d3	fsgnjn.s	f3,f28,f16	 f28:0x4ea956f1 f16:0x80000000  f3=0x4ea956f1
     405115.000 ns	     40510	800084f4	001530d3	fadd.s	f1,f10,f1	 f10:0x7fc00000  f1:0x00000000  f1=0x7fc00000
     405135.000 ns	     40512	800084f8	01a89693	slli	x13,x17,0x1a	 x17:0x00000000 x13=0x00000000
     405145.000 ns	     40513	800084fc	016de1b3	or	x3,x27,x22	 x27:0x00000000 x22:0x00000000  x3=0x00000000
     405155.000 ns	     40514	80008500	001f1693	slli	x13,x30,0x1	 x30:0x80041024 x13=0x00082048
     405165.000 ns	     40515	80008504	17e8f293	andi	x5,x17,382	 x17:0x00000000  x5=0x00000000
     405185.000 ns	     40517	80008508	025c2b33	mulhsu	x22,x24,x5	 x24:0xffffff45  x5:0x00000000 x22=0x00000000
     405205.000 ns	     40519	8000850c	005a22b3	slt	x5,x20,x5	 x20:0xffffff45  x5:0x00000000  x5=0x00000001
     405235.000 ns	     40522	80008510	10099253	fmul.s	f4,f19,f0	 f19:0x3f800000  f0:0x00000000  f4=0x00000000
     405255.000 ns	     40524	80008514	0177d993	srli	x19,x15,0x17	 x15:0x11000000 x19=0x00000022
     405265.000 ns	     40525	80008518	01146533	or	x10,x8,x17	  x8:0x00000000 x17:0x00000000 x10=0x00000000
     405275.000 ns	     40526	8000851c	0149f6b3	and	x13,x19,x20	 x19:0xffffffff x20:0xffffff45 x13=0x00000000
     405285.000 ns	     40527	80008520	017bb133	sltu	x2,x23,x23	 x23:0x7fffffff x23:0x7fffffff  x2=0x00000000
     405305.000 ns	     40529	80008524	03e01433	mulh	x8,x0,x30	  x0:0x00000000 x30:0x80041024  x8=0x00000000
     405325.000 ns	     40531	80008528	168c8b93	addi	x23,x25,360	 x25:0x00000001 x23=0x00000169
     405365.000 ns	     40535	8000852c	08bef0d3	fsub.s	f1,f29,f11	 f29:0x0000068c f11:0xc33b0000  f1=0x433b0000
     405395.000 ns	     40538	80008530	d0067c53	fcvt.s.w	f24,x12	 x12:0x00000000 f24=0x00000000
     405425.000 ns	     40541	80008534	0356a933	mulhsu	x18,x13,x21	 x13:0x00000000 x21:0x54ab7822 x18=0x00000000
     405445.000 ns	     40543	80008538	00858a33	add	x20,x11,x8	 x11:0x80040fe4  x8:0x00000000 x20=0x80040fe4
     405455.000 ns	     40544	8000853c	7d9eee17	auipc	x28,0x7d9ee	 x28=0xfd9f653c
     405475.000 ns	     40546	80008540	03aebfb3	mulhu	x31,x29,x26	 x29:0x00000001 x26:0xffffffe7 x31=0x00000000
     405495.000 ns	     40548	80008544	00348b33	add	x22,x9,x3	  x9:0x00000000  x3:0x00000000 x22=0x00000000
     405505.000 ns	     40549	80008548	014fc7b3	xor	x15,x31,x20	 x31:0x00000000 x20:0x80040fe4 x15=0x80040fe4
     405525.000 ns	     40551	8000854c	20778ed3	fsgnj.s	f29,f15,f7	 f15:0x00400000  f7:0x80000000 f29=0x80400000
     405895.000 ns	     40588	80008550	03357bb3	remu	x23,x10,x19	 x10:0x00000000 x19:0x00000022 x23=0x00000000
     405915.000 ns	     40590	80008554	a18c0213	addi	x4,x24,-1512	 x24:0xffffff45  x4=0xfffff95d
     405925.000 ns	     40591	80008558	514b3093	sltiu	x1,x22,1300	 x22:0x00000000  x1=0x00000001
     405945.000 ns	     40593	8000855c	d0073453	fcvt.s.w	f8,x14	 x14:0x00000000  f8=0x00000000
     405975.000 ns	     40596	80008560	208da1d3	fsgnjx.s	f3,f27,f8	 f27:0x00000000  f8:0x00000000  f3=0x00000000
     405995.000 ns	     40598	80008564	79c5bb13	sltiu	x22,x11,1948	 x11:0x80040fe4 x22=0x00000000
     406005.000 ns	     40599	80008568	4b43a113	slti	x2,x7,1204	  x7:0x00000002  x2=0x00000001
     406015.000 ns	     40600	8000856c	01cfeb33	or	x22,x31,x28	 x31:0x00000000 x28:0xfd9f653c x22=0xfd9f653c
     406035.000 ns	     40602	80008570	a1430553	fle.s	x10,f6,f20	  f6:0x4f7ffffb f20:0xbf800000 x10=0x00000000
     406055.000 ns	     40604	80008574	40c2d933	sra	x18,x5,x12	  x5:0x00000001 x12:0x00000000 x18=0x00000001
     406085.000 ns	     40607	80008578	580fb353	fsqrt.s	f6,f31	 f31:0x00000000  f6=0x00000000
     406105.000 ns	     40609	8000857c	41030eb3	sub	x29,x6,x16	  x6:0x00000000 x16:0x00000001 x29=0xffffffff
     406115.000 ns	     40610	80008580	18546197	auipc	x3,0x18546	  x3=0x9854e580
     406125.000 ns	     40611	80008584	01237fb3	and	x31,x6,x18	  x6:0x00000000 x18:0x00000001 x31=0x00000000
     406145.000 ns	     40613	80008588	031730b3	mulhu	x1,x14,x17	 x14:0x00000000 x17:0x00000000  x1=0x00000000
     406175.000 ns	     40616	8000858c	d0017353	fcvt.s.w	f6,x2	  x2:0x00000001  f6=0x3f800000
     406225.000 ns	     40621	80008590	0081b9d3	fadd.s	f19,f3,f8	  f3:0x00000000  f8:0x00000000 f19=0x00000000
     406265.000 ns	     40625	80008594	11fcf9d3	fmul.s	f19,f25,f31	 f25:0x00000000 f31:0x00000000 f19=0x00000000
     406285.000 ns	     40627	80008598	00f8d733	srl	x14,x17,x15	 x17:0x00000000 x15:0x80040fe4 x14=0x00000000
     406295.000 ns	     40628	8000859c	2b2cee13	ori	x28,x25,690	 x25:0x00000001 x28=0x000002b3
     406315.000 ns	     40630	800085a0	02694933	div	x18,x18,x6	 x18:0x00000001  x6:0x00000000 x18=0xffffffff
     406335.000 ns	     40632	800085a4	00cada13	srli	x20,x21,0xc	 x21:0x54ab7822 x20=0x00054ab7
     406345.000 ns	     40633	800085a8	a225f137	lui	x2,0xa225f	  x2=0xa225f000
     406355.000 ns	     40634	800085ac	53e52b37	lui	x22,0x53e52	 x22=0x53e52000
     406365.000 ns	     40635	800085b0	41295f93	srai	x31,x18,0x12	 x18:0xffffffff x31=0xffffffff
     406725.000 ns	     40671	800085b4	0353cbb3	div	x23,x7,x21	  x7:0x00000002 x21:0x54ab7822 x23=0x00000000
     406745.000 ns	     40673	800085b8	019c4033	xor	x0,x24,x25	 x24:0xffffff45 x25:0x00000001
     406765.000 ns	     40675	800085bc	210a20d3	fsgnjx.s	f1,f20,f16	 f20:0xbf800000 f16:0x80000000  f1=0x3f800000
     406785.000 ns	     40677	800085c0	0016c2b3	xor	x5,x13,x1	 x13:0x00000000  x1:0x00000000  x5=0x00000000
     406795.000 ns	     40678	800085c4	8e5c2013	slti	x0,x24,-1819	 x24:0xffffff45
     406805.000 ns	     40679	800085c8	01dad733	srl	x14,x21,x29	 x21:0x54ab7822 x29:0xffffffff x14=0x00000000
     406825.000 ns	     40681	800085cc	03794eb3	div	x29,x18,x23	 x18:0xffffffff x23:0x00000000 x29=0xffffffff
     406855.000 ns	     40684	800085d0	e0051c53	fclass.s	x24,f10	 f10:0x7fc00000 x24=0x00000200
     406875.000 ns	     40686	800085d4	0058a933	slt	x18,x17,x5	 x17:0x00000000  x5:0x00000000 x18=0x00000000
     406885.000 ns	     40687	800085d8	e629bc13	sltiu	x24,x19,-414	 x19:0x00000022 x24=0x00000001
     406895.000 ns	     40688	800085dc	a8298113	addi	x2,x19,-1406	 x19:0x00000022  x2=0xfffffaa4
     406915.000 ns	     40690	800085e0	a0769c53	flt.s	x24,f13,f7	 f13:0x00000000  f7:0x80000000 x24=0x00000000
     406935.000 ns	     40692	800085e4	01738fb3	add	x31,x7,x23	  x7:0x00000002 x23:0x00000000 x31=0x00000002
     406965.000 ns	     40695	800085e8	18c8f653	fdiv.s	f12,f17,f12	 f17:0x00000000 f12:0x80000000 f12=0x7fc00000
     406995.000 ns	     40698	800085ec	a05bacd3	feq.s	x25,f23,f5	 f23:0x41000000  f5:0x80000000 x25=0x00000000
     407015.000 ns	     40700	800085f0	40bfdc13	srai	x24,x31,0xb	 x31:0x00000002 x24=0x00000000
     407025.000 ns	     40701	800085f4	019dd333	srl	x6,x27,x25	 x27:0x00000000 x25:0x00000000  x6=0x00000000
     407035.000 ns	     40702	800085f8	00000013	addi	x0,x0,0	  x0:0x00000000
     407065.000 ns	     40705	800085fc	5801fb53	fsqrt.s	f22,f3	  f3:0x00000000 f22=0x00000000
     407085.000 ns	     40707	80008600	684d6313	ori	x6,x26,1668	 x26:0xffffffe7  x6=0xffffffe7
     407105.000 ns	     40709	80008604	20088b53	fsgnj.s	f22,f17,f0	 f17:0x00000000  f0:0x00000000 f22=0x00000000
     407155.000 ns	     40714	80008608	08544053	fsub.s	f0,f8,f5	  f8:0x00000000  f5:0x80000000  f0=0x00000000
     407185.000 ns	     40717	8000860c	a1362c53	feq.s	x24,f12,f19	 f12:0x7fc00000 f19:0x00000000 x24=0x00000000
     407215.000 ns	     40720	80008610	21e91353	fsgnjn.s	f6,f18,f30	 f18:0x80000000 f30:0xde203c44  f6=0x00000000
     407235.000 ns	     40722	80008614	69ece193	ori	x3,x25,1694	 x25:0x00000000  x3=0x0000069e
     407245.000 ns	     40723	80008618	00ee3733	sltu	x14,x28,x14	 x28:0x000002b3 x14:0x00000000 x14=0x00000000
     407275.000 ns	     40726	8000861c	19467753	fdiv.s	f14,f12,f20	 f12:0x7fc00000 f20:0xbf800000 f14=0x7fc00000
     407295.000 ns	     40728	80008620	82ac0113	addi	x2,x24,-2006	 x24:0x00000000  x2=0xfffff82a
     407305.000 ns	     40729	80008624	01755333	srl	x6,x10,x23	 x10:0x00000000 x23:0x00000000  x6=0x00000000
     407315.000 ns	     40730	80008628	002ac933	xor	x18,x21,x2	 x21:0x54ab7822  x2:0xfffffaa4 x18=0xab548008
     407325.000 ns	     40731	8000862c	3be83313	sltiu	x6,x16,958	 x16:0x00000001  x6=0x00000001
     407335.000 ns	     40732	80008630	00c040b7	lui	x1,0xc04	  x1=0x00c04000
     407345.000 ns	     40733	80008634	7edfb093	sltiu	x1,x31,2029	 x31:0x00000002  x1=0x00000001
     407375.000 ns	     40736	80008638	580dfdd3	fsqrt.s	f27,f27	 f27:0x00000000 f27=0x00000000
     407395.000 ns	     40738	8000863c	14d90513	addi	x10,x18,333	 x18:0xab548008 x10=0xab548155
     407405.000 ns	     40739	80008640	00855fb3	srl	x31,x10,x8	 x10:0x00000000  x8:0x00000000 x31=0xab548155
     407425.000 ns	     40741	80008644	02dca133	mulhsu	x2,x25,x13	 x25:0x00000000 x13:0x00000000  x2=0x00000000
     407445.000 ns	     40743	80008648	41a901b3	sub	x3,x18,x26	 x18:0xab548008 x26:0xffffffe7  x3=0xab548021
     407455.000 ns	     40744	8000864c	fbd3b693	sltiu	x13,x7,-67	  x7:0x00000002 x13=0x00000001
     407465.000 ns	     40745	80008650	0141e233	or	x4,x3,x20	  x3:0x0000069e x20:0x00054ab7  x4=0xab55cab7
     407825.000 ns	     40781	80008654	02b4f4b3	remu	x9,x9,x11	  x9:0x00000000 x11:0x80040fe4  x9=0x00000000
     407855.000 ns	     40784	80008658	d016f2d3	fcvt.s.wu	f5,x13	 x13:0x00000001  f5=0x3f800000
     407875.000 ns	     40786	8000865c	017f9313	slli	x6,x31,0x17	 x31:0xab548155  x6=0xaa800000
     407895.000 ns	     40788	80008660	0202eb33	rem	x22,x5,x0	  x5:0x00000000  x0:0x00000000 x22=0x00000000
     407915.000 ns	     40790	80008664	00285433	srl	x8,x16,x2	 x16:0x00000001  x2:0x00000000  x8=0x00000001
     407925.000 ns	     40791	80008668	417d5333	sra	x6,x26,x23	 x26:0xffffffe7 x23:0x00000000  x6=0xffffffe7
     407935.000 ns	     40792	8000866c	0114d213	srli	x4,x9,0x11	  x9:0x00000000  x4=0x00000000
     407955.000 ns	     40794	80008670	20d523d3	fsgnjx.s	f7,f10,f13	 f10:0x7fc00000 f13:0x00000000  f7=0x7fc00000
     407985.000 ns	     40797	80008674	c01efcd3	fcvt.wu.s	x25,f29	 f29:0x80400000 x25=0x00000000
     408015.000 ns	     40800	80008678	29cc97d3	fmax.s	f15,f25,f28	 f25:0x00000000 f28:0x4ea956f1 f15=0x4ea956f1
     408035.000 ns	     40802	8000867c	00f9c533	xor	x10,x19,x15	 x19:0x00000022 x15:0x80040fe4 x10=0x80040fc6
     408055.000 ns	     40804	80008680	0336b2b3	mulhu	x5,x13,x19	 x13:0x00000001 x19:0x00000022  x5=0x00000000
     408085.000 ns	     40807	80008684	201d92d3	fsgnjn.s	f5,f27,f1	 f27:0x00000000  f1:0x3f800000  f5=0x80000000
     408105.000 ns	     40809	80008688	00d28c33	add	x24,x5,x13	  x5:0x00000000 x13:0x00000001 x24=0x00000001
     408125.000 ns	     40811	8000868c	287f90d3	fmax.s	f1,f31,f7	 f31:0x00000000  f7:0x7fc00000  f1=0x00000000
     408155.000 ns	     40814	80008690	020a2e33	mulhsu	x28,x20,x0	 x20:0x00054ab7  x0:0x00000000 x28=0x00000000
     408175.000 ns	     40816	80008694	01661e93	slli	x29,x12,0x16	 x12:0x00000000 x29=0x00000000
     408215.000 ns	     40820	80008698	00a27953	fadd.s	f18,f4,f10	  f4:0x00000000 f10:0x7fc00000 f18=0x7fc00000
     408235.000 ns	     40822	8000869c	008509b3	add	x19,x10,x8	 x10:0x80040fc6  x8:0x00000001 x19=0x80040fc7
     408255.000 ns	     40824	800086a0	a1862e53	feq.s	x28,f12,f24	 f12:0x7fc00000 f24:0x00000000 x28=0x00000000
     408275.000 ns	     40826	800086a4	0111e133	or	x2,x3,x17	  x3:0xab548021 x17:0x00000000  x2=0xab548021
     408285.000 ns	     40827	800086a8	8675ec93	ori	x25,x11,-1945	 x11:0x80040fe4 x25=0xffffffe7
     408305.000 ns	     40829	800086ac	a1f300d3	fle.s	x1,f6,f31	  f6:0x00000000 f31:0x00000000  x1=0x00000001
     408335.000 ns	     40832	800086b0	21c00053	fsgnj.s	f0,f0,f28	  f0:0x00000000 f28:0x4ea956f1  f0=0x00000000
     408365.000 ns	     40835	800086b4	a1618753	fle.s	x14,f3,f22	  f3:0x00000000 f22:0x00000000 x14=0x00000001
     408385.000 ns	     40837	800086b8	001f56b3	srl	x13,x30,x1	 x30:0x80041024  x1:0x00000001 x13=0x40020812
     408405.000 ns	     40839	800086bc	21d490d3	fsgnjn.s	f1,f9,f29	  f9:0x3f800000 f29:0x80400000  f1=0x3f800000
     408435.000 ns	     40842	800086c0	c01df3d3	fcvt.wu.s	x7,f27	 f27:0x00000000  x7=0x00000000
     408455.000 ns	     40844	800086c4	84af6c13	ori	x24,x30,-1974	 x30:0x80041024 x24=0xfffff86e
     408465.000 ns	     40845	800086c8	43517913	andi	x18,x2,1077	  x2:0xab548021 x18=0x00000021
     408475.000 ns	     40846	800086cc	00e69a33	sll	x20,x13,x14	 x13:0x40020812 x14:0x00000001 x20=0x80041024
     408505.000 ns	     40849	800086d0	58011253	fsqrt.s	f4,f2	  f2:0xffffff45  f4=0x7fc00000
     408525.000 ns	     40851	800086d4	f6e9e213	ori	x4,x19,-146	 x19:0x80040fc7  x4=0xffffffef
     408535.000 ns	     40852	800086d8	00a8ccb3	xor	x25,x17,x10	 x17:0x00000000 x10:0x80040fc6 x25=0x80040fc6
     408545.000 ns	     40853	800086dc	41585293	srai	x5,x16,0x15	 x16:0x00000001  x5=0x00000000
     408555.000 ns	     40854	800086e0	b3316093	ori	x1,x2,-1229	  x2:0xab548021  x1=0xfffffb33
     408575.000 ns	     40856	800086e4	a11c0453	fle.s	x8,f24,f17	 f24:0x00000000 f17:0x00000000  x8=0x00000001
     408605.000 ns	     40859	800086e8	d015f0d3	fcvt.s.wu	f1,x11	 x11:0x80040fe4  f1=0x4f00040f
     408635.000 ns	     40862	800086ec	29751653	fmax.s	f12,f10,f23	 f10:0x7fc00000 f23:0x41000000 f12=0x41000000
     408665.000 ns	     40865	800086f0	d012f553	fcvt.s.wu	f10,x5	  x5:0x00000000 f10=0x00000000
     408685.000 ns	     40867	800086f4	01a001b3	add	x3,x0,x26	  x0:0x00000000 x26:0xffffffe7  x3=0xffffffe7
     408705.000 ns	     40869	800086f8	02acb133	mulhu	x2,x25,x10	 x25:0x80040fc6 x10:0x80040fc6  x2=0x40040fd6
     408725.000 ns	     40871	800086fc	bb26b093	sltiu	x1,x13,-1102	 x13:0x40020812  x1=0x00000001
     408735.000 ns	     40872	80008700	411b87b3	sub	x15,x23,x17	 x23:0x00000000 x17:0x00000000 x15=0x00000000
     408755.000 ns	     40874	80008704	21719f53	fsgnjn.s	f30,f3,f23	  f3:0x00000000 f23:0x41000000 f30=0x80000000
     408785.000 ns	     40877	80008708	a17e98d3	flt.s	x17,f29,f23	 f29:0x80400000 f23:0x41000000 x17=0x00000001
     408815.000 ns	     40880	8000870c	033d9d33	mulh	x26,x27,x19	 x27:0x00000000 x19:0x80040fc7 x26=0x00000000
     408845.000 ns	     40883	80008710	d0137fd3	fcvt.s.wu	f31,x6	  x6:0xffffffe7 f31=0x4f7fffff
     408875.000 ns	     40886	80008714	21678453	fsgnj.s	f8,f15,f22	 f15:0x4ea956f1 f22:0x00000000  f8=0x4ea956f1
     408895.000 ns	     40888	80008718	00000013	addi	x0,x0,0	  x0:0x00000000
     408925.000 ns	     40891	8000871c	18713d53	fdiv.s	f26,f2,f7	  f2:0xffffff45  f7:0x7fc00000 f26=0x7fc00000
     408945.000 ns	     40893	80008720	a2cad3b7	lui	x7,0xa2cad	  x7=0xa2cad000
     408955.000 ns	     40894	80008724	01f083b3	add	x7,x1,x31	  x1:0x00000001 x31:0xab548155  x7=0xab548156
     408965.000 ns	     40895	80008728	01d66033	or	x0,x12,x29	 x12:0x00000000 x29:0x00000000
     408975.000 ns	     40896	8000872c	01c05db3	srl	x27,x0,x28	  x0:0x00000000 x28:0x00000000 x27=0x00000000
     408985.000 ns	     40897	80008730	5993fe13	andi	x28,x7,1433	  x7:0xab548156 x28=0x00000110
     408995.000 ns	     40898	80008734	4083ddb3	sra	x27,x7,x8	  x7:0xab548156  x8:0x00000001 x27=0xd5aa40ab
     409005.000 ns	     40899	80008738	2d4c3613	sltiu	x12,x24,724	 x24:0xfffff86e x12=0x00000000
     409025.000 ns	     40901	8000873c	02d736b3	mulhu	x13,x14,x13	 x14:0x00000001 x13:0x40020812 x13=0x00000000
     409045.000 ns	     40903	80008740	00931213	slli	x4,x6,0x9	  x6:0xffffffe7  x4=0xffffce00
     409055.000 ns	     40904	80008744	49af0893	addi	x17,x30,1178	 x30:0x80041024 x17=0x800414be
     409065.000 ns	     40905	80008748	0031e4b3	or	x9,x3,x3	  x3:0xffffffe7  x3:0xffffffe7  x9=0xffffffe7
     409075.000 ns	     40906	8000874c	009e1233	sll	x4,x28,x9	 x28:0x00000110  x9:0x00000000  x4=0x00008800
     409085.000 ns	     40907	80008750	01dc9cb3	sll	x25,x25,x29	 x25:0x80040fc6 x29:0x00000000 x25=0x80040fc6
     409445.000 ns	     40943	80008754	031a5433	divu	x8,x20,x17	 x20:0x80041024 x17:0x800414be  x8=0x00000000
     409475.000 ns	     40946	80008758	033b39b3	mulhu	x19,x22,x19	 x22:0x00000000 x19:0x80040fc7 x19=0x00000000
     409525.000 ns	     40951	8000875c	095f2353	fsub.s	f6,f30,f21	 f30:0x80000000 f21:0x00000000  f6=0x80000000
     409545.000 ns	     40953	80008760	00a95093	srli	x1,x18,0xa	 x18:0x00000021  x1=0x00000000
     409555.000 ns	     40954	80008764	0112bbb3	sltu	x23,x5,x17	  x5:0x00000000 x17:0x800414be x23=0x00000001
     409565.000 ns	     40955	80008768	00d7dc93	srli	x25,x15,0xd	 x15:0x00000000 x25=0x00000000
     409595.000 ns	     40958	8000876c	193eb1d3	fdiv.s	f3,f29,f19	 f29:0x80400000 f19:0x00000000  f3=0xff800000
     409625.000 ns	     40961	80008770	03a74a33	div	x20,x14,x26	 x14:0x00000001 x26:0x00000000 x20=0xffffffff
     409645.000 ns	     40963	80008774	40fd5293	srai	x5,x26,0xf	 x26:0x00000000  x5=0x00000000
     409665.000 ns	     40965	80008778	02c4bcb3	mulhu	x25,x9,x12	  x9:0xffffffe7 x12:0x00000000 x25=0x00000000
     409695.000 ns	     40968	8000877c	e00a0b53	fmv.x.w	x22,f20	 f20:0xbf800000 x22=0xbf800000
     409735.000 ns	     40972	80008780	1909fad3	fdiv.s	f21,f19,f16	 f19:0x00000000 f16:0x80000000 f21=0x7fc00000
     409755.000 ns	     40974	80008784	01c01f93	slli	x31,x0,0x1c	  x0:0x00000000 x31=0x00000000
     409775.000 ns	     40976	80008788	a0a108d3	fle.s	x17,f2,f10	  f2:0xffffff45 f10:0x00000000 x17=0x00000000
     409795.000 ns	     40978	8000878c	00110db3	add	x27,x2,x1	  x2:0x40040fd6  x1:0x00000000 x27=0x40040fd6
     409805.000 ns	     40979	80008790	0037e3b3	or	x7,x15,x3	 x15:0x00000000  x3:0xffffffe7  x7=0xffffffe7
     409825.000 ns	     40981	80008794	a12b1453	flt.s	x8,f22,f18	 f22:0x00000000 f18:0x7fc00000  x8=0x00000000
     409855.000 ns	     40984	80008798	c0007053	fcvt.w.s	x0,f0	  f0:0x00000000
     409875.000 ns	     40986	8000879c	6c588813	addi	x16,x17,1733	 x17:0x00000000 x16=0x000006c5
     409895.000 ns	     40988	800087a0	e00d8253	fmv.x.w	x4,f27	 f27:0x00000000  x4=0x00000000
     409915.000 ns	     40990	800087a4	1b5a0b13	addi	x22,x20,437	 x20:0xffffffff x22=0x000001b4
     409925.000 ns	     40991	800087a8	00ae1413	slli	x8,x28,0xa	 x28:0x00000110  x8=0x00044000
     409935.000 ns	     40992	800087ac	01d271b3	and	x3,x4,x29	  x4:0x00000000 x29:0x00000000  x3=0x00000000
     409945.000 ns	     40993	800087b0	3037b693	sltiu	x13,x15,771	 x15:0x00000000 x13=0x00000001
     409955.000 ns	     40994	800087b4	009a9f93	slli	x31,x21,0x9	 x21:0x54ab7822 x31=0x56f04400
     409965.000 ns	     40995	800087b8	0050b8b3	sltu	x17,x1,x5	  x1:0x00000000  x5:0x00000000 x17=0x00000000
     409975.000 ns	     40996	800087bc	0148cdb3	xor	x27,x17,x20	 x17:0x00000000 x20:0xffffffff x27=0xffffffff
     409995.000 ns	     40998	800087c0	02ef9cb3	mulh	x25,x31,x14	 x31:0x56f04400 x14:0x00000001 x25=0x00000000
     410025.000 ns	     41001	800087c4	021920b3	mulhsu	x1,x18,x1	 x18:0x00000021  x1:0x00000000  x1=0x00000000
     410055.000 ns	     41004	800087c8	a00eafd3	feq.s	x31,f29,f0	 f29:0x80400000  f0:0x00000000 x31=0x00000000
     410085.000 ns	     41007	800087cc	c005aed3	fcvt.w.s	x29,f11	 f11:0xc33b0000 x29=0xffffff45
     410105.000 ns	     41009	800087d0	19d8e393	ori	x7,x17,413	 x17:0x00000000  x7=0x0000019d
     410115.000 ns	     41010	800087d4	002ab6b3	sltu	x13,x21,x2	 x21:0x54ab7822  x2:0x40040fd6 x13=0x00000000
     410155.000 ns	     41014	800087d8	09364f53	fsub.s	f30,f12,f19	 f12:0x41000000 f19:0x00000000 f30=0x41000000
     410185.000 ns	     41017	800087dc	210d88d3	fsgnj.s	f17,f27,f16	 f27:0x00000000 f16:0x80000000 f17=0x80000000
     410205.000 ns	     41019	800087e0	4b232693	slti	x13,x6,1202	  x6:0xffffffe7 x13=0x00000001
     410225.000 ns	     41021	800087e4	c014b8d3	fcvt.wu.s	x17,f9	  f9:0x3f800000 x17=0x00000001
     410245.000 ns	     41023	800087e8	00815b13	srli	x22,x2,0x8	  x2:0x40040fd6 x22=0x0040040f
     410255.000 ns	     41024	800087ec	003a07b3	add	x15,x20,x3	 x20:0xffffffff  x3:0x00000000 x15=0xffffffff
     410295.000 ns	     41028	800087f0	09e2b3d3	fsub.s	f7,f5,f30	  f5:0x80000000 f30:0x41000000  f7=0xc1000000
     410315.000 ns	     41030	800087f4	01147533	and	x10,x8,x17	  x8:0x00044000 x17:0x00000001 x10=0x00000000
     410335.000 ns	     41032	800087f8	a1fd03d3	fle.s	x7,f26,f31	 f26:0x7fc00000 f31:0x4f7fffff  x7=0x00000000
     410365.000 ns	     41035	800087fc	21801ed3	fsgnjn.s	f29,f0,f24	  f0:0x00000000 f24:0x00000000 f29=0x80000000
     410395.000 ns	     41038	80008800	28518ed3	fmin.s	f29,f3,f5	  f3:0xff800000  f5:0x80000000 f29=0xff800000
     410415.000 ns	     41040	80008804	6f472793	slti	x15,x14,1780	 x14:0x00000001 x15=0x00000001
     410425.000 ns	     41041	80008808	6d8fe493	ori	x9,x31,1752	 x31:0x00000000  x9=0x000006d8
     410445.000 ns	     41043	8000880c	28cb9053	fmax.s	f0,f23,f12	 f23:0x41000000 f12:0x41000000  f0=0x41000000
     410465.000 ns	     41045	80008810	4042d513	srai	x10,x5,0x4	  x5:0x00000000 x10=0x00000000
     410825.000 ns	     41081	80008814	02bbe333	rem	x6,x23,x11	 x23:0x00000001 x11:0x80040fe4  x6=0x00000001
     410855.000 ns	     41084	80008818	02643433	mulhu	x8,x8,x6	  x8:0x00044000  x6:0xffffffe7  x8=0x00000000
     410885.000 ns	     41087	8000881c	f00b0ad3	fmv.w.x	f21,x22	 x22:0x0040040f f21=0x0040040f
     410905.000 ns	     41089	80008820	9a78a493	slti	x9,x17,-1625	 x17:0x00000001  x9=0x00000000
     410925.000 ns	     41091	80008824	0255fe33	remu	x28,x11,x5	 x11:0x80040fe4  x5:0x00000000 x28=0x80040fe4
     410955.000 ns	     41094	80008828	c0178053	fcvt.wu.s	x0,f15	 f15:0x4ea956f1
     410985.000 ns	     41097	8000882c	208416d3	fsgnjn.s	f13,f8,f8	  f8:0x4ea956f1  f8:0x4ea956f1 f13=0xcea956f1
     411015.000 ns	     41100	80008830	216fae53	fsgnjx.s	f28,f31,f22	 f31:0x4f7fffff f22:0x00000000 f28=0x4f7fffff
     412195.000 ns	     41218	80008834	580626d3	fsqrt.s	f13,f12	 f12:0x41000000 f13=0x3fb50482
     412225.000 ns	     41221	80008838	288b1953	fmax.s	f18,f22,f8	 f22:0x00000000  f8:0x4ea956f1 f18=0x4ea956f1
     412245.000 ns	     41223	8000883c	410050b3	sra	x1,x0,x16	  x0:0x00000000 x16:0x000006c5  x1=0x00000000
     412265.000 ns	     41225	80008840	a1601653	flt.s	x12,f0,f22	  f0:0x41000000 f22:0x00000000 x12=0x00000000
     412285.000 ns	     41227	80008844	00595c13	srli	x24,x18,0x5	 x18:0x00000021 x24=0x00000001
     412295.000 ns	     41228	80008848	41e00533	sub	x10,x0,x30	  x0:0x00000000 x30:0x80041024 x10=0x7ffbefdc
     412315.000 ns	     41230	8000884c	a0481153	flt.s	x2,f16,f4	 f16:0x80000000  f4:0x7fc00000  x2=0x00000000
     412335.000 ns	     41232	80008850	c3070213	addi	x4,x14,-976	 x14:0x00000001  x4=0xfffffc31
     412345.000 ns	     41233	80008854	a9ddadb7	lui	x27,0xa9dda	 x27=0xa9dda000
     412355.000 ns	     41234	80008858	006ad093	srli	x1,x21,0x6	 x21:0x54ab7822  x1=0x0152ade0
     412365.000 ns	     41235	8000885c	40195e93	srai	x29,x18,0x1	 x18:0x00000021 x29=0x00000010
     412385.000 ns	     41237	80008860	0255e2b3	rem	x5,x11,x5	 x11:0x80040fe4  x5:0x00000000  x5=0x80040fe4
     412415.000 ns	     41240	80008864	a1869053	flt.s	x0,f13,f24	 f13:0x3fb50482 f24:0x00000000
     412435.000 ns	     41242	80008868	406c5b13	srai	x22,x24,0x6	 x24:0x00000001 x22=0x00000000
     412455.000 ns	     41244	8000886c	21f59153	fsgnjn.s	f2,f11,f31	 f11:0xc33b0000 f31:0x4f7fffff  f2=0xc33b0000
     412475.000 ns	     41246	80008870	405b83b3	sub	x7,x23,x5	 x23:0x00000001  x5:0x80040fe4  x7=0x7ffbf01d
     412505.000 ns	     41249	80008874	111ba553	fmul.s	f10,f23,f17	 f23:0x41000000 f17:0x80000000 f10=0x80000000
     412525.000 ns	     41251	80008878	4021d933	sra	x18,x3,x2	  x3:0x00000000  x2:0x00000000 x18=0x00000000
     412545.000 ns	     41253	8000887c	d0068b53	fcvt.s.w	f22,x13	 x13:0x00000001 f22=0x3f800000
     412565.000 ns	     41255	80008880	01781a13	slli	x20,x16,0x17	 x16:0x000006c5 x20=0x62800000
     412925.000 ns	     41291	80008884	02a17db3	remu	x27,x2,x10	  x2:0x00000000 x10:0x7ffbefdc x27=0x00000000
     412955.000 ns	     41294	80008888	c00536d3	fcvt.w.s	x13,f10	 f10:0x80000000 x13=0x00000000
     413325.000 ns	     41331	8000888c	02476db3	rem	x27,x14,x4	 x14:0x00000001  x4:0xfffffc31 x27=0x00000001
     414505.000 ns	     41449	80008890	580f1953	fsqrt.s	f18,f30	 f30:0x41000000 f18=0x3fb50482
     414535.000 ns	     41452	80008894	038e80b3	mul	x1,x29,x24	 x29:0x00000010 x24:0x00000001  x1=0x00000010
     414565.000 ns	     41455	80008898	035a8233	mul	x4,x21,x21	 x21:0x54ab7822 x21:0x54ab7822  x4=0x05cbe484
     414585.000 ns	     41457	8000889c	00000013	addi	x0,x0,0	  x0:0x00000000
     414605.000 ns	     41459	800088a0	a05988d3	fle.s	x17,f19,f5	 f19:0x00000000  f5:0x80000000 x17=0x00000001
     414635.000 ns	     41462	800088a4	a0b11853	flt.s	x16,f2,f11	  f2:0xc33b0000 f11:0xc33b0000 x16=0x00000000
     414655.000 ns	     41464	800088a8	416101b3	sub	x3,x2,x22	  x2:0x00000000 x22:0x00000000  x3=0x00000000
     414665.000 ns	     41465	800088ac	00362533	slt	x10,x12,x3	 x12:0x00000000  x3:0x00000000 x10=0x00000000
     414675.000 ns	     41466	800088b0	04c64e13	xori	x28,x12,76	 x12:0x00000000 x28=0x0000004c
     414685.000 ns	     41467	800088b4	01a8d813	srli	x16,x17,0x1a	 x17:0x00000001 x16=0x00000000
     415045.000 ns	     41503	800088b8	02b6e3b3	rem	x7,x13,x11	 x13:0x00000000 x11:0x80040fe4  x7=0x00000000
     415065.000 ns	     41505	800088bc	01f69e13	slli	x28,x13,0x1f	 x13:0x00000000 x28=0x00000000
     415085.000 ns	     41507	800088c0	21840dd3	fsgnj.s	f27,f8,f24	  f8:0x4ea956f1 f24:0x00000000 f27=0x4ea956f1
     415115.000 ns	     41510	800088c4	20c701d3	fsgnj.s	f3,f14,f12	 f14:0x7fc00000 f12:0x41000000  f3=0x7fc00000
     415135.000 ns	     41512	800088c8	b2dd8113	addi	x2,x27,-1235	 x27:0x00000001  x2=0xfffffb2e
     415155.000 ns	     41514	800088cc	a1f00c53	fle.s	x24,f0,f31	  f0:0x41000000 f31:0x4f7fffff x24=0x00000001
     415185.000 ns	     41517	800088d0	d00d4953	fcvt.s.w	f18,x26	 x26:0x00000000 f18=0x00000000
     415555.000 ns	     41554	800088d4	031df933	remu	x18,x27,x17	 x27:0x00000001 x17:0x00000001 x18=0x00000000
     415575.000 ns	     41556	800088d8	40735613	srai	x12,x6,0x7	  x6:0x00000001 x12=0x00000000
     415585.000 ns	     41557	800088dc	40cf5113	srai	x2,x30,0xc	 x30:0x80041024  x2=0xfff80041
     415595.000 ns	     41558	800088e0	01255533	srl	x10,x10,x18	 x10:0x00000000 x18:0x00000000 x10=0x00000000
     415605.000 ns	     41559	800088e4	41f087b3	sub	x15,x1,x31	  x1:0x00000010 x31:0x00000000 x15=0x00000010
     415615.000 ns	     41560	800088e8	7b9f2313	slti	x6,x30,1977	 x30:0x80041024  x6=0x00000001
     415625.000 ns	     41561	800088ec	b626e093	ori	x1,x13,-1182	 x13:0x00000000  x1=0xfffffb62
     415645.000 ns	     41563	800088f0	a0481fd3	flt.s	x31,f16,f4	 f16:0x80000000  f4:0x7fc00000 x31=0x00000000
     415665.000 ns	     41565	800088f4	00000013	addi	x0,x0,0	  x0:0x00000000
     415675.000 ns	     41566	800088f8	4b186393	ori	x7,x16,1201	 x16:0x00000000  x7=0x000004b1
     415715.000 ns	     41570	800088fc	082ac7d3	fsub.s	f15,f21,f2	 f21:0x0040040f  f2:0xc33b0000 f15=0x433b0000
     415735.000 ns	     41572	80008900	41f2dd13	srai	x26,x5,0x1f	  x5:0x80040fe4 x26=0xffffffff
     415765.000 ns	     41575	80008904	118b19d3	fmul.s	f19,f22,f24	 f22:0x3f800000 f24:0x00000000 f19=0x00000000
     415795.000 ns	     41578	80008908	0362f4b3	remu	x9,x5,x22	  x5:0x80040fe4 x22:0x00000000  x9=0x80040fe4
     415815.000 ns	     41580	8000890c	00dd1613	slli	x12,x26,0xd	 x26:0xffffffff x12=0xffffe000
     415825.000 ns	     41581	80008910	01a00233	add	x4,x0,x26	  x0:0x00000000 x26:0xffffffff  x4=0xffffffff
     415835.000 ns	     41582	80008914	002db2b3	sltu	x5,x27,x2	 x27:0x00000001  x2:0xfff80041  x5=0x00000001
     415845.000 ns	     41583	80008918	014c5393	srli	x7,x24,0x14	 x24:0x00000001  x7=0x00000000
     415885.000 ns	     41587	8000891c	008107d3	fadd.s	f15,f2,f8	  f2:0xc33b0000  f8:0x4ea956f1 f15=0x4ea956f0
     415915.000 ns	     41590	80008920	d0099a53	fcvt.s.w	f20,x19	 x19:0x00000000 f20=0x00000000
     415945.000 ns	     41593	80008924	c00b7bd3	fcvt.w.s	x23,f22	 f22:0x3f800000 x23=0x00000001
     416315.000 ns	     41630	80008928	03d34fb3	div	x31,x6,x29	  x6:0x00000001 x29:0x00000010 x31=0x00000000
     416685.000 ns	     41667	8000892c	0295c633	div	x12,x11,x9	 x11:0x80040fe4  x9:0x80040fe4 x12=0x00000001
     416705.000 ns	     41669	80008930	33028eb7	lui	x29,0x33028	 x29=0x33028000
     416715.000 ns	     41670	80008934	4008dc93	srai	x25,x17,0x0	 x17:0x00000001 x25=0x00000001
     416725.000 ns	     41671	80008938	a762ea13	ori	x20,x5,-1418	  x5:0x00000001 x20=0xfffffa77
     416735.000 ns	     41672	8000893c	00000013	addi	x0,x0,0	  x0:0x00000000
     416755.000 ns	     41674	80008940	c01b9653	fcvt.wu.s	x12,f23	 f23:0x41000000 x12=0x00000008
     416785.000 ns	     41677	80008944	28c410d3	fmax.s	f1,f8,f12	  f8:0x4ea956f1 f12:0x41000000  f1=0x4ea956f1
     416805.000 ns	     41679	80008948	00a7d793	srli	x15,x15,0xa	 x15:0x00000010 x15=0x00000000
     416845.000 ns	     41683	8000894c	09919253	fsub.s	f4,f3,f25	  f3:0x7fc00000 f25:0x00000000  f4=0x7fc00000
     416875.000 ns	     41686	80008950	02809d33	mulh	x26,x1,x8	  x1:0xfffffb62  x8:0x00000000 x26=0x00000000
     416915.000 ns	     41690	80008954	10d735d3	fmul.s	f11,f14,f13	 f14:0x7fc00000 f13:0x3fb50482 f11=0x7fc00000
     416955.000 ns	     41694	80008958	188331d3	fdiv.s	f3,f6,f8	  f6:0x80000000  f8:0x4ea956f1  f3=0x80000000
     416975.000 ns	     41696	8000895c	0159e8b3	or	x17,x19,x21	 x19:0x00000000 x21:0x54ab7822 x17=0x54ab7822
     416985.000 ns	     41697	80008960	004a1693	slli	x13,x20,0x4	 x20:0xfffffa77 x13=0xffffa770
     416995.000 ns	     41698	80008964	52863693	sltiu	x13,x12,1320	 x12:0x00000008 x13=0x00000001
     417015.000 ns	     41700	80008968	023e5c33	divu	x24,x28,x3	 x28:0x00000000  x3:0x00000000 x24=0xffffffff
     417035.000 ns	     41702	8000896c	01311333	sll	x6,x2,x19	  x2:0xfff80041 x19:0x00000000  x6=0xfff80041
     417045.000 ns	     41703	80008970	0108cb33	xor	x22,x17,x16	 x17:0x54ab7822 x16:0x00000000 x22=0x54ab7822
     417405.000 ns	     41739	80008974	03d1d7b3	divu	x15,x3,x29	  x3:0x00000000 x29:0x33028000 x15=0x00000000
     417425.000 ns	     41741	80008978	4194d633	sra	x12,x9,x25	  x9:0x80040fe4 x25:0x00000001 x12=0xc00207f2
     417445.000 ns	     41743	8000897c	c010f053	fcvt.wu.s	x0,f1	  f1:0x4ea956f1
     417465.000 ns	     41745	80008980	01bf7cb3	and	x25,x30,x27	 x30:0x80041024 x27:0x00000001 x25=0x00000000
     417485.000 ns	     41747	80008984	038d0933	mul	x18,x26,x24	 x26:0x00000000 x24:0xffffffff x18=0x00000000
     417505.000 ns	     41749	80008988	ad4ae113	ori	x2,x21,-1324	 x21:0x54ab7822  x2=0xfffffaf6
     417865.000 ns	     41785	8000898c	036f54b3	divu	x9,x30,x22	 x30:0x80041024 x22:0x54ab7822  x9=0x00000001
     417885.000 ns	     41787	80008990	53e28517	auipc	x10,0x53e28	 x10=0xd3e30990
     417905.000 ns	     41789	80008994	d01c8a53	fcvt.s.wu	f20,x25	 x25:0x00000000 f20=0x00000000
     417925.000 ns	     41791	80008998	01fa2a33	slt	x20,x20,x31	 x20:0xfffffa77 x31:0x00000000 x20=0x00000001
     417945.000 ns	     41793	8000899c	d00192d3	fcvt.s.w	f5,x3	  x3:0x00000000  f5=0x00000000
     417965.000 ns	     41795	800089a0	4089d833	sra	x16,x19,x8	 x19:0x00000000  x8:0x00000000 x16=0x00000000
     417985.000 ns	     41797	800089a4	d00c4f53	fcvt.s.w	f30,x24	 x24:0xffffffff f30=0xbf800000
     418005.000 ns	     41799	800089a8	006be033	or	x0,x23,x6	 x23:0x00000001  x6:0xfff80041
     418015.000 ns	     41800	800089ac	0041f4b3	and	x9,x3,x4	  x3:0x00000000  x4:0xffffffff  x9=0x00000000
     418025.000 ns	     41801	800089b0	21d67d93	andi	x27,x12,541	 x12:0xc00207f2 x27=0x00000210
     419195.000 ns	     41918	800089b4	580b7b53	fsqrt.s	f22,f22	 f22:0x3f800000 f22=0x3f7fffae
     419225.000 ns	     41921	800089b8	28509fd3	fmax.s	f31,f1,f5	  f1:0x4ea956f1  f5:0x00000000 f31=0x4ea956f1
     419255.000 ns	     41924	800089bc	f00e87d3	fmv.w.x	f15,x29	 x29:0x33028000 f15=0x33028000
     419285.000 ns	     41927	800089c0	03a673b3	remu	x7,x12,x26	 x12:0xc00207f2 x26:0x00000000  x7=0xc00207f2
     419315.000 ns	     41930	800089c4	c012f8d3	fcvt.wu.s	x17,f5	  f5:0x00000000 x17=0x00000000
     419685.000 ns	     41967	800089c8	0378f7b3	remu	x15,x17,x23	 x17:0x54ab7822 x23:0x00000001 x15=0x00000000
     419705.000 ns	     41969	800089cc	f9110493	addi	x9,x2,-111	  x2:0xfffffaf6  x9=0xfffffa87
     419725.000 ns	     41971	800089d0	e00c0653	fmv.x.w	x12,f24	 f24:0x00000000 x12=0x00000000
     419745.000 ns	     41973	800089d4	01679493	slli	x9,x15,0x16	 x15:0x00000000  x9=0x00000000
     419765.000 ns	     41975	800089d8	c016c2d3	fcvt.wu.s	x5,f13	 f13:0x3fb50482  x5=0x00000001
     419795.000 ns	     41978	800089dc	a1848dd3	fle.s	x27,f9,f24	  f9:0x3f800000 f24:0x00000000 x27=0x00000000
     419825.000 ns	     41981	800089e0	c001c553	fcvt.w.s	x10,f3	  f3:0x80000000 x10=0x00000000
     419845.000 ns	     41983	800089e4	e4d22693	slti	x13,x4,-435	  x4:0xffffffff x13=0x00000000
     419855.000 ns	     41984	800089e8	3ffb2793	slti	x15,x22,1023	 x22:0x54ab7822 x15=0x00000000
     419865.000 ns	     41985	800089ec	00000013	addi	x0,x0,0	  x0:0x00000000
     419875.000 ns	     41986	800089f0	01cd5e93	srli	x29,x26,0x1c	 x26:0x00000000 x29=0x00000000
     419885.000 ns	     41987	800089f4	0094d093	srli	x1,x9,0x9	  x9:0x00000000  x1=0x00000000
     420245.000 ns	     42023	800089f8	037ae6b3	rem	x13,x21,x23	 x21:0x54ab7822 x23:0x00000001 x13=0x00000000
     420265.000 ns	     42025	800089fc	49660993	addi	x19,x12,1174	 x12:0x00000000 x19=0x00000496
     420285.000 ns	     42027	80008a00	a00b0153	fle.s	x2,f22,f0	 f22:0x3f7fffae  f0:0x41000000  x2=0x00000001
     420305.000 ns	     42029	80008a04	00fcd0b3	srl	x1,x25,x15	 x25:0x00000000 x15:0x00000000  x1=0x00000000
     420315.000 ns	     42030	80008a08	002529b3	slt	x19,x10,x2	 x10:0x00000000  x2:0x00000001 x19=0x00000001
     420335.000 ns	     42032	80008a0c	c01ef1d3	fcvt.wu.s	x3,f29	 f29:0xff800000  x3=0x00000000
     420365.000 ns	     42035	80008a10	02fef433	remu	x8,x29,x15	 x29:0x00000000 x15:0x00000000  x8=0x00000000
     420385.000 ns	     42037	80008a14	00bccdb3	xor	x27,x25,x11	 x25:0x00000000 x11:0x80040fe4 x27=0x80040fe4
     420405.000 ns	     42039	80008a18	030570b3	remu	x1,x10,x16	 x10:0x00000000 x16:0x00000000  x1=0x00000000
     420425.000 ns	     42041	80008a1c	1b092297	auipc	x5,0x1b092	  x5=0x9b09aa1c
     420435.000 ns	     42042	80008a20	6991c913	xori	x18,x3,1689	  x3:0x00000000 x18=0x00000699
     420455.000 ns	     42044	80008a24	f0090653	fmv.w.x	f12,x18	 x18:0x00000000 f12=0x00000699
     420475.000 ns	     42046	80008a28	efdff713	andi	x14,x31,-259	 x31:0x00000000 x14=0x00000000
     420485.000 ns	     42047	80008a2c	00000013	addi	x0,x0,0	  x0:0x00000000
     420495.000 ns	     42048	80008a30	00ce6533	or	x10,x28,x12	 x28:0x00000000 x12:0x00000000 x10=0x00000000
     420505.000 ns	     42049	80008a34	00470433	add	x8,x14,x4	 x14:0x00000000  x4:0xffffffff  x8=0xffffffff
     420515.000 ns	     42050	80008a38	00cc0833	add	x16,x24,x12	 x24:0xffffffff x12:0x00000000 x16=0xffffffff
     420525.000 ns	     42051	80008a3c	68372693	slti	x13,x14,1667	 x14:0x00000000 x13=0x00000001
     420535.000 ns	     42052	80008a40	33bd4293	xori	x5,x26,827	 x26:0x00000000  x5=0x0000033b
     420545.000 ns	     42053	80008a44	d8562a13	slti	x20,x12,-635	 x12:0x00000000 x20=0x00000000
     420565.000 ns	     42055	80008a48	a0bf2e53	feq.s	x28,f30,f11	 f30:0xbf800000 f11:0x7fc00000 x28=0x00000000
     420595.000 ns	     42058	80008a4c	c01427d3	fcvt.wu.s	x15,f8	  f8:0x4ea956f1 x15=0x54ab7880
     420645.000 ns	     42063	80008a50	000877d3	fadd.s	f15,f16,f0	 f16:0x80000000  f0:0x41000000 f15=0x41000000
     420665.000 ns	     42065	80008a54	01c6d2b3	srl	x5,x13,x28	 x13:0x00000001 x28:0x00000000  x5=0x00000001
     420685.000 ns	     42067	80008a58	a0d5a053	feq.s	x0,f11,f13	 f11:0x7fc00000 f13:0x3fb50482
     420715.000 ns	     42070	80008a5c	c00744d3	fcvt.w.s	x9,f14	 f14:0x7fc00000  x9=0x7fffffff
     420745.000 ns	     42073	80008a60	e00804d3	fmv.x.w	x9,f16	 f16:0x80000000  x9=0x80000000
     420775.000 ns	     42076	80008a64	29c98153	fmin.s	f2,f19,f28	 f19:0x00000000 f28:0x4f7fffff  f2=0x00000000
     420805.000 ns	     42079	80008a68	d0133553	fcvt.s.wu	f10,x6	  x6:0xfff80041 f10=0x4f7ff801
     420835.000 ns	     42082	80008a6c	20f20dd3	fsgnj.s	f27,f4,f15	  f4:0x7fc00000 f15:0x41000000 f27=0x7fc00000
     420865.000 ns	     42085	80008a70	a17628d3	feq.s	x17,f12,f23	 f12:0x00000699 f23:0x41000000 x17=0x00000000
     420895.000 ns	     42088	80008a74	e00f8fd3	fmv.x.w	x31,f31	 f31:0x4ea956f1 x31=0x4ea956f1
     420915.000 ns	     42090	80008a78	dc6e7693	andi	x13,x28,-570	 x28:0x00000000 x13=0x00000000
     420935.000 ns	     42092	80008a7c	03c7edb3	rem	x27,x15,x28	 x15:0x54ab7880 x28:0x00000000 x27=0x54ab7880
     420975.000 ns	     42096	80008a80	116e1c53	fmul.s	f24,f28,f22	 f28:0x4f7fffff f22:0x3f7fffae f24=0x4f7fffad
     420995.000 ns	     42098	80008a84	04af8b93	addi	x23,x31,74	 x31:0x4ea956f1 x23=0x4ea9573b
     421015.000 ns	     42100	80008a88	037d34b3	mulhu	x9,x26,x23	 x26:0x00000000 x23:0x00000001  x9=0x00000000
     421045.000 ns	     42103	80008a8c	03ea9933	mulh	x18,x21,x30	 x21:0x54ab7822 x30:0x80041024 x18=0xd5ab9bf3
     421065.000 ns	     42105	80008a90	e7274697	auipc	x13,0xe7274	 x13=0x6727ca90
     421075.000 ns	     42106	80008a94	bd966c13	ori	x24,x12,-1063	 x12:0x00000000 x24=0xfffffbd9
     421095.000 ns	     42108	80008a98	03589733	mulh	x14,x17,x21	 x17:0x00000000 x21:0x54ab7822 x14=0x00000000
     421125.000 ns	     42111	80008a9c	f00b81d3	fmv.w.x	f3,x23	 x23:0x4ea9573b  f3=0x4ea9573b
     421145.000 ns	     42113	80008aa0	01b90133	add	x2,x18,x27	 x18:0xd5ab9bf3 x27:0x54ab7880  x2=0x2a571473
     421165.000 ns	     42115	80008aa4	d01abfd3	fcvt.s.wu	f31,x21	 x21:0x54ab7822 f31=0x4ea956f1
     421185.000 ns	     42117	80008aa8	013f48b3	xor	x17,x30,x19	 x30:0x80041024 x19:0x00000001 x17=0x80041025
     421195.000 ns	     42118	80008aac	4fdb0d93	addi	x27,x22,1277	 x22:0x54ab7822 x27=0x54ab7d1f
     421205.000 ns	     42119	80008ab0	014dc6b3	xor	x13,x27,x20	 x27:0x54ab7880 x20:0x00000000 x13=0x54ab7d1f
     421235.000 ns	     42122	80008ab4	113c7d53	fmul.s	f26,f24,f19	 f24:0x4f7fffad f19:0x00000000 f26=0x00000000
     421255.000 ns	     42124	80008ab8	019a5b33	srl	x22,x20,x25	 x20:0x00000000 x25:0x00000000 x22=0x00000000
     421265.000 ns	     42125	80008abc	00c8ec33	or	x24,x17,x12	 x17:0x80041025 x12:0x00000000 x24=0x80041025
     421285.000 ns	     42127	80008ac0	d0080f53	fcvt.s.w	f30,x16	 x16:0xffffffff f30=0xbf800000
     421315.000 ns	     42130	80008ac4	d00ef053	fcvt.s.w	f0,x29	 x29:0x00000000  f0=0x00000000
     421345.000 ns	     42133	80008ac8	283f15d3	fmax.s	f11,f30,f3	 f30:0xbf800000  f3:0x4ea9573b f11=0x4ea9573b
     421375.000 ns	     42136	80008acc	c008a3d3	fcvt.w.s	x7,f17	 f17:0x80000000  x7=0x00000000
     421405.000 ns	     42139	80008ad0	a0ef91d3	flt.s	x3,f31,f14	 f31:0x4ea956f1 f14:0x7fc00000  x3=0x00000000
     421435.000 ns	     42142	80008ad4	0347ddb3	divu	x27,x15,x20	 x15:0x54ab7880 x20:0x00000000 x27=0xffffffff
     421455.000 ns	     42144	80008ad8	00605d93	srli	x27,x0,0x6	  x0:0x00000000 x27=0x00000000
     421475.000 ns	     42146	80008adc	c0187fd3	fcvt.wu.s	x31,f16	 f16:0x80000000 x31=0x00000000
     421505.000 ns	     42149	80008ae0	e00309d3	fmv.x.w	x19,f6	  f6:0x80000000 x19=0x80000000
     421525.000 ns	     42151	80008ae4	63082a37	lui	x20,0x63082	 x20=0x63082000
     421535.000 ns	     42152	80008ae8	00cd5113	srli	x2,x26,0xc	 x26:0x00000000  x2=0x00000000
     421545.000 ns	     42153	80008aec	01ee0cb3	add	x25,x28,x30	 x28:0x00000000 x30:0x80041024 x25=0x80041024
     421565.000 ns	     42155	80008af0	c006f9d3	fcvt.w.s	x19,f13	 f13:0x3fb50482 x19=0x00000001
     421935.000 ns	     42192	80008af4	033bc6b3	div	x13,x23,x19	 x23:0x4ea9573b x19:0x80000000 x13=0x4ea9573b
     421955.000 ns	     42194	80008af8	cc644313	xori	x6,x8,-826	  x8:0xffffffff  x6=0x00000339
     421965.000 ns	     42195	80008afc	eeeb8637	lui	x12,0xeeeb8	 x12=0xeeeb8000
     422005.000 ns	     42199	80008b00	08ec7853	fsub.s	f16,f24,f14	 f24:0x4f7fffad f14:0x7fc00000 f16=0x7fc00000
     422025.000 ns	     42201	80008b04	f04dc617	auipc	x12,0xf04dc	 x12=0x704e4b04
     422355.000 ns	     42234	80008b08	1975f5d3	fdiv.s	f11,f11,f23	 f11:0x4ea9573b f23:0x41000000 f11=0x4cf13e88
     422375.000 ns	     42236	80008b0c	41405813	srai	x16,x0,0x14	  x0:0x00000000 x16=0x00000000
     422395.000 ns	     42238	80008b10	217089d3	fsgnj.s	f19,f1,f23	  f1:0x4ea956f1 f23:0x41000000 f19=0x4ea956f1
     422425.000 ns	     42241	80008b14	219c9ad3	fsgnjn.s	f21,f25,f25	 f25:0x00000000 f25:0x00000000 f21=0x80000000
     422445.000 ns	     42243	80008b18	019ed3b3	srl	x7,x29,x25	 x29:0x00000000 x25:0x80041024  x7=0x00000000
     422465.000 ns	     42245	80008b1c	03d98433	mul	x8,x19,x29	 x19:0x00000001 x29:0x00000000  x8=0x00000000
     422485.000 ns	     42247	80008b20	00418433	add	x8,x3,x4	  x3:0x00000000  x4:0xffffffff  x8=0xffffffff
     422495.000 ns	     42248	80008b24	00000013	addi	x0,x0,0	  x0:0x00000000
     422515.000 ns	     42250	80008b28	208a8653	fsgnj.s	f12,f21,f8	 f21:0x80000000  f8:0x4ea956f1 f12=0x00000000
     422535.000 ns	     42252	80008b2c	00c1ae33	slt	x28,x3,x12	  x3:0x00000000 x12:0x704e4b04 x28=0x00000001
     422555.000 ns	     42254	80008b30	28a30fd3	fmin.s	f31,f6,f10	  f6:0x80000000 f10:0x4f7ff801 f31=0x80000000
     422585.000 ns	     42257	80008b34	031b8933	mul	x18,x23,x17	 x23:0x4ea9573b x17:0x80041025 x18=0xd0d94b87
     422615.000 ns	     42260	80008b38	03ae1133	mulh	x2,x28,x26	 x28:0x00000001 x26:0x00000000  x2=0x00000000
     422645.000 ns	     42263	80008b3c	214d94d3	fsgnjn.s	f9,f27,f20	 f27:0x7fc00000 f20:0x00000000  f9=0xffc00000
     422665.000 ns	     42265	80008b40	016f3233	sltu	x4,x30,x22	 x30:0x80041024 x22:0x00000000  x4=0x00000000
     422685.000 ns	     42267	80008b44	0359b033	mulhu	x0,x19,x21	 x19:0x00000001 x21:0x54ab7822
     422705.000 ns	     42269	80008b48	005393b3	sll	x7,x7,x5	  x7:0x00000000  x5:0x00000001  x7=0x00000000
     422735.000 ns	     42272	80008b4c	580770d3	fsqrt.s	f1,f14	 f14:0x7fc00000  f1=0x7fc00000
     422755.000 ns	     42274	80008b50	01530333	add	x6,x6,x21	  x6:0x00000339 x21:0x54ab7822  x6=0x54ab7b5b
     422775.000 ns	     42276	80008b54	0364d033	divu	x0,x9,x22	  x9:0x00000000 x22:0x00000000
     422795.000 ns	     42278	80008b58	86d83b17	auipc	x22,0x86d83	 x22=0x06d8bb58
     422815.000 ns	     42280	80008b5c	287d9b53	fmax.s	f22,f27,f7	 f27:0x7fc00000  f7:0xc1000000 f22=0xc1000000
     422835.000 ns	     42282	80008b60	00b5bdb3	sltu	x27,x11,x11	 x11:0x80040fe4 x11:0x80040fe4 x27=0x00000000
     422855.000 ns	     42284	80008b64	28b099d3	fmax.s	f19,f1,f11	  f1:0x7fc00000 f11:0x4cf13e88 f19=0x4cf13e88
     422875.000 ns	     42286	80008b68	480c1237	lui	x4,0x480c1	  x4=0x480c1000
     422885.000 ns	     42287	80008b6c	009a70b3	and	x1,x20,x9	 x20:0x63082000  x9:0x00000000  x1=0x00000000
     423245.000 ns	     42323	80008b70	02585e33	divu	x28,x16,x5	 x16:0x00000000  x5:0x00000001 x28=0x00000000
     423615.000 ns	     42360	80008b74	02dec633	div	x12,x29,x13	 x29:0x00000000 x13:0x4ea9573b x12=0x00000000
     423635.000 ns	     42362	80008b78	46022013	slti	x0,x4,1120	  x4:0x480c1000
     423655.000 ns	     42364	80008b7c	d01e7053	fcvt.s.wu	f0,x28	 x28:0x00000000  f0=0x00000000
     423685.000 ns	     42367	80008b80	d00fca53	fcvt.s.w	f20,x31	 x31:0x00000000 f20=0x00000000
     423715.000 ns	     42370	80008b84	d01b8353	fcvt.s.wu	f6,x23	 x23:0x4ea9573b  f6=0x4e9d52ae
     423755.000 ns	     42374	80008b88	58097153	fsqrt.s	f2,f18	 f18:0x00000000  f2=0x00000000
     423775.000 ns	     42376	80008b8c	47b6e993	ori	x19,x13,1147	 x13:0x4ea9573b x19=0x4ea9577b
     423795.000 ns	     42378	80008b90	c017f253	fcvt.wu.s	x4,f15	 f15:0x41000000  x4=0x00000008
     423825.000 ns	     42381	80008b94	02cfc233	div	x4,x31,x12	 x31:0x00000000 x12:0x00000000  x4=0xffffffff
     423845.000 ns	     42383	80008b98	017f9033	sll	x0,x31,x23	 x31:0x00000000 x23:0x4ea9573b
     423865.000 ns	     42385	80008b9c	02e91e33	mulh	x28,x18,x14	 x18:0xd0d94b87 x14:0x00000000 x28=0x00000000
     423895.000 ns	     42388	80008ba0	0277ed33	rem	x26,x15,x7	 x15:0x54ab7880  x7:0x00000000 x26=0x54ab7880
     423925.000 ns	     42391	80008ba4	c012f7d3	fcvt.wu.s	x15,f5	  f5:0x00000000 x15=0x00000000
     423945.000 ns	     42393	80008ba8	00462933	slt	x18,x12,x4	 x12:0x00000000  x4:0xffffffff x18=0x00000000
     423965.000 ns	     42395	80008bac	e00a1cd3	fclass.s	x25,f20	 f20:0x00000000 x25=0x00000010
     423985.000 ns	     42397	80008bb0	1bda3e13	sltiu	x28,x20,445	 x20:0x63082000 x28=0x00000000
     423995.000 ns	     42398	80008bb4	00933933	sltu	x18,x6,x9	  x6:0x54ab7b5b  x9:0x00000000 x18=0x00000000
     424355.000 ns	     42434	80008bb8	0389e2b3	rem	x5,x19,x24	 x19:0x4ea9577b x24:0x80041025  x5=0x4ea9577b
     424385.000 ns	     42437	80008bbc	03d808b3	mul	x17,x16,x29	 x16:0x00000000 x29:0x00000000 x17=0x00000000
     424425.000 ns	     42441	80008bc0	10e74f53	fmul.s	f30,f14,f14	 f14:0x7fc00000 f14:0x7fc00000 f30=0x7fc00000
     424445.000 ns	     42443	80008bc4	40acdb93	srai	x23,x25,0xa	 x25:0x00000010 x23=0x00000000
     424455.000 ns	     42444	80008bc8	4163d7b3	sra	x15,x7,x22	  x7:0x00000000 x22:0x06d8bb58 x15=0x00000000
     424475.000 ns	     42446	80008bcc	20542953	fsgnjx.s	f18,f8,f5	  f8:0x4ea956f1  f5:0x00000000 f18=0x4ea956f1
     424505.000 ns	     42449	80008bd0	022840b3	div	x1,x16,x2	 x16:0x00000000  x2:0x00000000  x1=0xffffffff
     424525.000 ns	     42451	80008bd4	003a9d13	slli	x26,x21,0x3	 x21:0x54ab7822 x26=0xa55bc110
     424545.000 ns	     42453	80008bd8	a18c91d3	flt.s	x3,f25,f24	 f25:0x00000000 f24:0x4f7fffad  x3=0x00000001
     424565.000 ns	     42455	80008bdc	0146d933	srl	x18,x13,x20	 x13:0x4ea9573b x20:0x63082000 x18=0x4ea9573b
     424575.000 ns	     42456	80008be0	78127793	andi	x15,x4,1921	  x4:0xffffffff x15=0x00000781
     424595.000 ns	     42458	80008be4	a11a2353	feq.s	x6,f20,f17	 f20:0x00000000 f17:0x80000000  x6=0x00000001
     424615.000 ns	     42460	80008be8	01a7e233	or	x4,x15,x26	 x15:0x00000000 x26:0xa55bc110  x4=0xa55bc791
     424975.000 ns	     42496	80008bec	03994833	div	x16,x18,x25	 x18:0x4ea9573b x25:0x00000010 x16=0x04ea9573
     424995.000 ns	     42498	80008bf0	0005f4b3	and	x9,x11,x0	 x11:0x80040fe4  x0:0x00000000  x9=0x00000000
     425005.000 ns	     42499	80008bf4	40e281b3	sub	x3,x5,x14	  x5:0x4ea9577b x14:0x00000000  x3=0x4ea9577b
     425015.000 ns	     42500	80008bf8	baa92713	slti	x14,x18,-1110	 x18:0x4ea9573b x14=0x00000000
     425035.000 ns	     42502	80008bfc	f0028bd3	fmv.w.x	f23,x5	  x5:0x4ea9577b f23=0x4ea9577b
     425075.000 ns	     42506	80008c00	580399d3	fsqrt.s	f19,f7	  f7:0xc1000000 f19=0x7fc00000
     425105.000 ns	     42509	80008c04	a19c93d3	flt.s	x7,f25,f25	 f25:0x00000000 f25:0x00000000  x7=0x00000000
     425135.000 ns	     42512	80008c08	f00c02d3	fmv.w.x	f5,x24	 x24:0x80041025  f5=0x80041025
     426215.000 ns	     42620	80008c0c	580c3953	fsqrt.s	f18,f24	 f24:0x4f7fffad f18=0x47350429
     426235.000 ns	     42622	80008c10	003b98b3	sll	x17,x23,x3	 x23:0x00000000  x3:0x4ea9577b x17=0x00000000
     426255.000 ns	     42624	80008c14	028c0cb3	mul	x25,x24,x8	 x24:0x80041025  x8:0xffffffff x25=0x7ffbefdb
     426275.000 ns	     42626	80008c18	b5f9eb13	ori	x22,x19,-1185	 x19:0x4ea9577b x22=0xffffff7f
     426295.000 ns	     42628	80008c1c	02650233	mul	x4,x10,x6	 x10:0x00000000  x6:0x00000001  x4=0x00000000
     426345.000 ns	     42633	80008c20	086b7f53	fsub.s	f30,f22,f6	 f22:0xc1000000  f6:0x4e9d52ae f30=0xce9d52ae
     426395.000 ns	     42638	80008c24	002bf0d3	fadd.s	f1,f23,f2	 f23:0x4ea9577b  f2:0x00000000  f1=0x4ea9577b
     426425.000 ns	     42641	80008c28	e0030853	fmv.x.w	x16,f6	  f6:0x4e9d52ae x16=0x4e9d52ae
     426445.000 ns	     42643	80008c2c	01ac5133	srl	x2,x24,x26	 x24:0x80041025 x26:0xa55bc110  x2=0x00008004
     426455.000 ns	     42644	80008c30	01165993	srli	x19,x12,0x11	 x12:0x00000000 x19=0x00000000
     426475.000 ns	     42646	80008c34	20209553	fsgnjn.s	f10,f1,f2	  f1:0x4ea9577b  f2:0x00000000 f10=0xcea9577b
     426505.000 ns	     42649	80008c38	e00e1ed3	fclass.s	x29,f28	 f28:0x4f7fffff x29=0x00000040
     426535.000 ns	     42652	80008c3c	d00738d3	fcvt.s.w	f17,x14	 x14:0x00000000 f17=0x00000000
     426555.000 ns	     42654	80008c40	01e81113	slli	x2,x16,0x1e	 x16:0x4e9d52ae  x2=0x80000000
     426575.000 ns	     42656	80008c44	d01aabd3	fcvt.s.wu	f23,x21	 x21:0x54ab7822 f23=0x4ea956f1
     426595.000 ns	     42658	80008c48	00dc9413	slli	x8,x25,0xd	 x25:0x7ffbefdb  x8=0x7dfb6000
     426615.000 ns	     42660	80008c4c	21562d53	fsgnjx.s	f26,f12,f21	 f12:0x00000000 f21:0x80000000 f26=0x80000000
     426645.000 ns	     42663	80008c50	e0051a53	fclass.s	x20,f10	 f10:0xcea9577b x20=0x00000002
     426665.000 ns	     42665	80008c54	0016b033	sltu	x0,x13,x1	 x13:0x4ea9573b  x1:0xffffffff
     426675.000 ns	     42666	80008c58	0107e4b3	or	x9,x15,x16	 x15:0x00000781 x16:0x4e9d52ae  x9=0x4e9d57af
     426695.000 ns	     42668	80008c5c	208996d3	fsgnjn.s	f13,f19,f8	 f19:0x7fc00000  f8:0x4ea956f1 f13=0xffc00000
     426715.000 ns	     42670	80008c60	01e5e9b3	or	x19,x11,x30	 x11:0x80040fe4 x30:0x80041024 x19=0x80041fe4
     426725.000 ns	     42671	80008c64	014ab9b3	sltu	x19,x21,x20	 x21:0x54ab7822 x20:0x00000002 x19=0x00000000
     426735.000 ns	     42672	80008c68	006268b3	or	x17,x4,x6	  x4:0x00000000  x6:0x00000001 x17=0x00000001
     427095.000 ns	     42708	80008c6c	0214f0b3	remu	x1,x9,x1	  x9:0x4e9d57af  x1:0xffffffff  x1=0x4e9d57af
     427125.000 ns	     42711	80008c70	20550f53	fsgnj.s	f30,f10,f5	 f10:0xcea9577b  f5:0x80041025 f30=0xcea9577b
     427175.000 ns	     42716	80008c74	091c7453	fsub.s	f8,f24,f17	 f24:0x4f7fffad f17:0x00000000  f8=0x4f7fffad
     427195.000 ns	     42718	80008c78	b345c693	xori	x13,x11,-1228	 x11:0x80040fe4 x13=0x7ffbf4d0
     427215.000 ns	     42720	80008c7c	20c22553	fsgnjx.s	f10,f4,f12	  f4:0x7fc00000 f12:0x00000000 f10=0x7fc00000
     427255.000 ns	     42724	80008c80	1821fb53	fdiv.s	f22,f3,f2	  f3:0x4ea9573b  f2:0x00000000 f22=0x7f800000
     427295.000 ns	     42728	80008c84	580c8f53	fsqrt.s	f30,f25	 f25:0x00000000 f30=0x00000000
     427345.000 ns	     42733	80008c88	0184b9d3	fadd.s	f19,f9,f24	  f9:0xffc00000 f24:0x4f7fffad f19=0x7fc00000
     427365.000 ns	     42735	80008c8c	01508033	add	x0,x1,x21	  x1:0x4e9d57af x21:0x54ab7822
     427375.000 ns	     42736	80008c90	0028a433	slt	x8,x17,x2	 x17:0x00000001  x2:0x80000000  x8=0x00000000
     427395.000 ns	     42738	80008c94	286b9053	fmax.s	f0,f23,f6	 f23:0x4ea956f1  f6:0x4e9d52ae  f0=0x4ea956f1
     427425.000 ns	     42741	80008c98	03c538b3	mulhu	x17,x10,x28	 x10:0x00000000 x28:0x00000000 x17=0x00000000
     427445.000 ns	     42743	80008c9c	0015f4b3	and	x9,x11,x1	 x11:0x80040fe4  x1:0x4e9d57af  x9=0x000407a4
     427465.000 ns	     42745	80008ca0	209e2053	fsgnjx.s	f0,f28,f9	 f28:0x4f7fffff  f9:0xffc00000  f0=0xcf7fffff
     427495.000 ns	     42748	80008ca4	20e82c53	fsgnjx.s	f24,f16,f14	 f16:0x7fc00000 f14:0x7fc00000 f24=0x7fc00000
     427525.000 ns	     42751	80008ca8	f00c0653	fmv.w.x	f12,x24	 x24:0x80041025 f12=0x80041025
     427555.000 ns	     42754	80008cac	d0082e53	fcvt.s.w	f28,x16	 x16:0x4e9d52ae f28=0x4e9d3aa6
     427585.000 ns	     42757	80008cb0	02128133	mul	x2,x5,x1	  x5:0x4ea9577b  x1:0x4e9d57af  x2=0x72ec9a15
     427615.000 ns	     42760	80008cb4	a0828853	fle.s	x16,f5,f8	  f5:0x80041025  f8:0x4f7fffad x16=0x00000001
     427635.000 ns	     42762	80008cb8	8d456a17	auipc	x20,0x8d456	 x20=0x0d45ecb8
     427645.000 ns	     42763	80008cbc	01b81733	sll	x14,x16,x27	 x16:0x00000001 x27:0x00000000 x14=0x00000001
     427655.000 ns	     42764	80008cc0	0048e033	or	x0,x17,x4	 x17:0x00000000  x4:0x00000000
     428015.000 ns	     42800	80008cc4	0298e8b3	rem	x17,x17,x9	 x17:0x00000000  x9:0x000407a4 x17=0x00000000
     428035.000 ns	     42802	80008cc8	3afde493	ori	x9,x27,943	 x27:0x00000000  x9=0x000003af
     428045.000 ns	     42803	80008ccc	bd4e4393	xori	x7,x28,-1068	 x28:0x00000000  x7=0xfffffbd4
     428065.000 ns	     42805	80008cd0	02631a33	mulh	x20,x6,x6	  x6:0x00000001  x6:0x00000001 x20=0x00000000
     428095.000 ns	     42808	80008cd4	a1950fd3	fle.s	x31,f10,f25	 f10:0x7fc00000 f25:0x00000000 x31=0x00000000
     428125.000 ns	     42811	80008cd8	02b31b33	mulh	x22,x6,x11	  x6:0x00000001 x11:0x80040fe4 x22=0xffffffff
     428155.000 ns	     42814	80008cdc	032d0e33	mul	x28,x26,x18	 x26:0xa55bc110 x18:0x4ea9573b x28=0x9e51eeb0
     428185.000 ns	     42817	80008ce0	28f61353	fmax.s	f6,f12,f15	 f12:0x80041025 f15:0x41000000  f6=0x41000000
     428215.000 ns	     42820	80008ce4	a0eaa753	feq.s	x14,f21,f14	 f21:0x80000000 f14:0x7fc00000 x14=0x00000000
     428235.000 ns	     42822	80008ce8	8d984893	xori	x17,x16,-1831	 x16:0x00000001 x17=0xfffff8d8
     428245.000 ns	     42823	80008cec	012b9033	sll	x0,x23,x18	 x23:0x00000000 x18:0x4ea9573b
     428255.000 ns	     42824	80008cf0	011bfd33	and	x26,x23,x17	 x23:0x00000000 x17:0x00000000 x26=0x00000000
     428265.000 ns	     42825	80008cf4	f6556893	ori	x17,x10,-155	 x10:0x00000000 x17=0xffffff65
     428295.000 ns	     42828	80008cf8	18c89853	fdiv.s	f16,f17,f12	 f17:0x00000000 f12:0x80041025 f16=0x80000000
     428315.000 ns	     42830	80008cfc	014ac433	xor	x8,x21,x20	 x21:0x54ab7822 x20:0x00000000  x8=0x54ab7822
     428325.000 ns	     42831	80008d00	61c92613	slti	x12,x18,1564	 x18:0x4ea9573b x12=0x00000000
     428335.000 ns	     42832	80008d04	fccd2737	lui	x14,0xfccd2	 x14=0xfccd2000
     428695.000 ns	     42868	80008d08	02d46833	rem	x16,x8,x13	  x8:0x54ab7822 x13:0x7ffbf4d0 x16=0x54ab7822
     428725.000 ns	     42871	80008d0c	c0081153	fcvt.w.s	x2,f16	 f16:0x80000000  x2=0x00000000
     428755.000 ns	     42874	80008d10	e0028b53	fmv.x.w	x22,f5	  f5:0x80041025 x22=0x80041025
     428785.000 ns	     42877	80008d14	a1b006d3	fle.s	x13,f0,f27	  f0:0xcf7fffff f27:0x7fc00000 x13=0x00000000
     428805.000 ns	     42879	80008d18	9fb21137	lui	x2,0x9fb21	  x2=0x9fb21000
     428815.000 ns	     42880	80008d1c	69c0e213	ori	x4,x1,1692	  x1:0x4e9d57af  x4=0x4e9d57bf
     429175.000 ns	     42916	80008d20	02eb5e33	divu	x28,x22,x14	 x22:0x80041025 x14:0xfccd2000 x28=0x00000000
     429195.000 ns	     42918	80008d24	012fdeb3	srl	x29,x31,x18	 x31:0x00000000 x18:0x4ea9573b x29=0x00000000
     429205.000 ns	     42919	80008d28	41fc8e33	sub	x28,x25,x31	 x25:0x7ffbefdb x31:0x00000000 x28=0x7ffbefdb
     429215.000 ns	     42920	80008d2c	01623033	sltu	x0,x4,x22	  x4:0x4e9d57bf x22:0x80041025
     429225.000 ns	     42921	80008d30	414603b3	sub	x7,x12,x20	 x12:0x00000000 x20:0x00000000  x7=0x00000000
     429235.000 ns	     42922	80008d34	6a573613	sltiu	x12,x14,1701	 x14:0xfccd2000 x12=0x00000000
     429245.000 ns	     42923	80008d38	01e70233	add	x4,x14,x30	 x14:0xfccd2000 x30:0x80041024  x4=0x7cd13024
     429265.000 ns	     42925	80008d3c	21991c53	fsgnjn.s	f24,f18,f25	 f18:0x47350429 f25:0x00000000 f24=0xc7350429
     429295.000 ns	     42928	80008d40	298891d3	fmax.s	f3,f17,f24	 f17:0x00000000 f24:0x7fc00000  f3=0x00000000
     429325.000 ns	     42931	80008d44	c00c44d3	fcvt.w.s	x9,f24	 f24:0xc7350429  x9=0xffff4afc
     429345.000 ns	     42933	80008d48	01327433	and	x8,x4,x19	  x4:0x7cd13024 x19:0x00000000  x8=0x00000000
     429365.000 ns	     42935	80008d4c	d01c0bd3	fcvt.s.wu	f23,x24	 x24:0x80041025 f23=0x4f000410
     429385.000 ns	     42937	80008d50	00000013	addi	x0,x0,0	  x0:0x00000000
     429405.000 ns	     42939	80008d54	21798bd3	fsgnj.s	f23,f19,f23	 f19:0x7fc00000 f23:0x4f000410 f23=0x7fc00000
     429435.000 ns	     42942	80008d58	d005f1d3	fcvt.s.w	f3,x11	 x11:0x80040fe4  f3=0xcefff7e0
     429455.000 ns	     42944	80008d5c	408056b3	sra	x13,x0,x8	  x0:0x00000000  x8:0x00000000 x13=0x00000000
     429475.000 ns	     42946	80008d60	e00f8bd3	fmv.x.w	x23,f31	 f31:0x80000000 x23=0x80000000
     429505.000 ns	     42949	80008d64	03f4da33	divu	x20,x9,x31	  x9:0xffff4afc x31:0x00000000 x20=0xffffffff
     429525.000 ns	     42951	80008d68	a9f44537	lui	x10,0xa9f44	 x10=0xa9f44000
     429535.000 ns	     42952	80008d6c	00417933	and	x18,x2,x4	  x2:0x9fb21000  x4:0x7cd13024 x18=0x1c901000
     429555.000 ns	     42954	80008d70	d00f1753	fcvt.s.w	f14,x30	 x30:0x80041024 f14=0xcefff7df
     429595.000 ns	     42958	80008d74	5802c553	fsqrt.s	f10,f5	  f5:0x80041025 f10=0x7fc00000
     429615.000 ns	     42960	80008d78	019f0233	add	x4,x30,x25	 x30:0x80041024 x25:0x7ffbefdb  x4=0xffffffff
     429635.000 ns	     42962	80008d7c	a0b618d3	flt.s	x17,f12,f11	 f12:0x80041025 f11:0x4cf13e88 x17=0x00000001
     429665.000 ns	     42965	80008d80	020112b3	mulh	x5,x2,x0	  x2:0x9fb21000  x0:0x00000000  x5=0x00000000
     430035.000 ns	     43002	80008d84	03654833	div	x16,x10,x22	 x10:0xa9f44000 x22:0x80041025 x16=0x00000000
     430065.000 ns	     43005	80008d88	21fe11d3	fsgnjn.s	f3,f28,f31	 f28:0x4e9d3aa6 f31:0x80000000  f3=0x4e9d3aa6
     430095.000 ns	     43008	80008d8c	202f8fd3	fsgnj.s	f31,f31,f2	 f31:0x80000000  f2:0x00000000 f31=0x00000000
     430125.000 ns	     43011	80008d90	d0197d53	fcvt.s.wu	f26,x18	 x18:0x1c901000 f26=0x4de48080
     430155.000 ns	     43014	80008d94	28e51fd3	fmax.s	f31,f10,f14	 f10:0x7fc00000 f14:0xcefff7df f31=0xcefff7df
     430175.000 ns	     43016	80008d98	d595cd13	xori	x26,x11,-679	 x11:0x80040fe4 x26=0x7ffbf2bd
     430195.000 ns	     43018	80008d9c	c01396d3	fcvt.wu.s	x13,f7	  f7:0xc1000000 x13=0x00000008
     430225.000 ns	     43021	80008da0	201a27d3	fsgnjx.s	f15,f20,f1	 f20:0x00000000  f1:0x4ea9577b f15=0x00000000
     430245.000 ns	     43023	80008da4	01da11b3	sll	x3,x20,x29	 x20:0xffffffff x29:0x00000000  x3=0xffffffff
     430265.000 ns	     43025	80008da8	29800c53	fmin.s	f24,f0,f24	  f0:0xcf7fffff f24:0xc7350429 f24=0xcf7fffff
     430285.000 ns	     43027	80008dac	f289f913	andi	x18,x19,-216	 x19:0x00000000 x18=0x00000000
     430305.000 ns	     43029	80008db0	21b9a453	fsgnjx.s	f8,f19,f27	 f19:0x7fc00000 f27:0x7fc00000  f8=0x7fc00000
     430335.000 ns	     43032	80008db4	03eebd33	mulhu	x26,x29,x30	 x29:0x00000000 x30:0x80041024 x26=0x00000000
     430355.000 ns	     43034	80008db8	00024fb3	xor	x31,x4,x0	  x4:0xffffffff  x0:0x00000000 x31=0xffffffff
     430375.000 ns	     43036	80008dbc	0201ca33	div	x20,x3,x0	  x3:0xffffffff  x0:0x00000000 x20=0xffffffff
     430395.000 ns	     43038	80008dc0	00000013	addi	x0,x0,0	  x0:0x00000000
     430755.000 ns	     43074	80008dc4	02fbd9b3	divu	x19,x23,x15	 x23:0x80000000 x15:0x00000781 x19=0x00110eca
     430795.000 ns	     43078	80008dc8	10132b53	fmul.s	f22,f6,f1	  f6:0x41000000  f1:0x4ea9577b f22=0x5029577b
     430815.000 ns	     43080	80008dcc	00000013	addi	x0,x0,0	  x0:0x00000000
     430835.000 ns	     43082	80008dd0	e00e09d3	fmv.x.w	x19,f28	 f28:0x4e9d3aa6 x19=0x4e9d3aa6
     430855.000 ns	     43084	80008dd4	41135813	srai	x16,x6,0x11	  x6:0x00000001 x16=0x00000000
     430865.000 ns	     43085	80008dd8	3d71cb93	xori	x23,x3,983	  x3:0xffffffff x23=0xfffffc28
     430885.000 ns	     43087	80008ddc	03efb0b3	mulhu	x1,x31,x30	 x31:0xffffffff x30:0x80041024  x1=0x80041023
     430935.000 ns	     43092	80008de0	086af7d3	fsub.s	f15,f21,f6	 f21:0x80000000  f6:0x41000000 f15=0xc1000000
     430965.000 ns	     43095	80008de4	c01db953	fcvt.wu.s	x18,f27	 f27:0x7fc00000 x18=0xffffffff
     430995.000 ns	     43098	80008de8	217020d3	fsgnjx.s	f1,f0,f23	  f0:0xcf7fffff f23:0x7fc00000  f1=0xcf7fffff
     431025.000 ns	     43101	80008dec	c0040a53	fcvt.w.s	x20,f8	  f8:0x7fc00000 x20=0x7fffffff
     431045.000 ns	     43103	80008df0	00000013	addi	x0,x0,0	  x0:0x00000000
     431055.000 ns	     43104	80008df4	27f4ff93	andi	x31,x9,639	  x9:0xffff4afc x31=0x0000027c
     431075.000 ns	     43106	80008df8	03d160b3	rem	x1,x2,x29	  x2:0x9fb21000 x29:0x00000000  x1=0x9fb21000
     431105.000 ns	     43109	80008dfc	c00d7253	fcvt.w.s	x4,f26	 f26:0x4de48080  x4=0x1c901000
     431125.000 ns	     43111	80008e00	fb5bbc37	lui	x24,0xfb5bb	 x24=0xfb5bb000
     431135.000 ns	     43112	80008e04	79d37d93	andi	x27,x6,1949	  x6:0x00000001 x27=0x00000001
     431155.000 ns	     43114	80008e08	a0b00553	fle.s	x10,f0,f11	  f0:0xcf7fffff f11:0x4cf13e88 x10=0x00000001
     431195.000 ns	     43118	80008e0c	19227ad3	fdiv.s	f21,f4,f18	  f4:0x7fc00000 f18:0x47350429 f21=0x7fc00000
     431225.000 ns	     43121	80008e10	0228bb33	mulhu	x22,x17,x2	 x17:0x00000001  x2:0x9fb21000 x22=0x00000000
     431245.000 ns	     43123	80008e14	6e040b93	addi	x23,x8,1760	  x8:0x00000000 x23=0x000006e0
     431275.000 ns	     43126	80008e18	102b17d3	fmul.s	f15,f22,f2	 f22:0x5029577b  f2:0x00000000 f15=0x00000000
     431295.000 ns	     43128	80008e1c	ad990c93	addi	x25,x18,-1319	 x18:0xffffffff x25=0xfffffad8
     431315.000 ns	     43130	80008e20	034dbe33	mulhu	x28,x27,x20	 x27:0x00000001 x20:0x7fffffff x28=0x00000000
     431345.000 ns	     43133	80008e24	a09a26d3	feq.s	x13,f20,f9	 f20:0x00000000  f9:0xffc00000 x13=0x00000000
     431385.000 ns	     43137	80008e28	18a0f3d3	fdiv.s	f7,f1,f10	  f1:0xcf7fffff f10:0x7fc00000  f7=0x7fc00000
     431755.000 ns	     43174	80008e2c	03fe5733	divu	x14,x28,x31	 x28:0x00000000 x31:0x0000027c x14=0x00000000
     431805.000 ns	     43179	80008e30	09231e53	fsub.s	f28,f6,f18	  f6:0x41000000 f18:0x47350429 f28=0xc734fc29
     431835.000 ns	     43182	80008e34	21f31653	fsgnjn.s	f12,f6,f31	  f6:0x41000000 f31:0xcefff7df f12=0x41000000
     431855.000 ns	     43184	80008e38	01cb40b3	xor	x1,x22,x28	 x22:0x00000000 x28:0x00000000  x1=0x00000000
     431875.000 ns	     43186	80008e3c	f0030653	fmv.w.x	f12,x6	  x6:0x00000001 f12=0x00000001
     431915.000 ns	     43190	80008e40	115a9353	fmul.s	f6,f21,f21	 f21:0x7fc00000 f21:0x7fc00000  f6=0x7fc00000
     431935.000 ns	     43192	80008e44	4d8b7e93	andi	x29,x22,1240	 x22:0x00000000 x29=0x00000000
     431945.000 ns	     43193	80008e48	c76a4113	xori	x2,x20,-906	 x20:0x7fffffff  x2=0x80000389
     431955.000 ns	     43194	80008e4c	405bd793	srai	x15,x23,0x5	 x23:0x000006e0 x15=0x00000037
     431965.000 ns	     43195	80008e50	00831633	sll	x12,x6,x8	  x6:0x00000001  x8:0x00000000 x12=0x00000001
     432325.000 ns	     43231	80008e54	0237c0b3	div	x1,x15,x3	 x15:0x00000781  x3:0xffffffff  x1=0xffffffc9
     432345.000 ns	     43233	80008e58	9c512f93	slti	x31,x2,-1595	  x2:0x80000389 x31=0x00000001
     432365.000 ns	     43235	80008e5c	28a51153	fmax.s	f2,f10,f10	 f10:0x7fc00000 f10:0x7fc00000  f2=0x7fc00000
     432385.000 ns	     43237	80008e60	00588bb3	add	x23,x17,x5	 x17:0x00000001  x5:0x00000000 x23=0x00000001
     432425.000 ns	     43241	80008e64	093e7f53	fsub.s	f30,f28,f19	 f28:0xc734fc29 f19:0x7fc00000 f30=0x7fc00000
     432455.000 ns	     43244	80008e68	2024a9d3	fsgnjx.s	f19,f9,f2	  f9:0xffc00000  f2:0x7fc00000 f19=0xffc00000
     432495.000 ns	     43248	80008e6c	194115d3	fdiv.s	f11,f2,f20	  f2:0x7fc00000 f20:0x00000000 f11=0x7fc00000
     432525.000 ns	     43251	80008e70	c014a953	fcvt.wu.s	x18,f9	  f9:0xffc00000 x18=0xffffffff
     432555.000 ns	     43254	80008e74	02269833	mulh	x16,x13,x2	 x13:0x00000000  x2:0x80000389 x16=0x00000000
     432585.000 ns	     43257	80008e78	c0198753	fcvt.wu.s	x14,f19	 f19:0xffc00000 x14=0xffffffff
     432955.000 ns	     43294	80008e7c	02b372b3	remu	x5,x6,x11	  x6:0x00000001 x11:0x80040fe4  x5=0x00000001
     432975.000 ns	     43296	80008e80	0035b9b3	sltu	x19,x11,x3	 x11:0x80040fe4  x3:0xffffffff x19=0x00000001
     432985.000 ns	     43297	80008e84	00825fb3	srl	x31,x4,x8	  x4:0x1c901000  x8:0x00000000 x31=0x1c901000
     432995.000 ns	     43298	80008e88	d2f0ed93	ori	x27,x1,-721	  x1:0xffffffc9 x27=0xffffffef
     433005.000 ns	     43299	80008e8c	41935633	sra	x12,x6,x25	  x6:0x00000001 x25:0xfffffad8 x12=0x00000000
     433015.000 ns	     43300	80008e90	0007c833	xor	x16,x15,x0	 x15:0x00000037  x0:0x00000000 x16=0x00000037
     433025.000 ns	     43301	80008e94	328b7813	andi	x16,x22,808	 x22:0x00000000 x16=0x00000000
     433035.000 ns	     43302	80008e98	7d272193	slti	x3,x14,2002	 x14:0xffffffff  x3=0x00000001
     433055.000 ns	     43304	80008e9c	02c32733	mulhsu	x14,x6,x12	  x6:0x00000001 x12:0x00000000 x14=0x00000000
     433075.000 ns	     43306	80008ea0	01029b93	slli	x23,x5,0x10	  x5:0x00000001 x23=0x00010000
     433435.000 ns	     43342	80008ea4	023bdcb3	divu	x25,x23,x3	 x23:0x00000001  x3:0x00000001 x25=0x00010000
     433455.000 ns	     43344	80008ea8	00ced213	srli	x4,x29,0xc	 x29:0x00000000  x4=0x00000000
     433465.000 ns	     43345	80008eac	40d10933	sub	x18,x2,x13	  x2:0x80000389 x13:0x00000000 x18=0x80000389
     433475.000 ns	     43346	80008eb0	010b1c33	sll	x24,x22,x16	 x22:0x00000000 x16:0x00000000 x24=0x00000000
     433495.000 ns	     43348	80008eb4	02764933	div	x18,x12,x7	 x12:0x00000000  x7:0x00000000 x18=0xffffffff
     433525.000 ns	     43351	80008eb8	28939bd3	fmax.s	f23,f7,f9	  f7:0x7fc00000  f9:0xffc00000 f23=0x7fc00000
     433545.000 ns	     43353	80008ebc	bf9a46b7	lui	x13,0xbf9a4	 x13=0xbf9a4000
     433565.000 ns	     43355	80008ec0	a0db0b53	fle.s	x22,f22,f13	 f22:0x5029577b f13:0xffc00000 x22=0x00000000
     433585.000 ns	     43357	80008ec4	00b84a33	xor	x20,x16,x11	 x16:0x00000000 x11:0x80040fe4 x20=0x80040fe4
     433615.000 ns	     43360	80008ec8	18acc7d3	fdiv.s	f15,f25,f10	 f25:0x00000000 f10:0x7fc00000 f15=0x7fc00000
     433655.000 ns	     43364	80008ecc	5808c8d3	fsqrt.s	f17,f17	 f17:0x00000000 f17=0x00000000
     433705.000 ns	     43369	80008ed0	097a8bd3	fsub.s	f23,f21,f23	 f21:0x7fc00000 f23:0x7fc00000 f23=0x7fc00000
     433725.000 ns	     43371	80008ed4	0e9bfb93	andi	x23,x23,233	 x23:0x00010000 x23=0x00000000
     434085.000 ns	     43407	80008ed8	03f85cb3	divu	x25,x16,x31	 x16:0x00000000 x31:0x1c901000 x25=0x00000000
     434105.000 ns	     43409	80008edc	01605b13	srli	x22,x0,0x16	  x0:0x00000000 x22=0x00000000
     434115.000 ns	     43410	80008ee0	41b7d613	srai	x12,x15,0x1b	 x15:0x00000037 x12=0x00000000
     434135.000 ns	     43412	80008ee4	291d9753	fmax.s	f14,f27,f17	 f27:0x7fc00000 f17:0x00000000 f14=0x00000000
     434155.000 ns	     43414	80008ee8	014c2833	slt	x16,x24,x20	 x24:0x00000000 x20:0x80040fe4 x16=0x00000000
     434175.000 ns	     43416	80008eec	211b21d3	fsgnjx.s	f3,f22,f17	 f22:0x5029577b f17:0x00000000  f3=0x5029577b
     434215.000 ns	     43420	80008ef0	580e7fd3	fsqrt.s	f31,f28	 f28:0xc734fc29 f31=0x7fc00000
     434245.000 ns	     43423	80008ef4	a072ad53	feq.s	x26,f5,f7	  f5:0x80041025  f7:0x7fc00000 x26=0x00000000
     434275.000 ns	     43426	80008ef8	d01381d3	fcvt.s.wu	f3,x7	  x7:0x00000000  f3=0x00000000
     434295.000 ns	     43428	80008efc	01625eb3	srl	x29,x4,x22	  x4:0x00000000 x22:0x00000000 x29=0x00000000
     434305.000 ns	     43429	80008f00	01d20833	add	x16,x4,x29	  x4:0x00000000 x29:0x00000000 x16=0x00000000
     434635.000 ns	     43462	80008f04	1852f8d3	fdiv.s	f17,f5,f5	  f5:0x80041025  f5:0x80041025 f17=0x3cb78e10
     434655.000 ns	     43464	80008f08	015450b3	srl	x1,x8,x21	  x8:0x00000000 x21:0x54ab7822  x1=0x00000000
     434685.000 ns	     43467	80008f0c	111fff53	fmul.s	f30,f31,f17	 f31:0x7fc00000 f17:0x3cb78e10 f30=0x7fc00000
     434705.000 ns	     43469	80008f10	0099f4b3	and	x9,x19,x9	 x19:0x00000001  x9:0xffff4afc  x9=0x00000000
     434735.000 ns	     43472	80008f14	11a572d3	fmul.s	f5,f10,f26	 f10:0x7fc00000 f26:0x4de48080  f5=0x7fc00000
     434755.000 ns	     43474	80008f18	010b6233	or	x4,x22,x16	 x22:0x00000000 x16:0x00000000  x4=0x00000000
     434775.000 ns	     43476	80008f1c	21e99ed3	fsgnjn.s	f29,f19,f30	 f19:0xffc00000 f30:0x7fc00000 f29=0xffc00000
     434795.000 ns	     43478	80008f20	17e83313	sltiu	x6,x16,382	 x16:0x00000000  x6=0x00000001
     434805.000 ns	     43479	80008f24	6f920093	addi	x1,x4,1785	  x4:0x00000000  x1=0x000006f9
     434825.000 ns	     43481	80008f28	03d88733	mul	x14,x17,x29	 x17:0x00000001 x29:0x00000000 x14=0x00000000
     434855.000 ns	     43484	80008f2c	032b9933	mulh	x18,x23,x18	 x23:0x00000000 x18:0xffffffff x18=0x00000000
     434875.000 ns	     43486	80008f30	40f1d0b3	sra	x1,x3,x15	  x3:0x00000001 x15:0x00000037  x1=0x00000000
     434895.000 ns	     43488	80008f34	e0030dd3	fmv.x.w	x27,f6	  f6:0x7fc00000 x27=0x7fc00000
     434925.000 ns	     43491	80008f38	03108833	mul	x16,x1,x17	  x1:0x000006f9 x17:0x00000001 x16=0x00000000
     434945.000 ns	     43493	80008f3c	40705e93	srai	x29,x0,0x7	  x0:0x00000000 x29=0x00000000
     434965.000 ns	     43495	80008f40	d010f653	fcvt.s.wu	f12,x1	  x1:0x00000000 f12=0x00000000
     434985.000 ns	     43497	80008f44	e5bfb8b7	lui	x17,0xe5bfb	 x17=0xe5bfb000
     434995.000 ns	     43498	80008f48	b7dde497	auipc	x9,0xb7dde	  x9=0x37de6f48
     435005.000 ns	     43499	80008f4c	01e95c93	srli	x25,x18,0x1e	 x18:0x00000000 x25=0x00000000
     435015.000 ns	     43500	80008f50	004f1d13	slli	x26,x30,0x4	 x30:0x80041024 x26=0x00410240
     435035.000 ns	     43502	80008f54	a181a6d3	feq.s	x13,f3,f24	  f3:0x00000000 f24:0xcf7fffff x13=0x00000000
     435405.000 ns	     43539	80008f58	035a4db3	div	x27,x20,x21	 x20:0x80040fe4 x21:0x54ab7822 x27=0xffffffff
     435435.000 ns	     43542	80008f5c	02eb1033	mulh	x0,x22,x14	 x22:0x00000000 x14:0x00000000
     435455.000 ns	     43544	80008f60	369d6113	ori	x2,x26,873	 x26:0x00410240  x2=0x00410369
     435475.000 ns	     43546	80008f64	a11d86d3	fle.s	x13,f27,f17	 f27:0x7fc00000 f17:0x3cb78e10 x13=0x00000000
     435505.000 ns	     43549	80008f68	a1b004d3	fle.s	x9,f0,f27	  f0:0xcf7fffff f27:0x7fc00000  x9=0x00000000
     435875.000 ns	     43586	80008f6c	02af6bb3	rem	x23,x30,x10	 x30:0x80041024 x10:0x00000001 x23=0x00000000
     436245.000 ns	     43623	80008f70	025decb3	rem	x25,x27,x5	 x27:0xffffffff  x5:0x00000001 x25=0x00000000
     436285.000 ns	     43627	80008f74	58057ed3	fsqrt.s	f29,f10	 f10:0x7fc00000 f29=0x7fc00000
     436655.000 ns	     43664	80008f78	033a6a33	rem	x20,x20,x19	 x20:0x80040fe4 x19:0x00000001 x20=0x00000000
     436675.000 ns	     43666	80008f7c	19280213	addi	x4,x16,402	 x16:0x00000000  x4=0x00000192
     437035.000 ns	     43702	80008f80	023b7cb3	remu	x25,x22,x3	 x22:0x00000000  x3:0x00000001 x25=0x00000000
     437075.000 ns	     43706	80008f84	1813c653	fdiv.s	f12,f7,f1	  f7:0x7fc00000  f1:0xcf7fffff f12=0x7fc00000
     437105.000 ns	     43709	80008f88	036441b3	div	x3,x8,x22	  x8:0x00000000 x22:0x00000000  x3=0xffffffff
     437135.000 ns	     43712	80008f8c	028d3633	mulhu	x12,x26,x8	 x26:0x00410240  x8:0x00000000 x12=0x00000000
     437155.000 ns	     43714	80008f90	64ddf013	andi	x0,x27,1613	 x27:0xffffffff
     437185.000 ns	     43717	80008f94	580803d3	fsqrt.s	f7,f16	 f16:0x80000000  f7=0x80000000
     437215.000 ns	     43720	80008f98	037ba1b3	mulhsu	x3,x23,x23	 x23:0x00000000 x23:0x00000000  x3=0x00000000
     437245.000 ns	     43723	80008f9c	28339653	fmax.s	f12,f7,f3	  f7:0x80000000  f3:0x00000000 f12=0x00000000
     437265.000 ns	     43725	80008fa0	368c0a13	addi	x20,x24,872	 x24:0x00000000 x20=0x00000368
     437285.000 ns	     43727	80008fa4	28649f53	fmax.s	f30,f9,f6	  f9:0xffc00000  f6:0x7fc00000 f30=0x7fc00000
     437655.000 ns	     43764	80008fa8	022b5533	divu	x10,x22,x2	 x22:0x00000000  x2:0x00410369 x10=0x00000000
     437685.000 ns	     43767	80008fac	29399cd3	fmax.s	f25,f19,f19	 f19:0xffc00000 f19:0xffc00000 f25=0x7fc00000
     437705.000 ns	     43769	80008fb0	01278cb3	add	x25,x15,x18	 x15:0x00000037 x18:0x00000000 x25=0x00000037
     437725.000 ns	     43771	80008fb4	c01df2d3	fcvt.wu.s	x5,f27	 f27:0x7fc00000  x5=0xffffffff
     437755.000 ns	     43774	80008fb8	03fa8fb3	mul	x31,x21,x31	 x21:0x54ab7822 x31:0x1c901000 x31=0x02a22000
     437775.000 ns	     43776	80008fbc	01d77bb3	and	x23,x14,x29	 x14:0x00000000 x29:0x00000000 x23=0x00000000
     437795.000 ns	     43778	80008fc0	03a401b3	mul	x3,x8,x26	  x8:0x00000000 x26:0x00410240  x3=0x00000000
     437815.000 ns	     43780	80008fc4	402803b3	sub	x7,x16,x2	 x16:0x00000000  x2:0x00410369  x7=0xffbefc97
     437825.000 ns	     43781	80008fc8	01375693	srli	x13,x14,0x13	 x14:0x00000000 x13=0x00000000
     437845.000 ns	     43783	80008fcc	a0840853	fle.s	x16,f8,f8	  f8:0x7fc00000  f8:0x7fc00000 x16=0x00000000
     437875.000 ns	     43786	80008fd0	21f2a753	fsgnjx.s	f14,f5,f31	  f5:0x7fc00000 f31:0x7fc00000 f14=0x7fc00000
     437895.000 ns	     43788	80008fd4	0074d133	srl	x2,x9,x7	  x9:0x00000000  x7:0xffbefc97  x2=0x00000000
     437905.000 ns	     43789	80008fd8	01d45493	srli	x9,x8,0x1d	  x8:0x00000000  x9=0x00000000
     437915.000 ns	     43790	80008fdc	018231b3	sltu	x3,x4,x24	  x4:0x00000192 x24:0x00000000  x3=0x00000000
     437935.000 ns	     43792	80008fe0	c01c7c53	fcvt.wu.s	x24,f24	 f24:0xcf7fffff x24=0xffffff00
     437955.000 ns	     43794	80008fe4	00b3a233	slt	x4,x7,x11	  x7:0xffbefc97 x11:0x80040fe4  x4=0x00000000
     437965.000 ns	     43795	80008fe8	007ac8b3	xor	x17,x21,x7	 x21:0x54ab7822  x7:0xffbefc97 x17=0xab1584b5
     437975.000 ns	     43796	80008fec	0095d293	srli	x5,x11,0x9	 x11:0x80040fe4  x5=0x00400207
     437985.000 ns	     43797	80008ff0	1ccdac13	slti	x24,x27,460	 x27:0xffffffff x24=0x00000001
     437995.000 ns	     43798	80008ff4	00000013	addi	x0,x0,0	  x0:0x00000000
     438005.000 ns	     43799	80008ff8	012c9d33	sll	x26,x25,x18	 x25:0x00000037 x18:0x00000000 x26=0x00000037
     438015.000 ns	     43800	80008ffc	00cbdb33	srl	x22,x23,x12	 x23:0x00000000 x12:0x00000000 x22=0x00000000
     438025.000 ns	     43801	80009000	0008a133	slt	x2,x17,x0	 x17:0xab1584b5  x0:0x00000000  x2=0x00000001
     438045.000 ns	     43803	80009004	a1592153	feq.s	x2,f18,f21	 f18:0x47350429 f21:0x7fc00000  x2=0x00000000
     438065.000 ns	     43805	80009008	fed43c93	sltiu	x25,x8,-19	  x8:0x00000000 x25=0x00000001
     438105.000 ns	     43809	8000900c	002cca53	fadd.s	f20,f25,f2	 f25:0x7fc00000  f2:0x7fc00000 f20=0x7fc00000
     438135.000 ns	     43812	80009010	a0399953	flt.s	x18,f19,f3	 f19:0xffc00000  f3:0x00000000 x18=0x00000000
     438165.000 ns	     43815	80009014	2108a2d3	fsgnjx.s	f5,f17,f16	 f17:0x3cb78e10 f16:0x80000000  f5=0xbcb78e10
     438195.000 ns	     43818	80009018	02dc3433	mulhu	x8,x24,x13	 x24:0x00000001 x13:0x00000000  x8=0x00000000
     438215.000 ns	     43820	8000901c	0135eeb3	or	x29,x11,x19	 x11:0x80040fe4 x19:0x00000001 x29=0x80040fe5
     438225.000 ns	     43821	80009020	4875fc93	andi	x25,x11,1159	 x11:0x80040fe4 x25=0x00000484
     438265.000 ns	     43825	80009024	00800053	fadd.s	f0,f0,f8	  f0:0xcf7fffff  f8:0x7fc00000  f0=0x7fc00000
     438305.000 ns	     43829	80009028	10727cd3	fmul.s	f25,f4,f7	  f4:0x7fc00000  f7:0x80000000 f25=0x7fc00000
     438325.000 ns	     43831	8000902c	012a3433	sltu	x8,x20,x18	 x20:0x00000368 x18:0x00000000  x8=0x00000000
     438345.000 ns	     43833	80009030	a1ab0353	fle.s	x6,f22,f26	 f22:0x5029577b f26:0x4de48080  x6=0x00000000
     438365.000 ns	     43835	80009034	a1872093	slti	x1,x14,-1512	 x14:0x00000000  x1=0x00000000
     438385.000 ns	     43837	80009038	02e67633	remu	x12,x12,x14	 x12:0x00000000 x14:0x00000000 x12=0x00000000
     438405.000 ns	     43839	8000903c	15f88613	addi	x12,x17,351	 x17:0xab1584b5 x12=0xab158614
     438415.000 ns	     43840	80009040	00000013	addi	x0,x0,0	  x0:0x00000000
     438425.000 ns	     43841	80009044	ade43093	sltiu	x1,x8,-1314	  x8:0x00000000  x1=0x00000001
     438435.000 ns	     43842	80009048	4178dd93	srai	x27,x17,0x17	 x17:0xab1584b5 x27=0xffffff56
     438455.000 ns	     43844	8000904c	c008ffd3	fcvt.w.s	x31,f17	 f17:0x3cb78e10 x31=0x00000000
     438475.000 ns	     43846	80009050	fcc48d13	addi	x26,x9,-52	  x9:0x00000000 x26=0xffffffcc
     438495.000 ns	     43848	80009054	a0e986d3	fle.s	x13,f19,f14	 f19:0xffc00000 f14:0x7fc00000 x13=0x00000000
     438525.000 ns	     43851	80009058	f00f0553	fmv.w.x	f10,x30	 x30:0x80041024 f10=0x80041024
     438545.000 ns	     43853	8000905c	01de3333	sltu	x6,x28,x29	 x28:0x00000000 x29:0x80040fe5  x6=0x00000001
     438555.000 ns	     43854	80009060	00698033	add	x0,x19,x6	 x19:0x00000001  x6:0x00000000
     438575.000 ns	     43856	80009064	20aa80d3	fsgnj.s	f1,f21,f10	 f21:0x7fc00000 f10:0x80041024  f1=0xffc00000
     438625.000 ns	     43861	80009068	08f1bdd3	fsub.s	f27,f3,f15	  f3:0x00000000 f15:0x7fc00000 f27=0x7fc00000
     438995.000 ns	     43898	8000906c	038cc533	div	x10,x25,x24	 x25:0x00000484 x24:0x00000001 x10=0x00000484
     439025.000 ns	     43901	80009070	038a10b3	mulh	x1,x20,x24	 x20:0x00000368 x24:0x00000001  x1=0x00000000
     439055.000 ns	     43904	80009074	a11e8a53	fle.s	x20,f29,f17	 f29:0x7fc00000 f17:0x3cb78e10 x20=0x00000000
     439085.000 ns	     43907	80009078	03ca4433	div	x8,x20,x28	 x20:0x00000368 x28:0x00000000  x8=0xffffffff
     439115.000 ns	     43910	8000907c	029df633	remu	x12,x27,x9	 x27:0xffffff56  x9:0x00000000 x12=0xffffff56
     439145.000 ns	     43913	80009080	03dfba33	mulhu	x20,x31,x29	 x31:0x00000000 x29:0x80040fe5 x20=0x00000000
     439175.000 ns	     43916	80009084	a0b7ae53	feq.s	x28,f15,f11	 f15:0x7fc00000 f11:0x7fc00000 x28=0x00000000
     439205.000 ns	     43919	80009088	c01df553	fcvt.wu.s	x10,f27	 f27:0x7fc00000 x10=0xffffffff
     439245.000 ns	     43923	8000908c	58074c53	fsqrt.s	f24,f14	 f14:0x7fc00000 f24=0x7fc00000
     439275.000 ns	     43926	80009090	219091d3	fsgnjn.s	f3,f1,f25	  f1:0xffc00000 f25:0x7fc00000  f3=0xffc00000
     439305.000 ns	     43929	80009094	02e3f333	remu	x6,x7,x14	  x7:0xffbefc97 x14:0x00000000  x6=0xffbefc97
     439335.000 ns	     43932	80009098	a1612a53	feq.s	x20,f2,f22	  f2:0x7fc00000 f22:0x5029577b x20=0x00000000
     439355.000 ns	     43934	8000909c	975bbfb7	lui	x31,0x975bb	 x31=0x975bb000
     439385.000 ns	     43937	800090a0	111e9653	fmul.s	f12,f29,f17	 f29:0x7fc00000 f17:0x3cb78e10 f12=0x7fc00000
     439415.000 ns	     43940	800090a4	d012aad3	fcvt.s.wu	f21,x5	  x5:0x00400207 f21=0x4a80040e
     439445.000 ns	     43943	800090a8	e0018953	fmv.x.w	x18,f3	  f3:0xffc00000 x18=0xffc00000
     439465.000 ns	     43945	800090ac	41730d13	addi	x26,x6,1047	  x6:0xffbefc97 x26=0xffbf00ae
     439475.000 ns	     43946	800090b0	00071d13	slli	x26,x14,0x0	 x14:0x00000000 x26=0x00000000
     439505.000 ns	     43949	800090b4	1133cc53	fmul.s	f24,f7,f19	  f7:0x80000000 f19:0xffc00000 f24=0x7fc00000
     439535.000 ns	     43952	800090b8	03ed83b3	mul	x7,x27,x30	 x27:0xffffff56 x30:0x80041024  x7=0xfd4d4818
     439565.000 ns	     43955	800090bc	a058a153	feq.s	x2,f17,f5	 f17:0x3cb78e10  f5:0xbcb78e10  x2=0x00000000
     439595.000 ns	     43958	800090c0	02742fb3	mulhsu	x31,x8,x7	  x8:0xffffffff  x7:0xfd4d4818 x31=0xffffffff
     439615.000 ns	     43960	800090c4	419b0db3	sub	x27,x22,x25	 x22:0x00000000 x25:0x00000484 x27=0xfffffb7c
     439635.000 ns	     43962	800090c8	29870153	fmin.s	f2,f14,f24	 f14:0x7fc00000 f24:0x7fc00000  f2=0x7fc00000
     440005.000 ns	     43999	800090cc	03be7233	remu	x4,x28,x27	 x28:0x00000000 x27:0xffffff56  x4=0x00000000
     440055.000 ns	     44004	800090d0	09b17d53	fsub.s	f26,f2,f27	  f2:0x7fc00000 f27:0x7fc00000 f26=0x7fc00000
     440075.000 ns	     44006	800090d4	01a2a033	slt	x0,x5,x26	  x5:0x00400207 x26:0x00000000
     440085.000 ns	     44007	800090d8	d133b113	sltiu	x2,x7,-749	  x7:0xfd4d4818  x2=0x00000001
     440105.000 ns	     44009	800090dc	d01d8b53	fcvt.s.wu	f22,x27	 x27:0xfffffb7c f22=0x4f7ffffb
     440135.000 ns	     44012	800090e0	20b19353	fsgnjn.s	f6,f3,f11	  f3:0xffc00000 f11:0x7fc00000  f6=0xffc00000
     440185.000 ns	     44017	800090e4	0128fe53	fadd.s	f28,f17,f18	 f17:0x3cb78e10 f18:0x47350429 f28=0x4735042e
     440205.000 ns	     44019	800090e8	59c4ed93	ori	x27,x9,1436	  x9:0x00000000 x27=0x0000059c
     440215.000 ns	     44020	800090ec	41eb5893	srai	x17,x22,0x1e	 x22:0x00000000 x17=0x00000000
     440225.000 ns	     44021	800090f0	011da533	slt	x10,x27,x17	 x27:0xfffffb7c x17:0xab1584b5 x10=0x00000000
     440235.000 ns	     44022	800090f4	b37e6a13	ori	x20,x28,-1225	 x28:0x00000000 x20=0xfffffb37
     440245.000 ns	     44023	800090f8	010fd7b3	srl	x15,x31,x16	 x31:0xffffffff x16:0x00000000 x15=0xffffffff
     440255.000 ns	     44024	800090fc	808123b7	lui	x7,0x80812	  x7=0x80812000
     440265.000 ns	     44025	80009100	40495a33	sra	x20,x18,x4	 x18:0xffc00000  x4:0x00000000 x20=0xffc00000
     440275.000 ns	     44026	80009104	00b52733	slt	x14,x10,x11	 x10:0x00000000 x11:0x80040fe4 x14=0x00000000
     440295.000 ns	     44028	80009108	d0087653	fcvt.s.w	f12,x16	 x16:0x00000000 f12=0x00000000
     440315.000 ns	     44030	8000910c	0129a2b3	slt	x5,x19,x18	 x19:0x00000001 x18:0xffc00000  x5=0x00000000
     440325.000 ns	     44031	80009110	00141333	sll	x6,x8,x1	  x8:0xffffffff  x1:0x00000000  x6=0xffffffff
     440335.000 ns	     44032	80009114	407f8133	sub	x2,x31,x7	 x31:0xffffffff  x7:0x80812000  x2=0x7f7edfff
     440355.000 ns	     44034	80009118	d00a7fd3	fcvt.s.w	f31,x20	 x20:0xffc00000 f31=0xca800000
     440395.000 ns	     44038	8000911c	193302d3	fdiv.s	f5,f6,f19	  f6:0xffc00000 f19:0xffc00000  f5=0x7fc00000
     440425.000 ns	     44041	80009120	02fb37b3	mulhu	x15,x22,x15	 x22:0x00000000 x15:0xffffffff x15=0x00000000
     440455.000 ns	     44044	80009124	027e38b3	mulhu	x17,x28,x7	 x28:0x00000000  x7:0x80812000 x17=0x00000000
     440485.000 ns	     44047	80009128	03f69db3	mulh	x27,x13,x31	 x13:0x00000000 x31:0xffffffff x27=0x00000000
     440525.000 ns	     44051	8000912c	190dcf53	fdiv.s	f30,f27,f16	 f27:0x7fc00000 f16:0x80000000 f30=0x7fc00000
     440545.000 ns	     44053	80009130	4e154493	xori	x9,x10,1249	 x10:0x00000000  x9=0x000004e1
     440565.000 ns	     44055	80009134	c0132dd3	fcvt.wu.s	x27,f6	  f6:0xffc00000 x27=0xffffffff
     440585.000 ns	     44057	80009138	0119acb3	slt	x25,x19,x17	 x19:0x00000001 x17:0x00000000 x25=0x00000000
     440945.000 ns	     44093	8000913c	035fc9b3	div	x19,x31,x21	 x31:0xffffffff x21:0x54ab7822 x19=0x00000000
     440975.000 ns	     44096	80009140	f0048653	fmv.w.x	f12,x9	  x9:0x000004e1 f12=0x000004e1
     441345.000 ns	     44133	80009144	022960b3	rem	x1,x18,x2	 x18:0xffc00000  x2:0x7f7edfff  x1=0xffc00000
     441385.000 ns	     44137	80009148	18e27fd3	fdiv.s	f31,f4,f14	  f4:0x7fc00000 f14:0x7fc00000 f31=0x7fc00000
     441415.000 ns	     44140	8000914c	0260b333	mulhu	x6,x1,x6	  x1:0xffc00000  x6:0xffffffff  x6=0xffbfffff
     441435.000 ns	     44142	80009150	00e723b3	slt	x7,x14,x14	 x14:0x00000000 x14:0x00000000  x7=0x00000000
     441445.000 ns	     44143	80009154	00dbbb33	sltu	x22,x23,x13	 x23:0x00000000 x13:0x00000000 x22=0x00000000
     441455.000 ns	     44144	80009158	01c9f8b3	and	x17,x19,x28	 x19:0x00000000 x28:0x00000000 x17=0x00000000
     441475.000 ns	     44146	8000915c	a1bd2cd3	feq.s	x25,f26,f27	 f26:0x7fc00000 f27:0x7fc00000 x25=0x00000000
     441495.000 ns	     44148	80009160	46e6c293	xori	x5,x13,1134	 x13:0x00000000  x5=0x0000046e
     441505.000 ns	     44149	80009164	7f7718b7	lui	x17,0x7f771	 x17=0x7f771000
     441515.000 ns	     44150	80009168	011179b3	and	x19,x2,x17	  x2:0x7f7edfff x17:0x00000000 x19=0x7f761000
     441535.000 ns	     44152	8000916c	e00f8253	fmv.x.w	x4,f31	 f31:0x7fc00000  x4=0x7fc00000
     441565.000 ns	     44155	80009170	213d8d53	fsgnj.s	f26,f27,f19	 f27:0x7fc00000 f19:0xffc00000 f26=0xffc00000
     441585.000 ns	     44157	80009174	40708533	sub	x10,x1,x7	  x1:0xffc00000  x7:0x00000000 x10=0xffc00000
     441615.000 ns	     44160	80009178	58021b53	fsqrt.s	f22,f4	  f4:0x7fc00000 f22=0x7fc00000
     441645.000 ns	     44163	8000917c	02d8d3b3	divu	x7,x17,x13	 x17:0x7f771000 x13:0x00000000  x7=0xffffffff
     441675.000 ns	     44166	80009180	022abcb3	mulhu	x25,x21,x2	 x21:0x54ab7822  x2:0x7f7edfff x25=0x2a2b0713
     441695.000 ns	     44168	80009184	49c239b7	lui	x19,0x49c23	 x19=0x49c23000
     441705.000 ns	     44169	80009188	413e09b3	sub	x19,x28,x19	 x28:0x00000000 x19:0x7f761000 x19=0xb63dd000
     441725.000 ns	     44171	8000918c	28e78bd3	fmin.s	f23,f15,f14	 f15:0x7fc00000 f14:0x7fc00000 f23=0x7fc00000
     441745.000 ns	     44173	80009190	005029b3	slt	x19,x0,x5	  x0:0x00000000  x5:0x0000046e x19=0x00000001
     441775.000 ns	     44176	80009194	1985fcd3	fdiv.s	f25,f11,f24	 f11:0x7fc00000 f24:0x7fc00000 f25=0x7fc00000
     441805.000 ns	     44179	80009198	d00185d3	fcvt.s.w	f11,x3	  x3:0x00000000 f11=0x00000000
     441825.000 ns	     44181	8000919c	884f4c17	auipc	x24,0x884f4	 x24=0x084fd19c
     442185.000 ns	     44217	800091a0	03957a33	remu	x20,x10,x25	 x10:0xffc00000 x25:0x2a2b0713 x20=0x02bdd58e
     442225.000 ns	     44221	800091a4	10c5fc53	fmul.s	f24,f11,f12	 f11:0x00000000 f12:0x000004e1 f24=0x00000000
     442255.000 ns	     44224	800091a8	d015f253	fcvt.s.wu	f4,x11	 x11:0x80040fe4  f4=0x4f00040f
     442275.000 ns	     44226	800091ac	40f0d533	sra	x10,x1,x15	  x1:0xffc00000 x15:0x00000000 x10=0xffc00000
     442295.000 ns	     44228	800091b0	030909b3	mul	x19,x18,x16	 x18:0xffc00000 x16:0x00000000 x19=0x00000000
     442665.000 ns	     44265	800091b4	0356f233	remu	x4,x13,x21	 x13:0x00000000 x21:0x54ab7822  x4=0x00000000
     442695.000 ns	     44268	800091b8	0365b433	mulhu	x8,x11,x22	 x11:0x80040fe4 x22:0x00000000  x8=0x00000000
     442735.000 ns	     44272	800091bc	5803fb53	fsqrt.s	f22,f7	  f7:0x80000000 f22=0x80000000
     442765.000 ns	     44275	800091c0	204395d3	fsgnjn.s	f11,f7,f4	  f7:0x80000000  f4:0x4f00040f f11=0x80000000
     442785.000 ns	     44277	800091c4	b49eb397	auipc	x7,0xb49eb	  x7=0x349f41c4
     442795.000 ns	     44278	800091c8	40c756b3	sra	x13,x14,x12	 x14:0x00000000 x12:0xffffff56 x13=0x00000000
     442805.000 ns	     44279	800091cc	fed84093	xori	x1,x16,-19	 x16:0x00000000  x1=0xffffffed
     442815.000 ns	     44280	800091d0	01cb1633	sll	x12,x22,x28	 x22:0x00000000 x28:0x00000000 x12=0x00000000
     442825.000 ns	     44281	800091d4	00c4e133	or	x2,x9,x12	  x9:0x000004e1 x12:0xffffff56  x2=0x000004e1
     442835.000 ns	     44282	800091d8	01f05c33	srl	x24,x0,x31	  x0:0x00000000 x31:0xffffffff x24=0x00000000
     442855.000 ns	     44284	800091dc	21a6a2d3	fsgnjx.s	f5,f13,f26	 f13:0xffc00000 f26:0xffc00000  f5=0x7fc00000
     442905.000 ns	     44289	800091e0	00a57353	fadd.s	f6,f10,f10	 f10:0x80041024 f10:0x80041024  f6=0x80082048
     442925.000 ns	     44291	800091e4	0093d993	srli	x19,x7,0x9	  x7:0x349f41c4 x19=0x001a4fa0
     442945.000 ns	     44293	800091e8	29ce1d53	fmax.s	f26,f28,f28	 f28:0x4735042e f28:0x4735042e f26=0x4735042e
     442975.000 ns	     44296	800091ec	f00488d3	fmv.w.x	f17,x9	  x9:0x000004e1 f17=0x000004e1
     443005.000 ns	     44299	800091f0	02f69d33	mulh	x26,x13,x15	 x13:0x00000000 x15:0x00000000 x26=0x00000000
     443035.000 ns	     44302	800091f4	210808d3	fsgnj.s	f17,f16,f16	 f16:0x80000000 f16:0x80000000 f17=0x80000000
     443075.000 ns	     44306	800091f8	19f02ed3	fdiv.s	f29,f0,f31	  f0:0x7fc00000 f31:0x7fc00000 f29=0x7fc00000
     443105.000 ns	     44309	800091fc	290a9dd3	fmax.s	f27,f21,f16	 f21:0x4a80040e f16:0x80000000 f27=0x4a80040e
     443135.000 ns	     44312	80009200	03825233	divu	x4,x4,x24	  x4:0x00000000 x24:0x00000000  x4=0xffffffff
     443155.000 ns	     44314	80009204	136a2393	slti	x7,x20,310	 x20:0x02bdd58e  x7=0x00000000
     443165.000 ns	     44315	80009208	40830bb3	sub	x23,x6,x8	  x6:0xffbfffff  x8:0x00000000 x23=0xffbfffff
     443525.000 ns	     44351	8000920c	03f058b3	divu	x17,x0,x31	  x0:0x00000000 x31:0xffffffff x17=0x00000000
     443545.000 ns	     44353	80009210	001e1b33	sll	x22,x28,x1	 x28:0x00000000  x1:0xffffffed x22=0x00000000
     443905.000 ns	     44389	80009214	0249e9b3	rem	x19,x19,x4	 x19:0x001a4fa0  x4:0xffffffff x19=0x00000000
     443925.000 ns	     44391	80009218	01019d13	slli	x26,x3,0x10	  x3:0x00000000 x26=0x00000000
     443945.000 ns	     44393	8000921c	c01116d3	fcvt.wu.s	x13,f2	  f2:0x7fc00000 x13=0xffffffff
     443975.000 ns	     44396	80009220	21a713d3	fsgnjn.s	f7,f14,f26	 f14:0x7fc00000 f26:0x4735042e  f7=0xffc00000
     444005.000 ns	     44399	80009224	212aa2d3	fsgnjx.s	f5,f21,f18	 f21:0x4a80040e f18:0x47350429  f5=0x4a80040e
     444035.000 ns	     44402	80009228	d01a9cd3	fcvt.s.wu	f25,x21	 x21:0x54ab7822 f25=0x4ea956f0
     444055.000 ns	     44404	8000922c	010d5d33	srl	x26,x26,x16	 x26:0x00000000 x16:0x00000000 x26=0x00000000
     444075.000 ns	     44406	80009230	c013f6d3	fcvt.wu.s	x13,f7	  f7:0xffc00000 x13=0xffffffff
     444095.000 ns	     44408	80009234	40370333	sub	x6,x14,x3	 x14:0x00000000  x3:0x00000000  x6=0x00000000
     444135.000 ns	     44412	80009238	0048fed3	fadd.s	f29,f17,f4	 f17:0x80000000  f4:0x4f00040f f29=0x4f00040f
     444155.000 ns	     44414	8000923c	8d954893	xori	x17,x10,-1831	 x10:0xffc00000 x17=0x003ff8d9
     444165.000 ns	     44415	80009240	ba8ac017	auipc	x0,0xba8ac	
     444175.000 ns	     44416	80009244	1addf893	andi	x17,x27,429	 x27:0xffffffff x17=0x000001ad
     444185.000 ns	     44417	80009248	007dd3b3	srl	x7,x27,x7	 x27:0xffffffff  x7:0x00000000  x7=0xffffffff
     444195.000 ns	     44418	8000924c	01a711b3	sll	x3,x14,x26	 x14:0x00000000 x26:0x00000000  x3=0x00000000
     444215.000 ns	     44420	80009250	f00d08d3	fmv.w.x	f17,x26	 x26:0x00000000 f17=0x00000000
     444245.000 ns	     44423	80009254	0234bbb3	mulhu	x23,x9,x3	  x9:0x000004e1  x3:0x00000000 x23=0x00000000
     445425.000 ns	     44541	80009258	580e1ad3	fsqrt.s	f21,f28	 f28:0x4735042e f21=0x42fffeae
     445475.000 ns	     44546	8000925c	0871bf53	fsub.s	f30,f3,f7	  f3:0xffc00000  f7:0xffc00000 f30=0x7fc00000
     445515.000 ns	     44550	80009260	10c23253	fmul.s	f4,f4,f12	  f4:0x4f00040f f12:0x000004e1  f4=0x099c24f4
     445545.000 ns	     44553	80009264	e0039453	fclass.s	x8,f7	  f7:0xffc00000  x8=0x00000200
     445915.000 ns	     44590	80009268	031be833	rem	x16,x23,x17	 x23:0x00000000 x17:0x000001ad x16=0x00000000
     445935.000 ns	     44592	8000926c	01db5733	srl	x14,x22,x29	 x22:0x00000000 x29:0x80040fe5 x14=0x00000000
     445945.000 ns	     44593	80009270	01b29193	slli	x3,x5,0x1b	  x5:0x0000046e  x3=0x70000000
     445955.000 ns	     44594	80009274	f9366917	auipc	x18,0xf9366	 x18=0x7936f274
     445975.000 ns	     44596	80009278	29168153	fmin.s	f2,f13,f17	 f13:0xffc00000 f17:0x00000000  f2=0x00000000
     445995.000 ns	     44598	8000927c	01a9c733	xor	x14,x19,x26	 x19:0x00000000 x26:0x00000000 x14=0x00000000
     446005.000 ns	     44599	80009280	00995b93	srli	x23,x18,0x9	 x18:0x7936f274 x23=0x003c9b79
     446015.000 ns	     44600	80009284	a97fa317	auipc	x6,0xa97fa	  x6=0x29803284
     446045.000 ns	     44603	80009288	10539953	fmul.s	f18,f7,f5	  f7:0xffc00000  f5:0x4a80040e f18=0x7fc00000
     446065.000 ns	     44605	8000928c	0101bb33	sltu	x22,x3,x16	  x3:0x70000000 x16:0x00000000 x22=0x00000000
     446085.000 ns	     44607	80009290	e00603d3	fmv.x.w	x7,f12	 f12:0x000004e1  x7=0x000004e1
     446115.000 ns	     44610	80009294	033a62b3	rem	x5,x20,x19	 x20:0x02bdd58e x19:0x00000000  x5=0x02bdd58e
     446135.000 ns	     44612	80009298	00947db3	and	x27,x8,x9	  x8:0x00000200  x9:0x000004e1 x27=0x00000000
     446145.000 ns	     44613	8000929c	41f2d233	sra	x4,x5,x31	  x5:0x02bdd58e x31:0xffffffff  x4=0x00000000
     446165.000 ns	     44615	800092a0	03bae0b3	rem	x1,x21,x27	 x21:0x54ab7822 x27:0xffffffff  x1=0x54ab7822
     446195.000 ns	     44618	800092a4	a1060553	fle.s	x10,f12,f16	 f12:0x000004e1 f16:0x80000000 x10=0x00000000
     446215.000 ns	     44620	800092a8	0034bd33	sltu	x26,x9,x3	  x9:0x000004e1  x3:0x70000000 x26=0x00000001
     446225.000 ns	     44621	800092ac	71be3113	sltiu	x2,x28,1819	 x28:0x00000000  x2=0x00000001
     446245.000 ns	     44623	800092b0	d000f4d3	fcvt.s.w	f9,x1	  x1:0x54ab7822  f9=0x4ea956f0
     446265.000 ns	     44625	800092b4	1d1e8e13	addi	x28,x29,465	 x29:0x80040fe5 x28=0x800411b6
     446275.000 ns	     44626	800092b8	01c6a633	slt	x12,x13,x28	 x13:0xffffffff x28:0x00000000 x12=0x00000000
     446285.000 ns	     44627	800092bc	8461a893	slti	x17,x3,-1978	  x3:0x70000000 x17=0x00000000
     446305.000 ns	     44629	800092c0	0304a4b3	mulhsu	x9,x9,x16	  x9:0x000004e1 x16:0x00000000  x9=0x00000000
     446335.000 ns	     44632	800092c4	03e93733	mulhu	x14,x18,x30	 x18:0x7936f274 x30:0x80041024 x14=0x3c9d65ba
     446355.000 ns	     44634	800092c8	40f98eb3	sub	x29,x19,x15	 x19:0x00000000 x15:0x00000000 x29=0x00000000
     446715.000 ns	     44670	800092cc	037366b3	rem	x13,x6,x23	  x6:0x29803284 x23:0x003c9b79 x13=0x0011eacd
     446745.000 ns	     44673	800092d0	0234adb3	mulhsu	x27,x9,x3	  x9:0x00000000  x3:0x70000000 x27=0x00000000
     446765.000 ns	     44675	800092d4	017c3233	sltu	x4,x24,x23	 x24:0x00000000 x23:0x003c9b79  x4=0x00000001
     446775.000 ns	     44676	800092d8	a2887013	andi	x0,x16,-1496	 x16:0x00000000
     446795.000 ns	     44678	800092dc	029a97b3	mulh	x15,x21,x9	 x21:0x54ab7822  x9:0x00000000 x15=0x00000000
     446815.000 ns	     44680	800092e0	bf9cb713	sltiu	x14,x25,-1031	 x25:0x2a2b0713 x14=0x00000001
     446825.000 ns	     44681	800092e4	40aed9b3	sra	x19,x29,x10	 x29:0x00000000 x10:0x00000000 x19=0x00000000
     446845.000 ns	     44683	800092e8	03e71133	mulh	x2,x14,x30	 x14:0x3c9d65ba x30:0x80041024  x2=0xffffffff
     446865.000 ns	     44685	800092ec	0144dc33	srl	x24,x9,x20	  x9:0x00000000 x20:0x02bdd58e x24=0x00000000
     446895.000 ns	     44688	800092f0	104d06d3	fmul.s	f13,f26,f4	 f26:0x4735042e  f4:0x099c24f4 f13=0x115cd15a
     446925.000 ns	     44691	800092f4	28301953	fmax.s	f18,f0,f3	  f0:0x7fc00000  f3:0xffc00000 f18=0x7fc00000
     446945.000 ns	     44693	800092f8	015cd433	srl	x8,x25,x21	 x25:0x2a2b0713 x21:0x54ab7822  x8=0x0a8ac1c4
     446955.000 ns	     44694	800092fc	0048b4b3	sltu	x9,x17,x4	 x17:0x00000000  x4:0x00000001  x9=0x00000001
     446975.000 ns	     44696	80009300	2142a953	fsgnjx.s	f18,f5,f20	  f5:0x4a80040e f20:0x7fc00000 f18=0x4a80040e
     446995.000 ns	     44698	80009304	57408913	addi	x18,x1,1396	  x1:0x54ab7822 x18=0x54ab7d96
     447325.000 ns	     44731	80009308	18aaf053	fdiv.s	f0,f21,f10	 f21:0x42fffeae f10:0x80041024  f0=0xff800000
     447355.000 ns	     44734	8000930c	030e57b3	divu	x15,x28,x16	 x28:0x800411b6 x16:0x00000000 x15=0xffffffff
     447385.000 ns	     44737	80009310	02cd39b3	mulhu	x19,x26,x12	 x26:0x00000001 x12:0x00000000 x19=0x00000000
     447405.000 ns	     44739	80009314	0121db13	srli	x22,x3,0x12	  x3:0x70000000 x22=0x00001c00
     447425.000 ns	     44741	80009318	c015f453	fcvt.wu.s	x8,f11	 f11:0x80000000  x8=0x00000000
     447445.000 ns	     44743	8000931c	403780b3	sub	x1,x15,x3	 x15:0xffffffff  x3:0x70000000  x1=0x8fffffff
     447465.000 ns	     44745	80009320	a11e89d3	fle.s	x19,f29,f17	 f29:0x4f00040f f17:0x00000000 x19=0x00000000
     447835.000 ns	     44782	80009324	027d78b3	remu	x17,x26,x7	 x26:0x00000001  x7:0x000004e1 x17=0x00000001
     447855.000 ns	     44784	80009328	0074c7b3	xor	x15,x9,x7	  x9:0x00000001  x7:0x000004e1 x15=0x000004e0
     447865.000 ns	     44785	8000932c	a15bc3b7	lui	x7,0xa15bc	  x7=0xa15bc000
     447885.000 ns	     44787	80009330	d00c7bd3	fcvt.s.w	f23,x24	 x24:0x00000000 f23=0x00000000
     447915.000 ns	     44790	80009334	e0000fd3	fmv.x.w	x31,f0	  f0:0xff800000 x31=0xff800000
     447935.000 ns	     44792	80009338	00ac1793	slli	x15,x24,0xa	 x24:0x00000000 x15=0x00000000
     447945.000 ns	     44793	8000933c	09df8c93	addi	x25,x31,157	 x31:0xff800000 x25=0xff80009d
     447955.000 ns	     44794	80009340	014bd433	srl	x8,x23,x20	 x23:0x003c9b79 x20:0x02bdd58e  x8=0x000000f2
     447965.000 ns	     44795	80009344	00dcd113	srli	x2,x25,0xd	 x25:0x2a2b0713  x2=0x0007fc00
     447985.000 ns	     44797	80009348	a13189d3	fle.s	x19,f3,f19	  f3:0xffc00000 f19:0xffc00000 x19=0x00000000
     448015.000 ns	     44800	8000934c	a04baa53	feq.s	x20,f23,f4	 f23:0x00000000  f4:0x099c24f4 x20=0x00000000
     448045.000 ns	     44803	80009350	e0061853	fclass.s	x16,f12	 f12:0x000004e1 x16=0x00000020
     448065.000 ns	     44805	80009354	4113ddb3	sra	x27,x7,x17	  x7:0xa15bc000 x17:0x00000001 x27=0xd0ade000
     448075.000 ns	     44806	80009358	bb36a137	lui	x2,0xbb36a	  x2=0xbb36a000
     448085.000 ns	     44807	8000935c	00245493	srli	x9,x8,0x2	  x8:0x000000f2  x9=0x0000003c
     448095.000 ns	     44808	80009360	412b5893	srai	x17,x22,0x12	 x22:0x00001c00 x17=0x00000000
     448105.000 ns	     44809	80009364	41d55c33	sra	x24,x10,x29	 x10:0x00000000 x29:0x00000000 x24=0x00000000
     448115.000 ns	     44810	80009368	f176e413	ori	x8,x13,-233	 x13:0x0011eacd  x8=0xffffffdf
     448135.000 ns	     44812	8000936c	02ab1133	mulh	x2,x22,x10	 x22:0x00001c00 x10:0x00000000  x2=0x00000000
     448155.000 ns	     44814	80009370	00dabe33	sltu	x28,x21,x13	 x21:0x54ab7822 x13:0x0011eacd x28=0x00000000
     448175.000 ns	     44816	80009374	d0080bd3	fcvt.s.w	f23,x16	 x16:0x00000020 f23=0x42000000
     448195.000 ns	     44818	80009378	da624293	xori	x5,x4,-602	  x4:0x00000001  x5=0xfffffda7
     448235.000 ns	     44822	8000937c	09a6fb53	fsub.s	f22,f13,f26	 f13:0x115cd15a f26:0x4735042e f22=0xc735042e
     448255.000 ns	     44824	80009380	40c15633	sra	x12,x2,x12	  x2:0x00000000 x12:0x00000000 x12=0x00000000
     448265.000 ns	     44825	80009384	c13a0897	auipc	x17,0xc13a0	 x17=0x413a9384
     448285.000 ns	     44827	80009388	d0143f53	fcvt.s.wu	f30,x8	  x8:0xffffffdf f30=0x4f800000
     448305.000 ns	     44829	8000938c	00000013	addi	x0,x0,0	  x0:0x00000000
     448325.000 ns	     44831	80009390	a19da3d3	feq.s	x7,f27,f25	 f27:0x4a80040e f25:0x4ea956f0  x7=0x00000000
     448355.000 ns	     44834	80009394	c0151953	fcvt.wu.s	x18,f10	 f10:0x80041024 x18=0x00000000
     448375.000 ns	     44836	80009398	017654b3	srl	x9,x12,x23	 x12:0x00000000 x23:0x003c9b79  x9=0x00000000
     448385.000 ns	     44837	8000939c	004bddb3	srl	x27,x23,x4	 x23:0x003c9b79  x4:0x00000001 x27=0x001e4dbc
     448405.000 ns	     44839	800093a0	29159bd3	fmax.s	f23,f11,f17	 f11:0x80000000 f17:0x00000000 f23=0x00000000
     448435.000 ns	     44842	800093a4	02fff533	remu	x10,x31,x15	 x31:0xff800000 x15:0x00000000 x10=0xff800000
     448455.000 ns	     44844	800093a8	0109d293	srli	x5,x19,0x10	 x19:0x00000000  x5=0x00000000
     448465.000 ns	     44845	800093ac	de03f293	andi	x5,x7,-544	  x7:0x00000000  x5=0x00000000
     448485.000 ns	     44847	800093b0	a1601253	flt.s	x4,f0,f22	  f0:0xff800000 f22:0xc735042e  x4=0x00000001
     448515.000 ns	     44850	800093b4	c00d7fd3	fcvt.w.s	x31,f26	 f26:0x4735042e x31=0x0000b504
     448535.000 ns	     44852	800093b8	01216033	or	x0,x2,x18	  x2:0x00000000 x18:0x00000000
     448545.000 ns	     44853	800093bc	89b2c837	lui	x16,0x89b2c	 x16=0x89b2c000
     448555.000 ns	     44854	800093c0	0110e133	or	x2,x1,x17	  x1:0x8fffffff x17:0x413a9384  x2=0xcfffffff
     448575.000 ns	     44856	800093c4	a0b28253	fle.s	x4,f5,f11	  f5:0x4a80040e f11:0x80000000  x4=0x00000000
     448605.000 ns	     44859	800093c8	287415d3	fmax.s	f11,f8,f7	  f8:0x7fc00000  f7:0xffc00000 f11=0x7fc00000
     448975.000 ns	     44896	800093cc	02ec4d33	div	x26,x24,x14	 x24:0x00000000 x14:0x00000001 x26=0x00000000
     449005.000 ns	     44899	800093d0	02543eb3	mulhu	x29,x8,x5	  x8:0xffffffdf  x5:0x00000000 x29=0x00000000
     449035.000 ns	     44902	800093d4	e00590d3	fclass.s	x1,f11	 f11:0x7fc00000  x1=0x00000200
     449055.000 ns	     44904	800093d8	2ee9e893	ori	x17,x19,750	 x19:0x00000000 x17=0x000002ee
     449075.000 ns	     44906	800093dc	e0050cd3	fmv.x.w	x25,f10	 f10:0x80041024 x25=0x80041024
     449105.000 ns	     44909	800093e0	a1cd0d53	fle.s	x26,f26,f28	 f26:0x4735042e f28:0x4735042e x26=0x00000001
     449135.000 ns	     44912	800093e4	290482d3	fmin.s	f5,f9,f16	  f9:0x4ea956f0 f16:0x80000000  f5=0x80000000
     449165.000 ns	     44915	800093e8	034d70b3	remu	x1,x26,x20	 x26:0x00000001 x20:0x00000000  x1=0x00000001
     449185.000 ns	     44917	800093ec	017be733	or	x14,x23,x23	 x23:0x003c9b79 x23:0x003c9b79 x14=0x003c9b79
     449205.000 ns	     44919	800093f0	02494db3	div	x27,x18,x4	 x18:0x00000000  x4:0x00000000 x27=0xffffffff
     449225.000 ns	     44921	800093f4	409a5813	srai	x16,x20,0x9	 x20:0x00000000 x16=0x00000000
     449245.000 ns	     44923	800093f8	28640cd3	fmin.s	f25,f8,f6	  f8:0x7fc00000  f6:0x80082048 f25=0x80082048
     449275.000 ns	     44926	800093fc	020fa933	mulhsu	x18,x31,x0	 x31:0x0000b504  x0:0x00000000 x18=0x00000000
     449295.000 ns	     44928	80009400	002bd793	srli	x15,x23,0x2	 x23:0x003c9b79 x15=0x000f26de
     449305.000 ns	     44929	80009404	00000013	addi	x0,x0,0	  x0:0x00000000
     449315.000 ns	     44930	80009408	db7e4493	xori	x9,x28,-585	 x28:0x00000000  x9=0xfffffdb7
     449335.000 ns	     44932	8000940c	03f3b2b3	mulhu	x5,x7,x31	  x7:0x00000000 x31:0x0000b504  x5=0x00000000
     449355.000 ns	     44934	80009410	2f3d8493	addi	x9,x27,755	 x27:0xffffffff  x9=0x000002f2
     449375.000 ns	     44936	80009414	217d98d3	fsgnjn.s	f17,f27,f23	 f27:0x4a80040e f23:0x00000000 f17=0xca80040e
     449405.000 ns	     44939	80009418	f0098b53	fmv.w.x	f22,x19	 x19:0x00000000 f22=0x00000000
     449435.000 ns	     44942	8000941c	29e08953	fmin.s	f18,f1,f30	  f1:0xffc00000 f30:0x4f800000 f18=0x4f800000
     449485.000 ns	     44947	80009420	09484e53	fsub.s	f28,f16,f20	 f16:0x80000000 f20:0x7fc00000 f28=0x7fc00000
     449505.000 ns	     44949	80009424	00a70c33	add	x24,x14,x10	 x14:0x003c9b79 x10:0xff800000 x24=0xffbc9b79
     449525.000 ns	     44951	80009428	a123a7d3	feq.s	x15,f7,f18	  f7:0xffc00000 f18:0x4f800000 x15=0x00000000
     449565.000 ns	     44955	8000942c	1025f453	fmul.s	f8,f11,f2	 f11:0x7fc00000  f2:0x00000000  f8=0x7fc00000
     449585.000 ns	     44957	80009430	41365993	srai	x19,x12,0x13	 x12:0x00000000 x19=0x00000000
     449595.000 ns	     44958	80009434	0019d9b3	srl	x19,x19,x1	 x19:0x00000000  x1:0x00000001 x19=0x00000000
     449615.000 ns	     44960	80009438	f00a01d3	fmv.w.x	f3,x20	 x20:0x00000000  f3=0x00000000
     449645.000 ns	     44963	8000943c	c00ab6d3	fcvt.w.s	x13,f21	 f21:0x42fffeae x13=0x00000080
     449665.000 ns	     44965	80009440	0124d7b3	srl	x15,x9,x18	  x9:0x000002f2 x18:0x00000000 x15=0x000002f2
     449685.000 ns	     44967	80009444	a1de87d3	fle.s	x15,f29,f29	 f29:0x4f00040f f29:0x4f00040f x15=0x00000001
     449715.000 ns	     44970	80009448	024f30b3	mulhu	x1,x30,x4	 x30:0x80041024  x4:0x00000000  x1=0x00000000
     449745.000 ns	     44973	8000944c	c00b84d3	fcvt.w.s	x9,f23	 f23:0x00000000  x9=0x00000000
     449785.000 ns	     44977	80009450	10d0a6d3	fmul.s	f13,f1,f13	  f1:0xffc00000 f13:0x115cd15a f13=0x7fc00000
     449805.000 ns	     44979	80009454	0090beb3	sltu	x29,x1,x9	  x1:0x00000000  x9:0x00000000 x29=0x00000000
     449825.000 ns	     44981	80009458	e0008553	fmv.x.w	x10,f1	  f1:0xffc00000 x10=0xffc00000
     449845.000 ns	     44983	8000945c	01d82bb3	slt	x23,x16,x29	 x16:0x00000000 x29:0x00000000 x23=0x00000000
     449865.000 ns	     44985	80009460	c010cb53	fcvt.wu.s	x22,f1	  f1:0xffc00000 x22=0xffffffff
     449885.000 ns	     44987	80009464	c0eda493	slti	x9,x27,-1010	 x27:0xffffffff  x9=0x00000000
     449925.000 ns	     44991	80009468	08c779d3	fsub.s	f19,f14,f12	 f14:0x7fc00000 f12:0x000004e1 f19=0x7fc00000
     449965.000 ns	     44995	8000946c	1819f1d3	fdiv.s	f3,f19,f1	 f19:0xffc00000  f1:0xffc00000  f3=0x7fc00000
     449985.000 ns	     44997	80009470	015156b3	srl	x13,x2,x21	  x2:0xcfffffff x21:0x54ab7822 x13=0x33ffffff
     450005.000 ns	     44999	80009474	c013f4d3	fcvt.wu.s	x9,f7	  f7:0xffc00000  x9=0xffffffff
     450025.000 ns	     45001	80009478	00ea8a33	add	x20,x21,x14	 x21:0x54ab7822 x14:0x003c9b79 x20=0x54e8139b
     450035.000 ns	     45002	8000947c	00464133	xor	x2,x12,x4	 x12:0x00000000  x4:0x00000000  x2=0x00000000
     450055.000 ns	     45004	80009480	d00c79d3	fcvt.s.w	f19,x24	 x24:0xffbc9b79 f19=0xca86c90e
     450085.000 ns	     45007	80009484	a1301453	flt.s	x8,f0,f19	  f0:0xff800000 f19:0x7fc00000  x8=0x00000001
     450125.000 ns	     45011	80009488	5807c8d3	fsqrt.s	f17,f15	 f15:0x7fc00000 f17=0x7fc00000
     450495.000 ns	     45048	8000948c	03a9cbb3	div	x23,x19,x26	 x19:0x00000000 x26:0x00000001 x23=0x00000000
     450525.000 ns	     45051	80009490	032722b3	mulhsu	x5,x14,x18	 x14:0x003c9b79 x18:0x00000000  x5=0x00000000
     450545.000 ns	     45053	80009494	c9176013	ori	x0,x14,-879	 x14:0x003c9b79
     450555.000 ns	     45054	80009498	13d78293	addi	x5,x15,317	 x15:0x00000001  x5=0x0000013e
     450565.000 ns	     45055	8000949c	ed394393	xori	x7,x18,-301	 x18:0x00000000  x7=0xfffffed3
     450575.000 ns	     45056	800094a0	004a58b3	srl	x17,x20,x4	 x20:0x54e8139b  x4:0x00000000 x17=0x54e8139b
     450605.000 ns	     45059	800094a4	10d8f7d3	fmul.s	f15,f17,f13	 f17:0x7fc00000 f13:0x7fc00000 f15=0x7fc00000
     450635.000 ns	     45062	800094a8	a0b912d3	flt.s	x5,f18,f11	 f18:0x4f800000 f11:0x7fc00000  x5=0x00000000
     450665.000 ns	     45065	800094ac	293c0c53	fmin.s	f24,f24,f19	 f24:0x00000000 f19:0xca86c90e f24=0xca86c90e
     450685.000 ns	     45067	800094b0	fa79b613	sltiu	x12,x19,-89	 x19:0x00000000 x12=0x00000001
     450695.000 ns	     45068	800094b4	41435513	srai	x10,x6,0x14	  x6:0x29803284 x10=0x00000298
     450705.000 ns	     45069	800094b8	41880eb3	sub	x29,x16,x24	 x16:0x00000000 x24:0xffbc9b79 x29=0x00436487
     450725.000 ns	     45071	800094bc	032ec133	div	x2,x29,x18	 x29:0x00000000 x18:0x00000000  x2=0xffffffff
     450745.000 ns	     45073	800094c0	addcce93	xori	x29,x25,-1315	 x25:0x80041024 x29=0x7ffbeaf9
     450775.000 ns	     45076	800094c4	18bdfbd3	fdiv.s	f23,f27,f11	 f27:0x4a80040e f11:0x7fc00000 f23=0x7fc00000
     450805.000 ns	     45079	800094c8	03051cb3	mulh	x25,x10,x16	 x10:0x00000298 x16:0x00000000 x25=0x00000000
     450825.000 ns	     45081	800094cc	b0457613	andi	x12,x10,-1276	 x10:0x00000298 x12=0x00000200
     450865.000 ns	     45085	800094d0	08a6add3	fsub.s	f27,f13,f10	 f13:0x7fc00000 f10:0x80041024 f27=0x7fc00000
     450885.000 ns	     45087	800094d4	402251b3	sra	x3,x4,x2	  x4:0x00000000  x2:0xffffffff  x3=0x00000000
     450895.000 ns	     45088	800094d8	0eddf993	andi	x19,x27,237	 x27:0xffffffff x19=0x000000ed
     450905.000 ns	     45089	800094dc	3ac8eb93	ori	x23,x17,940	 x17:0x54e8139b x23=0x54e813bf
     450915.000 ns	     45090	800094e0	e929e717	auipc	x14,0xe929e	 x14=0x692a74e0
     450925.000 ns	     45091	800094e4	013c9db3	sll	x27,x25,x19	 x25:0x00000000 x19:0x000000ed x27=0x00000000
     450955.000 ns	     45094	800094e8	58057fd3	fsqrt.s	f31,f10	 f10:0x80041024 f31=0x7fc00000
     450985.000 ns	     45097	800094ec	03fe2333	mulhsu	x6,x28,x31	 x28:0x00000000 x31:0x0000b504  x6=0x00000000
     451005.000 ns	     45099	800094f0	019113b3	sll	x7,x2,x25	  x2:0xffffffff x25:0x00000000  x7=0xffffffff
     452095.000 ns	     45208	800094f4	580ac0d3	fsqrt.s	f1,f21	 f21:0x42fffeae  f1=0x41350434
     452125.000 ns	     45211	800094f8	03d52b33	mulhsu	x22,x10,x29	 x10:0x00000298 x29:0x7ffbeaf9 x22=0x0000014b
     452145.000 ns	     45213	800094fc	a8cb8413	addi	x8,x23,-1396	 x23:0x54e813bf  x8=0x54e80e4b
     452175.000 ns	     45216	80009500	5809f453	fsqrt.s	f8,f19	 f19:0xca86c90e  f8=0x7fc00000
     452195.000 ns	     45218	80009504	41f086b3	sub	x13,x1,x31	  x1:0x00000000 x31:0x0000b504 x13=0xffff4afc
     452555.000 ns	     45254	80009508	034bddb3	divu	x27,x23,x20	 x23:0x54e813bf x20:0x54e8139b x27=0x00000001
     452575.000 ns	     45256	8000950c	cf9624b7	lui	x9,0xcf962	  x9=0xcf962000
     452595.000 ns	     45258	80009510	204eaf53	fsgnjx.s	f30,f29,f4	 f29:0x4f00040f  f4:0x099c24f4 f30=0x4f00040f
     452625.000 ns	     45261	80009514	02cb32b3	mulhu	x5,x22,x12	 x22:0x0000014b x12:0x00000200  x5=0x00000000
     452645.000 ns	     45263	80009518	08790613	addi	x12,x18,135	 x18:0x00000000 x12=0x00000087
     452655.000 ns	     45264	8000951c	00310eb3	add	x29,x2,x3	  x2:0xffffffff  x3:0x00000000 x29=0xffffffff
     452685.000 ns	     45267	80009520	580a2153	fsqrt.s	f2,f20	 f20:0x7fc00000  f2=0x7fc00000
     452715.000 ns	     45270	80009524	03f3b1b3	mulhu	x3,x7,x31	  x7:0xffffffff x31:0x0000b504  x3=0x0000b503
     452745.000 ns	     45273	80009528	28570dd3	fmin.s	f27,f14,f5	 f14:0x7fc00000  f5:0x80000000 f27=0x80000000
     452775.000 ns	     45276	8000952c	c0137853	fcvt.wu.s	x16,f6	  f6:0x80082048 x16=0x00000000
     452795.000 ns	     45278	80009530	01b3d693	srli	x13,x7,0x1b	  x7:0xffffffff x13=0x0000001f
     453155.000 ns	     45314	80009534	02f5eb33	rem	x22,x11,x15	 x11:0x80040fe4 x15:0x00000001 x22=0x00000000
     453195.000 ns	     45318	80009538	11537cd3	fmul.s	f25,f6,f21	  f6:0x80082048 f21:0x42fffeae f25=0x820203d4
     453225.000 ns	     45321	8000953c	f0058553	fmv.w.x	f10,x11	 x11:0x80040fe4 f10=0x80040fe4
     453245.000 ns	     45323	80009540	00b2fbb3	and	x23,x5,x11	  x5:0x00000000 x11:0x80040fe4 x23=0x00000000
     453265.000 ns	     45325	80009544	a1881b53	flt.s	x22,f16,f24	 f16:0x80000000 f24:0xca86c90e x22=0x00000000
     453285.000 ns	     45327	80009548	00841d13	slli	x26,x8,0x8	  x8:0x54e80e4b x26=0xe80e4b00
     453305.000 ns	     45329	8000954c	21e515d3	fsgnjn.s	f11,f10,f30	 f10:0x80040fe4 f30:0x4f00040f f11=0x80040fe4
     453335.000 ns	     45332	80009550	a1a68bd3	fle.s	x23,f13,f26	 f13:0x7fc00000 f26:0x4735042e x23=0x00000000
     453365.000 ns	     45335	80009554	20290753	fsgnj.s	f14,f18,f2	 f18:0x4f800000  f2:0x7fc00000 f14=0x4f800000
     453385.000 ns	     45337	80009558	01e95493	srli	x9,x18,0x1e	 x18:0x00000000  x9=0x00000000
     453395.000 ns	     45338	8000955c	00000013	addi	x0,x0,0	  x0:0x00000000
     453405.000 ns	     45339	80009560	3ab6ac13	slti	x24,x13,939	 x13:0x0000001f x24=0x00000001
     453415.000 ns	     45340	80009564	8e4d51b7	lui	x3,0x8e4d5	  x3=0x8e4d5000
     453445.000 ns	     45343	80009568	18740053	fdiv.s	f0,f8,f7	  f8:0x7fc00000  f7:0xffc00000  f0=0x7fc00000
     453475.000 ns	     45346	8000956c	c01031d3	fcvt.wu.s	x3,f0	  f0:0xff800000  x3=0xffffffff
     453505.000 ns	     45349	80009570	c0024e53	fcvt.w.s	x28,f4	  f4:0x099c24f4 x28=0x00000000
     453875.000 ns	     45386	80009574	02aa6033	rem	x0,x20,x10	 x20:0x54e8139b x10:0x00000298
     454245.000 ns	     45423	80009578	0330ec33	rem	x24,x1,x19	  x1:0x00000000 x19:0x000000ed x24=0x00000000
     454265.000 ns	     45425	8000957c	41250b33	sub	x22,x10,x18	 x10:0x00000298 x18:0x00000000 x22=0x00000298
     454275.000 ns	     45426	80009580	5b5e3d97	auipc	x27,0x5b5e3	 x27=0xdb5ec580
     454295.000 ns	     45428	80009584	20650ed3	fsgnj.s	f29,f10,f6	 f10:0x80040fe4  f6:0x80082048 f29=0x80040fe4
     454315.000 ns	     45430	80009588	ed23ed93	ori	x27,x7,-302	  x7:0xffffffff x27=0xffffffff
     454335.000 ns	     45432	8000958c	f0068853	fmv.w.x	f16,x13	 x13:0x0000001f f16=0x0000001f
     454385.000 ns	     45437	80009590	090e81d3	fsub.s	f3,f29,f16	 f29:0x80040fe4 f16:0x80000000  f3=0x80041003
     454405.000 ns	     45439	80009594	01155c93	srli	x25,x10,0x11	 x10:0x00000298 x25=0x00000000
     454425.000 ns	     45441	80009598	02c1bd33	mulhu	x26,x3,x12	  x3:0xffffffff x12:0x00000087 x26=0x00000086
     454455.000 ns	     45444	8000959c	a02712d3	flt.s	x5,f14,f2	 f14:0x4f800000  f2:0x7fc00000  x5=0x00000000
     454485.000 ns	     45447	800095a0	a18407d3	fle.s	x15,f8,f24	  f8:0x7fc00000 f24:0xca86c90e x15=0x00000000
     454515.000 ns	     45450	800095a4	032914b3	mulh	x9,x18,x18	 x18:0x00000000 x18:0x00000000  x9=0x00000000
     454535.000 ns	     45452	800095a8	409681b3	sub	x3,x13,x9	 x13:0x0000001f  x9:0x00000000  x3=0x0000001f
     454545.000 ns	     45453	800095ac	fd180013	addi	x0,x16,-47	 x16:0x00000000
     454555.000 ns	     45454	800095b0	b24de393	ori	x7,x27,-1244	 x27:0xffffffff  x7=0xffffffff
     454575.000 ns	     45456	800095b4	032d4a33	div	x20,x26,x18	 x26:0x00000086 x18:0x00000000 x20=0xffffffff
     454615.000 ns	     45460	800095b8	103b7f53	fmul.s	f30,f22,f3	 f22:0x00000000  f3:0x80041003 f30=0x80000000
     454655.000 ns	     45464	800095bc	10ca43d3	fmul.s	f7,f20,f12	 f20:0x7fc00000 f12:0x000004e1  f7=0x7fc00000
     455025.000 ns	     45501	800095c0	035f5eb3	divu	x29,x30,x21	 x30:0x80041024 x21:0x54ab7822 x29=0x00000001
     455055.000 ns	     45504	800095c4	03782433	mulhsu	x8,x16,x23	 x16:0x00000000 x23:0x00000000  x8=0x00000000
     455075.000 ns	     45506	800095c8	a1984d13	xori	x26,x16,-1511	 x16:0x00000000 x26=0xfffffa19
     455435.000 ns	     45542	800095cc	0316c9b3	div	x19,x13,x17	 x13:0x0000001f x17:0x54e8139b x19=0x00000000
     455455.000 ns	     45544	800095d0	9c11f913	andi	x18,x3,-1599	  x3:0x0000001f x18=0x00000001
     455465.000 ns	     45545	800095d4	00b14bb3	xor	x23,x2,x11	  x2:0xffffffff x11:0x80040fe4 x23=0x7ffbf01b
     455485.000 ns	     45547	800095d8	02503833	mulhu	x16,x0,x5	  x0:0x00000000  x5:0x00000000 x16=0x00000000
     455505.000 ns	     45549	800095dc	0090d0b3	srl	x1,x1,x9	  x1:0x00000000  x9:0x00000000  x1=0x00000000
     455525.000 ns	     45551	800095e0	d00bf4d3	fcvt.s.w	f9,x23	 x23:0x7ffbf01b  f9=0x4efff7e0
     455555.000 ns	     45554	800095e4	a18d0c53	fle.s	x24,f26,f24	 f26:0x4735042e f24:0xca86c90e x24=0x00000000
     455585.000 ns	     45557	800095e8	d00e39d3	fcvt.s.w	f19,x28	 x28:0x00000000 f19=0x00000000
     455635.000 ns	     45562	800095ec	001ccf53	fadd.s	f30,f25,f1	 f25:0x820203d4  f1:0x41350434 f30=0x41350434
     455655.000 ns	     45564	800095f0	417b0d33	sub	x26,x22,x23	 x22:0x00000298 x23:0x7ffbf01b x26=0x8004127d
     455665.000 ns	     45565	800095f4	007a9eb3	sll	x29,x21,x7	 x21:0x54ab7822  x7:0xffffffff x29=0x00000000
     455685.000 ns	     45567	800095f8	02de26b3	mulhsu	x13,x28,x13	 x28:0x00000000 x13:0x0000001f x13=0x00000000
     455705.000 ns	     45569	800095fc	01c3cbb3	xor	x23,x7,x28	  x7:0xffffffff x28:0x00000000 x23=0xffffffff
     455725.000 ns	     45571	80009600	0299fdb3	remu	x27,x19,x9	 x19:0x00000000  x9:0x00000000 x27=0x00000000
     455745.000 ns	     45573	80009604	4cece613	ori	x12,x25,1230	 x25:0x00000000 x12=0x000004ce
     455755.000 ns	     45574	80009608	a4207493	andi	x9,x0,-1470	  x0:0x00000000  x9=0x00000000
     455775.000 ns	     45576	8000960c	d0147153	fcvt.s.wu	f2,x8	  x8:0x00000000  f2=0x00000000
     455795.000 ns	     45578	80009610	40690833	sub	x16,x18,x6	 x18:0x00000001  x6:0x00000000 x16=0x00000001
     455815.000 ns	     45580	80009614	29939dd3	fmax.s	f27,f7,f25	  f7:0x7fc00000 f25:0x820203d4 f27=0x820203d4
     455845.000 ns	     45583	80009618	289592d3	fmax.s	f5,f11,f9	 f11:0x80040fe4  f9:0x4efff7e0  f5=0x4efff7e0
     456215.000 ns	     45620	8000961c	037ce733	rem	x14,x25,x23	 x25:0x00000000 x23:0xffffffff x14=0x00000000
     456245.000 ns	     45623	80009620	28eb18d3	fmax.s	f17,f22,f14	 f22:0x00000000 f14:0x4f800000 f17=0x4f800000
     456275.000 ns	     45626	80009624	299205d3	fmin.s	f11,f4,f25	  f4:0x099c24f4 f25:0x820203d4 f11=0x820203d4
     456295.000 ns	     45628	80009628	00870b33	add	x22,x14,x8	 x14:0x00000000  x8:0x00000000 x22=0x00000000
     456305.000 ns	     45629	8000962c	0140d413	srli	x8,x1,0x14	  x1:0x00000000  x8=0x00000000
     456325.000 ns	     45631	80009630	287e9353	fmax.s	f6,f29,f7	 f29:0x80040fe4  f7:0x7fc00000  f6=0x80040fe4
     456345.000 ns	     45633	80009634	017d5093	srli	x1,x26,0x17	 x26:0x8004127d  x1=0x00000100
     456375.000 ns	     45636	80009638	10364453	fmul.s	f8,f12,f3	 f12:0x000004e1  f3:0x80041003  f8=0x80000000
     456405.000 ns	     45639	8000963c	032a9033	mulh	x0,x21,x18	 x21:0x54ab7822 x18:0x00000001
     456435.000 ns	     45642	80009640	f0050bd3	fmv.w.x	f23,x10	 x10:0x00000298 f23=0x00000298
     456455.000 ns	     45644	80009644	016b4033	xor	x0,x22,x22	 x22:0x00000000 x22:0x00000000
     456475.000 ns	     45646	80009648	d01e7253	fcvt.s.wu	f4,x28	 x28:0x00000000  f4=0x00000000
     456495.000 ns	     45648	8000964c	00000013	addi	x0,x0,0	  x0:0x00000000
     456515.000 ns	     45650	80009650	21299753	fsgnjn.s	f14,f19,f18	 f19:0x00000000 f18:0x4f800000 f14=0x80000000
     456545.000 ns	     45653	80009654	02191133	mulh	x2,x18,x1	 x18:0x00000001  x1:0x00000100  x2=0x00000000
     456565.000 ns	     45655	80009658	40b3d133	sra	x2,x7,x11	  x7:0xffffffff x11:0x80040fe4  x2=0xffffffff
     456605.000 ns	     45659	8000965c	01894553	fadd.s	f10,f18,f24	 f18:0x4f800000 f24:0xca86c90e f10=0x4f7fbc9b
     456625.000 ns	     45661	80009660	4130d2b3	sra	x5,x1,x19	  x1:0x00000100 x19:0x00000000  x5=0x00000100
     456645.000 ns	     45663	80009664	290e9753	fmax.s	f14,f29,f16	 f29:0x80040fe4 f16:0x0000001f f14=0x0000001f
     456685.000 ns	     45667	80009668	580e25d3	fsqrt.s	f11,f28	 f28:0x7fc00000 f11=0x7fc00000
     456705.000 ns	     45669	8000966c	0159cc33	xor	x24,x19,x21	 x19:0x00000000 x21:0x54ab7822 x24=0x54ab7822
     456715.000 ns	     45670	80009670	01135b93	srli	x23,x6,0x11	  x6:0x00000000 x23=0x00000000
     456725.000 ns	     45671	80009674	40775a33	sra	x20,x14,x7	 x14:0x00000000  x7:0xffffffff x20=0x00000000
     456745.000 ns	     45673	80009678	03926633	rem	x12,x4,x25	  x4:0x00000000 x25:0x00000000 x12=0x00000000
     456775.000 ns	     45676	8000967c	c012f1d3	fcvt.wu.s	x3,f5	  f5:0x4efff7e0  x3=0x7ffbf000
     456815.000 ns	     45680	80009680	18713753	fdiv.s	f14,f2,f7	  f2:0x00000000  f7:0x7fc00000 f14=0x7fc00000
     456845.000 ns	     45683	80009684	a02094d3	flt.s	x9,f1,f2	  f1:0x41350434  f2:0x00000000  x9=0x00000000
     456875.000 ns	     45686	80009688	206891d3	fsgnjn.s	f3,f17,f6	 f17:0x4f800000  f6:0x80040fe4  f3=0x4f800000
     457215.000 ns	     45720	8000968c	191cbc53	fdiv.s	f24,f25,f17	 f25:0x820203d4 f17:0x4f800000 f24=0xf18203d4
     457245.000 ns	     45723	80009690	d00cffd3	fcvt.s.w	f31,x25	 x25:0x00000000 f31=0x00000000
     457275.000 ns	     45726	80009694	e00c0b53	fmv.x.w	x22,f24	 f24:0xf18203d4 x22=0xf18203d4
     457295.000 ns	     45728	80009698	00ad5533	srl	x10,x26,x10	 x26:0x8004127d x10:0x00000298 x10=0x00000080
     457315.000 ns	     45730	8000969c	023d2b33	mulhsu	x22,x26,x3	 x26:0x8004127d  x3:0x7ffbf000 x22=0xc004112d
     457345.000 ns	     45733	800096a0	037ff7b3	remu	x15,x31,x23	 x31:0x0000b504 x23:0x00000000 x15=0x0000b504
     457375.000 ns	     45736	800096a4	d00778d3	fcvt.s.w	f17,x14	 x14:0x00000000 f17=0x00000000
     457395.000 ns	     45738	800096a8	ef466393	ori	x7,x12,-268	 x12:0x00000000  x7=0xfffffef4
     457405.000 ns	     45739	800096ac	40e957b3	sra	x15,x18,x14	 x18:0x00000001 x14:0x00000000 x15=0x00000001
     457415.000 ns	     45740	800096b0	f4d13e97	auipc	x29,0xf4d13	 x29=0x74d1c6b0
     457425.000 ns	     45741	800096b4	097dc013	xori	x0,x27,151	 x27:0x00000000
     457445.000 ns	     45743	800096b8	20bf23d3	fsgnjx.s	f7,f30,f11	 f30:0x41350434 f11:0x7fc00000  f7=0x41350434
     457475.000 ns	     45746	800096bc	c002f4d3	fcvt.w.s	x9,f5	  f5:0x4efff7e0  x9=0x7ffbf000
     457505.000 ns	     45749	800096c0	a0f38553	fle.s	x10,f7,f15	  f7:0x41350434 f15:0x7fc00000 x10=0x00000000
     457535.000 ns	     45752	800096c4	e00e99d3	fclass.s	x19,f29	 f29:0x80040fe4 x19=0x00000004
     457555.000 ns	     45754	800096c8	00b7afb3	slt	x31,x15,x11	 x15:0x00000001 x11:0x80040fe4 x31=0x00000000
     457565.000 ns	     45755	800096cc	3b297d93	andi	x27,x18,946	 x18:0x00000001 x27=0x00000000
     457585.000 ns	     45757	800096d0	a14424d3	feq.s	x9,f8,f20	  f8:0x80000000 f20:0x7fc00000  x9=0x00000000
     457605.000 ns	     45759	800096d4	01422b33	slt	x22,x4,x20	  x4:0x00000000 x20:0x00000000 x22=0x00000000
     457625.000 ns	     45761	800096d8	28180853	fmin.s	f16,f16,f1	 f16:0x0000001f  f1:0x41350434 f16=0x0000001f
     457645.000 ns	     45763	800096dc	01f679b3	and	x19,x12,x31	 x12:0x00000000 x31:0x00000000 x19=0x00000000
     457665.000 ns	     45765	800096e0	a1c52d53	feq.s	x26,f10,f28	 f10:0x4f7fbc9b f28:0x7fc00000 x26=0x00000000
     457685.000 ns	     45767	800096e4	411b5433	sra	x8,x22,x17	 x22:0x00000000 x17:0x54e8139b  x8=0x00000000
     457715.000 ns	     45770	800096e8	580e4dd3	fsqrt.s	f27,f28	 f28:0x7fc00000 f27=0x7fc00000
     457755.000 ns	     45774	800096ec	5809f853	fsqrt.s	f16,f19	 f19:0x00000000 f16=0x00000000
     457785.000 ns	     45777	800096f0	d017f3d3	fcvt.s.wu	f7,x15	 x15:0x00000001  f7=0x3f800000
     457815.000 ns	     45780	800096f4	a0a689d3	fle.s	x19,f13,f10	 f13:0x7fc00000 f10:0x4f7fbc9b x19=0x00000000
     457835.000 ns	     45782	800096f8	5a5698b7	lui	x17,0x5a569	 x17=0x5a569000
     457855.000 ns	     45784	800096fc	032c3433	mulhu	x8,x24,x18	 x24:0x54ab7822 x18:0x00000001  x8=0x00000000
     457875.000 ns	     45786	80009700	007a97b3	sll	x15,x21,x7	 x21:0x54ab7822  x7:0xfffffef4 x15=0x82200000
     457895.000 ns	     45788	80009704	c01dfb53	fcvt.wu.s	x22,f27	 f27:0x7fc00000 x22=0xffffffff
     458265.000 ns	     45825	80009708	02fd5fb3	divu	x31,x26,x15	 x26:0x00000000 x15:0x00000001 x31=0x00000000
     458285.000 ns	     45827	8000970c	4118dd33	sra	x26,x17,x17	 x17:0x5a569000 x17:0x5a569000 x26=0x5a569000
     458325.000 ns	     45831	80009710	01a1a7d3	fadd.s	f15,f3,f26	  f3:0x4f800000 f26:0x4735042e f15=0x4f80005a
     458355.000 ns	     45834	80009714	d011f953	fcvt.s.wu	f18,x3	  x3:0x7ffbf000 f18=0x4efff7e0
     458385.000 ns	     45837	80009718	f00c8653	fmv.w.x	f12,x25	 x25:0x00000000 f12=0x00000000
     458415.000 ns	     45840	8000971c	027804b3	mul	x9,x16,x7	 x16:0x00000001  x7:0xfffffef4  x9=0xfffffef4
     458435.000 ns	     45842	80009720	00000013	addi	x0,x0,0	  x0:0x00000000
     458445.000 ns	     45843	80009724	00cf9db3	sll	x27,x31,x12	 x31:0x00000000 x12:0x00000000 x27=0x00000000
     459615.000 ns	     45960	80009728	5804f453	fsqrt.s	f8,f9	  f9:0x4efff7e0  f8=0x473501cc
     459635.000 ns	     45962	8000972c	001d44b3	xor	x9,x26,x1	 x26:0x5a569000  x1:0x00000100  x9=0x5a569100
     459655.000 ns	     45964	80009730	026cfc33	remu	x24,x25,x6	 x25:0x00000000  x6:0x00000000 x24=0x00000000
     459675.000 ns	     45966	80009734	00000013	addi	x0,x0,0	  x0:0x00000000
     459685.000 ns	     45967	80009738	80883d93	sltiu	x27,x16,-2040	 x16:0x00000001 x27=0x00000001
     459705.000 ns	     45969	8000973c	0261f9b3	remu	x19,x3,x6	  x3:0x7ffbf000  x6:0x00000000 x19=0x7ffbf000
     459725.000 ns	     45971	80009740	00e138b3	sltu	x17,x2,x14	  x2:0xffffffff x14:0x00000000 x17=0x00000000
     459755.000 ns	     45974	80009744	580efed3	fsqrt.s	f29,f29	 f29:0x80040fe4 f29=0x7fc00000
     459775.000 ns	     45976	80009748	40ab0eb3	sub	x29,x22,x10	 x22:0xffffffff x10:0x00000000 x29=0xffffffff
     459815.000 ns	     45980	8000974c	08a89653	fsub.s	f12,f17,f10	 f17:0x00000000 f10:0x4f7fbc9b f12=0xcf7fbc9b
     459835.000 ns	     45982	80009750	59542893	slti	x17,x8,1429	  x8:0x00000000 x17=0x00000001
     459855.000 ns	     45984	80009754	21f72bd3	fsgnjx.s	f23,f14,f31	 f14:0x7fc00000 f31:0x00000000 f23=0x7fc00000
     459885.000 ns	     45987	80009758	f0078a53	fmv.w.x	f20,x15	 x15:0x82200000 f20=0x82200000
     459915.000 ns	     45990	8000975c	28610e53	fmin.s	f28,f2,f6	  f2:0x00000000  f6:0x80040fe4 f28=0x80040fe4
     459945.000 ns	     45993	80009760	e00b1353	fclass.s	x6,f22	 f22:0x00000000  x6=0x00000010
     459975.000 ns	     45996	80009764	03593033	mulhu	x0,x18,x21	 x18:0x00000001 x21:0x54ab7822
     460015.000 ns	     46000	80009768	58027bd3	fsqrt.s	f23,f4	  f4:0x00000000 f23=0x00000000
     460035.000 ns	     46002	8000976c	004e5793	srli	x15,x28,0x4	 x28:0x00000000 x15=0x00000000
     460055.000 ns	     46004	80009770	d00a9ad3	fcvt.s.w	f21,x21	 x21:0x54ab7822 f21=0x4ea956f0
     460095.000 ns	     46008	80009774	19aff8d3	fdiv.s	f17,f31,f26	 f31:0x00000000 f26:0x4735042e f17=0x00000000
     460125.000 ns	     46011	80009778	a1a780d3	fle.s	x1,f15,f26	 f15:0x4f80005a f26:0x4735042e  x1=0x00000000
     460145.000 ns	     46013	8000977c	5e84f113	andi	x2,x9,1512	  x9:0x5a569100  x2=0x00000100
     460165.000 ns	     46015	80009780	03b43bb3	mulhu	x23,x8,x27	  x8:0x00000000 x27:0x00000001 x23=0x00000000
     460185.000 ns	     46017	80009784	3042b793	sltiu	x15,x5,772	  x5:0x00000100 x15=0x00000001
     460225.000 ns	     46021	80009788	09419f53	fsub.s	f30,f3,f20	  f3:0x4f800000 f20:0x82200000 f30=0x4f800000
     460245.000 ns	     46023	8000978c	2ab1b093	sltiu	x1,x3,683	  x3:0x7ffbf000  x1=0x00000000
     460265.000 ns	     46025	80009790	02953133	mulhu	x2,x10,x9	 x10:0x00000000  x9:0x5a569100  x2=0x00000000
     460285.000 ns	     46027	80009794	86f6bc93	sltiu	x25,x13,-1937	 x13:0x00000000 x25=0x00000001
     460305.000 ns	     46029	80009798	c0187e53	fcvt.wu.s	x28,f16	 f16:0x00000000 x28=0x00000000
     460675.000 ns	     46066	8000979c	0253e433	rem	x8,x7,x5	  x7:0xfffffef4  x5:0x00000100  x8=0xfffffff4
     460725.000 ns	     46071	800097a0	0975fbd3	fsub.s	f23,f11,f23	 f11:0x7fc00000 f23:0x00000000 f23=0x7fc00000
     460755.000 ns	     46074	800097a4	c00c23d3	fcvt.w.s	x7,f24	 f24:0xf18203d4  x7=0x80000000
     460775.000 ns	     46076	800097a8	4d86a193	slti	x3,x13,1240	 x13:0x00000000  x3=0x00000001
     461135.000 ns	     46112	800097ac	03574033	div	x0,x14,x21	 x14:0x00000000 x21:0x54ab7822
     461165.000 ns	     46115	800097b0	e00597d3	fclass.s	x15,f11	 f11:0x7fc00000 x15=0x00000200
     461535.000 ns	     46152	800097b4	0301fa33	remu	x20,x3,x16	  x3:0x00000001 x16:0x00000001 x20=0x00000000
     461905.000 ns	     46189	800097b8	0305ecb3	rem	x25,x11,x16	 x11:0x80040fe4 x16:0x00000001 x25=0x00000000
     461935.000 ns	     46192	800097bc	027f2633	mulhsu	x12,x30,x7	 x30:0x80041024  x7:0x80000000 x12=0xc0020812
     461965.000 ns	     46195	800097c0	e00f9cd3	fclass.s	x25,f31	 f31:0x00000000 x25=0x00000010
     461995.000 ns	     46198	800097c4	a1350653	fle.s	x12,f10,f19	 f10:0x4f7fbc9b f19:0x00000000 x12=0x00000000
     462025.000 ns	     46201	800097c8	0214a3b3	mulhsu	x7,x9,x1	  x9:0x5a569100  x1:0x00000000  x7=0x00000000
     462045.000 ns	     46203	800097cc	01870533	add	x10,x14,x24	 x14:0x00000000 x24:0x00000000 x10=0x00000000
     462055.000 ns	     46204	800097d0	00514433	xor	x8,x2,x5	  x2:0x00000000  x5:0x00000100  x8=0x00000100
     462075.000 ns	     46206	800097d4	d006f3d3	fcvt.s.w	f7,x13	 x13:0x00000000  f7=0x00000000
     462105.000 ns	     46209	800097d8	29e29953	fmax.s	f18,f5,f30	  f5:0x4efff7e0 f30:0x4f800000 f18=0x4f800000
     462145.000 ns	     46213	800097dc	11263d53	fmul.s	f26,f12,f18	 f12:0xcf7fbc9b f18:0x4efff7e0 f26=0xdf7fbc9b
     462175.000 ns	     46216	800097e0	281e10d3	fmax.s	f1,f28,f1	 f28:0x80040fe4  f1:0x41350434  f1=0x41350434
     462195.000 ns	     46218	800097e4	4a0d8893	addi	x17,x27,1184	 x27:0x00000001 x17=0x000004a1
     462205.000 ns	     46219	800097e8	f5f27393	andi	x7,x4,-161	  x4:0x00000000  x7=0x00000000
     462225.000 ns	     46221	800097ec	030b88b3	mul	x17,x23,x16	 x23:0x00000000 x16:0x00000001 x17=0x00000000
     462245.000 ns	     46223	800097f0	ecb68093	addi	x1,x13,-309	 x13:0x00000000  x1=0xfffffecb
     462605.000 ns	     46259	800097f4	03564cb3	div	x25,x12,x21	 x12:0x00000000 x21:0x54ab7822 x25=0x00000000
     462625.000 ns	     46261	800097f8	a92cbcb7	lui	x25,0xa92cb	 x25=0xa92cb000
     462985.000 ns	     46297	800097fc	025f4633	div	x12,x30,x5	 x30:0x80041024  x5:0x00000100 x12=0xff800411
     463005.000 ns	     46299	80009800	00b3adb3	slt	x27,x7,x11	  x7:0x00000000 x11:0x80040fe4 x27=0x00000000
     463015.000 ns	     46300	80009804	00dde2b3	or	x5,x27,x13	 x27:0x00000001 x13:0x00000000  x5=0x00000000
     463025.000 ns	     46301	80009808	01601c13	slli	x24,x0,0x16	  x0:0x00000000 x24=0x00000000
     463035.000 ns	     46302	8000980c	0044d733	srl	x14,x9,x4	  x9:0x5a569100  x4:0x00000000 x14=0x5a569100
     463045.000 ns	     46303	80009810	7c652113	slti	x2,x10,1990	 x10:0x00000000  x2=0x00000001
     463055.000 ns	     46304	80009814	01b90cb3	add	x25,x18,x27	 x18:0x00000001 x27:0x00000000 x25=0x00000001
     463065.000 ns	     46305	80009818	0145db93	srli	x23,x11,0x14	 x11:0x80040fe4 x23=0x00000800
     463085.000 ns	     46307	8000981c	21a11cd3	fsgnjn.s	f25,f2,f26	  f2:0x00000000 f26:0xdf7fbc9b f25=0x00000000
     463115.000 ns	     46310	80009820	d018a9d3	fcvt.s.wu	f19,x17	 x17:0x00000000 f19=0x00000000
     463135.000 ns	     46312	80009824	00125fb3	srl	x31,x4,x1	  x4:0x00000000  x1:0xfffffecb x31=0x00000000
     463145.000 ns	     46313	80009828	e7b0ef93	ori	x31,x1,-389	  x1:0xfffffecb x31=0xfffffefb
     463165.000 ns	     46315	8000982c	21c4a6d3	fsgnjx.s	f13,f9,f28	  f9:0x4efff7e0 f28:0x80040fe4 f13=0xcefff7e0
     463185.000 ns	     46317	80009830	ee578b13	addi	x22,x15,-283	 x15:0x00000200 x22=0x000000e5
     463195.000 ns	     46318	80009834	01f2a233	slt	x4,x5,x31	  x5:0x00000000 x31:0xfffffefb  x4=0x00000000
     463205.000 ns	     46319	80009838	0111dd13	srli	x26,x3,0x11	  x3:0x00000001 x26=0x00000000
     463225.000 ns	     46321	8000983c	030fab33	mulhsu	x22,x31,x16	 x31:0xfffffefb x16:0x00000001 x22=0xffffffff
     463255.000 ns	     46324	80009840	032096b3	mulh	x13,x1,x18	  x1:0xfffffecb x18:0x00000001 x13=0xffffffff
     463275.000 ns	     46326	80009844	41985733	sra	x14,x16,x25	 x16:0x00000001 x25:0x00000001 x14=0x00000000
     463285.000 ns	     46327	80009848	018b0933	add	x18,x22,x24	 x22:0xffffffff x24:0x00000000 x18=0xffffffff
     463295.000 ns	     46328	8000984c	0039c833	xor	x16,x19,x3	 x19:0x7ffbf000  x3:0x00000001 x16=0x7ffbf001
     463315.000 ns	     46330	80009850	216f18d3	fsgnjn.s	f17,f30,f22	 f30:0x4f800000 f22:0x00000000 f17=0xcf800000
     463335.000 ns	     46332	80009854	01b7eeb3	or	x29,x15,x27	 x15:0x00000200 x27:0x00000000 x29=0x00000200
     463345.000 ns	     46333	80009858	00000013	addi	x0,x0,0	  x0:0x00000000
     463365.000 ns	     46335	8000985c	a0ed0a53	fle.s	x20,f26,f14	 f26:0xdf7fbc9b f14:0x7fc00000 x20=0x00000000
     463735.000 ns	     46372	80009860	02297433	remu	x8,x18,x2	 x18:0xffffffff  x2:0x00000001  x8=0x00000000
     463765.000 ns	     46375	80009864	29a015d3	fmax.s	f11,f0,f26	  f0:0x7fc00000 f26:0xdf7fbc9b f11=0xdf7fbc9b
     463785.000 ns	     46377	80009868	00d2afb3	slt	x31,x5,x13	  x5:0x00000000 x13:0xffffffff x31=0x00000000
     463805.000 ns	     46379	8000986c	020c9fb3	mulh	x31,x25,x0	 x25:0x00000001  x0:0x00000000 x31=0x00000000
     463825.000 ns	     46381	80009870	00d4d213	srli	x4,x9,0xd	  x9:0x5a569100  x4=0x0002d2b4
     463835.000 ns	     46382	80009874	40988db3	sub	x27,x17,x9	 x17:0x00000000  x9:0x5a569100 x27=0xa5a96f00
     463845.000 ns	     46383	80009878	7dc37493	andi	x9,x6,2012	  x6:0x00000010  x9=0x00000010
     463855.000 ns	     46384	8000987c	00bae433	or	x8,x21,x11	 x21:0x54ab7822 x11:0x80040fe4  x8=0xd4af7fe6
     463865.000 ns	     46385	80009880	d0ccdb37	lui	x22,0xd0ccd	 x22=0xd0ccd000
     463885.000 ns	     46387	80009884	d004c653	fcvt.s.w	f12,x9	  x9:0x00000010 f12=0x41800000
     463905.000 ns	     46389	80009888	439cba13	sltiu	x20,x25,1081	 x25:0x00000001 x20=0x00000001
     463915.000 ns	     46390	8000988c	00000013	addi	x0,x0,0	  x0:0x00000000
     463935.000 ns	     46392	80009890	03951033	mulh	x0,x10,x25	 x10:0x00000000 x25:0x00000001
     464305.000 ns	     46429	80009894	022ffb33	remu	x22,x31,x2	 x31:0x00000000  x2:0x00000001 x22=0x00000000
     464335.000 ns	     46432	80009898	d0127a53	fcvt.s.wu	f20,x4	  x4:0x0002d2b4 f20=0x4834ad00
     464365.000 ns	     46435	8000989c	211f94d3	fsgnjn.s	f9,f31,f17	 f31:0x00000000 f17:0xcf800000  f9=0x00000000
     464385.000 ns	     46437	800098a0	4115d693	srai	x13,x11,0x11	 x11:0x80040fe4 x13=0xffffc002
     464405.000 ns	     46439	800098a4	2147ab53	fsgnjx.s	f22,f15,f20	 f15:0x4f80005a f20:0x4834ad00 f22=0x4f80005a
     464425.000 ns	     46441	800098a8	6f72ee97	auipc	x29,0x6f72e	 x29=0xef7378a8
     464445.000 ns	     46443	800098ac	20429453	fsgnjn.s	f8,f5,f4	  f5:0x4efff7e0  f4:0x00000000  f8=0xcefff7e0
     464815.000 ns	     46480	800098b0	0348c9b3	div	x19,x17,x20	 x17:0x00000000 x20:0x00000001 x19=0x00000000
     464835.000 ns	     46482	800098b4	015b76b3	and	x13,x22,x21	 x22:0x00000000 x21:0x54ab7822 x13=0x00000000
     464845.000 ns	     46483	800098b8	01d24533	xor	x10,x4,x29	  x4:0x0002d2b4 x29:0xef7378a8 x10=0xef71aa1c
     464885.000 ns	     46487	800098bc	0014fcd3	fadd.s	f25,f9,f1	  f9:0x00000000  f1:0x41350434 f25=0x41350434
     464915.000 ns	     46490	800098c0	c00e8fd3	fcvt.w.s	x31,f29	 f29:0x7fc00000 x31=0x7fffffff
     464965.000 ns	     46495	800098c4	007b2853	fadd.s	f16,f22,f7	 f22:0x4f80005a  f7:0x00000000 f16=0x4f80005a
     464985.000 ns	     46497	800098c8	40fa5b13	srai	x22,x20,0xf	 x20:0x00000001 x22=0x00000000
     465005.000 ns	     46499	800098cc	0204bd33	mulhu	x26,x9,x0	  x9:0x00000010  x0:0x00000000 x26=0x00000000
     465025.000 ns	     46501	800098d0	50edb913	sltiu	x18,x27,1294	 x27:0xa5a96f00 x18=0x00000000
     465035.000 ns	     46502	800098d4	01cdda13	srli	x20,x27,0x1c	 x27:0xa5a96f00 x20=0x0000000a
     465045.000 ns	     46503	800098d8	f7314813	xori	x16,x2,-141	  x2:0x00000001 x16=0xffffff72
     465055.000 ns	     46504	800098dc	0153ac33	slt	x24,x7,x21	  x7:0x00000000 x21:0x54ab7822 x24=0x00000001
     465075.000 ns	     46506	800098e0	e00e08d3	fmv.x.w	x17,f28	 f28:0x80040fe4 x17=0x80040fe4
     465095.000 ns	     46508	800098e4	002e7833	and	x16,x28,x2	 x28:0x00000000  x2:0x00000001 x16=0x00000000
     465115.000 ns	     46510	800098e8	03d03eb3	mulhu	x29,x0,x29	  x0:0x00000000 x29:0xef7378a8 x29=0x00000000
     465135.000 ns	     46512	800098ec	404e5bb3	sra	x23,x28,x4	 x28:0x00000000  x4:0x0002d2b4 x23=0x00000000
     465155.000 ns	     46514	800098f0	030d7833	remu	x16,x26,x16	 x26:0x00000000 x16:0x00000000 x16=0x00000000
     465175.000 ns	     46516	800098f4	01d6cdb3	xor	x27,x13,x29	 x13:0x00000000 x29:0x00000000 x27=0x00000000
     465185.000 ns	     46517	800098f8	41875a13	srai	x20,x14,0x18	 x14:0x00000000 x20=0x00000000
     465195.000 ns	     46518	800098fc	e9763213	sltiu	x4,x12,-361	 x12:0xff800411  x4=0x00000001
     465215.000 ns	     46520	80009900	03dea933	mulhsu	x18,x29,x29	 x29:0x00000000 x29:0x00000000 x18=0x00000000
     465235.000 ns	     46522	80009904	e17d4613	xori	x12,x26,-489	 x26:0x00000000 x12=0xfffffe17
     465255.000 ns	     46524	80009908	03a5abb3	mulhsu	x23,x11,x26	 x11:0x80040fe4 x26:0x00000000 x23=0x00000000
     465285.000 ns	     46527	8000990c	f00b07d3	fmv.w.x	f15,x22	 x22:0x00000000 f15=0x00000000
     465305.000 ns	     46529	80009910	00000013	addi	x0,x0,0	  x0:0x00000000
     465325.000 ns	     46531	80009914	209d1153	fsgnjn.s	f2,f26,f9	 f26:0xdf7fbc9b  f9:0x00000000  f2=0xdf7fbc9b
     465355.000 ns	     46534	80009918	a1719353	flt.s	x6,f3,f23	  f3:0x4f800000 f23:0x7fc00000  x6=0x00000000
     465375.000 ns	     46536	8000991c	f8ae4893	xori	x17,x28,-118	 x28:0x00000000 x17=0xffffff8a
     465395.000 ns	     46538	80009920	f0038fd3	fmv.w.x	f31,x7	  x7:0x00000000 f31=0x00000000
     465765.000 ns	     46575	80009924	038a71b3	remu	x3,x20,x24	 x20:0x00000000 x24:0x00000001  x3=0x00000000
     465795.000 ns	     46578	80009928	c01788d3	fcvt.wu.s	x17,f15	 f15:0x00000000 x17=0x00000000
     465815.000 ns	     46580	8000992c	41745a13	srai	x20,x8,0x17	  x8:0xd4af7fe6 x20=0xffffffa9
     465825.000 ns	     46581	80009930	017513b3	sll	x7,x10,x23	 x10:0xef71aa1c x23:0x00000000  x7=0xef71aa1c
     465845.000 ns	     46583	80009934	c00b0153	fcvt.w.s	x2,f22	 f22:0x4f80005a  x2=0x7fffffff
     465865.000 ns	     46585	80009938	149ffc97	auipc	x25,0x149ff	 x25=0x94a08938
     465905.000 ns	     46589	8000993c	00fe7b53	fadd.s	f22,f28,f15	 f28:0x80040fe4 f15:0x00000000 f22=0x80040fe4
     465925.000 ns	     46591	80009940	12bffb17	auipc	x22,0x12bff	 x22=0x92c08940
     465935.000 ns	     46592	80009944	40b35b33	sra	x22,x6,x11	  x6:0x00000000 x11:0x80040fe4 x22=0x00000000
     465955.000 ns	     46594	80009948	e00b99d3	fclass.s	x19,f23	 f23:0x7fc00000 x19=0x00000200
     466325.000 ns	     46631	8000994c	03e96a33	rem	x20,x18,x30	 x18:0x00000000 x30:0x80041024 x20=0x00000000
     466345.000 ns	     46633	80009950	5374be93	sltiu	x29,x9,1335	  x9:0x00000010 x29=0x00000001
     466365.000 ns	     46635	80009954	29769353	fmax.s	f6,f13,f23	 f13:0xcefff7e0 f23:0x7fc00000  f6=0xcefff7e0
     466385.000 ns	     46637	80009958	0130abb3	slt	x23,x1,x19	  x1:0xfffffecb x19:0x00000200 x23=0x00000001
     466745.000 ns	     46673	8000995c	03ff5933	divu	x18,x30,x31	 x30:0x80041024 x31:0x7fffffff x18=0x00000001
     466775.000 ns	     46676	80009960	d009c553	fcvt.s.w	f10,x19	 x19:0x00000200 f10=0x44000000
     466795.000 ns	     46678	80009964	01e977b3	and	x15,x18,x30	 x18:0x00000001 x30:0x80041024 x15=0x00000000
     467155.000 ns	     46714	80009968	033b6fb3	rem	x31,x22,x19	 x22:0x00000000 x19:0x00000200 x31=0x00000000
     467185.000 ns	     46717	8000996c	c006f1d3	fcvt.w.s	x3,f13	 f13:0xcefff7e0  x3=0x7ffbf000
     467215.000 ns	     46720	80009970	e00016d3	fclass.s	x13,f0	  f0:0x7fc00000 x13=0x00000200
     467255.000 ns	     46724	80009974	118af953	fmul.s	f18,f21,f24	 f21:0x4ea956f0 f24:0xf18203d4 f18=0xff800000
     467285.000 ns	     46727	80009978	a162a353	feq.s	x6,f5,f22	  f5:0x4efff7e0 f22:0x80040fe4  x6=0x00000000
     467305.000 ns	     46729	8000997c	412480b3	sub	x1,x9,x18	  x9:0x00000010 x18:0x00000001  x1=0x0000000f
     467325.000 ns	     46731	80009980	288c0753	fmin.s	f14,f24,f8	 f24:0xf18203d4  f8:0xcefff7e0 f14=0xf18203d4
     467345.000 ns	     46733	80009984	01a09cb3	sll	x25,x1,x26	  x1:0xfffffecb x26:0x00000000 x25=0x0000000f
     467705.000 ns	     46769	80009988	0279d4b3	divu	x9,x19,x7	 x19:0x00000200  x7:0xef71aa1c  x9=0x00000000
     468045.000 ns	     46803	8000998c	18860953	fdiv.s	f18,f12,f8	 f12:0x41800000  f8:0xcefff7e0 f18=0xb2000000
     468065.000 ns	     46805	80009990	008861b3	or	x3,x16,x8	 x16:0x00000000  x8:0xd4af7fe6  x3=0xd4af7fe6
     468075.000 ns	     46806	80009994	4f38c093	xori	x1,x17,1267	 x17:0x00000000  x1=0x000004f3
     468085.000 ns	     46807	80009998	40295333	sra	x6,x18,x2	 x18:0x00000001  x2:0x7fffffff  x6=0x00000000
     468125.000 ns	     46811	8000999c	097d81d3	fsub.s	f3,f27,f23	 f27:0x7fc00000 f23:0x7fc00000  f3=0x7fc00000
     468155.000 ns	     46814	800099a0	e00d12d3	fclass.s	x5,f26	 f26:0xdf7fbc9b  x5=0x00000002
     468195.000 ns	     46818	800099a4	1999f5d3	fdiv.s	f11,f19,f25	 f19:0x00000000 f25:0x41350434 f11=0x00000000
     468225.000 ns	     46821	800099a8	03f8bc33	mulhu	x24,x17,x31	 x17:0x00000000 x31:0x00000000 x24=0x00000000
     468565.000 ns	     46855	800099ac	19ce1b53	fdiv.s	f22,f28,f28	 f28:0x80040fe4 f28:0x80040fe4 f22=0x3cb78297
     468615.000 ns	     46860	800099b0	0874f953	fsub.s	f18,f9,f7	  f9:0x00000000  f7:0x00000000 f18=0x80000000
     468635.000 ns	     46862	800099b4	005eb2b3	sltu	x5,x29,x5	 x29:0x00000001  x5:0x00000002  x5=0x00000001
     468655.000 ns	     46864	800099b8	033fb833	mulhu	x16,x31,x19	 x31:0x00000000 x19:0x00000200 x16=0x00000000
     468675.000 ns	     46866	800099bc	00a8d993	srli	x19,x17,0xa	 x17:0x00000000 x19=0x00000000
     468685.000 ns	     46867	800099c0	ddb246b7	lui	x13,0xddb24	 x13=0xddb24000
     468695.000 ns	     46868	800099c4	00000013	addi	x0,x0,0	  x0:0x00000000
     468715.000 ns	     46870	800099c8	027733b3	mulhu	x7,x14,x7	 x14:0x00000000  x7:0xef71aa1c  x7=0x00000000
     468735.000 ns	     46872	800099cc	413f8433	sub	x8,x31,x19	 x31:0x00000000 x19:0x00000000  x8=0x00000000
     468745.000 ns	     46873	800099d0	00af5293	srli	x5,x30,0xa	 x30:0x80041024  x5=0x00200104
     468785.000 ns	     46877	800099d4	0911bb53	fsub.s	f22,f3,f17	  f3:0x7fc00000 f17:0xcf800000 f22=0x7fc00000
     468815.000 ns	     46880	800099d8	02ff2bb3	mulhsu	x23,x30,x15	 x30:0x80041024 x15:0x00000000 x23=0x00000000
     468845.000 ns	     46883	800099dc	03f5b0b3	mulhu	x1,x11,x31	 x11:0x80040fe4 x31:0x00000000  x1=0x00000000
     468875.000 ns	     46886	800099e0	29d90253	fmin.s	f4,f18,f29	 f18:0x80000000 f29:0x7fc00000  f4=0x80000000
     468895.000 ns	     46888	800099e4	bb5589b7	lui	x19,0xbb558	 x19=0xbb558000
     468915.000 ns	     46890	800099e8	29119653	fmax.s	f12,f3,f17	  f3:0x7fc00000 f17:0xcf800000 f12=0xcf800000
     468935.000 ns	     46892	800099ec	c510cf93	xori	x31,x1,-943	  x1:0x00000000 x31=0xfffffc51
     468945.000 ns	     46893	800099f0	00fd1113	slli	x2,x26,0xf	 x26:0x00000000  x2=0x00000000
     468955.000 ns	     46894	800099f4	01611493	slli	x9,x2,0x16	  x2:0x7fffffff  x9=0x00000000
     468965.000 ns	     46895	800099f8	40ef5e33	sra	x28,x30,x14	 x30:0x80041024 x14:0x00000000 x28=0x80041024
     468975.000 ns	     46896	800099fc	00093db3	sltu	x27,x18,x0	 x18:0x00000001  x0:0x00000000 x27=0x00000000
     468985.000 ns	     46897	80009a00	00889eb3	sll	x29,x17,x8	 x17:0x00000000  x8:0x00000000 x29=0x00000000
     469005.000 ns	     46899	80009a04	28608fd3	fmin.s	f31,f1,f6	  f1:0x41350434  f6:0xcefff7e0 f31=0xcefff7e0
     469025.000 ns	     46901	80009a08	41485893	srai	x17,x16,0x14	 x16:0x00000000 x17=0x00000000
     469035.000 ns	     46902	80009a0c	016cc533	xor	x10,x25,x22	 x25:0x0000000f x22:0x00000000 x10=0x0000000f
     469045.000 ns	     46903	80009a10	cd003493	sltiu	x9,x0,-816	  x0:0x00000000  x9=0x00000001
     469075.000 ns	     46906	80009a14	101e9853	fmul.s	f16,f29,f1	 f29:0x7fc00000  f1:0x41350434 f16=0x7fc00000
     469105.000 ns	     46909	80009a18	296913d3	fmax.s	f7,f18,f22	 f18:0x80000000 f22:0x7fc00000  f7=0x80000000
     469125.000 ns	     46911	80009a1c	011a74b3	and	x9,x20,x17	 x20:0x00000000 x17:0x00000000  x9=0x00000000
     469145.000 ns	     46913	80009a20	f0078b53	fmv.w.x	f22,x15	 x15:0x00000000 f22=0x00000000
     470325.000 ns	     47031	80009a24	580af7d3	fsqrt.s	f15,f21	 f21:0x4ea956f0 f15=0x471339b4
     470355.000 ns	     47034	80009a28	03b1fa33	remu	x20,x3,x27	  x3:0xd4af7fe6 x27:0x00000000 x20=0xd4af7fe6
     470385.000 ns	     47037	80009a2c	021f03b3	mul	x7,x30,x1	 x30:0x80041024  x1:0x00000000  x7=0x00000000
     470405.000 ns	     47039	80009a30	01235493	srli	x9,x6,0x12	  x6:0x00000000  x9=0x00000000
     470765.000 ns	     47075	80009a34	02b87db3	remu	x27,x16,x11	 x16:0x00000000 x11:0x80040fe4 x27=0x00000000
     470785.000 ns	     47077	80009a38	407e8433	sub	x8,x29,x7	 x29:0x00000000  x7:0x00000000  x8=0x00000000
     470795.000 ns	     47078	80009a3c	013c86b3	add	x13,x25,x19	 x25:0x0000000f x19:0xbb558000 x13=0xbb55800f
     470815.000 ns	     47080	80009a40	213f0e53	fsgnj.s	f28,f30,f19	 f30:0x4f800000 f19:0x00000000 f28=0x4f800000
     470845.000 ns	     47083	80009a44	e00004d3	fmv.x.w	x9,f0	  f0:0x7fc00000  x9=0x7fc00000
     470895.000 ns	     47088	80009a48	00aff853	fadd.s	f16,f31,f10	 f31:0xcefff7e0 f10:0x44000000 f16=0xcefff7dc
     470925.000 ns	     47091	80009a4c	21ec9453	fsgnjn.s	f8,f25,f30	 f25:0x41350434 f30:0x4f800000  f8=0xc1350434
     470955.000 ns	     47094	80009a50	a14920d3	feq.s	x1,f18,f20	 f18:0x80000000 f20:0x4834ad00  x1=0x00000000
     470985.000 ns	     47097	80009a54	a05d0c53	fle.s	x24,f26,f5	 f26:0xdf7fbc9b  f5:0x4efff7e0 x24=0x00000001
     471015.000 ns	     47100	80009a58	218e8453	fsgnj.s	f8,f29,f24	 f29:0x7fc00000 f24:0xf18203d4  f8=0xffc00000
     471045.000 ns	     47103	80009a5c	e0081a53	fclass.s	x20,f16	 f16:0xcefff7dc x20=0x00000002
     471075.000 ns	     47106	80009a60	e0039ed3	fclass.s	x29,f7	  f7:0x80000000 x29=0x00000008
     471445.000 ns	     47143	80009a64	039e7633	remu	x12,x28,x25	 x28:0x80041024 x25:0x0000000f x12=0x00000004
     471475.000 ns	     47146	80009a68	0220be33	mulhu	x28,x1,x2	  x1:0x00000000  x2:0x00000000 x28=0x00000000
     471505.000 ns	     47149	80009a6c	f0020ed3	fmv.w.x	f29,x4	  x4:0x00000001 f29=0x00000001
     471525.000 ns	     47151	80009a70	00067d33	and	x26,x12,x0	 x12:0x00000004  x0:0x00000000 x26=0x00000000
     471545.000 ns	     47153	80009a74	03022cb3	mulhsu	x25,x4,x16	  x4:0x00000001 x16:0x00000000 x25=0x00000000
     471575.000 ns	     47156	80009a78	0305e1b3	rem	x3,x11,x16	 x11:0x80040fe4 x16:0x00000000  x3=0x80040fe4
     471595.000 ns	     47158	80009a7c	3e16f893	andi	x17,x13,993	 x13:0xbb55800f x17=0x00000001
     471605.000 ns	     47159	80009a80	f5280793	addi	x15,x16,-174	 x16:0x00000000 x15=0xffffff52
     471625.000 ns	     47161	80009a84	0283f033	remu	x0,x7,x8	  x7:0x00000000  x8:0x00000000
     471645.000 ns	     47163	80009a88	3fc0ba13	sltiu	x20,x1,1020	  x1:0x00000000 x20=0x00000001
     471665.000 ns	     47165	80009a8c	02203333	mulhu	x6,x0,x2	  x0:0x00000000  x2:0x00000000  x6=0x00000000
     471685.000 ns	     47167	80009a90	00d2d333	srl	x6,x5,x13	  x5:0x00200104 x13:0xbb55800f  x6=0x00000040
     471705.000 ns	     47169	80009a94	02ed1d33	mulh	x26,x26,x14	 x26:0x00000000 x14:0x00000000 x26=0x00000000
     472075.000 ns	     47206	80009a98	02a04c33	div	x24,x0,x10	  x0:0x00000000 x10:0x0000000f x24=0x00000000
     472105.000 ns	     47209	80009a9c	a01013d3	flt.s	x7,f0,f1	  f0:0x7fc00000  f1:0x41350434  x7=0x00000000
     472125.000 ns	     47211	80009aa0	d35eac93	slti	x25,x29,-715	 x29:0x00000008 x25=0x00000000
     472135.000 ns	     47212	80009aa4	1aa0eb13	ori	x22,x1,426	  x1:0x00000000 x22=0x000001aa
     472155.000 ns	     47214	80009aa8	02158fb3	mul	x31,x11,x1	 x11:0x80040fe4  x1:0x00000000 x31=0x00000000
     472175.000 ns	     47216	80009aac	0049f7b3	and	x15,x19,x4	 x19:0xbb558000  x4:0x00000001 x15=0x00000000
     472215.000 ns	     47220	80009ab0	08b03653	fsub.s	f12,f0,f11	  f0:0x7fc00000 f11:0x00000000 f12=0x7fc00000
     472245.000 ns	     47223	80009ab4	c00088d3	fcvt.w.s	x17,f1	  f1:0x41350434 x17=0x0000000b
     472295.000 ns	     47228	80009ab8	08ebf9d3	fsub.s	f19,f23,f14	 f23:0x7fc00000 f14:0xf18203d4 f19=0x7fc00000
     472325.000 ns	     47231	80009abc	e0040653	fmv.x.w	x12,f8	  f8:0xffc00000 x12=0xffc00000
     472345.000 ns	     47233	80009ac0	416c8a33	sub	x20,x25,x22	 x25:0x00000000 x22:0x000001aa x20=0xfffffe56
     472365.000 ns	     47235	80009ac4	027aee33	rem	x28,x21,x7	 x21:0x54ab7822  x7:0x00000000 x28=0x54ab7822
     472395.000 ns	     47238	80009ac8	e00317d3	fclass.s	x15,f6	  f6:0xcefff7e0 x15=0x00000002
     472425.000 ns	     47241	80009acc	e0058953	fmv.x.w	x18,f11	 f11:0x00000000 x18=0x00000000
     472455.000 ns	     47244	80009ad0	d011f9d3	fcvt.s.wu	f19,x3	  x3:0x80040fe4 f19=0x4f00040f
     472495.000 ns	     47248	80009ad4	105cbad3	fmul.s	f21,f25,f5	 f25:0x41350434  f5:0x4efff7e0 f21=0x50b4fe76
     472525.000 ns	     47251	80009ad8	210c8ad3	fsgnj.s	f21,f25,f16	 f25:0x41350434 f16:0xcefff7dc f21=0xc1350434
     472555.000 ns	     47254	80009adc	211f90d3	fsgnjn.s	f1,f31,f17	 f31:0xcefff7e0 f17:0xcf800000  f1=0x4efff7e0
     472585.000 ns	     47257	80009ae0	03fc81b3	mul	x3,x25,x31	 x25:0x00000000 x31:0x00000000  x3=0x00000000
     472605.000 ns	     47259	80009ae4	0088d3b3	srl	x7,x17,x8	 x17:0x0000000b  x8:0x00000000  x7=0x0000000b
     472615.000 ns	     47260	80009ae8	4164d913	srai	x18,x9,0x16	  x9:0x7fc00000 x18=0x000001ff
     472635.000 ns	     47262	80009aec	29b28253	fmin.s	f4,f5,f27	  f5:0x4efff7e0 f27:0x7fc00000  f4=0x4efff7e0
     472655.000 ns	     47264	80009af0	f6e83b37	lui	x22,0xf6e83	 x22=0xf6e83000
     472665.000 ns	     47265	80009af4	00f05eb3	srl	x29,x0,x15	  x0:0x00000000 x15:0x00000002 x29=0x00000000
     472675.000 ns	     47266	80009af8	9642b693	sltiu	x13,x5,-1692	  x5:0x00200104 x13=0x00000001
     472685.000 ns	     47267	80009afc	01b01393	slli	x7,x0,0x1b	  x0:0x00000000  x7=0x00000000
     472695.000 ns	     47268	80009b00	43756517	auipc	x10,0x43756	 x10=0xc375fb00
     472705.000 ns	     47269	80009b04	40f78cb3	sub	x25,x15,x15	 x15:0x00000002 x15:0x00000002 x25=0x00000000
     472715.000 ns	     47270	80009b08	30c5e293	ori	x5,x11,780	 x11:0x80040fe4  x5=0x80040fec
     472735.000 ns	     47272	80009b0c	d01746d3	fcvt.s.wu	f13,x14	 x14:0x00000000 f13=0x00000000
     472755.000 ns	     47274	80009b10	01b0f2b3	and	x5,x1,x27	  x1:0x00000000 x27:0x00000000  x5=0x00000000
     472765.000 ns	     47275	80009b14	011498b3	sll	x17,x9,x17	  x9:0x7fc00000 x17:0x0000000b x17=0x00000000
     472785.000 ns	     47277	80009b18	a1cda553	feq.s	x10,f27,f28	 f27:0x7fc00000 f28:0x4f800000 x10=0x00000000
     472815.000 ns	     47280	80009b1c	c01736d3	fcvt.wu.s	x13,f14	 f14:0xf18203d4 x13=0x00000000
     472835.000 ns	     47282	80009b20	40895a33	sra	x20,x18,x8	 x18:0x000001ff  x8:0x00000000 x20=0x000001ff
     472845.000 ns	     47283	80009b24	338a0c97	auipc	x25,0x338a0	 x25=0xb38a9b24
     472865.000 ns	     47285	80009b28	f0000bd3	fmv.w.x	f23,x0	  x0:0x00000000 f23=0x00000000
     472895.000 ns	     47288	80009b2c	21b68253	fsgnj.s	f4,f13,f27	 f13:0x00000000 f27:0x7fc00000  f4=0x00000000
     472925.000 ns	     47291	80009b30	c01ef0d3	fcvt.wu.s	x1,f29	 f29:0x00000001  x1=0x00000000
     472945.000 ns	     47293	80009b34	afbe6d13	ori	x26,x28,-1285	 x28:0x54ab7822 x26=0xfffffafb
     472965.000 ns	     47295	80009b38	03d197b3	mulh	x15,x3,x29	  x3:0x00000000 x29:0x00000000 x15=0x00000000
     472985.000 ns	     47297	80009b3c	72ae2e93	slti	x29,x28,1834	 x28:0x54ab7822 x29=0x00000000
     473005.000 ns	     47299	80009b40	286f1c53	fmax.s	f24,f30,f6	 f30:0x4f800000  f6:0xcefff7e0 f24=0x4f800000
     473025.000 ns	     47301	80009b44	00000013	addi	x0,x0,0	  x0:0x00000000
     473035.000 ns	     47302	80009b48	01bb6eb3	or	x29,x22,x27	 x22:0xf6e83000 x27:0x00000000 x29=0xf6e83000
     473055.000 ns	     47304	80009b4c	a00e0353	fle.s	x6,f28,f0	 f28:0x4f800000  f0:0x7fc00000  x6=0x00000000
     473105.000 ns	     47309	80009b50	09c5b1d3	fsub.s	f3,f11,f28	 f11:0x00000000 f28:0x4f800000  f3=0xcf800000
     473125.000 ns	     47311	80009b54	00ab91b3	sll	x3,x23,x10	 x23:0x00000000 x10:0x00000000  x3=0x00000000
     473145.000 ns	     47313	80009b58	02fe86b3	mul	x13,x29,x15	 x29:0xf6e83000 x15:0x00000000 x13=0x00000000
     473165.000 ns	     47315	80009b5c	018fbc33	sltu	x24,x31,x24	 x31:0x00000000 x24:0x00000000 x24=0x00000000
     473175.000 ns	     47316	80009b60	0178aeb3	slt	x29,x17,x23	 x17:0x00000000 x23:0x00000000 x29=0x00000000
     473195.000 ns	     47318	80009b64	f0048553	fmv.w.x	f10,x9	  x9:0x7fc00000 f10=0x7fc00000
     473225.000 ns	     47321	80009b68	e00d9b53	fclass.s	x22,f27	 f27:0x7fc00000 x22=0x00000200
     473255.000 ns	     47324	80009b6c	e0069a53	fclass.s	x20,f13	 f13:0x00000000 x20=0x00000010
     473275.000 ns	     47326	80009b70	41b38533	sub	x10,x7,x27	  x7:0x00000000 x27:0x00000000 x10=0x00000000
     473285.000 ns	     47327	80009b74	d5f40e13	addi	x28,x8,-673	  x8:0x00000000 x28=0xfffffd5f
     473295.000 ns	     47328	80009b78	a6d43113	sltiu	x2,x8,-1427	  x8:0x00000000  x2=0x00000001
     473315.000 ns	     47330	80009b7c	2020a1d3	fsgnjx.s	f3,f1,f2	  f1:0x4efff7e0  f2:0xdf7fbc9b  f3=0xcefff7e0
     473335.000 ns	     47332	80009b80	01faee33	or	x28,x21,x31	 x21:0x54ab7822 x31:0x00000000 x28=0x54ab7822
     473345.000 ns	     47333	80009b84	01c51313	slli	x6,x10,0x1c	 x10:0x00000000  x6=0x00000000
     473365.000 ns	     47335	80009b88	02d706b3	mul	x13,x14,x13	 x14:0x00000000 x13:0x00000000 x13=0x00000000
     473385.000 ns	     47337	80009b8c	00000013	addi	x0,x0,0	  x0:0x00000000
     473405.000 ns	     47339	80009b90	29449f53	fmax.s	f30,f9,f20	  f9:0x00000000 f20:0x4834ad00 f30=0x4834ad00
     473425.000 ns	     47341	80009b94	01b0d233	srl	x4,x1,x27	  x1:0x00000000 x27:0x00000000  x4=0x00000000
     473435.000 ns	     47342	80009b98	ffe1c613	xori	x12,x3,-2	  x3:0x00000000 x12=0xfffffffe
     473455.000 ns	     47344	80009b9c	e00607d3	fmv.x.w	x15,f12	 f12:0x7fc00000 x15=0x7fc00000
     473485.000 ns	     47347	80009ba0	28b101d3	fmin.s	f3,f2,f11	  f2:0xdf7fbc9b f11:0x00000000  f3=0xdf7fbc9b
     473515.000 ns	     47350	80009ba4	c00d4b53	fcvt.w.s	x22,f26	 f26:0xdf7fbc9b x22=0x80000000
     473545.000 ns	     47353	80009ba8	c00aa0d3	fcvt.w.s	x1,f21	 f21:0xc1350434  x1=0xfffffff4
     473565.000 ns	     47355	80009bac	40f45c13	srai	x24,x8,0xf	  x8:0x00000000 x24=0x00000000
     473575.000 ns	     47356	80009bb0	ef08f413	andi	x8,x17,-272	 x17:0x00000000  x8=0x00000000
     473595.000 ns	     47358	80009bb4	03cb83b3	mul	x7,x23,x28	 x23:0x00000000 x28:0x54ab7822  x7=0x00000000
     473615.000 ns	     47360	80009bb8	01237bb3	and	x23,x6,x18	  x6:0x00000000 x18:0x000001ff x23=0x00000000
     473635.000 ns	     47362	80009bbc	032994b3	mulh	x9,x19,x18	 x19:0xbb558000 x18:0x000001ff  x9=0xffffff76
     473665.000 ns	     47365	80009bc0	28e01b53	fmax.s	f22,f0,f14	  f0:0x7fc00000 f14:0xf18203d4 f22=0xf18203d4
     474035.000 ns	     47402	80009bc4	0226e633	rem	x12,x13,x2	 x13:0x00000000  x2:0x00000001 x12=0x00000000
     474065.000 ns	     47405	80009bc8	a1c69353	flt.s	x6,f13,f28	 f13:0x00000000 f28:0x4f800000  x6=0x00000001
     474085.000 ns	     47407	80009bcc	001fe133	or	x2,x31,x1	 x31:0x00000000  x1:0xfffffff4  x2=0xfffffff4
     474095.000 ns	     47408	80009bd0	deea6317	auipc	x6,0xdeea6	  x6=0x5eeafbd0
     474105.000 ns	     47409	80009bd4	14b9cc93	xori	x25,x19,331	 x19:0xbb558000 x25=0xbb55814b
     474125.000 ns	     47411	80009bd8	c01ecc53	fcvt.wu.s	x24,f29	 f29:0x00000001 x24=0x00000000
     474145.000 ns	     47413	80009bdc	00ad0133	add	x2,x26,x10	 x26:0xfffffafb x10:0x00000000  x2=0xfffffafb
     474165.000 ns	     47415	80009be0	295f9053	fmax.s	f0,f31,f21	 f31:0xcefff7e0 f21:0xc1350434  f0=0xc1350434
     474535.000 ns	     47452	80009be4	035f4bb3	div	x23,x30,x21	 x30:0x80041024 x21:0x54ab7822 x23=0xffffffff
     474555.000 ns	     47454	80009be8	40f50033	sub	x0,x10,x15	 x10:0x00000000 x15:0x7fc00000
     474575.000 ns	     47456	80009bec	a0b5a3d3	feq.s	x7,f11,f11	 f11:0x00000000 f11:0x00000000  x7=0x00000001
     474605.000 ns	     47459	80009bf0	a0d00ed3	fle.s	x29,f0,f13	  f0:0xc1350434 f13:0x00000000 x29=0x00000001
     474625.000 ns	     47461	80009bf4	0102d693	srli	x13,x5,0x10	  x5:0x00000000 x13=0x00000000
     474635.000 ns	     47462	80009bf8	015388b3	add	x17,x7,x21	  x7:0x00000001 x21:0x54ab7822 x17=0x54ab7823
     474655.000 ns	     47464	80009bfc	022e91b3	mulh	x3,x29,x2	 x29:0x00000001  x2:0xfffffafb  x3=0xffffffff
     474675.000 ns	     47466	80009c00	0197a133	slt	x2,x15,x25	 x15:0x7fc00000 x25:0xbb55814b  x2=0x00000000
     474685.000 ns	     47467	80009c04	00ae9d33	sll	x26,x29,x10	 x29:0x00000001 x10:0x00000000 x26=0x00000001
     474695.000 ns	     47468	80009c08	00a23533	sltu	x10,x4,x10	  x4:0x00000000 x10:0x00000000 x10=0x00000000
     474735.000 ns	     47472	80009c0c	08374fd3	fsub.s	f31,f14,f3	 f14:0xf18203d4  f3:0xdf7fbc9b f31=0xf18203d4
     474765.000 ns	     47475	80009c10	f0048653	fmv.w.x	f12,x9	  x9:0xffffff76 f12=0xffffff76
     475135.000 ns	     47512	80009c14	0313f633	remu	x12,x7,x17	  x7:0x00000001 x17:0x54ab7823 x12=0x00000001
     475155.000 ns	     47514	80009c18	40807093	andi	x1,x0,1032	  x0:0x00000000  x1=0x00000000
     475165.000 ns	     47515	80009c1c	4163d113	srai	x2,x7,0x16	  x7:0x00000001  x2=0x00000000
     475185.000 ns	     47517	80009c20	d01db853	fcvt.s.wu	f16,x27	 x27:0x00000000 f16=0x00000000
     475205.000 ns	     47519	80009c24	018604b3	add	x9,x12,x24	 x12:0x00000001 x24:0x00000000  x9=0x00000001
     475215.000 ns	     47520	80009c28	0021c3b3	xor	x7,x3,x2	  x3:0xffffffff  x2:0x00000000  x7=0xffffffff
     475225.000 ns	     47521	80009c2c	38846f93	ori	x31,x8,904	  x8:0x00000000 x31=0x00000388
     475245.000 ns	     47523	80009c30	e0049bd3	fclass.s	x23,f9	  f9:0x00000000 x23=0x00000010
     475275.000 ns	     47526	80009c34	299914d3	fmax.s	f9,f18,f25	 f18:0x80000000 f25:0x41350434  f9=0x41350434
     475295.000 ns	     47528	80009c38	f1b0bb93	sltiu	x23,x1,-229	  x1:0x00000000 x23=0x00000001
     475305.000 ns	     47529	80009c3c	00a108b3	add	x17,x2,x10	  x2:0x00000000 x10:0x00000000 x17=0x00000000
     475315.000 ns	     47530	80009c40	410ad833	sra	x16,x21,x16	 x21:0x54ab7822 x16:0x00000000 x16=0x54ab7822
     475325.000 ns	     47531	80009c44	01fb3933	sltu	x18,x22,x31	 x22:0x80000000 x31:0x00000388 x18=0x00000000
     475685.000 ns	     47567	80009c48	036761b3	rem	x3,x14,x22	 x14:0x00000000 x22:0x80000000  x3=0x00000000
     475705.000 ns	     47569	80009c4c	00395233	srl	x4,x18,x3	 x18:0x000001ff  x3:0xffffffff  x4=0x00000000
     475745.000 ns	     47573	80009c50	08b0f8d3	fsub.s	f17,f1,f11	  f1:0x4efff7e0 f11:0x00000000 f17=0x4efff7e0
     475775.000 ns	     47576	80009c54	e00e1053	fclass.s	x0,f28	 f28:0x4f800000
     475795.000 ns	     47578	80009c58	1931e413	ori	x8,x3,403	  x3:0x00000000  x8=0x00000193
     475815.000 ns	     47580	80009c5c	a0e0afd3	feq.s	x31,f1,f14	  f1:0x4efff7e0 f14:0xf18203d4 x31=0x00000000
     475845.000 ns	     47583	80009c60	c004b653	fcvt.w.s	x12,f9	  f9:0x41350434 x12=0x0000000c
     475865.000 ns	     47585	80009c64	40fbd613	srai	x12,x23,0xf	 x23:0x00000001 x12=0x00000000
     475885.000 ns	     47587	80009c68	a06d9c53	flt.s	x24,f27,f6	 f27:0x7fc00000  f6:0xcefff7e0 x24=0x00000000
     475905.000 ns	     47589	80009c6c	2bd70e37	lui	x28,0x2bd70	 x28=0x2bd70000
     475925.000 ns	     47591	80009c70	d008f5d3	fcvt.s.w	f11,x17	 x17:0x00000000 f11=0x00000000
     475955.000 ns	     47594	80009c74	02fa9233	mulh	x4,x21,x15	 x21:0x54ab7822 x15:0x7fc00000  x4=0x2a409132
     475975.000 ns	     47596	80009c78	40ced133	sra	x2,x29,x12	 x29:0x00000001 x12:0x00000000  x2=0x00000001
     475985.000 ns	     47597	80009c7c	016a50b3	srl	x1,x20,x22	 x20:0x00000010 x22:0x80000000  x1=0x00000010
     476005.000 ns	     47599	80009c80	a0998d53	fle.s	x26,f19,f9	 f19:0x4f00040f  f9:0x41350434 x26=0x00000000
     476025.000 ns	     47601	80009c84	0eb8a793	slti	x15,x17,235	 x17:0x00000000 x15=0x00000001
     476035.000 ns	     47602	80009c88	59a8e9b7	lui	x19,0x59a8e	 x19=0x59a8e000
     476045.000 ns	     47603	80009c8c	41f75033	sra	x0,x14,x31	 x14:0x00000000 x31:0x00000000
     476055.000 ns	     47604	80009c90	01489d13	slli	x26,x17,0x14	 x17:0x00000000 x26=0x00000000
     476075.000 ns	     47606	80009c94	c00bf3d3	fcvt.w.s	x7,f23	 f23:0x00000000  x7=0x00000000
     476105.000 ns	     47609	80009c98	02ed50b3	divu	x1,x26,x14	 x26:0x00000000 x14:0x00000000  x1=0xffffffff
     476125.000 ns	     47611	80009c9c	00c25613	srli	x12,x4,0xc	  x4:0x2a409132 x12=0x0002a409
     476165.000 ns	     47615	80009ca0	007889d3	fadd.s	f19,f17,f7	 f17:0x4efff7e0  f7:0x80000000 f19=0x4efff7e0
     476195.000 ns	     47618	80009ca4	031fbd33	mulhu	x26,x31,x17	 x31:0x00000000 x17:0x00000000 x26=0x00000000
     476215.000 ns	     47620	80009ca8	010d5d93	srli	x27,x26,0x10	 x26:0x00000000 x27=0x00000000
     476255.000 ns	     47624	80009cac	00f0fad3	fadd.s	f21,f1,f15	  f1:0x4efff7e0 f15:0x471339b4 f21=0x4efff906
     476285.000 ns	     47627	80009cb0	a1c92753	feq.s	x14,f18,f28	 f18:0x80000000 f28:0x4f800000 x14=0x00000000
     476305.000 ns	     47629	80009cb4	88acbb93	sltiu	x23,x25,-1910	 x25:0xbb55814b x23=0x00000001
     476315.000 ns	     47630	80009cb8	01575613	srli	x12,x14,0x15	 x14:0x00000000 x12=0x00000000
     476335.000 ns	     47632	80009cbc	20dd13d3	fsgnjn.s	f7,f26,f13	 f26:0xdf7fbc9b f13:0x00000000  f7=0xdf7fbc9b
     476355.000 ns	     47634	80009cc0	00000013	addi	x0,x0,0	  x0:0x00000000
     476375.000 ns	     47636	80009cc4	03806833	rem	x16,x0,x24	  x0:0x00000000 x24:0x00000000 x16=0x00000000
     476395.000 ns	     47638	80009cc8	00613133	sltu	x2,x2,x6	  x2:0x00000001  x6:0x5eeafbd0  x2=0x00000001
     476415.000 ns	     47640	80009ccc	280c9253	fmax.s	f4,f25,f0	 f25:0x41350434  f0:0xc1350434  f4=0x41350434
     476435.000 ns	     47642	80009cd0	01899213	slli	x4,x19,0x18	 x19:0x59a8e000  x4=0x00000000
     476445.000 ns	     47643	80009cd4	001b5313	srli	x6,x22,0x1	 x22:0x80000000  x6=0x40000000
     476455.000 ns	     47644	80009cd8	41f40b33	sub	x22,x8,x31	  x8:0x00000193 x31:0x00000000 x22=0x00000193
     476465.000 ns	     47645	80009cdc	013598b3	sll	x17,x11,x19	 x11:0x80040fe4 x19:0x59a8e000 x17=0x80040fe4
     476475.000 ns	     47646	80009ce0	0038efb3	or	x31,x17,x3	 x17:0x00000000  x3:0x00000000 x31=0x80040fe4
     476495.000 ns	     47648	80009ce4	21ea13d3	fsgnjn.s	f7,f20,f30	 f20:0x4834ad00 f30:0x4834ad00  f7=0xc834ad00
     476515.000 ns	     47650	80009ce8	00a4ca33	xor	x20,x9,x10	  x9:0x00000001 x10:0x00000000 x20=0x00000001
     476525.000 ns	     47651	80009cec	01b75933	srl	x18,x14,x27	 x14:0x00000000 x27:0x00000000 x18=0x00000000
     476855.000 ns	     47684	80009cf0	19d372d3	fdiv.s	f5,f6,f29	  f6:0xcefff7e0 f29:0x00000001  f5=0xff800000
     476885.000 ns	     47687	80009cf4	21bc9353	fsgnjn.s	f6,f25,f27	 f25:0x41350434 f27:0x7fc00000  f6=0xc1350434
     476915.000 ns	     47690	80009cf8	20a30553	fsgnj.s	f10,f6,f10	  f6:0xcefff7e0 f10:0x7fc00000 f10=0x41350434
     476945.000 ns	     47693	80009cfc	0276c7b3	div	x15,x13,x7	 x13:0x00000000  x7:0x00000000 x15=0xffffffff
     476975.000 ns	     47696	80009d00	20db8753	fsgnj.s	f14,f23,f13	 f23:0x00000000 f13:0x00000000 f14=0x00000000
     477315.000 ns	     47730	80009d04	19588f53	fdiv.s	f30,f17,f21	 f17:0x4efff7e0 f21:0x4efff906 f30=0x3f7ff7e0
     477345.000 ns	     47733	80009d08	0329e3b3	rem	x7,x19,x18	 x19:0x59a8e000 x18:0x00000000  x7=0x59a8e000
     477375.000 ns	     47736	80009d0c	d0137953	fcvt.s.wu	f18,x6	  x6:0x40000000 f18=0x4e800000
     477395.000 ns	     47738	80009d10	018c3c33	sltu	x24,x24,x24	 x24:0x00000000 x24:0x00000000 x24=0x00000000
     477415.000 ns	     47740	80009d14	a0ce14d3	flt.s	x9,f28,f12	 f28:0x4f800000 f12:0xffffff76  x9=0x00000000
     477465.000 ns	     47745	80009d18	09a6f1d3	fsub.s	f3,f13,f26	 f13:0x00000000 f26:0xdf7fbc9b  f3=0x5f7fbc9b
     477485.000 ns	     47747	80009d1c	010dfe33	and	x28,x27,x16	 x27:0x00000000 x16:0x00000000 x28=0x00000000
     477525.000 ns	     47751	80009d20	01367553	fadd.s	f10,f12,f19	 f12:0xffffff76 f19:0x4efff7e0 f10=0x7fc00000
     477555.000 ns	     47754	80009d24	a0859653	flt.s	x12,f11,f8	 f11:0x00000000  f8:0xffc00000 x12=0x00000000
     477585.000 ns	     47757	80009d28	d01111d3	fcvt.s.wu	f3,x2	  x2:0x00000001  f3=0x3f800000
     477615.000 ns	     47760	80009d2c	02820bb3	mul	x23,x4,x8	  x4:0x00000000  x8:0x00000193 x23=0x00000000
     477665.000 ns	     47765	80009d30	096b1253	fsub.s	f4,f22,f22	 f22:0xf18203d4 f22:0xf18203d4  f4=0x00000000
     477695.000 ns	     47768	80009d34	a1181a53	flt.s	x20,f16,f17	 f16:0x00000000 f17:0x4efff7e0 x20=0x00000001
     477725.000 ns	     47771	80009d38	a1c88cd3	fle.s	x25,f17,f28	 f17:0x4efff7e0 f28:0x4f800000 x25=0x00000001
     478065.000 ns	     47805	80009d3c	19af1653	fdiv.s	f12,f30,f26	 f30:0x3f7ff7e0 f26:0xdf7fbc9b f12=0x9f7ff7e0
     478095.000 ns	     47808	80009d40	c01ab2d3	fcvt.wu.s	x5,f21	 f21:0x4efff906  x5=0x7ffc8300
     478125.000 ns	     47811	80009d44	02c0c2b3	div	x5,x1,x12	  x1:0xffffffff x12:0x00000000  x5=0xffffffff
     478155.000 ns	     47814	80009d48	29661dd3	fmax.s	f27,f12,f22	 f12:0x9f7ff7e0 f22:0xf18203d4 f27=0x9f7ff7e0
     478185.000 ns	     47817	80009d4c	c0017253	fcvt.w.s	x4,f2	  f2:0xdf7fbc9b  x4=0x80000000
     478205.000 ns	     47819	80009d50	0001ed33	or	x26,x3,x0	  x3:0x00000000  x0:0x00000000 x26=0x00000000
     478215.000 ns	     47820	80009d54	41c8dbb3	sra	x23,x17,x28	 x17:0x80040fe4 x28:0x00000000 x23=0x80040fe4
     478245.000 ns	     47823	80009d58	18dd96d3	fdiv.s	f13,f27,f13	 f27:0x9f7ff7e0 f13:0x00000000 f13=0xff800000
     478295.000 ns	     47828	80009d5c	00617d53	fadd.s	f26,f2,f6	  f2:0xdf7fbc9b  f6:0xc1350434 f26=0xdf7fbc9b
     478315.000 ns	     47830	80009d60	00378733	add	x14,x15,x3	 x15:0xffffffff  x3:0x00000000 x14=0xffffffff
     478335.000 ns	     47832	80009d64	a1a890d3	flt.s	x1,f17,f26	 f17:0x4efff7e0 f26:0xdf7fbc9b  x1=0x00000000
     478355.000 ns	     47834	80009d68	402a5a33	sra	x20,x20,x2	 x20:0x00000001  x2:0x00000001 x20=0x00000000
     478375.000 ns	     47836	80009d6c	20302453	fsgnjx.s	f8,f0,f3	  f0:0xc1350434  f3:0x3f800000  f8=0xc1350434
     478395.000 ns	     47838	80009d70	21482d93	slti	x27,x16,532	 x16:0x00000000 x27=0x00000001
     478405.000 ns	     47839	80009d74	6b675697	auipc	x13,0x6b675	 x13=0xeb67ed74
     478425.000 ns	     47841	80009d78	03153d33	mulhu	x26,x10,x17	 x10:0x00000000 x17:0x80040fe4 x26=0x00000000
     478455.000 ns	     47844	80009d7c	c01fc853	fcvt.wu.s	x16,f31	 f31:0xf18203d4 x16=0x00000000
     478475.000 ns	     47846	80009d80	01931133	sll	x2,x6,x25	  x6:0x40000000 x25:0x00000001  x2=0x80000000
     478485.000 ns	     47847	80009d84	00bb7c33	and	x24,x22,x11	 x22:0x00000193 x11:0x80040fe4 x24=0x00000180
     478845.000 ns	     47883	80009d88	0279d433	divu	x8,x19,x7	 x19:0x59a8e000  x7:0x59a8e000  x8=0x00000001
     478885.000 ns	     47887	80009d8c	580729d3	fsqrt.s	f19,f14	 f14:0x00000000 f19=0x00000000
     478905.000 ns	     47889	80009d90	40dcde93	srai	x29,x25,0xd	 x25:0x00000001 x29=0x00000000
     479265.000 ns	     47925	80009d94	02b25b33	divu	x22,x4,x11	  x4:0x80000000 x11:0x80040fe4 x22=0x00000000
     479285.000 ns	     47927	80009d98	40750433	sub	x8,x10,x7	 x10:0x00000000  x7:0x59a8e000  x8=0xa6572000
     479295.000 ns	     47928	80009d9c	40e35033	sra	x0,x6,x14	  x6:0x40000000 x14:0xffffffff
     479305.000 ns	     47929	80009da0	008a19b3	sll	x19,x20,x8	 x20:0x00000000  x8:0x00000001 x19=0x00000000
     479325.000 ns	     47931	80009da4	d0147453	fcvt.s.wu	f8,x8	  x8:0xa6572000  f8=0x4f265720
     479355.000 ns	     47934	80009da8	03c85d33	divu	x26,x16,x28	 x16:0x00000000 x28:0x00000000 x26=0xffffffff
     479375.000 ns	     47936	80009dac	01713c33	sltu	x24,x2,x23	  x2:0x80000000 x23:0x80040fe4 x24=0x00000001
     479395.000 ns	     47938	80009db0	02c11033	mulh	x0,x2,x12	  x2:0x80000000 x12:0x00000000
     479415.000 ns	     47940	80009db4	41b2d033	sra	x0,x5,x27	  x5:0xffffffff x27:0x00000001
     479435.000 ns	     47942	80009db8	20438153	fsgnj.s	f2,f7,f4	  f7:0xc834ad00  f4:0x00000000  f2=0x4834ad00
     479455.000 ns	     47944	80009dbc	04a2bf93	sltiu	x31,x5,74	  x5:0xffffffff x31=0x00000000
     479475.000 ns	     47946	80009dc0	a08892d3	flt.s	x5,f17,f8	 f17:0x4efff7e0  f8:0x4f265720  x5=0x00000001
     479505.000 ns	     47949	80009dc4	204399d3	fsgnjn.s	f19,f7,f4	  f7:0xc834ad00  f4:0x00000000 f19=0xc834ad00
     479535.000 ns	     47952	80009dc8	02061233	mulh	x4,x12,x0	 x12:0x00000000  x0:0x00000000  x4=0x00000000
     479555.000 ns	     47954	80009dcc	642bf513	andi	x10,x23,1602	 x23:0x80040fe4 x10=0x00000640
     479575.000 ns	     47956	80009dd0	d00da7d3	fcvt.s.w	f15,x27	 x27:0x00000001 f15=0x3f800000
     479605.000 ns	     47959	80009dd4	c00004d3	fcvt.w.s	x9,f0	  f0:0xc1350434  x9=0xfffffff5
     479635.000 ns	     47962	80009dd8	28cc1153	fmax.s	f2,f24,f12	 f24:0x4f800000 f12:0x9f7ff7e0  f2=0x4f800000
     479655.000 ns	     47964	80009ddc	41fddd33	sra	x26,x27,x31	 x27:0x00000001 x31:0x00000000 x26=0x00000001
     479685.000 ns	     47967	80009de0	111c7153	fmul.s	f2,f24,f17	 f24:0x4f800000 f17:0x4efff7e0  f2=0x5efff7e0
     479705.000 ns	     47969	80009de4	00000013	addi	x0,x0,0	  x0:0x00000000
     479715.000 ns	     47970	80009de8	008d4b33	xor	x22,x26,x8	 x26:0x00000001  x8:0xa6572000 x22=0xa6572001
     479745.000 ns	     47973	80009dec	5809fb53	fsqrt.s	f22,f19	 f19:0xc834ad00 f22=0x7fc00000
     479775.000 ns	     47976	80009df0	034b6d33	rem	x26,x22,x20	 x22:0x00000000 x20:0x00000000 x26=0xa6572001
     479805.000 ns	     47979	80009df4	a1ad0a53	fle.s	x20,f26,f26	 f26:0xdf7fbc9b f26:0xdf7fbc9b x20=0x00000001
     479825.000 ns	     47981	80009df8	00cc3e33	sltu	x28,x24,x12	 x24:0x00000001 x12:0x00000000 x28=0x00000000
     479845.000 ns	     47983	80009dfc	02c71933	mulh	x18,x14,x12	 x14:0xffffffff x12:0x00000000 x18=0x00000000
     479865.000 ns	     47985	80009e00	e0c3ee13	ori	x28,x7,-500	  x7:0x59a8e000 x28=0xfffffe0c
     479885.000 ns	     47987	80009e04	a18e8453	fle.s	x8,f29,f24	 f29:0x00000001 f24:0x4f800000  x8=0x00000001
     479915.000 ns	     47990	80009e08	028bb033	mulhu	x0,x23,x8	 x23:0x80040fe4  x8:0xa6572000
     479945.000 ns	     47993	80009e0c	c01679d3	fcvt.wu.s	x19,f12	 f12:0x9f7ff7e0 x19=0x00000000
     479965.000 ns	     47995	80009e10	0160deb3	srl	x29,x1,x22	  x1:0x00000000 x22:0xa6572001 x29=0x00000000
     479985.000 ns	     47997	80009e14	0319ab33	mulhsu	x22,x19,x17	 x19:0x00000000 x17:0x80040fe4 x22=0x00000000
     480005.000 ns	     47999	80009e18	018b98b3	sll	x17,x23,x24	 x23:0x80040fe4 x24:0x00000001 x17=0x00081fc8
     480025.000 ns	     48001	80009e1c	0241b533	mulhu	x10,x3,x4	  x3:0x00000000  x4:0x00000000 x10=0x00000000
     480055.000 ns	     48004	80009e20	a0ff00d3	fle.s	x1,f30,f15	 f30:0x3f7ff7e0 f15:0x3f800000  x1=0x00000001
     480075.000 ns	     48006	80009e24	a5bf2313	slti	x6,x30,-1445	 x30:0x80041024  x6=0x00000001
     480095.000 ns	     48008	80009e28	c0024453	fcvt.w.s	x8,f4	  f4:0x00000000  x8=0x00000000
     480115.000 ns	     48010	80009e2c	41405113	srai	x2,x0,0x14	  x0:0x00000000  x2=0x00000000
     480125.000 ns	     48011	80009e30	18354393	xori	x7,x10,387	 x10:0x00000000  x7=0x00000183
     480485.000 ns	     48047	80009e34	037b59b3	divu	x19,x22,x23	 x22:0x00000000 x23:0x80040fe4 x19=0x00000000
     480505.000 ns	     48049	80009e38	b8188013	addi	x0,x17,-1151	 x17:0x00081fc8
     480525.000 ns	     48051	80009e3c	c010b8d3	fcvt.wu.s	x17,f1	  f1:0x4efff7e0 x17=0x7ffbf000
     480555.000 ns	     48054	80009e40	c00038d3	fcvt.w.s	x17,f0	  f0:0xc1350434 x17=0xfffffff5
     480585.000 ns	     48057	80009e44	f00d8053	fmv.w.x	f0,x27	 x27:0x00000001  f0=0x00000001
     480605.000 ns	     48059	80009e48	54a5b513	sltiu	x10,x11,1354	 x11:0x80040fe4 x10=0x00000000
     480625.000 ns	     48061	80009e4c	f0030ed3	fmv.w.x	f29,x6	  x6:0x00000001 f29=0x00000001
     480645.000 ns	     48063	80009e50	a08d2e13	slti	x28,x26,-1528	 x26:0xa6572001 x28=0x00000001
     480665.000 ns	     48065	80009e54	29e21853	fmax.s	f16,f4,f30	  f4:0x00000000 f30:0x3f7ff7e0 f16=0x3f7ff7e0
     480685.000 ns	     48067	80009e58	41335533	sra	x10,x6,x19	  x6:0x00000001 x19:0x00000000 x10=0x00000001
     480705.000 ns	     48069	80009e5c	a1d696d3	flt.s	x13,f13,f29	 f13:0xff800000 f29:0x00000001 x13=0x00000001
     480735.000 ns	     48072	80009e60	f00d89d3	fmv.w.x	f19,x27	 x27:0x00000001 f19=0x00000001
     480765.000 ns	     48075	80009e64	e0090bd3	fmv.x.w	x23,f18	 f18:0x4e800000 x23=0x4e800000
     480795.000 ns	     48078	80009e68	21e42cd3	fsgnjx.s	f25,f8,f30	  f8:0x4f265720 f30:0x3f7ff7e0 f25=0x4f265720
     480825.000 ns	     48081	80009e6c	20ca9653	fsgnjn.s	f12,f21,f12	 f21:0x4efff906 f12:0x9f7ff7e0 f12=0x4efff906
     480855.000 ns	     48084	80009e70	287f1053	fmax.s	f0,f30,f7	 f30:0x3f7ff7e0  f7:0xc834ad00  f0=0x3f7ff7e0
     480885.000 ns	     48087	80009e74	c013cbd3	fcvt.wu.s	x23,f7	  f7:0xc834ad00 x23=0x0002d2b4
     480905.000 ns	     48089	80009e78	01ec5d33	srl	x26,x24,x30	 x24:0x00000001 x30:0x80041024 x26=0x00000000
     480915.000 ns	     48090	80009e7c	00522833	slt	x16,x4,x5	  x4:0x00000000  x5:0x00000001 x16=0x00000001
     480935.000 ns	     48092	80009e80	e00e1653	fclass.s	x12,f28	 f28:0x4f800000 x12=0x00000040
     481305.000 ns	     48129	80009e84	0270e933	rem	x18,x1,x7	  x1:0x00000001  x7:0x00000183 x18=0x00000001
     481335.000 ns	     48132	80009e88	d0077dd3	fcvt.s.w	f27,x14	 x14:0xffffffff f27=0xbf800000
     481355.000 ns	     48134	80009e8c	b486fe13	andi	x28,x13,-1208	 x13:0x00000001 x28=0x00000000
     481365.000 ns	     48135	80009e90	413c8533	sub	x10,x25,x19	 x25:0x00000001 x19:0x00000000 x10=0x00000001
     481385.000 ns	     48137	80009e94	02ee10b3	mulh	x1,x28,x14	 x28:0x00000001 x14:0xffffffff  x1=0x00000000
     481405.000 ns	     48139	80009e98	01db1233	sll	x4,x22,x29	 x22:0x00000000 x29:0x00000000  x4=0x00000000
     481415.000 ns	     48140	80009e9c	00000a97	auipc	x21,0x0	 x21=0x80009e9c
     481425.000 ns	     48141	80009ea0	00ca8a93	addi	x21,x21,12	 x21:0x54ab7822 x21=0x80009ea8
     481435.000 ns	     48142	80009ea4	000a8067	jalr	x0,x21,0	 x21:0x54ab7822
     481485.000 ns	     48147	80009ea8	00100193	addi	x3,x0,1	  x0:0x00000000  x3=0x00000001
     481495.000 ns	     48148	80009eac	00000073	ecall	
     481505.000 ns	     48149	80009eb0	00036f17	auipc	x30,0x36	 x30=0x8003feb0
     481515.000 ns	     48150	80009eb4	143f2823	sw	x3,336(x30)	 x30:0x80041024  x3:0x00000001 PA:0xxxxxxxxx
     481535.000 ns	     48152	80009eb8	ff9ff06f	jal	x0,80009eb4	
     481585.000 ns	     48157	80009eb0	00036f17	auipc	x30,0x36	 x30=0x8003feb0
     481595.000 ns	     48158	80009eb4	143f2823	sw	x3,336(x30)	 x30:0x8003feb0  x3:0x00000001 PA:0xxxxxxxxx
     481615.000 ns	     48160	80009eb8	ff9ff06f	jal	x0,80009eb4	
     481665.000 ns	     48165	80009eb0	00036f17	auipc	x30,0x36	 x30=0x8003feb0
     481675.000 ns	     48166	80009eb4	143f2823	sw	x3,336(x30)	 x30:0x8003feb0  x3:0x00000001 PA:0xxxxxxxxx
     481695.000 ns	     48168	80009eb8	ff9ff06f	jal	x0,80009eb4	
     481745.000 ns	     48173	80009eb0	00036f17	auipc	x30,0x36	 x30=0x8003feb0
     481755.000 ns	     48174	80009eb4	143f2823	sw	x3,336(x30)	 x30:0x8003feb0  x3:0x00000001 PA:0xxxxxxxxx
     481775.000 ns	     48176	80009eb8	ff9ff06f	jal	x0,80009eb4	
     481825.000 ns	     48181	80009eb0	00036f17	auipc	x30,0x36	 x30=0x8003feb0
     481835.000 ns	     48182	80009eb4	143f2823	sw	x3,336(x30)	 x30:0x8003feb0  x3:0x00000001 PA:0xxxxxxxxx
     481855.000 ns	     48184	80009eb8	ff9ff06f	jal	x0,80009eb4	
     481905.000 ns	     48189	80009eb0	00036f17	auipc	x30,0x36	 x30=0x8003feb0
     481915.000 ns	     48190	80009eb4	143f2823	sw	x3,336(x30)	 x30:0x8003feb0  x3:0x00000001 PA:0xxxxxxxxx
     481935.000 ns	     48192	80009eb8	ff9ff06f	jal	x0,80009eb4	
     481985.000 ns	     48197	80009eb0	00036f17	auipc	x30,0x36	 x30=0x8003feb0
     481995.000 ns	     48198	80009eb4	143f2823	sw	x3,336(x30)	 x30:0x8003feb0  x3:0x00000001 PA:0xxxxxxxxx
     482015.000 ns	     48200	80009eb8	ff9ff06f	jal	x0,80009eb4	
     482065.000 ns	     48205	80009eb0	00036f17	auipc	x30,0x36	 x30=0x8003feb0
     482075.000 ns	     48206	80009eb4	143f2823	sw	x3,336(x30)	 x30:0x8003feb0  x3:0x00000001 PA:0xxxxxxxxx
     482095.000 ns	     48208	80009eb8	ff9ff06f	jal	x0,80009eb4	
     482145.000 ns	     48213	80009eb0	00036f17	auipc	x30,0x36	 x30=0x8003feb0
     482155.000 ns	     48214	80009eb4	143f2823	sw	x3,336(x30)	 x30:0x8003feb0  x3:0x00000001 PA:0xxxxxxxxx
     482175.000 ns	     48216	80009eb8	ff9ff06f	jal	x0,80009eb4	
     482225.000 ns	     48221	80009eb0	00036f17	auipc	x30,0x36	 x30=0x8003feb0
     482235.000 ns	     48222	80009eb4	143f2823	sw	x3,336(x30)	 x30:0x8003feb0  x3:0x00000001 PA:0xxxxxxxxx
     482255.000 ns	     48224	80009eb8	ff9ff06f	jal	x0,80009eb4	
     482305.000 ns	     48229	80009eb0	00036f17	auipc	x30,0x36	 x30=0x8003feb0
     482315.000 ns	     48230	80009eb4	143f2823	sw	x3,336(x30)	 x30:0x8003feb0  x3:0x00000001 PA:0xxxxxxxxx
     482335.000 ns	     48232	80009eb8	ff9ff06f	jal	x0,80009eb4	
     482385.000 ns	     48237	80009eb0	00036f17	auipc	x30,0x36	 x30=0x8003feb0
     482395.000 ns	     48238	80009eb4	143f2823	sw	x3,336(x30)	 x30:0x8003feb0  x3:0x00000001 PA:0xxxxxxxxx
     482415.000 ns	     48240	80009eb8	ff9ff06f	jal	x0,80009eb4	
     482465.000 ns	     48245	80009eb0	00036f17	auipc	x30,0x36	 x30=0x8003feb0
     482475.000 ns	     48246	80009eb4	143f2823	sw	x3,336(x30)	 x30:0x8003feb0  x3:0x00000001 PA:0xxxxxxxxx
     482495.000 ns	     48248	80009eb8	ff9ff06f	jal	x0,80009eb4	
     482545.000 ns	     48253	80009eb0	00036f17	auipc	x30,0x36	 x30=0x8003feb0
     482555.000 ns	     48254	80009eb4	143f2823	sw	x3,336(x30)	 x30:0x8003feb0  x3:0x00000001 PA:0xxxxxxxxx
     482575.000 ns	     48256	80009eb8	ff9ff06f	jal	x0,80009eb4	
     482625.000 ns	     48261	80009eb0	00036f17	auipc	x30,0x36	 x30=0x8003feb0
     482635.000 ns	     48262	80009eb4	143f2823	sw	x3,336(x30)	 x30:0x8003feb0  x3:0x00000001 PA:0xxxxxxxxx
     482655.000 ns	     48264	80009eb8	ff9ff06f	jal	x0,80009eb4	
     482705.000 ns	     48269	80009eb0	00036f17	auipc	x30,0x36	 x30=0x8003feb0
     482715.000 ns	     48270	80009eb4	143f2823	sw	x3,336(x30)	 x30:0x8003feb0  x3:0x00000001 PA:0xxxxxxxxx
     482735.000 ns	     48272	80009eb8	ff9ff06f	jal	x0,80009eb4	
     482785.000 ns	     48277	80009eb0	00036f17	auipc	x30,0x36	 x30=0x8003feb0
     482795.000 ns	     48278	80009eb4	143f2823	sw	x3,336(x30)	 x30:0x8003feb0  x3:0x00000001 PA:0xxxxxxxxx
     482815.000 ns	     48280	80009eb8	ff9ff06f	jal	x0,80009eb4	
     482865.000 ns	     48285	80009eb0	00036f17	auipc	x30,0x36	 x30=0x8003feb0
     482875.000 ns	     48286	80009eb4	143f2823	sw	x3,336(x30)	 x30:0x8003feb0  x3:0x00000001 PA:0xxxxxxxxx
     482895.000 ns	     48288	80009eb8	ff9ff06f	jal	x0,80009eb4	
     482945.000 ns	     48293	80009eb0	00036f17	auipc	x30,0x36	 x30=0x8003feb0
     482955.000 ns	     48294	80009eb4	143f2823	sw	x3,336(x30)	 x30:0x8003feb0  x3:0x00000001 PA:0xxxxxxxxx
     482975.000 ns	     48296	80009eb8	ff9ff06f	jal	x0,80009eb4	
     483025.000 ns	     48301	80009eb0	00036f17	auipc	x30,0x36	 x30=0x8003feb0
     483035.000 ns	     48302	80009eb4	143f2823	sw	x3,336(x30)	 x30:0x8003feb0  x3:0x00000001 PA:0xxxxxxxxx
     483055.000 ns	     48304	80009eb8	ff9ff06f	jal	x0,80009eb4	
     483105.000 ns	     48309	80009eb0	00036f17	auipc	x30,0x36	 x30=0x8003feb0
     483115.000 ns	     48310	80009eb4	143f2823	sw	x3,336(x30)	 x30:0x8003feb0  x3:0x00000001 PA:0xxxxxxxxx
     483135.000 ns	     48312	80009eb8	ff9ff06f	jal	x0,80009eb4	
     483185.000 ns	     48317	80009eb0	00036f17	auipc	x30,0x36	 x30=0x8003feb0
     483195.000 ns	     48318	80009eb4	143f2823	sw	x3,336(x30)	 x30:0x8003feb0  x3:0x00000001 PA:0xxxxxxxxx
     483215.000 ns	     48320	80009eb8	ff9ff06f	jal	x0,80009eb4	
     483265.000 ns	     48325	80009eb0	00036f17	auipc	x30,0x36	 x30=0x8003feb0
     483275.000 ns	     48326	80009eb4	143f2823	sw	x3,336(x30)	 x30:0x8003feb0  x3:0x00000001 PA:0xxxxxxxxx
     483295.000 ns	     48328	80009eb8	ff9ff06f	jal	x0,80009eb4	
     483345.000 ns	     48333	80009eb0	00036f17	auipc	x30,0x36	 x30=0x8003feb0
     483355.000 ns	     48334	80009eb4	143f2823	sw	x3,336(x30)	 x30:0x8003feb0  x3:0x00000001 PA:0xxxxxxxxx
     483375.000 ns	     48336	80009eb8	ff9ff06f	jal	x0,80009eb4	
     483425.000 ns	     48341	80009eb0	00036f17	auipc	x30,0x36	 x30=0x8003feb0
     483435.000 ns	     48342	80009eb4	143f2823	sw	x3,336(x30)	 x30:0x8003feb0  x3:0x00000001 PA:0xxxxxxxxx
     483455.000 ns	     48344	80009eb8	ff9ff06f	jal	x0,80009eb4	
     483505.000 ns	     48349	80009eb0	00036f17	auipc	x30,0x36	 x30=0x8003feb0
     483515.000 ns	     48350	80009eb4	143f2823	sw	x3,336(x30)	 x30:0x8003feb0  x3:0x00000001 PA:0xxxxxxxxx
     483535.000 ns	     48352	80009eb8	ff9ff06f	jal	x0,80009eb4	
     483585.000 ns	     48357	80009eb0	00036f17	auipc	x30,0x36	 x30=0x8003feb0
     483595.000 ns	     48358	80009eb4	143f2823	sw	x3,336(x30)	 x30:0x8003feb0  x3:0x00000001 PA:0xxxxxxxxx
     483615.000 ns	     48360	80009eb8	ff9ff06f	jal	x0,80009eb4	
     483665.000 ns	     48365	80009eb0	00036f17	auipc	x30,0x36	 x30=0x8003feb0
     483675.000 ns	     48366	80009eb4	143f2823	sw	x3,336(x30)	 x30:0x8003feb0  x3:0x00000001 PA:0xxxxxxxxx
     483695.000 ns	     48368	80009eb8	ff9ff06f	jal	x0,80009eb4	
     483745.000 ns	     48373	80009eb0	00036f17	auipc	x30,0x36	 x30=0x8003feb0
     483755.000 ns	     48374	80009eb4	143f2823	sw	x3,336(x30)	 x30:0x8003feb0  x3:0x00000001 PA:0xxxxxxxxx
     483775.000 ns	     48376	80009eb8	ff9ff06f	jal	x0,80009eb4	
     483825.000 ns	     48381	80009eb0	00036f17	auipc	x30,0x36	 x30=0x8003feb0
     483835.000 ns	     48382	80009eb4	143f2823	sw	x3,336(x30)	 x30:0x8003feb0  x3:0x00000001 PA:0xxxxxxxxx
     483855.000 ns	     48384	80009eb8	ff9ff06f	jal	x0,80009eb4	
     483905.000 ns	     48389	80009eb0	00036f17	auipc	x30,0x36	 x30=0x8003feb0
     483915.000 ns	     48390	80009eb4	143f2823	sw	x3,336(x30)	 x30:0x8003feb0  x3:0x00000001 PA:0xxxxxxxxx
     483935.000 ns	     48392	80009eb8	ff9ff06f	jal	x0,80009eb4	
     483985.000 ns	     48397	80009eb0	00036f17	auipc	x30,0x36	 x30=0x8003feb0
     483995.000 ns	     48398	80009eb4	143f2823	sw	x3,336(x30)	 x30:0x8003feb0  x3:0x00000001 PA:0xxxxxxxxx
     484015.000 ns	     48400	80009eb8	ff9ff06f	jal	x0,80009eb4	
     484065.000 ns	     48405	80009eb0	00036f17	auipc	x30,0x36	 x30=0x8003feb0
     484075.000 ns	     48406	80009eb4	143f2823	sw	x3,336(x30)	 x30:0x8003feb0  x3:0x00000001 PA:0xxxxxxxxx
     484095.000 ns	     48408	80009eb8	ff9ff06f	jal	x0,80009eb4	
     484145.000 ns	     48413	80009eb0	00036f17	auipc	x30,0x36	 x30=0x8003feb0
     484155.000 ns	     48414	80009eb4	143f2823	sw	x3,336(x30)	 x30:0x8003feb0  x3:0x00000001 PA:0xxxxxxxxx
     484175.000 ns	     48416	80009eb8	ff9ff06f	jal	x0,80009eb4	
     484225.000 ns	     48421	80009eb0	00036f17	auipc	x30,0x36	 x30=0x8003feb0
     484235.000 ns	     48422	80009eb4	143f2823	sw	x3,336(x30)	 x30:0x8003feb0  x3:0x00000001 PA:0xxxxxxxxx
     484255.000 ns	     48424	80009eb8	ff9ff06f	jal	x0,80009eb4	
     484305.000 ns	     48429	80009eb0	00036f17	auipc	x30,0x36	 x30=0x8003feb0
     484315.000 ns	     48430	80009eb4	143f2823	sw	x3,336(x30)	 x30:0x8003feb0  x3:0x00000001 PA:0xxxxxxxxx
     484335.000 ns	     48432	80009eb8	ff9ff06f	jal	x0,80009eb4	
     484385.000 ns	     48437	80009eb0	00036f17	auipc	x30,0x36	 x30=0x8003feb0
     484395.000 ns	     48438	80009eb4	143f2823	sw	x3,336(x30)	 x30:0x8003feb0  x3:0x00000001 PA:0xxxxxxxxx
     484415.000 ns	     48440	80009eb8	ff9ff06f	jal	x0,80009eb4	
     484465.000 ns	     48445	80009eb0	00036f17	auipc	x30,0x36	 x30=0x8003feb0
     484475.000 ns	     48446	80009eb4	143f2823	sw	x3,336(x30)	 x30:0x8003feb0  x3:0x00000001 PA:0xxxxxxxxx
     484495.000 ns	     48448	80009eb8	ff9ff06f	jal	x0,80009eb4	
     484545.000 ns	     48453	80009eb0	00036f17	auipc	x30,0x36	 x30=0x8003feb0
     484555.000 ns	     48454	80009eb4	143f2823	sw	x3,336(x30)	 x30:0x8003feb0  x3:0x00000001 PA:0xxxxxxxxx
     484575.000 ns	     48456	80009eb8	ff9ff06f	jal	x0,80009eb4	
     484625.000 ns	     48461	80009eb0	00036f17	auipc	x30,0x36	 x30=0x8003feb0
     484635.000 ns	     48462	80009eb4	143f2823	sw	x3,336(x30)	 x30:0x8003feb0  x3:0x00000001 PA:0xxxxxxxxx
     484655.000 ns	     48464	80009eb8	ff9ff06f	jal	x0,80009eb4	
     484705.000 ns	     48469	80009eb0	00036f17	auipc	x30,0x36	 x30=0x8003feb0
     484715.000 ns	     48470	80009eb4	143f2823	sw	x3,336(x30)	 x30:0x8003feb0  x3:0x00000001 PA:0xxxxxxxxx
     484735.000 ns	     48472	80009eb8	ff9ff06f	jal	x0,80009eb4	
     484785.000 ns	     48477	80009eb0	00036f17	auipc	x30,0x36	 x30=0x8003feb0
     484795.000 ns	     48478	80009eb4	143f2823	sw	x3,336(x30)	 x30:0x8003feb0  x3:0x00000001 PA:0xxxxxxxxx
     484815.000 ns	     48480	80009eb8	ff9ff06f	jal	x0,80009eb4	
     484865.000 ns	     48485	80009eb0	00036f17	auipc	x30,0x36	 x30=0x8003feb0
     484875.000 ns	     48486	80009eb4	143f2823	sw	x3,336(x30)	 x30:0x8003feb0  x3:0x00000001 PA:0xxxxxxxxx
     484895.000 ns	     48488	80009eb8	ff9ff06f	jal	x0,80009eb4	
     484945.000 ns	     48493	80009eb0	00036f17	auipc	x30,0x36	 x30=0x8003feb0
     484955.000 ns	     48494	80009eb4	143f2823	sw	x3,336(x30)	 x30:0x8003feb0  x3:0x00000001 PA:0xxxxxxxxx
     484975.000 ns	     48496	80009eb8	ff9ff06f	jal	x0,80009eb4	
     485025.000 ns	     48501	80009eb0	00036f17	auipc	x30,0x36	 x30=0x8003feb0
     485035.000 ns	     48502	80009eb4	143f2823	sw	x3,336(x30)	 x30:0x8003feb0  x3:0x00000001 PA:0xxxxxxxxx
     485055.000 ns	     48504	80009eb8	ff9ff06f	jal	x0,80009eb4	
     485105.000 ns	     48509	80009eb0	00036f17	auipc	x30,0x36	 x30=0x8003feb0
     485115.000 ns	     48510	80009eb4	143f2823	sw	x3,336(x30)	 x30:0x8003feb0  x3:0x00000001 PA:0xxxxxxxxx
     485135.000 ns	     48512	80009eb8	ff9ff06f	jal	x0,80009eb4	
     485185.000 ns	     48517	80009eb0	00036f17	auipc	x30,0x36	 x30=0x8003feb0
     485195.000 ns	     48518	80009eb4	143f2823	sw	x3,336(x30)	 x30:0x8003feb0  x3:0x00000001 PA:0xxxxxxxxx
     485215.000 ns	     48520	80009eb8	ff9ff06f	jal	x0,80009eb4	
     485265.000 ns	     48525	80009eb0	00036f17	auipc	x30,0x36	 x30=0x8003feb0
     485275.000 ns	     48526	80009eb4	143f2823	sw	x3,336(x30)	 x30:0x8003feb0  x3:0x00000001 PA:0xxxxxxxxx
     485295.000 ns	     48528	80009eb8	ff9ff06f	jal	x0,80009eb4	
     485345.000 ns	     48533	80009eb0	00036f17	auipc	x30,0x36	 x30=0x8003feb0
     485355.000 ns	     48534	80009eb4	143f2823	sw	x3,336(x30)	 x30:0x8003feb0  x3:0x00000001 PA:0xxxxxxxxx
     485375.000 ns	     48536	80009eb8	ff9ff06f	jal	x0,80009eb4	
     485425.000 ns	     48541	80009eb0	00036f17	auipc	x30,0x36	 x30=0x8003feb0
     485435.000 ns	     48542	80009eb4	143f2823	sw	x3,336(x30)	 x30:0x8003feb0  x3:0x00000001 PA:0xxxxxxxxx
     485455.000 ns	     48544	80009eb8	ff9ff06f	jal	x0,80009eb4	
     485505.000 ns	     48549	80009eb0	00036f17	auipc	x30,0x36	 x30=0x8003feb0
     485515.000 ns	     48550	80009eb4	143f2823	sw	x3,336(x30)	 x30:0x8003feb0  x3:0x00000001 PA:0xxxxxxxxx
     485535.000 ns	     48552	80009eb8	ff9ff06f	jal	x0,80009eb4	
     485585.000 ns	     48557	80009eb0	00036f17	auipc	x30,0x36	 x30=0x8003feb0
     485595.000 ns	     48558	80009eb4	143f2823	sw	x3,336(x30)	 x30:0x8003feb0  x3:0x00000001 PA:0xxxxxxxxx
     485615.000 ns	     48560	80009eb8	ff9ff06f	jal	x0,80009eb4	
     485665.000 ns	     48565	80009eb0	00036f17	auipc	x30,0x36	 x30=0x8003feb0
     485675.000 ns	     48566	80009eb4	143f2823	sw	x3,336(x30)	 x30:0x8003feb0  x3:0x00000001 PA:0xxxxxxxxx
     485695.000 ns	     48568	80009eb8	ff9ff06f	jal	x0,80009eb4	
     485745.000 ns	     48573	80009eb0	00036f17	auipc	x30,0x36	 x30=0x8003feb0
     485755.000 ns	     48574	80009eb4	143f2823	sw	x3,336(x30)	 x30:0x8003feb0  x3:0x00000001 PA:0xxxxxxxxx
     485775.000 ns	     48576	80009eb8	ff9ff06f	jal	x0,80009eb4	
     485825.000 ns	     48581	80009eb0	00036f17	auipc	x30,0x36	 x30=0x8003feb0
     485835.000 ns	     48582	80009eb4	143f2823	sw	x3,336(x30)	 x30:0x8003feb0  x3:0x00000001 PA:0xxxxxxxxx
     485855.000 ns	     48584	80009eb8	ff9ff06f	jal	x0,80009eb4	
     485905.000 ns	     48589	80009eb0	00036f17	auipc	x30,0x36	 x30=0x8003feb0
     485915.000 ns	     48590	80009eb4	143f2823	sw	x3,336(x30)	 x30:0x8003feb0  x3:0x00000001 PA:0xxxxxxxxx
     485935.000 ns	     48592	80009eb8	ff9ff06f	jal	x0,80009eb4	
     485985.000 ns	     48597	80009eb0	00036f17	auipc	x30,0x36	 x30=0x8003feb0
     485995.000 ns	     48598	80009eb4	143f2823	sw	x3,336(x30)	 x30:0x8003feb0  x3:0x00000001 PA:0xxxxxxxxx
     486015.000 ns	     48600	80009eb8	ff9ff06f	jal	x0,80009eb4	
     486065.000 ns	     48605	80009eb0	00036f17	auipc	x30,0x36	 x30=0x8003feb0
     486075.000 ns	     48606	80009eb4	143f2823	sw	x3,336(x30)	 x30:0x8003feb0  x3:0x00000001 PA:0xxxxxxxxx
     486095.000 ns	     48608	80009eb8	ff9ff06f	jal	x0,80009eb4	
     486145.000 ns	     48613	80009eb0	00036f17	auipc	x30,0x36	 x30=0x8003feb0
     486155.000 ns	     48614	80009eb4	143f2823	sw	x3,336(x30)	 x30:0x8003feb0  x3:0x00000001 PA:0xxxxxxxxx
     486175.000 ns	     48616	80009eb8	ff9ff06f	jal	x0,80009eb4	
     486225.000 ns	     48621	80009eb0	00036f17	auipc	x30,0x36	 x30=0x8003feb0
     486235.000 ns	     48622	80009eb4	143f2823	sw	x3,336(x30)	 x30:0x8003feb0  x3:0x00000001 PA:0xxxxxxxxx
     486255.000 ns	     48624	80009eb8	ff9ff06f	jal	x0,80009eb4	
     486305.000 ns	     48629	80009eb0	00036f17	auipc	x30,0x36	 x30=0x8003feb0
     486315.000 ns	     48630	80009eb4	143f2823	sw	x3,336(x30)	 x30:0x8003feb0  x3:0x00000001 PA:0xxxxxxxxx
     486335.000 ns	     48632	80009eb8	ff9ff06f	jal	x0,80009eb4	
     486385.000 ns	     48637	80009eb0	00036f17	auipc	x30,0x36	 x30=0x8003feb0
     486395.000 ns	     48638	80009eb4	143f2823	sw	x3,336(x30)	 x30:0x8003feb0  x3:0x00000001 PA:0xxxxxxxxx
     486415.000 ns	     48640	80009eb8	ff9ff06f	jal	x0,80009eb4	
     486465.000 ns	     48645	80009eb0	00036f17	auipc	x30,0x36	 x30=0x8003feb0
     486475.000 ns	     48646	80009eb4	143f2823	sw	x3,336(x30)	 x30:0x8003feb0  x3:0x00000001 PA:0xxxxxxxxx
     486495.000 ns	     48648	80009eb8	ff9ff06f	jal	x0,80009eb4	
     486545.000 ns	     48653	80009eb0	00036f17	auipc	x30,0x36	 x30=0x8003feb0
     486555.000 ns	     48654	80009eb4	143f2823	sw	x3,336(x30)	 x30:0x8003feb0  x3:0x00000001 PA:0xxxxxxxxx
     486575.000 ns	     48656	80009eb8	ff9ff06f	jal	x0,80009eb4	
     486625.000 ns	     48661	80009eb0	00036f17	auipc	x30,0x36	 x30=0x8003feb0
     486635.000 ns	     48662	80009eb4	143f2823	sw	x3,336(x30)	 x30:0x8003feb0  x3:0x00000001 PA:0xxxxxxxxx
     486655.000 ns	     48664	80009eb8	ff9ff06f	jal	x0,80009eb4	
     486705.000 ns	     48669	80009eb0	00036f17	auipc	x30,0x36	 x30=0x8003feb0
     486715.000 ns	     48670	80009eb4	143f2823	sw	x3,336(x30)	 x30:0x8003feb0  x3:0x00000001 PA:0xxxxxxxxx
     486735.000 ns	     48672	80009eb8	ff9ff06f	jal	x0,80009eb4	
     486785.000 ns	     48677	80009eb0	00036f17	auipc	x30,0x36	 x30=0x8003feb0
     486795.000 ns	     48678	80009eb4	143f2823	sw	x3,336(x30)	 x30:0x8003feb0  x3:0x00000001 PA:0xxxxxxxxx
     486815.000 ns	     48680	80009eb8	ff9ff06f	jal	x0,80009eb4	
     486865.000 ns	     48685	80009eb0	00036f17	auipc	x30,0x36	 x30=0x8003feb0
     486875.000 ns	     48686	80009eb4	143f2823	sw	x3,336(x30)	 x30:0x8003feb0  x3:0x00000001 PA:0xxxxxxxxx
     486895.000 ns	     48688	80009eb8	ff9ff06f	jal	x0,80009eb4	
     486945.000 ns	     48693	80009eb0	00036f17	auipc	x30,0x36	 x30=0x8003feb0
     486955.000 ns	     48694	80009eb4	143f2823	sw	x3,336(x30)	 x30:0x8003feb0  x3:0x00000001 PA:0xxxxxxxxx
     486975.000 ns	     48696	80009eb8	ff9ff06f	jal	x0,80009eb4	
     487025.000 ns	     48701	80009eb0	00036f17	auipc	x30,0x36	 x30=0x8003feb0
     487035.000 ns	     48702	80009eb4	143f2823	sw	x3,336(x30)	 x30:0x8003feb0  x3:0x00000001 PA:0xxxxxxxxx
     487055.000 ns	     48704	80009eb8	ff9ff06f	jal	x0,80009eb4	
     487105.000 ns	     48709	80009eb0	00036f17	auipc	x30,0x36	 x30=0x8003feb0
     487115.000 ns	     48710	80009eb4	143f2823	sw	x3,336(x30)	 x30:0x8003feb0  x3:0x00000001 PA:0xxxxxxxxx
     487135.000 ns	     48712	80009eb8	ff9ff06f	jal	x0,80009eb4	
     487185.000 ns	     48717	80009eb0	00036f17	auipc	x30,0x36	 x30=0x8003feb0
     487195.000 ns	     48718	80009eb4	143f2823	sw	x3,336(x30)	 x30:0x8003feb0  x3:0x00000001 PA:0xxxxxxxxx
     487215.000 ns	     48720	80009eb8	ff9ff06f	jal	x0,80009eb4	
     487265.000 ns	     48725	80009eb0	00036f17	auipc	x30,0x36	 x30=0x8003feb0
     487275.000 ns	     48726	80009eb4	143f2823	sw	x3,336(x30)	 x30:0x8003feb0  x3:0x00000001 PA:0xxxxxxxxx
     487295.000 ns	     48728	80009eb8	ff9ff06f	jal	x0,80009eb4	
     487345.000 ns	     48733	80009eb0	00036f17	auipc	x30,0x36	 x30=0x8003feb0
     487355.000 ns	     48734	80009eb4	143f2823	sw	x3,336(x30)	 x30:0x8003feb0  x3:0x00000001 PA:0xxxxxxxxx
     487375.000 ns	     48736	80009eb8	ff9ff06f	jal	x0,80009eb4	
     487425.000 ns	     48741	80009eb0	00036f17	auipc	x30,0x36	 x30=0x8003feb0
     487435.000 ns	     48742	80009eb4	143f2823	sw	x3,336(x30)	 x30:0x8003feb0  x3:0x00000001 PA:0xxxxxxxxx
     487455.000 ns	     48744	80009eb8	ff9ff06f	jal	x0,80009eb4	
     487505.000 ns	     48749	80009eb0	00036f17	auipc	x30,0x36	 x30=0x8003feb0
     487515.000 ns	     48750	80009eb4	143f2823	sw	x3,336(x30)	 x30:0x8003feb0  x3:0x00000001 PA:0xxxxxxxxx
     487535.000 ns	     48752	80009eb8	ff9ff06f	jal	x0,80009eb4	
     487585.000 ns	     48757	80009eb0	00036f17	auipc	x30,0x36	 x30=0x8003feb0
     487595.000 ns	     48758	80009eb4	143f2823	sw	x3,336(x30)	 x30:0x8003feb0  x3:0x00000001 PA:0xxxxxxxxx
     487615.000 ns	     48760	80009eb8	ff9ff06f	jal	x0,80009eb4	
     487665.000 ns	     48765	80009eb0	00036f17	auipc	x30,0x36	 x30=0x8003feb0
     487675.000 ns	     48766	80009eb4	143f2823	sw	x3,336(x30)	 x30:0x8003feb0  x3:0x00000001 PA:0xxxxxxxxx
     487695.000 ns	     48768	80009eb8	ff9ff06f	jal	x0,80009eb4	
     487745.000 ns	     48773	80009eb0	00036f17	auipc	x30,0x36	 x30=0x8003feb0
     487755.000 ns	     48774	80009eb4	143f2823	sw	x3,336(x30)	 x30:0x8003feb0  x3:0x00000001 PA:0xxxxxxxxx
     487775.000 ns	     48776	80009eb8	ff9ff06f	jal	x0,80009eb4	
     487825.000 ns	     48781	80009eb0	00036f17	auipc	x30,0x36	 x30=0x8003feb0
     487835.000 ns	     48782	80009eb4	143f2823	sw	x3,336(x30)	 x30:0x8003feb0  x3:0x00000001 PA:0xxxxxxxxx
     487855.000 ns	     48784	80009eb8	ff9ff06f	jal	x0,80009eb4	
     487905.000 ns	     48789	80009eb0	00036f17	auipc	x30,0x36	 x30=0x8003feb0
     487915.000 ns	     48790	80009eb4	143f2823	sw	x3,336(x30)	 x30:0x8003feb0  x3:0x00000001 PA:0xxxxxxxxx
     487935.000 ns	     48792	80009eb8	ff9ff06f	jal	x0,80009eb4	
     487985.000 ns	     48797	80009eb0	00036f17	auipc	x30,0x36	 x30=0x8003feb0
     487995.000 ns	     48798	80009eb4	143f2823	sw	x3,336(x30)	 x30:0x8003feb0  x3:0x00000001 PA:0xxxxxxxxx
     488015.000 ns	     48800	80009eb8	ff9ff06f	jal	x0,80009eb4	
     488065.000 ns	     48805	80009eb0	00036f17	auipc	x30,0x36	 x30=0x8003feb0
     488075.000 ns	     48806	80009eb4	143f2823	sw	x3,336(x30)	 x30:0x8003feb0  x3:0x00000001 PA:0xxxxxxxxx
     488095.000 ns	     48808	80009eb8	ff9ff06f	jal	x0,80009eb4	
     488145.000 ns	     48813	80009eb0	00036f17	auipc	x30,0x36	 x30=0x8003feb0
     488155.000 ns	     48814	80009eb4	143f2823	sw	x3,336(x30)	 x30:0x8003feb0  x3:0x00000001 PA:0xxxxxxxxx
     488175.000 ns	     48816	80009eb8	ff9ff06f	jal	x0,80009eb4	
     488225.000 ns	     48821	80009eb0	00036f17	auipc	x30,0x36	 x30=0x8003feb0
     488235.000 ns	     48822	80009eb4	143f2823	sw	x3,336(x30)	 x30:0x8003feb0  x3:0x00000001 PA:0xxxxxxxxx
     488255.000 ns	     48824	80009eb8	ff9ff06f	jal	x0,80009eb4	
     488305.000 ns	     48829	80009eb0	00036f17	auipc	x30,0x36	 x30=0x8003feb0
     488315.000 ns	     48830	80009eb4	143f2823	sw	x3,336(x30)	 x30:0x8003feb0  x3:0x00000001 PA:0xxxxxxxxx
     488335.000 ns	     48832	80009eb8	ff9ff06f	jal	x0,80009eb4	
     488385.000 ns	     48837	80009eb0	00036f17	auipc	x30,0x36	 x30=0x8003feb0
     488395.000 ns	     48838	80009eb4	143f2823	sw	x3,336(x30)	 x30:0x8003feb0  x3:0x00000001 PA:0xxxxxxxxx
     488415.000 ns	     48840	80009eb8	ff9ff06f	jal	x0,80009eb4	
     488465.000 ns	     48845	80009eb0	00036f17	auipc	x30,0x36	 x30=0x8003feb0
     488475.000 ns	     48846	80009eb4	143f2823	sw	x3,336(x30)	 x30:0x8003feb0  x3:0x00000001 PA:0xxxxxxxxx
     488495.000 ns	     48848	80009eb8	ff9ff06f	jal	x0,80009eb4	
     488545.000 ns	     48853	80009eb0	00036f17	auipc	x30,0x36	 x30=0x8003feb0
     488555.000 ns	     48854	80009eb4	143f2823	sw	x3,336(x30)	 x30:0x8003feb0  x3:0x00000001 PA:0xxxxxxxxx
     488575.000 ns	     48856	80009eb8	ff9ff06f	jal	x0,80009eb4	
     488625.000 ns	     48861	80009eb0	00036f17	auipc	x30,0x36	 x30=0x8003feb0
     488635.000 ns	     48862	80009eb4	143f2823	sw	x3,336(x30)	 x30:0x8003feb0  x3:0x00000001 PA:0xxxxxxxxx
     488655.000 ns	     48864	80009eb8	ff9ff06f	jal	x0,80009eb4	
     488705.000 ns	     48869	80009eb0	00036f17	auipc	x30,0x36	 x30=0x8003feb0
     488715.000 ns	     48870	80009eb4	143f2823	sw	x3,336(x30)	 x30:0x8003feb0  x3:0x00000001 PA:0xxxxxxxxx
     488735.000 ns	     48872	80009eb8	ff9ff06f	jal	x0,80009eb4	
     488785.000 ns	     48877	80009eb0	00036f17	auipc	x30,0x36	 x30=0x8003feb0
     488795.000 ns	     48878	80009eb4	143f2823	sw	x3,336(x30)	 x30:0x8003feb0  x3:0x00000001 PA:0xxxxxxxxx
     488815.000 ns	     48880	80009eb8	ff9ff06f	jal	x0,80009eb4	
     488865.000 ns	     48885	80009eb0	00036f17	auipc	x30,0x36	 x30=0x8003feb0
     488875.000 ns	     48886	80009eb4	143f2823	sw	x3,336(x30)	 x30:0x8003feb0  x3:0x00000001 PA:0xxxxxxxxx
     488895.000 ns	     48888	80009eb8	ff9ff06f	jal	x0,80009eb4	
     488945.000 ns	     48893	80009eb0	00036f17	auipc	x30,0x36	 x30=0x8003feb0
     488955.000 ns	     48894	80009eb4	143f2823	sw	x3,336(x30)	 x30:0x8003feb0  x3:0x00000001 PA:0xxxxxxxxx
     488975.000 ns	     48896	80009eb8	ff9ff06f	jal	x0,80009eb4	
     489025.000 ns	     48901	80009eb0	00036f17	auipc	x30,0x36	 x30=0x8003feb0
     489035.000 ns	     48902	80009eb4	143f2823	sw	x3,336(x30)	 x30:0x8003feb0  x3:0x00000001 PA:0xxxxxxxxx
     489055.000 ns	     48904	80009eb8	ff9ff06f	jal	x0,80009eb4	
     489105.000 ns	     48909	80009eb0	00036f17	auipc	x30,0x36	 x30=0x8003feb0
     489115.000 ns	     48910	80009eb4	143f2823	sw	x3,336(x30)	 x30:0x8003feb0  x3:0x00000001 PA:0xxxxxxxxx
     489135.000 ns	     48912	80009eb8	ff9ff06f	jal	x0,80009eb4	
     489185.000 ns	     48917	80009eb0	00036f17	auipc	x30,0x36	 x30=0x8003feb0
     489195.000 ns	     48918	80009eb4	143f2823	sw	x3,336(x30)	 x30:0x8003feb0  x3:0x00000001 PA:0xxxxxxxxx
     489215.000 ns	     48920	80009eb8	ff9ff06f	jal	x0,80009eb4	
     489265.000 ns	     48925	80009eb0	00036f17	auipc	x30,0x36	 x30=0x8003feb0
     489275.000 ns	     48926	80009eb4	143f2823	sw	x3,336(x30)	 x30:0x8003feb0  x3:0x00000001 PA:0xxxxxxxxx
     489295.000 ns	     48928	80009eb8	ff9ff06f	jal	x0,80009eb4	
     489345.000 ns	     48933	80009eb0	00036f17	auipc	x30,0x36	 x30=0x8003feb0
     489355.000 ns	     48934	80009eb4	143f2823	sw	x3,336(x30)	 x30:0x8003feb0  x3:0x00000001 PA:0xxxxxxxxx
     489375.000 ns	     48936	80009eb8	ff9ff06f	jal	x0,80009eb4	
     489425.000 ns	     48941	80009eb0	00036f17	auipc	x30,0x36	 x30=0x8003feb0
     489435.000 ns	     48942	80009eb4	143f2823	sw	x3,336(x30)	 x30:0x8003feb0  x3:0x00000001 PA:0xxxxxxxxx
     489455.000 ns	     48944	80009eb8	ff9ff06f	jal	x0,80009eb4	
     489505.000 ns	     48949	80009eb0	00036f17	auipc	x30,0x36	 x30=0x8003feb0
     489515.000 ns	     48950	80009eb4	143f2823	sw	x3,336(x30)	 x30:0x8003feb0  x3:0x00000001 PA:0xxxxxxxxx
     489535.000 ns	     48952	80009eb8	ff9ff06f	jal	x0,80009eb4	
     489585.000 ns	     48957	80009eb0	00036f17	auipc	x30,0x36	 x30=0x8003feb0
     489595.000 ns	     48958	80009eb4	143f2823	sw	x3,336(x30)	 x30:0x8003feb0  x3:0x00000001 PA:0xxxxxxxxx
     489615.000 ns	     48960	80009eb8	ff9ff06f	jal	x0,80009eb4	
     489665.000 ns	     48965	80009eb0	00036f17	auipc	x30,0x36	 x30=0x8003feb0
     489675.000 ns	     48966	80009eb4	143f2823	sw	x3,336(x30)	 x30:0x8003feb0  x3:0x00000001 PA:0xxxxxxxxx
     489695.000 ns	     48968	80009eb8	ff9ff06f	jal	x0,80009eb4	
     489745.000 ns	     48973	80009eb0	00036f17	auipc	x30,0x36	 x30=0x8003feb0
     489755.000 ns	     48974	80009eb4	143f2823	sw	x3,336(x30)	 x30:0x8003feb0  x3:0x00000001 PA:0xxxxxxxxx
     489775.000 ns	     48976	80009eb8	ff9ff06f	jal	x0,80009eb4	
     489825.000 ns	     48981	80009eb0	00036f17	auipc	x30,0x36	 x30=0x8003feb0
     489835.000 ns	     48982	80009eb4	143f2823	sw	x3,336(x30)	 x30:0x8003feb0  x3:0x00000001 PA:0xxxxxxxxx
     489855.000 ns	     48984	80009eb8	ff9ff06f	jal	x0,80009eb4	
     489905.000 ns	     48989	80009eb0	00036f17	auipc	x30,0x36	 x30=0x8003feb0
     489915.000 ns	     48990	80009eb4	143f2823	sw	x3,336(x30)	 x30:0x8003feb0  x3:0x00000001 PA:0xxxxxxxxx
     489935.000 ns	     48992	80009eb8	ff9ff06f	jal	x0,80009eb4	
     489985.000 ns	     48997	80009eb0	00036f17	auipc	x30,0x36	 x30=0x8003feb0
     489995.000 ns	     48998	80009eb4	143f2823	sw	x3,336(x30)	 x30:0x8003feb0  x3:0x00000001 PA:0xxxxxxxxx
     490015.000 ns	     49000	80009eb8	ff9ff06f	jal	x0,80009eb4	
     490065.000 ns	     49005	80009eb0	00036f17	auipc	x30,0x36	 x30=0x8003feb0
     490075.000 ns	     49006	80009eb4	143f2823	sw	x3,336(x30)	 x30:0x8003feb0  x3:0x00000001 PA:0xxxxxxxxx
     490095.000 ns	     49008	80009eb8	ff9ff06f	jal	x0,80009eb4	
     490145.000 ns	     49013	80009eb0	00036f17	auipc	x30,0x36	 x30=0x8003feb0
     490155.000 ns	     49014	80009eb4	143f2823	sw	x3,336(x30)	 x30:0x8003feb0  x3:0x00000001 PA:0xxxxxxxxx
     490175.000 ns	     49016	80009eb8	ff9ff06f	jal	x0,80009eb4	
     490225.000 ns	     49021	80009eb0	00036f17	auipc	x30,0x36	 x30=0x8003feb0
     490235.000 ns	     49022	80009eb4	143f2823	sw	x3,336(x30)	 x30:0x8003feb0  x3:0x00000001 PA:0xxxxxxxxx
     490255.000 ns	     49024	80009eb8	ff9ff06f	jal	x0,80009eb4	
     490305.000 ns	     49029	80009eb0	00036f17	auipc	x30,0x36	 x30=0x8003feb0
     490315.000 ns	     49030	80009eb4	143f2823	sw	x3,336(x30)	 x30:0x8003feb0  x3:0x00000001 PA:0xxxxxxxxx
     490335.000 ns	     49032	80009eb8	ff9ff06f	jal	x0,80009eb4	
     490385.000 ns	     49037	80009eb0	00036f17	auipc	x30,0x36	 x30=0x8003feb0
     490395.000 ns	     49038	80009eb4	143f2823	sw	x3,336(x30)	 x30:0x8003feb0  x3:0x00000001 PA:0xxxxxxxxx
     490415.000 ns	     49040	80009eb8	ff9ff06f	jal	x0,80009eb4	
     490465.000 ns	     49045	80009eb0	00036f17	auipc	x30,0x36	 x30=0x8003feb0
     490475.000 ns	     49046	80009eb4	143f2823	sw	x3,336(x30)	 x30:0x8003feb0  x3:0x00000001 PA:0xxxxxxxxx
     490495.000 ns	     49048	80009eb8	ff9ff06f	jal	x0,80009eb4	
     490545.000 ns	     49053	80009eb0	00036f17	auipc	x30,0x36	 x30=0x8003feb0
     490555.000 ns	     49054	80009eb4	143f2823	sw	x3,336(x30)	 x30:0x8003feb0  x3:0x00000001 PA:0xxxxxxxxx
     490575.000 ns	     49056	80009eb8	ff9ff06f	jal	x0,80009eb4	
     490625.000 ns	     49061	80009eb0	00036f17	auipc	x30,0x36	 x30=0x8003feb0
     490635.000 ns	     49062	80009eb4	143f2823	sw	x3,336(x30)	 x30:0x8003feb0  x3:0x00000001 PA:0xxxxxxxxx
     490655.000 ns	     49064	80009eb8	ff9ff06f	jal	x0,80009eb4	
     490705.000 ns	     49069	80009eb0	00036f17	auipc	x30,0x36	 x30=0x8003feb0
     490715.000 ns	     49070	80009eb4	143f2823	sw	x3,336(x30)	 x30:0x8003feb0  x3:0x00000001 PA:0xxxxxxxxx
     490735.000 ns	     49072	80009eb8	ff9ff06f	jal	x0,80009eb4	
     490785.000 ns	     49077	80009eb0	00036f17	auipc	x30,0x36	 x30=0x8003feb0
     490795.000 ns	     49078	80009eb4	143f2823	sw	x3,336(x30)	 x30:0x8003feb0  x3:0x00000001 PA:0xxxxxxxxx
     490815.000 ns	     49080	80009eb8	ff9ff06f	jal	x0,80009eb4	
     490865.000 ns	     49085	80009eb0	00036f17	auipc	x30,0x36	 x30=0x8003feb0
     490875.000 ns	     49086	80009eb4	143f2823	sw	x3,336(x30)	 x30:0x8003feb0  x3:0x00000001 PA:0xxxxxxxxx
     490895.000 ns	     49088	80009eb8	ff9ff06f	jal	x0,80009eb4	
     490945.000 ns	     49093	80009eb0	00036f17	auipc	x30,0x36	 x30=0x8003feb0
     490955.000 ns	     49094	80009eb4	143f2823	sw	x3,336(x30)	 x30:0x8003feb0  x3:0x00000001 PA:0xxxxxxxxx
     490975.000 ns	     49096	80009eb8	ff9ff06f	jal	x0,80009eb4	
     491025.000 ns	     49101	80009eb0	00036f17	auipc	x30,0x36	 x30=0x8003feb0
     491035.000 ns	     49102	80009eb4	143f2823	sw	x3,336(x30)	 x30:0x8003feb0  x3:0x00000001 PA:0xxxxxxxxx
     491055.000 ns	     49104	80009eb8	ff9ff06f	jal	x0,80009eb4	
     491105.000 ns	     49109	80009eb0	00036f17	auipc	x30,0x36	 x30=0x8003feb0
     491115.000 ns	     49110	80009eb4	143f2823	sw	x3,336(x30)	 x30:0x8003feb0  x3:0x00000001 PA:0xxxxxxxxx
     491135.000 ns	     49112	80009eb8	ff9ff06f	jal	x0,80009eb4	
     491185.000 ns	     49117	80009eb0	00036f17	auipc	x30,0x36	 x30=0x8003feb0
     491195.000 ns	     49118	80009eb4	143f2823	sw	x3,336(x30)	 x30:0x8003feb0  x3:0x00000001 PA:0xxxxxxxxx
     491215.000 ns	     49120	80009eb8	ff9ff06f	jal	x0,80009eb4	
     491265.000 ns	     49125	80009eb0	00036f17	auipc	x30,0x36	 x30=0x8003feb0
     491275.000 ns	     49126	80009eb4	143f2823	sw	x3,336(x30)	 x30:0x8003feb0  x3:0x00000001 PA:0xxxxxxxxx
     491295.000 ns	     49128	80009eb8	ff9ff06f	jal	x0,80009eb4	
     491345.000 ns	     49133	80009eb0	00036f17	auipc	x30,0x36	 x30=0x8003feb0
     491355.000 ns	     49134	80009eb4	143f2823	sw	x3,336(x30)	 x30:0x8003feb0  x3:0x00000001 PA:0xxxxxxxxx
     491375.000 ns	     49136	80009eb8	ff9ff06f	jal	x0,80009eb4	
     491425.000 ns	     49141	80009eb0	00036f17	auipc	x30,0x36	 x30=0x8003feb0
     491435.000 ns	     49142	80009eb4	143f2823	sw	x3,336(x30)	 x30:0x8003feb0  x3:0x00000001 PA:0xxxxxxxxx
     491455.000 ns	     49144	80009eb8	ff9ff06f	jal	x0,80009eb4	
     491505.000 ns	     49149	80009eb0	00036f17	auipc	x30,0x36	 x30=0x8003feb0
     491515.000 ns	     49150	80009eb4	143f2823	sw	x3,336(x30)	 x30:0x8003feb0  x3:0x00000001 PA:0xxxxxxxxx
     491535.000 ns	     49152	80009eb8	ff9ff06f	jal	x0,80009eb4	
     491585.000 ns	     49157	80009eb0	00036f17	auipc	x30,0x36	 x30=0x8003feb0
     491595.000 ns	     49158	80009eb4	143f2823	sw	x3,336(x30)	 x30:0x8003feb0  x3:0x00000001 PA:0xxxxxxxxx
     491615.000 ns	     49160	80009eb8	ff9ff06f	jal	x0,80009eb4	
     491665.000 ns	     49165	80009eb0	00036f17	auipc	x30,0x36	 x30=0x8003feb0
     491675.000 ns	     49166	80009eb4	143f2823	sw	x3,336(x30)	 x30:0x8003feb0  x3:0x00000001 PA:0xxxxxxxxx
     491695.000 ns	     49168	80009eb8	ff9ff06f	jal	x0,80009eb4	
     491745.000 ns	     49173	80009eb0	00036f17	auipc	x30,0x36	 x30=0x8003feb0
     491755.000 ns	     49174	80009eb4	143f2823	sw	x3,336(x30)	 x30:0x8003feb0  x3:0x00000001 PA:0xxxxxxxxx
     491775.000 ns	     49176	80009eb8	ff9ff06f	jal	x0,80009eb4	
     491825.000 ns	     49181	80009eb0	00036f17	auipc	x30,0x36	 x30=0x8003feb0
     491835.000 ns	     49182	80009eb4	143f2823	sw	x3,336(x30)	 x30:0x8003feb0  x3:0x00000001 PA:0xxxxxxxxx
     491855.000 ns	     49184	80009eb8	ff9ff06f	jal	x0,80009eb4	
     491905.000 ns	     49189	80009eb0	00036f17	auipc	x30,0x36	 x30=0x8003feb0
     491915.000 ns	     49190	80009eb4	143f2823	sw	x3,336(x30)	 x30:0x8003feb0  x3:0x00000001 PA:0xxxxxxxxx
     491935.000 ns	     49192	80009eb8	ff9ff06f	jal	x0,80009eb4	
     491985.000 ns	     49197	80009eb0	00036f17	auipc	x30,0x36	 x30=0x8003feb0
     491995.000 ns	     49198	80009eb4	143f2823	sw	x3,336(x30)	 x30:0x8003feb0  x3:0x00000001 PA:0xxxxxxxxx
     492015.000 ns	     49200	80009eb8	ff9ff06f	jal	x0,80009eb4	
     492065.000 ns	     49205	80009eb0	00036f17	auipc	x30,0x36	 x30=0x8003feb0
     492075.000 ns	     49206	80009eb4	143f2823	sw	x3,336(x30)	 x30:0x8003feb0  x3:0x00000001 PA:0xxxxxxxxx
     492095.000 ns	     49208	80009eb8	ff9ff06f	jal	x0,80009eb4	
     492145.000 ns	     49213	80009eb0	00036f17	auipc	x30,0x36	 x30=0x8003feb0
     492155.000 ns	     49214	80009eb4	143f2823	sw	x3,336(x30)	 x30:0x8003feb0  x3:0x00000001 PA:0xxxxxxxxx
     492175.000 ns	     49216	80009eb8	ff9ff06f	jal	x0,80009eb4	
     492225.000 ns	     49221	80009eb0	00036f17	auipc	x30,0x36	 x30=0x8003feb0
     492235.000 ns	     49222	80009eb4	143f2823	sw	x3,336(x30)	 x30:0x8003feb0  x3:0x00000001 PA:0xxxxxxxxx
     492255.000 ns	     49224	80009eb8	ff9ff06f	jal	x0,80009eb4	
     492305.000 ns	     49229	80009eb0	00036f17	auipc	x30,0x36	 x30=0x8003feb0
     492315.000 ns	     49230	80009eb4	143f2823	sw	x3,336(x30)	 x30:0x8003feb0  x3:0x00000001 PA:0xxxxxxxxx
     492335.000 ns	     49232	80009eb8	ff9ff06f	jal	x0,80009eb4	
     492385.000 ns	     49237	80009eb0	00036f17	auipc	x30,0x36	 x30=0x8003feb0
     492395.000 ns	     49238	80009eb4	143f2823	sw	x3,336(x30)	 x30:0x8003feb0  x3:0x00000001 PA:0xxxxxxxxx
     492415.000 ns	     49240	80009eb8	ff9ff06f	jal	x0,80009eb4	
     492465.000 ns	     49245	80009eb0	00036f17	auipc	x30,0x36	 x30=0x8003feb0
     492475.000 ns	     49246	80009eb4	143f2823	sw	x3,336(x30)	 x30:0x8003feb0  x3:0x00000001 PA:0xxxxxxxxx
     492495.000 ns	     49248	80009eb8	ff9ff06f	jal	x0,80009eb4	
     492545.000 ns	     49253	80009eb0	00036f17	auipc	x30,0x36	 x30=0x8003feb0
     492555.000 ns	     49254	80009eb4	143f2823	sw	x3,336(x30)	 x30:0x8003feb0  x3:0x00000001 PA:0xxxxxxxxx
     492575.000 ns	     49256	80009eb8	ff9ff06f	jal	x0,80009eb4	
     492625.000 ns	     49261	80009eb0	00036f17	auipc	x30,0x36	 x30=0x8003feb0
     492635.000 ns	     49262	80009eb4	143f2823	sw	x3,336(x30)	 x30:0x8003feb0  x3:0x00000001 PA:0xxxxxxxxx
     492655.000 ns	     49264	80009eb8	ff9ff06f	jal	x0,80009eb4	
     492705.000 ns	     49269	80009eb0	00036f17	auipc	x30,0x36	 x30=0x8003feb0
     492715.000 ns	     49270	80009eb4	143f2823	sw	x3,336(x30)	 x30:0x8003feb0  x3:0x00000001 PA:0xxxxxxxxx
     492735.000 ns	     49272	80009eb8	ff9ff06f	jal	x0,80009eb4	
     492785.000 ns	     49277	80009eb0	00036f17	auipc	x30,0x36	 x30=0x8003feb0
     492795.000 ns	     49278	80009eb4	143f2823	sw	x3,336(x30)	 x30:0x8003feb0  x3:0x00000001 PA:0xxxxxxxxx
     492815.000 ns	     49280	80009eb8	ff9ff06f	jal	x0,80009eb4	
     492865.000 ns	     49285	80009eb0	00036f17	auipc	x30,0x36	 x30=0x8003feb0
     492875.000 ns	     49286	80009eb4	143f2823	sw	x3,336(x30)	 x30:0x8003feb0  x3:0x00000001 PA:0xxxxxxxxx
     492895.000 ns	     49288	80009eb8	ff9ff06f	jal	x0,80009eb4	
     492945.000 ns	     49293	80009eb0	00036f17	auipc	x30,0x36	 x30=0x8003feb0
     492955.000 ns	     49294	80009eb4	143f2823	sw	x3,336(x30)	 x30:0x8003feb0  x3:0x00000001 PA:0xxxxxxxxx
     492975.000 ns	     49296	80009eb8	ff9ff06f	jal	x0,80009eb4	
     493025.000 ns	     49301	80009eb0	00036f17	auipc	x30,0x36	 x30=0x8003feb0
     493035.000 ns	     49302	80009eb4	143f2823	sw	x3,336(x30)	 x30:0x8003feb0  x3:0x00000001 PA:0xxxxxxxxx
     493055.000 ns	     49304	80009eb8	ff9ff06f	jal	x0,80009eb4	
     493105.000 ns	     49309	80009eb0	00036f17	auipc	x30,0x36	 x30=0x8003feb0
     493115.000 ns	     49310	80009eb4	143f2823	sw	x3,336(x30)	 x30:0x8003feb0  x3:0x00000001 PA:0xxxxxxxxx
     493135.000 ns	     49312	80009eb8	ff9ff06f	jal	x0,80009eb4	
     493185.000 ns	     49317	80009eb0	00036f17	auipc	x30,0x36	 x30=0x8003feb0
     493195.000 ns	     49318	80009eb4	143f2823	sw	x3,336(x30)	 x30:0x8003feb0  x3:0x00000001 PA:0xxxxxxxxx
     493215.000 ns	     49320	80009eb8	ff9ff06f	jal	x0,80009eb4	
     493265.000 ns	     49325	80009eb0	00036f17	auipc	x30,0x36	 x30=0x8003feb0
     493275.000 ns	     49326	80009eb4	143f2823	sw	x3,336(x30)	 x30:0x8003feb0  x3:0x00000001 PA:0xxxxxxxxx
     493295.000 ns	     49328	80009eb8	ff9ff06f	jal	x0,80009eb4	
     493345.000 ns	     49333	80009eb0	00036f17	auipc	x30,0x36	 x30=0x8003feb0
     493355.000 ns	     49334	80009eb4	143f2823	sw	x3,336(x30)	 x30:0x8003feb0  x3:0x00000001 PA:0xxxxxxxxx
     493375.000 ns	     49336	80009eb8	ff9ff06f	jal	x0,80009eb4	
     493425.000 ns	     49341	80009eb0	00036f17	auipc	x30,0x36	 x30=0x8003feb0
     493435.000 ns	     49342	80009eb4	143f2823	sw	x3,336(x30)	 x30:0x8003feb0  x3:0x00000001 PA:0xxxxxxxxx
     493455.000 ns	     49344	80009eb8	ff9ff06f	jal	x0,80009eb4	
     493505.000 ns	     49349	80009eb0	00036f17	auipc	x30,0x36	 x30=0x8003feb0
     493515.000 ns	     49350	80009eb4	143f2823	sw	x3,336(x30)	 x30:0x8003feb0  x3:0x00000001 PA:0xxxxxxxxx
     493535.000 ns	     49352	80009eb8	ff9ff06f	jal	x0,80009eb4	
     493585.000 ns	     49357	80009eb0	00036f17	auipc	x30,0x36	 x30=0x8003feb0
     493595.000 ns	     49358	80009eb4	143f2823	sw	x3,336(x30)	 x30:0x8003feb0  x3:0x00000001 PA:0xxxxxxxxx
     493615.000 ns	     49360	80009eb8	ff9ff06f	jal	x0,80009eb4	
     493665.000 ns	     49365	80009eb0	00036f17	auipc	x30,0x36	 x30=0x8003feb0
     493675.000 ns	     49366	80009eb4	143f2823	sw	x3,336(x30)	 x30:0x8003feb0  x3:0x00000001 PA:0xxxxxxxxx
     493695.000 ns	     49368	80009eb8	ff9ff06f	jal	x0,80009eb4	
     493745.000 ns	     49373	80009eb0	00036f17	auipc	x30,0x36	 x30=0x8003feb0
     493755.000 ns	     49374	80009eb4	143f2823	sw	x3,336(x30)	 x30:0x8003feb0  x3:0x00000001 PA:0xxxxxxxxx
     493775.000 ns	     49376	80009eb8	ff9ff06f	jal	x0,80009eb4	
     493825.000 ns	     49381	80009eb0	00036f17	auipc	x30,0x36	 x30=0x8003feb0
     493835.000 ns	     49382	80009eb4	143f2823	sw	x3,336(x30)	 x30:0x8003feb0  x3:0x00000001 PA:0xxxxxxxxx
     493855.000 ns	     49384	80009eb8	ff9ff06f	jal	x0,80009eb4	
     493905.000 ns	     49389	80009eb0	00036f17	auipc	x30,0x36	 x30=0x8003feb0
     493915.000 ns	     49390	80009eb4	143f2823	sw	x3,336(x30)	 x30:0x8003feb0  x3:0x00000001 PA:0xxxxxxxxx
     493935.000 ns	     49392	80009eb8	ff9ff06f	jal	x0,80009eb4	
     493985.000 ns	     49397	80009eb0	00036f17	auipc	x30,0x36	 x30=0x8003feb0
     493995.000 ns	     49398	80009eb4	143f2823	sw	x3,336(x30)	 x30:0x8003feb0  x3:0x00000001 PA:0xxxxxxxxx
     494015.000 ns	     49400	80009eb8	ff9ff06f	jal	x0,80009eb4	
     494065.000 ns	     49405	80009eb0	00036f17	auipc	x30,0x36	 x30=0x8003feb0
     494075.000 ns	     49406	80009eb4	143f2823	sw	x3,336(x30)	 x30:0x8003feb0  x3:0x00000001 PA:0xxxxxxxxx
     494095.000 ns	     49408	80009eb8	ff9ff06f	jal	x0,80009eb4	
     494145.000 ns	     49413	80009eb0	00036f17	auipc	x30,0x36	 x30=0x8003feb0
     494155.000 ns	     49414	80009eb4	143f2823	sw	x3,336(x30)	 x30:0x8003feb0  x3:0x00000001 PA:0xxxxxxxxx
     494175.000 ns	     49416	80009eb8	ff9ff06f	jal	x0,80009eb4	
     494225.000 ns	     49421	80009eb0	00036f17	auipc	x30,0x36	 x30=0x8003feb0
     494235.000 ns	     49422	80009eb4	143f2823	sw	x3,336(x30)	 x30:0x8003feb0  x3:0x00000001 PA:0xxxxxxxxx
     494255.000 ns	     49424	80009eb8	ff9ff06f	jal	x0,80009eb4	
     494305.000 ns	     49429	80009eb0	00036f17	auipc	x30,0x36	 x30=0x8003feb0
     494315.000 ns	     49430	80009eb4	143f2823	sw	x3,336(x30)	 x30:0x8003feb0  x3:0x00000001 PA:0xxxxxxxxx
     494335.000 ns	     49432	80009eb8	ff9ff06f	jal	x0,80009eb4	
     494385.000 ns	     49437	80009eb0	00036f17	auipc	x30,0x36	 x30=0x8003feb0
     494395.000 ns	     49438	80009eb4	143f2823	sw	x3,336(x30)	 x30:0x8003feb0  x3:0x00000001 PA:0xxxxxxxxx
     494415.000 ns	     49440	80009eb8	ff9ff06f	jal	x0,80009eb4	
     494465.000 ns	     49445	80009eb0	00036f17	auipc	x30,0x36	 x30=0x8003feb0
     494475.000 ns	     49446	80009eb4	143f2823	sw	x3,336(x30)	 x30:0x8003feb0  x3:0x00000001 PA:0xxxxxxxxx
     494495.000 ns	     49448	80009eb8	ff9ff06f	jal	x0,80009eb4	
     494545.000 ns	     49453	80009eb0	00036f17	auipc	x30,0x36	 x30=0x8003feb0
     494555.000 ns	     49454	80009eb4	143f2823	sw	x3,336(x30)	 x30:0x8003feb0  x3:0x00000001 PA:0xxxxxxxxx
     494575.000 ns	     49456	80009eb8	ff9ff06f	jal	x0,80009eb4	
     494625.000 ns	     49461	80009eb0	00036f17	auipc	x30,0x36	 x30=0x8003feb0
     494635.000 ns	     49462	80009eb4	143f2823	sw	x3,336(x30)	 x30:0x8003feb0  x3:0x00000001 PA:0xxxxxxxxx
     494655.000 ns	     49464	80009eb8	ff9ff06f	jal	x0,80009eb4	
     494705.000 ns	     49469	80009eb0	00036f17	auipc	x30,0x36	 x30=0x8003feb0
     494715.000 ns	     49470	80009eb4	143f2823	sw	x3,336(x30)	 x30:0x8003feb0  x3:0x00000001 PA:0xxxxxxxxx
     494735.000 ns	     49472	80009eb8	ff9ff06f	jal	x0,80009eb4	
     494785.000 ns	     49477	80009eb0	00036f17	auipc	x30,0x36	 x30=0x8003feb0
     494795.000 ns	     49478	80009eb4	143f2823	sw	x3,336(x30)	 x30:0x8003feb0  x3:0x00000001 PA:0xxxxxxxxx
     494815.000 ns	     49480	80009eb8	ff9ff06f	jal	x0,80009eb4	
     494865.000 ns	     49485	80009eb0	00036f17	auipc	x30,0x36	 x30=0x8003feb0
     494875.000 ns	     49486	80009eb4	143f2823	sw	x3,336(x30)	 x30:0x8003feb0  x3:0x00000001 PA:0xxxxxxxxx
     494895.000 ns	     49488	80009eb8	ff9ff06f	jal	x0,80009eb4	
     494945.000 ns	     49493	80009eb0	00036f17	auipc	x30,0x36	 x30=0x8003feb0
     494955.000 ns	     49494	80009eb4	143f2823	sw	x3,336(x30)	 x30:0x8003feb0  x3:0x00000001 PA:0xxxxxxxxx
     494975.000 ns	     49496	80009eb8	ff9ff06f	jal	x0,80009eb4	
     495025.000 ns	     49501	80009eb0	00036f17	auipc	x30,0x36	 x30=0x8003feb0
     495035.000 ns	     49502	80009eb4	143f2823	sw	x3,336(x30)	 x30:0x8003feb0  x3:0x00000001 PA:0xxxxxxxxx
     495055.000 ns	     49504	80009eb8	ff9ff06f	jal	x0,80009eb4	
     495105.000 ns	     49509	80009eb0	00036f17	auipc	x30,0x36	 x30=0x8003feb0
     495115.000 ns	     49510	80009eb4	143f2823	sw	x3,336(x30)	 x30:0x8003feb0  x3:0x00000001 PA:0xxxxxxxxx
     495135.000 ns	     49512	80009eb8	ff9ff06f	jal	x0,80009eb4	
     495185.000 ns	     49517	80009eb0	00036f17	auipc	x30,0x36	 x30=0x8003feb0
     495195.000 ns	     49518	80009eb4	143f2823	sw	x3,336(x30)	 x30:0x8003feb0  x3:0x00000001 PA:0xxxxxxxxx
     495215.000 ns	     49520	80009eb8	ff9ff06f	jal	x0,80009eb4	
     495265.000 ns	     49525	80009eb0	00036f17	auipc	x30,0x36	 x30=0x8003feb0
     495275.000 ns	     49526	80009eb4	143f2823	sw	x3,336(x30)	 x30:0x8003feb0  x3:0x00000001 PA:0xxxxxxxxx
     495295.000 ns	     49528	80009eb8	ff9ff06f	jal	x0,80009eb4	
     495345.000 ns	     49533	80009eb0	00036f17	auipc	x30,0x36	 x30=0x8003feb0
     495355.000 ns	     49534	80009eb4	143f2823	sw	x3,336(x30)	 x30:0x8003feb0  x3:0x00000001 PA:0xxxxxxxxx
     495375.000 ns	     49536	80009eb8	ff9ff06f	jal	x0,80009eb4	
     495425.000 ns	     49541	80009eb0	00036f17	auipc	x30,0x36	 x30=0x8003feb0
     495435.000 ns	     49542	80009eb4	143f2823	sw	x3,336(x30)	 x30:0x8003feb0  x3:0x00000001 PA:0xxxxxxxxx
     495455.000 ns	     49544	80009eb8	ff9ff06f	jal	x0,80009eb4	
     495505.000 ns	     49549	80009eb0	00036f17	auipc	x30,0x36	 x30=0x8003feb0
     495515.000 ns	     49550	80009eb4	143f2823	sw	x3,336(x30)	 x30:0x8003feb0  x3:0x00000001 PA:0xxxxxxxxx
     495535.000 ns	     49552	80009eb8	ff9ff06f	jal	x0,80009eb4	
     495585.000 ns	     49557	80009eb0	00036f17	auipc	x30,0x36	 x30=0x8003feb0
     495595.000 ns	     49558	80009eb4	143f2823	sw	x3,336(x30)	 x30:0x8003feb0  x3:0x00000001 PA:0xxxxxxxxx
     495615.000 ns	     49560	80009eb8	ff9ff06f	jal	x0,80009eb4	
     495665.000 ns	     49565	80009eb0	00036f17	auipc	x30,0x36	 x30=0x8003feb0
     495675.000 ns	     49566	80009eb4	143f2823	sw	x3,336(x30)	 x30:0x8003feb0  x3:0x00000001 PA:0xxxxxxxxx
     495695.000 ns	     49568	80009eb8	ff9ff06f	jal	x0,80009eb4	
     495745.000 ns	     49573	80009eb0	00036f17	auipc	x30,0x36	 x30=0x8003feb0
     495755.000 ns	     49574	80009eb4	143f2823	sw	x3,336(x30)	 x30:0x8003feb0  x3:0x00000001 PA:0xxxxxxxxx
     495775.000 ns	     49576	80009eb8	ff9ff06f	jal	x0,80009eb4	
     495825.000 ns	     49581	80009eb0	00036f17	auipc	x30,0x36	 x30=0x8003feb0
     495835.000 ns	     49582	80009eb4	143f2823	sw	x3,336(x30)	 x30:0x8003feb0  x3:0x00000001 PA:0xxxxxxxxx
     495855.000 ns	     49584	80009eb8	ff9ff06f	jal	x0,80009eb4	
     495905.000 ns	     49589	80009eb0	00036f17	auipc	x30,0x36	 x30=0x8003feb0
     495915.000 ns	     49590	80009eb4	143f2823	sw	x3,336(x30)	 x30:0x8003feb0  x3:0x00000001 PA:0xxxxxxxxx
     495935.000 ns	     49592	80009eb8	ff9ff06f	jal	x0,80009eb4	
     495985.000 ns	     49597	80009eb0	00036f17	auipc	x30,0x36	 x30=0x8003feb0
     495995.000 ns	     49598	80009eb4	143f2823	sw	x3,336(x30)	 x30:0x8003feb0  x3:0x00000001 PA:0xxxxxxxxx
     496015.000 ns	     49600	80009eb8	ff9ff06f	jal	x0,80009eb4	
     496065.000 ns	     49605	80009eb0	00036f17	auipc	x30,0x36	 x30=0x8003feb0
     496075.000 ns	     49606	80009eb4	143f2823	sw	x3,336(x30)	 x30:0x8003feb0  x3:0x00000001 PA:0xxxxxxxxx
     496095.000 ns	     49608	80009eb8	ff9ff06f	jal	x0,80009eb4	
     496145.000 ns	     49613	80009eb0	00036f17	auipc	x30,0x36	 x30=0x8003feb0
     496155.000 ns	     49614	80009eb4	143f2823	sw	x3,336(x30)	 x30:0x8003feb0  x3:0x00000001 PA:0xxxxxxxxx
     496175.000 ns	     49616	80009eb8	ff9ff06f	jal	x0,80009eb4	
     496225.000 ns	     49621	80009eb0	00036f17	auipc	x30,0x36	 x30=0x8003feb0
     496235.000 ns	     49622	80009eb4	143f2823	sw	x3,336(x30)	 x30:0x8003feb0  x3:0x00000001 PA:0xxxxxxxxx
     496255.000 ns	     49624	80009eb8	ff9ff06f	jal	x0,80009eb4	
     496305.000 ns	     49629	80009eb0	00036f17	auipc	x30,0x36	 x30=0x8003feb0
     496315.000 ns	     49630	80009eb4	143f2823	sw	x3,336(x30)	 x30:0x8003feb0  x3:0x00000001 PA:0xxxxxxxxx
     496335.000 ns	     49632	80009eb8	ff9ff06f	jal	x0,80009eb4	
     496385.000 ns	     49637	80009eb0	00036f17	auipc	x30,0x36	 x30=0x8003feb0
     496395.000 ns	     49638	80009eb4	143f2823	sw	x3,336(x30)	 x30:0x8003feb0  x3:0x00000001 PA:0xxxxxxxxx
     496415.000 ns	     49640	80009eb8	ff9ff06f	jal	x0,80009eb4	
     496465.000 ns	     49645	80009eb0	00036f17	auipc	x30,0x36	 x30=0x8003feb0
     496475.000 ns	     49646	80009eb4	143f2823	sw	x3,336(x30)	 x30:0x8003feb0  x3:0x00000001 PA:0xxxxxxxxx
     496495.000 ns	     49648	80009eb8	ff9ff06f	jal	x0,80009eb4	
     496545.000 ns	     49653	80009eb0	00036f17	auipc	x30,0x36	 x30=0x8003feb0
     496555.000 ns	     49654	80009eb4	143f2823	sw	x3,336(x30)	 x30:0x8003feb0  x3:0x00000001 PA:0xxxxxxxxx
     496575.000 ns	     49656	80009eb8	ff9ff06f	jal	x0,80009eb4	
     496625.000 ns	     49661	80009eb0	00036f17	auipc	x30,0x36	 x30=0x8003feb0
     496635.000 ns	     49662	80009eb4	143f2823	sw	x3,336(x30)	 x30:0x8003feb0  x3:0x00000001 PA:0xxxxxxxxx
     496655.000 ns	     49664	80009eb8	ff9ff06f	jal	x0,80009eb4	
     496705.000 ns	     49669	80009eb0	00036f17	auipc	x30,0x36	 x30=0x8003feb0
     496715.000 ns	     49670	80009eb4	143f2823	sw	x3,336(x30)	 x30:0x8003feb0  x3:0x00000001 PA:0xxxxxxxxx
     496735.000 ns	     49672	80009eb8	ff9ff06f	jal	x0,80009eb4	
     496785.000 ns	     49677	80009eb0	00036f17	auipc	x30,0x36	 x30=0x8003feb0
     496795.000 ns	     49678	80009eb4	143f2823	sw	x3,336(x30)	 x30:0x8003feb0  x3:0x00000001 PA:0xxxxxxxxx
     496815.000 ns	     49680	80009eb8	ff9ff06f	jal	x0,80009eb4	
     496865.000 ns	     49685	80009eb0	00036f17	auipc	x30,0x36	 x30=0x8003feb0
     496875.000 ns	     49686	80009eb4	143f2823	sw	x3,336(x30)	 x30:0x8003feb0  x3:0x00000001 PA:0xxxxxxxxx
     496895.000 ns	     49688	80009eb8	ff9ff06f	jal	x0,80009eb4	
     496945.000 ns	     49693	80009eb0	00036f17	auipc	x30,0x36	 x30=0x8003feb0
     496955.000 ns	     49694	80009eb4	143f2823	sw	x3,336(x30)	 x30:0x8003feb0  x3:0x00000001 PA:0xxxxxxxxx
     496975.000 ns	     49696	80009eb8	ff9ff06f	jal	x0,80009eb4	
     497025.000 ns	     49701	80009eb0	00036f17	auipc	x30,0x36	 x30=0x8003feb0
     497035.000 ns	     49702	80009eb4	143f2823	sw	x3,336(x30)	 x30:0x8003feb0  x3:0x00000001 PA:0xxxxxxxxx
     497055.000 ns	     49704	80009eb8	ff9ff06f	jal	x0,80009eb4	
     497105.000 ns	     49709	80009eb0	00036f17	auipc	x30,0x36	 x30=0x8003feb0
     497115.000 ns	     49710	80009eb4	143f2823	sw	x3,336(x30)	 x30:0x8003feb0  x3:0x00000001 PA:0xxxxxxxxx
     497135.000 ns	     49712	80009eb8	ff9ff06f	jal	x0,80009eb4	
     497185.000 ns	     49717	80009eb0	00036f17	auipc	x30,0x36	 x30=0x8003feb0
     497195.000 ns	     49718	80009eb4	143f2823	sw	x3,336(x30)	 x30:0x8003feb0  x3:0x00000001 PA:0xxxxxxxxx
     497215.000 ns	     49720	80009eb8	ff9ff06f	jal	x0,80009eb4	
     497265.000 ns	     49725	80009eb0	00036f17	auipc	x30,0x36	 x30=0x8003feb0
     497275.000 ns	     49726	80009eb4	143f2823	sw	x3,336(x30)	 x30:0x8003feb0  x3:0x00000001 PA:0xxxxxxxxx
     497295.000 ns	     49728	80009eb8	ff9ff06f	jal	x0,80009eb4	
     497345.000 ns	     49733	80009eb0	00036f17	auipc	x30,0x36	 x30=0x8003feb0
     497355.000 ns	     49734	80009eb4	143f2823	sw	x3,336(x30)	 x30:0x8003feb0  x3:0x00000001 PA:0xxxxxxxxx
     497375.000 ns	     49736	80009eb8	ff9ff06f	jal	x0,80009eb4	
     497425.000 ns	     49741	80009eb0	00036f17	auipc	x30,0x36	 x30=0x8003feb0
     497435.000 ns	     49742	80009eb4	143f2823	sw	x3,336(x30)	 x30:0x8003feb0  x3:0x00000001 PA:0xxxxxxxxx
     497455.000 ns	     49744	80009eb8	ff9ff06f	jal	x0,80009eb4	
     497505.000 ns	     49749	80009eb0	00036f17	auipc	x30,0x36	 x30=0x8003feb0
     497515.000 ns	     49750	80009eb4	143f2823	sw	x3,336(x30)	 x30:0x8003feb0  x3:0x00000001 PA:0xxxxxxxxx
     497535.000 ns	     49752	80009eb8	ff9ff06f	jal	x0,80009eb4	
     497585.000 ns	     49757	80009eb0	00036f17	auipc	x30,0x36	 x30=0x8003feb0
     497595.000 ns	     49758	80009eb4	143f2823	sw	x3,336(x30)	 x30:0x8003feb0  x3:0x00000001 PA:0xxxxxxxxx
     497615.000 ns	     49760	80009eb8	ff9ff06f	jal	x0,80009eb4	
     497665.000 ns	     49765	80009eb0	00036f17	auipc	x30,0x36	 x30=0x8003feb0
     497675.000 ns	     49766	80009eb4	143f2823	sw	x3,336(x30)	 x30:0x8003feb0  x3:0x00000001 PA:0xxxxxxxxx
     497695.000 ns	     49768	80009eb8	ff9ff06f	jal	x0,80009eb4	
     497745.000 ns	     49773	80009eb0	00036f17	auipc	x30,0x36	 x30=0x8003feb0
     497755.000 ns	     49774	80009eb4	143f2823	sw	x3,336(x30)	 x30:0x8003feb0  x3:0x00000001 PA:0xxxxxxxxx
     497775.000 ns	     49776	80009eb8	ff9ff06f	jal	x0,80009eb4	
     497825.000 ns	     49781	80009eb0	00036f17	auipc	x30,0x36	 x30=0x8003feb0
     497835.000 ns	     49782	80009eb4	143f2823	sw	x3,336(x30)	 x30:0x8003feb0  x3:0x00000001 PA:0xxxxxxxxx
     497855.000 ns	     49784	80009eb8	ff9ff06f	jal	x0,80009eb4	
     497905.000 ns	     49789	80009eb0	00036f17	auipc	x30,0x36	 x30=0x8003feb0
     497915.000 ns	     49790	80009eb4	143f2823	sw	x3,336(x30)	 x30:0x8003feb0  x3:0x00000001 PA:0xxxxxxxxx
     497935.000 ns	     49792	80009eb8	ff9ff06f	jal	x0,80009eb4	
     497985.000 ns	     49797	80009eb0	00036f17	auipc	x30,0x36	 x30=0x8003feb0
     497995.000 ns	     49798	80009eb4	143f2823	sw	x3,336(x30)	 x30:0x8003feb0  x3:0x00000001 PA:0xxxxxxxxx
     498015.000 ns	     49800	80009eb8	ff9ff06f	jal	x0,80009eb4	
     498065.000 ns	     49805	80009eb0	00036f17	auipc	x30,0x36	 x30=0x8003feb0
     498075.000 ns	     49806	80009eb4	143f2823	sw	x3,336(x30)	 x30:0x8003feb0  x3:0x00000001 PA:0xxxxxxxxx
     498095.000 ns	     49808	80009eb8	ff9ff06f	jal	x0,80009eb4	
     498145.000 ns	     49813	80009eb0	00036f17	auipc	x30,0x36	 x30=0x8003feb0
     498155.000 ns	     49814	80009eb4	143f2823	sw	x3,336(x30)	 x30:0x8003feb0  x3:0x00000001 PA:0xxxxxxxxx
     498175.000 ns	     49816	80009eb8	ff9ff06f	jal	x0,80009eb4	
     498225.000 ns	     49821	80009eb0	00036f17	auipc	x30,0x36	 x30=0x8003feb0
     498235.000 ns	     49822	80009eb4	143f2823	sw	x3,336(x30)	 x30:0x8003feb0  x3:0x00000001 PA:0xxxxxxxxx
     498255.000 ns	     49824	80009eb8	ff9ff06f	jal	x0,80009eb4	
     498305.000 ns	     49829	80009eb0	00036f17	auipc	x30,0x36	 x30=0x8003feb0
     498315.000 ns	     49830	80009eb4	143f2823	sw	x3,336(x30)	 x30:0x8003feb0  x3:0x00000001 PA:0xxxxxxxxx
     498335.000 ns	     49832	80009eb8	ff9ff06f	jal	x0,80009eb4	
     498385.000 ns	     49837	80009eb0	00036f17	auipc	x30,0x36	 x30=0x8003feb0
     498395.000 ns	     49838	80009eb4	143f2823	sw	x3,336(x30)	 x30:0x8003feb0  x3:0x00000001 PA:0xxxxxxxxx
     498415.000 ns	     49840	80009eb8	ff9ff06f	jal	x0,80009eb4	
     498465.000 ns	     49845	80009eb0	00036f17	auipc	x30,0x36	 x30=0x8003feb0
     498475.000 ns	     49846	80009eb4	143f2823	sw	x3,336(x30)	 x30:0x8003feb0  x3:0x00000001 PA:0xxxxxxxxx
     498495.000 ns	     49848	80009eb8	ff9ff06f	jal	x0,80009eb4	
     498545.000 ns	     49853	80009eb0	00036f17	auipc	x30,0x36	 x30=0x8003feb0
     498555.000 ns	     49854	80009eb4	143f2823	sw	x3,336(x30)	 x30:0x8003feb0  x3:0x00000001 PA:0xxxxxxxxx
     498575.000 ns	     49856	80009eb8	ff9ff06f	jal	x0,80009eb4	
     498625.000 ns	     49861	80009eb0	00036f17	auipc	x30,0x36	 x30=0x8003feb0
     498635.000 ns	     49862	80009eb4	143f2823	sw	x3,336(x30)	 x30:0x8003feb0  x3:0x00000001 PA:0xxxxxxxxx
     498655.000 ns	     49864	80009eb8	ff9ff06f	jal	x0,80009eb4	
     498705.000 ns	     49869	80009eb0	00036f17	auipc	x30,0x36	 x30=0x8003feb0
     498715.000 ns	     49870	80009eb4	143f2823	sw	x3,336(x30)	 x30:0x8003feb0  x3:0x00000001 PA:0xxxxxxxxx
     498735.000 ns	     49872	80009eb8	ff9ff06f	jal	x0,80009eb4	
     498785.000 ns	     49877	80009eb0	00036f17	auipc	x30,0x36	 x30=0x8003feb0
     498795.000 ns	     49878	80009eb4	143f2823	sw	x3,336(x30)	 x30:0x8003feb0  x3:0x00000001 PA:0xxxxxxxxx
     498815.000 ns	     49880	80009eb8	ff9ff06f	jal	x0,80009eb4	
     498865.000 ns	     49885	80009eb0	00036f17	auipc	x30,0x36	 x30=0x8003feb0
     498875.000 ns	     49886	80009eb4	143f2823	sw	x3,336(x30)	 x30:0x8003feb0  x3:0x00000001 PA:0xxxxxxxxx
     498895.000 ns	     49888	80009eb8	ff9ff06f	jal	x0,80009eb4	
     498945.000 ns	     49893	80009eb0	00036f17	auipc	x30,0x36	 x30=0x8003feb0
     498955.000 ns	     49894	80009eb4	143f2823	sw	x3,336(x30)	 x30:0x8003feb0  x3:0x00000001 PA:0xxxxxxxxx
     498975.000 ns	     49896	80009eb8	ff9ff06f	jal	x0,80009eb4	
     499025.000 ns	     49901	80009eb0	00036f17	auipc	x30,0x36	 x30=0x8003feb0
     499035.000 ns	     49902	80009eb4	143f2823	sw	x3,336(x30)	 x30:0x8003feb0  x3:0x00000001 PA:0xxxxxxxxx
     499055.000 ns	     49904	80009eb8	ff9ff06f	jal	x0,80009eb4	
     499105.000 ns	     49909	80009eb0	00036f17	auipc	x30,0x36	 x30=0x8003feb0
     499115.000 ns	     49910	80009eb4	143f2823	sw	x3,336(x30)	 x30:0x8003feb0  x3:0x00000001 PA:0xxxxxxxxx
     499135.000 ns	     49912	80009eb8	ff9ff06f	jal	x0,80009eb4	
     499185.000 ns	     49917	80009eb0	00036f17	auipc	x30,0x36	 x30=0x8003feb0
     499195.000 ns	     49918	80009eb4	143f2823	sw	x3,336(x30)	 x30:0x8003feb0  x3:0x00000001 PA:0xxxxxxxxx
     499215.000 ns	     49920	80009eb8	ff9ff06f	jal	x0,80009eb4	
     499265.000 ns	     49925	80009eb0	00036f17	auipc	x30,0x36	 x30=0x8003feb0
     499275.000 ns	     49926	80009eb4	143f2823	sw	x3,336(x30)	 x30:0x8003feb0  x3:0x00000001 PA:0xxxxxxxxx
     499295.000 ns	     49928	80009eb8	ff9ff06f	jal	x0,80009eb4	
     499345.000 ns	     49933	80009eb0	00036f17	auipc	x30,0x36	 x30=0x8003feb0
     499355.000 ns	     49934	80009eb4	143f2823	sw	x3,336(x30)	 x30:0x8003feb0  x3:0x00000001 PA:0xxxxxxxxx
     499375.000 ns	     49936	80009eb8	ff9ff06f	jal	x0,80009eb4	
     499425.000 ns	     49941	80009eb0	00036f17	auipc	x30,0x36	 x30=0x8003feb0
     499435.000 ns	     49942	80009eb4	143f2823	sw	x3,336(x30)	 x30:0x8003feb0  x3:0x00000001 PA:0xxxxxxxxx
     499455.000 ns	     49944	80009eb8	ff9ff06f	jal	x0,80009eb4	
     499505.000 ns	     49949	80009eb0	00036f17	auipc	x30,0x36	 x30=0x8003feb0
     499515.000 ns	     49950	80009eb4	143f2823	sw	x3,336(x30)	 x30:0x8003feb0  x3:0x00000001 PA:0xxxxxxxxx
     499535.000 ns	     49952	80009eb8	ff9ff06f	jal	x0,80009eb4	
     499585.000 ns	     49957	80009eb0	00036f17	auipc	x30,0x36	 x30=0x8003feb0
     499595.000 ns	     49958	80009eb4	143f2823	sw	x3,336(x30)	 x30:0x8003feb0  x3:0x00000001 PA:0xxxxxxxxx
     499615.000 ns	     49960	80009eb8	ff9ff06f	jal	x0,80009eb4	
     499665.000 ns	     49965	80009eb0	00036f17	auipc	x30,0x36	 x30=0x8003feb0
     499675.000 ns	     49966	80009eb4	143f2823	sw	x3,336(x30)	 x30:0x8003feb0  x3:0x00000001 PA:0xxxxxxxxx
     499695.000 ns	     49968	80009eb8	ff9ff06f	jal	x0,80009eb4	
     499745.000 ns	     49973	80009eb0	00036f17	auipc	x30,0x36	 x30=0x8003feb0
     499755.000 ns	     49974	80009eb4	143f2823	sw	x3,336(x30)	 x30:0x8003feb0  x3:0x00000001 PA:0xxxxxxxxx
     499775.000 ns	     49976	80009eb8	ff9ff06f	jal	x0,80009eb4	
     499825.000 ns	     49981	80009eb0	00036f17	auipc	x30,0x36	 x30=0x8003feb0
     499835.000 ns	     49982	80009eb4	143f2823	sw	x3,336(x30)	 x30:0x8003feb0  x3:0x00000001 PA:0xxxxxxxxx
     499855.000 ns	     49984	80009eb8	ff9ff06f	jal	x0,80009eb4	
     499905.000 ns	     49989	80009eb0	00036f17	auipc	x30,0x36	 x30=0x8003feb0
     499915.000 ns	     49990	80009eb4	143f2823	sw	x3,336(x30)	 x30:0x8003feb0  x3:0x00000001 PA:0xxxxxxxxx
     499935.000 ns	     49992	80009eb8	ff9ff06f	jal	x0,80009eb4	
     499985.000 ns	     49997	80009eb0	00036f17	auipc	x30,0x36	 x30=0x8003feb0
