		Time			Cycle	PC		Insn	Decoded instruction	Register and memory contents
         65.000 ns	         5	80000000	f14022f3	csrrs	x5,mhartid,x0	  x0:0x00000000  x5=0xffffff14
         75.000 ns	         6	80000004	00000313	addi	x6,x0,0	  x0:0x00000000  x6=0x00000000
         85.000 ns	         7	80000008	00628263	beq	x5,x6,8000000c	  x5:0x00000000  x6:0x00000000
         95.000 ns	         8	8000000c	00000c97	auipc	x25,0x0	 x25=0x8000000c
        105.000 ns	         9	80000010	00cc8c93	addi	x25,x25,12	 x25:0x00000000 x25=0x80000018
        115.000 ns	        10	80000014	000c8067	jalr	x0,x25,0	 x25:0x00000000
        165.000 ns	        15	80000018	40001137	lui	x2,0x40001	  x2=0x40001000
        175.000 ns	        16	8000001c	12010113	addi	x2,x2,288	  x2:0x00000000  x2=0x40001120
        185.000 ns	        17	80000020	30111073	csrrw	x0,misa,x2	  x2:0x00000000
        195.000 ns	        18	80000024	00041497	auipc	x9,0x41	  x9=0x80041024
        205.000 ns	        19	80000028	00048493	addi	x9,x9,0	  x9:0x00000000  x9=0x80041024
        215.000 ns	        20	8000002c	0000b117	auipc	x2,0xb	  x2=0x8000b02c
        225.000 ns	        21	80000030	8a410113	addi	x2,x2,-1884	  x2:0x40001120  x2=0x8000a8d0
        235.000 ns	        22	80000034	00116113	ori	x2,x2,1	  x2:0x40001120  x2=0x8000a8d1
        245.000 ns	        23	80000038	30511073	csrrw	x0,mtvec,x2	  x2:0x8000b02c
        255.000 ns	        24	8000003c	00000117	auipc	x2,0x0	  x2=0x8000003c
        265.000 ns	        25	80000040	02810113	addi	x2,x2,40	  x2:0x8000a8d1  x2=0x80000064
        275.000 ns	        26	80000044	34111073	csrrw	x0,mepc,x2	  x2:0x8000a8d1
        285.000 ns	        27	80000048	00000013	addi	x0,x0,0	  x0:0x00000000
        295.000 ns	        28	8000004c	00004137	lui	x2,0x4	  x2=0x00004000
        305.000 ns	        29	80000050	80010113	addi	x2,x2,-2048	  x2:0x80000064  x2=0x00003800
        315.000 ns	        30	80000054	30011073	csrrw	x0,mstatus,x2	  x2:0x80000064
        325.000 ns	        31	80000058	00000113	addi	x2,x0,0	  x0:0x00000000  x2=0x00000000
        335.000 ns	        32	8000005c	30411073	csrrw	x0,mie,x2	  x2:0x00003800
        345.000 ns	        33	80000060	30200073	mret	
        355.000 ns	        34	80000064	ff800137	lui	x2,0xff800	  x2=0xff800000
        365.000 ns	        35	80000068	fff10113	addi	x2,x2,-1	  x2:0x00000000  x2=0xff7fffff
        385.000 ns	        37	8000006c	f0010053	fmv.w.x	f0,x2	  x2:0x00000000  f0=0xff7fffff
        405.000 ns	        39	80000070	ff800137	lui	x2,0xff800	  x2=0xff800000
        425.000 ns	        41	80000074	f00100d3	fmv.w.x	f1,x2	  x2:0xff7fffff  f1=0xff800000
        445.000 ns	        43	80000078	7f800137	lui	x2,0x7f800	  x2=0x7f800000
        455.000 ns	        44	8000007c	00110113	addi	x2,x2,1	  x2:0xff800000  x2=0x7f800001
        475.000 ns	        46	80000080	f0010153	fmv.w.x	f2,x2	  x2:0xff800000  f2=0x7f800001
        495.000 ns	        48	80000084	00000113	addi	x2,x0,0	  x0:0x00000000  x2=0x00000000
        515.000 ns	        50	80000088	f00101d3	fmv.w.x	f3,x2	  x2:0x7f800001  f3=0x00000000
        535.000 ns	        52	8000008c	7fc00137	lui	x2,0x7fc00	  x2=0x7fc00000
        555.000 ns	        54	80000090	f0010253	fmv.w.x	f4,x2	  x2:0x00000000  f4=0x7fc00000
        575.000 ns	        56	80000094	ff800137	lui	x2,0xff800	  x2=0xff800000
        585.000 ns	        57	80000098	fff10113	addi	x2,x2,-1	  x2:0x7fc00000  x2=0xff7fffff
        605.000 ns	        59	8000009c	f00102d3	fmv.w.x	f5,x2	  x2:0x7fc00000  f5=0xff7fffff
        625.000 ns	        61	800000a0	7f800137	lui	x2,0x7f800	  x2=0x7f800000
        645.000 ns	        63	800000a4	f0010353	fmv.w.x	f6,x2	  x2:0xff7fffff  f6=0x7f800000
        665.000 ns	        65	800000a8	00000113	addi	x2,x0,0	  x0:0x00000000  x2=0x00000000
        685.000 ns	        67	800000ac	f00103d3	fmv.w.x	f7,x2	  x2:0x7f800000  f7=0x00000000
        705.000 ns	        69	800000b0	7f800137	lui	x2,0x7f800	  x2=0x7f800000
        715.000 ns	        70	800000b4	00110113	addi	x2,x2,1	  x2:0x00000000  x2=0x7f800001
        735.000 ns	        72	800000b8	f0010453	fmv.w.x	f8,x2	  x2:0x00000000  f8=0x7f800001
        755.000 ns	        74	800000bc	c5132137	lui	x2,0xc5132	  x2=0xc5132000
        765.000 ns	        75	800000c0	1db10113	addi	x2,x2,475	  x2:0x7f800001  x2=0xc51321db
        785.000 ns	        77	800000c4	f00104d3	fmv.w.x	f9,x2	  x2:0x7f800001  f9=0xc51321db
        805.000 ns	        79	800000c8	7f800137	lui	x2,0x7f800	  x2=0x7f800000
        825.000 ns	        81	800000cc	f0010553	fmv.w.x	f10,x2	  x2:0xc51321db f10=0x7f800000
        845.000 ns	        83	800000d0	7fc00137	lui	x2,0x7fc00	  x2=0x7fc00000
        865.000 ns	        85	800000d4	f00105d3	fmv.w.x	f11,x2	  x2:0x7f800000 f11=0x7fc00000
        885.000 ns	        87	800000d8	7f800137	lui	x2,0x7f800	  x2=0x7f800000
        895.000 ns	        88	800000dc	00110113	addi	x2,x2,1	  x2:0x7fc00000  x2=0x7f800001
        915.000 ns	        90	800000e0	f0010653	fmv.w.x	f12,x2	  x2:0x7fc00000 f12=0x7f800001
        935.000 ns	        92	800000e4	7fc00137	lui	x2,0x7fc00	  x2=0x7fc00000
        955.000 ns	        94	800000e8	f00106d3	fmv.w.x	f13,x2	  x2:0x7f800001 f13=0x7fc00000
        975.000 ns	        96	800000ec	ff800137	lui	x2,0xff800	  x2=0xff800000
        995.000 ns	        98	800000f0	f0010753	fmv.w.x	f14,x2	  x2:0x7fc00000 f14=0xff800000
       1015.000 ns	       100	800000f4	ff800137	lui	x2,0xff800	  x2=0xff800000
       1025.000 ns	       101	800000f8	fff10113	addi	x2,x2,-1	  x2:0xff800000  x2=0xff7fffff
       1045.000 ns	       103	800000fc	f00107d3	fmv.w.x	f15,x2	  x2:0xff800000 f15=0xff7fffff
       1065.000 ns	       105	80000100	ff800137	lui	x2,0xff800	  x2=0xff800000
       1085.000 ns	       107	80000104	f0010853	fmv.w.x	f16,x2	  x2:0xff7fffff f16=0xff800000
       1105.000 ns	       109	80000108	7fc00137	lui	x2,0x7fc00	  x2=0x7fc00000
       1125.000 ns	       111	8000010c	f00108d3	fmv.w.x	f17,x2	  x2:0xff800000 f17=0x7fc00000
       1145.000 ns	       113	80000110	47fa7137	lui	x2,0x47fa7	  x2=0x47fa7000
       1155.000 ns	       114	80000114	4be10113	addi	x2,x2,1214	  x2:0x7fc00000  x2=0x47fa74be
       1175.000 ns	       116	80000118	f0010953	fmv.w.x	f18,x2	  x2:0x7fc00000 f18=0x47fa74be
       1195.000 ns	       118	8000011c	802e9137	lui	x2,0x802e9	  x2=0x802e9000
       1205.000 ns	       119	80000120	1aa10113	addi	x2,x2,426	  x2:0x47fa74be  x2=0x802e91aa
       1225.000 ns	       121	80000124	f00109d3	fmv.w.x	f19,x2	  x2:0x47fa74be f19=0x802e91aa
       1245.000 ns	       123	80000128	80544137	lui	x2,0x80544	  x2=0x80544000
       1255.000 ns	       124	8000012c	a9d10113	addi	x2,x2,-1379	  x2:0x802e91aa  x2=0x80543a9d
       1275.000 ns	       126	80000130	f0010a53	fmv.w.x	f20,x2	  x2:0x802e91aa f20=0x80543a9d
       1295.000 ns	       128	80000134	80098137	lui	x2,0x80098	  x2=0x80098000
       1305.000 ns	       129	80000138	a0010113	addi	x2,x2,-1536	  x2:0x80543a9d  x2=0x80097a00
       1325.000 ns	       131	8000013c	f0010ad3	fmv.w.x	f21,x2	  x2:0x80543a9d f21=0x80097a00
       1345.000 ns	       133	80000140	7f800137	lui	x2,0x7f800	  x2=0x7f800000
       1365.000 ns	       135	80000144	f0010b53	fmv.w.x	f22,x2	  x2:0x80097a00 f22=0x7f800000
       1385.000 ns	       137	80000148	ff800137	lui	x2,0xff800	  x2=0xff800000
       1405.000 ns	       139	8000014c	f0010bd3	fmv.w.x	f23,x2	  x2:0x7f800000 f23=0xff800000
       1425.000 ns	       141	80000150	00000113	addi	x2,x0,0	  x0:0x00000000  x2=0x00000000
       1445.000 ns	       143	80000154	f0010c53	fmv.w.x	f24,x2	  x2:0xff800000 f24=0x00000000
       1465.000 ns	       145	80000158	7f800137	lui	x2,0x7f800	  x2=0x7f800000
       1485.000 ns	       147	8000015c	f0010cd3	fmv.w.x	f25,x2	  x2:0x00000000 f25=0x7f800000
       1505.000 ns	       149	80000160	e3ab9137	lui	x2,0xe3ab9	  x2=0xe3ab9000
       1515.000 ns	       150	80000164	57a10113	addi	x2,x2,1402	  x2:0x7f800000  x2=0xe3ab957a
       1535.000 ns	       152	80000168	f0010d53	fmv.w.x	f26,x2	  x2:0x7f800000 f26=0xe3ab957a
       1555.000 ns	       154	8000016c	805d1137	lui	x2,0x805d1	  x2=0x805d1000
       1565.000 ns	       155	80000170	cb510113	addi	x2,x2,-843	  x2:0xe3ab957a  x2=0x805d0cb5
       1585.000 ns	       157	80000174	f0010dd3	fmv.w.x	f27,x2	  x2:0xe3ab957a f27=0x805d0cb5
       1605.000 ns	       159	80000178	7fc00137	lui	x2,0x7fc00	  x2=0x7fc00000
       1625.000 ns	       161	8000017c	f0010e53	fmv.w.x	f28,x2	  x2:0x805d0cb5 f28=0x7fc00000
       1645.000 ns	       163	80000180	7f800137	lui	x2,0x7f800	  x2=0x7f800000
       1665.000 ns	       165	80000184	f0010ed3	fmv.w.x	f29,x2	  x2:0x7fc00000 f29=0x7f800000
       1685.000 ns	       167	80000188	0036f137	lui	x2,0x36f	  x2=0x0036f000
       1695.000 ns	       168	8000018c	2e610113	addi	x2,x2,742	  x2:0x7f800000  x2=0x0036f2e6
       1715.000 ns	       170	80000190	f0010f53	fmv.w.x	f30,x2	  x2:0x7f800000 f30=0x0036f2e6
       1735.000 ns	       172	80000194	7f800137	lui	x2,0x7f800	  x2=0x7f800000
       1745.000 ns	       173	80000198	00110113	addi	x2,x2,1	  x2:0x0036f2e6  x2=0x7f800001
       1765.000 ns	       175	8000019c	f0010fd3	fmv.w.x	f31,x2	  x2:0x0036f2e6 f31=0x7f800001
       1785.000 ns	       177	800001a0	00215073	csrrwi	x0,frm,2	
       1795.000 ns	       178	800001a4	80000037	lui	x0,0x80000	
       1805.000 ns	       179	800001a8	00000013	addi	x0,x0,0	  x0:0x00000000
       1815.000 ns	       180	800001ac	8dc490b7	lui	x1,0x8dc49	  x1=0x8dc49000
       1825.000 ns	       181	800001b0	07508093	addi	x1,x1,117	  x1:0x00000000  x1=0x8dc49075
       1835.000 ns	       182	800001b4	00000113	addi	x2,x0,0	  x0:0x00000000  x2=0x00000000
       1845.000 ns	       183	800001b8	f5a2b1b7	lui	x3,0xf5a2b	  x3=0xf5a2b000
       1855.000 ns	       184	800001bc	05a18193	addi	x3,x3,90	  x3:0x00000000  x3=0xf5a2b05a
       1865.000 ns	       185	800001c0	00000213	addi	x4,x0,0	  x0:0x00000000  x4=0x00000000
       1875.000 ns	       186	800001c4	00400293	addi	x5,x0,4	  x0:0x00000000  x5=0x00000004
       1885.000 ns	       187	800001c8	58269337	lui	x6,0x58269	  x6=0x58269000
       1895.000 ns	       188	800001cc	20730313	addi	x6,x6,519	  x6:0x00000000  x6=0x58269207
       1905.000 ns	       189	800001d0	00000393	addi	x7,x0,0	  x0:0x00000000  x7=0x00000000
       1915.000 ns	       190	800001d4	fa897437	lui	x8,0xfa897	  x8=0xfa897000
       1925.000 ns	       191	800001d8	6c540413	addi	x8,x8,1733	  x8:0x00000000  x8=0xfa8976c5
       1935.000 ns	       192	800001dc	80000537	lui	x10,0x80000	 x10=0x80000000
       1945.000 ns	       193	800001e0	f0ce45b7	lui	x11,0xf0ce4	 x11=0xf0ce4000
       1955.000 ns	       194	800001e4	1e058593	addi	x11,x11,480	 x11:0x00000000 x11=0xf0ce41e0
       1965.000 ns	       195	800001e8	a0639637	lui	x12,0xa0639	 x12=0xa0639000
       1975.000 ns	       196	800001ec	aef60613	addi	x12,x12,-1297	 x12:0x00000000 x12=0xa0638aef
       1985.000 ns	       197	800001f0	00400693	addi	x13,x0,4	  x0:0x00000000 x13=0x00000004
       1995.000 ns	       198	800001f4	00a00713	addi	x14,x0,10	  x0:0x00000000 x14=0x0000000a
       2005.000 ns	       199	800001f8	00500793	addi	x15,x0,5	  x0:0x00000000 x15=0x00000005
       2015.000 ns	       200	800001fc	00d00813	addi	x16,x0,13	  x0:0x00000000 x16=0x0000000d
       2025.000 ns	       201	80000200	e3eb78b7	lui	x17,0xe3eb7	 x17=0xe3eb7000
       2035.000 ns	       202	80000204	e8388893	addi	x17,x17,-381	 x17:0x00000000 x17=0xe3eb6e83
       2045.000 ns	       203	80000208	80000937	lui	x18,0x80000	 x18=0x80000000
       2055.000 ns	       204	8000020c	fae529b7	lui	x19,0xfae52	 x19=0xfae52000
       2065.000 ns	       205	80000210	a5998993	addi	x19,x19,-1447	 x19:0x00000000 x19=0xfae51a59
       2075.000 ns	       206	80000214	00c00a13	addi	x20,x0,12	  x0:0x00000000 x20=0x0000000c
       2085.000 ns	       207	80000218	00f00a93	addi	x21,x0,15	  x0:0x00000000 x21=0x0000000f
       2095.000 ns	       208	8000021c	00000b13	addi	x22,x0,0	  x0:0x00000000 x22=0x00000000
       2105.000 ns	       209	80000220	00b00b93	addi	x23,x0,11	  x0:0x00000000 x23=0x0000000b
       2115.000 ns	       210	80000224	00000c93	addi	x25,x0,0	  x0:0x00000000 x25=0x00000000
       2125.000 ns	       211	80000228	00c00d13	addi	x26,x0,12	  x0:0x00000000 x26=0x0000000c
       2135.000 ns	       212	8000022c	a9ca4db7	lui	x27,0xa9ca4	 x27=0xa9ca4000
       2145.000 ns	       213	80000230	f23d8d93	addi	x27,x27,-221	 x27:0x00000000 x27=0xa9ca3f23
       2155.000 ns	       214	80000234	a11e1e37	lui	x28,0xa11e1	 x28=0xa11e1000
       2165.000 ns	       215	80000238	92fe0e13	addi	x28,x28,-1745	 x28:0x00000000 x28=0xa11e092f
       2175.000 ns	       216	8000023c	80000eb7	lui	x29,0x80000	 x29=0x80000000
       2185.000 ns	       217	80000240	00000f13	addi	x30,x0,0	  x0:0x00000000 x30=0x00000000
       2195.000 ns	       218	80000244	00000f93	addi	x31,x0,0	  x0:0x00000000 x31=0x00000000
       2205.000 ns	       219	80000248	00041c17	auipc	x24,0x41	 x24=0x80041248
       2215.000 ns	       220	8000024c	d9cc0c13	addi	x24,x24,-612	 x24:0x00000000 x24=0x80040fe4
       2225.000 ns	       221	80000250	00de5733	srl	x14,x28,x13	 x28:0xa11e092f x13:0x00000004 x14=0x0a11e092
       2235.000 ns	       222	80000254	70546393	ori	x7,x8,1797	  x8:0xfa8976c5  x7=0xfa8977c5
       2245.000 ns	       223	80000258	01df0933	add	x18,x30,x29	 x30:0x00000000 x29:0x80000000 x18=0x80000000
       2255.000 ns	       224	8000025c	418259b3	sra	x19,x4,x24	  x4:0x00000000 x24:0x80040fe4 x19=0x00000000
       2285.000 ns	       227	80000260	101d33d3	fmul.s	f7,f26,f1	 f26:0xe3ab957a  f1:0xff800000  f7=0x7f800000
       2335.000 ns	       232	80000264	003638d3	fadd.s	f17,f12,f3	 f12:0x7f800001  f3:0x00000000 f17=0x7fc00000
       2365.000 ns	       235	80000268	200a1e53	fsgnjn.s	f28,f20,f0	 f20:0x80543a9d  f0:0xff7fffff f28=0x00543a9d
       2385.000 ns	       237	8000026c	41c65d33	sra	x26,x12,x28	 x12:0xa0638aef x28:0xa11e092f x26=0xffff40c7
       2395.000 ns	       238	80000270	00e202b3	add	x5,x4,x14	  x4:0x00000000 x14:0x0a11e092  x5=0x0a11e092
       2405.000 ns	       239	80000274	0138d793	srli	x15,x17,0x13	 x17:0xe3eb6e83 x15=0x00001c7d
       2425.000 ns	       241	80000278	033ddbb3	divu	x23,x27,x19	 x27:0xa9ca3f23 x19:0x00000000 x23=0xffffffff
       2445.000 ns	       243	8000027c	c0c3a413	slti	x8,x7,-1012	  x7:0xfa8977c5  x8=0x00000001
       2455.000 ns	       244	80000280	674fc997	auipc	x19,0x674fc	 x19=0xe74fc280
       2475.000 ns	       246	80000284	20912dd3	fsgnjx.s	f27,f2,f9	  f2:0x7f800001  f9:0xc51321db f27=0xff800001
       2505.000 ns	       249	80000288	21e08853	fsgnj.s	f16,f1,f30	  f1:0xff800000 f30:0x0036f2e6 f16=0x7f800000
       2535.000 ns	       252	8000028c	03c3a833	mulhsu	x16,x7,x28	  x7:0xfa8977c5 x28:0xa11e092f x16=0xfc8fd03c
       2585.000 ns	       257	80000290	0046ffd3	fadd.s	f31,f13,f4	 f13:0x7fc00000  f4:0x7fc00000 f31=0x7fc00000
       2605.000 ns	       259	80000294	00db1213	slli	x4,x22,0xd	 x22:0x00000000  x4=0x00000000
       2645.000 ns	       263	80000298	088ca7d3	fsub.s	f15,f25,f8	 f25:0x7f800000  f8:0x7f800001 f15=0x7fc00000
       2665.000 ns	       265	8000029c	00d8ffb3	and	x31,x17,x13	 x17:0xe3eb6e83 x13:0x00000004 x31=0x00000000
       2685.000 ns	       267	800002a0	28f501d3	fmin.s	f3,f10,f15	 f10:0x7f800000 f15:0x7fc00000  f3=0x7f800000
       2715.000 ns	       270	800002a4	020ba2b3	mulhsu	x5,x23,x0	 x23:0xffffffff  x0:0x00000000  x5=0x00000000
       2735.000 ns	       272	800002a8	72b56d93	ori	x27,x10,1835	 x10:0x80000000 x27=0x8000072b
       2755.000 ns	       274	800002ac	a0289fd3	flt.s	x31,f17,f2	 f17:0x7fc00000  f2:0x7f800001 x31=0x00000000
       2785.000 ns	       277	800002b0	d000f753	fcvt.s.w	f14,x1	  x1:0x8dc49075 f14=0xcee476df
       2805.000 ns	       279	800002b4	00000013	addi	x0,x0,0	  x0:0x00000000
       2825.000 ns	       281	800002b8	a0861f53	flt.s	x30,f12,f8	 f12:0x7f800001  f8:0x7f800001 x30=0x00000000
       2845.000 ns	       283	800002bc	0580ae93	slti	x29,x1,88	  x1:0x8dc49075 x29=0x00000001
       3205.000 ns	       319	800002c0	02eadb33	divu	x22,x21,x14	 x21:0x0000000f x14:0x0a11e092 x22=0x00000000
       3225.000 ns	       321	800002c4	e220f513	andi	x10,x1,-478	  x1:0x8dc49075 x10=0x8dc49020
       3245.000 ns	       323	800002c8	29d81dd3	fmax.s	f27,f16,f29	 f16:0x7f800000 f29:0x7f800000 f27=0x7f800000
       3285.000 ns	       327	800002cc	18bab0d3	fdiv.s	f1,f21,f11	 f21:0x80097a00 f11:0x7fc00000  f1=0x7fc00000
       3325.000 ns	       331	800002d0	18219553	fdiv.s	f10,f3,f2	  f3:0x7f800000  f2:0x7f800001 f10=0x7fc00000
       3345.000 ns	       333	800002d4	40980133	sub	x2,x16,x9	 x16:0xfc8fd03c  x9:0x80041024  x2=0x7c8bc018
       3385.000 ns	       337	800002d8	09bb93d3	fsub.s	f7,f23,f27	 f23:0xff800000 f27:0x7f800000  f7=0x80000000
       3415.000 ns	       340	800002dc	21bd0353	fsgnj.s	f6,f26,f27	 f26:0xe3ab957a f27:0x7f800000  f6=0x63ab957a
       3445.000 ns	       343	800002e0	21e98cd3	fsgnj.s	f25,f19,f30	 f19:0x802e91aa f30:0x0036f2e6 f25=0x002e91aa
       3465.000 ns	       345	800002e4	40cddd93	srai	x27,x27,0xc	 x27:0x8000072b x27=0xfff80000
       3485.000 ns	       347	800002e8	a18f90d3	flt.s	x1,f31,f24	 f31:0x7fc00000 f24:0x00000000  x1=0x00000000
       3515.000 ns	       350	800002ec	03712bb3	mulhsu	x23,x2,x23	  x2:0x7c8bc018 x23:0xffffffff x23=0x7c8bc017
       3535.000 ns	       352	800002f0	01428eb3	add	x29,x5,x20	  x5:0x00000000 x20:0x0000000c x29=0x0000000c
       3895.000 ns	       388	800002f4	03dcfa33	remu	x20,x25,x29	 x25:0x00000000 x29:0x00000001 x20=0x00000000
       3915.000 ns	       390	800002f8	01da8e33	add	x28,x21,x29	 x21:0x0000000f x29:0x00000001 x28=0x0000001b
       3955.000 ns	       394	800002fc	00497ed3	fadd.s	f29,f18,f4	 f18:0x47fa74be  f4:0x7fc00000 f29=0x7fc00000
       3985.000 ns	       397	80000300	e0091ed3	fclass.s	x29,f18	 f18:0x47fa74be x29=0x00000040
       4015.000 ns	       400	80000304	e0041a53	fclass.s	x20,f8	  f8:0x7f800001 x20=0x00000100
       4385.000 ns	       437	80000308	03da5733	divu	x14,x20,x29	 x20:0x00000000 x29:0x00000040 x14=0x00000004
       4435.000 ns	       442	8000030c	00b41853	fadd.s	f16,f8,f11	  f8:0x7f800001 f11:0x7fc00000 f16=0x7fc00000
       4465.000 ns	       445	80000310	a0e322d3	feq.s	x5,f6,f14	  f6:0x63ab957a f14:0xcee476df  x5=0x00000000
       4835.000 ns	       482	80000314	03c757b3	divu	x15,x14,x28	 x14:0x00000004 x28:0x0000001b x15=0x00000000
       4865.000 ns	       485	80000318	28259353	fmax.s	f6,f11,f2	 f11:0x7fc00000  f2:0x7f800001  f6=0x7fc00000
       4885.000 ns	       487	8000031c	41a00733	sub	x14,x0,x26	  x0:0x00000000 x26:0xffff40c7 x14=0x0000bf39
       4895.000 ns	       488	80000320	a2f97437	lui	x8,0xa2f97	  x8=0xa2f97000
       4915.000 ns	       490	80000324	c00c23d3	fcvt.w.s	x7,f24	 f24:0x00000000  x7=0x00000000
       4945.000 ns	       493	80000328	f0048fd3	fmv.w.x	f31,x9	  x9:0x80041024 f31=0x80041024
       4965.000 ns	       495	8000032c	004d51b3	srl	x3,x26,x4	 x26:0xffff40c7  x4:0x00000000  x3=0xffff40c7
       4985.000 ns	       497	80000330	c00ff853	fcvt.w.s	x16,f31	 f31:0x80041024 x16=0x00000000
       5015.000 ns	       500	80000334	20c51253	fsgnjn.s	f4,f10,f12	 f10:0x7fc00000 f12:0x7f800001  f4=0xffc00000
       5035.000 ns	       502	80000338	40705b93	srai	x23,x0,0x7	  x0:0x00000000 x23=0x00000000
       5055.000 ns	       504	8000033c	288716d3	fmax.s	f13,f14,f8	 f14:0xcee476df  f8:0x7f800001 f13=0xcee476df
       5075.000 ns	       506	80000340	01a5e633	or	x12,x11,x26	 x11:0xf0ce41e0 x26:0xffff40c7 x12=0xffff41e7
       5105.000 ns	       509	80000344	5805f553	fsqrt.s	f10,f11	 f11:0x7fc00000 f10=0x7fc00000
       5155.000 ns	       514	80000348	000b7cd3	fadd.s	f25,f22,f0	 f22:0x7f800000  f0:0xff7fffff f25=0x7f800000
       5185.000 ns	       517	8000034c	c00387d3	fcvt.w.s	x15,f7	  f7:0x80000000 x15=0x00000000
       5215.000 ns	       520	80000350	29758953	fmin.s	f18,f11,f23	 f11:0x7fc00000 f23:0xff800000 f18=0xff800000
       5585.000 ns	       557	80000354	02c7da33	divu	x20,x15,x12	 x15:0x00000000 x12:0xffff41e7 x20=0x00000000
       5605.000 ns	       559	80000358	00f83e33	sltu	x28,x16,x15	 x16:0x00000000 x15:0x00000000 x28=0x00000000
       5615.000 ns	       560	8000035c	01fd99b3	sll	x19,x27,x31	 x27:0xfff80000 x31:0x00000000 x19=0xfff80000
       5625.000 ns	       561	80000360	012823b3	slt	x7,x16,x18	 x16:0x00000000 x18:0x80000000  x7=0x00000000
       5635.000 ns	       562	80000364	019ed633	srl	x12,x29,x25	 x29:0x00000040 x25:0x00000000 x12=0x00000040
       5645.000 ns	       563	80000368	a4438993	addi	x19,x7,-1468	  x7:0x00000000 x19=0xfffffa44
       5655.000 ns	       564	8000036c	2a89ee13	ori	x28,x19,680	 x19:0xfff80000 x28=0xfffffaec
       5685.000 ns	       567	80000370	580d75d3	fsqrt.s	f11,f26	 f26:0xe3ab957a f11=0x7fc00000
       5705.000 ns	       569	80000374	00288eb3	add	x29,x17,x2	 x17:0xe3eb6e83  x2:0x7c8bc018 x29=0x60772e9b
       5715.000 ns	       570	80000378	c7b12693	slti	x13,x2,-901	  x2:0x7c8bc018 x13=0x00000000
       6075.000 ns	       606	8000037c	02934eb3	div	x29,x6,x9	  x6:0x58269207  x9:0x80041024 x29=0x00000000
       6105.000 ns	       609	80000380	0213ba33	mulhu	x20,x7,x1	  x7:0x00000000  x1:0x00000000 x20=0x00000000
       6135.000 ns	       612	80000384	0368d433	divu	x8,x17,x22	 x17:0xe3eb6e83 x22:0x00000000  x8=0xffffffff
       6155.000 ns	       614	80000388	40d5d313	srai	x6,x11,0xd	 x11:0xf0ce41e0  x6=0xffff8672
       6515.000 ns	       650	8000038c	033e4a33	div	x20,x28,x19	 x28:0xfffffaec x19:0xfffffa44 x20=0x00000000
       6545.000 ns	       653	80000390	02b908b3	mul	x17,x18,x11	 x18:0x80000000 x11:0xf0ce41e0 x17=0x00000000
       6575.000 ns	       656	80000394	21f80fd3	fsgnj.s	f31,f16,f31	 f16:0x7fc00000 f31:0x80041024 f31=0xffc00000
       6595.000 ns	       658	80000398	0024b233	sltu	x4,x9,x2	  x9:0x80041024  x2:0x7c8bc018  x4=0x00000000
       6615.000 ns	       660	8000039c	c00277d3	fcvt.w.s	x15,f4	  f4:0xffc00000 x15=0x7fffffff
       6635.000 ns	       662	800003a0	0150bbb3	sltu	x23,x1,x21	  x1:0x00000000 x21:0x0000000f x23=0x00000001
       6645.000 ns	       663	800003a4	00bb9d13	slli	x26,x23,0xb	 x23:0x00000000 x26=0x00000800
       6655.000 ns	       664	800003a8	9b4df793	andi	x15,x27,-1612	 x27:0xfff80000 x15=0xfff80000
       7015.000 ns	       700	800003ac	029ceab3	rem	x21,x25,x9	 x25:0x00000000  x9:0x80041024 x21=0x00000000
       7045.000 ns	       703	800003b0	281c1753	fmax.s	f14,f24,f1	 f24:0x00000000  f1:0x7fc00000 f14=0x00000000
       7075.000 ns	       706	800003b4	028609b3	mul	x19,x12,x8	 x12:0x00000040  x8:0xffffffff x19=0xffffffc0
       7105.000 ns	       709	800003b8	024b9fb3	mulh	x31,x23,x4	 x23:0x00000001  x4:0x00000000 x31=0x00000000
       7135.000 ns	       712	800003bc	f0010bd3	fmv.w.x	f23,x2	  x2:0x7c8bc018 f23=0x7c8bc018
       7155.000 ns	       714	800003c0	001b7bb3	and	x23,x22,x1	 x22:0x00000000  x1:0x00000000 x23=0x00000000
       7175.000 ns	       716	800003c4	02abbfb3	mulhu	x31,x23,x10	 x23:0x00000001 x10:0x8dc49020 x31=0x00000000
       7195.000 ns	       718	800003c8	01580333	add	x6,x16,x21	 x16:0x00000000 x21:0x00000000  x6=0x00000000
       7215.000 ns	       720	800003cc	f0020053	fmv.w.x	f0,x4	  x4:0x00000000  f0=0x00000000
       7245.000 ns	       723	800003d0	e0059b53	fclass.s	x22,f11	 f11:0x7fc00000 x22=0x00000200
       7615.000 ns	       760	800003d4	03c2e733	rem	x14,x5,x28	  x5:0x00000000 x28:0xfffffaec x14=0x00000000
       7635.000 ns	       762	800003d8	f124ef93	ori	x31,x9,-238	  x9:0x80041024 x31=0xffffff36
       7645.000 ns	       763	800003dc	402c88b3	sub	x17,x25,x2	 x25:0x00000000  x2:0x7c8bc018 x17=0x83743fe8
       7675.000 ns	       766	800003e0	58013b53	fsqrt.s	f22,f2	  f2:0x7f800001 f22=0x7fc00000
       8045.000 ns	       803	800003e4	02a64633	div	x12,x12,x10	 x12:0x00000040 x10:0x8dc49020 x12=0x00000000
       8075.000 ns	       806	800003e8	030a38b3	mulhu	x17,x20,x16	 x20:0x00000000 x16:0x00000000 x17=0x00000000
       8105.000 ns	       809	800003ec	a074a153	feq.s	x2,f9,f7	  f9:0xc51321db  f7:0x80000000  x2=0x00000000
       8145.000 ns	       813	800003f0	1033c553	fmul.s	f10,f7,f3	  f7:0x80000000  f3:0x7f800000 f10=0x7fc00000
       8165.000 ns	       815	800003f4	86e0cf13	xori	x30,x1,-1938	  x1:0x00000000 x30=0xfffff86e
       8175.000 ns	       816	800003f8	00cce133	or	x2,x25,x12	 x25:0x00000000 x12:0x00000000  x2=0x00000000
       8185.000 ns	       817	800003fc	00c4b9b3	sltu	x19,x9,x12	  x9:0x80041024 x12:0x00000000 x19=0x00000000
       8205.000 ns	       819	80000400	a0fd0fd3	fle.s	x31,f26,f15	 f26:0xe3ab957a f15:0x7fc00000 x31=0x00000000
       8235.000 ns	       822	80000404	28478ed3	fmin.s	f29,f15,f4	 f15:0x7fc00000  f4:0xffc00000 f29=0x7fc00000
       8265.000 ns	       825	80000408	a10a8853	fle.s	x16,f21,f16	 f21:0x80097a00 f16:0x7fc00000 x16=0x00000000
       8315.000 ns	       830	8000040c	01d9b353	fadd.s	f6,f19,f29	 f19:0x802e91aa f29:0x7fc00000  f6=0x7fc00000
       8335.000 ns	       832	80000410	00000013	addi	x0,x0,0	  x0:0x00000000
       8345.000 ns	       833	80000414	00e41593	slli	x11,x8,0xe	  x8:0xffffffff x11=0xffffc000
       8355.000 ns	       834	80000418	00a01413	slli	x8,x0,0xa	  x0:0x00000000  x8=0x00000000
       8375.000 ns	       836	8000041c	a0139dd3	flt.s	x27,f7,f1	  f7:0x80000000  f1:0x7fc00000 x27=0x00000000
       8405.000 ns	       839	80000420	02094e33	div	x28,x18,x0	 x18:0x80000000  x0:0x00000000 x28=0xffffffff
       8425.000 ns	       841	80000424	016e1133	sll	x2,x28,x22	 x28:0xfffffaec x22:0x00000200  x2=0xffffffff
       8445.000 ns	       843	80000428	c005f5d3	fcvt.w.s	x11,f11	 f11:0x7fc00000 x11=0x7fffffff
       8465.000 ns	       845	8000042c	f648b217	auipc	x4,0xf648b	  x4=0x7648b42c
       8475.000 ns	       846	80000430	f7252313	slti	x6,x10,-142	 x10:0x8dc49020  x6=0x00000001
       8485.000 ns	       847	80000434	00c8b233	sltu	x4,x17,x12	 x17:0x00000000 x12:0x00000000  x4=0x00000000
       8505.000 ns	       849	80000438	c015f253	fcvt.wu.s	x4,f11	 f11:0x7fc00000  x4=0xffffffff
       8525.000 ns	       851	8000043c	caaf8a13	addi	x20,x31,-854	 x31:0x00000000 x20=0xfffffcaa
       8535.000 ns	       852	80000440	00000013	addi	x0,x0,0	  x0:0x00000000
       8545.000 ns	       853	80000444	69776197	auipc	x3,0x69776	  x3=0xe9776444
       8555.000 ns	       854	80000448	015019b3	sll	x19,x0,x21	  x0:0x00000000 x21:0x00000000 x19=0x00000000
       8595.000 ns	       858	8000044c	014c3d53	fadd.s	f26,f24,f20	 f24:0x00000000 f20:0x80543a9d f26=0x80543a9d
       8625.000 ns	       861	80000450	a12aa653	feq.s	x12,f21,f18	 f21:0x80097a00 f18:0xff800000 x12=0x00000000
       8645.000 ns	       863	80000454	01619e33	sll	x28,x3,x22	  x3:0xe9776444 x22:0x00000200 x28=0xe9776444
       8655.000 ns	       864	80000458	01d4e833	or	x16,x9,x29	  x9:0x80041024 x29:0x00000000 x16=0x80041024
       8675.000 ns	       866	8000045c	03bef8b3	remu	x17,x29,x27	 x29:0x00000000 x27:0x00000000 x17=0x00000000
       8705.000 ns	       869	80000460	28be0053	fmin.s	f0,f28,f11	 f28:0x00543a9d f11:0x7fc00000  f0=0x00543a9d
       8735.000 ns	       872	80000464	e0091dd3	fclass.s	x27,f18	 f18:0xff800000 x27=0x00000001
       8785.000 ns	       877	80000468	003f9f53	fadd.s	f30,f31,f3	 f31:0xffc00000  f3:0x7f800000 f30=0x7fc00000
       8815.000 ns	       880	8000046c	a0242ed3	feq.s	x29,f8,f2	  f8:0x7f800001  f2:0x7f800001 x29=0x00000000
       8845.000 ns	       883	80000470	a177a0d3	feq.s	x1,f15,f23	 f15:0x7fc00000 f23:0x7c8bc018  x1=0x00000000
       8875.000 ns	       886	80000474	20ef8b53	fsgnj.s	f22,f31,f14	 f31:0xffc00000 f14:0x00000000 f22=0x7fc00000
       8905.000 ns	       889	80000478	21cd82d3	fsgnj.s	f5,f27,f28	 f27:0x7f800000 f28:0x00543a9d  f5=0x7f800000
       8925.000 ns	       891	8000047c	4cf80397	auipc	x7,0x4cf80	  x7=0xccf8047c
       8935.000 ns	       892	80000480	40eb5013	srai	x0,x22,0xe	 x22:0x00000200
       8965.000 ns	       895	80000484	58049653	fsqrt.s	f12,f9	  f9:0xc51321db f12=0x7fc00000
       9015.000 ns	       900	80000488	01c18c53	fadd.s	f24,f3,f28	  f3:0x7f800000 f28:0x00543a9d f24=0x7f800000
       9045.000 ns	       903	8000048c	a13799d3	flt.s	x19,f15,f19	 f15:0x7fc00000 f19:0x802e91aa x19=0x00000000
       9065.000 ns	       905	80000490	0011e833	or	x16,x3,x1	  x3:0xe9776444  x1:0x00000000 x16=0xe9776444
       9085.000 ns	       907	80000494	20c20cd3	fsgnj.s	f25,f4,f12	  f4:0xffc00000 f12:0x7fc00000 f25=0x7fc00000
       9115.000 ns	       910	80000498	20b4a453	fsgnjx.s	f8,f9,f11	  f9:0xc51321db f11:0x7fc00000  f8=0xc51321db
       9135.000 ns	       912	8000049c	019c9133	sll	x2,x25,x25	 x25:0x00000000 x25:0x00000000  x2=0x00000000
       9145.000 ns	       913	800004a0	0112d813	srli	x16,x5,0x11	  x5:0x00000000 x16=0x00000000
       9155.000 ns	       914	800004a4	413a08b3	sub	x17,x20,x19	 x20:0xfffffcaa x19:0x00000000 x17=0xfffffcaa
       9165.000 ns	       915	800004a8	97a50a13	addi	x20,x10,-1670	 x10:0x8dc49020 x20=0x8dc4899a
       9185.000 ns	       917	800004ac	0369a6b3	mulhsu	x13,x19,x22	 x19:0x00000000 x22:0x00000200 x13=0x00000000
       9205.000 ns	       919	800004b0	0a877b93	andi	x23,x14,168	 x14:0x00000000 x23=0x00000000
       9215.000 ns	       920	800004b4	005381b3	add	x3,x7,x5	  x7:0xccf8047c  x5:0x00000000  x3=0xccf8047c
       9225.000 ns	       921	800004b8	008123b3	slt	x7,x2,x8	  x2:0x00000000  x8:0x00000000  x7=0x00000000
       9235.000 ns	       922	800004bc	01b5b633	sltu	x12,x11,x27	 x11:0x7fffffff x27:0x00000001 x12=0x00000000
       9265.000 ns	       925	800004c0	19f08d53	fdiv.s	f26,f1,f31	  f1:0x7fc00000 f31:0xffc00000 f26=0x7fc00000
       9295.000 ns	       928	800004c4	d01ca453	fcvt.s.wu	f8,x25	 x25:0x00000000  f8=0x00000000
       9325.000 ns	       931	800004c8	c01c85d3	fcvt.wu.s	x11,f25	 f25:0x7fc00000 x11=0xffffffff
       9355.000 ns	       934	800004cc	200b8bd3	fsgnj.s	f23,f23,f0	 f23:0x7c8bc018  f0:0x00543a9d f23=0x7c8bc018
       9375.000 ns	       936	800004d0	fe605297	auipc	x5,0xfe605	  x5=0x7e6054d0
       9385.000 ns	       937	800004d4	99736513	ori	x10,x6,-1641	  x6:0x00000001 x10=0xfffff997
       9395.000 ns	       938	800004d8	01385313	srli	x6,x16,0x13	 x16:0x00000000  x6=0x00000000
       9405.000 ns	       939	800004dc	079591b7	lui	x3,0x7959	  x3=0x07959000
       9435.000 ns	       942	800004e0	5805fed3	fsqrt.s	f29,f11	 f11:0x7fc00000 f29=0x7fc00000
       9455.000 ns	       944	800004e4	42286637	lui	x12,0x42286	 x12=0x42286000
       9475.000 ns	       946	800004e8	e00e85d3	fmv.x.w	x11,f29	 f29:0x7fc00000 x11=0x7fc00000
       9505.000 ns	       949	800004ec	03609233	mulh	x4,x1,x22	  x1:0x00000000 x22:0x00000200  x4=0x00000000
       9525.000 ns	       951	800004f0	41fcd113	srai	x2,x25,0x1f	 x25:0x00000000  x2=0x00000000
       9545.000 ns	       953	800004f4	037fc9b3	div	x19,x31,x23	 x31:0x00000000 x23:0x00000000 x19=0xffffffff
       9575.000 ns	       956	800004f8	038097b3	mulh	x15,x1,x24	  x1:0x00000000 x24:0x80040fe4 x15=0x00000000
       9595.000 ns	       958	800004fc	4196d3b3	sra	x7,x13,x25	 x13:0x00000000 x25:0x00000000  x7=0x00000000
       9615.000 ns	       960	80000500	215224d3	fsgnjx.s	f9,f4,f21	  f4:0xffc00000 f21:0x80097a00  f9=0x7fc00000
       9645.000 ns	       963	80000504	03510333	mul	x6,x2,x21	  x2:0x00000000 x21:0x00000000  x6=0x00000000
       9675.000 ns	       966	80000508	e00a1e53	fclass.s	x28,f20	 f20:0x80543a9d x28=0x00000004
       9695.000 ns	       968	8000050c	016437b3	sltu	x15,x8,x22	  x8:0x00000000 x22:0x00000200 x15=0x00000001
       9705.000 ns	       969	80000510	004b7d33	and	x26,x22,x4	 x22:0x00000200  x4:0x00000000 x26=0x00000000
       9715.000 ns	       970	80000514	48183093	sltiu	x1,x16,1153	 x16:0x00000000  x1=0x00000001
       9735.000 ns	       972	80000518	28ae0fd3	fmin.s	f31,f28,f10	 f28:0x00543a9d f10:0x7fc00000 f31=0x00543a9d
       9755.000 ns	       974	8000051c	002396b3	sll	x13,x7,x2	  x7:0x00000000  x2:0x00000000 x13=0x00000000
       9765.000 ns	       975	80000520	a2d2ea13	ori	x20,x5,-1491	  x5:0x7e6054d0 x20=0xfffffefd
       9785.000 ns	       977	80000524	202b25d3	fsgnjx.s	f11,f22,f2	 f22:0x7fc00000  f2:0x7f800001 f11=0x7fc00000
       9815.000 ns	       980	80000528	208e18d3	fsgnjn.s	f17,f28,f8	 f28:0x00543a9d  f8:0x00000000 f17=0x80543a9d
       9845.000 ns	       983	8000052c	a184afd3	feq.s	x31,f9,f24	  f9:0x7fc00000 f24:0x7f800000 x31=0x00000000
       9875.000 ns	       986	80000530	d00f9d53	fcvt.s.w	f26,x31	 x31:0x00000000 f26=0x00000000
      10245.000 ns	      1023	80000534	032273b3	remu	x7,x4,x18	  x4:0x00000000 x18:0x80000000  x7=0x00000000
      10265.000 ns	      1025	80000538	026f7013	andi	x0,x30,38	 x30:0xfffff86e
      10295.000 ns	      1028	8000053c	11557253	fmul.s	f4,f10,f21	 f10:0x7fc00000 f21:0x80097a00  f4=0x7fc00000
      10325.000 ns	      1031	80000540	20010053	fsgnj.s	f0,f2,f0	  f2:0x7f800001  f0:0x00543a9d  f0=0x7f800001
      10355.000 ns	      1034	80000544	023d9033	mulh	x0,x27,x3	 x27:0x00000001  x3:0x07959000
      10375.000 ns	      1036	80000548	40ad51b3	sra	x3,x26,x10	 x26:0x00000000 x10:0xfffff997  x3=0x00000000
      10385.000 ns	      1037	8000054c	01970333	add	x6,x14,x25	 x14:0x00000000 x25:0x00000000  x6=0x00000000
      10405.000 ns	      1039	80000550	28db8653	fmin.s	f12,f23,f13	 f23:0x7c8bc018 f13:0xcee476df f12=0xcee476df
      10425.000 ns	      1041	80000554	013d3333	sltu	x6,x26,x19	 x26:0x00000000 x19:0xffffffff  x6=0x00000001
      10435.000 ns	      1042	80000558	3fbdc197	auipc	x3,0x3fbdc	  x3=0xbfbdc558
      10445.000 ns	      1043	8000055c	01f09233	sll	x4,x1,x31	  x1:0x00000001 x31:0x00000000  x4=0x00000001
      10455.000 ns	      1044	80000560	4066d793	srai	x15,x13,0x6	 x13:0x00000000 x15=0x00000000
      10475.000 ns	      1046	80000564	20e199d3	fsgnjn.s	f19,f3,f14	  f3:0x7f800000 f14:0x00000000 f19=0xff800000
      10505.000 ns	      1049	80000568	21549253	fsgnjn.s	f4,f9,f21	  f9:0x7fc00000 f21:0x80097a00  f4=0x7fc00000
      10525.000 ns	      1051	8000056c	f910e193	ori	x3,x1,-111	  x1:0x00000001  x3=0xffffff91
      10535.000 ns	      1052	80000570	68da6193	ori	x3,x20,1677	 x20:0xfffffefd  x3=0xfffffefd
      10555.000 ns	      1054	80000574	c0174fd3	fcvt.wu.s	x31,f14	 f14:0x00000000 x31=0x00000000
      10575.000 ns	      1056	80000578	40f75d13	srai	x26,x14,0xf	 x14:0x00000000 x26=0x00000000
      10595.000 ns	      1058	8000057c	a1288153	fle.s	x2,f17,f18	 f17:0x80543a9d f18:0xff800000  x2=0x00000000
      10625.000 ns	      1061	80000580	039d6e33	rem	x28,x26,x25	 x26:0x00000000 x25:0x00000000 x28=0x00000000
      10655.000 ns	      1064	80000584	299d96d3	fmax.s	f13,f27,f25	 f27:0x7f800000 f25:0x7fc00000 f13=0x7f800000
      10675.000 ns	      1066	80000588	01800b33	add	x22,x0,x24	  x0:0x00000000 x24:0x80040fe4 x22=0x80040fe4
      10685.000 ns	      1067	8000058c	6e4b4817	auipc	x16,0x6e4b4	 x16=0xee4b458c
      11045.000 ns	      1103	80000590	02496b33	rem	x22,x18,x4	 x18:0x80000000  x4:0x00000001 x22=0x00000000
      11065.000 ns	      1105	80000594	bd070b93	addi	x23,x14,-1072	 x14:0x00000000 x23=0xfffffbd0
      11095.000 ns	      1108	80000598	18c0ff53	fdiv.s	f30,f1,f12	  f1:0x7fc00000 f12:0xcee476df f30=0x7fc00000
      11125.000 ns	      1111	8000059c	21092953	fsgnjx.s	f18,f18,f16	 f18:0xff800000 f16:0x7fc00000 f18=0xff800000
      11155.000 ns	      1114	800005a0	02f61bb3	mulh	x23,x12,x15	 x12:0x42286000 x15:0x00000000 x23=0x00000000
      11185.000 ns	      1117	800005a4	e0020a53	fmv.x.w	x20,f4	  f4:0x7fc00000 x20=0x7fc00000
      11555.000 ns	      1154	800005a8	03e743b3	div	x7,x14,x30	 x14:0x00000000 x30:0xfffff86e  x7=0x00000000
      11585.000 ns	      1157	800005ac	038e3f33	mulhu	x30,x28,x24	 x28:0x00000000 x24:0x80040fe4 x30=0x00000000
      11615.000 ns	      1160	800005b0	02793b33	mulhu	x22,x18,x7	 x18:0x80000000  x7:0x00000000 x22=0x00000000
      11655.000 ns	      1164	800005b4	100ffb53	fmul.s	f22,f31,f0	 f31:0x00543a9d  f0:0x7f800001 f22=0x7fc00000
      11695.000 ns	      1168	800005b8	10e27553	fmul.s	f10,f4,f14	  f4:0x7fc00000 f14:0x00000000 f10=0x7fc00000
      11725.000 ns	      1171	800005bc	29d90853	fmin.s	f16,f18,f29	 f18:0xff800000 f29:0x7fc00000 f16=0xff800000
      11745.000 ns	      1173	800005c0	fced0037	lui	x0,0xfced0	
      11755.000 ns	      1174	800005c4	776da237	lui	x4,0x776da	  x4=0x776da000
      11765.000 ns	      1175	800005c8	f8023917	auipc	x18,0xf8023	 x18=0x780235c8
      11775.000 ns	      1176	800005cc	01a0a733	slt	x14,x1,x26	  x1:0x00000001 x26:0x00000000 x14=0x00000000
      11795.000 ns	      1178	800005d0	034917b3	mulh	x15,x18,x20	 x18:0x80000000 x20:0x7fc00000 x15=0x3be31a56
      11815.000 ns	      1180	800005d4	94e32593	slti	x11,x6,-1714	  x6:0x00000001 x11=0x00000000
      11835.000 ns	      1182	800005d8	d010a453	fcvt.s.wu	f8,x1	  x1:0x00000001  f8=0x3f800000
      11855.000 ns	      1184	800005dc	fe5fb693	sltiu	x13,x31,-27	 x31:0x00000000 x13=0x00000001
      11865.000 ns	      1185	800005e0	45d74013	xori	x0,x14,1117	 x14:0x00000000
      11885.000 ns	      1187	800005e4	c017bbd3	fcvt.wu.s	x23,f15	 f15:0x7fc00000 x23=0xffffffff
      11915.000 ns	      1190	800005e8	e00805d3	fmv.x.w	x11,f16	 f16:0xff800000 x11=0xff800000
      12285.000 ns	      1227	800005ec	03377db3	remu	x27,x14,x19	 x14:0x00000000 x19:0xffffffff x27=0x00000000
      12305.000 ns	      1229	800005f0	019bfe33	and	x28,x23,x25	 x23:0xffffffff x25:0x00000000 x28=0x00000000
      12325.000 ns	      1231	800005f4	d00dc7d3	fcvt.s.w	f15,x27	 x27:0x00000000 f15=0x00000000
      12355.000 ns	      1234	800005f8	293c0b53	fmin.s	f22,f24,f19	 f24:0x7f800000 f19:0xff800000 f22=0xff800000
      12375.000 ns	      1236	800005fc	009a9d93	slli	x27,x21,0x9	 x21:0x00000000 x27=0x00000000
      12395.000 ns	      1238	80000600	21639d53	fsgnjn.s	f26,f7,f22	  f7:0x80000000 f22:0xff800000 f26=0x00000000
      12765.000 ns	      1275	80000604	024bf433	remu	x8,x23,x4	 x23:0xffffffff  x4:0x776da000  x8=0x1124bfff
      12795.000 ns	      1278	80000608	d00e7d53	fcvt.s.w	f26,x28	 x28:0x00000000 f26=0x00000000
      12825.000 ns	      1281	8000060c	027aa5b3	mulhsu	x11,x21,x7	 x21:0x00000000  x7:0x00000000 x11=0x00000000
      12855.000 ns	      1284	80000610	0360a8b3	mulhsu	x17,x1,x22	  x1:0x00000001 x22:0x00000000 x17=0x00000000
      12885.000 ns	      1287	80000614	a17196d3	flt.s	x13,f3,f23	  f3:0x7f800000 f23:0x7c8bc018 x13=0x00000000
      12905.000 ns	      1289	80000618	23ecc893	xori	x17,x25,574	 x25:0x00000000 x17=0x0000023e
      12915.000 ns	      1290	8000061c	4169d293	srai	x5,x19,0x16	 x19:0xffffffff  x5=0xffffffff
      12935.000 ns	      1292	80000620	290384d3	fmin.s	f9,f7,f16	  f7:0x80000000 f16:0xff800000  f9=0xff800000
      12955.000 ns	      1294	80000624	01cc1d93	slli	x27,x24,0x1c	 x24:0x80040fe4 x27=0x40000000
      12975.000 ns	      1296	80000628	20172e53	fsgnjx.s	f28,f14,f1	 f14:0x00000000  f1:0x7fc00000 f28=0x00000000
      13005.000 ns	      1299	8000062c	20929253	fsgnjn.s	f4,f5,f9	  f5:0x7f800000  f9:0xff800000  f4=0x7f800000
      13025.000 ns	      1301	80000630	00ed9f33	sll	x30,x27,x14	 x27:0x40000000 x14:0x00000000 x30=0x40000000
      13035.000 ns	      1302	80000634	dde18d93	addi	x27,x3,-546	  x3:0xfffffefd x27=0xfffffcdb
      13055.000 ns	      1304	80000638	202faf53	fsgnjx.s	f30,f31,f2	 f31:0x00543a9d  f2:0x7f800001 f30=0x00543a9d
      13095.000 ns	      1308	8000063c	58017dd3	fsqrt.s	f27,f2	  f2:0x7f800001 f27=0x7fc00000
      13125.000 ns	      1311	80000640	c0029353	fcvt.w.s	x6,f5	  f5:0x7f800000  x6=0x7fffffff
      13145.000 ns	      1313	80000644	00000013	addi	x0,x0,0	  x0:0x00000000
      13155.000 ns	      1314	80000648	01429bb3	sll	x23,x5,x20	  x5:0xffffffff x20:0x7fc00000 x23=0xffffffff
      13165.000 ns	      1315	8000064c	1219b637	lui	x12,0x1219b	 x12=0x1219b000
      13175.000 ns	      1316	80000650	4147d113	srai	x2,x15,0x14	 x15:0x3be31a56  x2=0x000003be
      13185.000 ns	      1317	80000654	9e65eb93	ori	x23,x11,-1562	 x11:0x00000000 x23=0xfffff9e6
      13205.000 ns	      1319	80000658	f00405d3	fmv.w.x	f11,x8	  x8:0x1124bfff f11=0x1124bfff
      13225.000 ns	      1321	8000065c	4457f813	andi	x16,x15,1093	 x15:0x3be31a56 x16=0x00000044
      13245.000 ns	      1323	80000660	f00f0153	fmv.w.x	f2,x30	 x30:0x40000000  f2=0x40000000
      13265.000 ns	      1325	80000664	ffd87793	andi	x15,x16,-3	 x16:0xee4b458c x15=0x00000044
      13275.000 ns	      1326	80000668	40105093	srai	x1,x0,0x1	  x0:0x00000000  x1=0x00000000
      13305.000 ns	      1329	8000066c	10e17353	fmul.s	f6,f2,f14	  f2:0x40000000 f14:0x00000000  f6=0x00000000
      13335.000 ns	      1332	80000670	29c78653	fmin.s	f12,f15,f28	 f15:0x00000000 f28:0x00000000 f12=0x00000000
      13365.000 ns	      1335	80000674	d0011853	fcvt.s.w	f16,x2	  x2:0x000003be f16=0x446f8000
      13385.000 ns	      1337	80000678	e47ef413	andi	x8,x29,-441	 x29:0x00000000  x8=0x00000000
      13745.000 ns	      1373	8000067c	023777b3	remu	x15,x14,x3	 x14:0x00000000  x3:0xfffffefd x15=0x00000000
      13765.000 ns	      1375	80000680	4416eb13	ori	x22,x13,1089	 x13:0x00000000 x22=0x00000441
      13785.000 ns	      1377	80000684	28c60bd3	fmin.s	f23,f12,f12	 f12:0x00000000 f12:0x00000000 f23=0x00000000
      13805.000 ns	      1379	80000688	01105bb3	srl	x23,x0,x17	  x0:0x00000000 x17:0x0000023e x23=0x00000000
      13815.000 ns	      1380	8000068c	41018333	sub	x6,x3,x16	  x3:0xfffffefd x16:0x00000044  x6=0xfffffeb9
      13825.000 ns	      1381	80000690	00526833	or	x16,x4,x5	  x4:0x776da000  x5:0xffffffff x16=0xffffffff
      13835.000 ns	      1382	80000694	00000013	addi	x0,x0,0	  x0:0x00000000
      13845.000 ns	      1383	80000698	bfdcd537	lui	x10,0xbfdcd	 x10=0xbfdcd000
      13855.000 ns	      1384	8000069c	01931433	sll	x8,x6,x25	  x6:0xfffffeb9 x25:0x00000000  x8=0xfffffeb9
      13865.000 ns	      1385	800006a0	00f94433	xor	x8,x18,x15	 x18:0x780235c8 x15:0x00000000  x8=0x780235c8
      13885.000 ns	      1387	800006a4	02a10033	mul	x0,x2,x10	  x2:0x000003be x10:0xbfdcd000
      13915.000 ns	      1390	800006a8	029d1fb3	mulh	x31,x26,x9	 x26:0x00000000  x9:0x80041024 x31=0x00000000
      13935.000 ns	      1392	800006ac	017f60b3	or	x1,x30,x23	 x30:0x40000000 x23:0x00000000  x1=0x40000000
      13945.000 ns	      1393	800006b0	01c666b3	or	x13,x12,x28	 x12:0x1219b000 x28:0x00000000 x13=0x1219b000
      13985.000 ns	      1397	800006b4	00a3f953	fadd.s	f18,f7,f10	  f7:0x80000000 f10:0x7fc00000 f18=0x7fc00000
      14005.000 ns	      1399	800006b8	001849b3	xor	x19,x16,x1	 x16:0xffffffff  x1:0x40000000 x19=0xbfffffff
      14025.000 ns	      1401	800006bc	e0010ad3	fmv.x.w	x21,f2	  f2:0x40000000 x21=0x40000000
      14055.000 ns	      1404	800006c0	c0028a53	fcvt.w.s	x20,f5	  f5:0x7f800000 x20=0x7fffffff
      14075.000 ns	      1406	800006c4	00f08233	add	x4,x1,x15	  x1:0x40000000 x15:0x00000000  x4=0x40000000
      14095.000 ns	      1408	800006c8	20bc9453	fsgnjn.s	f8,f25,f11	 f25:0x7fc00000 f11:0x1124bfff  f8=0xffc00000
      14125.000 ns	      1411	800006cc	0399b933	mulhu	x18,x19,x25	 x19:0xbfffffff x25:0x00000000 x18=0x00000000
      14155.000 ns	      1414	800006d0	a14d1053	flt.s	x0,f26,f20	 f26:0x00000000 f20:0x80543a9d
      14175.000 ns	      1416	800006d4	012a3bb3	sltu	x23,x20,x18	 x20:0x7fffffff x18:0x00000000 x23=0x00000000
      14195.000 ns	      1418	800006d8	212685d3	fsgnj.s	f11,f13,f18	 f13:0x7f800000 f18:0x7fc00000 f11=0x7f800000
      14215.000 ns	      1420	800006dc	01473fb3	sltu	x31,x14,x20	 x14:0x00000000 x20:0x7fffffff x31=0x00000001
      14225.000 ns	      1421	800006e0	01a7a933	slt	x18,x15,x26	 x15:0x00000000 x26:0x00000000 x18=0x00000000
      14235.000 ns	      1422	800006e4	005c1b33	sll	x22,x24,x5	 x24:0x80040fe4  x5:0xffffffff x22=0x00000000
      14275.000 ns	      1426	800006e8	092117d3	fsub.s	f15,f2,f18	  f2:0x40000000 f18:0x7fc00000 f15=0x7fc00000
      14295.000 ns	      1428	800006ec	63fa3413	sltiu	x8,x20,1599	 x20:0x7fffffff  x8=0x00000000
      14305.000 ns	      1429	800006f0	3d31bd13	sltiu	x26,x3,979	  x3:0xfffffefd x26=0x00000000
      14315.000 ns	      1430	800006f4	0122b333	sltu	x6,x5,x18	  x5:0xffffffff x18:0x00000000  x6=0x00000000
      14325.000 ns	      1431	800006f8	41e6d5b3	sra	x11,x13,x30	 x13:0x1219b000 x30:0x40000000 x11=0x1219b000
      14335.000 ns	      1432	800006fc	01aaa7b3	slt	x15,x21,x26	 x21:0x40000000 x26:0x00000000 x15=0x00000000
      14345.000 ns	      1433	80000700	01131913	slli	x18,x6,0x11	  x6:0x00000000 x18=0x00000000
      14355.000 ns	      1434	80000704	3ea91937	lui	x18,0x3ea91	 x18=0x3ea91000
      14375.000 ns	      1436	80000708	03c905b3	mul	x11,x18,x28	 x18:0x00000000 x28:0x00000000 x11=0x00000000
      14395.000 ns	      1438	8000070c	b468e093	ori	x1,x17,-1210	 x17:0x0000023e  x1=0xfffffb7e
      14405.000 ns	      1439	80000710	cea9a693	slti	x13,x19,-790	 x19:0xbfffffff x13=0x00000001
      14425.000 ns	      1441	80000714	d00778d3	fcvt.s.w	f17,x14	 x14:0x00000000 f17=0x00000000
      14475.000 ns	      1446	80000718	019cfed3	fadd.s	f29,f25,f25	 f25:0x7fc00000 f25:0x7fc00000 f29=0x7fc00000
      14505.000 ns	      1449	8000071c	d01b7bd3	fcvt.s.wu	f23,x22	 x22:0x00000000 f23=0x00000000
      14535.000 ns	      1452	80000720	c0157fd3	fcvt.wu.s	x31,f10	 f10:0x7fc00000 x31=0xffffffff
      14565.000 ns	      1455	80000724	203796d3	fsgnjn.s	f13,f15,f3	 f15:0x7fc00000  f3:0x7f800000 f13=0xffc00000
      14585.000 ns	      1457	80000728	01449793	slli	x15,x9,0x14	  x9:0x80041024 x15=0x02400000
      14615.000 ns	      1460	8000072c	580eb653	fsqrt.s	f12,f29	 f29:0x7fc00000 f12=0x7fc00000
      14985.000 ns	      1497	80000730	03ef6133	rem	x2,x30,x30	 x30:0x40000000 x30:0x40000000  x2=0x00000000
      15015.000 ns	      1500	80000734	d00dfc53	fcvt.s.w	f24,x27	 x27:0xfffffcdb f24=0xc4494000
      15045.000 ns	      1503	80000738	a19780d3	fle.s	x1,f15,f25	 f15:0x7fc00000 f25:0x7fc00000  x1=0x00000000
      15075.000 ns	      1506	8000073c	c0127153	fcvt.wu.s	x2,f4	  f4:0x7f800000  x2=0xffffffff
      15445.000 ns	      1543	80000740	0345e6b3	rem	x13,x11,x20	 x11:0x00000000 x20:0x7fffffff x13=0x00000000
      15475.000 ns	      1546	80000744	f0078253	fmv.w.x	f4,x15	 x15:0x02400000  f4=0x02400000
      15495.000 ns	      1548	80000748	017795b3	sll	x11,x15,x23	 x15:0x02400000 x23:0x00000000 x11=0x02400000
      15505.000 ns	      1549	8000074c	c8c03093	sltiu	x1,x0,-884	  x0:0x00000000  x1=0x00000001
      15515.000 ns	      1550	80000750	00e4dd93	srli	x27,x9,0xe	  x9:0x80041024 x27=0x00020010
      15525.000 ns	      1551	80000754	417a57b3	sra	x15,x20,x23	 x20:0x7fffffff x23:0x00000000 x15=0x7fffffff
      15535.000 ns	      1552	80000758	0827aa13	slti	x20,x15,130	 x15:0x02400000 x20=0x00000000
      15555.000 ns	      1554	8000075c	f0008153	fmv.w.x	f2,x1	  x1:0x00000001  f2=0x00000001
      15575.000 ns	      1556	80000760	cd717113	andi	x2,x2,-809	  x2:0xffffffff  x2=0xfffffcd7
      15595.000 ns	      1558	80000764	21d8a4d3	fsgnjx.s	f9,f17,f29	 f17:0x00000000 f29:0x7fc00000  f9=0x00000000
      15635.000 ns	      1562	80000768	102da153	fmul.s	f2,f27,f2	 f27:0x7fc00000  f2:0x00000001  f2=0x7fc00000
      15655.000 ns	      1564	8000076c	dace3617	auipc	x12,0xdace3	 x12=0x5ace376c
      15675.000 ns	      1566	80000770	a1358d53	fle.s	x26,f11,f19	 f11:0x7f800000 f19:0xff800000 x26=0x00000000
      15695.000 ns	      1568	80000774	20d4b593	sltiu	x11,x9,525	  x9:0x80041024 x11=0x00000000
      15705.000 ns	      1569	80000778	8b617313	andi	x6,x2,-1866	  x2:0xfffffcd7  x6=0xfffff896
      15715.000 ns	      1570	8000077c	fdeb8893	addi	x17,x23,-34	 x23:0x00000000 x17=0xffffffde
      15725.000 ns	      1571	80000780	41190eb3	sub	x29,x18,x17	 x18:0x3ea91000 x17:0x0000023e x29=0x3ea91022
      15735.000 ns	      1572	80000784	00b1c8b3	xor	x17,x3,x11	  x3:0xfffffefd x11:0x00000000 x17=0xfffffefd
      15755.000 ns	      1574	80000788	a00e88d3	fle.s	x17,f29,f0	 f29:0x7fc00000  f0:0x7f800001 x17=0x00000000
      15785.000 ns	      1577	8000078c	209b89d3	fsgnj.s	f19,f23,f9	 f23:0x00000000  f9:0x00000000 f19=0x00000000
      15805.000 ns	      1579	80000790	8ef43893	sltiu	x17,x8,-1809	  x8:0x00000000 x17=0x00000001
      15825.000 ns	      1581	80000794	205c98d3	fsgnjn.s	f17,f25,f5	 f25:0x7fc00000  f5:0x7f800000 f17=0xffc00000
      15845.000 ns	      1583	80000798	01a53d33	sltu	x26,x10,x26	 x10:0xbfdcd000 x26:0x00000000 x26=0x00000000
      15865.000 ns	      1585	8000079c	c00df3d3	fcvt.w.s	x7,f27	 f27:0x7fc00000  x7=0x7fffffff
      15885.000 ns	      1587	800007a0	003c5713	srli	x14,x24,0x3	 x24:0x80040fe4 x14=0x100081fc
      15905.000 ns	      1589	800007a4	d0121053	fcvt.s.wu	f0,x4	  x4:0x40000000  f0=0x4e800000
      15925.000 ns	      1591	800007a8	00e79f13	slli	x30,x15,0xe	 x15:0x7fffffff x30=0xffffc000
      15945.000 ns	      1593	800007ac	c00e7f53	fcvt.w.s	x30,f28	 f28:0x00000000 x30=0x00000000
      15965.000 ns	      1595	800007b0	00000013	addi	x0,x0,0	  x0:0x00000000
      15985.000 ns	      1597	800007b4	02c48d33	mul	x26,x9,x12	  x9:0x80041024 x12:0x5ace376c x26=0x86268b30
      16355.000 ns	      1634	800007b8	0355cab3	div	x21,x11,x21	 x11:0x00000000 x21:0x40000000 x21=0x00000000
      16385.000 ns	      1637	800007bc	e00113d3	fclass.s	x7,f2	  f2:0x7fc00000  x7=0x00000200
      16405.000 ns	      1639	800007c0	717ac293	xori	x5,x21,1815	 x21:0x00000000  x5=0x00000717
      16425.000 ns	      1641	800007c4	a0e91153	flt.s	x2,f18,f14	 f18:0x7fc00000 f14:0x00000000  x2=0x00000000
      16445.000 ns	      1643	800007c8	0029d293	srli	x5,x19,0x2	 x19:0xbfffffff  x5=0x2fffffff
      16455.000 ns	      1644	800007cc	9cdf0993	addi	x19,x30,-1587	 x30:0x00000000 x19=0xfffff9cd
      16475.000 ns	      1646	800007d0	f00d8e53	fmv.w.x	f28,x27	 x27:0x00020010 f28=0x00020010
      16495.000 ns	      1648	800007d4	01a8e5b3	or	x11,x17,x26	 x17:0x00000001 x26:0x86268b30 x11=0x86268b31
      16505.000 ns	      1649	800007d8	0132b1b3	sltu	x3,x5,x19	  x5:0x2fffffff x19:0xfffff9cd  x3=0x00000001
      16525.000 ns	      1651	800007dc	02408233	mul	x4,x1,x4	  x1:0x00000001  x4:0x40000000  x4=0x40000000
      16555.000 ns	      1654	800007e0	c0089153	fcvt.w.s	x2,f17	 f17:0xffc00000  x2=0x7fffffff
      16605.000 ns	      1659	800007e4	089bffd3	fsub.s	f31,f23,f9	 f23:0x00000000  f9:0x00000000 f31=0x80000000
      16625.000 ns	      1661	800007e8	f4916793	ori	x15,x2,-183	  x2:0x7fffffff x15=0xffffffff
      16645.000 ns	      1663	800007ec	02c58db3	mul	x27,x11,x12	 x11:0x86268b31 x12:0x5ace376c x27=0x1b983fac
      16665.000 ns	      1665	800007f0	00590533	add	x10,x18,x5	 x18:0x3ea91000  x5:0x2fffffff x10=0x6ea90fff
      16685.000 ns	      1667	800007f4	c0187ed3	fcvt.wu.s	x29,f16	 f16:0x446f8000 x29=0x000003be
      16705.000 ns	      1669	800007f8	41fddf13	srai	x30,x27,0x1f	 x27:0x1b983fac x30=0x00000000
      16715.000 ns	      1670	800007fc	f8e26d13	ori	x26,x4,-114	  x4:0x40000000 x26=0xffffff8e
      16735.000 ns	      1672	80000800	21198353	fsgnj.s	f6,f19,f17	 f19:0x00000000 f17:0xffc00000  f6=0x80000000
      16775.000 ns	      1676	80000804	5803fdd3	fsqrt.s	f27,f7	  f7:0x80000000 f27=0x80000000
      16805.000 ns	      1679	80000808	03ef78b3	remu	x17,x30,x30	 x30:0x00000000 x30:0x00000000 x17=0x00000000
      16835.000 ns	      1682	8000080c	02f23ab3	mulhu	x21,x4,x15	  x4:0x40000000 x15:0xffffffff x21=0x3fffffff
      16855.000 ns	      1684	80000810	0116d113	srli	x2,x13,0x11	 x13:0x00000000  x2=0x00000000
      16875.000 ns	      1686	80000814	0224abb3	mulhsu	x23,x9,x2	  x9:0x80041024  x2:0x7fffffff x23=0x00000000
      16895.000 ns	      1688	80000818	7036f793	andi	x15,x13,1795	 x13:0x00000000 x15=0x00000000
      16915.000 ns	      1690	8000081c	e0040ad3	fmv.x.w	x21,f8	  f8:0xffc00000 x21=0xffc00000
      16945.000 ns	      1693	80000820	f00085d3	fmv.w.x	f11,x1	  x1:0x00000001 f11=0x00000001
      16965.000 ns	      1695	80000824	01909e33	sll	x28,x1,x25	  x1:0x00000001 x25:0x00000000 x28=0x00000001
      16975.000 ns	      1696	80000828	f7683593	sltiu	x11,x16,-138	 x16:0xffffffff x11=0x00000000
      16985.000 ns	      1697	8000082c	00000013	addi	x0,x0,0	  x0:0x00000000
      17005.000 ns	      1699	80000830	28bb0853	fmin.s	f16,f22,f11	 f22:0xff800000 f11:0x00000001 f16=0xff800000
      17035.000 ns	      1702	80000834	a0f59453	flt.s	x8,f11,f15	 f11:0x00000001 f15:0x7fc00000  x8=0x00000000
      17055.000 ns	      1704	80000838	4014d9b3	sra	x19,x9,x1	  x9:0x80041024  x1:0x00000001 x19=0xc0020812
      17065.000 ns	      1705	8000083c	00000013	addi	x0,x0,0	  x0:0x00000000
      17085.000 ns	      1707	80000840	f0070953	fmv.w.x	f18,x14	 x14:0x100081fc f18=0x100081fc
      17115.000 ns	      1710	80000844	a01e0fd3	fle.s	x31,f28,f1	 f28:0x00020010  f1:0x7fc00000 x31=0x00000000
      17145.000 ns	      1713	80000848	034fb233	mulhu	x4,x31,x20	 x31:0xffffffff x20:0x00000000  x4=0x00000000
      17165.000 ns	      1715	8000084c	44ce4393	xori	x7,x28,1100	 x28:0x00000001  x7=0x0000044d
      17175.000 ns	      1716	80000850	28b24f13	xori	x30,x4,651	  x4:0x00000000 x30=0x0000028b
      17205.000 ns	      1719	80000854	58089ed3	fsqrt.s	f29,f17	 f17:0xffc00000 f29=0x7fc00000
      17225.000 ns	      1721	80000858	24e2f593	andi	x11,x5,590	  x5:0x2fffffff x11=0x0000024e
      17245.000 ns	      1723	8000085c	d01f4453	fcvt.s.wu	f8,x30	 x30:0x0000028b  f8=0x4422c000
      17275.000 ns	      1726	80000860	e0021f53	fclass.s	x30,f4	  f4:0x02400000 x30=0x00000040
      17295.000 ns	      1728	80000864	00000013	addi	x0,x0,0	  x0:0x00000000
      17315.000 ns	      1730	80000868	a1519953	flt.s	x18,f3,f21	  f3:0x7f800000 f21:0x80097a00 x18=0x00000000
      17335.000 ns	      1732	8000086c	b86627b7	lui	x15,0xb8662	 x15=0xb8662000
      17355.000 ns	      1734	80000870	a047a253	feq.s	x4,f15,f4	 f15:0x7fc00000  f4:0x02400000  x4=0x00000000
      17385.000 ns	      1737	80000874	03f0f833	remu	x16,x1,x31	  x1:0x00000001 x31:0x00000000 x16=0x00000001
      17425.000 ns	      1741	80000878	180b72d3	fdiv.s	f5,f22,f0	 f22:0xff800000  f0:0x4e800000  f5=0xff800000
      17455.000 ns	      1744	8000087c	d01c45d3	fcvt.s.wu	f11,x24	 x24:0x80040fe4 f11=0x4f000410
      17485.000 ns	      1747	80000880	e0010dd3	fmv.x.w	x27,f2	  f2:0x7fc00000 x27=0x7fc00000
      17515.000 ns	      1750	80000884	219490d3	fsgnjn.s	f1,f9,f25	  f9:0x00000000 f25:0x7fc00000  f1=0x80000000
      17535.000 ns	      1752	80000888	45842593	slti	x11,x8,1112	  x8:0x00000000 x11=0x00000001
      17555.000 ns	      1754	8000088c	2061ac53	fsgnjx.s	f24,f3,f6	  f3:0x7f800000  f6:0x80000000 f24=0xff800000
      17585.000 ns	      1757	80000890	a1f58053	fle.s	x0,f11,f31	 f11:0x4f000410 f31:0x80000000
      17625.000 ns	      1761	80000894	5800f853	fsqrt.s	f16,f1	  f1:0x80000000 f16=0x80000000
      17655.000 ns	      1764	80000898	0345be33	mulhu	x28,x11,x20	 x11:0x00000001 x20:0x00000000 x28=0x00000000
      17675.000 ns	      1766	8000089c	402453b3	sra	x7,x8,x2	  x8:0x00000000  x2:0x00000000  x7=0x00000000
      17695.000 ns	      1768	800008a0	d00b2853	fcvt.s.w	f16,x22	 x22:0x00000000 f16=0x00000000
      17715.000 ns	      1770	800008a4	40cc5013	srai	x0,x24,0xc	 x24:0x80040fe4
      17735.000 ns	      1772	800008a8	d00dfe53	fcvt.s.w	f28,x27	 x27:0x7fc00000 f28=0x4eff8000
      17765.000 ns	      1775	800008ac	21c1a353	fsgnjx.s	f6,f3,f28	  f3:0x7f800000 f28:0x00020010  f6=0x7f800000
      17785.000 ns	      1777	800008b0	808e6b13	ori	x22,x28,-2040	 x28:0x00000000 x22=0xfffff808
      17795.000 ns	      1778	800008b4	7acc6913	ori	x18,x24,1964	 x24:0x80040fe4 x18=0x80040fec
      17815.000 ns	      1780	800008b8	022572b3	remu	x5,x10,x2	 x10:0x6ea90fff  x2:0x00000000  x5=0x6ea90fff
      17835.000 ns	      1782	800008bc	00ac5e33	srl	x28,x24,x10	 x24:0x80040fe4 x10:0x6ea90fff x28=0x00000001
      18195.000 ns	      1818	800008c0	0335e2b3	rem	x5,x11,x19	 x11:0x00000001 x19:0xc0020812  x5=0x00000001
      18215.000 ns	      1820	800008c4	007e1213	slli	x4,x28,0x7	 x28:0x00000000  x4=0x00000080
      18235.000 ns	      1822	800008c8	02298e33	mul	x28,x19,x2	 x19:0xc0020812  x2:0x00000000 x28=0x00000000
      18265.000 ns	      1825	800008cc	21be8053	fsgnj.s	f0,f29,f27	 f29:0x7fc00000 f27:0x80000000  f0=0xffc00000
      18305.000 ns	      1829	800008d0	10ca16d3	fmul.s	f13,f20,f12	 f20:0x80543a9d f12:0x7fc00000 f13=0x7fc00000
      18355.000 ns	      1834	800008d4	01012853	fadd.s	f16,f2,f16	  f2:0x7fc00000 f16:0x00000000 f16=0x7fc00000
      18375.000 ns	      1836	800008d8	00000013	addi	x0,x0,0	  x0:0x00000000
      18385.000 ns	      1837	800008dc	97bb3b93	sltiu	x23,x22,-1669	 x22:0xfffff808 x23=0x00000001
      18415.000 ns	      1840	800008e0	1178ffd3	fmul.s	f31,f17,f23	 f17:0xffc00000 f23:0x00000000 f31=0x7fc00000
      18785.000 ns	      1877	800008e4	03e748b3	div	x17,x14,x30	 x14:0x100081fc x30:0x00000040 x17=0x00400207
      18815.000 ns	      1880	800008e8	f00082d3	fmv.w.x	f5,x1	  x1:0x00000001  f5=0x00000001
      18845.000 ns	      1883	800008ec	21b808d3	fsgnj.s	f17,f16,f27	 f16:0x7fc00000 f27:0x80000000 f17=0xffc00000
      18865.000 ns	      1885	800008f0	17d78b13	addi	x22,x15,381	 x15:0xb8662000 x22=0xb866217d
      18875.000 ns	      1886	800008f4	01956bb3	or	x23,x10,x25	 x10:0x6ea90fff x25:0x00000000 x23=0x6ea90fff
      18885.000 ns	      1887	800008f8	3ce1b513	sltiu	x10,x3,974	  x3:0x00000001 x10=0x00000001
      18915.000 ns	      1890	800008fc	19838cd3	fdiv.s	f25,f7,f24	  f7:0x80000000 f24:0xff800000 f25=0x00000000
      18945.000 ns	      1893	80000900	f0028853	fmv.w.x	f16,x5	  x5:0x00000001 f16=0x00000001
      18975.000 ns	      1896	80000904	29518353	fmin.s	f6,f3,f21	  f3:0x7f800000 f21:0x80097a00  f6=0x80097a00
      19005.000 ns	      1899	80000908	288b0053	fmin.s	f0,f22,f8	 f22:0xff800000  f8:0x4422c000  f0=0xff800000
      19025.000 ns	      1901	8000090c	ec5c2e13	slti	x28,x24,-315	 x24:0x80040fe4 x28=0x00000001
      19385.000 ns	      1937	80000910	03ce4db3	div	x27,x28,x28	 x28:0x00000000 x28:0x00000000 x27=0x00000001
      19415.000 ns	      1940	80000914	e00190d3	fclass.s	x1,f3	  f3:0x7f800000  x1=0x00000080
      19435.000 ns	      1942	80000918	c0f0ae93	slti	x29,x1,-1009	  x1:0x00000001 x29=0x00000000
      19465.000 ns	      1945	8000091c	5809f853	fsqrt.s	f16,f19	 f19:0x00000000 f16=0x00000000
      19485.000 ns	      1947	80000920	41d882b3	sub	x5,x17,x29	 x17:0x00400207 x29:0x000003be  x5=0x00400207
      19495.000 ns	      1948	80000924	b2297593	andi	x11,x18,-1246	 x18:0x80040fec x11=0x80040b20
      19535.000 ns	      1952	80000928	0149fbd3	fadd.s	f23,f19,f20	 f19:0x00000000 f20:0x80543a9d f23=0x80543a9d
      19565.000 ns	      1955	8000092c	298c0453	fmin.s	f8,f24,f24	 f24:0xff800000 f24:0xff800000  f8=0xff800000
      19595.000 ns	      1958	80000930	f00187d3	fmv.w.x	f15,x3	  x3:0x00000001 f15=0x00000001
      19625.000 ns	      1961	80000934	d01d8bd3	fcvt.s.wu	f23,x27	 x27:0x00000001 f23=0x3f800000
      19995.000 ns	      1998	80000938	035bd233	divu	x4,x23,x21	 x23:0x6ea90fff x21:0xffc00000  x4=0x00000000
      20015.000 ns	      2000	8000093c	01403833	sltu	x16,x0,x20	  x0:0x00000000 x20:0x00000000 x16=0x00000000
      20045.000 ns	      2003	80000940	199311d3	fdiv.s	f3,f6,f25	  f6:0x80097a00 f25:0x00000000  f3=0xff800000
      20075.000 ns	      2006	80000944	29e00453	fmin.s	f8,f0,f30	  f0:0xff800000 f30:0x00543a9d  f8=0xff800000
      20095.000 ns	      2008	80000948	01b096b3	sll	x13,x1,x27	  x1:0x00000080 x27:0x00000001 x13=0x00000100
      20115.000 ns	      2010	8000094c	02df2733	mulhsu	x14,x30,x13	 x30:0x00000040 x13:0x00000000 x14=0x00000000
      20135.000 ns	      2012	80000950	01d0fbb3	and	x23,x1,x29	  x1:0x00000080 x29:0x00000000 x23=0x00000000
      20145.000 ns	      2013	80000954	d0baab13	slti	x22,x21,-757	 x21:0xffc00000 x22=0x00000001
      20165.000 ns	      2015	80000958	21cc9ed3	fsgnjn.s	f29,f25,f28	 f25:0x00000000 f28:0x4eff8000 f29=0x80000000
      20205.000 ns	      2019	8000095c	10258853	fmul.s	f16,f11,f2	 f11:0x4f000410  f2:0x7fc00000 f16=0x7fc00000
      20235.000 ns	      2022	80000960	c00087d3	fcvt.w.s	x15,f1	  f1:0x80000000 x15=0x00000000
      20265.000 ns	      2025	80000964	a0ac25d3	feq.s	x11,f24,f10	 f24:0xff800000 f10:0x7fc00000 x11=0x00000000
      20295.000 ns	      2028	80000968	02761fb3	mulh	x31,x12,x7	 x12:0x5ace376c  x7:0x00000000 x31=0x00000000
      20325.000 ns	      2031	8000096c	c01fb553	fcvt.wu.s	x10,f31	 f31:0x7fc00000 x10=0xffffffff
      20345.000 ns	      2033	80000970	007f0bb3	add	x23,x30,x7	 x30:0x00000040  x7:0x00000000 x23=0x00000040
      20355.000 ns	      2034	80000974	00d085b3	add	x11,x1,x13	  x1:0x00000080 x13:0x00000100 x11=0x00000180
      20395.000 ns	      2038	80000978	013b03d3	fadd.s	f7,f22,f19	 f22:0xff800000 f19:0x00000000  f7=0xff800000
      20425.000 ns	      2041	8000097c	033aaab3	mulhsu	x21,x21,x19	 x21:0xffc00000 x19:0xc0020812 x21=0xffcfff7d
      20445.000 ns	      2043	80000980	bead3013	sltiu	x0,x26,-1046	 x26:0xffffff8e
      20455.000 ns	      2044	80000984	ee284a93	xori	x21,x16,-286	 x16:0x00000000 x21=0xfffffee2
      20475.000 ns	      2046	80000988	28508453	fmin.s	f8,f1,f5	  f1:0x80000000  f5:0x00000001  f8=0x80000000
      20495.000 ns	      2048	8000098c	c02eee93	ori	x29,x29,-1022	 x29:0x00000000 x29=0xfffffc02
      20525.000 ns	      2051	80000990	580df153	fsqrt.s	f2,f27	 f27:0x80000000  f2=0x80000000
      20545.000 ns	      2053	80000994	41e1db13	srai	x22,x3,0x1e	  x3:0x00000001 x22=0x00000000
      20555.000 ns	      2054	80000998	a694bd93	sltiu	x27,x9,-1431	  x9:0x80041024 x27=0x00000001
      20565.000 ns	      2055	8000099c	4022d8b3	sra	x17,x5,x2	  x5:0x00400207  x2:0x00000000 x17=0x00400207
      20585.000 ns	      2057	800009a0	a17e1ad3	flt.s	x21,f28,f23	 f28:0x4eff8000 f23:0x3f800000 x21=0x00000000
      20615.000 ns	      2060	800009a4	21640453	fsgnj.s	f8,f8,f22	  f8:0x80000000 f22:0xff800000  f8=0x80000000
      20645.000 ns	      2063	800009a8	2180a653	fsgnjx.s	f12,f1,f24	  f1:0x80000000 f24:0xff800000 f12=0x00000000
      20675.000 ns	      2066	800009ac	02ac2b33	mulhsu	x22,x24,x10	 x24:0x80040fe4 x10:0xffffffff x22=0x80040fe4
      20715.000 ns	      2070	800009b0	10ddf9d3	fmul.s	f19,f27,f13	 f27:0x80000000 f13:0x7fc00000 f19=0x7fc00000
      20745.000 ns	      2073	800009b4	c001f653	fcvt.w.s	x12,f3	  f3:0xff800000 x12=0x80000000
      21115.000 ns	      2110	800009b8	037e46b3	div	x13,x28,x23	 x28:0x00000001 x23:0x00000040 x13=0x00000000
      21145.000 ns	      2113	800009bc	d00bbd53	fcvt.s.w	f26,x23	 x23:0x00000040 f26=0x42800000
      21195.000 ns	      2118	800009c0	08d018d3	fsub.s	f17,f0,f13	  f0:0xff800000 f13:0x7fc00000 f17=0x7fc00000
      21215.000 ns	      2120	800009c4	403d51b3	sra	x3,x26,x3	 x26:0xffffff8e  x3:0x00000001  x3=0xffffffc7
      21225.000 ns	      2121	800009c8	016f4a33	xor	x20,x30,x22	 x30:0x00000040 x22:0x80040fe4 x20=0x80040fa4
      21235.000 ns	      2122	800009cc	01712633	slt	x12,x2,x23	  x2:0x00000000 x23:0x00000040 x12=0x00000001
      21245.000 ns	      2123	800009d0	40e30433	sub	x8,x6,x14	  x6:0xfffff896 x14:0x00000000  x8=0xfffff896
      21265.000 ns	      2125	800009d4	e00e0ed3	fmv.x.w	x29,f28	 f28:0x4eff8000 x29=0x4eff8000
      21285.000 ns	      2127	800009d8	005cd9b3	srl	x19,x25,x5	 x25:0x00000000  x5:0x00400207 x19=0x00000000
      21305.000 ns	      2129	800009dc	f0008a53	fmv.w.x	f20,x1	  x1:0x00000080 f20=0x00000080
      21335.000 ns	      2132	800009e0	0334de33	divu	x28,x9,x19	  x9:0x80041024 x19:0xc0020812 x28=0xffffffff
      21365.000 ns	      2135	800009e4	02d89b33	mulh	x22,x17,x13	 x17:0x00400207 x13:0x00000000 x22=0x00000000
      21385.000 ns	      2137	800009e8	015310b3	sll	x1,x6,x21	  x6:0xfffff896 x21:0x00000000  x1=0xfffff896
      21745.000 ns	      2173	800009ec	0382f833	remu	x16,x5,x24	  x5:0x00400207 x24:0x80040fe4 x16=0x00400207
      22115.000 ns	      2210	800009f0	037cf233	remu	x4,x25,x23	 x25:0x00000000 x23:0x00000040  x4=0x00000000
      22135.000 ns	      2212	800009f4	016f9213	slli	x4,x31,0x16	 x31:0x00000000  x4=0x00000000
      22155.000 ns	      2214	800009f8	d01b0153	fcvt.s.wu	f2,x22	 x22:0x00000000  f2=0x00000000
      22185.000 ns	      2217	800009fc	0206b733	mulhu	x14,x13,x0	 x13:0x00000000  x0:0x00000000 x14=0x00000000
      22215.000 ns	      2220	80000a00	2044a753	fsgnjx.s	f14,f9,f4	  f9:0x00000000  f4:0x02400000 f14=0x00000000
      22245.000 ns	      2223	80000a04	e00d8453	fmv.x.w	x8,f27	 f27:0x80000000  x8=0x80000000
      22265.000 ns	      2225	80000a08	00581f33	sll	x30,x16,x5	 x16:0x00400207  x5:0x00400207 x30=0x20010380
      22305.000 ns	      2229	80000a0c	095471d3	fsub.s	f3,f8,f21	  f8:0x80000000 f21:0x80097a00  f3=0x00097a00
      22335.000 ns	      2232	80000a10	a1c40dd3	fle.s	x27,f8,f28	  f8:0x80000000 f28:0x4eff8000 x27=0x00000001
      22355.000 ns	      2234	80000a14	01c68433	add	x8,x13,x28	 x13:0x00000000 x28:0xffffffff  x8=0xffffffff
      22375.000 ns	      2236	80000a18	d01509d3	fcvt.s.wu	f19,x10	 x10:0xffffffff f19=0x4f800000
      22425.000 ns	      2241	80000a1c	08228553	fsub.s	f10,f5,f2	  f5:0x00000001  f2:0x00000000 f10=0x00000001
      22455.000 ns	      2244	80000a20	d0157f53	fcvt.s.wu	f30,x10	 x10:0xffffffff f30=0x4f7fffff
      22495.000 ns	      2248	80000a24	197c8453	fdiv.s	f8,f25,f23	 f25:0x00000000 f23:0x3f800000  f8=0x00000000
      22515.000 ns	      2250	80000a28	01f52fb3	slt	x31,x10,x31	 x10:0xffffffff x31:0x00000000 x31=0x00000001
      22525.000 ns	      2251	80000a2c	c317e213	ori	x4,x15,-975	 x15:0x00000000  x4=0xfffffc31
      22545.000 ns	      2253	80000a30	c018fbd3	fcvt.wu.s	x23,f17	 f17:0x7fc00000 x23=0xffffffff
      22565.000 ns	      2255	80000a34	2c5e43b7	lui	x7,0x2c5e4	  x7=0x2c5e4000
      22575.000 ns	      2256	80000a38	5af360b7	lui	x1,0x5af36	  x1=0x5af36000
      22595.000 ns	      2258	80000a3c	286c18d3	fmax.s	f17,f24,f6	 f24:0xff800000  f6:0x80097a00 f17=0x80097a00
      22625.000 ns	      2261	80000a40	a1b091d3	flt.s	x3,f1,f27	  f1:0x80000000 f27:0x80000000  x3=0x00000000
      22645.000 ns	      2263	80000a44	01929d93	slli	x27,x5,0x19	  x5:0x00400207 x27=0x0e000000
      22665.000 ns	      2265	80000a48	29b41753	fmax.s	f14,f8,f27	  f8:0x00000000 f27:0x80000000 f14=0x00000000
      22695.000 ns	      2268	80000a4c	c01e1dd3	fcvt.wu.s	x27,f28	 f28:0x4eff8000 x27=0x7fc00000
      22725.000 ns	      2271	80000a50	026632b3	mulhu	x5,x12,x6	 x12:0x00000001  x6:0xfffff896  x5=0x00000000
      22745.000 ns	      2273	80000a54	00d43db3	sltu	x27,x8,x13	  x8:0xffffffff x13:0x00000000 x27=0x00000000
      22765.000 ns	      2275	80000a58	204a94d3	fsgnjn.s	f9,f21,f4	 f21:0x80097a00  f4:0x02400000  f9=0x80097a00
      22785.000 ns	      2277	80000a5c	40098533	sub	x10,x19,x0	 x19:0x00000000  x0:0x00000000 x10=0x00000000
      22805.000 ns	      2279	80000a60	02830a33	mul	x20,x6,x8	  x6:0xfffff896  x8:0xffffffff x20=0x0000076a
      22825.000 ns	      2281	80000a64	000bc833	xor	x16,x23,x0	 x23:0xffffffff  x0:0x00000000 x16=0xffffffff
      22865.000 ns	      2285	80000a68	09761f53	fsub.s	f30,f12,f23	 f12:0x00000000 f23:0x3f800000 f30=0xbf800000
      22895.000 ns	      2288	80000a6c	201226d3	fsgnjx.s	f13,f4,f1	  f4:0x02400000  f1:0x80000000 f13=0x82400000
      22925.000 ns	      2291	80000a70	28841f53	fmax.s	f30,f8,f8	  f8:0x00000000  f8:0x00000000 f30=0x00000000
      22955.000 ns	      2294	80000a74	d0109253	fcvt.s.wu	f4,x1	  x1:0x5af36000  f4=0x4eb5e6c0
      22975.000 ns	      2296	80000a78	018b0db3	add	x27,x22,x24	 x22:0x00000000 x24:0x80040fe4 x27=0x80040fe4
      22985.000 ns	      2297	80000a7c	00000013	addi	x0,x0,0	  x0:0x00000000
      22995.000 ns	      2298	80000a80	01fce2b3	or	x5,x25,x31	 x25:0x00000000 x31:0x00000001  x5=0x00000001
      23015.000 ns	      2300	80000a84	02f63d33	mulhu	x26,x12,x15	 x12:0x00000001 x15:0x00000000 x26=0x00000000
      23035.000 ns	      2302	80000a88	01df97b3	sll	x15,x31,x29	 x31:0x00000001 x29:0x4eff8000 x15=0x00000001
      23045.000 ns	      2303	80000a8c	41868733	sub	x14,x13,x24	 x13:0x00000000 x24:0x80040fe4 x14=0x7ffbf01c
      23055.000 ns	      2304	80000a90	28dcc413	xori	x8,x25,653	 x25:0x00000000  x8=0x0000028d
      23075.000 ns	      2306	80000a94	020099b3	mulh	x19,x1,x0	  x1:0x5af36000  x0:0x00000000 x19=0x00000000
      23105.000 ns	      2309	80000a98	0266af33	mulhsu	x30,x13,x6	 x13:0x00000000  x6:0xfffff896 x30=0x00000000
      23125.000 ns	      2311	80000a9c	737aeb13	ori	x22,x21,1847	 x21:0x00000000 x22=0x00000737
      23145.000 ns	      2313	80000aa0	03340533	mul	x10,x8,x19	  x8:0x0000028d x19:0x00000000 x10=0x00000000
      23175.000 ns	      2316	80000aa4	29bf8453	fmin.s	f8,f31,f27	 f31:0x7fc00000 f27:0x80000000  f8=0x80000000
      23515.000 ns	      2350	80000aa8	1979f753	fdiv.s	f14,f19,f23	 f19:0x4f800000 f23:0x3f800000 f14=0x4f7fff38
      23535.000 ns	      2352	80000aac	014fd0b3	srl	x1,x31,x20	 x31:0x00000001 x20:0x0000076a  x1=0x00000000
      23555.000 ns	      2354	80000ab0	f00203d3	fmv.w.x	f7,x4	  x4:0xfffffc31  f7=0xfffffc31
      23575.000 ns	      2356	80000ab4	9cba0237	lui	x4,0x9cba0	  x4=0x9cba0000
      23585.000 ns	      2357	80000ab8	404e8ab3	sub	x21,x29,x4	 x29:0x4eff8000  x4:0xfffffc31 x21=0xb2458000
      23605.000 ns	      2359	80000abc	d006af53	fcvt.s.w	f30,x13	 x13:0x00000000 f30=0x00000000
      23635.000 ns	      2362	80000ac0	d017fc53	fcvt.s.wu	f24,x15	 x15:0x00000001 f24=0x3f800000
      23685.000 ns	      2367	80000ac4	0186f853	fadd.s	f16,f13,f24	 f13:0x82400000 f24:0xff800000 f16=0x3f800000
      23735.000 ns	      2372	80000ac8	01500bd3	fadd.s	f23,f0,f21	  f0:0xff800000 f21:0x80097a00 f23=0xff800000
      24105.000 ns	      2409	80000acc	02cbf2b3	remu	x5,x23,x12	 x23:0xffffffff x12:0x00000001  x5=0x00000000
      24125.000 ns	      2411	80000ad0	01b21ab3	sll	x21,x4,x27	  x4:0x9cba0000 x27:0x80040fe4 x21=0xcba00000
      24145.000 ns	      2413	80000ad4	d008a953	fcvt.s.w	f18,x17	 x17:0x00400207 f18=0x4a80040e
      24165.000 ns	      2415	80000ad8	f3aa1037	lui	x0,0xf3aa1	
      24185.000 ns	      2417	80000adc	a1361353	flt.s	x6,f12,f19	 f12:0x00000000 f19:0x4f800000  x6=0x00000001
      24205.000 ns	      2419	80000ae0	beba3617	auipc	x12,0xbeba3	 x12=0x3eba3ae0
      24225.000 ns	      2421	80000ae4	a1e20453	fle.s	x8,f4,f30	  f4:0x4eb5e6c0 f30:0x00000000  x8=0x00000000
      24255.000 ns	      2424	80000ae8	29619dd3	fmax.s	f27,f3,f22	  f3:0x00097a00 f22:0xff800000 f27=0x00097a00
      24305.000 ns	      2429	80000aec	0888f053	fsub.s	f0,f17,f8	 f17:0x80097a00  f8:0x80000000  f0=0x80097a00
      24325.000 ns	      2431	80000af0	0019d593	srli	x11,x19,0x1	 x19:0x00000000 x11=0x00000000
      24345.000 ns	      2433	80000af4	d012b9d3	fcvt.s.wu	f19,x5	  x5:0x00000000 f19=0x00000000
      24375.000 ns	      2436	80000af8	e00f9ed3	fclass.s	x29,f31	 f31:0x7fc00000 x29=0x00000200
      24395.000 ns	      2438	80000afc	41c8db13	srai	x22,x17,0x1c	 x17:0x00400207 x22=0x00000000
      24415.000 ns	      2440	80000b00	02b99ab3	mulh	x21,x19,x11	 x19:0x00000000 x11:0x00000000 x21=0x00000000
      25595.000 ns	      2558	80000b04	580a3ad3	fsqrt.s	f21,f20	 f20:0x00000080 f21=0x1f350536
      25615.000 ns	      2560	80000b08	006628b3	slt	x17,x12,x6	 x12:0x3eba3ae0  x6:0x00000001 x17=0x00000000
      25625.000 ns	      2561	80000b0c	00e44033	xor	x0,x8,x14	  x8:0x00000000 x14:0x7ffbf01c
      25635.000 ns	      2562	80000b10	56473193	sltiu	x3,x14,1380	 x14:0x7ffbf01c  x3=0x00000000
      25645.000 ns	      2563	80000b14	00000013	addi	x0,x0,0	  x0:0x00000000
      25655.000 ns	      2564	80000b18	904d8537	lui	x10,0x904d8	 x10=0x904d8000
      25675.000 ns	      2566	80000b1c	d008c153	fcvt.s.w	f2,x17	 x17:0x00000000  f2=0x00000000
      25695.000 ns	      2568	80000b20	015d1ab3	sll	x21,x26,x21	 x26:0x00000000 x21:0x00000000 x21=0x00000000
      25715.000 ns	      2570	80000b24	03ab82b3	mul	x5,x23,x26	 x23:0xffffffff x26:0x00000000  x5=0x00000000
      26085.000 ns	      2607	80000b28	02abf033	remu	x0,x23,x10	 x23:0xffffffff x10:0x904d8000
      26105.000 ns	      2609	80000b2c	e6b3a393	slti	x7,x7,-405	  x7:0x2c5e4000  x7=0x00000000
      26115.000 ns	      2610	80000b30	64fe8313	addi	x6,x29,1615	 x29:0x00000200  x6=0x0000084f
      26125.000 ns	      2611	80000b34	01ee2fb3	slt	x31,x28,x30	 x28:0xffffffff x30:0x00000000 x31=0x00000001
      26145.000 ns	      2613	80000b38	d019cbd3	fcvt.s.wu	f23,x19	 x19:0x00000000 f23=0x00000000
      26175.000 ns	      2616	80000b3c	c008c553	fcvt.w.s	x10,f17	 f17:0x80097a00 x10=0x00000000
      26195.000 ns	      2618	80000b40	0031b733	sltu	x14,x3,x3	  x3:0x00000000  x3:0x00000000 x14=0x00000000
      26205.000 ns	      2619	80000b44	01e149b3	xor	x19,x2,x30	  x2:0x00000000 x30:0x00000000 x19=0x00000000
      26225.000 ns	      2621	80000b48	d004b8d3	fcvt.s.w	f17,x9	  x9:0x80041024 f17=0xcefff7e0
      26245.000 ns	      2623	80000b4c	41e90733	sub	x14,x18,x30	 x18:0x80040fec x30:0x00000000 x14=0x80040fec
      26265.000 ns	      2625	80000b50	031c5933	divu	x18,x24,x17	 x24:0x80040fe4 x17:0x00000000 x18=0xffffffff
      26295.000 ns	      2628	80000b54	206f9cd3	fsgnjn.s	f25,f31,f6	 f31:0x7fc00000  f6:0x80097a00 f25=0x7fc00000
      26315.000 ns	      2630	80000b58	4031d613	srai	x12,x3,0x3	  x3:0x00000000 x12=0x00000000
      26325.000 ns	      2631	80000b5c	0039df13	srli	x30,x19,0x3	 x19:0x00000000 x30=0x00000000
      26345.000 ns	      2633	80000b60	e00215d3	fclass.s	x11,f4	  f4:0x4eb5e6c0 x11=0x00000040
      26365.000 ns	      2635	80000b64	b989c817	auipc	x16,0xb989c	 x16=0x3989cb64
      26375.000 ns	      2636	80000b68	009593b3	sll	x7,x11,x9	 x11:0x00000040  x9:0x80041024  x7=0x00000400
      26385.000 ns	      2637	80000b6c	2f996837	lui	x16,0x2f996	 x16=0x2f996000
      26405.000 ns	      2639	80000b70	a0f30153	fle.s	x2,f6,f15	  f6:0x80097a00 f15:0x00000001  x2=0x00000001
      26435.000 ns	      2642	80000b74	21eb8a53	fsgnj.s	f20,f23,f30	 f23:0x00000000 f30:0x00000000 f20=0x00000000
      26465.000 ns	      2645	80000b78	e0041ed3	fclass.s	x29,f8	  f8:0x80000000 x29=0x00000008
      26485.000 ns	      2647	80000b7c	314bf313	andi	x6,x23,788	 x23:0xffffffff  x6=0x00000314
      26845.000 ns	      2683	80000b80	0241feb3	remu	x29,x3,x4	  x3:0x00000000  x4:0x9cba0000 x29=0x00000000
      26875.000 ns	      2686	80000b84	c00c1ed3	fcvt.w.s	x29,f24	 f24:0x3f800000 x29=0x00000001
      26905.000 ns	      2689	80000b88	e00d8153	fmv.x.w	x2,f27	 f27:0x00097a00  x2=0x00097a00
      26935.000 ns	      2692	80000b8c	a0919653	flt.s	x12,f3,f9	  f3:0x00097a00  f9:0x80097a00 x12=0x00000000
      26955.000 ns	      2694	80000b90	40085793	srai	x15,x16,0x0	 x16:0x2f996000 x15=0x2f996000
      26975.000 ns	      2696	80000b94	02eb3333	mulhu	x6,x22,x14	 x22:0x00000000 x14:0x80040fec  x6=0x00000000
      26995.000 ns	      2698	80000b98	3f158993	addi	x19,x11,1009	 x11:0x00000040 x19=0x00000431
      27015.000 ns	      2700	80000b9c	a0390bd3	fle.s	x23,f18,f3	 f18:0x4a80040e  f3:0x00097a00 x23=0x00000000
      27035.000 ns	      2702	80000ba0	007a1f13	slli	x30,x20,0x7	 x20:0x0000076a x30=0x0003b500
      27055.000 ns	      2704	80000ba4	e0070753	fmv.x.w	x14,f14	 f14:0x4f7fff38 x14=0x4f7fff38
      27085.000 ns	      2707	80000ba8	a1f60fd3	fle.s	x31,f12,f31	 f12:0x00000000 f31:0x7fc00000 x31=0x00000000
      27105.000 ns	      2709	80000bac	00550bb3	add	x23,x10,x5	 x10:0x00000000  x5:0x00000000 x23=0x00000000
      27115.000 ns	      2710	80000bb0	aa5219b7	lui	x19,0xaa521	 x19=0xaa521000
      27135.000 ns	      2712	80000bb4	20cc92d3	fsgnjn.s	f5,f25,f12	 f25:0x7fc00000 f12:0x00000000  f5=0xffc00000
      27165.000 ns	      2715	80000bb8	20b41e53	fsgnjn.s	f28,f8,f11	  f8:0x80000000 f11:0x4f000410 f28=0x80000000
      27535.000 ns	      2752	80000bbc	02767933	remu	x18,x12,x7	 x12:0x00000000  x7:0x00000400 x18=0x00000000
      27555.000 ns	      2754	80000bc0	00651fb3	sll	x31,x10,x6	 x10:0x00000000  x6:0x00000000 x31=0x00000000
      27575.000 ns	      2756	80000bc4	213b22d3	fsgnjx.s	f5,f22,f19	 f22:0xff800000 f19:0x00000000  f5=0xff800000
      27595.000 ns	      2758	80000bc8	06a72e93	slti	x29,x14,106	 x14:0x4f7fff38 x29=0x00000000
      27615.000 ns	      2760	80000bcc	e00102d3	fmv.x.w	x5,f2	  f2:0x00000000  x5=0x00000000
      27635.000 ns	      2762	80000bd0	00b83ab3	sltu	x21,x16,x11	 x16:0x2f996000 x11:0x00000040 x21=0x00000000
      27655.000 ns	      2764	80000bd4	d01b71d3	fcvt.s.wu	f3,x22	 x22:0x00000000  f3=0x00000000
      27685.000 ns	      2767	80000bd8	e00206d3	fmv.x.w	x13,f4	  f4:0x4eb5e6c0 x13=0x4eb5e6c0
      27715.000 ns	      2770	80000bdc	d0182cd3	fcvt.s.wu	f25,x16	 x16:0x2f996000 f25=0x4e3e6580
      27745.000 ns	      2773	80000be0	f00986d3	fmv.w.x	f13,x19	 x19:0xaa521000 f13=0xaa521000
      27775.000 ns	      2776	80000be4	203a2a53	fsgnjx.s	f20,f20,f3	 f20:0x00000000  f3:0x00000000 f20=0x00000000
      27795.000 ns	      2778	80000be8	5938a213	slti	x4,x17,1427	 x17:0x00000000  x4=0x00000001
      27805.000 ns	      2779	80000bec	d09aa893	slti	x17,x21,-759	 x21:0x00000000 x17=0x00000000
      27825.000 ns	      2781	80000bf0	29540dd3	fmin.s	f27,f8,f21	  f8:0x80000000 f21:0x1f350536 f27=0x80000000
      27845.000 ns	      2783	80000bf4	00000013	addi	x0,x0,0	  x0:0x00000000
      27855.000 ns	      2784	80000bf8	6947cd13	xori	x26,x15,1684	 x15:0x2f996000 x26=0x2f996694
      27865.000 ns	      2785	80000bfc	0138b1b3	sltu	x3,x17,x19	 x17:0x00000000 x19:0xaa521000  x3=0x00000001
      27875.000 ns	      2786	80000c00	3bf5a313	slti	x6,x11,959	 x11:0x00000040  x6=0x00000001
      28235.000 ns	      2822	80000c04	03c34533	div	x10,x6,x28	  x6:0x00000000 x28:0xffffffff x10=0xffffffff
      28255.000 ns	      2824	80000c08	b5091017	auipc	x0,0xb5091	
      28615.000 ns	      2860	80000c0c	03a55ab3	divu	x21,x10,x26	 x10:0xffffffff x26:0x2f996694 x21=0x00000005
      28645.000 ns	      2863	80000c10	02f80e33	mul	x28,x16,x15	 x16:0x2f996000 x15:0x2f996000 x28=0xe4000000
      28665.000 ns	      2865	80000c14	80f6a193	slti	x3,x13,-2033	 x13:0x4eb5e6c0  x3=0x00000000
      28685.000 ns	      2867	80000c18	022c32b3	mulhu	x5,x24,x2	 x24:0x80040fe4  x2:0x00097a00  x5=0x0004bd26
      28715.000 ns	      2870	80000c1c	217ba5d3	fsgnjx.s	f11,f23,f23	 f23:0x00000000 f23:0x00000000 f11=0x00000000
      28755.000 ns	      2874	80000c20	117e79d3	fmul.s	f19,f28,f23	 f28:0x80000000 f23:0x00000000 f19=0x80000000
      29125.000 ns	      2911	80000c24	0277c0b3	div	x1,x15,x7	 x15:0x2f996000  x7:0x00000400  x1=0x000be658
      29155.000 ns	      2914	80000c28	f00c0cd3	fmv.w.x	f25,x24	 x24:0x80040fe4 f25=0x80040fe4
      29175.000 ns	      2916	80000c2c	01dc5133	srl	x2,x24,x29	 x24:0x80040fe4 x29:0x00000000  x2=0x80040fe4
      29195.000 ns	      2918	80000c30	d00bf353	fcvt.s.w	f6,x23	 x23:0x00000000  f6=0x00000000
      29215.000 ns	      2920	80000c34	b495f413	andi	x8,x11,-1207	 x11:0x00000040  x8=0x00000040
      29235.000 ns	      2922	80000c38	02fab133	mulhu	x2,x21,x15	 x21:0x00000005 x15:0x2f996000  x2=0x00000000
      29255.000 ns	      2924	80000c3c	35510137	lui	x2,0x35510	  x2=0x35510000
      29615.000 ns	      2960	80000c40	02117733	remu	x14,x2,x1	  x2:0x00000000  x1:0x000be658 x14=0x000bda10
      29635.000 ns	      2962	80000c44	00c4c5b3	xor	x11,x9,x12	  x9:0x80041024 x12:0x00000000 x11=0x80041024
      29665.000 ns	      2965	80000c48	19f3c553	fdiv.s	f10,f7,f31	  f7:0xfffffc31 f31:0x7fc00000 f10=0x7fc00000
      29695.000 ns	      2968	80000c4c	f0018453	fmv.w.x	f8,x3	  x3:0x00000000  f8=0x00000000
      29715.000 ns	      2970	80000c50	00141e93	slli	x29,x8,0x1	  x8:0x00000040 x29=0x00000080
      29725.000 ns	      2971	80000c54	bfd1dd37	lui	x26,0xbfd1d	 x26=0xbfd1d000
      29745.000 ns	      2973	80000c58	a1a3a7d3	feq.s	x15,f7,f26	  f7:0xfffffc31 f26:0x42800000 x15=0x00000000
      29775.000 ns	      2976	80000c5c	a0c70553	fle.s	x10,f14,f12	 f14:0x4f7fff38 f12:0x00000000 x10=0x00000000
      29805.000 ns	      2979	80000c60	c01331d3	fcvt.wu.s	x3,f6	  f6:0x00000000  x3=0x00000000
      29825.000 ns	      2981	80000c64	00110bb3	add	x23,x2,x1	  x2:0x35510000  x1:0x000be658 x23=0x355ce658
      29835.000 ns	      2982	80000c68	0000b933	sltu	x18,x1,x0	  x1:0x000be658  x0:0x00000000 x18=0x00000000
      29845.000 ns	      2983	80000c6c	11f82037	lui	x0,0x11f82	
      29865.000 ns	      2985	80000c70	036220b3	mulhsu	x1,x4,x22	  x4:0x00000001 x22:0x00000000  x1=0x00000000
      29885.000 ns	      2987	80000c74	4105c513	xori	x10,x11,1040	 x11:0x80041024 x10=0x80041434
      29905.000 ns	      2989	80000c78	c01ffd53	fcvt.wu.s	x26,f31	 f31:0x7fc00000 x26=0xffffffff
      29925.000 ns	      2991	80000c7c	015025b3	slt	x11,x0,x21	  x0:0x00000000 x21:0x00000005 x11=0x00000001
      29935.000 ns	      2992	80000c80	006b5a33	srl	x20,x22,x6	 x22:0x00000000  x6:0x00000001 x20=0x00000000
      29945.000 ns	      2993	80000c84	0051e233	or	x4,x3,x5	  x3:0x00000000  x5:0x0004bd26  x4=0x0004bd26
      29955.000 ns	      2994	80000c88	0094fd33	and	x26,x9,x9	  x9:0x80041024  x9:0x80041024 x26=0x80041024
      29975.000 ns	      2996	80000c8c	03b22033	mulhsu	x0,x4,x27	  x4:0x00000001 x27:0x80040fe4
      30005.000 ns	      2999	80000c90	02c2c833	div	x16,x5,x12	  x5:0x0004bd26 x12:0x00000000 x16=0xffffffff
      30025.000 ns	      3001	80000c94	8577f913	andi	x18,x15,-1961	 x15:0x00000000 x18=0x00000000
      30035.000 ns	      3002	80000c98	cd6a3a13	sltiu	x20,x20,-810	 x20:0x00000000 x20=0x00000001
      30045.000 ns	      3003	80000c9c	017d1f33	sll	x30,x26,x23	 x26:0x80041024 x23:0x355ce658 x30=0x24000000
      31215.000 ns	      3120	80000ca0	580af853	fsqrt.s	f16,f21	 f21:0x1f350536 f16=0x2f000011
      31245.000 ns	      3123	80000ca4	a08715d3	flt.s	x11,f14,f8	 f14:0x4f7fff38  f8:0x00000000 x11=0x00000000
      31265.000 ns	      3125	80000ca8	164c42b7	lui	x5,0x164c4	  x5=0x164c4000
      31285.000 ns	      3127	80000cac	029280b3	mul	x1,x5,x9	  x5:0x0004bd26  x9:0x80041024  x1=0xe6b90000
      31335.000 ns	      3132	80000cb0	006a80d3	fadd.s	f1,f21,f6	 f21:0x1f350536  f6:0x00000000  f1=0x1f350536
      31705.000 ns	      3169	80000cb4	03a67033	remu	x0,x12,x26	 x12:0x00000000 x26:0x80041024
      31725.000 ns	      3171	80000cb8	5e88c813	xori	x16,x17,1512	 x17:0x00000000 x16=0x000005e8
      31745.000 ns	      3173	80000cbc	03188a33	mul	x20,x17,x17	 x17:0x00000000 x17:0x00000000 x20=0x00000000
      31775.000 ns	      3176	80000cc0	203e8fd3	fsgnj.s	f31,f29,f3	 f29:0x80000000  f3:0x00000000 f31=0x00000000
      32145.000 ns	      3213	80000cc4	03d3e3b3	rem	x7,x7,x29	  x7:0x00000400 x29:0x00000080  x7=0x00000000
      32175.000 ns	      3216	80000cc8	21558653	fsgnj.s	f12,f11,f21	 f11:0x00000000 f21:0x1f350536 f12=0x00000000
      32205.000 ns	      3219	80000ccc	f00e0ad3	fmv.w.x	f21,x28	 x28:0xe4000000 f21=0xe4000000
      32225.000 ns	      3221	80000cd0	019d1113	slli	x2,x26,0x19	 x26:0x80041024  x2=0x48000000
      32235.000 ns	      3222	80000cd4	d04c6213	ori	x4,x24,-764	 x24:0x80040fe4  x4=0xffffffe4
      32255.000 ns	      3224	80000cd8	031db6b3	mulhu	x13,x27,x17	 x27:0x80040fe4 x17:0x00000000 x13=0x00000000
      32275.000 ns	      3226	80000cdc	0138f233	and	x4,x17,x19	 x17:0x00000000 x19:0xaa521000  x4=0x00000000
      32285.000 ns	      3227	80000ce0	41333113	sltiu	x2,x6,1043	  x6:0x00000001  x2=0x00000001
      32295.000 ns	      3228	80000ce4	0150a5b3	slt	x11,x1,x21	  x1:0xe6b90000 x21:0x00000005 x11=0x00000001
      32305.000 ns	      3229	80000ce8	0176d333	srl	x6,x13,x23	 x13:0x00000000 x23:0x355ce658  x6=0x00000000
      32325.000 ns	      3231	80000cec	d01bf5d3	fcvt.s.wu	f11,x23	 x23:0x355ce658 f11=0x4e557399
      32355.000 ns	      3234	80000cf0	a0aa0ed3	fle.s	x29,f20,f10	 f20:0x00000000 f10:0x7fc00000 x29=0x00000000
      32385.000 ns	      3237	80000cf4	f00b0ad3	fmv.w.x	f21,x22	 x22:0x00000000 f21=0x00000000
      32415.000 ns	      3240	80000cf8	29f58ad3	fmin.s	f21,f11,f31	 f11:0x4e557399 f31:0x00000000 f21=0x00000000
      32435.000 ns	      3242	80000cfc	01573d33	sltu	x26,x14,x21	 x14:0x000bda10 x21:0x00000005 x26=0x00000000
      32445.000 ns	      3243	80000d00	4129de93	srai	x29,x19,0x12	 x19:0xaa521000 x29=0xffffea94
      32465.000 ns	      3245	80000d04	d00a9253	fcvt.s.w	f4,x21	 x21:0x00000005  f4=0x40a00000
      32495.000 ns	      3248	80000d08	03a969b3	rem	x19,x18,x26	 x18:0x00000000 x26:0x00000000 x19=0x00000000
      32525.000 ns	      3251	80000d0c	d0037953	fcvt.s.w	f18,x6	  x6:0x00000000 f18=0x00000000
      32545.000 ns	      3253	80000d10	7c98f193	andi	x3,x17,1993	 x17:0x00000000  x3=0x00000000
      32555.000 ns	      3254	80000d14	005b9b13	slli	x22,x23,0x5	 x23:0x355ce658 x22=0xab9ccb00
      32915.000 ns	      3290	80000d18	0211d533	divu	x10,x3,x1	  x3:0x00000000  x1:0xe6b90000 x10=0x00000000
      32945.000 ns	      3293	80000d1c	e0048153	fmv.x.w	x2,f9	  f9:0x80097a00  x2=0x80097a00
      32965.000 ns	      3295	80000d20	015c1f13	slli	x30,x24,0x15	 x24:0x80040fe4 x30=0xfc800000
      32975.000 ns	      3296	80000d24	41fc5593	srai	x11,x24,0x1f	 x24:0x80040fe4 x11=0xffffffff
      32995.000 ns	      3298	80000d28	20bd9053	fsgnjn.s	f0,f27,f11	 f27:0x80000000 f11:0x4e557399  f0=0x80000000
      33365.000 ns	      3335	80000d2c	03d3cdb3	div	x27,x7,x29	  x7:0x00000000 x29:0xffffea94 x27=0x00000000
      33395.000 ns	      3338	80000d30	02878d33	mul	x26,x15,x8	 x15:0x00000000  x8:0x00000040 x26=0x00000000
      33415.000 ns	      3340	80000d34	0034d713	srli	x14,x9,0x3	  x9:0x80041024 x14=0x10008204
      33435.000 ns	      3342	80000d38	28a50853	fmin.s	f16,f10,f10	 f10:0x7fc00000 f10:0x7fc00000 f16=0x7fc00000
      33455.000 ns	      3344	80000d3c	00a11d93	slli	x27,x2,0xa	  x2:0x80097a00 x27=0x25e80000
      33475.000 ns	      3346	80000d40	d0049053	fcvt.s.w	f0,x9	  x9:0x80041024  f0=0xcefff7df
      33505.000 ns	      3349	80000d44	2032af53	fsgnjx.s	f30,f5,f3	  f5:0xff800000  f3:0x00000000 f30=0xff800000
      33525.000 ns	      3351	80000d48	ac03cf13	xori	x30,x7,-1344	  x7:0x00000000 x30=0xfffffac0
      33535.000 ns	      3352	80000d4c	01fe1b93	slli	x23,x28,0x1f	 x28:0xe4000000 x23=0x00000000
      33545.000 ns	      3353	80000d50	2bd9e293	ori	x5,x19,701	 x19:0x00000000  x5=0x000002bd
      34715.000 ns	      3470	80000d54	580d12d3	fsqrt.s	f5,f26	 f26:0x42800000  f5=0x40ffffae
      34755.000 ns	      3474	80000d58	181a79d3	fdiv.s	f19,f20,f1	 f20:0x00000000  f1:0x1f350536 f19=0x00000000
      34775.000 ns	      3476	80000d5c	00000013	addi	x0,x0,0	  x0:0x00000000
      34785.000 ns	      3477	80000d60	0126d913	srli	x18,x13,0x12	 x13:0x00000000 x18=0x00000000
      34795.000 ns	      3478	80000d64	00829113	slli	x2,x5,0x8	  x5:0x000002bd  x2=0x0002bd00
      34815.000 ns	      3480	80000d68	c016f9d3	fcvt.wu.s	x19,f13	 f13:0xaa521000 x19=0x00000000
      34845.000 ns	      3483	80000d6c	c00afa53	fcvt.w.s	x20,f21	 f21:0x00000000 x20=0x00000000
      34865.000 ns	      3485	80000d70	01531b93	slli	x23,x6,0x15	  x6:0x00000000 x23=0x00000000
      34905.000 ns	      3489	80000d74	08c3a753	fsub.s	f14,f7,f12	  f7:0xfffffc31 f12:0x00000000 f14=0x7fc00000
      34925.000 ns	      3491	80000d78	84542b13	slti	x22,x8,-1979	  x8:0x00000040 x22=0x00000000
      34935.000 ns	      3492	80000d7c	88263b13	sltiu	x22,x12,-1918	 x12:0x00000000 x22=0x00000001
      34945.000 ns	      3493	80000d80	007ca933	slt	x18,x25,x7	 x25:0x00000000  x7:0x00000000 x18=0x00000000
      34965.000 ns	      3495	80000d84	e0090ed3	fmv.x.w	x29,f18	 f18:0x00000000 x29=0x00000000
      34985.000 ns	      3497	80000d88	34627913	andi	x18,x4,838	  x4:0x00000000 x18=0x00000000
      34995.000 ns	      3498	80000d8c	017536b3	sltu	x13,x10,x23	 x10:0x00000000 x23:0x00000000 x13=0x00000000
      35005.000 ns	      3499	80000d90	bfdc4693	xori	x13,x24,-1027	 x24:0x80040fe4 x13=0x7ffbf419
      35045.000 ns	      3503	80000d94	081c0cd3	fsub.s	f25,f24,f1	 f24:0x3f800000  f1:0x1f350536 f25=0x3f800000
      35075.000 ns	      3506	80000d98	29619353	fmax.s	f6,f3,f22	  f3:0x00000000 f22:0xff800000  f6=0x00000000
      35105.000 ns	      3509	80000d9c	030a9e33	mulh	x28,x21,x16	 x21:0x00000005 x16:0x000005e8 x28=0x00000000
      35135.000 ns	      3512	80000da0	21679353	fsgnjn.s	f6,f15,f22	 f15:0x00000001 f22:0xff800000  f6=0x00000001
      35155.000 ns	      3514	80000da4	01015613	srli	x12,x2,0x10	  x2:0x0002bd00 x12=0x00000002
      35165.000 ns	      3515	80000da8	014b73b3	and	x7,x22,x20	 x22:0x00000001 x20:0x00000000  x7=0x00000000
      35185.000 ns	      3517	80000dac	02723233	mulhu	x4,x4,x7	  x4:0x00000000  x7:0x00000000  x4=0x00000000
      35205.000 ns	      3519	80000db0	017443b3	xor	x7,x8,x23	  x8:0x00000040 x23:0x00000000  x7=0x00000040
      35215.000 ns	      3520	80000db4	b2acf993	andi	x19,x25,-1238	 x25:0x00000000 x19=0x00000000
      35225.000 ns	      3521	80000db8	010576b3	and	x13,x10,x16	 x10:0x00000000 x16:0x000005e8 x13=0x00000000
      35235.000 ns	      3522	80000dbc	010bb533	sltu	x10,x23,x16	 x23:0x00000000 x16:0x000005e8 x10=0x00000001
      35245.000 ns	      3523	80000dc0	408cd7b3	sra	x15,x25,x8	 x25:0x00000000  x8:0x00000040 x15=0x00000000
      35255.000 ns	      3524	80000dc4	0194d293	srli	x5,x9,0x19	  x9:0x80041024  x5=0x00000040
      35265.000 ns	      3525	80000dc8	01059b13	slli	x22,x11,0x10	 x11:0xffffffff x22=0xffff0000
      35275.000 ns	      3526	80000dcc	412d5b33	sra	x22,x26,x18	 x26:0x00000000 x18:0x00000000 x22=0x00000000
      35285.000 ns	      3527	80000dd0	2f6a0813	addi	x16,x20,758	 x20:0x00000000 x16=0x000002f6
      35295.000 ns	      3528	80000dd4	0012e7b3	or	x15,x5,x1	  x5:0x00000040  x1:0xe6b90000 x15=0xe6b90040
      35315.000 ns	      3530	80000dd8	03c85ab3	divu	x21,x16,x28	 x16:0x000005e8 x28:0x00000000 x21=0xffffffff
      35335.000 ns	      3532	80000ddc	001932b3	sltu	x5,x18,x1	 x18:0x00000000  x1:0xe6b90000  x5=0x00000001
      35345.000 ns	      3533	80000de0	00000013	addi	x0,x0,0	  x0:0x00000000
      35355.000 ns	      3534	80000de4	908e7717	auipc	x14,0x908e7	 x14=0x108e7de4
      35715.000 ns	      3570	80000de8	027d4633	div	x12,x26,x7	 x26:0x00000000  x7:0x00000040 x12=0x00000000
      35745.000 ns	      3573	80000dec	0380b533	mulhu	x10,x1,x24	  x1:0xe6b90000 x24:0x80040fe4 x10=0x73602936
      35765.000 ns	      3575	80000df0	ab04c717	auipc	x14,0xab04c	 x14=0x2b04cdf0
      35785.000 ns	      3577	80000df4	a1639253	flt.s	x4,f7,f22	  f7:0xfffffc31 f22:0xff800000  x4=0x00000000
      35815.000 ns	      3580	80000df8	c0018ad3	fcvt.w.s	x21,f3	  f3:0x00000000 x21=0x00000000
      35865.000 ns	      3585	80000dfc	097ff853	fsub.s	f16,f31,f23	 f31:0x00000000 f23:0x00000000 f16=0x80000000
      35915.000 ns	      3590	80000e00	0909f653	fsub.s	f12,f19,f16	 f19:0x00000000 f16:0x7fc00000 f12=0x00000000
      35945.000 ns	      3593	80000e04	020b9b33	mulh	x22,x23,x0	 x23:0x00000000  x0:0x00000000 x22=0x00000000
      35975.000 ns	      3596	80000e08	02cee133	rem	x2,x29,x12	 x29:0x00000000 x12:0x00000000  x2=0x00000000
      35995.000 ns	      3598	80000e0c	38b60597	auipc	x11,0x38b60	 x11=0xb8b60e0c
      36025.000 ns	      3601	80000e10	10eb71d3	fmul.s	f3,f22,f14	 f22:0xff800000 f14:0x7fc00000  f3=0x7fc00000
      36045.000 ns	      3603	80000e14	008cdf33	srl	x30,x25,x8	 x25:0x00000000  x8:0x00000040 x30=0x00000000
      36055.000 ns	      3604	80000e18	a4bf8e37	lui	x28,0xa4bf8	 x28=0xa4bf8000
      36065.000 ns	      3605	80000e1c	0318b993	sltiu	x19,x17,49	 x17:0x00000000 x19=0x00000001
      36075.000 ns	      3606	80000e20	d59d4597	auipc	x11,0xd59d4	 x11=0x559d4e20
      36085.000 ns	      3607	80000e24	01859a93	slli	x21,x11,0x18	 x11:0xb8b60e0c x21=0x20000000
      36445.000 ns	      3643	80000e28	03b7f8b3	remu	x17,x15,x27	 x15:0xe6b90040 x27:0x25e80000 x17=0x03490040
      36485.000 ns	      3647	80000e2c	116902d3	fmul.s	f5,f18,f22	 f18:0x00000000 f22:0xff800000  f5=0x7fc00000
      36515.000 ns	      3650	80000e30	28de04d3	fmin.s	f9,f28,f13	 f28:0x80000000 f13:0xaa521000  f9=0xaa521000
      36545.000 ns	      3653	80000e34	031d30b3	mulhu	x1,x26,x17	 x26:0x00000000 x17:0x03490040  x1=0x00000000
      36565.000 ns	      3655	80000e38	01089d93	slli	x27,x17,0x10	 x17:0x03490040 x27=0x00400000
      36575.000 ns	      3656	80000e3c	00e54933	xor	x18,x10,x14	 x10:0x73602936 x14:0x2b04cdf0 x18=0x5864e4c6
      36615.000 ns	      3660	80000e40	09a7f853	fsub.s	f16,f15,f26	 f15:0x00000001 f26:0x42800000 f16=0xc2800000
      36645.000 ns	      3663	80000e44	03e40433	mul	x8,x8,x30	  x8:0x00000040 x30:0x00000000  x8=0x00000000
      36665.000 ns	      3665	80000e48	007880b3	add	x1,x17,x7	 x17:0x03490040  x7:0x00000040  x1=0x03490080
      36675.000 ns	      3666	80000e4c	00cedeb3	srl	x29,x29,x12	 x29:0x00000000 x12:0x00000000 x29=0x00000000
      36695.000 ns	      3668	80000e50	d01f2253	fcvt.s.wu	f4,x30	 x30:0x00000000  f4=0x00000000
      36715.000 ns	      3670	80000e54	bfb3d7b7	lui	x15,0xbfb3d	 x15=0xbfb3d000
      36735.000 ns	      3672	80000e58	e00813d3	fclass.s	x7,f16	 f16:0xc2800000  x7=0x00000002
      36755.000 ns	      3674	80000e5c	3394a613	slti	x12,x9,825	  x9:0x80041024 x12=0x00000001
      36765.000 ns	      3675	80000e60	cc3cbb97	auipc	x23,0xcc3cb	 x23=0x4c3cbe60
      36775.000 ns	      3676	80000e64	01392733	slt	x14,x18,x19	 x18:0x5864e4c6 x19:0x00000001 x14=0x00000000
      36785.000 ns	      3677	80000e68	416781b3	sub	x3,x15,x22	 x15:0xbfb3d000 x22:0x00000000  x3=0xbfb3d000
      36795.000 ns	      3678	80000e6c	418e0db3	sub	x27,x28,x24	 x28:0xa4bf8000 x24:0x80040fe4 x27=0x24bb701c
      36815.000 ns	      3680	80000e70	f00c0dd3	fmv.w.x	f27,x24	 x24:0x80040fe4 f27=0x80040fe4
      36845.000 ns	      3683	80000e74	c004a053	fcvt.w.s	x0,f9	  f9:0xaa521000
      36865.000 ns	      3685	80000e78	019e1433	sll	x8,x28,x25	 x28:0xa4bf8000 x25:0x00000000  x8=0xa4bf8000
      36875.000 ns	      3686	80000e7c	e88a3a93	sltiu	x21,x20,-376	 x20:0x00000000 x21=0x00000001
      36895.000 ns	      3688	80000e80	20ef9e53	fsgnjn.s	f28,f31,f14	 f31:0x00000000 f14:0x7fc00000 f28=0x80000000
      36925.000 ns	      3691	80000e84	a01683d3	fle.s	x7,f13,f1	 f13:0xaa521000  f1:0x1f350536  x7=0x00000001
      36965.000 ns	      3695	80000e88	18ea7653	fdiv.s	f12,f20,f14	 f20:0x00000000 f14:0x7fc00000 f12=0x7fc00000
      37335.000 ns	      3732	80000e8c	02a2eeb3	rem	x29,x5,x10	  x5:0x00000001 x10:0x73602936 x29=0x00000001
      37355.000 ns	      3734	80000e90	411e03b3	sub	x7,x28,x17	 x28:0xa4bf8000 x17:0x03490040  x7=0xa1767fc0
      37365.000 ns	      3735	80000e94	4156da13	srai	x20,x13,0x15	 x13:0x00000000 x20=0x00000000
      37375.000 ns	      3736	80000e98	01b9c6b3	xor	x13,x19,x27	 x19:0x00000001 x27:0x24bb701c x13=0x24bb701d
      37385.000 ns	      3737	80000e9c	01f47933	and	x18,x8,x31	  x8:0xa4bf8000 x31:0x00000000 x18=0x00000000
      37415.000 ns	      3740	80000ea0	11a828d3	fmul.s	f17,f16,f26	 f16:0xc2800000 f26:0x42800000 f17=0xc5800000
      37435.000 ns	      3742	80000ea4	62594293	xori	x5,x18,1573	 x18:0x5864e4c6  x5=0x00000625
      37455.000 ns	      3744	80000ea8	03a28333	mul	x6,x5,x26	  x5:0x00000001 x26:0x00000000  x6=0x00000000
      37485.000 ns	      3747	80000eac	d0187ad3	fcvt.s.wu	f21,x16	 x16:0x000002f6 f21=0x443d8000
      37505.000 ns	      3749	80000eb0	00000013	addi	x0,x0,0	  x0:0x00000000
      37515.000 ns	      3750	80000eb4	b0f87793	andi	x15,x16,-1265	 x16:0x000002f6 x15=0x00000206
      37525.000 ns	      3751	80000eb8	013b2fb3	slt	x31,x22,x19	 x22:0x00000000 x19:0x00000001 x31=0x00000001
      37535.000 ns	      3752	80000ebc	01c46533	or	x10,x8,x28	  x8:0xa4bf8000 x28:0xa4bf8000 x10=0xa4bf8000
      37565.000 ns	      3755	80000ec0	10d8ffd3	fmul.s	f31,f17,f13	 f17:0xc5800000 f13:0xaa521000 f31=0x30521000
      37605.000 ns	      3759	80000ec4	111cca53	fmul.s	f20,f25,f17	 f25:0x3f800000 f17:0xc5800000 f20=0xc5800000
      37625.000 ns	      3761	80000ec8	019ce1b3	or	x3,x25,x25	 x25:0x00000000 x25:0x00000000  x3=0x00000000
      37655.000 ns	      3764	80000ecc	1962cf53	fdiv.s	f30,f5,f22	  f5:0x7fc00000 f22:0xff800000 f30=0x7fc00000
      37685.000 ns	      3767	80000ed0	d0080653	fcvt.s.w	f12,x16	 x16:0x000002f6 f12=0x443d8000
      37715.000 ns	      3770	80000ed4	a0e08f53	fle.s	x30,f1,f14	  f1:0x1f350536 f14:0x7fc00000 x30=0x00000000
      37735.000 ns	      3772	80000ed8	c39a0393	addi	x7,x20,-967	 x20:0x00000000  x7=0xfffffc39
      37755.000 ns	      3774	80000edc	a04b8253	fle.s	x4,f23,f4	 f23:0x00000000  f4:0x00000000  x4=0x00000001
      37775.000 ns	      3776	80000ee0	00b1e0b3	or	x1,x3,x11	  x3:0x00000000 x11:0x559d4e20  x1=0x559d4e20
      37795.000 ns	      3778	80000ee4	02ed2333	mulhsu	x6,x26,x14	 x26:0x00000000 x14:0x00000000  x6=0x00000000
      37825.000 ns	      3781	80000ee8	c0101a53	fcvt.wu.s	x20,f0	  f0:0xcefff7df x20=0x7ffbef80
      37855.000 ns	      3784	80000eec	20571853	fsgnjn.s	f16,f14,f5	 f14:0x7fc00000  f5:0x7fc00000 f16=0xffc00000
      37875.000 ns	      3786	80000ef0	05577293	andi	x5,x14,85	 x14:0x00000000  x5=0x00000000
      37895.000 ns	      3788	80000ef4	03e49e33	mulh	x28,x9,x30	  x9:0x80041024 x30:0x00000000 x28=0x00000000
      37925.000 ns	      3791	80000ef8	20bd89d3	fsgnj.s	f19,f27,f11	 f27:0x80040fe4 f11:0x4e557399 f19=0x00040fe4
      38295.000 ns	      3828	80000efc	02a5f1b3	remu	x3,x11,x10	 x11:0x559d4e20 x10:0xa4bf8000  x3=0x559d4e20
      38315.000 ns	      3830	80000f00	014151b3	srl	x3,x2,x20	  x2:0x00000000 x20:0x7ffbef80  x3=0x00000000
      38335.000 ns	      3832	80000f04	20b10053	fsgnj.s	f0,f2,f11	  f2:0x00000000 f11:0x4e557399  f0=0x00000000
      38365.000 ns	      3835	80000f08	e0060ad3	fmv.x.w	x21,f12	 f12:0x443d8000 x21=0x443d8000
      38395.000 ns	      3838	80000f0c	028602b3	mul	x5,x12,x8	 x12:0x00000001  x8:0xa4bf8000  x5=0xa4bf8000
      38425.000 ns	      3841	80000f10	a1bd0fd3	fle.s	x31,f26,f27	 f26:0x42800000 f27:0x80040fe4 x31=0x00000000
      38445.000 ns	      3843	80000f14	01b4a1b3	slt	x3,x9,x27	  x9:0x80041024 x27:0x24bb701c  x3=0x00000001
      38465.000 ns	      3845	80000f18	a10e87d3	fle.s	x15,f29,f16	 f29:0x80000000 f16:0xffc00000 x15=0x00000000
      38495.000 ns	      3848	80000f1c	a0b58653	fle.s	x12,f11,f11	 f11:0x4e557399 f11:0x4e557399 x12=0x00000001
      38525.000 ns	      3851	80000f20	295709d3	fmin.s	f19,f14,f21	 f14:0x7fc00000 f21:0x443d8000 f19=0x443d8000
      38555.000 ns	      3854	80000f24	d017fa53	fcvt.s.wu	f20,x15	 x15:0x00000000 f20=0x00000000
      38585.000 ns	      3857	80000f28	a0dd0553	fle.s	x10,f26,f13	 f26:0x42800000 f13:0xaa521000 x10=0x00000000
      38605.000 ns	      3859	80000f2c	54e8ab13	slti	x22,x17,1358	 x17:0x03490040 x22=0x00000000
      38615.000 ns	      3860	80000f30	99bf8793	addi	x15,x31,-1637	 x31:0x00000000 x15=0xfffff99b
      38625.000 ns	      3861	80000f34	41918fb3	sub	x31,x3,x25	  x3:0x00000001 x25:0x00000000 x31=0x00000001
      38645.000 ns	      3863	80000f38	20282ed3	fsgnjx.s	f29,f16,f2	 f16:0xffc00000  f2:0x00000000 f29=0xffc00000
      38675.000 ns	      3866	80000f3c	026532b3	mulhu	x5,x10,x6	 x10:0x00000000  x6:0x00000000  x5=0x00000000
      38695.000 ns	      3868	80000f40	000f17b3	sll	x15,x30,x0	 x30:0x00000000  x0:0x00000000 x15=0x00000000
      38705.000 ns	      3869	80000f44	0174de93	srli	x29,x9,0x17	  x9:0x80041024 x29=0x00000100
      38725.000 ns	      3871	80000f48	29471bd3	fmax.s	f23,f14,f20	 f14:0x7fc00000 f20:0x00000000 f23=0x00000000
      38755.000 ns	      3874	80000f4c	a1181353	flt.s	x6,f16,f17	 f16:0xffc00000 f17:0xc5800000  x6=0x00000000
      38775.000 ns	      3876	80000f50	00000013	addi	x0,x0,0	  x0:0x00000000
      38785.000 ns	      3877	80000f54	0193ddb3	srl	x27,x7,x25	  x7:0xfffffc39 x25:0x00000000 x27=0xfffffc39
      38805.000 ns	      3879	80000f58	028b28b3	mulhsu	x17,x22,x8	 x22:0x00000000  x8:0xa4bf8000 x17=0x00000000
      38825.000 ns	      3881	80000f5c	011973b3	and	x7,x18,x17	 x18:0x00000000 x17:0x03490040  x7=0x00000000
      38835.000 ns	      3882	80000f60	9b8aa213	slti	x4,x21,-1608	 x21:0x443d8000  x4=0x00000000
      38855.000 ns	      3884	80000f64	283f92d3	fmax.s	f5,f31,f3	 f31:0x30521000  f3:0x7fc00000  f5=0x30521000
      38875.000 ns	      3886	80000f68	001db2b3	sltu	x5,x27,x1	 x27:0xfffffc39  x1:0x559d4e20  x5=0x00000000
      39205.000 ns	      3919	80000f6c	18d5fd53	fdiv.s	f26,f11,f13	 f11:0x4e557399 f13:0xaa521000 f26=0xe396abf5
      39235.000 ns	      3922	80000f70	02e839b3	mulhu	x19,x16,x14	 x16:0x000002f6 x14:0x00000000 x19=0x00000000
      39255.000 ns	      3924	80000f74	00e415b3	sll	x11,x8,x14	  x8:0xa4bf8000 x14:0x00000000 x11=0xa4bf8000
      39265.000 ns	      3925	80000f78	7bca3d37	lui	x26,0x7bca3	 x26=0x7bca3000
      39275.000 ns	      3926	80000f7c	730ab297	auipc	x5,0x730ab	  x5=0xf30abf7c
      39295.000 ns	      3928	80000f80	c0022ad3	fcvt.w.s	x21,f4	  f4:0x00000000 x21=0x00000000
      39325.000 ns	      3931	80000f84	e0019553	fclass.s	x10,f3	  f3:0x7fc00000 x10=0x00000200
      39355.000 ns	      3934	80000f88	022e78b3	remu	x17,x28,x2	 x28:0x00000000  x2:0x00000000 x17=0x00000000
      39385.000 ns	      3937	80000f8c	0335dd33	divu	x26,x11,x19	 x11:0xa4bf8000 x19:0x00000000 x26=0xffffffff
      39405.000 ns	      3939	80000f90	4079d733	sra	x14,x19,x7	 x19:0x00000000  x7:0x00000000 x14=0x00000000
      39415.000 ns	      3940	80000f94	01e6b733	sltu	x14,x13,x30	 x13:0x24bb701d x30:0x00000000 x14=0x00000000
      39425.000 ns	      3941	80000f98	40615793	srai	x15,x2,0x6	  x2:0x00000000 x15=0x00000000
      39445.000 ns	      3943	80000f9c	c01475d3	fcvt.wu.s	x11,f8	  f8:0x00000000 x11=0x00000000
      39475.000 ns	      3946	80000fa0	a0ad89d3	fle.s	x19,f27,f10	 f27:0x80040fe4 f10:0x7fc00000 x19=0x00000000
      39515.000 ns	      3950	80000fa4	580975d3	fsqrt.s	f11,f18	 f18:0x00000000 f11=0x00000000
      39535.000 ns	      3952	80000fa8	4162df13	srai	x30,x5,0x16	  x5:0xf30abf7c x30=0xffffffcc
      39545.000 ns	      3953	80000fac	00727633	and	x12,x4,x7	  x4:0x00000000  x7:0x00000000 x12=0x00000000
      39565.000 ns	      3955	80000fb0	e0029453	fclass.s	x8,f5	  f5:0x30521000  x8=0x00000040
      39585.000 ns	      3957	80000fb4	011769b3	or	x19,x14,x17	 x14:0x00000000 x17:0x00000000 x19=0x00000000
      39605.000 ns	      3959	80000fb8	a037a6d3	feq.s	x13,f15,f3	 f15:0x00000001  f3:0x7fc00000 x13=0x00000000
      39625.000 ns	      3961	80000fbc	41cad8b3	sra	x17,x21,x28	 x21:0x00000000 x28:0x00000000 x17=0x00000000
      39635.000 ns	      3962	80000fc0	01916033	or	x0,x2,x25	  x2:0x00000000 x25:0x00000000
      39645.000 ns	      3963	80000fc4	6d9ee093	ori	x1,x29,1753	 x29:0x00000100  x1=0x000007d9
      39655.000 ns	      3964	80000fc8	018461b3	or	x3,x8,x24	  x8:0x00000040 x24:0x80040fe4  x3=0x80040fe4
      39675.000 ns	      3966	80000fcc	0265b833	mulhu	x16,x11,x6	 x11:0x00000000  x6:0x00000000 x16=0x00000000
      39705.000 ns	      3969	80000fd0	c018fe53	fcvt.wu.s	x28,f17	 f17:0xc5800000 x28=0x00001000
      39725.000 ns	      3971	80000fd4	8875ab93	slti	x23,x11,-1913	 x11:0x00000000 x23=0x00000000
      39745.000 ns	      3973	80000fd8	e00296d3	fclass.s	x13,f5	  f5:0x30521000 x13=0x00000040
      39765.000 ns	      3975	80000fdc	4113db93	srai	x23,x7,0x11	  x7:0x00000000 x23=0x00000000
      39785.000 ns	      3977	80000fe0	d01829d3	fcvt.s.wu	f19,x16	 x16:0x00000000 f19=0x00000000
      39815.000 ns	      3980	80000fe4	d0087bd3	fcvt.s.w	f23,x16	 x16:0x00000000 f23=0x00000000
      39835.000 ns	      3982	80000fe8	003d9613	slli	x12,x27,0x3	 x27:0xfffffc39 x12=0xffffe1c8
      39845.000 ns	      3983	80000fec	6a55cd37	lui	x26,0x6a55c	 x26=0x6a55c000
      39865.000 ns	      3985	80000ff0	c00772d3	fcvt.w.s	x5,f14	 f14:0x7fc00000  x5=0x7fffffff
      39895.000 ns	      3988	80000ff4	a028aad3	feq.s	x21,f17,f2	 f17:0xc5800000  f2:0x00000000 x21=0x00000000
      39915.000 ns	      3990	80000ff8	001f00b3	add	x1,x30,x1	 x30:0xffffffcc  x1:0x000007d9  x1=0x000007a5
      40275.000 ns	      4026	80000ffc	023bc5b3	div	x11,x23,x3	 x23:0x00000000  x3:0x80040fe4 x11=0x00000000
      40645.000 ns	      4063	80001000	02194933	div	x18,x18,x1	 x18:0x00000000  x1:0x000007d9 x18=0x00000000
      40675.000 ns	      4066	80001004	0204fdb3	remu	x27,x9,x0	  x9:0x80041024  x0:0x00000000 x27=0x80041024
      40695.000 ns	      4068	80001008	01d483b3	add	x7,x9,x29	  x9:0x80041024 x29:0x00000100  x7=0x80041124
      40705.000 ns	      4069	8000100c	011d5233	srl	x4,x26,x17	 x26:0x6a55c000 x17:0x00000000  x4=0x6a55c000
      40725.000 ns	      4071	80001010	d00cf753	fcvt.s.w	f14,x25	 x25:0x00000000 f14=0x00000000
      40755.000 ns	      4074	80001014	29ff1c53	fmax.s	f24,f30,f31	 f30:0x7fc00000 f31:0x30521000 f24=0x30521000
      40775.000 ns	      4076	80001018	01aeda13	srli	x20,x29,0x1a	 x29:0x00000100 x20=0x00000000
      40795.000 ns	      4078	8000101c	e00a9ed3	fclass.s	x29,f21	 f21:0x443d8000 x29=0x00000040
      40815.000 ns	      4080	80001020	014ba533	slt	x10,x23,x20	 x23:0x00000000 x20:0x7ffbef80 x10=0x00000000
      40825.000 ns	      4081	80001024	012cdb13	srli	x22,x25,0x12	 x25:0x00000000 x22=0x00000000
      40835.000 ns	      4082	80001028	000258b3	srl	x17,x4,x0	  x4:0x6a55c000  x0:0x00000000 x17=0x6a55c000
      40845.000 ns	      4083	8000102c	3ad15a97	auipc	x21,0x3ad15	 x21=0xbad1602c
      40865.000 ns	      4085	80001030	f00388d3	fmv.w.x	f17,x7	  x7:0x80041124 f17=0x80041124
      40895.000 ns	      4088	80001034	29bf1e53	fmax.s	f28,f30,f27	 f30:0x7fc00000 f27:0x80040fe4 f28=0x80040fe4
      40925.000 ns	      4091	80001038	f00f83d3	fmv.w.x	f7,x31	 x31:0x00000001  f7=0x00000001
      40955.000 ns	      4094	8000103c	21afa853	fsgnjx.s	f16,f31,f26	 f31:0x30521000 f26:0xe396abf5 f16=0xb0521000
      40975.000 ns	      4096	80001040	350e3793	sltiu	x15,x28,848	 x28:0x00001000 x15=0x00000000
      40995.000 ns	      4098	80001044	c00b7453	fcvt.w.s	x8,f22	 f22:0xff800000  x8=0x80000000
      41025.000 ns	      4101	80001048	20dc83d3	fsgnj.s	f7,f25,f13	 f25:0x3f800000 f13:0xaa521000  f7=0xbf800000
      41045.000 ns	      4103	8000104c	01fe9313	slli	x6,x29,0x1f	 x29:0x00000040  x6=0x00000000
      41065.000 ns	      4105	80001050	02a85b33	divu	x22,x16,x10	 x16:0x00000000 x10:0x00000000 x22=0xffffffff
      41095.000 ns	      4108	80001054	29710453	fmin.s	f8,f2,f23	  f2:0x00000000 f23:0x00000000  f8=0x00000000
      41125.000 ns	      4111	80001058	a1cd1953	flt.s	x18,f26,f28	 f26:0xe396abf5 f28:0x80040fe4 x18=0x00000001
      41165.000 ns	      4115	8000105c	11f24e53	fmul.s	f28,f4,f31	  f4:0x00000000 f31:0x30521000 f28=0x00000000
      41185.000 ns	      4117	80001060	00855313	srli	x6,x10,0x8	 x10:0x00000000  x6=0x00000000
      41195.000 ns	      4118	80001064	c0304713	xori	x14,x0,-1021	  x0:0x00000000 x14=0xfffffc03
      41215.000 ns	      4120	80001068	0248b833	mulhu	x16,x17,x4	 x17:0x6a55c000  x4:0x6a55c000 x16=0x2c2b1fb9
      41235.000 ns	      4122	8000106c	c6b56d13	ori	x26,x10,-917	 x10:0x00000000 x26=0xfffffc6b
      41255.000 ns	      4124	80001070	029fbeb3	mulhu	x29,x31,x9	 x31:0x00000001  x9:0x80041024 x29=0x00000000
      41275.000 ns	      4126	80001074	00000013	addi	x0,x0,0	  x0:0x00000000
      41285.000 ns	      4127	80001078	0007f233	and	x4,x15,x0	 x15:0x00000000  x0:0x00000000  x4=0x00000000
      41305.000 ns	      4129	8000107c	f00a8c53	fmv.w.x	f24,x21	 x21:0xbad1602c f24=0xbad1602c
      41325.000 ns	      4131	80001080	e9a67813	andi	x16,x12,-358	 x12:0xffffe1c8 x16=0xffffe088
      41365.000 ns	      4135	80001084	099df8d3	fsub.s	f17,f27,f25	 f27:0x80040fe4 f25:0x3f800000 f17=0xbf800000
      41395.000 ns	      4138	80001088	20659353	fsgnjn.s	f6,f11,f6	 f11:0x00000000  f6:0x00000001  f6=0x80000000
      41425.000 ns	      4141	8000108c	02aa4b33	div	x22,x20,x10	 x20:0x00000000 x10:0x00000000 x22=0xffffffff
      41455.000 ns	      4144	80001090	c01138d3	fcvt.wu.s	x17,f2	  f2:0x00000000 x17=0x00000000
      41475.000 ns	      4146	80001094	012939b3	sltu	x19,x18,x18	 x18:0x00000001 x18:0x00000001 x19=0x00000000
      41495.000 ns	      4148	80001098	d0137553	fcvt.s.wu	f10,x6	  x6:0x00000000 f10=0x00000000
      41525.000 ns	      4151	8000109c	a01f2dd3	feq.s	x27,f30,f1	 f30:0x7fc00000  f1:0x1f350536 x27=0x00000000
      41555.000 ns	      4154	800010a0	e00e1ed3	fclass.s	x29,f28	 f28:0x00000000 x29=0x00000010
      41595.000 ns	      4158	800010a4	1807fbd3	fdiv.s	f23,f15,f0	 f15:0x00000001  f0:0x00000000 f23=0x7f800000
      41625.000 ns	      4161	800010a8	a1a1a1d3	feq.s	x3,f3,f26	  f3:0x7fc00000 f26:0xe396abf5  x3=0x00000000
      41655.000 ns	      4164	800010ac	a14028d3	feq.s	x17,f0,f20	  f0:0x00000000 f20:0x00000000 x17=0x00000001
      41675.000 ns	      4166	800010b0	4172dfb3	sra	x31,x5,x23	  x5:0x7fffffff x23:0x00000000 x31=0x7fffffff
      41685.000 ns	      4167	800010b4	75060e93	addi	x29,x12,1872	 x12:0xffffe1c8 x29=0xffffe918
      41695.000 ns	      4168	800010b8	01bebe33	sltu	x28,x29,x27	 x29:0x00000010 x27:0x00000000 x28=0x00000000
      41705.000 ns	      4169	800010bc	01132833	slt	x16,x6,x17	  x6:0x00000000 x17:0x00000001 x16=0x00000001
      41735.000 ns	      4172	800010c0	1052cad3	fmul.s	f21,f5,f5	  f5:0x30521000  f5:0x30521000 f21=0x212c5e41
      41765.000 ns	      4175	800010c4	c014a2d3	fcvt.wu.s	x5,f9	  f9:0xaa521000  x5=0x00000000
      41785.000 ns	      4177	800010c8	0057deb3	srl	x29,x15,x5	 x15:0x00000000  x5:0x7fffffff x29=0x00000000
      41795.000 ns	      4178	800010cc	00a830b3	sltu	x1,x16,x10	 x16:0x00000001 x10:0x00000000  x1=0x00000000
      41815.000 ns	      4180	800010d0	20b70a53	fsgnj.s	f20,f14,f11	 f14:0x00000000 f11:0x00000000 f20=0x00000000
      41845.000 ns	      4183	800010d4	025c1633	mulh	x12,x24,x5	 x24:0x80040fe4  x5:0x00000000 x12=0x00000000
      41875.000 ns	      4186	800010d8	f0090e53	fmv.w.x	f28,x18	 x18:0x00000001 f28=0x00000001
      41905.000 ns	      4189	800010dc	e0008053	fmv.x.w	x0,f1	  f1:0x1f350536
      41955.000 ns	      4194	800010e0	01fe9cd3	fadd.s	f25,f29,f31	 f29:0xffc00000 f31:0x30521000 f25=0x7fc00000
      41985.000 ns	      4197	800010e4	0371e9b3	rem	x19,x3,x23	  x3:0x00000000 x23:0x00000000 x19=0x00000000
      42015.000 ns	      4200	800010e8	e0039453	fclass.s	x8,f7	  f7:0xbf800000  x8=0x00000002
      42035.000 ns	      4202	800010ec	00000013	addi	x0,x0,0	  x0:0x00000000
      42045.000 ns	      4203	800010f0	01c07bb3	and	x23,x0,x28	  x0:0x00000000 x28:0x00000000 x23=0x00000000
      42075.000 ns	      4206	800010f4	5808fd53	fsqrt.s	f26,f17	 f17:0xbf800000 f26=0x7fc00000
      42095.000 ns	      4208	800010f8	000b9d33	sll	x26,x23,x0	 x23:0x00000000  x0:0x00000000 x26=0x00000000
      42105.000 ns	      4209	800010fc	01e1e6b3	or	x13,x3,x30	  x3:0x00000000 x30:0xffffffcc x13=0xffffffcc
      42125.000 ns	      4211	80001100	a1c51ad3	flt.s	x21,f10,f28	 f10:0x00000000 f28:0x00000001 x21=0x00000001
      42145.000 ns	      4213	80001104	01a661b3	or	x3,x12,x26	 x12:0x00000000 x26:0x00000000  x3=0x00000000
      42185.000 ns	      4217	80001108	01b82753	fadd.s	f14,f16,f27	 f16:0xb0521000 f27:0x80040fe4 f14=0xb0521000
      42205.000 ns	      4219	8000110c	0167d2b3	srl	x5,x15,x22	 x15:0x00000000 x22:0xffffffff  x5=0x00000000
      42215.000 ns	      4220	80001110	009241b3	xor	x3,x4,x9	  x4:0x00000000  x9:0x80041024  x3=0x80041024
      42235.000 ns	      4222	80001114	21e724d3	fsgnjx.s	f9,f14,f30	 f14:0xb0521000 f30:0x7fc00000  f9=0xb0521000
      42255.000 ns	      4224	80001118	dcd40f13	addi	x30,x8,-563	  x8:0x00000002 x30=0xfffffdcf
      42265.000 ns	      4225	8000111c	472db193	sltiu	x3,x27,1138	 x27:0x00000000  x3=0x00000001
      42275.000 ns	      4226	80001120	12020093	addi	x1,x4,288	  x4:0x00000000  x1=0x00000120
      42295.000 ns	      4228	80001124	027ab1b3	mulhu	x3,x21,x7	 x21:0x00000001  x7:0x80041124  x3=0x00000000
      42665.000 ns	      4265	80001128	0357c5b3	div	x11,x15,x21	 x15:0x00000000 x21:0x00000001 x11=0x00000000
      42695.000 ns	      4268	8000112c	a13493d3	flt.s	x7,f9,f19	  f9:0xb0521000 f19:0x00000000  x7=0x00000001
      42715.000 ns	      4270	80001130	0137d033	srl	x0,x15,x19	 x15:0x00000000 x19:0x00000000
      42755.000 ns	      4274	80001134	00257dd3	fadd.s	f27,f10,f2	 f10:0x00000000  f2:0x00000000 f27=0x00000000
      42775.000 ns	      4276	80001138	40525733	sra	x14,x4,x5	  x4:0x00000000  x5:0x00000000 x14=0x00000000
      42785.000 ns	      4277	8000113c	40fed133	sra	x2,x29,x15	 x29:0x00000000 x15:0x00000000  x2=0x00000000
      42795.000 ns	      4278	80001140	d0858593	addi	x11,x11,-760	 x11:0x00000000 x11=0xfffffd08
      42805.000 ns	      4279	80001144	00948233	add	x4,x9,x9	  x9:0x80041024  x9:0x80041024  x4=0x00082048
      42815.000 ns	      4280	80001148	e06ac713	xori	x14,x21,-506	 x21:0x00000001 x14=0xfffffe07
      42825.000 ns	      4281	8000114c	d2bb0a93	addi	x21,x22,-725	 x22:0xffffffff x21=0xfffffd2a
      42845.000 ns	      4283	80001150	f0000c53	fmv.w.x	f24,x0	  x0:0x00000000 f24=0x00000000
      42865.000 ns	      4285	80001154	4b860613	addi	x12,x12,1208	 x12:0x00000000 x12=0x000004b8
      42885.000 ns	      4287	80001158	e00306d3	fmv.x.w	x13,f6	  f6:0x80000000 x13=0x80000000
      42905.000 ns	      4289	8000115c	40870933	sub	x18,x14,x8	 x14:0xfffffe07  x8:0x00000002 x18=0xfffffe05
      42915.000 ns	      4290	80001160	449db093	sltiu	x1,x27,1097	 x27:0x00000000  x1=0x00000001
      42925.000 ns	      4291	80001164	0235e817	auipc	x16,0x235e	 x16=0x8235f164
      42945.000 ns	      4293	80001168	a189a7d3	feq.s	x15,f19,f24	 f19:0x00000000 f24:0x00000000 x15=0x00000001
      42975.000 ns	      4296	8000116c	0242b733	mulhu	x14,x5,x4	  x5:0x00000000  x4:0x00082048 x14=0x00000000
      43005.000 ns	      4299	80001170	a03f9ad3	flt.s	x21,f31,f3	 f31:0x30521000  f3:0x7fc00000 x21=0x00000000
      43035.000 ns	      4302	80001174	e00b18d3	fclass.s	x17,f22	 f22:0xff800000 x17=0x00000001
      43065.000 ns	      4305	80001178	d01bf353	fcvt.s.wu	f6,x23	 x23:0x00000000  f6=0x00000000
      43095.000 ns	      4308	8000117c	211b8f53	fsgnj.s	f30,f23,f17	 f23:0x7f800000 f17:0xbf800000 f30=0xff800000
      43125.000 ns	      4311	80001180	039c3a33	mulhu	x20,x24,x25	 x24:0x80040fe4 x25:0x00000000 x20=0x00000000
      43145.000 ns	      4313	80001184	00076433	or	x8,x14,x0	 x14:0x00000000  x0:0x00000000  x8=0x00000000
      43185.000 ns	      4317	80001188	08567153	fsub.s	f2,f12,f5	 f12:0x443d8000  f5:0x30521000  f2=0x443d7fff
      43215.000 ns	      4320	8000118c	02ee41b3	div	x3,x28,x14	 x28:0x00000000 x14:0x00000000  x3=0xffffffff
      43235.000 ns	      4322	80001190	f8202013	slti	x0,x0,-126	  x0:0x00000000
      43245.000 ns	      4323	80001194	26897d93	andi	x27,x18,616	 x18:0xfffffe05 x27=0x00000200
      43265.000 ns	      4325	80001198	020ad9b3	divu	x19,x21,x0	 x21:0x00000000  x0:0x00000000 x19=0xffffffff
      43285.000 ns	      4327	8000119c	145ea093	slti	x1,x29,325	 x29:0x00000000  x1=0x00000001
      43305.000 ns	      4329	800011a0	03ad4ab3	div	x21,x26,x26	 x26:0x00000000 x26:0x00000000 x21=0xffffffff
      44485.000 ns	      4447	800011a4	58014553	fsqrt.s	f10,f2	  f2:0x443d7fff f10=0x4185ff1a
      44525.000 ns	      4451	800011a8	580a76d3	fsqrt.s	f13,f20	 f20:0x00000000 f13=0x00000000
      44545.000 ns	      4453	800011ac	40498533	sub	x10,x19,x4	 x19:0xffffffff  x4:0x00082048 x10=0xfff7dfb7
      44565.000 ns	      4455	800011b0	288985d3	fmin.s	f11,f19,f8	 f19:0x00000000  f8:0x00000000 f11=0x00000000
      44595.000 ns	      4458	800011b4	03118e33	mul	x28,x3,x17	  x3:0xffffffff x17:0x00000001 x28=0xffffffff
      44615.000 ns	      4460	800011b8	40d85593	srai	x11,x16,0xd	 x16:0x8235f164 x11=0xfffc11af
      44635.000 ns	      4462	800011bc	200d9a53	fsgnjn.s	f20,f27,f0	 f27:0x00000000  f0:0x00000000 f20=0x80000000
      44665.000 ns	      4465	800011c0	03718433	mul	x8,x3,x23	  x3:0xffffffff x23:0x00000000  x8=0x00000000
      44685.000 ns	      4467	800011c4	4085da13	srai	x20,x11,0x8	 x11:0xfffc11af x20=0xfffffc11
      44705.000 ns	      4469	800011c8	a00413d3	flt.s	x7,f8,f0	  f8:0x00000000  f0:0x00000000  x7=0x00000000
      44725.000 ns	      4471	800011cc	41d9d7b3	sra	x15,x19,x29	 x19:0xffffffff x29:0x00000000 x15=0xffffffff
      44765.000 ns	      4475	800011d0	0093a8d3	fadd.s	f17,f7,f9	  f7:0xbf800000  f9:0xb0521000 f17=0xbf800001
      44795.000 ns	      4478	800011d4	f00c0653	fmv.w.x	f12,x24	 x24:0x80040fe4 f12=0x80040fe4
      44825.000 ns	      4481	800011d8	0236c933	div	x18,x13,x3	 x13:0x80000000  x3:0xffffffff x18=0x80000000
      44855.000 ns	      4484	800011dc	038835b3	mulhu	x11,x16,x24	 x16:0x8235f164 x24:0x80040fe4 x11=0x411d099e
      44895.000 ns	      4488	800011e0	10c9b1d3	fmul.s	f3,f19,f12	 f19:0x00000000 f12:0x80040fe4  f3=0x80000000
      44915.000 ns	      4490	800011e4	0197fdb3	and	x27,x15,x25	 x15:0xffffffff x25:0x00000000 x27=0x00000000
      44935.000 ns	      4492	800011e8	02bb8a33	mul	x20,x23,x11	 x23:0x00000000 x11:0x411d099e x20=0x00000000
      44965.000 ns	      4495	800011ec	21e72ad3	fsgnjx.s	f21,f14,f30	 f14:0xb0521000 f30:0xff800000 f21=0x30521000
      44985.000 ns	      4497	800011f0	d30f6eb7	lui	x29,0xd30f6	 x29=0xd30f6000
      45005.000 ns	      4499	800011f4	28c69953	fmax.s	f18,f13,f12	 f13:0x00000000 f12:0x80040fe4 f18=0x00000000
      45045.000 ns	      4503	800011f8	11ee7ed3	fmul.s	f29,f28,f30	 f28:0x00000001 f30:0xff800000 f29=0xff800000
      45065.000 ns	      4505	800011fc	0036a833	slt	x16,x13,x3	 x13:0x80000000  x3:0xffffffff x16=0x00000001
      45085.000 ns	      4507	80001200	29a700d3	fmin.s	f1,f14,f26	 f14:0xb0521000 f26:0x7fc00000  f1=0xb0521000
      45115.000 ns	      4510	80001204	20a69bd3	fsgnjn.s	f23,f13,f10	 f13:0x00000000 f10:0x4185ff1a f23=0x80000000
      45145.000 ns	      4513	80001208	e0099b53	fclass.s	x22,f19	 f19:0x00000000 x22=0x00000010
      45165.000 ns	      4515	8000120c	00071393	slli	x7,x14,0x0	 x14:0x00000000  x7=0x00000000
      45175.000 ns	      4516	80001210	014c6ab3	or	x21,x24,x20	 x24:0x80040fe4 x20:0x00000000 x21=0x80040fe4
      45195.000 ns	      4518	80001214	a0a99a53	flt.s	x20,f19,f10	 f19:0x00000000 f10:0x4185ff1a x20=0x00000001
      45215.000 ns	      4520	80001218	00dc3333	sltu	x6,x24,x13	 x24:0x80040fe4 x13:0x80000000  x6=0x00000000
      45225.000 ns	      4521	8000121c	c30a8d13	addi	x26,x21,-976	 x21:0x80040fe4 x26=0x80040c14
      45245.000 ns	      4523	80001220	02abba33	mulhu	x20,x23,x10	 x23:0x00000000 x10:0xfff7dfb7 x20=0x00000000
      45265.000 ns	      4525	80001224	00801993	slli	x19,x0,0x8	  x0:0x00000000 x19=0x00000000
      45285.000 ns	      4527	80001228	295293d3	fmax.s	f7,f5,f21	  f5:0x30521000 f21:0x30521000  f7=0x30521000
      45305.000 ns	      4529	8000122c	0132fd33	and	x26,x5,x19	  x5:0x00000000 x19:0xffffffff x26=0x00000000
      45325.000 ns	      4531	80001230	29638cd3	fmin.s	f25,f7,f22	  f7:0x30521000 f22:0xff800000 f25=0xff800000
      45365.000 ns	      4535	80001234	106b7153	fmul.s	f2,f22,f6	 f22:0xff800000  f6:0x00000000  f2=0x7fc00000
      45385.000 ns	      4537	80001238	019d0433	add	x8,x26,x25	 x26:0x00000000 x25:0x00000000  x8=0x00000000
      45405.000 ns	      4539	8000123c	a06a1653	flt.s	x12,f20,f6	 f20:0x80000000  f6:0x00000000 x12=0x00000000
      45455.000 ns	      4544	80001240	00ee31d3	fadd.s	f3,f28,f14	 f28:0x00000001 f14:0xb0521000  f3=0xb0521000
      45475.000 ns	      4546	80001244	bbb2e893	ori	x17,x5,-1093	  x5:0x00000000 x17=0xfffffbbb
      45805.000 ns	      4579	80001248	187af153	fdiv.s	f2,f21,f7	 f21:0x30521000  f7:0x30521000  f2=0x3f944786
      45825.000 ns	      4581	8000124c	d71b6313	ori	x6,x22,-655	 x22:0x00000010  x6=0xfffffd71
      45845.000 ns	      4583	80001250	283309d3	fmin.s	f19,f6,f3	  f6:0x00000000  f3:0xb0521000 f19=0xb0521000
      45875.000 ns	      4586	80001254	02eb3d33	mulhu	x26,x22,x14	 x22:0x00000010 x14:0x00000000 x26=0x00000000
      45895.000 ns	      4588	80001258	41d45313	srai	x6,x8,0x1d	  x8:0x00000000  x6=0x00000000
      45905.000 ns	      4589	8000125c	018e45b3	xor	x11,x28,x24	 x28:0xffffffff x24:0x80040fe4 x11=0x7ffbf01b
      45925.000 ns	      4591	80001260	a1822753	feq.s	x14,f4,f24	  f4:0x00000000 f24:0x00000000 x14=0x00000001
      45945.000 ns	      4593	80001264	01743533	sltu	x10,x8,x23	  x8:0x00000000 x23:0x00000000 x10=0x00000000
      45965.000 ns	      4595	80001268	21d29a53	fsgnjn.s	f20,f5,f29	  f5:0x30521000 f29:0xff800000 f20=0x30521000
      45985.000 ns	      4597	8000126c	00ab1333	sll	x6,x22,x10	 x22:0x00000010 x10:0xfff7dfb7  x6=0x00000010
      46005.000 ns	      4599	80001270	e00801d3	fmv.x.w	x3,f16	 f16:0xb0521000  x3=0xb0521000
      46025.000 ns	      4601	80001274	41e6d813	srai	x16,x13,0x1e	 x13:0x80000000 x16=0xfffffffe
      46045.000 ns	      4603	80001278	0371b733	mulhu	x14,x3,x23	  x3:0xb0521000 x23:0x00000000 x14=0x00000000
      46065.000 ns	      4605	8000127c	00009eb3	sll	x29,x1,x0	  x1:0x00000001  x0:0x00000000 x29=0x00000001
      46075.000 ns	      4606	80001280	012f0133	add	x2,x30,x18	 x30:0xfffffdcf x18:0x80000000  x2=0x7ffffdcf
      46085.000 ns	      4607	80001284	412a5533	sra	x10,x20,x18	 x20:0x00000000 x18:0x80000000 x10=0x00000000
      46105.000 ns	      4609	80001288	c00dfdd3	fcvt.w.s	x27,f27	 f27:0x00000000 x27=0x00000000
      46135.000 ns	      4612	8000128c	d015bbd3	fcvt.s.wu	f23,x11	 x11:0x7ffbf01b f23=0x4efff7e1
      46165.000 ns	      4615	80001290	02f13633	mulhu	x12,x2,x15	  x2:0x7ffffdcf x15:0xffffffff x12=0x7ffffdce
      46535.000 ns	      4652	80001294	036a5633	divu	x12,x20,x22	 x20:0x00000000 x22:0x00000010 x12=0x00000000
      46565.000 ns	      4655	80001298	02e78233	mul	x4,x15,x14	 x15:0xffffffff x14:0x00000000  x4=0x00000000
      46595.000 ns	      4658	8000129c	a0e8afd3	feq.s	x31,f17,f14	 f17:0xbf800001 f14:0xb0521000 x31=0x00000000
      46625.000 ns	      4661	800012a0	0285ed33	rem	x26,x11,x8	 x11:0x7ffbf01b  x8:0x00000000 x26=0x7ffbf01b
      46995.000 ns	      4698	800012a4	0382d8b3	divu	x17,x5,x24	  x5:0x00000000 x24:0x80040fe4 x17=0x00000000
      47025.000 ns	      4701	800012a8	03be5eb3	divu	x29,x28,x27	 x28:0xffffffff x27:0x00000000 x29=0xffffffff
      47045.000 ns	      4703	800012ac	1de9a793	slti	x15,x19,478	 x19:0x00000000 x15=0x00000001
      47065.000 ns	      4705	800012b0	203aa8d3	fsgnjx.s	f17,f21,f3	 f21:0x30521000  f3:0xb0521000 f17=0xb0521000
      47095.000 ns	      4708	800012b4	03041b33	mulh	x22,x8,x16	  x8:0x00000000 x16:0xfffffffe x22=0x00000000
      47465.000 ns	      4745	800012b8	03af69b3	rem	x19,x30,x26	 x30:0xfffffdcf x26:0x7ffbf01b x19=0xfffffdcf
      47485.000 ns	      4747	800012bc	41ee86b3	sub	x13,x29,x30	 x29:0xffffffff x30:0xfffffdcf x13=0x00000230
      47495.000 ns	      4748	800012c0	00e387b3	add	x15,x7,x14	  x7:0x00000000 x14:0x00000000 x15=0x00000000
      47515.000 ns	      4750	800012c4	28459653	fmax.s	f12,f11,f4	 f11:0x00000000  f4:0x00000000 f12=0x00000000
      47885.000 ns	      4787	800012c8	03896333	rem	x6,x18,x24	 x18:0x80000000 x24:0x80040fe4  x6=0xfffbf01c
      47915.000 ns	      4790	800012cc	216e13d3	fsgnjn.s	f7,f28,f22	 f28:0x00000001 f22:0xff800000  f7=0x00000001
      47945.000 ns	      4793	800012d0	d00284d3	fcvt.s.w	f9,x5	  x5:0x00000000  f9=0x00000000
      47975.000 ns	      4796	800012d4	20678553	fsgnj.s	f10,f15,f6	 f15:0x00000001  f6:0x00000000 f10=0x00000001
      48005.000 ns	      4799	800012d8	c0174b53	fcvt.wu.s	x22,f14	 f14:0xb0521000 x22=0x00000000
      48035.000 ns	      4802	800012dc	a1c61453	flt.s	x8,f12,f28	 f12:0x00000000 f28:0x00000001  x8=0x00000001
      48055.000 ns	      4804	800012e0	00c05513	srli	x10,x0,0xc	  x0:0x00000000 x10=0x00000000
      48065.000 ns	      4805	800012e4	91f5bf13	sltiu	x30,x11,-1761	 x11:0x7ffbf01b x30=0x00000001
      48085.000 ns	      4807	800012e8	d0021d53	fcvt.s.w	f26,x4	  x4:0x00000000 f26=0x00000000
      48105.000 ns	      4809	800012ec	00033db3	sltu	x27,x6,x0	  x6:0xfffbf01c  x0:0x00000000 x27=0x00000000
      48115.000 ns	      4810	800012f0	41462513	slti	x10,x12,1044	 x12:0x00000000 x10=0x00000001
      48125.000 ns	      4811	800012f4	405d83b3	sub	x7,x27,x5	 x27:0x00000000  x5:0x00000000  x7=0x00000000
      48145.000 ns	      4813	800012f8	029a3133	mulhu	x2,x20,x9	 x20:0x00000000  x9:0x80041024  x2=0x00000000
      48185.000 ns	      4817	800012fc	580e82d3	fsqrt.s	f5,f29	 f29:0xff800000  f5=0x7fc00000
      48205.000 ns	      4819	80001300	94534b13	xori	x22,x6,-1723	  x6:0xfffbf01c x22=0x00040959
      48215.000 ns	      4820	80001304	cdadcb13	xori	x22,x27,-806	 x27:0x00000000 x22=0xfffffcda
      48225.000 ns	      4821	80001308	00000013	addi	x0,x0,0	  x0:0x00000000
      48245.000 ns	      4823	8000130c	a0049253	flt.s	x4,f9,f0	  f9:0x00000000  f0:0x00000000  x4=0x00000000
      48265.000 ns	      4825	80001310	001ab8b3	sltu	x17,x21,x1	 x21:0x80040fe4  x1:0x00000001 x17=0x00000000
      48275.000 ns	      4826	80001314	00ea4233	xor	x4,x20,x14	 x20:0x00000000 x14:0x00000000  x4=0x00000000
      48285.000 ns	      4827	80001318	01529e93	slli	x29,x5,0x15	  x5:0x00000000 x29=0x00000000
      48305.000 ns	      4829	8000131c	c00516d3	fcvt.w.s	x13,f10	 f10:0x00000001 x13=0x00000000
      48675.000 ns	      4866	80001320	0235e3b3	rem	x7,x11,x3	 x11:0x7ffbf01b  x3:0xb0521000  x7=0x304e001b
      48695.000 ns	      4868	80001324	0100bbb3	sltu	x23,x1,x16	  x1:0x00000001 x16:0xfffffffe x23=0x00000001
      48705.000 ns	      4869	80001328	00419893	slli	x17,x3,0x4	  x3:0xb0521000 x17=0x05210000
      48725.000 ns	      4871	8000132c	03d422b3	mulhsu	x5,x8,x29	  x8:0x00000001 x29:0x00000000  x5=0x00000000
      48755.000 ns	      4874	80001330	02017db3	remu	x27,x2,x0	  x2:0x00000000  x0:0x00000000 x27=0x00000000
      48785.000 ns	      4877	80001334	a04daf53	feq.s	x30,f27,f4	 f27:0x00000000  f4:0x00000000 x30=0x00000001
      48805.000 ns	      4879	80001338	41085133	sra	x2,x16,x16	 x16:0xfffffffe x16:0xfffffffe  x2=0xffffffff
      48825.000 ns	      4881	8000133c	0202e733	rem	x14,x5,x0	  x5:0x00000000  x0:0x00000000 x14=0x00000000
      48845.000 ns	      4883	80001340	400cd0b3	sra	x1,x25,x0	 x25:0x00000000  x0:0x00000000  x1=0x00000000
      48855.000 ns	      4884	80001344	00c75d13	srli	x26,x14,0xc	 x14:0x00000000 x26=0x00000000
      48865.000 ns	      4885	80001348	00549d33	sll	x26,x9,x5	  x9:0x80041024  x5:0x00000000 x26=0x80041024
      48905.000 ns	      4889	8000134c	08c2f453	fsub.s	f8,f5,f12	  f5:0x7fc00000 f12:0x00000000  f8=0x7fc00000
      48935.000 ns	      4892	80001350	e0059053	fclass.s	x0,f11	 f11:0x00000000
      48985.000 ns	      4897	80001354	000d3b53	fadd.s	f22,f26,f0	 f26:0x00000000  f0:0x00000000 f22=0x00000000
      49005.000 ns	      4899	80001358	01165833	srl	x16,x12,x17	 x12:0x00000000 x17:0x05210000 x16=0x00000000
      49025.000 ns	      4901	8000135c	29ac01d3	fmin.s	f3,f24,f26	 f24:0x00000000 f26:0x00000000  f3=0x00000000
      49055.000 ns	      4904	80001360	0226b2b3	mulhu	x5,x13,x2	 x13:0x00000000  x2:0xffffffff  x5=0x00000000
      49075.000 ns	      4906	80001364	6e713f93	sltiu	x31,x2,1767	  x2:0xffffffff x31=0x00000000
      49085.000 ns	      4907	80001368	a6bd2213	slti	x4,x26,-1429	 x26:0x80041024  x4=0x00000001
      49105.000 ns	      4909	8000136c	20052a53	fsgnjx.s	f20,f10,f0	 f10:0x00000001  f0:0x00000000 f20=0x00000001
      49475.000 ns	      4946	80001370	026df033	remu	x0,x27,x6	 x27:0x00000000  x6:0xfffbf01c
      49505.000 ns	      4949	80001374	28b70153	fmin.s	f2,f14,f11	 f14:0xb0521000 f11:0x00000000  f2=0xb0521000
      49525.000 ns	      4951	80001378	01531533	sll	x10,x6,x21	  x6:0xfffbf01c x21:0x80040fe4 x10=0xffbf01c0
      49555.000 ns	      4954	8000137c	58087c53	fsqrt.s	f24,f16	 f16:0xb0521000 f24=0x7fc00000
      49575.000 ns	      4956	80001380	003af8b3	and	x17,x21,x3	 x21:0x80040fe4  x3:0xb0521000 x17=0x80000000
      49595.000 ns	      4958	80001384	a104a853	feq.s	x16,f9,f16	  f9:0x00000000 f16:0xb0521000 x16=0x00000000
      49615.000 ns	      4960	80001388	00000013	addi	x0,x0,0	  x0:0x00000000
      49975.000 ns	      4996	8000138c	0379d633	divu	x12,x19,x23	 x19:0xfffffdcf x23:0x00000001 x12=0xfffffdcf
      50005.000 ns	      4999	80001390	03a99233	mulh	x4,x19,x26	 x19:0xfffffdcf x26:0x80041024  x4=0x00000118
      50025.000 ns	      5001	80001394	0197ae33	slt	x28,x15,x25	 x15:0x00000000 x25:0x00000000 x28=0x00000000
      50045.000 ns	      5003	80001398	a04e19d3	flt.s	x19,f28,f4	 f28:0x00000001  f4:0x00000000 x19=0x00000000
      50065.000 ns	      5005	8000139c	00b51b93	slli	x23,x10,0xb	 x10:0xffbf01c0 x23=0xf80e0000
      50075.000 ns	      5006	800013a0	01372b33	slt	x22,x14,x19	 x14:0x00000000 x19:0x00000000 x22=0x00000000
      50095.000 ns	      5008	800013a4	0292a1b3	mulhsu	x3,x5,x9	  x5:0x00000000  x9:0x80041024  x3=0x00000000
      50135.000 ns	      5012	800013a8	58007f53	fsqrt.s	f30,f0	  f0:0x00000000 f30=0x00000000
      50175.000 ns	      5016	800013ac	186e7153	fdiv.s	f2,f28,f6	 f28:0x00000001  f6:0x00000000  f2=0x7f800000
      50225.000 ns	      5021	800013b0	008241d3	fadd.s	f3,f4,f8	  f4:0x00000000  f8:0x7fc00000  f3=0x7fc00000
      50245.000 ns	      5023	800013b4	00000013	addi	x0,x0,0	  x0:0x00000000
      50275.000 ns	      5026	800013b8	5808fd53	fsqrt.s	f26,f17	 f17:0xb0521000 f26=0x7fc00000
      50305.000 ns	      5029	800013bc	023fa7b3	mulhsu	x15,x31,x3	 x31:0x00000000  x3:0x00000000 x15=0x00000000
      50335.000 ns	      5032	800013c0	f00a8d53	fmv.w.x	f26,x21	 x21:0x80040fe4 f26=0x80040fe4
      50365.000 ns	      5035	800013c4	21b88353	fsgnj.s	f6,f17,f27	 f17:0xb0521000 f27:0x00000000  f6=0x30521000
      50395.000 ns	      5038	800013c8	28199753	fmax.s	f14,f19,f1	 f19:0xb0521000  f1:0xb0521000 f14=0xb0521000
      50425.000 ns	      5041	800013cc	039b7a33	remu	x20,x22,x25	 x22:0x00000000 x25:0x00000000 x20=0x00000000
      50445.000 ns	      5043	800013d0	b371c197	auipc	x3,0xb371c	  x3=0x3371d3d0
      50485.000 ns	      5047	800013d4	01be1d53	fadd.s	f26,f28,f27	 f28:0x00000001 f27:0x00000000 f26=0x00000001
      50505.000 ns	      5049	800013d8	00000013	addi	x0,x0,0	  x0:0x00000000
      50525.000 ns	      5051	800013dc	e00385d3	fmv.x.w	x11,f7	  f7:0x00000001 x11=0x00000001
      50555.000 ns	      5054	800013e0	a1018853	fle.s	x16,f3,f16	  f3:0x7fc00000 f16:0xb0521000 x16=0x00000000
      50585.000 ns	      5057	800013e4	0279b833	mulhu	x16,x19,x7	 x19:0x00000000  x7:0x304e001b x16=0x00000000
      50615.000 ns	      5060	800013e8	02b4bab3	mulhu	x21,x9,x11	  x9:0x80041024 x11:0x00000001 x21=0x00000000
      50665.000 ns	      5065	800013ec	01cb2e53	fadd.s	f28,f22,f28	 f22:0x00000000 f28:0x00000001 f28=0x00000001
      50705.000 ns	      5069	800013f0	116c7c53	fmul.s	f24,f24,f22	 f24:0x7fc00000 f22:0x00000000 f24=0x7fc00000
      50725.000 ns	      5071	800013f4	0abf2b93	slti	x23,x30,171	 x30:0x00000001 x23=0x00000001
      50745.000 ns	      5073	800013f8	28d60c53	fmin.s	f24,f12,f13	 f12:0x00000000 f13:0x00000000 f24=0x00000000
      50775.000 ns	      5076	800013fc	036ecdb3	div	x27,x29,x22	 x29:0x00000000 x22:0x00000000 x27=0xffffffff
      50805.000 ns	      5079	80001400	210208d3	fsgnj.s	f17,f4,f16	  f4:0x00000000 f16:0xb0521000 f17=0x80000000
      50835.000 ns	      5082	80001404	e0071ad3	fclass.s	x21,f14	 f14:0xb0521000 x21=0x00000002
      50875.000 ns	      5086	80001408	11154fd3	fmul.s	f31,f10,f17	 f10:0x00000001 f17:0x80000000 f31=0x80000000
      50905.000 ns	      5089	8000140c	a0f78953	fle.s	x18,f15,f15	 f15:0x00000001 f15:0x00000001 x18=0x00000001
      50935.000 ns	      5092	80001410	e0049953	fclass.s	x18,f9	  f9:0x00000000 x18=0x00000010
      50955.000 ns	      5094	80001414	009d9233	sll	x4,x27,x9	 x27:0xffffffff  x9:0x80041024  x4=0xfffffff0
      50975.000 ns	      5096	80001418	03df3db3	mulhu	x27,x30,x29	 x30:0x00000001 x29:0x00000000 x27=0x00000000
      51005.000 ns	      5099	8000141c	02e8c033	div	x0,x17,x14	 x17:0x80000000 x14:0x00000000
      51025.000 ns	      5101	80001420	d9312013	slti	x0,x2,-621	  x2:0xffffffff
      51045.000 ns	      5103	80001424	21c61ad3	fsgnjn.s	f21,f12,f28	 f12:0x00000000 f28:0x00000001 f21=0x80000000
      51065.000 ns	      5105	80001428	2d746213	ori	x4,x8,727	  x8:0x00000001  x4=0x000002d7
      51085.000 ns	      5107	8000142c	03c07ab3	remu	x21,x0,x28	  x0:0x00000000 x28:0x00000000 x21=0x00000000
      51115.000 ns	      5110	80001430	209698d3	fsgnjn.s	f17,f13,f9	 f13:0x00000000  f9:0x00000000 f17=0x80000000
      51135.000 ns	      5112	80001434	406653b3	sra	x7,x12,x6	 x12:0xfffffdcf  x6:0xfffbf01c  x7=0xffffffff
      51145.000 ns	      5113	80001438	4116dbb3	sra	x23,x13,x17	 x13:0x00000000 x17:0x80000000 x23=0x00000000
      51155.000 ns	      5114	8000143c	093373b7	lui	x7,0x9337	  x7=0x09337000
      51165.000 ns	      5115	80001440	2cc16993	ori	x19,x2,716	  x2:0xffffffff x19=0xffffffff
      51175.000 ns	      5116	80001444	00b05613	srli	x12,x0,0xb	  x0:0x00000000 x12=0x00000000
      51185.000 ns	      5117	80001448	01bb1a13	slli	x20,x22,0x1b	 x22:0x00000000 x20=0x00000000
      51205.000 ns	      5119	8000144c	d00afbd3	fcvt.s.w	f23,x21	 x21:0x00000000 f23=0x00000000
      51235.000 ns	      5122	80001450	20401a53	fsgnjn.s	f20,f0,f4	  f0:0x00000000  f4:0x00000000 f20=0x80000000
      51265.000 ns	      5125	80001454	a1ad87d3	fle.s	x15,f27,f26	 f27:0x00000000 f26:0x00000001 x15=0x00000001
      51295.000 ns	      5128	80001458	a0978d53	fle.s	x26,f15,f9	 f15:0x00000001  f9:0x00000000 x26=0x00000000
      51315.000 ns	      5130	8000145c	01dd5433	srl	x8,x26,x29	 x26:0x80041024 x29:0x00000000  x8=0x00000000
      51325.000 ns	      5131	80001460	01501d13	slli	x26,x0,0x15	  x0:0x00000000 x26=0x00000000
      51335.000 ns	      5132	80001464	46bd8997	auipc	x19,0x46bd8	 x19=0xc6bd9464
      51345.000 ns	      5133	80001468	01086b33	or	x22,x16,x16	 x16:0x00000000 x16:0x00000000 x22=0x00000000
      51385.000 ns	      5137	8000146c	01f5ff53	fadd.s	f30,f11,f31	 f11:0x00000000 f31:0x80000000 f30=0x80000000
      51755.000 ns	      5174	80001470	027b61b3	rem	x3,x22,x7	 x22:0x00000000  x7:0x09337000  x3=0x00000000
      51775.000 ns	      5176	80001474	00000013	addi	x0,x0,0	  x0:0x00000000
      51785.000 ns	      5177	80001478	c5e50393	addi	x7,x10,-930	 x10:0xffbf01c0  x7=0xffbefe1e
      51805.000 ns	      5179	8000147c	021de2b3	rem	x5,x27,x1	 x27:0x00000000  x1:0x00000000  x5=0x00000000
      51835.000 ns	      5182	80001480	d00ec2d3	fcvt.s.w	f5,x29	 x29:0x00000000  f5=0x00000000
      51865.000 ns	      5185	80001484	a0431a53	flt.s	x20,f6,f4	  f6:0x30521000  f4:0x00000000 x20=0x00000000
      51885.000 ns	      5187	80001488	010c5e33	srl	x28,x24,x16	 x24:0x80040fe4 x16:0x00000000 x28=0x80040fe4
      51905.000 ns	      5189	8000148c	03e028b3	mulhsu	x17,x0,x30	  x0:0x00000000 x30:0x00000001 x17=0x00000000
      51925.000 ns	      5191	80001490	41700a33	sub	x20,x0,x23	  x0:0x00000000 x23:0x00000000 x20=0x00000000
      51945.000 ns	      5193	80001494	d01e2853	fcvt.s.wu	f16,x28	 x28:0x80040fe4 f16=0x4f000410
      51965.000 ns	      5195	80001498	01be1d33	sll	x26,x28,x27	 x28:0x80040fe4 x27:0x00000000 x26=0x80040fe4
      52005.000 ns	      5199	8000149c	002f90d3	fadd.s	f1,f31,f2	 f31:0x80000000  f2:0x7f800000  f1=0x7f800000
      52025.000 ns	      5201	800014a0	41b9d333	sra	x6,x19,x27	 x19:0xc6bd9464 x27:0x00000000  x6=0xc6bd9464
      52045.000 ns	      5203	800014a4	03579133	mulh	x2,x15,x21	 x15:0x00000001 x21:0x00000000  x2=0x00000000
      52095.000 ns	      5208	800014a8	08a37ed3	fsub.s	f29,f6,f10	  f6:0x30521000 f10:0x00000001 f29=0x30521000
      52125.000 ns	      5211	800014ac	28fc0fd3	fmin.s	f31,f24,f15	 f24:0x00000000 f15:0x00000001 f31=0x00000000
      52155.000 ns	      5214	800014b0	a19407d3	fle.s	x15,f8,f25	  f8:0x7fc00000 f25:0xff800000 x15=0x00000000
      52175.000 ns	      5216	800014b4	003d9393	slli	x7,x27,0x3	 x27:0x00000000  x7=0x00000000
      52185.000 ns	      5217	800014b8	008ad413	srli	x8,x21,0x8	 x21:0x00000000  x8=0x00000000
      52195.000 ns	      5218	800014bc	01f5d7b3	srl	x15,x11,x31	 x11:0x00000001 x31:0x00000000 x15=0x00000001
      52205.000 ns	      5219	800014c0	4030d393	srai	x7,x1,0x3	  x1:0x00000000  x7=0x00000000
      52215.000 ns	      5220	800014c4	5a4e7f13	andi	x30,x28,1444	 x28:0x80040fe4 x30=0x000005a4
      52225.000 ns	      5221	800014c8	005d6333	or	x6,x26,x5	 x26:0x80040fe4  x5:0x00000000  x6=0x80040fe4
      52235.000 ns	      5222	800014cc	00000013	addi	x0,x0,0	  x0:0x00000000
      52255.000 ns	      5224	800014d0	c008b953	fcvt.w.s	x18,f17	 f17:0x80000000 x18=0x00000000
      52275.000 ns	      5226	800014d4	00bdc2b3	xor	x5,x27,x11	 x27:0x00000000 x11:0x00000001  x5=0x00000001
      52285.000 ns	      5227	800014d8	013677b3	and	x15,x12,x19	 x12:0x00000000 x19:0xc6bd9464 x15=0x00000000
      52295.000 ns	      5228	800014dc	00000013	addi	x0,x0,0	  x0:0x00000000
      52315.000 ns	      5230	800014e0	d01ff353	fcvt.s.wu	f6,x31	 x31:0x00000000  f6=0x00000000
      52345.000 ns	      5233	800014e4	d0157e53	fcvt.s.wu	f28,x10	 x10:0xffbf01c0 f28=0x4f7fbf01
      52375.000 ns	      5236	800014e8	c00b7fd3	fcvt.w.s	x31,f22	 f22:0x00000000 x31=0x00000000
      52395.000 ns	      5238	800014ec	483e1937	lui	x18,0x483e1	 x18=0x483e1000
      52405.000 ns	      5239	800014f0	00000013	addi	x0,x0,0	  x0:0x00000000
      52425.000 ns	      5241	800014f4	29481cd3	fmax.s	f25,f16,f20	 f16:0x4f000410 f20:0x80000000 f25=0x4f000410
      52445.000 ns	      5243	800014f8	97bf12b7	lui	x5,0x97bf1	  x5=0x97bf1000
      52465.000 ns	      5245	800014fc	02dbe9b3	rem	x19,x23,x13	 x23:0x00000000 x13:0x00000000 x19=0x00000000
      52505.000 ns	      5249	80001500	188d7a53	fdiv.s	f20,f26,f8	 f26:0x00000001  f8:0x7fc00000 f20=0x7fc00000
      52535.000 ns	      5252	80001504	214c1f53	fsgnjn.s	f30,f24,f20	 f24:0x00000000 f20:0x80000000 f30=0x80000000
      52565.000 ns	      5255	80001508	a1dd1853	flt.s	x16,f26,f29	 f26:0x00000001 f29:0x30521000 x16=0x00000001
      52595.000 ns	      5258	8000150c	0331c033	div	x0,x3,x19	  x3:0x00000000 x19:0x00000000
      52625.000 ns	      5261	80001510	a19a9253	flt.s	x4,f21,f25	 f21:0x80000000 f25:0x4f000410  x4=0x00000001
      52645.000 ns	      5263	80001514	0015d293	srli	x5,x11,0x1	 x11:0x00000001  x5=0x00000000
      52665.000 ns	      5265	80001518	021366b3	rem	x13,x6,x1	  x6:0x80040fe4  x1:0x00000000 x13=0x80040fe4
      52685.000 ns	      5267	8000151c	81eac913	xori	x18,x21,-2018	 x21:0x00000000 x18=0xfffff81e
      52695.000 ns	      5268	80001520	00bb98b3	sll	x17,x23,x11	 x23:0x00000000 x11:0x00000001 x17=0x00000000
      52705.000 ns	      5269	80001524	41b55033	sra	x0,x10,x27	 x10:0xffbf01c0 x27:0x00000000
      52725.000 ns	      5271	80001528	a1ce91d3	flt.s	x3,f29,f28	 f29:0x30521000 f28:0x4f7fbf01  x3=0x00000001
      52755.000 ns	      5274	8000152c	d01cff53	fcvt.s.wu	f30,x25	 x25:0x00000000 f30=0x00000000
      52775.000 ns	      5276	80001530	91d3e793	ori	x15,x7,-1763	  x7:0x00000000 x15=0xfffff91d
      52785.000 ns	      5277	80001534	a3ce2693	slti	x13,x28,-1476	 x28:0x80040fe4 x13=0x00000001
      52795.000 ns	      5278	80001538	219f3813	sltiu	x16,x30,537	 x30:0x000005a4 x16=0x00000000
      52805.000 ns	      5279	8000153c	009472b3	and	x5,x8,x9	  x8:0x00000000  x9:0x80041024  x5=0x00000000
      53165.000 ns	      5315	80001540	038b7fb3	remu	x31,x22,x24	 x22:0x00000000 x24:0x80040fe4 x31=0x00000000
      53185.000 ns	      5317	80001544	01d2cfb3	xor	x31,x5,x29	  x5:0x00000000 x29:0x00000000 x31=0x00000000
      53205.000 ns	      5319	80001548	a1e50a53	fle.s	x20,f10,f30	 f10:0x00000001 f30:0x00000000 x20=0x00000000
      53235.000 ns	      5322	8000154c	03907733	remu	x14,x0,x25	  x0:0x00000000 x25:0x00000000 x14=0x00000000
      53255.000 ns	      5324	80001550	00000013	addi	x0,x0,0	  x0:0x00000000
      53285.000 ns	      5327	80001554	195cf0d3	fdiv.s	f1,f25,f21	 f25:0x4f000410 f21:0x80000000  f1=0xff800000
      53315.000 ns	      5330	80001558	21a212d3	fsgnjn.s	f5,f4,f26	  f4:0x00000000 f26:0x00000001  f5=0x80000000
      53335.000 ns	      5332	8000155c	01ef1b13	slli	x22,x30,0x1e	 x30:0x000005a4 x22=0x00000000
      53345.000 ns	      5333	80001560	40c70133	sub	x2,x14,x12	 x14:0x00000000 x12:0x00000000  x2=0x00000000
      53365.000 ns	      5335	80001564	20399dd3	fsgnjn.s	f27,f19,f3	 f19:0xb0521000  f3:0x7fc00000 f27=0xb0521000
      53385.000 ns	      5337	80001568	01b2d193	srli	x3,x5,0x1b	  x5:0x00000000  x3=0x00000000
      53415.000 ns	      5340	8000156c	1195f9d3	fmul.s	f19,f11,f25	 f11:0x00000000 f25:0x4f000410 f19=0x00000000
      53435.000 ns	      5342	80001570	b2420393	addi	x7,x4,-1244	  x4:0x00000001  x7=0xfffffb25
      53445.000 ns	      5343	80001574	778f3e93	sltiu	x29,x30,1912	 x30:0x000005a4 x29=0x00000001
      53465.000 ns	      5345	80001578	03f0ba33	mulhu	x20,x1,x31	  x1:0x00000000 x31:0x00000000 x20=0x00000000
      53485.000 ns	      5347	8000157c	4197df33	sra	x30,x15,x25	 x15:0xfffff91d x25:0x00000000 x30=0xfffff91d
      53495.000 ns	      5348	80001580	015052b3	srl	x5,x0,x21	  x0:0x00000000 x21:0x00000000  x5=0x00000000
      53535.000 ns	      5352	80001584	09793053	fsub.s	f0,f18,f23	 f18:0x00000000 f23:0x00000000  f0=0x80000000
      53905.000 ns	      5389	80001588	0323c7b3	div	x15,x7,x18	  x7:0xfffffb25 x18:0xfffff81e x15=0x00000000
      53935.000 ns	      5392	8000158c	039ab1b3	mulhu	x3,x21,x25	 x21:0x00000000 x25:0x00000000  x3=0x00000000
      53955.000 ns	      5394	80001590	57f64993	xori	x19,x12,1407	 x12:0x00000000 x19=0x0000057f
      53975.000 ns	      5396	80001594	a1981853	flt.s	x16,f16,f25	 f16:0x4f000410 f25:0x4f000410 x16=0x00000000
      53995.000 ns	      5398	80001598	01245ab3	srl	x21,x8,x18	  x8:0x00000000 x18:0xfffff81e x21=0x00000000
      54015.000 ns	      5400	8000159c	203facd3	fsgnjx.s	f25,f31,f3	 f31:0x00000000  f3:0x7fc00000 f25=0x00000000
      54045.000 ns	      5403	800015a0	d000fe53	fcvt.s.w	f28,x1	  x1:0x00000000 f28=0x00000000
      54065.000 ns	      5405	800015a4	1526d737	lui	x14,0x1526d	 x14=0x1526d000
      54085.000 ns	      5407	800015a8	02c03b33	mulhu	x22,x0,x12	  x0:0x00000000 x12:0x00000000 x22=0x00000000
      54105.000 ns	      5409	800015ac	008eaab3	slt	x21,x29,x8	 x29:0x00000001  x8:0x00000000 x21=0x00000000
      54145.000 ns	      5413	800015b0	01634e53	fadd.s	f28,f6,f22	  f6:0x00000000 f22:0x00000000 f28=0x00000000
      54165.000 ns	      5415	800015b4	465ead13	slti	x26,x29,1125	 x29:0x00000001 x26=0x00000001
      54195.000 ns	      5418	800015b8	580df353	fsqrt.s	f6,f27	 f27:0xb0521000  f6=0x7fc00000
      54225.000 ns	      5421	800015bc	03f9e033	rem	x0,x19,x31	 x19:0x0000057f x31:0x00000000
      54255.000 ns	      5424	800015c0	03faa633	mulhsu	x12,x21,x31	 x21:0x00000000 x31:0x00000000 x12=0x00000000
      54285.000 ns	      5427	800015c4	025e5033	divu	x0,x28,x5	 x28:0x80040fe4  x5:0x00000000
      54305.000 ns	      5429	800015c8	fb2aeb13	ori	x22,x21,-78	 x21:0x00000000 x22=0xffffffb2
      54325.000 ns	      5431	800015cc	20cead53	fsgnjx.s	f26,f29,f12	 f29:0x30521000 f12:0x00000000 f26=0x30521000
      54355.000 ns	      5434	800015d0	e00e12d3	fclass.s	x5,f28	 f28:0x00000000  x5=0x00000010
      54385.000 ns	      5437	800015d4	20109253	fsgnjn.s	f4,f1,f1	  f1:0xff800000  f1:0xff800000  f4=0x7f800000
      54415.000 ns	      5440	800015d8	e0039fd3	fclass.s	x31,f7	  f7:0x00000001 x31=0x00000020
      54435.000 ns	      5442	800015dc	4133da13	srai	x20,x7,0x13	  x7:0xfffffb25 x20=0xffffffff
      54445.000 ns	      5443	800015e0	3a50ee13	ori	x28,x1,933	  x1:0x00000000 x28=0x000003a5
      54465.000 ns	      5445	800015e4	296d9fd3	fmax.s	f31,f27,f22	 f27:0xb0521000 f22:0x00000000 f31=0x00000000
      54495.000 ns	      5448	800015e8	03b192b3	mulh	x5,x3,x27	  x3:0x00000000 x27:0x00000000  x5=0x00000000
      54525.000 ns	      5451	800015ec	21f586d3	fsgnj.s	f13,f11,f31	 f11:0x00000000 f31:0x00000000 f13=0x00000000
      54555.000 ns	      5454	800015f0	02031db3	mulh	x27,x6,x0	  x6:0x80040fe4  x0:0x00000000 x27=0x00000000
      54585.000 ns	      5457	800015f4	e0061fd3	fclass.s	x31,f12	 f12:0x00000000 x31=0x00000010
      54615.000 ns	      5460	800015f8	02721033	mulh	x0,x4,x7	  x4:0x00000001  x7:0xfffffb25
      54635.000 ns	      5462	800015fc	00376eb3	or	x29,x14,x3	 x14:0x1526d000  x3:0x00000000 x29=0x1526d000
      54645.000 ns	      5463	80001600	00f75bb3	srl	x23,x14,x15	 x14:0x1526d000 x15:0x00000000 x23=0x1526d000
      54665.000 ns	      5465	80001604	e00a0ad3	fmv.x.w	x21,f20	 f20:0x7fc00000 x21=0x7fc00000
      54695.000 ns	      5468	80001608	e00a19d3	fclass.s	x19,f20	 f20:0x7fc00000 x19=0x00000200
      54715.000 ns	      5470	8000160c	00bb1193	slli	x3,x22,0xb	 x22:0xffffffb2  x3=0xfffd9000
      54725.000 ns	      5471	80001610	4a2a0513	addi	x10,x20,1186	 x20:0xffffffff x10=0x000004a1
      54735.000 ns	      5472	80001614	4109d633	sra	x12,x19,x16	 x19:0x00000200 x16:0x00000000 x12=0x00000200
      54755.000 ns	      5474	80001618	e00e1753	fclass.s	x14,f28	 f28:0x00000000 x14=0x00000010
      54775.000 ns	      5476	8000161c	01dd5bb3	srl	x23,x26,x29	 x26:0x00000001 x29:0x1526d000 x23=0x00000001
      54785.000 ns	      5477	80001620	852c6313	ori	x6,x24,-1966	 x24:0x80040fe4  x6=0xfffffff6
      54805.000 ns	      5479	80001624	c01170d3	fcvt.wu.s	x1,f2	  f2:0x7f800000  x1=0xffffffff
      54835.000 ns	      5482	80001628	e0021e53	fclass.s	x28,f4	  f4:0x7f800000 x28=0x00000080
      54855.000 ns	      5484	8000162c	e204ca13	xori	x20,x9,-480	  x9:0x80041024 x20=0x7ffbee04
      54875.000 ns	      5486	80001630	d00776d3	fcvt.s.w	f13,x14	 x14:0x00000010 f13=0x41800000
      54895.000 ns	      5488	80001634	01bab813	sltiu	x16,x21,27	 x21:0x7fc00000 x16=0x00000000
      54915.000 ns	      5490	80001638	02320633	mul	x12,x4,x3	  x4:0x00000001  x3:0xfffd9000 x12=0xfffd9000
      54935.000 ns	      5492	8000163c	81000613	addi	x12,x0,-2032	  x0:0x00000000 x12=0xfffff810
      54955.000 ns	      5494	80001640	a0a596d3	flt.s	x13,f11,f10	 f11:0x00000000 f10:0x00000001 x13=0x00000001
      54995.000 ns	      5498	80001644	580111d3	fsqrt.s	f3,f2	  f2:0x7f800000  f3=0x7f800000
      55015.000 ns	      5500	80001648	00000013	addi	x0,x0,0	  x0:0x00000000
      55035.000 ns	      5502	8000164c	d01a7f53	fcvt.s.wu	f30,x20	 x20:0x7ffbee04 f30=0x4efff7dc
      55055.000 ns	      5504	80001650	1d34ed37	lui	x26,0x1d34e	 x26=0x1d34e000
      55065.000 ns	      5505	80001654	01a77a33	and	x20,x14,x26	 x14:0x00000010 x26:0x00000001 x20=0x00000000
      55085.000 ns	      5507	80001658	03ab31b3	mulhu	x3,x22,x26	 x22:0xffffffb2 x26:0x00000001  x3=0x1d34dff7
      55105.000 ns	      5509	8000165c	016f18b3	sll	x17,x30,x22	 x30:0xfffff91d x22:0xffffffb2 x17=0xe4740000
      55115.000 ns	      5510	80001660	00ef98b3	sll	x17,x31,x14	 x31:0x00000010 x14:0x00000010 x17=0x00100000
      55125.000 ns	      5511	80001664	88ee5337	lui	x6,0x88ee5	  x6=0x88ee5000
      55145.000 ns	      5513	80001668	f00b0153	fmv.w.x	f2,x22	 x22:0xffffffb2  f2=0xffffffb2
      55165.000 ns	      5515	8000166c	006a1d93	slli	x27,x20,0x6	 x20:0x00000000 x27=0x00000000
      55175.000 ns	      5516	80001670	00ac9613	slli	x12,x25,0xa	 x25:0x00000000 x12=0x00000000
      55185.000 ns	      5517	80001674	40015693	srai	x13,x2,0x0	  x2:0x00000000 x13=0x00000000
      55205.000 ns	      5519	80001678	03962933	mulhsu	x18,x12,x25	 x12:0xfffff810 x25:0x00000000 x18=0x00000000
      55235.000 ns	      5522	8000167c	219e2b53	fsgnjx.s	f22,f28,f25	 f28:0x00000000 f25:0x00000000 f22=0x00000000
      55265.000 ns	      5525	80001680	a1f70653	fle.s	x12,f14,f31	 f14:0xb0521000 f31:0x00000000 x12=0x00000001
      55285.000 ns	      5527	80001684	00842133	slt	x2,x8,x8	  x8:0x00000000  x8:0x00000000  x2=0x00000000
      55305.000 ns	      5529	80001688	20deafd3	fsgnjx.s	f31,f29,f13	 f29:0x30521000 f13:0x41800000 f31=0x30521000
      55335.000 ns	      5532	8000168c	212fa1d3	fsgnjx.s	f3,f31,f18	 f31:0x00000000 f18:0x00000000  f3=0x30521000
      55705.000 ns	      5569	80001690	02947bb3	remu	x23,x8,x9	  x8:0x00000000  x9:0x80041024 x23=0x00000000
      55735.000 ns	      5572	80001694	21d19753	fsgnjn.s	f14,f3,f29	  f3:0x30521000 f29:0x30521000 f14=0xb0521000
      55755.000 ns	      5574	80001698	013d2b33	slt	x22,x26,x19	 x26:0x1d34e000 x19:0x00000200 x22=0x00000000
      55765.000 ns	      5575	8000169c	029a0b93	addi	x23,x20,41	 x20:0x00000000 x23=0x00000029
      55785.000 ns	      5577	800016a0	d01d07d3	fcvt.s.wu	f15,x26	 x26:0x1d34e000 f15=0x4de9a700
      55805.000 ns	      5579	800016a4	19587b17	auipc	x22,0x19587	 x22=0x995886a4
      55825.000 ns	      5581	800016a8	e0009b53	fclass.s	x22,f1	  f1:0xff800000 x22=0x00000001
      55855.000 ns	      5584	800016ac	f0010553	fmv.w.x	f10,x2	  x2:0x00000000 f10=0x00000000
      55875.000 ns	      5586	800016b0	016c13b3	sll	x7,x24,x22	 x24:0x80040fe4 x22:0x00000001  x7=0x00081fc8
      55915.000 ns	      5590	800016b4	01f87c53	fadd.s	f24,f16,f31	 f16:0x4f000410 f31:0x30521000 f24=0x4f000410
      55935.000 ns	      5592	800016b8	00d05b93	srli	x23,x0,0xd	  x0:0x00000000 x23=0x00000000
      55955.000 ns	      5594	800016bc	0348c9b3	div	x19,x17,x20	 x17:0x00100000 x20:0x00000000 x19=0xffffffff
      55975.000 ns	      5596	800016c0	1cc3a913	slti	x18,x7,460	  x7:0x00081fc8 x18=0x00000000
      55985.000 ns	      5597	800016c4	01fc5b33	srl	x22,x24,x31	 x24:0x80040fe4 x31:0x00000010 x22=0x00008004
      56005.000 ns	      5599	800016c8	f0020ed3	fmv.w.x	f29,x4	  x4:0x00000001 f29=0x00000001
      56035.000 ns	      5602	800016cc	03c598b3	mulh	x17,x11,x28	 x11:0x00000001 x28:0x00000080 x17=0x00000000
      56085.000 ns	      5607	800016d0	09c3c753	fsub.s	f14,f7,f28	  f7:0x00000001 f28:0x00000000 f14=0x00000001
      56115.000 ns	      5610	800016d4	29f58fd3	fmin.s	f31,f11,f31	 f11:0x00000000 f31:0x30521000 f31=0x00000000
      56135.000 ns	      5612	800016d8	9f1da013	slti	x0,x27,-1551	 x27:0x00000000
      56155.000 ns	      5614	800016dc	d00e35d3	fcvt.s.w	f11,x28	 x28:0x00000080 f11=0x43000000
      56175.000 ns	      5616	800016e0	41080833	sub	x16,x16,x16	 x16:0x00000000 x16:0x00000000 x16=0x00000000
      56185.000 ns	      5617	800016e4	008d2f33	slt	x30,x26,x8	 x26:0x1d34e000  x8:0x00000000 x30=0x00000000
      56205.000 ns	      5619	800016e8	a1612053	feq.s	x0,f2,f22	  f2:0xffffffb2 f22:0x00000000
      56235.000 ns	      5622	800016ec	28bb85d3	fmin.s	f11,f23,f11	 f23:0x00000000 f11:0x43000000 f11=0x00000000
      56255.000 ns	      5624	800016f0	2e3ae913	ori	x18,x21,739	 x21:0x7fc00000 x18=0x7fc002e3
      56275.000 ns	      5626	800016f4	02f7de33	divu	x28,x15,x15	 x15:0x00000000 x15:0x00000000 x28=0xffffffff
      56295.000 ns	      5628	800016f8	b8556593	ori	x11,x10,-1147	 x10:0x000004a1 x11=0xffffffa5
      56305.000 ns	      5629	800016fc	00255e93	srli	x29,x10,0x2	 x10:0x000004a1 x29=0x00000128
      56315.000 ns	      5630	80001700	1c2a4213	xori	x4,x20,450	 x20:0x00000000  x4=0x000001c2
      56335.000 ns	      5632	80001704	032c3433	mulhu	x8,x24,x18	 x24:0x80040fe4 x18:0x7fc002e3  x8=0x3fe2085f
      56355.000 ns	      5634	80001708	012645b3	xor	x11,x12,x18	 x12:0x00000001 x18:0x7fc002e3 x11=0x7fc002e2
      56375.000 ns	      5636	8000170c	a19413d3	flt.s	x7,f8,f25	  f8:0x7fc00000 f25:0x00000000  x7=0x00000000
      56395.000 ns	      5638	80001710	0007d7b3	srl	x15,x15,x0	 x15:0x00000000  x0:0x00000000 x15=0x00000000
      56415.000 ns	      5640	80001714	c0027bd3	fcvt.w.s	x23,f4	  f4:0x7f800000 x23=0x7fffffff
      56445.000 ns	      5643	80001718	20d3a1d3	fsgnjx.s	f3,f7,f13	  f7:0x00000001 f13:0x41800000  f3=0x00000001
      56475.000 ns	      5646	8000171c	c01400d3	fcvt.wu.s	x1,f8	  f8:0x7fc00000  x1=0xffffffff
      56505.000 ns	      5649	80001720	03af33b3	mulhu	x7,x30,x26	 x30:0x00000000 x26:0x1d34e000  x7=0x00000000
      56525.000 ns	      5651	80001724	010555b3	srl	x11,x10,x16	 x10:0x000004a1 x16:0x00000000 x11=0x000004a1
      56535.000 ns	      5652	80001728	d1747013	andi	x0,x8,-745	  x8:0x3fe2085f
      56555.000 ns	      5654	8000172c	d00a8d53	fcvt.s.w	f26,x21	 x21:0x7fc00000 f26=0x4eff8000
      56585.000 ns	      5657	80001730	d01e3cd3	fcvt.s.wu	f25,x28	 x28:0xffffffff f25=0x4f800000
      56605.000 ns	      5659	80001734	007ab7b3	sltu	x15,x21,x7	 x21:0x7fc00000  x7:0x00000000 x15=0x00000000
      56615.000 ns	      5660	80001738	3bae7313	andi	x6,x28,954	 x28:0xffffffff  x6=0x000003ba
      56635.000 ns	      5662	8000173c	e00a8553	fmv.x.w	x10,f21	 f21:0x80000000 x10=0x80000000
      56655.000 ns	      5664	80001740	019e4ab3	xor	x21,x28,x25	 x28:0xffffffff x25:0x00000000 x21=0xffffffff
      56675.000 ns	      5666	80001744	a1629f53	flt.s	x30,f5,f22	  f5:0x80000000 f22:0x00000000 x30=0x00000000
      56695.000 ns	      5668	80001748	00058fb3	add	x31,x11,x0	 x11:0x000004a1  x0:0x00000000 x31=0x000004a1
      56705.000 ns	      5669	8000174c	41f15313	srai	x6,x2,0x1f	  x2:0x00000000  x6=0x00000000
      56725.000 ns	      5671	80001750	d00720d3	fcvt.s.w	f1,x14	 x14:0x00000010  f1=0x41800000
      56755.000 ns	      5674	80001754	28c98253	fmin.s	f4,f19,f12	 f19:0x00000000 f12:0x00000000  f4=0x00000000
      56775.000 ns	      5676	80001758	01919a13	slli	x20,x3,0x19	  x3:0x1d34dff7 x20=0xee000000
      56795.000 ns	      5678	8000175c	c00ef353	fcvt.w.s	x6,f29	 f29:0x00000001  x6=0x00000000
      57165.000 ns	      5715	80001760	0280e733	rem	x14,x1,x8	  x1:0xffffffff  x8:0x3fe2085f x14=0xffffffff
      57195.000 ns	      5718	80001764	214ba0d3	fsgnjx.s	f1,f23,f20	 f23:0x00000000 f20:0x7fc00000  f1=0x00000000
      57225.000 ns	      5721	80001768	a19720d3	feq.s	x1,f14,f25	 f14:0x00000001 f25:0x4f800000  x1=0x00000000
      57255.000 ns	      5724	8000176c	21ef0c53	fsgnj.s	f24,f30,f30	 f30:0x4efff7dc f30:0x4efff7dc f24=0x4efff7dc
      57285.000 ns	      5727	80001770	021c8033	mul	x0,x25,x1	 x25:0x00000000  x1:0x00000000
      57305.000 ns	      5729	80001774	41a786b3	sub	x13,x15,x26	 x15:0x00000000 x26:0x1d34e000 x13=0xe2cb2000
      57315.000 ns	      5730	80001778	68f87413	andi	x8,x16,1679	 x16:0x00000000  x8=0x00000000
      57335.000 ns	      5732	8000177c	039ac433	div	x8,x21,x25	 x21:0xffffffff x25:0x00000000  x8=0xffffffff
      57365.000 ns	      5735	80001780	28c29953	fmax.s	f18,f5,f12	  f5:0x80000000 f12:0x00000000 f18=0x00000000
      57395.000 ns	      5738	80001784	e00003d3	fmv.x.w	x7,f0	  f0:0x80000000  x7=0x80000000
      57415.000 ns	      5740	80001788	0149a333	slt	x6,x19,x20	 x19:0xffffffff x20:0xee000000  x6=0x00000000
      57435.000 ns	      5742	8000178c	c0198b53	fcvt.wu.s	x22,f19	 f19:0x00000000 x22=0x00000000
      57455.000 ns	      5744	80001790	0054a433	slt	x8,x9,x5	  x9:0x80041024  x5:0x00000000  x8=0x00000001
      57485.000 ns	      5747	80001794	18090453	fdiv.s	f8,f18,f0	 f18:0x00000000  f0:0x80000000  f8=0x7fc00000
      57515.000 ns	      5750	80001798	a0340ad3	fle.s	x21,f8,f3	  f8:0x7fc00000  f3:0x00000001 x21=0x00000000
      57545.000 ns	      5753	8000179c	02c61433	mulh	x8,x12,x12	 x12:0x00000001 x12:0x00000001  x8=0x00000000
      57575.000 ns	      5756	800017a0	025bf3b3	remu	x7,x23,x5	 x23:0x7fffffff  x5:0x00000000  x7=0x7fffffff
      57595.000 ns	      5758	800017a4	001b09b3	add	x19,x22,x1	 x22:0x00000000  x1:0x00000000 x19=0x00000000
      57615.000 ns	      5760	800017a8	f0090dd3	fmv.w.x	f27,x18	 x18:0x7fc002e3 f27=0x7fc002e3
      57645.000 ns	      5763	800017ac	0261e5b3	rem	x11,x3,x6	  x3:0x1d34dff7  x6:0x00000000 x11=0x1d34dff7
      57675.000 ns	      5766	800017b0	2015a553	fsgnjx.s	f10,f11,f1	 f11:0x00000000  f1:0x00000000 f10=0x00000000
      57705.000 ns	      5769	800017b4	021838b3	mulhu	x17,x16,x1	 x16:0x00000000  x1:0x00000000 x17=0x00000000
      57725.000 ns	      5771	800017b8	1a8f7b93	andi	x23,x30,424	 x30:0x00000000 x23=0x00000000
      57735.000 ns	      5772	800017bc	05972d13	slti	x26,x14,89	 x14:0xffffffff x26=0x00000001
      57745.000 ns	      5773	800017c0	00000013	addi	x0,x0,0	  x0:0x00000000
      57765.000 ns	      5775	800017c4	03f699b3	mulh	x19,x13,x31	 x13:0xe2cb2000 x31:0x000004a1 x19=0xffffff78
      57785.000 ns	      5777	800017c8	1b386013	ori	x0,x16,435	 x16:0x00000000
      57805.000 ns	      5779	800017cc	28a914d3	fmax.s	f9,f18,f10	 f18:0x00000000 f10:0x00000000  f9=0x00000000
      57825.000 ns	      5781	800017d0	004b9fb3	sll	x31,x23,x4	 x23:0x00000000  x4:0x000001c2 x31=0x00000000
      57845.000 ns	      5783	800017d4	d01b3553	fcvt.s.wu	f10,x22	 x22:0x00000000 f10=0x00000000
      57865.000 ns	      5785	800017d8	002e8fb3	add	x31,x29,x2	 x29:0x00000128  x2:0x00000000 x31=0x00000128
      57885.000 ns	      5787	800017dc	20a914d3	fsgnjn.s	f9,f18,f10	 f18:0x00000000 f10:0x00000000  f9=0x80000000
      57925.000 ns	      5791	800017e0	580aad53	fsqrt.s	f26,f21	 f21:0x80000000 f26=0x80000000
      57945.000 ns	      5793	800017e4	05de3213	sltiu	x4,x28,93	 x28:0xffffffff  x4=0x00000000
      57985.000 ns	      5797	800017e8	090676d3	fsub.s	f13,f12,f16	 f12:0x00000000 f16:0x4f000410 f13=0xcf000410
      58005.000 ns	      5799	800017ec	38ea4893	xori	x17,x20,910	 x20:0xee000000 x17=0xee00038e
      58025.000 ns	      5801	800017f0	20480ad3	fsgnj.s	f21,f16,f4	 f16:0x4f000410  f4:0x00000000 f21=0x4f000410
      58395.000 ns	      5838	800017f4	02cee933	rem	x18,x29,x12	 x29:0x00000128 x12:0x00000001 x18=0x00000000
      58415.000 ns	      5840	800017f8	0082c133	xor	x2,x5,x8	  x5:0x00000000  x8:0x00000000  x2=0x00000000
      58425.000 ns	      5841	800017fc	94860093	addi	x1,x12,-1720	 x12:0x00000001  x1=0xfffff949
      58455.000 ns	      5844	80001800	100a78d3	fmul.s	f17,f20,f0	 f20:0x7fc00000  f0:0x80000000 f17=0x7fc00000
      58485.000 ns	      5847	80001804	20dc17d3	fsgnjn.s	f15,f24,f13	 f24:0x4efff7dc f13:0xcf000410 f15=0x4efff7dc
      58515.000 ns	      5850	80001808	21629753	fsgnjn.s	f14,f5,f22	  f5:0x80000000 f22:0x00000000 f14=0x80000000
      58545.000 ns	      5853	8000180c	03320db3	mul	x27,x4,x19	  x4:0x00000000 x19:0xffffff78 x27=0x00000000
      58915.000 ns	      5890	80001810	02b84233	div	x4,x16,x11	 x16:0x00000000 x11:0x1d34dff7  x4=0x00000000
      58945.000 ns	      5893	80001814	d01440d3	fcvt.s.wu	f1,x8	  x8:0x00000000  f1=0x00000000
      58965.000 ns	      5895	80001818	0065b333	sltu	x6,x11,x6	 x11:0x1d34dff7  x6:0x00000000  x6=0x00000000
      58975.000 ns	      5896	8000181c	00f2d693	srli	x13,x5,0xf	  x5:0x00000000 x13=0x00000000
      58995.000 ns	      5898	80001820	030f10b3	mulh	x1,x30,x16	 x30:0x00000000 x16:0x00000000  x1=0x00000000
      59015.000 ns	      5900	80001824	01019233	sll	x4,x3,x16	  x3:0x1d34dff7 x16:0x00000000  x4=0x1d34dff7
      59035.000 ns	      5902	80001828	c0190453	fcvt.wu.s	x8,f18	 f18:0x00000000  x8=0x00000000
      59055.000 ns	      5904	8000182c	b01a4b93	xori	x23,x20,-1279	 x20:0xee000000 x23=0x11fffb01
      59075.000 ns	      5906	80001830	03ba3ab3	mulhu	x21,x20,x27	 x20:0xee000000 x27:0x00000000 x21=0x00000000
      59105.000 ns	      5909	80001834	21fe03d3	fsgnj.s	f7,f28,f31	 f28:0x00000000 f31:0x00000000  f7=0x00000000
      59135.000 ns	      5912	80001838	026ef9b3	remu	x19,x29,x6	 x29:0x00000128  x6:0x00000000 x19=0x00000128
      59155.000 ns	      5914	8000183c	c1546b13	ori	x22,x8,-1003	  x8:0x00000000 x22=0xfffffc15
      59185.000 ns	      5917	80001840	193770d3	fdiv.s	f1,f14,f19	 f14:0x80000000 f19:0x00000000  f1=0x7fc00000
      59215.000 ns	      5920	80001844	020cf433	remu	x8,x25,x0	 x25:0x00000000  x0:0x00000000  x8=0x00000000
      59245.000 ns	      5923	80001848	03e21233	mulh	x4,x4,x30	  x4:0x1d34dff7 x30:0x00000000  x4=0x00000000
      59265.000 ns	      5925	8000184c	91478917	auipc	x18,0x91478	 x18=0x1147984c
      59285.000 ns	      5927	80001850	d00ab053	fcvt.s.w	f0,x21	 x21:0x00000000  f0=0x00000000
      59305.000 ns	      5929	80001854	00000013	addi	x0,x0,0	  x0:0x00000000
      59315.000 ns	      5930	80001858	013ee8b3	or	x17,x29,x19	 x29:0x00000128 x19:0x00000128 x17=0x00000128
      59325.000 ns	      5931	8000185c	018dc633	xor	x12,x27,x24	 x27:0x00000000 x24:0x80040fe4 x12=0x80040fe4
      59345.000 ns	      5933	80001860	d019a5d3	fcvt.s.wu	f11,x19	 x19:0x00000128 f11=0x43940000
      59375.000 ns	      5936	80001864	e00e0153	fmv.x.w	x2,f28	 f28:0x00000000  x2=0x00000000
      59395.000 ns	      5938	80001868	01e83833	sltu	x16,x16,x30	 x16:0x00000000 x30:0x00000000 x16=0x00000000
      59405.000 ns	      5939	8000186c	00000013	addi	x0,x0,0	  x0:0x00000000
      59415.000 ns	      5940	80001870	86ea7f17	auipc	x30,0x86ea7	 x30=0x06ea8870
      59425.000 ns	      5941	80001874	01093a33	sltu	x20,x18,x16	 x18:0x1147984c x16:0x00000000 x20=0x00000000
      59455.000 ns	      5944	80001878	1069fd53	fmul.s	f26,f19,f6	 f19:0x00000000  f6:0x7fc00000 f26=0x7fc00000
      59495.000 ns	      5948	8000187c	5809f653	fsqrt.s	f12,f19	 f19:0x00000000 f12=0x00000000
      59525.000 ns	      5951	80001880	f0080653	fmv.w.x	f12,x16	 x16:0x00000000 f12=0x00000000
      59555.000 ns	      5954	80001884	a0290353	fle.s	x6,f18,f2	 f18:0x00000000  f2:0xffffffb2  x6=0x00000000
      59575.000 ns	      5956	80001888	40fad833	sra	x16,x21,x15	 x21:0x00000000 x15:0x00000000 x16=0x00000000
      59615.000 ns	      5960	8000188c	017875d3	fadd.s	f11,f16,f23	 f16:0x4f000410 f23:0x00000000 f11=0x4f000410
      59985.000 ns	      5997	80001890	0339e933	rem	x18,x19,x19	 x19:0x00000128 x19:0x00000128 x18=0x00000000
      60015.000 ns	      6000	80001894	a1342953	feq.s	x18,f8,f19	  f8:0x7fc00000 f19:0x00000000 x18=0x00000000
      60385.000 ns	      6037	80001898	03f842b3	div	x5,x16,x31	 x16:0x00000000 x31:0x00000128  x5=0x00000000
      60405.000 ns	      6039	8000189c	01655b33	srl	x22,x10,x22	 x10:0x80000000 x22:0xfffffc15 x22=0x00000400
      60425.000 ns	      6041	800018a0	03b3f533	remu	x10,x7,x27	  x7:0x7fffffff x27:0x00000000 x10=0x7fffffff
      60445.000 ns	      6043	800018a4	41d95d93	srai	x27,x18,0x1d	 x18:0x00000000 x27=0x00000000
      60455.000 ns	      6044	800018a8	01798033	add	x0,x19,x23	 x19:0x00000128 x23:0x11fffb01
      60475.000 ns	      6046	800018ac	f0078e53	fmv.w.x	f28,x15	 x15:0x00000000 f28=0x00000000
      60495.000 ns	      6048	800018b0	00c43133	sltu	x2,x8,x12	  x8:0x00000000 x12:0x80040fe4  x2=0x00000001
      61665.000 ns	      6165	800018b4	5807f0d3	fsqrt.s	f1,f15	 f15:0x4efff7dc  f1=0x473501cb
      61685.000 ns	      6167	800018b8	4170d8b3	sra	x17,x1,x23	  x1:0x00000000 x23:0x11fffb01 x17=0x00000000
      61705.000 ns	      6169	800018bc	034c6933	rem	x18,x24,x20	 x24:0x80040fe4 x20:0x00000000 x18=0x80040fe4
      61725.000 ns	      6171	800018c0	00315d33	srl	x26,x2,x3	  x2:0x00000001  x3:0x1d34dff7 x26=0x00000000
      61735.000 ns	      6172	800018c4	010ee1b3	or	x3,x29,x16	 x29:0x00000128 x16:0x00000000  x3=0x00000128
      61745.000 ns	      6173	800018c8	00d51133	sll	x2,x10,x13	 x10:0x7fffffff x13:0x00000000  x2=0x7fffffff
      61765.000 ns	      6175	800018cc	c00a8453	fcvt.w.s	x8,f21	 f21:0x4f000410  x8=0x7fffffff
      61785.000 ns	      6177	800018d0	01648f33	add	x30,x9,x22	  x9:0x80041024 x22:0x00000400 x30=0x80041424
      61805.000 ns	      6179	800018d4	03acc6b3	div	x13,x25,x26	 x25:0x00000000 x26:0x00000000 x13=0xffffffff
      61835.000 ns	      6182	800018d8	03ce3133	mulhu	x2,x28,x28	 x28:0xffffffff x28:0xffffffff  x2=0xfffffffe
      61855.000 ns	      6184	800018dc	0187f3b3	and	x7,x15,x24	 x15:0x00000000 x24:0x80040fe4  x7=0x00000000
      61885.000 ns	      6187	800018e0	1869fcd3	fdiv.s	f25,f19,f6	 f19:0x00000000  f6:0x7fc00000 f25=0x7fc00000
      61905.000 ns	      6189	800018e4	00a75613	srli	x12,x14,0xa	 x14:0xffffffff x12=0x003fffff
      61915.000 ns	      6190	800018e8	415e5633	sra	x12,x28,x21	 x28:0xffffffff x21:0x00000000 x12=0xffffffff
      61955.000 ns	      6194	800018ec	08957bd3	fsub.s	f23,f10,f9	 f10:0x00000000  f9:0x80000000 f23=0x00000000
      61985.000 ns	      6197	800018f0	28989453	fmax.s	f8,f17,f9	 f17:0x7fc00000  f9:0x80000000  f8=0x80000000
      62325.000 ns	      6231	800018f4	183c2b53	fdiv.s	f22,f24,f3	 f24:0x4efff7dc  f3:0x00000001 f22=0x7f800000
      62345.000 ns	      6233	800018f8	01cf8233	add	x4,x31,x28	 x31:0x00000128 x28:0xffffffff  x4=0x00000127
      62365.000 ns	      6235	800018fc	a07588d3	fle.s	x17,f11,f7	 f11:0x4f000410  f7:0x00000000 x17=0x00000000
      62735.000 ns	      6272	80001900	036f6433	rem	x8,x30,x22	 x30:0x80041424 x22:0x00000400  x8=0xfffffc24
      62775.000 ns	      6276	80001904	18d57653	fdiv.s	f12,f10,f13	 f10:0x00000000 f13:0xcf000410 f12=0x80000000
      62805.000 ns	      6279	80001908	c01985d3	fcvt.wu.s	x11,f19	 f19:0x00000000 x11=0x00000000
      62825.000 ns	      6281	8000190c	b3e233b7	lui	x7,0xb3e23	  x7=0xb3e23000
      62835.000 ns	      6282	80001910	41f0d713	srai	x14,x1,0x1f	  x1:0x00000000 x14=0x00000000
      62855.000 ns	      6284	80001914	a1d21653	flt.s	x12,f4,f29	  f4:0x00000000 f29:0x00000001 x12=0x00000001
      62875.000 ns	      6286	80001918	f57f2197	auipc	x3,0xf57f2	  x3=0x757f3918
      62895.000 ns	      6288	8000191c	c00ef5d3	fcvt.w.s	x11,f29	 f29:0x00000001 x11=0x00000000
      62925.000 ns	      6291	80001920	a1ee12d3	flt.s	x5,f28,f30	 f28:0x00000000 f30:0x4efff7dc  x5=0x00000001
      62945.000 ns	      6293	80001924	01eb10b3	sll	x1,x22,x30	 x22:0x00000400 x30:0x80041424  x1=0x00004000
      62965.000 ns	      6295	80001928	21f91f53	fsgnjn.s	f30,f18,f31	 f18:0x00000000 f31:0x00000000 f30=0x80000000
      62995.000 ns	      6298	8000192c	03fdabb3	mulhsu	x23,x27,x31	 x27:0x00000000 x31:0x00000128 x23=0x00000000
      63015.000 ns	      6300	80001930	01969bb3	sll	x23,x13,x25	 x13:0xffffffff x25:0x00000000 x23=0xffffffff
      63025.000 ns	      6301	80001934	ed498d37	lui	x26,0xed498	 x26=0xed498000
      63035.000 ns	      6302	80001938	0190d733	srl	x14,x1,x25	  x1:0x00004000 x25:0x00000000 x14=0x00004000
      63055.000 ns	      6304	8000193c	038e06b3	mul	x13,x28,x24	 x28:0xffffffff x24:0x80040fe4 x13=0x7ffbf01c
      63085.000 ns	      6307	80001940	a1110053	fle.s	x0,f2,f17	  f2:0xffffffb2 f17:0x7fc00000
      63455.000 ns	      6344	80001944	02a767b3	rem	x15,x14,x10	 x14:0x00004000 x10:0x7fffffff x15=0x00004000
      63475.000 ns	      6346	80001948	972a59b7	lui	x19,0x972a5	 x19=0x972a5000
      63485.000 ns	      6347	8000194c	010687b3	add	x15,x13,x16	 x13:0x7ffbf01c x16:0x00000000 x15=0x7ffbf01c
      63505.000 ns	      6349	80001950	21212353	fsgnjx.s	f6,f2,f18	  f2:0xffffffb2 f18:0x00000000  f6=0xffffffb2
      63535.000 ns	      6352	80001954	a08d0353	fle.s	x6,f26,f8	 f26:0x7fc00000  f8:0x80000000  x6=0x00000000
      63905.000 ns	      6389	80001958	0299ff33	remu	x30,x19,x9	 x19:0x972a5000  x9:0x80041024 x30=0x17263fdc
      63935.000 ns	      6392	8000195c	29d115d3	fmax.s	f11,f2,f29	  f2:0xffffffb2 f29:0x00000001 f11=0x00000001
      64305.000 ns	      6429	80001960	02216eb3	rem	x29,x2,x2	  x2:0xfffffffe  x2:0xfffffffe x29=0x00000000
      64325.000 ns	      6431	80001964	408482b3	sub	x5,x9,x8	  x9:0x80041024  x8:0xfffffc24  x5=0x80041400
      64335.000 ns	      6432	80001968	51faa313	slti	x6,x21,1311	 x21:0x00000000  x6=0x00000001
      64345.000 ns	      6433	8000196c	0102ddb3	srl	x27,x5,x16	  x5:0x00000001 x16:0x00000000 x27=0x80041400
      64355.000 ns	      6434	80001970	77c9f313	andi	x6,x19,1916	 x19:0x972a5000  x6=0x00000000
      64365.000 ns	      6435	80001974	9a297513	andi	x10,x18,-1630	 x18:0x80040fe4 x10=0x800409a0
      64385.000 ns	      6437	80001978	21201e53	fsgnjn.s	f28,f0,f18	  f0:0x00000000 f18:0x00000000 f28=0x80000000
      64405.000 ns	      6439	8000197c	003539b3	sltu	x19,x10,x3	 x10:0x7fffffff  x3:0x757f3918 x19=0x00000000
      64415.000 ns	      6440	80001980	00504333	xor	x6,x0,x5	  x0:0x00000000  x5:0x80041400  x6=0x80041400
      64435.000 ns	      6442	80001984	d01cfcd3	fcvt.s.wu	f25,x25	 x25:0x00000000 f25=0x00000000
      64465.000 ns	      6445	80001988	c00eff53	fcvt.w.s	x30,f29	 f29:0x00000001 x30=0x00000000
      64485.000 ns	      6447	8000198c	8fccb093	sltiu	x1,x25,-1796	 x25:0x00000000  x1=0x00000001
      64505.000 ns	      6449	80001990	21009953	fsgnjn.s	f18,f1,f16	  f1:0x473501cb f16:0x4f000410 f18=0xc73501cb
      64525.000 ns	      6451	80001994	009c13b3	sll	x7,x24,x9	 x24:0x80040fe4  x9:0x80041024  x7=0x0040fe40
      64545.000 ns	      6453	80001998	d000b053	fcvt.s.w	f0,x1	  x1:0x00000001  f0=0x3f800000
      64565.000 ns	      6455	8000199c	00411113	slli	x2,x2,0x4	  x2:0xfffffffe  x2=0xffffffe0
      64585.000 ns	      6457	800019a0	03c193b3	mulh	x7,x3,x28	  x3:0x757f3918 x28:0xffffffff  x7=0xffffffff
      65765.000 ns	      6575	800019a4	580814d3	fsqrt.s	f9,f16	 f16:0x4f000410  f9=0x46b50a40
      65795.000 ns	      6578	800019a8	285587d3	fmin.s	f15,f11,f5	 f11:0x00000001  f5:0x80000000 f15=0x80000000
      65825.000 ns	      6581	800019ac	d01d7c53	fcvt.s.wu	f24,x26	 x26:0xed498000 f24=0x4f6d4980
      65855.000 ns	      6584	800019b0	21dda3d3	fsgnjx.s	f7,f27,f29	 f27:0x7fc002e3 f29:0x00000001  f7=0x7fc002e3
      65885.000 ns	      6587	800019b4	a19d87d3	fle.s	x15,f27,f25	 f27:0x7fc002e3 f25:0x00000000 x15=0x00000000
      65905.000 ns	      6589	800019b8	014f17b3	sll	x15,x30,x20	 x30:0x00000000 x20:0x00000000 x15=0x00000000
      65915.000 ns	      6590	800019bc	4086dab3	sra	x21,x13,x8	 x13:0x7ffbf01c  x8:0xfffffc24 x21=0x07ffbf01
      65925.000 ns	      6591	800019c0	23655f37	lui	x30,0x23655	 x30=0x23655000
      65945.000 ns	      6593	800019c4	d01ef453	fcvt.s.wu	f8,x29	 x29:0x00000000  f8=0x00000000
      65975.000 ns	      6596	800019c8	03199b33	mulh	x22,x19,x17	 x19:0x00000000 x17:0x00000000 x22=0x00000000
      66005.000 ns	      6599	800019cc	0206e3b3	rem	x7,x13,x0	 x13:0x7ffbf01c  x0:0x00000000  x7=0x7ffbf01c
      66035.000 ns	      6602	800019d0	295e0c53	fmin.s	f24,f28,f21	 f28:0x80000000 f21:0x4f000410 f24=0x80000000
      66405.000 ns	      6639	800019d4	032076b3	remu	x13,x0,x18	  x0:0x00000000 x18:0x80040fe4 x13=0x00000000
      66435.000 ns	      6642	800019d8	d012f1d3	fcvt.s.wu	f3,x5	  x5:0x80041400  f3=0x4f000414
      66455.000 ns	      6644	800019dc	01611f13	slli	x30,x2,0x16	  x2:0xffffffe0 x30=0xf8000000
      66465.000 ns	      6645	800019e0	41fdd9b3	sra	x19,x27,x31	 x27:0x80041400 x31:0x00000128 x19=0xff800414
      66485.000 ns	      6647	800019e4	f0060953	fmv.w.x	f18,x12	 x12:0x00000001 f18=0x00000001
      66505.000 ns	      6649	800019e8	4032db93	srai	x23,x5,0x3	  x5:0x80041400 x23=0xf0008280
      66525.000 ns	      6651	800019ec	d016a753	fcvt.s.wu	f14,x13	 x13:0x00000000 f14=0x00000000
      66555.000 ns	      6654	800019f0	035b3e33	mulhu	x28,x22,x21	 x22:0x00000000 x21:0x07ffbf01 x28=0x00000000
      66575.000 ns	      6656	800019f4	0189b433	sltu	x8,x19,x24	 x19:0xff800414 x24:0x80040fe4  x8=0x00000000
      66585.000 ns	      6657	800019f8	ef3a1917	auipc	x18,0xef3a1	 x18=0x6f3a29f8
      66595.000 ns	      6658	800019fc	4382f093	andi	x1,x5,1080	  x5:0x80041400  x1=0x00000400
      66605.000 ns	      6659	80001a00	015d5f93	srli	x31,x26,0x15	 x26:0xed498000 x31=0x0000076a
      66625.000 ns	      6661	80001a04	d014fed3	fcvt.s.wu	f29,x9	  x9:0x80041024 f29=0x4f000410
      66655.000 ns	      6664	80001a08	28ca92d3	fmax.s	f5,f21,f12	 f21:0x4f000410 f12:0x80000000  f5=0x4f000410
      66675.000 ns	      6666	80001a0c	408dd313	srai	x6,x27,0x8	 x27:0x80041400  x6=0xff800414
      67035.000 ns	      6702	80001a10	027350b3	divu	x1,x6,x7	  x6:0x80041400  x7:0x7ffbf01c  x1=0x00000001
      67375.000 ns	      6736	80001a14	18b2c6d3	fdiv.s	f13,f5,f11	  f5:0x4f000410 f11:0x00000001 f13=0x7f800000
      67395.000 ns	      6738	80001a18	a6846f13	ori	x30,x8,-1432	  x8:0x00000000 x30=0xfffffa68
      67405.000 ns	      6739	80001a1c	17c02513	slti	x10,x0,380	  x0:0x00000000 x10=0x00000001
      67425.000 ns	      6741	80001a20	c00c37d3	fcvt.w.s	x15,f24	 f24:0x80000000 x15=0x00000000
      67445.000 ns	      6743	80001a24	010a27b3	slt	x15,x20,x16	 x20:0x00000000 x16:0x00000000 x15=0x00000000
      67465.000 ns	      6745	80001a28	03febeb3	mulhu	x29,x29,x31	 x29:0x00000000 x31:0x0000076a x29=0x00000000
      67485.000 ns	      6747	80001a2c	01763233	sltu	x4,x12,x23	 x12:0x00000001 x23:0xf0008280  x4=0x00000001
      67495.000 ns	      6748	80001a30	011f22b3	slt	x5,x30,x17	 x30:0xfffffa68 x17:0x00000000  x5=0x00000001
      67515.000 ns	      6750	80001a34	e0061153	fclass.s	x2,f12	 f12:0x80000000  x2=0x00000008
      67885.000 ns	      6787	80001a38	03bb62b3	rem	x5,x22,x27	 x22:0x00000000 x27:0x80041400  x5=0x00000000
      67915.000 ns	      6790	80001a3c	d00eff53	fcvt.s.w	f30,x29	 x29:0x00000000 f30=0x00000000
      67945.000 ns	      6793	80001a40	207d09d3	fsgnj.s	f19,f26,f7	 f26:0x7fc00000  f7:0x7fc002e3 f19=0x7fc00000
      67975.000 ns	      6796	80001a44	a1120653	fle.s	x12,f4,f17	  f4:0x00000000 f17:0x7fc00000 x12=0x00000000
      68005.000 ns	      6799	80001a48	d0069453	fcvt.s.w	f8,x13	 x13:0x00000000  f8=0x00000000
      68035.000 ns	      6802	80001a4c	294c8cd3	fmin.s	f25,f25,f20	 f25:0x00000000 f20:0x7fc00000 f25=0x00000000
      68055.000 ns	      6804	80001a50	1cf2a393	slti	x7,x5,463	  x5:0x00000000  x7=0x00000001
      68075.000 ns	      6806	80001a54	d00bb8d3	fcvt.s.w	f17,x23	 x23:0xf0008280 f17=0xcd7ff7d8
      68105.000 ns	      6809	80001a58	21470c53	fsgnj.s	f24,f14,f20	 f14:0x00000000 f20:0x7fc00000 f24=0x00000000
      68135.000 ns	      6812	80001a5c	c0098253	fcvt.w.s	x4,f19	 f19:0x7fc00000  x4=0x7fffffff
      68155.000 ns	      6814	80001a60	003207b3	add	x15,x4,x3	  x4:0x00000001  x3:0x757f3918 x15=0xf57f3917
      68185.000 ns	      6817	80001a64	18c29553	fdiv.s	f10,f5,f12	  f5:0x4f000410 f12:0x80000000 f10=0xff800000
      68205.000 ns	      6819	80001a68	017cdd33	srl	x26,x25,x23	 x25:0x00000000 x23:0xf0008280 x26=0x00000000
      68215.000 ns	      6820	80001a6c	69a0b793	sltiu	x15,x1,1690	  x1:0x00000001 x15=0x00000001
      68225.000 ns	      6821	80001a70	005d5533	srl	x10,x26,x5	 x26:0xed498000  x5:0x00000000 x10=0x00000000
      68235.000 ns	      6822	80001a74	4108de13	srai	x28,x17,0x10	 x17:0x00000000 x28=0x00000000
      68255.000 ns	      6824	80001a78	03e72ab3	mulhsu	x21,x14,x30	 x14:0x00004000 x30:0xfffffa68 x21=0x00003fff
      68275.000 ns	      6826	80001a7c	0085cb33	xor	x22,x11,x8	 x11:0x00000000  x8:0x00000000 x22=0x00000000
      68635.000 ns	      6862	80001a80	03e4f933	remu	x18,x9,x30	  x9:0x80041024 x30:0xfffffa68 x18=0x80041024
      68655.000 ns	      6864	80001a84	01a52533	slt	x10,x10,x26	 x10:0x00000000 x26:0x00000000 x10=0x00000000
      68665.000 ns	      6865	80001a88	f4c66e13	ori	x28,x12,-180	 x12:0x00000000 x28=0xffffff4c
      68685.000 ns	      6867	80001a8c	033f2833	mulhsu	x16,x30,x19	 x30:0xfffffa68 x19:0xff800414 x16=0xfffffa6a
      68725.000 ns	      6871	80001a90	580d7dd3	fsqrt.s	f27,f26	 f26:0x7fc00000 f27=0x7fc00000
      68745.000 ns	      6873	80001a94	2f55e993	ori	x19,x11,757	 x11:0x00000000 x19=0x000002f5
      68755.000 ns	      6874	80001a98	010752b3	srl	x5,x14,x16	 x14:0x00004000 x16:0xfffffa6a  x5=0x00000010
      68765.000 ns	      6875	80001a9c	00418e33	add	x28,x3,x4	  x3:0x757f3918  x4:0x7fffffff x28=0xf57f3917
      68795.000 ns	      6878	80001aa0	19517453	fdiv.s	f8,f2,f21	  f2:0xffffffb2 f21:0x4f000410  f8=0x7fc00000
      68845.000 ns	      6883	80001aa4	00da3e53	fadd.s	f28,f20,f13	 f20:0x7fc00000 f13:0x7f800000 f28=0x7fc00000
      68865.000 ns	      6885	80001aa8	009e0fb3	add	x31,x28,x9	 x28:0xf57f3917  x9:0x80041024 x31=0x7583493b
      68885.000 ns	      6887	80001aac	036fa633	mulhsu	x12,x31,x22	 x31:0x0000076a x22:0x00000000 x12=0x00000000
      68925.000 ns	      6891	80001ab0	19a1fa53	fdiv.s	f20,f3,f26	  f3:0x4f000414 f26:0x7fc00000 f20=0x7fc00000
      68945.000 ns	      6893	80001ab4	013e3533	sltu	x10,x28,x19	 x28:0xf57f3917 x19:0x000002f5 x10=0x00000000
      68955.000 ns	      6894	80001ab8	40fbd233	sra	x4,x23,x15	 x23:0xf0008280 x15:0x00000001  x4=0xf8004140
      68975.000 ns	      6896	80001abc	e00511d3	fclass.s	x3,f10	 f10:0xff800000  x3=0x00000001
      68995.000 ns	      6898	80001ac0	00c45433	srl	x8,x8,x12	  x8:0x00000000 x12:0x00000000  x8=0x00000000
      69015.000 ns	      6900	80001ac4	0373a9b3	mulhsu	x19,x7,x23	  x7:0x00000001 x23:0xf0008280 x19=0x00000000
      69035.000 ns	      6902	80001ac8	00ec55b3	srl	x11,x24,x14	 x24:0x80040fe4 x14:0x00004000 x11=0x80040fe4
      69055.000 ns	      6904	80001acc	209689d3	fsgnj.s	f19,f13,f9	 f13:0x7f800000  f9:0x46b50a40 f19=0x7f800000
      69075.000 ns	      6906	80001ad0	6eb8aa93	slti	x21,x17,1771	 x17:0x00000000 x21=0x00000001
      69105.000 ns	      6909	80001ad4	580e2ed3	fsqrt.s	f29,f28	 f28:0x7fc00000 f29=0x7fc00000
      69125.000 ns	      6911	80001ad8	ac08c797	auipc	x15,0xac08c	 x15=0x2c08dad8
      69135.000 ns	      6912	80001adc	018d9fb3	sll	x31,x27,x24	 x27:0x80041400 x24:0x80040fe4 x31=0x00414000
      69145.000 ns	      6913	80001ae0	01943fb3	sltu	x31,x8,x25	  x8:0x00000000 x25:0x00000000 x31=0x00000000
      69155.000 ns	      6914	80001ae4	00fbe733	or	x14,x23,x15	 x23:0xf0008280 x15:0x2c08dad8 x14=0xfc08dad8
      69175.000 ns	      6916	80001ae8	03a6c933	div	x18,x13,x26	 x13:0x00000000 x26:0x00000000 x18=0xffffffff
      69205.000 ns	      6919	80001aec	c00d7853	fcvt.w.s	x16,f26	 f26:0x7fc00000 x16=0x7fffffff
      69225.000 ns	      6921	80001af0	0145e8b3	or	x17,x11,x20	 x11:0x80040fe4 x20:0x00000000 x17=0x80040fe4
      69245.000 ns	      6923	80001af4	212381d3	fsgnj.s	f3,f7,f18	  f7:0x7fc002e3 f18:0x00000001  f3=0x7fc002e3
      69275.000 ns	      6926	80001af8	c01172d3	fcvt.wu.s	x5,f2	  f2:0xffffffb2  x5=0xffffffff
      69295.000 ns	      6928	80001afc	009e3b33	sltu	x22,x28,x9	 x28:0xf57f3917  x9:0x80041024 x22=0x00000000
      69305.000 ns	      6929	80001b00	005b5113	srli	x2,x22,0x5	 x22:0x00000000  x2=0x00000000
      69665.000 ns	      6965	80001b04	02f35e33	divu	x28,x6,x15	  x6:0xff800414 x15:0x2c08dad8 x28=0x00000005
      69695.000 ns	      6968	80001b08	d012a453	fcvt.s.wu	f8,x5	  x5:0xffffffff  f8=0x4f800000
      69715.000 ns	      6970	80001b0c	014fb433	sltu	x8,x31,x20	 x31:0x00000000 x20:0x00000000  x8=0x00000000
      69735.000 ns	      6972	80001b10	f00b0553	fmv.w.x	f10,x22	 x22:0x00000000 f10=0x00000000
      69755.000 ns	      6974	80001b14	fc477013	andi	x0,x14,-60	 x14:0xfc08dad8
      69765.000 ns	      6975	80001b18	00de9393	slli	x7,x29,0xd	 x29:0x00000000  x7=0x00000000
      69775.000 ns	      6976	80001b1c	853e8013	addi	x0,x29,-1965	 x29:0x00000000
      69795.000 ns	      6978	80001b20	29d109d3	fmin.s	f19,f2,f29	  f2:0xffffffb2 f29:0x7fc00000 f19=0x7fc00000
      69815.000 ns	      6980	80001b24	004067b3	or	x15,x0,x4	  x0:0x00000000  x4:0xf8004140 x15=0xf8004140
      69825.000 ns	      6981	80001b28	01f1d2b3	srl	x5,x3,x31	  x3:0x00000001 x31:0x00000000  x5=0x00000001
      69835.000 ns	      6982	80001b2c	00e57d33	and	x26,x10,x14	 x10:0x00000000 x14:0xfc08dad8 x26=0x00000000
      69845.000 ns	      6983	80001b30	04943d93	sltiu	x27,x8,73	  x8:0x00000000 x27=0x00000001
      69855.000 ns	      6984	80001b34	00000013	addi	x0,x0,0	  x0:0x00000000
      69875.000 ns	      6986	80001b38	f0048653	fmv.w.x	f12,x9	  x9:0x80041024 f12=0x80041024
      69905.000 ns	      6989	80001b3c	02388f33	mul	x30,x17,x3	 x17:0x80040fe4  x3:0x00000001 x30=0x80040fe4
      69925.000 ns	      6991	80001b40	019c9f33	sll	x30,x25,x25	 x25:0x00000000 x25:0x00000000 x30=0x00000000
      69935.000 ns	      6992	80001b44	e15db793	sltiu	x15,x27,-491	 x27:0x00000001 x15=0x00000001
      69945.000 ns	      6993	80001b48	405757b3	sra	x15,x14,x5	 x14:0xfc08dad8  x5:0x00000001 x15=0xfe046d6c
      69975.000 ns	      6996	80001b4c	19b49453	fdiv.s	f8,f9,f27	  f9:0x46b50a40 f27:0x7fc00000  f8=0x7fc00000
      69995.000 ns	      6998	80001b50	407a0fb3	sub	x31,x20,x7	 x20:0x00000000  x7:0x00000000 x31=0x00000000
      70355.000 ns	      7034	80001b54	02e3d8b3	divu	x17,x7,x14	  x7:0x00000000 x14:0xfc08dad8 x17=0x00000000
      70385.000 ns	      7037	80001b58	a0762e53	feq.s	x28,f12,f7	 f12:0x80041024  f7:0x7fc002e3 x28=0x00000000
      70405.000 ns	      7039	80001b5c	01292eb3	slt	x29,x18,x18	 x18:0xffffffff x18:0xffffffff x29=0x00000000
      70425.000 ns	      7041	80001b60	038ebfb3	mulhu	x31,x29,x24	 x29:0x00000000 x24:0x80040fe4 x31=0x00000000
      70445.000 ns	      7043	80001b64	009767b3	or	x15,x14,x9	 x14:0xfc08dad8  x9:0x80041024 x15=0xfc0cdafc
      70465.000 ns	      7045	80001b68	29e80553	fmin.s	f10,f16,f30	 f16:0x4f000410 f30:0x00000000 f10=0x00000000
      70485.000 ns	      7047	80001b6c	0001f733	and	x14,x3,x0	  x3:0x00000001  x0:0x00000000 x14=0x00000000
      70495.000 ns	      7048	80001b70	012e5113	srli	x2,x28,0x12	 x28:0x00000000  x2=0x00000000
      70505.000 ns	      7049	80001b74	001c8fb3	add	x31,x25,x1	 x25:0x00000000  x1:0x00000001 x31=0x00000001
      70525.000 ns	      7051	80001b78	0209c633	div	x12,x19,x0	 x19:0x00000000  x0:0x00000000 x12=0xffffffff
      70555.000 ns	      7054	80001b7c	0364a9b3	mulhsu	x19,x9,x22	  x9:0x80041024 x22:0x00000000 x19=0x00000000
      70585.000 ns	      7057	80001b80	2071a053	fsgnjx.s	f0,f3,f7	  f3:0x7fc002e3  f7:0x7fc002e3  f0=0x7fc002e3
      70605.000 ns	      7059	80001b84	008c6ab3	or	x21,x24,x8	 x24:0x80040fe4  x8:0x00000000 x21=0x80040fe4
      70625.000 ns	      7061	80001b88	a11788d3	fle.s	x17,f15,f17	 f15:0x80000000 f17:0xcd7ff7d8 x17=0x00000000
      70655.000 ns	      7064	80001b8c	c00b73d3	fcvt.w.s	x7,f22	 f22:0x7f800000  x7=0x7fffffff
      70675.000 ns	      7066	80001b90	00000013	addi	x0,x0,0	  x0:0x00000000
      70685.000 ns	      7067	80001b94	00291813	slli	x16,x18,0x2	 x18:0xffffffff x16=0xfffffffc
      70695.000 ns	      7068	80001b98	419687b3	sub	x15,x13,x25	 x13:0x00000000 x25:0x00000000 x15=0x00000000
      70705.000 ns	      7069	80001b9c	013da933	slt	x18,x27,x19	 x27:0x00000001 x19:0x00000000 x18=0x00000000
      70725.000 ns	      7071	80001ba0	c007cfd3	fcvt.w.s	x31,f15	 f15:0x80000000 x31=0x00000000
      70745.000 ns	      7073	80001ba4	0050b433	sltu	x8,x1,x5	  x1:0x00000001  x5:0x00000001  x8=0x00000000
      70765.000 ns	      7075	80001ba8	033877b3	remu	x15,x16,x19	 x16:0xfffffffc x19:0x00000000 x15=0xfffffffc
      70785.000 ns	      7077	80001bac	41f7d313	srai	x6,x15,0x1f	 x15:0x00000000  x6=0xffffffff
      70805.000 ns	      7079	80001bb0	0308b5b3	mulhu	x11,x17,x16	 x17:0x00000000 x16:0xfffffffc x11=0x00000000
      70825.000 ns	      7081	80001bb4	40188ab3	sub	x21,x17,x1	 x17:0x00000000  x1:0x00000001 x21=0xffffffff
      70845.000 ns	      7083	80001bb8	c0054fd3	fcvt.w.s	x31,f10	 f10:0x00000000 x31=0x00000000
      70875.000 ns	      7086	80001bbc	02212733	mulhsu	x14,x2,x2	  x2:0x00000000  x2:0x00000000 x14=0x00000000
      71245.000 ns	      7123	80001bc0	038cedb3	rem	x27,x25,x24	 x25:0x00000000 x24:0x80040fe4 x27=0x00000000
      71265.000 ns	      7125	80001bc4	18ca0693	addi	x13,x20,396	 x20:0x00000000 x13=0x0000018c
      71285.000 ns	      7127	80001bc8	02e987b3	mul	x15,x19,x14	 x19:0x00000000 x14:0x00000000 x15=0x00000000
      71305.000 ns	      7129	80001bcc	007e5db3	srl	x27,x28,x7	 x28:0x00000000  x7:0x7fffffff x27=0x00000000
      71325.000 ns	      7131	80001bd0	03433033	mulhu	x0,x6,x20	  x6:0xffffffff x20:0x00000000
      71345.000 ns	      7133	80001bd4	0097fb33	and	x22,x15,x9	 x15:0x00000000  x9:0x80041024 x22=0x00000000
      71365.000 ns	      7135	80001bd8	a192af53	feq.s	x30,f5,f25	  f5:0x4f000410 f25:0x00000000 x30=0x00000000
      71395.000 ns	      7138	80001bdc	d00597d3	fcvt.s.w	f15,x11	 x11:0x00000000 f15=0x00000000
      71435.000 ns	      7142	80001be0	18f170d3	fdiv.s	f1,f2,f15	  f2:0xffffffb2 f15:0x80000000  f1=0x7fc00000
      71455.000 ns	      7144	80001be4	3f9e3f97	auipc	x31,0x3f9e3	 x31=0xbf9e4be4
      71465.000 ns	      7145	80001be8	2b904937	lui	x18,0x2b904	 x18=0x2b904000
      71475.000 ns	      7146	80001bec	c3175197	auipc	x3,0xc3175	  x3=0x43176bec
      71495.000 ns	      7148	80001bf0	020efeb3	remu	x29,x29,x0	 x29:0x00000000  x0:0x00000000 x29=0x00000000
      71525.000 ns	      7151	80001bf4	d01e1d53	fcvt.s.wu	f26,x28	 x28:0x00000000 f26=0x00000000
      71555.000 ns	      7154	80001bf8	292b9053	fmax.s	f0,f23,f18	 f23:0x00000000 f18:0x00000001  f0=0x00000001
      71575.000 ns	      7156	80001bfc	00000013	addi	x0,x0,0	  x0:0x00000000
      71585.000 ns	      7157	80001c00	75b5a813	slti	x16,x11,1883	 x11:0x00000000 x16=0x00000001
      71605.000 ns	      7159	80001c04	c01ff253	fcvt.wu.s	x4,f31	 f31:0x00000000  x4=0x00000000
      71625.000 ns	      7161	80001c08	41fe52b3	sra	x5,x28,x31	 x28:0x00000000 x31:0xbf9e4be4  x5=0x00000000
      71645.000 ns	      7163	80001c0c	e0099153	fclass.s	x2,f19	 f19:0x7fc00000  x2=0x00000200
      71665.000 ns	      7165	80001c10	011523b3	slt	x7,x10,x17	 x10:0x00000000 x17:0x00000000  x7=0x00000000
      71685.000 ns	      7167	80001c14	d01a7ed3	fcvt.s.wu	f29,x20	 x20:0x00000000 f29=0x00000000
      71715.000 ns	      7170	80001c18	a02e02d3	fle.s	x5,f28,f2	 f28:0x7fc00000  f2:0xffffffb2  x5=0x00000000
      71735.000 ns	      7172	80001c1c	01aa1b13	slli	x22,x20,0x1a	 x20:0x00000000 x22=0x00000000
      71745.000 ns	      7173	80001c20	009565b3	or	x11,x10,x9	 x10:0x00000000  x9:0x80041024 x11=0x80041024
      71755.000 ns	      7174	80001c24	011c5f13	srli	x30,x24,0x11	 x24:0x80040fe4 x30=0x00004002
      71765.000 ns	      7175	80001c28	97492193	slti	x3,x18,-1676	 x18:0x2b904000  x3=0x00000000
      71785.000 ns	      7177	80001c2c	f0008853	fmv.w.x	f16,x1	  x1:0x00000001 f16=0x00000001
      71805.000 ns	      7179	80001c30	4160d133	sra	x2,x1,x22	  x1:0x00000001 x22:0x00000000  x2=0x00000001
      71835.000 ns	      7182	80001c34	580ffa53	fsqrt.s	f20,f31	 f31:0x00000000 f20=0x00000000
      71855.000 ns	      7184	80001c38	00835ab3	srl	x21,x6,x8	  x6:0xffffffff  x8:0x00000000 x21=0xffffffff
      71865.000 ns	      7185	80001c3c	01f0a133	slt	x2,x1,x31	  x1:0x00000001 x31:0xbf9e4be4  x2=0x00000000
      71885.000 ns	      7187	80001c40	d01e8bd3	fcvt.s.wu	f23,x29	 x29:0x00000000 f23=0x00000000
      71915.000 ns	      7190	80001c44	035c2e33	mulhsu	x28,x24,x21	 x24:0x80040fe4 x21:0xffffffff x28=0x80040fe4
      71945.000 ns	      7193	80001c48	c01f99d3	fcvt.wu.s	x19,f31	 f31:0x00000000 x19=0x00000000
      71965.000 ns	      7195	80001c4c	40bfd5b3	sra	x11,x31,x11	 x31:0xbf9e4be4 x11:0x80041024 x11=0xfbf9e4be
      71985.000 ns	      7197	80001c50	02d83ab3	mulhu	x21,x16,x13	 x16:0x00000001 x13:0x0000018c x21=0x00000000
      72005.000 ns	      7199	80001c54	00476633	or	x12,x14,x4	 x14:0x00000000  x4:0x00000000 x12=0x00000000
      72015.000 ns	      7200	80001c58	417982b3	sub	x5,x19,x23	 x19:0x00000000 x23:0xf0008280  x5=0x0fff7d80
      72035.000 ns	      7202	80001c5c	a0f69f53	flt.s	x30,f13,f15	 f13:0x7f800000 f15:0x00000000 x30=0x00000000
      72065.000 ns	      7205	80001c60	28e91053	fmax.s	f0,f18,f14	 f18:0x00000001 f14:0x00000000  f0=0x00000001
      72085.000 ns	      7207	80001c64	e5fd6ab7	lui	x21,0xe5fd6	 x21=0xe5fd6000
      72095.000 ns	      7208	80001c68	00a70733	add	x14,x14,x10	 x14:0x00000000 x10:0x00000000 x14=0x00000000
      72115.000 ns	      7210	80001c6c	d013f7d3	fcvt.s.wu	f15,x7	  x7:0x00000000 f15=0x00000000
      72155.000 ns	      7214	80001c70	119ffd53	fmul.s	f26,f31,f25	 f31:0x00000000 f25:0x00000000 f26=0x00000000
      72185.000 ns	      7217	80001c74	03bb4e33	div	x28,x22,x27	 x22:0x00000000 x27:0x00000000 x28=0xffffffff
      72205.000 ns	      7219	80001c78	d1c32b13	slti	x22,x6,-740	  x6:0xffffffff x22=0x00000000
      72215.000 ns	      7220	80001c7c	410e0933	sub	x18,x28,x16	 x28:0xffffffff x16:0x00000001 x18=0xfffffffe
      72235.000 ns	      7222	80001c80	f00807d3	fmv.w.x	f15,x16	 x16:0x00000001 f15=0x00000001
      72255.000 ns	      7224	80001c84	41e15b33	sra	x22,x2,x30	  x2:0x00000000 x30:0x00000000 x22=0x00000000
      72275.000 ns	      7226	80001c88	02f09933	mulh	x18,x1,x15	  x1:0x00000001 x15:0x00000000 x18=0x00000000
      72305.000 ns	      7229	80001c8c	297a14d3	fmax.s	f9,f20,f23	 f20:0x00000000 f23:0x00000000  f9=0x00000000
      72335.000 ns	      7232	80001c90	c01ac753	fcvt.wu.s	x14,f21	 f21:0x4f000410 x14=0x80041000
      72365.000 ns	      7235	80001c94	29a080d3	fmin.s	f1,f1,f26	  f1:0x7fc00000 f26:0x00000000  f1=0x00000000
      72385.000 ns	      7237	80001c98	014a9993	slli	x19,x21,0x14	 x21:0xe5fd6000 x19=0x00000000
      72395.000 ns	      7238	80001c9c	00ed9893	slli	x17,x27,0xe	 x27:0x00000000 x17=0x00000000
      72415.000 ns	      7240	80001ca0	d0187253	fcvt.s.wu	f4,x16	 x16:0x00000001  f4=0x3f800000
      72435.000 ns	      7242	80001ca4	086a3113	sltiu	x2,x20,134	 x20:0x00000000  x2=0x00000001
      72445.000 ns	      7243	80001ca8	01857533	and	x10,x10,x24	 x10:0x00000000 x24:0x80040fe4 x10=0x00000000
      72465.000 ns	      7245	80001cac	28fd01d3	fmin.s	f3,f26,f15	 f26:0x00000000 f15:0x00000001  f3=0x00000000
      72495.000 ns	      7248	80001cb0	03c3b0b3	mulhu	x1,x7,x28	  x7:0x00000000 x28:0xffffffff  x1=0x00000000
      72515.000 ns	      7250	80001cb4	009f0b33	add	x22,x30,x9	 x30:0x00000000  x9:0x80041024 x22=0x80041024
      72525.000 ns	      7251	80001cb8	01254b33	xor	x22,x10,x18	 x10:0x00000000 x18:0x00000000 x22=0x00000000
      72535.000 ns	      7252	80001cbc	2041ff93	andi	x31,x3,516	  x3:0x00000000 x31=0x00000000
      72895.000 ns	      7288	80001cc0	02b1e733	rem	x14,x3,x11	  x3:0x00000000 x11:0xfbf9e4be x14=0x00000000
      72915.000 ns	      7290	80001cc4	01c2b8b3	sltu	x17,x5,x28	  x5:0x0fff7d80 x28:0xffffffff x17=0x00000001
      72935.000 ns	      7292	80001cc8	023fffb3	remu	x31,x31,x3	 x31:0x00000000  x3:0x00000000 x31=0x00000000
      72965.000 ns	      7295	80001ccc	e00117d3	fclass.s	x15,f2	  f2:0xffffffb2 x15=0x00000200
      72995.000 ns	      7298	80001cd0	29239253	fmax.s	f4,f7,f18	  f7:0x7fc002e3 f18:0x00000001  f4=0x00000001
      73015.000 ns	      7300	80001cd4	40f2dbb3	sra	x23,x5,x15	  x5:0x0fff7d80 x15:0x00000200 x23=0x0fff7d80
      73035.000 ns	      7302	80001cd8	02c060b3	rem	x1,x0,x12	  x0:0x00000000 x12:0x00000000  x1=0x00000000
      73055.000 ns	      7304	80001cdc	0143d033	srl	x0,x7,x20	  x7:0x00000000 x20:0x00000000
      73075.000 ns	      7306	80001ce0	e0029753	fclass.s	x14,f5	  f5:0x4f000410 x14=0x00000040
      73105.000 ns	      7309	80001ce4	f00b0ad3	fmv.w.x	f21,x22	 x22:0x00000000 f21=0x00000000
      73135.000 ns	      7312	80001ce8	034d6e33	rem	x28,x26,x20	 x26:0x00000000 x20:0x00000000 x28=0x00000000
      73155.000 ns	      7314	80001cec	41858433	sub	x8,x11,x24	 x11:0xfbf9e4be x24:0x80040fe4  x8=0x7bf5d4da
      73195.000 ns	      7318	80001cf0	01f572d3	fadd.s	f5,f10,f31	 f10:0x00000000 f31:0x00000000  f5=0x00000000
      73215.000 ns	      7320	80001cf4	00621b93	slli	x23,x4,0x6	  x4:0x00000000 x23=0x00000000
      73235.000 ns	      7322	80001cf8	d017fc53	fcvt.s.wu	f24,x15	 x15:0x00000200 f24=0x44000000
      73255.000 ns	      7324	80001cfc	cdc5db17	auipc	x22,0xcdc5d	 x22=0x4dc5ecfc
      73265.000 ns	      7325	80001d00	411c55b3	sra	x11,x24,x17	 x24:0x80040fe4 x17:0x00000001 x11=0xc00207f2
      73285.000 ns	      7327	80001d04	a1eb0853	fle.s	x16,f22,f30	 f22:0x7f800000 f30:0x00000000 x16=0x00000000
      73305.000 ns	      7329	80001d08	414ade33	sra	x28,x21,x20	 x21:0xe5fd6000 x20:0x00000000 x28=0xe5fd6000
      73315.000 ns	      7330	80001d0c	00987eb3	and	x29,x16,x9	 x16:0x00000000  x9:0x80041024 x29=0x00000000
      73335.000 ns	      7332	80001d10	e00709d3	fmv.x.w	x19,f14	 f14:0x00000000 x19=0x00000000
      73355.000 ns	      7334	80001d14	0174c1b3	xor	x3,x9,x23	  x9:0x80041024 x23:0x00000000  x3=0x80041024
      73375.000 ns	      7336	80001d18	02210633	mul	x12,x2,x2	  x2:0x00000001  x2:0x00000001 x12=0x00000001
      73395.000 ns	      7338	80001d1c	013e5a33	srl	x20,x28,x19	 x28:0xe5fd6000 x19:0x00000000 x20=0xe5fd6000
      73415.000 ns	      7340	80001d20	28060cd3	fmin.s	f25,f12,f0	 f12:0x80041024  f0:0x00000001 f25=0x80041024
      73465.000 ns	      7345	80001d24	0903f0d3	fsub.s	f1,f7,f16	  f7:0x7fc002e3 f16:0x00000001  f1=0x7fc00000
      73485.000 ns	      7347	80001d28	99df3e93	sltiu	x29,x30,-1635	 x30:0x00000000 x29=0x00000001
      73495.000 ns	      7348	80001d2c	0044aeb3	slt	x29,x9,x4	  x9:0x80041024  x4:0x00000000 x29=0x00000001
      73505.000 ns	      7349	80001d30	40805433	sra	x8,x0,x8	  x0:0x00000000  x8:0x7bf5d4da  x8=0x00000000
      73525.000 ns	      7351	80001d34	28a28753	fmin.s	f14,f5,f10	  f5:0x00000000 f10:0x00000000 f14=0x00000000
      73545.000 ns	      7353	80001d38	4f3ef793	andi	x15,x29,1267	 x29:0x00000001 x15=0x00000001
      73575.000 ns	      7356	80001d3c	19c33453	fdiv.s	f8,f6,f28	  f6:0xffffffb2 f28:0x7fc00000  f8=0x7fc00000
      73605.000 ns	      7359	80001d40	a12e8a53	fle.s	x20,f29,f18	 f29:0x00000000 f18:0x00000001 x20=0x00000001
      73625.000 ns	      7361	80001d44	014fa9b3	slt	x19,x31,x20	 x31:0x00000000 x20:0xe5fd6000 x19=0x00000001
      73665.000 ns	      7365	80001d48	009e27d3	fadd.s	f15,f28,f9	 f28:0x7fc00000  f9:0x00000000 f15=0x7fc00000
      73695.000 ns	      7368	80001d4c	d0187253	fcvt.s.wu	f4,x16	 x16:0x00000000  f4=0x00000000
      73725.000 ns	      7371	80001d50	02ce9233	mulh	x4,x29,x12	 x29:0x00000001 x12:0x00000001  x4=0x00000000
      73745.000 ns	      7373	80001d54	01599733	sll	x14,x19,x21	 x19:0x00000001 x21:0xe5fd6000 x14=0x00000001
      74105.000 ns	      7409	80001d58	02d66033	rem	x0,x12,x13	 x12:0x00000001 x13:0x0000018c
      74155.000 ns	      7414	80001d5c	00947d53	fadd.s	f26,f8,f9	  f8:0x7fc00000  f9:0x00000000 f26=0x7fc00000
      74175.000 ns	      7416	80001d60	0016a8b3	slt	x17,x13,x1	 x13:0x0000018c  x1:0x00000000 x17=0x00000000
      74205.000 ns	      7419	80001d64	113a3f53	fmul.s	f30,f20,f19	 f20:0x00000000 f19:0x7fc00000 f30=0x7fc00000
      74235.000 ns	      7422	80001d68	a1742f53	feq.s	x30,f8,f23	  f8:0x7fc00000 f23:0x00000000 x30=0x00000000
      74265.000 ns	      7425	80001d6c	d008ffd3	fcvt.s.w	f31,x17	 x17:0x00000000 f31=0x00000000
      74285.000 ns	      7427	80001d70	002ae633	or	x12,x21,x2	 x21:0xe5fd6000  x2:0x00000001 x12=0xe5fd6001
      74305.000 ns	      7429	80001d74	29760fd3	fmin.s	f31,f12,f23	 f12:0x80041024 f23:0x00000000 f31=0x80041024
      74335.000 ns	      7432	80001d78	e0098653	fmv.x.w	x12,f19	 f19:0x7fc00000 x12=0x7fc00000
      74355.000 ns	      7434	80001d7c	00bc1633	sll	x12,x24,x11	 x24:0x80040fe4 x11:0xc00207f2 x12=0x3f900000
      74375.000 ns	      7436	80001d80	28b49553	fmax.s	f10,f9,f11	  f9:0x00000000 f11:0x00000001 f10=0x00000001
      74745.000 ns	      7473	80001d84	02ed5eb3	divu	x29,x26,x14	 x26:0x00000000 x14:0x00000001 x29=0x00000000
      74785.000 ns	      7477	80001d88	191778d3	fdiv.s	f17,f14,f17	 f14:0x00000000 f17:0xcd7ff7d8 f17=0x80000000
      74805.000 ns	      7479	80001d8c	ee624897	auipc	x17,0xee624	 x17=0x6e625d8c
      74815.000 ns	      7480	80001d90	b783b337	lui	x6,0xb783b	  x6=0xb783b000
      74825.000 ns	      7481	80001d94	4093d533	sra	x10,x7,x9	  x7:0x00000000  x9:0x80041024 x10=0x00000000
      74835.000 ns	      7482	80001d98	0145f633	and	x12,x11,x20	 x11:0xc00207f2 x20:0x00000001 x12=0x00000000
      74855.000 ns	      7484	80001d9c	e00e96d3	fclass.s	x13,f29	 f29:0x00000000 x13=0x00000010
      74875.000 ns	      7486	80001da0	00a148b3	xor	x17,x2,x10	  x2:0x00000001 x10:0x00000000 x17=0x00000001
      74885.000 ns	      7487	80001da4	7537a413	slti	x8,x15,1875	 x15:0x00000001  x8=0x00000001
      75245.000 ns	      7523	80001da8	03ce7333	remu	x6,x28,x28	 x28:0xe5fd6000 x28:0xe5fd6000  x6=0x00000000
      75265.000 ns	      7525	80001dac	00de8e33	add	x28,x29,x13	 x29:0x00000000 x13:0x00000010 x28=0x00000010
      75285.000 ns	      7527	80001db0	024a4533	div	x10,x20,x4	 x20:0x00000001  x4:0x00000000 x10=0xffffffff
      75315.000 ns	      7530	80001db4	028fbdb3	mulhu	x27,x31,x8	 x31:0x00000000  x8:0x00000001 x27=0x00000000
      75355.000 ns	      7534	80001db8	580a7e53	fsqrt.s	f28,f20	 f20:0x00000000 f28=0x00000000
      75385.000 ns	      7537	80001dbc	c0164f53	fcvt.wu.s	x30,f12	 f12:0x80041024 x30=0x00000000
      75755.000 ns	      7574	80001dc0	03564433	div	x8,x12,x21	 x12:0x00000000 x21:0xe5fd6000  x8=0x00000000
      75785.000 ns	      7577	80001dc4	03e1bfb3	mulhu	x31,x3,x30	  x3:0x80041024 x30:0x00000000 x31=0x00000000
      75815.000 ns	      7580	80001dc8	a07100d3	fle.s	x1,f2,f7	  f2:0xffffffb2  f7:0x7fc002e3  x1=0x00000000
      75845.000 ns	      7583	80001dcc	03a8ca33	div	x20,x17,x26	 x17:0x00000001 x26:0x00000000 x20=0xffffffff
      75895.000 ns	      7588	80001dd0	088eb153	fsub.s	f2,f29,f8	 f29:0x00000000  f8:0x7fc00000  f2=0x7fc00000
      76265.000 ns	      7625	80001dd4	02b6e8b3	rem	x17,x13,x11	 x13:0x00000010 x11:0xc00207f2 x17=0x00000010
      76285.000 ns	      7627	80001dd8	001e4633	xor	x12,x28,x1	 x28:0x00000010  x1:0x00000000 x12=0x00000010
      76645.000 ns	      7663	80001ddc	02f2e033	rem	x0,x5,x15	  x5:0x0fff7d80 x15:0x00000001
      76665.000 ns	      7665	80001de0	01141913	slli	x18,x8,0x11	  x8:0x00000000 x18=0x00000000
      77025.000 ns	      7701	80001de4	0389fab3	remu	x21,x19,x24	 x19:0x00000001 x24:0x80040fe4 x21=0x00000001
      77045.000 ns	      7703	80001de8	017d9ab3	sll	x21,x27,x23	 x27:0x00000000 x23:0x00000000 x21=0x00000000
      77065.000 ns	      7705	80001dec	02c693b3	mulh	x7,x13,x12	 x13:0x00000010 x12:0x00000010  x7=0x00000000
      77095.000 ns	      7708	80001df0	29aa1053	fmax.s	f0,f20,f26	 f20:0x00000000 f26:0x7fc00000  f0=0x00000000
      77125.000 ns	      7711	80001df4	0392cfb3	div	x31,x5,x25	  x5:0x0fff7d80 x25:0x00000000 x31=0xffffffff
      77155.000 ns	      7714	80001df8	c00df953	fcvt.w.s	x18,f27	 f27:0x7fc00000 x18=0x7fffffff
      77175.000 ns	      7716	80001dfc	00000013	addi	x0,x0,0	  x0:0x00000000
      77195.000 ns	      7718	80001e00	035fa533	mulhsu	x10,x31,x21	 x31:0xffffffff x21:0x00000000 x10=0x00000000
      77215.000 ns	      7720	80001e04	00000013	addi	x0,x0,0	  x0:0x00000000
      77225.000 ns	      7721	80001e08	766b0413	addi	x8,x22,1894	 x22:0x4dc5ecfc  x8=0x4dc5f462
      77245.000 ns	      7723	80001e0c	d0164dd3	fcvt.s.wu	f27,x12	 x12:0x00000010 f27=0x41800000
      77275.000 ns	      7726	80001e10	020f29b3	mulhsu	x19,x30,x0	 x30:0x00000000  x0:0x00000000 x19=0x00000000
      77305.000 ns	      7729	80001e14	03b2d233	divu	x4,x5,x27	  x5:0x0fff7d80 x27:0x00000000  x4=0xffffffff
      77325.000 ns	      7731	80001e18	650b3113	sltiu	x2,x22,1616	 x22:0x4dc5ecfc  x2=0x00000000
      77345.000 ns	      7733	80001e1c	a1a421d3	feq.s	x3,f8,f26	  f8:0x7fc00000 f26:0x7fc00000  x3=0x00000000
      77365.000 ns	      7735	80001e20	00000013	addi	x0,x0,0	  x0:0x00000000
      77375.000 ns	      7736	80001e24	0069c833	xor	x16,x19,x6	 x19:0x00000000  x6:0x00000000 x16=0x00000000
      77395.000 ns	      7738	80001e28	f0000d53	fmv.w.x	f26,x0	  x0:0x00000000 f26=0x00000000
      77415.000 ns	      7740	80001e2c	a0c7bf13	sltiu	x30,x15,-1524	 x15:0x00000001 x30=0x00000001
      77435.000 ns	      7742	80001e30	02d098b3	mulh	x17,x1,x13	  x1:0x00000000 x13:0x00000010 x17=0x00000000
      77465.000 ns	      7745	80001e34	0255bf33	mulhu	x30,x11,x5	 x11:0xc00207f2  x5:0x0fff7d80 x30=0x0bffbe9e
      77495.000 ns	      7748	80001e38	c00f71d3	fcvt.w.s	x3,f30	 f30:0x7fc00000  x3=0x7fffffff
      77515.000 ns	      7750	80001e3c	fcdd0613	addi	x12,x26,-51	 x26:0x00000000 x12=0xffffffcd
      77535.000 ns	      7752	80001e40	f0040dd3	fmv.w.x	f27,x8	  x8:0x4dc5f462 f27=0x4dc5f462
      77555.000 ns	      7754	80001e44	f9493813	sltiu	x16,x18,-108	 x18:0x7fffffff x16=0x00000001
      77565.000 ns	      7755	80001e48	00efd6b3	srl	x13,x31,x14	 x31:0xffffffff x14:0x00000001 x13=0x7fffffff
      77585.000 ns	      7757	80001e4c	217a0753	fsgnj.s	f14,f20,f23	 f20:0x00000000 f23:0x00000000 f14=0x00000000
      77605.000 ns	      7759	80001e50	015b6833	or	x16,x22,x21	 x22:0x4dc5ecfc x21:0x00000000 x16=0x4dc5ecfc
      77625.000 ns	      7761	80001e54	20dc2753	fsgnjx.s	f14,f24,f13	 f24:0x44000000 f13:0x7f800000 f14=0x44000000
      77645.000 ns	      7763	80001e58	a6e56993	ori	x19,x10,-1426	 x10:0x00000000 x19=0xfffffa6e
      77655.000 ns	      7764	80001e5c	015a2e33	slt	x28,x20,x21	 x20:0xffffffff x21:0x00000000 x28=0x00000001
      77665.000 ns	      7765	80001e60	82cbae37	lui	x28,0x82cba	 x28=0x82cba000
      77675.000 ns	      7766	80001e64	d6f0b713	sltiu	x14,x1,-657	  x1:0x00000000 x14=0x00000001
      77685.000 ns	      7767	80001e68	411987b3	sub	x15,x19,x17	 x19:0xfffffa6e x17:0x00000000 x15=0xfffffa6e
      77695.000 ns	      7768	80001e6c	00cccbb3	xor	x23,x25,x12	 x25:0x00000000 x12:0xffffffcd x23=0xffffffcd
      77705.000 ns	      7769	80001e70	3b36cb93	xori	x23,x13,947	 x13:0x7fffffff x23=0x7ffffc4c
      77715.000 ns	      7770	80001e74	4acb4213	xori	x4,x22,1196	 x22:0x4dc5ecfc  x4=0x4dc5e850
      77735.000 ns	      7772	80001e78	2162a6d3	fsgnjx.s	f13,f5,f22	  f5:0x00000000 f22:0x7f800000 f13=0x00000000
      77775.000 ns	      7776	80001e7c	10a6bbd3	fmul.s	f23,f13,f10	 f13:0x7f800000 f10:0x00000001 f23=0x00000000
      77805.000 ns	      7779	80001e80	e0021553	fclass.s	x10,f4	  f4:0x00000000 x10=0x00000010
      77825.000 ns	      7781	80001e84	4156da33	sra	x20,x13,x21	 x13:0x7fffffff x21:0x00000000 x20=0x7fffffff
      77835.000 ns	      7782	80001e88	017d00b3	add	x1,x26,x23	 x26:0x00000000 x23:0x7ffffc4c  x1=0x7ffffc4c
      77855.000 ns	      7784	80001e8c	032bba33	mulhu	x20,x23,x18	 x23:0x7ffffc4c x18:0x7fffffff x20=0x3ffffe25
      77875.000 ns	      7786	80001e90	007d67b3	or	x15,x26,x7	 x26:0x00000000  x7:0x00000000 x15=0x00000000
      77895.000 ns	      7788	80001e94	021e9d33	mulh	x26,x29,x1	 x29:0x00000000  x1:0x7ffffc4c x26=0x00000000
      77915.000 ns	      7790	80001e98	c7b47793	andi	x15,x8,-901	  x8:0x4dc5f462 x15=0x4dc5f462
      77925.000 ns	      7791	80001e9c	40958533	sub	x10,x11,x9	 x11:0xc00207f2  x9:0x80041024 x10=0x3ffdf7ce
      78285.000 ns	      7827	80001ea0	0339c933	div	x18,x19,x19	 x19:0xfffffa6e x19:0xfffffa6e x18=0x00000001
      78305.000 ns	      7829	80001ea4	014ff5b3	and	x11,x31,x20	 x31:0xffffffff x20:0x3ffffe25 x11=0x3ffffe25
      78325.000 ns	      7831	80001ea8	0391d2b3	divu	x5,x3,x25	  x3:0x7fffffff x25:0x00000000  x5=0xffffffff
      78345.000 ns	      7833	80001eac	00000013	addi	x0,x0,0	  x0:0x00000000
      78365.000 ns	      7835	80001eb0	d01270d3	fcvt.s.wu	f1,x4	  x4:0x4dc5e850  f1=0x4e9b8bd0
      78405.000 ns	      7839	80001eb4	18bb9353	fdiv.s	f6,f23,f11	 f23:0x00000000 f11:0x00000001  f6=0x00000000
      78435.000 ns	      7842	80001eb8	035447b3	div	x15,x8,x21	  x8:0x4dc5f462 x21:0x00000000 x15=0xffffffff
      78465.000 ns	      7845	80001ebc	d0014c53	fcvt.s.w	f24,x2	  x2:0x00000000 f24=0x00000000
      78495.000 ns	      7848	80001ec0	209e1553	fsgnjn.s	f10,f28,f9	 f28:0x00000000  f9:0x00000000 f10=0x80000000
      78865.000 ns	      7885	80001ec4	0329cfb3	div	x31,x19,x18	 x19:0xfffffa6e x18:0x00000001 x31=0xfffffa6e
      78885.000 ns	      7887	80001ec8	000bd693	srli	x13,x23,0x0	 x23:0x7ffffc4c x13=0x7ffffc4c
      78895.000 ns	      7888	80001ecc	0174d233	srl	x4,x9,x23	  x9:0x80041024 x23:0x7ffffc4c  x4=0x00080041
      78935.000 ns	      7892	80001ed0	08467bd3	fsub.s	f23,f12,f4	 f12:0x80041024  f4:0x00000000 f23=0x80041024
      78955.000 ns	      7894	80001ed4	019f9613	slli	x12,x31,0x19	 x31:0xfffffa6e x12=0xdc000000
      78965.000 ns	      7895	80001ed8	94893793	sltiu	x15,x18,-1720	 x18:0x00000001 x15=0x00000001
      78985.000 ns	      7897	80001edc	a1821953	flt.s	x18,f4,f24	  f4:0x00000000 f24:0x00000000 x18=0x00000000
      79015.000 ns	      7900	80001ee0	e00c9ed3	fclass.s	x29,f25	 f25:0x80041024 x29=0x00000004
      79055.000 ns	      7904	80001ee4	580a4653	fsqrt.s	f12,f20	 f20:0x00000000 f12=0x00000000
      79075.000 ns	      7906	80001ee8	017c6833	or	x16,x24,x23	 x24:0x80040fe4 x23:0x7ffffc4c x16=0xffffffec
      79095.000 ns	      7908	80001eec	d0187953	fcvt.s.wu	f18,x16	 x16:0x4dc5ecfc f18=0x4f7fffff
      79115.000 ns	      7910	80001ef0	003529b3	slt	x19,x10,x3	 x10:0x3ffdf7ce  x3:0x7fffffff x19=0x00000001
      79155.000 ns	      7914	80001ef4	01ae3cd3	fadd.s	f25,f28,f26	 f28:0x00000000 f26:0x00000000 f25=0x00000000
      79175.000 ns	      7916	80001ef8	00000013	addi	x0,x0,0	  x0:0x00000000
      79185.000 ns	      7917	80001efc	01209d13	slli	x26,x1,0x12	  x1:0x7ffffc4c x26=0xf1300000
      79205.000 ns	      7919	80001f00	c01cf0d3	fcvt.wu.s	x1,f25	 f25:0x00000000  x1=0x00000000
      79235.000 ns	      7922	80001f04	03bfd033	divu	x0,x31,x27	 x31:0xfffffa6e x27:0x00000000
      79265.000 ns	      7925	80001f08	a03e81d3	fle.s	x3,f29,f3	 f29:0x00000000  f3:0x00000000  x3=0x00000001
      79295.000 ns	      7928	80001f0c	e00200d3	fmv.x.w	x1,f4	  f4:0x00000000  x1=0x00000000
      79315.000 ns	      7930	80001f10	0093f8b3	and	x17,x7,x9	  x7:0x00000000  x9:0x80041024 x17=0x00000000
      79325.000 ns	      7931	80001f14	41515fb3	sra	x31,x2,x21	  x2:0x00000000 x21:0x00000000 x31=0x00000000
      79335.000 ns	      7932	80001f18	e979c413	xori	x8,x19,-361	 x19:0x00000001  x8=0xfffffe96
      79355.000 ns	      7934	80001f1c	e0088fd3	fmv.x.w	x31,f17	 f17:0x80000000 x31=0x80000000
      79375.000 ns	      7936	80001f20	669f3413	sltiu	x8,x30,1641	 x30:0x0bffbe9e  x8=0x00000000
      79395.000 ns	      7938	80001f24	f00c0353	fmv.w.x	f6,x24	 x24:0x80040fe4  f6=0x80040fe4
      79425.000 ns	      7941	80001f28	d00cc153	fcvt.s.w	f2,x25	 x25:0x00000000  f2=0x00000000
      79465.000 ns	      7945	80001f2c	111a7353	fmul.s	f6,f20,f17	 f20:0x00000000 f17:0x80000000  f6=0x80000000
      79515.000 ns	      7950	80001f30	01c237d3	fadd.s	f15,f4,f28	  f4:0x00000000 f28:0x00000000 f15=0x00000000
      79555.000 ns	      7954	80001f34	1804fed3	fdiv.s	f29,f9,f0	  f9:0x00000000  f0:0x00000000 f29=0x7fc00000
      79585.000 ns	      7957	80001f38	f0048953	fmv.w.x	f18,x9	  x9:0x80041024 f18=0x80041024
      79615.000 ns	      7960	80001f3c	a17220d3	feq.s	x1,f4,f23	  f4:0x00000000 f23:0x80041024  x1=0x00000000
      79655.000 ns	      7964	80001f40	198b0ed3	fdiv.s	f29,f22,f24	 f22:0x7f800000 f24:0x00000000 f29=0x7f800000
      79685.000 ns	      7967	80001f44	299b11d3	fmax.s	f3,f22,f25	 f22:0x7f800000 f25:0x00000000  f3=0x7f800000
      79715.000 ns	      7970	80001f48	a0a09dd3	flt.s	x27,f1,f10	  f1:0x4e9b8bd0 f10:0x80000000 x27=0x00000000
      79745.000 ns	      7973	80001f4c	219505d3	fsgnj.s	f11,f10,f25	 f10:0x80000000 f25:0x00000000 f11=0x00000000
      79795.000 ns	      7978	80001f50	01a37bd3	fadd.s	f23,f6,f26	  f6:0x80000000 f26:0x00000000 f23=0x00000000
      79815.000 ns	      7980	80001f54	40848b33	sub	x22,x9,x8	  x9:0x80041024  x8:0x00000000 x22=0x80041024
      79825.000 ns	      7981	80001f58	01e1a1b3	slt	x3,x3,x30	  x3:0x00000001 x30:0x0bffbe9e  x3=0x00000001
      80185.000 ns	      8017	80001f5c	02a84db3	div	x27,x16,x10	 x16:0xffffffec x10:0x3ffdf7ce x27=0x00000000
      80235.000 ns	      8022	80001f60	01d7cdd3	fadd.s	f27,f15,f29	 f15:0x00000000 f29:0x7f800000 f27=0x7f800000
      80255.000 ns	      8024	80001f64	68350013	addi	x0,x10,1667	 x10:0x3ffdf7ce
      80275.000 ns	      8026	80001f68	e0039753	fclass.s	x14,f7	  f7:0x7fc002e3 x14=0x00000200
      80295.000 ns	      8028	80001f6c	07a2e693	ori	x13,x5,122	  x5:0xffffffff x13=0xffffffff
      80315.000 ns	      8030	80001f70	02d71533	mulh	x10,x14,x13	 x14:0x00000200 x13:0x7ffffc4c x10=0xffffffff
      80335.000 ns	      8032	80001f74	00000013	addi	x0,x0,0	  x0:0x00000000
      80345.000 ns	      8033	80001f78	01aa0eb3	add	x29,x20,x26	 x20:0x3ffffe25 x26:0xf1300000 x29=0x312ffe25
      80705.000 ns	      8069	80001f7c	02f7e0b3	rem	x1,x15,x15	 x15:0x00000001 x15:0x00000001  x1=0x00000000
      80725.000 ns	      8071	80001f80	cc4307b7	lui	x15,0xcc430	 x15=0xcc430000
      80735.000 ns	      8072	80001f84	011361b3	or	x3,x6,x17	  x6:0x00000000 x17:0x00000000  x3=0x00000000
      80745.000 ns	      8073	80001f88	40c08fb3	sub	x31,x1,x12	  x1:0x00000000 x12:0xdc000000 x31=0x24000000
      80765.000 ns	      8075	80001f8c	c01396d3	fcvt.wu.s	x13,f7	  f7:0x7fc002e3 x13=0xffffffff
      80815.000 ns	      8080	80001f90	0191f053	fadd.s	f0,f3,f25	  f3:0x7f800000 f25:0x00000000  f0=0x7f800000
      80835.000 ns	      8082	80001f94	0074cdb3	xor	x27,x9,x7	  x9:0x80041024  x7:0x00000000 x27=0x80041024
      80845.000 ns	      8083	80001f98	018e33b3	sltu	x7,x28,x24	 x28:0x82cba000 x24:0x80040fe4  x7=0x00000000
      80865.000 ns	      8085	80001f9c	a0be93d3	flt.s	x7,f29,f11	 f29:0x7f800000 f11:0x00000000  x7=0x00000000
      80895.000 ns	      8088	80001fa0	022abb33	mulhu	x22,x21,x2	 x21:0x00000000  x2:0x00000000 x22=0x00000000
      80925.000 ns	      8091	80001fa4	2029a1d3	fsgnjx.s	f3,f19,f2	 f19:0x7fc00000  f2:0x00000000  f3=0x7fc00000
      80955.000 ns	      8094	80001fa8	c01ef453	fcvt.wu.s	x8,f29	 f29:0x7f800000  x8=0xffffffff
      80985.000 ns	      8097	80001fac	29f09453	fmax.s	f8,f1,f31	  f1:0x4e9b8bd0 f31:0x80041024  f8=0x4e9b8bd0
      81025.000 ns	      8101	80001fb0	18b77f53	fdiv.s	f30,f14,f11	 f14:0x44000000 f11:0x00000000 f30=0x7f800000
      81045.000 ns	      8103	80001fb4	01c8fa33	and	x20,x17,x28	 x17:0x00000000 x28:0x82cba000 x20=0x00000000
      81065.000 ns	      8105	80001fb8	f00481d3	fmv.w.x	f3,x9	  x9:0x80041024  f3=0x80041024
      81085.000 ns	      8107	80001fbc	01eb9613	slli	x12,x23,0x1e	 x23:0x7ffffc4c x12=0x00000000
      81095.000 ns	      8108	80001fc0	40c10ab3	sub	x21,x2,x12	  x2:0x00000000 x12:0xdc000000 x21=0x00000000
      81105.000 ns	      8109	80001fc4	9e228797	auipc	x15,0x9e228	 x15=0x1e229fc4
      81135.000 ns	      8112	80001fc8	199c42d3	fdiv.s	f5,f24,f25	 f24:0x00000000 f25:0x00000000  f5=0x7fc00000
      81165.000 ns	      8115	80001fcc	c0104d53	fcvt.wu.s	x26,f0	  f0:0x7f800000 x26=0xffffffff
      81195.000 ns	      8118	80001fd0	036b4d33	div	x26,x22,x22	 x22:0x00000000 x22:0x00000000 x26=0xffffffff
      81215.000 ns	      8120	80001fd4	b791a337	lui	x6,0xb791a	  x6=0xb791a000
      81235.000 ns	      8122	80001fd8	d013f2d3	fcvt.s.wu	f5,x7	  x7:0x00000000  f5=0x00000000
      81275.000 ns	      8126	80001fdc	1835fed3	fdiv.s	f29,f11,f3	 f11:0x00000000  f3:0x80041024 f29=0x80000000
      81295.000 ns	      8128	80001fe0	1b4d4bb7	lui	x23,0x1b4d4	 x23=0x1b4d4000
      81305.000 ns	      8129	80001fe4	00dbd093	srli	x1,x23,0xd	 x23:0x7ffffc4c  x1=0x0000da6a
      81345.000 ns	      8133	80001fe8	01118c53	fadd.s	f24,f3,f17	  f3:0x80041024 f17:0x80000000 f24=0x80041024
      81375.000 ns	      8136	80001fec	f00203d3	fmv.w.x	f7,x4	  x4:0x00080041  f7=0x00080041
      81395.000 ns	      8138	80001ff0	de5ac393	xori	x7,x21,-539	 x21:0x00000000  x7=0xfffffde5
      81405.000 ns	      8139	80001ff4	00fc6333	or	x6,x24,x15	 x24:0x80040fe4 x15:0x1e229fc4  x6=0x9e269fe4
      81415.000 ns	      8140	80001ff8	c369ba93	sltiu	x21,x19,-970	 x19:0x00000001 x21=0x00000001
      81425.000 ns	      8141	80001ffc	3e0a8e13	addi	x28,x21,992	 x21:0x00000000 x28=0x000003e1
      81445.000 ns	      8143	80002000	d00500d3	fcvt.s.w	f1,x10	 x10:0xffffffff  f1=0xbf800000
      81475.000 ns	      8146	80002004	c01d02d3	fcvt.wu.s	x5,f26	 f26:0x00000000  x5=0x00000000
      81505.000 ns	      8149	80002008	03ac3eb3	mulhu	x29,x24,x26	 x24:0x80040fe4 x26:0xffffffff x29=0x80040fe3
      81525.000 ns	      8151	8000200c	67fe2b13	slti	x22,x28,1663	 x28:0x000003e1 x22=0x00000001
      81535.000 ns	      8152	80002010	00000013	addi	x0,x0,0	  x0:0x00000000
      81555.000 ns	      8154	80002014	038aa3b3	mulhsu	x7,x21,x24	 x21:0x00000001 x24:0x80040fe4  x7=0x00000000
      81585.000 ns	      8157	80002018	289e91d3	fmax.s	f3,f29,f9	 f29:0x80000000  f9:0x00000000  f3=0x00000000
      81605.000 ns	      8159	8000201c	429c0517	auipc	x10,0x429c0	 x10=0xc29c201c
      81625.000 ns	      8161	80002020	0392adb3	mulhsu	x27,x5,x25	  x5:0x00000000 x25:0x00000000 x27=0x00000000
      81655.000 ns	      8164	80002024	e00696d3	fclass.s	x13,f13	 f13:0x00000000 x13=0x00000010
      81675.000 ns	      8166	80002028	4276f993	andi	x19,x13,1063	 x13:0xffffffff x19=0x00000000
      81685.000 ns	      8167	8000202c	50604813	xori	x16,x0,1286	  x0:0x00000000 x16=0x00000506
      81695.000 ns	      8168	80002030	00663033	sltu	x0,x12,x6	 x12:0x00000000  x6:0x9e269fe4
      81725.000 ns	      8171	80002034	1952fc53	fdiv.s	f24,f5,f21	  f5:0x00000000 f21:0x00000000 f24=0x7fc00000
      81765.000 ns	      8175	80002038	580ff0d3	fsqrt.s	f1,f31	 f31:0x80041024  f1=0x7fc00000
      81795.000 ns	      8178	8000203c	c004fad3	fcvt.w.s	x21,f9	  f9:0x00000000 x21=0x00000000
      81815.000 ns	      8180	80002040	01bafdb3	and	x27,x21,x27	 x21:0x00000001 x27:0x00000000 x27=0x00000000
      81835.000 ns	      8182	80002044	032b9eb3	mulh	x29,x23,x18	 x23:0x1b4d4000 x18:0x00000000 x29=0x00000000
      81855.000 ns	      8184	80002048	00e15e93	srli	x29,x2,0xe	  x2:0x00000000 x29=0x00000000
      81875.000 ns	      8186	8000204c	28e78353	fmin.s	f6,f15,f14	 f15:0x00000000 f14:0x44000000  f6=0x00000000
      81895.000 ns	      8188	80002050	004a89b3	add	x19,x21,x4	 x21:0x00000000  x4:0x00080041 x19=0x00080041
      81915.000 ns	      8190	80002054	d0047353	fcvt.s.w	f6,x8	  x8:0xffffffff  f6=0xbf800000
      81935.000 ns	      8192	80002058	01bd5eb3	srl	x29,x26,x27	 x26:0xffffffff x27:0x00000000 x29=0xffffffff
      81955.000 ns	      8194	8000205c	21da9353	fsgnjn.s	f6,f21,f29	 f21:0x00000000 f29:0x80000000  f6=0x00000000
      81995.000 ns	      8198	80002060	5804f853	fsqrt.s	f16,f9	  f9:0x00000000 f16=0x00000000
      82025.000 ns	      8201	80002064	a0669b53	flt.s	x22,f13,f6	 f13:0x00000000  f6:0x00000000 x22=0x00000000
      82045.000 ns	      8203	80002068	0156f2b3	and	x5,x13,x21	 x13:0x00000010 x21:0x00000000  x5=0x00000000
      82055.000 ns	      8204	8000206c	7404e993	ori	x19,x9,1856	  x9:0x80041024 x19=0x80041764
      82075.000 ns	      8206	80002070	21ef2e53	fsgnjx.s	f28,f30,f30	 f30:0x7f800000 f30:0x7f800000 f28=0x7f800000
      82095.000 ns	      8208	80002074	01a716b3	sll	x13,x14,x26	 x14:0x00000200 x26:0xffffffff x13=0x00000000
      82115.000 ns	      8210	80002078	e0010053	fmv.x.w	x0,f2	  f2:0x00000000
      82135.000 ns	      8212	8000207c	0007c433	xor	x8,x15,x0	 x15:0x1e229fc4  x0:0x00000000  x8=0x1e229fc4
      82145.000 ns	      8213	80002080	00482433	slt	x8,x16,x4	 x16:0x00000506  x4:0x00080041  x8=0x00000001
      82155.000 ns	      8214	80002084	00aa6e33	or	x28,x20,x10	 x20:0x00000000 x10:0xc29c201c x28=0xc29c201c
      82175.000 ns	      8216	80002088	21eb87d3	fsgnj.s	f15,f23,f30	 f23:0x00000000 f30:0x7f800000 f15=0x00000000
      82195.000 ns	      8218	8000208c	00d1fe33	and	x28,x3,x13	  x3:0x00000000 x13:0x00000000 x28=0x00000000
      82215.000 ns	      8220	80002090	28a312d3	fmax.s	f5,f6,f10	  f6:0x00000000 f10:0x80000000  f5=0x00000000
      82235.000 ns	      8222	80002094	7e83af13	slti	x30,x7,2024	  x7:0x00000000 x30=0x00000001
      82255.000 ns	      8224	80002098	20c790d3	fsgnjn.s	f1,f15,f12	 f15:0x00000000 f12:0x00000000  f1=0x80000000
      82285.000 ns	      8227	8000209c	c0193753	fcvt.wu.s	x14,f18	 f18:0x80041024 x14=0x00000000
      82315.000 ns	      8230	800020a0	02d78fb3	mul	x31,x15,x13	 x15:0x1e229fc4 x13:0x00000000 x31=0x00000000
      82345.000 ns	      8233	800020a4	20499753	fsgnjn.s	f14,f19,f4	 f19:0x7fc00000  f4:0x00000000 f14=0xffc00000
      82395.000 ns	      8238	800020a8	01832bd3	fadd.s	f23,f6,f24	  f6:0x00000000 f24:0x7fc00000 f23=0x7fc00000
      82425.000 ns	      8241	800020ac	c0127f53	fcvt.wu.s	x30,f4	  f4:0x00000000 x30=0x00000000
      82445.000 ns	      8243	800020b0	00adb1b3	sltu	x3,x27,x10	 x27:0x00000000 x10:0xc29c201c  x3=0x00000001
      82465.000 ns	      8245	800020b4	e00988d3	fmv.x.w	x17,f19	 f19:0x7fc00000 x17=0x7fc00000
      82515.000 ns	      8250	800020b8	092df453	fsub.s	f8,f27,f18	 f27:0x7f800000 f18:0x80041024  f8=0x7f800000
      82545.000 ns	      8253	800020bc	03666933	rem	x18,x12,x22	 x12:0x00000000 x22:0x00000000 x18=0x00000000
      82915.000 ns	      8290	800020c0	02a54533	div	x10,x10,x10	 x10:0xc29c201c x10:0xc29c201c x10=0x00000001
      82935.000 ns	      8292	800020c4	00bb8d97	auipc	x27,0xbb8	 x27=0x80bba0c4
      82965.000 ns	      8295	800020c8	19159ed3	fdiv.s	f29,f11,f17	 f11:0x00000000 f17:0x80000000 f29=0x7fc00000
      82985.000 ns	      8297	800020cc	00d0abb3	slt	x23,x1,x13	  x1:0x0000da6a x13:0x00000000 x23=0x00000000
      82995.000 ns	      8298	800020d0	4100d633	sra	x12,x1,x16	  x1:0x0000da6a x16:0x00000506 x12=0x00000369
      83015.000 ns	      8300	800020d4	03c85ab3	divu	x21,x16,x28	 x16:0x00000506 x28:0x00000000 x21=0xffffffff
      83045.000 ns	      8303	800020d8	f00486d3	fmv.w.x	f13,x9	  x9:0x80041024 f13=0x80041024
      83065.000 ns	      8305	800020dc	b2482417	auipc	x8,0xb2482	  x8=0x324840dc
      83085.000 ns	      8307	800020e0	027097b3	mulh	x15,x1,x7	  x1:0x0000da6a  x7:0x00000000 x15=0x00000000
      83115.000 ns	      8310	800020e4	0223fdb3	remu	x27,x7,x2	  x7:0x00000000  x2:0x00000000 x27=0x00000000
      83145.000 ns	      8313	800020e8	204498d3	fsgnjn.s	f17,f9,f4	  f9:0x00000000  f4:0x00000000 f17=0x80000000
      83175.000 ns	      8316	800020ec	037eab33	mulhsu	x22,x29,x23	 x29:0xffffffff x23:0x00000000 x22=0x00000000
      83205.000 ns	      8319	800020f0	a0888fd3	fle.s	x31,f17,f8	 f17:0x80000000  f8:0x7f800000 x31=0x00000001
      83225.000 ns	      8321	800020f4	00000013	addi	x0,x0,0	  x0:0x00000000
      83245.000 ns	      8323	800020f8	02299033	mulh	x0,x19,x2	 x19:0x80041764  x2:0x00000000
      83275.000 ns	      8326	800020fc	02bf0333	mul	x6,x30,x11	 x30:0x00000000 x11:0x3ffffe25  x6=0x00000000
      83305.000 ns	      8329	80002100	e0061953	fclass.s	x18,f12	 f12:0x00000000 x18=0x00000010
      83675.000 ns	      8366	80002104	02c2d733	divu	x14,x5,x12	  x5:0x00000000 x12:0x00000369 x14=0x00000000
      83705.000 ns	      8369	80002108	296b0fd3	fmin.s	f31,f22,f22	 f22:0x7f800000 f22:0x7f800000 f31=0x7f800000
      83735.000 ns	      8372	8000210c	02efc7b3	div	x15,x31,x14	 x31:0x00000001 x14:0x00000000 x15=0xffffffff
      83755.000 ns	      8374	80002110	07ca2b13	slti	x22,x20,124	 x20:0x00000000 x22=0x00000001
      83775.000 ns	      8376	80002114	c0109d53	fcvt.wu.s	x26,f1	  f1:0x80000000 x26=0x00000000
      83805.000 ns	      8379	80002118	29cb9553	fmax.s	f10,f23,f28	 f23:0x7fc00000 f28:0x7f800000 f10=0x7f800000
      83825.000 ns	      8381	8000211c	00b95513	srli	x10,x18,0xb	 x18:0x00000010 x10=0x00000000
      83845.000 ns	      8383	80002120	f0018bd3	fmv.w.x	f23,x3	  x3:0x00000001 f23=0x00000001
      83865.000 ns	      8385	80002124	99d34313	xori	x6,x6,-1635	  x6:0x00000000  x6=0xfffff99d
      83885.000 ns	      8387	80002128	218c2253	fsgnjx.s	f4,f24,f24	 f24:0x7fc00000 f24:0x7fc00000  f4=0x7fc00000
      83905.000 ns	      8389	8000212c	01620833	add	x16,x4,x22	  x4:0x00080041 x22:0x00000001 x16=0x00080042
      83915.000 ns	      8390	80002130	fd05ae13	slti	x28,x11,-48	 x11:0x3ffffe25 x28=0x00000000
      83925.000 ns	      8391	80002134	8afc7fb7	lui	x31,0x8afc7	 x31=0x8afc7000
      83935.000 ns	      8392	80002138	00f3f733	and	x14,x7,x15	  x7:0x00000000 x15:0xffffffff x14=0x00000000
      83955.000 ns	      8394	8000213c	e00780d3	fmv.x.w	x1,f15	 f15:0x00000000  x1=0x00000000
      83975.000 ns	      8396	80002140	00509213	slli	x4,x1,0x5	  x1:0x0000da6a  x4=0x00000000
      83995.000 ns	      8398	80002144	03a2f8b3	remu	x17,x5,x26	  x5:0x00000000 x26:0x00000000 x17=0x00000000
      84025.000 ns	      8401	80002148	211188d3	fsgnj.s	f17,f3,f17	  f3:0x00000000 f17:0x80000000 f17=0x80000000
      84055.000 ns	      8404	8000214c	f0008d53	fmv.w.x	f26,x1	  x1:0x00000000 f26=0x00000000
      84075.000 ns	      8406	80002150	14f84f93	xori	x31,x16,335	 x16:0x00080042 x31=0x0008010d
      84085.000 ns	      8407	80002154	802e3093	sltiu	x1,x28,-2046	 x28:0x00000000  x1=0x00000001
      84125.000 ns	      8411	80002158	00caf2d3	fadd.s	f5,f21,f12	 f21:0x00000000 f12:0x00000000  f5=0x00000000
      84495.000 ns	      8448	8000215c	03f859b3	divu	x19,x16,x31	 x16:0x00080042 x31:0x0008010d x19=0x00000000
      84545.000 ns	      8453	80002160	0061fb53	fadd.s	f22,f3,f6	  f3:0x00000000  f6:0x00000000 f22=0x00000000
      84565.000 ns	      8455	80002164	410e0333	sub	x6,x28,x16	 x28:0x00000000 x16:0x00080042  x6=0xfff7ffbe
      84575.000 ns	      8456	80002168	01cfad33	slt	x26,x31,x28	 x31:0x0008010d x28:0x00000000 x26=0x00000000
      84595.000 ns	      8458	8000216c	a1da1e53	flt.s	x28,f20,f29	 f20:0x00000000 f29:0x7fc00000 x28=0x00000000
      84615.000 ns	      8460	80002170	e7cf7993	andi	x19,x30,-388	 x30:0x00000000 x19=0x00000000
      84625.000 ns	      8461	80002174	017ae633	or	x12,x21,x23	 x21:0xffffffff x23:0x00000000 x12=0xffffffff
      84985.000 ns	      8497	80002178	030ffbb3	remu	x23,x31,x16	 x31:0x0008010d x16:0x00080042 x23=0x000000cb
      85015.000 ns	      8500	8000217c	20bea6d3	fsgnjx.s	f13,f29,f11	 f29:0x7fc00000 f11:0x00000000 f13=0x7fc00000
      85045.000 ns	      8503	80002180	20970653	fsgnj.s	f12,f14,f9	 f14:0xffc00000  f9:0x00000000 f12=0x7fc00000
      85075.000 ns	      8506	80002184	e00c98d3	fclass.s	x17,f25	 f25:0x00000000 x17=0x00000010
      85105.000 ns	      8509	80002188	d01c7bd3	fcvt.s.wu	f23,x24	 x24:0x80040fe4 f23=0x4f00040f
      85125.000 ns	      8511	8000218c	41cbd013	srai	x0,x23,0x1c	 x23:0x000000cb
      85145.000 ns	      8513	80002190	d0188053	fcvt.s.wu	f0,x17	 x17:0x00000010  f0=0x41800000
      85165.000 ns	      8515	80002194	1f9d2a13	slti	x20,x26,505	 x26:0x00000000 x20=0x00000001
      85185.000 ns	      8517	80002198	02554fb3	div	x31,x10,x5	 x10:0x00000000  x5:0x00000000 x31=0xffffffff
      85215.000 ns	      8520	8000219c	e0090753	fmv.x.w	x14,f18	 f18:0x80041024 x14=0x80041024
      85245.000 ns	      8523	800021a0	c0058853	fcvt.w.s	x16,f11	 f11:0x00000000 x16=0x00000000
      85265.000 ns	      8525	800021a4	012b93b3	sll	x7,x23,x18	 x23:0x000000cb x18:0x00000010  x7=0x00cb0000
      85285.000 ns	      8527	800021a8	21a7a253	fsgnjx.s	f4,f15,f26	 f15:0x00000000 f26:0x00000000  f4=0x00000000
      85305.000 ns	      8529	800021ac	016b5613	srli	x12,x22,0x16	 x22:0x00000001 x12=0x00000000
      85325.000 ns	      8531	800021b0	a14c29d3	feq.s	x19,f24,f20	 f24:0x7fc00000 f20:0x00000000 x19=0x00000000
      85355.000 ns	      8534	800021b4	e0020ed3	fmv.x.w	x29,f4	  f4:0x00000000 x29=0x00000000
      85385.000 ns	      8537	800021b8	a0d71dd3	flt.s	x27,f14,f13	 f14:0xffc00000 f13:0x7fc00000 x27=0x00000000
      85405.000 ns	      8539	800021bc	40a3df93	srai	x31,x7,0xa	  x7:0x00cb0000 x31=0x000032c0
      85415.000 ns	      8540	800021c0	00f03b33	sltu	x22,x0,x15	  x0:0x00000000 x15:0xffffffff x22=0x00000001
      85425.000 ns	      8541	800021c4	017c8f33	add	x30,x25,x23	 x25:0x00000000 x23:0x000000cb x30=0x000000cb
      85455.000 ns	      8544	800021c8	5802b1d3	fsqrt.s	f3,f5	  f5:0x00000000  f3=0x00000000
      85485.000 ns	      8547	800021cc	029eb433	mulhu	x8,x29,x9	 x29:0x00000000  x9:0x80041024  x8=0x00000000
      85505.000 ns	      8549	800021d0	8cbd2613	slti	x12,x26,-1845	 x26:0x00000000 x12=0x00000000
      85515.000 ns	      8550	800021d4	01869233	sll	x4,x13,x24	 x13:0x00000000 x24:0x80040fe4  x4=0x00000000
      85545.000 ns	      8553	800021d8	580e7153	fsqrt.s	f2,f28	 f28:0x7f800000  f2=0x7f800000
      85565.000 ns	      8555	800021dc	3d5d2693	slti	x13,x26,981	 x26:0x00000000 x13=0x00000001
      85585.000 ns	      8557	800021e0	02a43ab3	mulhu	x21,x8,x10	  x8:0x00000000 x10:0x00000000 x21=0x00000000
      85605.000 ns	      8559	800021e4	da3d7297	auipc	x5,0xda3d7	  x5=0x5a3d91e4
      85615.000 ns	      8560	800021e8	01471133	sll	x2,x14,x20	 x14:0x80041024 x20:0x00000001  x2=0x00082048
      85635.000 ns	      8562	800021ec	f0090d53	fmv.w.x	f26,x18	 x18:0x00000010 f26=0x00000010
      85665.000 ns	      8565	800021f0	a1b62153	feq.s	x2,f12,f27	 f12:0x7fc00000 f27:0x7f800000  x2=0x00000000
      85695.000 ns	      8568	800021f4	21b808d3	fsgnj.s	f17,f16,f27	 f16:0x00000000 f27:0x7f800000 f17=0x00000000
      85745.000 ns	      8573	800021f8	08db7bd3	fsub.s	f23,f22,f13	 f22:0x00000000 f13:0x7fc00000 f23=0x7fc00000
      85775.000 ns	      8576	800021fc	20600dd3	fsgnj.s	f27,f0,f6	  f0:0x41800000  f6:0x00000000 f27=0x41800000
      85795.000 ns	      8578	80002200	00194f33	xor	x30,x18,x1	 x18:0x00000010  x1:0x00000001 x30=0x00000011
      85815.000 ns	      8580	80002204	03190333	mul	x6,x18,x17	 x18:0x00000010 x17:0x00000010  x6=0x00000100
      85845.000 ns	      8583	80002208	032617b3	mulh	x15,x12,x18	 x12:0x00000000 x18:0x00000010 x15=0x00000000
      85885.000 ns	      8587	8000220c	1954f2d3	fdiv.s	f5,f9,f21	  f9:0x00000000 f21:0x00000000  f5=0x7fc00000
      85915.000 ns	      8590	80002210	a1209453	flt.s	x8,f1,f18	  f1:0x80000000 f18:0x80041024  x8=0x00000000
      85935.000 ns	      8592	80002214	011663b3	or	x7,x12,x17	 x12:0x00000000 x17:0x00000010  x7=0x00000010
      86295.000 ns	      8628	80002218	0265c633	div	x12,x11,x6	 x11:0x3ffffe25  x6:0x00000100 x12=0x003ffffe
      86325.000 ns	      8631	8000221c	03430733	mul	x14,x6,x20	  x6:0x00000100 x20:0x00000001 x14=0x00000100
      86345.000 ns	      8633	80002220	01843633	sltu	x12,x8,x24	  x8:0x00000000 x24:0x80040fe4 x12=0x00000001
      86365.000 ns	      8635	80002224	030629b3	mulhsu	x19,x12,x16	 x12:0x003ffffe x16:0x00000000 x19=0x00000000
      86385.000 ns	      8637	80002228	50f7a193	slti	x3,x15,1295	 x15:0x00000000  x3=0x00000001
      86405.000 ns	      8639	8000222c	021c9bb3	mulh	x23,x25,x1	 x25:0x00000000  x1:0x00000001 x23=0x00000000
      86425.000 ns	      8641	80002230	5d597013	andi	x0,x18,1493	 x18:0x00000010
      86455.000 ns	      8644	80002234	1900fdd3	fdiv.s	f27,f1,f16	  f1:0x80000000 f16:0x00000000 f27=0x7fc00000
      86485.000 ns	      8647	80002238	a03511d3	flt.s	x3,f10,f3	 f10:0x7f800000  f3:0x00000000  x3=0x00000000
      86535.000 ns	      8652	8000223c	01c4f7d3	fadd.s	f15,f9,f28	  f9:0x00000000 f28:0x7f800000 f15=0x7f800000
      86555.000 ns	      8654	80002240	b8463eb7	lui	x29,0xb8463	 x29=0xb8463000
      86575.000 ns	      8656	80002244	c00f7ad3	fcvt.w.s	x21,f30	 f30:0x7f800000 x21=0x7fffffff
      86595.000 ns	      8658	80002248	017bd9b3	srl	x19,x23,x23	 x23:0x00000000 x23:0x00000000 x19=0x00000000
      86615.000 ns	      8660	8000224c	a1bd9d53	flt.s	x26,f27,f27	 f27:0x7fc00000 f27:0x7fc00000 x26=0x00000000
      86645.000 ns	      8663	80002250	209f1253	fsgnjn.s	f4,f30,f9	 f30:0x7f800000  f9:0x00000000  f4=0xff800000
      86665.000 ns	      8665	80002254	0076cf33	xor	x30,x13,x7	 x13:0x00000001  x7:0x00000010 x30=0x00000011
      86675.000 ns	      8666	80002258	e306ce13	xori	x28,x13,-464	 x13:0x00000001 x28=0xfffffe31
      86685.000 ns	      8667	8000225c	001027b3	slt	x15,x0,x1	  x0:0x00000000  x1:0x00000001 x15=0x00000001
      86705.000 ns	      8669	80002260	a09fa0d3	feq.s	x1,f31,f9	 f31:0x7f800000  f9:0x00000000  x1=0x00000000
      86735.000 ns	      8672	80002264	20b38f53	fsgnj.s	f30,f7,f11	  f7:0x00080041 f11:0x00000000 f30=0x00080041
      86765.000 ns	      8675	80002268	e00c10d3	fclass.s	x1,f24	 f24:0x7fc00000  x1=0x00000200
      86795.000 ns	      8678	8000226c	a1ae9353	flt.s	x6,f29,f26	 f29:0x7fc00000 f26:0x00000010  x6=0x00000000
      86815.000 ns	      8680	80002270	00c6d713	srli	x14,x13,0xc	 x13:0x00000001 x14=0x00000000
      86825.000 ns	      8681	80002274	00d63d93	sltiu	x27,x12,13	 x12:0x00000001 x27=0x00000001
      87185.000 ns	      8717	80002278	03884333	div	x6,x16,x24	 x16:0x00000000 x24:0x80040fe4  x6=0x00000000
      87205.000 ns	      8719	8000227c	01daba33	sltu	x20,x21,x29	 x21:0x7fffffff x29:0xb8463000 x20=0x00000001
      87225.000 ns	      8721	80002280	02bba233	mulhsu	x4,x23,x11	 x23:0x00000000 x11:0x3ffffe25  x4=0x00000000
      87255.000 ns	      8724	80002284	03adfbb3	remu	x23,x27,x26	 x27:0x00000001 x26:0x00000000 x23=0x00000001
      87285.000 ns	      8727	80002288	e0028053	fmv.x.w	x0,f5	  f5:0x7fc00000
      87305.000 ns	      8729	8000228c	00af10b3	sll	x1,x30,x10	 x30:0x00000011 x10:0x00000000  x1=0x00000011
      87335.000 ns	      8732	80002290	1144fad3	fmul.s	f21,f9,f20	  f9:0x00000000 f20:0x00000000 f21=0x00000000
      87355.000 ns	      8734	80002294	ab8e7b93	andi	x23,x28,-1352	 x28:0xfffffe31 x23=0xfffffa30
      87365.000 ns	      8735	80002298	00f5d133	srl	x2,x11,x15	 x11:0x3ffffe25 x15:0x00000001  x2=0x1fffff12
      87385.000 ns	      8737	8000229c	293e0ad3	fmin.s	f21,f28,f19	 f28:0x7f800000 f19:0x7fc00000 f21=0x7f800000
      87415.000 ns	      8740	800022a0	a1fa07d3	fle.s	x15,f20,f31	 f20:0x00000000 f31:0x7f800000 x15=0x00000001
      87435.000 ns	      8742	800022a4	00a4b533	sltu	x10,x9,x10	  x9:0x80041024 x10:0x00000000 x10=0x00000000
      87475.000 ns	      8746	800022a8	093bfa53	fsub.s	f20,f23,f19	 f23:0x7fc00000 f19:0x7fc00000 f20=0x7fc00000
      87495.000 ns	      8748	800022ac	007c97b3	sll	x15,x25,x7	 x25:0x00000000  x7:0x00000010 x15=0x00000000
      87515.000 ns	      8750	800022b0	023ee9b3	rem	x19,x29,x3	 x29:0xb8463000  x3:0x00000000 x19=0xb8463000
      87545.000 ns	      8753	800022b4	03038d33	mul	x26,x7,x16	  x7:0x00000010 x16:0x00000000 x26=0x00000000
      87565.000 ns	      8755	800022b8	07a12e13	slti	x28,x2,122	  x2:0x1fffff12 x28=0x00000000
      87575.000 ns	      8756	800022bc	00000013	addi	x0,x0,0	  x0:0x00000000
      87935.000 ns	      8792	800022c0	021d6833	rem	x16,x26,x1	 x26:0x00000000  x1:0x00000011 x16=0x00000000
      87955.000 ns	      8794	800022c4	e8867793	andi	x15,x12,-376	 x12:0x00000001 x15=0x00000000
      87965.000 ns	      8795	800022c8	01cbbdb3	sltu	x27,x23,x28	 x23:0xfffffa30 x28:0x00000000 x27=0x00000000
      87975.000 ns	      8796	800022cc	55746913	ori	x18,x8,1367	  x8:0x00000000 x18=0x00000557
      87995.000 ns	      8798	800022d0	a1588ed3	fle.s	x29,f17,f21	 f17:0x00000000 f21:0x7f800000 x29=0x00000001
      88015.000 ns	      8800	800022d4	00000013	addi	x0,x0,0	  x0:0x00000000
      88035.000 ns	      8802	800022d8	e0091e53	fclass.s	x28,f18	 f18:0x80041024 x28=0x00000004
      88065.000 ns	      8805	800022dc	f00304d3	fmv.w.x	f9,x6	  x6:0x00000000  f9=0x00000000
      88085.000 ns	      8807	800022e0	01095d93	srli	x27,x18,0x10	 x18:0x00000557 x27=0x00000000
      88115.000 ns	      8810	800022e4	58054d53	fsqrt.s	f26,f10	 f10:0x7f800000 f26=0x7f800000
      88145.000 ns	      8813	800022e8	292f12d3	fmax.s	f5,f30,f18	 f30:0x00080041 f18:0x80041024  f5=0x00080041
      88195.000 ns	      8818	800022ec	001a0253	fadd.s	f4,f20,f1	 f20:0x7fc00000  f1:0x80000000  f4=0x7fc00000
      88225.000 ns	      8821	800022f0	03d2af33	mulhsu	x30,x5,x29	  x5:0x5a3d91e4 x29:0x00000001 x30=0x00000000
      88275.000 ns	      8826	800022f4	009036d3	fadd.s	f13,f0,f9	  f0:0x41800000  f9:0x00000000 f13=0x41800000
      88305.000 ns	      8829	800022f8	d00406d3	fcvt.s.w	f13,x8	  x8:0x00000000 f13=0x00000000
      88335.000 ns	      8832	800022fc	02648833	mul	x16,x9,x6	  x9:0x80041024  x6:0x00000000 x16=0x00000000
      88355.000 ns	      8834	80002300	00cdcf33	xor	x30,x27,x12	 x27:0x00000000 x12:0x00000001 x30=0x00000001
      88375.000 ns	      8836	80002304	c00939d3	fcvt.w.s	x19,f18	 f18:0x80041024 x19=0x00000000
      88395.000 ns	      8838	80002308	00000013	addi	x0,x0,0	  x0:0x00000000
      88405.000 ns	      8839	8000230c	0196a033	slt	x0,x13,x25	 x13:0x00000001 x25:0x00000000
      88425.000 ns	      8841	80002310	a06e25d3	feq.s	x11,f28,f6	 f28:0x7f800000  f6:0x00000000 x11=0x00000000
      88445.000 ns	      8843	80002314	00426d33	or	x26,x4,x4	  x4:0x00000000  x4:0x00000000 x26=0x00000000
      88465.000 ns	      8845	80002318	022618b3	mulh	x17,x12,x2	 x12:0x00000001  x2:0x1fffff12 x17=0x00000000
      88835.000 ns	      8882	8000231c	03e24fb3	div	x31,x4,x30	  x4:0x00000000 x30:0x00000001 x31=0x00000000
      88855.000 ns	      8884	80002320	00171f13	slli	x30,x14,0x1	 x14:0x00000000 x30=0x00000000
      88865.000 ns	      8885	80002324	d6ddb413	sltiu	x8,x27,-659	 x27:0x00000000  x8=0x00000001
      88885.000 ns	      8887	80002328	f00f89d3	fmv.w.x	f19,x31	 x31:0x00000000 f19=0x00000000
      88915.000 ns	      8890	8000232c	296011d3	fmax.s	f3,f0,f22	  f0:0x41800000 f22:0x00000000  f3=0x41800000
      88945.000 ns	      8893	80002330	21b68f53	fsgnj.s	f30,f13,f27	 f13:0x00000000 f27:0x7fc00000 f30=0x00000000
      88965.000 ns	      8895	80002334	c7afb5b7	lui	x11,0xc7afb	 x11=0xc7afb000
      88985.000 ns	      8897	80002338	20288253	fsgnj.s	f4,f17,f2	 f17:0x00000000  f2:0x7f800000  f4=0x00000000
      89015.000 ns	      8900	8000233c	02213d33	mulhu	x26,x2,x2	  x2:0x1fffff12  x2:0x1fffff12 x26=0x03ffffc4
      89045.000 ns	      8903	80002340	02719633	mulh	x12,x3,x7	  x3:0x00000000  x7:0x00000010 x12=0x00000000
      89075.000 ns	      8906	80002344	21530253	fsgnj.s	f4,f6,f21	  f6:0x00000000 f21:0x7f800000  f4=0x00000000
      89095.000 ns	      8908	80002348	cd3d0093	addi	x1,x26,-813	 x26:0x03ffffc4  x1=0x03fffc97
      89105.000 ns	      8909	8000234c	00b7bd33	sltu	x26,x15,x11	 x15:0x00000000 x11:0xc7afb000 x26=0x00000001
      89115.000 ns	      8910	80002350	8d9b5e97	auipc	x29,0x8d9b5	 x29=0x0d9b7350
      89125.000 ns	      8911	80002354	41dad393	srai	x7,x21,0x1d	 x21:0x7fffffff  x7=0x00000003
      89145.000 ns	      8913	80002358	a04c81d3	fle.s	x3,f25,f4	 f25:0x00000000  f4:0x00000000  x3=0x00000001
      89175.000 ns	      8916	8000235c	02179fb3	mulh	x31,x15,x1	 x15:0x00000000  x1:0x03fffc97 x31=0x00000000
      89215.000 ns	      8920	80002360	11f739d3	fmul.s	f19,f14,f31	 f14:0xffc00000 f31:0x7f800000 f19=0x7fc00000
      89235.000 ns	      8922	80002364	008e2d33	slt	x26,x28,x8	 x28:0x00000004  x8:0x00000001 x26=0x00000000
      89245.000 ns	      8923	80002368	c9aab413	sltiu	x8,x21,-870	 x21:0x7fffffff  x8=0x00000001
      89255.000 ns	      8924	8000236c	009d2433	slt	x8,x26,x9	 x26:0x00000001  x9:0x80041024  x8=0x00000000
      89295.000 ns	      8928	80002370	0191b553	fadd.s	f10,f3,f25	  f3:0x41800000 f25:0x00000000 f10=0x41800000
      89325.000 ns	      8931	80002374	03ba2633	mulhsu	x12,x20,x27	 x20:0x00000001 x27:0x00000000 x12=0x00000000
      89345.000 ns	      8933	80002378	ed463113	sltiu	x2,x12,-300	 x12:0x00000000  x2=0x00000001
      89355.000 ns	      8934	8000237c	00e39933	sll	x18,x7,x14	  x7:0x00000003 x14:0x00000000 x18=0x00000003
      89365.000 ns	      8935	80002380	b21feb13	ori	x22,x31,-1247	 x31:0x00000000 x22=0xfffffb21
      89375.000 ns	      8936	80002384	017442b3	xor	x5,x8,x23	  x8:0x00000000 x23:0xfffffa30  x5=0xfffffa30
      89385.000 ns	      8937	80002388	a97cfb93	andi	x23,x25,-1385	 x25:0x00000000 x23=0x00000000
      89395.000 ns	      8938	8000238c	40345033	sra	x0,x8,x3	  x8:0x00000000  x3:0x00000001
      89415.000 ns	      8940	80002390	20c090d3	fsgnjn.s	f1,f1,f12	  f1:0x80000000 f12:0x7fc00000  f1=0x80000000
      89435.000 ns	      8942	80002394	014a2733	slt	x14,x20,x20	 x20:0x00000001 x20:0x00000001 x14=0x00000000
      89445.000 ns	      8943	80002398	00da1b93	slli	x23,x20,0xd	 x20:0x00000001 x23=0x00002000
      89465.000 ns	      8945	8000239c	a0c60353	fle.s	x6,f12,f12	 f12:0x7fc00000 f12:0x7fc00000  x6=0x00000000
      89495.000 ns	      8948	800023a0	033b3033	mulhu	x0,x22,x19	 x22:0xfffffb21 x19:0x00000000
      89525.000 ns	      8951	800023a4	03c488b3	mul	x17,x9,x28	  x9:0x80041024 x28:0x00000004 x17=0x00104090
      89545.000 ns	      8953	800023a8	c121f513	andi	x10,x3,-1006	  x3:0x00000001 x10=0x00000000
      89555.000 ns	      8954	800023ac	001feab3	or	x21,x31,x1	 x31:0x00000000  x1:0x03fffc97 x21=0x03fffc97
      89575.000 ns	      8956	800023b0	e0060053	fmv.x.w	x0,f12	 f12:0x7fc00000
      89625.000 ns	      8961	800023b4	09ec07d3	fsub.s	f15,f24,f30	 f24:0x7fc00000 f30:0x00000000 f15=0x7fc00000
      89995.000 ns	      8998	800023b8	03df5eb3	divu	x29,x30,x29	 x30:0x00000000 x29:0x0d9b7350 x29=0x00000000
      90025.000 ns	      9001	800023bc	a0371753	flt.s	x14,f14,f3	 f14:0xffc00000  f3:0x41800000 x14=0x00000000
      90045.000 ns	      9003	800023c0	4078d993	srai	x19,x17,0x7	 x17:0x00104090 x19=0x00002081
      90065.000 ns	      9005	800023c4	207e91d3	fsgnjn.s	f3,f29,f7	 f29:0x7fc00000  f7:0x00080041  f3=0xffc00000
      90085.000 ns	      9007	800023c8	00000013	addi	x0,x0,0	  x0:0x00000000
      90095.000 ns	      9008	800023cc	00000013	addi	x0,x0,0	  x0:0x00000000
      90105.000 ns	      9009	800023d0	087c2813	slti	x16,x24,135	 x24:0x80040fe4 x16=0x00000001
      90125.000 ns	      9011	800023d4	03a59bb3	mulh	x23,x11,x26	 x11:0xc7afb000 x26:0x00000000 x23=0x00000000
      90145.000 ns	      9013	800023d8	00503933	sltu	x18,x0,x5	  x0:0x00000000  x5:0xfffffa30 x18=0x00000001
      90155.000 ns	      9014	800023dc	9147e393	ori	x7,x15,-1772	 x15:0x00000000  x7=0xfffff914
      90165.000 ns	      9015	800023e0	00e5d533	srl	x10,x11,x14	 x11:0xc7afb000 x14:0x00000000 x10=0xc7afb000
      90205.000 ns	      9019	800023e4	0801b853	fsub.s	f16,f3,f0	  f3:0xffc00000  f0:0x41800000 f16=0x7fc00000
      90235.000 ns	      9022	800023e8	038a2bb3	mulhsu	x23,x20,x24	 x20:0x00000001 x24:0x80040fe4 x23=0x00000000
      90265.000 ns	      9025	800023ec	f00d8dd3	fmv.w.x	f27,x27	 x27:0x00000000 f27=0x00000000
      90295.000 ns	      9028	800023f0	d0073c53	fcvt.s.w	f24,x14	 x14:0x00000000 f24=0x00000000
      90325.000 ns	      9031	800023f4	298995d3	fmax.s	f11,f19,f24	 f19:0x7fc00000 f24:0x7fc00000 f11=0x00000000
      90355.000 ns	      9034	800023f8	28731fd3	fmax.s	f31,f6,f7	  f6:0x00000000  f7:0x00080041 f31=0x00080041
      90385.000 ns	      9037	800023fc	f00f07d3	fmv.w.x	f15,x30	 x30:0x00000000 f15=0x00000000
      90405.000 ns	      9039	80002400	94dc0617	auipc	x12,0x94dc0	 x12=0x14dc2400
      90415.000 ns	      9040	80002404	40675113	srai	x2,x14,0x6	 x14:0x00000000  x2=0x00000000
      90455.000 ns	      9044	80002408	09c17653	fsub.s	f12,f2,f28	  f2:0x7f800000 f28:0x7f800000 f12=0x80000000
      90495.000 ns	      9048	8000240c	19c17c53	fdiv.s	f24,f2,f28	  f2:0x7f800000 f28:0x7f800000 f24=0x7fc00000
      90515.000 ns	      9050	80002410	5b946517	auipc	x10,0x5b946	 x10=0xdb948410
      90535.000 ns	      9052	80002414	03c188b3	mul	x17,x3,x28	  x3:0x00000001 x28:0x00000004 x17=0x00000004
      90565.000 ns	      9055	80002418	29e31653	fmax.s	f12,f6,f30	  f6:0x00000000 f30:0x00000000 f12=0x00000000
      90595.000 ns	      9058	8000241c	e00a03d3	fmv.x.w	x7,f20	 f20:0x7fc00000  x7=0x7fc00000
      90615.000 ns	      9060	80002420	cb8c8b93	addi	x23,x25,-840	 x25:0x00000000 x23=0xfffffcb8
      90625.000 ns	      9061	80002424	025d6713	ori	x14,x26,37	 x26:0x00000000 x14=0x00000025
      90645.000 ns	      9063	80002428	e00a12d3	fclass.s	x5,f20	 f20:0x7fc00000  x5=0x00000200
      91015.000 ns	      9100	8000242c	033e5fb3	divu	x31,x28,x19	 x28:0x00000004 x19:0x00002081 x31=0x00000000
      91045.000 ns	      9103	80002430	d0117ad3	fcvt.s.wu	f21,x2	  x2:0x00000000 f21=0x00000000
      91075.000 ns	      9106	80002434	035b9b33	mulh	x22,x23,x21	 x23:0xfffffcb8 x21:0x03fffc97 x22=0xfffffff2
      91095.000 ns	      9108	80002438	91f24993	xori	x19,x4,-1761	  x4:0x00000000 x19=0xfffff91f
      91105.000 ns	      9109	8000243c	005dda93	srli	x21,x27,0x5	 x27:0x00000000 x21=0x00000000
      91115.000 ns	      9110	80002440	3206f913	andi	x18,x13,800	 x13:0x00000001 x18=0x00000000
      91125.000 ns	      9111	80002444	ce28f617	auipc	x12,0xce28f	 x12=0x4e291444
      91145.000 ns	      9113	80002448	e00503d3	fmv.x.w	x7,f10	 f10:0x41800000  x7=0x41800000
      91195.000 ns	      9118	8000244c	08844b53	fsub.s	f22,f8,f8	  f8:0x7f800000  f8:0x7f800000 f22=0x80000000
      91215.000 ns	      9120	80002450	4131d993	srai	x19,x3,0x13	  x3:0x00000001 x19=0x00000000
      91255.000 ns	      9124	80002454	007e7153	fadd.s	f2,f28,f7	 f28:0x7f800000  f7:0x00080041  f2=0x7f800000
      91285.000 ns	      9127	80002458	02d52fb3	mulhsu	x31,x10,x13	 x10:0xdb948410 x13:0x00000001 x31=0xffffffff
      91315.000 ns	      9130	8000245c	0354e433	rem	x8,x9,x21	  x9:0x80041024 x21:0x00000000  x8=0x80041024
      91345.000 ns	      9133	80002460	29e18853	fmin.s	f16,f3,f30	  f3:0xffc00000 f30:0x00000000 f16=0x00000000
      91715.000 ns	      9170	80002464	02af6bb3	rem	x23,x30,x10	 x30:0x00000000 x10:0xdb948410 x23=0x00000000
      91735.000 ns	      9172	80002468	390bfd13	andi	x26,x23,912	 x23:0xfffffcb8 x26=0x00000000
      91755.000 ns	      9174	8000246c	02c32bb3	mulhsu	x23,x6,x12	  x6:0x00000000 x12:0x4e291444 x23=0x00000000
      91785.000 ns	      9177	80002470	a0141a53	flt.s	x20,f8,f1	  f8:0x7f800000  f1:0x80000000 x20=0x00000000
      91815.000 ns	      9180	80002474	02cd92b3	mulh	x5,x27,x12	 x27:0x00000000 x12:0x4e291444  x5=0x00000000
      91845.000 ns	      9183	80002478	a1822353	feq.s	x6,f4,f24	  f4:0x00000000 f24:0x7fc00000  x6=0x00000000
      91875.000 ns	      9186	8000247c	a1090f53	fle.s	x30,f18,f16	 f18:0x80041024 f16:0x00000000 x30=0x00000001
      91895.000 ns	      9188	80002480	00673a33	sltu	x20,x14,x6	 x14:0x00000025  x6:0x00000000 x20=0x00000000
      92255.000 ns	      9224	80002484	0300c2b3	div	x5,x1,x16	  x1:0x03fffc97 x16:0x00000001  x5=0x03fffc97
      92305.000 ns	      9229	80002488	089e7ed3	fsub.s	f29,f28,f9	 f28:0x7f800000  f9:0x00000000 f29=0x7f800000
      92345.000 ns	      9233	8000248c	104af853	fmul.s	f16,f21,f4	 f21:0x00000000  f4:0x00000000 f16=0x00000000
      92375.000 ns	      9236	80002490	28218ad3	fmin.s	f21,f3,f2	  f3:0xffc00000  f2:0x7f800000 f21=0x7f800000
      92405.000 ns	      9239	80002494	03bce9b3	rem	x19,x25,x27	 x25:0x00000000 x27:0x00000000 x19=0x00000000
      92425.000 ns	      9241	80002498	ab156613	ori	x12,x10,-1359	 x10:0xdb948410 x12=0xfffffeb1
      92455.000 ns	      9244	8000249c	103329d3	fmul.s	f19,f6,f3	  f6:0x00000000  f3:0xffc00000 f19=0x7fc00000
      92485.000 ns	      9247	800024a0	02d4a633	mulhsu	x12,x9,x13	  x9:0x80041024 x13:0x00000001 x12=0xffffffff
      92505.000 ns	      9249	800024a4	0141c0b3	xor	x1,x3,x20	  x3:0x00000001 x20:0x00000000  x1=0x00000001
      92525.000 ns	      9251	800024a8	29158053	fmin.s	f0,f11,f17	 f11:0x00000000 f17:0x00000000  f0=0x00000000
      92565.000 ns	      9255	800024ac	18ee7cd3	fdiv.s	f25,f28,f14	 f28:0x7f800000 f14:0xffc00000 f25=0x7fc00000
      92605.000 ns	      9259	800024b0	11f67d53	fmul.s	f26,f12,f31	 f12:0x00000000 f31:0x00080041 f26=0x00000000
      92625.000 ns	      9261	800024b4	01846db3	or	x27,x8,x24	  x8:0x80041024 x24:0x80040fe4 x27=0x80041fe4
      92645.000 ns	      9263	800024b8	02c58eb3	mul	x29,x11,x12	 x11:0xc7afb000 x12:0xffffffff x29=0x38505000
      92675.000 ns	      9266	800024bc	e0090d53	fmv.x.w	x26,f18	 f18:0x80041024 x26=0x80041024
      92705.000 ns	      9269	800024c0	f0068ad3	fmv.w.x	f21,x13	 x13:0x00000001 f21=0x00000001
      92735.000 ns	      9272	800024c4	023e11b3	mulh	x3,x28,x3	 x28:0x00000004  x3:0x00000001  x3=0x00000000
      92755.000 ns	      9274	800024c8	0112d913	srli	x18,x5,0x11	  x5:0x03fffc97 x18=0x000001ff
      92775.000 ns	      9276	800024cc	d0047ad3	fcvt.s.w	f21,x8	  x8:0x80041024 f21=0xcefff7df
      92805.000 ns	      9279	800024d0	c0117253	fcvt.wu.s	x4,f2	  f2:0x7f800000  x4=0xffffffff
      92825.000 ns	      9281	800024d4	008ed333	srl	x6,x29,x8	 x29:0x38505000  x8:0x80041024  x6=0x03850500
      92845.000 ns	      9283	800024d8	a0a51a53	flt.s	x20,f10,f10	 f10:0x41800000 f10:0x41800000 x20=0x00000000
      92875.000 ns	      9286	800024dc	f00a83d3	fmv.w.x	f7,x21	 x21:0x00000000  f7=0x00000000
      92905.000 ns	      9289	800024e0	e0021dd3	fclass.s	x27,f4	  f4:0x00000000 x27=0x00000010
      92925.000 ns	      9291	800024e4	01445b13	srli	x22,x8,0x14	  x8:0x80041024 x22=0x00000800
      92945.000 ns	      9293	800024e8	c008b3d3	fcvt.w.s	x7,f17	 f17:0x00000000  x7=0x00000000
      92965.000 ns	      9295	800024ec	e5926d93	ori	x27,x4,-423	  x4:0xffffffff x27=0xffffffff
      92985.000 ns	      9297	800024f0	c00315d3	fcvt.w.s	x11,f6	  f6:0x00000000 x11=0x00000000
      93005.000 ns	      9299	800024f4	0010ca33	xor	x20,x1,x1	  x1:0x00000001  x1:0x00000001 x20=0x00000000
      93025.000 ns	      9301	800024f8	a175a253	feq.s	x4,f11,f23	 f11:0x00000000 f23:0x7fc00000  x4=0x00000000
      93395.000 ns	      9338	800024fc	025ad433	divu	x8,x21,x5	 x21:0x00000000  x5:0x03fffc97  x8=0x00000000
      93415.000 ns	      9340	80002500	01791bb3	sll	x23,x18,x23	 x18:0x000001ff x23:0x00000000 x23=0x000001ff
      93775.000 ns	      9376	80002504	026bc2b3	div	x5,x23,x6	 x23:0x00000000  x6:0x03850500  x5=0x00000000
      93795.000 ns	      9378	80002508	25fe2313	slti	x6,x28,607	 x28:0x00000004  x6=0x00000001
      93815.000 ns	      9380	8000250c	a13916d3	flt.s	x13,f18,f19	 f18:0x80041024 f19:0x7fc00000 x13=0x00000000
      93845.000 ns	      9383	80002510	a1a82bd3	feq.s	x23,f16,f26	 f16:0x00000000 f26:0x00000000 x23=0x00000001
      93875.000 ns	      9386	80002514	21932cd3	fsgnjx.s	f25,f6,f25	  f6:0x00000000 f25:0x7fc00000 f25=0x00000000
      93905.000 ns	      9389	80002518	e0001853	fclass.s	x16,f0	  f0:0x00000000 x16=0x00000010
      93925.000 ns	      9391	8000251c	03207eb7	lui	x29,0x3207	 x29=0x03207000
      93935.000 ns	      9392	80002520	00918ab3	add	x21,x3,x9	  x3:0x00000000  x9:0x80041024 x21=0x80041024
      93955.000 ns	      9394	80002524	d00bac53	fcvt.s.w	f24,x23	 x23:0x00000001 f24=0x3f800000
      93975.000 ns	      9396	80002528	d624f193	andi	x3,x9,-670	  x9:0x80041024  x3=0x80041020
      93985.000 ns	      9397	8000252c	7922c293	xori	x5,x5,1938	  x5:0x00000000  x5=0x00000792
      93995.000 ns	      9398	80002530	a2327793	andi	x15,x4,-1501	  x4:0x00000000 x15=0x00000000
      94005.000 ns	      9399	80002534	00000013	addi	x0,x0,0	  x0:0x00000000
      94015.000 ns	      9400	80002538	8a9fce13	xori	x28,x31,-1879	 x31:0xffffffff x28=0x00000756
      94055.000 ns	      9404	8000253c	08aff6d3	fsub.s	f13,f31,f10	 f31:0x00080041 f10:0x41800000 f13=0xc1800000
      94075.000 ns	      9406	80002540	8c800f13	addi	x30,x0,-1848	  x0:0x00000000 x30=0xfffff8c8
      94095.000 ns	      9408	80002544	20890cd3	fsgnj.s	f25,f18,f8	 f18:0x80041024  f8:0x7f800000 f25=0x00041024
      94135.000 ns	      9412	80002548	58067a53	fsqrt.s	f20,f12	 f12:0x00000000 f20=0x00000000
      94165.000 ns	      9415	8000254c	20d629d3	fsgnjx.s	f19,f12,f13	 f12:0x00000000 f13:0xc1800000 f19=0x80000000
      94195.000 ns	      9418	80002550	a1b9a953	feq.s	x18,f19,f27	 f19:0x7fc00000 f27:0x00000000 x18=0x00000001
      94225.000 ns	      9421	80002554	d00274d3	fcvt.s.w	f9,x4	  x4:0x00000000  f9=0x00000000
      94595.000 ns	      9458	80002558	02c7cdb3	div	x27,x15,x12	 x15:0x00000000 x12:0xffffffff x27=0x00000000
      94615.000 ns	      9460	8000255c	006e63b3	or	x7,x28,x6	 x28:0x00000756  x6:0x00000001  x7=0x00000757
      94975.000 ns	      9496	80002560	02735133	divu	x2,x6,x7	  x6:0x00000001  x7:0x00000000  x2=0x00000000
      95015.000 ns	      9500	80002564	10d10553	fmul.s	f10,f2,f13	  f2:0x7f800000 f13:0xc1800000 f10=0xff800000
      95035.000 ns	      9502	80002568	be83c993	xori	x19,x7,-1048	  x7:0x00000757 x19=0xfffffcbf
      95055.000 ns	      9504	8000256c	02d78533	mul	x10,x15,x13	 x15:0x00000000 x13:0x00000000 x10=0x00000000
      95085.000 ns	      9507	80002570	f0080f53	fmv.w.x	f30,x16	 x16:0x00000010 f30=0x00000010
      95115.000 ns	      9510	80002574	e00e80d3	fmv.x.w	x1,f29	 f29:0x7f800000  x1=0x7f800000
      95145.000 ns	      9513	80002578	293b9153	fmax.s	f2,f23,f19	 f23:0x7fc00000 f19:0x80000000  f2=0x80000000
      95175.000 ns	      9516	8000257c	02a6d6b3	divu	x13,x13,x10	 x13:0x00000000 x10:0x00000000 x13=0xffffffff
      95195.000 ns	      9518	80002580	01f45193	srli	x3,x8,0x1f	  x8:0x00000000  x3=0x00000000
      95555.000 ns	      9554	80002584	02e04e33	div	x28,x0,x14	  x0:0x00000000 x14:0x00000025 x28=0x00000000
      95585.000 ns	      9557	80002588	c00ff853	fcvt.w.s	x16,f31	 f31:0x00080041 x16=0x00000000
      95605.000 ns	      9559	8000258c	00000013	addi	x0,x0,0	  x0:0x00000000
      95645.000 ns	      9563	80002590	01a7a753	fadd.s	f14,f15,f26	 f15:0x00000000 f26:0x00000000 f14=0x00000000
      95675.000 ns	      9566	80002594	a12985d3	fle.s	x11,f19,f18	 f19:0x80000000 f18:0x80041024 x11=0x00000000
      95705.000 ns	      9569	80002598	c011a2d3	fcvt.wu.s	x5,f3	  f3:0xffc00000  x5=0xffffffff
      95735.000 ns	      9572	8000259c	210196d3	fsgnjn.s	f13,f3,f16	  f3:0xffc00000 f16:0x00000000 f13=0xffc00000
      95765.000 ns	      9575	800025a0	03459fb3	mulh	x31,x11,x20	 x11:0x00000000 x20:0x00000000 x31=0x00000000
      95795.000 ns	      9578	800025a4	03e7a533	mulhsu	x10,x15,x30	 x15:0x00000000 x30:0xfffff8c8 x10=0x00000000
      95825.000 ns	      9581	800025a8	03d218b3	mulh	x17,x4,x29	  x4:0x00000000 x29:0x03207000 x17=0x00000000
      95845.000 ns	      9583	800025ac	00c8aab3	slt	x21,x17,x12	 x17:0x00000004 x12:0xffffffff x21=0x00000000
      95865.000 ns	      9585	800025b0	02491a33	mulh	x20,x18,x4	 x18:0x00000001  x4:0x00000000 x20=0x00000000
      95895.000 ns	      9588	800025b4	a0f72153	feq.s	x2,f14,f15	 f14:0x00000000 f15:0x00000000  x2=0x00000001
      95915.000 ns	      9590	800025b8	00000013	addi	x0,x0,0	  x0:0x00000000
      95935.000 ns	      9592	800025bc	290901d3	fmin.s	f3,f18,f16	 f18:0x80041024 f16:0x00000000  f3=0x80041024
      95955.000 ns	      9594	800025c0	40c980b3	sub	x1,x19,x12	 x19:0xfffffcbf x12:0xffffffff  x1=0xfffffcc0
      96315.000 ns	      9630	800025c4	0370e333	rem	x6,x1,x23	  x1:0x7f800000 x23:0x00000001  x6=0x00000000
      96345.000 ns	      9633	800025c8	d01d72d3	fcvt.s.wu	f5,x26	 x26:0x80041024  f5=0x4f000410
      96385.000 ns	      9637	800025cc	5804f553	fsqrt.s	f10,f9	  f9:0x00000000 f10=0x00000000
      96415.000 ns	      9640	800025d0	e00490d3	fclass.s	x1,f9	  f9:0x00000000  x1=0x00000010
      96445.000 ns	      9643	800025d4	28c09dd3	fmax.s	f27,f1,f12	  f1:0x80000000 f12:0x00000000 f27=0x00000000
      96465.000 ns	      9645	800025d8	ecc57a37	lui	x20,0xecc57	 x20=0xecc57000
      96485.000 ns	      9647	800025dc	a0a89d53	flt.s	x26,f17,f10	 f17:0x00000000 f10:0x00000000 x26=0x00000000
      96505.000 ns	      9649	800025e0	01cc5a93	srli	x21,x24,0x1c	 x24:0x80040fe4 x21=0x00000008
      96515.000 ns	      9650	800025e4	0b05c993	xori	x19,x11,176	 x11:0x00000000 x19=0x000000b0
      96545.000 ns	      9653	800025e8	18769d53	fdiv.s	f26,f13,f7	 f13:0xffc00000  f7:0x00000000 f26=0x7fc00000
      96575.000 ns	      9656	800025ec	02f887b3	mul	x15,x17,x15	 x17:0x00000000 x15:0x00000000 x15=0x00000000
      96595.000 ns	      9658	800025f0	01c0c933	xor	x18,x1,x28	  x1:0x00000010 x28:0x00000000 x18=0x00000010
      96615.000 ns	      9660	800025f4	c002add3	fcvt.w.s	x27,f5	  f5:0x4f000410 x27=0x7fffffff
      96635.000 ns	      9662	800025f8	01691f33	sll	x30,x18,x22	 x18:0x00000001 x22:0x00000800 x30=0x00000010
      96655.000 ns	      9664	800025fc	21848453	fsgnj.s	f8,f9,f24	  f9:0x00000000 f24:0x3f800000  f8=0x00000000
      96685.000 ns	      9667	80002600	a017a8d3	feq.s	x17,f15,f1	 f15:0x00000000  f1:0x80000000 x17=0x00000001
      96705.000 ns	      9669	80002604	00a61893	slli	x17,x12,0xa	 x12:0xffffffff x17=0xfffffc00
      96715.000 ns	      9670	80002608	c299c7b7	lui	x15,0xc299c	 x15=0xc299c000
      96735.000 ns	      9672	8000260c	c013a8d3	fcvt.wu.s	x17,f7	  f7:0x00000000 x17=0x00000000
      96755.000 ns	      9674	80002610	40290333	sub	x6,x18,x2	 x18:0x00000010  x2:0x00000001  x6=0x0000000f
      96765.000 ns	      9675	80002614	e975b293	sltiu	x5,x11,-361	 x11:0x00000000  x5=0x00000001
      96785.000 ns	      9677	80002618	d0087a53	fcvt.s.w	f20,x16	 x16:0x00000000 f20=0x00000000
      96815.000 ns	      9680	8000261c	a120a3d3	feq.s	x7,f1,f18	  f1:0x80000000 f18:0x80041024  x7=0x00000000
      96855.000 ns	      9684	80002620	1082fcd3	fmul.s	f25,f5,f8	  f5:0x4f000410  f8:0x00000000 f25=0x00000000
      96875.000 ns	      9686	80002624	00da40b3	xor	x1,x20,x13	 x20:0xecc57000 x13:0xffffffff  x1=0x133a8fff
      96895.000 ns	      9688	80002628	037a3933	mulhu	x18,x20,x23	 x20:0xecc57000 x23:0x00000001 x18=0x00000000
      96915.000 ns	      9690	8000262c	1f0c9bb7	lui	x23,0x1f0c9	 x23=0x1f0c9000
      96935.000 ns	      9692	80002630	021cb1b3	mulhu	x3,x25,x1	 x25:0x00000000  x1:0x133a8fff  x3=0x00000000
      96955.000 ns	      9694	80002634	40c4d693	srai	x13,x9,0xc	  x9:0x80041024 x13=0xfff80041
      97315.000 ns	      9730	80002638	03b966b3	rem	x13,x18,x27	 x18:0x00000000 x27:0x7fffffff x13=0x00000000
      97345.000 ns	      9733	8000263c	e00f02d3	fmv.x.w	x5,f30	 f30:0x00000010  x5=0x00000010
      97365.000 ns	      9735	80002640	011e3933	sltu	x18,x28,x17	 x28:0x00000000 x17:0x00000000 x18=0x00000000
      97385.000 ns	      9737	80002644	02400633	mul	x12,x0,x4	  x0:0x00000000  x4:0x00000000 x12=0x00000000
      97755.000 ns	      9774	80002648	03dde233	rem	x4,x27,x29	 x27:0x7fffffff x29:0x03207000  x4=0x02ee7fff
      97785.000 ns	      9777	8000264c	c01612d3	fcvt.wu.s	x5,f12	 f12:0x00000000  x5=0x00000000
      97835.000 ns	      9782	80002650	08487653	fsub.s	f12,f16,f4	 f16:0x00000000  f4:0x00000000 f12=0x80000000
      97865.000 ns	      9785	80002654	21420ed3	fsgnj.s	f29,f4,f20	  f4:0x00000000 f20:0x00000000 f29=0x00000000
      97895.000 ns	      9788	80002658	a1538d53	fle.s	x26,f7,f21	  f7:0x00000000 f21:0xcefff7df x26=0x00000000
      97925.000 ns	      9791	8000265c	21c09953	fsgnjn.s	f18,f1,f28	  f1:0x80000000 f28:0x7f800000 f18=0x80000000
      97955.000 ns	      9794	80002660	e00286d3	fmv.x.w	x13,f5	  f5:0x4f000410 x13=0x4f000410
      98325.000 ns	      9831	80002664	0260d6b3	divu	x13,x1,x6	  x1:0x133a8fff  x6:0x0000000f x13=0x01482bbb
      98355.000 ns	      9834	80002668	d001fdd3	fcvt.s.w	f27,x3	  x3:0x00000000 f27=0x00000000
      98375.000 ns	      9836	8000266c	010408b3	add	x17,x8,x16	  x8:0x00000000 x16:0x00000000 x17=0x00000000
      98385.000 ns	      9837	80002670	4155db33	sra	x22,x11,x21	 x11:0x00000000 x21:0x00000008 x22=0x00000000
      98395.000 ns	      9838	80002674	01fc7eb3	and	x29,x24,x31	 x24:0x80040fe4 x31:0x00000000 x29=0x00000000
      98405.000 ns	      9839	80002678	9ce2e837	lui	x16,0x9ce2e	 x16=0x9ce2e000
      98415.000 ns	      9840	8000267c	ecff4393	xori	x7,x30,-305	 x30:0x00000010  x7=0xfffffedf
      98425.000 ns	      9841	80002680	008bb0b3	sltu	x1,x23,x8	 x23:0x1f0c9000  x8:0x00000000  x1=0x00000000
      98445.000 ns	      9843	80002684	f0088053	fmv.w.x	f0,x17	 x17:0x00000000  f0=0x00000000
      98465.000 ns	      9845	80002688	00000013	addi	x0,x0,0	  x0:0x00000000
      98475.000 ns	      9846	8000268c	4144deb3	sra	x29,x9,x20	  x9:0x80041024 x20:0xecc57000 x29=0x80041024
      98495.000 ns	      9848	80002690	c00ab353	fcvt.w.s	x6,f21	 f21:0xcefff7df  x6=0x80041080
      98515.000 ns	      9850	80002694	01041413	slli	x8,x8,0x10	  x8:0x00000000  x8=0x00000000
      98545.000 ns	      9853	80002698	19444c53	fdiv.s	f24,f8,f20	  f8:0x00000000 f20:0x00000000 f24=0x7fc00000
      98565.000 ns	      9855	8000269c	013277b3	and	x15,x4,x19	  x4:0x02ee7fff x19:0x000000b0 x15=0x000000b0
      98605.000 ns	      9859	800026a0	08f01353	fsub.s	f6,f0,f15	  f0:0x00000000 f15:0x00000000  f6=0x80000000
      98645.000 ns	      9863	800026a4	18a97753	fdiv.s	f14,f18,f10	 f18:0x80000000 f10:0x00000000 f14=0x7fc00000
      98695.000 ns	      9868	800026a8	0160b5d3	fadd.s	f11,f1,f22	  f1:0x80000000 f22:0x80000000 f11=0x80000000
      98725.000 ns	      9871	800026ac	c01e7a53	fcvt.wu.s	x20,f28	 f28:0x7f800000 x20=0xffffffff
      98755.000 ns	      9874	800026b0	a1a889d3	fle.s	x19,f17,f26	 f17:0x00000000 f26:0x7fc00000 x19=0x00000000
      98775.000 ns	      9876	800026b4	01e85533	srl	x10,x16,x30	 x16:0x9ce2e000 x30:0x00000010 x10=0x00009ce2
      98795.000 ns	      9878	800026b8	0319a333	mulhsu	x6,x19,x17	 x19:0x00000000 x17:0x00000000  x6=0x00000000
      98825.000 ns	      9881	800026bc	a1819f53	flt.s	x30,f3,f24	  f3:0x80041024 f24:0x7fc00000 x30=0x00000000
      98845.000 ns	      9883	800026c0	00f1eab3	or	x21,x3,x15	  x3:0x00000000 x15:0x000000b0 x21=0x000000b0
      98855.000 ns	      9884	800026c4	40b25eb3	sra	x29,x4,x11	  x4:0x02ee7fff x11:0x00000000 x29=0x02ee7fff
      98875.000 ns	      9886	800026c8	02b70833	mul	x16,x14,x11	 x14:0x00000025 x11:0x00000000 x16=0x00000000
      98895.000 ns	      9888	800026cc	32b3f513	andi	x10,x7,811	  x7:0xfffffedf x10=0x0000020b
      98915.000 ns	      9890	800026d0	a08693d3	flt.s	x7,f13,f8	 f13:0xffc00000  f8:0x00000000  x7=0x00000000
      98935.000 ns	      9892	800026d4	006313b3	sll	x7,x6,x6	  x6:0x00000000  x6:0x00000000  x7=0x00000000
      98945.000 ns	      9893	800026d8	003d4ab3	xor	x21,x26,x3	 x26:0x00000000  x3:0x00000000 x21=0x00000000
      98955.000 ns	      9894	800026dc	09fe7d13	andi	x26,x28,159	 x28:0x00000000 x26=0x00000000
      98965.000 ns	      9895	800026e0	56d8f137	lui	x2,0x56d8f	  x2=0x56d8f000
      98995.000 ns	      9898	800026e4	19f034d3	fdiv.s	f9,f0,f31	  f0:0x00000000 f31:0x00080041  f9=0x00000000
      99015.000 ns	      9900	800026e8	41b9d6b3	sra	x13,x19,x27	 x19:0x00000000 x27:0x7fffffff x13=0x00000000
      99035.000 ns	      9902	800026ec	d009fa53	fcvt.s.w	f20,x19	 x19:0x00000000 f20=0x00000000
      99065.000 ns	      9905	800026f0	21b912d3	fsgnjn.s	f5,f18,f27	 f18:0x80000000 f27:0x00000000  f5=0x80000000
      99095.000 ns	      9908	800026f4	20ee9ad3	fsgnjn.s	f21,f29,f14	 f29:0x00000000 f14:0x7fc00000 f21=0x80000000
      99115.000 ns	      9910	800026f8	010169b3	or	x19,x2,x16	  x2:0x56d8f000 x16:0x00000000 x19=0x56d8f000
      99125.000 ns	      9911	800026fc	41f75793	srai	x15,x14,0x1f	 x14:0x00000025 x15=0x00000000
      99135.000 ns	      9912	80002700	00978033	add	x0,x15,x9	 x15:0x000000b0  x9:0x80041024
      99165.000 ns	      9915	80002704	5803f2d3	fsqrt.s	f5,f7	  f7:0x00000000  f5=0x00000000
      99195.000 ns	      9918	80002708	c018afd3	fcvt.wu.s	x31,f17	 f17:0x00000000 x31=0x00000000
      99225.000 ns	      9921	8000270c	f00b0353	fmv.w.x	f6,x22	 x22:0x00000000  f6=0x00000000
      99255.000 ns	      9924	80002710	02a38eb3	mul	x29,x7,x10	  x7:0x00000000 x10:0x0000020b x29=0x00000000
      99275.000 ns	      9926	80002714	369a0513	addi	x10,x20,873	 x20:0xffffffff x10=0x00000368
      99285.000 ns	      9927	80002718	01ab05b3	add	x11,x22,x26	 x22:0x00000000 x26:0x00000000 x11=0x00000000
      99305.000 ns	      9929	8000271c	a1231bd3	flt.s	x23,f6,f18	  f6:0x00000000 f18:0x80000000 x23=0x00000000
      99325.000 ns	      9931	80002720	018a5793	srli	x15,x20,0x18	 x20:0xffffffff x15=0x000000ff
      99345.000 ns	      9933	80002724	a179aad3	feq.s	x21,f19,f23	 f19:0x80000000 f23:0x7fc00000 x21=0x00000000
      99365.000 ns	      9935	80002728	00ded913	srli	x18,x29,0xd	 x29:0x00000000 x18=0x00000000
      99375.000 ns	      9936	8000272c	4193da33	sra	x20,x7,x25	  x7:0x00000000 x25:0x00000000 x20=0x00000000
      99395.000 ns	      9938	80002730	02d673b3	remu	x7,x12,x13	 x12:0x00000000 x13:0x00000000  x7=0x00000000
      99425.000 ns	      9941	80002734	29168e53	fmin.s	f28,f13,f17	 f13:0xffc00000 f17:0x00000000 f28=0x00000000
      99445.000 ns	      9943	80002738	ee580bb7	lui	x23,0xee580	 x23=0xee580000
      99465.000 ns	      9945	8000273c	21a60253	fsgnj.s	f4,f12,f26	 f12:0x80000000 f26:0x7fc00000  f4=0x00000000
      99485.000 ns	      9947	80002740	2ea32b13	slti	x22,x6,746	  x6:0x00000000 x22=0x00000001
      99495.000 ns	      9948	80002744	06d0f893	andi	x17,x1,109	  x1:0x00000000 x17=0x00000000
      99515.000 ns	      9950	80002748	e00607d3	fmv.x.w	x15,f12	 f12:0x80000000 x15=0x80000000
      99535.000 ns	      9952	8000274c	13404193	xori	x3,x0,308	  x0:0x00000000  x3=0x00000134
      99545.000 ns	      9953	80002750	40d48fb3	sub	x31,x9,x13	  x9:0x80041024 x13:0x00000000 x31=0x80041024
      99555.000 ns	      9954	80002754	01f0b8b3	sltu	x17,x1,x31	  x1:0x00000000 x31:0x00000000 x17=0x00000001
      99595.000 ns	      9958	80002758	09962dd3	fsub.s	f27,f12,f25	 f12:0x80000000 f25:0x00000000 f27=0x80000000
      99615.000 ns	      9960	8000275c	53500337	lui	x6,0x53500	  x6=0x53500000
      99635.000 ns	      9962	80002760	d0058f53	fcvt.s.w	f30,x11	 x11:0x00000000 f30=0x00000000
      99655.000 ns	      9964	80002764	00000013	addi	x0,x0,0	  x0:0x00000000
      99665.000 ns	      9965	80002768	41b78933	sub	x18,x15,x27	 x15:0x80000000 x27:0x7fffffff x18=0x00000001
      99675.000 ns	      9966	8000276c	00767233	and	x4,x12,x7	 x12:0x00000000  x7:0x00000000  x4=0x00000000
      99685.000 ns	      9967	80002770	01469b13	slli	x22,x13,0x14	 x13:0x00000000 x22=0x00000000
      99695.000 ns	      9968	80002774	00a4bdb3	sltu	x27,x9,x10	  x9:0x80041024 x10:0x00000368 x27=0x00000000
      99715.000 ns	      9970	80002778	f00a87d3	fmv.w.x	f15,x21	 x21:0x00000000 f15=0x00000000
      99745.000 ns	      9973	8000277c	d0037cd3	fcvt.s.w	f25,x6	  x6:0x53500000 f25=0x4ea6a000
      99765.000 ns	      9975	80002780	00c721b3	slt	x3,x14,x12	 x14:0x00000025 x12:0x00000000  x3=0x00000000
      99775.000 ns	      9976	80002784	019a8d33	add	x26,x21,x25	 x21:0x00000000 x25:0x00000000 x26=0x00000000
      99795.000 ns	      9978	80002788	28e18fd3	fmin.s	f31,f3,f14	  f3:0x80041024 f14:0x7fc00000 f31=0x80041024
      99825.000 ns	      9981	8000278c	022d80b3	mul	x1,x27,x2	 x27:0x00000000  x2:0x56d8f000  x1=0x00000000
      99855.000 ns	      9984	80002790	a10b2b53	feq.s	x22,f22,f16	 f22:0x80000000 f16:0x00000000 x22=0x00000001
      99895.000 ns	      9988	80002794	11affc53	fmul.s	f24,f31,f26	 f31:0x80041024 f26:0x7fc00000 f24=0x7fc00000
      99925.000 ns	      9991	80002798	0272b833	mulhu	x16,x5,x7	  x5:0x00000000  x7:0x00000000 x16=0x00000000
      99945.000 ns	      9993	8000279c	00000013	addi	x0,x0,0	  x0:0x00000000
      99955.000 ns	      9994	800027a0	011f1293	slli	x5,x30,0x11	 x30:0x00000000  x5=0x00000000
      99975.000 ns	      9996	800027a4	c0157253	fcvt.wu.s	x4,f10	 f10:0x00000000  x4=0x00000000
     100005.000 ns	      9999	800027a8	20d90bd3	fsgnj.s	f23,f18,f13	 f18:0x80000000 f13:0xffc00000 f23=0x80000000
     100025.000 ns	     10001	800027ac	5c00af13	slti	x30,x1,1472	  x1:0x00000000 x30=0x00000001
     100045.000 ns	     10003	800027b0	c0117653	fcvt.wu.s	x12,f2	  f2:0x80000000 x12=0x00000000
     100065.000 ns	     10005	800027b4	01729993	slli	x19,x5,0x17	  x5:0x00000000 x19=0x00000000
     100075.000 ns	     10006	800027b8	52096793	ori	x15,x18,1312	 x18:0x00000001 x15=0x00000521
     100085.000 ns	     10007	800027bc	27457b93	andi	x23,x10,628	 x10:0x00000368 x23=0x00000260
     100095.000 ns	     10008	800027c0	41c98033	sub	x0,x19,x28	 x19:0x00000000 x28:0x00000000
     100105.000 ns	     10009	800027c4	c434e7b7	lui	x15,0xc434e	 x15=0xc434e000
     100115.000 ns	     10010	800027c8	46002193	slti	x3,x0,1120	  x0:0x00000000  x3=0x00000001
     100135.000 ns	     10012	800027cc	20680ad3	fsgnj.s	f21,f16,f6	 f16:0x00000000  f6:0x00000000 f21=0x00000000
     100155.000 ns	     10014	800027d0	b5ed29b7	lui	x19,0xb5ed2	 x19=0xb5ed2000
     100175.000 ns	     10016	800027d4	020d53b3	divu	x7,x26,x0	 x26:0x00000000  x0:0x00000000  x7=0xffffffff
     100205.000 ns	     10019	800027d8	c002fad3	fcvt.w.s	x21,f5	  f5:0x00000000 x21=0x00000000
     100235.000 ns	     10022	800027dc	a0312b53	feq.s	x22,f2,f3	  f2:0x80000000  f3:0x80041024 x22=0x00000000
     100265.000 ns	     10025	800027e0	205a88d3	fsgnj.s	f17,f21,f5	 f21:0x00000000  f5:0x00000000 f17=0x00000000
     100635.000 ns	     10062	800027e4	02fcce33	div	x28,x25,x15	 x25:0x00000000 x15:0xc434e000 x28=0x00000000
     101005.000 ns	     10099	800027e8	03736bb3	rem	x23,x6,x23	  x6:0x53500000 x23:0x00000260 x23=0x00000220
     101035.000 ns	     10102	800027ec	c00343d3	fcvt.w.s	x7,f6	  f6:0x00000000  x7=0x00000000
     101065.000 ns	     10105	800027f0	f0088bd3	fmv.w.x	f23,x17	 x17:0x00000001 f23=0x00000001
     101095.000 ns	     10108	800027f4	031c9233	mulh	x4,x25,x17	 x25:0x00000000 x17:0x00000001  x4=0x00000000
     101115.000 ns	     10110	800027f8	013aedb3	or	x27,x21,x19	 x21:0x00000000 x19:0xb5ed2000 x27=0xb5ed2000
     101135.000 ns	     10112	800027fc	021038b3	mulhu	x17,x0,x1	  x0:0x00000000  x1:0x00000000 x17=0x00000000
     101155.000 ns	     10114	80002800	01416033	or	x0,x2,x20	  x2:0x56d8f000 x20:0x00000000
     101195.000 ns	     10118	80002804	01a0ffd3	fadd.s	f31,f1,f26	  f1:0x80000000 f26:0x7fc00000 f31=0x7fc00000
     101215.000 ns	     10120	80002808	00ef70b3	and	x1,x30,x14	 x30:0x00000001 x14:0x00000025  x1=0x00000001
     101235.000 ns	     10122	8000280c	e00a80d3	fmv.x.w	x1,f21	 f21:0x00000000  x1=0x00000000
     101285.000 ns	     10127	80002810	00e17053	fadd.s	f0,f2,f14	  f2:0x80000000 f14:0x7fc00000  f0=0x7fc00000
     101315.000 ns	     10130	80002814	d006f8d3	fcvt.s.w	f17,x13	 x13:0x00000000 f17=0x00000000
     101335.000 ns	     10132	80002818	01ab15b3	sll	x11,x22,x26	 x22:0x00000000 x26:0x00000000 x11=0x00000000
     101345.000 ns	     10133	8000281c	005d88b3	add	x17,x27,x5	 x27:0xb5ed2000  x5:0x00000000 x17=0xb5ed2000
     101355.000 ns	     10134	80002820	0165e633	or	x12,x11,x22	 x11:0x00000000 x22:0x00000000 x12=0x00000000
     101365.000 ns	     10135	80002824	0074ceb3	xor	x29,x9,x7	  x9:0x80041024  x7:0x00000000 x29=0x80041024
     101375.000 ns	     10136	80002828	0f126b13	ori	x22,x4,241	  x4:0x00000000 x22=0x000000f1
     101405.000 ns	     10139	8000282c	19588353	fdiv.s	f6,f17,f21	 f17:0x00000000 f21:0x00000000  f6=0x7fc00000
     101435.000 ns	     10142	80002830	c0007e53	fcvt.w.s	x28,f0	  f0:0x7fc00000 x28=0x7fffffff
     101455.000 ns	     10144	80002834	00a8e333	or	x6,x17,x10	 x17:0xb5ed2000 x10:0x00000368  x6=0xb5ed2368
     101475.000 ns	     10146	80002838	a1b22e53	feq.s	x28,f4,f27	  f4:0x00000000 f27:0x80000000 x28=0x00000001
     101495.000 ns	     10148	8000283c	00ae9b33	sll	x22,x29,x10	 x29:0x80041024 x10:0x00000368 x22=0x04102400
     101505.000 ns	     10149	80002840	980f7013	andi	x0,x30,-1664	 x30:0x00000001
     101525.000 ns	     10151	80002844	03583233	mulhu	x4,x16,x21	 x16:0x00000000 x21:0x00000000  x4=0x00000000
     101555.000 ns	     10154	80002848	d00c8dd3	fcvt.s.w	f27,x25	 x25:0x00000000 f27=0x00000000
     101585.000 ns	     10157	8000284c	d013f8d3	fcvt.s.wu	f17,x7	  x7:0x00000000 f17=0x00000000
     101605.000 ns	     10159	80002850	413a8ab3	sub	x21,x21,x19	 x21:0x00000000 x19:0xb5ed2000 x21=0x4a12e000
     101965.000 ns	     10195	80002854	03f567b3	rem	x15,x10,x31	 x10:0x00000368 x31:0x80041024 x15=0x00000368
     101995.000 ns	     10198	80002858	e0080ed3	fmv.x.w	x29,f16	 f16:0x00000000 x29=0x00000000
     102035.000 ns	     10202	8000285c	18d77353	fdiv.s	f6,f14,f13	 f14:0x7fc00000 f13:0xffc00000  f6=0x7fc00000
     102055.000 ns	     10204	80002860	ccf63713	sltiu	x14,x12,-817	 x12:0x00000000 x14=0x00000001
     102075.000 ns	     10206	80002864	283f9dd3	fmax.s	f27,f31,f3	 f31:0x7fc00000  f3:0x80041024 f27=0x80041024
     102095.000 ns	     10208	80002868	b7325d97	auipc	x27,0xb7325	 x27=0x37327868
     102125.000 ns	     10211	8000286c	580486d3	fsqrt.s	f13,f9	  f9:0x00000000 f13=0x00000000
     102155.000 ns	     10214	80002870	02b6b633	mulhu	x12,x13,x11	 x13:0x00000000 x11:0x00000000 x12=0x00000000
     102185.000 ns	     10217	80002874	21ed12d3	fsgnjn.s	f5,f26,f30	 f26:0x7fc00000 f30:0x00000000  f5=0xffc00000
     102205.000 ns	     10219	80002878	40fb5f33	sra	x30,x22,x15	 x22:0x04102400 x15:0x00000368 x30=0x00041024
     102215.000 ns	     10220	8000287c	00585033	srl	x0,x16,x5	 x16:0x00000000  x5:0x00000000
     102225.000 ns	     10221	80002880	41018eb3	sub	x29,x3,x16	  x3:0x00000001 x16:0x00000000 x29=0x00000001
     102235.000 ns	     10222	80002884	e3074413	xori	x8,x14,-464	 x14:0x00000001  x8=0xfffffe31
     102245.000 ns	     10223	80002888	5cf4b193	sltiu	x3,x9,1487	  x9:0x80041024  x3=0x00000000
     102265.000 ns	     10225	8000288c	210f2fd3	fsgnjx.s	f31,f30,f16	 f30:0x00000000 f16:0x00000000 f31=0x00000000
     102285.000 ns	     10227	80002890	41ced7b3	sra	x15,x29,x28	 x29:0x00000001 x28:0x00000001 x15=0x00000000
     102295.000 ns	     10228	80002894	404b5733	sra	x14,x22,x4	 x22:0x04102400  x4:0x00000000 x14=0x04102400
     102315.000 ns	     10230	80002898	29ba87d3	fmin.s	f15,f21,f27	 f21:0x00000000 f27:0x80041024 f15=0x80041024
     102345.000 ns	     10233	8000289c	a0222253	feq.s	x4,f4,f2	  f4:0x00000000  f2:0x80000000  x4=0x00000001
     102385.000 ns	     10237	800028a0	114220d3	fmul.s	f1,f4,f20	  f4:0x00000000 f20:0x00000000  f1=0x00000000
     102405.000 ns	     10239	800028a4	648e7113	andi	x2,x28,1608	 x28:0x00000001  x2=0x00000000
     102425.000 ns	     10241	800028a8	c0011ad3	fcvt.w.s	x21,f2	  f2:0x80000000 x21=0x00000000
     102445.000 ns	     10243	800028ac	01e8cbb3	xor	x23,x17,x30	 x17:0xb5ed2000 x30:0x00041024 x23=0xb5e93024
     102805.000 ns	     10279	800028b0	03287833	remu	x16,x16,x18	 x16:0x00000000 x18:0x00000001 x16=0x00000000
     102835.000 ns	     10282	800028b4	289d9453	fmax.s	f8,f27,f9	 f27:0x80041024  f9:0x00000000  f8=0x00000000
     102865.000 ns	     10285	800028b8	286610d3	fmax.s	f1,f12,f6	 f12:0x80000000  f6:0x7fc00000  f1=0x80000000
     103235.000 ns	     10322	800028bc	02e170b3	remu	x1,x2,x14	  x2:0x00000000 x14:0x04102400  x1=0x00000000
     103255.000 ns	     10324	800028c0	00e22f33	slt	x30,x4,x14	  x4:0x00000001 x14:0x04102400 x30=0x00000001
     103275.000 ns	     10326	800028c4	c01e7fd3	fcvt.wu.s	x31,f28	 f28:0x00000000 x31=0x00000000
     103305.000 ns	     10329	800028c8	21092053	fsgnjx.s	f0,f18,f16	 f18:0x80000000 f16:0x00000000  f0=0x80000000
     103325.000 ns	     10331	800028cc	01314333	xor	x6,x2,x19	  x2:0x00000000 x19:0xb5ed2000  x6=0xb5ed2000
     103335.000 ns	     10332	800028d0	01b7de13	srli	x28,x15,0x1b	 x15:0x00000000 x28=0x00000000
     103355.000 ns	     10334	800028d4	d00ec653	fcvt.s.w	f12,x29	 x29:0x00000001 f12=0x3f800000
     103375.000 ns	     10336	800028d8	01c74d33	xor	x26,x14,x28	 x14:0x04102400 x28:0x00000001 x26=0x04102400
     103395.000 ns	     10338	800028dc	a0c681d3	fle.s	x3,f13,f12	 f13:0x00000000 f12:0x3f800000  x3=0x00000001
     103415.000 ns	     10340	800028e0	833bc213	xori	x4,x23,-1997	 x23:0xb5e93024  x4=0x4a16c817
     103455.000 ns	     10344	800028e4	0073cfd3	fadd.s	f31,f7,f7	  f7:0x00000000  f7:0x00000000 f31=0x00000000
     103475.000 ns	     10346	800028e8	1cf40313	addi	x6,x8,463	  x8:0xfffffe31  x6=0x00000000
     103485.000 ns	     10347	800028ec	011942b3	xor	x5,x18,x17	 x18:0x00000001 x17:0xb5ed2000  x5=0xb5ed2001
     103505.000 ns	     10349	800028f0	d0038c53	fcvt.s.w	f24,x7	  x7:0x00000000 f24=0x00000000
     103535.000 ns	     10352	800028f4	038932b3	mulhu	x5,x18,x24	 x18:0x00000001 x24:0x80040fe4  x5=0x00000000
     103565.000 ns	     10355	800028f8	d00806d3	fcvt.s.w	f13,x16	 x16:0x00000000 f13=0x00000000
     103595.000 ns	     10358	800028fc	214022d3	fsgnjx.s	f5,f0,f20	  f0:0x80000000 f20:0x00000000  f5=0x80000000
     103615.000 ns	     10360	80002900	01e51293	slli	x5,x10,0x1e	 x10:0x00000368  x5=0x00000000
     103635.000 ns	     10362	80002904	d00dcdd3	fcvt.s.w	f27,x27	 x27:0x37327868 f27=0x4e5cc9e2
     103655.000 ns	     10364	80002908	02818093	addi	x1,x3,40	  x3:0x00000001  x1=0x00000029
     103665.000 ns	     10365	8000290c	01865093	srli	x1,x12,0x18	 x12:0x00000000  x1=0x00000000
     103675.000 ns	     10366	80002910	004bcd97	auipc	x27,0x4bc	 x27=0x804be910
     103685.000 ns	     10367	80002914	fc4ec793	xori	x15,x29,-60	 x29:0x00000001 x15=0xffffffc5
     103695.000 ns	     10368	80002918	005f95b3	sll	x11,x31,x5	 x31:0x00000000  x5:0x00000000 x11=0x00000000
     103705.000 ns	     10369	8000291c	00000013	addi	x0,x0,0	  x0:0x00000000
     103725.000 ns	     10371	80002920	02b491b3	mulh	x3,x9,x11	  x9:0x80041024 x11:0x00000000  x3=0x00000000
     103755.000 ns	     10374	80002924	204012d3	fsgnjn.s	f5,f0,f4	  f0:0x80000000  f4:0x00000000  f5=0x80000000
     103785.000 ns	     10377	80002928	03ac1db3	mulh	x27,x24,x26	 x24:0x80040fe4 x26:0x04102400 x27=0xfdf7fe81
     103815.000 ns	     10380	8000292c	e00999d3	fclass.s	x19,f19	 f19:0x80000000 x19=0x00000008
     104185.000 ns	     10417	80002930	03a4fa33	remu	x20,x9,x26	  x9:0x80041024 x26:0x04102400 x20=0x020fb424
     104215.000 ns	     10420	80002934	c01bfd53	fcvt.wu.s	x26,f23	 f23:0x00000001 x26=0x00000000
     104245.000 ns	     10423	80002938	e00b9153	fclass.s	x2,f23	 f23:0x00000001  x2=0x00000020
     104265.000 ns	     10425	8000293c	015f3033	sltu	x0,x30,x21	 x30:0x00000001 x21:0x00000000
     104275.000 ns	     10426	80002940	003506b3	add	x13,x10,x3	 x10:0x00000368  x3:0x00000000 x13=0x00000368
     104285.000 ns	     10427	80002944	0140e833	or	x16,x1,x20	  x1:0x00000000 x20:0x020fb424 x16=0x020fb424
     104645.000 ns	     10463	80002948	03244ab3	div	x21,x8,x18	  x8:0xfffffe31 x18:0x00000001 x21=0xfffffe31
     104675.000 ns	     10466	8000294c	c0197f53	fcvt.wu.s	x30,f18	 f18:0x80000000 x30=0x00000000
     104705.000 ns	     10469	80002950	e00e87d3	fmv.x.w	x15,f29	 f29:0x00000000 x15=0x00000000
     104725.000 ns	     10471	80002954	9e73ae93	slti	x29,x7,-1561	  x7:0x00000000 x29=0x00000000
     105085.000 ns	     10507	80002958	02eef0b3	remu	x1,x29,x14	 x29:0x00000001 x14:0x04102400  x1=0x00000000
     105105.000 ns	     10509	8000295c	003a90b3	sll	x1,x21,x3	 x21:0xfffffe31  x3:0x00000000  x1=0xfffffe31
     105115.000 ns	     10510	80002960	40810a33	sub	x20,x2,x8	  x2:0x00000020  x8:0xfffffe31 x20=0x000001ef
     105135.000 ns	     10512	80002964	c0164d53	fcvt.wu.s	x26,f12	 f12:0x3f800000 x26=0x00000001
     105165.000 ns	     10515	80002968	214c8ad3	fsgnj.s	f21,f25,f20	 f25:0x4ea6a000 f20:0x00000000 f21=0x4ea6a000
     105195.000 ns	     10518	8000296c	c00efbd3	fcvt.w.s	x23,f29	 f29:0x00000000 x23=0x00000000
     105225.000 ns	     10521	80002970	024e89b3	mul	x19,x29,x4	 x29:0x00000000  x4:0x4a16c817 x19=0x00000000
     105245.000 ns	     10523	80002974	00000013	addi	x0,x0,0	  x0:0x00000000
     105265.000 ns	     10525	80002978	a0fcae53	feq.s	x28,f25,f15	 f25:0x4ea6a000 f15:0x80041024 x28=0x00000000
     105285.000 ns	     10527	8000297c	67b92f13	slti	x30,x18,1659	 x18:0x00000001 x30=0x00000001
     105305.000 ns	     10529	80002980	21271f53	fsgnjn.s	f30,f14,f18	 f14:0x7fc00000 f18:0x80000000 f30=0x7fc00000
     105675.000 ns	     10566	80002984	029dc233	div	x4,x27,x9	 x27:0xfdf7fe81  x9:0x80041024  x4=0x00000000
     105695.000 ns	     10568	80002988	9022b0b7	lui	x1,0x9022b	  x1=0x9022b000
     105705.000 ns	     10569	8000298c	005665b3	or	x11,x12,x5	 x12:0x00000000  x5:0x00000000 x11=0x00000000
     105715.000 ns	     10570	80002990	11c15d97	auipc	x27,0x11c15	 x27=0x91c17990
     105735.000 ns	     10572	80002994	02676f33	rem	x30,x14,x6	 x14:0x04102400  x6:0x00000000 x30=0x04102400
     105755.000 ns	     10574	80002998	4338c713	xori	x14,x17,1075	 x17:0xb5ed2000 x14=0xb5ed2433
     105765.000 ns	     10575	8000299c	dfa2ef93	ori	x31,x5,-518	  x5:0x00000000 x31=0xfffffdfa
     105775.000 ns	     10576	800029a0	415e5a93	srai	x21,x28,0x15	 x28:0x00000000 x21=0x00000000
     105795.000 ns	     10578	800029a4	280a0ad3	fmin.s	f21,f20,f0	 f20:0x00000000  f0:0x80000000 f21=0x80000000
     106165.000 ns	     10615	800029a8	03bbf7b3	remu	x15,x23,x27	 x23:0x00000000 x27:0x91c17990 x15=0x00000000
     106185.000 ns	     10617	800029ac	01f81313	slli	x6,x16,0x1f	 x16:0x020fb424  x6=0x00000000
     106195.000 ns	     10618	800029b0	014b36b3	sltu	x13,x22,x20	 x22:0x04102400 x20:0x000001ef x13=0x00000000
     106225.000 ns	     10621	800029b4	19e9f8d3	fdiv.s	f17,f19,f30	 f19:0x80000000 f30:0x7fc00000 f17=0x7fc00000
     106245.000 ns	     10623	800029b8	414c05b3	sub	x11,x24,x20	 x24:0x80040fe4 x20:0x000001ef x11=0x80040df5
     106255.000 ns	     10624	800029bc	01dc0433	add	x8,x24,x29	 x24:0x80040fe4 x29:0x00000000  x8=0x80040fe4
     106275.000 ns	     10626	800029c0	03e88133	mul	x2,x17,x30	 x17:0xb5ed2000 x30:0x04102400  x2=0x58800000
     106295.000 ns	     10628	800029c4	070d7b13	andi	x22,x26,112	 x26:0x00000001 x22=0x00000000
     106305.000 ns	     10629	800029c8	005fd5b3	srl	x11,x31,x5	 x31:0xfffffdfa  x5:0x00000000 x11=0xfffffdfa
     106315.000 ns	     10630	800029cc	012231b3	sltu	x3,x4,x18	  x4:0x00000000 x18:0x00000001  x3=0x00000001
     106325.000 ns	     10631	800029d0	00dab633	sltu	x12,x21,x13	 x21:0x00000000 x13:0x00000000 x12=0x00000000
     106345.000 ns	     10633	800029d4	036c7733	remu	x14,x24,x22	 x24:0x80040fe4 x22:0x00000000 x14=0x80040fe4
     106365.000 ns	     10635	800029d8	8185da97	auipc	x21,0x8185d	 x21=0x0185f9d8
     106375.000 ns	     10636	800029dc	00d8dfb3	srl	x31,x17,x13	 x17:0xb5ed2000 x13:0x00000000 x31=0xb5ed2000
     106395.000 ns	     10638	800029e0	e0061953	fclass.s	x18,f12	 f12:0x3f800000 x18=0x00000040
     106415.000 ns	     10640	800029e4	c4b77013	andi	x0,x14,-949	 x14:0x80040fe4
     106425.000 ns	     10641	800029e8	000b57b3	srl	x15,x22,x0	 x22:0x00000000  x0:0x00000000 x15=0x00000000
     106435.000 ns	     10642	800029ec	00814933	xor	x18,x2,x8	  x2:0x58800000  x8:0x80040fe4 x18=0xd8840fe4
     106455.000 ns	     10644	800029f0	217d1853	fsgnjn.s	f16,f26,f23	 f26:0x7fc00000 f23:0x00000001 f16=0xffc00000
     106485.000 ns	     10647	800029f4	d018a2d3	fcvt.s.wu	f5,x17	 x17:0xb5ed2000  f5=0x4f35ed20
     106505.000 ns	     10649	800029f8	8e8ca213	slti	x4,x25,-1816	 x25:0x00000000  x4=0x00000000
     106515.000 ns	     10650	800029fc	019717b3	sll	x15,x14,x25	 x14:0x80040fe4 x25:0x00000000 x15=0x80040fe4
     106535.000 ns	     10652	80002a00	02922bb3	mulhsu	x23,x4,x9	  x4:0x00000000  x9:0x80041024 x23=0x00000000
     106565.000 ns	     10655	80002a04	d0080ed3	fcvt.s.w	f29,x16	 x16:0x020fb424 f29=0x4c03ed09
     106585.000 ns	     10657	80002a08	0e300b93	addi	x23,x0,227	  x0:0x00000000 x23=0x000000e3
     106595.000 ns	     10658	80002a0c	00000013	addi	x0,x0,0	  x0:0x00000000
     106605.000 ns	     10659	80002a10	ad124393	xori	x7,x4,-1327	  x4:0x00000000  x7=0xfffffad1
     106625.000 ns	     10661	80002a14	c01bf6d3	fcvt.wu.s	x13,f23	 f23:0x00000001 x13=0x00000000
     106675.000 ns	     10666	80002a18	097f3253	fsub.s	f4,f30,f23	 f30:0x7fc00000 f23:0x00000001  f4=0x7fc00000
     106695.000 ns	     10668	80002a1c	00605133	srl	x2,x0,x6	  x0:0x00000000  x6:0x00000000  x2=0x00000000
     106705.000 ns	     10669	80002a20	00a277b3	and	x15,x4,x10	  x4:0x00000000 x10:0x00000368 x15=0x00000000
     106715.000 ns	     10670	80002a24	01f59193	slli	x3,x11,0x1f	 x11:0xfffffdfa  x3=0x00000000
     106735.000 ns	     10672	80002a28	219c1fd3	fsgnjn.s	f31,f24,f25	 f24:0x00000000 f25:0x4ea6a000 f31=0x80000000
     106765.000 ns	     10675	80002a2c	f0060753	fmv.w.x	f14,x12	 x12:0x00000000 f14=0x00000000
     106795.000 ns	     10678	80002a30	29ac9fd3	fmax.s	f31,f25,f26	 f25:0x4ea6a000 f26:0x7fc00000 f31=0x4ea6a000
     106815.000 ns	     10680	80002a34	01425233	srl	x4,x4,x20	  x4:0x00000000 x20:0x000001ef  x4=0x00000000
     106825.000 ns	     10681	80002a38	3048cb93	xori	x23,x17,772	 x17:0xb5ed2000 x23=0xb5ed2304
     106845.000 ns	     10683	80002a3c	033467b3	rem	x15,x8,x19	  x8:0x80040fe4 x19:0x00000000 x15=0x80040fe4
     106865.000 ns	     10685	80002a40	41ffd7b3	sra	x15,x31,x31	 x31:0xb5ed2000 x31:0xb5ed2000 x15=0xb5ed2000
     106895.000 ns	     10688	80002a44	195d0cd3	fdiv.s	f25,f26,f21	 f26:0x7fc00000 f21:0x80000000 f25=0x7fc00000
     106925.000 ns	     10691	80002a48	d00d8753	fcvt.s.w	f14,x27	 x27:0x91c17990 f14=0xcedc7d0c
     106955.000 ns	     10694	80002a4c	f0000453	fmv.w.x	f8,x0	  x0:0x00000000  f8=0x00000000
     106975.000 ns	     10696	80002a50	5044f293	andi	x5,x9,1284	  x9:0x80041024  x5=0x00000004
     106995.000 ns	     10698	80002a54	21ba2c53	fsgnjx.s	f24,f20,f27	 f20:0x00000000 f27:0x4e5cc9e2 f24=0x00000000
     107015.000 ns	     10700	80002a58	1f96e093	ori	x1,x13,505	 x13:0x00000000  x1=0x000001f9
     107025.000 ns	     10701	80002a5c	00967fb3	and	x31,x12,x9	 x12:0x00000000  x9:0x80041024 x31=0x00000000
     107035.000 ns	     10702	80002a60	01adfab3	and	x21,x27,x26	 x27:0x91c17990 x26:0x00000001 x21=0x00000000
     107055.000 ns	     10704	80002a64	a0160353	fle.s	x6,f12,f1	 f12:0x3f800000  f1:0x80000000  x6=0x00000000
     107075.000 ns	     10706	80002a68	406806b3	sub	x13,x16,x6	 x16:0x020fb424  x6:0x00000000 x13=0x020fb424
     107085.000 ns	     10707	80002a6c	418b2013	slti	x0,x22,1048	 x22:0x00000000
     107095.000 ns	     10708	80002a70	014c19b3	sll	x19,x24,x20	 x24:0x80040fe4 x20:0x000001ef x19=0x07f20000
     107115.000 ns	     10710	80002a74	29d21cd3	fmax.s	f25,f4,f29	  f4:0x7fc00000 f29:0x4c03ed09 f25=0x4c03ed09
     107135.000 ns	     10712	80002a78	01041b93	slli	x23,x8,0x10	  x8:0x80040fe4 x23=0x0fe40000
     107145.000 ns	     10713	80002a7c	0103b933	sltu	x18,x7,x16	  x7:0xfffffad1 x16:0x020fb424 x18=0x00000000
     107155.000 ns	     10714	80002a80	e37af9b7	lui	x19,0xe37af	 x19=0xe37af000
     107165.000 ns	     10715	80002a84	002b65b3	or	x11,x22,x2	 x22:0x00000000  x2:0x00000000 x11=0x00000000
     107175.000 ns	     10716	80002a88	e5e5df17	auipc	x30,0xe5e5d	 x30=0x65e5fa88
     107535.000 ns	     10752	80002a8c	0291d2b3	divu	x5,x3,x9	  x3:0x00000000  x9:0x80041024  x5=0x00000000
     107905.000 ns	     10789	80002a90	02715d33	divu	x26,x2,x7	  x2:0x00000000  x7:0xfffffad1 x26=0x00000000
     107955.000 ns	     10794	80002a94	00da78d3	fadd.s	f17,f20,f13	 f20:0x00000000 f13:0x00000000 f17=0x00000000
     107975.000 ns	     10796	80002a98	004a46b3	xor	x13,x20,x4	 x20:0x000001ef  x4:0x00000000 x13=0x000001ef
     108015.000 ns	     10800	80002a9c	082173d3	fsub.s	f7,f2,f2	  f2:0x80000000  f2:0x80000000  f7=0x00000000
     108035.000 ns	     10802	80002aa0	0146f833	and	x16,x13,x20	 x13:0x020fb424 x20:0x000001ef x16=0x000001ef
     108065.000 ns	     10805	80002aa4	111f1cd3	fmul.s	f25,f30,f17	 f30:0x7fc00000 f17:0x00000000 f25=0x7fc00000
     108095.000 ns	     10808	80002aa8	a0409153	flt.s	x2,f1,f4	  f1:0x80000000  f4:0x7fc00000  x2=0x00000000
     108135.000 ns	     10812	80002aac	111d4153	fmul.s	f2,f26,f17	 f26:0x7fc00000 f17:0x00000000  f2=0x7fc00000
     108155.000 ns	     10814	80002ab0	40015d13	srai	x26,x2,0x0	  x2:0x00000000 x26=0x00000000
     108165.000 ns	     10815	80002ab4	00d89393	slli	x7,x17,0xd	 x17:0xb5ed2000  x7=0xa4000000
     108175.000 ns	     10816	80002ab8	40d05013	srai	x0,x0,0xd	  x0:0x00000000
     108185.000 ns	     10817	80002abc	74822737	lui	x14,0x74822	 x14=0x74822000
     108205.000 ns	     10819	80002ac0	20552153	fsgnjx.s	f2,f10,f5	 f10:0x00000000  f5:0x4f35ed20  f2=0x00000000
     108235.000 ns	     10822	80002ac4	023bc3b3	div	x7,x23,x3	 x23:0x0fe40000  x3:0x00000000  x7=0xffffffff
     108255.000 ns	     10824	80002ac8	f92a7193	andi	x3,x20,-110	 x20:0x000001ef  x3=0x00000182
     108275.000 ns	     10826	80002acc	281c08d3	fmin.s	f17,f24,f1	 f24:0x00000000  f1:0x80000000 f17=0x80000000
     108305.000 ns	     10829	80002ad0	a158a7d3	feq.s	x15,f17,f21	 f17:0x00000000 f21:0x80000000 x15=0x00000001
     108325.000 ns	     10831	80002ad4	00000013	addi	x0,x0,0	  x0:0x00000000
     108345.000 ns	     10833	80002ad8	02bf7db3	remu	x27,x30,x11	 x30:0x65e5fa88 x11:0x00000000 x27=0x65e5fa88
     108375.000 ns	     10836	80002adc	200c8c53	fsgnj.s	f24,f25,f0	 f25:0x7fc00000  f0:0x80000000 f24=0xffc00000
     108395.000 ns	     10838	80002ae0	00e60b33	add	x22,x12,x14	 x12:0x00000000 x14:0x74822000 x22=0x74822000
     108405.000 ns	     10839	80002ae4	43522093	slti	x1,x4,1077	  x4:0x00000000  x1=0x00000001
     108425.000 ns	     10841	80002ae8	c01100d3	fcvt.wu.s	x1,f2	  f2:0x00000000  x1=0x00000000
     108795.000 ns	     10878	80002aec	0369d5b3	divu	x11,x19,x22	 x19:0xe37af000 x22:0x74822000 x11=0x00000001
     108825.000 ns	     10881	80002af0	2177a2d3	fsgnjx.s	f5,f15,f23	 f15:0x80041024 f23:0x00000001  f5=0x80041024
     108855.000 ns	     10884	80002af4	d00fbad3	fcvt.s.w	f21,x31	 x31:0x00000000 f21=0x00000000
     108885.000 ns	     10887	80002af8	c00caad3	fcvt.w.s	x21,f25	 f25:0x7fc00000 x21=0x7fffffff
     108915.000 ns	     10890	80002afc	c017b0d3	fcvt.wu.s	x1,f15	 f15:0x80041024  x1=0x00000000
     108945.000 ns	     10893	80002b00	c019f253	fcvt.wu.s	x4,f19	 f19:0x80000000  x4=0x00000000
     108965.000 ns	     10895	80002b04	e396eb37	lui	x22,0xe396e	 x22=0xe396e000
     109325.000 ns	     10931	80002b08	0344e733	rem	x14,x9,x20	  x9:0x80041024 x20:0x000001ef x14=0xfffffe50
     109345.000 ns	     10933	80002b0c	0164e2b3	or	x5,x9,x22	  x9:0x80041024 x22:0x74822000  x5=0xe396f024
     109365.000 ns	     10935	80002b10	d00b4ed3	fcvt.s.w	f29,x22	 x22:0xe396e000 f29=0xcde34900
     109405.000 ns	     10939	80002b14	10560cd3	fmul.s	f25,f12,f5	 f12:0x3f800000  f5:0x80041024 f25=0x80041024
     109435.000 ns	     10942	80002b18	f00c8753	fmv.w.x	f14,x25	 x25:0x00000000 f14=0x00000000
     109465.000 ns	     10945	80002b1c	f00d8c53	fmv.w.x	f24,x27	 x27:0x65e5fa88 f24=0x65e5fa88
     109495.000 ns	     10948	80002b20	d019f3d3	fcvt.s.wu	f7,x19	 x19:0xe37af000  f7=0x4f637af0
     109525.000 ns	     10951	80002b24	a184a953	feq.s	x18,f9,f24	  f9:0x00000000 f24:0x65e5fa88 x18=0x00000000
     109895.000 ns	     10988	80002b28	03b2e6b3	rem	x13,x5,x27	  x5:0xe396f024 x27:0x65e5fa88 x13=0xe396f024
     109915.000 ns	     10990	80002b2c	00ce3e33	sltu	x28,x28,x12	 x28:0x00000000 x12:0x00000000 x28=0x00000000
     109935.000 ns	     10992	80002b30	299618d3	fmax.s	f17,f12,f25	 f12:0x3f800000 f25:0x80041024 f17=0x3f800000
     110305.000 ns	     11029	80002b34	023cc533	div	x10,x25,x3	 x25:0x00000000  x3:0x00000182 x10=0x00000000
     110325.000 ns	     11031	80002b38	00c45993	srli	x19,x8,0xc	  x8:0x80040fe4 x19=0x00080040
     110345.000 ns	     11033	80002b3c	a0d51e53	flt.s	x28,f10,f13	 f10:0x00000000 f13:0x00000000 x28=0x00000000
     110375.000 ns	     11036	80002b40	c007f453	fcvt.w.s	x8,f15	 f15:0x80041024  x8=0x00000000
     110405.000 ns	     11039	80002b44	a16a29d3	feq.s	x19,f20,f22	 f20:0x00000000 f22:0x80000000 x19=0x00000001
     110425.000 ns	     11041	80002b48	bc642b93	slti	x23,x8,-1082	  x8:0x00000000 x23=0x00000000
     110445.000 ns	     11043	80002b4c	023e1833	mulh	x16,x28,x3	 x28:0x00000000  x3:0x00000182 x16=0x00000000
     110475.000 ns	     11046	80002b50	a10d1453	flt.s	x8,f26,f16	 f26:0x7fc00000 f16:0xffc00000  x8=0x00000000
     110495.000 ns	     11048	80002b54	008d1593	slli	x11,x26,0x8	 x26:0x00000000 x11=0x00000000
     110515.000 ns	     11050	80002b58	a1152ed3	feq.s	x29,f10,f17	 f10:0x00000000 f17:0x3f800000 x29=0x00000000
     110535.000 ns	     11052	80002b5c	016d9db3	sll	x27,x27,x22	 x27:0x65e5fa88 x22:0xe396e000 x27=0x65e5fa88
     110575.000 ns	     11056	80002b60	08af0953	fsub.s	f18,f30,f10	 f30:0x7fc00000 f10:0x00000000 f18=0x7fc00000
     110605.000 ns	     11059	80002b64	d0117a53	fcvt.s.wu	f20,x2	  x2:0x00000000 f20=0x00000000
     110625.000 ns	     11061	80002b68	00ee2b33	slt	x22,x28,x14	 x28:0x00000000 x14:0xfffffe50 x22=0x00000000
     110635.000 ns	     11062	80002b6c	4036d9b3	sra	x19,x13,x3	 x13:0xe396f024  x3:0x00000182 x19=0xf8e5bc09
     110995.000 ns	     11098	80002b70	03eac433	div	x8,x21,x30	 x21:0x7fffffff x30:0x65e5fa88  x8=0x00000001
     111025.000 ns	     11101	80002b74	21770353	fsgnj.s	f6,f14,f23	 f14:0x00000000 f23:0x00000001  f6=0x00000000
     111045.000 ns	     11103	80002b78	dcace693	ori	x13,x25,-566	 x25:0x00000000 x13=0xfffffdca
     111055.000 ns	     11104	80002b7c	01f78e33	add	x28,x15,x31	 x15:0x00000001 x31:0x00000000 x28=0x00000001
     111075.000 ns	     11106	80002b80	21d72653	fsgnjx.s	f12,f14,f29	 f14:0x00000000 f29:0xcde34900 f12=0x80000000
     111125.000 ns	     11111	80002b84	081437d3	fsub.s	f15,f8,f1	  f8:0x00000000  f1:0x80000000 f15=0x00000000
     111155.000 ns	     11114	80002b88	29fc1bd3	fmax.s	f23,f24,f31	 f24:0x65e5fa88 f31:0x4ea6a000 f23=0x65e5fa88
     111185.000 ns	     11117	80002b8c	d0047fd3	fcvt.s.w	f31,x8	  x8:0x00000001 f31=0x3f800000
     111215.000 ns	     11120	80002b90	e00a1153	fclass.s	x2,f20	 f20:0x00000000  x2=0x00000010
     111245.000 ns	     11123	80002b94	03a29d33	mulh	x26,x5,x26	  x5:0xe396f024 x26:0x00000000 x26=0x00000000
     111275.000 ns	     11126	80002b98	21579ed3	fsgnjn.s	f29,f15,f21	 f15:0x00000000 f21:0x00000000 f29=0x80000000
     111305.000 ns	     11129	80002b9c	f00f8153	fmv.w.x	f2,x31	 x31:0x00000000  f2=0x00000000
     111325.000 ns	     11131	80002ba0	0148f6b3	and	x13,x17,x20	 x17:0xb5ed2000 x20:0x000001ef x13=0x00000000
     111345.000 ns	     11133	80002ba4	e00b1bd3	fclass.s	x23,f22	 f22:0x80000000 x23=0x00000008
     111395.000 ns	     11138	80002ba8	09ed7f53	fsub.s	f30,f26,f30	 f26:0x7fc00000 f30:0x7fc00000 f30=0x7fc00000
     111415.000 ns	     11140	80002bac	0119bdb3	sltu	x27,x19,x17	 x19:0xf8e5bc09 x17:0xb5ed2000 x27=0x00000000
     111435.000 ns	     11142	80002bb0	29a092d3	fmax.s	f5,f1,f26	  f1:0x80000000 f26:0x7fc00000  f5=0x80000000
     111455.000 ns	     11144	80002bb4	97034593	xori	x11,x6,-1680	  x6:0x00000000 x11=0xfffff970
     111495.000 ns	     11148	80002bb8	084a04d3	fsub.s	f9,f20,f4	 f20:0x00000000  f4:0x7fc00000  f9=0x7fc00000
     111515.000 ns	     11150	80002bbc	0040ba33	sltu	x20,x1,x4	  x1:0x00000000  x4:0x00000000 x20=0x00000000
     111535.000 ns	     11152	80002bc0	c01ef6d3	fcvt.wu.s	x13,f29	 f29:0x80000000 x13=0x00000000
     111565.000 ns	     11155	80002bc4	a10d8453	fle.s	x8,f27,f16	 f27:0x4e5cc9e2 f16:0xffc00000  x8=0x00000000
     111585.000 ns	     11157	80002bc8	44d74b13	xori	x22,x14,1101	 x14:0xfffffe50 x22=0xfffffa1d
     111605.000 ns	     11159	80002bcc	0264f133	remu	x2,x9,x6	  x9:0x80041024  x6:0x00000000  x2=0x80041024
     111655.000 ns	     11164	80002bd0	002c3e53	fadd.s	f28,f24,f2	 f24:0x65e5fa88  f2:0x00000000 f28=0x65e5fa88
     111675.000 ns	     11166	80002bd4	cea33613	sltiu	x12,x6,-790	  x6:0x00000000 x12=0x00000001
     111695.000 ns	     11168	80002bd8	02383bb3	mulhu	x23,x16,x3	 x16:0x00000000  x3:0x00000182 x23=0x00000000
     111715.000 ns	     11170	80002bdc	e4d32613	slti	x12,x6,-435	  x6:0x00000000 x12=0x00000000
     111725.000 ns	     11171	80002be0	ba64e397	auipc	x7,0xba64e	  x7=0x3a650be0
     111745.000 ns	     11173	80002be4	a1930bd3	fle.s	x23,f6,f25	  f6:0x00000000 f25:0x80041024 x23=0x00000000
     111775.000 ns	     11176	80002be8	28e49ad3	fmax.s	f21,f9,f14	  f9:0x7fc00000 f14:0x00000000 f21=0x00000000
     111805.000 ns	     11179	80002bec	02ed2633	mulhsu	x12,x26,x14	 x26:0x00000000 x14:0xfffffe50 x12=0x00000000
     111825.000 ns	     11181	80002bf0	017b6d33	or	x26,x22,x23	 x22:0xfffffa1d x23:0x00000000 x26=0xfffffa1d
     111835.000 ns	     11182	80002bf4	41f855b3	sra	x11,x16,x31	 x16:0x00000000 x31:0x00000000 x11=0x00000000
     111855.000 ns	     11184	80002bf8	02847833	remu	x16,x8,x8	  x8:0x00000000  x8:0x00000000 x16=0x00000000
     111875.000 ns	     11186	80002bfc	0124b9b3	sltu	x19,x9,x18	  x9:0x80041024 x18:0x00000000 x19=0x00000000
     111895.000 ns	     11188	80002c00	203196d3	fsgnjn.s	f13,f3,f3	  f3:0x80041024  f3:0x80041024 f13=0x00041024
     111925.000 ns	     11191	80002c04	e00319d3	fclass.s	x19,f6	  f6:0x00000000 x19=0x00000010
     111945.000 ns	     11193	80002c08	aaf33b13	sltiu	x22,x6,-1361	  x6:0x00000000 x22=0x00000001
     111955.000 ns	     11194	80002c0c	b089cd13	xori	x26,x19,-1272	 x19:0x00000010 x26=0xfffffb18
     111985.000 ns	     11197	80002c10	1956fcd3	fdiv.s	f25,f13,f21	 f13:0x00041024 f21:0x00000000 f25=0x7f800000
     112355.000 ns	     11234	80002c14	03cb5db3	divu	x27,x22,x28	 x22:0x00000001 x28:0x00000001 x27=0x00000001
     112375.000 ns	     11236	80002c18	00b23db3	sltu	x27,x4,x11	  x4:0x00000000 x11:0x00000000 x27=0x00000000
     112385.000 ns	     11237	80002c1c	004ef333	and	x6,x29,x4	 x29:0x00000000  x4:0x00000000  x6=0x00000000
     112405.000 ns	     11239	80002c20	a07d0bd3	fle.s	x23,f26,f7	 f26:0x7fc00000  f7:0x4f637af0 x23=0x00000000
     112425.000 ns	     11241	80002c24	0026c733	xor	x14,x13,x2	 x13:0x00000000  x2:0x80041024 x14=0x80041024
     112455.000 ns	     11244	80002c28	580274d3	fsqrt.s	f9,f4	  f4:0x7fc00000  f9=0x7fc00000
     112475.000 ns	     11246	80002c2c	00000013	addi	x0,x0,0	  x0:0x00000000
     112495.000 ns	     11248	80002c30	c00e8a53	fcvt.w.s	x20,f29	 f29:0x80000000 x20=0x00000000
     112525.000 ns	     11251	80002c34	211298d3	fsgnjn.s	f17,f5,f17	  f5:0x80000000 f17:0x3f800000 f17=0x80000000
     112545.000 ns	     11253	80002c38	007dd033	srl	x0,x27,x7	 x27:0x00000000  x7:0x3a650be0
     112555.000 ns	     11254	80002c3c	fa030f93	addi	x31,x6,-96	  x6:0x00000000 x31=0xffffffa0
     113595.000 ns	     11358	80002c40	580faed3	fsqrt.s	f29,f31	 f31:0x3f800000 f29=0x3f7fffae
     113625.000 ns	     11361	80002c44	f00f0253	fmv.w.x	f4,x30	 x30:0x65e5fa88  f4=0x65e5fa88
     113645.000 ns	     11363	80002c48	b758ad97	auipc	x27,0xb758a	 x27=0x3758cc48
     113665.000 ns	     11365	80002c4c	0203fa33	remu	x20,x7,x0	  x7:0x3a650be0  x0:0x00000000 x20=0x3a650be0
     113695.000 ns	     11368	80002c50	a0cd0753	fle.s	x14,f26,f12	 f26:0x7fc00000 f12:0x80000000 x14=0x00000000
     113725.000 ns	     11371	80002c54	a07a1253	flt.s	x4,f20,f7	 f20:0x00000000  f7:0x4f637af0  x4=0x00000001
     114095.000 ns	     11408	80002c58	03b5f133	remu	x2,x11,x27	 x11:0x00000000 x27:0x3758cc48  x2=0x00000000
     114115.000 ns	     11410	80002c5c	9dc46a13	ori	x20,x8,-1572	  x8:0x00000000 x20=0xfffff9dc
     114135.000 ns	     11412	80002c60	d0067553	fcvt.s.w	f10,x12	 x12:0x00000000 f10=0x00000000
     114185.000 ns	     11417	80002c64	090876d3	fsub.s	f13,f16,f16	 f16:0xffc00000 f16:0xffc00000 f13=0x7fc00000
     114215.000 ns	     11420	80002c68	21fc9553	fsgnjn.s	f10,f25,f31	 f25:0x7f800000 f31:0x3f800000 f10=0xff800000
     114235.000 ns	     11422	80002c6c	5e87b897	auipc	x17,0x5e87b	 x17=0xde87dc6c
     114595.000 ns	     11458	80002c70	0233d2b3	divu	x5,x7,x3	  x7:0x3a650be0  x3:0x00000182  x5=0x0026ba64
     114615.000 ns	     11460	80002c74	01f11eb3	sll	x29,x2,x31	  x2:0x00000000 x31:0xffffffa0 x29=0x00000000
     114625.000 ns	     11461	80002c78	009ac0b3	xor	x1,x21,x9	 x21:0x7fffffff  x9:0x80041024  x1=0xfffbefdb
     114645.000 ns	     11463	80002c7c	21b19053	fsgnjn.s	f0,f3,f27	  f3:0x80041024 f27:0x4e5cc9e2  f0=0x80041024
     114675.000 ns	     11466	80002c80	c016f0d3	fcvt.wu.s	x1,f13	 f13:0x7fc00000  x1=0xffffffff
     114695.000 ns	     11468	80002c84	c83cea13	ori	x20,x25,-893	 x25:0x00000000 x20=0xfffffc83
     114705.000 ns	     11469	80002c88	2dbb4a93	xori	x21,x22,731	 x22:0x00000001 x21=0x000002da
     114715.000 ns	     11470	80002c8c	cb2a4413	xori	x8,x20,-846	 x20:0xfffff9dc  x8=0x00000031
     114735.000 ns	     11472	80002c90	03d8b9b3	mulhu	x19,x17,x29	 x17:0xde87dc6c x29:0x00000000 x19=0x00000000
     114755.000 ns	     11474	80002c94	01b478b3	and	x17,x8,x27	  x8:0x00000000 x27:0x3758cc48 x17=0x00000000
     114775.000 ns	     11476	80002c98	03b01033	mulh	x0,x0,x27	  x0:0x00000000 x27:0x3758cc48
     114795.000 ns	     11478	80002c9c	eed5f313	andi	x6,x11,-275	 x11:0x00000000  x6=0x00000000
     114815.000 ns	     11480	80002ca0	290f05d3	fmin.s	f11,f30,f16	 f30:0x7fc00000 f16:0xffc00000 f11=0x7fc00000
     115185.000 ns	     11517	80002ca4	0245ffb3	remu	x31,x11,x4	 x11:0x00000000  x4:0x00000001 x31=0x00000000
     115205.000 ns	     11519	80002ca8	01e79213	slli	x4,x15,0x1e	 x15:0x00000001  x4=0x40000000
     115215.000 ns	     11520	80002cac	01cab1b3	sltu	x3,x21,x28	 x21:0x000002da x28:0x00000001  x3=0x00000000
     115225.000 ns	     11521	80002cb0	f34d2a93	slti	x21,x26,-204	 x26:0xfffffb18 x21=0x00000001
     115235.000 ns	     11522	80002cb4	0b21ba13	sltiu	x20,x3,178	  x3:0x00000182 x20=0x00000001
     115245.000 ns	     11523	80002cb8	00000013	addi	x0,x0,0	  x0:0x00000000
     115255.000 ns	     11524	80002cbc	00af3a33	sltu	x20,x30,x10	 x30:0x65e5fa88 x10:0x00000000 x20=0x00000000
     115275.000 ns	     11526	80002cc0	20491c53	fsgnjn.s	f24,f18,f4	 f18:0x7fc00000  f4:0x65e5fa88 f24=0xffc00000
     115305.000 ns	     11529	80002cc4	02312433	mulhsu	x8,x2,x3	  x2:0x00000000  x3:0x00000000  x8=0x00000000
     115345.000 ns	     11533	80002cc8	104a3753	fmul.s	f14,f20,f4	 f20:0x00000000  f4:0x65e5fa88 f14=0x00000000
     115375.000 ns	     11536	80002ccc	03257db3	remu	x27,x10,x18	 x10:0x00000000 x18:0x00000000 x27=0x00000000
     115405.000 ns	     11539	80002cd0	c005f3d3	fcvt.w.s	x7,f11	 f11:0x7fc00000  x7=0x7fffffff
     115425.000 ns	     11541	80002cd4	011adbb3	srl	x23,x21,x17	 x21:0x00000001 x17:0x00000000 x23=0x00000001
     115435.000 ns	     11542	80002cd8	66638a13	addi	x20,x7,1638	  x7:0x7fffffff x20=0x80000665
     115445.000 ns	     11543	80002cdc	406501b3	sub	x3,x10,x6	 x10:0x00000000  x6:0x00000000  x3=0x00000000
     115485.000 ns	     11547	80002ce0	00198c53	fadd.s	f24,f19,f1	 f19:0x80000000  f1:0x80000000 f24=0x80000000
     115855.000 ns	     11584	80002ce4	02444a33	div	x20,x8,x4	  x8:0x00000000  x4:0x40000000 x20=0x00000000
     115885.000 ns	     11587	80002ce8	f00c8453	fmv.w.x	f8,x25	 x25:0x00000000  f8=0x00000000
     115915.000 ns	     11590	80002cec	039bd933	divu	x18,x23,x25	 x23:0x00000001 x25:0x00000000 x18=0xffffffff
     115935.000 ns	     11592	80002cf0	f022b193	sltiu	x3,x5,-254	  x5:0x0026ba64  x3=0x00000001
     115955.000 ns	     11594	80002cf4	c00576d3	fcvt.w.s	x13,f10	 f10:0xff800000 x13=0x80000000
     115985.000 ns	     11597	80002cf8	20dca5d3	fsgnjx.s	f11,f25,f13	 f25:0x7f800000 f13:0x7fc00000 f11=0x7f800000
     116005.000 ns	     11599	80002cfc	416dd993	srai	x19,x27,0x16	 x27:0x00000000 x19=0x00000000
     116025.000 ns	     11601	80002d00	d005fc53	fcvt.s.w	f24,x11	 x11:0x00000000 f24=0x00000000
     116055.000 ns	     11604	80002d04	d011a5d3	fcvt.s.wu	f11,x3	  x3:0x00000001 f11=0x3f800000
     116085.000 ns	     11607	80002d08	a01488d3	fle.s	x17,f9,f1	  f9:0x7fc00000  f1:0x80000000 x17=0x00000000
     116105.000 ns	     11609	80002d0c	00120ab3	add	x21,x4,x1	  x4:0x40000000  x1:0xffffffff x21=0x3fffffff
     116125.000 ns	     11611	80002d10	e0070d53	fmv.x.w	x26,f14	 f14:0x00000000 x26=0x00000000
     116155.000 ns	     11614	80002d14	c01cf7d3	fcvt.wu.s	x15,f25	 f25:0x7f800000 x15=0xffffffff
     116195.000 ns	     11618	80002d18	188e7853	fdiv.s	f16,f28,f8	 f28:0x65e5fa88  f8:0x00000000 f16=0x7f800000
     116215.000 ns	     11620	80002d1c	01aef0b3	and	x1,x29,x26	 x29:0x00000000 x26:0x00000000  x1=0x00000000
     116235.000 ns	     11622	80002d20	c01e9e53	fcvt.wu.s	x28,f29	 f29:0x3f7fffae x28=0x00000000
     116265.000 ns	     11625	80002d24	218306d3	fsgnj.s	f13,f6,f24	  f6:0x00000000 f24:0x00000000 f13=0x00000000
     116635.000 ns	     11662	80002d28	03e66ab3	rem	x21,x12,x30	 x12:0x00000000 x30:0x65e5fa88 x21=0x00000000
     116665.000 ns	     11665	80002d2c	215015d3	fsgnjn.s	f11,f0,f21	  f0:0x80041024 f21:0x00000000 f11=0x80041024
     116695.000 ns	     11668	80002d30	a1be1853	flt.s	x16,f28,f27	 f28:0x65e5fa88 f27:0x4e5cc9e2 x16=0x00000000
     116745.000 ns	     11673	80002d34	01f77253	fadd.s	f4,f14,f31	 f14:0x00000000 f31:0x3f800000  f4=0x3f800000
     116775.000 ns	     11676	80002d38	a1020ed3	fle.s	x29,f4,f16	  f4:0x65e5fa88 f16:0x7f800000 x29=0x00000001
     116795.000 ns	     11678	80002d3c	014e1b93	slli	x23,x28,0x14	 x28:0x00000000 x23=0x00000000
     116805.000 ns	     11679	80002d40	b1516293	ori	x5,x2,-1259	  x2:0x00000000  x5=0xfffffb15
     116835.000 ns	     11682	80002d44	191caad3	fdiv.s	f21,f25,f17	 f25:0x7f800000 f17:0x80000000 f21=0xff800000
     116855.000 ns	     11684	80002d48	009dcfb3	xor	x31,x27,x9	 x27:0x00000000  x9:0x80041024 x31=0x80041024
     116875.000 ns	     11686	80002d4c	c01c08d3	fcvt.wu.s	x17,f24	 f24:0x00000000 x17=0x00000000
     116905.000 ns	     11689	80002d50	03819933	mulh	x18,x3,x24	  x3:0x00000001 x24:0x80040fe4 x18=0xffffffff
     116925.000 ns	     11691	80002d54	411109b3	sub	x19,x2,x17	  x2:0x00000000 x17:0x00000000 x19=0x00000000
     116935.000 ns	     11692	80002d58	004c33b3	sltu	x7,x24,x4	 x24:0x80040fe4  x4:0x40000000  x7=0x00000000
     116965.000 ns	     11695	80002d5c	10987c53	fmul.s	f24,f16,f9	 f16:0x7f800000  f9:0x7fc00000 f24=0x7fc00000
     116985.000 ns	     11697	80002d60	c14d8093	addi	x1,x27,-1004	 x27:0x00000000  x1=0xfffffc14
     117005.000 ns	     11699	80002d64	21b71f53	fsgnjn.s	f30,f14,f27	 f14:0x00000000 f27:0x4e5cc9e2 f30=0x80000000
     117025.000 ns	     11701	80002d68	007182b3	add	x5,x3,x7	  x3:0x00000001  x7:0x00000000  x5=0x00000001
     117035.000 ns	     11702	80002d6c	00781413	slli	x8,x16,0x7	 x16:0x00000000  x8=0x00000000
     117055.000 ns	     11704	80002d70	c015f853	fcvt.wu.s	x16,f11	 f11:0x80041024 x16=0x00000000
     117075.000 ns	     11706	80002d74	01b9b733	sltu	x14,x19,x27	 x19:0x00000000 x27:0x00000000 x14=0x00000000
     117095.000 ns	     11708	80002d78	022527b3	mulhsu	x15,x10,x2	 x10:0x00000000  x2:0x00000000 x15=0x00000000
     117125.000 ns	     11711	80002d7c	03b90533	mul	x10,x18,x27	 x18:0xffffffff x27:0x00000000 x10=0x00000000
     117155.000 ns	     11714	80002d80	d0038ed3	fcvt.s.w	f29,x7	  x7:0x00000000 f29=0x00000000
     117185.000 ns	     11717	80002d84	03d883b3	mul	x7,x17,x29	 x17:0x00000000 x29:0x00000001  x7=0x00000000
     117215.000 ns	     11720	80002d88	020a50b3	divu	x1,x20,x0	 x20:0x00000000  x0:0x00000000  x1=0xffffffff
     117235.000 ns	     11722	80002d8c	163d3013	sltiu	x0,x26,355	 x26:0x00000000
     117245.000 ns	     11723	80002d90	404d5893	srai	x17,x26,0x4	 x26:0x00000000 x17=0x00000000
     117255.000 ns	     11724	80002d94	008171b3	and	x3,x2,x8	  x2:0x00000000  x8:0x00000000  x3=0x00000000
     117275.000 ns	     11726	80002d98	21ab0ed3	fsgnj.s	f29,f22,f26	 f22:0x80000000 f26:0x7fc00000 f29=0x00000000
     117305.000 ns	     11729	80002d9c	d00b7c53	fcvt.s.w	f24,x22	 x22:0x00000001 f24=0x3f800000
     117335.000 ns	     11732	80002da0	a0b60353	fle.s	x6,f12,f11	 f12:0x80000000 f11:0x80041024  x6=0x00000000
     117365.000 ns	     11735	80002da4	d00a78d3	fcvt.s.w	f17,x20	 x20:0x00000000 f17=0x00000000
     117395.000 ns	     11738	80002da8	025d11b3	mulh	x3,x26,x5	 x26:0x00000000  x5:0x00000001  x3=0x00000000
     117415.000 ns	     11740	80002dac	01395d93	srli	x27,x18,0x13	 x18:0xffffffff x27=0x00001fff
     117435.000 ns	     11742	80002db0	a02e9b53	flt.s	x22,f29,f2	 f29:0x00000000  f2:0x00000000 x22=0x00000000
     117455.000 ns	     11744	80002db4	7a11be93	sltiu	x29,x3,1953	  x3:0x00000000 x29=0x00000001
     117465.000 ns	     11745	80002db8	00012733	slt	x14,x2,x0	  x2:0x00000000  x0:0x00000000 x14=0x00000000
     117475.000 ns	     11746	80002dbc	4173dbb3	sra	x23,x7,x23	  x7:0x00000000 x23:0x00000000 x23=0x00000000
     117485.000 ns	     11747	80002dc0	019fd013	srli	x0,x31,0x19	 x31:0x80041024
     117505.000 ns	     11749	80002dc4	a02a9453	flt.s	x8,f21,f2	 f21:0xff800000  f2:0x00000000  x8=0x00000001
     117525.000 ns	     11751	80002dc8	c1dec193	xori	x3,x29,-995	 x29:0x00000001  x3=0xfffffc1c
     117545.000 ns	     11753	80002dcc	03edbf33	mulhu	x30,x27,x30	 x27:0x00001fff x30:0x65e5fa88 x30=0x00000cbc
     118725.000 ns	     11871	80002dd0	580c7753	fsqrt.s	f14,f24	 f24:0x3f800000 f14=0x3f7fffae
     118755.000 ns	     11874	80002dd4	20e51c53	fsgnjn.s	f24,f10,f14	 f10:0xff800000 f14:0x00000000 f24=0xff800000
     118775.000 ns	     11876	80002dd8	008fad33	slt	x26,x31,x8	 x31:0x80041024  x8:0x00000001 x26=0x00000001
     118785.000 ns	     11877	80002ddc	4568c413	xori	x8,x17,1110	 x17:0x00000000  x8=0x00000456
     118795.000 ns	     11878	80002de0	010b6fb3	or	x31,x22,x16	 x22:0x00000000 x16:0x00000000 x31=0x00000000
     118805.000 ns	     11879	80002de4	01a31b33	sll	x22,x6,x26	  x6:0x00000000 x26:0x00000001 x22=0x00000000
     118815.000 ns	     11880	80002de8	008e9a33	sll	x20,x29,x8	 x29:0x00000001  x8:0x00000456 x20=0x00400000
     118825.000 ns	     11881	80002dec	f612b813	sltiu	x16,x5,-159	  x5:0x00000001 x16=0x00000001
     118835.000 ns	     11882	80002df0	5d438993	addi	x19,x7,1492	  x7:0x00000000 x19=0x000005d4
     118845.000 ns	     11883	80002df4	015e5e33	srl	x28,x28,x21	 x28:0x00000000 x21:0x00000000 x28=0x00000000
     118855.000 ns	     11884	80002df8	f2cf7f93	andi	x31,x30,-212	 x30:0x00000cbc x31=0x00000c2c
     118885.000 ns	     11887	80002dfc	18f0b253	fdiv.s	f4,f1,f15	  f1:0x80000000 f15:0x00000000  f4=0x7fc00000
     119255.000 ns	     11924	80002e00	02896db3	rem	x27,x18,x8	 x18:0xffffffff  x8:0x00000456 x27=0xffffffff
     119285.000 ns	     11927	80002e04	21c80c53	fsgnj.s	f24,f16,f28	 f16:0x7f800000 f28:0x65e5fa88 f24=0x7f800000
     119315.000 ns	     11930	80002e08	02ca10b3	mulh	x1,x20,x12	 x20:0x00400000 x12:0x00000000  x1=0x00000000
     119685.000 ns	     11967	80002e0c	02d77233	remu	x4,x14,x13	 x14:0x00000000 x13:0x80000000  x4=0x00000000
     119715.000 ns	     11970	80002e10	28649f53	fmax.s	f30,f9,f6	  f9:0x7fc00000  f6:0x00000000 f30=0x00000000
     119745.000 ns	     11973	80002e14	20bb0553	fsgnj.s	f10,f22,f11	 f22:0x80000000 f11:0x80041024 f10=0x80000000
     119765.000 ns	     11975	80002e18	ba763413	sltiu	x8,x12,-1113	 x12:0x00000000  x8=0x00000001
     119785.000 ns	     11977	80002e1c	f00484d3	fmv.w.x	f9,x9	  x9:0x80041024  f9=0x80041024
     119815.000 ns	     11980	80002e20	a04e00d3	fle.s	x1,f28,f4	 f28:0x65e5fa88  f4:0x7fc00000  x1=0x00000000
     119845.000 ns	     11983	80002e24	a18828d3	feq.s	x17,f16,f24	 f16:0x7f800000 f24:0x7f800000 x17=0x00000001
     119875.000 ns	     11986	80002e28	a0130353	fle.s	x6,f6,f1	  f6:0x00000000  f1:0x80000000  x6=0x00000001
     119895.000 ns	     11988	80002e2c	013b4733	xor	x14,x22,x19	 x22:0x00000000 x19:0x000005d4 x14=0x000005d4
     119915.000 ns	     11990	80002e30	c0044553	fcvt.w.s	x10,f8	  f8:0x00000000 x10=0x00000000
     119935.000 ns	     11992	80002e34	002531b3	sltu	x3,x10,x2	 x10:0x00000000  x2:0x00000000  x3=0x00000000
     119945.000 ns	     11993	80002e38	47d84113	xori	x2,x16,1149	 x16:0x00000001  x2=0x0000047c
     119965.000 ns	     11995	80002e3c	f00f8c53	fmv.w.x	f24,x31	 x31:0x00000c2c f24=0x00000c2c
     120335.000 ns	     12032	80002e40	0330c3b3	div	x7,x1,x19	  x1:0x00000000 x19:0x000005d4  x7=0x00000000
     120375.000 ns	     12036	80002e44	1856f553	fdiv.s	f10,f13,f5	 f13:0x00000000  f5:0x80000000 f10=0x7fc00000
     120395.000 ns	     12038	80002e48	016b5533	srl	x10,x22,x22	 x22:0x00000000 x22:0x00000000 x10=0x00000000
     120415.000 ns	     12040	80002e4c	032696b3	mulh	x13,x13,x18	 x13:0x80000000 x18:0xffffffff x13=0x00000000
     120445.000 ns	     12043	80002e50	d0054c53	fcvt.s.w	f24,x10	 x10:0x00000000 f24=0x00000000
     120475.000 ns	     12046	80002e54	29a51153	fmax.s	f2,f10,f26	 f10:0x7fc00000 f26:0x7fc00000  f2=0x7fc00000
     120495.000 ns	     12048	80002e58	01294bb3	xor	x23,x18,x18	 x18:0xffffffff x18:0xffffffff x23=0x00000000
     120505.000 ns	     12049	80002e5c	01301d33	sll	x26,x0,x19	  x0:0x00000000 x19:0x000005d4 x26=0x00000000
     120525.000 ns	     12051	80002e60	d01b9353	fcvt.s.wu	f6,x23	 x23:0x00000000  f6=0x00000000
     120555.000 ns	     12054	80002e64	29e49f53	fmax.s	f30,f9,f30	  f9:0x80041024 f30:0x00000000 f30=0x00000000
     120585.000 ns	     12057	80002e68	21a18c53	fsgnj.s	f24,f3,f26	  f3:0x80041024 f26:0x7fc00000 f24=0x00041024
     120605.000 ns	     12059	80002e6c	01cf9793	slli	x15,x31,0x1c	 x31:0x00000c2c x15=0xc0000000
     120615.000 ns	     12060	80002e70	00900e33	add	x28,x0,x9	  x0:0x00000000  x9:0x80041024 x28=0x80041024
     120635.000 ns	     12062	80002e74	296603d3	fmin.s	f7,f12,f22	 f12:0x80000000 f22:0x80000000  f7=0x80000000
     120665.000 ns	     12065	80002e78	d001f553	fcvt.s.w	f10,x3	  x3:0x00000000 f10=0x00000000
     120685.000 ns	     12067	80002e7c	463be193	ori	x3,x23,1123	 x23:0x00000000  x3=0x00000463
     120695.000 ns	     12068	80002e80	40ecd613	srai	x12,x25,0xe	 x25:0x00000000 x12=0x00000000
     120715.000 ns	     12070	80002e84	f00d85d3	fmv.w.x	f11,x27	 x27:0xffffffff f11=0xffffffff
     120745.000 ns	     12073	80002e88	02dfa5b3	mulhsu	x11,x31,x13	 x31:0x00000c2c x13:0x00000000 x11=0x00000000
     120765.000 ns	     12075	80002e8c	019160b3	or	x1,x2,x25	  x2:0x0000047c x25:0x00000000  x1=0x0000047c
     120785.000 ns	     12077	80002e90	20050653	fsgnj.s	f12,f10,f0	 f10:0x00000000  f0:0x80041024 f12=0x80000000
     120805.000 ns	     12079	80002e94	40f882b3	sub	x5,x17,x15	 x17:0x00000001 x15:0xc0000000  x5=0x40000001
     120815.000 ns	     12080	80002e98	00ba1a93	slli	x21,x20,0xb	 x20:0x00400000 x21=0x00000000
     120825.000 ns	     12081	80002e9c	0009c9b3	xor	x19,x19,x0	 x19:0x000005d4  x0:0x00000000 x19=0x000005d4
     120845.000 ns	     12083	80002ea0	03e30f33	mul	x30,x6,x30	  x6:0x00000001 x30:0x00000cbc x30=0x00000cbc
     120875.000 ns	     12086	80002ea4	c008f753	fcvt.w.s	x14,f17	 f17:0x00000000 x14=0x00000000
     120905.000 ns	     12089	80002ea8	20e79053	fsgnjn.s	f0,f15,f14	 f15:0x00000000 f14:0x3f7fffae  f0=0x80000000
     120925.000 ns	     12091	80002eac	501cef13	ori	x30,x25,1281	 x25:0x00000000 x30=0x00000501
     120935.000 ns	     12092	80002eb0	0005bf33	sltu	x30,x11,x0	 x11:0x00000000  x0:0x00000000 x30=0x00000000
     120945.000 ns	     12093	80002eb4	416b5f93	srai	x31,x22,0x16	 x22:0x00000000 x31=0x00000000
     120955.000 ns	     12094	80002eb8	01e07e33	and	x28,x0,x30	  x0:0x00000000 x30:0x00000501 x28=0x00000000
     120965.000 ns	     12095	80002ebc	968d3213	sltiu	x4,x26,-1688	 x26:0x00000000  x4=0x00000001
     121325.000 ns	     12131	80002ec0	0235fdb3	remu	x27,x11,x3	 x11:0x00000000  x3:0x00000463 x27=0x00000000
     121345.000 ns	     12133	80002ec4	01617033	and	x0,x2,x22	  x2:0x0000047c x22:0x00000000
     121385.000 ns	     12137	80002ec8	0074c8d3	fadd.s	f17,f9,f7	  f9:0x80041024  f7:0x80000000 f17=0x80041024
     121435.000 ns	     12142	80002ecc	08e37c53	fsub.s	f24,f6,f14	  f6:0x00000000 f14:0x3f7fffae f24=0xbf7fffae
     121465.000 ns	     12145	80002ed0	e00891d3	fclass.s	x3,f17	 f17:0x80041024  x3=0x00000004
     121495.000 ns	     12148	80002ed4	e0099753	fclass.s	x14,f19	 f19:0x80000000 x14=0x00000008
     121515.000 ns	     12150	80002ed8	22406513	ori	x10,x0,548	  x0:0x00000000 x10=0x00000224
     121525.000 ns	     12151	80002edc	286df913	andi	x18,x27,646	 x27:0x00000000 x18=0x00000000
     121535.000 ns	     12152	80002ee0	0153a3b3	slt	x7,x7,x21	  x7:0x00000000 x21:0x00000000  x7=0x00000000
     121555.000 ns	     12154	80002ee4	a1388053	fle.s	x0,f17,f19	 f17:0x80041024 f19:0x80000000
     121605.000 ns	     12159	80002ee8	00ecf153	fadd.s	f2,f25,f14	 f25:0x7f800000 f14:0x3f7fffae  f2=0x7f800000
     121625.000 ns	     12161	80002eec	016268b3	or	x17,x4,x22	  x4:0x00000001 x22:0x00000000 x17=0x00000001
     121635.000 ns	     12162	80002ef0	00444db3	xor	x27,x8,x4	  x8:0x00000001  x4:0x00000001 x27=0x00000000
     121645.000 ns	     12163	80002ef4	00391bb3	sll	x23,x18,x3	 x18:0x00000000  x3:0x00000004 x23=0x00000000
     121665.000 ns	     12165	80002ef8	039bf6b3	remu	x13,x23,x25	 x23:0x00000000 x25:0x00000000 x13=0x00000000
     121695.000 ns	     12168	80002efc	c00577d3	fcvt.w.s	x15,f10	 f10:0x00000000 x15=0x00000000
     121725.000 ns	     12171	80002f00	c00dbad3	fcvt.w.s	x21,f27	 f27:0x4e5cc9e2 x21=0x37327880
     121755.000 ns	     12174	80002f04	c0073dd3	fcvt.w.s	x27,f14	 f14:0x3f7fffae x27=0x00000001
     121785.000 ns	     12177	80002f08	c0117853	fcvt.wu.s	x16,f2	  f2:0x7f800000 x16=0xffffffff
     121815.000 ns	     12180	80002f0c	e0081f53	fclass.s	x30,f16	 f16:0x7f800000 x30=0x00000080
     121835.000 ns	     12182	80002f10	60f37293	andi	x5,x6,1551	  x6:0x00000001  x5=0x00000001
     121855.000 ns	     12184	80002f14	a04280d3	fle.s	x1,f5,f4	  f5:0x80000000  f4:0x7fc00000  x1=0x00000000
     121895.000 ns	     12188	80002f18	18b4b653	fdiv.s	f12,f9,f11	  f9:0x80041024 f11:0xffffffff f12=0x7fc00000
     121915.000 ns	     12190	80002f1c	a9bcc917	auipc	x18,0xa9bcc	 x18=0x29bcef1c
     121935.000 ns	     12192	80002f20	022d8433	mul	x8,x27,x2	 x27:0x00000001  x2:0x0000047c  x8=0x0000047c
     121965.000 ns	     12195	80002f24	a18823d3	feq.s	x7,f16,f24	 f16:0x7f800000 f24:0xbf7fffae  x7=0x00000000
     121995.000 ns	     12198	80002f28	02037a33	remu	x20,x6,x0	  x6:0x00000001  x0:0x00000000 x20=0x00000001
     122025.000 ns	     12201	80002f2c	28bf0653	fmin.s	f12,f30,f11	 f30:0x00000000 f11:0xffffffff f12=0x00000000
     122055.000 ns	     12204	80002f30	c009a5d3	fcvt.w.s	x11,f19	 f19:0x80000000 x11=0x00000000
     122075.000 ns	     12206	80002f34	006f4b33	xor	x22,x30,x6	 x30:0x00000080  x6:0x00000001 x22=0x00000081
     122085.000 ns	     12207	80002f38	010912b3	sll	x5,x18,x16	 x18:0x29bcef1c x16:0xffffffff  x5=0x00000000
     122105.000 ns	     12209	80002f3c	d015aad3	fcvt.s.wu	f21,x11	 x11:0x00000000 f21=0x00000000
     122125.000 ns	     12211	80002f40	00ff40b3	xor	x1,x30,x15	 x30:0x00000080 x15:0x00000000  x1=0x00000080
     122145.000 ns	     12213	80002f44	e0051653	fclass.s	x12,f10	 f10:0x00000000 x12=0x00000010
     122175.000 ns	     12216	80002f48	28699353	fmax.s	f6,f19,f6	 f19:0x80000000  f6:0x00000000  f6=0x00000000
     122205.000 ns	     12219	80002f4c	201b8253	fsgnj.s	f4,f23,f1	 f23:0x65e5fa88  f1:0x80000000  f4=0xe5e5fa88
     122235.000 ns	     12222	80002f50	21921653	fsgnjn.s	f12,f4,f25	  f4:0x7fc00000 f25:0x7f800000 f12=0xe5e5fa88
     122255.000 ns	     12224	80002f54	01b016b3	sll	x13,x0,x27	  x0:0x00000000 x27:0x00000001 x13=0x00000000
     122275.000 ns	     12226	80002f58	0273a333	mulhsu	x6,x7,x7	  x7:0x00000000  x7:0x00000000  x6=0x00000000
     122295.000 ns	     12228	80002f5c	0099c2b3	xor	x5,x19,x9	 x19:0x000005d4  x9:0x80041024  x5=0x800415f0
     122305.000 ns	     12229	80002f60	0177e933	or	x18,x15,x23	 x15:0x00000000 x23:0x00000000 x18=0x00000000
     122315.000 ns	     12230	80002f64	40110ab3	sub	x21,x2,x1	  x2:0x0000047c  x1:0x00000080 x21=0x000003fc
     122325.000 ns	     12231	80002f68	00c68ab3	add	x21,x13,x12	 x13:0x00000000 x12:0x00000010 x21=0x00000010
     122345.000 ns	     12233	80002f6c	d0174553	fcvt.s.wu	f10,x14	 x14:0x00000008 f10=0x41000000
     122375.000 ns	     12236	80002f70	a0241453	flt.s	x8,f8,f2	  f8:0x00000000  f2:0x7f800000  x8=0x00000001
     122405.000 ns	     12239	80002f74	02a083b3	mul	x7,x1,x10	  x1:0x00000080 x10:0x00000224  x7=0x00011200
     122435.000 ns	     12242	80002f78	037c7a33	remu	x20,x24,x23	 x24:0x80040fe4 x23:0x00000000 x20=0x80040fe4
     122455.000 ns	     12244	80002f7c	010d02b3	add	x5,x26,x16	 x26:0x00000000 x16:0xffffffff  x5=0xffffffff
     122495.000 ns	     12248	80002f80	000d7a53	fadd.s	f20,f26,f0	 f26:0x7fc00000  f0:0x80000000 f20=0x7fc00000
     122525.000 ns	     12251	80002f84	e0089d53	fclass.s	x26,f17	 f17:0x80041024 x26=0x00000004
     122555.000 ns	     12254	80002f88	c018fe53	fcvt.wu.s	x28,f17	 f17:0x80041024 x28=0x00000000
     122575.000 ns	     12256	80002f8c	4a5e7413	andi	x8,x28,1189	 x28:0x00000000  x8=0x00000000
     122935.000 ns	     12292	80002f90	0220f333	remu	x6,x1,x2	  x1:0x00000080  x2:0x0000047c  x6=0x00000080
     122955.000 ns	     12294	80002f94	004472b3	and	x5,x8,x4	  x8:0x00000001  x4:0x00000001  x5=0x00000000
     122975.000 ns	     12296	80002f98	20f29753	fsgnjn.s	f14,f5,f15	  f5:0x80000000 f15:0x00000000 f14=0x80000000
     123005.000 ns	     12299	80002f9c	21ddae53	fsgnjx.s	f28,f27,f29	 f27:0x4e5cc9e2 f29:0x00000000 f28=0x4e5cc9e2
     123035.000 ns	     12302	80002fa0	215a9553	fsgnjn.s	f10,f21,f21	 f21:0x00000000 f21:0x00000000 f10=0x80000000
     123055.000 ns	     12304	80002fa4	7de51237	lui	x4,0x7de51	  x4=0x7de51000
     123075.000 ns	     12306	80002fa8	296f9d53	fmax.s	f26,f31,f22	 f31:0x3f800000 f22:0x80000000 f26=0x3f800000
     123095.000 ns	     12308	80002fac	01eefab3	and	x21,x29,x30	 x29:0x00000001 x30:0x00000080 x21=0x00000000
     123425.000 ns	     12341	80002fb0	18cc2553	fdiv.s	f10,f24,f12	 f24:0xbf7fffae f12:0xe5e5fa88 f10=0x18ffffae
     123455.000 ns	     12344	80002fb4	02c88ab3	mul	x21,x17,x12	 x17:0x00000001 x12:0x00000010 x21=0x00000010
     123475.000 ns	     12346	80002fb8	c9cfb013	sltiu	x0,x31,-868	 x31:0x00000000
     123495.000 ns	     12348	80002fbc	f00d0853	fmv.w.x	f16,x26	 x26:0x00000004 f16=0x00000004
     123515.000 ns	     12350	80002fc0	4132d593	srai	x11,x5,0x13	  x5:0x00000000 x11=0x00000000
     123545.000 ns	     12353	80002fc4	101ca7d3	fmul.s	f15,f25,f1	 f25:0x7f800000  f1:0x80000000 f15=0x7fc00000
     123575.000 ns	     12356	80002fc8	a1a82553	feq.s	x10,f16,f26	 f16:0x00000004 f26:0x3f800000 x10=0x00000000
     123605.000 ns	     12359	80002fcc	d01871d3	fcvt.s.wu	f3,x16	 x16:0xffffffff  f3=0x4f7fffff
     123625.000 ns	     12361	80002fd0	357dab13	slti	x22,x27,855	 x27:0x00000001 x22=0x00000001
     123645.000 ns	     12363	80002fd4	d00702d3	fcvt.s.w	f5,x14	 x14:0x00000008  f5=0x41000000
     123685.000 ns	     12367	80002fd8	19d2f453	fdiv.s	f8,f5,f29	  f5:0x80000000 f29:0x00000000  f8=0x7f800000
     123715.000 ns	     12370	80002fdc	a0f78753	fle.s	x14,f15,f15	 f15:0x7fc00000 f15:0x7fc00000 x14=0x00000000
     123735.000 ns	     12372	80002fe0	416e8fb3	sub	x31,x29,x22	 x29:0x00000001 x22:0x00000001 x31=0x00000000
     124095.000 ns	     12408	80002fe4	0305deb3	divu	x29,x11,x16	 x11:0x00000000 x16:0xffffffff x29=0x00000000
     124115.000 ns	     12410	80002fe8	0025d793	srli	x15,x11,0x2	 x11:0x00000000 x15=0x00000000
     124475.000 ns	     12446	80002fec	02ccc8b3	div	x17,x25,x12	 x25:0x00000000 x12:0x00000010 x17=0x00000000
     124495.000 ns	     12448	80002ff0	01df4933	xor	x18,x30,x29	 x30:0x00000080 x29:0x00000000 x18=0x00000080
     124515.000 ns	     12450	80002ff4	28e509d3	fmin.s	f19,f10,f14	 f10:0x18ffffae f14:0x80000000 f19=0x80000000
     124545.000 ns	     12453	80002ff8	e0008553	fmv.x.w	x10,f1	  f1:0x80000000 x10=0x80000000
     124565.000 ns	     12455	80002ffc	00000013	addi	x0,x0,0	  x0:0x00000000
     124575.000 ns	     12456	80003000	5da0a013	slti	x0,x1,1498	  x1:0x00000080
     124595.000 ns	     12458	80003004	215b06d3	fsgnj.s	f13,f22,f21	 f22:0x80000000 f21:0x00000000 f13=0x00000000
     124615.000 ns	     12460	80003008	0091de33	srl	x28,x3,x9	  x3:0x00000004  x9:0x80041024 x28=0x00000000
     124625.000 ns	     12461	8000300c	ffaa4113	xori	x2,x20,-6	 x20:0x80040fe4  x2=0x7ffbf01e
     124655.000 ns	     12464	80003010	1021f0d3	fmul.s	f1,f3,f2	  f3:0x4f7fffff  f2:0x7f800000  f1=0x7f800000
     124685.000 ns	     12467	80003014	a03495d3	flt.s	x11,f9,f3	  f9:0x80041024  f3:0x4f7fffff x11=0x00000001
     124705.000 ns	     12469	80003018	1f3c8513	addi	x10,x25,499	 x25:0x00000000 x10=0x000001f3
     124715.000 ns	     12470	8000301c	003195b3	sll	x11,x3,x3	  x3:0x00000004  x3:0x00000004 x11=0x00000040
     124735.000 ns	     12472	80003020	c01ca453	fcvt.wu.s	x8,f25	 f25:0x7f800000  x8=0xffffffff
     124765.000 ns	     12475	80003024	e0040d53	fmv.x.w	x26,f8	  f8:0x7f800000 x26=0x7f800000
     124805.000 ns	     12479	80003028	104b7fd3	fmul.s	f31,f22,f4	 f22:0x80000000  f4:0xe5e5fa88 f31=0x00000000
     124835.000 ns	     12482	8000302c	28c412d3	fmax.s	f5,f8,f12	  f8:0x7f800000 f12:0xe5e5fa88  f5=0x7f800000
     124855.000 ns	     12484	80003030	0065d6b3	srl	x13,x11,x6	 x11:0x00000040  x6:0x00000080 x13=0x00000040
     124865.000 ns	     12485	80003034	00000013	addi	x0,x0,0	  x0:0x00000000
     124875.000 ns	     12486	80003038	00445f33	srl	x30,x8,x4	  x8:0xffffffff  x4:0x7de51000 x30=0xffffffff
     124885.000 ns	     12487	8000303c	00c3b933	sltu	x18,x7,x12	  x7:0x00011200 x12:0x00000010 x18=0x00000000
     124895.000 ns	     12488	80003040	41890133	sub	x2,x18,x24	 x18:0x00000080 x24:0x80040fe4  x2=0x7ffbf01c
     124915.000 ns	     12490	80003044	f0000053	fmv.w.x	f0,x0	  x0:0x00000000  f0=0x00000000
     124935.000 ns	     12492	80003048	e1b5ef93	ori	x31,x11,-485	 x11:0x00000040 x31=0xfffffe5b
     124945.000 ns	     12493	8000304c	78f47bb7	lui	x23,0x78f47	 x23=0x78f47000
     124965.000 ns	     12495	80003050	a0129853	flt.s	x16,f5,f1	  f5:0x7f800000  f1:0x7f800000 x16=0x00000000
     124985.000 ns	     12497	80003054	012a1b13	slli	x22,x20,0x12	 x20:0x80040fe4 x22=0x3f900000
     125005.000 ns	     12499	80003058	d0167ad3	fcvt.s.wu	f21,x12	 x12:0x00000010 f21=0x41800000
     125045.000 ns	     12503	8000305c	1106f5d3	fmul.s	f11,f13,f16	 f13:0x00000000 f16:0x00000004 f11=0x00000000
     125065.000 ns	     12505	80003060	40855413	srai	x8,x10,0x8	 x10:0x000001f3  x8=0x00000001
     125085.000 ns	     12507	80003064	03b085b3	mul	x11,x1,x27	  x1:0x00000080 x27:0x00000001 x11=0x00000080
     125115.000 ns	     12510	80003068	20ce16d3	fsgnjn.s	f13,f28,f12	 f28:0x4e5cc9e2 f12:0xe5e5fa88 f13=0x4e5cc9e2
     125135.000 ns	     12512	8000306c	016e3133	sltu	x2,x28,x22	 x28:0x00000000 x22:0x3f900000  x2=0x00000001
     125155.000 ns	     12514	80003070	20fc28d3	fsgnjx.s	f17,f24,f15	 f24:0xbf7fffae f15:0x7fc00000 f17=0xbf7fffae
     125185.000 ns	     12517	80003074	f0080753	fmv.w.x	f14,x16	 x16:0x00000000 f14=0x00000000
     125205.000 ns	     12519	80003078	01a31713	slli	x14,x6,0x1a	  x6:0x00000080 x14=0x00000000
     125215.000 ns	     12520	8000307c	11f8a017	auipc	x0,0x11f8a	
     125235.000 ns	     12522	80003080	0256cab3	div	x21,x13,x5	 x13:0x00000040  x5:0x00000000 x21=0xffffffff
     125265.000 ns	     12525	80003084	d0067e53	fcvt.s.w	f28,x12	 x12:0x00000010 f28=0x41800000
     125295.000 ns	     12528	80003088	a12e0753	fle.s	x14,f28,f18	 f28:0x4e5cc9e2 f18:0x7fc00000 x14=0x00000000
     125325.000 ns	     12531	8000308c	c00b0bd3	fcvt.w.s	x23,f22	 f22:0x80000000 x23=0x00000000
     125695.000 ns	     12568	80003090	038d7033	remu	x0,x26,x24	 x26:0x7f800000 x24:0x80040fe4
     125725.000 ns	     12571	80003094	e00a93d3	fclass.s	x7,f21	 f21:0x41800000  x7=0x00000040
     125745.000 ns	     12573	80003098	00000013	addi	x0,x0,0	  x0:0x00000000
     125765.000 ns	     12575	8000309c	a0df9553	flt.s	x10,f31,f13	 f31:0x00000000 f13:0x4e5cc9e2 x10=0x00000001
     125795.000 ns	     12578	800030a0	e0059253	fclass.s	x4,f11	 f11:0x00000000  x4=0x00000010
     125815.000 ns	     12580	800030a4	019a1fb3	sll	x31,x20,x25	 x20:0x80040fe4 x25:0x00000000 x31=0x80040fe4
     125825.000 ns	     12581	800030a8	005e5a93	srli	x21,x28,0x5	 x28:0x00000000 x21=0x00000000
     125845.000 ns	     12583	800030ac	d01f4153	fcvt.s.wu	f2,x30	 x30:0xffffffff  f2=0x4f800000
     125865.000 ns	     12585	800030b0	017a22b3	slt	x5,x20,x23	 x20:0x80040fe4 x23:0x00000000  x5=0x00000001
     125875.000 ns	     12586	800030b4	c801e013	ori	x0,x3,-896	  x3:0x00000004
     125895.000 ns	     12588	800030b8	296187d3	fmin.s	f15,f3,f22	  f3:0x4f7fffff f22:0x80000000 f15=0x80000000
     125925.000 ns	     12591	800030bc	d0120a53	fcvt.s.wu	f20,x4	  x4:0x00000010 f20=0x41800000
     125945.000 ns	     12593	800030c0	28df8713	addi	x14,x31,653	 x31:0x80040fe4 x14=0x80041271
     125965.000 ns	     12595	800030c4	20c9a353	fsgnjx.s	f6,f19,f12	 f19:0x80000000 f12:0xe5e5fa88  f6=0x00000000
     125995.000 ns	     12598	800030c8	28c915d3	fmax.s	f11,f18,f12	 f18:0x7fc00000 f12:0xe5e5fa88 f11=0xe5e5fa88
     126035.000 ns	     12602	800030cc	10169f53	fmul.s	f30,f13,f1	 f13:0x4e5cc9e2  f1:0x7f800000 f30=0x7f800000
     126055.000 ns	     12604	800030d0	40295093	srai	x1,x18,0x2	 x18:0x00000000  x1=0x00000000
     126065.000 ns	     12605	800030d4	c0aa8e13	addi	x28,x21,-1014	 x21:0x00000000 x28=0xfffffc0a
     126085.000 ns	     12607	800030d8	e0098ed3	fmv.x.w	x29,f19	 f19:0x80000000 x29=0x80000000
     126105.000 ns	     12609	800030dc	00b09733	sll	x14,x1,x11	  x1:0x00000000 x11:0x00000080 x14=0x00000000
     126115.000 ns	     12610	800030e0	0190b0b3	sltu	x1,x1,x25	  x1:0x00000000 x25:0x00000000  x1=0x00000000
     126475.000 ns	     12646	800030e4	033f71b3	remu	x3,x30,x19	 x30:0xffffffff x19:0x000005d4  x3=0x0000025f
     126505.000 ns	     12649	800030e8	a0709453	flt.s	x8,f1,f7	  f1:0x7f800000  f7:0x80000000  x8=0x00000000
     126535.000 ns	     12652	800030ec	030a5eb3	divu	x29,x20,x16	 x20:0x80040fe4 x16:0x00000000 x29=0xffffffff
     126565.000 ns	     12655	800030f0	a0ca2fd3	feq.s	x31,f20,f12	 f20:0x41800000 f12:0xe5e5fa88 x31=0x00000000
     126585.000 ns	     12657	800030f4	0001d133	srl	x2,x3,x0	  x3:0x0000025f  x0:0x00000000  x2=0x0000025f
     126605.000 ns	     12659	800030f8	03f1d633	divu	x12,x3,x31	  x3:0x0000025f x31:0x00000000 x12=0xffffffff
     126635.000 ns	     12662	800030fc	d003f2d3	fcvt.s.w	f5,x7	  x7:0x00000040  f5=0x42800000
     126675.000 ns	     12666	80003100	1099ffd3	fmul.s	f31,f19,f9	 f19:0x80000000  f9:0x80041024 f31=0x00000000
     126705.000 ns	     12669	80003104	21b611d3	fsgnjn.s	f3,f12,f27	 f12:0xe5e5fa88 f27:0x4e5cc9e2  f3=0xe5e5fa88
     126725.000 ns	     12671	80003108	014f8bb3	add	x23,x31,x20	 x31:0x00000000 x20:0x80040fe4 x23=0x80040fe4
     126745.000 ns	     12673	8000310c	022fa133	mulhsu	x2,x31,x2	 x31:0x00000000  x2:0x0000025f  x2=0x00000000
     127115.000 ns	     12710	80003110	0270e6b3	rem	x13,x1,x7	  x1:0x00000000  x7:0x00000040 x13=0x00000000
     127485.000 ns	     12747	80003114	03be4733	div	x14,x28,x27	 x28:0xfffffc0a x27:0x00000001 x14=0xfffffc0a
     127505.000 ns	     12749	80003118	01a7fbb3	and	x23,x15,x26	 x15:0x00000000 x26:0x7f800000 x23=0x00000000
     127525.000 ns	     12751	8000311c	02da2b33	mulhsu	x22,x20,x13	 x20:0x80040fe4 x13:0x00000000 x22=0x00000000
     127555.000 ns	     12754	80003120	a07ca753	feq.s	x14,f25,f7	 f25:0x7f800000  f7:0x80000000 x14=0x00000000
     127575.000 ns	     12756	80003124	b7090513	addi	x10,x18,-1168	 x18:0x00000000 x10=0xfffffb70
     127595.000 ns	     12758	80003128	036cddb3	divu	x27,x25,x22	 x25:0x00000000 x22:0x00000000 x27=0xffffffff
     127615.000 ns	     12760	8000312c	40905d33	sra	x26,x0,x9	  x0:0x00000000  x9:0x80041024 x26=0x00000000
     127625.000 ns	     12761	80003130	cac4bd93	sltiu	x27,x9,-852	  x9:0x80041024 x27=0x00000001
     127645.000 ns	     12763	80003134	29269ed3	fmax.s	f29,f13,f18	 f13:0x4e5cc9e2 f18:0x7fc00000 f29=0x4e5cc9e2
     127675.000 ns	     12766	80003138	e0030ad3	fmv.x.w	x21,f6	  f6:0x00000000 x21=0x00000000
     127695.000 ns	     12768	8000313c	4125d413	srai	x8,x11,0x12	 x11:0x00000080  x8=0x00000000
     127705.000 ns	     12769	80003140	006007b3	add	x15,x0,x6	  x0:0x00000000  x6:0x00000080 x15=0x00000080
     127725.000 ns	     12771	80003144	e00c01d3	fmv.x.w	x3,f24	 f24:0xbf7fffae  x3=0xbf7fffae
     127755.000 ns	     12774	80003148	a1eb16d3	flt.s	x13,f22,f30	 f22:0x80000000 f30:0x7f800000 x13=0x00000001
     127775.000 ns	     12776	8000314c	0028c7b3	xor	x15,x17,x2	 x17:0x00000000  x2:0x00000000 x15=0x00000000
     127785.000 ns	     12777	80003150	006869b3	or	x19,x16,x6	 x16:0x00000000  x6:0x00000080 x19=0x00000080
     127825.000 ns	     12781	80003154	00112553	fadd.s	f10,f2,f1	  f2:0x4f800000  f1:0x7f800000 f10=0x7f800000
     127845.000 ns	     12783	80003158	411a0db3	sub	x27,x20,x17	 x20:0x80040fe4 x17:0x00000000 x27=0x80040fe4
     127855.000 ns	     12784	8000315c	a40c6293	ori	x5,x24,-1472	 x24:0x80040fe4  x5=0xffffffe4
     127865.000 ns	     12785	80003160	01c63fb3	sltu	x31,x12,x28	 x12:0xffffffff x28:0xfffffc0a x31=0x00000000
     127875.000 ns	     12786	80003164	a104ef17	auipc	x30,0xa104e	 x30=0x21051164
     127885.000 ns	     12787	80003168	017f97b3	sll	x15,x31,x23	 x31:0x00000000 x23:0x00000000 x15=0x00000000
     127895.000 ns	     12788	8000316c	7e454e93	xori	x29,x10,2020	 x10:0xfffffb70 x29=0xfffffc94
     127915.000 ns	     12790	80003170	a1459dd3	flt.s	x27,f11,f20	 f11:0xe5e5fa88 f20:0x41800000 x27=0x00000001
     128285.000 ns	     12827	80003174	026ceb33	rem	x22,x25,x6	 x25:0x00000000  x6:0x00000080 x22=0x00000000
     128305.000 ns	     12829	80003178	004a7733	and	x14,x20,x4	 x20:0x80040fe4  x4:0x00000010 x14=0x00000000
     128315.000 ns	     12830	8000317c	8d904b93	xori	x23,x0,-1831	  x0:0x00000000 x23=0xfffff8d9
     128335.000 ns	     12832	80003180	e00e1ad3	fclass.s	x21,f28	 f28:0x41800000 x21=0x00000040
     128385.000 ns	     12837	80003184	0188fbd3	fadd.s	f23,f17,f24	 f17:0xbf7fffae f24:0xbf7fffae f23=0xbfffffae
     128405.000 ns	     12839	80003188	01972e33	slt	x28,x14,x25	 x14:0x00000000 x25:0x00000000 x28=0x00000000
     128425.000 ns	     12841	8000318c	e0058a53	fmv.x.w	x20,f11	 f11:0xe5e5fa88 x20=0xe5e5fa88
     128445.000 ns	     12843	80003190	0192a233	slt	x4,x5,x25	  x5:0xffffffe4 x25:0x00000000  x4=0x00000001
     128455.000 ns	     12844	80003194	006d38b3	sltu	x17,x26,x6	 x26:0x00000000  x6:0x00000080 x17=0x00000001
     128475.000 ns	     12846	80003198	023f39b3	mulhu	x19,x30,x3	 x30:0x21051164  x3:0xbf7fffae x19=0x18b34a77
     128495.000 ns	     12848	8000319c	002f7db3	and	x27,x30,x2	 x30:0x21051164  x2:0x00000000 x27=0x00000000
     128525.000 ns	     12851	800031a0	10e22853	fmul.s	f16,f4,f14	  f4:0xe5e5fa88 f14:0x00000000 f16=0x80000000
     128545.000 ns	     12853	800031a4	019f9e93	slli	x29,x31,0x19	 x31:0x00000000 x29=0x00000000
     128555.000 ns	     12854	800031a8	01c7b933	sltu	x18,x15,x28	 x15:0x00000000 x28:0x00000000 x18=0x00000000
     128595.000 ns	     12858	800031ac	00fe4ed3	fadd.s	f29,f28,f15	 f28:0x41800000 f15:0x80000000 f29=0x41800000
     128615.000 ns	     12860	800031b0	007c8133	add	x2,x25,x7	 x25:0x00000000  x7:0x00000040  x2=0x00000040
     128625.000 ns	     12861	800031b4	40fd5213	srai	x4,x26,0xf	 x26:0x00000000  x4=0x00000000
     128985.000 ns	     12897	800031b8	02a8d533	divu	x10,x17,x10	 x17:0x00000001 x10:0xfffffb70 x10=0x00000000
     129015.000 ns	     12900	800031bc	02d20733	mul	x14,x4,x13	  x4:0x00000001 x13:0x00000001 x14=0x00000000
     129035.000 ns	     12902	800031c0	0177bab3	sltu	x21,x15,x23	 x15:0x00000000 x23:0xfffff8d9 x21=0x00000001
     129395.000 ns	     12938	800031c4	03415433	divu	x8,x2,x20	  x2:0x00000040 x20:0xe5e5fa88  x8=0x00000000
     129735.000 ns	     12972	800031c8	19cef1d3	fdiv.s	f3,f29,f28	 f29:0x41800000 f28:0x41800000  f3=0x3f08bcfa
     129755.000 ns	     12974	800031cc	35eea393	slti	x7,x29,862	 x29:0x00000000  x7=0x00000001
     129775.000 ns	     12976	800031d0	a1e002d3	fle.s	x5,f0,f30	  f0:0x00000000 f30:0x7f800000  x5=0x00000001
     129795.000 ns	     12978	800031d4	00a96093	ori	x1,x18,10	 x18:0x00000000  x1=0x0000000a
     129805.000 ns	     12979	800031d8	40c105b3	sub	x11,x2,x12	  x2:0x00000040 x12:0xffffffff x11=0x00000041
     129825.000 ns	     12981	800031dc	a1c78353	fle.s	x6,f15,f28	 f15:0x80000000 f28:0x41800000  x6=0x00000001
     129875.000 ns	     12986	800031e0	014d3753	fadd.s	f14,f26,f20	 f26:0x3f800000 f20:0x41800000 f14=0x41880000
     130245.000 ns	     13023	800031e4	023ad333	divu	x6,x21,x3	 x21:0x00000001  x3:0xbf7fffae  x6=0x00000000
     130265.000 ns	     13025	800031e8	01b16033	or	x0,x2,x27	  x2:0x00000040 x27:0x00000000
     130285.000 ns	     13027	800031ec	03af83b3	mul	x7,x31,x26	 x31:0x00000000 x26:0x00000000  x7=0x00000000
     130305.000 ns	     13029	800031f0	9b578b37	lui	x22,0x9b578	 x22=0x9b578000
     130315.000 ns	     13030	800031f4	18aa2417	auipc	x8,0x18aa2	  x8=0x98aa51f4
     130335.000 ns	     13032	800031f8	28109353	fmax.s	f6,f1,f1	  f1:0x7f800000  f1:0x7f800000  f6=0x7f800000
     130355.000 ns	     13034	800031fc	417a8333	sub	x6,x21,x23	 x21:0x00000001 x23:0xfffff8d9  x6=0x00000728
     130365.000 ns	     13035	80003200	411a5313	srai	x6,x20,0x11	 x20:0xe5e5fa88  x6=0xfffff2f2
     130375.000 ns	     13036	80003204	d659fb93	andi	x23,x19,-667	 x19:0x18b34a77 x23=0x18b34865
     130395.000 ns	     13038	80003208	a0af8e53	fle.s	x28,f31,f10	 f31:0x00000000 f10:0x7f800000 x28=0x00000001
     130415.000 ns	     13040	8000320c	00f15eb3	srl	x29,x2,x15	  x2:0x00000040 x15:0x00000000 x29=0x00000040
     130435.000 ns	     13042	80003210	0258b633	mulhu	x12,x17,x5	 x17:0x00000001  x5:0x00000001 x12=0x00000000
     130455.000 ns	     13044	80003214	403ddf93	srai	x31,x27,0x3	 x27:0x00000000 x31=0x00000000
     130475.000 ns	     13046	80003218	c01c72d3	fcvt.wu.s	x5,f24	 f24:0xbf7fffae  x5=0x00000000
     130495.000 ns	     13048	8000321c	410652b3	sra	x5,x12,x16	 x12:0x00000000 x16:0x00000000  x5=0x00000000
     130505.000 ns	     13049	80003220	00afe233	or	x4,x31,x10	 x31:0x00000000 x10:0x00000000  x4=0x00000000
     130515.000 ns	     13050	80003224	891109b7	lui	x19,0x89110	 x19=0x89110000
     130875.000 ns	     13086	80003228	031167b3	rem	x15,x2,x17	  x2:0x00000040 x17:0x00000001 x15=0x00000000
     130895.000 ns	     13088	8000322c	32f8ee93	ori	x29,x17,815	 x17:0x00000001 x29=0x0000032f
     130915.000 ns	     13090	80003230	20ef9dd3	fsgnjn.s	f27,f31,f14	 f31:0x00000000 f14:0x41880000 f27=0x80000000
     130945.000 ns	     13093	80003234	03b2d033	divu	x0,x5,x27	  x5:0x00000000 x27:0x00000000
     130995.000 ns	     13098	80003238	08edf0d3	fsub.s	f1,f27,f14	 f27:0x80000000 f14:0x41880000  f1=0xc1880000
     131025.000 ns	     13101	8000323c	03672f33	mulhsu	x30,x14,x22	 x14:0x00000000 x22:0x9b578000 x30=0x00000000
     131055.000 ns	     13104	80003240	032d5a33	divu	x20,x26,x18	 x26:0x00000000 x18:0x00000000 x20=0xffffffff
     131095.000 ns	     13108	80003244	10d180d3	fmul.s	f1,f3,f13	  f3:0x3f08bcfa f13:0x4e5cc9e2  f1=0x4debdc78
     131125.000 ns	     13111	80003248	f00a8bd3	fmv.w.x	f23,x21	 x21:0x00000001 f23=0x00000001
     131155.000 ns	     13114	8000324c	d017fcd3	fcvt.s.wu	f25,x15	 x15:0x00000000 f25=0x00000000
     131185.000 ns	     13117	80003250	a05393d3	flt.s	x7,f7,f5	  f7:0x80000000  f5:0x42800000  x7=0x00000001
     131205.000 ns	     13119	80003254	01a59f93	slli	x31,x11,0x1a	 x11:0x00000041 x31=0x04000000
     131225.000 ns	     13121	80003258	a1b71453	flt.s	x8,f14,f27	 f14:0x41880000 f27:0x80000000  x8=0x00000000
     131255.000 ns	     13124	8000325c	214f19d3	fsgnjn.s	f19,f30,f20	 f30:0x7f800000 f20:0x41800000 f19=0xff800000
     131285.000 ns	     13127	80003260	03fe15b3	mulh	x11,x28,x31	 x28:0x00000001 x31:0x04000000 x11=0x00000000
     131315.000 ns	     13130	80003264	03579533	mulh	x10,x15,x21	 x15:0x00000000 x21:0x00000001 x10=0x00000000
     131345.000 ns	     13133	80003268	e0001053	fclass.s	x0,f0	  f0:0x00000000
     131375.000 ns	     13136	8000326c	28529dd3	fmax.s	f27,f5,f5	  f5:0x42800000  f5:0x42800000 f27=0x42800000
     131395.000 ns	     13138	80003270	01eee2b3	or	x5,x29,x30	 x29:0x0000032f x30:0x00000000  x5=0x0000032f
     131415.000 ns	     13140	80003274	21eea553	fsgnjx.s	f10,f29,f30	 f29:0x41800000 f30:0x7f800000 f10=0x41800000
     131435.000 ns	     13142	80003278	405a5433	sra	x8,x20,x5	 x20:0xffffffff  x5:0x00000000  x8=0xffffffff
     131455.000 ns	     13144	8000327c	d00d0853	fcvt.s.w	f16,x26	 x26:0x00000000 f16=0x00000000
     131485.000 ns	     13147	80003280	02188233	mul	x4,x17,x1	 x17:0x00000001  x1:0x0000000a  x4=0x0000000a
     131505.000 ns	     13149	80003284	0064a933	slt	x18,x9,x6	  x9:0x80041024  x6:0xfffff2f2 x18=0x00000001
     131525.000 ns	     13151	80003288	a09a01d3	fle.s	x3,f20,f9	 f20:0x41800000  f9:0x80041024  x3=0x00000000
     131545.000 ns	     13153	8000328c	004fc933	xor	x18,x31,x4	 x31:0x04000000  x4:0x0000000a x18=0x0400000a
     131565.000 ns	     13155	80003290	02b0e9b3	rem	x19,x1,x11	  x1:0x0000000a x11:0x00000000 x19=0x0000000a
     131595.000 ns	     13158	80003294	a03da453	feq.s	x8,f27,f3	 f27:0x42800000  f3:0x3f08bcfa  x8=0x00000000
     131965.000 ns	     13195	80003298	035cfab3	remu	x21,x25,x21	 x25:0x00000000 x21:0x00000001 x21=0x00000000
     131985.000 ns	     13197	8000329c	017b4f33	xor	x30,x22,x23	 x22:0x9b578000 x23:0x18b34865 x30=0x83e4c865
     131995.000 ns	     13198	800032a0	90dba193	slti	x3,x23,-1779	 x23:0x18b34865  x3=0x00000000
     132015.000 ns	     13200	800032a4	28509dd3	fmax.s	f27,f1,f5	  f1:0x4debdc78  f5:0x42800000 f27=0x4debdc78
     132045.000 ns	     13203	800032a8	c01cf0d3	fcvt.wu.s	x1,f25	 f25:0x00000000  x1=0x00000000
     132075.000 ns	     13206	800032ac	02057f33	remu	x30,x10,x0	 x10:0x00000000  x0:0x00000000 x30=0x00000000
     132105.000 ns	     13209	800032b0	02f2dab3	divu	x21,x5,x15	  x5:0x0000032f x15:0x00000000 x21=0xffffffff
     132475.000 ns	     13246	800032b4	0352cbb3	div	x23,x5,x21	  x5:0x0000032f x21:0x00000000 x23=0xfffffcd1
     132505.000 ns	     13249	800032b8	a1d82dd3	feq.s	x27,f16,f29	 f16:0x00000000 f29:0x41800000 x27=0x00000000
     132545.000 ns	     13253	800032bc	111cfed3	fmul.s	f29,f25,f17	 f25:0x00000000 f17:0xbf7fffae f29=0x80000000
     132565.000 ns	     13255	800032c0	7e79f6b7	lui	x13,0x7e79f	 x13=0x7e79f000
     132585.000 ns	     13257	800032c4	206d8853	fsgnj.s	f16,f27,f6	 f27:0x4debdc78  f6:0x7f800000 f16=0x4debdc78
     132605.000 ns	     13259	800032c8	8beb3913	sltiu	x18,x22,-1858	 x22:0x9b578000 x18=0x00000001
     132625.000 ns	     13261	800032cc	037eaf33	mulhsu	x30,x29,x23	 x29:0x0000032f x23:0xfffffcd1 x30=0x0000032e
     132655.000 ns	     13264	800032d0	c014fad3	fcvt.wu.s	x21,f9	  f9:0x80041024 x21=0x00000000
     132675.000 ns	     13266	800032d4	1a41a093	slti	x1,x3,420	  x3:0x00000000  x1=0x00000001
     132695.000 ns	     13268	800032d8	03a64333	div	x6,x12,x26	 x12:0x00000000 x26:0x00000000  x6=0xffffffff
     133065.000 ns	     13305	800032dc	03317133	remu	x2,x2,x19	  x2:0x00000040 x19:0x0000000a  x2=0x00000004
     133095.000 ns	     13308	800032e0	03ba3633	mulhu	x12,x20,x27	 x20:0xffffffff x27:0x00000000 x12=0x00000000
     133125.000 ns	     13311	800032e4	d00af753	fcvt.s.w	f14,x21	 x21:0x00000000 f14=0x00000000
     133145.000 ns	     13313	800032e8	01f4d813	srli	x16,x9,0x1f	  x9:0x80041024 x16=0x00000001
     133155.000 ns	     13314	800032ec	32da7f13	andi	x30,x20,813	 x20:0xffffffff x30=0x0000032d
     133175.000 ns	     13316	800032f0	e0000f53	fmv.x.w	x30,f0	  f0:0x00000000 x30=0x00000000
     133195.000 ns	     13318	800032f4	018d3a33	sltu	x20,x26,x24	 x26:0x00000000 x24:0x80040fe4 x20=0x00000001
     133235.000 ns	     13322	800032f8	0091f9d3	fadd.s	f19,f3,f9	  f3:0x3f08bcfa  f9:0x80041024 f19=0x3f08bcfa
     134415.000 ns	     13440	800032fc	580e0353	fsqrt.s	f6,f28	 f28:0x41800000  f6=0x407fffae
     134445.000 ns	     13443	80003300	03936233	rem	x4,x6,x25	  x6:0xffffffff x25:0x00000000  x4=0xffffffff
     134465.000 ns	     13445	80003304	0109ae33	slt	x28,x19,x16	 x19:0x0000000a x16:0x00000001 x28=0x00000000
     134485.000 ns	     13447	80003308	e00d03d3	fmv.x.w	x7,f26	 f26:0x3f800000  x7=0x3f800000
     134505.000 ns	     13449	8000330c	d89cb693	sltiu	x13,x25,-631	 x25:0x00000000 x13=0x00000001
     134515.000 ns	     13450	80003310	0004d893	srli	x17,x9,0x0	  x9:0x80041024 x17=0x80041024
     134525.000 ns	     13451	80003314	013747b3	xor	x15,x14,x19	 x14:0x00000000 x19:0x0000000a x15=0x0000000a
     134545.000 ns	     13453	80003318	035591b3	mulh	x3,x11,x21	 x11:0x00000000 x21:0x00000000  x3=0x00000000
     134575.000 ns	     13456	8000331c	c0001653	fcvt.w.s	x12,f0	  f0:0x00000000 x12=0x00000000
     134605.000 ns	     13459	80003320	28bf9e53	fmax.s	f28,f31,f11	 f31:0x00000000 f11:0xe5e5fa88 f28=0x00000000
     134975.000 ns	     13496	80003324	0362f833	remu	x16,x5,x22	  x5:0x0000032f x22:0x9b578000 x16=0x0000032f
     134995.000 ns	     13498	80003328	ba92f513	andi	x10,x5,-1111	  x5:0x0000032f x10=0x00000329
     135325.000 ns	     13531	8000332c	198da5d3	fdiv.s	f11,f27,f24	 f27:0x4debdc78 f24:0xbf7fffae f11=0xcdf3e90c
     135345.000 ns	     13533	80003330	00ad41b3	xor	x3,x26,x10	 x26:0x00000000 x10:0x00000000  x3=0x00000329
     135365.000 ns	     13535	80003334	e0018a53	fmv.x.w	x20,f3	  f3:0x3f08bcfa x20=0x3f08bcfa
     135395.000 ns	     13538	80003338	29b68c53	fmin.s	f24,f13,f27	 f13:0x4e5cc9e2 f27:0x4debdc78 f24=0x4debdc78
     135425.000 ns	     13541	8000333c	02541ab3	mulh	x21,x8,x5	  x8:0x00000000  x5:0x0000032f x21=0x00000000
     135445.000 ns	     13543	80003340	81823437	lui	x8,0x81823	  x8=0x81823000
     135455.000 ns	     13544	80003344	e02f0413	addi	x8,x30,-510	 x30:0x00000000  x8=0xfffffe02
     135475.000 ns	     13546	80003348	202882d3	fsgnj.s	f5,f17,f2	 f17:0xbf7fffae  f2:0x4f800000  f5=0x3f7fffae
     135495.000 ns	     13548	8000334c	e0e44193	xori	x3,x8,-498	  x8:0x81823000  x3=0x0000000c
     135505.000 ns	     13549	80003350	1e390e93	addi	x29,x18,483	 x18:0x00000001 x29=0x000001e4
     135515.000 ns	     13550	80003354	aec1fa97	auipc	x21,0xaec1f	 x21=0x2ec22354
     135535.000 ns	     13552	80003358	e00b1a53	fclass.s	x20,f22	 f22:0x80000000 x20=0x00000008
     135565.000 ns	     13555	8000335c	02e785b3	mul	x11,x15,x14	 x15:0x0000000a x14:0x00000000 x11=0x00000000
     135585.000 ns	     13557	80003360	0102d5b3	srl	x11,x5,x16	  x5:0x0000032f x16:0x0000032f x11=0x00000000
     135595.000 ns	     13558	80003364	40c53817	auipc	x16,0x40c53	 x16=0xc0c56364
     135955.000 ns	     13594	80003368	0371fbb3	remu	x23,x3,x23	  x3:0x0000000c x23:0xfffffcd1 x23=0x0000000c
     135985.000 ns	     13597	8000336c	03ce2133	mulhsu	x2,x28,x28	 x28:0x00000000 x28:0x00000000  x2=0x00000000
     136015.000 ns	     13600	80003370	a14e10d3	flt.s	x1,f28,f20	 f28:0x00000000 f20:0x41800000  x1=0x00000001
     136045.000 ns	     13603	80003374	28bd8553	fmin.s	f10,f27,f11	 f27:0x4debdc78 f11:0xcdf3e90c f10=0xcdf3e90c
     136065.000 ns	     13605	80003378	5d3d7813	andi	x16,x26,1491	 x26:0x00000000 x16=0x00000000
     136075.000 ns	     13606	8000337c	00aeee33	or	x28,x29,x10	 x29:0x000001e4 x10:0x00000329 x28=0x000003ed
     136085.000 ns	     13607	80003380	011e7b33	and	x22,x28,x17	 x28:0x00000000 x17:0x80041024 x22=0x00000024
     136105.000 ns	     13609	80003384	c006f553	fcvt.w.s	x10,f13	 f13:0x4e5cc9e2 x10=0x37327880
     136135.000 ns	     13612	80003388	d01c7453	fcvt.s.wu	f8,x24	 x24:0x80040fe4  f8=0x4f00040f
     136165.000 ns	     13615	8000338c	02aea733	mulhsu	x14,x29,x10	 x29:0x000001e4 x10:0x37327880 x14=0x00000068
     136195.000 ns	     13618	80003390	026b8933	mul	x18,x23,x6	 x23:0x0000000c  x6:0xffffffff x18=0xfffffff4
     136215.000 ns	     13620	80003394	0078a133	slt	x2,x17,x7	 x17:0x80041024  x7:0x3f800000  x2=0x00000001
     136225.000 ns	     13621	80003398	01c30e33	add	x28,x6,x28	  x6:0xffffffff x28:0x000003ed x28=0x000003ec
     136235.000 ns	     13622	8000339c	41360bb3	sub	x23,x12,x19	 x12:0x00000000 x19:0x0000000a x23=0xfffffff6
     137405.000 ns	     13739	800033a0	580826d3	fsqrt.s	f13,f16	 f16:0x4debdc78 f13=0x46adc0da
     137435.000 ns	     13742	800033a4	a04f8e53	fle.s	x28,f31,f4	 f31:0x00000000  f4:0xe5e5fa88 x28=0x00000000
     137455.000 ns	     13744	800033a8	006aaeb3	slt	x29,x21,x6	 x21:0x2ec22354  x6:0xffffffff x29=0x00000000
     137475.000 ns	     13746	800033ac	f00d0053	fmv.w.x	f0,x26	 x26:0x00000000  f0=0x00000000
     137495.000 ns	     13748	800033b0	41b488b3	sub	x17,x9,x27	  x9:0x80041024 x27:0x00000000 x17=0x80041024
     138665.000 ns	     13865	800033b4	58028053	fsqrt.s	f0,f5	  f5:0x3f7fffae  f0=0x3f35042a
     138685.000 ns	     13867	800033b8	00804433	xor	x8,x0,x8	  x0:0x00000000  x8:0xfffffe02  x8=0xfffffe02
     138715.000 ns	     13870	800033bc	1871b2d3	fdiv.s	f5,f3,f7	  f3:0x3f08bcfa  f7:0x80000000  f5=0xff800000
     138745.000 ns	     13873	800033c0	c0080e53	fcvt.w.s	x28,f16	 f16:0x4debdc78 x28=0x1d7b8f00
     139115.000 ns	     13910	800033c4	02687eb3	remu	x29,x16,x6	 x16:0x00000000  x6:0xffffffff x29=0x00000000
     139145.000 ns	     13913	800033c8	a0459553	flt.s	x10,f11,f4	 f11:0xcdf3e90c  f4:0xe5e5fa88 x10=0x00000000
     139515.000 ns	     13950	800033cc	03657ab3	remu	x21,x10,x22	 x10:0x37327880 x22:0x00000024 x21=0x00000000
     139535.000 ns	     13952	800033d0	01a2d1b3	srl	x3,x5,x26	  x5:0x0000032f x26:0x00000000  x3=0x0000032f
     139545.000 ns	     13953	800033d4	9e022593	slti	x11,x4,-1568	  x4:0xffffffff x11=0x00000000
     139905.000 ns	     13989	800033d8	02fa47b3	div	x15,x20,x15	 x20:0x00000008 x15:0x0000000a x15=0x00000000
     139935.000 ns	     13992	800033dc	21842fd3	fsgnjx.s	f31,f8,f24	  f8:0x4f00040f f24:0x4debdc78 f31=0x4f00040f
     139975.000 ns	     13996	800033e0	11a770d3	fmul.s	f1,f14,f26	 f14:0x00000000 f26:0x3f800000  f1=0x00000000
     139995.000 ns	     13998	800033e4	a3724d93	xori	x27,x4,-1481	  x4:0xffffffff x27=0x000005c8
     140005.000 ns	     13999	800033e8	4132d2b3	sra	x5,x5,x19	  x5:0x0000032f x19:0x0000000a  x5=0x00000000
     140035.000 ns	     14002	800033ec	19dab8d3	fdiv.s	f17,f21,f29	 f21:0x41800000 f29:0x80000000 f17=0xff800000
     140055.000 ns	     14004	800033f0	2c276b93	ori	x23,x14,706	 x14:0x00000068 x23=0x000002ea
     140415.000 ns	     14040	800033f4	03415033	divu	x0,x2,x20	  x2:0x00000001 x20:0x00000008
     140435.000 ns	     14042	800033f8	38ffb513	sltiu	x10,x31,911	 x31:0x04000000 x10=0x00000000
     140445.000 ns	     14043	800033fc	01f6dd93	srli	x27,x13,0x1f	 x13:0x00000001 x27=0x00000000
     140465.000 ns	     14045	80003400	a00e2fd3	feq.s	x31,f28,f0	 f28:0x00000000  f0:0x3f35042a x31=0x00000000
     140485.000 ns	     14047	80003404	00ef5e33	srl	x28,x30,x14	 x30:0x00000000 x14:0x00000068 x28=0x00000000
     140495.000 ns	     14048	80003408	40cd82b3	sub	x5,x27,x12	 x27:0x00000000 x12:0x00000000  x5=0x00000000
     140505.000 ns	     14049	8000340c	40b20433	sub	x8,x4,x11	  x4:0xffffffff x11:0x00000000  x8=0xffffffff
     140545.000 ns	     14053	80003410	005626d3	fadd.s	f13,f12,f5	 f12:0xe5e5fa88  f5:0xff800000 f13=0xff800000
     140575.000 ns	     14056	80003414	03bd1833	mulh	x16,x26,x27	 x26:0x00000000 x27:0x00000000 x16=0x00000000
     140595.000 ns	     14058	80003418	0012d813	srli	x16,x5,0x1	  x5:0x00000000 x16=0x00000000
     140615.000 ns	     14060	8000341c	20c184d3	fsgnj.s	f9,f3,f12	  f3:0x3f08bcfa f12:0xe5e5fa88  f9=0xbf08bcfa
     140645.000 ns	     14063	80003420	a07e1b53	flt.s	x22,f28,f7	 f28:0x00000000  f7:0x80000000 x22=0x00000000
     140665.000 ns	     14065	80003424	006d15b3	sll	x11,x26,x6	 x26:0x00000000  x6:0xffffffff x11=0x00000000
     140675.000 ns	     14066	80003428	c29a0413	addi	x8,x20,-983	 x20:0x00000008  x8=0xfffffc31
     140695.000 ns	     14068	8000342c	a1310b53	fle.s	x22,f2,f19	  f2:0x4f800000 f19:0x3f08bcfa x22=0x00000000
     140725.000 ns	     14071	80003430	03572a33	mulhsu	x20,x14,x21	 x14:0x00000068 x21:0x00000000 x20=0x00000000
     140755.000 ns	     14074	80003434	a0331ed3	flt.s	x29,f6,f3	  f6:0x407fffae  f3:0x3f08bcfa x29=0x00000000
     140785.000 ns	     14077	80003438	e00e0b53	fmv.x.w	x22,f28	 f28:0x00000000 x22=0x00000000
     140805.000 ns	     14079	8000343c	01934633	xor	x12,x6,x25	  x6:0xffffffff x25:0x00000000 x12=0xffffffff
     140825.000 ns	     14081	80003440	d00bccd3	fcvt.s.w	f25,x23	 x23:0x000002ea f25=0x443a8000
     140855.000 ns	     14084	80003444	209c8bd3	fsgnj.s	f23,f25,f9	 f25:0x00000000  f9:0xbf08bcfa f23=0xc43a8000
     140905.000 ns	     14089	80003448	08cd3653	fsub.s	f12,f26,f12	 f26:0x3f800000 f12:0xe5e5fa88 f12=0x65e5fa88
     140925.000 ns	     14091	8000344c	007679b3	and	x19,x12,x7	 x12:0xffffffff  x7:0x3f800000 x19=0x3f800000
     140935.000 ns	     14092	80003450	fd619317	auipc	x6,0xfd619	  x6=0x7d61c450
     140955.000 ns	     14094	80003454	211886d3	fsgnj.s	f13,f17,f17	 f17:0xff800000 f17:0xff800000 f13=0xff800000
     140995.000 ns	     14098	80003458	10828ad3	fmul.s	f21,f5,f8	  f5:0xff800000  f8:0x4f00040f f21=0xff800000
     141015.000 ns	     14100	8000345c	41b8d133	sra	x2,x17,x27	 x17:0x80041024 x27:0x00000000  x2=0x80041024
     141035.000 ns	     14102	80003460	29af92d3	fmax.s	f5,f31,f26	 f31:0x4f00040f f26:0x3f800000  f5=0x4f00040f
     141065.000 ns	     14105	80003464	28118253	fmin.s	f4,f3,f1	  f3:0x3f08bcfa  f1:0x00000000  f4=0x00000000
     141095.000 ns	     14108	80003468	21208b53	fsgnj.s	f22,f1,f18	  f1:0x00000000 f18:0x7fc00000 f22=0x00000000
     141135.000 ns	     14112	8000346c	19f97153	fdiv.s	f2,f18,f31	 f18:0x7fc00000 f31:0x4f00040f  f2=0x7fc00000
     141155.000 ns	     14114	80003470	35df3913	sltiu	x18,x30,861	 x30:0x00000000 x18=0x00000001
     141175.000 ns	     14116	80003474	20892153	fsgnjx.s	f2,f18,f8	 f18:0x7fc00000  f8:0x4f00040f  f2=0x7fc00000
     141205.000 ns	     14119	80003478	21b31053	fsgnjn.s	f0,f6,f27	  f6:0x407fffae f27:0x4debdc78  f0=0xc07fffae
     141235.000 ns	     14122	8000347c	a0799a53	flt.s	x20,f19,f7	 f19:0x3f08bcfa  f7:0x80000000 x20=0x00000000
     141265.000 ns	     14125	80003480	20361553	fsgnjn.s	f10,f12,f3	 f12:0x65e5fa88  f3:0x3f08bcfa f10=0xe5e5fa88
     141295.000 ns	     14128	80003484	0383b033	mulhu	x0,x7,x24	  x7:0x3f800000 x24:0x80040fe4
     141325.000 ns	     14131	80003488	a0e61453	flt.s	x8,f12,f14	 f12:0x65e5fa88 f14:0x00000000  x8=0x00000000
     141355.000 ns	     14134	8000348c	208c9653	fsgnjn.s	f12,f25,f8	 f25:0x443a8000  f8:0x4f00040f f12=0xc43a8000
     141375.000 ns	     14136	80003490	2dfca193	slti	x3,x25,735	 x25:0x00000000  x3=0x00000001
     141385.000 ns	     14137	80003494	01dc6733	or	x14,x24,x29	 x24:0x80040fe4 x29:0x00000000 x14=0x80040fe4
     141395.000 ns	     14138	80003498	3363d937	lui	x18,0x3363d	 x18=0x3363d000
     141405.000 ns	     14139	8000349c	008735b3	sltu	x11,x14,x8	 x14:0x00000068  x8:0x00000000 x11=0x00000000
     141415.000 ns	     14140	800034a0	506a7b93	andi	x23,x20,1286	 x20:0x00000000 x23=0x00000000
     141435.000 ns	     14142	800034a4	e00d00d3	fmv.x.w	x1,f26	 f26:0x3f800000  x1=0x3f800000
     141455.000 ns	     14144	800034a8	00dbe6b3	or	x13,x23,x13	 x23:0x000002ea x13:0x00000001 x13=0x00000001
     141465.000 ns	     14145	800034ac	61f9e313	ori	x6,x19,1567	 x19:0x3f800000  x6=0x3f80061f
     141485.000 ns	     14147	800034b0	a04098d3	flt.s	x17,f1,f4	  f1:0x00000000  f4:0x00000000 x17=0x00000000
     141505.000 ns	     14149	800034b4	01281033	sll	x0,x16,x18	 x16:0x00000000 x18:0x3363d000
     141535.000 ns	     14152	800034b8	198b1a53	fdiv.s	f20,f22,f24	 f22:0x00000000 f24:0x4debdc78 f20=0x00000000
     141555.000 ns	     14154	800034bc	002678b3	and	x17,x12,x2	 x12:0xffffffff  x2:0x80041024 x17=0x80041024
     141565.000 ns	     14155	800034c0	7430b613	sltiu	x12,x1,1859	  x1:0x3f800000 x12=0x00000000
     141575.000 ns	     14156	800034c4	01f91393	slli	x7,x18,0x1f	 x18:0x3363d000  x7=0x00000000
     141585.000 ns	     14157	800034c8	00000013	addi	x0,x0,0	  x0:0x00000000
     141625.000 ns	     14161	800034cc	00bafa53	fadd.s	f20,f21,f11	 f21:0xff800000 f11:0xcdf3e90c f20=0xff800000
     141665.000 ns	     14165	800034d0	101e7ad3	fmul.s	f21,f28,f1	 f28:0x00000000  f1:0x00000000 f21=0x00000000
     141695.000 ns	     14168	800034d4	a0c50d53	fle.s	x26,f10,f12	 f10:0xe5e5fa88 f12:0xc43a8000 x26=0x00000001
     142065.000 ns	     14205	800034d8	038369b3	rem	x19,x6,x24	  x6:0x3f80061f x24:0x80040fe4 x19=0x3f80061f
     142115.000 ns	     14210	800034dc	00c89dd3	fadd.s	f27,f17,f12	 f17:0xff800000 f12:0xc43a8000 f27=0xff800000
     142145.000 ns	     14213	800034e0	d01bffd3	fcvt.s.wu	f31,x23	 x23:0x00000000 f31=0x00000000
     142175.000 ns	     14216	800034e4	206baad3	fsgnjx.s	f21,f23,f6	 f23:0xc43a8000  f6:0x407fffae f21=0xc43a8000
     142195.000 ns	     14218	800034e8	24aab793	sltiu	x15,x21,586	 x21:0x00000000 x15=0x00000001
     142205.000 ns	     14219	800034ec	00a29113	slli	x2,x5,0xa	  x5:0x00000000  x2=0x00000000
     142565.000 ns	     14255	800034f0	0214cb33	div	x22,x9,x1	  x9:0x80041024  x1:0x3f800000 x22=0xfffffffe
     142615.000 ns	     14260	800034f4	007f82d3	fadd.s	f5,f31,f7	 f31:0x00000000  f7:0x80000000  f5=0x80000000
     142635.000 ns	     14262	800034f8	fb6f6937	lui	x18,0xfb6f6	 x18=0xfb6f6000
     142645.000 ns	     14263	800034fc	008c5413	srli	x8,x24,0x8	 x24:0x80040fe4  x8=0x0080040f
     142665.000 ns	     14265	80003500	02bd2db3	mulhsu	x27,x26,x11	 x26:0x00000001 x11:0x00000000 x27=0x00000000
     142685.000 ns	     14267	80003504	00000013	addi	x0,x0,0	  x0:0x00000000
     142705.000 ns	     14269	80003508	213a9d53	fsgnjn.s	f26,f21,f19	 f21:0xc43a8000 f19:0x3f08bcfa f26=0xc43a8000
     143075.000 ns	     14306	8000350c	0313ed33	rem	x26,x7,x17	  x7:0x00000000 x17:0x80041024 x26=0x00000000
     143105.000 ns	     14309	80003510	e00c02d3	fmv.x.w	x5,f24	 f24:0x4debdc78  x5=0x4debdc78
     143125.000 ns	     14311	80003514	00fc5fb3	srl	x31,x24,x15	 x24:0x80040fe4 x15:0x00000001 x31=0x400207f2
     143145.000 ns	     14313	80003518	0311a3b3	mulhsu	x7,x3,x17	  x3:0x00000001 x17:0x80041024  x7=0x00000000
     143175.000 ns	     14316	8000351c	a1f58f53	fle.s	x30,f11,f31	 f11:0xcdf3e90c f31:0x00000000 x30=0x00000001
     143205.000 ns	     14319	80003520	03a79533	mulh	x10,x15,x26	 x15:0x00000001 x26:0x00000000 x10=0x00000000
     143235.000 ns	     14322	80003524	c0081553	fcvt.w.s	x10,f16	 f16:0x4debdc78 x10=0x1d7b8f00
     143265.000 ns	     14325	80003528	a05c0453	fle.s	x8,f24,f5	 f24:0x4debdc78  f5:0x80000000  x8=0x00000000
     143295.000 ns	     14328	8000352c	024b1b33	mulh	x22,x22,x4	 x22:0xfffffffe  x4:0xffffffff x22=0x00000000
     143315.000 ns	     14330	80003530	41f75bb3	sra	x23,x14,x31	 x14:0x80040fe4 x31:0x400207f2 x23=0xffffe001
     143355.000 ns	     14334	80003534	08fb7bd3	fsub.s	f23,f22,f15	 f22:0x00000000 f15:0x80000000 f23=0x00000000
     143385.000 ns	     14337	80003538	c00779d3	fcvt.w.s	x19,f14	 f14:0x00000000 x19=0x00000000
     143415.000 ns	     14340	8000353c	c0137653	fcvt.wu.s	x12,f6	  f6:0x407fffae x12=0x00000003
     143445.000 ns	     14343	80003540	03045833	divu	x16,x8,x16	  x8:0x00000000 x16:0x00000000 x16=0xffffffff
     143475.000 ns	     14346	80003544	a09c2ed3	feq.s	x29,f24,f9	 f24:0x4debdc78  f9:0xbf08bcfa x29=0x00000000
     143505.000 ns	     14349	80003548	035029b3	mulhsu	x19,x0,x21	  x0:0x00000000 x21:0x00000000 x19=0x00000000
     143545.000 ns	     14353	8000354c	10a07b53	fmul.s	f22,f0,f10	  f0:0xc07fffae f10:0xe5e5fa88 f22=0x66e5fa3e
     143565.000 ns	     14355	80003550	9fb58b13	addi	x22,x11,-1541	 x11:0x00000000 x22=0xfffff9fb
     143585.000 ns	     14357	80003554	f00f0ad3	fmv.w.x	f21,x30	 x30:0x00000001 f21=0x00000001
     143955.000 ns	     14394	80003558	02ccdd33	divu	x26,x25,x12	 x25:0x00000000 x12:0x00000003 x26=0x00000000
     143975.000 ns	     14396	8000355c	00c69693	slli	x13,x13,0xc	 x13:0x00000001 x13=0x00001000
     144005.000 ns	     14399	80003560	19ddf4d3	fdiv.s	f9,f27,f29	 f27:0xff800000 f29:0x80000000  f9=0x7f800000
     144025.000 ns	     14401	80003564	59a45537	lui	x10,0x59a45	 x10=0x59a45000
     144045.000 ns	     14403	80003568	c0027e53	fcvt.w.s	x28,f4	  f4:0x00000000 x28=0x00000000
     144415.000 ns	     14440	8000356c	0324ebb3	rem	x23,x9,x18	  x9:0x80041024 x18:0xfb6f6000 x23=0xffd59024
     144445.000 ns	     14443	80003570	d0007553	fcvt.s.w	f10,x0	  x0:0x00000000 f10=0x00000000
     144475.000 ns	     14446	80003574	03a03533	mulhu	x10,x0,x26	  x0:0x00000000 x26:0x00000000 x10=0x00000000
     144515.000 ns	     14450	80003578	18267e53	fdiv.s	f28,f12,f2	 f12:0xc43a8000  f2:0x7fc00000 f28=0x7fc00000
     144535.000 ns	     14452	8000357c	004bee33	or	x28,x23,x4	 x23:0xffd59024  x4:0xffffffff x28=0xffffffff
     144555.000 ns	     14454	80003580	29f486d3	fmin.s	f13,f9,f31	  f9:0x7f800000 f31:0x00000000 f13=0x00000000
     144605.000 ns	     14459	80003584	08b178d3	fsub.s	f17,f2,f11	  f2:0x7fc00000 f11:0xcdf3e90c f17=0x7fc00000
     144625.000 ns	     14461	80003588	01e168b3	or	x17,x2,x30	  x2:0x00000000 x30:0x00000001 x17=0x00000001
     144645.000 ns	     14463	8000358c	0275d833	divu	x16,x11,x7	 x11:0x00000000  x7:0x00000000 x16=0xffffffff
     144675.000 ns	     14466	80003590	e00615d3	fclass.s	x11,f12	 f12:0xc43a8000 x11=0x00000002
     144725.000 ns	     14471	80003594	01ebc653	fadd.s	f12,f23,f30	 f23:0x00000000 f30:0x7f800000 f12=0x7f800000
     144775.000 ns	     14476	80003598	08c8b153	fsub.s	f2,f17,f12	 f17:0x7fc00000 f12:0xc43a8000  f2=0x7fc00000
     144805.000 ns	     14479	8000359c	0337feb3	remu	x29,x15,x19	 x15:0x00000001 x19:0x00000000 x29=0x00000001
     144845.000 ns	     14483	800035a0	18ab7d53	fdiv.s	f26,f22,f10	 f22:0x66e5fa3e f10:0x00000000 f26=0x7f800000
     144865.000 ns	     14485	800035a4	0973f1b7	lui	x3,0x973f	  x3=0x0973f000
     144885.000 ns	     14487	800035a8	21aea6d3	fsgnjx.s	f13,f29,f26	 f29:0x80000000 f26:0x7f800000 f13=0x80000000
     144905.000 ns	     14489	800035ac	24d08b93	addi	x23,x1,589	  x1:0x3f800000 x23=0x3f80024d
     144915.000 ns	     14490	800035b0	00dfb633	sltu	x12,x31,x13	 x31:0x400207f2 x13:0x00001000 x12=0x00000000
     144935.000 ns	     14492	800035b4	e00b0a53	fmv.x.w	x20,f22	 f22:0x66e5fa3e x20=0x66e5fa3e
     144965.000 ns	     14495	800035b8	c0092ed3	fcvt.w.s	x29,f18	 f18:0x7fc00000 x29=0x7fffffff
     144995.000 ns	     14498	800035bc	02229333	mulh	x6,x5,x2	  x5:0x4debdc78  x2:0x00000000  x6=0x00000000
     145015.000 ns	     14500	800035c0	013d9013	slli	x0,x27,0x13	 x27:0x00000000
     145035.000 ns	     14502	800035c4	21531453	fsgnjn.s	f8,f6,f21	  f6:0x407fffae f21:0x00000001  f8=0xc07fffae
     145065.000 ns	     14505	800035c8	20780ed3	fsgnj.s	f29,f16,f7	 f16:0x4debdc78  f7:0x80000000 f29=0xcdebdc78
     145095.000 ns	     14508	800035cc	02402db3	mulhsu	x27,x0,x4	  x0:0x00000000  x4:0xffffffff x27=0x00000000
     145115.000 ns	     14510	800035d0	db470213	addi	x4,x14,-588	 x14:0x80040fe4  x4=0x80040d98
     145125.000 ns	     14511	800035d4	00483833	sltu	x16,x16,x4	 x16:0xffffffff  x4:0xffffffff x16=0x00000000
     145135.000 ns	     14512	800035d8	00b47233	and	x4,x8,x11	  x8:0x00000000 x11:0x00000002  x4=0x00000000
     145145.000 ns	     14513	800035dc	004b41b3	xor	x3,x22,x4	 x22:0xfffff9fb  x4:0x80040d98  x3=0xfffff9fb
     145165.000 ns	     14515	800035e0	21921253	fsgnjn.s	f4,f4,f25	  f4:0x00000000 f25:0x443a8000  f4=0x80000000
     145195.000 ns	     14518	800035e4	0273efb3	rem	x31,x7,x7	  x7:0x00000000  x7:0x00000000 x31=0x00000000
     145215.000 ns	     14520	800035e8	00f84933	xor	x18,x16,x15	 x16:0x00000000 x15:0x00000001 x18=0x00000001
     145235.000 ns	     14522	800035ec	21ccac53	fsgnjx.s	f24,f25,f28	 f25:0x443a8000 f28:0x7fc00000 f24=0x443a8000
     145265.000 ns	     14525	800035f0	d00f7fd3	fcvt.s.w	f31,x30	 x30:0x00000001 f31=0x3f800000
     145285.000 ns	     14527	800035f4	01bd9733	sll	x14,x27,x27	 x27:0x00000000 x27:0x00000000 x14=0x00000000
     145305.000 ns	     14529	800035f8	02d421b3	mulhsu	x3,x8,x13	  x8:0x00000000 x13:0x00001000  x3=0x00000000
     145325.000 ns	     14531	800035fc	0125d193	srli	x3,x11,0x12	 x11:0x00000002  x3=0x00000000
     145345.000 ns	     14533	80003600	03a429b3	mulhsu	x19,x8,x26	  x8:0x00000000 x26:0x00000000 x19=0x00000000
     145715.000 ns	     14570	80003604	0361db33	divu	x22,x3,x22	  x3:0x00000000 x22:0xfffff9fb x22=0x00000000
     145755.000 ns	     14574	80003608	10eb92d3	fmul.s	f5,f23,f14	 f23:0x00000000 f14:0x00000000  f5=0x00000000
     145795.000 ns	     14578	8000360c	11b2b853	fmul.s	f16,f5,f27	  f5:0x80000000 f27:0xff800000 f16=0x7fc00000
     145825.000 ns	     14581	80003610	d00112d3	fcvt.s.w	f5,x2	  x2:0x00000000  f5=0x00000000
     145855.000 ns	     14584	80003614	e00e97d3	fclass.s	x15,f29	 f29:0xcdebdc78 x15=0x00000002
     145895.000 ns	     14588	80003618	11037553	fmul.s	f10,f6,f16	  f6:0x407fffae f16:0x7fc00000 f10=0x7fc00000
     145915.000 ns	     14590	8000361c	0081beb3	sltu	x29,x3,x8	  x3:0x00000000  x8:0x00000000 x29=0x00000000
     145925.000 ns	     14591	80003620	0b99fe13	andi	x28,x19,185	 x19:0x00000000 x28=0x00000000
     145945.000 ns	     14593	80003624	02796133	rem	x2,x18,x7	 x18:0x00000001  x7:0x00000000  x2=0x00000001
     145965.000 ns	     14595	80003628	00000013	addi	x0,x0,0	  x0:0x00000000
     145985.000 ns	     14597	8000362c	03dec1b3	div	x3,x29,x29	 x29:0x00000000 x29:0x00000000  x3=0xffffffff
     146015.000 ns	     14600	80003630	e00c1e53	fclass.s	x28,f24	 f24:0x443a8000 x28=0x00000040
     146045.000 ns	     14603	80003634	d0078d53	fcvt.s.w	f26,x15	 x15:0x00000002 f26=0x40000000
     146065.000 ns	     14605	80003638	17097bb7	lui	x23,0x17097	 x23=0x17097000
     146425.000 ns	     14641	8000363c	02995fb3	divu	x31,x18,x9	 x18:0x00000001  x9:0x80041024 x31=0x00000000
     146445.000 ns	     14643	80003640	00554d33	xor	x26,x10,x5	 x10:0x00000000  x5:0x4debdc78 x26=0x4debdc78
     146465.000 ns	     14645	80003644	21130b53	fsgnj.s	f22,f6,f17	  f6:0x407fffae f17:0x7fc00000 f22=0x407fffae
     146495.000 ns	     14648	80003648	022510b3	mulh	x1,x10,x2	 x10:0x00000000  x2:0x00000001  x1=0x00000000
     146515.000 ns	     14650	8000364c	c946f613	andi	x12,x13,-876	 x13:0x00001000 x12=0x00001000
     146525.000 ns	     14651	80003650	410b0833	sub	x16,x22,x16	 x22:0x00000000 x16:0x00000000 x16=0x00000000
     146545.000 ns	     14653	80003654	d0170a53	fcvt.s.wu	f20,x14	 x14:0x00000000 f20=0x00000000
     146585.000 ns	     14657	80003658	10d7f9d3	fmul.s	f19,f15,f13	 f15:0x80000000 f13:0x80000000 f19=0x00000000
     146615.000 ns	     14660	8000365c	20e20dd3	fsgnj.s	f27,f4,f14	  f4:0x80000000 f14:0x00000000 f27=0x00000000
     146645.000 ns	     14663	80003660	d0020553	fcvt.s.w	f10,x4	  x4:0x00000000 f10=0x00000000
     146695.000 ns	     14668	80003664	08fbc853	fsub.s	f16,f23,f15	 f23:0x00000000 f15:0x80000000 f16=0x00000000
     146715.000 ns	     14670	80003668	413c81b3	sub	x3,x25,x19	 x25:0x00000000 x19:0x00000000  x3=0x00000000
     146755.000 ns	     14674	8000366c	09aef5d3	fsub.s	f11,f29,f26	 f29:0xcdebdc78 f26:0x40000000 f11=0xcdebdc78
     146785.000 ns	     14677	80003670	a1888853	fle.s	x16,f17,f24	 f17:0x7fc00000 f24:0x443a8000 x16=0x00000000
     146815.000 ns	     14680	80003674	c01980d3	fcvt.wu.s	x1,f19	 f19:0x00000000  x1=0x00000000
     146835.000 ns	     14682	80003678	00d21d93	slli	x27,x4,0xd	  x4:0x00000000 x27=0x00000000
     146865.000 ns	     14685	8000367c	11bdf253	fmul.s	f4,f27,f27	 f27:0x00000000 f27:0x00000000  f4=0x00000000
     147235.000 ns	     14722	80003680	038ce3b3	rem	x7,x25,x24	 x25:0x00000000 x24:0x80040fe4  x7=0x00000000
     147255.000 ns	     14724	80003684	aa554013	xori	x0,x10,-1371	 x10:0x00000000
     147295.000 ns	     14728	80003688	0192bc53	fadd.s	f24,f5,f25	  f5:0x00000000 f25:0x443a8000 f24=0x443a8000
     147315.000 ns	     14730	8000368c	40edd613	srai	x12,x27,0xe	 x27:0x00000000 x12=0x00000000
     147335.000 ns	     14732	80003690	a1400653	fle.s	x12,f0,f20	  f0:0xc07fffae f20:0x00000000 x12=0x00000001
     147365.000 ns	     14735	80003694	c0163353	fcvt.wu.s	x6,f12	 f12:0x7f800000  x6=0xffffffff
     147395.000 ns	     14738	80003698	a0f50b53	fle.s	x22,f10,f15	 f10:0x00000000 f15:0x80000000 x22=0x00000001
     147425.000 ns	     14741	8000369c	026a1bb3	mulh	x23,x20,x6	 x20:0x66e5fa3e  x6:0xffffffff x23=0xffffffff
     147445.000 ns	     14743	800036a0	01b58333	add	x6,x11,x27	 x11:0x00000002 x27:0x00000000  x6=0x00000002
     147455.000 ns	     14744	800036a4	55c5a813	slti	x16,x11,1372	 x11:0x00000002 x16=0x00000001
     147475.000 ns	     14746	800036a8	e0080953	fmv.x.w	x18,f16	 f16:0x00000000 x18=0x00000000
     147495.000 ns	     14748	800036ac	00b9a533	slt	x10,x19,x11	 x19:0x00000000 x11:0x00000002 x10=0x00000001
     147505.000 ns	     14749	800036b0	b5b3f693	andi	x13,x7,-1189	  x7:0x00000000 x13=0x00000000
     147515.000 ns	     14750	800036b4	ac760313	addi	x6,x12,-1337	 x12:0x00000001  x6=0xfffffac8
     147535.000 ns	     14752	800036b8	02d6bdb3	mulhu	x27,x13,x13	 x13:0x00001000 x13:0x00001000 x27=0x00000000
     147565.000 ns	     14755	800036bc	024b78b3	remu	x17,x22,x4	 x22:0x00000001  x4:0x00000000 x17=0x00000001
     147595.000 ns	     14758	800036c0	d00f36d3	fcvt.s.w	f13,x30	 x30:0x00000001 f13=0x3f800000
     147625.000 ns	     14761	800036c4	289f13d3	fmax.s	f7,f30,f9	 f30:0x7f800000  f9:0x7f800000  f7=0x7f800000
     147655.000 ns	     14764	800036c8	d011fd53	fcvt.s.wu	f26,x3	  x3:0x00000000 f26=0x00000000
     147675.000 ns	     14766	800036cc	00000013	addi	x0,x0,0	  x0:0x00000000
     147685.000 ns	     14767	800036d0	cca2b013	sltiu	x0,x5,-822	  x5:0x4debdc78
     147725.000 ns	     14771	800036d4	00e4fed3	fadd.s	f29,f9,f14	  f9:0x7f800000 f14:0x00000000 f29=0x7f800000
     147755.000 ns	     14774	800036d8	e00d1753	fclass.s	x14,f26	 f26:0x00000000 x14=0x00000010
     148125.000 ns	     14811	800036dc	03e94233	div	x4,x18,x30	 x18:0x00000000 x30:0x00000001  x4=0x00000000
     148145.000 ns	     14813	800036e0	01de1513	slli	x10,x28,0x1d	 x28:0x00000040 x10=0x00000000
     148155.000 ns	     14814	800036e4	40ccdb33	sra	x22,x25,x12	 x25:0x00000000 x12:0x00000001 x22=0x00000000
     148165.000 ns	     14815	800036e8	40aa5f33	sra	x30,x20,x10	 x20:0x66e5fa3e x10:0x00000001 x30=0x66e5fa3e
     148175.000 ns	     14816	800036ec	0103a1b3	slt	x3,x7,x16	  x7:0x00000000 x16:0x00000001  x3=0x00000001
     148185.000 ns	     14817	800036f0	412e8133	sub	x2,x29,x18	 x29:0x00000000 x18:0x00000000  x2=0x00000000
     148205.000 ns	     14819	800036f4	a0319ad3	flt.s	x21,f3,f3	  f3:0x3f08bcfa  f3:0x3f08bcfa x21=0x00000000
     148245.000 ns	     14823	800036f8	18338153	fdiv.s	f2,f7,f3	  f7:0x7f800000  f3:0x3f08bcfa  f2=0x7f800000
     148275.000 ns	     14826	800036fc	0270dfb3	divu	x31,x1,x7	  x1:0x00000000  x7:0x00000000 x31=0xffffffff
     148305.000 ns	     14829	80003700	02df08b3	mul	x17,x30,x13	 x30:0x66e5fa3e x13:0x00000000 x17=0x00000000
     148675.000 ns	     14866	80003704	03f85ab3	divu	x21,x16,x31	 x16:0x00000001 x31:0xffffffff x21=0x00000000
     148725.000 ns	     14871	80003708	00ccf053	fadd.s	f0,f25,f12	 f25:0x443a8000 f12:0x7f800000  f0=0x7f800000
     148765.000 ns	     14875	8000370c	19e64353	fdiv.s	f6,f12,f30	 f12:0x7f800000 f30:0x7f800000  f6=0x7fc00000
     148785.000 ns	     14877	80003710	00b4c8b3	xor	x17,x9,x11	  x9:0x80041024 x11:0x00000002 x17=0x80041026
     148795.000 ns	     14878	80003714	419f5693	srai	x13,x30,0x19	 x30:0x66e5fa3e x13=0x00000033
     148815.000 ns	     14880	80003718	03bca6b3	mulhsu	x13,x25,x27	 x25:0x00000000 x27:0x00000000 x13=0x00000000
     148835.000 ns	     14882	8000371c	ca32ed93	ori	x27,x5,-861	  x5:0x4debdc78 x27=0xfffffcfb
     148875.000 ns	     14886	80003720	0821a5d3	fsub.s	f11,f3,f2	  f3:0x3f08bcfa  f2:0x7f800000 f11=0xff800000
     148905.000 ns	     14889	80003724	e00886d3	fmv.x.w	x13,f17	 f17:0x7fc00000 x13=0x7fc00000
     148925.000 ns	     14891	80003728	01af1513	slli	x10,x30,0x1a	 x30:0x66e5fa3e x10=0xf8000000
     148945.000 ns	     14893	8000372c	c01172d3	fcvt.wu.s	x5,f2	  f2:0x7f800000  x5=0xffffffff
     148975.000 ns	     14896	80003730	02af26b3	mulhsu	x13,x30,x10	 x30:0x66e5fa3e x10:0x00000000 x13=0x63aeca6c
     149005.000 ns	     14899	80003734	29349d53	fmax.s	f26,f9,f19	  f9:0x7f800000 f19:0x00000000 f26=0x7f800000
     149035.000 ns	     14902	80003738	200a1f53	fsgnjn.s	f30,f20,f0	 f20:0x00000000  f0:0x7f800000 f30=0x80000000
     149405.000 ns	     14939	8000373c	03e94133	div	x2,x18,x30	 x18:0x00000000 x30:0x66e5fa3e  x2=0x00000000
     149425.000 ns	     14941	80003740	01aa69b3	or	x19,x20,x26	 x20:0x66e5fa3e x26:0x4debdc78 x19=0x6feffe7e
     149435.000 ns	     14942	80003744	00abd633	srl	x12,x23,x10	 x23:0xffffffff x10:0xf8000000 x12=0xffffffff
     149465.000 ns	     14945	80003748	5800f053	fsqrt.s	f0,f1	  f1:0x00000000  f0=0x00000000
     149485.000 ns	     14947	8000374c	406d08b3	sub	x17,x26,x6	 x26:0x4debdc78  x6:0xfffffac8 x17=0x4debe1b0
     149505.000 ns	     14949	80003750	03622db3	mulhsu	x27,x4,x22	  x4:0x00000000 x22:0x00000000 x27=0x00000000
     149535.000 ns	     14952	80003754	29d38ed3	fmin.s	f29,f7,f29	  f7:0x7f800000 f29:0x7f800000 f29=0x7f800000
     149585.000 ns	     14957	80003758	09f18a53	fsub.s	f20,f3,f31	  f3:0x3f08bcfa f31:0x3f800000 f20=0xbeee860c
     149955.000 ns	     14994	8000375c	02efceb3	div	x29,x31,x14	 x31:0xffffffff x14:0x00000010 x29=0x00000000
     149975.000 ns	     14996	80003760	01fc2233	slt	x4,x24,x31	 x24:0x80040fe4 x31:0xffffffff  x4=0x00000001
     149995.000 ns	     14998	80003764	f00e0ad3	fmv.w.x	f21,x28	 x28:0x00000040 f21=0x00000040
     150025.000 ns	     15001	80003768	a1591953	flt.s	x18,f18,f21	 f18:0x7fc00000 f21:0x00000001 x18=0x00000000
     150055.000 ns	     15004	8000376c	02c1a3b3	mulhsu	x7,x3,x12	  x3:0x00000001 x12:0xffffffff  x7=0x00000000
     150085.000 ns	     15007	80003770	d00191d3	fcvt.s.w	f3,x3	  x3:0x00000001  f3=0x3f800000
     150115.000 ns	     15010	80003774	02bb0633	mul	x12,x22,x11	 x22:0x00000000 x11:0x00000002 x12=0x00000000
     150135.000 ns	     15012	80003778	a6110793	addi	x15,x2,-1439	  x2:0x00000000 x15=0xfffffa61
     150145.000 ns	     15013	8000377c	00000013	addi	x0,x0,0	  x0:0x00000000
     150165.000 ns	     15015	80003780	a0502253	feq.s	x4,f0,f5	  f0:0x00000000  f5:0x00000000  x4=0x00000001
     150195.000 ns	     15018	80003784	a0eb1753	flt.s	x14,f22,f14	 f22:0x407fffae f14:0x00000000 x14=0x00000000
     150215.000 ns	     15020	80003788	01a305b3	add	x11,x6,x26	  x6:0xfffffac8 x26:0x4debdc78 x11=0x4debd740
     150235.000 ns	     15022	8000378c	a1c28ad3	fle.s	x21,f5,f28	  f5:0x00000000 f28:0x7fc00000 x21=0x00000000
     150255.000 ns	     15024	80003790	009d4733	xor	x14,x26,x9	 x26:0x4debdc78  x9:0x80041024 x14=0xcdefcc5c
     150265.000 ns	     15025	80003794	00000013	addi	x0,x0,0	  x0:0x00000000
     150275.000 ns	     15026	80003798	6b593db7	lui	x27,0x6b593	 x27=0x6b593000
     150285.000 ns	     15027	8000379c	0196a3b3	slt	x7,x13,x25	 x13:0x63aeca6c x25:0x00000000  x7=0x00000000
     150305.000 ns	     15029	800037a0	d00925d3	fcvt.s.w	f11,x18	 x18:0x00000000 f11=0x00000000
     150355.000 ns	     15034	800037a4	08432153	fsub.s	f2,f6,f4	  f6:0x7fc00000  f4:0x00000000  f2=0x7fc00000
     150375.000 ns	     15036	800037a8	00a56233	or	x4,x10,x10	 x10:0xf8000000 x10:0xf8000000  x4=0xf8000000
     150385.000 ns	     15037	800037ac	417cd133	sra	x2,x25,x23	 x25:0x00000000 x23:0xffffffff  x2=0x00000000
     150395.000 ns	     15038	800037b0	01b91713	slli	x14,x18,0x1b	 x18:0x00000000 x14=0x00000000
     150405.000 ns	     15039	800037b4	03290113	addi	x2,x18,50	 x18:0x00000000  x2=0x00000032
     150425.000 ns	     15041	800037b8	d01896d3	fcvt.s.wu	f13,x17	 x17:0x4debe1b0 f13=0x4e9bd7c3
     150795.000 ns	     15078	800037bc	03c9e8b3	rem	x17,x19,x28	 x19:0x6feffe7e x28:0x00000040 x17=0x0000003e
     150825.000 ns	     15081	800037c0	a0f38b53	fle.s	x22,f7,f15	  f7:0x7f800000 f15:0x80000000 x22=0x00000000
     150845.000 ns	     15083	800037c4	40dd0433	sub	x8,x26,x13	 x26:0x4debdc78 x13:0x63aeca6c  x8=0xea3d120c
     150855.000 ns	     15084	800037c8	7f178993	addi	x19,x15,2033	 x15:0xfffffa61 x19=0x00000252
     150865.000 ns	     15085	800037cc	008a8033	add	x0,x21,x8	 x21:0x00000000  x8:0x00000000
     150885.000 ns	     15087	800037d0	03ef3633	mulhu	x12,x30,x30	 x30:0x66e5fa3e x30:0x66e5fa3e x12=0x295c1203
     150915.000 ns	     15090	800037d4	a0f618d3	flt.s	x17,f12,f15	 f12:0x7f800000 f15:0x80000000 x17=0x00000000
     150945.000 ns	     15093	800037d8	a0210b53	fle.s	x22,f2,f2	  f2:0x7fc00000  f2:0x7fc00000 x22=0x00000000
     150975.000 ns	     15096	800037dc	c00d7d53	fcvt.w.s	x26,f26	 f26:0x7f800000 x26=0x7fffffff
     150995.000 ns	     15098	800037e0	01c5d593	srli	x11,x11,0x1c	 x11:0x4debd740 x11=0x00000004
     151015.000 ns	     15100	800037e4	20cf0ed3	fsgnj.s	f29,f30,f12	 f30:0x80000000 f12:0x7f800000 f29=0x00000000
     151045.000 ns	     15103	800037e8	a0588a53	fle.s	x20,f17,f5	 f17:0x7fc00000  f5:0x00000000 x20=0x00000000
     151065.000 ns	     15105	800037ec	00f01813	slli	x16,x0,0xf	  x0:0x00000000 x16=0x00000000
     151085.000 ns	     15107	800037f0	024d27b3	mulhsu	x15,x26,x4	 x26:0x7fffffff  x4:0xf8000000 x15=0x7bffffff
     151115.000 ns	     15110	800037f4	020f2033	mulhsu	x0,x30,x0	 x30:0x66e5fa3e  x0:0x00000000
     151135.000 ns	     15112	800037f8	fa8f2913	slti	x18,x30,-88	 x30:0x66e5fa3e x18=0x00000000
     151155.000 ns	     15114	800037fc	e0050ad3	fmv.x.w	x21,f10	 f10:0x00000000 x21=0x00000000
     151195.000 ns	     15118	80003800	18a2ff53	fdiv.s	f30,f5,f10	  f5:0x00000000 f10:0x00000000 f30=0x7fc00000
     151235.000 ns	     15122	80003804	580f44d3	fsqrt.s	f9,f30	 f30:0x80000000  f9=0x7fc00000
     151265.000 ns	     15125	80003808	210eafd3	fsgnjx.s	f31,f29,f16	 f29:0x00000000 f16:0x00000000 f31=0x00000000
     151295.000 ns	     15128	8000380c	29031ad3	fmax.s	f21,f6,f16	  f6:0x7fc00000 f16:0x00000000 f21=0x00000000
     151315.000 ns	     15130	80003810	011caab3	slt	x21,x25,x17	 x25:0x00000000 x17:0x00000000 x21=0x00000000
     151325.000 ns	     15131	80003814	4009da93	srai	x21,x19,0x0	 x19:0x00000252 x21=0x00000252
     151335.000 ns	     15132	80003818	010b65b3	or	x11,x22,x16	 x22:0x00000000 x16:0x00000000 x11=0x00000000
     151355.000 ns	     15134	8000381c	03e8a233	mulhsu	x4,x17,x30	 x17:0x00000000 x30:0x66e5fa3e  x4=0x00000000
     151385.000 ns	     15137	80003820	28d604d3	fmin.s	f9,f12,f13	 f12:0x7f800000 f13:0x4e9bd7c3  f9=0x4e9bd7c3
     151405.000 ns	     15139	80003824	c813a993	slti	x19,x7,-895	  x7:0x00000000 x19=0x00000000
     151415.000 ns	     15140	80003828	41d980b3	sub	x1,x19,x29	 x19:0x00000252 x29:0x00000000  x1=0x00000000
     151435.000 ns	     15142	8000382c	209b2753	fsgnjx.s	f14,f22,f9	 f22:0x407fffae  f9:0x4e9bd7c3 f14=0x407fffae
     151465.000 ns	     15145	80003830	e0030d53	fmv.x.w	x26,f6	  f6:0x7fc00000 x26=0x7fc00000
     151485.000 ns	     15147	80003834	40395033	sra	x0,x18,x3	 x18:0x00000000  x3:0x00000001
     151495.000 ns	     15148	80003838	4acb7613	andi	x12,x22,1196	 x22:0x00000000 x12=0x00000000
     151505.000 ns	     15149	8000383c	41e1a313	slti	x6,x3,1054	  x3:0x00000001  x6=0x00000001
     151525.000 ns	     15151	80003840	02d10bb3	mul	x23,x2,x13	  x2:0x00000032 x13:0x63aeca6c x23=0x78238918
     151555.000 ns	     15154	80003844	02f828b3	mulhsu	x17,x16,x15	 x16:0x00000000 x15:0x7bffffff x17=0x00000000
     151575.000 ns	     15156	80003848	00108133	add	x2,x1,x1	  x1:0x00000000  x1:0x00000000  x2=0x00000000
     151585.000 ns	     15157	8000384c	0cc30f37	lui	x30,0xcc30	 x30=0x0cc30000
     151595.000 ns	     15158	80003850	00b46433	or	x8,x8,x11	  x8:0xea3d120c x11:0x00000000  x8=0xea3d120c
     151605.000 ns	     15159	80003854	412757b3	sra	x15,x14,x18	 x14:0x00000000 x18:0x00000000 x15=0x00000000
     151615.000 ns	     15160	80003858	a4b22a13	slti	x20,x4,-1461	  x4:0x00000000 x20=0x00000000
     151635.000 ns	     15162	8000385c	21e497d3	fsgnjn.s	f15,f9,f30	  f9:0x4e9bd7c3 f30:0x7fc00000 f15=0xce9bd7c3
     151665.000 ns	     15165	80003860	e00418d3	fclass.s	x17,f8	  f8:0xc07fffae x17=0x00000002
     151705.000 ns	     15169	80003864	103c73d3	fmul.s	f7,f24,f3	 f24:0x443a8000  f3:0x3f800000  f7=0x443a8000
     151735.000 ns	     15172	80003868	e0011d53	fclass.s	x26,f2	  f2:0x7fc00000 x26=0x00000200
     151755.000 ns	     15174	8000386c	01315213	srli	x4,x2,0x13	  x2:0x00000000  x4=0x00000000
     151775.000 ns	     15176	80003870	e0099353	fclass.s	x6,f19	 f19:0x00000000  x6=0x00000010
     151795.000 ns	     15178	80003874	00c8c233	xor	x4,x17,x12	 x17:0x00000002 x12:0x00000000  x4=0x00000002
     151805.000 ns	     15179	80003878	ecefda17	auipc	x20,0xecefd	 x20=0x6cf00878
     151815.000 ns	     15180	8000387c	00b53833	sltu	x16,x10,x11	 x10:0xf8000000 x11:0x00000000 x16=0x00000000
     151835.000 ns	     15182	80003880	d01c03d3	fcvt.s.wu	f7,x24	 x24:0x80040fe4  f7=0x4f000410
     152205.000 ns	     15219	80003884	038efbb3	remu	x23,x29,x24	 x29:0x00000000 x24:0x80040fe4 x23=0x00000000
     152235.000 ns	     15222	80003888	c00f81d3	fcvt.w.s	x3,f31	 f31:0x00000000  x3=0x00000000
     152265.000 ns	     15225	8000388c	c0052fd3	fcvt.w.s	x31,f10	 f10:0x00000000 x31=0x00000000
     152295.000 ns	     15228	80003890	a15d2053	feq.s	x0,f26,f21	 f26:0x7f800000 f21:0x00000000
     152315.000 ns	     15230	80003894	bbcdf113	andi	x2,x27,-1092	 x27:0x6b593000  x2=0x6b593000
     152325.000 ns	     15231	80003898	01966eb3	or	x29,x12,x25	 x12:0x00000000 x25:0x00000000 x29=0x00000000
     152345.000 ns	     15233	8000389c	e00b85d3	fmv.x.w	x11,f23	 f23:0x00000000 x11=0x00000000
     152375.000 ns	     15236	800038a0	d00f4253	fcvt.s.w	f4,x30	 x30:0x0cc30000  f4=0x4d4c3000
     152395.000 ns	     15238	800038a4	1e36f993	andi	x19,x13,483	 x13:0x63aeca6c x19=0x00000060
     153565.000 ns	     15355	800038a8	580b7653	fsqrt.s	f12,f22	 f22:0x407fffae f12=0x3fb5042a
     153585.000 ns	     15357	800038ac	fcec0d13	addi	x26,x24,-50	 x24:0x80040fe4 x26=0x80040fb2
     153605.000 ns	     15359	800038b0	e00100d3	fmv.x.w	x1,f2	  f2:0x7fc00000  x1=0x7fc00000
     153635.000 ns	     15362	800038b4	c0177f53	fcvt.wu.s	x30,f14	 f14:0x407fffae x30=0x00000003
     153665.000 ns	     15365	800038b8	d0132453	fcvt.s.wu	f8,x6	  x6:0x00000010  f8=0x41800000
     153695.000 ns	     15368	800038bc	02d2a5b3	mulhsu	x11,x5,x13	  x5:0xffffffff x13:0x63aeca6c x11=0xffffffff
     153735.000 ns	     15372	800038c0	100d9053	fmul.s	f0,f27,f0	 f27:0x00000000  f0:0x00000000  f0=0x00000000
     153755.000 ns	     15374	800038c4	cb0f1537	lui	x10,0xcb0f1	 x10=0xcb0f1000
     153765.000 ns	     15375	800038c8	01e9e633	or	x12,x19,x30	 x19:0x00000060 x30:0x00000003 x12=0x00000063
     153785.000 ns	     15377	800038cc	29f70453	fmin.s	f8,f14,f31	 f14:0x407fffae f31:0x00000000  f8=0x00000000
     154155.000 ns	     15414	800038d0	029a5133	divu	x2,x20,x9	 x20:0x6cf00878  x9:0x80041024  x2=0x00000000
     154175.000 ns	     15416	800038d4	01dfdf93	srli	x31,x31,0x1d	 x31:0x00000000 x31=0x00000000
     154195.000 ns	     15418	800038d8	02e5f433	remu	x8,x11,x14	 x11:0xffffffff x14:0x00000000  x8=0xffffffff
     154215.000 ns	     15420	800038dc	01a213b3	sll	x7,x4,x26	  x4:0x00000002 x26:0x80040fb2  x7=0x00080000
     154225.000 ns	     15421	800038e0	dd6e8e93	addi	x29,x29,-554	 x29:0x00000000 x29=0xfffffdd6
     154235.000 ns	     15422	800038e4	00000013	addi	x0,x0,0	  x0:0x00000000
     154245.000 ns	     15423	800038e8	009330b3	sltu	x1,x6,x9	  x6:0x00000010  x9:0x80041024  x1=0x00000001
     154255.000 ns	     15424	800038ec	91be5417	auipc	x8,0x91be5	  x8=0x11be88ec
     154615.000 ns	     15460	800038f0	0310e1b3	rem	x3,x1,x17	  x1:0x7fc00000 x17:0x00000002  x3=0x00000001
     154635.000 ns	     15462	800038f4	5fa20893	addi	x17,x4,1530	  x4:0x00000002 x17=0x000005fc
     154645.000 ns	     15463	800038f8	0047ceb3	xor	x29,x15,x4	 x15:0x00000000  x4:0x00000002 x29=0x00000002
     154655.000 ns	     15464	800038fc	41400a33	sub	x20,x0,x20	  x0:0x00000000 x20:0x6cf00878 x20=0x930ff788
     155015.000 ns	     15500	80003900	02c77d33	remu	x26,x14,x12	 x14:0x00000000 x12:0x00000063 x26=0x00000000
     155045.000 ns	     15503	80003904	c00b3a53	fcvt.w.s	x20,f22	 f22:0x407fffae x20=0x00000004
     155065.000 ns	     15505	80003908	2114a437	lui	x8,0x2114a	  x8=0x2114a000
     155425.000 ns	     15541	8000390c	02587db3	remu	x27,x16,x5	 x16:0x00000000  x5:0xffffffff x27=0x00000000
     155445.000 ns	     15543	80003910	40d65933	sra	x18,x12,x13	 x12:0x00000063 x13:0x63aeca6c x18=0x00000000
     155455.000 ns	     15544	80003914	932e9397	auipc	x7,0x932e9	  x7=0x132ec914
     155465.000 ns	     15545	80003918	00000013	addi	x0,x0,0	  x0:0x00000000
     155485.000 ns	     15547	8000391c	e0090653	fmv.x.w	x12,f18	 f18:0x7fc00000 x12=0x7fc00000
     155515.000 ns	     15550	80003920	c009bed3	fcvt.w.s	x29,f19	 f19:0x00000000 x29=0x00000000
     155535.000 ns	     15552	80003924	a146ad13	slti	x26,x13,-1516	 x13:0x63aeca6c x26=0x00000000
     155545.000 ns	     15553	80003928	00565733	srl	x14,x12,x5	 x12:0x7fc00000  x5:0xffffffff x14=0x00000000
     155565.000 ns	     15555	8000392c	c0090b53	fcvt.w.s	x22,f18	 f18:0x7fc00000 x22=0x7fffffff
     155585.000 ns	     15557	80003930	01079d33	sll	x26,x15,x16	 x15:0x00000000 x16:0x00000000 x26=0x00000000
     155595.000 ns	     15558	80003934	73efc693	xori	x13,x31,1854	 x31:0x00000000 x13=0x0000073e
     155605.000 ns	     15559	80003938	00aabbb3	sltu	x23,x21,x10	 x21:0x00000252 x10:0xcb0f1000 x23=0x00000001
     155615.000 ns	     15560	8000393c	017e5ab3	srl	x21,x28,x23	 x28:0x00000040 x23:0x00000000 x21=0x00000020
     155635.000 ns	     15562	80003940	f0060bd3	fmv.w.x	f23,x12	 x12:0x7fc00000 f23=0x7fc00000
     155655.000 ns	     15564	80003944	55d7f993	andi	x19,x15,1373	 x15:0x00000000 x19=0x00000000
     155665.000 ns	     15565	80003948	00fb53b3	srl	x7,x22,x15	 x22:0x7fffffff x15:0x00000000  x7=0x7fffffff
     155675.000 ns	     15566	8000394c	41370fb3	sub	x31,x14,x19	 x14:0x00000000 x19:0x00000060 x31=0x00000000
     155695.000 ns	     15568	80003950	e0021fd3	fclass.s	x31,f4	  f4:0x4d4c3000 x31=0x00000040
     155725.000 ns	     15571	80003954	a18188d3	fle.s	x17,f3,f24	  f3:0x3f800000 f24:0x443a8000 x17=0x00000001
     155775.000 ns	     15576	80003958	01f01fd3	fadd.s	f31,f0,f31	  f0:0x00000000 f31:0x00000000 f31=0x00000000
     155795.000 ns	     15578	8000395c	0152d693	srli	x13,x5,0x15	  x5:0xffffffff x13=0x000007ff
     155815.000 ns	     15580	80003960	20b896d3	fsgnjn.s	f13,f17,f11	 f17:0x7fc00000 f11:0x00000000 f13=0xffc00000
     155835.000 ns	     15582	80003964	019ade33	srl	x28,x21,x25	 x21:0x00000020 x25:0x00000000 x28=0x00000020
     155845.000 ns	     15583	80003968	002a6b33	or	x22,x20,x2	 x20:0x00000004  x2:0x00000000 x22=0x00000004
     155855.000 ns	     15584	8000396c	1930ba93	sltiu	x21,x1,403	  x1:0x00000001 x21=0x00000001
     155875.000 ns	     15586	80003970	209c0fd3	fsgnj.s	f31,f24,f9	 f24:0x443a8000  f9:0x4e9bd7c3 f31=0x443a8000
     155905.000 ns	     15589	80003974	d0199753	fcvt.s.wu	f14,x19	 x19:0x00000000 f14=0x00000000
     155935.000 ns	     15592	80003978	034b2e33	mulhsu	x28,x22,x20	 x22:0x00000004 x20:0x00000004 x28=0x00000000
     155965.000 ns	     15595	8000397c	022955b3	divu	x11,x18,x2	 x18:0x00000000  x2:0x00000000 x11=0xffffffff
     155985.000 ns	     15597	80003980	00669233	sll	x4,x13,x6	 x13:0x000007ff  x6:0x00000010  x4=0x07ff0000
     155995.000 ns	     15598	80003984	4e7c4997	auipc	x19,0x4e7c4	 x19=0xce7c7984
     156015.000 ns	     15600	80003988	e00f8f53	fmv.x.w	x30,f31	 f31:0x443a8000 x30=0x443a8000
     156385.000 ns	     15637	8000398c	02a675b3	remu	x11,x12,x10	 x12:0x7fc00000 x10:0xcb0f1000 x11=0x7fc00000
     156405.000 ns	     15639	80003990	f09b7f93	andi	x31,x22,-247	 x22:0x00000004 x31=0x00000000
     156425.000 ns	     15641	80003994	d0037753	fcvt.s.w	f14,x6	  x6:0x00000010 f14=0x41800000
     156465.000 ns	     15645	80003998	58059c53	fsqrt.s	f24,f11	 f11:0x00000000 f24=0x00000000
     156495.000 ns	     15648	8000399c	e00386d3	fmv.x.w	x13,f7	  f7:0x4f000410 x13=0x4f000410
     156525.000 ns	     15651	800039a0	034b39b3	mulhu	x19,x22,x20	 x22:0x00000004 x20:0x00000004 x19=0x00000000
     156895.000 ns	     15688	800039a4	03e4eab3	rem	x21,x9,x30	  x9:0x80041024 x30:0x443a8000 x21=0xc43e9024
     156915.000 ns	     15690	800039a8	00f576b3	and	x13,x10,x15	 x10:0xcb0f1000 x15:0x00000000 x13=0x00000000
     156925.000 ns	     15691	800039ac	a0b35737	lui	x14,0xa0b35	 x14=0xa0b35000
     156955.000 ns	     15694	800039b0	580c38d3	fsqrt.s	f17,f24	 f24:0x00000000 f17=0x00000000
     156975.000 ns	     15696	800039b4	f67e8793	addi	x15,x29,-153	 x29:0x00000000 x15=0xffffff67
     156985.000 ns	     15697	800039b8	00000013	addi	x0,x0,0	  x0:0x00000000
     156995.000 ns	     15698	800039bc	011e53b3	srl	x7,x28,x17	 x28:0x00000000 x17:0x00000001  x7=0x00000000
     157015.000 ns	     15700	800039c0	d006f8d3	fcvt.s.w	f17,x13	 x13:0x00000000 f17=0x00000000
     157035.000 ns	     15702	800039c4	0084da13	srli	x20,x9,0x8	  x9:0x80041024 x20=0x00800410
     157045.000 ns	     15703	800039c8	86475517	auipc	x10,0x86475	 x10=0x064789c8
     157055.000 ns	     15704	800039cc	00a49f33	sll	x30,x9,x10	  x9:0x80041024 x10:0xcb0f1000 x30=0x04102400
     157075.000 ns	     15706	800039d0	c01ecbd3	fcvt.wu.s	x23,f29	 f29:0x00000000 x23=0x00000000
     157095.000 ns	     15708	800039d4	41ef0eb3	sub	x29,x30,x30	 x30:0x443a8000 x30:0x443a8000 x29=0x00000000
     157115.000 ns	     15710	800039d8	c0042753	fcvt.w.s	x14,f8	  f8:0x00000000 x14=0x00000000
     157145.000 ns	     15713	800039dc	28821053	fmax.s	f0,f4,f8	  f4:0x4d4c3000  f8:0x00000000  f0=0x4d4c3000
     157165.000 ns	     15715	800039e0	41bcdf33	sra	x30,x25,x27	 x25:0x00000000 x27:0x00000000 x30=0x00000000
     157185.000 ns	     15717	800039e4	21710f53	fsgnj.s	f30,f2,f23	  f2:0x7fc00000 f23:0x7fc00000 f30=0x7fc00000
     157205.000 ns	     15719	800039e8	0bf17a13	andi	x20,x2,191	  x2:0x00000000 x20=0x00000000
     157225.000 ns	     15721	800039ec	e0038bd3	fmv.x.w	x23,f7	  f7:0x4f000410 x23=0x4f000410
     157255.000 ns	     15724	800039f0	03a37f33	remu	x30,x6,x26	  x6:0x00000010 x26:0x00000000 x30=0x00000010
     157275.000 ns	     15726	800039f4	00886e33	or	x28,x16,x8	 x16:0x00000000  x8:0x2114a000 x28=0x2114a000
     157295.000 ns	     15728	800039f8	c00e49d3	fcvt.w.s	x19,f28	 f28:0x7fc00000 x19=0x7fffffff
     157325.000 ns	     15731	800039fc	f0018ed3	fmv.w.x	f29,x3	  x3:0x00000001 f29=0x00000001
     157345.000 ns	     15733	80003a00	01755233	srl	x4,x10,x23	 x10:0x064789c8 x23:0x4f000410  x4=0x00000647
     157365.000 ns	     15735	80003a04	02a0b0b3	mulhu	x1,x1,x10	  x1:0x00000001 x10:0x064789c8  x1=0x00000000
     157385.000 ns	     15737	80003a08	003821b3	slt	x3,x16,x3	 x16:0x00000000  x3:0x00000001  x3=0x00000001
     157405.000 ns	     15739	80003a0c	028a33b3	mulhu	x7,x20,x8	 x20:0x00000000  x8:0x2114a000  x7=0x00000000
     157435.000 ns	     15742	80003a10	021b7e33	remu	x28,x22,x1	 x22:0x00000004  x1:0x00000000 x28=0x00000004
     157455.000 ns	     15744	80003a14	c2fafe93	andi	x29,x21,-977	 x21:0xc43e9024 x29=0xc43e9024
     157475.000 ns	     15746	80003a18	c000f453	fcvt.w.s	x8,f1	  f1:0x00000000  x8=0x00000000
     157505.000 ns	     15749	80003a1c	02a50433	mul	x8,x10,x10	 x10:0x064789c8 x10:0x064789c8  x8=0x1717ac40
     157875.000 ns	     15786	80003a20	0388c833	div	x16,x17,x24	 x17:0x00000001 x24:0x80040fe4 x16=0x00000000
     157895.000 ns	     15788	80003a24	1fcf4e13	xori	x28,x30,508	 x30:0x00000010 x28=0x000001ec
     157905.000 ns	     15789	80003a28	0096da13	srli	x20,x13,0x9	 x13:0x00000000 x20=0x00000000
     157925.000 ns	     15791	80003a2c	20bca553	fsgnjx.s	f10,f25,f11	 f25:0x443a8000 f11:0x00000000 f10=0x443a8000
     157955.000 ns	     15794	80003a30	a1c5afd3	feq.s	x31,f11,f28	 f11:0x00000000 f28:0x7fc00000 x31=0x00000000
     157985.000 ns	     15797	80003a34	03ed92b3	mulh	x5,x27,x30	 x27:0x00000000 x30:0x00000010  x5=0x00000000
     158005.000 ns	     15799	80003a38	4096d6b3	sra	x13,x13,x9	 x13:0x00000000  x9:0x80041024 x13=0x00000000
     158025.000 ns	     15801	80003a3c	0399e8b3	rem	x17,x19,x25	 x19:0x7fffffff x25:0x00000000 x17=0x7fffffff
     158055.000 ns	     15804	80003a40	e0040fd3	fmv.x.w	x31,f8	  f8:0x00000000 x31=0x00000000
     158075.000 ns	     15806	80003a44	411dd333	sra	x6,x27,x17	 x27:0x00000000 x17:0x7fffffff  x6=0x00000000
     158095.000 ns	     15808	80003a48	02799eb3	mulh	x29,x19,x7	 x19:0x7fffffff  x7:0x00000000 x29=0x00000000
     158115.000 ns	     15810	80003a4c	1b369737	lui	x14,0x1b369	 x14=0x1b369000
     158135.000 ns	     15812	80003a50	29eb0153	fmin.s	f2,f22,f30	 f22:0x407fffae f30:0x7fc00000  f2=0x407fffae
     158155.000 ns	     15814	80003a54	01a6f733	and	x14,x13,x26	 x13:0x00000000 x26:0x00000000 x14=0x00000000
     158175.000 ns	     15816	80003a58	030e0a33	mul	x20,x28,x16	 x28:0x000001ec x16:0x00000000 x20=0x00000000
     158205.000 ns	     15819	80003a5c	02e3ea33	rem	x20,x7,x14	  x7:0x00000000 x14:0x1b369000 x20=0x00000000
     158225.000 ns	     15821	80003a60	00000013	addi	x0,x0,0	  x0:0x00000000
     158235.000 ns	     15822	80003a64	8f647913	andi	x18,x8,-1802	  x8:0x1717ac40 x18=0x1717a840
     158245.000 ns	     15823	80003a68	008266b3	or	x13,x4,x8	  x4:0x00000647  x8:0x1717ac40 x13=0x1717ae47
     158265.000 ns	     15825	80003a6c	02973db3	mulhu	x27,x14,x9	 x14:0x00000000  x9:0x80041024 x27=0x00000000
     158285.000 ns	     15827	80003a70	2d74e913	ori	x18,x9,727	  x9:0x80041024 x18=0x800412f7
     158295.000 ns	     15828	80003a74	1ada8e93	addi	x29,x21,429	 x21:0xc43e9024 x29=0xc43e91d1
     158305.000 ns	     15829	80003a78	363f5f97	auipc	x31,0x363f5	 x31=0xb63f8a78
     158325.000 ns	     15831	80003a7c	28a707d3	fmin.s	f15,f14,f10	 f14:0x41800000 f10:0x443a8000 f15=0x41800000
     158345.000 ns	     15833	80003a80	01925d13	srli	x26,x4,0x19	  x4:0x00000647 x26=0x00000000
     158365.000 ns	     15835	80003a84	295080d3	fmin.s	f1,f1,f21	  f1:0x00000000 f21:0x00000000  f1=0x00000000
     158395.000 ns	     15838	80003a88	211401d3	fsgnj.s	f3,f8,f17	  f8:0x00000000 f17:0x00000000  f3=0x00000000
     158415.000 ns	     15840	80003a8c	00bb9293	slli	x5,x23,0xb	 x23:0x4f000410  x5=0x00208000
     158435.000 ns	     15842	80003a90	0261d233	divu	x4,x3,x6	  x3:0x00000001  x6:0x00000000  x4=0xffffffff
     158465.000 ns	     15845	80003a94	299186d3	fmin.s	f13,f3,f25	  f3:0x00000000 f25:0x443a8000 f13=0x00000000
     158485.000 ns	     15847	80003a98	7b4ac013	xori	x0,x21,1972	 x21:0xc43e9024
     158505.000 ns	     15849	80003a9c	e0021d53	fclass.s	x26,f4	  f4:0x4d4c3000 x26=0x00000040
     158875.000 ns	     15886	80003aa0	0280f3b3	remu	x7,x1,x8	  x1:0x00000000  x8:0x1717ac40  x7=0x00000000
     158895.000 ns	     15888	80003aa4	b43399b7	lui	x19,0xb4339	 x19=0xb4339000
     158905.000 ns	     15889	80003aa8	fd62b993	sltiu	x19,x5,-42	  x5:0x00208000 x19=0x00000001
     158925.000 ns	     15891	80003aac	c00d9dd3	fcvt.w.s	x27,f27	 f27:0x00000000 x27=0x00000000
     158945.000 ns	     15893	80003ab0	76dcc093	xori	x1,x25,1901	 x25:0x00000000  x1=0x0000076d
     158955.000 ns	     15894	80003ab4	00bda433	slt	x8,x27,x11	 x27:0x00000000 x11:0x7fc00000  x8=0x00000001
     158975.000 ns	     15896	80003ab8	023538b3	mulhu	x17,x10,x3	 x10:0x064789c8  x3:0x00000001 x17=0x00000000
     158995.000 ns	     15898	80003abc	01553433	sltu	x8,x10,x21	 x10:0x064789c8 x21:0xc43e9024  x8=0x00000001
     159005.000 ns	     15899	80003ac0	014a8eb3	add	x29,x21,x20	 x21:0xc43e9024 x20:0x00000000 x29=0xc43e9024
     159045.000 ns	     15903	80003ac4	00f81753	fadd.s	f14,f16,f15	 f16:0x00000000 f15:0x41800000 f14=0x41800000
     159075.000 ns	     15906	80003ac8	d01f94d3	fcvt.s.wu	f9,x31	 x31:0xb63f8a78  f9=0x4f363f8a
     159115.000 ns	     15910	80003acc	10bff753	fmul.s	f14,f31,f11	 f31:0x443a8000 f11:0x00000000 f14=0x00000000
     159155.000 ns	     15914	80003ad0	5808c1d3	fsqrt.s	f3,f17	 f17:0x00000000  f3=0x00000000
     159175.000 ns	     15916	80003ad4	01708db3	add	x27,x1,x23	  x1:0x0000076d x23:0x4f000410 x27=0x4f000b7d
     160295.000 ns	     16028	80003ad8	580cbe53	fsqrt.s	f28,f25	 f25:0x443a8000 f28=0x4183e008
     160315.000 ns	     16030	80003adc	00402433	slt	x8,x0,x4	  x0:0x00000000  x4:0xffffffff  x8=0x00000000
     160675.000 ns	     16066	80003ae0	03395bb3	divu	x23,x18,x19	 x18:0x800412f7 x19:0x00000001 x23=0x800412f7
     160705.000 ns	     16069	80003ae4	0276e733	rem	x14,x13,x7	 x13:0x1717ae47  x7:0x00000000 x14=0x1717ae47
     160725.000 ns	     16071	80003ae8	00000013	addi	x0,x0,0	  x0:0x00000000
     160745.000 ns	     16073	80003aec	c008a0d3	fcvt.w.s	x1,f17	 f17:0x00000000  x1=0x00000000
     160765.000 ns	     16075	80003af0	54ca6e13	ori	x28,x20,1356	 x20:0x00000000 x28=0x0000054c
     160785.000 ns	     16077	80003af4	28d98c53	fmin.s	f24,f19,f13	 f19:0x00000000 f13:0x00000000 f24=0x00000000
     160805.000 ns	     16079	80003af8	0146f3b3	and	x7,x13,x20	 x13:0x1717ae47 x20:0x00000000  x7=0x00000000
     160825.000 ns	     16081	80003afc	a03eab53	feq.s	x22,f29,f3	 f29:0x00000001  f3:0x00000000 x22=0x00000000
     160855.000 ns	     16084	80003b00	20ae2b53	fsgnjx.s	f22,f28,f10	 f28:0x4183e008 f10:0x443a8000 f22=0x4183e008
     160875.000 ns	     16086	80003b04	01f15013	srli	x0,x2,0x1f	  x2:0x00000000
     160885.000 ns	     16087	80003b08	41920733	sub	x14,x4,x25	  x4:0xffffffff x25:0x00000000 x14=0xffffffff
     160905.000 ns	     16089	80003b0c	d019f8d3	fcvt.s.wu	f17,x19	 x19:0x00000001 f17=0x3f800000
     160935.000 ns	     16092	80003b10	e0040d53	fmv.x.w	x26,f8	  f8:0x00000000 x26=0x00000000
     161305.000 ns	     16129	80003b14	0382c3b3	div	x7,x5,x24	  x5:0x00208000 x24:0x80040fe4  x7=0x00000000
     161335.000 ns	     16132	80003b18	03019a33	mulh	x20,x3,x16	  x3:0x00000001 x16:0x00000000 x20=0x00000000
     161365.000 ns	     16135	80003b1c	0257b9b3	mulhu	x19,x15,x5	 x15:0xffffff67  x5:0x00208000 x19=0x00207fff
     161395.000 ns	     16138	80003b20	a06d16d3	flt.s	x13,f26,f6	 f26:0x7f800000  f6:0x7fc00000 x13=0x00000000
     161425.000 ns	     16141	80003b24	0365deb3	divu	x29,x11,x22	 x11:0x7fc00000 x22:0x00000000 x29=0xffffffff
     161455.000 ns	     16144	80003b28	c01c7953	fcvt.wu.s	x18,f24	 f24:0x00000000 x18=0x00000000
     161475.000 ns	     16146	80003b2c	cd874713	xori	x14,x14,-808	 x14:0xffffffff x14=0x00000327
     161485.000 ns	     16147	80003b30	01790433	add	x8,x18,x23	 x18:0x00000000 x23:0x800412f7  x8=0x800412f7
     161505.000 ns	     16149	80003b34	039d4233	div	x4,x26,x25	 x26:0x00000000 x25:0x00000000  x4=0xffffffff
     161525.000 ns	     16151	80003b38	01317b33	and	x22,x2,x19	  x2:0x00000000 x19:0x00207fff x22=0x00000000
     161885.000 ns	     16187	80003b3c	0286d933	divu	x18,x13,x8	 x13:0x00000000  x8:0x800412f7 x18=0x00000000
     161925.000 ns	     16191	80003b40	5801bbd3	fsqrt.s	f23,f3	  f3:0x00000000 f23=0x00000000
     161945.000 ns	     16193	80003b44	fda70f13	addi	x30,x14,-38	 x14:0x00000327 x30=0x00000301
     161955.000 ns	     16194	80003b48	d95b7293	andi	x5,x22,-619	 x22:0x00000000  x5=0x00000000
     161975.000 ns	     16196	80003b4c	f00c0353	fmv.w.x	f6,x24	 x24:0x80040fe4  f6=0x80040fe4
     162005.000 ns	     16199	80003b50	a1da9bd3	flt.s	x23,f21,f29	 f21:0x00000000 f29:0x00000001 x23=0x00000001
     162025.000 ns	     16201	80003b54	40228e33	sub	x28,x5,x2	  x5:0x00000000  x2:0x00000000 x28=0x00000000
     162035.000 ns	     16202	80003b58	37383e93	sltiu	x29,x16,883	 x16:0x00000000 x29=0x00000001
     162055.000 ns	     16204	80003b5c	28580cd3	fmin.s	f25,f16,f5	 f16:0x00000000  f5:0x00000000 f25=0x00000000
     162085.000 ns	     16207	80003b60	02a1b3b3	mulhu	x7,x3,x10	  x3:0x00000001 x10:0x064789c8  x7=0x00000000
     162105.000 ns	     16209	80003b64	01be5d13	srli	x26,x28,0x1b	 x28:0x00000000 x26=0x00000000
     162115.000 ns	     16210	80003b68	007f7bb3	and	x23,x30,x7	 x30:0x00000301  x7:0x00000000 x23=0x00000000
     162445.000 ns	     16243	80003b6c	19fe3553	fdiv.s	f10,f28,f31	 f28:0x4183e008 f31:0x443a8000 f10=0x3cb2df74
     162465.000 ns	     16245	80003b70	00988733	add	x14,x17,x9	 x17:0x00000000  x9:0x80041024 x14=0x80041024
     162485.000 ns	     16247	80003b74	021609b3	mul	x19,x12,x1	 x12:0x7fc00000  x1:0x00000000 x19=0x00000000
     162515.000 ns	     16250	80003b78	d01da7d3	fcvt.s.wu	f15,x27	 x27:0x4f000b7d f15=0x4e9e0017
     162535.000 ns	     16252	80003b7c	04ef5397	auipc	x7,0x4ef5	  x7=0x84ef8b7c
     162545.000 ns	     16253	80003b80	00f21713	slli	x14,x4,0xf	  x4:0xffffffff x14=0xffff8000
     162555.000 ns	     16254	80003b84	c5f6ee93	ori	x29,x13,-929	 x13:0x00000000 x29=0xfffffc5f
     162585.000 ns	     16257	80003b88	580773d3	fsqrt.s	f7,f14	 f14:0x00000000  f7=0x00000000
     162605.000 ns	     16259	80003b8c	01ac2833	slt	x16,x24,x26	 x24:0x80040fe4 x26:0x00000000 x16=0x00000001
     162965.000 ns	     16295	80003b90	028dd133	divu	x2,x27,x8	 x27:0x4f000b7d  x8:0x800412f7  x2=0x00000000
     162995.000 ns	     16298	80003b94	21971c53	fsgnjn.s	f24,f14,f25	 f14:0x00000000 f25:0x00000000 f24=0x80000000
     163015.000 ns	     16300	80003b98	d1169e97	auipc	x29,0xd1169	 x29=0x5116cb98
     163025.000 ns	     16301	80003b9c	d4f38d93	addi	x27,x7,-689	  x7:0x84ef8b7c x27=0x84ef88cb
     163035.000 ns	     16302	80003ba0	3d264513	xori	x10,x12,978	 x12:0x7fc00000 x10=0x7fc003d2
     163045.000 ns	     16303	80003ba4	40b05a93	srai	x21,x0,0xb	  x0:0x00000000 x21=0x00000000
     163055.000 ns	     16304	80003ba8	40415a13	srai	x20,x2,0x4	  x2:0x00000000 x20=0x00000000
     163075.000 ns	     16306	80003bac	030429b3	mulhsu	x19,x8,x16	  x8:0x800412f7 x16:0x00000001 x19=0xffffffff
     163105.000 ns	     16309	80003bb0	20e09bd3	fsgnjn.s	f23,f1,f14	  f1:0x00000000 f14:0x00000000 f23=0x80000000
     163125.000 ns	     16311	80003bb4	a6cbb693	sltiu	x13,x23,-1428	 x23:0x00000000 x13=0x00000001
     163145.000 ns	     16313	80003bb8	d0037853	fcvt.s.w	f16,x6	  x6:0x00000000 f16=0x00000000
     163175.000 ns	     16316	80003bbc	c001f1d3	fcvt.w.s	x3,f3	  f3:0x00000000  x3=0x00000000
     163215.000 ns	     16320	80003bc0	10573f53	fmul.s	f30,f14,f5	 f14:0x00000000  f5:0x00000000 f30=0x00000000
     163245.000 ns	     16323	80003bc4	f0068353	fmv.w.x	f6,x13	 x13:0x00000001  f6=0x00000001
     163265.000 ns	     16325	80003bc8	b6d6e413	ori	x8,x13,-1171	 x13:0x00000001  x8=0xfffffb6d
     163275.000 ns	     16326	80003bcc	98d68a13	addi	x20,x13,-1651	 x13:0x00000001 x20=0xfffff98e
     163285.000 ns	     16327	80003bd0	e5867b97	auipc	x23,0xe5867	 x23=0x6586abd0
     163295.000 ns	     16328	80003bd4	41f95013	srai	x0,x18,0x1f	 x18:0x00000000
     163305.000 ns	     16329	80003bd8	015ce733	or	x14,x25,x21	 x25:0x00000000 x21:0x00000000 x14=0x00000000
     163325.000 ns	     16331	80003bdc	21a81353	fsgnjn.s	f6,f16,f26	 f16:0x00000000 f26:0x7f800000  f6=0x80000000
     163355.000 ns	     16334	80003be0	287114d3	fmax.s	f9,f2,f7	  f2:0x407fffae  f7:0x00000000  f9=0x407fffae
     163385.000 ns	     16337	80003be4	e00589d3	fmv.x.w	x19,f11	 f11:0x00000000 x19=0x00000000
     163405.000 ns	     16339	80003be8	15f87d13	andi	x26,x16,351	 x16:0x00000001 x26=0x00000001
     163425.000 ns	     16341	80003bec	e00c05d3	fmv.x.w	x11,f24	 f24:0x80000000 x11=0x80000000
     163465.000 ns	     16345	80003bf0	19ec92d3	fdiv.s	f5,f25,f30	 f25:0x00000000 f30:0x00000000  f5=0x7fc00000
     163495.000 ns	     16348	80003bf4	e0078453	fmv.x.w	x8,f15	 f15:0x4e9e0017  x8=0x4e9e0017
     163525.000 ns	     16351	80003bf8	f00782d3	fmv.w.x	f5,x15	 x15:0xffffff67  f5=0xffffff67
     163545.000 ns	     16353	80003bfc	008bfab3	and	x21,x23,x8	 x23:0x6586abd0  x8:0x4e9e0017 x21=0x44860010
     163565.000 ns	     16355	80003c00	03f72133	mulhsu	x2,x14,x31	 x14:0x00000000 x31:0xb63f8a78  x2=0x00000000
     163615.000 ns	     16360	80003c04	009706d3	fadd.s	f13,f14,f9	 f14:0x00000000  f9:0x407fffae f13=0x407fffae
     163645.000 ns	     16363	80003c08	e00811d3	fclass.s	x3,f16	 f16:0x00000000  x3=0x00000010
     163675.000 ns	     16366	80003c0c	02360833	mul	x16,x12,x3	 x12:0x7fc00000  x3:0x00000000 x16=0xfc000000
     163695.000 ns	     16368	80003c10	41465fb3	sra	x31,x12,x20	 x12:0x7fc00000 x20:0xfffff98e x31=0x0001ff00
     163705.000 ns	     16369	80003c14	dd632d13	slti	x26,x6,-554	  x6:0x00000000 x26=0x00000000
     163715.000 ns	     16370	80003c18	0148f433	and	x8,x17,x20	 x17:0x00000000 x20:0xfffff98e  x8=0x00000000
     163735.000 ns	     16372	80003c1c	f00085d3	fmv.w.x	f11,x1	  x1:0x00000000 f11=0x00000000
     163765.000 ns	     16375	80003c20	02048933	mul	x18,x9,x0	  x9:0x80041024  x0:0x00000000 x18=0x00000000
     163795.000 ns	     16378	80003c24	d00075d3	fcvt.s.w	f11,x0	  x0:0x00000000 f11=0x00000000
     163815.000 ns	     16380	80003c28	41560f33	sub	x30,x12,x21	 x12:0x7fc00000 x21:0x44860010 x30=0x3b39fff0
     163835.000 ns	     16382	80003c2c	02300133	mul	x2,x0,x3	  x0:0x00000000  x3:0x00000010  x2=0x00000000
     163855.000 ns	     16384	80003c30	013b2633	slt	x12,x22,x19	 x22:0x00000000 x19:0x00000000 x12=0x00000000
     163865.000 ns	     16385	80003c34	02a80813	addi	x16,x16,42	 x16:0xfc000000 x16=0xfc00002a
     163875.000 ns	     16386	80003c38	4173dab3	sra	x21,x7,x23	  x7:0x84ef8b7c x23:0x6586abd0 x21=0xffff84ef
     163885.000 ns	     16387	80003c3c	01638733	add	x14,x7,x22	  x7:0x84ef8b7c x22:0x00000000 x14=0x84ef8b7c
     163895.000 ns	     16388	80003c40	40db5a93	srai	x21,x22,0xd	 x22:0x00000000 x21=0x00000000
     163905.000 ns	     16389	80003c44	40a3df13	srai	x30,x7,0xa	  x7:0x84ef8b7c x30=0xffe13be2
     163925.000 ns	     16391	80003c48	03383db3	mulhu	x27,x16,x19	 x16:0xfc00002a x19:0x00000000 x27=0x00000000
     163945.000 ns	     16393	80003c4c	4038d513	srai	x10,x17,0x3	 x17:0x00000000 x10=0x00000000
     163955.000 ns	     16394	80003c50	4b4bef93	ori	x31,x23,1204	 x23:0x6586abd0 x31=0x6586aff4
     163965.000 ns	     16395	80003c54	00e059b3	srl	x19,x0,x14	  x0:0x00000000 x14:0x84ef8b7c x19=0x00000000
     163985.000 ns	     16397	80003c58	031cdb33	divu	x22,x25,x17	 x25:0x00000000 x17:0x00000000 x22=0xffffffff
     164005.000 ns	     16399	80003c5c	3cf34793	xori	x15,x6,975	  x6:0x00000000 x15=0x000003cf
     164025.000 ns	     16401	80003c60	e0090ad3	fmv.x.w	x21,f18	 f18:0x7fc00000 x21=0x7fc00000
     164045.000 ns	     16403	80003c64	00000013	addi	x0,x0,0	  x0:0x00000000
     164405.000 ns	     16439	80003c68	0277f6b3	remu	x13,x15,x7	 x15:0x000003cf  x7:0x84ef8b7c x13=0x000003cf
     164425.000 ns	     16441	80003c6c	00bdb433	sltu	x8,x27,x11	 x27:0x00000000 x11:0x80000000  x8=0x00000001
     164435.000 ns	     16442	80003c70	baec7713	andi	x14,x24,-1106	 x24:0x80040fe4 x14=0x80040ba4
     164445.000 ns	     16443	80003c74	00460bb3	add	x23,x12,x4	 x12:0x00000000  x4:0xffffffff x23=0xffffffff
     164485.000 ns	     16447	80003c78	0877ae53	fsub.s	f28,f15,f7	 f15:0x4e9e0017  f7:0x00000000 f28=0x4e9e0017
     164515.000 ns	     16450	80003c7c	f00d8853	fmv.w.x	f16,x27	 x27:0x00000000 f16=0x00000000
     164535.000 ns	     16452	80003c80	5e4b6813	ori	x16,x22,1508	 x22:0xffffffff x16=0xffffffff
     164565.000 ns	     16455	80003c84	1102f9d3	fmul.s	f19,f5,f16	  f5:0xffffff67 f16:0x00000000 f19=0x7fc00000
     164585.000 ns	     16457	80003c88	378ce993	ori	x19,x25,888	 x25:0x00000000 x19=0x00000378
     164605.000 ns	     16459	80003c8c	03b6ef33	rem	x30,x13,x27	 x13:0x000003cf x27:0x00000000 x30=0x000003cf
     164635.000 ns	     16462	80003c90	e00912d3	fclass.s	x5,f18	 f18:0x7fc00000  x5=0x00000200
     164665.000 ns	     16465	80003c94	c00071d3	fcvt.w.s	x3,f0	  f0:0x4d4c3000  x3=0x0cc30000
     164685.000 ns	     16467	80003c98	5f95ad93	slti	x27,x11,1529	 x11:0x80000000 x27=0x00000001
     164695.000 ns	     16468	80003c9c	d1a02613	slti	x12,x0,-742	  x0:0x00000000 x12=0x00000000
     164715.000 ns	     16470	80003ca0	a0c0a153	feq.s	x2,f1,f12	  f1:0x00000000 f12:0x3fb5042a  x2=0x00000000
     164735.000 ns	     16472	80003ca4	010dc933	xor	x18,x27,x16	 x27:0x00000001 x16:0xffffffff x18=0xfffffffe
     164745.000 ns	     16473	80003ca8	013fa233	slt	x4,x31,x19	 x31:0x6586aff4 x19:0x00000378  x4=0x00000000
     165915.000 ns	     16590	80003cac	580e1b53	fsqrt.s	f22,f28	 f28:0x4e9e0017 f22=0x470e35e6
     165965.000 ns	     16595	80003cb0	098605d3	fsub.s	f11,f12,f24	 f12:0x3fb5042a f24:0x80000000 f11=0x3fb5042a
     165995.000 ns	     16598	80003cb4	29f59ad3	fmax.s	f21,f11,f31	 f11:0x00000000 f31:0x443a8000 f21=0x443a8000
     166025.000 ns	     16601	80003cb8	c01faa53	fcvt.wu.s	x20,f31	 f31:0x443a8000 x20=0x000002ea
     166065.000 ns	     16605	80003cbc	116c7153	fmul.s	f2,f24,f22	 f24:0x80000000 f22:0x470e35e6  f2=0x80000000
     166435.000 ns	     16642	80003cc0	02ec5133	divu	x2,x24,x14	 x24:0x80040fe4 x14:0x80040ba4  x2=0x00000001
     166465.000 ns	     16645	80003cc4	031fad33	mulhsu	x26,x31,x17	 x31:0x6586aff4 x17:0x00000000 x26=0x00000000
     166495.000 ns	     16648	80003cc8	02107333	remu	x6,x0,x1	  x0:0x00000000  x1:0x00000000  x6=0x00000000
     166545.000 ns	     16653	80003ccc	09db4ed3	fsub.s	f29,f22,f29	 f22:0x470e35e6 f29:0x00000001 f29=0x470e35e6
     166565.000 ns	     16655	80003cd0	00000013	addi	x0,x0,0	  x0:0x00000000
     166585.000 ns	     16657	80003cd4	e0061f53	fclass.s	x30,f12	 f12:0x3fb5042a x30=0x00000040
     166605.000 ns	     16659	80003cd8	41e97637	lui	x12,0x41e97	 x12=0x41e97000
     166625.000 ns	     16661	80003cdc	a0bf8053	fle.s	x0,f31,f11	 f31:0x443a8000 f11:0x3fb5042a
     166645.000 ns	     16663	80003ce0	40445013	srai	x0,x8,0x4	  x8:0x00000001
     166665.000 ns	     16665	80003ce4	206419d3	fsgnjn.s	f19,f8,f6	  f8:0x00000000  f6:0x80000000 f19=0x00000000
     166695.000 ns	     16668	80003ce8	03912833	mulhsu	x16,x2,x25	  x2:0x00000001 x25:0x00000000 x16=0x00000000
     166725.000 ns	     16671	80003cec	d01ecdd3	fcvt.s.wu	f27,x29	 x29:0x5116cb98 f27=0x4ea22d97
     166745.000 ns	     16673	80003cf0	f24f0d93	addi	x27,x30,-220	 x30:0x00000040 x27=0xffffff64
     166765.000 ns	     16675	80003cf4	a09326d3	feq.s	x13,f6,f9	  f6:0x80000000  f9:0x407fffae x13=0x00000000
     166795.000 ns	     16678	80003cf8	e00b8ed3	fmv.x.w	x29,f23	 f23:0x80000000 x29=0x80000000
     166815.000 ns	     16680	80003cfc	40d18733	sub	x14,x3,x13	  x3:0x0cc30000 x13:0x00000000 x14=0x0cc30000
     166825.000 ns	     16681	80003d00	4e742513	slti	x10,x8,1255	  x8:0x00000001 x10=0x00000001
     166835.000 ns	     16682	80003d04	00074533	xor	x10,x14,x0	 x14:0x80040ba4  x0:0x00000000 x10=0x0cc30000
     166855.000 ns	     16684	80003d08	21b60fd3	fsgnj.s	f31,f12,f27	 f12:0x3fb5042a f27:0x4ea22d97 f31=0x3fb5042a
     166875.000 ns	     16686	80003d0c	00000013	addi	x0,x0,0	  x0:0x00000000
     166885.000 ns	     16687	80003d10	beeda7b7	lui	x15,0xbeeda	 x15=0xbeeda000
     166905.000 ns	     16689	80003d14	21391553	fsgnjn.s	f10,f18,f19	 f18:0x7fc00000 f19:0x00000000 f10=0xffc00000
     166935.000 ns	     16692	80003d18	215b89d3	fsgnj.s	f19,f23,f21	 f23:0x80000000 f21:0x443a8000 f19=0x00000000
     166965.000 ns	     16695	80003d1c	d01e7b53	fcvt.s.wu	f22,x28	 x28:0x00000000 f22=0x00000000
     166985.000 ns	     16697	80003d20	00000013	addi	x0,x0,0	  x0:0x00000000
     167005.000 ns	     16699	80003d24	03773933	mulhu	x18,x14,x23	 x14:0x0cc30000 x23:0xffffffff x18=0x0cc2ffff
     167035.000 ns	     16702	80003d28	21faa753	fsgnjx.s	f14,f21,f31	 f21:0x443a8000 f31:0x3fb5042a f14=0x443a8000
     167075.000 ns	     16706	80003d2c	109a2a53	fmul.s	f20,f20,f9	 f20:0xbeee860c  f9:0x407fffae f20=0xbfee85c0
     167095.000 ns	     16708	80003d30	01a14533	xor	x10,x2,x26	  x2:0x00000001 x26:0x00000000 x10=0x00000001
     167105.000 ns	     16709	80003d34	000ddb33	srl	x22,x27,x0	 x27:0xffffff64  x0:0x00000000 x22=0xffffff64
     167125.000 ns	     16711	80003d38	c01a12d3	fcvt.wu.s	x5,f20	 f20:0xbfee85c0  x5=0x00000001
     167155.000 ns	     16714	80003d3c	c01b8653	fcvt.wu.s	x12,f23	 f23:0x80000000 x12=0x00000000
     167175.000 ns	     16716	80003d40	018f5b93	srli	x23,x30,0x18	 x30:0x00000040 x23=0x00000000
     167185.000 ns	     16717	80003d44	cc5d06b7	lui	x13,0xcc5d0	 x13=0xcc5d0000
     167205.000 ns	     16719	80003d48	c00df9d3	fcvt.w.s	x19,f27	 f27:0x4ea22d97 x19=0x5116cb80
     167225.000 ns	     16721	80003d4c	41d4dd33	sra	x26,x9,x29	  x9:0x80041024 x29:0x80000000 x26=0x80041024
     167265.000 ns	     16725	80003d50	092ef553	fsub.s	f10,f29,f18	 f29:0x470e35e6 f18:0x7fc00000 f10=0x7fc00000
     167285.000 ns	     16727	80003d54	350ac113	xori	x2,x21,848	 x21:0x7fc00000  x2=0x7fc00350
     167305.000 ns	     16729	80003d58	c0133853	fcvt.wu.s	x16,f6	  f6:0x80000000 x16=0x00000000
     167335.000 ns	     16732	80003d5c	03889eb3	mulh	x29,x17,x24	 x17:0x00000000 x24:0x80040fe4 x29=0x00000000
     167365.000 ns	     16735	80003d60	296502d3	fmin.s	f5,f10,f22	 f10:0x7fc00000 f22:0x00000000  f5=0x00000000
     167395.000 ns	     16738	80003d64	03231133	mulh	x2,x6,x18	  x6:0x00000000 x18:0x0cc2ffff  x2=0x00000000
     167415.000 ns	     16740	80003d68	016260b3	or	x1,x4,x22	  x4:0x00000000 x22:0xffffff64  x1=0xffffff64
     167435.000 ns	     16742	80003d6c	f00786d3	fmv.w.x	f13,x15	 x15:0xbeeda000 f13=0xbeeda000
     167455.000 ns	     16744	80003d70	aba8a893	slti	x17,x17,-1350	 x17:0x00000000 x17=0x00000000
     167475.000 ns	     16746	80003d74	205e8b53	fsgnj.s	f22,f29,f5	 f29:0x470e35e6  f5:0x00000000 f22=0x470e35e6
     167505.000 ns	     16749	80003d78	e00d8b53	fmv.x.w	x22,f27	 f27:0x4ea22d97 x22=0x4ea22d97
     167525.000 ns	     16751	80003d7c	32423813	sltiu	x16,x4,804	  x4:0x00000000 x16=0x00000001
     167535.000 ns	     16752	80003d80	00bab3b3	sltu	x7,x21,x11	 x21:0x7fc00000 x11:0x80000000  x7=0x00000001
     167555.000 ns	     16754	80003d84	202503d3	fsgnj.s	f7,f10,f2	 f10:0x7fc00000  f2:0x80000000  f7=0xffc00000
     167575.000 ns	     16756	80003d88	0114d093	srli	x1,x9,0x11	  x9:0x80041024  x1=0x00004002
     167615.000 ns	     16760	80003d8c	09ccb2d3	fsub.s	f5,f25,f28	 f25:0x00000000 f28:0x4e9e0017  f5=0xce9e0017
     167655.000 ns	     16764	80003d90	58012653	fsqrt.s	f12,f2	  f2:0x80000000 f12=0x80000000
     167675.000 ns	     16766	80003d94	2550ef93	ori	x31,x1,597	  x1:0x00004002 x31=0x00004257
     167695.000 ns	     16768	80003d98	d0107053	fcvt.s.wu	f0,x0	  x0:0x00000000  f0=0x00000000
     167725.000 ns	     16771	80003d9c	a1900153	fle.s	x2,f0,f25	  f0:0x4d4c3000 f25:0x00000000  x2=0x00000001
     167755.000 ns	     16774	80003da0	29fe1e53	fmax.s	f28,f28,f31	 f28:0x4e9e0017 f31:0x3fb5042a f28=0x4e9e0017
     167775.000 ns	     16776	80003da4	022b23b7	lui	x7,0x22b2	  x7=0x022b2000
     167795.000 ns	     16778	80003da8	21322653	fsgnjx.s	f12,f4,f19	  f4:0x4d4c3000 f19:0x00000000 f12=0x4d4c3000
     167825.000 ns	     16781	80003dac	f00502d3	fmv.w.x	f5,x10	 x10:0x00000001  f5=0x00000001
     167855.000 ns	     16784	80003db0	0391d433	divu	x8,x3,x25	  x3:0x0cc30000 x25:0x00000000  x8=0xffffffff
     168225.000 ns	     16821	80003db4	03f65733	divu	x14,x12,x31	 x12:0x00000000 x31:0x00004257 x14=0x00000000
     168245.000 ns	     16823	80003db8	44d0aa93	slti	x21,x1,1101	  x1:0x00004002 x21=0x00000000
     168255.000 ns	     16824	80003dbc	00000013	addi	x0,x0,0	  x0:0x00000000
     168265.000 ns	     16825	80003dc0	fa702113	slti	x2,x0,-89	  x0:0x00000000  x2=0x00000000
     168285.000 ns	     16827	80003dc4	c00179d3	fcvt.w.s	x19,f2	  f2:0x80000000 x19=0x00000000
     168315.000 ns	     16830	80003dc8	f0008d53	fmv.w.x	f26,x1	  x1:0x00004002 f26=0x00004002
     169495.000 ns	     16948	80003dcc	5802fd53	fsqrt.s	f26,f5	  f5:0x00000001 f26=0x1f350483
     169515.000 ns	     16950	80003dd0	03958b13	addi	x22,x11,57	 x11:0x80000000 x22=0x80000039
     169525.000 ns	     16951	80003dd4	c3440593	addi	x11,x8,-972	  x8:0xffffffff x11=0xfffffc33
     169545.000 ns	     16953	80003dd8	a0fb13d3	flt.s	x7,f22,f15	 f22:0x470e35e6 f15:0x4e9e0017  x7=0x00000001
     169575.000 ns	     16956	80003ddc	a1db81d3	fle.s	x3,f23,f29	 f23:0x80000000 f29:0x470e35e6  x3=0x00000001
     169605.000 ns	     16959	80003de0	20a6aa53	fsgnjx.s	f20,f13,f10	 f13:0xbeeda000 f10:0x7fc00000 f20=0xbeeda000
     169625.000 ns	     16961	80003de4	dd123b93	sltiu	x23,x4,-559	  x4:0x00000000 x23=0x00000001
     169635.000 ns	     16962	80003de8	00000013	addi	x0,x0,0	  x0:0x00000000
     169645.000 ns	     16963	80003dec	005722b3	slt	x5,x14,x5	 x14:0x00000000  x5:0x00000001  x5=0x00000001
     169655.000 ns	     16964	80003df0	00dd9b93	slli	x23,x27,0xd	 x27:0xffffff64 x23=0xffec8000
     169675.000 ns	     16966	80003df4	20ff86d3	fsgnj.s	f13,f31,f15	 f31:0x3fb5042a f15:0x4e9e0017 f13=0x3fb5042a
     169695.000 ns	     16968	80003df8	005dd533	srl	x10,x27,x5	 x27:0xffffff64  x5:0x00000001 x10=0x7fffffb2
     169715.000 ns	     16970	80003dfc	a13708d3	fle.s	x17,f14,f19	 f14:0x443a8000 f19:0x00000000 x17=0x00000000
     169735.000 ns	     16972	80003e00	002491b3	sll	x3,x9,x2	  x9:0x80041024  x2:0x00000000  x3=0x80041024
     169745.000 ns	     16973	80003e04	e1cdbd93	sltiu	x27,x27,-484	 x27:0xffffff64 x27=0x00000000
     169765.000 ns	     16975	80003e08	d004b3d3	fcvt.s.w	f7,x9	  x9:0x80041024  f7=0xcefff7e0
     169785.000 ns	     16977	80003e0c	45fa3513	sltiu	x10,x20,1119	 x20:0x000002ea x10=0x00000001
     169805.000 ns	     16979	80003e10	035ab433	mulhu	x8,x21,x21	 x21:0x00000000 x21:0x00000000  x8=0x00000000
     169835.000 ns	     16982	80003e14	0322bb33	mulhu	x22,x5,x18	  x5:0x00000001 x18:0x0cc2ffff x22=0x00000000
     169855.000 ns	     16984	80003e18	0174c733	xor	x14,x9,x23	  x9:0x80041024 x23:0xffec8000 x14=0x7fe89024
     169875.000 ns	     16986	80003e1c	208c23d3	fsgnjx.s	f7,f24,f8	 f24:0x80000000  f8:0x00000000  f7=0x80000000
     169905.000 ns	     16989	80003e20	e0021e53	fclass.s	x28,f4	  f4:0x4d4c3000 x28=0x00000040
     169945.000 ns	     16993	80003e24	110b44d3	fmul.s	f9,f22,f16	 f22:0x470e35e6 f16:0x00000000  f9=0x00000000
     169975.000 ns	     16996	80003e28	e0078fd3	fmv.x.w	x31,f15	 f15:0x4e9e0017 x31=0x4e9e0017
     169995.000 ns	     16998	80003e2c	40695793	srai	x15,x18,0x6	 x18:0x0cc2ffff x15=0x00330bff
     170035.000 ns	     17002	80003e30	09f1a853	fsub.s	f16,f3,f31	  f3:0x00000000 f31:0x3fb5042a f16=0xbfb5042a
     170055.000 ns	     17004	80003e34	019cf6b3	and	x13,x25,x25	 x25:0x00000000 x25:0x00000000 x13=0x00000000
     170095.000 ns	     17008	80003e38	081b48d3	fsub.s	f17,f22,f1	 f22:0x470e35e6  f1:0x00000000 f17=0x470e35e6
     170125.000 ns	     17011	80003e3c	a109a8d3	feq.s	x17,f19,f16	 f19:0x00000000 f16:0xbfb5042a x17=0x00000000
     170145.000 ns	     17013	80003e40	5b90d537	lui	x10,0x5b90d	 x10=0x5b90d000
     170155.000 ns	     17014	80003e44	41cc52b3	sra	x5,x24,x28	 x24:0x80040fe4 x28:0x00000040  x5=0x80040fe4
     170165.000 ns	     17015	80003e48	0126da93	srli	x21,x13,0x12	 x13:0x00000000 x21=0x00000000
     171335.000 ns	     17132	80003e4c	580ef553	fsqrt.s	f10,f29	 f29:0x470e35e6 f10=0x42c91d18
     171365.000 ns	     17135	80003e50	03ef9433	mulh	x8,x31,x30	 x31:0x4e9e0017 x30:0x00000040  x8=0x00000013
     171385.000 ns	     17137	80003e54	019ef633	and	x12,x29,x25	 x29:0x00000000 x25:0x00000000 x12=0x00000000
     171405.000 ns	     17139	80003e58	e00c9953	fclass.s	x18,f25	 f25:0x00000000 x18=0x00000010
     171425.000 ns	     17141	80003e5c	5e532b93	slti	x23,x6,1509	  x6:0x00000000 x23=0x00000001
     171785.000 ns	     17177	80003e60	02b34033	div	x0,x6,x11	  x6:0x00000000 x11:0xfffffc33
     171805.000 ns	     17179	80003e64	73b2fd13	andi	x26,x5,1851	  x5:0x80040fe4 x26=0x00000720
     171825.000 ns	     17181	80003e68	a11399d3	flt.s	x19,f7,f17	  f7:0x80000000 f17:0x470e35e6 x19=0x00000001
     171855.000 ns	     17184	80003e6c	f0020153	fmv.w.x	f2,x4	  x4:0x00000000  f2=0x00000000
     171875.000 ns	     17186	80003e70	00a00633	add	x12,x0,x10	  x0:0x00000000 x10:0x5b90d000 x12=0x5b90d000
     171895.000 ns	     17188	80003e74	0265db33	divu	x22,x11,x6	 x11:0xfffffc33  x6:0x00000000 x22=0xffffffff
     171925.000 ns	     17191	80003e78	02940b33	mul	x22,x8,x9	  x8:0x00000013  x9:0x80041024 x22=0x804d32ac
     171955.000 ns	     17194	80003e7c	d009f3d3	fcvt.s.w	f7,x19	 x19:0x00000001  f7=0x3f800000
     171985.000 ns	     17197	80003e80	a0f2a153	feq.s	x2,f5,f15	  f5:0x00000001 f15:0x4e9e0017  x2=0x00000000
     172015.000 ns	     17200	80003e84	202b05d3	fsgnj.s	f11,f22,f2	 f22:0x470e35e6  f2:0x00000000 f11=0x470e35e6
     172385.000 ns	     17237	80003e88	03627fb3	remu	x31,x4,x22	  x4:0x00000000 x22:0x804d32ac x31=0x00000000
     172415.000 ns	     17240	80003e8c	03cda633	mulhsu	x12,x27,x28	 x27:0x00000000 x28:0x00000040 x12=0x00000000
     172435.000 ns	     17242	80003e90	010b1bb3	sll	x23,x22,x16	 x22:0x804d32ac x16:0x00000001 x23=0x009a6558
     172445.000 ns	     17243	80003e94	6b676a13	ori	x20,x14,1718	 x14:0x7fe89024 x20=0x7fe896b6
     172455.000 ns	     17244	80003e98	4170df13	srai	x30,x1,0x17	  x1:0x00004002 x30=0x00000000
     172465.000 ns	     17245	80003e9c	01369333	sll	x6,x13,x19	 x13:0x00000000 x19:0x00000001  x6=0x00000000
     172505.000 ns	     17249	80003ea0	00677653	fadd.s	f12,f14,f6	 f14:0x443a8000  f6:0x80000000 f12=0x443a8000
     172535.000 ns	     17252	80003ea4	210e82d3	fsgnj.s	f5,f29,f16	 f29:0x470e35e6 f16:0xbfb5042a  f5=0xc70e35e6
     172565.000 ns	     17255	80003ea8	a0901553	flt.s	x10,f0,f9	  f0:0x00000000  f9:0x00000000 x10=0x00000000
     172595.000 ns	     17258	80003eac	02d280b3	mul	x1,x5,x13	  x5:0x80040fe4 x13:0x00000000  x1=0x00000000
     172615.000 ns	     17260	80003eb0	41770bb3	sub	x23,x14,x23	 x14:0x7fe89024 x23:0x009a6558 x23=0x7f4e2acc
     172625.000 ns	     17261	80003eb4	663ff693	andi	x13,x31,1635	 x31:0x00000000 x13=0x00000000
     172645.000 ns	     17263	80003eb8	03379e33	mulh	x28,x15,x19	 x15:0x00330bff x19:0x00000001 x28=0x00000000
     172665.000 ns	     17265	80003ebc	00bb2533	slt	x10,x22,x11	 x22:0x804d32ac x11:0xfffffc33 x10=0x00000001
     172675.000 ns	     17266	80003ec0	33fffb93	andi	x23,x31,831	 x31:0x00000000 x23=0x00000000
     172685.000 ns	     17267	80003ec4	416a0bb3	sub	x23,x20,x22	 x20:0x7fe896b6 x22:0x804d32ac x23=0xff9b640a
     172695.000 ns	     17268	80003ec8	01bf2fb3	slt	x31,x30,x27	 x30:0x00000000 x27:0x00000000 x31=0x00000000
     172705.000 ns	     17269	80003ecc	01469413	slli	x8,x13,0x14	 x13:0x00000000  x8=0x00000000
     172715.000 ns	     17270	80003ed0	01a892b3	sll	x5,x17,x26	 x17:0x00000000 x26:0x00000720  x5=0x00000000
     172725.000 ns	     17271	80003ed4	00ea2133	slt	x2,x20,x14	 x20:0x7fe896b6 x14:0x7fe89024  x2=0x00000000
     172735.000 ns	     17272	80003ed8	01586533	or	x10,x16,x21	 x16:0x00000001 x21:0x00000000 x10=0x00000001
     172775.000 ns	     17276	80003edc	01407453	fadd.s	f8,f0,f20	  f0:0x00000000 f20:0xbeeda000  f8=0xbeeda000
     172795.000 ns	     17278	80003ee0	230b5297	auipc	x5,0x230b5	  x5=0xa30b8ee0
     172805.000 ns	     17279	80003ee4	2a2dbe93	sltiu	x29,x27,674	 x27:0x00000000 x29=0x00000001
     172825.000 ns	     17281	80003ee8	0317ebb3	rem	x23,x15,x17	 x15:0x00330bff x17:0x00000000 x23=0x00330bff
     172855.000 ns	     17284	80003eec	a0c719d3	flt.s	x19,f14,f12	 f14:0x443a8000 f12:0x443a8000 x19=0x00000000
     172885.000 ns	     17287	80003ef0	03b5fa33	remu	x20,x11,x27	 x11:0xfffffc33 x27:0x00000000 x20=0xfffffc33
     172915.000 ns	     17290	80003ef4	29979ed3	fmax.s	f29,f15,f25	 f15:0x4e9e0017 f25:0x00000000 f29=0x4e9e0017
     172935.000 ns	     17292	80003ef8	00a03f33	sltu	x30,x0,x10	  x0:0x00000000 x10:0x00000001 x30=0x00000001
     172945.000 ns	     17293	80003efc	0098f033	and	x0,x17,x9	 x17:0x00000000  x9:0x80041024
     172965.000 ns	     17295	80003f00	f0080253	fmv.w.x	f4,x16	 x16:0x00000001  f4=0x00000001
     172985.000 ns	     17297	80003f04	002edf13	srli	x30,x29,0x2	 x29:0x00000001 x30=0x00000000
     173005.000 ns	     17299	80003f08	d00e1d53	fcvt.s.w	f26,x28	 x28:0x00000000 f26=0x00000000
     173025.000 ns	     17301	80003f0c	0060eab3	or	x21,x1,x6	  x1:0x00000000  x6:0x00000000 x21=0x00000000
     173045.000 ns	     17303	80003f10	029a8733	mul	x14,x21,x9	 x21:0x00000000  x9:0x80041024 x14=0x00000000
     173075.000 ns	     17306	80003f14	215f0353	fsgnj.s	f6,f30,f21	 f30:0x00000000 f21:0x443a8000  f6=0x00000000
     173105.000 ns	     17309	80003f18	217ba9d3	fsgnjx.s	f19,f23,f23	 f23:0x80000000 f23:0x80000000 f19=0x00000000
     173135.000 ns	     17312	80003f1c	28628b53	fmin.s	f22,f5,f6	  f5:0xc70e35e6  f6:0x00000000 f22=0xc70e35e6
     173155.000 ns	     17314	80003f20	00000013	addi	x0,x0,0	  x0:0x00000000
     173175.000 ns	     17316	80003f24	a0e7a5d3	feq.s	x11,f15,f14	 f15:0x4e9e0017 f14:0x443a8000 x11=0x00000000
     173195.000 ns	     17318	80003f28	c3798a13	addi	x20,x19,-969	 x19:0x00000000 x20=0xfffffc37
     173215.000 ns	     17320	80003f2c	0225edb3	rem	x27,x11,x2	 x11:0x00000000  x2:0x00000000 x27=0x00000000
     173245.000 ns	     17323	80003f30	03b6dbb3	divu	x23,x13,x27	 x13:0x00000000 x27:0x00000000 x23=0xffffffff
     173265.000 ns	     17325	80003f34	c12c2693	slti	x13,x24,-1006	 x24:0x80040fe4 x13=0x00000001
     173275.000 ns	     17326	80003f38	01d9f6b3	and	x13,x19,x29	 x19:0x00000000 x29:0x00000001 x13=0x00000000
     173305.000 ns	     17329	80003f3c	1136f653	fmul.s	f12,f13,f19	 f13:0x3fb5042a f19:0x00000000 f12=0x00000000
     173335.000 ns	     17332	80003f40	29740ad3	fmin.s	f21,f8,f23	  f8:0xbeeda000 f23:0x80000000 f21=0xbeeda000
     173355.000 ns	     17334	80003f44	00aa0d33	add	x26,x20,x10	 x20:0xfffffc37 x10:0x00000001 x26=0xfffffc38
     173385.000 ns	     17337	80003f48	118af253	fmul.s	f4,f21,f24	 f21:0xbeeda000 f24:0x80000000  f4=0x00000000
     173415.000 ns	     17340	80003f4c	03b15fb3	divu	x31,x2,x27	  x2:0x00000000 x27:0x00000000 x31=0xffffffff
     173445.000 ns	     17343	80003f50	023496b3	mulh	x13,x9,x3	  x9:0x80041024  x3:0x80041024 x13=0x3ffbefec
     173465.000 ns	     17345	80003f54	0190cbb3	xor	x23,x1,x25	  x1:0x00000000 x25:0x00000000 x23=0x00000000
     173475.000 ns	     17346	80003f58	40355913	srai	x18,x10,0x3	 x10:0x00000001 x18=0x00000000
     173495.000 ns	     17348	80003f5c	d0029c53	fcvt.s.w	f24,x5	  x5:0xa30b8ee0 f24=0xceb9e8e2
     173525.000 ns	     17351	80003f60	d018f953	fcvt.s.wu	f18,x17	 x17:0x00000000 f18=0x00000000
     173545.000 ns	     17353	80003f64	003c80b3	add	x1,x25,x3	 x25:0x00000000  x3:0x80041024  x1=0x80041024
     173555.000 ns	     17354	80003f68	fa916393	ori	x7,x2,-87	  x2:0x00000000  x7=0xffffffa9
     173575.000 ns	     17356	80003f6c	03d71033	mulh	x0,x14,x29	 x14:0x00000000 x29:0x00000001
     173605.000 ns	     17359	80003f70	02fb35b3	mulhu	x11,x22,x15	 x22:0x804d32ac x15:0x00330bff x11=0x00199564
     173975.000 ns	     17396	80003f74	02575933	divu	x18,x14,x5	 x14:0x00000000  x5:0xa30b8ee0 x18=0x00000000
     174005.000 ns	     17399	80003f78	c0141653	fcvt.wu.s	x12,f8	  f8:0xbeeda000 x12=0x00000000
     174035.000 ns	     17402	80003f7c	29d39753	fmax.s	f14,f7,f29	  f7:0x3f800000 f29:0x4e9e0017 f14=0x4e9e0017
     174075.000 ns	     17406	80003f80	11e6bbd3	fmul.s	f23,f13,f30	 f13:0x3fb5042a f30:0x00000000 f23=0x00000000
     174095.000 ns	     17408	80003f84	41a8deb3	sra	x29,x17,x26	 x17:0x00000000 x26:0xfffffc38 x29=0x00000000
     174105.000 ns	     17409	80003f88	019d1913	slli	x18,x26,0x19	 x26:0xfffffc38 x18=0x70000000
     174125.000 ns	     17411	80003f8c	a18195d3	flt.s	x11,f3,f24	  f3:0x00000000 f24:0xceb9e8e2 x11=0x00000000
     174175.000 ns	     17416	80003f90	01ef9653	fadd.s	f12,f31,f30	 f31:0x3fb5042a f30:0x00000000 f12=0x3fb5042a
     174225.000 ns	     17421	80003f94	09847bd3	fsub.s	f23,f8,f24	  f8:0xbeeda000 f24:0xceb9e8e2 f23=0x4eb9e8e1
     174245.000 ns	     17423	80003f98	4017df13	srai	x30,x15,0x1	 x15:0x00330bff x30=0x001985ff
     174255.000 ns	     17424	80003f9c	41f38533	sub	x10,x7,x31	  x7:0xffffffa9 x31:0xffffffff x10=0xffffffaa
     174275.000 ns	     17426	80003fa0	29e21953	fmax.s	f18,f4,f30	  f4:0x00000000 f30:0x00000000 f18=0x00000000
     174295.000 ns	     17428	80003fa4	01194733	xor	x14,x18,x17	 x18:0x70000000 x17:0x00000000 x14=0x70000000
     174305.000 ns	     17429	80003fa8	d7ab2037	lui	x0,0xd7ab2	
     174315.000 ns	     17430	80003fac	93ea3993	sltiu	x19,x20,-1730	 x20:0xfffffc37 x19=0x00000000
     174335.000 ns	     17432	80003fb0	28391b53	fmax.s	f22,f18,f3	 f18:0x00000000  f3:0x00000000 f22=0x00000000
     174365.000 ns	     17435	80003fb4	c004b1d3	fcvt.w.s	x3,f9	  f9:0x00000000  x3=0x00000000
     174385.000 ns	     17437	80003fb8	00c69f13	slli	x30,x13,0xc	 x13:0x3ffbefec x30=0xbefec000
     174415.000 ns	     17440	80003fbc	10637053	fmul.s	f0,f6,f6	  f6:0x00000000  f6:0x00000000  f0=0x00000000
     174435.000 ns	     17442	80003fc0	01f24633	xor	x12,x4,x31	  x4:0x00000000 x31:0xffffffff x12=0xffffffff
     174445.000 ns	     17443	80003fc4	408fd933	sra	x18,x31,x8	 x31:0xffffffff  x8:0x00000000 x18=0xffffffff
     174455.000 ns	     17444	80003fc8	019860b3	or	x1,x16,x25	 x16:0x00000001 x25:0x00000000  x1=0x00000001
     174485.000 ns	     17447	80003fcc	58037453	fsqrt.s	f8,f6	  f6:0x00000000  f8=0x00000000
     174505.000 ns	     17449	80003fd0	01111713	slli	x14,x2,0x11	  x2:0x00000000 x14=0x00000000
     174865.000 ns	     17485	80003fd4	025052b3	divu	x5,x0,x5	  x0:0x00000000  x5:0xa30b8ee0  x5=0x00000000
     174895.000 ns	     17488	80003fd8	033bbd33	mulhu	x26,x23,x19	 x23:0x00000000 x19:0x00000000 x26=0x00000000
     174915.000 ns	     17490	80003fdc	004108b3	add	x17,x2,x4	  x2:0x00000000  x4:0x00000000 x17=0x00000000
     174925.000 ns	     17491	80003fe0	c5da0393	addi	x7,x20,-931	 x20:0xfffffc37  x7=0xfffff894
     174935.000 ns	     17492	80003fe4	0171da13	srli	x20,x3,0x17	  x3:0x00000000 x20=0x00000000
     174955.000 ns	     17494	80003fe8	03a2aab3	mulhsu	x21,x5,x26	  x5:0x00000000 x26:0x00000000 x21=0x00000000
     174975.000 ns	     17496	80003fec	412c0233	sub	x4,x24,x18	 x24:0x80040fe4 x18:0xffffffff  x4=0x80040fe5
     174995.000 ns	     17498	80003ff0	0395f8b3	remu	x17,x11,x25	 x11:0x00000000 x25:0x00000000 x17=0x00000000
     176175.000 ns	     17616	80003ff4	58050fd3	fsqrt.s	f31,f10	 f10:0x42c91d18 f31=0x412071e0
     176195.000 ns	     17618	80003ff8	c787fe93	andi	x29,x15,-904	 x15:0x00330bff x29=0x00330878
     176205.000 ns	     17619	80003ffc	009dddb3	srl	x27,x27,x9	 x27:0x00000000  x9:0x80041024 x27=0x00000000
     176225.000 ns	     17621	80004000	028c1933	mulh	x18,x24,x8	 x24:0x80040fe4  x8:0x00000000 x18=0x00000000
     176255.000 ns	     17624	80004004	e0058a53	fmv.x.w	x20,f11	 f11:0x470e35e6 x20=0x470e35e6
     176275.000 ns	     17626	80004008	2412b417	auipc	x8,0x2412b	  x8=0xa412f008
     176295.000 ns	     17628	8000400c	f00b8e53	fmv.w.x	f28,x23	 x23:0x00000000 f28=0x00000000
     176325.000 ns	     17631	80004010	a1300953	fle.s	x18,f0,f19	  f0:0x00000000 f19:0x00000000 x18=0x00000001
     176355.000 ns	     17634	80004014	e00a93d3	fclass.s	x7,f21	 f21:0xbeeda000  x7=0x00000002
     176375.000 ns	     17636	80004018	41255393	srai	x7,x10,0x12	 x10:0xffffffaa  x7=0xffffffff
     176385.000 ns	     17637	8000401c	0034a533	slt	x10,x9,x3	  x9:0x80041024  x3:0x00000000 x10=0x00000001
     176405.000 ns	     17639	80004020	c01d2453	fcvt.wu.s	x8,f26	 f26:0x00000000  x8=0x00000000
     176425.000 ns	     17641	80004024	b7424093	xori	x1,x4,-1164	  x4:0x80040fe5  x1=0x7ffbf491
     176445.000 ns	     17643	80004028	283583d3	fmin.s	f7,f11,f3	 f11:0x470e35e6  f3:0x00000000  f7=0x00000000
     176465.000 ns	     17645	8000402c	0152bdb3	sltu	x27,x5,x21	  x5:0x00000000 x21:0x00000000 x27=0x00000000
     176475.000 ns	     17646	80004030	92b5ed13	ori	x26,x11,-1749	 x11:0x00000000 x26=0xfffff92b
     176495.000 ns	     17648	80004034	a0952bd3	feq.s	x23,f10,f9	 f10:0x42c91d18  f9:0x00000000 x23=0x00000000
     176865.000 ns	     17685	80004038	02a17a33	remu	x20,x2,x10	  x2:0x00000000 x10:0x00000001 x20=0x00000000
     176885.000 ns	     17687	8000403c	412557b3	sra	x15,x10,x18	 x10:0x00000001 x18:0x00000001 x15=0x00000000
     176895.000 ns	     17688	80004040	5b9a5e37	lui	x28,0x5b9a5	 x28=0x5b9a5000
     176905.000 ns	     17689	80004044	f0138817	auipc	x16,0xf0138	 x16=0x7013c044
     176915.000 ns	     17690	80004048	40a356b3	sra	x13,x6,x10	  x6:0x00000000 x10:0x00000001 x13=0x00000000
     176935.000 ns	     17692	8000404c	e00c9953	fclass.s	x18,f25	 f25:0x00000000 x18=0x00000010
     176965.000 ns	     17695	80004050	a0d622d3	feq.s	x5,f12,f13	 f12:0x3fb5042a f13:0x3fb5042a  x5=0x00000001
     176995.000 ns	     17698	80004054	a0a997d3	flt.s	x15,f19,f10	 f19:0x00000000 f10:0x42c91d18 x15=0x00000001
     177015.000 ns	     17700	80004058	01a21313	slli	x6,x4,0x1a	  x4:0x80040fe5  x6=0x94000000
     177025.000 ns	     17701	8000405c	00f870b3	and	x1,x16,x15	 x16:0x7013c044 x15:0x00000001  x1=0x00000000
     177045.000 ns	     17703	80004060	208e20d3	fsgnjx.s	f1,f28,f8	 f28:0x00000000  f8:0x00000000  f1=0x00000000
     177065.000 ns	     17705	80004064	01ee6333	or	x6,x28,x30	 x28:0x5b9a5000 x30:0xbefec000  x6=0xfffed000
     177085.000 ns	     17707	80004068	e0009153	fclass.s	x2,f1	  f1:0x00000000  x2=0x00000010
     177105.000 ns	     17709	8000406c	018a7f33	and	x30,x20,x24	 x20:0x00000000 x24:0x80040fe4 x30=0x00000000
     177465.000 ns	     17745	80004070	032779b3	remu	x19,x14,x18	 x14:0x00000000 x18:0x00000010 x19=0x00000000
     177485.000 ns	     17747	80004074	e3f47d97	auipc	x27,0xe3f47	 x27=0x63f4b074
     177495.000 ns	     17748	80004078	dec9b893	sltiu	x17,x19,-532	 x19:0x00000000 x17=0x00000001
     177515.000 ns	     17750	8000407c	a0e80553	fle.s	x10,f16,f14	 f16:0xbfb5042a f14:0x4e9e0017 x10=0x00000001
     177555.000 ns	     17754	80004080	10e6f553	fmul.s	f10,f13,f14	 f13:0x3fb5042a f14:0x4e9e0017 f10=0x4edf7144
     177585.000 ns	     17757	80004084	03345e33	divu	x28,x8,x19	  x8:0x00000000 x19:0x00000000 x28=0xffffffff
     177605.000 ns	     17759	80004088	00000013	addi	x0,x0,0	  x0:0x00000000
     177615.000 ns	     17760	8000408c	419ed233	sra	x4,x29,x25	 x29:0x00330878 x25:0x00000000  x4=0x00330878
     177625.000 ns	     17761	80004090	00585d13	srli	x26,x16,0x5	 x16:0x7013c044 x26=0x03809e02
     177635.000 ns	     17762	80004094	c16dc613	xori	x12,x27,-1002	 x27:0x63f4b074 x12=0x9c0b4c62
     177645.000 ns	     17763	80004098	014e9ab3	sll	x21,x29,x20	 x29:0x00330878 x20:0x00000000 x21=0x00330878
     177665.000 ns	     17765	8000409c	02dbf533	remu	x10,x23,x13	 x23:0x00000000 x13:0x00000000 x10=0x00000000
     177685.000 ns	     17767	800040a0	004ddf93	srli	x31,x27,0x4	 x27:0x63f4b074 x31=0x063f4b07
     177705.000 ns	     17769	800040a4	a1cea0d3	feq.s	x1,f29,f28	 f29:0x4e9e0017 f28:0x00000000  x1=0x00000000
     177725.000 ns	     17771	800040a8	e6d0bb93	sltiu	x23,x1,-403	  x1:0x00000000 x23=0x00000001
     177735.000 ns	     17772	800040ac	41d15093	srai	x1,x2,0x1d	  x2:0x00000010  x1=0x00000000
     177745.000 ns	     17773	800040b0	006955b3	srl	x11,x18,x6	 x18:0x00000010  x6:0xfffed000 x11=0x00000010
     177755.000 ns	     17774	800040b4	01a52eb3	slt	x29,x10,x26	 x10:0x00000000 x26:0x03809e02 x29=0x00000001
     177765.000 ns	     17775	800040b8	00178233	add	x4,x15,x1	 x15:0x00000001  x1:0x00000000  x4=0x00000001
     177775.000 ns	     17776	800040bc	011e5833	srl	x16,x28,x17	 x28:0xffffffff x17:0x00000001 x16=0x7fffffff
     177795.000 ns	     17778	800040c0	03e9c6b3	div	x13,x19,x30	 x19:0x00000000 x30:0x00000000 x13=0xffffffff
     177815.000 ns	     17780	800040c4	68b0a913	slti	x18,x1,1675	  x1:0x00000000 x18=0x00000001
     177835.000 ns	     17782	800040c8	29fe9a53	fmax.s	f20,f29,f31	 f29:0x4e9e0017 f31:0x412071e0 f20=0x4e9e0017
     177855.000 ns	     17784	800040cc	00000013	addi	x0,x0,0	  x0:0x00000000
     177865.000 ns	     17785	800040d0	ae83bab7	lui	x21,0xae83b	 x21=0xae83b000
     177875.000 ns	     17786	800040d4	5b213d93	sltiu	x27,x2,1458	  x2:0x00000010 x27=0x00000001
     177895.000 ns	     17788	800040d8	03f18733	mul	x14,x3,x31	  x3:0x00000000 x31:0x063f4b07 x14=0x00000000
     177925.000 ns	     17791	800040dc	c015f7d3	fcvt.wu.s	x15,f11	 f11:0x470e35e6 x15=0x00008e35
     177945.000 ns	     17793	800040e0	35b40113	addi	x2,x8,859	  x8:0x00000000  x2=0x0000035b
     177965.000 ns	     17795	800040e4	d00c99d3	fcvt.s.w	f19,x25	 x25:0x00000000 f19=0x00000000
     177985.000 ns	     17797	800040e8	0098be13	sltiu	x28,x17,9	 x17:0x00000001 x28=0x00000001
     178005.000 ns	     17799	800040ec	a0742053	feq.s	x0,f8,f7	  f8:0x00000000  f7:0x00000000
     178025.000 ns	     17801	800040f0	e655b293	sltiu	x5,x11,-411	 x11:0x00000010  x5=0x00000001
     178055.000 ns	     17804	800040f4	11eb7e53	fmul.s	f28,f22,f30	 f22:0x00000000 f30:0x00000000 f28=0x00000000
     178075.000 ns	     17806	800040f8	3e7f8213	addi	x4,x31,999	 x31:0x063f4b07  x4=0x063f4eee
     178085.000 ns	     17807	800040fc	a47edbb7	lui	x23,0xa47ed	 x23=0xa47ed000
     178095.000 ns	     17808	80004100	00421e33	sll	x28,x4,x4	  x4:0x00000001  x4:0x00000001 x28=0xd3bb8000
     178115.000 ns	     17810	80004104	e00f1fd3	fclass.s	x31,f30	 f30:0x00000000 x31=0x00000010
     178135.000 ns	     17812	80004108	00fed093	srli	x1,x29,0xf	 x29:0x00000001  x1=0x00000000
     178175.000 ns	     17816	8000410c	000a7dd3	fadd.s	f27,f20,f0	 f20:0x4e9e0017  f0:0x00000000 f27=0x4e9e0017
     178215.000 ns	     17820	80004110	11949153	fmul.s	f2,f9,f25	  f9:0x00000000 f25:0x00000000  f2=0x00000000
     178245.000 ns	     17823	80004114	291e07d3	fmin.s	f15,f28,f17	 f28:0x00000000 f17:0x470e35e6 f15=0x00000000
     178275.000 ns	     17826	80004118	03eecdb3	div	x27,x29,x30	 x29:0x00000001 x30:0x00000000 x27=0xffffffff
     178295.000 ns	     17828	8000411c	0021d0b3	srl	x1,x3,x2	  x3:0x00000000  x2:0x0000035b  x1=0x00000000
     178305.000 ns	     17829	80004120	01765793	srli	x15,x12,0x17	 x12:0x9c0b4c62 x15=0x00000138
     178325.000 ns	     17831	80004124	f00782d3	fmv.w.x	f5,x15	 x15:0x00008e35  f5=0x00000138
     178345.000 ns	     17833	80004128	dc404013	xori	x0,x0,-572	  x0:0x00000000
     178365.000 ns	     17835	8000412c	02cf1633	mulh	x12,x30,x12	 x30:0x00000000 x12:0x9c0b4c62 x12=0x00000000
     178395.000 ns	     17838	80004130	a060a253	feq.s	x4,f1,f6	  f1:0x00000000  f6:0x00000000  x4=0x00000001
     178425.000 ns	     17841	80004134	2134ad53	fsgnjx.s	f26,f9,f19	  f9:0x00000000 f19:0x00000000 f26=0x00000000
     178445.000 ns	     17843	80004138	a654e417	auipc	x8,0xa654e	  x8=0x26552138
     178455.000 ns	     17844	8000413c	b9373393	sltiu	x7,x14,-1133	 x14:0x00000000  x7=0x00000001
     178475.000 ns	     17846	80004140	28bc1fd3	fmax.s	f31,f24,f11	 f24:0xceb9e8e2 f11:0x470e35e6 f31=0x470e35e6
     178505.000 ns	     17849	80004144	e0039e53	fclass.s	x28,f7	  f7:0x00000000 x28=0x00000010
     178555.000 ns	     17854	80004148	005775d3	fadd.s	f11,f14,f5	 f14:0x4e9e0017  f5:0x00000138 f11=0x4e9e0017
     178575.000 ns	     17856	8000414c	40c08933	sub	x18,x1,x12	  x1:0x00000000 x12:0x00000000 x18=0x00000000
     178595.000 ns	     17858	80004150	203303d3	fsgnj.s	f7,f6,f3	  f6:0x00000000  f3:0x00000000  f7=0x00000000
     178625.000 ns	     17861	80004154	285c8653	fmin.s	f12,f25,f5	 f25:0x00000000  f5:0x00000138 f12=0x00000000
     178645.000 ns	     17863	80004158	c1777b93	andi	x23,x14,-1001	 x14:0x00000000 x23=0x00000000
     178655.000 ns	     17864	8000415c	01b470b3	and	x1,x8,x27	  x8:0x26552138 x27:0xffffffff  x1=0x26552138
     178675.000 ns	     17866	80004160	29db8853	fmin.s	f16,f23,f29	 f23:0x4eb9e8e1 f29:0x4e9e0017 f16=0x4e9e0017
     178695.000 ns	     17868	80004164	00b6d893	srli	x17,x13,0xb	 x13:0xffffffff x17=0x001fffff
     178705.000 ns	     17869	80004168	00000013	addi	x0,x0,0	  x0:0x00000000
     178715.000 ns	     17870	8000416c	40e2d033	sra	x0,x5,x14	  x5:0x00000001 x14:0x00000000
     179075.000 ns	     17906	80004170	03b14233	div	x4,x2,x27	  x2:0x0000035b x27:0xffffffff  x4=0xfffffca5
     179105.000 ns	     17909	80004174	039eaf33	mulhsu	x30,x29,x25	 x29:0x00000001 x25:0x00000000 x30=0x00000000
     179125.000 ns	     17911	80004178	01eafb33	and	x22,x21,x30	 x21:0xae83b000 x30:0x00000000 x22=0x00000000
     179135.000 ns	     17912	8000417c	00ba46b3	xor	x13,x20,x11	 x20:0x00000000 x11:0x00000010 x13=0x00000010
     179155.000 ns	     17914	80004180	21128453	fsgnj.s	f8,f5,f17	  f5:0x00000138 f17:0x470e35e6  f8=0x00000138
     179185.000 ns	     17917	80004184	a12d2853	feq.s	x16,f26,f18	 f26:0x00000000 f18:0x00000000 x16=0x00000001
     179215.000 ns	     17920	80004188	a1570e53	fle.s	x28,f14,f21	 f14:0x4e9e0017 f21:0xbeeda000 x28=0x00000000
     179235.000 ns	     17922	8000418c	000b8133	add	x2,x23,x0	 x23:0x00000000  x0:0x00000000  x2=0x00000000
     179255.000 ns	     17924	80004190	d0133cd3	fcvt.s.wu	f25,x6	  x6:0xfffed000 f25=0x4f7ffed0
     179305.000 ns	     17929	80004194	082d7953	fsub.s	f18,f26,f2	 f26:0x00000000  f2:0x00000000 f18=0x80000000
     179675.000 ns	     17966	80004198	038163b3	rem	x7,x2,x24	  x2:0x00000000 x24:0x80040fe4  x7=0x00000000
     179705.000 ns	     17969	8000419c	036020b3	mulhsu	x1,x0,x22	  x0:0x00000000 x22:0x00000000  x1=0x00000000
     179735.000 ns	     17972	800041a0	205ca753	fsgnjx.s	f14,f25,f5	 f25:0x4f7ffed0  f5:0x00000138 f14=0x4f7ffed0
     179765.000 ns	     17975	800041a4	a01a8dd3	fle.s	x27,f21,f1	 f21:0xbeeda000  f1:0x00000000 x27=0x00000001
     179785.000 ns	     17977	800041a8	000ebeb3	sltu	x29,x29,x0	 x29:0x00000001  x0:0x00000000 x29=0x00000000
     179805.000 ns	     17979	800041ac	02a86733	rem	x14,x16,x10	 x16:0x00000001 x10:0x00000000 x14=0x00000001
     179835.000 ns	     17982	800041b0	03b9a0b3	mulhsu	x1,x19,x27	 x19:0x00000000 x27:0x00000001  x1=0x00000000
     179855.000 ns	     17984	800041b4	00337f33	and	x30,x6,x3	  x6:0xfffed000  x3:0x00000000 x30=0x00000000
     179875.000 ns	     17986	800041b8	2091ac53	fsgnjx.s	f24,f3,f9	  f3:0x00000000  f9:0x00000000 f24=0x00000000
     179905.000 ns	     17989	800041bc	20361fd3	fsgnjn.s	f31,f12,f3	 f12:0x00000000  f3:0x00000000 f31=0x80000000
     179935.000 ns	     17992	800041c0	f0078f53	fmv.w.x	f30,x15	 x15:0x00000138 f30=0x00000138
     179955.000 ns	     17994	800041c4	01c37533	and	x10,x6,x28	  x6:0xfffed000 x28:0x00000000 x10=0x00000000
     179975.000 ns	     17996	800041c8	21e0a353	fsgnjx.s	f6,f1,f30	  f1:0x00000000 f30:0x00000138  f6=0x00000000
     180005.000 ns	     17999	800041cc	a11b2553	feq.s	x10,f22,f17	 f22:0x00000000 f17:0x470e35e6 x10=0x00000000
     180025.000 ns	     18001	800041d0	32858693	addi	x13,x11,808	 x11:0x00000010 x13=0x00000338
     180035.000 ns	     18002	800041d4	4089dd13	srai	x26,x19,0x8	 x19:0x00000000 x26=0x00000000
     180055.000 ns	     18004	800041d8	c0077bd3	fcvt.w.s	x23,f14	 f14:0x4f7ffed0 x23=0x7fffffff
     180085.000 ns	     18007	800041dc	d001bf53	fcvt.s.w	f30,x3	  x3:0x00000000 f30=0x00000000
     180105.000 ns	     18009	800041e0	401601b3	sub	x3,x12,x1	 x12:0x00000000  x1:0x00000000  x3=0x00000000
     180115.000 ns	     18010	800041e4	01334333	xor	x6,x6,x19	  x6:0xfffed000 x19:0x00000000  x6=0xfffed000
     180125.000 ns	     18011	800041e8	41055033	sra	x0,x10,x16	 x10:0x00000000 x16:0x00000001
     180485.000 ns	     18047	800041ec	0373c033	div	x0,x7,x23	  x7:0x00000000 x23:0x7fffffff
     180515.000 ns	     18050	800041f0	29b21453	fmax.s	f8,f4,f27	  f4:0x00000000 f27:0x4e9e0017  f8=0x4e9e0017
     180545.000 ns	     18053	800041f4	f00b09d3	fmv.w.x	f19,x22	 x22:0x00000000 f19=0x00000000
     180565.000 ns	     18055	800041f8	edfd7693	andi	x13,x26,-289	 x26:0x00000000 x13=0x00000000
     180575.000 ns	     18056	800041fc	3ef76b97	auipc	x23,0x3ef76	 x23=0xbef7a1fc
     180605.000 ns	     18059	80004200	101236d3	fmul.s	f13,f4,f1	  f4:0x00000000  f1:0x00000000 f13=0x00000000
     180655.000 ns	     18064	80004204	09a6f053	fsub.s	f0,f13,f26	 f13:0x3fb5042a f26:0x00000000  f0=0x80000000
     180675.000 ns	     18066	80004208	00000013	addi	x0,x0,0	  x0:0x00000000
     180695.000 ns	     18068	8000420c	e00115d3	fclass.s	x11,f2	  f2:0x00000000 x11=0x00000010
     180725.000 ns	     18071	80004210	a1f596d3	flt.s	x13,f11,f31	 f11:0x4e9e0017 f31:0x80000000 x13=0x00000000
     180745.000 ns	     18073	80004214	009cd3b3	srl	x7,x25,x9	 x25:0x00000000  x9:0x80041024  x7=0x00000000
     180755.000 ns	     18074	80004218	00387833	and	x16,x16,x3	 x16:0x00000001  x3:0x00000000 x16=0x00000000
     180765.000 ns	     18075	8000421c	013b71b3	and	x3,x22,x19	 x22:0x00000000 x19:0x00000000  x3=0x00000000
     180785.000 ns	     18077	80004220	21f52e53	fsgnjx.s	f28,f10,f31	 f10:0x4edf7144 f31:0x80000000 f28=0xcedf7144
     180815.000 ns	     18080	80004224	03ef80b3	mul	x1,x31,x30	 x31:0x00000010 x30:0x00000000  x1=0x00000000
     181185.000 ns	     18117	80004228	037d51b3	divu	x3,x26,x23	 x26:0x00000000 x23:0xbef7a1fc  x3=0x00000000
     181205.000 ns	     18119	8000422c	ebd7b913	sltiu	x18,x15,-323	 x15:0x00000138 x18=0x00000001
     181225.000 ns	     18121	80004230	c016f753	fcvt.wu.s	x14,f13	 f13:0x00000000 x14=0x00000000
     181255.000 ns	     18124	80004234	299a09d3	fmin.s	f19,f20,f25	 f20:0x4e9e0017 f25:0x4f7ffed0 f19=0x4e9e0017
     181285.000 ns	     18127	80004238	d007f9d3	fcvt.s.w	f19,x15	 x15:0x00000138 f19=0x439c0000
     181315.000 ns	     18130	8000423c	a0692bd3	feq.s	x23,f18,f6	 f18:0x80000000  f6:0x00000000 x23=0x00000001
     181685.000 ns	     18167	80004240	0292cbb3	div	x23,x5,x9	  x5:0x00000001  x9:0x80041024 x23=0x00000000
     181705.000 ns	     18169	80004244	01355193	srli	x3,x10,0x13	 x10:0x00000000  x3=0x00000000
     181715.000 ns	     18170	80004248	01e078b3	and	x17,x0,x30	  x0:0x00000000 x30:0x00000000 x17=0x00000000
     181735.000 ns	     18172	8000424c	03027133	remu	x2,x4,x16	  x4:0xfffffca5 x16:0x00000000  x2=0xfffffca5
     181755.000 ns	     18174	80004250	01868033	add	x0,x13,x24	 x13:0x00000000 x24:0x80040fe4
     181765.000 ns	     18175	80004254	00edd513	srli	x10,x27,0xe	 x27:0x00000001 x10=0x00000000
     181775.000 ns	     18176	80004258	0076ad33	slt	x26,x13,x7	 x13:0x00000000  x7:0x00000000 x26=0x00000000
     181785.000 ns	     18177	8000425c	15570837	lui	x16,0x15570	 x16=0x15570000
     181795.000 ns	     18178	80004260	00000013	addi	x0,x0,0	  x0:0x00000000
     181815.000 ns	     18180	80004264	c019f053	fcvt.wu.s	x0,f19	 f19:0x439c0000
     181845.000 ns	     18183	80004268	f0010553	fmv.w.x	f10,x2	  x2:0xfffffca5 f10=0xfffffca5
     181875.000 ns	     18186	8000426c	c00298d3	fcvt.w.s	x17,f5	  f5:0x00000138 x17=0x00000000
     181905.000 ns	     18189	80004270	28d183d3	fmin.s	f7,f3,f13	  f3:0x00000000 f13:0x00000000  f7=0x00000000
     181925.000 ns	     18191	80004274	41060333	sub	x6,x12,x16	 x12:0x00000000 x16:0x15570000  x6=0xeaa90000
     181955.000 ns	     18194	80004278	1198ca53	fmul.s	f20,f17,f25	 f17:0x470e35e6 f25:0x4f7ffed0 f20=0x570e353d
     181975.000 ns	     18196	8000427c	61c63113	sltiu	x2,x12,1564	 x12:0x00000000  x2=0x00000001
     181995.000 ns	     18198	80004280	29c180d3	fmin.s	f1,f3,f28	  f3:0x00000000 f28:0xcedf7144  f1=0xcedf7144
     182025.000 ns	     18201	80004284	0215ea33	rem	x20,x11,x1	 x11:0x00000010  x1:0x00000000 x20=0x00000010
     182055.000 ns	     18204	80004288	03b932b3	mulhu	x5,x18,x27	 x18:0x00000001 x27:0x00000001  x5=0x00000000
     182075.000 ns	     18206	8000428c	01a33db3	sltu	x27,x6,x26	  x6:0xeaa90000 x26:0x00000000 x27=0x00000000
     182095.000 ns	     18208	80004290	038231b3	mulhu	x3,x4,x24	  x4:0xfffffca5 x24:0x80040fe4  x3=0x80040e36
     182135.000 ns	     18212	80004294	58067153	fsqrt.s	f2,f12	 f12:0x00000000  f2=0x00000000
     182155.000 ns	     18214	80004298	ea2cf793	andi	x15,x25,-350	 x25:0x00000000 x15=0x00000000
     182165.000 ns	     18215	8000429c	00afbf33	sltu	x30,x31,x10	 x31:0x00000010 x10:0x00000000 x30=0x00000000
     182175.000 ns	     18216	800042a0	2c58bab7	lui	x21,0x2c58b	 x21=0x2c58b000
     182195.000 ns	     18218	800042a4	a10698d3	flt.s	x17,f13,f16	 f13:0x00000000 f16:0x4e9e0017 x17=0x00000001
     182245.000 ns	     18223	800042a8	003fb553	fadd.s	f10,f31,f3	 f31:0x80000000  f3:0x00000000 f10=0x00000000
     182615.000 ns	     18260	800042ac	02476fb3	rem	x31,x14,x4	 x14:0x00000000  x4:0xfffffca5 x31=0x00000000
     182645.000 ns	     18263	800042b0	03e9a133	mulhsu	x2,x19,x30	 x19:0x00000000 x30:0x00000000  x2=0x00000000
     182675.000 ns	     18266	800042b4	c0064253	fcvt.w.s	x4,f12	 f12:0x00000000  x4=0x00000000
     182705.000 ns	     18269	800042b8	21cca1d3	fsgnjx.s	f3,f25,f28	 f25:0x4f7ffed0 f28:0xcedf7144  f3=0xcf7ffed0
     182745.000 ns	     18273	800042bc	11be8853	fmul.s	f16,f29,f27	 f29:0x4e9e0017 f27:0x4e9e0017 f16=0x5dc30838
     182765.000 ns	     18275	800042c0	7a6c0e13	addi	x28,x24,1958	 x24:0x80040fe4 x28=0x8004178a
     182805.000 ns	     18279	800042c4	08e0cbd3	fsub.s	f23,f1,f14	  f1:0xcedf7144 f14:0x4f7ffed0 f23=0xcfb7dbb9
     183175.000 ns	     18316	800042c8	03245833	divu	x16,x8,x18	  x8:0x26552138 x18:0x00000001 x16=0x26552138
     183205.000 ns	     18319	800042cc	026a0a33	mul	x20,x20,x6	 x20:0x00000010  x6:0xeaa90000 x20=0xaa900000
     183235.000 ns	     18322	800042d0	022e4033	div	x0,x28,x2	 x28:0x8004178a  x2:0x00000000
     183265.000 ns	     18325	800042d4	a0290a53	fle.s	x20,f18,f2	 f18:0x80000000  f2:0x00000000 x20=0x00000001
     183295.000 ns	     18328	800042d8	280816d3	fmax.s	f13,f16,f0	 f16:0x5dc30838  f0:0x80000000 f13=0x5dc30838
     183665.000 ns	     18365	800042dc	023de833	rem	x16,x27,x3	 x27:0x00000000  x3:0x80040e36 x16=0x00000000
     183695.000 ns	     18368	800042e0	02289733	mulh	x14,x17,x2	 x17:0x00000001  x2:0x00000000 x14=0x00000000
     183725.000 ns	     18371	800042e4	a0e71553	flt.s	x10,f14,f14	 f14:0x4f7ffed0 f14:0x4f7ffed0 x10=0x00000000
     184095.000 ns	     18408	800042e8	03856633	rem	x12,x10,x24	 x10:0x00000000 x24:0x80040fe4 x12=0x00000000
     184115.000 ns	     18410	800042ec	01c3fab3	and	x21,x7,x28	  x7:0x00000000 x28:0x8004178a x21=0x00000000
     184135.000 ns	     18412	800042f0	0259f333	remu	x6,x19,x5	 x19:0x00000000  x5:0x00000000  x6=0x00000000
     184165.000 ns	     18415	800042f4	28208053	fmin.s	f0,f1,f2	  f1:0xcedf7144  f2:0x00000000  f0=0xcedf7144
     184535.000 ns	     18452	800042f8	0237ce33	div	x28,x15,x3	 x15:0x00000000  x3:0x80040e36 x28=0x00000000
     184575.000 ns	     18456	800042fc	19ac7853	fdiv.s	f16,f24,f26	 f24:0x00000000 f26:0x00000000 f16=0x7fc00000
     184595.000 ns	     18458	80004300	237b3693	sltiu	x13,x22,567	 x22:0x00000000 x13=0x00000001
     184605.000 ns	     18459	80004304	0013d693	srli	x13,x7,0x1	  x7:0x00000000 x13=0x00000000
     184625.000 ns	     18461	80004308	a118add3	feq.s	x27,f17,f17	 f17:0x470e35e6 f17:0x470e35e6 x27=0x00000001
     184665.000 ns	     18465	8000430c	580c2d53	fsqrt.s	f26,f24	 f24:0x00000000 f26=0x00000000
     185005.000 ns	     18499	80004310	1886f3d3	fdiv.s	f7,f13,f8	 f13:0x5dc30838  f8:0x4e9e0017  f7=0x4e430838
     185035.000 ns	     18502	80004314	f00d02d3	fmv.w.x	f5,x26	 x26:0x00000000  f5=0x00000000
     185085.000 ns	     18507	80004318	00c48253	fadd.s	f4,f9,f12	  f9:0x00000000 f12:0x00000000  f4=0x00000000
     185105.000 ns	     18509	8000431c	405306b3	sub	x13,x6,x5	  x6:0x00000000  x5:0x00000000 x13=0x00000000
     185115.000 ns	     18510	80004320	5f047713	andi	x14,x8,1520	  x8:0x26552138 x14=0x00000130
     185135.000 ns	     18512	80004324	a1441053	flt.s	x0,f8,f20	  f8:0x4e9e0017 f20:0x570e353d
     185155.000 ns	     18514	80004328	41940233	sub	x4,x8,x25	  x8:0x26552138 x25:0x00000000  x4=0x26552138
     185165.000 ns	     18515	8000432c	008b1e13	slli	x28,x22,0x8	 x22:0x00000000 x28=0x00000000
     185175.000 ns	     18516	80004330	419d8033	sub	x0,x27,x25	 x27:0x00000001 x25:0x00000000
     185215.000 ns	     18520	80004334	0137cfd3	fadd.s	f31,f15,f19	 f15:0x00000000 f19:0x439c0000 f31=0x439c0000
     185245.000 ns	     18523	80004338	29850cd3	fmin.s	f25,f10,f24	 f10:0x00000000 f24:0x00000000 f25=0x00000000
     185275.000 ns	     18526	8000433c	03412433	mulhsu	x8,x2,x20	  x2:0x00000000 x20:0x00000001  x8=0x00000000
     185295.000 ns	     18528	80004340	41dc5e13	srai	x28,x24,0x1d	 x24:0x80040fe4 x28=0xfffffffc
     185315.000 ns	     18530	80004344	c0179dd3	fcvt.wu.s	x27,f15	 f15:0x00000000 x27=0x00000000
     185365.000 ns	     18535	80004348	004b7853	fadd.s	f16,f22,f4	 f22:0x00000000  f4:0x00000000 f16=0x00000000
     185385.000 ns	     18537	8000434c	8a55c797	auipc	x15,0x8a55c	 x15=0x0a56034c
     185405.000 ns	     18539	80004350	a1678853	fle.s	x16,f15,f22	 f15:0x00000000 f22:0x00000000 x16=0x00000001
     185425.000 ns	     18541	80004354	0017d293	srli	x5,x15,0x1	 x15:0x00000000  x5=0x052b01a6
     185755.000 ns	     18574	80004358	18d997d3	fdiv.s	f15,f19,f13	 f19:0x439c0000 f13:0x5dc30838 f15=0x251c0000
     185775.000 ns	     18576	8000435c	412987b3	sub	x15,x19,x18	 x19:0x00000000 x18:0x00000001 x15=0xffffffff
     185785.000 ns	     18577	80004360	2fa5bb93	sltiu	x23,x11,762	 x11:0x00000010 x23=0x00000001
     186145.000 ns	     18613	80004364	03787a33	remu	x20,x16,x23	 x16:0x00000001 x23:0x00000000 x20=0x00000000
     186165.000 ns	     18615	80004368	faef6993	ori	x19,x30,-82	 x30:0x00000000 x19=0xffffffae
     186175.000 ns	     18616	8000436c	c97ff013	andi	x0,x31,-873	 x31:0x00000000
     186535.000 ns	     18652	80004370	02e15e33	divu	x28,x2,x14	  x2:0x00000000 x14:0x00000130 x28=0x00000000
     186565.000 ns	     18655	80004374	d004a6d3	fcvt.s.w	f13,x9	  x9:0x80041024 f13=0xcefff7e0
     186585.000 ns	     18657	80004378	bb2ea213	slti	x4,x29,-1102	 x29:0x00000000  x4=0x00000000
     186595.000 ns	     18658	8000437c	00096a33	or	x20,x18,x0	 x18:0x00000001  x0:0x00000000 x20=0x00000001
     186925.000 ns	     18691	80004380	187efd53	fdiv.s	f26,f29,f7	 f29:0x4e9e0017  f7:0x4e430838 f26=0x3f9e0018
     186955.000 ns	     18694	80004384	29070553	fmin.s	f10,f14,f16	 f14:0x4f7ffed0 f16:0x00000000 f10=0x00000000
     186985.000 ns	     18697	80004388	02879633	mulh	x12,x15,x8	 x15:0xffffffff  x8:0x00000000 x12=0x00000000
     187005.000 ns	     18699	8000438c	40ffdd33	sra	x26,x31,x15	 x31:0x00000000 x15:0xffffffff x26=0x00000000
     187025.000 ns	     18701	80004390	213729d3	fsgnjx.s	f19,f14,f19	 f14:0x4f7ffed0 f19:0x439c0000 f19=0x4f7ffed0
     187045.000 ns	     18703	80004394	2d590693	addi	x13,x18,725	 x18:0x00000001 x13=0x000002d6
     187055.000 ns	     18704	80004398	01118733	add	x14,x3,x17	  x3:0x80040e36 x17:0x00000001 x14=0x80040e37
     187075.000 ns	     18706	8000439c	e00b1ed3	fclass.s	x29,f22	 f22:0x00000000 x29=0x00000010
     187095.000 ns	     18708	800043a0	00f5eab3	or	x21,x11,x15	 x11:0x00000010 x15:0xffffffff x21=0xffffffff
     187105.000 ns	     18709	800043a4	7dfd4913	xori	x18,x26,2015	 x26:0x00000000 x18=0x000007df
     187115.000 ns	     18710	800043a8	26db8993	addi	x19,x23,621	 x23:0x00000001 x19=0x0000026e
     187135.000 ns	     18712	800043ac	039f1433	mulh	x8,x30,x25	 x30:0x00000000 x25:0x00000000  x8=0x00000000
     187155.000 ns	     18714	800043b0	00a60333	add	x6,x12,x10	 x12:0x00000000 x10:0x00000000  x6=0x00000000
     187175.000 ns	     18716	800043b4	a0b026d3	feq.s	x13,f0,f11	  f0:0xcedf7144 f11:0x4e9e0017 x13=0x00000000
     187195.000 ns	     18718	800043b8	001e5093	srli	x1,x28,0x1	 x28:0x00000000  x1=0x00000000
     187215.000 ns	     18720	800043bc	f0070ed3	fmv.w.x	f29,x14	 x14:0x80040e37 f29=0x80040e37
     187235.000 ns	     18722	800043c0	fbc38293	addi	x5,x7,-68	  x7:0x00000000  x5=0xffffffbc
     187255.000 ns	     18724	800043c4	e00f8ad3	fmv.x.w	x21,f31	 f31:0x439c0000 x21=0x439c0000
     187275.000 ns	     18726	800043c8	019b4b33	xor	x22,x22,x25	 x22:0x00000000 x25:0x00000000 x22=0x00000000
     187295.000 ns	     18728	800043cc	03956bb3	rem	x23,x10,x25	 x10:0x00000000 x25:0x00000000 x23=0x00000000
     187315.000 ns	     18730	800043d0	00120b33	add	x22,x4,x1	  x4:0x00000000  x1:0x00000000 x22=0x00000000
     187345.000 ns	     18733	800043d4	10309253	fmul.s	f4,f1,f3	  f1:0xcedf7144  f3:0xcf7ffed0  f4=0x5edf703a
     187375.000 ns	     18736	800043d8	c004c8d3	fcvt.w.s	x17,f9	  f9:0x00000000 x17=0x00000000
     187405.000 ns	     18739	800043dc	21048f53	fsgnj.s	f30,f9,f16	  f9:0x00000000 f16:0x00000000 f30=0x00000000
     187425.000 ns	     18741	800043e0	00652b33	slt	x22,x10,x6	 x10:0x00000000  x6:0x00000000 x22=0x00000000
     187435.000 ns	     18742	800043e4	01fbf633	and	x12,x23,x31	 x23:0x00000000 x31:0x00000000 x12=0x00000000
     187455.000 ns	     18744	800043e8	0207ce33	div	x28,x15,x0	 x15:0xffffffff  x0:0x00000000 x28=0xffffffff
     187485.000 ns	     18747	800043ec	028773b3	remu	x7,x14,x8	 x14:0x80040e37  x8:0x00000000  x7=0x80040e37
     187515.000 ns	     18750	800043f0	d00ccdd3	fcvt.s.w	f27,x25	 x25:0x00000000 f27=0x00000000
     187545.000 ns	     18753	800043f4	0204c333	div	x6,x9,x0	  x9:0x80041024  x0:0x00000000  x6=0xffffffff
     187565.000 ns	     18755	800043f8	01061613	slli	x12,x12,0x10	 x12:0x00000000 x12=0x00000000
     187575.000 ns	     18756	800043fc	00d4d6b3	srl	x13,x9,x13	  x9:0x80041024 x13:0x00000000 x13=0x80041024
     187595.000 ns	     18758	80004400	e0061ad3	fclass.s	x21,f12	 f12:0x00000000 x21=0x00000010
     187625.000 ns	     18761	80004404	f0038cd3	fmv.w.x	f25,x7	  x7:0x80040e37 f25=0x80040e37
     187645.000 ns	     18763	80004408	01a238b3	sltu	x17,x4,x26	  x4:0x00000000 x26:0x00000000 x17=0x00000000
     187665.000 ns	     18765	8000440c	20bc8653	fsgnj.s	f12,f25,f11	 f25:0x80040e37 f11:0x4e9e0017 f12=0x00040e37
     187695.000 ns	     18768	80004410	202524d3	fsgnjx.s	f9,f10,f2	 f10:0x00000000  f2:0x00000000  f9=0x00000000
     187715.000 ns	     18770	80004414	e6e8c113	xori	x2,x17,-402	 x17:0x00000000  x2=0xfffffe6e
     187735.000 ns	     18772	80004418	202c1753	fsgnjn.s	f14,f24,f2	 f24:0x00000000  f2:0x00000000 f14=0x80000000
     187765.000 ns	     18775	8000441c	290c9e53	fmax.s	f28,f25,f16	 f25:0x80040e37 f16:0x00000000 f28=0x00000000
     187785.000 ns	     18777	80004420	14f46b93	ori	x23,x8,335	  x8:0x00000000 x23=0x0000014f
     187815.000 ns	     18780	80004424	58037153	fsqrt.s	f2,f6	  f6:0x00000000  f2=0x00000000
     187835.000 ns	     18782	80004428	8ff10eb7	lui	x29,0x8ff10	 x29=0x8ff10000
     187855.000 ns	     18784	8000442c	e00e8bd3	fmv.x.w	x23,f29	 f29:0x80040e37 x23=0x80040e37
     187885.000 ns	     18787	80004430	c00979d3	fcvt.w.s	x19,f18	 f18:0x80000000 x19=0x00000000
     187915.000 ns	     18790	80004434	d01df653	fcvt.s.wu	f12,x27	 x27:0x00000000 f12=0x00000000
     187935.000 ns	     18792	80004438	4ec1b793	sltiu	x15,x3,1260	  x3:0x80040e36 x15=0x00000000
     187955.000 ns	     18794	8000443c	20dd0e53	fsgnj.s	f28,f26,f13	 f26:0x3f9e0018 f13:0xcefff7e0 f28=0xbf9e0018
     187985.000 ns	     18797	80004440	e00d1fd3	fclass.s	x31,f26	 f26:0x3f9e0018 x31=0x00000040
     188005.000 ns	     18799	80004444	0112f9b3	and	x19,x5,x17	  x5:0xffffffbc x17:0x00000000 x19=0x00000000
     188025.000 ns	     18801	80004448	210f1f53	fsgnjn.s	f30,f30,f16	 f30:0x00000000 f16:0x00000000 f30=0x80000000
     188045.000 ns	     18803	8000444c	41f45733	sra	x14,x8,x31	  x8:0x00000000 x31:0x00000040 x14=0x00000000
     188065.000 ns	     18805	80004450	024ff8b3	remu	x17,x31,x4	 x31:0x00000040  x4:0x00000000 x17=0x00000040
     188095.000 ns	     18808	80004454	c005bf53	fcvt.w.s	x30,f11	 f11:0x4e9e0017 x30=0x4f000b80
     188115.000 ns	     18810	80004458	d320a317	auipc	x6,0xd320a	  x6=0x5320e458
     188125.000 ns	     18811	8000445c	00491613	slli	x12,x18,0x4	 x18:0x000007df x12=0x00007df0
     188485.000 ns	     18847	80004460	03067a33	remu	x20,x12,x16	 x12:0x00000000 x16:0x00000001 x20=0x00000000
     188515.000 ns	     18850	80004464	e00f8853	fmv.x.w	x16,f31	 f31:0x439c0000 x16=0x439c0000
     188535.000 ns	     18852	80004468	8a4e3b13	sltiu	x22,x28,-1884	 x28:0xffffffff x22=0x00000000
     188545.000 ns	     18853	8000446c	010617b3	sll	x15,x12,x16	 x12:0x00007df0 x16:0x439c0000 x15=0x00007df0
     188565.000 ns	     18855	80004470	e00589d3	fmv.x.w	x19,f11	 f11:0x4e9e0017 x19=0x4e9e0017
     188585.000 ns	     18857	80004474	1fc7cb13	xori	x22,x15,508	 x15:0x00000000 x22=0x00007c0c
     188605.000 ns	     18859	80004478	a1ef0b53	fle.s	x22,f30,f30	 f30:0x80000000 f30:0x80000000 x22=0x00000001
     188635.000 ns	     18862	8000447c	294f8a53	fmin.s	f20,f31,f20	 f31:0x439c0000 f20:0x570e353d f20=0x439c0000
     188655.000 ns	     18864	80004480	00871f93	slli	x31,x14,0x8	 x14:0x00000000 x31=0x00000000
     188665.000 ns	     18865	80004484	01c695b3	sll	x11,x13,x28	 x13:0x80041024 x28:0xffffffff x11=0x00000000
     188675.000 ns	     18866	80004488	0189d8b3	srl	x17,x19,x24	 x19:0x4e9e0017 x24:0x80040fe4 x17=0x04e9e001
     188705.000 ns	     18869	8000448c	580693d3	fsqrt.s	f7,f13	 f13:0xcefff7e0  f7=0x7fc00000
     188725.000 ns	     18871	80004490	01f48eb3	add	x29,x9,x31	  x9:0x80041024 x31:0x00000000 x29=0x80041024
     188755.000 ns	     18874	80004494	18cac6d3	fdiv.s	f13,f21,f12	 f21:0xbeeda000 f12:0x00000000 f13=0xff800000
     189125.000 ns	     18911	80004498	0311fb33	remu	x22,x3,x17	  x3:0x80040e36 x17:0x04e9e001 x22=0x00434e1c
     189155.000 ns	     18914	8000449c	02149a33	mulh	x20,x9,x1	  x9:0x80041024  x1:0x00000000 x20=0x00000000
     189175.000 ns	     18916	800044a0	01a55f13	srli	x30,x10,0x1a	 x10:0x00000000 x30=0x00000000
     189195.000 ns	     18918	800044a4	a0ec8d53	fle.s	x26,f25,f14	 f25:0x80040e37 f14:0x80000000 x26=0x00000001
     189215.000 ns	     18920	800044a8	64d86e13	ori	x28,x16,1613	 x16:0x439c0000 x28=0x439c064d
     189225.000 ns	     18921	800044ac	01c6d3b3	srl	x7,x13,x28	 x13:0x80041024 x28:0xffffffff  x7=0x00040020
     189235.000 ns	     18922	800044b0	01409193	slli	x3,x1,0x14	  x1:0x00000000  x3=0x00000000
     189245.000 ns	     18923	800044b4	00f44fb3	xor	x31,x8,x15	  x8:0x00000000 x15:0x00007df0 x31=0x00007df0
     189265.000 ns	     18925	800044b8	03229933	mulh	x18,x5,x18	  x5:0xffffffbc x18:0x000007df x18=0xffffffff
     189295.000 ns	     18928	800044bc	03c88ab3	mul	x21,x17,x28	 x17:0x04e9e001 x28:0x439c064d x21=0xb934664d
     189335.000 ns	     18932	800044c0	112bfd53	fmul.s	f26,f23,f18	 f23:0xcfb7dbb9 f18:0x80000000 f26=0x00000000
     189365.000 ns	     18935	800044c4	02115633	divu	x12,x2,x1	  x2:0xfffffe6e  x1:0x00000000 x12=0xffffffff
     189385.000 ns	     18937	800044c8	bf0a0b13	addi	x22,x20,-1040	 x20:0x00000000 x22=0xfffffbf0
     189395.000 ns	     18938	800044cc	625f6e93	ori	x29,x30,1573	 x30:0x00000000 x29=0x00000625
     189405.000 ns	     18939	800044d0	415d5d33	sra	x26,x26,x21	 x26:0x00000001 x21:0xb934664d x26=0x00000000
     189425.000 ns	     18941	800044d4	a1bc8ed3	fle.s	x29,f25,f27	 f25:0x80040e37 f27:0x00000000 x29=0x00000001
     189795.000 ns	     18978	800044d8	0222c933	div	x18,x5,x2	  x5:0xffffffbc  x2:0xfffffe6e x18=0x00000000
     189825.000 ns	     18981	800044dc	03e3fa33	remu	x20,x7,x30	  x7:0x00040020 x30:0x00000000 x20=0x00040020
     190195.000 ns	     19018	800044e0	030ae2b3	rem	x5,x21,x16	 x21:0xb934664d x16:0x439c0000  x5=0xfcd0664d
     190215.000 ns	     19020	800044e4	40bd52b3	sra	x5,x26,x11	 x26:0x00000000 x11:0x00000000  x5=0x00000000
     190225.000 ns	     19021	800044e8	003bfa33	and	x20,x23,x3	 x23:0x80040e37  x3:0x00000000 x20=0x00000000
     190245.000 ns	     19023	800044ec	02ef9e33	mulh	x28,x31,x14	 x31:0x00007df0 x14:0x00000000 x28=0x00000000
     190265.000 ns	     19025	800044f0	d406ca13	xori	x20,x13,-704	 x13:0x80041024 x20=0x7ffbed64
     190275.000 ns	     19026	800044f4	00b6e833	or	x16,x13,x11	 x13:0x80041024 x11:0x00000000 x16=0x80041024
     190285.000 ns	     19027	800044f8	d1a73b93	sltiu	x23,x14,-742	 x14:0x00000000 x23=0x00000001
     190295.000 ns	     19028	800044fc	00abeb33	or	x22,x23,x10	 x23:0x80040e37 x10:0x00000000 x22=0x00000001
     190315.000 ns	     19030	80004500	f0098d53	fmv.w.x	f26,x19	 x19:0x4e9e0017 f26=0x4e9e0017
     190345.000 ns	     19033	80004504	e00c9753	fclass.s	x14,f25	 f25:0x80040e37 x14=0x00000004
     190365.000 ns	     19035	80004508	82956d13	ori	x26,x10,-2007	 x10:0x00000000 x26=0xfffff829
     190375.000 ns	     19036	8000450c	00f42fb3	slt	x31,x8,x15	  x8:0x00000000 x15:0x00007df0 x31=0x00000001
     190395.000 ns	     19038	80004510	207a1f53	fsgnjn.s	f30,f20,f7	 f20:0x439c0000  f7:0x7fc00000 f30=0xc39c0000
     190425.000 ns	     19041	80004514	a17f2bd3	feq.s	x23,f30,f23	 f30:0x80000000 f23:0xcfb7dbb9 x23=0x00000000
     190445.000 ns	     19043	80004518	41f5d333	sra	x6,x11,x31	 x11:0x00000000 x31:0x00000001  x6=0x00000000
     190455.000 ns	     19044	8000451c	40095113	srai	x2,x18,0x0	 x18:0x00000000  x2=0x00000000
     190465.000 ns	     19045	80004520	01269fb3	sll	x31,x13,x18	 x13:0x80041024 x18:0x00000000 x31=0x80041024
     190485.000 ns	     19047	80004524	02f8bfb3	mulhu	x31,x17,x15	 x17:0x04e9e001 x15:0x00007df0 x31=0x0000026a
     190515.000 ns	     19050	80004528	292e8ad3	fmin.s	f21,f29,f18	 f29:0x80040e37 f18:0x80000000 f21=0x80040e37
     190545.000 ns	     19053	8000452c	e0060753	fmv.x.w	x14,f12	 f12:0x00000000 x14=0x00000000
     190565.000 ns	     19055	80004530	0149e0b3	or	x1,x19,x20	 x19:0x4e9e0017 x20:0x7ffbed64  x1=0x7fffed77
     190575.000 ns	     19056	80004534	01ff5193	srli	x3,x30,0x1f	 x30:0x00000000  x3=0x00000000
     190585.000 ns	     19057	80004538	41b1d693	srai	x13,x3,0x1b	  x3:0x00000000 x13=0x00000000
     190595.000 ns	     19058	8000453c	79897db7	lui	x27,0x79897	 x27=0x79897000
     190605.000 ns	     19059	80004540	40f80333	sub	x6,x16,x15	 x16:0x80041024 x15:0x00007df0  x6=0x80039234
     190625.000 ns	     19061	80004544	f0030953	fmv.w.x	f18,x6	  x6:0x00000000 f18=0x80039234
     190645.000 ns	     19063	80004548	55b72993	slti	x19,x14,1371	 x14:0x00000000 x19=0x00000001
     190665.000 ns	     19065	8000454c	c00db9d3	fcvt.w.s	x19,f27	 f27:0x00000000 x19=0x00000000
     190695.000 ns	     19068	80004550	294b1a53	fmax.s	f20,f22,f20	 f22:0x00000000 f20:0x439c0000 f20=0x439c0000
     190715.000 ns	     19070	80004554	50858b13	addi	x22,x11,1288	 x11:0x00000000 x22=0x00000508
     190735.000 ns	     19072	80004558	e0068553	fmv.x.w	x10,f13	 f13:0xff800000 x10=0xff800000
     190765.000 ns	     19075	8000455c	a0e62853	feq.s	x16,f12,f14	 f12:0x00000000 f14:0x80000000 x16=0x00000001
     190795.000 ns	     19078	80004560	0226b833	mulhu	x16,x13,x2	 x13:0x00000000  x2:0x00000000 x16=0x00000000
     190825.000 ns	     19081	80004564	d0147053	fcvt.s.wu	f0,x8	  x8:0x00000000  f0=0x00000000
     190845.000 ns	     19083	80004568	f1d38b13	addi	x22,x7,-227	  x7:0x00040020 x22=0x0003ff3d
     190865.000 ns	     19085	8000456c	021583b3	mul	x7,x11,x1	 x11:0x00000000  x1:0x7fffed77  x7=0x00000000
     190885.000 ns	     19087	80004570	00064633	xor	x12,x12,x0	 x12:0xffffffff  x0:0x00000000 x12=0xffffffff
     190895.000 ns	     19088	80004574	002748b3	xor	x17,x14,x2	 x14:0x00000000  x2:0x00000000 x17=0x00000000
     190915.000 ns	     19090	80004578	a1dda7d3	feq.s	x15,f27,f29	 f27:0x00000000 f29:0x80040e37 x15=0x00000000
     190935.000 ns	     19092	8000457c	1afaf013	andi	x0,x21,431	 x21:0xb934664d
     190955.000 ns	     19094	80004580	02411f33	mulh	x30,x2,x4	  x2:0x00000000  x4:0x00000000 x30=0x00000000
     190975.000 ns	     19096	80004584	01f1b833	sltu	x16,x3,x31	  x3:0x00000000 x31:0x0000026a x16=0x00000001
     190985.000 ns	     19097	80004588	07653513	sltiu	x10,x10,118	 x10:0xff800000 x10=0x00000000
     191005.000 ns	     19099	8000458c	f0070953	fmv.w.x	f18,x14	 x14:0x00000000 f18=0x00000000
     191025.000 ns	     19101	80004590	401b5233	sra	x4,x22,x1	 x22:0x0003ff3d  x1:0x7fffed77  x4=0x00000000
     191045.000 ns	     19103	80004594	c00ff053	fcvt.w.s	x0,f31	 f31:0x439c0000
     191085.000 ns	     19107	80004598	11c970d3	fmul.s	f1,f18,f28	 f18:0x00000000 f28:0xbf9e0018  f1=0x80000000
     191115.000 ns	     19110	8000459c	c0117fd3	fcvt.wu.s	x31,f2	  f2:0x00000000 x31=0x00000000
     191135.000 ns	     19112	800045a0	41315e33	sra	x28,x2,x19	  x2:0x00000000 x19:0x00000000 x28=0x00000000
     191165.000 ns	     19115	800045a4	58069b53	fsqrt.s	f22,f13	 f13:0xff800000 f22=0x7fc00000
     191215.000 ns	     19120	800045a8	095076d3	fsub.s	f13,f0,f21	  f0:0x00000000 f21:0x80040e37 f13=0x00040e37
     191235.000 ns	     19122	800045ac	00762933	slt	x18,x12,x7	 x12:0xffffffff  x7:0x00000000 x18=0x00000001
     191245.000 ns	     19123	800045b0	013f3233	sltu	x4,x30,x19	 x30:0x00000000 x19:0x00000000  x4=0x00000000
     191265.000 ns	     19125	800045b4	21849353	fsgnjn.s	f6,f9,f24	  f9:0x00000000 f24:0x00000000  f6=0x80000000
     191295.000 ns	     19128	800045b8	029110b3	mulh	x1,x2,x9	  x2:0x00000000  x9:0x80041024  x1=0x00000000
     191315.000 ns	     19130	800045bc	0e9c0e13	addi	x28,x24,233	 x24:0x80040fe4 x28=0x800410cd
     191325.000 ns	     19131	800045c0	01379313	slli	x6,x15,0x13	 x15:0x00000000  x6=0x00000000
     191345.000 ns	     19133	800045c4	024552b3	divu	x5,x10,x4	 x10:0x00000000  x4:0x00000000  x5=0xffffffff
     191365.000 ns	     19135	800045c8	004ad633	srl	x12,x21,x4	 x21:0xb934664d  x4:0x00000000 x12=0xb934664d
     191385.000 ns	     19137	800045cc	e00416d3	fclass.s	x13,f8	  f8:0x4e9e0017 x13=0x00000040
     191405.000 ns	     19139	800045d0	3c463037	lui	x0,0x3c463	
     191415.000 ns	     19140	800045d4	db25ed13	ori	x26,x11,-590	 x11:0x00000000 x26=0xfffffdb2
     191435.000 ns	     19142	800045d8	2093ab53	fsgnjx.s	f22,f7,f9	  f7:0x7fc00000  f9:0x00000000 f22=0x7fc00000
     191455.000 ns	     19144	800045dc	01e39db3	sll	x27,x7,x30	  x7:0x00000000 x30:0x00000000 x27=0x00000000
     191465.000 ns	     19145	800045e0	d6e43e13	sltiu	x28,x8,-658	  x8:0x00000000 x28=0x00000001
     191485.000 ns	     19147	800045e4	0375b8b3	mulhu	x17,x11,x23	 x11:0x00000000 x23:0x00000000 x17=0x00000000
     191515.000 ns	     19150	800045e8	02d929b3	mulhsu	x19,x18,x13	 x18:0x00000001 x13:0x00000040 x19=0x00000000
     191545.000 ns	     19153	800045ec	2177aad3	fsgnjx.s	f21,f15,f23	 f15:0x251c0000 f23:0xcfb7dbb9 f21=0xa51c0000
     191575.000 ns	     19156	800045f0	21659853	fsgnjn.s	f16,f11,f22	 f11:0x4e9e0017 f22:0x7fc00000 f16=0xce9e0017
     191605.000 ns	     19159	800045f4	c000ff53	fcvt.w.s	x30,f1	  f1:0x80000000 x30=0x00000000
     191635.000 ns	     19162	800045f8	0235d3b3	divu	x7,x11,x3	 x11:0x00000000  x3:0x00000000  x7=0xffffffff
     191665.000 ns	     19165	800045fc	02ee0233	mul	x4,x28,x14	 x28:0x00000001 x14:0x00000000  x4=0x00000000
     191705.000 ns	     19169	80004600	1150c5d3	fmul.s	f11,f1,f21	  f1:0x80000000 f21:0xa51c0000 f11=0x00000000
     191725.000 ns	     19171	80004604	0088b6b3	sltu	x13,x17,x8	 x17:0x00000000  x8:0x00000000 x13=0x00000000
     191745.000 ns	     19173	80004608	03765a33	divu	x20,x12,x23	 x12:0xb934664d x23:0x00000000 x20=0xffffffff
     191775.000 ns	     19176	8000460c	027688b3	mul	x17,x13,x7	 x13:0x00000040  x7:0xffffffff x17=0x00000000
     191805.000 ns	     19179	80004610	2035afd3	fsgnjx.s	f31,f11,f3	 f11:0x00000000  f3:0xcf7ffed0 f31=0x80000000
     191835.000 ns	     19182	80004614	21792553	fsgnjx.s	f10,f18,f23	 f18:0x00000000 f23:0xcfb7dbb9 f10=0x80000000
     191885.000 ns	     19187	80004618	082c8453	fsub.s	f8,f25,f2	 f25:0x80040e37  f2:0x00000000  f8=0x80040e37
     191905.000 ns	     19189	8000461c	00db8bb3	add	x23,x23,x13	 x23:0x00000000 x13:0x00000000 x23=0x00000000
     191925.000 ns	     19191	80004620	d001bad3	fcvt.s.w	f21,x3	  x3:0x00000000 f21=0x00000000
     191945.000 ns	     19193	80004624	017c1433	sll	x8,x24,x23	 x24:0x80040fe4 x23:0x00000000  x8=0x80040fe4
     191955.000 ns	     19194	80004628	16198193	addi	x3,x19,353	 x19:0x00000000  x3=0x00000161
     193125.000 ns	     19311	8000462c	58078253	fsqrt.s	f4,f15	 f15:0x251c0000  f4=0x31dc9d6e
     193465.000 ns	     19345	80004630	19c40d53	fdiv.s	f26,f8,f28	  f8:0x80040e37 f28:0xbf9e0018 f26=0x00000000
     193495.000 ns	     19348	80004634	f0068bd3	fmv.w.x	f23,x13	 x13:0x00000000 f23=0x00000000
     193515.000 ns	     19350	80004638	014dceb3	xor	x29,x27,x20	 x27:0x00000000 x20:0xffffffff x29=0xffffffff
     193535.000 ns	     19352	8000463c	a16c02d3	fle.s	x5,f24,f22	 f24:0x00000000 f22:0x7fc00000  x5=0x00000000
     193565.000 ns	     19355	80004640	d0020f53	fcvt.s.w	f30,x4	  x4:0x00000000 f30=0x00000000
     193585.000 ns	     19357	80004644	00d3b1b3	sltu	x3,x7,x13	  x7:0xffffffff x13:0x00000000  x3=0x00000000
     193605.000 ns	     19359	80004648	02be33b3	mulhu	x7,x28,x11	 x28:0x00000001 x11:0x00000000  x7=0x00000000
     193625.000 ns	     19361	8000464c	80257a93	andi	x21,x10,-2046	 x10:0x00000000 x21=0x00000000
     193635.000 ns	     19362	80004650	dde86993	ori	x19,x16,-546	 x16:0x00000001 x19=0xfffffddf
     193645.000 ns	     19363	80004654	01a1f1b3	and	x3,x3,x26	  x3:0x00000000 x26:0xfffffdb2  x3=0x00000000
     193665.000 ns	     19365	80004658	d00bc3d3	fcvt.s.w	f7,x23	 x23:0x00000000  f7=0x00000000
     193685.000 ns	     19367	8000465c	39093d13	sltiu	x26,x18,912	 x18:0x00000001 x26=0x00000001
     193705.000 ns	     19369	80004660	21af8653	fsgnj.s	f12,f31,f26	 f31:0x80000000 f26:0x00000000 f12=0x00000000
     193735.000 ns	     19372	80004664	f0058453	fmv.w.x	f8,x11	 x11:0x00000000  f8=0x00000000
     193755.000 ns	     19374	80004668	00000013	addi	x0,x0,0	  x0:0x00000000
     193765.000 ns	     19375	8000466c	5b32c813	xori	x16,x5,1459	  x5:0x00000000 x16=0x000005b3
     193795.000 ns	     19378	80004670	186194d3	fdiv.s	f9,f3,f6	  f3:0xcf7ffed0  f6:0x80000000  f9=0x7f800000
     193815.000 ns	     19380	80004674	7599b193	sltiu	x3,x19,1881	 x19:0xfffffddf  x3=0x00000000
     193835.000 ns	     19382	80004678	a13e2ed3	feq.s	x29,f28,f19	 f28:0xbf9e0018 f19:0x4f7ffed0 x29=0x00000000
     193865.000 ns	     19385	8000467c	29e788d3	fmin.s	f17,f15,f30	 f15:0x251c0000 f30:0x00000000 f17=0x00000000
     193885.000 ns	     19387	80004680	e3086313	ori	x6,x16,-464	 x16:0x000005b3  x6=0xffffffb3
     193895.000 ns	     19388	80004684	0176ce33	xor	x28,x13,x23	 x13:0x00000000 x23:0x00000000 x28=0x00000000
     193905.000 ns	     19389	80004688	caf32593	slti	x11,x6,-849	  x6:0x00000000 x11=0x00000000
     193925.000 ns	     19391	8000468c	e0098ad3	fmv.x.w	x21,f19	 f19:0x4f7ffed0 x21=0x4f7ffed0
     193955.000 ns	     19394	80004690	c01d7bd3	fcvt.wu.s	x23,f26	 f26:0x00000000 x23=0x00000000
     193975.000 ns	     19396	80004694	009b67b3	or	x15,x22,x9	 x22:0x0003ff3d  x9:0x80041024 x15=0x8007ff3d
     193985.000 ns	     19397	80004698	41d98233	sub	x4,x19,x29	 x19:0xfffffddf x29:0x00000000  x4=0xfffffddf
     194005.000 ns	     19399	8000469c	034a9933	mulh	x18,x21,x20	 x21:0x4f7ffed0 x20:0xffffffff x18=0xffffffff
     194035.000 ns	     19402	800046a0	d00d7753	fcvt.s.w	f14,x26	 x26:0x00000001 f14=0x3f800000
     194065.000 ns	     19405	800046a4	212e09d3	fsgnj.s	f19,f28,f18	 f28:0xbf9e0018 f18:0x00000000 f19=0x3f9e0018
     194085.000 ns	     19407	800046a8	172dc513	xori	x10,x27,370	 x27:0x00000000 x10=0x00000172
     194105.000 ns	     19409	800046ac	a101a6d3	feq.s	x13,f3,f16	  f3:0xcf7ffed0 f16:0xce9e0017 x13=0x00000000
     194125.000 ns	     19411	800046b0	408b5333	sra	x6,x22,x8	 x22:0x0003ff3d  x8:0x80040fe4  x6=0x00003ff3
     194145.000 ns	     19413	800046b4	a04d10d3	flt.s	x1,f26,f4	 f26:0x00000000  f4:0x31dc9d6e  x1=0x00000001
     194175.000 ns	     19416	800046b8	03c65533	divu	x10,x12,x28	 x12:0xb934664d x28:0x00000000 x10=0xffffffff
     194205.000 ns	     19419	800046bc	d0147a53	fcvt.s.wu	f20,x8	  x8:0x80040fe4 f20=0x4f00040f
     194235.000 ns	     19422	800046c0	e0068253	fmv.x.w	x4,f13	 f13:0x00040e37  x4=0x00040e37
     194605.000 ns	     19459	800046c4	0380c633	div	x12,x1,x24	  x1:0x00000001 x24:0x80040fe4 x12=0x00000000
     194625.000 ns	     19461	800046c8	383cc913	xori	x18,x25,899	 x25:0x00000000 x18=0x00000383
     194645.000 ns	     19463	800046cc	03a339b3	mulhu	x19,x6,x26	  x6:0x00003ff3 x26:0x00000001 x19=0x00000000
     194665.000 ns	     19465	800046d0	00b450b3	srl	x1,x8,x11	  x8:0x80040fe4 x11:0x00000000  x1=0x80040fe4
     194675.000 ns	     19466	800046d4	00fe4d33	xor	x26,x28,x15	 x28:0x00000000 x15:0x8007ff3d x26=0x8007ff3d
     194695.000 ns	     19468	800046d8	03d71233	mulh	x4,x14,x29	 x14:0x00000000 x29:0x00000000  x4=0x00000000
     194725.000 ns	     19471	800046dc	03f5a0b3	mulhsu	x1,x11,x31	 x11:0x00000000 x31:0x00000000  x1=0x00000000
     194745.000 ns	     19473	800046e0	8014bb13	sltiu	x22,x9,-2047	  x9:0x80041024 x22=0x00000001
     194755.000 ns	     19474	800046e4	ccaab293	sltiu	x5,x21,-822	 x21:0x4f7ffed0  x5=0x00000001
     194765.000 ns	     19475	800046e8	00c20b33	add	x22,x4,x12	  x4:0x00000000 x12:0x00000000 x22=0x00000000
     194785.000 ns	     19477	800046ec	03888933	mul	x18,x17,x24	 x17:0x00000000 x24:0x80040fe4 x18=0x00000000
     194805.000 ns	     19479	800046f0	23652d37	lui	x26,0x23652	 x26=0x23652000
     194815.000 ns	     19480	800046f4	40c3d413	srai	x8,x7,0xc	  x7:0x00000000  x8=0x00000000
     194835.000 ns	     19482	800046f8	d0077653	fcvt.s.w	f12,x14	 x14:0x00000000 f12=0x00000000
     194855.000 ns	     19484	800046fc	70524613	xori	x12,x4,1797	  x4:0x00000000 x12=0x00000705
     194865.000 ns	     19485	80004700	00000013	addi	x0,x0,0	  x0:0x00000000
     194885.000 ns	     19487	80004704	02b677b3	remu	x15,x12,x11	 x12:0x00000000 x11:0x00000000 x15=0x00000705
     194905.000 ns	     19489	80004708	f88e7113	andi	x2,x28,-120	 x28:0x00000000  x2=0x00000000
     194915.000 ns	     19490	8000470c	a997b537	lui	x10,0xa997b	 x10=0xa997b000
     194935.000 ns	     19492	80004710	d01b0953	fcvt.s.wu	f18,x22	 x22:0x00000000 f18=0x00000000
     194985.000 ns	     19497	80004714	01947853	fadd.s	f16,f8,f25	  f8:0x00000000 f25:0x80040e37 f16=0x80040e37
     195015.000 ns	     19500	80004718	20bc9dd3	fsgnjn.s	f27,f25,f11	 f25:0x80040e37 f11:0x00000000 f27=0x80040e37
     195035.000 ns	     19502	8000471c	00233e33	sltu	x28,x6,x2	  x6:0x00003ff3  x2:0x00000000 x28=0x00000000
     195045.000 ns	     19503	80004720	015d1e13	slli	x28,x26,0x15	 x26:0x23652000 x28=0x00000000
     195065.000 ns	     19505	80004724	d01cf7d3	fcvt.s.wu	f15,x25	 x25:0x00000000 f15=0x00000000
     195085.000 ns	     19507	80004728	ce823013	sltiu	x0,x4,-792	  x4:0x00000000
     195105.000 ns	     19509	8000472c	a0891fd3	flt.s	x31,f18,f8	 f18:0x00000000  f8:0x00000000 x31=0x00000000
     195125.000 ns	     19511	80004730	2ca77793	andi	x15,x14,714	 x14:0x00000000 x15=0x00000000
     195135.000 ns	     19512	80004734	0029d3b3	srl	x7,x19,x2	 x19:0x00000000  x2:0x00000000  x7=0x00000000
     195145.000 ns	     19513	80004738	005ae0b3	or	x1,x21,x5	 x21:0x4f7ffed0  x5:0x00000001  x1=0x4f7ffed1
     195165.000 ns	     19515	8000473c	28449bd3	fmax.s	f23,f9,f4	  f9:0x7f800000  f4:0x31dc9d6e f23=0x7f800000
     195195.000 ns	     19518	80004740	e00115d3	fclass.s	x11,f2	  f2:0x00000000 x11=0x00000010
     195225.000 ns	     19521	80004744	a1059bd3	flt.s	x23,f11,f16	 f11:0x00000000 f16:0x80040e37 x23=0x00000000
     195265.000 ns	     19525	80004748	193ff0d3	fdiv.s	f1,f31,f19	 f31:0x80000000 f19:0x3f9e0018  f1=0x80000000
     195285.000 ns	     19527	8000474c	018fea33	or	x20,x31,x24	 x31:0x00000000 x24:0x80040fe4 x20=0x80040fe4
     195295.000 ns	     19528	80004750	00c8d733	srl	x14,x17,x12	 x17:0x00000000 x12:0x00000705 x14=0x00000000
     195305.000 ns	     19529	80004754	76844113	xori	x2,x8,1896	  x8:0x00000000  x2=0x00000768
     195345.000 ns	     19533	80004758	0105fb53	fadd.s	f22,f11,f16	 f11:0x00000000 f16:0x80040e37 f22=0x80040e37
     195395.000 ns	     19538	8000475c	08430b53	fsub.s	f22,f6,f4	  f6:0x80000000  f4:0x31dc9d6e f22=0xb1dc9d6e
     195415.000 ns	     19540	80004760	05d16993	ori	x19,x2,93	  x2:0x00000768 x19=0x0000077d
     195425.000 ns	     19541	80004764	01dac133	xor	x2,x21,x29	 x21:0x4f7ffed0 x29:0x00000000  x2=0x4f7ffed0
     195445.000 ns	     19543	80004768	d005ced3	fcvt.s.w	f29,x11	 x11:0x00000010 f29=0x41800000
     195465.000 ns	     19545	8000476c	41a5d113	srai	x2,x11,0x1a	 x11:0x00000010  x2=0x00000000
     195485.000 ns	     19547	80004770	03472733	mulhsu	x14,x14,x20	 x14:0x00000000 x20:0x80040fe4 x14=0x00000000
     195855.000 ns	     19584	80004774	021c7433	remu	x8,x24,x1	 x24:0x80040fe4  x1:0x4f7ffed1  x8=0x30841113
     195875.000 ns	     19586	80004778	00d93033	sltu	x0,x18,x13	 x18:0x00000000 x13:0x00000000
     195885.000 ns	     19587	8000477c	1fe87ab7	lui	x21,0x1fe87	 x21=0x1fe87000
     195895.000 ns	     19588	80004780	e59da193	slti	x3,x27,-423	 x27:0x00000000  x3=0x00000000
     195905.000 ns	     19589	80004784	0002d833	srl	x16,x5,x0	  x5:0x00000001  x0:0x00000000 x16=0x00000001
     195925.000 ns	     19591	80004788	c001fdd3	fcvt.w.s	x27,f3	  f3:0xcf7ffed0 x27=0x80000000
     195945.000 ns	     19593	8000478c	01881e33	sll	x28,x16,x24	 x16:0x000005b3 x24:0x80040fe4 x28=0x00000010
     195965.000 ns	     19595	80004790	28ac8353	fmin.s	f6,f25,f10	 f25:0x80040e37 f10:0x80000000  f6=0x80040e37
     195995.000 ns	     19598	80004794	21368b53	fsgnj.s	f22,f13,f19	 f13:0x00040e37 f19:0x3f9e0018 f22=0x00040e37
     196015.000 ns	     19600	80004798	002e3ab3	sltu	x21,x28,x2	 x28:0x00000010  x2:0x00000000 x21=0x00000000
     196025.000 ns	     19601	8000479c	69ead617	auipc	x12,0x69ead	 x12=0xe9eb179c
     196035.000 ns	     19602	800047a0	00092eb3	slt	x29,x18,x0	 x18:0x00000000  x0:0x00000000 x29=0x00000000
     196045.000 ns	     19603	800047a4	df460f93	addi	x31,x12,-524	 x12:0x00000705 x31=0xe9eb1590
     196065.000 ns	     19605	800047a8	d0187f53	fcvt.s.wu	f30,x16	 x16:0x00000001 f30=0x3f800000
     196095.000 ns	     19608	800047ac	e00c0053	fmv.x.w	x0,f24	 f24:0x00000000
     196145.000 ns	     19613	800047b0	01c374d3	fadd.s	f9,f6,f28	  f6:0x80040e37 f28:0xbf9e0018  f9=0xbf9e0018
     196165.000 ns	     19615	800047b4	0019d633	srl	x12,x19,x1	 x19:0x0000077d  x1:0x4f7ffed1 x12=0x00000000
     196205.000 ns	     19619	800047b8	09acfa53	fsub.s	f20,f25,f26	 f25:0x80040e37 f26:0x00000000 f20=0x80040e37
     196235.000 ns	     19622	800047bc	030c39b3	mulhu	x19,x24,x16	 x24:0x80040fe4 x16:0x00000001 x19=0x00000000
     196265.000 ns	     19625	800047c0	e00c9953	fclass.s	x18,f25	 f25:0x80040e37 x18=0x00000004
     196295.000 ns	     19628	800047c4	29780253	fmin.s	f4,f16,f23	 f16:0x80040e37 f23:0x7f800000  f4=0x80040e37
     196315.000 ns	     19630	800047c8	8dfe7a93	andi	x21,x28,-1825	 x28:0x00000010 x21=0x00000010
     196335.000 ns	     19632	800047cc	20a39153	fsgnjn.s	f2,f7,f10	  f7:0x00000000 f10:0x80000000  f2=0x00000000
     196365.000 ns	     19635	800047d0	02074133	div	x2,x14,x0	 x14:0x00000000  x0:0x00000000  x2=0xffffffff
     196395.000 ns	     19638	800047d4	216d95d3	fsgnjn.s	f11,f27,f22	 f27:0x80040e37 f22:0x00040e37 f11=0x80040e37
     196425.000 ns	     19641	800047d8	0348a1b3	mulhsu	x3,x17,x20	 x17:0x00000000 x20:0x80040fe4  x3=0x00000000
     196445.000 ns	     19643	800047dc	011d53b3	srl	x7,x26,x17	 x26:0x23652000 x17:0x00000000  x7=0x23652000
     196465.000 ns	     19645	800047e0	c00aca53	fcvt.w.s	x20,f21	 f21:0x00000000 x20=0x00000000
     196485.000 ns	     19647	800047e4	522ea037	lui	x0,0x522ea	
     196505.000 ns	     19649	800047e8	e00c82d3	fmv.x.w	x5,f25	 f25:0x80040e37  x5=0x80040e37
     196535.000 ns	     19652	800047ec	a0cb1353	flt.s	x6,f22,f12	 f22:0x00040e37 f12:0x00000000  x6=0x00000000
     196905.000 ns	     19689	800047f0	02925633	divu	x12,x4,x9	  x4:0x00000000  x9:0x80041024 x12=0x00000000
     196925.000 ns	     19691	800047f4	00c4eeb3	or	x29,x9,x12	  x9:0x80041024 x12:0x00000000 x29=0x80041024
     196935.000 ns	     19692	800047f8	0102fab3	and	x21,x5,x16	  x5:0x80040e37 x16:0x00000001 x21=0x00000001
     196945.000 ns	     19693	800047fc	01294f33	xor	x30,x18,x18	 x18:0x00000004 x18:0x00000004 x30=0x00000000
     196955.000 ns	     19694	80004800	b5100f13	addi	x30,x0,-1199	  x0:0x00000000 x30=0xfffffb51
     196975.000 ns	     19696	80004804	c00c70d3	fcvt.w.s	x1,f24	 f24:0x00000000  x1=0x00000000
     196995.000 ns	     19698	80004808	8a3b7b93	andi	x23,x22,-1885	 x22:0x00000000 x23=0x00000000
     197005.000 ns	     19699	8000480c	0071adb3	slt	x27,x3,x7	  x3:0x00000000  x7:0x23652000 x27=0x00000001
     197015.000 ns	     19700	80004810	010829b3	slt	x19,x16,x16	 x16:0x00000001 x16:0x00000001 x19=0x00000000
     197025.000 ns	     19701	80004814	00309f13	slli	x30,x1,0x3	  x1:0x00000000 x30=0x00000000
     197045.000 ns	     19703	80004818	02147db3	remu	x27,x8,x1	  x8:0x30841113  x1:0x00000000 x27=0x30841113
     197065.000 ns	     19705	8000481c	01e427b3	slt	x15,x8,x30	  x8:0x30841113 x30:0xfffffb51 x15=0x00000000
     197085.000 ns	     19707	80004820	022613b3	mulh	x7,x12,x2	 x12:0x00000000  x2:0xffffffff  x7=0x00000000
     197105.000 ns	     19709	80004824	0043aeb3	slt	x29,x7,x4	  x7:0x23652000  x4:0x00000000 x29=0x00000000
     197125.000 ns	     19711	80004828	287115d3	fmax.s	f11,f2,f7	  f2:0x00000000  f7:0x00000000 f11=0x00000000
     197145.000 ns	     19713	8000482c	50346313	ori	x6,x8,1283	  x8:0x30841113  x6=0x30841513
     197155.000 ns	     19714	80004830	c40b2393	slti	x7,x22,-960	 x22:0x00000000  x7=0x00000000
     197195.000 ns	     19718	80004834	09b491d3	fsub.s	f3,f9,f27	  f9:0xbf9e0018 f27:0x80040e37  f3=0xbf9e0018
     197215.000 ns	     19720	80004838	9b673a13	sltiu	x20,x14,-1610	 x14:0x00000000 x20=0x00000001
     197235.000 ns	     19722	8000483c	e00a9853	fclass.s	x16,f21	 f21:0x00000000 x16=0x00000010
     197265.000 ns	     19725	80004840	c0067e53	fcvt.w.s	x28,f12	 f12:0x00000000 x28=0x00000000
     197285.000 ns	     19727	80004844	003fd313	srli	x6,x31,0x3	 x31:0xe9eb1590  x6=0x1d3d62b2
     197305.000 ns	     19729	80004848	20f48fd3	fsgnj.s	f31,f9,f15	  f9:0xbf9e0018 f15:0x00000000 f31=0x3f9e0018
     197335.000 ns	     19732	8000484c	a0021153	flt.s	x2,f4,f0	  f4:0x80040e37  f0:0x00000000  x2=0x00000001
     197375.000 ns	     19736	80004850	10d2ffd3	fmul.s	f31,f5,f13	  f5:0x00000000 f13:0x00040e37 f31=0x00000000
     197405.000 ns	     19739	80004854	e0030fd3	fmv.x.w	x31,f6	  f6:0x80040e37 x31=0x80040e37
     197425.000 ns	     19741	80004858	b0950193	addi	x3,x10,-1271	 x10:0xa997b000  x3=0xa997ab09
     197435.000 ns	     19742	8000485c	000376b3	and	x13,x6,x0	  x6:0x1d3d62b2  x0:0x00000000 x13=0x00000000
     197455.000 ns	     19744	80004860	20329453	fsgnjn.s	f8,f5,f3	  f5:0x00000000  f3:0xbf9e0018  f8=0x00000000
     197505.000 ns	     19749	80004864	092cfd53	fsub.s	f26,f25,f18	 f25:0x80040e37 f18:0x00000000 f26=0x80040e37
     197525.000 ns	     19751	80004868	0071eb33	or	x22,x3,x7	  x3:0xa997ab09  x7:0x00000000 x22=0xa997ab09
     197545.000 ns	     19753	8000486c	216e1453	fsgnjn.s	f8,f28,f22	 f28:0xbf9e0018 f22:0x00040e37  f8=0xbf9e0018
     197565.000 ns	     19755	80004870	411c02b3	sub	x5,x24,x17	 x24:0x80040fe4 x17:0x00000000  x5=0x80040fe4
     197575.000 ns	     19756	80004874	b2b68393	addi	x7,x13,-1237	 x13:0x00000000  x7=0xfffffb2b
     197615.000 ns	     19760	80004878	08b52553	fsub.s	f10,f10,f11	 f10:0x80000000 f11:0x00000000 f10=0x80000000
     197635.000 ns	     19762	8000487c	01469393	slli	x7,x13,0x14	 x13:0x00000000  x7=0x00000000
     197655.000 ns	     19764	80004880	f00b03d3	fmv.w.x	f7,x22	 x22:0xa997ab09  f7=0xa997ab09
     197675.000 ns	     19766	80004884	ba626837	lui	x16,0xba626	 x16=0xba626000
     197695.000 ns	     19768	80004888	c01872d3	fcvt.wu.s	x5,f16	 f16:0x80040e37  x5=0x00000000
     197715.000 ns	     19770	8000488c	afd9b913	sltiu	x18,x19,-1283	 x19:0x00000000 x18=0x00000001
     197735.000 ns	     19772	80004890	292993d3	fmax.s	f7,f19,f18	 f19:0x3f9e0018 f18:0x00000000  f7=0x3f9e0018
     197755.000 ns	     19774	80004894	4c8f7637	lui	x12,0x4c8f7	 x12=0x4c8f7000
     197765.000 ns	     19775	80004898	00b33fb3	sltu	x31,x6,x11	  x6:0x1d3d62b2 x11:0x00000010 x31=0x00000000
     197785.000 ns	     19777	8000489c	2191a2d3	fsgnjx.s	f5,f3,f25	  f3:0xbf9e0018 f25:0x80040e37  f5=0x3f9e0018
     197835.000 ns	     19782	800048a0	09667253	fsub.s	f4,f12,f22	 f12:0x00000000 f22:0x00040e37  f4=0x80040e37
     197855.000 ns	     19784	800048a4	405f5ab3	sra	x21,x30,x5	 x30:0x00000000  x5:0x00000000 x21=0x00000000
     197865.000 ns	     19785	800048a8	f1807f93	andi	x31,x0,-232	  x0:0x00000000 x31=0x00000000
     197885.000 ns	     19787	800048ac	038b8733	mul	x14,x23,x24	 x23:0x00000000 x24:0x80040fe4 x14=0x00000000
     197905.000 ns	     19789	800048b0	012eda93	srli	x21,x29,0x12	 x29:0x00000000 x21=0x00000000
     197915.000 ns	     19790	800048b4	40040e33	sub	x28,x8,x0	  x8:0x30841113  x0:0x00000000 x28=0x30841113
     197925.000 ns	     19791	800048b8	0091eeb3	or	x29,x3,x9	  x3:0xa997ab09  x9:0x80041024 x29=0xa997bb2d
     197935.000 ns	     19792	800048bc	00795393	srli	x7,x18,0x7	 x18:0x00000001  x7=0x00000000
     197955.000 ns	     19794	800048c0	03e36433	rem	x8,x6,x30	  x6:0x1d3d62b2 x30:0x00000000  x8=0x1d3d62b2
     197985.000 ns	     19797	800048c4	03cc05b3	mul	x11,x24,x28	 x24:0x80040fe4 x28:0x30841113 x11=0xb6eb51ec
     198005.000 ns	     19799	800048c8	41715613	srai	x12,x2,0x17	  x2:0x00000001 x12=0x00000000
     198015.000 ns	     19800	800048cc	0013d913	srli	x18,x7,0x1	  x7:0x00000000 x18=0x00000000
     198035.000 ns	     19802	800048d0	29ff9653	fmax.s	f12,f31,f31	 f31:0x00000000 f31:0x00000000 f12=0x00000000
     198065.000 ns	     19805	800048d4	d01df553	fcvt.s.wu	f10,x27	 x27:0x30841113 f10=0x4e421044
     198085.000 ns	     19807	800048d8	0169d7b3	srl	x15,x19,x22	 x19:0x00000000 x22:0xa997ab09 x15=0x00000000
     198095.000 ns	     19808	800048dc	01a7f0b3	and	x1,x15,x26	 x15:0x00000000 x26:0x23652000  x1=0x00000000
     198115.000 ns	     19810	800048e0	02e08033	mul	x0,x1,x14	  x1:0x00000000 x14:0x00000000
     198485.000 ns	     19847	800048e4	02854e33	div	x28,x10,x8	 x10:0xa997b000  x8:0x1d3d62b2 x28=0xfffffffe
     198515.000 ns	     19850	800048e8	d01646d3	fcvt.s.wu	f13,x12	 x12:0x00000000 f13=0x00000000
     198545.000 ns	     19853	800048ec	02cf6d33	rem	x26,x30,x12	 x30:0x00000000 x12:0x00000000 x26=0x00000000
     198575.000 ns	     19856	800048f0	d0132a53	fcvt.s.wu	f20,x6	  x6:0x1d3d62b2 f20=0x4de9eb16
     198605.000 ns	     19859	800048f4	026790b3	mulh	x1,x15,x6	 x15:0x00000000  x6:0x1d3d62b2  x1=0x00000000
     198625.000 ns	     19861	800048f8	49a48797	auipc	x15,0x49a48	 x15=0xc9a4c8f8
     198635.000 ns	     19862	800048fc	5c767113	andi	x2,x12,1479	 x12:0x00000000  x2=0x00000000
     198655.000 ns	     19864	80004900	03f82733	mulhsu	x14,x16,x31	 x16:0xba626000 x31:0x00000000 x14=0x00000000
     199025.000 ns	     19901	80004904	03b14b33	div	x22,x2,x27	  x2:0x00000001 x27:0x30841113 x22=0x00000000
     199045.000 ns	     19903	80004908	bd0d9237	lui	x4,0xbd0d9	  x4=0xbd0d9000
     199065.000 ns	     19905	8000490c	03ad8433	mul	x8,x27,x26	 x27:0x30841113 x26:0x00000000  x8=0x00000000
     199095.000 ns	     19908	80004910	f00c8bd3	fmv.w.x	f23,x25	 x25:0x00000000 f23=0x00000000
     199125.000 ns	     19911	80004914	02ed5f33	divu	x30,x26,x14	 x26:0x00000000 x14:0x00000000 x30=0xffffffff
     199145.000 ns	     19913	80004918	0100d393	srli	x7,x1,0x10	  x1:0x00000000  x7=0x00000000
     199165.000 ns	     19915	8000491c	d00d97d3	fcvt.s.w	f15,x27	 x27:0x30841113 f15=0x4e421044
     199195.000 ns	     19918	80004920	03e123b3	mulhsu	x7,x2,x30	  x2:0x00000000 x30:0xffffffff  x7=0x00000000
     199215.000 ns	     19920	80004924	d5e5a697	auipc	x13,0xd5e5a	 x13=0x55e5e924
     199575.000 ns	     19956	80004928	02b6c733	div	x14,x13,x11	 x13:0x00000000 x11:0xb6eb51ec x14=0xffffffff
     199595.000 ns	     19958	8000492c	d3b90713	addi	x14,x18,-709	 x18:0x00000000 x14=0xfffffd3b
     199605.000 ns	     19959	80004930	fc0d4113	xori	x2,x26,-64	 x26:0x00000000  x2=0xffffffc0
     199615.000 ns	     19960	80004934	0148bbb3	sltu	x23,x17,x20	 x17:0x00000000 x20:0x00000001 x23=0x00000001
     199635.000 ns	     19962	80004938	e00e81d3	fmv.x.w	x3,f29	 f29:0x41800000  x3=0x41800000
     199655.000 ns	     19964	8000493c	3fa6f393	andi	x7,x13,1018	 x13:0x55e5e924  x7=0x00000120
     199675.000 ns	     19966	80004940	28b51a53	fmax.s	f20,f10,f11	 f10:0x4e421044 f11:0x00000000 f20=0x4e421044
     199715.000 ns	     19970	80004944	580f9153	fsqrt.s	f2,f31	 f31:0x00000000  f2=0x00000000
     199735.000 ns	     19972	80004948	00b2b233	sltu	x4,x5,x11	  x5:0x00000000 x11:0xb6eb51ec  x4=0x00000001
     199755.000 ns	     19974	8000494c	03f243b3	div	x7,x4,x31	  x4:0xbd0d9000 x31:0x00000000  x7=0xffffffff
     199775.000 ns	     19976	80004950	00fa4f33	xor	x30,x20,x15	 x20:0x00000001 x15:0xc9a4c8f8 x30=0xc9a4c8f9
     199795.000 ns	     19978	80004954	286e07d3	fmin.s	f15,f28,f6	 f28:0xbf9e0018  f6:0x80040e37 f15=0xbf9e0018
     199835.000 ns	     19982	80004958	103177d3	fmul.s	f15,f2,f3	  f2:0x00000000  f3:0xbf9e0018 f15=0x80000000
     199885.000 ns	     19987	8000495c	09de1fd3	fsub.s	f31,f28,f29	 f28:0xbf9e0018 f29:0x41800000 f31=0xc189e001
     200855.000 ns	     20084	80004960	580a32d3	fsqrt.s	f5,f20	 f20:0x4e421044  f5=0x46893936
     200875.000 ns	     20086	80004964	00000013	addi	x0,x0,0	  x0:0x00000000
     200885.000 ns	     20087	80004968	40b2d8b3	sra	x17,x5,x11	  x5:0x00000000 x11:0xb6eb51ec x17=0x00000000
     200895.000 ns	     20088	8000496c	9541ae13	slti	x28,x3,-1708	  x3:0x41800000 x28=0x00000000
     200905.000 ns	     20089	80004970	50994613	xori	x12,x18,1289	 x18:0x00000000 x12=0x00000509
     200925.000 ns	     20091	80004974	f00c81d3	fmv.w.x	f3,x25	 x25:0x00000000  f3=0x00000000
     200955.000 ns	     20094	80004978	f0028353	fmv.w.x	f6,x5	  x5:0x00000000  f6=0x00000000
     200975.000 ns	     20096	8000497c	ce7f0913	addi	x18,x30,-793	 x30:0xc9a4c8f9 x18=0xc9a4c5e0
     200985.000 ns	     20097	80004980	01cc9533	sll	x10,x25,x28	 x25:0x00000000 x28:0x00000000 x10=0x00000000
     200995.000 ns	     20098	80004984	0013c8b3	xor	x17,x7,x1	  x7:0xffffffff  x1:0x00000000 x17=0xffffffff
     201025.000 ns	     20101	80004988	1871add3	fdiv.s	f27,f3,f7	  f3:0x00000000  f7:0x3f9e0018 f27=0x00000000
     201055.000 ns	     20104	8000498c	e0010bd3	fmv.x.w	x23,f2	  f2:0x00000000 x23=0x00000000
     201075.000 ns	     20106	80004990	008db2b3	sltu	x5,x27,x8	 x27:0x30841113  x8:0x00000000  x5=0x00000000
     201095.000 ns	     20108	80004994	217a03d3	fsgnj.s	f7,f20,f23	 f20:0x4e421044 f23:0x00000000  f7=0x4e421044
     201115.000 ns	     20110	80004998	01559793	slli	x15,x11,0x15	 x11:0xb6eb51ec x15=0x3d800000
     201125.000 ns	     20111	8000499c	10794413	xori	x8,x18,263	 x18:0xc9a4c5e0  x8=0xc9a4c4e7
     201135.000 ns	     20112	800049a0	d166c317	auipc	x6,0xd166c	  x6=0x516709a0
     202305.000 ns	     20229	800049a4	580b7953	fsqrt.s	f18,f22	 f22:0x00040e37 f18=0x1f3ac0b2
     202675.000 ns	     20266	800049a8	02faf133	remu	x2,x21,x15	 x21:0x00000000 x15:0x3d800000  x2=0x00000000
     202705.000 ns	     20269	800049ac	29b091d3	fmax.s	f3,f1,f27	  f1:0x80000000 f27:0x00000000  f3=0x00000000
     202745.000 ns	     20273	800049b0	580e0cd3	fsqrt.s	f25,f28	 f28:0xbf9e0018 f25=0x7fc00000
     202765.000 ns	     20275	800049b4	01cbf933	and	x18,x23,x28	 x23:0x00000000 x28:0x00000000 x18=0x00000000
     202785.000 ns	     20277	800049b8	e0068153	fmv.x.w	x2,f13	 f13:0x00000000  x2=0x00000000
     202815.000 ns	     20280	800049bc	a03a8753	fle.s	x14,f21,f3	 f21:0x00000000  f3:0x00000000 x14=0x00000001
     202855.000 ns	     20284	800049c0	11b8c8d3	fmul.s	f17,f17,f27	 f17:0x00000000 f27:0x00000000 f17=0x00000000
     202885.000 ns	     20287	800049c4	c01ef753	fcvt.wu.s	x14,f29	 f29:0x41800000 x14=0x00000010
     202915.000 ns	     20290	800049c8	28df82d3	fmin.s	f5,f31,f13	 f31:0xc189e001 f13:0x00000000  f5=0xc189e001
     203285.000 ns	     20327	800049cc	028b53b3	divu	x7,x22,x8	 x22:0x00000000  x8:0xc9a4c4e7  x7=0x00000000
     203305.000 ns	     20329	800049d0	0111b8b3	sltu	x17,x3,x17	  x3:0x41800000 x17:0xffffffff x17=0x00000001
     203315.000 ns	     20330	800049d4	0063aab3	slt	x21,x7,x6	  x7:0x00000000  x6:0x516709a0 x21=0x00000001
     203325.000 ns	     20331	800049d8	000a8533	add	x10,x21,x0	 x21:0x00000000  x0:0x00000000 x10=0x00000001
     203345.000 ns	     20333	800049dc	d018a953	fcvt.s.wu	f18,x17	 x17:0x00000001 f18=0x3f800000
     203375.000 ns	     20336	800049e0	c003fed3	fcvt.w.s	x29,f7	  f7:0x4e421044 x29=0x30841100
     203405.000 ns	     20339	800049e4	d01fffd3	fcvt.s.wu	f31,x31	 x31:0x00000000 f31=0x00000000
     203425.000 ns	     20341	800049e8	01693633	sltu	x12,x18,x22	 x18:0x00000000 x22:0x00000000 x12=0x00000000
     203435.000 ns	     20342	800049ec	8762c193	xori	x3,x5,-1930	  x5:0x00000000  x3=0xfffff876
     203465.000 ns	     20345	800049f0	58009053	fsqrt.s	f0,f1	  f1:0x80000000  f0=0x80000000
     203495.000 ns	     20348	800049f4	c016afd3	fcvt.wu.s	x31,f13	 f13:0x00000000 x31=0x00000000
     203865.000 ns	     20385	800049f8	030d5133	divu	x2,x26,x16	 x26:0x00000000 x16:0xba626000  x2=0x00000000
     203915.000 ns	     20390	800049fc	0928bd53	fsub.s	f26,f17,f18	 f17:0x00000000 f18:0x3f800000 f26=0xbf800000
     203955.000 ns	     20394	80004a00	10df75d3	fmul.s	f11,f30,f13	 f30:0x3f800000 f13:0x00000000 f11=0x00000000
     203985.000 ns	     20397	80004a04	28ae1053	fmax.s	f0,f28,f10	 f28:0xbf9e0018 f10:0x4e421044  f0=0x4e421044
     204035.000 ns	     20402	80004a08	08420ad3	fsub.s	f21,f4,f4	  f4:0x80040e37  f4:0x80040e37 f21=0x00000000
     204055.000 ns	     20404	80004a0c	00000013	addi	x0,x0,0	  x0:0x00000000
     204065.000 ns	     20405	80004a10	01315d93	srli	x27,x2,0x13	  x2:0x00000000 x27=0x00000000
     204085.000 ns	     20407	80004a14	02e11133	mulh	x2,x2,x14	  x2:0x00000000 x14:0x00000010  x2=0x00000000
     204115.000 ns	     20410	80004a18	e00416d3	fclass.s	x13,f8	  f8:0xbf9e0018 x13=0x00000002
     204135.000 ns	     20412	80004a1c	000d6ab3	or	x21,x26,x0	 x26:0x00000000  x0:0x00000000 x21=0x00000000
     204145.000 ns	     20413	80004a20	04e47e13	andi	x28,x8,78	  x8:0xc9a4c4e7 x28=0x00000046
     204165.000 ns	     20415	80004a24	c01173d3	fcvt.wu.s	x7,f2	  f2:0x00000000  x7=0x00000000
     204195.000 ns	     20418	80004a28	29691653	fmax.s	f12,f18,f22	 f18:0x3f800000 f22:0x00040e37 f12=0x3f800000
     204225.000 ns	     20421	80004a2c	e0049153	fclass.s	x2,f9	  f9:0xbf9e0018  x2=0x00000002
     204255.000 ns	     20424	80004a30	03fe8f33	mul	x30,x29,x31	 x29:0x30841100 x31:0x00000000 x30=0x00000000
     204285.000 ns	     20427	80004a34	205e90d3	fsgnjn.s	f1,f29,f5	 f29:0x41800000  f5:0xc189e001  f1=0x41800000
     204305.000 ns	     20429	80004a38	acbdfa97	auipc	x21,0xacbdf	 x21=0x2cbe3a38
     204325.000 ns	     20431	80004a3c	21b70ad3	fsgnj.s	f21,f14,f27	 f14:0x3f800000 f27:0x00000000 f21=0x3f800000
     204345.000 ns	     20433	80004a40	3c9df897	auipc	x17,0x3c9df	 x17=0xbc9e3a40
     204365.000 ns	     20435	80004a44	d0067853	fcvt.s.w	f16,x12	 x12:0x00000000 f16=0x00000000
     204395.000 ns	     20438	80004a48	a01b1fd3	flt.s	x31,f22,f1	 f22:0x00040e37  f1:0x41800000 x31=0x00000001
     204415.000 ns	     20440	80004a4c	60904597	auipc	x11,0x60904	 x11=0xe0908a4c
     204435.000 ns	     20442	80004a50	20c42253	fsgnjx.s	f4,f8,f12	  f8:0xbf9e0018 f12:0x3f800000  f4=0xbf9e0018
     204465.000 ns	     20445	80004a54	29070853	fmin.s	f16,f14,f16	 f14:0x3f800000 f16:0x00000000 f16=0x00000000
     205645.000 ns	     20563	80004a58	580b7753	fsqrt.s	f14,f22	 f22:0x00040e37 f14=0x1f3ac0b2
     205675.000 ns	     20566	80004a5c	a1060ed3	fle.s	x29,f12,f16	 f12:0x3f800000 f16:0x00000000 x29=0x00000000
     205705.000 ns	     20569	80004a60	027f0833	mul	x16,x30,x7	 x30:0x00000000  x7:0x00000000 x16=0x00000000
     205735.000 ns	     20572	80004a64	e0088753	fmv.x.w	x14,f17	 f17:0x00000000 x14=0x00000000
     205755.000 ns	     20574	80004a68	018b89b3	add	x19,x23,x24	 x23:0x00000000 x24:0x80040fe4 x19=0x80040fe4
     205775.000 ns	     20576	80004a6c	d00378d3	fcvt.s.w	f17,x6	  x6:0x516709a0 f17=0x4ea2ce13
     205805.000 ns	     20579	80004a70	f0070ad3	fmv.w.x	f21,x14	 x14:0x00000000 f21=0x00000000
     205835.000 ns	     20582	80004a74	e0058b53	fmv.x.w	x22,f11	 f11:0x00000000 x22=0x00000000
     205855.000 ns	     20584	80004a78	018815b3	sll	x11,x16,x24	 x16:0x00000000 x24:0x80040fe4 x11=0x00000000
     205875.000 ns	     20586	80004a7c	c0107953	fcvt.wu.s	x18,f0	  f0:0x4e421044 x18=0x30841100
     205895.000 ns	     20588	80004a80	000f5913	srli	x18,x30,0x0	 x30:0x00000000 x18=0x00000000
     205915.000 ns	     20590	80004a84	03a6e2b3	rem	x5,x13,x26	 x13:0x00000002 x26:0x00000000  x5=0x00000002
     205935.000 ns	     20592	80004a88	f6feeb93	ori	x23,x29,-145	 x29:0x00000000 x23=0xffffff6f
     205945.000 ns	     20593	80004a8c	0123dab3	srl	x21,x7,x18	  x7:0x00000000 x18:0x00000000 x21=0x00000000
     205955.000 ns	     20594	80004a90	01373b33	sltu	x22,x14,x19	 x14:0x00000000 x19:0x80040fe4 x22=0x00000001
     205965.000 ns	     20595	80004a94	0102eab3	or	x21,x5,x16	  x5:0x00000002 x16:0x00000000 x21=0x00000002
     205985.000 ns	     20597	80004a98	21d42853	fsgnjx.s	f16,f8,f29	  f8:0xbf9e0018 f29:0x41800000 f16=0xbf9e0018
     206015.000 ns	     20600	80004a9c	d00187d3	fcvt.s.w	f15,x3	  x3:0xfffff876 f15=0xc4f14000
     206045.000 ns	     20603	80004aa0	2139aed3	fsgnjx.s	f29,f19,f19	 f19:0x3f9e0018 f19:0x3f9e0018 f29=0x3f9e0018
     206075.000 ns	     20606	80004aa4	02860bb3	mul	x23,x12,x8	 x12:0x00000000  x8:0xc9a4c4e7 x23=0x00000000
     206445.000 ns	     20643	80004aa8	025e5333	divu	x6,x28,x5	 x28:0x00000046  x5:0x00000002  x6=0x00000023
     206465.000 ns	     20645	80004aac	40295db3	sra	x27,x18,x2	 x18:0x00000000  x2:0x00000002 x27=0x00000000
     207635.000 ns	     20762	80004ab0	58090853	fsqrt.s	f16,f18	 f18:0x3f800000 f16=0x3f7fffae
     207665.000 ns	     20765	80004ab4	e0030153	fmv.x.w	x2,f6	  f6:0x00000000  x2=0x00000000
     207685.000 ns	     20767	80004ab8	01b9d893	srli	x17,x19,0x1b	 x19:0x80040fe4 x17=0x00000010
     207695.000 ns	     20768	80004abc	0189d893	srli	x17,x19,0x18	 x19:0x80040fe4 x17=0x00000080
     207715.000 ns	     20770	80004ac0	c01c7653	fcvt.wu.s	x12,f24	 f24:0x00000000 x12=0x00000000
     207745.000 ns	     20773	80004ac4	03163a33	mulhu	x20,x12,x17	 x12:0x00000000 x17:0x00000010 x20=0x00000000
     207765.000 ns	     20775	80004ac8	aeb0e7b7	lui	x15,0xaeb0e	 x15=0xaeb0e000
     207775.000 ns	     20776	80004acc	00a08a33	add	x20,x1,x10	  x1:0x00000000 x10:0x00000001 x20=0x00000001
     207785.000 ns	     20777	80004ad0	c469ba93	sltiu	x21,x19,-954	 x19:0x80040fe4 x21=0x00000001
     207795.000 ns	     20778	80004ad4	00000013	addi	x0,x0,0	  x0:0x00000000
     207815.000 ns	     20780	80004ad8	02135233	divu	x4,x6,x1	  x6:0x00000023  x1:0x00000000  x4=0xffffffff
     207835.000 ns	     20782	80004adc	00665593	srli	x11,x12,0x6	 x12:0x00000000 x11=0x00000000
     207875.000 ns	     20786	80004ae0	015c78d3	fadd.s	f17,f24,f21	 f24:0x00000000 f21:0x00000000 f17=0x00000000
     208245.000 ns	     20823	80004ae4	034dc933	div	x18,x27,x20	 x27:0x00000000 x20:0x00000001 x18=0x00000000
     208615.000 ns	     20860	80004ae8	02f6d1b3	divu	x3,x13,x15	 x13:0x00000002 x15:0xaeb0e000  x3=0x00000000
     208635.000 ns	     20862	80004aec	d41c2313	slti	x6,x24,-703	 x24:0x80040fe4  x6=0x00000001
     208645.000 ns	     20863	80004af0	60436d13	ori	x26,x6,1540	  x6:0x00000023 x26=0x00000605
     208655.000 ns	     20864	80004af4	004e4233	xor	x4,x28,x4	 x28:0x00000046  x4:0xffffffff  x4=0xffffffb9
     208665.000 ns	     20865	80004af8	013e4d33	xor	x26,x28,x19	 x28:0x00000046 x19:0x80040fe4 x26=0x80040fa2
     208675.000 ns	     20866	80004afc	01c21a93	slli	x21,x4,0x1c	  x4:0xffffffff x21=0x90000000
     208685.000 ns	     20867	80004b00	0054cbb3	xor	x23,x9,x5	  x9:0x80041024  x5:0x00000002 x23=0x80041026
     208695.000 ns	     20868	80004b04	f5033f13	sltiu	x30,x6,-176	  x6:0x00000001 x30=0x00000001
     208705.000 ns	     20869	80004b08	003d1333	sll	x6,x26,x3	 x26:0x80040fa2  x3:0x00000000  x6=0x80040fa2
     208715.000 ns	     20870	80004b0c	002e1f33	sll	x30,x28,x2	 x28:0x00000046  x2:0x00000000 x30=0x00000046
     208725.000 ns	     20871	80004b10	cd8df313	andi	x6,x27,-808	 x27:0x00000000  x6=0x00000000
     208745.000 ns	     20873	80004b14	0390c933	div	x18,x1,x25	  x1:0x00000000 x25:0x00000000 x18=0xffffffff
     208775.000 ns	     20876	80004b18	03d35633	divu	x12,x6,x29	  x6:0x80040fa2 x29:0x00000000 x12=0xffffffff
     208815.000 ns	     20880	80004b1c	1051fc53	fmul.s	f24,f3,f5	  f3:0x00000000  f5:0xc189e001 f24=0x80000000
     208845.000 ns	     20883	80004b20	295c9453	fmax.s	f8,f25,f21	 f25:0x7fc00000 f21:0x00000000  f8=0x00000000
     208875.000 ns	     20886	80004b24	28890553	fmin.s	f10,f18,f8	 f18:0x3f800000  f8:0xbf9e0018 f10=0x00000000
     208905.000 ns	     20889	80004b28	282310d3	fmax.s	f1,f6,f2	  f6:0x00000000  f2:0x00000000  f1=0x00000000
     208925.000 ns	     20891	80004b2c	0142e933	or	x18,x5,x20	  x5:0x00000002 x20:0x00000001 x18=0x00000003
     208935.000 ns	     20892	80004b30	00cfb333	sltu	x6,x31,x12	 x31:0x00000001 x12:0xffffffff  x6=0x00000001
     209295.000 ns	     20928	80004b34	03705133	divu	x2,x0,x23	  x0:0x00000000 x23:0x80041026  x2=0x00000000
     209325.000 ns	     20931	80004b38	293415d3	fmax.s	f11,f8,f19	  f8:0x00000000 f19:0x3f9e0018 f11=0x3f9e0018
     209345.000 ns	     20933	80004b3c	01469213	slli	x4,x13,0x14	 x13:0x00000002  x4=0x00200000
     209355.000 ns	     20934	80004b40	00c25813	srli	x16,x4,0xc	  x4:0xffffffb9 x16=0x00000200
     209365.000 ns	     20935	80004b44	00000013	addi	x0,x0,0	  x0:0x00000000
     209375.000 ns	     20936	80004b48	00000013	addi	x0,x0,0	  x0:0x00000000
     209395.000 ns	     20938	80004b4c	d001c0d3	fcvt.s.w	f1,x3	  x3:0x00000000  f1=0x00000000
     209415.000 ns	     20940	80004b50	008641b3	xor	x3,x12,x8	 x12:0xffffffff  x8:0xc9a4c4e7  x3=0x365b3b18
     209435.000 ns	     20942	80004b54	295d1cd3	fmax.s	f25,f26,f21	 f26:0xbf800000 f21:0x00000000 f25=0x00000000
     209455.000 ns	     20944	80004b58	0179dd93	srli	x27,x19,0x17	 x19:0x80040fe4 x27=0x00000100
     209465.000 ns	     20945	80004b5c	00060633	add	x12,x12,x0	 x12:0xffffffff  x0:0x00000000 x12=0xffffffff
     209485.000 ns	     20947	80004b60	d01ac353	fcvt.s.wu	f6,x21	 x21:0x90000000  f6=0x4f100000
     209505.000 ns	     20949	80004b64	014cbd33	sltu	x26,x25,x20	 x25:0x00000000 x20:0x00000001 x26=0x00000001
     209525.000 ns	     20951	80004b68	a06c1b53	flt.s	x22,f24,f6	 f24:0x80000000  f6:0x4f100000 x22=0x00000001
     209545.000 ns	     20953	80004b6c	8b73a613	slti	x12,x7,-1865	  x7:0x00000000 x12=0x00000000
     209555.000 ns	     20954	80004b70	884e6537	lui	x10,0x884e6	 x10=0x884e6000
     209915.000 ns	     20990	80004b74	03bee0b3	rem	x1,x29,x27	 x29:0x00000000 x27:0x00000100  x1=0x00000000
     209935.000 ns	     20992	80004b78	e6736093	ori	x1,x6,-409	  x6:0x00000001  x1=0xfffffe67
     209945.000 ns	     20993	80004b7c	01e8e3b3	or	x7,x17,x30	 x17:0x00000080 x30:0x00000046  x7=0x000000c6
     209955.000 ns	     20994	80004b80	4038d0b3	sra	x1,x17,x3	 x17:0x00000080  x3:0x365b3b18  x1=0x00000000
     209975.000 ns	     20996	80004b84	29bd08d3	fmin.s	f17,f26,f27	 f26:0xbf800000 f27:0x00000000 f17=0xbf800000
     210005.000 ns	     20999	80004b88	a112a553	feq.s	x10,f5,f17	  f5:0xc189e001 f17:0x00000000 x10=0x00000000
     210035.000 ns	     21002	80004b8c	e00c8dd3	fmv.x.w	x27,f25	 f25:0x00000000 x27=0x00000000
     210065.000 ns	     21005	80004b90	a1cea953	feq.s	x18,f29,f28	 f29:0x3f9e0018 f28:0xbf9e0018 x18=0x00000000
     210085.000 ns	     21007	80004b94	00b7c833	xor	x16,x15,x11	 x15:0xaeb0e000 x11:0x00000000 x16=0xaeb0e000
     210105.000 ns	     21009	80004b98	02bab733	mulhu	x14,x21,x11	 x21:0x90000000 x11:0x00000000 x14=0x00000000
     210135.000 ns	     21012	80004b9c	20001053	fsgnjn.s	f0,f0,f0	  f0:0x4e421044  f0:0x4e421044  f0=0xce421044
     210165.000 ns	     21015	80004ba0	21501fd3	fsgnjn.s	f31,f0,f21	  f0:0x4e421044 f21:0x00000000 f31=0xce421044
     210195.000 ns	     21018	80004ba4	d001f153	fcvt.s.w	f2,x3	  x3:0x365b3b18  f2=0x4e596cec
     210225.000 ns	     21021	80004ba8	02aa6f33	rem	x30,x20,x10	 x20:0x00000001 x10:0x00000000 x30=0x00000001
     211405.000 ns	     21139	80004bac	580601d3	fsqrt.s	f3,f12	 f12:0x3f800000  f3=0x3f7fffae
     211435.000 ns	     21142	80004bb0	d013fb53	fcvt.s.wu	f22,x7	  x7:0x000000c6 f22=0x43460000
     212615.000 ns	     21260	80004bb4	58083bd3	fsqrt.s	f23,f16	 f16:0x3f7fffae f23=0x3f35042a
     212645.000 ns	     21263	80004bb8	d0132253	fcvt.s.wu	f4,x6	  x6:0x00000001  f4=0x3f800000
     212665.000 ns	     21265	80004bbc	fae3f197	auipc	x3,0xfae3f	  x3=0x7ae43bbc
     212685.000 ns	     21267	80004bc0	c00df153	fcvt.w.s	x2,f27	 f27:0x00000000  x2=0x00000000
     212715.000 ns	     21270	80004bc4	d00c9dd3	fcvt.s.w	f27,x25	 x25:0x00000000 f27=0x00000000
     213085.000 ns	     21307	80004bc8	02574933	div	x18,x14,x5	 x14:0x00000000  x5:0x00000002 x18=0x00000000
     213105.000 ns	     21309	80004bcc	00000013	addi	x0,x0,0	  x0:0x00000000
     213135.000 ns	     21312	80004bd0	1038fb53	fmul.s	f22,f17,f3	 f17:0xbf800000  f3:0x3f7fffae f22=0xbf7fffae
     213505.000 ns	     21349	80004bd4	035ce033	rem	x0,x25,x21	 x25:0x00000000 x21:0x90000000
     213535.000 ns	     21352	80004bd8	e00999d3	fclass.s	x19,f19	 f19:0x3f9e0018 x19=0x00000040
     213555.000 ns	     21354	80004bdc	012d7eb3	and	x29,x26,x18	 x26:0x00000001 x18:0x00000000 x29=0x00000000
     213575.000 ns	     21356	80004be0	03d10d33	mul	x26,x2,x29	  x2:0x00000000 x29:0x00000000 x26=0x00000000
     213595.000 ns	     21358	80004be4	010fa1b3	slt	x3,x31,x16	 x31:0x00000001 x16:0xaeb0e000  x3=0x00000000
     213605.000 ns	     21359	80004be8	00c9db13	srli	x22,x19,0xc	 x19:0x00000040 x22=0x00000000
     213625.000 ns	     21361	80004bec	02c26f33	rem	x30,x4,x12	  x4:0x00200000 x12:0x00000000 x30=0x00200000
     213645.000 ns	     21363	80004bf0	005668b3	or	x17,x12,x5	 x12:0x00000000  x5:0x00000002 x17=0x00000002
     213655.000 ns	     21364	80004bf4	0e9bb113	sltiu	x2,x23,233	 x23:0x80041026  x2=0x00000000
     213665.000 ns	     21365	80004bf8	00fa4fb3	xor	x31,x20,x15	 x20:0x00000001 x15:0xaeb0e000 x31=0xaeb0e001
     213705.000 ns	     21369	80004bfc	092673d3	fsub.s	f7,f12,f18	 f12:0x3f800000 f18:0x3f800000  f7=0x80000000
     214075.000 ns	     21406	80004c00	03eef233	remu	x4,x29,x30	 x29:0x00000000 x30:0x00200000  x4=0x00000000
     214105.000 ns	     21409	80004c04	02ef19b3	mulh	x19,x30,x14	 x30:0x00200000 x14:0x00000000 x19=0x00000000
     214135.000 ns	     21412	80004c08	21910f53	fsgnj.s	f30,f2,f25	  f2:0x4e596cec f25:0x00000000 f30=0x4e596cec
     214165.000 ns	     21415	80004c0c	d018c853	fcvt.s.wu	f16,x17	 x17:0x00000002 f16=0x40000000
     214185.000 ns	     21417	80004c10	0078a333	slt	x6,x17,x7	 x17:0x00000002  x7:0x000000c6  x6=0x00000001
     214195.000 ns	     21418	80004c14	22b88193	addi	x3,x17,555	 x17:0x00000002  x3=0x0000022d
     214205.000 ns	     21419	80004c18	82f6bd93	sltiu	x27,x13,-2001	 x13:0x00000002 x27=0x00000001
     214225.000 ns	     21421	80004c1c	d0162353	fcvt.s.wu	f6,x12	 x12:0x00000000  f6=0x00000000
     214265.000 ns	     21425	80004c20	580df4d3	fsqrt.s	f9,f27	 f27:0x00000000  f9=0x00000000
     214295.000 ns	     21428	80004c24	0338c433	div	x8,x17,x19	 x17:0x00000002 x19:0x00000000  x8=0xffffffff
     214315.000 ns	     21430	80004c28	00232733	slt	x14,x6,x2	  x6:0x00000001  x2:0x00000000 x14=0x00000000
     214335.000 ns	     21432	80004c2c	02bc33b3	mulhu	x7,x24,x11	 x24:0x80040fe4 x11:0x00000000  x7=0x00000000
     214355.000 ns	     21434	80004c30	00cef3b3	and	x7,x29,x12	 x29:0x00000000 x12:0x00000000  x7=0x00000000
     214385.000 ns	     21437	80004c34	10359353	fmul.s	f6,f11,f3	 f11:0x3f9e0018  f3:0x3f7fffae  f6=0x3f9dffe5
     214435.000 ns	     21442	80004c38	005871d3	fadd.s	f3,f16,f5	 f16:0x40000000  f5:0xc189e001  f3=0xc173c002
     214455.000 ns	     21444	80004c3c	0162e3b3	or	x7,x5,x22	  x5:0x00000002 x22:0x00000000  x7=0x00000002
     214465.000 ns	     21445	80004c40	0102da93	srli	x21,x5,0x10	  x5:0x00000002 x21=0x00000000
     214485.000 ns	     21447	80004c44	02053733	mulhu	x14,x10,x0	 x10:0x00000000  x0:0x00000000 x14=0x00000000
     214505.000 ns	     21449	80004c48	01275fb3	srl	x31,x14,x18	 x14:0x00000000 x18:0x00000000 x31=0x00000000
     214525.000 ns	     21451	80004c4c	a0a49ed3	flt.s	x29,f9,f10	  f9:0x00000000 f10:0x00000000 x29=0x00000000
     214555.000 ns	     21454	80004c50	c00b22d3	fcvt.w.s	x5,f22	 f22:0xbf7fffae  x5=0xffffffff
     214925.000 ns	     21491	80004c54	028be2b3	rem	x5,x23,x8	 x23:0x80041026  x8:0xffffffff  x5=0x00000000
     214975.000 ns	     21496	80004c58	008c8e53	fadd.s	f28,f25,f8	 f25:0x00000000  f8:0x00000000 f28=0x00000000
     215005.000 ns	     21499	80004c5c	a1570653	fle.s	x12,f14,f21	 f14:0x1f3ac0b2 f21:0x00000000 x12=0x00000000
     215035.000 ns	     21502	80004c60	d01538d3	fcvt.s.wu	f17,x10	 x10:0x00000000 f17=0x00000000
     215055.000 ns	     21504	80004c64	00197fb3	and	x31,x18,x1	 x18:0x00000000  x1:0x00000000 x31=0x00000000
     215075.000 ns	     21506	80004c68	29289753	fmax.s	f14,f17,f18	 f17:0x00000000 f18:0x3f800000 f14=0x3f800000
     215105.000 ns	     21509	80004c6c	d0178d53	fcvt.s.wu	f26,x15	 x15:0xaeb0e000 f26=0x4f2eb0e0
     215125.000 ns	     21511	80004c70	625f6f13	ori	x30,x30,1573	 x30:0x00200000 x30=0x00200625
     215135.000 ns	     21512	80004c74	40e2d833	sra	x16,x5,x14	  x5:0x00000000 x14:0x00000000 x16=0x00000000
     215145.000 ns	     21513	80004c78	003e45b3	xor	x11,x28,x3	 x28:0x00000046  x3:0x0000022d x11=0x0000026b
     215165.000 ns	     21515	80004c7c	294d1053	fmax.s	f0,f26,f20	 f26:0x4f2eb0e0 f20:0x4e421044  f0=0x4f2eb0e0
     215195.000 ns	     21518	80004c80	02ef1433	mulh	x8,x30,x14	 x30:0x00200625 x14:0x00000000  x8=0x00000000
     215215.000 ns	     21520	80004c84	01be11b3	sll	x3,x28,x27	 x28:0x00000046 x27:0x00000001  x3=0x0000008c
     215235.000 ns	     21522	80004c88	0251ae33	mulhsu	x28,x3,x5	  x3:0x0000022d  x5:0x00000000 x28=0x00000000
     215255.000 ns	     21524	80004c8c	8974b293	sltiu	x5,x9,-1897	  x9:0x80041024  x5=0x00000001
     215275.000 ns	     21526	80004c90	280719d3	fmax.s	f19,f14,f0	 f14:0x3f800000  f0:0x4f2eb0e0 f19=0x4f2eb0e0
     215315.000 ns	     21530	80004c94	19fc72d3	fdiv.s	f5,f24,f31	 f24:0x80000000 f31:0xce421044  f5=0x00000000
     215345.000 ns	     21533	80004c98	21fa1253	fsgnjn.s	f4,f20,f31	 f20:0x4e421044 f31:0xce421044  f4=0x4e421044
     215365.000 ns	     21535	80004c9c	00a4da33	srl	x20,x9,x10	  x9:0x80041024 x10:0x00000000 x20=0x80041024
     215385.000 ns	     21537	80004ca0	02770f33	mul	x30,x14,x7	 x14:0x00000000  x7:0x00000002 x30=0x00000000
     215405.000 ns	     21539	80004ca4	00089b93	slli	x23,x17,0x0	 x17:0x00000002 x23=0x00000002
     215415.000 ns	     21540	80004ca8	41725db3	sra	x27,x4,x23	  x4:0x00000000 x23:0x80041026 x27=0x00000000
     215435.000 ns	     21542	80004cac	e00b8953	fmv.x.w	x18,f23	 f23:0x3f35042a x18=0x3f35042a
     215455.000 ns	     21544	80004cb0	d8a9e713	ori	x14,x19,-630	 x19:0x00000000 x14=0xfffffd8a
     215475.000 ns	     21546	80004cb4	20060353	fsgnj.s	f6,f12,f0	 f12:0x3f800000  f0:0x4f2eb0e0  f6=0x3f800000
     215505.000 ns	     21549	80004cb8	f00e82d3	fmv.w.x	f5,x29	 x29:0x00000000  f5=0x00000000
     215525.000 ns	     21551	80004cbc	00021a33	sll	x20,x4,x0	  x4:0x00000000  x0:0x00000000 x20=0x00000000
     215545.000 ns	     21553	80004cc0	d005f5d3	fcvt.s.w	f11,x11	 x11:0x0000026b f11=0x441ac000
     215565.000 ns	     21555	80004cc4	005915b3	sll	x11,x18,x5	 x18:0x3f35042a  x5:0x00000001 x11=0x7e6a0854
     215575.000 ns	     21556	80004cc8	4ad6c593	xori	x11,x13,1197	 x13:0x00000002 x11=0x000004af
     215935.000 ns	     21592	80004ccc	032a7b33	remu	x22,x20,x18	 x20:0x00000000 x18:0x3f35042a x22=0x00000000
     215985.000 ns	     21597	80004cd0	01a1cf53	fadd.s	f30,f3,f26	  f3:0xc173c002 f26:0x4f2eb0e0 f30=0x4f2eb0e0
     216015.000 ns	     21600	80004cd4	e00f9653	fclass.s	x12,f31	 f31:0xce421044 x12=0x00000002
     216035.000 ns	     21602	80004cd8	4007dd93	srai	x27,x15,0x0	 x15:0xaeb0e000 x27=0xaeb0e000
     216055.000 ns	     21604	80004cdc	a12487d3	fle.s	x15,f9,f18	  f9:0x00000000 f18:0x3f800000 x15=0x00000001
     216085.000 ns	     21607	80004ce0	a1e699d3	flt.s	x19,f13,f30	 f13:0x00000000 f30:0x4f2eb0e0 x19=0x00000001
     216115.000 ns	     21610	80004ce4	e0000fd3	fmv.x.w	x31,f0	  f0:0x4f2eb0e0 x31=0x4f2eb0e0
     216145.000 ns	     21613	80004ce8	203723d3	fsgnjx.s	f7,f14,f3	 f14:0x3f800000  f3:0xc173c002  f7=0xbf800000
     216165.000 ns	     21615	80004cec	00000013	addi	x0,x0,0	  x0:0x00000000
     216185.000 ns	     21617	80004cf0	299b05d3	fmin.s	f11,f22,f25	 f22:0xbf7fffae f25:0x00000000 f11=0xbf7fffae
     216215.000 ns	     21620	80004cf4	e0051ed3	fclass.s	x29,f10	 f10:0x00000000 x29=0x00000010
     217395.000 ns	     21738	80004cf8	58074d53	fsqrt.s	f26,f14	 f14:0x3f800000 f26=0x3f7fffae
     217415.000 ns	     21740	80004cfc	00e5f8b3	and	x17,x11,x14	 x11:0x000004af x14:0xfffffd8a x17=0x0000048a
     217435.000 ns	     21742	80004d00	e00e0e53	fmv.x.w	x28,f28	 f28:0x00000000 x28=0x00000000
     217455.000 ns	     21744	80004d04	0be95517	auipc	x10,0xbe95	 x10=0x8be99d04
     217475.000 ns	     21746	80004d08	022559b3	divu	x19,x10,x2	 x10:0x00000000  x2:0x00000000 x19=0xffffffff
     217495.000 ns	     21748	80004d0c	0111e8b3	or	x17,x3,x17	  x3:0x0000008c x17:0x0000048a x17=0x0000048e
     217505.000 ns	     21749	80004d10	0155ae33	slt	x28,x11,x21	 x11:0x000004af x21:0x00000000 x28=0x00000000
     217525.000 ns	     21751	80004d14	f0030353	fmv.w.x	f6,x6	  x6:0x00000001  f6=0x00000001
     217545.000 ns	     21753	80004d18	74bcffb7	lui	x31,0x74bcf	 x31=0x74bcf000
     217555.000 ns	     21754	80004d1c	6775c393	xori	x7,x11,1655	 x11:0x000004af  x7=0x000002d8
     217585.000 ns	     21757	80004d20	11e84753	fmul.s	f14,f16,f30	 f16:0x40000000 f30:0x4f2eb0e0 f14=0x4faeb0e0
     217605.000 ns	     21759	80004d24	005ad533	srl	x10,x21,x5	 x21:0x00000000  x5:0x00000001 x10=0x00000000
     217615.000 ns	     21760	80004d28	41b9d933	sra	x18,x19,x27	 x19:0xffffffff x27:0xaeb0e000 x18=0xffffffff
     217975.000 ns	     21796	80004d2c	03bfefb3	rem	x31,x31,x27	 x31:0x74bcf000 x27:0xaeb0e000 x31=0x236dd000
     217995.000 ns	     21798	80004d30	c4186293	ori	x5,x16,-959	 x16:0x00000000  x5=0xfffffc41
     218025.000 ns	     21801	80004d34	106bfc53	fmul.s	f24,f23,f6	 f23:0x3f35042a  f6:0x00000001 f24=0x00000001
     218055.000 ns	     21804	80004d38	f00386d3	fmv.w.x	f13,x7	  x7:0x000002d8 f13=0x000002d8
     218075.000 ns	     21806	80004d3c	00000013	addi	x0,x0,0	  x0:0x00000000
     218085.000 ns	     21807	80004d40	dd01c317	auipc	x6,0xdd01c	  x6=0x5d020d40
     218095.000 ns	     21808	80004d44	00f8dd93	srli	x27,x17,0xf	 x17:0x0000048e x27=0x00000000
     218115.000 ns	     21810	80004d48	021b21b3	mulhsu	x3,x22,x1	 x22:0x00000000  x1:0x00000000  x3=0x00000000
     218455.000 ns	     21844	80004d4c	19372653	fdiv.s	f12,f14,f19	 f14:0x4faeb0e0 f19:0x4f2eb0e0 f12=0x3faeb0e0
     218795.000 ns	     21878	80004d50	182f72d3	fdiv.s	f5,f30,f2	 f30:0x4f2eb0e0  f2:0x4e596cec  f5=0x402eb0e0
     218815.000 ns	     21880	80004d54	00e715b3	sll	x11,x14,x14	 x14:0xfffffd8a x14:0xfffffd8a x11=0xfff62800
     218825.000 ns	     21881	80004d58	d2b7cf13	xori	x30,x15,-725	 x15:0x00000001 x30=0xfffffd2a
     218835.000 ns	     21882	80004d5c	00200933	add	x18,x0,x2	  x0:0x00000000  x2:0x00000000 x18=0x00000000
     218845.000 ns	     21883	80004d60	016421b3	slt	x3,x8,x22	  x8:0x00000000 x22:0x00000000  x3=0x00000000
     218865.000 ns	     21885	80004d64	036d5533	divu	x10,x26,x22	 x26:0x00000000 x22:0x00000000 x10=0xffffffff
     218885.000 ns	     21887	80004d68	00000013	addi	x0,x0,0	  x0:0x00000000
     218895.000 ns	     21888	80004d6c	01de1533	sll	x10,x28,x29	 x28:0x00000000 x29:0x00000010 x10=0x00000000
     218915.000 ns	     21890	80004d70	c0109bd3	fcvt.wu.s	x23,f1	  f1:0x00000000 x23=0x00000000
     218935.000 ns	     21892	80004d74	010d1693	slli	x13,x26,0x10	 x26:0x00000000 x13=0x00000000
     219295.000 ns	     21928	80004d78	03326233	rem	x4,x4,x19	  x4:0x00000000 x19:0xffffffff  x4=0x00000000
     219325.000 ns	     21931	80004d7c	a1df10d3	flt.s	x1,f30,f29	 f30:0x4f2eb0e0 f29:0x3f9e0018  x1=0x00000000
     219355.000 ns	     21934	80004d80	0248af33	mulhsu	x30,x17,x4	 x17:0x0000048e  x4:0x00000000 x30=0x00000000
     219375.000 ns	     21936	80004d84	01ba7ab3	and	x21,x20,x27	 x20:0x00000000 x27:0x00000000 x21=0x00000000
     219385.000 ns	     21937	80004d88	4091dab3	sra	x21,x3,x9	  x3:0x00000000  x9:0x80041024 x21=0x00000000
     219405.000 ns	     21939	80004d8c	d00f44d3	fcvt.s.w	f9,x30	 x30:0x00000000  f9=0x00000000
     219745.000 ns	     21973	80004d90	19a97853	fdiv.s	f16,f18,f26	 f18:0x3f800000 f26:0x3f7fffae f16=0x3fffff8a
     219765.000 ns	     21975	80004d94	010a3d33	sltu	x26,x20,x16	 x20:0x00000000 x16:0x00000000 x26=0x00000000
     219775.000 ns	     21976	80004d98	c6740f93	addi	x31,x8,-921	  x8:0x00000000 x31=0xfffffc67
     219785.000 ns	     21977	80004d9c	0183c8b3	xor	x17,x7,x24	  x7:0x000002d8 x24:0x80040fe4 x17=0x80040d3c
     219795.000 ns	     21978	80004da0	00000013	addi	x0,x0,0	  x0:0x00000000
     219805.000 ns	     21979	80004da4	94538313	addi	x6,x7,-1723	  x7:0x000002d8  x6=0xfffffc1d
     219825.000 ns	     21981	80004da8	d00e71d3	fcvt.s.w	f3,x28	 x28:0x00000000  f3=0x00000000
     219845.000 ns	     21983	80004dac	d0c2a213	slti	x4,x5,-756	  x5:0xfffffc41  x4=0x00000001
     219865.000 ns	     21985	80004db0	29960cd3	fmin.s	f25,f12,f25	 f12:0x3faeb0e0 f25:0x00000000 f25=0x00000000
     219885.000 ns	     21987	80004db4	0069dab3	srl	x21,x19,x6	 x19:0xffffffff  x6:0xfffffc1d x21=0x00000007
     219895.000 ns	     21988	80004db8	00a58733	add	x14,x11,x10	 x11:0xfff62800 x10:0x00000000 x14=0xfff62800
     219915.000 ns	     21990	80004dbc	a1f088d3	fle.s	x17,f1,f31	  f1:0x00000000 f31:0xce421044 x17=0x00000000
     219945.000 ns	     21993	80004dc0	c0037553	fcvt.w.s	x10,f6	  f6:0x00000001 x10=0x00000000
     219965.000 ns	     21995	80004dc4	019fa633	slt	x12,x31,x25	 x31:0xfffffc67 x25:0x00000000 x12=0x00000001
     219975.000 ns	     21996	80004dc8	ed2b7b37	lui	x22,0xed2b7	 x22=0xed2b7000
     219985.000 ns	     21997	80004dcc	00000013	addi	x0,x0,0	  x0:0x00000000
     220005.000 ns	     21999	80004dd0	d01c92d3	fcvt.s.wu	f5,x25	 x25:0x00000000  f5=0x00000000
     220035.000 ns	     22002	80004dd4	020f10b3	mulh	x1,x30,x0	 x30:0x00000000  x0:0x00000000  x1=0x00000000
     220055.000 ns	     22004	80004dd8	011a1113	slli	x2,x20,0x11	 x20:0x00000000  x2=0x00000000
     220065.000 ns	     22005	80004ddc	014d79b3	and	x19,x26,x20	 x26:0x00000000 x20:0x00000000 x19=0x00000000
     220085.000 ns	     22007	80004de0	28219c53	fmax.s	f24,f3,f2	  f3:0x00000000  f2:0x4e596cec f24=0x4e596cec
     220455.000 ns	     22044	80004de4	03da5033	divu	x0,x20,x29	 x20:0x00000000 x29:0x00000010
     220475.000 ns	     22046	80004de8	84780713	addi	x14,x16,-1977	 x16:0x00000000 x14=0xfffff847
     220495.000 ns	     22048	80004dec	280b8453	fmin.s	f8,f23,f0	 f23:0x3f35042a  f0:0x4f2eb0e0  f8=0x3f35042a
     220515.000 ns	     22050	80004df0	21554d93	xori	x27,x10,533	 x10:0x00000000 x27=0x00000215
     220535.000 ns	     22052	80004df4	21f51153	fsgnjn.s	f2,f10,f31	 f10:0x00000000 f31:0xce421044  f2=0x00000000
     220565.000 ns	     22055	80004df8	21560f53	fsgnj.s	f30,f12,f21	 f12:0x3faeb0e0 f21:0x00000000 f30=0x3faeb0e0
     220595.000 ns	     22058	80004dfc	03342233	mulhsu	x4,x8,x19	  x8:0x00000000 x19:0x00000000  x4=0x00000000
     220625.000 ns	     22061	80004e00	21b098d3	fsgnjn.s	f17,f1,f27	  f1:0x00000000 f27:0x00000000 f17=0x80000000
     220655.000 ns	     22064	80004e04	e0039d53	fclass.s	x26,f7	  f7:0xbf800000 x26=0x00000002
     220675.000 ns	     22066	80004e08	01567633	and	x12,x12,x21	 x12:0x00000001 x21:0x00000007 x12=0x00000001
     220685.000 ns	     22067	80004e0c	006a2db3	slt	x27,x20,x6	 x20:0x00000000  x6:0xfffffc1d x27=0x00000000
     220695.000 ns	     22068	80004e10	41f809b3	sub	x19,x16,x31	 x16:0x00000000 x31:0xfffffc67 x19=0x00000399
     220715.000 ns	     22070	80004e14	037aa733	mulhsu	x14,x21,x23	 x21:0x00000007 x23:0x00000000 x14=0x00000000
     220765.000 ns	     22075	80004e18	010bf4d3	fadd.s	f9,f23,f16	 f23:0x3f35042a f16:0x3fffff8a  f9=0x402d40cf
     220795.000 ns	     22078	80004e1c	20530d53	fsgnj.s	f26,f6,f5	  f6:0x00000001  f5:0x00000000 f26=0x00000001
     220825.000 ns	     22081	80004e20	d01f98d3	fcvt.s.wu	f17,x31	 x31:0xfffffc67 f17=0x4f7ffffc
     220845.000 ns	     22083	80004e24	279ac317	auipc	x6,0x279ac	  x6=0xa79b0e24
     220855.000 ns	     22084	80004e28	00da3eb3	sltu	x29,x20,x13	 x20:0x00000000 x13:0x00000000 x29=0x00000000
     220875.000 ns	     22086	80004e2c	0378d333	divu	x6,x17,x23	 x17:0x00000000 x23:0x00000000  x6=0xffffffff
     220895.000 ns	     22088	80004e30	0063d813	srli	x16,x7,0x6	  x7:0x000002d8 x16=0x0000000b
     220905.000 ns	     22089	80004e34	00c926b3	slt	x13,x18,x12	 x18:0x00000000 x12:0x00000001 x13=0x00000001
     220925.000 ns	     22091	80004e38	c008fdd3	fcvt.w.s	x27,f17	 f17:0x4f7ffffc x27=0x7fffffff
     220955.000 ns	     22094	80004e3c	203986d3	fsgnj.s	f13,f19,f3	 f19:0x4f2eb0e0  f3:0x00000000 f13=0x4f2eb0e0
     220995.000 ns	     22098	80004e40	580ff4d3	fsqrt.s	f9,f31	 f31:0xce421044  f9=0x7fc00000
     221015.000 ns	     22100	80004e44	00000013	addi	x0,x0,0	  x0:0x00000000
     221035.000 ns	     22102	80004e48	f00c0c53	fmv.w.x	f24,x24	 x24:0x80040fe4 f24=0x80040fe4
     221065.000 ns	     22105	80004e4c	a11eafd3	feq.s	x31,f29,f17	 f29:0x3f9e0018 f17:0x4f7ffffc x31=0x00000000
     221095.000 ns	     22108	80004e50	d00e8a53	fcvt.s.w	f20,x29	 x29:0x00000000 f20=0x00000000
     221125.000 ns	     22111	80004e54	20a2a853	fsgnjx.s	f16,f5,f10	  f5:0x00000000 f10:0x00000000 f16=0x00000000
     221145.000 ns	     22113	80004e58	51466393	ori	x7,x12,1300	 x12:0x00000001  x7=0x00000515
     221185.000 ns	     22117	80004e5c	08b7cb53	fsub.s	f22,f15,f11	 f15:0xc4f14000 f11:0xbf7fffae f22=0xc4f12000
     221525.000 ns	     22151	80004e60	180375d3	fdiv.s	f11,f6,f0	  f6:0x00000001  f0:0x4f2eb0e0 f11=0x00000000
     221555.000 ns	     22154	80004e64	206190d3	fsgnjn.s	f1,f3,f6	  f3:0x00000000  f6:0x00000001  f1=0x80000000
     221585.000 ns	     22157	80004e68	28238653	fmin.s	f12,f7,f2	  f7:0xbf800000  f2:0x00000000 f12=0xbf800000
     221615.000 ns	     22160	80004e6c	a0cf0bd3	fle.s	x23,f30,f12	 f30:0x3faeb0e0 f12:0x3faeb0e0 x23=0x00000000
     221635.000 ns	     22162	80004e70	40b40f33	sub	x30,x8,x11	  x8:0x00000000 x11:0xfff62800 x30=0x0009d800
     221655.000 ns	     22164	80004e74	29371bd3	fmax.s	f23,f14,f19	 f14:0x4faeb0e0 f19:0x4f2eb0e0 f23=0x4faeb0e0
     222025.000 ns	     22201	80004e78	02ddc5b3	div	x11,x27,x13	 x27:0x7fffffff x13:0x00000001 x11=0x7fffffff
     222045.000 ns	     22203	80004e7c	00000013	addi	x0,x0,0	  x0:0x00000000
     222405.000 ns	     22239	80004e80	035a5033	divu	x0,x20,x21	 x20:0x00000000 x21:0x00000007
     222435.000 ns	     22242	80004e84	20c812d3	fsgnjn.s	f5,f16,f12	 f16:0x00000000 f12:0xbf800000  f5=0x00000000
     222465.000 ns	     22245	80004e88	022e8433	mul	x8,x29,x2	 x29:0x00000000  x2:0x00000000  x8=0x00000000
     222485.000 ns	     22247	80004e8c	0051dbb3	srl	x23,x3,x5	  x3:0x00000000  x5:0xfffffc41 x23=0x00000000
     222495.000 ns	     22248	80004e90	9f5f6113	ori	x2,x30,-1547	 x30:0x0009d800  x2=0xfffff9f5
     222505.000 ns	     22249	80004e94	fbf9f837	lui	x16,0xfbf9f	 x16=0xfbf9f000
     222525.000 ns	     22251	80004e98	a1421253	flt.s	x4,f4,f20	  f4:0x4e421044 f20:0x00000000  x4=0x00000000
     222555.000 ns	     22254	80004e9c	029fb433	mulhu	x8,x31,x9	 x31:0x00000000  x9:0x80041024  x8=0x00000000
     222575.000 ns	     22256	80004ea0	00000013	addi	x0,x0,0	  x0:0x00000000
     222935.000 ns	     22292	80004ea4	03855433	divu	x8,x10,x24	 x10:0x00000000 x24:0x80040fe4  x8=0x00000000
     222965.000 ns	     22295	80004ea8	29ee05d3	fmin.s	f11,f28,f30	 f28:0x00000000 f30:0x3faeb0e0 f11=0x00000000
     222995.000 ns	     22298	80004eac	f0050f53	fmv.w.x	f30,x10	 x10:0x00000000 f30=0x00000000
     223025.000 ns	     22301	80004eb0	0242c233	div	x4,x5,x4	  x5:0xfffffc41  x4:0x00000000  x4=0xffffffff
     223055.000 ns	     22304	80004eb4	02629d33	mulh	x26,x5,x6	  x5:0xfffffc41  x6:0xffffffff x26=0x00000000
     223085.000 ns	     22307	80004eb8	c00375d3	fcvt.w.s	x11,f6	  f6:0x00000001 x11=0x00000000
     223105.000 ns	     22309	80004ebc	00000013	addi	x0,x0,0	  x0:0x00000000
     223115.000 ns	     22310	80004ec0	3a628a13	addi	x20,x5,934	  x5:0xfffffc41 x20=0xffffffe7
     223125.000 ns	     22311	80004ec4	00427833	and	x16,x4,x4	  x4:0xffffffff  x4:0xffffffff x16=0xffffffff
     223145.000 ns	     22313	80004ec8	29d01453	fmax.s	f8,f0,f29	  f0:0x4f2eb0e0 f29:0x3f9e0018  f8=0x4f2eb0e0
     223165.000 ns	     22315	80004ecc	de89e293	ori	x5,x19,-536	 x19:0x00000399  x5=0xfffffff9
     223185.000 ns	     22317	80004ed0	a0000e53	fle.s	x28,f0,f0	  f0:0x4f2eb0e0  f0:0x4f2eb0e0 x28=0x00000001
     223215.000 ns	     22320	80004ed4	29ae12d3	fmax.s	f5,f28,f26	 f28:0x00000000 f26:0x00000001  f5=0x00000001
     223585.000 ns	     22357	80004ed8	0241fab3	remu	x21,x3,x4	  x3:0x00000000  x4:0xffffffff x21=0x00000000
     223615.000 ns	     22360	80004edc	02cd0b33	mul	x22,x26,x12	 x26:0x00000000 x12:0x00000001 x22=0x00000000
     223635.000 ns	     22362	80004ee0	011b72b3	and	x5,x22,x17	 x22:0xed2b7000 x17:0x00000000  x5=0x00000000
     223645.000 ns	     22363	80004ee4	00000013	addi	x0,x0,0	  x0:0x00000000
     223685.000 ns	     22367	80004ee8	080efc53	fsub.s	f24,f29,f0	 f29:0x3f9e0018  f0:0x4f2eb0e0 f24=0xcf2eb0df
     223725.000 ns	     22371	80004eec	58087253	fsqrt.s	f4,f16	 f16:0x00000000  f4=0x00000000
     223745.000 ns	     22373	80004ef0	404b08b3	sub	x17,x22,x4	 x22:0x00000000  x4:0xffffffff x17=0x00000001
     223755.000 ns	     22374	80004ef4	38ece9b7	lui	x19,0x38ece	 x19=0x38ece000
     223765.000 ns	     22375	80004ef8	01f0a9b3	slt	x19,x1,x31	  x1:0x00000000 x31:0x00000000 x19=0x00000000
     223785.000 ns	     22377	80004efc	2187a2d3	fsgnjx.s	f5,f15,f24	 f15:0xc4f14000 f24:0xcf2eb0df  f5=0x44f14000
     223815.000 ns	     22380	80004f00	d00138d3	fcvt.s.w	f17,x2	  x2:0xfffff9f5 f17=0xc4c16000
     223845.000 ns	     22383	80004f04	03f3b5b3	mulhu	x11,x7,x31	  x7:0x00000515 x31:0x00000000 x11=0x00000000
     223865.000 ns	     22385	80004f08	0124e6b3	or	x13,x9,x18	  x9:0x80041024 x18:0x00000000 x13=0x80041024
     223885.000 ns	     22387	80004f0c	280b91d3	fmax.s	f3,f23,f0	 f23:0x4faeb0e0  f0:0x4f2eb0e0  f3=0x4faeb0e0
     223905.000 ns	     22389	80004f10	00000013	addi	x0,x0,0	  x0:0x00000000
     223915.000 ns	     22390	80004f14	0809ba13	sltiu	x20,x19,128	 x19:0x00000000 x20=0x00000001
     223925.000 ns	     22391	80004f18	fc3b4a37	lui	x20,0xfc3b4	 x20=0xfc3b4000
     223935.000 ns	     22392	80004f1c	00e990b3	sll	x1,x19,x14	 x19:0x00000000 x14:0x00000000  x1=0x00000000
     223945.000 ns	     22393	80004f20	14b06313	ori	x6,x0,331	  x0:0x00000000  x6=0x0000014b
     223965.000 ns	     22395	80004f24	f00609d3	fmv.w.x	f19,x12	 x12:0x00000001 f19=0x00000001
     224015.000 ns	     22400	80004f28	007c87d3	fadd.s	f15,f25,f7	 f25:0x00000000  f7:0xbf800000 f15=0xbf800000
     224035.000 ns	     22402	80004f2c	01c1d1b3	srl	x3,x3,x28	  x3:0x00000000 x28:0x00000001  x3=0x00000000
     224045.000 ns	     22403	80004f30	0032da13	srli	x20,x5,0x3	  x5:0x00000000 x20=0x00000000
     224055.000 ns	     22404	80004f34	01985a33	srl	x20,x16,x25	 x16:0xffffffff x25:0x00000000 x20=0xffffffff
     224075.000 ns	     22406	80004f38	02e0d0b3	divu	x1,x1,x14	  x1:0x00000000 x14:0x00000000  x1=0xffffffff
     224105.000 ns	     22409	80004f3c	03b716b3	mulh	x13,x14,x27	 x14:0x00000000 x27:0x7fffffff x13=0x00000000
     224475.000 ns	     22446	80004f40	038cd933	divu	x18,x25,x24	 x25:0x00000000 x24:0x80040fe4 x18=0x00000000
     224505.000 ns	     22449	80004f44	a1a51f53	flt.s	x30,f10,f26	 f10:0x00000000 f26:0x00000001 x30=0x00000001
     224535.000 ns	     22452	80004f48	289797d3	fmax.s	f15,f15,f9	 f15:0xbf800000  f9:0x7fc00000 f15=0xbf800000
     224555.000 ns	     22454	80004f4c	2f790093	addi	x1,x18,759	 x18:0x00000000  x1=0x000002f7
     224565.000 ns	     22455	80004f50	01c19513	slli	x10,x3,0x1c	  x3:0x00000000 x10=0x00000000
     224575.000 ns	     22456	80004f54	01edf833	and	x16,x27,x30	 x27:0x7fffffff x30:0x00000001 x16=0x00000001
     224585.000 ns	     22457	80004f58	00f9cdb3	xor	x27,x19,x15	 x19:0x00000000 x15:0x00000001 x27=0x00000001
     224595.000 ns	     22458	80004f5c	825503b7	lui	x7,0x82550	  x7=0x82550000
     224615.000 ns	     22460	80004f60	d0097153	fcvt.s.w	f2,x18	 x18:0x00000000  f2=0x00000000
     224635.000 ns	     22462	80004f64	569a2e93	slti	x29,x20,1385	 x20:0xffffffff x29=0x00000001
     224655.000 ns	     22464	80004f68	21429dd3	fsgnjn.s	f27,f5,f20	  f5:0x44f14000 f20:0x00000000 f27=0xc4f14000
     224675.000 ns	     22466	80004f6c	64d9fa93	andi	x21,x19,1613	 x19:0x00000000 x21=0x00000000
     224685.000 ns	     22467	80004f70	d9cfe297	auipc	x5,0xd9cfe	  x5=0x59d02f70
     224705.000 ns	     22469	80004f74	28aa84d3	fmin.s	f9,f21,f10	 f21:0x00000000 f10:0x00000000  f9=0x00000000
     224735.000 ns	     22472	80004f78	29351ad3	fmax.s	f21,f10,f19	 f10:0x00000000 f19:0x00000001 f21=0x00000001
     224755.000 ns	     22474	80004f7c	00000013	addi	x0,x0,0	  x0:0x00000000
     224775.000 ns	     22476	80004f80	e00a18d3	fclass.s	x17,f20	 f20:0x00000000 x17=0x00000010
     224805.000 ns	     22479	80004f84	d01c4dd3	fcvt.s.wu	f27,x24	 x24:0x80040fe4 f27=0x4f000410
     224825.000 ns	     22481	80004f88	01ab8433	add	x8,x23,x26	 x23:0x00000000 x26:0x00000000  x8=0x00000000
     224845.000 ns	     22483	80004f8c	02af4433	div	x8,x30,x10	 x30:0x00000001 x10:0x00000000  x8=0xffffffff
     224875.000 ns	     22486	80004f90	e00613d3	fclass.s	x7,f12	 f12:0xbf800000  x7=0x00000002
     224895.000 ns	     22488	80004f94	413ad993	srai	x19,x21,0x13	 x21:0x00000000 x19=0x00000000
     224915.000 ns	     22490	80004f98	209b87d3	fsgnj.s	f15,f23,f9	 f23:0x4faeb0e0  f9:0x00000000 f15=0x4faeb0e0
     224935.000 ns	     22492	80004f9c	014762b3	or	x5,x14,x20	 x14:0x00000000 x20:0xffffffff  x5=0xffffffff
     224975.000 ns	     22496	80004fa0	0075f0d3	fadd.s	f1,f11,f7	 f11:0x00000000  f7:0xbf800000  f1=0xbf800000
     225005.000 ns	     22499	80004fa4	c01546d3	fcvt.wu.s	x13,f10	 f10:0x00000000 x13=0x00000000
     225045.000 ns	     22503	80004fa8	580a75d3	fsqrt.s	f11,f20	 f20:0x00000000 f11=0x00000000
     225075.000 ns	     22506	80004fac	a0561ed3	flt.s	x29,f12,f5	 f12:0xbf800000  f5:0x44f14000 x29=0x00000001
     225105.000 ns	     22509	80004fb0	a064a853	feq.s	x16,f9,f6	  f9:0x00000000  f6:0x00000001 x16=0x00000000
     225135.000 ns	     22512	80004fb4	212b1d53	fsgnjn.s	f26,f22,f18	 f22:0xc4f12000 f18:0x3f800000 f26=0xc4f12000
     225165.000 ns	     22515	80004fb8	03202933	mulhsu	x18,x0,x18	  x0:0x00000000 x18:0x00000000 x18=0x00000000
     225195.000 ns	     22518	80004fbc	03936d33	rem	x26,x6,x25	  x6:0x0000014b x25:0x00000000 x26=0x0000014b
     225225.000 ns	     22521	80004fc0	f00c85d3	fmv.w.x	f11,x25	 x25:0x00000000 f11=0x00000000
     225255.000 ns	     22524	80004fc4	21a10253	fsgnj.s	f4,f2,f26	  f2:0x00000000 f26:0xc4f12000  f4=0x80000000
     225285.000 ns	     22527	80004fc8	288514d3	fmax.s	f9,f10,f8	 f10:0x00000000  f8:0x4f2eb0e0  f9=0x4f2eb0e0
     225315.000 ns	     22530	80004fcc	e00c1a53	fclass.s	x20,f24	 f24:0xcf2eb0df x20=0x00000002
     225335.000 ns	     22532	80004fd0	402987b3	sub	x15,x19,x2	 x19:0x00000000  x2:0xfffff9f5 x15=0x0000060b
     225345.000 ns	     22533	80004fd4	09ef6213	ori	x4,x30,158	 x30:0x00000001  x4=0x0000009f
     225365.000 ns	     22535	80004fd8	d008a253	fcvt.s.w	f4,x17	 x17:0x00000010  f4=0x41800000
     225385.000 ns	     22537	80004fdc	01f23db3	sltu	x27,x4,x31	  x4:0xffffffff x31:0x00000000 x27=0x00000000
     225395.000 ns	     22538	80004fe0	00b1d6b3	srl	x13,x3,x11	  x3:0x00000000 x11:0x00000000 x13=0x00000000
     225425.000 ns	     22541	80004fe4	1047a353	fmul.s	f6,f15,f4	 f15:0x4faeb0e0  f4:0x41800000  f6=0x51aeb0e0
     225445.000 ns	     22543	80004fe8	40ab0833	sub	x16,x22,x10	 x22:0x00000000 x10:0x00000000 x16=0x00000000
     225805.000 ns	     22579	80004fec	024bf1b3	remu	x3,x23,x4	 x23:0x00000000  x4:0x0000009f  x3=0x00000000
     225825.000 ns	     22581	80004ff0	01e3b033	sltu	x0,x7,x30	  x7:0x00000002 x30:0x00000001
     225865.000 ns	     22585	80004ff4	006bbad3	fadd.s	f21,f23,f6	 f23:0x4faeb0e0  f6:0x51aeb0e0 f21=0x51b99bee
     225915.000 ns	     22590	80004ff8	09bf78d3	fsub.s	f17,f30,f27	 f30:0x00000000 f27:0x4f000410 f17=0xcf000410
     225935.000 ns	     22592	80004ffc	01ba3a33	sltu	x20,x20,x27	 x20:0x00000002 x27:0x00000000 x20=0x00000000
     226295.000 ns	     22628	80005000	03825333	divu	x6,x4,x24	  x4:0x0000009f x24:0x80040fe4  x6=0x00000000
     226315.000 ns	     22630	80005004	aaf3ba13	sltiu	x20,x7,-1361	  x7:0x00000002 x20=0x00000001
     226325.000 ns	     22631	80005008	00a8c933	xor	x18,x17,x10	 x17:0x00000010 x10:0x00000000 x18=0x00000010
     226335.000 ns	     22632	8000500c	01bf4ab3	xor	x21,x30,x27	 x30:0x00000001 x27:0x00000000 x21=0x00000001
     226345.000 ns	     22633	80005010	01811913	slli	x18,x2,0x18	  x2:0xfffff9f5 x18=0xf5000000
     226365.000 ns	     22635	80005014	0393feb3	remu	x29,x7,x25	  x7:0x00000002 x25:0x00000000 x29=0x00000002
     226415.000 ns	     22640	80005018	0803f253	fsub.s	f4,f7,f0	  f7:0xbf800000  f0:0x4f2eb0e0  f4=0xcf2eb0e0
     226445.000 ns	     22643	8000501c	02410033	mul	x0,x2,x4	  x2:0xfffff9f5  x4:0x0000009f
     226465.000 ns	     22645	80005020	01871133	sll	x2,x14,x24	 x14:0x00000000 x24:0x80040fe4  x2=0x00000000
     226485.000 ns	     22647	80005024	f0008753	fmv.w.x	f14,x1	  x1:0x000002f7 f14=0x000002f7
     226535.000 ns	     22652	80005028	000d7fd3	fadd.s	f31,f26,f0	 f26:0xc4f12000  f0:0x4f2eb0e0 f31=0x4f2eb0d8
     226565.000 ns	     22655	8000502c	a07587d3	fle.s	x15,f11,f7	 f11:0x00000000  f7:0xbf800000 x15=0x00000000
     226595.000 ns	     22658	80005030	033b0933	mul	x18,x22,x19	 x22:0x00000000 x19:0x00000000 x18=0x00000000
     226615.000 ns	     22660	80005034	013eefb3	or	x31,x29,x19	 x29:0x00000002 x19:0x00000000 x31=0x00000002
     226625.000 ns	     22661	80005038	d26f6813	ori	x16,x30,-730	 x30:0x00000001 x16=0xfffffd27
     226635.000 ns	     22662	8000503c	7b2b7713	andi	x14,x22,1970	 x22:0x00000000 x14=0x00000000
     226645.000 ns	     22663	80005040	01649eb3	sll	x29,x9,x22	  x9:0x80041024 x22:0x00000000 x29=0x80041024
     226665.000 ns	     22665	80005044	f00f8253	fmv.w.x	f4,x31	 x31:0x00000002  f4=0x00000002
     226685.000 ns	     22667	80005048	00ab5333	srl	x6,x22,x10	 x22:0x00000000 x10:0x00000000  x6=0x00000000
     226695.000 ns	     22668	8000504c	400dda13	srai	x20,x27,0x0	 x27:0x00000000 x20=0x00000000
     226705.000 ns	     22669	80005050	0f89a193	slti	x3,x19,248	 x19:0x00000000  x3=0x00000001
     226715.000 ns	     22670	80005054	3a7ca413	slti	x8,x25,935	 x25:0x00000000  x8=0x00000001
     226725.000 ns	     22671	80005058	f75b0893	addi	x17,x22,-139	 x22:0x00000000 x17=0xffffff75
     226735.000 ns	     22672	8000505c	00000013	addi	x0,x0,0	  x0:0x00000000
     226745.000 ns	     22673	80005060	40ddd293	srai	x5,x27,0xd	 x27:0x00000000  x5=0x00000000
     226765.000 ns	     22675	80005064	d00573d3	fcvt.s.w	f7,x10	 x10:0x00000000  f7=0x00000000
     226785.000 ns	     22677	80005068	00288633	add	x12,x17,x2	 x17:0xffffff75  x2:0x00000000 x12=0xffffff75
     226795.000 ns	     22678	8000506c	1d3cc937	lui	x18,0x1d3cc	 x18=0x1d3cc000
     226815.000 ns	     22680	80005070	d0122353	fcvt.s.wu	f6,x4	  x4:0x0000009f  f6=0x431f0000
     226845.000 ns	     22683	80005074	02ac72b3	remu	x5,x24,x10	 x24:0x80040fe4 x10:0x00000000  x5=0x80040fe4
     226875.000 ns	     22686	80005078	c009f3d3	fcvt.w.s	x7,f19	 f19:0x00000001  x7=0x00000000
     226905.000 ns	     22689	8000507c	a0f70053	fle.s	x0,f14,f15	 f14:0x000002f7 f15:0x4faeb0e0
     227275.000 ns	     22726	80005080	03acddb3	divu	x27,x25,x26	 x25:0x00000000 x26:0x0000014b x27=0x00000000
     227325.000 ns	     22731	80005084	00e0ad53	fadd.s	f26,f1,f14	  f1:0xbf800000 f14:0x000002f7 f26=0xbf800000
     227345.000 ns	     22733	80005088	00331e93	slli	x29,x6,0x3	  x6:0x00000000 x29=0x00000000
     227705.000 ns	     22769	8000508c	038b7bb3	remu	x23,x22,x24	 x22:0x00000000 x24:0x80040fe4 x23=0x00000000
     227735.000 ns	     22772	80005090	a1982fd3	feq.s	x31,f16,f25	 f16:0x00000000 f25:0x00000000 x31=0x00000001
     227755.000 ns	     22774	80005094	01f0c2b3	xor	x5,x1,x31	  x1:0x000002f7 x31:0x00000002  x5=0x000002f6
     227775.000 ns	     22776	80005098	028bb5b3	mulhu	x11,x23,x8	 x23:0x00000000  x8:0x00000001 x11=0x00000000
     227795.000 ns	     22778	8000509c	13c68593	addi	x11,x13,316	 x13:0x00000000 x11=0x0000013c
     227805.000 ns	     22779	800050a0	00e59f93	slli	x31,x11,0xe	 x11:0x00000000 x31=0x004f0000
     227825.000 ns	     22781	800050a4	02dc79b3	remu	x19,x24,x13	 x24:0x80040fe4 x13:0x00000000 x19=0x80040fe4
     227845.000 ns	     22783	800050a8	00000013	addi	x0,x0,0	  x0:0x00000000
     227855.000 ns	     22784	800050ac	00bb0133	add	x2,x22,x11	 x22:0x00000000 x11:0x0000013c  x2=0x0000013c
     227865.000 ns	     22785	800050b0	11b956b7	lui	x13,0x11b95	 x13=0x11b95000
     227905.000 ns	     22789	800050b4	09278253	fsub.s	f4,f15,f18	 f15:0x4faeb0e0 f18:0x3f800000  f4=0x4faeb0e0
     227935.000 ns	     22792	800050b8	a14aa553	feq.s	x10,f21,f20	 f21:0x51b99bee f20:0x00000000 x10=0x00000000
     227955.000 ns	     22794	800050bc	19cb2b93	slti	x23,x22,412	 x22:0x00000000 x23=0x00000001
     227985.000 ns	     22797	800050c0	11e976d3	fmul.s	f13,f18,f30	 f18:0x3f800000 f30:0x00000000 f13=0x00000000
     228015.000 ns	     22800	800050c4	21780553	fsgnj.s	f10,f16,f23	 f16:0x00000000 f23:0x4faeb0e0 f10=0x00000000
     228045.000 ns	     22803	800050c8	211b09d3	fsgnj.s	f19,f22,f17	 f22:0xc4f12000 f17:0xcf000410 f19=0xc4f12000
     228415.000 ns	     22840	800050cc	030159b3	divu	x19,x2,x16	  x2:0x0000013c x16:0xfffffd27 x19=0x00000000
     228465.000 ns	     22845	800050d0	017c7cd3	fadd.s	f25,f24,f23	 f24:0xcf2eb0df f23:0x4faeb0e0 f25=0x4f2eb0e0
     228485.000 ns	     22847	800050d4	00a24933	xor	x18,x4,x10	  x4:0x0000009f x10:0x00000000 x18=0x0000009f
     228505.000 ns	     22849	800050d8	21412e53	fsgnjx.s	f28,f2,f20	  f2:0x00000000 f20:0x00000000 f28=0x00000000
     228535.000 ns	     22852	800050dc	0237b833	mulhu	x16,x15,x3	 x15:0x00000000  x3:0x00000001 x16=0x00000000
     228565.000 ns	     22855	800050e0	e00711d3	fclass.s	x3,f14	 f14:0x000002f7  x3=0x00000020
     228595.000 ns	     22858	800050e4	a0d48253	fle.s	x4,f9,f13	  f9:0x4f2eb0e0 f13:0x00000000  x4=0x00000000
     228615.000 ns	     22860	800050e8	00e82ab3	slt	x21,x16,x14	 x16:0x00000000 x14:0x00000000 x21=0x00000000
     228635.000 ns	     22862	800050ec	033eefb3	rem	x31,x29,x19	 x29:0x00000000 x19:0x00000000 x31=0x00000000
     228665.000 ns	     22865	800050f0	f00a0953	fmv.w.x	f18,x20	 x20:0x00000000 f18=0x00000000
     228685.000 ns	     22867	800050f4	40f28d33	sub	x26,x5,x15	  x5:0x000002f6 x15:0x00000000 x26=0x000002f6
     228705.000 ns	     22869	800050f8	03b5f533	remu	x10,x11,x27	 x11:0x0000013c x27:0x00000000 x10=0x0000013c
     228735.000 ns	     22872	800050fc	032b1f33	mulh	x30,x22,x18	 x22:0x00000000 x18:0x0000009f x30=0x00000000
     228765.000 ns	     22875	80005100	0221b0b3	mulhu	x1,x3,x2	  x3:0x00000020  x2:0x0000013c  x1=0x00000000
     228805.000 ns	     22879	80005104	19eef3d3	fdiv.s	f7,f29,f30	 f29:0x3f9e0018 f30:0x00000000  f7=0x7f800000
     228835.000 ns	     22882	80005108	03946d33	rem	x26,x8,x25	  x8:0x00000001 x25:0x00000000 x26=0x00000001
     228865.000 ns	     22885	8000510c	c00973d3	fcvt.w.s	x7,f18	 f18:0x00000000  x7=0x00000000
     228895.000 ns	     22888	80005110	a16008d3	fle.s	x17,f0,f22	  f0:0x4f2eb0e0 f22:0xc4f12000 x17=0x00000000
     228915.000 ns	     22890	80005114	01f03533	sltu	x10,x0,x31	  x0:0x00000000 x31:0x00000000 x10=0x00000000
     228935.000 ns	     22892	80005118	209797d3	fsgnjn.s	f15,f15,f9	 f15:0x4faeb0e0  f9:0x4f2eb0e0 f15=0xcfaeb0e0
     228965.000 ns	     22895	8000511c	c009be53	fcvt.w.s	x28,f19	 f19:0xc4f12000 x28=0xfffff877
     228995.000 ns	     22898	80005120	c00df1d3	fcvt.w.s	x3,f27	 f27:0x4f000410  x3=0x7fffffff
     229365.000 ns	     22935	80005124	032ae733	rem	x14,x21,x18	 x21:0x00000000 x18:0x0000009f x14=0x00000000
     229415.000 ns	     22940	80005128	017abe53	fadd.s	f28,f21,f23	 f21:0x51b99bee f23:0x4faeb0e0 f28=0x51c486fc
     229445.000 ns	     22943	8000512c	d00d40d3	fcvt.s.w	f1,x26	 x26:0x00000001  f1=0x3f800000
     229495.000 ns	     22948	80005130	009a7753	fadd.s	f14,f20,f9	 f20:0x00000000  f9:0x4f2eb0e0 f14=0x4f2eb0e0
     229525.000 ns	     22951	80005134	c01e2dd3	fcvt.wu.s	x27,f28	 f28:0x51c486fc x27=0xffffffff
     229545.000 ns	     22953	80005138	0193deb3	srl	x29,x7,x25	  x7:0x00000000 x25:0x00000000 x29=0x00000000
     229565.000 ns	     22955	8000513c	a0df8ed3	fle.s	x29,f31,f13	 f31:0x4f2eb0d8 f13:0x00000000 x29=0x00000000
     229595.000 ns	     22958	80005140	20a80d53	fsgnj.s	f26,f16,f10	 f16:0x00000000 f10:0x00000000 f26=0x00000000
     229625.000 ns	     22961	80005144	e0040bd3	fmv.x.w	x23,f8	  f8:0x4f2eb0e0 x23=0x4f2eb0e0
     229655.000 ns	     22964	80005148	03581d33	mulh	x26,x16,x21	 x16:0x00000000 x21:0x00000000 x26=0x00000000
     229675.000 ns	     22966	8000514c	74503237	lui	x4,0x74503	  x4=0x74503000
     229715.000 ns	     22970	80005150	00f8b453	fadd.s	f8,f17,f15	 f17:0xcf000410 f15:0xcfaeb0e0  f8=0xcfeeb2e8
     229745.000 ns	     22973	80005154	c005f3d3	fcvt.w.s	x7,f11	 f11:0x00000000  x7=0x00000000
     229795.000 ns	     22978	80005158	09fa3c53	fsub.s	f24,f20,f31	 f20:0x00000000 f31:0x4f2eb0d8 f24=0xcf2eb0d8
     230165.000 ns	     23015	8000515c	02b0deb3	divu	x29,x1,x11	  x1:0x00000000 x11:0x0000013c x29=0x00000000
     230195.000 ns	     23018	80005160	29e89a53	fmax.s	f20,f17,f30	 f17:0xcf000410 f30:0x00000000 f20=0x00000000
     230215.000 ns	     23020	80005164	01335db3	srl	x27,x6,x19	  x6:0x00000000 x19:0x00000000 x27=0x00000000
     230225.000 ns	     23021	80005168	b7fdbe93	sltiu	x29,x27,-1153	 x27:0xffffffff x29=0x00000001
     230245.000 ns	     23023	8000516c	a02618d3	flt.s	x17,f12,f2	 f12:0xbf800000  f2:0x00000000 x17=0x00000001
     230275.000 ns	     23026	80005170	d00a76d3	fcvt.s.w	f13,x20	 x20:0x00000000 f13=0x00000000
     230305.000 ns	     23029	80005174	d00e7053	fcvt.s.w	f0,x28	 x28:0xfffff877  f0=0xc4f12000
     230325.000 ns	     23031	80005178	016ad633	srl	x12,x21,x22	 x21:0x00000000 x22:0x00000000 x12=0x00000000
     230345.000 ns	     23033	8000517c	e0068ed3	fmv.x.w	x29,f13	 f13:0x00000000 x29=0x00000000
     230375.000 ns	     23036	80005180	02e8ab33	mulhsu	x22,x17,x14	 x17:0x00000001 x14:0x00000000 x22=0x00000000
     230395.000 ns	     23038	80005184	413985b3	sub	x11,x19,x19	 x19:0x00000000 x19:0x00000000 x11=0x00000000
     230425.000 ns	     23041	80005188	19a473d3	fdiv.s	f7,f8,f26	  f8:0xcfeeb2e8 f26:0x00000000  f7=0xff800000
     230455.000 ns	     23044	8000518c	03029533	mulh	x10,x5,x16	  x5:0x000002f6 x16:0x00000000 x10=0x00000000
     230485.000 ns	     23047	80005190	a077a6d3	feq.s	x13,f15,f7	 f15:0xcfaeb0e0  f7:0xff800000 x13=0x00000000
     230505.000 ns	     23049	80005194	418c5993	srai	x19,x24,0x18	 x24:0x80040fe4 x19=0xffffff80
     230535.000 ns	     23052	80005198	11f1fed3	fmul.s	f29,f3,f31	  f3:0x4faeb0e0 f31:0x4f2eb0d8 f29=0x5f6e69ca
     230565.000 ns	     23055	8000519c	036b7433	remu	x8,x22,x22	 x22:0x00000000 x22:0x00000000  x8=0x00000000
     230595.000 ns	     23058	800051a0	e0008053	fmv.x.w	x0,f1	  f1:0x3f800000
     230615.000 ns	     23060	800051a4	0130db93	srli	x23,x1,0x13	  x1:0x00000000 x23=0x00000000
     230625.000 ns	     23061	800051a8	406b5633	sra	x12,x22,x6	 x22:0x00000000  x6:0x00000000 x12=0x00000000
     230645.000 ns	     23063	800051ac	28a68d53	fmin.s	f26,f13,f10	 f13:0x00000000 f10:0x00000000 f26=0x00000000
     230675.000 ns	     23066	800051b0	a1d4add3	feq.s	x27,f9,f29	  f9:0x4f2eb0e0 f29:0x5f6e69ca x27=0x00000000
     230705.000 ns	     23069	800051b4	2080add3	fsgnjx.s	f27,f1,f8	  f1:0x3f800000  f8:0xcfeeb2e8 f27=0xbf800000
     230735.000 ns	     23072	800051b8	2025a953	fsgnjx.s	f18,f11,f2	 f11:0x00000000  f2:0x00000000 f18=0x00000000
     230765.000 ns	     23075	800051bc	02bdb333	mulhu	x6,x27,x11	 x27:0x00000000 x11:0x00000000  x6=0x00000000
     230785.000 ns	     23077	800051c0	0e3c0313	addi	x6,x24,227	 x24:0x80040fe4  x6=0x800410c7
     230825.000 ns	     23081	800051c4	085b7453	fsub.s	f8,f22,f5	 f22:0xc4f12000  f5:0x44f14000  f8=0xc5713000
     230855.000 ns	     23084	800051c8	d00bc653	fcvt.s.w	f12,x23	 x23:0x00000000 f12=0x00000000
     230885.000 ns	     23087	800051cc	e00e1753	fclass.s	x14,f28	 f28:0x51c486fc x14=0x00000040
     230915.000 ns	     23090	800051d0	02c93d33	mulhu	x26,x18,x12	 x18:0x0000009f x12:0x00000000 x26=0x00000000
     230945.000 ns	     23093	800051d4	020ab033	mulhu	x0,x21,x0	 x21:0x00000000  x0:0x00000000
     230965.000 ns	     23095	800051d8	01e3adb3	slt	x27,x7,x30	  x7:0x00000000 x30:0x00000000 x27=0x00000000
     230975.000 ns	     23096	800051dc	b62ed997	auipc	x19,0xb62ed	 x19=0x362f21dc
     230995.000 ns	     23098	800051e0	0253a333	mulhsu	x6,x7,x5	  x7:0x00000000  x5:0x000002f6  x6=0x00000000
     231015.000 ns	     23100	800051e4	0026bab3	sltu	x21,x13,x2	 x13:0x00000000  x2:0x0000013c x21=0x00000001
     231035.000 ns	     23102	800051e8	c00ef253	fcvt.w.s	x4,f29	 f29:0x5f6e69ca  x4=0x7fffffff
     231065.000 ns	     23105	800051ec	a17f2ad3	feq.s	x21,f30,f23	 f30:0x00000000 f23:0x4faeb0e0 x21=0x00000000
     231085.000 ns	     23107	800051f0	4a4d3b93	sltiu	x23,x26,1188	 x26:0x00000000 x23=0x00000001
     231095.000 ns	     23108	800051f4	004a07b3	add	x15,x20,x4	 x20:0x00000000  x4:0x7fffffff x15=0x7fffffff
     231105.000 ns	     23109	800051f8	52d83d97	auipc	x27,0x52d83	 x27=0xd2d881f8
     231115.000 ns	     23110	800051fc	01ef7633	and	x12,x30,x30	 x30:0x00000000 x30:0x00000000 x12=0x00000000
     231125.000 ns	     23111	80005200	c6120d37	lui	x26,0xc6120	 x26=0xc6120000
     231145.000 ns	     23113	80005204	d003b8d3	fcvt.s.w	f17,x7	  x7:0x00000000 f17=0x00000000
     231165.000 ns	     23115	80005208	0021a9b3	slt	x19,x3,x2	  x3:0x7fffffff  x2:0x0000013c x19=0x00000000
     231195.000 ns	     23118	8000520c	112af9d3	fmul.s	f19,f21,f18	 f21:0x51b99bee f18:0x00000000 f19=0x00000000
     231225.000 ns	     23121	80005210	e00e93d3	fclass.s	x7,f29	 f29:0x5f6e69ca  x7=0x00000040
     231565.000 ns	     23155	80005214	19baa153	fdiv.s	f2,f21,f27	 f21:0x51b99bee f27:0xbf800000  f2=0xd13ff25e
     231595.000 ns	     23158	80005218	03d3e533	rem	x10,x7,x29	  x7:0x00000040 x29:0x00000000 x10=0x00000040
     231625.000 ns	     23161	8000521c	209e0653	fsgnj.s	f12,f28,f9	 f28:0x51c486fc  f9:0x4f2eb0e0 f12=0x51c486fc
     231965.000 ns	     23195	80005220	183aa753	fdiv.s	f14,f21,f3	 f21:0x51b99bee  f3:0x4faeb0e0 f14=0x41399bee
     231995.000 ns	     23198	80005224	21552253	fsgnjx.s	f4,f10,f21	 f10:0x00000000 f21:0x51b99bee  f4=0x00000000
     232015.000 ns	     23200	80005228	003ed6b3	srl	x13,x29,x3	 x29:0x00000000  x3:0x7fffffff x13=0x00000000
     232025.000 ns	     23201	8000522c	000ebdb3	sltu	x27,x29,x0	 x29:0x00000000  x0:0x00000000 x27=0x00000000
     232035.000 ns	     23202	80005230	01434233	xor	x4,x6,x20	  x6:0x00000000 x20:0x00000000  x4=0x00000000
     232055.000 ns	     23204	80005234	2185a453	fsgnjx.s	f8,f11,f24	 f11:0x00000000 f24:0xcf2eb0d8  f8=0x80000000
     232075.000 ns	     23206	80005238	00720f33	add	x30,x4,x7	  x4:0x7fffffff  x7:0x00000040 x30=0x00000040
     232115.000 ns	     23210	8000523c	08b73553	fsub.s	f10,f14,f11	 f14:0x41399bee f11:0x00000000 f10=0x41399bee
     232145.000 ns	     23213	80005240	03b850b3	divu	x1,x16,x27	 x16:0x00000000 x27:0x00000000  x1=0xffffffff
     232175.000 ns	     23216	80005244	03b9c533	div	x10,x19,x27	 x19:0x00000000 x27:0x00000000 x10=0xffffffff
     232195.000 ns	     23218	80005248	40a45513	srai	x10,x8,0xa	  x8:0x00000000 x10=0x00000000
     232215.000 ns	     23220	8000524c	d008bcd3	fcvt.s.w	f25,x17	 x17:0x00000001 f25=0x3f800000
     232245.000 ns	     23223	80005250	217698d3	fsgnjn.s	f17,f13,f23	 f13:0x00000000 f23:0x4faeb0e0 f17=0x80000000
     232275.000 ns	     23226	80005254	e0020353	fmv.x.w	x6,f4	  f4:0x00000000  x6=0x00000000
     232295.000 ns	     23228	80005258	41705913	srai	x18,x0,0x17	  x0:0x00000000 x18=0x00000000
     232305.000 ns	     23229	8000525c	41ffd793	srai	x15,x31,0x1f	 x31:0x00000000 x15=0x00000000
     232325.000 ns	     23231	80005260	f00c00d3	fmv.w.x	f1,x24	 x24:0x80040fe4  f1=0x80040fe4
     232345.000 ns	     23233	80005264	00ef51b3	srl	x3,x30,x14	 x30:0x00000040 x14:0x00000040  x3=0x00000040
     232355.000 ns	     23234	80005268	0050f1b3	and	x3,x1,x5	  x1:0xffffffff  x5:0x000002f6  x3=0x000002f6
     232375.000 ns	     23236	8000526c	0296b733	mulhu	x14,x13,x9	 x13:0x00000000  x9:0x80041024 x14=0x00000000
     232405.000 ns	     23239	80005270	281b9fd3	fmax.s	f31,f23,f1	 f23:0x4faeb0e0  f1:0x80040fe4 f31=0x4faeb0e0
     232435.000 ns	     23242	80005274	28f11253	fmax.s	f4,f2,f15	  f2:0xd13ff25e f15:0xcfaeb0e0  f4=0xcfaeb0e0
     232455.000 ns	     23244	80005278	417fd193	srai	x3,x31,0x17	 x31:0x00000000  x3=0x00000000
     232475.000 ns	     23246	8000527c	c013cfd3	fcvt.wu.s	x31,f7	  f7:0xff800000 x31=0x00000000
     232505.000 ns	     23249	80005280	a04b9953	flt.s	x18,f23,f4	 f23:0x4faeb0e0  f4:0xcfaeb0e0 x18=0x00000000
     232535.000 ns	     23252	80005284	e0041753	fclass.s	x14,f8	  f8:0x80000000 x14=0x00000008
     232565.000 ns	     23255	80005288	a0c2a453	feq.s	x8,f5,f12	  f5:0x44f14000 f12:0x51c486fc  x8=0x00000000
     232595.000 ns	     23258	8000528c	c01f0fd3	fcvt.wu.s	x31,f30	 f30:0x00000000 x31=0x00000000
     232615.000 ns	     23260	80005290	011823b3	slt	x7,x16,x17	 x16:0x00000000 x17:0x00000001  x7=0x00000001
     232975.000 ns	     23296	80005294	022dd333	divu	x6,x27,x2	 x27:0x00000000  x2:0x0000013c  x6=0x00000000
     232995.000 ns	     23298	80005298	5e97f593	andi	x11,x15,1513	 x15:0x00000000 x11=0x00000000
     234165.000 ns	     23415	8000529c	58037c53	fsqrt.s	f24,f6	  f6:0x431f0000 f24=0x40e0db92
     234215.000 ns	     23420	800052a0	01a57953	fadd.s	f18,f10,f26	 f10:0x41399bee f26:0x00000000 f18=0x41399bee
     234245.000 ns	     23423	800052a4	d0051fd3	fcvt.s.w	f31,x10	 x10:0x00000000 f31=0x00000000
     234275.000 ns	     23426	800052a8	030b0333	mul	x6,x22,x16	 x22:0x00000000 x16:0x00000000  x6=0x00000000
     234645.000 ns	     23463	800052ac	0259f1b3	remu	x3,x19,x5	 x19:0x00000000  x5:0x000002f6  x3=0x00000000
     234675.000 ns	     23466	800052b0	039a9133	mulh	x2,x21,x25	 x21:0x00000000 x25:0x00000000  x2=0x00000000
     234695.000 ns	     23468	800052b4	01373733	sltu	x14,x14,x19	 x14:0x00000008 x19:0x00000000 x14=0x00000000
     234705.000 ns	     23469	800052b8	01b15393	srli	x7,x2,0x1b	  x2:0x00000000  x7=0x00000000
     234735.000 ns	     23472	800052bc	580df653	fsqrt.s	f12,f27	 f27:0xbf800000 f12=0x7fc00000
     234755.000 ns	     23474	800052c0	139c4793	xori	x15,x24,313	 x24:0x80040fe4 x15=0x80040edd
     234775.000 ns	     23476	800052c4	a19e9ad3	flt.s	x21,f29,f25	 f29:0x5f6e69ca f25:0x3f800000 x21=0x00000000
     234825.000 ns	     23481	800052c8	01054153	fadd.s	f2,f10,f16	 f10:0x41399bee f16:0x00000000  f2=0x41399bee
     234845.000 ns	     23483	800052cc	00000013	addi	x0,x0,0	  x0:0x00000000
     234855.000 ns	     23484	800052d0	01cde433	or	x8,x27,x28	 x27:0x00000000 x28:0xfffff877  x8=0xfffff877
     234865.000 ns	     23485	800052d4	39fee693	ori	x13,x29,927	 x29:0x00000000 x13=0x0000039f
     234885.000 ns	     23487	800052d8	020056b3	divu	x13,x0,x0	  x0:0x00000000  x0:0x00000000 x13=0xffffffff
     234915.000 ns	     23490	800052dc	02efd9b3	divu	x19,x31,x14	 x31:0x00000000 x14:0x00000000 x19=0xffffffff
     234935.000 ns	     23492	800052e0	e7176b93	ori	x23,x14,-399	 x14:0x00000000 x23=0xfffffe71
     234955.000 ns	     23494	800052e4	03d4f2b3	remu	x5,x9,x29	  x9:0x80041024 x29:0x00000000  x5=0x80041024
     234995.000 ns	     23498	800052e8	111dfed3	fmul.s	f29,f27,f17	 f27:0xbf800000 f17:0x80000000 f29=0x00000000
     235045.000 ns	     23503	800052ec	00857fd3	fadd.s	f31,f10,f8	 f10:0x41399bee  f8:0x80000000 f31=0x41399bee
     235065.000 ns	     23505	800052f0	01647eb3	and	x29,x8,x22	  x8:0xfffff877 x22:0x00000000 x29=0x00000000
     235075.000 ns	     23506	800052f4	c86bfe93	andi	x29,x23,-890	 x23:0xfffffe71 x29=0xfffffc00
     235085.000 ns	     23507	800052f8	01198f33	add	x30,x19,x17	 x19:0xffffffff x17:0x00000001 x30=0x00000000
     235105.000 ns	     23509	800052fc	a0152ad3	feq.s	x21,f10,f1	 f10:0x41399bee  f1:0x80040fe4 x21=0x00000000
     235125.000 ns	     23511	80005300	01b89d33	sll	x26,x17,x27	 x17:0x00000001 x27:0x00000000 x26=0x00000001
     235145.000 ns	     23513	80005304	e0048ed3	fmv.x.w	x29,f9	  f9:0x4f2eb0e0 x29=0x4f2eb0e0
     235165.000 ns	     23515	80005308	00000013	addi	x0,x0,0	  x0:0x00000000
     235185.000 ns	     23517	8000530c	e0029ed3	fclass.s	x29,f5	  f5:0x44f14000 x29=0x00000040
     235205.000 ns	     23519	80005310	a375dd17	auipc	x26,0xa375d	 x26=0x23762310
     235215.000 ns	     23520	80005314	003a5f93	srli	x31,x20,0x3	 x20:0x00000000 x31=0x00000000
     235575.000 ns	     23556	80005318	02846eb3	rem	x29,x8,x8	  x8:0xfffff877  x8:0xfffff877 x29=0x00000000
     235595.000 ns	     23558	8000531c	01aa0b33	add	x22,x20,x26	 x20:0x00000000 x26:0x23762310 x22=0x23762310
     235615.000 ns	     23560	80005320	024981b3	mul	x3,x19,x4	 x19:0xffffffff  x4:0x00000000  x3=0x00000000
     235635.000 ns	     23562	80005324	cd9aea93	ori	x21,x21,-807	 x21:0x00000000 x21=0xfffffcd9
     235675.000 ns	     23566	80005328	00b279d3	fadd.s	f19,f4,f11	  f4:0xcfaeb0e0 f11:0x00000000 f19=0xcfaeb0e0
     235705.000 ns	     23569	8000532c	c0127053	fcvt.wu.s	x0,f4	  f4:0xcfaeb0e0
     235735.000 ns	     23572	80005330	21050ad3	fsgnj.s	f21,f10,f16	 f10:0x41399bee f16:0x00000000 f21=0x41399bee
     235765.000 ns	     23575	80005334	0259ad33	mulhsu	x26,x19,x5	 x19:0xffffffff  x5:0x80041024 x26=0xffffffff
     235795.000 ns	     23578	80005338	21bf84d3	fsgnj.s	f9,f31,f27	 f31:0x41399bee f27:0xbf800000  f9=0xc1399bee
     235825.000 ns	     23581	8000533c	d0137fd3	fcvt.s.wu	f31,x6	  x6:0x00000000 f31=0x00000000
     235865.000 ns	     23585	80005340	113d0e53	fmul.s	f28,f26,f19	 f26:0x00000000 f19:0xcfaeb0e0 f28=0x80000000
     235895.000 ns	     23588	80005344	038a21b3	mulhsu	x3,x20,x24	 x20:0x00000000 x24:0x80040fe4  x3=0x00000000
     235915.000 ns	     23590	80005348	00000013	addi	x0,x0,0	  x0:0x00000000
     235955.000 ns	     23594	8000534c	0025f853	fadd.s	f16,f11,f2	 f11:0x00000000  f2:0x41399bee f16=0x41399bee
     235975.000 ns	     23596	80005350	01f9d433	srl	x8,x19,x31	 x19:0xffffffff x31:0x00000000  x8=0xffffffff
     235995.000 ns	     23598	80005354	c0000ed3	fcvt.w.s	x29,f0	  f0:0xc4f12000 x29=0xfffff877
     236025.000 ns	     23601	80005358	a00c1a53	flt.s	x20,f24,f0	 f24:0x40e0db92  f0:0xc4f12000 x20=0x00000000
     236055.000 ns	     23604	8000535c	20080ad3	fsgnj.s	f21,f16,f0	 f16:0x41399bee  f0:0xc4f12000 f21=0xc1399bee
     236075.000 ns	     23606	80005360	0147fa33	and	x20,x15,x20	 x15:0x80040edd x20:0x00000000 x20=0x00000000
     236095.000 ns	     23608	80005364	02b2d7b3	divu	x15,x5,x11	  x5:0x80041024 x11:0x00000000 x15=0xffffffff
     236125.000 ns	     23611	80005368	03ba3f33	mulhu	x30,x20,x27	 x20:0x00000000 x27:0x00000000 x30=0x00000000
     236145.000 ns	     23613	8000536c	004ea7b3	slt	x15,x29,x4	 x29:0xfffff877  x4:0x00000000 x15=0x00000001
     236155.000 ns	     23614	80005370	011b8833	add	x16,x23,x17	 x23:0xfffffe71 x17:0x00000001 x16=0xfffffe72
     236175.000 ns	     23616	80005374	03267633	remu	x12,x12,x18	 x12:0x00000000 x18:0x00000000 x12=0x00000000
     236195.000 ns	     23618	80005378	432ac6b7	lui	x13,0x432ac	 x13=0x432ac000
     236205.000 ns	     23619	8000537c	bb55e293	ori	x5,x11,-1099	 x11:0x00000000  x5=0xfffffbb5
     236215.000 ns	     23620	80005380	98ff2913	slti	x18,x30,-1649	 x30:0x00000000 x18=0x00000000
     236225.000 ns	     23621	80005384	4eb82597	auipc	x11,0x4eb82	 x11=0xceb87384
     236245.000 ns	     23623	80005388	a0be82d3	fle.s	x5,f29,f11	 f29:0x00000000 f11:0x00000000  x5=0x00000001
     236265.000 ns	     23625	8000538c	53503893	sltiu	x17,x0,1333	  x0:0x00000000 x17=0x00000001
     236625.000 ns	     23661	80005390	028e55b3	divu	x11,x28,x8	 x28:0xfffff877  x8:0xffffffff x11=0x00000000
     236655.000 ns	     23664	80005394	d00580d3	fcvt.s.w	f1,x11	 x11:0xceb87384  f1=0x00000000
     236685.000 ns	     23667	80005398	d01473d3	fcvt.s.wu	f7,x8	  x8:0xffffffff  f7=0x4f7fffff
     236725.000 ns	     23671	8000539c	112eb6d3	fmul.s	f13,f29,f18	 f29:0x00000000 f18:0x41399bee f13=0x00000000
     236755.000 ns	     23674	800053a0	a1e816d3	flt.s	x13,f16,f30	 f16:0x41399bee f30:0x00000000 x13=0x00000000
     237125.000 ns	     23711	800053a4	021040b3	div	x1,x0,x1	  x0:0x00000000  x1:0xffffffff  x1=0x00000000
     237145.000 ns	     23713	800053a8	012e1033	sll	x0,x28,x18	 x28:0xfffff877 x18:0x00000000
     237155.000 ns	     23714	800053ac	00e3d213	srli	x4,x7,0xe	  x7:0x00000000  x4=0x00000000
     237165.000 ns	     23715	800053b0	40add293	srai	x5,x27,0xa	 x27:0x00000000  x5=0x00000000
     237185.000 ns	     23717	800053b4	285305d3	fmin.s	f11,f6,f5	  f6:0x431f0000  f5:0x44f14000 f11=0x431f0000
     237205.000 ns	     23719	800053b8	64e86113	ori	x2,x16,1614	 x16:0xfffffe72  x2=0xfffffe7e
     237215.000 ns	     23720	800053bc	01842093	slti	x1,x8,24	  x8:0xffffffff  x1=0x00000001
     237225.000 ns	     23721	800053c0	bb37e937	lui	x18,0xbb37e	 x18=0xbb37e000
     237265.000 ns	     23725	800053c4	00aefcd3	fadd.s	f25,f29,f10	 f29:0x00000000 f10:0x41399bee f25=0x41399bee
     237295.000 ns	     23728	800053c8	02819eb3	mulh	x29,x3,x8	  x3:0x00000000  x8:0xffffffff x29=0x00000000
     237325.000 ns	     23731	800053cc	03ce27b3	mulhsu	x15,x28,x28	 x28:0xfffff877 x28:0xfffff877 x15=0xfffff877
     237355.000 ns	     23734	800053d0	a165a853	feq.s	x16,f11,f22	 f11:0x431f0000 f22:0xc4f12000 x16=0x00000000
     237375.000 ns	     23736	800053d4	5e16a893	slti	x17,x13,1505	 x13:0x00000000 x17=0x00000001
     237395.000 ns	     23738	800053d8	216313d3	fsgnjn.s	f7,f6,f22	  f6:0x431f0000 f22:0xc4f12000  f7=0x431f0000
     237415.000 ns	     23740	800053dc	01fd9993	slli	x19,x27,0x1f	 x27:0x00000000 x19=0x00000000
     237435.000 ns	     23742	800053e0	a0318453	fle.s	x8,f3,f3	  f3:0x4faeb0e0  f3:0x4faeb0e0  x8=0x00000001
     237475.000 ns	     23746	800053e4	11097b53	fmul.s	f22,f18,f16	 f18:0x41399bee f16:0x41399bee f22=0x430692bd
     237495.000 ns	     23748	800053e8	78a03e13	sltiu	x28,x0,1930	  x0:0x00000000 x28=0x00000001
     237505.000 ns	     23749	800053ec	41170633	sub	x12,x14,x17	 x14:0x00000000 x17:0x00000001 x12=0xffffffff
     237525.000 ns	     23751	800053f0	28639fd3	fmax.s	f31,f7,f6	  f7:0x431f0000  f6:0x431f0000 f31=0x431f0000
     237555.000 ns	     23754	800053f4	031b9e33	mulh	x28,x23,x17	 x23:0xfffffe71 x17:0x00000001 x28=0xffffffff
     237585.000 ns	     23757	800053f8	c01f0ed3	fcvt.wu.s	x29,f30	 f30:0x00000000 x29=0x00000000
     237615.000 ns	     23760	800053fc	29dd89d3	fmin.s	f19,f27,f29	 f27:0xbf800000 f29:0x00000000 f19=0xbf800000
     237645.000 ns	     23763	80005400	02b3b3b3	mulhu	x7,x7,x11	  x7:0x00000000 x11:0x00000000  x7=0x00000000
     237695.000 ns	     23768	80005404	0948cfd3	fsub.s	f31,f17,f20	 f17:0x80000000 f20:0x00000000 f31=0x80000000
     237715.000 ns	     23770	80005408	960019b7	lui	x19,0x96001	 x19=0x96001000
     237725.000 ns	     23771	8000540c	6c53e6b7	lui	x13,0x6c53e	 x13=0x6c53e000
     237735.000 ns	     23772	80005410	acc74293	xori	x5,x14,-1332	 x14:0x00000000  x5=0xfffffacc
     237745.000 ns	     23773	80005414	14b7c1b7	lui	x3,0x14b7c	  x3=0x14b7c000
     237765.000 ns	     23775	80005418	03e5cab3	div	x21,x11,x30	 x11:0x00000000 x30:0x00000000 x21=0xffffffff
     237795.000 ns	     23778	8000541c	c00af053	fcvt.w.s	x0,f21	 f21:0xc1399bee
     237825.000 ns	     23781	80005420	210823d3	fsgnjx.s	f7,f16,f16	 f16:0x41399bee f16:0x41399bee  f7=0x41399bee
     237845.000 ns	     23783	80005424	0112a7b3	slt	x15,x5,x17	  x5:0xfffffacc x17:0x00000001 x15=0x00000001
     237865.000 ns	     23785	80005428	a07da9d3	feq.s	x19,f27,f7	 f27:0xbf800000  f7:0x41399bee x19=0x00000000
     237885.000 ns	     23787	8000542c	41480233	sub	x4,x16,x20	 x16:0x00000000 x20:0x00000000  x4=0x00000000
     237905.000 ns	     23789	80005430	02ec4133	div	x2,x24,x14	 x24:0x80040fe4 x14:0x00000000  x2=0xffffffff
     237935.000 ns	     23792	80005434	298288d3	fmin.s	f17,f5,f24	  f5:0x44f14000 f24:0x40e0db92 f17=0x40e0db92
     238305.000 ns	     23829	80005438	0234f7b3	remu	x15,x9,x3	  x9:0x80041024  x3:0x14b7c000 x15=0x03b59024
     238325.000 ns	     23831	8000543c	8f1b1d37	lui	x26,0x8f1b1	 x26=0x8f1b1000
     238335.000 ns	     23832	80005440	00fd1f33	sll	x30,x26,x15	 x26:0xffffffff x15:0x03b59024 x30=0xf1b10000
     238355.000 ns	     23834	80005444	024635b3	mulhu	x11,x12,x4	 x12:0xffffffff  x4:0x00000000 x11=0x00000000
     238375.000 ns	     23836	80005448	d115b893	sltiu	x17,x11,-751	 x11:0x00000000 x17=0x00000001
     238385.000 ns	     23837	8000544c	01513db3	sltu	x27,x2,x21	  x2:0xffffffff x21:0xffffffff x27=0x00000000
     238395.000 ns	     23838	80005450	5689e313	ori	x6,x19,1384	 x19:0x00000000  x6=0x00000568
     238415.000 ns	     23840	80005454	03ae3d33	mulhu	x26,x28,x26	 x28:0xffffffff x26:0x8f1b1000 x26=0x8f1b0fff
     238435.000 ns	     23842	80005458	41ad5bb3	sra	x23,x26,x26	 x26:0x8f1b1000 x26:0x8f1b1000 x23=0xffffffff
     238445.000 ns	     23843	8000545c	40c35533	sra	x10,x6,x12	  x6:0x00000568 x12:0xffffffff x10=0x00000000
     238805.000 ns	     23879	80005460	0386ef33	rem	x30,x13,x24	 x13:0x6c53e000 x24:0x80040fe4 x30=0x6c53e000
     239175.000 ns	     23916	80005464	036dd1b3	divu	x3,x27,x22	 x27:0x00000000 x22:0x23762310  x3=0x00000000
     239225.000 ns	     23921	80005468	090ffbd3	fsub.s	f23,f31,f16	 f31:0x80000000 f16:0x41399bee f23=0xc1399bee
     239255.000 ns	     23924	8000546c	03fce133	rem	x2,x25,x31	 x25:0x00000000 x31:0x00000000  x2=0x00000000
     239275.000 ns	     23926	80005470	01a0f7b3	and	x15,x1,x26	  x1:0x00000001 x26:0x8f1b0fff x15=0x00000001
     239295.000 ns	     23928	80005474	a0768f53	fle.s	x30,f13,f7	 f13:0x00000000  f7:0x41399bee x30=0x00000001
     239325.000 ns	     23931	80005478	03d498b3	mulh	x17,x9,x29	  x9:0x80041024 x29:0x00000000 x17=0x00000000
     239345.000 ns	     23933	8000547c	1c0d8413	addi	x8,x27,448	 x27:0x00000000  x8=0x000001c0
     239355.000 ns	     23934	80005480	00bca233	slt	x4,x25,x11	 x25:0x00000000 x11:0x00000000  x4=0x00000000
     239375.000 ns	     23936	80005484	03f7f3b3	remu	x7,x15,x31	 x15:0x00000001 x31:0x00000000  x7=0x00000001
     239395.000 ns	     23938	80005488	00d5b0b3	sltu	x1,x11,x13	 x11:0x00000000 x13:0x6c53e000  x1=0x00000001
     239415.000 ns	     23940	8000548c	29789e53	fmax.s	f28,f17,f23	 f17:0x40e0db92 f23:0xc1399bee f28=0x40e0db92
     239445.000 ns	     23943	80005490	289003d3	fmin.s	f7,f0,f9	  f0:0xc4f12000  f9:0xc1399bee  f7=0xc4f12000
     239475.000 ns	     23946	80005494	2174a8d3	fsgnjx.s	f17,f9,f23	  f9:0xc1399bee f23:0xc1399bee f17=0x41399bee
     239495.000 ns	     23948	80005498	e61e9337	lui	x6,0xe61e9	  x6=0xe61e9000
     239505.000 ns	     23949	8000549c	01934d33	xor	x26,x6,x25	  x6:0x00000568 x25:0x00000000 x26=0xe61e9000
     239535.000 ns	     23952	800054a0	5809f653	fsqrt.s	f12,f19	 f19:0xbf800000 f12=0x7fc00000
     239555.000 ns	     23954	800054a4	f237f017	auipc	x0,0xf237f	
     239575.000 ns	     23956	800054a8	21561fd3	fsgnjn.s	f31,f12,f21	 f12:0x7fc00000 f21:0xc1399bee f31=0x7fc00000
     239605.000 ns	     23959	800054ac	29ed81d3	fmin.s	f3,f27,f30	 f27:0xbf800000 f30:0x00000000  f3=0xbf800000
     239635.000 ns	     23962	800054b0	21c19a53	fsgnjn.s	f20,f3,f28	  f3:0x4faeb0e0 f28:0x40e0db92 f20=0xbf800000
     239665.000 ns	     23965	800054b4	20a12953	fsgnjx.s	f18,f2,f10	  f2:0x41399bee f10:0x41399bee f18=0x41399bee
     239695.000 ns	     23968	800054b8	025d3333	mulhu	x6,x26,x5	 x26:0xe61e9000  x5:0xfffffacc  x6=0xe61e8b52
     239715.000 ns	     23970	800054bc	5d706193	ori	x3,x0,1495	  x0:0x00000000  x3=0x000005d7
     239725.000 ns	     23971	800054c0	04804693	xori	x13,x0,72	  x0:0x00000000 x13=0x00000048
     239735.000 ns	     23972	800054c4	6a87ce13	xori	x28,x15,1704	 x15:0x00000001 x28=0x000006a9
     239775.000 ns	     23976	800054c8	013d3a53	fadd.s	f20,f26,f19	 f26:0x00000000 f19:0xbf800000 f20=0xbf800000
     239825.000 ns	     23981	800054cc	09438953	fsub.s	f18,f7,f20	  f7:0xc4f12000 f20:0xbf800000 f18=0xc4f10000
     239865.000 ns	     23985	800054d0	19e031d3	fdiv.s	f3,f0,f30	  f0:0xc4f12000 f30:0x00000000  f3=0xff800000
     239885.000 ns	     23987	800054d4	001cdf33	srl	x30,x25,x1	 x25:0x00000000  x1:0x00000001 x30=0x00000000
     239905.000 ns	     23989	800054d8	28360753	fmin.s	f14,f12,f3	 f12:0x7fc00000  f3:0xff800000 f14=0xff800000
     240275.000 ns	     24026	800054dc	02c5f5b3	remu	x11,x11,x12	 x11:0x00000000 x12:0xffffffff x11=0x00000000
     240295.000 ns	     24028	800054e0	0179a533	slt	x10,x19,x23	 x19:0x00000000 x23:0xffffffff x10=0x00000000
     240305.000 ns	     24029	800054e4	00aa9a13	slli	x20,x21,0xa	 x21:0xffffffff x20=0xfffffc00
     240325.000 ns	     24031	800054e8	a1d19dd3	flt.s	x27,f3,f29	  f3:0xff800000 f29:0x00000000 x27=0x00000001
     240375.000 ns	     24036	800054ec	081dfd53	fsub.s	f26,f27,f1	 f27:0xbf800000  f1:0x00000000 f26=0xbf800000
     240405.000 ns	     24039	800054f0	d00f1353	fcvt.s.w	f6,x30	 x30:0x00000000  f6=0x00000000
     240435.000 ns	     24042	800054f4	a02f0053	fle.s	x0,f30,f2	 f30:0x00000000  f2:0x41399bee
     240465.000 ns	     24045	800054f8	03167a33	remu	x20,x12,x17	 x12:0xffffffff x17:0x00000000 x20=0xffffffff
     240505.000 ns	     24049	800054fc	10ae76d3	fmul.s	f13,f28,f10	 f28:0x40e0db92 f10:0x41399bee f13=0x42a307a2
     240525.000 ns	     24051	80005500	aa726837	lui	x16,0xaa726	 x16=0xaa726000
     240555.000 ns	     24054	80005504	18cff5d3	fdiv.s	f11,f31,f12	 f31:0x7fc00000 f12:0x7fc00000 f11=0x7fc00000
     240585.000 ns	     24057	80005508	a1809853	flt.s	x16,f1,f24	  f1:0x00000000 f24:0x40e0db92 x16=0x00000001
     240605.000 ns	     24059	8000550c	f5720613	addi	x12,x4,-169	  x4:0x00000000 x12=0xffffff57
     240645.000 ns	     24063	80005510	01c67a53	fadd.s	f20,f12,f28	 f12:0x7fc00000 f28:0x40e0db92 f20=0x7fc00000
     240665.000 ns	     24065	80005514	01f4f2b3	and	x5,x9,x31	  x9:0x80041024 x31:0x00000000  x5=0x00000000
     240685.000 ns	     24067	80005518	020f76b3	remu	x13,x30,x0	 x30:0x00000000  x0:0x00000000 x13=0x00000000
     240705.000 ns	     24069	8000551c	01359813	slli	x16,x11,0x13	 x11:0x00000000 x16=0x00000000
     240715.000 ns	     24070	80005520	4d500e13	addi	x28,x0,1237	  x0:0x00000000 x28=0x000004d5
     240725.000 ns	     24071	80005524	83b08813	addi	x16,x1,-1989	  x1:0x00000001 x16=0xfffff83c
     240745.000 ns	     24073	80005528	20e586d3	fsgnj.s	f13,f11,f14	 f11:0x7fc00000 f14:0xff800000 f13=0xffc00000
     240775.000 ns	     24076	8000552c	023a98b3	mulh	x17,x21,x3	 x21:0xffffffff  x3:0x000005d7 x17=0xffffffff
     240805.000 ns	     24079	80005530	e00405d3	fmv.x.w	x11,f8	  f8:0x80000000 x11=0x80000000
     240855.000 ns	     24084	80005534	08460853	fsub.s	f16,f12,f4	 f12:0x7fc00000  f4:0xcfaeb0e0 f16=0x7fc00000
     240885.000 ns	     24087	80005538	d01778d3	fcvt.s.wu	f17,x14	 x14:0x00000000 f17=0x00000000
     240935.000 ns	     24092	8000553c	01797b53	fadd.s	f22,f18,f23	 f18:0xc4f10000 f23:0xc1399bee f22=0xc4f27337
     240985.000 ns	     24097	80005540	09e7f753	fsub.s	f14,f15,f30	 f15:0xcfaeb0e0 f30:0x00000000 f14=0xcfaeb0e0
     241015.000 ns	     24100	80005544	29c40ad3	fmin.s	f21,f8,f28	  f8:0x80000000 f28:0x40e0db92 f21=0x80000000
     241035.000 ns	     24102	80005548	20d7ce93	xori	x29,x15,525	 x15:0x00000001 x29=0x0000020c
     241055.000 ns	     24104	8000554c	a1fd0053	fle.s	x0,f26,f31	 f26:0xbf800000 f31:0x7fc00000
     241425.000 ns	     24141	80005550	038c4733	div	x14,x24,x24	 x24:0x80040fe4 x24:0x80040fe4 x14=0x00000001
     241455.000 ns	     24144	80005554	216f9753	fsgnjn.s	f14,f31,f22	 f31:0x7fc00000 f22:0xc4f27337 f14=0x7fc00000
     241485.000 ns	     24147	80005558	e0041253	fclass.s	x4,f8	  f8:0x80000000  x4=0x00000008
     241505.000 ns	     24149	8000555c	9b054297	auipc	x5,0x9b054	  x5=0x1b05955c
     241525.000 ns	     24151	80005560	f0000153	fmv.w.x	f2,x0	  x0:0x00000000  f2=0x00000000
     241545.000 ns	     24153	80005564	58e30593	addi	x11,x6,1422	  x6:0xe61e8b52 x11=0xe61e90e0
     241565.000 ns	     24155	80005568	c002f353	fcvt.w.s	x6,f5	  f5:0x44f14000  x6=0x0000078a
     241595.000 ns	     24158	8000556c	287d94d3	fmax.s	f9,f27,f7	 f27:0xbf800000  f7:0xc4f12000  f9=0xbf800000
     241625.000 ns	     24161	80005570	f0090253	fmv.w.x	f4,x18	 x18:0xbb37e000  f4=0xbb37e000
     241645.000 ns	     24163	80005574	41765233	sra	x4,x12,x23	 x12:0xffffff57 x23:0xffffffff  x4=0xffffffff
     241655.000 ns	     24164	80005578	40ee5a93	srai	x21,x28,0xe	 x28:0x000004d5 x21=0x00000000
     241665.000 ns	     24165	8000557c	00428733	add	x14,x5,x4	  x5:0x1b05955c  x4:0x00000008 x14=0x1b05955b
     241685.000 ns	     24167	80005580	d008f653	fcvt.s.w	f12,x17	 x17:0xffffffff f12=0xbf800000
     241705.000 ns	     24169	80005584	017dc433	xor	x8,x27,x23	 x27:0x00000001 x23:0xffffffff  x8=0xfffffffe
     241715.000 ns	     24170	80005588	0163fab3	and	x21,x7,x22	  x7:0x00000001 x22:0x23762310 x21=0x00000000
     241735.000 ns	     24172	8000558c	20288553	fsgnj.s	f10,f17,f2	 f17:0x00000000  f2:0x00000000 f10=0x00000000
     241755.000 ns	     24174	80005590	984a3593	sltiu	x11,x20,-1660	 x20:0xffffffff x11=0x00000000
     241765.000 ns	     24175	80005594	001d0fb3	add	x31,x26,x1	 x26:0xe61e9000  x1:0x00000001 x31=0xe61e9001
     241775.000 ns	     24176	80005598	005f8eb3	add	x29,x31,x5	 x31:0x00000000  x5:0x1b05955c x29=0x0124255d
     242105.000 ns	     24209	8000559c	1999f2d3	fdiv.s	f5,f19,f25	 f19:0xbf800000 f25:0x41399bee  f5=0xbdc61986
     242125.000 ns	     24211	800055a0	ac89c713	xori	x14,x19,-1336	 x19:0x00000000 x14=0xfffffac8
     242145.000 ns	     24213	800055a4	02f99933	mulh	x18,x19,x15	 x19:0x00000000 x15:0x00000001 x18=0x00000000
     242165.000 ns	     24215	800055a8	58347993	andi	x19,x8,1411	  x8:0xfffffffe x19=0x00000582
     242525.000 ns	     24251	800055ac	03747a33	remu	x20,x8,x23	  x8:0xfffffffe x23:0xffffffff x20=0xfffffffe
     242565.000 ns	     24255	800055b0	58074b53	fsqrt.s	f22,f14	 f14:0x7fc00000 f22=0x7fc00000
     242595.000 ns	     24258	800055b4	e0000553	fmv.x.w	x10,f0	  f0:0xc4f12000 x10=0xc4f12000
     242645.000 ns	     24263	800055b8	08fb7ed3	fsub.s	f29,f22,f15	 f22:0x7fc00000 f15:0xcfaeb0e0 f29=0x7fc00000
     242675.000 ns	     24266	800055bc	02f30b33	mul	x22,x6,x15	  x6:0x0000078a x15:0x00000001 x22=0x0000078a
     242725.000 ns	     24271	800055c0	013278d3	fadd.s	f17,f4,f19	  f4:0xbb37e000 f19:0xbf800000 f17=0xbf805bf0
     242745.000 ns	     24273	800055c4	130a3693	sltiu	x13,x20,304	 x20:0xfffffffe x13=0x00000000
     242775.000 ns	     24276	800055c8	580809d3	fsqrt.s	f19,f16	 f16:0x7fc00000 f19=0x7fc00000
     242795.000 ns	     24278	800055cc	6a25fe13	andi	x28,x11,1698	 x11:0x00000000 x28=0x00000000
     242835.000 ns	     24282	800055d0	00edf2d3	fadd.s	f5,f27,f14	 f27:0xbf800000 f14:0x7fc00000  f5=0x7fc00000
     242865.000 ns	     24285	800055d4	f0070bd3	fmv.w.x	f23,x14	 x14:0xfffffac8 f23=0xfffffac8
     242895.000 ns	     24288	800055d8	a11ca2d3	feq.s	x5,f25,f17	 f25:0x41399bee f17:0xbf805bf0  x5=0x00000000
     242925.000 ns	     24291	800055dc	025d5233	divu	x4,x26,x5	 x26:0xe61e9000  x5:0x1b05955c  x4=0xffffffff
     242945.000 ns	     24293	800055e0	00037fb3	and	x31,x6,x0	  x6:0x0000078a  x0:0x00000000 x31=0x00000000
     242965.000 ns	     24295	800055e4	205a1753	fsgnjn.s	f14,f20,f5	 f20:0x7fc00000  f5:0x7fc00000 f14=0xffc00000
     242985.000 ns	     24297	800055e8	00000013	addi	x0,x0,0	  x0:0x00000000
     243005.000 ns	     24299	800055ec	02294e33	div	x28,x18,x2	 x18:0x00000000  x2:0x00000000 x28=0xffffffff
     243025.000 ns	     24301	800055f0	00a31433	sll	x8,x6,x10	  x6:0x0000078a x10:0xc4f12000  x8=0x0000078a
     243045.000 ns	     24303	800055f4	022e9933	mulh	x18,x29,x2	 x29:0x0124255d  x2:0x00000000 x18=0x00000000
     243065.000 ns	     24305	800055f8	eb5bc313	xori	x6,x23,-331	 x23:0xffffffff  x6=0x0000014a
     243075.000 ns	     24306	800055fc	e4360d13	addi	x26,x12,-445	 x12:0xffffff57 x26=0xfffffd9a
     243095.000 ns	     24308	80005600	f0008fd3	fmv.w.x	f31,x1	  x1:0x00000001 f31=0x00000001
     243125.000 ns	     24311	80005604	0232b233	mulhu	x4,x5,x3	  x5:0x00000000  x3:0x000005d7  x4=0x00000000
     243155.000 ns	     24314	80005608	201c8cd3	fsgnj.s	f25,f25,f1	 f25:0x41399bee  f1:0x00000000 f25=0x41399bee
     243175.000 ns	     24316	8000560c	01577633	and	x12,x14,x21	 x14:0xfffffac8 x21:0x00000000 x12=0x00000000
     243205.000 ns	     24319	80005610	5805c253	fsqrt.s	f4,f11	 f11:0x7fc00000  f4=0x7fc00000
     243225.000 ns	     24321	80005614	158b6f93	ori	x31,x22,344	 x22:0x0000078a x31=0x000007da
     243235.000 ns	     24322	80005618	40b9d0b3	sra	x1,x19,x11	 x19:0x00000582 x11:0x00000000  x1=0x00000582
     243275.000 ns	     24326	8000561c	01d09153	fadd.s	f2,f1,f29	  f1:0x00000000 f29:0x7fc00000  f2=0x7fc00000
     243295.000 ns	     24328	80005620	016949b3	xor	x19,x18,x22	 x18:0x00000000 x22:0x0000078a x19=0x0000078a
     243305.000 ns	     24329	80005624	004b71b3	and	x3,x22,x4	 x22:0x0000078a  x4:0x00000000  x3=0x00000000
     243315.000 ns	     24330	80005628	a2f42e93	slti	x29,x8,-1489	  x8:0x0000078a x29=0x00000000
     243335.000 ns	     24332	8000562c	d006b2d3	fcvt.s.w	f5,x13	 x13:0x00000000  f5=0x00000000
     243355.000 ns	     24334	80005630	2e06c593	xori	x11,x13,736	 x13:0x00000000 x11=0x000002e0
     243375.000 ns	     24336	80005634	a03192d3	flt.s	x5,f3,f3	  f3:0xff800000  f3:0xff800000  x5=0x00000000
     243405.000 ns	     24339	80005638	21298c53	fsgnj.s	f24,f19,f18	 f19:0x7fc00000 f18:0xc4f10000 f24=0xffc00000
     243435.000 ns	     24342	8000563c	f0030953	fmv.w.x	f18,x6	  x6:0x0000014a f18=0x0000014a
     243465.000 ns	     24345	80005640	c01cfad3	fcvt.wu.s	x21,f25	 f25:0x41399bee x21=0x0000000b
     243485.000 ns	     24347	80005644	00000013	addi	x0,x0,0	  x0:0x00000000
     243845.000 ns	     24383	80005648	02e763b3	rem	x7,x14,x14	 x14:0xfffffac8 x14:0xfffffac8  x7=0x00000000
     243875.000 ns	     24386	8000564c	20682353	fsgnjx.s	f6,f16,f6	 f16:0x7fc00000  f6:0x00000000  f6=0x7fc00000
     243905.000 ns	     24389	80005650	02376fb3	rem	x31,x14,x3	 x14:0xfffffac8  x3:0x00000000 x31=0xfffffac8
     243935.000 ns	     24392	80005654	a1ab2b53	feq.s	x22,f22,f26	 f22:0x7fc00000 f26:0xbf800000 x22=0x00000000
     243955.000 ns	     24394	80005658	015a6933	or	x18,x20,x21	 x20:0xfffffffe x21:0x0000000b x18=0xffffffff
     244315.000 ns	     24430	8000565c	028a77b3	remu	x15,x20,x8	 x20:0xfffffffe  x8:0x0000078a x15=0x000004f0
     244345.000 ns	     24433	80005660	a0419053	flt.s	x0,f3,f4	  f3:0xff800000  f4:0x7fc00000
     244715.000 ns	     24470	80005664	035851b3	divu	x3,x16,x21	 x16:0xfffff83c x21:0x0000000b  x3=0x1745d0bf
     244735.000 ns	     24472	80005668	0166ce33	xor	x28,x13,x22	 x13:0x00000000 x22:0x00000000 x28=0x00000000
     245905.000 ns	     24589	8000566c	580e1ed3	fsqrt.s	f29,f28	 f28:0x40e0db92 f29=0x4029a6e5
     245935.000 ns	     24592	80005670	214c1fd3	fsgnjn.s	f31,f24,f20	 f24:0xffc00000 f20:0x7fc00000 f31=0xffc00000
     245955.000 ns	     24594	80005674	0086e2b3	or	x5,x13,x8	 x13:0x00000000  x8:0x0000078a  x5=0x0000078a
     245995.000 ns	     24598	80005678	081df453	fsub.s	f8,f27,f1	 f27:0xbf800000  f1:0x00000000  f8=0xbf800000
     246025.000 ns	     24601	8000567c	0226b633	mulhu	x12,x13,x2	 x13:0x00000000  x2:0x00000000 x12=0x00000000
     246055.000 ns	     24604	80005680	c00ffad3	fcvt.w.s	x21,f31	 f31:0xffc00000 x21=0x7fffffff
     246075.000 ns	     24606	80005684	871b7793	andi	x15,x22,-1935	 x22:0x00000000 x15=0x00000000
     246095.000 ns	     24608	80005688	e00919d3	fclass.s	x19,f18	 f18:0x0000014a x19=0x00000020
     246125.000 ns	     24611	8000568c	28e08b53	fmin.s	f22,f1,f14	  f1:0x00000000 f14:0xffc00000 f22=0x00000000
     246145.000 ns	     24613	80005690	01a7d733	srl	x14,x15,x26	 x15:0x00000000 x26:0xfffffd9a x14=0x00000000
     246165.000 ns	     24615	80005694	f0038a53	fmv.w.x	f20,x7	  x7:0x00000000 f20=0x00000000
     246195.000 ns	     24618	80005698	a16fa7d3	feq.s	x15,f31,f22	 f31:0xffc00000 f22:0x00000000 x15=0x00000000
     246215.000 ns	     24620	8000569c	f6b5bb13	sltiu	x22,x11,-149	 x11:0x000002e0 x22=0x00000001
     246255.000 ns	     24624	800056a0	007f4fd3	fadd.s	f31,f30,f7	 f30:0x00000000  f7:0xc4f12000 f31=0xc4f12000
     246285.000 ns	     24627	800056a4	d0019e53	fcvt.s.w	f28,x3	  x3:0x1745d0bf f28=0x4dba2e85
     246315.000 ns	     24630	800056a8	21faa453	fsgnjx.s	f8,f21,f31	 f21:0x80000000 f31:0xc4f12000  f8=0x00000000
     246335.000 ns	     24632	800056ac	a4db4f13	xori	x30,x22,-1459	 x22:0x00000001 x30=0xfffffa4c
     246345.000 ns	     24633	800056b0	df5cf293	andi	x5,x25,-523	 x25:0x00000000  x5=0x00000000
     246365.000 ns	     24635	800056b4	f00a0ed3	fmv.w.x	f29,x20	 x20:0xfffffffe f29=0xfffffffe
     246395.000 ns	     24638	800056b8	219e1653	fsgnjn.s	f12,f28,f25	 f28:0x4dba2e85 f25:0x41399bee f12=0xcdba2e85
     246415.000 ns	     24640	800056bc	eeae2e13	slti	x28,x28,-278	 x28:0x00000000 x28=0x00000000
     246425.000 ns	     24641	800056c0	019bd5b3	srl	x11,x23,x25	 x23:0xffffffff x25:0x00000000 x11=0xffffffff
     246435.000 ns	     24642	800056c4	404480b3	sub	x1,x9,x4	  x9:0x80041024  x4:0x00000000  x1=0x80041024
     246445.000 ns	     24643	800056c8	592ac913	xori	x18,x21,1426	 x21:0x7fffffff x18=0x7ffffa6d
     246455.000 ns	     24644	800056cc	82e16d93	ori	x27,x2,-2002	  x2:0x00000000 x27=0xfffff82e
     246475.000 ns	     24646	800056d0	e00513d3	fclass.s	x7,f10	 f10:0x00000000  x7=0x00000010
     246495.000 ns	     24648	800056d4	005656b3	srl	x13,x12,x5	 x12:0x00000000  x5:0x00000000 x13=0x00000000
     246505.000 ns	     24649	800056d8	6ca77713	andi	x14,x14,1738	 x14:0x00000000 x14=0x00000000
     246515.000 ns	     24650	800056dc	019dd293	srli	x5,x27,0x19	 x27:0xfffff82e  x5=0x0000007f
     246535.000 ns	     24652	800056e0	a1e3a3d3	feq.s	x7,f7,f30	  f7:0xc4f12000 f30:0x00000000  x7=0x00000000
     246555.000 ns	     24654	800056e4	00397db3	and	x27,x18,x3	 x18:0x7ffffa6d  x3:0x1745d0bf x27=0x1745d02d
     246575.000 ns	     24656	800056e8	a04d2ad3	feq.s	x21,f26,f4	 f26:0xbf800000  f4:0x7fc00000 x21=0x00000000
     246595.000 ns	     24658	800056ec	0b4370b7	lui	x1,0xb437	  x1=0x0b437000
     246955.000 ns	     24694	800056f0	021547b3	div	x15,x10,x1	 x10:0xc4f12000  x1:0x80041024 x15=0xfffffffb
     247005.000 ns	     24699	800056f4	08957e53	fsub.s	f28,f10,f9	 f10:0x00000000  f9:0xbf800000 f28=0x3f800000
     247035.000 ns	     24702	800056f8	032b8fb3	mul	x31,x23,x18	 x23:0xffffffff x18:0x7ffffa6d x31=0x80000593
     247065.000 ns	     24705	800056fc	299f8ad3	fmin.s	f21,f31,f25	 f31:0xc4f12000 f25:0x41399bee f21=0xc4f12000
     247095.000 ns	     24708	80005700	c007ce53	fcvt.w.s	x28,f15	 f15:0xcfaeb0e0 x28=0x80000000
     247115.000 ns	     24710	80005704	00b67eb3	and	x29,x12,x11	 x12:0x00000000 x11:0xffffffff x29=0x00000000
     247155.000 ns	     24714	80005708	08a387d3	fsub.s	f15,f7,f10	  f7:0xc4f12000 f10:0x00000000 f15=0xc4f12000
     247175.000 ns	     24716	8000570c	9bc7f697	auipc	x13,0x9bc7f	 x13=0x1bc8470c
     247195.000 ns	     24718	80005710	e00609d3	fmv.x.w	x19,f12	 f12:0xcdba2e85 x19=0xcdba2e85
     247215.000 ns	     24720	80005714	009bc333	xor	x6,x23,x9	 x23:0xffffffff  x9:0x80041024  x6=0x7ffbefdb
     247235.000 ns	     24722	80005718	02fb9733	mulh	x14,x23,x15	 x23:0xffffffff x15:0xfffffffb x14=0x00000000
     247605.000 ns	     24759	8000571c	02d3fd33	remu	x26,x7,x13	  x7:0x00000000 x13:0x1bc8470c x26=0x00000000
     247635.000 ns	     24762	80005720	202c1f53	fsgnjn.s	f30,f24,f2	 f24:0xffc00000  f2:0x7fc00000 f30=0xffc00000
     247655.000 ns	     24764	80005724	004d86b3	add	x13,x27,x4	 x27:0x1745d02d  x4:0x00000000 x13=0x1745d02d
     247665.000 ns	     24765	80005728	00f43fb3	sltu	x31,x8,x15	  x8:0x0000078a x15:0xfffffffb x31=0x00000001
     247685.000 ns	     24767	8000572c	c0067053	fcvt.w.s	x0,f12	 f12:0xcdba2e85
     247705.000 ns	     24769	80005730	b9e60f93	addi	x31,x12,-1122	 x12:0x00000000 x31=0xfffffb9e
     247715.000 ns	     24770	80005734	9726f037	lui	x0,0x9726f	
     247735.000 ns	     24772	80005738	038793b3	mulh	x7,x15,x24	 x15:0xfffffffb x24:0x80040fe4  x7=0x00000002
     247755.000 ns	     24774	8000573c	406e0a33	sub	x20,x28,x6	 x28:0x80000000  x6:0x7ffbefdb x20=0x00041025
     247775.000 ns	     24776	80005740	2072a9d3	fsgnjx.s	f19,f5,f7	  f5:0x00000000  f7:0xc4f12000 f19=0x80000000
     247815.000 ns	     24780	80005744	5806f253	fsqrt.s	f4,f13	 f13:0xffc00000  f4=0x7fc00000
     247845.000 ns	     24783	80005748	a02b82d3	fle.s	x5,f23,f2	 f23:0xfffffac8  f2:0x7fc00000  x5=0x00000000
     247875.000 ns	     24786	8000574c	03f226b3	mulhsu	x13,x4,x31	  x4:0x00000000 x31:0xfffffb9e x13=0x00000000
     248245.000 ns	     24823	80005750	0372ff33	remu	x30,x5,x23	  x5:0x00000000 x23:0xffffffff x30=0x00000000
     248265.000 ns	     24825	80005754	008fb833	sltu	x16,x31,x8	 x31:0xfffffb9e  x8:0x0000078a x16=0x00000000
     248295.000 ns	     24828	80005758	580c45d3	fsqrt.s	f11,f24	 f24:0xffc00000 f11=0x7fc00000
     248335.000 ns	     24832	8000575c	19ee9e53	fdiv.s	f28,f29,f30	 f29:0xfffffffe f30:0xffc00000 f28=0x7fc00000
     248355.000 ns	     24834	80005760	008b0033	add	x0,x22,x8	 x22:0x00000001  x8:0x0000078a
     248365.000 ns	     24835	80005764	3869e313	ori	x6,x19,902	 x19:0xcdba2e85  x6=0xcdba2f87
     248375.000 ns	     24836	80005768	35f7fab7	lui	x21,0x35f7f	 x21=0x35f7f000
     248395.000 ns	     24838	8000576c	28691bd3	fmax.s	f23,f18,f6	 f18:0x0000014a  f6:0x7fc00000 f23=0x0000014a
     248415.000 ns	     24840	80005770	003afe33	and	x28,x21,x3	 x21:0x00000000  x3:0x1745d0bf x28=0x1545d000
     248425.000 ns	     24841	80005774	c4b34437	lui	x8,0xc4b34	  x8=0xc4b34000
     248435.000 ns	     24842	80005778	05dcfa13	andi	x20,x25,93	 x25:0x00000000 x20=0x00000000
     248445.000 ns	     24843	8000577c	39e22917	auipc	x18,0x39e22	 x18=0xb9e2777c
     248485.000 ns	     24847	80005780	01f77853	fadd.s	f16,f14,f31	 f14:0xffc00000 f31:0xc4f12000 f16=0x7fc00000
     248525.000 ns	     24851	80005784	11def053	fmul.s	f0,f29,f29	 f29:0xfffffffe f29:0xfffffffe  f0=0x7fc00000
     248545.000 ns	     24853	80005788	00000013	addi	x0,x0,0	  x0:0x00000000
     248565.000 ns	     24855	8000578c	e0090a53	fmv.x.w	x20,f18	 f18:0x0000014a x20=0x0000014a
     248585.000 ns	     24857	80005790	01644733	xor	x14,x8,x22	  x8:0xc4b34000 x22:0x00000001 x14=0xc4b34001
     248595.000 ns	     24858	80005794	40355993	srai	x19,x10,0x3	 x10:0xc4f12000 x19=0xf89e2400
     248605.000 ns	     24859	80005798	544d8317	auipc	x6,0x544d8	  x6=0xd44dd798
     248615.000 ns	     24860	8000579c	01d86933	or	x18,x16,x29	 x16:0x00000000 x29:0x00000000 x18=0x00000000
     248635.000 ns	     24862	800057a0	29d38853	fmin.s	f16,f7,f29	  f7:0xc4f12000 f29:0xfffffffe f16=0xc4f12000
     248655.000 ns	     24864	800057a4	00000013	addi	x0,x0,0	  x0:0x00000000
     248665.000 ns	     24865	800057a8	00511f13	slli	x30,x2,0x5	  x2:0x00000000 x30=0x00000000
     248685.000 ns	     24867	800057ac	d00b7753	fcvt.s.w	f14,x22	 x22:0x00000001 f14=0x3f800000
     248705.000 ns	     24869	800057b0	616257b7	lui	x15,0x61625	 x15=0x61625000
     248725.000 ns	     24871	800057b4	03e2a533	mulhsu	x10,x5,x30	  x5:0x00000000 x30:0x00000000 x10=0x00000000
     248755.000 ns	     24874	800057b8	020ee7b3	rem	x15,x29,x0	 x29:0x00000000  x0:0x00000000 x15=0x00000000
     248785.000 ns	     24877	800057bc	29090153	fmin.s	f2,f18,f16	 f18:0x0000014a f16:0xc4f12000  f2=0xc4f12000
     248805.000 ns	     24879	800057c0	00581533	sll	x10,x16,x5	 x16:0x00000000  x5:0x00000000 x10=0x00000000
     248825.000 ns	     24881	800057c4	20881453	fsgnjn.s	f8,f16,f8	 f16:0xc4f12000  f8:0x00000000  f8=0xc4f12000
     248855.000 ns	     24884	800057c8	2003a4d3	fsgnjx.s	f9,f7,f0	  f7:0xc4f12000  f0:0x7fc00000  f9=0xc4f12000
     248885.000 ns	     24887	800057cc	c0157ed3	fcvt.wu.s	x29,f10	 f10:0x00000000 x29=0x00000000
     248915.000 ns	     24890	800057d0	20f08cd3	fsgnj.s	f25,f1,f15	  f1:0x00000000 f15:0xc4f12000 f25=0x80000000
     248935.000 ns	     24892	800057d4	01daf2b3	and	x5,x21,x29	 x21:0x35f7f000 x29:0x00000000  x5=0x00000000
     248955.000 ns	     24894	800057d8	a131a1d3	feq.s	x3,f3,f19	  f3:0xff800000 f19:0x80000000  x3=0x00000000
     248985.000 ns	     24897	800057dc	03218333	mul	x6,x3,x18	  x3:0x1745d0bf x18:0x00000000  x6=0x00000000
     249015.000 ns	     24900	800057e0	03e4ebb3	rem	x23,x9,x30	  x9:0x80041024 x30:0x00000000 x23=0x80041024
     249065.000 ns	     24905	800057e4	0149b0d3	fadd.s	f1,f19,f20	 f19:0x80000000 f20:0x00000000  f1=0x00000000
     249085.000 ns	     24907	800057e8	01e6f833	and	x16,x13,x30	 x13:0x00000000 x30:0x00000000 x16=0x00000000
     249105.000 ns	     24909	800057ec	e00a03d3	fmv.x.w	x7,f20	 f20:0x00000000  x7=0x00000000
     249125.000 ns	     24911	800057f0	0026df93	srli	x31,x13,0x2	 x13:0x00000000 x31=0x00000000
     249135.000 ns	     24912	800057f4	1a6e4a97	auipc	x21,0x1a6e4	 x21=0x9a6e97f4
     249155.000 ns	     24914	800057f8	a1eb2ad3	feq.s	x21,f22,f30	 f22:0x00000000 f30:0xffc00000 x21=0x00000000
     249175.000 ns	     24916	800057fc	9ea3ae93	slti	x29,x7,-1558	  x7:0x00000000 x29=0x00000000
     249205.000 ns	     24919	80005800	18b4f653	fdiv.s	f12,f9,f11	  f9:0xc4f12000 f11:0x7fc00000 f12=0x7fc00000
     249225.000 ns	     24921	80005804	a9722013	slti	x0,x4,-1385	  x4:0x00000000
     249235.000 ns	     24922	80005808	00000013	addi	x0,x0,0	  x0:0x00000000
     249255.000 ns	     24924	8000580c	c0003553	fcvt.w.s	x10,f0	  f0:0x7fc00000 x10=0x7fffffff
     249285.000 ns	     24927	80005810	02c68e33	mul	x28,x13,x12	 x13:0x00000000 x12:0x00000000 x28=0x00000000
     249305.000 ns	     24929	80005814	e606e813	ori	x16,x13,-416	 x13:0x00000000 x16=0xfffffe60
     249345.000 ns	     24933	80005818	01761ed3	fadd.s	f29,f12,f23	 f12:0x7fc00000 f23:0x0000014a f29=0x7fc00000
     249375.000 ns	     24936	8000581c	f00c0b53	fmv.w.x	f22,x24	 x24:0x80040fe4 f22=0x80040fe4
     249745.000 ns	     24973	80005820	02ebf8b3	remu	x17,x23,x14	 x23:0x80041024 x14:0xc4b34001 x17=0x80041024
     249765.000 ns	     24975	80005824	0ddba813	slti	x16,x23,221	 x23:0x80041024 x16=0x00000001
     249775.000 ns	     24976	80005828	00fe3133	sltu	x2,x28,x15	 x28:0x00000000 x15:0x00000000  x2=0x00000000
     250135.000 ns	     25012	8000582c	037ff133	remu	x2,x31,x23	 x31:0x00000000 x23:0x80041024  x2=0x00000000
     250165.000 ns	     25015	80005830	a0241453	flt.s	x8,f8,f2	  f8:0xc4f12000  f2:0xc4f12000  x8=0x00000000
     250215.000 ns	     25020	80005834	01fb8953	fadd.s	f18,f23,f31	 f23:0x0000014a f31:0xc4f12000 f18=0xc4f12000
     250245.000 ns	     25023	80005838	e00a90d3	fclass.s	x1,f21	 f21:0xc4f12000  x1=0x00000002
     250285.000 ns	     25027	8000583c	58090cd3	fsqrt.s	f25,f18	 f18:0xc4f12000 f25=0x7fc00000
     250315.000 ns	     25030	80005840	c000f6d3	fcvt.w.s	x13,f1	  f1:0x00000000 x13=0x00000000
     250345.000 ns	     25033	80005844	a0240b53	fle.s	x22,f8,f2	  f8:0xc4f12000  f2:0xc4f12000 x22=0x00000001
     250365.000 ns	     25035	80005848	014003b3	add	x7,x0,x20	  x0:0x00000000 x20:0x0000014a  x7=0x0000014a
     250375.000 ns	     25036	8000584c	93fc2893	slti	x17,x24,-1729	 x24:0x80040fe4 x17=0x00000001
     250385.000 ns	     25037	80005850	b5878093	addi	x1,x15,-1192	 x15:0x00000000  x1=0xfffffb58
     250405.000 ns	     25039	80005854	036a11b3	mulh	x3,x20,x22	 x20:0x0000014a x22:0x00000001  x3=0x00000000
     250435.000 ns	     25042	80005858	c01a99d3	fcvt.wu.s	x19,f21	 f21:0xc4f12000 x19=0x00000789
     250455.000 ns	     25044	8000585c	01b91433	sll	x8,x18,x27	 x18:0x00000000 x27:0x1745d02d  x8=0x00000000
     250485.000 ns	     25047	80005860	1816a9d3	fdiv.s	f19,f13,f1	 f13:0xffc00000  f1:0x00000000 f19=0x7fc00000
     250505.000 ns	     25049	80005864	00e4fe33	and	x28,x9,x14	  x9:0x80041024 x14:0xc4b34001 x28=0x80000000
     250515.000 ns	     25050	80005868	01775093	srli	x1,x14,0x17	 x14:0xc4b34001  x1=0x00000189
     250525.000 ns	     25051	8000586c	a9bac237	lui	x4,0xa9bac	  x4=0xa9bac000
     250535.000 ns	     25052	80005870	00d72f33	slt	x30,x14,x13	 x14:0xc4b34001 x13:0x00000000 x30=0x00000001
     250545.000 ns	     25053	80005874	01931bb3	sll	x23,x6,x25	  x6:0x00000000 x25:0x00000000 x23=0x00000000
     250555.000 ns	     25054	80005878	00d0ad33	slt	x26,x1,x13	  x1:0x00000189 x13:0x00000000 x26=0x00000000
     250565.000 ns	     25055	8000587c	001c6d33	or	x26,x24,x1	 x24:0x80040fe4  x1:0x00000189 x26=0x80040fed
     250575.000 ns	     25056	80005880	5dc8fb93	andi	x23,x17,1500	 x17:0x00000001 x23=0x00000000
     250585.000 ns	     25057	80005884	00a37f33	and	x30,x6,x10	  x6:0x00000000 x10:0x7fffffff x30=0x00000000
     250605.000 ns	     25059	80005888	2025a753	fsgnjx.s	f14,f11,f2	 f11:0x7fc00000  f2:0xc4f12000 f14=0xffc00000
     250635.000 ns	     25062	8000588c	d01c2f53	fcvt.s.wu	f30,x24	 x24:0x80040fe4 f30=0x4f000410
     250655.000 ns	     25064	80005890	00e79533	sll	x10,x15,x14	 x15:0x00000000 x14:0xc4b34001 x10=0x00000000
     250675.000 ns	     25066	80005894	02276ab3	rem	x21,x14,x2	 x14:0xc4b34001  x2:0x00000000 x21=0xc4b34001
     250705.000 ns	     25069	80005898	207e8bd3	fsgnj.s	f23,f29,f7	 f29:0x7fc00000  f7:0xc4f12000 f23=0xffc00000
     250725.000 ns	     25071	8000589c	014cdd33	srl	x26,x25,x20	 x25:0x00000000 x20:0x0000014a x26=0x00000000
     250735.000 ns	     25072	800058a0	00520bb3	add	x23,x4,x5	  x4:0xa9bac000  x5:0x00000000 x23=0xa9bac000
     250745.000 ns	     25073	800058a4	00949ab3	sll	x21,x9,x9	  x9:0x80041024  x9:0x80041024 x21=0x00410240
     250775.000 ns	     25076	800058a8	19d9f7d3	fdiv.s	f15,f19,f29	 f19:0x7fc00000 f29:0x7fc00000 f15=0x7fc00000
     250805.000 ns	     25079	800058ac	28ca11d3	fmax.s	f3,f20,f12	 f20:0x00000000 f12:0x7fc00000  f3=0x00000000
     250835.000 ns	     25082	800058b0	a0ac8b53	fle.s	x22,f25,f10	 f25:0x7fc00000 f10:0x00000000 x22=0x00000000
     250865.000 ns	     25085	800058b4	02f385b3	mul	x11,x7,x15	  x7:0x0000014a x15:0x00000000 x11=0x00000000
     250895.000 ns	     25088	800058b8	c01b9753	fcvt.wu.s	x14,f23	 f23:0xffc00000 x14=0xffffffff
     250935.000 ns	     25092	800058bc	19e778d3	fdiv.s	f17,f14,f30	 f14:0xffc00000 f30:0x4f000410 f17=0x7fc00000
     250965.000 ns	     25095	800058c0	20181ed3	fsgnjn.s	f29,f16,f1	 f16:0xc4f12000  f1:0x00000000 f29=0xc4f12000
     250985.000 ns	     25097	800058c4	26533213	sltiu	x4,x6,613	  x6:0x00000000  x4=0x00000001
     250995.000 ns	     25098	800058c8	0044deb3	srl	x29,x9,x4	  x9:0x80041024  x4:0xa9bac000 x29=0x40020812
     251025.000 ns	     25101	800058cc	18b01b53	fdiv.s	f22,f0,f11	  f0:0x7fc00000 f11:0x7fc00000 f22=0x7fc00000
     251055.000 ns	     25104	800058d0	a0661453	flt.s	x8,f12,f6	 f12:0x7fc00000  f6:0x7fc00000  x8=0x00000000
     251085.000 ns	     25107	800058d4	e00809d3	fmv.x.w	x19,f16	 f16:0xc4f12000 x19=0xc4f12000
     251115.000 ns	     25110	800058d8	036a0433	mul	x8,x20,x22	 x20:0x0000014a x22:0x00000000  x8=0x00000000
     251135.000 ns	     25112	800058dc	003b1393	slli	x7,x22,0x3	 x22:0x00000000  x7=0x00000000
     251495.000 ns	     25148	800058e0	03b67e33	remu	x28,x12,x27	 x12:0x00000000 x27:0x1745d02d x28=0x00000000
     251525.000 ns	     25151	800058e4	a1772353	feq.s	x6,f14,f23	 f14:0xffc00000 f23:0xffc00000  x6=0x00000000
     251575.000 ns	     25156	800058e8	0876ab53	fsub.s	f22,f13,f7	 f13:0xffc00000  f7:0xc4f12000 f22=0x7fc00000
     251605.000 ns	     25159	800058ec	c0091453	fcvt.w.s	x8,f18	 f18:0xc4f12000  x8=0xfffff877
     251625.000 ns	     25161	800058f0	00a8abb3	slt	x23,x17,x10	 x17:0x00000001 x10:0x00000000 x23=0x00000000
     251635.000 ns	     25162	800058f4	40f301b3	sub	x3,x6,x15	  x6:0x00000000 x15:0x00000000  x3=0x00000000
     251645.000 ns	     25163	800058f8	0147dbb3	srl	x23,x15,x20	 x15:0x00000000 x20:0x0000014a x23=0x00000000
     251665.000 ns	     25165	800058fc	296c89d3	fmin.s	f19,f25,f22	 f25:0x7fc00000 f22:0x7fc00000 f19=0x7fc00000
     251695.000 ns	     25168	80005900	d01fab53	fcvt.s.wu	f22,x31	 x31:0x00000000 f22=0x00000000
     251715.000 ns	     25170	80005904	9d586693	ori	x13,x16,-1579	 x16:0x00000001 x13=0xfffff9d5
     251725.000 ns	     25171	80005908	1f3ae293	ori	x5,x21,499	 x21:0x00410240  x5=0x004103f3
     251745.000 ns	     25173	8000590c	c001bed3	fcvt.w.s	x29,f3	  f3:0x00000000 x29=0x00000000
     251775.000 ns	     25176	80005910	204d88d3	fsgnj.s	f17,f27,f4	 f27:0xbf800000  f4:0x7fc00000 f17=0x3f800000
     251805.000 ns	     25179	80005914	20119ad3	fsgnjn.s	f21,f3,f1	  f3:0x00000000  f1:0x00000000 f21=0x80000000
     251835.000 ns	     25182	80005918	29b69cd3	fmax.s	f25,f13,f27	 f13:0xffc00000 f27:0xbf800000 f25=0xbf800000
     251855.000 ns	     25184	8000591c	f1b65b17	auipc	x22,0xf1b65	 x22=0x71b6a91c
     252215.000 ns	     25220	80005920	0353c6b3	div	x13,x7,x21	  x7:0x00000000 x21:0x00410240 x13=0x00000000
     252265.000 ns	     25225	80005924	00d5a653	fadd.s	f12,f11,f13	 f11:0x7fc00000 f13:0xffc00000 f12=0x7fc00000
     252295.000 ns	     25228	80005928	20240ad3	fsgnj.s	f21,f8,f2	  f8:0xc4f12000  f2:0xc4f12000 f21=0xc4f12000
     252315.000 ns	     25230	8000592c	8ebb6593	ori	x11,x22,-1813	 x22:0x71b6a91c x11=0xfffff9ff
     252325.000 ns	     25231	80005930	005fd6b3	srl	x13,x31,x5	 x31:0x00000000  x5:0x004103f3 x13=0x00000000
     252345.000 ns	     25233	80005934	c01b8753	fcvt.wu.s	x14,f23	 f23:0xffc00000 x14=0xffffffff
     252375.000 ns	     25236	80005938	292415d3	fmax.s	f11,f8,f18	  f8:0xc4f12000 f18:0xc4f12000 f11=0xc4f12000
     252395.000 ns	     25238	8000593c	005f9413	slli	x8,x31,0x5	 x31:0x00000000  x8=0x00000000
     252405.000 ns	     25239	80005940	b00cca93	xori	x21,x25,-1280	 x25:0x00000000 x21=0xfffffb00
     252415.000 ns	     25240	80005944	41ae5613	srai	x12,x28,0x1a	 x28:0x00000000 x12=0x00000000
     252425.000 ns	     25241	80005948	00d50ab3	add	x21,x10,x13	 x10:0x00000000 x13:0x00000000 x21=0x00000000
     252455.000 ns	     25244	8000594c	580331d3	fsqrt.s	f3,f6	  f6:0x7fc00000  f3=0x7fc00000
     252495.000 ns	     25248	80005950	102914d3	fmul.s	f9,f18,f2	 f18:0xc4f12000  f2:0xc4f12000  f9=0x4a631d44
     252515.000 ns	     25250	80005954	00555333	srl	x6,x10,x5	 x10:0x00000000  x5:0x004103f3  x6=0x00000000
     252525.000 ns	     25251	80005958	016e9b13	slli	x22,x29,0x16	 x29:0x00000000 x22=0x00000000
     252555.000 ns	     25254	8000595c	11f932d3	fmul.s	f5,f18,f31	 f18:0xc4f12000 f31:0xc4f12000  f5=0x4a631d44
     252585.000 ns	     25257	80005960	a0fd29d3	feq.s	x19,f26,f15	 f26:0xbf800000 f15:0x7fc00000 x19=0x00000000
     252605.000 ns	     25259	80005964	01d34db3	xor	x27,x6,x29	  x6:0x00000000 x29:0x00000000 x27=0x00000000
     252615.000 ns	     25260	80005968	7731b593	sltiu	x11,x3,1907	  x3:0x00000000 x11=0x00000001
     252625.000 ns	     25261	8000596c	00000013	addi	x0,x0,0	  x0:0x00000000
     252635.000 ns	     25262	80005970	6aee7db7	lui	x27,0x6aee7	 x27=0x6aee7000
     252645.000 ns	     25263	80005974	00b89913	slli	x18,x17,0xb	 x17:0x00000001 x18=0x00000800
     252655.000 ns	     25264	80005978	00c2d733	srl	x14,x5,x12	  x5:0x004103f3 x12:0x00000000 x14=0x004103f3
     252675.000 ns	     25266	8000597c	a1109bd3	flt.s	x23,f1,f17	  f1:0x00000000 f17:0x3f800000 x23=0x00000001
     252695.000 ns	     25268	80005980	005bc0b3	xor	x1,x23,x5	 x23:0x00000000  x5:0x004103f3  x1=0x004103f2
     252715.000 ns	     25270	80005984	02c190b3	mulh	x1,x3,x12	  x3:0x00000000 x12:0x00000000  x1=0x00000000
     252735.000 ns	     25272	80005988	006e0d33	add	x26,x28,x6	 x28:0x00000000  x6:0x00000000 x26=0x00000000
     252755.000 ns	     25274	8000598c	d0167b53	fcvt.s.wu	f22,x12	 x12:0x00000000 f22=0x00000000
     252805.000 ns	     25279	80005990	00523353	fadd.s	f6,f4,f5	  f4:0x7fc00000  f5:0x4a631d44  f6=0x7fc00000
     252825.000 ns	     25281	80005994	7b133813	sltiu	x16,x6,1969	  x6:0x00000000 x16=0x00000001
     252845.000 ns	     25283	80005998	03c22733	mulhsu	x14,x4,x28	  x4:0x00000001 x28:0x00000000 x14=0x00000000
     252865.000 ns	     25285	8000599c	11950f13	addi	x30,x10,281	 x10:0x00000000 x30=0x00000119
     252875.000 ns	     25286	800059a0	df3b2a93	slti	x21,x22,-525	 x22:0x00000000 x21=0x00000000
     252895.000 ns	     25288	800059a4	d0104a53	fcvt.s.wu	f20,x0	  x0:0x00000000 f20=0x00000000
     252925.000 ns	     25291	800059a8	288e9a53	fmax.s	f20,f29,f8	 f29:0xc4f12000  f8:0xc4f12000 f20=0xc4f12000
     252945.000 ns	     25293	800059ac	aea54313	xori	x6,x10,-1302	 x10:0x00000000  x6=0xfffffaea
     252965.000 ns	     25295	800059b0	e00d0153	fmv.x.w	x2,f26	 f26:0xbf800000  x2=0xbf800000
     252985.000 ns	     25297	800059b4	412356b3	sra	x13,x6,x18	  x6:0x00000000 x18:0x00000800 x13=0xfffffaea
     253005.000 ns	     25299	800059b8	026793b3	mulh	x7,x15,x6	 x15:0x00000000  x6:0xfffffaea  x7=0x00000000
     253035.000 ns	     25302	800059bc	21942053	fsgnjx.s	f0,f8,f25	  f8:0xc4f12000 f25:0xbf800000  f0=0x44f12000
     253055.000 ns	     25304	800059c0	000ce133	or	x2,x25,x0	 x25:0x00000000  x0:0x00000000  x2=0x00000000
     253065.000 ns	     25305	800059c4	7652ceb7	lui	x29,0x7652c	 x29=0x7652c000
     253075.000 ns	     25306	800059c8	00000013	addi	x0,x0,0	  x0:0x00000000
     253085.000 ns	     25307	800059cc	01826333	or	x6,x4,x24	  x4:0x00000001 x24:0x80040fe4  x6=0x80040fe5
     253105.000 ns	     25309	800059d0	e00291d3	fclass.s	x3,f5	  f5:0x4a631d44  x3=0x00000040
     253135.000 ns	     25312	800059d4	036e4833	div	x16,x28,x22	 x28:0x00000000 x22:0x00000000 x16=0xffffffff
     253165.000 ns	     25315	800059d8	035f47b3	div	x15,x30,x21	 x30:0x00000119 x21:0x00000000 x15=0xffffffff
     253195.000 ns	     25318	800059dc	a1999ed3	flt.s	x29,f19,f25	 f19:0x7fc00000 f25:0xbf800000 x29=0x00000000
     253225.000 ns	     25321	800059e0	293e9c53	fmax.s	f24,f29,f19	 f29:0xc4f12000 f19:0x7fc00000 f24=0xc4f12000
     253255.000 ns	     25324	800059e4	02066633	rem	x12,x12,x0	 x12:0x00000000  x0:0x00000000 x12=0x00000000
     253285.000 ns	     25327	800059e8	c01f4bd3	fcvt.wu.s	x23,f30	 f30:0x4f000410 x23=0x80041000
     253305.000 ns	     25329	800059ec	01411b93	slli	x23,x2,0x14	  x2:0x00000000 x23=0x00000000
     253665.000 ns	     25365	800059f0	02bd5833	divu	x16,x26,x11	 x26:0x00000000 x11:0x00000001 x16=0x00000000
     253695.000 ns	     25368	800059f4	a0d82fd3	feq.s	x31,f16,f13	 f16:0xc4f12000 f13:0xffc00000 x31=0x00000000
     253725.000 ns	     25371	800059f8	c0170f53	fcvt.wu.s	x30,f14	 f14:0xffc00000 x30=0xffffffff
     253745.000 ns	     25373	800059fc	5c5ac693	xori	x13,x21,1477	 x21:0x00000000 x13=0x000005c5
     253765.000 ns	     25375	80005a00	022d0533	mul	x10,x26,x2	 x26:0x00000000  x2:0x00000000 x10=0x00000000
     253795.000 ns	     25378	80005a04	039f3db3	mulhu	x27,x30,x25	 x30:0xffffffff x25:0x00000000 x27=0x00000000
     253815.000 ns	     25380	80005a08	001eb5b3	sltu	x11,x29,x1	 x29:0x00000000  x1:0x00000000 x11=0x00000000
     253825.000 ns	     25381	80005a0c	008ebfb3	sltu	x31,x29,x8	 x29:0x00000000  x8:0x00000000 x31=0x00000000
     253855.000 ns	     25384	80005a10	10502a53	fmul.s	f20,f0,f5	  f0:0x44f12000  f5:0x4a631d44 f20=0x4fd5eaf0
     253875.000 ns	     25386	80005a14	006f9a13	slli	x20,x31,0x6	 x31:0x00000000 x20=0x00000000
     253895.000 ns	     25388	80005a18	20bb07d3	fsgnj.s	f15,f22,f11	 f22:0x00000000 f11:0xc4f12000 f15=0x80000000
     253915.000 ns	     25390	80005a1c	00e412b3	sll	x5,x8,x14	  x8:0x00000000 x14:0x00000000  x5=0x00000000
     254275.000 ns	     25426	80005a20	0236e0b3	rem	x1,x13,x3	 x13:0x000005c5  x3:0x00000040  x1=0x00000005
     254295.000 ns	     25428	80005a24	607abe93	sltiu	x29,x21,1543	 x21:0x00000000 x29=0x00000001
     254305.000 ns	     25429	80005a28	0026fbb3	and	x23,x13,x2	 x13:0x000005c5  x2:0x00000000 x23=0x00000000
     254315.000 ns	     25430	80005a2c	406855b3	sra	x11,x16,x6	 x16:0x00000000  x6:0x80040fe5 x11=0x00000000
     254335.000 ns	     25432	80005a30	e00385d3	fmv.x.w	x11,f7	  f7:0xc4f12000 x11=0xc4f12000
     254385.000 ns	     25437	80005a34	09ef79d3	fsub.s	f19,f30,f30	 f30:0x4f000410 f30:0x4f000410 f19=0x80000000
     254425.000 ns	     25441	80005a38	119344d3	fmul.s	f9,f6,f25	  f6:0x7fc00000 f25:0xbf800000  f9=0x7fc00000
     254465.000 ns	     25445	80005a3c	106c7dd3	fmul.s	f27,f24,f6	 f24:0xc4f12000  f6:0x7fc00000 f27=0x7fc00000
     254485.000 ns	     25447	80005a40	a3c92397	auipc	x7,0xa3c92	  x7=0x23c97a40
     254495.000 ns	     25448	80005a44	7fda4e37	lui	x28,0x7fda4	 x28=0x7fda4000
     254505.000 ns	     25449	80005a48	62ce6f93	ori	x31,x28,1580	 x28:0x00000000 x31=0x7fda462c
     254515.000 ns	     25450	80005a4c	7b36d8b7	lui	x17,0x7b36d	 x17=0x7b36d000
     254545.000 ns	     25453	80005a50	580907d3	fsqrt.s	f15,f18	 f18:0xc4f12000 f15=0x7fc00000
     254565.000 ns	     25455	80005a54	c7bed717	auipc	x14,0xc7bed	 x14=0x47bf2a54
     254585.000 ns	     25457	80005a58	02d218b3	mulh	x17,x4,x13	  x4:0x00000001 x13:0x000005c5 x17=0x00000000
     254615.000 ns	     25460	80005a5c	c0087453	fcvt.w.s	x8,f16	 f16:0xc4f12000  x8=0x00000789
     254635.000 ns	     25462	80005a60	416b8db3	sub	x27,x23,x22	 x23:0x00000000 x22:0x00000000 x27=0x00000000
     254645.000 ns	     25463	80005a64	77c83b13	sltiu	x22,x16,1916	 x16:0x00000000 x22=0x00000001
     255005.000 ns	     25499	80005a68	028bd1b3	divu	x3,x23,x8	 x23:0x00000000  x8:0x00000789  x3=0x00000000
     255045.000 ns	     25503	80005a6c	58098a53	fsqrt.s	f20,f19	 f19:0x80000000 f20=0x80000000
     255065.000 ns	     25505	80005a70	f9ac8013	addi	x0,x25,-102	 x25:0x00000000
     255075.000 ns	     25506	80005a74	39cd4d93	xori	x27,x26,924	 x26:0x00000000 x27=0x0000039c
     255435.000 ns	     25542	80005a78	02d24eb3	div	x29,x4,x13	  x4:0x00000001 x13:0x000005c5 x29=0x00000000
     255485.000 ns	     25547	80005a7c	00f0fad3	fadd.s	f21,f1,f15	  f1:0x00000000 f15:0x7fc00000 f21=0x7fc00000
     255535.000 ns	     25552	80005a80	003b9653	fadd.s	f12,f23,f3	 f23:0xffc00000  f3:0x7fc00000 f12=0x7fc00000
     255565.000 ns	     25555	80005a84	c018f953	fcvt.wu.s	x18,f17	 f17:0x3f800000 x18=0x00000001
     255585.000 ns	     25557	80005a88	01559fb3	sll	x31,x11,x21	 x11:0xc4f12000 x21:0x00000000 x31=0xc4f12000
     255615.000 ns	     25560	80005a8c	10b478d3	fmul.s	f17,f8,f11	  f8:0xc4f12000 f11:0xc4f12000 f17=0x4a631d44
     255985.000 ns	     25597	80005a90	0323ce33	div	x28,x7,x18	  x7:0x23c97a40 x18:0x00000001 x28=0x23c97a40
     256005.000 ns	     25599	80005a94	017e98b3	sll	x17,x29,x23	 x29:0x00000000 x23:0x00000000 x17=0x00000000
     256015.000 ns	     25600	80005a98	0162e5b3	or	x11,x5,x22	  x5:0x00000000 x22:0x00000001 x11=0x00000001
     256025.000 ns	     25601	80005a9c	01de48b3	xor	x17,x28,x29	 x28:0x23c97a40 x29:0x00000000 x17=0x23c97a40
     256035.000 ns	     25602	80005aa0	01fc9613	slli	x12,x25,0x1f	 x25:0x00000000 x12=0x00000000
     256045.000 ns	     25603	80005aa4	012b8233	add	x4,x23,x18	 x23:0x00000000 x18:0x00000001  x4=0x00000001
     256065.000 ns	     25605	80005aa8	a08620d3	feq.s	x1,f12,f8	 f12:0x7fc00000  f8:0xc4f12000  x1=0x00000000
     256085.000 ns	     25607	80005aac	0026aeb3	slt	x29,x13,x2	 x13:0x000005c5  x2:0x00000000 x29=0x00000000
     256095.000 ns	     25608	80005ab0	0132f333	and	x6,x5,x19	  x5:0x00000000 x19:0x00000000  x6=0x00000000
     256105.000 ns	     25609	80005ab4	40ad5a33	sra	x20,x26,x10	 x26:0x00000000 x10:0x00000000 x20=0x00000000
     256125.000 ns	     25611	80005ab8	0238c8b3	div	x17,x17,x3	 x17:0x23c97a40  x3:0x00000000 x17=0xffffffff
     256155.000 ns	     25614	80005abc	03a50f33	mul	x30,x10,x26	 x10:0x00000000 x26:0x00000000 x30=0x00000000
     256185.000 ns	     25617	80005ac0	28288ad3	fmin.s	f21,f17,f2	 f17:0x4a631d44  f2:0xc4f12000 f21=0xc4f12000
     256205.000 ns	     25619	80005ac4	d94b2013	slti	x0,x22,-620	 x22:0x00000001
     256225.000 ns	     25621	80005ac8	03a50833	mul	x16,x10,x26	 x10:0x00000000 x26:0x00000000 x16=0x00000000
     256255.000 ns	     25624	80005acc	20072853	fsgnjx.s	f16,f14,f0	 f14:0xffc00000  f0:0x44f12000 f16=0xffc00000
     256275.000 ns	     25626	80005ad0	269cb697	auipc	x13,0x269cb	 x13=0xa69d0ad0
     256285.000 ns	     25627	80005ad4	41988333	sub	x6,x17,x25	 x17:0xffffffff x25:0x00000000  x6=0xffffffff
     256305.000 ns	     25629	80005ad8	02c3cd33	div	x26,x7,x12	  x7:0x23c97a40 x12:0x00000000 x26=0xffffffff
     256325.000 ns	     25631	80005adc	01e81b93	slli	x23,x16,0x1e	 x16:0x00000000 x23=0x00000000
     256345.000 ns	     25633	80005ae0	021e76b3	remu	x13,x28,x1	 x28:0x23c97a40  x1:0x00000000 x13=0x23c97a40
     256375.000 ns	     25636	80005ae4	03bfb7b3	mulhu	x15,x31,x27	 x31:0xc4f12000 x27:0x0000039c x15=0x000002c6
     256395.000 ns	     25638	80005ae8	6a873713	sltiu	x14,x14,1704	 x14:0x47bf2a54 x14=0x00000000
     256405.000 ns	     25639	80005aec	d5238417	auipc	x8,0xd5238	  x8=0x5523daec
     256735.000 ns	     25672	80005af0	195ab353	fdiv.s	f6,f21,f21	 f21:0xc4f12000 f21:0xc4f12000  f6=0x3f79a522
     256785.000 ns	     25677	80005af4	007e7853	fadd.s	f16,f28,f7	 f28:0x7fc00000  f7:0xc4f12000 f16=0x7fc00000
     256815.000 ns	     25680	80005af8	21eb8553	fsgnj.s	f10,f23,f30	 f23:0xffc00000 f30:0x4f000410 f10=0x7fc00000
     256835.000 ns	     25682	80005afc	0139d113	srli	x2,x19,0x13	 x19:0x00000000  x2=0x00000000
     256845.000 ns	     25683	80005b00	016e1b13	slli	x22,x28,0x16	 x28:0x23c97a40 x22=0x90000000
     256855.000 ns	     25684	80005b04	2d5db093	sltiu	x1,x27,725	 x27:0x0000039c  x1=0x00000000
     256865.000 ns	     25685	80005b08	347579b7	lui	x19,0x34757	 x19=0x34757000
     256885.000 ns	     25687	80005b0c	284c8c53	fmin.s	f24,f25,f4	 f25:0xbf800000  f4:0x7fc00000 f24=0xbf800000
     256925.000 ns	     25691	80005b10	18acf953	fdiv.s	f18,f25,f10	 f25:0xbf800000 f10:0x7fc00000 f18=0x7fc00000
     256955.000 ns	     25694	80005b14	02c50533	mul	x10,x10,x12	 x10:0x00000000 x12:0x00000000 x10=0x00000000
     257325.000 ns	     25731	80005b18	028b7033	remu	x0,x22,x8	 x22:0x90000000  x8:0x5523daec
     257355.000 ns	     25734	80005b1c	039e71b3	remu	x3,x28,x25	 x28:0x23c97a40 x25:0x00000000  x3=0x23c97a40
     257375.000 ns	     25736	80005b20	0128c333	xor	x6,x17,x18	 x17:0xffffffff x18:0x00000001  x6=0xfffffffe
     257385.000 ns	     25737	80005b24	013f95b3	sll	x11,x31,x19	 x31:0xc4f12000 x19:0x34757000 x11=0xc4f12000
     257405.000 ns	     25739	80005b28	02370533	mul	x10,x14,x3	 x14:0x00000000  x3:0x23c97a40 x10=0x00000000
     257435.000 ns	     25742	80005b2c	030f39b3	mulhu	x19,x30,x16	 x30:0x00000000 x16:0x00000000 x19=0x00000000
     257465.000 ns	     25745	80005b30	21a985d3	fsgnj.s	f11,f19,f26	 f19:0x80000000 f26:0xbf800000 f11=0x80000000
     257485.000 ns	     25747	80005b34	3524f297	auipc	x5,0x3524f	  x5=0xb5254b34
     257495.000 ns	     25748	80005b38	0040d113	srli	x2,x1,0x4	  x1:0x00000000  x2=0x00000000
     257505.000 ns	     25749	80005b3c	78c17b13	andi	x22,x2,1932	  x2:0x00000000 x22=0x00000000
     257515.000 ns	     25750	80005b40	00645b33	srl	x22,x8,x6	  x8:0x5523daec  x6:0xfffffffe x22=0x00000001
     257875.000 ns	     25786	80005b44	029463b3	rem	x7,x8,x9	  x8:0x5523daec  x9:0x80041024  x7=0x5523daec
     257915.000 ns	     25790	80005b48	19a218d3	fdiv.s	f17,f4,f26	  f4:0x7fc00000 f26:0xbf800000 f17=0x7fc00000
     257935.000 ns	     25792	80005b4c	014ad593	srli	x11,x21,0x14	 x21:0x00000000 x11=0x00000000
     257945.000 ns	     25793	80005b50	0040e7b3	or	x15,x1,x4	  x1:0x00000000  x4:0x00000001 x15=0x00000001
     257965.000 ns	     25795	80005b54	a0c82bd3	feq.s	x23,f16,f12	 f16:0x7fc00000 f12:0x7fc00000 x23=0x00000000
     257985.000 ns	     25797	80005b58	00bbfdb3	and	x27,x23,x11	 x23:0x00000000 x11:0x00000000 x27=0x00000000
     258345.000 ns	     25833	80005b5c	03fcebb3	rem	x23,x25,x31	 x25:0x00000000 x31:0xc4f12000 x23=0x00000000
     258365.000 ns	     25835	80005b60	6bc6c917	auipc	x18,0x6bc6c	 x18=0xebc71b60
     258385.000 ns	     25837	80005b64	e0019553	fclass.s	x10,f3	  f3:0x7fc00000 x10=0x00000200
     258415.000 ns	     25840	80005b68	025337b3	mulhu	x15,x6,x5	  x6:0xfffffffe  x5:0xb5254b34 x15=0xb5254b32
     258435.000 ns	     25842	80005b6c	419bd513	srai	x10,x23,0x19	 x23:0x00000000 x10=0x00000000
     258795.000 ns	     25878	80005b70	0315c233	div	x4,x11,x17	 x11:0x00000000 x17:0xffffffff  x4=0x00000000
     258825.000 ns	     25881	80005b74	a0cf9053	flt.s	x0,f31,f12	 f31:0xc4f12000 f12:0x7fc00000
     258855.000 ns	     25884	80005b78	0210abb3	mulhsu	x23,x1,x1	  x1:0x00000000  x1:0x00000000 x23=0x00000000
     258875.000 ns	     25886	80005b7c	00394633	xor	x12,x18,x3	 x18:0xebc71b60  x3:0x23c97a40 x12=0xc80e6120
     258885.000 ns	     25887	80005b80	e1bd2197	auipc	x3,0xe1bd2	  x3=0x61bd7b80
     258895.000 ns	     25888	80005b84	013d25b3	slt	x11,x26,x19	 x26:0xffffffff x19:0x00000000 x11=0x00000001
     258915.000 ns	     25890	80005b88	a0269153	flt.s	x2,f13,f2	 f13:0xffc00000  f2:0xc4f12000  x2=0x00000000
     258935.000 ns	     25892	80005b8c	00401e13	slli	x28,x0,0x4	  x0:0x00000000 x28=0x00000000
     258945.000 ns	     25893	80005b90	01c55bb3	srl	x23,x10,x28	 x10:0x00000000 x28:0x23c97a40 x23=0x00000000
     258955.000 ns	     25894	80005b94	00caa9b3	slt	x19,x21,x12	 x21:0x00000000 x12:0xc80e6120 x19=0x00000000
     258965.000 ns	     25895	80005b98	01b35113	srli	x2,x6,0x1b	  x6:0xfffffffe  x2=0x0000001f
     258985.000 ns	     25897	80005b9c	e00f88d3	fmv.x.w	x17,f31	 f31:0xc4f12000 x17=0xc4f12000
     259015.000 ns	     25900	80005ba0	c01601d3	fcvt.wu.s	x3,f12	 f12:0x7fc00000  x3=0xffffffff
     259035.000 ns	     25902	80005ba4	00000013	addi	x0,x0,0	  x0:0x00000000
     259045.000 ns	     25903	80005ba8	c44a4413	xori	x8,x20,-956	 x20:0x00000000  x8=0xfffffc44
     259065.000 ns	     25905	80005bac	d003f953	fcvt.s.w	f18,x7	  x7:0x5523daec f18=0x4eaa47b5
     259085.000 ns	     25907	80005bb0	002e6333	or	x6,x28,x2	 x28:0x00000000  x2:0x0000001f  x6=0x0000001f
     259095.000 ns	     25908	80005bb4	0036b933	sltu	x18,x13,x3	 x13:0x23c97a40  x3:0xffffffff x18=0x00000001
     259455.000 ns	     25944	80005bb8	02b1d1b3	divu	x3,x3,x11	  x3:0xffffffff x11:0x00000001  x3=0xffffffff
     259485.000 ns	     25947	80005bbc	c01401d3	fcvt.wu.s	x3,f8	  f8:0xc4f12000  x3=0x00000789
     259855.000 ns	     25984	80005bc0	02b75b33	divu	x22,x14,x11	 x14:0x00000000 x11:0x00000001 x22=0x00000000
     259885.000 ns	     25987	80005bc4	29120953	fmin.s	f18,f4,f17	  f4:0x7fc00000 f17:0x7fc00000 f18=0x7fc00000
     259905.000 ns	     25989	80005bc8	40bad293	srai	x5,x21,0xb	 x21:0x00000000  x5=0x00000000
     259945.000 ns	     25993	80005bcc	09dd79d3	fsub.s	f19,f26,f29	 f26:0xbf800000 f29:0xc4f12000 f19=0x44f10000
     259965.000 ns	     25995	80005bd0	40ebd393	srai	x7,x23,0xe	 x23:0x00000000  x7=0x00000000
     259985.000 ns	     25997	80005bd4	e0090453	fmv.x.w	x8,f18	 f18:0x7fc00000  x8=0x7fc00000
     260015.000 ns	     26000	80005bd8	024a5f33	divu	x30,x20,x4	 x20:0x00000000  x4:0x00000000 x30=0xffffffff
     260045.000 ns	     26003	80005bdc	29c19c53	fmax.s	f24,f3,f28	  f3:0x7fc00000 f28:0x7fc00000 f24=0x7fc00000
     260085.000 ns	     26007	80005be0	18e970d3	fdiv.s	f1,f18,f14	 f18:0x7fc00000 f14:0xffc00000  f1=0x7fc00000
     260105.000 ns	     26009	80005be4	0079d693	srli	x13,x19,0x7	 x19:0x00000000 x13=0x00000000
     260115.000 ns	     26010	80005be8	88783613	sltiu	x12,x16,-1913	 x16:0x00000000 x12=0x00000001
     260135.000 ns	     26012	80005bec	206e1053	fsgnjn.s	f0,f28,f6	 f28:0x7fc00000  f6:0x3f79a522  f0=0xffc00000
     260155.000 ns	     26014	80005bf0	003fa733	slt	x14,x31,x3	 x31:0xc4f12000  x3:0x00000789 x14=0x00000001
     260165.000 ns	     26015	80005bf4	7f73cd93	xori	x27,x7,2039	  x7:0x00000000 x27=0x000007f7
     260175.000 ns	     26016	80005bf8	b48ce3b7	lui	x7,0xb48ce	  x7=0xb48ce000
     260185.000 ns	     26017	80005bfc	66526f13	ori	x30,x4,1637	  x4:0x00000000 x30=0x00000665
     260195.000 ns	     26018	80005c00	e86de593	ori	x11,x27,-378	 x27:0x000007f7 x11=0xfffffff7
     260205.000 ns	     26019	80005c04	01ee5293	srli	x5,x28,0x1e	 x28:0x00000000  x5=0x00000000
     260225.000 ns	     26021	80005c08	e0068bd3	fmv.x.w	x23,f13	 f13:0xffc00000 x23=0xffc00000
     260245.000 ns	     26023	80005c0c	dfe50a13	addi	x20,x10,-514	 x10:0x00000000 x20=0xfffffdfe
     260265.000 ns	     26025	80005c10	03a896b3	mulh	x13,x17,x26	 x17:0xc4f12000 x26:0xffffffff x13=0x00000000
     260295.000 ns	     26028	80005c14	a15a0453	fle.s	x8,f20,f21	 f20:0x80000000 f21:0xc4f12000  x8=0x00000000
     260325.000 ns	     26031	80005c18	d010a953	fcvt.s.wu	f18,x1	  x1:0x00000000 f18=0x00000000
     260345.000 ns	     26033	80005c1c	6e7b2213	slti	x4,x22,1767	 x22:0x00000000  x4=0x00000001
     260355.000 ns	     26034	80005c20	0fa6ab13	slti	x22,x13,250	 x13:0x00000000 x22=0x00000001
     260715.000 ns	     26070	80005c24	032b4133	div	x2,x22,x18	 x22:0x00000000 x18:0x00000001  x2=0x00000001
     260745.000 ns	     26073	80005c28	d0032153	fcvt.s.w	f2,x6	  x6:0x0000001f  f2=0x41f80000
     261115.000 ns	     26110	80005c2c	02f86133	rem	x2,x16,x15	 x16:0x00000000 x15:0xb5254b32  x2=0x00000000
     261485.000 ns	     26147	80005c30	02ec7bb3	remu	x23,x24,x14	 x24:0x80040fe4 x14:0x00000001 x23=0x00000000
     261515.000 ns	     26150	80005c34	e0009853	fclass.s	x16,f1	  f1:0x7fc00000 x16=0x00000200
     261535.000 ns	     26152	80005c38	3994a137	lui	x2,0x3994a	  x2=0x3994a000
     261555.000 ns	     26154	80005c3c	a10aaa53	feq.s	x20,f21,f16	 f21:0xc4f12000 f16:0x7fc00000 x20=0x00000000
     261585.000 ns	     26157	80005c40	a0b5af53	feq.s	x30,f11,f11	 f11:0x80000000 f11:0x80000000 x30=0x00000001
     261625.000 ns	     26161	80005c44	580773d3	fsqrt.s	f7,f14	 f14:0xffc00000  f7=0x7fc00000
     261655.000 ns	     26164	80005c48	297b8d53	fmin.s	f26,f23,f23	 f23:0xffc00000 f23:0xffc00000 f26=0x7fc00000
     261675.000 ns	     26166	80005c4c	00368593	addi	x11,x13,3	 x13:0x00000000 x11=0x00000003
     261685.000 ns	     26167	80005c50	40285db3	sra	x27,x16,x2	 x16:0x00000200  x2:0x3994a000 x27=0x00000200
     261705.000 ns	     26169	80005c54	020a6a33	rem	x20,x20,x0	 x20:0x00000000  x0:0x00000000 x20=0x00000000
     261725.000 ns	     26171	80005c58	3db56d17	auipc	x26,0x3db56	 x26=0xbdb5bc58
     261745.000 ns	     26173	80005c5c	e00109d3	fmv.x.w	x19,f2	  f2:0x41f80000 x19=0x41f80000
     262115.000 ns	     26210	80005c60	02b04333	div	x6,x0,x11	  x0:0x00000000 x11:0x00000003  x6=0x00000000
     262155.000 ns	     26214	80005c64	182c2ad3	fdiv.s	f21,f24,f2	 f24:0x7fc00000  f2:0x41f80000 f21=0x7fc00000
     262175.000 ns	     26216	80005c68	00ceaeb3	slt	x29,x29,x12	 x29:0x00000000 x12:0x00000001 x29=0x00000001
     262195.000 ns	     26218	80005c6c	e00108d3	fmv.x.w	x17,f2	  f2:0x41f80000 x17=0x41f80000
     262215.000 ns	     26220	80005c70	a42c3a17	auipc	x20,0xa42c3	 x20=0x242c8c70
     262235.000 ns	     26222	80005c74	c0173e53	fcvt.wu.s	x28,f14	 f14:0xffc00000 x28=0xffffffff
     262605.000 ns	     26259	80005c78	02bad9b3	divu	x19,x21,x11	 x21:0x00000000 x11:0x00000003 x19=0x00000000
     262655.000 ns	     26264	80005c7c	08f51653	fsub.s	f12,f10,f15	 f10:0x7fc00000 f15:0x7fc00000 f12=0x7fc00000
     262685.000 ns	     26267	80005c80	c01b1e53	fcvt.wu.s	x28,f22	 f22:0x00000000 x28=0x00000000
     262705.000 ns	     26269	80005c84	008e3eb3	sltu	x29,x28,x8	 x28:0xffffffff  x8:0x00000000 x29=0x00000000
     262715.000 ns	     26270	80005c88	00ed1d33	sll	x26,x26,x14	 x26:0xbdb5bc58 x14:0x00000001 x26=0x7b6b78b0
     262725.000 ns	     26271	80005c8c	26976313	ori	x6,x14,617	 x14:0x00000001  x6=0x00000269
     262745.000 ns	     26273	80005c90	284e08d3	fmin.s	f17,f28,f4	 f28:0x7fc00000  f4:0x7fc00000 f17=0x7fc00000
     262775.000 ns	     26276	80005c94	f0080f53	fmv.w.x	f30,x16	 x16:0x00000200 f30=0x00000200
     262815.000 ns	     26280	80005c98	11cd3cd3	fmul.s	f25,f26,f28	 f26:0x7fc00000 f28:0x7fc00000 f25=0x7fc00000
     262845.000 ns	     26283	80005c9c	20a385d3	fsgnj.s	f11,f7,f10	  f7:0x7fc00000 f10:0x7fc00000 f11=0x7fc00000
     262865.000 ns	     26285	80005ca0	c7833237	lui	x4,0xc7833	  x4=0xc7833000
     262875.000 ns	     26286	80005ca4	75f15737	lui	x14,0x75f15	 x14=0x75f15000
     262885.000 ns	     26287	80005ca8	3a074613	xori	x12,x14,928	 x14:0x00000001 x12=0x75f153a0
     262905.000 ns	     26289	80005cac	2196a753	fsgnjx.s	f14,f13,f25	 f13:0xffc00000 f25:0x7fc00000 f14=0xffc00000
     262935.000 ns	     26292	80005cb0	28840e53	fmin.s	f28,f8,f8	  f8:0xc4f12000  f8:0xc4f12000 f28=0xc4f12000
     262955.000 ns	     26294	80005cb4	019b1d93	slli	x27,x22,0x19	 x22:0x00000001 x27=0x02000000
     262965.000 ns	     26295	80005cb8	0097c0b3	xor	x1,x15,x9	 x15:0xb5254b32  x9:0x80041024  x1=0x35215b16
     262975.000 ns	     26296	80005cbc	2e430893	addi	x17,x6,740	  x6:0x00000269 x17=0x0000054d
     262995.000 ns	     26298	80005cc0	e00186d3	fmv.x.w	x13,f3	  f3:0x7fc00000 x13=0x7fc00000
     263015.000 ns	     26300	80005cc4	40da5b93	srai	x23,x20,0xd	 x20:0x242c8c70 x23=0x00012164
     263025.000 ns	     26301	80005cc8	ab9d8213	addi	x4,x27,-1351	 x27:0x02000000  x4=0x01fffab9
     263045.000 ns	     26303	80005ccc	0305aeb3	mulhsu	x29,x11,x16	 x11:0x00000003 x16:0x00000200 x29=0x00000000
     263415.000 ns	     26340	80005cd0	0388d333	divu	x6,x17,x24	 x17:0x0000054d x24:0x80040fe4  x6=0x00000000
     263455.000 ns	     26344	80005cd4	182bb1d3	fdiv.s	f3,f23,f2	 f23:0xffc00000  f2:0x41f80000  f3=0x7fc00000
     263475.000 ns	     26346	80005cd8	41205313	srai	x6,x0,0x12	  x0:0x00000000  x6=0x00000000
     263495.000 ns	     26348	80005cdc	d0180dd3	fcvt.s.wu	f27,x16	 x16:0x00000200 f27=0x44000000
     263525.000 ns	     26351	80005ce0	29479e53	fmax.s	f28,f15,f20	 f15:0x7fc00000 f20:0x80000000 f28=0x80000000
     263565.000 ns	     26355	80005ce4	194641d3	fdiv.s	f3,f12,f20	 f12:0x7fc00000 f20:0x80000000  f3=0x7fc00000
     263585.000 ns	     26357	80005ce8	01872e33	slt	x28,x14,x24	 x14:0x75f15000 x24:0x80040fe4 x28=0x00000000
     263595.000 ns	     26358	80005cec	00000013	addi	x0,x0,0	  x0:0x00000000
     263635.000 ns	     26362	80005cf0	0862fcd3	fsub.s	f25,f5,f6	  f5:0x4a631d44  f6:0x3f79a522 f25=0x4a631d40
     263665.000 ns	     26365	80005cf4	d0108e53	fcvt.s.wu	f28,x1	  x1:0x35215b16 f28=0x4e54856c
     263695.000 ns	     26368	80005cf8	e00c9553	fclass.s	x10,f25	 f25:0x4a631d40 x10=0x00000040
     263715.000 ns	     26370	80005cfc	0120c5b3	xor	x11,x1,x18	  x1:0x35215b16 x18:0x00000001 x11=0x35215b17
     263735.000 ns	     26372	80005d00	a0002653	feq.s	x12,f0,f0	  f0:0xffc00000  f0:0xffc00000 x12=0x00000000
     263765.000 ns	     26375	80005d04	d00e7b53	fcvt.s.w	f22,x28	 x28:0x00000000 f22=0x00000000
     263785.000 ns	     26377	80005d08	4036da93	srai	x21,x13,0x3	 x13:0x7fc00000 x21=0x0ff80000
     263805.000 ns	     26379	80005d0c	03c435b3	mulhu	x11,x8,x28	  x8:0x00000000 x28:0x00000000 x11=0x00000000
     263835.000 ns	     26382	80005d10	e00688d3	fmv.x.w	x17,f13	 f13:0xffc00000 x17=0xffc00000
     263865.000 ns	     26385	80005d14	023e0e33	mul	x28,x28,x3	 x28:0x00000000  x3:0x00000789 x28=0x00000000
     263885.000 ns	     26387	80005d18	411657b3	sra	x15,x12,x17	 x12:0x00000000 x17:0xffc00000 x15=0x00000000
     263905.000 ns	     26389	80005d1c	e00e0853	fmv.x.w	x16,f28	 f28:0x4e54856c x16=0x4e54856c
     263955.000 ns	     26394	80005d20	089425d3	fsub.s	f11,f8,f9	  f8:0xc4f12000  f9:0x7fc00000 f11=0x7fc00000
     263975.000 ns	     26396	80005d24	5f014e93	xori	x29,x2,1520	  x2:0x3994a000 x29=0x3994a5f0
     263985.000 ns	     26397	80005d28	0079a033	slt	x0,x19,x7	 x19:0x00000000  x7:0xb48ce000
     264025.000 ns	     26401	80005d2c	0848b853	fsub.s	f16,f17,f4	 f17:0x7fc00000  f4:0x7fc00000 f16=0x7fc00000
     264055.000 ns	     26404	80005d30	a1828153	fle.s	x2,f5,f24	  f5:0x4a631d44 f24:0x7fc00000  x2=0x00000000
     264085.000 ns	     26407	80005d34	02bb3333	mulhu	x6,x22,x11	 x22:0x00000001 x11:0x00000000  x6=0x00000000
     264115.000 ns	     26410	80005d38	29d71cd3	fmax.s	f25,f14,f29	 f14:0xffc00000 f29:0xc4f12000 f25=0xc4f12000
     264135.000 ns	     26412	80005d3c	01690ab3	add	x21,x18,x22	 x18:0x00000001 x22:0x00000001 x21=0x00000002
     264145.000 ns	     26413	80005d40	00275d13	srli	x26,x14,0x2	 x14:0x75f15000 x26=0x1d7c5400
     264165.000 ns	     26415	80005d44	21518453	fsgnj.s	f8,f3,f21	  f3:0x7fc00000 f21:0x7fc00000  f8=0x7fc00000
     264195.000 ns	     26418	80005d48	036fa3b3	mulhsu	x7,x31,x22	 x31:0xc4f12000 x22:0x00000001  x7=0xffffffff
     264225.000 ns	     26421	80005d4c	c002f0d3	fcvt.w.s	x1,f5	  f5:0x4a631d44  x1=0x0038c751
     264245.000 ns	     26423	80005d50	01ac9ab3	sll	x21,x25,x26	 x25:0x00000000 x26:0x1d7c5400 x21=0x00000000
     264255.000 ns	     26424	80005d54	d1aaebb7	lui	x23,0xd1aae	 x23=0xd1aae000
     264265.000 ns	     26425	80005d58	c75dfeb7	lui	x29,0xc75df	 x29=0xc75df000
     264285.000 ns	     26427	80005d5c	02eb0833	mul	x16,x22,x14	 x22:0x00000001 x14:0x75f15000 x16=0x75f15000
     264655.000 ns	     26464	80005d60	036ac933	div	x18,x21,x22	 x21:0x00000000 x22:0x00000001 x18=0x00000000
     264675.000 ns	     26466	80005d64	408cdab3	sra	x21,x25,x8	 x25:0x00000000  x8:0x00000000 x21=0x00000000
     264695.000 ns	     26468	80005d68	28290ad3	fmin.s	f21,f18,f2	 f18:0x00000000  f2:0x41f80000 f21=0x00000000
     264715.000 ns	     26470	80005d6c	47ffbf13	sltiu	x30,x31,1151	 x31:0xc4f12000 x30=0x00000000
     264735.000 ns	     26472	80005d70	0351c033	div	x0,x3,x21	  x3:0x00000789 x21:0x00000000
     264755.000 ns	     26474	80005d74	e1aa8b13	addi	x22,x21,-486	 x21:0x00000000 x22=0xfffffe1a
     265115.000 ns	     26510	80005d78	031a46b3	div	x13,x20,x17	 x20:0x242c8c70 x17:0xffc00000 x13=0xffffff70
     265135.000 ns	     26512	80005d7c	01516db3	or	x27,x2,x21	  x2:0x00000000 x21:0x00000000 x27=0x00000000
     265145.000 ns	     26513	80005d80	00945133	srl	x2,x8,x9	  x8:0x00000000  x9:0x80041024  x2=0x00000000
     265155.000 ns	     26514	80005d84	01eebb33	sltu	x22,x29,x30	 x29:0xc75df000 x30:0x00000000 x22=0x00000000
     265175.000 ns	     26516	80005d88	e00c8853	fmv.x.w	x16,f25	 f25:0xc4f12000 x16=0xc4f12000
     265195.000 ns	     26518	80005d8c	e6308893	addi	x17,x1,-413	  x1:0x0038c751 x17=0x0038c5b4
     265215.000 ns	     26520	80005d90	c0070753	fcvt.w.s	x14,f14	 f14:0xffc00000 x14=0x7fffffff
     265235.000 ns	     26522	80005d94	00000013	addi	x0,x0,0	  x0:0x00000000
     265245.000 ns	     26523	80005d98	962d4893	xori	x17,x26,-1694	 x26:0x1d7c5400 x17=0xe283ad62
     265275.000 ns	     26526	80005d9c	19ba28d3	fdiv.s	f17,f20,f27	 f20:0x80000000 f27:0x44000000 f17=0x80000000
     266455.000 ns	     26644	80005da0	580373d3	fsqrt.s	f7,f6	  f6:0x3f79a522  f7=0x3f308659
     266485.000 ns	     26647	80005da4	03e416b3	mulh	x13,x8,x30	  x8:0x00000000 x30:0x00000000 x13=0x00000000
     266505.000 ns	     26649	80005da8	5429cf13	xori	x30,x19,1346	 x19:0x00000000 x30=0x00000542
     266515.000 ns	     26650	80005dac	017e5e13	srli	x28,x28,0x17	 x28:0x00000000 x28=0x00000000
     266525.000 ns	     26651	80005db0	40835d33	sra	x26,x6,x8	  x6:0x00000000  x8:0x00000000 x26=0x00000000
     266535.000 ns	     26652	80005db4	01153db3	sltu	x27,x10,x17	 x10:0x00000040 x17:0xe283ad62 x27=0x00000001
     266565.000 ns	     26655	80005db8	1089f9d3	fmul.s	f19,f19,f8	 f19:0x44f10000  f8:0x7fc00000 f19=0x7fc00000
     266585.000 ns	     26657	80005dbc	f307c813	xori	x16,x15,-208	 x15:0x00000000 x16=0xffffff30
     266595.000 ns	     26658	80005dc0	40fd0333	sub	x6,x26,x15	 x26:0x00000000 x15:0x00000000  x6=0x00000000
     266605.000 ns	     26659	80005dc4	012233b3	sltu	x7,x4,x18	  x4:0x01fffab9 x18:0x00000000  x7=0x00000000
     266625.000 ns	     26661	80005dc8	03fb3b33	mulhu	x22,x22,x31	 x22:0x00000000 x31:0xc4f12000 x22=0x00000000
     266655.000 ns	     26664	80005dcc	02108d33	mul	x26,x1,x1	  x1:0x0038c751  x1:0x0038c751 x26=0xce9f07a1
     266675.000 ns	     26666	80005dd0	f9ca2313	slti	x6,x20,-100	 x20:0x242c8c70  x6=0x00000000
     267035.000 ns	     26702	80005dd4	024fc133	div	x2,x31,x4	 x31:0xc4f12000  x4:0x01fffab9  x2=0xffffffe3
     267055.000 ns	     26704	80005dd8	00642133	slt	x2,x8,x6	  x8:0x00000000  x6:0x00000000  x2=0x00000000
     267065.000 ns	     26705	80005ddc	00ff3eb3	sltu	x29,x30,x15	 x30:0x00000542 x15:0x00000000 x29=0x00000000
     267085.000 ns	     26707	80005de0	e00d9953	fclass.s	x18,f27	 f27:0x44000000 x18=0x00000040
     267115.000 ns	     26710	80005de4	f00f8bd3	fmv.w.x	f23,x31	 x31:0xc4f12000 f23=0xc4f12000
     267145.000 ns	     26713	80005de8	a09ba6d3	feq.s	x13,f23,f9	 f23:0xffc00000  f9:0x7fc00000 x13=0x00000000
     267175.000 ns	     26716	80005dec	0298bdb3	mulhu	x27,x17,x9	 x17:0xe283ad62  x9:0x80041024 x27=0x71456f07
     267205.000 ns	     26719	80005df0	21110cd3	fsgnj.s	f25,f2,f17	  f2:0x41f80000 f17:0x80000000 f25=0xc1f80000
     267225.000 ns	     26721	80005df4	01fb1b13	slli	x22,x22,0x1f	 x22:0x00000000 x22=0x00000000
     267235.000 ns	     26722	80005df8	d49a2d93	slti	x27,x20,-695	 x20:0x242c8c70 x27=0x00000000
     267255.000 ns	     26724	80005dfc	a1601953	flt.s	x18,f0,f22	  f0:0xffc00000 f22:0x00000000 x18=0x00000000
     267275.000 ns	     26726	80005e00	01a49f93	slli	x31,x9,0x1a	  x9:0x80041024 x31=0x90000000
     267295.000 ns	     26728	80005e04	f0010cd3	fmv.w.x	f25,x2	  x2:0x00000000 f25=0x00000000
     267315.000 ns	     26730	80005e08	40b98933	sub	x18,x19,x11	 x19:0x00000000 x11:0x00000000 x18=0x00000000
     267335.000 ns	     26732	80005e0c	f00a04d3	fmv.w.x	f9,x20	 x20:0x242c8c70  f9=0x242c8c70
     267355.000 ns	     26734	80005e10	001d4933	xor	x18,x26,x1	 x26:0xce9f07a1  x1:0x0038c751 x18=0xcea7c0f0
     267375.000 ns	     26736	80005e14	a05a06d3	fle.s	x13,f20,f5	 f20:0x80000000  f5:0x4a631d44 x13=0x00000001
     267405.000 ns	     26739	80005e18	21a227d3	fsgnjx.s	f15,f4,f26	  f4:0x7fc00000 f26:0x7fc00000 f15=0x7fc00000
     267425.000 ns	     26741	80005e1c	9313a593	slti	x11,x7,-1743	  x7:0x00000000 x11=0x00000000
     267435.000 ns	     26742	80005e20	0149d2b3	srl	x5,x19,x20	 x19:0x00000000 x20:0x242c8c70  x5=0x00000000
     267445.000 ns	     26743	80005e24	cf012993	slti	x19,x2,-784	  x2:0x00000000 x19=0x00000000
     267465.000 ns	     26745	80005e28	03fa3733	mulhu	x14,x20,x31	 x20:0x242c8c70 x31:0x90000000 x14=0x14590eff
     267495.000 ns	     26748	80005e2c	0254c7b3	div	x15,x9,x5	  x9:0x80041024  x5:0x00000000 x15=0xffffffff
     267515.000 ns	     26750	80005e30	93176213	ori	x4,x14,-1743	 x14:0x14590eff  x4=0xffffffff
     267525.000 ns	     26751	80005e34	cfdab837	lui	x16,0xcfdab	 x16=0xcfdab000
     267545.000 ns	     26753	80005e38	a1e2a253	feq.s	x4,f5,f30	  f5:0x4a631d44 f30:0x00000200  x4=0x00000000
     267915.000 ns	     26790	80005e3c	02aff633	remu	x12,x31,x10	 x31:0x90000000 x10:0x00000040 x12=0x00000000
     267945.000 ns	     26793	80005e40	e0011f53	fclass.s	x30,f2	  f2:0x41f80000 x30=0x00000040
     267965.000 ns	     26795	80005e44	df507013	andi	x0,x0,-523	  x0:0x00000000
     267985.000 ns	     26797	80005e48	0393ce33	div	x28,x7,x25	  x7:0x00000000 x25:0x00000000 x28=0xffffffff
     268005.000 ns	     26799	80005e4c	016baab3	slt	x21,x23,x22	 x23:0xd1aae000 x22:0x00000000 x21=0x00000001
     268015.000 ns	     26800	80005e50	01578933	add	x18,x15,x21	 x15:0xffffffff x21:0x00000000 x18=0x00000000
     268035.000 ns	     26802	80005e54	2088abd3	fsgnjx.s	f23,f17,f8	 f17:0x80000000  f8:0x7fc00000 f23=0x80000000
     268055.000 ns	     26804	80005e58	00a6a433	slt	x8,x13,x10	 x13:0x00000001 x10:0x00000040  x8=0x00000001
     268065.000 ns	     26805	80005e5c	30b08913	addi	x18,x1,779	  x1:0x0038c751 x18=0x0038ca5c
     268425.000 ns	     26841	80005e60	031adf33	divu	x30,x21,x17	 x21:0x00000001 x17:0xe283ad62 x30=0x00000000
     268455.000 ns	     26844	80005e64	031f06b3	mul	x13,x30,x17	 x30:0x00000040 x17:0xe283ad62 x13=0x00000000
     268485.000 ns	     26847	80005e68	298a1ad3	fmax.s	f21,f20,f24	 f20:0x80000000 f24:0x7fc00000 f21=0x80000000
     268505.000 ns	     26849	80005e6c	5197a337	lui	x6,0x5197a	  x6=0x5197a000
     268515.000 ns	     26850	80005e70	ddaf4f93	xori	x31,x30,-550	 x30:0x00000000 x31=0xfffffdda
     268535.000 ns	     26852	80005e74	e0088a53	fmv.x.w	x20,f17	 f17:0x80000000 x20=0x80000000
     268585.000 ns	     26857	80005e78	09847b53	fsub.s	f22,f8,f24	  f8:0x7fc00000 f24:0x7fc00000 f22=0x7fc00000
     268605.000 ns	     26859	80005e7c	1660e313	ori	x6,x1,358	  x1:0x0038c751  x6=0x0038c777
     268625.000 ns	     26861	80005e80	02db3eb3	mulhu	x29,x22,x13	 x22:0x00000000 x13:0x00000000 x29=0x00000000
     268645.000 ns	     26863	80005e84	40725433	sra	x8,x4,x7	  x4:0x00000000  x7:0x00000000  x8=0x00000000
     268665.000 ns	     26865	80005e88	03a43433	mulhu	x8,x8,x26	  x8:0x00000001 x26:0xce9f07a1  x8=0x00000000
     268685.000 ns	     26867	80005e8c	017729b3	slt	x19,x14,x23	 x14:0x14590eff x23:0xd1aae000 x19=0x00000000
     269045.000 ns	     26903	80005e90	021f6bb3	rem	x23,x30,x1	 x30:0x00000000  x1:0x0038c751 x23=0x00000000
     269075.000 ns	     26906	80005e94	20a388d3	fsgnj.s	f17,f7,f10	  f7:0x3f308659 f10:0x7fc00000 f17=0x3f308659
     269095.000 ns	     26908	80005e98	17a73e93	sltiu	x29,x14,378	 x14:0x14590eff x29=0x00000000
     270265.000 ns	     27025	80005e9c	580305d3	fsqrt.s	f11,f6	  f6:0x3f79a522 f11=0x3f308659
     270285.000 ns	     27027	80005ea0	0008cb33	xor	x22,x17,x0	 x17:0xe283ad62  x0:0x00000000 x22=0xe283ad62
     270295.000 ns	     27028	80005ea4	017d5e93	srli	x29,x26,0x17	 x26:0xce9f07a1 x29=0x0000019d
     270305.000 ns	     27029	80005ea8	01c69e93	slli	x29,x13,0x1c	 x13:0x00000000 x29=0x00000000
     270315.000 ns	     27030	80005eac	01ba3fb3	sltu	x31,x20,x27	 x20:0x80000000 x27:0x00000000 x31=0x00000000
     270335.000 ns	     27032	80005eb0	283a8cd3	fmin.s	f25,f21,f3	 f21:0x80000000  f3:0x7fc00000 f25=0x80000000
     270355.000 ns	     27034	80005eb4	1ad66717	auipc	x14,0x1ad66	 x14=0x9ad6beb4
     270365.000 ns	     27035	80005eb8	00ad3ab3	sltu	x21,x26,x10	 x26:0xce9f07a1 x10:0x00000040 x21=0x00000000
     270395.000 ns	     27038	80005ebc	580275d3	fsqrt.s	f11,f4	  f4:0x7fc00000 f11=0x7fc00000
     270425.000 ns	     27041	80005ec0	29e396d3	fmax.s	f13,f7,f30	  f7:0x3f308659 f30:0x00000200 f13=0x3f308659
     270455.000 ns	     27044	80005ec4	c004b453	fcvt.w.s	x8,f9	  f9:0x242c8c70  x8=0x00000000
     270485.000 ns	     27047	80005ec8	03b9dab3	divu	x21,x19,x27	 x19:0x00000000 x27:0x00000000 x21=0xffffffff
     270515.000 ns	     27050	80005ecc	202b0f53	fsgnj.s	f30,f22,f2	 f22:0x7fc00000  f2:0x41f80000 f30=0x7fc00000
     270555.000 ns	     27054	80005ed0	19b085d3	fdiv.s	f11,f1,f27	  f1:0x7fc00000 f27:0x44000000 f11=0x7fc00000
     270585.000 ns	     27057	80005ed4	c0097253	fcvt.w.s	x4,f18	 f18:0x00000000  x4=0x00000000
     270615.000 ns	     27060	80005ed8	f0088553	fmv.w.x	f10,x17	 x17:0xe283ad62 f10=0xe283ad62
     270645.000 ns	     27063	80005edc	20a81f53	fsgnjn.s	f30,f16,f10	 f16:0x7fc00000 f10:0x7fc00000 f30=0x7fc00000
     270665.000 ns	     27065	80005ee0	00ddf2b3	and	x5,x27,x13	 x27:0x00000000 x13:0x00000000  x5=0x00000000
     270675.000 ns	     27066	80005ee4	0114e533	or	x10,x9,x17	  x9:0x80041024 x17:0xe283ad62 x10=0xe287bd66
     270685.000 ns	     27067	80005ee8	01e5dd93	srli	x27,x11,0x1e	 x11:0x00000000 x27=0x00000000
     271045.000 ns	     27103	80005eec	0218d433	divu	x8,x17,x1	 x17:0xe283ad62  x1:0x0038c751  x8=0x000003fd
     271075.000 ns	     27106	80005ef0	c01b8e53	fcvt.wu.s	x28,f23	 f23:0x80000000 x28=0x00000000
     271095.000 ns	     27108	80005ef4	0159b933	sltu	x18,x19,x21	 x19:0x00000000 x21:0xffffffff x18=0x00000001
     271115.000 ns	     27110	80005ef8	02b6e9b3	rem	x19,x13,x11	 x13:0x00000000 x11:0x00000000 x19=0x00000000
     271145.000 ns	     27113	80005efc	a13113d3	flt.s	x7,f2,f19	  f2:0x41f80000 f19:0x7fc00000  x7=0x00000000
     271175.000 ns	     27116	80005f00	f0038653	fmv.w.x	f12,x7	  x7:0x00000000 f12=0x00000000
     271205.000 ns	     27119	80005f04	036d8933	mul	x18,x27,x22	 x27:0x00000000 x22:0xe283ad62 x18=0x00000000
     271225.000 ns	     27121	80005f08	97343193	sltiu	x3,x8,-1677	  x8:0x000003fd  x3=0x00000001
     271235.000 ns	     27122	80005f0c	014da733	slt	x14,x27,x20	 x27:0x00000000 x20:0x80000000 x14=0x00000000
     271245.000 ns	     27123	80005f10	0044bb33	sltu	x22,x9,x4	  x9:0x80041024  x4:0x00000000 x22=0x00000000
     271265.000 ns	     27125	80005f14	0322d6b3	divu	x13,x5,x18	  x5:0x00000000 x18:0x00000000 x13=0xffffffff
     271295.000 ns	     27128	80005f18	d01870d3	fcvt.s.wu	f1,x16	 x16:0xcfdab000  f1=0x4f4fdab0
     271325.000 ns	     27131	80005f1c	21d49753	fsgnjn.s	f14,f9,f29	  f9:0x242c8c70 f29:0xc4f12000 f14=0x242c8c70
     271355.000 ns	     27134	80005f20	02e41f33	mulh	x30,x8,x14	  x8:0x000003fd x14:0x00000000 x30=0x00000000
     271375.000 ns	     27136	80005f24	41615813	srai	x16,x2,0x16	  x2:0x00000000 x16=0x00000000
     271395.000 ns	     27138	80005f28	208a1c53	fsgnjn.s	f24,f20,f8	 f20:0x80000000  f8:0x7fc00000 f24=0x80000000
     271425.000 ns	     27141	80005f2c	203220d3	fsgnjx.s	f1,f4,f3	  f4:0x7fc00000  f3:0x7fc00000  f1=0x7fc00000
     271445.000 ns	     27143	80005f30	00e04a33	xor	x20,x0,x14	  x0:0x00000000 x14:0x00000000 x20=0x00000000
     271465.000 ns	     27145	80005f34	a1f88f53	fle.s	x30,f17,f31	 f17:0x3f308659 f31:0xc4f12000 x30=0x00000000
     271495.000 ns	     27148	80005f38	0377feb3	remu	x29,x15,x23	 x15:0xffffffff x23:0x00000000 x29=0xffffffff
     271515.000 ns	     27150	80005f3c	004fd793	srli	x15,x31,0x4	 x31:0x00000000 x15=0x00000000
     271525.000 ns	     27151	80005f40	e0c49637	lui	x12,0xe0c49	 x12=0xe0c49000
     271545.000 ns	     27153	80005f44	030fa633	mulhsu	x12,x31,x16	 x31:0x00000000 x16:0x00000000 x12=0x00000000
     271565.000 ns	     27155	80005f48	11d03113	sltiu	x2,x0,285	  x0:0x00000000  x2=0x00000001
     271575.000 ns	     27156	80005f4c	019e1733	sll	x14,x28,x25	 x28:0x00000000 x25:0x00000000 x14=0x00000000
     271585.000 ns	     27157	80005f50	00546d33	or	x26,x8,x5	  x8:0x000003fd  x5:0x00000000 x26=0x000003fd
     271595.000 ns	     27158	80005f54	29778013	addi	x0,x15,663	 x15:0x00000000
     271615.000 ns	     27160	80005f58	21872353	fsgnjx.s	f6,f14,f24	 f14:0x242c8c70 f24:0x80000000  f6=0xa42c8c70
     271655.000 ns	     27164	80005f5c	18aac253	fdiv.s	f4,f21,f10	 f21:0x80000000 f10:0xe283ad62  f4=0x00000000
     271705.000 ns	     27169	80005f60	0033c9d3	fadd.s	f19,f7,f3	  f7:0x3f308659  f3:0x7fc00000 f19=0x7fc00000
     271725.000 ns	     27171	80005f64	00b1d6b3	srl	x13,x3,x11	  x3:0x00000001 x11:0x00000000 x13=0x00000001
     271735.000 ns	     27172	80005f68	41a886b3	sub	x13,x17,x26	 x17:0xe283ad62 x26:0x000003fd x13=0xe283a965
     271755.000 ns	     27174	80005f6c	c0132fd3	fcvt.wu.s	x31,f6	  f6:0xa42c8c70 x31=0x00000000
     271775.000 ns	     27176	80005f70	0155c1b3	xor	x3,x11,x21	 x11:0x00000000 x21:0xffffffff  x3=0xffffffff
     271785.000 ns	     27177	80005f74	0c800a13	addi	x20,x0,200	  x0:0x00000000 x20=0x000000c8
     271815.000 ns	     27180	80005f78	580cfa53	fsqrt.s	f20,f25	 f25:0x80000000 f20=0x80000000
     271845.000 ns	     27183	80005f7c	d00c7dd3	fcvt.s.w	f27,x24	 x24:0x80040fe4 f27=0xcefff7e0
     271865.000 ns	     27185	80005f80	40198433	sub	x8,x19,x1	 x19:0x00000000  x1:0x0038c751  x8=0xffc738af
     271905.000 ns	     27189	80005f84	09302a53	fsub.s	f20,f0,f19	  f0:0xffc00000 f19:0x7fc00000 f20=0x7fc00000
     271925.000 ns	     27191	80005f88	921e90b7	lui	x1,0x921e9	  x1=0x921e9000
     272285.000 ns	     27227	80005f8c	028a6433	rem	x8,x20,x8	 x20:0x000000c8  x8:0xffc738af  x8=0x000000c8
     272315.000 ns	     27230	80005f90	c00496d3	fcvt.w.s	x13,f9	  f9:0x242c8c70 x13=0x00000000
     272335.000 ns	     27232	80005f94	417cd633	sra	x12,x25,x23	 x25:0x00000000 x23:0x00000000 x12=0x00000000
     272355.000 ns	     27234	80005f98	02bfdab3	divu	x21,x31,x11	 x31:0x00000000 x11:0x00000000 x21=0xffffffff
     272375.000 ns	     27236	80005f9c	60373893	sltiu	x17,x14,1539	 x14:0x00000000 x17=0x00000001
     272395.000 ns	     27238	80005fa0	a15c0753	fle.s	x14,f24,f21	 f24:0x80000000 f21:0x80000000 x14=0x00000001
     272425.000 ns	     27241	80005fa4	d01c37d3	fcvt.s.wu	f15,x24	 x24:0x80040fe4 f15=0x4f000410
     272795.000 ns	     27278	80005fa8	026a47b3	div	x15,x20,x6	 x20:0x000000c8  x6:0x0038c777 x15=0x00000000
     272825.000 ns	     27281	80005fac	217902d3	fsgnj.s	f5,f18,f23	 f18:0x00000000 f23:0x80000000  f5=0x80000000
     272855.000 ns	     27284	80005fb0	037548b3	div	x17,x10,x23	 x10:0xe287bd66 x23:0x00000000 x17=0xffffffff
     272875.000 ns	     27286	80005fb4	6f387413	andi	x8,x16,1779	 x16:0x00000000  x8=0x00000000
     272885.000 ns	     27287	80005fb8	002293b3	sll	x7,x5,x2	  x5:0x00000000  x2:0x00000001  x7=0x00000000
     272905.000 ns	     27289	80005fbc	a0090453	fle.s	x8,f18,f0	 f18:0x00000000  f0:0xffc00000  x8=0x00000000
     272925.000 ns	     27291	80005fc0	f63b0313	addi	x6,x22,-157	 x22:0x00000000  x6=0xffffff63
     272945.000 ns	     27293	80005fc4	21399a53	fsgnjn.s	f20,f19,f19	 f19:0x7fc00000 f19:0x7fc00000 f20=0xffc00000
     272965.000 ns	     27295	80005fc8	40fcd693	srai	x13,x25,0xf	 x25:0x00000000 x13=0x00000000
     272975.000 ns	     27296	80005fcc	002aa133	slt	x2,x21,x2	 x21:0xffffffff  x2:0x00000001  x2=0x00000001
     272995.000 ns	     27298	80005fd0	03f00fb3	mul	x31,x0,x31	  x0:0x00000000 x31:0x00000000 x31=0x00000000
     273015.000 ns	     27300	80005fd4	0120f0b3	and	x1,x1,x18	  x1:0x921e9000 x18:0x00000000  x1=0x00000000
     273035.000 ns	     27302	80005fd8	024f11b3	mulh	x3,x30,x4	 x30:0x00000000  x4:0x00000000  x3=0x00000000
     273055.000 ns	     27304	80005fdc	0078f933	and	x18,x17,x7	 x17:0xffffffff  x7:0x00000000 x18=0x00000000
     273065.000 ns	     27305	80005fe0	2772ba17	auipc	x20,0x2772b	 x20=0xa7730fe0
     273085.000 ns	     27307	80005fe4	21e407d3	fsgnj.s	f15,f8,f30	  f8:0x7fc00000 f30:0x7fc00000 f15=0x7fc00000
     273115.000 ns	     27310	80005fe8	c014a153	fcvt.wu.s	x2,f9	  f9:0x242c8c70  x2=0x00000000
     273135.000 ns	     27312	80005fec	00ba4133	xor	x2,x20,x11	 x20:0xa7730fe0 x11:0x00000000  x2=0xa7730fe0
     273155.000 ns	     27314	80005ff0	e00e1dd3	fclass.s	x27,f28	 f28:0x4e54856c x27=0x00000040
     273175.000 ns	     27316	80005ff4	415f5993	srai	x19,x30,0x15	 x30:0x00000000 x19=0x00000000
     273185.000 ns	     27317	80005ff8	00e5db13	srli	x22,x11,0xe	 x11:0x00000000 x22=0x00000000
     273225.000 ns	     27321	80005ffc	00387153	fadd.s	f2,f16,f3	 f16:0x7fc00000  f3:0x7fc00000  f2=0x7fc00000
     273255.000 ns	     27324	80006000	02908eb3	mul	x29,x1,x9	  x1:0x00000000  x9:0x80041024 x29=0x00000000
     273285.000 ns	     27327	80006004	a0509a53	flt.s	x20,f1,f5	  f1:0x7fc00000  f5:0x80000000 x20=0x00000000
     273305.000 ns	     27329	80006008	4071da93	srai	x21,x3,0x7	  x3:0x00000000 x21=0x00000000
     273315.000 ns	     27330	8000600c	00da95b3	sll	x11,x21,x13	 x21:0xffffffff x13:0x00000000 x11=0x00000000
     273325.000 ns	     27331	80006010	01b38db3	add	x27,x7,x27	  x7:0x00000000 x27:0x00000040 x27=0x00000040
     273345.000 ns	     27333	80006014	e0029fd3	fclass.s	x31,f5	  f5:0x80000000 x31=0x00000008
     273375.000 ns	     27336	80006018	03c65a33	divu	x20,x12,x28	 x12:0x00000000 x28:0x00000000 x20=0xffffffff
     273405.000 ns	     27339	8000601c	f0060ed3	fmv.w.x	f29,x12	 x12:0x00000000 f29=0x00000000
     273775.000 ns	     27376	80006020	02937233	remu	x4,x6,x9	  x6:0xffffff63  x9:0x80041024  x4=0x7ffbef3f
     273795.000 ns	     27378	80006024	41055693	srai	x13,x10,0x10	 x10:0xe287bd66 x13=0xffffe287
     273805.000 ns	     27379	80006028	0171b9b3	sltu	x19,x3,x23	  x3:0x00000000 x23:0x00000000 x19=0x00000000
     273815.000 ns	     27380	8000602c	00305a93	srli	x21,x0,0x3	  x0:0x00000000 x21=0x00000000
     273855.000 ns	     27384	80006030	09f28b53	fsub.s	f22,f5,f31	  f5:0x80000000 f31:0xc4f12000 f22=0x44f12000
     273885.000 ns	     27387	80006034	21358ed3	fsgnj.s	f29,f11,f19	 f11:0x7fc00000 f19:0x7fc00000 f29=0x7fc00000
     273905.000 ns	     27389	80006038	01eda1b3	slt	x3,x27,x30	 x27:0x00000040 x30:0x00000000  x3=0x00000000
     273925.000 ns	     27391	8000603c	02c515b3	mulh	x11,x10,x12	 x10:0xe287bd66 x12:0x00000000 x11=0x00000000
     273955.000 ns	     27394	80006040	21751fd3	fsgnjn.s	f31,f10,f23	 f10:0xe283ad62 f23:0x80000000 f31=0x6283ad62
     274325.000 ns	     27431	80006044	024963b3	rem	x7,x18,x4	 x18:0x00000000  x4:0x7ffbef3f  x7=0x00000000
     274345.000 ns	     27433	80006048	f7ef3913	sltiu	x18,x30,-130	 x30:0x00000000 x18=0x00000001
     274355.000 ns	     27434	8000604c	01975a13	srli	x20,x14,0x19	 x14:0x00000001 x20=0x00000000
     274375.000 ns	     27436	80006050	a1b71ad3	flt.s	x21,f14,f27	 f14:0x242c8c70 f27:0xcefff7e0 x21=0x00000000
     274395.000 ns	     27438	80006054	00e0a1b3	slt	x3,x1,x14	  x1:0x00000000 x14:0x00000001  x3=0x00000001
     274415.000 ns	     27440	80006058	e00c80d3	fmv.x.w	x1,f25	 f25:0x80000000  x1=0x80000000
     274435.000 ns	     27442	8000605c	a3be4093	xori	x1,x28,-1477	 x28:0x00000000  x1=0xfffffa3b
     274445.000 ns	     27443	80006060	e7c64813	xori	x16,x12,-388	 x12:0x00000000 x16=0xfffffe7c
     274455.000 ns	     27444	80006064	41dd50b3	sra	x1,x26,x29	 x26:0x000003fd x29:0x00000000  x1=0x000003fd
     274465.000 ns	     27445	80006068	01b83733	sltu	x14,x16,x27	 x16:0x00000000 x27:0x00000040 x14=0x00000000
     274485.000 ns	     27447	8000606c	02a88fb3	mul	x31,x17,x10	 x17:0xffffffff x10:0xe287bd66 x31=0x1d78429a
     274515.000 ns	     27450	80006070	c005a5d3	fcvt.w.s	x11,f11	 f11:0x7fc00000 x11=0x7fffffff
     274535.000 ns	     27452	80006074	e8c56813	ori	x16,x10,-372	 x10:0xe287bd66 x16=0xffffffee
     274545.000 ns	     27453	80006078	e78db713	sltiu	x14,x27,-392	 x27:0x00000040 x14=0x00000001
     274575.000 ns	     27456	8000607c	11167fd3	fmul.s	f31,f12,f17	 f12:0x00000000 f17:0x3f308659 f31=0x00000000
     274945.000 ns	     27493	80006080	023f77b3	remu	x15,x30,x3	 x30:0x00000000  x3:0x00000001 x15=0x00000000
     274975.000 ns	     27496	80006084	c0117253	fcvt.wu.s	x4,f2	  f2:0x7fc00000  x4=0xffffffff
     275005.000 ns	     27499	80006088	c013fd53	fcvt.wu.s	x26,f7	  f7:0x3f308659 x26=0x00000000
     275025.000 ns	     27501	8000608c	dd1baa93	slti	x21,x23,-559	 x23:0x00000000 x21=0x00000000
     275045.000 ns	     27503	80006090	024e0033	mul	x0,x28,x4	 x28:0x00000000  x4:0xffffffff
     275075.000 ns	     27506	80006094	022022b3	mulhsu	x5,x0,x2	  x0:0x00000000  x2:0xa7730fe0  x5=0x00000000
     275095.000 ns	     27508	80006098	00000013	addi	x0,x0,0	  x0:0x00000000
     275115.000 ns	     27510	8000609c	0395fab3	remu	x21,x11,x25	 x11:0x7fffffff x25:0x00000000 x21=0x7fffffff
     275145.000 ns	     27513	800060a0	027673b3	remu	x7,x12,x7	 x12:0x00000000  x7:0x00000000  x7=0x00000000
     275165.000 ns	     27515	800060a4	a350a6b7	lui	x13,0xa350a	 x13=0xa350a000
     275205.000 ns	     27519	800060a8	08592dd3	fsub.s	f27,f18,f5	 f18:0x00000000  f5:0x80000000 f27=0x00000000
     275575.000 ns	     27556	800060ac	030a40b3	div	x1,x20,x16	 x20:0x00000000 x16:0xffffffee  x1=0x00000000
     275605.000 ns	     27559	800060b0	e00d18d3	fclass.s	x17,f26	 f26:0x7fc00000 x17=0x00000200
     275635.000 ns	     27562	800060b4	02f6b833	mulhu	x16,x13,x15	 x13:0xa350a000 x15:0x00000000 x16=0x00000000
     275655.000 ns	     27564	800060b8	87a5b213	sltiu	x4,x11,-1926	 x11:0x7fffffff  x4=0x00000001
     275665.000 ns	     27565	800060bc	40fd5933	sra	x18,x26,x15	 x26:0x00000000 x15:0x00000000 x18=0x00000000
     275675.000 ns	     27566	800060c0	10708013	addi	x0,x1,263	  x1:0x00000000
     275695.000 ns	     27568	800060c4	29320c53	fmin.s	f24,f4,f19	  f4:0x00000000 f19:0x7fc00000 f24=0x00000000
     275725.000 ns	     27571	800060c8	021e90b3	mulh	x1,x29,x1	 x29:0x00000000  x1:0x00000000  x1=0x00000000
     275755.000 ns	     27574	800060cc	03905a33	divu	x20,x0,x25	  x0:0x00000000 x25:0x00000000 x20=0xffffffff
     275775.000 ns	     27576	800060d0	01d46fb3	or	x31,x8,x29	  x8:0x00000000 x29:0x00000000 x31=0x00000000
     275785.000 ns	     27577	800060d4	946e2337	lui	x6,0x946e2	  x6=0x946e2000
     275805.000 ns	     27579	800060d8	a186ae53	feq.s	x28,f13,f24	 f13:0x3f308659 f24:0x00000000 x28=0x00000000
     275825.000 ns	     27581	800060dc	018ee733	or	x14,x29,x24	 x29:0x00000000 x24:0x80040fe4 x14=0x80040fe4
     275845.000 ns	     27583	800060e0	021c0033	mul	x0,x24,x1	 x24:0x80040fe4  x1:0x00000000
     275865.000 ns	     27585	800060e4	beb665b7	lui	x11,0xbeb66	 x11=0xbeb66000
     275885.000 ns	     27587	800060e8	c00881d3	fcvt.w.s	x3,f17	 f17:0x3f308659  x3=0x00000001
     275915.000 ns	     27590	800060ec	030a05b3	mul	x11,x20,x16	 x20:0xffffffff x16:0x00000000 x11=0x00000000
     275935.000 ns	     27592	800060f0	005e0533	add	x10,x28,x5	 x28:0x00000000  x5:0x00000000 x10=0x00000000
     275945.000 ns	     27593	800060f4	0192db13	srli	x22,x5,0x19	  x5:0x00000000 x22=0x00000000
     275955.000 ns	     27594	800060f8	5823ef97	auipc	x31,0x5823e	 x31=0xd82440f8
     275975.000 ns	     27596	800060fc	020a50b3	divu	x1,x20,x0	 x20:0xffffffff  x0:0x00000000  x1=0xffffffff
     276005.000 ns	     27599	80006100	213326d3	fsgnjx.s	f13,f6,f19	  f6:0xa42c8c70 f19:0x7fc00000 f13=0xa42c8c70
     276035.000 ns	     27602	80006104	d01ef1d3	fcvt.s.wu	f3,x29	 x29:0x00000000  f3=0x00000000
     276055.000 ns	     27604	80006108	410c58b3	sra	x17,x24,x16	 x24:0x80040fe4 x16:0x00000000 x17=0x80040fe4
     276085.000 ns	     27607	8000610c	186973d3	fdiv.s	f7,f18,f6	 f18:0x00000000  f6:0xa42c8c70  f7=0x80000000
     276105.000 ns	     27609	80006110	007cba33	sltu	x20,x25,x7	 x25:0x00000000  x7:0x00000000 x20=0x00000000
     276115.000 ns	     27610	80006114	ed33a813	slti	x16,x7,-301	  x7:0x00000000 x16=0x00000000
     276135.000 ns	     27612	80006118	0264a233	mulhsu	x4,x9,x6	  x9:0x80041024  x6:0x946e2000  x4=0xb5cb4b14
     276155.000 ns	     27614	8000611c	01f353b3	srl	x7,x6,x31	  x6:0x946e2000 x31:0xd82440f8  x7=0x00000094
     276195.000 ns	     27618	80006120	09a1a3d3	fsub.s	f7,f3,f26	  f3:0x00000000 f26:0x7fc00000  f7=0x7fc00000
     276245.000 ns	     27623	80006124	01b572d3	fadd.s	f5,f10,f27	 f10:0xe283ad62 f27:0x00000000  f5=0xe283ad62
     276265.000 ns	     27625	80006128	015715b3	sll	x11,x14,x21	 x14:0x80040fe4 x21:0x7fffffff x11=0x00000000
     276285.000 ns	     27627	8000612c	f0070753	fmv.w.x	f14,x14	 x14:0x80040fe4 f14=0x80040fe4
     276315.000 ns	     27630	80006130	03a739b3	mulhu	x19,x14,x26	 x14:0x80040fe4 x26:0x00000000 x19=0x00000000
     276335.000 ns	     27632	80006134	82a95637	lui	x12,0x82a95	 x12=0x82a95000
     276695.000 ns	     27668	80006138	027c56b3	divu	x13,x24,x7	 x24:0x80040fe4  x7:0x00000094 x13=0x00dd6ecf
     276725.000 ns	     27671	8000613c	283d1cd3	fmax.s	f25,f26,f3	 f26:0x7fc00000  f3:0x00000000 f25=0x00000000
     276755.000 ns	     27674	80006140	c000fa53	fcvt.w.s	x20,f1	  f1:0x7fc00000 x20=0x7fffffff
     276775.000 ns	     27676	80006144	00f5cb33	xor	x22,x11,x15	 x11:0x00000000 x15:0x00000000 x22=0x00000000
     276815.000 ns	     27680	80006148	09b07253	fsub.s	f4,f0,f27	  f0:0xffc00000 f27:0x00000000  f4=0x7fc00000
     276835.000 ns	     27682	8000614c	13ef0193	addi	x3,x30,318	 x30:0x00000000  x3=0x0000013e
     276855.000 ns	     27684	80006150	022a0933	mul	x18,x20,x2	 x20:0x7fffffff  x2:0xa7730fe0 x18=0x588cf020
     276885.000 ns	     27687	80006154	a09f15d3	flt.s	x11,f30,f9	 f30:0x7fc00000  f9:0x242c8c70 x11=0x00000000
     276905.000 ns	     27689	80006158	40b4d733	sra	x14,x9,x11	  x9:0x80041024 x11:0x00000000 x14=0x80041024
     276915.000 ns	     27690	8000615c	2d02e513	ori	x10,x5,720	  x5:0x00000000 x10=0x000002d0
     276935.000 ns	     27692	80006160	021639b3	mulhu	x19,x12,x1	 x12:0x82a95000  x1:0xffffffff x19=0x82a94fff
     276965.000 ns	     27695	80006164	21a32bd3	fsgnjx.s	f23,f6,f26	  f6:0xa42c8c70 f26:0x7fc00000 f23=0xa42c8c70
     276995.000 ns	     27698	80006168	28fb8f53	fmin.s	f30,f23,f15	 f23:0x80000000 f15:0x7fc00000 f30=0xa42c8c70
     277025.000 ns	     27701	8000616c	20790ad3	fsgnj.s	f21,f18,f7	 f18:0x00000000  f7:0x7fc00000 f21=0x00000000
     277395.000 ns	     27738	80006170	02a1d833	divu	x16,x3,x10	  x3:0x0000013e x10:0x000002d0 x16=0x00000000
     277435.000 ns	     27742	80006174	580d3f53	fsqrt.s	f30,f26	 f26:0x7fc00000 f30=0x7fc00000
     277465.000 ns	     27745	80006178	c01cfdd3	fcvt.wu.s	x27,f25	 f25:0x00000000 x27=0x00000000
     277505.000 ns	     27749	8000617c	10d9b053	fmul.s	f0,f19,f13	 f19:0x7fc00000 f13:0xa42c8c70  f0=0x7fc00000
     277545.000 ns	     27753	80006180	580fccd3	fsqrt.s	f25,f31	 f31:0x00000000 f25=0x00000000
     277565.000 ns	     27755	80006184	00d2bd33	sltu	x26,x5,x13	  x5:0x00000000 x13:0x00dd6ecf x26=0x00000001
     277575.000 ns	     27756	80006188	011a1e13	slli	x28,x20,0x11	 x20:0x7fffffff x28=0xfffe0000
     277595.000 ns	     27758	8000618c	200309d3	fsgnj.s	f19,f6,f0	  f6:0xa42c8c70  f0:0x7fc00000 f19=0x242c8c70
     277625.000 ns	     27761	80006190	d00cc5d3	fcvt.s.w	f11,x25	 x25:0x00000000 f11=0x00000000
     277655.000 ns	     27764	80006194	281f0fd3	fmin.s	f31,f30,f1	 f30:0x7fc00000  f1:0x7fc00000 f31=0x7fc00000
     277675.000 ns	     27766	80006198	01ef5e93	srli	x29,x30,0x1e	 x30:0x00000000 x29=0x00000000
     277685.000 ns	     27767	8000619c	25bc7d13	andi	x26,x24,603	 x24:0x80040fe4 x26=0x00000240
     277715.000 ns	     27770	800061a0	11e57c53	fmul.s	f24,f10,f30	 f10:0xe283ad62 f30:0x7fc00000 f24=0x7fc00000
     277735.000 ns	     27772	800061a4	06fc2397	auipc	x7,0x6fc2	  x7=0x86fc81a4
     277755.000 ns	     27774	800061a8	d01388d3	fcvt.s.wu	f17,x7	  x7:0x00000094 f17=0x4f06fc82
     277775.000 ns	     27776	800061ac	00304a33	xor	x20,x0,x3	  x0:0x00000000  x3:0x0000013e x20=0x0000013e
     277795.000 ns	     27778	800061b0	c0154dd3	fcvt.wu.s	x27,f10	 f10:0xe283ad62 x27=0x00000000
     278165.000 ns	     27815	800061b4	02727433	remu	x8,x4,x7	  x4:0xb5cb4b14  x7:0x86fc81a4  x8=0x2ecec970
     278535.000 ns	     27852	800061b8	02e3c733	div	x14,x7,x14	  x7:0x86fc81a4 x14:0x80041024 x14=0x00000000
     278575.000 ns	     27856	800061bc	105d7ed3	fmul.s	f29,f26,f5	 f26:0x7fc00000  f5:0xe283ad62 f29=0x7fc00000
     278595.000 ns	     27858	800061c0	0111fbb3	and	x23,x3,x17	  x3:0x0000013e x17:0x80040fe4 x23=0x00000124
     278615.000 ns	     27860	800061c4	a1558a53	fle.s	x20,f11,f21	 f11:0x00000000 f21:0x00000000 x20=0x00000001
     278645.000 ns	     27863	800061c8	d008b653	fcvt.s.w	f12,x17	 x17:0x80040fe4 f12=0xcefff7e1
     278685.000 ns	     27867	800061cc	580f2e53	fsqrt.s	f28,f30	 f30:0x7fc00000 f28=0x7fc00000
     278705.000 ns	     27869	800061d0	c2b92b13	slti	x22,x18,-981	 x18:0x588cf020 x22=0x00000000
     278725.000 ns	     27871	800061d4	c00ca953	fcvt.w.s	x18,f25	 f25:0x00000000 x18=0x00000000
     278745.000 ns	     27873	800061d8	010d1eb3	sll	x29,x26,x16	 x26:0x00000240 x16:0x00000000 x29=0x00000240
     278765.000 ns	     27875	800061dc	a03a2fd3	feq.s	x31,f20,f3	 f20:0xffc00000  f3:0x00000000 x31=0x00000000
     278795.000 ns	     27878	800061e0	f00907d3	fmv.w.x	f15,x18	 x18:0x00000000 f15=0x00000000
     278815.000 ns	     27880	800061e4	afced237	lui	x4,0xafced	  x4=0xafced000
     278855.000 ns	     27884	800061e8	01d3b953	fadd.s	f18,f7,f29	  f7:0x7fc00000 f29:0x7fc00000 f18=0x7fc00000
     278875.000 ns	     27886	800061ec	01ead533	srl	x10,x21,x30	 x21:0x7fffffff x30:0x00000000 x10=0x7fffffff
     278895.000 ns	     27888	800061f0	03d19b33	mulh	x22,x3,x29	  x3:0x0000013e x29:0x00000240 x22=0x00000000
     278925.000 ns	     27891	800061f4	c01976d3	fcvt.wu.s	x13,f18	 f18:0x7fc00000 x13=0xffffffff
     278945.000 ns	     27893	800061f8	00af2db3	slt	x27,x30,x10	 x30:0x00000000 x10:0x7fffffff x27=0x00000001
     278955.000 ns	     27894	800061fc	4023d5b3	sra	x11,x7,x2	  x7:0x86fc81a4  x2:0xa7730fe0 x11=0x86fc81a4
     278965.000 ns	     27895	80006200	b7a76e93	ori	x29,x14,-1158	 x14:0x00000000 x29=0xfffffb7a
     278985.000 ns	     27897	80006204	d0068c53	fcvt.s.w	f24,x13	 x13:0xffffffff f24=0xbf800000
     279015.000 ns	     27900	80006208	a1180ad3	fle.s	x21,f16,f17	 f16:0x7fc00000 f17:0x4f06fc82 x21=0x00000000
     279045.000 ns	     27903	8000620c	29fc00d3	fmin.s	f1,f24,f31	 f24:0xbf800000 f31:0x7fc00000  f1=0xbf800000
     279065.000 ns	     27905	80006210	01bb1733	sll	x14,x22,x27	 x22:0x00000000 x27:0x00000001 x14=0x00000000
     279085.000 ns	     27907	80006214	02e6c533	div	x10,x13,x14	 x13:0xffffffff x14:0x00000000 x10=0xffffffff
     279105.000 ns	     27909	80006218	82472f93	slti	x31,x14,-2012	 x14:0x00000000 x31=0x00000000
     279125.000 ns	     27911	8000621c	c00587d3	fcvt.w.s	x15,f11	 f11:0x00000000 x15=0x00000000
     279155.000 ns	     27914	80006220	c01f7f53	fcvt.wu.s	x30,f30	 f30:0x7fc00000 x30=0xffffffff
     279185.000 ns	     27917	80006224	28339853	fmax.s	f16,f7,f3	  f7:0x7fc00000  f3:0x00000000 f16=0x00000000
     279225.000 ns	     27921	80006228	184c37d3	fdiv.s	f15,f24,f4	 f24:0xbf800000  f4:0x7fc00000 f15=0x7fc00000
     279245.000 ns	     27923	8000622c	00821eb3	sll	x29,x4,x8	  x4:0xafced000  x8:0x2ecec970 x29=0xd0000000
     279265.000 ns	     27925	80006230	d0060f53	fcvt.s.w	f30,x12	 x12:0x82a95000 f30=0xcefaad60
     279285.000 ns	     27927	80006234	0070bb33	sltu	x22,x1,x7	  x1:0xffffffff  x7:0x86fc81a4 x22=0x00000000
     279295.000 ns	     27928	80006238	a6de0997	auipc	x19,0xa6de0	 x19=0x26de6238
     279325.000 ns	     27931	8000623c	19684653	fdiv.s	f12,f16,f22	 f16:0x00000000 f22:0x44f12000 f12=0x00000000
     279345.000 ns	     27933	80006240	003ffab3	and	x21,x31,x3	 x31:0x00000000  x3:0x0000013e x21=0x00000000
     279365.000 ns	     27935	80006244	29bc0453	fmin.s	f8,f24,f27	 f24:0xbf800000 f27:0x00000000  f8=0xbf800000
     279385.000 ns	     27937	80006248	4128d313	srai	x6,x17,0x12	 x17:0x80040fe4  x6=0xffffe001
     279405.000 ns	     27939	8000624c	02e410b3	mulh	x1,x8,x14	  x8:0x2ecec970 x14:0x00000000  x1=0x00000000
     279425.000 ns	     27941	80006250	00bf2633	slt	x12,x30,x11	 x30:0xffffffff x11:0x86fc81a4 x12=0x00000000
     279435.000 ns	     27942	80006254	00000013	addi	x0,x0,0	  x0:0x00000000
     279455.000 ns	     27944	80006258	033fb3b3	mulhu	x7,x31,x19	 x31:0x00000000 x19:0x26de6238  x7=0x00000000
     279485.000 ns	     27947	8000625c	c016bed3	fcvt.wu.s	x29,f13	 f13:0xa42c8c70 x29=0x00000000
     279515.000 ns	     27950	80006260	299f9653	fmax.s	f12,f31,f25	 f31:0x7fc00000 f25:0x00000000 f12=0x00000000
     279535.000 ns	     27952	80006264	72552413	slti	x8,x10,1829	 x10:0xffffffff  x8=0x00000001
     279545.000 ns	     27953	80006268	05c9c313	xori	x6,x19,92	 x19:0x26de6238  x6=0x26de6264
     279555.000 ns	     27954	8000626c	ad420913	addi	x18,x4,-1324	  x4:0xafced000 x18=0xafcecad4
     279575.000 ns	     27956	80006270	03fc5933	divu	x18,x24,x31	 x24:0x80040fe4 x31:0x00000000 x18=0xffffffff
     279605.000 ns	     27959	80006274	033306b3	mul	x13,x6,x19	  x6:0x26de6264 x19:0x26de6238 x13=0xcd07cde0
     279625.000 ns	     27961	80006278	6ed10593	addi	x11,x2,1773	  x2:0xa7730fe0 x11=0xa77316cd
     279655.000 ns	     27964	8000627c	18967d53	fdiv.s	f26,f12,f9	 f12:0x00000000  f9:0x242c8c70 f26=0x00000000
     279675.000 ns	     27966	80006280	0096e5b3	or	x11,x13,x9	 x13:0xcd07cde0  x9:0x80041024 x11=0xcd07dde4
     279695.000 ns	     27968	80006284	c0137bd3	fcvt.wu.s	x23,f6	  f6:0xa42c8c70 x23=0x00000000
     280065.000 ns	     28005	80006288	033df7b3	remu	x15,x27,x19	 x27:0x00000001 x19:0x26de6238 x15=0x00000001
     280095.000 ns	     28008	8000628c	e00917d3	fclass.s	x15,f18	 f18:0x7fc00000 x15=0x00000200
     280125.000 ns	     28011	80006290	028620b3	mulhsu	x1,x12,x8	 x12:0x00000000  x8:0x00000001  x1=0x00000000
     280155.000 ns	     28014	80006294	e0000a53	fmv.x.w	x20,f0	  f0:0x7fc00000 x20=0x7fc00000
     280175.000 ns	     28016	80006298	0bc9c697	auipc	x13,0xbc9c	 x13=0x8bca2298
     280185.000 ns	     28017	8000629c	013e5e33	srl	x28,x28,x19	 x28:0xfffe0000 x19:0x26de6238 x28=0x000000ff
     280205.000 ns	     28019	800062a0	29330dd3	fmin.s	f27,f6,f19	  f6:0xa42c8c70 f19:0x242c8c70 f27=0xa42c8c70
     280245.000 ns	     28023	800062a4	11f213d3	fmul.s	f7,f4,f31	  f4:0x7fc00000 f31:0x7fc00000  f7=0x7fc00000
     280265.000 ns	     28025	800062a8	00bd4fb3	xor	x31,x26,x11	 x26:0x00000240 x11:0xcd07dde4 x31=0xcd07dfa4
     280285.000 ns	     28027	800062ac	e0001b53	fclass.s	x22,f0	  f0:0x7fc00000 x22=0x00000200
     280305.000 ns	     28029	800062b0	01913313	sltiu	x6,x2,25	  x2:0xa7730fe0  x6=0x00000000
     280335.000 ns	     28032	800062b4	18272ad3	fdiv.s	f21,f14,f2	 f14:0x80040fe4  f2:0x7fc00000 f21=0x7fc00000
     280365.000 ns	     28035	800062b8	03b98533	mul	x10,x19,x27	 x19:0x26de6238 x27:0x00000001 x10=0x26de6238
     280385.000 ns	     28037	800062bc	014777b3	and	x15,x14,x20	 x14:0x00000000 x20:0x7fc00000 x15=0x00000000
     280405.000 ns	     28039	800062c0	022cae33	mulhsu	x28,x25,x2	 x25:0x00000000  x2:0xa7730fe0 x28=0x00000000
     280425.000 ns	     28041	800062c4	00000013	addi	x0,x0,0	  x0:0x00000000
     280445.000 ns	     28043	800062c8	d00e9653	fcvt.s.w	f12,x29	 x29:0x00000000 f12=0x00000000
     280465.000 ns	     28045	800062cc	00a2e2b3	or	x5,x5,x10	  x5:0x00000000 x10:0x26de6238  x5=0x26de6238
     280475.000 ns	     28046	800062d0	0102e233	or	x4,x5,x16	  x5:0x00000000 x16:0x00000000  x4=0x26de6238
     280485.000 ns	     28047	800062d4	0098c3b3	xor	x7,x17,x9	 x17:0x80040fe4  x9:0x80041024  x7=0x00001fc0
     280525.000 ns	     28051	800062d8	086224d3	fsub.s	f9,f4,f6	  f4:0x7fc00000  f6:0xa42c8c70  f9=0x7fc00000
     280555.000 ns	     28054	800062dc	e00d8553	fmv.x.w	x10,f27	 f27:0xa42c8c70 x10=0xa42c8c70
     280575.000 ns	     28056	800062e0	d9676d13	ori	x26,x14,-618	 x14:0x00000000 x26=0xfffffd96
     280585.000 ns	     28057	800062e4	2ee67413	andi	x8,x12,750	 x12:0x00000000  x8=0x00000000
     280595.000 ns	     28058	800062e8	23d8c013	xori	x0,x17,573	 x17:0x80040fe4
     280605.000 ns	     28059	800062ec	002b06b3	add	x13,x22,x2	 x22:0x00000200  x2:0xa7730fe0 x13=0xa77311e0
     280615.000 ns	     28060	800062f0	000e9b93	slli	x23,x29,0x0	 x29:0x00000000 x23=0x00000000
     280635.000 ns	     28062	800062f4	21498853	fsgnj.s	f16,f19,f20	 f19:0x242c8c70 f20:0xffc00000 f16=0xa42c8c70
     280655.000 ns	     28064	800062f8	003af6b3	and	x13,x21,x3	 x21:0x00000000  x3:0x0000013e x13=0x00000000
     280665.000 ns	     28065	800062fc	01371bb3	sll	x23,x14,x19	 x14:0x00000000 x19:0x26de6238 x23=0x00000000
     280675.000 ns	     28066	80006300	00000013	addi	x0,x0,0	  x0:0x00000000
     280715.000 ns	     28070	80006304	08427953	fsub.s	f18,f4,f4	  f4:0x7fc00000  f4:0x7fc00000 f18=0x7fc00000
     280735.000 ns	     28072	80006308	00000013	addi	x0,x0,0	  x0:0x00000000
     281095.000 ns	     28108	8000630c	02226db3	rem	x27,x4,x2	  x4:0x26de6238  x2:0xa7730fe0 x27=0x26de6238
     281465.000 ns	     28145	80006310	03f0ed33	rem	x26,x1,x31	  x1:0x00000000 x31:0xcd07dfa4 x26=0x00000000
     281485.000 ns	     28147	80006314	00d0e533	or	x10,x1,x13	  x1:0x00000000 x13:0x00000000 x10=0x00000000
     281505.000 ns	     28149	80006318	20100953	fsgnj.s	f18,f0,f1	  f0:0x7fc00000  f1:0xbf800000 f18=0xffc00000
     281525.000 ns	     28151	8000631c	00a23b33	sltu	x22,x4,x10	  x4:0x26de6238 x10:0xa42c8c70 x22=0x00000000
     281545.000 ns	     28153	80006320	02dc35b3	mulhu	x11,x24,x13	 x24:0x80040fe4 x13:0x00000000 x11=0x00000000
     281565.000 ns	     28155	80006324	01679a33	sll	x20,x15,x22	 x15:0x00000000 x22:0x00000200 x20=0x00000000
     281575.000 ns	     28156	80006328	0171f933	and	x18,x3,x23	  x3:0x0000013e x23:0x00000000 x18=0x00000000
     281585.000 ns	     28157	8000632c	41c7d0b3	sra	x1,x15,x28	 x15:0x00000000 x28:0x00000000  x1=0x00000000
     281945.000 ns	     28193	80006330	0275e333	rem	x6,x11,x7	 x11:0x00000000  x7:0x00001fc0  x6=0x00000000
     281975.000 ns	     28196	80006334	e0061253	fclass.s	x4,f12	 f12:0x00000000  x4=0x00000010
     281995.000 ns	     28198	80006338	c90cc213	xori	x4,x25,-880	 x25:0x00000000  x4=0xfffffc90
     282005.000 ns	     28199	8000633c	414f5f13	srai	x30,x30,0x14	 x30:0xffffffff x30=0xffffffff
     282015.000 ns	     28200	80006340	40095533	sra	x10,x18,x0	 x18:0x00000000  x0:0x00000000 x10=0x00000000
     282035.000 ns	     28202	80006344	e00b8953	fmv.x.w	x18,f23	 f23:0xa42c8c70 x18=0xa42c8c70
     282055.000 ns	     28204	80006348	0053cb33	xor	x22,x7,x5	  x7:0x00001fc0  x5:0x26de6238 x22=0x26de7df8
     282075.000 ns	     28206	8000634c	03788f33	mul	x30,x17,x23	 x17:0x80040fe4 x23:0x00000000 x30=0x00000000
     282095.000 ns	     28208	80006350	396ec413	xori	x8,x29,918	 x29:0x00000000  x8=0x00000396
     282115.000 ns	     28210	80006354	29179053	fmax.s	f0,f15,f17	 f15:0x7fc00000 f17:0x4f06fc82  f0=0x4f06fc82
     282145.000 ns	     28213	80006358	28aa9453	fmax.s	f8,f21,f10	 f21:0x7fc00000 f10:0xe283ad62  f8=0xe283ad62
     282485.000 ns	     28247	8000635c	191016d3	fdiv.s	f13,f0,f17	  f0:0x4f06fc82 f17:0x4f06fc82 f13=0x3f06fc82
     282505.000 ns	     28249	80006360	01c7afb3	slt	x31,x15,x28	 x15:0x00000000 x28:0x00000000 x31=0x00000000
     282525.000 ns	     28251	80006364	02c25a33	divu	x20,x4,x12	  x4:0xfffffc90 x12:0x00000000 x20=0xffffffff
     282545.000 ns	     28253	80006368	88b78393	addi	x7,x15,-1909	 x15:0x00000000  x7=0xfffff88b
     282565.000 ns	     28255	8000636c	a1538dd3	fle.s	x27,f7,f21	  f7:0x7fc00000 f21:0x7fc00000 x27=0x00000000
     282595.000 ns	     28258	80006370	031b2033	mulhsu	x0,x22,x17	 x22:0x26de7df8 x17:0x80040fe4
     282615.000 ns	     28260	80006374	014ebab3	sltu	x21,x29,x20	 x29:0x00000000 x20:0xffffffff x21=0x00000001
     282635.000 ns	     28262	80006378	d01c7ed3	fcvt.s.wu	f29,x24	 x24:0x80040fe4 f29=0x4f00040f
     282655.000 ns	     28264	8000637c	01b3ce33	xor	x28,x7,x27	  x7:0xfffff88b x27:0x00000000 x28=0xfffff88b
     282675.000 ns	     28266	80006380	f0040b53	fmv.w.x	f22,x8	  x8:0x00000396 f22=0x00000396
     283045.000 ns	     28303	80006384	023de433	rem	x8,x27,x3	 x27:0x00000000  x3:0x0000013e  x8=0x00000000
     283075.000 ns	     28306	80006388	28c38dd3	fmin.s	f27,f7,f12	  f7:0x7fc00000 f12:0x00000000 f27=0x00000000
     283095.000 ns	     28308	8000638c	017f73b3	and	x7,x30,x23	 x30:0x00000000 x23:0x00000000  x7=0x00000000
     283105.000 ns	     28309	80006390	ceafee17	auipc	x28,0xceafe	 x28=0x4eb04390
     283125.000 ns	     28311	80006394	a0de06d3	fle.s	x13,f28,f13	 f28:0x7fc00000 f13:0x3f06fc82 x13=0x00000000
     283495.000 ns	     28348	80006398	02447033	remu	x0,x8,x4	  x8:0x00000000  x4:0xfffffc90
     283865.000 ns	     28385	8000639c	025e7bb3	remu	x23,x28,x5	 x28:0x4eb04390  x5:0x26de6238 x23=0x00f37f20
     283905.000 ns	     28389	800063a0	10f420d3	fmul.s	f1,f8,f15	  f8:0xe283ad62 f15:0x7fc00000  f1=0x7fc00000
     283925.000 ns	     28391	800063a4	1f2abb37	lui	x22,0x1f2ab	 x22=0x1f2ab000
     283945.000 ns	     28393	800063a8	03482ab3	mulhsu	x21,x16,x20	 x16:0x00000000 x20:0xffffffff x21=0x00000000
     285125.000 ns	     28511	800063ac	5808ae53	fsqrt.s	f28,f17	 f17:0x4f06fc82 f28=0x46bee5be
     285155.000 ns	     28514	800063b0	20200cd3	fsgnj.s	f25,f0,f2	  f0:0x4f06fc82  f2:0x7fc00000 f25=0x4f06fc82
     285185.000 ns	     28517	800063b4	a15f8dd3	fle.s	x27,f31,f21	 f31:0x7fc00000 f21:0x7fc00000 x27=0x00000000
     285215.000 ns	     28520	800063b8	a14082d3	fle.s	x5,f1,f20	  f1:0x7fc00000 f20:0xffc00000  x5=0x00000000
     285235.000 ns	     28522	800063bc	00ade733	or	x14,x27,x10	 x27:0x00000000 x10:0x00000000 x14=0x00000000
     285255.000 ns	     28524	800063c0	20c18053	fsgnj.s	f0,f3,f12	  f3:0x00000000 f12:0x00000000  f0=0x00000000
     285285.000 ns	     28527	800063c4	a1130653	fle.s	x12,f6,f17	  f6:0xa42c8c70 f17:0x4f06fc82 x12=0x00000001
     285315.000 ns	     28530	800063c8	0250cbb3	div	x23,x1,x5	  x1:0x00000000  x5:0x00000000 x23=0xffffffff
     285345.000 ns	     28533	800063cc	e00a9f53	fclass.s	x30,f21	 f21:0x7fc00000 x30=0x00000200
     285365.000 ns	     28535	800063d0	e4f25317	auipc	x6,0xe4f25	  x6=0x64f2b3d0
     285385.000 ns	     28537	800063d4	a1038453	fle.s	x8,f7,f16	  f7:0x7fc00000 f16:0xa42c8c70  x8=0x00000000
     285405.000 ns	     28539	800063d8	0173a5b3	slt	x11,x7,x23	  x7:0x00000000 x23:0xffffffff x11=0x00000000
     285415.000 ns	     28540	800063dc	2df84a13	xori	x20,x16,735	 x16:0x00000000 x20=0x000002df
     285425.000 ns	     28541	800063e0	00e087b3	add	x15,x1,x14	  x1:0x00000000 x14:0x00000000 x15=0x00000000
     285435.000 ns	     28542	800063e4	41fc5db3	sra	x27,x24,x31	 x24:0x80040fe4 x31:0x00000000 x27=0x80040fe4
     285455.000 ns	     28544	800063e8	e00c0bd3	fmv.x.w	x23,f24	 f24:0xbf800000 x23=0xbf800000
     285475.000 ns	     28546	800063ec	011b82b3	add	x5,x23,x17	 x23:0xffffffff x17:0x80040fe4  x5=0x3f840fe4
     285495.000 ns	     28548	800063f0	29970a53	fmin.s	f20,f14,f25	 f14:0x80040fe4 f25:0x4f06fc82 f20=0x80040fe4
     285525.000 ns	     28551	800063f4	a0c80053	fle.s	x0,f16,f12	 f16:0xa42c8c70 f12:0x00000000
     285555.000 ns	     28554	800063f8	f00603d3	fmv.w.x	f7,x12	 x12:0x00000001  f7=0x00000001
     285585.000 ns	     28557	800063fc	a0ca9d53	flt.s	x26,f21,f12	 f21:0x7fc00000 f12:0x00000000 x26=0x00000000
     285615.000 ns	     28560	80006400	d01cfdd3	fcvt.s.wu	f27,x25	 x25:0x00000000 f27=0x00000000
     285645.000 ns	     28563	80006404	f0078d53	fmv.w.x	f26,x15	 x15:0x00000000 f26=0x00000000
     285675.000 ns	     28566	80006408	02734bb3	div	x23,x6,x7	  x6:0x64f2b3d0  x7:0x00000000 x23=0xffffffff
     285705.000 ns	     28569	8000640c	e00005d3	fmv.x.w	x11,f0	  f0:0x00000000 x11=0x00000000
     285735.000 ns	     28572	80006410	28941dd3	fmax.s	f27,f8,f9	  f8:0xe283ad62  f9:0x7fc00000 f27=0xe283ad62
     285755.000 ns	     28574	80006414	16d91b17	auipc	x22,0x16d91	 x22=0x96d97414
     285765.000 ns	     28575	80006418	40265e13	srai	x28,x12,0x2	 x12:0x00000001 x28=0x00000000
     285775.000 ns	     28576	8000641c	41670eb3	sub	x29,x14,x22	 x14:0x00000000 x22:0x1f2ab000 x29=0x69268bec
     285795.000 ns	     28578	80006420	f00a81d3	fmv.w.x	f3,x21	 x21:0x00000000  f3=0x00000000
     285825.000 ns	     28581	80006424	201697d3	fsgnjn.s	f15,f13,f1	 f13:0x3f06fc82  f1:0x7fc00000 f15=0xbf06fc82
     285845.000 ns	     28583	80006428	40f0d333	sra	x6,x1,x15	  x1:0x00000000 x15:0x00000000  x6=0x00000000
     285865.000 ns	     28585	8000642c	02f9c133	div	x2,x19,x15	 x19:0x26de6238 x15:0x00000000  x2=0xffffffff
     285895.000 ns	     28588	80006430	02c70b33	mul	x22,x14,x12	 x14:0x00000000 x12:0x00000001 x22=0x00000000
     285915.000 ns	     28590	80006434	50b1f293	andi	x5,x3,1291	  x3:0x0000013e  x5=0x0000010a
     285935.000 ns	     28592	80006438	d0062dd3	fcvt.s.w	f27,x12	 x12:0x00000001 f27=0x3f800000
     285965.000 ns	     28595	8000643c	29ce8ed3	fmin.s	f29,f29,f28	 f29:0x4f00040f f28:0x46bee5be f29=0x46bee5be
     285995.000 ns	     28598	80006440	21558953	fsgnj.s	f18,f11,f21	 f11:0x00000000 f21:0x7fc00000 f18=0x00000000
     286015.000 ns	     28600	80006444	73743a17	auipc	x20,0x73743	 x20=0xf3749444
     286045.000 ns	     28603	80006448	112e72d3	fmul.s	f5,f28,f18	 f28:0x46bee5be f18:0x00000000  f5=0x00000000
     286065.000 ns	     28605	8000644c	0095e133	or	x2,x11,x9	 x11:0x00000000  x9:0x80041024  x2=0x80041024
     286425.000 ns	     28641	80006450	03756333	rem	x6,x10,x23	 x10:0x00000000 x23:0xffffffff  x6=0x00000000
     286475.000 ns	     28646	80006454	005c1e53	fadd.s	f28,f24,f5	 f24:0xbf800000  f5:0x00000000 f28=0xbf800000
     286525.000 ns	     28651	80006458	01bbf2d3	fadd.s	f5,f23,f27	 f23:0xa42c8c70 f27:0x3f800000  f5=0x3f800000
     286555.000 ns	     28654	8000645c	028cdfb3	divu	x31,x25,x8	 x25:0x00000000  x8:0x00000000 x31=0xffffffff
     286585.000 ns	     28657	80006460	c003fad3	fcvt.w.s	x21,f7	  f7:0x00000001 x21=0x00000000
     286605.000 ns	     28659	80006464	00119513	slli	x10,x3,0x1	  x3:0x0000013e x10=0x0000027c
     286615.000 ns	     28660	80006468	000617b3	sll	x15,x12,x0	 x12:0x00000001  x0:0x00000000 x15=0x00000001
     286625.000 ns	     28661	8000646c	c9677a93	andi	x21,x14,-874	 x14:0x00000000 x21=0x00000000
     286645.000 ns	     28663	80006470	036f37b3	mulhu	x15,x30,x22	 x30:0x00000200 x22:0x00000000 x15=0x00000000
     286665.000 ns	     28665	80006474	e23e5017	auipc	x0,0xe23e5	
     286675.000 ns	     28666	80006478	00000013	addi	x0,x0,0	  x0:0x00000000
     286685.000 ns	     28667	8000647c	00636f33	or	x30,x6,x6	  x6:0x00000000  x6:0x00000000 x30=0x00000000
     286695.000 ns	     28668	80006480	00ff3533	sltu	x10,x30,x15	 x30:0x00000200 x15:0x00000000 x10=0x00000000
     286715.000 ns	     28670	80006484	02befb33	remu	x22,x29,x11	 x29:0x69268bec x11:0x00000000 x22=0x69268bec
     286735.000 ns	     28672	80006488	b1937b93	andi	x23,x6,-1255	  x6:0x00000000 x23=0x00000000
     286755.000 ns	     28674	8000648c	20eda9d3	fsgnjx.s	f19,f27,f14	 f27:0x3f800000 f14:0x80040fe4 f19=0xbf800000
     286775.000 ns	     28676	80006490	ed6d3f93	sltiu	x31,x26,-298	 x26:0x00000000 x31=0x00000001
     286795.000 ns	     28678	80006494	f00181d3	fmv.w.x	f3,x3	  x3:0x0000013e  f3=0x0000013e
     286815.000 ns	     28680	80006498	00608bb3	add	x23,x1,x6	  x1:0x00000000  x6:0x00000000 x23=0x00000000
     286825.000 ns	     28681	8000649c	1a7cf293	andi	x5,x25,423	 x25:0x00000000  x5=0x00000000
     287185.000 ns	     28717	800064a0	02245f33	divu	x30,x8,x2	  x8:0x00000000  x2:0x80041024 x30=0x00000000
     287215.000 ns	     28720	800064a4	286202d3	fmin.s	f5,f4,f6	  f4:0x7fc00000  f6:0xa42c8c70  f5=0xa42c8c70
     287245.000 ns	     28723	800064a8	03e6bfb3	mulhu	x31,x13,x30	 x13:0x00000000 x30:0x00000000 x31=0x00000000
     287275.000 ns	     28726	800064ac	e0011d53	fclass.s	x26,f2	  f2:0x7fc00000 x26=0x00000200
     287305.000 ns	     28729	800064b0	e00e0353	fmv.x.w	x6,f28	 f28:0xbf800000  x6=0xbf800000
     287335.000 ns	     28732	800064b4	a1d90b53	fle.s	x22,f18,f29	 f18:0x00000000 f29:0x46bee5be x22=0x00000001
     287365.000 ns	     28735	800064b8	c012f353	fcvt.wu.s	x6,f5	  f5:0xa42c8c70  x6=0x00000000
     287395.000 ns	     28738	800064bc	e0030953	fmv.x.w	x18,f6	  f6:0xa42c8c70 x18=0xa42c8c70
     287415.000 ns	     28740	800064c0	cb9e3d13	sltiu	x26,x28,-839	 x28:0x00000000 x26=0x00000001
     287435.000 ns	     28742	800064c4	a1aea753	feq.s	x14,f29,f26	 f29:0x46bee5be f26:0x00000000 x14=0x00000000
     287485.000 ns	     28747	800064c8	01d57253	fadd.s	f4,f10,f29	 f10:0xe283ad62 f29:0x46bee5be  f4=0xe283ad62
     287515.000 ns	     28750	800064cc	a06b85d3	fle.s	x11,f23,f6	 f23:0xa42c8c70  f6:0xa42c8c70 x11=0x00000001
     287535.000 ns	     28752	800064d0	01f26bb3	or	x23,x4,x31	  x4:0xfffffc90 x31:0x00000000 x23=0xfffffc90
     287545.000 ns	     28753	800064d4	3da7f293	andi	x5,x15,986	 x15:0x00000000  x5=0x00000000
     287585.000 ns	     28757	800064d8	09e3b753	fsub.s	f14,f7,f30	  f7:0x00000001 f30:0xcefaad60 f14=0x4efaad60
     287615.000 ns	     28760	800064dc	21c128d3	fsgnjx.s	f17,f2,f28	  f2:0x7fc00000 f28:0xbf800000 f17=0xffc00000
     287635.000 ns	     28762	800064e0	005ed993	srli	x19,x29,0x5	 x29:0x69268bec x19=0x0349345f
     287645.000 ns	     28763	800064e4	d7477a13	andi	x20,x14,-652	 x14:0x00000000 x20=0x00000000
     287655.000 ns	     28764	800064e8	00d3ed33	or	x26,x7,x13	  x7:0x00000000 x13:0x00000000 x26=0x00000000
     287665.000 ns	     28765	800064ec	40f2df93	srai	x31,x5,0xf	  x5:0x00000000 x31=0x00000000
     287685.000 ns	     28767	800064f0	20128dd3	fsgnj.s	f27,f5,f1	  f5:0xa42c8c70  f1:0x7fc00000 f27=0x242c8c70
     287715.000 ns	     28770	800064f4	a0599553	flt.s	x10,f19,f5	 f19:0xbf800000  f5:0xa42c8c70 x10=0x00000001
     287735.000 ns	     28772	800064f8	404781b3	sub	x3,x15,x4	 x15:0x00000000  x4:0xfffffc90  x3=0x00000370
     287755.000 ns	     28774	800064fc	02e0c8b3	div	x17,x1,x14	  x1:0x00000000 x14:0x00000000 x17=0xffffffff
     287775.000 ns	     28776	80006500	00b11ab3	sll	x21,x2,x11	  x2:0x80041024 x11:0x00000001 x21=0x00082048
     287785.000 ns	     28777	80006504	40225913	srai	x18,x4,0x2	  x4:0xfffffc90 x18=0xffffff24
     287795.000 ns	     28778	80006508	004791b3	sll	x3,x15,x4	 x15:0x00000000  x4:0xfffffc90  x3=0x00000000
     287815.000 ns	     28780	8000650c	a0892553	feq.s	x10,f18,f8	 f18:0x00000000  f8:0xe283ad62 x10=0x00000000
     287845.000 ns	     28783	80006510	021fce33	div	x28,x31,x1	 x31:0x00000000  x1:0x00000000 x28=0xffffffff
     287875.000 ns	     28786	80006514	031e8bb3	mul	x23,x29,x17	 x29:0x69268bec x17:0xffffffff x23=0x96d97414
     287905.000 ns	     28789	80006518	21422a53	fsgnjx.s	f20,f4,f20	  f4:0xe283ad62 f20:0x80040fe4 f20=0x6283ad62
     288275.000 ns	     28826	8000651c	03cd5433	divu	x8,x26,x28	 x26:0x00000000 x28:0xffffffff  x8=0x00000000
     288295.000 ns	     28828	80006520	013d7d33	and	x26,x26,x19	 x26:0x00000000 x19:0x0349345f x26=0x00000000
     288305.000 ns	     28829	80006524	8c413eb7	lui	x29,0x8c413	 x29=0x8c413000
     288345.000 ns	     28833	80006528	099cf953	fsub.s	f18,f25,f25	 f25:0x4f06fc82 f25:0x4f06fc82 f18=0x80000000
     288365.000 ns	     28835	8000652c	01d19193	slli	x3,x3,0x1d	  x3:0x00000000  x3=0x00000000
     288385.000 ns	     28837	80006530	d0147653	fcvt.s.wu	f12,x8	  x8:0x00000000 f12=0x00000000
     288415.000 ns	     28840	80006534	03ae02b3	mul	x5,x28,x26	 x28:0xffffffff x26:0x00000000  x5=0x00000000
     288445.000 ns	     28843	80006538	03821633	mulh	x12,x4,x24	  x4:0xfffffc90 x24:0x80040fe4 x12=0x000001b7
     288465.000 ns	     28845	8000653c	41365db3	sra	x27,x12,x19	 x12:0x00000001 x19:0x0349345f x27=0x00000000
     288475.000 ns	     28846	80006540	01327a33	and	x20,x4,x19	  x4:0xfffffc90 x19:0x0349345f x20=0x03493410
     288495.000 ns	     28848	80006544	28bb9153	fmax.s	f2,f23,f11	 f23:0xa42c8c70 f11:0x00000000  f2=0x00000000
     288525.000 ns	     28851	80006548	e0051bd3	fclass.s	x23,f10	 f10:0xe283ad62 x23=0x00000002
     288545.000 ns	     28853	8000654c	18d83e13	sltiu	x28,x16,397	 x16:0x00000000 x28=0x00000001
     288565.000 ns	     28855	80006550	023b7d33	remu	x26,x22,x3	 x22:0x00000001  x3:0x00000000 x26=0x00000001
     288585.000 ns	     28857	80006554	01ee46b3	xor	x13,x28,x30	 x28:0xffffffff x30:0x00000000 x13=0x00000001
     288605.000 ns	     28859	80006558	03082f33	mulhsu	x30,x16,x16	 x16:0x00000000 x16:0x00000000 x30=0x00000000
     288635.000 ns	     28862	8000655c	e0001ed3	fclass.s	x29,f0	  f0:0x00000000 x29=0x00000010
     288665.000 ns	     28865	80006560	02dd0a33	mul	x20,x26,x13	 x26:0x00000001 x13:0x00000001 x20=0x00000001
     288695.000 ns	     28868	80006564	030538b3	mulhu	x17,x10,x16	 x10:0x00000000 x16:0x00000000 x17=0x00000000
     288715.000 ns	     28870	80006568	41a15213	srai	x4,x2,0x1a	  x2:0x80041024  x4=0xffffffe0
     288745.000 ns	     28873	8000656c	1158f453	fmul.s	f8,f17,f21	 f17:0xffc00000 f21:0x7fc00000  f8=0x7fc00000
     288765.000 ns	     28875	80006570	00156b33	or	x22,x10,x1	 x10:0x00000000  x1:0x00000000 x22=0x00000000
     288785.000 ns	     28877	80006574	03bbf2b3	remu	x5,x23,x27	 x23:0x00000002 x27:0x00000000  x5=0x00000002
     288835.000 ns	     28882	80006578	08ce0c53	fsub.s	f24,f28,f12	 f28:0xbf800000 f12:0x00000000 f24=0xbf800000
     288855.000 ns	     28884	8000657c	80326f13	ori	x30,x4,-2045	  x4:0xffffffe0 x30=0xffffffe3
     288875.000 ns	     28886	80006580	21e19653	fsgnjn.s	f12,f3,f30	  f3:0x0000013e f30:0xcefaad60 f12=0x0000013e
     288895.000 ns	     28888	80006584	01485233	srl	x4,x16,x20	 x16:0x00000000 x20:0x00000001  x4=0x00000000
     288915.000 ns	     28890	80006588	03e3aeb3	mulhsu	x29,x7,x30	  x7:0x00000000 x30:0xffffffe3 x29=0x00000000
     288935.000 ns	     28892	8000658c	0026c6b3	xor	x13,x13,x2	 x13:0x00000001  x2:0x80041024 x13=0x80041025
     288955.000 ns	     28894	80006590	d018fad3	fcvt.s.wu	f21,x17	 x17:0x00000000 f21=0x00000000
     288975.000 ns	     28896	80006594	30183593	sltiu	x11,x16,769	 x16:0x00000000 x11=0x00000001
     288995.000 ns	     28898	80006598	03692f33	mulhsu	x30,x18,x22	 x18:0xffffff24 x22:0x00000000 x30=0x00000000
     289025.000 ns	     28901	8000659c	03c838b3	mulhu	x17,x16,x28	 x16:0x00000000 x28:0x00000001 x17=0x00000000
     289395.000 ns	     28938	800065a0	02d9ea33	rem	x20,x19,x13	 x19:0x0349345f x13:0x80041025 x20=0x0349345f
     289425.000 ns	     28941	800065a4	f0058453	fmv.w.x	f8,x11	 x11:0x00000001  f8=0x00000001
     289455.000 ns	     28944	800065a8	c011fa53	fcvt.wu.s	x20,f3	  f3:0x0000013e x20=0x00000000
     289475.000 ns	     28946	800065ac	41340e33	sub	x28,x8,x19	  x8:0x00000000 x19:0x0349345f x28=0xfcb6cba1
     289835.000 ns	     28982	800065b0	02b965b3	rem	x11,x18,x11	 x18:0xffffff24 x11:0x00000001 x11=0x00000000
     289855.000 ns	     28984	800065b4	000948b3	xor	x17,x18,x0	 x18:0xffffff24  x0:0x00000000 x17=0xffffff24
     289865.000 ns	     28985	800065b8	01b4a633	slt	x12,x9,x27	  x9:0x80041024 x27:0x00000000 x12=0x00000001
     289875.000 ns	     28986	800065bc	57d3b613	sltiu	x12,x7,1405	  x7:0x00000000 x12=0x00000001
     289885.000 ns	     28987	800065c0	418755b3	sra	x11,x14,x24	 x14:0x00000000 x24:0x80040fe4 x11=0x00000000
     289905.000 ns	     28989	800065c4	20f39ad3	fsgnjn.s	f21,f7,f15	  f7:0x00000001 f15:0xbf06fc82 f21=0x00000001
     289935.000 ns	     28992	800065c8	03fcdab3	divu	x21,x25,x31	 x25:0x00000000 x31:0x00000000 x21=0xffffffff
     289955.000 ns	     28994	800065cc	1f113617	auipc	x12,0x1f113	 x12=0x9f1195cc
     289965.000 ns	     28995	800065d0	01c0d6b3	srl	x13,x1,x28	  x1:0x00000000 x28:0xfcb6cba1 x13=0x00000000
     289975.000 ns	     28996	800065d4	400a5eb3	sra	x29,x20,x0	 x20:0x00000000  x0:0x00000000 x29=0x00000000
     289995.000 ns	     28998	800065d8	c01a7053	fcvt.wu.s	x0,f20	 f20:0x6283ad62
     290015.000 ns	     29000	800065dc	01756db3	or	x27,x10,x23	 x10:0x00000000 x23:0x00000002 x27=0x00000002
     290035.000 ns	     29002	800065e0	204f03d3	fsgnj.s	f7,f30,f4	 f30:0xcefaad60  f4:0xe283ad62  f7=0xcefaad60
     290065.000 ns	     29005	800065e4	02ad58b3	divu	x17,x26,x10	 x26:0x00000001 x10:0x00000000 x17=0xffffffff
     290115.000 ns	     29010	800065e8	08d0ca53	fsub.s	f20,f1,f13	  f1:0x7fc00000 f13:0x3f06fc82 f20=0x7fc00000
     290145.000 ns	     29013	800065ec	a11f12d3	flt.s	x5,f30,f17	 f30:0xcefaad60 f17:0xffc00000  x5=0x00000000
     290165.000 ns	     29015	800065f0	22ddc737	lui	x14,0x22ddc	 x14=0x22ddc000
     290185.000 ns	     29017	800065f4	02f10d33	mul	x26,x2,x15	  x2:0x80041024 x15:0x00000000 x26=0x00000000
     290215.000 ns	     29020	800065f8	03652733	mulhsu	x14,x10,x22	 x10:0x00000000 x22:0x00000000 x14=0x00000000
     290235.000 ns	     29022	800065fc	f6a90393	addi	x7,x18,-150	 x18:0xffffff24  x7=0xfffffe8e
     290255.000 ns	     29024	80006600	03d839b3	mulhu	x19,x16,x29	 x16:0x00000000 x29:0x00000000 x19=0x00000000
     290275.000 ns	     29026	80006604	01181533	sll	x10,x16,x17	 x16:0x00000000 x17:0xffffffff x10=0x00000000
     290295.000 ns	     29028	80006608	02551333	mulh	x6,x10,x5	 x10:0x00000000  x5:0x00000000  x6=0x00000000
     290315.000 ns	     29030	8000660c	01c798b3	sll	x17,x15,x28	 x15:0x00000000 x28:0xfcb6cba1 x17=0x00000000
     290335.000 ns	     29032	80006610	d015f2d3	fcvt.s.wu	f5,x11	 x11:0x00000000  f5=0x00000000
     290365.000 ns	     29035	80006614	0273bb33	mulhu	x22,x7,x7	  x7:0xfffffe8e  x7:0xfffffe8e x22=0xfffffd1c
     290385.000 ns	     29037	80006618	5a91a593	slti	x11,x3,1449	  x3:0x00000000 x11=0x00000001
     290405.000 ns	     29039	8000661c	02219ab3	mulh	x21,x3,x2	  x3:0x00000000  x2:0x80041024 x21=0x00000000
     290435.000 ns	     29042	80006620	d00f9cd3	fcvt.s.w	f25,x31	 x31:0x00000000 f25=0x00000000
     290465.000 ns	     29045	80006624	c007add3	fcvt.w.s	x27,f15	 f15:0xbf06fc82 x27=0xffffffff
     290495.000 ns	     29048	80006628	c01a46d3	fcvt.wu.s	x13,f20	 f20:0x7fc00000 x13=0xffffffff
     290515.000 ns	     29050	8000662c	01db9993	slli	x19,x23,0x1d	 x23:0x00000002 x19=0x40000000
     290535.000 ns	     29052	80006630	e0080353	fmv.x.w	x6,f16	 f16:0xa42c8c70  x6=0xa42c8c70
     290555.000 ns	     29054	80006634	a267a513	slti	x10,x15,-1498	 x15:0x00000000 x10=0x00000000
     290575.000 ns	     29056	80006638	f00e82d3	fmv.w.x	f5,x29	 x29:0x00000000  f5=0x00000000
     290595.000 ns	     29058	8000663c	41ab5e93	srai	x29,x22,0x1a	 x22:0xfffffd1c x29=0xffffffff
     290605.000 ns	     29059	80006640	4bd07713	andi	x14,x0,1213	  x0:0x00000000 x14=0x00000000
     290615.000 ns	     29060	80006644	41db8fb3	sub	x31,x23,x29	 x23:0x00000002 x29:0x00000000 x31=0x00000003
     290625.000 ns	     29061	80006648	41de8b33	sub	x22,x29,x29	 x29:0xffffffff x29:0xffffffff x22=0x00000000
     290635.000 ns	     29062	8000664c	01e15d13	srli	x26,x2,0x1e	  x2:0x80041024 x26=0x00000002
     290645.000 ns	     29063	80006650	01e65293	srli	x5,x12,0x1e	 x12:0x9f1195cc  x5=0x00000002
     290665.000 ns	     29065	80006654	a1151a53	flt.s	x20,f10,f17	 f10:0xe283ad62 f17:0xffc00000 x20=0x00000000
     290685.000 ns	     29067	80006658	92adfb13	andi	x22,x27,-1750	 x27:0xffffffff x22=0xfffff92a
     290715.000 ns	     29070	8000665c	58090b53	fsqrt.s	f22,f18	 f18:0x80000000 f22=0x80000000
     290765.000 ns	     29075	80006660	095536d3	fsub.s	f13,f10,f21	 f10:0xe283ad62 f21:0x00000001 f13=0xe283ad62
     290795.000 ns	     29078	80006664	d00c9353	fcvt.s.w	f6,x25	 x25:0x00000000  f6=0x00000000
     290825.000 ns	     29081	80006668	03e1e233	rem	x4,x3,x30	  x3:0x00000000 x30:0x00000000  x4=0x00000000
     290855.000 ns	     29084	8000666c	201e2a53	fsgnjx.s	f20,f28,f1	 f28:0xbf800000  f1:0x7fc00000 f20=0xbf800000
     290885.000 ns	     29087	80006670	c00dc453	fcvt.w.s	x8,f27	 f27:0x242c8c70  x8=0x00000000
     290905.000 ns	     29089	80006674	007b5a93	srli	x21,x22,0x7	 x22:0xfffff92a x21=0x01fffff2
     290915.000 ns	     29090	80006678	40bd6137	lui	x2,0x40bd6	  x2=0x40bd6000
     290935.000 ns	     29092	8000667c	02371233	mulh	x4,x14,x3	 x14:0x00000000  x3:0x00000000  x4=0x00000000
     290955.000 ns	     29094	80006680	006fc433	xor	x8,x31,x6	 x31:0x00000003  x6:0xa42c8c70  x8=0xa42c8c73
     290975.000 ns	     29096	80006684	c00830d3	fcvt.w.s	x1,f16	 f16:0xa42c8c70  x1=0x00000000
     290995.000 ns	     29098	80006688	2ff6f313	andi	x6,x13,767	 x13:0xffffffff  x6=0x000002ff
     291005.000 ns	     29099	8000668c	00497a33	and	x20,x18,x4	 x18:0xffffff24  x4:0x00000000 x20=0x00000000
     291015.000 ns	     29100	80006690	0117ca33	xor	x20,x15,x17	 x15:0x00000000 x17:0x00000000 x20=0x00000000
     291035.000 ns	     29102	80006694	21861453	fsgnjn.s	f8,f12,f24	 f12:0x0000013e f24:0xbf800000  f8=0x0000013e
     291065.000 ns	     29105	80006698	a15308d3	fle.s	x17,f6,f21	  f6:0x00000000 f21:0x00000001 x17=0x00000001
     291085.000 ns	     29107	8000669c	01e4ef33	or	x30,x9,x30	  x9:0x80041024 x30:0x00000000 x30=0x80041024
     291095.000 ns	     29108	800066a0	00c5b133	sltu	x2,x11,x12	 x11:0x00000001 x12:0x9f1195cc  x2=0x00000001
     291105.000 ns	     29109	800066a4	f9deef13	ori	x30,x29,-99	 x29:0xffffffff x30=0xffffffff
     291115.000 ns	     29110	800066a8	009926b3	slt	x13,x18,x9	 x18:0xffffff24  x9:0x80041024 x13=0x00000000
     291125.000 ns	     29111	800066ac	01f4d813	srli	x16,x9,0x1f	  x9:0x80041024 x16=0x00000001
     291155.000 ns	     29114	800066b0	5805c0d3	fsqrt.s	f1,f11	 f11:0x00000000  f1=0x00000000
     291185.000 ns	     29117	800066b4	a036a053	feq.s	x0,f13,f3	 f13:0xe283ad62  f3:0x0000013e
     291215.000 ns	     29120	800066b8	025111b3	mulh	x3,x2,x5	  x2:0x00000001  x5:0x00000002  x3=0x00000000
     291235.000 ns	     29122	800066bc	00e1d7b3	srl	x15,x3,x14	  x3:0x00000000 x14:0x00000000 x15=0x00000000
     291265.000 ns	     29125	800066c0	19f0f753	fdiv.s	f14,f1,f31	  f1:0x00000000 f31:0x7fc00000 f14=0x7fc00000
     291285.000 ns	     29127	800066c4	000c76b3	and	x13,x24,x0	 x24:0x80040fe4  x0:0x00000000 x13=0x00000000
     291305.000 ns	     29129	800066c8	292383d3	fmin.s	f7,f7,f18	  f7:0xcefaad60 f18:0x80000000  f7=0xcefaad60
     291325.000 ns	     29131	800066cc	00a4d633	srl	x12,x9,x10	  x9:0x80041024 x10:0x00000000 x12=0x80041024
     291365.000 ns	     29135	800066d0	015c2ad3	fadd.s	f21,f24,f21	 f24:0xbf800000 f21:0x00000001 f21=0xbf800000
     291385.000 ns	     29137	800066d4	1bb3f9b7	lui	x19,0x1bb3f	 x19=0x1bb3f000
     291395.000 ns	     29138	800066d8	4191ddb3	sra	x27,x3,x25	  x3:0x00000000 x25:0x00000000 x27=0x00000000
     291405.000 ns	     29139	800066dc	01d1d7b3	srl	x15,x3,x29	  x3:0x00000000 x29:0xffffffff x15=0x00000000
     291415.000 ns	     29140	800066e0	9b43a313	slti	x6,x7,-1612	  x7:0xfffffe8e  x6=0x00000000
     291435.000 ns	     29142	800066e4	20e8a553	fsgnjx.s	f10,f17,f14	 f17:0xffc00000 f14:0x7fc00000 f10=0xffc00000
     291455.000 ns	     29144	800066e8	595c7a13	andi	x20,x24,1429	 x24:0x80040fe4 x20=0x00000584
     291485.000 ns	     29147	800066ec	112ec453	fmul.s	f8,f29,f18	 f29:0x46bee5be f18:0x80000000  f8=0x80000000
     291515.000 ns	     29150	800066f0	02039233	mulh	x4,x7,x0	  x7:0xfffffe8e  x0:0x00000000  x4=0x00000000
     291545.000 ns	     29153	800066f4	a1df93d3	flt.s	x7,f31,f29	 f31:0x7fc00000 f29:0x46bee5be  x7=0x00000000
     291565.000 ns	     29155	800066f8	f785b793	sltiu	x15,x11,-136	 x11:0x00000001 x15=0x00000001
     291585.000 ns	     29157	800066fc	a02f0fd3	fle.s	x31,f30,f2	 f30:0xcefaad60  f2:0x00000000 x31=0x00000001
     291605.000 ns	     29159	80006700	41d753b3	sra	x7,x14,x29	 x14:0x00000000 x29:0xffffffff  x7=0x00000000
     291965.000 ns	     29195	80006704	031249b3	div	x19,x4,x17	  x4:0x00000000 x17:0x00000001 x19=0x00000000
     291995.000 ns	     29198	80006708	028e0333	mul	x6,x28,x8	 x28:0xfcb6cba1  x8:0xa42c8c73  x6=0xa1258553
     292045.000 ns	     29203	8000670c	0181c553	fadd.s	f10,f3,f24	  f3:0x0000013e f24:0xbf800000 f10=0xbf800000
     292415.000 ns	     29240	80006710	03627633	remu	x12,x4,x22	  x4:0x00000000 x22:0xfffff92a x12=0x00000000
     292435.000 ns	     29242	80006714	0afa2793	slti	x15,x20,175	 x20:0x00000584 x15=0x00000000
     292455.000 ns	     29244	80006718	20872a53	fsgnjx.s	f20,f14,f8	 f14:0x7fc00000  f8:0x80000000 f20=0xffc00000
     292485.000 ns	     29247	8000671c	a0638e53	fle.s	x28,f7,f6	  f7:0xcefaad60  f6:0x00000000 x28=0x00000001
     292535.000 ns	     29252	80006720	01593dd3	fadd.s	f27,f18,f21	 f18:0x80000000 f21:0xbf800000 f27=0xbf800000
     292555.000 ns	     29254	80006724	005d41b3	xor	x3,x26,x5	 x26:0x00000002  x5:0x00000002  x3=0x00000000
     292565.000 ns	     29255	80006728	d5860b13	addi	x22,x12,-680	 x12:0x00000000 x22=0xfffffd58
     292575.000 ns	     29256	8000672c	74f34313	xori	x6,x6,1871	  x6:0xa1258553  x6=0xa125821c
     292585.000 ns	     29257	80006730	b9622693	slti	x13,x4,-1130	  x4:0x00000000 x13=0x00000000
     292945.000 ns	     29293	80006734	03cdef33	rem	x30,x27,x28	 x27:0x00000000 x28:0x00000001 x30=0x00000000
     292965.000 ns	     29295	80006738	4159d5b3	sra	x11,x19,x21	 x19:0x00000000 x21:0x01fffff2 x11=0x00000000
     292975.000 ns	     29296	8000673c	0023e133	or	x2,x7,x2	  x7:0x00000000  x2:0x00000001  x2=0x00000001
     292995.000 ns	     29298	80006740	a0160dd3	fle.s	x27,f12,f1	 f12:0x0000013e  f1:0x00000000 x27=0x00000000
     293025.000 ns	     29301	80006744	e0050e53	fmv.x.w	x28,f10	 f10:0xbf800000 x28=0xbf800000
     293045.000 ns	     29303	80006748	d6b50593	addi	x11,x10,-661	 x10:0x00000000 x11=0xfffffd6b
     293085.000 ns	     29307	8000674c	0988fed3	fsub.s	f29,f17,f24	 f17:0xffc00000 f24:0xbf800000 f29=0x7fc00000
     293105.000 ns	     29309	80006750	904ccd93	xori	x27,x25,-1788	 x25:0x00000000 x27=0xfffff904
     293115.000 ns	     29310	80006754	00a1d333	srl	x6,x3,x10	  x3:0x00000000 x10:0x00000000  x6=0x00000000
     293125.000 ns	     29311	80006758	0144c833	xor	x16,x9,x20	  x9:0x80041024 x20:0x00000584 x16=0x800415a0
     293145.000 ns	     29313	8000675c	c011f753	fcvt.wu.s	x14,f3	  f3:0x0000013e x14=0x00000000
     293175.000 ns	     29316	80006760	02ee2db3	mulhsu	x27,x28,x14	 x28:0xbf800000 x14:0x00000000 x27=0x00000000
     293545.000 ns	     29353	80006764	037f68b3	rem	x17,x30,x23	 x30:0x00000000 x23:0x00000002 x17=0x00000000
     293565.000 ns	     29355	80006768	000cefb3	or	x31,x25,x0	 x25:0x00000000  x0:0x00000000 x31=0x00000000
     293585.000 ns	     29357	8000676c	28448b53	fmin.s	f22,f9,f4	  f9:0x7fc00000  f4:0xe283ad62 f22=0xe283ad62
     293605.000 ns	     29359	80006770	8cc9a793	slti	x15,x19,-1844	 x19:0x00000000 x15=0x00000000
     293625.000 ns	     29361	80006774	20aa8ad3	fsgnj.s	f21,f21,f10	 f21:0xbf800000 f10:0xbf800000 f21=0xbf800000
     293665.000 ns	     29365	80006778	19e41d53	fdiv.s	f26,f8,f30	  f8:0x80000000 f30:0xcefaad60 f26=0x00000000
     293695.000 ns	     29368	8000677c	d0114b53	fcvt.s.wu	f22,x2	  x2:0x00000001 f22=0x3f800000
     293715.000 ns	     29370	80006780	1baf7893	andi	x17,x30,442	 x30:0x00000000 x17=0x00000000
     293725.000 ns	     29371	80006784	00b2e2b3	or	x5,x5,x11	  x5:0x00000002 x11:0xfffffd6b  x5=0xfffffd6b
     293745.000 ns	     29373	80006788	c016b0d3	fcvt.wu.s	x1,f13	 f13:0xe283ad62  x1=0x00000000
     293775.000 ns	     29376	8000678c	d01b7c53	fcvt.s.wu	f24,x22	 x22:0xfffffd58 f24=0x4f7ffffd
     293805.000 ns	     29379	80006790	d0193853	fcvt.s.wu	f16,x18	 x18:0xffffff24 f16=0x4f800000
     293825.000 ns	     29381	80006794	00859213	slli	x4,x11,0x8	 x11:0xfffffd6b  x4=0xfffd6b00
     293835.000 ns	     29382	80006798	40cf5db3	sra	x27,x30,x12	 x30:0x00000000 x12:0x00000000 x27=0x00000000
     293845.000 ns	     29383	8000679c	010248b3	xor	x17,x4,x16	  x4:0x00000000 x16:0x800415a0 x17=0x7ff97ea0
     293855.000 ns	     29384	800067a0	0083a1b3	slt	x3,x7,x8	  x7:0x00000000  x8:0xa42c8c73  x3=0x00000000
     293865.000 ns	     29385	800067a4	00f3ea33	or	x20,x7,x15	  x7:0x00000000 x15:0x00000000 x20=0x00000000
     293875.000 ns	     29386	800067a8	410ddb13	srai	x22,x27,0x10	 x27:0x00000000 x22=0x00000000
     293885.000 ns	     29387	800067ac	0126ad33	slt	x26,x13,x18	 x13:0x00000000 x18:0xffffff24 x26=0x00000000
     293895.000 ns	     29388	800067b0	c79aaa13	slti	x20,x21,-903	 x21:0x01fffff2 x20=0x00000000
     293905.000 ns	     29389	800067b4	2676b597	auipc	x11,0x2676b	 x11=0xa67717b4
     293925.000 ns	     29391	800067b8	03f33eb3	mulhu	x29,x6,x31	  x6:0x00000000 x31:0x00000000 x29=0x00000000
     293945.000 ns	     29393	800067bc	01a97bb3	and	x23,x18,x26	 x18:0xffffff24 x26:0x00000000 x23=0x00000000
     293965.000 ns	     29395	800067c0	d008c7d3	fcvt.s.w	f15,x17	 x17:0x7ff97ea0 f15=0x4efff2fd
     293995.000 ns	     29398	800067c4	03bce933	rem	x18,x25,x27	 x25:0x00000000 x27:0x00000000 x18=0x00000000
     294015.000 ns	     29400	800067c8	bc452397	auipc	x7,0xbc452	  x7=0x3c4587c8
     294055.000 ns	     29404	800067cc	0132fed3	fadd.s	f29,f5,f19	  f5:0x00000000 f19:0xbf800000 f29=0xbf800000
     294085.000 ns	     29407	800067d0	03de33b3	mulhu	x7,x28,x29	 x28:0xbf800000 x29:0x00000000  x7=0x00000000
     294115.000 ns	     29410	800067d4	21119b53	fsgnjn.s	f22,f3,f17	  f3:0x0000013e f17:0xffc00000 f22=0x0000013e
     294145.000 ns	     29413	800067d8	f0028ed3	fmv.w.x	f29,x5	  x5:0xfffffd6b f29=0xfffffd6b
     294175.000 ns	     29416	800067dc	a0a19f53	flt.s	x30,f3,f10	  f3:0x0000013e f10:0xbf800000 x30=0x00000000
     294205.000 ns	     29419	800067e0	e00d02d3	fmv.x.w	x5,f26	 f26:0x00000000  x5=0x00000000
     294225.000 ns	     29421	800067e4	6d619137	lui	x2,0x6d619	  x2=0x6d619000
     294255.000 ns	     29424	800067e8	10177fd3	fmul.s	f31,f14,f1	 f14:0x7fc00000  f1:0x00000000 f31=0x7fc00000
     294275.000 ns	     29426	800067ec	00000013	addi	x0,x0,0	  x0:0x00000000
     294285.000 ns	     29427	800067f0	0195f133	and	x2,x11,x25	 x11:0xa67717b4 x25:0x00000000  x2=0x00000000
     294295.000 ns	     29428	800067f4	003b9413	slli	x8,x23,0x3	 x23:0x00000000  x8=0x00000000
     294305.000 ns	     29429	800067f8	38346513	ori	x10,x8,899	  x8:0xa42c8c73 x10=0x00000383
     294315.000 ns	     29430	800067fc	a0afb093	sltiu	x1,x31,-1526	 x31:0x00000000  x1=0x00000001
     294325.000 ns	     29431	80006800	01a6d393	srli	x7,x13,0x1a	 x13:0x00000000  x7=0x00000000
     294345.000 ns	     29433	80006804	02d88233	mul	x4,x17,x13	 x17:0x7ff97ea0 x13:0x00000000  x4=0x00000000
     294375.000 ns	     29436	80006808	e00a1653	fclass.s	x12,f20	 f20:0xffc00000 x12=0x00000200
     294395.000 ns	     29438	8000680c	41598633	sub	x12,x19,x21	 x19:0x00000000 x21:0x01fffff2 x12=0xfe00000e
     294415.000 ns	     29440	80006810	297a9d53	fmax.s	f26,f21,f23	 f21:0xbf800000 f23:0xa42c8c70 f26=0xa42c8c70
     294445.000 ns	     29443	80006814	026c6d33	rem	x26,x24,x6	 x24:0x80040fe4  x6:0x00000000 x26=0x80040fe4
     294495.000 ns	     29448	80006818	017a2fd3	fadd.s	f31,f20,f23	 f20:0xffc00000 f23:0xa42c8c70 f31=0x7fc00000
     294525.000 ns	     29451	8000681c	a0bf1ed3	flt.s	x29,f30,f11	 f30:0xcefaad60 f11:0x00000000 x29=0x00000001
     294555.000 ns	     29454	80006820	217102d3	fsgnj.s	f5,f2,f23	  f2:0x00000000 f23:0xa42c8c70  f5=0x80000000
     294585.000 ns	     29457	80006824	0270c033	div	x0,x1,x7	  x1:0x00000001  x7:0x00000000
     294605.000 ns	     29459	80006828	00b39a33	sll	x20,x7,x11	  x7:0x00000000 x11:0xa67717b4 x20=0x00000000
     294625.000 ns	     29461	8000682c	28cb99d3	fmax.s	f19,f23,f12	 f23:0xa42c8c70 f12:0x0000013e f19=0x0000013e
     294675.000 ns	     29466	80006830	011f7553	fadd.s	f10,f30,f17	 f30:0xcefaad60 f17:0xffc00000 f10=0x7fc00000
     294695.000 ns	     29468	80006834	4692b213	sltiu	x4,x5,1129	  x5:0x00000000  x4=0x00000001
     294705.000 ns	     29469	80006838	416ed333	sra	x6,x29,x22	 x29:0x00000001 x22:0x00000000  x6=0x00000001
     294715.000 ns	     29470	8000683c	413fd393	srai	x7,x31,0x13	 x31:0x00000000  x7=0x00000000
     294725.000 ns	     29471	80006840	008558b3	srl	x17,x10,x8	 x10:0x00000383  x8:0x00000000 x17=0x00000383
     294745.000 ns	     29473	80006844	02f570b3	remu	x1,x10,x15	 x10:0x00000383 x15:0x00000000  x1=0x00000383
     294775.000 ns	     29476	80006848	c00b4d53	fcvt.w.s	x26,f22	 f22:0x0000013e x26=0x00000000
     294805.000 ns	     29479	8000684c	20e98153	fsgnj.s	f2,f19,f14	 f19:0x0000013e f14:0x7fc00000  f2=0x0000013e
     294825.000 ns	     29481	80006850	0c76ca13	xori	x20,x13,199	 x13:0x00000000 x20=0x000000c7
     294845.000 ns	     29483	80006854	a17d0553	fle.s	x10,f26,f23	 f26:0xa42c8c70 f23:0xa42c8c70 x10=0x00000001
     294865.000 ns	     29485	80006858	00a6bbb3	sltu	x23,x13,x10	 x13:0x00000000 x10:0x00000383 x23=0x00000001
     294875.000 ns	     29486	8000685c	b45cfe13	andi	x28,x25,-1211	 x25:0x00000000 x28=0x00000000
     294885.000 ns	     29487	80006860	fdf83e13	sltiu	x28,x16,-33	 x16:0x800415a0 x28=0x00000001
     294895.000 ns	     29488	80006864	02036eb7	lui	x29,0x2036	 x29=0x02036000
     294905.000 ns	     29489	80006868	4183d2b3	sra	x5,x7,x24	  x7:0x00000000 x24:0x80040fe4  x5=0x00000000
     295235.000 ns	     29522	8000686c	19517753	fdiv.s	f14,f2,f21	  f2:0x0000013e f21:0xbf800000 f14=0x80000000
     295265.000 ns	     29525	80006870	03a93533	mulhu	x10,x18,x26	 x18:0x00000000 x26:0x00000000 x10=0x00000000
     295295.000 ns	     29528	80006874	039cd2b3	divu	x5,x25,x25	 x25:0x00000000 x25:0x00000000  x5=0xffffffff
     295325.000 ns	     29531	80006878	a1b501d3	fle.s	x3,f10,f27	 f10:0x7fc00000 f27:0xbf800000  x3=0x00000000
     295345.000 ns	     29533	8000687c	40fed533	sra	x10,x29,x15	 x29:0x02036000 x15:0x00000000 x10=0x02036000
     295365.000 ns	     29535	80006880	035812b3	mulh	x5,x16,x21	 x16:0x800415a0 x21:0x01fffff2  x5=0xff000832
     295385.000 ns	     29537	80006884	69c4af13	slti	x30,x9,1692	  x9:0x80041024 x30=0x00000001
     295395.000 ns	     29538	80006888	29cb2313	slti	x6,x22,668	 x22:0x00000000  x6=0x00000001
     295415.000 ns	     29540	8000688c	f00489d3	fmv.w.x	f19,x9	  x9:0x80041024 f19=0x80041024
     295455.000 ns	     29544	80006890	107836d3	fmul.s	f13,f16,f7	 f16:0x4f800000  f7:0xcefaad60 f13=0xdefaad60
     295475.000 ns	     29546	80006894	00d951b3	srl	x3,x18,x13	 x18:0x00000000 x13:0x00000000  x3=0x00000000
     295495.000 ns	     29548	80006898	e00b8e53	fmv.x.w	x28,f23	 f23:0xa42c8c70 x28=0xa42c8c70
     295515.000 ns	     29550	8000689c	00775fb3	srl	x31,x14,x7	 x14:0x00000000  x7:0x00000000 x31=0x00000000
     295545.000 ns	     29553	800068a0	10fb7753	fmul.s	f14,f22,f15	 f22:0x0000013e f15:0x4efff2fd f14=0x089ef7ec
     295565.000 ns	     29555	800068a4	00000013	addi	x0,x0,0	  x0:0x00000000
     295575.000 ns	     29556	800068a8	00985f13	srli	x30,x16,0x9	 x16:0x800415a0 x30=0x0040020a
     295585.000 ns	     29557	800068ac	8eb44a93	xori	x21,x8,-1813	  x8:0x00000000 x21=0xfffff8eb
     295595.000 ns	     29558	800068b0	00506433	or	x8,x0,x5	  x0:0x00000000  x5:0xff000832  x8=0xff000832
     295605.000 ns	     29559	800068b4	41ae5d33	sra	x26,x28,x26	 x28:0xa42c8c70 x26:0x00000000 x26=0xa42c8c70
     295625.000 ns	     29561	800068b8	28739e53	fmax.s	f28,f7,f7	  f7:0xcefaad60  f7:0xcefaad60 f28=0xcefaad60
     295645.000 ns	     29563	800068bc	8dfa6613	ori	x12,x20,-1825	 x20:0x000000c7 x12=0xfffff8df
     295655.000 ns	     29564	800068c0	411a5a93	srai	x21,x20,0x11	 x20:0x000000c7 x21=0x00000000
     295675.000 ns	     29566	800068c4	e00495d3	fclass.s	x11,f9	  f9:0x7fc00000 x11=0x00000200
     295695.000 ns	     29568	800068c8	51c38393	addi	x7,x7,1308	  x7:0x00000000  x7=0x0000051c
     295705.000 ns	     29569	800068cc	3ec50d13	addi	x26,x10,1004	 x10:0x02036000 x26=0x020363ec
     295725.000 ns	     29571	800068d0	21ba1853	fsgnjn.s	f16,f20,f27	 f20:0xffc00000 f27:0xbf800000 f16=0x7fc00000
     295755.000 ns	     29574	800068d4	d0128e53	fcvt.s.wu	f28,x5	  x5:0xff000832 f28=0x4f7f0008
     295785.000 ns	     29577	800068d8	f00101d3	fmv.w.x	f3,x2	  x2:0x00000000  f3=0x00000000
     295815.000 ns	     29580	800068dc	218020d3	fsgnjx.s	f1,f0,f24	  f0:0x00000000 f24:0x4f7ffffd  f1=0x00000000
     295835.000 ns	     29582	800068e0	00ca1b33	sll	x22,x20,x12	 x20:0x000000c7 x12:0xfffff8df x22=0x80000000
     295855.000 ns	     29584	800068e4	02e46433	rem	x8,x8,x14	  x8:0xff000832 x14:0x00000000  x8=0xff000832
     296195.000 ns	     29618	800068e8	19b694d3	fdiv.s	f9,f13,f27	 f13:0xdefaad60 f27:0xbf800000  f9=0x5e819e4b
     296225.000 ns	     29621	800068ec	03b565b3	rem	x11,x10,x27	 x10:0x02036000 x27:0x00000000 x11=0x02036000
     296255.000 ns	     29624	800068f0	28d683d3	fmin.s	f7,f13,f13	 f13:0xdefaad60 f13:0xdefaad60  f7=0xdefaad60
     296275.000 ns	     29626	800068f4	0059cdb3	xor	x27,x19,x5	 x19:0x00000000  x5:0xff000832 x27=0xff000832
     296295.000 ns	     29628	800068f8	0394eb33	rem	x22,x9,x25	  x9:0x80041024 x25:0x00000000 x22=0x80041024
     296315.000 ns	     29630	800068fc	40b98ab3	sub	x21,x19,x11	 x19:0x00000000 x11:0x02036000 x21=0xfdfca000
     296335.000 ns	     29632	80006900	d01dffd3	fcvt.s.wu	f31,x27	 x27:0xff000832 f31=0x4f7f0008
     296365.000 ns	     29635	80006904	02929133	mulh	x2,x5,x9	  x5:0xff000832  x9:0x80041024  x2=0x007ff7d6
     296395.000 ns	     29638	80006908	02efc333	div	x6,x31,x14	 x31:0x00000000 x14:0x00000000  x6=0xffffffff
     296425.000 ns	     29641	8000690c	03db1433	mulh	x8,x22,x29	 x22:0x80041024 x29:0x02036000  x8=0xfefe582d
     296475.000 ns	     29646	80006910	08fdf1d3	fsub.s	f3,f27,f15	 f27:0xbf800000 f15:0x4efff2fd  f3=0xcefff2fd
     296505.000 ns	     29649	80006914	28a28ed3	fmin.s	f29,f5,f10	  f5:0x80000000 f10:0x7fc00000 f29=0x80000000
     296535.000 ns	     29652	80006918	0335ea33	rem	x20,x11,x19	 x11:0x02036000 x19:0x00000000 x20=0x02036000
     296555.000 ns	     29654	8000691c	01c473b3	and	x7,x8,x28	  x8:0xfefe582d x28:0xa42c8c70  x7=0xa42c0820
     296575.000 ns	     29656	80006920	21442553	fsgnjx.s	f10,f8,f20	  f8:0x80000000 f20:0xffc00000 f10=0x00000000
     296945.000 ns	     29693	80006924	0377e3b3	rem	x7,x15,x23	 x15:0x00000000 x23:0x00000001  x7=0x00000000
     296965.000 ns	     29695	80006928	f945cf13	xori	x30,x11,-108	 x11:0x02036000 x30=0xfdfc9f94
     297005.000 ns	     29699	8000692c	09e371d3	fsub.s	f3,f6,f30	  f6:0x00000000 f30:0xcefaad60  f3=0x4efaad60
     297055.000 ns	     29704	80006930	09c52a53	fsub.s	f20,f10,f28	 f10:0x00000000 f28:0x4f7f0008 f20=0xcf7f0008
     297075.000 ns	     29706	80006934	01c8ab33	slt	x22,x17,x28	 x17:0x00000383 x28:0xa42c8c70 x22=0x00000000
     297085.000 ns	     29707	80006938	008deb33	or	x22,x27,x8	 x27:0xff000832  x8:0xfefe582d x22=0xfffe583f
     297105.000 ns	     29709	8000693c	d01a9853	fcvt.s.wu	f16,x21	 x21:0xfdfca000 f16=0x4f7dfca0
     297125.000 ns	     29711	80006940	2c5f0837	lui	x16,0x2c5f0	 x16=0x2c5f0000
     297155.000 ns	     29714	80006944	11d479d3	fmul.s	f19,f8,f29	  f8:0x80000000 f29:0x80000000 f19=0x00000000
     297175.000 ns	     29716	80006948	cc66e013	ori	x0,x13,-826	 x13:0x00000000
     297195.000 ns	     29718	8000694c	e0020d53	fmv.x.w	x26,f4	  f4:0xe283ad62 x26=0xe283ad62
     297215.000 ns	     29720	80006950	018c1893	slli	x17,x24,0x18	 x24:0x80040fe4 x17=0xe4000000
     297235.000 ns	     29722	80006954	e0089253	fclass.s	x4,f17	 f17:0xffc00000  x4=0x00000200
     297265.000 ns	     29725	80006958	0279dab3	divu	x21,x19,x7	 x19:0x00000000  x7:0x00000000 x21=0xffffffff
     297285.000 ns	     29727	8000695c	01278a33	add	x20,x15,x18	 x15:0x00000000 x18:0x00000000 x20=0x00000000
     297305.000 ns	     29729	80006960	207310d3	fsgnjn.s	f1,f6,f7	  f6:0x00000000  f7:0xdefaad60  f1=0x00000000
     297675.000 ns	     29766	80006964	02a0fd33	remu	x26,x1,x10	  x1:0x00000383 x10:0x02036000 x26=0x00000383
     297705.000 ns	     29769	80006968	d01c3e53	fcvt.s.wu	f28,x24	 x24:0x80040fe4 f28=0x4f000410
     297725.000 ns	     29771	8000696c	7ea0a3b7	lui	x7,0x7ea0a	  x7=0x7ea0a000
     297745.000 ns	     29773	80006970	c014fdd3	fcvt.wu.s	x27,f9	  f9:0x5e819e4b x27=0xffffffff
     297765.000 ns	     29775	80006974	00b572b3	and	x5,x10,x11	 x10:0x02036000 x11:0x02036000  x5=0x02036000
     297775.000 ns	     29776	80006978	00676fb3	or	x31,x14,x6	 x14:0x00000000  x6:0xffffffff x31=0xffffffff
     297785.000 ns	     29777	8000697c	00349113	slli	x2,x9,0x3	  x9:0x80041024  x2=0x00208120
     297795.000 ns	     29778	80006980	74168513	addi	x10,x13,1857	 x13:0x00000000 x10=0x00000741
     297805.000 ns	     29779	80006984	4020d613	srai	x12,x1,0x2	  x1:0x00000383 x12=0x000000e0
     297815.000 ns	     29780	80006988	d9977213	andi	x4,x14,-615	 x14:0x00000000  x4=0x00000000
     297825.000 ns	     29781	8000698c	40b0d213	srai	x4,x1,0xb	  x1:0x00000383  x4=0x00000000
     297835.000 ns	     29782	80006990	56d2ef13	ori	x30,x5,1389	  x5:0x02036000 x30=0x0203656d
     297845.000 ns	     29783	80006994	00b53ab3	sltu	x21,x10,x11	 x10:0x00000741 x11:0x02036000 x21=0x00000001
     297855.000 ns	     29784	80006998	b9cef913	andi	x18,x29,-1124	 x29:0x02036000 x18=0x02036000
     297865.000 ns	     29785	8000699c	a1b3b393	sltiu	x7,x7,-1509	  x7:0x7ea0a000  x7=0x00000001
     297885.000 ns	     29787	800069a0	e00715d3	fclass.s	x11,f14	 f14:0x089ef7ec x11=0x00000040
     297915.000 ns	     29790	800069a4	a0eba0d3	feq.s	x1,f23,f14	 f23:0xa42c8c70 f14:0x089ef7ec  x1=0x00000000
     297935.000 ns	     29792	800069a8	01d6f533	and	x10,x13,x29	 x13:0x00000000 x29:0x02036000 x10=0x00000000
     297945.000 ns	     29793	800069ac	b40f57b7	lui	x15,0xb40f5	 x15=0xb40f5000
     298305.000 ns	     29829	800069b0	03f5e233	rem	x4,x11,x31	 x11:0x00000040 x31:0xffffffff  x4=0x00000000
     298325.000 ns	     29831	800069b4	41c74093	xori	x1,x14,1052	 x14:0x00000000  x1=0x0000041c
     298335.000 ns	     29832	800069b8	2be8ff93	andi	x31,x17,702	 x17:0xe4000000 x31=0x00000000
     298345.000 ns	     29833	800069bc	00f31113	slli	x2,x6,0xf	  x6:0xffffffff  x2=0xffff8000
     298705.000 ns	     29869	800069c0	0287f833	remu	x16,x15,x8	 x15:0xb40f5000  x8:0xfefe582d x16=0xb40f5000
     298735.000 ns	     29872	800069c4	03c03033	mulhu	x0,x0,x28	  x0:0x00000000 x28:0xa42c8c70
     298765.000 ns	     29875	800069c8	020709b3	mul	x19,x14,x0	 x14:0x00000000  x0:0x00000000 x19=0x00000000
     298785.000 ns	     29877	800069cc	41a18eb3	sub	x29,x3,x26	  x3:0x00000000 x26:0x00000383 x29=0xfffffc7d
     298805.000 ns	     29879	800069d0	d008f053	fcvt.s.w	f0,x17	 x17:0xe4000000  f0=0xcde00000
     298845.000 ns	     29883	800069d4	1036f953	fmul.s	f18,f13,f3	 f13:0xdefaad60  f3:0x4efaad60 f18=0xee757715
     298895.000 ns	     29888	800069d8	098d7fd3	fsub.s	f31,f26,f24	 f26:0xa42c8c70 f24:0x4f7ffffd f31=0xcf7ffffd
     298915.000 ns	     29890	800069dc	41ad5b13	srai	x22,x26,0x1a	 x26:0x00000383 x22=0x00000000
     298925.000 ns	     29891	800069e0	401b03b3	sub	x7,x22,x1	 x22:0xfffe583f  x1:0x0000041c  x7=0xfffffbe4
     299285.000 ns	     29927	800069e4	02765eb3	divu	x29,x12,x7	 x12:0x000000e0  x7:0x00000001 x29=0x00000000
     299305.000 ns	     29929	800069e8	015c5a93	srli	x21,x24,0x15	 x24:0x80040fe4 x21=0x00000400
     299325.000 ns	     29931	800069ec	20de1553	fsgnjn.s	f10,f28,f13	 f28:0x4f000410 f13:0xdefaad60 f10=0x4f000410
     299345.000 ns	     29933	800069f0	8090a593	slti	x11,x1,-2039	  x1:0x0000041c x11=0x00000000
     299355.000 ns	     29934	800069f4	51a90a13	addi	x20,x18,1306	 x18:0x02036000 x20=0x0203651a
     299375.000 ns	     29936	800069f8	a15f1e53	flt.s	x28,f30,f21	 f30:0xcefaad60 f21:0xbf800000 x28=0x00000001
     299395.000 ns	     29938	800069fc	72216f13	ori	x30,x2,1826	  x2:0xffff8000 x30=0xffff8722
     299415.000 ns	     29940	80006a00	e0020dd3	fmv.x.w	x27,f4	  f4:0xe283ad62 x27=0xe283ad62
     299445.000 ns	     29943	80006a04	e00916d3	fclass.s	x13,f18	 f18:0xee757715 x13=0x00000002
     299475.000 ns	     29946	80006a08	03fdf2b3	remu	x5,x27,x31	 x27:0xe283ad62 x31:0x00000000  x5=0xe283ad62
     299505.000 ns	     29949	80006a0c	f0000753	fmv.w.x	f14,x0	  x0:0x00000000 f14=0x00000000
     299555.000 ns	     29954	80006a10	08a0f2d3	fsub.s	f5,f1,f10	  f1:0x00000000 f10:0x4f000410  f5=0xcf000410
     299605.000 ns	     29959	80006a14	00fb45d3	fadd.s	f11,f22,f15	 f22:0x0000013e f15:0x4efff2fd f11=0x4efff2fd
     299635.000 ns	     29962	80006a18	0364bfb3	mulhu	x31,x9,x22	  x9:0x80041024 x22:0x00000000 x31=0x00000000
     299655.000 ns	     29964	80006a1c	00000013	addi	x0,x0,0	  x0:0x00000000
     299665.000 ns	     29965	80006a20	40f1d013	srai	x0,x3,0xf	  x3:0x00000000
     299675.000 ns	     29966	80006a24	01877833	and	x16,x14,x24	 x14:0x00000000 x24:0x80040fe4 x16=0x00000000
     299695.000 ns	     29968	80006a28	286e06d3	fmin.s	f13,f28,f6	 f28:0x4f000410  f6:0x00000000 f13=0x00000000
     299715.000 ns	     29970	80006a2c	4138dab3	sra	x21,x17,x19	 x17:0xe4000000 x19:0x00000000 x21=0xe4000000
     299725.000 ns	     29971	80006a30	6ca00b13	addi	x22,x0,1738	  x0:0x00000000 x22=0x000006ca
     299735.000 ns	     29972	80006a34	003f1293	slli	x5,x30,0x3	 x30:0xffff8722  x5=0xfffc3910
     299745.000 ns	     29973	80006a38	0074e8b3	or	x17,x9,x7	  x9:0x80041024  x7:0xfffffbe4 x17=0xfffffbe4
     299755.000 ns	     29974	80006a3c	00000013	addi	x0,x0,0	  x0:0x00000000
     300115.000 ns	     30010	80006a40	02175333	divu	x6,x14,x1	 x14:0x00000000  x1:0x0000041c  x6=0x00000000
     300485.000 ns	     30047	80006a44	03a34333	div	x6,x6,x26	  x6:0xffffffff x26:0x00000383  x6=0x00000000
     300505.000 ns	     30049	80006a48	01c61e33	sll	x28,x12,x28	 x12:0x000000e0 x28:0x00000001 x28=0x000001c0
     300525.000 ns	     30051	80006a4c	29949853	fmax.s	f16,f9,f25	  f9:0x5e819e4b f25:0x00000000 f16=0x5e819e4b
     300545.000 ns	     30053	80006a50	da767313	andi	x6,x12,-601	 x12:0x000000e0  x6=0x000000a0
     300555.000 ns	     30054	80006a54	9b67a213	slti	x4,x15,-1610	 x15:0xb40f5000  x4=0x00000001
     300565.000 ns	     30055	80006a58	008341b3	xor	x3,x6,x8	  x6:0x00000000  x8:0xfefe582d  x3=0xfefe588d
     300585.000 ns	     30057	80006a5c	c00bc253	fcvt.w.s	x4,f23	 f23:0xa42c8c70  x4=0x00000000
     300615.000 ns	     30060	80006a60	f0048753	fmv.w.x	f14,x9	  x9:0x80041024 f14=0x80041024
     300635.000 ns	     30062	80006a64	bd718813	addi	x16,x3,-1065	  x3:0xfefe588d x16=0xfefe5464
     300645.000 ns	     30063	80006a68	40f850b3	sra	x1,x16,x15	 x16:0x00000000 x15:0xb40f5000  x1=0xfefe5464
     300665.000 ns	     30065	80006a6c	035ea8b3	mulhsu	x17,x29,x21	 x29:0x00000000 x21:0xe4000000 x17=0x00000000
     300695.000 ns	     30068	80006a70	d0039e53	fcvt.s.w	f28,x7	  x7:0xfffffbe4 f28=0xc4838000
     301065.000 ns	     30105	80006a74	02746d33	rem	x26,x8,x7	  x8:0xfefe582d  x7:0xfffffbe4 x26=0xffffffc1
     301095.000 ns	     30108	80006a78	f0070c53	fmv.w.x	f24,x14	 x14:0x00000000 f24=0x00000000
     301125.000 ns	     30111	80006a7c	c0177bd3	fcvt.wu.s	x23,f14	 f14:0x80041024 x23=0x00000000
     301155.000 ns	     30114	80006a80	e00f8a53	fmv.x.w	x20,f31	 f31:0xcf7ffffd x20=0xcf7ffffd
     301495.000 ns	     30148	80006a84	19c19ad3	fdiv.s	f21,f3,f28	  f3:0x4efaad60 f28:0xc4838000 f21=0xc9eef032
     301525.000 ns	     30151	80006a88	281c9553	fmax.s	f10,f25,f1	 f25:0x00000000  f1:0x00000000 f10=0x00000000
     301545.000 ns	     30153	80006a8c	01c94db3	xor	x27,x18,x28	 x18:0x02036000 x28:0x000001c0 x27=0x020361c0
     301565.000 ns	     30155	80006a90	c014b153	fcvt.wu.s	x2,f9	  f9:0x5e819e4b  x2=0xffffffff
     301595.000 ns	     30158	80006a94	e0040e53	fmv.x.w	x28,f8	  f8:0x80000000 x28=0x80000000
     301625.000 ns	     30161	80006a98	21a9a9d3	fsgnjx.s	f19,f19,f26	 f19:0x00000000 f26:0xa42c8c70 f19=0x80000000
     301645.000 ns	     30163	80006a9c	a02f8093	addi	x1,x31,-1534	 x31:0x00000000  x1=0xfffffa02
     301675.000 ns	     30166	80006aa0	118dfb53	fmul.s	f22,f27,f24	 f27:0xbf800000 f24:0x00000000 f22=0x80000000
     301695.000 ns	     30168	80006aa4	40e3d313	srai	x6,x7,0xe	  x7:0xfffffbe4  x6=0xffffffff
     301705.000 ns	     30169	80006aa8	5cbba893	slti	x17,x23,1483	 x23:0x00000000 x17=0x00000001
     301715.000 ns	     30170	80006aac	01c25413	srli	x8,x4,0x1c	  x4:0x00000000  x8=0x00000000
     301735.000 ns	     30172	80006ab0	29c69ed3	fmax.s	f29,f13,f28	 f13:0x00000000 f28:0xc4838000 f29=0x00000000
     301765.000 ns	     30175	80006ab4	a1e3a7d3	feq.s	x15,f7,f30	  f7:0xdefaad60 f30:0xcefaad60 x15=0x00000000
     301785.000 ns	     30177	80006ab8	002fcd33	xor	x26,x31,x2	 x31:0x00000000  x2:0xffffffff x26=0xffffffff
     301795.000 ns	     30178	80006abc	416a8133	sub	x2,x21,x22	 x21:0xe4000000 x22:0x000006ca  x2=0xe3fff936
     301805.000 ns	     30179	80006ac0	01b46a33	or	x20,x8,x27	  x8:0x00000000 x27:0x020361c0 x20=0x020361c0
     301815.000 ns	     30180	80006ac4	007367b3	or	x15,x6,x7	  x6:0xffffffff  x7:0xfffffbe4 x15=0xffffffff
     301825.000 ns	     30181	80006ac8	f494f113	andi	x2,x9,-183	  x9:0x80041024  x2=0x80041000
     301845.000 ns	     30183	80006acc	290904d3	fmin.s	f9,f18,f16	 f18:0xee757715 f16:0x5e819e4b  f9=0xee757715
     301875.000 ns	     30186	80006ad0	c0070553	fcvt.w.s	x10,f14	 f14:0x80041024 x10=0x00000000
     301895.000 ns	     30188	80006ad4	3d33c1b7	lui	x3,0x3d33c	  x3=0x3d33c000
     301915.000 ns	     30190	80006ad8	c0089dd3	fcvt.w.s	x27,f17	 f17:0xffc00000 x27=0x7fffffff
     301945.000 ns	     30193	80006adc	c0117a53	fcvt.wu.s	x20,f2	  f2:0x0000013e x20=0x00000000
     301965.000 ns	     30195	80006ae0	16d3e537	lui	x10,0x16d3e	 x10=0x16d3e000
     301985.000 ns	     30197	80006ae4	29af15d3	fmax.s	f11,f30,f26	 f30:0xcefaad60 f26:0xa42c8c70 f11=0xa42c8c70
     302015.000 ns	     30200	80006ae8	e0009ad3	fclass.s	x21,f1	  f1:0x00000000 x21=0x00000010
     302045.000 ns	     30203	80006aec	03a43e33	mulhu	x28,x8,x26	  x8:0x00000000 x26:0xffffffff x28=0x00000000
     302065.000 ns	     30205	80006af0	9fadea13	ori	x20,x27,-1542	 x27:0x7fffffff x20=0xffffffff
     302085.000 ns	     30207	80006af4	020edb33	divu	x22,x29,x0	 x29:0x00000000  x0:0x00000000 x22=0xffffffff
     302105.000 ns	     30209	80006af8	4022d833	sra	x16,x5,x2	  x5:0xfffc3910  x2:0x80041000 x16=0xfffc3910
     302115.000 ns	     30210	80006afc	00397033	and	x0,x18,x3	 x18:0x02036000  x3:0x3d33c000
     302135.000 ns	     30212	80006b00	033b4bb3	div	x23,x22,x19	 x22:0xffffffff x19:0x00000000 x23=0xffffffff
     302165.000 ns	     30215	80006b04	29838cd3	fmin.s	f25,f7,f24	  f7:0xdefaad60 f24:0x00000000 f25=0xdefaad60
     302185.000 ns	     30217	80006b08	00741ab3	sll	x21,x8,x7	  x8:0x00000000  x7:0xfffffbe4 x21=0x00000000
     302225.000 ns	     30221	80006b0c	00fb7b53	fadd.s	f22,f22,f15	 f22:0x80000000 f15:0x4efff2fd f22=0x4efff2fd
     302265.000 ns	     30225	80006b10	580e8853	fsqrt.s	f16,f29	 f29:0x00000000 f16=0x00000000
     302295.000 ns	     30228	80006b14	03d2db33	divu	x22,x5,x29	  x5:0xfffc3910 x29:0x00000000 x22=0xffffffff
     302325.000 ns	     30231	80006b18	297e91d3	fmax.s	f3,f29,f23	 f29:0x00000000 f23:0xa42c8c70  f3=0x00000000
     302345.000 ns	     30233	80006b1c	fd8ef093	andi	x1,x29,-40	 x29:0x00000000  x1=0x00000000
     302675.000 ns	     30266	80006b20	182d78d3	fdiv.s	f17,f26,f2	 f26:0xa42c8c70  f2:0x0000013e f17=0xe2f39918
     302705.000 ns	     30269	80006b24	c0167753	fcvt.wu.s	x14,f12	 f12:0x0000013e x14=0x00000000
     302745.000 ns	     30273	80006b28	1888ff53	fdiv.s	f30,f17,f8	 f17:0xe2f39918  f8:0x80000000 f30=0x7f800000
     302775.000 ns	     30276	80006b2c	d0037fd3	fcvt.s.w	f31,x6	  x6:0xffffffff f31=0xbf800000
     302795.000 ns	     30278	80006b30	005b0633	add	x12,x22,x5	 x22:0xffffffff  x5:0xfffc3910 x12=0xfffc390f
     302815.000 ns	     30280	80006b34	03572633	mulhsu	x12,x14,x21	 x14:0x00000000 x21:0x00000000 x12=0x00000000
     302845.000 ns	     30283	80006b38	e0070bd3	fmv.x.w	x23,f14	 f14:0x80041024 x23=0x80041024
     302875.000 ns	     30286	80006b3c	d0000553	fcvt.s.w	f10,x0	  x0:0x00000000 f10=0x00000000
     302895.000 ns	     30288	80006b40	3fc17a13	andi	x20,x2,1020	  x2:0x80041000 x20=0x00000000
     302905.000 ns	     30289	80006b44	4038de13	srai	x28,x17,0x3	 x17:0x00000001 x28=0x00000000
     302915.000 ns	     30290	80006b48	014d51b3	srl	x3,x26,x20	 x26:0xffffffff x20:0xffffffff  x3=0xffffffff
     302935.000 ns	     30292	80006b4c	03597933	remu	x18,x18,x21	 x18:0x02036000 x21:0x00000000 x18=0x02036000
     304115.000 ns	     30410	80006b50	58067453	fsqrt.s	f8,f12	 f12:0x0000013e  f8=0x1f350644
     304135.000 ns	     30412	80006b54	010c7633	and	x12,x24,x16	 x24:0x80040fe4 x16:0xfffc3910 x12=0x80040900
     304155.000 ns	     30414	80006b58	2198aad3	fsgnjx.s	f21,f17,f25	 f17:0xe2f39918 f25:0xdefaad60 f21=0x62f39918
     304175.000 ns	     30416	80006b5c	938ac413	xori	x8,x21,-1736	 x21:0x00000000  x8=0xfffff938
     304205.000 ns	     30419	80006b60	58007153	fsqrt.s	f2,f0	  f0:0xcde00000  f2=0x7fc00000
     304235.000 ns	     30422	80006b64	a198a753	feq.s	x14,f17,f25	 f17:0xe2f39918 f25:0xdefaad60 x14=0x00000000
     304255.000 ns	     30424	80006b68	00c42a33	slt	x20,x8,x12	  x8:0xfffff938 x12:0x80040900 x20=0x00000000
     304615.000 ns	     30460	80006b6c	0274f033	remu	x0,x9,x7	  x9:0x80041024  x7:0xfffffbe4
     304645.000 ns	     30463	80006b70	020b5833	divu	x16,x22,x0	 x22:0xffffffff  x0:0x00000000 x16=0xffffffff
     304665.000 ns	     30465	80006b74	00cb16b3	sll	x13,x22,x12	 x22:0xffffffff x12:0x80040900 x13=0xffffffff
     304685.000 ns	     30467	80006b78	d010fd53	fcvt.s.wu	f26,x1	  x1:0x00000000 f26=0x00000000
     304705.000 ns	     30469	80006b7c	2a817b13	andi	x22,x2,680	  x2:0x80041000 x22=0x00000000
     304735.000 ns	     30472	80006b80	108c7e53	fmul.s	f28,f24,f8	 f24:0x00000000  f8:0x1f350644 f28=0x00000000
     304755.000 ns	     30474	80006b84	00000013	addi	x0,x0,0	  x0:0x00000000
     304765.000 ns	     30475	80006b88	eaf93293	sltiu	x5,x18,-337	 x18:0x02036000  x5=0x00000001
     304785.000 ns	     30477	80006b8c	024f9933	mulh	x18,x31,x4	 x31:0x00000000  x4:0x00000000 x18=0x00000000
     304815.000 ns	     30480	80006b90	03c09333	mulh	x6,x1,x28	  x1:0x00000000 x28:0x00000000  x6=0x00000000
     304835.000 ns	     30482	80006b94	40de0933	sub	x18,x28,x13	 x28:0x00000000 x13:0xffffffff x18=0x00000001
     304845.000 ns	     30483	80006b98	ff9546b7	lui	x13,0xff954	 x13=0xff954000
     304855.000 ns	     30484	80006b9c	0093c8b3	xor	x17,x7,x9	  x7:0xfffffbe4  x9:0x80041024 x17=0x7ffbebc0
     304865.000 ns	     30485	80006ba0	e2dee813	ori	x16,x29,-467	 x29:0x00000000 x16=0xfffffe2d
     305225.000 ns	     30521	80006ba4	032453b3	divu	x7,x8,x18	  x8:0xfffff938 x18:0x00000001  x7=0xfffff938
     305245.000 ns	     30523	80006ba8	f6a24a13	xori	x20,x4,-150	  x4:0x00000000 x20=0xffffff6a
     305265.000 ns	     30525	80006bac	20a62a53	fsgnjx.s	f20,f12,f10	 f12:0x0000013e f10:0x00000000 f20=0x0000013e
     305295.000 ns	     30528	80006bb0	c0082553	fcvt.w.s	x10,f16	 f16:0x00000000 x10=0x00000000
     305335.000 ns	     30532	80006bb4	1903ba53	fdiv.s	f20,f7,f16	  f7:0xdefaad60 f16:0x00000000 f20=0xff800000
     305355.000 ns	     30534	80006bb8	00000013	addi	x0,x0,0	  x0:0x00000000
     305365.000 ns	     30535	80006bbc	a9737837	lui	x16,0xa9737	 x16=0xa9737000
     305375.000 ns	     30536	80006bc0	af6b8513	addi	x10,x23,-1290	 x23:0x80041024 x10=0x80040b1a
     305395.000 ns	     30538	80006bc4	03dd9db3	mulh	x27,x27,x29	 x27:0x7fffffff x29:0x00000000 x27=0x00000000
     305415.000 ns	     30540	80006bc8	18b4f393	andi	x7,x9,395	  x9:0x80041024  x7=0x00000000
     305435.000 ns	     30542	80006bcc	a0439e53	flt.s	x28,f7,f4	  f7:0xdefaad60  f4:0xe283ad62 x28=0x00000000
     305455.000 ns	     30544	80006bd0	5b17de97	auipc	x29,0x5b17d	 x29=0xdb183bd0
     305475.000 ns	     30546	80006bd4	f00b0d53	fmv.w.x	f26,x22	 x22:0x00000000 f26=0x00000000
     305525.000 ns	     30551	80006bd8	090043d3	fsub.s	f7,f0,f16	  f0:0xcde00000 f16:0x00000000  f7=0xcde00000
     305545.000 ns	     30553	80006bdc	01f08633	add	x12,x1,x31	  x1:0x00000000 x31:0x00000000 x12=0x00000000
     305565.000 ns	     30555	80006be0	024fb1b3	mulhu	x3,x31,x4	 x31:0x00000000  x4:0x00000000  x3=0x00000000
     305585.000 ns	     30557	80006be4	011fc833	xor	x16,x31,x17	 x31:0x00000000 x17:0x7ffbebc0 x16=0x7ffbebc0
     305595.000 ns	     30558	80006be8	59c2c013	xori	x0,x5,1436	  x5:0x00000001
     305605.000 ns	     30559	80006bec	4085d793	srai	x15,x11,0x8	 x11:0x00000000 x15=0x00000000
     305625.000 ns	     30561	80006bf0	03e7ba33	mulhu	x20,x15,x30	 x15:0xffffffff x30:0xffff8722 x20=0x00000000
     305655.000 ns	     30564	80006bf4	02436ab3	rem	x21,x6,x4	  x6:0x00000000  x4:0x00000000 x21=0x00000000
     305675.000 ns	     30566	80006bf8	41a4d993	srai	x19,x9,0x1a	  x9:0x80041024 x19=0xffffffe0
     305685.000 ns	     30567	80006bfc	f16a2293	slti	x5,x20,-234	 x20:0x00000000  x5=0x00000000
     305695.000 ns	     30568	80006c00	6ddae993	ori	x19,x21,1757	 x21:0x00000000 x19=0x000006dd
     305715.000 ns	     30570	80006c04	a0301f53	flt.s	x30,f0,f3	  f0:0xcde00000  f3:0x00000000 x30=0x00000001
     305735.000 ns	     30572	80006c08	948df293	andi	x5,x27,-1720	 x27:0x00000000  x5=0x00000000
     305745.000 ns	     30573	80006c0c	267ac893	xori	x17,x21,615	 x21:0x00000000 x17=0x00000267
     305765.000 ns	     30575	80006c10	d00ec4d3	fcvt.s.w	f9,x29	 x29:0xdb183bd0  f9=0xce139f11
     305795.000 ns	     30578	80006c14	02f9b033	mulhu	x0,x19,x15	 x19:0x000006dd x15:0x00000000
     305835.000 ns	     30582	80006c18	103b7ed3	fmul.s	f29,f22,f3	 f22:0x4efff2fd  f3:0x00000000 f29=0x00000000
     305865.000 ns	     30585	80006c1c	035622b3	mulhsu	x5,x12,x21	 x12:0x00000000 x21:0x00000000  x5=0x00000000
     305885.000 ns	     30587	80006c20	32d4af93	slti	x31,x9,813	  x9:0x80041024 x31=0x00000001
     305905.000 ns	     30589	80006c24	0245d733	divu	x14,x11,x4	 x11:0x00000000  x4:0x00000000 x14=0xffffffff
     305935.000 ns	     30592	80006c28	a1b10b53	fle.s	x22,f2,f27	  f2:0x7fc00000 f27:0xbf800000 x22=0x00000000
     305955.000 ns	     30594	80006c2c	414bd013	srai	x0,x23,0x14	 x23:0x80041024
     305975.000 ns	     30596	80006c30	20cb8a53	fsgnj.s	f20,f23,f12	 f23:0xa42c8c70 f12:0x0000013e f20=0x242c8c70
     306005.000 ns	     30599	80006c34	29bb0b53	fmin.s	f22,f22,f27	 f22:0x4efff2fd f27:0xbf800000 f22=0xbf800000
     306025.000 ns	     30601	80006c38	00815bb3	srl	x23,x2,x8	  x2:0x80041000  x8:0xfffff938 x23=0x00000080
     306035.000 ns	     30602	80006c3c	019e61b3	or	x3,x28,x25	 x28:0x00000000 x25:0x00000000  x3=0x00000000
     306045.000 ns	     30603	80006c40	0012ffb3	and	x31,x5,x1	  x5:0x00000000  x1:0x00000000 x31=0x00000000
     306065.000 ns	     30605	80006c44	02173433	mulhu	x8,x14,x1	 x14:0xffffffff  x1:0x00000000  x8=0x00000000
     306095.000 ns	     30608	80006c48	0368c533	div	x10,x17,x22	 x17:0x00000267 x22:0x00000000 x10=0xffffffff
     306115.000 ns	     30610	80006c4c	00713f33	sltu	x30,x2,x7	  x2:0x80041000  x7:0x00000000 x30=0x00000000
     306135.000 ns	     30612	80006c50	20f59e53	fsgnjn.s	f28,f11,f15	 f11:0xa42c8c70 f15:0x4efff2fd f28=0xa42c8c70
     306165.000 ns	     30615	80006c54	a05b1d53	flt.s	x26,f22,f5	 f22:0xbf800000  f5:0xcf000410 x26=0x00000000
     306195.000 ns	     30618	80006c58	e00d1f53	fclass.s	x30,f26	 f26:0x00000000 x30=0x00000010
     306215.000 ns	     30620	80006c5c	012e9093	slli	x1,x29,0x12	 x29:0xdb183bd0  x1=0xef400000
     306235.000 ns	     30622	80006c60	03a54433	div	x8,x10,x26	 x10:0xffffffff x26:0x00000000  x8=0xffffffff
     306255.000 ns	     30624	80006c64	00000013	addi	x0,x0,0	  x0:0x00000000
     306585.000 ns	     30657	80006c68	196abc53	fdiv.s	f24,f21,f22	 f21:0x62f39918 f22:0xbf800000 f24=0xe27bea6c
     306605.000 ns	     30659	80006c6c	003cd813	srli	x16,x25,0x3	 x25:0x00000000 x16=0x00000000
     306625.000 ns	     30661	80006c70	034d7333	remu	x6,x26,x20	 x26:0x00000000 x20:0x00000000  x6=0x00000000
     306645.000 ns	     30663	80006c74	63fbaa93	slti	x21,x23,1599	 x23:0x00000080 x21=0x00000001
     306665.000 ns	     30665	80006c78	022faeb3	mulhsu	x29,x31,x2	 x31:0x00000000  x2:0x80041000 x29=0x00000000
     306695.000 ns	     30668	80006c7c	2147a053	fsgnjx.s	f0,f15,f20	 f15:0x4efff2fd f20:0x242c8c70  f0=0x4efff2fd
     306745.000 ns	     30673	80006c80	0054fdd3	fadd.s	f27,f9,f5	  f9:0xce139f11  f5:0xcf000410 f27=0xcf24ebd4
     306775.000 ns	     30676	80006c84	02496333	rem	x6,x18,x4	 x18:0x00000001  x4:0x00000000  x6=0x00000001
     306805.000 ns	     30679	80006c88	a0f9a6d3	feq.s	x13,f19,f15	 f19:0x80000000 f15:0x4efff2fd x13=0x00000000
     306825.000 ns	     30681	80006c8c	11063b37	lui	x22,0x11063	 x22=0x11063000
     306835.000 ns	     30682	80006c90	00ab53b3	srl	x7,x22,x10	 x22:0x00000000 x10:0xffffffff  x7=0x00000000
     306875.000 ns	     30686	80006c94	08238dd3	fsub.s	f27,f7,f2	  f7:0xcde00000  f2:0x7fc00000 f27=0x7fc00000
     306895.000 ns	     30688	80006c98	750dc093	xori	x1,x27,1872	 x27:0x00000000  x1=0x00000750
     306915.000 ns	     30690	80006c9c	206b0553	fsgnj.s	f10,f22,f6	 f22:0xbf800000  f6:0x00000000 f10=0x3f800000
     306945.000 ns	     30693	80006ca0	21caa653	fsgnjx.s	f12,f21,f28	 f21:0x62f39918 f28:0xa42c8c70 f12=0xe2f39918
     306975.000 ns	     30696	80006ca4	02b55533	divu	x10,x10,x11	 x10:0xffffffff x11:0x00000000 x10=0xffffffff
     307005.000 ns	     30699	80006ca8	a1f99e53	flt.s	x28,f19,f31	 f19:0x80000000 f31:0xbf800000 x28=0x00000000
     307035.000 ns	     30702	80006cac	c0087e53	fcvt.w.s	x28,f16	 f16:0x00000000 x28=0x00000000
     307055.000 ns	     30704	80006cb0	009a3f33	sltu	x30,x20,x9	 x20:0x00000000  x9:0x80041024 x30=0x00000001
     307065.000 ns	     30705	80006cb4	83d702b7	lui	x5,0x83d70	  x5=0x83d70000
     307075.000 ns	     30706	80006cb8	01ef5313	srli	x6,x30,0x1e	 x30:0x00000010  x6=0x00000000
     307095.000 ns	     30708	80006cbc	287d91d3	fmax.s	f3,f27,f7	 f27:0x7fc00000  f7:0xcde00000  f3=0xcde00000
     307115.000 ns	     30710	80006cc0	2a683713	sltiu	x14,x16,678	 x16:0x00000000 x14=0x00000001
     307135.000 ns	     30712	80006cc4	21a41453	fsgnjn.s	f8,f8,f26	  f8:0x1f350644 f26:0x00000000  f8=0x9f350644
     307165.000 ns	     30715	80006cc8	e0078453	fmv.x.w	x8,f15	 f15:0x4efff2fd  x8=0x4efff2fd
     307195.000 ns	     30718	80006ccc	297382d3	fmin.s	f5,f7,f23	  f7:0xcde00000 f23:0xa42c8c70  f5=0xcde00000
     307215.000 ns	     30720	80006cd0	41bbd833	sra	x16,x23,x27	 x23:0x00000080 x27:0x00000000 x16=0x00000080
     307545.000 ns	     30753	80006cd4	19788a53	fdiv.s	f20,f17,f23	 f17:0xe2f39918 f23:0xa42c8c70 f20=0x7e2bf39a
     307575.000 ns	     30756	80006cd8	c0098453	fcvt.w.s	x8,f19	 f19:0x80000000  x8=0x00000000
     307605.000 ns	     30759	80006cdc	a14d19d3	flt.s	x19,f26,f20	 f26:0x00000000 f20:0x7e2bf39a x19=0x00000001
     307625.000 ns	     30761	80006ce0	012c0fb3	add	x31,x24,x18	 x24:0x80040fe4 x18:0x00000001 x31=0x80040fe5
     307635.000 ns	     30762	80006ce4	00c81233	sll	x4,x16,x12	 x16:0x00000080 x12:0x00000000  x4=0x00000080
     307645.000 ns	     30763	80006ce8	006f5e13	srli	x28,x30,0x6	 x30:0x00000001 x28=0x00000000
     307665.000 ns	     30765	80006cec	d005ac53	fcvt.s.w	f24,x11	 x11:0x00000000 f24=0x00000000
     307685.000 ns	     30767	80006cf0	8f78e993	ori	x19,x17,-1801	 x17:0x00000267 x19=0xfffffaf7
     307695.000 ns	     30768	80006cf4	016612b3	sll	x5,x12,x22	 x12:0x00000000 x22:0x11063000  x5=0x00000000
     307705.000 ns	     30769	80006cf8	41355033	sra	x0,x10,x19	 x10:0xffffffff x19:0x00000001
     307725.000 ns	     30771	80006cfc	02f19433	mulh	x8,x3,x15	  x3:0x00000000 x15:0x00000000  x8=0x00000000
     307745.000 ns	     30773	80006d00	016bffb3	and	x31,x23,x22	 x23:0x00000080 x22:0x11063000 x31=0x00000000
     307785.000 ns	     30777	80006d04	08e7f0d3	fsub.s	f1,f15,f14	 f15:0x4efff2fd f14:0x80041024  f1=0x4efff2fd
     307815.000 ns	     30780	80006d08	d017b753	fcvt.s.wu	f14,x15	 x15:0x00000000 f14=0x00000000
     307835.000 ns	     30782	80006d0c	01669b13	slli	x22,x13,0x16	 x13:0x00000000 x22=0x00000000
     307855.000 ns	     30784	80006d10	c01c7453	fcvt.wu.s	x8,f24	 f24:0x00000000  x8=0x00000000
     307875.000 ns	     30786	80006d14	016870b3	and	x1,x16,x22	 x16:0x00000080 x22:0x11063000  x1=0x00000000
     307895.000 ns	     30788	80006d18	03942ab3	mulhsu	x21,x8,x25	  x8:0x00000000 x25:0x00000000 x21=0x00000000
     307935.000 ns	     30792	80006d1c	1050f553	fmul.s	f10,f1,f5	  f1:0x4efff2fd  f5:0xcde00000 f10=0xdd5ff49d
     307955.000 ns	     30794	80006d20	002965b3	or	x11,x18,x2	 x18:0x00000001  x2:0x80041000 x11=0x80041001
     307965.000 ns	     30795	80006d24	5807ea37	lui	x20,0x5807e	 x20=0x5807e000
     307985.000 ns	     30797	80006d28	c01dffd3	fcvt.wu.s	x31,f27	 f27:0x7fc00000 x31=0xffffffff
     308005.000 ns	     30799	80006d2c	012d99b3	sll	x19,x27,x18	 x27:0x00000000 x18:0x00000001 x19=0x00000000
     308015.000 ns	     30800	80006d30	013353b3	srl	x7,x6,x19	  x6:0x00000000 x19:0xfffffaf7  x7=0x00000000
     308375.000 ns	     30836	80006d34	024bddb3	divu	x27,x23,x4	 x23:0x00000080  x4:0x00000080 x27=0x00000001
     308395.000 ns	     30838	80006d38	bf9d7bb7	lui	x23,0xbf9d7	 x23=0xbf9d7000
     308405.000 ns	     30839	80006d3c	b30bee97	auipc	x29,0xb30be	 x29=0x330c4d3c
     308765.000 ns	     30875	80006d40	0318dab3	divu	x21,x17,x17	 x17:0x00000267 x17:0x00000267 x21=0x00000001
     308795.000 ns	     30878	80006d44	202b84d3	fsgnj.s	f9,f23,f2	 f23:0xa42c8c70  f2:0x7fc00000  f9=0x242c8c70
     308825.000 ns	     30881	80006d48	28829c53	fmax.s	f24,f5,f8	  f5:0xcde00000  f8:0x9f350644 f24=0x9f350644
     308845.000 ns	     30883	80006d4c	0a2def93	ori	x31,x27,162	 x27:0x00000001 x31=0x000000a3
     308855.000 ns	     30884	80006d50	010b1333	sll	x6,x22,x16	 x22:0x00000000 x16:0x00000080  x6=0x00000000
     308865.000 ns	     30885	80006d54	c710cf93	xori	x31,x1,-911	  x1:0x00000000 x31=0xfffffc71
     308875.000 ns	     30886	80006d58	418fdab3	sra	x21,x31,x24	 x31:0x000000a3 x24:0x80040fe4 x21=0xffffffc7
     308905.000 ns	     30889	80006d5c	10e87b53	fmul.s	f22,f16,f14	 f16:0x00000000 f14:0x00000000 f22=0x00000000
     308925.000 ns	     30891	80006d60	01b47d33	and	x26,x8,x27	  x8:0x00000000 x27:0x00000001 x26=0x00000000
     308935.000 ns	     30892	80006d64	57220117	auipc	x2,0x57220	  x2=0xd7226d64
     308955.000 ns	     30894	80006d68	a1289353	flt.s	x6,f17,f18	 f17:0xe2f39918 f18:0xee757715  x6=0x00000000
     308985.000 ns	     30897	80006d6c	032b0733	mul	x14,x22,x18	 x22:0x00000000 x18:0x00000001 x14=0x00000000
     309015.000 ns	     30900	80006d70	f00c0753	fmv.w.x	f14,x24	 x24:0x80040fe4 f14=0x80040fe4
     309035.000 ns	     30902	80006d74	00739f33	sll	x30,x7,x7	  x7:0x00000000  x7:0x00000000 x30=0x00000000
     309055.000 ns	     30904	80006d78	e00b08d3	fmv.x.w	x17,f22	 f22:0x00000000 x17=0x00000000
     309085.000 ns	     30907	80006d7c	029c1f33	mulh	x30,x24,x9	 x24:0x80040fe4  x9:0x80041024 x30=0x3ffbf00c
     309115.000 ns	     30910	80006d80	03791db3	mulh	x27,x18,x23	 x18:0x00000001 x23:0xbf9d7000 x27=0xffffffff
     309135.000 ns	     30912	80006d84	00227a33	and	x20,x4,x2	  x4:0x00000080  x2:0xd7226d64 x20=0x00000000
     309155.000 ns	     30914	80006d88	d0057c53	fcvt.s.w	f24,x10	 x10:0xffffffff f24=0xbf800000
     309185.000 ns	     30917	80006d8c	208a98d3	fsgnjn.s	f17,f21,f8	 f21:0x62f39918  f8:0x9f350644 f17=0x62f39918
     309205.000 ns	     30919	80006d90	df440a13	addi	x20,x8,-524	  x8:0x00000000 x20=0xfffffdf4
     309245.000 ns	     30923	80006d94	0840f953	fsub.s	f18,f1,f4	  f1:0x4efff2fd  f4:0xe283ad62 f18=0x6283ad62
     309275.000 ns	     30926	80006d98	0257ef33	rem	x30,x15,x5	 x15:0x00000000  x5:0x00000000 x30=0x00000000
     309305.000 ns	     30929	80006d9c	02d8c133	div	x2,x17,x13	 x17:0x00000000 x13:0x00000000  x2=0xffffffff
     309325.000 ns	     30931	80006da0	0184a2b3	slt	x5,x9,x24	  x9:0x80041024 x24:0x80040fe4  x5=0x00000000
     309345.000 ns	     30933	80006da4	29fd0c53	fmin.s	f24,f26,f31	 f26:0x00000000 f31:0xbf800000 f24=0xbf800000
     309375.000 ns	     30936	80006da8	219383d3	fsgnj.s	f7,f7,f25	  f7:0xcde00000 f25:0xdefaad60  f7=0xcde00000
     309405.000 ns	     30939	80006dac	a1a12053	feq.s	x0,f2,f26	  f2:0x7fc00000 f26:0x00000000
     309455.000 ns	     30944	80006db0	09ad3453	fsub.s	f8,f26,f26	 f26:0x00000000 f26:0x00000000  f8=0x80000000
     309475.000 ns	     30946	80006db4	8027c093	xori	x1,x15,-2046	 x15:0x00000000  x1=0xfffff802
     309495.000 ns	     30948	80006db8	039a85b3	mul	x11,x21,x25	 x21:0xffffffc7 x25:0x00000000 x11=0x00000000
     309525.000 ns	     30951	80006dbc	a14e9853	flt.s	x16,f29,f20	 f29:0x00000000 f20:0x7e2bf39a x16=0x00000001
     309555.000 ns	     30954	80006dc0	29ce1fd3	fmax.s	f31,f28,f28	 f28:0xa42c8c70 f28:0xa42c8c70 f31=0xa42c8c70
     309575.000 ns	     30956	80006dc4	40a650b3	sra	x1,x12,x10	 x12:0x00000000 x10:0xffffffff  x1=0x00000000
     309615.000 ns	     30960	80006dc8	0023f7d3	fadd.s	f15,f7,f2	  f7:0xcde00000  f2:0x7fc00000 f15=0x7fc00000
     309645.000 ns	     30963	80006dcc	e00a0053	fmv.x.w	x0,f20	 f20:0x7e2bf39a
     309675.000 ns	     30966	80006dd0	c018a353	fcvt.wu.s	x6,f17	 f17:0x62f39918  x6=0xffffffff
     309695.000 ns	     30968	80006dd4	012ff233	and	x4,x31,x18	 x31:0xfffffc71 x18:0x00000001  x4=0x00000001
     309705.000 ns	     30969	80006dd8	00000013	addi	x0,x0,0	  x0:0x00000000
     309735.000 ns	     30972	80006ddc	188179d3	fdiv.s	f19,f2,f8	  f2:0x7fc00000  f8:0x80000000 f19=0x7fc00000
     309755.000 ns	     30974	80006de0	0eba4713	xori	x14,x20,235	 x20:0xfffffdf4 x14=0xfffffd1f
     309765.000 ns	     30975	80006de4	00321813	slli	x16,x4,0x3	  x4:0x00000001 x16=0x00000008
     309775.000 ns	     30976	80006de8	0101cdb3	xor	x27,x3,x16	  x3:0x00000000 x16:0x00000001 x27=0x00000008
     309795.000 ns	     30978	80006dec	a1a19ed3	flt.s	x29,f3,f26	  f3:0xcde00000 f26:0x00000000 x29=0x00000001
     309825.000 ns	     30981	80006df0	d01fa2d3	fcvt.s.wu	f5,x31	 x31:0xfffffc71  f5=0x4f7ffffd
     309855.000 ns	     30984	80006df4	29080c53	fmin.s	f24,f16,f16	 f16:0x00000000 f16:0x00000000 f24=0x00000000
     310225.000 ns	     31021	80006df8	0221ceb3	div	x29,x3,x2	  x3:0x00000000  x2:0xffffffff x29=0x00000000
     310275.000 ns	     31026	80006dfc	00bf7b53	fadd.s	f22,f30,f11	 f30:0x7f800000 f11:0xa42c8c70 f22=0x7f800000
     310305.000 ns	     31029	80006e00	03773533	mulhu	x10,x14,x23	 x14:0xfffffd1f x23:0xbf9d7000 x10=0xbf9d6dd8
     310335.000 ns	     31032	80006e04	d007f153	fcvt.s.w	f2,x15	 x15:0x00000000  f2=0x00000000
     310355.000 ns	     31034	80006e08	4073d813	srai	x16,x7,0x7	  x7:0x00000000 x16=0x00000000
     310375.000 ns	     31036	80006e0c	a0b40353	fle.s	x6,f8,f11	  f8:0x80000000 f11:0xa42c8c70  x6=0x00000000
     310395.000 ns	     31038	80006e10	00062033	slt	x0,x12,x0	 x12:0x00000000  x0:0x00000000
     310405.000 ns	     31039	80006e14	0009db13	srli	x22,x19,0x0	 x19:0x00000000 x22=0x00000000
     310425.000 ns	     31041	80006e18	f00e8753	fmv.w.x	f14,x29	 x29:0x00000000 f14=0x00000000
     310445.000 ns	     31043	80006e1c	841a0413	addi	x8,x20,-1983	 x20:0xfffffdf4  x8=0xfffff635
     310465.000 ns	     31045	80006e20	031b1a33	mulh	x20,x22,x17	 x22:0x00000000 x17:0x00000000 x20=0x00000000
     310495.000 ns	     31048	80006e24	20a7a953	fsgnjx.s	f18,f15,f10	 f15:0x7fc00000 f10:0xdd5ff49d f18=0xffc00000
     310515.000 ns	     31050	80006e28	012c69b3	or	x19,x24,x18	 x24:0x80040fe4 x18:0x00000001 x19=0x80040fe5
     310535.000 ns	     31052	80006e2c	c016bad3	fcvt.wu.s	x21,f13	 f13:0x00000000 x21=0x00000000
     310555.000 ns	     31054	80006e30	40350b33	sub	x22,x10,x3	 x10:0xbf9d6dd8  x3:0x00000000 x22=0xbf9d6dd8
     310575.000 ns	     31056	80006e34	28379ad3	fmax.s	f21,f15,f3	 f15:0x7fc00000  f3:0xcde00000 f21=0xcde00000
     310595.000 ns	     31058	80006e38	00622a33	slt	x20,x4,x6	  x4:0x00000001  x6:0x00000000 x20=0x00000000
     310605.000 ns	     31059	80006e3c	002302b3	add	x5,x6,x2	  x6:0x00000000  x2:0xffffffff  x5=0xffffffff
     310615.000 ns	     31060	80006e40	d4ba4313	xori	x6,x20,-693	 x20:0x00000000  x6=0xfffffd4b
     310625.000 ns	     31061	80006e44	4079d7b3	sra	x15,x19,x7	 x19:0x80040fe5  x7:0x00000000 x15=0x80040fe5
     310635.000 ns	     31062	80006e48	008ae1b3	or	x3,x21,x8	 x21:0x00000000  x8:0xfffff635  x3=0xfffff635
     310655.000 ns	     31064	80006e4c	034362b3	rem	x5,x6,x20	  x6:0xfffffd4b x20:0x00000000  x5=0xfffffd4b
     310685.000 ns	     31067	80006e50	02bd26b3	mulhsu	x13,x26,x11	 x26:0x00000000 x11:0x00000000 x13=0x00000000
     310715.000 ns	     31070	80006e54	a1ba13d3	flt.s	x7,f20,f27	 f20:0x7e2bf39a f27:0x7fc00000  x7=0x00000000
     310745.000 ns	     31073	80006e58	a12e8653	fle.s	x12,f29,f18	 f29:0x00000000 f18:0xffc00000 x12=0x00000000
     310765.000 ns	     31075	80006e5c	4065f013	andi	x0,x11,1030	 x11:0x00000000
     310775.000 ns	     31076	80006e60	41a2da13	srai	x20,x5,0x1a	  x5:0xfffffd4b x20=0xffffffff
     310795.000 ns	     31078	80006e64	a0b820d3	feq.s	x1,f16,f11	 f16:0x00000000 f11:0xa42c8c70  x1=0x00000000
     310815.000 ns	     31080	80006e68	00659993	slli	x19,x11,0x6	 x11:0x00000000 x19=0x00000000
     310835.000 ns	     31082	80006e6c	c00076d3	fcvt.w.s	x13,f0	  f0:0x4efff2fd x13=0x7ff97e80
     310865.000 ns	     31085	80006e70	03d39eb3	mulh	x29,x7,x29	  x7:0x00000000 x29:0x00000000 x29=0x00000000
     310885.000 ns	     31087	80006e74	132c6e13	ori	x28,x24,306	 x24:0x80040fe4 x28=0x80040ff6
     310895.000 ns	     31088	80006e78	00cc80b3	add	x1,x25,x12	 x25:0x00000000 x12:0x00000000  x1=0x00000000
     310915.000 ns	     31090	80006e7c	03e6c733	div	x14,x13,x30	 x13:0x7ff97e80 x30:0x00000000 x14=0xffffffff
     310945.000 ns	     31093	80006e80	c00a03d3	fcvt.w.s	x7,f20	 f20:0x7e2bf39a  x7=0x7fffffff
     310975.000 ns	     31096	80006e84	2054a853	fsgnjx.s	f16,f9,f5	  f9:0x242c8c70  f5:0x4f7ffffd f16=0x242c8c70
     311005.000 ns	     31099	80006e88	e00081d3	fmv.x.w	x3,f1	  f1:0x4efff2fd  x3=0x4efff2fd
     311035.000 ns	     31102	80006e8c	021545b3	div	x11,x10,x1	 x10:0xbf9d6dd8  x1:0x00000000 x11=0xffffffff
     311055.000 ns	     31104	80006e90	41e90a33	sub	x20,x18,x30	 x18:0x00000001 x30:0x00000000 x20=0x00000001
     311065.000 ns	     31105	80006e94	133b8513	addi	x10,x23,307	 x23:0xbf9d7000 x10=0xbf9d7133
     311075.000 ns	     31106	80006e98	0190e5b3	or	x11,x1,x25	  x1:0x00000000 x25:0x00000000 x11=0x00000000
     311095.000 ns	     31108	80006e9c	21ba9153	fsgnjn.s	f2,f21,f27	 f21:0xcde00000 f27:0x7fc00000  f2=0xcde00000
     311115.000 ns	     31110	80006ea0	1000b997	auipc	x19,0x1000b	 x19=0x90011ea0
     311125.000 ns	     31111	80006ea4	007c69b3	or	x19,x24,x7	 x24:0x80040fe4  x7:0x7fffffff x19=0xffffffff
     311135.000 ns	     31112	80006ea8	01715bb3	srl	x23,x2,x23	  x2:0xffffffff x23:0xbf9d7000 x23=0xffffffff
     311145.000 ns	     31113	80006eac	5692b793	sltiu	x15,x5,1385	  x5:0xfffffd4b x15=0x00000000
     311165.000 ns	     31115	80006eb0	204a15d3	fsgnjn.s	f11,f20,f4	 f20:0x7e2bf39a  f4:0xe283ad62 f11=0x7e2bf39a
     311195.000 ns	     31118	80006eb4	036e1433	mulh	x8,x28,x22	 x28:0x80040ff6 x22:0xbf9d6dd8  x8=0x20304386
     311215.000 ns	     31120	80006eb8	41e582b3	sub	x5,x11,x30	 x11:0x00000000 x30:0x00000000  x5=0x00000000
     311225.000 ns	     31121	80006ebc	00d66d33	or	x26,x12,x13	 x12:0x00000000 x13:0x7ff97e80 x26=0x7ff97e80
     311235.000 ns	     31122	80006ec0	4195d933	sra	x18,x11,x25	 x11:0x00000000 x25:0x00000000 x18=0x00000000
     311245.000 ns	     31123	80006ec4	0143f6b3	and	x13,x7,x20	  x7:0x7fffffff x20:0x00000001 x13=0x00000001
     311265.000 ns	     31125	80006ec8	c0118e53	fcvt.wu.s	x28,f3	  f3:0xcde00000 x28=0x1c000000
     311295.000 ns	     31128	80006ecc	02bc9eb3	mulh	x29,x25,x11	 x25:0x00000000 x11:0x00000000 x29=0x00000000
     311315.000 ns	     31130	80006ed0	00aa37b3	sltu	x15,x20,x10	 x20:0x00000001 x10:0xbf9d7133 x15=0x00000001
     311325.000 ns	     31131	80006ed4	00dbd213	srli	x4,x23,0xd	 x23:0xffffffff  x4=0x0007ffff
     311345.000 ns	     31133	80006ed8	e0000853	fmv.x.w	x16,f0	  f0:0x4efff2fd x16=0x4efff2fd
     311715.000 ns	     31170	80006edc	0270e933	rem	x18,x1,x7	  x1:0x00000000  x7:0x7fffffff x18=0x00000000
     311745.000 ns	     31173	80006ee0	03a49ab3	mulh	x21,x9,x26	  x9:0x80041024 x26:0x7ff97e80 x21=0xc00548b7
     311775.000 ns	     31176	80006ee4	c00cfbd3	fcvt.w.s	x23,f25	 f25:0xdefaad60 x23=0x80000000
     312145.000 ns	     31213	80006ee8	038f6633	rem	x12,x30,x24	 x30:0x00000000 x24:0x80040fe4 x12=0x00000000
     312165.000 ns	     31215	80006eec	41865233	sra	x4,x12,x24	 x12:0x00000000 x24:0x80040fe4  x4=0x00000000
     312175.000 ns	     31216	80006ef0	01007433	and	x8,x0,x16	  x0:0x00000000 x16:0x4efff2fd  x8=0x00000000
     312195.000 ns	     31218	80006ef4	c012f8d3	fcvt.wu.s	x17,f5	  f5:0x4f7ffffd x17=0xfffffd00
     312215.000 ns	     31220	80006ef8	012c3933	sltu	x18,x24,x18	 x24:0x80040fe4 x18:0x00000000 x18=0x00000000
     312225.000 ns	     31221	80006efc	008c1f93	slli	x31,x24,0x8	 x24:0x80040fe4 x31=0x040fe400
     312235.000 ns	     31222	80006f00	00b44533	xor	x10,x8,x11	  x8:0x00000000 x11:0x00000000 x10=0x00000000
     312565.000 ns	     31255	80006f04	18a67053	fdiv.s	f0,f12,f10	 f12:0xe2f39918 f10:0xdd5ff49d  f0=0x44f39918
     312585.000 ns	     31257	80006f08	00000013	addi	x0,x0,0	  x0:0x00000000
     312595.000 ns	     31258	80006f0c	01989e93	slli	x29,x17,0x19	 x17:0xfffffd00 x29=0x00000000
     312615.000 ns	     31260	80006f10	203da753	fsgnjx.s	f14,f27,f3	 f27:0x7fc00000  f3:0xcde00000 f14=0xffc00000
     312635.000 ns	     31262	80006f14	3b243213	sltiu	x4,x8,946	  x8:0x00000000  x4=0x00000001
     312655.000 ns	     31264	80006f18	a01b2f53	feq.s	x30,f22,f1	 f22:0x7f800000  f1:0x4efff2fd x30=0x00000000
     312675.000 ns	     31266	80006f1c	405789b3	sub	x19,x15,x5	 x15:0x00000001  x5:0x00000000 x19=0x00000001
     312695.000 ns	     31268	80006f20	f00089d3	fmv.w.x	f19,x1	  x1:0x00000000 f19=0x00000000
     312715.000 ns	     31270	80006f24	41638533	sub	x10,x7,x22	  x7:0x7fffffff x22:0xbf9d6dd8 x10=0xc0629227
     312735.000 ns	     31272	80006f28	a0c781d3	fle.s	x3,f15,f12	 f15:0x7fc00000 f12:0xe2f39918  x3=0x00000000
     312755.000 ns	     31274	80006f2c	00add0b3	srl	x1,x27,x10	 x27:0x00000008 x10:0x00000000  x1=0x00000000
     312765.000 ns	     31275	80006f30	c67cb513	sltiu	x10,x25,-921	 x25:0x00000000 x10=0x00000001
     312795.000 ns	     31278	80006f34	111028d3	fmul.s	f17,f0,f17	  f0:0x44f39918 f17:0x62f39918 f17=0x6867cbff
     312825.000 ns	     31281	80006f38	03ca2833	mulhsu	x16,x20,x28	 x20:0x00000001 x28:0x1c000000 x16=0x00000000
     312845.000 ns	     31283	80006f3c	00000013	addi	x0,x0,0	  x0:0x00000000
     312855.000 ns	     31284	80006f40	7e443b93	sltiu	x23,x8,2020	  x8:0x00000000 x23=0x00000001
     312875.000 ns	     31286	80006f44	218bad53	fsgnjx.s	f26,f23,f24	 f23:0xa42c8c70 f24:0x00000000 f26=0xa42c8c70
     312895.000 ns	     31288	80006f48	40455393	srai	x7,x10,0x4	 x10:0x00000001  x7=0x00000000
     312905.000 ns	     31289	80006f4c	123f2413	slti	x8,x30,291	 x30:0x00000000  x8=0x00000001
     312925.000 ns	     31291	80006f50	295613d3	fmax.s	f7,f12,f21	 f12:0xe2f39918 f21:0xcde00000  f7=0xcde00000
     312955.000 ns	     31294	80006f54	03dbca33	div	x20,x23,x29	 x23:0x00000001 x29:0x00000000 x20=0xffffffff
     312985.000 ns	     31297	80006f58	025736b3	mulhu	x13,x14,x5	 x14:0xffffffff  x5:0x00000000 x13=0x00000000
     313005.000 ns	     31299	80006f5c	00085913	srli	x18,x16,0x0	 x16:0x00000000 x18=0x00000000
     313025.000 ns	     31301	80006f60	a1f9af53	feq.s	x30,f19,f31	 f19:0x00000000 f31:0xa42c8c70 x30=0x00000000
     313055.000 ns	     31304	80006f64	21f71cd3	fsgnjn.s	f25,f14,f31	 f14:0xffc00000 f31:0xa42c8c70 f25=0x7fc00000
     313085.000 ns	     31307	80006f68	294b0cd3	fmin.s	f25,f22,f20	 f22:0x7f800000 f20:0x7e2bf39a f25=0x7e2bf39a
     313105.000 ns	     31309	80006f6c	dc6d2617	auipc	x12,0xdc6d2	 x12=0x5c6d8f6c
     313115.000 ns	     31310	80006f70	13e2a737	lui	x14,0x13e2a	 x14=0x13e2a000
     313135.000 ns	     31312	80006f74	280f9dd3	fmax.s	f27,f31,f0	 f31:0xa42c8c70  f0:0x44f39918 f27=0x44f39918
     313155.000 ns	     31314	80006f78	4079d613	srai	x12,x19,0x7	 x19:0x00000001 x12=0x00000000
     313165.000 ns	     31315	80006f7c	d582f113	andi	x2,x5,-680	  x5:0x00000000  x2=0x00000000
     313175.000 ns	     31316	80006f80	fc553f93	sltiu	x31,x10,-59	 x10:0x00000001 x31=0x00000001
     313535.000 ns	     31352	80006f84	0333dbb3	divu	x23,x7,x19	  x7:0x00000000 x19:0x00000001 x23=0x00000000
     313555.000 ns	     31354	80006f88	41180533	sub	x10,x16,x17	 x16:0x00000000 x17:0xfffffd00 x10=0x00000300
     313575.000 ns	     31356	80006f8c	c0131a53	fcvt.wu.s	x20,f6	  f6:0x00000000 x20=0x00000000
     313595.000 ns	     31358	80006f90	008b66b3	or	x13,x22,x8	 x22:0xbf9d6dd8  x8:0x00000001 x13=0xbf9d6dd9
     314765.000 ns	     31475	80006f94	5805ad53	fsqrt.s	f26,f11	 f11:0x7e2bf39a f26=0x5e732cbe
     314785.000 ns	     31477	80006f98	01dee2b3	or	x5,x29,x29	 x29:0x00000000 x29:0x00000000  x5=0x00000000
     314795.000 ns	     31478	80006f9c	4026d793	srai	x15,x13,0x2	 x13:0xbf9d6dd9 x15=0xefe75b76
     314805.000 ns	     31479	80006fa0	757f7a93	andi	x21,x30,1879	 x30:0x00000000 x21=0x00000000
     314815.000 ns	     31480	80006fa4	013580b3	add	x1,x11,x19	 x11:0x00000000 x19:0x00000001  x1=0x00000001
     314835.000 ns	     31482	80006fa8	28400a53	fmin.s	f20,f0,f4	  f0:0x44f39918  f4:0xe283ad62 f20=0xe283ad62
     314855.000 ns	     31484	80006fac	40c9da93	srai	x21,x19,0xc	 x19:0x00000001 x21=0x00000000
     314875.000 ns	     31486	80006fb0	03e486b3	mul	x13,x9,x30	  x9:0x80041024 x30:0x00000000 x13=0x00000000
     314905.000 ns	     31489	80006fb4	020a7033	remu	x0,x20,x0	 x20:0x00000000  x0:0x00000000
     314935.000 ns	     31492	80006fb8	e00b9e53	fclass.s	x28,f23	 f23:0xa42c8c70 x28=0x00000002
     314965.000 ns	     31495	80006fbc	21332ad3	fsgnjx.s	f21,f6,f19	  f6:0x00000000 f19:0x00000000 f21=0x00000000
     314985.000 ns	     31497	80006fc0	013ec7b3	xor	x15,x29,x19	 x29:0x00000000 x19:0x00000001 x15=0x00000001
     315005.000 ns	     31499	80006fc4	e0069253	fclass.s	x4,f13	 f13:0x00000000  x4=0x00000010
     315025.000 ns	     31501	80006fc8	e24dc713	xori	x14,x27,-476	 x27:0x00000008 x14=0xfffffe2c
     315035.000 ns	     31502	80006fcc	1ed4c593	xori	x11,x9,493	  x9:0x80041024 x11=0x800411c9
     315045.000 ns	     31503	80006fd0	008e5db3	srl	x27,x28,x8	 x28:0x00000002  x8:0x00000001 x27=0x00000001
     315065.000 ns	     31505	80006fd4	02542eb3	mulhsu	x29,x8,x5	  x8:0x00000001  x5:0x00000000 x29=0x00000000
     315085.000 ns	     31507	80006fd8	0116a8b3	slt	x17,x13,x17	 x13:0x00000000 x17:0xfffffd00 x17=0x00000000
     315105.000 ns	     31509	80006fdc	03f28a33	mul	x20,x5,x31	  x5:0x00000000 x31:0x00000001 x20=0x00000000
     315125.000 ns	     31511	80006fe0	01417f33	and	x30,x2,x20	  x2:0x00000000 x20:0x00000000 x30=0x00000000
     315145.000 ns	     31513	80006fe4	0223d033	divu	x0,x7,x2	  x7:0x00000000  x2:0x00000000
     315175.000 ns	     31516	80006fe8	02cb0eb3	mul	x29,x22,x12	 x22:0xbf9d6dd8 x12:0x00000000 x29=0x00000000
     315205.000 ns	     31519	80006fec	028196b3	mulh	x13,x3,x8	  x3:0x00000000  x8:0x00000001 x13=0x00000000
     315235.000 ns	     31522	80006ff0	02e209b3	mul	x19,x4,x14	  x4:0x00000010 x14:0xfffffe2c x19=0xffffe2c0
     315255.000 ns	     31524	80006ff4	09ebd897	auipc	x17,0x9ebd	 x17=0x89ec3ff4
     315615.000 ns	     31560	80006ff8	033c4333	div	x6,x24,x19	 x24:0x80040fe4 x19:0xffffe2c0  x6=0x00046022
     315645.000 ns	     31563	80006ffc	023ac833	div	x16,x21,x3	 x21:0x00000000  x3:0x00000000 x16=0xffffffff
     315665.000 ns	     31565	80007000	00a0e633	or	x12,x1,x10	  x1:0x00000001 x10:0x00000300 x12=0x00000301
     315675.000 ns	     31566	80007004	01b4bfb3	sltu	x31,x9,x27	  x9:0x80041024 x27:0x00000001 x31=0x00000000
     315695.000 ns	     31568	80007008	21101fd3	fsgnjn.s	f31,f0,f17	  f0:0x44f39918 f17:0x6867cbff f31=0xc4f39918
     315715.000 ns	     31570	8000700c	00c89613	slli	x12,x17,0xc	 x17:0x89ec3ff4 x12=0xc3ff4000
     315725.000 ns	     31571	80007010	007745b3	xor	x11,x14,x7	 x14:0xfffffe2c  x7:0x00000000 x11=0xfffffe2c
     315745.000 ns	     31573	80007014	0208c5b3	div	x11,x17,x0	 x17:0x89ec3ff4  x0:0x00000000 x11=0xffffffff
     315775.000 ns	     31576	80007018	e0000fd3	fmv.x.w	x31,f0	  f0:0x44f39918 x31=0x44f39918
     315795.000 ns	     31578	8000701c	0176a7b3	slt	x15,x13,x23	 x13:0x00000000 x23:0x00000000 x15=0x00000000
     315815.000 ns	     31580	80007020	d0083753	fcvt.s.w	f14,x16	 x16:0xffffffff f14=0xbf800000
     315845.000 ns	     31583	80007024	f00403d3	fmv.w.x	f7,x8	  x8:0x00000001  f7=0x00000001
     315865.000 ns	     31585	80007028	00785e93	srli	x29,x16,0x7	 x16:0xffffffff x29=0x01ffffff
     315885.000 ns	     31587	8000702c	c005a753	fcvt.w.s	x14,f11	 f11:0x7e2bf39a x14=0x7fffffff
     315905.000 ns	     31589	80007030	58bc3793	sltiu	x15,x24,1419	 x24:0x80040fe4 x15=0x00000000
     315925.000 ns	     31591	80007034	e0070653	fmv.x.w	x12,f14	 f14:0xbf800000 x12=0xbf800000
     315945.000 ns	     31593	80007038	93cbbf17	auipc	x30,0x93cbb	 x30=0x13cc2038
     316275.000 ns	     31626	8000703c	19f88bd3	fdiv.s	f23,f17,f31	 f17:0x6867cbff f31:0xc4f39918 f23=0xe300dfbb
     316295.000 ns	     31628	80007040	01cf36b3	sltu	x13,x30,x28	 x30:0x00000000 x28:0x00000002 x13=0x00000000
     316305.000 ns	     31629	80007044	41a15d33	sra	x26,x2,x26	  x2:0x00000000 x26:0x7ff97e80 x26=0x00000000
     316325.000 ns	     31631	80007048	21240ad3	fsgnj.s	f21,f8,f18	  f8:0x80000000 f18:0xffc00000 f21=0x80000000
     316345.000 ns	     31633	8000704c	61aae613	ori	x12,x21,1562	 x21:0x00000000 x12=0x0000061a
     316365.000 ns	     31635	80007050	296a0953	fmin.s	f18,f20,f22	 f20:0xe283ad62 f22:0x7f800000 f18=0xe283ad62
     316385.000 ns	     31637	80007054	0088e633	or	x12,x17,x8	 x17:0x89ec3ff4  x8:0x00000001 x12=0x89ec3ff5
     316405.000 ns	     31639	80007058	21db1453	fsgnjn.s	f8,f22,f29	 f22:0x7f800000 f29:0x00000000  f8=0xff800000
     316425.000 ns	     31641	8000705c	01442233	slt	x4,x8,x20	  x8:0x00000001 x20:0x00000000  x4=0x00000000
     316445.000 ns	     31643	80007060	201a88d3	fsgnj.s	f17,f21,f1	 f21:0x80000000  f1:0x4efff2fd f17=0x00000000
     316475.000 ns	     31646	80007064	02e706b3	mul	x13,x14,x14	 x14:0x7fffffff x14:0x7fffffff x13=0x00000001
     316495.000 ns	     31648	80007068	a32cf293	andi	x5,x25,-1486	 x25:0x00000000  x5=0x00000000
     316505.000 ns	     31649	8000706c	00000013	addi	x0,x0,0	  x0:0x00000000
     316515.000 ns	     31650	80007070	017591b3	sll	x3,x11,x23	 x11:0xffffffff x23:0x00000000  x3=0xffffffff
     316525.000 ns	     31651	80007074	54a5fd93	andi	x27,x11,1354	 x11:0xffffffff x27=0x0000054a
     316535.000 ns	     31652	80007078	01b01a13	slli	x20,x0,0x1b	  x0:0x00000000 x20=0x00000000
     316545.000 ns	     31653	8000707c	00db38b3	sltu	x17,x22,x13	 x22:0xbf9d6dd8 x13:0x00000001 x17=0x00000000
     316575.000 ns	     31656	80007080	11e3f8d3	fmul.s	f17,f7,f30	  f7:0x00000001 f30:0x7f800000 f17=0x7f800000
     316595.000 ns	     31658	80007084	00bcd433	srl	x8,x25,x11	 x25:0x00000000 x11:0xffffffff  x8=0x00000000
     316615.000 ns	     31660	80007088	03d71633	mulh	x12,x14,x29	 x14:0x7fffffff x29:0x01ffffff x12=0x00ffffff
     316985.000 ns	     31697	8000708c	02ddfa33	remu	x20,x27,x13	 x27:0x0000054a x13:0x00000001 x20=0x00000000
     317015.000 ns	     31700	80007090	a1f081d3	fle.s	x3,f1,f31	  f1:0x4efff2fd f31:0xc4f39918  x3=0x00000000
     317045.000 ns	     31703	80007094	d0187953	fcvt.s.wu	f18,x16	 x16:0xffffffff f18=0x4f7fffff
     317065.000 ns	     31705	80007098	013f6633	or	x12,x30,x19	 x30:0x13cc2038 x19:0xffffe2c0 x12=0xffffe2f8
     317085.000 ns	     31707	8000709c	21d283d3	fsgnj.s	f7,f5,f29	  f5:0x4f7ffffd f29:0x00000000  f7=0x4f7ffffd
     317105.000 ns	     31709	800070a0	33945417	auipc	x8,0x33945	  x8=0xb394c0a0
     317115.000 ns	     31710	800070a4	00000013	addi	x0,x0,0	  x0:0x00000000
     317135.000 ns	     31712	800070a8	037913b3	mulh	x7,x18,x23	 x18:0x00000000 x23:0x00000000  x7=0x00000000
     317165.000 ns	     31715	800070ac	d005cf53	fcvt.s.w	f30,x11	 x11:0xffffffff f30=0xbf800000
     317185.000 ns	     31717	800070b0	8ad10213	addi	x4,x2,-1875	  x2:0x00000000  x4=0xfffff8ad
     317195.000 ns	     31718	800070b4	ed7ac713	xori	x14,x21,-297	 x21:0x00000000 x14=0xfffffed7
     317215.000 ns	     31720	800070b8	020a4eb3	div	x29,x20,x0	 x20:0x00000000  x0:0x00000000 x29=0xffffffff
     317555.000 ns	     31754	800070bc	199e7653	fdiv.s	f12,f28,f25	 f28:0xa42c8c70 f25:0x7e2bf39a f12=0xe52c8c70
     317575.000 ns	     31756	800070c0	000b06b3	add	x13,x22,x0	 x22:0xbf9d6dd8  x0:0x00000000 x13=0xbf9d6dd8
     317595.000 ns	     31758	800070c4	037d8833	mul	x16,x27,x23	 x27:0x0000054a x23:0x00000000 x16=0x00000000
     317625.000 ns	     31761	800070c8	29601bd3	fmax.s	f23,f0,f22	  f0:0x44f39918 f22:0x7f800000 f23=0x7f800000
     317655.000 ns	     31764	800070cc	02767333	remu	x6,x12,x7	 x12:0xffffe2f8  x7:0x00000000  x6=0xffffe2f8
     317685.000 ns	     31767	800070d0	20518fd3	fsgnj.s	f31,f3,f5	  f3:0xcde00000  f5:0x4f7ffffd f31=0x4de00000
     317715.000 ns	     31770	800070d4	e00905d3	fmv.x.w	x11,f18	 f18:0x4f7fffff x11=0x4f7fffff
     317745.000 ns	     31773	800070d8	e0018f53	fmv.x.w	x30,f3	  f3:0xcde00000 x30=0xcde00000
     317765.000 ns	     31775	800070dc	00d28233	add	x4,x5,x13	  x5:0x00000000 x13:0xbf9d6dd8  x4=0xbf9d6dd8
     317785.000 ns	     31777	800070e0	20ec93d3	fsgnjn.s	f7,f25,f14	 f25:0x7e2bf39a f14:0xbf800000  f7=0x7e2bf39a
     317805.000 ns	     31779	800070e4	00c19133	sll	x2,x3,x12	  x3:0x00000000 x12:0xffffe2f8  x2=0x00000000
     317815.000 ns	     31780	800070e8	017877b3	and	x15,x16,x23	 x16:0x00000000 x23:0x00000000 x15=0x00000000
     317835.000 ns	     31782	800070ec	20c8a4d3	fsgnjx.s	f9,f17,f12	 f17:0x7f800000 f12:0xe52c8c70  f9=0xff800000
     317875.000 ns	     31786	800070f0	58027bd3	fsqrt.s	f23,f4	  f4:0xe283ad62 f23=0x7fc00000
     318245.000 ns	     31823	800070f4	02de7a33	remu	x20,x28,x13	 x28:0x00000002 x13:0xbf9d6dd8 x20=0x00000002
     318275.000 ns	     31826	800070f8	a05216d3	flt.s	x13,f4,f5	  f4:0xe283ad62  f5:0x4f7ffffd x13=0x00000001
     318295.000 ns	     31828	800070fc	00661313	slli	x6,x12,0x6	 x12:0xffffe2f8  x6=0xfff8be00
     318655.000 ns	     31864	80007100	02ba4733	div	x14,x20,x11	 x20:0x00000002 x11:0x4f7fffff x14=0x00000000
     318685.000 ns	     31867	80007104	28580553	fmin.s	f10,f16,f5	 f16:0x242c8c70  f5:0x4f7ffffd f10=0x242c8c70
     318715.000 ns	     31870	80007108	a101a553	feq.s	x10,f3,f16	  f3:0xcde00000 f16:0x242c8c70 x10=0x00000000
     318735.000 ns	     31872	8000710c	01089a13	slli	x20,x17,0x10	 x17:0x00000000 x20=0x00000000
     318745.000 ns	     31873	80007110	01b29433	sll	x8,x5,x27	  x5:0x00000000 x27:0x0000054a  x8=0x00000000
     318755.000 ns	     31874	80007114	adf8e313	ori	x6,x17,-1313	 x17:0x00000000  x6=0xfffffadf
     318785.000 ns	     31877	80007118	10e18853	fmul.s	f16,f3,f14	  f3:0xcde00000 f14:0xbf800000 f16=0x4de00000
     318815.000 ns	     31880	8000711c	d0177753	fcvt.s.wu	f14,x14	 x14:0x00000000 f14=0x00000000
     318845.000 ns	     31883	80007120	217727d3	fsgnjx.s	f15,f14,f23	 f14:0xbf800000 f23:0x7fc00000 f15=0x00000000
     318875.000 ns	     31886	80007124	29fa14d3	fmax.s	f9,f20,f31	 f20:0xe283ad62 f31:0x4de00000  f9=0x4de00000
     318895.000 ns	     31888	80007128	01dbfa33	and	x20,x23,x29	 x23:0x00000000 x29:0xffffffff x20=0x00000000
     318915.000 ns	     31890	8000712c	f00c0853	fmv.w.x	f16,x24	 x24:0x80040fe4 f16=0x80040fe4
     318945.000 ns	     31893	80007130	02ef2d33	mulhsu	x26,x30,x14	 x30:0xcde00000 x14:0x00000000 x26=0x00000000
     318965.000 ns	     31895	80007134	2a06c113	xori	x2,x13,672	 x13:0x00000001  x2=0x000002a1
     318985.000 ns	     31897	80007138	03dd9b33	mulh	x22,x27,x29	 x27:0x0000054a x29:0xffffffff x22=0xffffffff
     319005.000 ns	     31899	8000713c	40205533	sra	x10,x0,x2	  x0:0x00000000  x2:0x00000000 x10=0x00000000
     319015.000 ns	     31900	80007140	00da3bb3	sltu	x23,x20,x13	 x20:0x00000000 x13:0x00000001 x23=0x00000001
     319025.000 ns	     31901	80007144	40f15b13	srai	x22,x2,0xf	  x2:0x000002a1 x22=0x00000000
     319035.000 ns	     31902	80007148	4b4c9117	auipc	x2,0x4b4c9	  x2=0xcb4d0148
     319055.000 ns	     31904	8000714c	c01af753	fcvt.wu.s	x14,f21	 f21:0x80000000 x14=0x00000000
     319075.000 ns	     31906	80007150	01eebb33	sltu	x22,x29,x30	 x29:0xffffffff x30:0xcde00000 x22=0x00000000
     319095.000 ns	     31908	80007154	0304b533	mulhu	x10,x9,x16	  x9:0x80041024 x16:0x00000000 x10=0x00000000
     319125.000 ns	     31911	80007158	e00b8853	fmv.x.w	x16,f23	 f23:0x7fc00000 x16=0x7fc00000
     319155.000 ns	     31914	8000715c	c01d8ad3	fcvt.wu.s	x21,f27	 f27:0x44f39918 x21=0x0000079d
     319175.000 ns	     31916	80007160	41eb5093	srai	x1,x22,0x1e	 x22:0x00000000  x1=0x00000000
     319185.000 ns	     31917	80007164	3c667193	andi	x3,x12,966	 x12:0xffffe2f8  x3=0x000002c0
     319205.000 ns	     31919	80007168	c0052a53	fcvt.w.s	x20,f10	 f10:0x242c8c70 x20=0x00000000
     319225.000 ns	     31921	8000716c	00bbcfb3	xor	x31,x23,x11	 x23:0x00000001 x11:0x4f7fffff x31=0x4f7ffffe
     319235.000 ns	     31922	80007170	8529c813	xori	x16,x19,-1966	 x19:0xffffe2c0 x16=0x00001a92
     319245.000 ns	     31923	80007174	00000013	addi	x0,x0,0	  x0:0x00000000
     319265.000 ns	     31925	80007178	02adc833	div	x16,x27,x10	 x27:0x0000054a x10:0x00000000 x16=0xffffffff
     319285.000 ns	     31927	8000717c	0179fe33	and	x28,x19,x23	 x19:0xffffe2c0 x23:0x00000001 x28=0x00000000
     319305.000 ns	     31929	80007180	036871b3	remu	x3,x16,x22	 x16:0xffffffff x22:0x00000000  x3=0xffffffff
     319335.000 ns	     31932	80007184	a16c97d3	flt.s	x15,f25,f22	 f25:0x7e2bf39a f22:0x7f800000 x15=0x00000001
     319355.000 ns	     31934	80007188	fb45e913	ori	x18,x11,-76	 x11:0x4f7fffff x18=0xffffffff
     319365.000 ns	     31935	8000718c	40045313	srai	x6,x8,0x0	  x8:0x00000000  x6=0x00000000
     319385.000 ns	     31937	80007190	03619eb3	mulh	x29,x3,x22	  x3:0xffffffff x22:0x00000000 x29=0x00000000
     319755.000 ns	     31974	80007194	022c43b3	div	x7,x24,x2	 x24:0x80040fe4  x2:0xcb4d0148  x7=0x00000002
     319805.000 ns	     31979	80007198	08d5f953	fsub.s	f18,f11,f13	 f11:0x7e2bf39a f13:0x00000000 f18=0x7e2bf39a
     319835.000 ns	     31982	8000719c	28b59e53	fmax.s	f28,f11,f11	 f11:0x7e2bf39a f11:0x7e2bf39a f28=0x7e2bf39a
     319855.000 ns	     31984	800071a0	01ac2433	slt	x8,x24,x26	 x24:0x80040fe4 x26:0x00000000  x8=0x00000001
     319865.000 ns	     31985	800071a4	71e5cd13	xori	x26,x11,1822	 x11:0x4f7fffff x26=0x4f7ff8e1
     319895.000 ns	     31988	800071a8	19587553	fdiv.s	f10,f16,f21	 f16:0x80040fe4 f21:0x80000000 f10=0x7f800000
     319915.000 ns	     31990	800071ac	330f5017	auipc	x0,0x330f5	
     319945.000 ns	     31993	800071b0	18e07e53	fdiv.s	f28,f0,f14	  f0:0x44f39918 f14:0x00000000 f28=0x7f800000
     319985.000 ns	     31997	800071b4	18f93953	fdiv.s	f18,f18,f15	 f18:0x7e2bf39a f15:0x00000000 f18=0x7f800000
     320015.000 ns	     32000	800071b8	02d6b6b3	mulhu	x13,x13,x13	 x13:0x00000001 x13:0x00000001 x13=0x00000000
     320045.000 ns	     32003	800071bc	021cc533	div	x10,x25,x1	 x25:0x00000000  x1:0x00000000 x10=0xffffffff
     320075.000 ns	     32006	800071c0	03c5e733	rem	x14,x11,x28	 x11:0x4f7fffff x28:0x00000000 x14=0x4f7fffff
     320105.000 ns	     32009	800071c4	21a01dd3	fsgnjn.s	f27,f0,f26	  f0:0x44f39918 f26:0x5e732cbe f27=0xc4f39918
     320125.000 ns	     32011	800071c8	00bfbf33	sltu	x30,x31,x11	 x31:0x4f7ffffe x11:0x4f7fffff x30=0x00000001
     320135.000 ns	     32012	800071cc	25734a93	xori	x21,x6,599	  x6:0x00000000 x21=0x00000257
     320145.000 ns	     32013	800071d0	0030da93	srli	x21,x1,0x3	  x1:0x00000000 x21=0x00000000
     320165.000 ns	     32015	800071d4	02ad1133	mulh	x2,x26,x10	 x26:0x4f7ff8e1 x10:0xffffffff  x2=0xffffffff
     320185.000 ns	     32017	800071d8	011f7e33	and	x28,x30,x17	 x30:0x00000001 x17:0x00000000 x28=0x00000000
     320215.000 ns	     32020	800071dc	18e5f2d3	fdiv.s	f5,f11,f14	 f11:0x7e2bf39a f14:0x00000000  f5=0x7f800000
     320245.000 ns	     32023	800071e0	a0c70b53	fle.s	x22,f14,f12	 f14:0x00000000 f12:0xe52c8c70 x22=0x00000000
     320265.000 ns	     32025	800071e4	01ca1533	sll	x10,x20,x28	 x20:0x00000000 x28:0x00000000 x10=0x00000000
     320285.000 ns	     32027	800071e8	d01afe53	fcvt.s.wu	f28,x21	 x21:0x00000000 f28=0x00000000
     320305.000 ns	     32029	800071ec	41b48ab3	sub	x21,x9,x27	  x9:0x80041024 x27:0x0000054a x21=0x80040ada
     320345.000 ns	     32033	800071f0	09def3d3	fsub.s	f7,f29,f29	 f29:0x00000000 f29:0x00000000  f7=0x80000000
     320715.000 ns	     32070	800071f4	03304bb3	div	x23,x0,x19	  x0:0x00000000 x19:0xffffe2c0 x23=0x00000000
     320735.000 ns	     32072	800071f8	00000013	addi	x0,x0,0	  x0:0x00000000
     320765.000 ns	     32075	800071fc	10e9fc53	fmul.s	f24,f19,f14	 f19:0x00000000 f14:0x00000000 f24=0x00000000
     320785.000 ns	     32077	80007200	20eaca13	xori	x20,x21,526	 x21:0x80040ada x20=0x800408d4
     320805.000 ns	     32079	80007204	28ea06d3	fmin.s	f13,f20,f14	 f20:0xe283ad62 f14:0x00000000 f13=0xe283ad62
     320835.000 ns	     32082	80007208	208d94d3	fsgnjn.s	f9,f27,f8	 f27:0xc4f39918  f8:0xff800000  f9=0x44f39918
     320855.000 ns	     32084	8000720c	01e3e7b3	or	x15,x7,x30	  x7:0x00000002 x30:0x00000001 x15=0x00000003
     320865.000 ns	     32085	80007210	a2455937	lui	x18,0xa2455	 x18=0xa2455000
     320875.000 ns	     32086	80007214	00000013	addi	x0,x0,0	  x0:0x00000000
     320885.000 ns	     32087	80007218	014b0633	add	x12,x22,x20	 x22:0x00000000 x20:0x800408d4 x12=0x800408d4
     320905.000 ns	     32089	8000721c	a10f85d3	fle.s	x11,f31,f16	 f31:0x4de00000 f16:0x80040fe4 x11=0x00000000
     320935.000 ns	     32092	80007220	e00c0dd3	fmv.x.w	x27,f24	 f24:0x00000000 x27=0x00000000
     320965.000 ns	     32095	80007224	a0c69ed3	flt.s	x29,f13,f12	 f13:0xe283ad62 f12:0xe52c8c70 x29=0x00000000
     320985.000 ns	     32097	80007228	01a92a33	slt	x20,x18,x26	 x18:0xa2455000 x26:0x4f7ff8e1 x20=0x00000001
     320995.000 ns	     32098	8000722c	cb2efe13	andi	x28,x29,-846	 x29:0x00000000 x28=0x00000000
     321005.000 ns	     32099	80007230	00000013	addi	x0,x0,0	  x0:0x00000000
     321035.000 ns	     32102	80007234	191287d3	fdiv.s	f15,f5,f17	  f5:0x7f800000 f17:0x7f800000 f15=0x7fc00000
     321055.000 ns	     32104	80007238	13e86313	ori	x6,x16,318	 x16:0xffffffff  x6=0xffffffff
     321075.000 ns	     32106	8000723c	e00a15d3	fclass.s	x11,f20	 f20:0xe283ad62 x11=0x00000002
     321095.000 ns	     32108	80007240	41615093	srai	x1,x2,0x16	  x2:0xffffffff  x1=0xffffffff
     321105.000 ns	     32109	80007244	9c1ce813	ori	x16,x25,-1599	 x25:0x00000000 x16=0xfffff9c1
     321125.000 ns	     32111	80007248	20752ad3	fsgnjx.s	f21,f10,f7	 f10:0x7f800000  f7:0x80000000 f21=0xff800000
     321145.000 ns	     32113	8000724c	403ddb13	srai	x22,x27,0x3	 x27:0x00000000 x22=0x00000000
     321155.000 ns	     32114	80007250	00119313	slli	x6,x3,0x1	  x3:0xffffffff  x6=0xfffffffe
     321175.000 ns	     32116	80007254	0256d533	divu	x10,x13,x5	 x13:0x00000000  x5:0x00000000 x10=0xffffffff
     321195.000 ns	     32118	80007258	41ab57b3	sra	x15,x22,x26	 x22:0x00000000 x26:0x4f7ff8e1 x15=0x00000000
     321205.000 ns	     32119	8000725c	41365db3	sra	x27,x12,x19	 x12:0x800408d4 x19:0xffffe2c0 x27=0x800408d4
     321245.000 ns	     32123	80007260	09567353	fsub.s	f6,f12,f21	 f12:0xe52c8c70 f21:0xff800000  f6=0x7f800000
     321275.000 ns	     32126	80007264	28b80e53	fmin.s	f28,f16,f11	 f16:0x80040fe4 f11:0x7e2bf39a f28=0x80040fe4
     321305.000 ns	     32129	80007268	022b38b3	mulhu	x17,x22,x2	 x22:0x00000000  x2:0xffffffff x17=0x00000000
     321335.000 ns	     32132	8000726c	a148a2d3	feq.s	x5,f17,f20	 f17:0x7f800000 f20:0xe283ad62  x5=0x00000000
     321355.000 ns	     32134	80007270	0164a9b3	slt	x19,x9,x22	  x9:0x80041024 x22:0x00000000 x19=0x00000001
     321375.000 ns	     32136	80007274	c01b4b53	fcvt.wu.s	x22,f22	 f22:0x7f800000 x22=0xffffffff
     321395.000 ns	     32138	80007278	3b270213	addi	x4,x14,946	 x14:0x4f7fffff  x4=0x4f8003b1
     321405.000 ns	     32139	8000727c	96c6d117	auipc	x2,0x96c6d	  x2=0x16c7427c
     321415.000 ns	     32140	80007280	c5e70793	addi	x15,x14,-930	 x14:0x4f7fffff x15=0x4f7ffc5d
     321435.000 ns	     32142	80007284	d009f3d3	fcvt.s.w	f7,x19	 x19:0x00000001  f7=0x3f800000
     321465.000 ns	     32145	80007288	29031353	fmax.s	f6,f6,f16	  f6:0x7f800000 f16:0x80040fe4  f6=0x7f800000
     321495.000 ns	     32148	8000728c	28b11053	fmax.s	f0,f2,f11	  f2:0xcde00000 f11:0x7e2bf39a  f0=0x7e2bf39a
     321525.000 ns	     32151	80007290	28859353	fmax.s	f6,f11,f8	 f11:0x7e2bf39a  f8:0xff800000  f6=0x7e2bf39a
     321555.000 ns	     32154	80007294	a1912b53	feq.s	x22,f2,f25	  f2:0xcde00000 f25:0x7e2bf39a x22=0x00000000
     321575.000 ns	     32156	80007298	e045ab13	slti	x22,x11,-508	 x11:0x00000002 x22=0x00000000
     321595.000 ns	     32158	8000729c	a05d1ad3	flt.s	x21,f26,f5	 f26:0x5e732cbe  f5:0x7f800000 x21=0x00000001
     321625.000 ns	     32161	800072a0	d007c4d3	fcvt.s.w	f9,x15	 x15:0x4f7ffc5d  f9=0x4e9efff9
     322805.000 ns	     32279	800072a4	58034653	fsqrt.s	f12,f6	  f6:0x7e2bf39a f12=0x5e732cbe
     322835.000 ns	     32282	800072a8	025e4f33	div	x30,x28,x5	 x28:0x00000000  x5:0x00000000 x30=0xffffffff
     322855.000 ns	     32284	800072ac	415c01b3	sub	x3,x24,x21	 x24:0x80040fe4 x21:0x00000001  x3=0x80040fe3
     322865.000 ns	     32285	800072b0	41d6d513	srai	x10,x13,0x1d	 x13:0x00000000 x10=0x00000000
     322885.000 ns	     32287	800072b4	e00e1a53	fclass.s	x20,f28	 f28:0x80040fe4 x20=0x00000004
     322925.000 ns	     32291	800072b8	10a3f2d3	fmul.s	f5,f7,f10	  f7:0x3f800000 f10:0x7f800000  f5=0x7f800000
     322965.000 ns	     32295	800072bc	10b922d3	fmul.s	f5,f18,f11	 f18:0x7f800000 f11:0x7e2bf39a  f5=0x7f800000
     322985.000 ns	     32297	800072c0	00916ab3	or	x21,x2,x9	  x2:0x16c7427c  x9:0x80041024 x21=0x96c7527c
     322995.000 ns	     32298	800072c4	b127b513	sltiu	x10,x15,-1262	 x15:0x4f7ffc5d x10=0x00000001
     323035.000 ns	     32302	800072c8	088615d3	fsub.s	f11,f12,f8	 f12:0x5e732cbe  f8:0xff800000 f11=0x7f800000
     323065.000 ns	     32305	800072cc	a0d92a53	feq.s	x20,f18,f13	 f18:0x7f800000 f13:0xe283ad62 x20=0x00000000
     323085.000 ns	     32307	800072d0	00704533	xor	x10,x0,x7	  x0:0x00000000  x7:0x00000002 x10=0x00000002
     323105.000 ns	     32309	800072d4	2090a8d3	fsgnjx.s	f17,f1,f9	  f1:0x4efff2fd  f9:0x4e9efff9 f17=0x4efff2fd
     323135.000 ns	     32312	800072d8	0376b533	mulhu	x10,x13,x23	 x13:0x00000000 x23:0x00000000 x10=0x00000000
     323165.000 ns	     32315	800072dc	03f3ba33	mulhu	x20,x7,x31	  x7:0x00000002 x31:0x4f7ffffe x20=0x00000000
     323195.000 ns	     32318	800072e0	03617db3	remu	x27,x2,x22	  x2:0x16c7427c x22:0x00000000 x27=0x16c7427c
     323225.000 ns	     32321	800072e4	a0281153	flt.s	x2,f16,f2	 f16:0x80040fe4  f2:0xcde00000  x2=0x00000000
     323265.000 ns	     32325	800072e8	19072453	fdiv.s	f8,f14,f16	 f14:0x00000000 f16:0x80040fe4  f8=0x80000000
     323295.000 ns	     32328	800072ec	28181fd3	fmax.s	f31,f16,f1	 f16:0x80040fe4  f1:0x4efff2fd f31=0x4efff2fd
     323335.000 ns	     32332	800072f0	188c87d3	fdiv.s	f15,f25,f8	 f25:0x7e2bf39a  f8:0x80000000 f15=0xff800000
     323355.000 ns	     32334	800072f4	0138eb33	or	x22,x17,x19	 x17:0x00000000 x19:0x00000001 x22=0x00000001
     323365.000 ns	     32335	800072f8	01abdb33	srl	x22,x23,x26	 x23:0x00000000 x26:0x4f7ff8e1 x22=0x00000000
     323395.000 ns	     32338	800072fc	1809fbd3	fdiv.s	f23,f19,f0	 f19:0x00000000  f0:0x7e2bf39a f23=0x00000000
     323415.000 ns	     32340	80007300	409e0d33	sub	x26,x28,x9	 x28:0x00000000  x9:0x80041024 x26=0x7ffbefdc
     323435.000 ns	     32342	80007304	214aa3d3	fsgnjx.s	f7,f21,f20	 f21:0xff800000 f20:0xe283ad62  f7=0x7f800000
     323465.000 ns	     32345	80007308	29059453	fmax.s	f8,f11,f16	 f11:0x7f800000 f16:0x80040fe4  f8=0x7f800000
     323835.000 ns	     32382	8000730c	03e4d5b3	divu	x11,x9,x30	  x9:0x80041024 x30:0xffffffff x11=0x00000000
     323855.000 ns	     32384	80007310	18bb2f13	slti	x30,x22,395	 x22:0x00000000 x30=0x00000001
     323875.000 ns	     32386	80007314	21f191d3	fsgnjn.s	f3,f3,f31	  f3:0xcde00000 f31:0x4efff2fd  f3=0xcde00000
     323905.000 ns	     32389	80007318	296e01d3	fmin.s	f3,f28,f22	 f28:0x80040fe4 f22:0x7f800000  f3=0x80040fe4
     324275.000 ns	     32426	8000731c	02604b33	div	x22,x0,x6	  x0:0x00000000  x6:0xfffffffe x22=0x00000000
     324295.000 ns	     32428	80007320	4117d713	srai	x14,x15,0x11	 x15:0x4f7ffc5d x14=0x000027bf
     324315.000 ns	     32430	80007324	d018bfd3	fcvt.s.wu	f31,x17	 x17:0x00000000 f31=0x00000000
     324345.000 ns	     32433	80007328	03d7e433	rem	x8,x15,x29	 x15:0x4f7ffc5d x29:0x00000000  x8=0x4f7ffc5d
     324375.000 ns	     32436	8000732c	28910ed3	fmin.s	f29,f2,f9	  f2:0xcde00000  f9:0x4e9efff9 f29=0xcde00000
     324395.000 ns	     32438	80007330	00e033b3	sltu	x7,x0,x14	  x0:0x00000000 x14:0x000027bf  x7=0x00000001
     324435.000 ns	     32442	80007334	082df5d3	fsub.s	f11,f27,f2	 f27:0xc4f39918  f2:0xcde00000 f11=0x4ddfffc3
     324455.000 ns	     32444	80007338	00bc6ab3	or	x21,x24,x11	 x24:0x80040fe4 x11:0x00000000 x21=0x80040fe4
     324485.000 ns	     32447	8000733c	11c246d3	fmul.s	f13,f4,f28	  f4:0xe283ad62 f28:0x80040fe4 f13=0x2105b87e
     324515.000 ns	     32450	80007340	a13c26d3	feq.s	x13,f24,f19	 f24:0x00000000 f19:0x00000000 x13=0x00000001
     324535.000 ns	     32452	80007344	01e8a8b3	slt	x17,x17,x30	 x17:0x00000000 x30:0x00000001 x17=0x00000001
     324545.000 ns	     32453	80007348	01725d13	srli	x26,x4,0x17	  x4:0x4f8003b1 x26=0x0000009f
     324555.000 ns	     32454	8000734c	00a9cd33	xor	x26,x19,x10	 x19:0x00000001 x10:0x00000000 x26=0x00000001
     324575.000 ns	     32456	80007350	037be9b3	rem	x19,x23,x23	 x23:0x00000000 x23:0x00000000 x19=0x00000000
     324605.000 ns	     32459	80007354	29a90853	fmin.s	f16,f18,f26	 f18:0x7f800000 f26:0x5e732cbe f16=0x5e732cbe
     324625.000 ns	     32461	80007358	00069833	sll	x16,x13,x0	 x13:0x00000001  x0:0x00000000 x16=0x00000001
     324665.000 ns	     32465	8000735c	01e7add3	fadd.s	f27,f15,f30	 f15:0xff800000 f30:0xbf800000 f27=0xff800000
     325035.000 ns	     32502	80007360	031e5233	divu	x4,x28,x17	 x28:0x00000000 x17:0x00000001  x4=0x00000000
     325065.000 ns	     32505	80007364	c01dadd3	fcvt.wu.s	x27,f27	 f27:0xff800000 x27=0x00000000
     325085.000 ns	     32507	80007368	85200193	addi	x3,x0,-1966	  x0:0x00000000  x3=0xfffff852
     325095.000 ns	     32508	8000736c	019d7db3	and	x27,x26,x25	 x26:0x00000001 x25:0x00000000 x27=0x00000000
     325135.000 ns	     32512	80007370	08e84dd3	fsub.s	f27,f16,f14	 f16:0x5e732cbe f14:0x00000000 f27=0x5e732cbe
     325155.000 ns	     32514	80007374	4013d933	sra	x18,x7,x1	  x7:0x00000001  x1:0xffffffff x18=0x00000000
     325165.000 ns	     32515	80007378	00000013	addi	x0,x0,0	  x0:0x00000000
     325205.000 ns	     32519	8000737c	01df4953	fadd.s	f18,f30,f29	 f30:0xbf800000 f29:0xcde00000 f18=0xcde00000
     325235.000 ns	     32522	80007380	02553d33	mulhu	x26,x10,x5	 x10:0x00000000  x5:0x00000000 x26=0x00000000
     325255.000 ns	     32524	80007384	ccb50213	addi	x4,x10,-821	 x10:0x00000000  x4=0xfffffccb
     325265.000 ns	     32525	80007388	40c783b3	sub	x7,x15,x12	 x15:0x4f7ffc5d x12:0x800408d4  x7=0xcf7bf389
     325295.000 ns	     32528	8000738c	10cefcd3	fmul.s	f25,f29,f12	 f29:0xcde00000 f12:0x5e732cbe f25=0xecd4c726
     325315.000 ns	     32530	80007390	c6790693	addi	x13,x18,-921	 x18:0x00000000 x13=0xfffffc67
     325645.000 ns	     32563	80007394	199f7653	fdiv.s	f12,f30,f25	 f30:0xbf800000 f25:0xecd4c726 f12=0x12000000
     325665.000 ns	     32565	80007398	da503393	sltiu	x7,x0,-603	  x0:0x00000000  x7=0x00000001
     326025.000 ns	     32601	8000739c	030a45b3	div	x11,x20,x16	 x20:0x00000000 x16:0x00000001 x11=0x00000000
     326045.000 ns	     32603	800073a0	0177a6b3	slt	x13,x15,x23	 x15:0x4f7ffc5d x23:0x00000000 x13=0x00000000
     326055.000 ns	     32604	800073a4	40bb5d93	srai	x27,x22,0xb	 x22:0x00000000 x27=0x00000000
     326065.000 ns	     32605	800073a8	c71be793	ori	x15,x23,-911	 x23:0x00000000 x15=0xfffffc71
     326085.000 ns	     32607	800073ac	020f8bb3	mul	x23,x31,x0	 x31:0x4f7ffffe  x0:0x00000000 x23=0x00000000
     326455.000 ns	     32644	800073b0	021c49b3	div	x19,x24,x1	 x24:0x80040fe4  x1:0xffffffff x19=0x7ffbf01c
     326475.000 ns	     32646	800073b4	c850b513	sltiu	x10,x1,-891	  x1:0xffffffff x10=0x00000000
     326495.000 ns	     32648	800073b8	c0027a53	fcvt.w.s	x20,f4	  f4:0xe283ad62 x20=0x80000000
     326535.000 ns	     32652	800073bc	580978d3	fsqrt.s	f17,f18	 f18:0xcde00000 f17=0x7fc00000
     326555.000 ns	     32654	800073c0	a8867793	andi	x15,x12,-1400	 x12:0x800408d4 x15=0x80040880
     326575.000 ns	     32656	800073c4	21b08a53	fsgnj.s	f20,f1,f27	  f1:0x4efff2fd f27:0x5e732cbe f20=0x4efff2fd
     326605.000 ns	     32659	800073c8	29709e53	fmax.s	f28,f1,f23	  f1:0x4efff2fd f23:0x00000000 f28=0x4efff2fd
     326635.000 ns	     32662	800073cc	a13795d3	flt.s	x11,f15,f19	 f15:0xff800000 f19:0x00000000 x11=0x00000001
     326665.000 ns	     32665	800073d0	29a616d3	fmax.s	f13,f12,f26	 f12:0x12000000 f26:0x5e732cbe f13=0x5e732cbe
     326695.000 ns	     32668	800073d4	029a2eb3	mulhsu	x29,x20,x9	 x20:0x80000000  x9:0x80041024 x29=0xbffdf7ee
     326715.000 ns	     32670	800073d8	006478b3	and	x17,x8,x6	  x8:0x4f7ffc5d  x6:0xfffffffe x17=0x4f7ffc5c
     326725.000 ns	     32671	800073dc	4057d9b3	sra	x19,x15,x5	 x15:0x80040880  x5:0x00000000 x19=0x80040880
     326765.000 ns	     32675	800073e0	09cc7ed3	fsub.s	f29,f24,f28	 f24:0x00000000 f28:0x4efff2fd f29=0xcefff2fd
     326805.000 ns	     32679	800073e4	11588d53	fmul.s	f26,f17,f21	 f17:0x7fc00000 f21:0xff800000 f26=0x7fc00000
     326835.000 ns	     32682	800073e8	03b92eb3	mulhsu	x29,x18,x27	 x18:0x00000000 x27:0x00000000 x29=0x00000000
     326855.000 ns	     32684	800073ec	4311e913	ori	x18,x3,1073	  x3:0xfffff852 x18=0xfffffc73
     326865.000 ns	     32685	800073f0	547d3b93	sltiu	x23,x26,1351	 x26:0x00000000 x23=0x00000001
     327225.000 ns	     32721	800073f4	02c942b3	div	x5,x18,x12	 x18:0x00000000 x12:0x800408d4  x5=0x00000000
     327255.000 ns	     32724	800073f8	a19ea453	feq.s	x8,f29,f25	 f29:0xcefff2fd f25:0xecd4c726  x8=0x00000000
     327275.000 ns	     32726	800073fc	01666db3	or	x27,x12,x22	 x12:0x800408d4 x22:0x00000000 x27=0x800408d4
     327295.000 ns	     32728	80007400	d01579d3	fcvt.s.wu	f19,x10	 x10:0x00000000 f19=0x00000000
     327325.000 ns	     32731	80007404	20442553	fsgnjx.s	f10,f8,f4	  f8:0x7f800000  f4:0xe283ad62 f10=0xff800000
     327345.000 ns	     32733	80007408	8ccc7a93	andi	x21,x24,-1844	 x24:0x80040fe4 x21=0x800408c4
     327375.000 ns	     32736	8000740c	580af0d3	fsqrt.s	f1,f21	 f21:0xff800000  f1=0x7fc00000
     327395.000 ns	     32738	80007410	00000013	addi	x0,x0,0	  x0:0x00000000
     327405.000 ns	     32739	80007414	41a98933	sub	x18,x19,x26	 x19:0x80040880 x26:0x00000000 x18=0x80040880
     327765.000 ns	     32775	80007418	02c878b3	remu	x17,x16,x12	 x16:0x00000001 x12:0x800408d4 x17=0x00000001
     327795.000 ns	     32778	8000741c	20f89553	fsgnjn.s	f10,f17,f15	 f17:0x7fc00000 f15:0xff800000 f10=0x7fc00000
     327845.000 ns	     32783	80007420	0808c753	fsub.s	f14,f17,f0	 f17:0x7fc00000  f0:0x7e2bf39a f14=0x7fc00000
     327875.000 ns	     32786	80007424	f00180d3	fmv.w.x	f1,x3	  x3:0xfffff852  f1=0xfffff852
     327905.000 ns	     32789	80007428	21c9a7d3	fsgnjx.s	f15,f19,f28	 f19:0x00000000 f28:0x4efff2fd f15=0x00000000
     328245.000 ns	     32823	8000742c	1831f053	fdiv.s	f0,f3,f3	  f3:0x80040fe4  f3:0x80040fe4  f0=0x3cb78297
     328265.000 ns	     32825	80007430	be0a4b93	xori	x23,x20,-1056	 x20:0x80000000 x23=0x7ffffbe0
     328275.000 ns	     32826	80007434	014356b3	srl	x13,x6,x20	  x6:0xfffffffe x20:0x80000000 x13=0xfffffffe
     328285.000 ns	     32827	80007438	40c8d3b3	sra	x7,x17,x12	 x17:0x00000001 x12:0x800408d4  x7=0x00000000
     328305.000 ns	     32829	8000743c	e00485d3	fmv.x.w	x11,f9	  f9:0x4e9efff9 x11=0x4e9efff9
     328335.000 ns	     32832	80007440	202d2053	fsgnjx.s	f0,f26,f2	 f26:0x7fc00000  f2:0xcde00000  f0=0xffc00000
     328705.000 ns	     32869	80007444	03736433	rem	x8,x6,x23	  x6:0xfffffffe x23:0x7ffffbe0  x8=0xfffffffe
     328735.000 ns	     32872	80007448	e00515d3	fclass.s	x11,f10	 f10:0x7fc00000 x11=0x00000200
     328765.000 ns	     32875	8000744c	a1a20bd3	fle.s	x23,f4,f26	  f4:0xe283ad62 f26:0x7fc00000 x23=0x00000000
     328785.000 ns	     32877	80007450	00000013	addi	x0,x0,0	  x0:0x00000000
     329145.000 ns	     32913	80007454	02676833	rem	x16,x14,x6	 x14:0x000027bf  x6:0xfffffffe x16=0x00000001
     329515.000 ns	     32950	80007458	032353b3	divu	x7,x6,x18	  x6:0xfffffffe x18:0x80040880  x7=0x00000001
     329535.000 ns	     32952	8000745c	018f4db3	xor	x27,x30,x24	 x30:0x00000001 x24:0x80040fe4 x27=0x80040fe5
     329555.000 ns	     32954	80007460	a1b913d3	flt.s	x7,f18,f27	 f18:0xcde00000 f27:0x5e732cbe  x7=0x00000001
     329575.000 ns	     32956	80007464	01fd9e33	sll	x28,x27,x31	 x27:0x800408d4 x31:0x4f7ffffe x28=0x40000000
     329595.000 ns	     32958	80007468	039e12b3	mulh	x5,x28,x25	 x28:0x00000000 x25:0x00000000  x5=0x00000000
     329625.000 ns	     32961	8000746c	292480d3	fmin.s	f1,f9,f18	  f9:0x4e9efff9 f18:0xcde00000  f1=0xcde00000
     329645.000 ns	     32963	80007470	91af4193	xori	x3,x30,-1766	 x30:0x00000001  x3=0xfffff91b
     329655.000 ns	     32964	80007474	00b779b3	and	x19,x14,x11	 x14:0x000027bf x11:0x00000200 x19=0x00000200
     329675.000 ns	     32966	80007478	e0068a53	fmv.x.w	x20,f13	 f13:0x5e732cbe x20=0x5e732cbe
     329705.000 ns	     32969	8000747c	f00a8653	fmv.w.x	f12,x21	 x21:0x800408c4 f12=0x800408c4
     329725.000 ns	     32971	80007480	009537b3	sltu	x15,x10,x9	 x10:0x00000000  x9:0x80041024 x15=0x00000001
     329745.000 ns	     32973	80007484	025cc1b3	div	x3,x25,x5	 x25:0x00000000  x5:0x00000000  x3=0xffffffff
     330115.000 ns	     33010	80007488	03cfe8b3	rem	x17,x31,x28	 x31:0x4f7ffffe x28:0x40000000 x17=0x0f7ffffe
     330135.000 ns	     33012	8000748c	000e4fb3	xor	x31,x28,x0	 x28:0x40000000  x0:0x00000000 x31=0x40000000
     330175.000 ns	     33016	80007490	01777fd3	fadd.s	f31,f14,f23	 f14:0x7fc00000 f23:0x00000000 f31=0x7fc00000
     330215.000 ns	     33020	80007494	11a17353	fmul.s	f6,f2,f26	  f2:0xcde00000 f26:0x7fc00000  f6=0x7fc00000
     330235.000 ns	     33022	80007498	41b381b3	sub	x3,x7,x27	  x7:0x00000001 x27:0x80040fe5  x3=0x7ffbf01c
     330265.000 ns	     33025	8000749c	113a9ad3	fmul.s	f21,f21,f19	 f21:0xff800000 f19:0x00000000 f21=0x7fc00000
     330285.000 ns	     33027	800074a0	d0246313	ori	x6,x8,-766	  x8:0xfffffffe  x6=0xfffffffe
     330305.000 ns	     33029	800074a4	d01412d3	fcvt.s.wu	f5,x8	  x8:0xfffffffe  f5=0x4f7fffff
     330325.000 ns	     33031	800074a8	018fd793	srli	x15,x31,0x18	 x31:0x40000000 x15=0x00000040
     330345.000 ns	     33033	800074ac	034abe33	mulhu	x28,x21,x20	 x21:0x800408c4 x20:0x5e732cbe x28=0x2f3b1367
     330375.000 ns	     33036	800074b0	d014fbd3	fcvt.s.wu	f23,x9	  x9:0x80041024 f23=0x4f000410
     330405.000 ns	     33039	800074b4	29001fd3	fmax.s	f31,f0,f16	  f0:0xffc00000 f16:0x5e732cbe f31=0x5e732cbe
     330425.000 ns	     33041	800074b8	01af8333	add	x6,x31,x26	 x31:0x40000000 x26:0x00000000  x6=0x40000000
     330445.000 ns	     33043	800074bc	024ea433	mulhsu	x8,x29,x4	 x29:0x00000000  x4:0xfffffccb  x8=0x00000000
     330465.000 ns	     33045	800074c0	53956613	ori	x12,x10,1337	 x10:0x00000000 x12=0x00000539
     330485.000 ns	     33047	800074c4	f00881d3	fmv.w.x	f3,x17	 x17:0x0f7ffffe  f3=0x0f7ffffe
     330515.000 ns	     33050	800074c8	02903733	mulhu	x14,x0,x9	  x0:0x00000000  x9:0x80041024 x14=0x00000000
     330545.000 ns	     33053	800074cc	293814d3	fmax.s	f9,f16,f19	 f16:0x5e732cbe f19:0x00000000  f9=0x5e732cbe
     330565.000 ns	     33055	800074d0	00c5e3b3	or	x7,x11,x12	 x11:0x00000200 x12:0x00000539  x7=0x00000739
     330575.000 ns	     33056	800074d4	001c2fb3	slt	x31,x24,x1	 x24:0x80040fe4  x1:0xffffffff x31=0x00000001
     330615.000 ns	     33060	800074d8	00599353	fadd.s	f6,f19,f5	 f19:0x00000000  f5:0x4f7fffff  f6=0x4f7fffff
     330635.000 ns	     33062	800074dc	79110a13	addi	x20,x2,1937	  x2:0x00000000 x20=0x00000791
     330655.000 ns	     33064	800074e0	2041ae53	fsgnjx.s	f28,f3,f4	  f3:0x0f7ffffe  f4:0xe283ad62 f28=0x8f7ffffe
     330685.000 ns	     33067	800074e4	202126d3	fsgnjx.s	f13,f2,f2	  f2:0xcde00000  f2:0xcde00000 f13=0x4de00000
     330705.000 ns	     33069	800074e8	41fb8633	sub	x12,x23,x31	 x23:0x00000000 x31:0x00000001 x12=0xffffffff
     330725.000 ns	     33071	800074ec	a05d8053	fle.s	x0,f27,f5	 f27:0x5e732cbe  f5:0x4f7fffff
     331065.000 ns	     33105	800074f0	1835bb53	fdiv.s	f22,f11,f3	 f11:0x4ddfffc3  f3:0x0f7ffffe f22=0x7e1e1df4
     331085.000 ns	     33107	800074f4	404b5733	sra	x14,x22,x4	 x22:0x00000000  x4:0xfffffccb x14=0x00000000
     331105.000 ns	     33109	800074f8	0282f133	remu	x2,x5,x8	  x5:0x00000000  x8:0x00000000  x2=0x00000000
     331125.000 ns	     33111	800074fc	01a49e93	slli	x29,x9,0x1a	  x9:0x80041024 x29=0x90000000
     331145.000 ns	     33113	80007500	e0051d53	fclass.s	x26,f10	 f10:0x7fc00000 x26=0x00000200
     331175.000 ns	     33116	80007504	03373ab3	mulhu	x21,x14,x19	 x14:0x00000000 x19:0x00000200 x21=0x00000000
     331205.000 ns	     33119	80007508	a1f601d3	fle.s	x3,f12,f31	 f12:0x800408c4 f31:0x5e732cbe  x3=0x00000001
     331225.000 ns	     33121	8000750c	00e0db13	srli	x22,x1,0xe	  x1:0xffffffff x22=0x0003ffff
     331245.000 ns	     33123	80007510	028a6fb3	rem	x31,x20,x8	 x20:0x00000791  x8:0x00000000 x31=0x00000791
     331265.000 ns	     33125	80007514	b7392613	slti	x12,x18,-1165	 x18:0x80040880 x12=0x00000001
     331285.000 ns	     33127	80007518	e00398d3	fclass.s	x17,f7	  f7:0x7f800000 x17=0x00000080
     331305.000 ns	     33129	8000751c	01c81833	sll	x16,x16,x28	 x16:0x00000001 x28:0x2f3b1367 x16=0x00000080
     331325.000 ns	     33131	80007520	03bb9d33	mulh	x26,x23,x27	 x23:0x00000000 x27:0x80040fe5 x26=0x00000000
     331345.000 ns	     33133	80007524	018d93b3	sll	x7,x27,x24	 x27:0x80040fe5 x24:0x80040fe4  x7=0x0040fe50
     331355.000 ns	     33134	80007528	004fddb3	srl	x27,x31,x4	 x31:0x00000791  x4:0xfffffccb x27=0x00000000
     331395.000 ns	     33138	8000752c	00d17bd3	fadd.s	f23,f2,f13	  f2:0xcde00000 f13:0x4de00000 f23=0x00000000
     331415.000 ns	     33140	80007530	20278393	addi	x7,x15,514	 x15:0x00000040  x7=0x00000242
     331425.000 ns	     33141	80007534	002e92b3	sll	x5,x29,x2	 x29:0x90000000  x2:0x00000000  x5=0x90000000
     331445.000 ns	     33143	80007538	28b001d3	fmin.s	f3,f0,f11	  f0:0xffc00000 f11:0x4ddfffc3  f3=0x4ddfffc3
     331485.000 ns	     33147	8000753c	58073ad3	fsqrt.s	f21,f14	 f14:0x7fc00000 f21=0x7fc00000
     331505.000 ns	     33149	80007540	aa072a13	slti	x20,x14,-1376	 x14:0x00000000 x20=0x00000000
     331515.000 ns	     33150	80007544	010a5a13	srli	x20,x20,0x10	 x20:0x00000791 x20=0x00000000
     331535.000 ns	     33152	80007548	d017a2d3	fcvt.s.wu	f5,x15	 x15:0x00000040  f5=0x42800000
     331555.000 ns	     33154	8000754c	7522c193	xori	x3,x5,1874	  x5:0x90000000  x3=0x90000752
     331565.000 ns	     33155	80007550	19296513	ori	x10,x18,402	 x18:0x80040880 x10=0x80040992
     331925.000 ns	     33191	80007554	0262c133	div	x2,x5,x6	  x5:0x90000000  x6:0x40000000  x2=0xffffffff
     332295.000 ns	     33228	80007558	0337d133	divu	x2,x15,x19	 x15:0x00000040 x19:0x00000200  x2=0x00000000
     332315.000 ns	     33230	8000755c	401906b3	sub	x13,x18,x1	 x18:0x80040880  x1:0xffffffff x13=0x80040881
     332325.000 ns	     33231	80007560	00808d33	add	x26,x1,x8	  x1:0xffffffff  x8:0x00000000 x26=0xffffffff
     332335.000 ns	     33232	80007564	403d5e33	sra	x28,x26,x3	 x26:0x00000000  x3:0x90000752 x28=0xffffffff
     332355.000 ns	     33234	80007568	d00d7053	fcvt.s.w	f0,x26	 x26:0x00000000  f0=0xbf800000
     332375.000 ns	     33236	8000756c	01bf6eb3	or	x29,x30,x27	 x30:0x00000001 x27:0x00000000 x29=0x00000001
     332395.000 ns	     33238	80007570	a00e8853	fle.s	x16,f29,f0	 f29:0xcefff2fd  f0:0xbf800000 x16=0x00000001
     332415.000 ns	     33240	80007574	01c70ab3	add	x21,x14,x28	 x14:0x00000000 x28:0xffffffff x21=0xffffffff
     332425.000 ns	     33241	80007578	e7018a13	addi	x20,x3,-400	  x3:0x90000752 x20=0x900005c2
     332435.000 ns	     33242	8000757c	971bce93	xori	x29,x23,-1679	 x23:0x00000000 x29=0xfffff971
     332445.000 ns	     33243	80007580	8df08b13	addi	x22,x1,-1825	  x1:0xffffffff x22=0xfffff8de
     332485.000 ns	     33247	80007584	01502b53	fadd.s	f22,f0,f21	  f0:0xbf800000 f21:0x7fc00000 f22=0x7fc00000
     332505.000 ns	     33249	80007588	01c94833	xor	x16,x18,x28	 x18:0x80040880 x28:0xffffffff x16=0x7ffbf77f
     332865.000 ns	     33285	8000758c	021fce33	div	x28,x31,x1	 x31:0x00000791  x1:0xffffffff x28=0xfffff86f
     332895.000 ns	     33288	80007590	e0038853	fmv.x.w	x16,f7	  f7:0x7f800000 x16=0x7f800000
     332925.000 ns	     33291	80007594	21210053	fsgnj.s	f0,f2,f18	  f2:0xcde00000 f18:0xcde00000  f0=0xcde00000
     332955.000 ns	     33294	80007598	29bb9dd3	fmax.s	f27,f23,f27	 f23:0x00000000 f27:0x5e732cbe f27=0x5e732cbe
     332975.000 ns	     33296	8000759c	00bd6633	or	x12,x26,x11	 x26:0xffffffff x11:0x00000200 x12=0xffffffff
     332985.000 ns	     33297	800075a0	41d30f33	sub	x30,x6,x29	  x6:0x40000000 x29:0xfffff971 x30=0x4000068f
     334155.000 ns	     33414	800075a4	58019c53	fsqrt.s	f24,f3	  f3:0x4ddfffc3 f24=0x46a953e6
     334175.000 ns	     33416	800075a8	454ec413	xori	x8,x29,1108	 x29:0xfffff971  x8=0xfffffd25
     334195.000 ns	     33418	800075ac	209a92d3	fsgnjn.s	f5,f21,f9	 f21:0x7fc00000  f9:0x5e732cbe  f5=0xffc00000
     334215.000 ns	     33420	800075b0	002b7bb3	and	x23,x22,x2	 x22:0xfffff8de  x2:0x00000000 x23=0x00000000
     334225.000 ns	     33421	800075b4	40abdab3	sra	x21,x23,x10	 x23:0x00000000 x10:0x80040992 x21=0x00000000
     334245.000 ns	     33423	800075b8	f0088d53	fmv.w.x	f26,x17	 x17:0x00000080 f26=0x00000080
     334265.000 ns	     33425	800075bc	01ed40b3	xor	x1,x26,x30	 x26:0xffffffff x30:0x4000068f  x1=0xbffff970
     334285.000 ns	     33427	800075c0	e00289d3	fmv.x.w	x19,f5	  f5:0xffc00000 x19=0xffc00000
     334305.000 ns	     33429	800075c4	01597eb3	and	x29,x18,x21	 x18:0x80040880 x21:0x00000000 x29=0x00000000
     334325.000 ns	     33431	800075c8	039a59b3	divu	x19,x20,x25	 x20:0x900005c2 x25:0x00000000 x19=0xffffffff
     334355.000 ns	     33434	800075cc	0260a3b3	mulhsu	x7,x1,x6	  x1:0xbffff970  x6:0x40000000  x7=0xeffffe5c
     334385.000 ns	     33437	800075d0	f0060e53	fmv.w.x	f28,x12	 x12:0xffffffff f28=0xffffffff
     334405.000 ns	     33439	800075d4	d164a613	slti	x12,x9,-746	  x9:0x80041024 x12=0x00000001
     334425.000 ns	     33441	800075d8	d00a7a53	fcvt.s.w	f20,x20	 x20:0x900005c2 f20=0xcedffff4
     334445.000 ns	     33443	800075dc	2d013b13	sltiu	x22,x2,720	  x2:0x00000000 x22=0x00000001
     334455.000 ns	     33444	800075e0	00b3f1b3	and	x3,x7,x11	  x7:0xeffffe5c x11:0x00000200  x3=0x00000200
     334475.000 ns	     33446	800075e4	a1f21a53	flt.s	x20,f4,f31	  f4:0xe283ad62 f31:0x5e732cbe x20=0x00000001
     334505.000 ns	     33449	800075e8	20c19553	fsgnjn.s	f10,f3,f12	  f3:0x4ddfffc3 f12:0x800408c4 f10=0x4ddfffc3
     334525.000 ns	     33451	800075ec	006f07b3	add	x15,x30,x6	 x30:0x4000068f  x6:0x40000000 x15=0x8000068f
     334535.000 ns	     33452	800075f0	8dc9e617	auipc	x12,0x8dc9e	 x12=0x0dca55f0
     334545.000 ns	     33453	800075f4	c6663593	sltiu	x11,x12,-922	 x12:0x00000001 x11=0x00000001
     334555.000 ns	     33454	800075f8	41fbd6b3	sra	x13,x23,x31	 x23:0x00000000 x31:0x00000791 x13=0x00000000
     334575.000 ns	     33456	800075fc	213525d3	fsgnjx.s	f11,f10,f19	 f10:0x4ddfffc3 f19:0x00000000 f11=0x4ddfffc3
     334595.000 ns	     33458	80007600	d34af113	andi	x2,x21,-716	 x21:0x00000000  x2=0x00000000
     334615.000 ns	     33460	80007604	03d300b3	mul	x1,x6,x29	  x6:0x40000000 x29:0x00000000  x1=0x00000000
     334635.000 ns	     33462	80007608	00000013	addi	x0,x0,0	  x0:0x00000000
     334645.000 ns	     33463	8000760c	00979993	slli	x19,x15,0x9	 x15:0x8000068f x19=0x000d1e00
     334655.000 ns	     33464	80007610	016495b3	sll	x11,x9,x22	  x9:0x80041024 x22:0x00000001 x11=0x00082048
     334675.000 ns	     33466	80007614	a18c20d3	feq.s	x1,f24,f24	 f24:0x46a953e6 f24:0x46a953e6  x1=0x00000001
     334705.000 ns	     33469	80007618	035d8833	mul	x16,x27,x21	 x27:0x00000000 x21:0x00000000 x16=0x00000000
     334725.000 ns	     33471	8000761c	010bfbb3	and	x23,x23,x16	 x23:0x00000000 x16:0x7f800000 x23=0x00000000
     334735.000 ns	     33472	80007620	009d9713	slli	x14,x27,0x9	 x27:0x00000000 x14=0x00000000
     334745.000 ns	     33473	80007624	752c6f93	ori	x31,x24,1874	 x24:0x80040fe4 x31=0x80040ff6
     334765.000 ns	     33475	80007628	e0000ad3	fmv.x.w	x21,f0	  f0:0xcde00000 x21=0xcde00000
     334795.000 ns	     33478	8000762c	2155afd3	fsgnjx.s	f31,f11,f21	 f11:0x4ddfffc3 f21:0x7fc00000 f31=0x4ddfffc3
     334825.000 ns	     33481	80007630	f00d8153	fmv.w.x	f2,x27	 x27:0x00000000  f2=0x00000000
     334855.000 ns	     33484	80007634	02df1e33	mulh	x28,x30,x13	 x30:0x4000068f x13:0x00000000 x28=0x00000000
     334875.000 ns	     33486	80007638	0027df93	srli	x31,x15,0x2	 x15:0x8000068f x31=0x200001a3
     334885.000 ns	     33487	8000763c	00e41f13	slli	x30,x8,0xe	  x8:0xfffffd25 x30=0xff494000
     334895.000 ns	     33488	80007640	001bc433	xor	x8,x23,x1	 x23:0x00000000  x1:0x00000001  x8=0x00000001
     335255.000 ns	     33524	80007644	023772b3	remu	x5,x14,x3	 x14:0x00000000  x3:0x00000200  x5=0x00000000
     335295.000 ns	     33528	80007648	11997bd3	fmul.s	f23,f18,f25	 f18:0xcde00000 f25:0xecd4c726 f23=0x7b3a2e41
     335665.000 ns	     33565	8000764c	03295633	divu	x12,x18,x18	 x18:0x80040880 x18:0x80040880 x12=0x00000001
     335695.000 ns	     33568	80007650	03cf46b3	div	x13,x30,x28	 x30:0xff494000 x28:0x00000000 x13=0xffffffff
     335725.000 ns	     33571	80007654	03b9c8b3	div	x17,x19,x27	 x19:0x000d1e00 x27:0x00000000 x17=0xffffffff
     335775.000 ns	     33576	80007658	087f3a53	fsub.s	f20,f30,f7	 f30:0xbf800000  f7:0x7f800000 f20=0xff800000
     335805.000 ns	     33579	8000765c	0399c533	div	x10,x19,x25	 x19:0x000d1e00 x25:0x00000000 x10=0xffffffff
     335835.000 ns	     33582	80007660	28e11bd3	fmax.s	f23,f2,f14	  f2:0x00000000 f14:0x7fc00000 f23=0x00000000
     336205.000 ns	     33619	80007664	02f7c5b3	div	x11,x15,x15	 x15:0x8000068f x15:0x8000068f x11=0x00000001
     336225.000 ns	     33621	80007668	c9d6eeb7	lui	x29,0xc9d6e	 x29=0xc9d6e000
     336235.000 ns	     33622	8000766c	40d6d393	srai	x7,x13,0xd	 x13:0xffffffff  x7=0xffffffff
     336265.000 ns	     33625	80007670	10d23353	fmul.s	f6,f4,f13	  f4:0xe283ad62 f13:0x4de00000  f6=0xf0e66f6b
     336285.000 ns	     33627	80007674	4127da13	srai	x20,x15,0x12	 x15:0x8000068f x20=0xffffe000
     336295.000 ns	     33628	80007678	09cc4e93	xori	x29,x24,156	 x24:0x80040fe4 x29=0x80040f78
     336315.000 ns	     33630	8000767c	c0064053	fcvt.w.s	x0,f12	 f12:0x800408c4
     336345.000 ns	     33633	80007680	21701853	fsgnjn.s	f16,f0,f23	  f0:0xcde00000 f23:0x00000000 f16=0xcde00000
     336365.000 ns	     33635	80007684	00ef4ab3	xor	x21,x30,x14	 x30:0xff494000 x14:0x00000000 x21=0xff494000
     336375.000 ns	     33636	80007688	00dbc6b3	xor	x13,x23,x13	 x23:0x00000000 x13:0xffffffff x13=0xffffffff
     336395.000 ns	     33638	8000768c	c013a253	fcvt.wu.s	x4,f7	  f7:0x7f800000  x4=0xffffffff
     336425.000 ns	     33641	80007690	02594933	div	x18,x18,x5	 x18:0x80040880  x5:0x00000000 x18=0xffffffff
     336455.000 ns	     33644	80007694	28da0553	fmin.s	f10,f20,f13	 f20:0xff800000 f13:0x4de00000 f10=0xff800000
     336485.000 ns	     33647	80007698	c011bd53	fcvt.wu.s	x26,f3	  f3:0x4ddfffc3 x26=0x1bfff860
     336515.000 ns	     33650	8000769c	028a91b3	mulh	x3,x21,x8	 x21:0xff494000  x8:0x00000001  x3=0xffffffff
     336545.000 ns	     33653	800076a0	d006f953	fcvt.s.w	f18,x13	 x13:0xffffffff f18=0xbf800000
     336575.000 ns	     33656	800076a4	28b79153	fmax.s	f2,f15,f11	 f15:0x00000000 f11:0x4ddfffc3  f2=0x4ddfffc3
     336625.000 ns	     33661	800076a8	01569a53	fadd.s	f20,f13,f21	 f13:0x4de00000 f21:0x7fc00000 f20=0x7fc00000
     336655.000 ns	     33664	800076ac	20cf1cd3	fsgnjn.s	f25,f30,f12	 f30:0xbf800000 f12:0x800408c4 f25=0x3f800000
     336685.000 ns	     33667	800076b0	02cc01b3	mul	x3,x24,x12	 x24:0x80040fe4 x12:0x00000001  x3=0x80040fe4
     336705.000 ns	     33669	800076b4	9f40ba37	lui	x20,0x9f40b	 x20=0x9f40b000
     336725.000 ns	     33671	800076b8	03bd7d33	remu	x26,x26,x27	 x26:0x1bfff860 x27:0x00000000 x26=0x1bfff860
     336745.000 ns	     33673	800076bc	ddfc3b93	sltiu	x23,x24,-545	 x24:0x80040fe4 x23=0x00000001
     336765.000 ns	     33675	800076c0	e00b1b53	fclass.s	x22,f22	 f22:0x7fc00000 x22=0x00000200
     336795.000 ns	     33678	800076c4	d01b3753	fcvt.s.wu	f14,x22	 x22:0x00000001 f14=0x44000000
     336815.000 ns	     33680	800076c8	018541b3	xor	x3,x10,x24	 x10:0xffffffff x24:0x80040fe4  x3=0x7ffbf01b
     336855.000 ns	     33684	800076cc	005cfad3	fadd.s	f21,f25,f5	 f25:0x3f800000  f5:0xffc00000 f21=0x7fc00000
     336875.000 ns	     33686	800076d0	00251433	sll	x8,x10,x2	 x10:0xffffffff  x2:0x00000000  x8=0xffffffff
     336885.000 ns	     33687	800076d4	00b51013	slli	x0,x10,0xb	 x10:0xffffffff
     336895.000 ns	     33688	800076d8	5bfbfdb7	lui	x27,0x5bfbf	 x27=0x5bfbf000
     336915.000 ns	     33690	800076dc	a0da8dd3	fle.s	x27,f21,f13	 f21:0x7fc00000 f13:0x4de00000 x27=0x00000000
     336935.000 ns	     33692	800076e0	40e9ddb3	sra	x27,x19,x14	 x19:0x000d1e00 x14:0x00000000 x27=0x000d1e00
     336955.000 ns	     33694	800076e4	d00244d3	fcvt.s.w	f9,x4	  x4:0xffffffff  f9=0xbf800000
     336985.000 ns	     33697	800076e8	a1870dd3	fle.s	x27,f14,f24	 f14:0x44000000 f24:0x46a953e6 x27=0x00000001
     337025.000 ns	     33701	800076ec	18e7f753	fdiv.s	f14,f15,f14	 f15:0x00000000 f14:0x44000000 f14=0x00000000
     337395.000 ns	     33738	800076f0	03f46933	rem	x18,x8,x31	  x8:0xffffffff x31:0x200001a3 x18=0xffffffff
     337415.000 ns	     33740	800076f4	001e9593	slli	x11,x29,0x1	 x29:0x80040f78 x11=0x00081ef0
     337425.000 ns	     33741	800076f8	01ac91b3	sll	x3,x25,x26	 x25:0x00000000 x26:0x1bfff860  x3=0x00000000
     337445.000 ns	     33743	800076fc	03091433	mulh	x8,x18,x16	 x18:0xffffffff x16:0x00000000  x8=0x00000000
     337465.000 ns	     33745	80007700	9ab43e93	sltiu	x29,x8,-1621	  x8:0xffffffff x29=0x00000001
     337485.000 ns	     33747	80007704	c018fa53	fcvt.wu.s	x20,f17	 f17:0x7fc00000 x20=0xffffffff
     337515.000 ns	     33750	80007708	216a2453	fsgnjx.s	f8,f20,f22	 f20:0x7fc00000 f22:0x7fc00000  f8=0x7fc00000
     337545.000 ns	     33753	8000770c	29361653	fmax.s	f12,f12,f19	 f12:0x800408c4 f19:0x00000000 f12=0x00000000
     337595.000 ns	     33758	80007710	08f81953	fsub.s	f18,f16,f15	 f16:0xcde00000 f15:0x00000000 f18=0xcde00000
     337615.000 ns	     33760	80007714	0e0c4793	xori	x15,x24,224	 x24:0x80040fe4 x15=0x80040f04
     337635.000 ns	     33762	80007718	034a0a33	mul	x20,x20,x20	 x20:0xffffffff x20:0xffffffff x20=0x00000001
     337655.000 ns	     33764	8000771c	a518ca93	xori	x21,x17,-1455	 x17:0xffffffff x21=0x000005ae
     337675.000 ns	     33766	80007720	0394a833	mulhsu	x16,x9,x25	  x9:0x80041024 x25:0x00000000 x16=0x00000000
     337705.000 ns	     33769	80007724	a06b8353	fle.s	x6,f23,f6	 f23:0x00000000  f6:0xf0e66f6b  x6=0x00000000
     337725.000 ns	     33771	80007728	014782b3	add	x5,x15,x20	 x15:0x80040f04 x20:0x00000001  x5=0x80040f05
     337735.000 ns	     33772	8000772c	ed8d6193	ori	x3,x26,-296	 x26:0x1bfff860  x3=0xfffffef8
     337755.000 ns	     33774	80007730	03c75633	divu	x12,x14,x28	 x14:0x00000000 x28:0x00000000 x12=0xffffffff
     337775.000 ns	     33776	80007734	3bb73637	lui	x12,0x3bb73	 x12=0x3bb73000
     337805.000 ns	     33779	80007738	10d27953	fmul.s	f18,f4,f13	  f4:0xe283ad62 f13:0x4de00000 f18=0xf0e66f6c
     337825.000 ns	     33781	8000773c	292e2293	slti	x5,x28,658	 x28:0x00000000  x5=0x00000001
     337835.000 ns	     33782	80007740	00419d93	slli	x27,x3,0x4	  x3:0xfffffef8 x27=0xffffef80
     337855.000 ns	     33784	80007744	21ce0c53	fsgnj.s	f24,f28,f28	 f28:0xffffffff f28:0xffffffff f24=0xffffffff
     337885.000 ns	     33787	80007748	0357b033	mulhu	x0,x15,x21	 x15:0x80040f04 x21:0x000005ae
     338255.000 ns	     33824	8000774c	0350cd33	div	x26,x1,x21	  x1:0x00000001 x21:0x000005ae x26=0x00000000
     338285.000 ns	     33827	80007750	a01289d3	fle.s	x19,f5,f1	  f5:0xffc00000  f1:0xcde00000 x19=0x00000000
     338335.000 ns	     33832	80007754	09583d53	fsub.s	f26,f16,f21	 f16:0xcde00000 f21:0x7fc00000 f26=0x7fc00000
     338355.000 ns	     33834	80007758	019b5f13	srli	x30,x22,0x19	 x22:0x00000200 x30=0x00000000
     338375.000 ns	     33836	8000775c	02f11633	mulh	x12,x2,x15	  x2:0x00000000 x15:0x80040f04 x12=0x00000000
     338405.000 ns	     33839	80007760	216f1753	fsgnjn.s	f14,f30,f22	 f30:0xbf800000 f22:0x7fc00000 f14=0xbf800000
     338435.000 ns	     33842	80007764	0232b5b3	mulhu	x11,x5,x3	  x5:0x00000001  x3:0xfffffef8 x11=0x00000000
     338465.000 ns	     33845	80007768	c002bf53	fcvt.w.s	x30,f5	  f5:0xffc00000 x30=0x7fffffff
     338485.000 ns	     33847	8000776c	bcb48f13	addi	x30,x9,-1077	  x9:0x80041024 x30=0x80040bef
     338495.000 ns	     33848	80007770	01b9abb3	slt	x23,x19,x27	 x19:0x00000000 x27:0xffffef80 x23=0x00000000
     338515.000 ns	     33850	80007774	20af1fd3	fsgnjn.s	f31,f30,f10	 f30:0xbf800000 f10:0xff800000 f31=0x3f800000
     338545.000 ns	     33853	80007778	03a5eb33	rem	x22,x11,x26	 x11:0x00000000 x26:0x00000000 x22=0x00000000
     338565.000 ns	     33855	8000777c	0187d3b3	srl	x7,x15,x24	 x15:0x80040f04 x24:0x80040fe4  x7=0x080040f0
     338585.000 ns	     33857	80007780	21b80553	fsgnj.s	f10,f16,f27	 f16:0xcde00000 f27:0x5e732cbe f10=0x4de00000
     338615.000 ns	     33860	80007784	e0080853	fmv.x.w	x16,f16	 f16:0xcde00000 x16=0xcde00000
     338645.000 ns	     33863	80007788	c0043853	fcvt.w.s	x16,f8	  f8:0x7fc00000 x16=0x7fffffff
     338665.000 ns	     33865	8000778c	6d1bc413	xori	x8,x23,1745	 x23:0x00000000  x8=0x000006d1
     338685.000 ns	     33867	80007790	03a256b3	divu	x13,x4,x26	  x4:0xffffffff x26:0x00000000 x13=0xffffffff
     338735.000 ns	     33872	80007794	0861b2d3	fsub.s	f5,f3,f6	  f3:0x4ddfffc3  f6:0xf0e66f6b  f5=0x70e66f6b
     338765.000 ns	     33875	80007798	d01ffd53	fcvt.s.wu	f26,x31	 x31:0x200001a3 f26=0x4e000006
     338785.000 ns	     33877	8000779c	d2f60e13	addi	x28,x12,-721	 x12:0x00000000 x28=0xfffffd2f
     338795.000 ns	     33878	800077a0	0061b333	sltu	x6,x3,x6	  x3:0xfffffef8  x6:0x00000000  x6=0x00000000
     338815.000 ns	     33880	800077a4	285908d3	fmin.s	f17,f18,f5	 f18:0xf0e66f6c  f5:0x70e66f6b f17=0xf0e66f6c
     338845.000 ns	     33883	800077a8	a14317d3	flt.s	x15,f6,f20	  f6:0xf0e66f6b f20:0x7fc00000 x15=0x00000000
     338865.000 ns	     33885	800077ac	01e15b13	srli	x22,x2,0x1e	  x2:0x00000000 x22=0x00000000
     338875.000 ns	     33886	800077b0	8bc77e93	andi	x29,x14,-1860	 x14:0x00000000 x29=0x00000000
     338885.000 ns	     33887	800077b4	01ac8d33	add	x26,x25,x26	 x25:0x00000000 x26:0x00000000 x26=0x00000000
     338915.000 ns	     33890	800077b8	11c6fad3	fmul.s	f21,f13,f28	 f13:0x4de00000 f28:0xffffffff f21=0x7fc00000
     338945.000 ns	     33893	800077bc	d01a9b53	fcvt.s.wu	f22,x21	 x21:0x000005ae f22=0x44b5c000
     338965.000 ns	     33895	800077c0	005ec033	xor	x0,x29,x5	 x29:0x00000000  x5:0x00000001
     338975.000 ns	     33896	800077c4	92017e93	andi	x29,x2,-1760	  x2:0x00000000 x29=0x00000000
     338995.000 ns	     33898	800077c8	a1e72653	feq.s	x12,f14,f30	 f14:0xbf800000 f30:0xbf800000 x12=0x00000001
     339015.000 ns	     33900	800077cc	009893b3	sll	x7,x17,x9	 x17:0xffffffff  x9:0x80041024  x7=0xfffffff0
     339055.000 ns	     33904	800077d0	01cc78d3	fadd.s	f17,f24,f28	 f24:0xffffffff f28:0xffffffff f17=0x7fc00000
     339075.000 ns	     33906	800077d4	17114813	xori	x16,x2,369	  x2:0x00000000 x16=0x00000171
     339085.000 ns	     33907	800077d8	66d72d17	auipc	x26,0x66d72	 x26=0xe6d797d8
     339105.000 ns	     33909	800077dc	d01dfdd3	fcvt.s.wu	f27,x27	 x27:0xffffef80 f27=0x4f7fffef
     339135.000 ns	     33912	800077e0	a18688d3	fle.s	x17,f13,f24	 f13:0x4de00000 f24:0xffffffff x17=0x00000000
     339165.000 ns	     33915	800077e4	e0068653	fmv.x.w	x12,f13	 f13:0x4de00000 x12=0x4de00000
     339195.000 ns	     33918	800077e8	c01e9fd3	fcvt.wu.s	x31,f29	 f29:0xcefff2fd x31=0x7ff97e80
     339225.000 ns	     33921	800077ec	20bf88d3	fsgnj.s	f17,f31,f11	 f31:0x3f800000 f11:0x4ddfffc3 f17=0x3f800000
     339245.000 ns	     33923	800077f0	0156d513	srli	x10,x13,0x15	 x13:0xffffffff x10=0x000007ff
     339285.000 ns	     33927	800077f4	08f8f3d3	fsub.s	f7,f17,f15	 f17:0x3f800000 f15:0x00000000  f7=0x3f800000
     339315.000 ns	     33930	800077f8	c0077a53	fcvt.w.s	x20,f14	 f14:0xbf800000 x20=0x00000001
     339345.000 ns	     33933	800077fc	e00e95d3	fclass.s	x11,f29	 f29:0xcefff2fd x11=0x00000002
     339375.000 ns	     33936	80007800	2051acd3	fsgnjx.s	f25,f3,f5	  f3:0x4ddfffc3  f5:0x70e66f6b f25=0x4ddfffc3
     339395.000 ns	     33938	80007804	cc7bc413	xori	x8,x23,-825	 x23:0x00000000  x8=0xfffffcc7
     339405.000 ns	     33939	80007808	018343b3	xor	x7,x6,x24	  x6:0x00000000 x24:0x80040fe4  x7=0x80040fe4
     339425.000 ns	     33941	8000780c	216c86d3	fsgnj.s	f13,f25,f22	 f25:0x4ddfffc3 f22:0x44b5c000 f13=0x4ddfffc3
     339455.000 ns	     33944	80007810	a16aa253	feq.s	x4,f21,f22	 f21:0x7fc00000 f22:0x44b5c000  x4=0x00000000
     339505.000 ns	     33949	80007814	08363553	fsub.s	f10,f12,f3	 f12:0x00000000  f3:0x4ddfffc3 f10=0xcddfffc3
     340685.000 ns	     34067	80007818	580f9853	fsqrt.s	f16,f31	 f31:0x3f800000 f16=0x3f7fffae
     340705.000 ns	     34069	8000781c	0093cfb3	xor	x31,x7,x9	  x7:0x80040fe4  x9:0x80041024 x31=0x00001fc0
     340725.000 ns	     34071	80007820	02df0033	mul	x0,x30,x13	 x30:0x80040bef x13:0xffffffff
     341095.000 ns	     34108	80007824	023245b3	div	x11,x4,x3	  x4:0x00000000  x3:0xfffffef8 x11=0x00000000
     341115.000 ns	     34110	80007828	41915db3	sra	x27,x2,x25	  x2:0x00000000 x25:0x00000000 x27=0x00000000
     341125.000 ns	     34111	8000782c	01925d13	srli	x26,x4,0x19	  x4:0x00000000 x26=0x00000000
     341145.000 ns	     34113	80007830	28cf0a53	fmin.s	f20,f30,f12	 f30:0xbf800000 f12:0x00000000 f20=0xbf800000
     341165.000 ns	     34115	80007834	401d8133	sub	x2,x27,x1	 x27:0x00000000  x1:0x00000001  x2=0xffffffff
     341185.000 ns	     34117	80007838	0398d3b3	divu	x7,x17,x25	 x17:0x00000000 x25:0x00000000  x7=0xffffffff
     341215.000 ns	     34120	8000783c	a09c11d3	flt.s	x3,f24,f9	 f24:0xffffffff  f9:0xbf800000  x3=0x00000000
     341245.000 ns	     34123	80007840	0209cd33	div	x26,x19,x0	 x19:0x00000000  x0:0x00000000 x26=0xffffffff
     341265.000 ns	     34125	80007844	01bd3db3	sltu	x27,x26,x27	 x26:0x00000000 x27:0x00000000 x27=0x00000000
     341275.000 ns	     34126	80007848	016ad713	srli	x14,x21,0x16	 x21:0x000005ae x14=0x00000000
     341295.000 ns	     34128	8000784c	a17b8a53	fle.s	x20,f23,f23	 f23:0x00000000 f23:0x00000000 x20=0x00000001
     341325.000 ns	     34131	80007850	027915b3	mulh	x11,x18,x7	 x18:0xffffffff  x7:0xffffffff x11=0x00000000
     341355.000 ns	     34134	80007854	28d81653	fmax.s	f12,f16,f13	 f16:0x3f7fffae f13:0x4ddfffc3 f12=0x4ddfffc3
     341385.000 ns	     34137	80007858	03950333	mul	x6,x10,x25	 x10:0x000007ff x25:0x00000000  x6=0x00000000
     341415.000 ns	     34140	8000785c	d0137953	fcvt.s.wu	f18,x6	  x6:0x00000000 f18=0x00000000
     341435.000 ns	     34142	80007860	78a5bd17	auipc	x26,0x78a5b	 x26=0xf8a62860
     341445.000 ns	     34143	80007864	0140dd13	srli	x26,x1,0x14	  x1:0x00000001 x26=0x00000000
     341455.000 ns	     34144	80007868	0031beb3	sltu	x29,x3,x3	  x3:0x00000000  x3:0x00000000 x29=0x00000000
     341815.000 ns	     34180	8000786c	03e5ffb3	remu	x31,x11,x30	 x11:0x00000000 x30:0x80040bef x31=0x00000000
     341845.000 ns	     34183	80007870	209329d3	fsgnjx.s	f19,f6,f9	  f6:0xf0e66f6b  f9:0xbf800000 f19=0x70e66f6b
     341865.000 ns	     34185	80007874	01d02033	slt	x0,x0,x29	  x0:0x00000000 x29:0x00000000
     341885.000 ns	     34187	80007878	205b03d3	fsgnj.s	f7,f22,f5	 f22:0x44b5c000  f5:0x70e66f6b  f7=0x44b5c000
     341905.000 ns	     34189	8000787c	015a7933	and	x18,x20,x21	 x20:0x00000001 x21:0x000005ae x18=0x00000000
     341915.000 ns	     34190	80007880	d5bb1b17	auipc	x22,0xd5bb1	 x22=0x55bb8880
     341935.000 ns	     34192	80007884	02b035b3	mulhu	x11,x0,x11	  x0:0x00000000 x11:0x00000000 x11=0x00000000
     341955.000 ns	     34194	80007888	3dc00113	addi	x2,x0,988	  x0:0x00000000  x2=0x000003dc
     341975.000 ns	     34196	8000788c	e0019853	fclass.s	x16,f3	  f3:0x4ddfffc3 x16=0x00000040
     342025.000 ns	     34201	80007890	004122d3	fadd.s	f5,f2,f4	  f2:0x4ddfffc3  f4:0xe283ad62  f5=0xe283ad62
     342045.000 ns	     34203	80007894	00b4c733	xor	x14,x9,x11	  x9:0x80041024 x11:0x00000000 x14=0x80041024
     342055.000 ns	     34204	80007898	43e76593	ori	x11,x14,1086	 x14:0x00000000 x11=0x8004143e
     342075.000 ns	     34206	8000789c	03cfa333	mulhsu	x6,x31,x28	 x31:0x00000000 x28:0xfffffd2f  x6=0x00000000
     342095.000 ns	     34208	800078a0	e464e697	auipc	x13,0xe464e	 x13=0x646558a0
     342105.000 ns	     34209	800078a4	39f92093	slti	x1,x18,927	 x18:0x00000000  x1=0x00000001
     342115.000 ns	     34210	800078a8	00441b33	sll	x22,x8,x4	  x8:0xfffffcc7  x4:0x00000000 x22=0xfffffcc7
     342135.000 ns	     34212	800078ac	a0a72753	feq.s	x14,f14,f10	 f14:0xbf800000 f10:0xcddfffc3 x14=0x00000000
     342165.000 ns	     34215	800078b0	20e22453	fsgnjx.s	f8,f4,f14	  f4:0xe283ad62 f14:0xbf800000  f8=0x6283ad62
     342185.000 ns	     34217	800078b4	c29bd397	auipc	x7,0xc29bd	  x7=0x429c48b4
     342205.000 ns	     34219	800078b8	c01242d3	fcvt.wu.s	x5,f4	  f4:0xe283ad62  x5=0x00000000
     342575.000 ns	     34256	800078bc	0355d5b3	divu	x11,x11,x21	 x11:0x8004143e x21:0x000005ae x11=0x00168a0c
     342605.000 ns	     34259	800078c0	f0070a53	fmv.w.x	f20,x14	 x14:0x00000000 f20=0x00000000
     342635.000 ns	     34262	800078c4	a1c0a1d3	feq.s	x3,f1,f28	  f1:0xcde00000 f28:0xffffffff  x3=0x00000000
     342655.000 ns	     34264	800078c8	00bb9693	slli	x13,x23,0xb	 x23:0x00000000 x13=0x00000000
     342675.000 ns	     34266	800078cc	d00f4d53	fcvt.s.w	f26,x30	 x30:0x80040bef f26=0xcefff7e8
     342695.000 ns	     34268	800078d0	005c1713	slli	x14,x24,0x5	 x24:0x80040fe4 x14=0x0081fc80
     342715.000 ns	     34270	800078d4	21738ed3	fsgnj.s	f29,f7,f23	  f7:0x44b5c000 f23:0x00000000 f29=0x44b5c000
     343085.000 ns	     34307	800078d8	029067b3	rem	x15,x0,x9	  x0:0x00000000  x9:0x80041024 x15=0x00000000
     343115.000 ns	     34310	800078dc	a0ba99d3	flt.s	x19,f21,f11	 f21:0x7fc00000 f11:0x4ddfffc3 x19=0x00000000
     343135.000 ns	     34312	800078e0	01189b93	slli	x23,x17,0x11	 x17:0x00000000 x23=0x00000000
     343175.000 ns	     34316	800078e4	09ab3553	fsub.s	f10,f22,f26	 f22:0x44b5c000 f26:0xcefff7e8 f10=0x4efff7f4
     343205.000 ns	     34319	800078e8	034db133	mulhu	x2,x27,x20	 x27:0x00000000 x20:0x00000001  x2=0x00000000
     343235.000 ns	     34322	800078ec	020df533	remu	x10,x27,x0	 x27:0x00000000  x0:0x00000000 x10=0x00000000
     343255.000 ns	     34324	800078f0	0114ceb3	xor	x29,x9,x17	  x9:0x80041024 x17:0x00000000 x29=0x80041024
     343615.000 ns	     34360	800078f4	036af133	remu	x2,x21,x22	 x21:0x000005ae x22:0xfffffcc7  x2=0x000005ae
     343645.000 ns	     34363	800078f8	20a58253	fsgnj.s	f4,f11,f10	 f11:0x4ddfffc3 f10:0x4efff7f4  f4=0x4ddfffc3
     343665.000 ns	     34365	800078fc	0145adb3	slt	x27,x11,x20	 x11:0x00168a0c x20:0x00000001 x27=0x00000000
     343675.000 ns	     34366	80007900	e76af213	andi	x4,x21,-394	 x21:0x000005ae  x4=0x00000426
     343695.000 ns	     34368	80007904	c0103b53	fcvt.wu.s	x22,f0	  f0:0xcde00000 x22=0x1c000000
     343725.000 ns	     34371	80007908	28410253	fmin.s	f4,f2,f4	  f2:0x4ddfffc3  f4:0x4ddfffc3  f4=0x4ddfffc3
     343745.000 ns	     34373	8000790c	0165b233	sltu	x4,x11,x22	 x11:0x00168a0c x22:0x1c000000  x4=0x00000001
     343755.000 ns	     34374	80007910	6d48f593	andi	x11,x17,1748	 x17:0x00000000 x11=0x00000000
     343795.000 ns	     34378	80007914	0827c5d3	fsub.s	f11,f15,f2	 f15:0x00000000  f2:0x4ddfffc3 f11=0xcddfffc3
     343815.000 ns	     34380	80007918	00c7bdb3	sltu	x27,x15,x12	 x15:0x00000000 x12:0x4de00000 x27=0x00000001
     344985.000 ns	     34497	8000791c	580d8dd3	fsqrt.s	f27,f27	 f27:0x4f7fffef f27=0x47350456
     345015.000 ns	     34500	80007920	d01175d3	fcvt.s.wu	f11,x2	  x2:0x000005ae f11=0x44b5c000
     345045.000 ns	     34503	80007924	f0050bd3	fmv.w.x	f23,x10	 x10:0x00000000 f23=0x00000000
     345065.000 ns	     34505	80007928	41c75593	srai	x11,x14,0x1c	 x14:0x0081fc80 x11=0x00000000
     345085.000 ns	     34507	8000792c	c018a353	fcvt.wu.s	x6,f17	 f17:0x3f800000  x6=0x00000001
     345105.000 ns	     34509	80007930	99b24193	xori	x3,x4,-1637	  x4:0x00000001  x3=0xfffff99a
     345115.000 ns	     34510	80007934	40f0d9b3	sra	x19,x1,x15	  x1:0x00000001 x15:0x00000000 x19=0x00000001
     345125.000 ns	     34511	80007938	009cc2b3	xor	x5,x25,x9	 x25:0x00000000  x9:0x80041024  x5=0x80041024
     345155.000 ns	     34514	8000793c	102a9053	fmul.s	f0,f21,f2	 f21:0x7fc00000  f2:0x4ddfffc3  f0=0x7fc00000
     345175.000 ns	     34516	80007940	01c8e733	or	x14,x17,x28	 x17:0x00000000 x28:0xfffffd2f x14=0xfffffd2f
     345195.000 ns	     34518	80007944	a1559ad3	flt.s	x21,f11,f21	 f11:0x44b5c000 f21:0x7fc00000 x21=0x00000000
     345215.000 ns	     34520	80007948	01fdffb3	and	x31,x27,x31	 x27:0x00000001 x31:0x00000000 x31=0x00000000
     345235.000 ns	     34522	8000794c	e0018f53	fmv.x.w	x30,f3	  f3:0x4ddfffc3 x30=0x4ddfffc3
     345255.000 ns	     34524	80007950	b61b5b37	lui	x22,0xb61b5	 x22=0xb61b5000
     345275.000 ns	     34526	80007954	e0050753	fmv.x.w	x14,f10	 f10:0x4efff7f4 x14=0x4efff7f4
     345315.000 ns	     34530	80007958	187078d3	fdiv.s	f17,f0,f7	  f0:0x7fc00000  f7:0x44b5c000 f17=0x7fc00000
     345335.000 ns	     34532	8000795c	516f7b93	andi	x23,x30,1302	 x30:0x4ddfffc3 x23=0x00000502
     345345.000 ns	     34533	80007960	62244817	auipc	x16,0x62244	 x16=0xe224b960
     345355.000 ns	     34534	80007964	47f73893	sltiu	x17,x14,1151	 x14:0x4efff7f4 x17=0x00000000
     345375.000 ns	     34536	80007968	a1042353	feq.s	x6,f8,f16	  f8:0x6283ad62 f16:0x3f7fffae  x6=0x00000000
     345395.000 ns	     34538	8000796c	95023a13	sltiu	x20,x4,-1712	  x4:0x00000001 x20=0x00000001
     345405.000 ns	     34539	80007970	414e5b13	srai	x22,x28,0x14	 x28:0xfffffd2f x22=0xffffffff
     345415.000 ns	     34540	80007974	a2f41017	auipc	x0,0xa2f41	
     345425.000 ns	     34541	80007978	1dcdf293	andi	x5,x27,476	 x27:0x00000001  x5=0x00000000
     345445.000 ns	     34543	8000797c	a1090053	fle.s	x0,f18,f16	 f18:0x00000000 f16:0x3f7fffae
     345475.000 ns	     34546	80007980	03cd0eb3	mul	x29,x26,x28	 x26:0x00000000 x28:0xfffffd2f x29=0x00000000
     345495.000 ns	     34548	80007984	01de01b3	add	x3,x28,x29	 x28:0xfffffd2f x29:0x80041024  x3=0xfffffd2f
     345505.000 ns	     34549	80007988	40125913	srai	x18,x4,0x1	  x4:0x00000001 x18=0x00000000
     345515.000 ns	     34550	8000798c	0016a9b3	slt	x19,x13,x1	 x13:0x00000000  x1:0x00000001 x19=0x00000001
     345535.000 ns	     34552	80007990	a1df18d3	flt.s	x17,f30,f29	 f30:0xbf800000 f29:0x44b5c000 x17=0x00000001
     345565.000 ns	     34555	80007994	298d91d3	fmax.s	f3,f27,f24	 f27:0x47350456 f24:0xffffffff  f3=0x47350456
     345605.000 ns	     34559	80007998	11231cd3	fmul.s	f25,f6,f18	  f6:0xf0e66f6b f18:0x00000000 f25=0x80000000
     345625.000 ns	     34561	8000799c	016350b3	srl	x1,x6,x22	  x6:0x00000000 x22:0xffffffff  x1=0x00000000
     345645.000 ns	     34563	800079a0	e00f08d3	fmv.x.w	x17,f30	 f30:0xbf800000 x17=0xbf800000
     345665.000 ns	     34565	800079a4	000e9eb3	sll	x29,x29,x0	 x29:0x00000000  x0:0x00000000 x29=0x00000000
     345685.000 ns	     34567	800079a8	f0020dd3	fmv.w.x	f27,x4	  x4:0x00000001 f27=0x00000001
     345705.000 ns	     34569	800079ac	415ed6b3	sra	x13,x29,x21	 x29:0x00000000 x21:0x00000000 x13=0x00000000
     345715.000 ns	     34570	800079b0	4685deb7	lui	x29,0x4685d	 x29=0x4685d000
     345735.000 ns	     34572	800079b4	e00009d3	fmv.x.w	x19,f0	  f0:0x7fc00000 x19=0x7fc00000
     345765.000 ns	     34575	800079b8	214c18d3	fsgnjn.s	f17,f24,f20	 f24:0xffffffff f20:0x00000000 f17=0xffffffff
     345795.000 ns	     34578	800079bc	d010cad3	fcvt.s.wu	f21,x1	  x1:0x00000000 f21=0x00000000
     345825.000 ns	     34581	800079c0	02d5a833	mulhsu	x16,x11,x13	 x11:0x00000000 x13:0x00000000 x16=0x00000000
     346195.000 ns	     34618	800079c4	03844f33	div	x30,x8,x24	  x8:0xfffffcc7 x24:0x80040fe4 x30=0x00000000
     346215.000 ns	     34620	800079c8	00000013	addi	x0,x0,0	  x0:0x00000000
     346225.000 ns	     34621	800079cc	009003b3	add	x7,x0,x9	  x0:0x00000000  x9:0x80041024  x7=0x80041024
     346255.000 ns	     34624	800079d0	580cfc53	fsqrt.s	f24,f25	 f25:0x80000000 f24=0x80000000
     346285.000 ns	     34627	800079d4	21888b53	fsgnj.s	f22,f17,f24	 f17:0xffffffff f24:0xffffffff f22=0xffffffff
     346315.000 ns	     34630	800079d8	a1910bd3	fle.s	x23,f2,f25	  f2:0x4ddfffc3 f25:0x80000000 x23=0x00000000
     346335.000 ns	     34632	800079dc	00542bb3	slt	x23,x8,x5	  x8:0xfffffcc7  x5:0x00000000 x23=0x00000001
     346345.000 ns	     34633	800079e0	41e95633	sra	x12,x18,x30	 x18:0x00000000 x30:0x00000000 x12=0x00000000
     346365.000 ns	     34635	800079e4	f0040ed3	fmv.w.x	f29,x8	  x8:0xfffffcc7 f29=0xfffffcc7
     346385.000 ns	     34637	800079e8	40e285b3	sub	x11,x5,x14	  x5:0x00000000 x14:0x4efff7f4 x11=0xb100080c
     346405.000 ns	     34639	800079ec	0309a433	mulhsu	x8,x19,x16	 x19:0x7fc00000 x16:0x00000000  x8=0x00000000
     346435.000 ns	     34642	800079f0	e00315d3	fclass.s	x11,f6	  f6:0xf0e66f6b x11=0x00000002
     346455.000 ns	     34644	800079f4	01d55e33	srl	x28,x10,x29	 x10:0x00000000 x29:0x4685d000 x28=0x00000000
     346465.000 ns	     34645	800079f8	00e7b533	sltu	x10,x15,x14	 x15:0x00000000 x14:0x4efff7f4 x10=0x00000001
     346475.000 ns	     34646	800079fc	006212b3	sll	x5,x4,x6	  x4:0x00000001  x6:0x00000000  x5=0x00000001
     346485.000 ns	     34647	80007a00	cad74e13	xori	x28,x14,-851	 x14:0x4efff7f4 x28=0xb1000b59
     346505.000 ns	     34649	80007a04	29b28ad3	fmin.s	f21,f5,f27	  f5:0xe283ad62 f27:0x00000001 f21=0xe283ad62
     346555.000 ns	     34654	80007a08	01e6b253	fadd.s	f4,f13,f30	 f13:0x4ddfffc3 f30:0xbf800000  f4=0x4ddfffc3
     346585.000 ns	     34657	80007a0c	a14b9653	flt.s	x12,f23,f20	 f23:0x00000000 f20:0x00000000 x12=0x00000000
     346625.000 ns	     34661	80007a10	117e72d3	fmul.s	f5,f28,f23	 f28:0xffffffff f23:0x00000000  f5=0x7fc00000
     346645.000 ns	     34663	80007a14	01a6aa33	slt	x20,x13,x26	 x13:0x00000000 x26:0x00000000 x20=0x00000000
     346655.000 ns	     34664	80007a18	01aad013	srli	x0,x21,0x1a	 x21:0x00000000
     346665.000 ns	     34665	80007a1c	017d8833	add	x16,x27,x23	 x27:0x00000001 x23:0x00000001 x16=0x00000002
     346685.000 ns	     34667	80007a20	0390feb3	remu	x29,x1,x25	  x1:0x00000000 x25:0x00000000 x29=0x00000000
     346705.000 ns	     34669	80007a24	00f56eb3	or	x29,x10,x15	 x10:0x00000001 x15:0x00000000 x29=0x00000001
     346725.000 ns	     34671	80007a28	037336b3	mulhu	x13,x6,x23	  x6:0x00000000 x23:0x00000001 x13=0x00000000
     346755.000 ns	     34674	80007a2c	20bd06d3	fsgnj.s	f13,f26,f11	 f26:0xcefff7e8 f11:0x44b5c000 f13=0x4efff7e8
     346775.000 ns	     34676	80007a30	40e880b3	sub	x1,x17,x14	 x17:0xbf800000 x14:0x4efff7f4  x1=0x7080080c
     346795.000 ns	     34678	80007a34	d0138853	fcvt.s.wu	f16,x7	  x7:0x80041024 f16=0x4f000410
     346815.000 ns	     34680	80007a38	00605293	srli	x5,x0,0x6	  x0:0x00000000  x5=0x00000000
     346825.000 ns	     34681	80007a3c	a28ef513	andi	x10,x29,-1496	 x29:0x00000001 x10=0x00000000
     346835.000 ns	     34682	80007a40	01941533	sll	x10,x8,x25	  x8:0x00000000 x25:0x00000000 x10=0x00000000
     346855.000 ns	     34684	80007a44	d01d7053	fcvt.s.wu	f0,x26	 x26:0x00000000  f0=0x00000000
     346895.000 ns	     34688	80007a48	580887d3	fsqrt.s	f15,f17	 f17:0xffffffff f15=0x7fc00000
     346915.000 ns	     34690	80007a4c	00b10db3	add	x27,x2,x11	  x2:0x000005ae x11:0x00000002 x27=0x000005b0
     346925.000 ns	     34691	80007a50	403e59b3	sra	x19,x28,x3	 x28:0xb1000b59  x3:0xfffffd2f x19=0xffff6200
     346945.000 ns	     34693	80007a54	021a2333	mulhsu	x6,x20,x1	 x20:0x00000000  x1:0x7080080c  x6=0x00000000
     346965.000 ns	     34695	80007a58	0016d333	srl	x6,x13,x1	 x13:0x00000000  x1:0x7080080c  x6=0x00000000
     346975.000 ns	     34696	80007a5c	41ba07b3	sub	x15,x20,x27	 x20:0x00000000 x27:0x000005b0 x15=0xfffffa50
     346995.000 ns	     34698	80007a60	a1422ed3	feq.s	x29,f4,f20	  f4:0x4ddfffc3 f20:0x00000000 x29=0x00000000
     347335.000 ns	     34732	80007a64	1953fa53	fdiv.s	f20,f7,f21	  f7:0x44b5c000 f21:0xe283ad62 f20=0xa135c000
     347355.000 ns	     34734	80007a68	011b4033	xor	x0,x22,x17	 x22:0xffffffff x17:0xbf800000
     347385.000 ns	     34737	80007a6c	180c71d3	fdiv.s	f3,f24,f0	 f24:0x80000000  f0:0x00000000  f3=0x7fc00000
     347405.000 ns	     34739	80007a70	725b8b93	addi	x23,x23,1829	 x23:0x00000001 x23=0x00000726
     347445.000 ns	     34743	80007a74	08aefe53	fsub.s	f28,f29,f10	 f29:0xfffffcc7 f10:0x4efff7f4 f28=0x7fc00000
     347465.000 ns	     34745	80007a78	41bb02b3	sub	x5,x22,x27	 x22:0xffffffff x27:0x000005b0  x5=0xfffffa4f
     347495.000 ns	     34748	80007a7c	5801f853	fsqrt.s	f16,f3	  f3:0x7fc00000 f16=0x7fc00000
     347835.000 ns	     34782	80007a80	19e34d53	fdiv.s	f26,f6,f30	  f6:0xf0e66f6b f30:0xbf800000 f26=0x706e4db0
     347865.000 ns	     34785	80007a84	29891f53	fmax.s	f30,f18,f24	 f18:0x00000000 f24:0x80000000 f30=0x00000000
     347895.000 ns	     34788	80007a88	a0e515d3	flt.s	x11,f10,f14	 f10:0x4efff7f4 f14:0xbf800000 x11=0x00000000
     347925.000 ns	     34791	80007a8c	e00c1353	fclass.s	x6,f24	 f24:0x80000000  x6=0x00000008
     347945.000 ns	     34793	80007a90	50657193	andi	x3,x10,1286	 x10:0x00000000  x3=0x00000000
     347965.000 ns	     34795	80007a94	29fe0a53	fmin.s	f20,f28,f31	 f28:0x7fc00000 f31:0x3f800000 f20=0x3f800000
     348335.000 ns	     34832	80007a98	029b7033	remu	x0,x22,x9	 x22:0xffffffff  x9:0x80041024
     348355.000 ns	     34834	80007a9c	4110d213	srai	x4,x1,0x11	  x1:0x7080080c  x4=0x00003840
     348375.000 ns	     34836	80007aa0	03e77b33	remu	x22,x14,x30	 x14:0x4efff7f4 x30:0x00000000 x22=0x4efff7f4
     348395.000 ns	     34838	80007aa4	00000013	addi	x0,x0,0	  x0:0x00000000
     348755.000 ns	     34874	80007aa8	03b7e9b3	rem	x19,x15,x27	 x15:0xfffffa50 x27:0x000005b0 x19=0x00000000
     348775.000 ns	     34876	80007aac	ab243813	sltiu	x16,x8,-1358	  x8:0x00000000 x16=0x00000001
     348795.000 ns	     34878	80007ab0	c011fed3	fcvt.wu.s	x29,f3	  f3:0x7fc00000 x29=0xffffffff
     349165.000 ns	     34915	80007ab4	0303c8b3	div	x17,x7,x16	  x7:0x80041024 x16:0x00000002 x17=0x80041024
     349195.000 ns	     34918	80007ab8	e00f8ed3	fmv.x.w	x29,f31	 f31:0x3f800000 x29=0x3f800000
     349215.000 ns	     34920	80007abc	01685f93	srli	x31,x16,0x16	 x16:0x00000001 x31=0x00000000
     349545.000 ns	     34953	80007ac0	1845b6d3	fdiv.s	f13,f11,f4	 f11:0x44b5c000  f4:0x4ddfffc3 f13=0x3635c000
     349575.000 ns	     34956	80007ac4	a1ca2bd3	feq.s	x23,f20,f28	 f20:0x3f800000 f28:0x7fc00000 x23=0x00000000
     349595.000 ns	     34958	80007ac8	0094dd33	srl	x26,x9,x9	  x9:0x80041024  x9:0x80041024 x26=0x08004102
     349615.000 ns	     34960	80007acc	c017ced3	fcvt.wu.s	x29,f15	 f15:0x7fc00000 x29=0xffffffff
     349645.000 ns	     34963	80007ad0	21179253	fsgnjn.s	f4,f15,f17	 f15:0x7fc00000 f17:0xffffffff  f4=0x7fc00000
     349675.000 ns	     34966	80007ad4	2090a253	fsgnjx.s	f4,f1,f9	  f1:0xcde00000  f9:0xbf800000  f4=0x4de00000
     349695.000 ns	     34968	80007ad8	da26c013	xori	x0,x13,-606	 x13:0x00000000
     349705.000 ns	     34969	80007adc	000de3b3	or	x7,x27,x0	 x27:0x000005b0  x0:0x00000000  x7=0x000005b0
     349715.000 ns	     34970	80007ae0	62521397	auipc	x7,0x62521	  x7=0xe2528ae0
     350045.000 ns	     35003	80007ae4	18dffad3	fdiv.s	f21,f31,f13	 f31:0x3f800000 f13:0x3635c000 f21=0x48b4b418
     350085.000 ns	     35007	80007ae8	18a073d3	fdiv.s	f7,f0,f10	  f0:0x00000000 f10:0x4efff7f4  f7=0x00000000
     350115.000 ns	     35010	80007aec	c00d0dd3	fcvt.w.s	x27,f26	 f26:0x706e4db0 x27=0x7fffffff
     350135.000 ns	     35012	80007af0	00bcb6b3	sltu	x13,x25,x11	 x25:0x00000000 x11:0x00000000 x13=0x00000000
     350155.000 ns	     35014	80007af4	d007f2d3	fcvt.s.w	f5,x15	 x15:0xfffffa50  f5=0xc4b60000
     350185.000 ns	     35017	80007af8	29c98953	fmin.s	f18,f19,f28	 f19:0x70e66f6b f28:0x7fc00000 f18=0x70e66f6b
     350205.000 ns	     35019	80007afc	54466a13	ori	x20,x12,1348	 x12:0x00000000 x20=0x00000544
     350225.000 ns	     35021	80007b00	030800b3	mul	x1,x16,x16	 x16:0x00000001 x16:0x00000001  x1=0x00000001
     350245.000 ns	     35023	80007b04	00ac50b3	srl	x1,x24,x10	 x24:0x80040fe4 x10:0x00000000  x1=0x80040fe4
     350265.000 ns	     35025	80007b08	21a910d3	fsgnjn.s	f1,f18,f26	 f18:0x70e66f6b f26:0x706e4db0  f1=0xf0e66f6b
     350295.000 ns	     35028	80007b0c	e0070053	fmv.x.w	x0,f14	 f14:0xbf800000
     350325.000 ns	     35031	80007b10	020949b3	div	x19,x18,x0	 x18:0x00000000  x0:0x00000000 x19=0xffffffff
     350345.000 ns	     35033	80007b14	402b51b3	sra	x3,x22,x2	 x22:0x4efff7f4  x2:0x000005ae  x3=0x00013bff
     350385.000 ns	     35037	80007b18	00027053	fadd.s	f0,f4,f0	  f4:0x4de00000  f0:0x00000000  f0=0x4de00000
     350415.000 ns	     35040	80007b1c	20e304d3	fsgnj.s	f9,f6,f14	  f6:0xf0e66f6b f14:0xbf800000  f9=0xf0e66f6b
     350445.000 ns	     35043	80007b20	f00b86d3	fmv.w.x	f13,x23	 x23:0x00000000 f13=0x00000000
     350475.000 ns	     35046	80007b24	037beb33	rem	x22,x23,x23	 x23:0x00000000 x23:0x00000000 x22=0x00000000
     350845.000 ns	     35083	80007b28	038fc633	div	x12,x31,x24	 x31:0x00000000 x24:0x80040fe4 x12=0x00000000
     350865.000 ns	     35085	80007b2c	014ad213	srli	x4,x21,0x14	 x21:0x00000000  x4=0x00000000
     350885.000 ns	     35087	80007b30	a0588ed3	fle.s	x29,f17,f5	 f17:0xffffffff  f5:0xc4b60000 x29=0x00000000
     350905.000 ns	     35089	80007b34	ff748693	addi	x13,x9,-9	  x9:0x80041024 x13=0x8004101b
     351265.000 ns	     35125	80007b38	038a4db3	div	x27,x20,x24	 x20:0x00000544 x24:0x80040fe4 x27=0x00000000
     351635.000 ns	     35162	80007b3c	038b70b3	remu	x1,x22,x24	 x22:0x00000000 x24:0x80040fe4  x1=0x00000000
     351655.000 ns	     35164	80007b40	b1cb3813	sltiu	x16,x22,-1252	 x22:0x00000000 x16=0x00000001
     351675.000 ns	     35166	80007b44	c0174153	fcvt.wu.s	x2,f14	 f14:0xbf800000  x2=0x00000001
     351705.000 ns	     35169	80007b48	20152053	fsgnjx.s	f0,f10,f1	 f10:0x4efff7f4  f1:0xf0e66f6b  f0=0xcefff7f4
     351725.000 ns	     35171	80007b4c	12fae137	lui	x2,0x12fae	  x2=0x12fae000
     351745.000 ns	     35173	80007b50	03baebb3	rem	x23,x21,x27	 x21:0x00000000 x27:0x00000000 x23=0x00000000
     352115.000 ns	     35210	80007b54	0303c933	div	x18,x7,x16	  x7:0xe2528ae0 x16:0x00000001 x18=0xe2528ae0
     352155.000 ns	     35214	80007b58	11cdaf53	fmul.s	f30,f27,f28	 f27:0x00000001 f28:0x7fc00000 f30=0x7fc00000
     352175.000 ns	     35216	80007b5c	8c7a8e13	addi	x28,x21,-1849	 x21:0x00000000 x28=0xfffff8c7
     352195.000 ns	     35218	80007b60	20539cd3	fsgnjn.s	f25,f7,f5	  f7:0x00000000  f5:0xc4b60000 f25=0x00000000
     352215.000 ns	     35220	80007b64	40a9d693	srai	x13,x19,0xa	 x19:0xffffffff x13=0xffffffff
     352235.000 ns	     35222	80007b68	28568d53	fmin.s	f26,f13,f5	 f13:0x00000000  f5:0xc4b60000 f26=0xc4b60000
     352255.000 ns	     35224	80007b6c	415dd833	sra	x16,x27,x21	 x27:0x00000000 x21:0x00000000 x16=0x00000000
     352285.000 ns	     35227	80007b70	112774d3	fmul.s	f9,f14,f18	 f14:0xbf800000 f18:0x70e66f6b  f9=0xf0e66f6c
     352315.000 ns	     35230	80007b74	d001fc53	fcvt.s.w	f24,x3	  x3:0x00013bff f24=0x479dff80
     352335.000 ns	     35232	80007b78	00000013	addi	x0,x0,0	  x0:0x00000000
     352355.000 ns	     35234	80007b7c	a1c90853	fle.s	x16,f18,f28	 f18:0x70e66f6b f28:0x7fc00000 x16=0x00000000
     352375.000 ns	     35236	80007b80	70d40413	addi	x8,x8,1805	  x8:0x00000000  x8=0x0000070d
     352385.000 ns	     35237	80007b84	f2724393	xori	x7,x4,-217	  x4:0x00000000  x7=0xffffff27
     352425.000 ns	     35241	80007b88	00238ed3	fadd.s	f29,f7,f2	  f7:0x00000000  f2:0x4ddfffc3 f29=0x4ddfffc3
     352795.000 ns	     35278	80007b8c	0224ceb3	div	x29,x9,x2	  x9:0x80041024  x2:0x12fae000 x29=0xfffffffa
     352815.000 ns	     35280	80007b90	019702b3	add	x5,x14,x25	 x14:0x4efff7f4 x25:0x00000000  x5=0x4efff7f4
     352835.000 ns	     35282	80007b94	29f91cd3	fmax.s	f25,f18,f31	 f18:0x70e66f6b f31:0x3f800000 f25=0x70e66f6b
     352855.000 ns	     35284	80007b98	00000013	addi	x0,x0,0	  x0:0x00000000
     352895.000 ns	     35288	80007b9c	09cdf5d3	fsub.s	f11,f27,f28	 f27:0x00000001 f28:0x7fc00000 f11=0x7fc00000
     352915.000 ns	     35290	80007ba0	408bd233	sra	x4,x23,x8	 x23:0x00000000  x8:0x0000070d  x4=0x00000000
     352935.000 ns	     35292	80007ba4	e00b0ed3	fmv.x.w	x29,f22	 f22:0xffffffff x29=0xffffffff
     352985.000 ns	     35297	80007ba8	09ff7e53	fsub.s	f28,f30,f31	 f30:0x7fc00000 f31:0x3f800000 f28=0x7fc00000
     353005.000 ns	     35299	80007bac	01792ab3	slt	x21,x18,x23	 x18:0xe2528ae0 x23:0x00000000 x21=0x00000001
     353025.000 ns	     35301	80007bb0	e0041953	fclass.s	x18,f8	  f8:0x6283ad62 x18=0x00000040
     353045.000 ns	     35303	80007bb4	0124d033	srl	x0,x9,x18	  x9:0x80041024 x18:0xe2528ae0
     353055.000 ns	     35304	80007bb8	013051b3	srl	x3,x0,x19	  x0:0x00000000 x19:0xffffffff  x3=0x00000000
     353415.000 ns	     35340	80007bbc	0320dfb3	divu	x31,x1,x18	  x1:0x00000000 x18:0x00000040 x31=0x00000000
     353445.000 ns	     35343	80007bc0	d0184153	fcvt.s.wu	f2,x16	 x16:0x00000000  f2=0x00000000
     353465.000 ns	     35345	80007bc4	339c0317	auipc	x6,0x339c0	  x6=0xb39c7bc4
     353485.000 ns	     35347	80007bc8	c0187bd3	fcvt.wu.s	x23,f16	 f16:0x7fc00000 x23=0xffffffff
     353525.000 ns	     35351	80007bcc	580e2753	fsqrt.s	f14,f28	 f28:0x7fc00000 f14=0x7fc00000
     353545.000 ns	     35353	80007bd0	ebc3b413	sltiu	x8,x7,-324	  x7:0xffffff27  x8=0x00000000
     353905.000 ns	     35389	80007bd4	03d27b33	remu	x22,x4,x29	  x4:0x00000000 x29:0xffffffff x22=0x00000000
     353925.000 ns	     35391	80007bd8	00f9a333	slt	x6,x19,x15	 x19:0xffffffff x15:0xfffffa50  x6=0x00000000
     354285.000 ns	     35427	80007bdc	03aec733	div	x14,x29,x26	 x29:0xffffffff x26:0x08004102 x14=0x00000000
     354315.000 ns	     35430	80007be0	21a92fd3	fsgnjx.s	f31,f18,f26	 f18:0x70e66f6b f26:0xc4b60000 f31=0xf0e66f6b
     354345.000 ns	     35433	80007be4	f00e0fd3	fmv.w.x	f31,x28	 x28:0xfffff8c7 f31=0xfffff8c7
     354365.000 ns	     35435	80007be8	016a5fb3	srl	x31,x20,x22	 x20:0x00000544 x22:0x00000000 x31=0x00000544
     354385.000 ns	     35437	80007bec	214489d3	fsgnj.s	f19,f9,f20	  f9:0xf0e66f6c f20:0x3f800000 f19=0x70e66f6c
     354415.000 ns	     35440	80007bf0	02681333	mulh	x6,x16,x6	 x16:0x00000000  x6:0x00000000  x6=0x00000000
     354435.000 ns	     35442	80007bf4	017f4d33	xor	x26,x30,x23	 x30:0x00000000 x23:0xffffffff x26=0xffffffff
     354455.000 ns	     35444	80007bf8	29f59c53	fmax.s	f24,f11,f31	 f11:0x7fc00000 f31:0xfffff8c7 f24=0x7fc00000
     354485.000 ns	     35447	80007bfc	20ac1ed3	fsgnjn.s	f29,f24,f10	 f24:0x479dff80 f10:0x4efff7f4 f29=0xffc00000
     354515.000 ns	     35450	80007c00	03b5a3b3	mulhsu	x7,x11,x27	 x11:0x00000000 x27:0x00000000  x7=0x00000000
     354555.000 ns	     35454	80007c04	580d7ed3	fsqrt.s	f29,f26	 f26:0xc4b60000 f29=0x7fc00000
     354575.000 ns	     35456	80007c08	00000013	addi	x0,x0,0	  x0:0x00000000
     354585.000 ns	     35457	80007c0c	0012c7b3	xor	x15,x5,x1	  x5:0x4efff7f4  x1:0x00000000 x15=0x4efff7f4
     354595.000 ns	     35458	80007c10	01bdba33	sltu	x20,x27,x27	 x27:0x00000000 x27:0x00000000 x20=0x00000000
     354625.000 ns	     35461	80007c14	580773d3	fsqrt.s	f7,f14	 f14:0x7fc00000  f7=0x7fc00000
     354645.000 ns	     35463	80007c18	001e7bb3	and	x23,x28,x1	 x28:0xfffff8c7  x1:0x00000000 x23=0x00000000
     354655.000 ns	     35464	80007c1c	e00a6793	ori	x15,x20,-512	 x20:0x00000000 x15=0xfffffe00
     354665.000 ns	     35465	80007c20	dd8cb237	lui	x4,0xdd8cb	  x4=0xdd8cb000
     354685.000 ns	     35467	80007c24	0215ba33	mulhu	x20,x11,x1	 x11:0x00000000  x1:0x00000000 x20=0x00000000
     354715.000 ns	     35470	80007c28	e00b1953	fclass.s	x18,f22	 f22:0xffffffff x18=0x00000200
     354745.000 ns	     35473	80007c2c	d001f0d3	fcvt.s.w	f1,x3	  x3:0x00000000  f1=0x00000000
     354775.000 ns	     35476	80007c30	f0090e53	fmv.w.x	f28,x18	 x18:0x00000200 f28=0x00000200
     354795.000 ns	     35478	80007c34	547d8693	addi	x13,x27,1351	 x27:0x00000000 x13=0x00000547
     354815.000 ns	     35480	80007c38	03d132b3	mulhu	x5,x2,x29	  x2:0x12fae000 x29:0xffffffff  x5=0x12fadfff
     354845.000 ns	     35483	80007c3c	282197d3	fmax.s	f15,f3,f2	  f3:0x7fc00000  f2:0x00000000 f15=0x00000000
     354865.000 ns	     35485	80007c40	291e4113	xori	x2,x28,657	 x28:0xfffff8c7  x2=0xfffffa56
     354875.000 ns	     35486	80007c44	40d65b93	srai	x23,x12,0xd	 x12:0x00000000 x23=0x00000000
     354885.000 ns	     35487	80007c48	763aed93	ori	x27,x21,1891	 x21:0x00000001 x27=0x00000763
     354895.000 ns	     35488	80007c4c	3c517d93	andi	x27,x2,965	  x2:0xfffffa56 x27=0x00000244
     354915.000 ns	     35490	80007c50	a0210253	fle.s	x4,f2,f2	  f2:0x00000000  f2:0x00000000  x4=0x00000001
     354935.000 ns	     35492	80007c54	85cb6537	lui	x10,0x85cb6	 x10=0x85cb6000
     355295.000 ns	     35528	80007c58	029243b3	div	x7,x4,x9	  x4:0x00000001  x9:0x80041024  x7=0x00000000
     355335.000 ns	     35532	80007c5c	19ecf853	fdiv.s	f16,f25,f30	 f25:0x70e66f6b f30:0x7fc00000 f16=0x7fc00000
     355365.000 ns	     35535	80007c60	c01dbd53	fcvt.wu.s	x26,f27	 f27:0x00000001 x26=0x00000000
     355405.000 ns	     35539	80007c64	5805bf53	fsqrt.s	f30,f11	 f11:0x7fc00000 f30=0x7fc00000
     355775.000 ns	     35576	80007c68	02a2f233	remu	x4,x5,x10	  x5:0x12fadfff x10:0x85cb6000  x4=0x12fadfff
     355795.000 ns	     35578	80007c6c	0195a533	slt	x10,x11,x25	 x11:0x00000000 x25:0x00000000 x10=0x00000000
     355805.000 ns	     35579	80007c70	01069a13	slli	x20,x13,0x10	 x13:0x00000547 x20=0x05470000
     355815.000 ns	     35580	80007c74	a5870213	addi	x4,x14,-1448	 x14:0x00000000  x4=0xfffffa58
     355825.000 ns	     35581	80007c78	94f4b813	sltiu	x16,x9,-1713	  x9:0x80041024 x16=0x00000001
     355835.000 ns	     35582	80007c7c	41ab5733	sra	x14,x22,x26	 x22:0x00000000 x26:0x00000000 x14=0x00000000
     355855.000 ns	     35584	80007c80	03abaa33	mulhsu	x20,x23,x26	 x23:0x00000000 x26:0x00000000 x20=0x00000000
     355885.000 ns	     35587	80007c84	030e9f33	mulh	x30,x29,x16	 x29:0xffffffff x16:0x00000001 x30=0xffffffff
     355915.000 ns	     35590	80007c88	c0187bd3	fcvt.wu.s	x23,f16	 f16:0x7fc00000 x23=0xffffffff
     355945.000 ns	     35593	80007c8c	280813d3	fmax.s	f7,f16,f0	 f16:0x7fc00000  f0:0xcefff7f4  f7=0xcefff7f4
     355975.000 ns	     35596	80007c90	e00e08d3	fmv.x.w	x17,f28	 f28:0x00000200 x17=0x00000200
     355995.000 ns	     35598	80007c94	24f50e13	addi	x28,x10,591	 x10:0x00000000 x28=0x0000024f
     356035.000 ns	     35602	80007c98	09fffed3	fsub.s	f29,f31,f31	 f31:0xfffff8c7 f31:0xfffff8c7 f29=0x7fc00000
     356055.000 ns	     35604	80007c9c	8477aa93	slti	x21,x15,-1977	 x15:0xfffffe00 x21=0x00000000
     356065.000 ns	     35605	80007ca0	41ae08b3	sub	x17,x28,x26	 x28:0x0000024f x26:0x00000000 x17=0x0000024f
     356105.000 ns	     35609	80007ca4	08773cd3	fsub.s	f25,f14,f7	 f14:0x7fc00000  f7:0xcefff7f4 f25=0x7fc00000
     356135.000 ns	     35612	80007ca8	21642353	fsgnjx.s	f6,f8,f22	  f8:0x6283ad62 f22:0xffffffff  f6=0xe283ad62
     356155.000 ns	     35614	80007cac	412ed013	srai	x0,x29,0x12	 x29:0xffffffff
     356175.000 ns	     35616	80007cb0	d00b7453	fcvt.s.w	f8,x22	 x22:0x00000000  f8=0x00000000
     356205.000 ns	     35619	80007cb4	c01683d3	fcvt.wu.s	x7,f13	 f13:0x00000000  x7=0x00000000
     356245.000 ns	     35623	80007cb8	10b54d53	fmul.s	f26,f10,f11	 f10:0x4efff7f4 f11:0x7fc00000 f26=0x7fc00000
     356275.000 ns	     35626	80007cbc	03b2aa33	mulhsu	x20,x5,x27	  x5:0x12fadfff x27:0x00000244 x20=0x0000002b
     356295.000 ns	     35628	80007cc0	40f181b3	sub	x3,x3,x15	  x3:0x00000000 x15:0xfffffe00  x3=0x00000200
     356305.000 ns	     35629	80007cc4	2f6af013	andi	x0,x21,758	 x21:0x00000000
     356315.000 ns	     35630	80007cc8	00000013	addi	x0,x0,0	  x0:0x00000000
     356335.000 ns	     35632	80007ccc	20ae94d3	fsgnjn.s	f9,f29,f10	 f29:0x7fc00000 f10:0x4efff7f4  f9=0xffc00000
     356365.000 ns	     35635	80007cd0	a0011d53	flt.s	x26,f2,f0	  f2:0x00000000  f0:0xcefff7f4 x26=0x00000000
     356385.000 ns	     35637	80007cd4	00193233	sltu	x4,x18,x1	 x18:0x00000200  x1:0x00000000  x4=0x00000000
     356405.000 ns	     35639	80007cd8	280f0153	fmin.s	f2,f30,f0	 f30:0x7fc00000  f0:0xcefff7f4  f2=0xcefff7f4
     356435.000 ns	     35642	80007cdc	034ab033	mulhu	x0,x21,x20	 x21:0x00000000 x20:0x0000002b
     356455.000 ns	     35644	80007ce0	01195533	srl	x10,x18,x17	 x18:0x00000200 x17:0x0000024f x10=0x00000000
     356475.000 ns	     35646	80007ce4	d0157ed3	fcvt.s.wu	f29,x10	 x10:0x00000000 f29=0x00000000
     356505.000 ns	     35649	80007ce8	025b0e33	mul	x28,x22,x5	 x22:0x00000000  x5:0x12fadfff x28=0x00000000
     356535.000 ns	     35652	80007cec	f00782d3	fmv.w.x	f5,x15	 x15:0xfffffe00  f5=0xfffffe00
     356565.000 ns	     35655	80007cf0	02779833	mulh	x16,x15,x7	 x15:0xfffffe00  x7:0x00000000 x16=0x00000000
     356595.000 ns	     35658	80007cf4	a12526d3	feq.s	x13,f10,f18	 f10:0x4efff7f4 f18:0x70e66f6b x13=0x00000000
     356635.000 ns	     35662	80007cf8	191a0553	fdiv.s	f10,f20,f17	 f20:0x3f800000 f17:0xffffffff f10=0x7fc00000
     356665.000 ns	     35665	80007cfc	a05a1e53	flt.s	x28,f20,f5	 f20:0x3f800000  f5:0xfffffe00 x28=0x00000000
     356695.000 ns	     35668	80007d00	290c93d3	fmax.s	f7,f25,f16	 f25:0x7fc00000 f16:0x7fc00000  f7=0x7fc00000
     356715.000 ns	     35670	80007d04	90a543b7	lui	x7,0x90a54	  x7=0x90a54000
     356725.000 ns	     35671	80007d08	00c59933	sll	x18,x11,x12	 x11:0x00000000 x12:0x00000000 x18=0x00000000
     356745.000 ns	     35673	80007d0c	0216a433	mulhsu	x8,x13,x1	 x13:0x00000000  x1:0x00000000  x8=0x00000000
     356775.000 ns	     35676	80007d10	02f11333	mulh	x6,x2,x15	  x2:0xfffffa56 x15:0xfffffe00  x6=0x00000000
     356795.000 ns	     35678	80007d14	3790b337	lui	x6,0x3790b	  x6=0x3790b000
     356815.000 ns	     35680	80007d18	291c9653	fmax.s	f12,f25,f17	 f25:0x7fc00000 f17:0xffffffff f12=0x7fc00000
     356845.000 ns	     35683	80007d1c	d017fbd3	fcvt.s.wu	f23,x15	 x15:0xfffffe00 f23=0x4f7ffffe
     356875.000 ns	     35686	80007d20	213225d3	fsgnjx.s	f11,f4,f19	  f4:0x4de00000 f19:0x70e66f6c f11=0x4de00000
     356895.000 ns	     35688	80007d24	19b04397	auipc	x7,0x19b04	  x7=0x99b0bd24
     356915.000 ns	     35690	80007d28	21080753	fsgnj.s	f14,f16,f16	 f16:0x7fc00000 f16:0x7fc00000 f14=0x7fc00000
     356935.000 ns	     35692	80007d2c	00e73fb3	sltu	x31,x14,x14	 x14:0x00000000 x14:0x00000000 x31=0x00000000
     356945.000 ns	     35693	80007d30	9e3c8b93	addi	x23,x25,-1565	 x25:0x00000000 x23=0xfffff9e3
     356965.000 ns	     35695	80007d34	f00088d3	fmv.w.x	f17,x1	  x1:0x00000000 f17=0x00000000
     356995.000 ns	     35698	80007d38	28819c53	fmax.s	f24,f3,f8	  f3:0x7fc00000  f8:0x00000000 f24=0x00000000
     357015.000 ns	     35700	80007d3c	004470b3	and	x1,x8,x4	  x8:0x00000000  x4:0x00000000  x1=0x00000000
     357035.000 ns	     35702	80007d40	a0a880d3	fle.s	x1,f17,f10	 f17:0x00000000 f10:0x7fc00000  x1=0x00000000
     357055.000 ns	     35704	80007d44	0010d233	srl	x4,x1,x1	  x1:0x00000000  x1:0x00000000  x4=0x00000000
     357075.000 ns	     35706	80007d48	d00cb653	fcvt.s.w	f12,x25	 x25:0x00000000 f12=0x00000000
     357095.000 ns	     35708	80007d4c	41928d33	sub	x26,x5,x25	  x5:0x12fadfff x25:0x00000000 x26=0x12fadfff
     357115.000 ns	     35710	80007d50	d00a74d3	fcvt.s.w	f9,x20	 x20:0x0000002b  f9=0x422c0000
     357145.000 ns	     35713	80007d54	0358e033	rem	x0,x17,x21	 x17:0x0000024f x21:0x00000000
     357165.000 ns	     35715	80007d58	3ac2c393	xori	x7,x5,940	  x5:0x12fadfff  x7=0x12fadc53
     357175.000 ns	     35716	80007d5c	01830ab3	add	x21,x6,x24	  x6:0x3790b000 x24:0x80040fe4 x21=0xb794bfe4
     357195.000 ns	     35718	80007d60	a0288953	fle.s	x18,f17,f2	 f17:0x00000000  f2:0xcefff7f4 x18=0x00000000
     357225.000 ns	     35721	80007d64	c01b9f53	fcvt.wu.s	x30,f23	 f23:0x4f7ffffe x30=0xfffffe00
     357265.000 ns	     35725	80007d68	1008bed3	fmul.s	f29,f17,f0	 f17:0x00000000  f0:0xcefff7f4 f29=0x80000000
     357285.000 ns	     35727	80007d6c	a5e06817	auipc	x16,0xa5e06	 x16=0x25e0dd6c
     357305.000 ns	     35729	80007d70	c0187953	fcvt.wu.s	x18,f16	 f16:0x7fc00000 x18=0xffffffff
     357335.000 ns	     35732	80007d74	0327b733	mulhu	x14,x15,x18	 x15:0xfffffe00 x18:0x00000000 x14=0xfffffdff
     357375.000 ns	     35736	80007d78	11f3c653	fmul.s	f12,f7,f31	  f7:0x7fc00000 f31:0xfffff8c7 f12=0x7fc00000
     357395.000 ns	     35738	80007d7c	a36a0393	addi	x7,x20,-1482	 x20:0x0000002b  x7=0xfffffa61
     357435.000 ns	     35742	80007d80	09620b53	fsub.s	f22,f4,f22	  f4:0x4de00000 f22:0xffffffff f22=0x7fc00000
     357455.000 ns	     35744	80007d84	08f3b993	sltiu	x19,x7,143	  x7:0x12fadc53 x19=0x00000000
     357495.000 ns	     35748	80007d88	0156f7d3	fadd.s	f15,f13,f21	 f13:0x00000000 f21:0x48b4b418 f15=0x48b4b418
     357515.000 ns	     35750	80007d8c	007a2233	slt	x4,x20,x7	 x20:0x0000002b  x7:0xfffffa61  x4=0x00000000
     357525.000 ns	     35751	80007d90	0008d193	srli	x3,x17,0x0	 x17:0x0000024f  x3=0x0000024f
     357545.000 ns	     35753	80007d94	03758b33	mul	x22,x11,x23	 x11:0x00000000 x23:0xfffff9e3 x22=0x00000000
     357575.000 ns	     35756	80007d98	a0298b53	fle.s	x22,f19,f2	 f19:0x70e66f6c  f2:0xcefff7f4 x22=0x00000000
     357625.000 ns	     35761	80007d9c	08b42ad3	fsub.s	f21,f8,f11	  f8:0x00000000 f11:0x4de00000 f21=0xcde00000
     357655.000 ns	     35764	80007da0	02846333	rem	x6,x8,x8	  x8:0x00000000  x8:0x00000000  x6=0x00000000
     357685.000 ns	     35767	80007da4	d00235d3	fcvt.s.w	f11,x4	  x4:0x00000000 f11=0x00000000
     357705.000 ns	     35769	80007da8	af0aa993	slti	x19,x21,-1296	 x21:0xb794bfe4 x19=0x00000001
     357725.000 ns	     35771	80007dac	a0631953	flt.s	x18,f6,f6	  f6:0xe283ad62  f6:0xe283ad62 x18=0x00000000
     358095.000 ns	     35808	80007db0	0335cd33	div	x26,x11,x19	 x11:0x00000000 x19:0x00000000 x26=0x00000000
     358125.000 ns	     35811	80007db4	288510d3	fmax.s	f1,f10,f8	 f10:0x7fc00000  f8:0x00000000  f1=0x00000000
     358145.000 ns	     35813	80007db8	30f9cb93	xori	x23,x19,783	 x19:0x00000001 x23=0x0000030e
     358155.000 ns	     35814	80007dbc	01146db3	or	x27,x8,x17	  x8:0x00000000 x17:0x0000024f x27=0x0000024f
     358165.000 ns	     35815	80007dc0	e5bd9b97	auipc	x23,0xe5bd9	 x23=0x65be0dc0
     358185.000 ns	     35817	80007dc4	c01cf453	fcvt.wu.s	x8,f25	 f25:0x7fc00000  x8=0xffffffff
     358225.000 ns	     35821	80007dc8	5806c853	fsqrt.s	f16,f13	 f13:0x00000000 f16=0x00000000
     358255.000 ns	     35824	80007dcc	d010add3	fcvt.s.wu	f27,x1	  x1:0x00000000 f27=0x00000000
     358285.000 ns	     35827	80007dd0	03d49533	mulh	x10,x9,x29	  x9:0x80041024 x29:0xffffffff x10=0x00000000
     358325.000 ns	     35831	80007dd4	5805fb53	fsqrt.s	f22,f11	 f11:0x00000000 f22=0x00000000
     358355.000 ns	     35834	80007dd8	284a0553	fmin.s	f10,f20,f4	 f20:0x3f800000  f4:0x4de00000 f10=0x3f800000
     358375.000 ns	     35836	80007ddc	85c38193	addi	x3,x7,-1956	  x7:0xfffffa61  x3=0xfffff2bd
     358385.000 ns	     35837	80007de0	64a32e13	slti	x28,x6,1610	  x6:0x00000000 x28=0x00000001
     358395.000 ns	     35838	80007de4	01d4da33	srl	x20,x9,x29	  x9:0x80041024 x29:0xffffffff x20=0x00000001
     358415.000 ns	     35840	80007de8	204a0cd3	fsgnj.s	f25,f20,f4	 f20:0x3f800000  f4:0x4de00000 f25=0x3f800000
     358445.000 ns	     35843	80007dec	a02896d3	flt.s	x13,f17,f2	 f17:0x00000000  f2:0xcefff7f4 x13=0x00000000
     358495.000 ns	     35848	80007df0	019137d3	fadd.s	f15,f2,f25	  f2:0xcefff7f4 f25:0x3f800000 f15=0xcefff7f3
     358515.000 ns	     35850	80007df4	016a8233	add	x4,x21,x22	 x21:0xb794bfe4 x22:0x00000000  x4=0xb794bfe4
     358535.000 ns	     35852	80007df8	02c21333	mulh	x6,x4,x12	  x4:0x00000000 x12:0x00000000  x6=0x00000000
     358555.000 ns	     35854	80007dfc	004c40b3	xor	x1,x24,x4	 x24:0x80040fe4  x4:0x00000000  x1=0x3790b000
     358575.000 ns	     35856	80007e00	e0071953	fclass.s	x18,f14	 f14:0x7fc00000 x18=0x00000200
     358625.000 ns	     35861	80007e04	085dc653	fsub.s	f12,f27,f5	 f27:0x00000000  f5:0xfffffe00 f12=0x7fc00000
     358655.000 ns	     35864	80007e08	29cc1153	fmax.s	f2,f24,f28	 f24:0x00000000 f28:0x00000200  f2=0x00000200
     358675.000 ns	     35866	80007e0c	0b9cbd13	sltiu	x26,x25,185	 x25:0x00000000 x26=0x00000001
     358685.000 ns	     35867	80007e10	f9a3e697	auipc	x13,0xf9a3e	 x13=0x79a45e10
     358695.000 ns	     35868	80007e14	edda7093	andi	x1,x20,-291	 x20:0x00000001  x1=0x00000001
     358715.000 ns	     35870	80007e18	e0038b53	fmv.x.w	x22,f7	  f7:0x7fc00000 x22=0x7fc00000
     358745.000 ns	     35873	80007e1c	02b36fb3	rem	x31,x6,x11	  x6:0x00000000 x11:0x00000000 x31=0x00000000
     358775.000 ns	     35876	80007e20	29aa10d3	fmax.s	f1,f20,f26	 f20:0x3f800000 f26:0x7fc00000  f1=0x3f800000
     358805.000 ns	     35879	80007e24	29618853	fmin.s	f16,f3,f22	  f3:0x7fc00000 f22:0x00000000 f16=0x00000000
     358835.000 ns	     35882	80007e28	e00091d3	fclass.s	x3,f1	  f1:0x3f800000  x3=0x00000040
     358865.000 ns	     35885	80007e2c	025412b3	mulh	x5,x8,x5	  x8:0xffffffff  x5:0x12fadfff  x5=0xffffffff
     358895.000 ns	     35888	80007e30	28880153	fmin.s	f2,f16,f8	 f16:0x00000000  f8:0x00000000  f2=0x00000000
     358915.000 ns	     35890	80007e34	40415e93	srai	x29,x2,0x4	  x2:0xfffffa56 x29=0xffffffa5
     358935.000 ns	     35892	80007e38	287d9053	fmax.s	f0,f27,f7	 f27:0x00000000  f7:0x7fc00000  f0=0x00000000
     358955.000 ns	     35894	80007e3c	01500b33	add	x22,x0,x21	  x0:0x00000000 x21:0xb794bfe4 x22=0xb794bfe4
     358965.000 ns	     35895	80007e40	41815893	srai	x17,x2,0x18	  x2:0xfffffa56 x17=0xffffffff
     358975.000 ns	     35896	80007e44	5e014393	xori	x7,x2,1504	  x2:0xfffffa56  x7=0xffffffb6
     358985.000 ns	     35897	80007e48	5787b613	sltiu	x12,x15,1400	 x15:0xfffffe00 x12=0x00000000
     358995.000 ns	     35898	80007e4c	01b042b3	xor	x5,x0,x27	  x0:0x00000000 x27:0x0000024f  x5=0x0000024f
     359005.000 ns	     35899	80007e50	000ff1b3	and	x3,x31,x0	 x31:0x00000000  x0:0x00000000  x3=0x00000000
     359015.000 ns	     35900	80007e54	0f28af13	slti	x30,x17,242	 x17:0xffffffff x30=0x00000001
     359035.000 ns	     35902	80007e58	f00902d3	fmv.w.x	f5,x18	 x18:0x00000200  f5=0x00000200
     359055.000 ns	     35904	80007e5c	00bceeb3	or	x29,x25,x11	 x25:0x00000000 x11:0x00000000 x29=0x00000000
     359075.000 ns	     35906	80007e60	d0197ad3	fcvt.s.wu	f21,x18	 x18:0x00000200 f21=0x44000000
     359095.000 ns	     35908	80007e64	8dbdbd93	sltiu	x27,x27,-1829	 x27:0x0000024f x27=0x00000001
     359115.000 ns	     35910	80007e68	e00b0753	fmv.x.w	x14,f22	 f22:0x00000000 x14=0x00000000
     359145.000 ns	     35913	80007e6c	20b489d3	fsgnj.s	f19,f9,f11	  f9:0x422c0000 f11:0x00000000 f19=0x422c0000
     359195.000 ns	     35918	80007e70	01a3f9d3	fadd.s	f19,f7,f26	  f7:0x7fc00000 f26:0x7fc00000 f19=0x7fc00000
     359215.000 ns	     35920	80007e74	006aee33	or	x28,x21,x6	 x21:0xb794bfe4  x6:0x00000000 x28=0xb794bfe4
     359235.000 ns	     35922	80007e78	28fe9c53	fmax.s	f24,f29,f15	 f29:0x80000000 f15:0xcefff7f3 f24=0x80000000
     359255.000 ns	     35924	80007e7c	b90ef093	andi	x1,x29,-1136	 x29:0x00000000  x1=0x00000000
     359275.000 ns	     35926	80007e80	a1312953	feq.s	x18,f2,f19	  f2:0x00000000 f19:0x7fc00000 x18=0x00000000
     359305.000 ns	     35929	80007e84	a1d48653	fle.s	x12,f9,f29	  f9:0x422c0000 f29:0x80000000 x12=0x00000000
     359355.000 ns	     35934	80007e88	08c93353	fsub.s	f6,f18,f12	 f18:0x70e66f6b f12:0x7fc00000  f6=0x7fc00000
     359385.000 ns	     35937	80007e8c	02e912b3	mulh	x5,x18,x14	 x18:0x00000000 x14:0x00000000  x5=0x00000000
     359435.000 ns	     35942	80007e90	0086f853	fadd.s	f16,f13,f8	 f13:0x00000000  f8:0x00000000 f16=0x00000000
     359465.000 ns	     35945	80007e94	a05b22d3	feq.s	x5,f22,f5	 f22:0x00000000  f5:0x00000200  x5=0x00000000
     359495.000 ns	     35948	80007e98	e0041853	fclass.s	x16,f8	  f8:0x00000000 x16=0x00000010
     359515.000 ns	     35950	80007e9c	01959b13	slli	x22,x11,0x19	 x11:0x00000000 x22=0x00000000
     359525.000 ns	     35951	80007ea0	b113ca13	xori	x20,x7,-1263	  x7:0xffffffb6 x20=0x000004a7
     359855.000 ns	     35984	80007ea4	192a7853	fdiv.s	f16,f20,f18	 f20:0x3f800000 f18:0x70e66f6b f16=0x0e000000
     359885.000 ns	     35987	80007ea8	e00001d3	fmv.x.w	x3,f0	  f0:0x00000000  x3=0x00000000
     359905.000 ns	     35989	80007eac	41dcdbb3	sra	x23,x25,x29	 x25:0x00000000 x29:0x00000000 x23=0x00000000
     359925.000 ns	     35991	80007eb0	023e3633	mulhu	x12,x28,x3	 x28:0xb794bfe4  x3:0x00000000 x12=0x00000000
     359945.000 ns	     35993	80007eb4	41628db3	sub	x27,x5,x22	  x5:0x00000000 x22:0x00000000 x27=0x00000000
     359965.000 ns	     35995	80007eb8	a0870453	fle.s	x8,f14,f8	 f14:0x7fc00000  f8:0x00000000  x8=0x00000000
     359985.000 ns	     35997	80007ebc	f60a6813	ori	x16,x20,-160	 x20:0x000004a7 x16=0xffffffe7
     360005.000 ns	     35999	80007ec0	c01df853	fcvt.wu.s	x16,f27	 f27:0x00000000 x16=0x00000000
     360025.000 ns	     36001	80007ec4	c4a72d13	slti	x26,x14,-950	 x14:0x00000000 x26=0x00000000
     360045.000 ns	     36003	80007ec8	292c1c53	fmax.s	f24,f24,f18	 f24:0x80000000 f18:0x70e66f6b f24=0x70e66f6b
     360075.000 ns	     36006	80007ecc	e00d1bd3	fclass.s	x23,f26	 f26:0x7fc00000 x23=0x00000200
     360105.000 ns	     36009	80007ed0	e00298d3	fclass.s	x17,f5	  f5:0x00000200 x17=0x00000020
     360125.000 ns	     36011	80007ed4	b9acff93	andi	x31,x25,-1126	 x25:0x00000000 x31=0x00000000
     360165.000 ns	     36015	80007ed8	09d311d3	fsub.s	f3,f6,f29	  f6:0x7fc00000 f29:0x80000000  f3=0x7fc00000
     360185.000 ns	     36017	80007edc	20a456b7	lui	x13,0x20a45	 x13=0x20a45000
     360205.000 ns	     36019	80007ee0	e0078a53	fmv.x.w	x20,f15	 f15:0xcefff7f3 x20=0xcefff7f3
     360575.000 ns	     36056	80007ee4	02de7e33	remu	x28,x28,x13	 x28:0xb794bfe4 x13:0x79a45e10 x28=0x145f2fe4
     360595.000 ns	     36058	80007ee8	257d7d13	andi	x26,x26,599	 x26:0x00000000 x26=0x00000000
     360615.000 ns	     36060	80007eec	e00690d3	fclass.s	x1,f13	 f13:0x00000000  x1=0x00000010
     360635.000 ns	     36062	80007ef0	8bd5cf93	xori	x31,x11,-1859	 x11:0x00000000 x31=0xfffff8bd
     360645.000 ns	     36063	80007ef4	007ad193	srli	x3,x21,0x7	 x21:0xb794bfe4  x3=0x016f297f
     360665.000 ns	     36065	80007ef8	0274bdb3	mulhu	x27,x9,x7	  x9:0x80041024  x7:0xffffffb6 x27=0x80040ffe
     360685.000 ns	     36067	80007efc	40305913	srai	x18,x0,0x3	  x0:0x00000000 x18=0x00000000
     360705.000 ns	     36069	80007f00	29b80353	fmin.s	f6,f16,f27	 f16:0x0e000000 f27:0x00000000  f6=0x00000000
     360735.000 ns	     36072	80007f04	2023aed3	fsgnjx.s	f29,f7,f2	  f7:0x7fc00000  f2:0x00000000 f29=0x7fc00000
     360765.000 ns	     36075	80007f08	f00d8ad3	fmv.w.x	f21,x27	 x27:0x80040ffe f21=0x80040ffe
     360785.000 ns	     36077	80007f0c	3d93f193	andi	x3,x7,985	  x7:0xffffffb6  x3=0x00000390
     360805.000 ns	     36079	80007f10	03d67bb3	remu	x23,x12,x29	 x12:0x00000000 x29:0x00000000 x23=0x00000000
     360855.000 ns	     36084	80007f14	091e7c53	fsub.s	f24,f28,f17	 f28:0x00000200 f17:0x00000000 f24=0x00000200
     360875.000 ns	     36086	80007f18	016f4633	xor	x12,x30,x22	 x30:0x00000001 x22:0x00000000 x12=0x00000001
     360885.000 ns	     36087	80007f1c	41bb57b3	sra	x15,x22,x27	 x22:0x00000000 x27:0x80040ffe x15=0x00000000
     360895.000 ns	     36088	80007f20	0111ddb3	srl	x27,x3,x17	  x3:0x00000390 x17:0x00000020 x27=0x00000390
     360905.000 ns	     36089	80007f24	005cb0b3	sltu	x1,x25,x5	 x25:0x00000000  x5:0x00000000  x1=0x00000000
     360925.000 ns	     36091	80007f28	d006c553	fcvt.s.w	f10,x13	 x13:0x20a45000 f10=0x4e029140
     360945.000 ns	     36093	80007f2c	00261433	sll	x8,x12,x2	 x12:0x00000001  x2:0xfffffa56  x8=0x00400000
     360955.000 ns	     36094	80007f30	89442093	slti	x1,x8,-1900	  x8:0x00000000  x1=0x00000000
     361315.000 ns	     36130	80007f34	02954db3	div	x27,x10,x9	 x10:0x00000000  x9:0x80041024 x27=0x00000000
     361345.000 ns	     36133	80007f38	e00b0953	fmv.x.w	x18,f22	 f22:0x00000000 x18=0x00000000
     361365.000 ns	     36135	80007f3c	0027d793	srli	x15,x15,0x2	 x15:0x00000000 x15=0x00000000
     361385.000 ns	     36137	80007f40	e0089bd3	fclass.s	x23,f17	 f17:0x00000000 x23=0x00000010
     361405.000 ns	     36139	80007f44	0119d413	srli	x8,x19,0x11	 x19:0x00000001  x8=0x00000000
     361435.000 ns	     36142	80007f48	1003fbd3	fmul.s	f23,f7,f0	  f7:0x7fc00000  f0:0x00000000 f23=0x7fc00000
     361455.000 ns	     36144	80007f4c	00ca5d33	srl	x26,x20,x12	 x20:0xcefff7f3 x12:0x00000001 x26=0x677ffbf9
     361475.000 ns	     36146	80007f50	e00091d3	fclass.s	x3,f1	  f1:0x3f800000  x3=0x00000040
     361495.000 ns	     36148	80007f54	4190d033	sra	x0,x1,x25	  x1:0x00000000 x25:0x00000000
     361515.000 ns	     36150	80007f58	030075b3	remu	x11,x0,x16	  x0:0x00000000 x16:0x00000000 x11=0x00000000
     361535.000 ns	     36152	80007f5c	01078eb3	add	x29,x15,x16	 x15:0x00000000 x16:0x00000000 x29=0x00000000
     361565.000 ns	     36155	80007f60	10b776d3	fmul.s	f13,f14,f11	 f14:0x7fc00000 f11:0x00000000 f13=0x7fc00000
     361585.000 ns	     36157	80007f64	00946433	or	x8,x8,x9	  x8:0x00000000  x9:0x80041024  x8=0x80041024
     361605.000 ns	     36159	80007f68	29351a53	fmax.s	f20,f10,f19	 f10:0x4e029140 f19:0x7fc00000 f20=0x4e029140
     361635.000 ns	     36162	80007f6c	c002f553	fcvt.w.s	x10,f5	  f5:0x00000200 x10=0x00000000
     361665.000 ns	     36165	80007f70	03f39733	mulh	x14,x7,x31	  x7:0xffffffb6 x31:0xfffff8bd x14=0x00000000
     361685.000 ns	     36167	80007f74	00000013	addi	x0,x0,0	  x0:0x00000000
     361725.000 ns	     36171	80007f78	099b72d3	fsub.s	f5,f22,f25	 f22:0x00000000 f25:0x3f800000  f5=0xbf800000
     361745.000 ns	     36173	80007f7c	9c9b0413	addi	x8,x22,-1591	 x22:0x00000000  x8=0xfffff9c9
     361755.000 ns	     36174	80007f80	c7a7e513	ori	x10,x15,-902	 x15:0x00000000 x10=0xfffffc7a
     361765.000 ns	     36175	80007f84	01597bb3	and	x23,x18,x21	 x18:0x00000000 x21:0xb794bfe4 x23=0x00000000
     361785.000 ns	     36177	80007f88	d0157753	fcvt.s.wu	f14,x10	 x10:0x00000000 f14=0x4f7ffffc
     361805.000 ns	     36179	80007f8c	01591e13	slli	x28,x18,0x15	 x18:0x00000000 x28=0x00000000
     361825.000 ns	     36181	80007f90	02c7b3b3	mulhu	x7,x15,x12	 x15:0x00000000 x12:0x00000001  x7=0x00000000
     361855.000 ns	     36184	80007f94	d00f01d3	fcvt.s.w	f3,x30	 x30:0x00000001  f3=0x3f800000
     361905.000 ns	     36189	80007f98	017af9d3	fadd.s	f19,f21,f23	 f21:0x80040ffe f23:0x7fc00000 f19=0x7fc00000
     361925.000 ns	     36191	80007f9c	00000013	addi	x0,x0,0	  x0:0x00000000
     361945.000 ns	     36193	80007fa0	c007f553	fcvt.w.s	x10,f15	 f15:0xcefff7f3 x10=0x7ffbf980
     361965.000 ns	     36195	80007fa4	bec38593	addi	x11,x7,-1044	  x7:0x00000000 x11=0xfffffbec
     361975.000 ns	     36196	80007fa8	b04c8f13	addi	x30,x25,-1276	 x25:0x00000000 x30=0xfffffb04
     361995.000 ns	     36198	80007fac	29091353	fmax.s	f6,f18,f16	 f18:0x70e66f6b f16:0x0e000000  f6=0x70e66f6b
     362015.000 ns	     36200	80007fb0	0144feb3	and	x29,x9,x20	  x9:0x80041024 x20:0xcefff7f3 x29=0x80041020
     363185.000 ns	     36317	80007fb4	58057453	fsqrt.s	f8,f10	 f10:0x4e029140  f8=0x4638a5f6
     363555.000 ns	     36354	80007fb8	029cdfb3	divu	x31,x25,x9	 x25:0x00000000  x9:0x80041024 x31=0x00000000
     363575.000 ns	     36356	80007fbc	00067d33	and	x26,x12,x0	 x12:0x00000001  x0:0x00000000 x26=0x00000000
     363585.000 ns	     36357	80007fc0	009a8a33	add	x20,x21,x9	 x21:0xb794bfe4  x9:0x80041024 x20=0x3798d008
     363605.000 ns	     36359	80007fc4	28cc8bd3	fmin.s	f23,f25,f12	 f25:0x3f800000 f12:0x7fc00000 f23=0x3f800000
     363645.000 ns	     36363	80007fc8	5808fd53	fsqrt.s	f26,f17	 f17:0x00000000 f26=0x00000000
     363695.000 ns	     36368	80007fcc	09abf253	fsub.s	f4,f23,f26	 f23:0x3f800000 f26:0x7fc00000  f4=0x3f800000
     363725.000 ns	     36371	80007fd0	02117833	remu	x16,x2,x1	  x2:0xfffffa56  x1:0x00000000 x16=0xfffffa56
     363755.000 ns	     36374	80007fd4	a1ed9f53	flt.s	x30,f27,f30	 f27:0x00000000 f30:0x7fc00000 x30=0x00000000
     363775.000 ns	     36376	80007fd8	8d177293	andi	x5,x14,-1839	 x14:0x00000000  x5=0x00000000
     363795.000 ns	     36378	80007fdc	e00f18d3	fclass.s	x17,f30	 f30:0x7fc00000 x17=0x00000200
     363815.000 ns	     36380	80007fe0	017afa33	and	x20,x21,x23	 x21:0xb794bfe4 x23:0x00000000 x20=0x00000000
     363825.000 ns	     36381	80007fe4	54c99db7	lui	x27,0x54c99	 x27=0x54c99000
     364155.000 ns	     36414	80007fe8	19247dd3	fdiv.s	f27,f8,f18	  f8:0x4638a5f6 f18:0x70e66f6b f27=0x14b8a5f6
     364195.000 ns	     36418	80007fec	19a9fdd3	fdiv.s	f27,f19,f26	 f19:0x7fc00000 f26:0x00000000 f27=0x7fc00000
     364215.000 ns	     36420	80007ff0	a3dff313	andi	x6,x31,-1475	 x31:0x00000000  x6=0x00000000
     364235.000 ns	     36422	80007ff4	e0089ad3	fclass.s	x21,f17	 f17:0x00000000 x21=0x00000010
     364255.000 ns	     36424	80007ff8	002aad33	slt	x26,x21,x2	 x21:0xb794bfe4  x2:0xfffffa56 x26=0x00000000
     364275.000 ns	     36426	80007ffc	208ea2d3	fsgnjx.s	f5,f29,f8	 f29:0x7fc00000  f8:0x4638a5f6  f5=0x7fc00000
     364645.000 ns	     36463	80008000	031ad0b3	divu	x1,x21,x17	 x21:0x00000010 x17:0x00000200  x1=0x00000000
     364665.000 ns	     36465	80008004	010c95b3	sll	x11,x25,x16	 x25:0x00000000 x16:0xfffffa56 x11=0x00000000
     364685.000 ns	     36467	80008008	c01b7a53	fcvt.wu.s	x20,f22	 f22:0x00000000 x20=0x00000000
     365055.000 ns	     36504	8000800c	02cc5e33	divu	x28,x24,x12	 x24:0x80040fe4 x12:0x00000001 x28=0x80040fe4
     365085.000 ns	     36507	80008010	d013a153	fcvt.s.wu	f2,x7	  x7:0x00000000  f2=0x00000000
     365115.000 ns	     36510	80008014	28b49dd3	fmax.s	f27,f9,f11	  f9:0x422c0000 f11:0x00000000 f27=0x422c0000
     365135.000 ns	     36512	80008018	011c7033	and	x0,x24,x17	 x24:0x80040fe4 x17:0x00000200
     365155.000 ns	     36514	8000801c	20de8453	fsgnj.s	f8,f29,f13	 f29:0x7fc00000 f13:0x7fc00000  f8=0x7fc00000
     365205.000 ns	     36519	80008020	01d77453	fadd.s	f8,f14,f29	 f14:0x4f7ffffc f29:0x7fc00000  f8=0x7fc00000
     365575.000 ns	     36556	80008024	038d61b3	rem	x3,x26,x24	 x26:0x00000000 x24:0x80040fe4  x3=0x00000000
     365915.000 ns	     36590	80008028	18f79353	fdiv.s	f6,f15,f15	 f15:0xcefff7f3 f15:0xcefff7f3  f6=0x3f7ff7f4
     365935.000 ns	     36592	8000802c	014b1513	slli	x10,x22,0x14	 x22:0x00000000 x10=0x00000000
     365955.000 ns	     36594	80008030	d00373d3	fcvt.s.w	f7,x6	  x6:0x00000000  f7=0x00000000
     366005.000 ns	     36599	80008034	08eb88d3	fsub.s	f17,f23,f14	 f23:0x3f800000 f14:0x4f7ffffc f17=0xcf7ffffc
     366035.000 ns	     36602	80008038	d01478d3	fcvt.s.wu	f17,x8	  x8:0xfffff9c9 f17=0x4f7ffff9
     366065.000 ns	     36605	8000803c	28908ad3	fmin.s	f21,f1,f9	  f1:0x3f800000  f9:0x422c0000 f21=0x3f800000
     366085.000 ns	     36607	80008040	00776133	or	x2,x14,x7	 x14:0x00000000  x7:0x00000000  x2=0x00000000
     366115.000 ns	     36610	80008044	19b139d3	fdiv.s	f19,f2,f27	  f2:0x00000000 f27:0x422c0000 f19=0x00000000
     366145.000 ns	     36613	80008048	039e3db3	mulhu	x27,x28,x25	 x28:0x80040fe4 x25:0x00000000 x27=0x00000000
     366175.000 ns	     36616	8000804c	d00df353	fcvt.s.w	f6,x27	 x27:0x54c99000  f6=0x00000000
     366205.000 ns	     36619	80008050	e00b1bd3	fclass.s	x23,f22	 f22:0x00000000 x23=0x00000010
     366225.000 ns	     36621	80008054	01c253b3	srl	x7,x4,x28	  x4:0xb794bfe4 x28:0x80040fe4  x7=0x0b794bfe
     366265.000 ns	     36625	80008058	09822e53	fsub.s	f28,f4,f24	  f4:0x3f800000 f24:0x00000200 f28=0x3f800000
     366295.000 ns	     36628	8000805c	033a8e33	mul	x28,x21,x19	 x21:0x00000010 x19:0x00000001 x28=0x00000010
     366345.000 ns	     36633	80008060	09cf76d3	fsub.s	f13,f30,f28	 f30:0x7fc00000 f28:0x3f800000 f13=0x7fc00000
     366365.000 ns	     36635	80008064	00e7c1b3	xor	x3,x15,x14	 x15:0x00000000 x14:0x00000000  x3=0x00000000
     366385.000 ns	     36637	80008068	036d22b3	mulhsu	x5,x26,x22	 x26:0x00000000 x22:0x00000000  x5=0x00000000
     366415.000 ns	     36640	8000806c	296c05d3	fmin.s	f11,f24,f22	 f24:0x00000200 f22:0x00000000 f11=0x00000000
     367595.000 ns	     36758	80008070	580dfa53	fsqrt.s	f20,f27	 f27:0x422c0000 f20=0x40733e46
     367625.000 ns	     36761	80008074	e00f0f53	fmv.x.w	x30,f30	 f30:0x7fc00000 x30=0x7fc00000
     367655.000 ns	     36764	80008078	284c03d3	fmin.s	f7,f24,f4	 f24:0x00000200  f4:0x3f800000  f7=0x00000200
     367675.000 ns	     36766	8000807c	00949433	sll	x8,x9,x9	  x9:0x80041024  x9:0x80041024  x8=0x00410240
     367695.000 ns	     36768	80008080	e00a8b53	fmv.x.w	x22,f21	 f21:0x3f800000 x22=0x3f800000
     367725.000 ns	     36771	80008084	e00f17d3	fclass.s	x15,f30	 f30:0x7fc00000 x15=0x00000200
     368095.000 ns	     36808	80008088	02c1d9b3	divu	x19,x3,x12	  x3:0x00000000 x12:0x00000001 x19=0x00000000
     368125.000 ns	     36811	8000808c	d00073d3	fcvt.s.w	f7,x0	  x0:0x00000000  f7=0x00000000
     368155.000 ns	     36814	80008090	294b1d53	fmax.s	f26,f22,f20	 f22:0x00000000 f20:0x40733e46 f26=0x40733e46
     368185.000 ns	     36817	80008094	c01f4353	fcvt.wu.s	x6,f30	 f30:0x7fc00000  x6=0xffffffff
     368215.000 ns	     36820	80008098	a0481353	flt.s	x6,f16,f4	 f16:0x0e000000  f4:0x3f800000  x6=0x00000001
     368585.000 ns	     36857	8000809c	0243e9b3	rem	x19,x7,x4	  x7:0x0b794bfe  x4:0xb794bfe4 x19=0x0b794bfe
     368615.000 ns	     36860	800080a0	a1772dd3	feq.s	x27,f14,f23	 f14:0x4f7ffffc f23:0x3f800000 x27=0x00000000
     368645.000 ns	     36863	800080a4	d01006d3	fcvt.s.wu	f13,x0	  x0:0x00000000 f13=0x00000000
     368665.000 ns	     36865	800080a8	00000013	addi	x0,x0,0	  x0:0x00000000
     368685.000 ns	     36867	800080ac	e00a91d3	fclass.s	x3,f21	 f21:0x3f800000  x3=0x00000040
     368715.000 ns	     36870	800080b0	c01cf3d3	fcvt.wu.s	x7,f25	 f25:0x3f800000  x7=0x00000001
     368745.000 ns	     36873	800080b4	a0a296d3	flt.s	x13,f5,f10	  f5:0x7fc00000 f10:0x4e029140 x13=0x00000000
     368765.000 ns	     36875	800080b8	006839b3	sltu	x19,x16,x6	 x16:0xfffffa56  x6:0x00000001 x19=0x00000000
     368775.000 ns	     36876	800080bc	01a5f133	and	x2,x11,x26	 x11:0x00000000 x26:0x00000000  x2=0x00000000
     368795.000 ns	     36878	800080c0	029028b3	mulhsu	x17,x0,x9	  x0:0x00000000  x9:0x80041024 x17=0x00000000
     369135.000 ns	     36912	800080c4	18953053	fdiv.s	f0,f10,f9	 f10:0x4e029140  f9:0x422c0000  f0=0x4b300126
     369155.000 ns	     36914	800080c8	c5afc693	xori	x13,x31,-934	 x31:0x00000000 x13=0xfffffc5a
     369175.000 ns	     36916	800080cc	c01ef553	fcvt.wu.s	x10,f29	 f29:0x7fc00000 x10=0xffffffff
     369195.000 ns	     36918	800080d0	41b25e93	srai	x29,x4,0x1b	  x4:0xb794bfe4 x29=0xfffffff6
     369215.000 ns	     36920	800080d4	e00e1dd3	fclass.s	x27,f28	 f28:0x3f800000 x27=0x00000040
     369245.000 ns	     36923	800080d8	02ec82b3	mul	x5,x25,x14	 x25:0x00000000 x14:0x00000000  x5=0x00000000
     369275.000 ns	     36926	800080dc	287a0d53	fmin.s	f26,f20,f7	 f20:0x40733e46  f7:0x00000000 f26=0x00000000
     369645.000 ns	     36963	800080e0	0304d9b3	divu	x19,x9,x16	  x9:0x80041024 x16:0xfffffa56 x19=0x00000000
     369665.000 ns	     36965	800080e4	49a0af93	slti	x31,x1,1178	  x1:0x00000000 x31=0x00000001
     369685.000 ns	     36967	800080e8	032cc233	div	x4,x25,x18	 x25:0x00000000 x18:0x00000000  x4=0xffffffff
     369705.000 ns	     36969	800080ec	40a75ab3	sra	x21,x14,x10	 x14:0x00000000 x10:0xffffffff x21=0x00000000
     369715.000 ns	     36970	800080f0	0191fa33	and	x20,x3,x25	  x3:0x00000040 x25:0x00000000 x20=0x00000000
     369725.000 ns	     36971	800080f4	00bf98b3	sll	x17,x31,x11	 x31:0x00000001 x11:0x00000000 x17=0x00000001
     369745.000 ns	     36973	800080f8	03366ab3	rem	x21,x12,x19	 x12:0x00000001 x19:0x00000000 x21=0x00000001
     369765.000 ns	     36975	800080fc	a2f0b513	sltiu	x10,x1,-1489	  x1:0x00000000 x10=0x00000001
     369775.000 ns	     36976	80008100	41e207b3	sub	x15,x4,x30	  x4:0xffffffff x30:0x7fc00000 x15=0x803fffff
     369785.000 ns	     36977	80008104	010c7233	and	x4,x24,x16	 x24:0x80040fe4 x16:0xfffffa56  x4=0x80040a44
     369805.000 ns	     36979	80008108	f00783d3	fmv.w.x	f7,x15	 x15:0x00000200  f7=0x803fffff
     369825.000 ns	     36981	8000810c	012197b3	sll	x15,x3,x18	  x3:0x00000040 x18:0x00000000 x15=0x00000040
     369845.000 ns	     36983	80008110	21178053	fsgnj.s	f0,f15,f17	 f15:0xcefff7f3 f17:0x4f7ffff9  f0=0x4efff7f3
     369865.000 ns	     36985	80008114	4153dd33	sra	x26,x7,x21	  x7:0x00000001 x21:0x00000001 x26=0x00000000
     369875.000 ns	     36986	80008118	f8262693	slti	x13,x12,-126	 x12:0x00000001 x13=0x00000000
     369885.000 ns	     36987	8000811c	01902533	slt	x10,x0,x25	  x0:0x00000000 x25:0x00000000 x10=0x00000000
     369905.000 ns	     36989	80008120	e0028dd3	fmv.x.w	x27,f5	  f5:0x7fc00000 x27=0x7fc00000
     369925.000 ns	     36991	80008124	a622c513	xori	x10,x5,-1438	  x5:0x00000000 x10=0xfffffa62
     369935.000 ns	     36992	80008128	ccc4b013	sltiu	x0,x9,-820	  x9:0x80041024
     369965.000 ns	     36995	8000812c	101ec453	fmul.s	f8,f29,f1	 f29:0x7fc00000  f1:0x3f800000  f8=0x7fc00000
     369995.000 ns	     36998	80008130	2018a453	fsgnjx.s	f8,f17,f1	 f17:0x4f7ffff9  f1:0x3f800000  f8=0x4f7ffff9
     370025.000 ns	     37001	80008134	0312af33	mulhsu	x30,x5,x17	  x5:0x00000000 x17:0x00000001 x30=0x00000000
     370045.000 ns	     37003	80008138	003ed133	srl	x2,x29,x3	 x29:0xfffffff6  x3:0x00000040  x2=0xfffffff6
     370405.000 ns	     37039	8000813c	02654eb3	div	x29,x10,x6	 x10:0xfffffa62  x6:0x00000001 x29=0xfffffa62
     370425.000 ns	     37041	80008140	009de033	or	x0,x27,x9	 x27:0x7fc00000  x9:0x80041024
     370435.000 ns	     37042	80008144	00f70133	add	x2,x14,x15	 x14:0x00000000 x15:0x00000040  x2=0x00000040
     370445.000 ns	     37043	80008148	d8a78593	addi	x11,x15,-630	 x15:0x00000040 x11=0xfffffdca
     370455.000 ns	     37044	8000814c	01b33b33	sltu	x22,x6,x27	  x6:0x00000001 x27:0x7fc00000 x22=0x00000001
     370475.000 ns	     37046	80008150	020728b3	mulhsu	x17,x14,x0	 x14:0x00000000  x0:0x00000000 x17=0x00000000
     370495.000 ns	     37048	80008154	122b4813	xori	x16,x22,290	 x22:0x3f800000 x16=0x00000123
     370515.000 ns	     37050	80008158	e0080d53	fmv.x.w	x26,f16	 f16:0x0e000000 x26=0x0e000000
     370545.000 ns	     37053	8000815c	033f01b3	mul	x3,x30,x19	 x30:0x00000000 x19:0x00000000  x3=0x00000000
     370575.000 ns	     37056	80008160	c000fbd3	fcvt.w.s	x23,f1	  f1:0x3f800000 x23=0x00000001
     370595.000 ns	     37058	80008164	fac47993	andi	x19,x8,-84	  x8:0x00410240 x19=0x00410200
     370625.000 ns	     37061	80008168	580d32d3	fsqrt.s	f5,f26	 f26:0x00000000  f5=0x00000000
     370995.000 ns	     37098	8000816c	02c15eb3	divu	x29,x2,x12	  x2:0x00000040 x12:0x00000001 x29=0x00000040
     371015.000 ns	     37100	80008170	01d55993	srli	x19,x10,0x1d	 x10:0xfffffa62 x19=0x00000007
     371035.000 ns	     37102	80008174	03d989b3	mul	x19,x19,x29	 x19:0x00410200 x29:0x00000040 x19=0x000001c0
     371065.000 ns	     37105	80008178	21739653	fsgnjn.s	f12,f7,f23	  f7:0x803fffff f23:0x3f800000 f12=0x803fffff
     371085.000 ns	     37107	8000817c	2f310893	addi	x17,x2,755	  x2:0x00000040 x17=0x00000333
     371105.000 ns	     37109	80008180	03a3a6b3	mulhsu	x13,x7,x26	  x7:0x00000001 x26:0x0e000000 x13=0x00000000
     371135.000 ns	     37112	80008184	2029a653	fsgnjx.s	f12,f19,f2	 f19:0x00000000  f2:0x00000000 f12=0x00000000
     371165.000 ns	     37115	80008188	c01bc553	fcvt.wu.s	x10,f23	 f23:0x3f800000 x10=0x00000001
     371205.000 ns	     37119	8000818c	5803f153	fsqrt.s	f2,f7	  f7:0x803fffff  f2=0x7fc00000
     371235.000 ns	     37122	80008190	d00df5d3	fcvt.s.w	f11,x27	 x27:0x7fc00000 f11=0x4eff8000
     371255.000 ns	     37124	80008194	008fa0b3	slt	x1,x31,x8	 x31:0x00000001  x8:0x00410240  x1=0x00000001
     371275.000 ns	     37126	80008198	219c1e53	fsgnjn.s	f28,f24,f25	 f24:0x00000200 f25:0x3f800000 f28=0x80000200
     371295.000 ns	     37128	8000819c	9a597f13	andi	x30,x18,-1627	 x18:0x00000000 x30=0x00000000
     371305.000 ns	     37129	800081a0	019d1613	slli	x12,x26,0x19	 x26:0x0e000000 x12=0x00000000
     371315.000 ns	     37130	800081a4	00c29133	sll	x2,x5,x12	  x5:0x00000000 x12:0x00000001  x2=0x00000000
     371335.000 ns	     37132	800081a8	036a2933	mulhsu	x18,x20,x22	 x20:0x00000000 x22:0x00000001 x18=0x00000000
     371365.000 ns	     37135	800081ac	d00397d3	fcvt.s.w	f15,x7	  x7:0x00000001 f15=0x3f800000
     371395.000 ns	     37138	800081b0	03e3f633	remu	x12,x7,x30	  x7:0x00000001 x30:0x00000000 x12=0x00000001
     371445.000 ns	     37143	800081b4	08523cd3	fsub.s	f25,f4,f5	  f4:0x3f800000  f5:0x00000000 f25=0x3f800000
     371815.000 ns	     37180	800081b8	02b74533	div	x10,x14,x11	 x14:0x00000000 x11:0xfffffdca x10=0x00000000
     371845.000 ns	     37183	800081bc	c01abb53	fcvt.wu.s	x22,f21	 f21:0x3f800000 x22=0x00000001
     371875.000 ns	     37186	800081c0	c00ef653	fcvt.w.s	x12,f29	 f29:0x7fc00000 x12=0x7fffffff
     371905.000 ns	     37189	800081c4	03751033	mulh	x0,x10,x23	 x10:0x00000000 x23:0x00000001
     371925.000 ns	     37191	800081c8	00f9deb3	srl	x29,x19,x15	 x19:0x000001c0 x15:0x00000040 x29=0x000001c0
     371945.000 ns	     37193	800081cc	208d0d53	fsgnj.s	f26,f26,f8	 f26:0x00000000  f8:0x4f7ffff9 f26=0x00000000
     371965.000 ns	     37195	800081d0	00000013	addi	x0,x0,0	  x0:0x00000000
     371995.000 ns	     37198	800081d4	10ce3953	fmul.s	f18,f28,f12	 f28:0x80000200 f12:0x00000000 f18=0x80000000
     372015.000 ns	     37200	800081d8	01e0d8b3	srl	x17,x1,x30	  x1:0x00000001 x30:0x00000000 x17=0x00000001
     372035.000 ns	     37202	800081dc	023f9f33	mulh	x30,x31,x3	 x31:0x00000001  x3:0x00000000 x30=0x00000000
     372055.000 ns	     37204	800081e0	00625193	srli	x3,x4,0x6	  x4:0x80040a44  x3=0x02001029
     372075.000 ns	     37206	800081e4	20a59653	fsgnjn.s	f12,f11,f10	 f11:0x4eff8000 f10:0x4e029140 f12=0xceff8000
     372105.000 ns	     37209	800081e8	207c9f53	fsgnjn.s	f30,f25,f7	 f25:0x3f800000  f7:0x803fffff f30=0x3f800000
     372155.000 ns	     37214	800081ec	0173f853	fadd.s	f16,f7,f23	  f7:0x803fffff f23:0x3f800000 f16=0x3f800000
     372175.000 ns	     37216	800081f0	002eca33	xor	x20,x29,x2	 x29:0x000001c0  x2:0x00000000 x20=0x000001c0
     372185.000 ns	     37217	800081f4	4f1ee393	ori	x7,x29,1265	 x29:0x000001c0  x7=0x000005f1
     372195.000 ns	     37218	800081f8	99842893	slti	x17,x8,-1640	  x8:0x00410240 x17=0x00000000
     372215.000 ns	     37220	800081fc	a000a353	feq.s	x6,f1,f0	  f1:0x3f800000  f0:0x4efff7f3  x6=0x00000000
     372245.000 ns	     37223	80008200	217a9653	fsgnjn.s	f12,f21,f23	 f21:0x3f800000 f23:0x3f800000 f12=0xbf800000
     372275.000 ns	     37226	80008204	203409d3	fsgnj.s	f19,f8,f3	  f8:0x4f7ffff9  f3:0x3f800000 f19=0x4f7ffff9
     372295.000 ns	     37228	80008208	d52e9537	lui	x10,0xd52e9	 x10=0xd52e9000
     372655.000 ns	     37264	8000820c	036766b3	rem	x13,x14,x22	 x14:0x00000000 x22:0x00000001 x13=0x00000000
     372675.000 ns	     37266	80008210	76e46793	ori	x15,x8,1902	  x8:0x00410240 x15=0x0041076e
     372685.000 ns	     37267	80008214	41550333	sub	x6,x10,x21	 x10:0xd52e9000 x21:0x00000001  x6=0xd52e8fff
     372695.000 ns	     37268	80008218	00811713	slli	x14,x2,0x8	  x2:0x00000000 x14=0x00000000
     372715.000 ns	     37270	8000821c	c0177b53	fcvt.wu.s	x22,f14	 f14:0x4f7ffffc x22=0xfffffc00
     372765.000 ns	     37275	80008220	0052f3d3	fadd.s	f7,f5,f5	  f5:0x00000000  f5:0x00000000  f7=0x00000000
     372795.000 ns	     37278	80008224	03769bb3	mulh	x23,x13,x23	 x13:0x00000000 x23:0x00000001 x23=0x00000000
     372815.000 ns	     37280	80008228	f0127f13	andi	x30,x4,-255	  x4:0x80040a44 x30=0x80040a00
     372835.000 ns	     37282	8000822c	a1fe8d53	fle.s	x26,f29,f31	 f29:0x7fc00000 f31:0xfffff8c7 x26=0x00000000
     372865.000 ns	     37285	80008230	c0137053	fcvt.wu.s	x0,f6	  f6:0x00000000
     372885.000 ns	     37287	80008234	321f7093	andi	x1,x30,801	 x30:0x80040a00  x1=0x00000200
     372905.000 ns	     37289	80008238	e00713d3	fclass.s	x7,f14	 f14:0x4f7ffffc  x7=0x00000040
     372935.000 ns	     37292	8000823c	d012fb53	fcvt.s.wu	f22,x5	  x5:0x00000000 f22=0x00000000
     372965.000 ns	     37295	80008240	a09ea853	feq.s	x16,f29,f9	 f29:0x7fc00000  f9:0x422c0000 x16=0x00000000
     372985.000 ns	     37297	80008244	a730a197	auipc	x3,0xa730a	  x3=0x27312244
     372995.000 ns	     37298	80008248	01bf1713	slli	x14,x30,0x1b	 x30:0x80040a00 x14=0x00000000
     373005.000 ns	     37299	8000824c	a4df8593	addi	x11,x31,-1459	 x31:0x00000001 x11=0xfffffa4e
     373025.000 ns	     37301	80008250	02371b33	mulh	x22,x14,x3	 x14:0x00000000  x3:0x27312244 x22=0x00000000
     373055.000 ns	     37304	80008254	d01d7f53	fcvt.s.wu	f30,x26	 x26:0x00000000 f30=0x00000000
     373075.000 ns	     37306	80008258	35236593	ori	x11,x6,850	  x6:0xd52e8fff x11=0xd52e8fff
     373095.000 ns	     37308	8000825c	03042bb3	mulhsu	x23,x8,x16	  x8:0x00410240 x16:0x00000000 x23=0x00000000
     373125.000 ns	     37311	80008260	0228a733	mulhsu	x14,x17,x2	 x17:0x00000000  x2:0x00000000 x14=0x00000000
     373165.000 ns	     37315	80008264	580ffd53	fsqrt.s	f26,f31	 f31:0xfffff8c7 f26=0x7fc00000
     373185.000 ns	     37317	80008268	836d8093	addi	x1,x27,-1994	 x27:0x7fc00000  x1=0x7fbff836
     373195.000 ns	     37318	8000826c	0101a3b3	slt	x7,x3,x16	  x3:0x27312244 x16:0x00000000  x7=0x00000000
     373205.000 ns	     37319	80008270	418158b3	sra	x17,x2,x24	  x2:0x00000000 x24:0x80040fe4 x17=0x00000000
     374305.000 ns	     37429	80008274	580da053	fsqrt.s	f0,f27	 f27:0x422c0000  f0=0x40733e46
     374335.000 ns	     37432	80008278	21c42a53	fsgnjx.s	f20,f8,f28	  f8:0x4f7ffff9 f28:0x80000200 f20=0xcf7ffff9
     374675.000 ns	     37466	8000827c	180e2053	fdiv.s	f0,f28,f0	 f28:0x80000200  f0:0x40733e46  f0=0x80000000
     374705.000 ns	     37469	80008280	d00da5d3	fcvt.s.w	f11,x27	 x27:0x7fc00000 f11=0x4eff8000
     374735.000 ns	     37472	80008284	03e798b3	mulh	x17,x15,x30	 x15:0x0041076e x30:0x80040a00 x17=0xffdf7d4f
     374755.000 ns	     37474	80008288	6e64f037	lui	x0,0x6e64f	
     374775.000 ns	     37476	8000828c	202faf53	fsgnjx.s	f30,f31,f2	 f31:0xfffff8c7  f2:0x7fc00000 f30=0xfffff8c7
     374805.000 ns	     37479	80008290	d01779d3	fcvt.s.wu	f19,x14	 x14:0x00000000 f19=0x00000000
     375175.000 ns	     37516	80008294	023b65b3	rem	x11,x22,x3	 x22:0x00000000  x3:0x27312244 x11=0x00000000
     375205.000 ns	     37519	80008298	a1bb1b53	flt.s	x22,f22,f27	 f22:0x00000000 f27:0x422c0000 x22=0x00000001
     375225.000 ns	     37521	8000829c	01a10733	add	x14,x2,x26	  x2:0x00000000 x26:0x00000000 x14=0x00000000
     375235.000 ns	     37522	800082a0	14ed8913	addi	x18,x27,334	 x27:0x7fc00000 x18=0x7fc0014e
     375245.000 ns	     37523	800082a4	0050d793	srli	x15,x1,0x5	  x1:0x7fbff836 x15=0x03fdffc1
     375265.000 ns	     37525	800082a8	e0079153	fclass.s	x2,f15	 f15:0x3f800000  x2=0x00000040
     375295.000 ns	     37528	800082ac	d010ff53	fcvt.s.wu	f30,x1	  x1:0x7fbff836 f30=0x4eff7ff0
     375325.000 ns	     37531	800082b0	d0184353	fcvt.s.wu	f6,x16	 x16:0x00000000  f6=0x00000000
     375345.000 ns	     37533	800082b4	69416313	ori	x6,x2,1684	  x2:0x00000040  x6=0x000006d4
     375365.000 ns	     37535	800082b8	29510fd3	fmin.s	f31,f2,f21	  f2:0x7fc00000 f21:0x3f800000 f31=0x3f800000
     375395.000 ns	     37538	800082bc	c0060453	fcvt.w.s	x8,f12	 f12:0xbf800000  x8=0xffffffff
     375415.000 ns	     37540	800082c0	67127693	andi	x13,x4,1649	  x4:0x80040a44 x13=0x00000240
     375435.000 ns	     37542	800082c4	20070453	fsgnj.s	f8,f14,f0	 f14:0x4f7ffffc  f0:0x80000000  f8=0xcf7ffffc
     375805.000 ns	     37579	800082c8	0289edb3	rem	x27,x19,x8	 x19:0x000001c0  x8:0xffffffff x27=0x00000000
     375835.000 ns	     37582	800082cc	a12a16d3	flt.s	x13,f20,f18	 f20:0xcf7ffff9 f18:0x80000000 x13=0x00000001
     375875.000 ns	     37586	800082d0	180e70d3	fdiv.s	f1,f28,f0	 f28:0x80000200  f0:0x80000000  f1=0x7f800000
     375905.000 ns	     37589	800082d4	0202ca33	div	x20,x5,x0	  x5:0x00000000  x0:0x00000000 x20=0xffffffff
     375925.000 ns	     37591	800082d8	25612593	slti	x11,x2,598	  x2:0x00000040 x11=0x00000001
     376285.000 ns	     37627	800082dc	03d7c633	div	x12,x15,x29	 x15:0x03fdffc1 x29:0x000001c0 x12=0x000247ff
     376305.000 ns	     37629	800082e0	13e8c313	xori	x6,x17,318	 x17:0xffdf7d4f  x6=0xffdf7c71
     376325.000 ns	     37631	800082e4	e0020053	fmv.x.w	x0,f4	  f4:0x3f800000
     376355.000 ns	     37634	800082e8	28618353	fmin.s	f6,f3,f6	  f3:0x3f800000  f6:0x00000000  f6=0x00000000
     376375.000 ns	     37636	800082ec	10d76893	ori	x17,x14,269	 x14:0x00000000 x17=0x0000010d
     376385.000 ns	     37637	800082f0	00ff6133	or	x2,x30,x15	 x30:0x80040a00 x15:0x03fdffc1  x2=0x83fdffc1
     376395.000 ns	     37638	800082f4	bb716593	ori	x11,x2,-1097	  x2:0x00000040 x11=0xfffffff7
     376405.000 ns	     37639	800082f8	00000013	addi	x0,x0,0	  x0:0x00000000
     376415.000 ns	     37640	800082fc	d8ba8393	addi	x7,x21,-629	 x21:0x00000001  x7=0xfffffd8c
     376425.000 ns	     37641	80008300	5aa5c7b7	lui	x15,0x5aa5c	 x15=0x5aa5c000
     376445.000 ns	     37643	80008304	03aec7b3	div	x15,x29,x26	 x29:0x000001c0 x26:0x00000000 x15=0xffffffff
     376475.000 ns	     37646	80008308	20d48c53	fsgnj.s	f24,f9,f13	  f9:0x422c0000 f13:0x00000000 f24=0x422c0000
     376495.000 ns	     37648	8000830c	01252033	slt	x0,x10,x18	 x10:0xd52e9000 x18:0x7fc0014e
     376505.000 ns	     37649	80008310	f855c193	xori	x3,x11,-123	 x11:0xfffffff7  x3=0x00000072
     376535.000 ns	     37652	80008314	18d2f353	fdiv.s	f6,f5,f13	  f5:0x00000000 f13:0x00000000  f6=0x7fc00000
     376555.000 ns	     37654	80008318	41b95793	srai	x15,x18,0x1b	 x18:0x7fc0014e x15=0x0000000f
     376575.000 ns	     37656	8000831c	28e00553	fmin.s	f10,f0,f14	  f0:0x80000000 f14:0x4f7ffffc f10=0x80000000
     376595.000 ns	     37658	80008320	00000013	addi	x0,x0,0	  x0:0x00000000
     376955.000 ns	     37694	80008324	031b6e33	rem	x28,x22,x17	 x22:0x00000001 x17:0x0000010d x28=0x00000001
     376985.000 ns	     37697	80008328	031920b3	mulhsu	x1,x18,x17	 x18:0x7fc0014e x17:0x0000010d  x1=0x00000086
     377015.000 ns	     37700	8000832c	28df03d3	fmin.s	f7,f30,f13	 f30:0x4eff7ff0 f13:0x00000000  f7=0x00000000
     377035.000 ns	     37702	80008330	55b80093	addi	x1,x16,1371	 x16:0x00000000  x1=0x0000055b
     377065.000 ns	     37705	80008334	1106fed3	fmul.s	f29,f13,f16	 f13:0x00000000 f16:0x3f800000 f29=0x00000000
     377095.000 ns	     37708	80008338	2115a3d3	fsgnjx.s	f7,f11,f17	 f11:0x4eff8000 f17:0x4f7ffff9  f7=0x4eff8000
     377135.000 ns	     37712	8000833c	58094553	fsqrt.s	f10,f18	 f18:0x80000000 f10=0x80000000
     377165.000 ns	     37715	80008340	e00316d3	fclass.s	x13,f6	  f6:0x7fc00000 x13=0x00000200
     377195.000 ns	     37718	80008344	0206aa33	mulhsu	x20,x13,x0	 x13:0x00000001  x0:0x00000000 x20=0x00000000
     377215.000 ns	     37720	80008348	006dc6b3	xor	x13,x27,x6	 x27:0x00000000  x6:0xffdf7c71 x13=0xffdf7c71
     377235.000 ns	     37722	8000834c	a0192a53	feq.s	x20,f18,f1	 f18:0x80000000  f1:0x7f800000 x20=0x00000000
     377255.000 ns	     37724	80008350	014d2433	slt	x8,x26,x20	 x26:0x00000000 x20:0x00000000  x8=0x00000000
     377265.000 ns	     37725	80008354	01ea85b3	add	x11,x21,x30	 x21:0x00000001 x30:0x80040a00 x11=0x80040a01
     377285.000 ns	     37727	80008358	286e8c53	fmin.s	f24,f29,f6	 f29:0x00000000  f6:0x7fc00000 f24=0x00000000
     377315.000 ns	     37730	8000835c	a1fa9453	flt.s	x8,f21,f31	 f21:0x3f800000 f31:0x3f800000  x8=0x00000000
     377335.000 ns	     37732	80008360	cf9ff993	andi	x19,x31,-775	 x31:0x00000001 x19=0x00000001
     377345.000 ns	     37733	80008364	cb9b6e93	ori	x29,x22,-839	 x22:0x00000001 x29=0xfffffcb9
     377355.000 ns	     37734	80008368	01d826b3	slt	x13,x16,x29	 x16:0x00000000 x29:0x000001c0 x13=0x00000000
     377365.000 ns	     37735	8000836c	4946bd93	sltiu	x27,x13,1172	 x13:0xffdf7c71 x27=0x00000001
     377395.000 ns	     37738	80008370	58051953	fsqrt.s	f18,f10	 f10:0x80000000 f18=0x80000000
     377425.000 ns	     37741	80008374	e0088f53	fmv.x.w	x30,f17	 f17:0x4f7ffff9 x30=0x4f7ffff9
     377455.000 ns	     37744	80008378	c0197ed3	fcvt.wu.s	x29,f18	 f18:0x80000000 x29=0x00000000
     377475.000 ns	     37746	8000837c	fa514713	xori	x14,x2,-91	  x2:0x83fdffc1 x14=0x7c020064
     377485.000 ns	     37747	80008380	7cb8ff93	andi	x31,x17,1995	 x17:0x0000010d x31=0x00000109
     377495.000 ns	     37748	80008384	00c9fd33	and	x26,x19,x12	 x19:0x00000001 x12:0x000247ff x26=0x00000001
     377515.000 ns	     37750	80008388	028867b3	rem	x15,x16,x8	 x16:0x00000000  x8:0x00000000 x15=0x00000000
     377555.000 ns	     37754	8000838c	11bd7653	fmul.s	f12,f26,f27	 f26:0x7fc00000 f27:0x422c0000 f12=0x7fc00000
     377575.000 ns	     37756	80008390	c81ce513	ori	x10,x25,-895	 x25:0x00000000 x10=0xfffffc81
     377935.000 ns	     37792	80008394	026370b3	remu	x1,x6,x6	  x6:0xffdf7c71  x6:0xffdf7c71  x1=0x00000000
     377955.000 ns	     37794	80008398	f3edf293	andi	x5,x27,-194	 x27:0x00000001  x5=0x00000000
     377975.000 ns	     37796	8000839c	d002ad53	fcvt.s.w	f26,x5	  x5:0x00000000 f26=0x00000000
     378015.000 ns	     37800	800083a0	105ef7d3	fmul.s	f15,f29,f5	 f29:0x00000000  f5:0x00000000 f15=0x00000000
     378035.000 ns	     37802	800083a4	40db5593	srai	x11,x22,0xd	 x22:0x00000001 x11=0x00000000
     378065.000 ns	     37805	800083a8	108cf653	fmul.s	f12,f25,f8	 f25:0x3f800000  f8:0xcf7ffffc f12=0xcf7ffffc
     378085.000 ns	     37807	800083ac	01e55833	srl	x16,x10,x30	 x10:0xfffffc81 x30:0x4f7ffff9 x16=0x0000007f
     378095.000 ns	     37808	800083b0	dde9b793	sltiu	x15,x19,-546	 x19:0x00000001 x15=0x00000001
     378115.000 ns	     37810	800083b4	d01d7b53	fcvt.s.wu	f22,x26	 x26:0x00000001 f22=0x3f800000
     378135.000 ns	     37812	800083b8	00f2dd93	srli	x27,x5,0xf	  x5:0x00000000 x27=0x00000000
     378155.000 ns	     37814	800083bc	f00805d3	fmv.w.x	f11,x16	 x16:0x0000007f f11=0x0000007f
     378175.000 ns	     37816	800083c0	410607b3	sub	x15,x12,x16	 x12:0x000247ff x16:0x0000007f x15=0x00024780
     378185.000 ns	     37817	800083c4	89eb0093	addi	x1,x22,-1890	 x22:0x00000001  x1=0xfffff89f
     378205.000 ns	     37819	800083c8	28ff95d3	fmax.s	f11,f31,f15	 f31:0x3f800000 f15:0x00000000 f11=0x3f800000
     378225.000 ns	     37821	800083cc	00365633	srl	x12,x12,x3	 x12:0x000247ff  x3:0x00000072 x12=0x00000000
     378235.000 ns	     37822	800083d0	013abfb3	sltu	x31,x21,x19	 x21:0x00000001 x19:0x00000001 x31=0x00000000
     378255.000 ns	     37824	800083d4	029932b3	mulhu	x5,x18,x9	 x18:0x7fc0014e  x9:0x80041024  x5=0x3fe207b4
     378285.000 ns	     37827	800083d8	02d6a533	mulhsu	x10,x13,x13	 x13:0x00000000 x13:0x00000000 x10=0x00000000
     378305.000 ns	     37829	800083dc	00000013	addi	x0,x0,0	  x0:0x00000000
     378315.000 ns	     37830	800083e0	00de0333	add	x6,x28,x13	 x28:0x00000001 x13:0x00000000  x6=0x00000001
     378325.000 ns	     37831	800083e4	00cd23b3	slt	x7,x26,x12	 x26:0x00000001 x12:0x00000000  x7=0x00000000
     378345.000 ns	     37833	800083e8	a13595d3	flt.s	x11,f11,f19	 f11:0x3f800000 f19:0x00000000 x11=0x00000000
     378375.000 ns	     37836	800083ec	0284ea33	rem	x20,x9,x8	  x9:0x80041024  x8:0x00000000 x20=0x80041024
     378405.000 ns	     37839	800083f0	e0091d53	fclass.s	x26,f18	 f18:0x80000000 x26=0x00000008
     378455.000 ns	     37844	800083f4	0054ad53	fadd.s	f26,f9,f5	  f9:0x422c0000  f5:0x00000000 f26=0x422c0000
     378475.000 ns	     37846	800083f8	6566b697	auipc	x13,0x6566b	 x13=0xe56733f8
     378495.000 ns	     37848	800083fc	e00c13d3	fclass.s	x7,f24	 f24:0x00000000  x7=0x00000010
     378515.000 ns	     37850	80008400	00b71eb3	sll	x29,x14,x11	 x14:0x7c020064 x11:0x00000000 x29=0x7c020064
     378535.000 ns	     37852	80008404	e0081d53	fclass.s	x26,f16	 f16:0x3f800000 x26=0x00000040
     378905.000 ns	     37889	80008408	02726833	rem	x16,x4,x7	  x4:0x80040a44  x7:0x00000010 x16=0xfffffff4
     380085.000 ns	     38007	8000840c	58023ad3	fsqrt.s	f21,f4	  f4:0x3f800000 f21=0x3f7fffae
     380105.000 ns	     38009	80008410	01225833	srl	x16,x4,x18	  x4:0x80040a44 x18:0x7fc0014e x16=0x00020010
     380115.000 ns	     38010	80008414	5fc77537	lui	x10,0x5fc77	 x10=0x5fc77000
     380135.000 ns	     38012	80008418	039cb3b3	mulhu	x7,x25,x25	 x25:0x00000000 x25:0x00000000  x7=0x00000000
     380165.000 ns	     38015	8000841c	29c99a53	fmax.s	f20,f19,f28	 f19:0x00000000 f28:0x80000200 f20=0x00000000
     380185.000 ns	     38017	80008420	73f6e2b7	lui	x5,0x73f6e	  x5=0x73f6e000
     380195.000 ns	     38018	80008424	00386eb3	or	x29,x16,x3	 x16:0x00020010  x3:0x00000072 x29=0x00020072
     380205.000 ns	     38019	80008428	417d8a33	sub	x20,x27,x23	 x27:0x00000000 x23:0x00000000 x20=0x00000000
     380215.000 ns	     38020	8000842c	00000013	addi	x0,x0,0	  x0:0x00000000
     380235.000 ns	     38022	80008430	e0060d53	fmv.x.w	x26,f12	 f12:0xcf7ffffc x26=0xcf7ffffc
     380265.000 ns	     38025	80008434	287d91d3	fmax.s	f3,f27,f7	 f27:0x422c0000  f7:0x4eff8000  f3=0x4eff8000
     380285.000 ns	     38027	80008438	6cd0cf13	xori	x30,x1,1741	  x1:0xfffff89f x30=0xfffffe52
     380305.000 ns	     38029	8000843c	e0051b53	fclass.s	x22,f10	 f10:0x80000000 x22=0x00000008
     380325.000 ns	     38031	80008440	efb17593	andi	x11,x2,-261	  x2:0x83fdffc1 x11=0x83fdfec1
     380355.000 ns	     38034	80008444	11737dd3	fmul.s	f27,f6,f23	  f6:0x7fc00000 f23:0x3f800000 f27=0x7fc00000
     380375.000 ns	     38036	80008448	52177e93	andi	x29,x14,1313	 x14:0x7c020064 x29=0x00000020
     380385.000 ns	     38037	8000844c	014b2533	slt	x10,x22,x20	 x22:0x00000008 x20:0x00000000 x10=0x00000000
     380405.000 ns	     38039	80008450	d0117953	fcvt.s.wu	f18,x2	  x2:0x83fdffc1 f18=0x4f03fdff
     380425.000 ns	     38041	80008454	ebbab193	sltiu	x3,x21,-325	 x21:0x00000001  x3=0x00000001
     380785.000 ns	     38077	80008458	023052b3	divu	x5,x0,x3	  x0:0x00000000  x3:0x00000072  x5=0x00000000
     380805.000 ns	     38079	8000845c	01bee5b3	or	x11,x29,x27	 x29:0x00000020 x27:0x00000000 x11=0x00000020
     380825.000 ns	     38081	80008460	a1a68053	fle.s	x0,f13,f26	 f13:0x00000000 f26:0x422c0000
     380855.000 ns	     38084	80008464	d0167953	fcvt.s.wu	f18,x12	 x12:0x00000000 f18=0x00000000
     380885.000 ns	     38087	80008468	a0a4a253	feq.s	x4,f9,f10	  f9:0x422c0000 f10:0x80000000  x4=0x00000000
     380905.000 ns	     38089	8000846c	01cd1d13	slli	x26,x26,0x1c	 x26:0xcf7ffffc x26=0xc0000000
     381265.000 ns	     38125	80008470	03c7c3b3	div	x7,x15,x28	 x15:0x00024780 x28:0x00000001  x7=0x00024780
     381285.000 ns	     38127	80008474	0181da33	srl	x20,x3,x24	  x3:0x00000001 x24:0x80040fe4 x20=0x00000000
     381305.000 ns	     38129	80008478	c0027f53	fcvt.w.s	x30,f4	  f4:0x3f800000 x30=0x00000001
     381325.000 ns	     38131	8000847c	014463b3	or	x7,x8,x20	  x8:0x00000000 x20:0x00000000  x7=0x00000000
     381335.000 ns	     38132	80008480	00078133	add	x2,x15,x0	 x15:0x00024780  x0:0x00000000  x2=0x00024780
     381695.000 ns	     38168	80008484	03105633	divu	x12,x0,x17	  x0:0x00000000 x17:0x0000010d x12=0x00000000
     381725.000 ns	     38171	80008488	21f89753	fsgnjn.s	f14,f17,f31	 f17:0x4f7ffff9 f31:0x3f800000 f14=0xcf7ffff9
     381745.000 ns	     38173	8000848c	402c5813	srai	x16,x24,0x2	 x24:0x80040fe4 x16=0xe00103f9
     381755.000 ns	     38174	80008490	012d5933	srl	x18,x26,x18	 x26:0xc0000000 x18:0x7fc0014e x18=0x00030000
     381775.000 ns	     38176	80008494	d01ef253	fcvt.s.wu	f4,x29	 x29:0x00000020  f4=0x42000000
     381805.000 ns	     38179	80008498	02a575b3	remu	x11,x10,x10	 x10:0x00000000 x10:0x00000000 x11=0x00000000
     381825.000 ns	     38181	8000849c	000876b3	and	x13,x16,x0	 x16:0xe00103f9  x0:0x00000000 x13=0x00000000
     381855.000 ns	     38184	800084a0	10e44553	fmul.s	f10,f8,f14	  f8:0xcf7ffffc f14:0xcf7ffff9 f10=0x5f7ffff5
     382225.000 ns	     38221	800084a4	029bf333	remu	x6,x23,x9	 x23:0x00000000  x9:0x80041024  x6=0x00000000
     383405.000 ns	     38339	800084a8	580574d3	fsqrt.s	f9,f10	 f10:0x5f7ffff5  f9=0x4f35045a
     383435.000 ns	     38342	800084ac	e0021bd3	fclass.s	x23,f4	  f4:0x42000000 x23=0x00000040
     383455.000 ns	     38344	800084b0	013cba33	sltu	x20,x25,x19	 x25:0x00000000 x19:0x00000001 x20=0x00000001
     383465.000 ns	     38345	800084b4	76bc0593	addi	x11,x24,1899	 x24:0x80040fe4 x11=0x8004174f
     383475.000 ns	     38346	800084b8	0110a1b3	slt	x3,x1,x17	  x1:0xfffff89f x17:0x0000010d  x3=0x00000001
     383495.000 ns	     38348	800084bc	d00379d3	fcvt.s.w	f19,x6	  x6:0x00000000 f19=0x00000000
     383515.000 ns	     38350	800084c0	406d5b93	srai	x23,x26,0x6	 x26:0xc0000000 x23=0xff000000
     383525.000 ns	     38351	800084c4	9c4b4513	xori	x10,x22,-1596	 x22:0x00000008 x10=0xfffff9cc
     383535.000 ns	     38352	800084c8	01838eb3	add	x29,x7,x24	  x7:0x00000000 x24:0x80040fe4 x29=0x80040fe4
     383575.000 ns	     38356	800084cc	08aff353	fsub.s	f6,f31,f10	 f31:0x3f800000 f10:0x5f7ffff5  f6=0xdf7ffff5
     383605.000 ns	     38359	800084d0	e00f0fd3	fmv.x.w	x31,f30	 f30:0x4eff7ff0 x31=0x4eff7ff0
     383635.000 ns	     38362	800084d4	a0060653	fle.s	x12,f12,f0	 f12:0xcf7ffffc  f0:0x80000000 x12=0x00000001
     383655.000 ns	     38364	800084d8	011e5713	srli	x14,x28,0x11	 x28:0x00000001 x14=0x00000000
     383675.000 ns	     38366	800084dc	a06e15d3	flt.s	x11,f28,f6	 f28:0x80000200  f6:0xdf7ffff5 x11=0x00000000
     383705.000 ns	     38369	800084e0	a0ba9bd3	flt.s	x23,f21,f11	 f21:0x3f7fffae f11:0x3f800000 x23=0x00000001
     383725.000 ns	     38371	800084e4	c9c93f93	sltiu	x31,x18,-868	 x18:0x00030000 x31=0x00000001
     383745.000 ns	     38373	800084e8	03b44eb3	div	x29,x8,x27	  x8:0x00000000 x27:0x00000000 x29=0xffffffff
     383775.000 ns	     38376	800084ec	03b43fb3	mulhu	x31,x8,x27	  x8:0x00000000 x27:0x00000000 x31=0x00000000
     383805.000 ns	     38379	800084f0	02e14533	div	x10,x2,x14	  x2:0x00024780 x14:0x00000000 x10=0xffffffff
     384175.000 ns	     38416	800084f4	03e65f33	divu	x30,x12,x30	 x12:0x00000001 x30:0x00000001 x30=0x00000001
     384205.000 ns	     38419	800084f8	217e8d53	fsgnj.s	f26,f29,f23	 f29:0x00000000 f23:0x3f800000 f26=0x00000000
     384225.000 ns	     38421	800084fc	35160893	addi	x17,x12,849	 x12:0x00000001 x17=0x00000352
     384245.000 ns	     38423	80008500	02573333	mulhu	x6,x14,x5	 x14:0x00000000  x5:0x00000000  x6=0x00000000
     384265.000 ns	     38425	80008504	41268333	sub	x6,x13,x18	 x13:0x00000000 x18:0x00030000  x6=0xfffd0000
     384275.000 ns	     38426	80008508	f6c90b93	addi	x23,x18,-148	 x18:0x00030000 x23=0x0002ff6c
     384285.000 ns	     38427	8000850c	c280f013	andi	x0,x1,-984	  x1:0xfffff89f
     384305.000 ns	     38429	80008510	039bcfb3	div	x31,x23,x25	 x23:0x00000001 x25:0x00000000 x31=0xffffffff
     384325.000 ns	     38431	80008514	00f03833	sltu	x16,x0,x15	  x0:0x00000000 x15:0x00024780 x16=0x00000001
     384335.000 ns	     38432	80008518	0045e6b3	or	x13,x11,x4	 x11:0x00000000  x4:0x00000000 x13=0x00000000
     384375.000 ns	     38436	8000851c	0032f7d3	fadd.s	f15,f5,f3	  f5:0x00000000  f3:0x4eff8000 f15=0x4eff8000
     384395.000 ns	     38438	80008520	01d9df13	srli	x30,x19,0x1d	 x19:0x00000001 x30=0x00000000
     384415.000 ns	     38440	80008524	20f80d53	fsgnj.s	f26,f16,f15	 f16:0x3f800000 f15:0x4eff8000 f26=0x3f800000
     384465.000 ns	     38445	80008528	00bffd53	fadd.s	f26,f31,f11	 f31:0x3f800000 f11:0x3f800000 f26=0x40000000
     384495.000 ns	     38448	8000852c	02239633	mulh	x12,x7,x2	  x7:0x00000000  x2:0x00024780 x12=0x00000000
     384865.000 ns	     38485	80008530	022fd6b3	divu	x13,x31,x2	 x31:0xffffffff  x2:0x00024780 x13=0x00007050
     384885.000 ns	     38487	80008534	dcba2013	slti	x0,x20,-565	 x20:0x00000001
     385245.000 ns	     38523	80008538	023e4133	div	x2,x28,x3	 x28:0x00000001  x3:0x00000001  x2=0x00000001
     385265.000 ns	     38525	8000853c	019e6d33	or	x26,x28,x25	 x28:0x00000001 x25:0x00000000 x26=0x00000001
     385285.000 ns	     38527	80008540	2032ad53	fsgnjx.s	f26,f5,f3	  f5:0x00000000  f3:0x4eff8000 f26=0x00000000
     385655.000 ns	     38564	80008544	02615933	divu	x18,x2,x6	  x2:0x00000001  x6:0xfffd0000 x18=0x00000000
     385675.000 ns	     38566	80008548	41438d33	sub	x26,x7,x20	  x7:0x00000000 x20:0x00000001 x26=0xffffffff
     385695.000 ns	     38568	8000854c	024a17b3	mulh	x15,x20,x4	 x20:0x00000001  x4:0x00000000 x15=0x00000000
     385715.000 ns	     38570	80008550	00184233	xor	x4,x16,x1	 x16:0x00000001  x1:0xfffff89f  x4=0xfffff89e
     385725.000 ns	     38571	80008554	1d934613	xori	x12,x6,473	  x6:0xfffd0000 x12=0xfffd01d9
     385735.000 ns	     38572	80008558	014aafb3	slt	x31,x21,x20	 x21:0x00000001 x20:0x00000001 x31=0x00000000
     385775.000 ns	     38576	8000855c	096d7653	fsub.s	f12,f26,f22	 f26:0x00000000 f22:0x3f800000 f12=0xbf800000
     385805.000 ns	     38579	80008560	02b36d33	rem	x26,x6,x11	  x6:0xfffd0000 x11:0x00000000 x26=0xfffd0000
     385835.000 ns	     38582	80008564	03b1f7b3	remu	x15,x3,x27	  x3:0x00000001 x27:0x00000000 x15=0x00000001
     385855.000 ns	     38584	80008568	b6e3e993	ori	x19,x7,-1170	  x7:0x00000000 x19=0xfffffb6e
     385875.000 ns	     38586	8000856c	a08a0bd3	fle.s	x23,f20,f8	 f20:0x00000000  f8:0xcf7ffffc x23=0x00000000
     385895.000 ns	     38588	80008570	018ed213	srli	x4,x29,0x18	 x29:0xffffffff  x4=0x000000ff
     385915.000 ns	     38590	80008574	f00e08d3	fmv.w.x	f17,x28	 x28:0x00000001 f17=0x00000001
     385955.000 ns	     38594	80008578	58012ad3	fsqrt.s	f21,f2	  f2:0x7fc00000 f21=0x7fc00000
     385975.000 ns	     38596	8000857c	0018d6b3	srl	x13,x17,x1	 x17:0x00000352  x1:0xfffff89f x13=0x00000000
     385985.000 ns	     38597	80008580	4ae1c893	xori	x17,x3,1198	  x3:0x00000001 x17=0x000004af
     386005.000 ns	     38599	80008584	0397c833	div	x16,x15,x25	 x15:0x00000001 x25:0x00000000 x16=0xffffffff
     386035.000 ns	     38602	80008588	e00800d3	fmv.x.w	x1,f16	 f16:0x3f800000  x1=0x3f800000
     386055.000 ns	     38604	8000858c	00000013	addi	x0,x0,0	  x0:0x00000000
     386075.000 ns	     38606	80008590	281a9153	fmax.s	f2,f21,f1	 f21:0x7fc00000  f1:0x7f800000  f2=0x7f800000
     386095.000 ns	     38608	80008594	4989cb13	xori	x22,x19,1176	 x19:0xfffffb6e x22=0xfffffff6
     386105.000 ns	     38609	80008598	00b778b3	and	x17,x14,x11	 x14:0x00000000 x11:0x00000000 x17=0x00000000
     386115.000 ns	     38610	8000859c	00000013	addi	x0,x0,0	  x0:0x00000000
     386125.000 ns	     38611	800085a0	aecbf713	andi	x14,x23,-1300	 x23:0x00000000 x14=0x00000000
     386135.000 ns	     38612	800085a4	04554113	xori	x2,x10,69	 x10:0xffffffff  x2=0xffffffba
     386145.000 ns	     38613	800085a8	004b1ab3	sll	x21,x22,x4	 x22:0xfffffff6  x4:0x000000ff x21=0x00000000
     386155.000 ns	     38614	800085ac	07052913	slti	x18,x10,112	 x10:0xffffffff x18=0x00000001
     386165.000 ns	     38615	800085b0	01fb4733	xor	x14,x22,x31	 x22:0xfffffff6 x31:0x00000000 x14=0xfffffff6
     386185.000 ns	     38617	800085b4	a0e981d3	fle.s	x3,f19,f14	 f19:0x00000000 f14:0xcf7ffff9  x3=0x00000000
     386215.000 ns	     38620	800085b8	d01fa2d3	fcvt.s.wu	f5,x31	 x31:0x00000000  f5=0x00000000
     386235.000 ns	     38622	800085bc	a9346213	ori	x4,x8,-1389	  x8:0x00000000  x4=0xfffffa93
     386255.000 ns	     38624	800085c0	a15c8d53	fle.s	x26,f25,f21	 f25:0x3f800000 f21:0x7fc00000 x26=0x00000000
     386285.000 ns	     38627	800085c4	e00c1353	fclass.s	x6,f24	 f24:0x00000000  x6=0x00000010
     386305.000 ns	     38629	800085c8	b983f113	andi	x2,x7,-1128	  x7:0x00000000  x2=0x00000000
     386335.000 ns	     38632	800085cc	58017753	fsqrt.s	f14,f2	  f2:0x7f800000 f14=0x7f800000
     386355.000 ns	     38634	800085d0	41d20f33	sub	x30,x4,x29	  x4:0xfffffa93 x29:0xffffffff x30=0xfffffa94
     386375.000 ns	     38636	800085d4	a03d81d3	fle.s	x3,f27,f3	 f27:0x7fc00000  f3:0x4eff8000  x3=0x00000000
     386405.000 ns	     38639	800085d8	d0182dd3	fcvt.s.wu	f27,x16	 x16:0xffffffff f27=0x4f800000
     386435.000 ns	     38642	800085dc	203d9553	fsgnjn.s	f10,f27,f3	 f27:0x7fc00000  f3:0x4eff8000 f10=0xcf800000
     386465.000 ns	     38645	800085e0	c00112d3	fcvt.w.s	x5,f2	  f2:0x7f800000  x5=0x7fffffff
     386485.000 ns	     38647	800085e4	0aaaff93	andi	x31,x21,170	 x21:0x00000000 x31=0x00000000
     386495.000 ns	     38648	800085e8	0120adb3	slt	x27,x1,x18	  x1:0x3f800000 x18:0x00000001 x27=0x00000000
     386505.000 ns	     38649	800085ec	59b9eb13	ori	x22,x19,1435	 x19:0xfffffb6e x22=0xffffffff
     386865.000 ns	     38685	800085f0	026a7fb3	remu	x31,x20,x6	 x20:0x00000001  x6:0x00000010 x31=0x00000001
     386885.000 ns	     38687	800085f4	408a5d33	sra	x26,x20,x8	 x20:0x00000001  x8:0x00000000 x26=0x00000001
     386895.000 ns	     38688	800085f8	4009d713	srai	x14,x19,0x0	 x19:0xfffffb6e x14=0xfffffb6e
     386915.000 ns	     38690	800085fc	02c81233	mulh	x4,x16,x12	 x16:0xffffffff x12:0xfffd01d9  x4=0x00000000
     386935.000 ns	     38692	80008600	013ba433	slt	x8,x23,x19	 x23:0x00000000 x19:0xfffffb6e  x8=0x00000000
     386945.000 ns	     38693	80008604	00b82fb3	slt	x31,x16,x11	 x16:0xffffffff x11:0x00000000 x31=0x00000001
     386955.000 ns	     38694	80008608	8e0dcb93	xori	x23,x27,-1824	 x27:0x00000000 x23=0xfffff8e0
     386975.000 ns	     38696	8000860c	a17f0453	fle.s	x8,f30,f23	 f30:0x4eff7ff0 f23:0x3f800000  x8=0x00000000
     387005.000 ns	     38699	80008610	a164ae53	feq.s	x28,f9,f22	  f9:0x4f35045a f22:0x3f800000 x28=0x00000000
     387025.000 ns	     38701	80008614	01ef6333	or	x6,x30,x30	 x30:0xfffffa94 x30:0xfffffa94  x6=0xfffffa94
     387045.000 ns	     38703	80008618	c0057553	fcvt.w.s	x10,f10	 f10:0xcf800000 x10=0x80000000
     387075.000 ns	     38706	8000861c	c00d3b53	fcvt.w.s	x22,f26	 f26:0x00000000 x22=0x00000000
     387105.000 ns	     38709	80008620	03001833	mulh	x16,x0,x16	  x0:0x00000000 x16:0xffffffff x16=0x00000000
     387135.000 ns	     38712	80008624	03932eb3	mulhsu	x29,x6,x25	  x6:0xfffffa94 x25:0x00000000 x29=0x00000000
     387165.000 ns	     38715	80008628	291a1fd3	fmax.s	f31,f20,f17	 f20:0x00000000 f17:0x00000001 f31=0x00000001
     387185.000 ns	     38717	8000862c	40448bb3	sub	x23,x9,x4	  x9:0x80041024  x4:0x00000000 x23=0x80041024
     387545.000 ns	     38753	80008630	021f59b3	divu	x19,x30,x1	 x30:0xfffffa94  x1:0x3f800000 x19=0x00000004
     387565.000 ns	     38755	80008634	40b583b3	sub	x7,x11,x11	 x11:0x00000000 x11:0x00000000  x7=0x00000000
     387575.000 ns	     38756	80008638	00e338b3	sltu	x17,x6,x14	  x6:0xfffffa94 x14:0xfffffb6e x17=0x00000001
     387595.000 ns	     38758	8000863c	a0911e53	flt.s	x28,f2,f9	  f2:0x7f800000  f9:0x4f35045a x28=0x00000000
     387625.000 ns	     38761	80008640	02453533	mulhu	x10,x10,x4	 x10:0x80000000  x4:0x00000000 x10=0x00000000
     387655.000 ns	     38764	80008644	a0751ad3	flt.s	x21,f10,f7	 f10:0xcf800000  f7:0x4eff8000 x21=0x00000001
     387675.000 ns	     38766	80008648	41b85233	sra	x4,x16,x27	 x16:0x00000000 x27:0x00000000  x4=0x00000000
     387685.000 ns	     38767	8000864c	010449b3	xor	x19,x8,x16	  x8:0x00000000 x16:0x00000000 x19=0x00000000
     387695.000 ns	     38768	80008650	00b83233	sltu	x4,x16,x11	 x16:0x00000000 x11:0x00000000  x4=0x00000000
     388055.000 ns	     38804	80008654	0296d233	divu	x4,x13,x9	 x13:0x00000000  x9:0x80041024  x4=0x00000000
     388075.000 ns	     38806	80008658	af802113	slti	x2,x0,-1288	  x0:0x00000000  x2=0x00000000
     388085.000 ns	     38807	8000865c	00315eb3	srl	x29,x2,x3	  x2:0x00000000  x3:0x00000000 x29=0x00000000
     388105.000 ns	     38809	80008660	20ff1053	fsgnjn.s	f0,f30,f15	 f30:0x4eff7ff0 f15:0x4eff8000  f0=0xceff7ff0
     388155.000 ns	     38814	80008664	00dbaf53	fadd.s	f30,f23,f13	 f23:0x3f800000 f13:0x00000000 f30=0x3f800000
     388175.000 ns	     38816	80008668	4949b293	sltiu	x5,x19,1172	 x19:0x00000000  x5=0x00000001
     388535.000 ns	     38852	8000866c	0352d833	divu	x16,x5,x21	  x5:0x7fffffff x21:0x00000001 x16=0x00000001
     388575.000 ns	     38856	80008670	19251bd3	fdiv.s	f23,f10,f18	 f10:0xcf800000 f18:0x00000000 f23=0xff800000
     388605.000 ns	     38859	80008674	c01d8ad3	fcvt.wu.s	x21,f27	 f27:0x4f800000 x21=0x00000000
     388635.000 ns	     38862	80008678	e0050bd3	fmv.x.w	x23,f10	 f10:0xcf800000 x23=0xcf800000
     388655.000 ns	     38864	8000867c	01416133	or	x2,x2,x20	  x2:0x00000000 x20:0x00000001  x2=0x00000001
     388675.000 ns	     38866	80008680	03221b33	mulh	x22,x4,x18	  x4:0x00000000 x18:0x00000001 x22=0x00000000
     388695.000 ns	     38868	80008684	002a5413	srli	x8,x20,0x2	 x20:0x00000001  x8=0x00000000
     388705.000 ns	     38869	80008688	aee5aa93	slti	x21,x11,-1298	 x11:0x00000000 x21=0x00000000
     388715.000 ns	     38870	8000868c	01960833	add	x16,x12,x25	 x12:0xfffd01d9 x25:0x00000000 x16=0xfffd01d9
     389075.000 ns	     38906	80008690	02ed6833	rem	x16,x26,x14	 x26:0x00000001 x14:0xfffffb6e x16=0x00000001
     389105.000 ns	     38909	80008694	c00275d3	fcvt.w.s	x11,f4	  f4:0x42000000 x11=0x00000020
     389135.000 ns	     38912	80008698	036ee2b3	rem	x5,x29,x22	 x29:0x00000000 x22:0x00000000  x5=0x00000000
     389155.000 ns	     38914	8000869c	00000013	addi	x0,x0,0	  x0:0x00000000
     389515.000 ns	     38950	800086a0	03a6ddb3	divu	x27,x13,x26	 x13:0x00000000 x26:0x00000001 x27=0x00000000
     389535.000 ns	     38952	800086a4	82c8ba93	sltiu	x21,x17,-2004	 x17:0x00000001 x21=0x00000001
     389555.000 ns	     38954	800086a8	a18e2053	feq.s	x0,f28,f24	 f28:0x80000200 f24:0x00000000
     389585.000 ns	     38957	800086ac	a0c3afd3	feq.s	x31,f7,f12	  f7:0x4eff8000 f12:0xbf800000 x31=0x00000000
     389605.000 ns	     38959	800086b0	00c0c3b3	xor	x7,x1,x12	  x1:0x3f800000 x12:0xfffd01d9  x7=0xc07d01d9
     389615.000 ns	     38960	800086b4	6ab3e593	ori	x11,x7,1707	  x7:0x00000000 x11=0xc07d07fb
     389635.000 ns	     38962	800086b8	e00d9553	fclass.s	x10,f27	 f27:0x4f800000 x10=0x00000040
     389665.000 ns	     38965	800086bc	03343d33	mulhu	x26,x8,x19	  x8:0x00000000 x19:0x00000000 x26=0x00000000
     389685.000 ns	     38967	800086c0	25403937	lui	x18,0x25403	 x18=0x25403000
     389695.000 ns	     38968	800086c4	01039913	slli	x18,x7,0x10	  x7:0xc07d01d9 x18=0x01d90000
     389715.000 ns	     38970	800086c8	21208c53	fsgnj.s	f24,f1,f18	  f1:0x7f800000 f18:0x00000000 f24=0x7f800000
     389745.000 ns	     38973	800086cc	022cbb33	mulhu	x22,x25,x2	 x25:0x00000000  x2:0x00000001 x22=0x00000000
     389785.000 ns	     38977	800086d0	11f576d3	fmul.s	f13,f10,f31	 f10:0xcf800000 f31:0x00000001 f13=0x85000000
     389805.000 ns	     38979	800086d4	62218793	addi	x15,x3,1570	  x3:0x00000000 x15=0x00000622
     389815.000 ns	     38980	800086d8	0085f9b3	and	x19,x11,x8	 x11:0xc07d07fb  x8:0x00000000 x19=0x00000000
     389825.000 ns	     38981	800086dc	009949b3	xor	x19,x18,x9	 x18:0x01d90000  x9:0x80041024 x19=0x81dd1024
     389855.000 ns	     38984	800086e0	18283a53	fdiv.s	f20,f16,f2	 f16:0x3f800000  f2:0x7f800000 f20=0x00000000
     389895.000 ns	     38988	800086e4	1812f7d3	fdiv.s	f15,f5,f1	  f5:0x00000000  f1:0x7f800000 f15=0x00000000
     389925.000 ns	     38991	800086e8	20cc03d3	fsgnj.s	f7,f24,f12	 f24:0x7f800000 f12:0xbf800000  f7=0xff800000
     389975.000 ns	     38996	800086ec	0082f7d3	fadd.s	f15,f5,f8	  f5:0x00000000  f8:0xcf7ffffc f15=0xcf7ffffc
     390005.000 ns	     38999	800086f0	21e417d3	fsgnjn.s	f15,f8,f30	  f8:0xcf7ffffc f30:0x3f800000 f15=0xcf7ffffc
     390375.000 ns	     39036	800086f4	0347e933	rem	x18,x15,x20	 x15:0x00000622 x20:0x00000001 x18=0x00000000
     390405.000 ns	     39039	800086f8	21cd0f53	fsgnj.s	f30,f26,f28	 f26:0x00000000 f28:0x80000200 f30=0x80000000
     390435.000 ns	     39042	800086fc	d00d7bd3	fcvt.s.w	f23,x26	 x26:0x00000000 f23=0x00000000
     390455.000 ns	     39044	80008700	41450fb3	sub	x31,x10,x20	 x10:0x00000040 x20:0x00000001 x31=0x0000003f
     390475.000 ns	     39046	80008704	c0097dd3	fcvt.w.s	x27,f18	 f18:0x00000000 x27=0x00000000
     390525.000 ns	     39051	80008708	01dea8d3	fadd.s	f17,f29,f29	 f29:0x00000000 f29:0x00000000 f17=0x00000000
     390545.000 ns	     39053	8000870c	00000013	addi	x0,x0,0	  x0:0x00000000
     390555.000 ns	     39054	80008710	00000013	addi	x0,x0,0	  x0:0x00000000
     390565.000 ns	     39055	80008714	00f702b3	add	x5,x14,x15	 x14:0xfffffb6e x15:0x00000622  x5=0x00000190
     390585.000 ns	     39057	80008718	03160db3	mul	x27,x12,x17	 x12:0xfffd01d9 x17:0x00000001 x27=0xfffd01d9
     390625.000 ns	     39061	8000871c	1118be53	fmul.s	f28,f17,f17	 f17:0x00000000 f17:0x00000000 f28=0x00000000
     390655.000 ns	     39064	80008720	03955db3	divu	x27,x10,x25	 x10:0x00000040 x25:0x00000000 x27=0xffffffff
     390685.000 ns	     39067	80008724	d0131e53	fcvt.s.wu	f28,x6	  x6:0xfffffa94 f28=0x4f7ffffa
     390705.000 ns	     39069	80008728	b096ad93	slti	x27,x13,-1271	 x13:0x00000000 x27=0x00000000
     390715.000 ns	     39070	8000872c	400c08b3	sub	x17,x24,x0	 x24:0x80040fe4  x0:0x00000000 x17=0x80040fe4
     390755.000 ns	     39074	80008730	0092fe53	fadd.s	f28,f5,f9	  f5:0x00000000  f9:0x4f35045a f28=0x4f35045a
     390775.000 ns	     39076	80008734	00277033	and	x0,x14,x2	 x14:0xfffffb6e  x2:0x00000001
     391135.000 ns	     39112	80008738	0290c833	div	x16,x1,x9	  x1:0x3f800000  x9:0x80041024 x16=0x00000000
     391155.000 ns	     39114	8000873c	b6090f13	addi	x30,x18,-1184	 x18:0x00000000 x30=0xfffffb60
     391175.000 ns	     39116	80008740	c008cd53	fcvt.w.s	x26,f17	 f17:0x00000000 x26=0x00000000
     391205.000 ns	     39119	80008744	e00c9253	fclass.s	x4,f25	 f25:0x3f800000  x4=0x00000040
     391225.000 ns	     39121	80008748	00000013	addi	x0,x0,0	  x0:0x00000000
     391235.000 ns	     39122	8000874c	20b63713	sltiu	x14,x12,523	 x12:0xfffd01d9 x14=0x00000000
     391245.000 ns	     39123	80008750	e03ef013	andi	x0,x29,-509	 x29:0x00000000
     391285.000 ns	     39127	80008754	098ffc53	fsub.s	f24,f31,f24	 f31:0x00000001 f24:0x7f800000 f24=0xff800000
     391655.000 ns	     39164	80008758	0346e433	rem	x8,x13,x20	 x13:0x00000000 x20:0x00000001  x8=0x00000000
     391675.000 ns	     39166	8000875c	8e883713	sltiu	x14,x16,-1816	 x16:0x00000000 x14=0x00000001
     391695.000 ns	     39168	80008760	0236ad33	mulhsu	x26,x13,x3	 x13:0x00000000  x3:0x00000000 x26=0x00000000
     391715.000 ns	     39170	80008764	e3c26293	ori	x5,x4,-452	  x4:0x00000040  x5=0xfffffe7c
     391725.000 ns	     39171	80008768	412889b3	sub	x19,x17,x18	 x17:0x80040fe4 x18:0x00000000 x19=0x80040fe4
     391735.000 ns	     39172	8000876c	00dd5b33	srl	x22,x26,x13	 x26:0x00000000 x13:0x00000000 x22=0x00000000
     391755.000 ns	     39174	80008770	a08a0153	fle.s	x2,f20,f8	 f20:0x00000000  f8:0xcf7ffffc  x2=0x00000000
     391775.000 ns	     39176	80008774	00de39b3	sltu	x19,x28,x13	 x28:0x00000000 x13:0x00000000 x19=0x00000000
     391795.000 ns	     39178	80008778	204f9853	fsgnjn.s	f16,f31,f4	 f31:0x00000001  f4:0x42000000 f16=0x80000001
     391825.000 ns	     39181	8000877c	c00e7153	fcvt.w.s	x2,f28	 f28:0x4f35045a  x2=0x7fffffff
     391845.000 ns	     39183	80008780	e9134a13	xori	x20,x6,-367	  x6:0xfffffa94 x20=0x00000405
     391855.000 ns	     39184	80008784	cfc63593	sltiu	x11,x12,-772	 x12:0xfffd01d9 x11=0x00000001
     391865.000 ns	     39185	80008788	00e49733	sll	x14,x9,x14	  x9:0x80041024 x14:0x00000001 x14=0x00082048
     391905.000 ns	     39189	8000878c	01547353	fadd.s	f6,f8,f21	  f8:0xcf7ffffc f21:0x7fc00000  f6=0x7fc00000
     391935.000 ns	     39192	80008790	e0019b53	fclass.s	x22,f3	  f3:0x4eff8000 x22=0x00000040
     391965.000 ns	     39195	80008794	03d8ef33	rem	x30,x17,x29	 x17:0x80040fe4 x29:0x00000000 x30=0x80040fe4
     391995.000 ns	     39198	80008798	0332c633	div	x12,x5,x19	  x5:0xfffffe7c x19:0x00000000 x12=0xffffffff
     392015.000 ns	     39200	8000879c	01ebd093	srli	x1,x23,0x1e	 x23:0xcf800000  x1=0x00000003
     392035.000 ns	     39202	800087a0	03daf733	remu	x14,x21,x29	 x21:0x00000001 x29:0x00000000 x14=0x00000001
     392055.000 ns	     39204	800087a4	0125b0b3	sltu	x1,x11,x18	 x11:0x00000001 x18:0x00000000  x1=0x00000000
     392065.000 ns	     39205	800087a8	38dfb193	sltiu	x3,x31,909	 x31:0x0000003f  x3=0x00000001
     392085.000 ns	     39207	800087ac	28160cd3	fmin.s	f25,f12,f1	 f12:0xbf800000  f1:0x7f800000 f25=0xbf800000
     392115.000 ns	     39210	800087b0	29ee0753	fmin.s	f14,f28,f30	 f28:0x4f35045a f30:0x80000000 f14=0x80000000
     392135.000 ns	     39212	800087b4	00338633	add	x12,x7,x3	  x7:0xc07d01d9  x3:0x00000001 x12=0xc07d01da
     392155.000 ns	     39214	800087b8	e00c96d3	fclass.s	x13,f25	 f25:0xbf800000 x13=0x00000002
     392525.000 ns	     39251	800087bc	0383dfb3	divu	x31,x7,x24	  x7:0xc07d01d9 x24:0x80040fe4 x31=0x00000001
     392545.000 ns	     39253	800087c0	233ec113	xori	x2,x29,563	 x29:0x00000000  x2=0x00000233
     392565.000 ns	     39255	800087c4	21f021d3	fsgnjx.s	f3,f0,f31	  f0:0xceff7ff0 f31:0x00000001  f3=0xceff7ff0
     392595.000 ns	     39258	800087c8	c0043d53	fcvt.w.s	x26,f8	  f8:0xcf7ffffc x26=0x80000000
     392965.000 ns	     39295	800087cc	02b3c433	div	x8,x7,x11	  x7:0xc07d01d9 x11:0x00000001  x8=0xc07d01d9
     392985.000 ns	     39297	800087d0	a7e8ae93	slti	x29,x17,-1410	 x17:0x80040fe4 x29=0x00000001
     392995.000 ns	     39298	800087d4	0027df93	srli	x31,x15,0x2	 x15:0x00000622 x31=0x00000188
     393005.000 ns	     39299	800087d8	017dda13	srli	x20,x27,0x17	 x27:0x00000000 x20=0x00000000
     393015.000 ns	     39300	800087dc	8b491337	lui	x6,0x8b491	  x6=0x8b491000
     393035.000 ns	     39302	800087e0	02ad3433	mulhu	x8,x26,x10	 x26:0x80000000 x10:0x00000040  x8=0x00000020
     393065.000 ns	     39305	800087e4	299a19d3	fmax.s	f19,f20,f25	 f20:0x00000000 f25:0xbf800000 f19=0x00000000
     393085.000 ns	     39307	800087e8	40755893	srai	x17,x10,0x7	 x10:0x00000040 x17=0x00000000
     393095.000 ns	     39308	800087ec	01f80033	add	x0,x16,x31	 x16:0x00000000 x31:0x00000188
     393115.000 ns	     39310	800087f0	a1619153	flt.s	x2,f3,f22	  f3:0xceff7ff0 f22:0x3f800000  x2=0x00000001
     393145.000 ns	     39313	800087f4	a17c0b53	fle.s	x22,f24,f23	 f24:0xff800000 f23:0x00000000 x22=0x00000001
     393165.000 ns	     39315	800087f8	00e11193	slli	x3,x2,0xe	  x2:0x00000001  x3=0x00004000
     393175.000 ns	     39316	800087fc	a025d7b7	lui	x15,0xa025d	 x15=0xa025d000
     393195.000 ns	     39318	80008800	03e723b3	mulhsu	x7,x14,x30	 x14:0x00000001 x30:0x80040fe4  x7=0x00000000
     393215.000 ns	     39320	80008804	15f8c993	xori	x19,x17,351	 x17:0x00000000 x19=0x0000015f
     393225.000 ns	     39321	80008808	00c44bb3	xor	x23,x8,x12	  x8:0x00000020 x12:0xc07d01da x23=0xc07d01fa
     393245.000 ns	     39323	8000880c	212b0dd3	fsgnj.s	f27,f22,f18	 f22:0x3f800000 f18:0x00000000 f27=0x3f800000
     393275.000 ns	     39326	80008810	a1b60fd3	fle.s	x31,f12,f27	 f12:0xbf800000 f27:0x4f800000 x31=0x00000001
     393305.000 ns	     39329	80008814	c00770d3	fcvt.w.s	x1,f14	 f14:0x80000000  x1=0x00000000
     393335.000 ns	     39332	80008818	a15c0853	fle.s	x16,f24,f21	 f24:0xff800000 f21:0x7fc00000 x16=0x00000000
     393355.000 ns	     39334	8000881c	b0b3c313	xori	x6,x7,-1269	  x7:0x00000000  x6=0xfffffb0b
     393715.000 ns	     39370	80008820	03f275b3	remu	x11,x4,x31	  x4:0x00000040 x31:0x00000001 x11=0x00000000
     393755.000 ns	     39374	80008824	5800fe53	fsqrt.s	f28,f1	  f1:0x7f800000 f28=0x7f800000
     393785.000 ns	     39377	80008828	d00c7953	fcvt.s.w	f18,x24	 x24:0x80040fe4 f18=0xcefff7e0
     393805.000 ns	     39379	8000882c	97fffa13	andi	x20,x31,-1665	 x31:0x00000001 x20=0x00000001
     393835.000 ns	     39382	80008830	18fe7f53	fdiv.s	f30,f28,f15	 f28:0x7f800000 f15:0xcf7ffffc f30=0xff800000
     393885.000 ns	     39387	80008834	08604853	fsub.s	f16,f0,f6	  f0:0xceff7ff0  f6:0x7fc00000 f16=0x7fc00000
     393905.000 ns	     39389	80008838	00fee033	or	x0,x29,x15	 x29:0x00000001 x15:0xa025d000
     393925.000 ns	     39391	8000883c	030563b3	rem	x7,x10,x16	 x10:0x00000040 x16:0x00000000  x7=0x00000040
     393955.000 ns	     39394	80008840	c013f753	fcvt.wu.s	x14,f7	  f7:0xff800000 x14=0x00000000
     393985.000 ns	     39397	80008844	d01647d3	fcvt.s.wu	f15,x12	 x12:0xc07d01da f15=0x4f407d02
     394015.000 ns	     39400	80008848	20172553	fsgnjx.s	f10,f14,f1	 f14:0x80000000  f1:0x7f800000 f10=0x80000000
     394035.000 ns	     39402	8000884c	01e07a33	and	x20,x0,x30	  x0:0x00000000 x30:0x80040fe4 x20=0x00000000
     394045.000 ns	     39403	80008850	690a0f13	addi	x30,x20,1680	 x20:0x00000001 x30=0x00000690
     394055.000 ns	     39404	80008854	01b959b3	srl	x19,x18,x27	 x18:0x00000000 x27:0x00000000 x19=0x00000000
     394065.000 ns	     39405	80008858	002f5113	srli	x2,x30,0x2	 x30:0x80040fe4  x2=0x000001a4
     394085.000 ns	     39407	8000885c	d010f6d3	fcvt.s.wu	f13,x1	  x1:0x00000000 f13=0x00000000
     394105.000 ns	     39409	80008860	402e08b3	sub	x17,x28,x2	 x28:0x00000000  x2:0x00000001 x17=0xfffffe5c
     394145.000 ns	     39413	80008864	012e7153	fadd.s	f2,f28,f18	 f28:0x7f800000 f18:0xcefff7e0  f2=0x7f800000
     394175.000 ns	     39416	80008868	f00b0b53	fmv.w.x	f22,x22	 x22:0x00000001 f22=0x00000001
     394195.000 ns	     39418	8000886c	01bb9a93	slli	x21,x23,0x1b	 x23:0xc07d01fa x21=0xd0000000
     395365.000 ns	     39535	80008870	5805cc53	fsqrt.s	f24,f11	 f11:0x3f800000 f24=0x3f7fffae
     395385.000 ns	     39537	80008874	019b40b3	xor	x1,x22,x25	 x22:0x00000001 x25:0x00000000  x1=0x00000001
     395405.000 ns	     39539	80008878	a1361053	flt.s	x0,f12,f19	 f12:0xbf800000 f19:0x00000000
     395435.000 ns	     39542	8000887c	e0068553	fmv.x.w	x10,f13	 f13:0x00000000 x10=0x00000000
     395465.000 ns	     39545	80008880	f0050bd3	fmv.w.x	f23,x10	 x10:0x00000040 f23=0x00000000
     395495.000 ns	     39548	80008884	e0009f53	fclass.s	x30,f1	  f1:0x7f800000 x30=0x00000080
     395525.000 ns	     39551	80008888	02caa533	mulhsu	x10,x21,x12	 x21:0xd0000000 x12:0xc07d01da x10=0xdbe88fa7
     395545.000 ns	     39553	8000888c	00121b93	slli	x23,x4,0x1	  x4:0x00000040 x23=0x00000080
     395585.000 ns	     39557	80008890	080816d3	fsub.s	f13,f16,f0	 f16:0x7fc00000  f0:0xceff7ff0 f13=0x7fc00000
     395615.000 ns	     39560	80008894	a0002153	feq.s	x2,f0,f0	  f0:0xceff7ff0  f0:0xceff7ff0  x2=0x00000001
     395665.000 ns	     39565	80008898	0867fd53	fsub.s	f26,f15,f6	 f15:0x4f407d02  f6:0x7fc00000 f26=0x7fc00000
     395705.000 ns	     39569	8000889c	18137cd3	fdiv.s	f25,f6,f1	  f6:0x7fc00000  f1:0x7f800000 f25=0x7fc00000
     395735.000 ns	     39572	800088a0	02db8f33	mul	x30,x23,x13	 x23:0x00000080 x13:0x00000002 x30=0x00000100
     395755.000 ns	     39574	800088a4	22967913	andi	x18,x12,553	 x12:0xc07d01da x18=0x00000008
     395795.000 ns	     39578	800088a8	092aa853	fsub.s	f16,f21,f18	 f21:0x7fc00000 f18:0xcefff7e0 f16=0x7fc00000
     395815.000 ns	     39580	800088ac	caa5f613	andi	x12,x11,-854	 x11:0x00000000 x12=0x00000000
     395835.000 ns	     39582	800088b0	c0043053	fcvt.w.s	x0,f8	  f8:0xcf7ffffc
     395875.000 ns	     39586	800088b4	18368a53	fdiv.s	f20,f13,f3	 f13:0x7fc00000  f3:0xceff7ff0 f20=0x7fc00000
     395905.000 ns	     39589	800088b8	02ac8fb3	mul	x31,x25,x10	 x25:0x00000000 x10:0xdbe88fa7 x31=0x00000000
     395935.000 ns	     39592	800088bc	03b9e233	rem	x4,x19,x27	 x19:0x00000000 x27:0x00000000  x4=0x00000000
     395965.000 ns	     39595	800088c0	02ba2a33	mulhsu	x20,x20,x11	 x20:0x00000000 x11:0x00000000 x20=0x00000000
     395995.000 ns	     39598	800088c4	21fa2a53	fsgnjx.s	f20,f20,f31	 f20:0x7fc00000 f31:0x00000001 f20=0x7fc00000
     396015.000 ns	     39600	800088c8	405ed613	srai	x12,x29,0x5	 x29:0x00000001 x12=0x00000000
     396025.000 ns	     39601	800088cc	6f7c8713	addi	x14,x25,1783	 x25:0x00000000 x14=0x000006f7
     396045.000 ns	     39603	800088d0	29b18953	fmin.s	f18,f3,f27	  f3:0xceff7ff0 f27:0x3f800000 f18=0xceff7ff0
     396065.000 ns	     39605	800088d4	2b044317	auipc	x6,0x2b044	  x6=0xab04c8d4
     396075.000 ns	     39606	800088d8	b29bff37	lui	x30,0xb29bf	 x30=0xb29bf000
     396085.000 ns	     39607	800088dc	412a5613	srai	x12,x20,0x12	 x20:0x00000000 x12=0x00000000
     396095.000 ns	     39608	800088e0	d452a393	slti	x7,x5,-699	  x5:0xfffffe7c  x7=0x00000000
     396455.000 ns	     39644	800088e4	02a84633	div	x12,x16,x10	 x16:0x00000000 x10:0xdbe88fa7 x12=0x00000000
     396495.000 ns	     39648	800088e8	19c3bad3	fdiv.s	f21,f7,f28	  f7:0xff800000 f28:0x7f800000 f21=0x7fc00000
     396515.000 ns	     39650	800088ec	40e5d213	srai	x4,x11,0xe	 x11:0x00000000  x4=0x00000000
     396525.000 ns	     39651	800088f0	41958ab3	sub	x21,x11,x25	 x11:0x00000000 x25:0x00000000 x21=0x00000000
     396545.000 ns	     39653	800088f4	202d8f53	fsgnj.s	f30,f27,f2	 f27:0x3f800000  f2:0x7f800000 f30=0x3f800000
     396575.000 ns	     39656	800088f8	28518853	fmin.s	f16,f3,f5	  f3:0xceff7ff0  f5:0x00000000 f16=0xceff7ff0
     396605.000 ns	     39659	800088fc	f00e0353	fmv.w.x	f6,x28	 x28:0x00000000  f6=0x00000000
     396625.000 ns	     39661	80008900	013a1993	slli	x19,x20,0x13	 x20:0x00000000 x19=0x00000000
     396645.000 ns	     39663	80008904	d00dbe53	fcvt.s.w	f28,x27	 x27:0x00000000 f28=0x00000000
     396675.000 ns	     39666	80008908	c01882d3	fcvt.wu.s	x5,f17	 f17:0x00000000  x5=0x00000000
     396695.000 ns	     39668	8000890c	011a75b3	and	x11,x20,x17	 x20:0x00000000 x17:0xfffffe5c x11=0x00000000
     396725.000 ns	     39671	80008910	10a3cad3	fmul.s	f21,f7,f10	  f7:0xff800000 f10:0x80000000 f21=0x7fc00000
     396745.000 ns	     39673	80008914	4ac70d13	addi	x26,x14,1196	 x14:0x000006f7 x26=0x00000ba3
     396765.000 ns	     39675	80008918	03a23433	mulhu	x8,x4,x26	  x4:0x00000000 x26:0x80000000  x8=0x00000000
     396795.000 ns	     39678	8000891c	d006b2d3	fcvt.s.w	f5,x13	 x13:0x00000002  f5=0x40000000
     396835.000 ns	     39682	80008920	11e9c2d3	fmul.s	f5,f19,f30	 f19:0x00000000 f30:0x3f800000  f5=0x00000000
     396885.000 ns	     39687	80008924	09779053	fsub.s	f0,f15,f23	 f15:0x4f407d02 f23:0x00000000  f0=0x4f407d02
     396905.000 ns	     39689	80008928	db2fcd93	xori	x27,x31,-590	 x31:0x00000000 x27=0xfffffdb2
     396915.000 ns	     39690	8000892c	00d59333	sll	x6,x11,x13	 x11:0x00000000 x13:0x00000002  x6=0x00000000
     396925.000 ns	     39691	80008930	40fa8db3	sub	x27,x21,x15	 x21:0x00000000 x15:0xa025d000 x27=0x5fda3000
     396945.000 ns	     39693	80008934	29fa16d3	fmax.s	f13,f20,f31	 f20:0x7fc00000 f31:0x00000001 f13=0x00000001
     396975.000 ns	     39696	80008938	c01f7fd3	fcvt.wu.s	x31,f30	 f30:0x3f800000 x31=0x00000001
     397005.000 ns	     39699	8000893c	03304bb3	div	x23,x0,x19	  x0:0x00000000 x19:0x00000000 x23=0xffffffff
     397035.000 ns	     39702	80008940	c01c09d3	fcvt.wu.s	x19,f24	 f24:0x3f7fffae x19=0x00000001
     397405.000 ns	     39739	80008944	03b74733	div	x14,x14,x27	 x14:0x000006f7 x27:0x5fda3000 x14=0x00000000
     397435.000 ns	     39742	80008948	c00b7f53	fcvt.w.s	x30,f22	 f22:0x00000001 x30=0x00000000
     397465.000 ns	     39745	8000894c	c00972d3	fcvt.w.s	x5,f18	 f18:0xceff7ff0  x5=0x7fbff800
     397485.000 ns	     39747	80008950	21dd3a13	sltiu	x20,x26,541	 x26:0x00000ba3 x20=0x00000000
     397495.000 ns	     39748	80008954	40b15b33	sra	x22,x2,x11	  x2:0x00000001 x11:0x00000000 x22=0x00000001
     397505.000 ns	     39749	80008958	41fa0833	sub	x16,x20,x31	 x20:0x00000000 x31:0x00000001 x16=0xffffffff
     397515.000 ns	     39750	8000895c	0032f433	and	x8,x5,x3	  x5:0x7fbff800  x3:0x00004000  x8=0x00004000
     397525.000 ns	     39751	80008960	01ccc933	xor	x18,x25,x28	 x25:0x00000000 x28:0x00000000 x18=0x00000000
     397535.000 ns	     39752	80008964	4cd18893	addi	x17,x3,1229	  x3:0x00004000 x17=0x000044cd
     397555.000 ns	     39754	80008968	216c96d3	fsgnjn.s	f13,f25,f22	 f25:0x7fc00000 f22:0x00000001 f13=0xffc00000
     397585.000 ns	     39757	8000896c	c01b7ad3	fcvt.wu.s	x21,f22	 f22:0x00000001 x21=0x00000000
     397605.000 ns	     39759	80008970	01500f37	lui	x30,0x1500	 x30=0x01500000
     397615.000 ns	     39760	80008974	408a5b93	srai	x23,x20,0x8	 x20:0x00000000 x23=0x00000000
     397635.000 ns	     39762	80008978	03e81eb3	mulh	x29,x16,x30	 x16:0xffffffff x30:0x00000000 x29=0xffffffff
     397665.000 ns	     39765	8000897c	a07990d3	flt.s	x1,f19,f7	 f19:0x00000000  f7:0xff800000  x1=0x00000000
     397685.000 ns	     39767	80008980	00ebdb13	srli	x22,x23,0xe	 x23:0x00000000 x22=0x00000000
     397705.000 ns	     39769	80008984	21728a53	fsgnj.s	f20,f5,f23	  f5:0x00000000 f23:0x00000000 f20=0x00000000
     397725.000 ns	     39771	80008988	0013bd33	sltu	x26,x7,x1	  x7:0x00000000  x1:0x00000000 x26=0x00000000
     397745.000 ns	     39773	8000898c	287511d3	fmax.s	f3,f10,f7	 f10:0x80000000  f7:0xff800000  f3=0x80000000
     397765.000 ns	     39775	80008990	01a79e33	sll	x28,x15,x26	 x15:0xa025d000 x26:0x00000ba3 x28=0xa025d000
     397795.000 ns	     39778	80008994	189cca53	fdiv.s	f20,f25,f9	 f25:0x7fc00000  f9:0x4f35045a f20=0x7fc00000
     397815.000 ns	     39780	80008998	40895ab3	sra	x21,x18,x8	 x18:0x00000000  x8:0x00004000 x21=0x00000000
     397835.000 ns	     39782	8000899c	c01b72d3	fcvt.wu.s	x5,f22	 f22:0x00000001  x5=0x00000000
     397865.000 ns	     39785	800089a0	0219f333	remu	x6,x19,x1	 x19:0x00000001  x1:0x00000000  x6=0x00000001
     397885.000 ns	     39787	800089a4	00631b93	slli	x23,x6,0x6	  x6:0x00000000 x23=0x00000040
     397895.000 ns	     39788	800089a8	48da8417	auipc	x8,0x48da8	  x8=0xc8db09a8
     397915.000 ns	     39790	800089ac	216d2053	fsgnjx.s	f0,f26,f22	 f26:0x7fc00000 f22:0x00000001  f0=0x7fc00000
     397945.000 ns	     39793	800089b0	02734b33	div	x22,x6,x7	  x6:0x00000001  x7:0x00000000 x22=0xffffffff
     398285.000 ns	     39827	800089b4	18927653	fdiv.s	f12,f4,f9	  f4:0x42000000  f9:0x4f35045a f12=0x32000000
     398305.000 ns	     39829	800089b8	000779b3	and	x19,x14,x0	 x14:0x00000000  x0:0x00000000 x19=0x00000000
     398325.000 ns	     39831	800089bc	21ce18d3	fsgnjn.s	f17,f28,f28	 f28:0x00000000 f28:0x00000000 f17=0x80000000
     398355.000 ns	     39834	800089c0	c011f7d3	fcvt.wu.s	x15,f3	  f3:0x80000000 x15=0x00000000
     398385.000 ns	     39837	800089c4	283400d3	fmin.s	f1,f8,f3	  f8:0xcf7ffffc  f3:0x80000000  f1=0xcf7ffffc
     398405.000 ns	     39839	800089c8	01752633	slt	x12,x10,x23	 x10:0xdbe88fa7 x23:0x00000040 x12=0x00000001
     398415.000 ns	     39840	800089cc	00d689b3	add	x19,x13,x13	 x13:0x00000002 x13:0x00000002 x19=0x00000004
     398435.000 ns	     39842	800089d0	28971ed3	fmax.s	f29,f14,f9	 f14:0x80000000  f9:0x4f35045a f29=0x4f35045a
     398805.000 ns	     39879	800089d4	03b9f8b3	remu	x17,x19,x27	 x19:0x00000000 x27:0x5fda3000 x17=0x00000004
     398825.000 ns	     39881	800089d8	01df6db3	or	x27,x30,x29	 x30:0x01500000 x29:0xffffffff x27=0xffffffff
     398835.000 ns	     39882	800089dc	009606b3	add	x13,x12,x9	 x12:0x00000001  x9:0x80041024 x13=0x80041025
     398845.000 ns	     39883	800089e0	01e095b3	sll	x11,x1,x30	  x1:0x00000000 x30:0x01500000 x11=0x00000000
     398865.000 ns	     39885	800089e4	0260bd33	mulhu	x26,x1,x6	  x1:0x00000000  x6:0x00000001 x26=0x00000000
     398885.000 ns	     39887	800089e8	00000013	addi	x0,x0,0	  x0:0x00000000
     398895.000 ns	     39888	800089ec	01a05413	srli	x8,x0,0x1a	  x0:0x00000000  x8=0x00000000
     398915.000 ns	     39890	800089f0	21e11c53	fsgnjn.s	f24,f2,f30	  f2:0x7f800000 f30:0x3f800000 f24=0xff800000
     398955.000 ns	     39894	800089f4	1889f4d3	fdiv.s	f9,f19,f8	 f19:0x00000000  f8:0xcf7ffffc  f9=0x80000000
     398985.000 ns	     39897	800089f8	c016fb53	fcvt.wu.s	x22,f13	 f13:0xffc00000 x22=0xffffffff
     399015.000 ns	     39900	800089fc	28079853	fmax.s	f16,f15,f0	 f15:0x4f407d02  f0:0x7fc00000 f16=0x4f407d02
     399035.000 ns	     39902	80008a00	4be5e393	ori	x7,x11,1214	 x11:0x00000000  x7=0x000004be
     399045.000 ns	     39903	80008a04	00000013	addi	x0,x0,0	  x0:0x00000000
     399075.000 ns	     39906	80008a08	580e7253	fsqrt.s	f4,f28	 f28:0x00000000  f4=0x00000000
     399105.000 ns	     39909	80008a0c	a1b203d3	fle.s	x7,f4,f27	  f4:0x42000000 f27:0x3f800000  x7=0x00000001
     399125.000 ns	     39911	80008a10	01505733	srl	x14,x0,x21	  x0:0x00000000 x21:0x00000000 x14=0x00000000
     399135.000 ns	     39912	80008a14	008f4933	xor	x18,x30,x8	 x30:0x01500000  x8:0x00000000 x18=0x01500000
     399145.000 ns	     39913	80008a18	4ca24d13	xori	x26,x4,1226	  x4:0x00000000 x26=0x000004ca
     399175.000 ns	     39916	80008a1c	19d1bfd3	fdiv.s	f31,f3,f29	  f3:0x80000000 f29:0x4f35045a f31=0x80000000
     399195.000 ns	     39918	80008a20	017491b3	sll	x3,x9,x23	  x9:0x80041024 x23:0x00000040  x3=0x80041024
     399205.000 ns	     39919	80008a24	01f63133	sltu	x2,x12,x31	 x12:0x00000001 x31:0x00000001  x2=0x00000000
     399225.000 ns	     39921	80008a28	020ef9b3	remu	x19,x29,x0	 x29:0xffffffff  x0:0x00000000 x19=0xffffffff
     399245.000 ns	     39923	80008a2c	00881a13	slli	x20,x16,0x8	 x16:0xffffffff x20=0xffffff00
     399265.000 ns	     39925	80008a30	d0092a53	fcvt.s.w	f20,x18	 x18:0x01500000 f20=0x4ba80000
     399285.000 ns	     39927	80008a34	00b77233	and	x4,x14,x11	 x14:0x00000000 x11:0x00000000  x4=0x00000000
     399295.000 ns	     39928	80008a38	40dbd5b3	sra	x11,x23,x13	 x23:0x00000040 x13:0x80041025 x11=0x00000002
     399315.000 ns	     39930	80008a3c	203e00d3	fsgnj.s	f1,f28,f3	 f28:0x00000000  f3:0x80000000  f1=0x80000000
     399685.000 ns	     39967	80008a40	038ff433	remu	x8,x31,x24	 x31:0x00000001 x24:0x80040fe4  x8=0x00000001
     399705.000 ns	     39969	80008a44	419f5233	sra	x4,x30,x25	 x30:0x01500000 x25:0x00000000  x4=0x01500000
     399715.000 ns	     39970	80008a48	0094d313	srli	x6,x9,0x9	  x9:0x80041024  x6=0x00400208
     399735.000 ns	     39972	80008a4c	292195d3	fmax.s	f11,f3,f18	  f3:0x80000000 f18:0xceff7ff0 f11=0x80000000
     399755.000 ns	     39974	80008a50	01141213	slli	x4,x8,0x11	  x8:0x00000001  x4=0x00020000
     399775.000 ns	     39976	80008a54	d009fe53	fcvt.s.w	f28,x19	 x19:0xffffffff f28=0xbf800000
     399805.000 ns	     39979	80008a58	28e618d3	fmax.s	f17,f12,f14	 f12:0x32000000 f14:0x80000000 f17=0x32000000
     399855.000 ns	     39984	80008a5c	01e045d3	fadd.s	f11,f0,f30	  f0:0x7fc00000 f30:0x3f800000 f11=0x7fc00000
     399875.000 ns	     39986	80008a60	011468b3	or	x17,x8,x17	  x8:0x00000001 x17:0x00000004 x17=0x00000005
     399885.000 ns	     39987	80008a64	00a748b3	xor	x17,x14,x10	 x14:0x00000000 x10:0xdbe88fa7 x17=0xdbe88fa7
     399905.000 ns	     39989	80008a68	c00f17d3	fcvt.w.s	x15,f30	 f30:0x3f800000 x15=0x00000001
     399935.000 ns	     39992	80008a6c	025923b3	mulhsu	x7,x18,x5	 x18:0x01500000  x5:0x00000000  x7=0x00000000
     399955.000 ns	     39994	80008a70	00000013	addi	x0,x0,0	  x0:0x00000000
     400315.000 ns	     40030	80008a74	02f95633	divu	x12,x18,x15	 x18:0x01500000 x15:0x00000001 x12=0x01500000
     400335.000 ns	     40032	80008a78	4b27e693	ori	x13,x15,1202	 x15:0x00000001 x13=0x000004b3
     400355.000 ns	     40034	80008a7c	0206e233	rem	x4,x13,x0	 x13:0x80041025  x0:0x00000000  x4=0x000004b3
     400375.000 ns	     40036	80008a80	79bcab13	slti	x22,x25,1947	 x25:0x00000000 x22=0x00000001
     400395.000 ns	     40038	80008a84	031fbd33	mulhu	x26,x31,x17	 x31:0x00000001 x17:0xdbe88fa7 x26=0x00000000
     400445.000 ns	     40043	80008a88	009771d3	fadd.s	f3,f14,f9	 f14:0x80000000  f9:0x80000000  f3=0x80000000
     400465.000 ns	     40045	80008a8c	004a1933	sll	x18,x20,x4	 x20:0xffffff00  x4:0x000004b3 x18=0xf8000000
     400475.000 ns	     40046	80008a90	00000013	addi	x0,x0,0	  x0:0x00000000
     400485.000 ns	     40047	80008a94	003e33b3	sltu	x7,x28,x3	 x28:0xa025d000  x3:0x80041024  x7=0x00000000
     400505.000 ns	     40049	80008a98	215e1253	fsgnjn.s	f4,f28,f21	 f28:0xbf800000 f21:0x7fc00000  f4=0xbf800000
     400535.000 ns	     40052	80008a9c	03fab6b3	mulhu	x13,x21,x31	 x21:0x00000000 x31:0x00000001 x13=0x00000000
     400565.000 ns	     40055	80008aa0	a1831453	flt.s	x8,f6,f24	  f6:0x00000000 f24:0xff800000  x8=0x00000000
     400595.000 ns	     40058	80008aa4	03a016b3	mulh	x13,x0,x26	  x0:0x00000000 x26:0x00000000 x13=0x00000000
     400625.000 ns	     40061	80008aa8	03e110b3	mulh	x1,x2,x30	  x2:0x00000000 x30:0x01500000  x1=0x00000000
     400655.000 ns	     40064	80008aac	c000fb53	fcvt.w.s	x22,f1	  f1:0x80000000 x22=0x00000000
     400685.000 ns	     40067	80008ab0	21eb0253	fsgnj.s	f4,f22,f30	 f22:0x00000001 f30:0x3f800000  f4=0x00000001
     400715.000 ns	     40070	80008ab4	03644033	div	x0,x8,x22	  x8:0x00000000 x22:0x00000000
     400745.000 ns	     40073	80008ab8	a161a753	feq.s	x14,f3,f22	  f3:0x80000000 f22:0x00000001 x14=0x00000000
     400795.000 ns	     40078	80008abc	0111f153	fadd.s	f2,f3,f17	  f3:0x80000000 f17:0x32000000  f2=0x32000000
     400825.000 ns	     40081	80008ac0	29eb8ad3	fmin.s	f21,f23,f30	 f23:0x00000000 f30:0x3f800000 f21=0x00000000
     400845.000 ns	     40083	80008ac4	00d26533	or	x10,x4,x13	  x4:0x000004b3 x13:0x00000000 x10=0x000004b3
     401205.000 ns	     40119	80008ac8	03b740b3	div	x1,x14,x27	 x14:0x00000000 x27:0xffffffff  x1=0x00000000
     401225.000 ns	     40121	80008acc	010a1293	slli	x5,x20,0x10	 x20:0xffffff00  x5=0xff000000
     401245.000 ns	     40123	80008ad0	d0054c53	fcvt.s.w	f24,x10	 x10:0x000004b3 f24=0x44966000
     401265.000 ns	     40125	80008ad4	11e9eb13	ori	x22,x19,286	 x19:0xffffffff x22=0xffffffff
     401625.000 ns	     40161	80008ad8	02a84a33	div	x20,x16,x10	 x16:0xffffffff x10:0x000004b3 x20=0x00000000
     401645.000 ns	     40163	80008adc	0144adb3	slt	x27,x9,x20	  x9:0x80041024 x20:0xffffff00 x27=0x00000001
     401675.000 ns	     40166	80008ae0	1901a553	fdiv.s	f10,f3,f16	  f3:0x80000000 f16:0x4f407d02 f10=0x80000000
     402015.000 ns	     40200	80008ae4	198472d3	fdiv.s	f5,f8,f24	  f8:0xcf7ffffc f24:0x44966000  f5=0xca1a551a
     402035.000 ns	     40202	80008ae8	01639b33	sll	x22,x7,x22	  x7:0x00000000 x22:0xffffffff x22=0x00000000
     402075.000 ns	     40206	80008aec	01127ad3	fadd.s	f21,f4,f17	  f4:0x00000001 f17:0x32000000 f21=0x32000000
     402095.000 ns	     40208	80008af0	f7572093	slti	x1,x14,-139	 x14:0x00000000  x1=0x00000000
     402105.000 ns	     40209	80008af4	49f17313	andi	x6,x2,1183	  x2:0x00000000  x6=0x00000000
     402465.000 ns	     40245	80008af8	033d7bb3	remu	x23,x26,x19	 x26:0x00000000 x19:0xffffffff x23=0x00000000
     402495.000 ns	     40248	80008afc	021b40b3	div	x1,x22,x1	 x22:0x00000000  x1:0x00000000  x1=0xffffffff
     402515.000 ns	     40250	80008b00	409156b3	sra	x13,x2,x9	  x2:0x00000000  x9:0x80041024 x13=0x00000000
     402525.000 ns	     40251	80008b04	0085a3b3	slt	x7,x11,x8	 x11:0x00000002  x8:0x00000000  x7=0x00000000
     402545.000 ns	     40253	80008b08	20938c53	fsgnj.s	f24,f7,f9	  f7:0xff800000  f9:0x80000000 f24=0xff800000
     402595.000 ns	     40258	80008b0c	0876c553	fsub.s	f10,f13,f7	 f13:0xffc00000  f7:0xff800000 f10=0x7fc00000
     402625.000 ns	     40261	80008b10	039d8a33	mul	x20,x27,x25	 x27:0x00000001 x25:0x00000000 x20=0x00000000
     402645.000 ns	     40263	80008b14	fe6a1e97	auipc	x29,0xfe6a1	 x29=0x7e6a9b14
     402665.000 ns	     40265	80008b18	03c91233	mulh	x4,x18,x28	 x18:0xf8000000 x28:0xa025d000  x4=0x02fed180
     402695.000 ns	     40268	80008b1c	20f32053	fsgnjx.s	f0,f6,f15	  f6:0x00000000 f15:0x4f407d02  f0=0x00000000
     402735.000 ns	     40272	80008b20	58057bd3	fsqrt.s	f23,f10	 f10:0x7fc00000 f23=0x7fc00000
     403875.000 ns	     40386	80008b24	580efbd3	fsqrt.s	f23,f29	 f29:0x4f35045a f23=0x46fffeec
     403895.000 ns	     40388	80008b28	4a99c093	xori	x1,x19,1193	 x19:0xffffffff  x1=0xfffffb56
     403915.000 ns	     40390	80008b2c	d01ec1d3	fcvt.s.wu	f3,x29	 x29:0x7e6a9b14  f3=0x4efcd536
     403935.000 ns	     40392	80008b30	53d9fa93	andi	x21,x19,1341	 x19:0xffffffff x21=0x0000053d
     403955.000 ns	     40394	80008b34	e00b15d3	fclass.s	x11,f22	 f22:0x00000001 x11=0x00000020
     403975.000 ns	     40396	80008b38	01687933	and	x18,x16,x22	 x16:0xffffffff x22:0x00000000 x18=0x00000000
     403995.000 ns	     40398	80008b3c	2058a853	fsgnjx.s	f16,f17,f5	 f17:0x32000000  f5:0xca1a551a f16=0xb2000000
     404025.000 ns	     40401	80008b40	20519a53	fsgnjn.s	f20,f3,f5	  f3:0x4efcd536  f5:0xca1a551a f20=0x4efcd536
     404045.000 ns	     40403	80008b44	e7233793	sltiu	x15,x6,-398	  x6:0x00000000 x15=0x00000001
     404065.000 ns	     40405	80008b48	21baa0d3	fsgnjx.s	f1,f21,f27	 f21:0x32000000 f27:0x3f800000  f1=0x32000000
     404085.000 ns	     40407	80008b4c	b6c0b793	sltiu	x15,x1,-1172	  x1:0xfffffb56 x15=0x00000001
     404095.000 ns	     40408	80008b50	014bf033	and	x0,x23,x20	 x23:0x00000000 x20:0x00000000
     404115.000 ns	     40410	80008b54	c001f3d3	fcvt.w.s	x7,f3	  f3:0x4efcd536  x7=0x7e6a9b00
     404145.000 ns	     40413	80008b58	29b11453	fmax.s	f8,f2,f27	  f2:0x32000000 f27:0x3f800000  f8=0x3f800000
     404175.000 ns	     40416	80008b5c	03acf6b3	remu	x13,x25,x26	 x25:0x00000000 x26:0x00000000 x13=0x00000000
     404195.000 ns	     40418	80008b60	01e3eeb3	or	x29,x7,x30	  x7:0x7e6a9b00 x30:0x01500000 x29=0x7f7a9b00
     404205.000 ns	     40419	80008b64	36584693	xori	x13,x16,869	 x16:0xffffffff x13=0xfffffc9a
     404215.000 ns	     40420	80008b68	b09cf313	andi	x6,x25,-1271	 x25:0x00000000  x6=0x00000000
     404235.000 ns	     40422	80008b6c	21019d53	fsgnjn.s	f26,f3,f16	  f3:0x4efcd536 f16:0xb2000000 f26=0x4efcd536
     404255.000 ns	     40424	80008b70	01a1db93	srli	x23,x3,0x1a	  x3:0x80041024 x23=0x00000020
     404275.000 ns	     40426	80008b74	209508d3	fsgnj.s	f17,f10,f9	 f10:0x7fc00000  f9:0x80000000 f17=0xffc00000
     404295.000 ns	     40428	80008b78	01d26fb3	or	x31,x4,x29	  x4:0x02fed180 x29:0x7f7a9b00 x31=0x7ffedb80
     404315.000 ns	     40430	80008b7c	026bafb3	mulhsu	x31,x23,x6	 x23:0x00000020  x6:0x00000000 x31=0x00000000
     404345.000 ns	     40433	80008b80	21e02b53	fsgnjx.s	f22,f0,f30	  f0:0x00000000 f30:0x3f800000 f22=0x00000000
     404365.000 ns	     40435	80008b84	014831b3	sltu	x3,x16,x20	 x16:0xffffffff x20:0x00000000  x3=0x00000000
     404385.000 ns	     40437	80008b88	d01f26d3	fcvt.s.wu	f13,x30	 x30:0x01500000 f13=0x4ba80000
     404405.000 ns	     40439	80008b8c	3e17a393	slti	x7,x15,993	 x15:0x00000001  x7=0x00000001
     404415.000 ns	     40440	80008b90	0070d033	srl	x0,x1,x7	  x1:0xfffffb56  x7:0x7e6a9b00
     404435.000 ns	     40442	80008b94	0335a7b3	mulhsu	x15,x11,x19	 x11:0x00000020 x19:0xffffffff x15=0x0000001f
     404465.000 ns	     40445	80008b98	d0128453	fcvt.s.wu	f8,x5	  x5:0xff000000  f8=0x4f7f0000
     404495.000 ns	     40448	80008b9c	a0022253	feq.s	x4,f4,f0	  f4:0x00000001  f0:0x00000000  x4=0x00000000
     404525.000 ns	     40451	80008ba0	0286d633	divu	x12,x13,x8	 x13:0xfffffc9a  x8:0x00000000 x12=0xffffffff
     404545.000 ns	     40453	80008ba4	8f948613	addi	x12,x9,-1799	  x9:0x80041024 x12=0x8004091d
     404565.000 ns	     40455	80008ba8	031ead33	mulhsu	x26,x29,x17	 x29:0x7f7a9b00 x17:0xdbe88fa7 x26=0x6d81b13e
     404595.000 ns	     40458	80008bac	02f29fb3	mulh	x31,x5,x15	  x5:0xff000000 x15:0x0000001f x31=0xffffffff
     404625.000 ns	     40461	80008bb0	e00b9053	fclass.s	x0,f23	 f23:0x46fffeec
     404645.000 ns	     40463	80008bb4	00397933	and	x18,x18,x3	 x18:0x00000000  x3:0x00000000 x18=0x00000000
     404655.000 ns	     40464	80008bb8	409a00b3	sub	x1,x20,x9	 x20:0x00000000  x9:0x80041024  x1=0x7ffbefdc
     404675.000 ns	     40466	80008bbc	a15898d3	flt.s	x17,f17,f21	 f17:0xffc00000 f21:0x32000000 x17=0x00000000
     405045.000 ns	     40503	80008bc0	03e1cbb3	div	x23,x3,x30	  x3:0x00000000 x30:0x01500000 x23=0x00000000
     405065.000 ns	     40505	80008bc4	22c46113	ori	x2,x8,556	  x8:0x00000000  x2=0x0000022c
     405085.000 ns	     40507	80008bc8	028691b3	mulh	x3,x13,x8	 x13:0xfffffc9a  x8:0x00000000  x3=0x00000000
     405135.000 ns	     40512	80008bcc	096c37d3	fsub.s	f15,f24,f22	 f24:0xff800000 f22:0x00000000 f15=0xff800000
     405165.000 ns	     40515	80008bd0	d01993d3	fcvt.s.wu	f7,x19	 x19:0xffffffff  f7=0x4f7fffff
     405195.000 ns	     40518	80008bd4	c005fbd3	fcvt.w.s	x23,f11	 f11:0x7fc00000 x23=0x7fffffff
     405565.000 ns	     40555	80008bd8	03b8fa33	remu	x20,x17,x27	 x17:0x00000000 x27:0x00000001 x20=0x00000000
     405585.000 ns	     40557	80008bdc	60a43693	sltiu	x13,x8,1546	  x8:0x00000000 x13=0x00000001
     405625.000 ns	     40561	80008be0	0066bcd3	fadd.s	f25,f13,f6	 f13:0x4ba80000  f6:0x00000000 f25=0x4ba80000
     405655.000 ns	     40564	80008be4	03301333	mulh	x6,x0,x19	  x0:0x00000000 x19:0xffffffff  x6=0x00000000
     405685.000 ns	     40567	80008be8	c006bf53	fcvt.w.s	x30,f13	 f13:0x4ba80000 x30=0x01500000
     405715.000 ns	     40570	80008bec	c01d2a53	fcvt.wu.s	x20,f26	 f26:0x4efcd536 x20=0x7e6a9b00
     405745.000 ns	     40573	80008bf0	d00c7153	fcvt.s.w	f2,x24	 x24:0x80040fe4  f2=0xcefff7e0
     405765.000 ns	     40575	80008bf4	4cc9b613	sltiu	x12,x19,1228	 x19:0xffffffff x12=0x00000000
     405775.000 ns	     40576	80008bf8	0066ca93	xori	x21,x13,6	 x13:0x00000001 x21=0x00000007
     405785.000 ns	     40577	80008bfc	404780b3	sub	x1,x15,x4	 x15:0x0000001f  x4:0x00000000  x1=0x0000001f
     405795.000 ns	     40578	80008c00	0125b1b3	sltu	x3,x11,x18	 x11:0x00000020 x18:0x00000000  x3=0x00000000
     405805.000 ns	     40579	80008c04	00b59593	slli	x11,x11,0xb	 x11:0x00000020 x11=0x00010000
     405815.000 ns	     40580	80008c08	01783633	sltu	x12,x16,x23	 x16:0xffffffff x23:0x7fffffff x12=0x00000000
     405835.000 ns	     40582	80008c0c	03409ab3	mulh	x21,x1,x20	  x1:0x0000001f x20:0x7e6a9b00 x21=0x0000000f
     405855.000 ns	     40584	80008c10	17e222b7	lui	x5,0x17e22	  x5=0x17e22000
     405875.000 ns	     40586	80008c14	21738e53	fsgnj.s	f28,f7,f23	  f7:0x4f7fffff f23:0x46fffeec f28=0x4f7fffff
     405895.000 ns	     40588	80008c18	41b10933	sub	x18,x2,x27	  x2:0x0000022c x27:0x00000001 x18=0x0000022b
     405915.000 ns	     40590	80008c1c	214985d3	fsgnj.s	f11,f19,f20	 f19:0x00000000 f20:0x4efcd536 f11=0x00000000
     405935.000 ns	     40592	80008c20	01fe9e93	slli	x29,x29,0x1f	 x29:0x7f7a9b00 x29=0x00000000
     406295.000 ns	     40628	80008c24	03445f33	divu	x30,x8,x20	  x8:0x00000000 x20:0x7e6a9b00 x30=0x00000000
     406635.000 ns	     40662	80008c28	181a8fd3	fdiv.s	f31,f21,f1	 f21:0x32000000  f1:0x32000000 f31=0x3f34b4b4
     406665.000 ns	     40665	80008c2c	29d90bd3	fmin.s	f23,f18,f29	 f18:0xceff7ff0 f29:0x4f35045a f23=0xceff7ff0
     406685.000 ns	     40667	80008c30	00000013	addi	x0,x0,0	  x0:0x00000000
     406695.000 ns	     40668	80008c34	8af6bd37	lui	x26,0x8af6b	 x26=0x8af6b000
     406705.000 ns	     40669	80008c38	01fb71b3	and	x3,x22,x31	 x22:0x00000000 x31:0xffffffff  x3=0x00000000
     407065.000 ns	     40705	80008c3c	0214d533	divu	x10,x9,x1	  x9:0x80041024  x1:0x0000001f x10=0x042129cf
     407105.000 ns	     40709	80008c40	108e0653	fmul.s	f12,f28,f8	 f28:0x4f7fffff  f8:0x4f7f0000 f12=0x5f7effff
     407125.000 ns	     40711	80008c44	40cedd33	sra	x26,x29,x12	 x29:0x00000000 x12:0x00000000 x26=0x00000000
     407135.000 ns	     40712	80008c48	014c9513	slli	x10,x25,0x14	 x25:0x00000000 x10=0x00000000
     407155.000 ns	     40714	80008c4c	c01ac353	fcvt.wu.s	x6,f21	 f21:0x32000000  x6=0x00000000
     407185.000 ns	     40717	80008c50	a1a1abd3	feq.s	x23,f3,f26	  f3:0x4efcd536 f26:0x4efcd536 x23=0x00000001
     407215.000 ns	     40720	80008c54	c001f6d3	fcvt.w.s	x13,f3	  f3:0x4efcd536 x13=0x7e6a9b00
     407265.000 ns	     40725	80008c58	09d4fb53	fsub.s	f22,f9,f29	  f9:0x80000000 f29:0x4f35045a f22=0xcf35045a
     408445.000 ns	     40843	80008c5c	5803fa53	fsqrt.s	f20,f7	  f7:0x4f7fffff f20=0x47350461
     408475.000 ns	     40846	80008c60	e0019753	fclass.s	x14,f3	  f3:0x4efcd536 x14=0x00000040
     408505.000 ns	     40849	80008c64	29f088d3	fmin.s	f17,f1,f31	  f1:0x32000000 f31:0x3f34b4b4 f17=0x32000000
     408535.000 ns	     40852	80008c68	299f0bd3	fmin.s	f23,f30,f25	 f30:0x3f800000 f25:0x4ba80000 f23=0x3f800000
     408565.000 ns	     40855	80008c6c	f0058253	fmv.w.x	f4,x11	 x11:0x00010000  f4=0x00010000
     408935.000 ns	     40892	80008c70	02ddf933	remu	x18,x27,x13	 x27:0x00000001 x13:0x7e6a9b00 x18=0x00000001
     408955.000 ns	     40894	80008c74	01de88b3	add	x17,x29,x29	 x29:0x00000000 x29:0x00000000 x17=0x00000000
     408965.000 ns	     40895	80008c78	00445193	srli	x3,x8,0x4	  x8:0x00000000  x3=0x00000000
     408985.000 ns	     40897	80008c7c	c01b3953	fcvt.wu.s	x18,f22	 f22:0xcf35045a x18=0xb5045a00
     409355.000 ns	     40934	80008c80	02d3c5b3	div	x11,x7,x13	  x7:0x00000001 x13:0x7e6a9b00 x11=0x00000000
     409385.000 ns	     40937	80008c84	a0ef1e53	flt.s	x28,f30,f14	 f30:0x3f800000 f14:0x80000000 x28=0x00000000
     409405.000 ns	     40939	80008c88	4c55fb93	andi	x23,x11,1221	 x11:0x00000000 x23=0x00000000
     409765.000 ns	     40975	80008c8c	035e48b3	div	x17,x28,x21	 x28:0x00000000 x21:0x0000000f x17=0x00000000
     409785.000 ns	     40977	80008c90	1dcf3613	sltiu	x12,x30,476	 x30:0x00000000 x12=0x00000001
     410115.000 ns	     41010	80008c94	190f77d3	fdiv.s	f15,f30,f16	 f30:0x3f800000 f16:0xb2000000 f15=0xccb4b4b6
     410165.000 ns	     41015	80008c98	08a4f6d3	fsub.s	f13,f9,f10	  f9:0x80000000 f10:0x7fc00000 f13=0x7fc00000
     410215.000 ns	     41020	80008c9c	018174d3	fadd.s	f9,f2,f24	  f2:0xcefff7e0 f24:0xff800000  f9=0xff800000
     410255.000 ns	     41024	80008ca0	58087bd3	fsqrt.s	f23,f16	 f16:0xb2000000 f23=0x7fc00000
     410295.000 ns	     41028	80008ca4	193e74d3	fdiv.s	f9,f28,f19	 f28:0x4f7fffff f19:0x00000000  f9=0x7f800000
     410315.000 ns	     41030	80008ca8	0123cd33	xor	x26,x7,x18	  x7:0x00000001 x18:0xb5045a00 x26=0xb5045a01
     410345.000 ns	     41033	80008cac	18cb9e53	fdiv.s	f28,f23,f12	 f23:0x7fc00000 f12:0x5f7effff f28=0x7fc00000
     410375.000 ns	     41036	80008cb0	28cb1d53	fmax.s	f26,f22,f12	 f22:0xcf35045a f12:0x5f7effff f26=0x5f7effff
     410395.000 ns	     41038	80008cb4	015c5f93	srli	x31,x24,0x15	 x24:0x80040fe4 x31=0x00000400
     410405.000 ns	     41039	80008cb8	008abeb3	sltu	x29,x21,x8	 x21:0x0000000f  x8:0x00000000 x29=0x00000000
     410765.000 ns	     41075	80008cbc	0325c233	div	x4,x11,x18	 x11:0x00000000 x18:0xb5045a00  x4=0x00000000
     410795.000 ns	     41078	80008cc0	208707d3	fsgnj.s	f15,f14,f8	 f14:0x80000000  f8:0x4f7f0000 f15=0x00000000
     410815.000 ns	     41080	80008cc4	40620133	sub	x2,x4,x6	  x4:0x00000000  x6:0x00000000  x2=0x00000000
     410835.000 ns	     41082	80008cc8	c007a853	fcvt.w.s	x16,f15	 f15:0x00000000 x16=0x00000000
     410855.000 ns	     41084	80008ccc	00ac4133	xor	x2,x24,x10	 x24:0x80040fe4 x10:0x00000000  x2=0x80040fe4
     410875.000 ns	     41086	80008cd0	c00737d3	fcvt.w.s	x15,f14	 f14:0x80000000 x15=0x00000000
     410905.000 ns	     41089	80008cd4	202e8553	fsgnj.s	f10,f29,f2	 f29:0x4f35045a  f2:0xcefff7e0 f10=0xcf35045a
     410925.000 ns	     41091	80008cd8	00000013	addi	x0,x0,0	  x0:0x00000000
     410945.000 ns	     41093	80008cdc	a0e99fd3	flt.s	x31,f19,f14	 f19:0x00000000 f14:0x80000000 x31=0x00000000
     410965.000 ns	     41095	80008ce0	00c09813	slli	x16,x1,0xc	  x1:0x0000001f x16=0x0001f000
     410985.000 ns	     41097	80008ce4	a0bda8d3	feq.s	x17,f27,f11	 f27:0x3f800000 f11:0x00000000 x17=0x00000000
     411005.000 ns	     41099	80008ce8	eb85a393	slti	x7,x11,-328	 x11:0x00000000  x7=0x00000000
     411015.000 ns	     41100	80008cec	0fe4be93	sltiu	x29,x9,254	  x9:0x80041024 x29=0x00000000
     411375.000 ns	     41136	80008cf0	03acddb3	divu	x27,x25,x26	 x25:0x00000000 x26:0xb5045a01 x27=0x00000000
     411395.000 ns	     41138	80008cf4	00c51eb3	sll	x29,x10,x12	 x10:0x00000000 x12:0x00000001 x29=0x00000000
     411405.000 ns	     41139	80008cf8	414858b3	sra	x17,x16,x20	 x16:0x0001f000 x20:0x7e6a9b00 x17=0x0001f000
     411425.000 ns	     41141	80008cfc	03c38a33	mul	x20,x7,x28	  x7:0x00000000 x28:0x00000000 x20=0x00000000
     411445.000 ns	     41143	80008d00	00c09f33	sll	x30,x1,x12	  x1:0x0000001f x12:0x00000001 x30=0x0000003e
     411455.000 ns	     41144	80008d04	0092a633	slt	x12,x5,x9	  x5:0x17e22000  x9:0x80041024 x12=0x00000000
     411465.000 ns	     41145	80008d08	01d7dd93	srli	x27,x15,0x1d	 x15:0x00000000 x27=0x00000000
     411475.000 ns	     41146	80008d0c	0070d693	srli	x13,x1,0x7	  x1:0x0000001f x13=0x00000000
     411485.000 ns	     41147	80008d10	40820833	sub	x16,x4,x8	  x4:0x00000000  x8:0x00000000 x16=0x00000000
     411505.000 ns	     41149	80008d14	d00a46d3	fcvt.s.w	f13,x20	 x20:0x00000000 f13=0x00000000
     411535.000 ns	     41152	80008d18	c0167b53	fcvt.wu.s	x22,f12	 f12:0x5f7effff x22=0xffffffff
     411555.000 ns	     41154	80008d1c	7cd74b93	xori	x23,x14,1997	 x14:0x00000040 x23=0x0000078d
     411585.000 ns	     41157	80008d20	109f7cd3	fmul.s	f25,f30,f9	 f30:0x3f800000  f9:0x7f800000 f25=0x7f800000
     411615.000 ns	     41160	80008d24	29048153	fmin.s	f2,f9,f16	  f9:0x7f800000 f16:0xb2000000  f2=0xb2000000
     411635.000 ns	     41162	80008d28	53f1b593	sltiu	x11,x3,1343	  x3:0x00000000 x11=0x00000001
     411645.000 ns	     41163	80008d2c	8bc2f8b7	lui	x17,0x8bc2f	 x17=0x8bc2f000
     411675.000 ns	     41166	80008d30	118116d3	fmul.s	f13,f2,f24	  f2:0xb2000000 f24:0xff800000 f13=0x7f800000
     411725.000 ns	     41171	80008d34	019a99d3	fadd.s	f19,f21,f25	 f21:0x32000000 f25:0x7f800000 f19=0x7f800000
     411755.000 ns	     41174	80008d38	03cd15b3	mulh	x11,x26,x28	 x26:0xb5045a01 x28:0x00000000 x11=0x00000000
     411775.000 ns	     41176	80008d3c	016075b3	and	x11,x0,x22	  x0:0x00000000 x22:0xffffffff x11=0x00000000
     411795.000 ns	     41178	80008d40	e00e92d3	fclass.s	x5,f29	 f29:0x4f35045a  x5=0x00000040
     411825.000 ns	     41181	80008d44	031b02b3	mul	x5,x22,x17	 x22:0xffffffff x17:0x8bc2f000  x5=0x743d1000
     411875.000 ns	     41186	80008d48	084c70d3	fsub.s	f1,f24,f4	 f24:0xff800000  f4:0x00010000  f1=0xff800000
     411895.000 ns	     41188	80008d4c	5228c193	xori	x3,x17,1314	 x17:0x8bc2f000  x3=0x8bc2f522
     411935.000 ns	     41192	80008d50	0921ae53	fsub.s	f28,f3,f18	  f3:0x4efcd536 f18:0xceff7ff0 f28=0x4f7e2a93
     411955.000 ns	     41194	80008d54	0079b133	sltu	x2,x19,x7	 x19:0xffffffff  x7:0x00000000  x2=0x00000000
     411995.000 ns	     41198	80008d58	017efd53	fadd.s	f26,f29,f23	 f29:0x4f35045a f23:0x7fc00000 f26=0x7fc00000
     412025.000 ns	     41201	80008d5c	e0031853	fclass.s	x16,f6	  f6:0x00000000 x16=0x00000010
     412395.000 ns	     41238	80008d60	0381d0b3	divu	x1,x3,x24	  x3:0x8bc2f522 x24:0x80040fe4  x1=0x00000001
     412445.000 ns	     41243	80008d64	00defcd3	fadd.s	f25,f29,f13	 f29:0x4f35045a f13:0x7f800000 f25=0x7f800000
     412465.000 ns	     41245	80008d68	00cd0d33	add	x26,x26,x12	 x26:0xb5045a01 x12:0x00000000 x26=0xb5045a01
     412475.000 ns	     41246	80008d6c	00f8b1b3	sltu	x3,x17,x15	 x17:0x8bc2f000 x15:0x00000000  x3=0x00000000
     412515.000 ns	     41250	80008d70	012f16d3	fadd.s	f13,f30,f18	 f30:0x3f800000 f18:0xceff7ff0 f13=0xceff7fef
     412535.000 ns	     41252	80008d74	00a089b3	add	x19,x1,x10	  x1:0x00000001 x10:0x00000000 x19=0x00000001
     412555.000 ns	     41254	80008d78	d00920d3	fcvt.s.w	f1,x18	 x18:0xb5045a00  f1=0xce95f74c
     412585.000 ns	     41257	80008d7c	a1cf9d53	flt.s	x26,f31,f28	 f31:0x3f34b4b4 f28:0x4f7e2a93 x26=0x00000001
     412605.000 ns	     41259	80008d80	416055b3	sra	x11,x0,x22	  x0:0x00000000 x22:0xffffffff x11=0x00000000
     412625.000 ns	     41261	80008d84	03fe66b3	rem	x13,x28,x31	 x28:0x00000000 x31:0x00000000 x13=0x00000000
     412645.000 ns	     41263	80008d88	239fef13	ori	x30,x31,569	 x31:0x00000000 x30=0x00000239
     412665.000 ns	     41265	80008d8c	a0030bd3	fle.s	x23,f6,f0	  f6:0x00000000  f0:0x00000000 x23=0x00000001
     413035.000 ns	     41302	80008d90	033b6433	rem	x8,x22,x19	 x22:0xffffffff x19:0x00000001  x8=0x00000000
     413065.000 ns	     41305	80008d94	29fc9453	fmax.s	f8,f25,f31	 f25:0x7f800000 f31:0x3f34b4b4  f8=0x7f800000
     413085.000 ns	     41307	80008d98	23bb8b97	auipc	x23,0x23bb8	 x23=0xa3bc0d98
     413105.000 ns	     41309	80008d9c	c00046d3	fcvt.w.s	x13,f0	  f0:0x00000000 x13=0x00000000
     413125.000 ns	     41311	80008da0	01f9d033	srl	x0,x19,x31	 x19:0x00000001 x31:0x00000000
     413135.000 ns	     41312	80008da4	00f09413	slli	x8,x1,0xf	  x1:0x00000001  x8=0x00008000
     413155.000 ns	     41314	80008da8	281a84d3	fmin.s	f9,f21,f1	 f21:0x32000000  f1:0xce95f74c  f9=0xce95f74c
     413525.000 ns	     41351	80008dac	036d57b3	divu	x15,x26,x22	 x26:0x00000001 x22:0xffffffff x15=0x00000000
     413555.000 ns	     41354	80008db0	e0019d53	fclass.s	x26,f3	  f3:0x4efcd536 x26=0x00000040
     413585.000 ns	     41357	80008db4	c00d7bd3	fcvt.w.s	x23,f26	 f26:0x7fc00000 x23=0x7fffffff
     413605.000 ns	     41359	80008db8	9ff06593	ori	x11,x0,-1537	  x0:0x00000000 x11=0xfffff9ff
     413625.000 ns	     41361	80008dbc	03c9cbb3	div	x23,x19,x28	 x19:0x00000001 x28:0x00000000 x23=0xffffffff
     413655.000 ns	     41364	80008dc0	034c6833	rem	x16,x24,x20	 x24:0x80040fe4 x20:0x00000000 x16=0x80040fe4
     413675.000 ns	     41366	80008dc4	5e073a97	auipc	x21,0x5e073	 x21=0xde07bdc4
     413685.000 ns	     41367	80008dc8	403ad713	srai	x14,x21,0x3	 x21:0x0000000f x14=0xfbc0f7b8
     413705.000 ns	     41369	80008dcc	03130a33	mul	x20,x6,x17	  x6:0x00000000 x17:0x8bc2f000 x20=0x00000000
     413735.000 ns	     41372	80008dd0	d015b653	fcvt.s.wu	f12,x11	 x11:0xfffff9ff f12=0x4f7ffffa
     413755.000 ns	     41374	80008dd4	01231093	slli	x1,x6,0x12	  x6:0x00000000  x1=0x00000000
     413775.000 ns	     41376	80008dd8	203a91d3	fsgnjn.s	f3,f21,f3	 f21:0x32000000  f3:0x4efcd536  f3=0xb2000000
     413795.000 ns	     41378	80008ddc	37580913	addi	x18,x16,885	 x16:0x80040fe4 x18=0x80041359
     413815.000 ns	     41380	80008de0	025692b3	mulh	x5,x13,x5	 x13:0x00000000  x5:0x743d1000  x5=0x00000000
     413835.000 ns	     41382	80008de4	41c18633	sub	x12,x3,x28	  x3:0x00000000 x28:0x00000000 x12=0x00000000
     413845.000 ns	     41383	80008de8	40b483b3	sub	x7,x9,x11	  x9:0x80041024 x11:0xfffff9ff  x7=0x80041625
     413865.000 ns	     41385	80008dec	03cfefb3	rem	x31,x31,x28	 x31:0x00000000 x28:0x00000000 x31=0x00000000
     415045.000 ns	     41503	80008df0	580afb53	fsqrt.s	f22,f21	 f21:0x32000000 f22=0x38350482
     415075.000 ns	     41506	80008df4	e00988d3	fmv.x.w	x17,f19	 f19:0x7f800000 x17=0x7f800000
     415105.000 ns	     41509	80008df8	29929c53	fmax.s	f24,f5,f25	  f5:0xca1a551a f25:0x7f800000 f24=0x7f800000
     415125.000 ns	     41511	80008dfc	01727eb3	and	x29,x4,x23	  x4:0x00000000 x23:0xffffffff x29=0x00000000
     415135.000 ns	     41512	80008e00	7827c817	auipc	x16,0x7827c	 x16=0xf8284e00
     415155.000 ns	     41514	80008e04	d00abf53	fcvt.s.w	f30,x21	 x21:0xde07bdc4 f30=0xce07e109
     415175.000 ns	     41516	80008e08	70b04d93	xori	x27,x0,1803	  x0:0x00000000 x27=0x0000070b
     415195.000 ns	     41518	80008e0c	024b1133	mulh	x2,x22,x4	 x22:0xffffffff  x4:0x00000000  x2=0x00000000
     415225.000 ns	     41521	80008e10	e00707d3	fmv.x.w	x15,f14	 f14:0x80000000 x15=0x80000000
     415255.000 ns	     41524	80008e14	e00c9ad3	fclass.s	x21,f25	 f25:0x7f800000 x21=0x00000080
     415275.000 ns	     41526	80008e18	0147a233	slt	x4,x15,x20	 x15:0x80000000 x20:0x00000000  x4=0x00000001
     415285.000 ns	     41527	80008e1c	00bce6b3	or	x13,x25,x11	 x25:0x00000000 x11:0xfffff9ff x13=0xfffff9ff
     415305.000 ns	     41529	80008e20	c0191ed3	fcvt.wu.s	x29,f18	 f18:0xceff7ff0 x29=0x7fbff800
     415335.000 ns	     41532	80008e24	f00f0853	fmv.w.x	f16,x30	 x30:0x00000239 f16=0x00000239
     415355.000 ns	     41534	80008e28	01f8d313	srli	x6,x17,0x1f	 x17:0x7f800000  x6=0x00000000
     415365.000 ns	     41535	80008e2c	6bbcd117	auipc	x2,0x6bbcd	  x2=0xebbd5e2c
     415385.000 ns	     41537	80008e30	21f82353	fsgnjx.s	f6,f16,f31	 f16:0x00000239 f31:0x3f34b4b4  f6=0x00000239
     415405.000 ns	     41539	80008e34	013255b3	srl	x11,x4,x19	  x4:0x00000001 x19:0x00000001 x11=0x00000000
     415425.000 ns	     41541	80008e38	213e09d3	fsgnj.s	f19,f28,f19	 f28:0x4f7e2a93 f19:0x7f800000 f19=0x4f7e2a93
     415795.000 ns	     41578	80008e3c	036b4e33	div	x28,x22,x22	 x22:0xffffffff x22:0xffffffff x28=0x00000001
     415815.000 ns	     41580	80008e40	f4945597	auipc	x11,0xf4945	 x11=0x7494de40
     415835.000 ns	     41582	80008e44	e0031dd3	fclass.s	x27,f6	  f6:0x00000239 x27=0x00000020
     415855.000 ns	     41584	80008e48	faed4713	xori	x14,x26,-82	 x26:0x00000040 x14=0xffffffee
     415865.000 ns	     41585	80008e4c	e3ff2713	slti	x14,x30,-449	 x30:0x00000239 x14=0x00000000
     415885.000 ns	     41587	80008e50	022d2133	mulhsu	x2,x26,x2	 x26:0x00000040  x2:0xebbd5e2c  x2=0x0000003a
     416255.000 ns	     41624	80008e54	03c74fb3	div	x31,x14,x28	 x14:0xffffffee x28:0x00000001 x31=0x00000000
     416275.000 ns	     41626	80008e58	a146c913	xori	x18,x13,-1516	 x13:0xfffff9ff x18=0x000003eb
     416635.000 ns	     41662	80008e5c	03535233	divu	x4,x6,x21	  x6:0x00000000 x21:0x00000080  x4=0x00000000
     416685.000 ns	     41667	80008e60	014e7053	fadd.s	f0,f28,f20	 f28:0x4f7e2a93 f20:0x47350461  f0=0x4f7e2b48
     416705.000 ns	     41669	80008e64	00ae96b3	sll	x13,x29,x10	 x29:0x7fbff800 x10:0x00000000 x13=0x7fbff800
     416715.000 ns	     41670	80008e68	00541993	slli	x19,x8,0x5	  x8:0x00008000 x19=0x00100000
     416725.000 ns	     41671	80008e6c	00000013	addi	x0,x0,0	  x0:0x00000000
     416735.000 ns	     41672	80008e70	26b0e713	ori	x14,x1,619	  x1:0x00000000 x14=0x0000026b
     416745.000 ns	     41673	80008e74	c7f5e013	ori	x0,x11,-897	 x11:0x7494de40
     416765.000 ns	     41675	80008e78	02110d33	mul	x26,x2,x1	  x2:0x0000003a  x1:0x00000000 x26=0x00000000
     416795.000 ns	     41678	80008e7c	e0091ad3	fclass.s	x21,f18	 f18:0xceff7ff0 x21=0x00000002
     417165.000 ns	     41715	80008e80	03746f33	rem	x30,x8,x23	  x8:0x00008000 x23:0xffffffff x30=0x00000000
     417195.000 ns	     41718	80008e84	d00bf553	fcvt.s.w	f10,x23	 x23:0xffffffff f10=0xbf800000
     417225.000 ns	     41721	80008e88	c01ef253	fcvt.wu.s	x4,f29	 f29:0x4f35045a  x4=0xb5045a00
     417245.000 ns	     41723	80008e8c	000041b3	xor	x3,x0,x0	  x0:0x00000000  x0:0x00000000  x3=0x00000000
     417265.000 ns	     41725	80008e90	d01e7a53	fcvt.s.wu	f20,x28	 x28:0x00000001 f20=0x3f800000
     417295.000 ns	     41728	80008e94	e0089053	fclass.s	x0,f17	 f17:0x32000000
     417315.000 ns	     41730	80008e98	00000013	addi	x0,x0,0	  x0:0x00000000
     417355.000 ns	     41734	80008e9c	00647d53	fadd.s	f26,f8,f6	  f8:0x7f800000  f6:0x00000239 f26=0x7f800000
     417375.000 ns	     41736	80008ea0	004dd533	srl	x10,x27,x4	 x27:0x00000020  x4:0xb5045a00 x10=0x00000020
     417395.000 ns	     41738	80008ea4	d00bf8d3	fcvt.s.w	f17,x23	 x23:0xffffffff f17=0xbf800000
     417415.000 ns	     41740	80008ea8	ae5fda97	auipc	x21,0xae5fd	 x21=0x2e605ea8
     417435.000 ns	     41742	80008eac	03acb033	mulhu	x0,x25,x26	 x25:0x00000000 x26:0x00000000
     417455.000 ns	     41744	80008eb0	a3bd3b93	sltiu	x23,x26,-1477	 x26:0x00000000 x23=0x00000001
     417475.000 ns	     41746	80008eb4	e0018453	fmv.x.w	x8,f3	  f3:0xb2000000  x8=0xb2000000
     417845.000 ns	     41783	80008eb8	03024ab3	div	x21,x4,x16	  x4:0xb5045a00 x16:0xf8284e00 x21=0x00000009
     417875.000 ns	     41786	80008ebc	a06a8753	fle.s	x14,f21,f6	 f21:0x32000000  f6:0x00000239 x14=0x00000000
     417915.000 ns	     41790	80008ec0	10a93453	fmul.s	f8,f18,f10	 f18:0xceff7ff0 f10:0xbf800000  f8=0x4eff7ff0
     417935.000 ns	     41792	80008ec4	00a26633	or	x12,x4,x10	  x4:0xb5045a00 x10:0x00000020 x12=0xb5045a20
     417945.000 ns	     41793	80008ec8	009f9133	sll	x2,x31,x9	 x31:0x00000000  x9:0x80041024  x2=0x00000000
     417965.000 ns	     41795	80008ecc	205e9b53	fsgnjn.s	f22,f29,f5	 f29:0x4f35045a  f5:0xca1a551a f22=0x4f35045a
     417985.000 ns	     41797	80008ed0	41e7d7b3	sra	x15,x15,x30	 x15:0x80000000 x30:0x00000000 x15=0x80000000
     418005.000 ns	     41799	80008ed4	20dc9b53	fsgnjn.s	f22,f25,f13	 f25:0x7f800000 f13:0xceff7fef f22=0x7f800000
     418025.000 ns	     41801	80008ed8	4094d213	srai	x4,x9,0x9	  x9:0x80041024  x4=0xffc00208
     418035.000 ns	     41802	80008edc	52e43693	sltiu	x13,x8,1326	  x8:0xb2000000 x13=0x00000000
     418055.000 ns	     41804	80008ee0	c01f4dd3	fcvt.wu.s	x27,f30	 f30:0xce07e109 x27=0x21f84240
     418095.000 ns	     41808	80008ee4	10f9cbd3	fmul.s	f23,f19,f15	 f19:0x4f7e2a93 f15:0x00000000 f23=0x00000000
     418465.000 ns	     41845	80008ee8	03dce7b3	rem	x15,x25,x29	 x25:0x00000000 x29:0x7fbff800 x15=0x00000000
     419645.000 ns	     41963	80008eec	58027f53	fsqrt.s	f30,f4	  f4:0x00010000 f30=0x1f366e88
     419675.000 ns	     41966	80008ef0	035bb833	mulhu	x16,x23,x21	 x23:0x00000001 x21:0x00000009 x16=0x00000000
     419715.000 ns	     41970	80008ef4	580784d3	fsqrt.s	f9,f15	 f15:0x00000000  f9=0x00000000
     419735.000 ns	     41972	80008ef8	ef14c293	xori	x5,x9,-271	  x9:0x80041024  x5=0x7ffbeed5
     419755.000 ns	     41974	80008efc	d0177ed3	fcvt.s.wu	f29,x14	 x14:0x00000000 f29=0x00000000
     419775.000 ns	     41976	80008f00	00000013	addi	x0,x0,0	  x0:0x00000000
     419785.000 ns	     41977	80008f04	40e0db93	srai	x23,x1,0xe	  x1:0x00000000 x23=0x00000000
     419795.000 ns	     41978	80008f08	25a0dd37	lui	x26,0x25a0d	 x26=0x25a0d000
     419825.000 ns	     41981	80008f0c	18472853	fdiv.s	f16,f14,f4	 f14:0x80000000  f4:0x00010000 f16=0x80000000
     419865.000 ns	     41985	80008f10	11f50953	fmul.s	f18,f10,f31	 f10:0xbf800000 f31:0x3f34b4b4 f18=0xbf34b4b4
     419885.000 ns	     41987	80008f14	41aa88b3	sub	x17,x21,x26	 x21:0x00000009 x26:0x25a0d000 x17=0xda5f3009
     419905.000 ns	     41989	80008f18	21ff92d3	fsgnjn.s	f5,f31,f31	 f31:0x3f34b4b4 f31:0x3f34b4b4  f5=0xbf34b4b4
     419925.000 ns	     41991	80008f1c	01d001b3	add	x3,x0,x29	  x0:0x00000000 x29:0x7fbff800  x3=0x7fbff800
     419935.000 ns	     41992	80008f20	00e9c7b3	xor	x15,x19,x14	 x19:0x00100000 x14:0x00000000 x15=0x00100000
     419955.000 ns	     41994	80008f24	28191f53	fmax.s	f30,f18,f1	 f18:0xbf34b4b4  f1:0xce95f74c f30=0xbf34b4b4
     420295.000 ns	     42028	80008f28	19c47353	fdiv.s	f6,f8,f28	  f8:0x4eff7ff0 f28:0x4f7e2a93  f6=0x3eff7ff0
     420325.000 ns	     42031	80008f2c	036f98b3	mulh	x17,x31,x22	 x31:0x00000000 x22:0xffffffff x17=0x00000000
     420355.000 ns	     42034	80008f30	e0091753	fclass.s	x14,f18	 f18:0xbf34b4b4 x14=0x00000002
     420385.000 ns	     42037	80008f34	21a3a753	fsgnjx.s	f14,f7,f26	  f7:0x4f7fffff f26:0x7f800000 f14=0x4f7fffff
     420405.000 ns	     42039	80008f38	01f9a133	slt	x2,x19,x31	 x19:0x00100000 x31:0x00000000  x2=0x00000000
     420765.000 ns	     42075	80008f3c	02ae4e33	div	x28,x28,x10	 x28:0x00000001 x10:0x00000020 x28=0x00000000
     420795.000 ns	     42078	80008f40	a0e1a0d3	feq.s	x1,f3,f14	  f3:0xb2000000 f14:0x4f7fffff  x1=0x00000000
     420835.000 ns	     42082	80008f44	18f6fad3	fdiv.s	f21,f13,f15	 f13:0xceff7fef f15:0x00000000 f21=0xff800000
     420865.000 ns	     42085	80008f48	0287a833	mulhsu	x16,x15,x8	 x15:0x00100000  x8:0xb2000000 x16=0x000b2000
     420885.000 ns	     42087	80008f4c	41800e33	sub	x28,x0,x24	  x0:0x00000000 x24:0x80040fe4 x28=0x7ffbf01c
     420895.000 ns	     42088	80008f50	065ba393	slti	x7,x23,101	 x23:0x00000000  x7=0x00000001
     420915.000 ns	     42090	80008f54	28359153	fmax.s	f2,f11,f3	 f11:0x00000000  f3:0xb2000000  f2=0x00000000
     420955.000 ns	     42094	80008f58	107ff453	fmul.s	f8,f31,f7	 f31:0x3f34b4b4  f7:0x4f7fffff  f8=0x4f34b4b3
     420975.000 ns	     42096	80008f5c	00ee2033	slt	x0,x28,x14	 x28:0x7ffbf01c x14:0x00000002
     420995.000 ns	     42098	80008f60	21729b53	fsgnjn.s	f22,f5,f23	  f5:0xbf34b4b4 f23:0x00000000 f22=0xbf34b4b4
     421015.000 ns	     42100	80008f64	12734313	xori	x6,x6,295	  x6:0x00000000  x6=0x00000127
     421025.000 ns	     42101	80008f68	4124d8b3	sra	x17,x9,x18	  x9:0x80041024 x18:0x000003eb x17=0xfff00082
     421045.000 ns	     42103	80008f6c	21aba253	fsgnjx.s	f4,f23,f26	 f23:0x00000000 f26:0x7f800000  f4=0x00000000
     421075.000 ns	     42106	80008f70	0252a033	mulhsu	x0,x5,x5	  x5:0x7ffbeed5  x5:0x7ffbeed5
     422255.000 ns	     42224	80008f74	58038153	fsqrt.s	f2,f7	  f7:0x4f7fffff  f2=0x47350461
     422285.000 ns	     42227	80008f78	e0061dd3	fclass.s	x27,f12	 f12:0x4f7ffffa x27=0x00000040
     422305.000 ns	     42229	80008f7c	00000013	addi	x0,x0,0	  x0:0x00000000
     422665.000 ns	     42265	80008f80	035758b3	divu	x17,x14,x21	 x14:0x00000002 x21:0x00000009 x17=0x00000000
     422685.000 ns	     42267	80008f84	002ae0b3	or	x1,x21,x2	 x21:0x00000009  x2:0x00000000  x1=0x00000009
     422705.000 ns	     42269	80008f88	e00b8253	fmv.x.w	x4,f23	 f23:0x00000000  x4=0x00000000
     422725.000 ns	     42271	80008f8c	01385313	srli	x6,x16,0x13	 x16:0x000b2000  x6=0x00000001
     423085.000 ns	     42307	80008f90	03c17433	remu	x8,x2,x28	  x2:0x00000000 x28:0x7ffbf01c  x8=0x00000000
     423105.000 ns	     42309	80008f94	ac78a013	slti	x0,x17,-1337	 x17:0x00000000
     423115.000 ns	     42310	80008f98	2c507593	andi	x11,x0,709	  x0:0x00000000 x11=0x00000000
     423135.000 ns	     42312	80008f9c	a0ac9bd3	flt.s	x23,f25,f10	 f25:0x7f800000 f10:0xbf800000 x23=0x00000000
     423165.000 ns	     42315	80008fa0	a111a6d3	feq.s	x13,f3,f17	  f3:0xb2000000 f17:0xbf800000 x13=0x00000000
     423195.000 ns	     42318	80008fa4	d013fcd3	fcvt.s.wu	f25,x7	  x7:0x00000001 f25=0x3f800000
     423245.000 ns	     42323	80008fa8	00ac7053	fadd.s	f0,f24,f10	 f24:0x7f800000 f10:0xbf800000  f0=0x7f800000
     423265.000 ns	     42325	80008fac	01879a93	slli	x21,x15,0x18	 x15:0x00100000 x21=0x00000000
     423275.000 ns	     42326	80008fb0	093269b7	lui	x19,0x9326	 x19=0x09326000
     423605.000 ns	     42359	80008fb4	1948f5d3	fdiv.s	f11,f17,f20	 f17:0xbf800000 f20:0x3f800000 f11=0xbf7fff38
     423625.000 ns	     42361	80008fb8	00000013	addi	x0,x0,0	  x0:0x00000000
     423665.000 ns	     42365	80008fbc	00e6fad3	fadd.s	f21,f13,f14	 f13:0xceff7fef f14:0x4f7fffff f21=0x4f004007
     423695.000 ns	     42368	80008fc0	036d2e33	mulhsu	x28,x26,x22	 x26:0x25a0d000 x22:0xffffffff x28=0x25a0cfff
     423745.000 ns	     42373	80008fc4	01def6d3	fadd.s	f13,f29,f29	 f29:0x00000000 f29:0x00000000 f13=0x00000000
     423775.000 ns	     42376	80008fc8	021eb233	mulhu	x4,x29,x1	 x29:0x7fbff800  x1:0x00000009  x4=0x00000004
     423795.000 ns	     42378	80008fcc	c948fa37	lui	x20,0xc948f	 x20=0xc948f000
     424155.000 ns	     42414	80008fd0	024b6db3	rem	x27,x22,x4	 x22:0xffffffff  x4:0x00000004 x27=0xffffffff
     424185.000 ns	     42417	80008fd4	03ff25b3	mulhsu	x11,x30,x31	 x30:0x00000000 x31:0x00000000 x11=0x00000000
     424225.000 ns	     42421	80008fd8	5801a1d3	fsqrt.s	f3,f3	  f3:0xb2000000  f3=0x7fc00000
     424245.000 ns	     42423	80008fdc	6a773613	sltiu	x12,x14,1703	 x14:0x00000002 x12=0x00000001
     424255.000 ns	     42424	80008fe0	fc6c3713	sltiu	x14,x24,-58	 x24:0x80040fe4 x14=0x00000001
     424275.000 ns	     42426	80008fe4	024d1733	mulh	x14,x26,x4	 x26:0x25a0d000  x4:0x00000004 x14=0x00000000
     424295.000 ns	     42428	80008fe8	01267133	and	x2,x12,x18	 x12:0x00000001 x18:0x000003eb  x2=0x00000001
     424325.000 ns	     42431	80008fec	107d92d3	fmul.s	f5,f27,f7	 f27:0x3f800000  f7:0x4f7fffff  f5=0x4f7fffff
     424345.000 ns	     42433	80008ff0	4c322d93	slti	x27,x4,1219	  x4:0x00000004 x27=0x00000001
     424355.000 ns	     42434	80008ff4	00610f33	add	x30,x2,x6	  x2:0x00000001  x6:0x00000001 x30=0x00000002
     424365.000 ns	     42435	80008ff8	0063ef33	or	x30,x7,x6	  x7:0x00000001  x6:0x00000001 x30=0x00000001
     424385.000 ns	     42437	80008ffc	d01943d3	fcvt.s.wu	f7,x18	 x18:0x000003eb  f7=0x447ac000
     424405.000 ns	     42439	80009000	01652bb3	slt	x23,x10,x22	 x10:0x00000020 x22:0xffffffff x23=0x00000000
     424425.000 ns	     42441	80009004	03b900b3	mul	x1,x18,x27	 x18:0x000003eb x27:0x00000001  x1=0x000003eb
     424445.000 ns	     42443	80009008	00a5c2b3	xor	x5,x11,x10	 x11:0x00000000 x10:0x00000020  x5=0x00000020
     424455.000 ns	     42444	8000900c	0071adb3	slt	x27,x3,x7	  x3:0x7fbff800  x7:0x00000001 x27=0x00000000
     424815.000 ns	     42480	80009010	029fd533	divu	x10,x31,x9	 x31:0x00000000  x9:0x80041024 x10=0x00000000
     424845.000 ns	     42483	80009014	a0c92453	feq.s	x8,f18,f12	 f18:0xbf34b4b4 f12:0x4f7ffffa  x8=0x00000000
     424875.000 ns	     42486	80009018	2178a0d3	fsgnjx.s	f1,f17,f23	 f17:0xbf800000 f23:0x00000000  f1=0xbf800000
     425245.000 ns	     42523	8000901c	03ac4833	div	x16,x24,x26	 x24:0x80040fe4 x26:0x25a0d000 x16=0xfffffffd
     425265.000 ns	     42525	80009020	01999633	sll	x12,x19,x25	 x19:0x09326000 x25:0x00000000 x12=0x09326000
     425285.000 ns	     42527	80009024	c004f953	fcvt.w.s	x18,f9	  f9:0x00000000 x18=0x00000000
     425305.000 ns	     42529	80009028	07aea417	auipc	x8,0x7aea	  x8=0x87af3028
     425315.000 ns	     42530	8000902c	00b26f33	or	x30,x4,x11	  x4:0x00000004 x11:0x00000000 x30=0x00000004
     425325.000 ns	     42531	80009030	01587233	and	x4,x16,x21	 x16:0xfffffffd x21:0x00000000  x4=0x00000000
     425345.000 ns	     42533	80009034	02ed9f33	mulh	x30,x27,x14	 x27:0x00000000 x14:0x00000000 x30=0x00000000
     425375.000 ns	     42536	80009038	e00a8953	fmv.x.w	x18,f21	 f21:0x4f004007 x18=0x4f004007
     425405.000 ns	     42539	8000903c	d00a8bd3	fcvt.s.w	f23,x21	 x21:0x00000000 f23=0x00000000
     425425.000 ns	     42541	80009040	01745b33	srl	x22,x8,x23	  x8:0x87af3028 x23:0x00000000 x22=0x87af3028
     425455.000 ns	     42544	80009044	107cf4d3	fmul.s	f9,f25,f7	 f25:0x3f800000  f7:0x447ac000  f9=0x447ac000
     425825.000 ns	     42581	80009048	023afeb3	remu	x29,x21,x3	 x21:0x00000000  x3:0x7fbff800 x29=0x00000000
     425855.000 ns	     42584	8000904c	21a82853	fsgnjx.s	f16,f16,f26	 f16:0x80000000 f26:0x7f800000 f16=0x80000000
     426195.000 ns	     42618	80009050	18b47453	fdiv.s	f8,f8,f11	  f8:0x4f34b4b3 f11:0xbf7fff38  f8=0xcf3ade34
     426225.000 ns	     42621	80009054	c00df3d3	fcvt.w.s	x7,f27	 f27:0x3f800000  x7=0x00000001
     426255.000 ns	     42624	80009058	c00d7e53	fcvt.w.s	x28,f26	 f26:0x7f800000 x28=0x7fffffff
     426285.000 ns	     42627	8000905c	a18b9953	flt.s	x18,f23,f24	 f23:0x00000000 f24:0x7f800000 x18=0x00000001
     426325.000 ns	     42631	80009060	105ebe53	fmul.s	f28,f29,f5	 f29:0x00000000  f5:0x4f7fffff f28=0x00000000
     426695.000 ns	     42668	80009064	023a6833	rem	x16,x20,x3	 x20:0xc948f000  x3:0x7fbff800 x16=0xc948f000
     426725.000 ns	     42671	80009068	28580ed3	fmin.s	f29,f16,f5	 f16:0x80000000  f5:0x4f7fffff f29=0x80000000
     426755.000 ns	     42674	8000906c	e00c8553	fmv.x.w	x10,f25	 f25:0x3f800000 x10=0x3f800000
     427095.000 ns	     42708	80009070	1818f453	fdiv.s	f8,f17,f1	 f17:0xbf800000  f1:0xbf800000  f8=0x3f045ede
     427125.000 ns	     42711	80009074	a0ae1453	flt.s	x8,f28,f10	 f28:0x00000000 f10:0xbf800000  x8=0x00000000
     427155.000 ns	     42714	80009078	a1aea253	feq.s	x4,f29,f26	 f29:0x80000000 f26:0x7f800000  x4=0x00000000
     427175.000 ns	     42716	8000907c	00af7d33	and	x26,x30,x10	 x30:0x00000000 x10:0x3f800000 x26=0x00000000
     427185.000 ns	     42717	80009080	41d90f33	sub	x30,x18,x29	 x18:0x00000001 x29:0x00000000 x30=0x00000001
     427205.000 ns	     42719	80009084	28579653	fmax.s	f12,f15,f5	 f15:0x00000000  f5:0x4f7fffff f12=0x4f7fffff
     427255.000 ns	     42724	80009088	09f8fbd3	fsub.s	f23,f17,f31	 f17:0xbf800000 f31:0x3f34b4b4 f23=0xbfda5a5a
     427275.000 ns	     42726	8000908c	01412733	slt	x14,x2,x20	  x2:0x00000001 x20:0xc948f000 x14=0x00000000
     427295.000 ns	     42728	80009090	d00d0f53	fcvt.s.w	f30,x26	 x26:0x00000000 f30=0x00000000
     427325.000 ns	     42731	80009094	a1a20ad3	fle.s	x21,f4,f26	  f4:0x00000000 f26:0x7f800000 x21=0x00000001
     427345.000 ns	     42733	80009098	22664f93	xori	x31,x12,550	 x12:0x09326000 x31=0x09326226
     427355.000 ns	     42734	8000909c	01061d33	sll	x26,x12,x16	 x12:0x09326000 x16:0xc948f000 x26=0x09326000
     427375.000 ns	     42736	800090a0	029b2b33	mulhsu	x22,x22,x9	 x22:0x87af3028  x9:0x80041024 x22=0xc3d5af3a
     427405.000 ns	     42739	800090a4	c01988d3	fcvt.wu.s	x17,f19	 f19:0x4f7e2a93 x17=0xfe2a9300
     427425.000 ns	     42741	800090a8	007026b3	slt	x13,x0,x7	  x0:0x00000000  x7:0x00000001 x13=0x00000001
     427435.000 ns	     42742	800090ac	0aad8e93	addi	x29,x27,170	 x27:0x00000000 x29=0x000000aa
     427455.000 ns	     42744	800090b0	03d08b33	mul	x22,x1,x29	  x1:0x000003eb x29:0x00000000 x22=0x00029a0e
     427485.000 ns	     42747	800090b4	212fadd3	fsgnjx.s	f27,f31,f18	 f31:0x3f34b4b4 f18:0xbf34b4b4 f27=0xbf34b4b4
     427515.000 ns	     42750	800090b8	a034a8d3	feq.s	x17,f9,f3	  f9:0x447ac000  f3:0x7fc00000 x17=0x00000000
     427545.000 ns	     42753	800090bc	20639b53	fsgnjn.s	f22,f7,f6	  f7:0x447ac000  f6:0x3eff7ff0 f22=0xc47ac000
     427565.000 ns	     42755	800090c0	00d71293	slli	x5,x14,0xd	 x14:0x00000000  x5=0x00000000
     427575.000 ns	     42756	800090c4	40885f33	sra	x30,x16,x8	 x16:0xc948f000  x8:0x00000000 x30=0xc948f000
     427595.000 ns	     42758	800090c8	f00181d3	fmv.w.x	f3,x3	  x3:0x7fbff800  f3=0x7fbff800
     427625.000 ns	     42761	800090cc	0362a6b3	mulhsu	x13,x5,x22	  x5:0x00000000 x22:0x00029a0e x13=0x00000000
     427655.000 ns	     42764	800090d0	02dd4433	div	x8,x26,x13	 x26:0x09326000 x13:0x00000001  x8=0xffffffff
     427675.000 ns	     42766	800090d4	99abed37	lui	x26,0x99abe	 x26=0x99abe000
     427695.000 ns	     42768	800090d8	03eb10b3	mulh	x1,x22,x30	 x22:0x00029a0e x30:0xc948f000  x1=0xffff71a4
     427715.000 ns	     42770	800090dc	00f22633	slt	x12,x4,x15	  x4:0x00000000 x15:0x00100000 x12=0x00000001
     427735.000 ns	     42772	800090e0	031ec9b3	div	x19,x29,x17	 x29:0x000000aa x17:0x00000000 x19=0xffffffff
     427765.000 ns	     42775	800090e4	030d0233	mul	x4,x26,x16	 x26:0x99abe000 x16:0xc948f000  x4=0x22000000
     427805.000 ns	     42779	800090e8	58007653	fsqrt.s	f12,f0	  f0:0x7f800000 f12=0x7f800000
     427825.000 ns	     42781	800090ec	40ddde13	srai	x28,x27,0xd	 x27:0x00000000 x28=0x00000000
     427835.000 ns	     42782	800090f0	00000013	addi	x0,x0,0	  x0:0x00000000
     427845.000 ns	     42783	800090f4	e6347537	lui	x10,0xe6347	 x10=0xe6347000
     427855.000 ns	     42784	800090f8	00706db3	or	x27,x0,x7	  x0:0x00000000  x7:0x00000001 x27=0x00000001
     428215.000 ns	     42820	800090fc	0276c933	div	x18,x13,x7	 x13:0x00000000  x7:0x00000001 x18=0x00000000
     428245.000 ns	     42823	80009100	c00b4ed3	fcvt.w.s	x29,f22	 f22:0xc47ac000 x29=0xfffffc15
     428265.000 ns	     42825	80009104	004ef933	and	x18,x29,x4	 x29:0x000000aa  x4:0x22000000 x18=0x22000000
     428285.000 ns	     42827	80009108	201286d3	fsgnj.s	f13,f5,f1	  f5:0x4f7fffff  f1:0xbf800000 f13=0xcf7fffff
     428315.000 ns	     42830	8000910c	21588f53	fsgnj.s	f30,f17,f21	 f17:0xbf800000 f21:0x4f004007 f30=0x3f800000
     428345.000 ns	     42833	80009110	037a9633	mulh	x12,x21,x23	 x21:0x00000001 x23:0x00000000 x12=0x00000000
     428375.000 ns	     42836	80009114	0382bab3	mulhu	x21,x5,x24	  x5:0x00000000 x24:0x80040fe4 x21=0x00000000
     428395.000 ns	     42838	80009118	a8bca713	slti	x14,x25,-1397	 x25:0x00000000 x14=0x00000000
     428415.000 ns	     42840	8000911c	032a2033	mulhsu	x0,x20,x18	 x20:0xc948f000 x18:0x22000000
     428445.000 ns	     42843	80009120	284588d3	fmin.s	f17,f11,f4	 f11:0xbf7fff38  f4:0x00000000 f17=0xbf7fff38
     428815.000 ns	     42880	80009124	03bdc633	div	x12,x27,x27	 x27:0x00000001 x27:0x00000001 x12=0x00000001
     429185.000 ns	     42917	80009128	021b6ab3	rem	x21,x22,x1	 x22:0x00029a0e  x1:0xffff71a4 x21=0x0000609e
     429205.000 ns	     42919	8000912c	01b2a633	slt	x12,x5,x27	  x5:0x00000000 x27:0x00000001 x12=0x00000001
     429225.000 ns	     42921	80009130	d017f0d3	fcvt.s.wu	f1,x15	 x15:0x00100000  f1=0x49800000
     429255.000 ns	     42924	80009134	c018fe53	fcvt.wu.s	x28,f17	 f17:0xbf7fff38 x28=0x00000000
     429285.000 ns	     42927	80009138	219f1253	fsgnjn.s	f4,f30,f25	 f30:0x3f800000 f25:0x3f800000  f4=0xbf800000
     429335.000 ns	     42932	8000913c	010837d3	fadd.s	f15,f16,f16	 f16:0x80000000 f16:0x80000000 f15=0x80000000
     429355.000 ns	     42934	80009140	0119e3b3	or	x7,x19,x17	 x19:0xffffffff x17:0x00000000  x7=0xffffffff
     429365.000 ns	     42935	80009144	01d8a6b3	slt	x13,x17,x29	 x17:0x00000000 x29:0xfffffc15 x13=0x00000000
     429375.000 ns	     42936	80009148	f9d98d93	addi	x27,x19,-99	 x19:0xffffffff x27=0xffffff9c
     429385.000 ns	     42937	8000914c	00ac1e13	slli	x28,x24,0xa	 x24:0x80040fe4 x28=0x103f9000
     429405.000 ns	     42939	80009150	025fc633	div	x12,x31,x5	 x31:0x09326226  x5:0x00000000 x12=0xffffffff
     429435.000 ns	     42942	80009154	d00f0e53	fcvt.s.w	f28,x30	 x30:0xc948f000 f28=0xce5adc40
     429455.000 ns	     42944	80009158	fb4a0113	addi	x2,x20,-76	 x20:0xc948f000  x2=0xc948efb4
     429475.000 ns	     42946	8000915c	a1f880d3	fle.s	x1,f17,f31	 f17:0xbf7fff38 f31:0x3f34b4b4  x1=0x00000001
     429505.000 ns	     42949	80009160	d01e35d3	fcvt.s.wu	f11,x28	 x28:0x103f9000 f11=0x4d81fc80
     429525.000 ns	     42951	80009164	ed166d17	auipc	x26,0xed166	 x26=0x6d16f164
     429535.000 ns	     42952	80009168	405cdd93	srai	x27,x25,0x5	 x25:0x00000000 x27=0x00000000
     429545.000 ns	     42953	8000916c	f6176b13	ori	x22,x14,-159	 x14:0x00000000 x22=0xffffff61
     429575.000 ns	     42956	80009170	11134ed3	fmul.s	f29,f6,f17	  f6:0x3eff7ff0 f17:0xbf7fff38 f29=0xbeff7f28
     429595.000 ns	     42958	80009174	ab8ec013	xori	x0,x29,-1352	 x29:0xfffffc15
     429615.000 ns	     42960	80009178	a01302d3	fle.s	x5,f6,f1	  f6:0x3eff7ff0  f1:0x49800000  x5=0x00000001
     429635.000 ns	     42962	8000917c	00317f13	andi	x30,x2,3	  x2:0xc948efb4 x30=0x00000000
     429645.000 ns	     42963	80009180	7db6c393	xori	x7,x13,2011	 x13:0x00000000  x7=0x000007db
     429665.000 ns	     42965	80009184	d01cc053	fcvt.s.wu	f0,x25	 x25:0x00000000  f0=0x00000000
     429685.000 ns	     42967	80009188	00b93e33	sltu	x28,x18,x11	 x18:0x22000000 x11:0x00000000 x28=0x00000000
     429705.000 ns	     42969	8000918c	f00c0953	fmv.w.x	f18,x24	 x24:0x80040fe4 f18=0x80040fe4
     429735.000 ns	     42972	80009190	c0097dd3	fcvt.w.s	x27,f18	 f18:0xbf34b4b4 x27=0x00000000
     430105.000 ns	     43009	80009194	0275cab3	div	x21,x11,x7	 x11:0x00000000  x7:0x000007db x21=0x00000000
     430135.000 ns	     43012	80009198	d00ef5d3	fcvt.s.w	f11,x29	 x29:0xfffffc15 f11=0xc47ac000
     430155.000 ns	     43014	8000919c	2dcead93	slti	x27,x29,732	 x29:0xfffffc15 x27=0x00000001
     430165.000 ns	     43015	800091a0	01c3afb3	slt	x31,x7,x28	  x7:0x000007db x28:0x00000000 x31=0x00000000
     430185.000 ns	     43017	800091a4	e00b0bd3	fmv.x.w	x23,f22	 f22:0xc47ac000 x23=0xc47ac000
     430215.000 ns	     43020	800091a8	e00101d3	fmv.x.w	x3,f2	  f2:0x47350461  x3=0x47350461
     430235.000 ns	     43022	800091ac	00b68a33	add	x20,x13,x11	 x13:0x00000000 x11:0x00000000 x20=0x00000000
     430255.000 ns	     43024	800091b0	03371e33	mulh	x28,x14,x19	 x14:0x00000000 x19:0xffffffff x28=0x00000000
     430285.000 ns	     43027	800091b4	034ab433	mulhu	x8,x21,x20	 x21:0x00000000 x20:0xc948f000  x8=0x00000000
     430305.000 ns	     43029	800091b8	01d81bb3	sll	x23,x16,x29	 x16:0xc948f000 x29:0xfffffc15 x23=0x00000000
     430315.000 ns	     43030	800091bc	67efca13	xori	x20,x31,1662	 x31:0x00000000 x20=0x0000067e
     430325.000 ns	     43031	800091c0	8d874913	xori	x18,x14,-1832	 x14:0x00000000 x18=0xfffff8d8
     430345.000 ns	     43033	800091c4	03ac3233	mulhu	x4,x24,x26	 x24:0x80040fe4 x26:0x6d16f164  x4=0x368d33d3
     430685.000 ns	     43067	800091c8	18771bd3	fdiv.s	f23,f14,f7	 f14:0x4f7fffff  f7:0x447ac000 f23=0x4aacb73d
     430715.000 ns	     43070	800091cc	f0058bd3	fmv.w.x	f23,x11	 x11:0x00000000 f23=0x00000000
     430745.000 ns	     43073	800091d0	210f8553	fsgnj.s	f10,f31,f16	 f31:0x3f34b4b4 f16:0x80000000 f10=0xbf34b4b4
     430765.000 ns	     43075	800091d4	0075d193	srli	x3,x11,0x7	 x11:0x00000000  x3=0x00000000
     430775.000 ns	     43076	800091d8	40e45933	sra	x18,x8,x14	  x8:0x00000000 x14:0x00000000 x18=0x00000000
     430785.000 ns	     43077	800091dc	caee7393	andi	x7,x28,-850	 x28:0x00000000  x7=0x00000000
     430815.000 ns	     43080	800091e0	11147bd3	fmul.s	f23,f8,f17	  f8:0x3f045ede f17:0xbf7fff38 f23=0xbf045e77
     430835.000 ns	     43082	800091e4	01c68033	add	x0,x13,x28	 x13:0x00000000 x28:0x00000000
     430855.000 ns	     43084	800091e8	21419653	fsgnjn.s	f12,f3,f20	  f3:0x7fbff800 f20:0x3f800000 f12=0xffbff800
     431225.000 ns	     43121	800091ec	02266333	rem	x6,x12,x2	 x12:0xffffffff  x2:0xc948efb4  x6=0xffffffff
     431255.000 ns	     43124	800091f0	02ed4eb3	div	x29,x26,x14	 x26:0x6d16f164 x14:0x00000000 x29=0xffffffff
     431285.000 ns	     43127	800091f4	a08d2453	feq.s	x8,f26,f8	 f26:0x7f800000  f8:0x3f045ede  x8=0x00000000
     431305.000 ns	     43129	800091f8	06d6f313	andi	x6,x13,109	 x13:0x00000000  x6=0x00000000
     431665.000 ns	     43165	800091fc	033f7bb3	remu	x23,x30,x19	 x30:0x00000000 x19:0xffffffff x23=0x00000000
     431715.000 ns	     43170	80009200	00614a53	fadd.s	f20,f2,f6	  f2:0x47350461  f6:0x3eff7ff0 f20=0x473504e1
     431735.000 ns	     43172	80009204	019a1633	sll	x12,x20,x25	 x20:0x0000067e x25:0x00000000 x12=0x0000067e
     431745.000 ns	     43173	80009208	3be37613	andi	x12,x6,958	  x6:0x00000000 x12=0x00000000
     431755.000 ns	     43174	8000920c	00ce03b3	add	x7,x28,x12	 x28:0x00000000 x12:0xffffffff  x7=0x00000000
     431775.000 ns	     43176	80009210	20069553	fsgnjn.s	f10,f13,f0	 f13:0xcf7fffff  f0:0x00000000 f10=0xcf7fffff
     431805.000 ns	     43179	80009214	e00997d3	fclass.s	x15,f19	 f19:0x4f7e2a93 x15=0x00000040
     431825.000 ns	     43181	80009218	40f000b3	sub	x1,x0,x15	  x0:0x00000000 x15:0x00100000  x1=0xffffffc0
     431845.000 ns	     43183	8000921c	206da2d3	fsgnjx.s	f5,f27,f6	 f27:0xbf34b4b4  f6:0x3eff7ff0  f5=0xbf34b4b4
     431875.000 ns	     43186	80009220	e0098253	fmv.x.w	x4,f19	 f19:0x4f7e2a93  x4=0x4f7e2a93
     431905.000 ns	     43189	80009224	21a42853	fsgnjx.s	f16,f8,f26	  f8:0x3f045ede f26:0x7f800000 f16=0x3f045ede
     431935.000 ns	     43192	80009228	a0d28a53	fle.s	x20,f5,f13	  f5:0xbf34b4b4 f13:0xcf7fffff x20=0x00000000
     431965.000 ns	     43195	8000922c	a1af2ad3	feq.s	x21,f30,f26	 f30:0x3f800000 f26:0x7f800000 x21=0x00000000
     431985.000 ns	     43197	80009230	001238b3	sltu	x17,x4,x1	  x4:0x4f7e2a93  x1:0xffffffc0 x17=0x00000001
     431995.000 ns	     43198	80009234	59424713	xori	x14,x4,1428	  x4:0x4f7e2a93 x14=0x4f7e2f07
     432015.000 ns	     43200	80009238	02f887b3	mul	x15,x17,x15	 x17:0x00000000 x15:0x00000040 x15=0x00000040
     432035.000 ns	     43202	8000923c	41ec5eb3	sra	x29,x24,x30	 x24:0x80040fe4 x30:0x00000000 x29=0x80040fe4
     432055.000 ns	     43204	80009240	20491553	fsgnjn.s	f10,f18,f4	 f18:0x80040fe4  f4:0xbf800000 f10=0x00040fe4
     432085.000 ns	     43207	80009244	03273b33	mulhu	x22,x14,x18	 x14:0x4f7e2f07 x18:0x00000000 x22=0x00000000
     432105.000 ns	     43209	80009248	41b75b93	srai	x23,x14,0x1b	 x14:0x4f7e2f07 x23=0x00000009
     432115.000 ns	     43210	8000924c	431c3793	sltiu	x15,x24,1073	 x24:0x80040fe4 x15=0x00000000
     432125.000 ns	     43211	80009250	fc0fe137	lui	x2,0xfc0fe	  x2=0xfc0fe000
     432145.000 ns	     43213	80009254	216a2cd3	fsgnjx.s	f25,f20,f22	 f20:0x473504e1 f22:0xc47ac000 f25=0xc73504e1
     432175.000 ns	     43216	80009258	e00195d3	fclass.s	x11,f3	  f3:0x7fbff800 x11=0x00000100
     432205.000 ns	     43219	8000925c	03edfa33	remu	x20,x27,x30	 x27:0x00000001 x30:0x00000000 x20=0x00000001
     432225.000 ns	     43221	80009260	e9c78e93	addi	x29,x15,-356	 x15:0x00000000 x29=0xfffffe9c
     432245.000 ns	     43223	80009264	03945433	divu	x8,x8,x25	  x8:0x00000000 x25:0x00000000  x8=0xffffffff
     432275.000 ns	     43226	80009268	03adb133	mulhu	x2,x27,x26	 x27:0x00000001 x26:0x6d16f164  x2=0x00000000
     432295.000 ns	     43228	8000926c	41fc5413	srai	x8,x24,0x1f	 x24:0x80040fe4  x8=0xffffffff
     432305.000 ns	     43229	80009270	00a35913	srli	x18,x6,0xa	  x6:0x00000000 x18=0x00000000
     432325.000 ns	     43231	80009274	e00a02d3	fmv.x.w	x5,f20	 f20:0x473504e1  x5=0x473504e1
     432345.000 ns	     43233	80009278	500d7f13	andi	x30,x26,1280	 x26:0x6d16f164 x30=0x00000100
     432355.000 ns	     43234	8000927c	0159ce33	xor	x28,x19,x21	 x19:0xffffffff x21:0x00000000 x28=0xffffffff
     432375.000 ns	     43236	80009280	21730ad3	fsgnj.s	f21,f6,f23	  f6:0x3eff7ff0 f23:0xbf045e77 f21=0xbeff7ff0
     432395.000 ns	     43238	80009284	059c7893	andi	x17,x24,89	 x24:0x80040fe4 x17=0x00000040
     432405.000 ns	     43239	80009288	01c9dbb3	srl	x23,x19,x28	 x19:0xffffffff x28:0xffffffff x23=0x00000001
     432415.000 ns	     43240	8000928c	41625533	sra	x10,x4,x22	  x4:0x4f7e2a93 x22:0x00000000 x10=0x4f7e2a93
     432425.000 ns	     43241	80009290	01305b33	srl	x22,x0,x19	  x0:0x00000000 x19:0xffffffff x22=0x00000000
     432435.000 ns	     43242	80009294	41140333	sub	x6,x8,x17	  x8:0xffffffff x17:0x00000040  x6=0xffffffbf
     432445.000 ns	     43243	80009298	3e3f4313	xori	x6,x30,995	 x30:0x00000100  x6=0x000002e3
     432455.000 ns	     43244	8000929c	851bb093	sltiu	x1,x23,-1967	 x23:0x00000001  x1=0x00000001
     432465.000 ns	     43245	800092a0	01d69d33	sll	x26,x13,x29	 x13:0x00000000 x29:0xfffffe9c x26=0x00000000
     432475.000 ns	     43246	800092a4	a4087f93	andi	x31,x16,-1472	 x16:0xc948f000 x31=0xc948f000
     432505.000 ns	     43249	800092a8	102531d3	fmul.s	f3,f10,f2	 f10:0x00040fe4  f2:0x47350461  f3=0x05b7d380
     432525.000 ns	     43251	800092ac	41ca5e93	srai	x29,x20,0x1c	 x20:0x00000001 x29=0x00000000
     432565.000 ns	     43255	800092b0	00787453	fadd.s	f8,f16,f7	 f16:0x3f045ede  f7:0x447ac000  f8=0x447ae117
     432585.000 ns	     43257	800092b4	4008d993	srai	x19,x17,0x0	 x17:0x00000040 x19=0x00000040
     432605.000 ns	     43259	800092b8	28080553	fmin.s	f10,f16,f0	 f16:0x3f045ede  f0:0x00000000 f10=0x00000000
     432625.000 ns	     43261	800092bc	00b7c533	xor	x10,x15,x11	 x15:0x00000000 x11:0x00000100 x10=0x00000100
     432655.000 ns	     43264	800092c0	11093c53	fmul.s	f24,f18,f16	 f18:0x80040fe4 f16:0x3f045ede f24=0x800219b2
     432685.000 ns	     43267	800092c4	296b9bd3	fmax.s	f23,f23,f22	 f23:0xbf045e77 f22:0xc47ac000 f23=0xbf045e77
     432705.000 ns	     43269	800092c8	35897793	andi	x15,x18,856	 x18:0x00000000 x15=0x00000000
     433065.000 ns	     43305	800092cc	03394e33	div	x28,x18,x19	 x18:0x00000000 x19:0x00000040 x28=0x00000000
     433085.000 ns	     43307	800092d0	00f40eb3	add	x29,x8,x15	  x8:0xffffffff x15:0x00000000 x29=0xffffffff
     433095.000 ns	     43308	800092d4	4009d993	srai	x19,x19,0x0	 x19:0x00000040 x19=0x00000040
     433115.000 ns	     43310	800092d8	209b8053	fsgnj.s	f0,f23,f9	 f23:0xbf045e77  f9:0x447ac000  f0=0x3f045e77
     433135.000 ns	     43312	800092dc	01cc77b3	and	x15,x24,x28	 x24:0x80040fe4 x28:0x00000000 x15=0x00000000
     433145.000 ns	     43313	800092e0	010b7433	and	x8,x22,x16	 x22:0x00000000 x16:0xc948f000  x8=0x00000000
     433155.000 ns	     43314	800092e4	009dfeb3	and	x29,x27,x9	 x27:0x00000001  x9:0x80041024 x29=0x00000000
     433175.000 ns	     43316	800092e8	02a809b3	mul	x19,x16,x10	 x16:0xc948f000 x10:0x00000100 x19=0x48f00000
     433205.000 ns	     43319	800092ec	a09b17d3	flt.s	x15,f22,f9	 f22:0xc47ac000  f9:0x447ac000 x15=0x00000001
     433225.000 ns	     43321	800092f0	01a39b33	sll	x22,x7,x26	  x7:0x00000000 x26:0x00000000 x22=0x00000000
     433235.000 ns	     43322	800092f4	ededc6b7	lui	x13,0xededc	 x13=0xededc000
     433255.000 ns	     43324	800092f8	d013b553	fcvt.s.wu	f10,x7	  x7:0x00000000 f10=0x00000000
     433275.000 ns	     43326	800092fc	40a84813	xori	x16,x16,1034	 x16:0xc948f000 x16=0xc948f40a
     433295.000 ns	     43328	80009300	0228cdb3	div	x27,x17,x2	 x17:0x00000040  x2:0x00000000 x27=0xffffffff
     433325.000 ns	     43331	80009304	03a7d633	divu	x12,x15,x26	 x15:0x00000001 x26:0x00000000 x12=0xffffffff
     433355.000 ns	     43334	80009308	039a43b3	div	x7,x20,x25	 x20:0x00000001 x25:0x00000000  x7=0xffffffff
     433385.000 ns	     43337	8000930c	c0179e53	fcvt.wu.s	x28,f15	 f15:0x80000000 x28=0x00000000
     433405.000 ns	     43339	80009310	1f4b0437	lui	x8,0x1f4b0	  x8=0x1f4b0000
     433415.000 ns	     43340	80009314	41e2d893	srai	x17,x5,0x1e	  x5:0x473504e1 x17=0x00000001
     433425.000 ns	     43341	80009318	37508d13	addi	x26,x1,885	  x1:0x00000001 x26=0x00000376
     433435.000 ns	     43342	8000931c	66158a13	addi	x20,x11,1633	 x11:0x00000100 x20=0x00000761
     433445.000 ns	     43343	80009320	b96aa213	slti	x4,x21,-1130	 x21:0x00000000  x4=0x00000000
     433455.000 ns	     43344	80009324	000a0133	add	x2,x20,x0	 x20:0x00000001  x0:0x00000000  x2=0x00000761
     433475.000 ns	     43346	80009328	214a2053	fsgnjx.s	f0,f20,f20	 f20:0x473504e1 f20:0x473504e1  f0=0x473504e1
     433495.000 ns	     43348	8000932c	014d6033	or	x0,x26,x20	 x26:0x00000376 x20:0x00000761
     433515.000 ns	     43350	80009330	d01717d3	fcvt.s.wu	f15,x14	 x14:0x4f7e2f07 f15=0x4e9efc5e
     433545.000 ns	     43353	80009334	f00705d3	fmv.w.x	f11,x14	 x14:0x4f7e2f07 f11=0x4f7e2f07
     433565.000 ns	     43355	80009338	018cb933	sltu	x18,x25,x24	 x25:0x00000000 x24:0x80040fe4 x18=0x00000001
     433575.000 ns	     43356	8000933c	4030d633	sra	x12,x1,x3	  x1:0x00000001  x3:0x00000000 x12=0x00000001
     433595.000 ns	     43358	80009340	d00b0053	fcvt.s.w	f0,x22	 x22:0x00000000  f0=0x00000000
     433625.000 ns	     43361	80009344	027b3533	mulhu	x10,x22,x7	 x22:0x00000000  x7:0xffffffff x10=0x00000000
     433655.000 ns	     43364	80009348	20e4a3d3	fsgnjx.s	f7,f9,f14	  f9:0x447ac000 f14:0x4f7fffff  f7=0x447ac000
     433675.000 ns	     43366	8000934c	00fcd0b3	srl	x1,x25,x15	 x25:0x00000000 x15:0x00000001  x1=0x00000000
     433695.000 ns	     43368	80009350	a10e2a53	feq.s	x20,f28,f16	 f28:0xce5adc40 f16:0x3f045ede x20=0x00000000
     433715.000 ns	     43370	80009354	01b38bb3	add	x23,x7,x27	  x7:0xffffffff x27:0xffffffff x23=0xfffffffe
     433725.000 ns	     43371	80009358	00adf833	and	x16,x27,x10	 x27:0xffffffff x10:0x00000000 x16=0x00000000
     433745.000 ns	     43373	8000935c	c009b9d3	fcvt.w.s	x19,f19	 f19:0x4f7e2a93 x19=0x7fffffff
     433775.000 ns	     43376	80009360	0347e733	rem	x14,x15,x20	 x15:0x00000001 x20:0x00000000 x14=0x00000001
     433805.000 ns	     43379	80009364	03cca133	mulhsu	x2,x25,x28	 x25:0x00000000 x28:0x00000000  x2=0x00000000
     433835.000 ns	     43382	80009368	29280353	fmin.s	f6,f16,f18	 f16:0x3f045ede f18:0x80040fe4  f6=0x80040fe4
     433865.000 ns	     43385	8000936c	d00daed3	fcvt.s.w	f29,x27	 x27:0xffffffff f29=0xbf800000
     433895.000 ns	     43388	80009370	202e9453	fsgnjn.s	f8,f29,f2	 f29:0xbeff7f28  f2:0x47350461  f8=0xbf800000
     433915.000 ns	     43390	80009374	40aed7b3	sra	x15,x29,x10	 x29:0x00000000 x10:0x00000000 x15=0x00000000
     433935.000 ns	     43392	80009378	a0619453	flt.s	x8,f3,f6	  f3:0x05b7d380  f6:0x80040fe4  x8=0x00000000
     433965.000 ns	     43395	8000937c	02136333	rem	x6,x6,x1	  x6:0x000002e3  x1:0x00000000  x6=0x000002e3
     433995.000 ns	     43398	80009380	02ab08b3	mul	x17,x22,x10	 x22:0x00000000 x10:0x00000000 x17=0x00000000
     434025.000 ns	     43401	80009384	21cf0053	fsgnj.s	f0,f30,f28	 f30:0x3f800000 f28:0xce5adc40  f0=0xbf800000
     434055.000 ns	     43404	80009388	d01c7853	fcvt.s.wu	f16,x24	 x24:0x80040fe4 f16=0x4f00040f
     434085.000 ns	     43407	8000938c	28b580d3	fmin.s	f1,f11,f11	 f11:0x4f7e2f07 f11:0x4f7e2f07  f1=0x4f7e2f07
     434115.000 ns	     43410	80009390	a1f182d3	fle.s	x5,f3,f31	  f3:0x05b7d380 f31:0x3f34b4b4  x5=0x00000001
     434135.000 ns	     43412	80009394	01dfddb3	srl	x27,x31,x29	 x31:0xc948f000 x29:0x00000000 x27=0xc948f000
     434145.000 ns	     43413	80009398	0020dab3	srl	x21,x1,x2	  x1:0x00000000  x2:0x00000000 x21=0x00000000
     434165.000 ns	     43415	8000939c	d000f953	fcvt.s.w	f18,x1	  x1:0x00000000 f18=0x00000000
     434195.000 ns	     43418	800093a0	29ca8753	fmin.s	f14,f21,f28	 f21:0xbeff7ff0 f28:0xce5adc40 f14=0xce5adc40
     434215.000 ns	     43420	800093a4	eb2f6213	ori	x4,x30,-334	 x30:0x00000100  x4=0xffffffb2
     434235.000 ns	     43422	800093a8	c00e7953	fcvt.w.s	x18,f28	 f28:0xce5adc40 x18=0x36b71000
     434255.000 ns	     43424	800093ac	fa5de1b7	lui	x3,0xfa5de	  x3=0xfa5de000
     434275.000 ns	     43426	800093b0	02cc9033	mulh	x0,x25,x12	 x25:0x00000000 x12:0x00000001
     434305.000 ns	     43429	800093b4	21ca1053	fsgnjn.s	f0,f20,f28	 f20:0x473504e1 f28:0xce5adc40  f0=0x473504e1
     434325.000 ns	     43431	800093b8	00de02b3	add	x5,x28,x13	 x28:0x00000000 x13:0xededc000  x5=0xededc000
     434345.000 ns	     43433	800093bc	03d90333	mul	x6,x18,x29	 x18:0x36b71000 x29:0x00000000  x6=0x00000000
     434365.000 ns	     43435	800093c0	0034cf33	xor	x30,x9,x3	  x9:0x80041024  x3:0xfa5de000 x30=0x7a59f024
     434375.000 ns	     43436	800093c4	00000013	addi	x0,x0,0	  x0:0x00000000
     434415.000 ns	     43440	800093c8	08dc71d3	fsub.s	f3,f24,f13	 f24:0x800219b2 f13:0xcf7fffff  f3=0x4f7fffff
     434435.000 ns	     43442	800093cc	00993533	sltu	x10,x18,x9	 x18:0x36b71000  x9:0x80041024 x10=0x00000001
     434445.000 ns	     43443	800093d0	40a90d33	sub	x26,x18,x10	 x18:0x36b71000 x10:0x00000000 x26=0x36b70fff
     434465.000 ns	     43445	800093d4	29d11f53	fmax.s	f30,f2,f29	  f2:0x47350461 f29:0xbf800000 f30=0x47350461
     434495.000 ns	     43448	800093d8	21d98253	fsgnj.s	f4,f19,f29	 f19:0x4f7e2a93 f29:0xbf800000  f4=0xcf7e2a93
     434515.000 ns	     43450	800093dc	e45b3a13	sltiu	x20,x22,-443	 x22:0x00000000 x20=0x00000001
     434845.000 ns	     43483	800093e0	18fffd53	fdiv.s	f26,f31,f15	 f31:0x3f34b4b4 f15:0x4e9efc5e f26=0x2fb4b4b4
     434875.000 ns	     43486	800093e4	20378c53	fsgnj.s	f24,f15,f3	 f15:0x4e9efc5e  f3:0x4f7fffff f24=0x4e9efc5e
     434905.000 ns	     43489	800093e8	03c78133	mul	x2,x15,x28	 x15:0x00000000 x28:0x00000000  x2=0x00000000
     434925.000 ns	     43491	800093ec	5eec5a17	auipc	x20,0x5eec5	 x20=0xdeece3ec
     434945.000 ns	     43493	800093f0	03cc68b3	rem	x17,x24,x28	 x24:0x80040fe4 x28:0x00000000 x17=0x80040fe4
     434975.000 ns	     43496	800093f4	20258fd3	fsgnj.s	f31,f11,f2	 f11:0x4f7e2f07  f2:0x47350461 f31=0x4f7e2f07
     435005.000 ns	     43499	800093f8	0398a6b3	mulhsu	x13,x17,x25	 x17:0x80040fe4 x25:0x00000000 x13=0x00000000
     435035.000 ns	     43502	800093fc	210916d3	fsgnjn.s	f13,f18,f16	 f18:0x00000000 f16:0x4f00040f f13=0x80000000
     436215.000 ns	     43620	80009400	580c7753	fsqrt.s	f14,f24	 f24:0x4e9efc5e f14=0x470ea741
     436235.000 ns	     43622	80009404	000b42b3	xor	x5,x22,x0	 x22:0x00000000  x0:0x00000000  x5=0x00000000
     436265.000 ns	     43625	80009408	107640d3	fmul.s	f1,f12,f7	 f12:0xffbff800  f7:0x447ac000  f1=0x7fc00000
     436295.000 ns	     43628	8000940c	037ba2b3	mulhsu	x5,x23,x23	 x23:0xfffffffe x23:0xfffffffe  x5=0xfffffffe
     436315.000 ns	     43630	80009410	00609913	slli	x18,x1,0x6	  x1:0x00000000 x18=0x00000000
     436335.000 ns	     43632	80009414	21ae8b53	fsgnj.s	f22,f29,f26	 f29:0xbf800000 f26:0x2fb4b4b4 f22=0x3f800000
     436355.000 ns	     43634	80009418	31c5c113	xori	x2,x11,796	 x11:0x00000100  x2=0x0000021c
     436375.000 ns	     43636	8000941c	21ac1e53	fsgnjn.s	f28,f24,f26	 f24:0x4e9efc5e f26:0x2fb4b4b4 f28=0xce9efc5e
     436405.000 ns	     43639	80009420	20f690d3	fsgnjn.s	f1,f13,f15	 f13:0x80000000 f15:0x4e9efc5e  f1=0x80000000
     436775.000 ns	     43676	80009424	027bdab3	divu	x21,x23,x7	 x23:0xfffffffe  x7:0xffffffff x21=0x00000000
     436795.000 ns	     43678	80009428	66990317	auipc	x6,0x66990	  x6=0xe6999428
     436805.000 ns	     43679	8000942c	0118e7b3	or	x15,x17,x17	 x17:0x80040fe4 x17:0x80040fe4 x15=0x80040fe4
     436815.000 ns	     43680	80009430	55a72993	slti	x19,x14,1370	 x14:0x00000001 x19=0x00000001
     436855.000 ns	     43684	80009434	08227553	fsub.s	f10,f4,f2	  f4:0xcf7e2a93  f2:0x47350461 f10=0xcf7e2b48
     436875.000 ns	     43686	80009438	d81c4f93	xori	x31,x24,-639	 x24:0x80040fe4 x31=0x7ffbf265
     436885.000 ns	     43687	8000943c	00c82433	slt	x8,x16,x12	 x16:0x00000000 x12:0x00000001  x8=0x00000001
     438055.000 ns	     43804	80009440	5807fd53	fsqrt.s	f26,f15	 f15:0x4e9efc5e f26=0x470ea741
     438075.000 ns	     43806	80009444	01704133	xor	x2,x0,x23	  x0:0x00000000 x23:0xfffffffe  x2=0xfffffffe
     438105.000 ns	     43809	80009448	110737d3	fmul.s	f15,f14,f16	 f14:0x470ea741 f16:0x4f00040f f15=0x568eabc7
     438125.000 ns	     43811	8000944c	001683b3	add	x7,x13,x1	 x13:0x00000000  x1:0x00000000  x7=0x00000000
     438135.000 ns	     43812	80009450	2cff7413	andi	x8,x30,719	 x30:0x7a59f024  x8=0x00000004
     438155.000 ns	     43814	80009454	20f2af53	fsgnjx.s	f30,f5,f15	  f5:0xbf34b4b4 f15:0x568eabc7 f30=0xbf34b4b4
     438525.000 ns	     43851	80009458	02f5d233	divu	x4,x11,x15	 x11:0x00000100 x15:0x80040fe4  x4=0x00000000
     438545.000 ns	     43853	8000945c	002a0e33	add	x28,x20,x2	 x20:0xdeece3ec  x2:0xfffffffe x28=0xdeece3ea
     438555.000 ns	     43854	80009460	01a8a833	slt	x16,x17,x26	 x17:0x80040fe4 x26:0x36b70fff x16=0x00000001
     438565.000 ns	     43855	80009464	0121c833	xor	x16,x3,x18	  x3:0xfa5de000 x18:0x00000000 x16=0xfa5de000
     438575.000 ns	     43856	80009468	12e22a93	slti	x21,x4,302	  x4:0x00000000 x21=0x00000001
     438935.000 ns	     43892	8000946c	033f79b3	remu	x19,x30,x19	 x30:0x7a59f024 x19:0x00000001 x19=0x00000000
     438975.000 ns	     43896	80009470	101687d3	fmul.s	f15,f13,f1	 f13:0x80000000  f1:0x80000000 f15=0x00000000
     439005.000 ns	     43899	80009474	02ff2b33	mulhsu	x22,x30,x15	 x30:0x7a59f024 x15:0x80040fe4 x22=0x3d2ee911
     439025.000 ns	     43901	80009478	006e59b3	srl	x19,x28,x6	 x28:0xdeece3ea  x6:0xe6999428 x19=0x00deece3
     439035.000 ns	     43902	8000947c	01081593	slli	x11,x16,0x10	 x16:0xfa5de000 x11=0xe0000000
     439055.000 ns	     43904	80009480	28591853	fmax.s	f16,f18,f5	 f18:0x00000000  f5:0xbf34b4b4 f16=0x00000000
     439075.000 ns	     43906	80009484	00486a33	or	x20,x16,x4	 x16:0xfa5de000  x4:0x00000000 x20=0xfa5de000
     439095.000 ns	     43908	80009488	a03017d3	flt.s	x15,f0,f3	  f0:0x473504e1  f3:0x4f7fffff x15=0x00000001
     439135.000 ns	     43912	8000948c	181513d3	fdiv.s	f7,f10,f1	 f10:0xcf7e2b48  f1:0x80000000  f7=0x7f800000
     439155.000 ns	     43914	80009490	40a25d13	srai	x26,x4,0xa	  x4:0x00000000 x26=0x00000000
     439175.000 ns	     43916	80009494	e0020f53	fmv.x.w	x30,f4	  f4:0xcf7e2a93 x30=0xcf7e2a93
     439205.000 ns	     43919	80009498	217115d3	fsgnjn.s	f11,f2,f23	  f2:0x47350461 f23:0xbf045e77 f11=0x47350461
     439225.000 ns	     43921	8000949c	97128313	addi	x6,x5,-1679	  x5:0xfffffffe  x6=0xfffff96f
     439245.000 ns	     43923	800094a0	02d2df33	divu	x30,x5,x13	  x5:0xfffffffe x13:0x00000000 x30=0xffffffff
     439265.000 ns	     43925	800094a4	2799e993	ori	x19,x19,633	 x19:0x00deece3 x19=0x00deeefb
     439275.000 ns	     43926	800094a8	00871e13	slli	x28,x14,0x8	 x14:0x00000001 x28=0x00000100
     439635.000 ns	     43962	800094ac	0233dbb3	divu	x23,x7,x3	  x7:0x00000000  x3:0xfa5de000 x23=0x00000000
     439655.000 ns	     43964	800094b0	468b2d13	slti	x26,x22,1128	 x22:0x3d2ee911 x26=0x00000000
     439675.000 ns	     43966	800094b4	c013f153	fcvt.wu.s	x2,f7	  f7:0x7f800000  x2=0xffffffff
     439695.000 ns	     43968	800094b8	921a7193	andi	x3,x20,-1759	 x20:0xfa5de000  x3=0xfa5de000
     439705.000 ns	     43969	800094bc	89e961b7	lui	x3,0x89e96	  x3=0x89e96000
     439715.000 ns	     43970	800094c0	0083ff33	and	x30,x7,x8	  x7:0x00000000  x8:0x00000004 x30=0x00000000
     439735.000 ns	     43972	800094c4	20909f53	fsgnjn.s	f30,f1,f9	  f1:0x80000000  f9:0x447ac000 f30=0x80000000
     439765.000 ns	     43975	800094c8	02f639b3	mulhu	x19,x12,x15	 x12:0x00000001 x15:0x00000001 x19=0x00000000
     439795.000 ns	     43978	800094cc	e0099a53	fclass.s	x20,f19	 f19:0x4f7e2a93 x20=0x00000040
     439815.000 ns	     43980	800094d0	01597f33	and	x30,x18,x21	 x18:0x00000000 x21:0x00000001 x30=0x00000000
     439835.000 ns	     43982	800094d4	c0047d53	fcvt.w.s	x26,f8	  f8:0xbf800000 x26=0x00000001
     440205.000 ns	     44019	800094d8	02a44533	div	x10,x8,x10	  x8:0x00000004 x10:0x00000001 x10=0x00000004
     440575.000 ns	     44056	800094dc	03665633	divu	x12,x12,x22	 x12:0x00000001 x22:0x3d2ee911 x12=0x00000000
     440595.000 ns	     44058	800094e0	f7058e17	auipc	x28,0xf7058	 x28=0x770614e0
     440615.000 ns	     44060	800094e4	e00e8653	fmv.x.w	x12,f29	 f29:0xbf800000 x12=0xbf800000
     440635.000 ns	     44062	800094e8	0072d713	srli	x14,x5,0x7	  x5:0xfffffffe x14=0x01ffffff
     440645.000 ns	     44063	800094ec	1d546e93	ori	x29,x8,469	  x8:0x00000004 x29=0x000001d5
     440665.000 ns	     44065	800094f0	02471533	mulh	x10,x14,x4	 x14:0x00000001  x4:0x00000000 x10=0x00000000
     440695.000 ns	     44068	800094f4	21caaad3	fsgnjx.s	f21,f21,f28	 f21:0xbeff7ff0 f28:0xce9efc5e f21=0x3eff7ff0
     440745.000 ns	     44073	800094f8	09cdf2d3	fsub.s	f5,f27,f28	 f27:0xbf34b4b4 f28:0xce9efc5e  f5=0x4e9efc5d
     440795.000 ns	     44078	800094fc	00568353	fadd.s	f6,f13,f5	 f13:0x80000000  f5:0xbf34b4b4  f6=0x4e9efc5d
     440825.000 ns	     44081	80009500	03d997b3	mulh	x15,x19,x29	 x19:0x00000000 x29:0x000001d5 x15=0x00000000
     440845.000 ns	     44083	80009504	41b25333	sra	x6,x4,x27	  x4:0x00000000 x27:0xc948f000  x6=0x00000000
     440885.000 ns	     44087	80009508	008528d3	fadd.s	f17,f10,f8	 f10:0xcf7e2b48  f8:0xbf800000 f17=0xcf7e2b49
     440915.000 ns	     44090	8000950c	204b2353	fsgnjx.s	f6,f22,f4	 f22:0x3f800000  f4:0xcf7e2a93  f6=0xbf800000
     440935.000 ns	     44092	80009510	00773f33	sltu	x30,x14,x7	 x14:0x01ffffff  x7:0x00000000 x30=0x00000000
     440945.000 ns	     44093	80009514	526a4193	xori	x3,x20,1318	 x20:0x00000040  x3=0x00000566
     440975.000 ns	     44096	80009518	108e34d3	fmul.s	f9,f28,f8	 f28:0xce9efc5e  f8:0xbf800000  f9=0x4e9efc5e
     441005.000 ns	     44099	8000951c	205f91d3	fsgnjn.s	f3,f31,f5	 f31:0x4f7e2f07  f5:0x4e9efc5d  f3=0xcf7e2f07
     441035.000 ns	     44102	80009520	0394c133	div	x2,x9,x25	  x9:0x80041024 x25:0x00000000  x2=0xffffffff
     441065.000 ns	     44105	80009524	c01f72d3	fcvt.wu.s	x5,f30	 f30:0x80000000  x5=0x00000000
     441095.000 ns	     44108	80009528	e00b8553	fmv.x.w	x10,f23	 f23:0xbf045e77 x10=0xbf045e77
     441115.000 ns	     44110	8000952c	41f10933	sub	x18,x2,x31	  x2:0xffffffff x31:0x7ffbf265 x18=0x80040d9a
     441135.000 ns	     44112	80009530	d0121253	fcvt.s.wu	f4,x4	  x4:0x00000000  f4=0x00000000
     441165.000 ns	     44115	80009534	a01881d3	fle.s	x3,f17,f1	 f17:0xcf7e2b49  f1:0x80000000  x3=0x00000001
     441195.000 ns	     44118	80009538	a1118e53	fle.s	x28,f3,f17	  f3:0xcf7e2f07 f17:0xcf7e2b49 x28=0x00000001
     441225.000 ns	     44121	8000953c	290789d3	fmin.s	f19,f15,f16	 f15:0x00000000 f16:0x00000000 f19=0x00000000
     441245.000 ns	     44123	80009540	01301633	sll	x12,x0,x19	  x0:0x00000000 x19:0x00000000 x12=0x00000000
     441265.000 ns	     44125	80009544	02106fb3	rem	x31,x0,x1	  x0:0x00000000  x1:0x00000000 x31=0x00000000
     441285.000 ns	     44127	80009548	00a1aa33	slt	x20,x3,x10	  x3:0x00000001 x10:0xbf045e77 x20=0x00000000
     441315.000 ns	     44130	8000954c	11177853	fmul.s	f16,f14,f17	 f14:0x470ea741 f17:0xcf7e2b49 f16=0xd70da211
     441335.000 ns	     44132	80009550	01479b33	sll	x22,x15,x20	 x15:0x00000000 x20:0x00000040 x22=0x00000000
     441365.000 ns	     44135	80009554	1098f7d3	fmul.s	f15,f17,f9	 f17:0xcf7e2b49  f9:0x4e9efc5e f15=0xde9dd947
     441395.000 ns	     44138	80009558	a17b98d3	flt.s	x17,f23,f23	 f23:0xbf045e77 f23:0xbf045e77 x17=0x00000000
     441415.000 ns	     44140	8000955c	4108d1b3	sra	x3,x17,x16	 x17:0x80040fe4 x16:0xfa5de000  x3=0x00000000
     441775.000 ns	     44176	80009560	03bd4433	div	x8,x26,x27	 x26:0x00000001 x27:0xc948f000  x8=0x00000000
     441795.000 ns	     44178	80009564	01e8ed33	or	x26,x17,x30	 x17:0x00000000 x30:0x00000000 x26=0x00000000
     441815.000 ns	     44180	80009568	02fa31b3	mulhu	x3,x20,x15	 x20:0x00000000 x15:0x00000000  x3=0x00000000
     441845.000 ns	     44183	8000956c	a1408053	fle.s	x0,f1,f20	  f1:0x80000000 f20:0x473504e1
     441875.000 ns	     44186	80009570	e00299d3	fclass.s	x19,f5	  f5:0x4e9efc5d x19=0x00000040
     441895.000 ns	     44188	80009574	010f1413	slli	x8,x30,0x10	 x30:0x00000000  x8=0x00000000
     441905.000 ns	     44189	80009578	4ab1f313	andi	x6,x3,1195	  x3:0x00000000  x6=0x00000000
     441915.000 ns	     44190	8000957c	01e6e5b3	or	x11,x13,x30	 x13:0x00000000 x30:0x00000000 x11=0x00000000
     441935.000 ns	     44192	80009580	e0099bd3	fclass.s	x23,f19	 f19:0x00000000 x23=0x00000010
     441955.000 ns	     44194	80009584	00231ab3	sll	x21,x6,x2	  x6:0x00000000  x2:0xffffffff x21=0x00000000
     441975.000 ns	     44196	80009588	c0193553	fcvt.wu.s	x10,f18	 f18:0x00000000 x10=0x00000000
     442025.000 ns	     44201	8000958c	08b979d3	fsub.s	f19,f18,f11	 f18:0x00000000 f11:0x47350461 f19=0xc7350461
     442045.000 ns	     44203	80009590	00454533	xor	x10,x10,x4	 x10:0x00000000  x4:0x00000000 x10=0x00000000
     442065.000 ns	     44205	80009594	d0147753	fcvt.s.wu	f14,x8	  x8:0x00000000 f14=0x00000000
     442085.000 ns	     44207	80009598	00a55f93	srli	x31,x10,0xa	 x10:0x00000000 x31=0x00000000
     442095.000 ns	     44208	8000959c	dd638513	addi	x10,x7,-554	  x7:0x00000000 x10=0xfffffdd6
     442115.000 ns	     44210	800095a0	021b3b33	mulhu	x22,x22,x1	 x22:0x00000000  x1:0x00000000 x22=0x00000000
     442145.000 ns	     44213	800095a4	c0157dd3	fcvt.wu.s	x27,f10	 f10:0xcf7e2b48 x27=0xfe2b4800
     442175.000 ns	     44216	800095a8	d019ffd3	fcvt.s.wu	f31,x19	 x19:0x00000040 f31=0x42800000
     442195.000 ns	     44218	800095ac	011e9033	sll	x0,x29,x17	 x29:0x000001d5 x17:0x00000000
     442205.000 ns	     44219	800095b0	00e1d593	srli	x11,x3,0xe	  x3:0x00000000 x11=0x00000000
     442225.000 ns	     44221	800095b4	c01207d3	fcvt.wu.s	x15,f4	  f4:0x00000000 x15=0x00000000
     442245.000 ns	     44223	800095b8	b4cbe513	ori	x10,x23,-1204	 x23:0x00000010 x10=0xfffffb5c
     442275.000 ns	     44226	800095bc	11fa0e53	fmul.s	f28,f20,f31	 f20:0x473504e1 f31:0x42800000 f28=0x4a3504e2
     442305.000 ns	     44229	800095c0	d00a40d3	fcvt.s.w	f1,x20	 x20:0x00000000  f1=0x00000000
     442325.000 ns	     44231	800095c4	0149f433	and	x8,x19,x20	 x19:0x00000040 x20:0x00000000  x8=0x00000000
     442345.000 ns	     44233	800095c8	02ef2eb3	mulhsu	x29,x30,x14	 x30:0x00000000 x14:0x01ffffff x29=0x00000000
     442365.000 ns	     44235	800095cc	004377b3	and	x15,x6,x4	  x6:0x00000000  x4:0x00000000 x15=0x00000000
     442385.000 ns	     44237	800095d0	023fd1b3	divu	x3,x31,x3	 x31:0x00000000  x3:0x00000000  x3=0xffffffff
     442405.000 ns	     44239	800095d4	40868bb3	sub	x23,x13,x8	 x13:0x00000000  x8:0x00000000 x23=0x00000000
     442425.000 ns	     44241	800095d8	a0b821d3	feq.s	x3,f16,f11	 f16:0xd70da211 f11:0x47350461  x3=0x00000000
     442445.000 ns	     44243	800095dc	01945e13	srli	x28,x8,0x19	  x8:0x00000000 x28=0x00000000
     442455.000 ns	     44244	800095e0	0064af33	slt	x30,x9,x6	  x9:0x80041024  x6:0x00000000 x30=0x00000001
     442475.000 ns	     44246	800095e4	02ca6eb3	rem	x29,x20,x12	 x20:0x00000000 x12:0x00000000 x29=0x00000000
     442495.000 ns	     44248	800095e8	001cb733	sltu	x14,x25,x1	 x25:0x00000000  x1:0x00000000 x14=0x00000000
     442515.000 ns	     44250	800095ec	02209233	mulh	x4,x1,x2	  x1:0x00000000  x2:0xffffffff  x4=0x00000000
     442535.000 ns	     44252	800095f0	0756a997	auipc	x19,0x756a	 x19=0x875735f0
     442545.000 ns	     44253	800095f4	0051d2b3	srl	x5,x3,x5	  x3:0x00000000  x5:0x00000000  x5=0x00000000
     442555.000 ns	     44254	800095f8	01e79013	slli	x0,x15,0x1e	 x15:0x00000000
     442565.000 ns	     44255	800095fc	013eb1b3	sltu	x3,x29,x19	 x29:0x00000000 x19:0x875735f0  x3=0x00000001
     442575.000 ns	     44256	80009600	002ae433	or	x8,x21,x2	 x21:0x00000000  x2:0xffffffff  x8=0xffffffff
     442595.000 ns	     44258	80009604	a17aa1d3	feq.s	x3,f21,f23	 f21:0x3eff7ff0 f23:0xbf045e77  x3=0x00000000
     442625.000 ns	     44261	80009608	c00ef853	fcvt.w.s	x16,f29	 f29:0xbf800000 x16=0x00000001
     442655.000 ns	     44264	8000960c	21709dd3	fsgnjn.s	f27,f1,f23	  f1:0x00000000 f23:0xbf045e77 f27=0x00000000
     443835.000 ns	     44382	80009610	5804f453	fsqrt.s	f8,f9	  f9:0x4e9efc5e  f8=0x470ea741
     443865.000 ns	     44385	80009614	03f28333	mul	x6,x5,x31	  x5:0x00000000 x31:0x00000000  x6=0x00000000
     443885.000 ns	     44387	80009618	0154c6b3	xor	x13,x9,x21	  x9:0x80041024 x21:0x00000000 x13=0x80041024
     443905.000 ns	     44389	8000961c	029c8fb3	mul	x31,x25,x9	 x25:0x00000000  x9:0x80041024 x31=0x00000000
     443935.000 ns	     44392	80009620	02861e33	mulh	x28,x12,x8	 x12:0x00000000  x8:0xffffffff x28=0x00000000
     443965.000 ns	     44395	80009624	e0079dd3	fclass.s	x27,f15	 f15:0xde9dd947 x27=0x00000002
     443985.000 ns	     44397	80009628	476fa813	slti	x16,x31,1142	 x31:0x00000000 x16=0x00000001
     443995.000 ns	     44398	8000962c	0d44c793	xori	x15,x9,212	  x9:0x80041024 x15=0x800410f0
     444015.000 ns	     44400	80009630	0350c333	div	x6,x1,x21	  x1:0x00000000 x21:0x00000000  x6=0xffffffff
     444385.000 ns	     44437	80009634	029a4433	div	x8,x20,x9	 x20:0x00000000  x9:0x80041024  x8=0x00000000
     444405.000 ns	     44439	80009638	00000013	addi	x0,x0,0	  x0:0x00000000
     444765.000 ns	     44475	8000963c	03e15eb3	divu	x29,x2,x30	  x2:0xffffffff x30:0x00000001 x29=0xffffffff
     444785.000 ns	     44477	80009640	008aae33	slt	x28,x21,x8	 x21:0x00000000  x8:0x00000000 x28=0x00000000
     444795.000 ns	     44478	80009644	40d88233	sub	x4,x17,x13	 x17:0x00000000 x13:0x80041024  x4=0x7ffbefdc
     444805.000 ns	     44479	80009648	537e2197	auipc	x3,0x537e2	  x3=0xd37eb648
     444825.000 ns	     44481	8000964c	d00020d3	fcvt.s.w	f1,x0	  x0:0x00000000  f1=0x00000000
     445195.000 ns	     44518	80009650	03d15533	divu	x10,x2,x29	  x2:0xffffffff x29:0xffffffff x10=0x00000001
     445225.000 ns	     44521	80009654	c00082d3	fcvt.w.s	x5,f1	  f1:0x00000000  x5=0x00000000
     445245.000 ns	     44523	80009658	7e72e593	ori	x11,x5,2023	  x5:0x00000000 x11=0x000007e7
     445255.000 ns	     44524	8000965c	6a2cbf93	sltiu	x31,x25,1698	 x25:0x00000000 x31=0x00000001
     445275.000 ns	     44526	80009660	021fe1b3	rem	x3,x31,x1	 x31:0x00000000  x1:0x00000000  x3=0x00000001
     445305.000 ns	     44529	80009664	c005f2d3	fcvt.w.s	x5,f11	 f11:0x47350461  x5=0x0000b504
     445325.000 ns	     44531	80009668	41788b33	sub	x22,x17,x23	 x17:0x00000000 x23:0x00000000 x22=0x00000000
     445335.000 ns	     44532	8000966c	00481813	slli	x16,x16,0x4	 x16:0x00000001 x16=0x00000010
     445365.000 ns	     44535	80009670	119309d3	fmul.s	f19,f6,f25	  f6:0xbf800000 f25:0xc73504e1 f19=0x473504e2
     445395.000 ns	     44538	80009674	e00d0853	fmv.x.w	x16,f26	 f26:0x470ea741 x16=0x470ea741
     445425.000 ns	     44541	80009678	034bd8b3	divu	x17,x23,x20	 x23:0x00000000 x20:0x00000000 x17=0xffffffff
     445445.000 ns	     44543	8000967c	01272733	slt	x14,x14,x18	 x14:0x00000000 x18:0x80040d9a x14=0x00000000
     445455.000 ns	     44544	80009680	edfa2113	slti	x2,x20,-289	 x20:0x00000000  x2=0x00000000
     445475.000 ns	     44546	80009684	d0147a53	fcvt.s.wu	f20,x8	  x8:0x00000000 f20=0x00000000
     445815.000 ns	     44580	80009688	18bb8e53	fdiv.s	f28,f23,f11	 f23:0xbf045e77 f11:0x47350461 f28=0xb712db26
     445855.000 ns	     44584	8000968c	18cd09d3	fdiv.s	f19,f26,f12	 f26:0x470ea741 f12:0xffbff800 f19=0x7fc00000
     446225.000 ns	     44621	80009690	0296ef33	rem	x30,x13,x9	 x13:0x80041024  x9:0x80041024 x30=0x00000000
     446245.000 ns	     44623	80009694	01b913b3	sll	x7,x18,x27	 x18:0x80040d9a x27:0x00000002  x7=0x00103668
     446255.000 ns	     44624	80009698	2c060293	addi	x5,x12,704	 x12:0x00000000  x5=0x000002c0
     446265.000 ns	     44625	8000969c	cacb3e13	sltiu	x28,x22,-852	 x22:0x00000000 x28=0x00000001
     446285.000 ns	     44627	800096a0	29459953	fmax.s	f18,f11,f20	 f11:0x47350461 f20:0x00000000 f18=0x47350461
     446655.000 ns	     44664	800096a4	031bdd33	divu	x26,x23,x17	 x23:0x00000000 x17:0xffffffff x26=0x00000000
     446685.000 ns	     44667	800096a8	c0167753	fcvt.wu.s	x14,f12	 f12:0xffbff800 x14=0xffffffff
     446715.000 ns	     44670	800096ac	292e1ad3	fmax.s	f21,f28,f18	 f28:0xb712db26 f18:0x47350461 f21=0x47350461
     446735.000 ns	     44672	800096b0	00c271b3	and	x3,x4,x12	  x4:0x7ffbefdc x12:0x00000000  x3=0x00000000
     446755.000 ns	     44674	800096b4	20000553	fsgnj.s	f10,f0,f0	  f0:0x473504e1  f0:0x473504e1 f10=0x473504e1
     446775.000 ns	     44676	800096b8	8b547813	andi	x16,x8,-1867	  x8:0x00000000 x16=0x00000000
     446785.000 ns	     44677	800096bc	00daef33	or	x30,x21,x13	 x21:0x00000000 x13:0x80041024 x30=0x80041024
     446805.000 ns	     44679	800096c0	e00f9ed3	fclass.s	x29,f31	 f31:0x42800000 x29=0x00000040
     446835.000 ns	     44682	800096c4	a031aa53	feq.s	x20,f3,f3	  f3:0xcf7e2f07  f3:0xcf7e2f07 x20=0x00000001
     446855.000 ns	     44684	800096c8	4141d293	srai	x5,x3,0x14	  x3:0x00000000  x5=0x00000000
     446865.000 ns	     44685	800096cc	8dfa0893	addi	x17,x20,-1825	 x20:0x00000001 x17=0xfffff8e0
     446875.000 ns	     44686	800096d0	24c67d13	andi	x26,x12,588	 x12:0x00000000 x26=0x00000000
     446885.000 ns	     44687	800096d4	e763be13	sltiu	x28,x7,-394	  x7:0x00103668 x28=0x00000001
     446895.000 ns	     44688	800096d8	00000013	addi	x0,x0,0	  x0:0x00000000
     446915.000 ns	     44690	800096dc	f00d88d3	fmv.w.x	f17,x27	 x27:0x00000002 f17=0x00000002
     446935.000 ns	     44692	800096e0	407150b3	sra	x1,x2,x7	  x2:0x00000000  x7:0x00103668  x1=0x00000000
     446955.000 ns	     44694	800096e4	e0090e53	fmv.x.w	x28,f18	 f18:0x47350461 x28=0x47350461
     446975.000 ns	     44696	800096e8	41a0d093	srai	x1,x1,0x1a	  x1:0x00000000  x1=0x00000000
     446995.000 ns	     44698	800096ec	d0169753	fcvt.s.wu	f14,x13	 x13:0x80041024 f14=0x4f000410
     447365.000 ns	     44735	800096f0	03d9d233	divu	x4,x19,x29	 x19:0x875735f0 x29:0x00000040  x4=0x021d5cd7
     447395.000 ns	     44738	800096f4	c0112d53	fcvt.wu.s	x26,f2	  f2:0x47350461 x26=0x0000b505
     447425.000 ns	     44741	800096f8	d0199a53	fcvt.s.wu	f20,x19	 x19:0x875735f0 f20=0x4f075735
     447445.000 ns	     44743	800096fc	411487b3	sub	x15,x9,x17	  x9:0x80041024 x17:0xfffff8e0 x15=0x80041744
     447455.000 ns	     44744	80009700	40ca5913	srai	x18,x20,0xc	 x20:0x00000001 x18=0x00000000
     447465.000 ns	     44745	80009704	01f89b13	slli	x22,x17,0x1f	 x17:0xfffff8e0 x22=0x00000000
     447485.000 ns	     44747	80009708	28db0153	fmin.s	f2,f22,f13	 f22:0x3f800000 f13:0x80000000  f2=0x80000000
     447515.000 ns	     44750	8000970c	d00644d3	fcvt.s.w	f9,x12	 x12:0x00000000  f9=0x00000000
     447535.000 ns	     44752	80009710	010d9293	slli	x5,x27,0x10	 x27:0x00000002  x5=0x00020000
     447555.000 ns	     44754	80009714	a1fe2853	feq.s	x16,f28,f31	 f28:0xb712db26 f31:0x42800000 x16=0x00000000
     447575.000 ns	     44756	80009718	0e3e4713	xori	x14,x28,227	 x28:0x47350461 x14=0x47350482
     447585.000 ns	     44757	8000971c	01942933	slt	x18,x8,x25	  x8:0x00000000 x25:0x00000000 x18=0x00000000
     447595.000 ns	     44758	80009720	9d7b3e93	sltiu	x29,x22,-1577	 x22:0x00000000 x29=0x00000001
     447615.000 ns	     44760	80009724	e00a1453	fclass.s	x8,f20	 f20:0x4f075735  x8=0x00000040
     447645.000 ns	     44763	80009728	f00586d3	fmv.w.x	f13,x11	 x11:0x000007e7 f13=0x000007e7
     447675.000 ns	     44766	8000972c	a163ae53	feq.s	x28,f7,f22	  f7:0x7f800000 f22:0x3f800000 x28=0x00000000
     447695.000 ns	     44768	80009730	005ecb33	xor	x22,x29,x5	 x29:0x00000001  x5:0x00020000 x22=0x00020001
     448055.000 ns	     44804	80009734	02b870b3	remu	x1,x16,x11	 x16:0x00000000 x11:0x000007e7  x1=0x00000000
     448075.000 ns	     44806	80009738	e687f337	lui	x6,0xe687f	  x6=0xe687f000
     448435.000 ns	     44842	8000973c	036fee33	rem	x28,x31,x22	 x31:0x00000001 x22:0x00020001 x28=0x00000001
     448455.000 ns	     44844	80009740	409f0933	sub	x18,x30,x9	 x30:0x80041024  x9:0x80041024 x18=0x00000000
     448475.000 ns	     44846	80009744	a18589d3	fle.s	x19,f11,f24	 f11:0x47350461 f24:0x4e9efc5e x19=0x00000001
     448505.000 ns	     44849	80009748	20ea26d3	fsgnjx.s	f13,f20,f14	 f20:0x4f075735 f14:0x4f000410 f13=0x4f075735
     448525.000 ns	     44851	8000974c	75314093	xori	x1,x2,1875	  x2:0x00000000  x1=0x00000753
     448535.000 ns	     44852	80009750	5dbe6293	ori	x5,x28,1499	 x28:0x00000001  x5=0x000005db
     448545.000 ns	     44853	80009754	40ad5533	sra	x10,x26,x10	 x26:0x0000b505 x10:0x00000001 x10=0x00005a82
     448565.000 ns	     44855	80009758	21d188d3	fsgnj.s	f17,f3,f29	  f3:0xcf7e2f07 f29:0xbf800000 f17=0xcf7e2f07
     448595.000 ns	     44858	8000975c	a17da453	feq.s	x8,f27,f23	 f27:0x00000000 f23:0xbf045e77  x8=0x00000000
     448615.000 ns	     44860	80009760	77168393	addi	x7,x13,1905	 x13:0x80041024  x7=0x80041795
     448625.000 ns	     44861	80009764	3071a193	slti	x3,x3,775	  x3:0x00000000  x3=0x00000001
     448635.000 ns	     44862	80009768	e8aaad93	slti	x27,x21,-374	 x21:0x00000000 x27=0x00000000
     448645.000 ns	     44863	8000976c	019fd993	srli	x19,x31,0x19	 x31:0x00000001 x19=0x00000000
     448655.000 ns	     44864	80009770	415e8e33	sub	x28,x29,x21	 x29:0x00000001 x21:0x00000000 x28=0x00000001
     448675.000 ns	     44866	80009774	216d0253	fsgnj.s	f4,f26,f22	 f26:0x470ea741 f22:0x3f800000  f4=0x470ea741
     448695.000 ns	     44868	80009778	681c3713	sltiu	x14,x24,1665	 x24:0x80040fe4 x14=0x00000000
     448735.000 ns	     44872	8000977c	09667e53	fsub.s	f28,f12,f22	 f12:0xffbff800 f22:0x3f800000 f28=0x7fc00000
     448765.000 ns	     44875	80009780	022aa3b3	mulhsu	x7,x21,x2	 x21:0x00000000  x2:0x00000000  x7=0x00000000
     448785.000 ns	     44877	80009784	00ff2333	slt	x6,x30,x15	 x30:0x80041024 x15:0x80041744  x6=0x00000001
     448795.000 ns	     44878	80009788	00bc11b3	sll	x3,x24,x11	 x24:0x80040fe4 x11:0x000007e7  x3=0x0207f200
     448815.000 ns	     44880	8000978c	202425d3	fsgnjx.s	f11,f8,f2	  f8:0x470ea741  f2:0x80000000 f11=0xc70ea741
     448845.000 ns	     44883	80009790	d01014d3	fcvt.s.wu	f9,x0	  x0:0x00000000  f9=0x00000000
     448885.000 ns	     44887	80009794	11f9a4d3	fmul.s	f9,f19,f31	 f19:0x7fc00000 f31:0x42800000  f9=0x7fc00000
     448905.000 ns	     44889	80009798	00856833	or	x16,x10,x8	 x10:0x00005a82  x8:0x00000000 x16=0x00005a82
     449265.000 ns	     44925	8000979c	02ded033	divu	x0,x29,x13	 x29:0x00000001 x13:0x80041024
     449295.000 ns	     44928	800097a0	209d11d3	fsgnjn.s	f3,f26,f9	 f26:0x470ea741  f9:0x7fc00000  f3=0xc70ea741
     449325.000 ns	     44931	800097a4	d00a9d53	fcvt.s.w	f26,x21	 x21:0x00000000 f26=0x00000000
     449345.000 ns	     44933	800097a8	01bb0ab3	add	x21,x22,x27	 x22:0x00020001 x27:0x00000000 x21=0x00020001
     449355.000 ns	     44934	800097ac	0003bb33	sltu	x22,x7,x0	  x7:0x00000000  x0:0x00000000 x22=0x00000000
     449715.000 ns	     44970	800097b0	024965b3	rem	x11,x18,x4	 x18:0x00000000  x4:0x021d5cd7 x11=0x00000000
     450085.000 ns	     45007	800097b4	038742b3	div	x5,x14,x24	 x14:0x00000000 x24:0x80040fe4  x5=0x00000000
     450105.000 ns	     45009	800097b8	46dab337	lui	x6,0x46dab	  x6=0x46dab000
     450115.000 ns	     45010	800097bc	e1150793	addi	x15,x10,-495	 x10:0x00005a82 x15=0x00005893
     450135.000 ns	     45012	800097c0	29bb91d3	fmax.s	f3,f23,f27	 f23:0xbf045e77 f27:0x00000000  f3=0x00000000
     450165.000 ns	     45015	800097c4	a17f9753	flt.s	x14,f31,f23	 f31:0x42800000 f23:0xbf045e77 x14=0x00000000
     450185.000 ns	     45017	800097c8	003f5033	srl	x0,x30,x3	 x30:0x80041024  x3:0x0207f200
     450225.000 ns	     45021	800097cc	08370fd3	fsub.s	f31,f14,f3	 f14:0x4f000410  f3:0x00000000 f31=0x4f000410
     450255.000 ns	     45024	800097d0	d00e79d3	fcvt.s.w	f19,x28	 x28:0x00000001 f19=0x3f800000
     450305.000 ns	     45029	800097d4	014919d3	fadd.s	f19,f18,f20	 f18:0x47350461 f20:0x4f075735 f19=0x4f0757ea
     450335.000 ns	     45032	800097d8	d009ba53	fcvt.s.w	f20,x19	 x19:0x00000000 f20=0x00000000
     450365.000 ns	     45035	800097dc	21260bd3	fsgnj.s	f23,f12,f18	 f12:0xffbff800 f18:0x47350461 f23=0x7fbff800
     450395.000 ns	     45038	800097e0	f00b02d3	fmv.w.x	f5,x22	 x22:0x00000000  f5=0x00000000
     450425.000 ns	     45041	800097e4	e0071553	fclass.s	x10,f14	 f14:0x4f000410 x10=0x00000040
     450445.000 ns	     45043	800097e8	cbfc56b7	lui	x13,0xcbfc5	 x13=0xcbfc5000
     450455.000 ns	     45044	800097ec	4c904793	xori	x15,x0,1225	  x0:0x00000000 x15=0x000004c9
     450465.000 ns	     45045	800097f0	5406e913	ori	x18,x13,1344	 x13:0x80041024 x18=0xcbfc5540
     450475.000 ns	     45046	800097f4	00000013	addi	x0,x0,0	  x0:0x00000000
     450485.000 ns	     45047	800097f8	8b0c6037	lui	x0,0x8b0c6	
     450495.000 ns	     45048	800097fc	00961633	sll	x12,x12,x9	 x12:0x00000000  x9:0x80041024 x12=0x00000000
     450505.000 ns	     45049	80009800	40c98233	sub	x4,x19,x12	 x19:0x00000000 x12:0x00000000  x4=0x00000000
     450515.000 ns	     45050	80009804	54fce813	ori	x16,x25,1359	 x25:0x00000000 x16=0x0000054f
     450525.000 ns	     45051	80009808	019b1793	slli	x15,x22,0x19	 x22:0x00000000 x15=0x00000000
     450535.000 ns	     45052	8000980c	01afd2b3	srl	x5,x31,x26	 x31:0x00000001 x26:0x0000b505  x5=0x00000000
     450555.000 ns	     45054	80009810	a1b2af53	feq.s	x30,f5,f27	  f5:0x00000000 f27:0x00000000 x30=0x00000001
     450575.000 ns	     45056	80009814	917d4413	xori	x8,x26,-1769	 x26:0x0000b505  x8=0xffff4c12
     450585.000 ns	     45057	80009818	413159b3	sra	x19,x2,x19	  x2:0x00000000 x19:0x00000000 x19=0x00000000
     450595.000 ns	     45058	8000981c	00882db3	slt	x27,x16,x8	 x16:0x0000054f  x8:0x00000000 x27=0x00000000
     450625.000 ns	     45061	80009820	102eb6d3	fmul.s	f13,f29,f2	 f29:0xbf800000  f2:0x80000000 f13=0x00000000
     450655.000 ns	     45064	80009824	200fa9d3	fsgnjx.s	f19,f31,f0	 f31:0x4f000410  f0:0x473504e1 f19=0x4f000410
     450685.000 ns	     45067	80009828	287e96d3	fmax.s	f13,f29,f7	 f29:0xbf800000  f7:0x7f800000 f13=0x7f800000
     450715.000 ns	     45070	8000982c	022a77b3	remu	x15,x20,x2	 x20:0x00000001  x2:0x00000000 x15=0x00000001
     450745.000 ns	     45073	80009830	200b0b53	fsgnj.s	f22,f22,f0	 f22:0x3f800000  f0:0x473504e1 f22=0x3f800000
     450795.000 ns	     45078	80009834	099ff4d3	fsub.s	f9,f31,f25	 f31:0x4f000410 f25:0xc73504e1  f9=0x4f0004c5
     450845.000 ns	     45083	80009838	09b548d3	fsub.s	f17,f10,f27	 f10:0x473504e1 f27:0x00000000 f17=0x473504e1
     450865.000 ns	     45085	8000983c	ef258d93	addi	x27,x11,-270	 x11:0x00000000 x27=0xfffffef2
     450875.000 ns	     45086	80009840	00755e93	srli	x29,x10,0x7	 x10:0x00000040 x29=0x00000000
     450885.000 ns	     45087	80009844	00eac833	xor	x16,x21,x14	 x21:0x00020001 x14:0x00000000 x16=0x00020001
     450895.000 ns	     45088	80009848	00a4c733	xor	x14,x9,x10	  x9:0x80041024 x10:0x00000040 x14=0x80041064
     450915.000 ns	     45090	8000984c	c0051dd3	fcvt.w.s	x27,f10	 f10:0x473504e1 x27=0x0000b504
     450945.000 ns	     45093	80009850	21700853	fsgnj.s	f16,f0,f23	  f0:0x473504e1 f23:0x7fbff800 f16=0x473504e1
     450965.000 ns	     45095	80009854	0020d313	srli	x6,x1,0x2	  x1:0x00000753  x6=0x000001d4
     450985.000 ns	     45097	80009858	02badb33	divu	x22,x21,x11	 x21:0x00020001 x11:0x00000000 x22=0xffffffff
     451005.000 ns	     45099	8000985c	40c109b3	sub	x19,x2,x12	  x2:0x00000000 x12:0x00000000 x19=0x00000000
     451015.000 ns	     45100	80009860	41375593	srai	x11,x14,0x13	 x14:0x80041064 x11=0xfffff000
     451025.000 ns	     45101	80009864	007601b3	add	x3,x12,x7	 x12:0x00000000  x7:0x00000000  x3=0x00000000
     451035.000 ns	     45102	80009868	f8174913	xori	x18,x14,-127	 x14:0x80041064 x18=0x7ffbefe5
     451045.000 ns	     45103	8000986c	8db44893	xori	x17,x8,-1829	  x8:0xffff4c12 x17=0x0000b4c9
     451055.000 ns	     45104	80009870	00000013	addi	x0,x0,0	  x0:0x00000000
     451075.000 ns	     45106	80009874	022cb033	mulhu	x0,x25,x2	 x25:0x00000000  x2:0x00000000
     451105.000 ns	     45109	80009878	c01af553	fcvt.wu.s	x10,f21	 f21:0x47350461 x10=0x0000b504
     451135.000 ns	     45112	8000987c	03500db3	mul	x27,x0,x21	  x0:0x00000000 x21:0x00020001 x27=0x00000000
     451155.000 ns	     45114	80009880	a9d6b2b7	lui	x5,0xa9d6b	  x5=0xa9d6b000
     451515.000 ns	     45150	80009884	02f0ea33	rem	x20,x1,x15	  x1:0x00000753 x15:0x00000001 x20=0x00000000
     451535.000 ns	     45152	80009888	e05b3193	sltiu	x3,x22,-507	 x22:0xffffffff  x3=0x00000000
     451545.000 ns	     45153	8000988c	1acee613	ori	x12,x29,428	 x29:0x00000000 x12=0x000001ac
     451575.000 ns	     45156	80009890	18791c53	fdiv.s	f24,f18,f7	 f18:0x47350461  f7:0x7f800000 f24=0x00000000
     451605.000 ns	     45159	80009894	d01d4153	fcvt.s.wu	f2,x26	 x26:0x0000b505  f2=0x47350500
     451975.000 ns	     45196	80009898	02d877b3	remu	x15,x16,x13	 x16:0x00020001 x13:0xcbfc5000 x15=0x00020001
     451995.000 ns	     45198	8000989c	3a81c593	xori	x11,x3,936	  x3:0x00000000 x11=0x000003a8
     452005.000 ns	     45199	800098a0	404b86b3	sub	x13,x23,x4	 x23:0x00000000  x4:0x00000000 x13=0x00000000
     452365.000 ns	     45235	800098a4	02b5ca33	div	x20,x11,x11	 x11:0xfffff000 x11:0xfffff000 x20=0x00000001
     452385.000 ns	     45237	800098a8	0053d633	srl	x12,x7,x5	  x7:0x00000000  x5:0xa9d6b000 x12=0x00000000
     452405.000 ns	     45239	800098ac	f00a06d3	fmv.w.x	f13,x20	 x20:0x00000001 f13=0x00000001
     452435.000 ns	     45242	800098b0	e00e8653	fmv.x.w	x12,f29	 f29:0xbf800000 x12=0xbf800000
     452465.000 ns	     45245	800098b4	02b9a533	mulhsu	x10,x19,x11	 x19:0x00000000 x11:0x000003a8 x10=0x00000000
     452485.000 ns	     45247	800098b8	12f7b193	sltiu	x3,x15,303	 x15:0x00020001  x3=0x00000000
     452495.000 ns	     45248	800098bc	2e7b7213	andi	x4,x22,743	 x22:0xffffffff  x4=0x000002e7
     452505.000 ns	     45249	800098c0	015a45b3	xor	x11,x20,x21	 x20:0x00000001 x21:0x00020001 x11=0x00020000
     452535.000 ns	     45252	800098c4	11c48553	fmul.s	f10,f9,f28	  f9:0x4f0004c5 f28:0x7fc00000 f10=0x7fc00000
     452565.000 ns	     45255	800098c8	f0060d53	fmv.w.x	f26,x12	 x12:0xbf800000 f26=0xbf800000
     452585.000 ns	     45257	800098cc	1b80a313	slti	x6,x1,440	  x1:0x00000753  x6=0x00000000
     452605.000 ns	     45259	800098d0	a0b088d3	fle.s	x17,f1,f11	  f1:0x00000000 f11:0xc70ea741 x17=0x00000000
     452635.000 ns	     45262	800098d4	02522233	mulhsu	x4,x4,x5	  x4:0x000002e7  x5:0xa9d6b000  x4=0x000001ec
     452665.000 ns	     45265	800098d8	e00b8253	fmv.x.w	x4,f23	 f23:0x7fbff800  x4=0x7fbff800
     452695.000 ns	     45268	800098dc	21c09853	fsgnjn.s	f16,f1,f28	  f1:0x00000000 f28:0x7fc00000 f16=0x80000000
     452715.000 ns	     45270	800098e0	003afa33	and	x20,x21,x3	 x21:0x00020001  x3:0x00000000 x20=0x00000000
     452735.000 ns	     45272	800098e4	026662b3	rem	x5,x12,x6	 x12:0xbf800000  x6:0x00000000  x5=0xbf800000
     452755.000 ns	     45274	800098e8	00f130b3	sltu	x1,x2,x15	  x2:0x00000000 x15:0x00020001  x1=0x00000001
     452765.000 ns	     45275	800098ec	00000013	addi	x0,x0,0	  x0:0x00000000
     452775.000 ns	     45276	800098f0	01925033	srl	x0,x4,x25	  x4:0x7fbff800 x25:0x00000000
     452785.000 ns	     45277	800098f4	002f0933	add	x18,x30,x2	 x30:0x00000001  x2:0x00000000 x18=0x00000001
     452805.000 ns	     45279	800098f8	0397d133	divu	x2,x15,x25	 x15:0x00020001 x25:0x00000000  x2=0xffffffff
     452835.000 ns	     45282	800098fc	214201d3	fsgnj.s	f3,f4,f20	  f4:0x470ea741 f20:0x00000000  f3=0x470ea741
     452865.000 ns	     45285	80009900	e00596d3	fclass.s	x13,f11	 f11:0xc70ea741 x13=0x00000002
     452885.000 ns	     45287	80009904	bea7cb93	xori	x23,x15,-1046	 x15:0x00020001 x23=0xfffdfbeb
     452895.000 ns	     45288	80009908	c8428313	addi	x6,x5,-892	  x5:0xbf800000  x6=0xbf7ffc84
     452915.000 ns	     45290	8000990c	c01a7553	fcvt.wu.s	x10,f20	 f20:0x00000000 x10=0x00000000
     452955.000 ns	     45294	80009910	5807f353	fsqrt.s	f6,f15	 f15:0xde9dd947  f6=0x7fc00000
     452985.000 ns	     45297	80009914	a0f32653	feq.s	x12,f6,f15	  f6:0xbf800000 f15:0xde9dd947 x12=0x00000000
     453015.000 ns	     45300	80009918	028403b3	mul	x7,x8,x8	  x8:0xffff4c12  x8:0xffff4c12  x7=0x7e76b144
     453035.000 ns	     45302	8000991c	b1d52f93	slti	x31,x10,-1251	 x10:0x00000000 x31=0x00000000
     453045.000 ns	     45303	80009920	a1da0193	addi	x3,x20,-1507	 x20:0x00000000  x3=0xfffffa1d
     453065.000 ns	     45305	80009924	21a9ae53	fsgnjx.s	f28,f19,f26	 f19:0x4f000410 f26:0xbf800000 f28=0xcf000410
     453095.000 ns	     45308	80009928	c01d70d3	fcvt.wu.s	x1,f26	 f26:0xbf800000  x1=0x00000001
     453125.000 ns	     45311	8000992c	c00f7b53	fcvt.w.s	x22,f30	 f30:0x80000000 x22=0x00000000
     453155.000 ns	     45314	80009930	a18b1dd3	flt.s	x27,f22,f24	 f22:0x3f800000 f24:0x00000000 x27=0x00000000
     453175.000 ns	     45316	80009934	01e700b3	add	x1,x14,x30	 x14:0x80041064 x30:0x00000001  x1=0x80041065
     453185.000 ns	     45317	80009938	f27b3313	sltiu	x6,x22,-217	 x22:0x00000000  x6=0x00000001
     453205.000 ns	     45319	8000993c	02e73133	mulhu	x2,x14,x14	 x14:0x80041064 x14:0x80041064  x2=0x40041074
     453245.000 ns	     45323	80009940	18f64953	fdiv.s	f18,f12,f15	 f12:0xffbff800 f15:0xde9dd947 f18=0x7fc00000
     453265.000 ns	     45325	80009944	01432433	slt	x8,x6,x20	  x6:0x00000001 x20:0x00000000  x8=0x00000000
     453275.000 ns	     45326	80009948	74c93b13	sltiu	x22,x18,1868	 x18:0x00000001 x22=0x00000001
     453295.000 ns	     45328	8000994c	a1361153	flt.s	x2,f12,f19	 f12:0xffbff800 f19:0x4f000410  x2=0x00000000
     453315.000 ns	     45330	80009950	403988b3	sub	x17,x19,x3	 x19:0x00000000  x3:0xfffffa1d x17=0x000005e3
     453355.000 ns	     45334	80009954	09092c53	fsub.s	f24,f18,f16	 f18:0x7fc00000 f16:0x80000000 f24=0x7fc00000
     453375.000 ns	     45336	80009958	407bd913	srai	x18,x23,0x7	 x23:0xfffdfbeb x18=0xfffffbf7
     453395.000 ns	     45338	8000995c	a078a0d3	feq.s	x1,f17,f7	 f17:0x473504e1  f7:0x7f800000  x1=0x00000000
     453425.000 ns	     45341	80009960	d00a8653	fcvt.s.w	f12,x21	 x21:0x00020001 f12=0x48000040
     453445.000 ns	     45343	80009964	00453ab3	sltu	x21,x10,x4	 x10:0x00000000  x4:0x7fbff800 x21=0x00000001
     453475.000 ns	     45346	80009968	58078bd3	fsqrt.s	f23,f15	 f15:0xde9dd947 f23=0x7fc00000
     453505.000 ns	     45349	8000996c	022bd0b3	divu	x1,x23,x2	 x23:0xfffdfbeb  x2:0x00000000  x1=0xffffffff
     453525.000 ns	     45351	80009970	65cb7513	andi	x10,x22,1628	 x22:0x00000001 x10=0x00000000
     453545.000 ns	     45353	80009974	29911e53	fmax.s	f28,f2,f25	  f2:0x47350500 f25:0xc73504e1 f28=0x47350500
     453575.000 ns	     45356	80009978	c00a7dd3	fcvt.w.s	x27,f20	 f20:0x00000000 x27=0x00000000
     453595.000 ns	     45358	8000997c	00000013	addi	x0,x0,0	  x0:0x00000000
     453605.000 ns	     45359	80009980	79c1c1b7	lui	x3,0x79c1c	  x3=0x79c1c000
     453645.000 ns	     45363	80009984	00bff8d3	fadd.s	f17,f31,f11	 f31:0x4f000410 f11:0xc70ea741 f17=0x4f000381
     453665.000 ns	     45365	80009988	0104fd33	and	x26,x9,x16	  x9:0x80041024 x16:0x00020001 x26=0x00000000
     453685.000 ns	     45367	8000998c	c016f053	fcvt.wu.s	x0,f13	 f13:0x00000001
     453705.000 ns	     45369	80009990	01d75813	srli	x16,x14,0x1d	 x14:0x80041064 x16=0x00000004
     453715.000 ns	     45370	80009994	001b2a33	slt	x20,x22,x1	 x22:0x00000001  x1:0xffffffff x20=0x00000000
     453735.000 ns	     45372	80009998	20d120d3	fsgnjx.s	f1,f2,f13	  f2:0x47350500 f13:0x00000001  f1=0x47350500
     453765.000 ns	     45375	8000999c	28d61ad3	fmax.s	f21,f12,f13	 f12:0x48000040 f13:0x00000001 f21=0x48000040
     453815.000 ns	     45380	800099a0	01a07853	fadd.s	f16,f0,f26	  f0:0x473504e1 f26:0xbf800000 f16=0x473503e1
     453835.000 ns	     45382	800099a4	bd374913	xori	x18,x14,-1069	 x14:0x80041064 x18=0x7ffbebb7
     453855.000 ns	     45384	800099a8	033e09b3	mul	x19,x28,x19	 x28:0x00000001 x19:0x00000000 x19=0x00000000
     453875.000 ns	     45386	800099ac	76e1c893	xori	x17,x3,1902	  x3:0x79c1c000 x17=0x79c1c76e
     453885.000 ns	     45387	800099b0	019fce33	xor	x28,x31,x25	 x31:0x00000000 x25:0x00000000 x28=0x00000000
     453905.000 ns	     45389	800099b4	02a89f33	mulh	x30,x17,x10	 x17:0x000005e3 x10:0x00000000 x30=0x00000000
     453935.000 ns	     45392	800099b8	034e1233	mulh	x4,x28,x20	 x28:0x00000001 x20:0x00000000  x4=0x00000000
     453965.000 ns	     45395	800099bc	d0017953	fcvt.s.w	f18,x2	  x2:0x00000000 f18=0x00000000
     453995.000 ns	     45398	800099c0	026815b3	mulh	x11,x16,x6	 x16:0x00000004  x6:0x00000001 x11=0x00000000
     454015.000 ns	     45400	800099c4	0eb60e17	auipc	x28,0xeb60	 x28=0x8eb699c4
     454375.000 ns	     45436	800099c8	02f65d33	divu	x26,x12,x15	 x12:0x00000000 x15:0x00020001 x26=0x00000000
     454745.000 ns	     45473	800099cc	0212f133	remu	x2,x5,x1	  x5:0xbf800000  x1:0xffffffff  x2=0xbf800000
     454765.000 ns	     45475	800099d0	00e412b3	sll	x5,x8,x14	  x8:0x00000000 x14:0x80041064  x5=0x00000000
     454775.000 ns	     45476	800099d4	005f11b3	sll	x3,x30,x5	 x30:0x00000000  x5:0xbf800000  x3=0x00000000
     454785.000 ns	     45477	800099d8	3c4d2a13	slti	x20,x26,964	 x26:0x00000000 x20=0x00000001
     455955.000 ns	     45594	800099dc	5804f5d3	fsqrt.s	f11,f9	  f9:0x4f0004c5 f11=0x46b50b40
     455975.000 ns	     45596	800099e0	00a2a1b3	slt	x3,x5,x10	  x5:0x00000000 x10:0x00000000  x3=0x00000000
     455985.000 ns	     45597	800099e4	00009513	slli	x10,x1,0x0	  x1:0xffffffff x10=0xffffffff
     455995.000 ns	     45598	800099e8	00000013	addi	x0,x0,0	  x0:0x00000000
     456015.000 ns	     45600	800099ec	a11a0953	fle.s	x18,f20,f17	 f20:0x00000000 f17:0x4f000381 x18=0x00000001
     456045.000 ns	     45603	800099f0	a05585d3	fle.s	x11,f11,f5	 f11:0x46b50b40  f5:0x00000000 x11=0x00000000
     456085.000 ns	     45607	800099f4	10a07453	fmul.s	f8,f0,f10	  f0:0x473504e1 f10:0x7fc00000  f8=0x7fc00000
     456105.000 ns	     45609	800099f8	41d481b3	sub	x3,x9,x29	  x9:0x80041024 x29:0x00000000  x3=0x80041024
     456125.000 ns	     45611	800099fc	03ea53b3	divu	x7,x20,x30	 x20:0x00000001 x30:0x00000000  x7=0xffffffff
     456145.000 ns	     45613	80009a00	405fd793	srai	x15,x31,0x5	 x31:0x00000000 x15=0x00000000
     456155.000 ns	     45614	80009a04	409e0833	sub	x16,x28,x9	 x28:0x8eb699c4  x9:0x80041024 x16=0x0eb289a0
     456175.000 ns	     45616	80009a08	02e118b3	mulh	x17,x2,x14	  x2:0xbf800000 x14:0x80041064 x17=0x203ef9de
     456195.000 ns	     45618	80009a0c	c308ee13	ori	x28,x17,-976	 x17:0x79c1c76e x28=0xfffffdfe
     456205.000 ns	     45619	80009a10	c50d8f93	addi	x31,x27,-944	 x27:0x00000000 x31=0xfffffc50
     456215.000 ns	     45620	80009a14	00e85e33	srl	x28,x16,x14	 x16:0x0eb289a0 x14:0x80041064 x28=0x00eb289a
     456235.000 ns	     45622	80009a18	e00b8853	fmv.x.w	x16,f23	 f23:0x7fc00000 x16=0x7fc00000
     456265.000 ns	     45625	80009a1c	a0598fd3	fle.s	x31,f19,f5	 f19:0x4f000410  f5:0x00000000 x31=0x00000000
     456315.000 ns	     45630	80009a20	0018add3	fadd.s	f27,f17,f1	 f17:0x4f000381  f1:0x47350500 f27=0x4f000436
     456335.000 ns	     45632	80009a24	b1c2be13	sltiu	x28,x5,-1252	  x5:0x00000000 x28=0x00000001
     456355.000 ns	     45634	80009a28	200326d3	fsgnjx.s	f13,f6,f0	  f6:0x7fc00000  f0:0x473504e1 f13=0x7fc00000
     456385.000 ns	     45637	80009a2c	20780d53	fsgnj.s	f26,f16,f7	 f16:0x473503e1  f7:0x7f800000 f26=0x473503e1
     456415.000 ns	     45640	80009a30	c0077853	fcvt.w.s	x16,f14	 f14:0x4f000410 x16=0x7fffffff
     456435.000 ns	     45642	80009a34	7da1ff93	andi	x31,x3,2010	  x3:0x80041024 x31=0x00000000
     456445.000 ns	     45643	80009a38	00141eb3	sll	x29,x8,x1	  x8:0x00000000  x1:0xffffffff x29=0x00000000
     456455.000 ns	     45644	80009a3c	00ba6a33	or	x20,x20,x11	 x20:0x00000001 x11:0x00000000 x20=0x00000001
     456465.000 ns	     45645	80009a40	6b427e13	andi	x28,x4,1716	  x4:0x00000000 x28=0x00000000
     456485.000 ns	     45647	80009a44	c0147353	fcvt.wu.s	x6,f8	  f8:0x7fc00000  x6=0xffffffff
     456505.000 ns	     45649	80009a48	0f1aeb93	ori	x23,x21,241	 x21:0x00000001 x23=0x000000f1
     456515.000 ns	     45650	80009a4c	00abbd33	sltu	x26,x23,x10	 x23:0xfffdfbeb x10:0xffffffff x26=0x00000001
     456535.000 ns	     45652	80009a50	d00d7053	fcvt.s.w	f0,x26	 x26:0x00000000  f0=0x3f800000
     456555.000 ns	     45654	80009a54	08084417	auipc	x8,0x8084	  x8=0x8808da54
     456565.000 ns	     45655	80009a58	c5776013	ori	x0,x14,-937	 x14:0x80041064
     456575.000 ns	     45656	80009a5c	00000013	addi	x0,x0,0	  x0:0x00000000
     456585.000 ns	     45657	80009a60	2ede0817	auipc	x16,0x2ede0	 x16=0xaede9a60
     456595.000 ns	     45658	80009a64	00b8db33	srl	x22,x17,x11	 x17:0x203ef9de x11:0x00000000 x22=0x203ef9de
     456625.000 ns	     45661	80009a68	580ef4d3	fsqrt.s	f9,f29	 f29:0xbf800000  f9=0x7fc00000
     456655.000 ns	     45664	80009a6c	29cd01d3	fmin.s	f3,f26,f28	 f26:0x473503e1 f28:0x47350500  f3=0x473503e1
     456685.000 ns	     45667	80009a70	02c25333	divu	x6,x4,x12	  x4:0x00000000 x12:0x00000000  x6=0xffffffff
     456715.000 ns	     45670	80009a74	a00a23d3	feq.s	x7,f20,f0	 f20:0x00000000  f0:0x3f800000  x7=0x00000000
     456745.000 ns	     45673	80009a78	e00d0dd3	fmv.x.w	x27,f26	 f26:0x473503e1 x27=0x473503e1
     456775.000 ns	     45676	80009a7c	d0157b53	fcvt.s.wu	f22,x10	 x10:0xffffffff f22=0x4f7fffff
     456805.000 ns	     45679	80009a80	02cf2a33	mulhsu	x20,x30,x12	 x30:0x00000000 x12:0x00000000 x20=0x00000000
     456835.000 ns	     45682	80009a84	a1b3ae53	feq.s	x28,f7,f27	  f7:0x7f800000 f27:0x4f000436 x28=0x00000000
     456855.000 ns	     45684	80009a88	b99a7513	andi	x10,x20,-1127	 x20:0x00000000 x10=0x00000000
     456875.000 ns	     45686	80009a8c	c00a7ed3	fcvt.w.s	x29,f20	 f20:0x00000000 x29=0x00000000
     456905.000 ns	     45689	80009a90	d00519d3	fcvt.s.w	f19,x10	 x10:0xffffffff f19=0x00000000
     456935.000 ns	     45692	80009a94	a0ec1153	flt.s	x2,f24,f14	 f24:0x7fc00000 f14:0x4f000410  x2=0x00000000
     456955.000 ns	     45694	80009a98	0109e633	or	x12,x19,x16	 x19:0x00000000 x16:0xaede9a60 x12=0xaede9a60
     456965.000 ns	     45695	80009a9c	00a348b3	xor	x17,x6,x10	  x6:0xffffffff x10:0x00000000 x17=0xffffffff
     456975.000 ns	     45696	80009aa0	01be1f93	slli	x31,x28,0x1b	 x28:0x00000000 x31=0x00000000
     456985.000 ns	     45697	80009aa4	00000013	addi	x0,x0,0	  x0:0x00000000
     457005.000 ns	     45699	80009aa8	02f120b3	mulhsu	x1,x2,x15	  x2:0x00000000 x15:0x00000000  x1=0x00000000
     457025.000 ns	     45701	80009aac	5565fb93	andi	x23,x11,1366	 x11:0x00000000 x23=0x00000000
     457035.000 ns	     45702	80009ab0	004d1913	slli	x18,x26,0x4	 x26:0x00000001 x18=0x00000010
     457045.000 ns	     45703	80009ab4	40ea8633	sub	x12,x21,x14	 x21:0x00000001 x14:0x80041064 x12=0x7ffbef9d
     457055.000 ns	     45704	80009ab8	01390633	add	x12,x18,x19	 x18:0x00000001 x19:0x00000000 x12=0x00000010
     457065.000 ns	     45705	80009abc	8cc47897	auipc	x17,0x8cc47	 x17=0x0cc50abc
     457075.000 ns	     45706	80009ac0	00000013	addi	x0,x0,0	  x0:0x00000000
     457095.000 ns	     45708	80009ac4	02eb3433	mulhu	x8,x22,x14	 x22:0x203ef9de x14:0x80041064  x8=0x101ffffb
     457125.000 ns	     45711	80009ac8	f00b86d3	fmv.w.x	f13,x23	 x23:0x00000000 f13=0x00000000
     457145.000 ns	     45713	80009acc	00280233	add	x4,x16,x2	 x16:0xaede9a60  x2:0x00000000  x4=0xaede9a60
     457165.000 ns	     45715	80009ad0	020faf33	mulhsu	x30,x31,x0	 x31:0x00000000  x0:0x00000000 x30=0x00000000
     457195.000 ns	     45718	80009ad4	c00f06d3	fcvt.w.s	x13,f30	 f30:0x80000000 x13=0x00000000
     457215.000 ns	     45720	80009ad8	40628e33	sub	x28,x5,x6	  x5:0x00000000  x6:0xffffffff x28=0x00000001
     457235.000 ns	     45722	80009adc	20ec1753	fsgnjn.s	f14,f24,f14	 f24:0x7fc00000 f14:0x4f000410 f14=0xffc00000
     457265.000 ns	     45725	80009ae0	02871333	mulh	x6,x14,x8	 x14:0x80041064  x8:0x101ffffb  x6=0xf7f0418a
     457285.000 ns	     45727	80009ae4	000a9913	slli	x18,x21,0x0	 x21:0x00000001 x18=0x00000001
     457645.000 ns	     45763	80009ae8	038c7ab3	remu	x21,x24,x24	 x24:0x80040fe4 x24:0x80040fe4 x21=0x00000000
     457665.000 ns	     45765	80009aec	4b80a813	slti	x16,x1,1208	  x1:0x00000000 x16=0x00000001
     457675.000 ns	     45766	80009af0	2d1fc337	lui	x6,0x2d1fc	  x6=0x2d1fc000
     457705.000 ns	     45769	80009af4	18d14a53	fdiv.s	f20,f2,f13	  f2:0x47350500 f13:0x00000000 f20=0x7f800000
     457735.000 ns	     45772	80009af8	e0060253	fmv.x.w	x4,f12	 f12:0x48000040  x4=0x48000040
     457765.000 ns	     45775	80009afc	02a38e33	mul	x28,x7,x10	  x7:0x00000000 x10:0x00000000 x28=0x00000000
     457785.000 ns	     45777	80009b00	408953b3	sra	x7,x18,x8	 x18:0x00000001  x8:0x101ffffb  x7=0x00000000
     457805.000 ns	     45779	80009b04	03f22eb3	mulhsu	x29,x4,x31	  x4:0x48000040 x31:0x00000000 x29=0x00000000
     457825.000 ns	     45781	80009b08	00de9813	slli	x16,x29,0xd	 x29:0x00000000 x16=0x00000000
     457835.000 ns	     45782	80009b0c	00099533	sll	x10,x19,x0	 x19:0x00000000  x0:0x00000000 x10=0x00000000
     457855.000 ns	     45784	80009b10	29d29dd3	fmax.s	f27,f5,f29	  f5:0x00000000 f29:0xbf800000 f27=0x00000000
     457885.000 ns	     45787	80009b14	a0db8553	fle.s	x10,f23,f13	 f23:0x7fc00000 f13:0x00000000 x10=0x00000000
     457905.000 ns	     45789	80009b18	c3336193	ori	x3,x6,-973	  x6:0x2d1fc000  x3=0xfffffc33
     457925.000 ns	     45791	80009b1c	f0060053	fmv.w.x	f0,x12	 x12:0x00000010  f0=0x00000010
     457965.000 ns	     45795	80009b20	1812f3d3	fdiv.s	f7,f5,f1	  f5:0x00000000  f1:0x47350500  f7=0x00000000
     457985.000 ns	     45797	80009b24	00cebd33	sltu	x26,x29,x12	 x29:0x00000000 x12:0x00000010 x26=0x00000001
     457995.000 ns	     45798	80009b28	40f3d933	sra	x18,x7,x15	  x7:0x00000000 x15:0x00000000 x18=0x00000000
     458005.000 ns	     45799	80009b2c	406a5eb3	sra	x29,x20,x6	 x20:0x00000000  x6:0x2d1fc000 x29=0x00000000
     458025.000 ns	     45801	80009b30	e00500d3	fmv.x.w	x1,f10	 f10:0x7fc00000  x1=0x7fc00000
     458045.000 ns	     45803	80009b34	93334093	xori	x1,x6,-1741	  x6:0x2d1fc000  x1=0xd2e03933
     458065.000 ns	     45805	80009b38	218c8fd3	fsgnj.s	f31,f25,f24	 f25:0xc73504e1 f24:0x7fc00000 f31=0x473504e1
     458085.000 ns	     45807	80009b3c	41b18e33	sub	x28,x3,x27	  x3:0xfffffc33 x27:0x473503e1 x28=0xb8caf852
     458095.000 ns	     45808	80009b40	01646033	or	x0,x8,x22	  x8:0x101ffffb x22:0x203ef9de
     458105.000 ns	     45809	80009b44	2c6a4593	xori	x11,x20,710	 x20:0x00000000 x11=0x000002c6
     458115.000 ns	     45810	80009b48	0074f5b3	and	x11,x9,x7	  x9:0x80041024  x7:0x00000000 x11=0x00000000
     458155.000 ns	     45814	80009b4c	0198f753	fadd.s	f14,f17,f25	 f17:0x4f000381 f25:0xc73504e1 f14=0x4f0002cb
     458205.000 ns	     45819	80009b50	0150f653	fadd.s	f12,f1,f21	  f1:0x47350500 f21:0x48000040 f12=0x482d4180
     458545.000 ns	     45853	80009b54	1911f153	fdiv.s	f2,f3,f17	  f3:0x473503e1 f17:0x4f000381  f2=0x373503e2
     458575.000 ns	     45856	80009b58	0309d1b3	divu	x3,x19,x16	 x19:0x00000000 x16:0x00000000  x3=0xffffffff
     458605.000 ns	     45859	80009b5c	039077b3	remu	x15,x0,x25	  x0:0x00000000 x25:0x00000000 x15=0x00000000
     458625.000 ns	     45861	80009b60	00543d33	sltu	x26,x8,x5	  x8:0x101ffffb  x5:0x00000000 x26=0x00000000
     458645.000 ns	     45863	80009b64	a0288a53	fle.s	x20,f17,f2	 f17:0x4f000381  f2:0x373503e2 x20=0x00000000
     458675.000 ns	     45866	80009b68	a1ae02d3	fle.s	x5,f28,f26	 f28:0x47350500 f26:0x473503e1  x5=0x00000000
     458695.000 ns	     45868	80009b6c	b5416f13	ori	x30,x2,-1196	  x2:0x00000000 x30=0xfffffb54
     458705.000 ns	     45869	80009b70	00000013	addi	x0,x0,0	  x0:0x00000000
     458715.000 ns	     45870	80009b74	68524293	xori	x5,x4,1669	  x4:0x48000040  x5=0x480006c5
     459075.000 ns	     45906	80009b78	021ef6b3	remu	x13,x29,x1	 x29:0x00000000  x1:0xd2e03933 x13=0x00000000
     459105.000 ns	     45909	80009b7c	d00ecd53	fcvt.s.w	f26,x29	 x29:0x00000000 f26=0x00000000
     459125.000 ns	     45911	80009b80	26429197	auipc	x3,0x26429	  x3=0xa6432b80
     459135.000 ns	     45912	80009b84	3c85e0b7	lui	x1,0x3c85e	  x1=0x3c85e000
     459145.000 ns	     45913	80009b88	ac5d7f17	auipc	x30,0xac5d7	 x30=0x2c5e0b88
     459505.000 ns	     45949	80009b8c	02135133	divu	x2,x6,x1	  x6:0x2d1fc000  x1:0xd2e03933  x2=0x00000000
     459525.000 ns	     45951	80009b90	019e61b3	or	x3,x28,x25	 x28:0xb8caf852 x25:0x00000000  x3=0xb8caf852
     459535.000 ns	     45952	80009b94	013dcf33	xor	x30,x27,x19	 x27:0x473503e1 x19:0x00000000 x30=0x473503e1
     459545.000 ns	     45953	80009b98	05b50513	addi	x10,x10,91	 x10:0x00000000 x10=0x0000005b
     459565.000 ns	     45955	80009b9c	0226a733	mulhsu	x14,x13,x2	 x13:0x00000000  x2:0x00000000 x14=0x00000000
     459615.000 ns	     45960	80009ba0	01d8fb53	fadd.s	f22,f17,f29	 f17:0x4f000381 f29:0xbf800000 f22=0x4f000380
     459985.000 ns	     45997	80009ba4	023759b3	divu	x19,x14,x3	 x14:0x00000000  x3:0xb8caf852 x19=0x00000000
     460355.000 ns	     46034	80009ba8	03196733	rem	x14,x18,x17	 x18:0x00000000 x17:0x0cc50abc x14=0x00000000
     460375.000 ns	     46036	80009bac	003fc633	xor	x12,x31,x3	 x31:0x00000000  x3:0xb8caf852 x12=0xb8caf852
     460395.000 ns	     46038	80009bb0	0254a033	mulhsu	x0,x9,x5	  x9:0x80041024  x5:0x480006c5
     460415.000 ns	     46040	80009bb4	01b2c933	xor	x18,x5,x27	  x5:0x480006c5 x27:0x473503e1 x18=0x0f350524
     460425.000 ns	     46041	80009bb8	00d59f93	slli	x31,x11,0xd	 x11:0x00000000 x31=0x00000000
     460435.000 ns	     46042	80009bbc	003a5793	srli	x15,x20,0x3	 x20:0x00000000 x15=0x00000000
     460445.000 ns	     46043	80009bc0	015d5e13	srli	x28,x26,0x15	 x26:0x00000000 x28=0x00000000
     460475.000 ns	     46046	80009bc4	18a172d3	fdiv.s	f5,f2,f10	  f2:0x373503e2 f10:0x7fc00000  f5=0x7fc00000
     460505.000 ns	     46049	80009bc8	f0060cd3	fmv.w.x	f25,x12	 x12:0xb8caf852 f25=0xb8caf852
     460535.000 ns	     46052	80009bcc	28979653	fmax.s	f12,f15,f9	 f15:0xde9dd947  f9:0x7fc00000 f12=0xde9dd947
     460555.000 ns	     46054	80009bd0	90b40993	addi	x19,x8,-1781	  x8:0x101ffffb x19=0x101ff906
     460575.000 ns	     46056	80009bd4	29ba04d3	fmin.s	f9,f20,f27	 f20:0x7f800000 f27:0x00000000  f9=0x00000000
     460595.000 ns	     46058	80009bd8	f3237b13	andi	x22,x6,-206	  x6:0x2d1fc000 x22=0x2d1fc000
     460605.000 ns	     46059	80009bdc	00000013	addi	x0,x0,0	  x0:0x00000000
     460615.000 ns	     46060	80009be0	00e4ef33	or	x30,x9,x14	  x9:0x80041024 x14:0x00000000 x30=0x80041024
     460635.000 ns	     46062	80009be4	a1e20dd3	fle.s	x27,f4,f30	  f4:0x470ea741 f30:0x80000000 x27=0x00000000
     460655.000 ns	     46064	80009be8	61bc7b13	andi	x22,x24,1563	 x24:0x80040fe4 x22=0x00000600
     460665.000 ns	     46065	80009bec	00641fb3	sll	x31,x8,x6	  x8:0x101ffffb  x6:0x2d1fc000 x31=0x101ffffb
     460685.000 ns	     46067	80009bf0	d007c9d3	fcvt.s.w	f19,x15	 x15:0x00000000 f19=0x00000000
     460705.000 ns	     46069	80009bf4	013af0b3	and	x1,x21,x19	 x21:0x00000000 x19:0x101ff906  x1=0x00000000
     460715.000 ns	     46070	80009bf8	5e9f8713	addi	x14,x31,1513	 x31:0x101ffffb x14=0x102005e4
     460725.000 ns	     46071	80009bfc	4095d993	srai	x19,x11,0x9	 x11:0x00000000 x19=0x00000000
     460735.000 ns	     46072	80009c00	4065ba13	sltiu	x20,x11,1030	 x11:0x00000000 x20=0x00000001
     460755.000 ns	     46074	80009c04	a017a5d3	feq.s	x11,f15,f1	 f15:0xde9dd947  f1:0x47350500 x11=0x00000000
     460785.000 ns	     46077	80009c08	03270e33	mul	x28,x14,x18	 x14:0x102005e4 x18:0x0f350524 x28=0x78d24810
     460815.000 ns	     46080	80009c0c	28de0ad3	fmin.s	f21,f28,f13	 f28:0x47350500 f13:0x00000000 f21=0x00000000
     460845.000 ns	     46083	80009c10	e00f1753	fclass.s	x14,f30	 f30:0x80000000 x14=0x00000008
     460865.000 ns	     46085	80009c14	0014afb3	slt	x31,x9,x1	  x9:0x80041024  x1:0x00000000 x31=0x00000001
     460875.000 ns	     46086	80009c18	01662133	slt	x2,x12,x22	 x12:0xb8caf852 x22:0x00000600  x2=0x00000001
     461235.000 ns	     46122	80009c1c	02c36633	rem	x12,x6,x12	  x6:0x2d1fc000 x12:0xb8caf852 x12=0x2d1fc000
     461255.000 ns	     46124	80009c20	39ecb693	sltiu	x13,x25,926	 x25:0x00000000 x13=0x00000001
     461265.000 ns	     46125	80009c24	fad83293	sltiu	x5,x16,-83	 x16:0x00000000  x5=0x00000001
     461275.000 ns	     46126	80009c28	10626e13	ori	x28,x4,262	  x4:0x48000040 x28=0x48000146
     461285.000 ns	     46127	80009c2c	eadd2213	slti	x4,x26,-339	 x26:0x00000000  x4=0x00000000
     461295.000 ns	     46128	80009c30	40a505b3	sub	x11,x10,x10	 x10:0x0000005b x10:0x0000005b x11=0x00000000
     461305.000 ns	     46129	80009c34	41b68033	sub	x0,x13,x27	 x13:0x00000001 x27:0x00000000
     461325.000 ns	     46131	80009c38	212b28d3	fsgnjx.s	f17,f22,f18	 f22:0x4f000380 f18:0x00000000 f17=0x4f000380
     461345.000 ns	     46133	80009c3c	0078df33	srl	x30,x17,x7	 x17:0x0cc50abc  x7:0x00000000 x30=0x0cc50abc
     461365.000 ns	     46135	80009c40	c008fb53	fcvt.w.s	x22,f17	 f17:0x4f000380 x22=0x7fffffff
     461395.000 ns	     46138	80009c44	211095d3	fsgnjn.s	f11,f1,f17	  f1:0x47350500 f17:0x4f000380 f11=0xc7350500
     461425.000 ns	     46141	80009c48	020ff0b3	remu	x1,x31,x0	 x31:0x00000001  x0:0x00000000  x1=0x00000001
     461455.000 ns	     46144	80009c4c	02bdbb33	mulhu	x22,x27,x11	 x27:0x00000000 x11:0x00000000 x22=0x00000000
     461485.000 ns	     46147	80009c50	200c0b53	fsgnj.s	f22,f24,f0	 f24:0x7fc00000  f0:0x00000010 f22=0x7fc00000
     461535.000 ns	     46152	80009c54	086da953	fsub.s	f18,f27,f6	 f27:0x00000000  f6:0x7fc00000 f18=0x7fc00000
     461585.000 ns	     46157	80009c58	088e7b53	fsub.s	f22,f28,f8	 f28:0x47350500  f8:0x7fc00000 f22=0x7fc00000
     461615.000 ns	     46160	80009c5c	d01974d3	fcvt.s.wu	f9,x18	 x18:0x0f350524  f9=0x4d735052
     461645.000 ns	     46163	80009c60	03d9b833	mulhu	x16,x19,x29	 x19:0x00000000 x29:0x00000000 x16=0x00000000
     462015.000 ns	     46200	80009c64	02804633	div	x12,x0,x8	  x0:0x00000000  x8:0x101ffffb x12=0x00000000
     462035.000 ns	     46202	80009c68	67840293	addi	x5,x8,1656	  x8:0x101ffffb  x5=0x10200673
     462055.000 ns	     46204	80009c6c	a0121653	flt.s	x12,f4,f1	  f4:0x470ea741  f1:0x47350500 x12=0x00000001
     462085.000 ns	     46207	80009c70	c01997d3	fcvt.wu.s	x15,f19	 f19:0x00000000 x15=0x00000000
     462105.000 ns	     46209	80009c74	7d36a437	lui	x8,0x7d36a	  x8=0x7d36a000
     462115.000 ns	     46210	80009c78	00b4fd33	and	x26,x9,x11	  x9:0x80041024 x11:0x00000000 x26=0x00000000
     462135.000 ns	     46212	80009c7c	a06c9753	flt.s	x14,f25,f6	 f25:0xb8caf852  f6:0x7fc00000 x14=0x00000000
     462155.000 ns	     46214	80009c80	3d22d317	auipc	x6,0x3d22d	  x6=0xbd236c80
     462175.000 ns	     46216	80009c84	214b2ad3	fsgnjx.s	f21,f22,f20	 f22:0x7fc00000 f20:0x7f800000 f21=0x7fc00000
     462205.000 ns	     46219	80009c88	294a1253	fmax.s	f4,f20,f20	 f20:0x7f800000 f20:0x7f800000  f4=0x7f800000
     462235.000 ns	     46222	80009c8c	21952ad3	fsgnjx.s	f21,f10,f25	 f10:0x7fc00000 f25:0xb8caf852 f21=0xffc00000
     462255.000 ns	     46224	80009c90	00fee6b3	or	x13,x29,x15	 x29:0x00000000 x15:0x00000000 x13=0x00000000
     462275.000 ns	     46226	80009c94	e0048053	fmv.x.w	x0,f9	  f9:0x4d735052
     462295.000 ns	     46228	80009c98	01934033	xor	x0,x6,x25	  x6:0xbd236c80 x25:0x00000000
     462655.000 ns	     46264	80009c9c	03ebc433	div	x8,x23,x30	 x23:0x00000000 x30:0x0cc50abc  x8=0x00000000
     462675.000 ns	     46266	80009ca0	a393d437	lui	x8,0xa393d	  x8=0xa393d000
     462685.000 ns	     46267	80009ca4	014dcb33	xor	x22,x27,x20	 x27:0x00000000 x20:0x00000001 x22=0x00000001
     462695.000 ns	     46268	80009ca8	00000013	addi	x0,x0,0	  x0:0x00000000
     462715.000 ns	     46270	80009cac	20b40f53	fsgnj.s	f30,f8,f11	  f8:0x7fc00000 f11:0xc7350500 f30=0xffc00000
     462745.000 ns	     46273	80009cb0	f00a8553	fmv.w.x	f10,x21	 x21:0x00000000 f10=0x00000000
     462775.000 ns	     46276	80009cb4	03a280b3	mul	x1,x5,x26	  x5:0x10200673 x26:0x00000000  x1=0x00000000
     463145.000 ns	     46313	80009cb8	03ffeab3	rem	x21,x31,x31	 x31:0x00000001 x31:0x00000001 x21=0x00000000
     463165.000 ns	     46315	80009cbc	0c7fb193	sltiu	x3,x31,199	 x31:0x00000001  x3=0x00000001
     463175.000 ns	     46316	80009cc0	004eba33	sltu	x20,x29,x4	 x29:0x00000000  x4:0x00000000 x20=0x00000000
     463185.000 ns	     46317	80009cc4	00000013	addi	x0,x0,0	  x0:0x00000000
     463215.000 ns	     46320	80009cc8	102e4ad3	fmul.s	f21,f28,f2	 f28:0x47350500  f2:0x373503e2 f21=0x3efffe90
     463245.000 ns	     46323	80009ccc	02f9d033	divu	x0,x19,x15	 x19:0x00000000 x15:0x00000000
     463275.000 ns	     46326	80009cd0	020cda33	divu	x20,x25,x0	 x25:0x00000000  x0:0x00000000 x20=0xffffffff
     463305.000 ns	     46329	80009cd4	20c10653	fsgnj.s	f12,f2,f12	  f2:0x373503e2 f12:0xde9dd947 f12=0xb73503e2
     463675.000 ns	     46366	80009cd8	026ddbb3	divu	x23,x27,x6	 x27:0x00000000  x6:0xbd236c80 x23=0x00000000
     463695.000 ns	     46368	80009cdc	01aa8d33	add	x26,x21,x26	 x21:0x00000000 x26:0x00000000 x26=0x00000000
     464025.000 ns	     46401	80009ce0	19da9fd3	fdiv.s	f31,f21,f29	 f21:0x3efffe90 f29:0xbf800000 f31=0xbe845e20
     464055.000 ns	     46404	80009ce4	027ec5b3	div	x11,x29,x7	 x29:0x00000000  x7:0x00000000 x11=0xffffffff
     464075.000 ns	     46406	80009ce8	00c50033	add	x0,x10,x12	 x10:0x0000005b x12:0x00000001
     464095.000 ns	     46408	80009cec	d00bb453	fcvt.s.w	f8,x23	 x23:0x00000000  f8=0x00000000
     464115.000 ns	     46410	80009cf0	01eb05b3	add	x11,x22,x30	 x22:0x00000001 x30:0x0cc50abc x11=0x0cc50abd
     464155.000 ns	     46414	80009cf4	008e7353	fadd.s	f6,f28,f8	 f28:0x47350500  f8:0x00000000  f6=0x47350500
     464175.000 ns	     46416	80009cf8	41955eb3	sra	x29,x10,x25	 x10:0x0000005b x25:0x00000000 x29=0x0000005b
     464195.000 ns	     46418	80009cfc	d01ef9d3	fcvt.s.wu	f19,x29	 x29:0x00000000 f19=0x42b60000
     464565.000 ns	     46455	80009d00	03e9f033	remu	x0,x19,x30	 x19:0x00000000 x30:0x0cc50abc
     464615.000 ns	     46460	80009d04	08fdf553	fsub.s	f10,f27,f15	 f27:0x00000000 f15:0xde9dd947 f10=0x5e9dd947
     464645.000 ns	     46463	80009d08	a123a453	feq.s	x8,f7,f18	  f7:0x00000000 f18:0x7fc00000  x8=0x00000000
     464675.000 ns	     46466	80009d0c	f00300d3	fmv.w.x	f1,x6	  x6:0xbd236c80  f1=0xbd236c80
     464725.000 ns	     46471	80009d10	017cfc53	fadd.s	f24,f25,f23	 f25:0xb8caf852 f23:0x7fc00000 f24=0x7fc00000
     464755.000 ns	     46474	80009d14	c01345d3	fcvt.wu.s	x11,f6	  f6:0x47350500 x11=0x0000b505
     464785.000 ns	     46477	80009d18	026ca233	mulhsu	x4,x25,x6	 x25:0x00000000  x6:0xbd236c80  x4=0x00000000
     465155.000 ns	     46514	80009d1c	025cf3b3	remu	x7,x25,x5	 x25:0x00000000  x5:0x10200673  x7=0x00000000
     465185.000 ns	     46517	80009d20	03b0db33	divu	x22,x1,x27	  x1:0x00000000 x27:0x00000000 x22=0xffffffff
     465555.000 ns	     46554	80009d24	026bff33	remu	x30,x23,x6	 x23:0x00000000  x6:0xbd236c80 x30=0x00000000
     465575.000 ns	     46556	80009d28	001ab233	sltu	x4,x21,x1	 x21:0x00000000  x1:0x00000000  x4=0x00000000
     465595.000 ns	     46558	80009d2c	28f116d3	fmax.s	f13,f2,f15	  f2:0x373503e2 f15:0xde9dd947 f13=0x373503e2
     465615.000 ns	     46560	80009d30	00941f33	sll	x30,x8,x9	  x8:0x00000000  x9:0x80041024 x30=0x00000000
     465625.000 ns	     46561	80009d34	d079cf13	xori	x30,x19,-761	 x19:0x00000000 x30=0xfffffd07
     465635.000 ns	     46562	80009d38	01a493b3	sll	x7,x9,x26	  x9:0x80041024 x26:0x00000000  x7=0x80041024
     465995.000 ns	     46598	80009d3c	02b3c0b3	div	x1,x7,x11	  x7:0x00000000 x11:0x0000b505  x1=0xffff4b01
     466025.000 ns	     46601	80009d40	e00310d3	fclass.s	x1,f6	  f6:0x47350500  x1=0x00000040
     466055.000 ns	     46604	80009d44	02d70bb3	mul	x23,x14,x13	 x14:0x00000000 x13:0x00000000 x23=0x00000000
     466085.000 ns	     46607	80009d48	025f9033	mulh	x0,x31,x5	 x31:0x00000001  x5:0x10200673
     466125.000 ns	     46611	80009d4c	5803f853	fsqrt.s	f16,f7	  f7:0x00000000 f16=0x00000000
     466155.000 ns	     46614	80009d50	03b4c5b3	div	x11,x9,x27	  x9:0x80041024 x27:0x00000000 x11=0xffffffff
     466185.000 ns	     46617	80009d54	20919853	fsgnjn.s	f16,f3,f9	  f3:0x473503e1  f9:0x4d735052 f16=0xc73503e1
     466215.000 ns	     46620	80009d58	20e88d53	fsgnj.s	f26,f17,f14	 f17:0x4f000380 f14:0x4f0002cb f26=0x4f000380
     466245.000 ns	     46623	80009d5c	20750dd3	fsgnj.s	f27,f10,f7	 f10:0x5e9dd947  f7:0x00000000 f27=0x5e9dd947
     466285.000 ns	     46627	80009d60	112c72d3	fmul.s	f5,f24,f18	 f24:0x7fc00000 f18:0x7fc00000  f5=0x7fc00000
     466305.000 ns	     46629	80009d64	018ed513	srli	x10,x29,0x18	 x29:0x0000005b x10=0x00000000
     466325.000 ns	     46631	80009d68	a05f0ad3	fle.s	x21,f30,f5	 f30:0xffc00000  f5:0x7fc00000 x21=0x00000000
     466355.000 ns	     46634	80009d6c	a0272ed3	feq.s	x29,f14,f2	 f14:0x4f0002cb  f2:0x373503e2 x29=0x00000000
     466385.000 ns	     46637	80009d70	284e8cd3	fmin.s	f25,f29,f4	 f29:0xbf800000  f4:0x7f800000 f25=0xbf800000
     466405.000 ns	     46639	80009d74	96660a13	addi	x20,x12,-1690	 x12:0x00000001 x20=0xfffff967
     466425.000 ns	     46641	80009d78	a05fab53	feq.s	x22,f31,f5	 f31:0xbe845e20  f5:0x7fc00000 x22=0x00000000
     466445.000 ns	     46643	80009d7c	d0f9be93	sltiu	x29,x19,-753	 x19:0x00000000 x29=0x00000001
     466465.000 ns	     46645	80009d80	a1141dd3	flt.s	x27,f8,f17	  f8:0x00000000 f17:0x4f000380 x27=0x00000001
     466495.000 ns	     46648	80009d84	03143833	mulhu	x16,x8,x17	  x8:0x00000000 x17:0x0cc50abc x16=0x00000000
     466535.000 ns	     46652	80009d88	11bacc53	fmul.s	f24,f21,f27	 f21:0x3efffe90 f27:0x5e9dd947 f24=0x5e1dd864
     466555.000 ns	     46654	80009d8c	01fd5513	srli	x10,x26,0x1f	 x26:0x00000000 x10=0x00000000
     466575.000 ns	     46656	80009d90	d01afe53	fcvt.s.wu	f28,x21	 x21:0x00000000 f28=0x00000000
     466605.000 ns	     46659	80009d94	02651233	mulh	x4,x10,x6	 x10:0x00000000  x6:0xbd236c80  x4=0x00000000
     466625.000 ns	     46661	80009d98	00b86db3	or	x27,x16,x11	 x16:0x00000000 x11:0xffffffff x27=0xffffffff
     466645.000 ns	     46663	80009d9c	28321a53	fmax.s	f20,f4,f3	  f4:0x7f800000  f3:0x473503e1 f20=0x7f800000
     466675.000 ns	     46666	80009da0	21d10953	fsgnj.s	f18,f2,f29	  f2:0x373503e2 f29:0xbf800000 f18=0xb73503e2
     466695.000 ns	     46668	80009da4	01f6ca33	xor	x20,x13,x31	 x13:0x00000000 x31:0x00000001 x20=0x00000001
     466705.000 ns	     46669	80009da8	0193c1b3	xor	x3,x7,x25	  x7:0x80041024 x25:0x00000000  x3=0x80041024
     466745.000 ns	     46673	80009dac	0011b6d3	fadd.s	f13,f3,f1	  f3:0x473503e1  f1:0xbd236c80 f13=0x473503d7
     466765.000 ns	     46675	80009db0	012b63b3	or	x7,x22,x18	 x22:0x00000000 x18:0x0f350524  x7=0x0f350524
     466775.000 ns	     46676	80009db4	01fd7633	and	x12,x26,x31	 x26:0x00000000 x31:0x00000001 x12=0x00000000
     466795.000 ns	     46678	80009db8	210b1053	fsgnjn.s	f0,f22,f16	 f22:0x7fc00000 f16:0xc73503e1  f0=0x7fc00000
     467165.000 ns	     46715	80009dbc	021ed7b3	divu	x15,x29,x1	 x29:0x00000001  x1:0x00000040 x15=0x00000000
     467185.000 ns	     46717	80009dc0	01ad9bb3	sll	x23,x27,x26	 x27:0xffffffff x26:0x00000000 x23=0xffffffff
     467225.000 ns	     46721	80009dc4	006470d3	fadd.s	f1,f8,f6	  f8:0x00000000  f6:0x47350500  f1=0x47350500
     467255.000 ns	     46724	80009dc8	02f617b3	mulh	x15,x12,x15	 x12:0x00000000 x15:0x00000000 x15=0x00000000
     467275.000 ns	     46726	80009dcc	419dd393	srai	x7,x27,0x19	 x27:0xffffffff  x7=0xffffffff
     467295.000 ns	     46728	80009dd0	02a7b833	mulhu	x16,x15,x10	 x15:0x00000000 x10:0x00000000 x16=0x00000000
     467325.000 ns	     46731	80009dd4	29d10953	fmin.s	f18,f2,f29	  f2:0x373503e2 f29:0xbf800000 f18=0xbf800000
     467355.000 ns	     46734	80009dd8	e00693d3	fclass.s	x7,f13	 f13:0x473503d7  x7=0x00000040
     467375.000 ns	     46736	80009ddc	52a97837	lui	x16,0x52a97	 x16=0x52a97000
     467385.000 ns	     46737	80009de0	00871b93	slli	x23,x14,0x8	 x14:0x00000000 x23=0x00000000
     467395.000 ns	     46738	80009de4	40695ab3	sra	x21,x18,x6	 x18:0x0f350524  x6:0xbd236c80 x21=0x0f350524
     467405.000 ns	     46739	80009de8	009dc633	xor	x12,x27,x9	 x27:0xffffffff  x9:0x80041024 x12=0x7ffbefdb
     467425.000 ns	     46741	80009dec	c016fbd3	fcvt.wu.s	x23,f13	 f13:0x473503d7 x23=0x0000b503
     467455.000 ns	     46744	80009df0	206f01d3	fsgnj.s	f3,f30,f6	 f30:0xffc00000  f6:0x47350500  f3=0x7fc00000
     467485.000 ns	     46747	80009df4	a03922d3	feq.s	x5,f18,f3	 f18:0xbf800000  f3:0x473503e1  x5=0x00000000
     467505.000 ns	     46749	80009df8	4025d833	sra	x16,x11,x2	 x11:0xffffffff  x2:0x00000001 x16=0xffffffff
     467515.000 ns	     46750	80009dfc	745d8313	addi	x6,x27,1861	 x27:0xffffffff  x6=0x00000744
     467535.000 ns	     46752	80009e00	020f52b3	divu	x5,x30,x0	 x30:0xfffffd07  x0:0x00000000  x5=0xffffffff
     467565.000 ns	     46755	80009e04	a07c89d3	fle.s	x19,f25,f7	 f25:0xbf800000  f7:0x00000000 x19=0x00000001
     467605.000 ns	     46759	80009e08	187bf7d3	fdiv.s	f15,f23,f7	 f23:0x7fc00000  f7:0x00000000 f15=0x7fc00000
     467635.000 ns	     46762	80009e0c	29050253	fmin.s	f4,f10,f16	 f10:0x5e9dd947 f16:0xc73503e1  f4=0xc73503e1
     468815.000 ns	     46880	80009e10	580df0d3	fsqrt.s	f1,f27	 f27:0x5e9dd947  f1=0x4f0e246d
     468845.000 ns	     46883	80009e14	c016ffd3	fcvt.wu.s	x31,f13	 f13:0x473503d7 x31=0x0000b503
     468865.000 ns	     46885	80009e18	0aabee13	ori	x28,x23,170	 x23:0x0000b503 x28=0x0000b5ab
     468885.000 ns	     46887	80009e1c	f0020853	fmv.w.x	f16,x4	  x4:0x00000000 f16=0x00000000
     468905.000 ns	     46889	80009e20	0defdd37	lui	x26,0xdefd	 x26=0x0defd000
     468915.000 ns	     46890	80009e24	1bd11bb7	lui	x23,0x1bd11	 x23=0x1bd11000
     468935.000 ns	     46892	80009e28	28df00d3	fmin.s	f1,f30,f13	 f30:0xffc00000 f13:0x473503d7  f1=0x473503d7
     468955.000 ns	     46894	80009e2c	00000013	addi	x0,x0,0	  x0:0x00000000
     468965.000 ns	     46895	80009e30	2da90613	addi	x12,x18,730	 x18:0x0f350524 x12=0x0f3507fe
     468975.000 ns	     46896	80009e34	00639793	slli	x15,x7,0x6	  x7:0x00000040 x15=0x00001000
     468995.000 ns	     46898	80009e38	f0010d53	fmv.w.x	f26,x2	  x2:0x00000001 f26=0x00000001
     469015.000 ns	     46900	80009e3c	00000013	addi	x0,x0,0	  x0:0x00000000
     469025.000 ns	     46901	80009e40	e53c0717	auipc	x14,0xe53c0	 x14=0x653c9e40
     469045.000 ns	     46903	80009e44	a10d1e53	flt.s	x28,f26,f16	 f26:0x00000001 f16:0x00000000 x28=0x00000000
     469415.000 ns	     46940	80009e48	021f6a33	rem	x20,x30,x1	 x30:0xfffffd07  x1:0x00000040 x20=0xffffffc7
     469755.000 ns	     46974	80009e4c	199df2d3	fdiv.s	f5,f27,f25	 f27:0x5e9dd947 f25:0xbf800000  f5=0xde233d0e
     470125.000 ns	     47011	80009e50	038c40b3	div	x1,x24,x24	 x24:0x80040fe4 x24:0x80040fe4  x1=0x00000001
     470145.000 ns	     47013	80009e54	20732113	slti	x2,x6,519	  x6:0x00000744  x2=0x00000000
     470155.000 ns	     47014	80009e58	1104c913	xori	x18,x9,272	  x9:0x80041024 x18=0x80041134
     470175.000 ns	     47016	80009e5c	21ff9a53	fsgnjn.s	f20,f31,f31	 f31:0xbe845e20 f31:0xbe845e20 f20=0x3e845e20
     470195.000 ns	     47018	80009e60	01b07633	and	x12,x0,x27	  x0:0x00000000 x27:0xffffffff x12=0x00000000
     470205.000 ns	     47019	80009e64	00c31413	slli	x8,x6,0xc	  x6:0x00000744  x8=0x00744000
     470225.000 ns	     47021	80009e68	039d16b3	mulh	x13,x26,x25	 x26:0x0defd000 x25:0x00000000 x13=0x00000000
     470245.000 ns	     47023	80009e6c	00000013	addi	x0,x0,0	  x0:0x00000000
     470255.000 ns	     47024	80009e70	00122333	slt	x6,x4,x1	  x4:0x00000000  x1:0x00000001  x6=0x00000001
     470265.000 ns	     47025	80009e74	00e91593	slli	x11,x18,0xe	 x18:0x80041134 x11=0x044d0000
     470275.000 ns	     47026	80009e78	0039b633	sltu	x12,x19,x3	 x19:0x00000001  x3:0x80041024 x12=0x00000001
     470295.000 ns	     47028	80009e7c	e00b8fd3	fmv.x.w	x31,f23	 f23:0x7fc00000 x31=0x7fc00000
     470325.000 ns	     47031	80009e80	036642b3	div	x5,x12,x22	 x12:0x00000000 x22:0x00000000  x5=0xffffffff
     470355.000 ns	     47034	80009e84	d0034ed3	fcvt.s.w	f29,x6	  x6:0x00000001 f29=0x3f800000
     470385.000 ns	     47037	80009e88	d01cf253	fcvt.s.wu	f4,x25	 x25:0x00000000  f4=0x00000000
     470405.000 ns	     47039	80009e8c	d9b78b93	addi	x23,x15,-613	 x15:0x00001000 x23=0x00000d9b
     470415.000 ns	     47040	80009e90	00000c97	auipc	x25,0x0	 x25=0x80009e90
     470425.000 ns	     47041	80009e94	00cc8c93	addi	x25,x25,12	 x25:0x00000000 x25=0x80009e9c
     470435.000 ns	     47042	80009e98	000c8067	jalr	x0,x25,0	 x25:0x00000000
     470485.000 ns	     47047	80009e9c	00100193	addi	x3,x0,1	  x0:0x00000000  x3=0x00000001
     470495.000 ns	     47048	80009ea0	00000073	ecall	
     470505.000 ns	     47049	80009ea4	00036f17	auipc	x30,0x36	 x30=0x8003fea4
     470515.000 ns	     47050	80009ea8	143f2e23	sw	x3,348(x30)	 x30:0xfffffd07  x3:0x00000001 PA:0xxxxxxxxx
     470535.000 ns	     47052	80009eac	ff9ff06f	jal	x0,80009ea8	
     470585.000 ns	     47057	80009ea4	00036f17	auipc	x30,0x36	 x30=0x8003fea4
     470595.000 ns	     47058	80009ea8	143f2e23	sw	x3,348(x30)	 x30:0x8003fea4  x3:0x00000001 PA:0xxxxxxxxx
     470615.000 ns	     47060	80009eac	ff9ff06f	jal	x0,80009ea8	
     470665.000 ns	     47065	80009ea4	00036f17	auipc	x30,0x36	 x30=0x8003fea4
     470675.000 ns	     47066	80009ea8	143f2e23	sw	x3,348(x30)	 x30:0x8003fea4  x3:0x00000001 PA:0xxxxxxxxx
     470695.000 ns	     47068	80009eac	ff9ff06f	jal	x0,80009ea8	
     470745.000 ns	     47073	80009ea4	00036f17	auipc	x30,0x36	 x30=0x8003fea4
     470755.000 ns	     47074	80009ea8	143f2e23	sw	x3,348(x30)	 x30:0x8003fea4  x3:0x00000001 PA:0xxxxxxxxx
     470775.000 ns	     47076	80009eac	ff9ff06f	jal	x0,80009ea8	
     470825.000 ns	     47081	80009ea4	00036f17	auipc	x30,0x36	 x30=0x8003fea4
     470835.000 ns	     47082	80009ea8	143f2e23	sw	x3,348(x30)	 x30:0x8003fea4  x3:0x00000001 PA:0xxxxxxxxx
     470855.000 ns	     47084	80009eac	ff9ff06f	jal	x0,80009ea8	
     470905.000 ns	     47089	80009ea4	00036f17	auipc	x30,0x36	 x30=0x8003fea4
     470915.000 ns	     47090	80009ea8	143f2e23	sw	x3,348(x30)	 x30:0x8003fea4  x3:0x00000001 PA:0xxxxxxxxx
     470935.000 ns	     47092	80009eac	ff9ff06f	jal	x0,80009ea8	
     470985.000 ns	     47097	80009ea4	00036f17	auipc	x30,0x36	 x30=0x8003fea4
     470995.000 ns	     47098	80009ea8	143f2e23	sw	x3,348(x30)	 x30:0x8003fea4  x3:0x00000001 PA:0xxxxxxxxx
     471015.000 ns	     47100	80009eac	ff9ff06f	jal	x0,80009ea8	
     471065.000 ns	     47105	80009ea4	00036f17	auipc	x30,0x36	 x30=0x8003fea4
     471075.000 ns	     47106	80009ea8	143f2e23	sw	x3,348(x30)	 x30:0x8003fea4  x3:0x00000001 PA:0xxxxxxxxx
     471095.000 ns	     47108	80009eac	ff9ff06f	jal	x0,80009ea8	
     471145.000 ns	     47113	80009ea4	00036f17	auipc	x30,0x36	 x30=0x8003fea4
     471155.000 ns	     47114	80009ea8	143f2e23	sw	x3,348(x30)	 x30:0x8003fea4  x3:0x00000001 PA:0xxxxxxxxx
     471175.000 ns	     47116	80009eac	ff9ff06f	jal	x0,80009ea8	
     471225.000 ns	     47121	80009ea4	00036f17	auipc	x30,0x36	 x30=0x8003fea4
     471235.000 ns	     47122	80009ea8	143f2e23	sw	x3,348(x30)	 x30:0x8003fea4  x3:0x00000001 PA:0xxxxxxxxx
     471255.000 ns	     47124	80009eac	ff9ff06f	jal	x0,80009ea8	
     471305.000 ns	     47129	80009ea4	00036f17	auipc	x30,0x36	 x30=0x8003fea4
     471315.000 ns	     47130	80009ea8	143f2e23	sw	x3,348(x30)	 x30:0x8003fea4  x3:0x00000001 PA:0xxxxxxxxx
     471335.000 ns	     47132	80009eac	ff9ff06f	jal	x0,80009ea8	
     471385.000 ns	     47137	80009ea4	00036f17	auipc	x30,0x36	 x30=0x8003fea4
     471395.000 ns	     47138	80009ea8	143f2e23	sw	x3,348(x30)	 x30:0x8003fea4  x3:0x00000001 PA:0xxxxxxxxx
     471415.000 ns	     47140	80009eac	ff9ff06f	jal	x0,80009ea8	
     471465.000 ns	     47145	80009ea4	00036f17	auipc	x30,0x36	 x30=0x8003fea4
     471475.000 ns	     47146	80009ea8	143f2e23	sw	x3,348(x30)	 x30:0x8003fea4  x3:0x00000001 PA:0xxxxxxxxx
     471495.000 ns	     47148	80009eac	ff9ff06f	jal	x0,80009ea8	
     471545.000 ns	     47153	80009ea4	00036f17	auipc	x30,0x36	 x30=0x8003fea4
     471555.000 ns	     47154	80009ea8	143f2e23	sw	x3,348(x30)	 x30:0x8003fea4  x3:0x00000001 PA:0xxxxxxxxx
     471575.000 ns	     47156	80009eac	ff9ff06f	jal	x0,80009ea8	
     471625.000 ns	     47161	80009ea4	00036f17	auipc	x30,0x36	 x30=0x8003fea4
     471635.000 ns	     47162	80009ea8	143f2e23	sw	x3,348(x30)	 x30:0x8003fea4  x3:0x00000001 PA:0xxxxxxxxx
     471655.000 ns	     47164	80009eac	ff9ff06f	jal	x0,80009ea8	
     471705.000 ns	     47169	80009ea4	00036f17	auipc	x30,0x36	 x30=0x8003fea4
     471715.000 ns	     47170	80009ea8	143f2e23	sw	x3,348(x30)	 x30:0x8003fea4  x3:0x00000001 PA:0xxxxxxxxx
     471735.000 ns	     47172	80009eac	ff9ff06f	jal	x0,80009ea8	
     471785.000 ns	     47177	80009ea4	00036f17	auipc	x30,0x36	 x30=0x8003fea4
     471795.000 ns	     47178	80009ea8	143f2e23	sw	x3,348(x30)	 x30:0x8003fea4  x3:0x00000001 PA:0xxxxxxxxx
     471815.000 ns	     47180	80009eac	ff9ff06f	jal	x0,80009ea8	
     471865.000 ns	     47185	80009ea4	00036f17	auipc	x30,0x36	 x30=0x8003fea4
     471875.000 ns	     47186	80009ea8	143f2e23	sw	x3,348(x30)	 x30:0x8003fea4  x3:0x00000001 PA:0xxxxxxxxx
     471895.000 ns	     47188	80009eac	ff9ff06f	jal	x0,80009ea8	
     471945.000 ns	     47193	80009ea4	00036f17	auipc	x30,0x36	 x30=0x8003fea4
     471955.000 ns	     47194	80009ea8	143f2e23	sw	x3,348(x30)	 x30:0x8003fea4  x3:0x00000001 PA:0xxxxxxxxx
     471975.000 ns	     47196	80009eac	ff9ff06f	jal	x0,80009ea8	
     472025.000 ns	     47201	80009ea4	00036f17	auipc	x30,0x36	 x30=0x8003fea4
     472035.000 ns	     47202	80009ea8	143f2e23	sw	x3,348(x30)	 x30:0x8003fea4  x3:0x00000001 PA:0xxxxxxxxx
     472055.000 ns	     47204	80009eac	ff9ff06f	jal	x0,80009ea8	
     472105.000 ns	     47209	80009ea4	00036f17	auipc	x30,0x36	 x30=0x8003fea4
     472115.000 ns	     47210	80009ea8	143f2e23	sw	x3,348(x30)	 x30:0x8003fea4  x3:0x00000001 PA:0xxxxxxxxx
     472135.000 ns	     47212	80009eac	ff9ff06f	jal	x0,80009ea8	
     472185.000 ns	     47217	80009ea4	00036f17	auipc	x30,0x36	 x30=0x8003fea4
     472195.000 ns	     47218	80009ea8	143f2e23	sw	x3,348(x30)	 x30:0x8003fea4  x3:0x00000001 PA:0xxxxxxxxx
     472215.000 ns	     47220	80009eac	ff9ff06f	jal	x0,80009ea8	
     472265.000 ns	     47225	80009ea4	00036f17	auipc	x30,0x36	 x30=0x8003fea4
     472275.000 ns	     47226	80009ea8	143f2e23	sw	x3,348(x30)	 x30:0x8003fea4  x3:0x00000001 PA:0xxxxxxxxx
     472295.000 ns	     47228	80009eac	ff9ff06f	jal	x0,80009ea8	
     472345.000 ns	     47233	80009ea4	00036f17	auipc	x30,0x36	 x30=0x8003fea4
     472355.000 ns	     47234	80009ea8	143f2e23	sw	x3,348(x30)	 x30:0x8003fea4  x3:0x00000001 PA:0xxxxxxxxx
     472375.000 ns	     47236	80009eac	ff9ff06f	jal	x0,80009ea8	
     472425.000 ns	     47241	80009ea4	00036f17	auipc	x30,0x36	 x30=0x8003fea4
     472435.000 ns	     47242	80009ea8	143f2e23	sw	x3,348(x30)	 x30:0x8003fea4  x3:0x00000001 PA:0xxxxxxxxx
     472455.000 ns	     47244	80009eac	ff9ff06f	jal	x0,80009ea8	
     472505.000 ns	     47249	80009ea4	00036f17	auipc	x30,0x36	 x30=0x8003fea4
     472515.000 ns	     47250	80009ea8	143f2e23	sw	x3,348(x30)	 x30:0x8003fea4  x3:0x00000001 PA:0xxxxxxxxx
     472535.000 ns	     47252	80009eac	ff9ff06f	jal	x0,80009ea8	
     472585.000 ns	     47257	80009ea4	00036f17	auipc	x30,0x36	 x30=0x8003fea4
     472595.000 ns	     47258	80009ea8	143f2e23	sw	x3,348(x30)	 x30:0x8003fea4  x3:0x00000001 PA:0xxxxxxxxx
     472615.000 ns	     47260	80009eac	ff9ff06f	jal	x0,80009ea8	
     472665.000 ns	     47265	80009ea4	00036f17	auipc	x30,0x36	 x30=0x8003fea4
     472675.000 ns	     47266	80009ea8	143f2e23	sw	x3,348(x30)	 x30:0x8003fea4  x3:0x00000001 PA:0xxxxxxxxx
     472695.000 ns	     47268	80009eac	ff9ff06f	jal	x0,80009ea8	
     472745.000 ns	     47273	80009ea4	00036f17	auipc	x30,0x36	 x30=0x8003fea4
     472755.000 ns	     47274	80009ea8	143f2e23	sw	x3,348(x30)	 x30:0x8003fea4  x3:0x00000001 PA:0xxxxxxxxx
     472775.000 ns	     47276	80009eac	ff9ff06f	jal	x0,80009ea8	
     472825.000 ns	     47281	80009ea4	00036f17	auipc	x30,0x36	 x30=0x8003fea4
     472835.000 ns	     47282	80009ea8	143f2e23	sw	x3,348(x30)	 x30:0x8003fea4  x3:0x00000001 PA:0xxxxxxxxx
     472855.000 ns	     47284	80009eac	ff9ff06f	jal	x0,80009ea8	
     472905.000 ns	     47289	80009ea4	00036f17	auipc	x30,0x36	 x30=0x8003fea4
     472915.000 ns	     47290	80009ea8	143f2e23	sw	x3,348(x30)	 x30:0x8003fea4  x3:0x00000001 PA:0xxxxxxxxx
     472935.000 ns	     47292	80009eac	ff9ff06f	jal	x0,80009ea8	
     472985.000 ns	     47297	80009ea4	00036f17	auipc	x30,0x36	 x30=0x8003fea4
     472995.000 ns	     47298	80009ea8	143f2e23	sw	x3,348(x30)	 x30:0x8003fea4  x3:0x00000001 PA:0xxxxxxxxx
     473015.000 ns	     47300	80009eac	ff9ff06f	jal	x0,80009ea8	
     473065.000 ns	     47305	80009ea4	00036f17	auipc	x30,0x36	 x30=0x8003fea4
     473075.000 ns	     47306	80009ea8	143f2e23	sw	x3,348(x30)	 x30:0x8003fea4  x3:0x00000001 PA:0xxxxxxxxx
     473095.000 ns	     47308	80009eac	ff9ff06f	jal	x0,80009ea8	
     473145.000 ns	     47313	80009ea4	00036f17	auipc	x30,0x36	 x30=0x8003fea4
     473155.000 ns	     47314	80009ea8	143f2e23	sw	x3,348(x30)	 x30:0x8003fea4  x3:0x00000001 PA:0xxxxxxxxx
     473175.000 ns	     47316	80009eac	ff9ff06f	jal	x0,80009ea8	
     473225.000 ns	     47321	80009ea4	00036f17	auipc	x30,0x36	 x30=0x8003fea4
     473235.000 ns	     47322	80009ea8	143f2e23	sw	x3,348(x30)	 x30:0x8003fea4  x3:0x00000001 PA:0xxxxxxxxx
     473255.000 ns	     47324	80009eac	ff9ff06f	jal	x0,80009ea8	
     473305.000 ns	     47329	80009ea4	00036f17	auipc	x30,0x36	 x30=0x8003fea4
     473315.000 ns	     47330	80009ea8	143f2e23	sw	x3,348(x30)	 x30:0x8003fea4  x3:0x00000001 PA:0xxxxxxxxx
     473335.000 ns	     47332	80009eac	ff9ff06f	jal	x0,80009ea8	
     473385.000 ns	     47337	80009ea4	00036f17	auipc	x30,0x36	 x30=0x8003fea4
     473395.000 ns	     47338	80009ea8	143f2e23	sw	x3,348(x30)	 x30:0x8003fea4  x3:0x00000001 PA:0xxxxxxxxx
     473415.000 ns	     47340	80009eac	ff9ff06f	jal	x0,80009ea8	
     473465.000 ns	     47345	80009ea4	00036f17	auipc	x30,0x36	 x30=0x8003fea4
     473475.000 ns	     47346	80009ea8	143f2e23	sw	x3,348(x30)	 x30:0x8003fea4  x3:0x00000001 PA:0xxxxxxxxx
     473495.000 ns	     47348	80009eac	ff9ff06f	jal	x0,80009ea8	
     473545.000 ns	     47353	80009ea4	00036f17	auipc	x30,0x36	 x30=0x8003fea4
     473555.000 ns	     47354	80009ea8	143f2e23	sw	x3,348(x30)	 x30:0x8003fea4  x3:0x00000001 PA:0xxxxxxxxx
     473575.000 ns	     47356	80009eac	ff9ff06f	jal	x0,80009ea8	
     473625.000 ns	     47361	80009ea4	00036f17	auipc	x30,0x36	 x30=0x8003fea4
     473635.000 ns	     47362	80009ea8	143f2e23	sw	x3,348(x30)	 x30:0x8003fea4  x3:0x00000001 PA:0xxxxxxxxx
     473655.000 ns	     47364	80009eac	ff9ff06f	jal	x0,80009ea8	
     473705.000 ns	     47369	80009ea4	00036f17	auipc	x30,0x36	 x30=0x8003fea4
     473715.000 ns	     47370	80009ea8	143f2e23	sw	x3,348(x30)	 x30:0x8003fea4  x3:0x00000001 PA:0xxxxxxxxx
     473735.000 ns	     47372	80009eac	ff9ff06f	jal	x0,80009ea8	
     473785.000 ns	     47377	80009ea4	00036f17	auipc	x30,0x36	 x30=0x8003fea4
     473795.000 ns	     47378	80009ea8	143f2e23	sw	x3,348(x30)	 x30:0x8003fea4  x3:0x00000001 PA:0xxxxxxxxx
     473815.000 ns	     47380	80009eac	ff9ff06f	jal	x0,80009ea8	
     473865.000 ns	     47385	80009ea4	00036f17	auipc	x30,0x36	 x30=0x8003fea4
     473875.000 ns	     47386	80009ea8	143f2e23	sw	x3,348(x30)	 x30:0x8003fea4  x3:0x00000001 PA:0xxxxxxxxx
     473895.000 ns	     47388	80009eac	ff9ff06f	jal	x0,80009ea8	
     473945.000 ns	     47393	80009ea4	00036f17	auipc	x30,0x36	 x30=0x8003fea4
     473955.000 ns	     47394	80009ea8	143f2e23	sw	x3,348(x30)	 x30:0x8003fea4  x3:0x00000001 PA:0xxxxxxxxx
     473975.000 ns	     47396	80009eac	ff9ff06f	jal	x0,80009ea8	
     474025.000 ns	     47401	80009ea4	00036f17	auipc	x30,0x36	 x30=0x8003fea4
     474035.000 ns	     47402	80009ea8	143f2e23	sw	x3,348(x30)	 x30:0x8003fea4  x3:0x00000001 PA:0xxxxxxxxx
     474055.000 ns	     47404	80009eac	ff9ff06f	jal	x0,80009ea8	
     474105.000 ns	     47409	80009ea4	00036f17	auipc	x30,0x36	 x30=0x8003fea4
     474115.000 ns	     47410	80009ea8	143f2e23	sw	x3,348(x30)	 x30:0x8003fea4  x3:0x00000001 PA:0xxxxxxxxx
     474135.000 ns	     47412	80009eac	ff9ff06f	jal	x0,80009ea8	
     474185.000 ns	     47417	80009ea4	00036f17	auipc	x30,0x36	 x30=0x8003fea4
     474195.000 ns	     47418	80009ea8	143f2e23	sw	x3,348(x30)	 x30:0x8003fea4  x3:0x00000001 PA:0xxxxxxxxx
     474215.000 ns	     47420	80009eac	ff9ff06f	jal	x0,80009ea8	
     474265.000 ns	     47425	80009ea4	00036f17	auipc	x30,0x36	 x30=0x8003fea4
     474275.000 ns	     47426	80009ea8	143f2e23	sw	x3,348(x30)	 x30:0x8003fea4  x3:0x00000001 PA:0xxxxxxxxx
     474295.000 ns	     47428	80009eac	ff9ff06f	jal	x0,80009ea8	
     474345.000 ns	     47433	80009ea4	00036f17	auipc	x30,0x36	 x30=0x8003fea4
     474355.000 ns	     47434	80009ea8	143f2e23	sw	x3,348(x30)	 x30:0x8003fea4  x3:0x00000001 PA:0xxxxxxxxx
     474375.000 ns	     47436	80009eac	ff9ff06f	jal	x0,80009ea8	
     474425.000 ns	     47441	80009ea4	00036f17	auipc	x30,0x36	 x30=0x8003fea4
     474435.000 ns	     47442	80009ea8	143f2e23	sw	x3,348(x30)	 x30:0x8003fea4  x3:0x00000001 PA:0xxxxxxxxx
     474455.000 ns	     47444	80009eac	ff9ff06f	jal	x0,80009ea8	
     474505.000 ns	     47449	80009ea4	00036f17	auipc	x30,0x36	 x30=0x8003fea4
     474515.000 ns	     47450	80009ea8	143f2e23	sw	x3,348(x30)	 x30:0x8003fea4  x3:0x00000001 PA:0xxxxxxxxx
     474535.000 ns	     47452	80009eac	ff9ff06f	jal	x0,80009ea8	
     474585.000 ns	     47457	80009ea4	00036f17	auipc	x30,0x36	 x30=0x8003fea4
     474595.000 ns	     47458	80009ea8	143f2e23	sw	x3,348(x30)	 x30:0x8003fea4  x3:0x00000001 PA:0xxxxxxxxx
     474615.000 ns	     47460	80009eac	ff9ff06f	jal	x0,80009ea8	
     474665.000 ns	     47465	80009ea4	00036f17	auipc	x30,0x36	 x30=0x8003fea4
     474675.000 ns	     47466	80009ea8	143f2e23	sw	x3,348(x30)	 x30:0x8003fea4  x3:0x00000001 PA:0xxxxxxxxx
     474695.000 ns	     47468	80009eac	ff9ff06f	jal	x0,80009ea8	
     474745.000 ns	     47473	80009ea4	00036f17	auipc	x30,0x36	 x30=0x8003fea4
     474755.000 ns	     47474	80009ea8	143f2e23	sw	x3,348(x30)	 x30:0x8003fea4  x3:0x00000001 PA:0xxxxxxxxx
     474775.000 ns	     47476	80009eac	ff9ff06f	jal	x0,80009ea8	
     474825.000 ns	     47481	80009ea4	00036f17	auipc	x30,0x36	 x30=0x8003fea4
     474835.000 ns	     47482	80009ea8	143f2e23	sw	x3,348(x30)	 x30:0x8003fea4  x3:0x00000001 PA:0xxxxxxxxx
     474855.000 ns	     47484	80009eac	ff9ff06f	jal	x0,80009ea8	
     474905.000 ns	     47489	80009ea4	00036f17	auipc	x30,0x36	 x30=0x8003fea4
     474915.000 ns	     47490	80009ea8	143f2e23	sw	x3,348(x30)	 x30:0x8003fea4  x3:0x00000001 PA:0xxxxxxxxx
     474935.000 ns	     47492	80009eac	ff9ff06f	jal	x0,80009ea8	
     474985.000 ns	     47497	80009ea4	00036f17	auipc	x30,0x36	 x30=0x8003fea4
     474995.000 ns	     47498	80009ea8	143f2e23	sw	x3,348(x30)	 x30:0x8003fea4  x3:0x00000001 PA:0xxxxxxxxx
     475015.000 ns	     47500	80009eac	ff9ff06f	jal	x0,80009ea8	
     475065.000 ns	     47505	80009ea4	00036f17	auipc	x30,0x36	 x30=0x8003fea4
     475075.000 ns	     47506	80009ea8	143f2e23	sw	x3,348(x30)	 x30:0x8003fea4  x3:0x00000001 PA:0xxxxxxxxx
     475095.000 ns	     47508	80009eac	ff9ff06f	jal	x0,80009ea8	
     475145.000 ns	     47513	80009ea4	00036f17	auipc	x30,0x36	 x30=0x8003fea4
     475155.000 ns	     47514	80009ea8	143f2e23	sw	x3,348(x30)	 x30:0x8003fea4  x3:0x00000001 PA:0xxxxxxxxx
     475175.000 ns	     47516	80009eac	ff9ff06f	jal	x0,80009ea8	
     475225.000 ns	     47521	80009ea4	00036f17	auipc	x30,0x36	 x30=0x8003fea4
     475235.000 ns	     47522	80009ea8	143f2e23	sw	x3,348(x30)	 x30:0x8003fea4  x3:0x00000001 PA:0xxxxxxxxx
     475255.000 ns	     47524	80009eac	ff9ff06f	jal	x0,80009ea8	
     475305.000 ns	     47529	80009ea4	00036f17	auipc	x30,0x36	 x30=0x8003fea4
     475315.000 ns	     47530	80009ea8	143f2e23	sw	x3,348(x30)	 x30:0x8003fea4  x3:0x00000001 PA:0xxxxxxxxx
     475335.000 ns	     47532	80009eac	ff9ff06f	jal	x0,80009ea8	
     475385.000 ns	     47537	80009ea4	00036f17	auipc	x30,0x36	 x30=0x8003fea4
     475395.000 ns	     47538	80009ea8	143f2e23	sw	x3,348(x30)	 x30:0x8003fea4  x3:0x00000001 PA:0xxxxxxxxx
     475415.000 ns	     47540	80009eac	ff9ff06f	jal	x0,80009ea8	
     475465.000 ns	     47545	80009ea4	00036f17	auipc	x30,0x36	 x30=0x8003fea4
     475475.000 ns	     47546	80009ea8	143f2e23	sw	x3,348(x30)	 x30:0x8003fea4  x3:0x00000001 PA:0xxxxxxxxx
     475495.000 ns	     47548	80009eac	ff9ff06f	jal	x0,80009ea8	
     475545.000 ns	     47553	80009ea4	00036f17	auipc	x30,0x36	 x30=0x8003fea4
     475555.000 ns	     47554	80009ea8	143f2e23	sw	x3,348(x30)	 x30:0x8003fea4  x3:0x00000001 PA:0xxxxxxxxx
     475575.000 ns	     47556	80009eac	ff9ff06f	jal	x0,80009ea8	
     475625.000 ns	     47561	80009ea4	00036f17	auipc	x30,0x36	 x30=0x8003fea4
     475635.000 ns	     47562	80009ea8	143f2e23	sw	x3,348(x30)	 x30:0x8003fea4  x3:0x00000001 PA:0xxxxxxxxx
     475655.000 ns	     47564	80009eac	ff9ff06f	jal	x0,80009ea8	
     475705.000 ns	     47569	80009ea4	00036f17	auipc	x30,0x36	 x30=0x8003fea4
     475715.000 ns	     47570	80009ea8	143f2e23	sw	x3,348(x30)	 x30:0x8003fea4  x3:0x00000001 PA:0xxxxxxxxx
     475735.000 ns	     47572	80009eac	ff9ff06f	jal	x0,80009ea8	
     475785.000 ns	     47577	80009ea4	00036f17	auipc	x30,0x36	 x30=0x8003fea4
     475795.000 ns	     47578	80009ea8	143f2e23	sw	x3,348(x30)	 x30:0x8003fea4  x3:0x00000001 PA:0xxxxxxxxx
     475815.000 ns	     47580	80009eac	ff9ff06f	jal	x0,80009ea8	
     475865.000 ns	     47585	80009ea4	00036f17	auipc	x30,0x36	 x30=0x8003fea4
     475875.000 ns	     47586	80009ea8	143f2e23	sw	x3,348(x30)	 x30:0x8003fea4  x3:0x00000001 PA:0xxxxxxxxx
     475895.000 ns	     47588	80009eac	ff9ff06f	jal	x0,80009ea8	
     475945.000 ns	     47593	80009ea4	00036f17	auipc	x30,0x36	 x30=0x8003fea4
     475955.000 ns	     47594	80009ea8	143f2e23	sw	x3,348(x30)	 x30:0x8003fea4  x3:0x00000001 PA:0xxxxxxxxx
     475975.000 ns	     47596	80009eac	ff9ff06f	jal	x0,80009ea8	
     476025.000 ns	     47601	80009ea4	00036f17	auipc	x30,0x36	 x30=0x8003fea4
     476035.000 ns	     47602	80009ea8	143f2e23	sw	x3,348(x30)	 x30:0x8003fea4  x3:0x00000001 PA:0xxxxxxxxx
     476055.000 ns	     47604	80009eac	ff9ff06f	jal	x0,80009ea8	
     476105.000 ns	     47609	80009ea4	00036f17	auipc	x30,0x36	 x30=0x8003fea4
     476115.000 ns	     47610	80009ea8	143f2e23	sw	x3,348(x30)	 x30:0x8003fea4  x3:0x00000001 PA:0xxxxxxxxx
     476135.000 ns	     47612	80009eac	ff9ff06f	jal	x0,80009ea8	
     476185.000 ns	     47617	80009ea4	00036f17	auipc	x30,0x36	 x30=0x8003fea4
     476195.000 ns	     47618	80009ea8	143f2e23	sw	x3,348(x30)	 x30:0x8003fea4  x3:0x00000001 PA:0xxxxxxxxx
     476215.000 ns	     47620	80009eac	ff9ff06f	jal	x0,80009ea8	
     476265.000 ns	     47625	80009ea4	00036f17	auipc	x30,0x36	 x30=0x8003fea4
     476275.000 ns	     47626	80009ea8	143f2e23	sw	x3,348(x30)	 x30:0x8003fea4  x3:0x00000001 PA:0xxxxxxxxx
     476295.000 ns	     47628	80009eac	ff9ff06f	jal	x0,80009ea8	
     476345.000 ns	     47633	80009ea4	00036f17	auipc	x30,0x36	 x30=0x8003fea4
     476355.000 ns	     47634	80009ea8	143f2e23	sw	x3,348(x30)	 x30:0x8003fea4  x3:0x00000001 PA:0xxxxxxxxx
     476375.000 ns	     47636	80009eac	ff9ff06f	jal	x0,80009ea8	
     476425.000 ns	     47641	80009ea4	00036f17	auipc	x30,0x36	 x30=0x8003fea4
     476435.000 ns	     47642	80009ea8	143f2e23	sw	x3,348(x30)	 x30:0x8003fea4  x3:0x00000001 PA:0xxxxxxxxx
     476455.000 ns	     47644	80009eac	ff9ff06f	jal	x0,80009ea8	
     476505.000 ns	     47649	80009ea4	00036f17	auipc	x30,0x36	 x30=0x8003fea4
     476515.000 ns	     47650	80009ea8	143f2e23	sw	x3,348(x30)	 x30:0x8003fea4  x3:0x00000001 PA:0xxxxxxxxx
     476535.000 ns	     47652	80009eac	ff9ff06f	jal	x0,80009ea8	
     476585.000 ns	     47657	80009ea4	00036f17	auipc	x30,0x36	 x30=0x8003fea4
     476595.000 ns	     47658	80009ea8	143f2e23	sw	x3,348(x30)	 x30:0x8003fea4  x3:0x00000001 PA:0xxxxxxxxx
     476615.000 ns	     47660	80009eac	ff9ff06f	jal	x0,80009ea8	
     476665.000 ns	     47665	80009ea4	00036f17	auipc	x30,0x36	 x30=0x8003fea4
     476675.000 ns	     47666	80009ea8	143f2e23	sw	x3,348(x30)	 x30:0x8003fea4  x3:0x00000001 PA:0xxxxxxxxx
     476695.000 ns	     47668	80009eac	ff9ff06f	jal	x0,80009ea8	
     476745.000 ns	     47673	80009ea4	00036f17	auipc	x30,0x36	 x30=0x8003fea4
     476755.000 ns	     47674	80009ea8	143f2e23	sw	x3,348(x30)	 x30:0x8003fea4  x3:0x00000001 PA:0xxxxxxxxx
     476775.000 ns	     47676	80009eac	ff9ff06f	jal	x0,80009ea8	
     476825.000 ns	     47681	80009ea4	00036f17	auipc	x30,0x36	 x30=0x8003fea4
     476835.000 ns	     47682	80009ea8	143f2e23	sw	x3,348(x30)	 x30:0x8003fea4  x3:0x00000001 PA:0xxxxxxxxx
     476855.000 ns	     47684	80009eac	ff9ff06f	jal	x0,80009ea8	
     476905.000 ns	     47689	80009ea4	00036f17	auipc	x30,0x36	 x30=0x8003fea4
     476915.000 ns	     47690	80009ea8	143f2e23	sw	x3,348(x30)	 x30:0x8003fea4  x3:0x00000001 PA:0xxxxxxxxx
     476935.000 ns	     47692	80009eac	ff9ff06f	jal	x0,80009ea8	
     476985.000 ns	     47697	80009ea4	00036f17	auipc	x30,0x36	 x30=0x8003fea4
     476995.000 ns	     47698	80009ea8	143f2e23	sw	x3,348(x30)	 x30:0x8003fea4  x3:0x00000001 PA:0xxxxxxxxx
     477015.000 ns	     47700	80009eac	ff9ff06f	jal	x0,80009ea8	
     477065.000 ns	     47705	80009ea4	00036f17	auipc	x30,0x36	 x30=0x8003fea4
     477075.000 ns	     47706	80009ea8	143f2e23	sw	x3,348(x30)	 x30:0x8003fea4  x3:0x00000001 PA:0xxxxxxxxx
     477095.000 ns	     47708	80009eac	ff9ff06f	jal	x0,80009ea8	
     477145.000 ns	     47713	80009ea4	00036f17	auipc	x30,0x36	 x30=0x8003fea4
     477155.000 ns	     47714	80009ea8	143f2e23	sw	x3,348(x30)	 x30:0x8003fea4  x3:0x00000001 PA:0xxxxxxxxx
     477175.000 ns	     47716	80009eac	ff9ff06f	jal	x0,80009ea8	
     477225.000 ns	     47721	80009ea4	00036f17	auipc	x30,0x36	 x30=0x8003fea4
     477235.000 ns	     47722	80009ea8	143f2e23	sw	x3,348(x30)	 x30:0x8003fea4  x3:0x00000001 PA:0xxxxxxxxx
     477255.000 ns	     47724	80009eac	ff9ff06f	jal	x0,80009ea8	
     477305.000 ns	     47729	80009ea4	00036f17	auipc	x30,0x36	 x30=0x8003fea4
     477315.000 ns	     47730	80009ea8	143f2e23	sw	x3,348(x30)	 x30:0x8003fea4  x3:0x00000001 PA:0xxxxxxxxx
     477335.000 ns	     47732	80009eac	ff9ff06f	jal	x0,80009ea8	
     477385.000 ns	     47737	80009ea4	00036f17	auipc	x30,0x36	 x30=0x8003fea4
     477395.000 ns	     47738	80009ea8	143f2e23	sw	x3,348(x30)	 x30:0x8003fea4  x3:0x00000001 PA:0xxxxxxxxx
     477415.000 ns	     47740	80009eac	ff9ff06f	jal	x0,80009ea8	
     477465.000 ns	     47745	80009ea4	00036f17	auipc	x30,0x36	 x30=0x8003fea4
     477475.000 ns	     47746	80009ea8	143f2e23	sw	x3,348(x30)	 x30:0x8003fea4  x3:0x00000001 PA:0xxxxxxxxx
     477495.000 ns	     47748	80009eac	ff9ff06f	jal	x0,80009ea8	
     477545.000 ns	     47753	80009ea4	00036f17	auipc	x30,0x36	 x30=0x8003fea4
     477555.000 ns	     47754	80009ea8	143f2e23	sw	x3,348(x30)	 x30:0x8003fea4  x3:0x00000001 PA:0xxxxxxxxx
     477575.000 ns	     47756	80009eac	ff9ff06f	jal	x0,80009ea8	
     477625.000 ns	     47761	80009ea4	00036f17	auipc	x30,0x36	 x30=0x8003fea4
     477635.000 ns	     47762	80009ea8	143f2e23	sw	x3,348(x30)	 x30:0x8003fea4  x3:0x00000001 PA:0xxxxxxxxx
     477655.000 ns	     47764	80009eac	ff9ff06f	jal	x0,80009ea8	
     477705.000 ns	     47769	80009ea4	00036f17	auipc	x30,0x36	 x30=0x8003fea4
     477715.000 ns	     47770	80009ea8	143f2e23	sw	x3,348(x30)	 x30:0x8003fea4  x3:0x00000001 PA:0xxxxxxxxx
     477735.000 ns	     47772	80009eac	ff9ff06f	jal	x0,80009ea8	
     477785.000 ns	     47777	80009ea4	00036f17	auipc	x30,0x36	 x30=0x8003fea4
     477795.000 ns	     47778	80009ea8	143f2e23	sw	x3,348(x30)	 x30:0x8003fea4  x3:0x00000001 PA:0xxxxxxxxx
     477815.000 ns	     47780	80009eac	ff9ff06f	jal	x0,80009ea8	
     477865.000 ns	     47785	80009ea4	00036f17	auipc	x30,0x36	 x30=0x8003fea4
     477875.000 ns	     47786	80009ea8	143f2e23	sw	x3,348(x30)	 x30:0x8003fea4  x3:0x00000001 PA:0xxxxxxxxx
     477895.000 ns	     47788	80009eac	ff9ff06f	jal	x0,80009ea8	
     477945.000 ns	     47793	80009ea4	00036f17	auipc	x30,0x36	 x30=0x8003fea4
     477955.000 ns	     47794	80009ea8	143f2e23	sw	x3,348(x30)	 x30:0x8003fea4  x3:0x00000001 PA:0xxxxxxxxx
     477975.000 ns	     47796	80009eac	ff9ff06f	jal	x0,80009ea8	
     478025.000 ns	     47801	80009ea4	00036f17	auipc	x30,0x36	 x30=0x8003fea4
     478035.000 ns	     47802	80009ea8	143f2e23	sw	x3,348(x30)	 x30:0x8003fea4  x3:0x00000001 PA:0xxxxxxxxx
     478055.000 ns	     47804	80009eac	ff9ff06f	jal	x0,80009ea8	
     478105.000 ns	     47809	80009ea4	00036f17	auipc	x30,0x36	 x30=0x8003fea4
     478115.000 ns	     47810	80009ea8	143f2e23	sw	x3,348(x30)	 x30:0x8003fea4  x3:0x00000001 PA:0xxxxxxxxx
     478135.000 ns	     47812	80009eac	ff9ff06f	jal	x0,80009ea8	
     478185.000 ns	     47817	80009ea4	00036f17	auipc	x30,0x36	 x30=0x8003fea4
     478195.000 ns	     47818	80009ea8	143f2e23	sw	x3,348(x30)	 x30:0x8003fea4  x3:0x00000001 PA:0xxxxxxxxx
     478215.000 ns	     47820	80009eac	ff9ff06f	jal	x0,80009ea8	
     478265.000 ns	     47825	80009ea4	00036f17	auipc	x30,0x36	 x30=0x8003fea4
     478275.000 ns	     47826	80009ea8	143f2e23	sw	x3,348(x30)	 x30:0x8003fea4  x3:0x00000001 PA:0xxxxxxxxx
     478295.000 ns	     47828	80009eac	ff9ff06f	jal	x0,80009ea8	
     478345.000 ns	     47833	80009ea4	00036f17	auipc	x30,0x36	 x30=0x8003fea4
     478355.000 ns	     47834	80009ea8	143f2e23	sw	x3,348(x30)	 x30:0x8003fea4  x3:0x00000001 PA:0xxxxxxxxx
     478375.000 ns	     47836	80009eac	ff9ff06f	jal	x0,80009ea8	
     478425.000 ns	     47841	80009ea4	00036f17	auipc	x30,0x36	 x30=0x8003fea4
     478435.000 ns	     47842	80009ea8	143f2e23	sw	x3,348(x30)	 x30:0x8003fea4  x3:0x00000001 PA:0xxxxxxxxx
     478455.000 ns	     47844	80009eac	ff9ff06f	jal	x0,80009ea8	
     478505.000 ns	     47849	80009ea4	00036f17	auipc	x30,0x36	 x30=0x8003fea4
     478515.000 ns	     47850	80009ea8	143f2e23	sw	x3,348(x30)	 x30:0x8003fea4  x3:0x00000001 PA:0xxxxxxxxx
     478535.000 ns	     47852	80009eac	ff9ff06f	jal	x0,80009ea8	
     478585.000 ns	     47857	80009ea4	00036f17	auipc	x30,0x36	 x30=0x8003fea4
     478595.000 ns	     47858	80009ea8	143f2e23	sw	x3,348(x30)	 x30:0x8003fea4  x3:0x00000001 PA:0xxxxxxxxx
     478615.000 ns	     47860	80009eac	ff9ff06f	jal	x0,80009ea8	
     478665.000 ns	     47865	80009ea4	00036f17	auipc	x30,0x36	 x30=0x8003fea4
     478675.000 ns	     47866	80009ea8	143f2e23	sw	x3,348(x30)	 x30:0x8003fea4  x3:0x00000001 PA:0xxxxxxxxx
     478695.000 ns	     47868	80009eac	ff9ff06f	jal	x0,80009ea8	
     478745.000 ns	     47873	80009ea4	00036f17	auipc	x30,0x36	 x30=0x8003fea4
     478755.000 ns	     47874	80009ea8	143f2e23	sw	x3,348(x30)	 x30:0x8003fea4  x3:0x00000001 PA:0xxxxxxxxx
     478775.000 ns	     47876	80009eac	ff9ff06f	jal	x0,80009ea8	
     478825.000 ns	     47881	80009ea4	00036f17	auipc	x30,0x36	 x30=0x8003fea4
     478835.000 ns	     47882	80009ea8	143f2e23	sw	x3,348(x30)	 x30:0x8003fea4  x3:0x00000001 PA:0xxxxxxxxx
     478855.000 ns	     47884	80009eac	ff9ff06f	jal	x0,80009ea8	
     478905.000 ns	     47889	80009ea4	00036f17	auipc	x30,0x36	 x30=0x8003fea4
     478915.000 ns	     47890	80009ea8	143f2e23	sw	x3,348(x30)	 x30:0x8003fea4  x3:0x00000001 PA:0xxxxxxxxx
     478935.000 ns	     47892	80009eac	ff9ff06f	jal	x0,80009ea8	
     478985.000 ns	     47897	80009ea4	00036f17	auipc	x30,0x36	 x30=0x8003fea4
     478995.000 ns	     47898	80009ea8	143f2e23	sw	x3,348(x30)	 x30:0x8003fea4  x3:0x00000001 PA:0xxxxxxxxx
     479015.000 ns	     47900	80009eac	ff9ff06f	jal	x0,80009ea8	
     479065.000 ns	     47905	80009ea4	00036f17	auipc	x30,0x36	 x30=0x8003fea4
     479075.000 ns	     47906	80009ea8	143f2e23	sw	x3,348(x30)	 x30:0x8003fea4  x3:0x00000001 PA:0xxxxxxxxx
     479095.000 ns	     47908	80009eac	ff9ff06f	jal	x0,80009ea8	
     479145.000 ns	     47913	80009ea4	00036f17	auipc	x30,0x36	 x30=0x8003fea4
     479155.000 ns	     47914	80009ea8	143f2e23	sw	x3,348(x30)	 x30:0x8003fea4  x3:0x00000001 PA:0xxxxxxxxx
     479175.000 ns	     47916	80009eac	ff9ff06f	jal	x0,80009ea8	
     479225.000 ns	     47921	80009ea4	00036f17	auipc	x30,0x36	 x30=0x8003fea4
     479235.000 ns	     47922	80009ea8	143f2e23	sw	x3,348(x30)	 x30:0x8003fea4  x3:0x00000001 PA:0xxxxxxxxx
     479255.000 ns	     47924	80009eac	ff9ff06f	jal	x0,80009ea8	
     479305.000 ns	     47929	80009ea4	00036f17	auipc	x30,0x36	 x30=0x8003fea4
     479315.000 ns	     47930	80009ea8	143f2e23	sw	x3,348(x30)	 x30:0x8003fea4  x3:0x00000001 PA:0xxxxxxxxx
     479335.000 ns	     47932	80009eac	ff9ff06f	jal	x0,80009ea8	
     479385.000 ns	     47937	80009ea4	00036f17	auipc	x30,0x36	 x30=0x8003fea4
     479395.000 ns	     47938	80009ea8	143f2e23	sw	x3,348(x30)	 x30:0x8003fea4  x3:0x00000001 PA:0xxxxxxxxx
     479415.000 ns	     47940	80009eac	ff9ff06f	jal	x0,80009ea8	
     479465.000 ns	     47945	80009ea4	00036f17	auipc	x30,0x36	 x30=0x8003fea4
     479475.000 ns	     47946	80009ea8	143f2e23	sw	x3,348(x30)	 x30:0x8003fea4  x3:0x00000001 PA:0xxxxxxxxx
     479495.000 ns	     47948	80009eac	ff9ff06f	jal	x0,80009ea8	
     479545.000 ns	     47953	80009ea4	00036f17	auipc	x30,0x36	 x30=0x8003fea4
     479555.000 ns	     47954	80009ea8	143f2e23	sw	x3,348(x30)	 x30:0x8003fea4  x3:0x00000001 PA:0xxxxxxxxx
     479575.000 ns	     47956	80009eac	ff9ff06f	jal	x0,80009ea8	
     479625.000 ns	     47961	80009ea4	00036f17	auipc	x30,0x36	 x30=0x8003fea4
     479635.000 ns	     47962	80009ea8	143f2e23	sw	x3,348(x30)	 x30:0x8003fea4  x3:0x00000001 PA:0xxxxxxxxx
     479655.000 ns	     47964	80009eac	ff9ff06f	jal	x0,80009ea8	
     479705.000 ns	     47969	80009ea4	00036f17	auipc	x30,0x36	 x30=0x8003fea4
     479715.000 ns	     47970	80009ea8	143f2e23	sw	x3,348(x30)	 x30:0x8003fea4  x3:0x00000001 PA:0xxxxxxxxx
     479735.000 ns	     47972	80009eac	ff9ff06f	jal	x0,80009ea8	
     479785.000 ns	     47977	80009ea4	00036f17	auipc	x30,0x36	 x30=0x8003fea4
     479795.000 ns	     47978	80009ea8	143f2e23	sw	x3,348(x30)	 x30:0x8003fea4  x3:0x00000001 PA:0xxxxxxxxx
     479815.000 ns	     47980	80009eac	ff9ff06f	jal	x0,80009ea8	
     479865.000 ns	     47985	80009ea4	00036f17	auipc	x30,0x36	 x30=0x8003fea4
     479875.000 ns	     47986	80009ea8	143f2e23	sw	x3,348(x30)	 x30:0x8003fea4  x3:0x00000001 PA:0xxxxxxxxx
     479895.000 ns	     47988	80009eac	ff9ff06f	jal	x0,80009ea8	
     479945.000 ns	     47993	80009ea4	00036f17	auipc	x30,0x36	 x30=0x8003fea4
     479955.000 ns	     47994	80009ea8	143f2e23	sw	x3,348(x30)	 x30:0x8003fea4  x3:0x00000001 PA:0xxxxxxxxx
     479975.000 ns	     47996	80009eac	ff9ff06f	jal	x0,80009ea8	
     480025.000 ns	     48001	80009ea4	00036f17	auipc	x30,0x36	 x30=0x8003fea4
     480035.000 ns	     48002	80009ea8	143f2e23	sw	x3,348(x30)	 x30:0x8003fea4  x3:0x00000001 PA:0xxxxxxxxx
     480055.000 ns	     48004	80009eac	ff9ff06f	jal	x0,80009ea8	
     480105.000 ns	     48009	80009ea4	00036f17	auipc	x30,0x36	 x30=0x8003fea4
     480115.000 ns	     48010	80009ea8	143f2e23	sw	x3,348(x30)	 x30:0x8003fea4  x3:0x00000001 PA:0xxxxxxxxx
     480135.000 ns	     48012	80009eac	ff9ff06f	jal	x0,80009ea8	
     480185.000 ns	     48017	80009ea4	00036f17	auipc	x30,0x36	 x30=0x8003fea4
     480195.000 ns	     48018	80009ea8	143f2e23	sw	x3,348(x30)	 x30:0x8003fea4  x3:0x00000001 PA:0xxxxxxxxx
     480215.000 ns	     48020	80009eac	ff9ff06f	jal	x0,80009ea8	
     480265.000 ns	     48025	80009ea4	00036f17	auipc	x30,0x36	 x30=0x8003fea4
     480275.000 ns	     48026	80009ea8	143f2e23	sw	x3,348(x30)	 x30:0x8003fea4  x3:0x00000001 PA:0xxxxxxxxx
     480295.000 ns	     48028	80009eac	ff9ff06f	jal	x0,80009ea8	
     480345.000 ns	     48033	80009ea4	00036f17	auipc	x30,0x36	 x30=0x8003fea4
     480355.000 ns	     48034	80009ea8	143f2e23	sw	x3,348(x30)	 x30:0x8003fea4  x3:0x00000001 PA:0xxxxxxxxx
     480375.000 ns	     48036	80009eac	ff9ff06f	jal	x0,80009ea8	
     480425.000 ns	     48041	80009ea4	00036f17	auipc	x30,0x36	 x30=0x8003fea4
     480435.000 ns	     48042	80009ea8	143f2e23	sw	x3,348(x30)	 x30:0x8003fea4  x3:0x00000001 PA:0xxxxxxxxx
     480455.000 ns	     48044	80009eac	ff9ff06f	jal	x0,80009ea8	
     480505.000 ns	     48049	80009ea4	00036f17	auipc	x30,0x36	 x30=0x8003fea4
     480515.000 ns	     48050	80009ea8	143f2e23	sw	x3,348(x30)	 x30:0x8003fea4  x3:0x00000001 PA:0xxxxxxxxx
     480535.000 ns	     48052	80009eac	ff9ff06f	jal	x0,80009ea8	
     480585.000 ns	     48057	80009ea4	00036f17	auipc	x30,0x36	 x30=0x8003fea4
     480595.000 ns	     48058	80009ea8	143f2e23	sw	x3,348(x30)	 x30:0x8003fea4  x3:0x00000001 PA:0xxxxxxxxx
     480615.000 ns	     48060	80009eac	ff9ff06f	jal	x0,80009ea8	
     480665.000 ns	     48065	80009ea4	00036f17	auipc	x30,0x36	 x30=0x8003fea4
     480675.000 ns	     48066	80009ea8	143f2e23	sw	x3,348(x30)	 x30:0x8003fea4  x3:0x00000001 PA:0xxxxxxxxx
     480695.000 ns	     48068	80009eac	ff9ff06f	jal	x0,80009ea8	
     480745.000 ns	     48073	80009ea4	00036f17	auipc	x30,0x36	 x30=0x8003fea4
     480755.000 ns	     48074	80009ea8	143f2e23	sw	x3,348(x30)	 x30:0x8003fea4  x3:0x00000001 PA:0xxxxxxxxx
     480775.000 ns	     48076	80009eac	ff9ff06f	jal	x0,80009ea8	
     480825.000 ns	     48081	80009ea4	00036f17	auipc	x30,0x36	 x30=0x8003fea4
     480835.000 ns	     48082	80009ea8	143f2e23	sw	x3,348(x30)	 x30:0x8003fea4  x3:0x00000001 PA:0xxxxxxxxx
     480855.000 ns	     48084	80009eac	ff9ff06f	jal	x0,80009ea8	
     480905.000 ns	     48089	80009ea4	00036f17	auipc	x30,0x36	 x30=0x8003fea4
     480915.000 ns	     48090	80009ea8	143f2e23	sw	x3,348(x30)	 x30:0x8003fea4  x3:0x00000001 PA:0xxxxxxxxx
     480935.000 ns	     48092	80009eac	ff9ff06f	jal	x0,80009ea8	
     480985.000 ns	     48097	80009ea4	00036f17	auipc	x30,0x36	 x30=0x8003fea4
     480995.000 ns	     48098	80009ea8	143f2e23	sw	x3,348(x30)	 x30:0x8003fea4  x3:0x00000001 PA:0xxxxxxxxx
     481015.000 ns	     48100	80009eac	ff9ff06f	jal	x0,80009ea8	
     481065.000 ns	     48105	80009ea4	00036f17	auipc	x30,0x36	 x30=0x8003fea4
     481075.000 ns	     48106	80009ea8	143f2e23	sw	x3,348(x30)	 x30:0x8003fea4  x3:0x00000001 PA:0xxxxxxxxx
     481095.000 ns	     48108	80009eac	ff9ff06f	jal	x0,80009ea8	
     481145.000 ns	     48113	80009ea4	00036f17	auipc	x30,0x36	 x30=0x8003fea4
     481155.000 ns	     48114	80009ea8	143f2e23	sw	x3,348(x30)	 x30:0x8003fea4  x3:0x00000001 PA:0xxxxxxxxx
     481175.000 ns	     48116	80009eac	ff9ff06f	jal	x0,80009ea8	
     481225.000 ns	     48121	80009ea4	00036f17	auipc	x30,0x36	 x30=0x8003fea4
     481235.000 ns	     48122	80009ea8	143f2e23	sw	x3,348(x30)	 x30:0x8003fea4  x3:0x00000001 PA:0xxxxxxxxx
     481255.000 ns	     48124	80009eac	ff9ff06f	jal	x0,80009ea8	
     481305.000 ns	     48129	80009ea4	00036f17	auipc	x30,0x36	 x30=0x8003fea4
     481315.000 ns	     48130	80009ea8	143f2e23	sw	x3,348(x30)	 x30:0x8003fea4  x3:0x00000001 PA:0xxxxxxxxx
     481335.000 ns	     48132	80009eac	ff9ff06f	jal	x0,80009ea8	
     481385.000 ns	     48137	80009ea4	00036f17	auipc	x30,0x36	 x30=0x8003fea4
     481395.000 ns	     48138	80009ea8	143f2e23	sw	x3,348(x30)	 x30:0x8003fea4  x3:0x00000001 PA:0xxxxxxxxx
     481415.000 ns	     48140	80009eac	ff9ff06f	jal	x0,80009ea8	
     481465.000 ns	     48145	80009ea4	00036f17	auipc	x30,0x36	 x30=0x8003fea4
     481475.000 ns	     48146	80009ea8	143f2e23	sw	x3,348(x30)	 x30:0x8003fea4  x3:0x00000001 PA:0xxxxxxxxx
     481495.000 ns	     48148	80009eac	ff9ff06f	jal	x0,80009ea8	
     481545.000 ns	     48153	80009ea4	00036f17	auipc	x30,0x36	 x30=0x8003fea4
     481555.000 ns	     48154	80009ea8	143f2e23	sw	x3,348(x30)	 x30:0x8003fea4  x3:0x00000001 PA:0xxxxxxxxx
     481575.000 ns	     48156	80009eac	ff9ff06f	jal	x0,80009ea8	
     481625.000 ns	     48161	80009ea4	00036f17	auipc	x30,0x36	 x30=0x8003fea4
     481635.000 ns	     48162	80009ea8	143f2e23	sw	x3,348(x30)	 x30:0x8003fea4  x3:0x00000001 PA:0xxxxxxxxx
     481655.000 ns	     48164	80009eac	ff9ff06f	jal	x0,80009ea8	
     481705.000 ns	     48169	80009ea4	00036f17	auipc	x30,0x36	 x30=0x8003fea4
     481715.000 ns	     48170	80009ea8	143f2e23	sw	x3,348(x30)	 x30:0x8003fea4  x3:0x00000001 PA:0xxxxxxxxx
     481735.000 ns	     48172	80009eac	ff9ff06f	jal	x0,80009ea8	
     481785.000 ns	     48177	80009ea4	00036f17	auipc	x30,0x36	 x30=0x8003fea4
     481795.000 ns	     48178	80009ea8	143f2e23	sw	x3,348(x30)	 x30:0x8003fea4  x3:0x00000001 PA:0xxxxxxxxx
     481815.000 ns	     48180	80009eac	ff9ff06f	jal	x0,80009ea8	
     481865.000 ns	     48185	80009ea4	00036f17	auipc	x30,0x36	 x30=0x8003fea4
     481875.000 ns	     48186	80009ea8	143f2e23	sw	x3,348(x30)	 x30:0x8003fea4  x3:0x00000001 PA:0xxxxxxxxx
     481895.000 ns	     48188	80009eac	ff9ff06f	jal	x0,80009ea8	
     481945.000 ns	     48193	80009ea4	00036f17	auipc	x30,0x36	 x30=0x8003fea4
     481955.000 ns	     48194	80009ea8	143f2e23	sw	x3,348(x30)	 x30:0x8003fea4  x3:0x00000001 PA:0xxxxxxxxx
     481975.000 ns	     48196	80009eac	ff9ff06f	jal	x0,80009ea8	
     482025.000 ns	     48201	80009ea4	00036f17	auipc	x30,0x36	 x30=0x8003fea4
     482035.000 ns	     48202	80009ea8	143f2e23	sw	x3,348(x30)	 x30:0x8003fea4  x3:0x00000001 PA:0xxxxxxxxx
     482055.000 ns	     48204	80009eac	ff9ff06f	jal	x0,80009ea8	
     482105.000 ns	     48209	80009ea4	00036f17	auipc	x30,0x36	 x30=0x8003fea4
     482115.000 ns	     48210	80009ea8	143f2e23	sw	x3,348(x30)	 x30:0x8003fea4  x3:0x00000001 PA:0xxxxxxxxx
     482135.000 ns	     48212	80009eac	ff9ff06f	jal	x0,80009ea8	
     482185.000 ns	     48217	80009ea4	00036f17	auipc	x30,0x36	 x30=0x8003fea4
     482195.000 ns	     48218	80009ea8	143f2e23	sw	x3,348(x30)	 x30:0x8003fea4  x3:0x00000001 PA:0xxxxxxxxx
     482215.000 ns	     48220	80009eac	ff9ff06f	jal	x0,80009ea8	
     482265.000 ns	     48225	80009ea4	00036f17	auipc	x30,0x36	 x30=0x8003fea4
     482275.000 ns	     48226	80009ea8	143f2e23	sw	x3,348(x30)	 x30:0x8003fea4  x3:0x00000001 PA:0xxxxxxxxx
     482295.000 ns	     48228	80009eac	ff9ff06f	jal	x0,80009ea8	
     482345.000 ns	     48233	80009ea4	00036f17	auipc	x30,0x36	 x30=0x8003fea4
     482355.000 ns	     48234	80009ea8	143f2e23	sw	x3,348(x30)	 x30:0x8003fea4  x3:0x00000001 PA:0xxxxxxxxx
     482375.000 ns	     48236	80009eac	ff9ff06f	jal	x0,80009ea8	
     482425.000 ns	     48241	80009ea4	00036f17	auipc	x30,0x36	 x30=0x8003fea4
     482435.000 ns	     48242	80009ea8	143f2e23	sw	x3,348(x30)	 x30:0x8003fea4  x3:0x00000001 PA:0xxxxxxxxx
     482455.000 ns	     48244	80009eac	ff9ff06f	jal	x0,80009ea8	
     482505.000 ns	     48249	80009ea4	00036f17	auipc	x30,0x36	 x30=0x8003fea4
     482515.000 ns	     48250	80009ea8	143f2e23	sw	x3,348(x30)	 x30:0x8003fea4  x3:0x00000001 PA:0xxxxxxxxx
     482535.000 ns	     48252	80009eac	ff9ff06f	jal	x0,80009ea8	
     482585.000 ns	     48257	80009ea4	00036f17	auipc	x30,0x36	 x30=0x8003fea4
     482595.000 ns	     48258	80009ea8	143f2e23	sw	x3,348(x30)	 x30:0x8003fea4  x3:0x00000001 PA:0xxxxxxxxx
     482615.000 ns	     48260	80009eac	ff9ff06f	jal	x0,80009ea8	
     482665.000 ns	     48265	80009ea4	00036f17	auipc	x30,0x36	 x30=0x8003fea4
     482675.000 ns	     48266	80009ea8	143f2e23	sw	x3,348(x30)	 x30:0x8003fea4  x3:0x00000001 PA:0xxxxxxxxx
     482695.000 ns	     48268	80009eac	ff9ff06f	jal	x0,80009ea8	
     482745.000 ns	     48273	80009ea4	00036f17	auipc	x30,0x36	 x30=0x8003fea4
     482755.000 ns	     48274	80009ea8	143f2e23	sw	x3,348(x30)	 x30:0x8003fea4  x3:0x00000001 PA:0xxxxxxxxx
     482775.000 ns	     48276	80009eac	ff9ff06f	jal	x0,80009ea8	
     482825.000 ns	     48281	80009ea4	00036f17	auipc	x30,0x36	 x30=0x8003fea4
     482835.000 ns	     48282	80009ea8	143f2e23	sw	x3,348(x30)	 x30:0x8003fea4  x3:0x00000001 PA:0xxxxxxxxx
     482855.000 ns	     48284	80009eac	ff9ff06f	jal	x0,80009ea8	
     482905.000 ns	     48289	80009ea4	00036f17	auipc	x30,0x36	 x30=0x8003fea4
     482915.000 ns	     48290	80009ea8	143f2e23	sw	x3,348(x30)	 x30:0x8003fea4  x3:0x00000001 PA:0xxxxxxxxx
     482935.000 ns	     48292	80009eac	ff9ff06f	jal	x0,80009ea8	
     482985.000 ns	     48297	80009ea4	00036f17	auipc	x30,0x36	 x30=0x8003fea4
     482995.000 ns	     48298	80009ea8	143f2e23	sw	x3,348(x30)	 x30:0x8003fea4  x3:0x00000001 PA:0xxxxxxxxx
     483015.000 ns	     48300	80009eac	ff9ff06f	jal	x0,80009ea8	
     483065.000 ns	     48305	80009ea4	00036f17	auipc	x30,0x36	 x30=0x8003fea4
     483075.000 ns	     48306	80009ea8	143f2e23	sw	x3,348(x30)	 x30:0x8003fea4  x3:0x00000001 PA:0xxxxxxxxx
     483095.000 ns	     48308	80009eac	ff9ff06f	jal	x0,80009ea8	
     483145.000 ns	     48313	80009ea4	00036f17	auipc	x30,0x36	 x30=0x8003fea4
     483155.000 ns	     48314	80009ea8	143f2e23	sw	x3,348(x30)	 x30:0x8003fea4  x3:0x00000001 PA:0xxxxxxxxx
     483175.000 ns	     48316	80009eac	ff9ff06f	jal	x0,80009ea8	
     483225.000 ns	     48321	80009ea4	00036f17	auipc	x30,0x36	 x30=0x8003fea4
     483235.000 ns	     48322	80009ea8	143f2e23	sw	x3,348(x30)	 x30:0x8003fea4  x3:0x00000001 PA:0xxxxxxxxx
     483255.000 ns	     48324	80009eac	ff9ff06f	jal	x0,80009ea8	
     483305.000 ns	     48329	80009ea4	00036f17	auipc	x30,0x36	 x30=0x8003fea4
     483315.000 ns	     48330	80009ea8	143f2e23	sw	x3,348(x30)	 x30:0x8003fea4  x3:0x00000001 PA:0xxxxxxxxx
     483335.000 ns	     48332	80009eac	ff9ff06f	jal	x0,80009ea8	
     483385.000 ns	     48337	80009ea4	00036f17	auipc	x30,0x36	 x30=0x8003fea4
     483395.000 ns	     48338	80009ea8	143f2e23	sw	x3,348(x30)	 x30:0x8003fea4  x3:0x00000001 PA:0xxxxxxxxx
     483415.000 ns	     48340	80009eac	ff9ff06f	jal	x0,80009ea8	
     483465.000 ns	     48345	80009ea4	00036f17	auipc	x30,0x36	 x30=0x8003fea4
     483475.000 ns	     48346	80009ea8	143f2e23	sw	x3,348(x30)	 x30:0x8003fea4  x3:0x00000001 PA:0xxxxxxxxx
     483495.000 ns	     48348	80009eac	ff9ff06f	jal	x0,80009ea8	
     483545.000 ns	     48353	80009ea4	00036f17	auipc	x30,0x36	 x30=0x8003fea4
     483555.000 ns	     48354	80009ea8	143f2e23	sw	x3,348(x30)	 x30:0x8003fea4  x3:0x00000001 PA:0xxxxxxxxx
     483575.000 ns	     48356	80009eac	ff9ff06f	jal	x0,80009ea8	
     483625.000 ns	     48361	80009ea4	00036f17	auipc	x30,0x36	 x30=0x8003fea4
     483635.000 ns	     48362	80009ea8	143f2e23	sw	x3,348(x30)	 x30:0x8003fea4  x3:0x00000001 PA:0xxxxxxxxx
     483655.000 ns	     48364	80009eac	ff9ff06f	jal	x0,80009ea8	
     483705.000 ns	     48369	80009ea4	00036f17	auipc	x30,0x36	 x30=0x8003fea4
     483715.000 ns	     48370	80009ea8	143f2e23	sw	x3,348(x30)	 x30:0x8003fea4  x3:0x00000001 PA:0xxxxxxxxx
     483735.000 ns	     48372	80009eac	ff9ff06f	jal	x0,80009ea8	
     483785.000 ns	     48377	80009ea4	00036f17	auipc	x30,0x36	 x30=0x8003fea4
     483795.000 ns	     48378	80009ea8	143f2e23	sw	x3,348(x30)	 x30:0x8003fea4  x3:0x00000001 PA:0xxxxxxxxx
     483815.000 ns	     48380	80009eac	ff9ff06f	jal	x0,80009ea8	
     483865.000 ns	     48385	80009ea4	00036f17	auipc	x30,0x36	 x30=0x8003fea4
     483875.000 ns	     48386	80009ea8	143f2e23	sw	x3,348(x30)	 x30:0x8003fea4  x3:0x00000001 PA:0xxxxxxxxx
     483895.000 ns	     48388	80009eac	ff9ff06f	jal	x0,80009ea8	
     483945.000 ns	     48393	80009ea4	00036f17	auipc	x30,0x36	 x30=0x8003fea4
     483955.000 ns	     48394	80009ea8	143f2e23	sw	x3,348(x30)	 x30:0x8003fea4  x3:0x00000001 PA:0xxxxxxxxx
     483975.000 ns	     48396	80009eac	ff9ff06f	jal	x0,80009ea8	
     484025.000 ns	     48401	80009ea4	00036f17	auipc	x30,0x36	 x30=0x8003fea4
     484035.000 ns	     48402	80009ea8	143f2e23	sw	x3,348(x30)	 x30:0x8003fea4  x3:0x00000001 PA:0xxxxxxxxx
     484055.000 ns	     48404	80009eac	ff9ff06f	jal	x0,80009ea8	
     484105.000 ns	     48409	80009ea4	00036f17	auipc	x30,0x36	 x30=0x8003fea4
     484115.000 ns	     48410	80009ea8	143f2e23	sw	x3,348(x30)	 x30:0x8003fea4  x3:0x00000001 PA:0xxxxxxxxx
     484135.000 ns	     48412	80009eac	ff9ff06f	jal	x0,80009ea8	
     484185.000 ns	     48417	80009ea4	00036f17	auipc	x30,0x36	 x30=0x8003fea4
     484195.000 ns	     48418	80009ea8	143f2e23	sw	x3,348(x30)	 x30:0x8003fea4  x3:0x00000001 PA:0xxxxxxxxx
     484215.000 ns	     48420	80009eac	ff9ff06f	jal	x0,80009ea8	
     484265.000 ns	     48425	80009ea4	00036f17	auipc	x30,0x36	 x30=0x8003fea4
     484275.000 ns	     48426	80009ea8	143f2e23	sw	x3,348(x30)	 x30:0x8003fea4  x3:0x00000001 PA:0xxxxxxxxx
     484295.000 ns	     48428	80009eac	ff9ff06f	jal	x0,80009ea8	
     484345.000 ns	     48433	80009ea4	00036f17	auipc	x30,0x36	 x30=0x8003fea4
     484355.000 ns	     48434	80009ea8	143f2e23	sw	x3,348(x30)	 x30:0x8003fea4  x3:0x00000001 PA:0xxxxxxxxx
     484375.000 ns	     48436	80009eac	ff9ff06f	jal	x0,80009ea8	
     484425.000 ns	     48441	80009ea4	00036f17	auipc	x30,0x36	 x30=0x8003fea4
     484435.000 ns	     48442	80009ea8	143f2e23	sw	x3,348(x30)	 x30:0x8003fea4  x3:0x00000001 PA:0xxxxxxxxx
     484455.000 ns	     48444	80009eac	ff9ff06f	jal	x0,80009ea8	
     484505.000 ns	     48449	80009ea4	00036f17	auipc	x30,0x36	 x30=0x8003fea4
     484515.000 ns	     48450	80009ea8	143f2e23	sw	x3,348(x30)	 x30:0x8003fea4  x3:0x00000001 PA:0xxxxxxxxx
     484535.000 ns	     48452	80009eac	ff9ff06f	jal	x0,80009ea8	
     484585.000 ns	     48457	80009ea4	00036f17	auipc	x30,0x36	 x30=0x8003fea4
     484595.000 ns	     48458	80009ea8	143f2e23	sw	x3,348(x30)	 x30:0x8003fea4  x3:0x00000001 PA:0xxxxxxxxx
     484615.000 ns	     48460	80009eac	ff9ff06f	jal	x0,80009ea8	
     484665.000 ns	     48465	80009ea4	00036f17	auipc	x30,0x36	 x30=0x8003fea4
     484675.000 ns	     48466	80009ea8	143f2e23	sw	x3,348(x30)	 x30:0x8003fea4  x3:0x00000001 PA:0xxxxxxxxx
     484695.000 ns	     48468	80009eac	ff9ff06f	jal	x0,80009ea8	
     484745.000 ns	     48473	80009ea4	00036f17	auipc	x30,0x36	 x30=0x8003fea4
     484755.000 ns	     48474	80009ea8	143f2e23	sw	x3,348(x30)	 x30:0x8003fea4  x3:0x00000001 PA:0xxxxxxxxx
     484775.000 ns	     48476	80009eac	ff9ff06f	jal	x0,80009ea8	
     484825.000 ns	     48481	80009ea4	00036f17	auipc	x30,0x36	 x30=0x8003fea4
     484835.000 ns	     48482	80009ea8	143f2e23	sw	x3,348(x30)	 x30:0x8003fea4  x3:0x00000001 PA:0xxxxxxxxx
     484855.000 ns	     48484	80009eac	ff9ff06f	jal	x0,80009ea8	
     484905.000 ns	     48489	80009ea4	00036f17	auipc	x30,0x36	 x30=0x8003fea4
     484915.000 ns	     48490	80009ea8	143f2e23	sw	x3,348(x30)	 x30:0x8003fea4  x3:0x00000001 PA:0xxxxxxxxx
     484935.000 ns	     48492	80009eac	ff9ff06f	jal	x0,80009ea8	
     484985.000 ns	     48497	80009ea4	00036f17	auipc	x30,0x36	 x30=0x8003fea4
     484995.000 ns	     48498	80009ea8	143f2e23	sw	x3,348(x30)	 x30:0x8003fea4  x3:0x00000001 PA:0xxxxxxxxx
     485015.000 ns	     48500	80009eac	ff9ff06f	jal	x0,80009ea8	
     485065.000 ns	     48505	80009ea4	00036f17	auipc	x30,0x36	 x30=0x8003fea4
     485075.000 ns	     48506	80009ea8	143f2e23	sw	x3,348(x30)	 x30:0x8003fea4  x3:0x00000001 PA:0xxxxxxxxx
     485095.000 ns	     48508	80009eac	ff9ff06f	jal	x0,80009ea8	
     485145.000 ns	     48513	80009ea4	00036f17	auipc	x30,0x36	 x30=0x8003fea4
     485155.000 ns	     48514	80009ea8	143f2e23	sw	x3,348(x30)	 x30:0x8003fea4  x3:0x00000001 PA:0xxxxxxxxx
     485175.000 ns	     48516	80009eac	ff9ff06f	jal	x0,80009ea8	
     485225.000 ns	     48521	80009ea4	00036f17	auipc	x30,0x36	 x30=0x8003fea4
     485235.000 ns	     48522	80009ea8	143f2e23	sw	x3,348(x30)	 x30:0x8003fea4  x3:0x00000001 PA:0xxxxxxxxx
     485255.000 ns	     48524	80009eac	ff9ff06f	jal	x0,80009ea8	
     485305.000 ns	     48529	80009ea4	00036f17	auipc	x30,0x36	 x30=0x8003fea4
     485315.000 ns	     48530	80009ea8	143f2e23	sw	x3,348(x30)	 x30:0x8003fea4  x3:0x00000001 PA:0xxxxxxxxx
     485335.000 ns	     48532	80009eac	ff9ff06f	jal	x0,80009ea8	
     485385.000 ns	     48537	80009ea4	00036f17	auipc	x30,0x36	 x30=0x8003fea4
     485395.000 ns	     48538	80009ea8	143f2e23	sw	x3,348(x30)	 x30:0x8003fea4  x3:0x00000001 PA:0xxxxxxxxx
     485415.000 ns	     48540	80009eac	ff9ff06f	jal	x0,80009ea8	
     485465.000 ns	     48545	80009ea4	00036f17	auipc	x30,0x36	 x30=0x8003fea4
     485475.000 ns	     48546	80009ea8	143f2e23	sw	x3,348(x30)	 x30:0x8003fea4  x3:0x00000001 PA:0xxxxxxxxx
     485495.000 ns	     48548	80009eac	ff9ff06f	jal	x0,80009ea8	
     485545.000 ns	     48553	80009ea4	00036f17	auipc	x30,0x36	 x30=0x8003fea4
     485555.000 ns	     48554	80009ea8	143f2e23	sw	x3,348(x30)	 x30:0x8003fea4  x3:0x00000001 PA:0xxxxxxxxx
     485575.000 ns	     48556	80009eac	ff9ff06f	jal	x0,80009ea8	
     485625.000 ns	     48561	80009ea4	00036f17	auipc	x30,0x36	 x30=0x8003fea4
     485635.000 ns	     48562	80009ea8	143f2e23	sw	x3,348(x30)	 x30:0x8003fea4  x3:0x00000001 PA:0xxxxxxxxx
     485655.000 ns	     48564	80009eac	ff9ff06f	jal	x0,80009ea8	
     485705.000 ns	     48569	80009ea4	00036f17	auipc	x30,0x36	 x30=0x8003fea4
     485715.000 ns	     48570	80009ea8	143f2e23	sw	x3,348(x30)	 x30:0x8003fea4  x3:0x00000001 PA:0xxxxxxxxx
     485735.000 ns	     48572	80009eac	ff9ff06f	jal	x0,80009ea8	
     485785.000 ns	     48577	80009ea4	00036f17	auipc	x30,0x36	 x30=0x8003fea4
     485795.000 ns	     48578	80009ea8	143f2e23	sw	x3,348(x30)	 x30:0x8003fea4  x3:0x00000001 PA:0xxxxxxxxx
     485815.000 ns	     48580	80009eac	ff9ff06f	jal	x0,80009ea8	
     485865.000 ns	     48585	80009ea4	00036f17	auipc	x30,0x36	 x30=0x8003fea4
     485875.000 ns	     48586	80009ea8	143f2e23	sw	x3,348(x30)	 x30:0x8003fea4  x3:0x00000001 PA:0xxxxxxxxx
     485895.000 ns	     48588	80009eac	ff9ff06f	jal	x0,80009ea8	
     485945.000 ns	     48593	80009ea4	00036f17	auipc	x30,0x36	 x30=0x8003fea4
     485955.000 ns	     48594	80009ea8	143f2e23	sw	x3,348(x30)	 x30:0x8003fea4  x3:0x00000001 PA:0xxxxxxxxx
     485975.000 ns	     48596	80009eac	ff9ff06f	jal	x0,80009ea8	
     486025.000 ns	     48601	80009ea4	00036f17	auipc	x30,0x36	 x30=0x8003fea4
     486035.000 ns	     48602	80009ea8	143f2e23	sw	x3,348(x30)	 x30:0x8003fea4  x3:0x00000001 PA:0xxxxxxxxx
     486055.000 ns	     48604	80009eac	ff9ff06f	jal	x0,80009ea8	
     486105.000 ns	     48609	80009ea4	00036f17	auipc	x30,0x36	 x30=0x8003fea4
     486115.000 ns	     48610	80009ea8	143f2e23	sw	x3,348(x30)	 x30:0x8003fea4  x3:0x00000001 PA:0xxxxxxxxx
     486135.000 ns	     48612	80009eac	ff9ff06f	jal	x0,80009ea8	
     486185.000 ns	     48617	80009ea4	00036f17	auipc	x30,0x36	 x30=0x8003fea4
     486195.000 ns	     48618	80009ea8	143f2e23	sw	x3,348(x30)	 x30:0x8003fea4  x3:0x00000001 PA:0xxxxxxxxx
     486215.000 ns	     48620	80009eac	ff9ff06f	jal	x0,80009ea8	
     486265.000 ns	     48625	80009ea4	00036f17	auipc	x30,0x36	 x30=0x8003fea4
     486275.000 ns	     48626	80009ea8	143f2e23	sw	x3,348(x30)	 x30:0x8003fea4  x3:0x00000001 PA:0xxxxxxxxx
     486295.000 ns	     48628	80009eac	ff9ff06f	jal	x0,80009ea8	
     486345.000 ns	     48633	80009ea4	00036f17	auipc	x30,0x36	 x30=0x8003fea4
     486355.000 ns	     48634	80009ea8	143f2e23	sw	x3,348(x30)	 x30:0x8003fea4  x3:0x00000001 PA:0xxxxxxxxx
     486375.000 ns	     48636	80009eac	ff9ff06f	jal	x0,80009ea8	
     486425.000 ns	     48641	80009ea4	00036f17	auipc	x30,0x36	 x30=0x8003fea4
     486435.000 ns	     48642	80009ea8	143f2e23	sw	x3,348(x30)	 x30:0x8003fea4  x3:0x00000001 PA:0xxxxxxxxx
     486455.000 ns	     48644	80009eac	ff9ff06f	jal	x0,80009ea8	
     486505.000 ns	     48649	80009ea4	00036f17	auipc	x30,0x36	 x30=0x8003fea4
     486515.000 ns	     48650	80009ea8	143f2e23	sw	x3,348(x30)	 x30:0x8003fea4  x3:0x00000001 PA:0xxxxxxxxx
     486535.000 ns	     48652	80009eac	ff9ff06f	jal	x0,80009ea8	
     486585.000 ns	     48657	80009ea4	00036f17	auipc	x30,0x36	 x30=0x8003fea4
     486595.000 ns	     48658	80009ea8	143f2e23	sw	x3,348(x30)	 x30:0x8003fea4  x3:0x00000001 PA:0xxxxxxxxx
     486615.000 ns	     48660	80009eac	ff9ff06f	jal	x0,80009ea8	
     486665.000 ns	     48665	80009ea4	00036f17	auipc	x30,0x36	 x30=0x8003fea4
     486675.000 ns	     48666	80009ea8	143f2e23	sw	x3,348(x30)	 x30:0x8003fea4  x3:0x00000001 PA:0xxxxxxxxx
     486695.000 ns	     48668	80009eac	ff9ff06f	jal	x0,80009ea8	
     486745.000 ns	     48673	80009ea4	00036f17	auipc	x30,0x36	 x30=0x8003fea4
     486755.000 ns	     48674	80009ea8	143f2e23	sw	x3,348(x30)	 x30:0x8003fea4  x3:0x00000001 PA:0xxxxxxxxx
     486775.000 ns	     48676	80009eac	ff9ff06f	jal	x0,80009ea8	
     486825.000 ns	     48681	80009ea4	00036f17	auipc	x30,0x36	 x30=0x8003fea4
     486835.000 ns	     48682	80009ea8	143f2e23	sw	x3,348(x30)	 x30:0x8003fea4  x3:0x00000001 PA:0xxxxxxxxx
     486855.000 ns	     48684	80009eac	ff9ff06f	jal	x0,80009ea8	
     486905.000 ns	     48689	80009ea4	00036f17	auipc	x30,0x36	 x30=0x8003fea4
     486915.000 ns	     48690	80009ea8	143f2e23	sw	x3,348(x30)	 x30:0x8003fea4  x3:0x00000001 PA:0xxxxxxxxx
     486935.000 ns	     48692	80009eac	ff9ff06f	jal	x0,80009ea8	
     486985.000 ns	     48697	80009ea4	00036f17	auipc	x30,0x36	 x30=0x8003fea4
     486995.000 ns	     48698	80009ea8	143f2e23	sw	x3,348(x30)	 x30:0x8003fea4  x3:0x00000001 PA:0xxxxxxxxx
     487015.000 ns	     48700	80009eac	ff9ff06f	jal	x0,80009ea8	
     487065.000 ns	     48705	80009ea4	00036f17	auipc	x30,0x36	 x30=0x8003fea4
     487075.000 ns	     48706	80009ea8	143f2e23	sw	x3,348(x30)	 x30:0x8003fea4  x3:0x00000001 PA:0xxxxxxxxx
     487095.000 ns	     48708	80009eac	ff9ff06f	jal	x0,80009ea8	
     487145.000 ns	     48713	80009ea4	00036f17	auipc	x30,0x36	 x30=0x8003fea4
     487155.000 ns	     48714	80009ea8	143f2e23	sw	x3,348(x30)	 x30:0x8003fea4  x3:0x00000001 PA:0xxxxxxxxx
     487175.000 ns	     48716	80009eac	ff9ff06f	jal	x0,80009ea8	
     487225.000 ns	     48721	80009ea4	00036f17	auipc	x30,0x36	 x30=0x8003fea4
     487235.000 ns	     48722	80009ea8	143f2e23	sw	x3,348(x30)	 x30:0x8003fea4  x3:0x00000001 PA:0xxxxxxxxx
     487255.000 ns	     48724	80009eac	ff9ff06f	jal	x0,80009ea8	
     487305.000 ns	     48729	80009ea4	00036f17	auipc	x30,0x36	 x30=0x8003fea4
     487315.000 ns	     48730	80009ea8	143f2e23	sw	x3,348(x30)	 x30:0x8003fea4  x3:0x00000001 PA:0xxxxxxxxx
     487335.000 ns	     48732	80009eac	ff9ff06f	jal	x0,80009ea8	
     487385.000 ns	     48737	80009ea4	00036f17	auipc	x30,0x36	 x30=0x8003fea4
     487395.000 ns	     48738	80009ea8	143f2e23	sw	x3,348(x30)	 x30:0x8003fea4  x3:0x00000001 PA:0xxxxxxxxx
     487415.000 ns	     48740	80009eac	ff9ff06f	jal	x0,80009ea8	
     487465.000 ns	     48745	80009ea4	00036f17	auipc	x30,0x36	 x30=0x8003fea4
     487475.000 ns	     48746	80009ea8	143f2e23	sw	x3,348(x30)	 x30:0x8003fea4  x3:0x00000001 PA:0xxxxxxxxx
     487495.000 ns	     48748	80009eac	ff9ff06f	jal	x0,80009ea8	
     487545.000 ns	     48753	80009ea4	00036f17	auipc	x30,0x36	 x30=0x8003fea4
     487555.000 ns	     48754	80009ea8	143f2e23	sw	x3,348(x30)	 x30:0x8003fea4  x3:0x00000001 PA:0xxxxxxxxx
     487575.000 ns	     48756	80009eac	ff9ff06f	jal	x0,80009ea8	
     487625.000 ns	     48761	80009ea4	00036f17	auipc	x30,0x36	 x30=0x8003fea4
     487635.000 ns	     48762	80009ea8	143f2e23	sw	x3,348(x30)	 x30:0x8003fea4  x3:0x00000001 PA:0xxxxxxxxx
     487655.000 ns	     48764	80009eac	ff9ff06f	jal	x0,80009ea8	
     487705.000 ns	     48769	80009ea4	00036f17	auipc	x30,0x36	 x30=0x8003fea4
     487715.000 ns	     48770	80009ea8	143f2e23	sw	x3,348(x30)	 x30:0x8003fea4  x3:0x00000001 PA:0xxxxxxxxx
     487735.000 ns	     48772	80009eac	ff9ff06f	jal	x0,80009ea8	
     487785.000 ns	     48777	80009ea4	00036f17	auipc	x30,0x36	 x30=0x8003fea4
     487795.000 ns	     48778	80009ea8	143f2e23	sw	x3,348(x30)	 x30:0x8003fea4  x3:0x00000001 PA:0xxxxxxxxx
     487815.000 ns	     48780	80009eac	ff9ff06f	jal	x0,80009ea8	
     487865.000 ns	     48785	80009ea4	00036f17	auipc	x30,0x36	 x30=0x8003fea4
     487875.000 ns	     48786	80009ea8	143f2e23	sw	x3,348(x30)	 x30:0x8003fea4  x3:0x00000001 PA:0xxxxxxxxx
     487895.000 ns	     48788	80009eac	ff9ff06f	jal	x0,80009ea8	
     487945.000 ns	     48793	80009ea4	00036f17	auipc	x30,0x36	 x30=0x8003fea4
     487955.000 ns	     48794	80009ea8	143f2e23	sw	x3,348(x30)	 x30:0x8003fea4  x3:0x00000001 PA:0xxxxxxxxx
     487975.000 ns	     48796	80009eac	ff9ff06f	jal	x0,80009ea8	
     488025.000 ns	     48801	80009ea4	00036f17	auipc	x30,0x36	 x30=0x8003fea4
     488035.000 ns	     48802	80009ea8	143f2e23	sw	x3,348(x30)	 x30:0x8003fea4  x3:0x00000001 PA:0xxxxxxxxx
     488055.000 ns	     48804	80009eac	ff9ff06f	jal	x0,80009ea8	
     488105.000 ns	     48809	80009ea4	00036f17	auipc	x30,0x36	 x30=0x8003fea4
     488115.000 ns	     48810	80009ea8	143f2e23	sw	x3,348(x30)	 x30:0x8003fea4  x3:0x00000001 PA:0xxxxxxxxx
     488135.000 ns	     48812	80009eac	ff9ff06f	jal	x0,80009ea8	
     488185.000 ns	     48817	80009ea4	00036f17	auipc	x30,0x36	 x30=0x8003fea4
     488195.000 ns	     48818	80009ea8	143f2e23	sw	x3,348(x30)	 x30:0x8003fea4  x3:0x00000001 PA:0xxxxxxxxx
     488215.000 ns	     48820	80009eac	ff9ff06f	jal	x0,80009ea8	
     488265.000 ns	     48825	80009ea4	00036f17	auipc	x30,0x36	 x30=0x8003fea4
     488275.000 ns	     48826	80009ea8	143f2e23	sw	x3,348(x30)	 x30:0x8003fea4  x3:0x00000001 PA:0xxxxxxxxx
     488295.000 ns	     48828	80009eac	ff9ff06f	jal	x0,80009ea8	
     488345.000 ns	     48833	80009ea4	00036f17	auipc	x30,0x36	 x30=0x8003fea4
     488355.000 ns	     48834	80009ea8	143f2e23	sw	x3,348(x30)	 x30:0x8003fea4  x3:0x00000001 PA:0xxxxxxxxx
     488375.000 ns	     48836	80009eac	ff9ff06f	jal	x0,80009ea8	
     488425.000 ns	     48841	80009ea4	00036f17	auipc	x30,0x36	 x30=0x8003fea4
     488435.000 ns	     48842	80009ea8	143f2e23	sw	x3,348(x30)	 x30:0x8003fea4  x3:0x00000001 PA:0xxxxxxxxx
     488455.000 ns	     48844	80009eac	ff9ff06f	jal	x0,80009ea8	
     488505.000 ns	     48849	80009ea4	00036f17	auipc	x30,0x36	 x30=0x8003fea4
     488515.000 ns	     48850	80009ea8	143f2e23	sw	x3,348(x30)	 x30:0x8003fea4  x3:0x00000001 PA:0xxxxxxxxx
     488535.000 ns	     48852	80009eac	ff9ff06f	jal	x0,80009ea8	
     488585.000 ns	     48857	80009ea4	00036f17	auipc	x30,0x36	 x30=0x8003fea4
     488595.000 ns	     48858	80009ea8	143f2e23	sw	x3,348(x30)	 x30:0x8003fea4  x3:0x00000001 PA:0xxxxxxxxx
     488615.000 ns	     48860	80009eac	ff9ff06f	jal	x0,80009ea8	
     488665.000 ns	     48865	80009ea4	00036f17	auipc	x30,0x36	 x30=0x8003fea4
     488675.000 ns	     48866	80009ea8	143f2e23	sw	x3,348(x30)	 x30:0x8003fea4  x3:0x00000001 PA:0xxxxxxxxx
     488695.000 ns	     48868	80009eac	ff9ff06f	jal	x0,80009ea8	
     488745.000 ns	     48873	80009ea4	00036f17	auipc	x30,0x36	 x30=0x8003fea4
     488755.000 ns	     48874	80009ea8	143f2e23	sw	x3,348(x30)	 x30:0x8003fea4  x3:0x00000001 PA:0xxxxxxxxx
     488775.000 ns	     48876	80009eac	ff9ff06f	jal	x0,80009ea8	
     488825.000 ns	     48881	80009ea4	00036f17	auipc	x30,0x36	 x30=0x8003fea4
     488835.000 ns	     48882	80009ea8	143f2e23	sw	x3,348(x30)	 x30:0x8003fea4  x3:0x00000001 PA:0xxxxxxxxx
     488855.000 ns	     48884	80009eac	ff9ff06f	jal	x0,80009ea8	
     488905.000 ns	     48889	80009ea4	00036f17	auipc	x30,0x36	 x30=0x8003fea4
     488915.000 ns	     48890	80009ea8	143f2e23	sw	x3,348(x30)	 x30:0x8003fea4  x3:0x00000001 PA:0xxxxxxxxx
     488935.000 ns	     48892	80009eac	ff9ff06f	jal	x0,80009ea8	
     488985.000 ns	     48897	80009ea4	00036f17	auipc	x30,0x36	 x30=0x8003fea4
     488995.000 ns	     48898	80009ea8	143f2e23	sw	x3,348(x30)	 x30:0x8003fea4  x3:0x00000001 PA:0xxxxxxxxx
     489015.000 ns	     48900	80009eac	ff9ff06f	jal	x0,80009ea8	
     489065.000 ns	     48905	80009ea4	00036f17	auipc	x30,0x36	 x30=0x8003fea4
     489075.000 ns	     48906	80009ea8	143f2e23	sw	x3,348(x30)	 x30:0x8003fea4  x3:0x00000001 PA:0xxxxxxxxx
     489095.000 ns	     48908	80009eac	ff9ff06f	jal	x0,80009ea8	
     489145.000 ns	     48913	80009ea4	00036f17	auipc	x30,0x36	 x30=0x8003fea4
     489155.000 ns	     48914	80009ea8	143f2e23	sw	x3,348(x30)	 x30:0x8003fea4  x3:0x00000001 PA:0xxxxxxxxx
     489175.000 ns	     48916	80009eac	ff9ff06f	jal	x0,80009ea8	
     489225.000 ns	     48921	80009ea4	00036f17	auipc	x30,0x36	 x30=0x8003fea4
     489235.000 ns	     48922	80009ea8	143f2e23	sw	x3,348(x30)	 x30:0x8003fea4  x3:0x00000001 PA:0xxxxxxxxx
     489255.000 ns	     48924	80009eac	ff9ff06f	jal	x0,80009ea8	
     489305.000 ns	     48929	80009ea4	00036f17	auipc	x30,0x36	 x30=0x8003fea4
     489315.000 ns	     48930	80009ea8	143f2e23	sw	x3,348(x30)	 x30:0x8003fea4  x3:0x00000001 PA:0xxxxxxxxx
     489335.000 ns	     48932	80009eac	ff9ff06f	jal	x0,80009ea8	
     489385.000 ns	     48937	80009ea4	00036f17	auipc	x30,0x36	 x30=0x8003fea4
     489395.000 ns	     48938	80009ea8	143f2e23	sw	x3,348(x30)	 x30:0x8003fea4  x3:0x00000001 PA:0xxxxxxxxx
     489415.000 ns	     48940	80009eac	ff9ff06f	jal	x0,80009ea8	
     489465.000 ns	     48945	80009ea4	00036f17	auipc	x30,0x36	 x30=0x8003fea4
     489475.000 ns	     48946	80009ea8	143f2e23	sw	x3,348(x30)	 x30:0x8003fea4  x3:0x00000001 PA:0xxxxxxxxx
     489495.000 ns	     48948	80009eac	ff9ff06f	jal	x0,80009ea8	
     489545.000 ns	     48953	80009ea4	00036f17	auipc	x30,0x36	 x30=0x8003fea4
     489555.000 ns	     48954	80009ea8	143f2e23	sw	x3,348(x30)	 x30:0x8003fea4  x3:0x00000001 PA:0xxxxxxxxx
     489575.000 ns	     48956	80009eac	ff9ff06f	jal	x0,80009ea8	
     489625.000 ns	     48961	80009ea4	00036f17	auipc	x30,0x36	 x30=0x8003fea4
     489635.000 ns	     48962	80009ea8	143f2e23	sw	x3,348(x30)	 x30:0x8003fea4  x3:0x00000001 PA:0xxxxxxxxx
     489655.000 ns	     48964	80009eac	ff9ff06f	jal	x0,80009ea8	
     489705.000 ns	     48969	80009ea4	00036f17	auipc	x30,0x36	 x30=0x8003fea4
     489715.000 ns	     48970	80009ea8	143f2e23	sw	x3,348(x30)	 x30:0x8003fea4  x3:0x00000001 PA:0xxxxxxxxx
     489735.000 ns	     48972	80009eac	ff9ff06f	jal	x0,80009ea8	
     489785.000 ns	     48977	80009ea4	00036f17	auipc	x30,0x36	 x30=0x8003fea4
     489795.000 ns	     48978	80009ea8	143f2e23	sw	x3,348(x30)	 x30:0x8003fea4  x3:0x00000001 PA:0xxxxxxxxx
     489815.000 ns	     48980	80009eac	ff9ff06f	jal	x0,80009ea8	
     489865.000 ns	     48985	80009ea4	00036f17	auipc	x30,0x36	 x30=0x8003fea4
     489875.000 ns	     48986	80009ea8	143f2e23	sw	x3,348(x30)	 x30:0x8003fea4  x3:0x00000001 PA:0xxxxxxxxx
     489895.000 ns	     48988	80009eac	ff9ff06f	jal	x0,80009ea8	
     489945.000 ns	     48993	80009ea4	00036f17	auipc	x30,0x36	 x30=0x8003fea4
     489955.000 ns	     48994	80009ea8	143f2e23	sw	x3,348(x30)	 x30:0x8003fea4  x3:0x00000001 PA:0xxxxxxxxx
     489975.000 ns	     48996	80009eac	ff9ff06f	jal	x0,80009ea8	
     490025.000 ns	     49001	80009ea4	00036f17	auipc	x30,0x36	 x30=0x8003fea4
     490035.000 ns	     49002	80009ea8	143f2e23	sw	x3,348(x30)	 x30:0x8003fea4  x3:0x00000001 PA:0xxxxxxxxx
     490055.000 ns	     49004	80009eac	ff9ff06f	jal	x0,80009ea8	
     490105.000 ns	     49009	80009ea4	00036f17	auipc	x30,0x36	 x30=0x8003fea4
     490115.000 ns	     49010	80009ea8	143f2e23	sw	x3,348(x30)	 x30:0x8003fea4  x3:0x00000001 PA:0xxxxxxxxx
     490135.000 ns	     49012	80009eac	ff9ff06f	jal	x0,80009ea8	
     490185.000 ns	     49017	80009ea4	00036f17	auipc	x30,0x36	 x30=0x8003fea4
     490195.000 ns	     49018	80009ea8	143f2e23	sw	x3,348(x30)	 x30:0x8003fea4  x3:0x00000001 PA:0xxxxxxxxx
     490215.000 ns	     49020	80009eac	ff9ff06f	jal	x0,80009ea8	
     490265.000 ns	     49025	80009ea4	00036f17	auipc	x30,0x36	 x30=0x8003fea4
     490275.000 ns	     49026	80009ea8	143f2e23	sw	x3,348(x30)	 x30:0x8003fea4  x3:0x00000001 PA:0xxxxxxxxx
     490295.000 ns	     49028	80009eac	ff9ff06f	jal	x0,80009ea8	
     490345.000 ns	     49033	80009ea4	00036f17	auipc	x30,0x36	 x30=0x8003fea4
     490355.000 ns	     49034	80009ea8	143f2e23	sw	x3,348(x30)	 x30:0x8003fea4  x3:0x00000001 PA:0xxxxxxxxx
     490375.000 ns	     49036	80009eac	ff9ff06f	jal	x0,80009ea8	
     490425.000 ns	     49041	80009ea4	00036f17	auipc	x30,0x36	 x30=0x8003fea4
     490435.000 ns	     49042	80009ea8	143f2e23	sw	x3,348(x30)	 x30:0x8003fea4  x3:0x00000001 PA:0xxxxxxxxx
     490455.000 ns	     49044	80009eac	ff9ff06f	jal	x0,80009ea8	
     490505.000 ns	     49049	80009ea4	00036f17	auipc	x30,0x36	 x30=0x8003fea4
     490515.000 ns	     49050	80009ea8	143f2e23	sw	x3,348(x30)	 x30:0x8003fea4  x3:0x00000001 PA:0xxxxxxxxx
     490535.000 ns	     49052	80009eac	ff9ff06f	jal	x0,80009ea8	
     490585.000 ns	     49057	80009ea4	00036f17	auipc	x30,0x36	 x30=0x8003fea4
     490595.000 ns	     49058	80009ea8	143f2e23	sw	x3,348(x30)	 x30:0x8003fea4  x3:0x00000001 PA:0xxxxxxxxx
     490615.000 ns	     49060	80009eac	ff9ff06f	jal	x0,80009ea8	
     490665.000 ns	     49065	80009ea4	00036f17	auipc	x30,0x36	 x30=0x8003fea4
     490675.000 ns	     49066	80009ea8	143f2e23	sw	x3,348(x30)	 x30:0x8003fea4  x3:0x00000001 PA:0xxxxxxxxx
     490695.000 ns	     49068	80009eac	ff9ff06f	jal	x0,80009ea8	
     490745.000 ns	     49073	80009ea4	00036f17	auipc	x30,0x36	 x30=0x8003fea4
     490755.000 ns	     49074	80009ea8	143f2e23	sw	x3,348(x30)	 x30:0x8003fea4  x3:0x00000001 PA:0xxxxxxxxx
     490775.000 ns	     49076	80009eac	ff9ff06f	jal	x0,80009ea8	
     490825.000 ns	     49081	80009ea4	00036f17	auipc	x30,0x36	 x30=0x8003fea4
     490835.000 ns	     49082	80009ea8	143f2e23	sw	x3,348(x30)	 x30:0x8003fea4  x3:0x00000001 PA:0xxxxxxxxx
     490855.000 ns	     49084	80009eac	ff9ff06f	jal	x0,80009ea8	
     490905.000 ns	     49089	80009ea4	00036f17	auipc	x30,0x36	 x30=0x8003fea4
     490915.000 ns	     49090	80009ea8	143f2e23	sw	x3,348(x30)	 x30:0x8003fea4  x3:0x00000001 PA:0xxxxxxxxx
     490935.000 ns	     49092	80009eac	ff9ff06f	jal	x0,80009ea8	
     490985.000 ns	     49097	80009ea4	00036f17	auipc	x30,0x36	 x30=0x8003fea4
     490995.000 ns	     49098	80009ea8	143f2e23	sw	x3,348(x30)	 x30:0x8003fea4  x3:0x00000001 PA:0xxxxxxxxx
     491015.000 ns	     49100	80009eac	ff9ff06f	jal	x0,80009ea8	
     491065.000 ns	     49105	80009ea4	00036f17	auipc	x30,0x36	 x30=0x8003fea4
     491075.000 ns	     49106	80009ea8	143f2e23	sw	x3,348(x30)	 x30:0x8003fea4  x3:0x00000001 PA:0xxxxxxxxx
     491095.000 ns	     49108	80009eac	ff9ff06f	jal	x0,80009ea8	
     491145.000 ns	     49113	80009ea4	00036f17	auipc	x30,0x36	 x30=0x8003fea4
     491155.000 ns	     49114	80009ea8	143f2e23	sw	x3,348(x30)	 x30:0x8003fea4  x3:0x00000001 PA:0xxxxxxxxx
     491175.000 ns	     49116	80009eac	ff9ff06f	jal	x0,80009ea8	
     491225.000 ns	     49121	80009ea4	00036f17	auipc	x30,0x36	 x30=0x8003fea4
     491235.000 ns	     49122	80009ea8	143f2e23	sw	x3,348(x30)	 x30:0x8003fea4  x3:0x00000001 PA:0xxxxxxxxx
     491255.000 ns	     49124	80009eac	ff9ff06f	jal	x0,80009ea8	
     491305.000 ns	     49129	80009ea4	00036f17	auipc	x30,0x36	 x30=0x8003fea4
     491315.000 ns	     49130	80009ea8	143f2e23	sw	x3,348(x30)	 x30:0x8003fea4  x3:0x00000001 PA:0xxxxxxxxx
     491335.000 ns	     49132	80009eac	ff9ff06f	jal	x0,80009ea8	
     491385.000 ns	     49137	80009ea4	00036f17	auipc	x30,0x36	 x30=0x8003fea4
     491395.000 ns	     49138	80009ea8	143f2e23	sw	x3,348(x30)	 x30:0x8003fea4  x3:0x00000001 PA:0xxxxxxxxx
     491415.000 ns	     49140	80009eac	ff9ff06f	jal	x0,80009ea8	
     491465.000 ns	     49145	80009ea4	00036f17	auipc	x30,0x36	 x30=0x8003fea4
     491475.000 ns	     49146	80009ea8	143f2e23	sw	x3,348(x30)	 x30:0x8003fea4  x3:0x00000001 PA:0xxxxxxxxx
     491495.000 ns	     49148	80009eac	ff9ff06f	jal	x0,80009ea8	
     491545.000 ns	     49153	80009ea4	00036f17	auipc	x30,0x36	 x30=0x8003fea4
     491555.000 ns	     49154	80009ea8	143f2e23	sw	x3,348(x30)	 x30:0x8003fea4  x3:0x00000001 PA:0xxxxxxxxx
     491575.000 ns	     49156	80009eac	ff9ff06f	jal	x0,80009ea8	
     491625.000 ns	     49161	80009ea4	00036f17	auipc	x30,0x36	 x30=0x8003fea4
     491635.000 ns	     49162	80009ea8	143f2e23	sw	x3,348(x30)	 x30:0x8003fea4  x3:0x00000001 PA:0xxxxxxxxx
     491655.000 ns	     49164	80009eac	ff9ff06f	jal	x0,80009ea8	
     491705.000 ns	     49169	80009ea4	00036f17	auipc	x30,0x36	 x30=0x8003fea4
     491715.000 ns	     49170	80009ea8	143f2e23	sw	x3,348(x30)	 x30:0x8003fea4  x3:0x00000001 PA:0xxxxxxxxx
     491735.000 ns	     49172	80009eac	ff9ff06f	jal	x0,80009ea8	
     491785.000 ns	     49177	80009ea4	00036f17	auipc	x30,0x36	 x30=0x8003fea4
     491795.000 ns	     49178	80009ea8	143f2e23	sw	x3,348(x30)	 x30:0x8003fea4  x3:0x00000001 PA:0xxxxxxxxx
     491815.000 ns	     49180	80009eac	ff9ff06f	jal	x0,80009ea8	
     491865.000 ns	     49185	80009ea4	00036f17	auipc	x30,0x36	 x30=0x8003fea4
     491875.000 ns	     49186	80009ea8	143f2e23	sw	x3,348(x30)	 x30:0x8003fea4  x3:0x00000001 PA:0xxxxxxxxx
     491895.000 ns	     49188	80009eac	ff9ff06f	jal	x0,80009ea8	
     491945.000 ns	     49193	80009ea4	00036f17	auipc	x30,0x36	 x30=0x8003fea4
     491955.000 ns	     49194	80009ea8	143f2e23	sw	x3,348(x30)	 x30:0x8003fea4  x3:0x00000001 PA:0xxxxxxxxx
     491975.000 ns	     49196	80009eac	ff9ff06f	jal	x0,80009ea8	
     492025.000 ns	     49201	80009ea4	00036f17	auipc	x30,0x36	 x30=0x8003fea4
     492035.000 ns	     49202	80009ea8	143f2e23	sw	x3,348(x30)	 x30:0x8003fea4  x3:0x00000001 PA:0xxxxxxxxx
     492055.000 ns	     49204	80009eac	ff9ff06f	jal	x0,80009ea8	
     492105.000 ns	     49209	80009ea4	00036f17	auipc	x30,0x36	 x30=0x8003fea4
     492115.000 ns	     49210	80009ea8	143f2e23	sw	x3,348(x30)	 x30:0x8003fea4  x3:0x00000001 PA:0xxxxxxxxx
     492135.000 ns	     49212	80009eac	ff9ff06f	jal	x0,80009ea8	
     492185.000 ns	     49217	80009ea4	00036f17	auipc	x30,0x36	 x30=0x8003fea4
     492195.000 ns	     49218	80009ea8	143f2e23	sw	x3,348(x30)	 x30:0x8003fea4  x3:0x00000001 PA:0xxxxxxxxx
     492215.000 ns	     49220	80009eac	ff9ff06f	jal	x0,80009ea8	
     492265.000 ns	     49225	80009ea4	00036f17	auipc	x30,0x36	 x30=0x8003fea4
     492275.000 ns	     49226	80009ea8	143f2e23	sw	x3,348(x30)	 x30:0x8003fea4  x3:0x00000001 PA:0xxxxxxxxx
     492295.000 ns	     49228	80009eac	ff9ff06f	jal	x0,80009ea8	
     492345.000 ns	     49233	80009ea4	00036f17	auipc	x30,0x36	 x30=0x8003fea4
     492355.000 ns	     49234	80009ea8	143f2e23	sw	x3,348(x30)	 x30:0x8003fea4  x3:0x00000001 PA:0xxxxxxxxx
     492375.000 ns	     49236	80009eac	ff9ff06f	jal	x0,80009ea8	
     492425.000 ns	     49241	80009ea4	00036f17	auipc	x30,0x36	 x30=0x8003fea4
     492435.000 ns	     49242	80009ea8	143f2e23	sw	x3,348(x30)	 x30:0x8003fea4  x3:0x00000001 PA:0xxxxxxxxx
     492455.000 ns	     49244	80009eac	ff9ff06f	jal	x0,80009ea8	
     492505.000 ns	     49249	80009ea4	00036f17	auipc	x30,0x36	 x30=0x8003fea4
     492515.000 ns	     49250	80009ea8	143f2e23	sw	x3,348(x30)	 x30:0x8003fea4  x3:0x00000001 PA:0xxxxxxxxx
     492535.000 ns	     49252	80009eac	ff9ff06f	jal	x0,80009ea8	
     492585.000 ns	     49257	80009ea4	00036f17	auipc	x30,0x36	 x30=0x8003fea4
     492595.000 ns	     49258	80009ea8	143f2e23	sw	x3,348(x30)	 x30:0x8003fea4  x3:0x00000001 PA:0xxxxxxxxx
     492615.000 ns	     49260	80009eac	ff9ff06f	jal	x0,80009ea8	
     492665.000 ns	     49265	80009ea4	00036f17	auipc	x30,0x36	 x30=0x8003fea4
     492675.000 ns	     49266	80009ea8	143f2e23	sw	x3,348(x30)	 x30:0x8003fea4  x3:0x00000001 PA:0xxxxxxxxx
     492695.000 ns	     49268	80009eac	ff9ff06f	jal	x0,80009ea8	
     492745.000 ns	     49273	80009ea4	00036f17	auipc	x30,0x36	 x30=0x8003fea4
     492755.000 ns	     49274	80009ea8	143f2e23	sw	x3,348(x30)	 x30:0x8003fea4  x3:0x00000001 PA:0xxxxxxxxx
     492775.000 ns	     49276	80009eac	ff9ff06f	jal	x0,80009ea8	
     492825.000 ns	     49281	80009ea4	00036f17	auipc	x30,0x36	 x30=0x8003fea4
     492835.000 ns	     49282	80009ea8	143f2e23	sw	x3,348(x30)	 x30:0x8003fea4  x3:0x00000001 PA:0xxxxxxxxx
     492855.000 ns	     49284	80009eac	ff9ff06f	jal	x0,80009ea8	
     492905.000 ns	     49289	80009ea4	00036f17	auipc	x30,0x36	 x30=0x8003fea4
     492915.000 ns	     49290	80009ea8	143f2e23	sw	x3,348(x30)	 x30:0x8003fea4  x3:0x00000001 PA:0xxxxxxxxx
     492935.000 ns	     49292	80009eac	ff9ff06f	jal	x0,80009ea8	
     492985.000 ns	     49297	80009ea4	00036f17	auipc	x30,0x36	 x30=0x8003fea4
     492995.000 ns	     49298	80009ea8	143f2e23	sw	x3,348(x30)	 x30:0x8003fea4  x3:0x00000001 PA:0xxxxxxxxx
     493015.000 ns	     49300	80009eac	ff9ff06f	jal	x0,80009ea8	
     493065.000 ns	     49305	80009ea4	00036f17	auipc	x30,0x36	 x30=0x8003fea4
     493075.000 ns	     49306	80009ea8	143f2e23	sw	x3,348(x30)	 x30:0x8003fea4  x3:0x00000001 PA:0xxxxxxxxx
     493095.000 ns	     49308	80009eac	ff9ff06f	jal	x0,80009ea8	
     493145.000 ns	     49313	80009ea4	00036f17	auipc	x30,0x36	 x30=0x8003fea4
     493155.000 ns	     49314	80009ea8	143f2e23	sw	x3,348(x30)	 x30:0x8003fea4  x3:0x00000001 PA:0xxxxxxxxx
     493175.000 ns	     49316	80009eac	ff9ff06f	jal	x0,80009ea8	
     493225.000 ns	     49321	80009ea4	00036f17	auipc	x30,0x36	 x30=0x8003fea4
     493235.000 ns	     49322	80009ea8	143f2e23	sw	x3,348(x30)	 x30:0x8003fea4  x3:0x00000001 PA:0xxxxxxxxx
     493255.000 ns	     49324	80009eac	ff9ff06f	jal	x0,80009ea8	
     493305.000 ns	     49329	80009ea4	00036f17	auipc	x30,0x36	 x30=0x8003fea4
     493315.000 ns	     49330	80009ea8	143f2e23	sw	x3,348(x30)	 x30:0x8003fea4  x3:0x00000001 PA:0xxxxxxxxx
     493335.000 ns	     49332	80009eac	ff9ff06f	jal	x0,80009ea8	
     493385.000 ns	     49337	80009ea4	00036f17	auipc	x30,0x36	 x30=0x8003fea4
     493395.000 ns	     49338	80009ea8	143f2e23	sw	x3,348(x30)	 x30:0x8003fea4  x3:0x00000001 PA:0xxxxxxxxx
     493415.000 ns	     49340	80009eac	ff9ff06f	jal	x0,80009ea8	
     493465.000 ns	     49345	80009ea4	00036f17	auipc	x30,0x36	 x30=0x8003fea4
     493475.000 ns	     49346	80009ea8	143f2e23	sw	x3,348(x30)	 x30:0x8003fea4  x3:0x00000001 PA:0xxxxxxxxx
     493495.000 ns	     49348	80009eac	ff9ff06f	jal	x0,80009ea8	
     493545.000 ns	     49353	80009ea4	00036f17	auipc	x30,0x36	 x30=0x8003fea4
     493555.000 ns	     49354	80009ea8	143f2e23	sw	x3,348(x30)	 x30:0x8003fea4  x3:0x00000001 PA:0xxxxxxxxx
     493575.000 ns	     49356	80009eac	ff9ff06f	jal	x0,80009ea8	
     493625.000 ns	     49361	80009ea4	00036f17	auipc	x30,0x36	 x30=0x8003fea4
     493635.000 ns	     49362	80009ea8	143f2e23	sw	x3,348(x30)	 x30:0x8003fea4  x3:0x00000001 PA:0xxxxxxxxx
     493655.000 ns	     49364	80009eac	ff9ff06f	jal	x0,80009ea8	
     493705.000 ns	     49369	80009ea4	00036f17	auipc	x30,0x36	 x30=0x8003fea4
     493715.000 ns	     49370	80009ea8	143f2e23	sw	x3,348(x30)	 x30:0x8003fea4  x3:0x00000001 PA:0xxxxxxxxx
     493735.000 ns	     49372	80009eac	ff9ff06f	jal	x0,80009ea8	
     493785.000 ns	     49377	80009ea4	00036f17	auipc	x30,0x36	 x30=0x8003fea4
     493795.000 ns	     49378	80009ea8	143f2e23	sw	x3,348(x30)	 x30:0x8003fea4  x3:0x00000001 PA:0xxxxxxxxx
     493815.000 ns	     49380	80009eac	ff9ff06f	jal	x0,80009ea8	
     493865.000 ns	     49385	80009ea4	00036f17	auipc	x30,0x36	 x30=0x8003fea4
     493875.000 ns	     49386	80009ea8	143f2e23	sw	x3,348(x30)	 x30:0x8003fea4  x3:0x00000001 PA:0xxxxxxxxx
     493895.000 ns	     49388	80009eac	ff9ff06f	jal	x0,80009ea8	
     493945.000 ns	     49393	80009ea4	00036f17	auipc	x30,0x36	 x30=0x8003fea4
     493955.000 ns	     49394	80009ea8	143f2e23	sw	x3,348(x30)	 x30:0x8003fea4  x3:0x00000001 PA:0xxxxxxxxx
     493975.000 ns	     49396	80009eac	ff9ff06f	jal	x0,80009ea8	
     494025.000 ns	     49401	80009ea4	00036f17	auipc	x30,0x36	 x30=0x8003fea4
     494035.000 ns	     49402	80009ea8	143f2e23	sw	x3,348(x30)	 x30:0x8003fea4  x3:0x00000001 PA:0xxxxxxxxx
     494055.000 ns	     49404	80009eac	ff9ff06f	jal	x0,80009ea8	
     494105.000 ns	     49409	80009ea4	00036f17	auipc	x30,0x36	 x30=0x8003fea4
     494115.000 ns	     49410	80009ea8	143f2e23	sw	x3,348(x30)	 x30:0x8003fea4  x3:0x00000001 PA:0xxxxxxxxx
     494135.000 ns	     49412	80009eac	ff9ff06f	jal	x0,80009ea8	
     494185.000 ns	     49417	80009ea4	00036f17	auipc	x30,0x36	 x30=0x8003fea4
     494195.000 ns	     49418	80009ea8	143f2e23	sw	x3,348(x30)	 x30:0x8003fea4  x3:0x00000001 PA:0xxxxxxxxx
     494215.000 ns	     49420	80009eac	ff9ff06f	jal	x0,80009ea8	
     494265.000 ns	     49425	80009ea4	00036f17	auipc	x30,0x36	 x30=0x8003fea4
     494275.000 ns	     49426	80009ea8	143f2e23	sw	x3,348(x30)	 x30:0x8003fea4  x3:0x00000001 PA:0xxxxxxxxx
     494295.000 ns	     49428	80009eac	ff9ff06f	jal	x0,80009ea8	
     494345.000 ns	     49433	80009ea4	00036f17	auipc	x30,0x36	 x30=0x8003fea4
     494355.000 ns	     49434	80009ea8	143f2e23	sw	x3,348(x30)	 x30:0x8003fea4  x3:0x00000001 PA:0xxxxxxxxx
     494375.000 ns	     49436	80009eac	ff9ff06f	jal	x0,80009ea8	
     494425.000 ns	     49441	80009ea4	00036f17	auipc	x30,0x36	 x30=0x8003fea4
     494435.000 ns	     49442	80009ea8	143f2e23	sw	x3,348(x30)	 x30:0x8003fea4  x3:0x00000001 PA:0xxxxxxxxx
     494455.000 ns	     49444	80009eac	ff9ff06f	jal	x0,80009ea8	
     494505.000 ns	     49449	80009ea4	00036f17	auipc	x30,0x36	 x30=0x8003fea4
     494515.000 ns	     49450	80009ea8	143f2e23	sw	x3,348(x30)	 x30:0x8003fea4  x3:0x00000001 PA:0xxxxxxxxx
     494535.000 ns	     49452	80009eac	ff9ff06f	jal	x0,80009ea8	
     494585.000 ns	     49457	80009ea4	00036f17	auipc	x30,0x36	 x30=0x8003fea4
     494595.000 ns	     49458	80009ea8	143f2e23	sw	x3,348(x30)	 x30:0x8003fea4  x3:0x00000001 PA:0xxxxxxxxx
     494615.000 ns	     49460	80009eac	ff9ff06f	jal	x0,80009ea8	
     494665.000 ns	     49465	80009ea4	00036f17	auipc	x30,0x36	 x30=0x8003fea4
     494675.000 ns	     49466	80009ea8	143f2e23	sw	x3,348(x30)	 x30:0x8003fea4  x3:0x00000001 PA:0xxxxxxxxx
     494695.000 ns	     49468	80009eac	ff9ff06f	jal	x0,80009ea8	
     494745.000 ns	     49473	80009ea4	00036f17	auipc	x30,0x36	 x30=0x8003fea4
     494755.000 ns	     49474	80009ea8	143f2e23	sw	x3,348(x30)	 x30:0x8003fea4  x3:0x00000001 PA:0xxxxxxxxx
     494775.000 ns	     49476	80009eac	ff9ff06f	jal	x0,80009ea8	
     494825.000 ns	     49481	80009ea4	00036f17	auipc	x30,0x36	 x30=0x8003fea4
     494835.000 ns	     49482	80009ea8	143f2e23	sw	x3,348(x30)	 x30:0x8003fea4  x3:0x00000001 PA:0xxxxxxxxx
     494855.000 ns	     49484	80009eac	ff9ff06f	jal	x0,80009ea8	
     494905.000 ns	     49489	80009ea4	00036f17	auipc	x30,0x36	 x30=0x8003fea4
     494915.000 ns	     49490	80009ea8	143f2e23	sw	x3,348(x30)	 x30:0x8003fea4  x3:0x00000001 PA:0xxxxxxxxx
     494935.000 ns	     49492	80009eac	ff9ff06f	jal	x0,80009ea8	
     494985.000 ns	     49497	80009ea4	00036f17	auipc	x30,0x36	 x30=0x8003fea4
     494995.000 ns	     49498	80009ea8	143f2e23	sw	x3,348(x30)	 x30:0x8003fea4  x3:0x00000001 PA:0xxxxxxxxx
     495015.000 ns	     49500	80009eac	ff9ff06f	jal	x0,80009ea8	
     495065.000 ns	     49505	80009ea4	00036f17	auipc	x30,0x36	 x30=0x8003fea4
     495075.000 ns	     49506	80009ea8	143f2e23	sw	x3,348(x30)	 x30:0x8003fea4  x3:0x00000001 PA:0xxxxxxxxx
     495095.000 ns	     49508	80009eac	ff9ff06f	jal	x0,80009ea8	
     495145.000 ns	     49513	80009ea4	00036f17	auipc	x30,0x36	 x30=0x8003fea4
     495155.000 ns	     49514	80009ea8	143f2e23	sw	x3,348(x30)	 x30:0x8003fea4  x3:0x00000001 PA:0xxxxxxxxx
     495175.000 ns	     49516	80009eac	ff9ff06f	jal	x0,80009ea8	
     495225.000 ns	     49521	80009ea4	00036f17	auipc	x30,0x36	 x30=0x8003fea4
     495235.000 ns	     49522	80009ea8	143f2e23	sw	x3,348(x30)	 x30:0x8003fea4  x3:0x00000001 PA:0xxxxxxxxx
     495255.000 ns	     49524	80009eac	ff9ff06f	jal	x0,80009ea8	
     495305.000 ns	     49529	80009ea4	00036f17	auipc	x30,0x36	 x30=0x8003fea4
     495315.000 ns	     49530	80009ea8	143f2e23	sw	x3,348(x30)	 x30:0x8003fea4  x3:0x00000001 PA:0xxxxxxxxx
     495335.000 ns	     49532	80009eac	ff9ff06f	jal	x0,80009ea8	
     495385.000 ns	     49537	80009ea4	00036f17	auipc	x30,0x36	 x30=0x8003fea4
     495395.000 ns	     49538	80009ea8	143f2e23	sw	x3,348(x30)	 x30:0x8003fea4  x3:0x00000001 PA:0xxxxxxxxx
     495415.000 ns	     49540	80009eac	ff9ff06f	jal	x0,80009ea8	
     495465.000 ns	     49545	80009ea4	00036f17	auipc	x30,0x36	 x30=0x8003fea4
     495475.000 ns	     49546	80009ea8	143f2e23	sw	x3,348(x30)	 x30:0x8003fea4  x3:0x00000001 PA:0xxxxxxxxx
     495495.000 ns	     49548	80009eac	ff9ff06f	jal	x0,80009ea8	
     495545.000 ns	     49553	80009ea4	00036f17	auipc	x30,0x36	 x30=0x8003fea4
     495555.000 ns	     49554	80009ea8	143f2e23	sw	x3,348(x30)	 x30:0x8003fea4  x3:0x00000001 PA:0xxxxxxxxx
     495575.000 ns	     49556	80009eac	ff9ff06f	jal	x0,80009ea8	
     495625.000 ns	     49561	80009ea4	00036f17	auipc	x30,0x36	 x30=0x8003fea4
     495635.000 ns	     49562	80009ea8	143f2e23	sw	x3,348(x30)	 x30:0x8003fea4  x3:0x00000001 PA:0xxxxxxxxx
     495655.000 ns	     49564	80009eac	ff9ff06f	jal	x0,80009ea8	
     495705.000 ns	     49569	80009ea4	00036f17	auipc	x30,0x36	 x30=0x8003fea4
     495715.000 ns	     49570	80009ea8	143f2e23	sw	x3,348(x30)	 x30:0x8003fea4  x3:0x00000001 PA:0xxxxxxxxx
     495735.000 ns	     49572	80009eac	ff9ff06f	jal	x0,80009ea8	
     495785.000 ns	     49577	80009ea4	00036f17	auipc	x30,0x36	 x30=0x8003fea4
     495795.000 ns	     49578	80009ea8	143f2e23	sw	x3,348(x30)	 x30:0x8003fea4  x3:0x00000001 PA:0xxxxxxxxx
     495815.000 ns	     49580	80009eac	ff9ff06f	jal	x0,80009ea8	
     495865.000 ns	     49585	80009ea4	00036f17	auipc	x30,0x36	 x30=0x8003fea4
     495875.000 ns	     49586	80009ea8	143f2e23	sw	x3,348(x30)	 x30:0x8003fea4  x3:0x00000001 PA:0xxxxxxxxx
     495895.000 ns	     49588	80009eac	ff9ff06f	jal	x0,80009ea8	
     495945.000 ns	     49593	80009ea4	00036f17	auipc	x30,0x36	 x30=0x8003fea4
     495955.000 ns	     49594	80009ea8	143f2e23	sw	x3,348(x30)	 x30:0x8003fea4  x3:0x00000001 PA:0xxxxxxxxx
     495975.000 ns	     49596	80009eac	ff9ff06f	jal	x0,80009ea8	
     496025.000 ns	     49601	80009ea4	00036f17	auipc	x30,0x36	 x30=0x8003fea4
     496035.000 ns	     49602	80009ea8	143f2e23	sw	x3,348(x30)	 x30:0x8003fea4  x3:0x00000001 PA:0xxxxxxxxx
     496055.000 ns	     49604	80009eac	ff9ff06f	jal	x0,80009ea8	
     496105.000 ns	     49609	80009ea4	00036f17	auipc	x30,0x36	 x30=0x8003fea4
     496115.000 ns	     49610	80009ea8	143f2e23	sw	x3,348(x30)	 x30:0x8003fea4  x3:0x00000001 PA:0xxxxxxxxx
     496135.000 ns	     49612	80009eac	ff9ff06f	jal	x0,80009ea8	
     496185.000 ns	     49617	80009ea4	00036f17	auipc	x30,0x36	 x30=0x8003fea4
     496195.000 ns	     49618	80009ea8	143f2e23	sw	x3,348(x30)	 x30:0x8003fea4  x3:0x00000001 PA:0xxxxxxxxx
     496215.000 ns	     49620	80009eac	ff9ff06f	jal	x0,80009ea8	
     496265.000 ns	     49625	80009ea4	00036f17	auipc	x30,0x36	 x30=0x8003fea4
     496275.000 ns	     49626	80009ea8	143f2e23	sw	x3,348(x30)	 x30:0x8003fea4  x3:0x00000001 PA:0xxxxxxxxx
     496295.000 ns	     49628	80009eac	ff9ff06f	jal	x0,80009ea8	
     496345.000 ns	     49633	80009ea4	00036f17	auipc	x30,0x36	 x30=0x8003fea4
     496355.000 ns	     49634	80009ea8	143f2e23	sw	x3,348(x30)	 x30:0x8003fea4  x3:0x00000001 PA:0xxxxxxxxx
     496375.000 ns	     49636	80009eac	ff9ff06f	jal	x0,80009ea8	
     496425.000 ns	     49641	80009ea4	00036f17	auipc	x30,0x36	 x30=0x8003fea4
     496435.000 ns	     49642	80009ea8	143f2e23	sw	x3,348(x30)	 x30:0x8003fea4  x3:0x00000001 PA:0xxxxxxxxx
     496455.000 ns	     49644	80009eac	ff9ff06f	jal	x0,80009ea8	
     496505.000 ns	     49649	80009ea4	00036f17	auipc	x30,0x36	 x30=0x8003fea4
     496515.000 ns	     49650	80009ea8	143f2e23	sw	x3,348(x30)	 x30:0x8003fea4  x3:0x00000001 PA:0xxxxxxxxx
     496535.000 ns	     49652	80009eac	ff9ff06f	jal	x0,80009ea8	
     496585.000 ns	     49657	80009ea4	00036f17	auipc	x30,0x36	 x30=0x8003fea4
     496595.000 ns	     49658	80009ea8	143f2e23	sw	x3,348(x30)	 x30:0x8003fea4  x3:0x00000001 PA:0xxxxxxxxx
     496615.000 ns	     49660	80009eac	ff9ff06f	jal	x0,80009ea8	
     496665.000 ns	     49665	80009ea4	00036f17	auipc	x30,0x36	 x30=0x8003fea4
     496675.000 ns	     49666	80009ea8	143f2e23	sw	x3,348(x30)	 x30:0x8003fea4  x3:0x00000001 PA:0xxxxxxxxx
     496695.000 ns	     49668	80009eac	ff9ff06f	jal	x0,80009ea8	
     496745.000 ns	     49673	80009ea4	00036f17	auipc	x30,0x36	 x30=0x8003fea4
     496755.000 ns	     49674	80009ea8	143f2e23	sw	x3,348(x30)	 x30:0x8003fea4  x3:0x00000001 PA:0xxxxxxxxx
     496775.000 ns	     49676	80009eac	ff9ff06f	jal	x0,80009ea8	
     496825.000 ns	     49681	80009ea4	00036f17	auipc	x30,0x36	 x30=0x8003fea4
     496835.000 ns	     49682	80009ea8	143f2e23	sw	x3,348(x30)	 x30:0x8003fea4  x3:0x00000001 PA:0xxxxxxxxx
     496855.000 ns	     49684	80009eac	ff9ff06f	jal	x0,80009ea8	
     496905.000 ns	     49689	80009ea4	00036f17	auipc	x30,0x36	 x30=0x8003fea4
     496915.000 ns	     49690	80009ea8	143f2e23	sw	x3,348(x30)	 x30:0x8003fea4  x3:0x00000001 PA:0xxxxxxxxx
     496935.000 ns	     49692	80009eac	ff9ff06f	jal	x0,80009ea8	
     496985.000 ns	     49697	80009ea4	00036f17	auipc	x30,0x36	 x30=0x8003fea4
     496995.000 ns	     49698	80009ea8	143f2e23	sw	x3,348(x30)	 x30:0x8003fea4  x3:0x00000001 PA:0xxxxxxxxx
     497015.000 ns	     49700	80009eac	ff9ff06f	jal	x0,80009ea8	
     497065.000 ns	     49705	80009ea4	00036f17	auipc	x30,0x36	 x30=0x8003fea4
     497075.000 ns	     49706	80009ea8	143f2e23	sw	x3,348(x30)	 x30:0x8003fea4  x3:0x00000001 PA:0xxxxxxxxx
     497095.000 ns	     49708	80009eac	ff9ff06f	jal	x0,80009ea8	
     497145.000 ns	     49713	80009ea4	00036f17	auipc	x30,0x36	 x30=0x8003fea4
     497155.000 ns	     49714	80009ea8	143f2e23	sw	x3,348(x30)	 x30:0x8003fea4  x3:0x00000001 PA:0xxxxxxxxx
     497175.000 ns	     49716	80009eac	ff9ff06f	jal	x0,80009ea8	
     497225.000 ns	     49721	80009ea4	00036f17	auipc	x30,0x36	 x30=0x8003fea4
     497235.000 ns	     49722	80009ea8	143f2e23	sw	x3,348(x30)	 x30:0x8003fea4  x3:0x00000001 PA:0xxxxxxxxx
     497255.000 ns	     49724	80009eac	ff9ff06f	jal	x0,80009ea8	
     497305.000 ns	     49729	80009ea4	00036f17	auipc	x30,0x36	 x30=0x8003fea4
     497315.000 ns	     49730	80009ea8	143f2e23	sw	x3,348(x30)	 x30:0x8003fea4  x3:0x00000001 PA:0xxxxxxxxx
     497335.000 ns	     49732	80009eac	ff9ff06f	jal	x0,80009ea8	
     497385.000 ns	     49737	80009ea4	00036f17	auipc	x30,0x36	 x30=0x8003fea4
     497395.000 ns	     49738	80009ea8	143f2e23	sw	x3,348(x30)	 x30:0x8003fea4  x3:0x00000001 PA:0xxxxxxxxx
     497415.000 ns	     49740	80009eac	ff9ff06f	jal	x0,80009ea8	
     497465.000 ns	     49745	80009ea4	00036f17	auipc	x30,0x36	 x30=0x8003fea4
     497475.000 ns	     49746	80009ea8	143f2e23	sw	x3,348(x30)	 x30:0x8003fea4  x3:0x00000001 PA:0xxxxxxxxx
     497495.000 ns	     49748	80009eac	ff9ff06f	jal	x0,80009ea8	
     497545.000 ns	     49753	80009ea4	00036f17	auipc	x30,0x36	 x30=0x8003fea4
     497555.000 ns	     49754	80009ea8	143f2e23	sw	x3,348(x30)	 x30:0x8003fea4  x3:0x00000001 PA:0xxxxxxxxx
     497575.000 ns	     49756	80009eac	ff9ff06f	jal	x0,80009ea8	
     497625.000 ns	     49761	80009ea4	00036f17	auipc	x30,0x36	 x30=0x8003fea4
     497635.000 ns	     49762	80009ea8	143f2e23	sw	x3,348(x30)	 x30:0x8003fea4  x3:0x00000001 PA:0xxxxxxxxx
     497655.000 ns	     49764	80009eac	ff9ff06f	jal	x0,80009ea8	
     497705.000 ns	     49769	80009ea4	00036f17	auipc	x30,0x36	 x30=0x8003fea4
     497715.000 ns	     49770	80009ea8	143f2e23	sw	x3,348(x30)	 x30:0x8003fea4  x3:0x00000001 PA:0xxxxxxxxx
     497735.000 ns	     49772	80009eac	ff9ff06f	jal	x0,80009ea8	
     497785.000 ns	     49777	80009ea4	00036f17	auipc	x30,0x36	 x30=0x8003fea4
     497795.000 ns	     49778	80009ea8	143f2e23	sw	x3,348(x30)	 x30:0x8003fea4  x3:0x00000001 PA:0xxxxxxxxx
     497815.000 ns	     49780	80009eac	ff9ff06f	jal	x0,80009ea8	
     497865.000 ns	     49785	80009ea4	00036f17	auipc	x30,0x36	 x30=0x8003fea4
     497875.000 ns	     49786	80009ea8	143f2e23	sw	x3,348(x30)	 x30:0x8003fea4  x3:0x00000001 PA:0xxxxxxxxx
     497895.000 ns	     49788	80009eac	ff9ff06f	jal	x0,80009ea8	
     497945.000 ns	     49793	80009ea4	00036f17	auipc	x30,0x36	 x30=0x8003fea4
     497955.000 ns	     49794	80009ea8	143f2e23	sw	x3,348(x30)	 x30:0x8003fea4  x3:0x00000001 PA:0xxxxxxxxx
     497975.000 ns	     49796	80009eac	ff9ff06f	jal	x0,80009ea8	
     498025.000 ns	     49801	80009ea4	00036f17	auipc	x30,0x36	 x30=0x8003fea4
     498035.000 ns	     49802	80009ea8	143f2e23	sw	x3,348(x30)	 x30:0x8003fea4  x3:0x00000001 PA:0xxxxxxxxx
     498055.000 ns	     49804	80009eac	ff9ff06f	jal	x0,80009ea8	
     498105.000 ns	     49809	80009ea4	00036f17	auipc	x30,0x36	 x30=0x8003fea4
     498115.000 ns	     49810	80009ea8	143f2e23	sw	x3,348(x30)	 x30:0x8003fea4  x3:0x00000001 PA:0xxxxxxxxx
     498135.000 ns	     49812	80009eac	ff9ff06f	jal	x0,80009ea8	
     498185.000 ns	     49817	80009ea4	00036f17	auipc	x30,0x36	 x30=0x8003fea4
     498195.000 ns	     49818	80009ea8	143f2e23	sw	x3,348(x30)	 x30:0x8003fea4  x3:0x00000001 PA:0xxxxxxxxx
     498215.000 ns	     49820	80009eac	ff9ff06f	jal	x0,80009ea8	
     498265.000 ns	     49825	80009ea4	00036f17	auipc	x30,0x36	 x30=0x8003fea4
     498275.000 ns	     49826	80009ea8	143f2e23	sw	x3,348(x30)	 x30:0x8003fea4  x3:0x00000001 PA:0xxxxxxxxx
     498295.000 ns	     49828	80009eac	ff9ff06f	jal	x0,80009ea8	
     498345.000 ns	     49833	80009ea4	00036f17	auipc	x30,0x36	 x30=0x8003fea4
     498355.000 ns	     49834	80009ea8	143f2e23	sw	x3,348(x30)	 x30:0x8003fea4  x3:0x00000001 PA:0xxxxxxxxx
     498375.000 ns	     49836	80009eac	ff9ff06f	jal	x0,80009ea8	
     498425.000 ns	     49841	80009ea4	00036f17	auipc	x30,0x36	 x30=0x8003fea4
     498435.000 ns	     49842	80009ea8	143f2e23	sw	x3,348(x30)	 x30:0x8003fea4  x3:0x00000001 PA:0xxxxxxxxx
     498455.000 ns	     49844	80009eac	ff9ff06f	jal	x0,80009ea8	
     498505.000 ns	     49849	80009ea4	00036f17	auipc	x30,0x36	 x30=0x8003fea4
     498515.000 ns	     49850	80009ea8	143f2e23	sw	x3,348(x30)	 x30:0x8003fea4  x3:0x00000001 PA:0xxxxxxxxx
     498535.000 ns	     49852	80009eac	ff9ff06f	jal	x0,80009ea8	
     498585.000 ns	     49857	80009ea4	00036f17	auipc	x30,0x36	 x30=0x8003fea4
     498595.000 ns	     49858	80009ea8	143f2e23	sw	x3,348(x30)	 x30:0x8003fea4  x3:0x00000001 PA:0xxxxxxxxx
     498615.000 ns	     49860	80009eac	ff9ff06f	jal	x0,80009ea8	
     498665.000 ns	     49865	80009ea4	00036f17	auipc	x30,0x36	 x30=0x8003fea4
     498675.000 ns	     49866	80009ea8	143f2e23	sw	x3,348(x30)	 x30:0x8003fea4  x3:0x00000001 PA:0xxxxxxxxx
     498695.000 ns	     49868	80009eac	ff9ff06f	jal	x0,80009ea8	
     498745.000 ns	     49873	80009ea4	00036f17	auipc	x30,0x36	 x30=0x8003fea4
     498755.000 ns	     49874	80009ea8	143f2e23	sw	x3,348(x30)	 x30:0x8003fea4  x3:0x00000001 PA:0xxxxxxxxx
     498775.000 ns	     49876	80009eac	ff9ff06f	jal	x0,80009ea8	
     498825.000 ns	     49881	80009ea4	00036f17	auipc	x30,0x36	 x30=0x8003fea4
     498835.000 ns	     49882	80009ea8	143f2e23	sw	x3,348(x30)	 x30:0x8003fea4  x3:0x00000001 PA:0xxxxxxxxx
     498855.000 ns	     49884	80009eac	ff9ff06f	jal	x0,80009ea8	
     498905.000 ns	     49889	80009ea4	00036f17	auipc	x30,0x36	 x30=0x8003fea4
     498915.000 ns	     49890	80009ea8	143f2e23	sw	x3,348(x30)	 x30:0x8003fea4  x3:0x00000001 PA:0xxxxxxxxx
     498935.000 ns	     49892	80009eac	ff9ff06f	jal	x0,80009ea8	
     498985.000 ns	     49897	80009ea4	00036f17	auipc	x30,0x36	 x30=0x8003fea4
     498995.000 ns	     49898	80009ea8	143f2e23	sw	x3,348(x30)	 x30:0x8003fea4  x3:0x00000001 PA:0xxxxxxxxx
     499015.000 ns	     49900	80009eac	ff9ff06f	jal	x0,80009ea8	
     499065.000 ns	     49905	80009ea4	00036f17	auipc	x30,0x36	 x30=0x8003fea4
     499075.000 ns	     49906	80009ea8	143f2e23	sw	x3,348(x30)	 x30:0x8003fea4  x3:0x00000001 PA:0xxxxxxxxx
     499095.000 ns	     49908	80009eac	ff9ff06f	jal	x0,80009ea8	
     499145.000 ns	     49913	80009ea4	00036f17	auipc	x30,0x36	 x30=0x8003fea4
     499155.000 ns	     49914	80009ea8	143f2e23	sw	x3,348(x30)	 x30:0x8003fea4  x3:0x00000001 PA:0xxxxxxxxx
     499175.000 ns	     49916	80009eac	ff9ff06f	jal	x0,80009ea8	
     499225.000 ns	     49921	80009ea4	00036f17	auipc	x30,0x36	 x30=0x8003fea4
     499235.000 ns	     49922	80009ea8	143f2e23	sw	x3,348(x30)	 x30:0x8003fea4  x3:0x00000001 PA:0xxxxxxxxx
     499255.000 ns	     49924	80009eac	ff9ff06f	jal	x0,80009ea8	
     499305.000 ns	     49929	80009ea4	00036f17	auipc	x30,0x36	 x30=0x8003fea4
     499315.000 ns	     49930	80009ea8	143f2e23	sw	x3,348(x30)	 x30:0x8003fea4  x3:0x00000001 PA:0xxxxxxxxx
     499335.000 ns	     49932	80009eac	ff9ff06f	jal	x0,80009ea8	
     499385.000 ns	     49937	80009ea4	00036f17	auipc	x30,0x36	 x30=0x8003fea4
     499395.000 ns	     49938	80009ea8	143f2e23	sw	x3,348(x30)	 x30:0x8003fea4  x3:0x00000001 PA:0xxxxxxxxx
     499415.000 ns	     49940	80009eac	ff9ff06f	jal	x0,80009ea8	
     499465.000 ns	     49945	80009ea4	00036f17	auipc	x30,0x36	 x30=0x8003fea4
     499475.000 ns	     49946	80009ea8	143f2e23	sw	x3,348(x30)	 x30:0x8003fea4  x3:0x00000001 PA:0xxxxxxxxx
     499495.000 ns	     49948	80009eac	ff9ff06f	jal	x0,80009ea8	
     499545.000 ns	     49953	80009ea4	00036f17	auipc	x30,0x36	 x30=0x8003fea4
     499555.000 ns	     49954	80009ea8	143f2e23	sw	x3,348(x30)	 x30:0x8003fea4  x3:0x00000001 PA:0xxxxxxxxx
     499575.000 ns	     49956	80009eac	ff9ff06f	jal	x0,80009ea8	
     499625.000 ns	     49961	80009ea4	00036f17	auipc	x30,0x36	 x30=0x8003fea4
     499635.000 ns	     49962	80009ea8	143f2e23	sw	x3,348(x30)	 x30:0x8003fea4  x3:0x00000001 PA:0xxxxxxxxx
     499655.000 ns	     49964	80009eac	ff9ff06f	jal	x0,80009ea8	
     499705.000 ns	     49969	80009ea4	00036f17	auipc	x30,0x36	 x30=0x8003fea4
     499715.000 ns	     49970	80009ea8	143f2e23	sw	x3,348(x30)	 x30:0x8003fea4  x3:0x00000001 PA:0xxxxxxxxx
     499735.000 ns	     49972	80009eac	ff9ff06f	jal	x0,80009ea8	
     499785.000 ns	     49977	80009ea4	00036f17	auipc	x30,0x36	 x30=0x8003fea4
     499795.000 ns	     49978	80009ea8	143f2e23	sw	x3,348(x30)	 x30:0x8003fea4  x3:0x00000001 PA:0xxxxxxxxx
     499815.000 ns	     49980	80009eac	ff9ff06f	jal	x0,80009ea8	
     499865.000 ns	     49985	80009ea4	00036f17	auipc	x30,0x36	 x30=0x8003fea4
     499875.000 ns	     49986	80009ea8	143f2e23	sw	x3,348(x30)	 x30:0x8003fea4  x3:0x00000001 PA:0xxxxxxxxx
     499895.000 ns	     49988	80009eac	ff9ff06f	jal	x0,80009ea8	
     499945.000 ns	     49993	80009ea4	00036f17	auipc	x30,0x36	 x30=0x8003fea4
     499955.000 ns	     49994	80009ea8	143f2e23	sw	x3,348(x30)	 x30:0x8003fea4  x3:0x00000001 PA:0xxxxxxxxx
     499975.000 ns	     49996	80009eac	ff9ff06f	jal	x0,80009ea8	
