		Time			Cycle	PC		Insn	Decoded instruction	Register and memory contents
         65.000 ns	         5	80000000	f14022f3	csrrs	x5,mhartid,x0	  x0:0x00000000  x5=0xffffff14
         75.000 ns	         6	80000004	00000313	addi	x6,x0,0	  x0:0x00000000  x6=0x00000000
         85.000 ns	         7	80000008	00628263	beq	x5,x6,8000000c	  x5:0x00000000  x6:0x00000000
         95.000 ns	         8	8000000c	00000097	auipc	x1,0x0	  x1=0x8000000c
        105.000 ns	         9	80000010	00c08093	addi	x1,x1,12	  x1:0x00000000  x1=0x80000018
        115.000 ns	        10	80000014	00008067	jalr	x0,x1,0	  x1:0x00000000
        165.000 ns	        15	80000018	40001c37	lui	x24,0x40001	 x24=0x40001000
        175.000 ns	        16	8000001c	120c0c13	addi	x24,x24,288	 x24:0x00000000 x24=0x40001120
        185.000 ns	        17	80000020	301c1073	csrrw	x0,misa,x24	 x24:0x00000000
        195.000 ns	        18	80000024	00041697	auipc	x13,0x41	 x13=0x80041024
        205.000 ns	        19	80000028	00068693	addi	x13,x13,0	 x13:0x00000000 x13=0x80041024
        215.000 ns	        20	8000002c	0000ac17	auipc	x24,0xa	 x24=0x8000a02c
        225.000 ns	        21	80000030	eb8c0c13	addi	x24,x24,-328	 x24:0x40001120 x24=0x80009ee4
        235.000 ns	        22	80000034	000c6c13	ori	x24,x24,0	 x24:0x40001120 x24=0x80009ee4
        245.000 ns	        23	80000038	305c1073	csrrw	x0,mtvec,x24	 x24:0x8000a02c
        255.000 ns	        24	8000003c	00000c17	auipc	x24,0x0	 x24=0x8000003c
        265.000 ns	        25	80000040	028c0c13	addi	x24,x24,40	 x24:0x80009ee4 x24=0x80000064
        275.000 ns	        26	80000044	341c1073	csrrw	x0,mepc,x24	 x24:0x80009ee4
        285.000 ns	        27	80000048	00000013	addi	x0,x0,0	  x0:0x00000000
        295.000 ns	        28	8000004c	00004c37	lui	x24,0x4	 x24=0x00004000
        305.000 ns	        29	80000050	800c0c13	addi	x24,x24,-2048	 x24:0x80000064 x24=0x00003800
        315.000 ns	        30	80000054	300c1073	csrrw	x0,mstatus,x24	 x24:0x80000064
        325.000 ns	        31	80000058	00000c13	addi	x24,x0,0	  x0:0x00000000 x24=0x00000000
        335.000 ns	        32	8000005c	304c1073	csrrw	x0,mie,x24	 x24:0x00003800
        345.000 ns	        33	80000060	30200073	mret	
        355.000 ns	        34	80000064	7f800c37	lui	x24,0x7f800	 x24=0x7f800000
        375.000 ns	        36	80000068	f00c0053	fmv.w.x	f0,x24	 x24:0x00000000  f0=0x7f800000
        395.000 ns	        38	8000006c	7f800c37	lui	x24,0x7f800	 x24=0x7f800000
        405.000 ns	        39	80000070	001c0c13	addi	x24,x24,1	 x24:0x7f800000 x24=0x7f800001
        425.000 ns	        41	80000074	f00c00d3	fmv.w.x	f1,x24	 x24:0x7f800000  f1=0x7f800001
        445.000 ns	        43	80000078	80000c37	lui	x24,0x80000	 x24=0x80000000
        465.000 ns	        45	8000007c	f00c0153	fmv.w.x	f2,x24	 x24:0x7f800001  f2=0x80000000
        485.000 ns	        47	80000080	42ab3c37	lui	x24,0x42ab3	 x24=0x42ab3000
        495.000 ns	        48	80000084	ed2c0c13	addi	x24,x24,-302	 x24:0x80000000 x24=0x42ab2ed2
        515.000 ns	        50	80000088	f00c01d3	fmv.w.x	f3,x24	 x24:0x80000000  f3=0x42ab2ed2
        535.000 ns	        52	8000008c	7f800c37	lui	x24,0x7f800	 x24=0x7f800000
        545.000 ns	        53	80000090	fffc0c13	addi	x24,x24,-1	 x24:0x42ab2ed2 x24=0x7f7fffff
        565.000 ns	        55	80000094	f00c0253	fmv.w.x	f4,x24	 x24:0x42ab2ed2  f4=0x7f7fffff
        585.000 ns	        57	80000098	80000c37	lui	x24,0x80000	 x24=0x80000000
        605.000 ns	        59	8000009c	f00c02d3	fmv.w.x	f5,x24	 x24:0x7f7fffff  f5=0x80000000
        625.000 ns	        61	800000a0	00000c13	addi	x24,x0,0	  x0:0x00000000 x24=0x00000000
        645.000 ns	        63	800000a4	f00c0353	fmv.w.x	f6,x24	 x24:0x80000000  f6=0x00000000
        665.000 ns	        65	800000a8	7fc00c37	lui	x24,0x7fc00	 x24=0x7fc00000
        685.000 ns	        67	800000ac	f00c03d3	fmv.w.x	f7,x24	 x24:0x00000000  f7=0x7fc00000
        705.000 ns	        69	800000b0	7f800c37	lui	x24,0x7f800	 x24=0x7f800000
        715.000 ns	        70	800000b4	fffc0c13	addi	x24,x24,-1	 x24:0x7fc00000 x24=0x7f7fffff
        735.000 ns	        72	800000b8	f00c0453	fmv.w.x	f8,x24	 x24:0x7fc00000  f8=0x7f7fffff
        755.000 ns	        74	800000bc	00587c37	lui	x24,0x587	 x24=0x00587000
        765.000 ns	        75	800000c0	27ec0c13	addi	x24,x24,638	 x24:0x7f7fffff x24=0x0058727e
        785.000 ns	        77	800000c4	f00c04d3	fmv.w.x	f9,x24	 x24:0x7f7fffff  f9=0x0058727e
        805.000 ns	        79	800000c8	7f800c37	lui	x24,0x7f800	 x24=0x7f800000
        815.000 ns	        80	800000cc	fffc0c13	addi	x24,x24,-1	 x24:0x0058727e x24=0x7f7fffff
        835.000 ns	        82	800000d0	f00c0553	fmv.w.x	f10,x24	 x24:0x0058727e f10=0x7f7fffff
        855.000 ns	        84	800000d4	7f800c37	lui	x24,0x7f800	 x24=0x7f800000
        865.000 ns	        85	800000d8	001c0c13	addi	x24,x24,1	 x24:0x7f7fffff x24=0x7f800001
        885.000 ns	        87	800000dc	f00c05d3	fmv.w.x	f11,x24	 x24:0x7f7fffff f11=0x7f800001
        905.000 ns	        89	800000e0	7f800c37	lui	x24,0x7f800	 x24=0x7f800000
        925.000 ns	        91	800000e4	f00c0653	fmv.w.x	f12,x24	 x24:0x7f800001 f12=0x7f800000
        945.000 ns	        93	800000e8	7f800c37	lui	x24,0x7f800	 x24=0x7f800000
        955.000 ns	        94	800000ec	001c0c13	addi	x24,x24,1	 x24:0x7f800000 x24=0x7f800001
        975.000 ns	        96	800000f0	f00c06d3	fmv.w.x	f13,x24	 x24:0x7f800000 f13=0x7f800001
        995.000 ns	        98	800000f4	0055ec37	lui	x24,0x55e	 x24=0x0055e000
       1005.000 ns	        99	800000f8	f26c0c13	addi	x24,x24,-218	 x24:0x7f800001 x24=0x0055df26
       1025.000 ns	       101	800000fc	f00c0753	fmv.w.x	f14,x24	 x24:0x7f800001 f14=0x0055df26
       1045.000 ns	       103	80000100	00000c13	addi	x24,x0,0	  x0:0x00000000 x24=0x00000000
       1065.000 ns	       105	80000104	f00c07d3	fmv.w.x	f15,x24	 x24:0x0055df26 f15=0x00000000
       1085.000 ns	       107	80000108	da211c37	lui	x24,0xda211	 x24=0xda211000
       1095.000 ns	       108	8000010c	ea9c0c13	addi	x24,x24,-343	 x24:0x00000000 x24=0xda210ea9
       1115.000 ns	       110	80000110	f00c0853	fmv.w.x	f16,x24	 x24:0x00000000 f16=0xda210ea9
       1135.000 ns	       112	80000114	0045ec37	lui	x24,0x45e	 x24=0x0045e000
       1145.000 ns	       113	80000118	b03c0c13	addi	x24,x24,-1277	 x24:0xda210ea9 x24=0x0045db03
       1165.000 ns	       115	8000011c	f00c08d3	fmv.w.x	f17,x24	 x24:0xda210ea9 f17=0x0045db03
       1185.000 ns	       117	80000120	7f800c37	lui	x24,0x7f800	 x24=0x7f800000
       1195.000 ns	       118	80000124	001c0c13	addi	x24,x24,1	 x24:0x0045db03 x24=0x7f800001
       1215.000 ns	       120	80000128	f00c0953	fmv.w.x	f18,x24	 x24:0x0045db03 f18=0x7f800001
       1235.000 ns	       122	8000012c	80000c37	lui	x24,0x80000	 x24=0x80000000
       1255.000 ns	       124	80000130	f00c09d3	fmv.w.x	f19,x24	 x24:0x7f800001 f19=0x80000000
       1275.000 ns	       126	80000134	ff800c37	lui	x24,0xff800	 x24=0xff800000
       1295.000 ns	       128	80000138	f00c0a53	fmv.w.x	f20,x24	 x24:0x80000000 f20=0xff800000
       1315.000 ns	       130	8000013c	00734c37	lui	x24,0x734	 x24=0x00734000
       1325.000 ns	       131	80000140	edac0c13	addi	x24,x24,-294	 x24:0xff800000 x24=0x00733eda
       1345.000 ns	       133	80000144	f00c0ad3	fmv.w.x	f21,x24	 x24:0xff800000 f21=0x00733eda
       1365.000 ns	       135	80000148	26c20c37	lui	x24,0x26c20	 x24=0x26c20000
       1375.000 ns	       136	8000014c	b9ec0c13	addi	x24,x24,-1122	 x24:0x00733eda x24=0x26c1fb9e
       1395.000 ns	       138	80000150	f00c0b53	fmv.w.x	f22,x24	 x24:0x00733eda f22=0x26c1fb9e
       1415.000 ns	       140	80000154	ff800c37	lui	x24,0xff800	 x24=0xff800000
       1435.000 ns	       142	80000158	f00c0bd3	fmv.w.x	f23,x24	 x24:0x26c1fb9e f23=0xff800000
       1455.000 ns	       144	8000015c	7fc00c37	lui	x24,0x7fc00	 x24=0x7fc00000
       1475.000 ns	       146	80000160	f00c0c53	fmv.w.x	f24,x24	 x24:0xff800000 f24=0x7fc00000
       1495.000 ns	       148	80000164	83abec37	lui	x24,0x83abe	 x24=0x83abe000
       1505.000 ns	       149	80000168	02dc0c13	addi	x24,x24,45	 x24:0x7fc00000 x24=0x83abe02d
       1525.000 ns	       151	8000016c	f00c0cd3	fmv.w.x	f25,x24	 x24:0x7fc00000 f25=0x83abe02d
       1545.000 ns	       153	80000170	00000c13	addi	x24,x0,0	  x0:0x00000000 x24=0x00000000
       1565.000 ns	       155	80000174	f00c0d53	fmv.w.x	f26,x24	 x24:0x83abe02d f26=0x00000000
       1585.000 ns	       157	80000178	7f800c37	lui	x24,0x7f800	 x24=0x7f800000
       1605.000 ns	       159	8000017c	f00c0dd3	fmv.w.x	f27,x24	 x24:0x00000000 f27=0x7f800000
       1625.000 ns	       161	80000180	1decfc37	lui	x24,0x1decf	 x24=0x1decf000
       1635.000 ns	       162	80000184	302c0c13	addi	x24,x24,770	 x24:0x7f800000 x24=0x1decf302
       1655.000 ns	       164	80000188	f00c0e53	fmv.w.x	f28,x24	 x24:0x7f800000 f28=0x1decf302
       1675.000 ns	       166	8000018c	625c0c37	lui	x24,0x625c0	 x24=0x625c0000
       1685.000 ns	       167	80000190	f38c0c13	addi	x24,x24,-200	 x24:0x1decf302 x24=0x625bff38
       1705.000 ns	       169	80000194	f00c0ed3	fmv.w.x	f29,x24	 x24:0x1decf302 f29=0x625bff38
       1725.000 ns	       171	80000198	806c0c37	lui	x24,0x806c0	 x24=0x806c0000
       1735.000 ns	       172	8000019c	54cc0c13	addi	x24,x24,1356	 x24:0x625bff38 x24=0x806c054c
       1755.000 ns	       174	800001a0	f00c0f53	fmv.w.x	f30,x24	 x24:0x625bff38 f30=0x806c054c
       1775.000 ns	       176	800001a4	ff800c37	lui	x24,0xff800	 x24=0xff800000
       1795.000 ns	       178	800001a8	f00c0fd3	fmv.w.x	f31,x24	 x24:0x806c054c f31=0xff800000
       1815.000 ns	       180	800001ac	00225073	csrrwi	x0,frm,4	
       1825.000 ns	       181	800001b0	80000037	lui	x0,0x80000	
       1835.000 ns	       182	800001b4	00000013	addi	x0,x0,0	  x0:0x00000000
       1845.000 ns	       183	800001b8	00900093	addi	x1,x0,9	  x0:0x00000000  x1=0x00000009
       1855.000 ns	       184	800001bc	00000113	addi	x2,x0,0	  x0:0x00000000  x2=0x00000000
       1865.000 ns	       185	800001c0	7abdb1b7	lui	x3,0x7abdb	  x3=0x7abdb000
       1875.000 ns	       186	800001c4	12c18193	addi	x3,x3,300	  x3:0x00000000  x3=0x7abdb12c
       1885.000 ns	       187	800001c8	057ca237	lui	x4,0x57ca	  x4=0x057ca000
       1895.000 ns	       188	800001cc	46f20213	addi	x4,x4,1135	  x4:0x00000000  x4=0x057ca46f
       1905.000 ns	       189	800001d0	542562b7	lui	x5,0x54256	  x5=0x54256000
       1915.000 ns	       190	800001d4	3d228293	addi	x5,x5,978	  x5:0xffffff14  x5=0x542563d2
       1925.000 ns	       191	800001d8	dc9ca337	lui	x6,0xdc9ca	  x6=0xdc9ca000
       1935.000 ns	       192	800001dc	2a530313	addi	x6,x6,677	  x6:0x00000000  x6=0xdc9ca2a5
       1945.000 ns	       193	800001e0	0340e3b7	lui	x7,0x340e	  x7=0x0340e000
       1955.000 ns	       194	800001e4	4a438393	addi	x7,x7,1188	  x7:0x00000000  x7=0x0340e4a4
       1965.000 ns	       195	800001e8	b51a14b7	lui	x9,0xb51a1	  x9=0xb51a1000
       1975.000 ns	       196	800001ec	51f48493	addi	x9,x9,1311	  x9:0x00000000  x9=0xb51a151f
       1985.000 ns	       197	800001f0	80000537	lui	x10,0x80000	 x10=0x80000000
       1995.000 ns	       198	800001f4	00f00593	addi	x11,x0,15	  x0:0x00000000 x11=0x0000000f
       2005.000 ns	       199	800001f8	00000613	addi	x12,x0,0	  x0:0x00000000 x12=0x00000000
       2015.000 ns	       200	800001fc	fc5fe737	lui	x14,0xfc5fe	 x14=0xfc5fe000
       2025.000 ns	       201	80000200	16270713	addi	x14,x14,354	 x14:0x00000000 x14=0xfc5fe162
       2035.000 ns	       202	80000204	00a00793	addi	x15,x0,10	  x0:0x00000000 x15=0x0000000a
       2045.000 ns	       203	80000208	be0d9837	lui	x16,0xbe0d9	 x16=0xbe0d9000
       2055.000 ns	       204	8000020c	c4d80813	addi	x16,x16,-947	 x16:0x00000000 x16=0xbe0d8c4d
       2065.000 ns	       205	80000210	f276a8b7	lui	x17,0xf276a	 x17=0xf276a000
       2075.000 ns	       206	80000214	6f088893	addi	x17,x17,1776	 x17:0x00000000 x17=0xf276a6f0
       2085.000 ns	       207	80000218	f92a1937	lui	x18,0xf92a1	 x18=0xf92a1000
       2095.000 ns	       208	8000021c	c7f90913	addi	x18,x18,-897	 x18:0x00000000 x18=0xf92a0c7f
       2105.000 ns	       209	80000220	ff8cb9b7	lui	x19,0xff8cb	 x19=0xff8cb000
       2115.000 ns	       210	80000224	a6398993	addi	x19,x19,-1437	 x19:0x00000000 x19=0xff8caa63
       2125.000 ns	       211	80000228	6607ca37	lui	x20,0x6607c	 x20=0x6607c000
       2135.000 ns	       212	8000022c	6f1a0a13	addi	x20,x20,1777	 x20:0x00000000 x20=0x6607c6f1
       2145.000 ns	       213	80000230	80000ab7	lui	x21,0x80000	 x21=0x80000000
       2155.000 ns	       214	80000234	f61b4b37	lui	x22,0xf61b4	 x22=0xf61b4000
       2165.000 ns	       215	80000238	59fb0b13	addi	x22,x22,1439	 x22:0x00000000 x22=0xf61b459f
       2175.000 ns	       216	8000023c	00f00b93	addi	x23,x0,15	  x0:0x00000000 x23=0x0000000f
       2185.000 ns	       217	80000240	dc2f2c37	lui	x24,0xdc2f2	 x24=0xdc2f2000
       2195.000 ns	       218	80000244	493c0c13	addi	x24,x24,1171	 x24:0xff800000 x24=0xdc2f2493
       2205.000 ns	       219	80000248	a3cfdcb7	lui	x25,0xa3cfd	 x25=0xa3cfd000
       2215.000 ns	       220	8000024c	11fc8c93	addi	x25,x25,287	 x25:0x00000000 x25=0xa3cfd11f
       2225.000 ns	       221	80000250	80000d37	lui	x26,0x80000	 x26=0x80000000
       2235.000 ns	       222	80000254	46d71db7	lui	x27,0x46d71	 x27=0x46d71000
       2245.000 ns	       223	80000258	22ad8d93	addi	x27,x27,554	 x27:0x00000000 x27=0x46d7122a
       2255.000 ns	       224	8000025c	80000e37	lui	x28,0x80000	 x28=0x80000000
       2265.000 ns	       225	80000260	69c51eb7	lui	x29,0x69c51	 x29=0x69c51000
       2275.000 ns	       226	80000264	ce3e8e93	addi	x29,x29,-797	 x29:0x00000000 x29=0x69c50ce3
       2285.000 ns	       227	80000268	fe61ef37	lui	x30,0xfe61e	 x30=0xfe61e000
       2295.000 ns	       228	8000026c	beaf0f13	addi	x30,x30,-1046	 x30:0x00000000 x30=0xfe61dbea
       2305.000 ns	       229	80000270	db0a1fb7	lui	x31,0xdb0a1	 x31=0xdb0a1000
       2315.000 ns	       230	80000274	6d1f8f93	addi	x31,x31,1745	 x31:0x00000000 x31=0xdb0a16d1
       2325.000 ns	       231	80000278	00041417	auipc	x8,0x41	  x8=0x80041278
       2335.000 ns	       232	8000027c	d6c40413	addi	x8,x8,-660	  x8:0x00000000  x8=0x80040fe4
       2355.000 ns	       234	80000280	21a6a453	fsgnjx.s	f8,f13,f26	 f13:0x7f800001 f26:0x00000000  f8=0x7f800001
       2385.000 ns	       237	80000284	280819d3	fmax.s	f19,f16,f0	 f16:0xda210ea9  f0:0x7f800000 f19=0x7f800000
       2415.000 ns	       240	80000288	a1f3a953	feq.s	x18,f7,f31	  f7:0x7fc00000 f31:0xff800000 x18=0x00000000
       2435.000 ns	       242	8000028c	2f229f37	lui	x30,0x2f229	 x30=0x2f229000
       2465.000 ns	       245	80000290	18cb7ed3	fdiv.s	f29,f22,f12	 f22:0x26c1fb9e f12:0x7f800000 f29=0x00000000
       2495.000 ns	       248	80000294	a1731653	flt.s	x12,f6,f23	  f6:0x00000000 f23:0xff800000 x12=0x00000000
       2525.000 ns	       251	80000298	03e902b3	mul	x5,x18,x30	 x18:0x00000000 x30:0x2f229000  x5=0x00000000
       2555.000 ns	       254	8000029c	d01e8953	fcvt.s.wu	f18,x29	 x29:0x69c50ce3 f18=0x4ed38a1a
       2585.000 ns	       257	800002a0	02b19533	mulh	x10,x3,x11	  x3:0x7abdb12c x11:0x0000000f x10=0x00000007
       2615.000 ns	       260	800002a4	e00f1d53	fclass.s	x26,f30	 f30:0x806c054c x26=0x00000004
       2635.000 ns	       262	800002a8	00d959b3	srl	x19,x18,x13	 x18:0x00000000 x13:0x80041024 x19=0x00000000
       2995.000 ns	       298	800002ac	0276e7b3	rem	x15,x13,x7	 x13:0x80041024  x7:0x0340e4a4 x15=0xfee6e520
       3025.000 ns	       301	800002b0	a1008dd3	fle.s	x27,f1,f16	  f1:0x7f800001 f16:0xda210ea9 x27=0x00000000
       3045.000 ns	       303	800002b4	003b9f93	slli	x31,x23,0x3	 x23:0x0000000f x31=0x00000078
       3405.000 ns	       339	800002b8	0317cdb3	div	x27,x15,x17	 x15:0xfee6e520 x17:0xf276a6f0 x27=0x00000000
       3435.000 ns	       342	800002bc	a04797d3	flt.s	x15,f15,f4	 f15:0x00000000  f4:0x7f7fffff x15=0x00000001
       3465.000 ns	       345	800002c0	28d49953	fmax.s	f18,f9,f13	  f9:0x0058727e f13:0x7f800001 f18=0x0058727e
       3485.000 ns	       347	800002c4	00f52c33	slt	x24,x10,x15	 x10:0x00000007 x15:0x00000001 x24=0x00000000
       3495.000 ns	       348	800002c8	41cdd4b3	sra	x9,x27,x28	 x27:0x00000000 x28:0x80000000  x9=0x00000000
       3515.000 ns	       350	800002cc	03b6dbb3	divu	x23,x13,x27	 x13:0x80041024 x27:0x00000000 x23=0xffffffff
       3545.000 ns	       353	800002d0	29ce1fd3	fmax.s	f31,f28,f28	 f28:0x1decf302 f28:0x1decf302 f31=0x1decf302
       3575.000 ns	       356	800002d4	d0154353	fcvt.s.wu	f6,x10	 x10:0x00000007  f6=0x40e00000
       3605.000 ns	       359	800002d8	02983733	mulhu	x14,x16,x9	 x16:0xbe0d8c4d  x9:0x00000000 x14=0x00000000
       3635.000 ns	       362	800002dc	02d13233	mulhu	x4,x2,x13	  x2:0x00000000 x13:0x80041024  x4=0x00000000
       3655.000 ns	       364	800002e0	0039fc93	andi	x25,x19,3	 x19:0x00000000 x25=0x00000000
       3675.000 ns	       366	800002e4	286708d3	fmin.s	f17,f14,f6	 f14:0x0055df26  f6:0x40e00000 f17=0x0055df26
       4015.000 ns	       400	800002e8	19c27e53	fdiv.s	f28,f4,f28	  f4:0x7f7fffff f28:0x1decf302 f28=0x7f800000
       4045.000 ns	       403	800002ec	28829053	fmax.s	f0,f5,f8	  f5:0x80000000  f8:0x7f800001  f0=0x80000000
       4065.000 ns	       405	800002f0	01236733	or	x14,x6,x18	  x6:0xdc9ca2a5 x18:0x00000000 x14=0xdc9ca2a5
       4425.000 ns	       441	800002f4	03abc5b3	div	x11,x23,x26	 x23:0xffffffff x26:0x00000004 x11=0x00000000
       4445.000 ns	       443	800002f8	40bb8233	sub	x4,x23,x11	 x23:0xffffffff x11:0x0000000f  x4=0xffffffff
       4465.000 ns	       445	800002fc	d01b76d3	fcvt.s.wu	f13,x22	 x22:0xf61b459f f13=0x4f761b45
       4835.000 ns	       482	80000300	03fa6e33	rem	x28,x20,x31	 x20:0x6607c6f1 x31:0x00000078 x28=0x00000071
       5205.000 ns	       519	80000304	02425b33	divu	x22,x4,x4	  x4:0xffffffff  x4:0xffffffff x22=0x00000001
       5225.000 ns	       521	80000308	3cba4493	xori	x9,x20,971	 x20:0x6607c6f1  x9=0x6607c53a
       5585.000 ns	       557	8000030c	027362b3	rem	x5,x6,x7	  x6:0xdc9ca2a5  x7:0x0340e4a4  x5=0xfd25910d
       5615.000 ns	       560	80000310	03389533	mulh	x10,x17,x19	 x17:0xf276a6f0 x19:0x00000000 x10=0x00000000
       5635.000 ns	       562	80000314	0006c3b3	xor	x7,x13,x0	 x13:0x80041024  x0:0x00000000  x7=0x80041024
       5655.000 ns	       564	80000318	20539453	fsgnjn.s	f8,f7,f5	  f7:0x7fc00000  f5:0x80000000  f8=0x7fc00000
       5685.000 ns	       567	8000031c	02ec1a33	mulh	x20,x24,x14	 x24:0x00000000 x14:0xdc9ca2a5 x20=0x00000000
       5735.000 ns	       572	80000320	01d0ce53	fadd.s	f28,f1,f29	  f1:0x7f800001 f29:0x00000000 f28=0x7fc00000
       5765.000 ns	       575	80000324	208b11d3	fsgnjn.s	f3,f22,f8	 f22:0x26c1fb9e  f8:0x7fc00000  f3=0xa6c1fb9e
       5795.000 ns	       578	80000328	028eae33	mulhsu	x28,x29,x8	 x29:0x69c50ce3  x8:0x80040fe4 x28=0x34e43416
       5835.000 ns	       582	8000032c	18cd0653	fdiv.s	f12,f26,f12	 f26:0x00000000 f12:0x7f800000 f12=0x00000000
       5855.000 ns	       584	80000330	4036da33	sra	x20,x13,x3	 x13:0x80041024  x3:0x7abdb12c x20=0xfff80041
       5865.000 ns	       585	80000334	65d8be13	sltiu	x28,x17,1629	 x17:0xf276a6f0 x28=0x00000000
       5875.000 ns	       586	80000338	9892e617	auipc	x12,0x9892e	 x12=0x1892e338
       5895.000 ns	       588	8000033c	20de9153	fsgnjn.s	f2,f29,f13	 f29:0x00000000 f13:0x4f761b45  f2=0x80000000
       5925.000 ns	       591	80000340	03c27a33	remu	x20,x4,x28	  x4:0xffffffff x28:0x00000000 x20=0xffffffff
       5955.000 ns	       594	80000344	039e34b3	mulhu	x9,x28,x25	 x28:0x00000000 x25:0x00000000  x9=0x00000000
       5975.000 ns	       596	80000348	008b5933	srl	x18,x22,x8	 x22:0x00000001  x8:0x80040fe4 x18=0x00000000
       6005.000 ns	       599	8000034c	11e77153	fmul.s	f2,f14,f30	 f14:0x0055df26 f30:0x806c054c  f2=0x80000000
       6035.000 ns	       602	80000350	20008553	fsgnj.s	f10,f1,f0	  f1:0x7f800001  f0:0x80000000 f10=0xff800001
       6055.000 ns	       604	80000354	ed850c93	addi	x25,x10,-296	 x10:0x00000000 x25=0xfffffed8
       6415.000 ns	       640	80000358	02f65833	divu	x16,x12,x15	 x12:0x1892e338 x15:0x00000001 x16=0x1892e338
       6465.000 ns	       645	8000035c	00c4ac53	fadd.s	f24,f9,f12	  f9:0x0058727e f12:0x00000000 f24=0x0058727e
       6485.000 ns	       647	80000360	009eb7b3	sltu	x15,x29,x9	 x29:0x69c50ce3  x9:0x00000000 x15=0x00000000
       6505.000 ns	       649	80000364	a0b414d3	flt.s	x9,f8,f11	  f8:0x7fc00000 f11:0x7f800001  x9=0x00000000
       6535.000 ns	       652	80000368	e0069e53	fclass.s	x28,f13	 f13:0x4f761b45 x28=0x00000040
       6585.000 ns	       657	8000036c	00467053	fadd.s	f0,f12,f4	 f12:0x00000000  f4:0x7f7fffff  f0=0x7f7fffff
       6615.000 ns	       660	80000370	033b27b3	mulhsu	x15,x22,x19	 x22:0x00000001 x19:0x00000000 x15=0x00000000
       6635.000 ns	       662	80000374	00f2e633	or	x12,x5,x15	  x5:0xfd25910d x15:0x00000000 x12=0xfd25910d
       6995.000 ns	       698	80000378	023f7eb3	remu	x29,x30,x3	 x30:0x2f229000  x3:0x7abdb12c x29=0x2f229000
       7015.000 ns	       700	8000037c	01924833	xor	x16,x4,x25	  x4:0xffffffff x25:0xfffffed8 x16=0x00000127
       7025.000 ns	       701	80000380	2b413593	sltiu	x11,x2,692	  x2:0x00000000 x11=0x00000001
       7035.000 ns	       702	80000384	01b7a933	slt	x18,x15,x27	 x15:0x00000000 x27:0x00000000 x18=0x00000000
       7055.000 ns	       704	80000388	02c639b3	mulhu	x19,x12,x12	 x12:0xfd25910d x12:0xfd25910d x19=0xfa534636
       7085.000 ns	       707	8000038c	292f0ad3	fmin.s	f21,f30,f18	 f30:0x806c054c f18:0x0058727e f21=0x806c054c
       7105.000 ns	       709	80000390	e3486893	ori	x17,x16,-460	 x16:0x00000127 x17=0xffffff37
       7125.000 ns	       711	80000394	f00e8653	fmv.w.x	f12,x29	 x29:0x2f229000 f12=0x2f229000
       7155.000 ns	       714	80000398	d00c4e53	fcvt.s.w	f28,x24	 x24:0x00000000 f28=0x00000000
       7175.000 ns	       716	8000039c	01549e33	sll	x28,x9,x21	  x9:0x00000000 x21:0x80000000 x28=0x00000000
       7195.000 ns	       718	800003a0	03ce28b3	mulhsu	x17,x28,x28	 x28:0x00000040 x28:0x00000040 x17=0x00000000
       7225.000 ns	       721	800003a4	20591853	fsgnjn.s	f16,f18,f5	 f18:0x0058727e  f5:0x80000000 f16=0x0058727e
       8405.000 ns	       839	800003a8	58084b53	fsqrt.s	f22,f16	 f16:0xda210ea9 f22=0x1f990d24
       8775.000 ns	       876	800003ac	02eb77b3	remu	x15,x22,x14	 x22:0x00000001 x14:0xdc9ca2a5 x15=0x00000001
       8805.000 ns	       879	800003b0	29f21cd3	fmax.s	f25,f4,f31	  f4:0x7f7fffff f31:0x1decf302 f25=0x7f7fffff
       8835.000 ns	       882	800003b4	031cdf33	divu	x30,x25,x17	 x25:0xfffffed8 x17:0x00000000 x30=0xffffffff
       8885.000 ns	       887	800003b8	0191cc53	fadd.s	f24,f3,f25	  f3:0xa6c1fb9e f25:0x7f7fffff f24=0x7f7fffff
       8905.000 ns	       889	800003bc	3929a013	slti	x0,x19,914	 x19:0xfa534636
       8915.000 ns	       890	800003c0	00aaab33	slt	x22,x21,x10	 x21:0x80000000 x10:0x00000000 x22=0x00000001
       8925.000 ns	       891	800003c4	00b6f233	and	x4,x13,x11	 x13:0x80041024 x11:0x00000001  x4=0x00000000
       8945.000 ns	       893	800003c8	d011ad53	fcvt.s.wu	f26,x3	  x3:0x7abdb12c f26=0x4ef57b63
       9315.000 ns	       930	800003cc	02cb7a33	remu	x20,x22,x12	 x22:0x00000001 x12:0xfd25910d x20=0x00000001
       9345.000 ns	       933	800003d0	d015c153	fcvt.s.wu	f2,x11	 x11:0x00000001  f2=0x3f800000
       9365.000 ns	       935	800003d4	5c842593	slti	x11,x8,1480	  x8:0x80040fe4 x11=0x00000001
       9385.000 ns	       937	800003d8	022bf533	remu	x10,x23,x2	 x23:0xffffffff  x2:0x00000000 x10=0xffffffff
       9405.000 ns	       939	800003dc	0171db13	srli	x22,x3,0x17	  x3:0x7abdb12c x22=0x000000f5
       9415.000 ns	       940	800003e0	0040a8b3	slt	x17,x1,x4	  x1:0x00000009  x4:0x00000000 x17=0x00000000
       9455.000 ns	       944	800003e4	08c30fd3	fsub.s	f31,f6,f12	  f6:0x40e00000 f12:0x2f229000 f31=0x40e00000
       9485.000 ns	       947	800003e8	024db833	mulhu	x16,x27,x4	 x27:0x00000000  x4:0x00000000 x16=0x00000000
       9515.000 ns	       950	800003ec	a100a353	feq.s	x6,f1,f16	  f1:0x7f800001 f16:0x0058727e  x6=0x00000000
       9535.000 ns	       952	800003f0	68597c97	auipc	x25,0x68597	 x25=0xe85973f0
       9545.000 ns	       953	800003f4	009ae9b3	or	x19,x21,x9	 x21:0x80000000  x9:0x00000000 x19=0x80000000
       9565.000 ns	       955	800003f8	02899533	mulh	x10,x19,x8	 x19:0xfa534636  x8:0x80040fe4 x10=0x3ffdf80e
       9585.000 ns	       957	800003fc	669fc493	xori	x9,x31,1641	 x31:0x00000078  x9=0x00000611
       9625.000 ns	       961	80000400	01264b53	fadd.s	f22,f12,f18	 f12:0x2f229000 f18:0x0058727e f22=0x2f229000
       9655.000 ns	       964	80000404	c00f7c53	fcvt.w.s	x24,f30	 f30:0x806c054c x24=0x00000000
       9675.000 ns	       966	80000408	011bdeb3	srl	x29,x23,x17	 x23:0xffffffff x17:0x00000000 x29=0xffffffff
       9695.000 ns	       968	8000040c	e0090e53	fmv.x.w	x28,f18	 f18:0x0058727e x28=0x0058727e
       9715.000 ns	       970	80000410	415901b3	sub	x3,x18,x21	 x18:0x00000000 x21:0x80000000  x3=0x80000000
       9735.000 ns	       972	80000414	03e312b3	mulh	x5,x6,x30	  x6:0x00000000 x30:0xffffffff  x5=0x00000000
       9765.000 ns	       975	80000418	a1d924d3	feq.s	x9,f18,f29	 f18:0x0058727e f29:0x00000000  x9=0x00000000
       9795.000 ns	       978	8000041c	a15714d3	flt.s	x9,f14,f21	 f14:0x0055df26 f21:0x806c054c  x9=0x00000000
       9815.000 ns	       980	80000420	c7373893	sltiu	x17,x14,-909	 x14:0xdc9ca2a5 x17=0x00000001
       9835.000 ns	       982	80000424	215ca253	fsgnjx.s	f4,f25,f21	 f25:0x7f7fffff f21:0x806c054c  f4=0xff7fffff
       9865.000 ns	       985	80000428	024e7eb3	remu	x29,x28,x4	 x28:0x0058727e  x4:0x00000000 x29=0x0058727e
       9895.000 ns	       988	8000042c	e00c0ad3	fmv.x.w	x21,f24	 f24:0x7f7fffff x21=0x7f7fffff
       9945.000 ns	       993	80000430	082ec7d3	fsub.s	f15,f29,f2	 f29:0x00000000  f2:0x3f800000 f15=0xbf800000
       9985.000 ns	       997	80000434	189da3d3	fdiv.s	f7,f27,f9	 f27:0x7f800000  f9:0x0058727e  f7=0x7f800000
      10005.000 ns	       999	80000438	01226f33	or	x30,x4,x18	  x4:0x00000000 x18:0x00000000 x30=0x00000000
      10025.000 ns	      1001	8000043c	a10fab53	feq.s	x22,f31,f16	 f31:0x40e00000 f16:0x0058727e x22=0x00000000
      10055.000 ns	      1004	80000440	20d88853	fsgnj.s	f16,f17,f13	 f17:0x0055df26 f13:0x4f761b45 f16=0x0055df26
      10085.000 ns	      1007	80000444	a0bb0653	fle.s	x12,f22,f11	 f22:0x2f229000 f11:0x7f800001 x12=0x00000000
      10115.000 ns	      1010	80000448	d0017ed3	fcvt.s.w	f29,x2	  x2:0x00000000 f29=0x00000000
      10135.000 ns	      1012	8000044c	00188e33	add	x28,x17,x1	 x17:0x00000001  x1:0x00000009 x28=0x0000000a
      10145.000 ns	      1013	80000450	01641733	sll	x14,x8,x22	  x8:0x80040fe4 x22:0x00000000 x14=0x80040fe4
      10155.000 ns	      1014	80000454	0155dd33	srl	x26,x11,x21	 x11:0x00000001 x21:0x7f7fffff x26=0x00000000
      10165.000 ns	      1015	80000458	c22833b7	lui	x7,0xc2283	  x7=0xc2283000
      10525.000 ns	      1051	8000045c	02f85033	divu	x0,x16,x15	 x16:0x00000000 x15:0x00000001
      10545.000 ns	      1053	80000460	01371113	slli	x2,x14,0x13	 x14:0x80040fe4  x2=0x7f200000
      10585.000 ns	      1057	80000464	09a6c153	fsub.s	f2,f13,f26	 f13:0x4f761b45 f26:0x4ef57b63  f2=0x4ef6bb27
      10625.000 ns	      1061	80000468	18fe7ad3	fdiv.s	f21,f28,f15	 f28:0x00000000 f15:0xbf800000 f21=0x80000000
      10645.000 ns	      1063	8000046c	00ca61b3	or	x3,x20,x12	 x20:0x00000001 x12:0x00000000  x3=0x00000001
      10665.000 ns	      1065	80000470	02cf7d33	remu	x26,x30,x12	 x30:0x00000000 x12:0x00000000 x26=0x00000000
      10695.000 ns	      1068	80000474	d01c16d3	fcvt.s.wu	f13,x24	 x24:0x00000000 f13=0x00000000
      10725.000 ns	      1071	80000478	28a614d3	fmax.s	f9,f12,f10	 f12:0x2f229000 f10:0xff800001  f9=0x2f229000
      10755.000 ns	      1074	8000047c	2146aa53	fsgnjx.s	f20,f13,f20	 f13:0x00000000 f20:0xff800000 f20=0x80000000
      10775.000 ns	      1076	80000480	40020333	sub	x6,x4,x0	  x4:0x00000000  x0:0x00000000  x6=0x00000000
      10785.000 ns	      1077	80000484	b53d0593	addi	x11,x26,-1197	 x26:0x00000000 x11=0xfffffb53
      10795.000 ns	      1078	80000488	7df2ba13	sltiu	x20,x5,2015	  x5:0x00000000 x20=0x00000001
      11155.000 ns	      1114	8000048c	033343b3	div	x7,x6,x19	  x6:0x00000000 x19:0x80000000  x7=0x00000000
      11185.000 ns	      1117	80000490	02b288b3	mul	x17,x5,x11	  x5:0x00000000 x11:0xfffffb53 x17=0x00000000
      11225.000 ns	      1121	80000494	1111b9d3	fmul.s	f19,f3,f17	  f3:0xa6c1fb9e f17:0x0055df26 f19=0xe7822344
      11255.000 ns	      1124	80000498	a1568dd3	fle.s	x27,f13,f21	 f13:0x00000000 f21:0x80000000 x27=0x00000001
      11275.000 ns	      1126	8000049c	40c18b33	sub	x22,x3,x12	  x3:0x00000001 x12:0x00000000 x22=0x00000001
      11295.000 ns	      1128	800004a0	297b1bd3	fmax.s	f23,f22,f23	 f22:0x2f229000 f23:0xff800000 f23=0x2f229000
      11315.000 ns	      1130	800004a4	01d3d733	srl	x14,x7,x29	  x7:0x00000000 x29:0x0058727e x14=0x00000000
      11325.000 ns	      1131	800004a8	ddcfbc13	sltiu	x24,x31,-548	 x31:0x00000078 x24=0x00000001
      11345.000 ns	      1133	800004ac	025d3e33	mulhu	x28,x26,x5	 x26:0x00000000  x5:0x00000000 x28=0x00000000
      11375.000 ns	      1136	800004b0	c01df3d3	fcvt.wu.s	x7,f27	 f27:0x7f800000  x7=0xffffffff
      11395.000 ns	      1138	800004b4	68d77613	andi	x12,x14,1677	 x14:0x00000000 x12=0x00000000
      11425.000 ns	      1141	800004b8	1157f353	fmul.s	f6,f15,f21	 f15:0xbf800000 f21:0x80000000  f6=0x00000000
      11445.000 ns	      1143	800004bc	0070d1b3	srl	x3,x1,x7	  x1:0x00000009  x7:0xffffffff  x3=0x00000000
      11455.000 ns	      1144	800004c0	e4d4fbb7	lui	x23,0xe4d4f	 x23=0xe4d4f000
      11465.000 ns	      1145	800004c4	40315fb3	sra	x31,x2,x3	  x2:0x7f200000  x3:0x00000001 x31=0x7f200000
      11475.000 ns	      1146	800004c8	008892b3	sll	x5,x17,x8	 x17:0x00000000  x8:0x80040fe4  x5=0x00000000
      11835.000 ns	      1182	800004cc	02b35d33	divu	x26,x6,x11	  x6:0x00000000 x11:0xfffffb53 x26=0x00000000
      11865.000 ns	      1185	800004d0	29498bd3	fmin.s	f23,f19,f20	 f19:0xe7822344 f20:0x80000000 f23=0xe7822344
      11895.000 ns	      1188	800004d4	a126abd3	feq.s	x23,f13,f18	 f13:0x00000000 f18:0x0058727e x23=0x00000000
      13075.000 ns	      1306	800004d8	580d7bd3	fsqrt.s	f23,f26	 f26:0x4ef57b63 f23=0x473142ec
      13105.000 ns	      1309	800004dc	d0084853	fcvt.s.w	f16,x16	 x16:0x00000000 f16=0x00000000
      13155.000 ns	      1314	800004e0	007a7a53	fadd.s	f20,f20,f7	 f20:0x80000000  f7:0x7f800000 f20=0x7f800000
      13525.000 ns	      1351	800004e4	03ba5a33	divu	x20,x20,x27	 x20:0x00000001 x27:0x00000001 x20=0x00000001
      13545.000 ns	      1353	800004e8	00bb2d33	slt	x26,x22,x11	 x22:0x00000001 x11:0xfffffb53 x26=0x00000000
      13565.000 ns	      1355	800004ec	c00a1cd3	fcvt.w.s	x25,f20	 f20:0x7f800000 x25=0x7fffffff
      13595.000 ns	      1358	800004f0	217998d3	fsgnjn.s	f17,f19,f23	 f19:0xe7822344 f23:0x473142ec f17=0xe7822344
      13965.000 ns	      1395	800004f4	03f7eab3	rem	x21,x15,x31	 x15:0x00000001 x31:0x7f200000 x21=0x00000001
      14005.000 ns	      1399	800004f8	10dc4753	fmul.s	f14,f24,f13	 f24:0x7f7fffff f13:0x00000000 f14=0x00000000
      14035.000 ns	      1402	800004fc	024a8b33	mul	x22,x21,x4	 x21:0x00000001  x4:0x00000000 x22=0x00000000
      14085.000 ns	      1407	80000500	0076f753	fadd.s	f14,f13,f7	 f13:0x00000000  f7:0x7f800000 f14=0x7f800000
      14125.000 ns	      1411	80000504	580884d3	fsqrt.s	f9,f17	 f17:0xe7822344  f9=0x7fc00000
      14155.000 ns	      1414	80000508	28561253	fmax.s	f4,f12,f5	 f12:0x2f229000  f5:0x80000000  f4=0x2f229000
      14495.000 ns	      1448	8000050c	192f2d53	fdiv.s	f26,f30,f18	 f30:0x806c054c f18:0x0058727e f26=0xbf187ff4
      14515.000 ns	      1450	80000510	0b462713	slti	x14,x12,180	 x12:0x00000000 x14=0x00000001
      14875.000 ns	      1486	80000514	02e8c5b3	div	x11,x17,x14	 x17:0x00000000 x14:0x00000000 x11=0x00000000
      14905.000 ns	      1489	80000518	28f287d3	fmin.s	f15,f5,f15	  f5:0x80000000 f15:0xbf800000 f15=0xbf800000
      14945.000 ns	      1493	8000051c	18a8f9d3	fdiv.s	f19,f17,f10	 f17:0xe7822344 f10:0xff800001 f19=0x7fc00000
      14975.000 ns	      1496	80000520	21278953	fsgnj.s	f18,f15,f18	 f15:0xbf800000 f18:0x0058727e f18=0x3f800000
      14995.000 ns	      1498	80000524	1b7b4b13	xori	x22,x22,439	 x22:0x00000000 x22=0x000001b7
      16165.000 ns	      1615	80000528	58067f53	fsqrt.s	f30,f12	 f12:0x2f229000 f30=0x36e5e560
      16195.000 ns	      1618	8000052c	a0b39953	flt.s	x18,f7,f11	  f7:0x7f800000 f11:0x7f800001 x18=0x00000000
      16225.000 ns	      1621	80000530	e00e0953	fmv.x.w	x18,f28	 f28:0x00000000 x18=0x00000000
      16255.000 ns	      1624	80000534	e0080253	fmv.x.w	x4,f16	 f16:0x00000000  x4=0x00000000
      16305.000 ns	      1629	80000538	01350153	fadd.s	f2,f10,f19	 f10:0xff800001 f19:0x7fc00000  f2=0x7fc00000
      16355.000 ns	      1634	8000053c	012d3253	fadd.s	f4,f26,f18	 f26:0xbf187ff4 f18:0x3f800000  f4=0x3ecf0018
      16385.000 ns	      1637	80000540	295e8ed3	fmin.s	f29,f29,f21	 f29:0x00000000 f21:0x80000000 f29=0x80000000
      16405.000 ns	      1639	80000544	00000013	addi	x0,x0,0	  x0:0x00000000
      16415.000 ns	      1640	80000548	00000013	addi	x0,x0,0	  x0:0x00000000
      16425.000 ns	      1641	8000054c	01a24e33	xor	x28,x4,x26	  x4:0x00000000 x26:0x00000000 x28=0x00000000
      16455.000 ns	      1644	80000550	11ee8b53	fmul.s	f22,f29,f30	 f29:0x80000000 f30:0x36e5e560 f22=0x80000000
      16475.000 ns	      1646	80000554	00000013	addi	x0,x0,0	  x0:0x00000000
      16485.000 ns	      1647	80000558	01969793	slli	x15,x13,0x19	 x13:0x80041024 x15=0x48000000
      16495.000 ns	      1648	8000055c	417d5613	srai	x12,x26,0x17	 x26:0x00000000 x12=0x00000000
      16515.000 ns	      1650	80000560	f0030553	fmv.w.x	f10,x6	  x6:0x00000000 f10=0x00000000
      16545.000 ns	      1653	80000564	a1e01553	flt.s	x10,f0,f30	  f0:0x7f7fffff f30:0x36e5e560 x10=0x00000000
      16595.000 ns	      1658	80000568	00a19f53	fadd.s	f30,f3,f10	  f3:0xa6c1fb9e f10:0x00000000 f30=0xa6c1fb9e
      16625.000 ns	      1661	8000056c	e0060b53	fmv.x.w	x22,f12	 f12:0x2f229000 x22=0x2f229000
      16655.000 ns	      1664	80000570	c006f853	fcvt.w.s	x16,f13	 f13:0x00000000 x16=0x00000000
      17025.000 ns	      1701	80000574	03bd4ab3	div	x21,x26,x27	 x26:0x00000000 x27:0x00000001 x21=0x00000000
      17055.000 ns	      1704	80000578	21960fd3	fsgnj.s	f31,f12,f25	 f12:0x2f229000 f25:0x7f7fffff f31=0x2f229000
      17085.000 ns	      1707	8000057c	a0722353	feq.s	x6,f4,f7	  f4:0x3ecf0018  f7:0x7f800000  x6=0x00000000
      17115.000 ns	      1710	80000580	28441c53	fmax.s	f24,f8,f4	  f8:0x7fc00000  f4:0x3ecf0018 f24=0x3ecf0018
      17145.000 ns	      1713	80000584	0203c1b3	div	x3,x7,x0	  x7:0xffffffff  x0:0x00000000  x3=0xffffffff
      17165.000 ns	      1715	80000588	00000013	addi	x0,x0,0	  x0:0x00000000
      17185.000 ns	      1717	8000058c	20e6af53	fsgnjx.s	f30,f13,f14	 f13:0x00000000 f14:0x7f800000 f30=0x00000000
      17215.000 ns	      1720	80000590	030c6933	rem	x18,x24,x16	 x24:0x00000001 x16:0x00000000 x18=0x00000001
      17245.000 ns	      1723	80000594	28379653	fmax.s	f12,f15,f3	 f15:0xbf800000  f3:0xa6c1fb9e f12=0xa6c1fb9e
      17285.000 ns	      1727	80000598	19343ed3	fdiv.s	f29,f8,f19	  f8:0x7fc00000 f19:0x7fc00000 f29=0x7fc00000
      17305.000 ns	      1729	8000059c	6b888213	addi	x4,x17,1720	 x17:0x00000000  x4=0x000006b8
      17315.000 ns	      1730	800005a0	93f60013	addi	x0,x12,-1729	 x12:0x00000000
      17355.000 ns	      1734	800005a4	093fa153	fsub.s	f2,f31,f19	 f31:0x2f229000 f19:0x7fc00000  f2=0x7fc00000
      17385.000 ns	      1737	800005a8	e0030bd3	fmv.x.w	x23,f6	  f6:0x00000000 x23=0x00000000
      17415.000 ns	      1740	800005ac	03479ab3	mulh	x21,x15,x20	 x15:0x48000000 x20:0x00000001 x21=0x00000000
      17445.000 ns	      1743	800005b0	c0040653	fcvt.w.s	x12,f8	  f8:0x7fc00000 x12=0x7fffffff
      17465.000 ns	      1745	800005b4	00606033	or	x0,x0,x6	  x0:0x00000000  x6:0x00000000
      17475.000 ns	      1746	800005b8	00bef733	and	x14,x29,x11	 x29:0x0058727e x11:0x00000000 x14=0x00000000
      17485.000 ns	      1747	800005bc	00b1df93	srli	x31,x3,0xb	  x3:0xffffffff x31=0x001fffff
      17495.000 ns	      1748	800005c0	412f53b3	sra	x7,x30,x18	 x30:0x00000000 x18:0x00000001  x7=0x00000000
      17515.000 ns	      1750	800005c4	039b99b3	mulh	x19,x23,x25	 x23:0x00000000 x25:0x7fffffff x19=0x00000000
      17545.000 ns	      1753	800005c8	c00f2cd3	fcvt.w.s	x25,f30	 f30:0x00000000 x25=0x00000000
      17575.000 ns	      1756	800005cc	a00a9d53	flt.s	x26,f21,f0	 f21:0x80000000  f0:0x7f7fffff x26=0x00000001
      17605.000 ns	      1759	800005d0	a148a953	feq.s	x18,f17,f20	 f17:0xe7822344 f20:0x7f800000 x18=0x00000000
      17625.000 ns	      1761	800005d4	006c2633	slt	x12,x24,x6	 x24:0x00000001  x6:0x00000000 x12=0x00000000
      17645.000 ns	      1763	800005d8	02b9e533	rem	x10,x19,x11	 x19:0x00000000 x11:0x00000000 x10=0x00000000
      18015.000 ns	      1800	800005dc	0360f5b3	remu	x11,x1,x22	  x1:0x00000009 x22:0x2f229000 x11=0x00000009
      18035.000 ns	      1802	800005e0	00c8cc33	xor	x24,x17,x12	 x17:0x00000000 x12:0x00000000 x24=0x00000000
      18055.000 ns	      1804	800005e4	a17829d3	feq.s	x19,f16,f23	 f16:0x00000000 f23:0x473142ec x19=0x00000000
      18105.000 ns	      1809	800005e8	084cb3d3	fsub.s	f7,f25,f4	 f25:0x7f7fffff  f4:0x3ecf0018  f7=0x7f7fffff
      18135.000 ns	      1812	800005ec	f00602d3	fmv.w.x	f5,x12	 x12:0x00000000  f5=0x00000000
      18155.000 ns	      1814	800005f0	005f1e13	slli	x28,x30,0x5	 x30:0x00000000 x28=0x00000000
      18165.000 ns	      1815	800005f4	005ed213	srli	x4,x29,0x5	 x29:0x0058727e  x4=0x0002c393
      18185.000 ns	      1817	800005f8	029e2fb3	mulhsu	x31,x28,x9	 x28:0x00000000  x9:0x00000000 x31=0x00000000
      18215.000 ns	      1820	800005fc	031729b3	mulhsu	x19,x14,x17	 x14:0x00000000 x17:0x00000000 x19=0x00000000
      18585.000 ns	      1857	80000600	034e5d33	divu	x26,x28,x20	 x28:0x00000000 x20:0x00000001 x26=0x00000000
      18615.000 ns	      1860	80000604	280b1453	fmax.s	f8,f22,f0	 f22:0x80000000  f0:0x7f7fffff  f8=0x7f7fffff
      18645.000 ns	      1863	80000608	21cfaed3	fsgnjx.s	f29,f31,f28	 f31:0x2f229000 f28:0x00000000 f29=0x2f229000
      18665.000 ns	      1865	8000060c	006e68b3	or	x17,x28,x6	 x28:0x00000000  x6:0x00000000 x17=0x00000000
      18685.000 ns	      1867	80000610	d0067fd3	fcvt.s.w	f31,x12	 x12:0x00000000 f31=0x00000000
      18705.000 ns	      1869	80000614	00cec3b3	xor	x7,x29,x12	 x29:0x0058727e x12:0x00000000  x7=0x0058727e
      18725.000 ns	      1871	80000618	030c61b3	rem	x3,x24,x16	 x24:0x00000000 x16:0x00000000  x3=0x00000000
      18755.000 ns	      1874	8000061c	e00613d3	fclass.s	x7,f12	 f12:0xa6c1fb9e  x7=0x00000002
      18775.000 ns	      1876	80000620	015db733	sltu	x14,x27,x21	 x27:0x00000001 x21:0x00000000 x14=0x00000000
      18785.000 ns	      1877	80000624	2182b497	auipc	x9,0x2182b	  x9=0xa182b624
      18805.000 ns	      1879	80000628	a0980d53	fle.s	x26,f16,f9	 f16:0x00000000  f9:0x7fc00000 x26=0x00000000
      18825.000 ns	      1881	8000062c	01cc9d13	slli	x26,x25,0x1c	 x25:0x00000000 x26=0x00000000
      18835.000 ns	      1882	80000630	01755533	srl	x10,x10,x23	 x10:0x00000000 x23:0x00000000 x10=0x00000000
      18855.000 ns	      1884	80000634	21d0a7d3	fsgnjx.s	f15,f1,f29	  f1:0x7f800001 f29:0x2f229000 f15=0x7f800001
      18875.000 ns	      1886	80000638	010b7233	and	x4,x22,x16	 x22:0x2f229000 x16:0x00000000  x4=0x00000000
      18895.000 ns	      1888	8000063c	02729933	mulh	x18,x5,x7	  x5:0x00000000  x7:0x00000002 x18=0x00000000
      18915.000 ns	      1890	80000640	00000013	addi	x0,x0,0	  x0:0x00000000
      18935.000 ns	      1892	80000644	20c099d3	fsgnjn.s	f19,f1,f12	  f1:0x7f800001 f12:0xa6c1fb9e f19=0x7f800001
      18955.000 ns	      1894	80000648	43398d13	addi	x26,x19,1075	 x19:0x00000000 x26=0x00000433
      18965.000 ns	      1895	8000064c	0d318993	addi	x19,x3,211	  x3:0x00000000 x19=0x000000d3
      18975.000 ns	      1896	80000650	019322b3	slt	x5,x6,x25	  x6:0x00000000 x25:0x00000000  x5=0x00000000
      18985.000 ns	      1897	80000654	00beaeb3	slt	x29,x29,x11	 x29:0x0058727e x11:0x00000009 x29=0x00000000
      18995.000 ns	      1898	80000658	f90c1297	auipc	x5,0xf90c1	  x5=0x790c1658
      19005.000 ns	      1899	8000065c	746d4fb7	lui	x31,0x746d4	 x31=0x746d4000
      19025.000 ns	      1901	80000660	f0038ad3	fmv.w.x	f21,x7	  x7:0x00000002 f21=0x00000002
      19045.000 ns	      1903	80000664	418a5f93	srai	x31,x20,0x18	 x20:0x00000001 x31=0x00000000
      19065.000 ns	      1905	80000668	e0041053	fclass.s	x0,f8	  f8:0x7f7fffff
      19085.000 ns	      1907	8000066c	00210d33	add	x26,x2,x2	  x2:0x7f200000  x2:0x7f200000 x26=0xfe400000
      19115.000 ns	      1910	80000670	18677bd3	fdiv.s	f23,f14,f6	 f14:0x7f800000  f6:0x00000000 f23=0x7f800000
      19135.000 ns	      1912	80000674	40398c33	sub	x24,x19,x3	 x19:0x000000d3  x3:0x00000000 x24=0x000000d3
      19155.000 ns	      1914	80000678	a13d84d3	fle.s	x9,f27,f19	 f27:0x7f800000 f19:0x7f800001  x9=0x00000000
      19175.000 ns	      1916	8000067c	01a19013	slli	x0,x3,0x1a	  x3:0x00000000
      19185.000 ns	      1917	80000680	01bf9493	slli	x9,x31,0x1b	 x31:0x00000000  x9=0x00000000
      19195.000 ns	      1918	80000684	6499ad13	slti	x26,x19,1609	 x19:0x000000d3 x26=0x00000001
      19215.000 ns	      1920	80000688	a1f81f53	flt.s	x30,f16,f31	 f16:0x00000000 f31:0x00000000 x30=0x00000000
      20395.000 ns	      2038	8000068c	580217d3	fsqrt.s	f15,f4	  f4:0x3ecf0018 f15=0x3ea2c6ab
      20415.000 ns	      2040	80000690	01e5d133	srl	x2,x11,x30	 x11:0x00000009 x30:0x00000000  x2=0x00000009
      20435.000 ns	      2042	80000694	294c8d53	fmin.s	f26,f25,f20	 f25:0x7f7fffff f20:0x7f800000 f26=0x7f7fffff
      20465.000 ns	      2045	80000698	a1b023d3	feq.s	x7,f0,f27	  f0:0x7f7fffff f27:0x7f800000  x7=0x00000000
      20485.000 ns	      2047	8000069c	019f91b3	sll	x3,x31,x25	 x31:0x00000000 x25:0x00000000  x3=0x00000000
      20515.000 ns	      2050	800006a0	10e4cfd3	fmul.s	f31,f9,f14	  f9:0x7fc00000 f14:0x7f800000 f31=0x7fc00000
      20535.000 ns	      2052	800006a4	01bd6533	or	x10,x26,x27	 x26:0x00000001 x27:0x00000001 x10=0x00000001
      20545.000 ns	      2053	800006a8	00854e33	xor	x28,x10,x8	 x10:0x00000000  x8:0x80040fe4 x28=0x80040fe5
      20555.000 ns	      2054	800006ac	40f3d933	sra	x18,x7,x15	  x7:0x00000000 x15:0x48000000 x18=0x00000000
      20575.000 ns	      2056	800006b0	d0004d53	fcvt.s.w	f26,x0	  x0:0x00000000 f26=0x00000000
      20595.000 ns	      2058	800006b4	322d4593	xori	x11,x26,802	 x26:0x00000001 x11=0x00000323
      20605.000 ns	      2059	800006b8	41d05913	srai	x18,x0,0x1d	  x0:0x00000000 x18=0x00000000
      20615.000 ns	      2060	800006bc	011e21b3	slt	x3,x28,x17	 x28:0x80040fe5 x17:0x00000000  x3=0x00000001
      20635.000 ns	      2062	800006c0	03cbb1b3	mulhu	x3,x23,x28	 x23:0x00000000 x28:0x80040fe5  x3=0x00000000
      20665.000 ns	      2065	800006c4	a04c81d3	fle.s	x3,f25,f4	 f25:0x7f7fffff  f4:0x3ecf0018  x3=0x00000000
      20695.000 ns	      2068	800006c8	a0fe0253	fle.s	x4,f28,f15	 f28:0x00000000 f15:0x3ea2c6ab  x4=0x00000001
      20715.000 ns	      2070	800006cc	00000013	addi	x0,x0,0	  x0:0x00000000
      20725.000 ns	      2071	800006d0	00c51833	sll	x16,x10,x12	 x10:0x00000001 x12:0x00000000 x16=0x00000001
      20735.000 ns	      2072	800006d4	41648133	sub	x2,x9,x22	  x9:0x00000000 x22:0x2f229000  x2=0xd0dd7000
      20755.000 ns	      2074	800006d8	a0001dd3	flt.s	x27,f0,f0	  f0:0x7f7fffff  f0:0x7f7fffff x27=0x00000000
      20785.000 ns	      2077	800006dc	03988933	mul	x18,x17,x25	 x17:0x00000000 x25:0x00000000 x18=0x00000000
      20825.000 ns	      2081	800006e0	11aab853	fmul.s	f16,f21,f26	 f21:0x00000002 f26:0x00000000 f16=0x00000000
      20855.000 ns	      2084	800006e4	c016f8d3	fcvt.wu.s	x17,f13	 f13:0x00000000 x17=0x00000000
      20875.000 ns	      2086	800006e8	00d0b333	sltu	x6,x1,x13	  x1:0x00000009 x13:0x80041024  x6=0x00000001
      20885.000 ns	      2087	800006ec	0044bb33	sltu	x22,x9,x4	  x9:0x00000000  x4:0x00000001 x22=0x00000001
      20905.000 ns	      2089	800006f0	c01abb53	fcvt.wu.s	x22,f21	 f21:0x00000002 x22=0x00000000
      20925.000 ns	      2091	800006f4	019a9c13	slli	x24,x21,0x19	 x21:0x00000000 x24=0x00000000
      20945.000 ns	      2093	800006f8	a1de8553	fle.s	x10,f29,f29	 f29:0x2f229000 f29:0x2f229000 x10=0x00000001
      20975.000 ns	      2096	800006fc	f0008fd3	fmv.w.x	f31,x1	  x1:0x00000009 f31=0x00000009
      21005.000 ns	      2099	80000700	03766fb3	rem	x31,x12,x23	 x12:0x00000000 x23:0x00000000 x31=0x00000000
      21035.000 ns	      2102	80000704	28218b53	fmin.s	f22,f3,f2	  f3:0xa6c1fb9e  f2:0x7fc00000 f22=0xa6c1fb9e
      21065.000 ns	      2105	80000708	a1768053	fle.s	x0,f13,f23	 f13:0x00000000 f23:0x7f800000
      21085.000 ns	      2107	8000070c	e4946f37	lui	x30,0xe4946	 x30=0xe4946000
      21095.000 ns	      2108	80000710	539cac97	auipc	x25,0x539ca	 x25=0xd39ca710
      21135.000 ns	      2112	80000714	01e372d3	fadd.s	f5,f6,f30	  f6:0x00000000 f30:0x00000000  f5=0x00000000
      21155.000 ns	      2114	80000718	67a6ce93	xori	x29,x13,1658	 x13:0x80041024 x29=0x8004165e
      21175.000 ns	      2116	8000071c	211ca253	fsgnjx.s	f4,f25,f17	 f25:0x7f7fffff f17:0xe7822344  f4=0xff7fffff
      21205.000 ns	      2119	80000720	21fe1053	fsgnjn.s	f0,f28,f31	 f28:0x00000000 f31:0x00000009  f0=0x80000000
      21255.000 ns	      2124	80000724	08e3c753	fsub.s	f14,f7,f14	  f7:0x7f7fffff f14:0x7f800000 f14=0xff800000
      21275.000 ns	      2126	80000728	5e806793	ori	x15,x0,1512	  x0:0x00000000 x15=0x000005e8
      21285.000 ns	      2127	8000072c	018d7d33	and	x26,x26,x24	 x26:0x00000001 x24:0x00000000 x26=0x00000000
      21305.000 ns	      2129	80000730	210b0e53	fsgnj.s	f28,f22,f16	 f22:0xa6c1fb9e f16:0x00000000 f28=0x26c1fb9e
      21325.000 ns	      2131	80000734	001d0eb3	add	x29,x26,x1	 x26:0x00000001  x1:0x00000009 x29=0x00000009
      21335.000 ns	      2132	80000738	01025b13	srli	x22,x4,0x10	  x4:0x00000001 x22=0x00000000
      21355.000 ns	      2134	8000073c	d01ef153	fcvt.s.wu	f2,x29	 x29:0x8004165e  f2=0x41100000
      21385.000 ns	      2137	80000740	e00d09d3	fmv.x.w	x19,f26	 f26:0x00000000 x19=0x00000000
      21415.000 ns	      2140	80000744	28e89253	fmax.s	f4,f17,f14	 f17:0xe7822344 f14:0xff800000  f4=0xe7822344
      21445.000 ns	      2143	80000748	f0060c53	fmv.w.x	f24,x12	 x12:0x00000000 f24=0x00000000
      21465.000 ns	      2145	8000074c	dde80d37	lui	x26,0xdde80	 x26=0xdde80000
      21475.000 ns	      2146	80000750	0160cdb3	xor	x27,x1,x22	  x1:0x00000009 x22:0x00000000 x27=0x00000009
      21495.000 ns	      2148	80000754	a0b48c53	fle.s	x24,f9,f11	  f9:0x7fc00000 f11:0x7f800001 x24=0x00000000
      21525.000 ns	      2151	80000758	03f10233	mul	x4,x2,x31	  x2:0xd0dd7000 x31:0x00000000  x4=0x00000000
      21555.000 ns	      2154	8000075c	2062ad53	fsgnjx.s	f26,f5,f6	  f5:0x00000000  f6:0x00000000 f26=0x00000000
      21585.000 ns	      2157	80000760	d007f553	fcvt.s.w	f10,x15	 x15:0x000005e8 f10=0x44bd0000
      21605.000 ns	      2159	80000764	00000013	addi	x0,x0,0	  x0:0x00000000
      21645.000 ns	      2163	80000768	081cfc53	fsub.s	f24,f25,f1	 f25:0x7f7fffff  f1:0x7f800001 f24=0x7fc00000
      21695.000 ns	      2168	8000076c	00b377d3	fadd.s	f15,f6,f11	  f6:0x00000000 f11:0x7f800001 f15=0x7fc00000
      21715.000 ns	      2170	80000770	2257ac13	slti	x24,x15,549	 x15:0x000005e8 x24=0x00000000
      21745.000 ns	      2173	80000774	19387d53	fdiv.s	f26,f16,f19	 f16:0x00000000 f19:0x7f800001 f26=0x7fc00000
      21775.000 ns	      2176	80000778	21e51b53	fsgnjn.s	f22,f10,f30	 f10:0x44bd0000 f30:0x00000000 f22=0xc4bd0000
      21805.000 ns	      2179	8000077c	204c8d53	fsgnj.s	f26,f25,f4	 f25:0x7f7fffff  f4:0xe7822344 f26=0xff7fffff
      21825.000 ns	      2181	80000780	f4f6ba13	sltiu	x20,x13,-177	 x13:0x80041024 x20=0x00000001
      22185.000 ns	      2217	80000784	025864b3	rem	x9,x16,x5	 x16:0x00000001  x5:0x790c1658  x9=0x00000001
      22215.000 ns	      2220	80000788	a1811f53	flt.s	x30,f2,f24	  f2:0x41100000 f24:0x7fc00000 x30=0x00000000
      22245.000 ns	      2223	8000078c	294182d3	fmin.s	f5,f3,f20	  f3:0xa6c1fb9e f20:0x7f800000  f5=0xa6c1fb9e
      22265.000 ns	      2225	80000790	00a3dd13	srli	x26,x7,0xa	  x7:0x00000000 x26=0x00000000
      22285.000 ns	      2227	80000794	20ec8153	fsgnj.s	f2,f25,f14	 f25:0x7f7fffff f14:0xff800000  f2=0xff7fffff
      22305.000 ns	      2229	80000798	01d13633	sltu	x12,x2,x29	  x2:0xd0dd7000 x29:0x00000009 x12=0x00000000
      22325.000 ns	      2231	8000079c	a08a2ad3	feq.s	x21,f20,f8	 f20:0x7f800000  f8:0x7f7fffff x21=0x00000000
      22355.000 ns	      2234	800007a0	c00d34d3	fcvt.w.s	x9,f26	 f26:0xff7fffff  x9=0x80000000
      22385.000 ns	      2237	800007a4	28fe90d3	fmax.s	f1,f29,f15	 f29:0x2f229000 f15:0x7fc00000  f1=0x2f229000
      22405.000 ns	      2239	800007a8	eec6e593	ori	x11,x13,-276	 x13:0x80041024 x11=0xfffffeec
      22425.000 ns	      2241	800007ac	21b40c53	fsgnj.s	f24,f8,f27	  f8:0x7f7fffff f27:0x7f800000 f24=0x7f7fffff
      22445.000 ns	      2243	800007b0	00098db3	add	x27,x19,x0	 x19:0x00000000  x0:0x00000000 x27=0x00000000
      22455.000 ns	      2244	800007b4	01d4b4b3	sltu	x9,x9,x29	  x9:0x80000000 x29:0x00000009  x9=0x00000000
      22465.000 ns	      2245	800007b8	40988ab3	sub	x21,x17,x9	 x17:0x00000000  x9:0x80000000 x21=0x00000000
      22475.000 ns	      2246	800007bc	0014a1b3	slt	x3,x9,x1	  x9:0x80000000  x1:0x00000009  x3=0x00000001
      22495.000 ns	      2248	800007c0	282498d3	fmax.s	f17,f9,f2	  f9:0x7fc00000  f2:0xff7fffff f17=0xff7fffff
      22835.000 ns	      2282	800007c4	192570d3	fdiv.s	f1,f10,f18	 f10:0x44bd0000 f18:0x3f800000  f1=0x44bcff6c
      22855.000 ns	      2284	800007c8	3e298d13	addi	x26,x19,994	 x19:0x00000000 x26=0x000003e2
      22865.000 ns	      2285	800007cc	002e18b3	sll	x17,x28,x2	 x28:0x80040fe5  x2:0xd0dd7000 x17=0x80040fe5
      22875.000 ns	      2286	800007d0	025dd897	auipc	x17,0x25dd	 x17=0x825dd7d0
      22885.000 ns	      2287	800007d4	4030d5b3	sra	x11,x1,x3	  x1:0x00000009  x3:0x00000001 x11=0x00000004
      22895.000 ns	      2288	800007d8	7a6baa93	slti	x21,x23,1958	 x23:0x00000000 x21=0x00000001
      22915.000 ns	      2290	800007dc	e00c85d3	fmv.x.w	x11,f25	 f25:0x7f7fffff x11=0x7f7fffff
      22935.000 ns	      2292	800007e0	0021c633	xor	x12,x3,x2	  x3:0x00000001  x2:0xd0dd7000 x12=0xd0dd7001
      22955.000 ns	      2294	800007e4	a02d8bd3	fle.s	x23,f27,f2	 f27:0x7f800000  f2:0xff7fffff x23=0x00000000
      22975.000 ns	      2296	800007e8	6bda4613	xori	x12,x20,1725	 x20:0x00000001 x12=0x000006bc
      22995.000 ns	      2298	800007ec	a0cf1553	flt.s	x10,f30,f12	 f30:0x00000000 f12:0xa6c1fb9e x10=0x00000000
      23015.000 ns	      2300	800007f0	41c6d4b3	sra	x9,x13,x28	 x13:0x80041024 x28:0x80040fe5  x9=0xfc002081
      23025.000 ns	      2301	800007f4	00b7d793	srli	x15,x15,0xb	 x15:0x000005e8 x15=0x00000000
      23355.000 ns	      2334	800007f8	1830f0d3	fdiv.s	f1,f1,f3	  f1:0x44bcff6c  f3:0xa6c1fb9e  f1=0xdd856902
      23385.000 ns	      2337	800007fc	e00f0953	fmv.x.w	x18,f30	 f30:0x00000000 x18=0x00000000
      23405.000 ns	      2339	80000800	01d1d3b3	srl	x7,x3,x29	  x3:0x00000001 x29:0x00000009  x7=0x00000000
      23415.000 ns	      2340	80000804	01c3c3b3	xor	x7,x7,x28	  x7:0x00000000 x28:0x80040fe5  x7=0x80040fe5
      23435.000 ns	      2342	80000808	a184add3	feq.s	x27,f9,f24	  f9:0x7fc00000 f24:0x7f7fffff x27=0x00000000
      23455.000 ns	      2344	8000080c	40750e33	sub	x28,x10,x7	 x10:0x00000000  x7:0x00000000 x28=0x7ffbf01b
      23485.000 ns	      2347	80000810	101ec2d3	fmul.s	f5,f29,f1	 f29:0x2f229000  f1:0xdd856902  f5=0xcd296efc
      23505.000 ns	      2349	80000814	38d76c13	ori	x24,x14,909	 x14:0x00000000 x24=0x0000038d
      23515.000 ns	      2350	80000818	016ebf33	sltu	x30,x29,x22	 x29:0x00000009 x22:0x00000000 x30=0x00000000
      23525.000 ns	      2351	8000081c	3119b3b7	lui	x7,0x3119b	  x7=0x3119b000
      23535.000 ns	      2352	80000820	78990f93	addi	x31,x18,1929	 x18:0x00000000 x31=0x00000789
      23555.000 ns	      2354	80000824	28dd1bd3	fmax.s	f23,f26,f13	 f26:0xff7fffff f13:0x00000000 f23=0x00000000
      23575.000 ns	      2356	80000828	01814f33	xor	x30,x2,x24	  x2:0xd0dd7000 x24:0x0000038d x30=0xd0dd738d
      23585.000 ns	      2357	8000082c	41a107b3	sub	x15,x2,x26	  x2:0xd0dd7000 x26:0x000003e2 x15=0xd0dd6c1e
      23605.000 ns	      2359	80000830	03fe1233	mulh	x4,x28,x31	 x28:0x7ffbf01b x31:0x00000789  x4=0x000003c4
      23625.000 ns	      2361	80000834	01c64f33	xor	x30,x12,x28	 x12:0x000006bc x28:0x7ffbf01b x30=0x7ffbf6a7
      23645.000 ns	      2363	80000838	03f19d33	mulh	x26,x3,x31	  x3:0x00000001 x31:0x00000789 x26=0x00000000
      23675.000 ns	      2366	8000083c	a0b20d53	fle.s	x26,f4,f11	  f4:0xe7822344 f11:0x7f800001 x26=0x00000000
      23705.000 ns	      2369	80000840	a1990cd3	fle.s	x25,f18,f25	 f18:0x3f800000 f25:0x7f7fffff x25=0x00000001
      23735.000 ns	      2372	80000844	c00784d3	fcvt.w.s	x9,f15	 f15:0x7fc00000  x9=0x7fffffff
      23755.000 ns	      2374	80000848	b7990913	addi	x18,x18,-1159	 x18:0x00000000 x18=0xfffffb79
      23775.000 ns	      2376	8000084c	d00271d3	fcvt.s.w	f3,x4	  x4:0x000003c4  f3=0x44710000
      23795.000 ns	      2378	80000850	ea71f813	andi	x16,x3,-345	  x3:0x00000001 x16=0x00000001
      23835.000 ns	      2382	80000854	01842153	fadd.s	f2,f8,f24	  f8:0x7f7fffff f24:0x7f7fffff  f2=0x7f800000
      23865.000 ns	      2385	80000858	28f59253	fmax.s	f4,f11,f15	 f11:0x7f800001 f15:0x7fc00000  f4=0x7fc00000
      23885.000 ns	      2387	8000085c	ebf24013	xori	x0,x4,-321	  x4:0x000003c4
      23905.000 ns	      2389	80000860	03b761b3	rem	x3,x14,x27	 x14:0x00000000 x27:0x00000000  x3=0x00000000
      23935.000 ns	      2392	80000864	c01635d3	fcvt.wu.s	x11,f12	 f12:0xa6c1fb9e x11=0x00000000
      23965.000 ns	      2395	80000868	030519b3	mulh	x19,x10,x16	 x10:0x00000000 x16:0x00000001 x19=0x00000000
      23995.000 ns	      2398	8000086c	2154a253	fsgnjx.s	f4,f9,f21	  f9:0x7fc00000 f21:0x00000002  f4=0x7fc00000
      24015.000 ns	      2400	80000870	7958b993	sltiu	x19,x17,1941	 x17:0x825dd7d0 x19=0x00000000
      24025.000 ns	      2401	80000874	c00dee93	ori	x29,x27,-1024	 x27:0x00000000 x29=0xfffffc00
      24035.000 ns	      2402	80000878	01797533	and	x10,x18,x23	 x18:0xfffffb79 x23:0x00000000 x10=0x00000000
      24045.000 ns	      2403	8000087c	41b38bb3	sub	x23,x7,x27	  x7:0x3119b000 x27:0x00000000 x23=0x3119b000
      24065.000 ns	      2405	80000880	e0051153	fclass.s	x2,f10	 f10:0x44bd0000  x2=0x00000040
      24095.000 ns	      2408	80000884	289b9153	fmax.s	f2,f23,f9	 f23:0x00000000  f9:0x7fc00000  f2=0x00000000
      24125.000 ns	      2411	80000888	031e0133	mul	x2,x28,x17	 x28:0x7ffbf01b x17:0x825dd7d0  x2=0x8328c2f0
      24155.000 ns	      2414	8000088c	02bcc4b3	div	x9,x25,x11	 x25:0x00000001 x11:0x00000000  x9=0xffffffff
      24175.000 ns	      2416	80000890	34c14893	xori	x17,x2,844	  x2:0x8328c2f0 x17=0x8328c1bc
      24195.000 ns	      2418	80000894	d0079bd3	fcvt.s.w	f23,x15	 x15:0xd0dd6c1e f23=0xce3c8a4f
      24215.000 ns	      2420	80000898	b5716e93	ori	x29,x2,-1193	  x2:0x8328c2f0 x29=0xfffffbf7
      24225.000 ns	      2421	8000089c	ef652513	slti	x10,x10,-266	 x10:0x00000000 x10=0x00000000
      24235.000 ns	      2422	800008a0	010a9a13	slli	x20,x21,0x10	 x21:0x00000001 x20=0x00010000
      24245.000 ns	      2423	800008a4	51793937	lui	x18,0x51793	 x18=0x51793000
      24255.000 ns	      2424	800008a8	00000013	addi	x0,x0,0	  x0:0x00000000
      24265.000 ns	      2425	800008ac	6fa88593	addi	x11,x17,1786	 x17:0x8328c1bc x11=0x8328c8b6
      24285.000 ns	      2427	800008b0	a001a9d3	feq.s	x19,f3,f0	  f3:0x44710000  f0:0x80000000 x19=0x00000000
      24315.000 ns	      2430	800008b4	02f89533	mulh	x10,x17,x15	 x17:0x8328c1bc x15:0xd0dd6c1e x10=0x16fc6122
      24345.000 ns	      2433	800008b8	29af0553	fmin.s	f10,f30,f26	 f30:0x00000000 f26:0xff7fffff f10=0xff7fffff
      24375.000 ns	      2436	800008bc	d00ff253	fcvt.s.w	f4,x31	 x31:0x00000789  f4=0x44f12000
      24415.000 ns	      2440	800008c0	580099d3	fsqrt.s	f19,f1	  f1:0xdd856902 f19=0x7fc00000
      24455.000 ns	      2444	800008c4	58099ad3	fsqrt.s	f21,f19	 f19:0x7f800001 f21=0x7fc00000
      24475.000 ns	      2446	800008c8	7319c297	auipc	x5,0x7319c	  x5=0xf319c8c8
      24495.000 ns	      2448	800008cc	a1269dd3	flt.s	x27,f13,f18	 f13:0x00000000 f18:0x3f800000 x27=0x00000001
      24525.000 ns	      2451	800008d0	29f71853	fmax.s	f16,f14,f31	 f14:0xff800000 f31:0x00000009 f16=0x00000009
      24555.000 ns	      2454	800008d4	297b12d3	fmax.s	f5,f22,f23	 f22:0xc4bd0000 f23:0xce3c8a4f  f5=0xc4bd0000
      24585.000 ns	      2457	800008d8	02561533	mulh	x10,x12,x5	 x12:0x000006bc  x5:0xf319c8c8 x10=0xffffffa9
      24615.000 ns	      2460	800008dc	c00378d3	fcvt.w.s	x17,f6	  f6:0x00000000 x17=0x00000000
      24645.000 ns	      2463	800008e0	a15b2ad3	feq.s	x21,f22,f21	 f22:0xc4bd0000 f21:0x7fc00000 x21=0x00000000
      24695.000 ns	      2468	800008e4	090df653	fsub.s	f12,f27,f16	 f27:0x7f800000 f16:0x00000009 f12=0x7f800000
      24725.000 ns	      2471	800008e8	299a8ad3	fmin.s	f21,f21,f25	 f21:0x7fc00000 f25:0x7f7fffff f21=0x7f7fffff
      24765.000 ns	      2475	800008ec	101300d3	fmul.s	f1,f6,f1	  f6:0x00000000  f1:0xdd856902  f1=0x80000000
      25135.000 ns	      2512	800008f0	02aefa33	remu	x20,x29,x10	 x29:0xfffffbf7 x10:0xffffffa9 x20=0xfffffbf7
      25165.000 ns	      2515	800008f4	d00afd53	fcvt.s.w	f26,x21	 x21:0x00000000 f26=0x00000000
      25185.000 ns	      2517	800008f8	00764633	xor	x12,x12,x7	 x12:0x000006bc  x7:0x3119b000 x12=0x3119b6bc
      25205.000 ns	      2519	800008fc	a04f1dd3	flt.s	x27,f30,f4	 f30:0x00000000  f4:0x44f12000 x27=0x00000001
      25225.000 ns	      2521	80000900	55e1dd97	auipc	x27,0x55e1d	 x27=0xd5e1d900
      25245.000 ns	      2523	80000904	0340b233	mulhu	x4,x1,x20	  x1:0x00000009 x20:0xfffffbf7  x4=0x00000008
      25265.000 ns	      2525	80000908	491bbe93	sltiu	x29,x23,1169	 x23:0x3119b000 x29=0x00000000
      25275.000 ns	      2526	8000090c	4104d933	sra	x18,x9,x16	  x9:0xffffffff x16:0x00000001 x18=0xffffffff
      25285.000 ns	      2527	80000910	41acd393	srai	x7,x25,0x1a	 x25:0x00000001  x7=0x00000000
      25645.000 ns	      2563	80000914	0343e833	rem	x16,x7,x20	  x7:0x3119b000 x20:0xfffffbf7 x16=0x00000000
      25665.000 ns	      2565	80000918	00000013	addi	x0,x0,0	  x0:0x00000000
      25685.000 ns	      2567	8000091c	c003f5d3	fcvt.w.s	x11,f7	  f7:0x7f7fffff x11=0x7fffffff
      25705.000 ns	      2569	80000920	01021013	slli	x0,x4,0x10	  x4:0x00000008
      25715.000 ns	      2570	80000924	d245b213	sltiu	x4,x11,-732	 x11:0x7fffffff  x4=0x00000001
      25725.000 ns	      2571	80000928	a4ea7397	auipc	x7,0xa4ea7	  x7=0x24ea7928
      25735.000 ns	      2572	8000092c	019d6933	or	x18,x26,x25	 x26:0x00000000 x25:0x00000001 x18=0x00000001
      25755.000 ns	      2574	80000930	03385933	divu	x18,x16,x19	 x16:0x00000000 x19:0x00000000 x18=0xffffffff
      25785.000 ns	      2577	80000934	03c5b7b3	mulhu	x15,x11,x28	 x11:0x7fffffff x28:0x7ffbf01b x15=0x3ffdf80d
      25805.000 ns	      2579	80000938	01d45d13	srli	x26,x8,0x1d	  x8:0x80040fe4 x26=0x00000004
      25825.000 ns	      2581	8000093c	21d182d3	fsgnj.s	f5,f3,f29	  f3:0x44710000 f29:0x2f229000  f5=0x44710000
      25855.000 ns	      2584	80000940	213d0653	fsgnj.s	f12,f26,f19	 f26:0x00000000 f19:0x7fc00000 f12=0x00000000
      25875.000 ns	      2586	80000944	4140db93	srai	x23,x1,0x14	  x1:0x00000009 x23=0x00000000
      25895.000 ns	      2588	80000948	a1249253	flt.s	x4,f9,f18	  f9:0x7fc00000 f18:0x3f800000  x4=0x00000000
      25925.000 ns	      2591	8000094c	f0050ed3	fmv.w.x	f29,x10	 x10:0xffffffa9 f29=0xffffffa9
      25945.000 ns	      2593	80000950	00145ab3	srl	x21,x8,x1	  x8:0x80040fe4  x1:0x00000009 x21=0x00400207
      25955.000 ns	      2594	80000954	005bc5b3	xor	x11,x23,x5	 x23:0x00000000  x5:0xf319c8c8 x11=0xf319c8c8
      25985.000 ns	      2597	80000958	106d4253	fmul.s	f4,f26,f6	 f26:0x00000000  f6:0x00000000  f4=0x00000000
      26015.000 ns	      2600	8000095c	c016fad3	fcvt.wu.s	x21,f13	 f13:0x00000000 x21=0x00000000
      26035.000 ns	      2602	80000960	7e96e513	ori	x10,x13,2025	 x13:0x80041024 x10=0x800417ed
      26055.000 ns	      2604	80000964	a0808bd3	fle.s	x23,f1,f8	  f1:0x80000000  f8:0x7f7fffff x23=0x00000001
      26085.000 ns	      2607	80000968	f00109d3	fmv.w.x	f19,x2	  x2:0x8328c2f0 f19=0x8328c2f0
      26115.000 ns	      2610	8000096c	a0bf1ed3	flt.s	x29,f30,f11	 f30:0x00000000 f11:0x7f800001 x29=0x00000000
      26485.000 ns	      2647	80000970	02d5ea33	rem	x20,x11,x13	 x11:0xf319c8c8 x13:0x80041024 x20=0xf319c8c8
      26505.000 ns	      2649	80000974	3b736493	ori	x9,x6,951	  x6:0x00000001  x9=0x000003b7
      26525.000 ns	      2651	80000978	026839b3	mulhu	x19,x16,x6	 x16:0x00000000  x6:0x00000001 x19=0x00000000
      26545.000 ns	      2653	8000097c	002cd113	srli	x2,x25,0x2	 x25:0x00000001  x2=0x00000000
      26555.000 ns	      2654	80000980	406b52b3	sra	x5,x22,x6	 x22:0x00000000  x6:0x00000001  x5=0x00000000
      26575.000 ns	      2656	80000984	d01f10d3	fcvt.s.wu	f1,x30	 x30:0x7ffbf6a7  f1=0x4efff7ed
      26595.000 ns	      2658	80000988	01922233	slt	x4,x4,x25	  x4:0x00000000 x25:0x00000001  x4=0x00000001
      26615.000 ns	      2660	8000098c	20662c53	fsgnjx.s	f24,f12,f6	 f12:0x00000000  f6:0x00000000 f24=0x00000000
      26645.000 ns	      2663	80000990	20f980d3	fsgnj.s	f1,f19,f15	 f19:0x8328c2f0 f15:0x7fc00000  f1=0x0328c2f0
      26675.000 ns	      2666	80000994	020b6cb3	rem	x25,x22,x0	 x22:0x00000000  x0:0x00000000 x25=0x00000000
      26695.000 ns	      2668	80000998	0156a4b3	slt	x9,x13,x21	 x13:0x80041024 x21:0x00000000  x9=0x00000001
      26705.000 ns	      2669	8000099c	4a042713	slti	x14,x8,1184	  x8:0x80040fe4 x14=0x00000001
      26745.000 ns	      2673	800009a0	00502753	fadd.s	f14,f0,f5	  f0:0x80000000  f5:0x44710000 f14=0x44710000
      26765.000 ns	      2675	800009a4	01789713	slli	x14,x17,0x17	 x17:0x00000000 x14=0x00000000
      26795.000 ns	      2678	800009a8	194a76d3	fdiv.s	f13,f20,f20	 f20:0x7f800000 f20:0x7f800000 f13=0x7fc00000
      26815.000 ns	      2680	800009ac	41ed5b93	srai	x23,x26,0x1e	 x26:0x00000004 x23=0x00000000
      26835.000 ns	      2682	800009b0	29ea0ed3	fmin.s	f29,f20,f30	 f20:0x7f800000 f30:0x00000000 f29=0x00000000
      26865.000 ns	      2685	800009b4	29788bd3	fmin.s	f23,f17,f23	 f17:0xff7fffff f23:0xce3c8a4f f23=0xff7fffff
      26885.000 ns	      2687	800009b8	89ff2593	slti	x11,x30,-1889	 x30:0x7ffbf6a7 x11=0x00000000
      26895.000 ns	      2688	800009bc	00851d93	slli	x27,x10,0x8	 x10:0x800417ed x27=0x0417ed00
      26915.000 ns	      2690	800009c0	03881033	mulh	x0,x16,x24	 x16:0x00000000 x24:0x0000038d
      26945.000 ns	      2693	800009c4	03547533	remu	x10,x8,x21	  x8:0x80040fe4 x21:0x00000000 x10=0x80040fe4
      26975.000 ns	      2696	800009c8	e00202d3	fmv.x.w	x5,f4	  f4:0x00000000  x5=0x00000000
      26995.000 ns	      2698	800009cc	01c80833	add	x16,x16,x28	 x16:0x00000000 x28:0x7ffbf01b x16=0x7ffbf01b
      27005.000 ns	      2699	800009d0	696b4713	xori	x14,x22,1686	 x22:0x00000000 x14=0x00000696
      27025.000 ns	      2701	800009d4	038fb133	mulhu	x2,x31,x24	 x31:0x00000789 x24:0x0000038d  x2=0x00000000
      27045.000 ns	      2703	800009d8	1854be93	sltiu	x29,x9,389	  x9:0x00000001 x29=0x00000001
      27065.000 ns	      2705	800009dc	a0158d53	fle.s	x26,f11,f1	 f11:0x7f800001  f1:0x0328c2f0 x26=0x00000000
      27085.000 ns	      2707	800009e0	c5a06313	ori	x6,x0,-934	  x0:0x00000000  x6=0xfffffc5a
      27115.000 ns	      2710	800009e4	107372d3	fmul.s	f5,f6,f7	  f6:0x00000000  f7:0x7f7fffff  f5=0x00000000
      27135.000 ns	      2712	800009e8	0975a593	slti	x11,x11,151	 x11:0x00000000 x11=0x00000001
      27155.000 ns	      2714	800009ec	20709853	fsgnjn.s	f16,f1,f7	  f1:0x0328c2f0  f7:0x7f7fffff f16=0x8328c2f0
      27185.000 ns	      2717	800009f0	c009c253	fcvt.w.s	x4,f19	 f19:0x8328c2f0  x4=0x00000000
      27205.000 ns	      2719	800009f4	809a6013	ori	x0,x20,-2039	 x20:0xf319c8c8
      27225.000 ns	      2721	800009f8	03419633	mulh	x12,x3,x20	  x3:0x00000000 x20:0xf319c8c8 x12=0x00000000
      27255.000 ns	      2724	800009fc	02908333	mul	x6,x1,x9	  x1:0x00000009  x9:0x00000001  x6=0x00000009
      27285.000 ns	      2727	80000a00	c01e9253	fcvt.wu.s	x4,f29	 f29:0x00000000  x4=0x00000000
      27315.000 ns	      2730	80000a04	033973b3	remu	x7,x18,x19	 x18:0xffffffff x19:0x00000000  x7=0xffffffff
      27335.000 ns	      2732	80000a08	29427893	andi	x17,x4,660	  x4:0x00000000 x17=0x00000000
      27365.000 ns	      2735	80000a0c	5809a253	fsqrt.s	f4,f19	 f19:0x8328c2f0  f4=0x7fc00000
      27395.000 ns	      2738	80000a10	c005fe53	fcvt.w.s	x28,f11	 f11:0x7f800001 x28=0x7fffffff
      27425.000 ns	      2741	80000a14	f00989d3	fmv.w.x	f19,x19	 x19:0x00000000 f19=0x00000000
      28505.000 ns	      2849	80000a18	5800f1d3	fsqrt.s	f3,f1	  f1:0x0328c2f0  f3=0x20eea9c2
      28535.000 ns	      2852	80000a1c	e0001dd3	fclass.s	x27,f0	  f0:0x80000000 x27=0x00000008
      28555.000 ns	      2854	80000a20	00bc1e33	sll	x28,x24,x11	 x24:0x0000038d x11:0x00000001 x28=0x0000071a
      28595.000 ns	      2858	80000a24	00a27253	fadd.s	f4,f4,f10	  f4:0x7fc00000 f10:0xff7fffff  f4=0x7fc00000
      28615.000 ns	      2860	80000a28	5553c993	xori	x19,x7,1365	  x7:0xffffffff x19=0xfffffaaa
      28625.000 ns	      2861	80000a2c	01ed4633	xor	x12,x26,x30	 x26:0x00000000 x30:0x7ffbf6a7 x12=0x7ffbf6a7
      28635.000 ns	      2862	80000a30	ab624493	xori	x9,x4,-1354	  x4:0x00000000  x9=0xfffffab6
      28665.000 ns	      2865	80000a34	580f72d3	fsqrt.s	f5,f30	 f30:0x00000000  f5=0x00000000
      29035.000 ns	      2902	80000a38	0283dab3	divu	x21,x7,x8	  x7:0xffffffff  x8:0x80040fe4 x21=0x00000001
      29075.000 ns	      2906	80000a3c	180aabd3	fdiv.s	f23,f21,f0	 f21:0x7f7fffff  f0:0x80000000 f23=0xff800000
      29115.000 ns	      2910	80000a40	1812fed3	fdiv.s	f29,f5,f1	  f5:0x00000000  f1:0x0328c2f0 f29=0x00000000
      29135.000 ns	      2912	80000a44	177efd97	auipc	x27,0x177ef	 x27=0x977efa44
      29155.000 ns	      2914	80000a48	031b2bb3	mulhsu	x23,x22,x17	 x22:0x00000000 x17:0x00000000 x23=0x00000000
      29185.000 ns	      2917	80000a4c	297587d3	fmin.s	f15,f11,f23	 f11:0x7f800001 f23:0xff800000 f15=0xff800000
      29205.000 ns	      2919	80000a50	00ab52b3	srl	x5,x22,x10	 x22:0x00000000 x10:0x80040fe4  x5=0x00000000
      29215.000 ns	      2920	80000a54	0155d613	srli	x12,x11,0x15	 x11:0x00000001 x12=0x00000000
      29245.000 ns	      2923	80000a58	114cb3d3	fmul.s	f7,f25,f20	 f25:0x7f7fffff f20:0x7f800000  f7=0x7f800000
      29265.000 ns	      2925	80000a5c	00000013	addi	x0,x0,0	  x0:0x00000000
      29285.000 ns	      2927	80000a60	03233233	mulhu	x4,x6,x18	  x6:0x00000009 x18:0xffffffff  x4=0x00000008
      29315.000 ns	      2930	80000a64	c0007ad3	fcvt.w.s	x21,f0	  f0:0x80000000 x21=0x00000000
      29335.000 ns	      2932	80000a68	40388d33	sub	x26,x17,x3	 x17:0x00000000  x3:0x00000000 x26=0x00000000
      29345.000 ns	      2933	80000a6c	00031f93	slli	x31,x6,0x0	  x6:0x00000009 x31=0x00000009
      29385.000 ns	      2937	80000a70	00c87753	fadd.s	f14,f16,f12	 f16:0x8328c2f0 f12:0x00000000 f14=0x8328c2f0
      29415.000 ns	      2940	80000a74	03051ab3	mulh	x21,x10,x16	 x10:0x80040fe4 x16:0x7ffbf01b x21=0xc0040fd3
      29435.000 ns	      2942	80000a78	017acfb3	xor	x31,x21,x23	 x21:0x00000000 x23:0x00000000 x31=0xc0040fd3
      29445.000 ns	      2943	80000a7c	00711993	slli	x19,x2,0x7	  x2:0x00000000 x19=0x00000000
      29465.000 ns	      2945	80000a80	21568e53	fsgnj.s	f28,f13,f21	 f13:0x7fc00000 f21:0x7f7fffff f28=0x7fc00000
      29485.000 ns	      2947	80000a84	0198ab33	slt	x22,x17,x25	 x17:0x00000000 x25:0x00000000 x22=0x00000000
      29505.000 ns	      2949	80000a88	c00e7fd3	fcvt.w.s	x31,f28	 f28:0x7fc00000 x31=0x7fffffff
      29555.000 ns	      2954	80000a8c	0135f6d3	fadd.s	f13,f11,f19	 f11:0x7f800001 f19:0x00000000 f13=0x7fc00000
      29585.000 ns	      2957	80000a90	d018ff53	fcvt.s.wu	f30,x17	 x17:0x00000000 f30=0x00000000
      29615.000 ns	      2960	80000a94	a0fe12d3	flt.s	x5,f28,f15	 f28:0x7fc00000 f15:0xff800000  x5=0x00000000
      29665.000 ns	      2965	80000a98	0886fed3	fsub.s	f29,f13,f8	 f13:0x7fc00000  f8:0x7f7fffff f29=0x7fc00000
      29685.000 ns	      2967	80000a9c	014c8533	add	x10,x25,x20	 x25:0x00000000 x20:0xf319c8c8 x10=0xf319c8c8
      29695.000 ns	      2968	80000aa0	44902eb7	lui	x29,0x44902	 x29=0x44902000
      29705.000 ns	      2969	80000aa4	01fd1033	sll	x0,x26,x31	 x26:0x00000000 x31:0x7fffffff
      29715.000 ns	      2970	80000aa8	019e9513	slli	x10,x29,0x19	 x29:0x00000001 x10=0x00000000
      29725.000 ns	      2971	80000aac	d96a2c93	slti	x25,x20,-618	 x20:0xf319c8c8 x25=0x00000001
      29745.000 ns	      2973	80000ab0	f00081d3	fmv.w.x	f3,x1	  x1:0x00000009  f3=0x00000009
      29765.000 ns	      2975	80000ab4	0085dfb3	srl	x31,x11,x8	 x11:0x00000001  x8:0x80040fe4 x31=0x00000000
      29785.000 ns	      2977	80000ab8	036123b3	mulhsu	x7,x2,x22	  x2:0x00000000 x22:0x00000000  x7=0x00000000
      29815.000 ns	      2980	80000abc	f0030bd3	fmv.w.x	f23,x6	  x6:0x00000009 f23=0x00000009
      29845.000 ns	      2983	80000ac0	20d9a3d3	fsgnjx.s	f7,f19,f13	 f19:0x00000000 f13:0x7fc00000  f7=0x00000000
      29885.000 ns	      2987	80000ac4	19930753	fdiv.s	f14,f6,f25	  f6:0x00000000 f25:0x7f7fffff f14=0x00000000
      29915.000 ns	      2990	80000ac8	02aec1b3	div	x3,x29,x10	 x29:0x44902000 x10:0x00000000  x3=0xffffffff
      29965.000 ns	      2995	80000acc	09633453	fsub.s	f8,f6,f22	  f6:0x00000000 f22:0xc4bd0000  f8=0x44bd0000
      29995.000 ns	      2998	80000ad0	c01d7553	fcvt.wu.s	x10,f26	 f26:0x00000000 x10=0x00000000
      30015.000 ns	      3000	80000ad4	ba7f8393	addi	x7,x31,-1113	 x31:0x00000000  x7=0xfffffba7
      30025.000 ns	      3001	80000ad8	013b62b3	or	x5,x22,x19	 x22:0x00000000 x19:0x00000000  x5=0x00000000
      30035.000 ns	      3002	80000adc	00a438b3	sltu	x17,x8,x10	  x8:0x80040fe4 x10:0x00000000 x17=0x00000000
      30055.000 ns	      3004	80000ae0	203fa653	fsgnjx.s	f12,f31,f3	 f31:0x00000009  f3:0x00000009 f12=0x00000009
      30085.000 ns	      3007	80000ae4	d01272d3	fcvt.s.wu	f5,x4	  x4:0x00000008  f5=0x41000000
      30455.000 ns	      3044	80000ae8	024f4e33	div	x28,x30,x4	 x30:0x7ffbf6a7  x4:0x00000008 x28=0x0fff7ed4
      30485.000 ns	      3047	80000aec	03d293b3	mulh	x7,x5,x29	  x5:0x00000000 x29:0x44902000  x7=0x00000000
      30515.000 ns	      3050	80000af0	021b2cb3	mulhsu	x25,x22,x1	 x22:0x00000000  x1:0x00000009 x25=0x00000000
      30545.000 ns	      3053	80000af4	02a75cb3	divu	x25,x14,x10	 x14:0x00000696 x10:0x00000000 x25=0xffffffff
      30575.000 ns	      3056	80000af8	02df3333	mulhu	x6,x30,x13	 x30:0x7ffbf6a7 x13:0x80041024  x6=0x40000355
      30595.000 ns	      3058	80000afc	0195bf33	sltu	x30,x11,x25	 x11:0x00000001 x25:0xffffffff x30=0x00000001
      30635.000 ns	      3062	80000b00	013b77d3	fadd.s	f15,f22,f19	 f22:0xc4bd0000 f19:0x00000000 f15=0xc4bd0000
      30655.000 ns	      3064	80000b04	7d7dab93	slti	x23,x27,2007	 x27:0x977efa44 x23=0x00000001
      30675.000 ns	      3066	80000b08	02a3c4b3	div	x9,x7,x10	  x7:0x00000000 x10:0x00000000  x9=0xffffffff
      31045.000 ns	      3103	80000b0c	02d6d7b3	divu	x15,x13,x13	 x13:0x80041024 x13:0x80041024 x15=0x00000001
      31065.000 ns	      3105	80000b10	22234c13	xori	x24,x6,546	  x6:0x40000355 x24=0x40000177
      31085.000 ns	      3107	80000b14	209a26d3	fsgnjx.s	f13,f20,f9	 f20:0x7f800000  f9:0x7fc00000 f13=0x7f800000
      31105.000 ns	      3109	80000b18	0036d113	srli	x2,x13,0x3	 x13:0x80041024  x2=0x10008204
      31115.000 ns	      3110	80000b1c	00000013	addi	x0,x0,0	  x0:0x00000000
      31135.000 ns	      3112	80000b20	02f3be33	mulhu	x28,x7,x15	  x7:0x00000000 x15:0x00000001 x28=0x00000000
      31175.000 ns	      3116	80000b24	10343b53	fmul.s	f22,f8,f3	  f8:0x44bd0000  f3:0x00000009 f22=0x00003529
      31205.000 ns	      3119	80000b28	d005b753	fcvt.s.w	f14,x11	 x11:0x00000001 f14=0x3f800000
      31225.000 ns	      3121	80000b2c	00000013	addi	x0,x0,0	  x0:0x00000000
      31245.000 ns	      3123	80000b30	205d96d3	fsgnjn.s	f13,f27,f5	 f27:0x7f800000  f5:0x41000000 f13=0xff800000
      31265.000 ns	      3125	80000b34	019daab3	slt	x21,x27,x25	 x27:0x977efa44 x25:0xffffffff x21=0x00000001
      31275.000 ns	      3126	80000b38	bf815317	auipc	x6,0xbf815	  x6=0x3f815b38
      31315.000 ns	      3130	80000b3c	011b4ad3	fadd.s	f21,f22,f17	 f22:0x00003529 f17:0xff7fffff f21=0xff7fffff
      31335.000 ns	      3132	80000b40	4043dab3	sra	x21,x7,x4	  x7:0x00000000  x4:0x00000008 x21=0x00000000
      31355.000 ns	      3134	80000b44	c01074d3	fcvt.wu.s	x9,f0	  f0:0x80000000  x9=0x00000000
      31375.000 ns	      3136	80000b48	013f5533	srl	x10,x30,x19	 x30:0x00000001 x19:0x00000000 x10=0x00000001
      31385.000 ns	      3137	80000b4c	04d64393	xori	x7,x12,77	 x12:0x00000000  x7=0x0000004d
      31395.000 ns	      3138	80000b50	01a82b33	slt	x22,x16,x26	 x16:0x7ffbf01b x26:0x00000000 x22=0x00000000
      31405.000 ns	      3139	80000b54	5b5d9eb7	lui	x29,0x5b5d9	 x29=0x5b5d9000
      31415.000 ns	      3140	80000b58	002e9d33	sll	x26,x29,x2	 x29:0x44902000  x2:0x10008204 x26=0xb5d90000
      31445.000 ns	      3143	80000b5c	19ac2ad3	fdiv.s	f21,f24,f26	 f24:0x00000000 f26:0x00000000 f21=0x7fc00000
      31465.000 ns	      3145	80000b60	78ff3193	sltiu	x3,x30,1935	 x30:0x00000001  x3=0x00000001
      31475.000 ns	      3146	80000b64	00418833	add	x16,x3,x4	  x3:0xffffffff  x4:0x00000008 x16=0x00000009
      31485.000 ns	      3147	80000b68	4141d733	sra	x14,x3,x20	  x3:0xffffffff x20:0xf319c8c8 x14=0x00000000
      31505.000 ns	      3149	80000b6c	29459c53	fmax.s	f24,f11,f20	 f11:0x7f800001 f20:0x7f800000 f24=0x7f800000
      31535.000 ns	      3152	80000b70	02e78bb3	mul	x23,x15,x14	 x15:0x00000001 x14:0x00000696 x23=0x00000000
      31555.000 ns	      3154	80000b74	00a3c1b3	xor	x3,x7,x10	  x7:0x0000004d x10:0x00000001  x3=0x0000004c
      31565.000 ns	      3155	80000b78	00c71c13	slli	x24,x14,0xc	 x14:0x00000000 x24=0x00000000
      31575.000 ns	      3156	80000b7c	001629b3	slt	x19,x12,x1	 x12:0x00000000  x1:0x00000009 x19=0x00000001
      31595.000 ns	      3158	80000b80	21c22653	fsgnjx.s	f12,f4,f28	  f4:0x7fc00000 f28:0x7fc00000 f12=0x7fc00000
      31615.000 ns	      3160	80000b84	41dcdf93	srai	x31,x25,0x1d	 x25:0xffffffff x31=0xffffffff
      31625.000 ns	      3161	80000b88	01440633	add	x12,x8,x20	  x8:0x80040fe4 x20:0xf319c8c8 x12=0x731dd8ac
      31985.000 ns	      3197	80000b8c	02ddd233	divu	x4,x27,x13	 x27:0x977efa44 x13:0x80041024  x4=0x00000001
      32005.000 ns	      3199	80000b90	43ce2313	slti	x6,x28,1084	 x28:0x00000000  x6=0x00000001
      32025.000 ns	      3201	80000b94	a1280053	fle.s	x0,f16,f18	 f16:0x8328c2f0 f18:0x3f800000
      32395.000 ns	      3238	80000b98	022ffdb3	remu	x27,x31,x2	 x31:0xffffffff  x2:0x10008204 x27=0x0ff861c3
      32415.000 ns	      3240	80000b9c	014d5213	srli	x4,x26,0x14	 x26:0xb5d90000  x4=0x00000b5d
      32435.000 ns	      3242	80000ba0	e00412d3	fclass.s	x5,f8	  f8:0x44bd0000  x5=0x00000040
      32455.000 ns	      3244	80000ba4	41390b33	sub	x22,x18,x19	 x18:0xffffffff x19:0x00000001 x22=0xfffffffe
      32495.000 ns	      3248	80000ba8	08a2b753	fsub.s	f14,f5,f10	  f5:0x41000000 f10:0xff7fffff f14=0x7f7fffff
      32515.000 ns	      3250	80000bac	01b225b3	slt	x11,x4,x27	  x4:0x00000b5d x27:0x0ff861c3 x11=0x00000001
      32525.000 ns	      3251	80000bb0	00e57a33	and	x20,x10,x14	 x10:0x00000001 x14:0x00000000 x20=0x00000000
      32545.000 ns	      3253	80000bb4	2063afd3	fsgnjx.s	f31,f7,f6	  f7:0x00000000  f6:0x00000000 f31=0x00000000
      32575.000 ns	      3256	80000bb8	200295d3	fsgnjn.s	f11,f5,f0	  f5:0x41000000  f0:0x80000000 f11=0x41000000
      32595.000 ns	      3258	80000bbc	ebe10913	addi	x18,x2,-322	  x2:0x10008204 x18=0x100080c2
      32605.000 ns	      3259	80000bc0	00000013	addi	x0,x0,0	  x0:0x00000000
      32625.000 ns	      3261	80000bc4	02e2db33	divu	x22,x5,x14	  x5:0x00000040 x14:0x00000000 x22=0xffffffff
      32665.000 ns	      3265	80000bc8	11953e53	fmul.s	f28,f10,f25	 f10:0xff7fffff f25:0x7f7fffff f28=0xff800000
      32695.000 ns	      3268	80000bcc	f00a0fd3	fmv.w.x	f31,x20	 x20:0x00000000 f31=0x00000000
      32725.000 ns	      3271	80000bd0	02eb8ab3	mul	x21,x23,x14	 x23:0x00000000 x14:0x00000000 x21=0x00000000
      32745.000 ns	      3273	80000bd4	40588c33	sub	x24,x17,x5	 x17:0x00000000  x5:0x00000040 x24=0xffffffc0
      32755.000 ns	      3274	80000bd8	7abc4913	xori	x18,x24,1963	 x24:0x00000000 x18=0xfffff86b
      32775.000 ns	      3276	80000bdc	e0049e53	fclass.s	x28,f9	  f9:0x7fc00000 x28=0x00000200
      32805.000 ns	      3279	80000be0	d002f553	fcvt.s.w	f10,x5	  x5:0x00000040 f10=0x42800000
      32825.000 ns	      3281	80000be4	c5f17a13	andi	x20,x2,-929	  x2:0x10008204 x20=0x10008004
      33185.000 ns	      3317	80000be8	02d6e733	rem	x14,x13,x13	 x13:0x80041024 x13:0x80041024 x14=0x00000000
      33215.000 ns	      3320	80000bec	294909d3	fmin.s	f19,f18,f20	 f18:0x3f800000 f20:0x7f800000 f19=0x3f800000
      33235.000 ns	      3322	80000bf0	2c667193	andi	x3,x12,710	 x12:0x731dd8ac  x3=0x00000084
      33245.000 ns	      3323	80000bf4	010c1913	slli	x18,x24,0x10	 x24:0xffffffc0 x18=0xffc00000
      33255.000 ns	      3324	80000bf8	009b6e33	or	x28,x22,x9	 x22:0xffffffff  x9:0x00000000 x28=0xffffffff
      33265.000 ns	      3325	80000bfc	4124dc33	sra	x24,x9,x18	  x9:0x00000000 x18:0xfffff86b x24=0x00000000
      33275.000 ns	      3326	80000c00	00000013	addi	x0,x0,0	  x0:0x00000000
      33285.000 ns	      3327	80000c04	00000013	addi	x0,x0,0	  x0:0x00000000
      33305.000 ns	      3329	80000c08	e0038a53	fmv.x.w	x20,f7	  f7:0x00000000 x20=0x00000000
      33335.000 ns	      3332	80000c0c	d016bcd3	fcvt.s.wu	f25,x13	 x13:0x80041024 f25=0x4f000411
      33365.000 ns	      3335	80000c10	a0a98ad3	fle.s	x21,f19,f10	 f19:0x3f800000 f10:0x42800000 x21=0x00000001
      33385.000 ns	      3337	80000c14	009d1d33	sll	x26,x26,x9	 x26:0xb5d90000  x9:0x00000000 x26=0xb5d90000
      33415.000 ns	      3340	80000c18	11184653	fmul.s	f12,f16,f17	 f16:0x8328c2f0 f17:0xff7fffff f12=0x4328c2ef
      33785.000 ns	      3377	80000c1c	03d26733	rem	x14,x4,x29	  x4:0x00000b5d x29:0x5b5d9000 x14=0x00000b5d
      33815.000 ns	      3380	80000c20	030587b3	mul	x15,x11,x16	 x11:0x00000001 x16:0x00000009 x15=0x00000009
      33845.000 ns	      3383	80000c24	035d3a33	mulhu	x20,x26,x21	 x26:0xb5d90000 x21:0x00000001 x20=0x00000000
      33875.000 ns	      3386	80000c28	d01696d3	fcvt.s.wu	f13,x13	 x13:0x80041024 f13=0x4f000410
      34215.000 ns	      3420	80000c2c	1909b053	fdiv.s	f0,f19,f16	 f19:0x3f800000 f16:0x8328c2f0  f0=0xfbb4b4b6
      34265.000 ns	      3425	80000c30	00ce7853	fadd.s	f16,f28,f12	 f28:0xff800000 f12:0x4328c2ef f16=0xff800000
      34285.000 ns	      3427	80000c34	f81aedb7	lui	x27,0xf81ae	 x27=0xf81ae000
      34295.000 ns	      3428	80000c38	00000013	addi	x0,x0,0	  x0:0x00000000
      34335.000 ns	      3432	80000c3c	01037dd3	fadd.s	f27,f6,f16	  f6:0x00000000 f16:0xff800000 f27=0xff800000
      34355.000 ns	      3434	80000c40	17443713	sltiu	x14,x8,372	  x8:0x80040fe4 x14=0x00000000
      34365.000 ns	      3435	80000c44	d0d4a993	slti	x19,x9,-755	  x9:0x00000000 x19=0x00000000
      34385.000 ns	      3437	80000c48	a0b3a953	feq.s	x18,f7,f11	  f7:0x00000000 f11:0x41000000 x18=0x00000000
      34435.000 ns	      3442	80000c4c	00903ed3	fadd.s	f29,f0,f9	  f0:0xfbb4b4b6  f9:0x7fc00000 f29=0x7fc00000
      34455.000 ns	      3444	80000c50	00b7de13	srli	x28,x15,0xb	 x15:0x00000009 x28=0x00000000
      34475.000 ns	      3446	80000c54	21281ed3	fsgnjn.s	f29,f16,f18	 f16:0xff800000 f18:0x3f800000 f29=0xff800000
      34495.000 ns	      3448	80000c58	01943e33	sltu	x28,x8,x25	  x8:0x80040fe4 x25:0xffffffff x28=0x00000001
      34505.000 ns	      3449	80000c5c	0071d893	srli	x17,x3,0x7	  x3:0x00000084 x17=0x00000001
      34515.000 ns	      3450	80000c60	5ca67593	andi	x11,x12,1482	 x12:0x731dd8ac x11=0x00000088
      34525.000 ns	      3451	80000c64	01268233	add	x4,x13,x18	 x13:0x80041024 x18:0x00000000  x4=0x80041024
      34545.000 ns	      3453	80000c68	d00fc253	fcvt.s.w	f4,x31	 x31:0xffffffff  f4=0xbf800000
      34575.000 ns	      3456	80000c6c	21f797d3	fsgnjn.s	f15,f15,f31	 f15:0xc4bd0000 f31:0x00000000 f15=0xc4bd0000
      34595.000 ns	      3458	80000c70	01d3b3b3	sltu	x7,x7,x29	  x7:0x0000004d x29:0x5b5d9000  x7=0x00000001
      34605.000 ns	      3459	80000c74	00ba4bb3	xor	x23,x20,x11	 x20:0x00000000 x11:0x00000088 x23=0x00000088
      34615.000 ns	      3460	80000c78	00242233	slt	x4,x8,x2	  x8:0x80040fe4  x2:0x10008204  x4=0x00000001
      34635.000 ns	      3462	80000c7c	d005f653	fcvt.s.w	f12,x11	 x11:0x00000088 f12=0x43080000
      34655.000 ns	      3464	80000c80	01bdf333	and	x6,x27,x27	 x27:0xf81ae000 x27:0xf81ae000  x6=0xf81ae000
      34665.000 ns	      3465	80000c84	002d1bb3	sll	x23,x26,x2	 x26:0xb5d90000  x2:0x10008204 x23=0x5d900000
      34675.000 ns	      3466	80000c88	db1d9b37	lui	x22,0xdb1d9	 x22=0xdb1d9000
      34685.000 ns	      3467	80000c8c	acb19117	auipc	x2,0xacb19	  x2=0x2cb19c8c
      34705.000 ns	      3469	80000c90	219ca853	fsgnjx.s	f16,f25,f25	 f25:0x4f000411 f25:0x4f000411 f16=0x4f000411
      34745.000 ns	      3473	80000c94	18bfaed3	fdiv.s	f29,f31,f11	 f31:0x00000000 f11:0x41000000 f29=0x00000000
      34775.000 ns	      3476	80000c98	20e1a153	fsgnjx.s	f2,f3,f14	  f3:0x00000009 f14:0x7f7fffff  f2=0x00000009
      34805.000 ns	      3479	80000c9c	f00e8053	fmv.w.x	f0,x29	 x29:0x5b5d9000  f0=0x5b5d9000
      34835.000 ns	      3482	80000ca0	c01c7753	fcvt.wu.s	x14,f24	 f24:0x7f800000 x14=0xffffffff
      34865.000 ns	      3485	80000ca4	02966133	rem	x2,x12,x9	 x12:0x731dd8ac  x9:0x00000000  x2=0x731dd8ac
      34885.000 ns	      3487	80000ca8	01ff64b3	or	x9,x30,x31	 x30:0x00000001 x31:0xffffffff  x9=0xffffffff
      34905.000 ns	      3489	80000cac	03af1733	mulh	x14,x30,x26	 x30:0x00000001 x26:0xb5d90000 x14=0xffffffff
      36085.000 ns	      3607	80000cb0	5806fdd3	fsqrt.s	f27,f13	 f13:0x4f000410 f27=0x46b50a40
      36115.000 ns	      3610	80000cb4	c01f7753	fcvt.wu.s	x14,f30	 f30:0x00000000 x14=0x00000000
      36135.000 ns	      3612	80000cb8	41175d93	srai	x27,x14,0x11	 x14:0xffffffff x27=0x00000000
      36155.000 ns	      3614	80000cbc	e0071cd3	fclass.s	x25,f14	 f14:0x7f7fffff x25=0x00000040
      36185.000 ns	      3617	80000cc0	208bacd3	fsgnjx.s	f25,f23,f8	 f23:0x00000009  f8:0x44bd0000 f25=0x00000009
      36215.000 ns	      3620	80000cc4	299318d3	fmax.s	f17,f6,f25	  f6:0x00000000 f25:0x4f000411 f17=0x00000009
      36235.000 ns	      3622	80000cc8	00b29113	slli	x2,x5,0xb	  x5:0x00000040  x2=0x00020000
      36255.000 ns	      3624	80000ccc	f00a0753	fmv.w.x	f14,x20	 x20:0x00000000 f14=0x00000000
      36275.000 ns	      3626	80000cd0	5ade3813	sltiu	x16,x28,1453	 x28:0x00000001 x16=0x00000001
      36635.000 ns	      3662	80000cd4	03e25333	divu	x6,x4,x30	  x4:0x00000001 x30:0x00000001  x6=0x00000001
      36655.000 ns	      3664	80000cd8	00ea21b3	slt	x3,x20,x14	 x20:0x00000000 x14:0x00000000  x3=0x00000000
      36675.000 ns	      3666	80000cdc	02eac2b3	div	x5,x21,x14	 x21:0x00000001 x14:0x00000000  x5=0xffffffff
      36705.000 ns	      3669	80000ce0	29ba1a53	fmax.s	f20,f20,f27	 f20:0x7f800000 f27:0x46b50a40 f20=0x7f800000
      36725.000 ns	      3671	80000ce4	b329ca13	xori	x20,x19,-1230	 x19:0x00000000 x20=0xfffffb32
      36735.000 ns	      3672	80000ce8	2808ec13	ori	x24,x17,640	 x17:0x00000001 x24=0x00000281
      36775.000 ns	      3676	80000cec	08aafed3	fsub.s	f29,f21,f10	 f21:0x7fc00000 f10:0x42800000 f29=0x7fc00000
      36805.000 ns	      3679	80000cf0	029f95b3	mulh	x11,x31,x9	 x31:0xffffffff  x9:0xffffffff x11=0x00000000
      36825.000 ns	      3681	80000cf4	008d1db3	sll	x27,x26,x8	 x26:0xb5d90000  x8:0x80040fe4 x27=0x5d900000
      36845.000 ns	      3683	80000cf8	a0592a53	feq.s	x20,f18,f5	 f18:0x3f800000  f5:0x41000000 x20=0x00000000
      36875.000 ns	      3686	80000cfc	028c0fb3	mul	x31,x24,x8	 x24:0x00000281  x8:0x80040fe4 x31=0x8a2bc9e4
      36905.000 ns	      3689	80000d00	219f1b53	fsgnjn.s	f22,f30,f25	 f30:0x00000000 f25:0x00000009 f22=0x80000000
      36925.000 ns	      3691	80000d04	00041b13	slli	x22,x8,0x0	  x8:0x80040fe4 x22=0x80040fe4
      36945.000 ns	      3693	80000d08	29f88ed3	fmin.s	f29,f17,f31	 f17:0x00000009 f31:0x00000000 f29=0x00000000
      36965.000 ns	      3695	80000d0c	0074d2b3	srl	x5,x9,x7	  x9:0xffffffff  x7:0x00000001  x5=0x7fffffff
      36985.000 ns	      3697	80000d10	03f02ab3	mulhsu	x21,x0,x31	  x0:0x00000000 x31:0x8a2bc9e4 x21=0x00000000
      37015.000 ns	      3700	80000d14	023af9b3	remu	x19,x21,x3	 x21:0x00000001  x3:0x00000000 x19=0x00000000
      37035.000 ns	      3702	80000d18	58003f13	sltiu	x30,x0,1408	  x0:0x00000000 x30=0x00000001
      37395.000 ns	      3738	80000d1c	02a6d3b3	divu	x7,x13,x10	 x13:0x80041024 x10:0x00000001  x7=0x80041024
      37415.000 ns	      3740	80000d20	1ed53913	sltiu	x18,x10,493	 x10:0x00000001 x18=0x00000001
      37435.000 ns	      3742	80000d24	21c22a53	fsgnjx.s	f20,f4,f28	  f4:0xbf800000 f28:0xff800000 f20=0x3f800000
      37455.000 ns	      3744	80000d28	01c428b3	slt	x17,x8,x28	  x8:0x80040fe4 x28:0x00000001 x17=0x00000001
      37465.000 ns	      3745	80000d2c	008a0333	add	x6,x20,x8	 x20:0x00000000  x8:0x80040fe4  x6=0x80040fe4
      37825.000 ns	      3781	80000d30	03185833	divu	x16,x16,x17	 x16:0x00000001 x17:0x00000001 x16=0x00000001
      37845.000 ns	      3783	80000d34	41898833	sub	x16,x19,x24	 x19:0x00000000 x24:0x00000281 x16=0xfffffd7f
      37865.000 ns	      3785	80000d38	02eda5b3	mulhsu	x11,x27,x14	 x27:0x5d900000 x14:0x00000000 x11=0x00000000
      37885.000 ns	      3787	80000d3c	01c968b3	or	x17,x18,x28	 x18:0x00000001 x28:0x00000001 x17=0x00000001
      37895.000 ns	      3788	80000d40	01889ab3	sll	x21,x17,x24	 x17:0x00000001 x24:0x00000281 x21=0x00000002
      37915.000 ns	      3790	80000d44	20950453	fsgnj.s	f8,f10,f9	 f10:0x42800000  f9:0x7fc00000  f8=0x42800000
      38255.000 ns	      3824	80000d48	1909a6d3	fdiv.s	f13,f19,f16	 f19:0x3f800000 f16:0x4f000411 f13=0x2f800000
      38285.000 ns	      3827	80000d4c	a0fe2153	feq.s	x2,f28,f15	 f28:0xff800000 f15:0xc4bd0000  x2=0x00000000
      38315.000 ns	      3830	80000d50	a0502853	feq.s	x16,f0,f5	  f0:0x5b5d9000  f5:0x41000000 x16=0x00000000
      38335.000 ns	      3832	80000d54	002389b3	add	x19,x7,x2	  x7:0x80041024  x2:0x00000000 x19=0x80041024
      38345.000 ns	      3833	80000d58	8f0ec213	xori	x4,x29,-1808	 x29:0x5b5d9000  x4=0xa4a268f0
      38355.000 ns	      3834	80000d5c	d7866e93	ori	x29,x12,-648	 x12:0x731dd8ac x29=0xfffffdfc
      38365.000 ns	      3835	80000d60	41e58333	sub	x6,x11,x30	 x11:0x00000000 x30:0x00000001  x6=0xffffffff
      38395.000 ns	      3838	80000d64	191776d3	fdiv.s	f13,f14,f17	 f14:0x00000000 f17:0x00000009 f13=0x00000000
      38425.000 ns	      3841	80000d68	d00cb253	fcvt.s.w	f4,x25	 x25:0x00000040  f4=0x42800000
      38445.000 ns	      3843	80000d6c	005cd193	srli	x3,x25,0x5	 x25:0x00000040  x3=0x00000002
      38465.000 ns	      3845	80000d70	021283b3	mul	x7,x5,x1	  x5:0x7fffffff  x1:0x00000009  x7=0x7ffffff7
      38485.000 ns	      3847	80000d74	01cbc933	xor	x18,x23,x28	 x23:0x5d900000 x28:0x00000001 x18=0x5d900001
      38505.000 ns	      3849	80000d78	d0157253	fcvt.s.wu	f4,x10	 x10:0x00000001  f4=0x3f800000
      38525.000 ns	      3851	80000d7c	d7950713	addi	x14,x10,-647	 x10:0x00000001 x14=0xfffffd7a
      38535.000 ns	      3852	80000d80	909e7713	andi	x14,x28,-1783	 x28:0x00000001 x14=0x00000001
      38555.000 ns	      3854	80000d84	032f3733	mulhu	x14,x30,x18	 x30:0x00000001 x18:0x5d900001 x14=0x00000000
      38575.000 ns	      3856	80000d88	40c505b3	sub	x11,x10,x12	 x10:0x00000001 x12:0x731dd8ac x11=0x8ce22755
      38595.000 ns	      3858	80000d8c	c002f9d3	fcvt.w.s	x19,f5	  f5:0x41000000 x19=0x00000008
      38625.000 ns	      3861	80000d90	d00c2f53	fcvt.s.w	f30,x24	 x24:0x00000281 f30=0x44204000
      38655.000 ns	      3864	80000d94	d01b7c53	fcvt.s.wu	f24,x22	 x22:0x80040fe4 f24=0x4f00040f
      38685.000 ns	      3867	80000d98	02239fb3	mulh	x31,x7,x2	  x7:0x7ffffff7  x2:0x00000000 x31=0x00000000
      38735.000 ns	      3872	80000d9c	01841153	fadd.s	f2,f8,f24	  f8:0x42800000 f24:0x4f00040f  f2=0x4f00040f
      38755.000 ns	      3874	80000da0	416385b3	sub	x11,x7,x22	  x7:0x7ffffff7 x22:0x80040fe4 x11=0xfffbf013
      38775.000 ns	      3876	80000da4	a1651153	flt.s	x2,f10,f22	 f10:0x42800000 f22:0x80000000  x2=0x00000000
      39145.000 ns	      3913	80000da8	02fd63b3	rem	x7,x26,x15	 x26:0xb5d90000 x15:0x00000009  x7=0xfffffffb
      39165.000 ns	      3915	80000dac	00d571b3	and	x3,x10,x13	 x10:0x00000001 x13:0x80041024  x3=0x00000000
      39175.000 ns	      3916	80000db0	00000013	addi	x0,x0,0	  x0:0x00000000
      39185.000 ns	      3917	80000db4	00000013	addi	x0,x0,0	  x0:0x00000000
      39205.000 ns	      3919	80000db8	21f8af53	fsgnjx.s	f30,f17,f31	 f17:0x00000009 f31:0x00000000 f30=0x00000009
      39225.000 ns	      3921	80000dbc	ed14ad93	slti	x27,x9,-303	  x9:0xffffffff x27=0x00000000
      39265.000 ns	      3925	80000dc0	08037953	fsub.s	f18,f6,f0	  f6:0x00000000  f0:0x5b5d9000 f18=0xdb5d9000
      39295.000 ns	      3928	80000dc4	f00d07d3	fmv.w.x	f15,x26	 x26:0xb5d90000 f15=0xb5d90000
      39325.000 ns	      3931	80000dc8	a13f2753	feq.s	x14,f30,f19	 f30:0x00000009 f19:0x3f800000 x14=0x00000000
      39355.000 ns	      3934	80000dcc	c01a8bd3	fcvt.wu.s	x23,f21	 f21:0x7fc00000 x23=0xffffffff
      39375.000 ns	      3936	80000dd0	001fb633	sltu	x12,x31,x1	 x31:0x00000000  x1:0x00000009 x12=0x00000001
      39405.000 ns	      3939	80000dd4	1027fcd3	fmul.s	f25,f15,f2	 f15:0xb5d90000  f2:0x4f00040f f25=0xc55906e2
      39435.000 ns	      3942	80000dd8	21f3a953	fsgnjx.s	f18,f7,f31	  f7:0x00000000 f31:0x00000000 f18=0x00000000
      39455.000 ns	      3944	80000ddc	41c3deb3	sra	x29,x7,x28	  x7:0xfffffffb x28:0x00000001 x29=0xfffffffd
      40625.000 ns	      4061	80000de0	58082253	fsqrt.s	f4,f16	 f16:0x4f000411  f4=0x46b50a42
      40645.000 ns	      4063	80000de4	01c73e33	sltu	x28,x14,x28	 x14:0x00000000 x28:0x00000001 x28=0x00000001
      40655.000 ns	      4064	80000de8	407bb213	sltiu	x4,x23,1031	 x23:0xffffffff  x4=0x00000000
      40675.000 ns	      4066	80000dec	21df1353	fsgnjn.s	f6,f30,f29	 f30:0x00000009 f29:0x00000000  f6=0x80000009
      40695.000 ns	      4068	80000df0	003e6fb3	or	x31,x28,x3	 x28:0x00000001  x3:0x00000000 x31=0x00000001
      40715.000 ns	      4070	80000df4	e0081bd3	fclass.s	x23,f16	 f16:0x4f000411 x23=0x00000040
      40735.000 ns	      4072	80000df8	000a5033	srl	x0,x20,x0	 x20:0x00000000  x0:0x00000000
      41905.000 ns	      4189	80000dfc	58099053	fsqrt.s	f0,f19	 f19:0x3f800000  f0=0x3f7fffae
      41935.000 ns	      4192	80000e00	d01dc753	fcvt.s.wu	f14,x27	 x27:0x00000000 f14=0x00000000
      41965.000 ns	      4195	80000e04	e0069b53	fclass.s	x22,f13	 f13:0x00000000 x22=0x00000010
      41995.000 ns	      4198	80000e08	205d19d3	fsgnjn.s	f19,f26,f5	 f26:0x00000000  f5:0x41000000 f19=0x80000000
      42025.000 ns	      4201	80000e0c	02993233	mulhu	x4,x18,x9	 x18:0x5d900001  x9:0xffffffff  x4=0x5d900000
      42395.000 ns	      4238	80000e10	0273fd33	remu	x26,x7,x7	  x7:0xfffffffb  x7:0xfffffffb x26=0x00000000
      42415.000 ns	      4240	80000e14	0043deb3	srl	x29,x7,x4	  x7:0xfffffffb  x4:0x5d900000 x29=0xfffffffb
      42425.000 ns	      4241	80000e18	01de3333	sltu	x6,x28,x29	 x28:0x00000001 x29:0xfffffffd  x6=0x00000001
      43595.000 ns	      4358	80000e1c	58043953	fsqrt.s	f18,f8	  f8:0x42800000 f18=0x40ffffae
      43625.000 ns	      4361	80000e20	e0051253	fclass.s	x4,f10	 f10:0x42800000  x4=0x00000040
      43645.000 ns	      4363	80000e24	d8d2f893	andi	x17,x5,-627	  x5:0x7fffffff x17=0x7ffffd8d
      43655.000 ns	      4364	80000e28	2743ec93	ori	x25,x7,628	  x7:0xfffffffb x25=0xffffffff
      43675.000 ns	      4366	80000e2c	e0021353	fclass.s	x6,f4	  f4:0x46b50a42  x6=0x00000040
      43705.000 ns	      4369	80000e30	02789cb3	mulh	x25,x17,x7	 x17:0x7ffffd8d  x7:0xfffffffb x25=0xfffffffd
      44075.000 ns	      4406	80000e34	03217c33	remu	x24,x2,x18	  x2:0x00000000 x18:0x5d900001 x24=0x00000000
      44095.000 ns	      4408	80000e38	01ff9f33	sll	x30,x31,x31	 x31:0x00000001 x31:0x00000001 x30=0x00000002
      44105.000 ns	      4409	80000e3c	00e69f33	sll	x30,x13,x14	 x13:0x80041024 x14:0x00000000 x30=0x80041024
      44115.000 ns	      4410	80000e40	7bd57317	auipc	x6,0x7bd57	  x6=0xfbd57e40
      44125.000 ns	      4411	80000e44	5af69fb7	lui	x31,0x5af69	 x31=0x5af69000
      44135.000 ns	      4412	80000e48	b9fd7393	andi	x7,x26,-1121	 x26:0x00000000  x7=0x00000000
      44145.000 ns	      4413	80000e4c	00b1d2b3	srl	x5,x3,x11	  x3:0x00000000 x11:0xfffbf013  x5=0x00000000
      44155.000 ns	      4414	80000e50	01b0e4b3	or	x9,x1,x27	  x1:0x00000009 x27:0x00000000  x9=0x00000009
      44185.000 ns	      4417	80000e54	1949f1d3	fdiv.s	f3,f19,f20	 f19:0x80000000 f20:0x3f800000  f3=0x80000000
      45365.000 ns	      4535	80000e58	58017e53	fsqrt.s	f28,f2	  f2:0x4f00040f f28=0x46b50a40
      45385.000 ns	      4537	80000e5c	1c514c37	lui	x24,0x1c514	 x24=0x1c514000
      45395.000 ns	      4538	80000e60	01d1c3b3	xor	x7,x3,x29	  x3:0x00000000 x29:0xfffffffb  x7=0xfffffffb
      45415.000 ns	      4540	80000e64	e0088e53	fmv.x.w	x28,f17	 f17:0x00000009 x28=0x00000009
      45445.000 ns	      4543	80000e68	e00b9d53	fclass.s	x26,f23	 f23:0x00000009 x26=0x00000020
      45495.000 ns	      4548	80000e6c	00953f53	fadd.s	f30,f10,f9	 f10:0x42800000  f9:0x7fc00000 f30=0x7fc00000
      45515.000 ns	      4550	80000e70	01055e13	srli	x28,x10,0x10	 x10:0x00000001 x28=0x00000000
      45545.000 ns	      4553	80000e74	114b1ad3	fmul.s	f21,f22,f20	 f22:0x80000000 f20:0x3f800000 f21=0x80000000
      45565.000 ns	      4555	80000e78	41c45d93	srai	x27,x8,0x1c	  x8:0x80040fe4 x27=0xfffffff8
      45585.000 ns	      4557	80000e7c	d01a16d3	fcvt.s.wu	f13,x20	 x20:0x00000000 f13=0x00000000
      45615.000 ns	      4560	80000e80	d0090053	fcvt.s.w	f0,x18	 x18:0x5d900001  f0=0x4ebb2000
      45665.000 ns	      4565	80000e84	086976d3	fsub.s	f13,f18,f6	 f18:0x40ffffae  f6:0x80000009 f13=0x40ffffae
      45685.000 ns	      4567	80000e88	01be1eb3	sll	x29,x28,x27	 x28:0x00000000 x27:0xfffffff8 x29=0x00000000
      45705.000 ns	      4569	80000e8c	03fa3633	mulhu	x12,x20,x31	 x20:0x00000000 x31:0x5af69000 x12=0x00000000
      45725.000 ns	      4571	80000e90	01f6ea33	or	x20,x13,x31	 x13:0x80041024 x31:0x5af69000 x20=0xdaf69024
      45745.000 ns	      4573	80000e94	d00c1a53	fcvt.s.w	f20,x24	 x24:0x1c514000 f20=0x4de28a00
      45775.000 ns	      4576	80000e98	03c9b033	mulhu	x0,x19,x28	 x19:0x00000008 x28:0x00000000
      45805.000 ns	      4579	80000e9c	c01f73d3	fcvt.wu.s	x7,f30	 f30:0x7fc00000  x7=0xffffffff
      45825.000 ns	      4581	80000ea0	ccf3ee93	ori	x29,x7,-817	  x7:0xfffffffb x29=0xffffffff
      45835.000 ns	      4582	80000ea4	00ce8333	add	x6,x29,x12	 x29:0x00000000 x12:0x00000000  x6=0xffffffff
      47005.000 ns	      4699	80000ea8	5802bad3	fsqrt.s	f21,f5	  f5:0x41000000 f21=0x3fb50482
      47375.000 ns	      4736	80000eac	031e6fb3	rem	x31,x28,x17	 x28:0x00000000 x17:0x7ffffd8d x31=0x00000000
      47395.000 ns	      4738	80000eb0	41785293	srai	x5,x16,0x17	 x16:0x00000000  x5=0x00000000
      47415.000 ns	      4740	80000eb4	020862b3	rem	x5,x16,x0	 x16:0x00000000  x0:0x00000000  x5=0x00000000
      47435.000 ns	      4742	80000eb8	01698d33	add	x26,x19,x22	 x19:0x00000008 x22:0x00000010 x26=0x00000018
      47445.000 ns	      4743	80000ebc	00000013	addi	x0,x0,0	  x0:0x00000000
      47455.000 ns	      4744	80000ec0	00855593	srli	x11,x10,0x8	 x10:0x00000001 x11=0x00000000
      47475.000 ns	      4746	80000ec4	a08a2753	feq.s	x14,f20,f8	 f20:0x4de28a00  f8:0x42800000 x14=0x00000000
      47495.000 ns	      4748	80000ec8	01ea54b3	srl	x9,x20,x30	 x20:0xdaf69024 x30:0x80041024  x9=0x0daf6902
      47515.000 ns	      4750	80000ecc	290d1853	fmax.s	f16,f26,f16	 f26:0x00000000 f16:0x4f000411 f16=0x4f000411
      47545.000 ns	      4753	80000ed0	e00319d3	fclass.s	x19,f6	  f6:0x80000009 x19=0x00000004
      47575.000 ns	      4756	80000ed4	e00b9c53	fclass.s	x24,f23	 f23:0x00000009 x24=0x00000020
      47595.000 ns	      4758	80000ed8	60550c93	addi	x25,x10,1541	 x10:0x00000001 x25=0x00000606
      47635.000 ns	      4762	80000edc	09b32253	fsub.s	f4,f6,f27	  f6:0x80000009 f27:0x46b50a40  f4=0xc6b50a40
      47655.000 ns	      4764	80000ee0	40d65793	srai	x15,x12,0xd	 x12:0x00000000 x15=0x00000000
      47665.000 ns	      4765	80000ee4	01a2c8b3	xor	x17,x5,x26	  x5:0x00000000 x26:0x00000018 x17=0x00000018
      47675.000 ns	      4766	80000ee8	015219b3	sll	x19,x4,x21	  x4:0x00000040 x21:0x00000002 x19=0x00000100
      47685.000 ns	      4767	80000eec	01bb2db3	slt	x27,x22,x27	 x22:0x00000010 x27:0xfffffff8 x27=0x00000000
      47705.000 ns	      4769	80000ef0	028212b3	mulh	x5,x4,x8	  x4:0x00000040  x8:0x80040fe4  x5=0xffffffe0
      47725.000 ns	      4771	80000ef4	408c8fb3	sub	x31,x25,x8	 x25:0x00000606  x8:0x80040fe4 x31=0x7ffbf622
      47745.000 ns	      4773	80000ef8	03bab733	mulhu	x14,x21,x27	 x21:0x00000002 x27:0x00000000 x14=0x00000000
      47775.000 ns	      4776	80000efc	e0099653	fclass.s	x12,f19	 f19:0x80000000 x12=0x00000008
      48115.000 ns	      4810	80000f00	1912aed3	fdiv.s	f29,f5,f17	  f5:0x41000000 f17:0x00000009 f29=0x7f800000
      48145.000 ns	      4813	80000f04	a0a89f53	flt.s	x30,f17,f10	 f17:0x00000009 f10:0x42800000 x30=0x00000001
      48165.000 ns	      4815	80000f08	f4ac5f37	lui	x30,0xf4ac5	 x30=0xf4ac5000
      48175.000 ns	      4816	80000f0c	41450eb3	sub	x29,x10,x20	 x10:0x00000001 x20:0xdaf69024 x29=0x25096fdd
      48205.000 ns	      4819	80000f10	5807cdd3	fsqrt.s	f27,f15	 f15:0xb5d90000 f27=0x7fc00000
      48235.000 ns	      4822	80000f14	f00900d3	fmv.w.x	f1,x18	 x18:0x5d900001  f1=0x5d900001
      48255.000 ns	      4824	80000f18	01e60133	add	x2,x12,x30	 x12:0x00000008 x30:0xf4ac5000  x2=0xf4ac5008
      48275.000 ns	      4826	80000f1c	a0b98ad3	fle.s	x21,f19,f11	 f19:0x80000000 f11:0x41000000 x21=0x00000001
      48305.000 ns	      4829	80000f20	d01af3d3	fcvt.s.wu	f7,x21	 x21:0x00000002  f7=0x3f800000
      48335.000 ns	      4832	80000f24	c00df8d3	fcvt.w.s	x17,f27	 f27:0x7fc00000 x17=0x7fffffff
      48355.000 ns	      4834	80000f28	9fb54513	xori	x10,x10,-1541	 x10:0x00000001 x10=0xfffff9fa
      48365.000 ns	      4835	80000f2c	40b35233	sra	x4,x6,x11	  x6:0xffffffff x11:0x00000000  x4=0xffffffff
      48375.000 ns	      4836	80000f30	4138dcb3	sra	x25,x17,x19	 x17:0x7fffffff x19:0x00000100 x25=0x7fffffff
      48385.000 ns	      4837	80000f34	40025033	sra	x0,x4,x0	  x4:0x00000040  x0:0x00000000
      48405.000 ns	      4839	80000f38	e00213d3	fclass.s	x7,f4	  f4:0xc6b50a40  x7=0x00000002
      48775.000 ns	      4876	80000f3c	029c4933	div	x18,x24,x9	 x24:0x00000020  x9:0x0daf6902 x18=0x00000000
      48795.000 ns	      4878	80000f40	fa3f0c93	addi	x25,x30,-93	 x30:0xf4ac5000 x25=0xf4ac4fa3
      48805.000 ns	      4879	80000f44	7a8802b7	lui	x5,0x7a880	  x5=0x7a880000
      48815.000 ns	      4880	80000f48	7b81b497	auipc	x9,0x7b81b	  x9=0xfb81bf48
      48835.000 ns	      4882	80000f4c	a0368ad3	fle.s	x21,f13,f3	 f13:0x40ffffae  f3:0x80000000 x21=0x00000000
      48855.000 ns	      4884	80000f50	5f908197	auipc	x3,0x5f908	  x3=0xdf908f50
      48885.000 ns	      4887	80000f54	580f1c53	fsqrt.s	f24,f30	 f30:0x7fc00000 f24=0x7fc00000
      48905.000 ns	      4889	80000f58	01cde7b3	or	x15,x27,x28	 x27:0x00000000 x28:0x00000000 x15=0x00000000
      48915.000 ns	      4890	80000f5c	00f24333	xor	x6,x4,x15	  x4:0xffffffff x15:0x00000000  x6=0xffffffff
      48925.000 ns	      4891	80000f60	3b0e1397	auipc	x7,0x3b0e1	  x7=0xbb0e1f60
      48945.000 ns	      4893	80000f64	f00b8453	fmv.w.x	f8,x23	 x23:0x00000040  f8=0x00000040
      48975.000 ns	      4896	80000f68	0357e9b3	rem	x19,x15,x21	 x15:0x00000000 x21:0x00000000 x19=0x00000000
      48995.000 ns	      4898	80000f6c	01535933	srl	x18,x6,x21	  x6:0xffffffff x21:0x00000000 x18=0xffffffff
      49015.000 ns	      4900	80000f70	c00a77d3	fcvt.w.s	x15,f20	 f20:0x4de28a00 x15=0x1c514000
      49045.000 ns	      4903	80000f74	c003fdd3	fcvt.w.s	x27,f7	  f7:0x3f800000 x27=0x00000001
      49075.000 ns	      4906	80000f78	c0017a53	fcvt.w.s	x20,f2	  f2:0x4f00040f x20=0x7fffffff
      49105.000 ns	      4909	80000f7c	c019fcd3	fcvt.wu.s	x25,f19	 f19:0x80000000 x25=0x00000000
      49125.000 ns	      4911	80000f80	0084ef33	or	x30,x9,x8	  x9:0xfb81bf48  x8:0x80040fe4 x30=0xfb85bfec
      49135.000 ns	      4912	80000f84	005867b3	or	x15,x16,x5	 x16:0x00000000  x5:0x7a880000 x15=0x7a880000
      49145.000 ns	      4913	80000f88	299a8013	addi	x0,x21,665	 x21:0x00000000
      49165.000 ns	      4915	80000f8c	a10998d3	flt.s	x17,f19,f16	 f19:0x80000000 f16:0x4f000411 x17=0x00000001
      49185.000 ns	      4917	80000f90	00c25d93	srli	x27,x4,0xc	  x4:0xffffffff x27=0x000fffff
      49195.000 ns	      4918	80000f94	01c30db3	add	x27,x6,x28	  x6:0xffffffff x28:0x00000000 x27=0xffffffff
      49525.000 ns	      4951	80000f98	185bf453	fdiv.s	f8,f23,f5	 f23:0x00000009  f5:0x41000000  f8=0x00000000
      49545.000 ns	      4953	80000f9c	004ed313	srli	x6,x29,0x4	 x29:0x25096fdd  x6=0x025096fd
      49565.000 ns	      4955	80000fa0	d0140dd3	fcvt.s.wu	f27,x8	  x8:0x80040fe4 f27=0x4f000410
      49585.000 ns	      4957	80000fa4	23a48a93	addi	x21,x9,570	  x9:0xfb81bf48 x21=0xfb81c182
      49595.000 ns	      4958	80000fa8	c5a00717	auipc	x14,0xc5a00	 x14=0x45a00fa8
      49955.000 ns	      4994	80000fac	02186e33	rem	x28,x16,x1	 x16:0x00000000  x1:0x00000009 x28=0x00000000
      49985.000 ns	      4997	80000fb0	208d07d3	fsgnj.s	f15,f26,f8	 f26:0x00000000  f8:0x00000000 f15=0x00000000
      50005.000 ns	      4999	80000fb4	1cf68113	addi	x2,x13,463	 x13:0x80041024  x2=0x800411f3
      50025.000 ns	      5001	80000fb8	02f7a4b3	mulhsu	x9,x15,x15	 x15:0x7a880000 x15:0x7a880000  x9=0x3aa5e840
      50045.000 ns	      5003	80000fbc	00b75233	srl	x4,x14,x11	 x14:0x45a00fa8 x11:0x00000000  x4=0x45a00fa8
      50065.000 ns	      5005	80000fc0	21460e53	fsgnj.s	f28,f12,f20	 f12:0x43080000 f20:0x4de28a00 f28=0x43080000
      50085.000 ns	      5007	80000fc4	00771bb3	sll	x23,x14,x7	 x14:0x45a00fa8  x7:0xbb0e1f60 x23=0x45a00fa8
      50105.000 ns	      5009	80000fc8	d01dfc53	fcvt.s.wu	f24,x27	 x27:0xffffffff f24=0x4f7fffff
      50125.000 ns	      5011	80000fcc	4194d1b3	sra	x3,x9,x25	  x9:0x3aa5e840 x25:0x00000000  x3=0x3aa5e840
      50135.000 ns	      5012	80000fd0	3a41a113	slti	x2,x3,932	  x3:0xdf908f50  x2=0x00000000
      50145.000 ns	      5013	80000fd4	00000013	addi	x0,x0,0	  x0:0x00000000
      50165.000 ns	      5015	80000fd8	037caab3	mulhsu	x21,x25,x23	 x25:0x00000000 x23:0x45a00fa8 x21=0x00000000
      50195.000 ns	      5018	80000fdc	03369833	mulh	x16,x13,x19	 x13:0x80041024 x19:0x00000000 x16=0x00000000
      50215.000 ns	      5020	80000fe0	00132333	slt	x6,x6,x1	  x6:0x025096fd  x1:0x00000009  x6=0x00000000
      50225.000 ns	      5021	80000fe4	013a18b3	sll	x17,x20,x19	 x20:0x7fffffff x19:0x00000000 x17=0x7fffffff
      50245.000 ns	      5023	80000fe8	d01477d3	fcvt.s.wu	f15,x8	  x8:0x80040fe4 f15=0x4f00040f
      50265.000 ns	      5025	80000fec	014ecab3	xor	x21,x29,x20	 x29:0x25096fdd x20:0x7fffffff x21=0x5af69022
      50295.000 ns	      5028	80000ff0	580308d3	fsqrt.s	f17,f6	  f6:0x80000009 f17=0x7fc00000
      50315.000 ns	      5030	80000ff4	0157e333	or	x6,x15,x21	 x15:0x7a880000 x21:0x00000000  x6=0x7afe9022
      50345.000 ns	      5033	80000ff8	18318653	fdiv.s	f12,f3,f3	  f3:0x80000000  f3:0x80000000 f12=0x7fc00000
      50375.000 ns	      5036	80000ffc	0311a033	mulhsu	x0,x3,x17	  x3:0x3aa5e840 x17:0x7fffffff
      50415.000 ns	      5040	80001000	193f7ad3	fdiv.s	f21,f30,f19	 f30:0x7fc00000 f19:0x80000000 f21=0x7fc00000
      50445.000 ns	      5043	80001004	a1bd8d53	fle.s	x26,f27,f27	 f27:0x4f000410 f27:0x4f000410 x26=0x00000001
      50475.000 ns	      5046	80001008	29331c53	fmax.s	f24,f6,f19	  f6:0x80000009 f19:0x80000000 f24=0x80000000
      50505.000 ns	      5049	8000100c	02289db3	mulh	x27,x17,x2	 x17:0x7fffffff  x2:0x00000000 x27=0x00000000
      50535.000 ns	      5052	80001010	20a229d3	fsgnjx.s	f19,f4,f10	  f4:0xc6b50a40 f10:0x42800000 f19=0xc6b50a40
      50575.000 ns	      5056	80001014	580acb53	fsqrt.s	f22,f21	 f21:0x7fc00000 f22=0x7fc00000
      50605.000 ns	      5059	80001018	21d482d3	fsgnj.s	f5,f9,f29	  f9:0x7fc00000 f29:0x7f800000  f5=0x7fc00000
      50635.000 ns	      5062	8000101c	21cc9f53	fsgnjn.s	f30,f25,f28	 f25:0xc55906e2 f28:0x43080000 f30=0xc55906e2
      50665.000 ns	      5065	80001020	e00384d3	fmv.x.w	x9,f7	  f7:0x3f800000  x9=0x3f800000
      51845.000 ns	      5183	80001024	58081f53	fsqrt.s	f30,f16	 f16:0x4f000411 f30=0x46b50a42
      51875.000 ns	      5186	80001028	e0060fd3	fmv.x.w	x31,f12	 f12:0x7fc00000 x31=0x7fc00000
      51895.000 ns	      5188	8000102c	00704933	xor	x18,x0,x7	  x0:0x00000000  x7:0xbb0e1f60 x18=0xbb0e1f60
      52255.000 ns	      5224	80001030	02a2d1b3	divu	x3,x5,x10	  x5:0x7a880000 x10:0xfffff9fa  x3=0x00000000
      52285.000 ns	      5227	80001034	21ad9253	fsgnjn.s	f4,f27,f26	 f27:0x4f000410 f26:0x00000000  f4=0xcf000410
      52315.000 ns	      5230	80001038	03a0be33	mulhu	x28,x1,x26	  x1:0x00000009 x26:0x00000001 x28=0x00000000
      52345.000 ns	      5233	8000103c	0396e733	rem	x14,x13,x25	 x13:0x80041024 x25:0x00000000 x14=0x80041024
      52715.000 ns	      5270	80001040	0267cdb3	div	x27,x15,x6	 x15:0x7a880000  x6:0x7afe9022 x27=0x00000000
      52745.000 ns	      5273	80001044	03e291b3	mulh	x3,x5,x30	  x5:0x7a880000 x30:0xfb85bfec  x3=0xfddb5c84
      52765.000 ns	      5275	80001048	005e3133	sltu	x2,x28,x5	 x28:0x00000000  x5:0x7a880000  x2=0x00000001
      52775.000 ns	      5276	8000104c	009905b3	add	x11,x18,x9	 x18:0xbb0e1f60  x9:0x3f800000 x11=0xfa8e1f60
      52785.000 ns	      5277	80001050	d643c713	xori	x14,x7,-668	  x7:0xbb0e1f60 x14=0x44f1e204
      52805.000 ns	      5279	80001054	215b2ed3	fsgnjx.s	f29,f22,f21	 f22:0x7fc00000 f21:0x7fc00000 f29=0x7fc00000
      52855.000 ns	      5284	80001058	016e72d3	fadd.s	f5,f28,f22	 f28:0x43080000 f22:0x7fc00000  f5=0x7fc00000
      52885.000 ns	      5287	8000105c	29a38053	fmin.s	f0,f7,f26	  f7:0x3f800000 f26:0x00000000  f0=0x00000000
      52905.000 ns	      5289	80001060	01c65333	srl	x6,x12,x28	 x12:0x00000008 x28:0x00000000  x6=0x00000008
      52915.000 ns	      5290	80001064	12a16b13	ori	x22,x2,298	  x2:0x00000001 x22=0x0000012b
      52935.000 ns	      5292	80001068	20d4a253	fsgnjx.s	f4,f9,f13	  f9:0x7fc00000 f13:0x40ffffae  f4=0x7fc00000
      52965.000 ns	      5295	8000106c	03986633	rem	x12,x16,x25	 x16:0x00000000 x25:0x00000000 x12=0x00000000
      52985.000 ns	      5297	80001070	bb39b993	sltiu	x19,x19,-1101	 x19:0x00000000 x19=0x00000001
      53005.000 ns	      5299	80001074	a1f31ad3	flt.s	x21,f6,f31	  f6:0x80000009 f31:0x00000000 x21=0x00000001
      53035.000 ns	      5302	80001078	a09e92d3	flt.s	x5,f29,f9	 f29:0x7fc00000  f9:0x7fc00000  x5=0x00000000
      53405.000 ns	      5339	8000107c	03dcd7b3	divu	x15,x25,x29	 x25:0x00000000 x29:0x25096fdd x15=0x00000000
      53435.000 ns	      5342	80001080	d01775d3	fcvt.s.wu	f11,x14	 x14:0x44f1e204 f11=0x4e89e3c4
      53465.000 ns	      5345	80001084	e00493d3	fclass.s	x7,f9	  f9:0x7fc00000  x7=0x00000200
      53485.000 ns	      5347	80001088	402f5c93	srai	x25,x30,0x2	 x30:0xfb85bfec x25=0xfee16ffb
      53495.000 ns	      5348	8000108c	4c8c0937	lui	x18,0x4c8c0	 x18=0x4c8c0000
      53505.000 ns	      5349	80001090	0026f533	and	x10,x13,x2	 x13:0x80041024  x2:0x00000001 x10=0x00000000
      53515.000 ns	      5350	80001094	4030da93	srai	x21,x1,0x3	  x1:0x00000009 x21=0x00000001
      53535.000 ns	      5352	80001098	20b3a853	fsgnjx.s	f16,f7,f11	  f7:0x3f800000 f11:0x4e89e3c4 f16=0x3f800000
      53555.000 ns	      5354	8000109c	6ae80a97	auipc	x21,0x6ae80	 x21=0xeae8109c
      53575.000 ns	      5356	800010a0	d01eb2d3	fcvt.s.wu	f5,x29	 x29:0x25096fdd  f5=0x4e1425c0
      53605.000 ns	      5359	800010a4	d0044953	fcvt.s.w	f18,x8	  x8:0x80040fe4 f18=0xcefff7e0
      53625.000 ns	      5361	800010a8	025bc513	xori	x10,x23,37	 x23:0x45a00fa8 x10=0x45a00f8d
      53645.000 ns	      5363	800010ac	29428353	fmin.s	f6,f5,f20	  f5:0x4e1425c0 f20:0x4de28a00  f6=0x4de28a00
      53665.000 ns	      5365	800010b0	019395b3	sll	x11,x7,x25	  x7:0x00000200 x25:0xfee16ffb x11=0x00000000
      53675.000 ns	      5366	800010b4	01934533	xor	x10,x6,x25	  x6:0x00000008 x25:0xfee16ffb x10=0xfee16ff3
      53685.000 ns	      5367	800010b8	41ac52b3	sra	x5,x24,x26	 x24:0x00000020 x26:0x00000001  x5=0x00000010
      53695.000 ns	      5368	800010bc	e9a0e013	ori	x0,x1,-358	  x1:0x00000009
      53715.000 ns	      5370	800010c0	c01b7353	fcvt.wu.s	x6,f22	 f22:0x7fc00000  x6=0xffffffff
      53745.000 ns	      5373	800010c4	02021b33	mulh	x22,x4,x0	  x4:0x45a00fa8  x0:0x00000000 x22=0x00000000
      53765.000 ns	      5375	800010c8	41bbd493	srai	x9,x23,0x1b	 x23:0x45a00fa8  x9=0x00000008
      53805.000 ns	      5379	800010cc	09a6fc53	fsub.s	f24,f13,f26	 f13:0x40ffffae f26:0x00000000 f24=0x40ffffae
      53825.000 ns	      5381	800010d0	11aca613	slti	x12,x25,282	 x25:0xfee16ffb x12=0x00000001
      53845.000 ns	      5383	800010d4	297b1fd3	fmax.s	f31,f22,f23	 f22:0x7fc00000 f23:0x00000009 f31=0x00000009
      53865.000 ns	      5385	800010d8	bdd7af13	slti	x30,x15,-1059	 x15:0x00000000 x30=0x00000000
      53875.000 ns	      5386	800010dc	a53fd9b7	lui	x19,0xa53fd	 x19=0xa53fd000
      53885.000 ns	      5387	800010e0	0103a633	slt	x12,x7,x16	  x7:0x00000200 x16:0x00000000 x12=0x00000000
      53895.000 ns	      5388	800010e4	0071b033	sltu	x0,x3,x7	  x3:0xfddb5c84  x7:0x00000200
      53905.000 ns	      5389	800010e8	01ac9533	sll	x10,x25,x26	 x25:0xfee16ffb x26:0x00000001 x10=0xfdc2dff6
      53915.000 ns	      5390	800010ec	88d4cb13	xori	x22,x9,-1907	  x9:0x00000008 x22=0xfffff885
      53935.000 ns	      5392	800010f0	03983933	mulhu	x18,x16,x25	 x16:0x00000000 x25:0xfee16ffb x18=0x00000000
      53965.000 ns	      5395	800010f4	e00d02d3	fmv.x.w	x5,f26	 f26:0x00000000  x5=0x00000000
      54335.000 ns	      5432	800010f8	02a7c3b3	div	x7,x15,x10	 x15:0x00000000 x10:0xfdc2dff6  x7=0x00000000
      54365.000 ns	      5435	800010fc	e0060153	fmv.x.w	x2,f12	 f12:0x7fc00000  x2=0x7fc00000
      54405.000 ns	      5439	80001100	199d76d3	fdiv.s	f13,f26,f25	 f26:0x00000000 f25:0xc55906e2 f13=0x80000000
      54425.000 ns	      5441	80001104	6fcc3a93	sltiu	x21,x24,1788	 x24:0x00000020 x21=0x00000001
      54465.000 ns	      5445	80001108	096d7453	fsub.s	f8,f26,f22	 f26:0x00000000 f22:0x7fc00000  f8=0x7fc00000
      54495.000 ns	      5448	8000110c	29f60bd3	fmin.s	f23,f12,f31	 f12:0x7fc00000 f31:0x00000009 f23=0x00000009
      54525.000 ns	      5451	80001110	e00e99d3	fclass.s	x19,f29	 f29:0x7fc00000 x19=0x00000200
      54545.000 ns	      5453	80001114	00cbb3b3	sltu	x7,x23,x12	 x23:0x45a00fa8 x12:0x00000000  x7=0x00000000
      54555.000 ns	      5454	80001118	00e0b133	sltu	x2,x1,x14	  x1:0x00000009 x14:0x44f1e204  x2=0x00000001
      54575.000 ns	      5456	8000111c	d00c22d3	fcvt.s.w	f5,x24	 x24:0x00000020  f5=0x42000000
      54615.000 ns	      5460	80001120	5801f4d3	fsqrt.s	f9,f3	  f3:0x80000000  f9=0x80000000
      54645.000 ns	      5463	80001124	29bc9553	fmax.s	f10,f25,f27	 f25:0xc55906e2 f27:0x4f000410 f10=0x4f000410
      54665.000 ns	      5465	80001128	40455c93	srai	x25,x10,0x4	 x10:0xfdc2dff6 x25=0xffdc2dff
      54675.000 ns	      5466	8000112c	01d37e33	and	x28,x6,x29	  x6:0xffffffff x29:0x25096fdd x28=0x25096fdd
      54695.000 ns	      5468	80001130	20a78fd3	fsgnj.s	f31,f15,f10	 f15:0x4f00040f f10:0x4f000410 f31=0x4f00040f
      54725.000 ns	      5471	80001134	02bb8eb3	mul	x29,x23,x11	 x23:0x45a00fa8 x11:0x00000000 x29=0x00000000
      54755.000 ns	      5474	80001138	d01eff53	fcvt.s.wu	f30,x29	 x29:0x25096fdd f30=0x00000000
      54775.000 ns	      5476	8000113c	00d307b3	add	x15,x6,x13	  x6:0xffffffff x13:0x80041024 x15=0x80041023
      54785.000 ns	      5477	80001140	00bb8e33	add	x28,x23,x11	 x23:0x45a00fa8 x11:0x00000000 x28=0x45a00fa8
      54795.000 ns	      5478	80001144	c26e2793	slti	x15,x28,-986	 x28:0x25096fdd x15=0x00000000
      54805.000 ns	      5479	80001148	41b80533	sub	x10,x16,x27	 x16:0x00000000 x27:0x00000000 x10=0x00000000
      54815.000 ns	      5480	8000114c	00594133	xor	x2,x18,x5	 x18:0x00000000  x5:0x00000000  x2=0x00000000
      54835.000 ns	      5482	80001150	20579dd3	fsgnjn.s	f27,f15,f5	 f15:0x4f00040f  f5:0x42000000 f27=0xcf00040f
      54865.000 ns	      5485	80001154	c00a97d3	fcvt.w.s	x15,f21	 f21:0x7fc00000 x15=0x7fffffff
      54885.000 ns	      5487	80001158	406cdbb3	sra	x23,x25,x6	 x25:0xffdc2dff  x6:0xffffffff x23=0xffffffff
      54905.000 ns	      5489	8000115c	205e9553	fsgnjn.s	f10,f29,f5	 f29:0x7fc00000  f5:0x42000000 f10=0xffc00000
      54935.000 ns	      5492	80001160	02a13033	mulhu	x0,x2,x10	  x2:0x00000000 x10:0x00000000
      54955.000 ns	      5494	80001164	add16393	ori	x7,x2,-1315	  x2:0x00000000  x7=0xfffffadd
      54965.000 ns	      5495	80001168	1d513d13	sltiu	x26,x2,469	  x2:0x00000000 x26=0x00000001
      54975.000 ns	      5496	8000116c	00d854b3	srl	x9,x16,x13	 x16:0x00000000 x13:0x80041024  x9=0x00000000
      55015.000 ns	      5500	80001170	084f9553	fsub.s	f10,f31,f4	 f31:0x4f00040f  f4:0x7fc00000 f10=0x7fc00000
      55035.000 ns	      5502	80001174	4da8ca93	xori	x21,x17,1242	 x17:0x7fffffff x21=0x7ffffb25
      55055.000 ns	      5504	80001178	f00d07d3	fmv.w.x	f15,x26	 x26:0x00000001 f15=0x00000001
      55075.000 ns	      5506	8000117c	0de76c13	ori	x24,x14,222	 x14:0x44f1e204 x24=0x44f1e2de
      55085.000 ns	      5507	80001180	404a5c93	srai	x25,x20,0x4	 x20:0x7fffffff x25=0x07ffffff
      55105.000 ns	      5509	80001184	0320f833	remu	x16,x1,x18	  x1:0x00000009 x18:0x00000000 x16=0x00000009
      55125.000 ns	      5511	80001188	7b9ba193	slti	x3,x23,1977	 x23:0xffffffff  x3=0x00000001
      55135.000 ns	      5512	8000118c	96376b13	ori	x22,x14,-1693	 x14:0x44f1e204 x22=0xfffffb67
      55155.000 ns	      5514	80001190	a13514d3	flt.s	x9,f10,f19	 f10:0x7fc00000 f19:0xc6b50a40  x9=0x00000000
      55185.000 ns	      5517	80001194	a0b20953	fle.s	x18,f4,f11	  f4:0x7fc00000 f11:0x4e89e3c4 x18=0x00000000
      55205.000 ns	      5519	80001198	00dead33	slt	x26,x29,x13	 x29:0x00000000 x13:0x80041024 x26=0x00000000
      55225.000 ns	      5521	8000119c	02ac3bb3	mulhu	x23,x24,x10	 x24:0x44f1e2de x10:0x00000000 x23=0x00000000
      55275.000 ns	      5526	800011a0	001b74d3	fadd.s	f9,f22,f1	 f22:0x7fc00000  f1:0x5d900001  f9=0x7fc00000
      55295.000 ns	      5528	800011a4	015db9b3	sltu	x19,x27,x21	 x27:0x00000000 x21:0x7ffffb25 x19=0x00000001
      55305.000 ns	      5529	800011a8	44d20a13	addi	x20,x4,1101	  x4:0x45a00fa8 x20=0x45a013f5
      55665.000 ns	      5565	800011ac	024ecb33	div	x22,x29,x4	 x29:0x00000000  x4:0x45a00fa8 x22=0x00000000
      55685.000 ns	      5567	800011b0	0114be33	sltu	x28,x9,x17	  x9:0x00000000 x17:0x7fffffff x28=0x00000001
      56045.000 ns	      5603	800011b4	0350d233	divu	x4,x1,x21	  x1:0x00000009 x21:0x7ffffb25  x4=0x00000000
      56065.000 ns	      5605	800011b8	176fe513	ori	x10,x31,374	 x31:0x7fc00000 x10=0x7fc00176
      56085.000 ns	      5607	800011bc	a1dda3d3	feq.s	x7,f27,f29	 f27:0xcf00040f f29:0x7fc00000  x7=0x00000000
      56105.000 ns	      5609	800011c0	41f5d033	sra	x0,x11,x31	 x11:0x00000000 x31:0x7fc00000
      56115.000 ns	      5610	800011c4	e0534e93	xori	x29,x6,-507	  x6:0xffffffff x29=0x000001fa
      56125.000 ns	      5611	800011c8	01d7fbb3	and	x23,x15,x29	 x15:0x7fffffff x29:0x00000000 x23=0x000001fa
      56135.000 ns	      5612	800011cc	40480fb3	sub	x31,x16,x4	 x16:0x00000009  x4:0x00000000 x31=0x00000009
      56155.000 ns	      5614	800011d0	d0134b53	fcvt.s.wu	f22,x6	  x6:0xffffffff f22=0x4f800000
      56185.000 ns	      5617	800011d4	c0119853	fcvt.wu.s	x16,f3	  f3:0x80000000 x16=0x00000000
      56205.000 ns	      5619	800011d8	00bd2e33	slt	x28,x26,x11	 x26:0x00000000 x11:0x00000000 x28=0x00000000
      56225.000 ns	      5621	800011dc	c003a553	fcvt.w.s	x10,f7	  f7:0x3f800000 x10=0x00000001
      56245.000 ns	      5623	800011e0	03a22993	slti	x19,x4,58	  x4:0x00000000 x19=0x00000001
      56265.000 ns	      5625	800011e4	e0048953	fmv.x.w	x18,f9	  f9:0x7fc00000 x18=0x7fc00000
      56295.000 ns	      5628	800011e8	28108fd3	fmin.s	f31,f1,f1	  f1:0x5d900001  f1:0x5d900001 f31=0x5d900001
      56665.000 ns	      5665	800011ec	03977eb3	remu	x29,x14,x25	 x14:0x44f1e204 x25:0x07ffffff x29=0x04f1e20c
      56715.000 ns	      5670	800011f0	08b405d3	fsub.s	f11,f8,f11	  f8:0x7fc00000 f11:0x4e89e3c4 f11=0x7fc00000
      56735.000 ns	      5672	800011f4	00e01033	sll	x0,x0,x14	  x0:0x00000000 x14:0x44f1e204
      56765.000 ns	      5675	800011f8	192f75d3	fdiv.s	f11,f30,f18	 f30:0x00000000 f18:0xcefff7e0 f11=0x80000000
      56795.000 ns	      5678	800011fc	a1d89a53	flt.s	x20,f17,f29	 f17:0x7fc00000 f29:0x7fc00000 x20=0x00000000
      56825.000 ns	      5681	80001200	284d1cd3	fmax.s	f25,f26,f4	 f26:0x00000000  f4:0x7fc00000 f25=0x00000000
      56855.000 ns	      5684	80001204	02dab233	mulhu	x4,x21,x13	 x21:0x7ffffb25 x13:0x80041024  x4=0x400205a4
      57225.000 ns	      5721	80001208	037a7f33	remu	x30,x20,x23	 x20:0x00000000 x23:0x000001fa x30=0x00000000
      57245.000 ns	      5723	8000120c	019eda33	srl	x20,x29,x25	 x29:0x04f1e20c x25:0x07ffffff x20=0x00000000
      57255.000 ns	      5724	80001210	b0268213	addi	x4,x13,-1278	 x13:0x80041024  x4=0x80040b26
      57275.000 ns	      5726	80001214	a1761053	flt.s	x0,f12,f23	 f12:0x7fc00000 f23:0x00000009
      57315.000 ns	      5730	80001218	19c224d3	fdiv.s	f9,f4,f28	  f4:0x7fc00000 f28:0x43080000  f9=0x7fc00000
      57345.000 ns	      5733	8000121c	d01e7453	fcvt.s.wu	f8,x28	 x28:0x00000000  f8=0x00000000
      57365.000 ns	      5735	80001220	293568b7	lui	x17,0x29356	 x17=0x29356000
      57375.000 ns	      5736	80001224	01c5a7b3	slt	x15,x11,x28	 x11:0x00000000 x28:0x00000000 x15=0x00000000
      57395.000 ns	      5738	80001228	f00b8953	fmv.w.x	f18,x23	 x23:0x000001fa f18=0x000001fa
      57415.000 ns	      5740	8000122c	058b3c93	sltiu	x25,x22,88	 x22:0x00000000 x25=0x00000001
      57425.000 ns	      5741	80001230	00a9ff33	and	x30,x19,x10	 x19:0x00000001 x10:0x00000001 x30=0x00000001
      57445.000 ns	      5743	80001234	034482b3	mul	x5,x9,x20	  x9:0x00000000 x20:0x00000000  x5=0x00000000
      57465.000 ns	      5745	80001238	00412bb3	slt	x23,x2,x4	  x2:0x00000000  x4:0x80040b26 x23=0x00000000
      57485.000 ns	      5747	8000123c	022afdb3	remu	x27,x21,x2	 x21:0x7ffffb25  x2:0x00000000 x27=0x7ffffb25
      57855.000 ns	      5784	80001240	0235e9b3	rem	x19,x11,x3	 x11:0x00000000  x3:0x00000001 x19=0x00000000
      57875.000 ns	      5786	80001244	0d89fa93	andi	x21,x19,216	 x19:0x00000001 x21=0x00000000
      57895.000 ns	      5788	80001248	21e4a553	fsgnjx.s	f10,f9,f30	  f9:0x7fc00000 f30:0x00000000 f10=0x7fc00000
      57915.000 ns	      5790	8000124c	76fea113	slti	x2,x29,1903	 x29:0x04f1e20c  x2=0x00000000
      57935.000 ns	      5792	80001250	292d0ed3	fmin.s	f29,f26,f18	 f26:0x00000000 f18:0x000001fa f29=0x00000000
      57955.000 ns	      5794	80001254	00745193	srli	x3,x8,0x7	  x8:0x80040fe4  x3=0x0100081f
      57975.000 ns	      5796	80001258	a0178bd3	fle.s	x23,f15,f1	 f15:0x00000001  f1:0x5d900001 x23=0x00000001
      57995.000 ns	      5798	8000125c	00a65f33	srl	x30,x12,x10	 x12:0x00000000 x10:0x00000001 x30=0x00000000
      58355.000 ns	      5834	80001260	02af6733	rem	x14,x30,x10	 x30:0x00000001 x10:0x00000001 x14=0x00000000
      58385.000 ns	      5837	80001264	201493d3	fsgnjn.s	f7,f9,f1	  f9:0x7fc00000  f1:0x5d900001  f7=0xffc00000
      58425.000 ns	      5841	80001268	107bfe53	fmul.s	f28,f23,f7	 f23:0x00000009  f7:0x3f800000 f28=0x7fc00000
      58455.000 ns	      5844	8000126c	c01dccd3	fcvt.wu.s	x25,f27	 f27:0xcf00040f x25=0x80040f00
      58485.000 ns	      5847	80001270	295b9d53	fmax.s	f26,f23,f21	 f23:0x00000009 f21:0x7fc00000 f26=0x00000009
      58515.000 ns	      5850	80001274	e00e15d3	fclass.s	x11,f28	 f28:0x7fc00000 x11=0x00000200
      58555.000 ns	      5854	80001278	580cf4d3	fsqrt.s	f9,f25	 f25:0x00000000  f9=0x00000000
      58575.000 ns	      5856	8000127c	cebac613	xori	x12,x21,-789	 x21:0x00000000 x12=0xfffffceb
      58595.000 ns	      5858	80001280	f0000dd3	fmv.w.x	f27,x0	  x0:0x00000000 f27=0x00000000
      58615.000 ns	      5860	80001284	01359c33	sll	x24,x11,x19	 x11:0x00000200 x19:0x00000000 x24=0x00000200
      58625.000 ns	      5861	80001288	019c8bb3	add	x23,x25,x25	 x25:0x80040f00 x25:0x80040f00 x23=0x00081e00
      58645.000 ns	      5863	8000128c	28329453	fmax.s	f8,f5,f3	  f5:0x42000000  f3:0x80000000  f8=0x42000000
      58675.000 ns	      5866	80001290	0324bb33	mulhu	x22,x9,x18	  x9:0x00000000 x18:0x7fc00000 x22=0x00000000
      58695.000 ns	      5868	80001294	86198993	addi	x19,x19,-1951	 x19:0x00000000 x19=0xfffff861
      58705.000 ns	      5869	80001298	a0f88e13	addi	x28,x17,-1521	 x17:0x29356000 x28=0x29355a0f
      58715.000 ns	      5870	8000129c	01815333	srl	x6,x2,x24	  x2:0x00000000 x24:0x00000200  x6=0x00000000
      58735.000 ns	      5872	800012a0	a0240ed3	fle.s	x29,f8,f2	  f8:0x42000000  f2:0x4f00040f x29=0x00000001
      59105.000 ns	      5909	800012a4	0382f3b3	remu	x7,x5,x24	  x5:0x00000000 x24:0x00000200  x7=0x00000000
      59135.000 ns	      5912	800012a8	a12511d3	flt.s	x3,f10,f18	 f10:0x7fc00000 f18:0x000001fa  x3=0x00000000
      59165.000 ns	      5915	800012ac	f0028e53	fmv.w.x	f28,x5	  x5:0x00000000 f28=0x00000000
      59185.000 ns	      5917	800012b0	8bb06813	ori	x16,x0,-1861	  x0:0x00000000 x16=0xfffff8bb
      59205.000 ns	      5919	800012b4	035a79b3	remu	x19,x20,x21	 x20:0x00000000 x21:0x00000000 x19=0x00000000
      59225.000 ns	      5921	800012b8	002a35b3	sltu	x11,x20,x2	 x20:0x00000000  x2:0x00000000 x11=0x00000000
      59235.000 ns	      5922	800012bc	7c96e213	ori	x4,x13,1993	 x13:0x80041024  x4=0x800417ed
      59245.000 ns	      5923	800012c0	1b3b4793	xori	x15,x22,435	 x22:0x00000000 x15=0x000001b3
      59265.000 ns	      5925	800012c4	034cb1b3	mulhu	x3,x25,x20	 x25:0x80040f00 x20:0x00000000  x3=0x00000000
      59295.000 ns	      5928	800012c8	293a0a53	fmin.s	f20,f20,f19	 f20:0x4de28a00 f19:0xc6b50a40 f20=0xc6b50a40
      59325.000 ns	      5931	800012cc	02732633	mulhsu	x12,x6,x7	  x6:0x00000000  x7:0x00000000 x12=0x00000000
      59355.000 ns	      5934	800012d0	2102ac53	fsgnjx.s	f24,f5,f16	  f5:0x42000000 f16:0x3f800000 f24=0x42000000
      59375.000 ns	      5936	800012d4	00000013	addi	x0,x0,0	  x0:0x00000000
      59385.000 ns	      5937	800012d8	3c39e593	ori	x11,x19,963	 x19:0x00000000 x11=0x000003c3
      59405.000 ns	      5939	800012dc	d0042bd3	fcvt.s.w	f23,x8	  x8:0x80040fe4 f23=0xcefff7e1
      59425.000 ns	      5941	800012e0	00000013	addi	x0,x0,0	  x0:0x00000000
      59445.000 ns	      5943	800012e4	a0a9a3d3	feq.s	x7,f19,f10	 f19:0xc6b50a40 f10:0x7fc00000  x7=0x00000000
      59475.000 ns	      5946	800012e8	29449153	fmax.s	f2,f9,f20	  f9:0x00000000 f20:0xc6b50a40  f2=0x00000000
      59505.000 ns	      5949	800012ec	d012fad3	fcvt.s.wu	f21,x5	  x5:0x00000000 f21=0x00000000
      59525.000 ns	      5951	800012f0	2e234813	xori	x16,x6,738	  x6:0x00000000 x16=0x000002e2
      59545.000 ns	      5953	800012f4	a01ba253	feq.s	x4,f23,f1	 f23:0xcefff7e1  f1:0x5d900001  x4=0x00000000
      59565.000 ns	      5955	800012f8	00fc64b3	or	x9,x24,x15	 x24:0x00000200 x15:0x000001b3  x9=0x000003b3
      59575.000 ns	      5956	800012fc	016d63b3	or	x7,x26,x22	 x26:0x00000000 x22:0x00000000  x7=0x00000000
      59935.000 ns	      5992	80001300	03bd65b3	rem	x11,x26,x27	 x26:0x00000000 x27:0x7ffffb25 x11=0x00000000
      59955.000 ns	      5994	80001304	41e3dd13	srai	x26,x7,0x1e	  x7:0x00000000 x26=0x00000000
      59965.000 ns	      5995	80001308	50229237	lui	x4,0x50229	  x4=0x50229000
      59985.000 ns	      5997	8000130c	20fc8fd3	fsgnj.s	f31,f25,f15	 f25:0x00000000 f15:0x00000001 f31=0x00000000
      60025.000 ns	      6001	80001310	10c809d3	fmul.s	f19,f16,f12	 f16:0x3f800000 f12:0x7fc00000 f19=0x7fc00000
      60055.000 ns	      6004	80001314	f0060653	fmv.w.x	f12,x12	 x12:0x00000000 f12=0x00000000
      60075.000 ns	      6006	80001318	00f2adb3	slt	x27,x5,x15	  x5:0x00000000 x15:0x000001b3 x27=0x00000001
      60105.000 ns	      6009	8000131c	580a79d3	fsqrt.s	f19,f20	 f20:0xc6b50a40 f19=0x7fc00000
      60135.000 ns	      6012	80001320	d00e0f53	fcvt.s.w	f30,x28	 x28:0x29355a0f f30=0x4e24d568
      60165.000 ns	      6015	80001324	c014f4d3	fcvt.wu.s	x9,f9	  f9:0x00000000  x9=0x00000000
      60195.000 ns	      6018	80001328	d0038453	fcvt.s.w	f8,x7	  x7:0x00000000  f8=0x00000000
      60235.000 ns	      6022	8000132c	1806a253	fdiv.s	f4,f13,f0	 f13:0x80000000  f0:0x00000000  f4=0x7fc00000
      60255.000 ns	      6024	80001330	0004e533	or	x10,x9,x0	  x9:0x00000000  x0:0x00000000 x10=0x00000000
      60615.000 ns	      6060	80001334	032a4db3	div	x27,x20,x18	 x20:0x00000000 x18:0x7fc00000 x27=0x00000000
      60635.000 ns	      6062	80001338	4019d233	sra	x4,x19,x1	 x19:0x00000000  x1:0x00000009  x4=0x00000000
      60665.000 ns	      6065	8000133c	11f29d53	fmul.s	f26,f5,f31	  f5:0x42000000 f31:0x00000000 f26=0x00000000
      60685.000 ns	      6067	80001340	011b55b3	srl	x11,x22,x17	 x22:0x00000000 x17:0x29356000 x11=0x00000000
      60695.000 ns	      6068	80001344	013fb5b3	sltu	x11,x31,x19	 x31:0x00000009 x19:0x00000000 x11=0x00000000
      60715.000 ns	      6070	80001348	025be533	rem	x10,x23,x5	 x23:0x00081e00  x5:0x00000000 x10=0x00081e00
      60735.000 ns	      6072	8000134c	41565613	srai	x12,x12,0x15	 x12:0x00000000 x12=0x00000000
      61095.000 ns	      6108	80001350	038b6c33	rem	x24,x22,x24	 x22:0x00000000 x24:0x00000200 x24=0x00000000
      61115.000 ns	      6110	80001354	13c7a793	slti	x15,x15,316	 x15:0x000001b3 x15=0x00000000
      61135.000 ns	      6112	80001358	21d20853	fsgnj.s	f16,f4,f29	  f4:0x7fc00000 f29:0x00000000 f16=0x7fc00000
      61155.000 ns	      6114	8000135c	90292a37	lui	x20,0x90292	 x20=0x90292000
      61165.000 ns	      6115	80001360	1e84f593	andi	x11,x9,488	  x9:0x00000000 x11=0x00000000
      61185.000 ns	      6117	80001364	02858e33	mul	x28,x11,x8	 x11:0x00000000  x8:0x80040fe4 x28=0x00000000
      61215.000 ns	      6120	80001368	d000f1d3	fcvt.s.w	f3,x1	  x1:0x00000009  f3=0x41100000
      61235.000 ns	      6122	8000136c	05087b13	andi	x22,x16,80	 x16:0x000002e2 x22=0x00000040
      61255.000 ns	      6124	80001370	a0050353	fle.s	x6,f10,f0	 f10:0x7fc00000  f0:0x00000000  x6=0x00000000
      61275.000 ns	      6126	80001374	004244b3	xor	x9,x4,x4	  x4:0x00000000  x4:0x00000000  x9=0x00000000
      61285.000 ns	      6127	80001378	c2c46013	ori	x0,x8,-980	  x8:0x80040fe4
      61315.000 ns	      6130	8000137c	18a87a53	fdiv.s	f20,f16,f10	 f16:0x7fc00000 f10:0x7fc00000 f20=0x7fc00000
      61345.000 ns	      6133	80001380	21bbad53	fsgnjx.s	f26,f23,f27	 f23:0xcefff7e1 f27:0x00000000 f26=0xcefff7e1
      61365.000 ns	      6135	80001384	01bd1033	sll	x0,x26,x27	 x26:0x00000000 x27:0x00000000
      61375.000 ns	      6136	80001388	00000013	addi	x0,x0,0	  x0:0x00000000
      61385.000 ns	      6137	8000138c	00231a13	slli	x20,x6,0x2	  x6:0x00000000 x20=0x00000000
      61425.000 ns	      6141	80001390	08891653	fsub.s	f12,f18,f8	 f18:0x000001fa  f8:0x00000000 f12=0x000001fa
      61455.000 ns	      6144	80001394	d000fb53	fcvt.s.w	f22,x1	  x1:0x00000009 f22=0x41100000
      61505.000 ns	      6149	80001398	09a570d3	fsub.s	f1,f10,f26	 f10:0x7fc00000 f26:0xcefff7e1  f1=0x7fc00000
      61535.000 ns	      6152	8000139c	025278b3	remu	x17,x4,x5	  x4:0x00000000  x5:0x00000000 x17=0x00000000
      61565.000 ns	      6155	800013a0	03c6afb3	mulhsu	x31,x13,x28	 x13:0x80041024 x28:0x00000000 x31=0x00000000
      61585.000 ns	      6157	800013a4	0085d4b3	srl	x9,x11,x8	 x11:0x00000000  x8:0x80040fe4  x9=0x00000000
      61605.000 ns	      6159	800013a8	c0031e53	fcvt.w.s	x28,f6	  f6:0x4de28a00 x28=0x1c514000
      61625.000 ns	      6161	800013ac	01541113	slli	x2,x8,0x15	  x8:0x80040fe4  x2=0xfc800000
      61645.000 ns	      6163	800013b0	e0050a53	fmv.x.w	x20,f10	 f10:0x7fc00000 x20=0x7fc00000
      61665.000 ns	      6165	800013b4	01792bb3	slt	x23,x18,x23	 x18:0x7fc00000 x23:0x00081e00 x23=0x00000000
      61675.000 ns	      6166	800013b8	00dc6133	or	x2,x24,x13	 x24:0x00000000 x13:0x80041024  x2=0x80041024
      61695.000 ns	      6168	800013bc	d0128353	fcvt.s.wu	f6,x5	  x5:0x00000000  f6=0x00000000
      61715.000 ns	      6170	800013c0	415c81b3	sub	x3,x25,x21	 x25:0x80040f00 x21:0x00000000  x3=0x80040f00
      61725.000 ns	      6171	800013c4	40b5dc33	sra	x24,x11,x11	 x11:0x00000000 x11:0x00000000 x24=0x00000000
      61745.000 ns	      6173	800013c8	f0030f53	fmv.w.x	f30,x6	  x6:0x00000000 f30=0x00000000
      61775.000 ns	      6176	800013cc	03b81733	mulh	x14,x16,x27	 x16:0x000002e2 x27:0x00000000 x14=0x00000000
      61795.000 ns	      6178	800013d0	00fbc833	xor	x16,x23,x15	 x23:0x00000000 x15:0x00000000 x16=0x00000000
      61805.000 ns	      6179	800013d4	24a0fc93	andi	x25,x1,586	  x1:0x00000009 x25=0x00000008
      61815.000 ns	      6180	800013d8	00000013	addi	x0,x0,0	  x0:0x00000000
      61855.000 ns	      6184	800013dc	08f112d3	fsub.s	f5,f2,f15	  f2:0x00000000 f15:0x00000001  f5=0x80000001
      61885.000 ns	      6187	800013e0	03e615b3	mulh	x11,x12,x30	 x12:0x00000000 x30:0x00000000 x11=0x00000000
      61905.000 ns	      6189	800013e4	8d7bdd17	auipc	x26,0x8d7bd	 x26=0x0d7be3e4
      61915.000 ns	      6190	800013e8	01819e93	slli	x29,x3,0x18	  x3:0x80040f00 x29=0x00000000
      61935.000 ns	      6192	800013ec	28b39d53	fmax.s	f26,f7,f11	  f7:0xffc00000 f11:0x80000000 f26=0x80000000
      61955.000 ns	      6194	800013f0	0103d7b3	srl	x15,x7,x16	  x7:0x00000000 x16:0x00000000 x15=0x00000000
      61985.000 ns	      6197	800013f4	19a089d3	fdiv.s	f19,f1,f26	  f1:0x7fc00000 f26:0x80000000 f19=0x7fc00000
      62015.000 ns	      6200	800013f8	a10e0cd3	fle.s	x25,f28,f16	 f28:0x00000000 f16:0x7fc00000 x25=0x00000000
      62035.000 ns	      6202	800013fc	01064d33	xor	x26,x12,x16	 x12:0x00000000 x16:0x00000000 x26=0x00000000
      62055.000 ns	      6204	80001400	a0509bd3	flt.s	x23,f1,f5	  f1:0x7fc00000  f5:0x80000001 x23=0x00000000
      62085.000 ns	      6207	80001404	03f56933	rem	x18,x10,x31	 x10:0x00081e00 x31:0x00000000 x18=0x00081e00
      62115.000 ns	      6210	80001408	a1ef02d3	fle.s	x5,f30,f30	 f30:0x00000000 f30:0x00000000  x5=0x00000001
      62135.000 ns	      6212	8000140c	413e5493	srai	x9,x28,0x13	 x28:0x1c514000  x9=0x0000038a
      62495.000 ns	      6248	80001410	02dce933	rem	x18,x25,x13	 x25:0x00000000 x13:0x80041024 x18=0x00000000
      62535.000 ns	      6252	80001414	58069d53	fsqrt.s	f26,f13	 f13:0x80000000 f26=0x80000000
      62565.000 ns	      6255	80001418	a09f2153	feq.s	x2,f30,f9	 f30:0x00000000  f9:0x00000000  x2=0x00000001
      63675.000 ns	      6366	8000141c	5807fb53	fsqrt.s	f22,f15	 f15:0x00000001 f22=0x1f350483
      63695.000 ns	      6368	80001420	0084fc33	and	x24,x9,x8	  x9:0x0000038a  x8:0x80040fe4 x24=0x00000380
      63725.000 ns	      6371	80001424	5800fd53	fsqrt.s	f26,f1	  f1:0x7fc00000 f26=0x7fc00000
      63755.000 ns	      6374	80001428	026e3633	mulhu	x12,x28,x6	 x28:0x1c514000  x6:0x00000000 x12=0x00000000
      63805.000 ns	      6379	8000142c	093383d3	fsub.s	f7,f7,f19	  f7:0xffc00000 f19:0x7fc00000  f7=0x7fc00000
      63845.000 ns	      6383	80001430	11708d53	fmul.s	f26,f1,f23	  f1:0x7fc00000 f23:0xcefff7e1 f26=0x7fc00000
      63875.000 ns	      6386	80001434	f00704d3	fmv.w.x	f9,x14	 x14:0x00000000  f9=0x00000000
      63895.000 ns	      6388	80001438	e89f7293	andi	x5,x30,-375	 x30:0x00000000  x5=0x00000000
      63905.000 ns	      6389	8000143c	bb7e6b93	ori	x23,x28,-1097	 x28:0x1c514000 x23=0xfffffbb7
      63915.000 ns	      6390	80001440	011f6033	or	x0,x30,x17	 x30:0x00000000 x17:0x00000000
      63935.000 ns	      6392	80001444	e0079153	fclass.s	x2,f15	 f15:0x00000001  x2=0x00000020
      63955.000 ns	      6394	80001448	7543e393	ori	x7,x7,1876	  x7:0x00000000  x7=0x00000754
      63965.000 ns	      6395	8000144c	01293233	sltu	x4,x18,x18	 x18:0x00000000 x18:0x00000000  x4=0x00000000
      63975.000 ns	      6396	80001450	28d1b393	sltiu	x7,x3,653	  x3:0x80040f00  x7=0x00000000
      63995.000 ns	      6398	80001454	202d15d3	fsgnjn.s	f11,f26,f2	 f26:0x7fc00000  f2:0x00000000 f11=0xffc00000
      64015.000 ns	      6400	80001458	00133033	sltu	x0,x6,x1	  x6:0x00000000  x1:0x00000009
      64045.000 ns	      6403	8000145c	192e76d3	fdiv.s	f13,f28,f18	 f28:0x00000000 f18:0x000001fa f13=0x00000000
      64075.000 ns	      6406	80001460	20fe8d53	fsgnj.s	f26,f29,f15	 f29:0x00000000 f15:0x00000001 f26=0x00000000
      64095.000 ns	      6408	80001464	32327497	auipc	x9,0x32327	  x9=0xb2328464
      64135.000 ns	      6412	80001468	00c0f1d3	fadd.s	f3,f1,f12	  f1:0x7fc00000 f12:0x000001fa  f3=0x7fc00000
      64155.000 ns	      6414	8000146c	bf618f93	addi	x31,x3,-1034	  x3:0x80040f00 x31=0x80040af6
      64165.000 ns	      6415	80001470	0044dd13	srli	x26,x9,0x4	  x9:0xb2328464 x26=0x0b232846
      64175.000 ns	      6416	80001474	fed27db7	lui	x27,0xfed27	 x27=0xfed27000
      64185.000 ns	      6417	80001478	0007ec33	or	x24,x15,x0	 x15:0x00000000  x0:0x00000000 x24=0x00000000
      64545.000 ns	      6453	8000147c	02d6e333	rem	x6,x13,x13	 x13:0x80041024 x13:0x80041024  x6=0x00000000
      64595.000 ns	      6458	80001480	08207553	fsub.s	f10,f0,f2	  f0:0x00000000  f2:0x00000000 f10=0x80000000
      64615.000 ns	      6460	80001484	c0de33b7	lui	x7,0xc0de3	  x7=0xc0de3000
      64625.000 ns	      6461	80001488	740eb113	sltiu	x2,x29,1856	 x29:0x00000000  x2=0x00000001
      64645.000 ns	      6463	8000148c	032cb8b3	mulhu	x17,x25,x18	 x25:0x00000000 x18:0x00000000 x17=0x00000000
      64665.000 ns	      6465	80001490	133c4537	lui	x10,0x133c4	 x10=0x133c4000
      64685.000 ns	      6467	80001494	20be94d3	fsgnjn.s	f9,f29,f11	 f29:0x00000000 f11:0xffc00000  f9=0x00000000
      64715.000 ns	      6470	80001498	20978053	fsgnj.s	f0,f15,f9	 f15:0x00000001  f9:0x00000000  f0=0x00000001
      64745.000 ns	      6473	8000149c	03d7ebb3	rem	x23,x15,x29	 x15:0x00000000 x29:0x00000000 x23=0x00000000
      64765.000 ns	      6475	800014a0	412a5513	srai	x10,x20,0x12	 x20:0x7fc00000 x10=0x00001ff0
      64795.000 ns	      6478	800014a4	58037753	fsqrt.s	f14,f6	  f6:0x00000000 f14=0x00000000
      64825.000 ns	      6481	800014a8	219f86d3	fsgnj.s	f13,f31,f25	 f31:0x00000000 f25:0x00000000 f13=0x00000000
      64855.000 ns	      6484	800014ac	d01394d3	fcvt.s.wu	f9,x7	  x7:0xc0de3000  f9=0x4f40de30
      64875.000 ns	      6486	800014b0	0b49aa93	slti	x21,x19,180	 x19:0x00000000 x21=0x00000001
      64885.000 ns	      6487	800014b4	41ad84b3	sub	x9,x27,x26	 x27:0xfed27000 x26:0x0b232846  x9=0xf3af47ba
      64905.000 ns	      6489	800014b8	020df7b3	remu	x15,x27,x0	 x27:0xfed27000  x0:0x00000000 x15=0xfed27000
      64925.000 ns	      6491	800014bc	00b90833	add	x16,x18,x11	 x18:0x00000000 x11:0x00000000 x16=0x00000000
      64945.000 ns	      6493	800014c0	e0020a53	fmv.x.w	x20,f4	  f4:0x7fc00000 x20=0x7fc00000
      64995.000 ns	      6498	800014c4	01d72753	fadd.s	f14,f14,f29	 f14:0x00000000 f29:0x00000000 f14=0x00000000
      65015.000 ns	      6500	800014c8	51d84313	xori	x6,x16,1309	 x16:0x00000000  x6=0x0000051d
      65035.000 ns	      6502	800014cc	c00eaed3	fcvt.w.s	x29,f29	 f29:0x00000000 x29=0x00000000
      65075.000 ns	      6506	800014d0	18b77253	fdiv.s	f4,f14,f11	 f14:0x00000000 f11:0xffc00000  f4=0x7fc00000
      65095.000 ns	      6508	800014d4	002d8fb3	add	x31,x27,x2	 x27:0xfed27000  x2:0x00000001 x31=0xfed27001
      65105.000 ns	      6509	800014d8	00d60a33	add	x20,x12,x13	 x12:0x00000000 x13:0x80041024 x20=0x80041024
      65135.000 ns	      6512	800014dc	58057953	fsqrt.s	f18,f10	 f10:0x80000000 f18=0x80000000
      65165.000 ns	      6515	800014e0	299e8653	fmin.s	f12,f29,f25	 f29:0x00000000 f25:0x00000000 f12=0x00000000
      65185.000 ns	      6517	800014e4	01fefc33	and	x24,x29,x31	 x29:0x00000000 x31:0xfed27001 x24=0x00000000
      65205.000 ns	      6519	800014e8	203f9a53	fsgnjn.s	f20,f31,f3	 f31:0x00000000  f3:0x7fc00000 f20=0x80000000
      65235.000 ns	      6522	800014ec	d00a8753	fcvt.s.w	f14,x21	 x21:0x00000001 f14=0x3f800000
      65255.000 ns	      6524	800014f0	00000013	addi	x0,x0,0	  x0:0x00000000
      65265.000 ns	      6525	800014f4	567a8913	addi	x18,x21,1383	 x21:0x00000001 x18=0x00000568
      65275.000 ns	      6526	800014f8	00705833	srl	x16,x0,x7	  x0:0x00000000  x7:0xc0de3000 x16=0x00000000
      65285.000 ns	      6527	800014fc	006abfb3	sltu	x31,x21,x6	 x21:0x00000001  x6:0x0000051d x31=0x00000001
      65645.000 ns	      6563	80001500	02827633	remu	x12,x4,x8	  x4:0x00000000  x8:0x80040fe4 x12=0x00000000
      65665.000 ns	      6565	80001504	9ea24497	auipc	x9,0x9ea24	  x9=0x1ea25504
      65675.000 ns	      6566	80001508	01a25eb3	srl	x29,x4,x26	  x4:0x00000000 x26:0x0b232846 x29=0x00000000
      65695.000 ns	      6568	8000150c	02a50ab3	mul	x21,x10,x10	 x10:0x00001ff0 x10:0x00001ff0 x21=0x03fc0100
      66065.000 ns	      6605	80001510	034b7ab3	remu	x21,x22,x20	 x22:0x00000040 x20:0x80041024 x21=0x00000040
      66085.000 ns	      6607	80001514	41e05e33	sra	x28,x0,x30	  x0:0x00000000 x30:0x00000000 x28=0x00000000
      66105.000 ns	      6609	80001518	025d7733	remu	x14,x26,x5	 x26:0x0b232846  x5:0x00000000 x14=0x0b232846
      66125.000 ns	      6611	8000151c	1461ee13	ori	x28,x3,326	  x3:0x80040f00 x28=0x80040f46
      66135.000 ns	      6612	80001520	413b5593	srai	x11,x22,0x13	 x22:0x00000040 x11=0x00000000
      66155.000 ns	      6614	80001524	f0048453	fmv.w.x	f8,x9	  x9:0x1ea25504  f8=0x1ea25504
      66175.000 ns	      6616	80001528	3ff57cb7	lui	x25,0x3ff57	 x25=0x3ff57000
      66205.000 ns	      6619	8000152c	10ec0e53	fmul.s	f28,f24,f14	 f24:0x42000000 f14:0x3f800000 f28=0x42000000
      66245.000 ns	      6623	80001530	18bf7bd3	fdiv.s	f23,f30,f11	 f30:0x00000000 f11:0xffc00000 f23=0x7fc00000
      66265.000 ns	      6625	80001534	41465113	srai	x2,x12,0x14	 x12:0x00000000  x2=0x00000000
      66285.000 ns	      6627	80001538	a0d323d3	feq.s	x7,f6,f13	  f6:0x00000000 f13:0x00000000  x7=0x00000001
      66325.000 ns	      6631	8000153c	1066a3d3	fmul.s	f7,f13,f6	 f13:0x00000000  f6:0x00000000  f7=0x00000000
      66355.000 ns	      6634	80001540	203203d3	fsgnj.s	f7,f4,f3	  f4:0x7fc00000  f3:0x7fc00000  f7=0x7fc00000
      66385.000 ns	      6637	80001544	d01a7ad3	fcvt.s.wu	f21,x20	 x20:0x80041024 f21=0x4f000410
      66415.000 ns	      6640	80001548	03bb3db3	mulhu	x27,x22,x27	 x22:0x00000040 x27:0xfed27000 x27=0x0000003f
      66435.000 ns	      6642	8000154c	e0646113	ori	x2,x8,-506	  x8:0x80040fe4  x2=0xffffffe6
      66455.000 ns	      6644	80001550	292890d3	fmax.s	f1,f17,f18	 f17:0x7fc00000 f18:0x80000000  f1=0x80000000
      66825.000 ns	      6681	80001554	03a2dcb3	divu	x25,x5,x26	  x5:0x00000000 x26:0x0b232846 x25=0x00000000
      66855.000 ns	      6684	80001558	a1ca93d3	flt.s	x7,f21,f28	 f21:0x4f000410 f28:0x42000000  x7=0x00000000
      66885.000 ns	      6687	8000155c	202fa653	fsgnjx.s	f12,f31,f2	 f31:0x00000000  f2:0x00000000 f12=0x00000000
      66905.000 ns	      6689	80001560	01e42d33	slt	x26,x8,x30	  x8:0x80040fe4 x30:0x00000000 x26=0x00000001
      66915.000 ns	      6690	80001564	0083b2b3	sltu	x5,x7,x8	  x7:0x00000000  x8:0x80040fe4  x5=0x00000001
      66935.000 ns	      6692	80001568	21cc25d3	fsgnjx.s	f11,f24,f28	 f24:0x42000000 f28:0x42000000 f11=0x42000000
      67305.000 ns	      6729	8000156c	036effb3	remu	x31,x29,x22	 x29:0x00000000 x22:0x00000040 x31=0x00000000
      67325.000 ns	      6731	80001570	4149db93	srai	x23,x19,0x14	 x19:0x00000000 x23=0x00000000
      67345.000 ns	      6733	80001574	21b313d3	fsgnjn.s	f7,f6,f27	  f6:0x00000000 f27:0x00000000  f7=0x80000000
      67365.000 ns	      6735	80001578	018d7eb3	and	x29,x26,x24	 x26:0x00000001 x24:0x00000000 x29=0x00000000
      67375.000 ns	      6736	8000157c	277d3d93	sltiu	x27,x26,631	 x26:0x00000001 x27=0x00000001
      67385.000 ns	      6737	80001580	01668b33	add	x22,x13,x22	 x13:0x80041024 x22:0x00000040 x22=0x80041064
      67395.000 ns	      6738	80001584	ac2e3b13	sltiu	x22,x28,-1342	 x28:0x80040f46 x22=0x00000001
      67415.000 ns	      6740	80001588	e00298d3	fclass.s	x17,f5	  f5:0x80000001 x17=0x00000004
      67445.000 ns	      6743	8000158c	a19d9053	flt.s	x0,f27,f25	 f27:0x00000000 f25:0x00000000
      67475.000 ns	      6746	80001590	02c00c33	mul	x24,x0,x12	  x0:0x00000000 x12:0x00000000 x24=0x00000000
      67495.000 ns	      6748	80001594	31566793	ori	x15,x12,789	 x12:0x00000000 x15=0x00000315
      67505.000 ns	      6749	80001598	1e1b4493	xori	x9,x22,481	 x22:0x00000001  x9=0x000001e0
      67515.000 ns	      6750	8000159c	e1c5bc93	sltiu	x25,x11,-484	 x11:0x00000000 x25=0x00000001
      67535.000 ns	      6752	800015a0	f0000b53	fmv.w.x	f22,x0	  x0:0x00000000 f22=0x00000000
      67565.000 ns	      6755	800015a4	031faab3	mulhsu	x21,x31,x17	 x31:0x00000000 x17:0x00000004 x21=0x00000000
      67595.000 ns	      6758	800015a8	292f9cd3	fmax.s	f25,f31,f18	 f31:0x00000000 f18:0x80000000 f25=0x00000000
      67625.000 ns	      6761	800015ac	202c0a53	fsgnj.s	f20,f24,f2	 f24:0x42000000  f2:0x00000000 f20=0x42000000
      67665.000 ns	      6765	800015b0	19b378d3	fdiv.s	f17,f6,f27	  f6:0x00000000 f27:0x00000000 f17=0x7fc00000
      67695.000 ns	      6768	800015b4	038c5fb3	divu	x31,x24,x24	 x24:0x00000000 x24:0x00000000 x31=0xffffffff
      67725.000 ns	      6771	800015b8	28c08753	fmin.s	f14,f1,f12	  f1:0x80000000 f12:0x00000000 f14=0x80000000
      67745.000 ns	      6773	800015bc	a4f18837	lui	x16,0xa4f18	 x16=0xa4f18000
      68915.000 ns	      6890	800015c0	58041853	fsqrt.s	f16,f8	  f8:0x1ea25504 f16=0x2e902599
      68945.000 ns	      6893	800015c4	e00087d3	fmv.x.w	x15,f1	  f1:0x80000000 x15=0x80000000
      68975.000 ns	      6896	800015c8	02d30133	mul	x2,x6,x13	  x6:0x0000051d x13:0x80041024  x2=0x94c68814
      69005.000 ns	      6899	800015cc	02268833	mul	x16,x13,x2	 x13:0x80041024  x2:0xffffffe6 x16=0x74bc62d0
      69035.000 ns	      6902	800015d0	a19084d3	fle.s	x9,f1,f25	  f1:0x80000000 f25:0x00000000  x9=0x00000001
      69055.000 ns	      6904	800015d4	00426b33	or	x22,x4,x4	  x4:0x00000000  x4:0x00000000 x22=0x00000000
      69065.000 ns	      6905	800015d8	002737b3	sltu	x15,x14,x2	 x14:0x0b232846  x2:0x94c68814 x15=0x00000001
      69075.000 ns	      6906	800015dc	01d5e233	or	x4,x11,x29	 x11:0x00000000 x29:0x00000000  x4=0x00000000
      69085.000 ns	      6907	800015e0	008ed193	srli	x3,x29,0x8	 x29:0x00000000  x3=0x00000000
      69125.000 ns	      6911	800015e4	0970f653	fsub.s	f12,f1,f23	  f1:0x80000000 f23:0x7fc00000 f12=0x7fc00000
      69145.000 ns	      6913	800015e8	40b6d593	srai	x11,x13,0xb	 x13:0x80041024 x11=0xfff00082
      69155.000 ns	      6914	800015ec	9b820213	addi	x4,x4,-1608	  x4:0x00000000  x4=0xfffff9b8
      69165.000 ns	      6915	800015f0	f2ceac93	slti	x25,x29,-212	 x29:0x00000000 x25=0x00000000
      69185.000 ns	      6917	800015f4	d009a453	fcvt.s.w	f8,x19	 x19:0x00000000  f8=0x00000000
      69215.000 ns	      6920	800015f8	c0131553	fcvt.wu.s	x10,f6	  f6:0x00000000 x10=0x00000000
      69245.000 ns	      6923	800015fc	a0a60fd3	fle.s	x31,f12,f10	 f12:0x7fc00000 f10:0x80000000 x31=0x00000000
      69275.000 ns	      6926	80001600	21381053	fsgnjn.s	f0,f16,f19	 f16:0x2e902599 f19:0x7fc00000  f0=0xae902599
      69295.000 ns	      6928	80001604	402e5613	srai	x12,x28,0x2	 x28:0x80040f46 x12=0xe00103d1
      69305.000 ns	      6929	80001608	00d25c33	srl	x24,x4,x13	  x4:0xfffff9b8 x13:0x80041024 x24=0x0fffff9b
      69325.000 ns	      6931	8000160c	02c5ac33	mulhsu	x24,x11,x12	 x11:0xfff00082 x12:0x00000000 x24=0xfff20061
      69345.000 ns	      6933	80001610	01a247b3	xor	x15,x4,x26	  x4:0xfffff9b8 x26:0x00000001 x15=0xfffff9b9
      69365.000 ns	      6935	80001614	29d81053	fmax.s	f0,f16,f29	 f16:0x2e902599 f29:0x00000000  f0=0x2e902599
      69395.000 ns	      6938	80001618	20882853	fsgnjx.s	f16,f16,f8	 f16:0x2e902599  f8:0x00000000 f16=0x2e902599
      69415.000 ns	      6940	8000161c	01f07db3	and	x27,x0,x31	  x0:0x00000000 x31:0x00000000 x27=0x00000000
      69425.000 ns	      6941	80001620	2ec57913	andi	x18,x10,748	 x10:0x00000000 x18=0x00000000
      69435.000 ns	      6942	80001624	76f8aa97	auipc	x21,0x76f8a	 x21=0xf6f8b624
      69455.000 ns	      6944	80001628	02035e33	divu	x28,x6,x0	  x6:0x0000051d  x0:0x00000000 x28=0xffffffff
      69485.000 ns	      6947	8000162c	03b82033	mulhsu	x0,x16,x27	 x16:0x74bc62d0 x27:0x00000000
      69505.000 ns	      6949	80001630	413a2293	slti	x5,x20,1043	 x20:0x80041024  x5=0x00000001
      69515.000 ns	      6950	80001634	003973b3	and	x7,x18,x3	 x18:0x00000000  x3:0x00000000  x7=0x00000000
      69525.000 ns	      6951	80001638	0149a7b3	slt	x15,x19,x20	 x19:0x00000000 x20:0x80041024 x15=0x00000000
      70695.000 ns	      7068	8000163c	5805f953	fsqrt.s	f18,f11	 f11:0x42000000 f18=0x40350482
      70725.000 ns	      7071	80001640	c00f1353	fcvt.w.s	x6,f30	 f30:0x00000000  x6=0x00000000
      70745.000 ns	      7073	80001644	00000013	addi	x0,x0,0	  x0:0x00000000
      70755.000 ns	      7074	80001648	006a77b3	and	x15,x20,x6	 x20:0x80041024  x6:0x00000000 x15=0x00000000
      70775.000 ns	      7076	8000164c	02049d33	mulh	x26,x9,x0	  x9:0x00000001  x0:0x00000000 x26=0x00000000
      70805.000 ns	      7079	80001650	20690e53	fsgnj.s	f28,f18,f6	 f18:0x40350482  f6:0x00000000 f28=0x40350482
      70825.000 ns	      7081	80001654	00000013	addi	x0,x0,0	  x0:0x00000000
      70835.000 ns	      7082	80001658	004329b3	slt	x19,x6,x4	  x6:0x00000000  x4:0xfffff9b8 x19=0x00000000
      70845.000 ns	      7083	8000165c	01c159b3	srl	x19,x2,x28	  x2:0x94c68814 x28:0xffffffff x19=0x00000001
      70865.000 ns	      7085	80001660	028e8db3	mul	x27,x29,x8	 x29:0x00000000  x8:0x80040fe4 x27=0x00000000
      70915.000 ns	      7090	80001664	0044cd53	fadd.s	f26,f9,f4	  f9:0x4f40de30  f4:0x7fc00000 f26=0x7fc00000
      70945.000 ns	      7093	80001668	20538d53	fsgnj.s	f26,f7,f5	  f7:0x80000000  f5:0x80000001 f26=0x80000000
      70975.000 ns	      7096	8000166c	c0077bd3	fcvt.w.s	x23,f14	 f14:0x80000000 x23=0x00000000
      71005.000 ns	      7099	80001670	20f59253	fsgnjn.s	f4,f11,f15	 f11:0x42000000 f15:0x00000001  f4=0xc2000000
      71025.000 ns	      7101	80001674	d42ac113	xori	x2,x21,-702	 x21:0xf6f8b624  x2=0x09074b66
      71035.000 ns	      7102	80001678	3cd33293	sltiu	x5,x6,973	  x6:0x00000000  x5=0x00000001
      71045.000 ns	      7103	8000167c	9247c537	lui	x10,0x9247c	 x10=0x9247c000
      71065.000 ns	      7105	80001680	d01af7d3	fcvt.s.wu	f15,x21	 x21:0xf6f8b624 f15=0x4f76f8b6
      71095.000 ns	      7108	80001684	c0173353	fcvt.wu.s	x6,f14	 f14:0x80000000  x6=0x00000000
      71115.000 ns	      7110	80001688	00945213	srli	x4,x8,0x9	  x8:0x80040fe4  x4=0x00400207
      71125.000 ns	      7111	8000168c	41cd5d33	sra	x26,x26,x28	 x26:0x00000000 x28:0xffffffff x26=0x00000000
      71155.000 ns	      7114	80001690	11a51153	fmul.s	f2,f10,f26	 f10:0x80000000 f26:0x80000000  f2=0x00000000
      71525.000 ns	      7151	80001694	02bfffb3	remu	x31,x31,x11	 x31:0x00000000 x11:0xfff00082 x31=0x00000000
      71545.000 ns	      7153	80001698	53038913	addi	x18,x7,1328	  x7:0x00000000 x18=0x00000530
      71565.000 ns	      7155	8000169c	20978753	fsgnj.s	f14,f15,f9	 f15:0x4f76f8b6  f9:0x4f40de30 f14=0x4f76f8b6
      72745.000 ns	      7273	800016a0	580af3d3	fsqrt.s	f7,f21	 f21:0x4f000410  f7=0x46b50a40
      72775.000 ns	      7276	800016a4	024faeb3	mulhsu	x29,x31,x4	 x31:0x00000000  x4:0x00400207 x29=0x00000000
      72805.000 ns	      7279	800016a8	03de6933	rem	x18,x28,x29	 x28:0xffffffff x29:0x00000000 x18=0xffffffff
      72835.000 ns	      7282	800016ac	c000fed3	fcvt.w.s	x29,f1	  f1:0x80000000 x29=0x00000000
      72855.000 ns	      7284	800016b0	00b134b3	sltu	x9,x2,x11	  x2:0x09074b66 x11:0xfff00082  x9=0x00000001
      72865.000 ns	      7285	800016b4	79344d13	xori	x26,x8,1939	  x8:0x80040fe4 x26=0x80040877
      72885.000 ns	      7287	800016b8	2095a853	fsgnjx.s	f16,f11,f9	 f11:0x42000000  f9:0x4f40de30 f16=0x42000000
      72905.000 ns	      7289	800016bc	cd3ce137	lui	x2,0xcd3ce	  x2=0xcd3ce000
      72915.000 ns	      7290	800016c0	5a457c13	andi	x24,x10,1444	 x10:0x9247c000 x24=0x00000000
      72935.000 ns	      7292	800016c4	217823d3	fsgnjx.s	f7,f16,f23	 f16:0x42000000 f23:0x7fc00000  f7=0x42000000
      72965.000 ns	      7295	800016c8	0210a833	mulhsu	x16,x1,x1	  x1:0x00000009  x1:0x00000009 x16=0x00000000
      72995.000 ns	      7298	800016cc	c005f553	fcvt.w.s	x10,f11	 f11:0x42000000 x10=0x00000020
      73015.000 ns	      7300	800016d0	679f7313	andi	x6,x30,1657	 x30:0x00000000  x6=0x00000000
      73025.000 ns	      7301	800016d4	01d305b3	add	x11,x6,x29	  x6:0x00000000 x29:0x00000000 x11=0x00000000
      73035.000 ns	      7302	800016d8	772fb313	sltiu	x6,x31,1906	 x31:0x00000000  x6=0x00000001
      73055.000 ns	      7304	800016dc	a1059ed3	flt.s	x29,f11,f16	 f11:0x42000000 f16:0x42000000 x29=0x00000000
      73075.000 ns	      7306	800016e0	0043e9b3	or	x19,x7,x4	  x7:0x00000000  x4:0x00400207 x19=0x00400207
      73085.000 ns	      7307	800016e4	40478eb3	sub	x29,x15,x4	 x15:0x00000000  x4:0x00400207 x29=0xffbffdf9
      73095.000 ns	      7308	800016e8	01085d13	srli	x26,x16,0x10	 x16:0x00000000 x26=0x00000000
      73105.000 ns	      7309	800016ec	032cea37	lui	x20,0x32ce	 x20=0x032ce000
      73115.000 ns	      7310	800016f0	00421d93	slli	x27,x4,0x4	  x4:0x00400207 x27=0x04002070
      73125.000 ns	      7311	800016f4	40c90033	sub	x0,x18,x12	 x18:0xffffffff x12:0xe00103d1
      73135.000 ns	      7312	800016f8	008b9b33	sll	x22,x23,x8	 x23:0x00000000  x8:0x80040fe4 x22=0x00000000
      73165.000 ns	      7315	800016fc	580bf553	fsqrt.s	f10,f23	 f23:0x7fc00000 f10=0x7fc00000
      73185.000 ns	      7317	80001700	40925993	srai	x19,x4,0x9	  x4:0x00400207 x19=0x00002001
      73205.000 ns	      7319	80001704	29618f53	fmin.s	f30,f3,f22	  f3:0x7fc00000 f22:0x00000000 f30=0x00000000
      73235.000 ns	      7322	80001708	d00a4bd3	fcvt.s.w	f23,x20	 x20:0x032ce000 f23=0x4c4b3800
      73255.000 ns	      7324	8000170c	504cbf13	sltiu	x30,x25,1284	 x25:0x00000000 x30=0x00000001
      73275.000 ns	      7326	80001710	218f0353	fsgnj.s	f6,f30,f24	 f30:0x00000000 f24:0x42000000  f6=0x00000000
      73295.000 ns	      7328	80001714	2b3ab193	sltiu	x3,x21,691	 x21:0xf6f8b624  x3=0x00000000
      73325.000 ns	      7331	80001718	1106ffd3	fmul.s	f31,f13,f16	 f13:0x00000000 f16:0x42000000 f31=0x00000000
      73345.000 ns	      7333	8000171c	bc7eea17	auipc	x20,0xbc7ee	 x20=0x3c7ef71c
      73355.000 ns	      7334	80001720	40e38c33	sub	x24,x7,x14	  x7:0x00000000 x14:0x0b232846 x24=0xf4dcd7ba
      73365.000 ns	      7335	80001724	00a5bab3	sltu	x21,x11,x10	 x11:0x00000000 x10:0x00000020 x21=0x00000001
      73385.000 ns	      7337	80001728	29b601d3	fmin.s	f3,f12,f27	 f12:0x7fc00000 f27:0x00000000  f3=0x00000000
      73415.000 ns	      7340	8000172c	20e6a8d3	fsgnjx.s	f17,f13,f14	 f13:0x00000000 f14:0x4f76f8b6 f17=0x00000000
      73435.000 ns	      7342	80001730	01b9ad33	slt	x26,x19,x27	 x19:0x00002001 x27:0x04002070 x26=0x00000001
      73455.000 ns	      7344	80001734	027321b3	mulhsu	x3,x6,x7	  x6:0x00000001  x7:0x00000000  x3=0x00000000
      73505.000 ns	      7349	80001738	09ad7b53	fsub.s	f22,f26,f26	 f26:0x80000000 f26:0x80000000 f22=0x00000000
      73525.000 ns	      7351	8000173c	0028c5b3	xor	x11,x17,x2	 x17:0x00000004  x2:0xcd3ce000 x11=0xcd3ce004
      73535.000 ns	      7352	80001740	48392893	slti	x17,x18,1155	 x18:0xffffffff x17=0x00000001
      73555.000 ns	      7354	80001744	d00b3ed3	fcvt.s.w	f29,x22	 x22:0x00000000 f29=0x00000000
      73575.000 ns	      7356	80001748	016a0eb3	add	x29,x20,x22	 x20:0x3c7ef71c x22:0x00000000 x29=0x3c7ef71c
      73605.000 ns	      7359	8000174c	10139d53	fmul.s	f26,f7,f1	  f7:0x42000000  f1:0x80000000 f26=0x80000000
      73635.000 ns	      7362	80001750	202fae53	fsgnjx.s	f28,f31,f2	 f31:0x00000000  f2:0x00000000 f28=0x00000000
      73665.000 ns	      7365	80001754	031117b3	mulh	x15,x2,x17	  x2:0xcd3ce000 x17:0x00000001 x15=0xffffffff
      73695.000 ns	      7368	80001758	038834b3	mulhu	x9,x16,x24	 x16:0x00000000 x24:0xf4dcd7ba  x9=0x00000000
      73725.000 ns	      7371	8000175c	a18c1ed3	flt.s	x29,f24,f24	 f24:0x42000000 f24:0x42000000 x29=0x00000000
      73745.000 ns	      7373	80001760	40b081b3	sub	x3,x1,x11	  x1:0x00000009 x11:0xcd3ce004  x3=0x32c32005
      73755.000 ns	      7374	80001764	b5a83513	sltiu	x10,x16,-1190	 x16:0x00000000 x10=0x00000001
      73775.000 ns	      7376	80001768	a1ab1f53	flt.s	x30,f22,f26	 f22:0x00000000 f26:0x80000000 x30=0x00000000
      73805.000 ns	      7379	8000176c	03935b33	divu	x22,x6,x25	  x6:0x00000001 x25:0x00000000 x22=0xffffffff
      73835.000 ns	      7382	80001770	f0008653	fmv.w.x	f12,x1	  x1:0x00000009 f12=0x00000009
      73865.000 ns	      7385	80001774	c0143a53	fcvt.wu.s	x20,f8	  f8:0x00000000 x20=0x00000000
      73905.000 ns	      7389	80001778	10e1f3d3	fmul.s	f7,f3,f14	  f3:0x00000000 f14:0x4f76f8b6  f7=0x00000000
      73925.000 ns	      7391	8000177c	27b5bb93	sltiu	x23,x11,635	 x11:0xcd3ce004 x23=0x00000000
      73935.000 ns	      7392	80001780	67c43d13	sltiu	x26,x8,1660	  x8:0x80040fe4 x26=0x00000000
      73955.000 ns	      7394	80001784	a0578a53	fle.s	x20,f15,f5	 f15:0x4f76f8b6  f5:0x80000001 x20=0x00000000
      73985.000 ns	      7397	80001788	f00a8f53	fmv.w.x	f30,x21	 x21:0x00000001 f30=0x00000001
      74005.000 ns	      7399	8000178c	b41e8193	addi	x3,x29,-1215	 x29:0x00000000  x3=0xfffffb41
      75175.000 ns	      7516	80001790	58084dd3	fsqrt.s	f27,f16	 f16:0x42000000 f27=0x40350482
      75205.000 ns	      7519	80001794	a1990cd3	fle.s	x25,f18,f25	 f18:0x40350482 f25:0x00000000 x25=0x00000000
      75235.000 ns	      7522	80001798	a05302d3	fle.s	x5,f6,f5	  f6:0x00000000  f5:0x80000001  x5=0x00000000
      75265.000 ns	      7525	8000179c	c0033ed3	fcvt.w.s	x29,f6	  f6:0x00000000 x29=0x00000000
      75285.000 ns	      7527	800017a0	01a2b9b3	sltu	x19,x5,x26	  x5:0x00000000 x26:0x00000000 x19=0x00000000
      75305.000 ns	      7529	800017a4	f00b86d3	fmv.w.x	f13,x23	 x23:0x00000000 f13=0x00000000
      75325.000 ns	      7531	800017a8	b82e4713	xori	x14,x28,-1150	 x28:0xffffffff x14=0x0000047d
      75335.000 ns	      7532	800017ac	01327933	and	x18,x4,x19	  x4:0x00400207 x19:0x00000000 x18=0x00000000
      75345.000 ns	      7533	800017b0	017e9713	slli	x14,x29,0x17	 x29:0x00000000 x14=0x00000000
      75375.000 ns	      7536	800017b4	1121ffd3	fmul.s	f31,f3,f18	  f3:0x00000000 f18:0x40350482 f31=0x00000000
      75405.000 ns	      7539	800017b8	030f4a33	div	x20,x30,x16	 x30:0x00000000 x16:0x00000000 x20=0xffffffff
      75435.000 ns	      7542	800017bc	d01d78d3	fcvt.s.wu	f17,x26	 x26:0x00000000 f17=0x00000000
      75455.000 ns	      7544	800017c0	fa480393	addi	x7,x16,-92	 x16:0x00000000  x7=0xffffffa4
      75465.000 ns	      7545	800017c4	d68cf893	andi	x17,x25,-664	 x25:0x00000000 x17=0x00000000
      75485.000 ns	      7547	800017c8	031223b3	mulhsu	x7,x4,x17	  x4:0x00400207 x17:0x00000001  x7=0x00000000
      75505.000 ns	      7549	800017cc	02b6cb13	xori	x22,x13,43	 x13:0x80041024 x22=0x8004100f
      75515.000 ns	      7550	800017d0	01fa9613	slli	x12,x21,0x1f	 x21:0x00000001 x12=0x80000000
      75545.000 ns	      7553	800017d4	18817e53	fdiv.s	f28,f2,f8	  f2:0x00000000  f8:0x00000000 f28=0x7fc00000
      75575.000 ns	      7556	800017d8	a0251053	flt.s	x0,f10,f2	 f10:0x7fc00000  f2:0x00000000
      75605.000 ns	      7559	800017dc	e00a1053	fclass.s	x0,f20	 f20:0x42000000
      75635.000 ns	      7562	800017e0	d01c75d3	fcvt.s.wu	f11,x24	 x24:0xf4dcd7ba f11=0x4f74dcd7
      75655.000 ns	      7564	800017e4	30f48817	auipc	x16,0x30f48	 x16=0xb0f497e4
      76015.000 ns	      7600	800017e8	03b75ab3	divu	x21,x14,x27	 x14:0x00000000 x27:0x04002070 x21=0x00000000
      76045.000 ns	      7603	800017ec	03b00033	mul	x0,x0,x27	  x0:0x00000000 x27:0x04002070
      76065.000 ns	      7605	800017f0	abeead13	slti	x26,x29,-1346	 x29:0x00000000 x26=0x00000000
      76085.000 ns	      7607	800017f4	e0099753	fclass.s	x14,f19	 f19:0x7fc00000 x14=0x00000200
      76115.000 ns	      7610	800017f8	e00788d3	fmv.x.w	x17,f15	 f15:0x4f76f8b6 x17=0x4f76f8b6
      76135.000 ns	      7612	800017fc	01a04b33	xor	x22,x0,x26	  x0:0x00000000 x26:0x00000000 x22=0x00000000
      76155.000 ns	      7614	80001800	206ba253	fsgnjx.s	f4,f23,f6	 f23:0x4c4b3800  f6:0x00000000  f4=0x4c4b3800
      76205.000 ns	      7619	80001804	09dfa3d3	fsub.s	f7,f31,f29	 f31:0x00000000 f29:0x00000000  f7=0x80000000
      76235.000 ns	      7622	80001808	29059ed3	fmax.s	f29,f11,f16	 f11:0x4f74dcd7 f16:0x42000000 f29=0x4f74dcd7
      76255.000 ns	      7624	8000180c	01b8d793	srli	x15,x17,0x1b	 x17:0x4f76f8b6 x15=0x00000009
      76615.000 ns	      7660	80001810	02b2cc33	div	x24,x5,x11	  x5:0x00000000 x11:0xcd3ce004 x24=0x00000000
      76645.000 ns	      7663	80001814	024f12b3	mulh	x5,x30,x4	 x30:0x00000000  x4:0x00400207  x5=0x00000000
      76665.000 ns	      7665	80001818	40095b93	srai	x23,x18,0x0	 x18:0x00000000 x23=0x00000000
      76675.000 ns	      7666	8000181c	00000013	addi	x0,x0,0	  x0:0x00000000
      76695.000 ns	      7668	80001820	28ca0f53	fmin.s	f30,f20,f12	 f20:0x42000000 f12:0x00000009 f30=0x00000009
      76725.000 ns	      7671	80001824	02731db3	mulh	x27,x6,x7	  x6:0x00000001  x7:0x00000000 x27=0x00000000
      76745.000 ns	      7673	80001828	01413633	sltu	x12,x2,x20	  x2:0xcd3ce000 x20:0xffffffff x12=0x00000001
      76765.000 ns	      7675	8000182c	c01548d3	fcvt.wu.s	x17,f10	 f10:0x7fc00000 x17=0xffffffff
      76785.000 ns	      7677	80001830	016b3933	sltu	x18,x22,x22	 x22:0x00000000 x22:0x00000000 x18=0x00000000
      76795.000 ns	      7678	80001834	00000013	addi	x0,x0,0	  x0:0x00000000
      76805.000 ns	      7679	80001838	400e5893	srai	x17,x28,0x0	 x28:0xffffffff x17=0xffffffff
      76825.000 ns	      7681	8000183c	a0528bd3	fle.s	x23,f5,f5	  f5:0x80000001  f5:0x80000001 x23=0x00000001
      76845.000 ns	      7683	80001840	00845e33	srl	x28,x8,x8	  x8:0x80040fe4  x8:0x80040fe4 x28=0x080040fe
      76855.000 ns	      7684	80001844	40ff5513	srai	x10,x30,0xf	 x30:0x00000000 x10=0x00000000
      76865.000 ns	      7685	80001848	01849bb3	sll	x23,x9,x24	  x9:0x00000000 x24:0x00000000 x23=0x00000000
      76885.000 ns	      7687	8000184c	03d99e33	mulh	x28,x19,x29	 x19:0x00000000 x29:0x00000000 x28=0x00000000
      76915.000 ns	      7690	80001850	a0000ad3	fle.s	x21,f0,f0	  f0:0x2e902599  f0:0x2e902599 x21=0x00000001
      76945.000 ns	      7693	80001854	a0f692d3	flt.s	x5,f13,f15	 f13:0x00000000 f15:0x4f76f8b6  x5=0x00000001
      76975.000 ns	      7696	80001858	207c15d3	fsgnjn.s	f11,f24,f7	 f24:0x42000000  f7:0x80000000 f11=0x42000000
      77005.000 ns	      7699	8000185c	a0308a53	fle.s	x20,f1,f3	  f1:0x80000000  f3:0x00000000 x20=0x00000001
      78185.000 ns	      7817	80001860	580a7ed3	fsqrt.s	f29,f20	 f20:0x42000000 f29=0x40350482
      78215.000 ns	      7820	80001864	02438333	mul	x6,x7,x4	  x7:0x00000000  x4:0x00400207  x6=0x00000000
      78245.000 ns	      7823	80001868	d01d75d3	fcvt.s.wu	f11,x26	 x26:0x00000000 f11=0x00000000
      78265.000 ns	      7825	8000186c	00ed9bb3	sll	x23,x27,x14	 x27:0x00000000 x14:0x00000200 x23=0x00000000
      78275.000 ns	      7826	80001870	01fba733	slt	x14,x23,x31	 x23:0x00000000 x31:0x00000000 x14=0x00000000
      78285.000 ns	      7827	80001874	01cd9613	slli	x12,x27,0x1c	 x27:0x00000000 x12=0x00000000
      78315.000 ns	      7830	80001878	58044553	fsqrt.s	f10,f8	  f8:0x00000000 f10=0x00000000
      78365.000 ns	      7835	8000187c	01d1f553	fadd.s	f10,f3,f29	  f3:0x00000000 f29:0x40350482 f10=0x40350482
      78385.000 ns	      7837	80001880	00949233	sll	x4,x9,x9	  x9:0x00000000  x9:0x00000000  x4=0x00000000
      78395.000 ns	      7838	80001884	00628333	add	x6,x5,x6	  x5:0x00000001  x6:0x00000000  x6=0x00000001
      78405.000 ns	      7839	80001888	fc116c13	ori	x24,x2,-63	  x2:0xcd3ce000 x24=0xffffffc1
      78415.000 ns	      7840	8000188c	a0826513	ori	x10,x4,-1528	  x4:0x00000000 x10=0xfffffa08
      78425.000 ns	      7841	80001890	01a39333	sll	x6,x7,x26	  x7:0x00000000 x26:0x00000000  x6=0x00000000
      78435.000 ns	      7842	80001894	3dcde213	ori	x4,x27,988	 x27:0x00000000  x4=0x000003dc
      78445.000 ns	      7843	80001898	40cad593	srai	x11,x21,0xc	 x21:0x00000001 x11=0x00000000
      78465.000 ns	      7845	8000189c	28a68353	fmin.s	f6,f13,f10	 f13:0x00000000 f10:0x40350482  f6=0x00000000
      78485.000 ns	      7847	800018a0	00460a33	add	x20,x12,x4	 x12:0x00000000  x4:0x000003dc x20=0x000003dc
      78495.000 ns	      7848	800018a4	00f8abb3	slt	x23,x17,x15	 x17:0xffffffff x15:0x00000009 x23=0x00000001
      78505.000 ns	      7849	800018a8	005cbf33	sltu	x30,x25,x5	 x25:0x00000000  x5:0x00000001 x30=0x00000001
      78515.000 ns	      7850	800018ac	00000013	addi	x0,x0,0	  x0:0x00000000
      78535.000 ns	      7852	800018b0	d0097153	fcvt.s.w	f2,x18	 x18:0x00000000  f2=0x00000000
      78565.000 ns	      7855	800018b4	f0008bd3	fmv.w.x	f23,x1	  x1:0x00000009 f23=0x00000009
      78585.000 ns	      7857	800018b8	00817eb3	and	x29,x2,x8	  x2:0xcd3ce000  x8:0x80040fe4 x29=0x80040000
      78595.000 ns	      7858	800018bc	00c463b3	or	x7,x8,x12	  x8:0x80040fe4 x12:0x00000000  x7=0x80040fe4
      78605.000 ns	      7859	800018c0	406cd633	sra	x12,x25,x6	 x25:0x00000000  x6:0x00000000 x12=0x00000000
      78625.000 ns	      7861	800018c4	295e0653	fmin.s	f12,f28,f21	 f28:0x7fc00000 f21:0x4f000410 f12=0x4f000410
      78655.000 ns	      7864	800018c8	c00691d3	fcvt.w.s	x3,f13	 f13:0x00000000  x3=0x00000000
      78685.000 ns	      7867	800018cc	e0088253	fmv.x.w	x4,f17	 f17:0x00000000  x4=0x00000000
      78715.000 ns	      7870	800018d0	024638b3	mulhu	x17,x12,x4	 x12:0x00000000  x4:0x000003dc x17=0x00000000
      78745.000 ns	      7873	800018d4	02bccab3	div	x21,x25,x11	 x25:0x00000000 x11:0x00000000 x21=0xffffffff
      78765.000 ns	      7875	800018d8	00b02bb3	slt	x23,x0,x11	  x0:0x00000000 x11:0x00000000 x23=0x00000000
      78775.000 ns	      7876	800018dc	7d5d4e93	xori	x29,x26,2005	 x26:0x00000000 x29=0x000007d5
      78785.000 ns	      7877	800018e0	40295b13	srai	x22,x18,0x2	 x18:0x00000000 x22=0x00000000
      78805.000 ns	      7879	800018e4	034719b3	mulh	x19,x14,x20	 x14:0x00000000 x20:0x000003dc x19=0x00000000
      78825.000 ns	      7881	800018e8	0147bab3	sltu	x21,x15,x20	 x15:0x00000009 x20:0x000003dc x21=0x00000001
      78835.000 ns	      7882	800018ec	094c8493	addi	x9,x25,148	 x25:0x00000000  x9=0x00000094
      78845.000 ns	      7883	800018f0	e93f4213	xori	x4,x30,-365	 x30:0x00000001  x4=0xfffffe92
      78865.000 ns	      7885	800018f4	211d9353	fsgnjn.s	f6,f27,f17	 f27:0x40350482 f17:0x00000000  f6=0xc0350482
      78915.000 ns	      7890	800018f8	01187ad3	fadd.s	f21,f16,f17	 f16:0x42000000 f17:0x00000000 f21=0x42000000
      78935.000 ns	      7892	800018fc	00ebd2b3	srl	x5,x23,x14	 x23:0x00000000 x14:0x00000000  x5=0x00000000
      79295.000 ns	      7928	80001900	02287533	remu	x10,x16,x2	 x16:0xb0f497e4  x2:0xcd3ce000 x10=0xb0f497e4
      79315.000 ns	      7930	80001904	01b75713	srli	x14,x14,0x1b	 x14:0x00000000 x14=0x00000000
      79325.000 ns	      7931	80001908	00499133	sll	x2,x19,x4	 x19:0x00000000  x4:0xfffffe92  x2=0x00000000
      79345.000 ns	      7933	8000190c	c0013753	fcvt.w.s	x14,f2	  f2:0x00000000 x14=0x00000000
      79375.000 ns	      7936	80001910	28ce0cd3	fmin.s	f25,f28,f12	 f28:0x7fc00000 f12:0x4f000410 f25=0x4f000410
      79395.000 ns	      7938	80001914	01f27ab3	and	x21,x4,x31	  x4:0xfffffe92 x31:0x00000000 x21=0x00000000
      79415.000 ns	      7940	80001918	a1fb8653	fle.s	x12,f23,f31	 f23:0x00000009 f31:0x00000000 x12=0x00000000
      79435.000 ns	      7942	8000191c	e34bef13	ori	x30,x23,-460	 x23:0x00000000 x30=0xfffffe34
      79445.000 ns	      7943	80001920	40f2dc33	sra	x24,x5,x15	  x5:0x00000000 x15:0x00000009 x24=0x00000000
      79455.000 ns	      7944	80001924	00000013	addi	x0,x0,0	  x0:0x00000000
      79475.000 ns	      7946	80001928	e00b19d3	fclass.s	x19,f22	 f22:0x00000000 x19=0x00000010
      79495.000 ns	      7948	8000192c	01c51333	sll	x6,x10,x28	 x10:0xb0f497e4 x28:0x00000000  x6=0xb0f497e4
      79515.000 ns	      7950	80001930	a1b11ad3	flt.s	x21,f2,f27	  f2:0x00000000 f27:0x40350482 x21=0x00000001
      79565.000 ns	      7955	80001934	01452f53	fadd.s	f30,f10,f20	 f10:0x40350482 f20:0x42000000 f30=0x420b5048
      79595.000 ns	      7958	80001938	031c53b3	divu	x7,x24,x17	 x24:0x00000000 x17:0x00000000  x7=0xffffffff
      79615.000 ns	      7960	8000193c	00b1e8b3	or	x17,x3,x11	  x3:0x00000000 x11:0x00000000 x17=0x00000000
      79635.000 ns	      7962	80001940	f0078b53	fmv.w.x	f22,x15	 x15:0x00000009 f22=0x00000009
      79685.000 ns	      7967	80001944	00d8f8d3	fadd.s	f17,f17,f13	 f17:0x00000000 f13:0x00000000 f17=0x00000000
      79705.000 ns	      7969	80001948	0a65ab13	slti	x22,x11,166	 x11:0x00000000 x22=0x00000001
      79725.000 ns	      7971	8000194c	025defb3	rem	x31,x27,x5	 x27:0x00000000  x5:0x00000000 x31=0x00000000
      79755.000 ns	      7974	80001950	0379bfb3	mulhu	x31,x19,x23	 x19:0x00000010 x23:0x00000000 x31=0x00000000
      79785.000 ns	      7977	80001954	216aa8d3	fsgnjx.s	f17,f21,f22	 f21:0x42000000 f22:0x00000009 f17=0x42000000
      79815.000 ns	      7980	80001958	03258033	mul	x0,x11,x18	 x11:0x00000000 x18:0x00000000
      79845.000 ns	      7983	8000195c	e00602d3	fmv.x.w	x5,f12	 f12:0x4f000410  x5=0x4f000410
      79885.000 ns	      7987	80001960	10c54bd3	fmul.s	f23,f10,f12	 f10:0x40350482 f12:0x4f000410 f23=0x4fb50a40
      80255.000 ns	      8024	80001964	02d95733	divu	x14,x18,x13	 x18:0x00000000 x13:0x80041024 x14=0x00000000
      80295.000 ns	      8028	80001968	194386d3	fdiv.s	f13,f7,f20	  f7:0x80000000 f20:0x42000000 f13=0x80000000
      80315.000 ns	      8030	8000196c	1ae56a17	auipc	x20,0x1ae56	 x20=0x9ae5796c
      80325.000 ns	      8031	80001970	41de8c33	sub	x24,x29,x29	 x29:0x000007d5 x29:0x000007d5 x24=0x00000000
      80335.000 ns	      8032	80001974	4120df13	srai	x30,x1,0x12	  x1:0x00000009 x30=0x00000000
      80345.000 ns	      8033	80001978	605c8793	addi	x15,x25,1541	 x25:0x00000000 x15=0x00000605
      80355.000 ns	      8034	8000197c	40950833	sub	x16,x10,x9	 x10:0xb0f497e4  x9:0x00000094 x16=0xb0f49750
      80375.000 ns	      8036	80001980	29b013d3	fmax.s	f7,f0,f27	  f0:0x2e902599 f27:0x40350482  f7=0x40350482
      80425.000 ns	      8041	80001984	08c8fad3	fsub.s	f21,f17,f12	 f17:0x42000000 f12:0x4f000410 f21=0xcf00040f
      80445.000 ns	      8043	80001988	005a43b3	xor	x7,x20,x5	 x20:0x9ae5796c  x5:0x4f000410  x7=0xd5e57d7c
      80455.000 ns	      8044	8000198c	003d3733	sltu	x14,x26,x3	 x26:0x00000000  x3:0x00000000 x14=0x00000000
      80465.000 ns	      8045	80001990	d7bdc813	xori	x16,x27,-645	 x27:0x00000000 x16=0xfffffd7b
      80485.000 ns	      8047	80001994	e00b8953	fmv.x.w	x18,f23	 f23:0x4fb50a40 x18=0x4fb50a40
      80515.000 ns	      8050	80001998	03f153b3	divu	x7,x2,x31	  x2:0x00000000 x31:0x00000000  x7=0xffffffff
      80545.000 ns	      8053	8000199c	d011f353	fcvt.s.wu	f6,x3	  x3:0x00000000  f6=0x00000000
      80575.000 ns	      8056	800019a0	d003a0d3	fcvt.s.w	f1,x7	  x7:0xffffffff  f1=0xbf800000
      80605.000 ns	      8059	800019a4	a0959ad3	flt.s	x21,f11,f9	 f11:0x00000000  f9:0x4f40de30 x21=0x00000001
      80635.000 ns	      8062	800019a8	d01b7cd3	fcvt.s.wu	f25,x22	 x22:0x00000001 f25=0x3f800000
      80655.000 ns	      8064	800019ac	b95fa497	auipc	x9,0xb95fa	  x9=0x395fb9ac
      80675.000 ns	      8066	800019b0	03bce3b3	rem	x7,x25,x27	 x25:0x00000000 x27:0x00000000  x7=0x00000000
      80695.000 ns	      8068	800019b4	41645233	sra	x4,x8,x22	  x8:0x80040fe4 x22:0x00000001  x4=0xc00207f2
      80705.000 ns	      8069	800019b8	00af7a33	and	x20,x30,x10	 x30:0x00000000 x10:0xb0f497e4 x20=0x00000000
      80715.000 ns	      8070	800019bc	0f050d13	addi	x26,x10,240	 x10:0xb0f497e4 x26=0xb0f498d4
      80755.000 ns	      8074	800019c0	0966fad3	fsub.s	f21,f13,f22	 f13:0x80000000 f22:0x00000009 f21=0x80000009
      80775.000 ns	      8076	800019c4	d8f8e893	ori	x17,x17,-625	 x17:0x00000000 x17=0xfffffd8f
      80785.000 ns	      8077	800019c8	005a09b3	add	x19,x20,x5	 x20:0x00000000  x5:0x4f000410 x19=0x4f000410
      80795.000 ns	      8078	800019cc	9f38a613	slti	x12,x17,-1549	 x17:0x00000000 x12=0x00000000
      80815.000 ns	      8080	800019d0	c00329d3	fcvt.w.s	x19,f6	  f6:0x00000000 x19=0x00000000
      80845.000 ns	      8083	800019d4	a0811dd3	flt.s	x27,f2,f8	  f2:0x00000000  f8:0x00000000 x27=0x00000000
      80875.000 ns	      8086	800019d8	28529fd3	fmax.s	f31,f5,f5	  f5:0x80000001  f5:0x80000001 f31=0x80000001
      80915.000 ns	      8090	800019dc	1085c5d3	fmul.s	f11,f11,f8	 f11:0x00000000  f8:0x00000000 f11=0x00000000
      80935.000 ns	      8092	800019e0	d2f4ec13	ori	x24,x9,-721	  x9:0x395fb9ac x24=0xfffffdaf
      80945.000 ns	      8093	800019e4	0178e5b3	or	x11,x17,x23	 x17:0xfffffd8f x23:0x00000000 x11=0xfffffd8f
      80965.000 ns	      8095	800019e8	03893233	mulhu	x4,x18,x24	 x18:0x4fb50a40 x24:0x00000000  x4=0x4fb50987
      80995.000 ns	      8098	800019ec	a0090153	fle.s	x2,f18,f0	 f18:0x40350482  f0:0x2e902599  x2=0x00000000
      81365.000 ns	      8135	800019f0	035dd3b3	divu	x7,x27,x21	 x27:0x00000000 x21:0x00000001  x7=0x00000000
      81395.000 ns	      8138	800019f4	0399ddb3	divu	x27,x19,x25	 x19:0x00000000 x25:0x00000000 x27=0xffffffff
      81425.000 ns	      8141	800019f8	03f62533	mulhsu	x10,x12,x31	 x12:0x00000000 x31:0x00000000 x10=0x00000000
      81445.000 ns	      8143	800019fc	01b3db13	srli	x22,x7,0x1b	  x7:0x00000000 x22=0x00000000
      81775.000 ns	      8176	80001a00	18f778d3	fdiv.s	f17,f14,f15	 f14:0x4f76f8b6 f15:0x4f76f8b6 f17=0x3f76f8b6
      81815.000 ns	      8180	80001a04	100a7153	fmul.s	f2,f20,f0	 f20:0x42000000  f0:0x2e902599  f2=0x3110259a
      81845.000 ns	      8183	80001a08	02a2cab3	div	x21,x5,x10	  x5:0x4f000410 x10:0x00000000 x21=0xffffffff
      81865.000 ns	      8185	80001a0c	41eed893	srai	x17,x29,0x1e	 x29:0x000007d5 x17=0x00000000
      81875.000 ns	      8186	80001a10	019f4033	xor	x0,x30,x25	 x30:0x00000000 x25:0x00000000
      81895.000 ns	      8188	80001a14	a1bca153	feq.s	x2,f25,f27	 f25:0x3f800000 f27:0x40350482  x2=0x00000000
      81915.000 ns	      8190	80001a18	006d4bb3	xor	x23,x26,x6	 x26:0xb0f498d4  x6:0xb0f497e4 x23=0x00000f30
      81925.000 ns	      8191	80001a1c	01621233	sll	x4,x4,x22	  x4:0x4fb50987 x22:0x00000000  x4=0x4fb50987
      83095.000 ns	      8308	80001a20	58082153	fsqrt.s	f2,f16	 f16:0x42000000  f2=0x40350482
      83125.000 ns	      8311	80001a24	a054a3d3	feq.s	x7,f9,f5	  f9:0x4f40de30  f5:0x80000001  x7=0x00000000
      83155.000 ns	      8314	80001a28	a0b59253	flt.s	x4,f11,f11	 f11:0x00000000 f11:0x00000000  x4=0x00000000
      83495.000 ns	      8348	80001a2c	189a7fd3	fdiv.s	f31,f20,f9	 f20:0x42000000  f9:0x4f40de30 f31=0x32000000
      83515.000 ns	      8350	80001a30	28fc3d93	sltiu	x27,x24,655	 x24:0xfffffdaf x27=0x00000000
      83535.000 ns	      8352	80001a34	022de7b3	rem	x15,x27,x2	 x27:0xffffffff  x2:0x00000000 x15=0x00000000
      83555.000 ns	      8354	80001a38	c063e517	auipc	x10,0xc063e	 x10=0x4063fa38
      83915.000 ns	      8390	80001a3c	03de7933	remu	x18,x28,x29	 x28:0x00000000 x29:0x000007d5 x18=0x00000000
      83935.000 ns	      8392	80001a40	01839d33	sll	x26,x7,x24	  x7:0x00000000 x24:0xfffffdaf x26=0x00000000
      83955.000 ns	      8394	80001a44	2090a353	fsgnjx.s	f6,f1,f9	  f1:0xbf800000  f9:0x4f40de30  f6=0xbf800000
      83975.000 ns	      8396	80001a48	ce9dce13	xori	x28,x27,-791	 x27:0x00000000 x28=0xfffffce9
      83995.000 ns	      8398	80001a4c	e00f9d53	fclass.s	x26,f31	 f31:0x32000000 x26=0x00000040
      84025.000 ns	      8401	80001a50	298693d3	fmax.s	f7,f13,f24	 f13:0x80000000 f24:0x42000000  f7=0x42000000
      84045.000 ns	      8403	80001a54	8a2d7b93	andi	x23,x26,-1886	 x26:0x00000040 x23=0x00000000
      84065.000 ns	      8405	80001a58	d01626d3	fcvt.s.wu	f13,x12	 x12:0x00000000 f13=0x00000000
      84095.000 ns	      8408	80001a5c	027e52b3	divu	x5,x28,x7	 x28:0xfffffce9  x7:0x00000000  x5=0xffffffff
      84115.000 ns	      8410	80001a60	009ed393	srli	x7,x29,0x9	 x29:0x000007d5  x7=0x00000003
      85285.000 ns	      8527	80001a64	580cfbd3	fsqrt.s	f23,f25	 f25:0x3f800000 f23=0x3f7fffae
      85305.000 ns	      8529	80001a68	9d5d2c37	lui	x24,0x9d5d2	 x24=0x9d5d2000
      85325.000 ns	      8531	80001a6c	202e8cd3	fsgnj.s	f25,f29,f2	 f29:0x40350482  f2:0x40350482 f25=0x40350482
      85345.000 ns	      8533	80001a70	0102de33	srl	x28,x5,x16	  x5:0xffffffff x16:0xfffffd7b x28=0x0000001f
      85365.000 ns	      8535	80001a74	29950253	fmin.s	f4,f10,f25	 f10:0x40350482 f25:0x40350482  f4=0x40350482
      85385.000 ns	      8537	80001a78	b5f5e193	ori	x3,x11,-1185	 x11:0xfffffd8f  x3=0xffffffdf
      85405.000 ns	      8539	80001a7c	d01fa553	fcvt.s.wu	f10,x31	 x31:0x00000000 f10=0x00000000
      85435.000 ns	      8542	80001a80	c01b1853	fcvt.wu.s	x16,f22	 f22:0x00000009 x16=0x00000000
      85465.000 ns	      8545	80001a84	288893d3	fmax.s	f7,f17,f8	 f17:0x3f76f8b6  f8:0x00000000  f7=0x3f76f8b6
      85495.000 ns	      8548	80001a88	211d2e53	fsgnjx.s	f28,f26,f17	 f26:0x80000000 f17:0x3f76f8b6 f28=0x80000000
      85515.000 ns	      8550	80001a8c	00b635b3	sltu	x11,x12,x11	 x12:0x00000000 x11:0xfffffd8f x11=0x00000001
      85535.000 ns	      8552	80001a90	d01cc7d3	fcvt.s.wu	f15,x25	 x25:0x00000000 f15=0x00000000
      85565.000 ns	      8555	80001a94	20972753	fsgnjx.s	f14,f14,f9	 f14:0x4f76f8b6  f9:0x4f40de30 f14=0x4f76f8b6
      85615.000 ns	      8560	80001a98	08e946d3	fsub.s	f13,f18,f14	 f18:0x40350482 f14:0x4f76f8b6 f13=0xcf76f8b6
      85985.000 ns	      8597	80001a9c	0383e833	rem	x16,x7,x24	  x7:0x00000003 x24:0x9d5d2000 x16=0x00000003
      86005.000 ns	      8599	80001aa0	41c55593	srai	x11,x10,0x1c	 x10:0x4063fa38 x11=0x00000004
      86045.000 ns	      8603	80001aa4	0040fcd3	fadd.s	f25,f1,f4	  f1:0xbf800000  f4:0x40350482 f25=0x3fea0904
      86065.000 ns	      8605	80001aa8	4edf0013	addi	x0,x30,1261	 x30:0x00000000
      86075.000 ns	      8606	80001aac	012d5233	srl	x4,x26,x18	 x26:0x00000040 x18:0x00000000  x4=0x00000040
      86085.000 ns	      8607	80001ab0	32220713	addi	x14,x4,802	  x4:0x00000000 x14=0x00000362
      86105.000 ns	      8609	80001ab4	032e0eb3	mul	x29,x28,x18	 x28:0x0000001f x18:0x00000000 x29=0x00000000
      86125.000 ns	      8611	80001ab8	41db8493	addi	x9,x23,1053	 x23:0x00000000  x9=0x0000041d
      86135.000 ns	      8612	80001abc	41cfde33	sra	x28,x31,x28	 x31:0x00000000 x28:0x0000001f x28=0x00000000
      86155.000 ns	      8614	80001ac0	036e0db3	mul	x27,x28,x22	 x28:0x0000001f x22:0x00000000 x27=0x00000000
      86185.000 ns	      8617	80001ac4	29181a53	fmax.s	f20,f16,f17	 f16:0x42000000 f17:0x3f76f8b6 f20=0x42000000
      86205.000 ns	      8619	80001ac8	feee1597	auipc	x11,0xfeee1	 x11=0x7eee2ac8
      86215.000 ns	      8620	80001acc	41dbd8b3	sra	x17,x23,x29	 x23:0x00000000 x29:0x00000000 x17=0x00000000
      86225.000 ns	      8621	80001ad0	008e3733	sltu	x14,x28,x8	 x28:0x00000000  x8:0x80040fe4 x14=0x00000001
      86245.000 ns	      8623	80001ad4	02909e33	mulh	x28,x1,x9	  x1:0x00000009  x9:0x0000041d x28=0x00000000
      86265.000 ns	      8625	80001ad8	09082313	slti	x6,x16,144	 x16:0x00000003  x6=0x00000001
      86275.000 ns	      8626	80001adc	015a4c33	xor	x24,x20,x21	 x20:0x00000000 x21:0xffffffff x24=0xffffffff
      86285.000 ns	      8627	80001ae0	01a33d33	sltu	x26,x6,x26	  x6:0xb0f497e4 x26:0x00000040 x26=0x00000001
      86295.000 ns	      8628	80001ae4	921f4493	xori	x9,x30,-1759	 x30:0x00000000  x9=0xfffff921
      86305.000 ns	      8629	80001ae8	016492b3	sll	x5,x9,x22	  x9:0x0000041d x22:0x00000000  x5=0xfffff921
      86315.000 ns	      8630	80001aec	01c33033	sltu	x0,x6,x28	  x6:0x00000001 x28:0x00000000
      86675.000 ns	      8666	80001af0	02604bb3	div	x23,x0,x6	  x0:0x00000000  x6:0x00000001 x23=0x00000000
      86695.000 ns	      8668	80001af4	78d96293	ori	x5,x18,1933	 x18:0x00000000  x5=0x0000078d
      86705.000 ns	      8669	80001af8	40cc0ab3	sub	x21,x24,x12	 x24:0xffffffff x12:0x00000000 x21=0xffffffff
      86715.000 ns	      8670	80001afc	012f8e33	add	x28,x31,x18	 x31:0x00000000 x18:0x00000000 x28=0x00000000
      87885.000 ns	      8787	80001b00	58083ad3	fsqrt.s	f21,f16	 f16:0x42000000 f21=0x40350482
      87915.000 ns	      8790	80001b04	c0167dd3	fcvt.wu.s	x27,f12	 f12:0x4f000410 x27=0x80041000
      87945.000 ns	      8793	80001b08	20b097d3	fsgnjn.s	f15,f1,f11	  f1:0xbf800000 f11:0x00000000 f15=0xbf800000
      87975.000 ns	      8796	80001b0c	030891b3	mulh	x3,x17,x16	 x17:0x00000000 x16:0x00000003  x3=0x00000000
      87995.000 ns	      8798	80001b10	01e9a9b3	slt	x19,x19,x30	 x19:0x00000000 x30:0x00000000 x19=0x00000000
      88015.000 ns	      8800	80001b14	216324d3	fsgnjx.s	f9,f6,f22	  f6:0xbf800000 f22:0x00000009  f9=0xbf800000
      88065.000 ns	      8805	80001b18	09fca453	fsub.s	f8,f25,f31	 f25:0x3fea0904 f31:0x32000000  f8=0x3fea0903
      88115.000 ns	      8810	80001b1c	09adf053	fsub.s	f0,f27,f26	 f27:0x40350482 f26:0x80000000  f0=0x40350482
      88145.000 ns	      8813	80001b20	285f85d3	fmin.s	f11,f31,f5	 f31:0x32000000  f5:0x80000001 f11=0x80000001
      88175.000 ns	      8816	80001b24	033818b3	mulh	x17,x16,x19	 x16:0x00000003 x19:0x00000000 x17=0x00000000
      88205.000 ns	      8819	80001b28	a0f79153	flt.s	x2,f15,f15	 f15:0xbf800000 f15:0xbf800000  x2=0x00000000
      88225.000 ns	      8821	80001b2c	013cda13	srli	x20,x25,0x13	 x25:0x00000000 x20=0x00000000
      88245.000 ns	      8823	80001b30	28428653	fmin.s	f12,f5,f4	  f5:0x80000001  f4:0x40350482 f12=0x80000001
      88265.000 ns	      8825	80001b34	00d4d613	srli	x12,x9,0xd	  x9:0xfffff921 x12=0x0007ffff
      88285.000 ns	      8827	80001b38	d01a9353	fcvt.s.wu	f6,x21	 x21:0xffffffff  f6=0x4f7fffff
      88315.000 ns	      8830	80001b3c	020f03b3	mul	x7,x30,x0	 x30:0x00000000  x0:0x00000000  x7=0x00000000
      88345.000 ns	      8833	80001b40	c00eba53	fcvt.w.s	x20,f29	 f29:0x40350482 x20=0x00000003
      88375.000 ns	      8836	80001b44	e0058cd3	fmv.x.w	x25,f11	 f11:0x80000001 x25=0x80000001
      88425.000 ns	      8841	80001b48	091c79d3	fsub.s	f19,f24,f17	 f24:0x42000000 f17:0x3f76f8b6 f19=0x41f8483a
      88455.000 ns	      8844	80001b4c	20bca2d3	fsgnjx.s	f5,f25,f11	 f25:0x3fea0904 f11:0x80000001  f5=0xbfea0904
      88485.000 ns	      8847	80001b50	f0070753	fmv.w.x	f14,x14	 x14:0x00000001 f14=0x00000001
      88505.000 ns	      8849	80001b54	01fdd933	srl	x18,x27,x31	 x27:0x80041000 x31:0x00000000 x18=0x80041000
      88535.000 ns	      8852	80001b58	19c37cd3	fdiv.s	f25,f6,f28	  f6:0x4f7fffff f28:0x80000000 f25=0xff800000
      88565.000 ns	      8855	80001b5c	21649bd3	fsgnjn.s	f23,f9,f22	  f9:0xbf800000 f22:0x00000009 f23=0xbf800000
      88585.000 ns	      8857	80001b60	412809b3	sub	x19,x16,x18	 x16:0x00000003 x18:0x80041000 x19=0x7ffbf003
      88595.000 ns	      8858	80001b64	48647e93	andi	x29,x8,1158	  x8:0x80040fe4 x29=0x00000484
      88605.000 ns	      8859	80001b68	004a4333	xor	x6,x20,x4	 x20:0x00000003  x4:0x00000040  x6=0x00000043
      88625.000 ns	      8861	80001b6c	d00bf6d3	fcvt.s.w	f13,x23	 x23:0x00000000 f13=0x00000000
      88655.000 ns	      8864	80001b70	f00c0cd3	fmv.w.x	f25,x24	 x24:0xffffffff f25=0xffffffff
      88685.000 ns	      8867	80001b74	d01cf253	fcvt.s.wu	f4,x25	 x25:0x80000001  f4=0x4f000000
      88705.000 ns	      8869	80001b78	6192e817	auipc	x16,0x6192e	 x16=0xe192fb78
      88725.000 ns	      8871	80001b7c	c00bfad3	fcvt.w.s	x21,f23	 f23:0xbf800000 x21=0x00000001
      88755.000 ns	      8874	80001b80	f00608d3	fmv.w.x	f17,x12	 x12:0x0007ffff f17=0x0007ffff
      88775.000 ns	      8876	80001b84	6f032a13	slti	x20,x6,1776	  x6:0x00000043 x20=0x00000001
      89135.000 ns	      8912	80001b88	02c1fbb3	remu	x23,x3,x12	  x3:0x00000000 x12:0x0007ffff x23=0x00000000
      89185.000 ns	      8917	80001b8c	09707bd3	fsub.s	f23,f0,f23	  f0:0x40350482 f23:0xbf800000 f23=0x40750482
      89215.000 ns	      8920	80001b90	282482d3	fmin.s	f5,f9,f2	  f9:0xbf800000  f2:0x40350482  f5=0xbf800000
      89235.000 ns	      8922	80001b94	48194813	xori	x16,x18,1153	 x18:0x80041000 x16=0x80041481
      89255.000 ns	      8924	80001b98	20ce0453	fsgnj.s	f8,f28,f12	 f28:0x80000000 f12:0x80000001  f8=0x80000000
      89285.000 ns	      8927	80001b9c	21578bd3	fsgnj.s	f23,f15,f21	 f15:0xbf800000 f21:0x40350482 f23=0x3f800000
      89305.000 ns	      8929	80001ba0	002ea633	slt	x12,x29,x2	 x29:0x00000484  x2:0x00000000 x12=0x00000000
      89325.000 ns	      8931	80001ba4	28b50b53	fmin.s	f22,f10,f11	 f10:0x00000000 f11:0x80000001 f22=0x80000001
      89355.000 ns	      8934	80001ba8	0305a5b3	mulhsu	x11,x11,x16	 x11:0x7eee2ac8 x16:0x80041481 x11=0x3f791b47
      89375.000 ns	      8936	80001bac	4005d713	srai	x14,x11,0x0	 x11:0x7eee2ac8 x14=0x3f791b47
      89395.000 ns	      8938	80001bb0	038712b3	mulh	x5,x14,x24	 x14:0x00000001 x24:0xffffffff  x5=0xffffffff
      89425.000 ns	      8941	80001bb4	f0080fd3	fmv.w.x	f31,x16	 x16:0x80041481 f31=0x80041481
      89445.000 ns	      8943	80001bb8	00ff5833	srl	x16,x30,x15	 x30:0x00000000 x15:0x00000000 x16=0x00000000
      89465.000 ns	      8945	80001bbc	d016fd53	fcvt.s.wu	f26,x13	 x13:0x80041024 f26=0x4f000410
      89485.000 ns	      8947	80001bc0	00000013	addi	x0,x0,0	  x0:0x00000000
      89815.000 ns	      8980	80001bc4	18fdfed3	fdiv.s	f29,f27,f15	 f27:0x40350482 f15:0xbf800000 f29=0xbfbb32d0
      89835.000 ns	      8982	80001bc8	b8386513	ori	x10,x16,-1149	 x16:0x00000000 x10=0xfffffb83
      89855.000 ns	      8984	80001bcc	033f1333	mulh	x6,x30,x19	 x30:0x00000000 x19:0x7ffbf003  x6=0x00000000
      89875.000 ns	      8986	80001bd0	40b308b3	sub	x17,x6,x11	  x6:0x00000043 x11:0x3f791b47 x17=0xc086e4b9
      89885.000 ns	      8987	80001bd4	a0292313	slti	x6,x18,-1534	 x18:0x80041000  x6=0x00000001
      89925.000 ns	      8991	80001bd8	09628053	fsub.s	f0,f5,f22	  f5:0xbf800000 f22:0x80000001  f0=0xbf800000
      89945.000 ns	      8993	80001bdc	b9ad0f93	addi	x31,x26,-1126	 x26:0x00000001 x31=0xfffffb9b
      89965.000 ns	      8995	80001be0	d01af953	fcvt.s.wu	f18,x21	 x21:0x00000001 f18=0x3f800000
      89985.000 ns	      8997	80001be4	007fabb3	slt	x23,x31,x7	 x31:0x00000000  x7:0x00000000 x23=0x00000001
      90015.000 ns	      9000	80001be8	11e12653	fmul.s	f12,f2,f30	  f2:0x40350482 f30:0x420b5048 f12=0x42c5046d
      90045.000 ns	      9003	80001bec	c00ffc53	fcvt.w.s	x24,f31	 f31:0x80041481 x24=0x00000000
      90085.000 ns	      9007	80001bf0	11680ed3	fmul.s	f29,f16,f22	 f16:0x42000000 f22:0x80000001 f29=0x80000020
      90105.000 ns	      9009	80001bf4	01babcb3	sltu	x25,x21,x27	 x21:0x00000001 x27:0x80041000 x25=0x00000001
      90465.000 ns	      9045	80001bf8	028ec2b3	div	x5,x29,x8	 x29:0x00000484  x8:0x80040fe4  x5=0x00000000
      90515.000 ns	      9050	80001bfc	0822fc53	fsub.s	f24,f5,f2	  f5:0xbf800000  f2:0x40350482 f24=0xc0750482
      90545.000 ns	      9053	80001c00	218411d3	fsgnjn.s	f3,f8,f24	  f8:0x80000000 f24:0x42000000  f3=0x00000000
      90915.000 ns	      9090	80001c04	02b06533	rem	x10,x0,x11	  x0:0x00000000 x11:0x3f791b47 x10=0x00000000
      90935.000 ns	      9092	80001c08	f8432193	slti	x3,x6,-124	  x6:0x00000001  x3=0x00000000
      90955.000 ns	      9094	80001c0c	21312ed3	fsgnjx.s	f29,f2,f19	  f2:0x40350482 f19:0x41f8483a f29=0x40350482
      90975.000 ns	      9096	80001c10	40c1d213	srai	x4,x3,0xc	  x3:0x00000000  x4=0x00000000
      90985.000 ns	      9097	80001c14	01d585b3	add	x11,x11,x29	 x11:0x3f791b47 x29:0x00000484 x11=0x3f791fcb
      91015.000 ns	      9100	80001c18	58047653	fsqrt.s	f12,f8	  f8:0x80000000 f12=0x80000000
      91035.000 ns	      9102	80001c1c	f2977c13	andi	x24,x14,-215	 x14:0x3f791b47 x24=0x3f791b01
      91055.000 ns	      9104	80001c20	21728dd3	fsgnj.s	f27,f5,f23	  f5:0xbf800000 f23:0x3f800000 f27=0x3f800000
      91085.000 ns	      9107	80001c24	0201c133	div	x2,x3,x0	  x3:0x00000000  x0:0x00000000  x2=0xffffffff
      91115.000 ns	      9110	80001c28	20530453	fsgnj.s	f8,f6,f5	  f6:0x4f7fffff  f5:0xbf800000  f8=0xcf7fffff
      91145.000 ns	      9113	80001c2c	29d38a53	fmin.s	f20,f7,f29	  f7:0x3f76f8b6 f29:0x40350482 f20=0x3f76f8b6
      91175.000 ns	      9116	80001c30	0277e833	rem	x16,x15,x7	 x15:0x00000000  x7:0x00000000 x16=0x00000000
      91205.000 ns	      9119	80001c34	c012f3d3	fcvt.wu.s	x7,f5	  f5:0xbf800000  x7=0x00000001
      91235.000 ns	      9122	80001c38	21210d53	fsgnj.s	f26,f2,f18	  f2:0x40350482 f18:0x3f800000 f26=0x40350482
      91265.000 ns	      9125	80001c3c	02d18033	mul	x0,x3,x13	  x3:0x00000000 x13:0x80041024
      91295.000 ns	      9128	80001c40	296a1353	fmax.s	f6,f20,f22	 f20:0x3f76f8b6 f22:0x80000001  f6=0x3f76f8b6
      91335.000 ns	      9132	80001c44	10451753	fmul.s	f14,f10,f4	 f10:0x00000000  f4:0x4f000000 f14=0x00000000
      91355.000 ns	      9134	80001c48	00229bb3	sll	x23,x5,x2	  x5:0x00000000  x2:0xffffffff x23=0x00000000
      91365.000 ns	      9135	80001c4c	01562a33	slt	x20,x12,x21	 x12:0x00000000 x21:0x00000001 x20=0x00000001
      91385.000 ns	      9137	80001c50	a10407d3	fle.s	x15,f8,f16	  f8:0xcf7fffff f16:0x42000000 x15=0x00000001
      91415.000 ns	      9140	80001c54	e0029c53	fclass.s	x24,f5	  f5:0xbf800000 x24=0x00000002
      91445.000 ns	      9143	80001c58	f0018753	fmv.w.x	f14,x3	  x3:0x00000000 f14=0x00000000
      91475.000 ns	      9146	80001c5c	20cdaf53	fsgnjx.s	f30,f27,f12	 f27:0x3f800000 f12:0x80000000 f30=0xbf800000
      91505.000 ns	      9149	80001c60	c01cba53	fcvt.wu.s	x20,f25	 f25:0xffffffff x20=0xffffffff
      91525.000 ns	      9151	80001c64	404f01b3	sub	x3,x30,x4	 x30:0x00000000  x4:0x00000000  x3=0x00000000
      91545.000 ns	      9153	80001c68	e00a0553	fmv.x.w	x10,f20	 f20:0x3f76f8b6 x10=0x3f76f8b6
      91575.000 ns	      9156	80001c6c	02c0e1b3	rem	x3,x1,x12	  x1:0x00000009 x12:0x00000000  x3=0x00000009
      91605.000 ns	      9159	80001c70	a1380fd3	fle.s	x31,f16,f19	 f16:0x42000000 f19:0x41f8483a x31=0x00000000
      91975.000 ns	      9196	80001c74	0237c633	div	x12,x15,x3	 x15:0x00000001  x3:0x00000009 x12=0x00000000
      92005.000 ns	      9199	80001c78	f0000553	fmv.w.x	f10,x0	  x0:0x00000000 f10=0x00000000
      92035.000 ns	      9202	80001c7c	03cda733	mulhsu	x14,x27,x28	 x27:0x80041000 x28:0x00000000 x14=0x00000000
      92065.000 ns	      9205	80001c80	29600ad3	fmin.s	f21,f0,f22	  f0:0xbf800000 f22:0x80000001 f21=0xbf800000
      92085.000 ns	      9207	80001c84	006dde13	srli	x28,x27,0x6	 x27:0x80041000 x28=0x02001040
      92105.000 ns	      9209	80001c88	2155a7d3	fsgnjx.s	f15,f11,f21	 f11:0x80000001 f21:0xbf800000 f15=0x00000001
      92125.000 ns	      9211	80001c8c	ca6f57b7	lui	x15,0xca6f5	 x15=0xca6f5000
      92145.000 ns	      9213	80001c90	d004f853	fcvt.s.w	f16,x9	  x9:0xfffff921 f16=0xc4dbe000
      92165.000 ns	      9215	80001c94	00785a33	srl	x20,x16,x7	 x16:0x00000000  x7:0x00000001 x20=0x00000000
      92175.000 ns	      9216	80001c98	00b9f533	and	x10,x19,x11	 x19:0x7ffbf003 x11:0x3f791fcb x10=0x3f791003
      92185.000 ns	      9217	80001c9c	01d2d513	srli	x10,x5,0x1d	  x5:0x00000000 x10=0x00000000
      92205.000 ns	      9219	80001ca0	e00d8ed3	fmv.x.w	x29,f27	 f27:0x3f800000 x29=0x3f800000
      92225.000 ns	      9221	80001ca4	ae7b0f93	addi	x31,x22,-1305	 x22:0x00000000 x31=0xfffffae7
      92235.000 ns	      9222	80001ca8	eee0c5b7	lui	x11,0xeee0c	 x11=0xeee0c000
      92245.000 ns	      9223	80001cac	0137d193	srli	x3,x15,0x13	 x15:0xca6f5000  x3=0x0000194d
      92255.000 ns	      9224	80001cb0	40dad393	srai	x7,x21,0xd	 x21:0x00000001  x7=0x00000000
      92265.000 ns	      9225	80001cb4	01d2cb33	xor	x22,x5,x29	  x5:0x00000000 x29:0x3f800000 x22=0x3f800000
      92275.000 ns	      9226	80001cb8	5804beb7	lui	x29,0x5804b	 x29=0x5804b000
      92295.000 ns	      9228	80001cbc	e00783d3	fmv.x.w	x7,f15	 f15:0x00000001  x7=0x00000001
      92325.000 ns	      9231	80001cc0	d01afd53	fcvt.s.wu	f26,x21	 x21:0x00000001 f26=0x3f800000
      92355.000 ns	      9234	80001cc4	0307d633	divu	x12,x15,x16	 x15:0xca6f5000 x16:0x00000000 x12=0xffffffff
      92375.000 ns	      9236	80001cc8	00c59133	sll	x2,x11,x12	 x11:0xeee0c000 x12:0x00000000  x2=0x00000000
      92395.000 ns	      9238	80001ccc	c01f72d3	fcvt.wu.s	x5,f30	 f30:0xbf800000  x5=0x00000001
      92425.000 ns	      9241	80001cd0	a1778153	fle.s	x2,f15,f23	 f15:0x00000001 f23:0x3f800000  x2=0x00000001
      92445.000 ns	      9243	80001cd4	01e0f1b3	and	x3,x1,x30	  x1:0x00000009 x30:0x00000000  x3=0x00000000
      92465.000 ns	      9245	80001cd8	211aadd3	fsgnjx.s	f27,f21,f17	 f21:0xbf800000 f17:0x0007ffff f27=0xbf800000
      92485.000 ns	      9247	80001cdc	4791eb93	ori	x23,x3,1145	  x3:0x0000194d x23=0x00000479
      92495.000 ns	      9248	80001ce0	35cdce93	xori	x29,x27,860	 x27:0x80041000 x29=0x8004135c
      92505.000 ns	      9249	80001ce4	83b67293	andi	x5,x12,-1989	 x12:0xffffffff  x5=0xfffff83b
      92515.000 ns	      9250	80001ce8	406101b3	sub	x3,x2,x6	  x2:0x00000001  x6:0x00000001  x3=0x00000000
      92525.000 ns	      9251	80001cec	00054cb3	xor	x25,x10,x0	 x10:0x00000000  x0:0x00000000 x25=0x00000000
      93695.000 ns	      9368	80001cf0	580d04d3	fsqrt.s	f9,f26	 f26:0x3f800000  f9=0x3f7fffae
      93725.000 ns	      9371	80001cf4	0202ca33	div	x20,x5,x0	  x5:0xfffff83b  x0:0x00000000 x20=0xffffffff
      93745.000 ns	      9373	80001cf8	01caa5b3	slt	x11,x21,x28	 x21:0x00000001 x28:0x02001040 x11=0x00000001
      93765.000 ns	      9375	80001cfc	204483d3	fsgnj.s	f7,f9,f4	  f9:0x3f7fffae  f4:0x4f000000  f7=0x3f7fffae
      93795.000 ns	      9378	80001d00	02878b33	mul	x22,x15,x8	 x15:0xca6f5000  x8:0x80040fe4 x22=0x10d34000
      93825.000 ns	      9381	80001d04	02ed61b3	rem	x3,x26,x14	 x26:0x00000001 x14:0x00000000  x3=0x00000001
      93845.000 ns	      9383	80001d08	6ec94cb7	lui	x25,0x6ec94	 x25=0x6ec94000
      93865.000 ns	      9385	80001d0c	c01f4e53	fcvt.wu.s	x28,f30	 f30:0xbf800000 x28=0x00000001
      94205.000 ns	      9419	80001d10	19a976d3	fdiv.s	f13,f18,f26	 f18:0x3f800000 f26:0x3f800000 f13=0x3f7fff38
      94575.000 ns	      9456	80001d14	02ff7ab3	remu	x21,x30,x15	 x30:0x00000000 x15:0xca6f5000 x21=0x00000000
      94595.000 ns	      9458	80001d18	0151c833	xor	x16,x3,x21	  x3:0x00000001 x21:0x00000001 x16=0x00000001
      94615.000 ns	      9460	80001d1c	21032f53	fsgnjx.s	f30,f6,f16	  f6:0x3f76f8b6 f16:0xc4dbe000 f30=0xbf76f8b6
      94635.000 ns	      9462	80001d20	01fc73b3	and	x7,x24,x31	 x24:0x00000002 x31:0xfffffae7  x7=0x00000002
      94655.000 ns	      9464	80001d24	02e2d7b3	divu	x15,x5,x14	  x5:0xfffff83b x14:0x00000000 x15=0xffffffff
      94705.000 ns	      9469	80001d28	09637d53	fsub.s	f26,f6,f22	  f6:0x3f76f8b6 f22:0x80000001 f26=0x3f76f8b6
      94725.000 ns	      9471	80001d2c	00d95f93	srli	x31,x18,0xd	 x18:0x80041000 x31=0x00040020
      94745.000 ns	      9473	80001d30	0206deb3	divu	x29,x13,x0	 x13:0x80041024  x0:0x00000000 x29=0xffffffff
      95925.000 ns	      9591	80001d34	5804ff53	fsqrt.s	f30,f9	  f9:0x3f7fffae f30=0x3f35042a
      96295.000 ns	      9628	80001d38	02964333	div	x6,x12,x9	 x12:0xffffffff  x9:0xfffff921  x6=0x00000000
      96325.000 ns	      9631	80001d3c	d01e3853	fcvt.s.wu	f16,x28	 x28:0x00000001 f16=0x3f800000
      96355.000 ns	      9634	80001d40	e00581d3	fmv.x.w	x3,f11	 f11:0x80000001  x3=0x80000001
      96385.000 ns	      9637	80001d44	c01077d3	fcvt.wu.s	x15,f0	  f0:0xbf800000 x15=0x00000001
      96405.000 ns	      9639	80001d48	4191de33	sra	x28,x3,x25	  x3:0x80000001 x25:0x6ec94000 x28=0x80000001
      96425.000 ns	      9641	80001d4c	f0038d53	fmv.w.x	f26,x7	  x7:0x00000002 f26=0x00000002
      96455.000 ns	      9644	80001d50	029137b3	mulhu	x15,x2,x9	  x2:0x00000001  x9:0xfffff921 x15=0x00000000
      96475.000 ns	      9646	80001d54	409a0833	sub	x16,x20,x9	 x20:0xffffffff  x9:0xfffff921 x16=0x000006de
      96495.000 ns	      9648	80001d58	03fc9b33	mulh	x22,x25,x31	 x25:0x6ec94000 x31:0x00040020 x22=0x0001bb32
      96515.000 ns	      9650	80001d5c	40610333	sub	x6,x2,x6	  x2:0x00000001  x6:0x00000000  x6=0x00000001
      96535.000 ns	      9652	80001d60	02e9ef33	rem	x30,x19,x14	 x19:0x7ffbf003 x14:0x00000000 x30=0x7ffbf003
      96565.000 ns	      9655	80001d64	a08a0253	fle.s	x4,f20,f8	 f20:0x3f76f8b6  f8:0xcf7fffff  x4=0x00000000
      96585.000 ns	      9657	80001d68	bd398d93	addi	x27,x19,-1069	 x19:0x7ffbf003 x27=0x7ffbebd6
      96945.000 ns	      9693	80001d6c	028bd5b3	divu	x11,x23,x8	 x23:0x00000479  x8:0x80040fe4 x11=0x00000000
      96975.000 ns	      9696	80001d70	f00f82d3	fmv.w.x	f5,x31	 x31:0x00040020  f5=0x00040020
      97025.000 ns	      9701	80001d74	015212d3	fadd.s	f5,f4,f21	  f4:0x4f000000 f21:0xbf800000  f5=0x4efffffe
      97045.000 ns	      9703	80001d78	0162d513	srli	x10,x5,0x16	  x5:0xfffff83b x10=0x000003ff
      97055.000 ns	      9704	80001d7c	00977933	and	x18,x14,x9	 x14:0x00000000  x9:0xfffff921 x18=0x00000000
      97065.000 ns	      9705	80001d80	45b2b193	sltiu	x3,x5,1115	  x5:0xfffff83b  x3=0x00000000
      97075.000 ns	      9706	80001d84	b4e5c713	xori	x14,x11,-1202	 x11:0x00000000 x14=0xfffffb4e
      97085.000 ns	      9707	80001d88	00a49a93	slli	x21,x9,0xa	  x9:0xfffff921 x21=0xffe48400
      97095.000 ns	      9708	80001d8c	002f9113	slli	x2,x31,0x2	 x31:0x00040020  x2=0x00100080
      97105.000 ns	      9709	80001d90	006a7c33	and	x24,x20,x6	 x20:0xffffffff  x6:0x00000001 x24=0x00000001
      97135.000 ns	      9712	80001d94	11ac3b53	fmul.s	f22,f24,f26	 f24:0xc0750482 f26:0x00000002 f22=0x80000007
      97165.000 ns	      9715	80001d98	a18a0a53	fle.s	x20,f20,f24	 f20:0x3f76f8b6 f24:0xc0750482 x20=0x00000000
      97195.000 ns	      9718	80001d9c	02383833	mulhu	x16,x16,x3	 x16:0x000006de  x3:0x00000000 x16=0x00000000
      97215.000 ns	      9720	80001da0	008307b3	add	x15,x6,x8	  x6:0x00000001  x8:0x80040fe4 x15=0x80040fe5
      97235.000 ns	      9722	80001da4	d0154953	fcvt.s.wu	f18,x10	 x10:0x000003ff f18=0x447fc000
      97275.000 ns	      9726	80001da8	1994b453	fdiv.s	f8,f9,f25	  f9:0x3f7fffae f25:0xffffffff  f8=0x7fc00000
      97295.000 ns	      9728	80001dac	b4854e13	xori	x28,x10,-1208	 x10:0x000003ff x28=0xfffff8b7
      97315.000 ns	      9730	80001db0	e00c1853	fclass.s	x16,f24	 f24:0xc0750482 x16=0x00000002
      97345.000 ns	      9733	80001db4	0383a033	mulhsu	x0,x7,x24	  x7:0x00000002 x24:0x00000001
      97375.000 ns	      9736	80001db8	f0050ed3	fmv.w.x	f29,x10	 x10:0x000003ff f29=0x000003ff
      97745.000 ns	      9773	80001dbc	03776a33	rem	x20,x14,x23	 x14:0xfffffb4e x23:0x00000479 x20=0xffffffc7
      97765.000 ns	      9775	80001dc0	012cd9b3	srl	x19,x25,x18	 x25:0x6ec94000 x18:0x00000000 x19=0x6ec94000
      97775.000 ns	      9776	80001dc4	5d5fb337	lui	x6,0x5d5fb	  x6=0x5d5fb000
      97795.000 ns	      9778	80001dc8	d006fa53	fcvt.s.w	f20,x13	 x13:0x80041024 f20=0xcefff7df
      97825.000 ns	      9781	80001dcc	a13694d3	flt.s	x9,f13,f19	 f13:0x3f7fff38 f19:0x41f8483a  x9=0x00000001
      97855.000 ns	      9784	80001dd0	c0032fd3	fcvt.w.s	x31,f6	  f6:0x3f76f8b6 x31=0x00000000
      97905.000 ns	      9789	80001dd4	019cfed3	fadd.s	f29,f25,f25	 f25:0xffffffff f25:0xffffffff f29=0x7fc00000
      97925.000 ns	      9791	80001dd8	01a07f33	and	x30,x0,x26	  x0:0x00000000 x26:0x00000001 x30=0x00000000
      97945.000 ns	      9793	80001ddc	f0050a53	fmv.w.x	f20,x10	 x10:0x000003ff f20=0x000003ff
      97975.000 ns	      9796	80001de0	c01871d3	fcvt.wu.s	x3,f16	 f16:0x3f800000  x3=0x00000001
      98005.000 ns	      9799	80001de4	d0178853	fcvt.s.wu	f16,x15	 x15:0x80040fe5 f16=0x4f000410
      98045.000 ns	      9803	80001de8	1199f853	fmul.s	f16,f19,f25	 f19:0x41f8483a f25:0xffffffff f16=0x7fc00000
      98075.000 ns	      9806	80001dec	c017cb53	fcvt.wu.s	x22,f15	 f15:0x00000001 x22=0x00000000
      98095.000 ns	      9808	80001df0	897a4993	xori	x19,x20,-1897	 x20:0xffffffc7 x19=0x00000750
      98105.000 ns	      9809	80001df4	4e2efa93	andi	x21,x29,1250	 x29:0xffffffff x21=0x000004e2
      98115.000 ns	      9810	80001df8	c2ff4a93	xori	x21,x30,-977	 x30:0x00000000 x21=0xfffffc2f
      98135.000 ns	      9812	80001dfc	0224bc33	mulhu	x24,x9,x2	  x9:0x00000001  x2:0x00100080 x24=0x00000000
      98155.000 ns	      9814	80001e00	0197f633	and	x12,x15,x25	 x15:0x80040fe5 x25:0x6ec94000 x12=0x00000000
      98165.000 ns	      9815	80001e04	403f5c13	srai	x24,x30,0x3	 x30:0x00000000 x24=0x00000000
      98185.000 ns	      9817	80001e08	d011ab53	fcvt.s.wu	f22,x3	  x3:0x00000001 f22=0x3f800000
      98205.000 ns	      9819	80001e0c	01356fb3	or	x31,x10,x19	 x10:0x000003ff x19:0x00000750 x31=0x000007ff
      98225.000 ns	      9821	80001e10	c00ffd53	fcvt.w.s	x26,f31	 f31:0x80041481 x26=0x00000000
      98255.000 ns	      9824	80001e14	a1df1253	flt.s	x4,f30,f29	 f30:0x3f35042a f29:0x7fc00000  x4=0x00000000
      98275.000 ns	      9826	80001e18	40cad313	srai	x6,x21,0xc	 x21:0xfffffc2f  x6=0xffffffff
      98315.000 ns	      9830	80001e1c	09d5fdd3	fsub.s	f27,f11,f29	 f11:0x80000001 f29:0x7fc00000 f27=0x7fc00000
      98365.000 ns	      9835	80001e20	01947053	fadd.s	f0,f8,f25	  f8:0x7fc00000 f25:0xffffffff  f0=0x7fc00000
      98385.000 ns	      9837	80001e24	0146c033	xor	x0,x13,x20	 x13:0x80041024 x20:0xffffffc7
      98395.000 ns	      9838	80001e28	002bb933	sltu	x18,x23,x2	 x23:0x00000479  x2:0x00100080 x18=0x00000001
      98415.000 ns	      9840	80001e2c	d0137253	fcvt.s.wu	f4,x6	  x6:0xffffffff  f4=0x4f7fffff
      98445.000 ns	      9843	80001e30	219c2ed3	fsgnjx.s	f29,f24,f25	 f24:0xc0750482 f25:0xffffffff f29=0x40750482
      98475.000 ns	      9846	80001e34	295410d3	fmax.s	f1,f8,f21	  f8:0x7fc00000 f21:0xbf800000  f1=0xbf800000
      98515.000 ns	      9850	80001e38	11b579d3	fmul.s	f19,f10,f27	 f10:0x00000000 f27:0x7fc00000 f19=0x7fc00000
      98545.000 ns	      9853	80001e3c	a0278253	fle.s	x4,f15,f2	 f15:0x00000001  f2:0x40350482  x4=0x00000001
      98565.000 ns	      9855	80001e40	a60694b7	lui	x9,0xa6069	  x9=0xa6069000
      98575.000 ns	      9856	80001e44	019b9293	slli	x5,x23,0x19	 x23:0x00000479  x5=0xf2000000
      98585.000 ns	      9857	80001e48	7a8d0913	addi	x18,x26,1960	 x26:0x00000000 x18=0x000007a8
      98595.000 ns	      9858	80001e4c	413683b3	sub	x7,x13,x19	 x13:0x80041024 x19:0x00000750  x7=0x800408d4
      98615.000 ns	      9860	80001e50	a086a753	feq.s	x14,f13,f8	 f13:0x3f7fff38  f8:0x7fc00000 x14=0x00000000
      98635.000 ns	      9862	80001e54	7b668313	addi	x6,x13,1974	 x13:0x80041024  x6=0x800417da
      98655.000 ns	      9864	80001e58	2139a9d3	fsgnjx.s	f19,f19,f19	 f19:0x7fc00000 f19:0x7fc00000 f19=0x7fc00000
      98685.000 ns	      9867	80001e5c	03f712b3	mulh	x5,x14,x31	 x14:0x00000000 x31:0x000007ff  x5=0x00000000
      98715.000 ns	      9870	80001e60	02e5b7b3	mulhu	x15,x11,x14	 x11:0x00000000 x14:0x00000000 x15=0x00000000
      98735.000 ns	      9872	80001e64	00ad1bb3	sll	x23,x26,x10	 x26:0x00000000 x10:0x000003ff x23=0x00000000
      99095.000 ns	      9908	80001e68	0240ec33	rem	x24,x1,x4	  x1:0x00000009  x4:0x00000001 x24=0x00000000
      99115.000 ns	      9910	80001e6c	8b2faf13	slti	x30,x31,-1870	 x31:0x000007ff x30=0x00000000
      99125.000 ns	      9911	80001e70	01cfa2b3	slt	x5,x31,x28	 x31:0x000007ff x28:0xfffff8b7  x5=0x00000000
      99145.000 ns	      9913	80001e74	a1e21253	flt.s	x4,f4,f30	  f4:0x4f7fffff f30:0x3f35042a  x4=0x00000000
      99165.000 ns	      9915	80001e78	6ddd1b37	lui	x22,0x6ddd1	 x22=0x6ddd1000
      99185.000 ns	      9917	80001e7c	20d61353	fsgnjn.s	f6,f12,f13	 f12:0x80000000 f13:0x3f7fff38  f6=0x80000000
      99205.000 ns	      9919	80001e80	00665c13	srli	x24,x12,0x6	 x12:0x00000000 x24=0x00000000
      99225.000 ns	      9921	80001e84	c019acd3	fcvt.wu.s	x25,f19	 f19:0x7fc00000 x25=0xffffffff
      99245.000 ns	      9923	80001e88	8f886c93	ori	x25,x16,-1800	 x16:0x00000002 x25=0xfffff8fa
      99255.000 ns	      9924	80001e8c	0097ef33	or	x30,x15,x9	 x15:0x00000000  x9:0xa6069000 x30=0xa6069000
      99275.000 ns	      9926	80001e90	c0119353	fcvt.wu.s	x6,f3	  f3:0x00000000  x6=0x00000000
      99295.000 ns	      9928	80001e94	00e70033	add	x0,x14,x14	 x14:0x00000000 x14:0x00000000
      99315.000 ns	      9930	80001e98	e0091d53	fclass.s	x26,f18	 f18:0x447fc000 x26=0x00000040
      99365.000 ns	      9935	80001e9c	09f102d3	fsub.s	f5,f2,f31	  f2:0x40350482 f31:0x80041481  f5=0x40350482
      99395.000 ns	      9938	80001ea0	d004f553	fcvt.s.w	f10,x9	  x9:0xa6069000 f10=0xceb3f2e0
      99425.000 ns	      9941	80001ea4	21001953	fsgnjn.s	f18,f0,f16	  f0:0x7fc00000 f16:0x7fc00000 f18=0xffc00000
      99455.000 ns	      9944	80001ea8	28de06d3	fmin.s	f13,f28,f13	 f28:0x80000000 f13:0x3f7fff38 f13=0x80000000
      99475.000 ns	      9946	80001eac	11ce3893	sltiu	x17,x28,284	 x28:0xfffff8b7 x17=0x00000000
      99485.000 ns	      9947	80001eb0	40fcd013	srai	x0,x25,0xf	 x25:0xfffff8fa
      99845.000 ns	      9983	80001eb4	022a75b3	remu	x11,x20,x2	 x20:0xffffffc7  x2:0x00100080 x11=0x00080047
      99875.000 ns	      9986	80001eb8	037e4333	div	x6,x28,x23	 x28:0xfffff8b7 x23:0x00000000  x6=0xffffffff
      99895.000 ns	      9988	80001ebc	0aa76193	ori	x3,x14,170	 x14:0x00000000  x3=0x000000aa
      99935.000 ns	      9992	80001ec0	00411c53	fadd.s	f24,f2,f4	  f2:0x40350482  f4:0x4f7fffff f24=0x4f7fffff
      99965.000 ns	      9995	80001ec4	f0090153	fmv.w.x	f2,x18	 x18:0x000007a8  f2=0x000007a8
      99985.000 ns	      9997	80001ec8	a268ae13	slti	x28,x17,-1498	 x17:0x00000000 x28=0x00000000
     100005.000 ns	      9999	80001ecc	024004b3	mul	x9,x0,x4	  x0:0x00000000  x4:0x00000000  x9=0x00000000
     100035.000 ns	     10002	80001ed0	02271b33	mulh	x22,x14,x2	 x14:0x00000000  x2:0x00100080 x22=0x00000000
     100055.000 ns	     10004	80001ed4	0f6ab393	sltiu	x7,x21,246	 x21:0xfffffc2f  x7=0x00000000
     100065.000 ns	     10005	80001ed8	4a97ab17	auipc	x22,0x4a97a	 x22=0xca97bed8
     100085.000 ns	     10007	80001edc	d007f0d3	fcvt.s.w	f1,x15	 x15:0x00000000  f1=0x00000000
     100115.000 ns	     10010	80001ee0	d01b1453	fcvt.s.wu	f8,x22	 x22:0x00000000  f8=0x4f4a97be
     100135.000 ns	     10012	80001ee4	9045f193	andi	x3,x11,-1788	 x11:0x00080047  x3=0x00080004
     100155.000 ns	     10014	80001ee8	208e1ad3	fsgnjn.s	f21,f28,f8	 f28:0x80000000  f8:0x4f4a97be f21=0x80000000
     100185.000 ns	     10017	80001eec	028a8fb3	mul	x31,x21,x8	 x21:0xfffffc2f  x8:0x80040fe4 x31=0x707f5adc
     100215.000 ns	     10020	80001ef0	a142a5d3	feq.s	x11,f5,f20	  f5:0x40350482 f20:0x000003ff x11=0x00000000
     100245.000 ns	     10023	80001ef4	038432b3	mulhu	x5,x8,x24	  x8:0x80040fe4 x24:0x00000000  x5=0x00000000
     100615.000 ns	     10060	80001ef8	035971b3	remu	x3,x18,x21	 x18:0x000007a8 x21:0xfffffc2f  x3=0x000007a8
     100635.000 ns	     10062	80001efc	cf256713	ori	x14,x10,-782	 x10:0x000003ff x14=0xffffffff
     100655.000 ns	     10064	80001f00	d01c9153	fcvt.s.wu	f2,x25	 x25:0xfffff8fa  f2=0x4f7ffff8
     100675.000 ns	     10066	80001f04	41160633	sub	x12,x12,x17	 x12:0x00000000 x17:0x00000000 x12=0x00000000
     100695.000 ns	     10068	80001f08	02cc1833	mulh	x16,x24,x12	 x24:0x00000000 x12:0x00000000 x16=0x00000000
     100715.000 ns	     10070	80001f0c	f62d2493	slti	x9,x26,-158	 x26:0x00000040  x9=0x00000000
     100735.000 ns	     10072	80001f10	21d783d3	fsgnj.s	f7,f15,f29	 f15:0x00000001 f29:0x40750482  f7=0x00000001
     100755.000 ns	     10074	80001f14	4032d733	sra	x14,x5,x3	  x5:0x00000000  x3:0x000007a8 x14=0x00000000
     100765.000 ns	     10075	80001f18	4178df13	srai	x30,x17,0x17	 x17:0x00000000 x30=0x00000000
     100785.000 ns	     10077	80001f1c	d01f2e53	fcvt.s.wu	f28,x30	 x30:0xa6069000 f28=0x00000000
     100815.000 ns	     10080	80001f20	21c8a253	fsgnjx.s	f4,f17,f28	 f17:0x0007ffff f28:0x80000000  f4=0x0007ffff
     100835.000 ns	     10082	80001f24	00cc0617	auipc	x12,0xcc0	 x12=0x80cc1f24
     101195.000 ns	     10118	80001f28	035665b3	rem	x11,x12,x21	 x12:0x00000000 x21:0xfffffc2f x11=0xfffffede
     101225.000 ns	     10121	80001f2c	29f080d3	fmin.s	f1,f1,f31	  f1:0x00000000 f31:0x80041481  f1=0x80041481
     101255.000 ns	     10124	80001f30	c005ad53	fcvt.w.s	x26,f11	 f11:0x80000001 x26=0x00000000
     101285.000 ns	     10127	80001f34	d01ef253	fcvt.s.wu	f4,x29	 x29:0xffffffff  f4=0x4f7fffff
     101305.000 ns	     10129	80001f38	016fd513	srli	x10,x31,0x16	 x31:0x707f5adc x10=0x000001c1
     101315.000 ns	     10130	80001f3c	a4434713	xori	x14,x6,-1468	  x6:0xffffffff x14=0x000005bb
     101325.000 ns	     10131	80001f40	00358b33	add	x22,x11,x3	 x11:0xfffffede  x3:0x000007a8 x22=0x00000686
     101345.000 ns	     10133	80001f44	a02aa9d3	feq.s	x19,f21,f2	 f21:0x80000000  f2:0x4f7ffff8 x19=0x00000000
     101375.000 ns	     10136	80001f48	219288d3	fsgnj.s	f17,f5,f25	  f5:0x40350482 f25:0xffffffff f17=0xc0350482
     101405.000 ns	     10139	80001f4c	f0028f53	fmv.w.x	f30,x5	  x5:0x00000000 f30=0x00000000
     101435.000 ns	     10142	80001f50	20a60a53	fsgnj.s	f20,f12,f10	 f12:0x80000000 f10:0xceb3f2e0 f20=0x80000000
     101475.000 ns	     10146	80001f54	19ae2c53	fdiv.s	f24,f28,f26	 f28:0x00000000 f26:0x00000002 f24=0x00000000
     101505.000 ns	     10149	80001f58	294e9bd3	fmax.s	f23,f29,f20	 f29:0x40750482 f20:0x80000000 f23=0x40750482
     101525.000 ns	     10151	80001f5c	6b4e2193	slti	x3,x28,1716	 x28:0x00000000  x3=0x00000001
     101545.000 ns	     10153	80001f60	210d2f53	fsgnjx.s	f30,f26,f16	 f26:0x00000002 f16:0x7fc00000 f30=0x00000002
     101575.000 ns	     10156	80001f64	02a2a933	mulhsu	x18,x5,x10	  x5:0x00000000 x10:0x000001c1 x18=0x00000000
     101595.000 ns	     10158	80001f68	cf4fea97	auipc	x21,0xcf4fe	 x21=0x4f4fff68
     101605.000 ns	     10159	80001f6c	018c17b3	sll	x15,x24,x24	 x24:0x00000000 x24:0x00000000 x15=0x00000000
     101615.000 ns	     10160	80001f70	d74e8c13	addi	x24,x29,-652	 x29:0xffffffff x24=0xfffffd73
     101625.000 ns	     10161	80001f74	01eb0933	add	x18,x22,x30	 x22:0x00000686 x30:0x00000000 x18=0x00000686
     101635.000 ns	     10162	80001f78	63d6c113	xori	x2,x13,1597	 x13:0x80041024  x2=0x80041619
     101655.000 ns	     10164	80001f7c	c009aad3	fcvt.w.s	x21,f19	 f19:0x7fc00000 x21=0x7fffffff
     101685.000 ns	     10167	80001f80	024f4733	div	x14,x30,x4	 x30:0x00000000  x4:0x00000000 x14=0xffffffff
     101705.000 ns	     10169	80001f84	016541b3	xor	x3,x10,x22	 x10:0x000001c1 x22:0x00000686  x3=0x00000747
     101715.000 ns	     10170	80001f88	005c6fb3	or	x31,x24,x5	 x24:0xfffffd73  x5:0x00000000 x31=0xfffffd73
     101735.000 ns	     10172	80001f8c	a02e2fd3	feq.s	x31,f28,f2	 f28:0x00000000  f2:0x4f7ffff8 x31=0x00000000
     101755.000 ns	     10174	80001f90	01f993b3	sll	x7,x19,x31	 x19:0x00000000 x31:0x707f5adc  x7=0x00000000
     101775.000 ns	     10176	80001f94	a16781d3	fle.s	x3,f15,f22	 f15:0x00000001 f22:0x3f800000  x3=0x00000001
     101805.000 ns	     10179	80001f98	a1820ed3	fle.s	x29,f4,f24	  f4:0x4f7fffff f24:0x00000000 x29=0x00000000
     101825.000 ns	     10181	80001f9c	89e68b13	addi	x22,x13,-1890	 x13:0x80041024 x22=0x800408c2
     101835.000 ns	     10182	80001fa0	21523cb7	lui	x25,0x21523	 x25=0x21523000
     101845.000 ns	     10183	80001fa4	aa8e4b93	xori	x23,x28,-1368	 x28:0x00000000 x23=0xfffffaa8
     101855.000 ns	     10184	80001fa8	0203ed93	ori	x27,x7,32	  x7:0x00000000 x27=0x00000020
     101885.000 ns	     10187	80001fac	10d3f3d3	fmul.s	f7,f7,f13	  f7:0x00000001 f13:0x80000000  f7=0x80000000
     101905.000 ns	     10189	80001fb0	00000013	addi	x0,x0,0	  x0:0x00000000
     101915.000 ns	     10190	80001fb4	59839337	lui	x6,0x59839	  x6=0x59839000
     101935.000 ns	     10192	80001fb8	c018ad53	fcvt.wu.s	x26,f17	 f17:0xc0350482 x26=0x00000003
     101975.000 ns	     10196	80001fbc	108ff153	fmul.s	f2,f31,f8	 f31:0x80041481  f8:0x4f4a97be  f2=0x8dcea63b
     102005.000 ns	     10199	80001fc0	d01a72d3	fcvt.s.wu	f5,x20	 x20:0xffffffc7  f5=0x4f7fffff
     102375.000 ns	     10236	80001fc4	026064b3	rem	x9,x0,x6	  x0:0x00000000  x6:0x59839000  x9=0x00000000
     102395.000 ns	     10238	80001fc8	840de997	auipc	x19,0x840de	 x19=0x040dffc8
     102415.000 ns	     10240	80001fcc	a04e1353	flt.s	x6,f28,f4	 f28:0x00000000  f4:0x4f7fffff  x6=0x00000001
     102445.000 ns	     10243	80001fd0	0242d533	divu	x10,x5,x4	  x5:0x00000000  x4:0x00000000 x10=0xffffffff
     102465.000 ns	     10245	80001fd4	35420e93	addi	x29,x4,852	  x4:0x00000000 x29=0x00000354
     102475.000 ns	     10246	80001fd8	00955833	srl	x16,x10,x9	 x10:0xffffffff  x9:0x00000000 x16=0xffffffff
     102495.000 ns	     10248	80001fdc	f0098f53	fmv.w.x	f30,x19	 x19:0x040dffc8 f30=0x040dffc8
     102525.000 ns	     10251	80001fe0	21982fd3	fsgnjx.s	f31,f16,f25	 f16:0x7fc00000 f25:0xffffffff f31=0xffc00000
     102545.000 ns	     10253	80001fe4	01187c33	and	x24,x16,x17	 x16:0xffffffff x17:0x00000000 x24=0x00000000
     102565.000 ns	     10255	80001fe8	03ea8633	mul	x12,x21,x30	 x21:0x7fffffff x30:0x00000000 x12=0x00000000
     102615.000 ns	     10260	80001fec	08af7753	fsub.s	f14,f30,f10	 f30:0x040dffc8 f10:0xceb3f2e0 f14=0x4eb3f2e0
     102635.000 ns	     10262	80001ff0	00000013	addi	x0,x0,0	  x0:0x00000000
     102655.000 ns	     10264	80001ff4	a15ca553	feq.s	x10,f25,f21	 f25:0xffffffff f21:0x80000000 x10=0x00000000
     102675.000 ns	     10266	80001ff8	97b6a293	slti	x5,x13,-1669	 x13:0x80041024  x5=0x00000001
     103035.000 ns	     10302	80001ffc	02d978b3	remu	x17,x18,x13	 x18:0x00000686 x13:0x80041024 x17=0x00000686
     103075.000 ns	     10306	80002000	103cf553	fmul.s	f10,f25,f3	 f25:0xffffffff  f3:0x00000000 f10=0x7fc00000
     103095.000 ns	     10308	80002004	01de2133	slt	x2,x28,x29	 x28:0x00000000 x29:0x00000354  x2=0x00000001
     104265.000 ns	     10425	80002008	580d4cd3	fsqrt.s	f25,f26	 f26:0x00000002 f25=0x1f350483
     104295.000 ns	     10428	8000200c	e0090553	fmv.x.w	x10,f18	 f18:0xffc00000 x10=0xffc00000
     104315.000 ns	     10430	80002010	b98db893	sltiu	x17,x27,-1128	 x27:0x00000020 x17=0x00000001
     104325.000 ns	     10431	80002014	005e61b3	or	x3,x28,x5	 x28:0x00000000  x5:0x00000001  x3=0x00000001
     104335.000 ns	     10432	80002018	3046c793	xori	x15,x13,772	 x13:0x80041024 x15=0x80041320
     104355.000 ns	     10434	8000201c	a1310353	fle.s	x6,f2,f19	  f2:0x8dcea63b f19:0x7fc00000  x6=0x00000000
     104385.000 ns	     10437	80002020	e0058cd3	fmv.x.w	x25,f11	 f11:0x80000001 x25=0x80000001
     104405.000 ns	     10439	80002024	000d6633	or	x12,x26,x0	 x26:0x00000003  x0:0x00000000 x12=0x00000003
     104415.000 ns	     10440	80002028	76456b93	ori	x23,x10,1892	 x10:0xffc00000 x23=0xffc00764
     104425.000 ns	     10441	8000202c	00e2cfb3	xor	x31,x5,x14	  x5:0x00000001 x14:0xffffffff x31=0xfffffffe
     104435.000 ns	     10442	80002030	e7b0ee93	ori	x29,x1,-389	  x1:0x00000009 x29=0xfffffe7b
     104445.000 ns	     10443	80002034	00d59993	slli	x19,x11,0xd	 x11:0xfffffede x19=0xffdbc000
     104805.000 ns	     10479	80002038	0305cf33	div	x30,x11,x16	 x11:0xfffffede x16:0xffffffff x30=0x00000122
     104835.000 ns	     10482	8000203c	c00e0ad3	fcvt.w.s	x21,f28	 f28:0x00000000 x21=0x00000000
     104855.000 ns	     10484	80002040	01ca1a93	slli	x21,x20,0x1c	 x20:0xffffffc7 x21=0x70000000
     105215.000 ns	     10520	80002044	0331df33	divu	x30,x3,x19	  x3:0x00000001 x19:0xffdbc000 x30=0x00000000
     105235.000 ns	     10522	80002048	007e5913	srli	x18,x28,0x7	 x28:0x00000000 x18=0x00000000
     105255.000 ns	     10524	8000204c	c0097553	fcvt.w.s	x10,f18	 f18:0xffc00000 x10=0x7fffffff
     105275.000 ns	     10526	80002050	407a08b3	sub	x17,x20,x7	 x20:0xffffffc7  x7:0x00000000 x17=0xffffffc7
     105295.000 ns	     10528	80002054	286f1753	fmax.s	f14,f30,f6	 f30:0x040dffc8  f6:0x80000000 f14=0x040dffc8
     105315.000 ns	     10530	80002058	01cf82b3	add	x5,x31,x28	 x31:0xfffffffe x28:0x00000000  x5=0xfffffffe
     105335.000 ns	     10532	8000205c	205221d3	fsgnjx.s	f3,f4,f5	  f4:0x4f7fffff  f5:0x4f7fffff  f3=0x4f7fffff
     105355.000 ns	     10534	80002060	21d72393	slti	x7,x14,541	 x14:0xffffffff  x7=0x00000001
     105385.000 ns	     10537	80002064	58057553	fsqrt.s	f10,f10	 f10:0x7fc00000 f10=0x7fc00000
     105415.000 ns	     10540	80002068	0204b7b3	mulhu	x15,x9,x0	  x9:0x00000000  x0:0x00000000 x15=0x00000000
     105435.000 ns	     10542	8000206c	010041b3	xor	x3,x0,x16	  x0:0x00000000 x16:0xffffffff  x3=0xffffffff
     105455.000 ns	     10544	80002070	d001a953	fcvt.s.w	f18,x3	  x3:0x00000001 f18=0xbf800000
     105475.000 ns	     10546	80002074	58164e93	xori	x29,x12,1409	 x12:0x00000003 x29=0x00000582
     105495.000 ns	     10548	80002078	212c8ad3	fsgnj.s	f21,f25,f18	 f25:0x1f350483 f18:0xbf800000 f21=0x9f350483
     105525.000 ns	     10551	8000207c	a15a1a53	flt.s	x20,f20,f21	 f20:0x80000000 f21:0x80000000 x20=0x00000000
     105555.000 ns	     10554	80002080	f0050653	fmv.w.x	f12,x10	 x10:0x7fffffff f12=0x7fffffff
     105925.000 ns	     10591	80002084	02acda33	divu	x20,x25,x10	 x25:0x80000001 x10:0x7fffffff x20=0x00000001
     106295.000 ns	     10628	80002088	034fff33	remu	x30,x31,x20	 x31:0xfffffffe x20:0x00000000 x30=0x00000000
     106315.000 ns	     10630	8000208c	40e0d613	srai	x12,x1,0xe	  x1:0x00000009 x12=0x00000000
     106335.000 ns	     10632	80002090	297b8e53	fmin.s	f28,f23,f23	 f23:0x40750482 f23:0x40750482 f28=0x40750482
     106365.000 ns	     10635	80002094	a1b728d3	feq.s	x17,f14,f27	 f14:0x040dffc8 f27:0x7fc00000 x17=0x00000000
     106385.000 ns	     10637	80002098	e80b2d93	slti	x27,x22,-384	 x22:0x800408c2 x27=0x00000001
     106745.000 ns	     10673	8000209c	02a7c233	div	x4,x15,x10	 x15:0x00000000 x10:0x7fffffff  x4=0x00000000
     106765.000 ns	     10675	800020a0	01b12f33	slt	x30,x2,x27	  x2:0x00000001 x27:0x00000020 x30=0x00000000
     106775.000 ns	     10676	800020a4	00343633	sltu	x12,x8,x3	  x8:0x80040fe4  x3:0xffffffff x12=0x00000001
     106795.000 ns	     10678	800020a8	e0091d53	fclass.s	x26,f18	 f18:0xbf800000 x26=0x00000002
     107165.000 ns	     10715	800020ac	03d164b3	rem	x9,x2,x29	  x2:0x00000001 x29:0x00000582  x9=0x00000001
     107195.000 ns	     10718	800020b0	f00c0ad3	fmv.w.x	f21,x24	 x24:0x00000000 f21=0x00000000
     107225.000 ns	     10721	800020b4	c015c1d3	fcvt.wu.s	x3,f11	 f11:0x80000001  x3=0x00000000
     107595.000 ns	     10758	800020b8	03996a33	rem	x20,x18,x25	 x18:0x00000000 x25:0x80000001 x20=0x00000000
     107615.000 ns	     10760	800020bc	00dac7b3	xor	x15,x21,x13	 x21:0x70000000 x13:0x80041024 x15=0xf0041024
     107625.000 ns	     10761	800020c0	40a8d133	sra	x2,x17,x10	 x17:0x00000000 x10:0x7fffffff  x2=0x00000000
     107645.000 ns	     10763	800020c4	c013f853	fcvt.wu.s	x16,f7	  f7:0x80000000 x16=0x00000000
     107665.000 ns	     10765	800020c8	ba010993	addi	x19,x2,-1120	  x2:0x00000001 x19=0xfffffba0
     107675.000 ns	     10766	800020cc	e420a893	slti	x17,x1,-446	  x1:0x00000009 x17=0x00000000
     108035.000 ns	     10802	800020d0	02bf6bb3	rem	x23,x30,x11	 x30:0x00000000 x11:0xfffffede x23=0x00000000
     108375.000 ns	     10836	800020d4	18e5bf53	fdiv.s	f30,f11,f14	 f11:0x80000001 f14:0x040dffc8 f30=0xb034b4b7
     108405.000 ns	     10839	800020d8	02d433b3	mulhu	x7,x8,x13	  x8:0x80040fe4 x13:0x80041024  x7=0x40041014
     108425.000 ns	     10841	800020dc	002947b3	xor	x15,x18,x2	 x18:0x00000000  x2:0x00000000 x15=0x00000000
     108445.000 ns	     10843	800020e0	e0019fd3	fclass.s	x31,f3	  f3:0x4f7fffff x31=0x00000040
     108465.000 ns	     10845	800020e4	404554b3	sra	x9,x10,x4	 x10:0x7fffffff  x4:0x00000000  x9=0x7fffffff
     108825.000 ns	     10881	800020e8	02eef2b3	remu	x5,x29,x14	 x29:0x00000582 x14:0xffffffff  x5=0x00000582
     109195.000 ns	     10918	800020ec	039bf033	remu	x0,x23,x25	 x23:0x00000000 x25:0x80000001
     109215.000 ns	     10920	800020f0	410f5593	srai	x11,x30,0x10	 x30:0x00000000 x11=0x00000000
     109225.000 ns	     10921	800020f4	0048dfb3	srl	x31,x17,x4	 x17:0x00000000  x4:0x00000000 x31=0x00000000
     109245.000 ns	     10923	800020f8	a1b50853	fle.s	x16,f10,f27	 f10:0x7fc00000 f27:0x7fc00000 x16=0x00000000
     109265.000 ns	     10925	800020fc	b009c237	lui	x4,0xb009c	  x4=0xb009c000
     109285.000 ns	     10927	80002100	02ba9033	mulh	x0,x21,x11	 x21:0x70000000 x11:0x00000000
     109315.000 ns	     10930	80002104	d01b7353	fcvt.s.wu	f6,x22	 x22:0x800408c2  f6=0x4f000408
     109685.000 ns	     10967	80002108	02a5d9b3	divu	x19,x11,x10	 x11:0x00000000 x10:0x7fffffff x19=0x00000000
     109705.000 ns	     10969	8000210c	0179eab3	or	x21,x19,x23	 x19:0xfffffba0 x23:0x00000000 x21=0x00000000
     109725.000 ns	     10971	80002110	03780a33	mul	x20,x16,x23	 x16:0x00000000 x23:0x00000000 x20=0x00000000
     109755.000 ns	     10974	80002114	a1de25d3	feq.s	x11,f28,f29	 f28:0x40750482 f29:0x40750482 x11=0x00000001
     109795.000 ns	     10978	80002118	1050fcd3	fmul.s	f25,f1,f5	  f1:0x80041481  f5:0x4f7fffff f25=0x8e029020
     109845.000 ns	     10983	8000211c	00e67cd3	fadd.s	f25,f12,f14	 f12:0x7fffffff f14:0x040dffc8 f25=0x7fc00000
     109885.000 ns	     10987	80002120	580af8d3	fsqrt.s	f17,f21	 f21:0x00000000 f17=0x00000000
     109905.000 ns	     10989	80002124	2df4b993	sltiu	x19,x9,735	  x9:0x7fffffff x19=0x00000000
     109915.000 ns	     10990	80002128	41a8dc13	srai	x24,x17,0x1a	 x17:0x00000000 x24=0x00000000
     109925.000 ns	     10991	8000212c	40d359b3	sra	x19,x6,x13	  x6:0x00000000 x13:0x80041024 x19=0x00000000
     109935.000 ns	     10992	80002130	558f2293	slti	x5,x30,1368	 x30:0x00000000  x5=0x00000001
     109945.000 ns	     10993	80002134	4168d233	sra	x4,x17,x22	 x17:0x00000000 x22:0x800408c2  x4=0x00000000
     109985.000 ns	     10997	80002138	086d2ad3	fsub.s	f21,f26,f6	 f26:0x00000002  f6:0x4f000408 f21=0xcf000408
     110015.000 ns	     11000	8000213c	a0492053	feq.s	x0,f18,f4	 f18:0xbf800000  f4:0x4f7fffff
     110385.000 ns	     11037	80002140	03d7e733	rem	x14,x15,x29	 x15:0x00000000 x29:0x00000582 x14=0x00000000
     111565.000 ns	     11155	80002144	58027e53	fsqrt.s	f28,f4	  f4:0x4f7fffff f28=0x47350461
     111935.000 ns	     11192	80002148	03bd5fb3	divu	x31,x26,x27	 x26:0x00000002 x27:0x00000001 x31=0x00000002
     111955.000 ns	     11194	8000214c	0012eb33	or	x22,x5,x1	  x5:0x00000001  x1:0x00000009 x22=0x00000009
     111965.000 ns	     11195	80002150	f5964497	auipc	x9,0xf5964	  x9=0x75966150
     111995.000 ns	     11198	80002154	19087753	fdiv.s	f14,f16,f16	 f16:0x7fc00000 f16:0x7fc00000 f14=0x7fc00000
     112025.000 ns	     11201	80002158	03b001b3	mul	x3,x0,x27	  x0:0x00000000 x27:0x00000001  x3=0x00000000
     112045.000 ns	     11203	8000215c	5d5c7493	andi	x9,x24,1493	 x24:0x00000000  x9=0x00000000
     112055.000 ns	     11204	80002160	01b35713	srli	x14,x6,0x1b	  x6:0x00000000 x14=0x00000000
     112075.000 ns	     11206	80002164	e00b9fd3	fclass.s	x31,f23	 f23:0x40750482 x31=0x00000040
     112095.000 ns	     11208	80002168	2d093293	sltiu	x5,x18,720	 x18:0x00000000  x5=0x00000001
     112115.000 ns	     11210	8000216c	d0117d53	fcvt.s.wu	f26,x2	  x2:0x00000000 f26=0x00000000
     112135.000 ns	     11212	80002170	6e5abeb7	lui	x29,0x6e5ab	 x29=0x6e5ab000
     112155.000 ns	     11214	80002174	c018b153	fcvt.wu.s	x2,f17	 f17:0x00000000  x2=0x00000000
     112525.000 ns	     11251	80002178	0287ddb3	divu	x27,x15,x8	 x15:0x00000000  x8:0x80040fe4 x27=0x00000000
     112545.000 ns	     11253	8000217c	01111f33	sll	x30,x2,x17	  x2:0x00000000 x17:0x00000000 x30=0x00000000
     112555.000 ns	     11254	80002180	e80fb713	sltiu	x14,x31,-384	 x31:0x00000040 x14=0x00000001
     112565.000 ns	     11255	80002184	52e1a193	slti	x3,x3,1326	  x3:0x00000000  x3=0x00000001
     112585.000 ns	     11257	80002188	d00e7cd3	fcvt.s.w	f25,x28	 x28:0x00000000 f25=0x00000000
     112615.000 ns	     11260	8000218c	e00d18d3	fclass.s	x17,f26	 f26:0x00000000 x17=0x00000010
     112645.000 ns	     11263	80002190	21239353	fsgnjn.s	f6,f7,f18	  f7:0x80000000 f18:0xbf800000  f6=0x00000000
     112675.000 ns	     11266	80002194	c012fd53	fcvt.wu.s	x26,f5	  f5:0x4f7fffff x26=0xffffff00
     112705.000 ns	     11269	80002198	e00e1e53	fclass.s	x28,f28	 f28:0x47350461 x28=0x00000040
     112735.000 ns	     11272	8000219c	03c12f33	mulhsu	x30,x2,x28	  x2:0x00000000 x28:0x00000000 x30=0x00000000
     113105.000 ns	     11309	800021a0	02395e33	divu	x28,x18,x3	 x18:0x00000000  x3:0x00000001 x28=0x00000000
     113135.000 ns	     11312	800021a4	c006fa53	fcvt.w.s	x20,f13	 f13:0x80000000 x20=0x00000000
     113155.000 ns	     11314	800021a8	00b42e33	slt	x28,x8,x11	  x8:0x80040fe4 x11:0x00000001 x28=0x00000001
     113175.000 ns	     11316	800021ac	c01609d3	fcvt.wu.s	x19,f12	 f12:0x7fffffff x19=0xffffffff
     113225.000 ns	     11321	800021b0	00b6acd3	fadd.s	f25,f13,f11	 f13:0x80000000 f11:0x80000001 f25=0x80000001
     113245.000 ns	     11323	800021b4	016d1493	slli	x9,x26,0x16	 x26:0xffffff00  x9=0xc0000000
     113285.000 ns	     11327	800021b8	09f175d3	fsub.s	f11,f2,f31	  f2:0x8dcea63b f31:0xffc00000 f11=0x7fc00000
     113305.000 ns	     11329	800021bc	00fb2eb3	slt	x29,x22,x15	 x22:0x00000009 x15:0x00000000 x29=0x00000000
     113325.000 ns	     11331	800021c0	d0044a53	fcvt.s.w	f20,x8	  x8:0x80040fe4 f20=0xcefff7e0
     113355.000 ns	     11334	800021c4	217ca953	fsgnjx.s	f18,f25,f23	 f25:0x80000001 f23:0x40750482 f18=0x80000001
     113385.000 ns	     11337	800021c8	f0018953	fmv.w.x	f18,x3	  x3:0x00000001 f18=0x00000001
     113405.000 ns	     11339	800021cc	40745613	srai	x12,x8,0x7	  x8:0x80040fe4 x12=0xff00081f
     113415.000 ns	     11340	800021d0	86e74213	xori	x4,x14,-1938	 x14:0x00000001  x4=0xfffff86f
     113425.000 ns	     11341	800021d4	000ac133	xor	x2,x21,x0	 x21:0x00000000  x0:0x00000000  x2=0x00000000
     113435.000 ns	     11342	800021d8	4162d713	srai	x14,x5,0x16	  x5:0x00000001 x14=0x00000000
     113455.000 ns	     11344	800021dc	a0569a53	flt.s	x20,f13,f5	 f13:0x80000000  f5:0x4f7fffff x20=0x00000001
     113485.000 ns	     11347	800021e0	f0050fd3	fmv.w.x	f31,x10	 x10:0x7fffffff f31=0x7fffffff
     113505.000 ns	     11349	800021e4	01075bb3	srl	x23,x14,x16	 x14:0x00000000 x16:0x00000000 x23=0x00000000
     113525.000 ns	     11351	800021e8	03a90db3	mul	x27,x18,x26	 x18:0x00000000 x26:0xffffff00 x27=0x00000000
     113545.000 ns	     11353	800021ec	4b3f6013	ori	x0,x30,1203	 x30:0x00000000
     113575.000 ns	     11356	800021f0	58034fd3	fsqrt.s	f31,f6	  f6:0x00000000 f31=0x00000000
     113605.000 ns	     11359	800021f4	e00a1c53	fclass.s	x24,f20	 f20:0xcefff7e0 x24=0x00000002
     113625.000 ns	     11361	800021f8	40c18133	sub	x2,x3,x12	  x3:0x00000001 x12:0xff00081f  x2=0x00fff7e2
     113645.000 ns	     11363	800021fc	a1fa9953	flt.s	x18,f21,f31	 f21:0xcf000408 f31:0x00000000 x18=0x00000001
     113675.000 ns	     11366	80002200	02548633	mul	x12,x9,x5	  x9:0xc0000000  x5:0x00000001 x12=0xc0000000
     113705.000 ns	     11369	80002204	02ed1233	mulh	x4,x26,x14	 x26:0xffffff00 x14:0x00000000  x4=0x00000000
     113735.000 ns	     11372	80002208	21ef8853	fsgnj.s	f16,f31,f30	 f31:0x00000000 f30:0xb034b4b7 f16=0x80000000
     113765.000 ns	     11375	8000220c	0347aeb3	mulhsu	x29,x15,x20	 x15:0x00000000 x20:0x00000001 x29=0x00000000
     113795.000 ns	     11378	80002210	d008ffd3	fcvt.s.w	f31,x17	 x17:0x00000010 f31=0x41800000
     113815.000 ns	     11380	80002214	c0cebc93	sltiu	x25,x29,-1012	 x29:0x00000000 x25=0x00000001
     113825.000 ns	     11381	80002218	00a5d4b3	srl	x9,x11,x10	 x11:0x00000001 x10:0x7fffffff  x9=0x00000000
     113835.000 ns	     11382	8000221c	50583913	sltiu	x18,x16,1285	 x16:0x00000000 x18=0x00000001
     113845.000 ns	     11383	80002220	0118a8b3	slt	x17,x17,x17	 x17:0x00000010 x17:0x00000010 x17=0x00000000
     113865.000 ns	     11385	80002224	f00a8f53	fmv.w.x	f30,x21	 x21:0x00000000 f30=0x00000000
     113895.000 ns	     11388	80002228	e0021dd3	fclass.s	x27,f4	  f4:0x4f7fffff x27=0x00000040
     113925.000 ns	     11391	8000222c	f00309d3	fmv.w.x	f19,x6	  x6:0x00000000 f19=0x00000000
     113945.000 ns	     11393	80002230	00fd9133	sll	x2,x27,x15	 x27:0x00000040 x15:0x00000000  x2=0x00000040
     113955.000 ns	     11394	80002234	0095bc33	sltu	x24,x11,x9	 x11:0x00000001  x9:0x00000000 x24=0x00000000
     113975.000 ns	     11396	80002238	d01e41d3	fcvt.s.wu	f3,x28	 x28:0x00000001  f3=0x3f800000
     113995.000 ns	     11398	8000223c	01d3b133	sltu	x2,x7,x29	  x7:0x40041014 x29:0x00000000  x2=0x00000000
     114015.000 ns	     11400	80002240	a1f982d3	fle.s	x5,f19,f31	 f19:0x00000000 f31:0x41800000  x5=0x00000001
     114045.000 ns	     11403	80002244	20281353	fsgnjn.s	f6,f16,f2	 f16:0x80000000  f2:0x8dcea63b  f6=0x00000000
     114075.000 ns	     11406	80002248	03e40c33	mul	x24,x8,x30	  x8:0x80040fe4 x30:0x00000000 x24=0x00000000
     114095.000 ns	     11408	8000224c	01ffee33	or	x28,x31,x31	 x31:0x00000040 x31:0x00000040 x28=0x00000040
     114105.000 ns	     11409	80002250	cc5d3317	auipc	x6,0xcc5d3	  x6=0x4c5d5250
     114115.000 ns	     11410	80002254	cf40cf93	xori	x31,x1,-780	  x1:0x00000009 x31=0xfffffcfd
     114125.000 ns	     11411	80002258	db847e93	andi	x29,x8,-584	  x8:0x80040fe4 x29=0x80040da0
     114145.000 ns	     11413	8000225c	d01575d3	fcvt.s.wu	f11,x10	 x10:0x7fffffff f11=0x4effffff
     114175.000 ns	     11416	80002260	e0090853	fmv.x.w	x16,f18	 f18:0x00000001 x16=0x00000001
     114515.000 ns	     11450	80002264	19dfb6d3	fdiv.s	f13,f31,f29	 f31:0x41800000 f29:0x40750482 f13=0x40cbe88a
     114535.000 ns	     11452	80002268	019af4b3	and	x9,x21,x25	 x21:0x00000000 x25:0x00000001  x9=0x00000000
     114555.000 ns	     11454	8000226c	203002d3	fsgnj.s	f5,f0,f3	  f0:0x7fc00000  f3:0x3f800000  f5=0x7fc00000
     114575.000 ns	     11456	80002270	00935293	srli	x5,x6,0x9	  x6:0x4c5d5250  x5=0x00262ea9
     114595.000 ns	     11458	80002274	204fa853	fsgnjx.s	f16,f31,f4	 f31:0x41800000  f4:0x4f7fffff f16=0x41800000
     114615.000 ns	     11460	80002278	008b1a93	slli	x21,x22,0x8	 x22:0x00000009 x21=0x00000900
     114635.000 ns	     11462	8000227c	e0039ad3	fclass.s	x21,f7	  f7:0x80000000 x21=0x00000008
     114655.000 ns	     11464	80002280	4f3f0f13	addi	x30,x30,1267	 x30:0x00000000 x30=0x000004f3
     114675.000 ns	     11466	80002284	20028253	fsgnj.s	f4,f5,f0	  f5:0x7fc00000  f0:0x7fc00000  f4=0x7fc00000
     114705.000 ns	     11469	80002288	a145a953	feq.s	x18,f11,f20	 f11:0x4effffff f20:0xcefff7e0 x18=0x00000000
     114725.000 ns	     11471	8000228c	148d3397	auipc	x7,0x148d3	  x7=0x948d528c
     114745.000 ns	     11473	80002290	02d4b333	mulhu	x6,x9,x13	  x9:0x00000000 x13:0x80041024  x6=0x00000000
     114775.000 ns	     11476	80002294	038bc933	div	x18,x23,x24	 x23:0x00000000 x24:0x00000000 x18=0xffffffff
     114795.000 ns	     11478	80002298	000c9ab3	sll	x21,x25,x0	 x25:0x00000001  x0:0x00000000 x21=0x00000001
     114805.000 ns	     11479	8000229c	40d65133	sra	x2,x12,x13	 x12:0xc0000000 x13:0x80041024  x2=0xfc000000
     114815.000 ns	     11480	800022a0	410f0133	sub	x2,x30,x16	 x30:0x000004f3 x16:0x00000001  x2=0x000004f2
     114825.000 ns	     11481	800022a4	01a6e3b3	or	x7,x13,x26	 x13:0x80041024 x26:0xffffff00  x7=0xffffff24
     114845.000 ns	     11483	800022a8	a0c8aad3	feq.s	x21,f17,f12	 f17:0x00000000 f12:0x7fffffff x21=0x00000000
     114875.000 ns	     11486	800022ac	d00679d3	fcvt.s.w	f19,x12	 x12:0xc0000000 f19=0xce800000
     114925.000 ns	     11491	800022b0	015016d3	fadd.s	f13,f0,f21	  f0:0x7fc00000 f21:0xcf000408 f13=0x7fc00000
     114955.000 ns	     11494	800022b4	039e8e33	mul	x28,x29,x25	 x29:0x80040da0 x25:0x00000001 x28=0x80040da0
     114975.000 ns	     11496	800022b8	01509fb3	sll	x31,x1,x21	  x1:0x00000009 x21:0x00000000 x31=0x00000009
     114985.000 ns	     11497	800022bc	404552b3	sra	x5,x10,x4	 x10:0x7fffffff  x4:0x00000000  x5=0x7fffffff
     114995.000 ns	     11498	800022c0	40fd83b3	sub	x7,x27,x15	 x27:0x00000040 x15:0x00000000  x7=0x00000040
     115025.000 ns	     11501	800022c4	5808fb53	fsqrt.s	f22,f17	 f17:0x00000000 f22=0x00000000
     115045.000 ns	     11503	800022c8	003629b3	slt	x19,x12,x3	 x12:0xc0000000  x3:0x00000001 x19=0x00000001
     115065.000 ns	     11505	800022cc	033f1bb3	mulh	x23,x30,x19	 x30:0x000004f3 x19:0xffffffff x23=0x00000000
     115085.000 ns	     11507	800022d0	c3d7ca13	xori	x20,x15,-963	 x15:0x00000000 x20=0xfffffc3d
     116165.000 ns	     11615	800022d4	58080953	fsqrt.s	f18,f16	 f16:0x41800000 f18=0x407fffae
     116185.000 ns	     11617	800022d8	01315393	srli	x7,x2,0x13	  x2:0x000004f2  x7=0x00000000
     116195.000 ns	     11618	800022dc	f6740f13	addi	x30,x8,-153	  x8:0x80040fe4 x30=0x80040f4b
     116205.000 ns	     11619	800022e0	00059893	slli	x17,x11,0x0	 x11:0x00000001 x17=0x00000001
     116215.000 ns	     11620	800022e4	00a887b3	add	x15,x17,x10	 x17:0x00000000 x10:0x7fffffff x15=0x80000000
     116225.000 ns	     11621	800022e8	401ed3b3	sra	x7,x29,x1	 x29:0x80040da0  x1:0x00000009  x7=0xffc00206
     116235.000 ns	     11622	800022ec	01061c93	slli	x25,x12,0x10	 x12:0xc0000000 x25=0x00000000
     116265.000 ns	     11625	800022f0	58030e53	fsqrt.s	f28,f6	  f6:0x00000000 f28=0x00000000
     116285.000 ns	     11627	800022f4	415b5213	srai	x4,x22,0x15	 x22:0x00000009  x4=0x00000000
     116305.000 ns	     11629	800022f8	e00c1353	fclass.s	x6,f24	 f24:0x00000000  x6=0x00000010
     116355.000 ns	     11634	800022fc	00b1b053	fadd.s	f0,f3,f11	  f3:0x3f800000 f11:0x4effffff  f0=0x4f000000
     116395.000 ns	     11638	80002300	580d76d3	fsqrt.s	f13,f26	 f26:0x00000000 f13=0x00000000
     116415.000 ns	     11640	80002304	01fdae33	slt	x28,x27,x31	 x27:0x00000040 x31:0x00000009 x28=0x00000000
     116445.000 ns	     11643	80002308	100b7fd3	fmul.s	f31,f22,f0	 f22:0x00000000  f0:0x4f000000 f31=0x00000000
     116465.000 ns	     11645	8000230c	a327f713	andi	x14,x15,-1486	 x15:0x80000000 x14=0x80000000
     116485.000 ns	     11647	80002310	02741d33	mulh	x26,x8,x7	  x8:0x80040fe4  x7:0xffc00206 x26=0x001ffdf9
     116505.000 ns	     11649	80002314	001e41b3	xor	x3,x28,x1	 x28:0x00000000  x1:0x00000009  x3=0x00000009
     116515.000 ns	     11650	80002318	0031be33	sltu	x28,x3,x3	  x3:0x00000001  x3:0x00000001 x28=0x00000000
     116525.000 ns	     11651	8000231c	01579833	sll	x16,x15,x21	 x15:0x80000000 x21:0x00000000 x16=0x80000000
     116545.000 ns	     11653	80002320	205aacd3	fsgnjx.s	f25,f21,f5	 f21:0xcf000408  f5:0x7fc00000 f25=0xcf000408
     116565.000 ns	     11655	80002324	972f3e93	sltiu	x29,x30,-1678	 x30:0x80040f4b x29=0x00000001
     116605.000 ns	     11659	80002328	08ac77d3	fsub.s	f15,f24,f10	 f24:0x00000000 f10:0x7fc00000 f15=0x7fc00000
     116625.000 ns	     11661	8000232c	41288033	sub	x0,x17,x18	 x17:0x00000001 x18:0xffffffff
     116645.000 ns	     11663	80002330	d0167153	fcvt.s.wu	f2,x12	 x12:0xc0000000  f2=0x4f400000
     116665.000 ns	     11665	80002334	e54fc013	xori	x0,x31,-428	 x31:0x00000009
     116675.000 ns	     11666	80002338	00b96cb3	or	x25,x18,x11	 x18:0xffffffff x11:0x00000001 x25=0xffffffff
     116685.000 ns	     11667	8000233c	a042e5b7	lui	x11,0xa042e	 x11=0xa042e000
     116705.000 ns	     11669	80002340	0368b233	mulhu	x4,x17,x22	 x17:0x00000001 x22:0x00000009  x4=0x00000000
     116735.000 ns	     11672	80002344	a0991f53	flt.s	x30,f18,f9	 f18:0x407fffae  f9:0x3f7fffae x30=0x00000000
     116765.000 ns	     11675	80002348	28459fd3	fmax.s	f31,f11,f4	 f11:0x4effffff  f4:0x7fc00000 f31=0x4effffff
     117135.000 ns	     11712	8000234c	0308d7b3	divu	x15,x17,x16	 x17:0x00000001 x16:0x80000000 x15=0x00000000
     117165.000 ns	     11715	80002350	20eaaad3	fsgnjx.s	f21,f21,f14	 f21:0xcf000408 f14:0x7fc00000 f21=0xcf000408
     117215.000 ns	     11720	80002354	09832cd3	fsub.s	f25,f6,f24	  f6:0x00000000 f24:0x00000000 f25=0x80000000
     117235.000 ns	     11722	80002358	007eacb3	slt	x25,x29,x7	 x29:0x00000001  x7:0xffc00206 x25=0x00000000
     117255.000 ns	     11724	8000235c	c018f153	fcvt.wu.s	x2,f17	 f17:0x00000000  x2=0x00000000
     117275.000 ns	     11726	80002360	01af9cb3	sll	x25,x31,x26	 x31:0x00000009 x26:0x001ffdf9 x25=0x12000000
     117295.000 ns	     11728	80002364	a1c39253	flt.s	x4,f7,f28	  f7:0x80000000 f28:0x00000000  x4=0x00000000
     117325.000 ns	     11731	80002368	d00eccd3	fcvt.s.w	f25,x29	 x29:0x00000001 f25=0x3f800000
     117355.000 ns	     11734	8000236c	200b9ed3	fsgnjn.s	f29,f23,f0	 f23:0x40750482  f0:0x4f000000 f29=0xc0750482
     117375.000 ns	     11736	80002370	6ca79117	auipc	x2,0x6ca79	  x2=0xeca7b370
     117735.000 ns	     11772	80002374	02686033	rem	x0,x16,x6	 x16:0x80000000  x6:0x00000010
     117765.000 ns	     11775	80002378	a1b11ad3	flt.s	x21,f2,f27	  f2:0x4f400000 f27:0x7fc00000 x21=0x00000000
     117795.000 ns	     11778	8000237c	a0150753	fle.s	x14,f10,f1	 f10:0x7fc00000  f1:0x80041481 x14=0x00000000
     117815.000 ns	     11780	80002380	008a24b3	slt	x9,x20,x8	 x20:0xfffffc3d  x8:0x80040fe4  x9=0x00000000
     117835.000 ns	     11782	80002384	a062a5d3	feq.s	x11,f5,f6	  f5:0x7fc00000  f6:0x00000000 x11=0x00000000
     118205.000 ns	     11819	80002388	03a36633	rem	x12,x6,x26	  x6:0x00000010 x26:0x001ffdf9 x12=0x00000010
     118225.000 ns	     11821	8000238c	01276833	or	x16,x14,x18	 x14:0x00000000 x18:0xffffffff x16=0xffffffff
     118235.000 ns	     11822	80002390	ba5cfd17	auipc	x26,0xba5cf	 x26=0x3a5d1390
     118275.000 ns	     11826	80002394	098cb753	fsub.s	f14,f25,f24	 f25:0x3f800000 f24:0x00000000 f14=0x3f800000
     118305.000 ns	     11829	80002398	d01e7253	fcvt.s.wu	f4,x28	 x28:0x00000000  f4=0x00000000
     118325.000 ns	     11831	8000239c	eb22d8b7	lui	x17,0xeb22d	 x17=0xeb22d000
     118335.000 ns	     11832	800023a0	0062b033	sltu	x0,x5,x6	  x5:0x7fffffff  x6:0x00000010
     118345.000 ns	     11833	800023a4	00fee2b3	or	x5,x29,x15	 x29:0x00000001 x15:0x00000000  x5=0x00000001
     118355.000 ns	     11834	800023a8	01c38c33	add	x24,x7,x28	  x7:0xffc00206 x28:0x00000000 x24=0xffc00206
     118365.000 ns	     11835	800023ac	fc37acb7	lui	x25,0xfc37a	 x25=0xfc37a000
     118375.000 ns	     11836	800023b0	012855b3	srl	x11,x16,x18	 x16:0xffffffff x18:0xffffffff x11=0x00000001
     118395.000 ns	     11838	800023b4	03c3d633	divu	x12,x7,x28	  x7:0xffc00206 x28:0x00000000 x12=0xffffffff
     118415.000 ns	     11840	800023b8	62e9c8b7	lui	x17,0x62e9c	 x17=0x62e9c000
     118435.000 ns	     11842	800023bc	c0047853	fcvt.w.s	x16,f8	  f8:0x4f4a97be x16=0x7fffffff
     118465.000 ns	     11845	800023c0	d0160453	fcvt.s.wu	f8,x12	 x12:0xffffffff  f8=0x4f800000
     118835.000 ns	     11882	800023c4	025ec233	div	x4,x29,x5	 x29:0x00000001  x5:0x00000001  x4=0x00000001
     118865.000 ns	     11885	800023c8	035a49b3	div	x19,x20,x21	 x20:0xfffffc3d x21:0x00000000 x19=0xffffffff
     118895.000 ns	     11888	800023cc	28130bd3	fmin.s	f23,f6,f1	  f6:0x00000000  f1:0x80041481 f23=0x80041481
     118925.000 ns	     11891	800023d0	d0073d53	fcvt.s.w	f26,x14	 x14:0x00000000 f26=0x00000000
     118965.000 ns	     11895	800023d4	119bf253	fmul.s	f4,f23,f25	 f23:0x80041481 f25:0x3f800000  f4=0x80041482
     120145.000 ns	     12013	800023d8	580074d3	fsqrt.s	f9,f0	  f0:0x4f000000  f9=0x46b50482
     120165.000 ns	     12015	800023dc	d5cf8f93	addi	x31,x31,-676	 x31:0x00000009 x31=0xfffffd65
     120175.000 ns	     12016	800023e0	00e778b3	and	x17,x14,x14	 x14:0x00000000 x14:0x00000000 x17=0x00000000
     120195.000 ns	     12018	800023e4	e00697d3	fclass.s	x15,f13	 f13:0x00000000 x15=0x00000010
     120245.000 ns	     12023	800023e8	09f5a753	fsub.s	f14,f11,f31	 f11:0x4effffff f31:0x4effffff f14=0x80000000
     120275.000 ns	     12026	800023ec	29af9a53	fmax.s	f20,f31,f26	 f31:0x4effffff f26:0x00000000 f20=0x4effffff
     120295.000 ns	     12028	800023f0	0184e1b3	or	x3,x9,x24	  x9:0x00000000 x24:0xffc00206  x3=0xffc00206
     120305.000 ns	     12029	800023f4	9dc5ea93	ori	x21,x11,-1572	 x11:0x00000001 x21=0xfffff9dd
     120315.000 ns	     12030	800023f8	005adab3	srl	x21,x21,x5	 x21:0x00000000  x5:0x00000001 x21=0x7ffffcee
     120335.000 ns	     12032	800023fc	d003ffd3	fcvt.s.w	f31,x7	  x7:0xffc00206 f31=0xca7ff7e8
     120375.000 ns	     12036	80002400	1851ff53	fdiv.s	f30,f3,f5	  f3:0x3f800000  f5:0x7fc00000 f30=0x7fc00000
     120405.000 ns	     12039	80002404	02f4afb3	mulhsu	x31,x9,x15	  x9:0x00000000 x15:0x00000010 x31=0x00000000
     120425.000 ns	     12041	80002408	009ac8b3	xor	x17,x21,x9	 x21:0x7ffffcee  x9:0x00000000 x17=0x7ffffcee
     120445.000 ns	     12043	8000240c	29641b53	fmax.s	f22,f8,f22	  f8:0x4f800000 f22:0x00000000 f22=0x4f800000
     120815.000 ns	     12080	80002410	03485eb3	divu	x29,x16,x20	 x16:0x7fffffff x20:0xfffffc3d x29=0x00000000
     120835.000 ns	     12082	80002414	bbf5fc93	andi	x25,x11,-1089	 x11:0x00000001 x25=0x00000001
     120855.000 ns	     12084	80002418	e00a81d3	fmv.x.w	x3,f21	 f21:0xcf000408  x3=0xcf000408
     120885.000 ns	     12087	8000241c	f00f8853	fmv.w.x	f16,x31	 x31:0x00000000 f16=0x00000000
     120905.000 ns	     12089	80002420	005ba533	slt	x10,x23,x5	 x23:0x00000000  x5:0x00000001 x10=0x00000001
     120925.000 ns	     12091	80002424	c01a83d3	fcvt.wu.s	x7,f21	 f21:0xcf000408  x7=0x80040800
     120945.000 ns	     12093	80002428	00000013	addi	x0,x0,0	  x0:0x00000000
     120965.000 ns	     12095	8000242c	a0c127d3	feq.s	x15,f2,f12	  f2:0x4f400000 f12:0x7fffffff x15=0x00000000
     120995.000 ns	     12098	80002430	e0021353	fclass.s	x6,f4	  f4:0x80041482  x6=0x00000004
     121045.000 ns	     12103	80002434	015aabd3	fadd.s	f23,f21,f21	 f21:0xcf000408 f21:0xcf000408 f23=0xcf800408
     121065.000 ns	     12105	80002438	1b2ff493	andi	x9,x31,434	 x31:0x00000000  x9=0x00000000
     121075.000 ns	     12106	8000243c	074f7613	andi	x12,x30,116	 x30:0x00000000 x12=0x00000000
     121115.000 ns	     12110	80002440	0998f9d3	fsub.s	f19,f17,f25	 f17:0x00000000 f25:0x3f800000 f19=0xbf800000
     121135.000 ns	     12112	80002444	01ad5c13	srli	x24,x26,0x1a	 x26:0x3a5d1390 x24=0x0000000e
     121155.000 ns	     12114	80002448	e0088653	fmv.x.w	x12,f17	 f17:0x00000000 x12=0x00000000
     121205.000 ns	     12119	8000244c	096e3fd3	fsub.s	f31,f28,f22	 f28:0x00000000 f22:0x4f800000 f31=0xcf800000
     121235.000 ns	     12122	80002450	c0017753	fcvt.w.s	x14,f2	  f2:0x4f400000 x14=0x7fffffff
     121255.000 ns	     12124	80002454	01f76f33	or	x30,x14,x31	 x14:0x00000000 x31:0x00000000 x30=0x7fffffff
     121275.000 ns	     12126	80002458	e0031353	fclass.s	x6,f6	  f6:0x00000000  x6=0x00000010
     121325.000 ns	     12131	8000245c	01138fd3	fadd.s	f31,f7,f17	  f7:0x80000000 f17:0x00000000 f31=0x00000000
     121355.000 ns	     12134	80002460	a1220ad3	fle.s	x21,f4,f18	  f4:0x80041482 f18:0x407fffae x21=0x00000001
     121395.000 ns	     12138	80002464	106373d3	fmul.s	f7,f6,f6	  f6:0x00000000  f6:0x00000000  f7=0x00000000
     121415.000 ns	     12140	80002468	0097da33	srl	x20,x15,x9	 x15:0x00000000  x9:0x00000000 x20=0x00000000
     121455.000 ns	     12144	8000246c	08b978d3	fsub.s	f17,f18,f11	 f18:0x407fffae f11:0x4effffff f17=0xcefffffe
     121825.000 ns	     12181	80002470	021f6fb3	rem	x31,x30,x1	 x30:0x7fffffff  x1:0x00000009 x31=0x00000001
     121845.000 ns	     12183	80002474	ff882297	auipc	x5,0xff882	  x5=0x7f884474
     121865.000 ns	     12185	80002478	f0070ed3	fmv.w.x	f29,x14	 x14:0x7fffffff f29=0x7fffffff
     121895.000 ns	     12188	8000247c	a06693d3	flt.s	x7,f13,f6	 f13:0x00000000  f6:0x00000000  x7=0x00000000
     121925.000 ns	     12191	80002480	204fa553	fsgnjx.s	f10,f31,f4	 f31:0x00000000  f4:0x80041482 f10=0x80000000
     121955.000 ns	     12194	80002484	02889d33	mulh	x26,x17,x8	 x17:0x7ffffcee  x8:0x80040fe4 x26=0xc002097a
     121985.000 ns	     12197	80002488	20141ed3	fsgnjn.s	f29,f8,f1	  f8:0x4f800000  f1:0x80041481 f29=0x4f800000
     122035.000 ns	     12202	8000248c	01b3fb53	fadd.s	f22,f7,f27	  f7:0x00000000 f27:0x7fc00000 f22=0x7fc00000
     122055.000 ns	     12204	80002490	018249b3	xor	x19,x4,x24	  x4:0x00000001 x24:0x0000000e x19=0x0000000f
     122075.000 ns	     12206	80002494	c016f1d3	fcvt.wu.s	x3,f13	 f13:0x00000000  x3=0x00000000
     122105.000 ns	     12209	80002498	20ec2153	fsgnjx.s	f2,f24,f14	 f24:0x00000000 f14:0x80000000  f2=0x80000000
     122125.000 ns	     12211	8000249c	9cd94c97	auipc	x25,0x9cd94	 x25=0x1cd9649c
     122145.000 ns	     12213	800024a0	f00f08d3	fmv.w.x	f17,x30	 x30:0x7fffffff f17=0x7fffffff
     122165.000 ns	     12215	800024a4	31f8cc17	auipc	x24,0x31f8c	 x24=0xb1f8e4a4
     122525.000 ns	     12251	800024a8	03ac57b3	divu	x15,x24,x26	 x24:0x0000000e x26:0xc002097a x15=0x00000000
     122555.000 ns	     12254	800024ac	a1bd99d3	flt.s	x19,f27,f27	 f27:0x7fc00000 f27:0x7fc00000 x19=0x00000000
     122925.000 ns	     12291	800024b0	0325d033	divu	x0,x11,x18	 x11:0x00000001 x18:0xffffffff
     122955.000 ns	     12294	800024b4	a0e22853	feq.s	x16,f4,f14	  f4:0x80041482 f14:0x80000000 x16=0x00000000
     122985.000 ns	     12297	800024b8	f00c0453	fmv.w.x	f8,x24	 x24:0xb1f8e4a4  f8=0xb1f8e4a4
     123005.000 ns	     12299	800024bc	d17eb493	sltiu	x9,x29,-745	 x29:0x00000000  x9=0x00000001
     123025.000 ns	     12301	800024c0	29678953	fmin.s	f18,f15,f22	 f15:0x7fc00000 f22:0x7fc00000 f18=0x7fc00000
     123065.000 ns	     12305	800024c4	580b9653	fsqrt.s	f12,f23	 f23:0xcf800408 f12=0x7fc00000
     123085.000 ns	     12307	800024c8	01e64ab3	xor	x21,x12,x30	 x12:0x00000000 x30:0x7fffffff x21=0x7fffffff
     123105.000 ns	     12309	800024cc	0273e7b3	rem	x15,x7,x7	  x7:0x00000000  x7:0x00000000 x15=0x00000000
     123135.000 ns	     12312	800024d0	209217d3	fsgnjn.s	f15,f4,f9	  f4:0x80041482  f9:0x46b50482 f15=0x80041482
     123165.000 ns	     12315	800024d4	03337b33	remu	x22,x6,x19	  x6:0x00000010 x19:0x00000000 x22=0x00000010
     123195.000 ns	     12318	800024d8	a1afa753	feq.s	x14,f31,f26	 f31:0x00000000 f26:0x00000000 x14=0x00000001
     123215.000 ns	     12320	800024dc	6094b517	auipc	x10,0x6094b	 x10=0xe094d4dc
     123225.000 ns	     12321	800024e0	00031c33	sll	x24,x6,x0	  x6:0x00000010  x0:0x00000000 x24=0x00000010
     123235.000 ns	     12322	800024e4	368f7617	auipc	x12,0x368f7	 x12=0xb68f94e4
     123255.000 ns	     12324	800024e8	a12d9053	flt.s	x0,f27,f18	 f27:0x7fc00000 f18:0x7fc00000
     123625.000 ns	     12361	800024ec	02c26633	rem	x12,x4,x12	  x4:0x00000001 x12:0x00000000 x12=0x00000001
     123645.000 ns	     12363	800024f0	2aae7313	andi	x6,x28,682	 x28:0x00000000  x6=0x00000000
     123655.000 ns	     12364	800024f4	1638ca13	xori	x20,x17,355	 x17:0x7ffffcee x20=0x7ffffd8d
     123675.000 ns	     12366	800024f8	c01678d3	fcvt.wu.s	x17,f12	 f12:0x7fc00000 x17=0xffffffff
     123705.000 ns	     12369	800024fc	c0182753	fcvt.wu.s	x14,f16	 f16:0x00000000 x14=0x00000000
     123735.000 ns	     12372	80002500	03c7ae33	mulhsu	x28,x15,x28	 x15:0x00000000 x28:0x00000000 x28=0x00000000
     124105.000 ns	     12409	80002504	03804d33	div	x26,x0,x24	  x0:0x00000000 x24:0x00000010 x26=0x00000000
     124135.000 ns	     12412	80002508	e0018d53	fmv.x.w	x26,f3	  f3:0x3f800000 x26=0x3f800000
     124155.000 ns	     12414	8000250c	00041c37	lui	x24,0x41	 x24=0x00041000
     124165.000 ns	     12415	80002510	50060e93	addi	x29,x12,1280	 x12:0x00000001 x29=0x00000501
     124175.000 ns	     12416	80002514	418a0d33	sub	x26,x20,x24	 x20:0x7ffffd8d x24:0x00000010 x26=0x7ffbed8d
     124195.000 ns	     12418	80002518	c0001653	fcvt.w.s	x12,f0	  f0:0x4f000000 x12=0x7fffffff
     124225.000 ns	     12421	8000251c	02bf2033	mulhsu	x0,x30,x11	 x30:0x7fffffff x11:0x00000001
     124255.000 ns	     12424	80002520	20409553	fsgnjn.s	f10,f1,f4	  f1:0x80041481  f4:0x80041482 f10=0x00041481
     124275.000 ns	     12426	80002524	011b42b3	xor	x5,x22,x17	 x22:0x00000010 x17:0xffffffff  x5=0xffffffef
     124295.000 ns	     12428	80002528	e0051f53	fclass.s	x30,f10	 f10:0x00041481 x30=0x00000020
     124315.000 ns	     12430	8000252c	82f06497	auipc	x9,0x82f06	  x9=0x02f0852c
     125485.000 ns	     12547	80002530	580195d3	fsqrt.s	f11,f3	  f3:0x3f800000 f11=0x3f7fffae
     125515.000 ns	     12550	80002534	03a027b3	mulhsu	x15,x0,x26	  x0:0x00000000 x26:0x7ffbed8d x15=0x00000000
     125535.000 ns	     12552	80002538	00341a33	sll	x20,x8,x3	  x8:0x80040fe4  x3:0x00000000 x20=0x80040fe4
     125545.000 ns	     12553	8000253c	0128ad33	slt	x26,x17,x18	 x17:0xffffffff x18:0xffffffff x26=0x00000000
     125565.000 ns	     12555	80002540	214a8b53	fsgnj.s	f22,f21,f20	 f21:0xcf000408 f20:0x4effffff f22=0x4f000408
     125605.000 ns	     12559	80002544	5807b2d3	fsqrt.s	f5,f15	 f15:0x80041482  f5=0x7fc00000
     125655.000 ns	     12564	80002548	00c7f2d3	fadd.s	f5,f15,f12	 f15:0x80041482 f12:0x7fc00000  f5=0x7fc00000
     125675.000 ns	     12566	8000254c	00768c33	add	x24,x13,x7	 x13:0x80041024  x7:0x00000000 x24=0x80041024
     125695.000 ns	     12568	80002550	d016f253	fcvt.s.wu	f4,x13	 x13:0x80041024  f4=0x4f000410
     125725.000 ns	     12571	80002554	c01af3d3	fcvt.wu.s	x7,f21	 f21:0xcf000408  x7=0x80040800
     125745.000 ns	     12573	80002558	fc536c93	ori	x25,x6,-59	  x6:0x00000000 x25=0xffffffc5
     125755.000 ns	     12574	8000255c	b3712393	slti	x7,x2,-1225	  x2:0xeca7b370  x7=0x00000001
     126115.000 ns	     12610	80002560	027254b3	divu	x9,x4,x7	  x4:0x00000001  x7:0x80040800  x9=0x00000001
     126145.000 ns	     12613	80002564	a061a8d3	feq.s	x17,f3,f6	  f3:0x3f800000  f6:0x00000000 x17=0x00000000
     126175.000 ns	     12616	80002568	c003ff53	fcvt.w.s	x30,f7	  f7:0x00000000 x30=0x00000000
     126195.000 ns	     12618	8000256c	417c8233	sub	x4,x25,x23	 x25:0xffffffc5 x23:0x00000000  x4=0xffffffc5
     126215.000 ns	     12620	80002570	031467b3	rem	x15,x8,x17	  x8:0x80040fe4 x17:0x00000000 x15=0x80040fe4
     126235.000 ns	     12622	80002574	efcbb913	sltiu	x18,x23,-260	 x23:0x00000000 x18=0x00000001
     126245.000 ns	     12623	80002578	bb2d8d13	addi	x26,x27,-1102	 x27:0x00000040 x26=0xfffffbf2
     126255.000 ns	     12624	8000257c	01246233	or	x4,x8,x18	  x8:0x80040fe4 x18:0xffffffff  x4=0x80040fe5
     126265.000 ns	     12625	80002580	00000013	addi	x0,x0,0	  x0:0x00000000
     126275.000 ns	     12626	80002584	ef8b6393	ori	x7,x22,-264	 x22:0x00000010  x7=0xfffffef8
     126295.000 ns	     12628	80002588	f0000953	fmv.w.x	f18,x0	  x0:0x00000000 f18=0x00000000
     126325.000 ns	     12631	8000258c	c01eaa53	fcvt.wu.s	x20,f29	 f29:0x4f800000 x20=0x00000000
     126375.000 ns	     12636	80002590	09defc53	fsub.s	f24,f29,f29	 f29:0x4f800000 f29:0x4f800000 f24=0x80000000
     126405.000 ns	     12639	80002594	037875b3	remu	x11,x16,x23	 x16:0x00000000 x23:0x00000000 x11=0x00000000
     126435.000 ns	     12642	80002598	d015a3d3	fcvt.s.wu	f7,x11	 x11:0x00000001  f7=0x00000000
     126455.000 ns	     12644	8000259c	01738c33	add	x24,x7,x23	  x7:0xfffffef8 x23:0x00000000 x24=0xfffffef8
     126815.000 ns	     12680	800025a0	03a8f733	remu	x14,x17,x26	 x17:0x00000000 x26:0xfffffbf2 x14=0x00000000
     126845.000 ns	     12683	800025a4	a0c10f53	fle.s	x30,f2,f12	  f2:0x80000000 f12:0x7fc00000 x30=0x00000000
     126865.000 ns	     12685	800025a8	002832b3	sltu	x5,x16,x2	 x16:0x00000000  x2:0xeca7b370  x5=0x00000001
     126875.000 ns	     12686	800025ac	01ad9593	slli	x11,x27,0x1a	 x27:0x00000040 x11=0x00000000
     126885.000 ns	     12687	800025b0	40dcdcb3	sra	x25,x25,x13	 x25:0xffffffc5 x13:0x80041024 x25=0xfffffffc
     126905.000 ns	     12689	800025b4	0398b9b3	mulhu	x19,x17,x25	 x17:0x00000000 x25:0xffffffc5 x19=0x00000000
     126925.000 ns	     12691	800025b8	014d5113	srli	x2,x26,0x14	 x26:0xfffffbf2  x2=0x00000fff
     126935.000 ns	     12692	800025bc	0164e133	or	x2,x9,x22	  x9:0x00000001 x22:0x00000010  x2=0x00000011
     126955.000 ns	     12694	800025c0	02c89ab3	mulh	x21,x17,x12	 x17:0x00000000 x12:0x7fffffff x21=0x00000000
     126975.000 ns	     12696	800025c4	2322ce93	xori	x29,x5,562	  x5:0x00000001 x29=0x00000233
     126985.000 ns	     12697	800025c8	417c5713	srai	x14,x24,0x17	 x24:0xfffffef8 x14=0xffffffff
     127005.000 ns	     12699	800025cc	210e21d3	fsgnjx.s	f3,f28,f16	 f28:0x00000000 f16:0x00000000  f3=0x00000000
     127025.000 ns	     12701	800025d0	09a9e593	ori	x11,x19,154	 x19:0x00000000 x11=0x0000009a
     127035.000 ns	     12702	800025d4	de9b8913	addi	x18,x23,-535	 x23:0x00000000 x18=0xfffffde9
     127045.000 ns	     12703	800025d8	01392bb3	slt	x23,x18,x19	 x18:0x00000001 x19:0x00000000 x23=0x00000001
     127075.000 ns	     12706	800025dc	100943d3	fmul.s	f7,f18,f0	 f18:0x00000000  f0:0x4f000000  f7=0x00000000
     127095.000 ns	     12708	800025e0	9e08e393	ori	x7,x17,-1568	 x17:0x00000000  x7=0xfffff9e0
     127455.000 ns	     12744	800025e4	03b4df33	divu	x30,x9,x27	  x9:0x00000001 x27:0x00000040 x30=0x00000000
     127475.000 ns	     12746	800025e8	00289593	slli	x11,x17,0x2	 x17:0x00000000 x11=0x00000000
     127485.000 ns	     12747	800025ec	00000013	addi	x0,x0,0	  x0:0x00000000
     127495.000 ns	     12748	800025f0	6b466b13	ori	x22,x12,1716	 x12:0x7fffffff x22=0x7fffffff
     127515.000 ns	     12750	800025f4	a0bfa9d3	feq.s	x19,f31,f11	 f31:0x00000000 f11:0x3f7fffae x19=0x00000000
     127545.000 ns	     12753	800025f8	03c16933	rem	x18,x2,x28	  x2:0x00000011 x28:0x00000000 x18=0x00000011
     127565.000 ns	     12755	800025fc	18447c13	andi	x24,x8,388	  x8:0x80040fe4 x24=0x00000184
     127595.000 ns	     12758	80002600	10098d53	fmul.s	f26,f19,f0	 f19:0xbf800000  f0:0x4f000000 f26=0xcf000000
     127615.000 ns	     12760	80002604	00c15c93	srli	x25,x2,0xc	  x2:0x00000011 x25=0x00000000
     127625.000 ns	     12761	80002608	f7298393	addi	x7,x19,-142	 x19:0x00000000  x7=0xffffff72
     127645.000 ns	     12763	8000260c	c00cb5d3	fcvt.w.s	x11,f25	 f25:0x3f800000 x11=0x00000001
     128015.000 ns	     12800	80002610	0270ce33	div	x28,x1,x7	  x1:0x00000009  x7:0xfffff9e0 x28=0x00000000
     128035.000 ns	     12802	80002614	01617d33	and	x26,x2,x22	  x2:0x00000011 x22:0x7fffffff x26=0x00000011
     128045.000 ns	     12803	80002618	e6df7d93	andi	x27,x30,-403	 x30:0x00000000 x27=0x00000000
     128055.000 ns	     12804	8000261c	f2e6ef13	ori	x30,x13,-210	 x13:0x80041024 x30=0xffffff2e
     128065.000 ns	     12805	80002620	41905a33	sra	x20,x0,x25	  x0:0x00000000 x25:0x00000000 x20=0x00000000
     128085.000 ns	     12807	80002624	219424d3	fsgnjx.s	f9,f8,f25	  f8:0xb1f8e4a4 f25:0x3f800000  f9=0xb1f8e4a4
     128135.000 ns	     12812	80002628	09eb90d3	fsub.s	f1,f23,f30	 f23:0xcf800408 f30:0x7fc00000  f1=0x7fc00000
     128165.000 ns	     12815	8000262c	20dd9a53	fsgnjn.s	f20,f27,f13	 f27:0x7fc00000 f13:0x00000000 f20=0xffc00000
     128185.000 ns	     12817	80002630	00c35633	srl	x12,x6,x12	  x6:0x00000000 x12:0x7fffffff x12=0x00000000
     128205.000 ns	     12819	80002634	03546bb3	rem	x23,x8,x21	  x8:0x80040fe4 x21:0x00000000 x23=0x80040fe4
     128225.000 ns	     12821	80002638	01ee5d13	srli	x26,x28,0x1e	 x28:0x00000000 x26=0x00000000
     128245.000 ns	     12823	8000263c	213c88d3	fsgnj.s	f17,f25,f19	 f25:0x3f800000 f19:0xbf800000 f17=0xbf800000
     128285.000 ns	     12827	80002640	101d7453	fmul.s	f8,f26,f1	 f26:0xcf000000  f1:0x7fc00000  f8=0x7fc00000
     128315.000 ns	     12830	80002644	20c98453	fsgnj.s	f8,f19,f12	 f19:0xbf800000 f12:0x7fc00000  f8=0x3f800000
     128335.000 ns	     12832	80002648	403004b3	sub	x9,x0,x3	  x0:0x00000000  x3:0x00000000  x9=0x00000000
     128345.000 ns	     12833	8000264c	408ed033	sra	x0,x29,x8	 x29:0x00000233  x8:0x80040fe4
     128355.000 ns	     12834	80002650	01fff333	and	x6,x31,x31	 x31:0x00000001 x31:0x00000001  x6=0x00000001
     128365.000 ns	     12835	80002654	a89f4a13	xori	x20,x30,-1399	 x30:0xffffff2e x20=0x000005a7
     129535.000 ns	     12952	80002658	580478d3	fsqrt.s	f17,f8	  f8:0x3f800000 f17=0x3f7fffae
     129555.000 ns	     12954	8000265c	01d79c13	slli	x24,x15,0x1d	 x15:0x80040fe4 x24=0x80000000
     129565.000 ns	     12955	80002660	00405bb3	srl	x23,x0,x4	  x0:0x00000000  x4:0x80040fe5 x23=0x00000000
     129575.000 ns	     12956	80002664	00d19193	slli	x3,x3,0xd	  x3:0x00000000  x3=0x00000000
     129595.000 ns	     12958	80002668	c008f853	fcvt.w.s	x16,f17	 f17:0x3f7fffae x16=0x00000000
     129615.000 ns	     12960	8000266c	00bf1793	slli	x15,x30,0xb	 x30:0xffffff2e x15=0xfff97000
     129625.000 ns	     12961	80002670	a800f613	andi	x12,x1,-1408	  x1:0x00000009 x12=0x00000000
     129635.000 ns	     12962	80002674	00121d13	slli	x26,x4,0x1	  x4:0x80040fe5 x26=0x00081fca
     129655.000 ns	     12964	80002678	f0068dd3	fmv.w.x	f27,x13	 x13:0x80041024 f27=0x80041024
     129675.000 ns	     12966	8000267c	4054d4b3	sra	x9,x9,x5	  x9:0x00000000  x5:0x00000001  x9=0x00000000
     129685.000 ns	     12967	80002680	01b38fb3	add	x31,x7,x27	  x7:0xffffff72 x27:0x00000000 x31=0xffffff72
     129705.000 ns	     12969	80002684	0243ac33	mulhsu	x24,x7,x4	  x7:0xffffff72  x4:0x80040fe5 x24=0xffffffb8
     129735.000 ns	     12972	80002688	a18e0a53	fle.s	x20,f28,f24	 f28:0x00000000 f24:0x80000000 x20=0x00000001
     129785.000 ns	     12977	8000268c	00c903d3	fadd.s	f7,f18,f12	 f18:0x00000000 f12:0x7fc00000  f7=0x7fc00000
     129805.000 ns	     12979	80002690	41fedc13	srai	x24,x29,0x1f	 x29:0x00000233 x24=0x00000000
     129825.000 ns	     12981	80002694	206c1ed3	fsgnjn.s	f29,f24,f6	 f24:0x80000000  f6:0x00000000 f29=0x80000000
     129845.000 ns	     12983	80002698	00715333	srl	x6,x2,x7	  x2:0x00000011  x7:0xffffff72  x6=0x00000000
     129865.000 ns	     12985	8000269c	f00286d3	fmv.w.x	f13,x5	  x5:0x00000001 f13=0x00000001
     129885.000 ns	     12987	800026a0	0118b2b3	sltu	x5,x17,x17	 x17:0x00000000 x17:0x00000000  x5=0x00000000
     129895.000 ns	     12988	800026a4	053c7f93	andi	x31,x24,83	 x24:0x00000000 x31=0x00000000
     129905.000 ns	     12989	800026a8	00519033	sll	x0,x3,x5	  x3:0x00000000  x5:0x00000001
     129925.000 ns	     12991	800026ac	f00709d3	fmv.w.x	f19,x14	 x14:0xffffffff f19=0xffffffff
     129945.000 ns	     12993	800026b0	019b1c13	slli	x24,x22,0x19	 x22:0x7fffffff x24=0xfe000000
     129955.000 ns	     12994	800026b4	01a728b3	slt	x17,x14,x26	 x14:0xffffffff x26:0x00081fca x17=0x00000001
     129965.000 ns	     12995	800026b8	00000013	addi	x0,x0,0	  x0:0x00000000
     129975.000 ns	     12996	800026bc	00000013	addi	x0,x0,0	  x0:0x00000000
     129985.000 ns	     12997	800026c0	00d98933	add	x18,x19,x13	 x19:0x00000000 x13:0x80041024 x18=0x80041024
     130005.000 ns	     12999	800026c4	030b17b3	mulh	x15,x22,x16	 x22:0x7fffffff x16:0x00000000 x15=0x00000000
     130035.000 ns	     13002	800026c8	21b58dd3	fsgnj.s	f27,f11,f27	 f11:0x3f7fffae f27:0x80041024 f27=0xbf7fffae
     130055.000 ns	     13004	800026cc	009c5113	srli	x2,x24,0x9	 x24:0xfe000000  x2=0x007f0000
     130075.000 ns	     13006	800026d0	03b644b3	div	x9,x12,x27	 x12:0x00000000 x27:0x00000000  x9=0xffffffff
     130095.000 ns	     13008	800026d4	00000013	addi	x0,x0,0	  x0:0x00000000
     130125.000 ns	     13011	800026d8	10553c53	fmul.s	f24,f10,f5	 f10:0x00041481  f5:0x7fc00000 f24=0x7fc00000
     130145.000 ns	     13013	800026dc	008c4b33	xor	x22,x24,x8	 x24:0xfe000000  x8:0x80040fe4 x22=0x7e040fe4
     130155.000 ns	     13014	800026e0	00d3ff33	and	x30,x7,x13	  x7:0xffffff72 x13:0x80041024 x30=0x80041020
     130175.000 ns	     13016	800026e4	02c16fb3	rem	x31,x2,x12	  x2:0x007f0000 x12:0x00000000 x31=0x007f0000
     130205.000 ns	     13019	800026e8	0391b133	mulhu	x2,x3,x25	  x3:0x00000000 x25:0x00000000  x2=0x00000000
     130235.000 ns	     13022	800026ec	287b9e53	fmax.s	f28,f23,f7	 f23:0xcf800408  f7:0x7fc00000 f28=0xcf800408
     130265.000 ns	     13025	800026f0	214a06d3	fsgnj.s	f13,f20,f20	 f20:0xffc00000 f20:0xffc00000 f13=0xffc00000
     130285.000 ns	     13027	800026f4	dd33c593	xori	x11,x7,-557	  x7:0xffffff72 x11=0x000002a1
     130295.000 ns	     13028	800026f8	008dc5b3	xor	x11,x27,x8	 x27:0x00000000  x8:0x80040fe4 x11=0x80040fe4
     130315.000 ns	     13030	800026fc	03a104b3	mul	x9,x2,x26	  x2:0x00000000 x26:0x00081fca  x9=0x00000000
     130335.000 ns	     13032	80002700	41655493	srai	x9,x10,0x16	 x10:0xe094d4dc  x9=0xffffff82
     130355.000 ns	     13034	80002704	d005cad3	fcvt.s.w	f21,x11	 x11:0x80040fe4 f21=0xcefff7e0
     130385.000 ns	     13037	80002708	03d12933	mulhsu	x18,x2,x29	  x2:0x00000000 x29:0x00000233 x18=0x00000000
     130415.000 ns	     13040	8000270c	20f803d3	fsgnj.s	f7,f16,f15	 f16:0x00000000 f15:0x80041482  f7=0x80000000
     130435.000 ns	     13042	80002710	6ff1e713	ori	x14,x3,1791	  x3:0x00000000 x14=0x000006ff
     130445.000 ns	     13043	80002714	f037a313	slti	x6,x15,-253	 x15:0x00000000  x6=0x00000000
     130455.000 ns	     13044	80002718	011e1b33	sll	x22,x28,x17	 x28:0x00000000 x17:0x00000001 x22=0x00000000
     130485.000 ns	     13047	8000271c	11b57e53	fmul.s	f28,f10,f27	 f10:0x00041481 f27:0xbf7fffae f28=0x80041480
     130525.000 ns	     13051	80002720	182c1c53	fdiv.s	f24,f24,f2	 f24:0x7fc00000  f2:0x80000000 f24=0x7fc00000
     130555.000 ns	     13054	80002724	29b51953	fmax.s	f18,f10,f27	 f10:0x00041481 f27:0xbf7fffae f18=0x00041481
     130585.000 ns	     13057	80002728	a08a2fd3	feq.s	x31,f20,f8	 f20:0xffc00000  f8:0x3f800000 x31=0x00000000
     130615.000 ns	     13060	8000272c	d01604d3	fcvt.s.wu	f9,x12	 x12:0x00000000  f9=0x00000000
     130635.000 ns	     13062	80002730	00bb5813	srli	x16,x22,0xb	 x22:0x00000000 x16=0x00000000
     130645.000 ns	     13063	80002734	015ea633	slt	x12,x29,x21	 x29:0x00000233 x21:0x00000000 x12=0x00000000
     130665.000 ns	     13065	80002738	a1e014d3	flt.s	x9,f0,f30	  f0:0x4f000000 f30:0x7fc00000  x9=0x00000000
     130685.000 ns	     13067	8000273c	00659033	sll	x0,x11,x6	 x11:0x80040fe4  x6:0x00000000
     130705.000 ns	     13069	80002740	02a50633	mul	x12,x10,x10	 x10:0xe094d4dc x10:0xe094d4dc x12=0xcf5d1d10
     130735.000 ns	     13072	80002744	28ef0553	fmin.s	f10,f30,f14	 f30:0x7fc00000 f14:0x80000000 f10=0x80000000
     130755.000 ns	     13074	80002748	01037cb3	and	x25,x6,x16	  x6:0x00000000 x16:0x00000000 x25=0x00000000
     130765.000 ns	     13075	8000274c	00c65133	srl	x2,x12,x12	 x12:0xcf5d1d10 x12:0xcf5d1d10  x2=0x0000cf5d
     130785.000 ns	     13077	80002750	20739453	fsgnjn.s	f8,f7,f7	  f7:0x80000000  f7:0x80000000  f8=0x00000000
     130815.000 ns	     13080	80002754	21768dd3	fsgnj.s	f27,f13,f23	 f13:0xffc00000 f23:0xcf800408 f27=0xffc00000
     130845.000 ns	     13083	80002758	c01af5d3	fcvt.wu.s	x11,f21	 f21:0xcefff7e0 x11=0x7ffbf000
     130865.000 ns	     13085	8000275c	001b65b3	or	x11,x22,x1	 x22:0x00000000  x1:0x00000009 x11=0x00000009
     130875.000 ns	     13086	80002760	407851b3	sra	x3,x16,x7	 x16:0x00000000  x7:0xffffff72  x3=0x00000000
     130885.000 ns	     13087	80002764	31988593	addi	x11,x17,793	 x17:0x00000001 x11=0x0000031a
     130895.000 ns	     13088	80002768	0100bc33	sltu	x24,x1,x16	  x1:0x00000009 x16:0x00000000 x24=0x00000000
     130915.000 ns	     13090	8000276c	21010e53	fsgnj.s	f28,f2,f16	  f2:0x80000000 f16:0x00000000 f28=0x00000000
     130945.000 ns	     13093	80002770	038e7e33	remu	x28,x28,x24	 x28:0x00000000 x24:0xfe000000 x28=0x00000000
     130995.000 ns	     13098	80002774	09eb4553	fsub.s	f10,f22,f30	 f22:0x4f000408 f30:0x7fc00000 f10=0x7fc00000
     131045.000 ns	     13103	80002778	0126f653	fadd.s	f12,f13,f18	 f13:0xffc00000 f18:0x00041481 f12=0x7fc00000
     131075.000 ns	     13106	8000277c	a1780653	fle.s	x12,f16,f23	 f16:0x00000000 f23:0xcf800408 x12=0x00000000
     131095.000 ns	     13108	80002780	40d35293	srai	x5,x6,0xd	  x6:0x00000000  x5=0x00000000
     131105.000 ns	     13109	80002784	40c20bb3	sub	x23,x4,x12	  x4:0x80040fe5 x12:0x00000000 x23=0x80040fe5
     131115.000 ns	     13110	80002788	b51bb593	sltiu	x11,x23,-1199	 x23:0x00000000 x11=0x00000001
     131125.000 ns	     13111	8000278c	3052dbb7	lui	x23,0x3052d	 x23=0x3052d000
     131145.000 ns	     13113	80002790	e00b8753	fmv.x.w	x14,f23	 f23:0xcf800408 x14=0xcf800408
     131165.000 ns	     13115	80002794	76eba117	auipc	x2,0x76eba	  x2=0xf6ebc794
     131175.000 ns	     13116	80002798	00d483b3	add	x7,x9,x13	  x9:0x00000000 x13:0x80041024  x7=0x80041024
     131195.000 ns	     13118	8000279c	03309d33	mulh	x26,x1,x19	  x1:0x00000009 x19:0x00000000 x26=0x00000000
     131225.000 ns	     13121	800027a0	033ebe33	mulhu	x28,x29,x19	 x29:0x00000233 x19:0x00000000 x28=0x00000000
     131265.000 ns	     13125	800027a4	580e2953	fsqrt.s	f18,f28	 f28:0x00000000 f18=0x00000000
     131285.000 ns	     13127	800027a8	00a3d913	srli	x18,x7,0xa	  x7:0x80041024 x18=0x00200104
     131305.000 ns	     13129	800027ac	20950953	fsgnj.s	f18,f10,f9	 f10:0x7fc00000  f9:0x00000000 f18=0x7fc00000
     131325.000 ns	     13131	800027b0	012a59b3	srl	x19,x20,x18	 x20:0x00000001 x18:0x00000000 x19=0x00000000
     131335.000 ns	     13132	800027b4	7d17a293	slti	x5,x15,2001	 x15:0x00000000  x5=0x00000001
     131355.000 ns	     13134	800027b8	c0112ad3	fcvt.wu.s	x21,f2	  f2:0x80000000 x21=0x00000000
     131375.000 ns	     13136	800027bc	5bb08f93	addi	x31,x1,1467	  x1:0x00000009 x31=0x000005c4
     131385.000 ns	     13137	800027c0	41035d33	sra	x26,x6,x16	  x6:0x00000000 x16:0x00000000 x26=0x00000000
     131405.000 ns	     13139	800027c4	e00a8bd3	fmv.x.w	x23,f21	 f21:0xcefff7e0 x23=0xcefff7e0
     131425.000 ns	     13141	800027c8	0022b533	sltu	x10,x5,x2	  x5:0x00000001  x2:0xf6ebc794 x10=0x00000001
     131445.000 ns	     13143	800027cc	c0122b53	fcvt.wu.s	x22,f4	  f4:0x4f000410 x22=0x80041000
     131465.000 ns	     13145	800027d0	b687dab7	lui	x21,0xb687d	 x21=0xb687d000
     131475.000 ns	     13146	800027d4	00000013	addi	x0,x0,0	  x0:0x00000000
     131485.000 ns	     13147	800027d8	00bc1b33	sll	x22,x24,x11	 x24:0x00000000 x11:0x00000001 x22=0x00000000
     131495.000 ns	     13148	800027dc	0047d933	srl	x18,x15,x4	 x15:0x00000000  x4:0x80040fe5 x18=0x00000000
     131515.000 ns	     13150	800027e0	03aadd33	divu	x26,x21,x26	 x21:0xb687d000 x26:0x00000000 x26=0xffffffff
     131545.000 ns	     13153	800027e4	03413533	mulhu	x10,x2,x20	  x2:0xf6ebc794 x20:0x00000001 x10=0x00000000
     131585.000 ns	     13157	800027e8	5807fc53	fsqrt.s	f24,f15	 f15:0x80041482 f24=0x7fc00000
     131605.000 ns	     13159	800027ec	01de1113	slli	x2,x28,0x1d	 x28:0x00000000  x2=0x00000000
     131625.000 ns	     13161	800027f0	c01c72d3	fcvt.wu.s	x5,f24	 f24:0x7fc00000  x5=0xffffffff
     131645.000 ns	     13163	800027f4	62a6e113	ori	x2,x13,1578	 x13:0x80041024  x2=0x8004162e
     131655.000 ns	     13164	800027f8	0026cab3	xor	x21,x13,x2	 x13:0x80041024  x2:0x00000000 x21=0x0000060a
     131665.000 ns	     13165	800027fc	40180633	sub	x12,x16,x1	 x16:0x00000000  x1:0x00000009 x12=0xfffffff7
     131675.000 ns	     13166	80002800	fb0b4993	xori	x19,x22,-80	 x22:0x00000000 x19=0xffffffb0
     131685.000 ns	     13167	80002804	00216b33	or	x22,x2,x2	  x2:0x8004162e  x2:0x8004162e x22=0x8004162e
     131705.000 ns	     13169	80002808	20152053	fsgnjx.s	f0,f10,f1	 f10:0x7fc00000  f1:0x7fc00000  f0=0x7fc00000
     131725.000 ns	     13171	8000280c	20f8fc93	andi	x25,x17,527	 x17:0x00000001 x25=0x00000001
     131745.000 ns	     13173	80002810	a0f184d3	fle.s	x9,f3,f15	  f3:0x00000000 f15:0x80041482  x9=0x00000000
     131765.000 ns	     13175	80002814	ecd4c213	xori	x4,x9,-307	  x9:0x00000000  x4=0xfffffecd
     131785.000 ns	     13177	80002818	023059b3	divu	x19,x0,x3	  x0:0x00000000  x3:0x00000000 x19=0xffffffff
     132155.000 ns	     13214	8000281c	03a7ca33	div	x20,x15,x26	 x15:0x00000000 x26:0xffffffff x20=0x00000000
     132185.000 ns	     13217	80002820	a1d129d3	feq.s	x19,f2,f29	  f2:0x80000000 f29:0x80000000 x19=0x00000001
     132215.000 ns	     13220	80002824	21139153	fsgnjn.s	f2,f7,f17	  f7:0x80000000 f17:0x3f7fffae  f2=0x80000000
     132245.000 ns	     13223	80002828	03d822b3	mulhsu	x5,x16,x29	 x16:0x00000000 x29:0x00000233  x5=0x00000000
     132275.000 ns	     13226	8000282c	e0091ad3	fclass.s	x21,f18	 f18:0x7fc00000 x21=0x00000200
     132325.000 ns	     13231	80002830	01a47ad3	fadd.s	f21,f8,f26	  f8:0x00000000 f26:0xcf000000 f21=0xcf000000
     132345.000 ns	     13233	80002834	01a129b3	slt	x19,x2,x26	  x2:0x8004162e x26:0xffffffff x19=0x00000001
     132365.000 ns	     13235	80002838	d0007a53	fcvt.s.w	f20,x0	  x0:0x00000000 f20=0x00000000
     132395.000 ns	     13238	8000283c	d014f953	fcvt.s.wu	f18,x9	  x9:0x00000000 f18=0x00000000
     132425.000 ns	     13241	80002840	d007ff53	fcvt.s.w	f30,x15	 x15:0x00000000 f30=0x00000000
     132445.000 ns	     13243	80002844	01ae39b3	sltu	x19,x28,x26	 x28:0x00000000 x26:0xffffffff x19=0x00000001
     132455.000 ns	     13244	80002848	6aba0217	auipc	x4,0x6aba0	  x4=0xeaba2848
     132475.000 ns	     13246	8000284c	031d0333	mul	x6,x26,x17	 x26:0xffffffff x17:0x00000001  x6=0xffffffff
     132845.000 ns	     13283	80002850	037178b3	remu	x17,x2,x23	  x2:0x8004162e x23:0xcefff7e0 x17=0x8004162e
     132865.000 ns	     13285	80002854	e55ecb13	xori	x22,x29,-427	 x29:0x00000233 x22=0xfffffc66
     132895.000 ns	     13288	80002858	18147a53	fdiv.s	f20,f8,f1	  f8:0x00000000  f1:0x7fc00000 f20=0x7fc00000
     132915.000 ns	     13290	8000285c	010f1333	sll	x6,x30,x16	 x30:0x80041020 x16:0x00000000  x6=0x80041020
     132925.000 ns	     13291	80002860	41a80cb3	sub	x25,x16,x26	 x16:0x00000000 x26:0xffffffff x25=0x00000001
     132935.000 ns	     13292	80002864	29bb4013	xori	x0,x22,667	 x22:0xfffffc66
     132945.000 ns	     13293	80002868	00d21813	slli	x16,x4,0xd	  x4:0xeaba2848 x16=0x45090000
     132965.000 ns	     13295	8000286c	d0014ad3	fcvt.s.w	f21,x2	  x2:0x8004162e f21=0xcefff7d4
     132995.000 ns	     13298	80002870	a0022053	feq.s	x0,f4,f0	  f4:0x4f000410  f0:0x7fc00000
     133015.000 ns	     13300	80002874	00285ab3	srl	x21,x16,x2	 x16:0x45090000  x2:0x8004162e x21=0x00011424
     133035.000 ns	     13302	80002878	03c2c4b3	div	x9,x5,x28	  x5:0x00000000 x28:0x00000000  x9=0xffffffff
     133055.000 ns	     13304	8000287c	92d70317	auipc	x6,0x92d70	  x6=0x12d7287c
     133075.000 ns	     13306	80002880	28b90d53	fmin.s	f26,f18,f11	 f18:0x00000000 f11:0x3f7fffae f26=0x00000000
     134255.000 ns	     13424	80002884	580b2953	fsqrt.s	f18,f22	 f22:0x4f000408 f18=0x46b50a38
     134285.000 ns	     13427	80002888	031e2933	mulhsu	x18,x28,x17	 x28:0x00000000 x17:0x8004162e x18=0x00000000
     134305.000 ns	     13429	8000288c	aff85997	auipc	x19,0xaff85	 x19=0x2ff8788c
     134315.000 ns	     13430	80002890	d5196313	ori	x6,x18,-687	 x18:0x00000000  x6=0xfffffd51
     134335.000 ns	     13432	80002894	c0047653	fcvt.w.s	x12,f8	  f8:0x00000000 x12=0x00000000
     134355.000 ns	     13434	80002898	00f92633	slt	x12,x18,x15	 x18:0x00000000 x15:0x00000000 x12=0x00000000
     134365.000 ns	     13435	8000289c	01399ab3	sll	x21,x19,x19	 x19:0x2ff8788c x19:0x2ff8788c x21=0x8788c000
     134375.000 ns	     13436	800028a0	01a9b533	sltu	x10,x19,x26	 x19:0x2ff8788c x26:0xffffffff x10=0x00000001
     134385.000 ns	     13437	800028a4	446da513	slti	x10,x27,1094	 x27:0x00000000 x10=0x00000001
     134415.000 ns	     13440	800028a8	1038c553	fmul.s	f10,f17,f3	 f17:0x3f7fffae  f3:0x00000000 f10=0x00000000
     134445.000 ns	     13443	800028ac	02374833	div	x16,x14,x3	 x14:0xcf800408  x3:0x00000000 x16=0xffffffff
     134465.000 ns	     13445	800028b0	9a120493	addi	x9,x4,-1631	  x4:0xeaba2848  x9=0xeaba21e9
     134475.000 ns	     13446	800028b4	5e137b93	andi	x23,x6,1505	  x6:0xfffffd51 x23=0x00000541
     134495.000 ns	     13448	800028b8	a15c0dd3	fle.s	x27,f24,f21	 f24:0x7fc00000 f21:0xcefff7d4 x27=0x00000000
     134525.000 ns	     13451	800028bc	026809b3	mul	x19,x16,x6	 x16:0xffffffff  x6:0xfffffd51 x19=0x000002af
     134565.000 ns	     13455	800028c0	580e7fd3	fsqrt.s	f31,f28	 f28:0x00000000 f31=0x00000000
     134595.000 ns	     13458	800028c4	03217bb3	remu	x23,x2,x18	  x2:0x8004162e x18:0x00000000 x23=0x8004162e
     134625.000 ns	     13461	800028c8	29fe0353	fmin.s	f6,f28,f31	 f28:0x00000000 f31:0x00000000  f6=0x00000000
     134665.000 ns	     13465	800028cc	580f37d3	fsqrt.s	f15,f30	 f30:0x00000000 f15=0x00000000
     134695.000 ns	     13468	800028d0	e00f91d3	fclass.s	x3,f31	 f31:0x00000000  x3=0x00000010
     134735.000 ns	     13472	800028d4	114dfd53	fmul.s	f26,f27,f20	 f27:0xffc00000 f20:0x7fc00000 f26=0x7fc00000
     134775.000 ns	     13476	800028d8	19261653	fdiv.s	f12,f12,f18	 f12:0x7fc00000 f18:0x46b50a38 f12=0x7fc00000
     134805.000 ns	     13479	800028dc	a1aa1f53	flt.s	x30,f20,f26	 f20:0x7fc00000 f26:0x7fc00000 x30=0x00000000
     134835.000 ns	     13482	800028e0	20a98dd3	fsgnj.s	f27,f19,f10	 f19:0xffffffff f10:0x00000000 f27=0x7fffffff
     134865.000 ns	     13485	800028e4	283207d3	fmin.s	f15,f4,f3	  f4:0x4f000410  f3:0x00000000 f15=0x00000000
     134895.000 ns	     13488	800028e8	03dc3833	mulhu	x16,x24,x29	 x24:0x00000000 x29:0x00000233 x16=0x00000000
     134945.000 ns	     13493	800028ec	01228cd3	fadd.s	f25,f5,f18	  f5:0x7fc00000 f18:0x46b50a38 f25=0x7fc00000
     134965.000 ns	     13495	800028f0	009d7a33	and	x20,x26,x9	 x26:0xffffffff  x9:0xeaba21e9 x20=0xeaba21e9
     134985.000 ns	     13497	800028f4	e00d1853	fclass.s	x16,f26	 f26:0x7fc00000 x16=0x00000200
     135035.000 ns	     13502	800028f8	0873f0d3	fsub.s	f1,f7,f7	  f7:0x80000000  f7:0x80000000  f1=0x00000000
     135065.000 ns	     13505	800028fc	c00d7ed3	fcvt.w.s	x29,f26	 f26:0x7fc00000 x29=0x7fffffff
     135085.000 ns	     13507	80002900	33cc4f13	xori	x30,x24,828	 x24:0x00000000 x30=0x0000033c
     135095.000 ns	     13508	80002904	4aefad97	auipc	x27,0x4aefa	 x27=0xcaefc904
     135115.000 ns	     13510	80002908	c0117e53	fcvt.wu.s	x28,f2	  f2:0x80000000 x28=0x00000000
     135145.000 ns	     13513	8000290c	035bbdb3	mulhu	x27,x23,x21	 x23:0x8004162e x21:0x8788c000 x27=0x43c689e1
     135175.000 ns	     13516	80002910	d00e7f53	fcvt.s.w	f30,x28	 x28:0x00000000 f30=0x00000000
     135195.000 ns	     13518	80002914	0022ae33	slt	x28,x5,x2	  x5:0x00000000  x2:0x8004162e x28=0x00000000
     135215.000 ns	     13520	80002918	a1cc9653	flt.s	x12,f25,f28	 f25:0x7fc00000 f28:0x00000000 x12=0x00000000
     135235.000 ns	     13522	8000291c	c587c893	xori	x17,x15,-936	 x15:0x00000000 x17=0xfffffc58
     135255.000 ns	     13524	80002920	d01778d3	fcvt.s.wu	f17,x14	 x14:0xcf800408 f17=0x4f4f8004
     135275.000 ns	     13526	80002924	01e61613	slli	x12,x12,0x1e	 x12:0x00000000 x12=0x00000000
     135295.000 ns	     13528	80002928	21ed28d3	fsgnjx.s	f17,f26,f30	 f26:0x7fc00000 f30:0x00000000 f17=0x7fc00000
     135345.000 ns	     13533	8000292c	081e3bd3	fsub.s	f23,f28,f1	 f28:0x00000000  f1:0x00000000 f23=0x80000000
     135375.000 ns	     13536	80002930	c01f7bd3	fcvt.wu.s	x23,f30	 f30:0x00000000 x23=0x00000000
     135405.000 ns	     13539	80002934	a16c0dd3	fle.s	x27,f24,f22	 f24:0x7fc00000 f22:0x4f000408 x27=0x00000000
     135435.000 ns	     13542	80002938	d01632d3	fcvt.s.wu	f5,x12	 x12:0x00000000  f5=0x00000000
     135465.000 ns	     13545	8000293c	02803b33	mulhu	x22,x0,x8	  x0:0x00000000  x8:0x80040fe4 x22=0x00000000
     135485.000 ns	     13547	80002940	407a5ab3	sra	x21,x20,x7	 x20:0xeaba21e9  x7:0x80041024 x21=0xfeaba21e
     135495.000 ns	     13548	80002944	01e0da33	srl	x20,x1,x30	  x1:0x00000009 x30:0x0000033c x20=0x00000000
     135505.000 ns	     13549	80002948	001a5213	srli	x4,x20,0x1	 x20:0xeaba21e9  x4=0x00000000
     135525.000 ns	     13551	8000294c	e00d0dd3	fmv.x.w	x27,f26	 f26:0x7fc00000 x27=0x7fc00000
     135555.000 ns	     13554	80002950	a078a853	feq.s	x16,f17,f7	 f17:0x7fc00000  f7:0x80000000 x16=0x00000000
     135585.000 ns	     13557	80002954	02fa0e33	mul	x28,x20,x15	 x20:0x00000000 x15:0x00000000 x28=0x00000000
     135605.000 ns	     13559	80002958	4150d233	sra	x4,x1,x21	  x1:0x00000009 x21:0xfeaba21e  x4=0x00000000
     135635.000 ns	     13562	8000295c	18a47dd3	fdiv.s	f27,f8,f10	  f8:0x00000000 f10:0x00000000 f27=0x7fc00000
     135665.000 ns	     13565	80002960	a12a1cd3	flt.s	x25,f20,f18	 f20:0x7fc00000 f18:0x46b50a38 x25=0x00000000
     135705.000 ns	     13569	80002964	11844653	fmul.s	f12,f8,f24	  f8:0x00000000 f24:0x7fc00000 f12=0x7fc00000
     135725.000 ns	     13571	80002968	79977b13	andi	x22,x14,1945	 x14:0xcf800408 x22=0x00000408
     135735.000 ns	     13572	8000296c	d1253393	sltiu	x7,x10,-750	 x10:0x00000001  x7=0x00000001
     135755.000 ns	     13574	80002970	e0019b53	fclass.s	x22,f3	  f3:0x00000000 x22=0x00000010
     135775.000 ns	     13576	80002974	60f071b7	lui	x3,0x60f07	  x3=0x60f07000
     135785.000 ns	     13577	80002978	01cb37b3	sltu	x15,x22,x28	 x22:0x00000010 x28:0x00000000 x15=0x00000000
     136145.000 ns	     13613	8000297c	022edb33	divu	x22,x29,x2	 x29:0x7fffffff  x2:0x8004162e x22=0x00000000
     136515.000 ns	     13650	80002980	03b873b3	remu	x7,x16,x27	 x16:0x00000000 x27:0x7fc00000  x7=0x00000000
     136545.000 ns	     13653	80002984	02c04533	div	x10,x0,x12	  x0:0x00000000 x12:0x00000000 x10=0xffffffff
     136575.000 ns	     13656	80002988	c0184753	fcvt.wu.s	x14,f16	 f16:0x00000000 x14=0x00000000
     136605.000 ns	     13659	8000298c	20d410d3	fsgnjn.s	f1,f8,f13	  f8:0x00000000 f13:0xffc00000  f1=0x00000000
     136625.000 ns	     13661	80002990	74e5a117	auipc	x2,0x74e5a	  x2=0xf4e5c990
     136645.000 ns	     13663	80002994	022c3d33	mulhu	x26,x24,x2	 x24:0x00000000  x2:0x8004162e x26=0x00000000
     136675.000 ns	     13666	80002998	e0091053	fclass.s	x0,f18	 f18:0x46b50a38
     136695.000 ns	     13668	8000299c	002767b3	or	x15,x14,x2	 x14:0x00000000  x2:0xf4e5c990 x15=0xf4e5c990
     136715.000 ns	     13670	800029a0	f0070dd3	fmv.w.x	f27,x14	 x14:0x00000000 f27=0x00000000
     136745.000 ns	     13673	800029a4	c017cd53	fcvt.wu.s	x26,f15	 f15:0x00000000 x26=0x00000000
     136775.000 ns	     13676	800029a8	f00a87d3	fmv.w.x	f15,x21	 x21:0xfeaba21e f15=0xfeaba21e
     136795.000 ns	     13678	800029ac	007bd833	srl	x16,x23,x7	 x23:0x00000000  x7:0x00000000 x16=0x00000000
     136805.000 ns	     13679	800029b0	a460e913	ori	x18,x1,-1466	  x1:0x00000009 x18=0xfffffa4f
     136825.000 ns	     13681	800029b4	291a0553	fmin.s	f10,f20,f17	 f20:0x7fc00000 f17:0x7fc00000 f10=0x7fc00000
     136845.000 ns	     13683	800029b8	6ca0f813	andi	x16,x1,1738	  x1:0x00000009 x16=0x00000008
     136865.000 ns	     13685	800029bc	f00185d3	fmv.w.x	f11,x3	  x3:0x60f07000 f11=0x60f07000
     136895.000 ns	     13688	800029c0	e0048cd3	fmv.x.w	x25,f9	  f9:0x00000000 x25=0x00000000
     136925.000 ns	     13691	800029c4	294a0453	fmin.s	f8,f20,f20	 f20:0x7fc00000 f20:0x7fc00000  f8=0x7fc00000
     136945.000 ns	     13693	800029c8	405d8533	sub	x10,x27,x5	 x27:0x7fc00000  x5:0x00000000 x10=0x7fc00000
     136955.000 ns	     13694	800029cc	01c2f9b3	and	x19,x5,x28	  x5:0x00000000 x28:0x00000000 x19=0x00000000
     136975.000 ns	     13696	800029d0	f00d8953	fmv.w.x	f18,x27	 x27:0x7fc00000 f18=0x7fc00000
     136995.000 ns	     13698	800029d4	00e11613	slli	x12,x2,0xe	  x2:0xf4e5c990 x12=0x72640000
     137025.000 ns	     13701	800029d8	10883853	fmul.s	f16,f16,f8	 f16:0x00000000  f8:0x7fc00000 f16=0x7fc00000
     137045.000 ns	     13703	800029dc	012c15b3	sll	x11,x24,x18	 x24:0x00000000 x18:0xfffffa4f x11=0x00000000
     137065.000 ns	     13705	800029e0	e00b8553	fmv.x.w	x10,f23	 f23:0x80000000 x10=0x80000000
     137115.000 ns	     13710	800029e4	00bbcd53	fadd.s	f26,f23,f11	 f23:0x80000000 f11:0x60f07000 f26=0x60f07000
     137155.000 ns	     13714	800029e8	18db9ad3	fdiv.s	f21,f23,f13	 f23:0x80000000 f13:0xffc00000 f21=0x7fc00000
     137185.000 ns	     13717	800029ec	c00775d3	fcvt.w.s	x11,f14	 f14:0x80000000 x11=0x00000000
     137205.000 ns	     13719	800029f0	003a9833	sll	x16,x21,x3	 x21:0xfeaba21e  x3:0x60f07000 x16=0xfeaba21e
     137225.000 ns	     13721	800029f4	296c8353	fmin.s	f6,f25,f22	 f25:0x7fc00000 f22:0x4f000408  f6=0x4f000408
     137245.000 ns	     13723	800029f8	00a29d93	slli	x27,x5,0xa	  x5:0x00000000 x27=0x00000000
     137255.000 ns	     13724	800029fc	01e817b3	sll	x15,x16,x30	 x16:0xfeaba21e x30:0x0000033c x15=0xe0000000
     137265.000 ns	     13725	80002a00	5ee47a13	andi	x20,x8,1518	  x8:0x80040fe4 x20=0x000005e4
     137285.000 ns	     13727	80002a04	03c97c33	remu	x24,x18,x28	 x18:0xfffffa4f x28:0x00000000 x24=0xfffffa4f
     137315.000 ns	     13730	80002a08	f0090353	fmv.w.x	f6,x18	 x18:0xfffffa4f  f6=0xfffffa4f
     137685.000 ns	     13767	80002a0c	03074ab3	div	x21,x14,x16	 x14:0x00000000 x16:0xfeaba21e x21=0x00000000
     137715.000 ns	     13770	80002a10	c0060c53	fcvt.w.s	x24,f12	 f12:0x7fc00000 x24=0x7fffffff
     137745.000 ns	     13773	80002a14	02213a33	mulhu	x20,x2,x2	  x2:0xf4e5c990  x2:0xf4e5c990 x20=0xea46d67c
     137765.000 ns	     13775	80002a18	41cb8833	sub	x16,x23,x28	 x23:0x00000000 x28:0x00000000 x16=0x00000000
     137775.000 ns	     13776	80002a1c	0082dc33	srl	x24,x5,x8	  x5:0x00000000  x8:0x80040fe4 x24=0x00000000
     137795.000 ns	     13778	80002a20	d00ebed3	fcvt.s.w	f29,x29	 x29:0x7fffffff f29=0x4f000000
     137815.000 ns	     13780	80002a24	01d98e33	add	x28,x19,x29	 x19:0x00000000 x29:0x7fffffff x28=0x7fffffff
     137835.000 ns	     13782	80002a28	e00c9553	fclass.s	x10,f25	 f25:0x7fc00000 x10=0x00000200
     137855.000 ns	     13784	80002a2c	01332933	slt	x18,x6,x19	  x6:0xfffffd51 x19:0x00000000 x18=0x00000001
     137865.000 ns	     13785	80002a30	00ae5013	srli	x0,x28,0xa	 x28:0x7fffffff
     137895.000 ns	     13788	80002a34	10ec77d3	fmul.s	f15,f24,f14	 f24:0x7fc00000 f14:0x80000000 f15=0x7fc00000
     137925.000 ns	     13791	80002a38	28d11053	fmax.s	f0,f2,f13	  f2:0x80000000 f13:0xffc00000  f0=0x80000000
     137955.000 ns	     13794	80002a3c	20ff1453	fsgnjn.s	f8,f30,f15	 f30:0x00000000 f15:0x7fc00000  f8=0x80000000
     137975.000 ns	     13796	80002a40	64206713	ori	x14,x0,1602	  x0:0x00000000 x14=0x00000642
     137995.000 ns	     13798	80002a44	030524b3	mulhsu	x9,x10,x16	 x10:0x00000200 x16:0x00000000  x9=0x00000000
     138035.000 ns	     13802	80002a48	1967a4d3	fdiv.s	f9,f15,f22	 f15:0x7fc00000 f22:0x4f000408  f9=0x7fc00000
     138055.000 ns	     13804	80002a4c	0131dab3	srl	x21,x3,x19	  x3:0x60f07000 x19:0x00000000 x21=0x60f07000
     138085.000 ns	     13807	80002a50	18da2ed3	fdiv.s	f29,f20,f13	 f20:0x7fc00000 f13:0xffc00000 f29=0x7fc00000
     138105.000 ns	     13809	80002a54	015c3db3	sltu	x27,x24,x21	 x24:0x00000000 x21:0x00000000 x27=0x00000001
     138145.000 ns	     13813	80002a58	00ba7353	fadd.s	f6,f20,f11	 f20:0x7fc00000 f11:0x60f07000  f6=0x7fc00000
     138165.000 ns	     13815	80002a5c	57337f13	andi	x30,x6,1395	  x6:0xfffffd51 x30=0x00000551
     138185.000 ns	     13817	80002a60	d0184e53	fcvt.s.wu	f28,x16	 x16:0x00000000 f28=0x00000000
     138205.000 ns	     13819	80002a64	b0bcf393	andi	x7,x25,-1269	 x25:0x00000000  x7=0x00000000
     138225.000 ns	     13821	80002a68	e0079dd3	fclass.s	x27,f15	 f15:0x7fc00000 x27=0x00000200
     138255.000 ns	     13824	80002a6c	029c8033	mul	x0,x25,x9	 x25:0x00000000  x9:0x00000000
     138275.000 ns	     13826	80002a70	001bc333	xor	x6,x23,x1	 x23:0x00000000  x1:0x00000009  x6=0x00000009
     138285.000 ns	     13827	80002a74	0075e933	or	x18,x11,x7	 x11:0x00000000  x7:0x00000000 x18=0x00000000
     138295.000 ns	     13828	80002a78	40a5d2b3	sra	x5,x11,x10	 x11:0x00000000 x10:0x00000200  x5=0x00000000
     138305.000 ns	     13829	80002a7c	59dbf393	andi	x7,x23,1437	 x23:0x00000000  x7=0x00000000
     138325.000 ns	     13831	80002a80	2160a953	fsgnjx.s	f18,f1,f22	  f1:0x00000000 f22:0x4f000408 f18=0x00000000
     138345.000 ns	     13833	80002a84	0003d893	srli	x17,x7,0x0	  x7:0x00000000 x17=0x00000000
     138365.000 ns	     13835	80002a88	e00c98d3	fclass.s	x17,f25	 f25:0x7fc00000 x17=0x00000200
     138385.000 ns	     13837	80002a8c	016d15b3	sll	x11,x26,x22	 x26:0x00000000 x22:0x00000000 x11=0x00000000
     138405.000 ns	     13839	80002a90	a0572853	feq.s	x16,f14,f5	 f14:0x80000000  f5:0x00000000 x16=0x00000001
     138435.000 ns	     13842	80002a94	d018a6d3	fcvt.s.wu	f13,x17	 x17:0x00000200 f13=0x44000000
     138455.000 ns	     13844	80002a98	01444cb3	xor	x25,x8,x20	  x8:0x80040fe4 x20:0xea46d67c x25=0x6a42d998
     138815.000 ns	     13880	80002a9c	028bceb3	div	x29,x23,x8	 x23:0x00000000  x8:0x80040fe4 x29=0x00000000
     138835.000 ns	     13882	80002aa0	40598f33	sub	x30,x19,x5	 x19:0x00000000  x5:0x00000000 x30=0x00000000
     138855.000 ns	     13884	80002aa4	021d88b3	mul	x17,x27,x1	 x27:0x00000200  x1:0x00000009 x17=0x00001200
     138885.000 ns	     13887	80002aa8	a0932753	feq.s	x14,f6,f9	  f6:0x7fc00000  f9:0x7fc00000 x14=0x00000000
     138915.000 ns	     13890	80002aac	218f95d3	fsgnjn.s	f11,f31,f24	 f31:0x00000000 f24:0x7fc00000 f11=0x80000000
     138955.000 ns	     13894	80002ab0	116f1dd3	fmul.s	f27,f30,f22	 f30:0x00000000 f22:0x4f000408 f27=0x00000000
     138985.000 ns	     13897	80002ab4	02074733	div	x14,x14,x0	 x14:0x00000000  x0:0x00000000 x14=0xffffffff
     139005.000 ns	     13899	80002ab8	004d9793	slli	x15,x27,0x4	 x27:0x00000200 x15=0x00002000
     139015.000 ns	     13900	80002abc	83994397	auipc	x7,0x83994	  x7=0x03996abc
     139025.000 ns	     13901	80002ac0	00ca65b3	or	x11,x20,x12	 x20:0xea46d67c x12:0x72640000 x11=0xfa66d67c
     139045.000 ns	     13903	80002ac4	a1022053	feq.s	x0,f4,f16	  f4:0x4f000410 f16:0x7fc00000
     139085.000 ns	     13907	80002ac8	10cb7e53	fmul.s	f28,f22,f12	 f22:0x4f000408 f12:0x7fc00000 f28=0x7fc00000
     139115.000 ns	     13910	80002acc	e0078ad3	fmv.x.w	x21,f15	 f15:0x7fc00000 x21=0x7fc00000
     139135.000 ns	     13912	80002ad0	002a2cb3	slt	x25,x20,x2	 x20:0xea46d67c  x2:0xf4e5c990 x25=0x00000001
     139145.000 ns	     13913	80002ad4	01a281b3	add	x3,x5,x26	  x5:0x00000000 x26:0x00000000  x3=0x00000000
     139165.000 ns	     13915	80002ad8	034aa033	mulhsu	x0,x21,x20	 x21:0x7fc00000 x20:0xea46d67c
     139195.000 ns	     13918	80002adc	0292bdb3	mulhu	x27,x5,x9	  x5:0x00000000  x9:0x00000000 x27=0x00000000
     139215.000 ns	     13920	80002ae0	004cac33	slt	x24,x25,x4	 x25:0x00000001  x4:0x00000000 x24=0x00000000
     139225.000 ns	     13921	80002ae4	013ed313	srli	x6,x29,0x13	 x29:0x00000000  x6=0x00000000
     139235.000 ns	     13922	80002ae8	0602be13	sltiu	x28,x5,96	  x5:0x00000000 x28=0x00000001
     139245.000 ns	     13923	80002aec	4024d013	srai	x0,x9,0x2	  x9:0x00000000
     139275.000 ns	     13926	80002af0	189df153	fdiv.s	f2,f27,f9	 f27:0x00000000  f9:0x7fc00000  f2=0x7fc00000
     139315.000 ns	     13930	80002af4	580371d3	fsqrt.s	f3,f6	  f6:0x7fc00000  f3=0x7fc00000
     139335.000 ns	     13932	80002af8	01207cb3	and	x25,x0,x18	  x0:0x00000000 x18:0x00000000 x25=0x00000000
     139355.000 ns	     13934	80002afc	c01e7653	fcvt.wu.s	x12,f28	 f28:0x7fc00000 x12=0xffffffff
     139385.000 ns	     13937	80002b00	e00c85d3	fmv.x.w	x11,f25	 f25:0x7fc00000 x11=0x7fc00000
     139755.000 ns	     13974	80002b04	02ec44b3	div	x9,x24,x14	 x24:0x00000000 x14:0xffffffff  x9=0x00000000
     139805.000 ns	     13979	80002b08	01701a53	fadd.s	f20,f0,f23	  f0:0x80000000 f23:0x80000000 f20=0x80000000
     139825.000 ns	     13981	80002b0c	01a1be33	sltu	x28,x3,x26	  x3:0x00000000 x26:0x00000000 x28=0x00000000
     139835.000 ns	     13982	80002b10	402bdab3	sra	x21,x23,x2	 x23:0x00000000  x2:0xf4e5c990 x21=0x00000000
     139845.000 ns	     13983	80002b14	419882b3	sub	x5,x17,x25	 x17:0x00001200 x25:0x00000000  x5=0x00001200
     139865.000 ns	     13985	80002b18	033f13b3	mulh	x7,x30,x19	 x30:0x00000000 x19:0x00000000  x7=0x00000000
     139905.000 ns	     13989	80002b1c	1054f753	fmul.s	f14,f9,f5	  f9:0x7fc00000  f5:0x00000000 f14=0x7fc00000
     139925.000 ns	     13991	80002b20	01fa5d93	srli	x27,x20,0x1f	 x20:0xea46d67c x27=0x00000001
     139935.000 ns	     13992	80002b24	40b35493	srai	x9,x6,0xb	  x6:0x00000000  x9=0x00000000
     139945.000 ns	     13993	80002b28	00718eb3	add	x29,x3,x7	  x3:0x00000000  x7:0x00000000 x29=0x00000000
     139965.000 ns	     13995	80002b2c	20ca1553	fsgnjn.s	f10,f20,f12	 f20:0x80000000 f12:0x7fc00000 f10=0x80000000
     139995.000 ns	     13998	80002b30	20af8c53	fsgnj.s	f24,f31,f10	 f31:0x00000000 f10:0x7fc00000 f24=0x80000000
     140025.000 ns	     14001	80002b34	c0079e53	fcvt.w.s	x28,f15	 f15:0x7fc00000 x28=0x7fffffff
     140045.000 ns	     14003	80002b38	ceb27a13	andi	x20,x4,-789	  x4:0x00000000 x20=0x00000000
     140065.000 ns	     14005	80002b3c	d003ffd3	fcvt.s.w	f31,x7	  x7:0x00000000 f31=0x00000000
     140095.000 ns	     14008	80002b40	e0039e53	fclass.s	x28,f7	  f7:0x80000000 x28=0x00000008
     140125.000 ns	     14011	80002b44	d002a8d3	fcvt.s.w	f17,x5	  x5:0x00001200 f17=0x45900000
     140145.000 ns	     14013	80002b48	00cdb833	sltu	x16,x27,x12	 x27:0x00000001 x12:0xffffffff x16=0x00000001
     140155.000 ns	     14014	80002b4c	005e9113	slli	x2,x29,0x5	 x29:0x00000000  x2=0x00000000
     140165.000 ns	     14015	80002b50	01f2b7b3	sltu	x15,x5,x31	  x5:0x00001200 x31:0x000005c4 x15=0x00000000
     140175.000 ns	     14016	80002b54	00785a93	srli	x21,x16,0x7	 x16:0x00000001 x21=0x00000000
     140185.000 ns	     14017	80002b58	01740833	add	x16,x8,x23	  x8:0x80040fe4 x23:0x00000000 x16=0x80040fe4
     140205.000 ns	     14019	80002b5c	28be82d3	fmin.s	f5,f29,f11	 f29:0x7fc00000 f11:0x80000000  f5=0x80000000
     140235.000 ns	     14022	80002b60	d00b7a53	fcvt.s.w	f20,x22	 x22:0x00000000 f20=0x00000000
     140275.000 ns	     14026	80002b64	1016b253	fmul.s	f4,f13,f1	 f13:0x44000000  f1:0x00000000  f4=0x00000000
     140325.000 ns	     14031	80002b68	089ff253	fsub.s	f4,f31,f9	 f31:0x00000000  f9:0x7fc00000  f4=0x7fc00000
     140695.000 ns	     14068	80002b6c	02e9d833	divu	x16,x19,x14	 x19:0x00000000 x14:0xffffffff x16=0x00000000
     140725.000 ns	     14071	80002b70	284880d3	fmin.s	f1,f17,f4	 f17:0x45900000  f4:0x7fc00000  f1=0x45900000
     140745.000 ns	     14073	80002b74	01da52b3	srl	x5,x20,x29	 x20:0x00000000 x29:0x00000000  x5=0x00000000
     140765.000 ns	     14075	80002b78	0259dbb3	divu	x23,x19,x5	 x19:0x00000000  x5:0x00001200 x23=0xffffffff
     140795.000 ns	     14078	80002b7c	d0097ed3	fcvt.s.w	f29,x18	 x18:0x00000000 f29=0x00000000
     140835.000 ns	     14082	80002b80	101ff2d3	fmul.s	f5,f31,f1	 f31:0x00000000  f1:0x45900000  f5=0x00000000
     140865.000 ns	     14085	80002b84	02e5bf33	mulhu	x30,x11,x14	 x11:0x7fc00000 x14:0xffffffff x30=0x7fbfffff
     140895.000 ns	     14088	80002b88	c003f253	fcvt.w.s	x4,f7	  f7:0x80000000  x4=0x00000000
     140925.000 ns	     14091	80002b8c	02ae2a33	mulhsu	x20,x28,x10	 x28:0x00000008 x10:0x00000200 x20=0x00000000
     140945.000 ns	     14093	80002b90	01d96533	or	x10,x18,x29	 x18:0x00000000 x29:0x00000000 x10=0x00000000
     141305.000 ns	     14129	80002b94	03f144b3	div	x9,x2,x31	  x2:0x00000000 x31:0x000005c4  x9=0x00000000
     141345.000 ns	     14133	80002b98	1896c453	fdiv.s	f8,f13,f9	 f13:0x44000000  f9:0x7fc00000  f8=0x7fc00000
     141375.000 ns	     14136	80002b9c	28949fd3	fmax.s	f31,f9,f9	  f9:0x7fc00000  f9:0x7fc00000 f31=0x7fc00000
     141395.000 ns	     14138	80002ba0	3ac93393	sltiu	x7,x18,940	 x18:0x00000000  x7=0x00000001
     141405.000 ns	     14139	80002ba4	012527b3	slt	x15,x10,x18	 x10:0x00000000 x18:0x00000000 x15=0x00000000
     141435.000 ns	     14142	80002ba8	19e8cdd3	fdiv.s	f27,f17,f30	 f17:0x45900000 f30:0x00000000 f27=0x7f800000
     141455.000 ns	     14144	80002bac	00bc9a93	slli	x21,x25,0xb	 x25:0x00000000 x21=0x00000000
     141475.000 ns	     14146	80002bb0	f00580d3	fmv.w.x	f1,x11	 x11:0x7fc00000  f1=0x7fc00000
     141495.000 ns	     14148	80002bb4	394ef913	andi	x18,x29,916	 x29:0x00000000 x18=0x00000000
     141535.000 ns	     14152	80002bb8	007b0dd3	fadd.s	f27,f22,f7	 f22:0x4f000408  f7:0x80000000 f27=0x4f000408
     141555.000 ns	     14154	80002bbc	907dbab7	lui	x21,0x907db	 x21=0x907db000
     141575.000 ns	     14156	80002bc0	20f612d3	fsgnjn.s	f5,f12,f15	 f12:0x7fc00000 f15:0x7fc00000  f5=0xffc00000
     141605.000 ns	     14159	80002bc4	d0109553	fcvt.s.wu	f10,x1	  x1:0x00000009 f10=0x41100000
     141635.000 ns	     14162	80002bc8	e00f87d3	fmv.x.w	x15,f31	 f31:0x7fc00000 x15=0x7fc00000
     141665.000 ns	     14165	80002bcc	d00dffd3	fcvt.s.w	f31,x27	 x27:0x00000001 f31=0x3f800000
     141695.000 ns	     14168	80002bd0	0385dc33	divu	x24,x11,x24	 x11:0x7fc00000 x24:0x00000000 x24=0xffffffff
     141715.000 ns	     14170	80002bd4	0112c5b3	xor	x11,x5,x17	  x5:0x00000000 x17:0x00001200 x11=0x00001200
     141735.000 ns	     14172	80002bd8	02ec2333	mulhsu	x6,x24,x14	 x24:0xffffffff x14:0xffffffff  x6=0xffffffff
     141765.000 ns	     14175	80002bdc	f0010a53	fmv.w.x	f20,x2	  x2:0x00000000 f20=0x00000000
     141785.000 ns	     14177	80002be0	019d9213	slli	x4,x27,0x19	 x27:0x00000001  x4=0x02000000
     141805.000 ns	     14179	80002be4	a0cca8d3	feq.s	x17,f25,f12	 f25:0x7fc00000 f12:0x7fc00000 x17=0x00000000
     141835.000 ns	     14182	80002be8	a0820353	fle.s	x6,f4,f8	  f4:0x7fc00000  f8:0x7fc00000  x6=0x00000000
     141865.000 ns	     14185	80002bec	e00e1ad3	fclass.s	x21,f28	 f28:0x7fc00000 x21=0x00000200
     141895.000 ns	     14188	80002bf0	d0058653	fcvt.s.w	f12,x11	 x11:0x00001200 f12=0x45900000
     142265.000 ns	     14225	80002bf4	021d4333	div	x6,x26,x1	 x26:0x00000000  x1:0x00000009  x6=0x00000000
     142285.000 ns	     14227	80002bf8	47f04993	xori	x19,x0,1151	  x0:0x00000000 x19=0x0000047f
     142295.000 ns	     14228	80002bfc	8b03a293	slti	x5,x7,-1872	  x7:0x00000001  x5=0x00000000
     142315.000 ns	     14230	80002c00	f00503d3	fmv.w.x	f7,x10	 x10:0x00000000  f7=0x00000000
     142345.000 ns	     14233	80002c04	02696733	rem	x14,x18,x6	 x18:0x00000000  x6:0x00000000 x14=0x00000000
     142395.000 ns	     14238	80002c08	0949f0d3	fsub.s	f1,f19,f20	 f19:0xffffffff f20:0x00000000  f1=0x7fc00000
     142415.000 ns	     14240	80002c0c	00f70833	add	x16,x14,x15	 x14:0x00000000 x15:0x7fc00000 x16=0x7fc00000
     142425.000 ns	     14241	80002c10	01195f93	srli	x31,x18,0x11	 x18:0x00000000 x31=0x00000000
     142465.000 ns	     14245	80002c14	09007d53	fsub.s	f26,f0,f16	  f0:0x80000000 f16:0x7fc00000 f26=0x7fc00000
     142505.000 ns	     14249	80002c18	1005a5d3	fmul.s	f11,f11,f0	 f11:0x80000000  f0:0x80000000 f11=0x00000000
     142545.000 ns	     14253	80002c1c	18507cd3	fdiv.s	f25,f0,f5	  f0:0x80000000  f5:0xffc00000 f25=0x7fc00000
     142565.000 ns	     14255	80002c20	00fadd13	srli	x26,x21,0xf	 x21:0x00000200 x26=0x00000000
     142575.000 ns	     14256	80002c24	de15f813	andi	x16,x11,-543	 x11:0x00001200 x16=0x00001000
     142595.000 ns	     14258	80002c28	e0058353	fmv.x.w	x6,f11	 f11:0x00000000  x6=0x00000000
     142615.000 ns	     14260	80002c2c	4165d313	srai	x6,x11,0x16	 x11:0x00001200  x6=0x00000000
     142635.000 ns	     14262	80002c30	e00201d3	fmv.x.w	x3,f4	  f4:0x7fc00000  x3=0x7fc00000
     142675.000 ns	     14266	80002c34	110ffdd3	fmul.s	f27,f31,f16	 f31:0x3f800000 f16:0x7fc00000 f27=0x7fc00000
     142705.000 ns	     14269	80002c38	03ae7e33	remu	x28,x28,x26	 x28:0x00000008 x26:0x00000000 x28=0x00000008
     142725.000 ns	     14271	80002c3c	cf377593	andi	x11,x14,-781	 x14:0x00000000 x11=0x00000000
     142745.000 ns	     14273	80002c40	03988033	mul	x0,x17,x25	 x17:0x00000000 x25:0x00000000
     142765.000 ns	     14275	80002c44	990f6c17	auipc	x24,0x990f6	 x24=0x190f8c44
     142775.000 ns	     14276	80002c48	01e4a2b3	slt	x5,x9,x30	  x9:0x00000000 x30:0x7fbfffff  x5=0x00000001
     142785.000 ns	     14277	80002c4c	416b5d93	srai	x27,x22,0x16	 x22:0x00000000 x27=0x00000000
     142805.000 ns	     14279	80002c50	f00786d3	fmv.w.x	f13,x15	 x15:0x7fc00000 f13=0x7fc00000
     142845.000 ns	     14283	80002c54	580bf3d3	fsqrt.s	f7,f23	 f23:0x80000000  f7=0x80000000
     142865.000 ns	     14285	80002c58	01cc0a33	add	x20,x24,x28	 x24:0x190f8c44 x28:0x00000008 x20=0x190f8c4c
     142885.000 ns	     14287	80002c5c	036befb3	rem	x31,x23,x22	 x23:0xffffffff x22:0x00000000 x31=0xffffffff
     142905.000 ns	     14289	80002c60	00b922b3	slt	x5,x18,x11	 x18:0x00000000 x11:0x00000000  x5=0x00000000
     142915.000 ns	     14290	80002c64	0166e933	or	x18,x13,x22	 x13:0x80041024 x22:0x00000000 x18=0x80041024
     142925.000 ns	     14291	80002c68	014bfc33	and	x24,x23,x20	 x23:0xffffffff x20:0x190f8c4c x24=0x190f8c4c
     142965.000 ns	     14295	80002c6c	0992ccd3	fsub.s	f25,f5,f25	  f5:0xffc00000 f25:0x7fc00000 f25=0x7fc00000
     142985.000 ns	     14297	80002c70	41985013	srai	x0,x16,0x19	 x16:0x00001000
     143005.000 ns	     14299	80002c74	a04329d3	feq.s	x19,f6,f4	  f6:0x7fc00000  f4:0x7fc00000 x19=0x00000000
     143375.000 ns	     14336	80002c78	027e4a33	div	x20,x28,x7	 x28:0x00000008  x7:0x00000001 x20=0x00000008
     143405.000 ns	     14339	80002c7c	020d9eb3	mulh	x29,x27,x0	 x27:0x00000000  x0:0x00000000 x29=0x00000000
     143425.000 ns	     14341	80002c80	01c39f13	slli	x30,x7,0x1c	  x7:0x00000001 x30=0x10000000
     143435.000 ns	     14342	80002c84	9b84db97	auipc	x23,0x9b84d	 x23=0x1b84fc84
     143455.000 ns	     14344	80002c88	0209dc33	divu	x24,x19,x0	 x19:0x00000000  x0:0x00000000 x24=0xffffffff
     143475.000 ns	     14346	80002c8c	0140c8b3	xor	x17,x1,x20	  x1:0x00000009 x20:0x00000008 x17=0x00000001
     143485.000 ns	     14347	80002c90	408fda33	sra	x20,x31,x8	 x31:0xffffffff  x8:0x80040fe4 x20=0xffffffff
     143525.000 ns	     14351	80002c94	01d138d3	fadd.s	f17,f2,f29	  f2:0x7fc00000 f29:0x00000000 f17=0x7fc00000
     143555.000 ns	     14354	80002c98	02204533	div	x10,x0,x2	  x0:0x00000000  x2:0x00000000 x10=0xffffffff
     143575.000 ns	     14356	80002c9c	00c4b5b3	sltu	x11,x9,x12	  x9:0x00000000 x12:0xffffffff x11=0x00000001
     143585.000 ns	     14357	80002ca0	00000013	addi	x0,x0,0	  x0:0x00000000
     143625.000 ns	     14361	80002ca4	09f24f53	fsub.s	f30,f4,f31	  f4:0x7fc00000 f31:0x3f800000 f30=0x7fc00000
     143655.000 ns	     14364	80002ca8	e00c13d3	fclass.s	x7,f24	 f24:0x80000000  x7=0x00000008
     143685.000 ns	     14367	80002cac	2095a5d3	fsgnjx.s	f11,f11,f9	 f11:0x00000000  f9:0x7fc00000 f11=0x00000000
     143735.000 ns	     14372	80002cb0	00d77bd3	fadd.s	f23,f14,f13	 f14:0x7fc00000 f13:0x7fc00000 f23=0x7fc00000
     143755.000 ns	     14374	80002cb4	41aad513	srai	x10,x21,0x1a	 x21:0x00000200 x10=0x00000000
     143765.000 ns	     14375	80002cb8	01503933	sltu	x18,x0,x21	  x0:0x00000000 x21:0x00000200 x18=0x00000001
     143775.000 ns	     14376	80002cbc	219b7113	andi	x2,x22,537	 x22:0x00000000  x2=0x00000000
     143785.000 ns	     14377	80002cc0	0ca1bfb7	lui	x31,0xca1b	 x31=0x0ca1b000
     143805.000 ns	     14379	80002cc4	d01a0953	fcvt.s.wu	f18,x20	 x20:0xffffffff f18=0x4f800000
     143835.000 ns	     14382	80002cc8	e0079fd3	fclass.s	x31,f15	 f15:0x7fc00000 x31=0x00000200
     143865.000 ns	     14385	80002ccc	e00312d3	fclass.s	x5,f6	  f6:0x7fc00000  x5=0x00000200
     143895.000 ns	     14388	80002cd0	295186d3	fmin.s	f13,f3,f21	  f3:0x7fc00000 f21:0x7fc00000 f13=0x7fc00000
     143915.000 ns	     14390	80002cd4	00dbd013	srli	x0,x23,0xd	 x23:0x1b84fc84
     143945.000 ns	     14393	80002cd8	10f37ad3	fmul.s	f21,f6,f15	  f6:0x7fc00000 f15:0x7fc00000 f21=0x7fc00000
     143965.000 ns	     14395	80002cdc	01a55d33	srl	x26,x10,x26	 x10:0x00000000 x26:0x00000000 x26=0x00000000
     144005.000 ns	     14399	80002ce0	00d1fa53	fadd.s	f20,f3,f13	  f3:0x7fc00000 f13:0x7fc00000 f20=0x7fc00000
     144035.000 ns	     14402	80002ce4	c01a7753	fcvt.wu.s	x14,f20	 f20:0x00000000 x14=0xffffffff
     144055.000 ns	     14404	80002ce8	1f7db313	sltiu	x6,x27,503	 x27:0x00000000  x6=0x00000001
     144075.000 ns	     14406	80002cec	e00e8f53	fmv.x.w	x30,f29	 f29:0x00000000 x30=0x00000000
     144115.000 ns	     14410	80002cf0	580ab653	fsqrt.s	f12,f21	 f21:0x7fc00000 f12=0x7fc00000
     144135.000 ns	     14412	80002cf4	40515913	srai	x18,x2,0x5	  x2:0x00000000 x18=0x00000000
     144145.000 ns	     14413	80002cf8	148ba617	auipc	x12,0x148ba	 x12=0x948bccf8
     144155.000 ns	     14414	80002cfc	a29f4213	xori	x4,x30,-1495	 x30:0x00000000  x4=0xfffffa29
     144165.000 ns	     14415	80002d00	c125a317	auipc	x6,0xc125a	  x6=0x4125cd00
     144175.000 ns	     14416	80002d04	09cf0b93	addi	x23,x30,156	 x30:0x00000000 x23=0x0000009c
     144195.000 ns	     14418	80002d08	212a8953	fsgnj.s	f18,f21,f18	 f21:0x7fc00000 f18:0x4f800000 f18=0x7fc00000
     144225.000 ns	     14421	80002d0c	d00801d3	fcvt.s.w	f3,x16	 x16:0x00001000  f3=0x45800000
     144255.000 ns	     14424	80002d10	215fa153	fsgnjx.s	f2,f31,f21	 f31:0x3f800000 f21:0x7fc00000  f2=0x3f800000
     144275.000 ns	     14426	80002d14	41005733	sra	x14,x0,x16	  x0:0x00000000 x16:0x00001000 x14=0x00000000
     144295.000 ns	     14428	80002d18	201582d3	fsgnj.s	f5,f11,f1	 f11:0x00000000  f1:0x7fc00000  f5=0x00000000
     144315.000 ns	     14430	80002d1c	00b10333	add	x6,x2,x11	  x2:0x00000000 x11:0x00000001  x6=0x00000001
     144325.000 ns	     14431	80002d20	01d4fcb3	and	x25,x9,x29	  x9:0x00000000 x29:0x00000000 x25=0x00000000
     144335.000 ns	     14432	80002d24	006bdf13	srli	x30,x23,0x6	 x23:0x0000009c x30=0x00000002
     144345.000 ns	     14433	80002d28	0f874593	xori	x11,x14,248	 x14:0x00000000 x11=0x000000f8
     144365.000 ns	     14435	80002d2c	e00d8dd3	fmv.x.w	x27,f27	 f27:0x7fc00000 x27=0x7fc00000
     144395.000 ns	     14438	80002d30	d0017cd3	fcvt.s.w	f25,x2	  x2:0x00000000 f25=0x00000000
     144445.000 ns	     14443	80002d34	097b7dd3	fsub.s	f27,f22,f23	 f22:0x4f000408 f23:0x7fc00000 f27=0x7fc00000
     144465.000 ns	     14445	80002d38	008be3b3	or	x7,x23,x8	 x23:0x0000009c  x8:0x80040fe4  x7=0x80040ffc
     144475.000 ns	     14446	80002d3c	00f75fb3	srl	x31,x14,x15	 x14:0x00000000 x15:0x7fc00000 x31=0x00000000
     144485.000 ns	     14447	80002d40	4195db33	sra	x22,x11,x25	 x11:0x000000f8 x25:0x00000000 x22=0x000000f8
     144495.000 ns	     14448	80002d44	67d36713	ori	x14,x6,1661	  x6:0x00000001 x14=0x0000067d
     144505.000 ns	     14449	80002d48	407dd7b3	sra	x15,x27,x7	 x27:0x7fc00000  x7:0x80040ffc x15=0x00000007
     144515.000 ns	     14450	80002d4c	00000013	addi	x0,x0,0	  x0:0x00000000
     144535.000 ns	     14452	80002d50	29858ad3	fmin.s	f21,f11,f24	 f11:0x00000000 f24:0x80000000 f21=0x80000000
     144555.000 ns	     14454	80002d54	01d7c2b3	xor	x5,x15,x29	 x15:0x00000007 x29:0x00000000  x5=0x00000007
     144565.000 ns	     14455	80002d58	008b1293	slli	x5,x22,0x8	 x22:0x000000f8  x5=0x0000f800
     144585.000 ns	     14457	80002d5c	21bc2453	fsgnjx.s	f8,f24,f27	 f24:0x80000000 f27:0x7fc00000  f8=0x80000000
     144635.000 ns	     14462	80002d60	00c978d3	fadd.s	f17,f18,f12	 f18:0x7fc00000 f12:0x7fc00000 f17=0x7fc00000
     144655.000 ns	     14464	80002d64	00675a93	srli	x21,x14,0x6	 x14:0x0000067d x21=0x00000019
     144695.000 ns	     14468	80002d68	01fa3fd3	fadd.s	f31,f20,f31	 f20:0x7fc00000 f31:0x3f800000 f31=0x7fc00000
     144725.000 ns	     14471	80002d6c	02449033	mulh	x0,x9,x4	  x9:0x00000000  x4:0xfffffa29
     144745.000 ns	     14473	80002d70	00000013	addi	x0,x0,0	  x0:0x00000000
     144765.000 ns	     14475	80002d74	a1998653	fle.s	x12,f19,f25	 f19:0xffffffff f25:0x00000000 x12=0x00000000
     144795.000 ns	     14478	80002d78	e00c09d3	fmv.x.w	x19,f24	 f24:0x80000000 x19=0x80000000
     144825.000 ns	     14481	80002d7c	027eb533	mulhu	x10,x29,x7	 x29:0x00000000  x7:0x80040ffc x10=0x00000000
     144855.000 ns	     14484	80002d80	029c9933	mulh	x18,x25,x9	 x25:0x00000000  x9:0x00000000 x18=0x00000000
     144875.000 ns	     14486	80002d84	00e01833	sll	x16,x0,x14	  x0:0x00000000 x14:0x0000067d x16=0x00000000
     144895.000 ns	     14488	80002d88	a14629d3	feq.s	x19,f12,f20	 f12:0x7fc00000 f20:0x7fc00000 x19=0x00000000
     144915.000 ns	     14490	80002d8c	4076d8b3	sra	x17,x13,x7	 x13:0x80041024  x7:0x80040ffc x17=0xfffffff8
     144935.000 ns	     14492	80002d90	c009c153	fcvt.w.s	x2,f19	 f19:0xffffffff  x2=0x7fffffff
     144965.000 ns	     14495	80002d94	a16aa1d3	feq.s	x3,f21,f22	 f21:0x80000000 f22:0x4f000408  x3=0x00000000
     145335.000 ns	     14532	80002d98	02d774b3	remu	x9,x14,x13	 x14:0x0000067d x13:0x80041024  x9=0x0000067d
     145365.000 ns	     14535	80002d9c	d005fa53	fcvt.s.w	f20,x11	 x11:0x000000f8 f20=0x43780000
     145385.000 ns	     14537	80002da0	01ff89b3	add	x19,x31,x31	 x31:0x00000000 x31:0x00000000 x19=0x00000000
     145395.000 ns	     14538	80002da4	a1d4a113	slti	x2,x9,-1507	  x9:0x0000067d  x2=0x00000000
     145415.000 ns	     14540	80002da8	21a70ad3	fsgnj.s	f21,f14,f26	 f14:0x7fc00000 f26:0x7fc00000 f21=0x7fc00000
     145445.000 ns	     14543	80002dac	21dc12d3	fsgnjn.s	f5,f24,f29	 f24:0x80000000 f29:0x00000000  f5=0x80000000
     145495.000 ns	     14548	80002db0	09c4f5d3	fsub.s	f11,f9,f28	  f9:0x7fc00000 f28:0x7fc00000 f11=0x7fc00000
     145515.000 ns	     14550	80002db4	014442b3	xor	x5,x8,x20	  x8:0x80040fe4 x20:0xffffffff  x5=0x7ffbf01b
     145535.000 ns	     14552	80002db8	025a1833	mulh	x16,x20,x5	 x20:0xffffffff  x5:0x0000f800 x16=0xffffffff
     145555.000 ns	     14554	80002dbc	2a2ec713	xori	x14,x29,674	 x29:0x00000000 x14=0x000002a2
     145565.000 ns	     14555	80002dc0	42a99d17	auipc	x26,0x42a99	 x26=0xc2a9bdc0
     145575.000 ns	     14556	80002dc4	01a4f7b3	and	x15,x9,x26	  x9:0x0000067d x26:0x00000000 x15=0x00000440
     145615.000 ns	     14560	80002dc8	0116f053	fadd.s	f0,f13,f17	 f13:0x7fc00000 f17:0x7fc00000  f0=0x7fc00000
     145635.000 ns	     14562	80002dcc	01ba9333	sll	x6,x21,x27	 x21:0x00000019 x27:0x7fc00000  x6=0x00000019
     145675.000 ns	     14566	80002dd0	016bbb53	fadd.s	f22,f23,f22	 f23:0x7fc00000 f22:0x4f000408 f22=0x7fc00000
     145705.000 ns	     14569	80002dd4	020e2233	mulhsu	x4,x28,x0	 x28:0x00000008  x0:0x00000000  x4=0x00000000
     145735.000 ns	     14572	80002dd8	03b702b3	mul	x5,x14,x27	 x14:0x000002a2 x27:0x7fc00000  x5=0x57800000
     145755.000 ns	     14574	80002ddc	0118c8b3	xor	x17,x17,x17	 x17:0xfffffff8 x17:0xfffffff8 x17=0x00000000
     145775.000 ns	     14576	80002de0	28bb03d3	fmin.s	f7,f22,f11	 f22:0x7fc00000 f11:0x7fc00000  f7=0x7fc00000
     145805.000 ns	     14579	80002de4	21e0add3	fsgnjx.s	f27,f1,f30	  f1:0x7fc00000 f30:0x7fc00000 f27=0x7fc00000
     145855.000 ns	     14584	80002de8	09acff53	fsub.s	f30,f25,f26	 f25:0x00000000 f26:0x7fc00000 f30=0x7fc00000
     145875.000 ns	     14586	80002dec	12e6afb7	lui	x31,0x12e6a	 x31=0x12e6a000
     145895.000 ns	     14588	80002df0	28580d53	fmin.s	f26,f16,f5	 f16:0x7fc00000  f5:0x80000000 f26=0x80000000
     145925.000 ns	     14591	80002df4	a1412dd3	feq.s	x27,f2,f20	  f2:0x3f800000 f20:0x43780000 x27=0x00000000
     145945.000 ns	     14593	80002df8	a3f8b493	sltiu	x9,x17,-1473	 x17:0x00000000  x9=0x00000001
     145955.000 ns	     14594	80002dfc	bea13513	sltiu	x10,x2,-1046	  x2:0x00000000 x10=0x00000001
     145965.000 ns	     14595	80002e00	00a08a33	add	x20,x1,x10	  x1:0x00000009 x10:0x00000000 x20=0x0000000a
     146325.000 ns	     14631	80002e04	03f4c033	div	x0,x9,x31	  x9:0x00000001 x31:0x12e6a000
     146345.000 ns	     14633	80002e08	0072d313	srli	x6,x5,0x7	  x5:0x57800000  x6=0x00af0000
     146355.000 ns	     14634	80002e0c	00b19893	slli	x17,x3,0xb	  x3:0x00000000 x17=0x00000000
     146375.000 ns	     14636	80002e10	e0010953	fmv.x.w	x18,f2	  f2:0x3f800000 x18=0x3f800000
     146405.000 ns	     14639	80002e14	218010d3	fsgnjn.s	f1,f0,f24	  f0:0x7fc00000 f24:0x80000000  f1=0x7fc00000
     146425.000 ns	     14641	80002e18	0153db93	srli	x23,x7,0x15	  x7:0x80040ffc x23=0x00000400
     146435.000 ns	     14642	80002e1c	31b9ab13	slti	x22,x19,795	 x19:0x00000000 x22=0x00000001
     146445.000 ns	     14643	80002e20	00b185b3	add	x11,x3,x11	  x3:0x00000000 x11:0x000000f8 x11=0x000000f8
     146475.000 ns	     14646	80002e24	580efa53	fsqrt.s	f20,f29	 f29:0x00000000 f20=0x00000000
     146495.000 ns	     14648	80002e28	062ec993	xori	x19,x29,98	 x29:0x00000000 x19=0x00000062
     146515.000 ns	     14650	80002e2c	29ad0b53	fmin.s	f22,f26,f26	 f26:0x80000000 f26:0x80000000 f22=0x80000000
     146545.000 ns	     14653	80002e30	a1731353	flt.s	x6,f6,f23	  f6:0x7fc00000 f23:0x7fc00000  x6=0x00000000
     146585.000 ns	     14657	80002e34	18f9af53	fdiv.s	f30,f19,f15	 f19:0xffffffff f15:0x7fc00000 f30=0x7fc00000
     146615.000 ns	     14660	80002e38	020cbb33	mulhu	x22,x25,x0	 x25:0x00000000  x0:0x00000000 x22=0x00000000
     146635.000 ns	     14662	80002e3c	01fe84b3	add	x9,x29,x31	 x29:0x00000000 x31:0x12e6a000  x9=0x12e6a000
     146655.000 ns	     14664	80002e40	20830f53	fsgnj.s	f30,f6,f8	  f6:0x7fc00000  f8:0x80000000 f30=0xffc00000
     146685.000 ns	     14667	80002e44	21d709d3	fsgnj.s	f19,f14,f29	 f14:0x7fc00000 f29:0x00000000 f19=0x7fc00000
     146725.000 ns	     14671	80002e48	106bfe53	fmul.s	f28,f23,f6	 f23:0x7fc00000  f6:0x7fc00000 f28=0x7fc00000
     146745.000 ns	     14673	80002e4c	013d3733	sltu	x14,x26,x19	 x26:0xc2a9bdc0 x19:0x00000062 x14=0x00000000
     146755.000 ns	     14674	80002e50	83cfcd13	xori	x26,x31,-1988	 x31:0x12e6a000 x26=0xed19583c
     146775.000 ns	     14676	80002e54	03702333	mulhsu	x6,x0,x23	  x0:0x00000000 x23:0x00000400  x6=0x00000000
     146805.000 ns	     14679	80002e58	292d8ed3	fmin.s	f29,f27,f18	 f27:0x7fc00000 f18:0x7fc00000 f29=0x7fc00000
     146825.000 ns	     14681	80002e5c	40b405b3	sub	x11,x8,x11	  x8:0x80040fe4 x11:0x000000f8 x11=0x80040eec
     146835.000 ns	     14682	80002e60	175dac37	lui	x24,0x175da	 x24=0x175da000
     146855.000 ns	     14684	80002e64	a0802e53	feq.s	x28,f0,f8	  f0:0x7fc00000  f8:0x80000000 x28=0x00000000
     146895.000 ns	     14688	80002e68	18b53653	fdiv.s	f12,f10,f11	 f10:0x41100000 f11:0x7fc00000 f12=0x7fc00000
     146915.000 ns	     14690	80002e6c	007985b3	add	x11,x19,x7	 x19:0x00000062  x7:0x80040ffc x11=0x8004105e
     146945.000 ns	     14693	80002e70	5807ffd3	fsqrt.s	f31,f15	 f15:0x7fc00000 f31=0x7fc00000
     146975.000 ns	     14696	80002e74	20cf0fd3	fsgnj.s	f31,f30,f12	 f30:0xffc00000 f12:0x7fc00000 f31=0x7fc00000
     147005.000 ns	     14699	80002e78	20df9b53	fsgnjn.s	f22,f31,f13	 f31:0x7fc00000 f13:0x7fc00000 f22=0xffc00000
     147035.000 ns	     14702	80002e7c	c00074d3	fcvt.w.s	x9,f0	  f0:0x7fc00000  x9=0x7fffffff
     147065.000 ns	     14705	80002e80	02983633	mulhu	x12,x16,x9	 x16:0xffffffff  x9:0x12e6a000 x12=0x7ffffffe
     147085.000 ns	     14707	80002e84	41895733	sra	x14,x18,x24	 x18:0x3f800000 x24:0x175da000 x14=0x3f800000
     147095.000 ns	     14708	80002e88	00000013	addi	x0,x0,0	  x0:0x00000000
     147115.000 ns	     14710	80002e8c	d01975d3	fcvt.s.wu	f11,x18	 x18:0x3f800000 f11=0x4e7e0000
     147145.000 ns	     14713	80002e90	03bc3bb3	mulhu	x23,x24,x27	 x24:0x175da000 x27:0x00000000 x23=0x00000000
     147175.000 ns	     14716	80002e94	a152add3	feq.s	x27,f5,f21	  f5:0x80000000 f21:0x7fc00000 x27=0x00000000
     147205.000 ns	     14719	80002e98	c01428d3	fcvt.wu.s	x17,f8	  f8:0x80000000 x17=0x00000000
     147245.000 ns	     14723	80002e9c	184e1a53	fdiv.s	f20,f28,f4	 f28:0x7fc00000  f4:0x7fc00000 f20=0x7fc00000
     147265.000 ns	     14725	80002ea0	207ae493	ori	x9,x21,519	 x21:0x00000019  x9=0x0000021f
     147275.000 ns	     14726	80002ea4	00779cb3	sll	x25,x15,x7	 x15:0x00000440  x7:0x80040ffc x25=0x00000000
     147635.000 ns	     14762	80002ea8	032cfdb3	remu	x27,x25,x18	 x25:0x00000000 x18:0x3f800000 x27=0x00000000
     148005.000 ns	     14799	80002eac	0325feb3	remu	x29,x11,x18	 x11:0x8004105e x18:0x3f800000 x29=0x0104105e
     148035.000 ns	     14802	80002eb0	a0460ad3	fle.s	x21,f12,f4	 f12:0x7fc00000  f4:0x7fc00000 x21=0x00000000
     148055.000 ns	     14804	80002eb4	ecc03317	auipc	x6,0xecc03	  x6=0x6cc05eb4
     148075.000 ns	     14806	80002eb8	29eb9bd3	fmax.s	f23,f23,f30	 f23:0x7fc00000 f30:0xffc00000 f23=0x7fc00000
     148095.000 ns	     14808	80002ebc	ad35c993	xori	x19,x11,-1325	 x11:0x8004105e x19=0x7ffbea8d
     148105.000 ns	     14809	80002ec0	345bca93	xori	x21,x23,837	 x23:0x00000000 x21=0x00000345
     148115.000 ns	     14810	80002ec4	0057aa33	slt	x20,x15,x5	 x15:0x00000440  x5:0x57800000 x20=0x00000001
     148125.000 ns	     14811	80002ec8	018b5293	srli	x5,x22,0x18	 x22:0x00000000  x5=0x00000000
     148145.000 ns	     14813	80002ecc	283a1c53	fmax.s	f24,f20,f3	 f20:0x7fc00000  f3:0x45800000 f24=0x45800000
     148175.000 ns	     14816	80002ed0	c01ffcd3	fcvt.wu.s	x25,f31	 f31:0x7fc00000 x25=0xffffffff
     148195.000 ns	     14818	80002ed4	015c8533	add	x10,x25,x21	 x25:0x00000000 x21:0x00000345 x10=0x00000344
     148215.000 ns	     14820	80002ed8	20c884d3	fsgnj.s	f9,f17,f12	 f17:0x7fc00000 f12:0x7fc00000  f9=0x7fc00000
     148235.000 ns	     14822	80002edc	e5e0f037	lui	x0,0xe5e0f	
     148255.000 ns	     14824	80002ee0	2070ab53	fsgnjx.s	f22,f1,f7	  f1:0x7fc00000  f7:0x7fc00000 f22=0x7fc00000
     148305.000 ns	     14829	80002ee4	010c9e53	fadd.s	f28,f25,f16	 f25:0x00000000 f16:0x7fc00000 f28=0x7fc00000
     148335.000 ns	     14832	80002ee8	a0b32053	feq.s	x0,f6,f11	  f6:0x7fc00000 f11:0x4e7e0000
     148365.000 ns	     14835	80002eec	a1a31053	flt.s	x0,f6,f26	  f6:0x7fc00000 f26:0x80000000
     148385.000 ns	     14837	80002ef0	01c174b3	and	x9,x2,x28	  x2:0x00000000 x28:0x00000000  x9=0x00000000
     148395.000 ns	     14838	80002ef4	5e663e93	sltiu	x29,x12,1510	 x12:0x7ffffffe x29=0x00000000
     148405.000 ns	     14839	80002ef8	01d49a93	slli	x21,x9,0x1d	  x9:0x0000021f x21=0x00000000
     148425.000 ns	     14841	80002efc	02700b33	mul	x22,x0,x7	  x0:0x00000000  x7:0x80040ffc x22=0x00000000
     148455.000 ns	     14844	80002f00	202d0fd3	fsgnj.s	f31,f26,f2	 f26:0x80000000  f2:0x3f800000 f31=0x00000000
     148475.000 ns	     14846	80002f04	40a583b3	sub	x7,x11,x10	 x11:0x8004105e x10:0x00000344  x7=0x80040d1a
     148485.000 ns	     14847	80002f08	419353b3	sra	x7,x6,x25	  x6:0x6cc05eb4 x25:0xffffffff  x7=0x00000000
     148505.000 ns	     14849	80002f0c	a0bf19d3	flt.s	x19,f30,f11	 f30:0xffc00000 f11:0x4e7e0000 x19=0x00000000
     148535.000 ns	     14852	80002f10	c00efdd3	fcvt.w.s	x27,f29	 f29:0x7fc00000 x27=0x7fffffff
     148565.000 ns	     14855	80002f14	036fef33	rem	x30,x31,x22	 x31:0x12e6a000 x22:0x00000000 x30=0x12e6a000
     148585.000 ns	     14857	80002f18	00000013	addi	x0,x0,0	  x0:0x00000000
     148595.000 ns	     14858	80002f1c	41e15d93	srai	x27,x2,0x1e	  x2:0x00000000 x27=0x00000000
     148605.000 ns	     14859	80002f20	00000013	addi	x0,x0,0	  x0:0x00000000
     148645.000 ns	     14863	80002f24	086b4053	fsub.s	f0,f22,f6	 f22:0x7fc00000  f6:0x7fc00000  f0=0x7fc00000
     148675.000 ns	     14866	80002f28	213c1253	fsgnjn.s	f4,f24,f19	 f24:0x45800000 f19:0x7fc00000  f4=0xc5800000
     148705.000 ns	     14869	80002f2c	f00d8153	fmv.w.x	f2,x27	 x27:0x00000000  f2=0x00000000
     148735.000 ns	     14872	80002f30	03762533	mulhsu	x10,x12,x23	 x12:0x7ffffffe x23:0x00000000 x10=0x00000000
     148755.000 ns	     14874	80002f34	3ff05717	auipc	x14,0x3ff05	 x14=0xbff07f34
     148765.000 ns	     14875	80002f38	86ca0117	auipc	x2,0x86ca0	  x2=0x06ca2f38
     148775.000 ns	     14876	80002f3c	01111e33	sll	x28,x2,x17	  x2:0x00000000 x17:0x00000000 x28=0x06ca2f38
     148795.000 ns	     14878	80002f40	f00682d3	fmv.w.x	f5,x13	 x13:0x80041024  f5=0x80041024
     148815.000 ns	     14880	80002f44	fe60fe13	andi	x28,x1,-26	  x1:0x00000009 x28=0x00000000
     148835.000 ns	     14882	80002f48	03a11c33	mulh	x24,x2,x26	  x2:0x06ca2f38 x26:0xed19583c x24=0xff7faa94
     148875.000 ns	     14886	80002f4c	10f909d3	fmul.s	f19,f18,f15	 f18:0x7fc00000 f15:0x7fc00000 f19=0x7fc00000
     148905.000 ns	     14889	80002f50	207b80d3	fsgnj.s	f1,f23,f7	 f23:0x7fc00000  f7:0x7fc00000  f1=0x7fc00000
     148935.000 ns	     14892	80002f54	c018b9d3	fcvt.wu.s	x19,f17	 f17:0x7fc00000 x19=0xffffffff
     148955.000 ns	     14894	80002f58	c4f52d93	slti	x27,x10,-945	 x10:0x00000000 x27=0x00000000
     148985.000 ns	     14897	80002f5c	19d33bd3	fdiv.s	f23,f6,f29	  f6:0x7fc00000 f29:0x7fc00000 f23=0x7fc00000
     149015.000 ns	     14900	80002f60	288a1fd3	fmax.s	f31,f20,f8	 f20:0x7fc00000  f8:0x80000000 f31=0x80000000
     149035.000 ns	     14902	80002f64	cb550913	addi	x18,x10,-843	 x10:0x00000000 x18=0xfffffcb5
     149045.000 ns	     14903	80002f68	019f1e93	slli	x29,x30,0x19	 x30:0x12e6a000 x29=0x00000000
     149065.000 ns	     14905	80002f6c	29759cd3	fmax.s	f25,f11,f23	 f11:0x4e7e0000 f23:0x7fc00000 f25=0x4e7e0000
     149085.000 ns	     14907	80002f70	097e3e97	auipc	x29,0x97e3	 x29=0x897e5f70
     149105.000 ns	     14909	80002f74	a1421953	flt.s	x18,f4,f20	  f4:0xc5800000 f20:0x7fc00000 x18=0x00000000
     149135.000 ns	     14912	80002f78	285b9a53	fmax.s	f20,f23,f5	 f23:0x7fc00000  f5:0x80041024 f20=0x80041024
     149165.000 ns	     14915	80002f7c	21472253	fsgnjx.s	f4,f14,f20	 f14:0x7fc00000 f20:0x7fc00000  f4=0xffc00000
     149185.000 ns	     14917	80002f80	01e84fb3	xor	x31,x16,x30	 x16:0xffffffff x30:0x12e6a000 x31=0xed195fff
     149545.000 ns	     14953	80002f84	0212d033	divu	x0,x5,x1	  x5:0x00000000  x1:0x00000009
     149575.000 ns	     14956	80002f88	e0058953	fmv.x.w	x18,f11	 f11:0x4e7e0000 x18=0x4e7e0000
     149605.000 ns	     14959	80002f8c	e0028ad3	fmv.x.w	x21,f5	  f5:0x80041024 x21=0x80041024
     149625.000 ns	     14961	80002f90	00a2a5b3	slt	x11,x5,x10	  x5:0x00000000 x10:0x00000000 x11=0x00000000
     149635.000 ns	     14962	80002f94	01710fb3	add	x31,x2,x23	  x2:0x06ca2f38 x23:0x00000000 x31=0x06ca2f38
     149995.000 ns	     14998	80002f98	0309e233	rem	x4,x19,x16	 x19:0xffffffff x16:0xffffffff  x4=0x00000000
     150025.000 ns	     15001	80002f9c	e0000ad3	fmv.x.w	x21,f0	  f0:0x7fc00000 x21=0x7fc00000
     150045.000 ns	     15003	80002fa0	97554cb7	lui	x25,0x97554	 x25=0x97554000
     150055.000 ns	     15004	80002fa4	018f6bb3	or	x23,x30,x24	 x30:0x12e6a000 x24:0xff7faa94 x23=0xffffaa94
     150085.000 ns	     15007	80002fa8	19a07653	fdiv.s	f12,f0,f26	  f0:0x7fc00000 f26:0x80000000 f12=0x7fc00000
     150105.000 ns	     15009	80002fac	0081d833	srl	x16,x3,x8	  x3:0x00000000  x8:0x80040fe4 x16=0x00000000
     150115.000 ns	     15010	80002fb0	001bd533	srl	x10,x23,x1	 x23:0xffffaa94  x1:0x00000009 x10=0x007fffd5
     150135.000 ns	     15012	80002fb4	21962c53	fsgnjx.s	f24,f12,f25	 f12:0x7fc00000 f25:0x4e7e0000 f24=0x7fc00000
     150155.000 ns	     15014	80002fb8	0118df93	srli	x31,x17,0x11	 x17:0x00000000 x31=0x00000000
     150175.000 ns	     15016	80002fbc	03b34f33	div	x30,x6,x27	  x6:0x6cc05eb4 x27:0x00000000 x30=0xffffffff
     150205.000 ns	     15019	80002fc0	03041333	mulh	x6,x8,x16	  x8:0x80040fe4 x16:0x00000000  x6=0x00000000
     150235.000 ns	     15022	80002fc4	c00775d3	fcvt.w.s	x11,f14	 f14:0x7fc00000 x11=0x7fffffff
     150255.000 ns	     15024	80002fc8	00000013	addi	x0,x0,0	  x0:0x00000000
     150265.000 ns	     15025	80002fcc	0bcd0f13	addi	x30,x26,188	 x26:0xed19583c x30=0xed1958f8
     150275.000 ns	     15026	80002fd0	017d5e13	srli	x28,x26,0x17	 x26:0xed19583c x28=0x000001da
     150295.000 ns	     15028	80002fd4	c017fed3	fcvt.wu.s	x29,f15	 f15:0x7fc00000 x29=0xffffffff
     150665.000 ns	     15065	80002fd8	038de5b3	rem	x11,x27,x24	 x27:0x00000000 x24:0xff7faa94 x11=0x00000000
     150705.000 ns	     15069	80002fdc	116c9453	fmul.s	f8,f25,f22	 f25:0x4e7e0000 f22:0x7fc00000  f8=0x7fc00000
     150735.000 ns	     15072	80002fe0	a14b95d3	flt.s	x11,f23,f20	 f23:0x7fc00000 f20:0x80041024 x11=0x00000000
     150765.000 ns	     15075	80002fe4	e00a87d3	fmv.x.w	x15,f21	 f21:0x7fc00000 x15=0x7fc00000
     150785.000 ns	     15077	80002fe8	b4170013	addi	x0,x14,-1215	 x14:0xbff07f34
     150795.000 ns	     15078	80002fec	9ad23b17	auipc	x22,0x9ad23	 x22=0x1ad25fec
     150805.000 ns	     15079	80002ff0	40485833	sra	x16,x16,x4	 x16:0x00000000  x4:0x00000000 x16=0x00000000
     150815.000 ns	     15080	80002ff4	012fd9b3	srl	x19,x31,x18	 x31:0x00000000 x18:0x4e7e0000 x19=0x00000000
     150825.000 ns	     15081	80002ff8	4b1e8717	auipc	x14,0x4b1e8	 x14=0xcb1eaff8
     150845.000 ns	     15083	80002ffc	f00e0fd3	fmv.w.x	f31,x28	 x28:0x000001da f31=0x000001da
     150875.000 ns	     15086	80003000	02b261b3	rem	x3,x4,x11	  x4:0x00000000 x11:0x00000000  x3=0x00000000
     150905.000 ns	     15089	80003004	d005ced3	fcvt.s.w	f29,x11	 x11:0x00000000 f29=0x00000000
     150945.000 ns	     15093	80003008	580bf8d3	fsqrt.s	f17,f23	 f23:0x7fc00000 f17=0x7fc00000
     150965.000 ns	     15095	8000300c	01ebdb93	srli	x23,x23,0x1e	 x23:0xffffaa94 x23=0x00000003
     150985.000 ns	     15097	80003010	28b38c53	fmin.s	f24,f7,f11	  f7:0x7fc00000 f11:0x4e7e0000 f24=0x4e7e0000
     151005.000 ns	     15099	80003014	36e07e93	andi	x29,x0,878	  x0:0x00000000 x29=0x00000000
     151025.000 ns	     15101	80003018	02a68d33	mul	x26,x13,x10	 x13:0x80041024 x10:0x007fffd5 x26=0x915149f4
     151055.000 ns	     15104	8000301c	d01fc153	fcvt.s.wu	f2,x31	 x31:0x00000000  f2=0x00000000
     151085.000 ns	     15107	80003020	0330cb33	div	x22,x1,x19	  x1:0x00000009 x19:0x00000000 x22=0xffffffff
     151105.000 ns	     15109	80003024	01588db3	add	x27,x17,x21	 x17:0x00000000 x21:0x7fc00000 x27=0x7fc00000
     151115.000 ns	     15110	80003028	01cba733	slt	x14,x23,x28	 x23:0x00000003 x28:0x000001da x14=0x00000001
     151135.000 ns	     15112	8000302c	29f10fd3	fmin.s	f31,f2,f31	  f2:0x00000000 f31:0x000001da f31=0x00000000
     151185.000 ns	     15117	80003030	0920fad3	fsub.s	f21,f1,f18	  f1:0x7fc00000 f18:0x7fc00000 f21=0x7fc00000
     151215.000 ns	     15120	80003034	20698953	fsgnj.s	f18,f19,f6	 f19:0x7fc00000  f6:0x7fc00000 f18=0x7fc00000
     151235.000 ns	     15122	80003038	00000013	addi	x0,x0,0	  x0:0x00000000
     151255.000 ns	     15124	8000303c	0363bfb3	mulhu	x31,x7,x22	  x7:0x00000000 x22:0xffffffff x31=0x00000000
     151295.000 ns	     15128	80003040	1818c053	fdiv.s	f0,f17,f1	 f17:0x7fc00000  f1:0x7fc00000  f0=0x7fc00000
     151315.000 ns	     15130	80003044	75438913	addi	x18,x7,1876	  x7:0x00000000 x18=0x00000754
     151335.000 ns	     15132	80003048	20d20b53	fsgnj.s	f22,f4,f13	  f4:0xffc00000 f13:0x7fc00000 f22=0x7fc00000
     151365.000 ns	     15135	8000304c	a048ab53	feq.s	x22,f17,f4	 f17:0x7fc00000  f4:0xffc00000 x22=0x00000000
     151735.000 ns	     15172	80003050	0217c1b3	div	x3,x15,x1	 x15:0x7fc00000  x1:0x00000009  x3=0x0e31c71c
     151765.000 ns	     15175	80003054	e0091dd3	fclass.s	x27,f18	 f18:0x7fc00000 x27=0x00000200
     152135.000 ns	     15212	80003058	02fbcdb3	div	x27,x23,x15	 x23:0x00000003 x15:0x7fc00000 x27=0x00000000
     152155.000 ns	     15214	8000305c	20931e17	auipc	x28,0x20931	 x28=0xa093405c
     152185.000 ns	     15217	80003060	580043d3	fsqrt.s	f7,f0	  f0:0x7fc00000  f7=0x7fc00000
     152205.000 ns	     15219	80003064	00bfcfb3	xor	x31,x31,x11	 x31:0x00000000 x11:0x00000000 x31=0x00000000
     152565.000 ns	     15255	80003068	03a5f333	remu	x6,x11,x26	 x11:0x00000000 x26:0x915149f4  x6=0x00000000
     152935.000 ns	     15292	8000306c	02c0eeb3	rem	x29,x1,x12	  x1:0x00000009 x12:0x7ffffffe x29=0x00000009
     152965.000 ns	     15295	80003070	28528dd3	fmin.s	f27,f5,f5	  f5:0x80041024  f5:0x80041024 f27=0x80041024
     152995.000 ns	     15298	80003074	a1aa8953	fle.s	x18,f21,f26	 f21:0x7fc00000 f26:0x80000000 x18=0x00000000
     153025.000 ns	     15301	80003078	024962b3	rem	x5,x18,x4	 x18:0x00000754  x4:0x00000000  x5=0x00000000
     153065.000 ns	     15305	8000307c	580afed3	fsqrt.s	f29,f21	 f21:0x7fc00000 f29=0x7fc00000
     153095.000 ns	     15308	80003080	d01d0453	fcvt.s.wu	f8,x26	 x26:0x915149f4  f8=0x4f11514a
     153125.000 ns	     15311	80003084	a0c61053	flt.s	x0,f12,f12	 f12:0x7fc00000 f12:0x7fc00000
     153155.000 ns	     15314	80003088	c0032953	fcvt.w.s	x18,f6	  f6:0x7fc00000 x18=0x7fffffff
     153175.000 ns	     15316	8000308c	d5b0a013	slti	x0,x1,-677	  x1:0x00000009
     153185.000 ns	     15317	80003090	80abe793	ori	x15,x23,-2038	 x23:0x00000003 x15=0xfffff80b
     153205.000 ns	     15319	80003094	21f20753	fsgnj.s	f14,f4,f31	  f4:0xffc00000 f31:0x00000000 f14=0x7fc00000
     153225.000 ns	     15321	80003098	00c90ab3	add	x21,x18,x12	 x18:0x7fffffff x12:0x7ffffffe x21=0xfffffffd
     153245.000 ns	     15323	8000309c	c01d9753	fcvt.wu.s	x14,f27	 f27:0x80041024 x14=0x00000000
     153265.000 ns	     15325	800030a0	00070633	add	x12,x14,x0	 x14:0x00000001  x0:0x00000000 x12=0x00000000
     153625.000 ns	     15361	800030a4	02a1fd33	remu	x26,x3,x10	  x3:0x0e31c71c x10:0x007fffd5 x26=0x0031cbd0
     153655.000 ns	     15364	800030a8	c01b7253	fcvt.wu.s	x4,f22	 f22:0x7fc00000  x4=0xffffffff
     153685.000 ns	     15367	800030ac	e0018553	fmv.x.w	x10,f3	  f3:0x45800000 x10=0x45800000
     153705.000 ns	     15369	800030b0	01df3833	sltu	x16,x30,x29	 x30:0xed1958f8 x29:0x00000009 x16=0x00000000
     153725.000 ns	     15371	800030b4	f0098c53	fmv.w.x	f24,x19	 x19:0x00000000 f24=0x00000000
     153755.000 ns	     15374	800030b8	21fd1153	fsgnjn.s	f2,f26,f31	 f26:0x80000000 f31:0x00000000  f2=0x80000000
     153775.000 ns	     15376	800030bc	01595793	srli	x15,x18,0x15	 x18:0x7fffffff x15=0x000003ff
     153785.000 ns	     15377	800030c0	403e0033	sub	x0,x28,x3	 x28:0xa093405c  x3:0x0e31c71c
     153825.000 ns	     15381	800030c4	093126d3	fsub.s	f13,f2,f19	  f2:0x80000000 f19:0x7fc00000 f13=0x7fc00000
     153855.000 ns	     15384	800030c8	21a79353	fsgnjn.s	f6,f15,f26	 f15:0x7fc00000 f26:0x80000000  f6=0x7fc00000
     153885.000 ns	     15387	800030cc	0273fe33	remu	x28,x7,x7	  x7:0x00000000  x7:0x00000000 x28=0x00000000
     153915.000 ns	     15390	800030d0	c01dfe53	fcvt.wu.s	x28,f27	 f27:0x80041024 x28=0x00000000
     153935.000 ns	     15392	800030d4	c5117013	andi	x0,x2,-943	  x2:0x06ca2f38
     153945.000 ns	     15393	800030d8	40a5d113	srai	x2,x11,0xa	 x11:0x00000000  x2=0x00000000
     153965.000 ns	     15395	800030dc	e0060cd3	fmv.x.w	x25,f12	 f12:0x7fc00000 x25=0x7fc00000
     153985.000 ns	     15397	800030e0	dc00a913	slti	x18,x1,-576	  x1:0x00000009 x18=0x00000000
     154005.000 ns	     15399	800030e4	d011fbd3	fcvt.s.wu	f23,x3	  x3:0x0e31c71c f23=0x4d631c71
     154025.000 ns	     15401	800030e8	5e7c6b17	auipc	x22,0x5e7c6	 x22=0xde7c90e8
     154035.000 ns	     15402	800030ec	25ffe293	ori	x5,x31,607	 x31:0x00000000  x5=0x0000025f
     154045.000 ns	     15403	800030f0	019e88b3	add	x17,x29,x25	 x29:0x00000009 x25:0x7fc00000 x17=0x7fc00009
     154085.000 ns	     15407	800030f4	094c7553	fsub.s	f10,f24,f20	 f24:0x00000000 f20:0x80041024 f10=0x00041024
     154105.000 ns	     15409	800030f8	01e19fb3	sll	x31,x3,x30	  x3:0x0e31c71c x30:0xed1958f8 x31=0x1c000000
     154115.000 ns	     15410	800030fc	00f5d493	srli	x9,x11,0xf	 x11:0x00000000  x9=0x00000000
     154135.000 ns	     15412	80003100	c0009fd3	fcvt.w.s	x31,f1	  f1:0x7fc00000 x31=0x7fffffff
     154155.000 ns	     15414	80003104	0013e733	or	x14,x7,x1	  x7:0x00000000  x1:0x00000009 x14=0x00000009
     154175.000 ns	     15416	80003108	21e02b53	fsgnjx.s	f22,f0,f30	  f0:0x7fc00000 f30:0xffc00000 f22=0xffc00000
     154205.000 ns	     15419	8000310c	a0ff1dd3	flt.s	x27,f30,f15	 f30:0xffc00000 f15:0x7fc00000 x27=0x00000000
     154225.000 ns	     15421	80003110	785a7e93	andi	x29,x20,1925	 x20:0x00000001 x29=0x00000001
     154245.000 ns	     15423	80003114	0268c133	div	x2,x17,x6	 x17:0x7fc00009  x6:0x00000000  x2=0xffffffff
     154265.000 ns	     15425	80003118	19e22a37	lui	x20,0x19e22	 x20=0x19e22000
     154295.000 ns	     15428	8000311c	580ffed3	fsqrt.s	f29,f31	 f31:0x00000000 f29=0x00000000
     154315.000 ns	     15430	80003120	00dded33	or	x26,x27,x13	 x27:0x00000000 x13:0x80041024 x26=0x80041024
     154335.000 ns	     15432	80003124	d0132d53	fcvt.s.wu	f26,x6	  x6:0x00000000 f26=0x00000000
     154365.000 ns	     15435	80003128	c01d7dd3	fcvt.wu.s	x27,f26	 f26:0x80000000 x27=0x00000000
     154405.000 ns	     15439	8000312c	580a71d3	fsqrt.s	f3,f20	 f20:0x80041024  f3=0x7fc00000
     154435.000 ns	     15442	80003130	219d84d3	fsgnj.s	f9,f27,f25	 f27:0x80041024 f25:0x4e7e0000  f9=0x00041024
     154455.000 ns	     15444	80003134	7c03e713	ori	x14,x7,1984	  x7:0x00000000 x14=0x000007c0
     154475.000 ns	     15446	80003138	21228a53	fsgnj.s	f20,f5,f18	  f5:0x80041024 f18:0x7fc00000 f20=0x00041024
     154515.000 ns	     15450	8000313c	195eb353	fdiv.s	f6,f29,f21	 f29:0x00000000 f21:0x7fc00000  f6=0x7fc00000
     154545.000 ns	     15453	80003140	21ce1253	fsgnjn.s	f4,f28,f28	 f28:0x7fc00000 f28:0x7fc00000  f4=0xffc00000
     154565.000 ns	     15455	80003144	002eff33	and	x30,x29,x2	 x29:0x00000001  x2:0xffffffff x30=0x00000001
     154575.000 ns	     15456	80003148	414f8f33	sub	x30,x31,x20	 x31:0x7fffffff x20:0x19e22000 x30=0x661ddfff
     154585.000 ns	     15457	8000314c	00a11d13	slli	x26,x2,0xa	  x2:0xffffffff x26=0xfffffc00
     154605.000 ns	     15459	80003150	d013f2d3	fcvt.s.wu	f5,x7	  x7:0x00000000  f5=0x00000000
     154625.000 ns	     15461	80003154	01f787b3	add	x15,x15,x31	 x15:0x000003ff x31:0x7fffffff x15=0x800003fe
     154645.000 ns	     15463	80003158	0322e633	rem	x12,x5,x18	  x5:0x0000025f x18:0x00000000 x12=0x0000025f
     154675.000 ns	     15466	8000315c	20ab9453	fsgnjn.s	f8,f23,f10	 f23:0x4d631c71 f10:0x00041024  f8=0xcd631c71
     154695.000 ns	     15468	80003160	00000013	addi	x0,x0,0	  x0:0x00000000
     155055.000 ns	     15504	80003164	03aec5b3	div	x11,x29,x26	 x29:0x00000001 x26:0xfffffc00 x11=0x00000000
     155085.000 ns	     15507	80003168	03bf1833	mulh	x16,x30,x27	 x30:0x661ddfff x27:0x00000000 x16=0x00000000
     155115.000 ns	     15510	8000316c	031f2bb3	mulhsu	x23,x30,x17	 x30:0x661ddfff x17:0x7fc00009 x23=0x32f5688b
     155165.000 ns	     15515	80003170	08ef2dd3	fsub.s	f27,f30,f14	 f30:0xffc00000 f14:0x7fc00000 f27=0x7fc00000
     155195.000 ns	     15518	80003174	f00a0753	fmv.w.x	f14,x20	 x20:0x19e22000 f14=0x19e22000
     155215.000 ns	     15520	80003178	00f821b3	slt	x3,x16,x15	 x16:0x00000000 x15:0x800003fe  x3=0x00000000
     155225.000 ns	     15521	8000317c	0187bf33	sltu	x30,x15,x24	 x15:0x800003fe x24:0xff7faa94 x30=0x00000001
     155245.000 ns	     15523	80003180	282715d3	fmax.s	f11,f14,f2	 f14:0x19e22000  f2:0x80000000 f11=0x19e22000
     155275.000 ns	     15526	80003184	a12c2bd3	feq.s	x23,f24,f18	 f24:0x00000000 f18:0x7fc00000 x23=0x00000000
     155305.000 ns	     15529	80003188	e00a0053	fmv.x.w	x0,f20	 f20:0x00041024
     155335.000 ns	     15532	8000318c	207516d3	fsgnjn.s	f13,f10,f7	 f10:0x00041024  f7:0x7fc00000 f13=0x80041024
     155355.000 ns	     15534	80003190	018a8db3	add	x27,x21,x24	 x21:0xfffffffd x24:0xff7faa94 x27=0xff7faa91
     155375.000 ns	     15536	80003194	a0fba9d3	feq.s	x19,f23,f15	 f23:0x4d631c71 f15:0x7fc00000 x19=0x00000000
     155405.000 ns	     15539	80003198	c01fc5d3	fcvt.wu.s	x11,f31	 f31:0x00000000 x11=0x00000000
     155435.000 ns	     15542	8000319c	02ac2eb3	mulhsu	x29,x24,x10	 x24:0xff7faa94 x10:0x45800000 x29=0xffdd28cf
     155465.000 ns	     15545	800031a0	a1661953	flt.s	x18,f12,f22	 f12:0x7fc00000 f22:0xffc00000 x18=0x00000000
     155495.000 ns	     15548	800031a4	285f97d3	fmax.s	f15,f31,f5	 f31:0x00000000  f5:0x00000000 f15=0x00000000
     155515.000 ns	     15550	800031a8	bd9c3813	sltiu	x16,x24,-1063	 x24:0xff7faa94 x16=0x00000001
     155525.000 ns	     15551	800031ac	3af80913	addi	x18,x16,943	 x16:0x00000000 x18=0x000003b0
     155535.000 ns	     15552	800031b0	41a982b3	sub	x5,x19,x26	 x19:0x00000000 x26:0xfffffc00  x5=0x00000400
     155545.000 ns	     15553	800031b4	4e38b4b7	lui	x9,0x4e38b	  x9=0x4e38b000
     155555.000 ns	     15554	800031b8	c3c60b13	addi	x22,x12,-964	 x12:0x0000025f x22=0xfffffe9b
     155575.000 ns	     15556	800031bc	a032a753	feq.s	x14,f5,f3	  f5:0x00000000  f3:0x7fc00000 x14=0x00000000
     155945.000 ns	     15593	800031c0	0285ffb3	remu	x31,x11,x8	 x11:0x00000000  x8:0x80040fe4 x31=0x00000000
     155975.000 ns	     15596	800031c4	a07ca8d3	feq.s	x17,f25,f7	 f25:0x4e7e0000  f7:0x7fc00000 x17=0x00000000
     156005.000 ns	     15599	800031c8	e0001fd3	fclass.s	x31,f0	  f0:0x7fc00000 x31=0x00000200
     156375.000 ns	     15636	800031cc	03d2eb33	rem	x22,x5,x29	  x5:0x00000400 x29:0xffdd28cf x22=0x00000400
     156415.000 ns	     15640	800031d0	19617b53	fdiv.s	f22,f2,f22	  f2:0x80000000 f22:0xffc00000 f22=0x7fc00000
     156445.000 ns	     15643	800031d4	037ad7b3	divu	x15,x21,x23	 x21:0xfffffffd x23:0x00000000 x15=0xffffffff
     156465.000 ns	     15645	800031d8	00c619b3	sll	x19,x12,x12	 x12:0x0000025f x12:0x0000025f x19=0x80000000
     156475.000 ns	     15646	800031dc	0046f1b3	and	x3,x13,x4	 x13:0x80041024  x4:0xffffffff  x3=0x80041024
     156495.000 ns	     15648	800031e0	d003fe53	fcvt.s.w	f28,x7	  x7:0x00000000 f28=0x00000000
     156515.000 ns	     15650	800031e4	0194dc13	srli	x24,x9,0x19	  x9:0x4e38b000 x24=0x00000027
     156525.000 ns	     15651	800031e8	0054e033	or	x0,x9,x5	  x9:0x4e38b000  x5:0x00000400
     156885.000 ns	     15687	800031ec	029e57b3	divu	x15,x28,x9	 x28:0x00000000  x9:0x4e38b000 x15=0x00000000
     156905.000 ns	     15689	800031f0	bc580993	addi	x19,x16,-1083	 x16:0x00000001 x19=0xfffffbc6
     156915.000 ns	     15690	800031f4	a08cee97	auipc	x29,0xa08ce	 x29=0x208d11f4
     156935.000 ns	     15692	800031f8	028b8333	mul	x6,x23,x8	 x23:0x00000000  x8:0x80040fe4  x6=0x00000000
     156975.000 ns	     15696	800031fc	580b0a53	fsqrt.s	f20,f22	 f22:0x7fc00000 f20=0x7fc00000
     156995.000 ns	     15698	80003200	f27e4813	xori	x16,x28,-217	 x28:0x00000000 x16=0xffffff27
     157005.000 ns	     15699	80003204	c9730c93	addi	x25,x6,-873	  x6:0x00000000 x25=0xfffffc97
     157365.000 ns	     15735	80003208	02ad53b3	divu	x7,x26,x10	 x26:0xfffffc00 x10:0x45800000  x7=0x00000003
     157385.000 ns	     15737	8000320c	00000013	addi	x0,x0,0	  x0:0x00000000
     157395.000 ns	     15738	80003210	00000013	addi	x0,x0,0	  x0:0x00000000
     157405.000 ns	     15739	80003214	40acda93	srai	x21,x25,0xa	 x25:0xfffffc97 x21=0xffffffff
     157765.000 ns	     15775	80003218	025b5633	divu	x12,x22,x5	 x22:0x00000400  x5:0x00000400 x12=0x00000001
     157795.000 ns	     15778	8000321c	c0027853	fcvt.w.s	x16,f4	  f4:0xffc00000 x16=0x7fffffff
     158165.000 ns	     15815	80003220	0343ce33	div	x28,x7,x20	  x7:0x00000003 x20:0x19e22000 x28=0x00000000
     158215.000 ns	     15820	80003224	08eb29d3	fsub.s	f19,f22,f14	 f22:0x7fc00000 f14:0x19e22000 f19=0x7fc00000
     158235.000 ns	     15822	80003228	74d27993	andi	x19,x4,1869	  x4:0xffffffff x19=0x0000074d
     158245.000 ns	     15823	8000322c	015595b3	sll	x11,x11,x21	 x11:0x00000000 x21:0xffffffff x11=0x00000000
     158265.000 ns	     15825	80003230	e0090553	fmv.x.w	x10,f18	 f18:0x7fc00000 x10=0x7fc00000
     158295.000 ns	     15828	80003234	f00007d3	fmv.w.x	f15,x0	  x0:0x00000000 f15=0x00000000
     158325.000 ns	     15831	80003238	02675bb3	divu	x23,x14,x6	 x14:0x00000000  x6:0x00000000 x23=0xffffffff
     158345.000 ns	     15833	8000323c	7af9af93	slti	x31,x19,1967	 x19:0x0000074d x31=0x00000001
     158365.000 ns	     15835	80003240	208295d3	fsgnjn.s	f11,f5,f8	  f5:0x00000000  f8:0xcd631c71 f11=0x00000000
     158385.000 ns	     15837	80003244	06d22d93	slti	x27,x4,109	  x4:0xffffffff x27=0x00000001
     158405.000 ns	     15839	80003248	21de8053	fsgnj.s	f0,f29,f29	 f29:0x00000000 f29:0x00000000  f0=0x00000000
     158435.000 ns	     15842	8000324c	e0078253	fmv.x.w	x4,f15	 f15:0x00000000  x4=0x00000000
     158465.000 ns	     15845	80003250	f0070353	fmv.w.x	f6,x14	 x14:0x00000000  f6=0x00000000
     158485.000 ns	     15847	80003254	00d78a33	add	x20,x15,x13	 x15:0x00000000 x13:0x80041024 x20=0x80041024
     158495.000 ns	     15848	80003258	35437e93	andi	x29,x6,852	  x6:0x00000000 x29=0x00000000
     158515.000 ns	     15850	8000325c	28e18553	fmin.s	f10,f3,f14	  f3:0x7fc00000 f14:0x19e22000 f10=0x19e22000
     158545.000 ns	     15853	80003260	c00879d3	fcvt.w.s	x19,f16	 f16:0x7fc00000 x19=0x7fffffff
     158575.000 ns	     15856	80003264	28c71653	fmax.s	f12,f14,f12	 f14:0x19e22000 f12:0x7fc00000 f12=0x19e22000
     158595.000 ns	     15858	80003268	00b497b3	sll	x15,x9,x11	  x9:0x4e38b000 x11:0x00000000 x15=0x4e38b000
     158605.000 ns	     15859	8000326c	40f787b3	sub	x15,x15,x15	 x15:0x00000000 x15:0x00000000 x15=0x00000000
     158625.000 ns	     15861	80003270	0200fdb3	remu	x27,x1,x0	  x1:0x00000009  x0:0x00000000 x27=0x00000009
     158645.000 ns	     15863	80003274	015f5613	srli	x12,x30,0x15	 x30:0x00000001 x12=0x00000000
     158665.000 ns	     15865	80003278	20e7a4d3	fsgnjx.s	f9,f15,f14	 f15:0x00000000 f14:0x19e22000  f9=0x00000000
     159035.000 ns	     15902	8000327c	03eb7db3	remu	x27,x22,x30	 x22:0x00000400 x30:0x00000001 x27=0x00000000
     159085.000 ns	     15907	80003280	018bf053	fadd.s	f0,f23,f24	 f23:0x4d631c71 f24:0x00000000  f0=0x4d631c71
     159115.000 ns	     15910	80003284	037d0ab3	mul	x21,x26,x23	 x26:0xfffffc00 x23:0xffffffff x21=0x00000400
     159145.000 ns	     15913	80003288	a01027d3	feq.s	x15,f0,f1	  f0:0x4d631c71  f1:0x7fc00000 x15=0x00000000
     159165.000 ns	     15915	8000328c	005652b3	srl	x5,x12,x5	 x12:0x00000000  x5:0x00000400  x5=0x00000000
     159175.000 ns	     15916	80003290	01c0f5b3	and	x11,x1,x28	  x1:0x00000009 x28:0x00000000 x11=0x00000000
     159185.000 ns	     15917	80003294	01dbd533	srl	x10,x23,x29	 x23:0xffffffff x29:0x00000000 x10=0xffffffff
     159205.000 ns	     15919	80003298	02ed3eb3	mulhu	x29,x26,x14	 x26:0xfffffc00 x14:0x00000000 x29=0x00000000
     159235.000 ns	     15922	8000329c	20b21ed3	fsgnjn.s	f29,f4,f11	  f4:0xffc00000 f11:0x00000000 f29=0xffc00000
     159285.000 ns	     15927	800032a0	08247253	fsub.s	f4,f8,f2	  f8:0xcd631c71  f2:0x80000000  f4=0xcd631c71
     159305.000 ns	     15929	800032a4	019ddf93	srli	x31,x27,0x19	 x27:0x00000000 x31=0x00000000
     159345.000 ns	     15933	800032a8	08a334d3	fsub.s	f9,f6,f10	  f6:0x00000000 f10:0x19e22000  f9=0x99e22000
     159395.000 ns	     15938	800032ac	017502d3	fadd.s	f5,f10,f23	 f10:0x19e22000 f23:0x4d631c71  f5=0x4d631c71
     159425.000 ns	     15941	800032b0	21ab93d3	fsgnjn.s	f7,f23,f26	 f23:0x4d631c71 f26:0x00000000  f7=0xcd631c71
     159455.000 ns	     15944	800032b4	03b188b3	mul	x17,x3,x27	  x3:0x80041024 x27:0x00000000 x17=0x00000000
     159485.000 ns	     15947	800032b8	03dce233	rem	x4,x25,x29	 x25:0xfffffc97 x29:0x00000000  x4=0xfffffc97
     159515.000 ns	     15950	800032bc	a14a9dd3	flt.s	x27,f21,f20	 f21:0x7fc00000 f20:0x7fc00000 x27=0x00000000
     159535.000 ns	     15952	800032c0	ff5195b7	lui	x11,0xff519	 x11=0xff519000
     159545.000 ns	     15953	800032c4	00c46cb3	or	x25,x8,x12	  x8:0x80040fe4 x12:0x00000000 x25=0x80040fe4
     159565.000 ns	     15955	800032c8	03980933	mul	x18,x16,x25	 x16:0x7fffffff x25:0xfffffc97 x18=0x7ffbf01c
     159615.000 ns	     15960	800032cc	09882253	fsub.s	f4,f16,f24	 f16:0x7fc00000 f24:0x00000000  f4=0x7fc00000
     159645.000 ns	     15963	800032d0	20729bd3	fsgnjn.s	f23,f5,f7	  f5:0x4d631c71  f7:0xcd631c71 f23=0x4d631c71
     159675.000 ns	     15966	800032d4	03618c33	mul	x24,x3,x22	  x3:0x80041024 x22:0x00000400 x24=0x10409000
     159695.000 ns	     15968	800032d8	007b5bb3	srl	x23,x22,x7	 x22:0x00000400  x7:0x00000003 x23=0x00000080
     160055.000 ns	     16004	800032dc	03a84bb3	div	x23,x16,x26	 x16:0x7fffffff x26:0xfffffc00 x23=0xffe00001
     160075.000 ns	     16006	800032e0	d7663b17	auipc	x22,0xd7663	 x22=0x576662e0
     160095.000 ns	     16008	800032e4	21e29dd3	fsgnjn.s	f27,f5,f30	  f5:0x4d631c71 f30:0xffc00000 f27=0x4d631c71
     160125.000 ns	     16011	800032e8	030e3533	mulhu	x10,x28,x16	 x28:0x00000000 x16:0x7fffffff x10=0x00000000
     160145.000 ns	     16013	800032ec	01b01eb3	sll	x29,x0,x27	  x0:0x00000000 x27:0x00000000 x29=0x00000000
     160155.000 ns	     16014	800032f0	50ad6937	lui	x18,0x50ad6	 x18=0x50ad6000
     160165.000 ns	     16015	800032f4	01e41eb3	sll	x29,x8,x30	  x8:0x80040fe4 x30:0x00000001 x29=0x00081fc8
     160185.000 ns	     16017	800032f8	03bf5a33	divu	x20,x30,x27	 x30:0x00000001 x27:0x00000000 x20=0xffffffff
     160215.000 ns	     16020	800032fc	0306b933	mulhu	x18,x13,x16	 x13:0x80041024 x16:0x7fffffff x18=0x40020811
     160235.000 ns	     16022	80003300	4093deb3	sra	x29,x7,x9	  x7:0x00000003  x9:0x4e38b000 x29=0x00000003
     160245.000 ns	     16023	80003304	00b03f33	sltu	x30,x0,x11	  x0:0x00000000 x11:0xff519000 x30=0x00000001
     160255.000 ns	     16024	80003308	00000013	addi	x0,x0,0	  x0:0x00000000
     160275.000 ns	     16026	8000330c	28d089d3	fmin.s	f19,f1,f13	  f1:0x7fc00000 f13:0x80041024 f19=0x80041024
     160315.000 ns	     16030	80003310	5803fcd3	fsqrt.s	f25,f7	  f7:0xcd631c71 f25=0x7fc00000
     160345.000 ns	     16033	80003314	281e89d3	fmin.s	f19,f29,f1	 f29:0xffc00000  f1:0x7fc00000 f19=0x7fc00000
     160365.000 ns	     16035	80003318	af672e17	auipc	x28,0xaf672	 x28=0x2f675318
     160375.000 ns	     16036	8000331c	ea521cb7	lui	x25,0xea521	 x25=0xea521000
     160395.000 ns	     16038	80003320	a1b30fd3	fle.s	x31,f6,f27	  f6:0x00000000 f27:0x4d631c71 x31=0x00000001
     160425.000 ns	     16041	80003324	02282833	mulhsu	x16,x16,x2	 x16:0x7fffffff  x2:0xffffffff x16=0x7ffffffe
     160445.000 ns	     16043	80003328	41d7df13	srai	x30,x15,0x1d	 x15:0x00000000 x30=0x00000000
     160805.000 ns	     16079	8000332c	024b5d33	divu	x26,x22,x4	 x22:0x576662e0  x4:0xfffffc97 x26=0x00000000
     160825.000 ns	     16081	80003330	405bd533	sra	x10,x23,x5	 x23:0xffe00001  x5:0x00000000 x10=0xffe00001
     160845.000 ns	     16083	80003334	03d528b3	mulhsu	x17,x10,x29	 x10:0x00000000 x29:0x00000003 x17=0xffffffff
     160875.000 ns	     16086	80003338	f00003d3	fmv.w.x	f7,x0	  x0:0x00000000  f7=0x00000000
     160905.000 ns	     16089	8000333c	a1f39cd3	flt.s	x25,f7,f31	  f7:0xcd631c71 f31:0x00000000 x25=0x00000000
     160925.000 ns	     16091	80003340	0125b733	sltu	x14,x11,x18	 x11:0xff519000 x18:0x40020811 x14=0x00000000
     160945.000 ns	     16093	80003344	20c31dd3	fsgnjn.s	f27,f6,f12	  f6:0x00000000 f12:0x19e22000 f27=0x80000000
     160965.000 ns	     16095	80003348	eaa10c13	addi	x24,x2,-342	  x2:0xffffffff x24=0xfffffea9
     160985.000 ns	     16097	8000334c	29778353	fmin.s	f6,f15,f23	 f15:0x00000000 f23:0x4d631c71  f6=0x00000000
     161005.000 ns	     16099	80003350	40cb5ab3	sra	x21,x22,x12	 x22:0x576662e0 x12:0x00000000 x21=0x576662e0
     161015.000 ns	     16100	80003354	00000013	addi	x0,x0,0	  x0:0x00000000
     161035.000 ns	     16102	80003358	f0010753	fmv.w.x	f14,x2	  x2:0xffffffff f14=0xffffffff
     161085.000 ns	     16107	8000335c	0121a8d3	fadd.s	f17,f3,f18	  f3:0x7fc00000 f18:0x7fc00000 f17=0x7fc00000
     161105.000 ns	     16109	80003360	00cf28b3	slt	x17,x30,x12	 x30:0x00000000 x12:0x00000000 x17=0x00000000
     161125.000 ns	     16111	80003364	28ec18d3	fmax.s	f17,f24,f14	 f24:0x00000000 f14:0xffffffff f17=0x00000000
     161175.000 ns	     16116	80003368	09c1fc53	fsub.s	f24,f3,f28	  f3:0x7fc00000 f28:0x00000000 f24=0x7fc00000
     161195.000 ns	     16118	8000336c	c19b0993	addi	x19,x22,-999	 x22:0x576662e0 x19=0x57665ef9
     161225.000 ns	     16121	80003370	1872f9d3	fdiv.s	f19,f5,f7	  f5:0x4d631c71  f7:0x00000000 f19=0x7f800000
     161255.000 ns	     16124	80003374	02288cb3	mul	x25,x17,x2	 x17:0x00000000  x2:0xffffffff x25=0x00000000
     161275.000 ns	     16126	80003378	40cc82b3	sub	x5,x25,x12	 x25:0x00000000 x12:0x00000000  x5=0x00000000
     161305.000 ns	     16129	8000337c	11dd7853	fmul.s	f16,f26,f29	 f26:0x00000000 f29:0xffc00000 f16=0x7fc00000
     161335.000 ns	     16132	80003380	e0009953	fclass.s	x18,f1	  f1:0x7fc00000 x18=0x00000200
     161385.000 ns	     16137	80003384	08e9b3d3	fsub.s	f7,f19,f14	 f19:0x7f800000 f14:0xffffffff  f7=0x7fc00000
     161415.000 ns	     16140	80003388	2085a853	fsgnjx.s	f16,f11,f8	 f11:0x00000000  f8:0xcd631c71 f16=0x80000000
     161435.000 ns	     16142	8000338c	40c48db3	sub	x27,x9,x12	  x9:0x4e38b000 x12:0x00000000 x27=0x4e38b000
     161445.000 ns	     16143	80003390	00665393	srli	x7,x12,0x6	 x12:0x00000000  x7=0x00000000
     161805.000 ns	     16179	80003394	02226333	rem	x6,x4,x2	  x4:0xfffffc97  x2:0xffffffff  x6=0x00000000
     161825.000 ns	     16181	80003398	01662933	slt	x18,x12,x22	 x12:0x00000000 x22:0x576662e0 x18=0x00000001
     161835.000 ns	     16182	8000339c	531cdb17	auipc	x22,0x531cd	 x22=0xd31d039c
     161855.000 ns	     16184	800033a0	03c3b4b3	mulhu	x9,x7,x28	  x7:0x00000000 x28:0x2f675318  x9=0x00000000
     161875.000 ns	     16186	800033a4	daa90893	addi	x17,x18,-598	 x18:0x00000001 x17=0xfffffdab
     161885.000 ns	     16187	800033a8	07b04493	xori	x9,x0,123	  x0:0x00000000  x9=0x0000007b
     161895.000 ns	     16188	800033ac	dcda4a13	xori	x20,x20,-563	 x20:0xffffffff x20=0x00000232
     161905.000 ns	     16189	800033b0	007cabb3	slt	x23,x25,x7	 x25:0x00000000  x7:0x00000000 x23=0x00000000
     161915.000 ns	     16190	800033b4	00b2e3b3	or	x7,x5,x11	  x5:0x00000000 x11:0xff519000  x7=0xff519000
     161935.000 ns	     16192	800033b8	023e0633	mul	x12,x28,x3	 x28:0x2f675318  x3:0x80041024 x12=0x6c192f60
     161955.000 ns	     16194	800033bc	ce8aa193	slti	x3,x21,-792	 x21:0x576662e0  x3=0x00000000
     161975.000 ns	     16196	800033c0	a02723d3	feq.s	x7,f14,f2	 f14:0xffffffff  f2:0x80000000  x7=0x00000000
     162005.000 ns	     16199	800033c4	c00f8b53	fcvt.w.s	x22,f31	 f31:0x00000000 x22=0x00000000
     162035.000 ns	     16202	800033c8	28270853	fmin.s	f16,f14,f2	 f14:0xffffffff  f2:0x80000000 f16=0x80000000
     162055.000 ns	     16204	800033cc	01879513	slli	x10,x15,0x18	 x15:0x00000000 x10=0x00000000
     162065.000 ns	     16205	800033d0	00df3eb3	sltu	x29,x30,x13	 x30:0x00000000 x13:0x80041024 x29=0x00000001
     162075.000 ns	     16206	800033d4	00409d33	sll	x26,x1,x4	  x1:0x00000009  x4:0xfffffc97 x26=0x04800000
     162095.000 ns	     16208	800033d8	212f9dd3	fsgnjn.s	f27,f31,f18	 f31:0x00000000 f18:0x7fc00000 f27=0x80000000
     162125.000 ns	     16211	800033dc	a13ea7d3	feq.s	x15,f29,f19	 f29:0xffc00000 f19:0x7f800000 x15=0x00000000
     162145.000 ns	     16213	800033e0	01dd8233	add	x4,x27,x29	 x27:0x4e38b000 x29:0x00000001  x4=0x4e38b001
     162155.000 ns	     16214	800033e4	9ba7de37	lui	x28,0x9ba7d	 x28=0x9ba7d000
     162165.000 ns	     16215	800033e8	4935f597	auipc	x11,0x4935f	 x11=0xc93623e8
     162185.000 ns	     16217	800033ec	a10f08d3	fle.s	x17,f30,f16	 f30:0xffc00000 f16:0x80000000 x17=0x00000000
     162215.000 ns	     16220	800033f0	038f9d33	mulh	x26,x31,x24	 x31:0x00000001 x24:0xfffffea9 x26=0xffffffff
     162245.000 ns	     16223	800033f4	a10209d3	fle.s	x19,f4,f16	  f4:0x7fc00000 f16:0x80000000 x19=0x00000000
     162265.000 ns	     16225	800033f8	00f5bbb3	sltu	x23,x11,x15	 x11:0xc93623e8 x15:0x00000000 x23=0x00000000
     162285.000 ns	     16227	800033fc	03a91133	mulh	x2,x18,x26	 x18:0x00000001 x26:0xffffffff  x2=0xffffffff
     162305.000 ns	     16229	80003400	01f53d33	sltu	x26,x10,x31	 x10:0x00000000 x31:0x00000001 x26=0x00000001
     162315.000 ns	     16230	80003404	000b3a33	sltu	x20,x22,x0	 x22:0x00000000  x0:0x00000000 x20=0x00000000
     162325.000 ns	     16231	80003408	413759b3	sra	x19,x14,x19	 x14:0x00000000 x19:0x00000000 x19=0x00000000
     162335.000 ns	     16232	8000340c	920fb313	sltiu	x6,x31,-1760	 x31:0x00000001  x6=0x00000001
     162365.000 ns	     16235	80003410	580f7cd3	fsqrt.s	f25,f30	 f30:0xffc00000 f25=0x7fc00000
     162385.000 ns	     16237	80003414	00858e33	add	x28,x11,x8	 x11:0xc93623e8  x8:0x80040fe4 x28=0x493a33cc
     162405.000 ns	     16239	80003418	f00e86d3	fmv.w.x	f13,x29	 x29:0x00000001 f13=0x00000001
     162435.000 ns	     16242	8000341c	e0048ed3	fmv.x.w	x29,f9	  f9:0x99e22000 x29=0x99e22000
     162455.000 ns	     16244	80003420	00c2d793	srli	x15,x5,0xc	  x5:0x00000000 x15=0x00000000
     162475.000 ns	     16246	80003424	0259a4b3	mulhsu	x9,x19,x5	 x19:0x00000000  x5:0x00000000  x9=0x00000000
     162495.000 ns	     16248	80003428	00de9c13	slli	x24,x29,0xd	 x29:0x99e22000 x24=0x44000000
     163505.000 ns	     16349	8000342c	580028d3	fsqrt.s	f17,f0	  f0:0x4d631c71 f17=0x4620977f
     163525.000 ns	     16351	80003430	00ac1893	slli	x17,x24,0xa	 x24:0xfffffea9 x17=0x00000000
     163565.000 ns	     16355	80003434	01f94053	fadd.s	f0,f18,f31	 f18:0x7fc00000 f31:0x00000000  f0=0x7fc00000
     163615.000 ns	     16360	80003438	01c2f153	fadd.s	f2,f5,f28	  f5:0x4d631c71 f28:0x00000000  f2=0x4d631c71
     163645.000 ns	     16363	8000343c	d01e7353	fcvt.s.wu	f6,x28	 x28:0x493a33cc  f6=0x4e927467
     163665.000 ns	     16365	80003440	108f8513	addi	x10,x31,264	 x31:0x00000001 x10=0x00000109
     163685.000 ns	     16367	80003444	02f699b3	mulh	x19,x13,x15	 x13:0x80041024 x15:0x00000000 x19=0x00000000
     163705.000 ns	     16369	80003448	00da8db3	add	x27,x21,x13	 x21:0x576662e0 x13:0x80041024 x27=0xd76a7304
     163725.000 ns	     16371	8000344c	21ee1553	fsgnjn.s	f10,f28,f30	 f28:0x00000000 f30:0xffc00000 f10=0x00000000
     163745.000 ns	     16373	80003450	0143da33	srl	x20,x7,x20	  x7:0x00000000 x20:0x00000000 x20=0x00000000
     163755.000 ns	     16374	80003454	000a5713	srli	x14,x20,0x0	 x20:0x00000000 x14=0x00000000
     163765.000 ns	     16375	80003458	01bfe233	or	x4,x31,x27	 x31:0x00000001 x27:0xd76a7304  x4=0xd76a7305
     163785.000 ns	     16377	8000345c	290b86d3	fmin.s	f13,f23,f16	 f23:0x4d631c71 f16:0x80000000 f13=0x80000000
     163815.000 ns	     16380	80003460	a17e8653	fle.s	x12,f29,f23	 f29:0xffc00000 f23:0x4d631c71 x12=0x00000000
     163845.000 ns	     16383	80003464	a1d50bd3	fle.s	x23,f10,f29	 f10:0x00000000 f29:0xffc00000 x23=0x00000000
     163875.000 ns	     16386	80003468	c0087cd3	fcvt.w.s	x25,f16	 f16:0x80000000 x25=0x00000000
     163915.000 ns	     16390	8000346c	1084bcd3	fmul.s	f25,f9,f8	  f9:0x99e22000  f8:0xcd631c71 f25=0x27c89b80
     163935.000 ns	     16392	80003470	01c3b333	sltu	x6,x7,x28	  x7:0x00000000 x28:0x493a33cc  x6=0x00000001
     163955.000 ns	     16394	80003474	d0041553	fcvt.s.w	f10,x8	  x8:0x80040fe4 f10=0xcefff7e0
     163985.000 ns	     16397	80003478	a1e18fd3	fle.s	x31,f3,f30	  f3:0x7fc00000 f30:0xffc00000 x31=0x00000000
     164005.000 ns	     16399	8000347c	00000013	addi	x0,x0,0	  x0:0x00000000
     164035.000 ns	     16402	80003480	198137d3	fdiv.s	f15,f2,f24	  f2:0x4d631c71 f24:0x7fc00000 f15=0x7fc00000
     164065.000 ns	     16405	80003484	023a3733	mulhu	x14,x20,x3	 x20:0x00000000  x3:0x00000000 x14=0x00000000
     164085.000 ns	     16407	80003488	00d033b3	sltu	x7,x0,x13	  x0:0x00000000 x13:0x80041024  x7=0x00000001
     164095.000 ns	     16408	8000348c	4ab26197	auipc	x3,0x4ab26	  x3=0xcab2948c
     164105.000 ns	     16409	80003490	567aff93	andi	x31,x21,1383	 x21:0x576662e0 x31=0x00000060
     164115.000 ns	     16410	80003494	416b5c93	srai	x25,x22,0x16	 x22:0x00000000 x25=0x00000000
     164135.000 ns	     16412	80003498	a145aed3	feq.s	x29,f11,f20	 f11:0x00000000 f20:0x7fc00000 x29=0x00000000
     164165.000 ns	     16415	8000349c	a13b2cd3	feq.s	x25,f22,f19	 f22:0x7fc00000 f19:0x7f800000 x25=0x00000000
     164195.000 ns	     16418	800034a0	02481d33	mulh	x26,x16,x4	 x16:0x7ffffffe  x4:0xd76a7305 x26=0xebb53982
     164565.000 ns	     16455	800034a4	02685cb3	divu	x25,x16,x6	 x16:0x7ffffffe  x6:0x00000001 x25=0x7ffffffe
     164585.000 ns	     16457	800034a8	01394cb3	xor	x25,x18,x19	 x18:0x00000001 x19:0x00000000 x25=0x00000001
     164605.000 ns	     16459	800034ac	02552c33	mulhsu	x24,x10,x5	 x10:0x00000109  x5:0x00000000 x24=0x00000000
     164975.000 ns	     16496	800034b0	03a8cbb3	div	x23,x17,x26	 x17:0x00000000 x26:0xebb53982 x23=0x00000000
     165005.000 ns	     16499	800034b4	a1fc1553	flt.s	x10,f24,f31	 f24:0x7fc00000 f31:0x00000000 x10=0x00000000
     165025.000 ns	     16501	800034b8	000fa833	slt	x16,x31,x0	 x31:0x00000060  x0:0x00000000 x16=0x00000000
     165045.000 ns	     16503	800034bc	c0130fd3	fcvt.wu.s	x31,f6	  f6:0x4e927467 x31=0x493a3380
     165065.000 ns	     16505	800034c0	00f333b3	sltu	x7,x6,x15	  x6:0x00000001 x15:0x00000000  x7=0x00000000
     165085.000 ns	     16507	800034c4	022da833	mulhsu	x16,x27,x2	 x27:0xd76a7304  x2:0xffffffff x16=0xd76a7304
     165115.000 ns	     16510	800034c8	c0137d53	fcvt.wu.s	x26,f6	  f6:0x4e927467 x26=0x493a3380
     165145.000 ns	     16513	800034cc	d0107e53	fcvt.s.wu	f28,x0	  x0:0x00000000 f28=0x00000000
     165175.000 ns	     16516	800034d0	f00906d3	fmv.w.x	f13,x18	 x18:0x00000001 f13=0x00000001
     165195.000 ns	     16518	800034d4	008c02b3	add	x5,x24,x8	 x24:0x00000000  x8:0x80040fe4  x5=0x80040fe4
     165205.000 ns	     16519	800034d8	40efda13	srai	x20,x31,0xe	 x31:0x493a3380 x20=0x000124e8
     165245.000 ns	     16523	800034dc	00da48d3	fadd.s	f17,f20,f13	 f20:0x7fc00000 f13:0x00000001 f17=0x7fc00000
     165265.000 ns	     16525	800034e0	e2193337	lui	x6,0xe2193	  x6=0xe2193000
     165625.000 ns	     16561	800034e4	039d57b3	divu	x15,x26,x25	 x26:0x493a3380 x25:0x00000001 x15=0x493a3380
     165645.000 ns	     16563	800034e8	da8d0e13	addi	x28,x26,-600	 x26:0x493a3380 x28=0x493a3128
     165655.000 ns	     16564	800034ec	00c44e33	xor	x28,x8,x12	  x8:0x80040fe4 x12:0x00000000 x28=0x80040fe4
     165675.000 ns	     16566	800034f0	a100a2d3	feq.s	x5,f1,f16	  f1:0x7fc00000 f16:0x80000000  x5=0x00000000
     165705.000 ns	     16569	800034f4	a0f58a53	fle.s	x20,f11,f15	 f11:0x00000000 f15:0x7fc00000 x20=0x00000000
     165725.000 ns	     16571	800034f8	bdb00c13	addi	x24,x0,-1061	  x0:0x00000000 x24=0xfffffbdb
     165745.000 ns	     16573	800034fc	03f5a933	mulhsu	x18,x11,x31	 x11:0xc93623e8 x31:0x493a3380 x18=0xf053fb7b
     165775.000 ns	     16576	80003500	a1c62fd3	feq.s	x31,f12,f28	 f12:0x19e22000 f28:0x00000000 x31=0x00000000
     165805.000 ns	     16579	80003504	295e8253	fmin.s	f4,f29,f21	 f29:0xffc00000 f21:0x7fc00000  f4=0x7fc00000
     165825.000 ns	     16581	80003508	00b31e13	slli	x28,x6,0xb	  x6:0xe2193000 x28=0xc9800000
     165835.000 ns	     16582	8000350c	40a75c33	sra	x24,x14,x10	 x14:0x00000000 x10:0x00000000 x24=0x00000000
     165855.000 ns	     16584	80003510	02ac88b3	mul	x17,x25,x10	 x25:0x00000001 x10:0x00000000 x17=0x00000000
     165905.000 ns	     16589	80003514	08d53353	fsub.s	f6,f10,f13	 f10:0xcefff7e0 f13:0x00000001  f6=0xcefff7e0
     165935.000 ns	     16592	80003518	f0020bd3	fmv.w.x	f23,x4	  x4:0xd76a7305 f23=0xd76a7305
     165955.000 ns	     16594	8000351c	01d6d4b3	srl	x9,x13,x29	 x13:0x80041024 x29:0x00000000  x9=0x80041024
     165975.000 ns	     16596	80003520	d0090653	fcvt.s.w	f12,x18	 x18:0xf053fb7b f12=0xcd7ac048
     166025.000 ns	     16601	80003524	0180f2d3	fadd.s	f5,f1,f24	  f1:0x7fc00000 f24:0x7fc00000  f5=0x7fc00000
     166055.000 ns	     16604	80003528	03f4ab33	mulhsu	x22,x9,x31	  x9:0x80041024 x31:0x00000000 x22=0x00000000
     166075.000 ns	     16606	8000352c	b41c4e93	xori	x29,x24,-1215	 x24:0x00000000 x29=0xfffffb41
     166095.000 ns	     16608	80003530	0340e7b3	rem	x15,x1,x20	  x1:0x00000009 x20:0x00000000 x15=0x00000009
     166115.000 ns	     16610	80003534	40558133	sub	x2,x11,x5	 x11:0xc93623e8  x5:0x00000000  x2=0xc93623e8
     166135.000 ns	     16612	80003538	21312c53	fsgnjx.s	f24,f2,f19	  f2:0x4d631c71 f19:0x7f800000 f24=0x4d631c71
     166155.000 ns	     16614	8000353c	6b448993	addi	x19,x9,1716	  x9:0x80041024 x19=0x800416d8
     166165.000 ns	     16615	80003540	016de4b3	or	x9,x27,x22	 x27:0xd76a7304 x22:0x00000000  x9=0xd76a7304
     166175.000 ns	     16616	80003544	0015c333	xor	x6,x11,x1	 x11:0xc93623e8  x1:0x00000009  x6=0xc93623e1
     166185.000 ns	     16617	80003548	ea4af893	andi	x17,x21,-348	 x21:0x576662e0 x17=0x576662a0
     166205.000 ns	     16619	8000354c	c01ef953	fcvt.wu.s	x18,f29	 f29:0xffc00000 x18=0xffffffff
     166225.000 ns	     16621	80003550	0090d013	srli	x0,x1,0x9	  x1:0x00000009
     166585.000 ns	     16657	80003554	029ed3b3	divu	x7,x29,x9	 x29:0xfffffb41  x9:0xd76a7304  x7=0x00000001
     166605.000 ns	     16659	80003558	97558f13	addi	x30,x11,-1675	 x11:0xc93623e8 x30=0xc9361d5d
     166615.000 ns	     16660	8000355c	01574d33	xor	x26,x14,x21	 x14:0x00000000 x21:0x576662e0 x26=0x576662e0
     166625.000 ns	     16661	80003560	41eb58b3	sra	x17,x22,x30	 x22:0x00000000 x30:0x00000000 x17=0x00000000
     166985.000 ns	     16697	80003564	0357d1b3	divu	x3,x15,x21	 x15:0x00000009 x21:0x576662e0  x3=0x00000000
     167015.000 ns	     16700	80003568	20ce1f53	fsgnjn.s	f30,f28,f12	 f28:0x00000000 f12:0xcd7ac048 f30=0x00000000
     167045.000 ns	     16703	8000356c	28301453	fmax.s	f8,f0,f3	  f0:0x7fc00000  f3:0x7fc00000  f8=0x7fc00000
     167065.000 ns	     16705	80003570	00519593	slli	x11,x3,0x5	  x3:0x00000000 x11=0x00000000
     167085.000 ns	     16707	80003574	217b9f53	fsgnjn.s	f30,f23,f23	 f23:0xd76a7305 f23:0xd76a7305 f30=0x576a7305
     167115.000 ns	     16710	80003578	c004b953	fcvt.w.s	x18,f9	  f9:0x99e22000 x18=0x00000000
     167135.000 ns	     16712	8000357c	01d75793	srli	x15,x14,0x1d	 x14:0x00000000 x15=0x00000000
     167155.000 ns	     16714	80003580	02af11b3	mulh	x3,x30,x10	 x30:0xc9361d5d x10:0x00000000  x3=0x00000000
     167175.000 ns	     16716	80003584	d488e593	ori	x11,x17,-696	 x17:0x00000000 x11=0xfffffd48
     167195.000 ns	     16718	80003588	028a15b3	mulh	x11,x20,x8	 x20:0x00000000  x8:0x80040fe4 x11=0x00000000
     167225.000 ns	     16721	8000358c	d01b7c53	fcvt.s.wu	f24,x22	 x22:0x00000000 f24=0x00000000
     167245.000 ns	     16723	80003590	41855d13	srai	x26,x10,0x18	 x10:0x00000000 x26=0x00000000
     167605.000 ns	     16759	80003594	02dbe133	rem	x2,x23,x13	 x23:0x00000000 x13:0x80041024  x2=0x00000000
     167635.000 ns	     16762	80003598	28c18353	fmin.s	f6,f3,f12	  f3:0x7fc00000 f12:0xcd7ac048  f6=0xcd7ac048
     167665.000 ns	     16765	8000359c	d0053553	fcvt.s.w	f10,x10	 x10:0x00000000 f10=0x00000000
     167685.000 ns	     16767	800035a0	00accbb3	xor	x23,x25,x10	 x25:0x00000001 x10:0x00000000 x23=0x00000001
     167705.000 ns	     16769	800035a4	a152afd3	feq.s	x31,f5,f21	  f5:0x7fc00000 f21:0x7fc00000 x31=0x00000000
     167725.000 ns	     16771	800035a8	00689713	slli	x14,x17,0x6	 x17:0x00000000 x14=0x00000000
     167755.000 ns	     16774	800035ac	118c9353	fmul.s	f6,f25,f24	 f25:0x27c89b80 f24:0x00000000  f6=0x00000000
     167795.000 ns	     16778	800035b0	11557153	fmul.s	f2,f10,f21	 f10:0x00000000 f21:0x7fc00000  f2=0x7fc00000
     167835.000 ns	     16782	800035b4	104e24d3	fmul.s	f9,f28,f4	 f28:0x00000000  f4:0x7fc00000  f9=0x7fc00000
     168205.000 ns	     16819	800035b8	039be1b3	rem	x3,x23,x25	 x23:0x00000001 x25:0x00000001  x3=0x00000000
     168225.000 ns	     16821	800035bc	00a49213	slli	x4,x9,0xa	  x9:0xd76a7304  x4=0xa9cc1000
     168265.000 ns	     16825	800035c0	082047d3	fsub.s	f15,f0,f2	  f0:0x7fc00000  f2:0x7fc00000 f15=0x7fc00000
     168285.000 ns	     16827	800035c4	40603b13	sltiu	x22,x0,1030	  x0:0x00000000 x22=0x00000001
     168305.000 ns	     16829	800035c8	032f7733	remu	x14,x30,x18	 x30:0xc9361d5d x18:0x00000000 x14=0xc9361d5d
     168335.000 ns	     16832	800035cc	e00c02d3	fmv.x.w	x5,f24	 f24:0x00000000  x5=0x00000000
     168355.000 ns	     16834	800035d0	01315c33	srl	x24,x2,x19	  x2:0x00000000 x19:0x800416d8 x24=0x00000000
     168365.000 ns	     16835	800035d4	01989133	sll	x2,x17,x25	 x17:0x00000000 x25:0x00000001  x2=0x00000000
     168385.000 ns	     16837	800035d8	02e01033	mulh	x0,x0,x14	  x0:0x00000000 x14:0xc9361d5d
     168415.000 ns	     16840	800035dc	027aa033	mulhsu	x0,x21,x7	 x21:0x576662e0  x7:0x00000001
     168435.000 ns	     16842	800035e0	009fdc33	srl	x24,x31,x9	 x31:0x00000000  x9:0xd76a7304 x24=0x00000000
     168455.000 ns	     16844	800035e4	f00c83d3	fmv.w.x	f7,x25	 x25:0x00000001  f7=0x00000001
     168475.000 ns	     16846	800035e8	00000013	addi	x0,x0,0	  x0:0x00000000
     168485.000 ns	     16847	800035ec	009325b3	slt	x11,x6,x9	  x6:0xc93623e1  x9:0xd76a7304 x11=0x00000001
     168495.000 ns	     16848	800035f0	c2c2fbb7	lui	x23,0xc2c2f	 x23=0xc2c2f000
     168505.000 ns	     16849	800035f4	9e6db817	auipc	x16,0x9e6db	 x16=0x1e6de5f4
     168515.000 ns	     16850	800035f8	01dbc633	xor	x12,x23,x29	 x23:0x00000001 x29:0xfffffb41 x12=0x3d3d0b41
     168545.000 ns	     16853	800035fc	10f98bd3	fmul.s	f23,f19,f15	 f19:0x7f800000 f15:0x7fc00000 f23=0x7fc00000
     168565.000 ns	     16855	80003600	015e3933	sltu	x18,x28,x21	 x28:0xc9800000 x21:0x576662e0 x18=0x00000000
     168575.000 ns	     16856	80003604	417f5db3	sra	x27,x30,x23	 x30:0xc9361d5d x23:0xc2c2f000 x27=0xc9361d5d
     168595.000 ns	     16858	80003608	21898fd3	fsgnj.s	f31,f19,f24	 f19:0x7f800000 f24:0x00000000 f31=0x7f800000
     168615.000 ns	     16860	8000360c	008ffc33	and	x24,x31,x8	 x31:0x00000000  x8:0x80040fe4 x24=0x00000000
     168645.000 ns	     16863	80003610	10004953	fmul.s	f18,f0,f0	  f0:0x7fc00000  f0:0x7fc00000 f18=0x7fc00000
     168675.000 ns	     16866	80003614	c00e75d3	fcvt.w.s	x11,f28	 f28:0x00000000 x11=0x00000000
     168705.000 ns	     16869	80003618	a0eaa853	feq.s	x16,f21,f14	 f21:0x7fc00000 f14:0xffffffff x16=0x00000000
     168735.000 ns	     16872	8000361c	209b8f53	fsgnj.s	f30,f23,f9	 f23:0x7fc00000  f9:0x7fc00000 f30=0x7fc00000
     169105.000 ns	     16909	80003620	02e6fab3	remu	x21,x13,x14	 x13:0x80041024 x14:0xc9361d5d x21=0x80041024
     169125.000 ns	     16911	80003624	01fe9b13	slli	x22,x29,0x1f	 x29:0xfffffb41 x22=0x80000000
     169135.000 ns	     16912	80003628	00e2a1b3	slt	x3,x5,x14	  x5:0x00000000 x14:0xc9361d5d  x3=0x00000000
     169145.000 ns	     16913	8000362c	a8382013	slti	x0,x16,-1405	 x16:0x00000000
     169155.000 ns	     16914	80003630	00e31233	sll	x4,x6,x14	  x6:0xc93623e1 x14:0xc9361d5d  x4=0x20000000
     169165.000 ns	     16915	80003634	ab20ed93	ori	x27,x1,-1358	  x1:0x00000009 x27=0xfffffabb
     169175.000 ns	     16916	80003638	a466e137	lui	x2,0xa466e	  x2=0xa466e000
     169205.000 ns	     16919	8000363c	58094dd3	fsqrt.s	f27,f18	 f18:0x7fc00000 f27=0x7fc00000
     169225.000 ns	     16921	80003640	71717f13	andi	x30,x2,1815	  x2:0x00000000 x30=0x00000000
     169585.000 ns	     16957	80003644	02885cb3	divu	x25,x16,x8	 x16:0x00000000  x8:0x80040fe4 x25=0x00000000
     169605.000 ns	     16959	80003648	001d2cb3	slt	x25,x26,x1	 x26:0x00000000  x1:0x00000009 x25=0x00000001
     169615.000 ns	     16960	8000364c	1932ea93	ori	x21,x5,403	  x5:0x00000000 x21=0x00000193
     169625.000 ns	     16961	80003650	0001d5b3	srl	x11,x3,x0	  x3:0x00000000  x0:0x00000000 x11=0x00000000
     169635.000 ns	     16962	80003654	409a8333	sub	x6,x21,x9	 x21:0x80041024  x9:0xd76a7304  x6=0x28958e8f
     169655.000 ns	     16964	80003658	02a70933	mul	x18,x14,x10	 x14:0xc9361d5d x10:0x00000000 x18=0x00000000
     169675.000 ns	     16966	8000365c	01598833	add	x16,x19,x21	 x19:0x800416d8 x21:0x00000193 x16=0x8004186b
     169695.000 ns	     16968	80003660	a0780fd3	fle.s	x31,f16,f7	 f16:0x80000000  f7:0x00000001 x31=0x00000001
     169715.000 ns	     16970	80003664	4184dcb3	sra	x25,x9,x24	  x9:0xd76a7304 x24:0x00000000 x25=0xd76a7304
     169755.000 ns	     16974	80003668	097280d3	fsub.s	f1,f5,f23	  f5:0x7fc00000 f23:0x7fc00000  f1=0x7fc00000
     169775.000 ns	     16976	8000366c	0116cf33	xor	x30,x13,x17	 x13:0x80041024 x17:0x00000000 x30=0x80041024
     169785.000 ns	     16977	80003670	adf9e593	ori	x11,x19,-1313	 x19:0x800416d8 x11=0xfffffedf
     169805.000 ns	     16979	80003674	02d53eb3	mulhu	x29,x10,x13	 x10:0x00000000 x13:0x80041024 x29=0x00000000
     169855.000 ns	     16984	80003678	09297753	fsub.s	f14,f18,f18	 f18:0x7fc00000 f18:0x7fc00000 f14=0x7fc00000
     169875.000 ns	     16986	8000367c	01461333	sll	x6,x12,x20	 x12:0x3d3d0b41 x20:0x00000000  x6=0x3d3d0b41
     169895.000 ns	     16988	80003680	034161b3	rem	x3,x2,x20	  x2:0xa466e000 x20:0x00000000  x3=0xa466e000
     169925.000 ns	     16991	80003684	20168a53	fsgnj.s	f20,f13,f1	 f13:0x00000001  f1:0x7fc00000 f20=0x00000001
     169945.000 ns	     16993	80003688	018217b3	sll	x15,x4,x24	  x4:0x20000000 x24:0x00000000 x15=0x20000000
     169955.000 ns	     16994	8000368c	01bfec33	or	x24,x31,x27	 x31:0x00000001 x27:0xfffffabb x24=0xfffffabb
     169965.000 ns	     16995	80003690	b35de513	ori	x10,x27,-1227	 x27:0xfffffabb x10=0xfffffbbf
     169975.000 ns	     16996	80003694	01509793	slli	x15,x1,0x15	  x1:0x00000009 x15=0x01200000
     170335.000 ns	     17032	80003698	024cc8b3	div	x17,x25,x4	 x25:0xd76a7304  x4:0x20000000 x17=0xffffffff
     170355.000 ns	     17034	8000369c	011e04b3	add	x9,x28,x17	 x28:0xc9800000 x17:0x00000000  x9=0xc97fffff
     170365.000 ns	     17035	800036a0	41a1d593	srai	x11,x3,0x1a	  x3:0xa466e000 x11=0xffffffe9
     170375.000 ns	     17036	800036a4	01edbb33	sltu	x22,x27,x30	 x27:0xfffffabb x30:0x80041024 x22=0x00000000
     170415.000 ns	     17040	800036a8	09b720d3	fsub.s	f1,f14,f27	 f14:0x7fc00000 f27:0x7fc00000  f1=0x7fc00000
     170435.000 ns	     17042	800036ac	0b0e0637	lui	x12,0xb0e0	 x12=0x0b0e0000
     170445.000 ns	     17043	800036b0	006295b3	sll	x11,x5,x6	  x5:0x00000000  x6:0x3d3d0b41 x11=0x00000000
     170465.000 ns	     17045	800036b4	c01574d3	fcvt.wu.s	x9,f10	 f10:0x00000000  x9=0x00000000
     170485.000 ns	     17047	800036b8	0061aeb3	slt	x29,x3,x6	  x3:0xa466e000  x6:0x3d3d0b41 x29=0x00000001
     170505.000 ns	     17049	800036bc	218304d3	fsgnj.s	f9,f6,f24	  f6:0x00000000 f24:0x00000000  f9=0x00000000
     170535.000 ns	     17052	800036c0	d0117e53	fcvt.s.wu	f28,x2	  x2:0xa466e000 f28=0x4f2466e0
     170585.000 ns	     17057	800036c4	0054fd53	fadd.s	f26,f9,f5	  f9:0x00000000  f5:0x7fc00000 f26=0x7fc00000
     170615.000 ns	     17060	800036c8	29f50753	fmin.s	f14,f10,f31	 f10:0x00000000 f31:0x7f800000 f14=0x00000000
     170655.000 ns	     17064	800036cc	106df5d3	fmul.s	f11,f27,f6	 f27:0x7fc00000  f6:0x00000000 f11=0x7fc00000
     170675.000 ns	     17066	800036d0	f26a4e37	lui	x28,0xf26a4	 x28=0xf26a4000
     170695.000 ns	     17068	800036d4	02547333	remu	x6,x8,x5	  x8:0x80040fe4  x5:0x00000000  x6=0x80040fe4
     170715.000 ns	     17070	800036d8	41fc5c33	sra	x24,x24,x31	 x24:0xfffffabb x31:0x00000001 x24=0xfffffd5d
     170735.000 ns	     17072	800036dc	f00a8f53	fmv.w.x	f30,x21	 x21:0x00000193 f30=0x00000193
     170765.000 ns	     17075	800036e0	03a5f9b3	remu	x19,x11,x26	 x11:0x00000000 x26:0x00000000 x19=0x00000000
     170815.000 ns	     17080	800036e4	08a19bd3	fsub.s	f23,f3,f10	  f3:0x7fc00000 f10:0x00000000 f23=0x7fc00000
     170845.000 ns	     17083	800036e8	d00e75d3	fcvt.s.w	f11,x28	 x28:0xf26a4000 f11=0xcd595c00
     170865.000 ns	     17085	800036ec	018c41b3	xor	x3,x24,x24	 x24:0xfffffd5d x24:0xfffffd5d  x3=0x00000000
     170895.000 ns	     17088	800036f0	11f6aa53	fmul.s	f20,f13,f31	 f13:0x00000001 f31:0x7f800000 f20=0x7f800000
     170935.000 ns	     17092	800036f4	10b48e53	fmul.s	f28,f9,f11	  f9:0x00000000 f11:0xcd595c00 f28=0x80000000
     170965.000 ns	     17095	800036f8	021b3db3	mulhu	x27,x22,x1	 x22:0x00000000  x1:0x00000009 x27=0x00000000
     170985.000 ns	     17097	800036fc	23fbe913	ori	x18,x23,575	 x23:0xc2c2f000 x18=0xc2c2f23f
     171005.000 ns	     17099	80003700	a0a897d3	flt.s	x15,f17,f10	 f17:0x7fc00000 f10:0x00000000 x15=0x00000000
     171025.000 ns	     17101	80003704	00ec5f13	srli	x30,x24,0xe	 x24:0xfffffd5d x30=0x0003ffff
     171035.000 ns	     17102	80003708	00000013	addi	x0,x0,0	  x0:0x00000000
     171045.000 ns	     17103	8000370c	513db513	sltiu	x10,x27,1299	 x27:0x00000000 x10=0x00000001
     171065.000 ns	     17105	80003710	c00898d3	fcvt.w.s	x17,f17	 f17:0x7fc00000 x17=0x7fffffff
     171085.000 ns	     17107	80003714	002a5533	srl	x10,x20,x2	 x20:0x00000000  x2:0xa466e000 x10=0x00000000
     171095.000 ns	     17108	80003718	00361033	sll	x0,x12,x3	 x12:0x0b0e0000  x3:0x00000000
     171105.000 ns	     17109	8000371c	00f7fb33	and	x22,x15,x15	 x15:0x00000000 x15:0x00000000 x22=0x00000000
     171125.000 ns	     17111	80003720	a1cf1c53	flt.s	x24,f30,f28	 f30:0x00000193 f28:0x80000000 x24=0x00000000
     171145.000 ns	     17113	80003724	010c6d33	or	x26,x24,x16	 x24:0xfffffd5d x16:0x8004186b x26=0x8004186b
     171155.000 ns	     17114	80003728	57058213	addi	x4,x11,1392	 x11:0x00000000  x4=0x00000570
     171175.000 ns	     17116	8000372c	02ecabb3	mulhsu	x23,x25,x14	 x25:0xd76a7304 x14:0xc9361d5d x23=0xe01a001a
     171215.000 ns	     17120	80003730	105bf553	fmul.s	f10,f23,f5	 f23:0x7fc00000  f5:0x7fc00000 f10=0x7fc00000
     171585.000 ns	     17157	80003734	0273cb33	div	x22,x7,x7	  x7:0x00000001  x7:0x00000001 x22=0x00000001
     171615.000 ns	     17160	80003738	d0157353	fcvt.s.wu	f6,x10	 x10:0x00000000  f6=0x00000000
     171645.000 ns	     17163	8000373c	28999ed3	fmax.s	f29,f19,f9	 f19:0x7f800000  f9:0x00000000 f29=0x7f800000
     171675.000 ns	     17166	80003740	028319b3	mulh	x19,x6,x8	  x6:0x80040fe4  x8:0x80040fe4 x19=0x3ffbf02c
     171705.000 ns	     17169	80003744	c012f2d3	fcvt.wu.s	x5,f5	  f5:0x7fc00000  x5=0xffffffff
     171725.000 ns	     17171	80003748	01e89eb3	sll	x29,x17,x30	 x17:0x7fffffff x30:0x0003ffff x29=0x80000000
     171745.000 ns	     17173	8000374c	202b88d3	fsgnj.s	f17,f23,f2	 f23:0x7fc00000  f2:0x7fc00000 f17=0x7fc00000
     171775.000 ns	     17176	80003750	d0047d53	fcvt.s.w	f26,x8	  x8:0x80040fe4 f26=0xcefff7e0
     171805.000 ns	     17179	80003754	d01cb7d3	fcvt.s.wu	f15,x25	 x25:0xd76a7304 f15=0x4f576a74
     171825.000 ns	     17181	80003758	017a1113	slli	x2,x20,0x17	 x20:0x00000000  x2=0x00000000
     171855.000 ns	     17184	8000375c	1170f9d3	fmul.s	f19,f1,f23	  f1:0x7fc00000 f23:0x7fc00000 f19=0x7fc00000
     171885.000 ns	     17187	80003760	c0197cd3	fcvt.wu.s	x25,f18	 f18:0x7fc00000 x25=0xffffffff
     171905.000 ns	     17189	80003764	017414b3	sll	x9,x8,x23	  x8:0x80040fe4 x23:0xe01a001a  x9=0x90000000
     171915.000 ns	     17190	80003768	55d4c613	xori	x12,x9,1373	  x9:0x00000000 x12=0x9000055d
     171945.000 ns	     17193	8000376c	19ff85d3	fdiv.s	f11,f31,f31	 f31:0x7f800000 f31:0x7f800000 f11=0x7fc00000
     171975.000 ns	     17196	80003770	035c1933	mulh	x18,x24,x21	 x24:0x00000000 x21:0x00000193 x18=0x00000000
     171995.000 ns	     17198	80003774	0089e7b3	or	x15,x19,x8	 x19:0x3ffbf02c  x8:0x80040fe4 x15=0xbfffffec
     172015.000 ns	     17200	80003778	29861153	fmax.s	f2,f12,f24	 f12:0xcd7ac048 f24:0x00000000  f2=0x00000000
     172045.000 ns	     17203	8000377c	20fa1ad3	fsgnjn.s	f21,f20,f15	 f20:0x7f800000 f15:0x4f576a74 f21=0xff800000
     172095.000 ns	     17208	80003780	080e1153	fsub.s	f2,f28,f0	 f28:0x80000000  f0:0x7fc00000  f2=0x7fc00000
     172125.000 ns	     17211	80003784	c003f753	fcvt.w.s	x14,f7	  f7:0x00000001 x14=0x00000000
     172155.000 ns	     17214	80003788	21f78a53	fsgnj.s	f20,f15,f31	 f15:0x4f576a74 f31:0x7f800000 f20=0x4f576a74
     172195.000 ns	     17218	8000378c	580195d3	fsqrt.s	f11,f3	  f3:0x7fc00000 f11=0x7fc00000
     172235.000 ns	     17222	80003790	19677653	fdiv.s	f12,f14,f22	 f14:0x00000000 f22:0x7fc00000 f12=0x7fc00000
     172255.000 ns	     17224	80003794	41fe0b33	sub	x22,x28,x31	 x28:0xf26a4000 x31:0x00000001 x22=0xf26a3fff
     172275.000 ns	     17226	80003798	02731933	mulh	x18,x6,x7	  x6:0x80040fe4  x7:0x00000001 x18=0xffffffff
     172295.000 ns	     17228	8000379c	0039ddb3	srl	x27,x19,x3	 x19:0x3ffbf02c  x3:0x00000000 x27=0x3ffbf02c
     172315.000 ns	     17230	800037a0	e0041553	fclass.s	x10,f8	  f8:0x7fc00000 x10=0x00000200
     172345.000 ns	     17233	800037a4	a0e4aad3	feq.s	x21,f9,f14	  f9:0x00000000 f14:0x00000000 x21=0x00000001
     172365.000 ns	     17235	800037a8	01686733	or	x14,x16,x22	 x16:0x8004186b x22:0xf26a3fff x14=0xf26e3fff
     172405.000 ns	     17239	800037ac	09b8a2d3	fsub.s	f5,f17,f27	 f17:0x7fc00000 f27:0x7fc00000  f5=0x7fc00000
     172775.000 ns	     17276	800037b0	0372e733	rem	x14,x5,x23	  x5:0xffffffff x23:0xe01a001a x14=0xffffffff
     172805.000 ns	     17279	800037b4	29bb0653	fmin.s	f12,f22,f27	 f22:0x7fc00000 f27:0x7fc00000 f12=0x7fc00000
     172835.000 ns	     17282	800037b8	037eb633	mulhu	x12,x29,x23	 x29:0x80000000 x23:0xe01a001a x12=0x700d000d
     172885.000 ns	     17287	800037bc	00459953	fadd.s	f18,f11,f4	 f11:0x7fc00000  f4:0x7fc00000 f18=0x7fc00000
     172915.000 ns	     17290	800037c0	217121d3	fsgnjx.s	f3,f2,f23	  f2:0x7fc00000 f23:0x7fc00000  f3=0x7fc00000
     172945.000 ns	     17293	800037c4	a0052d53	feq.s	x26,f10,f0	 f10:0x7fc00000  f0:0x7fc00000 x26=0x00000000
     172975.000 ns	     17296	800037c8	e00988d3	fmv.x.w	x17,f19	 f19:0x7fc00000 x17=0x7fc00000
     172995.000 ns	     17298	800037cc	41a9d493	srai	x9,x19,0x1a	 x19:0x3ffbf02c  x9=0x0000000f
     173015.000 ns	     17300	800037d0	209ba4d3	fsgnjx.s	f9,f23,f9	 f23:0x7fc00000  f9:0x00000000  f9=0x7fc00000
     173035.000 ns	     17302	800037d4	0056d013	srli	x0,x13,0x5	 x13:0x80041024
     173045.000 ns	     17303	800037d8	00783e33	sltu	x28,x16,x7	 x16:0x8004186b  x7:0x00000001 x28=0x00000000
     173055.000 ns	     17304	800037dc	017bbdb3	sltu	x27,x23,x23	 x23:0xe01a001a x23:0xe01a001a x27=0x00000000
     173065.000 ns	     17305	800037e0	00824933	xor	x18,x4,x8	  x4:0x00000570  x8:0x80040fe4 x18=0x80040a94
     173075.000 ns	     17306	800037e4	852a32b7	lui	x5,0x852a3	  x5=0x852a3000
     173435.000 ns	     17342	800037e8	0300ef33	rem	x30,x1,x16	  x1:0x00000009 x16:0x8004186b x30=0x00000009
     173455.000 ns	     17344	800037ec	0026d133	srl	x2,x13,x2	 x13:0x80041024  x2:0x00000000  x2=0x80041024
     173465.000 ns	     17345	800037f0	01ec4eb3	xor	x29,x24,x30	 x24:0x00000000 x30:0x00000009 x29=0x00000009
     173485.000 ns	     17347	800037f4	e00a8953	fmv.x.w	x18,f21	 f21:0xff800000 x18=0xff800000
     173505.000 ns	     17349	800037f8	96676993	ori	x19,x14,-1690	 x14:0xffffffff x19=0xffffffff
     173525.000 ns	     17351	800037fc	a1349e53	flt.s	x28,f9,f19	  f9:0x7fc00000 f19:0x7fc00000 x28=0x00000000
     173545.000 ns	     17353	80003800	405bd333	sra	x6,x23,x5	 x23:0xe01a001a  x5:0x852a3000  x6=0xe01a001a
     174715.000 ns	     17470	80003804	580c9153	fsqrt.s	f2,f25	 f25:0x27c89b80  f2=0x33203e25
     174735.000 ns	     17472	80003808	4118d2b3	sra	x5,x17,x17	 x17:0x7fc00000 x17:0x7fc00000  x5=0x7fc00000
     174755.000 ns	     17474	8000380c	0236f4b3	remu	x9,x13,x3	 x13:0x80041024  x3:0x00000000  x9=0x80041024
     174785.000 ns	     17477	80003810	0262a033	mulhsu	x0,x5,x6	  x5:0x852a3000  x6:0xe01a001a
     174805.000 ns	     17479	80003814	67f38493	addi	x9,x7,1663	  x7:0x00000001  x9=0x00000680
     174815.000 ns	     17480	80003818	4101db13	srai	x22,x3,0x10	  x3:0x00000000 x22=0x00000000
     174825.000 ns	     17481	8000381c	414559b3	sra	x19,x10,x20	 x10:0x00000200 x20:0x00000000 x19=0x00000200
     174845.000 ns	     17483	80003820	c0141fd3	fcvt.wu.s	x31,f8	  f8:0x7fc00000 x31=0xffffffff
     175215.000 ns	     17520	80003824	022fe733	rem	x14,x31,x2	 x31:0x00000001  x2:0x80041024 x14=0xffffffff
     175245.000 ns	     17523	80003828	20b38bd3	fsgnj.s	f23,f7,f11	  f7:0x00000001 f11:0x7fc00000 f23=0x00000001
     175265.000 ns	     17525	8000382c	007be833	or	x16,x23,x7	 x23:0xe01a001a  x7:0x00000001 x16=0xe01a001b
     175275.000 ns	     17526	80003830	9eb7c393	xori	x7,x15,-1557	 x15:0xbfffffec  x7=0x40000607
     175295.000 ns	     17528	80003834	c01d8c53	fcvt.wu.s	x24,f27	 f27:0x7fc00000 x24=0xffffffff
     175325.000 ns	     17531	80003838	206d29d3	fsgnjx.s	f19,f26,f6	 f26:0xcefff7e0  f6:0x00000000 f19=0xcefff7e0
     175345.000 ns	     17533	8000383c	019f88b3	add	x17,x31,x25	 x31:0xffffffff x25:0xffffffff x17=0xfffffffe
     175355.000 ns	     17534	80003840	00000013	addi	x0,x0,0	  x0:0x00000000
     175365.000 ns	     17535	80003844	00e34333	xor	x6,x6,x14	  x6:0xe01a001a x14:0xffffffff  x6=0x1fe5ffe5
     175725.000 ns	     17571	80003848	03edd633	divu	x12,x27,x30	 x27:0x00000000 x30:0x00000009 x12=0x00000000
     175745.000 ns	     17573	8000384c	dc26b197	auipc	x3,0xdc26b	  x3=0x5c26e84c
     175765.000 ns	     17575	80003850	20949bd3	fsgnjn.s	f23,f9,f9	  f9:0x7fc00000  f9:0x7fc00000 f23=0xffc00000
     175815.000 ns	     17580	80003854	0859ff53	fsub.s	f30,f19,f5	 f19:0xcefff7e0  f5:0x7fc00000 f30=0x7fc00000
     175835.000 ns	     17582	80003858	019b44b3	xor	x9,x22,x25	 x22:0x00000000 x25:0xffffffff  x9=0xffffffff
     175855.000 ns	     17584	8000385c	215c0ed3	fsgnj.s	f29,f24,f21	 f24:0x00000000 f21:0xff800000 f29=0x80000000
     175885.000 ns	     17587	80003860	e00e91d3	fclass.s	x3,f29	 f29:0x7f800000  x3=0x00000008
     175915.000 ns	     17590	80003864	c0117653	fcvt.wu.s	x12,f2	  f2:0x33203e25 x12=0x00000000
     176285.000 ns	     17627	80003868	03f75933	divu	x18,x14,x31	 x14:0xffffffff x31:0xffffffff x18=0x00000001
     176315.000 ns	     17630	8000386c	29a61753	fmax.s	f14,f12,f26	 f12:0x7fc00000 f26:0xcefff7e0 f14=0xcefff7e0
     176345.000 ns	     17633	80003870	03a005b3	mul	x11,x0,x26	  x0:0x00000000 x26:0x00000000 x11=0x00000000
     176375.000 ns	     17636	80003874	f0018dd3	fmv.w.x	f27,x3	  x3:0x00000008 f27=0x00000008
     176395.000 ns	     17638	80003878	01fe1e13	slli	x28,x28,0x1f	 x28:0x00000000 x28=0x00000000
     176415.000 ns	     17640	8000387c	022383b3	mul	x7,x7,x2	  x7:0x40000607  x2:0x80041024  x7=0x987d48fc
     176435.000 ns	     17642	80003880	01df79b3	and	x19,x30,x29	 x30:0x00000009 x29:0x00000009 x19=0x00000009
     176455.000 ns	     17644	80003884	d0158c53	fcvt.s.wu	f24,x11	 x11:0x00000000 f24=0x00000000
     176485.000 ns	     17647	80003888	e00f9ed3	fclass.s	x29,f31	 f31:0x7f800000 x29=0x00000080
     176525.000 ns	     17651	8000388c	180177d3	fdiv.s	f15,f2,f0	  f2:0x33203e25  f0:0x7fc00000 f15=0x7fc00000
     176545.000 ns	     17653	80003890	d470eab7	lui	x21,0xd470e	 x21=0xd470e000
     176565.000 ns	     17655	80003894	03ae1533	mulh	x10,x28,x26	 x28:0x00000000 x26:0x00000000 x10=0x00000000
     176595.000 ns	     17658	80003898	c0047dd3	fcvt.w.s	x27,f8	  f8:0x7fc00000 x27=0x7fffffff
     176615.000 ns	     17660	8000389c	00d3d2b3	srl	x5,x7,x13	  x7:0x987d48fc x13:0x80041024  x5=0x0987d48f
     176945.000 ns	     17693	800038a0	182a1453	fdiv.s	f8,f20,f2	 f20:0x4f576a74  f2:0x33203e25  f8=0x5b980ee7
     176965.000 ns	     17695	800038a4	005ed633	srl	x12,x29,x5	 x29:0x00000080  x5:0x7fc00000 x12=0x00000000
     176995.000 ns	     17698	800038a8	19edc0d3	fdiv.s	f1,f27,f30	 f27:0x00000008 f30:0x7fc00000  f1=0x7fc00000
     177025.000 ns	     17701	800038ac	d00729d3	fcvt.s.w	f19,x14	 x14:0xffffffff f19=0xbf800000
     177055.000 ns	     17704	800038b0	02c15833	divu	x16,x2,x12	  x2:0x80041024 x12:0x00000000 x16=0xffffffff
     177085.000 ns	     17707	800038b4	e00607d3	fmv.x.w	x15,f12	 f12:0x7fc00000 x15=0x7fc00000
     177105.000 ns	     17709	800038b8	010a1333	sll	x6,x20,x16	 x20:0x00000000 x16:0xffffffff  x6=0x00000000
     177115.000 ns	     17710	800038bc	40a55293	srai	x5,x10,0xa	 x10:0x00000000  x5=0x00000000
     177125.000 ns	     17711	800038c0	4488a897	auipc	x17,0x4488a	 x17=0xc488d8c0
     177145.000 ns	     17713	800038c4	d0147753	fcvt.s.wu	f14,x8	  x8:0x80040fe4 f14=0x4f00040f
     177165.000 ns	     17715	800038c8	40225793	srai	x15,x4,0x2	  x4:0x00000570 x15=0x0000015c
     177175.000 ns	     17716	800038cc	3d843d97	auipc	x27,0x3d843	 x27=0xbd8468cc
     177195.000 ns	     17718	800038d0	031828b3	mulhsu	x17,x16,x17	 x16:0xffffffff x17:0xc488d8c0 x17=0xffffffff
     177225.000 ns	     17721	800038d4	c00d3d53	fcvt.w.s	x26,f26	 f26:0xcefff7e0 x26=0x80041000
     177255.000 ns	     17724	800038d8	c0021753	fcvt.w.s	x14,f4	  f4:0x7fc00000 x14=0x7fffffff
     177285.000 ns	     17727	800038dc	29609253	fmax.s	f4,f1,f22	  f1:0x7fc00000 f22:0x7fc00000  f4=0x7fc00000
     177315.000 ns	     17730	800038e0	29641953	fmax.s	f18,f8,f22	  f8:0x5b980ee7 f22:0x7fc00000 f18=0x5b980ee7
     177335.000 ns	     17732	800038e4	00b9c733	xor	x14,x19,x11	 x19:0x00000009 x11:0x00000000 x14=0x00000009
     177345.000 ns	     17733	800038e8	004af933	and	x18,x21,x4	 x21:0xd470e000  x4:0x00000570 x18=0x00000000
     177365.000 ns	     17735	800038ec	038f8d33	mul	x26,x31,x24	 x31:0xffffffff x24:0xffffffff x26=0x00000001
     177395.000 ns	     17738	800038f0	024caeb3	mulhsu	x29,x25,x4	 x25:0xffffffff  x4:0x00000570 x29=0xffffffff
     177425.000 ns	     17741	800038f4	e00e1fd3	fclass.s	x31,f28	 f28:0x80000000 x31=0x00000008
     177445.000 ns	     17743	800038f8	00cf2033	slt	x0,x30,x12	 x30:0x00000009 x12:0x00000000
     177455.000 ns	     17744	800038fc	a8efbf93	sltiu	x31,x31,-1394	 x31:0x00000008 x31=0x00000001
     177465.000 ns	     17745	80003900	01faca33	xor	x20,x21,x31	 x21:0xd470e000 x31:0x00000008 x20=0xd470e001
     177475.000 ns	     17746	80003904	9bd7c813	xori	x16,x15,-1603	 x15:0x0000015c x16=0xfffff8e1
     177495.000 ns	     17748	80003908	a1fb08d3	fle.s	x17,f22,f31	 f22:0x7fc00000 f31:0x7f800000 x17=0x00000000
     177515.000 ns	     17750	8000390c	0159aa33	slt	x20,x19,x21	 x19:0x00000009 x21:0xd470e000 x20=0x00000000
     177525.000 ns	     17751	80003910	d29ca513	slti	x10,x25,-727	 x25:0xffffffff x10=0x00000000
     177535.000 ns	     17752	80003914	4173df13	srai	x30,x7,0x17	  x7:0x987d48fc x30=0xffffff30
     177555.000 ns	     17754	80003918	e00d83d3	fmv.x.w	x7,f27	 f27:0x00000008  x7=0x00000008
     177585.000 ns	     17757	8000391c	21332cd3	fsgnjx.s	f25,f6,f19	  f6:0x00000000 f19:0xbf800000 f25=0x80000000
     177605.000 ns	     17759	80003920	8ffa6813	ori	x16,x20,-1793	 x20:0x00000000 x16=0xfffff8ff
     177625.000 ns	     17761	80003924	038b8633	mul	x12,x23,x24	 x23:0xe01a001a x24:0xffffffff x12=0x1fe5ffe6
     177995.000 ns	     17798	80003928	0331d7b3	divu	x15,x3,x19	  x3:0x00000008 x19:0x00000009 x15=0x00000000
     178015.000 ns	     17800	8000392c	00000013	addi	x0,x0,0	  x0:0x00000000
     178025.000 ns	     17801	80003930	01005b13	srli	x22,x0,0x10	  x0:0x00000000 x22=0x00000000
     178045.000 ns	     17803	80003934	29709953	fmax.s	f18,f1,f23	  f1:0x7fc00000 f23:0xffc00000 f18=0x7fc00000
     178065.000 ns	     17805	80003938	43e7f113	andi	x2,x15,1086	 x15:0x00000000  x2=0x00000000
     178085.000 ns	     17807	8000393c	28b99653	fmax.s	f12,f19,f11	 f19:0xbf800000 f11:0x7fc00000 f12=0xbf800000
     178105.000 ns	     17809	80003940	008cca33	xor	x20,x25,x8	 x25:0xffffffff  x8:0x80040fe4 x20=0x7ffbf01b
     178115.000 ns	     17810	80003944	01da91b3	sll	x3,x21,x29	 x21:0xd470e000 x29:0xffffffff  x3=0x00000000
     178125.000 ns	     17811	80003948	a6eb1537	lui	x10,0xa6eb1	 x10=0xa6eb1000
     178145.000 ns	     17813	8000394c	a1ff1653	flt.s	x12,f30,f31	 f30:0x7fc00000 f31:0x7f800000 x12=0x00000000
     178185.000 ns	     17817	80003950	580b79d3	fsqrt.s	f19,f22	 f22:0x7fc00000 f19=0x7fc00000
     178215.000 ns	     17820	80003954	03261233	mulh	x4,x12,x18	 x12:0x00000000 x18:0x00000000  x4=0x00000000
     178235.000 ns	     17822	80003958	4810e993	ori	x19,x1,1153	  x1:0x00000009 x19=0x00000489
     178245.000 ns	     17823	8000395c	92f34a97	auipc	x21,0x92f34	 x21=0x12f3795c
     178265.000 ns	     17825	80003960	0245d933	divu	x18,x11,x4	 x11:0x00000000  x4:0x00000000 x18=0xffffffff
     178295.000 ns	     17828	80003964	d01778d3	fcvt.s.wu	f17,x14	 x14:0x00000009 f17=0x41100000
     178665.000 ns	     17865	80003968	0322f933	remu	x18,x5,x18	  x5:0x00000000 x18:0xffffffff x18=0x00000000
     178695.000 ns	     17868	8000396c	03b33333	mulhu	x6,x6,x27	  x6:0x00000000 x27:0xbd8468cc  x6=0x00000000
     178725.000 ns	     17871	80003970	a1f9a153	feq.s	x2,f19,f31	 f19:0x7fc00000 f31:0x7f800000  x2=0x00000000
     179095.000 ns	     17908	80003974	03af7cb3	remu	x25,x30,x26	 x30:0xffffff30 x26:0x00000001 x25=0x00000000
     179125.000 ns	     17911	80003978	039f7033	remu	x0,x30,x25	 x30:0xffffff30 x25:0xffffffff
     179165.000 ns	     17915	8000397c	580aacd3	fsqrt.s	f25,f21	 f21:0xff800000 f25=0x7fc00000
     179535.000 ns	     17952	80003980	02a1fab3	remu	x21,x3,x10	  x3:0x00000000 x10:0xa6eb1000 x21=0x00000000
     179565.000 ns	     17955	80003984	0324aab3	mulhsu	x21,x9,x18	  x9:0xffffffff x18:0x00000000 x21=0x00000000
     179595.000 ns	     17958	80003988	20082d53	fsgnjx.s	f26,f16,f0	 f16:0x80000000  f0:0x7fc00000 f26=0x80000000
     179625.000 ns	     17961	8000398c	c0137753	fcvt.wu.s	x14,f6	  f6:0x00000000 x14=0x00000000
     179655.000 ns	     17964	80003990	f0070e53	fmv.w.x	f28,x14	 x14:0x00000009 f28=0x00000000
     179675.000 ns	     17966	80003994	016f01b3	add	x3,x30,x22	 x30:0xffffff30 x22:0x00000000  x3=0xffffff30
     179685.000 ns	     17967	80003998	018263b3	or	x7,x4,x24	  x4:0x00000000 x24:0xffffffff  x7=0xffffffff
     179705.000 ns	     17969	8000399c	291e9c53	fmax.s	f24,f29,f17	 f29:0x80000000 f17:0x41100000 f24=0x41100000
     179735.000 ns	     17972	800039a0	f0050653	fmv.w.x	f12,x10	 x10:0xa6eb1000 f12=0xa6eb1000
     179755.000 ns	     17974	800039a4	009c1f93	slli	x31,x24,0x9	 x24:0xffffffff x31=0xfffffe00
     179775.000 ns	     17976	800039a8	284a8a53	fmin.s	f20,f21,f4	 f21:0xff800000  f4:0x7fc00000 f20=0xff800000
     179805.000 ns	     17979	800039ac	208f0c53	fsgnj.s	f24,f30,f8	 f30:0x7fc00000  f8:0x5b980ee7 f24=0x7fc00000
     179825.000 ns	     17981	800039b0	019527b3	slt	x15,x10,x25	 x10:0xa6eb1000 x25:0x00000000 x15=0x00000001
     179845.000 ns	     17983	800039b4	0263d233	divu	x4,x7,x6	  x7:0xffffffff  x6:0x00000000  x4=0xffffffff
     179875.000 ns	     17986	800039b8	20979ed3	fsgnjn.s	f29,f15,f9	 f15:0x7fc00000  f9:0x7fc00000 f29=0xffc00000
     179895.000 ns	     17988	800039bc	014999b3	sll	x19,x19,x20	 x19:0x00000489 x20:0x7ffbf01b x19=0x48000000
     179915.000 ns	     17990	800039c0	d00f72d3	fcvt.s.w	f5,x30	 x30:0xffffff30  f5=0xc3500000
     179945.000 ns	     17993	800039c4	213111d3	fsgnjn.s	f3,f2,f19	  f2:0x33203e25 f19:0x7fc00000  f3=0xb3203e25
     179965.000 ns	     17995	800039c8	01ec2eb3	slt	x29,x24,x30	 x24:0xffffffff x30:0xffffff30 x29=0x00000000
     179975.000 ns	     17996	800039cc	00000013	addi	x0,x0,0	  x0:0x00000000
     179985.000 ns	     17997	800039d0	01586eb3	or	x29,x16,x21	 x16:0xfffff8ff x21:0x00000000 x29=0xfffff8ff
     180345.000 ns	     18033	800039d4	02ddd8b3	divu	x17,x27,x13	 x27:0xbd8468cc x13:0x80041024 x17=0x00000001
     180365.000 ns	     18035	800039d8	af153813	sltiu	x16,x10,-1295	 x10:0xa6eb1000 x16=0x00000001
     180725.000 ns	     18071	800039dc	0380c233	div	x4,x1,x24	  x1:0x00000009 x24:0xffffffff  x4=0xfffffff7
     180775.000 ns	     18076	800039e0	00a99753	fadd.s	f14,f19,f10	 f19:0x7fc00000 f10:0x7fc00000 f14=0x7fc00000
     180805.000 ns	     18079	800039e4	c01fffd3	fcvt.wu.s	x31,f31	 f31:0x7f800000 x31=0xffffffff
     180835.000 ns	     18082	800039e8	020e29b3	mulhsu	x19,x28,x0	 x28:0x00000000  x0:0x00000000 x19=0x00000000
     180865.000 ns	     18085	800039ec	c01e7153	fcvt.wu.s	x2,f28	 f28:0x00000000  x2=0x00000000
     180895.000 ns	     18088	800039f0	288c8bd3	fmin.s	f23,f25,f8	 f25:0x7fc00000  f8:0x5b980ee7 f23=0x5b980ee7
     180915.000 ns	     18090	800039f4	00f168b3	or	x17,x2,x15	  x2:0x00000000 x15:0x00000001 x17=0x00000001
     180925.000 ns	     18091	800039f8	016a62b3	or	x5,x20,x22	 x20:0x7ffbf01b x22:0x00000000  x5=0x7ffbf01b
     180935.000 ns	     18092	800039fc	a865ca93	xori	x21,x11,-1402	 x11:0x00000000 x21=0xfffffa86
     180955.000 ns	     18094	80003a00	03b011b3	mulh	x3,x0,x27	  x0:0x00000000 x27:0xbd8468cc  x3=0x00000000
     180975.000 ns	     18096	80003a04	72031e17	auipc	x28,0x72031	 x28=0xf2034a04
     180985.000 ns	     18097	80003a08	785f3493	sltiu	x9,x30,1925	 x30:0xffffff30  x9=0x00000000
     181345.000 ns	     18133	80003a0c	0282c3b3	div	x7,x5,x8	  x5:0x7ffbf01b  x8:0x80040fe4  x7=0x00000000
     181365.000 ns	     18135	80003a10	01ffd7b3	srl	x15,x31,x31	 x31:0xffffffff x31:0xffffffff x15=0x00000001
     181375.000 ns	     18136	80003a14	e4db7e37	lui	x28,0xe4db7	 x28=0xe4db7000
     181735.000 ns	     18172	80003a18	03b77bb3	remu	x23,x14,x27	 x14:0x00000000 x27:0xbd8468cc x23=0x00000000
     181755.000 ns	     18174	80003a1c	7177ce13	xori	x28,x15,1815	 x15:0x00000001 x28=0x00000716
     181775.000 ns	     18176	80003a20	a0242bd3	feq.s	x23,f8,f2	  f8:0x5b980ee7  f2:0x33203e25 x23=0x00000000
     181805.000 ns	     18179	80003a24	28880bd3	fmin.s	f23,f16,f8	 f16:0x80000000  f8:0x5b980ee7 f23=0x80000000
     181825.000 ns	     18181	80003a28	00000013	addi	x0,x0,0	  x0:0x00000000
     181845.000 ns	     18183	80003a2c	02a0ad33	mulhsu	x26,x1,x10	  x1:0x00000009 x10:0xa6eb1000 x26=0x00000005
     181875.000 ns	     18186	80003a30	e00e9f53	fclass.s	x30,f29	 f29:0xffc00000 x30=0x00000200
     181895.000 ns	     18188	80003a34	40430933	sub	x18,x6,x4	  x6:0x00000000  x4:0xfffffff7 x18=0x00000009
     181925.000 ns	     18191	80003a38	19de2b53	fdiv.s	f22,f28,f29	 f28:0x00000000 f29:0xffc00000 f22=0x7fc00000
     181955.000 ns	     18194	80003a3c	a1bb2ed3	feq.s	x29,f22,f27	 f22:0x7fc00000 f27:0x00000008 x29=0x00000000
     181985.000 ns	     18197	80003a40	0267cdb3	div	x27,x15,x6	 x15:0x00000001  x6:0x00000000 x27=0xffffffff
     182355.000 ns	     18234	80003a44	02d0d1b3	divu	x3,x1,x13	  x1:0x00000009 x13:0x80041024  x3=0x00000000
     182385.000 ns	     18237	80003a48	e00d07d3	fmv.x.w	x15,f26	 f26:0x80000000 x15=0x80000000
     182405.000 ns	     18239	80003a4c	01fac1b3	xor	x3,x21,x31	 x21:0xfffffa86 x31:0xffffffff  x3=0x00000579
     182425.000 ns	     18241	80003a50	20069453	fsgnjn.s	f8,f13,f0	 f13:0x00000001  f0:0x7fc00000  f8=0x80000001
     182455.000 ns	     18244	80003a54	03965833	divu	x16,x12,x25	 x12:0x00000000 x25:0x00000000 x16=0xffffffff
     182475.000 ns	     18246	80003a58	01e8d293	srli	x5,x17,0x1e	 x17:0x00000001  x5=0x00000000
     182495.000 ns	     18248	80003a5c	02d30933	mul	x18,x6,x13	  x6:0x00000000 x13:0x80041024 x18=0x00000000
     182525.000 ns	     18251	80003a60	28701bd3	fmax.s	f23,f0,f7	  f0:0x7fc00000  f7:0x00000001 f23=0x00000001
     182545.000 ns	     18253	80003a64	01699c13	slli	x24,x19,0x16	 x19:0x00000000 x24=0x00000000
     182565.000 ns	     18255	80003a68	03663cb3	mulhu	x25,x12,x22	 x12:0x00000000 x22:0x00000000 x25=0x00000000
     182615.000 ns	     18260	80003a6c	01417953	fadd.s	f18,f2,f20	  f2:0x33203e25 f20:0xff800000 f18=0xff800000
     182645.000 ns	     18263	80003a70	a0fe0d53	fle.s	x26,f28,f15	 f28:0x00000000 f15:0x7fc00000 x26=0x00000000
     182675.000 ns	     18266	80003a74	21779353	fsgnjn.s	f6,f15,f23	 f15:0x7fc00000 f23:0x00000001  f6=0xffc00000
     182705.000 ns	     18269	80003a78	026a9e33	mulh	x28,x21,x6	 x21:0xfffffa86  x6:0x00000000 x28=0x00000000
     182735.000 ns	     18272	80003a7c	c013fad3	fcvt.wu.s	x21,f7	  f7:0x00000001 x21=0x00000000
     182765.000 ns	     18275	80003a80	d00ef153	fcvt.s.w	f2,x29	 x29:0x00000000  f2=0x00000000
     182795.000 ns	     18278	80003a84	e0041dd3	fclass.s	x27,f8	  f8:0x80000001 x27=0x00000004
     182815.000 ns	     18280	80003a88	22e08593	addi	x11,x1,558	  x1:0x00000009 x11=0x00000237
     182825.000 ns	     18281	80003a8c	a4a44013	xori	x0,x8,-1462	  x8:0x80040fe4
     182845.000 ns	     18283	80003a90	e0058053	fmv.x.w	x0,f11	 f11:0x7fc00000
     182875.000 ns	     18286	80003a94	0260ca33	div	x20,x1,x6	  x1:0x00000009  x6:0x00000000 x20=0xffffffff
     182895.000 ns	     18288	80003a98	79393a93	sltiu	x21,x18,1939	 x18:0x00000000 x21=0x00000001
     182915.000 ns	     18290	80003a9c	215e9d53	fsgnjn.s	f26,f29,f21	 f29:0xffc00000 f21:0xff800000 f26=0x7fc00000
     182945.000 ns	     18293	80003aa0	026992b3	mulh	x5,x19,x6	 x19:0x00000000  x6:0x00000000  x5=0x00000000
     182965.000 ns	     18295	80003aa4	000debb3	or	x23,x27,x0	 x27:0x00000004  x0:0x00000000 x23=0x00000004
     182975.000 ns	     18296	80003aa8	d910d197	auipc	x3,0xd910d	  x3=0x59110aa8
     182985.000 ns	     18297	80003aac	00964533	xor	x10,x12,x9	 x12:0x00000000  x9:0x00000000 x10=0x00000000
     182995.000 ns	     18298	80003ab0	41cd0833	sub	x16,x26,x28	 x26:0x00000000 x28:0x00000000 x16=0x00000000
     183005.000 ns	     18299	80003ab4	f5098613	addi	x12,x19,-176	 x19:0x00000000 x12=0xffffff50
     183025.000 ns	     18301	80003ab8	f0030f53	fmv.w.x	f30,x6	  x6:0x00000000 f30=0x00000000
     183045.000 ns	     18303	80003abc	018b9fb3	sll	x31,x23,x24	 x23:0x00000004 x24:0x00000000 x31=0x00000004
     183055.000 ns	     18304	80003ac0	c3ab7793	andi	x15,x22,-966	 x22:0x00000000 x15=0x00000000
     183075.000 ns	     18306	80003ac4	02048233	mul	x4,x9,x0	  x9:0x00000000  x0:0x00000000  x4=0x00000000
     183095.000 ns	     18308	80003ac8	005bcb33	xor	x22,x23,x5	 x23:0x00000004  x5:0x00000000 x22=0x00000004
     183105.000 ns	     18309	80003acc	00b99f13	slli	x30,x19,0xb	 x19:0x00000000 x30=0x00000000
     183115.000 ns	     18310	80003ad0	00cb6933	or	x18,x22,x12	 x22:0x00000000 x12:0xffffff50 x18=0xffffff54
     183125.000 ns	     18311	80003ad4	f4e76593	ori	x11,x14,-178	 x14:0x00000000 x11=0xffffff4e
     183155.000 ns	     18314	80003ad8	58030dd3	fsqrt.s	f27,f6	  f6:0xffc00000 f27=0x7fc00000
     183185.000 ns	     18317	80003adc	e0098e53	fmv.x.w	x28,f19	 f19:0x7fc00000 x28=0x7fc00000
     183215.000 ns	     18320	80003ae0	2000aa53	fsgnjx.s	f20,f1,f0	  f1:0x7fc00000  f0:0x7fc00000 f20=0x7fc00000
     183585.000 ns	     18357	80003ae4	0280f533	remu	x10,x1,x8	  x1:0x00000009  x8:0x80040fe4 x10=0x00000009
     183605.000 ns	     18359	80003ae8	000a7c33	and	x24,x20,x0	 x20:0xffffffff  x0:0x00000000 x24=0x00000000
     183625.000 ns	     18361	80003aec	a1fca953	feq.s	x18,f25,f31	 f25:0x7fc00000 f31:0x7f800000 x18=0x00000000
     183655.000 ns	     18364	80003af0	a0748f53	fle.s	x30,f9,f7	  f9:0x7fc00000  f7:0x00000001 x30=0x00000000
     183705.000 ns	     18369	80003af4	00fa2cd3	fadd.s	f25,f20,f15	 f20:0x7fc00000 f15:0x7fc00000 f25=0x7fc00000
     183725.000 ns	     18371	80003af8	27c03a93	sltiu	x21,x0,636	  x0:0x00000000 x21=0x00000001
     183755.000 ns	     18374	80003afc	188ef753	fdiv.s	f14,f29,f8	 f29:0xffc00000  f8:0x80000001 f14=0x7fc00000
     183775.000 ns	     18376	80003b00	67fbea93	ori	x21,x23,1663	 x23:0x00000004 x21=0x0000067f
     183795.000 ns	     18378	80003b04	28a99353	fmax.s	f6,f19,f10	 f19:0x7fc00000 f10:0x7fc00000  f6=0x7fc00000
     183815.000 ns	     18380	80003b08	00000013	addi	x0,x0,0	  x0:0x00000000
     183825.000 ns	     18381	80003b0c	01ea5113	srli	x2,x20,0x1e	 x20:0xffffffff  x2=0x00000003
     183835.000 ns	     18382	80003b10	00000013	addi	x0,x0,0	  x0:0x00000000
     183855.000 ns	     18384	80003b14	03d73733	mulhu	x14,x14,x29	 x14:0x00000000 x29:0x00000000 x14=0x00000000
     183885.000 ns	     18387	80003b18	a14caf53	feq.s	x30,f25,f20	 f25:0x7fc00000 f20:0x7fc00000 x30=0x00000000
     183905.000 ns	     18389	80003b1c	011a9713	slli	x14,x21,0x11	 x21:0x0000067f x14=0x0cfe0000
     183915.000 ns	     18390	80003b20	00c60833	add	x16,x12,x12	 x12:0xffffff50 x12:0xffffff50 x16=0xfffffea0
     183925.000 ns	     18391	80003b24	08ee8113	addi	x2,x29,142	 x29:0x00000000  x2=0x0000008e
     183935.000 ns	     18392	80003b28	120209b7	lui	x19,0x12020	 x19=0x12020000
     183955.000 ns	     18394	80003b2c	02053533	mulhu	x10,x10,x0	 x10:0x00000009  x0:0x00000000 x10=0x00000000
     183985.000 ns	     18397	80003b30	21349f53	fsgnjn.s	f30,f9,f19	  f9:0x7fc00000 f19:0x7fc00000 f30=0xffc00000
     184005.000 ns	     18399	80003b34	cfbdf297	auipc	x5,0xcfbdf	  x5=0x4fbe2b34
     184015.000 ns	     18400	80003b38	f1f17117	auipc	x2,0xf1f17	  x2=0x71f1ab38
     184035.000 ns	     18402	80003b3c	a1198ed3	fle.s	x29,f19,f17	 f19:0x7fc00000 f17:0x41100000 x29=0x00000000
     184055.000 ns	     18404	80003b40	01374c33	xor	x24,x14,x19	 x14:0x0cfe0000 x19:0x12020000 x24=0x1efc0000
     184075.000 ns	     18406	80003b44	c00444d3	fcvt.w.s	x9,f8	  f8:0x80000001  x9=0x00000000
     184125.000 ns	     18411	80003b48	0123c153	fadd.s	f2,f7,f18	  f7:0x00000001 f18:0xff800000  f2=0xff800000
     184145.000 ns	     18413	80003b4c	4089d113	srai	x2,x19,0x8	 x19:0x12020000  x2=0x00120200
     184165.000 ns	     18415	80003b50	21361753	fsgnjn.s	f14,f12,f19	 f12:0xa6eb1000 f19:0x7fc00000 f14=0xa6eb1000
     184195.000 ns	     18418	80003b54	21489a53	fsgnjn.s	f20,f17,f20	 f17:0x41100000 f20:0x7fc00000 f20=0xc1100000
     184225.000 ns	     18421	80003b58	21d9ac53	fsgnjx.s	f24,f19,f29	 f19:0x7fc00000 f29:0xffc00000 f24=0xffc00000
     184245.000 ns	     18423	80003b5c	0097e933	or	x18,x15,x9	 x15:0x00000000  x9:0x00000000 x18=0x00000000
     184275.000 ns	     18426	80003b60	5805f953	fsqrt.s	f18,f11	 f11:0x7fc00000 f18=0x7fc00000
     184305.000 ns	     18429	80003b64	a00ca5d3	feq.s	x11,f25,f0	 f25:0x7fc00000  f0:0x7fc00000 x11=0x00000000
     184325.000 ns	     18431	80003b68	00000013	addi	x0,x0,0	  x0:0x00000000
     184345.000 ns	     18433	80003b6c	d007f5d3	fcvt.s.w	f11,x15	 x15:0x00000000 f11=0x00000000
     184375.000 ns	     18436	80003b70	e00495d3	fclass.s	x11,f9	  f9:0x7fc00000 x11=0x00000200
     184395.000 ns	     18438	80003b74	00000013	addi	x0,x0,0	  x0:0x00000000
     184405.000 ns	     18439	80003b78	01865a93	srli	x21,x12,0x18	 x12:0xffffff50 x21=0x000000ff
     184435.000 ns	     18442	80003b7c	184c7cd3	fdiv.s	f25,f24,f4	 f24:0xffc00000  f4:0x7fc00000 f25=0x7fc00000
     184805.000 ns	     18479	80003b80	021571b3	remu	x3,x10,x1	 x10:0x00000000  x1:0x00000009  x3=0x00000000
     184835.000 ns	     18482	80003b84	20a418d3	fsgnjn.s	f17,f8,f10	  f8:0x80000001 f10:0x7fc00000 f17=0x80000001
     184855.000 ns	     18484	80003b88	262eb513	sltiu	x10,x29,610	 x29:0x00000000 x10=0x00000001
     184865.000 ns	     18485	80003b8c	dd398d13	addi	x26,x19,-557	 x19:0x12020000 x26=0x1201fdd3
     184875.000 ns	     18486	80003b90	bf816d13	ori	x26,x2,-1032	  x2:0x00120200 x26=0xfffffbf8
     184895.000 ns	     18488	80003b94	031e04b3	mul	x9,x28,x17	 x28:0x7fc00000 x17:0x00000001  x9=0x7fc00000
     184925.000 ns	     18491	80003b98	282513d3	fmax.s	f7,f10,f2	 f10:0x7fc00000  f2:0xff800000  f7=0xff800000
     184945.000 ns	     18493	80003b9c	406d5713	srai	x14,x26,0x6	 x26:0xfffffbf8 x14=0xffffffef
     184955.000 ns	     18494	80003ba0	00ca8333	add	x6,x21,x12	 x21:0x000000ff x12:0xffffff50  x6=0x0000004f
     184975.000 ns	     18496	80003ba4	a1492cd3	feq.s	x25,f18,f20	 f18:0x7fc00000 f20:0xc1100000 x25=0x00000000
     184995.000 ns	     18498	80003ba8	85850513	addi	x10,x10,-1960	 x10:0x00000001 x10=0xfffff859
     185015.000 ns	     18500	80003bac	a04dafd3	feq.s	x31,f27,f4	 f27:0x7fc00000  f4:0x7fc00000 x31=0x00000000
     185035.000 ns	     18502	80003bb0	1f226017	auipc	x0,0x1f226	
     185045.000 ns	     18503	80003bb4	41f95393	srai	x7,x18,0x1f	 x18:0x00000000  x7=0x00000000
     185405.000 ns	     18539	80003bb8	02c64633	div	x12,x12,x12	 x12:0xffffff50 x12:0xffffff50 x12=0x00000001
     185435.000 ns	     18542	80003bbc	f00a01d3	fmv.w.x	f3,x20	 x20:0xffffffff  f3=0xffffffff
     185455.000 ns	     18544	80003bc0	0192c3b3	xor	x7,x5,x25	  x5:0x4fbe2b34 x25:0x00000000  x7=0x4fbe2b34
     185475.000 ns	     18546	80003bc4	a04d0f53	fle.s	x30,f26,f4	 f26:0x7fc00000  f4:0x7fc00000 x30=0x00000000
     185495.000 ns	     18548	80003bc8	cc2ebf93	sltiu	x31,x29,-830	 x29:0x00000000 x31=0x00000001
     185505.000 ns	     18549	80003bcc	00a12233	slt	x4,x2,x10	  x2:0x00120200 x10:0xfffff859  x4=0x00000000
     185525.000 ns	     18551	80003bd0	034e2e33	mulhsu	x28,x28,x20	 x28:0x7fc00000 x20:0xffffffff x28=0x7fbfffff
     185895.000 ns	     18588	80003bd4	02e87d33	remu	x26,x16,x14	 x16:0xfffffea0 x14:0xffffffef x26=0xfffffea0
     185925.000 ns	     18591	80003bd8	c00af1d3	fcvt.w.s	x3,f21	 f21:0xff800000  x3=0x80000000
     185965.000 ns	     18595	80003bdc	580d71d3	fsqrt.s	f3,f26	 f26:0x7fc00000  f3=0x7fc00000
     185985.000 ns	     18597	80003be0	c9f00b13	addi	x22,x0,-865	  x0:0x00000000 x22=0xfffffc9f
     186005.000 ns	     18599	80003be4	02069133	mulh	x2,x13,x0	 x13:0x80041024  x0:0x00000000  x2=0x00000000
     186055.000 ns	     18604	80003be8	0935f5d3	fsub.s	f11,f11,f19	 f11:0x00000000 f19:0x7fc00000 f11=0x7fc00000
     186085.000 ns	     18607	80003bec	a1cf8ad3	fle.s	x21,f31,f28	 f31:0x7f800000 f28:0x00000000 x21=0x00000000
     186115.000 ns	     18610	80003bf0	a0869f53	flt.s	x30,f13,f8	 f13:0x00000001  f8:0x80000001 x30=0x00000000
     186145.000 ns	     18613	80003bf4	02623133	mulhu	x2,x4,x6	  x4:0x00000000  x6:0x0000004f  x2=0x00000000
     186175.000 ns	     18616	80003bf8	c01917d3	fcvt.wu.s	x15,f18	 f18:0x7fc00000 x15=0xffffffff
     186195.000 ns	     18618	80003bfc	21b00d13	addi	x26,x0,539	  x0:0x00000000 x26=0x0000021b
     186235.000 ns	     18622	80003c00	013315d3	fadd.s	f11,f6,f19	  f6:0x7fc00000 f19:0x7fc00000 f11=0x7fc00000
     186265.000 ns	     18625	80003c04	c0172dd3	fcvt.wu.s	x27,f14	 f14:0xa6eb1000 x27=0x00000000
     186295.000 ns	     18628	80003c08	a1df03d3	fle.s	x7,f30,f29	 f30:0xffc00000 f29:0xffc00000  x7=0x00000000
     186315.000 ns	     18630	80003c0c	4122d633	sra	x12,x5,x18	  x5:0x4fbe2b34 x18:0x00000000 x12=0x4fbe2b34
     186325.000 ns	     18631	80003c10	0ececf13	xori	x30,x29,236	 x29:0x00000000 x30=0x000000ec
     186345.000 ns	     18633	80003c14	28ad0653	fmin.s	f12,f26,f10	 f26:0x7fc00000 f10:0x7fc00000 f12=0x7fc00000
     186365.000 ns	     18635	80003c18	00241e13	slli	x28,x8,0x2	  x8:0x80040fe4 x28=0x00103f90
     186375.000 ns	     18636	80003c1c	406d5c33	sra	x24,x26,x6	 x26:0x0000021b  x6:0x0000004f x24=0x00000000
     186385.000 ns	     18637	80003c20	01ef8733	add	x14,x31,x30	 x31:0x00000001 x30:0x000000ec x14=0x000000ed
     186405.000 ns	     18639	80003c24	e00a1c53	fclass.s	x24,f20	 f20:0xc1100000 x24=0x00000002
     186435.000 ns	     18642	80003c28	03c9b733	mulhu	x14,x19,x28	 x19:0x12020000 x28:0x00103f90 x14=0x00012498
     186455.000 ns	     18644	80003c2c	ad8c2313	slti	x6,x24,-1320	 x24:0x00000002  x6=0x00000000
     186475.000 ns	     18646	80003c30	03082db3	mulhsu	x27,x16,x16	 x16:0xfffffea0 x16:0xfffffea0 x27=0xfffffea0
     186495.000 ns	     18648	80003c34	00645193	srli	x3,x8,0x6	  x8:0x80040fe4  x3=0x0200103f
     186515.000 ns	     18650	80003c38	20859b53	fsgnjn.s	f22,f11,f8	 f11:0x7fc00000  f8:0x80000001 f22=0x7fc00000
     186885.000 ns	     18687	80003c3c	02fb44b3	div	x9,x22,x15	 x22:0xfffffc9f x15:0xffffffff  x9=0x00000361
     186905.000 ns	     18689	80003c40	004d1fb3	sll	x31,x26,x4	 x26:0x0000021b  x4:0x00000000 x31=0x0000021b
     186915.000 ns	     18690	80003c44	017f1d93	slli	x27,x30,0x17	 x30:0x000000ec x27=0x76000000
     186935.000 ns	     18692	80003c48	d0027fd3	fcvt.s.w	f31,x4	  x4:0x00000000 f31=0x00000000
     186955.000 ns	     18694	80003c4c	b391ea13	ori	x20,x3,-1223	  x3:0x0200103f x20=0xfffffb3f
     186995.000 ns	     18698	80003c50	08a77ed3	fsub.s	f29,f14,f10	 f14:0xa6eb1000 f10:0x7fc00000 f29=0x7fc00000
     187015.000 ns	     18700	80003c54	01ff2cb3	slt	x25,x30,x31	 x30:0x000000ec x31:0x0000021b x25=0x00000001
     187025.000 ns	     18701	80003c58	4027d813	srai	x16,x15,0x2	 x15:0xffffffff x16=0xffffffff
     187045.000 ns	     18703	80003c5c	c0063b53	fcvt.w.s	x22,f12	 f12:0x7fc00000 x22=0x7fffffff
     187065.000 ns	     18705	80003c60	40d65833	sra	x16,x12,x13	 x12:0x4fbe2b34 x13:0x80041024 x16=0x04fbe2b3
     187075.000 ns	     18706	80003c64	c807ca93	xori	x21,x15,-896	 x15:0xffffffff x21=0x0000037f
     187085.000 ns	     18707	80003c68	d2a53713	sltiu	x14,x10,-726	 x10:0xfffff859 x14=0x00000001
     187445.000 ns	     18743	80003c6c	02acff33	remu	x30,x25,x10	 x25:0x00000001 x10:0xfffff859 x30=0x00000001
     187465.000 ns	     18745	80003c70	98747d93	andi	x27,x8,-1657	  x8:0x80040fe4 x27=0x80040984
     187485.000 ns	     18747	80003c74	e0090153	fmv.x.w	x2,f18	 f18:0x7fc00000  x2=0x7fc00000
     187515.000 ns	     18750	80003c78	d01a3ed3	fcvt.s.wu	f29,x20	 x20:0xfffffb3f f29=0x4f7ffffc
     187545.000 ns	     18753	80003c7c	205f07d3	fsgnj.s	f15,f30,f5	 f30:0xffc00000  f5:0xc3500000 f15=0xffc00000
     187565.000 ns	     18755	80003c80	008e8db3	add	x27,x29,x8	 x29:0x00000000  x8:0x80040fe4 x27=0x80040fe4
     187925.000 ns	     18791	80003c84	030f6833	rem	x16,x30,x16	 x30:0x00000001 x16:0x04fbe2b3 x16=0x00000001
     187945.000 ns	     18793	80003c88	00000013	addi	x0,x0,0	  x0:0x00000000
     187965.000 ns	     18795	80003c8c	03712833	mulhsu	x16,x2,x23	  x2:0x7fc00000 x23:0x00000004 x16=0x00000001
     187985.000 ns	     18797	80003c90	009adab3	srl	x21,x21,x9	 x21:0x0000037f  x9:0x00000361 x21=0x000001bf
     187995.000 ns	     18798	80003c94	58627d97	auipc	x27,0x58627	 x27=0xd862ac94
     188015.000 ns	     18800	80003c98	21492a53	fsgnjx.s	f20,f18,f20	 f18:0x7fc00000 f20:0xc1100000 f20=0xffc00000
     188045.000 ns	     18803	80003c9c	293b03d3	fmin.s	f7,f22,f19	 f22:0x7fc00000 f19:0x7fc00000  f7=0x7fc00000
     188075.000 ns	     18806	80003ca0	296f8bd3	fmin.s	f23,f31,f22	 f31:0x00000000 f22:0x7fc00000 f23=0x00000000
     188095.000 ns	     18808	80003ca4	40e0dc93	srai	x25,x1,0xe	  x1:0x00000009 x25=0x00000000
     188105.000 ns	     18809	80003ca8	017c0933	add	x18,x24,x23	 x24:0x00000002 x23:0x00000004 x18=0x00000006
     188125.000 ns	     18811	80003cac	e00295d3	fclass.s	x11,f5	  f5:0xc3500000 x11=0x00000002
     188145.000 ns	     18813	80003cb0	41295793	srai	x15,x18,0x12	 x18:0x00000000 x15=0x00000000
     188505.000 ns	     18849	80003cb4	0353ce33	div	x28,x7,x21	  x7:0x00000000 x21:0x000001bf x28=0x00000000
     188535.000 ns	     18852	80003cb8	0337af33	mulhsu	x30,x15,x19	 x15:0xffffffff x19:0x12020000 x30=0x00000000
     188555.000 ns	     18854	80003cbc	00c85613	srli	x12,x16,0xc	 x16:0x00000001 x12=0x00000000
     188565.000 ns	     18855	80003cc0	41de8a33	sub	x20,x29,x29	 x29:0x00000000 x29:0x00000000 x20=0x00000000
     188575.000 ns	     18856	80003cc4	2056dc17	auipc	x24,0x2056d	 x24=0xa0570cc4
     188585.000 ns	     18857	80003cc8	0144a533	slt	x10,x9,x20	  x9:0x00000361 x20:0xfffffb3f x10=0x00000000
     188605.000 ns	     18859	80003ccc	c010fdd3	fcvt.wu.s	x27,f1	  f1:0x7fc00000 x27=0xffffffff
     188625.000 ns	     18861	80003cd0	01425d13	srli	x26,x4,0x14	  x4:0x00000000 x26=0x00000000
     188635.000 ns	     18862	80003cd4	019d7733	and	x14,x26,x25	 x26:0x0000021b x25:0x00000000 x14=0x00000000
     188645.000 ns	     18863	80003cd8	008d2033	slt	x0,x26,x8	 x26:0x0000021b  x8:0x80040fe4
     188685.000 ns	     18867	80003cdc	00957a53	fadd.s	f20,f10,f9	 f10:0x7fc00000  f9:0x7fc00000 f20=0x7fc00000
     188705.000 ns	     18869	80003ce0	01f85513	srli	x10,x16,0x1f	 x16:0x00000001 x10=0x00000000
     188715.000 ns	     18870	80003ce4	016a5033	srl	x0,x20,x22	 x20:0x00000000 x22:0x7fffffff
     188725.000 ns	     18871	80003ce8	00e685b3	add	x11,x13,x14	 x13:0x80041024 x14:0x00000000 x11=0x80041024
     189085.000 ns	     18907	80003cec	022764b3	rem	x9,x14,x2	 x14:0x00000000  x2:0x7fc00000  x9=0x00000000
     189115.000 ns	     18910	80003cf0	e0070153	fmv.x.w	x2,f14	 f14:0xa6eb1000  x2=0xa6eb1000
     189145.000 ns	     18913	80003cf4	20800353	fsgnj.s	f6,f0,f8	  f0:0x7fc00000  f8:0x80000001  f6=0xffc00000
     189195.000 ns	     18918	80003cf8	01da7cd3	fadd.s	f25,f20,f29	 f20:0x7fc00000 f29:0x4f7ffffc f25=0x7fc00000
     189215.000 ns	     18920	80003cfc	40d1d193	srai	x3,x3,0xd	  x3:0x0200103f  x3=0x00001000
     189225.000 ns	     18921	80003d00	d6e87997	auipc	x19,0xd6e87	 x19=0x56e8ad00
     189245.000 ns	     18923	80003d04	29d28fd3	fmin.s	f31,f5,f29	  f5:0xc3500000 f29:0x4f7ffffc f31=0xc3500000
     189275.000 ns	     18926	80003d08	02850c33	mul	x24,x10,x8	 x10:0x00000000  x8:0x80040fe4 x24=0x00000000
     189325.000 ns	     18931	80003d0c	00449d53	fadd.s	f26,f9,f4	  f9:0x7fc00000  f4:0x7fc00000 f26=0x7fc00000
     189375.000 ns	     18936	80003d10	08ca7bd3	fsub.s	f23,f20,f12	 f20:0x7fc00000 f12:0x7fc00000 f23=0x7fc00000
     189405.000 ns	     18939	80003d14	02b0ac33	mulhsu	x24,x1,x11	  x1:0x00000009 x11:0x80041024 x24=0x00000004
     189435.000 ns	     18942	80003d18	e0040ed3	fmv.x.w	x29,f8	  f8:0x80000001 x29=0x80000001
     189455.000 ns	     18944	80003d1c	0191e8b3	or	x17,x3,x25	  x3:0x00001000 x25:0x00000000 x17=0x00001000
     189475.000 ns	     18946	80003d20	a06093d3	flt.s	x7,f1,f6	  f1:0x7fc00000  f6:0xffc00000  x7=0x00000000
     189505.000 ns	     18949	80003d24	2021a353	fsgnjx.s	f6,f3,f2	  f3:0x7fc00000  f2:0xff800000  f6=0xffc00000
     189525.000 ns	     18951	80003d28	d4718b17	auipc	x22,0xd4718	 x22=0x5471bd28
     189535.000 ns	     18952	80003d2c	00000013	addi	x0,x0,0	  x0:0x00000000
     189545.000 ns	     18953	80003d30	003f4db3	xor	x27,x30,x3	 x30:0x00000000  x3:0x00001000 x27=0x00001000
     189555.000 ns	     18954	80003d34	01111493	slli	x9,x2,0x11	  x2:0xa6eb1000  x9=0x20000000
     189575.000 ns	     18956	80003d38	03c69533	mulh	x10,x13,x28	 x13:0x80041024 x28:0x00000000 x10=0x00000000
     189595.000 ns	     18958	80003d3c	f1bcaf13	slti	x30,x25,-229	 x25:0x00000000 x30=0x00000000
     189615.000 ns	     18960	80003d40	a1842e53	feq.s	x28,f8,f24	  f8:0x80000001 f24:0xffc00000 x28=0x00000000
     189635.000 ns	     18962	80003d44	0162d7b3	srl	x15,x5,x22	  x5:0x4fbe2b34 x22:0x5471bd28 x15=0x004fbe2b
     189645.000 ns	     18963	80003d48	e0948f13	addi	x30,x9,-503	  x9:0x20000000 x30=0x1ffffe09
     189675.000 ns	     18966	80003d4c	100e7f53	fmul.s	f30,f28,f0	 f28:0x00000000  f0:0x7fc00000 f30=0x7fc00000
     189705.000 ns	     18969	80003d50	03c09eb3	mulh	x29,x1,x28	  x1:0x00000009 x28:0x00000000 x29=0x00000000
     189745.000 ns	     18973	80003d54	10a1f7d3	fmul.s	f15,f3,f10	  f3:0x7fc00000 f10:0x7fc00000 f15=0x7fc00000
     189775.000 ns	     18976	80003d58	20f10e53	fsgnj.s	f28,f2,f15	  f2:0xff800000 f15:0xffc00000 f28=0x7f800000
     189795.000 ns	     18978	80003d5c	00dd3933	sltu	x18,x26,x13	 x26:0x00000000 x13:0x80041024 x18=0x00000001
     189815.000 ns	     18980	80003d60	02468133	mul	x2,x13,x4	 x13:0x80041024  x4:0x00000000  x2=0x00000000
     189835.000 ns	     18982	80003d64	58142293	slti	x5,x8,1409	  x8:0x80040fe4  x5=0x00000001
     189845.000 ns	     18983	80003d68	0129d5b3	srl	x11,x19,x18	 x19:0x56e8ad00 x18:0x00000001 x11=0x2b745680
     189875.000 ns	     18986	80003d6c	580cbdd3	fsqrt.s	f27,f25	 f25:0x7fc00000 f27=0x7fc00000
     189895.000 ns	     18988	80003d70	01f95b33	srl	x22,x18,x31	 x18:0x00000001 x31:0x0000021b x22=0x00000000
     189915.000 ns	     18990	80003d74	a18d93d3	flt.s	x7,f27,f24	 f27:0x7fc00000 f24:0xffc00000  x7=0x00000000
     189945.000 ns	     18993	80003d78	03c57cb3	remu	x25,x10,x28	 x10:0x00000000 x28:0x00000000 x25=0x00000000
     189975.000 ns	     18996	80003d7c	d00e81d3	fcvt.s.w	f3,x29	 x29:0x00000000  f3=0x00000000
     190005.000 ns	     18999	80003d80	026a83b3	mul	x7,x21,x6	 x21:0x000001bf  x6:0x00000000  x7=0x00000000
     190035.000 ns	     19002	80003d84	a115a1d3	feq.s	x3,f11,f17	 f11:0x7fc00000 f17:0x80000001  x3=0x00000000
     190055.000 ns	     19004	80003d88	407adab3	sra	x21,x21,x7	 x21:0x000001bf  x7:0x00000000 x21=0x000001bf
     190075.000 ns	     19006	80003d8c	a1849f53	flt.s	x30,f9,f24	  f9:0x7fc00000 f24:0xffc00000 x30=0x00000000
     190105.000 ns	     19009	80003d90	d0187f53	fcvt.s.wu	f30,x16	 x16:0x00000001 f30=0x3f800000
     190125.000 ns	     19011	80003d94	019eb533	sltu	x10,x29,x25	 x29:0x00000000 x25:0x00000000 x10=0x00000000
     190145.000 ns	     19013	80003d98	e0020a53	fmv.x.w	x20,f4	  f4:0x7fc00000 x20=0x7fc00000
     190165.000 ns	     19015	80003d9c	00e742b3	xor	x5,x14,x14	 x14:0x00000000 x14:0x00000000  x5=0x00000000
     190185.000 ns	     19017	80003da0	210d1e53	fsgnjn.s	f28,f26,f16	 f26:0x7fc00000 f16:0x80000000 f28=0x7fc00000
     190215.000 ns	     19020	80003da4	218d8ad3	fsgnj.s	f21,f27,f24	 f27:0x7fc00000 f24:0xffc00000 f21=0xffc00000
     190235.000 ns	     19022	80003da8	6003cd93	xori	x27,x7,1536	  x7:0x00000000 x27=0x00000600
     190245.000 ns	     19023	80003dac	018699b3	sll	x19,x13,x24	 x13:0x80041024 x24:0x00000004 x19=0x00410240
     190255.000 ns	     19024	80003db0	25321117	auipc	x2,0x25321	  x2=0xa5324db0
     190275.000 ns	     19026	80003db4	21960a53	fsgnj.s	f20,f12,f25	 f12:0x7fc00000 f25:0x7fc00000 f20=0x7fc00000
     190645.000 ns	     19063	80003db8	03f5c733	div	x14,x11,x31	 x11:0x2b745680 x31:0x0000021b x14=0x0014a38b
     190685.000 ns	     19067	80003dbc	11fef3d3	fmul.s	f7,f29,f31	 f29:0x4f7ffffc f31:0xc3500000  f7=0xd34ffffd
     190705.000 ns	     19069	80003dc0	0179bd33	sltu	x26,x19,x23	 x19:0x00410240 x23:0x00000004 x26=0x00000000
     190725.000 ns	     19071	80003dc4	027d4633	div	x12,x26,x7	 x26:0x00000000  x7:0x00000000 x12=0xffffffff
     190765.000 ns	     19075	80003dc8	580df953	fsqrt.s	f18,f27	 f27:0x7fc00000 f18=0x7fc00000
     190795.000 ns	     19078	80003dcc	a03f0553	fle.s	x10,f30,f3	 f30:0x3f800000  f3:0x00000000 x10=0x00000000
     190825.000 ns	     19081	80003dd0	d0087ad3	fcvt.s.w	f21,x16	 x16:0x00000001 f21=0x3f800000
     190845.000 ns	     19083	80003dd4	40f95533	sra	x10,x18,x15	 x18:0x00000001 x15:0x004fbe2b x10=0x00000000
     190855.000 ns	     19084	80003dd8	018311b3	sll	x3,x6,x24	  x6:0x00000000 x24:0x00000004  x3=0x00000000
     190875.000 ns	     19086	80003ddc	02ae6bb3	rem	x23,x28,x10	 x28:0x00000000 x10:0x00000000 x23=0x00000000
     190915.000 ns	     19090	80003de0	10432553	fmul.s	f10,f6,f4	  f6:0xffc00000  f4:0x7fc00000 f10=0x7fc00000
     190945.000 ns	     19093	80003de4	a1722ad3	feq.s	x21,f4,f23	  f4:0x7fc00000 f23:0x7fc00000 x21=0x00000000
     190995.000 ns	     19098	80003de8	0065f8d3	fadd.s	f17,f11,f6	 f11:0x7fc00000  f6:0xffc00000 f17=0x7fc00000
     191025.000 ns	     19101	80003dec	20c50453	fsgnj.s	f8,f10,f12	 f10:0x7fc00000 f12:0x7fc00000  f8=0x7fc00000
     191055.000 ns	     19104	80003df0	e0008cd3	fmv.x.w	x25,f1	  f1:0x7fc00000 x25=0x7fc00000
     191075.000 ns	     19106	80003df4	db423513	sltiu	x10,x4,-588	  x4:0x00000000 x10=0x00000001
     191095.000 ns	     19108	80003df8	a1160953	fle.s	x18,f12,f17	 f12:0x7fc00000 f17:0x7fc00000 x18=0x00000000
     191115.000 ns	     19110	80003dfc	0adc0393	addi	x7,x24,173	 x24:0x00000004  x7=0x000000b1
     191135.000 ns	     19112	80003e00	d008f253	fcvt.s.w	f4,x17	 x17:0x00001000  f4=0x45800000
     191155.000 ns	     19114	80003e04	40928d33	sub	x26,x5,x9	  x5:0x00000000  x9:0x20000000 x26=0xe0000000
     191175.000 ns	     19116	80003e08	0368c5b3	div	x11,x17,x22	 x17:0x00001000 x22:0x00000000 x11=0xffffffff
     191205.000 ns	     19119	80003e0c	2004acd3	fsgnjx.s	f25,f9,f0	  f9:0x7fc00000  f0:0x7fc00000 f25=0x7fc00000
     191225.000 ns	     19121	80003e10	402d0b33	sub	x22,x26,x2	 x26:0xe0000000  x2:0xa5324db0 x22=0x3acdb250
     191245.000 ns	     19123	80003e14	c010f853	fcvt.wu.s	x16,f1	  f1:0x7fc00000 x16=0xffffffff
     191275.000 ns	     19126	80003e18	d00e96d3	fcvt.s.w	f13,x29	 x29:0x00000000 f13=0x00000000
     191295.000 ns	     19128	80003e1c	41c60d33	sub	x26,x12,x28	 x12:0xffffffff x28:0x00000000 x26=0xffffffff
     191305.000 ns	     19129	80003e20	411c8333	sub	x6,x25,x17	 x25:0x7fc00000 x17:0x00001000  x6=0x7fbff000
     191315.000 ns	     19130	80003e24	b0cb7393	andi	x7,x22,-1268	 x22:0x3acdb250  x7=0x3acdb200
     191335.000 ns	     19132	80003e28	a0ad0553	fle.s	x10,f26,f10	 f26:0x7fc00000 f10:0x7fc00000 x10=0x00000000
     191365.000 ns	     19135	80003e2c	03f593b3	mulh	x7,x11,x31	 x11:0xffffffff x31:0x0000021b  x7=0xffffffff
     191385.000 ns	     19137	80003e30	00f489b3	add	x19,x9,x15	  x9:0x20000000 x15:0x004fbe2b x19=0x204fbe2b
     191405.000 ns	     19139	80003e34	28e49a53	fmax.s	f20,f9,f14	  f9:0x7fc00000 f14:0xa6eb1000 f20=0xa6eb1000
     191425.000 ns	     19141	80003e38	a1a12b93	slti	x23,x2,-1510	  x2:0xa5324db0 x23=0x00000001
     191445.000 ns	     19143	80003e3c	c012fbd3	fcvt.wu.s	x23,f5	  f5:0xc3500000 x23=0x000000d0
     191465.000 ns	     19145	80003e40	94713d93	sltiu	x27,x2,-1721	  x2:0xa5324db0 x27=0x00000001
     191475.000 ns	     19146	80003e44	ef3b41b7	lui	x3,0xef3b4	  x3=0xef3b4000
     191835.000 ns	     19182	80003e48	03ae71b3	remu	x3,x28,x26	 x28:0x00000000 x26:0xffffffff  x3=0x00000000
     191855.000 ns	     19184	80003e4c	58db6917	auipc	x18,0x58db6	 x18=0xd8db9e4c
     191865.000 ns	     19185	80003e50	01045633	srl	x12,x8,x16	  x8:0x80040fe4 x16:0xffffffff x12=0x00000001
     191875.000 ns	     19186	80003e54	00fa2533	slt	x10,x20,x15	 x20:0x7fc00000 x15:0x004fbe2b x10=0x00000000
     191895.000 ns	     19188	80003e58	d0121ad3	fcvt.s.wu	f21,x4	  x4:0x00000000 f21=0x00000000
     191915.000 ns	     19190	80003e5c	012e7533	and	x10,x28,x18	 x28:0x00000000 x18:0xd8db9e4c x10=0x00000000
     191935.000 ns	     19192	80003e60	20201353	fsgnjn.s	f6,f0,f2	  f0:0x7fc00000  f2:0xff800000  f6=0x7fc00000
     191955.000 ns	     19194	80003e64	780f6293	ori	x5,x30,1920	 x30:0x00000000  x5=0x00000780
     191965.000 ns	     19195	80003e68	41c78bb3	sub	x23,x15,x28	 x15:0x004fbe2b x28:0x00000000 x23=0x004fbe2b
     191975.000 ns	     19196	80003e6c	0011f1b3	and	x3,x3,x1	  x3:0x00000000  x1:0x00000009  x3=0x00000000
     191995.000 ns	     19198	80003e70	a1dd0953	fle.s	x18,f26,f29	 f26:0x7fc00000 f29:0x4f7ffffc x18=0x00000000
     192015.000 ns	     19200	80003e74	b3203013	sltiu	x0,x0,-1230	  x0:0x00000000
     192035.000 ns	     19202	80003e78	d009b653	fcvt.s.w	f12,x19	 x19:0x204fbe2b f12=0x4e013ef9
     192055.000 ns	     19204	80003e7c	005b7db3	and	x27,x22,x5	 x22:0x3acdb250  x5:0x00000780 x27=0x00000200
     192075.000 ns	     19206	80003e80	208986d3	fsgnj.s	f13,f19,f8	 f19:0x7fc00000  f8:0x7fc00000 f13=0x7fc00000
     192105.000 ns	     19209	80003e84	02c81b33	mulh	x22,x16,x12	 x16:0xffffffff x12:0x00000001 x22=0xffffffff
     192135.000 ns	     19212	80003e88	02366a33	rem	x20,x12,x3	 x12:0x00000001  x3:0x00000000 x20=0x00000001
     192165.000 ns	     19215	80003e8c	024d8db3	mul	x27,x27,x4	 x27:0x00000200  x4:0x00000000 x27=0x00000000
     192185.000 ns	     19217	80003e90	d7a182b7	lui	x5,0xd7a18	  x5=0xd7a18000
     192195.000 ns	     19218	80003e94	00bf9a13	slli	x20,x31,0xb	 x31:0x0000021b x20=0x0010d800
     192205.000 ns	     19219	80003e98	4af473b7	lui	x7,0x4af47	  x7=0x4af47000
     192225.000 ns	     19221	80003e9c	e0048353	fmv.x.w	x6,f9	  f9:0x7fc00000  x6=0x7fc00000
     192255.000 ns	     19224	80003ea0	c00ff9d3	fcvt.w.s	x19,f31	 f31:0xc3500000 x19=0x000000d0
     192625.000 ns	     19261	80003ea4	02bb44b3	div	x9,x22,x11	 x22:0xffffffff x11:0xffffffff  x9=0x00000001
     192645.000 ns	     19263	80003ea8	56232b13	slti	x22,x6,1378	  x6:0x7fc00000 x22=0x00000000
     192655.000 ns	     19264	80003eac	019411b3	sll	x3,x8,x25	  x8:0x80040fe4 x25:0x7fc00000  x3=0x80040fe4
     192665.000 ns	     19265	80003eb0	0163a2b3	slt	x5,x7,x22	  x7:0x4af47000 x22:0xffffffff  x5=0x00000000
     193025.000 ns	     19301	80003eb4	027be733	rem	x14,x23,x7	 x23:0x004fbe2b  x7:0x4af47000 x14=0x004fbe2b
     193045.000 ns	     19303	80003eb8	de51a013	slti	x0,x3,-539	  x3:0x80040fe4
     193075.000 ns	     19306	80003ebc	10e77a53	fmul.s	f20,f14,f14	 f14:0xa6eb1000 f14:0xa6eb1000 f20=0x0e57d661
     193105.000 ns	     19309	80003ec0	e00518d3	fclass.s	x17,f10	 f10:0x7fc00000 x17=0x00000200
     193135.000 ns	     19312	80003ec4	20e600d3	fsgnj.s	f1,f12,f14	 f12:0x4e013ef9 f14:0xa6eb1000  f1=0xce013ef9
     193165.000 ns	     19315	80003ec8	a10ea8d3	feq.s	x17,f29,f16	 f29:0x4f7ffffc f16:0x80000000 x17=0x00000000
     193185.000 ns	     19317	80003ecc	00742933	slt	x18,x8,x7	  x8:0x80040fe4  x7:0x4af47000 x18=0x00000001
     193205.000 ns	     19319	80003ed0	20441953	fsgnjn.s	f18,f8,f4	  f8:0x7fc00000  f4:0x45800000 f18=0xffc00000
     193235.000 ns	     19322	80003ed4	c017f853	fcvt.wu.s	x16,f15	 f15:0x7fc00000 x16=0xffffffff
     193265.000 ns	     19325	80003ed8	c01aaa53	fcvt.wu.s	x20,f21	 f21:0x00000000 x20=0x00000000
     193295.000 ns	     19328	80003edc	e00887d3	fmv.x.w	x15,f17	 f17:0x7fc00000 x15=0x7fc00000
     193325.000 ns	     19331	80003ee0	a1cd1cd3	flt.s	x25,f26,f28	 f26:0x7fc00000 f28:0x7fc00000 x25=0x00000000
     193355.000 ns	     19334	80003ee4	e0098553	fmv.x.w	x10,f19	 f19:0x7fc00000 x10=0x7fc00000
     193385.000 ns	     19337	80003ee8	c0031253	fcvt.w.s	x4,f6	  f6:0x7fc00000  x4=0x7fffffff
     193425.000 ns	     19341	80003eec	18c07d53	fdiv.s	f26,f0,f12	  f0:0x7fc00000 f12:0x4e013ef9 f26=0x7fc00000
     193445.000 ns	     19343	80003ef0	c0dede97	auipc	x29,0xc0ded	 x29=0x40df0ef0
     193805.000 ns	     19379	80003ef4	02b36833	rem	x16,x6,x11	  x6:0x7fc00000 x11:0xffffffff x16=0x00000000
     193835.000 ns	     19382	80003ef8	a0dd13d3	flt.s	x7,f26,f13	 f26:0x7fc00000 f13:0x7fc00000  x7=0x00000000
     193855.000 ns	     19384	80003efc	0096e3b3	or	x7,x13,x9	 x13:0x80041024  x9:0x00000001  x7=0x80041025
     193865.000 ns	     19385	80003f00	da1cb237	lui	x4,0xda1cb	  x4=0xda1cb000
     193875.000 ns	     19386	80003f04	e2d06913	ori	x18,x0,-467	  x0:0x00000000 x18=0xfffffe2d
     193895.000 ns	     19388	80003f08	f00b0bd3	fmv.w.x	f23,x22	 x22:0x00000000 f23=0x00000000
     193925.000 ns	     19391	80003f0c	21c980d3	fsgnj.s	f1,f19,f28	 f19:0x7fc00000 f28:0x7fc00000  f1=0x7fc00000
     193955.000 ns	     19394	80003f10	28c79d53	fmax.s	f26,f15,f12	 f15:0x7fc00000 f12:0x4e013ef9 f26=0x4e013ef9
     193985.000 ns	     19397	80003f14	03329233	mulh	x4,x5,x19	  x5:0x00000000 x19:0x000000d0  x4=0x00000000
     194355.000 ns	     19434	80003f18	02b3c1b3	div	x3,x7,x11	  x7:0x80041025 x11:0xffffffff  x3=0x7ffbefdb
     194385.000 ns	     19437	80003f1c	c01f3ad3	fcvt.wu.s	x21,f30	 f30:0x3f800000 x21=0x00000001
     194415.000 ns	     19440	80003f20	207603d3	fsgnj.s	f7,f12,f7	 f12:0x4e013ef9  f7:0xd34ffffd  f7=0xce013ef9
     194445.000 ns	     19443	80003f24	e0030f53	fmv.x.w	x30,f6	  f6:0x7fc00000 x30=0x7fc00000
     194465.000 ns	     19445	80003f28	29d43993	sltiu	x19,x8,669	  x8:0x80040fe4 x19=0x00000000
     194485.000 ns	     19447	80003f2c	29bf8853	fmin.s	f16,f31,f27	 f31:0xc3500000 f27:0x7fc00000 f16=0xc3500000
     194505.000 ns	     19449	80003f30	0023f3b3	and	x7,x7,x2	  x7:0x80041025  x2:0xa5324db0  x7=0x80000020
     194525.000 ns	     19451	80003f34	2075a553	fsgnjx.s	f10,f11,f7	 f11:0x7fc00000  f7:0xce013ef9 f10=0xffc00000
     194545.000 ns	     19453	80003f38	408a88b3	sub	x17,x21,x8	 x21:0x00000001  x8:0x80040fe4 x17=0x7ffbf01d
     194555.000 ns	     19454	80003f3c	01048833	add	x16,x9,x16	  x9:0x00000001 x16:0x00000000 x16=0x00000001
     194575.000 ns	     19456	80003f40	29f59d53	fmax.s	f26,f11,f31	 f11:0x7fc00000 f31:0xc3500000 f26=0xc3500000
     194605.000 ns	     19459	80003f44	021e97b3	mulh	x15,x29,x1	 x29:0x40df0ef0  x1:0x00000009 x15=0x00000002
     194635.000 ns	     19462	80003f48	29678e53	fmin.s	f28,f15,f22	 f15:0x7fc00000 f22:0x7fc00000 f28=0x7fc00000
     194665.000 ns	     19465	80003f4c	c0127bd3	fcvt.wu.s	x23,f4	  f4:0x45800000 x23=0x00001000
     194685.000 ns	     19467	80003f50	00c9d013	srli	x0,x19,0xc	 x19:0x00000000
     195045.000 ns	     19503	80003f54	02c9e833	rem	x16,x19,x12	 x19:0x00000000 x12:0x00000001 x16=0x00000000
     195075.000 ns	     19506	80003f58	20f982d3	fsgnj.s	f5,f19,f15	 f19:0x7fc00000 f15:0x7fc00000  f5=0x7fc00000
     195095.000 ns	     19508	80003f5c	01b28c33	add	x24,x5,x27	  x5:0x00000000 x27:0x00000000 x24=0x00000000
     195455.000 ns	     19544	80003f60	03e17cb3	remu	x25,x2,x30	  x2:0xa5324db0 x30:0x7fc00000 x25=0x25724db0
     195475.000 ns	     19546	80003f64	53b197b7	lui	x15,0x53b19	 x15=0x53b19000
     195495.000 ns	     19548	80003f68	02e03f33	mulhu	x30,x0,x14	  x0:0x00000000 x14:0x004fbe2b x30=0x00000000
     195515.000 ns	     19550	80003f6c	9e1b8293	addi	x5,x23,-1567	 x23:0x00001000  x5=0x000009e1
     195525.000 ns	     19551	80003f70	aad2bf17	auipc	x30,0xaad2b	 x30=0x2ad2ef70
     195545.000 ns	     19553	80003f74	a1da8c53	fle.s	x24,f21,f29	 f21:0x00000000 f29:0x4f7ffffc x24=0x00000001
     195575.000 ns	     19556	80003f78	03db8b33	mul	x22,x23,x29	 x23:0x00001000 x29:0x40df0ef0 x22=0xf0ef0000
     195595.000 ns	     19558	80003f7c	34773c93	sltiu	x25,x14,839	 x14:0x004fbe2b x25=0x00000000
     195615.000 ns	     19560	80003f80	298789d3	fmin.s	f19,f15,f24	 f15:0x7fc00000 f24:0xffc00000 f19=0x7fc00000
     195655.000 ns	     19564	80003f84	11f07053	fmul.s	f0,f0,f31	  f0:0x7fc00000 f31:0xc3500000  f0=0x7fc00000
     195685.000 ns	     19567	80003f88	022b9cb3	mulh	x25,x23,x2	 x23:0x00001000  x2:0xa5324db0 x25=0xfffffa53
     195705.000 ns	     19569	80003f8c	acdfbb93	sltiu	x23,x31,-1331	 x31:0x0000021b x23=0x00000001
     195725.000 ns	     19571	80003f90	284f1dd3	fmax.s	f27,f30,f4	 f30:0x3f800000  f4:0x45800000 f27=0x45800000
     195745.000 ns	     19573	80003f94	015b5813	srli	x16,x22,0x15	 x22:0xf0ef0000 x16=0x00000787
     195765.000 ns	     19575	80003f98	20f10b53	fsgnj.s	f22,f2,f15	  f2:0xff800000 f15:0x7fc00000 f22=0x7f800000
     195785.000 ns	     19577	80003f9c	40231937	lui	x18,0x40231	 x18=0x40231000
     195825.000 ns	     19581	80003fa0	01121bd3	fadd.s	f23,f4,f17	  f4:0x45800000 f17:0x7fc00000 f23=0x7fc00000
     195845.000 ns	     19583	80003fa4	d82a6597	auipc	x11,0xd82a6	 x11=0x582a9fa4
     195855.000 ns	     19584	80003fa8	76f43393	sltiu	x7,x8,1903	  x8:0x80040fe4  x7=0x00000000
     195875.000 ns	     19586	80003fac	028b07b3	mul	x15,x22,x8	 x22:0xf0ef0000  x8:0x80040fe4 x15=0x95dc0000
     195905.000 ns	     19589	80003fb0	21638153	fsgnj.s	f2,f7,f22	  f7:0xce013ef9 f22:0x7f800000  f2=0x4e013ef9
     195935.000 ns	     19592	80003fb4	287c1953	fmax.s	f18,f24,f7	 f24:0xffc00000  f7:0xce013ef9 f18=0xce013ef9
     195975.000 ns	     19596	80003fb8	11c9b553	fmul.s	f10,f19,f28	 f19:0x7fc00000 f28:0x7fc00000 f10=0x7fc00000
     196005.000 ns	     19599	80003fbc	a1732bd3	feq.s	x23,f6,f23	  f6:0x7fc00000 f23:0x7fc00000 x23=0x00000000
     196025.000 ns	     19601	80003fc0	00b42333	slt	x6,x8,x11	  x8:0x80040fe4 x11:0x582a9fa4  x6=0x00000001
     196045.000 ns	     19603	80003fc4	02699c33	mulh	x24,x19,x6	 x19:0x00000000  x6:0x7fc00000 x24=0x00000000
     196065.000 ns	     19605	80003fc8	01d025b3	slt	x11,x0,x29	  x0:0x00000000 x29:0x40df0ef0 x11=0x00000001
     196075.000 ns	     19606	80003fcc	19ae6197	auipc	x3,0x19ae6	  x3=0x99ae9fcc
     196085.000 ns	     19607	80003fd0	0165df93	srli	x31,x11,0x16	 x11:0x582a9fa4 x31=0x00000000
     196095.000 ns	     19608	80003fd4	2913f397	auipc	x7,0x2913f	  x7=0xa9142fd4
     196105.000 ns	     19609	80003fd8	0180bd33	sltu	x26,x1,x24	  x1:0x00000009 x24:0x00000000 x26=0x00000000
     196115.000 ns	     19610	80003fdc	de53e493	ori	x9,x7,-539	  x7:0x00000000  x9=0xfffffff5
     196125.000 ns	     19611	80003fe0	01d41013	slli	x0,x8,0x1d	  x8:0x80040fe4
     196145.000 ns	     19613	80003fe4	20f11f53	fsgnjn.s	f30,f2,f15	  f2:0x4e013ef9 f15:0x7fc00000 f30=0xce013ef9
     196175.000 ns	     19616	80003fe8	21f50ad3	fsgnj.s	f21,f10,f31	 f10:0x7fc00000 f31:0xc3500000 f21=0xffc00000
     196195.000 ns	     19618	80003fec	00e542b3	xor	x5,x10,x14	 x10:0x7fc00000 x14:0x004fbe2b  x5=0x7f8fbe2b
     196215.000 ns	     19620	80003ff0	a15aab53	feq.s	x22,f21,f21	 f21:0xffc00000 f21:0xffc00000 x22=0x00000000
     196235.000 ns	     19622	80003ff4	00a2bd33	sltu	x26,x5,x10	  x5:0x000009e1 x10:0x7fc00000 x26=0x00000001
     196265.000 ns	     19625	80003ff8	5802f2d3	fsqrt.s	f5,f5	  f5:0x7fc00000  f5=0x7fc00000
     196315.000 ns	     19630	80003ffc	09d579d3	fsub.s	f19,f10,f29	 f10:0x7fc00000 f29:0x4f7ffffc f19=0x7fc00000
     196345.000 ns	     19633	80004000	21c705d3	fsgnj.s	f11,f14,f28	 f14:0xa6eb1000 f28:0x7fc00000 f11=0x26eb1000
     196365.000 ns	     19635	80004004	33153c13	sltiu	x24,x10,817	 x10:0x7fc00000 x24=0x00000000
     196725.000 ns	     19671	80004008	03a064b3	rem	x9,x0,x26	  x0:0x00000000 x26:0x00000001  x9=0x00000000
     196745.000 ns	     19673	8000400c	00197133	and	x2,x18,x1	 x18:0x40231000  x1:0x00000009  x2=0x00000000
     196785.000 ns	     19677	80004010	099cfbd3	fsub.s	f23,f25,f25	 f25:0x7fc00000 f25:0x7fc00000 f23=0x7fc00000
     196805.000 ns	     19679	80004014	00789913	slli	x18,x17,0x7	 x17:0x7ffbf01d x18=0xfdf80e80
     196815.000 ns	     19680	80004018	017f5893	srli	x17,x30,0x17	 x30:0x2ad2ef70 x17=0x00000055
     196835.000 ns	     19682	8000401c	203c8ad3	fsgnj.s	f21,f25,f3	 f25:0x7fc00000  f3:0x00000000 f21=0x7fc00000
     196855.000 ns	     19684	80004020	420f8a13	addi	x20,x31,1056	 x31:0x00000000 x20=0x00000420
     196865.000 ns	     19685	80004024	40f05713	srai	x14,x0,0xf	  x0:0x00000000 x14=0x00000000
     196875.000 ns	     19686	80004028	e8ea8513	addi	x10,x21,-370	 x21:0x00000001 x10=0xfffffe8f
     196905.000 ns	     19689	8000402c	580370d3	fsqrt.s	f1,f6	  f6:0x7fc00000  f1=0x7fc00000
     196955.000 ns	     19694	80004030	09911e53	fsub.s	f28,f2,f25	  f2:0x4e013ef9 f25:0x7fc00000 f28=0x7fc00000
     196995.000 ns	     19698	80004034	10f37353	fmul.s	f6,f6,f15	  f6:0x7fc00000 f15:0x7fc00000  f6=0x7fc00000
     197015.000 ns	     19700	80004038	59514f13	xori	x30,x2,1429	  x2:0x00000000 x30=0x00000595
     197035.000 ns	     19702	8000403c	d0160f53	fcvt.s.wu	f30,x12	 x12:0x00000001 f30=0x3f800000
     197085.000 ns	     19707	80004040	01589a53	fadd.s	f20,f17,f21	 f17:0x7fc00000 f21:0x7fc00000 f20=0x7fc00000
     197125.000 ns	     19711	80004044	5804a753	fsqrt.s	f14,f9	  f9:0x7fc00000 f14=0x7fc00000
     197145.000 ns	     19713	80004048	003fd493	srli	x9,x31,0x3	 x31:0x00000000  x9=0x00000000
     197155.000 ns	     19714	8000404c	cd3e7a93	andi	x21,x28,-813	 x28:0x00000000 x21=0x00000000
     197165.000 ns	     19715	80004050	40d50fb3	sub	x31,x10,x13	 x10:0xfffffe8f x13:0x80041024 x31=0x7ffbee6b
     197175.000 ns	     19716	80004054	cd6e7813	andi	x16,x28,-810	 x28:0x00000000 x16=0x00000000
     198045.000 ns	     19803	80004058	580eb753	fsqrt.s	f14,f29	 f29:0x4f7ffffc f14=0x473503e5
     198065.000 ns	     19805	8000405c	013d6233	or	x4,x26,x19	 x26:0x00000001 x19:0x00000000  x4=0x00000001
     198085.000 ns	     19807	80004060	a0b827d3	feq.s	x15,f16,f11	 f16:0xc3500000 f11:0x26eb1000 x15=0x00000000
     198455.000 ns	     19844	80004064	02a97233	remu	x4,x18,x10	 x18:0xfdf80e80 x10:0xfffffe8f  x4=0xfdf80e80
     198485.000 ns	     19847	80004068	029bf8b3	remu	x17,x23,x9	 x23:0x00000000  x9:0x00000000 x17=0x00000000
     198515.000 ns	     19850	8000406c	a1f81953	flt.s	x18,f16,f31	 f16:0xc3500000 f31:0xc3500000 x18=0x00000000
     198545.000 ns	     19853	80004070	03867bb3	remu	x23,x12,x24	 x12:0x00000001 x24:0x00000000 x23=0x00000001
     198585.000 ns	     19857	80004074	1879f4d3	fdiv.s	f9,f19,f7	 f19:0x7fc00000  f7:0xce013ef9  f9=0x7fc00000
     198605.000 ns	     19859	80004078	0059e9b3	or	x19,x19,x5	 x19:0x00000000  x5:0x7f8fbe2b x19=0x7f8fbe2b
     198615.000 ns	     19860	8000407c	449be9b7	lui	x19,0x449be	 x19=0x449be000
     198625.000 ns	     19861	80004080	0ebed9b7	lui	x19,0xebed	 x19=0x0ebed000
     198635.000 ns	     19862	80004084	409a88b3	sub	x17,x21,x9	 x21:0x00000000  x9:0x00000000 x17=0x00000000
     198675.000 ns	     19866	80004088	099c0553	fsub.s	f10,f24,f25	 f24:0xffc00000 f25:0x7fc00000 f10=0x7fc00000
     198695.000 ns	     19868	8000408c	b4cf3e93	sltiu	x29,x30,-1204	 x30:0x00000595 x29=0x00000001
     198715.000 ns	     19870	80004090	f00081d3	fmv.w.x	f3,x1	  x1:0x00000009  f3=0x00000009
     198745.000 ns	     19873	80004094	02e552b3	divu	x5,x10,x14	 x10:0xfffffe8f x14:0x00000000  x5=0xffffffff
     198775.000 ns	     19876	80004098	02742fb3	mulhsu	x31,x8,x7	  x8:0x80040fe4  x7:0xa9142fd4 x31=0xab7896e5
     198805.000 ns	     19879	8000409c	0312a233	mulhsu	x4,x5,x17	  x5:0xffffffff x17:0x00000000  x4=0x00000000
     198825.000 ns	     19881	800040a0	0099a333	slt	x6,x19,x9	 x19:0x0ebed000  x9:0x00000000  x6=0x00000000
     198845.000 ns	     19883	800040a4	a0131c53	flt.s	x24,f6,f1	  f6:0x7fc00000  f1:0x7fc00000 x24=0x00000000
     198875.000 ns	     19886	800040a8	f00907d3	fmv.w.x	f15,x18	 x18:0x00000000 f15=0x00000000
     198905.000 ns	     19889	800040ac	d01949d3	fcvt.s.wu	f19,x18	 x18:0x00000000 f19=0x00000000
     198955.000 ns	     19894	800040b0	080c0ad3	fsub.s	f21,f24,f0	 f24:0xffc00000  f0:0x7fc00000 f21=0x7fc00000
     198975.000 ns	     19896	800040b4	01666ab3	or	x21,x12,x22	 x12:0x00000001 x22:0x00000000 x21=0x00000001
     199335.000 ns	     19932	800040b8	03e279b3	remu	x19,x4,x30	  x4:0x00000000 x30:0x00000595 x19=0x00000000
     199355.000 ns	     19934	800040bc	0149b233	sltu	x4,x19,x20	 x19:0x0ebed000 x20:0x00000420  x4=0x00000001
     199375.000 ns	     19936	800040c0	a17b22d3	feq.s	x5,f22,f23	 f22:0x7f800000 f23:0x7fc00000  x5=0x00000000
     199405.000 ns	     19939	800040c4	028518b3	mulh	x17,x10,x8	 x10:0xfffffe8f  x8:0x80040fe4 x17=0x000000b8
     199745.000 ns	     19973	800040c8	183d7753	fdiv.s	f14,f26,f3	 f26:0xc3500000  f3:0x00000009 f14=0xff800000
     199765.000 ns	     19975	800040cc	008035b3	sltu	x11,x0,x8	  x0:0x00000000  x8:0x80040fe4 x11=0x00000001
     199785.000 ns	     19977	800040d0	c01708d3	fcvt.wu.s	x17,f14	 f14:0xff800000 x17=0x00000000
     199805.000 ns	     19979	800040d4	0083fab3	and	x21,x7,x8	  x7:0xa9142fd4  x8:0x80040fe4 x21=0x80040fc4
     199825.000 ns	     19981	800040d8	21ffafd3	fsgnjx.s	f31,f31,f31	 f31:0xc3500000 f31:0xc3500000 f31=0x43500000
     199845.000 ns	     19983	800040dc	0108ec33	or	x24,x17,x16	 x17:0x00000000 x16:0x00000000 x24=0x00000000
     199865.000 ns	     19985	800040e0	d00fb253	fcvt.s.w	f4,x31	 x31:0xab7896e5  f4=0xcea90ed3
     199915.000 ns	     19990	800040e4	09bd4dd3	fsub.s	f27,f26,f27	 f26:0xc3500000 f27:0x45800000 f27=0xc5868000
     199935.000 ns	     19992	800040e8	ed326017	auipc	x0,0xed326	
     199965.000 ns	     19995	800040ec	11f9a0d3	fmul.s	f1,f19,f31	 f19:0x00000000 f31:0x43500000  f1=0x00000000
     200335.000 ns	     20032	800040f0	027cdb33	divu	x22,x25,x7	 x25:0xfffffa53  x7:0xa9142fd4 x22=0x00000001
     200355.000 ns	     20034	800040f4	01321193	slli	x3,x4,0x13	  x4:0x00000001  x3=0x00080000
     200365.000 ns	     20035	800040f8	41fbd333	sra	x6,x23,x31	 x23:0x00000001 x31:0xab7896e5  x6=0x00000000
     200375.000 ns	     20036	800040fc	017cd333	srl	x6,x25,x23	 x25:0xfffffa53 x23:0x00000001  x6=0x7ffffd29
     200395.000 ns	     20038	80004100	d01428d3	fcvt.s.wu	f17,x8	  x8:0x80040fe4 f17=0x4f000410
     200415.000 ns	     20040	80004104	01c09533	sll	x10,x1,x28	  x1:0x00000009 x28:0x00000000 x10=0x00000009
     200445.000 ns	     20043	80004108	58031353	fsqrt.s	f6,f6	  f6:0x7fc00000  f6=0x7fc00000
     200475.000 ns	     20046	8000410c	03c42ab3	mulhsu	x21,x8,x28	  x8:0x80040fe4 x28:0x00000000 x21=0x00000000
     200505.000 ns	     20049	80004110	0307f2b3	remu	x5,x15,x16	 x15:0x00000000 x16:0x00000000  x5=0x00000000
     200525.000 ns	     20051	80004114	01f65393	srli	x7,x12,0x1f	 x12:0x00000001  x7=0x00000000
     200565.000 ns	     20055	80004118	081af8d3	fsub.s	f17,f21,f1	 f21:0x7fc00000  f1:0x00000000 f17=0x7fc00000
     200595.000 ns	     20058	8000411c	c0103e53	fcvt.wu.s	x28,f0	  f0:0x7fc00000 x28=0xffffffff
     200615.000 ns	     20060	80004120	3946b717	auipc	x14,0x3946b	 x14=0xb946f120
     200635.000 ns	     20062	80004124	037307b3	mul	x15,x6,x23	  x6:0x7ffffd29 x23:0x00000001 x15=0x7ffffd29
     200675.000 ns	     20066	80004128	1081f0d3	fmul.s	f1,f3,f8	  f3:0x00000009  f8:0x7fc00000  f1=0x7fc00000
     200705.000 ns	     20069	8000412c	a08b8fd3	fle.s	x31,f23,f8	 f23:0x7fc00000  f8:0x7fc00000 x31=0x00000000
     200735.000 ns	     20072	80004130	c0048ad3	fcvt.w.s	x21,f9	  f9:0x7fc00000 x21=0x7fffffff
     200755.000 ns	     20074	80004134	00000013	addi	x0,x0,0	  x0:0x00000000
     200775.000 ns	     20076	80004138	027eb2b3	mulhu	x5,x29,x7	 x29:0x00000001  x7:0x00000000  x5=0x00000000
     200825.000 ns	     20081	8000413c	095e47d3	fsub.s	f15,f28,f21	 f28:0x7fc00000 f21:0x7fc00000 f15=0x7fc00000
     200855.000 ns	     20084	80004140	039d2633	mulhsu	x12,x26,x25	 x26:0x00000001 x25:0xfffffa53 x12=0x00000000
     200895.000 ns	     20088	80004144	104f70d3	fmul.s	f1,f30,f4	 f30:0x3f800000  f4:0xcea90ed3  f1=0xcea90ed4
     200915.000 ns	     20090	80004148	c4a73393	sltiu	x7,x14,-950	 x14:0xb946f120  x7=0x00000001
     200935.000 ns	     20092	8000414c	a1019f53	flt.s	x30,f3,f16	  f3:0x00000009 f16:0xc3500000 x30=0x00000000
     200955.000 ns	     20094	80004150	012fd913	srli	x18,x31,0x12	 x31:0x00000000 x18=0x00000000
     200965.000 ns	     20095	80004154	769e7b13	andi	x22,x28,1897	 x28:0xffffffff x22=0x00000769
     200975.000 ns	     20096	80004158	01b35b33	srl	x22,x6,x27	  x6:0x7ffffd29 x27:0x00000000 x22=0x7ffffd29
     201015.000 ns	     20100	8000415c	08638fd3	fsub.s	f31,f7,f6	  f7:0xce013ef9  f6:0x7fc00000 f31=0x7fc00000
     201065.000 ns	     20105	80004160	09c572d3	fsub.s	f5,f10,f28	 f10:0x7fc00000 f28:0x7fc00000  f5=0x7fc00000
     201095.000 ns	     20108	80004164	a06c02d3	fle.s	x5,f24,f6	 f24:0xffc00000  f6:0x7fc00000  x5=0x00000000
     201115.000 ns	     20110	80004168	00cbebb3	or	x23,x23,x12	 x23:0x00000001 x12:0x00000000 x23=0x00000001
     201125.000 ns	     20111	8000416c	01a2b4b3	sltu	x9,x5,x26	  x5:0x00000000 x26:0x00000001  x9=0x00000001
     201135.000 ns	     20112	80004170	01890833	add	x16,x18,x24	 x18:0x00000000 x24:0x00000000 x16=0x00000000
     201155.000 ns	     20114	80004174	a1588d53	fle.s	x26,f17,f21	 f17:0x7fc00000 f21:0x7fc00000 x26=0x00000000
     201175.000 ns	     20116	80004178	50d2d537	lui	x10,0x50d2d	 x10=0x50d2d000
     201185.000 ns	     20117	8000417c	4002dcb3	sra	x25,x5,x0	  x5:0x00000000  x0:0x00000000 x25=0x00000000
     201195.000 ns	     20118	80004180	01b65713	srli	x14,x12,0x1b	 x12:0x00000000 x14=0x00000000
     201205.000 ns	     20119	80004184	0030a333	slt	x6,x1,x3	  x1:0x00000009  x3:0x00080000  x6=0x00000001
     201235.000 ns	     20122	80004188	1014fe53	fmul.s	f28,f9,f1	  f9:0x7fc00000  f1:0xcea90ed4 f28=0x7fc00000
     201265.000 ns	     20125	8000418c	03573fb3	mulhu	x31,x14,x21	 x14:0x00000000 x21:0x7fffffff x31=0x00000000
     201635.000 ns	     20162	80004190	02aa53b3	divu	x7,x20,x10	 x20:0x00000420 x10:0x50d2d000  x7=0x00000000
     201665.000 ns	     20165	80004194	f0070e53	fmv.w.x	f28,x14	 x14:0x00000000 f28=0x00000000
     201695.000 ns	     20168	80004198	a0cd9153	flt.s	x2,f27,f12	 f27:0xc5868000 f12:0x4e013ef9  x2=0x00000001
     201715.000 ns	     20170	8000419c	00081a33	sll	x20,x16,x0	 x16:0x00000000  x0:0x00000000 x20=0x00000000
     201755.000 ns	     20174	800041a0	09234453	fsub.s	f8,f6,f18	  f6:0x7fc00000 f18:0xce013ef9  f8=0x7fc00000
     201785.000 ns	     20177	800041a4	28231d53	fmax.s	f26,f6,f2	  f6:0x7fc00000  f2:0x4e013ef9 f26=0x4e013ef9
     201825.000 ns	     20181	800041a8	10fcf053	fmul.s	f0,f25,f15	 f25:0x7fc00000 f15:0x7fc00000  f0=0x7fc00000
     201855.000 ns	     20184	800041ac	02f89bb3	mulh	x23,x17,x15	 x17:0x00000000 x15:0x7ffffd29 x23=0x00000000
     201875.000 ns	     20186	800041b0	01545e33	srl	x28,x8,x21	  x8:0x80040fe4 x21:0x7fffffff x28=0x00000001
     201895.000 ns	     20188	800041b4	d01cc153	fcvt.s.wu	f2,x25	 x25:0x00000000  f2=0x00000000
     201915.000 ns	     20190	800041b8	40d10b33	sub	x22,x2,x13	  x2:0x00000001 x13:0x80041024 x22=0x7ffbefdd
     201935.000 ns	     20192	800041bc	d00cf753	fcvt.s.w	f14,x25	 x25:0x00000000 f14=0x00000000
     201965.000 ns	     20195	800041c0	291d0f53	fmin.s	f30,f26,f17	 f26:0x4e013ef9 f17:0x7fc00000 f30=0x4e013ef9
     201995.000 ns	     20198	800041c4	02f71db3	mulh	x27,x14,x15	 x14:0x00000000 x15:0x7ffffd29 x27=0x00000000
     202015.000 ns	     20200	800041c8	006089b3	add	x19,x1,x6	  x1:0x00000009  x6:0x00000001 x19=0x0000000a
     202035.000 ns	     20202	800041cc	a0e9a953	feq.s	x18,f19,f14	 f19:0x00000000 f14:0x00000000 x18=0x00000001
     202055.000 ns	     20204	800041d0	0176dc13	srli	x24,x13,0x17	 x13:0x80041024 x24=0x00000100
     202065.000 ns	     20205	800041d4	01f43d33	sltu	x26,x8,x31	  x8:0x80040fe4 x31:0x00000000 x26=0x00000000
     202085.000 ns	     20207	800041d8	c0087053	fcvt.w.s	x0,f16	 f16:0xc3500000
     202105.000 ns	     20209	800041dc	00166cb3	or	x25,x12,x1	 x12:0x00000000  x1:0x00000009 x25=0x00000009
     202115.000 ns	     20210	800041e0	01cd0bb3	add	x23,x26,x28	 x26:0x00000000 x28:0x00000001 x23=0x00000001
     202145.000 ns	     20213	800041e4	1857bb53	fdiv.s	f22,f15,f5	 f15:0x7fc00000  f5:0x7fc00000 f22=0x7fc00000
     202165.000 ns	     20215	800041e8	4027de33	sra	x28,x15,x2	 x15:0x7ffffd29  x2:0x00000001 x28=0x3ffffe94
     202175.000 ns	     20216	800041ec	dc6127b7	lui	x15,0xdc612	 x15=0xdc612000
     202205.000 ns	     20219	800041f0	10c81bd3	fmul.s	f23,f16,f12	 f16:0xc3500000 f12:0x4e013ef9 f23=0xd1d20654
     202225.000 ns	     20221	800041f4	41fcd013	srai	x0,x25,0x1f	 x25:0x00000009
     202255.000 ns	     20224	800041f8	193974d3	fdiv.s	f9,f18,f19	 f18:0xce013ef9 f19:0x00000000  f9=0xff800000
     202285.000 ns	     20227	800041fc	02cac9b3	div	x19,x21,x12	 x21:0x7fffffff x12:0x00000000 x19=0xffffffff
     202305.000 ns	     20229	80004200	01b93d33	sltu	x26,x18,x27	 x18:0x00000001 x27:0x00000000 x26=0x00000000
     202345.000 ns	     20233	80004204	093ff9d3	fsub.s	f19,f31,f19	 f31:0x7fc00000 f19:0x00000000 f19=0x7fc00000
     202365.000 ns	     20235	80004208	01d7da13	srli	x20,x15,0x1d	 x15:0xdc612000 x20=0x00000006
     202385.000 ns	     20237	8000420c	20ffa053	fsgnjx.s	f0,f31,f15	 f31:0x7fc00000 f15:0x7fc00000  f0=0x7fc00000
     202415.000 ns	     20240	80004210	03f993b3	mulh	x7,x19,x31	 x19:0xffffffff x31:0x00000000  x7=0x00000000
     202445.000 ns	     20243	80004214	e0058bd3	fmv.x.w	x23,f11	 f11:0x26eb1000 x23=0x26eb1000
     202485.000 ns	     20247	80004218	11460ed3	fmul.s	f29,f12,f20	 f12:0x4e013ef9 f20:0x7fc00000 f29=0x7fc00000
     202515.000 ns	     20250	8000421c	283b94d3	fmax.s	f9,f23,f3	 f23:0xd1d20654  f3:0x00000009  f9=0x00000009
     202535.000 ns	     20252	80004220	01a71233	sll	x4,x14,x26	 x14:0x00000000 x26:0x00000000  x4=0x00000000
     202555.000 ns	     20254	80004224	21300fd3	fsgnj.s	f31,f0,f19	  f0:0x7fc00000 f19:0x7fc00000 f31=0x7fc00000
     202575.000 ns	     20256	80004228	89dfee93	ori	x29,x31,-1891	 x31:0x00000000 x29=0xfffff89d
     202585.000 ns	     20257	8000422c	40e05d33	sra	x26,x0,x14	  x0:0x00000000 x14:0x00000000 x26=0x00000000
     202595.000 ns	     20258	80004230	00521f13	slli	x30,x4,0x5	  x4:0x00000000 x30=0x00000000
     202615.000 ns	     20260	80004234	02a7b3b3	mulhu	x7,x15,x10	 x15:0xdc612000 x10:0x50d2d000  x7=0x4593d4bb
     202635.000 ns	     20262	80004238	409a8db3	sub	x27,x21,x9	 x21:0x7fffffff  x9:0x00000001 x27=0x7ffffffe
     202665.000 ns	     20265	8000423c	5800a853	fsqrt.s	f16,f1	  f1:0xcea90ed4 f16=0x7fc00000
     202705.000 ns	     20269	80004240	5800cad3	fsqrt.s	f21,f1	  f1:0xcea90ed4 f21=0x7fc00000
     202735.000 ns	     20272	80004244	030232b3	mulhu	x5,x4,x16	  x4:0x00000000 x16:0x00000000  x5=0x00000000
     202765.000 ns	     20275	80004248	f00c0cd3	fmv.w.x	f25,x24	 x24:0x00000100 f25=0x00000100
     202795.000 ns	     20278	8000424c	02e18bb3	mul	x23,x3,x14	  x3:0x00080000 x14:0x00000000 x23=0x00000000
     202835.000 ns	     20282	80004250	10fb70d3	fmul.s	f1,f22,f15	 f22:0x7fc00000 f15:0x7fc00000  f1=0x7fc00000
     202855.000 ns	     20284	80004254	01151793	slli	x15,x10,0x11	 x10:0x50d2d000 x15=0xa0000000
     202865.000 ns	     20285	80004258	00619213	slli	x4,x3,0x6	  x3:0x00080000  x4=0x02000000
     202885.000 ns	     20287	8000425c	a18f2c53	feq.s	x24,f30,f24	 f30:0x4e013ef9 f24:0xffc00000 x24=0x00000000
     202915.000 ns	     20290	80004260	a00e2c53	feq.s	x24,f28,f0	 f28:0x00000000  f0:0x7fc00000 x24=0x00000000
     202935.000 ns	     20292	80004264	41495d93	srai	x27,x18,0x14	 x18:0x00000001 x27=0x00000000
     202945.000 ns	     20293	80004268	0150cd33	xor	x26,x1,x21	  x1:0x00000009 x21:0x7fffffff x26=0x7ffffff6
     202955.000 ns	     20294	8000426c	a1690493	addi	x9,x18,-1514	 x18:0x00000001  x9=0xfffffa17
     202975.000 ns	     20296	80004270	e0059ed3	fclass.s	x29,f11	 f11:0x26eb1000 x29=0x00000040
     202995.000 ns	     20298	80004274	460def13	ori	x30,x27,1120	 x27:0x00000000 x30=0x00000460
     203015.000 ns	     20300	80004278	a05528d3	feq.s	x17,f10,f5	 f10:0x7fc00000  f5:0x7fc00000 x17=0x00000000
     203045.000 ns	     20303	8000427c	a0a71c53	flt.s	x24,f14,f10	 f14:0x00000000 f10:0x7fc00000 x24=0x00000000
     203075.000 ns	     20306	80004280	032c8cb3	mul	x25,x25,x18	 x25:0x00000009 x18:0x00000001 x25=0x00000009
     203095.000 ns	     20308	80004284	004d7833	and	x16,x26,x4	 x26:0x7ffffff6  x4:0x02000000 x16=0x02000000
     203115.000 ns	     20310	80004288	a0491653	flt.s	x12,f18,f4	 f18:0xce013ef9  f4:0xcea90ed3 x12=0x00000000
     203155.000 ns	     20314	8000428c	1141f0d3	fmul.s	f1,f3,f20	  f3:0x00000009 f20:0x7fc00000  f1=0x7fc00000
     203185.000 ns	     20317	80004290	02458eb3	mul	x29,x11,x4	 x11:0x00000001  x4:0x02000000 x29=0x02000000
     203215.000 ns	     20320	80004294	03ec9bb3	mulh	x23,x25,x30	 x25:0x00000009 x30:0x00000460 x23=0x00000000
     203245.000 ns	     20323	80004298	02c97933	remu	x18,x18,x12	 x18:0x00000001 x12:0x00000000 x18=0x00000001
     203265.000 ns	     20325	8000429c	00089c13	slli	x24,x17,0x0	 x17:0x00000000 x24=0x00000000
     203285.000 ns	     20327	800042a0	d00e17d3	fcvt.s.w	f15,x28	 x28:0x3ffffe94 f15=0x4e7ffffa
     203315.000 ns	     20330	800042a4	03b59f33	mulh	x30,x11,x27	 x11:0x00000001 x27:0x00000000 x30=0x00000000
     203335.000 ns	     20332	800042a8	31c48a93	addi	x21,x9,796	  x9:0xfffffa17 x21=0xfffffd33
     203355.000 ns	     20334	800042ac	21892253	fsgnjx.s	f4,f18,f24	 f18:0xce013ef9 f24:0xffc00000  f4=0x4e013ef9
     203375.000 ns	     20336	800042b0	019df733	and	x14,x27,x25	 x27:0x00000000 x25:0x00000009 x14=0x00000000
     203385.000 ns	     20337	800042b4	00ba1393	slli	x7,x20,0xb	 x20:0x00000006  x7=0x00003000
     203425.000 ns	     20341	800042b8	01c77553	fadd.s	f10,f14,f28	 f14:0x00000000 f28:0x00000000 f10=0x00000000
     203445.000 ns	     20343	800042bc	68c18e97	auipc	x29,0x68c18	 x29=0xe8c1c2bc
     203465.000 ns	     20345	800042c0	a13389d3	fle.s	x19,f7,f19	  f7:0xce013ef9 f19:0x7fc00000 x19=0x00000000
     203485.000 ns	     20347	800042c4	6dce6737	lui	x14,0x6dce6	 x14=0x6dce6000
     203505.000 ns	     20349	800042c8	d0127ad3	fcvt.s.wu	f21,x4	  x4:0x02000000 f21=0x4c000000
     203875.000 ns	     20386	800042cc	03097133	remu	x2,x18,x16	 x18:0x00000001 x16:0x02000000  x2=0x00000001
     203905.000 ns	     20389	800042d0	021a05b3	mul	x11,x20,x1	 x20:0x00000006  x1:0x00000009 x11=0x00000036
     203925.000 ns	     20391	800042d4	1230c893	xori	x17,x1,291	  x1:0x00000009 x17=0x0000012a
     203935.000 ns	     20392	800042d8	00000013	addi	x0,x0,0	  x0:0x00000000
     203955.000 ns	     20394	800042dc	0335c3b3	div	x7,x11,x19	 x11:0x00000036 x19:0x00000000  x7=0xffffffff
     203975.000 ns	     20396	800042e0	b8977b93	andi	x23,x14,-1143	 x14:0x6dce6000 x23=0x6dce6000
     203995.000 ns	     20398	800042e4	d0113853	fcvt.s.wu	f16,x2	  x2:0x00000001 f16=0x3f800000
     204015.000 ns	     20400	800042e8	6cf4c713	xori	x14,x9,1743	  x9:0xfffffa17 x14=0xfffffcd8
     204025.000 ns	     20401	800042ec	ffdf0893	addi	x17,x30,-3	 x30:0x00000000 x17=0xfffffffd
     204045.000 ns	     20403	800042f0	20ac1fd3	fsgnjn.s	f31,f24,f10	 f24:0xffc00000 f10:0x00000000 f31=0xffc00000
     204075.000 ns	     20406	800042f4	f0040f53	fmv.w.x	f30,x8	  x8:0x80040fe4 f30=0x80040fe4
     204095.000 ns	     20408	800042f8	0176bfb3	sltu	x31,x13,x23	 x13:0x80041024 x23:0x6dce6000 x31=0x00000000
     204115.000 ns	     20410	800042fc	e00302d3	fmv.x.w	x5,f6	  f6:0x7fc00000  x5=0x7fc00000
     204155.000 ns	     20414	80004300	19d80253	fdiv.s	f4,f16,f29	 f16:0x3f800000 f29:0x7fc00000  f4=0x7fc00000
     204185.000 ns	     20417	80004304	d00d2653	fcvt.s.w	f12,x26	 x26:0x7ffffff6 f12=0x4f000000
     204205.000 ns	     20419	80004308	51d2b393	sltiu	x7,x5,1309	  x5:0x7fc00000  x7=0x00000000
     204235.000 ns	     20422	8000430c	105e33d3	fmul.s	f7,f28,f5	 f28:0x00000000  f5:0x7fc00000  f7=0x7fc00000
     204275.000 ns	     20426	80004310	19ab40d3	fdiv.s	f1,f22,f26	 f22:0x7fc00000 f26:0x4e013ef9  f1=0x7fc00000
     204295.000 ns	     20428	80004314	41688033	sub	x0,x17,x22	 x17:0xfffffffd x22:0x7ffbefdd
     204305.000 ns	     20429	80004318	0197d533	srl	x10,x15,x25	 x15:0xa0000000 x25:0x00000009 x10=0x00500000
     204325.000 ns	     20431	8000431c	a0cdafd3	feq.s	x31,f27,f12	 f27:0xc5868000 f12:0x4f000000 x31=0x00000000
     204355.000 ns	     20434	80004320	21ce22d3	fsgnjx.s	f5,f28,f28	 f28:0x00000000 f28:0x00000000  f5=0x00000000
     204725.000 ns	     20471	80004324	036b52b3	divu	x5,x22,x22	 x22:0x7ffbefdd x22:0x7ffbefdd  x5=0x00000001
     204745.000 ns	     20473	80004328	00241b13	slli	x22,x8,0x2	  x8:0x80040fe4 x22=0x00103f90
     204755.000 ns	     20474	8000432c	00fba733	slt	x14,x23,x15	 x23:0x6dce6000 x15:0xa0000000 x14=0x00000000
     204765.000 ns	     20475	80004330	019cdc13	srli	x24,x25,0x19	 x25:0x00000009 x24=0x00000000
     204795.000 ns	     20478	80004334	194df5d3	fdiv.s	f11,f27,f20	 f27:0xc5868000 f20:0x7fc00000 f11=0x7fc00000
     204825.000 ns	     20481	80004338	c00ef253	fcvt.w.s	x4,f29	 f29:0x7fc00000  x4=0x7fffffff
     204845.000 ns	     20483	8000433c	00f525b3	slt	x11,x10,x15	 x10:0x00500000 x15:0xa0000000 x11=0x00000000
     204865.000 ns	     20485	80004340	20d50ed3	fsgnj.s	f29,f10,f13	 f10:0x00000000 f13:0x7fc00000 f29=0x00000000
     204895.000 ns	     20488	80004344	a0b781d3	fle.s	x3,f15,f11	 f15:0x4e7ffffa f11:0x7fc00000  x3=0x00000000
     204915.000 ns	     20490	80004348	01b8f633	and	x12,x17,x27	 x17:0xfffffffd x27:0x00000000 x12=0x00000000
     204925.000 ns	     20491	8000434c	01b6a133	slt	x2,x13,x27	 x13:0x80041024 x27:0x00000000  x2=0x00000001
     204945.000 ns	     20493	80004350	d01878d3	fcvt.s.wu	f17,x16	 x16:0x02000000 f17=0x4c000000
     204965.000 ns	     20495	80004354	00b15533	srl	x10,x2,x11	  x2:0x00000001 x11:0x00000000 x10=0x00000001
     204985.000 ns	     20497	80004358	21b42853	fsgnjx.s	f16,f8,f27	  f8:0x7fc00000 f27:0xc5868000 f16=0xffc00000
     205015.000 ns	     20500	8000435c	0286b233	mulhu	x4,x13,x8	 x13:0x80041024  x8:0x80040fe4  x4=0x40041014
     205035.000 ns	     20502	80004360	b4d73e93	sltiu	x29,x14,-1203	 x14:0x00000000 x29=0x00000001
     205045.000 ns	     20503	80004364	3e91e213	ori	x4,x3,1001	  x3:0x00000000  x4=0x000003e9
     205065.000 ns	     20505	80004368	28f90953	fmin.s	f18,f18,f15	 f18:0xce013ef9 f15:0x4e7ffffa f18=0xce013ef9
     205095.000 ns	     20508	8000436c	f00a0e53	fmv.w.x	f28,x20	 x20:0x00000006 f28=0x00000006
     205115.000 ns	     20510	80004370	69ac7d93	andi	x27,x24,1690	 x24:0x00000000 x27=0x00000000
     205125.000 ns	     20511	80004374	01961a13	slli	x20,x12,0x19	 x12:0x00000000 x20=0x00000000
     205145.000 ns	     20513	80004378	e0050fd3	fmv.x.w	x31,f10	 f10:0x00000000 x31=0x00000000
     205175.000 ns	     20516	8000437c	03bea233	mulhsu	x4,x29,x27	 x29:0x00000001 x27:0x00000000  x4=0x00000000
     205545.000 ns	     20553	80004380	03027833	remu	x16,x4,x16	  x4:0x000003e9 x16:0x02000000 x16=0x00000000
     205565.000 ns	     20555	80004384	008ed593	srli	x11,x29,0x8	 x29:0x00000001 x11=0x00000000
     205585.000 ns	     20557	80004388	d00f7753	fcvt.s.w	f14,x30	 x30:0x00000000 f14=0x00000000
     205605.000 ns	     20559	8000438c	8c643593	sltiu	x11,x8,-1850	  x8:0x80040fe4 x11=0x00000001
     205615.000 ns	     20560	80004390	70786793	ori	x15,x16,1799	 x16:0x00000000 x15=0x00000707
     205635.000 ns	     20562	80004394	e00c14d3	fclass.s	x9,f24	 f24:0xffc00000  x9=0x00000200
     205665.000 ns	     20565	80004398	03db0fb3	mul	x31,x22,x29	 x22:0x00103f90 x29:0x00000001 x31=0x00103f90
     205685.000 ns	     20567	8000439c	00995793	srli	x15,x18,0x9	 x18:0x00000001 x15=0x00000000
     205705.000 ns	     20569	800043a0	f00306d3	fmv.w.x	f13,x6	  x6:0x00000001 f13=0x00000001
     205725.000 ns	     20571	800043a4	00be5b93	srli	x23,x28,0xb	 x28:0x3ffffe94 x23=0x0007ffff
     205745.000 ns	     20573	800043a8	20302053	fsgnjx.s	f0,f0,f3	  f0:0x7fc00000  f3:0x00000009  f0=0x7fc00000
     205775.000 ns	     20576	800043ac	21d90c53	fsgnj.s	f24,f18,f29	 f18:0xce013ef9 f29:0x00000000 f24=0x4e013ef9
     205795.000 ns	     20578	800043b0	400f0a33	sub	x20,x30,x0	 x30:0x00000000  x0:0x00000000 x20=0x00000000
     205805.000 ns	     20579	800043b4	40d95e33	sra	x28,x18,x13	 x18:0x00000001 x13:0x80041024 x28=0x00000000
     205815.000 ns	     20580	800043b8	0167ad33	slt	x26,x15,x22	 x15:0x00000000 x22:0x00103f90 x26=0x00000001
     205835.000 ns	     20582	800043bc	d0192f53	fcvt.s.wu	f30,x18	 x18:0x00000001 f30=0x3f800000
     205855.000 ns	     20584	800043c0	40505a13	srai	x20,x0,0x5	  x0:0x00000000 x20=0x00000000
     205875.000 ns	     20586	800043c4	a151a9d3	feq.s	x19,f3,f21	  f3:0x00000009 f21:0x4c000000 x19=0x00000000
     205915.000 ns	     20590	800043c8	580efdd3	fsqrt.s	f27,f29	 f29:0x00000000 f27=0x00000000
     205935.000 ns	     20592	800043cc	008b61b3	or	x3,x22,x8	 x22:0x00103f90  x8:0x80040fe4  x3=0x80143ff4
     206295.000 ns	     20628	800043d0	026a72b3	remu	x5,x20,x6	 x20:0x00000000  x6:0x00000001  x5=0x00000000
     206315.000 ns	     20630	800043d4	d5c0a013	slti	x0,x1,-676	  x1:0x00000009
     206325.000 ns	     20631	800043d8	406b07b3	sub	x15,x22,x6	 x22:0x00103f90  x6:0x00000001 x15=0x00103f8f
     206345.000 ns	     20633	800043dc	0340c333	div	x6,x1,x20	  x1:0x00000009 x20:0x00000000  x6=0xffffffff
     206365.000 ns	     20635	800043e0	41b3d313	srai	x6,x7,0x1b	  x7:0x00000000  x6=0x00000000
     206395.000 ns	     20638	800043e4	10f875d3	fmul.s	f11,f16,f15	 f16:0xffc00000 f15:0x4e7ffffa f11=0x7fc00000
     206765.000 ns	     20675	800043e8	035c4b33	div	x22,x24,x21	 x24:0x00000000 x21:0xfffffd33 x22=0x00000000
     206795.000 ns	     20678	800043ec	a09f84d3	fle.s	x9,f31,f9	 f31:0xffc00000  f9:0x00000009  x9=0x00000000
     206815.000 ns	     20680	800043f0	3213ec93	ori	x25,x7,801	  x7:0x00000000 x25=0x00000321
     206835.000 ns	     20682	800043f4	a032a253	feq.s	x4,f5,f3	  f5:0x00000000  f3:0x00000009  x4=0x00000000
     206865.000 ns	     20685	800043f8	294b0dd3	fmin.s	f27,f22,f20	 f22:0x7fc00000 f20:0x7fc00000 f27=0x7fc00000
     206885.000 ns	     20687	800043fc	0017f833	and	x16,x15,x1	 x15:0x00103f8f  x1:0x00000009 x16=0x00000009
     206895.000 ns	     20688	80004400	41c08ab3	sub	x21,x1,x28	  x1:0x00000009 x28:0x00000000 x21=0x00000009
     206915.000 ns	     20690	80004404	027eb8b3	mulhu	x17,x29,x7	 x29:0x00000001  x7:0x00000000 x17=0x00000000
     206955.000 ns	     20694	80004408	11e47dd3	fmul.s	f27,f8,f30	  f8:0x7fc00000 f30:0x3f800000 f27=0x7fc00000
     206985.000 ns	     20697	8000440c	0263b1b3	mulhu	x3,x7,x6	  x7:0x00000000  x6:0x00000000  x3=0x00000000
     207015.000 ns	     20700	80004410	0394ac33	mulhsu	x24,x9,x25	  x9:0x00000000 x25:0x00000321 x24=0x00000000
     207045.000 ns	     20703	80004414	033c88b3	mul	x17,x25,x19	 x25:0x00000321 x19:0x00000000 x17=0x00000000
     207075.000 ns	     20706	80004418	a09f8a53	fle.s	x20,f31,f9	 f31:0xffc00000  f9:0x00000009 x20=0x00000000
     207445.000 ns	     20743	8000441c	03f95b33	divu	x22,x18,x31	 x18:0x00000001 x31:0x00103f90 x22=0x00000000
     207465.000 ns	     20745	80004420	418b0db3	sub	x27,x22,x24	 x22:0x00000000 x24:0x00000000 x27=0x00000000
     207485.000 ns	     20747	80004424	032224b3	mulhsu	x9,x4,x18	  x4:0x00000000 x18:0x00000001  x9=0x00000000
     207505.000 ns	     20749	80004428	416ad5b3	sra	x11,x21,x22	 x21:0x00000009 x22:0x00000000 x11=0x00000009
     207515.000 ns	     20750	8000442c	4121da33	sra	x20,x3,x18	  x3:0x00000000 x18:0x00000001 x20=0x00000000
     207535.000 ns	     20752	80004430	03751eb3	mulh	x29,x10,x23	 x10:0x00000001 x23:0x0007ffff x29=0x00000000
     207565.000 ns	     20755	80004434	c0097c53	fcvt.w.s	x24,f18	 f18:0xce013ef9 x24=0x204fbe40
     207595.000 ns	     20758	80004438	20530453	fsgnj.s	f8,f6,f5	  f6:0x7fc00000  f5:0x00000000  f8=0x7fc00000
     207615.000 ns	     20760	8000443c	00db9b93	slli	x23,x23,0xd	 x23:0x0007ffff x23=0xffffe000
     207625.000 ns	     20761	80004440	e150a893	slti	x17,x1,-491	  x1:0x00000009 x17=0x00000000
     207635.000 ns	     20762	80004444	00ea8333	add	x6,x21,x14	 x21:0x00000009 x14:0x00000000  x6=0x00000009
     207655.000 ns	     20764	80004448	03b06fb3	rem	x31,x0,x27	  x0:0x00000000 x27:0x00000000 x31=0x00000000
     207675.000 ns	     20766	8000444c	7c5f2737	lui	x14,0x7c5f2	 x14=0x7c5f2000
     207685.000 ns	     20767	80004450	011e9533	sll	x10,x29,x17	 x29:0x00000000 x17:0x00000000 x10=0x00000000
     207695.000 ns	     20768	80004454	01830f33	add	x30,x6,x24	  x6:0x00000009 x24:0x204fbe40 x30=0x204fbe49
     207715.000 ns	     20770	80004458	03912933	mulhsu	x18,x2,x25	  x2:0x00000001 x25:0x00000321 x18=0x00000000
     207745.000 ns	     20773	8000445c	a0a51053	flt.s	x0,f10,f10	 f10:0x00000000 f10:0x00000000
     207775.000 ns	     20776	80004460	d0094f53	fcvt.s.w	f30,x18	 x18:0x00000000 f30=0x00000000
     207795.000 ns	     20778	80004464	409c5193	srai	x3,x24,0x9	 x24:0x204fbe40  x3=0x001027df
     207805.000 ns	     20779	80004468	00cbb133	sltu	x2,x23,x12	 x23:0xffffe000 x12:0x00000000  x2=0x00000000
     207815.000 ns	     20780	8000446c	1eb30e93	addi	x29,x6,491	  x6:0x00000009 x29=0x000001f4
     207825.000 ns	     20781	80004470	0183ad33	slt	x26,x7,x24	  x7:0x00000000 x24:0x204fbe40 x26=0x00000001
     207845.000 ns	     20783	80004474	280004d3	fmin.s	f9,f0,f0	  f0:0x7fc00000  f0:0x7fc00000  f9=0x7fc00000
     207875.000 ns	     20786	80004478	02dc2cb3	mulhsu	x25,x24,x13	 x24:0x204fbe40 x13:0x80041024 x25=0x10286268
     207895.000 ns	     20788	8000447c	01dcee33	or	x28,x25,x29	 x25:0x00000321 x29:0x000001f4 x28=0x102863fc
     207915.000 ns	     20790	80004480	21b00153	fsgnj.s	f2,f0,f27	  f0:0x7fc00000 f27:0x7fc00000  f2=0x7fc00000
     207945.000 ns	     20793	80004484	a1132653	feq.s	x12,f6,f17	  f6:0x7fc00000 f17:0x4c000000 x12=0x00000000
     207975.000 ns	     20796	80004488	29cb91d3	fmax.s	f3,f23,f28	 f23:0xd1d20654 f28:0x00000006  f3=0x00000006
     208005.000 ns	     20799	8000448c	e0090e53	fmv.x.w	x28,f18	 f18:0xce013ef9 x28=0xce013ef9
     208035.000 ns	     20802	80004490	d01c4d53	fcvt.s.wu	f26,x24	 x24:0x204fbe40 f26=0x4e013ef9
     208055.000 ns	     20804	80004494	01e723b3	slt	x7,x14,x30	 x14:0x7c5f2000 x30:0x204fbe49  x7=0x00000000
     208065.000 ns	     20805	80004498	2e196a93	ori	x21,x18,737	 x18:0x00000000 x21=0x000002e1
     208075.000 ns	     20806	8000449c	4b5ea793	slti	x15,x29,1205	 x29:0x000001f4 x15=0x00000001
     208095.000 ns	     20808	800044a0	03da11b3	mulh	x3,x20,x29	 x20:0x00000000 x29:0x000001f4  x3=0x00000000
     208115.000 ns	     20810	800044a4	00f1e533	or	x10,x3,x15	  x3:0x001027df x15:0x00103f8f x10=0x00000001
     208125.000 ns	     20811	800044a8	011b1e93	slli	x29,x22,0x11	 x22:0x00000000 x29=0x00000000
     208135.000 ns	     20812	800044ac	2e43f593	andi	x11,x7,740	  x7:0x00000000 x11=0x00000000
     208495.000 ns	     20848	800044b0	0383e233	rem	x4,x7,x24	  x7:0x00000000 x24:0x204fbe40  x4=0x00000000
     208525.000 ns	     20851	800044b4	217c23d3	fsgnjx.s	f7,f24,f23	 f24:0x4e013ef9 f23:0xd1d20654  f7=0xce013ef9
     208545.000 ns	     20853	800044b8	019aeb33	or	x22,x21,x25	 x21:0x000002e1 x25:0x10286268 x22=0x102862e9
     208565.000 ns	     20855	800044bc	a1aa93d3	flt.s	x7,f21,f26	 f21:0x4c000000 f26:0x4e013ef9  x7=0x00000001
     208585.000 ns	     20857	800044c0	00000013	addi	x0,x0,0	  x0:0x00000000
     208605.000 ns	     20859	800044c4	025523b3	mulhsu	x7,x10,x5	 x10:0x00000001  x5:0x00000000  x7=0x00000000
     208625.000 ns	     20861	800044c8	01629933	sll	x18,x5,x22	  x5:0x00000000 x22:0x102862e9 x18=0x00000000
     208645.000 ns	     20863	800044cc	033be8b3	rem	x17,x23,x19	 x23:0xffffe000 x19:0x00000000 x17=0xffffe000
     208675.000 ns	     20866	800044d0	a1632253	feq.s	x4,f6,f22	  f6:0x7fc00000 f22:0x7fc00000  x4=0x00000000
     208705.000 ns	     20869	800044d4	28de9f53	fmax.s	f30,f29,f13	 f29:0x00000000 f13:0x00000001 f30=0x00000001
     208735.000 ns	     20872	800044d8	027975b3	remu	x11,x18,x7	 x18:0x00000000  x7:0x00000000 x11=0x00000000
     208755.000 ns	     20874	800044dc	01c24cb3	xor	x25,x4,x28	  x4:0x00000000 x28:0xce013ef9 x25=0xce013ef9
     209115.000 ns	     20910	800044e0	02dc4db3	div	x27,x24,x13	 x24:0x204fbe40 x13:0x80041024 x27=0x00000000
     209145.000 ns	     20913	800044e4	29ff1853	fmax.s	f16,f30,f31	 f30:0x00000001 f31:0xffc00000 f16=0x00000001
     209175.000 ns	     20916	800044e8	038b05b3	mul	x11,x22,x24	 x22:0x102862e9 x24:0x204fbe40 x11=0xa968a840
     209205.000 ns	     20919	800044ec	a1cba8d3	feq.s	x17,f23,f28	 f23:0xd1d20654 f28:0x00000006 x17=0x00000000
     209235.000 ns	     20922	800044f0	0348a1b3	mulhsu	x3,x17,x20	 x17:0xffffe000 x20:0x00000000  x3=0x00000000
     209255.000 ns	     20924	800044f4	400e5eb3	sra	x29,x28,x0	 x28:0xce013ef9  x0:0x00000000 x29=0xce013ef9
     209265.000 ns	     20925	800044f8	01121d93	slli	x27,x4,0x11	  x4:0x00000000 x27=0x00000000
     209275.000 ns	     20926	800044fc	41b45c13	srai	x24,x8,0x1b	  x8:0x80040fe4 x24=0xfffffff0
     209285.000 ns	     20927	80004500	f2234d93	xori	x27,x6,-222	  x6:0x00000009 x27=0xffffff2b
     209305.000 ns	     20929	80004504	c0118853	fcvt.wu.s	x16,f3	  f3:0x00000006 x16=0x00000000
     209335.000 ns	     20932	80004508	299b14d3	fmax.s	f9,f22,f25	 f22:0x7fc00000 f25:0x00000100  f9=0x00000100
     209705.000 ns	     20969	8000450c	02a84cb3	div	x25,x16,x10	 x16:0x00000000 x10:0x00000001 x25=0x00000000
     209725.000 ns	     20971	80004510	00c48133	add	x2,x9,x12	  x9:0x00000000 x12:0x00000000  x2=0x00000000
     209755.000 ns	     20974	80004514	112ffcd3	fmul.s	f25,f31,f18	 f31:0xffc00000 f18:0xce013ef9 f25=0x7fc00000
     209775.000 ns	     20976	80004518	5d07c913	xori	x18,x15,1488	 x15:0x00000001 x18=0x000005d1
     210135.000 ns	     21012	8000451c	02164eb3	div	x29,x12,x1	 x12:0x00000000  x1:0x00000009 x29=0x00000000
     210155.000 ns	     21014	80004520	47e72193	slti	x3,x14,1150	 x14:0x7c5f2000  x3=0x00000000
     210175.000 ns	     21016	80004524	034293b3	mulh	x7,x5,x20	  x5:0x00000000 x20:0x00000000  x7=0x00000000
     210195.000 ns	     21018	80004528	00988fb3	add	x31,x17,x9	 x17:0x00000000  x9:0x00000000 x31=0x00000000
     210225.000 ns	     21021	8000452c	19a0fc53	fdiv.s	f24,f1,f26	  f1:0x7fc00000 f26:0x4e013ef9 f24=0x7fc00000
     210255.000 ns	     21024	80004530	02aa9fb3	mulh	x31,x21,x10	 x21:0x000002e1 x10:0x00000001 x31=0x00000000
     210275.000 ns	     21026	80004534	e5a2a313	slti	x6,x5,-422	  x5:0x00000000  x6=0x00000000
     210285.000 ns	     21027	80004538	01a35d13	srli	x26,x6,0x1a	  x6:0x00000009 x26=0x00000000
     210305.000 ns	     21029	8000453c	2165a353	fsgnjx.s	f6,f11,f22	 f11:0x7fc00000 f22:0x7fc00000  f6=0x7fc00000
     210325.000 ns	     21031	80004540	01917b33	and	x22,x2,x25	  x2:0x00000000 x25:0x00000000 x22=0x00000000
     210345.000 ns	     21033	80004544	29c01453	fmax.s	f8,f0,f28	  f0:0x7fc00000 f28:0x00000006  f8=0x00000006
     210365.000 ns	     21035	80004548	15c4fe93	andi	x29,x9,348	  x9:0x00000000 x29=0x00000000
     210405.000 ns	     21039	8000454c	0918f653	fsub.s	f12,f17,f17	 f17:0x4c000000 f17:0x4c000000 f12=0x80000000
     210435.000 ns	     21042	80004550	e00999d3	fclass.s	x19,f19	 f19:0x7fc00000 x19=0x00000200
     210465.000 ns	     21045	80004554	a01623d3	feq.s	x7,f12,f1	 f12:0x80000000  f1:0x7fc00000  x7=0x00000000
     210485.000 ns	     21047	80004558	e42fa393	slti	x7,x31,-446	 x31:0x00000000  x7=0x00000000
     210505.000 ns	     21049	8000455c	a0fe2e53	feq.s	x28,f28,f15	 f28:0x00000006 f15:0x4e7ffffa x28=0x00000000
     210875.000 ns	     21086	80004560	0335e033	rem	x0,x11,x19	 x11:0xa968a840 x19:0x00000200
     210895.000 ns	     21088	80004564	005f45b3	xor	x11,x30,x5	 x30:0x204fbe49  x5:0x00000000 x11=0x204fbe49
     210905.000 ns	     21089	80004568	01210cb3	add	x25,x2,x18	  x2:0x00000000 x18:0x000005d1 x25=0x000005d1
     210925.000 ns	     21091	8000456c	214da853	fsgnjx.s	f16,f27,f20	 f27:0x7fc00000 f20:0x7fc00000 f16=0x7fc00000
     210945.000 ns	     21093	80004570	41058133	sub	x2,x11,x16	 x11:0x204fbe49 x16:0x00000000  x2=0x204fbe49
     210965.000 ns	     21095	80004574	03142b33	mulhsu	x22,x8,x17	  x8:0x80040fe4 x17:0x00000000 x22=0x00000000
     210985.000 ns	     21097	80004578	983d8617	auipc	x12,0x983d8	 x12=0x183dc578
     211005.000 ns	     21099	8000457c	20882653	fsgnjx.s	f12,f16,f8	 f16:0x7fc00000  f8:0x00000006 f12=0x7fc00000
     211035.000 ns	     21102	80004580	020f5c33	divu	x24,x30,x0	 x30:0x204fbe49  x0:0x00000000 x24=0xffffffff
     211055.000 ns	     21104	80004584	4082d813	srai	x16,x5,0x8	  x5:0x00000000 x16=0x00000000
     211415.000 ns	     21140	80004588	032fc233	div	x4,x31,x18	 x31:0x00000000 x18:0x000005d1  x4=0x00000000
     211465.000 ns	     21145	8000458c	01950ed3	fadd.s	f29,f10,f25	 f10:0x00000000 f25:0x7fc00000 f29=0x7fc00000
     211485.000 ns	     21147	80004590	41f1d113	srai	x2,x3,0x1f	  x3:0x00000000  x2=0x00000000
     211495.000 ns	     21148	80004594	013ec5b3	xor	x11,x29,x19	 x29:0x00000000 x19:0x00000200 x11=0x00000200
     211505.000 ns	     21149	80004598	95891d37	lui	x26,0x95891	 x26=0x95891000
     211525.000 ns	     21151	8000459c	20681a53	fsgnjn.s	f20,f16,f6	 f16:0x7fc00000  f6:0x7fc00000 f20=0xffc00000
     211895.000 ns	     21188	800045a0	0378ec33	rem	x24,x17,x23	 x17:0x00000000 x23:0xffffe000 x24=0x00000000
     211915.000 ns	     21190	800045a4	1ae1e313	ori	x6,x3,430	  x3:0x00000000  x6=0x000001ae
     211925.000 ns	     21191	800045a8	01cc7d33	and	x26,x24,x28	 x24:0x00000000 x28:0x00000000 x26=0x00000000
     213095.000 ns	     21308	800045ac	58040653	fsqrt.s	f12,f8	  f8:0x00000006 f12=0x1f35048c
     213115.000 ns	     21310	800045b0	418808b3	sub	x17,x16,x24	 x16:0x00000000 x24:0x00000000 x17=0x00000000
     213125.000 ns	     21311	800045b4	418dd333	sra	x6,x27,x24	 x27:0xffffff2b x24:0x00000000  x6=0xffffff2b
     213165.000 ns	     21315	800045b8	01811053	fadd.s	f0,f2,f24	  f2:0x7fc00000 f24:0x7fc00000  f0=0x7fc00000
     213185.000 ns	     21317	800045bc	01091493	slli	x9,x18,0x10	 x18:0x000005d1  x9=0x05d10000
     213205.000 ns	     21319	800045c0	f00d08d3	fmv.w.x	f17,x26	 x26:0x00000000 f17=0x00000000
     213235.000 ns	     21322	800045c4	02253e33	mulhu	x28,x10,x2	 x10:0x00000001  x2:0x00000000 x28=0x00000000
     213255.000 ns	     21324	800045c8	03153d13	sltiu	x26,x10,49	 x10:0x00000001 x26=0x00000001
     213275.000 ns	     21326	800045cc	c0189e53	fcvt.wu.s	x28,f17	 f17:0x00000000 x28=0x00000000
     213305.000 ns	     21329	800045d0	02c9b033	mulhu	x0,x19,x12	 x19:0x00000200 x12:0x183dc578
     213335.000 ns	     21332	800045d4	02311d33	mulh	x26,x2,x3	  x2:0x00000000  x3:0x00000000 x26=0x00000000
     213355.000 ns	     21334	800045d8	016f4833	xor	x16,x30,x22	 x30:0x204fbe49 x22:0x00000000 x16=0x204fbe49
     213365.000 ns	     21335	800045dc	00028a33	add	x20,x5,x0	  x5:0x00000000  x0:0x00000000 x20=0x00000000
     213385.000 ns	     21337	800045e0	d00012d3	fcvt.s.w	f5,x0	  x0:0x00000000  f5=0x00000000
     213415.000 ns	     21340	800045e4	a1009a53	flt.s	x20,f1,f16	  f1:0x7fc00000 f16:0x7fc00000 x20=0x00000000
     213435.000 ns	     21342	800045e8	9b188593	addi	x11,x17,-1615	 x17:0x00000000 x11=0xfffff9b1
     213445.000 ns	     21343	800045ec	00567033	and	x0,x12,x5	 x12:0x183dc578  x5:0x00000000
     213455.000 ns	     21344	800045f0	010ebd33	sltu	x26,x29,x16	 x29:0x00000000 x16:0x204fbe49 x26=0x00000001
     213475.000 ns	     21346	800045f4	a11119d3	flt.s	x19,f2,f17	  f2:0x7fc00000 f17:0x00000000 x19=0x00000000
     213505.000 ns	     21349	800045f8	02a82c33	mulhsu	x24,x16,x10	 x16:0x204fbe49 x10:0x00000001 x24=0x00000000
     213535.000 ns	     21352	800045fc	02017c33	remu	x24,x2,x0	  x2:0x00000000  x0:0x00000000 x24=0x00000000
     213565.000 ns	     21355	80004600	c01474d3	fcvt.wu.s	x9,f8	  f8:0x00000006  x9=0x00000000
     213595.000 ns	     21358	80004604	21d180d3	fsgnj.s	f1,f3,f29	  f3:0x00000006 f29:0x7fc00000  f1=0x00000006
     213615.000 ns	     21360	80004608	e1a494b7	lui	x9,0xe1a49	  x9=0xe1a49000
     213635.000 ns	     21362	8000460c	032799b3	mulh	x19,x15,x18	 x15:0x00000001 x18:0x000005d1 x19=0x00000000
     213655.000 ns	     21364	80004610	48962293	slti	x5,x12,1161	 x12:0x183dc578  x5=0x00000000
     213665.000 ns	     21365	80004614	00ba88b3	add	x17,x21,x11	 x21:0x000002e1 x11:0xfffff9b1 x17=0xfffffc92
     213685.000 ns	     21367	80004618	c01f24d3	fcvt.wu.s	x9,f30	 f30:0x00000001  x9=0x00000000
     213705.000 ns	     21369	8000461c	00cd9813	slli	x16,x27,0xc	 x27:0xffffff2b x16=0xfff2b000
     213725.000 ns	     21371	80004620	c01a07d3	fcvt.wu.s	x15,f20	 f20:0xffc00000 x15=0xffffffff
     214095.000 ns	     21408	80004624	03e0cc33	div	x24,x1,x30	  x1:0x00000009 x30:0x204fbe49 x24=0x00000000
     214115.000 ns	     21410	80004628	01e257b3	srl	x15,x4,x30	  x4:0x00000000 x30:0x204fbe49 x15=0x00000000
     214145.000 ns	     21413	8000462c	580f9653	fsqrt.s	f12,f31	 f31:0xffc00000 f12=0x7fc00000
     214165.000 ns	     21415	80004630	014008b3	add	x17,x0,x20	  x0:0x00000000 x20:0x00000000 x17=0x00000000
     214175.000 ns	     21416	80004634	b7290993	addi	x19,x18,-1166	 x18:0x000005d1 x19=0x00000143
     214195.000 ns	     21418	80004638	a0572653	feq.s	x12,f14,f5	 f14:0x00000000  f5:0x00000000 x12=0x00000001
     214225.000 ns	     21421	8000463c	032d2f33	mulhsu	x30,x26,x18	 x26:0x00000001 x18:0x000005d1 x30=0x00000000
     214245.000 ns	     21423	80004640	00f7ceb3	xor	x29,x15,x15	 x15:0x00000000 x15:0x00000000 x29=0x00000000
     214255.000 ns	     21424	80004644	d5cce893	ori	x17,x25,-676	 x25:0x000005d1 x17=0xfffffddd
     214275.000 ns	     21426	80004648	03639fb3	mulh	x31,x7,x22	  x7:0x00000000 x22:0x00000000 x31=0x00000000
     214305.000 ns	     21429	8000464c	03e54eb3	div	x29,x10,x30	 x10:0x00000001 x30:0x00000000 x29=0xffffffff
     214335.000 ns	     21432	80004650	204f8953	fsgnj.s	f18,f31,f4	 f31:0xffc00000  f4:0x7fc00000 f18=0x7fc00000
     214355.000 ns	     21434	80004654	4077dfb3	sra	x31,x15,x7	 x15:0x00000000  x7:0x00000000 x31=0x00000000
     214365.000 ns	     21435	80004658	d1310b13	addi	x22,x2,-749	  x2:0x00000000 x22=0xfffffd13
     214375.000 ns	     21436	8000465c	0122cc33	xor	x24,x5,x18	  x5:0x00000000 x18:0x000005d1 x24=0x000005d1
     214415.000 ns	     21440	80004660	00002c53	fadd.s	f24,f0,f0	  f0:0x7fc00000  f0:0x7fc00000 f24=0x7fc00000
     214445.000 ns	     21443	80004664	02230c33	mul	x24,x6,x2	  x6:0xffffff2b  x2:0x00000000 x24=0x00000000
     214485.000 ns	     21447	80004668	580bf4d3	fsqrt.s	f9,f23	 f23:0xd1d20654  f9=0x7fc00000
     214515.000 ns	     21450	8000466c	a1f9a253	feq.s	x4,f19,f31	 f19:0x7fc00000 f31:0xffc00000  x4=0x00000000
     214535.000 ns	     21452	80004670	41e55713	srai	x14,x10,0x1e	 x10:0x00000001 x14=0x00000000
     215625.000 ns	     21561	80004674	580e1353	fsqrt.s	f6,f28	 f28:0x00000006  f6=0x1f35048c
     215655.000 ns	     21564	80004678	03e5cab3	div	x21,x11,x30	 x11:0xfffff9b1 x30:0x00000000 x21=0xffffffff
     215675.000 ns	     21566	8000467c	00000013	addi	x0,x0,0	  x0:0x00000000
     216035.000 ns	     21602	80004680	03bbd733	divu	x14,x23,x27	 x23:0xffffe000 x27:0xffffff2b x14=0x00000000
     216065.000 ns	     21605	80004684	03242533	mulhsu	x10,x8,x18	  x8:0x80040fe4 x18:0x000005d1 x10=0xfffffd17
     216095.000 ns	     21608	80004688	a03d0ad3	fle.s	x21,f26,f3	 f26:0x4e013ef9  f3:0x00000006 x21=0x00000000
     216465.000 ns	     21645	8000468c	03ab7d33	remu	x26,x22,x26	 x22:0xfffffd13 x26:0x00000001 x26=0x00000000
     216495.000 ns	     21648	80004690	e0069ad3	fclass.s	x21,f13	 f13:0x00000001 x21=0x00000020
     216525.000 ns	     21651	80004694	20232d53	fsgnjx.s	f26,f6,f2	  f6:0x1f35048c  f2:0x7fc00000 f26=0x1f35048c
     216545.000 ns	     21653	80004698	00d31113	slli	x2,x6,0xd	  x6:0xffffff2b  x2=0xffe56000
     216555.000 ns	     21654	8000469c	0fae7193	andi	x3,x28,250	 x28:0x00000000  x3=0x00000000
     216565.000 ns	     21655	800046a0	40ff5033	sra	x0,x30,x15	 x30:0x00000000 x15:0x00000000
     216575.000 ns	     21656	800046a4	01337b33	and	x22,x6,x19	  x6:0xffffff2b x19:0x00000143 x22=0x00000103
     216595.000 ns	     21658	800046a8	a0949353	flt.s	x6,f9,f9	  f9:0x7fc00000  f9:0x7fc00000  x6=0x00000000
     216625.000 ns	     21661	800046ac	034b2a33	mulhsu	x20,x22,x20	 x22:0xfffffd13 x20:0x00000000 x20=0x00000000
     216655.000 ns	     21664	800046b0	20b11ed3	fsgnjn.s	f29,f2,f11	  f2:0x7fc00000 f11:0x7fc00000 f29=0xffc00000
     216685.000 ns	     21667	800046b4	021a91b3	mulh	x3,x21,x1	 x21:0x00000020  x1:0x00000009  x3=0x00000000
     216725.000 ns	     21671	800046b8	11c5f7d3	fmul.s	f15,f11,f28	 f11:0x7fc00000 f28:0x00000006 f15=0x7fc00000
     216745.000 ns	     21673	800046bc	00007a33	and	x20,x0,x0	  x0:0x00000000  x0:0x00000000 x20=0x00000000
     216765.000 ns	     21675	800046c0	a19a28d3	feq.s	x17,f20,f25	 f20:0xffc00000 f25:0x7fc00000 x17=0x00000000
     216795.000 ns	     21678	800046c4	20e524d3	fsgnjx.s	f9,f10,f14	 f10:0x00000000 f14:0x00000000  f9=0x00000000
     216815.000 ns	     21680	800046c8	01e26fb3	or	x31,x4,x30	  x4:0x00000000 x30:0x00000000 x31=0x00000000
     216835.000 ns	     21682	800046cc	298a89d3	fmin.s	f19,f21,f24	 f21:0x4c000000 f24:0x7fc00000 f19=0x4c000000
     216865.000 ns	     21685	800046d0	215510d3	fsgnjn.s	f1,f10,f21	 f10:0x00000000 f21:0x4c000000  f1=0x80000000
     216895.000 ns	     21688	800046d4	a0209c53	flt.s	x24,f1,f2	  f1:0x00000006  f2:0x7fc00000 x24=0x00000000
     216915.000 ns	     21690	800046d8	002675b3	and	x11,x12,x2	 x12:0x00000001  x2:0xffe56000 x11=0x00000000
     216925.000 ns	     21691	800046dc	37c22e37	lui	x28,0x37c22	 x28=0x37c22000
     216945.000 ns	     21693	800046e0	023fb7b3	mulhu	x15,x31,x3	 x31:0x00000000  x3:0x00000000 x15=0x00000000
     216965.000 ns	     21695	800046e4	01ef0d33	add	x26,x30,x30	 x30:0x00000000 x30:0x00000000 x26=0x00000000
     216975.000 ns	     21696	800046e8	00000013	addi	x0,x0,0	  x0:0x00000000
     217005.000 ns	     21699	800046ec	580740d3	fsqrt.s	f1,f14	 f14:0x00000000  f1=0x00000000
     217035.000 ns	     21702	800046f0	e00d1c53	fclass.s	x24,f26	 f26:0x1f35048c x24=0x00000040
     217055.000 ns	     21704	800046f4	00b3d913	srli	x18,x7,0xb	  x7:0x00000000 x18=0x00000000
     217415.000 ns	     21740	800046f8	03906333	rem	x6,x0,x25	  x0:0x00000000 x25:0x000005d1  x6=0x00000000
     217435.000 ns	     21742	800046fc	2ef78913	addi	x18,x15,751	 x15:0x00000000 x18=0x000002ef
     217475.000 ns	     21746	80004700	080376d3	fsub.s	f13,f6,f0	  f6:0x1f35048c  f0:0x7fc00000 f13=0x7fc00000
     217505.000 ns	     21749	80004704	217c95d3	fsgnjn.s	f11,f25,f23	 f25:0x7fc00000 f23:0xd1d20654 f11=0x7fc00000
     217535.000 ns	     21752	80004708	02362133	mulhsu	x2,x12,x3	 x12:0x00000001  x3:0x00000000  x2=0x00000000
     217555.000 ns	     21754	8000470c	011535b3	sltu	x11,x10,x17	 x10:0xfffffd17 x17:0x00000000 x11=0x00000000
     217575.000 ns	     21756	80004710	20f09fd3	fsgnjn.s	f31,f1,f15	  f1:0x00000000 f15:0x7fc00000 f31=0x80000000
     217605.000 ns	     21759	80004714	c017fad3	fcvt.wu.s	x21,f15	 f15:0x7fc00000 x21=0xffffffff
     217625.000 ns	     21761	80004718	8694b293	sltiu	x5,x9,-1943	  x9:0x00000000  x5=0x00000001
     217655.000 ns	     21764	8000471c	10077153	fmul.s	f2,f14,f0	 f14:0x00000000  f0:0x7fc00000  f2=0x7fc00000
     217675.000 ns	     21766	80004720	aee53c93	sltiu	x25,x10,-1298	 x10:0xfffffd17 x25=0x00000000
     217685.000 ns	     21767	80004724	01defd33	and	x26,x29,x29	 x29:0xffffffff x29:0xffffffff x26=0xffffffff
     218045.000 ns	     21803	80004728	0376c4b3	div	x9,x13,x23	 x13:0x80041024 x23:0xffffe000  x9=0x0003ffdf
     218415.000 ns	     21840	8000472c	0370e7b3	rem	x15,x1,x23	  x1:0x00000009 x23:0xffffe000 x15=0x00000009
     218465.000 ns	     21845	80004730	08631c53	fsub.s	f24,f6,f6	  f6:0x1f35048c  f6:0x1f35048c f24=0x80000000
     218495.000 ns	     21848	80004734	0236b9b3	mulhu	x19,x13,x3	 x13:0x80041024  x3:0x00000000 x19=0x00000000
     218525.000 ns	     21851	80004738	a0db1053	flt.s	x0,f22,f13	 f22:0x7fc00000 f13:0x7fc00000
     218545.000 ns	     21853	8000473c	01845913	srli	x18,x8,0x18	  x8:0x80040fe4 x18=0x00000080
     218565.000 ns	     21855	80004740	a01c81d3	fle.s	x3,f25,f1	 f25:0x7fc00000  f1:0x00000000  x3=0x00000000
     218585.000 ns	     21857	80004744	41d75c33	sra	x24,x14,x29	 x14:0x00000000 x29:0xffffffff x24=0x00000000
     218605.000 ns	     21859	80004748	21d911d3	fsgnjn.s	f3,f18,f29	 f18:0x7fc00000 f29:0xffc00000  f3=0x7fc00000
     218975.000 ns	     21896	8000474c	03574db3	div	x27,x14,x21	 x14:0x00000000 x21:0xffffffff x27=0x00000000
     219005.000 ns	     21899	80004750	a0d08053	fle.s	x0,f1,f13	  f1:0x00000000 f13:0x7fc00000
     219035.000 ns	     21902	80004754	21ed0153	fsgnj.s	f2,f26,f30	 f26:0x1f35048c f30:0x00000001  f2=0x1f35048c
     219065.000 ns	     21905	80004758	02acb7b3	mulhu	x15,x25,x10	 x25:0x00000000 x10:0xfffffd17 x15=0x00000000
     219085.000 ns	     21907	8000475c	a08f8c13	addi	x24,x31,-1528	 x31:0x00000000 x24=0xfffffa08
     219105.000 ns	     21909	80004760	d0153f53	fcvt.s.wu	f30,x10	 x10:0xfffffd17 f30=0x4f7ffffe
     219135.000 ns	     21912	80004764	03ef7fb3	remu	x31,x30,x30	 x30:0x00000000 x30:0x00000000 x31=0x00000000
     219155.000 ns	     21914	80004768	39d97913	andi	x18,x18,925	 x18:0x00000080 x18=0x00000080
     219165.000 ns	     21915	8000476c	33875537	lui	x10,0x33875	 x10=0x33875000
     219185.000 ns	     21917	80004770	a0b10053	fle.s	x0,f2,f11	  f2:0x1f35048c f11:0x7fc00000
     219205.000 ns	     21919	80004774	9dba7293	andi	x5,x20,-1573	 x20:0x00000000  x5=0x00000000
     219225.000 ns	     21921	80004778	c00c7a53	fcvt.w.s	x20,f24	 f24:0x80000000 x20=0x00000000
     219245.000 ns	     21923	8000477c	01ece5b3	or	x11,x25,x30	 x25:0x00000000 x30:0x00000000 x11=0x00000000
     219265.000 ns	     21925	80004780	2007a0d3	fsgnjx.s	f1,f15,f0	 f15:0x7fc00000  f0:0x7fc00000  f1=0x7fc00000
     219285.000 ns	     21927	80004784	c8de8e13	addi	x28,x29,-883	 x29:0xffffffff x28=0xfffffc8c
     219295.000 ns	     21928	80004788	00ccaab3	slt	x21,x25,x12	 x25:0x00000000 x12:0x00000001 x21=0x00000001
     219315.000 ns	     21930	8000478c	c01a7853	fcvt.wu.s	x16,f20	 f20:0xffc00000 x16=0xffffffff
     219345.000 ns	     21933	80004790	0241f633	remu	x12,x3,x4	  x3:0x00000000  x4:0x00000000 x12=0x00000000
     219375.000 ns	     21936	80004794	02092f33	mulhsu	x30,x18,x0	 x18:0x00000080  x0:0x00000000 x30=0x00000000
     219395.000 ns	     21938	80004798	2599c293	xori	x5,x19,601	 x19:0x00000000  x5=0x00000259
     219405.000 ns	     21939	8000479c	2bcef213	andi	x4,x29,700	 x29:0xffffffff  x4=0x000002bc
     219415.000 ns	     21940	800047a0	f9063513	sltiu	x10,x12,-112	 x12:0x00000000 x10=0x00000001
     219435.000 ns	     21942	800047a4	e00894d3	fclass.s	x9,f17	 f17:0x00000000  x9=0x00000010
     219465.000 ns	     21945	800047a8	216d1bd3	fsgnjn.s	f23,f26,f22	 f26:0x1f35048c f22:0x7fc00000 f23=0x9f35048c
     219495.000 ns	     21948	800047ac	c01e73d3	fcvt.wu.s	x7,f28	 f28:0x00000006  x7=0x00000000
     219525.000 ns	     21951	800047b0	e0091753	fclass.s	x14,f18	 f18:0x7fc00000 x14=0x00000200
     219555.000 ns	     21954	800047b4	03b6c533	div	x10,x13,x27	 x13:0x80041024 x27:0x00000000 x10=0xffffffff
     219575.000 ns	     21956	800047b8	c4d62313	slti	x6,x12,-947	 x12:0x00000000  x6=0x00000000
     219585.000 ns	     21957	800047bc	00ad3b33	sltu	x22,x26,x10	 x26:0xffffffff x10:0xffffffff x22=0x00000000
     219595.000 ns	     21958	800047c0	2a962d13	slti	x26,x12,681	 x12:0x00000000 x26=0x00000001
     219615.000 ns	     21960	800047c4	036bb1b3	mulhu	x3,x23,x22	 x23:0xffffe000 x22:0x00000103  x3=0x00000000
     219635.000 ns	     21962	800047c8	ec2f2d93	slti	x27,x30,-318	 x30:0x00000000 x27=0x00000000
     219645.000 ns	     21963	800047cc	ea67b893	sltiu	x17,x15,-346	 x15:0x00000000 x17=0x00000001
     219665.000 ns	     21965	800047d0	a19d9353	flt.s	x6,f27,f25	 f27:0x7fc00000 f25:0x7fc00000  x6=0x00000000
     219685.000 ns	     21967	800047d4	2029cbb7	lui	x23,0x2029c	 x23=0x2029c000
     219695.000 ns	     21968	800047d8	00000013	addi	x0,x0,0	  x0:0x00000000
     219715.000 ns	     21970	800047dc	d01bf653	fcvt.s.wu	f12,x23	 x23:0xffffe000 f12=0x4e00a700
     219745.000 ns	     21973	800047e0	03bca733	mulhsu	x14,x25,x27	 x25:0x00000000 x27:0x00000000 x14=0x00000000
     219765.000 ns	     21975	800047e4	e6486893	ori	x17,x16,-412	 x16:0xffffffff x17=0xffffffff
     219785.000 ns	     21977	800047e8	0340ebb3	rem	x23,x1,x20	  x1:0x00000009 x20:0x00000000 x23=0x00000009
     219805.000 ns	     21979	800047ec	eb43c813	xori	x16,x7,-332	  x7:0x00000000 x16=0xfffffeb4
     219825.000 ns	     21981	800047f0	c00508d3	fcvt.w.s	x17,f10	 f10:0x00000000 x17=0x00000000
     219845.000 ns	     21983	800047f4	ce06b8b7	lui	x17,0xce06b	 x17=0xce06b000
     219865.000 ns	     21985	800047f8	21c31d53	fsgnjn.s	f26,f6,f28	  f6:0x1f35048c f28:0x00000006 f26=0x9f35048c
     219885.000 ns	     21987	800047fc	00d03cb3	sltu	x25,x0,x13	  x0:0x00000000 x13:0x80041024 x25=0x00000001
     219895.000 ns	     21988	80004800	404401b3	sub	x3,x8,x4	  x8:0x80040fe4  x4:0x000002bc  x3=0x80040d28
     219925.000 ns	     21991	80004804	19987bd3	fdiv.s	f23,f16,f25	 f16:0x7fc00000 f25:0x7fc00000 f23=0x7fc00000
     219955.000 ns	     21994	80004808	02501bb3	mulh	x23,x0,x5	  x0:0x00000000  x5:0x00000259 x23=0x00000000
     219975.000 ns	     21996	8000480c	f5034613	xori	x12,x6,-176	  x6:0x00000000 x12=0xffffff50
     219985.000 ns	     21997	80004810	409304b3	sub	x9,x6,x9	  x6:0x00000000  x9:0x00000010  x9=0xfffffff0
     219995.000 ns	     21998	80004814	fd094e97	auipc	x29,0xfd094	 x29=0x7d098814
     220005.000 ns	     21999	80004818	2eb74e93	xori	x29,x14,747	 x14:0x00000000 x29=0x000002eb
     220025.000 ns	     22001	8000481c	03143733	mulhu	x14,x8,x17	  x8:0x80040fe4 x17:0xce06b000 x14=0x67069ce4
     220055.000 ns	     22004	80004820	c003cfd3	fcvt.w.s	x31,f7	  f7:0xce013ef9 x31=0xdfb041c0
     220085.000 ns	     22007	80004824	036b5733	divu	x14,x22,x22	 x22:0x00000000 x22:0x00000000 x14=0xffffffff
     220125.000 ns	     22011	80004828	580dcdd3	fsqrt.s	f27,f27	 f27:0x7fc00000 f27=0x7fc00000
     220155.000 ns	     22014	8000482c	03eed633	divu	x12,x29,x30	 x29:0x000002eb x30:0x00000000 x12=0xffffffff
     220175.000 ns	     22016	80004830	e012af13	slti	x30,x5,-511	  x5:0x00000259 x30=0x00000000
     220195.000 ns	     22018	80004834	c01d7853	fcvt.wu.s	x16,f26	 f26:0x9f35048c x16=0x00000000
     220215.000 ns	     22020	80004838	de780713	addi	x14,x16,-537	 x16:0xfffffeb4 x14=0xfffffde7
     220235.000 ns	     22022	8000483c	c01c73d3	fcvt.wu.s	x7,f24	 f24:0x80000000  x7=0x00000000
     220265.000 ns	     22025	80004840	03b6f133	remu	x2,x13,x27	 x13:0x80041024 x27:0x00000000  x2=0x80041024
     220295.000 ns	     22028	80004844	c0197053	fcvt.wu.s	x0,f18	 f18:0x7fc00000
     220325.000 ns	     22031	80004848	200a8f53	fsgnj.s	f30,f21,f0	 f21:0x4c000000  f0:0x7fc00000 f30=0x4c000000
     220345.000 ns	     22033	8000484c	01261593	slli	x11,x12,0x12	 x12:0xffffffff x11=0xfffc0000
     220385.000 ns	     22037	80004850	080fa853	fsub.s	f16,f31,f0	 f31:0x80000000  f0:0x7fc00000 f16=0x7fc00000
     220435.000 ns	     22042	80004854	00ed7e53	fadd.s	f28,f26,f14	 f26:0x9f35048c f14:0x00000000 f28=0x9f35048c
     220455.000 ns	     22044	80004858	002688b3	add	x17,x13,x2	 x13:0x80041024  x2:0x80041024 x17=0x00082048
     220465.000 ns	     22045	8000485c	402edc33	sra	x24,x29,x2	 x29:0x000002eb  x2:0x80041024 x24=0x0000002e
     220825.000 ns	     22081	80004860	02d8efb3	rem	x31,x17,x13	 x17:0xce06b000 x13:0x80041024 x31=0x00082048
     220875.000 ns	     22086	80004864	09127fd3	fsub.s	f31,f4,f17	  f4:0x7fc00000 f17:0x00000000 f31=0x7fc00000
     220895.000 ns	     22088	80004868	05737913	andi	x18,x6,87	  x6:0x00000000 x18=0x00000000
     220905.000 ns	     22089	8000486c	2471deb7	lui	x29,0x2471d	 x29=0x2471d000
     220925.000 ns	     22091	80004870	a07c2e53	feq.s	x28,f24,f7	 f24:0x80000000  f7:0xce013ef9 x28=0x00000000
     220955.000 ns	     22094	80004874	e0088ed3	fmv.x.w	x29,f17	 f17:0x00000000 x29=0x00000000
     220975.000 ns	     22096	80004878	411ed793	srai	x15,x29,0x11	 x29:0x2471d000 x15=0x00000000
     220985.000 ns	     22097	8000487c	72f08a93	addi	x21,x1,1839	  x1:0x00000009 x21=0x00000738
     220995.000 ns	     22098	80004880	01df6eb3	or	x29,x30,x29	 x30:0x00000000 x29:0x00000000 x29=0x00000000
     221015.000 ns	     22100	80004884	02fa8bb3	mul	x23,x21,x15	 x21:0x00000001 x15:0x00000000 x23=0x00000000
     221035.000 ns	     22102	80004888	0138d233	srl	x4,x17,x19	 x17:0x00082048 x19:0x00000000  x4=0x00082048
     221075.000 ns	     22106	8000488c	084ef4d3	fsub.s	f9,f29,f4	 f29:0xffc00000  f4:0x7fc00000  f9=0x7fc00000
     221095.000 ns	     22108	80004890	012268b3	or	x17,x4,x18	  x4:0x000002bc x18:0x00000000 x17=0x00082048
     221115.000 ns	     22110	80004894	c015cc53	fcvt.wu.s	x24,f11	 f11:0x7fc00000 x24=0xffffffff
     221155.000 ns	     22114	80004898	1914f653	fdiv.s	f12,f9,f17	  f9:0x7fc00000 f17:0x00000000 f12=0x7fc00000
     221525.000 ns	     22151	8000489c	0256dc33	divu	x24,x13,x5	 x13:0x80041024  x5:0x00000259 x24=0x0036877b
     221545.000 ns	     22153	800048a0	efb2e193	ori	x3,x5,-261	  x5:0x00000259  x3=0xfffffefb
     221565.000 ns	     22155	800048a4	a0eaad53	feq.s	x26,f21,f14	 f21:0x4c000000 f14:0x00000000 x26=0x00000000
     221595.000 ns	     22158	800048a8	a05687d3	fle.s	x15,f13,f5	 f13:0x7fc00000  f5:0x00000000 x15=0x00000000
     221625.000 ns	     22161	800048ac	038ebe33	mulhu	x28,x29,x24	 x29:0x00000000 x24:0x0036877b x28=0x00000000
     221655.000 ns	     22164	800048b0	a07497d3	flt.s	x15,f9,f7	  f9:0x7fc00000  f7:0xce013ef9 x15=0x00000000
     221685.000 ns	     22167	800048b4	f0078cd3	fmv.w.x	f25,x15	 x15:0x00000000 f25=0x00000000
     221715.000 ns	     22170	800048b8	e0090353	fmv.x.w	x6,f18	 f18:0x7fc00000  x6=0x7fc00000
     221735.000 ns	     22172	800048bc	00000013	addi	x0,x0,0	  x0:0x00000000
     221775.000 ns	     22176	800048c0	092272d3	fsub.s	f5,f4,f18	  f4:0x7fc00000 f18:0x7fc00000  f5=0x7fc00000
     221795.000 ns	     22178	800048c4	0025db33	srl	x22,x11,x2	 x11:0xfffc0000  x2:0x80041024 x22=0x0fffc000
     221815.000 ns	     22180	800048c8	d0061853	fcvt.s.w	f16,x12	 x12:0xffffffff f16=0xbf800000
     221835.000 ns	     22182	800048cc	00cb1133	sll	x2,x22,x12	 x22:0x00000000 x12:0xffffffff  x2=0x00000000
     221845.000 ns	     22183	800048d0	41c083b3	sub	x7,x1,x28	  x1:0x00000009 x28:0x00000000  x7=0x00000009
     221865.000 ns	     22185	800048d4	03ef6ab3	rem	x21,x30,x30	 x30:0x00000000 x30:0x00000000 x21=0x00000000
     221885.000 ns	     22187	800048d8	57942d13	slti	x26,x8,1401	  x8:0x80040fe4 x26=0x00000001
     221895.000 ns	     22188	800048dc	337e8b93	addi	x23,x29,823	 x29:0x00000000 x23=0x00000337
     221905.000 ns	     22189	800048e0	011fdbb3	srl	x23,x31,x17	 x31:0x00082048 x17:0x00082048 x23=0x00000820
     221925.000 ns	     22191	800048e4	29a01153	fmax.s	f2,f0,f26	  f0:0x7fc00000 f26:0x9f35048c  f2=0x9f35048c
     221945.000 ns	     22193	800048e8	57c80e13	addi	x28,x16,1404	 x16:0x00000000 x28=0x0000057c
     221955.000 ns	     22194	800048ec	00906f33	or	x30,x0,x9	  x0:0x00000000  x9:0xfffffff0 x30=0xfffffff0
     221985.000 ns	     22197	800048f0	1925b1d3	fdiv.s	f3,f11,f18	 f11:0x7fc00000 f18:0x7fc00000  f3=0x7fc00000
     222005.000 ns	     22199	800048f4	419e5493	srai	x9,x28,0x19	 x28:0x0000057c  x9=0x00000000
     222015.000 ns	     22200	800048f8	00a27f33	and	x30,x4,x10	  x4:0x00082048 x10:0xffffffff x30=0x00082048
     222025.000 ns	     22201	800048fc	00a2a8b3	slt	x17,x5,x10	  x5:0x00000259 x10:0xffffffff x17=0x00000000
     222045.000 ns	     22203	80004900	a1c21bd3	flt.s	x23,f4,f28	  f4:0x7fc00000 f28:0x9f35048c x23=0x00000000
     222085.000 ns	     22207	80004904	115e70d3	fmul.s	f1,f28,f21	 f28:0x9f35048c f21:0x4c000000  f1=0xabb5048c
     222105.000 ns	     22209	80004908	bece6493	ori	x9,x28,-1044	 x28:0x0000057c  x9=0xfffffffc
     222125.000 ns	     22211	8000490c	02b23b33	mulhu	x22,x4,x11	  x4:0x00082048 x11:0xfffc0000 x22=0x00082027
     222145.000 ns	     22213	80004910	00000013	addi	x0,x0,0	  x0:0x00000000
     222165.000 ns	     22215	80004914	037e31b3	mulhu	x3,x28,x23	 x28:0x0000057c x23:0x00000000  x3=0x00000000
     222185.000 ns	     22217	80004918	005355b3	srl	x11,x6,x5	  x6:0x7fc00000  x5:0x00000259 x11=0x0000003f
     222195.000 ns	     22218	8000491c	9e6a0613	addi	x12,x20,-1562	 x20:0x00000000 x12=0xfffff9e6
     222225.000 ns	     22221	80004920	58027d53	fsqrt.s	f26,f4	  f4:0x7fc00000 f26=0x7fc00000
     222245.000 ns	     22223	80004924	583d6f93	ori	x31,x26,1411	 x26:0x00000001 x31=0x00000583
     222265.000 ns	     22225	80004928	218d0953	fsgnj.s	f18,f26,f24	 f26:0x7fc00000 f24:0x80000000 f18=0xffc00000
     222305.000 ns	     22229	8000492c	11dd8253	fmul.s	f4,f27,f29	 f27:0x7fc00000 f29:0xffc00000  f4=0x7fc00000
     222325.000 ns	     22231	80004930	01a7d593	srli	x11,x15,0x1a	 x15:0x00000000 x11=0x00000000
     222345.000 ns	     22233	80004934	e00a17d3	fclass.s	x15,f20	 f20:0xffc00000 x15=0x00000200
     222375.000 ns	     22236	80004938	03041133	mulh	x2,x8,x16	  x8:0x80040fe4 x16:0x00000000  x2=0x00000000
     222405.000 ns	     22239	8000493c	d0192453	fcvt.s.wu	f8,x18	 x18:0x00000000  f8=0x00000000
     222435.000 ns	     22242	80004940	20d3add3	fsgnjx.s	f27,f7,f13	  f7:0xce013ef9 f13:0x7fc00000 f27=0xce013ef9
     222465.000 ns	     22245	80004944	28f41453	fmax.s	f8,f8,f15	  f8:0x00000000 f15:0x7fc00000  f8=0x00000000
     222495.000 ns	     22248	80004948	213d83d3	fsgnj.s	f7,f27,f19	 f27:0xce013ef9 f19:0x4c000000  f7=0x4e013ef9
     222515.000 ns	     22250	8000494c	00229cb3	sll	x25,x5,x2	  x5:0x00000259  x2:0x00000000 x25=0x00000259
     222525.000 ns	     22251	80004950	00fd15b3	sll	x11,x26,x15	 x26:0x00000001 x15:0x00000200 x11=0x00000001
     222535.000 ns	     22252	80004954	00000013	addi	x0,x0,0	  x0:0x00000000
     222545.000 ns	     22253	80004958	402d5c13	srai	x24,x26,0x2	 x26:0x00000001 x24=0x00000000
     222555.000 ns	     22254	8000495c	413d0b33	sub	x22,x26,x19	 x26:0x00000001 x19:0x00000000 x22=0x00000001
     222585.000 ns	     22257	80004960	10307053	fmul.s	f0,f0,f3	  f0:0x7fc00000  f3:0x7fc00000  f0=0x7fc00000
     222615.000 ns	     22260	80004964	a0208753	fle.s	x14,f1,f2	  f1:0xabb5048c  f2:0x9f35048c x14=0x00000001
     222635.000 ns	     22262	80004968	28af0737	lui	x14,0x28af0	 x14=0x28af0000
     222655.000 ns	     22264	8000496c	20d48453	fsgnj.s	f8,f9,f13	  f9:0x7fc00000 f13:0x7fc00000  f8=0x7fc00000
     222685.000 ns	     22267	80004970	f0038053	fmv.w.x	f0,x7	  x7:0x00000009  f0=0x00000009
     222715.000 ns	     22270	80004974	21ea09d3	fsgnj.s	f19,f20,f30	 f20:0xffc00000 f30:0x4c000000 f19=0x7fc00000
     222735.000 ns	     22272	80004978	8ac32613	slti	x12,x6,-1876	  x6:0x7fc00000 x12=0x00000000
     222755.000 ns	     22274	8000497c	a1459e53	flt.s	x28,f11,f20	 f11:0x7fc00000 f20:0xffc00000 x28=0x00000000
     222775.000 ns	     22276	80004980	01798633	add	x12,x19,x23	 x19:0x00000000 x23:0x00000000 x12=0x00000000
     222785.000 ns	     22277	80004984	58390e93	addi	x29,x18,1411	 x18:0x00000000 x29=0x00000583
     222815.000 ns	     22280	80004988	18047b53	fdiv.s	f22,f8,f0	  f8:0x7fc00000  f0:0x00000009 f22=0x7fc00000
     222845.000 ns	     22283	8000498c	c007b3d3	fcvt.w.s	x7,f15	 f15:0x7fc00000  x7=0x7fffffff
     222895.000 ns	     22288	80004990	019d7f53	fadd.s	f30,f26,f25	 f26:0x7fc00000 f25:0x00000000 f30=0x7fc00000
     222915.000 ns	     22290	80004994	00000013	addi	x0,x0,0	  x0:0x00000000
     222925.000 ns	     22291	80004998	41d9dd93	srai	x27,x19,0x1d	 x19:0x00000000 x27=0x00000000
     222935.000 ns	     22292	8000499c	015051b3	srl	x3,x0,x21	  x0:0x00000000 x21:0x00000000  x3=0x00000000
     222955.000 ns	     22294	800049a0	284f9953	fmax.s	f18,f31,f4	 f31:0x7fc00000  f4:0x7fc00000 f18=0x7fc00000
     222975.000 ns	     22296	800049a4	47e85e37	lui	x28,0x47e85	 x28=0x47e85000
     222995.000 ns	     22298	800049a8	21291d53	fsgnjn.s	f26,f18,f18	 f18:0x7fc00000 f18:0x7fc00000 f26=0xffc00000
     223015.000 ns	     22300	800049ac	11875917	auipc	x18,0x11875	 x18=0x918799ac
     223055.000 ns	     22304	800049b0	08637953	fsub.s	f18,f6,f6	  f6:0x1f35048c  f6:0x1f35048c f18=0x80000000
     223075.000 ns	     22306	800049b4	015dd633	srl	x12,x27,x21	 x27:0x00000000 x21:0x00000000 x12=0x00000000
     223085.000 ns	     22307	800049b8	01eb5593	srli	x11,x22,0x1e	 x22:0x00000001 x11=0x00000000
     223095.000 ns	     22308	800049bc	47343837	lui	x16,0x47343	 x16=0x47343000
     223135.000 ns	     22312	800049c0	09aff453	fsub.s	f8,f31,f26	 f31:0x7fc00000 f26:0xffc00000  f8=0x7fc00000
     223155.000 ns	     22314	800049c4	1f115e17	auipc	x28,0x1f115	 x28=0x9f1199c4
     223165.000 ns	     22315	800049c8	01014b33	xor	x22,x2,x16	  x2:0x00000000 x16:0x47343000 x22=0x47343000
     223175.000 ns	     22316	800049cc	40e78b33	sub	x22,x15,x14	 x15:0x00000200 x14:0x28af0000 x22=0xd7510200
     223185.000 ns	     22317	800049d0	01079713	slli	x14,x15,0x10	 x15:0x00000200 x14=0x02000000
     223205.000 ns	     22319	800049d4	d0157ed3	fcvt.s.wu	f29,x10	 x10:0xffffffff f29=0x4f7fffff
     223225.000 ns	     22321	800049d8	01d67b33	and	x22,x12,x29	 x12:0x00000000 x29:0x00000583 x22=0x00000000
     223235.000 ns	     22322	800049dc	bc9f7193	andi	x3,x30,-1079	 x30:0x00082048  x3=0x00082048
     223255.000 ns	     22324	800049e0	03844a33	div	x20,x8,x24	  x8:0x80040fe4 x24:0x00000000 x20=0xffffffff
     223285.000 ns	     22327	800049e4	e0041053	fclass.s	x0,f8	  f8:0x7fc00000
     223315.000 ns	     22330	800049e8	02fe14b3	mulh	x9,x28,x15	 x28:0x9f1199c4 x15:0x00000200  x9=0xffffff3e
     223345.000 ns	     22333	800049ec	e00f8fd3	fmv.x.w	x31,f31	 f31:0x7fc00000 x31=0x7fc00000
     223375.000 ns	     22336	800049f0	02208133	mul	x2,x1,x2	  x1:0x00000009  x2:0x00000000  x2=0x00000000
     223405.000 ns	     22339	800049f4	035c4333	div	x6,x24,x21	 x24:0x00000000 x21:0x00000000  x6=0xffffffff
     223435.000 ns	     22342	800049f8	029aa7b3	mulhsu	x15,x21,x9	 x21:0x00000000  x9:0xffffff3e x15=0x00000000
     223465.000 ns	     22345	800049fc	d01779d3	fcvt.s.wu	f19,x14	 x14:0x02000000 f19=0x4c000000
     223485.000 ns	     22347	80004a00	027b0297	auipc	x5,0x27b0	  x5=0x827b4a00
     223525.000 ns	     22351	80004a04	08c7f253	fsub.s	f4,f15,f12	 f15:0x7fc00000 f12:0x7fc00000  f4=0x7fc00000
     223555.000 ns	     22354	80004a08	c01171d3	fcvt.wu.s	x3,f2	  f2:0x9f35048c  x3=0x00000000
     223575.000 ns	     22356	80004a0c	88e6e793	ori	x15,x13,-1906	 x13:0x80041024 x15=0xfffff8ae
     223585.000 ns	     22357	80004a10	403085b3	sub	x11,x1,x3	  x1:0x00000009  x3:0x00000000 x11=0x00000009
     223595.000 ns	     22358	80004a14	29132713	slti	x14,x6,657	  x6:0xffffffff x14=0x00000001
     223625.000 ns	     22361	80004a18	58077bd3	fsqrt.s	f23,f14	 f14:0x00000000 f23=0x00000000
     223645.000 ns	     22363	80004a1c	0078b533	sltu	x10,x17,x7	 x17:0x00000000  x7:0x7fffffff x10=0x00000001
     223655.000 ns	     22364	80004a20	f2136f93	ori	x31,x6,-223	  x6:0xffffffff x31=0xffffffff
     223665.000 ns	     22365	80004a24	653e6a93	ori	x21,x28,1619	 x28:0x9f1199c4 x21=0x9f119fd7
     223675.000 ns	     22366	80004a28	00a13033	sltu	x0,x2,x10	  x2:0x00000000 x10:0x00000001
     223685.000 ns	     22367	80004a2c	00fbd613	srli	x12,x23,0xf	 x23:0x00000000 x12=0x00000000
     223695.000 ns	     22368	80004a30	8e8c7c13	andi	x24,x24,-1816	 x24:0x00000000 x24=0x00000000
     223715.000 ns	     22370	80004a34	031a3cb3	mulhu	x25,x20,x17	 x20:0xffffffff x17:0x00000000 x25=0x00000000
     223735.000 ns	     22372	80004a38	0095e9b3	or	x19,x11,x9	 x11:0x00000009  x9:0xffffff3e x19=0xffffff3f
     223755.000 ns	     22374	80004a3c	a0d78e53	fle.s	x28,f15,f13	 f15:0x7fc00000 f13:0x7fc00000 x28=0x00000000
     223775.000 ns	     22376	80004a40	d5b18937	lui	x18,0xd5b18	 x18=0xd5b18000
     223785.000 ns	     22377	80004a44	01ba6733	or	x14,x20,x27	 x20:0xffffffff x27:0x00000000 x14=0xffffffff
     223805.000 ns	     22379	80004a48	d0049453	fcvt.s.w	f8,x9	  x9:0xffffff3e  f8=0xc3420000
     223835.000 ns	     22382	80004a4c	03964133	div	x2,x12,x25	 x12:0x00000000 x25:0x00000000  x2=0xffffffff
     223855.000 ns	     22384	80004a50	31710e93	addi	x29,x2,791	  x2:0x00000000 x29=0x00000316
     223865.000 ns	     22385	80004a54	7e9aa037	lui	x0,0x7e9aa	
     223885.000 ns	     22387	80004a58	02889533	mulh	x10,x17,x8	 x17:0x00000000  x8:0x80040fe4 x10=0x00000000
     223905.000 ns	     22389	80004a5c	40d8d3b3	sra	x7,x17,x13	 x17:0x00000000 x13:0x80041024  x7=0x00000000
     223925.000 ns	     22391	80004a60	a13f9c53	flt.s	x24,f31,f19	 f31:0x7fc00000 f19:0x4c000000 x24=0x00000000
     223955.000 ns	     22394	80004a64	037a3333	mulhu	x6,x20,x23	 x20:0xffffffff x23:0x00000000  x6=0x00000000
     223975.000 ns	     22396	80004a68	002767b3	or	x15,x14,x2	 x14:0xffffffff  x2:0xffffffff x15=0xffffffff
     223995.000 ns	     22398	80004a6c	207198d3	fsgnjn.s	f17,f3,f7	  f3:0x7fc00000  f7:0x4e013ef9 f17=0xffc00000
     224025.000 ns	     22401	80004a70	035a3b33	mulhu	x22,x20,x21	 x20:0xffffffff x21:0x9f119fd7 x22=0x9f119fd6
     224065.000 ns	     22405	80004a74	5805b553	fsqrt.s	f10,f11	 f11:0x7fc00000 f10=0x7fc00000
     224085.000 ns	     22407	80004a78	ac0a3613	sltiu	x12,x20,-1344	 x20:0xffffffff x12=0x00000000
     224095.000 ns	     22408	80004a7c	009245b3	xor	x11,x4,x9	  x4:0x00082048  x9:0xffffff3e x11=0xfff7df76
     224115.000 ns	     22410	80004a80	f0050053	fmv.w.x	f0,x10	 x10:0x00000000  f0=0x00000000
     224135.000 ns	     22412	80004a84	4044d533	sra	x10,x9,x4	  x9:0xffffff3e  x4:0x00082048 x10=0xffffffff
     224155.000 ns	     22414	80004a88	286980d3	fmin.s	f1,f19,f6	 f19:0x4c000000  f6:0x1f35048c  f1=0x1f35048c
     224175.000 ns	     22416	80004a8c	00000013	addi	x0,x0,0	  x0:0x00000000
     224535.000 ns	     22452	80004a90	02e3e933	rem	x18,x7,x14	  x7:0x00000000 x14:0xffffffff x18=0x00000000
     224555.000 ns	     22454	80004a94	aafc3813	sltiu	x16,x24,-1361	 x24:0x00000000 x16=0x00000001
     224575.000 ns	     22456	80004a98	e0000c53	fmv.x.w	x24,f0	  f0:0x00000000 x24=0x00000000
     224605.000 ns	     22459	80004a9c	29521d53	fmax.s	f26,f4,f21	  f4:0x7fc00000 f21:0x4c000000 f26=0x4c000000
     224635.000 ns	     22462	80004aa0	202f8253	fsgnj.s	f4,f31,f2	 f31:0x7fc00000  f2:0x9f35048c  f4=0xffc00000
     224655.000 ns	     22464	80004aa4	5d680d13	addi	x26,x16,1494	 x16:0x00000001 x26=0x000005d7
     224675.000 ns	     22466	80004aa8	21881853	fsgnjn.s	f16,f16,f24	 f16:0xbf800000 f24:0x80000000 f16=0x3f800000
     225045.000 ns	     22503	80004aac	03a44b33	div	x22,x8,x26	  x8:0x80040fe4 x26:0x00000001 x22=0xffea1597
     225065.000 ns	     22505	80004ab0	00be55b3	srl	x11,x28,x11	 x28:0x00000000 x11:0xfff7df76 x11=0x00000000
     225075.000 ns	     22506	80004ab4	4102d113	srai	x2,x5,0x10	  x5:0x827b4a00  x2=0xffff827b
     225085.000 ns	     22507	80004ab8	00d4e033	or	x0,x9,x13	  x9:0xffffff3e x13:0x80041024
     225095.000 ns	     22508	80004abc	861e0393	addi	x7,x28,-1951	 x28:0x00000000  x7=0xfffff861
     225455.000 ns	     22544	80004ac0	03ef7133	remu	x2,x30,x30	 x30:0x00082048 x30:0x00082048  x2=0x00000000
     225475.000 ns	     22546	80004ac4	0146a8b3	slt	x17,x13,x20	 x13:0x80041024 x20:0xffffffff x17=0x00000001
     225515.000 ns	     22550	80004ac8	0172c053	fadd.s	f0,f5,f23	  f5:0x7fc00000 f23:0x00000000  f0=0x7fc00000
     225535.000 ns	     22552	80004acc	67fa2b13	slti	x22,x20,1663	 x20:0xffffffff x22=0x00000001
     225555.000 ns	     22554	80004ad0	03b1bfb3	mulhu	x31,x3,x27	  x3:0x00000000 x27:0x00000000 x31=0x00000000
     225585.000 ns	     22557	80004ad4	a0521ed3	flt.s	x29,f4,f5	  f4:0xffc00000  f5:0x7fc00000 x29=0x00000000
     225605.000 ns	     22559	80004ad8	00f9ce33	xor	x28,x19,x15	 x19:0xffffff3f x15:0xffffffff x28=0x000000c0
     225635.000 ns	     22562	80004adc	580dff53	fsqrt.s	f30,f27	 f27:0xce013ef9 f30=0x7fc00000
     225665.000 ns	     22565	80004ae0	289c0a53	fmin.s	f20,f24,f9	 f24:0x80000000  f9:0x7fc00000 f20=0x80000000
     225685.000 ns	     22567	80004ae4	009f7933	and	x18,x30,x9	 x30:0x00082048  x9:0xffffff3e x18=0x00082008
     225695.000 ns	     22568	80004ae8	98daed13	ori	x26,x21,-1651	 x21:0x9f119fd7 x26=0xffffffdf
     225715.000 ns	     22570	80004aec	03218ab3	mul	x21,x3,x18	  x3:0x00000000 x18:0x00000000 x21=0x00000000
     225735.000 ns	     22572	80004af0	4004d533	sra	x10,x9,x0	  x9:0xffffff3e  x0:0x00000000 x10=0xffffff3e
     225745.000 ns	     22573	80004af4	0198d533	srl	x10,x17,x25	 x17:0x00000001 x25:0x00000000 x10=0x00000001
     225765.000 ns	     22575	80004af8	c000ae53	fcvt.w.s	x28,f1	  f1:0x1f35048c x28=0x00000000
     225795.000 ns	     22578	80004afc	030f8633	mul	x12,x31,x16	 x31:0x00000000 x16:0x00000001 x12=0x00000000
     225825.000 ns	     22581	80004b00	a0272853	feq.s	x16,f14,f2	 f14:0x00000000  f2:0x9f35048c x16=0x00000000
     225855.000 ns	     22584	80004b04	037c8033	mul	x0,x25,x23	 x25:0x00000000 x23:0x00000000
     225885.000 ns	     22587	80004b08	e00b84d3	fmv.x.w	x9,f23	 f23:0x00000000  x9=0x00000000
     225915.000 ns	     22590	80004b0c	02d78533	mul	x10,x15,x13	 x15:0xffffffff x13:0x80041024 x10=0x7ffbefdc
     225935.000 ns	     22592	80004b10	00000013	addi	x0,x0,0	  x0:0x00000000
     225945.000 ns	     22593	80004b14	002241b3	xor	x3,x4,x2	  x4:0x00082048  x2:0x00000000  x3=0x00082048
     225965.000 ns	     22595	80004b18	c01273d3	fcvt.wu.s	x7,f4	  f4:0xffc00000  x7=0xffffffff
     226015.000 ns	     22600	80004b1c	00107153	fadd.s	f2,f0,f1	  f0:0x7fc00000  f1:0x1f35048c  f2=0x7fc00000
     226055.000 ns	     22604	80004b20	19b92d53	fdiv.s	f26,f18,f27	 f18:0x80000000 f27:0xce013ef9 f26=0x00000000
     226075.000 ns	     22606	80004b24	4110d4b3	sra	x9,x1,x17	  x1:0x00000009 x17:0x00000001  x9=0x00000004
     226085.000 ns	     22607	80004b28	413358b3	sra	x17,x6,x19	  x6:0x00000000 x19:0xffffff3f x17=0x00000000
     226095.000 ns	     22608	80004b2c	00fd3533	sltu	x10,x26,x15	 x26:0xffffffdf x15:0xffffffff x10=0x00000001
     226455.000 ns	     22644	80004b30	025e7d33	remu	x26,x28,x5	 x28:0x00000000  x5:0x827b4a00 x26=0x00000000
     226485.000 ns	     22647	80004b34	21b394d3	fsgnjn.s	f9,f7,f27	  f7:0x4e013ef9 f27:0xce013ef9  f9=0x4e013ef9
     226515.000 ns	     22650	80004b38	c0098853	fcvt.w.s	x16,f19	 f19:0x4c000000 x16=0x02000000
     226535.000 ns	     22652	80004b3c	0149fd33	and	x26,x19,x20	 x19:0xffffff3f x20:0xffffffff x26=0xffffff3f
     226545.000 ns	     22653	80004b40	607ebb37	lui	x22,0x607eb	 x22=0x607eb000
     226555.000 ns	     22654	80004b44	008122b3	slt	x5,x2,x8	  x2:0x00000000  x8:0x80040fe4  x5=0x00000000
     226885.000 ns	     22687	80004b48	1893f853	fdiv.s	f16,f7,f9	  f7:0x4e013ef9  f9:0x4e013ef9 f16=0x3f013efa
     226915.000 ns	     22690	80004b4c	e00108d3	fmv.x.w	x17,f2	  f2:0x7fc00000 x17=0x7fc00000
     226945.000 ns	     22693	80004b50	03518333	mul	x6,x3,x21	  x3:0x00082048 x21:0x00000000  x6=0x00000000
     226975.000 ns	     22696	80004b54	20ca81d3	fsgnj.s	f3,f21,f12	 f21:0x4c000000 f12:0x7fc00000  f3=0x4c000000
     227015.000 ns	     22700	80004b58	1115f653	fmul.s	f12,f11,f17	 f11:0x7fc00000 f17:0xffc00000 f12=0x7fc00000
     227045.000 ns	     22703	80004b5c	28560dd3	fmin.s	f27,f12,f5	 f12:0x7fc00000  f5:0x7fc00000 f27=0x7fc00000
     227065.000 ns	     22705	80004b60	5225cb93	xori	x23,x11,1314	 x11:0x00000000 x23=0x00000522
     227095.000 ns	     22708	80004b64	58090f53	fsqrt.s	f30,f18	 f18:0x80000000 f30=0x80000000
     227125.000 ns	     22711	80004b68	20d60ad3	fsgnj.s	f21,f12,f13	 f12:0x7fc00000 f13:0x7fc00000 f21=0x7fc00000
     227155.000 ns	     22714	80004b6c	a0f52e53	feq.s	x28,f10,f15	 f10:0x7fc00000 f15:0x7fc00000 x28=0x00000000
     227195.000 ns	     22718	80004b70	1105fd53	fmul.s	f26,f11,f16	 f11:0x7fc00000 f16:0x3f013efa f26=0x7fc00000
     227535.000 ns	     22752	80004b74	1884f753	fdiv.s	f14,f9,f8	  f9:0x4e013ef9  f8:0xc3420000 f14=0xca703118
     227575.000 ns	     22756	80004b78	580d9c53	fsqrt.s	f24,f27	 f27:0x7fc00000 f24=0x7fc00000
     227595.000 ns	     22758	80004b7c	0135c7b3	xor	x15,x11,x19	 x11:0x00000000 x19:0xffffff3f x15=0xffffff3f
     227625.000 ns	     22761	80004b80	580b23d3	fsqrt.s	f7,f22	 f22:0x7fc00000  f7=0x7fc00000
     227655.000 ns	     22764	80004b84	034f39b3	mulhu	x19,x30,x20	 x30:0x00082048 x20:0xffffffff x19=0x00082047
     227685.000 ns	     22767	80004b88	a12d2253	feq.s	x4,f26,f18	 f26:0x7fc00000 f18:0x80000000  x4=0x00000000
     227715.000 ns	     22770	80004b8c	03579f33	mulh	x30,x15,x21	 x15:0xffffff3f x21:0x00000000 x30=0x00000000
     227745.000 ns	     22773	80004b90	e00d98d3	fclass.s	x17,f27	 f27:0x7fc00000 x17=0x00000200
     227775.000 ns	     22776	80004b94	f0080053	fmv.w.x	f0,x16	 x16:0x02000000  f0=0x02000000
     227795.000 ns	     22778	80004b98	8981b593	sltiu	x11,x3,-1896	  x3:0x00082048 x11=0x00000001
     227805.000 ns	     22779	80004b9c	001fd833	srl	x16,x31,x1	 x31:0x00000000  x1:0x00000009 x16=0x00000000
     227825.000 ns	     22781	80004ba0	a17c84d3	fle.s	x9,f25,f23	 f25:0x00000000 f23:0x00000000  x9=0x00000001
     227845.000 ns	     22783	80004ba4	8f697313	andi	x6,x18,-1802	 x18:0x00082008  x6=0x00082000
     228205.000 ns	     22819	80004ba8	02eac033	div	x0,x21,x14	 x21:0x00000000 x14:0xffffffff
     228225.000 ns	     22821	80004bac	019ca033	slt	x0,x25,x25	 x25:0x00000000 x25:0x00000000
     228245.000 ns	     22823	80004bb0	0243f633	remu	x12,x7,x4	  x7:0xffffffff  x4:0x00000000 x12=0xffffffff
     228265.000 ns	     22825	80004bb4	291b8493	addi	x9,x23,657	 x23:0x00000522  x9=0x000007b3
     228285.000 ns	     22827	80004bb8	20699b53	fsgnjn.s	f22,f19,f6	 f19:0x4c000000  f6:0x1f35048c f22=0xcc000000
     228305.000 ns	     22829	80004bbc	46f23913	sltiu	x18,x4,1135	  x4:0x00000000 x18=0x00000001
     228335.000 ns	     22832	80004bc0	58064853	fsqrt.s	f16,f12	 f12:0x7fc00000 f16=0x7fc00000
     228365.000 ns	     22835	80004bc4	a1bc0a53	fle.s	x20,f24,f27	 f24:0x7fc00000 f27:0x7fc00000 x20=0x00000000
     228395.000 ns	     22838	80004bc8	a1d51553	flt.s	x10,f10,f29	 f10:0x7fc00000 f29:0x4f7fffff x10=0x00000000
     228415.000 ns	     22840	80004bcc	00000013	addi	x0,x0,0	  x0:0x00000000
     228445.000 ns	     22843	80004bd0	10168f53	fmul.s	f30,f13,f1	 f13:0x7fc00000  f1:0x1f35048c f30=0x7fc00000
     228475.000 ns	     22846	80004bd4	c014f853	fcvt.wu.s	x16,f9	  f9:0x4e013ef9 x16=0x204fbe40
     228495.000 ns	     22848	80004bd8	01ded533	srl	x10,x29,x29	 x29:0x00000000 x29:0x00000000 x10=0x00000000
     228505.000 ns	     22849	80004bdc	00781793	slli	x15,x16,0x7	 x16:0x204fbe40 x15=0x27df2000
     228515.000 ns	     22850	80004be0	7f85fc93	andi	x25,x11,2040	 x11:0x00000001 x25=0x00000000
     228535.000 ns	     22852	80004be4	f00586d3	fmv.w.x	f13,x11	 x11:0x00000001 f13=0x00000001
     228555.000 ns	     22854	80004be8	0f6f6793	ori	x15,x30,246	 x30:0x00000000 x15=0x000000f6
     228575.000 ns	     22856	80004bec	033f9533	mulh	x10,x31,x19	 x31:0x00000000 x19:0x00082047 x10=0x00000000
     228595.000 ns	     22858	80004bf0	00000013	addi	x0,x0,0	  x0:0x00000000
     228615.000 ns	     22860	80004bf4	21ef1fd3	fsgnjn.s	f31,f30,f30	 f30:0x7fc00000 f30:0x7fc00000 f31=0xffc00000
     228635.000 ns	     22862	80004bf8	0042b5b3	sltu	x11,x5,x4	  x5:0x00000000  x4:0x00000000 x11=0x00000000
     228645.000 ns	     22863	80004bfc	007f3d33	sltu	x26,x30,x7	 x30:0x00000000  x7:0xffffffff x26=0x00000001
     228655.000 ns	     22864	80004c00	41458133	sub	x2,x11,x20	 x11:0x00000001 x20:0x00000000  x2=0x00000000
     228665.000 ns	     22865	80004c04	40263213	sltiu	x4,x12,1026	 x12:0xffffffff  x4=0x00000000
     228685.000 ns	     22867	80004c08	2015ac53	fsgnjx.s	f24,f11,f1	 f11:0x7fc00000  f1:0x1f35048c f24=0x7fc00000
     228705.000 ns	     22869	80004c0c	1563f013	andi	x0,x7,342	  x7:0xffffffff
     228725.000 ns	     22871	80004c10	a04b97d3	flt.s	x15,f23,f4	 f23:0x00000000  f4:0xffc00000 x15=0x00000000
     228745.000 ns	     22873	80004c14	01058c33	add	x24,x11,x16	 x11:0x00000000 x16:0x204fbe40 x24=0x204fbe40
     228775.000 ns	     22876	80004c18	580d9253	fsqrt.s	f4,f27	 f27:0x7fc00000  f4=0x7fc00000
     228795.000 ns	     22878	80004c1c	011923b3	slt	x7,x18,x17	 x18:0x00000001 x17:0x00000200  x7=0x00000001
     228815.000 ns	     22880	80004c20	d00137d3	fcvt.s.w	f15,x2	  x2:0x00000000 f15=0x00000000
     228835.000 ns	     22882	80004c24	01383233	sltu	x4,x16,x19	 x16:0x204fbe40 x19:0x00082047  x4=0x00000000
     229195.000 ns	     22918	80004c28	0264e833	rem	x16,x9,x6	  x9:0x000007b3  x6:0x00082000 x16=0x000007b3
     229225.000 ns	     22921	80004c2c	a1e7a153	feq.s	x2,f15,f30	 f15:0x00000000 f30:0x7fc00000  x2=0x00000000
     229595.000 ns	     22958	80004c30	02c86a33	rem	x20,x16,x12	 x16:0x000007b3 x12:0xffffffff x20=0x00000000
     229625.000 ns	     22961	80004c34	214922d3	fsgnjx.s	f5,f18,f20	 f18:0x80000000 f20:0x80000000  f5=0x00000000
     229645.000 ns	     22963	80004c38	88a67893	andi	x17,x12,-1910	 x12:0xffffffff x17=0xfffff88a
     229655.000 ns	     22964	80004c3c	00305cb3	srl	x25,x0,x3	  x0:0x00000000  x3:0x00082048 x25=0x00000000
     229675.000 ns	     22966	80004c40	21308053	fsgnj.s	f0,f1,f19	  f1:0x1f35048c f19:0x4c000000  f0=0x1f35048c
     229705.000 ns	     22969	80004c44	a0fa03d3	fle.s	x7,f20,f15	 f20:0x80000000 f15:0x00000000  x7=0x00000001
     229725.000 ns	     22971	80004c48	0f506793	ori	x15,x0,245	  x0:0x00000000 x15=0x000000f5
     229745.000 ns	     22973	80004c4c	a17f29d3	feq.s	x19,f30,f23	 f30:0x7fc00000 f23:0x00000000 x19=0x00000000
     229765.000 ns	     22975	80004c50	00eaec33	or	x24,x21,x14	 x21:0x00000000 x14:0xffffffff x24=0xffffffff
     229785.000 ns	     22977	80004c54	028ea8b3	mulhsu	x17,x29,x8	 x29:0x00000000  x8:0x80040fe4 x17=0x00000000
     229815.000 ns	     22980	80004c58	f0040dd3	fmv.w.x	f27,x8	  x8:0x80040fe4 f27=0x80040fe4
     230185.000 ns	     23017	80004c5c	02845633	divu	x12,x8,x8	  x8:0x80040fe4  x8:0x80040fe4 x12=0x00000001
     230205.000 ns	     23019	80004c60	01f72133	slt	x2,x14,x31	 x14:0xffffffff x31:0x00000000  x2=0x00000001
     230215.000 ns	     23020	80004c64	12b6f337	lui	x6,0x12b6f	  x6=0x12b6f000
     230235.000 ns	     23022	80004c68	f00c0253	fmv.w.x	f4,x24	 x24:0xffffffff  f4=0xffffffff
     231415.000 ns	     23140	80004c6c	580ea3d3	fsqrt.s	f7,f29	 f29:0x4f7fffff  f7=0x47350461
     231435.000 ns	     23142	80004c70	0061d793	srli	x15,x3,0x6	  x3:0x00082048 x15=0x00002081
     231455.000 ns	     23144	80004c74	a0701bd3	flt.s	x23,f0,f7	  f0:0x1f35048c  f7:0x47350461 x23=0x00000001
     231475.000 ns	     23146	80004c78	02a33713	sltiu	x14,x6,42	  x6:0x12b6f000 x14=0x00000000
     231495.000 ns	     23148	80004c7c	c0197653	fcvt.wu.s	x12,f18	 f18:0x80000000 x12=0x00000000
     231525.000 ns	     23151	80004c80	21898c53	fsgnj.s	f24,f19,f24	 f19:0x4c000000 f24:0x7fc00000 f24=0x4c000000
     231545.000 ns	     23153	80004c84	f25bc397	auipc	x7,0xf25bc	  x7=0x725c0c84
     231565.000 ns	     23155	80004c88	d01778d3	fcvt.s.wu	f17,x14	 x14:0x00000000 f17=0x00000000
     231595.000 ns	     23158	80004c8c	d00ea753	fcvt.s.w	f14,x29	 x29:0x00000000 f14=0x00000000
     231615.000 ns	     23160	80004c90	01dc9f33	sll	x30,x25,x29	 x25:0x00000000 x29:0x00000000 x30=0x00000000
     231635.000 ns	     23162	80004c94	205d1c53	fsgnjn.s	f24,f26,f5	 f26:0x7fc00000  f5:0x00000000 f24=0xffc00000
     231655.000 ns	     23164	80004c98	ec198393	addi	x7,x19,-319	 x19:0x00000000  x7=0xfffffec1
     231675.000 ns	     23166	80004c9c	d0148953	fcvt.s.wu	f18,x9	  x9:0x000007b3 f18=0x44f66000
     231705.000 ns	     23169	80004ca0	d008ff53	fcvt.s.w	f30,x17	 x17:0x00000000 f30=0x00000000
     231725.000 ns	     23171	80004ca4	0050f1b3	and	x3,x1,x5	  x1:0x00000009  x5:0x00000000  x3=0x00000000
     231735.000 ns	     23172	80004ca8	01c9ae33	slt	x28,x19,x28	 x19:0x00000000 x28:0x00000000 x28=0x00000000
     231755.000 ns	     23174	80004cac	03452f33	mulhsu	x30,x10,x20	 x10:0x00000000 x20:0x00000000 x30=0x00000000
     231775.000 ns	     23176	80004cb0	2f93fd13	andi	x26,x7,761	  x7:0xfffffec1 x26=0x000002c1
     231795.000 ns	     23178	80004cb4	02233933	mulhu	x18,x6,x2	  x6:0x12b6f000  x2:0x00000001 x18=0x00000000
     231825.000 ns	     23181	80004cb8	03b64e33	div	x28,x12,x27	 x12:0x00000000 x27:0x00000000 x28=0xffffffff
     231845.000 ns	     23183	80004cbc	30b40f13	addi	x30,x8,779	  x8:0x80040fe4 x30=0x800412ef
     231865.000 ns	     23185	80004cc0	d0017253	fcvt.s.w	f4,x2	  x2:0x00000001  f4=0x3f800000
     231905.000 ns	     23189	80004cc4	580fffd3	fsqrt.s	f31,f31	 f31:0xffc00000 f31=0x7fc00000
     231945.000 ns	     23193	80004cc8	1993fd53	fdiv.s	f26,f7,f25	  f7:0x47350461 f25:0x00000000 f26=0x7f800000
     231975.000 ns	     23196	80004ccc	e0039e53	fclass.s	x28,f7	  f7:0x47350461 x28=0x00000040
     232005.000 ns	     23199	80004cd0	e00787d3	fmv.x.w	x15,f15	 f15:0x00000000 x15=0x00000000
     232025.000 ns	     23201	80004cd4	33278bb7	lui	x23,0x33278	 x23=0x33278000
     232045.000 ns	     23203	80004cd8	21faa853	fsgnjx.s	f16,f21,f31	 f21:0x7fc00000 f31:0x7fc00000 f16=0x7fc00000
     232095.000 ns	     23208	80004cdc	095dc553	fsub.s	f10,f27,f21	 f27:0x80040fe4 f21:0x7fc00000 f10=0x7fc00000
     232115.000 ns	     23210	80004ce0	9125e393	ori	x7,x11,-1774	 x11:0x00000000  x7=0xfffff912
     232125.000 ns	     23211	80004ce4	000413b3	sll	x7,x8,x0	  x8:0x80040fe4  x0:0x00000000  x7=0x80040fe4
     232145.000 ns	     23213	80004ce8	c013bfd3	fcvt.wu.s	x31,f7	  f7:0x47350461 x31=0x0000b505
     232485.000 ns	     23247	80004cec	19def6d3	fdiv.s	f13,f29,f29	 f29:0x4f7fffff f29:0x4f7fffff f13=0x3f800000
     232515.000 ns	     23250	80004cf0	a15418d3	flt.s	x17,f8,f21	  f8:0xc3420000 f21:0x7fc00000 x17=0x00000000
     232535.000 ns	     23252	80004cf4	00444a33	xor	x20,x8,x4	  x8:0x80040fe4  x4:0x00000000 x20=0x80040fe4
     232545.000 ns	     23253	80004cf8	00ccdab3	srl	x21,x25,x12	 x25:0x00000000 x12:0x00000000 x21=0x00000000
     232555.000 ns	     23254	80004cfc	0027b933	sltu	x18,x15,x2	 x15:0x00000000  x2:0x00000001 x18=0x00000001
     232565.000 ns	     23255	80004d00	00f86233	or	x4,x16,x15	 x16:0x000007b3 x15:0x00000000  x4=0x000007b3
     232585.000 ns	     23257	80004d04	03f40e33	mul	x28,x8,x31	  x8:0x80040fe4 x31:0x0000b505 x28=0x5f508374
     232615.000 ns	     23260	80004d08	a0501953	flt.s	x18,f0,f5	  f0:0x1f35048c  f5:0x00000000 x18=0x00000000
     232635.000 ns	     23262	80004d0c	43f82513	slti	x10,x16,1087	 x16:0x000007b3 x10=0x00000000
     232645.000 ns	     23263	80004d10	01103b33	sltu	x22,x0,x17	  x0:0x00000000 x17:0x00000000 x22=0x00000000
     232655.000 ns	     23264	80004d14	00ba1c13	slli	x24,x20,0xb	 x20:0x80040fe4 x24=0x207f2000
     232675.000 ns	     23266	80004d18	027cae33	mulhsu	x28,x25,x7	 x25:0x00000000  x7:0x80040fe4 x28=0x00000000
     232705.000 ns	     23269	80004d1c	d00c0253	fcvt.s.w	f4,x24	 x24:0xffffffff  f4=0x4e01fc80
     232725.000 ns	     23271	80004d20	9a5d6193	ori	x3,x26,-1627	 x26:0x000002c1  x3=0xfffffbe5
     232765.000 ns	     23275	80004d24	088c8e53	fsub.s	f28,f25,f8	 f25:0x00000000  f8:0xc3420000 f28=0x43420000
     232795.000 ns	     23278	80004d28	29dc8753	fmin.s	f14,f25,f29	 f25:0x00000000 f29:0x4f7fffff f14=0x00000000
     232825.000 ns	     23281	80004d2c	a17822d3	feq.s	x5,f16,f23	 f16:0x7fc00000 f23:0x00000000  x5=0x00000000
     232845.000 ns	     23283	80004d30	b6aa7193	andi	x3,x20,-1174	 x20:0x80040fe4  x3=0x80040b60
     232865.000 ns	     23285	80004d34	a1a822d3	feq.s	x5,f16,f26	 f16:0x7fc00000 f26:0x7f800000  x5=0x00000000
     232885.000 ns	     23287	80004d38	102abc13	sltiu	x24,x21,258	 x21:0x00000000 x24=0x00000001
     232895.000 ns	     23288	80004d3c	41d9dbb3	sra	x23,x19,x29	 x19:0x00000000 x29:0x00000000 x23=0x00000000
     232915.000 ns	     23290	80004d40	29a11553	fmax.s	f10,f2,f26	  f2:0x7fc00000 f26:0x7f800000 f10=0x7f800000
     232945.000 ns	     23293	80004d44	f0080953	fmv.w.x	f18,x16	 x16:0x000007b3 f18=0x000007b3
     232995.000 ns	     23298	80004d48	08d10353	fsub.s	f6,f2,f13	  f2:0x7fc00000 f13:0x3f800000  f6=0x7fc00000
     233025.000 ns	     23301	80004d4c	d0077e53	fcvt.s.w	f28,x14	 x14:0x00000000 f28=0x00000000
     233055.000 ns	     23304	80004d50	d00233d3	fcvt.s.w	f7,x4	  x4:0x000007b3  f7=0x44f66000
     233075.000 ns	     23306	80004d54	01090833	add	x16,x18,x16	 x18:0x00000000 x16:0x000007b3 x16=0x000007b3
     233095.000 ns	     23308	80004d58	d01d3753	fcvt.s.wu	f14,x26	 x26:0x000002c1 f14=0x44304000
     233115.000 ns	     23310	80004d5c	f3010713	addi	x14,x2,-208	  x2:0x00000001 x14=0xffffff31
     233135.000 ns	     23312	80004d60	e00b89d3	fmv.x.w	x19,f23	 f23:0x00000000 x19=0x00000000
     233165.000 ns	     23315	80004d64	20c90f53	fsgnj.s	f30,f18,f12	 f18:0x000007b3 f12:0x7fc00000 f30=0x000007b3
     233185.000 ns	     23317	80004d68	a78bb013	sltiu	x0,x23,-1416	 x23:0x00000000
     233205.000 ns	     23319	80004d6c	f00b03d3	fmv.w.x	f7,x22	 x22:0x00000000  f7=0x00000000
     233225.000 ns	     23321	80004d70	503a3b93	sltiu	x23,x20,1283	 x20:0x80040fe4 x23=0x00000000
     233235.000 ns	     23322	80004d74	01398e33	add	x28,x19,x19	 x19:0x00000000 x19:0x00000000 x28=0x00000000
     233245.000 ns	     23323	80004d78	8dff8813	addi	x16,x31,-1825	 x31:0x0000b505 x16=0x0000ade4
     233255.000 ns	     23324	80004d7c	61404a93	xori	x21,x0,1556	  x0:0x00000000 x21=0x00000614
     233275.000 ns	     23326	80004d80	e0078753	fmv.x.w	x14,f15	 f15:0x00000000 x14=0x00000000
     233305.000 ns	     23329	80004d84	21790b53	fsgnj.s	f22,f18,f23	 f18:0x000007b3 f23:0x00000000 f22=0x000007b3
     233325.000 ns	     23331	80004d88	26bf0d93	addi	x27,x30,619	 x30:0x800412ef x27=0x8004155a
     233345.000 ns	     23333	80004d8c	03e80e33	mul	x28,x16,x30	 x16:0x0000ade4 x30:0x800412ef x28=0xc46c5fdc
     233365.000 ns	     23335	80004d90	f9978e93	addi	x29,x15,-103	 x15:0x00000000 x29=0xffffff99
     233375.000 ns	     23336	80004d94	00000013	addi	x0,x0,0	  x0:0x00000000
     233735.000 ns	     23372	80004d98	03c7e2b3	rem	x5,x15,x28	 x15:0x00000000 x28:0xc46c5fdc  x5=0x00000000
     233765.000 ns	     23375	80004d9c	02be57b3	divu	x15,x28,x11	 x28:0xc46c5fdc x11:0x00000000 x15=0xffffffff
     233815.000 ns	     23380	80004da0	0927fbd3	fsub.s	f23,f15,f18	 f15:0x00000000 f18:0x000007b3 f23=0x800007b3
     233835.000 ns	     23382	80004da4	dae74f93	xori	x31,x14,-594	 x14:0x00000000 x31=0xfffffdae
     233855.000 ns	     23384	80004da8	296c8bd3	fmin.s	f23,f25,f22	 f25:0x00000000 f22:0x000007b3 f23=0x00000000
     233895.000 ns	     23388	80004dac	580cf853	fsqrt.s	f16,f25	 f25:0x00000000 f16=0x00000000
     234265.000 ns	     23425	80004db0	0230e633	rem	x12,x1,x3	  x1:0x00000009  x3:0x80040b60 x12=0x00000009
     234295.000 ns	     23428	80004db4	c01caa53	fcvt.wu.s	x20,f25	 f25:0x00000000 x20=0x00000000
     234315.000 ns	     23430	80004db8	0125ee33	or	x28,x11,x18	 x11:0x00000000 x18:0x00000000 x28=0x00000000
     234335.000 ns	     23432	80004dbc	02b16033	rem	x0,x2,x11	  x2:0x00000001 x11:0x00000000
     234365.000 ns	     23435	80004dc0	03c0eeb3	rem	x29,x1,x28	  x1:0x00000009 x28:0xc46c5fdc x29=0x00000009
     234385.000 ns	     23437	80004dc4	019a7fb3	and	x31,x20,x25	 x20:0x00000000 x25:0x00000000 x31=0x00000000
     234395.000 ns	     23438	80004dc8	010f6a33	or	x20,x30,x16	 x30:0x800412ef x16:0x0000ade4 x20=0x8004bfef
     234415.000 ns	     23440	80004dcc	027f14b3	mulh	x9,x30,x7	 x30:0x800412ef  x7:0x80040fe4  x9=0x3ffbeea7
     234435.000 ns	     23442	80004dd0	00c9a833	slt	x16,x19,x12	 x19:0x00000000 x12:0x00000009 x16=0x00000001
     234455.000 ns	     23444	80004dd4	02790eb3	mul	x29,x18,x7	 x18:0x00000000  x7:0x80040fe4 x29=0x00000000
     234475.000 ns	     23446	80004dd8	003b9293	slli	x5,x23,0x3	 x23:0x00000000  x5=0x00000000
     234485.000 ns	     23447	80004ddc	cf25ff93	andi	x31,x11,-782	 x11:0x00000000 x31=0x00000000
     234495.000 ns	     23448	80004de0	8fb12113	slti	x2,x2,-1797	  x2:0x00000001  x2=0x00000000
     234505.000 ns	     23449	80004de4	400608b3	sub	x17,x12,x0	 x12:0x00000009  x0:0x00000000 x17=0x00000009
     234515.000 ns	     23450	80004de8	00de2933	slt	x18,x28,x13	 x28:0x00000000 x13:0x80041024 x18=0x00000000
     234535.000 ns	     23452	80004dec	a0702d53	feq.s	x26,f0,f7	  f0:0x1f35048c  f7:0x00000000 x26=0x00000000
     234555.000 ns	     23454	80004df0	11c00f13	addi	x30,x0,284	  x0:0x00000000 x30=0x0000011c
     234575.000 ns	     23456	80004df4	034619b3	mulh	x19,x12,x20	 x12:0x00000009 x20:0x8004bfef x19=0xfffffffb
     234605.000 ns	     23459	80004df8	20fc25d3	fsgnjx.s	f11,f24,f15	 f24:0xffc00000 f15:0x00000000 f11=0xffc00000
     234635.000 ns	     23462	80004dfc	e0051253	fclass.s	x4,f10	 f10:0x7f800000  x4=0x00000080
     234655.000 ns	     23464	80004e00	01a88b33	add	x22,x17,x26	 x17:0x00000009 x26:0x00000000 x22=0x00000009
     235015.000 ns	     23500	80004e04	0285d4b3	divu	x9,x11,x8	 x11:0x00000000  x8:0x80040fe4  x9=0x00000000
     235035.000 ns	     23502	80004e08	518b1d97	auipc	x27,0x518b1	 x27=0xd18b5e08
     235055.000 ns	     23504	80004e0c	f0040053	fmv.w.x	f0,x8	  x8:0x80040fe4  f0=0x80040fe4
     235075.000 ns	     23506	80004e10	4163dbb3	sra	x23,x7,x22	  x7:0x80040fe4 x22:0x00000009 x23=0xffc00207
     235095.000 ns	     23508	80004e14	e0040853	fmv.x.w	x16,f8	  f8:0xc3420000 x16=0xc3420000
     235125.000 ns	     23511	80004e18	03cc23b3	mulhsu	x7,x24,x28	 x24:0x00000001 x28:0x00000000  x7=0x00000000
     235145.000 ns	     23513	80004e1c	41ebd293	srai	x5,x23,0x1e	 x23:0xffc00207  x5=0xffffffff
     235165.000 ns	     23515	80004e20	03ddfeb3	remu	x29,x27,x29	 x27:0xd18b5e08 x29:0x00000000 x29=0xd18b5e08
     235185.000 ns	     23517	80004e24	b8d1a513	slti	x10,x3,-1139	  x3:0x80040b60 x10=0x00000001
     235195.000 ns	     23518	80004e28	01bd1293	slli	x5,x26,0x1b	 x26:0x00000000  x5=0x00000000
     235205.000 ns	     23519	80004e2c	c8184e93	xori	x29,x16,-895	 x16:0xc3420000 x29=0x3cbdfc81
     235225.000 ns	     23521	80004e30	0361b933	mulhu	x18,x3,x22	  x3:0x80040b60 x22:0x00000009 x18=0x00000004
     235255.000 ns	     23524	80004e34	a1fc2153	feq.s	x2,f24,f31	 f24:0xffc00000 f31:0x7fc00000  x2=0x00000000
     235275.000 ns	     23526	80004e38	00853e33	sltu	x28,x10,x8	 x10:0x00000001  x8:0x80040fe4 x28=0x00000001
     235285.000 ns	     23527	80004e3c	0024b933	sltu	x18,x9,x2	  x9:0x00000000  x2:0x00000000 x18=0x00000000
     235295.000 ns	     23528	80004e40	2cd4cd13	xori	x26,x9,717	  x9:0x00000000 x26=0x000002cd
     235315.000 ns	     23530	80004e44	e0069d53	fclass.s	x26,f13	 f13:0x3f800000 x26=0x00000040
     235335.000 ns	     23532	80004e48	012712b3	sll	x5,x14,x18	 x14:0x00000000 x18:0x00000000  x5=0x00000000
     235695.000 ns	     23568	80004e4c	0315ffb3	remu	x31,x11,x17	 x11:0x00000000 x17:0x00000009 x31=0x00000000
     235715.000 ns	     23570	80004e50	be987793	andi	x15,x16,-1047	 x16:0xc3420000 x15=0xc3420000
     235725.000 ns	     23571	80004e54	002ef533	and	x10,x29,x2	 x29:0x3cbdfc81  x2:0x00000000 x10=0x00000000
     235735.000 ns	     23572	80004e58	d49b4993	xori	x19,x22,-695	 x22:0x00000009 x19=0xfffffd40
     235755.000 ns	     23574	80004e5c	28600953	fmin.s	f18,f0,f6	  f0:0x80040fe4  f6:0x7fc00000 f18=0x80040fe4
     235775.000 ns	     23576	80004e60	011701b3	add	x3,x14,x17	 x14:0x00000000 x17:0x00000009  x3=0x00000009
     235795.000 ns	     23578	80004e64	21d0a153	fsgnjx.s	f2,f1,f29	  f1:0x1f35048c f29:0x4f7fffff  f2=0x1f35048c
     235825.000 ns	     23581	80004e68	20bf9753	fsgnjn.s	f14,f31,f11	 f31:0x7fc00000 f11:0xffc00000 f14=0x7fc00000
     235855.000 ns	     23584	80004e6c	d004f9d3	fcvt.s.w	f19,x9	  x9:0x00000000 f19=0x00000000
     235885.000 ns	     23587	80004e70	02fb8db3	mul	x27,x23,x15	 x23:0xffc00207 x15:0xc3420000 x27=0xdace0000
     235915.000 ns	     23590	80004e74	28ed07d3	fmin.s	f15,f26,f14	 f26:0x7f800000 f14:0x7fc00000 f15=0x7f800000
     235945.000 ns	     23593	80004e78	030a08b3	mul	x17,x20,x16	 x20:0x8004bfef x16:0xc3420000 x17=0x889e0000
     235965.000 ns	     23595	80004e7c	013ad2b3	srl	x5,x21,x19	 x21:0x00000614 x19:0xfffffd40  x5=0x00000614
     235975.000 ns	     23596	80004e80	017e59b3	srl	x19,x28,x23	 x28:0x00000001 x23:0xffc00207 x19=0x00000000
     235985.000 ns	     23597	80004e84	51022793	slti	x15,x4,1296	  x4:0x00000080 x15=0x00000001
     236025.000 ns	     23601	80004e88	001cf753	fadd.s	f14,f25,f1	 f25:0x00000000  f1:0x1f35048c f14=0x1f35048c
     236395.000 ns	     23638	80004e8c	0231f8b3	remu	x17,x3,x3	  x3:0x00000009  x3:0x00000009 x17=0x00000000
     236425.000 ns	     23641	80004e90	21869c53	fsgnjn.s	f24,f13,f24	 f13:0x3f800000 f24:0xffc00000 f24=0x3f800000
     236445.000 ns	     23643	80004e94	98f5c213	xori	x4,x11,-1649	 x11:0x00000000  x4=0xfffff98f
     236455.000 ns	     23644	80004e98	bb245397	auipc	x7,0xbb245	  x7=0x3b249e98
     236465.000 ns	     23645	80004e9c	415ade93	srai	x29,x21,0x15	 x21:0x00000614 x29=0x00000000
     236475.000 ns	     23646	80004ea0	18df7d37	lui	x26,0x18df7	 x26=0x18df7000
     236485.000 ns	     23647	80004ea4	e509c393	xori	x7,x19,-432	 x19:0x00000000  x7=0xfffffe50
     236845.000 ns	     23683	80004ea8	03b5f8b3	remu	x17,x11,x27	 x11:0x00000000 x27:0xdace0000 x17=0x00000000
     236875.000 ns	     23686	80004eac	c0199553	fcvt.wu.s	x10,f19	 f19:0x00000000 x10=0x00000000
     236895.000 ns	     23688	80004eb0	79d00293	addi	x5,x0,1949	  x0:0x00000000  x5=0x0000079d
     236915.000 ns	     23690	80004eb4	e0040153	fmv.x.w	x2,f8	  f8:0xc3420000  x2=0xc3420000
     236945.000 ns	     23693	80004eb8	d015ff53	fcvt.s.wu	f30,x11	 x11:0x00000000 f30=0x00000000
     237315.000 ns	     23730	80004ebc	030b6cb3	rem	x25,x22,x16	 x22:0x00000009 x16:0xc3420000 x25=0x00000009
     237335.000 ns	     23732	80004ec0	bb4a72b7	lui	x5,0xbb4a7	  x5=0xbb4a7000
     237345.000 ns	     23733	80004ec4	55d73613	sltiu	x12,x14,1373	 x14:0x00000000 x12=0x00000001
     237355.000 ns	     23734	80004ec8	00000013	addi	x0,x0,0	  x0:0x00000000
     237365.000 ns	     23735	80004ecc	00f7dfb3	srl	x31,x15,x15	 x15:0x00000001 x15:0x00000001 x31=0x00000000
     237385.000 ns	     23737	80004ed0	038e0f33	mul	x30,x28,x24	 x28:0x00000001 x24:0x00000001 x30=0x00000001
     237405.000 ns	     23739	80004ed4	00000013	addi	x0,x0,0	  x0:0x00000000
     237425.000 ns	     23741	80004ed8	a13f17d3	flt.s	x15,f30,f19	 f30:0x00000000 f19:0x00000000 x15=0x00000000
     237445.000 ns	     23743	80004edc	0038ca33	xor	x20,x17,x3	 x17:0x00000000  x3:0x00000009 x20=0x00000009
     237465.000 ns	     23745	80004ee0	d003cdd3	fcvt.s.w	f27,x7	  x7:0xfffffe50 f27=0xc3d80000
     237495.000 ns	     23748	80004ee4	21f6a753	fsgnjx.s	f14,f13,f31	 f13:0x3f800000 f31:0x7fc00000 f14=0x3f800000
     237545.000 ns	     23753	80004ee8	08b87a53	fsub.s	f20,f16,f11	 f16:0x00000000 f11:0xffc00000 f20=0x7fc00000
     237575.000 ns	     23756	80004eec	037687b3	mul	x15,x13,x23	 x13:0x80041024 x23:0xffc00207 x15=0x7f3cb8fc
     237605.000 ns	     23759	80004ef0	e00e9ad3	fclass.s	x21,f29	 f29:0x4f7fffff x21=0x00000040
     237625.000 ns	     23761	80004ef4	1a2a7237	lui	x4,0x1a2a7	  x4=0x1a2a7000
     237635.000 ns	     23762	80004ef8	00cf6033	or	x0,x30,x12	 x30:0x00000001 x12:0x00000001
     237675.000 ns	     23766	80004efc	013d8ad3	fadd.s	f21,f27,f19	 f27:0xc3d80000 f19:0x00000000 f21=0xc3d80000
     237695.000 ns	     23768	80004f00	00589ab3	sll	x21,x17,x5	 x17:0x00000000  x5:0xbb4a7000 x21=0x00000000
     237715.000 ns	     23770	80004f04	21d80d53	fsgnj.s	f26,f16,f29	 f16:0x00000000 f29:0x4f7fffff f26=0x00000000
     237735.000 ns	     23772	80004f08	56e43bb7	lui	x23,0x56e43	 x23=0x56e43000
     238095.000 ns	     23808	80004f0c	02526033	rem	x0,x4,x5	  x4:0x1a2a7000  x5:0xbb4a7000
     239275.000 ns	     23926	80004f10	58073bd3	fsqrt.s	f23,f14	 f14:0x3f800000 f23=0x3f7fffae
     239305.000 ns	     23929	80004f14	021a3b33	mulhu	x22,x20,x1	 x20:0x00000009  x1:0x00000009 x22=0x00000000
     239325.000 ns	     23931	80004f18	000017b3	sll	x15,x0,x0	  x0:0x00000000  x0:0x00000000 x15=0x00000000
     239345.000 ns	     23933	80004f1c	201321d3	fsgnjx.s	f3,f6,f1	  f6:0x7fc00000  f1:0x1f35048c  f3=0x7fc00000
     239375.000 ns	     23936	80004f20	a0beae53	feq.s	x28,f29,f11	 f29:0x4f7fffff f11:0xffc00000 x28=0x00000000
     239425.000 ns	     23941	80004f24	00ba7253	fadd.s	f4,f20,f11	 f20:0x7fc00000 f11:0xffc00000  f4=0x7fc00000
     239475.000 ns	     23946	80004f28	088575d3	fsub.s	f11,f10,f8	 f10:0x7f800000  f8:0xc3420000 f11=0x7f800000
     239495.000 ns	     23948	80004f2c	013f3f33	sltu	x30,x30,x19	 x30:0x00000001 x19:0x00000000 x30=0x00000000
     239505.000 ns	     23949	80004f30	008d1b93	slli	x23,x26,0x8	 x26:0x18df7000 x23=0xdf700000
     239515.000 ns	     23950	80004f34	00b9b933	sltu	x18,x19,x11	 x19:0x00000000 x11:0x00000000 x18=0x00000000
     239525.000 ns	     23951	80004f38	7b1b2893	slti	x17,x22,1969	 x22:0x00000000 x17=0x00000001
     239545.000 ns	     23953	80004f3c	036d5033	divu	x0,x26,x22	 x26:0x18df7000 x22:0x00000000
     239575.000 ns	     23956	80004f40	a020a8d3	feq.s	x17,f1,f2	  f1:0x1f35048c  f2:0x1f35048c x17=0x00000001
     239605.000 ns	     23959	80004f44	d01a98d3	fcvt.s.wu	f17,x21	 x21:0x00000000 f17=0x00000000
     239975.000 ns	     23996	80004f48	03944733	div	x14,x8,x25	  x8:0x80040fe4 x25:0x00000009 x14=0xf1c78ffd
     239995.000 ns	     23998	80004f4c	2e87ce93	xori	x29,x15,744	 x15:0x00000000 x29=0x000002e8
     240005.000 ns	     23999	80004f50	018e9993	slli	x19,x29,0x18	 x29:0x00000000 x19=0xe8000000
     240025.000 ns	     24001	80004f54	a0108053	fle.s	x0,f1,f1	  f1:0x1f35048c  f1:0x1f35048c
     240055.000 ns	     24004	80004f58	29cf1ad3	fmax.s	f21,f30,f28	 f30:0x00000000 f28:0x00000000 f21=0x00000000
     240075.000 ns	     24006	80004f5c	5d0f3e93	sltiu	x29,x30,1488	 x30:0x00000000 x29=0x00000001
     240085.000 ns	     24007	80004f60	50ee2c93	slti	x25,x28,1294	 x28:0x00000000 x25=0x00000001
     240095.000 ns	     24008	80004f64	00e429b3	slt	x19,x8,x14	  x8:0x80040fe4 x14:0xf1c78ffd x19=0x00000001
     240105.000 ns	     24009	80004f68	00125db3	srl	x27,x4,x1	  x4:0x1a2a7000  x1:0x00000009 x27=0x000d1538
     240125.000 ns	     24011	80004f6c	c014fd53	fcvt.wu.s	x26,f9	  f9:0x4e013ef9 x26=0x204fbe40
     240145.000 ns	     24013	80004f70	409ed993	srai	x19,x29,0x9	 x29:0x00000001 x19=0x00000000
     240155.000 ns	     24014	80004f74	016d7a13	andi	x20,x26,22	 x26:0x204fbe40 x20=0x00000000
     240175.000 ns	     24016	80004f78	d0152ad3	fcvt.s.wu	f21,x10	 x10:0x00000000 f21=0x00000000
     240205.000 ns	     24019	80004f7c	d01ff053	fcvt.s.wu	f0,x31	 x31:0x00000000  f0=0x00000000
     240235.000 ns	     24022	80004f80	c005a3d3	fcvt.w.s	x7,f11	 f11:0x7f800000  x7=0x7fffffff
     240255.000 ns	     24024	80004f84	0034c8b3	xor	x17,x9,x3	  x9:0x00000000  x3:0x00000009 x17=0x00000009
     240275.000 ns	     24026	80004f88	e0038cd3	fmv.x.w	x25,f7	  f7:0x00000000 x25=0x00000000
     240305.000 ns	     24029	80004f8c	d00cabd3	fcvt.s.w	f23,x25	 x25:0x00000001 f23=0x00000000
     240325.000 ns	     24031	80004f90	dbd20b13	addi	x22,x4,-579	  x4:0x1a2a7000 x22=0x1a2a6dbd
     240335.000 ns	     24032	80004f94	007b1f93	slli	x31,x22,0x7	 x22:0x00000000 x31=0x1536de80
     240345.000 ns	     24033	80004f98	403051b3	sra	x3,x0,x3	  x0:0x00000000  x3:0x00000009  x3=0x00000000
     240365.000 ns	     24035	80004f9c	d00db653	fcvt.s.w	f12,x27	 x27:0x000d1538 f12=0x49515380
     240385.000 ns	     24037	80004fa0	ebd22c93	slti	x25,x4,-323	  x4:0x1a2a7000 x25=0x00000000
     240395.000 ns	     24038	80004fa4	01574233	xor	x4,x14,x21	 x14:0xf1c78ffd x21:0x00000000  x4=0xf1c78ffd
     240405.000 ns	     24039	80004fa8	0101fcb3	and	x25,x3,x16	  x3:0x00000000 x16:0xc3420000 x25=0x00000000
     240415.000 ns	     24040	80004fac	e6aba013	slti	x0,x23,-406	 x23:0xdf700000
     240435.000 ns	     24042	80004fb0	f00f80d3	fmv.w.x	f1,x31	 x31:0x1536de80  f1=0x1536de80
     240485.000 ns	     24047	80004fb4	013cca53	fadd.s	f20,f25,f19	 f25:0x00000000 f19:0x00000000 f20=0x00000000
     240515.000 ns	     24050	80004fb8	f0070653	fmv.w.x	f12,x14	 x14:0xf1c78ffd f12=0xf1c78ffd
     240545.000 ns	     24053	80004fbc	a0821a53	flt.s	x20,f4,f8	  f4:0x7fc00000  f8:0xc3420000 x20=0x00000000
     240565.000 ns	     24055	80004fc0	00edacb3	slt	x25,x27,x14	 x27:0x000d1538 x14:0xf1c78ffd x25=0x00000000
     240575.000 ns	     24056	80004fc4	005adb13	srli	x22,x21,0x5	 x21:0x00000000 x22=0x00000000
     240615.000 ns	     24060	80004fc8	00217f53	fadd.s	f30,f2,f2	  f2:0x1f35048c  f2:0x1f35048c f30=0x1fb5048c
     240985.000 ns	     24097	80004fcc	02cc63b3	rem	x7,x24,x12	 x24:0x00000001 x12:0x00000001  x7=0x00000000
     241025.000 ns	     24101	80004fd0	5809c0d3	fsqrt.s	f1,f19	 f19:0x00000000  f1=0x00000000
     241045.000 ns	     24103	80004fd4	01149ab3	sll	x21,x9,x17	  x9:0x00000000 x17:0x00000009 x21=0x00000000
     241055.000 ns	     24104	80004fd8	01499513	slli	x10,x19,0x14	 x19:0x00000000 x10=0x00000000
     241065.000 ns	     24105	80004fdc	b031c213	xori	x4,x3,-1277	  x3:0x00000000  x4=0xfffffb03
     241105.000 ns	     24109	80004fe0	00db3753	fadd.s	f14,f22,f13	 f22:0x000007b3 f13:0x3f800000 f14=0x3f800000
     241145.000 ns	     24113	80004fe4	580249d3	fsqrt.s	f19,f4	  f4:0x7fc00000 f19=0x7fc00000
     241165.000 ns	     24115	80004fe8	01fe57b3	srl	x15,x28,x31	 x28:0x00000000 x31:0x1536de80 x15=0x00000000
     241175.000 ns	     24116	80004fec	08a0a213	slti	x4,x1,138	  x1:0x00000009  x4=0x00000001
     241535.000 ns	     24152	80004ff0	037854b3	divu	x9,x16,x23	 x16:0xc3420000 x23:0xdf700000  x9=0x00000000
     241565.000 ns	     24155	80004ff4	21cb1ad3	fsgnjn.s	f21,f22,f28	 f22:0x000007b3 f28:0x00000000 f21=0x800007b3
     241585.000 ns	     24157	80004ff8	00000013	addi	x0,x0,0	  x0:0x00000000
     241945.000 ns	     24193	80004ffc	03de4a33	div	x20,x28,x29	 x28:0x00000000 x29:0x00000001 x20=0x00000000
     241965.000 ns	     24195	80005000	5f34c493	xori	x9,x9,1523	  x9:0x00000000  x9=0x000005f3
     241975.000 ns	     24196	80005004	00000013	addi	x0,x0,0	  x0:0x00000000
     241985.000 ns	     24197	80005008	00c1d813	srli	x16,x3,0xc	  x3:0x00000000 x16=0x00000000
     242005.000 ns	     24199	8000500c	d0057d53	fcvt.s.w	f26,x10	 x10:0x00000000 f26=0x00000000
     242035.000 ns	     24202	80005010	02918fb3	mul	x31,x3,x9	  x3:0x00000000  x9:0x000005f3 x31=0x00000000
     242065.000 ns	     24205	80005014	c0039053	fcvt.w.s	x0,f7	  f7:0x00000000
     242085.000 ns	     24207	80005018	01d8d193	srli	x3,x17,0x1d	 x17:0x00000009  x3=0x00000000
     242095.000 ns	     24208	8000501c	01300e33	add	x28,x0,x19	  x0:0x00000000 x19:0x00000000 x28=0x00000000
     242115.000 ns	     24210	80005020	0397ffb3	remu	x31,x15,x25	 x15:0x00000000 x25:0x00000000 x31=0x00000000
     242155.000 ns	     24214	80005024	18bff753	fdiv.s	f14,f31,f11	 f31:0x7fc00000 f11:0x7f800000 f14=0x7fc00000
     242175.000 ns	     24216	80005028	00baeab3	or	x21,x21,x11	 x21:0x00000000 x11:0x00000000 x21=0x00000000
     242195.000 ns	     24218	8000502c	03773533	mulhu	x10,x14,x23	 x14:0xf1c78ffd x23:0xdf700000 x10=0xd3069dbc
     242215.000 ns	     24220	80005030	00fb7333	and	x6,x22,x15	 x22:0x00000000 x15:0x00000000  x6=0x00000000
     242225.000 ns	     24221	80005034	002762b3	or	x5,x14,x2	 x14:0xf1c78ffd  x2:0xc3420000  x5=0xf3c78ffd
     242235.000 ns	     24222	80005038	411edc33	sra	x24,x29,x17	 x29:0x00000001 x17:0x00000009 x24=0x00000000
     242255.000 ns	     24224	8000503c	03e369b3	rem	x19,x6,x30	  x6:0x00000000 x30:0x00000000 x19=0x00000000
     242285.000 ns	     24227	80005040	f00b0c53	fmv.w.x	f24,x22	 x22:0x00000000 f24=0x00000000
     242315.000 ns	     24230	80005044	02a43833	mulhu	x16,x8,x10	  x8:0x80040fe4 x10:0xd3069dbc x16=0x6986a811
     242345.000 ns	     24233	80005048	03e40c33	mul	x24,x8,x30	  x8:0x80040fe4 x30:0x00000000 x24=0x00000000
     242375.000 ns	     24236	8000504c	d0123d53	fcvt.s.wu	f26,x4	  x4:0x00000001 f26=0x3f800000
     242395.000 ns	     24238	80005050	01bb9993	slli	x19,x23,0x1b	 x23:0xdf700000 x19=0x00000000
     242415.000 ns	     24240	80005054	292d9653	fmax.s	f12,f27,f18	 f27:0xc3d80000 f18:0x80040fe4 f12=0x80040fe4
     242435.000 ns	     24242	80005058	00f5db33	srl	x22,x11,x15	 x11:0x00000000 x15:0x00000000 x22=0x00000000
     242445.000 ns	     24243	8000505c	40448db3	sub	x27,x9,x4	  x9:0x000005f3  x4:0x00000001 x27=0x000005f2
     242455.000 ns	     24244	80005060	0159d013	srli	x0,x19,0x15	 x19:0x00000000
     242475.000 ns	     24246	80005064	a10121d3	feq.s	x3,f2,f16	  f2:0x1f35048c f16:0x00000000  x3=0x00000000
     242495.000 ns	     24248	80005068	01a45713	srli	x14,x8,0x1a	  x8:0x80040fe4 x14=0x00000020
     242515.000 ns	     24250	8000506c	036bd5b3	divu	x11,x23,x22	 x23:0xdf700000 x22:0x00000000 x11=0xffffffff
     242545.000 ns	     24253	80005070	0284b333	mulhu	x6,x9,x8	  x9:0x000005f3  x8:0x80040fe4  x6=0x000002f9
     242575.000 ns	     24256	80005074	03cc4733	div	x14,x24,x28	 x24:0x00000000 x28:0x00000000 x14=0xffffffff
     242595.000 ns	     24258	80005078	41bc5213	srai	x4,x24,0x1b	 x24:0x00000000  x4=0x00000000
     242615.000 ns	     24260	8000507c	a07f11d3	flt.s	x3,f30,f7	 f30:0x1fb5048c  f7:0x00000000  x3=0x00000000
     242635.000 ns	     24262	80005080	b2f2ff17	auipc	x30,0xb2f2f	 x30=0x32f34080
     242655.000 ns	     24264	80005084	29c610d3	fmax.s	f1,f12,f28	 f12:0x80040fe4 f28:0x00000000  f1=0x00000000
     242685.000 ns	     24267	80005088	212b2253	fsgnjx.s	f4,f22,f18	 f22:0x000007b3 f18:0x80040fe4  f4=0x800007b3
     242705.000 ns	     24269	8000508c	00217b33	and	x22,x2,x2	  x2:0xc3420000  x2:0xc3420000 x22=0xc3420000
     242725.000 ns	     24271	80005090	a04daad3	feq.s	x21,f27,f4	 f27:0xc3d80000  f4:0x800007b3 x21=0x00000000
     242745.000 ns	     24273	80005094	6a84f993	andi	x19,x9,1704	  x9:0x000005f3 x19=0x000004a0
     242775.000 ns	     24276	80005098	18e88d53	fdiv.s	f26,f17,f14	 f17:0x00000000 f14:0x7fc00000 f26=0x7fc00000
     242795.000 ns	     24278	8000509c	e0597213	andi	x4,x18,-507	 x18:0x00000000  x4=0x00000000
     242825.000 ns	     24281	800050a0	1081fe53	fmul.s	f28,f3,f8	  f3:0x7fc00000  f8:0xc3420000 f28=0x7fc00000
     242845.000 ns	     24283	800050a4	0156d493	srli	x9,x13,0x15	 x13:0x80041024  x9=0x00000400
     242855.000 ns	     24284	800050a8	0160b933	sltu	x18,x1,x22	  x1:0x00000009 x22:0xc3420000 x18=0x00000001
     242875.000 ns	     24286	800050ac	a07c9353	flt.s	x6,f25,f7	 f25:0x00000000  f7:0x00000000  x6=0x00000000
     242895.000 ns	     24288	800050b0	0079a033	slt	x0,x19,x7	 x19:0x000004a0  x7:0x00000000
     242905.000 ns	     24289	800050b4	8388ab13	slti	x22,x17,-1992	 x17:0x00000009 x22=0x00000000
     242925.000 ns	     24291	800050b8	f0000453	fmv.w.x	f8,x0	  x0:0x00000000  f8=0x00000000
     242945.000 ns	     24293	800050bc	01b93533	sltu	x10,x18,x27	 x18:0x00000001 x27:0x000005f2 x10=0x00000001
     242955.000 ns	     24294	800050c0	01e38b33	add	x22,x7,x30	  x7:0x00000000 x30:0x32f34080 x22=0x32f34080
     242965.000 ns	     24295	800050c4	01c5d013	srli	x0,x11,0x1c	 x11:0xffffffff
     242975.000 ns	     24296	800050c8	00300b33	add	x22,x0,x3	  x0:0x00000000  x3:0x00000000 x22=0x00000000
     242985.000 ns	     24297	800050cc	005d0b33	add	x22,x26,x5	 x26:0x204fbe40  x5:0xf3c78ffd x22=0x14174e3d
     242995.000 ns	     24298	800050d0	35583193	sltiu	x3,x16,853	 x16:0x6986a811  x3=0x00000000
     243015.000 ns	     24300	800050d4	e00287d3	fmv.x.w	x15,f5	  f5:0x00000000 x15=0x00000000
     243045.000 ns	     24303	800050d8	21e22c53	fsgnjx.s	f24,f4,f30	  f4:0x800007b3 f30:0x1fb5048c f24=0x800007b3
     243075.000 ns	     24306	800050dc	c00b7bd3	fcvt.w.s	x23,f22	 f22:0x000007b3 x23=0x00000000
     243105.000 ns	     24309	800050e0	29dd97d3	fmax.s	f15,f27,f29	 f27:0xc3d80000 f29:0x4f7fffff f15=0x4f7fffff
     243125.000 ns	     24311	800050e4	00136f33	or	x30,x6,x1	  x6:0x00000000  x1:0x00000009 x30=0x00000009
     243135.000 ns	     24312	800050e8	01663bb3	sltu	x23,x12,x22	 x12:0x00000001 x22:0x14174e3d x23=0x00000001
     243155.000 ns	     24314	800050ec	031ba333	mulhsu	x6,x23,x17	 x23:0x00000000 x17:0x00000009  x6=0x00000000
     243525.000 ns	     24351	800050f0	021262b3	rem	x5,x4,x1	  x4:0x00000000  x1:0x00000009  x5=0x00000000
     243545.000 ns	     24353	800050f4	000ef833	and	x16,x29,x0	 x29:0x00000001  x0:0x00000000 x16=0x00000000
     243905.000 ns	     24389	800050f8	02c57ab3	remu	x21,x10,x12	 x10:0x00000001 x12:0x00000001 x21=0x00000000
     243925.000 ns	     24391	800050fc	419d55b3	sra	x11,x26,x25	 x26:0x204fbe40 x25:0x00000000 x11=0x204fbe40
     243945.000 ns	     24393	80005100	2123ab53	fsgnjx.s	f22,f7,f18	  f7:0x00000000 f18:0x80040fe4 f22=0x80000000
     243975.000 ns	     24396	80005104	03062b33	mulhsu	x22,x12,x16	 x12:0x00000001 x16:0x00000000 x22=0x00000000
     243995.000 ns	     24398	80005108	62c78e93	addi	x29,x15,1580	 x15:0x00000000 x29=0x0000062c
     244005.000 ns	     24399	8000510c	01b39bb3	sll	x23,x7,x27	  x7:0x00000000 x27:0x000005f2 x23=0x00000000
     244045.000 ns	     24403	80005110	014a2fd3	fadd.s	f31,f20,f20	 f20:0x00000000 f20:0x00000000 f31=0x00000000
     244075.000 ns	     24406	80005114	a1bfa3d3	feq.s	x7,f31,f27	 f31:0x7fc00000 f27:0xc3d80000  x7=0x00000000
     244095.000 ns	     24408	80005118	000d2ab3	slt	x21,x26,x0	 x26:0x204fbe40  x0:0x00000000 x21=0x00000000
     244115.000 ns	     24410	8000511c	a0f705d3	fle.s	x11,f14,f15	 f14:0x7fc00000 f15:0x4f7fffff x11=0x00000000
     244145.000 ns	     24413	80005120	a1c39c53	flt.s	x24,f7,f28	  f7:0x00000000 f28:0x7fc00000 x24=0x00000000
     244165.000 ns	     24415	80005124	6a01fd13	andi	x26,x3,1696	  x3:0x00000000 x26=0x00000000
     244175.000 ns	     24416	80005128	bd180e93	addi	x29,x16,-1071	 x16:0x00000000 x29=0xfffffbd1
     244195.000 ns	     24418	8000512c	29061153	fmax.s	f2,f12,f16	 f12:0x80040fe4 f16:0x00000000  f2=0x00000000
     244215.000 ns	     24420	80005130	01fbe5b3	or	x11,x23,x31	 x23:0x00000000 x31:0x00000000 x11=0x00000000
     244235.000 ns	     24422	80005134	e00d89d3	fmv.x.w	x19,f27	 f27:0xc3d80000 x19=0xc3d80000
     244285.000 ns	     24427	80005138	003da2d3	fadd.s	f5,f27,f3	 f27:0xc3d80000  f3:0x7fc00000  f5=0x7fc00000
     244315.000 ns	     24430	8000513c	d00e73d3	fcvt.s.w	f7,x28	 x28:0x00000000  f7=0x00000000
     244335.000 ns	     24432	80005140	40e0d613	srai	x12,x1,0xe	  x1:0x00000009 x12=0x00000000
     244355.000 ns	     24434	80005144	039eacb3	mulhsu	x25,x29,x25	 x29:0xfffffbd1 x25:0x00000000 x25=0x00000000
     244385.000 ns	     24437	80005148	a16601d3	fle.s	x3,f12,f22	 f12:0x80040fe4 f22:0x80000000  x3=0x00000001
     244415.000 ns	     24440	8000514c	e0030a53	fmv.x.w	x20,f6	  f6:0x7fc00000 x20=0x7fc00000
     244445.000 ns	     24443	80005150	200d27d3	fsgnjx.s	f15,f26,f0	 f26:0x7fc00000  f0:0x00000000 f15=0x7fc00000
     244475.000 ns	     24446	80005154	038b1bb3	mulh	x23,x22,x24	 x22:0x00000000 x24:0x00000000 x23=0x00000000
     244495.000 ns	     24448	80005158	0020b1b3	sltu	x3,x1,x2	  x1:0x00000009  x2:0xc3420000  x3=0x00000001
     244535.000 ns	     24452	8000515c	01a28753	fadd.s	f14,f5,f26	  f5:0x7fc00000 f26:0x7fc00000 f14=0x7fc00000
     244565.000 ns	     24455	80005160	c00b9753	fcvt.w.s	x14,f23	 f23:0x00000000 x14=0x00000000
     244585.000 ns	     24457	80005164	40f0deb3	sra	x29,x1,x15	  x1:0x00000009 x15:0x00000000 x29=0x00000009
     244615.000 ns	     24460	80005168	580f96d3	fsqrt.s	f13,f31	 f31:0x00000000 f13=0x00000000
     244645.000 ns	     24463	8000516c	a191aa53	feq.s	x20,f3,f25	  f3:0x7fc00000 f25:0x00000000 x20=0x00000000
     244675.000 ns	     24466	80005170	a118afd3	feq.s	x31,f17,f17	 f17:0x00000000 f17:0x00000000 x31=0x00000001
     244695.000 ns	     24468	80005174	01711793	slli	x15,x2,0x17	  x2:0xc3420000 x15=0x00000000
     244715.000 ns	     24470	80005178	a1f19ed3	flt.s	x29,f3,f31	  f3:0x7fc00000 f31:0x00000000 x29=0x00000000
     244735.000 ns	     24472	8000517c	004691b3	sll	x3,x13,x4	 x13:0x80041024  x4:0x00000000  x3=0x80041024
     244745.000 ns	     24473	80005180	01d8eeb3	or	x29,x17,x29	 x17:0x00000009 x29:0x00000000 x29=0x00000009
     244755.000 ns	     24474	80005184	01b26933	or	x18,x4,x27	  x4:0x00000000 x27:0x000005f2 x18=0x000005f2
     244775.000 ns	     24476	80005188	29289fd3	fmax.s	f31,f17,f18	 f17:0x00000000 f18:0x80040fe4 f31=0x00000000
     244805.000 ns	     24479	8000518c	f0000ad3	fmv.w.x	f21,x0	  x0:0x00000000 f21=0x00000000
     244825.000 ns	     24481	80005190	00271313	slli	x6,x14,0x2	 x14:0x00000000  x6=0x00000000
     244835.000 ns	     24482	80005194	b3d62713	slti	x14,x12,-1219	 x12:0x00000000 x14=0x00000000
     244845.000 ns	     24483	80005198	00000013	addi	x0,x0,0	  x0:0x00000000
     244855.000 ns	     24484	8000519c	bbe46213	ori	x4,x8,-1090	  x8:0x80040fe4  x4=0xfffffffe
     244875.000 ns	     24486	800051a0	c00ef953	fcvt.w.s	x18,f29	 f29:0x4f7fffff x18=0x7fffffff
     244905.000 ns	     24489	800051a4	28969f53	fmax.s	f30,f13,f9	 f13:0x00000000  f9:0x4e013ef9 f30=0x4e013ef9
     244925.000 ns	     24491	800051a8	00413c33	sltu	x24,x2,x4	  x2:0xc3420000  x4:0xfffffffe x24=0x00000001
     244945.000 ns	     24493	800051ac	c0004e53	fcvt.w.s	x28,f0	  f0:0x00000000 x28=0x00000000
     244975.000 ns	     24496	800051b0	02be6033	rem	x0,x28,x11	 x28:0x00000000 x11:0x00000000
     244995.000 ns	     24498	800051b4	f8257513	andi	x10,x10,-126	 x10:0x00000001 x10=0x00000000
     245005.000 ns	     24499	800051b8	01ac1613	slli	x12,x24,0x1a	 x24:0x00000001 x12=0x04000000
     245015.000 ns	     24500	800051bc	001f9213	slli	x4,x31,0x1	 x31:0x00000001  x4=0x00000002
     245035.000 ns	     24502	800051c0	29129553	fmax.s	f10,f5,f17	  f5:0x7fc00000 f17:0x00000000 f10=0x00000000
     245055.000 ns	     24504	800051c4	6cfebb93	sltiu	x23,x29,1743	 x29:0x00000009 x23=0x00000001
     245075.000 ns	     24506	800051c8	03c423b3	mulhsu	x7,x8,x28	  x8:0x80040fe4 x28:0x00000000  x7=0x00000000
     245125.000 ns	     24511	800051cc	094777d3	fsub.s	f15,f14,f20	 f14:0x7fc00000 f20:0x00000000 f15=0x7fc00000
     245145.000 ns	     24513	800051d0	40118d33	sub	x26,x3,x1	  x3:0x80041024  x1:0x00000009 x26=0x8004101b
     245155.000 ns	     24514	800051d4	01b58833	add	x16,x11,x27	 x11:0x00000000 x27:0x000005f2 x16=0x000005f2
     245165.000 ns	     24515	800051d8	1607e293	ori	x5,x15,352	 x15:0x00000000  x5=0x00000160
     245185.000 ns	     24517	800051dc	031829b3	mulhsu	x19,x16,x17	 x16:0x00000000 x17:0x00000009 x19=0x00000000
     245215.000 ns	     24520	800051e0	d01ef7d3	fcvt.s.wu	f15,x29	 x29:0x00000009 f15=0x41100000
     245235.000 ns	     24522	800051e4	00a15393	srli	x7,x2,0xa	  x2:0xc3420000  x7=0x0030d080
     245255.000 ns	     24524	800051e8	0202a5b3	mulhsu	x11,x5,x0	  x5:0x00000160  x0:0x00000000 x11=0x00000000
     245275.000 ns	     24526	800051ec	b486df97	auipc	x31,0xb486d	 x31=0x348721ec
     245295.000 ns	     24528	800051f0	28070d53	fmin.s	f26,f14,f0	 f14:0x7fc00000  f0:0x00000000 f26=0x00000000
     245315.000 ns	     24530	800051f4	c68a8a93	addi	x21,x21,-920	 x21:0x00000000 x21=0xfffffc68
     245335.000 ns	     24532	800051f8	027fa733	mulhsu	x14,x31,x7	 x31:0x348721ec  x7:0x0030d080 x14=0x000a041e
     245355.000 ns	     24534	800051fc	0189f4b3	and	x9,x19,x24	 x19:0x00000000 x24:0x00000001  x9=0x00000000
     245365.000 ns	     24535	80005200	40008eb3	sub	x29,x1,x0	  x1:0x00000009  x0:0x00000000 x29=0x00000009
     245375.000 ns	     24536	80005204	cc682c13	slti	x24,x16,-826	 x16:0x000005f2 x24=0x00000000
     245395.000 ns	     24538	80005208	c01cff53	fcvt.wu.s	x30,f25	 f25:0x00000000 x30=0x00000000
     245415.000 ns	     24540	8000520c	003db133	sltu	x2,x27,x3	 x27:0x000005f2  x3:0x80041024  x2=0x00000001
     245425.000 ns	     24541	80005210	291a6217	auipc	x4,0x291a6	  x4=0xa91ab210
     245465.000 ns	     24545	80005214	089471d3	fsub.s	f3,f8,f9	  f8:0x00000000  f9:0x4e013ef9  f3=0xce013ef9
     245495.000 ns	     24548	80005218	03ce5e33	divu	x28,x28,x28	 x28:0x00000000 x28:0x00000000 x28=0xffffffff
     245525.000 ns	     24551	8000521c	c00cf4d3	fcvt.w.s	x9,f25	 f25:0x00000000  x9=0x00000000
     245545.000 ns	     24553	80005220	012bde33	srl	x28,x23,x18	 x23:0x00000001 x18:0x7fffffff x28=0x00000000
     245565.000 ns	     24555	80005224	03253733	mulhu	x14,x10,x18	 x10:0x00000000 x18:0x7fffffff x14=0x00000000
     245605.000 ns	     24559	80005228	58027853	fsqrt.s	f16,f4	  f4:0x800007b3 f16=0x7fc00000
     245625.000 ns	     24561	8000522c	00385db3	srl	x27,x16,x3	 x16:0x000005f2  x3:0x80041024 x27=0x0000005f
     245645.000 ns	     24563	80005230	0207bfb3	mulhu	x31,x15,x0	 x15:0x00000000  x0:0x00000000 x31=0x00000000
     245665.000 ns	     24565	80005234	cd0ffe13	andi	x28,x31,-816	 x31:0x348721ec x28=0x00000000
     245675.000 ns	     24566	80005238	eb8d1f97	auipc	x31,0xeb8d1	 x31=0x6b8d6238
     245685.000 ns	     24567	8000523c	018584b3	add	x9,x11,x24	 x11:0x00000000 x24:0x00000000  x9=0x00000000
     245705.000 ns	     24569	80005240	c01473d3	fcvt.wu.s	x7,f8	  f8:0x00000000  x7=0x00000000
     245725.000 ns	     24571	80005244	6f853293	sltiu	x5,x10,1784	 x10:0x00000000  x5=0x00000001
     245745.000 ns	     24573	80005248	a0041dd3	flt.s	x27,f8,f0	  f8:0x00000000  f0:0x00000000 x27=0x00000000
     245765.000 ns	     24575	8000524c	34d2b113	sltiu	x2,x5,845	  x5:0x00000160  x2=0x00000001
     245785.000 ns	     24577	80005250	03306c33	rem	x24,x0,x19	  x0:0x00000000 x19:0x00000000 x24=0x00000000
     246155.000 ns	     24614	80005254	021c5cb3	divu	x25,x24,x1	 x24:0x00000000  x1:0x00000009 x25=0x00000000
     246525.000 ns	     24651	80005258	03135933	divu	x18,x6,x17	  x6:0x00000000 x17:0x00000009 x18=0x00000000
     246555.000 ns	     24654	8000525c	e0081353	fclass.s	x6,f16	 f16:0x7fc00000  x6=0x00000200
     246585.000 ns	     24657	80005260	21c105d3	fsgnj.s	f11,f2,f28	  f2:0x00000000 f28:0x7fc00000 f11=0x00000000
     246625.000 ns	     24661	80005264	580772d3	fsqrt.s	f5,f14	 f14:0x7fc00000  f5=0x7fc00000
     246655.000 ns	     24664	80005268	0324d1b3	divu	x3,x9,x18	  x9:0x00000000 x18:0x00000000  x3=0xffffffff
     246685.000 ns	     24667	8000526c	034dea33	rem	x20,x27,x20	 x27:0x00000000 x20:0x00000000 x20=0x00000000
     246705.000 ns	     24669	80005270	00e01813	slli	x16,x0,0xe	  x0:0x00000000 x16=0x00000000
     246715.000 ns	     24670	80005274	0087f8b3	and	x17,x15,x8	 x15:0x00000000  x8:0x80040fe4 x17=0x00000000
     246735.000 ns	     24672	80005278	28c79553	fmax.s	f10,f15,f12	 f15:0x41100000 f12:0x80040fe4 f10=0x41100000
     246755.000 ns	     24674	8000527c	01faef33	or	x30,x21,x31	 x21:0xfffffc68 x31:0x6b8d6238 x30=0xfffffe78
     246765.000 ns	     24675	80005280	00000013	addi	x0,x0,0	  x0:0x00000000
     246775.000 ns	     24676	80005284	17334113	xori	x2,x6,371	  x6:0x00000200  x2=0x00000373
     246805.000 ns	     24679	80005288	1158a7d3	fmul.s	f15,f17,f21	 f17:0x00000000 f21:0x00000000 f15=0x00000000
     246835.000 ns	     24682	8000528c	20158d53	fsgnj.s	f26,f11,f1	 f11:0x00000000  f1:0x00000000 f26=0x00000000
     246855.000 ns	     24684	80005290	00761b33	sll	x22,x12,x7	 x12:0x04000000  x7:0x00000000 x22=0x04000000
     246865.000 ns	     24685	80005294	e15d7e93	andi	x29,x26,-491	 x26:0x8004101b x29=0x80041011
     246905.000 ns	     24689	80005298	08c77053	fsub.s	f0,f14,f12	 f14:0x7fc00000 f12:0x80040fe4  f0=0x7fc00000
     246925.000 ns	     24691	8000529c	efb23593	sltiu	x11,x4,-261	  x4:0xa91ab210 x11=0x00000001
     246935.000 ns	     24692	800052a0	e3dac217	auipc	x4,0xe3dac	  x4=0x63db12a0
     246955.000 ns	     24694	800052a4	c00bfc53	fcvt.w.s	x24,f23	 f23:0x00000000 x24=0x00000000
     246985.000 ns	     24697	800052a8	29018e53	fmin.s	f28,f3,f16	  f3:0xce013ef9 f16:0x7fc00000 f28=0xce013ef9
     247015.000 ns	     24700	800052ac	e00492d3	fclass.s	x5,f9	  f9:0x4e013ef9  x5=0x00000040
     247045.000 ns	     24703	800052b0	a02a1cd3	flt.s	x25,f20,f2	 f20:0x00000000  f2:0x00000000 x25=0x00000000
     247075.000 ns	     24706	800052b4	c0007d53	fcvt.w.s	x26,f0	  f0:0x7fc00000 x26=0x7fffffff
     247445.000 ns	     24743	800052b8	0230c233	div	x4,x1,x3	  x1:0x00000009  x3:0xffffffff  x4=0xfffffff7
     247465.000 ns	     24745	800052bc	40c98033	sub	x0,x19,x12	 x19:0x00000000 x12:0x04000000
     247485.000 ns	     24747	800052c0	a083a3d3	feq.s	x7,f7,f8	  f7:0x00000000  f8:0x00000000  x7=0x00000001
     247515.000 ns	     24750	800052c4	21539753	fsgnjn.s	f14,f7,f21	  f7:0x00000000 f21:0x00000000 f14=0x80000000
     247545.000 ns	     24753	800052c8	a13da153	feq.s	x2,f27,f19	 f27:0xc3d80000 f19:0x7fc00000  x2=0x00000000
     247575.000 ns	     24756	800052cc	a0b0a253	feq.s	x4,f1,f11	  f1:0x00000000 f11:0x00000000  x4=0x00000001
     247615.000 ns	     24760	800052d0	1979f7d3	fdiv.s	f15,f19,f23	 f19:0x7fc00000 f23:0x00000000 f15=0x7fc00000
     247645.000 ns	     24763	800052d4	a1b70653	fle.s	x12,f14,f27	 f14:0x80000000 f27:0xc3d80000 x12=0x00000000
     247665.000 ns	     24765	800052d8	00eec933	xor	x18,x29,x14	 x29:0x80041011 x14:0x00000000 x18=0x80041011
     247675.000 ns	     24766	800052dc	003dfbb3	and	x23,x27,x3	 x27:0x00000000  x3:0xffffffff x23=0x00000000
     247695.000 ns	     24768	800052e0	03362833	mulhsu	x16,x12,x19	 x12:0x00000000 x19:0x00000000 x16=0x00000000
     247715.000 ns	     24770	800052e4	ae003893	sltiu	x17,x0,-1312	  x0:0x00000000 x17=0x00000001
     247735.000 ns	     24772	800052e8	a0b295d3	flt.s	x11,f5,f11	  f5:0x7fc00000 f11:0x00000000 x11=0x00000000
     247765.000 ns	     24775	800052ec	d00b70d3	fcvt.s.w	f1,x22	 x22:0x04000000  f1=0x4c800000
     247785.000 ns	     24777	800052f0	b0a8f513	andi	x10,x17,-1270	 x17:0x00000001 x10=0x00000000
     247805.000 ns	     24779	800052f4	d018f953	fcvt.s.wu	f18,x17	 x17:0x00000001 f18=0x3f800000
     247835.000 ns	     24782	800052f8	d01ea8d3	fcvt.s.wu	f17,x29	 x29:0x80041011 f17=0x4f000411
     247855.000 ns	     24784	800052fc	408689b3	sub	x19,x13,x8	 x13:0x80041024  x8:0x80040fe4 x19=0x00000040
     247865.000 ns	     24785	80005300	e9a2e593	ori	x11,x5,-358	  x5:0x00000040 x11=0xfffffeda
     247875.000 ns	     24786	80005304	40bedc93	srai	x25,x29,0xb	 x29:0x80041011 x25=0xfff00082
     247885.000 ns	     24787	80005308	d1c9aab7	lui	x21,0xd1c9a	 x21=0xd1c9a000
     247905.000 ns	     24789	8000530c	e0039053	fclass.s	x0,f7	  f7:0x00000000
     247935.000 ns	     24792	80005310	a1f70853	fle.s	x16,f14,f31	 f14:0x80000000 f31:0x00000000 x16=0x00000001
     247985.000 ns	     24797	80005314	08d77f53	fsub.s	f30,f14,f13	 f14:0x80000000 f13:0x00000000 f30=0x80000000
     248005.000 ns	     24799	80005318	79f08a93	addi	x21,x1,1951	  x1:0x00000009 x21=0x000007a8
     248025.000 ns	     24801	8000531c	20b8a653	fsgnjx.s	f12,f17,f11	 f17:0x4f000411 f11:0x00000000 f12=0x4f000411
     248045.000 ns	     24803	80005320	40035e33	sra	x28,x6,x0	  x6:0x00000200  x0:0x00000000 x28=0x00000200
     248065.000 ns	     24805	80005324	e0028ad3	fmv.x.w	x21,f5	  f5:0x7fc00000 x21=0x7fc00000
     248095.000 ns	     24808	80005328	2102a7d3	fsgnjx.s	f15,f5,f16	  f5:0x7fc00000 f16:0x7fc00000 f15=0x7fc00000
     248125.000 ns	     24811	8000532c	21518c53	fsgnj.s	f24,f3,f21	  f3:0xce013ef9 f21:0x00000000 f24=0x4e013ef9
     248155.000 ns	     24814	80005330	f00d05d3	fmv.w.x	f11,x26	 x26:0x7fffffff f11=0x7fffffff
     248195.000 ns	     24818	80005334	10a41053	fmul.s	f0,f8,f10	  f8:0x00000000 f10:0x41100000  f0=0x00000000
     248215.000 ns	     24820	80005338	01de23b3	slt	x7,x28,x29	 x28:0x00000200 x29:0x80041011  x7=0x00000000
     248225.000 ns	     24821	8000533c	6a3e0013	addi	x0,x28,1699	 x28:0x00000200
     248245.000 ns	     24823	80005340	d016c553	fcvt.s.wu	f10,x13	 x13:0x80041024 f10=0x4f000410
     248275.000 ns	     24826	80005344	21d09453	fsgnjn.s	f8,f1,f29	  f1:0x4c800000 f29:0x4f7fffff  f8=0xcc800000
     248305.000 ns	     24829	80005348	02f7c733	div	x14,x15,x15	 x15:0x00000000 x15:0x00000000 x14=0xffffffff
     248335.000 ns	     24832	8000534c	c0133553	fcvt.wu.s	x10,f6	  f6:0x7fc00000 x10=0xffffffff
     248365.000 ns	     24835	80005350	c003af53	fcvt.w.s	x30,f7	  f7:0x00000000 x30=0x00000000
     248385.000 ns	     24837	80005354	32330b13	addi	x22,x6,803	  x6:0x00000200 x22=0x00000523
     248395.000 ns	     24838	80005358	9622b493	sltiu	x9,x5,-1694	  x5:0x00000040  x9=0x00000001
     248415.000 ns	     24840	8000535c	0371bd33	mulhu	x26,x3,x23	  x3:0xffffffff x23:0x00000000 x26=0x00000000
     248435.000 ns	     24842	80005360	410a0033	sub	x0,x20,x16	 x20:0x00000000 x16:0x00000001
     248455.000 ns	     24844	80005364	d016fc53	fcvt.s.wu	f24,x13	 x13:0x80041024 f24=0x4f000410
     248485.000 ns	     24847	80005368	20819fd3	fsgnjn.s	f31,f3,f8	  f3:0xce013ef9  f8:0xcc800000 f31=0x4e013ef9
     248515.000 ns	     24850	8000536c	a1b9acd3	feq.s	x25,f19,f27	 f19:0x7fc00000 f27:0xc3d80000 x25=0x00000000
     248545.000 ns	     24853	80005370	a1fa1a53	flt.s	x20,f20,f31	 f20:0x00000000 f31:0x4e013ef9 x20=0x00000001
     248575.000 ns	     24856	80005374	e00309d3	fmv.x.w	x19,f6	  f6:0x7fc00000 x19=0x7fc00000
     248595.000 ns	     24858	80005378	60536337	lui	x6,0x60536	  x6=0x60536000
     248635.000 ns	     24862	8000537c	015f7cd3	fadd.s	f25,f30,f21	 f30:0x80000000 f21:0x00000000 f25=0x00000000
     248655.000 ns	     24864	80005380	010e5fb3	srl	x31,x28,x16	 x28:0x00000200 x16:0x00000001 x31=0x00000100
     248695.000 ns	     24868	80005384	08ecb453	fsub.s	f8,f25,f14	 f25:0x00000000 f14:0x80000000  f8=0x00000000
     248715.000 ns	     24870	80005388	01e985b3	add	x11,x19,x30	 x19:0x7fc00000 x30:0x00000000 x11=0x7fc00000
     248725.000 ns	     24871	8000538c	4ba9c837	lui	x16,0x4ba9c	 x16=0x4ba9c000
     248735.000 ns	     24872	80005390	01343d33	sltu	x26,x8,x19	  x8:0x80040fe4 x19:0x7fc00000 x26=0x00000000
     248755.000 ns	     24874	80005394	f0050053	fmv.w.x	f0,x10	 x10:0xffffffff  f0=0xffffffff
     248775.000 ns	     24876	80005398	00ae2733	slt	x14,x28,x10	 x28:0x00000200 x10:0xffffffff x14=0x00000000
     248785.000 ns	     24877	8000539c	01b29813	slli	x16,x5,0x1b	  x5:0x00000040 x16=0x00000000
     248805.000 ns	     24879	800053a0	e00f9053	fclass.s	x0,f31	 f31:0x4e013ef9
     248835.000 ns	     24882	800053a4	d0092f53	fcvt.s.w	f30,x18	 x18:0x80041011 f30=0xcefff7e0
     248865.000 ns	     24885	800053a8	d0134f53	fcvt.s.wu	f30,x6	  x6:0x60536000 f30=0x4ec0a6c0
     248885.000 ns	     24887	800053ac	81740113	addi	x2,x8,-2025	  x8:0x80040fe4  x2=0x800407fb
     248905.000 ns	     24889	800053b0	c015fb53	fcvt.wu.s	x22,f11	 f11:0x7fffffff x22=0xffffffff
     248935.000 ns	     24892	800053b4	a07d0cd3	fle.s	x25,f26,f7	 f26:0x00000000  f7:0x00000000 x25=0x00000001
     248955.000 ns	     24894	800053b8	017cf3b3	and	x7,x25,x23	 x25:0x00000000 x23:0x00000000  x7=0x00000000
     248965.000 ns	     24895	800053bc	400bdf33	sra	x30,x23,x0	 x23:0x00000000  x0:0x00000000 x30=0x00000000
     248975.000 ns	     24896	800053c0	bc05fa17	auipc	x20,0xbc05f	 x20=0x3c0643c0
     249005.000 ns	     24899	800053c4	1987a9d3	fdiv.s	f19,f15,f24	 f15:0x7fc00000 f24:0x4f000410 f19=0x7fc00000
     249025.000 ns	     24901	800053c8	2d3933b7	lui	x7,0x2d393	  x7=0x2d393000
     249035.000 ns	     24902	800053cc	415f51b3	sra	x3,x30,x21	 x30:0x00000000 x21:0x7fc00000  x3=0x00000000
     249055.000 ns	     24904	800053d0	d0192d53	fcvt.s.wu	f26,x18	 x18:0x80041011 f26=0x4f000411
     249085.000 ns	     24907	800053d4	e00c1253	fclass.s	x4,f24	 f24:0x4f000410  x4=0x00000040
     249115.000 ns	     24910	800053d8	29560b53	fmin.s	f22,f12,f21	 f12:0x4f000411 f21:0x00000000 f22=0x00000000
     249135.000 ns	     24912	800053dc	0194f833	and	x16,x9,x25	  x9:0x00000001 x25:0x00000001 x16=0x00000001
     249145.000 ns	     24913	800053e0	00560833	add	x16,x12,x5	 x12:0x00000000  x5:0x00000040 x16=0x00000040
     249165.000 ns	     24915	800053e4	21900253	fsgnj.s	f4,f0,f25	  f0:0xffffffff f25:0x00000000  f4=0x7fffffff
     249195.000 ns	     24918	800053e8	02569833	mulh	x16,x13,x5	 x13:0x80041024  x5:0x00000040 x16=0xffffffe0
     249235.000 ns	     24922	800053ec	5809a3d3	fsqrt.s	f7,f19	 f19:0x7fc00000  f7=0x7fc00000
     249605.000 ns	     24959	800053f0	02beeb33	rem	x22,x29,x11	 x29:0x80041011 x11:0x7fc00000 x22=0xffc41011
     249655.000 ns	     24964	800053f4	00faf9d3	fadd.s	f19,f21,f15	 f21:0x00000000 f15:0x7fc00000 f19=0x7fc00000
     250025.000 ns	     25001	800053f8	021575b3	remu	x11,x10,x1	 x10:0xffffffff  x1:0x00000009 x11=0x00000003
     250045.000 ns	     25003	800053fc	005c34b3	sltu	x9,x24,x5	 x24:0x00000000  x5:0x00000040  x9=0x00000001
     250055.000 ns	     25004	80005400	00394e33	xor	x28,x18,x3	 x18:0x80041011  x3:0x00000000 x28=0x80041011
     250075.000 ns	     25006	80005404	c00fb8d3	fcvt.w.s	x17,f31	 f31:0x4e013ef9 x17=0x204fbe40
     250445.000 ns	     25043	80005408	031ced33	rem	x26,x25,x17	 x25:0x00000001 x17:0x00000001 x26=0x00000001
     250475.000 ns	     25046	8000540c	02eab3b3	mulhu	x7,x21,x14	 x21:0x7fc00000 x14:0x00000000  x7=0x00000000
     251655.000 ns	     25164	80005410	580c7153	fsqrt.s	f2,f24	 f24:0x4f000410  f2=0x46b50a40
     251685.000 ns	     25167	80005414	03e5ef33	rem	x30,x11,x30	 x11:0x00000003 x30:0x00000000 x30=0x00000003
     252025.000 ns	     25201	80005418	18af7cd3	fdiv.s	f25,f30,f10	 f30:0x4ec0a6c0 f10:0x4f000410 f25=0x3ec0a6c0
     252045.000 ns	     25203	8000541c	32c9b193	sltiu	x3,x19,812	 x19:0x7fc00000  x3=0x00000000
     252055.000 ns	     25204	80005420	01c322b3	slt	x5,x6,x28	  x6:0x60536000 x28:0x80041011  x5=0x00000000
     252415.000 ns	     25240	80005424	021159b3	divu	x19,x2,x1	  x2:0x800407fb  x1:0x00000009 x19=0x0e395638
     252435.000 ns	     25242	80005428	c8def593	andi	x11,x29,-883	 x29:0x80041011 x11=0x80041001
     252445.000 ns	     25243	8000542c	010a3b33	sltu	x22,x20,x16	 x20:0x3c0643c0 x16:0xffffffe0 x22=0x00000001
     252465.000 ns	     25245	80005430	e0019cd3	fclass.s	x25,f3	  f3:0xce013ef9 x25=0x00000002
     252495.000 ns	     25248	80005434	e00c84d3	fmv.x.w	x9,f25	 f25:0x3ec0a6c0  x9=0x3ec0a6c0
     252515.000 ns	     25250	80005438	414a0633	sub	x12,x20,x20	 x20:0x3c0643c0 x20:0x3c0643c0 x12=0x00000000
     252535.000 ns	     25252	8000543c	0371f933	remu	x18,x3,x23	  x3:0x00000000 x23:0x00000000 x18=0x00000000
     252565.000 ns	     25255	80005440	0250a833	mulhsu	x16,x1,x5	  x1:0x00000009  x5:0x00000000 x16=0x00000000
     252595.000 ns	     25258	80005444	281b05d3	fmin.s	f11,f22,f1	 f22:0x00000000  f1:0x4c800000 f11=0x00000000
     252625.000 ns	     25261	80005448	02cd8c33	mul	x24,x27,x12	 x27:0x00000000 x12:0x00000000 x24=0x00000000
     252645.000 ns	     25263	8000544c	6d477c93	andi	x25,x14,1748	 x14:0x00000000 x25=0x00000000
     252975.000 ns	     25296	80005450	18cea553	fdiv.s	f10,f29,f12	 f29:0x4f7fffff f12:0x4f000411 f10=0x3f800000
     253015.000 ns	     25300	80005454	189a4253	fdiv.s	f4,f20,f9	 f20:0x00000000  f9:0x4e013ef9  f4=0x00000000
     253385.000 ns	     25337	80005458	031d4233	div	x4,x26,x17	 x26:0x00000001 x17:0x204fbe40  x4=0x00000000
     253405.000 ns	     25339	8000545c	016a5993	srli	x19,x20,0x16	 x20:0x3c0643c0 x19=0x000000f0
     253415.000 ns	     25340	80005460	002b0333	add	x6,x22,x2	 x22:0x00000001  x2:0x800407fb  x6=0x800407fc
     253435.000 ns	     25342	80005464	28b59e53	fmax.s	f28,f11,f11	 f11:0x00000000 f11:0x00000000 f28=0x00000000
     253465.000 ns	     25345	80005468	d00c7d53	fcvt.s.w	f26,x24	 x24:0x00000000 f26=0x00000000
     253485.000 ns	     25347	8000546c	40725213	srai	x4,x4,0x7	  x4:0x00000000  x4=0x00000000
     253845.000 ns	     25383	80005470	03614533	div	x10,x2,x22	  x2:0x800407fb x22:0x00000001 x10=0x800407fb
     253865.000 ns	     25385	80005474	01e8b633	sltu	x12,x17,x30	 x17:0x204fbe40 x30:0x00000003 x12=0x00000000
     253875.000 ns	     25386	80005478	0025d313	srli	x6,x11,0x2	 x11:0x80041001  x6=0x20010400
     254235.000 ns	     25422	8000547c	03c971b3	remu	x3,x18,x28	 x18:0x00000000 x28:0x80041011  x3=0x00000000
     254255.000 ns	     25424	80005480	007c9933	sll	x18,x25,x7	 x25:0x00000000  x7:0x00000000 x18=0x00000000
     254265.000 ns	     25425	80005484	00f3fc33	and	x24,x7,x15	  x7:0x00000000 x15:0x00000000 x24=0x00000000
     254275.000 ns	     25426	80005488	353db213	sltiu	x4,x27,851	 x27:0x00000000  x4=0x00000001
     254295.000 ns	     25428	8000548c	20c38953	fsgnj.s	f18,f7,f12	  f7:0x7fc00000 f12:0x4f000411 f18=0x7fc00000
     254315.000 ns	     25430	80005490	00ee12b3	sll	x5,x28,x14	 x28:0x80041011 x14:0x00000000  x5=0x80041011
     254335.000 ns	     25432	80005494	21ff0cd3	fsgnj.s	f25,f30,f31	 f30:0x4ec0a6c0 f31:0x4e013ef9 f25=0x4ec0a6c0
     254355.000 ns	     25434	80005498	009cf7b3	and	x15,x25,x9	 x25:0x00000000  x9:0x3ec0a6c0 x15=0x00000000
     254375.000 ns	     25436	8000549c	03f934b3	mulhu	x9,x18,x31	 x18:0x00000000 x31:0x00000100  x9=0x00000000
     254415.000 ns	     25440	800054a0	18f10f53	fdiv.s	f30,f2,f15	  f2:0x46b50a40 f15:0x7fc00000 f30=0x7fc00000
     254435.000 ns	     25442	800054a4	87f1c713	xori	x14,x3,-1921	  x3:0x00000000 x14=0xfffff87f
     254445.000 ns	     25443	800054a8	40940fb3	sub	x31,x8,x9	  x8:0x80040fe4  x9:0x00000000 x31=0x80040fe4
     254465.000 ns	     25445	800054ac	29e40053	fmin.s	f0,f8,f30	  f8:0x00000000 f30:0x7fc00000  f0=0x00000000
     254505.000 ns	     25449	800054b0	1808a053	fdiv.s	f0,f17,f0	 f17:0x4f000411  f0:0xffffffff  f0=0x7f800000
     254555.000 ns	     25454	800054b4	08247753	fsub.s	f14,f8,f2	  f8:0x00000000  f2:0x46b50a40 f14=0xc6b50a40
     254575.000 ns	     25456	800054b8	009fe633	or	x12,x31,x9	 x31:0x80040fe4  x9:0x00000000 x12=0x80040fe4
     254595.000 ns	     25458	800054bc	032a8b33	mul	x22,x21,x18	 x21:0x7fc00000 x18:0x00000000 x22=0x00000000
     254625.000 ns	     25461	800054c0	d00c0f53	fcvt.s.w	f30,x24	 x24:0x00000000 f30=0x00000000
     254655.000 ns	     25464	800054c4	03d494b3	mulh	x9,x9,x29	  x9:0x00000000 x29:0x80041011  x9=0x00000000
     254685.000 ns	     25467	800054c8	e00992d3	fclass.s	x5,f19	 f19:0x7fc00000  x5=0x00000200
     254715.000 ns	     25470	800054cc	034dba33	mulhu	x20,x27,x20	 x27:0x00000000 x20:0x3c0643c0 x20=0x00000000
     254735.000 ns	     25472	800054d0	9e6a4613	xori	x12,x20,-1562	 x20:0x3c0643c0 x12=0xfffff9e6
     254745.000 ns	     25473	800054d4	9ddac613	xori	x12,x21,-1571	 x21:0x7fc00000 x12=0x803ff9dd
     254765.000 ns	     25475	800054d8	0308bdb3	mulhu	x27,x17,x16	 x17:0x204fbe40 x16:0x00000000 x27=0x00000000
     254795.000 ns	     25478	800054dc	a0f425d3	feq.s	x11,f8,f15	  f8:0x00000000 f15:0x7fc00000 x11=0x00000000
     254825.000 ns	     25481	800054e0	c018fe53	fcvt.wu.s	x28,f17	 f17:0x4f000411 x28=0x80041100
     254845.000 ns	     25483	800054e4	4145d533	sra	x10,x11,x20	 x11:0x00000000 x20:0x00000000 x10=0x00000000
     254855.000 ns	     25484	800054e8	00000013	addi	x0,x0,0	  x0:0x00000000
     254875.000 ns	     25486	800054ec	21779bd3	fsgnjn.s	f23,f15,f23	 f15:0x7fc00000 f23:0x00000000 f23=0xffc00000
     254905.000 ns	     25489	800054f0	c01d0bd3	fcvt.wu.s	x23,f26	 f26:0x00000000 x23=0x00000000
     254935.000 ns	     25492	800054f4	20c08053	fsgnj.s	f0,f1,f12	  f1:0x4c800000 f12:0x4f000411  f0=0x4c800000
     254975.000 ns	     25496	800054f8	1161fa53	fmul.s	f20,f3,f22	  f3:0xce013ef9 f22:0x00000000 f20=0x80000000
     255015.000 ns	     25500	800054fc	10e7f7d3	fmul.s	f15,f15,f14	 f15:0x7fc00000 f14:0xc6b50a40 f15=0x7fc00000
     255035.000 ns	     25502	80005500	413b5293	srai	x5,x22,0x13	 x22:0x00000000  x5=0x00000000
     255045.000 ns	     25503	80005504	0029e3b3	or	x7,x19,x2	 x19:0x000000f0  x2:0x800407fb  x7=0x800407fb
     255085.000 ns	     25507	80005508	01927f53	fadd.s	f30,f4,f25	  f4:0x00000000 f25:0x4ec0a6c0 f30=0x4ec0a6c0
     255125.000 ns	     25511	8000550c	1985ff53	fdiv.s	f30,f11,f24	 f11:0x00000000 f24:0x4f000410 f30=0x00000000
     255155.000 ns	     25514	80005510	a184a253	feq.s	x4,f9,f24	  f9:0x4e013ef9 f24:0x4f000410  x4=0x00000000
     255185.000 ns	     25517	80005514	d000a8d3	fcvt.s.w	f17,x1	  x1:0x00000009 f17=0x41100000
     255555.000 ns	     25554	80005518	0332f7b3	remu	x15,x5,x19	  x5:0x00000000 x19:0x000000f0 x15=0x00000000
     255575.000 ns	     25556	8000551c	404ed713	srai	x14,x29,0x4	 x29:0x80041011 x14=0xf8004101
     255595.000 ns	     25558	80005520	0324de33	divu	x28,x9,x18	  x9:0x00000000 x18:0x00000000 x28=0xffffffff
     255615.000 ns	     25560	80005524	c0c79b97	auipc	x23,0xc0c79	 x23=0x40c7e524
     255625.000 ns	     25561	80005528	0156cab3	xor	x21,x13,x21	 x13:0x80041024 x21:0x7fc00000 x21=0xffc41024
     255645.000 ns	     25563	8000552c	c0083e53	fcvt.w.s	x28,f16	 f16:0x7fc00000 x28=0x7fffffff
     255675.000 ns	     25566	80005530	d01373d3	fcvt.s.wu	f7,x6	  x6:0x20010400  f7=0x4e000410
     255725.000 ns	     25571	80005534	0920fdd3	fsub.s	f27,f1,f18	  f1:0x4c800000 f18:0x7fc00000 f27=0x7fc00000
     255745.000 ns	     25573	80005538	01861313	slli	x6,x12,0x18	 x12:0x803ff9dd  x6=0xdd000000
     255765.000 ns	     25575	8000553c	a07aae53	feq.s	x28,f21,f7	 f21:0x00000000  f7:0x4e000410 x28=0x00000000
     255795.000 ns	     25578	80005540	215c2c53	fsgnjx.s	f24,f24,f21	 f24:0x4f000410 f21:0x00000000 f24=0x4f000410
     255825.000 ns	     25581	80005544	214f8153	fsgnj.s	f2,f31,f20	 f31:0x4e013ef9 f20:0x80000000  f2=0xce013ef9
     255845.000 ns	     25583	80005548	00000013	addi	x0,x0,0	  x0:0x00000000
     255865.000 ns	     25585	8000554c	f00f02d3	fmv.w.x	f5,x30	 x30:0x00000003  f5=0x00000003
     255885.000 ns	     25587	80005550	0014b233	sltu	x4,x9,x1	  x9:0x00000000  x1:0x00000009  x4=0x00000001
     255905.000 ns	     25589	80005554	214c16d3	fsgnjn.s	f13,f24,f20	 f24:0x4f000410 f20:0x80000000 f13=0x4f000410
     255935.000 ns	     25592	80005558	e0070753	fmv.x.w	x14,f14	 f14:0xc6b50a40 x14=0xc6b50a40
     255955.000 ns	     25594	8000555c	002e9b13	slli	x22,x29,0x2	 x29:0x80041011 x22=0x00104044
     255965.000 ns	     25595	80005560	3968b393	sltiu	x7,x17,918	 x17:0x204fbe40  x7=0x00000000
     255985.000 ns	     25597	80005564	02e20ab3	mul	x21,x4,x14	  x4:0x00000001 x14:0xc6b50a40 x21=0xc6b50a40
     256005.000 ns	     25599	80005568	247eab13	slti	x22,x29,583	 x29:0x80041011 x22=0x00000001
     256015.000 ns	     25600	8000556c	01a55033	srl	x0,x10,x26	 x10:0x00000000 x26:0x00000001
     256035.000 ns	     25602	80005570	293d9253	fmax.s	f4,f27,f19	 f27:0x7fc00000 f19:0x7fc00000  f4=0x7fc00000
     256055.000 ns	     25604	80005574	00af7833	and	x16,x30,x10	 x30:0x00000003 x10:0x00000000 x16=0x00000000
     256075.000 ns	     25606	80005578	d00f75d3	fcvt.s.w	f11,x30	 x30:0x00000003 f11=0x40400000
     256095.000 ns	     25608	8000557c	0000d933	srl	x18,x1,x0	  x1:0x00000009  x0:0x00000000 x18=0x00000009
     256105.000 ns	     25609	80005580	41b5d833	sra	x16,x11,x27	 x11:0x00000000 x27:0x00000000 x16=0x00000000
     256115.000 ns	     25610	80005584	40375b93	srai	x23,x14,0x3	 x14:0xc6b50a40 x23=0xf8d6a148
     256125.000 ns	     25611	80005588	01f09f13	slli	x30,x1,0x1f	  x1:0x00000009 x30=0x80000000
     256145.000 ns	     25613	8000558c	e0040f53	fmv.x.w	x30,f8	  f8:0x00000000 x30=0x00000000
     256165.000 ns	     25615	80005590	00ba2133	slt	x2,x20,x11	 x20:0x00000000 x11:0x00000000  x2=0x00000000
     256175.000 ns	     25616	80005594	d1f32f13	slti	x30,x6,-737	  x6:0xdd000000 x30=0x00000001
     256195.000 ns	     25618	80005598	c0137053	fcvt.wu.s	x0,f6	  f6:0x7fc00000
     256215.000 ns	     25620	8000559c	01bba333	slt	x6,x23,x27	 x23:0xf8d6a148 x27:0x00000000  x6=0x00000001
     256225.000 ns	     25621	800055a0	00b2f833	and	x16,x5,x11	  x5:0x00000000 x11:0x00000000 x16=0x00000000
     256245.000 ns	     25623	800055a4	209a2953	fsgnjx.s	f18,f20,f9	 f20:0x80000000  f9:0x4e013ef9 f18=0x80000000
     256265.000 ns	     25625	800055a8	00b03b33	sltu	x22,x0,x11	  x0:0x00000000 x11:0x00000000 x22=0x00000000
     256275.000 ns	     25626	800055ac	01a19193	slli	x3,x3,0x1a	  x3:0x00000000  x3=0x00000000
     256295.000 ns	     25628	800055b0	039071b3	remu	x3,x0,x25	  x0:0x00000000 x25:0x00000000  x3=0x00000000
     256325.000 ns	     25631	800055b4	02f84233	div	x4,x16,x15	 x16:0x00000000 x15:0x00000000  x4=0xffffffff
     256355.000 ns	     25634	800055b8	c00c7e53	fcvt.w.s	x28,f24	 f24:0x4f000410 x28=0x7fffffff
     256375.000 ns	     25636	800055bc	f18302b7	lui	x5,0xf1830	  x5=0xf1830000
     256385.000 ns	     25637	800055c0	01725c13	srli	x24,x4,0x17	  x4:0xffffffff x24=0x000001ff
     256415.000 ns	     25640	800055c4	106d7253	fmul.s	f4,f26,f6	 f26:0x00000000  f6:0x7fc00000  f4=0x7fc00000
     257595.000 ns	     25758	800055c8	580c7f53	fsqrt.s	f30,f24	 f24:0x4f000410 f30=0x46b50a40
     257625.000 ns	     25761	800055cc	02916c33	rem	x24,x2,x9	  x2:0x00000000  x9:0x00000000 x24=0x00000000
     257645.000 ns	     25763	800055d0	69288a17	auipc	x20,0x69288	 x20=0xe928d5d0
     257665.000 ns	     25765	800055d4	281a0253	fmin.s	f4,f20,f1	 f20:0x80000000  f1:0x4c800000  f4=0x80000000
     258035.000 ns	     25802	800055d8	02d0e8b3	rem	x17,x1,x13	  x1:0x00000009 x13:0x80041024 x17=0x00000009
     258055.000 ns	     25804	800055dc	00ab8933	add	x18,x23,x10	 x23:0xf8d6a148 x10:0x00000000 x18=0xf8d6a148
     258075.000 ns	     25806	800055e0	03fa8c33	mul	x24,x21,x31	 x21:0xc6b50a40 x31:0x80040fe4 x24=0xbdd6e100
     258125.000 ns	     25811	800055e4	01f97153	fadd.s	f2,f18,f31	 f18:0x80000000 f31:0x4e013ef9  f2=0x4e013ef9
     258145.000 ns	     25813	800055e8	01b6bf33	sltu	x30,x13,x27	 x13:0x80041024 x27:0x00000000 x30=0x00000000
     258155.000 ns	     25814	800055ec	84c37813	andi	x16,x6,-1972	  x6:0x00000001 x16=0x00000000
     258165.000 ns	     25815	800055f0	01e895b3	sll	x11,x17,x30	 x17:0x00000009 x30:0x00000001 x11=0x00000009
     258175.000 ns	     25816	800055f4	01bf9013	slli	x0,x31,0x1b	 x31:0x80040fe4
     258185.000 ns	     25817	800055f8	40565133	sra	x2,x12,x5	 x12:0x803ff9dd  x5:0xf1830000  x2=0x803ff9dd
     258195.000 ns	     25818	800055fc	e2494893	xori	x17,x18,-476	 x18:0xf8d6a148 x17=0x07295f6c
     258215.000 ns	     25820	80005600	20e41253	fsgnjn.s	f4,f8,f14	  f8:0x00000000 f14:0xc6b50a40  f4=0x00000000
     258245.000 ns	     25823	80005604	c00e1e53	fcvt.w.s	x28,f28	 f28:0x00000000 x28=0x00000000
     258275.000 ns	     25826	80005608	d0149853	fcvt.s.wu	f16,x9	  x9:0x00000000 f16=0x00000000
     258295.000 ns	     25828	8000560c	2e71a513	slti	x10,x3,743	  x3:0x00000000 x10=0x00000001
     258305.000 ns	     25829	80005610	01cd81b3	add	x3,x27,x28	 x27:0x00000000 x28:0x00000000  x3=0x00000000
     258315.000 ns	     25830	80005614	00b25f93	srli	x31,x4,0xb	  x4:0xffffffff x31=0x001fffff
     258325.000 ns	     25831	80005618	39951017	auipc	x0,0x39951	
     258345.000 ns	     25833	8000561c	d012f6d3	fcvt.s.wu	f13,x5	  x5:0xf1830000 f13=0x4f718300
     258365.000 ns	     25835	80005620	01729a13	slli	x20,x5,0x17	  x5:0xf1830000 x20=0x00000000
     258385.000 ns	     25837	80005624	214216d3	fsgnjn.s	f13,f4,f20	  f4:0x00000000 f20:0x80000000 f13=0x00000000
     258405.000 ns	     25839	80005628	00f35033	srl	x0,x6,x15	  x6:0x00000001 x15:0x00000000
     258415.000 ns	     25840	8000562c	07b5cf13	xori	x30,x11,123	 x11:0x00000009 x30=0x00000072
     258425.000 ns	     25841	80005630	41fb5c33	sra	x24,x22,x31	 x22:0x00000000 x31:0x001fffff x24=0x00000000
     258445.000 ns	     25843	80005634	29611bd3	fmax.s	f23,f2,f22	  f2:0x4e013ef9 f22:0x00000000 f23=0x4e013ef9
     258475.000 ns	     25846	80005638	0398a733	mulhsu	x14,x17,x25	 x17:0x07295f6c x25:0x00000000 x14=0x00000000
     258495.000 ns	     25848	8000563c	002eefb3	or	x31,x29,x2	 x29:0x80041011  x2:0x803ff9dd x31=0x803ff9dd
     258515.000 ns	     25850	80005640	a0f4a553	feq.s	x10,f9,f15	  f9:0x4e013ef9 f15:0x7fc00000 x10=0x00000000
     258535.000 ns	     25852	80005644	40e15333	sra	x6,x2,x14	  x2:0x803ff9dd x14:0x00000000  x6=0x803ff9dd
     258895.000 ns	     25888	80005648	03effcb3	remu	x25,x31,x30	 x31:0x803ff9dd x30:0x00000072 x25=0x00000019
     258915.000 ns	     25890	8000564c	01f3f7b3	and	x15,x7,x31	  x7:0x00000000 x31:0x803ff9dd x15=0x00000000
     258935.000 ns	     25892	80005650	e0060253	fmv.x.w	x4,f12	 f12:0x4f000411  x4=0x4f000411
     258965.000 ns	     25895	80005654	a0d89753	flt.s	x14,f17,f13	 f17:0x41100000 f13:0x00000000 x14=0x00000000
     258995.000 ns	     25898	80005658	a1891ad3	flt.s	x21,f18,f24	 f18:0x80000000 f24:0x4f000410 x21=0x00000001
     259015.000 ns	     25900	8000565c	01787e33	and	x28,x16,x23	 x16:0x00000000 x23:0xf8d6a148 x28=0x00000000
     259025.000 ns	     25901	80005660	aa1a2f93	slti	x31,x20,-1375	 x20:0x00000000 x31=0x00000000
     259035.000 ns	     25902	80005664	0054d993	srli	x19,x9,0x5	  x9:0x00000000 x19=0x00000000
     259055.000 ns	     25904	80005668	203a0753	fsgnj.s	f14,f20,f3	 f20:0x80000000  f3:0xce013ef9 f14=0x80000000
     259075.000 ns	     25906	8000566c	10411fb7	lui	x31,0x10411	 x31=0x10411000
     259085.000 ns	     25907	80005670	28ddf937	lui	x18,0x28ddf	 x18=0x28ddf000
     259115.000 ns	     25910	80005674	11207553	fmul.s	f10,f0,f18	  f0:0x4c800000 f18:0x80000000 f10=0x80000000
     259145.000 ns	     25913	80005678	d0018153	fcvt.s.w	f2,x3	  x3:0x00000000  f2=0x00000000
     259195.000 ns	     25918	8000567c	08f14bd3	fsub.s	f23,f2,f15	  f2:0x4e013ef9 f15:0x7fc00000 f23=0x7fc00000
     259215.000 ns	     25920	80005680	00c71833	sll	x16,x14,x12	 x14:0x00000000 x12:0x803ff9dd x16=0x00000000
     259225.000 ns	     25921	80005684	b0a8fd13	andi	x26,x17,-1270	 x17:0x07295f6c x26=0x07295b08
     259245.000 ns	     25923	80005688	a1068553	fle.s	x10,f13,f16	 f13:0x00000000 f16:0x00000000 x10=0x00000001
     259275.000 ns	     25926	8000568c	21262b53	fsgnjx.s	f22,f12,f18	 f12:0x4f000411 f18:0x80000000 f22=0xcf000411
     259315.000 ns	     25930	80005690	112d7a53	fmul.s	f20,f26,f18	 f26:0x00000000 f18:0x80000000 f20=0x80000000
     259345.000 ns	     25933	80005694	031019b3	mulh	x19,x0,x17	  x0:0x00000000 x17:0x07295f6c x19=0x00000000
     259715.000 ns	     25970	80005698	03d64233	div	x4,x12,x29	 x12:0x803ff9dd x29:0x80041011  x4=0x00000000
     259745.000 ns	     25973	8000569c	029c7c33	remu	x24,x24,x9	 x24:0x00000000  x9:0x00000000 x24=0x00000000
     260115.000 ns	     26010	800056a0	0315d1b3	divu	x3,x11,x17	 x11:0x00000009 x17:0x07295f6c  x3=0x00000000
     260135.000 ns	     26012	800056a4	01fbe933	or	x18,x23,x31	 x23:0xf8d6a148 x31:0x10411000 x18=0xf8d7b148
     260155.000 ns	     26014	800056a8	a0d82e53	feq.s	x28,f16,f13	 f16:0x00000000 f13:0x00000000 x28=0x00000001
     260185.000 ns	     26017	800056ac	29de93d3	fmax.s	f7,f29,f29	 f29:0x4f7fffff f29:0x4f7fffff  f7=0x4f7fffff
     260215.000 ns	     26020	800056b0	03bf88b3	mul	x17,x31,x27	 x31:0x10411000 x27:0x00000000 x17=0x00000000
     260235.000 ns	     26022	800056b4	00000013	addi	x0,x0,0	  x0:0x00000000
     260245.000 ns	     26023	800056b8	ece04913	xori	x18,x0,-306	  x0:0x00000000 x18=0xfffffece
     260255.000 ns	     26024	800056bc	0154e8b3	or	x17,x9,x21	  x9:0x00000000 x21:0x00000001 x17=0x00000001
     260275.000 ns	     26026	800056c0	28d79a53	fmax.s	f20,f15,f13	 f15:0x7fc00000 f13:0x00000000 f20=0x00000000
     260315.000 ns	     26030	800056c4	580275d3	fsqrt.s	f11,f4	  f4:0x00000000 f11=0x00000000
     260345.000 ns	     26033	800056c8	c00ac653	fcvt.w.s	x12,f21	 f21:0x00000000 x12=0x00000000
     260375.000 ns	     26036	800056cc	21d6a9d3	fsgnjx.s	f19,f13,f29	 f13:0x00000000 f29:0x4f7fffff f19=0x00000000
     260405.000 ns	     26039	800056d0	c01afad3	fcvt.wu.s	x21,f21	 f21:0x00000000 x21=0x00000000
     260425.000 ns	     26041	800056d4	01fe2333	slt	x6,x28,x31	 x28:0x00000001 x31:0x10411000  x6=0x00000001
     260445.000 ns	     26043	800056d8	288412d3	fmax.s	f5,f8,f8	  f8:0x00000000  f8:0x00000000  f5=0x00000000
     260465.000 ns	     26045	800056dc	404e0e33	sub	x28,x28,x4	 x28:0x00000001  x4:0x00000000 x28=0x00000001
     260475.000 ns	     26046	800056e0	014f2c33	slt	x24,x30,x20	 x30:0x00000072 x20:0x00000000 x24=0x00000000
     260495.000 ns	     26048	800056e4	024f5fb3	divu	x31,x30,x4	 x30:0x00000072  x4:0x00000000 x31=0xffffffff
     260525.000 ns	     26051	800056e8	a0c603d3	fle.s	x7,f12,f12	 f12:0x4f000411 f12:0x4f000411  x7=0x00000001
     260545.000 ns	     26053	800056ec	415958b3	sra	x17,x18,x21	 x18:0xfffffece x21:0x00000000 x17=0xfffffece
     260565.000 ns	     26055	800056f0	d01ff253	fcvt.s.wu	f4,x31	 x31:0xffffffff  f4=0x4f7fffff
     260595.000 ns	     26058	800056f4	a0ad8e53	fle.s	x28,f27,f10	 f27:0x7fc00000 f10:0x80000000 x28=0x00000000
     260635.000 ns	     26062	800056f8	5807ac53	fsqrt.s	f24,f15	 f15:0x7fc00000 f24=0x7fc00000
     260655.000 ns	     26064	800056fc	0bf5a637	lui	x12,0xbf5a	 x12=0x0bf5a000
     260665.000 ns	     26065	80005700	271e8913	addi	x18,x29,625	 x29:0x80041011 x18=0x80041282
     260685.000 ns	     26067	80005704	c01972d3	fcvt.wu.s	x5,f18	 f18:0x80000000  x5=0x00000000
     260715.000 ns	     26070	80005708	e0070e53	fmv.x.w	x28,f14	 f14:0x80000000 x28=0x80000000
     260745.000 ns	     26073	8000570c	21d480d3	fsgnj.s	f1,f9,f29	  f9:0x4e013ef9 f29:0x4f7fffff  f1=0x4e013ef9
     260775.000 ns	     26076	80005710	024f3c33	mulhu	x24,x30,x4	 x30:0x00000072  x4:0x00000000 x24=0x00000000
     260825.000 ns	     26081	80005714	09fe1dd3	fsub.s	f27,f28,f31	 f28:0x00000000 f31:0x4e013ef9 f27=0xce013ef9
     260845.000 ns	     26083	80005718	00000013	addi	x0,x0,0	  x0:0x00000000
     260875.000 ns	     26086	8000571c	100076d3	fmul.s	f13,f0,f0	  f0:0x4c800000  f0:0x4c800000 f13=0x59800000
     260895.000 ns	     26088	80005720	004d9033	sll	x0,x27,x4	 x27:0x00000000  x4:0x00000000
     260915.000 ns	     26090	80005724	d01e7353	fcvt.s.wu	f6,x28	 x28:0x80000000  f6=0x4f000000
     260935.000 ns	     26092	80005728	2ea6ea93	ori	x21,x13,746	 x13:0x80041024 x21=0x800412ee
     260955.000 ns	     26094	8000572c	f00f8e53	fmv.w.x	f28,x31	 x31:0xffffffff f28=0xffffffff
     260985.000 ns	     26097	80005730	211b9f53	fsgnjn.s	f30,f23,f17	 f23:0x7fc00000 f17:0x41100000 f30=0xffc00000
     261005.000 ns	     26099	80005734	01385533	srl	x10,x16,x19	 x16:0x00000000 x19:0x00000000 x10=0x00000000
     261045.000 ns	     26103	80005738	009a74d3	fadd.s	f9,f20,f9	 f20:0x00000000  f9:0x4e013ef9  f9=0x4e013ef9
     261065.000 ns	     26105	8000573c	cdd01017	auipc	x0,0xcdd01	
     261085.000 ns	     26107	80005740	a08019d3	flt.s	x19,f0,f8	  f0:0x4c800000  f8:0x00000000 x19=0x00000000
     261105.000 ns	     26109	80005744	00d50fb3	add	x31,x10,x13	 x10:0x00000000 x13:0x80041024 x31=0x80041024
     261125.000 ns	     26111	80005748	d009f4d3	fcvt.s.w	f9,x19	 x19:0x00000000  f9=0x00000000
     261155.000 ns	     26114	8000574c	033debb3	rem	x23,x27,x19	 x27:0x00000000 x19:0x00000000 x23=0x00000000
     261175.000 ns	     26116	80005750	017faeb3	slt	x29,x31,x23	 x31:0x80041024 x23:0xf8d6a148 x29=0x00000001
     261195.000 ns	     26118	80005754	c00bc653	fcvt.w.s	x12,f23	 f23:0x7fc00000 x12=0x7fffffff
     261245.000 ns	     26123	80005758	00e502d3	fadd.s	f5,f10,f14	 f10:0x80000000 f14:0x80000000  f5=0x80000000
     261285.000 ns	     26127	8000575c	18187cd3	fdiv.s	f25,f16,f1	 f16:0x00000000  f1:0x4e013ef9 f25=0x00000000
     261305.000 ns	     26129	80005760	40e25b33	sra	x22,x4,x14	  x4:0x00000000 x14:0x00000000 x22=0x00000000
     261345.000 ns	     26133	80005764	08eb78d3	fsub.s	f17,f22,f14	 f22:0xcf000411 f14:0x80000000 f17=0xcf000411
     261375.000 ns	     26136	80005768	c003f853	fcvt.w.s	x16,f7	  f7:0x4f7fffff x16=0x7fffffff
     261405.000 ns	     26139	8000576c	c0060853	fcvt.w.s	x16,f12	 f12:0x4f000411 x16=0x7fffffff
     261435.000 ns	     26142	80005770	e00b1153	fclass.s	x2,f22	 f22:0xcf000411  x2=0x00000002
     261465.000 ns	     26145	80005774	296d94d3	fmax.s	f9,f27,f22	 f27:0xce013ef9 f22:0xcf000411  f9=0xce013ef9
     261505.000 ns	     26149	80005778	10fa2ad3	fmul.s	f21,f20,f15	 f20:0x00000000 f15:0x7fc00000 f21=0x7fc00000
     261535.000 ns	     26152	8000577c	f0058753	fmv.w.x	f14,x11	 x11:0x00000009 f14=0x00000009
     261565.000 ns	     26155	80005780	a0822553	feq.s	x10,f4,f8	  f4:0x4f7fffff  f8:0x00000000 x10=0x00000000
     261615.000 ns	     26160	80005784	0873f253	fsub.s	f4,f7,f7	  f7:0x4f7fffff  f7:0x4f7fffff  f4=0x80000000
     261635.000 ns	     26162	80005788	01555e13	srli	x28,x10,0x15	 x10:0x00000000 x28=0x00000000
     261645.000 ns	     26163	8000578c	9a43a497	auipc	x9,0x9a43a	  x9=0x1a43f78c
     261665.000 ns	     26165	80005790	c00779d3	fcvt.w.s	x19,f14	 f14:0x00000009 x19=0x00000000
     261695.000 ns	     26168	80005794	212a9f53	fsgnjn.s	f30,f21,f18	 f21:0x7fc00000 f18:0x80000000 f30=0x7fc00000
     261715.000 ns	     26170	80005798	e8ec3b13	sltiu	x22,x24,-370	 x24:0x00000000 x22=0x00000001
     261735.000 ns	     26172	8000579c	29fd8cd3	fmin.s	f25,f27,f31	 f27:0xce013ef9 f31:0x4e013ef9 f25=0xce013ef9
     261755.000 ns	     26174	800057a0	00000013	addi	x0,x0,0	  x0:0x00000000
     261765.000 ns	     26175	800057a4	0195aeb3	slt	x29,x11,x25	 x11:0x00000009 x25:0x00000019 x29=0x00000001
     261785.000 ns	     26177	800057a8	c00eab53	fcvt.w.s	x22,f29	 f29:0x4f7fffff x22=0x7fffffff
     261815.000 ns	     26180	800057ac	288e1fd3	fmax.s	f31,f28,f8	 f28:0xffffffff  f8:0x00000000 f31=0x00000000
     261865.000 ns	     26185	800057b0	01fd8f53	fadd.s	f30,f27,f31	 f27:0xce013ef9 f31:0x4e013ef9 f30=0xce013ef9
     261885.000 ns	     26187	800057b4	0094c833	xor	x16,x9,x9	  x9:0x1a43f78c  x9:0x1a43f78c x16=0x00000000
     261905.000 ns	     26189	800057b8	0296b933	mulhu	x18,x13,x9	 x13:0x80041024  x9:0x1a43f78c x18=0x0d22667d
     262275.000 ns	     26226	800057bc	02654033	div	x0,x10,x6	 x10:0x00000000  x6:0x00000001
     262295.000 ns	     26228	800057c0	41cad033	sra	x0,x21,x28	 x21:0x800412ee x28:0x00000000
     262305.000 ns	     26229	800057c4	40480d33	sub	x26,x16,x4	 x16:0x00000000  x4:0x00000000 x26=0x00000000
     262335.000 ns	     26232	800057c8	58097953	fsqrt.s	f18,f18	 f18:0x80000000 f18=0x80000000
     262365.000 ns	     26235	800057cc	02497a33	remu	x20,x18,x4	 x18:0x0d22667d  x4:0x00000000 x20=0x0d22667d
     262385.000 ns	     26237	800057d0	01d3d4b3	srl	x9,x7,x29	  x7:0x00000001 x29:0x00000001  x9=0x00000000
     262405.000 ns	     26239	800057d4	21df23d3	fsgnjx.s	f7,f30,f29	 f30:0xce013ef9 f29:0x4f7fffff  f7=0xce013ef9
     262435.000 ns	     26242	800057d8	213e9853	fsgnjn.s	f16,f29,f19	 f29:0x4f7fffff f19:0x00000000 f16=0xcf7fffff
     262455.000 ns	     26244	800057dc	00e86bb3	or	x23,x16,x14	 x16:0x00000000 x14:0x00000000 x23=0x00000000
     262475.000 ns	     26246	800057e0	03b38bb3	mul	x23,x7,x27	  x7:0x00000001 x27:0x00000000 x23=0x00000000
     262505.000 ns	     26249	800057e4	03291733	mulh	x14,x18,x18	 x18:0x0d22667d x18:0x0d22667d x14=0x00ac8308
     262535.000 ns	     26252	800057e8	031031b3	mulhu	x3,x0,x17	  x0:0x00000000 x17:0xfffffece  x3=0x00000000
     262555.000 ns	     26254	800057ec	01ebdd93	srli	x27,x23,0x1e	 x23:0x00000000 x27=0x00000000
     262565.000 ns	     26255	800057f0	01029e33	sll	x28,x5,x16	  x5:0x00000000 x16:0x00000000 x28=0x00000000
     262575.000 ns	     26256	800057f4	014cb833	sltu	x16,x25,x20	 x25:0x00000019 x20:0x0d22667d x16=0x00000001
     262585.000 ns	     26257	800057f8	0035c333	xor	x6,x11,x3	 x11:0x00000009  x3:0x00000000  x6=0x00000009
     262605.000 ns	     26259	800057fc	c01e8ad3	fcvt.wu.s	x21,f29	 f29:0x4f7fffff x21=0xffffff00
     262635.000 ns	     26262	80005800	e00a8ed3	fmv.x.w	x29,f21	 f21:0x7fc00000 x29=0x7fc00000
     262685.000 ns	     26267	80005804	011a1953	fadd.s	f18,f20,f17	 f20:0x00000000 f17:0xcf000411 f18=0xcf000411
     262705.000 ns	     26269	80005808	40358833	sub	x16,x11,x3	 x11:0x00000009  x3:0x00000000 x16=0x00000009
     262715.000 ns	     26270	8000580c	41db8fb3	sub	x31,x23,x29	 x23:0x00000000 x29:0x7fc00000 x31=0x80400000
     262725.000 ns	     26271	80005810	f9f4c013	xori	x0,x9,-97	  x9:0x00000000
     262735.000 ns	     26272	80005814	00000013	addi	x0,x0,0	  x0:0x00000000
     262755.000 ns	     26274	80005818	e00508d3	fmv.x.w	x17,f10	 f10:0x80000000 x17=0x80000000
     262785.000 ns	     26277	8000581c	f00002d3	fmv.w.x	f5,x0	  x0:0x00000000  f5=0x00000000
     262805.000 ns	     26279	80005820	01e628b3	slt	x17,x12,x30	 x12:0x7fffffff x30:0x00000072 x17=0x00000000
     263165.000 ns	     26315	80005824	0306d133	divu	x2,x13,x16	 x13:0x80041024 x16:0x00000009  x2=0x0e395720
     263195.000 ns	     26318	80005828	f00f0453	fmv.w.x	f8,x30	 x30:0x00000072  f8=0x00000072
     263215.000 ns	     26320	8000582c	00141713	slli	x14,x8,0x1	  x8:0x80040fe4 x14=0x00081fc8
     263235.000 ns	     26322	80005830	0312ceb3	div	x29,x5,x17	  x5:0x00000000 x17:0x00000000 x29=0xffffffff
     263265.000 ns	     26325	80005834	216012d3	fsgnjn.s	f5,f0,f22	  f0:0x4c800000 f22:0xcf000411  f5=0x4c800000
     263295.000 ns	     26328	80005838	28509653	fmax.s	f12,f1,f5	  f1:0x4e013ef9  f5:0x00000000 f12=0x4e013ef9
     263315.000 ns	     26330	8000583c	008bdf93	srli	x31,x23,0x8	 x23:0x00000000 x31=0x00000000
     263335.000 ns	     26332	80005840	034f0fb3	mul	x31,x30,x20	 x30:0x00000072 x20:0x0d22667d x31=0xd951a3aa
     263355.000 ns	     26334	80005844	0002ba33	sltu	x20,x5,x0	  x5:0x00000000  x0:0x00000000 x20=0x00000000
     263365.000 ns	     26335	80005848	415e8eb3	sub	x29,x29,x21	 x29:0xffffffff x21:0xffffff00 x29=0x000000ff
     263385.000 ns	     26337	8000584c	e0061053	fclass.s	x0,f12	 f12:0x4e013ef9
     263405.000 ns	     26339	80005850	e3787a13	andi	x20,x16,-457	 x16:0x00000009 x20=0x00000001
     263425.000 ns	     26341	80005854	e0078153	fmv.x.w	x2,f15	 f15:0x7fc00000  x2=0x7fc00000
     263445.000 ns	     26343	80005858	00000013	addi	x0,x0,0	  x0:0x00000000
     263465.000 ns	     26345	8000585c	e00802d3	fmv.x.w	x5,f16	 f16:0xcf7fffff  x5=0xcf7fffff
     263495.000 ns	     26348	80005860	e00215d3	fclass.s	x11,f4	  f4:0x80000000 x11=0x00000008
     263525.000 ns	     26351	80005864	d0142453	fcvt.s.wu	f8,x8	  x8:0x80040fe4  f8=0x4f000410
     263555.000 ns	     26354	80005868	288386d3	fmin.s	f13,f7,f8	  f7:0xce013ef9  f8:0x00000072 f13=0xce013ef9
     263575.000 ns	     26356	8000586c	007c1bb3	sll	x23,x24,x7	 x24:0x00000000  x7:0x00000001 x23=0x00000000
     263595.000 ns	     26358	80005870	28581e53	fmax.s	f28,f16,f5	 f16:0xcf7fffff  f5:0x4c800000 f28=0x4c800000
     263615.000 ns	     26360	80005874	00000013	addi	x0,x0,0	  x0:0x00000000
     263635.000 ns	     26362	80005878	209425d3	fsgnjx.s	f11,f8,f9	  f8:0x4f000410  f9:0xce013ef9 f11=0xcf000410
     263665.000 ns	     26365	8000587c	02909ab3	mulh	x21,x1,x9	  x1:0x00000009  x9:0x00000000 x21=0x00000000
     263685.000 ns	     26367	80005880	00301713	slli	x14,x0,0x3	  x0:0x00000000 x14=0x00000000
     263705.000 ns	     26369	80005884	21070f53	fsgnj.s	f30,f14,f16	 f14:0x00000009 f16:0xcf7fffff f30=0x80000009
     263735.000 ns	     26372	80005888	e00792d3	fclass.s	x5,f15	 f15:0x7fc00000  x5=0x00000200
     263765.000 ns	     26375	8000588c	21579ed3	fsgnjn.s	f29,f15,f21	 f15:0x7fc00000 f21:0x7fc00000 f29=0xffc00000
     263785.000 ns	     26377	80005890	002cc633	xor	x12,x25,x2	 x25:0x00000019  x2:0x7fc00000 x12=0x7fc00019
     263795.000 ns	     26378	80005894	005808b3	add	x17,x16,x5	 x16:0x00000009  x5:0x00000200 x17=0x00000209
     263805.000 ns	     26379	80005898	6c1b0e13	addi	x28,x22,1729	 x22:0x7fffffff x28=0x800006c0
     263815.000 ns	     26380	8000589c	c82b4717	auipc	x14,0xc82b4	 x14=0x482b989c
     263825.000 ns	     26381	800058a0	589e7d93	andi	x27,x28,1417	 x28:0x00000000 x27=0x00000480
     263835.000 ns	     26382	800058a4	010734b3	sltu	x9,x14,x16	 x14:0x00000000 x16:0x00000009  x9=0x00000000
     263855.000 ns	     26384	800058a8	a0f81a53	flt.s	x20,f16,f15	 f16:0xcf7fffff f15:0x7fc00000 x20=0x00000000
     263885.000 ns	     26387	800058ac	f0068753	fmv.w.x	f14,x13	 x13:0x80041024 f14=0x80041024
     263905.000 ns	     26389	800058b0	00b337b3	sltu	x15,x6,x11	  x6:0x00000009 x11:0x00000008 x15=0x00000000
     263925.000 ns	     26391	800058b4	c0171153	fcvt.wu.s	x2,f14	 f14:0x80041024  x2=0x00000000
     263945.000 ns	     26393	800058b8	01843133	sltu	x2,x8,x24	  x8:0x80040fe4 x24:0x00000000  x2=0x00000000
     263965.000 ns	     26395	800058bc	028122b3	mulhsu	x5,x2,x8	  x2:0x00000000  x8:0x80040fe4  x5=0x00000000
     263995.000 ns	     26398	800058c0	299b03d3	fmin.s	f7,f22,f25	 f22:0xcf000411 f25:0xce013ef9  f7=0xcf000411
     264015.000 ns	     26400	800058c4	40f6d293	srai	x5,x13,0xf	 x13:0x80041024  x5=0xffff0008
     264035.000 ns	     26402	800058c8	e00683d3	fmv.x.w	x7,f13	 f13:0xce013ef9  x7=0xce013ef9
     264065.000 ns	     26405	800058cc	d01cf253	fcvt.s.wu	f4,x25	 x25:0x00000019  f4=0x41c80000
     264085.000 ns	     26407	800058d0	e270a593	slti	x11,x1,-473	  x1:0x00000009 x11=0x00000000
     264095.000 ns	     26408	800058d4	000dc233	xor	x4,x27,x0	 x27:0x00000480  x0:0x00000000  x4=0x00000480
     264115.000 ns	     26410	800058d8	c01d0253	fcvt.wu.s	x4,f26	 f26:0x00000000  x4=0x00000000
     264145.000 ns	     26413	800058dc	f0050953	fmv.w.x	f18,x10	 x10:0x00000000 f18=0x00000000
     264175.000 ns	     26416	800058e0	28631953	fmax.s	f18,f6,f6	  f6:0x4f000000  f6:0x4f000000 f18=0x4f000000
     264205.000 ns	     26419	800058e4	d00d13d3	fcvt.s.w	f7,x26	 x26:0x00000000  f7=0x00000000
     264235.000 ns	     26422	800058e8	29f28253	fmin.s	f4,f5,f31	  f5:0x4c800000 f31:0x00000000  f4=0x00000000
     264255.000 ns	     26424	800058ec	00ba8d33	add	x26,x21,x11	 x21:0x00000000 x11:0x00000000 x26=0x00000000
     264275.000 ns	     26426	800058f0	29a514d3	fmax.s	f9,f10,f26	 f10:0x80000000 f26:0x00000000  f9=0x00000000
     264305.000 ns	     26429	800058f4	03452f33	mulhsu	x30,x10,x20	 x10:0x00000000 x20:0x00000000 x30=0x00000000
     264325.000 ns	     26431	800058f8	00600833	add	x16,x0,x6	  x0:0x00000000  x6:0x00000009 x16=0x00000009
     265495.000 ns	     26548	800058fc	580291d3	fsqrt.s	f3,f5	  f5:0x4c800000  f3=0x45ffffae
     265515.000 ns	     26550	80005900	017d7d33	and	x26,x26,x23	 x26:0x00000000 x23:0x00000000 x26=0x00000000
     265535.000 ns	     26552	80005904	206b2a53	fsgnjx.s	f20,f22,f6	 f22:0xcf000411  f6:0x4f000000 f20=0xcf000411
     265555.000 ns	     26554	80005908	56eba893	slti	x17,x23,1390	 x23:0x00000000 x17=0x00000001
     265575.000 ns	     26556	8000590c	209500d3	fsgnj.s	f1,f10,f9	 f10:0x80000000  f9:0x00000000  f1=0x00000000
     265605.000 ns	     26559	80005910	02f442b3	div	x5,x8,x15	  x8:0x80040fe4 x15:0x00000000  x5=0xffffffff
     265625.000 ns	     26561	80005914	1139b593	sltiu	x11,x19,275	 x19:0x00000000 x11=0x00000001
     265645.000 ns	     26563	80005918	a14c2e53	feq.s	x28,f24,f20	 f24:0x7fc00000 f20:0xcf000411 x28=0x00000000
     265665.000 ns	     26565	8000591c	406d5993	srai	x19,x26,0x6	 x26:0x00000000 x19=0x00000000
     265685.000 ns	     26567	80005920	d002f8d3	fcvt.s.w	f17,x5	  x5:0xffffffff f17=0xbf800000
     265715.000 ns	     26570	80005924	029859b3	divu	x19,x16,x9	 x16:0x00000009  x9:0x00000000 x19=0xffffffff
     265745.000 ns	     26573	80005928	a15b2cd3	feq.s	x25,f22,f21	 f22:0xcf000411 f21:0x7fc00000 x25=0x00000000
     265775.000 ns	     26576	8000592c	0393abb3	mulhsu	x23,x7,x25	  x7:0xce013ef9 x25:0x00000019 x23=0x00000000
     265795.000 ns	     26578	80005930	0071fe33	and	x28,x3,x7	  x3:0x00000000  x7:0xce013ef9 x28=0x00000000
     265805.000 ns	     26579	80005934	41550eb3	sub	x29,x10,x21	 x10:0x00000000 x21:0x00000000 x29=0x00000000
     265815.000 ns	     26580	80005938	017bdd13	srli	x26,x23,0x17	 x23:0x00000000 x26=0x00000000
     265825.000 ns	     26581	8000593c	019f0db3	add	x27,x30,x25	 x30:0x00000000 x25:0x00000000 x27=0x00000000
     265835.000 ns	     26582	80005940	4d3effb7	lui	x31,0x4d3ef	 x31=0x4d3ef000
     265855.000 ns	     26584	80005944	e00199d3	fclass.s	x19,f3	  f3:0x45ffffae x19=0x00000040
     265885.000 ns	     26587	80005948	a0861dd3	flt.s	x27,f12,f8	 f12:0x4e013ef9  f8:0x4f000410 x27=0x00000001
     265915.000 ns	     26590	8000594c	02c00ab3	mul	x21,x0,x12	  x0:0x00000000 x12:0x7fc00019 x21=0x00000000
     265965.000 ns	     26595	80005950	09c816d3	fsub.s	f13,f16,f28	 f16:0xcf7fffff f28:0x4c800000 f13=0xcf81ffff
     265985.000 ns	     26597	80005954	afd10617	auipc	x12,0xafd10	 x12=0x2fd15954
     266005.000 ns	     26599	80005958	03273d33	mulhu	x26,x14,x18	 x14:0x482b989c x18:0x0d22667d x26=0x03b3e96e
     266035.000 ns	     26602	8000595c	039b8eb3	mul	x29,x23,x25	 x23:0x00000000 x25:0x00000000 x29=0x00000000
     266065.000 ns	     26605	80005960	20d98e53	fsgnj.s	f28,f19,f13	 f19:0x00000000 f13:0xcf81ffff f28=0x80000000
     266435.000 ns	     26642	80005964	027ed533	divu	x10,x29,x7	 x29:0x00000000  x7:0xce013ef9 x10=0x00000000
     266455.000 ns	     26644	80005968	01625833	srl	x16,x4,x22	  x4:0x00000000 x22:0x7fffffff x16=0x00000000
     266475.000 ns	     26646	8000596c	28470ad3	fmin.s	f21,f14,f4	 f14:0x80041024  f4:0x00000000 f21=0x80041024
     266505.000 ns	     26649	80005970	d0007a53	fcvt.s.w	f20,x0	  x0:0x00000000 f20=0x00000000
     266535.000 ns	     26652	80005974	299a8853	fmin.s	f16,f21,f25	 f21:0x80041024 f25:0xce013ef9 f16=0xce013ef9
     267715.000 ns	     26770	80005978	5802cbd3	fsqrt.s	f23,f5	  f5:0x4c800000 f23=0x45ffffae
     267765.000 ns	     26775	8000597c	082c9853	fsub.s	f16,f25,f2	 f25:0xce013ef9  f2:0x00000000 f16=0xce013ef9
     267795.000 ns	     26778	80005980	20cd8253	fsgnj.s	f4,f27,f12	 f27:0xce013ef9 f12:0x4e013ef9  f4=0x4e013ef9
     267825.000 ns	     26781	80005984	206aad53	fsgnjx.s	f26,f21,f6	 f21:0x80041024  f6:0x4f000000 f26=0x80041024
     267855.000 ns	     26784	80005988	a1f11b53	flt.s	x22,f2,f31	  f2:0x00000000 f31:0x00000000 x22=0x00000000
     267875.000 ns	     26786	8000598c	d724ba13	sltiu	x20,x9,-654	  x9:0x00000000 x20=0x00000001
     267895.000 ns	     26788	80005990	294186d3	fmin.s	f13,f3,f20	  f3:0x45ffffae f20:0x00000000 f13=0x00000000
     267925.000 ns	     26791	80005994	215aa453	fsgnjx.s	f8,f21,f21	 f21:0x80041024 f21:0x80041024  f8=0x00041024
     267945.000 ns	     26793	80005998	bb0aca93	xori	x21,x21,-1104	 x21:0x00000000 x21=0xfffffbb0
     267965.000 ns	     26795	8000599c	e0079cd3	fclass.s	x25,f15	 f15:0x7fc00000 x25=0x00000200
     267995.000 ns	     26798	800059a0	214e15d3	fsgnjn.s	f11,f28,f20	 f28:0x80000000 f20:0x00000000 f11=0x80000000
     268015.000 ns	     26800	800059a4	78305137	lui	x2,0x78305	  x2=0x78305000
     268025.000 ns	     26801	800059a8	00d222b3	slt	x5,x4,x13	  x4:0x00000000 x13:0x80041024  x5=0x00000000
     268035.000 ns	     26802	800059ac	009aa7b3	slt	x15,x21,x9	 x21:0xfffffbb0  x9:0x00000000 x15=0x00000001
     268055.000 ns	     26804	800059b0	218492d3	fsgnjn.s	f5,f9,f24	  f9:0x00000000 f24:0x7fc00000  f5=0x80000000
     268105.000 ns	     26809	800059b4	01337353	fadd.s	f6,f6,f19	  f6:0x4f000000 f19:0x00000000  f6=0x4f000000
     268135.000 ns	     26812	800059b8	026a0e33	mul	x28,x20,x6	 x20:0x00000001  x6:0x00000009 x28=0x00000009
     268155.000 ns	     26814	800059bc	01015033	srl	x0,x2,x16	  x2:0x78305000 x16:0x00000000
     268165.000 ns	     26815	800059c0	41e38fb3	sub	x31,x7,x30	  x7:0xce013ef9 x30:0x00000000 x31=0xce013ef9
     268175.000 ns	     26816	800059c4	00260033	add	x0,x12,x2	 x12:0x2fd15954  x2:0x78305000
     268195.000 ns	     26818	800059c8	e00612d3	fclass.s	x5,f12	 f12:0x4e013ef9  x5=0x00000040
     268215.000 ns	     26820	800059cc	24a2ea17	auipc	x20,0x24a2e	 x20=0xa4a339cc
     268225.000 ns	     26821	800059d0	d88be593	ori	x11,x23,-632	 x23:0x00000000 x11=0xfffffd88
     268245.000 ns	     26823	800059d4	20af23d3	fsgnjx.s	f7,f30,f10	 f30:0x80000009 f10:0x80000000  f7=0x00000009
     268265.000 ns	     26825	800059d8	1e4c0993	addi	x19,x24,484	 x24:0x00000000 x19=0x000001e4
     268275.000 ns	     26826	800059dc	015de4b3	or	x9,x27,x21	 x27:0x00000001 x21:0xfffffbb0  x9=0xfffffbb1
     268295.000 ns	     26828	800059e0	a098a253	feq.s	x4,f17,f9	 f17:0xbf800000  f9:0x00000000  x4=0x00000000
     268315.000 ns	     26830	800059e4	002a53b3	srl	x7,x20,x2	 x20:0xa4a339cc  x2:0x78305000  x7=0xa4a339cc
     268335.000 ns	     26832	800059e8	d0057453	fcvt.s.w	f8,x10	 x10:0x00000000  f8=0x00000000
     268355.000 ns	     26834	800059ec	403dd033	sra	x0,x27,x3	 x27:0x00000001  x3:0x00000000
     268365.000 ns	     26835	800059f0	00bf73b3	and	x7,x30,x11	 x30:0x00000000 x11:0xfffffd88  x7=0x00000000
     268375.000 ns	     26836	800059f4	e7c8b513	sltiu	x10,x17,-388	 x17:0x00000001 x10=0x00000001
     268405.000 ns	     26839	800059f8	11c0f153	fmul.s	f2,f1,f28	  f1:0x00000000 f28:0x80000000  f2=0x80000000
     268435.000 ns	     26842	800059fc	c0077ed3	fcvt.w.s	x29,f14	 f14:0x80041024 x29=0x00000000
     268455.000 ns	     26844	80005a00	016d5293	srli	x5,x26,0x16	 x26:0x03b3e96e  x5=0x0000000e
     268465.000 ns	     26845	80005a04	01563933	sltu	x18,x12,x21	 x12:0x2fd15954 x21:0xfffffbb0 x18=0x00000001
     268475.000 ns	     26846	80005a08	00f0d593	srli	x11,x1,0xf	  x1:0x00000009 x11=0x00000000
     268485.000 ns	     26847	80005a0c	40315393	srai	x7,x2,0x3	  x2:0x78305000  x7=0x0f060a00
     268505.000 ns	     26849	80005a10	036a1cb3	mulh	x25,x20,x22	 x20:0xa4a339cc x22:0x00000000 x25=0x00000000
     268535.000 ns	     26852	80005a14	21f58653	fsgnj.s	f12,f11,f31	 f11:0x80000000 f31:0x00000000 f12=0x00000000
     268565.000 ns	     26855	80005a18	200eaad3	fsgnjx.s	f21,f29,f0	 f29:0xffc00000  f0:0x4c800000 f21=0xffc00000
     268595.000 ns	     26858	80005a1c	c01147d3	fcvt.wu.s	x15,f2	  f2:0x80000000 x15=0x00000000
     268615.000 ns	     26860	80005a20	2899edb7	lui	x27,0x2899e	 x27=0x2899e000
     268625.000 ns	     26861	80005a24	41d209b3	sub	x19,x4,x29	  x4:0x00000000 x29:0x00000000 x19=0x00000000
     268635.000 ns	     26862	80005a28	014ed633	srl	x12,x29,x20	 x29:0x00000000 x20:0xa4a339cc x12=0x00000000
     268665.000 ns	     26865	80005a2c	1876f0d3	fdiv.s	f1,f13,f7	 f13:0x00000000  f7:0x00000009  f1=0x00000000
     268685.000 ns	     26867	80005a30	01bdebb3	or	x23,x27,x27	 x27:0x2899e000 x27:0x2899e000 x23=0x2899e000
     268705.000 ns	     26869	80005a34	f00187d3	fmv.w.x	f15,x3	  x3:0x00000000 f15=0x00000000
     268745.000 ns	     26873	80005a38	198603d3	fdiv.s	f7,f12,f24	 f12:0x00000000 f24:0x7fc00000  f7=0x7fc00000
     268775.000 ns	     26876	80005a3c	c0107ad3	fcvt.wu.s	x21,f0	  f0:0x4c800000 x21=0x04000000
     268805.000 ns	     26879	80005a40	028718b3	mulh	x17,x14,x8	 x14:0x482b989c  x8:0x80040fe4 x17=0xdbeb58db
     268845.000 ns	     26883	80005a44	10f010d3	fmul.s	f1,f0,f15	  f0:0x4c800000 f15:0x00000000  f1=0x00000000
     268875.000 ns	     26886	80005a48	a12a2b53	feq.s	x22,f20,f18	 f20:0x00000000 f18:0x4f000000 x22=0x00000000
     268895.000 ns	     26888	80005a4c	f2b2b213	sltiu	x4,x5,-213	  x5:0x0000000e  x4=0x00000001
     268925.000 ns	     26891	80005a50	11e777d3	fmul.s	f15,f14,f30	 f14:0x80041024 f30:0x80000009 f15=0x00000000
     268955.000 ns	     26894	80005a54	c011f553	fcvt.wu.s	x10,f3	  f3:0x45ffffae x10=0x00001fff
     268975.000 ns	     26896	80005a58	ebbec717	auipc	x14,0xebbec	 x14=0x6bbf1a58
     269335.000 ns	     26932	80005a5c	025fc8b3	div	x17,x31,x5	 x31:0xce013ef9  x5:0x0000000e x17=0xfc6dcda5
     269365.000 ns	     26935	80005a60	034c9033	mulh	x0,x25,x20	 x25:0x00000000 x20:0xa4a339cc
     269395.000 ns	     26938	80005a64	f00b0453	fmv.w.x	f8,x22	 x22:0x00000000  f8=0x00000000
     269425.000 ns	     26941	80005a68	d010a3d3	fcvt.s.wu	f7,x1	  x1:0x00000009  f7=0x41100000
     269455.000 ns	     26944	80005a6c	21c20853	fsgnj.s	f16,f4,f28	  f4:0x4e013ef9 f28:0x80000000 f16=0xce013ef9
     269485.000 ns	     26947	80005a70	f00c0553	fmv.w.x	f10,x24	 x24:0x00000000 f10=0x00000000
     269515.000 ns	     26950	80005a74	02ac8133	mul	x2,x25,x10	 x25:0x00000000 x10:0x00001fff  x2=0x00000000
     269555.000 ns	     26954	80005a78	1075fe53	fmul.s	f28,f11,f7	 f11:0x80000000  f7:0x41100000 f28=0x80000000
     269585.000 ns	     26957	80005a7c	202c13d3	fsgnjn.s	f7,f24,f2	 f24:0x7fc00000  f2:0x80000000  f7=0x7fc00000
     269605.000 ns	     26959	80005a80	013ecbb3	xor	x23,x29,x19	 x29:0x00000000 x19:0x00000000 x23=0x00000000
     269615.000 ns	     26960	80005a84	01541913	slli	x18,x8,0x15	  x8:0x80040fe4 x18=0xfc800000
     269635.000 ns	     26962	80005a88	035325b3	mulhsu	x11,x6,x21	  x6:0x00000009 x21:0x04000000 x11=0x00000000
     269655.000 ns	     26964	80005a8c	ef7de993	ori	x19,x27,-265	 x27:0x2899e000 x19=0xfffffef7
     269665.000 ns	     26965	80005a90	4175d213	srai	x4,x11,0x17	 x11:0x00000000  x4=0x00000000
     269685.000 ns	     26967	80005a94	a18d15d3	flt.s	x11,f26,f24	 f26:0x80041024 f24:0x7fc00000 x11=0x00000000
     269705.000 ns	     26969	80005a98	408682b3	sub	x5,x13,x8	 x13:0x80041024  x8:0x80040fe4  x5=0x00000040
     269715.000 ns	     26970	80005a9c	b4b76513	ori	x10,x14,-1205	 x14:0x6bbf1a58 x10=0xfffffb5b
     269735.000 ns	     26972	80005aa0	20078053	fsgnj.s	f0,f15,f0	 f15:0x00000000  f0:0x4c800000  f0=0x00000000
     269755.000 ns	     26974	80005aa4	40a25d93	srai	x27,x4,0xa	  x4:0x00000000 x27=0x00000000
     269775.000 ns	     26976	80005aa8	03e2d233	divu	x4,x5,x30	  x5:0x00000040 x30:0x00000000  x4=0xffffffff
     269805.000 ns	     26979	80005aac	02671233	mulh	x4,x14,x6	 x14:0x6bbf1a58  x6:0x00000009  x4=0x00000003
     269835.000 ns	     26982	80005ab0	a0ae14d3	flt.s	x9,f28,f10	 f28:0x80000000 f10:0x00000000  x9=0x00000000
     269855.000 ns	     26984	80005ab4	41e05493	srai	x9,x0,0x1e	  x0:0x00000000  x9=0x00000000
     269875.000 ns	     26986	80005ab8	03896033	rem	x0,x18,x24	 x18:0xfc800000 x24:0x00000000
     269895.000 ns	     26988	80005abc	406281b3	sub	x3,x5,x6	  x5:0x00000040  x6:0x00000009  x3=0x00000037
     269905.000 ns	     26989	80005ac0	00335a93	srli	x21,x6,0x3	  x6:0x00000009 x21=0x00000001
     269915.000 ns	     26990	80005ac4	41bdda13	srai	x20,x27,0x1b	 x27:0x00000000 x20=0x00000000
     269925.000 ns	     26991	80005ac8	015947b3	xor	x15,x18,x21	 x18:0xfc800000 x21:0x04000000 x15=0xfc800001
     269945.000 ns	     26993	80005acc	03906933	rem	x18,x0,x25	  x0:0x00000000 x25:0x00000000 x18=0x00000000
     269975.000 ns	     26996	80005ad0	299a8ad3	fmin.s	f21,f21,f25	 f21:0xffc00000 f25:0xce013ef9 f21=0xce013ef9
     269995.000 ns	     26998	80005ad4	0158df93	srli	x31,x17,0x15	 x17:0xfc6dcda5 x31=0x000007e3
     270015.000 ns	     27000	80005ad8	02ee9d33	mulh	x26,x29,x14	 x29:0x00000000 x14:0x6bbf1a58 x26=0x00000000
     270035.000 ns	     27002	80005adc	9c7d2213	slti	x4,x26,-1593	 x26:0x03b3e96e  x4=0x00000000
     270055.000 ns	     27004	80005ae0	20498353	fsgnj.s	f6,f19,f4	 f19:0x00000000  f4:0x4e013ef9  f6=0x00000000
     270095.000 ns	     27008	80005ae4	5803b653	fsqrt.s	f12,f7	  f7:0x7fc00000 f12=0x7fc00000
     270125.000 ns	     27011	80005ae8	e00511d3	fclass.s	x3,f10	 f10:0x00000000  x3=0x00000010
     270145.000 ns	     27013	80005aec	b74e3617	auipc	x12,0xb74e3	 x12=0x374e8aec
     270175.000 ns	     27016	80005af0	1098f353	fmul.s	f6,f17,f9	 f17:0xbf800000  f9:0x00000000  f6=0x80000000
     270195.000 ns	     27018	80005af4	a1d42f13	slti	x30,x8,-1507	  x8:0x80040fe4 x30=0x00000001
     270205.000 ns	     27019	80005af8	74010493	addi	x9,x2,1856	  x2:0x00000000  x9=0x00000740
     270215.000 ns	     27020	80005afc	417a5d13	srai	x26,x20,0x17	 x20:0x00000000 x26=0x00000000
     270235.000 ns	     27022	80005b00	f00e8453	fmv.w.x	f8,x29	 x29:0x00000000  f8=0x00000000
     270265.000 ns	     27025	80005b04	03806b33	rem	x22,x0,x24	  x0:0x00000000 x24:0x00000000 x22=0x00000000
     270285.000 ns	     27027	80005b08	40265833	sra	x16,x12,x2	 x12:0x374e8aec  x2:0x00000000 x16=0x374e8aec
     270305.000 ns	     27029	80005b0c	d01004d3	fcvt.s.wu	f9,x0	  x0:0x00000000  f9=0x00000000
     270325.000 ns	     27031	80005b10	b9710637	lui	x12,0xb9710	 x12=0xb9710000
     270345.000 ns	     27033	80005b14	d013c7d3	fcvt.s.wu	f15,x7	  x7:0x0f060a00 f15=0x4d7060a0
     270385.000 ns	     27037	80005b18	189e7bd3	fdiv.s	f23,f28,f9	 f28:0x80000000  f9:0x00000000 f23=0x7fc00000
     270435.000 ns	     27042	80005b1c	09d13e53	fsub.s	f28,f2,f29	  f2:0x80000000 f29:0xffc00000 f28=0x7fc00000
     270455.000 ns	     27044	80005b20	010bd113	srli	x2,x23,0x10	 x23:0x00000000  x2=0x00000000
     270475.000 ns	     27046	80005b24	e00988d3	fmv.x.w	x17,f19	 f19:0x00000000 x17=0x00000000
     270495.000 ns	     27048	80005b28	116ef013	andi	x0,x29,278	 x29:0x00000000
     270505.000 ns	     27049	80005b2c	417f5213	srai	x4,x30,0x17	 x30:0x00000001  x4=0x00000000
     270525.000 ns	     27051	80005b30	02256bb3	rem	x23,x10,x2	 x10:0xfffffb5b  x2:0x00000000 x23=0xfffffb5b
     270555.000 ns	     27054	80005b34	039a0cb3	mul	x25,x20,x25	 x20:0x00000000 x25:0x00000000 x25=0x00000000
     270585.000 ns	     27057	80005b38	20412553	fsgnjx.s	f10,f2,f4	  f2:0x80000000  f4:0x4e013ef9 f10=0x80000000
     270615.000 ns	     27060	80005b3c	a1962a53	feq.s	x20,f12,f25	 f12:0x7fc00000 f25:0xce013ef9 x20=0x00000000
     270645.000 ns	     27063	80005b40	a0b695d3	flt.s	x11,f13,f11	 f13:0x00000000 f11:0x80000000 x11=0x00000000
     271825.000 ns	     27181	80005b44	5807b6d3	fsqrt.s	f13,f15	 f15:0x4d7060a0 f13=0x4629f8eb
     271845.000 ns	     27183	80005b48	01b6be33	sltu	x28,x13,x27	 x13:0x80041024 x27:0x00000000 x28=0x00000000
     271855.000 ns	     27184	80005b4c	41b7dfb3	sra	x31,x15,x27	 x15:0xfc800001 x27:0x00000000 x31=0xfc800001
     271865.000 ns	     27185	80005b50	2388f213	andi	x4,x17,568	 x17:0x00000000  x4=0x00000000
     271895.000 ns	     27188	80005b54	580eced3	fsqrt.s	f29,f29	 f29:0xffc00000 f29=0x7fc00000
     271935.000 ns	     27192	80005b58	1861f553	fdiv.s	f10,f3,f6	  f3:0x45ffffae  f6:0x80000000 f10=0xff800000
     271985.000 ns	     27197	80005b5c	0857f753	fsub.s	f14,f15,f5	 f15:0x4d7060a0  f5:0x80000000 f14=0x4d7060a0
     273035.000 ns	     27302	80005b60	5807fdd3	fsqrt.s	f27,f15	 f15:0x4d7060a0 f27=0x4629f8eb
     273055.000 ns	     27304	80005b64	797048b7	lui	x17,0x79704	 x17=0x79704000
     273085.000 ns	     27307	80005b68	19d1fc53	fdiv.s	f24,f3,f29	  f3:0x45ffffae f29:0x7fc00000 f24=0x7fc00000
     273125.000 ns	     27311	80005b6c	1151fdd3	fmul.s	f27,f3,f21	  f3:0x45ffffae f21:0xce013ef9 f27=0xd4813ed0
     273155.000 ns	     27314	80005b70	0239b2b3	mulhu	x5,x19,x3	 x19:0xfffffef7  x3:0x00000010  x5=0x0000000f
     273175.000 ns	     27316	80005b74	01fa0333	add	x6,x20,x31	 x20:0x00000000 x31:0xfc800001  x6=0xfc800001
     273195.000 ns	     27318	80005b78	a00304d3	fle.s	x9,f6,f0	  f6:0x80000000  f0:0x00000000  x9=0x00000001
     273225.000 ns	     27321	80005b7c	e0068ed3	fmv.x.w	x29,f13	 f13:0x4629f8eb x29=0x4629f8eb
     273255.000 ns	     27324	80005b80	e00e9b53	fclass.s	x22,f29	 f29:0x7fc00000 x22=0x00000200
     273275.000 ns	     27326	80005b84	00cffcb3	and	x25,x31,x12	 x31:0xfc800001 x12:0xb9710000 x25=0xb8000000
     273635.000 ns	     27362	80005b88	028e54b3	divu	x9,x28,x8	 x28:0x00000000  x8:0x80040fe4  x9=0x00000000
     273655.000 ns	     27364	80005b8c	4e193637	lui	x12,0x4e193	 x12=0x4e193000
     273665.000 ns	     27365	80005b90	7541d037	lui	x0,0x7541d	
     273685.000 ns	     27367	80005b94	213624d3	fsgnjx.s	f9,f12,f19	 f12:0x7fc00000 f19:0x00000000  f9=0x7fc00000
     273705.000 ns	     27369	80005b98	00fcddb3	srl	x27,x25,x15	 x25:0xb8000000 x15:0xfc800001 x27=0x5c000000
     273715.000 ns	     27370	80005b9c	cdc5af13	slti	x30,x11,-804	 x11:0x00000000 x30=0x00000000
     273735.000 ns	     27372	80005ba0	d00678d3	fcvt.s.w	f17,x12	 x12:0x4e193000 f17=0x4e9c3260
     273765.000 ns	     27375	80005ba4	022964b3	rem	x9,x18,x2	 x18:0x00000000  x2:0x00000000  x9=0x00000000
     273795.000 ns	     27378	80005ba8	03a1a4b3	mulhsu	x9,x3,x26	  x3:0x00000010 x26:0x00000000  x9=0x00000000
     273825.000 ns	     27381	80005bac	28550c53	fmin.s	f24,f10,f5	 f10:0xff800000  f5:0x80000000 f24=0xff800000
     273855.000 ns	     27384	80005bb0	e00c9f53	fclass.s	x30,f25	 f25:0xce013ef9 x30=0x00000002
     273875.000 ns	     27386	80005bb4	015334b3	sltu	x9,x6,x21	  x6:0xfc800001 x21:0x00000001  x9=0x00000000
     273895.000 ns	     27388	80005bb8	c016f353	fcvt.wu.s	x6,f13	 f13:0x4629f8eb  x6=0x00002a7e
     273935.000 ns	     27392	80005bbc	1931c1d3	fdiv.s	f3,f3,f19	  f3:0x45ffffae f19:0x00000000  f3=0x7f800000
     273965.000 ns	     27395	80005bc0	c01bf853	fcvt.wu.s	x16,f23	 f23:0x7fc00000 x16=0xffffffff
     273995.000 ns	     27398	80005bc4	219e9a53	fsgnjn.s	f20,f29,f25	 f29:0x7fc00000 f25:0xce013ef9 f20=0x7fc00000
     274045.000 ns	     27403	80005bc8	006db453	fadd.s	f8,f27,f6	 f27:0xd4813ed0  f6:0x80000000  f8=0xd4813ed0
     274065.000 ns	     27405	80005bcc	013892b3	sll	x5,x17,x19	 x17:0x79704000 x19:0xfffffef7  x5=0x00000000
     274075.000 ns	     27406	80005bd0	41518b33	sub	x22,x3,x21	  x3:0x00000010 x21:0x00000001 x22=0x0000000f
     274085.000 ns	     27407	80005bd4	00000013	addi	x0,x0,0	  x0:0x00000000
     274115.000 ns	     27410	80005bd8	194b9ed3	fdiv.s	f29,f23,f20	 f23:0x7fc00000 f20:0x7fc00000 f29=0x7fc00000
     274135.000 ns	     27412	80005bdc	411ed533	sra	x10,x29,x17	 x29:0x4629f8eb x17:0x79704000 x10=0x4629f8eb
     274155.000 ns	     27414	80005be0	a0c79a53	flt.s	x20,f15,f12	 f15:0x4d7060a0 f12:0x7fc00000 x20=0x00000000
     274185.000 ns	     27417	80005be4	0359b733	mulhu	x14,x19,x21	 x19:0xfffffef7 x21:0x00000001 x14=0x00000000
     274205.000 ns	     27419	80005be8	d30d0713	addi	x14,x26,-720	 x26:0x00000000 x14=0xfffffd30
     274215.000 ns	     27420	80005bec	05b17193	andi	x3,x2,91	  x2:0x00000000  x3=0x00000000
     274245.000 ns	     27423	80005bf0	580ef953	fsqrt.s	f18,f29	 f29:0x7fc00000 f18=0x7fc00000
     274265.000 ns	     27425	80005bf4	a9660d93	addi	x27,x12,-1386	 x12:0x4e193000 x27=0x4e192a96
     274295.000 ns	     27428	80005bf8	5805ff53	fsqrt.s	f30,f11	 f11:0x80000000 f30=0x80000000
     274315.000 ns	     27430	80005bfc	88a16513	ori	x10,x2,-1910	  x2:0x00000000 x10=0xfffff88a
     274325.000 ns	     27431	80005c00	175bc313	xori	x6,x23,373	 x23:0xfffffb5b  x6=0xfffffa2e
     274335.000 ns	     27432	80005c04	002a59b3	srl	x19,x20,x2	 x20:0x00000000  x2:0x00000000 x19=0x00000000
     274355.000 ns	     27434	80005c08	c0070bd3	fcvt.w.s	x23,f14	 f14:0x4d7060a0 x23=0x0f060a00
     274375.000 ns	     27436	80005c0c	40b78213	addi	x4,x15,1035	 x15:0xfc800001  x4=0xfc80040c
     274385.000 ns	     27437	80005c10	00000013	addi	x0,x0,0	  x0:0x00000000
     274405.000 ns	     27439	80005c14	29618553	fmin.s	f10,f3,f22	  f3:0x7f800000 f22:0xcf000411 f10=0xcf000411
     274435.000 ns	     27442	80005c18	a12b9153	flt.s	x2,f23,f18	 f23:0x7fc00000 f18:0x7fc00000  x2=0x00000000
     274805.000 ns	     27479	80005c1c	0284fbb3	remu	x23,x9,x8	  x9:0x00000000  x8:0x80040fe4 x23=0x00000000
     274835.000 ns	     27482	80005c20	205ba4d3	fsgnjx.s	f9,f23,f5	 f23:0x7fc00000  f5:0x80000000  f9=0xffc00000
     274865.000 ns	     27485	80005c24	a191a053	feq.s	x0,f3,f25	  f3:0x7f800000 f25:0xce013ef9
     274895.000 ns	     27488	80005c28	a03c8753	fle.s	x14,f25,f3	 f25:0xce013ef9  f3:0x7f800000 x14=0x00000001
     274925.000 ns	     27491	80005c2c	c0164a53	fcvt.wu.s	x20,f12	 f12:0x7fc00000 x20=0xffffffff
     274955.000 ns	     27494	80005c30	02dc1f33	mulh	x30,x24,x13	 x24:0x00000000 x13:0x80041024 x30=0x00000000
     274975.000 ns	     27496	80005c34	cb64c193	xori	x3,x9,-842	  x9:0x00000000  x3=0xfffffcb6
     274985.000 ns	     27497	80005c38	01d7c833	xor	x16,x15,x29	 x15:0xfc800001 x29:0x4629f8eb x16=0xbaa9f8ea
     275025.000 ns	     27501	80005c3c	080495d3	fsub.s	f11,f9,f0	  f9:0xffc00000  f0:0x00000000 f11=0x7fc00000
     275045.000 ns	     27503	80005c40	58776993	ori	x19,x14,1415	 x14:0x00000001 x19=0x00000587
     275065.000 ns	     27505	80005c44	d006f6d3	fcvt.s.w	f13,x13	 x13:0x80041024 f13=0xcefff7df
     275115.000 ns	     27510	80005c48	084ef1d3	fsub.s	f3,f29,f4	 f29:0x7fc00000  f4:0x4e013ef9  f3=0x7fc00000
     275165.000 ns	     27515	80005c4c	0845fed3	fsub.s	f29,f11,f4	 f11:0x7fc00000  f4:0x4e013ef9 f29=0x7fc00000
     275185.000 ns	     27517	80005c50	41225193	srai	x3,x4,0x12	  x4:0xfc80040c  x3=0xffffff20
     275205.000 ns	     27519	80005c54	290e8cd3	fmin.s	f25,f29,f16	 f29:0x7fc00000 f16:0xce013ef9 f25=0xce013ef9
     275235.000 ns	     27522	80005c58	f0020fd3	fmv.w.x	f31,x4	  x4:0xfc80040c f31=0xfc80040c
     275285.000 ns	     27527	80005c5c	001fc6d3	fadd.s	f13,f31,f1	 f31:0x00000000  f1:0x00000000 f13=0xfc80040c
     275325.000 ns	     27531	80005c60	113071d3	fmul.s	f3,f0,f19	  f0:0x00000000 f19:0x00000000  f3=0x00000000
     275355.000 ns	     27534	80005c64	02087bb3	remu	x23,x16,x0	 x16:0xbaa9f8ea  x0:0x00000000 x23=0xbaa9f8ea
     275375.000 ns	     27536	80005c68	40080b33	sub	x22,x16,x0	 x16:0xbaa9f8ea  x0:0x00000000 x22=0xbaa9f8ea
     275395.000 ns	     27538	80005c6c	03a41a33	mulh	x20,x8,x26	  x8:0x80040fe4 x26:0x00000000 x20=0x00000000
     275425.000 ns	     27541	80005c70	03c3d133	divu	x2,x7,x28	  x7:0x0f060a00 x28:0x00000000  x2=0xffffffff
     275795.000 ns	     27578	80005c74	02c3f633	remu	x12,x7,x12	  x7:0x0f060a00 x12:0x4e193000 x12=0x0f060a00
     275815.000 ns	     27580	80005c78	97334293	xori	x5,x6,-1677	  x6:0xfffffa2e  x5=0x0000035d
     275825.000 ns	     27581	80005c7c	506f8913	addi	x18,x31,1286	 x31:0xfc800001 x18=0xfc800507
     275835.000 ns	     27582	80005c80	0153bab3	sltu	x21,x7,x21	  x7:0x0f060a00 x21:0x00000001 x21=0x00000000
     275855.000 ns	     27584	80005c84	299e1cd3	fmax.s	f25,f28,f25	 f28:0x7fc00000 f25:0xce013ef9 f25=0xce013ef9
     275875.000 ns	     27586	80005c88	5964fc13	andi	x24,x9,1430	  x9:0x00000000 x24=0x00000000
     275885.000 ns	     27587	80005c8c	0167f2b3	and	x5,x15,x22	 x15:0xfc800001 x22:0xbaa9f8ea  x5=0xb8800000
     275905.000 ns	     27589	80005c90	03191633	mulh	x12,x18,x17	 x18:0xfc800507 x17:0x79704000 x12=0xfe56f982
     276275.000 ns	     27626	80005c94	02f5d733	divu	x14,x11,x15	 x11:0x00000000 x15:0xfc800001 x14=0x00000000
     276305.000 ns	     27629	80005c98	f00b05d3	fmv.w.x	f11,x22	 x22:0xbaa9f8ea f11=0xbaa9f8ea
     276355.000 ns	     27634	80005c9c	008af953	fadd.s	f18,f21,f8	 f21:0xce013ef9  f8:0xd4813ed0 f18=0xd48142d9
     276385.000 ns	     27637	80005ca0	d01df453	fcvt.s.wu	f8,x27	 x27:0x4e192a96  f8=0x4e9c3255
     276405.000 ns	     27639	80005ca4	00000013	addi	x0,x0,0	  x0:0x00000000
     276425.000 ns	     27641	80005ca8	29ec8e53	fmin.s	f28,f25,f30	 f25:0xce013ef9 f30:0x80000000 f28=0xce013ef9
     276445.000 ns	     27643	80005cac	4082d533	sra	x10,x5,x8	  x5:0xb8800000  x8:0x80040fe4 x10=0xfb880000
     276455.000 ns	     27644	80005cb0	01d5dcb3	srl	x25,x11,x29	 x11:0x00000000 x29:0x4629f8eb x25=0x00000000
     276475.000 ns	     27646	80005cb4	034b8c33	mul	x24,x23,x20	 x23:0xbaa9f8ea x20:0x00000000 x24=0x00000000
     276505.000 ns	     27649	80005cb8	022f2d33	mulhsu	x26,x30,x2	 x30:0x00000000  x2:0xffffffff x26=0x00000000
     276535.000 ns	     27652	80005cbc	03438fb3	mul	x31,x7,x20	  x7:0x0f060a00 x20:0x00000000 x31=0x00000000
     276565.000 ns	     27655	80005cc0	d01471d3	fcvt.s.wu	f3,x8	  x8:0x80040fe4  f3=0x4f00040f
     276585.000 ns	     27657	80005cc4	3f193513	sltiu	x10,x18,1009	 x18:0xfc800507 x10=0x00000000
     276595.000 ns	     27658	80005cc8	e9810593	addi	x11,x2,-360	  x2:0xffffffff x11=0xfffffe97
     276615.000 ns	     27660	80005ccc	02d619b3	mulh	x19,x12,x13	 x12:0xfe56f982 x13:0x80041024 x19=0x00d47c80
     276645.000 ns	     27663	80005cd0	03d2a9b3	mulhsu	x19,x5,x29	  x5:0xb8800000 x29:0x4629f8eb x19=0xec6746fa
     276665.000 ns	     27665	80005cd4	40d651b3	sra	x3,x12,x13	 x12:0xfe56f982 x13:0x80041024  x3=0xffe56f98
     276675.000 ns	     27666	80005cd8	3dbdcb13	xori	x22,x27,987	 x27:0x4e192a96 x22=0x4e19294d
     276685.000 ns	     27667	80005cdc	00475a13	srli	x20,x14,0x4	 x14:0x00000000 x20=0x00000000
     276705.000 ns	     27669	80005ce0	02dba233	mulhsu	x4,x23,x13	 x23:0xbaa9f8ea x13:0x80041024  x4=0xdd53e2bd
     276735.000 ns	     27672	80005ce4	038f09b3	mul	x19,x30,x24	 x30:0x00000000 x24:0x00000000 x19=0x00000000
     276755.000 ns	     27674	80005ce8	f2295817	auipc	x16,0xf2295	 x16=0x7229ace8
     276775.000 ns	     27676	80005cec	f0070b53	fmv.w.x	f22,x14	 x14:0x00000000 f22=0x00000000
     276805.000 ns	     27679	80005cf0	025f2cb3	mulhsu	x25,x30,x5	 x30:0x00000000  x5:0xb8800000 x25=0x00000000
     276835.000 ns	     27682	80005cf4	c00f3753	fcvt.w.s	x14,f30	 f30:0x80000000 x14=0x00000000
     276865.000 ns	     27685	80005cf8	02a3e333	rem	x6,x7,x10	  x7:0x0f060a00 x10:0x00000000  x6=0x0f060a00
     276885.000 ns	     27687	80005cfc	40a50e33	sub	x28,x10,x10	 x10:0x00000000 x10:0x00000000 x28=0x00000000
     276925.000 ns	     27691	80005d00	005c7c53	fadd.s	f24,f24,f5	 f24:0xff800000  f5:0x80000000 f24=0xff800000
     276945.000 ns	     27693	80005d04	01261893	slli	x17,x12,0x12	 x12:0xfe56f982 x17=0xe6080000
     276965.000 ns	     27695	80005d08	c00531d3	fcvt.w.s	x3,f10	 f10:0xcf000411  x3=0x80000000
     276985.000 ns	     27697	80005d0c	01453593	sltiu	x11,x10,20	 x10:0x00000000 x11=0x00000001
     276995.000 ns	     27698	80005d10	00443eb3	sltu	x29,x8,x4	  x8:0x80040fe4  x4:0xdd53e2bd x29=0x00000001
     277005.000 ns	     27699	80005d14	87d94e93	xori	x29,x18,-1923	 x18:0xfc800507 x29=0x037ffd7a
     277015.000 ns	     27700	80005d18	2c943213	sltiu	x4,x8,713	  x8:0x80040fe4  x4=0x00000000
     277035.000 ns	     27702	80005d1c	c0170153	fcvt.wu.s	x2,f14	 f14:0x4d7060a0  x2=0x0f060a00
     277065.000 ns	     27705	80005d20	29b39953	fmax.s	f18,f7,f27	  f7:0x7fc00000 f27:0xd4813ed0 f18=0xd4813ed0
     277435.000 ns	     27742	80005d24	023ae033	rem	x0,x21,x3	 x21:0x00000000  x3:0x80000000
     277465.000 ns	     27745	80005d28	02fb27b3	mulhsu	x15,x22,x15	 x22:0x4e19294d x15:0xfc800001 x15=0x4d07d13c
     277485.000 ns	     27747	80005d2c	00dcb733	sltu	x14,x25,x13	 x25:0x00000000 x13:0x80041024 x14=0x00000001
     277495.000 ns	     27748	80005d30	00805333	srl	x6,x0,x8	  x0:0x00000000  x8:0x80040fe4  x6=0x00000000
     277505.000 ns	     27749	80005d34	00000013	addi	x0,x0,0	  x0:0x00000000
     277515.000 ns	     27750	80005d38	01879bb3	sll	x23,x15,x24	 x15:0x4d07d13c x24:0x00000000 x23=0x4d07d13c
     277535.000 ns	     27752	80005d3c	020738b3	mulhu	x17,x14,x0	 x14:0x00000001  x0:0x00000000 x17=0x00000000
     277565.000 ns	     27755	80005d40	026c3cb3	mulhu	x25,x24,x6	 x24:0x00000000  x6:0x00000000 x25=0x00000000
     277605.000 ns	     27759	80005d44	580cf6d3	fsqrt.s	f13,f25	 f25:0xce013ef9 f13=0x7fc00000
     277635.000 ns	     27762	80005d48	0244df33	divu	x30,x9,x4	  x9:0x00000000  x4:0x00000000 x30=0xffffffff
     277655.000 ns	     27764	80005d4c	50b22193	slti	x3,x4,1291	  x4:0x00000000  x3=0x00000001
     277685.000 ns	     27767	80005d50	112974d3	fmul.s	f9,f18,f18	 f18:0xd4813ed0 f18:0xd4813ed0  f9=0x698280ba
     277705.000 ns	     27769	80005d54	005aa9b3	slt	x19,x21,x5	 x21:0x00000000  x5:0xb8800000 x19=0x00000000
     277715.000 ns	     27770	80005d58	ed1f0f93	addi	x31,x30,-303	 x30:0xffffffff x31=0xfffffed0
     277735.000 ns	     27772	80005d5c	03be8cb3	mul	x25,x29,x27	 x29:0x037ffd7a x27:0x4e192a96 x25=0xf97e897c
     277755.000 ns	     27774	80005d60	00000013	addi	x0,x0,0	  x0:0x00000000
     277785.000 ns	     27777	80005d64	18c8fa53	fdiv.s	f20,f17,f12	 f17:0x4e9c3260 f12:0x7fc00000 f20=0x7fc00000
     277815.000 ns	     27780	80005d68	29701bd3	fmax.s	f23,f0,f23	  f0:0x00000000 f23:0x7fc00000 f23=0x00000000
     277845.000 ns	     27783	80005d6c	209e1153	fsgnjn.s	f2,f28,f9	 f28:0xce013ef9  f9:0x698280ba  f2=0xce013ef9
     277865.000 ns	     27785	80005d70	01a98c33	add	x24,x19,x26	 x19:0x00000000 x26:0x00000000 x24=0x00000000
     277885.000 ns	     27787	80005d74	28848953	fmin.s	f18,f9,f8	  f9:0x698280ba  f8:0x4e9c3255 f18=0x4e9c3255
     277905.000 ns	     27789	80005d78	013fe233	or	x4,x31,x19	 x31:0xfffffed0 x19:0x00000000  x4=0xfffffed0
     277925.000 ns	     27791	80005d7c	d00d3b53	fcvt.s.w	f22,x26	 x26:0x00000000 f22=0x00000000
     278295.000 ns	     27828	80005d80	0223db33	divu	x22,x7,x2	  x7:0x0f060a00  x2:0x0f060a00 x22=0x00000001
     278325.000 ns	     27831	80005d84	c016fe53	fcvt.wu.s	x28,f13	 f13:0x7fc00000 x28=0xffffffff
     278345.000 ns	     27833	80005d88	01365193	srli	x3,x12,0x13	 x12:0xfe56f982  x3=0x00001fca
     278365.000 ns	     27835	80005d8c	20db0453	fsgnj.s	f8,f22,f13	 f22:0x00000000 f13:0x7fc00000  f8=0x00000000
     278395.000 ns	     27838	80005d90	289a11d3	fmax.s	f3,f20,f9	 f20:0x7fc00000  f9:0x698280ba  f3=0x698280ba
     278425.000 ns	     27841	80005d94	c0078153	fcvt.w.s	x2,f15	 f15:0x4d7060a0  x2=0x0f060a00
     278475.000 ns	     27846	80005d98	01122253	fadd.s	f4,f4,f17	  f4:0x4e013ef9 f17:0x4e9c3260  f4=0x4edcd1dc
     278505.000 ns	     27849	80005d9c	293580d3	fmin.s	f1,f11,f19	 f11:0xbaa9f8ea f19:0x00000000  f1=0xbaa9f8ea
     278535.000 ns	     27852	80005da0	e0078a53	fmv.x.w	x20,f15	 f15:0x4d7060a0 x20=0x4d7060a0
     278565.000 ns	     27855	80005da4	d01c80d3	fcvt.s.wu	f1,x25	 x25:0xf97e897c  f1=0x4f797e89
     278585.000 ns	     27857	80005da8	019903b3	add	x7,x18,x25	 x18:0xfc800507 x25:0xf97e897c  x7=0xf5fe8e83
     278595.000 ns	     27858	80005dac	01d45213	srli	x4,x8,0x1d	  x8:0x80040fe4  x4=0x00000004
     278605.000 ns	     27859	80005db0	3ebe8113	addi	x2,x29,1003	 x29:0x037ffd7a  x2=0x03800165
     278625.000 ns	     27861	80005db4	02080333	mul	x6,x16,x0	 x16:0x7229ace8  x0:0x00000000  x6=0x00000000
     278645.000 ns	     27863	80005db8	03d7cd13	xori	x26,x15,61	 x15:0x4d07d13c x26=0x4d07d101
     278655.000 ns	     27864	80005dbc	30ff8813	addi	x16,x31,783	 x31:0xfffffed0 x16=0x000001df
     278675.000 ns	     27866	80005dc0	2055ae53	fsgnjx.s	f28,f11,f5	 f11:0xbaa9f8ea  f5:0x80000000 f28=0x3aa9f8ea
     279045.000 ns	     27903	80005dc4	03756cb3	rem	x25,x10,x23	 x10:0x00000000 x23:0x4d07d13c x25=0x00000000
     279075.000 ns	     27906	80005dc8	e00584d3	fmv.x.w	x9,f11	 f11:0xbaa9f8ea  x9=0xbaa9f8ea
     279095.000 ns	     27908	80005dcc	004e1193	slli	x3,x28,0x4	 x28:0xffffffff  x3=0xfffffff0
     279115.000 ns	     27910	80005dd0	28eb8953	fmin.s	f18,f23,f14	 f23:0x00000000 f14:0x4d7060a0 f18=0x00000000
     279145.000 ns	     27913	80005dd4	028ea733	mulhsu	x14,x29,x8	 x29:0x037ffd7a  x8:0x80040fe4 x14=0x01c00cf4
     279165.000 ns	     27915	80005dd8	ff064c13	xori	x24,x12,-16	 x12:0xfe56f982 x24=0x01a90672
     279185.000 ns	     27917	80005ddc	02c89bb3	mulh	x23,x17,x12	 x17:0x00000000 x12:0xfe56f982 x23=0x00000000
     279215.000 ns	     27920	80005de0	c0014b53	fcvt.w.s	x22,f2	  f2:0xce013ef9 x22=0xdfb041c0
     279245.000 ns	     27923	80005de4	d01b9ed3	fcvt.s.wu	f29,x23	 x23:0x00000000 f29=0x00000000
     279265.000 ns	     27925	80005de8	00401f33	sll	x30,x0,x4	  x0:0x00000000  x4:0x00000004 x30=0x00000000
     279275.000 ns	     27926	80005dec	419bd993	srai	x19,x23,0x19	 x23:0x00000000 x19=0x00000000
     279295.000 ns	     27928	80005df0	e00a8053	fmv.x.w	x0,f21	 f21:0xce013ef9
     279325.000 ns	     27931	80005df4	29529653	fmax.s	f12,f5,f21	  f5:0x80000000 f21:0xce013ef9 f12=0x80000000
     279355.000 ns	     27934	80005df8	a04f02d3	fle.s	x5,f30,f4	 f30:0x80000000  f4:0x4edcd1dc  x5=0x00000001
     279385.000 ns	     27937	80005dfc	e00804d3	fmv.x.w	x9,f16	 f16:0xce013ef9  x9=0xce013ef9
     279405.000 ns	     27939	80005e00	46887793	andi	x15,x16,1128	 x16:0x000001df x15=0x00000048
     279425.000 ns	     27941	80005e04	d019ffd3	fcvt.s.wu	f31,x19	 x19:0x00000000 f31=0x00000000
     279445.000 ns	     27943	80005e08	00775a93	srli	x21,x14,0x7	 x14:0x01c00cf4 x21=0x00038019
     279465.000 ns	     27945	80005e0c	e0011653	fclass.s	x12,f2	  f2:0xce013ef9 x12=0x00000002
     279495.000 ns	     27948	80005e10	e0081ad3	fclass.s	x21,f16	 f16:0xce013ef9 x21=0x00000002
     279515.000 ns	     27950	80005e14	adf0af93	slti	x31,x1,-1313	  x1:0x00000009 x31=0x00000000
     279525.000 ns	     27951	80005e18	e94bff13	andi	x30,x23,-364	 x23:0x00000000 x30=0x00000000
     279535.000 ns	     27952	80005e1c	d181f313	andi	x6,x3,-744	  x3:0xfffffff0  x6=0xfffffd10
     279565.000 ns	     27955	80005e20	1195ff53	fmul.s	f30,f11,f25	 f11:0xbaa9f8ea f25:0xce013ef9 f30=0x492ba07c
     279585.000 ns	     27957	80005e24	000c7d33	and	x26,x24,x0	 x24:0x01a90672  x0:0x00000000 x26=0x00000000
     279605.000 ns	     27959	80005e28	d01bb5d3	fcvt.s.wu	f11,x23	 x23:0x00000000 f11=0x00000000
     279635.000 ns	     27962	80005e2c	f00488d3	fmv.w.x	f17,x9	  x9:0xce013ef9 f17=0xce013ef9
     279665.000 ns	     27965	80005e30	c00c1b53	fcvt.w.s	x22,f24	 f24:0xff800000 x22=0x80000000
     279695.000 ns	     27968	80005e34	20a32453	fsgnjx.s	f8,f6,f10	  f6:0x80000000 f10:0xcf000411  f8=0x00000000
     279715.000 ns	     27970	80005e38	0022d193	srli	x3,x5,0x2	  x5:0x00000001  x3=0x00000000
     279725.000 ns	     27971	80005e3c	4978fc13	andi	x24,x17,1175	 x17:0x00000000 x24=0x00000000
     279735.000 ns	     27972	80005e40	017d72b3	and	x5,x26,x23	 x26:0x00000000 x23:0x00000000  x5=0x00000000
     279755.000 ns	     27974	80005e44	a0550dd3	fle.s	x27,f10,f5	 f10:0xcf000411  f5:0x80000000 x27=0x00000001
     279775.000 ns	     27976	80005e48	90815137	lui	x2,0x90815	  x2=0x90815000
     279785.000 ns	     27977	80005e4c	00000013	addi	x0,x0,0	  x0:0x00000000
     279795.000 ns	     27978	80005e50	58b93f97	auipc	x31,0x58b93	 x31=0xd8b98e50
     279815.000 ns	     27980	80005e54	a0480653	fle.s	x12,f16,f4	 f16:0xce013ef9  f4:0x4edcd1dc x12=0x00000001
     279845.000 ns	     27983	80005e58	211a9fd3	fsgnjn.s	f31,f21,f17	 f21:0xce013ef9 f17:0xce013ef9 f31=0x4e013ef9
     279875.000 ns	     27986	80005e5c	c00b7753	fcvt.w.s	x14,f22	 f22:0x00000000 x14=0x00000000
     279905.000 ns	     27989	80005e60	a1d1aed3	feq.s	x29,f3,f29	  f3:0x698280ba f29:0x00000000 x29=0x00000000
     279935.000 ns	     27992	80005e64	d00b2553	fcvt.s.w	f10,x22	 x22:0x80000000 f10=0xcf000000
     279965.000 ns	     27995	80005e68	02fd83b3	mul	x7,x27,x15	 x27:0x00000001 x15:0x00000048  x7=0x00000048
     279985.000 ns	     27997	80005e6c	013d6ab3	or	x21,x26,x19	 x26:0x00000000 x19:0x00000000 x21=0x00000000
     280005.000 ns	     27999	80005e70	a09399d3	flt.s	x19,f7,f9	  f7:0x7fc00000  f9:0x698280ba x19=0x00000000
     280025.000 ns	     28001	80005e74	00329493	slli	x9,x5,0x3	  x5:0x00000000  x9=0x00000000
     280045.000 ns	     28003	80005e78	03381bb3	mulh	x23,x16,x19	 x16:0x000001df x19:0x00000000 x23=0x00000000
     280075.000 ns	     28006	80005e7c	02a0a9b3	mulhsu	x19,x1,x10	  x1:0x00000009 x10:0x00000000 x19=0x00000000
     280095.000 ns	     28008	80005e80	01b96333	or	x6,x18,x27	 x18:0xfc800507 x27:0x00000001  x6=0xfc800507
     280105.000 ns	     28009	80005e84	deb5bf13	sltiu	x30,x11,-533	 x11:0x00000001 x30=0x00000001
     280125.000 ns	     28011	80005e88	d000f453	fcvt.s.w	f8,x1	  x1:0x00000009  f8=0x41100000
     280145.000 ns	     28013	80005e8c	e2923993	sltiu	x19,x4,-471	  x4:0x00000004 x19=0x00000001
     280155.000 ns	     28014	80005e90	0182ccb3	xor	x25,x5,x24	  x5:0x00000000 x24:0x00000000 x25=0x00000000
     280175.000 ns	     28016	80005e94	a0852c53	feq.s	x24,f10,f8	 f10:0xcf000000  f8:0x41100000 x24=0x00000000
     280205.000 ns	     28019	80005e98	d0078e53	fcvt.s.w	f28,x15	 x15:0x00000048 f28=0x42900000
     280225.000 ns	     28021	80005e9c	28503d93	sltiu	x27,x0,645	  x0:0x00000000 x27=0x00000001
     280235.000 ns	     28022	80005ea0	010117b3	sll	x15,x2,x16	  x2:0x90815000 x16:0x000001df x15=0x00000000
     280245.000 ns	     28023	80005ea4	c485ca93	xori	x21,x11,-952	 x11:0x00000001 x21=0xfffffc49
     280265.000 ns	     28025	80005ea8	a1218fd3	fle.s	x31,f3,f18	  f3:0x698280ba f18:0x00000000 x31=0x00000000
     280285.000 ns	     28027	80005eac	89242b93	slti	x23,x8,-1902	  x8:0x80040fe4 x23=0x00000001
     280295.000 ns	     28028	80005eb0	908baf93	slti	x31,x23,-1784	 x23:0x00000000 x31=0x00000000
     280315.000 ns	     28030	80005eb4	c0091d53	fcvt.w.s	x26,f18	 f18:0x00000000 x26=0x00000000
     280345.000 ns	     28033	80005eb8	216993d3	fsgnjn.s	f7,f19,f22	 f19:0x00000000 f22:0x00000000  f7=0x80000000
     280365.000 ns	     28035	80005ebc	40d40bb3	sub	x23,x8,x13	  x8:0x80040fe4 x13:0x80041024 x23=0xffffffc0
     280395.000 ns	     28038	80005ec0	580c4bd3	fsqrt.s	f23,f24	 f24:0xff800000 f23=0x7fc00000
     280425.000 ns	     28041	80005ec4	e0019053	fclass.s	x0,f3	  f3:0x698280ba
     280445.000 ns	     28043	80005ec8	4d5ba593	slti	x11,x23,1237	 x23:0xffffffc0 x11=0x00000001
     280455.000 ns	     28044	80005ecc	01907eb3	and	x29,x0,x25	  x0:0x00000000 x25:0x00000000 x29=0x00000000
     280475.000 ns	     28046	80005ed0	038b91b3	mulh	x3,x23,x24	 x23:0xffffffc0 x24:0x00000000  x3=0x00000000
     280505.000 ns	     28049	80005ed4	205791d3	fsgnjn.s	f3,f15,f5	 f15:0x4d7060a0  f5:0x80000000  f3=0x4d7060a0
     280535.000 ns	     28052	80005ed8	02ba2833	mulhsu	x16,x20,x11	 x20:0x4d7060a0 x11:0x00000001 x16=0x00000000
     280565.000 ns	     28055	80005edc	209f8853	fsgnj.s	f16,f31,f9	 f31:0x4e013ef9  f9:0x698280ba f16=0x4e013ef9
     280615.000 ns	     28060	80005ee0	0186f653	fadd.s	f12,f13,f24	 f13:0x7fc00000 f24:0xff800000 f12=0x7fc00000
     280645.000 ns	     28063	80005ee4	03bc25b3	mulhsu	x11,x24,x27	 x24:0x00000000 x27:0x00000001 x11=0x00000000
     280665.000 ns	     28065	80005ee8	00c52cb3	slt	x25,x10,x12	 x10:0x00000000 x12:0x00000001 x25=0x00000001
     280685.000 ns	     28067	80005eec	28ed07d3	fmin.s	f15,f26,f14	 f26:0x80041024 f14:0x4d7060a0 f15=0x80041024
     280705.000 ns	     28069	80005ef0	412fd7b3	sra	x15,x31,x18	 x31:0x00000000 x18:0xfc800507 x15=0x00000000
     280715.000 ns	     28070	80005ef4	0095de13	srli	x28,x11,0x9	 x11:0x00000000 x28=0x00000000
     280725.000 ns	     28071	80005ef8	ac1c6e13	ori	x28,x24,-1343	 x24:0x00000000 x28=0xfffffac1
     280745.000 ns	     28073	80005efc	a19103d3	fle.s	x7,f2,f25	  f2:0xce013ef9 f25:0xce013ef9  x7=0x00000001
     280765.000 ns	     28075	80005f00	708a4993	xori	x19,x20,1800	 x20:0x4d7060a0 x19=0x4d7067a8
     280785.000 ns	     28077	80005f04	032d3ab3	mulhu	x21,x26,x18	 x26:0x00000000 x18:0xfc800507 x21=0x00000000
     280825.000 ns	     28081	80005f08	10471ed3	fmul.s	f29,f14,f4	 f14:0x4d7060a0  f4:0x4edcd1dc f29=0x5ccf5816
     280845.000 ns	     28083	80005f0c	406708b3	sub	x17,x14,x6	 x14:0x00000000  x6:0xfc800507 x17=0x037ffaf9
     280865.000 ns	     28085	80005f10	21252f53	fsgnjx.s	f30,f10,f18	 f10:0xcf000000 f18:0x00000000 f30=0xcf000000
     280895.000 ns	     28088	80005f14	a0e41853	flt.s	x16,f8,f14	  f8:0x41100000 f14:0x4d7060a0 x16=0x00000001
     280915.000 ns	     28090	80005f18	e039c113	xori	x2,x19,-509	 x19:0x4d7067a8  x2=0xb28f99ab
     280945.000 ns	     28093	80005f1c	18d90153	fdiv.s	f2,f18,f13	 f18:0x00000000 f13:0x7fc00000  f2=0x7fc00000
     280975.000 ns	     28096	80005f20	207213d3	fsgnjn.s	f7,f4,f7	  f4:0x4edcd1dc  f7:0x80000000  f7=0x4edcd1dc
     281005.000 ns	     28099	80005f24	a0948bd3	fle.s	x23,f9,f9	  f9:0x698280ba  f9:0x698280ba x23=0x00000001
     281025.000 ns	     28101	80005f28	40b55e13	srai	x28,x10,0xb	 x10:0x00000000 x28=0x00000000
     281035.000 ns	     28102	80005f2c	009dca33	xor	x20,x27,x9	 x27:0x00000001  x9:0x00000000 x20=0x00000001
     281075.000 ns	     28106	80005f30	00011953	fadd.s	f18,f2,f0	  f2:0x7fc00000  f0:0x00000000 f18=0x7fc00000
     281105.000 ns	     28109	80005f34	202d2253	fsgnjx.s	f4,f26,f2	 f26:0x80041024  f2:0x7fc00000  f4=0x80041024
     281135.000 ns	     28112	80005f38	e00e1f53	fclass.s	x30,f28	 f28:0x42900000 x30=0x00000040
     281155.000 ns	     28114	80005f3c	b4144613	xori	x12,x8,-1215	  x8:0x80040fe4 x12=0x7ffbf4a5
     281165.000 ns	     28115	80005f40	013bc2b3	xor	x5,x23,x19	 x23:0x00000001 x19:0x4d7067a8  x5=0x4d7067a9
     281205.000 ns	     28119	80005f44	01bd78d3	fadd.s	f17,f26,f27	 f26:0x80041024 f27:0xd4813ed0 f17=0xd4813ed0
     281575.000 ns	     28156	80005f48	02d35d33	divu	x26,x6,x13	  x6:0xfc800507 x13:0x80041024 x26=0x00000001
     281605.000 ns	     28159	80005f4c	025bb8b3	mulhu	x17,x23,x5	 x23:0x00000001  x5:0x4d7067a9 x17=0x00000000
     281625.000 ns	     28161	80005f50	79d86513	ori	x10,x16,1949	 x16:0x00000001 x10=0x0000079d
     281635.000 ns	     28162	80005f54	401d52b3	sra	x5,x26,x1	 x26:0x00000001  x1:0x00000009  x5=0x00000000
     281655.000 ns	     28164	80005f58	f00583d3	fmv.w.x	f7,x11	 x11:0x00000000  f7=0x00000000
     281675.000 ns	     28166	80005f5c	01ef62b3	or	x5,x30,x30	 x30:0x00000040 x30:0x00000040  x5=0x00000040
     281695.000 ns	     28168	80005f60	02368eb3	mul	x29,x13,x3	 x13:0x80041024  x3:0x00000000 x29=0x00000000
     281715.000 ns	     28170	80005f64	6af4ce97	auipc	x29,0x6af4c	 x29=0xeaf51f64
     281725.000 ns	     28171	80005f68	06c78a93	addi	x21,x15,108	 x15:0x00000000 x21=0x0000006c
     281745.000 ns	     28173	80005f6c	03c17a33	remu	x20,x2,x28	  x2:0xb28f99ab x28:0x00000000 x20=0xb28f99ab
     281775.000 ns	     28176	80005f70	0279a233	mulhsu	x4,x19,x7	 x19:0x4d7067a8  x7:0x00000001  x4=0x00000000
     281805.000 ns	     28179	80005f74	204b85d3	fsgnj.s	f11,f23,f4	 f23:0x7fc00000  f4:0x80041024 f11=0xffc00000
     281835.000 ns	     28182	80005f78	0385e5b3	rem	x11,x11,x24	 x11:0x00000000 x24:0x00000000 x11=0x00000000
     281855.000 ns	     28184	80005f7c	01268a33	add	x20,x13,x18	 x13:0x80041024 x18:0xfc800507 x20=0x7c84152b
     281865.000 ns	     28185	80005f80	6a117913	andi	x18,x2,1697	  x2:0xb28f99ab x18=0x000000a1
     281885.000 ns	     28187	80005f84	29a48fd3	fmin.s	f31,f9,f26	  f9:0x698280ba f26:0x80041024 f31=0x80041024
     281915.000 ns	     28190	80005f88	03fd94b3	mulh	x9,x27,x31	 x27:0x00000001 x31:0x00000000  x9=0x00000000
     281955.000 ns	     28194	80005f8c	199a00d3	fdiv.s	f1,f20,f25	 f20:0x7fc00000 f25:0xce013ef9  f1=0x7fc00000
     281985.000 ns	     28197	80005f90	a1a20ed3	fle.s	x29,f4,f26	  f4:0x80041024 f26:0x80041024 x29=0x00000001
     282015.000 ns	     28200	80005f94	03c1bb33	mulhu	x22,x3,x28	  x3:0x00000000 x28:0x00000000 x22=0x00000000
     282045.000 ns	     28203	80005f98	29e813d3	fmax.s	f7,f16,f30	 f16:0x4e013ef9 f30:0xcf000000  f7=0x4e013ef9
     282075.000 ns	     28206	80005f9c	219888d3	fsgnj.s	f17,f17,f25	 f17:0xd4813ed0 f25:0xce013ef9 f17=0xd4813ed0
     282095.000 ns	     28208	80005fa0	3740a593	slti	x11,x1,884	  x1:0x00000009 x11=0x00000001
     282105.000 ns	     28209	80005fa4	6f166a93	ori	x21,x12,1777	 x12:0x7ffbf4a5 x21=0x7ffbf6f5
     282115.000 ns	     28210	80005fa8	011957b3	srl	x15,x18,x17	 x18:0x000000a1 x17:0x00000000 x15=0x000000a1
     282135.000 ns	     28212	80005fac	032aadb3	mulhsu	x27,x21,x18	 x21:0x0000006c x18:0x000000a1 x27=0x00000050
     282155.000 ns	     28214	80005fb0	01096f33	or	x30,x18,x16	 x18:0x000000a1 x16:0x00000001 x30=0x000000a1
     282175.000 ns	     28216	80005fb4	d00e8753	fcvt.s.w	f14,x29	 x29:0x00000001 f14=0x3f800000
     282195.000 ns	     28218	80005fb8	00a004b3	add	x9,x0,x10	  x0:0x00000000 x10:0x0000079d  x9=0x0000079d
     282225.000 ns	     28221	80005fbc	11900ed3	fmul.s	f29,f0,f25	  f0:0x00000000 f25:0xce013ef9 f29=0x80000000
     282245.000 ns	     28223	80005fc0	01abf033	and	x0,x23,x26	 x23:0x00000001 x26:0x00000001
     282265.000 ns	     28225	80005fc4	022b1db3	mulh	x27,x22,x2	 x22:0x00000000  x2:0xb28f99ab x27=0x00000000
     282285.000 ns	     28227	80005fc8	41525393	srai	x7,x4,0x15	  x4:0x00000000  x7=0x00000000
     282295.000 ns	     28228	80005fcc	00298eb3	add	x29,x19,x2	 x19:0x4d7067a8  x2:0xb28f99ab x29=0x00000153
     282305.000 ns	     28229	80005fd0	408b8333	sub	x6,x23,x8	 x23:0x00000001  x8:0x80040fe4  x6=0x7ffbf01d
     282315.000 ns	     28230	80005fd4	418ddf93	srai	x31,x27,0x18	 x27:0x00000000 x31=0x00000000
     282345.000 ns	     28233	80005fd8	186dff53	fdiv.s	f30,f27,f6	 f27:0xd4813ed0  f6:0x80000000 f30=0x7f800000
     282375.000 ns	     28236	80005fdc	c00c7f53	fcvt.w.s	x30,f24	 f24:0xff800000 x30=0x80000000
     282395.000 ns	     28238	80005fe0	36f5b713	sltiu	x14,x11,879	 x11:0x00000001 x14=0x00000001
     282405.000 ns	     28239	80005fe4	7c631937	lui	x18,0x7c631	 x18=0x7c631000
     282415.000 ns	     28240	80005fe8	5e8b3c97	auipc	x25,0x5e8b3	 x25=0xde8b8fe8
     282435.000 ns	     28242	80005fec	a0ef1b53	flt.s	x22,f30,f14	 f30:0x7f800000 f14:0x3f800000 x22=0x00000000
     282485.000 ns	     28247	80005ff0	09c97ad3	fsub.s	f21,f18,f28	 f18:0x7fc00000 f28:0x42900000 f21=0x7fc00000
     282505.000 ns	     28249	80005ff4	6dc08737	lui	x14,0x6dc08	 x14=0x6dc08000
     282515.000 ns	     28250	80005ff8	01519b13	slli	x22,x3,0x15	  x3:0x00000000 x22=0x00000000
     282525.000 ns	     28251	80005ffc	40080d13	addi	x26,x16,1024	 x16:0x00000001 x26=0x00000401
     282535.000 ns	     28252	80006000	00bc6c33	or	x24,x24,x11	 x24:0x00000000 x11:0x00000001 x24=0x00000001
     282545.000 ns	     28253	80006004	016f8bb3	add	x23,x31,x22	 x31:0x00000000 x22:0x00000000 x23=0x00000000
     282555.000 ns	     28254	80006008	7edb4513	xori	x10,x22,2029	 x22:0x00000000 x10=0x000007ed
     282575.000 ns	     28256	8000600c	03bdc7b3	div	x15,x27,x27	 x27:0x00000000 x27:0x00000000 x15=0xffffffff
     282615.000 ns	     28260	80006010	10f3f953	fmul.s	f18,f7,f15	  f7:0x4e013ef9 f15:0x80041024 f18=0x8c834880
     282645.000 ns	     28263	80006014	d0022ed3	fcvt.s.w	f29,x4	  x4:0x00000000 f29=0x00000000
     282665.000 ns	     28265	80006018	00000013	addi	x0,x0,0	  x0:0x00000000
     282685.000 ns	     28267	8000601c	a0f20fd3	fle.s	x31,f4,f15	  f4:0x80041024 f15:0x80041024 x31=0x00000001
     282705.000 ns	     28269	80006020	00000013	addi	x0,x0,0	  x0:0x00000000
     283065.000 ns	     28305	80006024	038673b3	remu	x7,x12,x24	 x12:0x7ffbf4a5 x24:0x00000001  x7=0x00000000
     283085.000 ns	     28307	80006028	00962333	slt	x6,x12,x9	 x12:0x7ffbf4a5  x9:0x0000079d  x6=0x00000000
     283095.000 ns	     28308	8000602c	01486333	or	x6,x16,x20	 x16:0x00000001 x20:0x7c84152b  x6=0x7c84152b
     283105.000 ns	     28309	80006030	008c1913	slli	x18,x24,0x8	 x24:0x00000001 x18=0x00000100
     283125.000 ns	     28311	80006034	2171a3d3	fsgnjx.s	f7,f3,f23	  f3:0x4d7060a0 f23:0x7fc00000  f7=0x4d7060a0
     283155.000 ns	     28314	80006038	28241953	fmax.s	f18,f8,f2	  f8:0x41100000  f2:0x7fc00000 f18=0x41100000
     283525.000 ns	     28351	8000603c	02c77633	remu	x12,x14,x12	 x14:0x6dc08000 x12:0x7ffbf4a5 x12=0x6dc08000
     283545.000 ns	     28353	80006040	b958e393	ori	x7,x17,-1131	 x17:0x00000000  x7=0xfffffb95
     283905.000 ns	     28389	80006044	029cf9b3	remu	x19,x25,x9	 x25:0xde8b8fe8  x9:0x0000079d x19=0x000002b2
     283925.000 ns	     28391	80006048	045d0b13	addi	x22,x26,69	 x26:0x00000401 x22=0x00000446
     283945.000 ns	     28393	8000604c	c0117c53	fcvt.wu.s	x24,f2	  f2:0x7fc00000 x24=0xffffffff
     283965.000 ns	     28395	80006050	001af3b3	and	x7,x21,x1	 x21:0x7ffbf6f5  x1:0x00000009  x7=0x00000001
     283985.000 ns	     28397	80006054	d0127653	fcvt.s.wu	f12,x4	  x4:0x00000000 f12=0x00000000
     284005.000 ns	     28399	80006058	18d73393	sltiu	x7,x14,397	 x14:0x6dc08000  x7=0x00000000
     284025.000 ns	     28401	8000605c	c0057653	fcvt.w.s	x12,f10	 f10:0xcf000000 x12=0x80000000
     284045.000 ns	     28403	80006060	fe8c7d13	andi	x26,x24,-24	 x24:0xffffffff x26=0xffffffe8
     284055.000 ns	     28404	80006064	00e9e333	or	x6,x19,x14	 x19:0x000002b2 x14:0x6dc08000  x6=0x6dc082b2
     284065.000 ns	     28405	80006068	0080cf33	xor	x30,x1,x8	  x1:0x00000009  x8:0x80040fe4 x30=0x80040fed
     284085.000 ns	     28407	8000606c	03127db3	remu	x27,x4,x17	  x4:0x00000000 x17:0x00000000 x27=0x00000000
     284105.000 ns	     28409	80006070	36fced13	ori	x26,x25,879	 x25:0xde8b8fe8 x26=0xde8b8fef
     284115.000 ns	     28410	80006074	0f5372b7	lui	x5,0xf537	  x5=0x0f537000
     284135.000 ns	     28412	80006078	286c1ed3	fmax.s	f29,f24,f6	 f24:0xff800000  f6:0x80000000 f29=0x80000000
     284165.000 ns	     28415	8000607c	a1d7a653	feq.s	x12,f15,f29	 f15:0x80041024 f29:0x00000000 x12=0x00000000
     284185.000 ns	     28417	80006080	7aa4cc93	xori	x25,x9,1962	  x9:0x0000079d x25=0x00000037
     284205.000 ns	     28419	80006084	a080a053	feq.s	x0,f1,f8	  f1:0x7fc00000  f8:0x41100000
     284225.000 ns	     28421	80006088	952d9c37	lui	x24,0x952d9	 x24=0x952d9000
     284235.000 ns	     28422	8000608c	00000013	addi	x0,x0,0	  x0:0x00000000
     284245.000 ns	     28423	80006090	4f250793	addi	x15,x10,1266	 x10:0x000007ed x15=0x00000cdf
     284265.000 ns	     28425	80006094	d0178653	fcvt.s.wu	f12,x15	 x15:0xffffffff f12=0x454df000
     284305.000 ns	     28429	80006098	106da153	fmul.s	f2,f27,f6	 f27:0xd4813ed0  f6:0x80000000  f2=0x00000000
     284335.000 ns	     28432	8000609c	c00129d3	fcvt.w.s	x19,f2	  f2:0x7fc00000 x19=0x00000000
     284365.000 ns	     28435	800060a0	034a83b3	mul	x7,x21,x20	 x21:0x7ffbf6f5 x20:0x7c84152b  x7=0x2ce89427
     284395.000 ns	     28438	800060a4	290e02d3	fmin.s	f5,f28,f16	 f28:0x42900000 f16:0x4e013ef9  f5=0x42900000
     284415.000 ns	     28440	800060a8	52b68913	addi	x18,x13,1323	 x13:0x80041024 x18=0x8004154f
     284435.000 ns	     28442	800060ac	03b995b3	mulh	x11,x19,x27	 x19:0x00000000 x27:0x00000000 x11=0x00000000
     284485.000 ns	     28447	800060b0	09a97b53	fsub.s	f22,f18,f26	 f18:0x41100000 f26:0x80041024 f22=0x41100000
     284505.000 ns	     28449	800060b4	013ea733	slt	x14,x29,x19	 x29:0x00000153 x19:0x00000000 x14=0x00000000
     284515.000 ns	     28450	800060b8	405dd5b3	sra	x11,x27,x5	 x27:0x00000000  x5:0x0f537000 x11=0x00000000
     284535.000 ns	     28452	800060bc	215891d3	fsgnjn.s	f3,f17,f21	 f17:0xd4813ed0 f21:0x7fc00000  f3=0xd4813ed0
     284555.000 ns	     28454	800060c0	a314b993	sltiu	x19,x9,-1487	  x9:0x0000079d x19=0x00000001
     284565.000 ns	     28455	800060c4	01945033	srl	x0,x8,x25	  x8:0x80040fe4 x25:0x00000037
     284585.000 ns	     28457	800060c8	d00d7c53	fcvt.s.w	f24,x26	 x26:0xde8b8fef f24=0xce05d1c0
     284605.000 ns	     28459	800060cc	b1b6f893	andi	x17,x13,-1253	 x13:0x80041024 x17=0x80041000
     284625.000 ns	     28461	800060d0	032a3a33	mulhu	x20,x20,x18	 x20:0x7c84152b x18:0x8004154f x20=0x3e440703
     284645.000 ns	     28463	800060d4	0023ac33	slt	x24,x7,x2	  x7:0x2ce89427  x2:0xb28f99ab x24=0x00000000
     284665.000 ns	     28465	800060d8	20a89f53	fsgnjn.s	f30,f17,f10	 f17:0xd4813ed0 f10:0xcf000000 f30=0x54813ed0
     284695.000 ns	     28468	800060dc	02bf9133	mulh	x2,x31,x11	 x31:0x00000001 x11:0x00000000  x2=0x00000000
     284725.000 ns	     28471	800060e0	29ae0853	fmin.s	f16,f28,f26	 f28:0x42900000 f26:0x80041024 f16=0x80041024
     284775.000 ns	     28476	800060e4	01c4f6d3	fadd.s	f13,f9,f28	  f9:0x698280ba f28:0x42900000 f13=0x698280ba
     284795.000 ns	     28478	800060e8	00de5613	srli	x12,x28,0xd	 x28:0x00000000 x12=0x00000000
     284825.000 ns	     28481	800060ec	19612453	fdiv.s	f8,f2,f22	  f2:0x00000000 f22:0x41100000  f8=0x00000000
     285195.000 ns	     28518	800060f0	02dcc633	div	x12,x25,x13	 x25:0x00000037 x13:0x80041024 x12=0x00000000
     285245.000 ns	     28523	800060f4	09e0b2d3	fsub.s	f5,f1,f30	  f1:0x7fc00000 f30:0x54813ed0  f5=0x7fc00000
     285615.000 ns	     28560	800060f8	028b78b3	remu	x17,x22,x8	 x22:0x00000446  x8:0x80040fe4 x17=0x00000446
     285635.000 ns	     28562	800060fc	9098c893	xori	x17,x17,-1783	 x17:0x80041000 x17=0xfffffd4f
     285655.000 ns	     28564	80006100	a0b915d3	flt.s	x11,f18,f11	 f18:0x41100000 f11:0xffc00000 x11=0x00000000
     285675.000 ns	     28566	80006104	016dd593	srli	x11,x27,0x16	 x27:0x00000000 x11=0x00000000
     285695.000 ns	     28568	80006108	f00f0153	fmv.w.x	f2,x30	 x30:0x80040fed  f2=0x80040fed
     285715.000 ns	     28570	8000610c	01b3a9b3	slt	x19,x7,x27	  x7:0x2ce89427 x27:0x00000000 x19=0x00000000
     285755.000 ns	     28574	80006110	01329b53	fadd.s	f22,f5,f19	  f5:0x7fc00000 f19:0x00000000 f22=0x7fc00000
     286125.000 ns	     28611	80006114	03f879b3	remu	x19,x16,x31	 x16:0x00000001 x31:0x00000001 x19=0x00000000
     286145.000 ns	     28613	80006118	4f753db7	lui	x27,0x4f753	 x27=0x4f753000
     286165.000 ns	     28615	8000611c	e0040d53	fmv.x.w	x26,f8	  f8:0x00000000 x26=0x00000000
     286185.000 ns	     28617	80006120	7f9dab93	slti	x23,x27,2041	 x27:0x00000000 x23=0x00000000
     286205.000 ns	     28619	80006124	c0010753	fcvt.w.s	x14,f2	  f2:0x80040fed x14=0x00000000
     286235.000 ns	     28622	80006128	a10fa7d3	feq.s	x15,f31,f16	 f31:0x80041024 f16:0x80041024 x15=0x00000001
     286255.000 ns	     28624	8000612c	cb398a93	addi	x21,x19,-845	 x19:0x00000000 x21=0xfffffcb3
     286265.000 ns	     28625	80006130	01901db3	sll	x27,x0,x25	  x0:0x00000000 x25:0x00000037 x27=0x00000000
     286275.000 ns	     28626	80006134	0057dbb3	srl	x23,x15,x5	 x15:0x00000001  x5:0x0f537000 x23=0x00000001
     286285.000 ns	     28627	80006138	009364b3	or	x9,x6,x9	  x6:0x6dc082b2  x9:0x0000079d  x9=0x6dc087bf
     286295.000 ns	     28628	8000613c	01661713	slli	x14,x12,0x16	 x12:0x00000000 x14=0x00000000
     286305.000 ns	     28629	80006140	007482b3	add	x5,x9,x7	  x9:0x0000079d  x7:0x2ce89427  x5=0x9aa91be6
     286345.000 ns	     28633	80006144	087f4ed3	fsub.s	f29,f30,f7	 f30:0x54813ed0  f7:0x4d7060a0 f29=0x54813cef
     286375.000 ns	     28636	80006148	02bdd833	divu	x16,x27,x11	 x27:0x00000000 x11:0x00000000 x16=0xffffffff
     286425.000 ns	     28641	8000614c	012fcc53	fadd.s	f24,f31,f18	 f31:0x80041024 f18:0x41100000 f24=0x41100000
     286455.000 ns	     28644	80006150	e0078153	fmv.x.w	x2,f15	 f15:0x80041024  x2=0x80041024
     286475.000 ns	     28646	80006154	1876f993	andi	x19,x13,391	 x13:0x80041024 x19=0x00000004
     286485.000 ns	     28647	80006158	0fdba293	slti	x5,x23,253	 x23:0x00000001  x5=0x00000001
     286505.000 ns	     28649	8000615c	29761d53	fmax.s	f26,f12,f23	 f12:0x454df000 f23:0x7fc00000 f26=0x454df000
     286535.000 ns	     28652	80006160	e0029c53	fclass.s	x24,f5	  f5:0x7fc00000 x24=0x00000200
     286565.000 ns	     28655	80006164	03aa64b3	rem	x9,x20,x26	 x20:0x3e440703 x26:0x00000000  x9=0x3e440703
     286585.000 ns	     28657	80006168	fb1abd13	sltiu	x26,x21,-79	 x21:0xfffffcb3 x26=0x00000001
     286605.000 ns	     28659	8000616c	a04b2b53	feq.s	x22,f22,f4	 f22:0x7fc00000  f4:0x80041024 x22=0x00000000
     286655.000 ns	     28664	80006170	007113d3	fadd.s	f7,f2,f7	  f2:0x80040fed  f7:0x4d7060a0  f7=0x4d7060a0
     286685.000 ns	     28667	80006174	025a9ab3	mulh	x21,x21,x5	 x21:0xfffffcb3  x5:0x00000001 x21=0xffffffff
     287025.000 ns	     28701	80006178	187e0053	fdiv.s	f0,f28,f7	 f28:0x42900000  f7:0x4d7060a0  f0=0x34900000
     287045.000 ns	     28703	8000617c	eed38a93	addi	x21,x7,-275	  x7:0x2ce89427 x21=0x2ce89314
     287055.000 ns	     28704	80006180	41040133	sub	x2,x8,x16	  x8:0x80040fe4 x16:0xffffffff  x2=0x80040fe5
     287075.000 ns	     28706	80006184	02486ab3	rem	x21,x16,x4	 x16:0xffffffff  x4:0x00000000 x21=0xffffffff
     287125.000 ns	     28711	80006188	00737ad3	fadd.s	f21,f6,f7	  f6:0x80000000  f7:0x4d7060a0 f21=0x4d7060a0
     287155.000 ns	     28714	8000618c	20428953	fsgnj.s	f18,f5,f4	  f5:0x7fc00000  f4:0x80041024 f18=0xffc00000
     287185.000 ns	     28717	80006190	02cdb133	mulhu	x2,x27,x12	 x27:0x00000000 x12:0x00000000  x2=0x00000000
     287215.000 ns	     28720	80006194	033c3333	mulhu	x6,x24,x19	 x24:0x00000200 x19:0x00000004  x6=0x00000000
     287245.000 ns	     28723	80006198	d0022cd3	fcvt.s.w	f25,x4	  x4:0x00000000 f25=0x00000000
     287265.000 ns	     28725	8000619c	019221b3	slt	x3,x4,x25	  x4:0x00000000 x25:0x00000037  x3=0x00000001
     287625.000 ns	     28761	800061a0	02854eb3	div	x29,x10,x8	 x10:0x000007ed  x8:0x80040fe4 x29=0x00000000
     287655.000 ns	     28764	800061a4	20dc9053	fsgnjn.s	f0,f25,f13	 f25:0x00000000 f13:0x698280ba  f0=0x80000000
     287675.000 ns	     28766	800061a8	017ef133	and	x2,x29,x23	 x29:0x00000000 x23:0x00000001  x2=0x00000000
     287685.000 ns	     28767	800061ac	01acc933	xor	x18,x25,x26	 x25:0x00000037 x26:0x00000001 x18=0x00000036
     287705.000 ns	     28769	800061b0	d011bed3	fcvt.s.wu	f29,x3	  x3:0x00000001 f29=0x3f800000
     287725.000 ns	     28771	800061b4	faa5eab7	lui	x21,0xfaa5e	 x21=0xfaa5e000
     287745.000 ns	     28773	800061b8	02e85f33	divu	x30,x16,x14	 x16:0xffffffff x14:0x00000000 x30=0xffffffff
     287765.000 ns	     28775	800061bc	7a2e7a37	lui	x20,0x7a2e7	 x20=0x7a2e7000
     287785.000 ns	     28777	800061c0	03c417b3	mulh	x15,x8,x28	  x8:0x80040fe4 x28:0x00000000 x15=0x00000000
     287805.000 ns	     28779	800061c4	00f091b3	sll	x3,x1,x15	  x1:0x00000009 x15:0x00000001  x3=0x00000009
     287815.000 ns	     28780	800061c8	8c746013	ori	x0,x8,-1849	  x8:0x80040fe4
     287825.000 ns	     28781	800061cc	01af1b93	slli	x23,x30,0x1a	 x30:0xffffffff x23=0xfc000000
     287835.000 ns	     28782	800061d0	009c6533	or	x10,x24,x9	 x24:0x00000200  x9:0x3e440703 x10=0x3e440703
     287845.000 ns	     28783	800061d4	0120ed33	or	x26,x1,x18	  x1:0x00000009 x18:0x00000036 x26=0x0000003f
     287855.000 ns	     28784	800061d8	0a7aba17	auipc	x20,0xa7ab	 x20=0x8a7b11d8
     287885.000 ns	     28787	800061dc	1065ffd3	fmul.s	f31,f11,f6	 f11:0xffc00000  f6:0x80000000 f31=0x7fc00000
     287905.000 ns	     28789	800061e0	0070fbb3	and	x23,x1,x7	  x1:0x00000009  x7:0x2ce89427 x23=0x00000001
     287925.000 ns	     28791	800061e4	0376bf33	mulhu	x30,x13,x23	 x13:0x80041024 x23:0xfc000000 x30=0x00000000
     287955.000 ns	     28794	800061e8	e00e0c53	fmv.x.w	x24,f28	 f28:0x42900000 x24=0x42900000
     287985.000 ns	     28797	800061ec	d00198d3	fcvt.s.w	f17,x3	  x3:0x00000009 f17=0x41100000
     288005.000 ns	     28799	800061f0	41800d33	sub	x26,x0,x24	  x0:0x00000000 x24:0x42900000 x26=0xbd700000
     288015.000 ns	     28800	800061f4	b050a613	slti	x12,x1,-1275	  x1:0x00000009 x12=0x00000000
     288375.000 ns	     28836	800061f8	0314e533	rem	x10,x9,x17	  x9:0x3e440703 x17:0xfffffd4f x10=0x00000173
     288395.000 ns	     28838	800061fc	a81dfc13	andi	x24,x27,-1407	 x27:0x00000000 x24=0x00000000
     288415.000 ns	     28840	80006200	a0438353	fle.s	x6,f7,f4	  f7:0x4d7060a0  f4:0x80041024  x6=0x00000000
     288445.000 ns	     28843	80006204	c01bffd3	fcvt.wu.s	x31,f23	 f23:0x7fc00000 x31=0xffffffff
     288475.000 ns	     28846	80006208	d00f7fd3	fcvt.s.w	f31,x30	 x30:0x00000000 f31=0x00000000
     288495.000 ns	     28848	8000620c	405ddd33	sra	x26,x27,x5	 x27:0x00000000  x5:0x00000001 x26=0x00000000
     288505.000 ns	     28849	80006210	01c71913	slli	x18,x14,0x1c	 x14:0x00000000 x18=0x00000000
     288525.000 ns	     28851	80006214	d007f1d3	fcvt.s.w	f3,x15	 x15:0x00000000  f3=0x00000000
     288895.000 ns	     28888	80006218	0334edb3	rem	x27,x9,x19	  x9:0x3e440703 x19:0x00000004 x27=0x00000003
     288915.000 ns	     28890	8000621c	410a5b93	srai	x23,x20,0x10	 x20:0x8a7b11d8 x23=0xffff8a7b
     288935.000 ns	     28892	80006220	03226733	rem	x14,x4,x18	  x4:0x00000000 x18:0x00000000 x14=0x00000000
     288965.000 ns	     28895	80006224	d00c9d53	fcvt.s.w	f26,x25	 x25:0x00000037 f26=0x425c0000
     288985.000 ns	     28897	80006228	55cdcd13	xori	x26,x27,1372	 x27:0x00000003 x26=0x0000055f
     289005.000 ns	     28899	8000622c	a1e31253	flt.s	x4,f6,f30	  f6:0x80000000 f30:0x54813ed0  x4=0x00000001
     289035.000 ns	     28902	80006230	a160a7d3	feq.s	x15,f1,f22	  f1:0x7fc00000 f22:0x7fc00000 x15=0x00000000
     289405.000 ns	     28939	80006234	034dd533	divu	x10,x27,x20	 x27:0x00000003 x20:0x8a7b11d8 x10=0x00000000
     289435.000 ns	     28942	80006238	e00f8053	fmv.x.w	x0,f31	 f31:0x00000000
     289455.000 ns	     28944	8000623c	4075dd13	srai	x26,x11,0x7	 x11:0x00000000 x26=0x00000000
     289465.000 ns	     28945	80006240	80417993	andi	x19,x2,-2044	  x2:0x00000000 x19=0x00000000
     289485.000 ns	     28947	80006244	d00528d3	fcvt.s.w	f17,x10	 x10:0x00000000 f17=0x00000000
     289505.000 ns	     28949	80006248	00124eb3	xor	x29,x4,x1	  x4:0x00000001  x1:0x00000009 x29=0x00000008
     289535.000 ns	     28952	8000624c	194f7b53	fdiv.s	f22,f30,f20	 f30:0x54813ed0 f20:0x7fc00000 f22=0x7fc00000
     289565.000 ns	     28955	80006250	a1aa0d53	fle.s	x26,f20,f26	 f20:0x7fc00000 f26:0x425c0000 x26=0x00000000
     289585.000 ns	     28957	80006254	88d1abb7	lui	x23,0x88d1a	 x23=0x88d1a000
     289595.000 ns	     28958	80006258	41f6d113	srai	x2,x13,0x1f	 x13:0x80041024  x2=0xffffffff
     289615.000 ns	     28960	8000625c	a04e2fd3	feq.s	x31,f28,f4	 f28:0x42900000  f4:0x80041024 x31=0x00000000
     289645.000 ns	     28963	80006260	d002f053	fcvt.s.w	f0,x5	  x5:0x00000001  f0=0x3f800000
     289665.000 ns	     28965	80006264	0137f7b3	and	x15,x15,x19	 x15:0x00000000 x19:0x00000000 x15=0x00000000
     289675.000 ns	     28966	80006268	1070e193	ori	x3,x1,263	  x1:0x00000009  x3=0x0000010f
     289695.000 ns	     28968	8000626c	02f9a933	mulhsu	x18,x19,x15	 x19:0x00000000 x15:0x00000000 x18=0x00000000
     289715.000 ns	     28970	80006270	0167dd33	srl	x26,x15,x22	 x15:0x00000000 x22:0x00000000 x26=0x00000000
     289725.000 ns	     28971	80006274	8c8bbcb7	lui	x25,0x8c8bb	 x25=0x8c8bb000
     289735.000 ns	     28972	80006278	8d9ce593	ori	x11,x25,-1831	 x25:0x00000037 x11=0xfffff8d9
     289745.000 ns	     28973	8000627c	01afd593	srli	x11,x31,0x1a	 x31:0x00000000 x11=0x00000000
     289755.000 ns	     28974	80006280	00ae0633	add	x12,x28,x10	 x28:0x00000000 x10:0x00000000 x12=0x00000000
     289775.000 ns	     28976	80006284	d01c8053	fcvt.s.wu	f0,x25	 x25:0x8c8bb000  f0=0x4f0c8bb0
     289805.000 ns	     28979	80006288	03e33ab3	mulhu	x21,x6,x30	  x6:0x00000000 x30:0x00000000 x21=0x00000000
     289825.000 ns	     28981	8000628c	0015e033	or	x0,x11,x1	 x11:0x00000000  x1:0x00000009
     289835.000 ns	     28982	80006290	01f3cf33	xor	x30,x7,x31	  x7:0x2ce89427 x31:0x00000000 x30=0x2ce89427
     290195.000 ns	     29018	80006294	0311de33	divu	x28,x3,x17	  x3:0x0000010f x17:0xfffffd4f x28=0x00000000
     290215.000 ns	     29020	80006298	00ac9733	sll	x14,x25,x10	 x25:0x8c8bb000 x10:0x00000000 x14=0x8c8bb000
     290225.000 ns	     29021	8000629c	73a0ff13	andi	x30,x1,1850	  x1:0x00000009 x30=0x00000008
     290245.000 ns	     29023	800062a0	02da0b33	mul	x22,x20,x13	 x20:0x8a7b11d8 x13:0x80041024 x22=0x71cc0260
     290265.000 ns	     29025	800062a4	00b7d893	srli	x17,x15,0xb	 x15:0x00000000 x17=0x00000000
     290295.000 ns	     29028	800062a8	1134c153	fmul.s	f2,f9,f19	  f9:0x698280ba f19:0x00000000  f2=0x00000000
     290315.000 ns	     29030	800062ac	004fecb3	or	x25,x31,x4	 x31:0x00000000  x4:0x00000001 x25=0x00000001
     290325.000 ns	     29031	800062b0	009e8133	add	x2,x29,x9	 x29:0x00000008  x9:0x3e440703  x2=0x3e44070b
     290345.000 ns	     29033	800062b4	e0028853	fmv.x.w	x16,f5	  f5:0x7fc00000 x16=0x7fc00000
     290365.000 ns	     29035	800062b8	00c2ddb3	srl	x27,x5,x12	  x5:0x00000001 x12:0x00000000 x27=0x00000001
     290375.000 ns	     29036	800062bc	00000013	addi	x0,x0,0	  x0:0x00000000
     290395.000 ns	     29038	800062c0	a12684d3	fle.s	x9,f13,f18	 f13:0x698280ba f18:0xffc00000  x9=0x00000000
     290415.000 ns	     29040	800062c4	70e2f593	andi	x11,x5,1806	  x5:0x00000001 x11=0x00000000
     290425.000 ns	     29041	800062c8	93847637	lui	x12,0x93847	 x12=0x93847000
     290435.000 ns	     29042	800062cc	01c4e833	or	x16,x9,x28	  x9:0x00000000 x28:0x00000000 x16=0x00000000
     290455.000 ns	     29044	800062d0	02d79d33	mulh	x26,x15,x13	 x15:0x00000000 x13:0x80041024 x26=0x00000000
     290475.000 ns	     29046	800062d4	fd72d9b7	lui	x19,0xfd72d	 x19=0xfd72d000
     290485.000 ns	     29047	800062d8	d46faa17	auipc	x20,0xd46fa	 x20=0x547002d8
     290505.000 ns	     29049	800062dc	02a783b3	mul	x7,x15,x10	 x15:0x00000000 x10:0x00000000  x7=0x00000000
     290525.000 ns	     29051	800062e0	04921a97	auipc	x21,0x4921	 x21=0x849272e0
     290535.000 ns	     29052	800062e4	0003e833	or	x16,x7,x0	  x7:0x00000000  x0:0x00000000 x16=0x00000000
     290545.000 ns	     29053	800062e8	41795c93	srai	x25,x18,0x17	 x18:0x00000000 x25=0x00000000
     290565.000 ns	     29055	800062ec	03ec2133	mulhsu	x2,x24,x30	 x24:0x00000000 x30:0x00000008  x2=0x00000000
     290595.000 ns	     29058	800062f0	03651f33	mulh	x30,x10,x22	 x10:0x00000000 x22:0x71cc0260 x30=0x00000000
     290615.000 ns	     29060	800062f4	4be6ee13	ori	x28,x13,1214	 x13:0x80041024 x28=0x800414be
     290635.000 ns	     29062	800062f8	e00915d3	fclass.s	x11,f18	 f18:0xffc00000 x11=0x00000200
     290665.000 ns	     29065	800062fc	e0059653	fclass.s	x12,f11	 f11:0xffc00000 x12=0x00000200
     290695.000 ns	     29068	80006300	d015f0d3	fcvt.s.wu	f1,x11	 x11:0x00000200  f1=0x44000000
     290715.000 ns	     29070	80006304	9ba02213	slti	x4,x0,-1606	  x0:0x00000000  x4=0x00000000
     290735.000 ns	     29072	80006308	20a51653	fsgnjn.s	f12,f10,f10	 f10:0xcf000000 f10:0xcf000000 f12=0x4f000000
     290755.000 ns	     29074	8000630c	418d05b3	sub	x11,x26,x24	 x26:0x00000000 x24:0x00000000 x11=0x00000000
     290785.000 ns	     29077	80006310	1056fb53	fmul.s	f22,f13,f5	 f13:0x698280ba  f5:0x7fc00000 f22=0x7fc00000
     290815.000 ns	     29080	80006314	02412eb3	mulhsu	x29,x2,x4	  x2:0x00000000  x4:0x00000000 x29=0x00000000
     290835.000 ns	     29082	80006318	66a3f893	andi	x17,x7,1642	  x7:0x00000000 x17=0x00000000
     290855.000 ns	     29084	8000631c	215911d3	fsgnjn.s	f3,f18,f21	 f18:0xffc00000 f21:0x4d7060a0  f3=0xffc00000
     290885.000 ns	     29087	80006320	025e92b3	mulh	x5,x29,x5	 x29:0x00000000  x5:0x00000001  x5=0x00000000
     290905.000 ns	     29089	80006324	4065dab3	sra	x21,x11,x6	 x11:0x00000000  x6:0x00000000 x21=0x00000000
     290915.000 ns	     29090	80006328	01c73ab3	sltu	x21,x14,x28	 x14:0x8c8bb000 x28:0x800414be x21=0x00000000
     290925.000 ns	     29091	8000632c	41e50333	sub	x6,x10,x30	 x10:0x00000000 x30:0x00000000  x6=0x00000000
     290935.000 ns	     29092	80006330	a2934893	xori	x17,x6,-1495	  x6:0x00000000 x17=0xfffffa29
     290955.000 ns	     29094	80006334	03081333	mulh	x6,x16,x16	 x16:0x00000000 x16:0x00000000  x6=0x00000000
     290975.000 ns	     29096	80006338	007d1233	sll	x4,x26,x7	 x26:0x00000000  x7:0x00000000  x4=0x00000000
     290985.000 ns	     29097	8000633c	3ca32f13	slti	x30,x6,970	  x6:0x00000000 x30=0x00000001
     290995.000 ns	     29098	80006340	40725c93	srai	x25,x4,0x7	  x4:0x00000000 x25=0x00000000
     291005.000 ns	     29099	80006344	41a28133	sub	x2,x5,x26	  x5:0x00000000 x26:0x00000000  x2=0x00000000
     291015.000 ns	     29100	80006348	004319b3	sll	x19,x6,x4	  x6:0x00000000  x4:0x00000000 x19=0x00000000
     291025.000 ns	     29101	8000634c	00f9e9b3	or	x19,x19,x15	 x19:0xfd72d000 x15:0x00000000 x19=0x00000000
     291035.000 ns	     29102	80006350	0085ecb3	or	x25,x11,x8	 x11:0x00000000  x8:0x80040fe4 x25=0x80040fe4
     291055.000 ns	     29104	80006354	c00101d3	fcvt.w.s	x3,f2	  f2:0x00000000  x3=0x00000000
     291085.000 ns	     29107	80006358	e00f04d3	fmv.x.w	x9,f30	 f30:0x54813ed0  x9=0x54813ed0
     291105.000 ns	     29109	8000635c	0161f033	and	x0,x3,x22	  x3:0x00000000 x22:0x71cc0260
     291115.000 ns	     29110	80006360	419d0633	sub	x12,x26,x25	 x26:0x00000000 x25:0x80040fe4 x12=0x7ffbf01c
     291135.000 ns	     29112	80006364	20b719d3	fsgnjn.s	f19,f14,f11	 f14:0x3f800000 f11:0xffc00000 f19=0x3f800000
     291165.000 ns	     29115	80006368	207909d3	fsgnj.s	f19,f18,f7	 f18:0xffc00000  f7:0x4d7060a0 f19=0x7fc00000
     291185.000 ns	     29117	8000636c	40825a33	sra	x20,x4,x8	  x4:0x00000000  x8:0x80040fe4 x20=0x00000000
     291205.000 ns	     29119	80006370	292e1ed3	fmax.s	f29,f28,f18	 f28:0x42900000 f18:0xffc00000 f29=0x42900000
     291235.000 ns	     29122	80006374	20cea6d3	fsgnjx.s	f13,f29,f12	 f29:0x3f800000 f12:0x4f000000 f13=0x42900000
     291255.000 ns	     29124	80006378	374c8f13	addi	x30,x25,884	 x25:0x80040fe4 x30=0x80041358
     291265.000 ns	     29125	8000637c	6317db37	lui	x22,0x6317d	 x22=0x6317d000
     291275.000 ns	     29126	80006380	002cf8b3	and	x17,x25,x2	 x25:0x80040fe4  x2:0x00000000 x17=0x00000000
     291295.000 ns	     29128	80006384	d013f053	fcvt.s.wu	f0,x7	  x7:0x00000000  f0=0x00000000
     291325.000 ns	     29131	80006388	e00e9f53	fclass.s	x30,f29	 f29:0x42900000 x30=0x00000040
     291345.000 ns	     29133	8000638c	014d5613	srli	x12,x26,0x14	 x26:0x00000000 x12=0x00000000
     291355.000 ns	     29134	80006390	0047a033	slt	x0,x15,x4	 x15:0x00000000  x4:0x00000000
     291365.000 ns	     29135	80006394	01d3feb3	and	x29,x7,x29	  x7:0x00000000 x29:0x00000000 x29=0x00000000
     291725.000 ns	     29171	80006398	021f4533	div	x10,x30,x1	 x30:0x00000040  x1:0x00000009 x10=0x00000007
     291755.000 ns	     29174	8000639c	024738b3	mulhu	x17,x14,x4	 x14:0x8c8bb000  x4:0x00000000 x17=0x00000000
     291805.000 ns	     29179	800063a0	011d24d3	fadd.s	f9,f26,f17	 f26:0x425c0000 f17:0x00000000  f9=0x425c0000
     291825.000 ns	     29181	800063a4	bfe67d93	andi	x27,x12,-1026	 x12:0x00000000 x27=0x00000000
     291835.000 ns	     29182	800063a8	fbb64f13	xori	x30,x12,-69	 x12:0x00000000 x30=0xffffffbb
     291855.000 ns	     29184	800063ac	d002f853	fcvt.s.w	f16,x5	  x5:0x00000000 f16=0x00000000
     291875.000 ns	     29186	800063b0	41295d33	sra	x26,x18,x18	 x18:0x00000000 x18:0x00000000 x26=0x00000000
     292235.000 ns	     29222	800063b4	02a76cb3	rem	x25,x14,x10	 x14:0x8c8bb000 x10:0x00000007 x25=0xfffffffe
     292265.000 ns	     29225	800063b8	f0088553	fmv.w.x	f10,x17	 x17:0x00000000 f10=0x00000000
     292285.000 ns	     29227	800063bc	e9750813	addi	x16,x10,-361	 x10:0x00000007 x16=0xfffffe9e
     292305.000 ns	     29229	800063c0	20dd10d3	fsgnjn.s	f1,f26,f13	 f26:0x425c0000 f13:0x42900000  f1=0xc25c0000
     292325.000 ns	     29231	800063c4	4e0dac13	slti	x24,x27,1248	 x27:0x00000000 x24=0x00000001
     292335.000 ns	     29232	800063c8	017e1713	slli	x14,x28,0x17	 x28:0x800414be x14=0x5f000000
     292345.000 ns	     29233	800063cc	002f8d33	add	x26,x31,x2	 x31:0x00000000  x2:0x00000000 x26=0x00000000
     292365.000 ns	     29235	800063d0	031d4233	div	x4,x26,x17	 x26:0x00000000 x17:0x00000000  x4=0xffffffff
     292405.000 ns	     29239	800063d4	11903bd3	fmul.s	f23,f0,f25	  f0:0x00000000 f25:0x00000000 f23=0x00000000
     292425.000 ns	     29241	800063d8	00c7ffb3	and	x31,x15,x12	 x15:0x00000000 x12:0x00000000 x31=0x00000000
     292445.000 ns	     29243	800063dc	020d87b3	mul	x15,x27,x0	 x27:0x00000000  x0:0x00000000 x15=0x00000000
     292475.000 ns	     29246	800063e0	02ac8333	mul	x6,x25,x10	 x25:0xfffffffe x10:0x00000007  x6=0xfffffff2
     292495.000 ns	     29248	800063e4	00000013	addi	x0,x0,0	  x0:0x00000000
     292505.000 ns	     29249	800063e8	015e8d33	add	x26,x29,x21	 x29:0x00000000 x21:0x00000000 x26=0x00000000
     292515.000 ns	     29250	800063ec	01a95033	srl	x0,x18,x26	 x18:0x00000000 x26:0x00000000
     292525.000 ns	     29251	800063f0	00000013	addi	x0,x0,0	  x0:0x00000000
     292535.000 ns	     29252	800063f4	efaff793	andi	x15,x31,-262	 x31:0x00000000 x15=0x00000000
     292545.000 ns	     29253	800063f8	03af3893	sltiu	x17,x30,58	 x30:0xffffffbb x17=0x00000000
     292565.000 ns	     29255	800063fc	03282233	mulhsu	x4,x16,x18	 x16:0xfffffe9e x18:0x00000000  x4=0x00000000
     292935.000 ns	     29292	80006400	030ef133	remu	x2,x29,x16	 x29:0x00000000 x16:0xfffffe9e  x2=0x00000000
     292965.000 ns	     29295	80006404	d01c33d3	fcvt.s.wu	f7,x24	 x24:0x00000001  f7=0x3f800000
     292995.000 ns	     29298	80006408	286104d3	fmin.s	f9,f2,f6	  f2:0x00000000  f6:0x80000000  f9=0x80000000
     293015.000 ns	     29300	8000640c	00dfebb3	or	x23,x31,x13	 x31:0x00000000 x13:0x80041024 x23=0x80041024
     293035.000 ns	     29302	80006410	d0097ad3	fcvt.s.w	f21,x18	 x18:0x00000000 f21=0x00000000
     293055.000 ns	     29304	80006414	415fd533	sra	x10,x31,x21	 x31:0x00000000 x21:0x00000000 x10=0x00000000
     293075.000 ns	     29306	80006418	d00f7a53	fcvt.s.w	f20,x30	 x30:0xffffffbb f20=0xc28a0000
     293095.000 ns	     29308	8000641c	d2e0b817	auipc	x16,0xd2e0b	 x16=0x52e1141c
     293455.000 ns	     29344	80006420	021e4db3	div	x27,x28,x1	 x28:0x800414be  x1:0x00000009 x27=0xf1c79087
     293485.000 ns	     29347	80006424	02f3eeb3	rem	x29,x7,x15	  x7:0x00000000 x15:0x00000000 x29=0x00000000
     293515.000 ns	     29350	80006428	28648553	fmin.s	f10,f9,f6	  f9:0x80000000  f6:0x80000000 f10=0x80000000
     293535.000 ns	     29352	8000642c	60b82393	slti	x7,x16,1547	 x16:0x52e1141c  x7=0x00000000
     293545.000 ns	     29353	80006430	91b1ecb7	lui	x25,0x91b1e	 x25=0x91b1e000
     293555.000 ns	     29354	80006434	2fb16013	ori	x0,x2,763	  x2:0x00000000
     293565.000 ns	     29355	80006438	00905933	srl	x18,x0,x9	  x0:0x00000000  x9:0x54813ed0 x18=0x00000000
     293585.000 ns	     29357	8000643c	03f53333	mulhu	x6,x10,x31	 x10:0x00000000 x31:0x00000000  x6=0x00000000
     293635.000 ns	     29362	80006440	00baf453	fadd.s	f8,f21,f11	 f21:0x00000000 f11:0xffc00000  f8=0x7fc00000
     293675.000 ns	     29366	80006444	580cfb53	fsqrt.s	f22,f25	 f25:0x00000000 f22=0x00000000
     293705.000 ns	     29369	80006448	02882a33	mulhsu	x20,x16,x8	 x16:0x52e1141c  x8:0x80040fe4 x20=0x2971dab7
     293725.000 ns	     29371	8000644c	005e0d33	add	x26,x28,x5	 x28:0x800414be  x5:0x00000000 x26=0x800414be
     294085.000 ns	     29407	80006450	03625eb3	divu	x29,x4,x22	  x4:0x00000000 x22:0x6317d000 x29=0x00000000
     294115.000 ns	     29410	80006454	a15c0253	fle.s	x4,f24,f21	 f24:0x41100000 f21:0x00000000  x4=0x00000000
     294485.000 ns	     29447	80006458	0218cdb3	div	x27,x17,x1	 x17:0x00000000  x1:0x00000009 x27=0x00000000
     294515.000 ns	     29450	8000645c	e0079cd3	fclass.s	x25,f15	 f15:0x80041024 x25=0x00000004
     294535.000 ns	     29452	80006460	004357b3	srl	x15,x6,x4	  x6:0x00000000  x4:0x00000000 x15=0x00000000
     294545.000 ns	     29453	80006464	813aaa97	auipc	x21,0x813aa	 x21=0x013b0464
     294555.000 ns	     29454	80006468	da7ed717	auipc	x14,0xda7ed	 x14=0x5a7f3468
     294575.000 ns	     29456	8000646c	02a4d633	divu	x12,x9,x10	  x9:0x54813ed0 x10:0x00000000 x12=0xffffffff
     294605.000 ns	     29459	80006470	29810453	fmin.s	f8,f2,f24	  f2:0x00000000 f24:0x41100000  f8=0x00000000
     294635.000 ns	     29462	80006474	d01c70d3	fcvt.s.wu	f1,x24	 x24:0x00000001  f1=0x3f800000
     294665.000 ns	     29465	80006478	0335ce33	div	x28,x11,x19	 x11:0x00000000 x19:0x00000000 x28=0xffffffff
     294695.000 ns	     29468	8000647c	219a02d3	fsgnj.s	f5,f20,f25	 f20:0xc28a0000 f25:0x00000000  f5=0x428a0000
     294725.000 ns	     29471	80006480	02fcbe33	mulhu	x28,x25,x15	 x25:0x00000004 x15:0x00000000 x28=0x00000000
     294755.000 ns	     29474	80006484	02838933	mul	x18,x7,x8	  x7:0x00000000  x8:0x80040fe4 x18=0x00000000
     294775.000 ns	     29476	80006488	012a2e33	slt	x28,x20,x18	 x20:0x2971dab7 x18:0x00000000 x28=0x00000000
     294805.000 ns	     29479	8000648c	109423d3	fmul.s	f7,f8,f9	  f8:0x00000000  f9:0x80000000  f7=0x80000000
     294825.000 ns	     29481	80006490	91d6f213	andi	x4,x13,-1763	 x13:0x80041024  x4=0x80041004
     294835.000 ns	     29482	80006494	b2bf8c13	addi	x24,x31,-1237	 x31:0x00000000 x24=0xfffffb2b
     294855.000 ns	     29484	80006498	d00da4d3	fcvt.s.w	f9,x27	 x27:0x00000000  f9=0x00000000
     294885.000 ns	     29487	8000649c	d003f2d3	fcvt.s.w	f5,x7	  x7:0x00000000  f5=0x00000000
     294925.000 ns	     29491	800064a0	580af553	fsqrt.s	f10,f21	 f21:0x00000000 f10=0x00000000
     294955.000 ns	     29494	800064a4	20469653	fsgnjn.s	f12,f13,f4	 f13:0x42900000  f4:0x80041024 f12=0x42900000
     294985.000 ns	     29497	800064a8	c0198553	fcvt.wu.s	x10,f19	 f19:0x7fc00000 x10=0xffffffff
     295005.000 ns	     29499	800064ac	009c1513	slli	x10,x24,0x9	 x24:0xfffffb2b x10=0xfff65600
     295025.000 ns	     29501	800064b0	a12b1153	flt.s	x2,f22,f18	 f22:0x00000000 f18:0xffc00000  x2=0x00000000
     295055.000 ns	     29504	800064b4	c0087753	fcvt.w.s	x14,f16	 f16:0x00000000 x14=0x00000000
     295075.000 ns	     29506	800064b8	00e6b4b3	sltu	x9,x13,x14	 x13:0x80041024 x14:0x5a7f3468  x9=0x00000000
     295095.000 ns	     29508	800064bc	02f87db3	remu	x27,x16,x15	 x16:0x52e1141c x15:0x00000000 x27=0x52e1141c
     295145.000 ns	     29513	800064c0	002802d3	fadd.s	f5,f16,f2	 f16:0x00000000  f2:0x00000000  f5=0x00000000
     295165.000 ns	     29515	800064c4	0bd1ee93	ori	x29,x3,189	  x3:0x00000000 x29=0x000000bd
     295175.000 ns	     29516	800064c8	01388933	add	x18,x17,x19	 x17:0x00000000 x19:0x00000000 x18=0x00000000
     295195.000 ns	     29518	800064cc	219095d3	fsgnjn.s	f11,f1,f25	  f1:0x3f800000 f25:0x00000000 f11=0xbf800000
     295215.000 ns	     29520	800064d0	2d27e893	ori	x17,x15,722	 x15:0x00000000 x17=0x000002d2
     295235.000 ns	     29522	800064d4	e00f0fd3	fmv.x.w	x31,f30	 f30:0x54813ed0 x31=0x54813ed0
     295255.000 ns	     29524	800064d8	a314a493	slti	x9,x9,-1487	  x9:0x00000000  x9=0x00000000
     295265.000 ns	     29525	800064dc	1671b293	sltiu	x5,x3,359	  x3:0x00000000  x5=0x00000001
     295275.000 ns	     29526	800064e0	01b4d813	srli	x16,x9,0x1b	  x9:0x00000000 x16=0x00000000
     295295.000 ns	     29528	800064e4	218a96d3	fsgnjn.s	f13,f21,f24	 f21:0x00000000 f24:0x41100000 f13=0x80000000
     295325.000 ns	     29531	800064e8	a0241b53	flt.s	x22,f8,f2	  f8:0x00000000  f2:0x00000000 x22=0x00000000
     295355.000 ns	     29534	800064ec	f0010cd3	fmv.w.x	f25,x2	  x2:0x00000000 f25=0x00000000
     295385.000 ns	     29537	800064f0	02965f33	divu	x30,x12,x9	 x12:0xffffffff  x9:0x00000000 x30=0xffffffff
     295415.000 ns	     29540	800064f4	f0038fd3	fmv.w.x	f31,x7	  x7:0x00000000 f31=0x00000000
     295465.000 ns	     29545	800064f8	09c43ed3	fsub.s	f29,f8,f28	  f8:0x00000000 f28:0x42900000 f29=0xc2900000
     295485.000 ns	     29547	800064fc	00eb5293	srli	x5,x22,0xe	 x22:0x00000000  x5=0x00000000
     295495.000 ns	     29548	80006500	01a8de93	srli	x29,x17,0x1a	 x17:0x000002d2 x29=0x00000000
     295505.000 ns	     29549	80006504	4174de93	srai	x29,x9,0x17	  x9:0x00000000 x29=0x00000000
     295515.000 ns	     29550	80006508	c9e2d037	lui	x0,0xc9e2d	
     295535.000 ns	     29552	8000650c	e0019a53	fclass.s	x20,f3	  f3:0xffc00000 x20=0x00000200
     295555.000 ns	     29554	80006510	018fd8b3	srl	x17,x31,x24	 x31:0x54813ed0 x24:0xfffffb2b x17=0x000a9027
     295585.000 ns	     29557	80006514	18a8fcd3	fdiv.s	f25,f17,f10	 f17:0x00000000 f10:0x00000000 f25=0x7fc00000
     295615.000 ns	     29560	80006518	023fe8b3	rem	x17,x31,x3	 x31:0x54813ed0  x3:0x00000000 x17=0x54813ed0
     295635.000 ns	     29562	8000651c	56db0a93	addi	x21,x22,1389	 x22:0x00000000 x21=0x0000056d
     295675.000 ns	     29566	80006520	011ab353	fadd.s	f6,f21,f17	 f21:0x00000000 f17:0x00000000  f6=0x00000000
     295695.000 ns	     29568	80006524	418c8db3	sub	x27,x25,x24	 x25:0x00000004 x24:0xfffffb2b x27=0x000004d9
     295705.000 ns	     29569	80006528	00000013	addi	x0,x0,0	  x0:0x00000000
     295715.000 ns	     29570	8000652c	afd559b7	lui	x19,0xafd55	 x19=0xafd55000
     295725.000 ns	     29571	80006530	bce8ee13	ori	x28,x17,-1074	 x17:0x54813ed0 x28=0xffffffde
     295735.000 ns	     29572	80006534	74c4bd93	sltiu	x27,x9,1868	  x9:0x00000000 x27=0x00000001
     295745.000 ns	     29573	80006538	00ee7833	and	x16,x28,x14	 x28:0x00000000 x14:0x00000000 x16=0x00000000
     295765.000 ns	     29575	8000653c	020071b3	remu	x3,x0,x0	  x0:0x00000000  x0:0x00000000  x3=0x00000000
     295785.000 ns	     29577	80006540	018d24b3	slt	x9,x26,x24	 x26:0x800414be x24:0xfffffb2b  x9=0x00000001
     295805.000 ns	     29579	80006544	033f23b3	mulhsu	x7,x30,x19	 x30:0xffffffff x19:0xafd55000  x7=0xffffffff
     295845.000 ns	     29583	80006548	10647e53	fmul.s	f28,f8,f6	  f8:0x00000000  f6:0x00000000 f28=0x00000000
     295875.000 ns	     29586	8000654c	c0080cd3	fcvt.w.s	x25,f16	 f16:0x00000000 x25=0x00000000
     295895.000 ns	     29588	80006550	4a3baa93	slti	x21,x23,1187	 x23:0x80041024 x21=0x00000001
     295915.000 ns	     29590	80006554	02ef3233	mulhu	x4,x30,x14	 x30:0xffffffff x14:0x00000000  x4=0x00000000
     295945.000 ns	     29593	80006558	03e83033	mulhu	x0,x16,x30	 x16:0x00000000 x30:0xffffffff
     295985.000 ns	     29597	8000655c	19659553	fdiv.s	f10,f11,f22	 f11:0xbf800000 f22:0x00000000 f10=0xff800000
     296005.000 ns	     29599	80006560	00c519b3	sll	x19,x10,x12	 x10:0xfff65600 x12:0xffffffff x19=0x00000000
     296025.000 ns	     29601	80006564	282512d3	fmax.s	f5,f10,f2	 f10:0xff800000  f2:0x00000000  f5=0x00000000
     296055.000 ns	     29604	80006568	29be9dd3	fmax.s	f27,f29,f27	 f29:0xc2900000 f27:0xd4813ed0 f27=0xc2900000
     296075.000 ns	     29606	8000656c	0189be33	sltu	x28,x19,x24	 x19:0x00000000 x24:0xfffffb2b x28=0x00000001
     296095.000 ns	     29608	80006570	a102a653	feq.s	x12,f5,f16	  f5:0x00000000 f16:0x00000000 x12=0x00000001
     296125.000 ns	     29611	80006574	0251b233	mulhu	x4,x3,x5	  x3:0x00000000  x5:0x00000000  x4=0x00000000
     296145.000 ns	     29613	80006578	00325613	srli	x12,x4,0x3	  x4:0x00000000 x12=0x00000000
     296155.000 ns	     29614	8000657c	007c0233	add	x4,x24,x7	 x24:0xfffffb2b  x7:0xffffffff  x4=0xfffffb2a
     296165.000 ns	     29615	80006580	01cd34b3	sltu	x9,x26,x28	 x26:0x800414be x28:0x00000001  x9=0x00000000
     296185.000 ns	     29617	80006584	29dc04d3	fmin.s	f9,f24,f29	 f24:0x41100000 f29:0xc2900000  f9=0xc2900000
     296205.000 ns	     29619	80006588	f2f46c93	ori	x25,x8,-209	  x8:0x80040fe4 x25=0xffffffef
     296215.000 ns	     29620	8000658c	015ea1b3	slt	x3,x29,x21	 x29:0x00000000 x21:0x00000001  x3=0x00000001
     296575.000 ns	     29656	80006590	02d7d1b3	divu	x3,x15,x13	 x15:0x00000000 x13:0x80041024  x3=0x00000000
     296605.000 ns	     29659	80006594	e00e15d3	fclass.s	x11,f28	 f28:0x00000000 x11=0x00000010
     296625.000 ns	     29661	80006598	00fedd93	srli	x27,x29,0xf	 x29:0x00000000 x27=0x00000000
     296635.000 ns	     29662	8000659c	49670cb7	lui	x25,0x49670	 x25=0x49670000
     296645.000 ns	     29663	800065a0	006342b3	xor	x5,x6,x6	  x6:0x00000000  x6:0x00000000  x5=0x00000000
     296655.000 ns	     29664	800065a4	0107d2b3	srl	x5,x15,x16	 x15:0x00000000 x16:0x00000000  x5=0x00000000
     296665.000 ns	     29665	800065a8	007f1233	sll	x4,x30,x7	 x30:0xffffffff  x7:0xffffffff  x4=0x80000000
     296675.000 ns	     29666	800065ac	01f1fd33	and	x26,x3,x31	  x3:0x00000000 x31:0x54813ed0 x26=0x00000000
     296685.000 ns	     29667	800065b0	75574eb7	lui	x29,0x75574	 x29=0x75574000
     296705.000 ns	     29669	800065b4	f00186d3	fmv.w.x	f13,x3	  x3:0x00000000 f13=0x00000000
     296735.000 ns	     29672	800065b8	c014f7d3	fcvt.wu.s	x15,f9	  f9:0xc2900000 x15=0x00000048
     296765.000 ns	     29675	800065bc	a18a8ed3	fle.s	x29,f21,f24	 f21:0x00000000 f24:0x41100000 x29=0x00000001
     296795.000 ns	     29678	800065c0	020f0033	mul	x0,x30,x0	 x30:0xffffffff  x0:0x00000000
     296815.000 ns	     29680	800065c4	0019ee33	or	x28,x19,x1	 x19:0x00000000  x1:0x00000009 x28=0x00000009
     296825.000 ns	     29681	800065c8	00f03833	sltu	x16,x0,x15	  x0:0x00000000 x15:0x00000048 x16=0x00000001
     296845.000 ns	     29683	800065cc	21cea353	fsgnjx.s	f6,f29,f28	 f29:0xc2900000 f28:0x00000000  f6=0xc2900000
     296875.000 ns	     29686	800065d0	a067aa53	feq.s	x20,f15,f6	 f15:0x80041024  f6:0x00000000 x20=0x00000000
     296895.000 ns	     29688	800065d4	40a48833	sub	x16,x9,x10	  x9:0x00000000 x10:0xfff65600 x16=0x0009aa00
     296915.000 ns	     29690	800065d8	03c58cb3	mul	x25,x11,x28	 x11:0x00000010 x28:0x00000009 x25=0x00000090
     296935.000 ns	     29692	800065dc	5810c193	xori	x3,x1,1409	  x1:0x00000009  x3=0x00000588
     296945.000 ns	     29693	800065e0	17673013	sltiu	x0,x14,374	 x14:0x00000000
     296955.000 ns	     29694	800065e4	00fd5533	srl	x10,x26,x15	 x26:0x00000000 x15:0x00000048 x10=0x00000000
     296965.000 ns	     29695	800065e8	08c40493	addi	x9,x8,140	  x8:0x80040fe4  x9=0x80041070
     296975.000 ns	     29696	800065ec	cbfce517	auipc	x10,0xcbfce	 x10=0x4bfd45ec
     296985.000 ns	     29697	800065f0	608c7713	andi	x14,x24,1544	 x24:0xfffffb2b x14=0x00000208
     296995.000 ns	     29698	800065f4	e7fcb713	sltiu	x14,x25,-385	 x25:0x00000090 x14=0x00000001
     297005.000 ns	     29699	800065f8	6b638e93	addi	x29,x7,1718	  x7:0xffffffff x29=0x000006b5
     297025.000 ns	     29701	800065fc	d013b353	fcvt.s.wu	f6,x7	  x7:0xffffffff  f6=0x4f800000
     297055.000 ns	     29704	80006600	02568933	mul	x18,x13,x5	 x13:0x80041024  x5:0x00000000 x18=0x00000000
     297085.000 ns	     29707	80006604	c001fe53	fcvt.w.s	x28,f3	  f3:0xffc00000 x28=0x7fffffff
     297105.000 ns	     29709	80006608	dba6a193	slti	x3,x13,-582	 x13:0x80041024  x3=0x00000001
     297125.000 ns	     29711	8000660c	02120cb3	mul	x25,x4,x1	  x4:0x80000000  x1:0x00000009 x25=0x80000000
     297495.000 ns	     29748	80006610	02985ab3	divu	x21,x16,x9	 x16:0x0009aa00  x9:0x80041070 x21=0x00000000
     297515.000 ns	     29750	80006614	644bac13	slti	x24,x23,1604	 x23:0x80041024 x24=0x00000001
     297525.000 ns	     29751	80006618	d1b42813	slti	x16,x8,-741	  x8:0x80040fe4 x16=0x00000001
     297545.000 ns	     29753	8000661c	e00b0853	fmv.x.w	x16,f22	 f22:0x00000000 x16=0x00000000
     297565.000 ns	     29755	80006620	01311c93	slli	x25,x2,0x13	  x2:0x00000000 x25=0x00000000
     297575.000 ns	     29756	80006624	b5002eb7	lui	x29,0xb5002	 x29=0xb5002000
     297585.000 ns	     29757	80006628	01dd54b3	srl	x9,x26,x29	 x26:0x00000000 x29:0x000006b5  x9=0x00000000
     297605.000 ns	     29759	8000662c	e00d1cd3	fclass.s	x25,f26	 f26:0x425c0000 x25=0x00000040
     297625.000 ns	     29761	80006630	40a3d833	sra	x16,x7,x10	  x7:0xffffffff x10:0x4bfd45ec x16=0xffffffff
     297635.000 ns	     29762	80006634	0056d1b3	srl	x3,x13,x5	 x13:0x80041024  x5:0x00000000  x3=0x80041024
     297645.000 ns	     29763	80006638	40e05893	srai	x17,x0,0xe	  x0:0x00000000 x17=0x00000000
     297655.000 ns	     29764	8000663c	2c0f6f93	ori	x31,x30,704	 x30:0xffffffff x31=0xffffffff
     297665.000 ns	     29765	80006640	00587a33	and	x20,x16,x5	 x16:0xffffffff  x5:0x00000000 x20=0x00000000
     297685.000 ns	     29767	80006644	02ada5b3	mulhsu	x11,x27,x10	 x27:0x00000000 x10:0x4bfd45ec x11=0x00000000
     297715.000 ns	     29770	80006648	28828253	fmin.s	f4,f5,f8	  f5:0x00000000  f8:0x00000000  f4=0x00000000
     297755.000 ns	     29774	8000664c	106a42d3	fmul.s	f5,f20,f6	 f20:0xc28a0000  f6:0x4f800000  f5=0xd28a0000
     297805.000 ns	     29779	80006650	0857a1d3	fsub.s	f3,f15,f5	 f15:0x80041024  f5:0x00000000  f3=0x528a0000
     297835.000 ns	     29782	80006654	f0058f53	fmv.w.x	f30,x11	 x11:0x00000000 f30=0x00000000
     297865.000 ns	     29785	80006658	a17f8e53	fle.s	x28,f31,f23	 f31:0x00000000 f23:0x00000000 x28=0x00000001
     297885.000 ns	     29787	8000665c	fb33a813	slti	x16,x7,-77	  x7:0xffffffff x16=0x00000000
     297905.000 ns	     29789	80006660	a18703d3	fle.s	x7,f14,f24	 f14:0x3f800000 f24:0x41100000  x7=0x00000001
     297925.000 ns	     29791	80006664	018e9e13	slli	x28,x29,0x18	 x29:0xb5002000 x28=0x00000000
     297945.000 ns	     29793	80006668	c018f7d3	fcvt.wu.s	x15,f17	 f17:0x00000000 x15=0x00000000
     297975.000 ns	     29796	8000666c	e0008cd3	fmv.x.w	x25,f1	  f1:0x3f800000 x25=0x3f800000
     298005.000 ns	     29799	80006670	025e9ab3	mulh	x21,x29,x5	 x29:0xb5002000  x5:0x00000000 x21=0x00000000
     298035.000 ns	     29802	80006674	02fe27b3	mulhsu	x15,x28,x15	 x28:0x00000000 x15:0x00000000 x15=0x00000000
     298055.000 ns	     29804	80006678	011ae533	or	x10,x21,x17	 x21:0x00000000 x17:0x00000000 x10=0x00000000
     298065.000 ns	     29805	8000667c	d5727d13	andi	x26,x4,-681	  x4:0x80000000 x26=0x80000000
     298075.000 ns	     29806	80006680	01ff63b3	or	x7,x30,x31	 x30:0xffffffff x31:0xffffffff  x7=0xffffffff
     298095.000 ns	     29808	80006684	2145a453	fsgnjx.s	f8,f11,f20	 f11:0xbf800000 f20:0xc28a0000  f8=0x3f800000
     298115.000 ns	     29810	80006688	01be3c33	sltu	x24,x28,x27	 x28:0x00000000 x27:0x00000000 x24=0x00000000
     298135.000 ns	     29812	8000668c	d01974d3	fcvt.s.wu	f9,x18	 x18:0x00000000  f9=0x00000000
     298165.000 ns	     29815	80006690	29fa1553	fmax.s	f10,f20,f31	 f20:0xc28a0000 f31:0x00000000 f10=0x00000000
     298185.000 ns	     29817	80006694	5dd52793	slti	x15,x10,1501	 x10:0x00000000 x15=0x00000001
     298215.000 ns	     29820	80006698	58002e53	fsqrt.s	f28,f0	  f0:0x00000000 f28=0x00000000
     298245.000 ns	     29823	8000669c	a1fd8953	fle.s	x18,f27,f31	 f27:0xc2900000 f31:0x00000000 x18=0x00000001
     298275.000 ns	     29826	800066a0	a183ab53	feq.s	x22,f7,f24	  f7:0x80000000 f24:0x41100000 x22=0x00000000
     298305.000 ns	     29829	800066a4	03c85ab3	divu	x21,x16,x28	 x16:0x00000000 x28:0x00000000 x21=0xffffffff
     298355.000 ns	     29834	800066a8	0034b353	fadd.s	f6,f9,f3	  f9:0x00000000  f3:0x528a0000  f6=0x528a0000
     298375.000 ns	     29836	800066ac	01889833	sll	x16,x17,x24	 x17:0x00000000 x24:0x00000000 x16=0x00000000
     298405.000 ns	     29839	800066b0	190df1d3	fdiv.s	f3,f27,f16	 f27:0xc2900000 f16:0x00000000  f3=0xff800000
     298435.000 ns	     29842	800066b4	a0f41b53	flt.s	x22,f8,f15	  f8:0x3f800000 f15:0x80041024 x22=0x00000000
     298455.000 ns	     29844	800066b8	00999213	slli	x4,x19,0x9	 x19:0x00000000  x4=0x00000000
     298465.000 ns	     29845	800066bc	00939f13	slli	x30,x7,0x9	  x7:0xffffffff x30=0xfffffe00
     298475.000 ns	     29846	800066c0	003857b3	srl	x15,x16,x3	 x16:0x00000000  x3:0x80041024 x15=0x00000000
     298505.000 ns	     29849	800066c4	11f47ad3	fmul.s	f21,f8,f31	  f8:0x3f800000 f31:0x00000000 f21=0x00000000
     298535.000 ns	     29852	800066c8	a1cd8853	fle.s	x16,f27,f28	 f27:0xc2900000 f28:0x00000000 x16=0x00000001
     298555.000 ns	     29854	800066cc	008931b3	sltu	x3,x18,x8	 x18:0x00000001  x8:0x80040fe4  x3=0x00000001
     298915.000 ns	     29890	800066d0	03e35fb3	divu	x31,x6,x30	  x6:0x00000000 x30:0xfffffe00 x31=0x00000000
     298935.000 ns	     29892	800066d4	d0728513	addi	x10,x5,-761	  x5:0x00000000 x10=0xfffffd07
     298945.000 ns	     29893	800066d8	3ba97b93	andi	x23,x18,954	 x18:0x00000001 x23=0x00000000
     298955.000 ns	     29894	800066dc	00d2f5b3	and	x11,x5,x13	  x5:0x00000000 x13:0x80041024 x11=0x00000000
     298965.000 ns	     29895	800066e0	00b3d1b3	srl	x3,x7,x11	  x7:0xffffffff x11:0x00000000  x3=0xffffffff
     298995.000 ns	     29898	800066e4	11147fd3	fmul.s	f31,f8,f17	  f8:0x3f800000 f17:0x00000000 f31=0x00000000
     299025.000 ns	     29901	800066e8	20870253	fsgnj.s	f4,f14,f8	 f14:0x3f800000  f8:0x3f800000  f4=0x3f800000
     299045.000 ns	     29903	800066ec	01e28533	add	x10,x5,x30	  x5:0x00000000 x30:0xfffffe00 x10=0xfffffe00
     299055.000 ns	     29904	800066f0	f50dbc13	sltiu	x24,x27,-176	 x27:0x00000000 x24=0x00000001
     299065.000 ns	     29905	800066f4	01a465b3	or	x11,x8,x26	  x8:0x80040fe4 x26:0x80000000 x11=0x80040fe4
     299075.000 ns	     29906	800066f8	41a3d313	srai	x6,x7,0x1a	  x7:0xffffffff  x6=0xffffffff
     299085.000 ns	     29907	800066fc	a4518813	addi	x16,x3,-1467	  x3:0xffffffff x16=0xfffffa44
     299105.000 ns	     29909	80006700	03af1133	mulh	x2,x30,x26	 x30:0xfffffe00 x26:0x80000000  x2=0x00000100
     299135.000 ns	     29912	80006704	a1130353	fle.s	x6,f6,f17	  f6:0x528a0000 f17:0x00000000  x6=0x00000000
     299155.000 ns	     29914	80006708	40e1d4b3	sra	x9,x3,x14	  x3:0xffffffff x14:0x00000001  x9=0xffffffff
     299185.000 ns	     29917	8000670c	19e302d3	fdiv.s	f5,f6,f30	  f6:0x528a0000 f30:0x00000000  f5=0x7f800000
     299205.000 ns	     29919	80006710	00a65033	srl	x0,x12,x10	 x12:0x00000000 x10:0xfffffe00
     299225.000 ns	     29921	80006714	02465933	divu	x18,x12,x4	 x12:0x00000000  x4:0x00000000 x18=0xffffffff
     299245.000 ns	     29923	80006718	99899eb7	lui	x29,0x99899	 x29=0x99899000
     299575.000 ns	     29956	8000671c	18e206d3	fdiv.s	f13,f4,f14	  f4:0x3f800000 f14:0x3f800000 f13=0x3f7fff38
     299605.000 ns	     29959	80006720	20eb2ad3	fsgnjx.s	f21,f22,f14	 f22:0x00000000 f14:0x3f800000 f21=0x00000000
     299625.000 ns	     29961	80006724	01c35f13	srli	x30,x6,0x1c	  x6:0x00000000 x30=0x00000000
     300795.000 ns	     30078	80006728	58062953	fsqrt.s	f18,f12	 f12:0x42900000 f18=0x4107c381
     301975.000 ns	     30196	8000672c	580d19d3	fsqrt.s	f19,f26	 f26:0x425c0000 f19=0x409b9041
     302005.000 ns	     30199	80006730	d007b653	fcvt.s.w	f12,x15	 x15:0x00000000 f12=0x00000000
     302035.000 ns	     30202	80006734	e00815d3	fclass.s	x11,f16	 f16:0x00000000 x11=0x00000010
     302055.000 ns	     30204	80006738	02564a13	xori	x20,x12,37	 x12:0x00000000 x20=0x00000025
     302065.000 ns	     30205	8000673c	41d05b13	srai	x22,x0,0x1d	  x0:0x00000000 x22=0x00000000
     302085.000 ns	     30207	80006740	02d73f33	mulhu	x30,x14,x13	 x14:0x00000001 x13:0x80041024 x30=0x00000000
     302105.000 ns	     30209	80006744	00c7dd33	srl	x26,x15,x12	 x15:0x00000000 x12:0x00000000 x26=0x00000000
     302115.000 ns	     30210	80006748	00bbacb3	slt	x25,x23,x11	 x23:0x00000000 x11:0x00000010 x25=0x00000001
     302125.000 ns	     30211	8000674c	7bf94a37	lui	x20,0x7bf94	 x20=0x7bf94000
     302135.000 ns	     30212	80006750	01347933	and	x18,x8,x19	  x8:0x80040fe4 x19:0x00000000 x18=0x00000000
     302145.000 ns	     30213	80006754	01facdb3	xor	x27,x21,x31	 x21:0xffffffff x31:0x00000000 x27=0xffffffff
     302165.000 ns	     30215	80006758	e0080cd3	fmv.x.w	x25,f16	 f16:0x00000000 x25=0x00000000
     302185.000 ns	     30217	8000675c	011519b3	sll	x19,x10,x17	 x10:0xfffffe00 x17:0x00000000 x19=0xfffffe00
     302195.000 ns	     30218	80006760	10940f93	addi	x31,x8,265	  x8:0x80040fe4 x31=0x800410ed
     302215.000 ns	     30220	80006764	c0107dd3	fcvt.wu.s	x27,f0	  f0:0x00000000 x27=0x00000000
     302235.000 ns	     30222	80006768	0f95a793	slti	x15,x11,249	 x11:0x00000010 x15=0x00000001
     302245.000 ns	     30223	8000676c	00c91113	slli	x2,x18,0xc	 x18:0x00000000  x2=0x00000000
     302255.000 ns	     30224	80006770	01a739b3	sltu	x19,x14,x26	 x14:0x00000001 x26:0x00000000 x19=0x00000000
     302275.000 ns	     30226	80006774	20d5a553	fsgnjx.s	f10,f11,f13	 f11:0xbf800000 f13:0x3f7fff38 f10=0xbf800000
     302295.000 ns	     30228	80006778	d5800593	addi	x11,x0,-680	  x0:0x00000000 x11=0xfffffd58
     302305.000 ns	     30229	8000677c	01ea8c33	add	x24,x21,x30	 x21:0xffffffff x30:0x00000000 x24=0xffffffff
     302315.000 ns	     30230	80006780	67a60117	auipc	x2,0x67a60	  x2=0xe7a66780
     302335.000 ns	     30232	80006784	e0031fd3	fclass.s	x31,f6	  f6:0x528a0000 x31=0x00000040
     302355.000 ns	     30234	80006788	00aace33	xor	x28,x21,x10	 x21:0xffffffff x10:0xfffffe00 x28=0x000001ff
     302385.000 ns	     30237	8000678c	18ae7753	fdiv.s	f14,f28,f10	 f28:0x00000000 f10:0xbf800000 f14=0x80000000
     302415.000 ns	     30240	80006790	0228bfb3	mulhu	x31,x17,x2	 x17:0x00000000  x2:0xe7a66780 x31=0x00000000
     302465.000 ns	     30245	80006794	09b086d3	fsub.s	f13,f1,f27	  f1:0x3f800000 f27:0xc2900000 f13=0x42920000
     302485.000 ns	     30247	80006798	005f9e33	sll	x28,x31,x5	 x31:0x00000000  x5:0x00000000 x28=0x00000000
     302845.000 ns	     30283	8000679c	034cd1b3	divu	x3,x25,x20	 x25:0x00000000 x20:0x7bf94000  x3=0x00000000
     302865.000 ns	     30285	800067a0	88926817	auipc	x16,0x88926	 x16=0x0892c7a0
     302895.000 ns	     30288	800067a4	5808c553	fsqrt.s	f10,f17	 f17:0x00000000 f10=0x00000000
     302915.000 ns	     30290	800067a8	00164d33	xor	x26,x12,x1	 x12:0x00000000  x1:0x00000009 x26=0x00000009
     302925.000 ns	     30291	800067ac	001695b3	sll	x11,x13,x1	 x13:0x80041024  x1:0x00000009 x11=0x08204800
     302935.000 ns	     30292	800067b0	2abe2313	slti	x6,x28,683	 x28:0x00000000  x6=0x00000001
     302945.000 ns	     30293	800067b4	40e559b3	sra	x19,x10,x14	 x10:0xfffffe00 x14:0x00000001 x19=0xffffff00
     302975.000 ns	     30296	800067b8	10e03ad3	fmul.s	f21,f0,f14	  f0:0x00000000 f14:0x80000000 f21=0x80000000
     303005.000 ns	     30299	800067bc	03176933	rem	x18,x14,x17	 x14:0x00000001 x17:0x00000000 x18=0x00000001
     303025.000 ns	     30301	800067c0	89b7cc13	xori	x24,x15,-1893	 x15:0x00000001 x24=0xfffff89a
     303045.000 ns	     30303	800067c4	e00c98d3	fclass.s	x17,f25	 f25:0x7fc00000 x17=0x00000200
     303065.000 ns	     30305	800067c8	01fdf8b3	and	x17,x27,x31	 x27:0x00000000 x31:0x00000000 x17=0x00000000
     303085.000 ns	     30307	800067cc	20b40fd3	fsgnj.s	f31,f8,f11	  f8:0x3f800000 f11:0xbf800000 f31=0xbf800000
     303115.000 ns	     30310	800067d0	02f81b33	mulh	x22,x16,x15	 x16:0x0892c7a0 x15:0x00000001 x22=0x00000000
     303135.000 ns	     30312	800067d4	01f82133	slt	x2,x16,x31	 x16:0x0892c7a0 x31:0x00000000  x2=0x00000000
     303145.000 ns	     30313	800067d8	41985e33	sra	x28,x16,x25	 x16:0x0892c7a0 x25:0x00000000 x28=0x0892c7a0
     303165.000 ns	     30315	800067dc	03933db3	mulhu	x27,x6,x25	  x6:0x00000001 x25:0x00000000 x27=0x00000000
     303195.000 ns	     30318	800067e0	c01e75d3	fcvt.wu.s	x11,f28	 f28:0x00000000 x11=0x00000000
     303215.000 ns	     30320	800067e4	01aefcb3	and	x25,x29,x26	 x29:0x99899000 x26:0x00000009 x25=0x00000000
     303235.000 ns	     30322	800067e8	032709b3	mul	x19,x14,x18	 x14:0x00000001 x18:0x00000001 x19=0x00000001
     303265.000 ns	     30325	800067ec	a02e15d3	flt.s	x11,f28,f2	 f28:0x00000000  f2:0x00000000 x11=0x00000000
     303305.000 ns	     30329	800067f0	18f034d3	fdiv.s	f9,f0,f15	  f0:0x00000000 f15:0x80041024  f9=0x80000000
     303325.000 ns	     30331	800067f4	0092e5b3	or	x11,x5,x9	  x5:0x00000000  x9:0xffffffff x11=0xffffffff
     303345.000 ns	     30333	800067f8	d015bdd3	fcvt.s.wu	f27,x11	 x11:0x00000000 f27=0x4f800000
     303365.000 ns	     30335	800067fc	fa843313	sltiu	x6,x8,-88	  x8:0x80040fe4  x6=0x00000001
     303385.000 ns	     30337	80006800	c0124053	fcvt.wu.s	x0,f4	  f4:0x3f800000
     303405.000 ns	     30339	80006804	01b31993	slli	x19,x6,0x1b	  x6:0x00000001 x19=0x08000000
     303435.000 ns	     30342	80006808	58081553	fsqrt.s	f10,f16	 f16:0x00000000 f10=0x00000000
     303465.000 ns	     30345	8000680c	e00e87d3	fmv.x.w	x15,f29	 f29:0xc2900000 x15=0xc2900000
     303495.000 ns	     30348	80006810	284c9c53	fmax.s	f24,f25,f4	 f25:0x7fc00000  f4:0x3f800000 f24=0x3f800000
     303525.000 ns	     30351	80006814	28720d53	fmin.s	f26,f4,f7	  f4:0x3f800000  f7:0x80000000 f26=0x80000000
     303545.000 ns	     30353	80006818	2e69d997	auipc	x19,0x2e69d	 x19=0xae6a3818
     303565.000 ns	     30355	8000681c	a13808d3	fle.s	x17,f16,f19	 f16:0x00000000 f19:0x409b9041 x17=0x00000001
     303585.000 ns	     30357	80006820	009934b3	sltu	x9,x18,x9	 x18:0x00000001  x9:0xffffffff  x9=0x00000001
     303605.000 ns	     30359	80006824	c000f053	fcvt.w.s	x0,f1	  f1:0x3f800000
     303625.000 ns	     30361	80006828	7d062f13	slti	x30,x12,2000	 x12:0x00000000 x30=0x00000001
     303635.000 ns	     30362	8000682c	429c4517	auipc	x10,0x429c4	 x10=0xc29ca82c
     303645.000 ns	     30363	80006830	00941e33	sll	x28,x8,x9	  x8:0x80040fe4  x9:0x00000001 x28=0x00081fc8
     303665.000 ns	     30365	80006834	29e50ed3	fmin.s	f29,f10,f30	 f10:0x00000000 f30:0x00000000 f29=0x00000000
     303695.000 ns	     30368	80006838	d012bc53	fcvt.s.wu	f24,x5	  x5:0x00000000 f24=0x00000000
     303725.000 ns	     30371	8000683c	d015f9d3	fcvt.s.wu	f19,x11	 x11:0xffffffff f19=0x4f7fffff
     303745.000 ns	     30373	80006840	000cc633	xor	x12,x25,x0	 x25:0x00000000  x0:0x00000000 x12=0x00000000
     303755.000 ns	     30374	80006844	008ef833	and	x16,x29,x8	 x29:0x99899000  x8:0x80040fe4 x16=0x80000000
     303765.000 ns	     30375	80006848	4111d313	srai	x6,x3,0x11	  x3:0x00000000  x6=0x00000000
     303795.000 ns	     30378	8000684c	58057ad3	fsqrt.s	f21,f10	 f10:0x00000000 f21=0x00000000
     303835.000 ns	     30382	80006850	580ef9d3	fsqrt.s	f19,f29	 f29:0x00000000 f19=0x00000000
     303855.000 ns	     30384	80006854	0073d793	srli	x15,x7,0x7	  x7:0xffffffff x15=0x01ffffff
     303865.000 ns	     30385	80006858	01a43d33	sltu	x26,x8,x26	  x8:0x80040fe4 x26:0x00000009 x26=0x00000000
     303885.000 ns	     30387	8000685c	036b3633	mulhu	x12,x22,x22	 x22:0x00000000 x22:0x00000000 x12=0x00000000
     303905.000 ns	     30389	80006860	016ec3b3	xor	x7,x29,x22	 x29:0x99899000 x22:0x00000000  x7=0x99899000
     303915.000 ns	     30390	80006864	000e7933	and	x18,x28,x0	 x28:0x00081fc8  x0:0x00000000 x18=0x00000000
     303935.000 ns	     30392	80006868	292b9d53	fmax.s	f26,f23,f18	 f23:0x00000000 f18:0x4107c381 f26=0x4107c381
     303955.000 ns	     30394	8000686c	01ead4b3	srl	x9,x21,x30	 x21:0xffffffff x30:0x00000001  x9=0x7fffffff
     303975.000 ns	     30396	80006870	29eb1053	fmax.s	f0,f22,f30	 f22:0x00000000 f30:0x00000000  f0=0x00000000
     304005.000 ns	     30399	80006874	02d90533	mul	x10,x18,x13	 x18:0x00000000 x13:0x80041024 x10=0x00000000
     304035.000 ns	     30402	80006878	a1e40c53	fle.s	x24,f8,f30	  f8:0x3f800000 f30:0x00000000 x24=0x00000000
     304055.000 ns	     30404	8000687c	00651eb3	sll	x29,x10,x6	 x10:0x00000000  x6:0x00000000 x29=0x00000000
     304065.000 ns	     30405	80006880	00000013	addi	x0,x0,0	  x0:0x00000000
     304075.000 ns	     30406	80006884	40de0a33	sub	x20,x28,x13	 x28:0x00081fc8 x13:0x80041024 x20=0x80040fa4
     304095.000 ns	     30408	80006888	f00a88d3	fmv.w.x	f17,x21	 x21:0xffffffff f17=0xffffffff
     304115.000 ns	     30410	8000688c	69650f13	addi	x30,x10,1686	 x10:0x00000000 x30=0x00000696
     304125.000 ns	     30411	80006890	0191d8b3	srl	x17,x3,x25	  x3:0x00000000 x25:0x00000000 x17=0x00000000
     304145.000 ns	     30413	80006894	c01ffcd3	fcvt.wu.s	x25,f31	 f31:0xbf800000 x25=0x00000001
     304175.000 ns	     30416	80006898	035d0533	mul	x10,x26,x21	 x26:0x00000000 x21:0xffffffff x10=0x00000000
     304205.000 ns	     30419	8000689c	c01ca9d3	fcvt.wu.s	x19,f25	 f25:0x7fc00000 x19=0xffffffff
     304235.000 ns	     30422	800068a0	e00893d3	fclass.s	x7,f17	 f17:0xffffffff  x7=0x00000200
     304255.000 ns	     30424	800068a4	a8a951b7	lui	x3,0xa8a95	  x3=0xa8a95000
     304265.000 ns	     30425	800068a8	111ec713	xori	x14,x29,273	 x29:0x00000000 x14=0x00000111
     304275.000 ns	     30426	800068ac	005ef833	and	x16,x29,x5	 x29:0x00000000  x5:0x00000000 x16=0x00000000
     304315.000 ns	     30430	800068b0	08897bd3	fsub.s	f23,f18,f8	 f18:0x4107c381  f8:0x3f800000 f23=0x40ef8702
     304345.000 ns	     30433	800068b4	a04322d3	feq.s	x5,f6,f4	  f6:0x528a0000  f4:0x3f800000  x5=0x00000000
     304375.000 ns	     30436	800068b8	c0173653	fcvt.wu.s	x12,f14	 f14:0x80000000 x12=0x00000000
     304405.000 ns	     30439	800068bc	03d77e33	remu	x28,x14,x29	 x14:0x00000111 x29:0x00000000 x28=0x00000111
     304435.000 ns	     30442	800068c0	297b9c53	fmax.s	f24,f23,f23	 f23:0x40ef8702 f23:0x40ef8702 f24=0x40ef8702
     304455.000 ns	     30444	800068c4	40ad5813	srai	x16,x26,0xa	 x26:0x00000000 x16=0x00000000
     304465.000 ns	     30445	800068c8	014e5393	srli	x7,x28,0x14	 x28:0x00000111  x7=0x00000000
     304475.000 ns	     30446	800068cc	00d05a93	srli	x21,x0,0xd	  x0:0x00000000 x21=0x00000000
     304495.000 ns	     30448	800068d0	c003fa53	fcvt.w.s	x20,f7	  f7:0x80000000 x20=0x00000000
     304525.000 ns	     30451	800068d4	03492633	mulhsu	x12,x18,x20	 x18:0x00000000 x20:0x80040fa4 x12=0x00000000
     304555.000 ns	     30454	800068d8	c004fd53	fcvt.w.s	x26,f9	  f9:0x80000000 x26=0x00000000
     304585.000 ns	     30457	800068dc	a1c11853	flt.s	x16,f2,f28	  f2:0x00000000 f28:0x00000000 x16=0x00000000
     304955.000 ns	     30494	800068e0	0336cbb3	div	x23,x13,x19	 x13:0x80041024 x19:0xffffffff x23=0x7ffbefdc
     304975.000 ns	     30496	800068e4	001f1d33	sll	x26,x30,x1	 x30:0x00000696  x1:0x00000009 x26=0x000d2c00
     304995.000 ns	     30498	800068e8	a0a701d3	fle.s	x3,f14,f10	 f14:0x80000000 f10:0x00000000  x3=0x00000001
     305015.000 ns	     30500	800068ec	00392133	slt	x2,x18,x3	 x18:0x00000000  x3:0xa8a95000  x2=0x00000001
     305025.000 ns	     30501	800068f0	37d7ce13	xori	x28,x15,893	 x15:0x01ffffff x28=0x01fffc82
     305035.000 ns	     30502	800068f4	09c54993	xori	x19,x10,156	 x10:0x00000000 x19=0x0000009c
     305055.000 ns	     30504	800068f8	a043aed3	feq.s	x29,f7,f4	  f7:0x80000000  f4:0x3f800000 x29=0x00000000
     305075.000 ns	     30506	800068fc	b2599f97	auipc	x31,0xb2599	 x31=0x3259f8fc
     305095.000 ns	     30508	80006900	033a2633	mulhsu	x12,x20,x19	 x20:0x00000000 x19:0x0000009c x12=0x00000000
     305115.000 ns	     30510	80006904	f2a63a93	sltiu	x21,x12,-214	 x12:0x00000000 x21=0x00000001
     305125.000 ns	     30511	80006908	10dabb97	auipc	x23,0x10dab	 x23=0x90db1908
     305145.000 ns	     30513	8000690c	e0001cd3	fclass.s	x25,f0	  f0:0x00000000 x25=0x00000010
     305165.000 ns	     30515	80006910	40cc8db3	sub	x27,x25,x12	 x25:0x00000001 x12:0x00000000 x27=0x00000010
     305525.000 ns	     30551	80006914	03e36f33	rem	x30,x6,x30	  x6:0x00000000 x30:0x00000696 x30=0x00000000
     305555.000 ns	     30554	80006918	02abfbb3	remu	x23,x23,x10	 x23:0x90db1908 x10:0x00000000 x23=0x90db1908
     305575.000 ns	     30556	8000691c	01fbdd33	srl	x26,x23,x31	 x23:0x90db1908 x31:0x3259f8fc x26=0x00000009
     305585.000 ns	     30557	80006920	e7a03f93	sltiu	x31,x0,-390	  x0:0x00000000 x31=0x00000001
     305615.000 ns	     30560	80006924	109bf553	fmul.s	f10,f23,f9	 f23:0x40ef8702  f9:0x80000000 f10=0x80000000
     305645.000 ns	     30563	80006928	20ff2753	fsgnjx.s	f14,f30,f15	 f30:0x00000000 f15:0x80041024 f14=0x80000000
     305665.000 ns	     30565	8000692c	33330f17	auipc	x30,0x33330	 x30=0xb333692c
     305675.000 ns	     30566	80006930	00ef7a33	and	x20,x30,x14	 x30:0x00000000 x14:0x00000111 x20=0x00000100
     305705.000 ns	     30569	80006934	1056f1d3	fmul.s	f3,f13,f5	 f13:0x42920000  f5:0x7f800000  f3=0x7f800000
     306045.000 ns	     30603	80006938	18694c53	fdiv.s	f24,f18,f6	 f18:0x4107c381  f6:0x528a0000 f24=0x2d87c382
     306085.000 ns	     30607	8000693c	11cc1653	fmul.s	f12,f24,f28	 f24:0x40ef8702 f28:0x00000000 f12=0x00000000
     306115.000 ns	     30610	80006940	c01bc2d3	fcvt.wu.s	x5,f23	 f23:0x40ef8702  x5=0x00000007
     306155.000 ns	     30614	80006944	580532d3	fsqrt.s	f5,f10	 f10:0x80000000  f5=0x80000000
     306195.000 ns	     30618	80006948	19587dd3	fdiv.s	f27,f16,f21	 f16:0x00000000 f21:0x00000000 f27=0x7fc00000
     306225.000 ns	     30621	8000694c	28da1d53	fmax.s	f26,f20,f13	 f20:0xc28a0000 f13:0x42920000 f26=0x42920000
     306245.000 ns	     30623	80006950	4031d9b3	sra	x19,x3,x3	  x3:0x00000001  x3:0x00000001 x19=0x00000000
     306255.000 ns	     30624	80006954	77863e17	auipc	x28,0x77863	 x28=0xf7869954
     306285.000 ns	     30627	80006958	11a07653	fmul.s	f12,f0,f26	  f0:0x00000000 f26:0x42920000 f12=0x00000000
     306305.000 ns	     30629	8000695c	d183f737	lui	x14,0xd183f	 x14=0xd183f000
     306315.000 ns	     30630	80006960	0069d1b3	srl	x3,x19,x6	 x19:0x00000000  x6:0x00000000  x3=0x00000000
     306345.000 ns	     30633	80006964	11877f53	fmul.s	f30,f14,f24	 f14:0x80000000 f24:0x2d87c382 f30=0x80000000
     306375.000 ns	     30636	80006968	02d08fb3	mul	x31,x1,x13	  x1:0x00000009 x13:0x80041024 x31=0x80249144
     306395.000 ns	     30638	8000696c	40a85b13	srai	x22,x16,0xa	 x16:0x00000000 x22=0x00000000
     306425.000 ns	     30641	80006970	11401353	fmul.s	f6,f0,f20	  f0:0x00000000 f20:0xc28a0000  f6=0x80000000
     306445.000 ns	     30643	80006974	1402c993	xori	x19,x5,320	  x5:0x00000007 x19=0x00000147
     306465.000 ns	     30645	80006978	213d8853	fsgnj.s	f16,f27,f19	 f27:0x7fc00000 f19:0x00000000 f16=0x7fc00000
     306485.000 ns	     30647	8000697c	417ad713	srai	x14,x21,0x17	 x21:0x00000001 x14=0x00000000
     306495.000 ns	     30648	80006980	00225c93	srli	x25,x4,0x2	  x4:0x00000000 x25=0x00000000
     306505.000 ns	     30649	80006984	00cfe1b3	or	x3,x31,x12	 x31:0x80249144 x12:0x00000000  x3=0x80249144
     306515.000 ns	     30650	80006988	ce8fb997	auipc	x19,0xce8fb	 x19=0x4e901988
     306535.000 ns	     30652	8000698c	20e4acd3	fsgnjx.s	f25,f9,f14	  f9:0x80000000 f14:0x80000000 f25=0x00000000
     306555.000 ns	     30654	80006990	d1cdbc13	sltiu	x24,x27,-740	 x27:0x00000010 x24=0x00000001
     306565.000 ns	     30655	80006994	2250bc13	sltiu	x24,x1,549	  x1:0x00000009 x24=0x00000001
     306575.000 ns	     30656	80006998	00c7de33	srl	x28,x15,x12	 x15:0x01ffffff x12:0x00000000 x28=0x01ffffff
     306585.000 ns	     30657	8000699c	c8f69eb7	lui	x29,0xc8f69	 x29=0xc8f69000
     306605.000 ns	     30659	800069a0	28fd1153	fmax.s	f2,f26,f15	 f26:0x42920000 f15:0x80041024  f2=0x42920000
     306635.000 ns	     30662	800069a4	c007be53	fcvt.w.s	x28,f15	 f15:0x80041024 x28=0x00000000
     306665.000 ns	     30665	800069a8	c01f7553	fcvt.wu.s	x10,f30	 f30:0x80000000 x10=0x00000000
     306695.000 ns	     30668	800069ac	28bf13d3	fmax.s	f7,f30,f11	 f30:0x80000000 f11:0xbf800000  f7=0x80000000
     306725.000 ns	     30671	800069b0	e00d8853	fmv.x.w	x16,f27	 f27:0x7fc00000 x16=0x7fc00000
     306755.000 ns	     30674	800069b4	02dcabb3	mulhsu	x23,x25,x13	 x25:0x00000000 x13:0x80041024 x23=0x00000000
     306785.000 ns	     30677	800069b8	d01f9853	fcvt.s.wu	f16,x31	 x31:0x80249144 f16=0x4f002491
     306805.000 ns	     30679	800069bc	33044e13	xori	x28,x8,816	  x8:0x80040fe4 x28=0x80040cd4
     306825.000 ns	     30681	800069c0	a1651cd3	flt.s	x25,f10,f22	 f10:0x80000000 f22:0x00000000 x25=0x00000000
     306855.000 ns	     30684	800069c4	212a1353	fsgnjn.s	f6,f20,f18	 f20:0xc28a0000 f18:0x4107c381  f6=0xc28a0000
     306875.000 ns	     30686	800069c8	41fad533	sra	x10,x21,x31	 x21:0x00000001 x31:0x80249144 x10=0x00000000
     306885.000 ns	     30687	800069cc	00736bb3	or	x23,x6,x7	  x6:0x00000000  x7:0x00000000 x23=0x00000000
     306895.000 ns	     30688	800069d0	e57f8e17	auipc	x28,0xe57f8	 x28=0x657fe9d0
     306905.000 ns	     30689	800069d4	014adbb3	srl	x23,x21,x20	 x21:0x00000001 x20:0x00000100 x23=0x00000001
     306915.000 ns	     30690	800069d8	00f8b5b3	sltu	x11,x17,x15	 x17:0x00000000 x15:0x01ffffff x11=0x00000001
     306925.000 ns	     30691	800069dc	01e98633	add	x12,x19,x30	 x19:0x4e901988 x30:0xb333692c x12=0x01c382b4
     306945.000 ns	     30693	800069e0	207e24d3	fsgnjx.s	f9,f28,f7	 f28:0x00000000  f7:0x80000000  f9=0x80000000
     306965.000 ns	     30695	800069e4	01c76d33	or	x26,x14,x28	 x14:0x00000000 x28:0x657fe9d0 x26=0x657fe9d0
     306975.000 ns	     30696	800069e8	00b88533	add	x10,x17,x11	 x17:0x00000000 x11:0x00000001 x10=0x00000001
     306985.000 ns	     30697	800069ec	01b1e1b3	or	x3,x3,x27	  x3:0x80249144 x27:0x00000010  x3=0x80249154
     307005.000 ns	     30699	800069f0	28fb1953	fmax.s	f18,f22,f15	 f22:0x00000000 f15:0x80041024 f18=0x00000000
     307025.000 ns	     30701	800069f4	ae5f6b13	ori	x22,x30,-1307	 x30:0xb333692c x22=0xfffffbed
     307035.000 ns	     30702	800069f8	010acdb3	xor	x27,x21,x16	 x21:0x00000001 x16:0x7fc00000 x27=0x7fc00001
     307065.000 ns	     30705	800069fc	18392fd3	fdiv.s	f31,f18,f3	 f18:0x00000000  f3:0x7f800000 f31=0x00000000
     307085.000 ns	     30707	80006a00	0866e4b7	lui	x9,0x866e	  x9=0x0866e000
     307105.000 ns	     30709	80006a04	f00a86d3	fmv.w.x	f13,x21	 x21:0x00000001 f13=0x00000001
     307125.000 ns	     30711	80006a08	9d547f13	andi	x30,x8,-1579	  x8:0x80040fe4 x30=0x800409c4
     307145.000 ns	     30713	80006a0c	20b90cd3	fsgnj.s	f25,f18,f11	 f18:0x00000000 f11:0xbf800000 f25=0x80000000
     307195.000 ns	     30718	80006a10	015486d3	fadd.s	f13,f9,f21	  f9:0x80000000 f21:0x00000000 f13=0x00000000
     307215.000 ns	     30720	80006a14	006022b3	slt	x5,x0,x6	  x0:0x00000000  x6:0x00000000  x5=0x00000000
     307235.000 ns	     30722	80006a18	286116d3	fmax.s	f13,f2,f6	  f2:0x42920000  f6:0xc28a0000 f13=0x42920000
     307255.000 ns	     30724	80006a1c	012cc033	xor	x0,x25,x18	 x25:0x00000000 x18:0x00000000
     307265.000 ns	     30725	80006a20	2f31e713	ori	x14,x3,755	  x3:0x80249154 x14=0x802493f7
     307285.000 ns	     30727	80006a24	02094133	div	x2,x18,x0	 x18:0x00000000  x0:0x00000000  x2=0xffffffff
     307315.000 ns	     30730	80006a28	293712d3	fmax.s	f5,f14,f19	 f14:0x80000000 f19:0x00000000  f5=0x00000000
     307365.000 ns	     30735	80006a2c	090eb3d3	fsub.s	f7,f29,f16	 f29:0x00000000 f16:0x4f002491  f7=0xcf002491
     307385.000 ns	     30737	80006a30	139fee93	ori	x29,x31,313	 x31:0x80249144 x29=0x8024917d
     307405.000 ns	     30739	80006a34	a1f71353	flt.s	x6,f14,f31	 f14:0x80000000 f31:0x00000000  x6=0x00000000
     307455.000 ns	     30744	80006a38	00c841d3	fadd.s	f3,f16,f12	 f16:0x4f002491 f12:0x00000000  f3=0x4f002491
     307475.000 ns	     30746	80006a3c	41465d93	srai	x27,x12,0x14	 x12:0x01c382b4 x27=0x0000001c
     307485.000 ns	     30747	80006a40	01ab88b3	add	x17,x23,x26	 x23:0x00000001 x26:0x657fe9d0 x17=0x657fe9d1
     307505.000 ns	     30749	80006a44	28ad10d3	fmax.s	f1,f26,f10	 f26:0x42920000 f10:0x80000000  f1=0x42920000
     307535.000 ns	     30752	80006a48	a15e85d3	fle.s	x11,f29,f21	 f29:0x00000000 f21:0x00000000 x11=0x00000001
     307585.000 ns	     30757	80006a4c	0997f1d3	fsub.s	f3,f15,f25	 f15:0x80041024 f25:0x80000000  f3=0x80041024
     307605.000 ns	     30759	80006a50	013c53b3	srl	x7,x24,x19	 x24:0x00000001 x19:0x4e901988  x7=0x00000000
     307625.000 ns	     30761	80006a54	28eb93d3	fmax.s	f7,f23,f14	 f23:0x40ef8702 f14:0x80000000  f7=0x40ef8702
     307645.000 ns	     30763	80006a58	81eaaa13	slti	x20,x21,-2018	 x21:0x00000001 x20=0x00000000
     307655.000 ns	     30764	80006a5c	00ebc733	xor	x14,x23,x14	 x23:0x00000001 x14:0x802493f7 x14=0x802493f6
     307665.000 ns	     30765	80006a60	f2776893	ori	x17,x14,-217	 x14:0x802493f7 x17=0xfffffff7
     307675.000 ns	     30766	80006a64	c742bf13	sltiu	x30,x5,-908	  x5:0x00000000 x30=0x00000001
     307685.000 ns	     30767	80006a68	00000013	addi	x0,x0,0	  x0:0x00000000
     307695.000 ns	     30768	80006a6c	db83c893	xori	x17,x7,-584	  x7:0x00000000 x17=0xfffffdb8
     307715.000 ns	     30770	80006a70	e0048853	fmv.x.w	x16,f9	  f9:0x80000000 x16=0x80000000
     307745.000 ns	     30773	80006a74	02cebdb3	mulhu	x27,x29,x12	 x29:0x8024917d x12:0x01c382b4 x27=0x00e201d8
     307775.000 ns	     30776	80006a78	02043d33	mulhu	x26,x8,x0	  x8:0x80040fe4  x0:0x00000000 x26=0x00000000
     307795.000 ns	     30778	80006a7c	012af833	and	x16,x21,x18	 x21:0x00000001 x18:0x00000000 x16=0x00000000
     307835.000 ns	     30782	80006a80	004a1253	fadd.s	f4,f20,f4	 f20:0xc28a0000  f4:0x3f800000  f4=0xc2880000
     307855.000 ns	     30784	80006a84	941dca13	xori	x20,x27,-1727	 x27:0x00e201d8 x20=0xff1df899
     307865.000 ns	     30785	80006a88	0050eab3	or	x21,x1,x5	  x1:0x00000009  x5:0x00000000 x21=0x00000009
     307905.000 ns	     30789	80006a8c	01771e53	fadd.s	f28,f14,f23	 f14:0x80000000 f23:0x40ef8702 f28=0x40ef8702
     308245.000 ns	     30823	80006a90	1901f753	fdiv.s	f14,f3,f16	  f3:0x80041024 f16:0x4f002491 f14=0x80000000
     308265.000 ns	     30825	80006a94	01f1cab3	xor	x21,x3,x31	  x3:0x80249154 x31:0x80249144 x21=0x00000010
     308275.000 ns	     30826	80006a98	3a1c8113	addi	x2,x25,929	 x25:0x00000000  x2=0x000003a1
     308285.000 ns	     30827	80006a9c	41f8d913	srai	x18,x17,0x1f	 x17:0xfffffdb8 x18=0xffffffff
     308315.000 ns	     30830	80006aa0	19687c53	fdiv.s	f24,f16,f22	 f16:0x4f002491 f22:0x00000000 f24=0x7f800000
     308335.000 ns	     30832	80006aa4	01e30e33	add	x28,x6,x30	  x6:0x00000000 x30:0x00000001 x28=0x00000001
     308695.000 ns	     30868	80006aa8	0389c9b3	div	x19,x19,x24	 x19:0x4e901988 x24:0x00000001 x19=0x4e901988
     308715.000 ns	     30870	80006aac	41b25513	srai	x10,x4,0x1b	  x4:0x00000000 x10=0x00000000
     308745.000 ns	     30873	80006ab0	18cc7553	fdiv.s	f10,f24,f12	 f24:0x7f800000 f12:0x00000000 f10=0x7f800000
     309115.000 ns	     30910	80006ab4	02e067b3	rem	x15,x0,x14	  x0:0x00000000 x14:0x802493f6 x15=0x00000000
     309145.000 ns	     30913	80006ab8	02074733	div	x14,x14,x0	 x14:0x802493f6  x0:0x00000000 x14=0xffffffff
     309515.000 ns	     30950	80006abc	037d6633	rem	x12,x26,x23	 x26:0x00000000 x23:0x00000001 x12=0x00000000
     309545.000 ns	     30953	80006ac0	03a8eb33	rem	x22,x17,x26	 x17:0xfffffdb8 x26:0x00000000 x22=0xfffffdb8
     309565.000 ns	     30955	80006ac4	00c8d3b3	srl	x7,x17,x12	 x17:0xfffffdb8 x12:0x00000000  x7=0xfffffdb8
     309585.000 ns	     30957	80006ac8	2061afd3	fsgnjx.s	f31,f3,f6	  f3:0x80041024  f6:0xc28a0000 f31=0x00041024
     309605.000 ns	     30959	80006acc	0f9ed217	auipc	x4,0xf9ed	  x4=0x8f9f3acc
     309965.000 ns	     30995	80006ad0	0228c2b3	div	x5,x17,x2	 x17:0xfffffdb8  x2:0x000003a1  x5=0x00000000
     310335.000 ns	     31032	80006ad4	03437d33	remu	x26,x6,x20	  x6:0x00000000 x20:0xff1df899 x26=0x00000000
     310355.000 ns	     31034	80006ad8	a9f94c93	xori	x25,x18,-1377	 x18:0xffffffff x25=0x00000560
     310375.000 ns	     31036	80006adc	e0031ed3	fclass.s	x29,f6	  f6:0xc28a0000 x29=0x00000002
     310395.000 ns	     31038	80006ae0	01b321b3	slt	x3,x6,x27	  x6:0x00000000 x27:0x00e201d8  x3=0x00000001
     310435.000 ns	     31042	80006ae4	00f5c453	fadd.s	f8,f11,f15	 f11:0xbf800000 f15:0x80041024  f8=0xbf800000
     310455.000 ns	     31044	80006ae8	017f9793	slli	x15,x31,0x17	 x31:0x80249144 x15=0xa2000000
     310475.000 ns	     31046	80006aec	e0029fd3	fclass.s	x31,f5	  f5:0x00000000 x31=0x00000010
     310505.000 ns	     31049	80006af0	217607d3	fsgnj.s	f15,f12,f23	 f12:0x00000000 f23:0x40ef8702 f15=0x00000000
     310525.000 ns	     31051	80006af4	003e7133	and	x2,x28,x3	 x28:0x00000001  x3:0x00000001  x2=0x00000001
     310545.000 ns	     31053	80006af8	d0134953	fcvt.s.wu	f18,x6	  x6:0x00000000 f18=0x00000000
     310565.000 ns	     31055	80006afc	00000013	addi	x0,x0,0	  x0:0x00000000
     310585.000 ns	     31057	80006b00	03918333	mul	x6,x3,x25	  x3:0x00000001 x25:0x00000560  x6=0x00000560
     310615.000 ns	     31060	80006b04	20b92a53	fsgnjx.s	f20,f18,f11	 f18:0x00000000 f11:0xbf800000 f20=0x80000000
     310645.000 ns	     31063	80006b08	02699033	mulh	x0,x19,x6	 x19:0x4e901988  x6:0x00000560
     310665.000 ns	     31065	80006b0c	17dd4c97	auipc	x25,0x17dd4	 x25=0x97ddab0c
     310675.000 ns	     31066	80006b10	40a65513	srai	x10,x12,0xa	 x12:0x00000000 x10=0x00000000
     310685.000 ns	     31067	80006b14	01891c13	slli	x24,x18,0x18	 x18:0xffffffff x24=0xff000000
     311855.000 ns	     31184	80006b18	580fb353	fsqrt.s	f6,f31	 f31:0x00041024  f6=0x1f3ac36a
     311885.000 ns	     31187	80006b1c	c00782d3	fcvt.w.s	x5,f15	 f15:0x00000000  x5=0x00000000
     311905.000 ns	     31189	80006b20	bc46ed13	ori	x26,x13,-1084	 x13:0x80041024 x26=0xfffffbe4
     311925.000 ns	     31191	80006b24	203b87d3	fsgnj.s	f15,f23,f3	 f23:0x40ef8702  f3:0x80041024 f15=0xc0ef8702
     311965.000 ns	     31195	80006b28	196f80d3	fdiv.s	f1,f31,f22	 f31:0x00041024 f22:0x00000000  f1=0x7f800000
     311995.000 ns	     31198	80006b2c	02b483b3	mul	x7,x9,x11	  x9:0x0866e000 x11:0x00000001  x7=0x0866e000
     312035.000 ns	     31202	80006b30	580099d3	fsqrt.s	f19,f1	  f1:0x7f800000 f19=0x7f800000
     312085.000 ns	     31207	80006b34	080cfad3	fsub.s	f21,f25,f0	 f25:0x80000000  f0:0x00000000 f21=0x80000000
     312115.000 ns	     31210	80006b38	29130f53	fmin.s	f30,f6,f17	  f6:0x1f3ac36a f17:0xffffffff f30=0x1f3ac36a
     312135.000 ns	     31212	80006b3c	00452633	slt	x12,x10,x4	 x10:0x00000000  x4:0x8f9f3acc x12=0x00000000
     312155.000 ns	     31214	80006b40	c01912d3	fcvt.wu.s	x5,f18	 f18:0x00000000  x5=0x00000000
     312175.000 ns	     31216	80006b44	009f21b3	slt	x3,x30,x9	 x30:0x00000001  x9:0x0866e000  x3=0x00000001
     312205.000 ns	     31219	80006b48	119ff2d3	fmul.s	f5,f31,f25	 f31:0x00041024 f25:0x80000000  f5=0x80000000
     312225.000 ns	     31221	80006b4c	e2274cb7	lui	x25,0xe2274	 x25=0xe2274000
     312265.000 ns	     31225	80006b50	00734fd3	fadd.s	f31,f6,f7	  f6:0x1f3ac36a  f7:0x40ef8702 f31=0x40ef8702
     312295.000 ns	     31228	80006b54	21392853	fsgnjx.s	f16,f18,f19	 f18:0x00000000 f19:0x7f800000 f16=0x00000000
     312315.000 ns	     31230	80006b58	41145f13	srai	x30,x8,0x11	  x8:0x80040fe4 x30=0xffffc002
     312335.000 ns	     31232	80006b5c	a0008c53	fle.s	x24,f1,f0	  f1:0x7f800000  f0:0x00000000 x24=0x00000000
     312355.000 ns	     31234	80006b60	00000013	addi	x0,x0,0	  x0:0x00000000
     312375.000 ns	     31236	80006b64	e0059c53	fclass.s	x24,f11	 f11:0xbf800000 x24=0x00000002
     312405.000 ns	     31239	80006b68	282101d3	fmin.s	f3,f2,f2	  f2:0x42920000  f2:0x42920000  f3=0x42920000
     312435.000 ns	     31242	80006b6c	c016c653	fcvt.wu.s	x12,f13	 f13:0x42920000 x12=0x00000049
     312475.000 ns	     31246	80006b70	18867d53	fdiv.s	f26,f12,f8	 f12:0x00000000  f8:0xbf800000 f26=0x80000000
     312495.000 ns	     31248	80006b74	010b5033	srl	x0,x22,x16	 x22:0xfffffdb8 x16:0x00000000
     312505.000 ns	     31249	80006b78	40125833	sra	x16,x4,x1	  x4:0x8f9f3acc  x1:0x00000009 x16=0xffc7cf9d
     312525.000 ns	     31251	80006b7c	f00683d3	fmv.w.x	f7,x13	 x13:0x80041024  f7=0x80041024
     312555.000 ns	     31254	80006b80	a13b2bd3	feq.s	x23,f22,f19	 f22:0x00000000 f19:0x7f800000 x23=0x00000000
     312575.000 ns	     31256	80006b84	dd9cf613	andi	x12,x25,-551	 x25:0xe2274000 x12=0xe2274000
     312585.000 ns	     31257	80006b88	01decf33	xor	x30,x29,x29	 x29:0x00000002 x29:0x00000002 x30=0x00000000
     312595.000 ns	     31258	80006b8c	7741fa37	lui	x20,0x7741f	 x20=0x7741f000
     312605.000 ns	     31259	80006b90	00000013	addi	x0,x0,0	  x0:0x00000000
     312625.000 ns	     31261	80006b94	e0010853	fmv.x.w	x16,f2	  f2:0x42920000 x16=0x42920000
     312655.000 ns	     31264	80006b98	29928653	fmin.s	f12,f5,f25	  f5:0x80000000 f25:0x80000000 f12=0x80000000
     312675.000 ns	     31266	80006b9c	4069d533	sra	x10,x19,x6	 x19:0x4e901988  x6:0x00000560 x10=0x4e901988
     312705.000 ns	     31269	80006ba0	19fa8253	fdiv.s	f4,f21,f31	 f21:0x80000000 f31:0x40ef8702  f4=0x80000000
     312725.000 ns	     31271	80006ba4	34024813	xori	x16,x4,832	  x4:0x8f9f3acc x16=0x8f9f398c
     312745.000 ns	     31273	80006ba8	c00c7a53	fcvt.w.s	x20,f24	 f24:0x7f800000 x20=0x7fffffff
     312765.000 ns	     31275	80006bac	017d0333	add	x6,x26,x23	 x26:0xfffffbe4 x23:0x00000000  x6=0xfffffbe4
     312775.000 ns	     31276	80006bb0	f91f7213	andi	x4,x30,-111	 x30:0x00000000  x4=0x00000000
     312785.000 ns	     31277	80006bb4	01b40a33	add	x20,x8,x27	  x8:0x80040fe4 x27:0x00e201d8 x20=0x80e611bc
     313145.000 ns	     31313	80006bb8	03597733	remu	x14,x18,x21	 x18:0xffffffff x21:0x00000010 x14=0x0000000f
     313175.000 ns	     31316	80006bbc	28bc1353	fmax.s	f6,f24,f11	 f24:0x7f800000 f11:0xbf800000  f6=0x7f800000
     313195.000 ns	     31318	80006bc0	00ac8733	add	x14,x25,x10	 x25:0xe2274000 x10:0x4e901988 x14=0x30b75988
     313215.000 ns	     31320	80006bc4	f0058ed3	fmv.w.x	f29,x11	 x11:0x00000001 f29=0x00000001
     313265.000 ns	     31325	80006bc8	08477453	fsub.s	f8,f14,f4	 f14:0x80000000  f4:0x80000000  f8=0x00000000
     313295.000 ns	     31328	80006bcc	215e8653	fsgnj.s	f12,f29,f21	 f29:0x00000001 f21:0x80000000 f12=0x80000001
     313325.000 ns	     31331	80006bd0	28b39753	fmax.s	f14,f7,f11	  f7:0x80041024 f11:0xbf800000 f14=0x80041024
     313345.000 ns	     31333	80006bd4	01ea38b3	sltu	x17,x20,x30	 x20:0x80e611bc x30:0x00000000 x17=0x00000000
     313355.000 ns	     31334	80006bd8	01069913	slli	x18,x13,0x10	 x13:0x80041024 x18=0x10240000
     313715.000 ns	     31370	80006bdc	030442b3	div	x5,x8,x16	  x8:0x80040fe4 x16:0x8f9f398c  x5=0x00000001
     313735.000 ns	     31372	80006be0	00473bb3	sltu	x23,x14,x4	 x14:0x30b75988  x4:0x00000000 x23=0x00000000
     313755.000 ns	     31374	80006be4	0204da33	divu	x20,x9,x0	  x9:0x0866e000  x0:0x00000000 x20=0xffffffff
     313785.000 ns	     31377	80006be8	f00482d3	fmv.w.x	f5,x9	  x9:0x0866e000  f5=0x0866e000
     313815.000 ns	     31380	80006bec	02ec9e33	mulh	x28,x25,x14	 x25:0xe2274000 x14:0x30b75988 x28=0xfa51fb9e
     313835.000 ns	     31382	80006bf0	015de033	or	x0,x27,x21	 x27:0x00e201d8 x21:0x00000010
     313855.000 ns	     31384	80006bf4	a14f9753	flt.s	x14,f31,f20	 f31:0x40ef8702 f20:0x80000000 x14=0x00000000
     313875.000 ns	     31386	80006bf8	9435fa13	andi	x20,x11,-1725	 x11:0x00000001 x20=0x00000001
     313885.000 ns	     31387	80006bfc	01a9da13	srli	x20,x19,0x1a	 x19:0x4e901988 x20=0x00000013
     313895.000 ns	     31388	80006c00	3644e517	auipc	x10,0x3644e	 x10=0xb6454c00
     313905.000 ns	     31389	80006c04	acb98793	addi	x15,x19,-1333	 x19:0x4e901988 x15=0x4e901453
     313925.000 ns	     31391	80006c08	f0018f53	fmv.w.x	f30,x3	  x3:0x00000001 f30=0x00000001
     313945.000 ns	     31393	80006c0c	8c21ba13	sltiu	x20,x3,-1854	  x3:0x00000001 x20=0x00000001
     313955.000 ns	     31394	80006c10	4ab50c93	addi	x25,x10,1195	 x10:0xb6454c00 x25=0xb64550ab
     313965.000 ns	     31395	80006c14	416cdfb3	sra	x31,x25,x22	 x25:0xe2274000 x22:0xfffffdb8 x31=0xffffffb6
     313975.000 ns	     31396	80006c18	0090c8b3	xor	x17,x1,x9	  x1:0x00000009  x9:0x0866e000 x17=0x0866e009
     313985.000 ns	     31397	80006c1c	ca2c3193	sltiu	x3,x24,-862	 x24:0x00000002  x3=0x00000001
     314005.000 ns	     31399	80006c20	28ff0d53	fmin.s	f26,f30,f15	 f30:0x00000001 f15:0xc0ef8702 f26=0xc0ef8702
     314035.000 ns	     31402	80006c24	032f8fb3	mul	x31,x31,x18	 x31:0xffffffb6 x18:0x10240000 x31=0x55980000
     314055.000 ns	     31404	80006c28	00000013	addi	x0,x0,0	  x0:0x00000000
     314065.000 ns	     31405	80006c2c	00a36033	or	x0,x6,x10	  x6:0xfffffbe4 x10:0xb6454c00
     314075.000 ns	     31406	80006c30	014e6fb3	or	x31,x28,x20	 x28:0xfa51fb9e x20:0x00000001 x31=0xfa51fb9f
     314085.000 ns	     31407	80006c34	b43bba13	sltiu	x20,x23,-1213	 x23:0x00000000 x20=0x00000001
     314095.000 ns	     31408	80006c38	00a7bd33	sltu	x26,x15,x10	 x15:0x4e901453 x10:0xb6454c00 x26=0x00000001
     314455.000 ns	     31444	80006c3c	039e7533	remu	x10,x28,x25	 x28:0xfa51fb9e x25:0xb64550ab x10=0x440caaf3
     314475.000 ns	     31446	80006c40	fd064b93	xori	x23,x12,-48	 x12:0xe2274000 x23=0x1dd8bfd0
     314495.000 ns	     31448	80006c44	02e61db3	mulh	x27,x12,x14	 x12:0xe2274000 x14:0x00000000 x27=0x00000000
     314515.000 ns	     31450	80006c48	01e42f33	slt	x30,x8,x30	  x8:0x80040fe4 x30:0x00000000 x30=0x00000001
     314535.000 ns	     31452	80006c4c	032218b3	mulh	x17,x4,x18	  x4:0x00000000 x18:0x10240000 x17=0x00000000
     314905.000 ns	     31489	80006c50	033c6cb3	rem	x25,x24,x19	 x24:0x00000002 x19:0x4e901988 x25=0x00000002
     314935.000 ns	     31492	80006c54	a07a85d3	fle.s	x11,f21,f7	 f21:0x80000000  f7:0x80041024 x11=0x00000000
     314955.000 ns	     31494	80006c58	017c47b3	xor	x15,x24,x23	 x24:0x00000002 x23:0x1dd8bfd0 x15=0x1dd8bfd2
     314975.000 ns	     31496	80006c5c	207908d3	fsgnj.s	f17,f18,f7	 f18:0x00000000  f7:0x80041024 f17=0x80000000
     315005.000 ns	     31499	80006c60	e0001853	fclass.s	x16,f0	  f0:0x00000000 x16=0x00000010
     315035.000 ns	     31502	80006c64	29d91a53	fmax.s	f20,f18,f29	 f18:0x00000000 f29:0x00000001 f20=0x00000001
     315055.000 ns	     31504	80006c68	013045b3	xor	x11,x0,x19	  x0:0x00000000 x19:0x4e901988 x11=0x4e901988
     315065.000 ns	     31505	80006c6c	74b62797	auipc	x15,0x74b62	 x15=0xf4b68c6c
     315075.000 ns	     31506	80006c70	a960cb13	xori	x22,x1,-1386	  x1:0x00000009 x22=0xfffffa9f
     315095.000 ns	     31508	80006c74	d00cf653	fcvt.s.w	f12,x25	 x25:0x00000002 f12=0x40000000
     315125.000 ns	     31511	80006c78	a120ae53	feq.s	x28,f1,f18	  f1:0x7f800000 f18:0x00000000 x28=0x00000000
     315145.000 ns	     31513	80006c7c	00db9513	slli	x10,x23,0xd	 x23:0x1dd8bfd0 x10=0x17fa0000
     315165.000 ns	     31515	80006c80	027427b3	mulhsu	x15,x8,x7	  x8:0x80040fe4  x7:0x0866e000 x15=0xfbccb221
     315535.000 ns	     31552	80006c84	03dfe9b3	rem	x19,x31,x29	 x31:0xfa51fb9f x29:0x00000002 x19=0xffffffff
     315555.000 ns	     31554	80006c88	a03ecd93	xori	x27,x29,-1533	 x29:0x00000002 x27=0xfffffa01
     315575.000 ns	     31556	80006c8c	a16d2b53	feq.s	x22,f26,f22	 f26:0xc0ef8702 f22:0x00000000 x22=0x00000000
     315595.000 ns	     31558	80006c90	002ac7b3	xor	x15,x21,x2	 x21:0x00000010  x2:0x00000001 x15=0x00000011
     315605.000 ns	     31559	80006c94	00505a93	srli	x21,x0,0x5	  x0:0x00000000 x21=0x00000000
     315615.000 ns	     31560	80006c98	00cbdeb3	srl	x29,x23,x12	 x23:0x1dd8bfd0 x12:0xe2274000 x29=0x1dd8bfd0
     315625.000 ns	     31561	80006c9c	40435a93	srai	x21,x6,0x4	  x6:0xfffffbe4 x21=0xffffffbe
     315645.000 ns	     31563	80006ca0	c00502d3	fcvt.w.s	x5,f10	 f10:0x7f800000  x5=0x7fffffff
     315665.000 ns	     31565	80006ca4	01073c33	sltu	x24,x14,x16	 x14:0x00000000 x16:0x00000010 x24=0x00000001
     315675.000 ns	     31566	80006ca8	016ffab3	and	x21,x31,x22	 x31:0xfa51fb9f x22:0x00000000 x21=0x00000000
     315695.000 ns	     31568	80006cac	03be3033	mulhu	x0,x28,x27	 x28:0x00000000 x27:0xfffffa01
     315715.000 ns	     31570	80006cb0	def04617	auipc	x12,0xdef04	 x12=0x5ef0acb0
     315735.000 ns	     31572	80006cb4	a0362853	feq.s	x16,f12,f3	 f12:0x40000000  f3:0x42920000 x16=0x00000000
     315765.000 ns	     31575	80006cb8	a08b02d3	fle.s	x5,f22,f8	 f22:0x00000000  f8:0x00000000  x5=0x00000001
     315785.000 ns	     31577	80006cbc	005dfa33	and	x20,x27,x5	 x27:0xfffffa01  x5:0x7fffffff x20=0x00000001
     315795.000 ns	     31578	80006cc0	01d84233	xor	x4,x16,x29	 x16:0x00000000 x29:0x1dd8bfd0  x4=0x1dd8bfd0
     315805.000 ns	     31579	80006cc4	41ef8c33	sub	x24,x31,x30	 x31:0xfa51fb9f x30:0x00000001 x24=0xfa51fb9e
     315815.000 ns	     31580	80006cc8	e2906493	ori	x9,x0,-471	  x0:0x00000000  x9=0xfffffe29
     315825.000 ns	     31581	80006ccc	4255a217	auipc	x4,0x4255a	  x4=0xc2560ccc
     315845.000 ns	     31583	80006cd0	e00c0953	fmv.x.w	x18,f24	 f24:0x7f800000 x18=0x7f800000
     316215.000 ns	     31620	80006cd4	033b5233	divu	x4,x22,x19	 x22:0x00000000 x19:0xffffffff  x4=0x00000000
     316235.000 ns	     31622	80006cd8	006f9e13	slli	x28,x31,0x6	 x31:0xfa51fb9f x28=0x947ee7c0
     316245.000 ns	     31623	80006cdc	00c1c533	xor	x10,x3,x12	  x3:0x00000001 x12:0x5ef0acb0 x10=0x5ef0acb1
     316255.000 ns	     31624	80006ce0	01e4a3b3	slt	x7,x9,x30	  x9:0xfffffe29 x30:0x00000001  x7=0x00000001
     316265.000 ns	     31625	80006ce4	01bb6b33	or	x22,x22,x27	 x22:0x00000000 x27:0xfffffa01 x22=0xfffffa01
     316285.000 ns	     31627	80006ce8	03cc3233	mulhu	x4,x24,x28	 x24:0xfa51fb9e x28:0x947ee7c0  x4=0x91337c6c
     316315.000 ns	     31630	80006cec	02c2aeb3	mulhsu	x29,x5,x12	  x5:0x00000001 x12:0x5ef0acb0 x29=0x00000000
     316335.000 ns	     31632	80006cf0	92d25717	auipc	x14,0x92d25	 x14=0x12d2bcf0
     316355.000 ns	     31634	80006cf4	e0061853	fclass.s	x16,f12	 f12:0x40000000 x16=0x00000040
     316385.000 ns	     31637	80006cf8	21a39e53	fsgnjn.s	f28,f7,f26	  f7:0x80041024 f26:0xc0ef8702 f28=0x00041024
     316405.000 ns	     31639	80006cfc	416cd513	srai	x10,x25,0x16	 x25:0x00000002 x10=0x00000000
     316735.000 ns	     31672	80006d00	19e7f053	fdiv.s	f0,f15,f30	 f15:0xc0ef8702 f30:0x00000001  f0=0xff800000
     316765.000 ns	     31675	80006d04	d0120cd3	fcvt.s.wu	f25,x4	  x4:0x91337c6c f25=0x4f11337c
     316785.000 ns	     31677	80006d08	013938b3	sltu	x17,x18,x19	 x18:0x7f800000 x19:0xffffffff x17=0x00000001
     316795.000 ns	     31678	80006d0c	00ca1e13	slli	x28,x20,0xc	 x20:0x00000001 x28=0x00001000
     317965.000 ns	     31795	80006d10	58013453	fsqrt.s	f8,f2	  f2:0x42920000  f8=0x4108b407
     317985.000 ns	     31797	80006d14	01f51d93	slli	x27,x10,0x1f	 x10:0x00000000 x27=0x00000000
     317995.000 ns	     31798	80006d18	0015d8b3	srl	x17,x11,x1	 x11:0x4e901988  x1:0x00000009 x17=0x0027480c
     318015.000 ns	     31800	80006d1c	d00b1dd3	fcvt.s.w	f27,x22	 x22:0xfffffa01 f27=0xc4bfe000
     318045.000 ns	     31803	80006d20	a0cd1953	flt.s	x18,f26,f12	 f26:0xc0ef8702 f12:0x40000000 x18=0x00000001
     318065.000 ns	     31805	80006d24	01ceca33	xor	x20,x29,x28	 x29:0x00000000 x28:0x00001000 x20=0x00001000
     318075.000 ns	     31806	80006d28	004867b3	or	x15,x16,x4	 x16:0x00000040  x4:0x91337c6c x15=0x91337c6c
     318095.000 ns	     31808	80006d2c	296c9fd3	fmax.s	f31,f25,f22	 f25:0x4f11337c f22:0x00000000 f31=0x4f11337c
     318115.000 ns	     31810	80006d30	2f90cb17	auipc	x22,0x2f90c	 x22=0xaf912d30
     318475.000 ns	     31846	80006d34	03607cb3	remu	x25,x0,x22	  x0:0x00000000 x22:0xfffffa01 x25=0x00000000
     318495.000 ns	     31848	80006d38	d0534d13	xori	x26,x6,-763	  x6:0xfffffbe4 x26=0x000006e1
     318515.000 ns	     31850	80006d3c	209c1dd3	fsgnjn.s	f27,f24,f9	 f24:0x7f800000  f9:0x80000000 f27=0x7f800000
     318535.000 ns	     31852	80006d40	0b306f13	ori	x30,x0,179	  x0:0x00000000 x30=0x000000b3
     318555.000 ns	     31854	80006d44	c00c75d3	fcvt.w.s	x11,f24	 f24:0x7f800000 x11=0x7fffffff
     318575.000 ns	     31856	80006d48	60443193	sltiu	x3,x8,1540	  x8:0x80040fe4  x3=0x00000000
     318615.000 ns	     31860	80006d4c	01864ed3	fadd.s	f29,f12,f24	 f12:0x40000000 f24:0x7f800000 f29=0x7f800000
     318655.000 ns	     31864	80006d50	5807bad3	fsqrt.s	f21,f15	 f15:0xc0ef8702 f21=0x7fc00000
     318675.000 ns	     31866	80006d54	01dce333	or	x6,x25,x29	 x25:0x00000000 x29:0x00000000  x6=0x00000000
     318695.000 ns	     31868	80006d58	c01d7753	fcvt.wu.s	x14,f26	 f26:0xc0ef8702 x14=0x00000007
     318715.000 ns	     31870	80006d5c	ac94ec93	ori	x25,x9,-1335	  x9:0xfffffe29 x25=0xfffffee9
     318735.000 ns	     31872	80006d60	03ca0e33	mul	x28,x20,x28	 x20:0x00001000 x28:0x00001000 x28=0x01000000
     318755.000 ns	     31874	80006d64	01b0fbb3	and	x23,x1,x27	  x1:0x00000009 x27:0x00000000 x23=0x00000000
     318775.000 ns	     31876	80006d68	28929fd3	fmax.s	f31,f5,f9	  f5:0x0866e000  f9:0x80000000 f31=0x0866e000
     318795.000 ns	     31878	80006d6c	d53bba13	sltiu	x20,x23,-685	 x23:0x1dd8bfd0 x20=0x00000001
     318805.000 ns	     31879	80006d70	00f1ed33	or	x26,x3,x15	  x3:0x00000000 x15:0x91337c6c x26=0x91337c6c
     318815.000 ns	     31880	80006d74	41355eb3	sra	x29,x10,x19	 x10:0x00000000 x19:0xffffffff x29=0x00000000
     319175.000 ns	     31916	80006d78	02d3cf33	div	x30,x7,x13	  x7:0x00000001 x13:0x80041024 x30=0x00000000
     319205.000 ns	     31919	80006d7c	a17caad3	feq.s	x21,f25,f23	 f25:0x4f11337c f23:0x40ef8702 x21=0x00000000
     319245.000 ns	     31923	80006d80	187dbcd3	fdiv.s	f25,f27,f7	 f27:0x7f800000  f7:0x80041024 f25=0xff800000
     319275.000 ns	     31926	80006d84	216010d3	fsgnjn.s	f1,f0,f22	  f0:0xff800000 f22:0x00000000  f1=0xff800000
     319295.000 ns	     31928	80006d88	01e39b93	slli	x23,x7,0x1e	  x7:0x00000001 x23=0x40000000
     319315.000 ns	     31930	80006d8c	c0167353	fcvt.wu.s	x6,f12	 f12:0x40000000  x6=0x00000002
     319345.000 ns	     31933	80006d90	d01b7a53	fcvt.s.wu	f20,x22	 x22:0xaf912d30 f20=0x4f2f912d
     319365.000 ns	     31935	80006d94	1e4fc637	lui	x12,0x1e4fc	 x12=0x1e4fc000
     319405.000 ns	     31939	80006d98	090d72d3	fsub.s	f5,f26,f16	 f26:0xc0ef8702 f16:0x00000000  f5=0xc0ef8702
     319425.000 ns	     31941	80006d9c	00c2f533	and	x10,x5,x12	  x5:0x00000001 x12:0x5ef0acb0 x10=0x00000000
     319445.000 ns	     31943	80006da0	026da933	mulhsu	x18,x27,x6	 x27:0x00000000  x6:0x00000002 x18=0x00000000
     319475.000 ns	     31946	80006da4	036ebe33	mulhu	x28,x29,x22	 x29:0x00000000 x22:0xaf912d30 x28=0x00000000
     319505.000 ns	     31949	80006da8	c01ef3d3	fcvt.wu.s	x7,f29	 f29:0x7f800000  x7=0xffffffff
     319875.000 ns	     31986	80006dac	03926a33	rem	x20,x4,x25	  x4:0x91337c6c x25:0xfffffee9 x20=0xffffff74
     319905.000 ns	     31989	80006db0	03689533	mulh	x10,x17,x22	 x17:0x0027480c x22:0xaf912d30 x10=0xfff3a87a
     319935.000 ns	     31992	80006db4	f00d0453	fmv.w.x	f8,x26	 x26:0x91337c6c  f8=0x91337c6c
     319955.000 ns	     31994	80006db8	00000013	addi	x0,x0,0	  x0:0x00000000
     319965.000 ns	     31995	80006dbc	419058b3	sra	x17,x0,x25	  x0:0x00000000 x25:0xfffffee9 x17=0x00000000
     319985.000 ns	     31997	80006dc0	200384d3	fsgnj.s	f9,f7,f0	  f7:0x80041024  f0:0xff800000  f9=0x80041024
     320005.000 ns	     31999	80006dc4	f6103193	sltiu	x3,x0,-159	  x0:0x00000000  x3=0x00000001
     320365.000 ns	     32035	80006dc8	038af733	remu	x14,x21,x24	 x21:0x00000000 x24:0xfa51fb9e x14=0x00000000
     320385.000 ns	     32037	80006dcc	6c747813	andi	x16,x8,1735	  x8:0x80040fe4 x16=0x000006c4
     320395.000 ns	     32038	80006dd0	01dadcb3	srl	x25,x21,x29	 x21:0x00000000 x29:0x00000000 x25=0x00000000
     320405.000 ns	     32039	80006dd4	4008dc93	srai	x25,x17,0x0	 x17:0x00000000 x25=0x00000000
     320425.000 ns	     32041	80006dd8	e00b9cd3	fclass.s	x25,f23	 f23:0x40ef8702 x25=0x00000040
     320475.000 ns	     32046	80006ddc	00d83153	fadd.s	f2,f16,f13	 f16:0x00000000 f13:0x42920000  f2=0x42920000
     320495.000 ns	     32048	80006de0	8d354d13	xori	x26,x10,-1837	 x10:0xfff3a87a x26=0x000c50a9
     320515.000 ns	     32050	80006de4	a07d0f53	fle.s	x30,f26,f7	 f26:0xc0ef8702  f7:0x80041024 x30=0x00000001
     320535.000 ns	     32052	80006de8	0f646193	ori	x3,x8,246	  x8:0x80040fe4  x3=0x80040ff6
     320565.000 ns	     32055	80006dec	198278d3	fdiv.s	f17,f4,f24	  f4:0x80000000 f24:0x7f800000 f17=0x80000000
     320585.000 ns	     32057	80006df0	009d5c93	srli	x25,x26,0x9	 x26:0x000c50a9 x25=0x00000628
     320605.000 ns	     32059	80006df4	02db09b3	mul	x19,x22,x13	 x22:0xaf912d30 x13:0x80041024 x19=0x77fd5ac0
     320635.000 ns	     32062	80006df8	03c473b3	remu	x7,x8,x28	  x8:0x80040fe4 x28:0x00000000  x7=0x80040fe4
     320655.000 ns	     32064	80006dfc	007adc13	srli	x24,x21,0x7	 x21:0x00000000 x24=0x00000000
     320675.000 ns	     32066	80006e00	207d9953	fsgnjn.s	f18,f27,f7	 f27:0x7f800000  f7:0x80041024 f18=0x7f800000
     320695.000 ns	     32068	80006e04	a0c67793	andi	x15,x12,-1524	 x12:0x1e4fc000 x15=0x1e4fc000
     320715.000 ns	     32070	80006e08	0212acb3	mulhsu	x25,x5,x1	  x5:0x00000001  x1:0x00000009 x25=0x00000000
     320735.000 ns	     32072	80006e0c	0022e2b3	or	x5,x5,x2	  x5:0x00000001  x2:0x00000001  x5=0x00000001
     320745.000 ns	     32073	80006e10	019da333	slt	x6,x27,x25	 x27:0x00000000 x25:0x00000000  x6=0x00000000
     320755.000 ns	     32074	80006e14	005637b3	sltu	x15,x12,x5	 x12:0x1e4fc000  x5:0x00000001 x15=0x00000000
     320775.000 ns	     32076	80006e18	02f6af33	mulhsu	x30,x13,x15	 x13:0x80041024 x15:0x1e4fc000 x30=0x00000000
     320825.000 ns	     32081	80006e1c	091671d3	fsub.s	f3,f12,f17	 f12:0x40000000 f17:0x80000000  f3=0x40000000
     320855.000 ns	     32084	80006e20	f00886d3	fmv.w.x	f13,x17	 x17:0x00000000 f13=0x00000000
     320875.000 ns	     32086	80006e24	40f457b3	sra	x15,x8,x15	  x8:0x80040fe4 x15:0x00000000 x15=0x80040fe4
     321235.000 ns	     32122	80006e28	0242edb3	rem	x27,x5,x4	  x5:0x00000001  x4:0x91337c6c x27=0x00000001
     321285.000 ns	     32127	80006e2c	08cc37d3	fsub.s	f15,f24,f12	 f24:0x7f800000 f12:0x40000000 f15=0x7f800000
     321325.000 ns	     32131	80006e30	118b7853	fmul.s	f16,f22,f24	 f22:0x00000000 f24:0x7f800000 f16=0x7fc00000
     321355.000 ns	     32134	80006e34	2097a0d3	fsgnjx.s	f1,f15,f9	 f15:0x7f800000  f9:0x80041024  f1=0xff800000
     321385.000 ns	     32137	80006e38	a1368c53	fle.s	x24,f13,f19	 f13:0x00000000 f19:0x7f800000 x24=0x00000001
     321405.000 ns	     32139	80006e3c	41edd4b3	sra	x9,x27,x30	 x27:0x00000001 x30:0x00000000  x9=0x00000001
     321415.000 ns	     32140	80006e40	018b47b3	xor	x15,x22,x24	 x22:0xaf912d30 x24:0x00000001 x15=0xaf912d31
     321425.000 ns	     32141	80006e44	012ccfb3	xor	x31,x25,x18	 x25:0x00000000 x18:0x00000000 x31=0x00000000
     321445.000 ns	     32143	80006e48	e0070753	fmv.x.w	x14,f14	 f14:0x80041024 x14=0x80041024
     321475.000 ns	     32146	80006e4c	030924b3	mulhsu	x9,x18,x16	 x18:0x00000000 x16:0x000006c4  x9=0x00000000
     321505.000 ns	     32149	80006e50	29631dd3	fmax.s	f27,f6,f22	  f6:0x7f800000 f22:0x00000000 f27=0x7f800000
     321525.000 ns	     32151	80006e54	407ed593	srai	x11,x29,0x7	 x29:0x00000000 x11=0x00000000
     321885.000 ns	     32187	80006e58	02a1f4b3	remu	x9,x3,x10	  x3:0x80040ff6 x10:0xfff3a87a  x9=0x80040ff6
     321905.000 ns	     32189	80006e5c	b075fb13	andi	x22,x11,-1273	 x11:0x7fffffff x22=0x00000000
     321925.000 ns	     32191	80006e60	219b1553	fsgnjn.s	f10,f22,f25	 f22:0x00000000 f25:0xff800000 f10=0x00000000
     321965.000 ns	     32195	80006e64	10c9f7d3	fmul.s	f15,f19,f12	 f19:0x7f800000 f12:0x40000000 f15=0x7f800000
     322015.000 ns	     32200	80006e68	00eeff53	fadd.s	f30,f29,f14	 f29:0x7f800000 f14:0x80041024 f30=0x7f800000
     322065.000 ns	     32205	80006e6c	08b947d3	fsub.s	f15,f18,f11	 f18:0x7f800000 f11:0xbf800000 f15=0x7f800000
     322095.000 ns	     32208	80006e70	282e98d3	fmax.s	f17,f29,f2	 f29:0x7f800000  f2:0x42920000 f17=0x7f800000
     322115.000 ns	     32210	80006e74	497995b7	lui	x11,0x49799	 x11=0x49799000
     322155.000 ns	     32214	80006e78	00d6f853	fadd.s	f16,f13,f13	 f13:0x00000000 f13:0x00000000 f16=0x00000000
     322175.000 ns	     32216	80006e7c	ee436d93	ori	x27,x6,-284	  x6:0x00000000 x27=0xfffffee4
     322185.000 ns	     32217	80006e80	4080d033	sra	x0,x1,x8	  x1:0x00000009  x8:0x80040fe4
     322205.000 ns	     32219	80006e84	e0010253	fmv.x.w	x4,f2	  f2:0x42920000  x4=0x42920000
     322225.000 ns	     32221	80006e88	2c956c13	ori	x24,x10,713	 x10:0xfff3a87a x24=0xfff3aafb
     322235.000 ns	     32222	80006e8c	008ef233	and	x4,x29,x8	 x29:0x00000000  x8:0x80040fe4  x4=0x00000000
     322245.000 ns	     32223	80006e90	a223e893	ori	x17,x7,-1502	  x7:0x80040fe4 x17=0xffffffe6
     322275.000 ns	     32226	80006e94	5802afd3	fsqrt.s	f31,f5	  f5:0xc0ef8702 f31=0x7fc00000
     322305.000 ns	     32229	80006e98	213c29d3	fsgnjx.s	f19,f24,f19	 f24:0x7f800000 f19:0x7f800000 f19=0x7f800000
     322325.000 ns	     32231	80006e9c	3b8fbd93	sltiu	x27,x31,952	 x31:0x00000000 x27=0x00000001
     322335.000 ns	     32232	80006ea0	004a0633	add	x12,x20,x4	 x20:0xffffff74  x4:0x00000000 x12=0xffffff74
     322355.000 ns	     32234	80006ea4	28860653	fmin.s	f12,f12,f8	 f12:0x40000000  f8:0x91337c6c f12=0x91337c6c
     322375.000 ns	     32236	80006ea8	3f706fb7	lui	x31,0x3f706	 x31=0x3f706000
     322395.000 ns	     32238	80006eac	02228733	mul	x14,x5,x2	  x5:0x00000001  x2:0x00000001 x14=0x00000001
     322425.000 ns	     32241	80006eb0	e0051053	fclass.s	x0,f10	 f10:0x00000000
     322475.000 ns	     32246	80006eb4	08f97ad3	fsub.s	f21,f18,f15	 f18:0x7f800000 f15:0x7f800000 f21=0x80000000
     322495.000 ns	     32248	80006eb8	33e7f893	andi	x17,x15,830	 x15:0xaf912d31 x17=0x00000130
     322505.000 ns	     32249	80006ebc	00171ab3	sll	x21,x14,x1	 x14:0x00000001  x1:0x00000009 x21=0x00000200
     322525.000 ns	     32251	80006ec0	c0031b53	fcvt.w.s	x22,f6	  f6:0x7f800000 x22=0x7fffffff
     322555.000 ns	     32254	80006ec4	28360c53	fmin.s	f24,f12,f3	 f12:0x91337c6c  f3:0x40000000 f24=0x91337c6c
     322585.000 ns	     32257	80006ec8	0303bf33	mulhu	x30,x7,x16	  x7:0x80040fe4 x16:0x000006c4 x30=0x00000362
     322605.000 ns	     32259	80006ecc	003a0d33	add	x26,x20,x3	 x20:0xffffff74  x3:0x80040ff6 x26=0x80040f6a
     322625.000 ns	     32261	80006ed0	d00a7cd3	fcvt.s.w	f25,x20	 x20:0xffffff74 f25=0xc30c0000
     322655.000 ns	     32264	80006ed4	c0124853	fcvt.wu.s	x16,f4	  f4:0x80000000 x16=0x00000000
     322675.000 ns	     32266	80006ed8	82a76b93	ori	x23,x14,-2006	 x14:0x00000001 x23=0xfffff82b
     322685.000 ns	     32267	80006edc	4191d293	srai	x5,x3,0x19	  x3:0x80040ff6  x5=0xffffffc0
     322695.000 ns	     32268	80006ee0	4977b993	sltiu	x19,x15,1175	 x15:0xaf912d31 x19=0x00000000
     322715.000 ns	     32270	80006ee4	d01779d3	fcvt.s.wu	f19,x14	 x14:0x00000001 f19=0x3f800000
     322735.000 ns	     32272	80006ee8	5c803e13	sltiu	x28,x0,1480	  x0:0x00000000 x28=0x00000001
     322745.000 ns	     32273	80006eec	00060db3	add	x27,x12,x0	 x12:0xffffff74  x0:0x00000000 x27=0xffffff74
     322755.000 ns	     32274	80006ef0	e76b2a93	slti	x21,x22,-394	 x22:0x7fffffff x21=0x00000000
     323925.000 ns	     32391	80006ef4	580e3e53	fsqrt.s	f28,f28	 f28:0x00041024 f28=0x1f3ac36a
     323975.000 ns	     32396	80006ef8	0992cdd3	fsub.s	f27,f5,f25	  f5:0xc0ef8702 f25:0xc30c0000 f27=0x430483c8
     323995.000 ns	     32398	80006efc	00db1013	slli	x0,x22,0xd	 x22:0x7fffffff
     324035.000 ns	     32402	80006f00	0060f253	fadd.s	f4,f1,f6	  f1:0xff800000  f6:0x7f800000  f4=0x00000000
     324055.000 ns	     32404	80006f04	41ff5bb3	sra	x23,x30,x31	 x30:0x00000362 x31:0x3f706000 x23=0x00000362
     324065.000 ns	     32405	80006f08	afbc0293	addi	x5,x24,-1285	 x24:0xfff3aafb  x5=0xfff3a5f6
     324075.000 ns	     32406	80006f0c	41255293	srai	x5,x10,0x12	 x10:0xfff3a87a  x5=0xfffffffc
     324085.000 ns	     32407	80006f10	d716c493	xori	x9,x13,-655	 x13:0x80041024  x9=0x7ffbed55
     324105.000 ns	     32409	80006f14	21e58353	fsgnj.s	f6,f11,f30	 f11:0xbf800000 f30:0x7f800000  f6=0x3f800000
     324125.000 ns	     32411	80006f18	8f3d5337	lui	x6,0x8f3d5	  x6=0x8f3d5000
     324145.000 ns	     32413	80006f1c	a0b781d3	fle.s	x3,f15,f11	 f15:0x7f800000 f11:0xbf800000  x3=0x00000000
     324175.000 ns	     32416	80006f20	c00bf853	fcvt.w.s	x16,f23	 f23:0x40ef8702 x16=0x00000007
     324215.000 ns	     32420	80006f24	1069ab53	fmul.s	f22,f19,f6	 f19:0x3f800000  f6:0x3f800000 f22=0x3f800000
     324245.000 ns	     32423	80006f28	c00d4e53	fcvt.w.s	x28,f26	 f26:0xc0ef8702 x28=0xfffffff9
     324265.000 ns	     32425	80006f2c	00000013	addi	x0,x0,0	  x0:0x00000000
     324275.000 ns	     32426	80006f30	01dfaf33	slt	x30,x31,x29	 x31:0x3f706000 x29:0x00000000 x30=0x00000000
     324295.000 ns	     32428	80006f34	20e58853	fsgnj.s	f16,f11,f14	 f11:0xbf800000 f14:0x80041024 f16=0xbf800000
     324315.000 ns	     32430	80006f38	07315a97	auipc	x21,0x7315	 x21=0x8731bf38
     324335.000 ns	     32432	80006f3c	d017f053	fcvt.s.wu	f0,x15	 x15:0xaf912d31  f0=0x4f2f912d
     324355.000 ns	     32434	80006f40	00ed4fb3	xor	x31,x26,x14	 x26:0x80040f6a x14:0x00000001 x31=0x80040f6b
     324365.000 ns	     32435	80006f44	017a48b3	xor	x17,x20,x23	 x20:0xffffff74 x23:0x00000362 x17=0xfffffc16
     324375.000 ns	     32436	80006f48	01149d93	slli	x27,x9,0x11	  x9:0x7ffbed55 x27=0xdaaa0000
     324385.000 ns	     32437	80006f4c	00000013	addi	x0,x0,0	  x0:0x00000000
     324745.000 ns	     32473	80006f50	03fccf33	div	x30,x25,x31	 x25:0x00000000 x31:0x80040f6b x30=0x00000000
     324775.000 ns	     32476	80006f54	0233e233	rem	x4,x7,x3	  x7:0x80040fe4  x3:0x00000000  x4=0x80040fe4
     324805.000 ns	     32479	80006f58	290311d3	fmax.s	f3,f6,f16	  f6:0x3f800000 f16:0xbf800000  f3=0x3f800000
     325175.000 ns	     32516	80006f5c	027cf533	remu	x10,x25,x7	 x25:0x00000000  x7:0x80040fe4 x10=0x00000000
     325195.000 ns	     32518	80006f60	00000013	addi	x0,x0,0	  x0:0x00000000
     325205.000 ns	     32519	80006f64	41a35a33	sra	x20,x6,x26	  x6:0x8f3d5000 x26:0x80040f6a x20=0xffe3cf54
     325215.000 ns	     32520	80006f68	a2b64813	xori	x16,x12,-1493	 x12:0xffffff74 x16=0x0000055f
     325225.000 ns	     32521	80006f6c	007b6633	or	x12,x22,x7	 x22:0x7fffffff  x7:0x80040fe4 x12=0xffffffff
     325245.000 ns	     32523	80006f70	a0f297d3	flt.s	x15,f5,f15	  f5:0xc0ef8702 f15:0x7f800000 x15=0x00000001
     325265.000 ns	     32525	80006f74	01815cb3	srl	x25,x2,x24	  x2:0x00000001 x24:0xfff3aafb x25=0x00000000
     325295.000 ns	     32528	80006f78	11b09b53	fmul.s	f22,f1,f27	  f1:0xff800000 f27:0x430483c8 f22=0xff800000
     325325.000 ns	     32531	80006f7c	286a1153	fmax.s	f2,f20,f6	 f20:0x4f2f912d  f6:0x3f800000  f2=0x4f2f912d
     325355.000 ns	     32534	80006f80	281b1d53	fmax.s	f26,f22,f1	 f22:0xff800000  f1:0xff800000 f26=0xff800000
     325385.000 ns	     32537	80006f84	0233a1b3	mulhsu	x3,x7,x3	  x7:0x80040fe4  x3:0x00000000  x3=0x00000000
     325425.000 ns	     32541	80006f88	11fff8d3	fmul.s	f17,f31,f31	 f31:0x7fc00000 f31:0x7fc00000 f17=0x7fc00000
     325445.000 ns	     32543	80006f8c	00519bb3	sll	x23,x3,x5	  x3:0x00000000  x5:0xfffffffc x23=0x00000000
     325465.000 ns	     32545	80006f90	a1339753	flt.s	x14,f7,f19	  f7:0x80041024 f19:0x3f800000 x14=0x00000001
     325495.000 ns	     32548	80006f94	20632e53	fsgnjx.s	f28,f6,f6	  f6:0x3f800000  f6:0x3f800000 f28=0x3f800000
     325525.000 ns	     32551	80006f98	0303a7b3	mulhsu	x15,x7,x16	  x7:0x80040fe4 x16:0x0000055f x15=0xfffffd50
     325555.000 ns	     32554	80006f9c	03511133	mulh	x2,x2,x21	  x2:0x00000001 x21:0x8731bf38  x2=0xffffffff
     325575.000 ns	     32556	80006fa0	00f37633	and	x12,x6,x15	  x6:0x8f3d5000 x15:0xfffffd50 x12=0x8f3d5000
     325935.000 ns	     32592	80006fa4	03aa7633	remu	x12,x20,x26	 x20:0xffe3cf54 x26:0x80040f6a x12=0x7fdfbfea
     325965.000 ns	     32595	80006fa8	d0038ed3	fcvt.s.w	f29,x7	  x7:0x80040fe4 f29=0xcefff7e0
     325995.000 ns	     32598	80006fac	a1261b53	flt.s	x22,f12,f18	 f12:0x91337c6c f18:0x7f800000 x22=0x00000001
     326025.000 ns	     32601	80006fb0	28e117d3	fmax.s	f15,f2,f14	  f2:0x4f2f912d f14:0x80041024 f15=0x4f2f912d
     326055.000 ns	     32604	80006fb4	d016fad3	fcvt.s.wu	f21,x13	 x13:0x80041024 f21=0x4f000410
     326075.000 ns	     32606	80006fb8	011e0333	add	x6,x28,x17	 x28:0xfffffff9 x17:0xfffffc16  x6=0xfffffc0f
     326085.000 ns	     32607	80006fbc	00000013	addi	x0,x0,0	  x0:0x00000000
     326095.000 ns	     32608	80006fc0	3dc13a13	sltiu	x20,x2,988	  x2:0xffffffff x20=0x00000000
     326115.000 ns	     32610	80006fc4	e0000c53	fmv.x.w	x24,f0	  f0:0x4f2f912d x24=0x4f2f912d
     326135.000 ns	     32612	80006fc8	010fdb13	srli	x22,x31,0x10	 x31:0x80040f6b x22=0x00008004
     326155.000 ns	     32614	80006fcc	d00f4dd3	fcvt.s.w	f27,x30	 x30:0x00000000 f27=0x00000000
     326185.000 ns	     32617	80006fd0	202b1753	fsgnjn.s	f14,f22,f2	 f22:0xff800000  f2:0x4f2f912d f14=0xff800000
     326215.000 ns	     32620	80006fd4	f0098cd3	fmv.w.x	f25,x19	 x19:0x00000000 f25=0x00000000
     326245.000 ns	     32623	80006fd8	21578553	fsgnj.s	f10,f15,f21	 f15:0x4f2f912d f21:0x4f000410 f10=0x4f2f912d
     326295.000 ns	     32628	80006fdc	09cda253	fsub.s	f4,f27,f28	 f27:0x00000000 f28:0x3f800000  f4=0xbf800000
     326315.000 ns	     32630	80006fe0	20dc2f93	slti	x31,x24,525	 x24:0x4f2f912d x31=0x00000000
     326325.000 ns	     32631	80006fe4	00000013	addi	x0,x0,0	  x0:0x00000000
     326345.000 ns	     32633	80006fe8	0354a833	mulhsu	x16,x9,x21	  x9:0x7ffbed55 x21:0x8731bf38 x16=0x4396b8f9
     326375.000 ns	     32636	80006fec	28d00c53	fmin.s	f24,f0,f13	  f0:0x4f2f912d f13:0x00000000 f24=0x00000000
     326395.000 ns	     32638	80006ff0	419cd313	srai	x6,x25,0x19	 x25:0x00000000  x6=0x00000000
     326405.000 ns	     32639	80006ff4	eb360513	addi	x10,x12,-333	 x12:0x7fdfbfea x10=0x7fdfbe9d
     326445.000 ns	     32643	80006ff8	011b72d3	fadd.s	f5,f22,f17	 f22:0xff800000 f17:0x7fc00000  f5=0x7fc00000
     326475.000 ns	     32646	80006ffc	a0d725d3	feq.s	x11,f14,f13	 f14:0xff800000 f13:0x00000000 x11=0x00000000
     326505.000 ns	     32649	80007000	02a49db3	mulh	x27,x9,x10	  x9:0x7ffbed55 x10:0x7fdfbe9d x27=0x3fedd67c
     326525.000 ns	     32651	80007004	b76f8593	addi	x11,x31,-1162	 x31:0x00000000 x11=0xfffffb76
     326535.000 ns	     32652	80007008	0f65b213	sltiu	x4,x11,246	 x11:0x00000000  x4=0x00000000
     326555.000 ns	     32654	8000700c	21c18c53	fsgnj.s	f24,f3,f28	  f3:0x3f800000 f28:0x3f800000 f24=0x3f800000
     326595.000 ns	     32658	80007010	580cf5d3	fsqrt.s	f11,f25	 f25:0x00000000 f11=0x00000000
     326615.000 ns	     32660	80007014	01d39f13	slli	x30,x7,0x1d	  x7:0x80040fe4 x30=0x80000000
     326635.000 ns	     32662	80007018	c0173553	fcvt.wu.s	x10,f14	 f14:0xff800000 x10=0x00000000
     326665.000 ns	     32665	8000701c	e00a1053	fclass.s	x0,f20	 f20:0x4f2f912d
     326695.000 ns	     32668	80007020	29360753	fmin.s	f14,f12,f19	 f12:0x91337c6c f19:0x3f800000 f14=0x91337c6c
     326725.000 ns	     32671	80007024	033ad133	divu	x2,x21,x19	 x21:0x8731bf38 x19:0x00000000  x2=0xffffffff
     326745.000 ns	     32673	80007028	01c70133	add	x2,x14,x28	 x14:0x00000001 x28:0xfffffff9  x2=0xfffffffa
     326785.000 ns	     32677	8000702c	092c77d3	fsub.s	f15,f24,f18	 f24:0x3f800000 f18:0x7f800000 f15=0xff800000
     326815.000 ns	     32680	80007030	d0144053	fcvt.s.wu	f0,x8	  x8:0x80040fe4  f0=0x4f000410
     326835.000 ns	     32682	80007034	000f8233	add	x4,x31,x0	 x31:0x00000000  x0:0x00000000  x4=0x00000000
     326855.000 ns	     32684	80007038	c012f4d3	fcvt.wu.s	x9,f5	  f5:0x7fc00000  x9=0xffffffff
     326895.000 ns	     32688	8000703c	580c9cd3	fsqrt.s	f25,f25	 f25:0x00000000 f25=0x00000000
     326915.000 ns	     32690	80007040	01fda4b3	slt	x9,x27,x31	 x27:0x3fedd67c x31:0x00000000  x9=0x00000000
     326925.000 ns	     32691	80007044	40135593	srai	x11,x6,0x1	  x6:0x00000000 x11=0x00000000
     326945.000 ns	     32693	80007048	02625db3	divu	x27,x4,x6	  x4:0x00000000  x6:0x00000000 x27=0xffffffff
     326975.000 ns	     32696	8000704c	03d18fb3	mul	x31,x3,x29	  x3:0x00000000 x29:0x00000000 x31=0x00000000
     326995.000 ns	     32698	80007050	8b553213	sltiu	x4,x10,-1867	 x10:0x00000000  x4=0x00000001
     327025.000 ns	     32701	80007054	111f2253	fmul.s	f4,f30,f17	 f30:0x7f800000 f17:0x7fc00000  f4=0x7fc00000
     327045.000 ns	     32703	80007058	eb826793	ori	x15,x4,-328	  x4:0x00000000 x15=0xfffffeb9
     327055.000 ns	     32704	8000705c	00b56133	or	x2,x10,x11	 x10:0x00000000 x11:0x00000000  x2=0x00000000
     327415.000 ns	     32740	80007060	027ee8b3	rem	x17,x29,x7	 x29:0x00000000  x7:0x80040fe4 x17=0x00000000
     327445.000 ns	     32743	80007064	20c582d3	fsgnj.s	f5,f11,f12	 f11:0x00000000 f12:0x91337c6c  f5=0x80000000
     327465.000 ns	     32745	80007068	0124f333	and	x6,x9,x18	  x9:0x00000000 x18:0x00000000  x6=0x00000000
     327475.000 ns	     32746	8000706c	402cdab3	sra	x21,x25,x2	 x25:0x00000000  x2:0x00000000 x21=0x00000000
     327485.000 ns	     32747	80007070	00317db3	and	x27,x2,x3	  x2:0x00000000  x3:0x00000000 x27=0x00000000
     327495.000 ns	     32748	80007074	2daa3d13	sltiu	x26,x20,730	 x20:0x00000000 x26=0x00000001
     327515.000 ns	     32750	80007078	03bf1f33	mulh	x30,x30,x27	 x30:0x80000000 x27:0xffffffff x30=0x00000000
     327545.000 ns	     32753	8000707c	a0ad8ad3	fle.s	x21,f27,f10	 f27:0x00000000 f10:0x4f2f912d x21=0x00000001
     327575.000 ns	     32756	80007080	d00e7fd3	fcvt.s.w	f31,x28	 x28:0xfffffff9 f31=0xc0e00000
     327595.000 ns	     32758	80007084	005771b3	and	x3,x14,x5	 x14:0x00000001  x5:0xfffffffc  x3=0x00000000
     327605.000 ns	     32759	80007088	01c15f33	srl	x30,x2,x28	  x2:0x00000000 x28:0xfffffff9 x30=0x00000000
     327625.000 ns	     32761	8000708c	29d409d3	fmin.s	f19,f8,f29	  f8:0x91337c6c f29:0xcefff7e0 f19=0xcefff7e0
     327655.000 ns	     32764	80007090	e0008cd3	fmv.x.w	x25,f1	  f1:0xff800000 x25=0xff800000
     327685.000 ns	     32767	80007094	20e490d3	fsgnjn.s	f1,f9,f14	  f9:0x80041024 f14:0x91337c6c  f1=0x00041024
     327705.000 ns	     32769	80007098	407e5533	sra	x10,x28,x7	 x28:0xfffffff9  x7:0x80040fe4 x10=0xffffffff
     327715.000 ns	     32770	8000709c	005f9933	sll	x18,x31,x5	 x31:0x00000000  x5:0xfffffffc x18=0x00000000
     327735.000 ns	     32772	800070a0	d01025d3	fcvt.s.wu	f11,x0	  x0:0x00000000 f11=0x00000000
     327765.000 ns	     32775	800070a4	a1438ad3	fle.s	x21,f7,f20	  f7:0x80041024 f20:0x4f2f912d x21=0x00000001
     328135.000 ns	     32812	800070a8	0270e233	rem	x4,x1,x7	  x1:0x00000009  x7:0x80040fe4  x4=0x00000009
     328165.000 ns	     32815	800070ac	a174abd3	feq.s	x23,f9,f23	  f9:0x80041024 f23:0x40ef8702 x23=0x00000000
     328185.000 ns	     32817	800070b0	01738db3	add	x27,x7,x23	  x7:0x80040fe4 x23:0x00000000 x27=0x80040fe4
     328515.000 ns	     32850	800070b4	18943753	fdiv.s	f14,f8,f9	  f8:0x91337c6c  f9:0x80041024 f14=0x4ffd645e
     328545.000 ns	     32853	800070b8	28ae8853	fmin.s	f16,f29,f10	 f29:0xcefff7e0 f10:0x4f2f912d f16=0xcefff7e0
     328565.000 ns	     32855	800070bc	00000013	addi	x0,x0,0	  x0:0x00000000
     328585.000 ns	     32857	800070c0	20112553	fsgnjx.s	f10,f2,f1	  f2:0x4f2f912d  f1:0x00041024 f10=0x4f2f912d
     328625.000 ns	     32861	800070c4	580282d3	fsqrt.s	f5,f5	  f5:0x80000000  f5=0x80000000
     328645.000 ns	     32863	800070c8	41880bb3	sub	x23,x16,x24	 x16:0x4396b8f9 x24:0x4f2f912d x23=0xf46727cc
     328655.000 ns	     32864	800070cc	2803ca13	xori	x20,x7,640	  x7:0x80040fe4 x20=0x80040d64
     328665.000 ns	     32865	800070d0	00000013	addi	x0,x0,0	  x0:0x00000000
     328695.000 ns	     32868	800070d4	18b00ad3	fdiv.s	f21,f0,f11	  f0:0x4f000410 f11:0x00000000 f21=0x7f800000
     328715.000 ns	     32870	800070d8	d89d3b13	sltiu	x22,x26,-631	 x26:0x00000001 x22=0x00000001
     328735.000 ns	     32872	800070dc	035429b3	mulhsu	x19,x8,x21	  x8:0x80040fe4 x21:0x00000001 x19=0xffffffff
     328765.000 ns	     32875	800070e0	e0010653	fmv.x.w	x12,f2	  f2:0x4f2f912d x12=0x4f2f912d
     328805.000 ns	     32879	800070e4	5803fcd3	fsqrt.s	f25,f7	  f7:0x80041024 f25=0x7fc00000
     328855.000 ns	     32884	800070e8	008585d3	fadd.s	f11,f11,f8	 f11:0x00000000  f8:0x91337c6c f11=0x91337c6c
     328875.000 ns	     32886	800070ec	00f01313	slli	x6,x0,0xf	  x0:0x00000000  x6=0x00000000
     328885.000 ns	     32887	800070f0	e590fc93	andi	x25,x1,-423	  x1:0x00000009 x25=0x00000009
     328895.000 ns	     32888	800070f4	01e45993	srli	x19,x8,0x1e	  x8:0x80040fe4 x19=0x00000002
     328905.000 ns	     32889	800070f8	41135a93	srai	x21,x6,0x11	  x6:0x00000000 x21=0x00000000
     328935.000 ns	     32892	800070fc	580276d3	fsqrt.s	f13,f4	  f4:0x7fc00000 f13=0x7fc00000
     328965.000 ns	     32895	80007100	03dc5ab3	divu	x21,x24,x29	 x24:0x4f2f912d x29:0x00000000 x21=0xffffffff
     329335.000 ns	     32932	80007104	024fed33	rem	x26,x31,x4	 x31:0x00000000  x4:0x00000009 x26=0x00000000
     329355.000 ns	     32934	80007108	01764633	xor	x12,x12,x23	 x12:0x4f2f912d x23:0xf46727cc x12=0xbb48b6e1
     329365.000 ns	     32935	8000710c	01bcdd93	srli	x27,x25,0x1b	 x25:0x00000009 x27=0x00000000
     329375.000 ns	     32936	80007110	017671b3	and	x3,x12,x23	 x12:0x4f2f912d x23:0xf46727cc  x3=0xb04026c0
     329395.000 ns	     32938	80007114	02860033	mul	x0,x12,x8	 x12:0xbb48b6e1  x8:0x80040fe4
     329415.000 ns	     32940	80007118	018e0db3	add	x27,x28,x24	 x28:0xfffffff9 x24:0x4f2f912d x27=0x4f2f9126
     329435.000 ns	     32942	8000711c	28fc8553	fmin.s	f10,f25,f15	 f25:0x7fc00000 f15:0xff800000 f10=0xff800000
     329465.000 ns	     32945	80007120	29081e53	fmax.s	f28,f16,f16	 f16:0xcefff7e0 f16:0xcefff7e0 f28=0xcefff7e0
     329495.000 ns	     32948	80007124	d0034953	fcvt.s.w	f18,x6	  x6:0x00000000 f18=0x00000000
     329515.000 ns	     32950	80007128	29bd2d13	slti	x26,x26,667	 x26:0x00000000 x26=0x00000001
     329525.000 ns	     32951	8000712c	4f864013	xori	x0,x12,1272	 x12:0xbb48b6e1
     329535.000 ns	     32952	80007130	41135a13	srai	x20,x6,0x11	  x6:0x00000000 x20=0x00000000
     329555.000 ns	     32954	80007134	c01295d3	fcvt.wu.s	x11,f5	  f5:0x80000000 x11=0x00000000
     329585.000 ns	     32957	80007138	20312853	fsgnjx.s	f16,f2,f3	  f2:0x4f2f912d  f3:0x3f800000 f16=0x4f2f912d
     329605.000 ns	     32959	8000713c	007e3833	sltu	x16,x28,x7	 x28:0xfffffff9  x7:0x80040fe4 x16=0x00000000
     329965.000 ns	     32995	80007140	0395e133	rem	x2,x11,x25	 x11:0x00000000 x25:0x00000009  x2=0x00000000
     329985.000 ns	     32997	80007144	016b9933	sll	x18,x23,x22	 x23:0xf46727cc x22:0x00000001 x18=0xe8ce4f98
     330005.000 ns	     32999	80007148	a1d11753	flt.s	x14,f2,f29	  f2:0x4f2f912d f29:0xcefff7e0 x14=0x00000000
     330025.000 ns	     33001	8000714c	8085b993	sltiu	x19,x11,-2040	 x11:0x00000000 x19=0x00000001
     330035.000 ns	     33002	80007150	00f2c533	xor	x10,x5,x15	  x5:0xfffffffc x15:0xfffffeb9 x10=0x00000145
     330055.000 ns	     33004	80007154	e00e8ad3	fmv.x.w	x21,f29	 f29:0xcefff7e0 x21=0xcefff7e0
     330085.000 ns	     33007	80007158	f0068453	fmv.w.x	f8,x13	 x13:0x80041024  f8=0x80041024
     330115.000 ns	     33010	8000715c	030214b3	mulh	x9,x4,x16	  x4:0x00000009 x16:0x00000000  x9=0x00000000
     330135.000 ns	     33012	80007160	014302b3	add	x5,x6,x20	  x6:0x00000000 x20:0x00000000  x5=0x00000000
     330145.000 ns	     33013	80007164	497e3893	sltiu	x17,x28,1175	 x28:0xfffffff9 x17=0x00000000
     330155.000 ns	     33014	80007168	95eda193	slti	x3,x27,-1698	 x27:0x4f2f9126  x3=0x00000000
     330175.000 ns	     33016	8000716c	d0063453	fcvt.s.w	f8,x12	 x12:0xbb48b6e1  f8=0xce896e93
     330205.000 ns	     33019	80007170	023b7db3	remu	x27,x22,x3	 x22:0x00000001  x3:0xb04026c0 x27=0x00000001
     330225.000 ns	     33021	80007174	0099e733	or	x14,x19,x9	 x19:0x00000001  x9:0x00000000 x14=0x00000001
     330245.000 ns	     33023	80007178	29011053	fmax.s	f0,f2,f16	  f2:0x4f2f912d f16:0x4f2f912d  f0=0x4f2f912d
     330265.000 ns	     33025	8000717c	002e1333	sll	x6,x28,x2	 x28:0xfffffff9  x2:0x00000000  x6=0xfffffff9
     330285.000 ns	     33027	80007180	02438333	mul	x6,x7,x4	  x7:0x80040fe4  x4:0x00000009  x6=0x80248f04
     330325.000 ns	     33031	80007184	10ef7553	fmul.s	f10,f30,f14	 f30:0x7f800000 f14:0x4ffd645e f10=0x7f800000
     330355.000 ns	     33034	80007188	e00a89d3	fmv.x.w	x19,f21	 f21:0x7f800000 x19=0x7f800000
     330375.000 ns	     33036	8000718c	8fa58d13	addi	x26,x11,-1798	 x11:0x00000000 x26=0xfffff8fa
     330395.000 ns	     33038	80007190	28ae8953	fmin.s	f18,f29,f10	 f29:0xcefff7e0 f10:0x7f800000 f18=0xcefff7e0
     330415.000 ns	     33040	80007194	40218933	sub	x18,x3,x2	  x3:0x00000000  x2:0x00000000 x18=0x00000000
     330445.000 ns	     33043	80007198	111cce53	fmul.s	f28,f25,f17	 f25:0x7fc00000 f17:0x7fc00000 f28=0x7fc00000
     330465.000 ns	     33045	8000719c	008941b3	xor	x3,x18,x8	 x18:0xe8ce4f98  x8:0x80040fe4  x3=0x80040fe4
     330485.000 ns	     33047	800071a0	0394aab3	mulhsu	x21,x9,x25	  x9:0x00000000 x25:0x00000009 x21=0x00000000
     330515.000 ns	     33050	800071a4	0344f7b3	remu	x15,x9,x20	  x9:0x00000000 x20:0x00000000 x15=0x00000000
     330535.000 ns	     33052	800071a8	ab518293	addi	x5,x3,-1355	  x3:0x80040fe4  x5=0x80040a99
     330565.000 ns	     33055	800071ac	580c8553	fsqrt.s	f10,f25	 f25:0x7fc00000 f10=0x7fc00000
     330585.000 ns	     33057	800071b0	1630b593	sltiu	x11,x1,355	  x1:0x00000009 x11=0x00000001
     330625.000 ns	     33061	800071b4	01aafe53	fadd.s	f28,f21,f26	 f21:0x7f800000 f26:0xff800000 f28=0x80000000
     330655.000 ns	     33064	800071b8	21eb92d3	fsgnjn.s	f5,f23,f30	 f23:0x40ef8702 f30:0x7f800000  f5=0xc0ef8702
     330685.000 ns	     33067	800071bc	20162253	fsgnjx.s	f4,f12,f1	 f12:0x91337c6c  f1:0x00041024  f4=0x91337c6c
     330735.000 ns	     33072	800071c0	014b2bd3	fadd.s	f23,f22,f20	 f22:0xff800000 f20:0x4f2f912d f23=0xff800000
     330765.000 ns	     33075	800071c4	e0089dd3	fclass.s	x27,f17	 f17:0x7fc00000 x27=0x00000200
     330795.000 ns	     33078	800071c8	02e6b2b3	mulhu	x5,x13,x14	 x13:0x80041024 x14:0x00000001  x5=0x00000000
     330825.000 ns	     33081	800071cc	03b02bb3	mulhsu	x23,x0,x27	  x0:0x00000000 x27:0x00000200 x23=0x00000000
     330845.000 ns	     33083	800071d0	b0c08a13	addi	x20,x1,-1268	  x1:0x00000009 x20=0xfffffb15
     330865.000 ns	     33085	800071d4	02ae3033	mulhu	x0,x28,x10	 x28:0xfffffff9 x10:0x00000145
     330885.000 ns	     33087	800071d8	ea22bd13	sltiu	x26,x5,-350	  x5:0x00000000 x26=0x00000001
     330895.000 ns	     33088	800071dc	d664f913	andi	x18,x9,-666	  x9:0x00000000 x18=0x00000000
     330915.000 ns	     33090	800071e0	203524d3	fsgnjx.s	f9,f10,f3	 f10:0x7fc00000  f3:0x3f800000  f9=0x7fc00000
     330935.000 ns	     33092	800071e4	df6d2637	lui	x12,0xdf6d2	 x12=0xdf6d2000
     330945.000 ns	     33093	800071e8	00000013	addi	x0,x0,0	  x0:0x00000000
     330955.000 ns	     33094	800071ec	d3438913	addi	x18,x7,-716	  x7:0x80040fe4 x18=0x80040d18
     330975.000 ns	     33096	800071f0	03d3c133	div	x2,x7,x29	  x7:0x80040fe4 x29:0x00000000  x2=0xffffffff
     330995.000 ns	     33098	800071f4	0195e833	or	x16,x11,x25	 x11:0x00000001 x25:0x00000009 x16=0x00000009
     331015.000 ns	     33100	800071f8	e00292d3	fclass.s	x5,f5	  f5:0xc0ef8702  x5=0x00000002
     332195.000 ns	     33218	800071fc	58008653	fsqrt.s	f12,f1	  f1:0x00041024 f12=0x1f3ac36a
     332215.000 ns	     33220	80007200	efca2917	auipc	x18,0xefca2	 x18=0x6fca9200
     332225.000 ns	     33221	80007204	3b6dcd13	xori	x26,x27,950	 x27:0x00000200 x26=0x000001b6
     332235.000 ns	     33222	80007208	fb110f93	addi	x31,x2,-79	  x2:0xffffffff x31=0xffffffb0
     332245.000 ns	     33223	8000720c	905f8593	addi	x11,x31,-1787	 x31:0x00000000 x11=0xfffff8b5
     332265.000 ns	     33225	80007210	f00081d3	fmv.w.x	f3,x1	  x1:0x00000009  f3=0x00000009
     332295.000 ns	     33228	80007214	21e208d3	fsgnj.s	f17,f4,f30	  f4:0x91337c6c f30:0x7f800000 f17=0x11337c6c
     332315.000 ns	     33230	80007218	00000013	addi	x0,x0,0	  x0:0x00000000
     332325.000 ns	     33231	8000721c	1a8f3113	sltiu	x2,x30,424	 x30:0x00000000  x2=0x00000001
     332335.000 ns	     33232	80007220	013f3033	sltu	x0,x30,x19	 x30:0x00000000 x19:0x7f800000
     332355.000 ns	     33234	80007224	02852fb3	mulhsu	x31,x10,x8	 x10:0x00000145  x8:0x80040fe4 x31=0x000000a2
     332375.000 ns	     33236	80007228	f0a2a713	slti	x14,x5,-246	  x5:0x00000002 x14=0x00000000
     332385.000 ns	     33237	8000722c	00000013	addi	x0,x0,0	  x0:0x00000000
     332395.000 ns	     33238	80007230	0044db93	srli	x23,x9,0x4	  x9:0x00000000 x23=0x00000000
     332405.000 ns	     33239	80007234	e3862037	lui	x0,0xe3862	
     332425.000 ns	     33241	80007238	c0178b53	fcvt.wu.s	x22,f15	 f15:0xff800000 x22=0x00000000
     332445.000 ns	     33243	8000723c	00f8ebb3	or	x23,x17,x15	 x17:0x00000000 x15:0x00000000 x23=0x00000000
     332465.000 ns	     33245	80007240	029e4633	div	x12,x28,x9	 x28:0xfffffff9  x9:0x00000000 x12=0xffffffff
     332495.000 ns	     33248	80007244	03e3fab3	remu	x21,x7,x30	  x7:0x80040fe4 x30:0x00000000 x21=0x80040fe4
     332515.000 ns	     33250	80007248	00601933	sll	x18,x0,x6	  x0:0x00000000  x6:0x80248f04 x18=0x00000000
     332525.000 ns	     33251	8000724c	01b15493	srli	x9,x2,0x1b	  x2:0x00000001  x9=0x00000000
     332535.000 ns	     33252	80007250	406401b3	sub	x3,x8,x6	  x8:0x80040fe4  x6:0x80248f04  x3=0xffdf80e0
     332545.000 ns	     33253	80007254	018d1893	slli	x17,x26,0x18	 x26:0x000001b6 x17=0xb6000000
     332905.000 ns	     33289	80007258	02a4c633	div	x12,x9,x10	  x9:0x00000000 x10:0x00000145 x12=0x00000000
     332935.000 ns	     33292	8000725c	035d05b3	mul	x11,x26,x21	 x26:0x000001b6 x21:0x80040fe4 x11=0x06f33018
     332965.000 ns	     33295	80007260	210924d3	fsgnjx.s	f9,f18,f16	 f18:0xcefff7e0 f16:0x4f2f912d  f9=0xcefff7e0
     333015.000 ns	     33300	80007264	09837dd3	fsub.s	f27,f6,f24	  f6:0x3f800000 f24:0x3f800000 f27=0x80000000
     333045.000 ns	     33303	80007268	020deab3	rem	x21,x27,x0	 x27:0x00000200  x0:0x00000000 x21=0x00000200
     333075.000 ns	     33306	8000726c	a1dd1a53	flt.s	x20,f26,f29	 f26:0xff800000 f29:0xcefff7e0 x20=0x00000001
     333105.000 ns	     33309	80007270	a0e91dd3	flt.s	x27,f18,f14	 f18:0xcefff7e0 f14:0x4ffd645e x27=0x00000001
     333135.000 ns	     33312	80007274	e00288d3	fmv.x.w	x17,f5	  f5:0xc0ef8702 x17=0xc0ef8702
     333155.000 ns	     33314	80007278	01558933	add	x18,x11,x21	 x11:0x06f33018 x21:0x00000200 x18=0x06f33218
     333515.000 ns	     33350	8000727c	026d6233	rem	x4,x26,x6	 x26:0x000001b6  x6:0x80248f04  x4=0x000001b6
     333545.000 ns	     33353	80007280	296f12d3	fmax.s	f5,f30,f22	 f30:0x7f800000 f22:0xff800000  f5=0x7f800000
     333585.000 ns	     33357	80007284	183e7453	fdiv.s	f8,f28,f3	 f28:0x80000000  f3:0x00000009  f8=0x80000000
     333615.000 ns	     33360	80007288	28e688d3	fmin.s	f17,f13,f14	 f13:0x7fc00000 f14:0x4ffd645e f17=0x4ffd645e
     333635.000 ns	     33362	8000728c	00000013	addi	x0,x0,0	  x0:0x00000000
     333645.000 ns	     33363	80007290	5e70a8b7	lui	x17,0x5e70a	 x17=0x5e70a000
     333655.000 ns	     33364	80007294	408f0233	sub	x4,x30,x8	 x30:0x00000000  x8:0x80040fe4  x4=0x7ffbf01c
     333665.000 ns	     33365	80007298	000b5b13	srli	x22,x22,0x0	 x22:0x00000000 x22=0x00000000
     333685.000 ns	     33367	8000729c	e0048dd3	fmv.x.w	x27,f9	  f9:0xcefff7e0 x27=0xcefff7e0
     333705.000 ns	     33369	800072a0	3ad7be93	sltiu	x29,x15,941	 x15:0x00000000 x29=0x00000001
     333725.000 ns	     33371	800072a4	a0d89ed3	flt.s	x29,f17,f13	 f17:0x4ffd645e f13:0x7fc00000 x29=0x00000000
     333745.000 ns	     33373	800072a8	006079b3	and	x19,x0,x6	  x0:0x00000000  x6:0x80248f04 x19=0x00000000
     334075.000 ns	     33406	800072ac	1934fdd3	fdiv.s	f27,f9,f19	  f9:0xcefff7e0 f19:0xcefff7e0 f27=0x3f7ff7e0
     334105.000 ns	     33409	800072b0	0281b5b3	mulhu	x11,x3,x8	  x3:0xffdf80e0  x8:0x80040fe4 x11=0x7ff3cfcf
     334125.000 ns	     33411	800072b4	f0eeb513	sltiu	x10,x29,-242	 x29:0x00000000 x10=0x00000001
     334145.000 ns	     33413	800072b8	d01812d3	fcvt.s.wu	f5,x16	 x16:0x00000009  f5=0x41100000
     334165.000 ns	     33415	800072bc	fd8f7b93	andi	x23,x30,-40	 x30:0x00000000 x23=0x00000000
     334175.000 ns	     33416	800072c0	6b778013	addi	x0,x15,1719	 x15:0x00000000
     334195.000 ns	     33418	800072c4	02f78733	mul	x14,x15,x15	 x15:0x00000000 x15:0x00000000 x14=0x00000000
     334215.000 ns	     33420	800072c8	011568b3	or	x17,x10,x17	 x10:0x00000001 x17:0x5e70a000 x17=0x5e70a001
     334225.000 ns	     33421	800072cc	01d0c4b3	xor	x9,x1,x29	  x1:0x00000009 x29:0x00000000  x9=0x00000009
     334235.000 ns	     33422	800072d0	002815b3	sll	x11,x16,x2	 x16:0x00000009  x2:0x00000001 x11=0x00000012
     334275.000 ns	     33426	800072d4	0882bc53	fsub.s	f24,f5,f8	  f5:0x41100000  f8:0x80000000 f24=0x41100000
     334305.000 ns	     33429	800072d8	025e31b3	mulhu	x3,x28,x5	 x28:0xfffffff9  x5:0x00000002  x3=0x00000001
     334335.000 ns	     33432	800072dc	2070a9d3	fsgnjx.s	f19,f1,f7	  f1:0x00041024  f7:0x80041024 f19=0x80041024
     334355.000 ns	     33434	800072e0	d60b4f13	xori	x30,x22,-672	 x22:0x00000000 x30=0xfffffd60
     334365.000 ns	     33435	800072e4	0103b733	sltu	x14,x7,x16	  x7:0x80040fe4 x16:0x00000009 x14=0x00000000
     334375.000 ns	     33436	800072e8	01f285b3	add	x11,x5,x31	  x5:0x00000002 x31:0x000000a2 x11=0x000000a4
     334735.000 ns	     33472	800072ec	02afe3b3	rem	x7,x31,x10	 x31:0x000000a2 x10:0x00000001  x7=0x00000000
     334755.000 ns	     33474	800072f0	00000013	addi	x0,x0,0	  x0:0x00000000
     334775.000 ns	     33476	800072f4	21a29553	fsgnjn.s	f10,f5,f26	  f5:0x41100000 f26:0xff800000 f10=0x41100000
     334805.000 ns	     33479	800072f8	21bd1453	fsgnjn.s	f8,f26,f27	 f26:0xff800000 f27:0x3f7ff7e0  f8=0xff800000
     335175.000 ns	     33516	800072fc	03f9d833	divu	x16,x19,x31	 x19:0x00000000 x31:0x000000a2 x16=0x00000000
     335195.000 ns	     33518	80007300	403fd593	srai	x11,x31,0x3	 x31:0x000000a2 x11=0x00000014
     335235.000 ns	     33522	80007304	099712d3	fsub.s	f5,f14,f25	 f14:0x4ffd645e f25:0x7fc00000  f5=0x7fc00000
     335255.000 ns	     33524	80007308	0124fdb3	and	x27,x9,x18	  x9:0x00000009 x18:0x06f33218 x27=0x00000008
     335265.000 ns	     33525	8000730c	00af2a33	slt	x20,x30,x10	 x30:0xfffffd60 x10:0x00000001 x20=0x00000001
     335285.000 ns	     33527	80007310	20c003d3	fsgnj.s	f7,f0,f12	  f0:0x4f2f912d f12:0x1f3ac36a  f7=0x4f2f912d
     335315.000 ns	     33530	80007314	d00094d3	fcvt.s.w	f9,x1	  x1:0x00000009  f9=0x41100000
     335335.000 ns	     33532	80007318	41680cb3	sub	x25,x16,x22	 x16:0x00000000 x22:0x00000000 x25=0x00000000
     335345.000 ns	     33533	8000731c	00111613	slli	x12,x2,0x1	  x2:0x00000001 x12=0x00000002
     335365.000 ns	     33535	80007320	a0329953	flt.s	x18,f5,f3	  f5:0x7fc00000  f3:0x00000009 x18=0x00000000
     335395.000 ns	     33538	80007324	a1d9a053	feq.s	x0,f19,f29	 f19:0x80041024 f29:0xcefff7e0
     335415.000 ns	     33540	80007328	50bba393	slti	x7,x23,1291	 x23:0x00000000  x7=0x00000001
     335745.000 ns	     33573	8000732c	1940fd53	fdiv.s	f26,f1,f20	  f1:0x00041024 f20:0x4f2f912d f26=0x00000000
     335795.000 ns	     33578	80007330	01af3a53	fadd.s	f20,f30,f26	 f30:0x7f800000 f26:0xff800000 f20=0x7f800000
     335845.000 ns	     33583	80007334	00f67ed3	fadd.s	f29,f12,f15	 f12:0x1f3ac36a f15:0xff800000 f29=0xff800000
     335865.000 ns	     33585	80007338	2c1f0713	addi	x14,x30,705	 x30:0xfffffd60 x14=0x00000021
     335885.000 ns	     33587	8000733c	e00e9ed3	fclass.s	x29,f29	 f29:0xff800000 x29=0x00000001
     335915.000 ns	     33590	80007340	03f49cb3	mulh	x25,x9,x31	  x9:0x00000009 x31:0x000000a2 x25=0x00000000
     335935.000 ns	     33592	80007344	0001b633	sltu	x12,x3,x0	  x3:0x00000001  x0:0x00000000 x12=0x00000000
     335945.000 ns	     33593	80007348	00000013	addi	x0,x0,0	  x0:0x00000000
     335975.000 ns	     33596	8000734c	11957753	fmul.s	f14,f10,f25	 f10:0x41100000 f25:0x7fc00000 f14=0x7fc00000
     336345.000 ns	     33633	80007350	038ac533	div	x10,x21,x24	 x21:0x00000200 x24:0x4f2f912d x10=0x00000000
     336365.000 ns	     33635	80007354	67be6013	ori	x0,x28,1659	 x28:0xfffffff9
     336385.000 ns	     33637	80007358	21242b53	fsgnjx.s	f22,f8,f18	  f8:0xff800000 f18:0xcefff7e0 f22=0x7f800000
     336415.000 ns	     33640	8000735c	d01135d3	fcvt.s.wu	f11,x2	  x2:0x00000001 f11=0x3f800000
     336445.000 ns	     33643	80007360	a0ef1cd3	flt.s	x25,f30,f14	 f30:0x7f800000 f14:0x7fc00000 x25=0x00000000
     336465.000 ns	     33645	80007364	41d0d613	srai	x12,x1,0x1d	  x1:0x00000009 x12=0x00000000
     336475.000 ns	     33646	80007368	018fd1b3	srl	x3,x31,x24	 x31:0x000000a2 x24:0x4f2f912d  x3=0x00000000
     336485.000 ns	     33647	8000736c	02c76b93	ori	x23,x14,44	 x14:0x00000021 x23=0x0000002d
     336495.000 ns	     33648	80007370	404a5733	sra	x14,x20,x4	 x20:0x00000001  x4:0x7ffbf01c x14=0x00000000
     336535.000 ns	     33652	80007374	0954fad3	fsub.s	f21,f9,f21	  f9:0x41100000 f21:0x7f800000 f21=0xff800000
     336565.000 ns	     33655	80007378	a0ba8053	fle.s	x0,f21,f11	 f21:0x7f800000 f11:0x3f800000
     336585.000 ns	     33657	8000737c	92c42e13	slti	x28,x8,-1748	  x8:0x80040fe4 x28=0x00000001
     336595.000 ns	     33658	80007380	0045ac33	slt	x24,x11,x4	 x11:0x00000014  x4:0x7ffbf01c x24=0x00000001
     336605.000 ns	     33659	80007384	0070feb3	and	x29,x1,x7	  x1:0x00000009  x7:0x00000001 x29=0x00000001
     336625.000 ns	     33661	80007388	20509a53	fsgnjn.s	f20,f1,f5	  f1:0x00041024  f5:0x7fc00000 f20=0x80041024
     336655.000 ns	     33664	8000738c	036702b3	mul	x5,x14,x22	 x14:0x00000000 x22:0x00000000  x5=0x00000000
     336675.000 ns	     33666	80007390	015ae133	or	x2,x21,x21	 x21:0x00000200 x21:0x00000200  x2=0x00000200
     337005.000 ns	     33699	80007394	19f9ac53	fdiv.s	f24,f19,f31	 f19:0x80041024 f31:0xc0e00000 f24=0x00000000
     337025.000 ns	     33701	80007398	eca48c93	addi	x25,x9,-310	  x9:0x00000009 x25=0xfffffed3
     337045.000 ns	     33703	8000739c	03bb27b3	mulhsu	x15,x22,x27	 x22:0x00000000 x27:0x00000008 x15=0x00000000
     337075.000 ns	     33706	800073a0	c0193d53	fcvt.wu.s	x26,f18	 f18:0xcefff7e0 x26=0x7ffbf000
     337105.000 ns	     33709	800073a4	02531f33	mulh	x30,x6,x5	  x6:0x80248f04  x5:0x00000000 x30=0x00000000
     337135.000 ns	     33712	800073a8	d019a653	fcvt.s.wu	f12,x19	 x19:0x00000000 f12=0x00000000
     337155.000 ns	     33714	800073ac	bd250713	addi	x14,x10,-1070	 x10:0x00000000 x14=0xfffffbd2
     337165.000 ns	     33715	800073b0	2a18c993	xori	x19,x17,673	 x17:0x5e70a001 x19=0x5e70a2a0
     337185.000 ns	     33717	800073b4	f0090153	fmv.w.x	f2,x18	 x18:0x00000000  f2=0x00000000
     337205.000 ns	     33719	800073b8	014d1833	sll	x16,x26,x20	 x26:0x7ffbf000 x20:0x00000001 x16=0xfff7e000
     337215.000 ns	     33720	800073bc	bc16a913	slti	x18,x13,-1087	 x13:0x80041024 x18=0x00000001
     337225.000 ns	     33721	800073c0	c006fb13	andi	x22,x13,-1024	 x13:0x80041024 x22=0x80041000
     337235.000 ns	     33722	800073c4	414b83b3	sub	x7,x23,x20	 x23:0x0000002d x20:0x00000001  x7=0x0000002c
     337255.000 ns	     33724	800073c8	c0171c53	fcvt.wu.s	x24,f14	 f14:0x7fc00000 x24=0xffffffff
     337285.000 ns	     33727	800073cc	02cd0d33	mul	x26,x26,x12	 x26:0x7ffbf000 x12:0x00000000 x26=0x00000000
     337315.000 ns	     33730	800073d0	02a46e33	rem	x28,x8,x10	  x8:0x80040fe4 x10:0x00000000 x28=0x80040fe4
     337335.000 ns	     33732	800073d4	51e4c313	xori	x6,x9,1310	  x9:0x00000009  x6=0x00000517
     337355.000 ns	     33734	800073d8	28ae8b53	fmin.s	f22,f29,f10	 f29:0xff800000 f10:0x41100000 f22=0xff800000
     337385.000 ns	     33737	800073dc	d01baad3	fcvt.s.wu	f21,x23	 x23:0x0000002d f21=0x42340000
     337755.000 ns	     33774	800073e0	021dccb3	div	x25,x27,x1	 x27:0x00000008  x1:0x00000009 x25=0x00000000
     337775.000 ns	     33776	800073e4	00c38733	add	x14,x7,x12	  x7:0x0000002c x12:0x00000000 x14=0x0000002c
     337795.000 ns	     33778	800073e8	21109353	fsgnjn.s	f6,f1,f17	  f1:0x00041024 f17:0x4ffd645e  f6=0x80041024
     337815.000 ns	     33780	800073ec	29d8b393	sltiu	x7,x17,669	 x17:0x5e70a001  x7=0x00000000
     338175.000 ns	     33816	800073f0	036edcb3	divu	x25,x29,x22	 x29:0x00000001 x22:0x80041000 x25=0x00000000
     338205.000 ns	     33819	800073f4	a1bf8953	fle.s	x18,f31,f27	 f31:0xc0e00000 f27:0x3f7ff7e0 x18=0x00000001
     338235.000 ns	     33822	800073f8	21159753	fsgnjn.s	f14,f11,f17	 f11:0x3f800000 f17:0x4ffd645e f14=0xbf800000
     338255.000 ns	     33824	800073fc	1953d037	lui	x0,0x1953d	
     338275.000 ns	     33826	80007400	20270f53	fsgnj.s	f30,f14,f2	 f14:0xbf800000  f2:0x00000000 f30=0x3f800000
     338295.000 ns	     33828	80007404	013898b3	sll	x17,x17,x19	 x17:0x5e70a001 x19:0x5e70a2a0 x17=0x5e70a001
     338315.000 ns	     33830	80007408	f0038953	fmv.w.x	f18,x7	  x7:0x00000000 f18=0x00000000
     338335.000 ns	     33832	8000740c	00afdfb3	srl	x31,x31,x10	 x31:0x000000a2 x10:0x00000000 x31=0x000000a2
     338345.000 ns	     33833	80007410	9c71fc93	andi	x25,x3,-1593	  x3:0x00000000 x25=0x00000000
     338355.000 ns	     33834	80007414	01aba933	slt	x18,x23,x26	 x23:0x0000002d x26:0x00000000 x18=0x00000000
     338375.000 ns	     33836	80007418	e0048b53	fmv.x.w	x22,f9	  f9:0x41100000 x22=0x41100000
     338405.000 ns	     33839	8000741c	03218933	mul	x18,x3,x18	  x3:0x00000000 x18:0x00000001 x18=0x00000000
     338445.000 ns	     33843	80007420	1186ffd3	fmul.s	f31,f13,f24	 f13:0x7fc00000 f24:0x00000000 f31=0x7fc00000
     338475.000 ns	     33846	80007424	21af0f53	fsgnj.s	f30,f30,f26	 f30:0x3f800000 f26:0x00000000 f30=0x3f800000
     338505.000 ns	     33849	80007428	02cba033	mulhsu	x0,x23,x12	 x23:0x0000002d x12:0x00000000
     338525.000 ns	     33851	8000742c	0f8dca13	xori	x20,x27,248	 x27:0x00000008 x20=0x000000f0
     338535.000 ns	     33852	80007430	01914a33	xor	x20,x2,x25	  x2:0x00000200 x25:0x00000000 x20=0x00000200
     338555.000 ns	     33854	80007434	030b9133	mulh	x2,x23,x16	 x23:0x0000002d x16:0xfff7e000  x2=0xffffffff
     338585.000 ns	     33857	80007438	c015f053	fcvt.wu.s	x0,f11	 f11:0x3f800000
     338605.000 ns	     33859	8000743c	40815f93	srai	x31,x2,0x8	  x2:0xffffffff x31=0xffffffff
     338625.000 ns	     33861	80007440	a1e88a53	fle.s	x20,f17,f30	 f17:0x4ffd645e f30:0x3f800000 x20=0x00000000
     338655.000 ns	     33864	80007444	d00102d3	fcvt.s.w	f5,x2	  x2:0xffffffff  f5=0xbf800000
     338675.000 ns	     33866	80007448	014a5b93	srli	x23,x20,0x14	 x20:0x00000000 x23=0x00000000
     338695.000 ns	     33868	8000744c	a1c192d3	flt.s	x5,f3,f28	  f3:0x00000009 f28:0x80000000  x5=0x00000000
     338725.000 ns	     33871	80007450	21479053	fsgnjn.s	f0,f15,f20	 f15:0xff800000 f20:0x80041024  f0=0x7f800000
     338755.000 ns	     33874	80007454	a1e59853	flt.s	x16,f11,f30	 f11:0x3f800000 f30:0x3f800000 x16=0x00000000
     338785.000 ns	     33877	80007458	d0110bd3	fcvt.s.wu	f23,x2	  x2:0xffffffff f23=0x4f800000
     338805.000 ns	     33879	8000745c	60cd2713	slti	x14,x26,1548	 x26:0x00000000 x14=0x00000001
     338825.000 ns	     33881	80007460	03b401b3	mul	x3,x8,x27	  x8:0x80040fe4 x27:0x00000008  x3=0x00207f20
     339195.000 ns	     33918	80007464	03f9ccb3	div	x25,x19,x31	 x19:0x5e70a2a0 x31:0xffffffff x25=0xa18f5d60
     339225.000 ns	     33921	80007468	d018bdd3	fcvt.s.wu	f27,x17	 x17:0x5e70a001 f27=0x4ebce141
     339255.000 ns	     33924	8000746c	a1a40853	fle.s	x16,f8,f26	  f8:0xff800000 f26:0x00000000 x16=0x00000001
     339275.000 ns	     33926	80007470	59e0f7b7	lui	x15,0x59e0f	 x15=0x59e0f000
     339285.000 ns	     33927	80007474	f5b2ee93	ori	x29,x5,-165	  x5:0x00000000 x29=0xffffff5b
     339305.000 ns	     33929	80007478	d00af7d3	fcvt.s.w	f15,x21	 x21:0x00000200 f15=0x44000000
     339335.000 ns	     33932	8000747c	030522b3	mulhsu	x5,x10,x16	 x10:0x00000000 x16:0x00000001  x5=0x00000000
     339365.000 ns	     33935	80007480	f0058dd3	fmv.w.x	f27,x11	 x11:0x00000014 f27=0x00000014
     339385.000 ns	     33937	80007484	00d7a133	slt	x2,x15,x13	 x15:0x59e0f000 x13:0x80041024  x2=0x00000000
     339405.000 ns	     33939	80007488	a17612d3	flt.s	x5,f12,f23	 f12:0x00000000 f23:0x4f800000  x5=0x00000001
     339435.000 ns	     33942	8000748c	21810ed3	fsgnj.s	f29,f2,f24	  f2:0x00000000 f24:0x00000000 f29=0x00000000
     339465.000 ns	     33945	80007490	034adcb3	divu	x25,x21,x20	 x21:0x00000200 x20:0x00000000 x25=0xffffffff
     339485.000 ns	     33947	80007494	aec7d297	auipc	x5,0xaec7d	  x5=0x2ec84494
     339505.000 ns	     33949	80007498	c01922d3	fcvt.wu.s	x5,f18	 f18:0x00000000  x5=0x00000000
     340685.000 ns	     34067	8000749c	580f16d3	fsqrt.s	f13,f30	 f30:0x3f800000 f13=0x3f7fffae
     340705.000 ns	     34069	800074a0	00000013	addi	x0,x0,0	  x0:0x00000000
     341065.000 ns	     34105	800074a4	02fe64b3	rem	x9,x28,x15	 x28:0x80040fe4 x15:0x59e0f000  x9=0xd9e4ffe4
     341085.000 ns	     34107	800074a8	d901f4b7	lui	x9,0xd901f	  x9=0xd901f000
     341095.000 ns	     34108	800074ac	408782b3	sub	x5,x15,x8	 x15:0x59e0f000  x8:0x80040fe4  x5=0xd9dce01c
     341115.000 ns	     34110	800074b0	a0589953	flt.s	x18,f17,f5	 f17:0x4ffd645e  f5:0xbf800000 x18=0x00000000
     341145.000 ns	     34113	800074b4	020a7833	remu	x16,x20,x0	 x20:0x00000000  x0:0x00000000 x16=0x00000000
     341515.000 ns	     34150	800074b8	03dddbb3	divu	x23,x27,x29	 x27:0x00000008 x29:0xffffff5b x23=0x00000000
     341545.000 ns	     34153	800074bc	a0e4af53	feq.s	x30,f9,f14	  f9:0x41100000 f14:0xbf800000 x30=0x00000000
     341575.000 ns	     34156	800074c0	032f3b33	mulhu	x22,x30,x18	 x30:0x00000000 x18:0x00000000 x22=0x00000000
     341615.000 ns	     34160	800074c4	11aff6d3	fmul.s	f13,f31,f26	 f31:0x7fc00000 f26:0x00000000 f13=0x7fc00000
     341645.000 ns	     34163	800074c8	02ae9bb3	mulh	x23,x29,x10	 x29:0xffffff5b x10:0x00000000 x23=0x00000000
     341675.000 ns	     34166	800074cc	d00fbf53	fcvt.s.w	f30,x31	 x31:0xffffffff f30=0xbf800000
     341695.000 ns	     34168	800074d0	001eba33	sltu	x20,x29,x1	 x29:0xffffff5b  x1:0x00000009 x20=0x00000000
     341705.000 ns	     34169	800074d4	007384b3	add	x9,x7,x7	  x7:0x00000000  x7:0x00000000  x9=0x00000000
     341715.000 ns	     34170	800074d8	008b5a33	srl	x20,x22,x8	 x22:0x00000000  x8:0x80040fe4 x20=0x00000000
     341725.000 ns	     34171	800074dc	006c9633	sll	x12,x25,x6	 x25:0xffffffff  x6:0x00000517 x12=0xff800000
     341735.000 ns	     34172	800074e0	007212b3	sll	x5,x4,x7	  x4:0x7ffbf01c  x7:0x00000000  x5=0x7ffbf01c
     341765.000 ns	     34175	800074e4	11f302d3	fmul.s	f5,f6,f31	  f6:0x80041024 f31:0x7fc00000  f5=0x7fc00000
     341795.000 ns	     34178	800074e8	c01392d3	fcvt.wu.s	x5,f7	  f7:0x4f2f912d  x5=0xaf912d00
     341825.000 ns	     34181	800074ec	f00107d3	fmv.w.x	f15,x2	  x2:0x00000000 f15=0x00000000
     341855.000 ns	     34184	800074f0	a1e40a53	fle.s	x20,f8,f30	  f8:0xff800000 f30:0xbf800000 x20=0x00000001
     341875.000 ns	     34186	800074f4	16062013	slti	x0,x12,352	 x12:0xff800000
     341885.000 ns	     34187	800074f8	015ad493	srli	x9,x21,0x15	 x21:0x00000200  x9=0x00000000
     341905.000 ns	     34189	800074fc	020bf733	remu	x14,x23,x0	 x23:0x00000000  x0:0x00000000 x14=0x00000000
     341935.000 ns	     34192	80007500	21248dd3	fsgnj.s	f27,f9,f18	  f9:0x41100000 f18:0x00000000 f27=0x41100000
     341955.000 ns	     34194	80007504	e1cc0e17	auipc	x28,0xe1cc0	 x28=0x61cc7504
     341965.000 ns	     34195	80007508	fdabc913	xori	x18,x23,-38	 x23:0x00000000 x18=0xffffffda
     341985.000 ns	     34197	8000750c	20fc8a53	fsgnj.s	f20,f25,f15	 f25:0x7fc00000 f15:0x00000000 f20=0x7fc00000
     342015.000 ns	     34200	80007510	f0020f53	fmv.w.x	f30,x4	  x4:0x7ffbf01c f30=0x7ffbf01c
     342035.000 ns	     34202	80007514	01f05193	srli	x3,x0,0x1f	  x0:0x00000000  x3=0x00000000
     342055.000 ns	     34204	80007518	28268b53	fmin.s	f22,f13,f2	 f13:0x7fc00000  f2:0x00000000 f22=0x00000000
     342075.000 ns	     34206	8000751c	400ad4b3	sra	x9,x21,x0	 x21:0x00000200  x0:0x00000000  x9=0x00000200
     342115.000 ns	     34210	80007520	092bb4d3	fsub.s	f9,f23,f18	 f23:0x4f800000 f18:0x00000000  f9=0x4f800000
     342485.000 ns	     34247	80007524	021c7633	remu	x12,x24,x1	 x24:0xffffffff  x1:0x00000009 x12=0x00000003
     342505.000 ns	     34249	80007528	00ed67b3	or	x15,x26,x14	 x26:0x00000000 x14:0x00000000 x15=0x00000000
     342515.000 ns	     34250	8000752c	0034ca33	xor	x20,x9,x3	  x9:0x00000200  x3:0x00000000 x20=0x00000200
     342525.000 ns	     34251	80007530	018ab033	sltu	x0,x21,x24	 x21:0x00000200 x24:0xffffffff
     342885.000 ns	     34287	80007534	0353f7b3	remu	x15,x7,x21	  x7:0x00000000 x21:0x00000200 x15=0x00000000
     342905.000 ns	     34289	80007538	00b75d93	srli	x27,x14,0xb	 x14:0x00000000 x27=0x00000000
     342935.000 ns	     34292	8000753c	1128a553	fmul.s	f10,f17,f18	 f17:0x4ffd645e f18:0x00000000 f10=0x00000000
     342965.000 ns	     34295	80007540	f00c80d3	fmv.w.x	f1,x25	 x25:0xffffffff  f1=0xffffffff
     343015.000 ns	     34300	80007544	09ec4ad3	fsub.s	f21,f24,f30	 f24:0x00000000 f30:0x7ffbf01c f21=0x7fc00000
     343035.000 ns	     34302	80007548	0064bc33	sltu	x24,x9,x6	  x9:0x00000200  x6:0x00000517 x24=0x00000001
     343055.000 ns	     34304	8000754c	a0001053	flt.s	x0,f0,f0	  f0:0x7f800000  f0:0x7f800000
     343085.000 ns	     34307	80007550	29bd17d3	fmax.s	f15,f26,f27	 f26:0x00000000 f27:0x41100000 f15=0x41100000
     343135.000 ns	     34312	80007554	096613d3	fsub.s	f7,f12,f22	 f12:0x00000000 f22:0x00000000  f7=0x80000000
     343165.000 ns	     34315	80007558	c00c1c53	fcvt.w.s	x24,f24	 f24:0x00000000 x24=0x00000000
     343185.000 ns	     34317	8000755c	718f6817	auipc	x16,0x718f6	 x16=0xf18fd55c
     343205.000 ns	     34319	80007560	a05da253	feq.s	x4,f27,f5	 f27:0x41100000  f5:0x7fc00000  x4=0x00000000
     343235.000 ns	     34322	80007564	e00092d3	fclass.s	x5,f1	  f1:0xffffffff  x5=0x00000200
     343265.000 ns	     34325	80007568	e00f84d3	fmv.x.w	x9,f31	 f31:0x7fc00000  x9=0x7fc00000
     343285.000 ns	     34327	8000756c	5738c113	xori	x2,x17,1395	 x17:0x5e70a001  x2=0x5e70a572
     343305.000 ns	     34329	80007570	21171453	fsgnjn.s	f8,f14,f17	 f14:0xbf800000 f17:0x4ffd645e  f8=0xbf800000
     343325.000 ns	     34331	80007574	01ace5b3	or	x11,x25,x26	 x25:0xffffffff x26:0x00000000 x11=0xffffffff
     343345.000 ns	     34333	80007578	21319253	fsgnjn.s	f4,f3,f19	  f3:0x00000009 f19:0x80041024  f4=0x00000009
     343365.000 ns	     34335	8000757c	40468133	sub	x2,x13,x4	 x13:0x80041024  x4:0x00000000  x2=0x80041024
     343405.000 ns	     34339	80007580	00d0af53	fadd.s	f30,f1,f13	  f1:0xffffffff f13:0x7fc00000 f30=0x7fc00000
     343775.000 ns	     34376	80007584	03c3e8b3	rem	x17,x7,x28	  x7:0x00000000 x28:0x61cc7504 x17=0x00000000
     343795.000 ns	     34378	80007588	00df0933	add	x18,x30,x13	 x30:0x00000000 x13:0x80041024 x18=0x80041024
     343815.000 ns	     34380	8000758c	21bd8553	fsgnj.s	f10,f27,f27	 f27:0x41100000 f27:0x41100000 f10=0x41100000
     343835.000 ns	     34382	80007590	01055a33	srl	x20,x10,x16	 x10:0x00000000 x16:0xf18fd55c x20=0x00000000
     343845.000 ns	     34383	80007594	41b1d213	srai	x4,x3,0x1b	  x3:0x00000000  x4=0x00000000
     343865.000 ns	     34385	80007598	d01f00d3	fcvt.s.wu	f1,x30	 x30:0x00000000  f1=0x00000000
     343885.000 ns	     34387	8000759c	00f51293	slli	x5,x10,0xf	 x10:0x00000000  x5=0x00000000
     343895.000 ns	     34388	800075a0	aed6b593	sltiu	x11,x13,-1299	 x13:0x80041024 x11=0x00000001
     343915.000 ns	     34390	800075a4	d01e7653	fcvt.s.wu	f12,x28	 x28:0x61cc7504 f12=0x4ec398ea
     343965.000 ns	     34395	800075a8	09acf3d3	fsub.s	f7,f25,f26	 f25:0x7fc00000 f26:0x00000000  f7=0x7fc00000
     343995.000 ns	     34398	800075ac	c016bf53	fcvt.wu.s	x30,f13	 f13:0x7fc00000 x30=0xffffffff
     344015.000 ns	     34400	800075b0	416e5c93	srai	x25,x28,0x16	 x28:0x61cc7504 x25=0x00000187
     344035.000 ns	     34402	800075b4	02f841b3	div	x3,x16,x15	 x16:0xf18fd55c x15:0x00000000  x3=0xffffffff
     344055.000 ns	     34404	800075b8	01835a93	srli	x21,x6,0x18	  x6:0x00000517 x21=0x00000000
     344065.000 ns	     34405	800075bc	88c89617	auipc	x12,0x88c89	 x12=0x08c905bc
     344085.000 ns	     34407	800075c0	037e2e33	mulhsu	x28,x28,x23	 x28:0x61cc7504 x23:0x00000000 x28=0x00000000
     344115.000 ns	     34410	800075c4	20689253	fsgnjn.s	f4,f17,f6	 f17:0x4ffd645e  f6:0x80041024  f4=0x4ffd645e
     345295.000 ns	     34528	800075c8	580dcbd3	fsqrt.s	f23,f27	 f27:0x41100000 f23=0x3fcba4f0
     345315.000 ns	     34530	800075cc	847bf837	lui	x16,0x847bf	 x16=0x847bf000
     345335.000 ns	     34532	800075d0	a111add3	feq.s	x27,f3,f17	  f3:0x00000009 f17:0x4ffd645e x27=0x00000000
     345365.000 ns	     34535	800075d4	c00ff153	fcvt.w.s	x2,f31	 f31:0x7fc00000  x2=0x7fffffff
     345385.000 ns	     34537	800075d8	0103d513	srli	x10,x7,0x10	  x7:0x00000000 x10=0x00000000
     345395.000 ns	     34538	800075dc	ab910237	lui	x4,0xab910	  x4=0xab910000
     345415.000 ns	     34540	800075e0	038939b3	mulhu	x19,x18,x24	 x18:0x80041024 x24:0x00000000 x19=0x00000000
     345435.000 ns	     34542	800075e4	0030fab3	and	x21,x1,x3	  x1:0x00000009  x3:0xffffffff x21=0x00000009
     345475.000 ns	     34546	800075e8	09e17fd3	fsub.s	f31,f2,f30	  f2:0x00000000 f30:0x7fc00000 f31=0x7fc00000
     345505.000 ns	     34549	800075ec	03a83db3	mulhu	x27,x16,x26	 x16:0x847bf000 x26:0x00000000 x27=0x00000000
     345535.000 ns	     34552	800075f0	02550533	mul	x10,x10,x5	 x10:0x00000000  x5:0x00000000 x10=0x00000000
     345555.000 ns	     34554	800075f4	40885793	srai	x15,x16,0x8	 x16:0x847bf000 x15=0xff847bf0
     345565.000 ns	     34555	800075f8	019e82b3	add	x5,x29,x25	 x29:0xffffff5b x25:0x00000187  x5=0x000000e2
     345585.000 ns	     34557	800075fc	e00907d3	fmv.x.w	x15,f18	 f18:0x00000000 x15=0x00000000
     345615.000 ns	     34560	80007600	037e19b3	mulh	x19,x28,x23	 x28:0x00000000 x23:0x00000000 x19=0x00000000
     345645.000 ns	     34563	80007604	a0d1a853	feq.s	x16,f3,f13	  f3:0x00000009 f13:0x7fc00000 x16=0x00000000
     345685.000 ns	     34567	80007608	5803fb53	fsqrt.s	f22,f7	  f7:0x7fc00000 f22=0x7fc00000
     345715.000 ns	     34570	8000760c	21e00253	fsgnj.s	f4,f0,f30	  f0:0x7f800000 f30:0x7fc00000  f4=0x7f800000
     345735.000 ns	     34572	80007610	3838ff13	andi	x30,x17,899	 x17:0x00000000 x30=0x00000000
     345745.000 ns	     34573	80007614	403ed993	srai	x19,x29,0x3	 x29:0xffffff5b x19=0xffffffeb
     345755.000 ns	     34574	80007618	000c68b3	or	x17,x24,x0	 x24:0x00000000  x0:0x00000000 x17=0x00000000
     345795.000 ns	     34578	8000761c	091bf3d3	fsub.s	f7,f23,f17	 f23:0x3fcba4f0 f17:0x4ffd645e  f7=0xcffd645d
     345815.000 ns	     34580	80007620	004a9893	slli	x17,x21,0x4	 x21:0x00000009 x17=0x00000090
     345825.000 ns	     34581	80007624	00000013	addi	x0,x0,0	  x0:0x00000000
     345835.000 ns	     34582	80007628	01c5a833	slt	x16,x11,x28	 x11:0x00000001 x28:0x00000000 x16=0x00000000
     345845.000 ns	     34583	8000762c	43a78a17	auipc	x20,0x43a78	 x20=0xc3a7f62c
     345855.000 ns	     34584	80007630	01c60ab3	add	x21,x12,x28	 x12:0x08c905bc x28:0x00000000 x21=0x08c905bc
     345865.000 ns	     34585	80007634	64eeed93	ori	x27,x29,1614	 x29:0xffffff5b x27=0xffffff5f
     345875.000 ns	     34586	80007638	fc566993	ori	x19,x12,-59	 x12:0x08c905bc x19=0xfffffffd
     345895.000 ns	     34588	8000763c	c01385d3	fcvt.wu.s	x11,f7	  f7:0xcffd645d x11=0x00000000
     345915.000 ns	     34590	80007640	7d344213	xori	x4,x8,2003	  x8:0x80040fe4  x4=0x80040837
     345925.000 ns	     34591	80007644	89bc2b93	slti	x23,x24,-1893	 x24:0x00000000 x23=0x00000000
     345935.000 ns	     34592	80007648	b99b4813	xori	x16,x22,-1127	 x22:0x00000000 x16=0xfffffb99
     345945.000 ns	     34593	8000764c	0199c633	xor	x12,x19,x25	 x19:0xfffffffd x25:0x00000187 x12=0xfffffe7a
     345955.000 ns	     34594	80007650	40ecdb13	srai	x22,x25,0xe	 x25:0x00000187 x22=0x00000000
     345975.000 ns	     34596	80007654	295a82d3	fmin.s	f5,f21,f21	 f21:0x7fc00000 f21:0x7fc00000  f5=0x7fc00000
     346025.000 ns	     34601	80007658	091ef153	fsub.s	f2,f29,f17	 f29:0x00000000 f17:0x4ffd645e  f2=0xcffd645e
     346045.000 ns	     34603	8000765c	413d5593	srai	x11,x26,0x13	 x26:0x00000000 x11=0x00000000
     346065.000 ns	     34605	80007660	216e1f53	fsgnjn.s	f30,f28,f22	 f28:0x80000000 f22:0x7fc00000 f30=0x80000000
     346085.000 ns	     34607	80007664	00331e33	sll	x28,x6,x3	  x6:0x00000517  x3:0xffffffff x28=0x80000000
     346095.000 ns	     34608	80007668	00885bb3	srl	x23,x16,x8	 x16:0xfffffb99  x8:0x80040fe4 x23=0x0fffffb9
     346105.000 ns	     34609	8000766c	40355333	sra	x6,x10,x3	 x10:0x00000000  x3:0xffffffff  x6=0x00000000
     346465.000 ns	     34645	80007670	029f4f33	div	x30,x30,x9	 x30:0x00000000  x9:0x7fc00000 x30=0x00000000
     346495.000 ns	     34648	80007674	029e0733	mul	x14,x28,x9	 x28:0x80000000  x9:0x7fc00000 x14=0x00000000
     346515.000 ns	     34650	80007678	00e2ecb3	or	x25,x5,x14	  x5:0x000000e2 x14:0x00000000 x25=0x000000e2
     346525.000 ns	     34651	8000767c	cb36c713	xori	x14,x13,-845	 x13:0x80041024 x14=0x7ffbec97
     346885.000 ns	     34687	80007680	02164c33	div	x24,x12,x1	 x12:0xfffffe7a  x1:0x00000009 x24=0xffffffd5
     346905.000 ns	     34689	80007684	41368333	sub	x6,x13,x19	 x13:0x80041024 x19:0xfffffffd  x6=0x80041027
     346915.000 ns	     34690	80007688	0ec07313	andi	x6,x0,236	  x0:0x00000000  x6=0x00000000
     346925.000 ns	     34691	8000768c	00000013	addi	x0,x0,0	  x0:0x00000000
     347285.000 ns	     34727	80007690	0231d233	divu	x4,x3,x3	  x3:0xffffffff  x3:0xffffffff  x4=0x00000001
     347315.000 ns	     34730	80007694	203813d3	fsgnjn.s	f7,f16,f3	 f16:0x4f2f912d  f3:0x00000009  f7=0xcf2f912d
     347345.000 ns	     34733	80007698	29d08ad3	fmin.s	f21,f1,f29	  f1:0x00000000 f29:0x00000000 f21=0x00000000
     347365.000 ns	     34735	8000769c	b841e913	ori	x18,x3,-1148	  x3:0xffffffff x18=0xffffffff
     347385.000 ns	     34737	800076a0	296c8fd3	fmin.s	f31,f25,f22	 f25:0x7fc00000 f22:0x7fc00000 f31=0x7fc00000
     347415.000 ns	     34740	800076a4	03e69b33	mulh	x22,x13,x30	 x13:0x80041024 x30:0x00000000 x22=0x00000000
     347435.000 ns	     34742	800076a8	4189d233	sra	x4,x19,x24	 x19:0xfffffffd x24:0xffffffd5  x4=0xffffffff
     347445.000 ns	     34743	800076ac	41270ab3	sub	x21,x14,x18	 x14:0x7ffbec97 x18:0xffffffff x21=0x7ffbec98
     347465.000 ns	     34745	800076b0	e0000d53	fmv.x.w	x26,f0	  f0:0x7f800000 x26=0x7f800000
     347495.000 ns	     34748	800076b4	e00482d3	fmv.x.w	x5,f9	  f9:0x4f800000  x5=0x4f800000
     347525.000 ns	     34751	800076b8	2075aed3	fsgnjx.s	f29,f11,f7	 f11:0x3f800000  f7:0xcf2f912d f29=0xbf800000
     347545.000 ns	     34753	800076bc	da797193	andi	x3,x18,-601	 x18:0xffffffff  x3=0xfffffda7
     347555.000 ns	     34754	800076c0	008689b3	add	x19,x13,x8	 x13:0x80041024  x8:0x80040fe4 x19=0x00082008
     347565.000 ns	     34755	800076c4	36a24713	xori	x14,x4,874	  x4:0xffffffff x14=0xfffffc95
     347585.000 ns	     34757	800076c8	02017833	remu	x16,x2,x0	  x2:0x7fffffff  x0:0x00000000 x16=0x7fffffff
     347605.000 ns	     34759	800076cc	00be13b3	sll	x7,x28,x11	 x28:0x80000000 x11:0x00000000  x7=0x80000000
     347615.000 ns	     34760	800076d0	00b8b1b3	sltu	x3,x17,x11	 x17:0x00000090 x11:0x00000000  x3=0x00000000
     347635.000 ns	     34762	800076d4	c0160f53	fcvt.wu.s	x30,f12	 f12:0x4ec398ea x30=0x61cc7500
     347655.000 ns	     34764	800076d8	009c5133	srl	x2,x24,x9	 x24:0xffffffd5  x9:0x7fc00000  x2=0xffffffd5
     347665.000 ns	     34765	800076dc	015ec4b3	xor	x9,x29,x21	 x29:0xffffff5b x21:0x7ffbec98  x9=0x800413c3
     347675.000 ns	     34766	800076e0	005b2e33	slt	x28,x22,x5	 x22:0x00000000  x5:0x4f800000 x28=0x00000001
     347695.000 ns	     34768	800076e4	d0197953	fcvt.s.wu	f18,x18	 x18:0xffffffff f18=0x4f7fffff
     347715.000 ns	     34770	800076e8	4124dab3	sra	x21,x9,x18	  x9:0x800413c3 x18:0xffffffff x21=0xffffffff
     347725.000 ns	     34771	800076ec	8cea8713	addi	x14,x21,-1842	 x21:0x7ffbec98 x14=0xfffff8cd
     347745.000 ns	     34773	800076f0	20089ad3	fsgnjn.s	f21,f17,f0	 f17:0x4ffd645e  f0:0x7f800000 f21=0xcffd645e
     347795.000 ns	     34778	800076f4	00f803d3	fadd.s	f7,f16,f15	 f16:0x4f2f912d f15:0x41100000  f7=0x4f2f912d
     347815.000 ns	     34780	800076f8	29cbb537	lui	x10,0x29cbb	 x10=0x29cbb000
     347835.000 ns	     34782	800076fc	21d300d3	fsgnj.s	f1,f6,f29	  f6:0x80041024 f29:0xbf800000  f1=0x80041024
     347855.000 ns	     34784	80007700	41f8d9b3	sra	x19,x17,x31	 x17:0x00000090 x31:0xffffffff x19=0x00000000
     347865.000 ns	     34785	80007704	000b5613	srli	x12,x22,0x0	 x22:0x00000000 x12=0x00000000
     347905.000 ns	     34789	80007708	01ba8b53	fadd.s	f22,f21,f27	 f21:0xcffd645e f27:0x41100000 f22=0xcffd645e
     347925.000 ns	     34791	8000770c	01c89d13	slli	x26,x17,0x1c	 x17:0x00000090 x26=0x00000000
     348285.000 ns	     34827	80007710	03907633	remu	x12,x0,x25	  x0:0x00000000 x25:0x000000e2 x12=0x00000000
     348305.000 ns	     34829	80007714	b6cc8e13	addi	x28,x25,-1172	 x25:0x000000e2 x28=0xfffffc4e
     348325.000 ns	     34831	80007718	c01fbad3	fcvt.wu.s	x21,f31	 f31:0x7fc00000 x21=0xffffffff
     348345.000 ns	     34833	8000771c	00000013	addi	x0,x0,0	  x0:0x00000000
     348675.000 ns	     34866	80007720	1917ffd3	fdiv.s	f31,f15,f17	 f15:0x41100000 f17:0x4ffd645e f31=0x30900000
     348695.000 ns	     34868	80007724	00f51f13	slli	x30,x10,0xf	 x10:0x29cbb000 x30=0xd8000000
     348705.000 ns	     34869	80007728	9da5b913	sltiu	x18,x11,-1574	 x11:0x00000000 x18=0x00000001
     348715.000 ns	     34870	8000772c	2c20a813	slti	x16,x1,706	  x1:0x00000009 x16=0x00000001
     348735.000 ns	     34872	80007730	f00c0853	fmv.w.x	f16,x24	 x24:0xffffffd5 f16=0xffffffd5
     348765.000 ns	     34875	80007734	e0020253	fmv.x.w	x4,f4	  f4:0x7f800000  x4=0x7f800000
     348785.000 ns	     34877	80007738	9809fb13	andi	x22,x19,-1664	 x19:0x00000000 x22=0x00000000
     348805.000 ns	     34879	8000773c	02d73bb3	mulhu	x23,x14,x13	 x14:0xfffff8cd x13:0x80041024 x23=0x80040c8a
     348825.000 ns	     34881	80007740	00a0d9b3	srl	x19,x1,x10	  x1:0x00000009 x10:0x29cbb000 x19=0x00000009
     348845.000 ns	     34883	80007744	a0e61753	flt.s	x14,f12,f14	 f12:0x4ec398ea f14:0xbf800000 x14=0x00000000
     348865.000 ns	     34885	80007748	000e4933	xor	x18,x28,x0	 x28:0xfffffc4e  x0:0x00000000 x18=0xfffffc4e
     348885.000 ns	     34887	8000774c	28fe98d3	fmax.s	f17,f29,f15	 f29:0xbf800000 f15:0x41100000 f17=0x41100000
     348905.000 ns	     34889	80007750	017dd113	srli	x2,x27,0x17	 x27:0xffffff5f  x2=0x000001ff
     348925.000 ns	     34891	80007754	020027b3	mulhsu	x15,x0,x0	  x0:0x00000000  x0:0x00000000 x15=0x00000000
     348945.000 ns	     34893	80007758	400cd9b3	sra	x19,x25,x0	 x25:0x000000e2  x0:0x00000000 x19=0x000000e2
     348965.000 ns	     34895	8000775c	e00f94d3	fclass.s	x9,f31	 f31:0x30900000  x9=0x00000040
     348985.000 ns	     34897	80007760	01d444b3	xor	x9,x8,x29	  x8:0x80040fe4 x29:0xffffff5b  x9=0x7ffbf0bf
     348995.000 ns	     34898	80007764	40425713	srai	x14,x4,0x4	  x4:0x7f800000 x14=0x07f80000
     350165.000 ns	     35015	80007768	580ff653	fsqrt.s	f12,f31	 f31:0x30900000 f12=0x3787c381
     350185.000 ns	     35017	8000776c	01a8da13	srli	x20,x17,0x1a	 x17:0x00000090 x20=0x00000000
     350195.000 ns	     35018	80007770	00895993	srli	x19,x18,0x8	 x18:0xfffffc4e x19=0x00fffffc
     350205.000 ns	     35019	80007774	225e0f13	addi	x30,x28,549	 x28:0xfffffc4e x30=0xfffffe73
     350565.000 ns	     35055	80007778	038c6033	rem	x0,x24,x24	 x24:0xffffffd5 x24:0xffffffd5
     350595.000 ns	     35058	8000777c	f00e8253	fmv.w.x	f4,x29	 x29:0xffffff5b  f4=0xffffff5b
     350625.000 ns	     35061	80007780	a1380553	fle.s	x10,f16,f19	 f16:0xffffffd5 f19:0x80041024 x10=0x00000000
     350645.000 ns	     35063	80007784	60d2bd13	sltiu	x26,x5,1549	  x5:0x4f800000 x26=0x00000000
     350655.000 ns	     35064	80007788	4d538337	lui	x6,0x4d538	  x6=0x4d538000
     350675.000 ns	     35066	8000778c	02470db3	mul	x27,x14,x4	 x14:0x07f80000  x4:0x7f800000 x27=0x00000000
     350695.000 ns	     35068	80007790	00597033	and	x0,x18,x5	 x18:0xfffffc4e  x5:0x4f800000
     350715.000 ns	     35070	80007794	21e225d3	fsgnjx.s	f11,f4,f30	  f4:0xffffff5b f30:0x80000000 f11=0x7fffff5b
     350735.000 ns	     35072	80007798	01755b13	srli	x22,x10,0x17	 x10:0x00000000 x22=0x00000000
     350745.000 ns	     35073	8000779c	005c8b33	add	x22,x25,x5	 x25:0x000000e2  x5:0x4f800000 x22=0x4f8000e2
     350755.000 ns	     35074	800077a0	017ecd33	xor	x26,x29,x23	 x29:0xffffff5b x23:0x80040c8a x26=0x7ffbf3d1
     350765.000 ns	     35075	800077a4	00d60bb3	add	x23,x12,x13	 x12:0x00000000 x13:0x80041024 x23=0x80041024
     350775.000 ns	     35076	800077a8	2f086397	auipc	x7,0x2f086	  x7=0xaf08d7a8
     350785.000 ns	     35077	800077ac	3cc43497	auipc	x9,0x3cc43	  x9=0xbcc4a7ac
     350795.000 ns	     35078	800077b0	01efd333	srl	x6,x31,x30	 x31:0xffffffff x30:0xfffffe73  x6=0x00001fff
     350815.000 ns	     35080	800077b4	e00295d3	fclass.s	x11,f5	  f5:0x7fc00000 x11=0x00000200
     350845.000 ns	     35083	800077b8	e0009b53	fclass.s	x22,f1	  f1:0x80041024 x22=0x00000004
     351215.000 ns	     35120	800077bc	0356e3b3	rem	x7,x13,x21	 x13:0x80041024 x21:0xffffffff  x7=0x00000000
     351245.000 ns	     35123	800077c0	02094f33	div	x30,x18,x0	 x18:0xfffffc4e  x0:0x00000000 x30=0xffffffff
     351275.000 ns	     35126	800077c4	e00b1053	fclass.s	x0,f22	 f22:0xcffd645e
     351295.000 ns	     35128	800077c8	3fdc6a93	ori	x21,x24,1021	 x24:0xffffffd5 x21=0xfffffffd
     351335.000 ns	     35132	800077cc	08ef29d3	fsub.s	f19,f30,f14	 f30:0x80000000 f14:0xbf800000 f19=0x3f800000
     351355.000 ns	     35134	800077d0	01211b93	slli	x23,x2,0x12	  x2:0x000001ff x23=0x07fc0000
     351375.000 ns	     35136	800077d4	21b91cd3	fsgnjn.s	f25,f18,f27	 f18:0x4f7fffff f27:0x41100000 f25=0xcf7fffff
     351395.000 ns	     35138	800077d8	0147cf33	xor	x30,x15,x20	 x15:0x00000000 x20:0x00000000 x30=0x00000000
     351405.000 ns	     35139	800077dc	42bb8013	addi	x0,x23,1067	 x23:0x07fc0000
     351425.000 ns	     35141	800077e0	f00b8553	fmv.w.x	f10,x23	 x23:0x07fc0000 f10=0x07fc0000
     351445.000 ns	     35143	800077e4	01e99033	sll	x0,x19,x30	 x19:0x00fffffc x30:0x00000000
     351455.000 ns	     35144	800077e8	3851ef93	ori	x31,x3,901	  x3:0x00000000 x31=0x00000385
     351465.000 ns	     35145	800077ec	a2fd5eb7	lui	x29,0xa2fd5	 x29=0xa2fd5000
     351475.000 ns	     35146	800077f0	6017c793	xori	x15,x15,1537	 x15:0x00000000 x15=0x00000601
     351495.000 ns	     35148	800077f4	21f2abd3	fsgnjx.s	f23,f5,f31	  f5:0x7fc00000 f31:0x30900000 f23=0x7fc00000
     351515.000 ns	     35150	800077f8	01d4b9b3	sltu	x19,x9,x29	  x9:0xbcc4a7ac x29:0xa2fd5000 x19=0x00000000
     351535.000 ns	     35152	800077fc	e00f0f53	fmv.x.w	x30,f30	 f30:0x80000000 x30=0x80000000
     351555.000 ns	     35154	80007800	00000013	addi	x0,x0,0	  x0:0x00000000
     351565.000 ns	     35155	80007804	4088d4b3	sra	x9,x17,x8	 x17:0x00000090  x8:0x80040fe4  x9=0x00000009
     351925.000 ns	     35191	80007808	02e5d233	divu	x4,x11,x14	 x11:0x00000200 x14:0x07f80000  x4=0x00000000
     351945.000 ns	     35193	8000780c	017d85b3	add	x11,x27,x23	 x27:0x00000000 x23:0x07fc0000 x11=0x07fc0000
     352305.000 ns	     35229	80007810	0285cf33	div	x30,x11,x8	 x11:0x00000200  x8:0x80040fe4 x30=0x00000000
     352325.000 ns	     35231	80007814	00555633	srl	x12,x10,x5	 x10:0x00000000  x5:0x4f800000 x12=0x00000000
     352335.000 ns	     35232	80007818	0061fdb3	and	x27,x3,x6	  x3:0x00000000  x6:0x00001fff x27=0x00000000
     352355.000 ns	     35234	8000781c	a1741753	flt.s	x14,f8,f23	  f8:0xbf800000 f23:0x7fc00000 x14=0x00000000
     352375.000 ns	     35236	80007820	014181b3	add	x3,x3,x20	  x3:0x00000000 x20:0x00000000  x3=0x00000000
     352385.000 ns	     35237	80007824	e0a27113	andi	x2,x4,-502	  x4:0x00000000  x2=0x00000000
     352395.000 ns	     35238	80007828	01d98fb3	add	x31,x19,x29	 x19:0x00000000 x29:0xa2fd5000 x31=0xa2fd5000
     352425.000 ns	     35241	8000782c	580b8a53	fsqrt.s	f20,f23	 f23:0x7fc00000 f20=0x7fc00000
     352455.000 ns	     35244	80007830	c0140153	fcvt.wu.s	x2,f8	  f8:0xbf800000  x2=0x00000001
     352475.000 ns	     35246	80007834	0076d933	srl	x18,x13,x7	 x13:0x80041024  x7:0x00000000 x18=0x80041024
     352495.000 ns	     35248	80007838	29f790d3	fmax.s	f1,f15,f31	 f15:0x41100000 f31:0x30900000  f1=0x41100000
     352525.000 ns	     35251	8000783c	21a006d3	fsgnj.s	f13,f0,f26	  f0:0x7f800000 f26:0x00000000 f13=0x7f800000
     352555.000 ns	     35254	80007840	a13baad3	feq.s	x21,f23,f19	 f23:0x7fc00000 f19:0x3f800000 x21=0x00000000
     352585.000 ns	     35257	80007844	21b91253	fsgnjn.s	f4,f18,f27	 f18:0x4f7fffff f27:0x41100000  f4=0xcf7fffff
     352925.000 ns	     35291	80007848	18aff053	fdiv.s	f0,f31,f10	 f31:0x30900000 f10:0x07fc0000  f0=0x684b4b4c
     352955.000 ns	     35294	8000784c	02c56633	rem	x12,x10,x12	 x10:0x00000000 x12:0x00000000 x12=0x00000000
     352975.000 ns	     35296	80007850	0107d193	srli	x3,x15,0x10	 x15:0x00000601  x3=0x00000000
     352985.000 ns	     35297	80007854	01a608b3	add	x17,x12,x26	 x12:0x00000000 x26:0x7ffbf3d1 x17=0x7ffbf3d1
     353005.000 ns	     35299	80007858	f0028653	fmv.w.x	f12,x5	  x5:0x4f800000 f12=0x4f800000
     353035.000 ns	     35302	8000785c	215c8453	fsgnj.s	f8,f25,f21	 f25:0xcf7fffff f21:0xcffd645e  f8=0xcf7fffff
     353055.000 ns	     35304	80007860	0032e3b3	or	x7,x5,x3	  x5:0x4f800000  x3:0x00000000  x7=0x4f800000
     353075.000 ns	     35306	80007864	a07aa5d3	feq.s	x11,f21,f7	 f21:0xcffd645e  f7:0x4f2f912d x11=0x00000000
     353445.000 ns	     35343	80007868	0328fb33	remu	x22,x17,x18	 x17:0x7ffbf3d1 x18:0x80041024 x22=0x7ffbf3d1
     353485.000 ns	     35347	8000786c	58047f53	fsqrt.s	f30,f8	  f8:0xcf7fffff f30=0x7fc00000
     353515.000 ns	     35350	80007870	030925b3	mulhsu	x11,x18,x16	 x18:0x80041024 x16:0x00000001 x11=0xffffffff
     353545.000 ns	     35353	80007874	d005ce53	fcvt.s.w	f28,x11	 x11:0x00000000 f28=0xbf800000
     353575.000 ns	     35356	80007878	20a9a8d3	fsgnjx.s	f17,f19,f10	 f19:0x3f800000 f10:0x07fc0000 f17=0x3f800000
     353605.000 ns	     35359	8000787c	20c715d3	fsgnjn.s	f11,f14,f12	 f14:0xbf800000 f12:0x4f800000 f11=0xbf800000
     353625.000 ns	     35361	80007880	400e5733	sra	x14,x28,x0	 x28:0xfffffc4e  x0:0x00000000 x14=0xfffffc4e
     353645.000 ns	     35363	80007884	d01079d3	fcvt.s.wu	f19,x0	  x0:0x00000000 f19=0x00000000
     353675.000 ns	     35366	80007888	d0037353	fcvt.s.w	f6,x6	  x6:0x00001fff  f6=0x45fff800
     353695.000 ns	     35368	8000788c	014a2633	slt	x12,x20,x20	 x20:0x00000000 x20:0x00000000 x12=0x00000000
     353705.000 ns	     35369	80007890	d5ae0f93	addi	x31,x28,-678	 x28:0xfffffc4e x31=0xfffff9a8
     353745.000 ns	     35373	80007894	014f12d3	fadd.s	f5,f30,f20	 f30:0x7fc00000 f20:0x7fc00000  f5=0x7fc00000
     353765.000 ns	     35375	80007898	d3034a37	lui	x20,0xd3034	 x20=0xd3034000
     353785.000 ns	     35377	8000789c	29f19853	fmax.s	f16,f3,f31	  f3:0x00000009 f31:0x30900000 f16=0x30900000
     353815.000 ns	     35380	800078a0	21922c53	fsgnjx.s	f24,f4,f25	  f4:0xcf7fffff f25:0xcf7fffff f24=0x4f7fffff
     354185.000 ns	     35417	800078a4	029efdb3	remu	x27,x29,x9	 x29:0xa2fd5000  x9:0x00000009 x27=0x00000003
     354555.000 ns	     35454	800078a8	0369cb33	div	x22,x19,x22	 x19:0x00000000 x22:0x7ffbf3d1 x22=0x00000000
     354575.000 ns	     35456	800078ac	0b991a37	lui	x20,0xb991	 x20=0x0b991000
     354595.000 ns	     35458	800078b0	e0031253	fclass.s	x4,f6	  f6:0x45fff800  x4=0x00000040
     354615.000 ns	     35460	800078b4	0130d533	srl	x10,x1,x19	  x1:0x00000009 x19:0x00000000 x10=0x00000009
     354625.000 ns	     35461	800078b8	00000013	addi	x0,x0,0	  x0:0x00000000
     354645.000 ns	     35463	800078bc	a1fc1553	flt.s	x10,f24,f31	 f24:0x4f7fffff f31:0x30900000 x10=0x00000000
     354665.000 ns	     35465	800078c0	f4f20e97	auipc	x29,0xf4f20	 x29=0x74f278c0
     354675.000 ns	     35466	800078c4	40138cb3	sub	x25,x7,x1	  x7:0x4f800000  x1:0x00000009 x25=0x4f7ffff7
     354685.000 ns	     35467	800078c8	00872ab3	slt	x21,x14,x8	 x14:0xfffffc4e  x8:0x80040fe4 x21=0x00000000
     354695.000 ns	     35468	800078cc	00d25e93	srli	x29,x4,0xd	  x4:0x00000040 x29=0x00000000
     354705.000 ns	     35469	800078d0	0f145337	lui	x6,0xf145	  x6=0x0f145000
     354725.000 ns	     35471	800078d4	03e14db3	div	x27,x2,x30	  x2:0x00000001 x30:0x00000000 x27=0xffffffff
     354745.000 ns	     35473	800078d8	57b00c93	addi	x25,x0,1403	  x0:0x00000000 x25=0x0000057b
     354755.000 ns	     35474	800078dc	58cde713	ori	x14,x27,1420	 x27:0xffffffff x14=0xffffffff
     354765.000 ns	     35475	800078e0	001beab3	or	x21,x23,x1	 x23:0x07fc0000  x1:0x00000009 x21=0x07fc0009
     354785.000 ns	     35477	800078e4	f00b8d53	fmv.w.x	f26,x23	 x23:0x07fc0000 f26=0x07fc0000
     354805.000 ns	     35479	800078e8	492c8c13	addi	x24,x25,1170	 x25:0x0000057b x24=0x00000a0d
     354815.000 ns	     35480	800078ec	013e0eb3	add	x29,x28,x19	 x28:0xfffffc4e x19:0x00000000 x29=0xfffffc4e
     354825.000 ns	     35481	800078f0	4c310013	addi	x0,x2,1219	  x2:0x00000001
     355185.000 ns	     35517	800078f4	02847eb3	remu	x29,x8,x8	  x8:0x80040fe4  x8:0x80040fe4 x29=0x00000000
     355205.000 ns	     35519	800078f8	60fba017	auipc	x0,0x60fba	
     355225.000 ns	     35521	800078fc	29f19ad3	fmax.s	f21,f3,f31	  f3:0x00000009 f31:0x30900000 f21=0x30900000
     355245.000 ns	     35523	80007900	41588f33	sub	x30,x17,x21	 x17:0x7ffbf3d1 x21:0x07fc0009 x30=0x77fff3c8
     355255.000 ns	     35524	80007904	415e5a33	sra	x20,x28,x21	 x28:0xfffffc4e x21:0x07fc0009 x20=0xfffffffe
     355275.000 ns	     35526	80007908	d0148753	fcvt.s.wu	f14,x9	  x9:0x00000009 f14=0x41100000
     355305.000 ns	     35529	8000790c	03608bb3	mul	x23,x1,x22	  x1:0x00000009 x22:0x00000000 x23=0x00000000
     355335.000 ns	     35532	80007910	02792a33	mulhsu	x20,x18,x7	 x18:0x80041024  x7:0x4f800000 x20=0xd8414303
     355365.000 ns	     35535	80007914	02e5b1b3	mulhu	x3,x11,x14	 x11:0xffffffff x14:0xffffffff  x3=0xfffffffe
     355395.000 ns	     35538	80007918	d0017fd3	fcvt.s.w	f31,x2	  x2:0x00000001 f31=0x3f800000
     355415.000 ns	     35540	8000791c	c9c26b93	ori	x23,x4,-868	  x4:0x00000040 x23=0xfffffcdc
     355425.000 ns	     35541	80007920	41775193	srai	x3,x14,0x17	 x14:0xffffffff  x3=0xffffffff
     355435.000 ns	     35542	80007924	447fa113	slti	x2,x31,1095	 x31:0xfffff9a8  x2=0x00000001
     355455.000 ns	     35544	80007928	c014a1d3	fcvt.wu.s	x3,f9	  f9:0x4f800000  x3=0x00000000
     355485.000 ns	     35547	8000792c	020cdbb3	divu	x23,x25,x0	 x25:0x0000057b  x0:0x00000000 x23=0xffffffff
     355515.000 ns	     35550	80007930	20140e53	fsgnj.s	f28,f8,f1	  f8:0xcf7fffff  f1:0x41100000 f28=0x4f7fffff
     355535.000 ns	     35552	80007934	01a9a633	slt	x12,x19,x26	 x19:0x00000000 x26:0x7ffbf3d1 x12=0x00000001
     355555.000 ns	     35554	80007938	a0221953	flt.s	x18,f4,f2	  f4:0xcf7fffff  f2:0xcffd645e x18=0x00000000
     355925.000 ns	     35591	8000793c	026574b3	remu	x9,x10,x6	 x10:0x00000000  x6:0x0f145000  x9=0x00000000
     355955.000 ns	     35594	80007940	285e8b53	fmin.s	f22,f29,f5	 f29:0xbf800000  f5:0x7fc00000 f22=0xbf800000
     355975.000 ns	     35596	80007944	0004cd33	xor	x26,x9,x0	  x9:0x00000000  x0:0x00000000 x26=0x00000000
     356335.000 ns	     35632	80007948	027bc233	div	x4,x23,x7	 x23:0xffffffff  x7:0x4f800000  x4=0x00000000
     356355.000 ns	     35634	8000794c	4336fc13	andi	x24,x13,1075	 x13:0x80041024 x24=0x00000020
     356365.000 ns	     35635	80007950	d4682293	slti	x5,x16,-698	 x16:0x00000001  x5=0x00000000
     356725.000 ns	     35671	80007954	02d9d7b3	divu	x15,x19,x13	 x19:0x00000000 x13:0x80041024 x15=0x00000000
     356745.000 ns	     35673	80007958	012c0f33	add	x30,x24,x18	 x24:0x00000020 x18:0x00000000 x30=0x00000020
     357105.000 ns	     35709	8000795c	02b1dab3	divu	x21,x3,x11	  x3:0x00000000 x11:0xffffffff x21=0x00000000
     357125.000 ns	     35711	80007960	00675d13	srli	x26,x14,0x6	 x14:0xffffffff x26=0x03ffffff
     357135.000 ns	     35712	80007964	66d5c637	lui	x12,0x66d5c	 x12=0x66d5c000
     357155.000 ns	     35714	80007968	a0a79a53	flt.s	x20,f15,f10	 f15:0x41100000 f10:0x07fc0000 x20=0x00000000
     357195.000 ns	     35718	8000796c	18fb90d3	fdiv.s	f1,f23,f15	 f23:0x7fc00000 f15:0x41100000  f1=0x7fc00000
     357215.000 ns	     35720	80007970	a6654893	xori	x17,x10,-1434	 x10:0x00000000 x17=0xfffffa66
     357235.000 ns	     35722	80007974	e00794d3	fclass.s	x9,f15	 f15:0x41100000  x9=0x00000040
     357265.000 ns	     35725	80007978	e00b9853	fclass.s	x16,f23	 f23:0x7fc00000 x16=0x00000200
     357285.000 ns	     35727	8000797c	88392493	slti	x9,x18,-1917	 x18:0x00000000  x9=0x00000000
     357295.000 ns	     35728	80007980	8bf40e13	addi	x28,x8,-1857	  x8:0x80040fe4 x28=0x800408a3
     357315.000 ns	     35730	80007984	e0070f53	fmv.x.w	x30,f14	 f14:0x41100000 x30=0x41100000
     357335.000 ns	     35732	80007988	01af1293	slli	x5,x30,0x1a	 x30:0x00000020  x5=0x00000000
     357695.000 ns	     35768	8000798c	03bf4db3	div	x27,x30,x27	 x30:0x41100000 x27:0xffffffff x27=0xbef00000
     357725.000 ns	     35771	80007990	288681d3	fmin.s	f3,f13,f8	 f13:0x7f800000  f8:0xcf7fffff  f3=0xcf7fffff
     357765.000 ns	     35775	80007994	104ca3d3	fmul.s	f7,f25,f4	 f25:0xcf7fffff  f4:0xcf7fffff  f7=0x5f7ffffe
     357785.000 ns	     35777	80007998	41af8db3	sub	x27,x31,x26	 x31:0xfffff9a8 x26:0x03ffffff x27=0xfbfff9a9
     357795.000 ns	     35778	8000799c	01b45593	srli	x11,x8,0x1b	  x8:0x80040fe4 x11=0x00000010
     357815.000 ns	     35780	800079a0	a18214d3	flt.s	x9,f4,f24	  f4:0xcf7fffff f24:0x4f7fffff  x9=0x00000001
     357845.000 ns	     35783	800079a4	c006ffd3	fcvt.w.s	x31,f13	 f13:0x7f800000 x31=0x7fffffff
     357875.000 ns	     35786	800079a8	21ce1cd3	fsgnjn.s	f25,f28,f28	 f28:0x4f7fffff f28:0x4f7fffff f25=0xcf7fffff
     357895.000 ns	     35788	800079ac	41b78933	sub	x18,x15,x27	 x15:0x00000000 x27:0xfbfff9a9 x18=0x04000657
     357915.000 ns	     35790	800079b0	d011f8d3	fcvt.s.wu	f17,x3	  x3:0x00000000 f17=0x00000000
     357945.000 ns	     35793	800079b4	a02c29d3	feq.s	x19,f24,f2	 f24:0x4f7fffff  f2:0xcffd645e x19=0x00000000
     357975.000 ns	     35796	800079b8	e0080253	fmv.x.w	x4,f16	 f16:0x30900000  x4=0x30900000
     358005.000 ns	     35799	800079bc	a00f8053	fle.s	x0,f31,f0	 f31:0x3f800000  f0:0x684b4b4c
     358025.000 ns	     35801	800079c0	d0f98593	addi	x11,x19,-753	 x19:0x00000000 x11=0xfffffd0f
     358035.000 ns	     35802	800079c4	0098bb33	sltu	x22,x17,x9	 x17:0xfffffa66  x9:0x00000001 x22=0x00000000
     358055.000 ns	     35804	800079c8	038a3833	mulhu	x16,x20,x24	 x20:0x00000000 x24:0x00000020 x16=0x00000000
     358075.000 ns	     35806	800079cc	40c7b893	sltiu	x17,x15,1036	 x15:0x00000000 x17=0x00000001
     358085.000 ns	     35807	800079d0	9318b913	sltiu	x18,x17,-1743	 x17:0xfffffa66 x18=0x00000001
     358105.000 ns	     35809	800079d4	c00471d3	fcvt.w.s	x3,f8	  f8:0xcf7fffff  x3=0x80000000
     358125.000 ns	     35811	800079d8	7acca613	slti	x12,x25,1964	 x25:0x0000057b x12=0x00000001
     358135.000 ns	     35812	800079dc	01793fb3	sltu	x31,x18,x23	 x18:0x00000001 x23:0xffffffff x31=0x00000001
     358155.000 ns	     35814	800079e0	f00209d3	fmv.w.x	f19,x4	  x4:0x30900000 f19=0x30900000
     358205.000 ns	     35819	800079e4	00d146d3	fadd.s	f13,f2,f13	  f2:0xcffd645e f13:0x7f800000 f13=0x7f800000
     358225.000 ns	     35821	800079e8	0052f333	and	x6,x5,x5	  x5:0x00000000  x5:0x00000000  x6=0x00000000
     358245.000 ns	     35823	800079ec	d0167d53	fcvt.s.wu	f26,x12	 x12:0x00000001 f26=0x3f800000
     358265.000 ns	     35825	800079f0	419e5213	srai	x4,x28,0x19	 x28:0x800408a3  x4=0xffffffc0
     358275.000 ns	     35826	800079f4	62d76193	ori	x3,x14,1581	 x14:0xffffffff  x3=0xffffffff
     358635.000 ns	     35862	800079f8	02bdfbb3	remu	x23,x27,x11	 x27:0xfbfff9a9 x11:0xfffffd0f x23=0xfbfff9a9
     358675.000 ns	     35866	800079fc	580a1fd3	fsqrt.s	f31,f20	 f20:0x7fc00000 f31=0x7fc00000
     358695.000 ns	     35868	80007a00	40460233	sub	x4,x12,x4	 x12:0x00000001  x4:0xffffffc0  x4=0x00000041
     358705.000 ns	     35869	80007a04	00648db3	add	x27,x9,x6	  x9:0x00000001  x6:0x00000000 x27=0x00000001
     358725.000 ns	     35871	80007a08	20c325d3	fsgnjx.s	f11,f6,f12	  f6:0x45fff800 f12:0x4f800000 f11=0x45fff800
     358765.000 ns	     35875	80007a0c	19e774d3	fdiv.s	f9,f14,f30	 f14:0x41100000 f30:0x7fc00000  f9=0x7fc00000
     358785.000 ns	     35877	80007a10	0081ff33	and	x30,x3,x8	  x3:0xffffffff  x8:0x80040fe4 x30=0x80040fe4
     358805.000 ns	     35879	80007a14	289f06d3	fmin.s	f13,f30,f9	 f30:0x7fc00000  f9:0x7fc00000 f13=0x7fc00000
     358835.000 ns	     35882	80007a18	02088fb3	mul	x31,x17,x0	 x17:0x00000001  x0:0x00000000 x31=0x00000000
     358855.000 ns	     35884	80007a1c	012fd5b3	srl	x11,x31,x18	 x31:0x00000001 x18:0x00000001 x11=0x00000000
     358865.000 ns	     35885	80007a20	00797db3	and	x27,x18,x7	 x18:0x00000001  x7:0x4f800000 x27=0x00000000
     358875.000 ns	     35886	80007a24	0127dab3	srl	x21,x15,x18	 x15:0x00000000 x18:0x00000001 x21=0x00000000
     358885.000 ns	     35887	80007a28	d2b843b7	lui	x7,0xd2b84	  x7=0xd2b84000
     358895.000 ns	     35888	80007a2c	006d5333	srl	x6,x26,x6	 x26:0x03ffffff  x6:0x00000000  x6=0x03ffffff
     358905.000 ns	     35889	80007a30	00c99d13	slli	x26,x19,0xc	 x19:0x00000000 x26=0x00000000
     358915.000 ns	     35890	80007a34	011e5eb3	srl	x29,x28,x17	 x28:0x800408a3 x17:0x00000001 x29=0x40020451
     359275.000 ns	     35926	80007a38	026c6d33	rem	x26,x24,x6	 x24:0x00000020  x6:0x03ffffff x26=0x00000020
     359295.000 ns	     35928	80007a3c	40955d13	srai	x26,x10,0x9	 x10:0x00000000 x26=0x00000000
     360465.000 ns	     36045	80007a40	58034fd3	fsqrt.s	f31,f6	  f6:0x45fff800 f31=0x42b501d8
     360495.000 ns	     36048	80007a44	28201e53	fmax.s	f28,f0,f2	  f0:0x684b4b4c  f2:0xcffd645e f28=0x684b4b4c
     360545.000 ns	     36053	80007a48	007c7953	fadd.s	f18,f24,f7	 f24:0x4f7fffff  f7:0x5f7ffffe f18=0x5f7ffffe
     360565.000 ns	     36055	80007a4c	004c9333	sll	x6,x25,x4	 x25:0x0000057b  x4:0x00000041  x6=0x00000af6
     360585.000 ns	     36057	80007a50	209b9453	fsgnjn.s	f8,f23,f9	 f23:0x7fc00000  f9:0x7fc00000  f8=0xffc00000
     360615.000 ns	     36060	80007a54	031934b3	mulhu	x9,x18,x17	 x18:0x00000001 x17:0x00000001  x9=0x00000000
     360645.000 ns	     36063	80007a58	034b8f33	mul	x30,x23,x20	 x23:0xfbfff9a9 x20:0x00000000 x30=0x00000000
     360675.000 ns	     36066	80007a5c	c014f2d3	fcvt.wu.s	x5,f9	  f9:0x7fc00000  x5=0xffffffff
     360695.000 ns	     36068	80007a60	6ebfa513	slti	x10,x31,1771	 x31:0x00000000 x10=0x00000001
     360735.000 ns	     36072	80007a64	00b3f553	fadd.s	f10,f7,f11	  f7:0x5f7ffffe f11:0x45fff800 f10=0x5f7ffffe
     360755.000 ns	     36074	80007a68	011817b3	sll	x15,x16,x17	 x16:0x00000000 x17:0x00000001 x15=0x00000000
     360775.000 ns	     36076	80007a6c	033f5633	divu	x12,x30,x19	 x30:0x00000000 x19:0x00000000 x12=0xffffffff
     360805.000 ns	     36079	80007a70	e00189d3	fmv.x.w	x19,f3	  f3:0xcf7fffff x19=0xcf7fffff
     360835.000 ns	     36082	80007a74	e0021053	fclass.s	x0,f4	  f4:0xcf7fffff
     360855.000 ns	     36084	80007a78	01e09393	slli	x7,x1,0x1e	  x1:0x00000009  x7=0x40000000
     360865.000 ns	     36085	80007a7c	4601c213	xori	x4,x3,1120	  x3:0xffffffff  x4=0xfffffb9f
     360885.000 ns	     36087	80007a80	03373333	mulhu	x6,x14,x19	 x14:0xffffffff x19:0xcf7fffff  x6=0xcf7ffffe
     360905.000 ns	     36089	80007a84	0e102293	slti	x5,x0,225	  x0:0x00000000  x5=0x00000001
     360915.000 ns	     36090	80007a88	000fa8b3	slt	x17,x31,x0	 x31:0x00000000  x0:0x00000000 x17=0x00000000
     360935.000 ns	     36092	80007a8c	02fb5d33	divu	x26,x22,x15	 x22:0x00000000 x15:0x00000000 x26=0xffffffff
     360985.000 ns	     36097	80007a90	01ba7753	fadd.s	f14,f20,f27	 f20:0x7fc00000 f27:0x41100000 f14=0x7fc00000
     361005.000 ns	     36099	80007a94	00ef75b3	and	x11,x30,x14	 x30:0x00000000 x14:0xffffffff x11=0x00000000
     361015.000 ns	     36100	80007a98	cc3e0b17	auipc	x22,0xcc3e0	 x22=0x4c3e7a98
     361025.000 ns	     36101	80007a9c	407e5633	sra	x12,x28,x7	 x28:0x800408a3  x7:0x40000000 x12=0x800408a3
     361035.000 ns	     36102	80007aa0	000c9ab3	sll	x21,x25,x0	 x25:0x0000057b  x0:0x00000000 x21=0x0000057b
     361045.000 ns	     36103	80007aa4	00deedb3	or	x27,x29,x13	 x29:0x40020451 x13:0x80041024 x27=0xc0061475
     361055.000 ns	     36104	80007aa8	e0bf0b17	auipc	x22,0xe0bf0	 x22=0x60bf7aa8
     361065.000 ns	     36105	80007aac	28f97c93	andi	x25,x18,655	 x18:0x00000001 x25=0x00000001
     361085.000 ns	     36107	80007ab0	206c1b53	fsgnjn.s	f22,f24,f6	 f24:0x4f7fffff  f6:0x45fff800 f22=0xcf7fffff
     361115.000 ns	     36110	80007ab4	298b80d3	fmin.s	f1,f23,f24	 f23:0x7fc00000 f24:0x4f7fffff  f1=0x4f7fffff
     361135.000 ns	     36112	80007ab8	01731833	sll	x16,x6,x23	  x6:0xcf7ffffe x23:0xfbfff9a9 x16=0xfffffc00
     361145.000 ns	     36113	80007abc	005f1833	sll	x16,x30,x5	 x30:0x00000000  x5:0x00000001 x16=0x00000000
     361165.000 ns	     36115	80007ac0	d00f14d3	fcvt.s.w	f9,x30	 x30:0x00000000  f9=0x00000000
     361195.000 ns	     36118	80007ac4	026395b3	mulh	x11,x7,x6	  x7:0x40000000  x6:0xcf7ffffe x11=0xf3dfffff
     361225.000 ns	     36121	80007ac8	e0011b53	fclass.s	x22,f2	  f2:0xcffd645e x22=0x00000002
     361245.000 ns	     36123	80007acc	f59c2613	slti	x12,x24,-167	 x24:0x00000020 x12=0x00000000
     361255.000 ns	     36124	80007ad0	6f722113	slti	x2,x4,1783	  x4:0xfffffb9f  x2=0x00000001
     361275.000 ns	     36126	80007ad4	f00a07d3	fmv.w.x	f15,x20	 x20:0x00000000 f15=0x00000000
     361305.000 ns	     36129	80007ad8	20282e53	fsgnjx.s	f28,f16,f2	 f16:0x30900000  f2:0xcffd645e f28=0xb0900000
     362485.000 ns	     36247	80007adc	58039053	fsqrt.s	f0,f7	  f7:0x5f7ffffe  f0=0x4f350461
     362515.000 ns	     36250	80007ae0	f00b09d3	fmv.w.x	f19,x22	 x22:0x00000002 f19=0x00000002
     362535.000 ns	     36252	80007ae4	00dd0633	add	x12,x26,x13	 x26:0xffffffff x13:0x80041024 x12=0x80041023
     362545.000 ns	     36253	80007ae8	abd3ba93	sltiu	x21,x7,-1347	  x7:0x40000000 x21=0x00000001
     362565.000 ns	     36255	80007aec	020a4eb3	div	x29,x20,x0	 x20:0x00000000  x0:0x00000000 x29=0xffffffff
     362585.000 ns	     36257	80007af0	018902b3	add	x5,x18,x24	 x18:0x00000001 x24:0x00000020  x5=0x00000021
     362945.000 ns	     36293	80007af4	023b4833	div	x16,x22,x3	 x22:0x00000002  x3:0xffffffff x16=0xfffffffe
     362975.000 ns	     36296	80007af8	21e41dd3	fsgnjn.s	f27,f8,f30	  f8:0xffc00000 f30:0x7fc00000 f27=0xffc00000
     363015.000 ns	     36300	80007afc	18d4ffd3	fdiv.s	f31,f9,f13	  f9:0x00000000 f13:0x7fc00000 f31=0x7fc00000
     363035.000 ns	     36302	80007b00	0036de93	srli	x29,x13,0x3	 x13:0x80041024 x29=0x10008204
     363055.000 ns	     36304	80007b04	288a05d3	fmin.s	f11,f20,f8	 f20:0x7fc00000  f8:0xffc00000 f11=0x7fc00000
     363085.000 ns	     36307	80007b08	02ef3233	mulhu	x4,x30,x14	 x30:0x00000000 x14:0xffffffff  x4=0x00000000
     363115.000 ns	     36310	80007b0c	02aa03b3	mul	x7,x20,x10	 x20:0x00000000 x10:0x00000001  x7=0x00000000
     363135.000 ns	     36312	80007b10	01f01593	slli	x11,x0,0x1f	  x0:0x00000000 x11=0x00000000
     363155.000 ns	     36314	80007b14	038f15b3	mulh	x11,x30,x24	 x30:0x00000000 x24:0x00000020 x11=0x00000000
     363185.000 ns	     36317	80007b18	c0181c53	fcvt.wu.s	x24,f16	 f16:0x30900000 x24=0x00000000
     363215.000 ns	     36320	80007b1c	29e906d3	fmin.s	f13,f18,f30	 f18:0x5f7ffffe f30:0x7fc00000 f13=0x5f7ffffe
     363235.000 ns	     36322	80007b20	418b02b3	sub	x5,x22,x24	 x22:0x00000002 x24:0x00000000  x5=0x00000002
     363245.000 ns	     36323	80007b24	0100dfb3	srl	x31,x1,x16	  x1:0x00000009 x16:0xfffffffe x31=0x00000000
     364415.000 ns	     36440	80007b28	58033dd3	fsqrt.s	f27,f6	  f6:0x45fff800 f27=0x42b501d8
     364435.000 ns	     36442	80007b2c	010e18b3	sll	x17,x28,x16	 x28:0x800408a3 x16:0xfffffffe x17=0xc0000000
     364445.000 ns	     36443	80007b30	8e4ee813	ori	x16,x29,-1820	 x29:0x10008204 x16=0xfffffae4
     364455.000 ns	     36444	80007b34	0109abb3	slt	x23,x19,x16	 x19:0xcf7fffff x16:0xfffffffe x23=0x00000001
     364465.000 ns	     36445	80007b38	407ade33	sra	x28,x21,x7	 x21:0x00000001  x7:0x00000000 x28=0x00000001
     364485.000 ns	     36447	80007b3c	e00902d3	fmv.x.w	x5,f18	 f18:0x5f7ffffe  x5=0x5f7ffffe
     364505.000 ns	     36449	80007b40	41e45d33	sra	x26,x8,x30	  x8:0x80040fe4 x30:0x00000000 x26=0x80040fe4
     364515.000 ns	     36450	80007b44	4120d513	srai	x10,x1,0x12	  x1:0x00000009 x10=0x00000000
     364555.000 ns	     36454	80007b48	01fefdd3	fadd.s	f27,f29,f31	 f29:0xbf800000 f31:0x7fc00000 f27=0x7fc00000
     364585.000 ns	     36457	80007b4c	d01ffd53	fcvt.s.wu	f26,x31	 x31:0x00000000 f26=0x00000000
     364955.000 ns	     36494	80007b50	03d37a33	remu	x20,x6,x29	  x6:0xcf7ffffe x29:0x10008204 x20=0x0f79e7ce
     364975.000 ns	     36496	80007b54	00585013	srli	x0,x16,0x5	 x16:0xfffffae4
     365005.000 ns	     36499	80007b58	197cc553	fdiv.s	f10,f25,f23	 f25:0xcf7fffff f23:0x7fc00000 f10=0x7fc00000
     365025.000 ns	     36501	80007b5c	00a0a513	slti	x10,x1,10	  x1:0x00000009 x10=0x00000001
     365035.000 ns	     36502	80007b60	01ed1e33	sll	x28,x26,x30	 x26:0x80040fe4 x30:0x00000000 x28=0x80040fe4
     365045.000 ns	     36503	80007b64	15322b93	slti	x23,x4,339	  x4:0x00000000 x23=0x00000001
     365055.000 ns	     36504	80007b68	01d89ab3	sll	x21,x17,x29	 x17:0xc0000000 x29:0x10008204 x21=0x00000000
     365085.000 ns	     36507	80007b6c	580e76d3	fsqrt.s	f13,f28	 f28:0xb0900000 f13=0x7fc00000
     365115.000 ns	     36510	80007b70	c0109c53	fcvt.wu.s	x24,f1	  f1:0x4f7fffff x24=0xffffff00
     365135.000 ns	     36512	80007b74	01bd17b3	sll	x15,x26,x27	 x26:0x80040fe4 x27:0xc0061475 x15=0xfc800000
     365155.000 ns	     36514	80007b78	034a9833	mulh	x16,x21,x20	 x21:0x00000000 x20:0x0f79e7ce x16=0x00000000
     365185.000 ns	     36517	80007b7c	c00ffd53	fcvt.w.s	x26,f31	 f31:0x7fc00000 x26=0x7fffffff
     365215.000 ns	     36520	80007b80	033433b3	mulhu	x7,x8,x19	  x8:0x80040fe4 x19:0xcf7fffff  x7=0x67c34ae0
     365265.000 ns	     36525	80007b84	01f9f2d3	fadd.s	f5,f19,f31	 f19:0x00000002 f31:0x7fc00000  f5=0x7fc00000
     365285.000 ns	     36527	80007b88	00b8c233	xor	x4,x17,x11	 x17:0xc0000000 x11:0x00000000  x4=0xc0000000
     365295.000 ns	     36528	80007b8c	01b02033	slt	x0,x0,x27	  x0:0x00000000 x27:0xc0061475
     365315.000 ns	     36530	80007b90	03eb22b3	mulhsu	x5,x22,x30	 x22:0x00000002 x30:0x00000000  x5=0x00000000
     365335.000 ns	     36532	80007b94	99dc2813	slti	x16,x24,-1635	 x24:0xffffff00 x16=0x00000000
     365355.000 ns	     36534	80007b98	e00c1ad3	fclass.s	x21,f24	 f24:0x4f7fffff x21=0x00000040
     365405.000 ns	     36539	80007b9c	088120d3	fsub.s	f1,f2,f8	  f2:0xcffd645e  f8:0xffc00000  f1=0x7fc00000
     365435.000 ns	     36542	80007ba0	d0188fd3	fcvt.s.wu	f31,x17	 x17:0xc0000000 f31=0x4f400000
     365455.000 ns	     36544	80007ba4	004bc333	xor	x6,x23,x4	 x23:0x00000001  x4:0xc0000000  x6=0xc0000001
     365465.000 ns	     36545	80007ba8	01f96933	or	x18,x18,x31	 x18:0x00000001 x31:0x00000000 x18=0x00000001
     365505.000 ns	     36549	80007bac	01797dd3	fadd.s	f27,f18,f23	 f18:0x5f7ffffe f23:0x7fc00000 f27=0x7fc00000
     365535.000 ns	     36552	80007bb0	2076aed3	fsgnjx.s	f29,f13,f7	 f13:0x7fc00000  f7:0x5f7ffffe f29=0x7fc00000
     365575.000 ns	     36556	80007bb4	10761cd3	fmul.s	f25,f12,f7	 f12:0x4f800000  f7:0x5f7ffffe f25=0x6f7ffffe
     365605.000 ns	     36559	80007bb8	03fe9733	mulh	x14,x29,x31	 x29:0x10008204 x31:0x00000000 x14=0x00000000
     365635.000 ns	     36562	80007bbc	e00c05d3	fmv.x.w	x11,f24	 f24:0x4f7fffff x11=0x4f7fffff
     365655.000 ns	     36564	80007bc0	416208b3	sub	x17,x4,x22	  x4:0xc0000000 x22:0x00000002 x17=0xbffffffe
     365665.000 ns	     36565	80007bc4	009ecbb3	xor	x23,x29,x9	 x29:0x10008204  x9:0x00000000 x23=0x10008204
     365675.000 ns	     36566	80007bc8	6d44fd93	andi	x27,x9,1748	  x9:0x00000000 x27=0x00000000
     365695.000 ns	     36568	80007bcc	21f79453	fsgnjn.s	f8,f15,f31	 f15:0x00000000 f31:0x4f400000  f8=0x80000000
     365715.000 ns	     36570	80007bd0	0be5e513	ori	x10,x11,190	 x11:0x4f7fffff x10=0x4f7fffff
     365735.000 ns	     36572	80007bd4	286a8053	fmin.s	f0,f21,f6	 f21:0x30900000  f6:0x45fff800  f0=0x30900000
     365755.000 ns	     36574	80007bd8	2bb9da17	auipc	x20,0x2bb9d	 x20=0xabba4bd8
     365765.000 ns	     36575	80007bdc	003bd533	srl	x10,x23,x3	 x23:0x10008204  x3:0xffffffff x10=0x00000000
     365785.000 ns	     36577	80007be0	2173a4d3	fsgnjx.s	f9,f7,f23	  f7:0x5f7ffffe f23:0x7fc00000  f9=0x5f7ffffe
     365805.000 ns	     36579	80007be4	01037bb3	and	x23,x6,x16	  x6:0xc0000001 x16:0x00000000 x23=0x00000000
     365835.000 ns	     36582	80007be8	580df4d3	fsqrt.s	f9,f27	 f27:0x7fc00000  f9=0x7fc00000
     365855.000 ns	     36584	80007bec	007db033	sltu	x0,x27,x7	 x27:0x00000000  x7:0x67c34ae0
     365875.000 ns	     36586	80007bf0	034fa1b3	mulhsu	x3,x31,x20	 x31:0x00000000 x20:0xabba4bd8  x3=0x00000000
     365905.000 ns	     36589	80007bf4	a07f9c53	flt.s	x24,f31,f7	 f31:0x4f400000  f7:0x5f7ffffe x24=0x00000001
     365925.000 ns	     36591	80007bf8	01369293	slli	x5,x13,0x13	 x13:0x80041024  x5=0x81200000
     365935.000 ns	     36592	80007bfc	005461b3	or	x3,x8,x5	  x8:0x80040fe4  x5:0x00000000  x3=0x81240fe4
     365945.000 ns	     36593	80007c00	408ad593	srai	x11,x21,0x8	 x21:0x00000040 x11=0x00000000
     365965.000 ns	     36595	80007c04	d00d2c53	fcvt.s.w	f24,x26	 x26:0x7fffffff f24=0x4f000000
     365985.000 ns	     36597	80007c08	93fd1717	auipc	x14,0x93fd1	 x14=0x13fd8c08
     365995.000 ns	     36598	80007c0c	00000013	addi	x0,x0,0	  x0:0x00000000
     366015.000 ns	     36600	80007c10	031b3eb3	mulhu	x29,x22,x17	 x22:0x00000002 x17:0xbffffffe x29=0x00000001
     366035.000 ns	     36602	80007c14	32c17a13	andi	x20,x2,812	  x2:0x00000001 x20=0x00000000
     366065.000 ns	     36605	80007c18	580680d3	fsqrt.s	f1,f13	 f13:0x7fc00000  f1=0x7fc00000
     366105.000 ns	     36609	80007c1c	18f07153	fdiv.s	f2,f0,f15	  f0:0x30900000 f15:0x00000000  f2=0x7f800000
     366155.000 ns	     36614	80007c20	0158a6d3	fadd.s	f13,f17,f21	 f17:0x00000000 f21:0x30900000 f13=0x30900000
     366175.000 ns	     36616	80007c24	c5892d13	slti	x26,x18,-936	 x18:0x00000001 x26=0x00000000
     366195.000 ns	     36618	80007c28	c009fb53	fcvt.w.s	x22,f19	 f19:0x00000002 x22=0x00000000
     366215.000 ns	     36620	80007c2c	68bde613	ori	x12,x27,1675	 x27:0x00000000 x12=0x0000068b
     366225.000 ns	     36621	80007c30	40fe08b3	sub	x17,x28,x15	 x28:0x80040fe4 x15:0xfc800000 x17=0x83840fe4
     366245.000 ns	     36623	80007c34	209aa5d3	fsgnjx.s	f11,f21,f9	 f21:0x30900000  f9:0x7fc00000 f11=0x30900000
     366275.000 ns	     36626	80007c38	a0230d53	fle.s	x26,f6,f2	  f6:0x45fff800  f2:0x7f800000 x26=0x00000001
     366305.000 ns	     36629	80007c3c	c01299d3	fcvt.wu.s	x19,f5	  f5:0x7fc00000 x19=0xffffffff
     366345.000 ns	     36633	80007c40	580e15d3	fsqrt.s	f11,f28	 f28:0xb0900000 f11=0x7fc00000
     366395.000 ns	     36638	80007c44	01e3bd53	fadd.s	f26,f7,f30	  f7:0x5f7ffffe f30:0x7fc00000 f26=0x7fc00000
     366415.000 ns	     36640	80007c48	db7ef113	andi	x2,x29,-585	 x29:0x00000001  x2=0x00000001
     366435.000 ns	     36642	80007c4c	2194a653	fsgnjx.s	f12,f9,f25	  f9:0x7fc00000 f25:0x6f7ffffe f12=0x7fc00000
     366465.000 ns	     36645	80007c50	f0038f53	fmv.w.x	f30,x7	  x7:0x67c34ae0 f30=0x67c34ae0
     366495.000 ns	     36648	80007c54	201e0fd3	fsgnj.s	f31,f28,f1	 f28:0xb0900000  f1:0x7fc00000 f31=0x30900000
     366515.000 ns	     36650	80007c58	0003c2b3	xor	x5,x7,x0	  x7:0x67c34ae0  x0:0x00000000  x5=0x67c34ae0
     366535.000 ns	     36652	80007c5c	f00f89d3	fmv.w.x	f19,x31	 x31:0x00000000 f19=0x00000000
     366555.000 ns	     36654	80007c60	01c55c33	srl	x24,x10,x28	 x10:0x00000000 x28:0x80040fe4 x24=0x00000000
     366575.000 ns	     36656	80007c64	031b2733	mulhsu	x14,x22,x17	 x22:0x00000000 x17:0x83840fe4 x14=0x00000000
     366595.000 ns	     36658	80007c68	003b9613	slli	x12,x23,0x3	 x23:0x00000000 x12=0x00000000
     366955.000 ns	     36694	80007c6c	039077b3	remu	x15,x0,x25	  x0:0x00000000 x25:0x00000001 x15=0x00000000
     367325.000 ns	     36731	80007c70	02507833	remu	x16,x0,x5	  x0:0x00000000  x5:0x67c34ae0 x16=0x00000000
     367355.000 ns	     36734	80007c74	d01776d3	fcvt.s.wu	f13,x14	 x14:0x00000000 f13=0x00000000
     367385.000 ns	     36737	80007c78	210101d3	fsgnj.s	f3,f2,f16	  f2:0x7f800000 f16:0x30900000  f3=0x7f800000
     367415.000 ns	     36740	80007c7c	21498dd3	fsgnj.s	f27,f19,f20	 f19:0x00000000 f20:0x7fc00000 f27=0x00000000
     367445.000 ns	     36743	80007c80	c019fc53	fcvt.wu.s	x24,f19	 f19:0x00000000 x24=0x00000000
     367475.000 ns	     36746	80007c84	a0de9f53	flt.s	x30,f29,f13	 f29:0x7fc00000 f13:0x00000000 x30=0x00000000
     367525.000 ns	     36751	80007c88	088778d3	fsub.s	f17,f14,f8	 f14:0x7fc00000  f8:0x80000000 f17=0x7fc00000
     367545.000 ns	     36753	80007c8c	0f1f0913	addi	x18,x30,241	 x30:0x00000000 x18=0x000000f1
     367565.000 ns	     36755	80007c90	a0b6aa53	feq.s	x20,f13,f11	 f13:0x00000000 f11:0x7fc00000 x20=0x00000000
     367615.000 ns	     36760	80007c94	09c9f1d3	fsub.s	f3,f19,f28	 f19:0x00000000 f28:0xb0900000  f3=0x30900000
     367645.000 ns	     36763	80007c98	28240dd3	fmin.s	f27,f8,f2	  f8:0x80000000  f2:0x7f800000 f27=0x80000000
     367665.000 ns	     36765	80007c9c	013213b3	sll	x7,x4,x19	  x4:0xc0000000 x19:0xffffffff  x7=0x00000000
     367685.000 ns	     36767	80007ca0	a1cd2653	feq.s	x12,f26,f28	 f26:0x7fc00000 f28:0xb0900000 x12=0x00000000
     367705.000 ns	     36769	80007ca4	18a3e113	ori	x2,x7,394	  x7:0x67c34ae0  x2=0x0000018a
     367725.000 ns	     36771	80007ca8	e0060d53	fmv.x.w	x26,f12	 f12:0x7fc00000 x26=0x7fc00000
     367765.000 ns	     36775	80007cac	18b7b3d3	fdiv.s	f7,f15,f11	 f15:0x00000000 f11:0x7fc00000  f7=0x7fc00000
     367785.000 ns	     36777	80007cb0	006a9933	sll	x18,x21,x6	 x21:0x00000040  x6:0xc0000001 x18=0x00000080
     367805.000 ns	     36779	80007cb4	215825d3	fsgnjx.s	f11,f16,f21	 f16:0x30900000 f21:0x30900000 f11=0x30900000
     367835.000 ns	     36782	80007cb8	c0027cd3	fcvt.w.s	x25,f4	  f4:0xcf7fffff x25=0x80000000
     367865.000 ns	     36785	80007cbc	0284a933	mulhsu	x18,x9,x8	  x9:0x00000000  x8:0x80040fe4 x18=0x00000000
     367885.000 ns	     36787	80007cc0	01bfb133	sltu	x2,x31,x27	 x31:0x00000000 x27:0x00000000  x2=0x00000000
     367915.000 ns	     36790	80007cc4	117e7ed3	fmul.s	f29,f28,f23	 f28:0xb0900000 f23:0x7fc00000 f29=0x7fc00000
     367935.000 ns	     36792	80007cc8	5a226913	ori	x18,x4,1442	  x4:0xc0000000 x18=0xc00005a2
     367945.000 ns	     36793	80007ccc	41118cb3	sub	x25,x3,x17	  x3:0x81240fe4 x17:0x83840fe4 x25=0xfda00000
     367965.000 ns	     36795	80007cd0	a0a484d3	fle.s	x9,f9,f10	  f9:0x7fc00000 f10:0x7fc00000  x9=0x00000000
     367995.000 ns	     36798	80007cd4	03ee4ab3	div	x21,x28,x30	 x28:0x80040fe4 x30:0x00000000 x21=0xffffffff
     368015.000 ns	     36800	80007cd8	003cd7b3	srl	x15,x25,x3	 x25:0xfda00000  x3:0x81240fe4 x15=0x0fda0000
     368025.000 ns	     36801	80007cdc	4126d613	srai	x12,x13,0x12	 x13:0x80041024 x12=0xffffe001
     368035.000 ns	     36802	80007ce0	f725f593	andi	x11,x11,-142	 x11:0x00000000 x11=0x00000000
     368055.000 ns	     36804	80007ce4	03b68933	mul	x18,x13,x27	 x13:0x80041024 x27:0x00000000 x18=0x00000000
     368085.000 ns	     36807	80007ce8	29090fd3	fmin.s	f31,f18,f16	 f18:0x5f7ffffe f16:0x30900000 f31=0x30900000
     368105.000 ns	     36809	80007cec	00648d33	add	x26,x9,x6	  x9:0x00000000  x6:0xc0000001 x26=0xc0000001
     368135.000 ns	     36812	80007cf0	10d871d3	fmul.s	f3,f16,f13	 f16:0x30900000 f13:0x00000000  f3=0x00000000
     368165.000 ns	     36815	80007cf4	c00bf8d3	fcvt.w.s	x17,f23	 f23:0x7fc00000 x17=0x7fffffff
     368195.000 ns	     36818	80007cf8	21ac0153	fsgnj.s	f2,f24,f26	 f24:0x4f000000 f26:0x7fc00000  f2=0x4f000000
     368225.000 ns	     36821	80007cfc	e00811d3	fclass.s	x3,f16	 f16:0x30900000  x3=0x00000040
     368245.000 ns	     36823	80007d00	00257333	and	x6,x10,x2	 x10:0x00000000  x2:0x00000000  x6=0x00000000
     368265.000 ns	     36825	80007d04	a1b495d3	flt.s	x11,f9,f27	  f9:0x7fc00000 f27:0x80000000 x11=0x00000000
     368285.000 ns	     36827	80007d08	41de88b3	sub	x17,x29,x29	 x29:0x00000001 x29:0x00000001 x17=0x00000000
     368325.000 ns	     36831	80007d0c	01d672d3	fadd.s	f5,f12,f29	 f12:0x7fc00000 f29:0x7fc00000  f5=0x7fc00000
     368345.000 ns	     36833	80007d10	01524733	xor	x14,x4,x21	  x4:0xc0000000 x21:0xffffffff x14=0x3fffffff
     368365.000 ns	     36835	80007d14	2036afd3	fsgnjx.s	f31,f13,f3	 f13:0x00000000  f3:0x00000000 f31=0x00000000
     368395.000 ns	     36838	80007d18	f0020553	fmv.w.x	f10,x4	  x4:0xc0000000 f10=0xc0000000
     368425.000 ns	     36841	80007d1c	d0137153	fcvt.s.wu	f2,x6	  x6:0x00000000  f2=0x00000000
     368455.000 ns	     36844	80007d20	020baf33	mulhsu	x30,x23,x0	 x23:0x00000000  x0:0x00000000 x30=0x00000000
     368475.000 ns	     36846	80007d24	ab56f193	andi	x3,x13,-1355	 x13:0x80041024  x3=0x80041024
     368495.000 ns	     36848	80007d28	c00b0b53	fcvt.w.s	x22,f22	 f22:0xcf7fffff x22=0x80000000
     368515.000 ns	     36850	80007d2c	00c5d2b3	srl	x5,x11,x12	 x11:0x00000000 x12:0xffffe001  x5=0x00000000
     368535.000 ns	     36852	80007d30	d00793d3	fcvt.s.w	f7,x15	 x15:0x0fda0000  f7=0x4d7da000
     368555.000 ns	     36854	80007d34	b0cf4d13	xori	x26,x30,-1268	 x30:0x00000000 x26=0xfffffb0c
     368915.000 ns	     36890	80007d38	02c87fb3	remu	x31,x16,x12	 x16:0x00000000 x12:0xffffe001 x31=0x00000000
     368955.000 ns	     36894	80007d3c	11c644d3	fmul.s	f9,f12,f28	 f12:0x7fc00000 f28:0xb0900000  f9=0x7fc00000
     368975.000 ns	     36896	80007d40	0003d033	srl	x0,x7,x0	  x7:0x00000000  x0:0x00000000
     368985.000 ns	     36897	80007d44	00805113	srli	x2,x0,0x8	  x0:0x00000000  x2=0x00000000
     369005.000 ns	     36899	80007d48	a1180b53	fle.s	x22,f16,f17	 f16:0x30900000 f17:0x7fc00000 x22=0x00000000
     369025.000 ns	     36901	80007d4c	013b61b3	or	x3,x22,x19	 x22:0x80000000 x19:0xffffffff  x3=0xffffffff
     369035.000 ns	     36902	80007d50	0169a333	slt	x6,x19,x22	 x19:0xffffffff x22:0x00000000  x6=0x00000001
     369045.000 ns	     36903	80007d54	a90b7513	andi	x10,x22,-1392	 x22:0x00000000 x10=0x00000000
     369055.000 ns	     36904	80007d58	f162b5b7	lui	x11,0xf162b	 x11=0xf162b000
     369065.000 ns	     36905	80007d5c	385e0593	addi	x11,x28,901	 x28:0x80040fe4 x11=0x80041369
     369085.000 ns	     36907	80007d60	f0058ed3	fmv.w.x	f29,x11	 x11:0x00000000 f29=0x80041369
     369105.000 ns	     36909	80007d64	cb456013	ori	x0,x10,-844	 x10:0x00000000
     369115.000 ns	     36910	80007d68	00654db3	xor	x27,x10,x6	 x10:0x00000000  x6:0x00000001 x27=0x00000001
     369125.000 ns	     36911	80007d6c	415cdd93	srai	x27,x25,0x15	 x25:0xfda00000 x27=0xffffffed
     369135.000 ns	     36912	80007d70	008c95b3	sll	x11,x25,x8	 x25:0xfda00000  x8:0x80040fe4 x11=0xda000000
     369495.000 ns	     36948	80007d74	02ea6633	rem	x12,x20,x14	 x20:0x00000000 x14:0x3fffffff x12=0x00000000
     369525.000 ns	     36951	80007d78	025ddc33	divu	x24,x27,x5	 x27:0xffffffed  x5:0x00000000 x24=0xffffffff
     369545.000 ns	     36953	80007d7c	00000013	addi	x0,x0,0	  x0:0x00000000
     369565.000 ns	     36955	80007d80	d00af353	fcvt.s.w	f6,x21	 x21:0xffffffff  f6=0xbf800000
     369585.000 ns	     36957	80007d84	45212813	slti	x16,x2,1106	  x2:0x00000000 x16=0x00000001
     369595.000 ns	     36958	80007d88	c2cbbd13	sltiu	x26,x23,-980	 x23:0x00000000 x26=0x00000001
     369605.000 ns	     36959	80007d8c	407405b3	sub	x11,x8,x7	  x8:0x80040fe4  x7:0x00000000 x11=0x80040fe4
     369625.000 ns	     36961	80007d90	29301453	fmax.s	f8,f0,f19	  f0:0x30900000 f19:0x00000000  f8=0x30900000
     369645.000 ns	     36963	80007d94	09ca3e93	sltiu	x29,x20,156	 x20:0x00000000 x29=0x00000001
     369665.000 ns	     36965	80007d98	a0e12b53	feq.s	x22,f2,f14	  f2:0x00000000 f14:0x7fc00000 x22=0x00000000
     369685.000 ns	     36967	80007d9c	00d21db3	sll	x27,x4,x13	  x4:0xc0000000 x13:0x80041024 x27=0x00000000
     369695.000 ns	     36968	80007da0	4034de93	srai	x29,x9,0x3	  x9:0x00000000 x29=0x00000000
     370055.000 ns	     37004	80007da4	02d3c3b3	div	x7,x7,x13	  x7:0x00000000 x13:0x80041024  x7=0x00000000
     370075.000 ns	     37006	80007da8	006917b3	sll	x15,x18,x6	 x18:0x00000000  x6:0x00000001 x15=0x00000000
     370105.000 ns	     37009	80007dac	5802a253	fsqrt.s	f4,f5	  f5:0x7fc00000  f4=0x7fc00000
     370125.000 ns	     37011	80007db0	011e08b3	add	x17,x28,x17	 x28:0x80040fe4 x17:0x00000000 x17=0x80040fe4
     370145.000 ns	     37013	80007db4	a1e1a653	feq.s	x12,f3,f30	  f3:0x00000000 f30:0x67c34ae0 x12=0x00000000
     370175.000 ns	     37016	80007db8	039e2333	mulhsu	x6,x28,x25	 x28:0x80040fe4 x25:0xfda00000  x6=0x8134063e
     370205.000 ns	     37019	80007dbc	e00a9953	fclass.s	x18,f21	 f21:0x30900000 x18=0x00000040
     370235.000 ns	     37022	80007dc0	02756133	rem	x2,x10,x7	 x10:0x00000000  x7:0x00000000  x2=0x00000000
     370255.000 ns	     37024	80007dc4	0e147893	andi	x17,x8,225	  x8:0x80040fe4 x17=0x000000e0
     370265.000 ns	     37025	80007dc8	016affb3	and	x31,x21,x22	 x21:0xffffffff x22:0x00000000 x31=0x00000000
     370295.000 ns	     37028	80007dcc	5806bbd3	fsqrt.s	f23,f13	 f13:0x00000000 f23=0x00000000
     370325.000 ns	     37031	80007dd0	c01d0053	fcvt.wu.s	x0,f26	 f26:0x7fc00000
     370355.000 ns	     37034	80007dd4	284295d3	fmax.s	f11,f5,f4	  f5:0x7fc00000  f4:0x7fc00000 f11=0x7fc00000
     370395.000 ns	     37038	80007dd8	11dc34d3	fmul.s	f9,f24,f29	 f24:0x4f000000 f29:0x80041369  f9=0x8d826d20
     370425.000 ns	     37041	80007ddc	d018f753	fcvt.s.wu	f14,x17	 x17:0x000000e0 f14=0x43600000
     370465.000 ns	     37045	80007de0	10f7ab53	fmul.s	f22,f15,f15	 f15:0x00000000 f15:0x00000000 f22=0x00000000
     370495.000 ns	     37048	80007de4	032d3db3	mulhu	x27,x26,x18	 x26:0x00000001 x18:0x00000040 x27=0x00000000
     370515.000 ns	     37050	80007de8	016967b3	or	x15,x18,x22	 x18:0x00000040 x22:0x00000000 x15=0x00000040
     370875.000 ns	     37086	80007dec	039f48b3	div	x17,x30,x25	 x30:0x00000000 x25:0xfda00000 x17=0x00000000
     370895.000 ns	     37088	80007df0	840c8d93	addi	x27,x25,-1984	 x25:0xfda00000 x27=0xfd9ff840
     371255.000 ns	     37124	80007df4	02fd4ab3	div	x21,x26,x15	 x26:0x00000001 x15:0x00000040 x21=0x00000000
     371275.000 ns	     37126	80007df8	9678ad93	slti	x27,x17,-1689	 x17:0x00000000 x27=0x00000000
     371285.000 ns	     37127	80007dfc	01d25313	srli	x6,x4,0x1d	  x4:0xc0000000  x6=0x00000006
     371305.000 ns	     37129	80007e00	21e593d3	fsgnjn.s	f7,f11,f30	 f11:0x7fc00000 f30:0x67c34ae0  f7=0xffc00000
     371335.000 ns	     37132	80007e04	02539d33	mulh	x26,x7,x5	  x7:0x00000000  x5:0x00000000 x26=0x00000000
     371365.000 ns	     37135	80007e08	289e0353	fmin.s	f6,f28,f9	 f28:0xb0900000  f9:0x8d826d20  f6=0xb0900000
     371385.000 ns	     37137	80007e0c	01475113	srli	x2,x14,0x14	 x14:0x3fffffff  x2=0x000003ff
     371395.000 ns	     37138	80007e10	01d61eb3	sll	x29,x12,x29	 x12:0x00000000 x29:0x00000000 x29=0x00000000
     371415.000 ns	     37140	80007e14	02b80133	mul	x2,x16,x11	 x16:0x00000001 x11:0x80040fe4  x2=0x80040fe4
     371445.000 ns	     37143	80007e18	e00d1fd3	fclass.s	x31,f26	 f26:0x7fc00000 x31=0x00000200
     371465.000 ns	     37145	80007e1c	0031ae33	slt	x28,x3,x3	  x3:0xffffffff  x3:0xffffffff x28=0x00000000
     371485.000 ns	     37147	80007e20	20c125d3	fsgnjx.s	f11,f2,f12	  f2:0x00000000 f12:0x7fc00000 f11=0x00000000
     371525.000 ns	     37151	80007e24	5804f253	fsqrt.s	f4,f9	  f9:0x8d826d20  f4=0x7fc00000
     371545.000 ns	     37153	80007e28	bd4eee13	ori	x28,x29,-1068	 x29:0x00000000 x28=0xfffffbd4
     371565.000 ns	     37155	80007e2c	299c99d3	fmax.s	f19,f25,f25	 f25:0x6f7ffffe f25:0x6f7ffffe f19=0x6f7ffffe
     371585.000 ns	     37157	80007e30	c8c32297	auipc	x5,0xc8c32	  x5=0x48c39e30
     371605.000 ns	     37159	80007e34	a05fa4d3	feq.s	x9,f31,f5	 f31:0x00000000  f5:0x7fc00000  x9=0x00000000
     371625.000 ns	     37161	80007e38	41cddd93	srai	x27,x27,0x1c	 x27:0x00000000 x27=0x00000000
     371665.000 ns	     37165	80007e3c	015cfa53	fadd.s	f20,f25,f21	 f25:0x6f7ffffe f21:0x30900000 f20=0x6f7ffffe
     371685.000 ns	     37167	80007e40	a1472c13	slti	x24,x14,-1516	 x14:0x3fffffff x24=0x00000000
     371705.000 ns	     37169	80007e44	c005ac53	fcvt.w.s	x24,f11	 f11:0x00000000 x24=0x00000000
     371735.000 ns	     37172	80007e48	f0080b53	fmv.w.x	f22,x16	 x16:0x00000001 f22=0x00000001
     371765.000 ns	     37175	80007e4c	f00f80d3	fmv.w.x	f1,x31	 x31:0x00000200  f1=0x00000200
     371795.000 ns	     37178	80007e50	29918153	fmin.s	f2,f3,f25	  f3:0x00000000 f25:0x6f7ffffe  f2=0x00000000
     371815.000 ns	     37180	80007e54	00e3c333	xor	x6,x7,x14	  x7:0x00000000 x14:0x3fffffff  x6=0x3fffffff
     372175.000 ns	     37216	80007e58	02437033	remu	x0,x6,x4	  x6:0x00000006  x4:0xc0000000
     372195.000 ns	     37218	80007e5c	1d21b213	sltiu	x4,x3,466	  x3:0xffffffff  x4=0x00000000
     373365.000 ns	     37335	80007e60	580cf4d3	fsqrt.s	f9,f25	 f25:0x6f7ffffe  f9=0x57350461
     373395.000 ns	     37338	80007e64	a06318d3	flt.s	x17,f6,f6	  f6:0xb0900000  f6:0xb0900000 x17=0x00000000
     373435.000 ns	     37342	80007e68	113a7153	fmul.s	f2,f20,f19	 f20:0x6f7ffffe f19:0x6f7ffffe  f2=0x7f800000
     373465.000 ns	     37345	80007e6c	0215be33	mulhu	x28,x11,x1	 x11:0x80040fe4  x1:0x00000009 x28=0x00000004
     373485.000 ns	     37347	80007e70	00c6d633	srl	x12,x13,x12	 x13:0x80041024 x12:0x00000000 x12=0x80041024
     373525.000 ns	     37351	80007e74	00f17bd3	fadd.s	f23,f2,f15	  f2:0x7f800000 f15:0x00000000 f23=0x7f800000
     373565.000 ns	     37355	80007e78	58037dd3	fsqrt.s	f27,f6	  f6:0xb0900000 f27=0x7fc00000
     373585.000 ns	     37357	80007e7c	01fd2eb3	slt	x29,x26,x31	 x26:0x00000000 x31:0x00000200 x29=0x00000001
     373605.000 ns	     37359	80007e80	a1ea9b53	flt.s	x22,f21,f30	 f21:0x30900000 f30:0x67c34ae0 x22=0x00000001
     373945.000 ns	     37393	80007e84	189ec1d3	fdiv.s	f3,f29,f9	 f29:0x80041369  f9:0x57350461  f3=0x80000000
     373975.000 ns	     37396	80007e88	20a60dd3	fsgnj.s	f27,f12,f10	 f12:0x7fc00000 f10:0xc0000000 f27=0xffc00000
     374005.000 ns	     37399	80007e8c	a09c0953	fle.s	x18,f24,f9	 f24:0x4f000000  f9:0x57350461 x18=0x00000001
     374045.000 ns	     37403	80007e90	1945f353	fdiv.s	f6,f11,f20	 f11:0x00000000 f20:0x6f7ffffe  f6=0x00000000
     374065.000 ns	     37405	80007e94	00900bb3	add	x23,x0,x9	  x0:0x00000000  x9:0x00000000 x23=0x00000000
     374075.000 ns	     37406	80007e98	c67bfc93	andi	x25,x23,-921	 x23:0x00000000 x25=0x00000000
     374115.000 ns	     37410	80007e9c	0014f8d3	fadd.s	f17,f9,f1	  f9:0x57350461  f1:0x00000200 f17=0x57350461
     374145.000 ns	     37413	80007ea0	c0004753	fcvt.w.s	x14,f0	  f0:0x30900000 x14=0x00000000
     374165.000 ns	     37415	80007ea4	0027de33	srl	x28,x15,x2	 x15:0x00000040  x2:0x80040fe4 x28=0x00000004
     374175.000 ns	     37416	80007ea8	402209b3	sub	x19,x4,x2	  x4:0x00000000  x2:0x80040fe4 x19=0x7ffbf01c
     374195.000 ns	     37418	80007eac	280e08d3	fmin.s	f17,f28,f0	 f28:0xb0900000  f0:0x30900000 f17=0xb0900000
     374245.000 ns	     37423	80007eb0	084a7a53	fsub.s	f20,f20,f4	 f20:0x6f7ffffe  f4:0x7fc00000 f20=0x7fc00000
     374295.000 ns	     37428	80007eb4	09bc8ad3	fsub.s	f21,f25,f27	 f25:0x6f7ffffe f27:0xffc00000 f21=0x7fc00000
     374315.000 ns	     37430	80007eb8	7d43fb17	auipc	x22,0x7d43f	 x22=0xfd446eb8
     374325.000 ns	     37431	80007ebc	01378e33	add	x28,x15,x19	 x15:0x00000040 x19:0x7ffbf01c x28=0x7ffbf05c
     374345.000 ns	     37433	80007ec0	2014ad53	fsgnjx.s	f26,f9,f1	  f9:0x57350461  f1:0x00000200 f26=0x57350461
     374375.000 ns	     37436	80007ec4	0206a9b3	mulhsu	x19,x13,x0	 x13:0x80041024  x0:0x00000000 x19=0x00000000
     374405.000 ns	     37439	80007ec8	02a1ab33	mulhsu	x22,x3,x10	  x3:0xffffffff x10:0x00000000 x22=0x00000000
     374435.000 ns	     37442	80007ecc	e00e04d3	fmv.x.w	x9,f28	 f28:0xb0900000  x9=0xb0900000
     374455.000 ns	     37444	80007ed0	20f6f893	andi	x17,x13,527	 x13:0x80041024 x17=0x00000004
     374465.000 ns	     37445	80007ed4	41dc55b3	sra	x11,x24,x29	 x24:0x00000000 x29:0x00000001 x11=0x00000000
     374485.000 ns	     37447	80007ed8	e00809d3	fmv.x.w	x19,f16	 f16:0x30900000 x19=0x30900000
     374505.000 ns	     37449	80007edc	8c341a97	auipc	x21,0x8c341	 x21=0x0c348edc
     374515.000 ns	     37450	80007ee0	00331993	slli	x19,x6,0x3	  x6:0x3fffffff x19=0xfffffff8
     374525.000 ns	     37451	80007ee4	00f9ee33	or	x28,x19,x15	 x19:0x30900000 x15:0x00000040 x28=0xfffffff8
     374545.000 ns	     37453	80007ee8	e00c0853	fmv.x.w	x16,f24	 f24:0x4f000000 x16=0x4f000000
     374575.000 ns	     37456	80007eec	a1fca553	feq.s	x10,f25,f31	 f25:0x6f7ffffe f31:0x00000000 x10=0x00000000
     374595.000 ns	     37458	80007ef0	b4bda893	slti	x17,x27,-1205	 x27:0x00000000 x17=0x00000000
     374615.000 ns	     37460	80007ef4	038da233	mulhsu	x4,x27,x24	 x27:0x00000000 x24:0x00000000  x4=0x00000000
     374635.000 ns	     37462	80007ef8	500f7293	andi	x5,x30,1280	 x30:0x00000000  x5=0x00000000
     374655.000 ns	     37464	80007efc	03302fb3	mulhsu	x31,x0,x19	  x0:0x00000000 x19:0xfffffff8 x31=0x00000000
     374685.000 ns	     37467	80007f00	a1442053	feq.s	x0,f8,f20	  f8:0x30900000 f20:0x7fc00000
     374725.000 ns	     37471	80007f04	193ffe53	fdiv.s	f28,f31,f19	 f31:0x00000000 f19:0x6f7ffffe f28=0x00000000
     374745.000 ns	     37473	80007f08	01f5b533	sltu	x10,x11,x31	 x11:0x00000000 x31:0x00000000 x10=0x00000000
     374755.000 ns	     37474	80007f0c	4034da33	sra	x20,x9,x3	  x9:0xb0900000  x3:0xffffffff x20=0xffffffff
     374775.000 ns	     37476	80007f10	02b93733	mulhu	x14,x18,x11	 x18:0x00000001 x11:0x00000000 x14=0x00000000
     374805.000 ns	     37479	80007f14	a1351753	flt.s	x14,f10,f19	 f10:0xc0000000 f19:0x6f7ffffe x14=0x00000001
     374825.000 ns	     37481	80007f18	00000013	addi	x0,x0,0	  x0:0x00000000
     374835.000 ns	     37482	80007f1c	012f5f33	srl	x30,x30,x18	 x30:0x00000000 x18:0x00000001 x30=0x00000000
     374845.000 ns	     37483	80007f20	003c92b3	sll	x5,x25,x3	 x25:0x00000000  x3:0xffffffff  x5=0x00000000
     376015.000 ns	     37600	80007f24	580d2fd3	fsqrt.s	f31,f26	 f26:0x57350461 f31=0x4afffef4
     376045.000 ns	     37603	80007f28	a0081f53	flt.s	x30,f16,f0	 f16:0x30900000  f0:0x30900000 x30=0x00000000
     377225.000 ns	     37721	80007f2c	5804f453	fsqrt.s	f8,f9	  f9:0x57350461  f8=0x4afffef4
     377245.000 ns	     37723	80007f30	40805533	sra	x10,x0,x8	  x0:0x00000000  x8:0x80040fe4 x10=0x00000000
     377255.000 ns	     37724	80007f34	401c5533	sra	x10,x24,x1	 x24:0x00000000  x1:0x00000009 x10=0x00000000
     377265.000 ns	     37725	80007f38	d3d0e4b7	lui	x9,0xd3d0e	  x9=0xd3d0e000
     377275.000 ns	     37726	80007f3c	010a29b3	slt	x19,x20,x16	 x20:0xffffffff x16:0x4f000000 x19=0x00000001
     377285.000 ns	     37727	80007f40	00000013	addi	x0,x0,0	  x0:0x00000000
     377295.000 ns	     37728	80007f44	01ec45b3	xor	x11,x24,x30	 x24:0x00000000 x30:0x00000000 x11=0x00000000
     377305.000 ns	     37729	80007f48	aaf1fe37	lui	x28,0xaaf1f	 x28=0xaaf1f000
     377315.000 ns	     37730	80007f4c	c88985b7	lui	x11,0xc8898	 x11=0xc8898000
     377335.000 ns	     37732	80007f50	c0107e53	fcvt.wu.s	x28,f0	  f0:0x30900000 x28=0x00000000
     377355.000 ns	     37734	80007f54	019cd2b3	srl	x5,x25,x25	 x25:0x00000000 x25:0x00000000  x5=0x00000000
     377365.000 ns	     37735	80007f58	01d3f5b3	and	x11,x7,x29	  x7:0x00000000 x29:0x00000001 x11=0x00000000
     377375.000 ns	     37736	80007f5c	417e5313	srai	x6,x28,0x17	 x28:0x00000000  x6=0x00000000
     377385.000 ns	     37737	80007f60	00000013	addi	x0,x0,0	  x0:0x00000000
     377395.000 ns	     37738	80007f64	00203a33	sltu	x20,x0,x2	  x0:0x00000000  x2:0x80040fe4 x20=0x00000001
     377415.000 ns	     37740	80007f68	a0921153	flt.s	x2,f4,f9	  f4:0x7fc00000  f9:0x57350461  x2=0x00000000
     377445.000 ns	     37743	80007f6c	036d7cb3	remu	x25,x26,x22	 x26:0x00000000 x22:0x00000000 x25=0x00000000
     377465.000 ns	     37745	80007f70	40a7de93	srai	x29,x15,0xa	 x15:0x00000040 x29=0x00000000
     377475.000 ns	     37746	80007f74	00a61fb3	sll	x31,x12,x10	 x12:0x80041024 x10:0x00000000 x31=0x80041024
     377485.000 ns	     37747	80007f78	9ddbc7b7	lui	x15,0x9ddbc	 x15=0x9ddbc000
     377505.000 ns	     37749	80007f7c	20e5af53	fsgnjx.s	f30,f11,f14	 f11:0x00000000 f14:0x43600000 f30=0x00000000
     377525.000 ns	     37751	80007f80	01d05d13	srli	x26,x0,0x1d	  x0:0x00000000 x26=0x00000000
     377545.000 ns	     37753	80007f84	020095b3	mulh	x11,x1,x0	  x1:0x00000009  x0:0x00000000 x11=0x00000000
     377575.000 ns	     37756	80007f88	03c5d5b3	divu	x11,x11,x28	 x11:0x00000000 x28:0x00000000 x11=0xffffffff
     377605.000 ns	     37759	80007f8c	03ba71b3	remu	x3,x20,x27	 x20:0x00000001 x27:0x00000000  x3=0x00000001
     377635.000 ns	     37762	80007f90	e00a18d3	fclass.s	x17,f20	 f20:0x7fc00000 x17=0x00000200
     377665.000 ns	     37765	80007f94	c010f153	fcvt.wu.s	x2,f1	  f1:0x00000200  x2=0x00000000
     377685.000 ns	     37767	80007f98	00dd57b3	srl	x15,x26,x13	 x26:0x00000000 x13:0x80041024 x15=0x00000000
     377705.000 ns	     37769	80007f9c	a15d1ad3	flt.s	x21,f26,f21	 f26:0x57350461 f21:0x7fc00000 x21=0x00000000
     377735.000 ns	     37772	80007fa0	c0038fd3	fcvt.w.s	x31,f7	  f7:0xffc00000 x31=0x7fffffff
     377765.000 ns	     37775	80007fa4	20359ed3	fsgnjn.s	f29,f11,f3	 f11:0x00000000  f3:0x80000000 f29=0x00000000
     377785.000 ns	     37777	80007fa8	56a77637	lui	x12,0x56a77	 x12=0x56a77000
     377805.000 ns	     37779	80007fac	28d000d3	fmin.s	f1,f0,f13	  f0:0x30900000 f13:0x00000000  f1=0x00000000
     377825.000 ns	     37781	80007fb0	00134033	xor	x0,x6,x1	  x6:0x00000000  x1:0x00000009
     377835.000 ns	     37782	80007fb4	0167a633	slt	x12,x15,x22	 x15:0x00000000 x22:0x00000000 x12=0x00000000
     377845.000 ns	     37783	80007fb8	01515bb3	srl	x23,x2,x21	  x2:0x00000000 x21:0x00000000 x23=0x00000000
     377875.000 ns	     37786	80007fbc	18214753	fdiv.s	f14,f2,f2	  f2:0x7f800000  f2:0x7f800000 f14=0x7fc00000
     377895.000 ns	     37788	80007fc0	012147b3	xor	x15,x2,x18	  x2:0x00000000 x18:0x00000001 x15=0x00000001
     377915.000 ns	     37790	80007fc4	031abbb3	mulhu	x23,x21,x17	 x21:0x00000000 x17:0x00000200 x23=0x00000000
     377945.000 ns	     37793	80007fc8	034e0a33	mul	x20,x28,x20	 x28:0x00000000 x20:0x00000001 x20=0x00000000
     377975.000 ns	     37796	80007fcc	202baed3	fsgnjx.s	f29,f23,f2	 f23:0x7f800000  f2:0x7f800000 f29=0x7f800000
     378005.000 ns	     37799	80007fd0	d0107a53	fcvt.s.wu	f20,x0	  x0:0x00000000 f20=0x00000000
     378035.000 ns	     37802	80007fd4	d01b39d3	fcvt.s.wu	f19,x22	 x22:0x00000000 f19=0x00000000
     378055.000 ns	     37804	80007fd8	753834b7	lui	x9,0x75383	  x9=0x75383000
     378075.000 ns	     37806	80007fdc	214faad3	fsgnjx.s	f21,f31,f20	 f31:0x4afffef4 f20:0x00000000 f21=0x4afffef4
     378095.000 ns	     37808	80007fe0	014bb5b3	sltu	x11,x23,x20	 x23:0x00000000 x20:0x00000000 x11=0x00000000
     378105.000 ns	     37809	80007fe4	0151c033	xor	x0,x3,x21	  x3:0x00000001 x21:0x00000000
     378115.000 ns	     37810	80007fe8	0026f933	and	x18,x13,x2	 x13:0x80041024  x2:0x00000000 x18=0x00000000
     378125.000 ns	     37811	80007fec	00fcdf13	srli	x30,x25,0xf	 x25:0x00000000 x30=0x00000000
     378145.000 ns	     37813	80007ff0	20861953	fsgnjn.s	f18,f12,f8	 f12:0x7fc00000  f8:0x4afffef4 f18=0xffc00000
     378175.000 ns	     37816	80007ff4	f00c0453	fmv.w.x	f8,x24	 x24:0x00000000  f8=0x00000000
     378205.000 ns	     37819	80007ff8	a0fc82d3	fle.s	x5,f25,f15	 f25:0x6f7ffffe f15:0x00000000  x5=0x00000000
     378235.000 ns	     37822	80007ffc	21809353	fsgnjn.s	f6,f1,f24	  f1:0x00000000 f24:0x4f000000  f6=0x80000000
     378265.000 ns	     37825	80008000	a1cd08d3	fle.s	x17,f26,f28	 f26:0x57350461 f28:0x00000000 x17=0x00000000
     378295.000 ns	     37828	80008004	02efb633	mulhu	x12,x31,x14	 x31:0x7fffffff x14:0x00000001 x12=0x00000000
     378325.000 ns	     37831	80008008	29991053	fmax.s	f0,f18,f25	 f18:0xffc00000 f25:0x6f7ffffe  f0=0x6f7ffffe
     378345.000 ns	     37833	8000800c	0102fab3	and	x21,x5,x16	  x5:0x00000000 x16:0x4f000000 x21=0x00000000
     378355.000 ns	     37834	80008010	41495a33	sra	x20,x18,x20	 x18:0x00000000 x20:0x00000000 x20=0x00000000
     378365.000 ns	     37835	80008014	008d02b3	add	x5,x26,x8	 x26:0x00000000  x8:0x80040fe4  x5=0x80040fe4
     378385.000 ns	     37837	80008018	d0017bd3	fcvt.s.w	f23,x2	  x2:0x00000000 f23=0x00000000
     378415.000 ns	     37840	8000801c	d01d0953	fcvt.s.wu	f18,x26	 x26:0x00000000 f18=0x00000000
     378445.000 ns	     37843	80008020	a16f8653	fle.s	x12,f31,f22	 f31:0x4afffef4 f22:0x00000001 x12=0x00000000
     378465.000 ns	     37845	80008024	f921cc17	auipc	x24,0xf921c	 x24=0x79224024
     378485.000 ns	     37847	80008028	a19b1dd3	flt.s	x27,f22,f25	 f22:0x00000001 f25:0x6f7ffffe x27=0x00000001
     378505.000 ns	     37849	8000802c	7452e593	ori	x11,x5,1861	  x5:0x80040fe4 x11=0x80040fe5
     378545.000 ns	     37853	80008030	01ba87d3	fadd.s	f15,f21,f27	 f21:0x4afffef4 f27:0xffc00000 f15=0x7fc00000
     378565.000 ns	     37855	80008034	001d9633	sll	x12,x27,x1	 x27:0x00000001  x1:0x00000009 x12=0x00000200
     378585.000 ns	     37857	80008038	f00f87d3	fmv.w.x	f15,x31	 x31:0x7fffffff f15=0x7fffffff
     378605.000 ns	     37859	8000803c	01e89293	slli	x5,x17,0x1e	 x17:0x00000000  x5=0x00000000
     378615.000 ns	     37860	80008040	14a54e37	lui	x28,0x14a54	 x28=0x14a54000
     378625.000 ns	     37861	80008044	00b9c7b3	xor	x15,x19,x11	 x19:0x00000001 x11:0x80040fe5 x15=0x80040fe4
     378645.000 ns	     37863	80008048	204c07d3	fsgnj.s	f15,f24,f4	 f24:0x4f000000  f4:0x7fc00000 f15=0x4f000000
     378675.000 ns	     37866	8000804c	c0037053	fcvt.w.s	x0,f6	  f6:0x80000000
     378705.000 ns	     37869	80008050	a1c18953	fle.s	x18,f3,f28	  f3:0x80000000 f28:0x00000000 x18=0x00000001
     378725.000 ns	     37871	80008054	00da9cb3	sll	x25,x21,x13	 x21:0x00000000 x13:0x80041024 x25=0x00000000
     378735.000 ns	     37872	80008058	012959b3	srl	x19,x18,x18	 x18:0x00000001 x18:0x00000001 x19=0x00000000
     378755.000 ns	     37874	8000805c	a14b9053	flt.s	x0,f23,f20	 f23:0x00000000 f20:0x00000000
     378775.000 ns	     37876	80008060	d5953b13	sltiu	x22,x10,-679	 x10:0x00000000 x22=0x00000001
     378795.000 ns	     37878	80008064	02689ab3	mulh	x21,x17,x6	 x17:0x00000000  x6:0x00000000 x21=0x00000000
     378835.000 ns	     37882	80008068	1181c853	fmul.s	f16,f3,f24	  f3:0x80000000 f24:0x4f000000 f16=0x80000000
     378865.000 ns	     37885	8000806c	0276ddb3	divu	x27,x13,x7	 x13:0x80041024  x7:0x00000000 x27=0xffffffff
     378915.000 ns	     37890	80008070	00cfa3d3	fadd.s	f7,f31,f12	 f31:0x4afffef4 f12:0x7fc00000  f7=0x7fc00000
     378945.000 ns	     37893	80008074	02095a33	divu	x20,x18,x0	 x18:0x00000001  x0:0x00000000 x20=0xffffffff
     378965.000 ns	     37895	80008078	1ccc1eb7	lui	x29,0x1ccc1	 x29=0x1ccc1000
     378975.000 ns	     37896	8000807c	011a2833	slt	x16,x20,x17	 x20:0xffffffff x17:0x00000000 x16=0x00000001
     378995.000 ns	     37898	80008080	e00d07d3	fmv.x.w	x15,f26	 f26:0x57350461 x15=0x57350461
     379015.000 ns	     37900	80008084	014347b3	xor	x15,x6,x20	  x6:0x00000000 x20:0xffffffff x15=0xffffffff
     379025.000 ns	     37901	80008088	a42c8213	addi	x4,x25,-1470	 x25:0x00000000  x4=0xfffffa42
     379045.000 ns	     37903	8000808c	c00a0ed3	fcvt.w.s	x29,f20	 f20:0x00000000 x29=0x00000000
     379065.000 ns	     37905	80008090	2079c193	xori	x3,x19,519	 x19:0x00000000  x3=0x00000207
     379075.000 ns	     37906	80008094	02886a93	ori	x21,x16,40	 x16:0x00000001 x21=0x00000029
     379085.000 ns	     37907	80008098	40cf0c33	sub	x24,x30,x12	 x30:0x00000000 x12:0x00000200 x24=0xfffffe00
     379095.000 ns	     37908	8000809c	bcc72037	lui	x0,0xbcc72	
     379105.000 ns	     37909	800080a0	00cac7b3	xor	x15,x21,x12	 x21:0x00000029 x12:0x00000200 x15=0x00000229
     379145.000 ns	     37913	800080a4	09157f53	fsub.s	f30,f10,f17	 f10:0xc0000000 f17:0xb0900000 f30=0xbffffffe
     379165.000 ns	     37915	800080a8	014d5eb3	srl	x29,x26,x20	 x26:0x00000000 x20:0xffffffff x29=0x00000000
     379175.000 ns	     37916	800080ac	0139c8b3	xor	x17,x19,x19	 x19:0x00000000 x19:0x00000000 x17=0x00000000
     379195.000 ns	     37918	800080b0	c0017ed3	fcvt.w.s	x29,f2	  f2:0x7f800000 x29=0x7fffffff
     379215.000 ns	     37920	800080b4	00529f13	slli	x30,x5,0x5	  x5:0x00000000 x30=0x00000000
     379235.000 ns	     37922	800080b8	e0061053	fclass.s	x0,f12	 f12:0x7fc00000
     379265.000 ns	     37925	800080bc	e0040cd3	fmv.x.w	x25,f8	  f8:0x00000000 x25=0x00000000
     379295.000 ns	     37928	800080c0	021d82b3	mul	x5,x27,x1	 x27:0xffffffff  x1:0x00000009  x5=0xfffffff7
     379315.000 ns	     37930	800080c4	00b25b13	srli	x22,x4,0xb	  x4:0xfffffa42 x22=0x001fffff
     379355.000 ns	     37934	800080c8	098084d3	fsub.s	f9,f1,f24	  f1:0x00000000 f24:0x4f000000  f9=0xcf000000
     379385.000 ns	     37937	800080cc	02d18b33	mul	x22,x3,x13	  x3:0x00000207 x13:0x80041024 x22=0x883cb8fc
     379405.000 ns	     37939	800080d0	373da113	slti	x2,x27,883	 x27:0xffffffff  x2=0x00000001
     379425.000 ns	     37941	800080d4	2106a453	fsgnjx.s	f8,f13,f16	 f13:0x00000000 f16:0x80000000  f8=0x80000000
     379455.000 ns	     37944	800080d8	d00d71d3	fcvt.s.w	f3,x26	 x26:0x00000000  f3=0x00000000
     379475.000 ns	     37946	800080dc	00a60b33	add	x22,x12,x10	 x12:0x00000200 x10:0x00000000 x22=0x00000200
     379485.000 ns	     37947	800080e0	dab53b37	lui	x22,0xdab53	 x22=0xdab53000
     379495.000 ns	     37948	800080e4	402c5d33	sra	x26,x24,x2	 x24:0xfffffe00  x2:0x00000001 x26=0xffffff00
     379505.000 ns	     37949	800080e8	89cbba97	auipc	x21,0x89cbb	 x21=0x09cc30e8
     379525.000 ns	     37951	800080ec	a0d89ad3	flt.s	x21,f17,f13	 f17:0xb0900000 f13:0x00000000 x21=0x00000001
     379555.000 ns	     37954	800080f0	d00d83d3	fcvt.s.w	f7,x27	 x27:0xffffffff  f7=0xbf800000
     379925.000 ns	     37991	800080f4	03b2efb3	rem	x31,x5,x27	  x5:0xfffffff7 x27:0xffffffff x31=0x00000000
     379955.000 ns	     37994	800080f8	e0010dd3	fmv.x.w	x27,f2	  f2:0x7f800000 x27=0x7f800000
     379975.000 ns	     37996	800080fc	f945fa93	andi	x21,x11,-108	 x11:0x80040fe5 x21=0x80040f84
     379995.000 ns	     37998	80008100	03b5b2b3	mulhu	x5,x11,x27	 x11:0x80040fe5 x27:0x7f800000  x5=0x3fc205ea
     380015.000 ns	     38000	80008104	8c5afc93	andi	x25,x21,-1851	 x21:0x00000001 x25=0x80040884
     380025.000 ns	     38001	80008108	00785c33	srl	x24,x16,x7	 x16:0x00000001  x7:0x00000000 x24=0x00000001
     380045.000 ns	     38003	8000810c	20f49d53	fsgnjn.s	f26,f9,f15	  f9:0xcf000000 f15:0x4f000000 f26=0xcf000000
     380065.000 ns	     38005	80008110	40a28e33	sub	x28,x5,x10	  x5:0x3fc205ea x10:0x00000000 x28=0x3fc205ea
     380075.000 ns	     38006	80008114	003df233	and	x4,x27,x3	 x27:0x7f800000  x3:0x00000207  x4=0x00000000
     380095.000 ns	     38008	80008118	c002bcd3	fcvt.w.s	x25,f5	  f5:0x7fc00000 x25=0x7fffffff
     380115.000 ns	     38010	8000811c	001983b3	add	x7,x19,x1	 x19:0x00000000  x1:0x00000009  x7=0x00000009
     380135.000 ns	     38012	80008120	0263de33	divu	x28,x7,x6	  x7:0x00000000  x6:0x00000000 x28=0xffffffff
     380155.000 ns	     38014	80008124	01261e93	slli	x29,x12,0x12	 x12:0x00000200 x29=0x08000000
     380175.000 ns	     38016	80008128	02007333	remu	x6,x0,x0	  x0:0x00000000  x0:0x00000000  x6=0x00000000
     380205.000 ns	     38019	8000812c	c00e0153	fcvt.w.s	x2,f28	 f28:0x00000000  x2=0x00000000
     380235.000 ns	     38022	80008130	02bd38b3	mulhu	x17,x26,x11	 x26:0xffffff00 x11:0x80040fe5 x17=0x80040f64
     380265.000 ns	     38025	80008134	03e96833	rem	x16,x18,x30	 x18:0x00000001 x30:0x00000000 x16=0x00000001
     380285.000 ns	     38027	80008138	40a08b33	sub	x22,x1,x10	  x1:0x00000009 x10:0x00000000 x22=0x00000009
     380295.000 ns	     38028	8000813c	01388a33	add	x20,x17,x19	 x17:0x80040f64 x19:0x00000000 x20=0x80040f64
     380305.000 ns	     38029	80008140	9f358a93	addi	x21,x11,-1549	 x11:0x80040fe5 x21=0x800409d8
     380315.000 ns	     38030	80008144	cf308013	addi	x0,x1,-781	  x1:0x00000009
     380325.000 ns	     38031	80008148	01025333	srl	x6,x4,x16	  x4:0x00000000 x16:0x00000001  x6=0x00000000
     380345.000 ns	     38033	8000814c	030983b3	mul	x7,x19,x16	 x19:0x00000000 x16:0x00000001  x7=0x00000000
     380365.000 ns	     38035	80008150	00d58133	add	x2,x11,x13	 x11:0x80040fe5 x13:0x80041024  x2=0x00082009
     380375.000 ns	     38036	80008154	40a90db3	sub	x27,x18,x10	 x18:0x00000001 x10:0x00000000 x27=0x00000001
     380385.000 ns	     38037	80008158	9377bb17	auipc	x22,0x9377b	 x22=0x13783158
     380405.000 ns	     38039	8000815c	c01afad3	fcvt.wu.s	x21,f21	 f21:0x4afffef4 x21=0x007fff7a
     380445.000 ns	     38043	80008160	102871d3	fmul.s	f3,f16,f2	 f16:0x80000000  f2:0x7f800000  f3=0x7fc00000
     380475.000 ns	     38046	80008164	c01bbfd3	fcvt.wu.s	x31,f23	 f23:0x00000000 x31=0x00000000
     380505.000 ns	     38049	80008168	a19a25d3	feq.s	x11,f20,f25	 f20:0x00000000 f25:0x6f7ffffe x11=0x00000000
     380525.000 ns	     38051	8000816c	32432717	auipc	x14,0x32432	 x14=0xb243a16c
     380545.000 ns	     38053	80008170	d01d8c53	fcvt.s.wu	f24,x27	 x27:0x00000001 f24=0x3f800000
     380565.000 ns	     38055	80008174	41eb0333	sub	x6,x22,x30	 x22:0x13783158 x30:0x00000000  x6=0x13783158
     380575.000 ns	     38056	80008178	46b7ea13	ori	x20,x15,1131	 x15:0x00000229 x20=0x0000066b
     380595.000 ns	     38058	8000817c	20f790d3	fsgnjn.s	f1,f15,f15	 f15:0x4f000000 f15:0x4f000000  f1=0xcf000000
     380615.000 ns	     38060	80008180	07f13193	sltiu	x3,x2,127	  x2:0x00082009  x3=0x00000000
     380625.000 ns	     38061	80008184	01ba8b33	add	x22,x21,x27	 x21:0x007fff7a x27:0x00000001 x22=0x007fff7b
     380635.000 ns	     38062	80008188	6b6f8b13	addi	x22,x31,1718	 x31:0x00000000 x22=0x000006b6
     380655.000 ns	     38064	8000818c	21749e53	fsgnjn.s	f28,f9,f23	  f9:0xcf000000 f23:0x00000000 f28=0xcf000000
     380675.000 ns	     38066	80008190	436cb313	sltiu	x6,x25,1078	 x25:0x7fffffff  x6=0x00000000
     380685.000 ns	     38067	80008194	4008d013	srai	x0,x17,0x0	 x17:0x80040f64
     380695.000 ns	     38068	80008198	01900c33	add	x24,x0,x25	  x0:0x00000000 x25:0x7fffffff x24=0x7fffffff
     380705.000 ns	     38069	8000819c	00325193	srli	x3,x4,0x3	  x4:0x00000000  x3=0x00000000
     380715.000 ns	     38070	800081a0	00a80233	add	x4,x16,x10	 x16:0x00000001 x10:0x00000000  x4=0x00000001
     380735.000 ns	     38072	800081a4	e0019d53	fclass.s	x26,f3	  f3:0x7fc00000 x26=0x00000200
     380765.000 ns	     38075	800081a8	a18a8853	fle.s	x16,f21,f24	 f21:0x4afffef4 f24:0x3f800000 x16=0x00000000
     380785.000 ns	     38077	800081ac	012d1fb3	sll	x31,x26,x18	 x26:0x00000200 x18:0x00000001 x31=0x00000400
     380795.000 ns	     38078	800081b0	0185ed33	or	x26,x11,x24	 x11:0x00000000 x24:0x7fffffff x26=0x7fffffff
     380805.000 ns	     38079	800081b4	01645fb3	srl	x31,x8,x22	  x8:0x80040fe4 x22:0x000006b6 x31=0x00000200
     380845.000 ns	     38083	800081b8	08ff4153	fsub.s	f2,f30,f15	 f30:0xbffffffe f15:0x4f000000  f2=0xcf000000
     380865.000 ns	     38085	800081bc	10bab893	sltiu	x17,x21,267	 x21:0x007fff7a x17=0x00000000
     381225.000 ns	     38121	800081c0	029cfe33	remu	x28,x25,x9	 x25:0x7fffffff  x9:0x75383000 x28=0x0ac7cfff
     381595.000 ns	     38158	800081c4	03ba6033	rem	x0,x20,x27	 x20:0x0000066b x27:0x00000001
     381615.000 ns	     38160	800081c8	01001013	slli	x0,x0,0x10	  x0:0x00000000
     381655.000 ns	     38164	800081cc	081998d3	fsub.s	f17,f19,f1	 f19:0x00000000  f1:0xcf000000 f17=0x4f000000
     381685.000 ns	     38167	800081d0	20c21e53	fsgnjn.s	f28,f4,f12	  f4:0x7fc00000 f12:0x7fc00000 f28=0xffc00000
     381705.000 ns	     38169	800081d4	41c8d113	srai	x2,x17,0x1c	 x17:0x00000000  x2=0x00000000
     381725.000 ns	     38171	800081d8	287095d3	fmax.s	f11,f1,f7	  f1:0xcf000000  f7:0xbf800000 f11=0xbf800000
     381755.000 ns	     38174	800081dc	29e087d3	fmin.s	f15,f1,f30	  f1:0xcf000000 f30:0xbffffffe f15=0xcf000000
     381785.000 ns	     38177	800081e0	e00407d3	fmv.x.w	x15,f8	  f8:0x80000000 x15=0x80000000
     381835.000 ns	     38182	800081e4	08aa88d3	fsub.s	f17,f21,f10	 f21:0x4afffef4 f10:0xc0000000 f17=0x4afffef8
     381855.000 ns	     38184	800081e8	00b8f533	and	x10,x17,x11	 x17:0x00000000 x11:0x00000000 x10=0x00000000
     381875.000 ns	     38186	800081ec	f0050c53	fmv.w.x	f24,x10	 x10:0x00000000 f24=0x00000000
     381925.000 ns	     38191	800081f0	086c73d3	fsub.s	f7,f24,f6	 f24:0x3f800000  f6:0x80000000  f7=0x00000000
     381955.000 ns	     38194	800081f4	020575b3	remu	x11,x10,x0	 x10:0x00000000  x0:0x00000000 x11=0x00000000
     381975.000 ns	     38196	800081f8	d76da213	slti	x4,x27,-650	 x27:0x00000001  x4=0x00000000
     382005.000 ns	     38199	800081fc	1194ce53	fmul.s	f28,f9,f25	  f9:0xcf000000 f25:0x6f7ffffe f28=0xfefffffe
     382045.000 ns	     38203	80008200	580406d3	fsqrt.s	f13,f8	  f8:0x80000000 f13=0x80000000
     382075.000 ns	     38206	80008204	037e5f33	divu	x30,x28,x23	 x28:0x0ac7cfff x23:0x00000000 x30=0xffffffff
     382095.000 ns	     38208	80008208	00000013	addi	x0,x0,0	  x0:0x00000000
     382115.000 ns	     38210	8000820c	c01ca5d3	fcvt.wu.s	x11,f25	 f25:0x6f7ffffe x11=0xffffffff
     382145.000 ns	     38213	80008210	e0069b53	fclass.s	x22,f13	 f13:0x80000000 x22=0x00000008
     382165.000 ns	     38215	80008214	0164f033	and	x0,x9,x22	  x9:0x75383000 x22:0x000006b6
     382175.000 ns	     38216	80008218	211d0793	addi	x15,x26,529	 x26:0x7fffffff x15=0x80000210
     382195.000 ns	     38218	8000821c	c017f8d3	fcvt.wu.s	x17,f15	 f15:0xcf000000 x17=0x80000000
     382225.000 ns	     38221	80008220	d00efcd3	fcvt.s.w	f25,x29	 x29:0x08000000 f25=0x4d000000
     382245.000 ns	     38223	80008224	0142d5b3	srl	x11,x5,x20	  x5:0x3fc205ea x20:0x0000066b x11=0x0007f840
     382255.000 ns	     38224	80008228	00000013	addi	x0,x0,0	  x0:0x00000000
     382285.000 ns	     38227	8000822c	104a76d3	fmul.s	f13,f20,f4	 f20:0x00000000  f4:0x7fc00000 f13=0x7fc00000
     382325.000 ns	     38231	80008230	58068fd3	fsqrt.s	f31,f13	 f13:0x80000000 f31=0x7fc00000
     382355.000 ns	     38234	80008234	20c721d3	fsgnjx.s	f3,f14,f12	 f14:0x7fc00000 f12:0x7fc00000  f3=0x7fc00000
     382375.000 ns	     38236	80008238	5eb60393	addi	x7,x12,1515	 x12:0x00000200  x7=0x000007eb
     382395.000 ns	     38238	8000823c	219fa5d3	fsgnjx.s	f11,f31,f25	 f31:0x7fc00000 f25:0x4d000000 f11=0x7fc00000
     382415.000 ns	     38240	80008240	5f553113	sltiu	x2,x10,1525	 x10:0x00000000  x2=0x00000001
     382435.000 ns	     38242	80008244	0208fab3	remu	x21,x17,x0	 x17:0x80000000  x0:0x00000000 x21=0x80000000
     382455.000 ns	     38244	80008248	012a2033	slt	x0,x20,x18	 x20:0x0000066b x18:0x00000001
     382475.000 ns	     38246	8000824c	e0021e53	fclass.s	x28,f4	  f4:0x7fc00000 x28=0x00000200
     382495.000 ns	     38248	80008250	0aac3f17	auipc	x30,0xaac3	 x30=0x8aacb250
     382535.000 ns	     38252	80008254	08267d53	fsub.s	f26,f12,f2	 f12:0x7fc00000  f2:0xcf000000 f26=0x7fc00000
     382555.000 ns	     38254	80008258	48469d17	auipc	x26,0x48469	 x26=0xc8471258
     382565.000 ns	     38255	8000825c	1424c993	xori	x19,x9,322	  x9:0x75383000 x19=0x75383142
     382585.000 ns	     38257	80008260	282594d3	fmax.s	f9,f11,f2	 f11:0x7fc00000  f2:0xcf000000  f9=0xcf000000
     382605.000 ns	     38259	80008264	01929593	slli	x11,x5,0x19	  x5:0x3fc205ea x11=0xd4000000
     382615.000 ns	     38260	80008268	aa813313	sltiu	x6,x2,-1368	  x2:0x00000001  x6=0x00000001
     382635.000 ns	     38262	8000826c	a1a2add3	feq.s	x27,f5,f26	  f5:0x7fc00000 f26:0x7fc00000 x27=0x00000000
     382655.000 ns	     38264	80008270	000f9533	sll	x10,x31,x0	 x31:0x00000200  x0:0x00000000 x10=0x00000200
     382665.000 ns	     38265	80008274	00029a93	slli	x21,x5,0x0	  x5:0x3fc205ea x21=0x3fc205ea
     382685.000 ns	     38267	80008278	037fa133	mulhsu	x2,x31,x23	 x31:0x00000200 x23:0x00000000  x2=0x00000000
     382715.000 ns	     38270	8000827c	d000fe53	fcvt.s.w	f28,x1	  x1:0x00000009 f28=0x41100000
     382735.000 ns	     38272	80008280	00000013	addi	x0,x0,0	  x0:0x00000000
     382765.000 ns	     38275	80008284	580706d3	fsqrt.s	f13,f14	 f14:0x7fc00000 f13=0x7fc00000
     382795.000 ns	     38278	80008288	a15b2c53	feq.s	x24,f22,f21	 f22:0x00000001 f21:0x4afffef4 x24=0x00000000
     382815.000 ns	     38280	8000828c	008e6db3	or	x27,x28,x8	 x28:0x00000200  x8:0x80040fe4 x27=0x80040fe4
     382825.000 ns	     38281	80008290	0118fdb3	and	x27,x17,x17	 x17:0x80000000 x17:0x80000000 x27=0x80000000
     382845.000 ns	     38283	80008294	a1978c53	fle.s	x24,f15,f25	 f15:0xcf000000 f25:0x4d000000 x24=0x00000001
     382865.000 ns	     38285	80008298	41520f33	sub	x30,x4,x21	  x4:0x00000000 x21:0x3fc205ea x30=0xc03dfa16
     382875.000 ns	     38286	8000829c	eabe2513	slti	x10,x28,-341	 x28:0x00000200 x10=0x00000000
     382885.000 ns	     38287	800082a0	1ae5cf13	xori	x30,x11,430	 x11:0xd4000000 x30=0xd40001ae
     382915.000 ns	     38290	800082a4	10f67bd3	fmul.s	f23,f12,f15	 f12:0x7fc00000 f15:0xcf000000 f23=0x7fc00000
     383285.000 ns	     38327	800082a8	0314c233	div	x4,x9,x17	  x9:0x75383000 x17:0x80000000  x4=0x00000000
     383315.000 ns	     38330	800082ac	d00f7cd3	fcvt.s.w	f25,x30	 x30:0xd40001ae f25=0xce2ffff9
     383345.000 ns	     38333	800082b0	f00e01d3	fmv.w.x	f3,x28	 x28:0x00000200  f3=0x00000200
     383365.000 ns	     38335	800082b4	1cedcf13	xori	x30,x27,462	 x27:0x80000000 x30=0x800001ce
     383385.000 ns	     38337	800082b8	209d8153	fsgnj.s	f2,f27,f9	 f27:0xffc00000  f9:0xcf000000  f2=0xffc00000
     383405.000 ns	     38339	800082bc	007e09b3	add	x19,x28,x7	 x28:0x00000200  x7:0x000007eb x19=0x000009eb
     383765.000 ns	     38375	800082c0	03e167b3	rem	x15,x2,x30	  x2:0x00000000 x30:0x800001ce x15=0x00000000
     383795.000 ns	     38378	800082c4	20f8a753	fsgnjx.s	f14,f17,f15	 f17:0x4afffef8 f15:0xcf000000 f14=0xcafffef8
     383815.000 ns	     38380	800082c8	00b95233	srl	x4,x18,x11	 x18:0x00000001 x11:0xd4000000  x4=0x00000001
     383825.000 ns	     38381	800082cc	002c5d93	srli	x27,x24,0x2	 x24:0x00000001 x27=0x00000000
     384185.000 ns	     38417	800082d0	0252e4b3	rem	x9,x5,x5	  x5:0x3fc205ea  x5:0x3fc205ea  x9=0x00000000
     384225.000 ns	     38421	800082d4	10a97053	fmul.s	f0,f18,f10	 f18:0x00000000 f10:0xc0000000  f0=0x80000000
     384245.000 ns	     38423	800082d8	00041013	slli	x0,x8,0x0	  x8:0x80040fe4
     384255.000 ns	     38424	800082dc	001d1133	sll	x2,x26,x1	 x26:0xc8471258  x1:0x00000009  x2=0x8e24b000
     384275.000 ns	     38426	800082e0	e0049dd3	fclass.s	x27,f9	  f9:0xcf000000 x27=0x00000002
     384315.000 ns	     38430	800082e4	108308d3	fmul.s	f17,f6,f8	  f6:0x80000000  f8:0x80000000 f17=0x00000000
     384345.000 ns	     38433	800082e8	f0068ad3	fmv.w.x	f21,x13	 x13:0x80041024 f21=0x80041024
     384365.000 ns	     38435	800082ec	40d78bb3	sub	x23,x15,x13	 x15:0x00000000 x13:0x80041024 x23=0x7ffbefdc
     384385.000 ns	     38437	800082f0	f0090e53	fmv.w.x	f28,x18	 x18:0x00000001 f28=0x00000001
     384415.000 ns	     38440	800082f4	c0027b53	fcvt.w.s	x22,f4	  f4:0x7fc00000 x22=0x7fffffff
     384445.000 ns	     38443	800082f8	297f91d3	fmax.s	f3,f31,f23	 f31:0x7fc00000 f23:0x7fc00000  f3=0x7fc00000
     384815.000 ns	     38480	800082fc	031c6cb3	rem	x25,x24,x17	 x24:0x00000001 x17:0x80000000 x25=0x00000001
     384845.000 ns	     38483	80008300	280c98d3	fmax.s	f17,f25,f0	 f25:0xce2ffff9  f0:0x80000000 f17=0x80000000
     384875.000 ns	     38486	80008304	215d0853	fsgnj.s	f16,f26,f21	 f26:0x7fc00000 f21:0x80041024 f16=0xffc00000
     384905.000 ns	     38489	80008308	02a9eeb3	rem	x29,x19,x10	 x19:0x000009eb x10:0x00000000 x29=0x000009eb
     384945.000 ns	     38493	8000830c	10c532d3	fmul.s	f5,f10,f12	 f10:0xc0000000 f12:0x7fc00000  f5=0x7fc00000
     384975.000 ns	     38496	80008310	28d19453	fmax.s	f8,f3,f13	  f3:0x7fc00000 f13:0x7fc00000  f8=0x7fc00000
     385005.000 ns	     38499	80008314	289c8ad3	fmin.s	f21,f25,f9	 f25:0xce2ffff9  f9:0xcf000000 f21=0xcf000000
     385025.000 ns	     38501	80008318	bd47fa93	andi	x21,x15,-1068	 x15:0x00000000 x21=0x00000000
     385045.000 ns	     38503	8000831c	29ce0553	fmin.s	f10,f28,f28	 f28:0x00000001 f28:0x00000001 f10=0x00000001
     385065.000 ns	     38505	80008320	e1596813	ori	x16,x18,-491	 x18:0x00000001 x16=0xfffffe15
     385085.000 ns	     38507	80008324	28e68953	fmin.s	f18,f13,f14	 f13:0x7fc00000 f14:0xcafffef8 f18=0xcafffef8
     385105.000 ns	     38509	80008328	01d67bb3	and	x23,x12,x29	 x12:0x00000200 x29:0x000009eb x23=0x00000000
     385125.000 ns	     38511	8000832c	296406d3	fmin.s	f13,f8,f22	  f8:0x7fc00000 f22:0x00000001 f13=0x00000001
     385145.000 ns	     38513	80008330	0044a033	slt	x0,x9,x4	  x9:0x00000000  x4:0x00000001
     385155.000 ns	     38514	80008334	0006ce33	xor	x28,x13,x0	 x13:0x80041024  x0:0x00000000 x28=0x80041024
     385175.000 ns	     38516	80008338	c01975d3	fcvt.wu.s	x11,f18	 f18:0xcafffef8 x11=0x007fff7c
     385205.000 ns	     38519	8000833c	a1319ad3	flt.s	x21,f3,f19	  f3:0x7fc00000 f19:0x00000000 x21=0x00000000
     385235.000 ns	     38522	80008340	f00c07d3	fmv.w.x	f15,x24	 x24:0x00000001 f15=0x00000001
     385255.000 ns	     38524	80008344	416a8c33	sub	x24,x21,x22	 x21:0x00000000 x22:0x7fffffff x24=0x80000001
     385265.000 ns	     38525	80008348	01a75d93	srli	x27,x14,0x1a	 x14:0xb243a16c x27=0x0000002c
     385295.000 ns	     38528	8000834c	18037ad3	fdiv.s	f21,f6,f0	  f6:0x80000000  f0:0x80000000 f21=0x7fc00000
     385325.000 ns	     38531	80008350	286405d3	fmin.s	f11,f8,f6	  f8:0x7fc00000  f6:0x80000000 f11=0x80000000
     385345.000 ns	     38533	80008354	88162113	slti	x2,x12,-1919	 x12:0x00000200  x2=0x00000000
     385355.000 ns	     38534	80008358	19ed4593	xori	x11,x26,414	 x26:0xc8471258 x11=0xc84713c6
     385375.000 ns	     38536	8000835c	0387adb3	mulhsu	x27,x15,x24	 x15:0x00000000 x24:0x80000001 x27=0x00000000
     385405.000 ns	     38539	80008360	d00473d3	fcvt.s.w	f7,x8	  x8:0x80040fe4  f7=0xcefff7e0
     385425.000 ns	     38541	80008364	01ae18b3	sll	x17,x28,x26	 x28:0x80041024 x26:0xc8471258 x17=0x24000000
     385435.000 ns	     38542	80008368	4e59e737	lui	x14,0x4e59e	 x14=0x4e59e000
     385455.000 ns	     38544	8000836c	283794d3	fmax.s	f9,f15,f3	 f15:0x00000001  f3:0x7fc00000  f9=0x00000001
     385485.000 ns	     38547	80008370	a1ad9953	flt.s	x18,f27,f26	 f27:0xffc00000 f26:0x7fc00000 x18=0x00000000
     385505.000 ns	     38549	80008374	c0ade113	ori	x2,x27,-1014	 x27:0x00000000  x2=0xfffffc0a
     385515.000 ns	     38550	80008378	20dd3813	sltiu	x16,x26,525	 x26:0xc8471258 x16=0x00000000
     385535.000 ns	     38552	8000837c	a1c488d3	fle.s	x17,f9,f28	  f9:0x00000001 f28:0x00000001 x17=0x00000001
     385565.000 ns	     38555	80008380	03e6b533	mulhu	x10,x13,x30	 x13:0x80041024 x30:0x800001ce x10=0x400208f9
     385595.000 ns	     38558	80008384	29f21853	fmax.s	f16,f4,f31	  f4:0x7fc00000 f31:0x7fc00000 f16=0x7fc00000
     385625.000 ns	     38561	80008388	a170afd3	feq.s	x31,f1,f23	  f1:0xcf000000 f23:0x7fc00000 x31=0x00000000
     385665.000 ns	     38565	8000838c	58043ad3	fsqrt.s	f21,f8	  f8:0x7fc00000 f21=0x7fc00000
     385685.000 ns	     38567	80008390	00000013	addi	x0,x0,0	  x0:0x00000000
     385695.000 ns	     38568	80008394	4086db13	srai	x22,x13,0x8	 x13:0x80041024 x22=0xff800410
     385725.000 ns	     38571	80008398	110d75d3	fmul.s	f11,f26,f16	 f26:0x7fc00000 f16:0x7fc00000 f11=0x7fc00000
     385745.000 ns	     38573	8000839c	401d0a33	sub	x20,x26,x1	 x26:0xc8471258  x1:0x00000009 x20=0xc847124f
     385755.000 ns	     38574	800083a0	b709fb93	andi	x23,x19,-1168	 x19:0x000009eb x23=0x00000960
     385765.000 ns	     38575	800083a4	4172db33	sra	x22,x5,x23	  x5:0x3fc205ea x23:0x00000000 x22=0x3fc205ea
     385775.000 ns	     38576	800083a8	00dd13b3	sll	x7,x26,x13	 x26:0xc8471258 x13:0x80041024  x7=0x84712580
     386805.000 ns	     38679	800083ac	5806f6d3	fsqrt.s	f13,f13	 f13:0x00000001 f13=0x1f350483
     386845.000 ns	     38683	800083b0	10a04953	fmul.s	f18,f0,f10	  f0:0x80000000 f10:0x00000001 f18=0x80000000
     386865.000 ns	     38685	800083b4	0111bab3	sltu	x21,x3,x17	  x3:0x00000000 x17:0x00000001 x21=0x00000001
     386905.000 ns	     38689	800083b8	00bdba53	fadd.s	f20,f27,f11	 f27:0xffc00000 f11:0x7fc00000 f20=0x7fc00000
     386945.000 ns	     38693	800083bc	1189fe53	fmul.s	f28,f19,f24	 f19:0x00000000 f24:0x00000000 f28=0x00000000
     386965.000 ns	     38695	800083c0	01460633	add	x12,x12,x20	 x12:0x00000200 x20:0xc847124f x12=0xc847144f
     386985.000 ns	     38697	800083c4	c0187053	fcvt.wu.s	x0,f16	 f16:0x7fc00000
     387355.000 ns	     38734	800083c8	024d6fb3	rem	x31,x26,x4	 x26:0xc8471258  x4:0x00000001 x31=0x00000000
     387375.000 ns	     38736	800083cc	01d7b7b3	sltu	x15,x15,x29	 x15:0x00000000 x29:0x000009eb x15=0x00000001
     387395.000 ns	     38738	800083d0	021ca633	mulhsu	x12,x25,x1	 x25:0x00000001  x1:0x00000009 x12=0x00000000
     387425.000 ns	     38741	800083d4	29a70b53	fmin.s	f22,f14,f26	 f14:0xcafffef8 f26:0x7fc00000 f22=0xcafffef8
     387445.000 ns	     38743	800083d8	2625c613	xori	x12,x11,610	 x11:0xc84713c6 x12=0xc84711a4
     387455.000 ns	     38744	800083dc	010dfdb3	and	x27,x27,x16	 x27:0x00000000 x16:0x00000000 x27=0x00000000
     387465.000 ns	     38745	800083e0	141e0193	addi	x3,x28,321	 x28:0x80041024  x3=0x80041165
     387475.000 ns	     38746	800083e4	40055cb3	sra	x25,x10,x0	 x10:0x400208f9  x0:0x00000000 x25=0x400208f9
     387495.000 ns	     38748	800083e8	e0091d53	fclass.s	x26,f18	 f18:0x80000000 x26=0x00000008
     387525.000 ns	     38751	800083ec	0296aa33	mulhsu	x20,x13,x9	 x13:0x80041024  x9:0x00000000 x20=0x00000000
     387555.000 ns	     38754	800083f0	a1ed1a53	flt.s	x20,f26,f30	 f26:0x7fc00000 f30:0xbffffffe x20=0x00000000
     387585.000 ns	     38757	800083f4	a14f8c53	fle.s	x24,f31,f20	 f31:0x7fc00000 f20:0x7fc00000 x24=0x00000000
     387605.000 ns	     38759	800083f8	1840e293	ori	x5,x1,388	  x1:0x00000009  x5=0x0000018d
     387615.000 ns	     38760	800083fc	01b59eb3	sll	x29,x11,x27	 x11:0xc84713c6 x27:0x00000000 x29=0xc84713c6
     387635.000 ns	     38762	80008400	f00386d3	fmv.w.x	f13,x7	  x7:0x84712580 f13=0x84712580
     387665.000 ns	     38765	80008404	a1df8fd3	fle.s	x31,f31,f29	 f31:0x7fc00000 f29:0x7f800000 x31=0x00000000
     387685.000 ns	     38767	80008408	00b26233	or	x4,x4,x11	  x4:0x00000001 x11:0xc84713c6  x4=0xc84713c7
     387695.000 ns	     38768	8000840c	01a29993	slli	x19,x5,0x1a	  x5:0x0000018d x19=0x34000000
     387715.000 ns	     38770	80008410	a0671cd3	flt.s	x25,f14,f6	 f14:0xcafffef8  f6:0x80000000 x25=0x00000001
     387745.000 ns	     38773	80008414	209107d3	fsgnj.s	f15,f2,f9	  f2:0xffc00000  f9:0x00000001 f15=0x7fc00000
     387775.000 ns	     38776	80008418	f0038cd3	fmv.w.x	f25,x7	  x7:0x84712580 f25=0x84712580
     387805.000 ns	     38779	8000841c	02f201b3	mul	x3,x4,x15	  x4:0xc84713c7 x15:0x00000001  x3=0xc84713c7
     387835.000 ns	     38782	80008420	03d79c33	mulh	x24,x15,x29	 x15:0x00000001 x29:0xc84713c6 x24=0xffffffff
     387865.000 ns	     38785	80008424	a1858ed3	fle.s	x29,f11,f24	 f11:0x7fc00000 f24:0x00000000 x29=0x00000000
     388235.000 ns	     38822	80008428	026e6533	rem	x10,x28,x6	 x28:0x80041024  x6:0x00000001 x10=0x00000000
     388265.000 ns	     38825	8000842c	a09a17d3	flt.s	x15,f20,f9	 f20:0x7fc00000  f9:0x00000001 x15=0x00000000
     388285.000 ns	     38827	80008430	00c80733	add	x14,x16,x12	 x16:0x00000000 x12:0xc84711a4 x14=0xc84711a4
     388295.000 ns	     38828	80008434	018ebab3	sltu	x21,x29,x24	 x29:0x00000000 x24:0xffffffff x21=0x00000001
     388315.000 ns	     38830	80008438	29b30b53	fmin.s	f22,f6,f27	  f6:0x80000000 f27:0xffc00000 f22=0x80000000
     388345.000 ns	     38833	8000843c	d018fa53	fcvt.s.wu	f20,x17	 x17:0x00000001 f20=0x3f800000
     388385.000 ns	     38837	80008440	58024953	fsqrt.s	f18,f4	  f4:0x7fc00000 f18=0x7fc00000
     388415.000 ns	     38840	80008444	28298553	fmin.s	f10,f19,f2	 f19:0x00000000  f2:0xffc00000 f10=0x00000000
     388435.000 ns	     38842	80008448	40028833	sub	x16,x5,x0	  x5:0x0000018d  x0:0x00000000 x16=0x0000018d
     388465.000 ns	     38845	8000844c	58027653	fsqrt.s	f12,f4	  f4:0x7fc00000 f12=0x7fc00000
     388495.000 ns	     38848	80008450	d00eb7d3	fcvt.s.w	f15,x29	 x29:0x00000000 f15=0x00000000
     388525.000 ns	     38851	80008454	c0117a53	fcvt.wu.s	x20,f2	  f2:0xffc00000 x20=0xffffffff
     388545.000 ns	     38853	80008458	c3963913	sltiu	x18,x12,-967	 x12:0xc84711a4 x18=0x00000001
     388575.000 ns	     38856	8000845c	11bc1fd3	fmul.s	f31,f24,f27	 f24:0x00000000 f27:0xffc00000 f31=0x7fc00000
     388595.000 ns	     38858	80008460	9c4b4d17	auipc	x26,0x9c4b4	 x26=0x1c4bc460
     388615.000 ns	     38860	80008464	03028eb3	mul	x29,x5,x16	  x5:0x0000018d x16:0x0000018d x29=0x000267a9
     388635.000 ns	     38862	80008468	002d2b33	slt	x22,x26,x2	 x26:0x00000008  x2:0xfffffc0a x22=0x00000000
     388655.000 ns	     38864	8000846c	c007abd3	fcvt.w.s	x23,f15	 f15:0x00000000 x23=0x00000000
     388685.000 ns	     38867	80008470	03e995b3	mulh	x11,x19,x30	 x19:0x34000000 x30:0x800001ce x11=0xe600005d
     388725.000 ns	     38871	80008474	5808f253	fsqrt.s	f4,f17	 f17:0x80000000  f4=0x80000000
     388745.000 ns	     38873	80008478	00c60233	add	x4,x12,x12	 x12:0xc84711a4 x12:0xc84711a4  x4=0x908e2348
     388755.000 ns	     38874	8000847c	00a79db3	sll	x27,x15,x10	 x15:0x00000000 x10:0x00000000 x27=0x00000000
     388765.000 ns	     38875	80008480	9df8c813	xori	x16,x17,-1569	 x17:0x00000001 x16=0xfffff9de
     388775.000 ns	     38876	80008484	faace593	ori	x11,x25,-86	 x25:0x00000001 x11=0xffffffab
     388785.000 ns	     38877	80008488	010d1fb3	sll	x31,x26,x16	 x26:0x1c4bc460 x16:0x0000018d x31=0x00000000
     388805.000 ns	     38879	8000848c	c0077153	fcvt.w.s	x2,f14	 f14:0xcafffef8  x2=0x007fff7c
     388835.000 ns	     38882	80008490	f00380d3	fmv.w.x	f1,x7	  x7:0x84712580  f1=0x84712580
     388865.000 ns	     38885	80008494	281001d3	fmin.s	f3,f0,f1	  f0:0x80000000  f1:0xcf000000  f3=0x84712580
     388885.000 ns	     38887	80008498	014a4fb3	xor	x31,x20,x20	 x20:0xffffffff x20:0xffffffff x31=0x00000000
     388905.000 ns	     38889	8000849c	a16291d3	flt.s	x3,f5,f22	  f5:0x7fc00000 f22:0x80000000  x3=0x00000000
     388925.000 ns	     38891	800084a0	4043deb3	sra	x29,x7,x4	  x7:0x84712580  x4:0x908e2348 x29=0xff847125
     388935.000 ns	     38892	800084a4	01228633	add	x12,x5,x18	  x5:0x0000018d x18:0x00000001 x12=0x0000018e
     388955.000 ns	     38894	800084a8	d0167f53	fcvt.s.wu	f30,x12	 x12:0xc84711a4 f30=0x43c70000
     388985.000 ns	     38897	800084ac	21f8a0d3	fsgnjx.s	f1,f17,f31	 f17:0x80000000 f31:0x7fc00000  f1=0x80000000
     389015.000 ns	     38900	800084b0	d0081f53	fcvt.s.w	f30,x16	 x16:0xfffff9de f30=0xc4c44000
     389045.000 ns	     38903	800084b4	29cb8253	fmin.s	f4,f23,f28	 f23:0x7fc00000 f28:0x00000000  f4=0x00000000
     389085.000 ns	     38907	800084b8	10364753	fmul.s	f14,f12,f3	 f12:0x7fc00000  f3:0x84712580 f14=0x7fc00000
     389115.000 ns	     38910	800084bc	21b58cd3	fsgnj.s	f25,f11,f27	 f11:0x7fc00000 f27:0xffc00000 f25=0xffc00000
     389145.000 ns	     38913	800084c0	d0068353	fcvt.s.w	f6,x13	 x13:0x80041024  f6=0xcefff7df
     389175.000 ns	     38916	800084c4	d013ff53	fcvt.s.wu	f30,x7	  x7:0x84712580 f30=0x4f047125
     389195.000 ns	     38918	800084c8	00338eb3	add	x29,x7,x3	  x7:0x84712580  x3:0x00000000 x29=0x84712580
     389205.000 ns	     38919	800084cc	ea622c13	slti	x24,x4,-346	  x4:0x908e2348 x24=0x00000001
     389225.000 ns	     38921	800084d0	02c5b4b3	mulhu	x9,x11,x12	 x11:0xffffffab x12:0x0000018e  x9=0x0000018d
     389255.000 ns	     38924	800084d4	e00a0953	fmv.x.w	x18,f20	 f20:0x3f800000 x18=0x3f800000
     389305.000 ns	     38929	800084d8	00ed0953	fadd.s	f18,f26,f14	 f26:0x7fc00000 f14:0x7fc00000 f18=0x7fc00000
     389335.000 ns	     38932	800084dc	210d8453	fsgnj.s	f8,f27,f16	 f27:0xffc00000 f16:0x7fc00000  f8=0x7fc00000
     389365.000 ns	     38935	800084e0	28910253	fmin.s	f4,f2,f9	  f2:0xffc00000  f9:0x00000001  f4=0x00000001
     389385.000 ns	     38937	800084e4	00f76bb3	or	x23,x14,x15	 x14:0xc84711a4 x15:0x00000000 x23=0xc84711a4
     389395.000 ns	     38938	800084e8	00000013	addi	x0,x0,0	  x0:0x00000000
     389405.000 ns	     38939	800084ec	00f89993	slli	x19,x17,0xf	 x17:0x00000001 x19=0x00008000
     389425.000 ns	     38941	800084f0	217b1653	fsgnjn.s	f12,f22,f23	 f22:0x80000000 f23:0x7fc00000 f12=0x80000000
     389445.000 ns	     38943	800084f4	01c14533	xor	x10,x2,x28	  x2:0x007fff7c x28:0x80041024 x10=0x807bef58
     389465.000 ns	     38945	800084f8	c01c7753	fcvt.wu.s	x14,f24	 f24:0x00000000 x14=0x00000000
     389485.000 ns	     38947	800084fc	419f5833	sra	x16,x30,x25	 x30:0x800001ce x25:0x00000001 x16=0xc00000e7
     389495.000 ns	     38948	80008500	00000013	addi	x0,x0,0	  x0:0x00000000
     389505.000 ns	     38949	80008504	000e3a33	sltu	x20,x28,x0	 x28:0x80041024  x0:0x00000000 x20=0x00000000
     389515.000 ns	     38950	80008508	4019dcb3	sra	x25,x19,x1	 x19:0x00008000  x1:0x00000009 x25=0x00000040
     389525.000 ns	     38951	8000850c	0de41e97	auipc	x29,0xde41	 x29=0x8de4950c
     389565.000 ns	     38955	80008510	00c57ad3	fadd.s	f21,f10,f12	 f10:0x00000000 f12:0x80000000 f21=0x80000000
     389595.000 ns	     38958	80008514	e0021c53	fclass.s	x24,f4	  f4:0x00000001 x24=0x00000020
     389635.000 ns	     38962	80008518	58001653	fsqrt.s	f12,f0	  f0:0x80000000 f12=0x80000000
     389685.000 ns	     38967	8000851c	01c27cd3	fadd.s	f25,f4,f28	  f4:0x00000001 f28:0x00000000 f25=0x00000001
     389705.000 ns	     38969	80008520	c52ca193	slti	x3,x25,-942	 x25:0x00000040  x3=0x00000000
     389715.000 ns	     38970	80008524	cb43ea13	ori	x20,x7,-844	  x7:0x84712580 x20=0xfffffdb4
     389725.000 ns	     38971	80008528	40355113	srai	x2,x10,0x3	 x10:0x807bef58  x2=0xf00f7deb
     389735.000 ns	     38972	8000852c	411c0033	sub	x0,x24,x17	 x24:0x00000020 x17:0x00000001
     389745.000 ns	     38973	80008530	00000013	addi	x0,x0,0	  x0:0x00000000
     389755.000 ns	     38974	80008534	009a34b3	sltu	x9,x20,x9	 x20:0xfffffdb4  x9:0x0000018d  x9=0x00000000
     389765.000 ns	     38975	80008538	417152b3	sra	x5,x2,x23	  x2:0xf00f7deb x23:0xc84711a4  x5=0xff00f7de
     389775.000 ns	     38976	8000853c	00919633	sll	x12,x3,x9	  x3:0x00000000  x9:0x0000018d x12=0x00000000
     389785.000 ns	     38977	80008540	d36efa37	lui	x20,0xd36ef	 x20=0xd36ef000
     390775.000 ns	     39076	80008544	580278d3	fsqrt.s	f17,f4	  f4:0x00000001 f17=0x1f350483
     390805.000 ns	     39079	80008548	28b30a53	fmin.s	f20,f6,f11	  f6:0xcefff7df f11:0x7fc00000 f20=0xcefff7df
     390835.000 ns	     39082	8000854c	20c52253	fsgnjx.s	f4,f10,f12	 f10:0x00000000 f12:0x80000000  f4=0x80000000
     390865.000 ns	     39085	80008550	03062bb3	mulhsu	x23,x12,x16	 x12:0x00000000 x16:0xc00000e7 x23=0x00000000
     390895.000 ns	     39088	80008554	28720753	fmin.s	f14,f4,f7	  f4:0x80000000  f7:0xcefff7e0 f14=0xcefff7e0
     390915.000 ns	     39090	80008558	83eb6d13	ori	x26,x22,-1986	 x22:0x00000000 x26=0xfffff83e
     390925.000 ns	     39091	8000855c	741c8a93	addi	x21,x25,1857	 x25:0x00000040 x21=0x00000781
     391285.000 ns	     39127	80008560	03d97033	remu	x0,x18,x29	 x18:0x3f800000 x29:0x8de4950c
     391305.000 ns	     39129	80008564	41190333	sub	x6,x18,x17	 x18:0x3f800000 x17:0x00000001  x6=0x3f7fffff
     391665.000 ns	     39165	80008568	02a06ab3	rem	x21,x0,x10	  x0:0x00000000 x10:0x807bef58 x21=0x00000000
     391685.000 ns	     39167	8000856c	445dfc13	andi	x24,x27,1093	 x27:0x00000000 x24=0x00000000
     391705.000 ns	     39169	80008570	a1161b53	flt.s	x22,f12,f17	 f12:0x80000000 f17:0x1f350483 x22=0x00000001
     391735.000 ns	     39172	80008574	e00c95d3	fclass.s	x11,f25	 f25:0x00000001 x11=0x00000020
     391765.000 ns	     39175	80008578	20031ed3	fsgnjn.s	f29,f6,f0	  f6:0xcefff7df  f0:0x80000000 f29=0x4efff7df
     392135.000 ns	     39212	8000857c	0258f133	remu	x2,x17,x5	 x17:0x00000001  x5:0xff00f7de  x2=0x00000001
     392165.000 ns	     39215	80008580	d0147853	fcvt.s.wu	f16,x8	  x8:0x80040fe4 f16=0x4f00040f
     392195.000 ns	     39218	80008584	02ca11b3	mulh	x3,x20,x12	 x20:0xd36ef000 x12:0x00000000  x3=0x00000000
     392225.000 ns	     39221	80008588	f0070fd3	fmv.w.x	f31,x14	 x14:0x00000000 f31=0x00000000
     392255.000 ns	     39224	8000858c	c01f72d3	fcvt.wu.s	x5,f30	 f30:0x4f047125  x5=0x84712500
     392285.000 ns	     39227	80008590	210a2b53	fsgnjx.s	f22,f20,f16	 f20:0xcefff7df f16:0x4f00040f f22=0xcefff7df
     392305.000 ns	     39229	80008594	00000013	addi	x0,x0,0	  x0:0x00000000
     392315.000 ns	     39230	80008598	0159d1b3	srl	x3,x19,x21	 x19:0x00008000 x21:0x00000000  x3=0x00008000
     392335.000 ns	     39232	8000859c	a1fba253	feq.s	x4,f23,f31	 f23:0x7fc00000 f31:0x00000000  x4=0x00000000
     392365.000 ns	     39235	800085a0	a1448953	fle.s	x18,f9,f20	  f9:0x00000001 f20:0xcefff7df x18=0x00000000
     392395.000 ns	     39238	800085a4	e0098c53	fmv.x.w	x24,f19	 f19:0x00000000 x24=0x00000000
     392415.000 ns	     39240	800085a8	0149bf33	sltu	x30,x19,x20	 x19:0x00008000 x20:0xd36ef000 x30=0x00000001
     392435.000 ns	     39242	800085ac	e00815d3	fclass.s	x11,f16	 f16:0x4f00040f x11=0x00000040
     392475.000 ns	     39246	800085b0	1072c053	fmul.s	f0,f5,f7	  f5:0x7fc00000  f7:0xcefff7e0  f0=0x7fc00000
     392495.000 ns	     39248	800085b4	00ecfab3	and	x21,x25,x14	 x25:0x00000040 x14:0x00000000 x21=0x00000000
     392505.000 ns	     39249	800085b8	0099e9b3	or	x19,x19,x9	 x19:0x00008000  x9:0x00000000 x19=0x00008000
     392535.000 ns	     39252	800085bc	1837f4d3	fdiv.s	f9,f15,f3	 f15:0x00000000  f3:0x84712580  f9=0x80000000
     392565.000 ns	     39255	800085c0	21699ad3	fsgnjn.s	f21,f19,f22	 f19:0x00000000 f22:0xcefff7df f21=0x00000000
     392605.000 ns	     39259	800085c4	111b7b53	fmul.s	f22,f22,f17	 f22:0xcefff7df f17:0x1f350483 f22=0xaeb4fec4
     392625.000 ns	     39261	800085c8	41c7d933	sra	x18,x15,x28	 x15:0x00000000 x28:0x80041024 x18=0x00000000
     392635.000 ns	     39262	800085cc	00000013	addi	x0,x0,0	  x0:0x00000000
     392655.000 ns	     39264	800085d0	296a1453	fmax.s	f8,f20,f22	 f20:0xcefff7df f22:0xaeb4fec4  f8=0xaeb4fec4
     392675.000 ns	     39266	800085d4	d2f54793	xori	x15,x10,-721	 x10:0x807bef58 x15=0x7f841277
     392685.000 ns	     39267	800085d8	5d31a393	slti	x7,x3,1491	  x3:0x00008000  x7=0x00000000
     392705.000 ns	     39269	800085dc	285a8c53	fmin.s	f24,f21,f5	 f21:0x00000000  f5:0x7fc00000 f24=0x00000000
     392735.000 ns	     39272	800085e0	020aec33	rem	x24,x21,x0	 x21:0x00000000  x0:0x00000000 x24=0x00000000
     392765.000 ns	     39275	800085e4	03fc0cb3	mul	x25,x24,x31	 x24:0x00000000 x31:0x00000000 x25=0x00000000
     392805.000 ns	     39279	800085e8	19b508d3	fdiv.s	f17,f10,f27	 f10:0x00000000 f27:0xffc00000 f17=0x7fc00000
     392835.000 ns	     39282	800085ec	0351e8b3	rem	x17,x3,x21	  x3:0x00008000 x21:0x00000000 x17=0x00008000
     392855.000 ns	     39284	800085f0	4a97e313	ori	x6,x15,1193	 x15:0x7f841277  x6=0x7f8416ff
     392875.000 ns	     39286	800085f4	03b764b3	rem	x9,x14,x27	 x14:0x00000000 x27:0x00000000  x9=0x00000000
     392905.000 ns	     39289	800085f8	d010fe53	fcvt.s.wu	f28,x1	  x1:0x00000009 f28=0x41100000
     392925.000 ns	     39291	800085fc	0092d513	srli	x10,x5,0x9	  x5:0x84712500 x10=0x00423892
     392965.000 ns	     39295	80008600	00b67dd3	fadd.s	f27,f12,f11	 f12:0x80000000 f11:0x7fc00000 f27=0x7fc00000
     392985.000 ns	     39297	80008604	01158cb3	add	x25,x11,x17	 x11:0x00000040 x17:0x00008000 x25=0x00008040
     393005.000 ns	     39299	80008608	e00207d3	fmv.x.w	x15,f4	  f4:0x80000000 x15=0x80000000
     393025.000 ns	     39301	8000860c	f9218a13	addi	x20,x3,-110	  x3:0x00008000 x20=0x00007f92
     393065.000 ns	     39305	80008610	01eaffd3	fadd.s	f31,f21,f30	 f21:0x00000000 f30:0x4f047125 f31=0x4f047125
     393095.000 ns	     39308	80008614	20b51753	fsgnjn.s	f14,f10,f11	 f10:0x00000000 f11:0x7fc00000 f14=0x80000000
     393125.000 ns	     39311	80008618	c01c7cd3	fcvt.wu.s	x25,f24	 f24:0x00000000 x25=0x00000000
     393155.000 ns	     39314	8000861c	02426ab3	rem	x21,x4,x4	  x4:0x00000000  x4:0x00000000 x21=0x00000000
     393175.000 ns	     39316	80008620	00edfeb3	and	x29,x27,x14	 x27:0x00000000 x14:0x00000000 x29=0x00000000
     393195.000 ns	     39318	80008624	c0027353	fcvt.w.s	x6,f4	  f4:0x80000000  x6=0x00000000
     393225.000 ns	     39321	80008628	039e0933	mul	x18,x28,x25	 x28:0x80041024 x25:0x00000000 x18=0x00000000
     393255.000 ns	     39324	8000862c	c0167653	fcvt.wu.s	x12,f12	 f12:0x80000000 x12=0x00000000
     393275.000 ns	     39326	80008630	00000013	addi	x0,x0,0	  x0:0x00000000
     393295.000 ns	     39328	80008634	03d45eb3	divu	x29,x8,x29	  x8:0x80040fe4 x29:0x00000000 x29=0xffffffff
     393325.000 ns	     39331	80008638	0249e033	rem	x0,x19,x4	 x19:0x00008000  x4:0x00000000
     393355.000 ns	     39334	8000863c	200e97d3	fsgnjn.s	f15,f29,f0	 f29:0x4efff7df  f0:0x7fc00000 f15=0xcefff7df
     393385.000 ns	     39337	80008640	215e88d3	fsgnj.s	f17,f29,f21	 f29:0x4efff7df f21:0x00000000 f17=0x4efff7df
     393415.000 ns	     39340	80008644	e00985d3	fmv.x.w	x11,f19	 f19:0x00000000 x11=0x00000000
     393445.000 ns	     39343	80008648	f00c0bd3	fmv.w.x	f23,x24	 x24:0x00000000 f23=0x00000000
     393475.000 ns	     39346	8000864c	03aa1333	mulh	x6,x20,x26	 x20:0x00007f92 x26:0xfffff83e  x6=0xffffffff
     393495.000 ns	     39348	80008650	017a4db3	xor	x27,x20,x23	 x20:0x00007f92 x23:0x00000000 x27=0x00007f92
     393505.000 ns	     39349	80008654	49304213	xori	x4,x0,1171	  x0:0x00000000  x4=0x00000493
     393515.000 ns	     39350	80008658	4f211317	auipc	x6,0x4f211	  x6=0xcf219658
     393525.000 ns	     39351	8000865c	00250797	auipc	x15,0x250	 x15=0x8025865c
     393545.000 ns	     39353	80008660	c00d7dd3	fcvt.w.s	x27,f26	 f26:0x7fc00000 x27=0x7fffffff
     393565.000 ns	     39355	80008664	01872bb3	slt	x23,x14,x24	 x14:0x00000000 x24:0x00000000 x23=0x00000000
     393585.000 ns	     39357	80008668	e00c8953	fmv.x.w	x18,f25	 f25:0x00000001 x18=0x00000001
     393615.000 ns	     39360	8000866c	d00a47d3	fcvt.s.w	f15,x20	 x20:0x00007f92 f15=0x46ff2400
     393635.000 ns	     39362	80008670	62e6a913	slti	x18,x13,1582	 x13:0x80041024 x18=0x00000001
     393645.000 ns	     39363	80008674	00000013	addi	x0,x0,0	  x0:0x00000000
     393655.000 ns	     39364	80008678	41820ab3	sub	x21,x4,x24	  x4:0x00000493 x24:0x00000000 x21=0x00000493
     393675.000 ns	     39366	8000867c	03ab8fb3	mul	x31,x23,x26	 x23:0x00000000 x26:0xfffff83e x31=0x00000000
     393705.000 ns	     39369	80008680	d013ffd3	fcvt.s.wu	f31,x7	  x7:0x00000000 f31=0x00000000
     393735.000 ns	     39372	80008684	d017f5d3	fcvt.s.wu	f11,x15	 x15:0x8025865c f11=0x4f002586
     393755.000 ns	     39374	80008688	40085d13	srai	x26,x16,0x0	 x16:0xc00000e7 x26=0xc00000e7
     393765.000 ns	     39375	8000868c	00c23cb3	sltu	x25,x4,x12	  x4:0x00000493 x12:0x00000000 x25=0x00000000
     393775.000 ns	     39376	80008690	0184aa33	slt	x20,x9,x24	  x9:0x00000000 x24:0x00000000 x20=0x00000000
     393785.000 ns	     39377	80008694	00fb57b3	srl	x15,x22,x15	 x22:0x00000001 x15:0x8025865c x15=0x00000000
     393805.000 ns	     39379	80008698	0226bf33	mulhu	x30,x13,x2	 x13:0x80041024  x2:0x00000001 x30=0x00000000
     393825.000 ns	     39381	8000869c	41b18533	sub	x10,x3,x27	  x3:0x00008000 x27:0x7fffffff x10=0x80008001
     393835.000 ns	     39382	800086a0	0185d533	srl	x10,x11,x24	 x11:0x00000000 x24:0x00000000 x10=0x00000000
     393845.000 ns	     39383	800086a4	97382293	slti	x5,x16,-1677	 x16:0xc00000e7  x5=0x00000001
     393855.000 ns	     39384	800086a8	9e1a0513	addi	x10,x20,-1567	 x20:0x00000000 x10=0xfffff9e1
     393885.000 ns	     39387	800086ac	580636d3	fsqrt.s	f13,f12	 f12:0x80000000 f13=0x80000000
     393905.000 ns	     39389	800086b0	bca48793	addi	x15,x9,-1078	  x9:0x00000000 x15=0xfffffbca
     393925.000 ns	     39391	800086b4	d017b153	fcvt.s.wu	f2,x15	 x15:0x00000000  f2=0x4f7ffffc
     393945.000 ns	     39393	800086b8	008761b3	or	x3,x14,x8	 x14:0x00000000  x8:0x80040fe4  x3=0x80040fe4
     393965.000 ns	     39395	800086bc	a0eca153	feq.s	x2,f25,f14	 f25:0x00000001 f14:0x80000000  x2=0x00000000
     393995.000 ns	     39398	800086c0	03438333	mul	x6,x7,x20	  x7:0x00000000 x20:0x00000000  x6=0x00000000
     394015.000 ns	     39400	800086c4	411a0733	sub	x14,x20,x17	 x20:0x00000000 x17:0x00008000 x14=0xffff8000
     394035.000 ns	     39402	800086c8	295c9d53	fmax.s	f26,f25,f21	 f25:0x00000001 f21:0x00000000 f26=0x00000001
     394065.000 ns	     39405	800086cc	038ab7b3	mulhu	x15,x21,x24	 x21:0x00000493 x24:0x00000000 x15=0x00000000
     394095.000 ns	     39408	800086d0	a0759dd3	flt.s	x27,f11,f7	 f11:0x4f002586  f7:0xcefff7e0 x27=0x00000000
     394115.000 ns	     39410	800086d4	0071cb33	xor	x22,x3,x7	  x3:0x80040fe4  x7:0x00000000 x22=0x80040fe4
     394135.000 ns	     39412	800086d8	21689dd3	fsgnjn.s	f27,f17,f22	 f17:0x4efff7df f22:0xaeb4fec4 f27=0x4efff7df
     394155.000 ns	     39414	800086dc	40218933	sub	x18,x3,x2	  x3:0x80040fe4  x2:0x00000000 x18=0x80040fe4
     394175.000 ns	     39416	800086e0	c01c7b53	fcvt.wu.s	x22,f24	 f24:0x00000000 x22=0x00000000
     394195.000 ns	     39418	800086e4	5dd7bf13	sltiu	x30,x15,1501	 x15:0x00000000 x30=0x00000001
     394215.000 ns	     39420	800086e8	d0167ed3	fcvt.s.wu	f29,x12	 x12:0x00000000 f29=0x00000000
     394235.000 ns	     39422	800086ec	7c142a13	slti	x20,x8,1985	  x8:0x80040fe4 x20=0x00000001
     394255.000 ns	     39424	800086f0	02c897b3	mulh	x15,x17,x12	 x17:0x00008000 x12:0x00000000 x15=0x00000000
     394285.000 ns	     39427	800086f4	033c07b3	mul	x15,x24,x19	 x24:0x00000000 x19:0x00008000 x15=0x00000000
     394315.000 ns	     39430	800086f8	f00f0f53	fmv.w.x	f30,x30	 x30:0x00000001 f30=0x00000001
     394345.000 ns	     39433	800086fc	a1972f53	feq.s	x30,f14,f25	 f14:0x80000000 f25:0x00000001 x30=0x00000000
     394375.000 ns	     39436	80008700	f00a80d3	fmv.w.x	f1,x21	 x21:0x00000493  f1=0x00000493
     394405.000 ns	     39439	80008704	292881d3	fmin.s	f3,f17,f18	 f17:0x4efff7df f18:0x7fc00000  f3=0x4efff7df
     394425.000 ns	     39441	80008708	41ab0f33	sub	x30,x22,x26	 x22:0x00000000 x26:0xc00000e7 x30=0x3fffff19
     394435.000 ns	     39442	8000870c	00d6d493	srli	x9,x13,0xd	 x13:0x80041024  x9=0x00040020
     394455.000 ns	     39444	80008710	c018ab53	fcvt.wu.s	x22,f17	 f17:0x4efff7df x22=0x7ffbef80
     394475.000 ns	     39446	80008714	72ee4293	xori	x5,x28,1838	 x28:0x80041024  x5=0x8004170a
     394485.000 ns	     39447	80008718	cc171297	auipc	x5,0xcc171	  x5=0x4c179718
     394495.000 ns	     39448	8000871c	c93f7113	andi	x2,x30,-877	 x30:0x3fffff19  x2=0x3ffffc11
     394505.000 ns	     39449	80008720	009e0833	add	x16,x28,x9	 x28:0x80041024  x9:0x00040020 x16=0x80081044
     394515.000 ns	     39450	80008724	0014dd13	srli	x26,x9,0x1	  x9:0x00040020 x26=0x00020010
     394525.000 ns	     39451	80008728	61d43113	sltiu	x2,x8,1565	  x8:0x80040fe4  x2=0x00000000
     394535.000 ns	     39452	8000872c	60276593	ori	x11,x14,1538	 x14:0xffff8000 x11=0xffff8602
     394545.000 ns	     39453	80008730	0151dfb3	srl	x31,x3,x21	  x3:0x80040fe4 x21:0x00000493 x31=0x00001000
     394565.000 ns	     39455	80008734	201c8653	fsgnj.s	f12,f25,f1	 f25:0x00000001  f1:0x00000493 f12=0x00000001
     394585.000 ns	     39457	80008738	00214233	xor	x4,x2,x2	  x2:0x00000000  x2:0x00000000  x4=0x00000000
     394605.000 ns	     39459	8000873c	216010d3	fsgnjn.s	f1,f0,f22	  f0:0x7fc00000 f22:0xaeb4fec4  f1=0x7fc00000
     394635.000 ns	     39462	80008740	a158add3	feq.s	x27,f17,f21	 f17:0x4efff7df f21:0x00000000 x27=0x00000000
     394655.000 ns	     39464	80008744	80faef13	ori	x30,x21,-2033	 x21:0x00000493 x30=0xfffffc9f
     394665.000 ns	     39465	80008748	40a54193	xori	x3,x10,1034	 x10:0xfffff9e1  x3=0xfffffdeb
     394685.000 ns	     39467	8000874c	03b41733	mulh	x14,x8,x27	  x8:0x80040fe4 x27:0x00000000 x14=0x00000000
     394705.000 ns	     39469	80008750	88dce613	ori	x12,x25,-1907	 x25:0x00000000 x12=0xfffff88d
     394715.000 ns	     39470	80008754	f86439b7	lui	x19,0xf8643	 x19=0xf8643000
     394735.000 ns	     39472	80008758	e0038cd3	fmv.x.w	x25,f7	  f7:0xcefff7e0 x25=0xcefff7e0
     394765.000 ns	     39475	8000875c	02f23533	mulhu	x10,x4,x15	  x4:0x00000000 x15:0x00000000 x10=0x00000000
     394795.000 ns	     39478	80008760	a17317d3	flt.s	x15,f6,f23	  f6:0xcefff7df f23:0x00000000 x15=0x00000001
     394825.000 ns	     39481	80008764	28a699d3	fmax.s	f19,f13,f10	 f13:0x80000000 f10:0x00000000 f19=0x00000000
     394845.000 ns	     39483	80008768	0151d333	srl	x6,x3,x21	  x3:0xfffffdeb x21:0x00000493  x6=0x00001fff
     394865.000 ns	     39485	8000876c	0255b233	mulhu	x4,x11,x5	 x11:0xffff8602  x5:0x4c179718  x4=0x4c1772d5
     394885.000 ns	     39487	80008770	40a9d293	srai	x5,x19,0xa	 x19:0xf8643000  x5=0xfffe190c
     394895.000 ns	     39488	80008774	00da13b3	sll	x7,x20,x13	 x20:0x00000001 x13:0x80041024  x7=0x00000010
     394915.000 ns	     39490	80008778	a1731dd3	flt.s	x27,f6,f23	  f6:0xcefff7df f23:0x00000000 x27=0x00000001
     394945.000 ns	     39493	8000877c	d01f3153	fcvt.s.wu	f2,x30	 x30:0xfffffc9f  f2=0x4f7ffffd
     394975.000 ns	     39496	80008780	03f52db3	mulhsu	x27,x10,x31	 x10:0x00000000 x31:0x00001000 x27=0x00000000
     394995.000 ns	     39498	80008784	ca0d6913	ori	x18,x26,-864	 x26:0x00020010 x18=0xfffffcb0
     395015.000 ns	     39500	80008788	0292acb3	mulhsu	x25,x5,x9	  x5:0xfffe190c  x9:0x00040020 x25=0xfffffff8
     395045.000 ns	     39503	8000878c	c00efe53	fcvt.w.s	x28,f29	 f29:0x00000000 x28=0x00000000
     395065.000 ns	     39505	80008790	417504b3	sub	x9,x10,x23	 x10:0x00000000 x23:0x00000000  x9=0x00000000
     395075.000 ns	     39506	80008794	018d5f33	srl	x30,x26,x24	 x26:0x00020010 x24:0x00000000 x30=0x00020010
     395095.000 ns	     39508	80008798	d01f78d3	fcvt.s.wu	f17,x30	 x30:0xfffffc9f f17=0x48000400
     395115.000 ns	     39510	8000879c	01402233	slt	x4,x0,x20	  x0:0x00000000 x20:0x00000001  x4=0x00000001
     395135.000 ns	     39512	800087a0	c00a7e53	fcvt.w.s	x28,f20	 f20:0xcefff7df x28=0x7ffbef80
     395155.000 ns	     39514	800087a4	0b4ab993	sltiu	x19,x21,180	 x21:0x00000493 x19=0x00000000
     395165.000 ns	     39515	800087a8	00b1cd33	xor	x26,x3,x11	  x3:0xfffffdeb x11:0xffff8602 x26=0x00007be9
     395185.000 ns	     39517	800087ac	a02a2dd3	feq.s	x27,f20,f2	 f20:0xcefff7df  f2:0x4f7ffffd x27=0x00000000
     395205.000 ns	     39519	800087b0	409c5613	srai	x12,x24,0x9	 x24:0x00000000 x12=0x00000000
     395215.000 ns	     39520	800087b4	9a4aac13	slti	x24,x21,-1628	 x21:0x00000493 x24=0x00000000
     395235.000 ns	     39522	800087b8	290b18d3	fmax.s	f17,f22,f16	 f22:0xaeb4fec4 f16:0x4f00040f f17=0x4f00040f
     395605.000 ns	     39559	800087bc	0340edb3	rem	x27,x1,x20	  x1:0x00000009 x20:0x00000001 x27=0x00000000
     395625.000 ns	     39561	800087c0	00539713	slli	x14,x7,0x5	  x7:0x00000010 x14=0x00000200
     395635.000 ns	     39562	800087c4	01ff1f93	slli	x31,x30,0x1f	 x30:0x00020010 x31=0x00000000
     395645.000 ns	     39563	800087c8	cf0fee93	ori	x29,x31,-784	 x31:0x00001000 x29=0xfffffcf0
     395655.000 ns	     39564	800087cc	007a0a33	add	x20,x20,x7	 x20:0x00000001  x7:0x00000010 x20=0x00000011
     395675.000 ns	     39566	800087d0	a0df8fd3	fle.s	x31,f31,f13	 f31:0x00000000 f13:0x80000000 x31=0x00000001
     395695.000 ns	     39568	800087d4	0179c7b3	xor	x15,x19,x23	 x19:0x00000000 x23:0x00000000 x15=0x00000000
     395705.000 ns	     39569	800087d8	9e96b8b7	lui	x17,0x9e96b	 x17=0x9e96b000
     395725.000 ns	     39571	800087dc	030232b3	mulhu	x5,x4,x16	  x4:0x00000001 x16:0x80081044  x5=0x00000000
     395745.000 ns	     39573	800087e0	c8f73513	sltiu	x10,x14,-881	 x14:0x00000200 x10=0x00000001
     395765.000 ns	     39575	800087e4	280290d3	fmax.s	f1,f5,f0	  f5:0x7fc00000  f0:0x7fc00000  f1=0x7fc00000
     395785.000 ns	     39577	800087e8	0008ffb3	and	x31,x17,x0	 x17:0x9e96b000  x0:0x00000000 x31=0x00000000
     395795.000 ns	     39578	800087ec	005c7733	and	x14,x24,x5	 x24:0x00000000  x5:0x00000000 x14=0x00000000
     395815.000 ns	     39580	800087f0	027abb33	mulhu	x22,x21,x7	 x21:0x00000493  x7:0x00000010 x22=0x00000000
     395865.000 ns	     39585	800087f4	00e4add3	fadd.s	f27,f9,f14	  f9:0x80000000 f14:0x80000000 f27=0x80000000
     395885.000 ns	     39587	800087f8	1e7ec213	xori	x4,x29,487	 x29:0xfffffcf0  x4=0xfffffd17
     395895.000 ns	     39588	800087fc	001cfa33	and	x20,x25,x1	 x25:0xfffffff8  x1:0x00000009 x20=0x00000008
     395915.000 ns	     39590	80008800	f0020353	fmv.w.x	f6,x4	  x4:0x00000001  f6=0xfffffd17
     395945.000 ns	     39593	80008804	a1f21953	flt.s	x18,f4,f31	  f4:0x80000000 f31:0x00000000 x18=0x00000000
     395965.000 ns	     39595	80008808	00418c33	add	x24,x3,x4	  x3:0xfffffdeb  x4:0xfffffd17 x24=0xfffffb02
     395985.000 ns	     39597	8000880c	c01d03d3	fcvt.wu.s	x7,f26	 f26:0x00000001  x7=0x00000000
     396005.000 ns	     39599	80008810	00000013	addi	x0,x0,0	  x0:0x00000000
     396025.000 ns	     39601	80008814	c01c4253	fcvt.wu.s	x4,f24	 f24:0x00000000  x4=0x00000000
     396065.000 ns	     39605	80008818	580b8153	fsqrt.s	f2,f23	 f23:0x00000000  f2=0x00000000
     396095.000 ns	     39608	8000881c	030b3d33	mulhu	x26,x22,x16	 x22:0x00000000 x16:0x80081044 x26=0x00000000
     396115.000 ns	     39610	80008820	0060d913	srli	x18,x1,0x6	  x1:0x00000009 x18=0x00000000
     396135.000 ns	     39612	80008824	216a1153	fsgnjn.s	f2,f20,f22	 f20:0xcefff7df f22:0xaeb4fec4  f2=0x4efff7df
     397205.000 ns	     39719	80008828	580cf2d3	fsqrt.s	f5,f25	 f25:0x00000001  f5=0x1f350483
     397235.000 ns	     39722	8000882c	a1c42d53	feq.s	x26,f8,f28	  f8:0xaeb4fec4 f28:0x41100000 x26=0x00000000
     397265.000 ns	     39725	80008830	207e88d3	fsgnj.s	f17,f29,f7	 f29:0x00000000  f7:0xcefff7e0 f17=0x80000000
     397285.000 ns	     39727	80008834	f1ea1a97	auipc	x21,0xf1ea1	 x21=0x71ea9834
     397295.000 ns	     39728	80008838	0096deb3	srl	x29,x13,x9	 x13:0x80041024  x9:0x00000000 x29=0x80041024
     397305.000 ns	     39729	8000883c	01392c33	slt	x24,x18,x19	 x18:0x00000000 x19:0x00000000 x24=0x00000000
     397325.000 ns	     39731	80008840	e00b1c53	fclass.s	x24,f22	 f22:0xaeb4fec4 x24=0x00000002
     397345.000 ns	     39733	80008844	00ed6c33	or	x24,x26,x14	 x26:0x00000000 x14:0x00000000 x24=0x00000000
     397365.000 ns	     39735	80008848	a0ed1dd3	flt.s	x27,f26,f14	 f26:0x00000001 f14:0x80000000 x27=0x00000000
     397385.000 ns	     39737	8000884c	00dfd293	srli	x5,x31,0xd	 x31:0x00000000  x5=0x00000000
     397745.000 ns	     39773	80008850	035cd233	divu	x4,x25,x21	 x25:0xfffffff8 x21:0x71ea9834  x4=0x00000002
     397785.000 ns	     39777	80008854	192efb53	fdiv.s	f22,f29,f18	 f29:0x00000000 f18:0x7fc00000 f22=0x7fc00000
     397815.000 ns	     39780	80008858	e0039b53	fclass.s	x22,f7	  f7:0xcefff7e0 x22=0x00000002
     397845.000 ns	     39783	8000885c	d0147953	fcvt.s.wu	f18,x8	  x8:0x80040fe4 f18=0x4f00040f
     397875.000 ns	     39786	80008860	a0e1a1d3	feq.s	x3,f3,f14	  f3:0x4efff7df f14:0x80000000  x3=0x00000000
     397905.000 ns	     39789	80008864	03561533	mulh	x10,x12,x21	 x12:0x00000000 x21:0x71ea9834 x10=0x00000000
     397925.000 ns	     39791	80008868	04e6cc13	xori	x24,x13,78	 x13:0x80041024 x24=0x8004106a
     397945.000 ns	     39793	8000886c	e00d04d3	fmv.x.w	x9,f26	 f26:0x00000001  x9=0x00000001
     397995.000 ns	     39798	80008870	0055c4d3	fadd.s	f9,f11,f5	 f11:0x4f002586  f5:0x1f350483  f9=0x4f002586
     398015.000 ns	     39800	80008874	c07c3513	sltiu	x10,x24,-1017	 x24:0x8004106a x10=0x00000001
     398025.000 ns	     39801	80008878	00023a33	sltu	x20,x4,x0	  x4:0x00000002  x0:0x00000000 x20=0x00000000
     398035.000 ns	     39802	8000887c	00000013	addi	x0,x0,0	  x0:0x00000000
     398075.000 ns	     39806	80008880	011af8d3	fadd.s	f17,f21,f17	 f21:0x00000000 f17:0x80000000 f17=0x80000000
     398095.000 ns	     39808	80008884	00f455b3	srl	x11,x8,x15	  x8:0x80040fe4 x15:0x00000000 x11=0x80040fe4
     398105.000 ns	     39809	80008888	00000013	addi	x0,x0,0	  x0:0x00000000
     398125.000 ns	     39811	8000888c	e00e02d3	fmv.x.w	x5,f28	 f28:0x41100000  x5=0x41100000
     398145.000 ns	     39813	80008890	42404893	xori	x17,x0,1060	  x0:0x00000000 x17=0x00000424
     398155.000 ns	     39814	80008894	008672b3	and	x5,x12,x8	 x12:0x00000000  x8:0x80040fe4  x5=0x00000000
     398175.000 ns	     39816	80008898	032f03b3	mul	x7,x30,x18	 x30:0x00020010 x18:0x00000000  x7=0x00000000
     398195.000 ns	     39818	8000889c	0928e113	ori	x2,x17,146	 x17:0x00000424  x2=0x000004b6
     398215.000 ns	     39820	800088a0	a1880fd3	fle.s	x31,f16,f24	 f16:0x4f00040f f24:0x00000000 x31=0x00000000
     398245.000 ns	     39823	800088a4	03aba733	mulhsu	x14,x23,x26	 x23:0x00000000 x26:0x00000000 x14=0x00000000
     398615.000 ns	     39860	800088a8	02b9e8b3	rem	x17,x19,x11	 x19:0x00000000 x11:0x80040fe4 x17=0x00000000
     398985.000 ns	     39897	800088ac	03c1e5b3	rem	x11,x3,x28	  x3:0x00000000 x28:0x7ffbef80 x11=0x00000000
     399015.000 ns	     39900	800088b0	021a3333	mulhu	x6,x20,x1	 x20:0x00000000  x1:0x00000009  x6=0x00000000
     399035.000 ns	     39902	800088b4	00d93e33	sltu	x28,x18,x13	 x18:0x00000000 x13:0x80041024 x28=0x00000001
     399045.000 ns	     39903	800088b8	01f46933	or	x18,x8,x31	  x8:0x80040fe4 x31:0x00000000 x18=0x80040fe4
     399065.000 ns	     39905	800088bc	d00a7553	fcvt.s.w	f10,x20	 x20:0x00000000 f10=0x00000000
     399085.000 ns	     39907	800088c0	8de81297	auipc	x5,0x8de81	  x5=0x0de898c0
     399105.000 ns	     39909	800088c4	f00a0c53	fmv.w.x	f24,x20	 x20:0x00000000 f24=0x00000000
     399125.000 ns	     39911	800088c8	23da7013	andi	x0,x20,573	 x20:0x00000000
     399145.000 ns	     39913	800088cc	03f9db33	divu	x22,x19,x31	 x19:0x00000000 x31:0x00000000 x22=0xffffffff
     399165.000 ns	     39915	800088d0	00cc0bb3	add	x23,x24,x12	 x24:0x8004106a x12:0x00000000 x23=0x8004106a
     399185.000 ns	     39917	800088d4	0331e4b3	rem	x9,x3,x19	  x3:0x00000000 x19:0x00000000  x9=0x00000000
     399215.000 ns	     39920	800088d8	a010a5d3	feq.s	x11,f1,f1	  f1:0x7fc00000  f1:0x7fc00000 x11=0x00000000
     399235.000 ns	     39922	800088dc	40a75e13	srai	x28,x14,0xa	 x14:0x00000000 x28=0x00000000
     399245.000 ns	     39923	800088e0	0cb1be93	sltiu	x29,x3,203	  x3:0x00000000 x29=0x00000001
     399255.000 ns	     39924	800088e4	40285b93	srai	x23,x16,0x2	 x16:0x80081044 x23=0xe0020411
     399265.000 ns	     39925	800088e8	00bac533	xor	x10,x21,x11	 x21:0x71ea9834 x11:0x00000000 x10=0x71ea9834
     399275.000 ns	     39926	800088ec	41f15513	srai	x10,x2,0x1f	  x2:0x000004b6 x10=0x00000000
     399295.000 ns	     39928	800088f0	d01efe53	fcvt.s.wu	f28,x29	 x29:0x00000001 f28=0x3f800000
     399325.000 ns	     39931	800088f4	a1ed9253	flt.s	x4,f27,f30	 f27:0x80000000 f30:0x00000001  x4=0x00000001
     399355.000 ns	     39934	800088f8	03d78ab3	mul	x21,x15,x29	 x15:0x00000000 x29:0x00000001 x21=0x00000000
     399385.000 ns	     39937	800088fc	d0019453	fcvt.s.w	f8,x3	  x3:0x00000000  f8=0x00000000
     399755.000 ns	     39974	80008900	028aef33	rem	x30,x21,x8	 x21:0x00000000  x8:0x80040fe4 x30=0x00000000
     399775.000 ns	     39976	80008904	39eacd97	auipc	x27,0x39eac	 x27=0xb9eb4904
     399795.000 ns	     39978	80008908	f00b8ed3	fmv.w.x	f29,x23	 x23:0xe0020411 f29=0xe0020411
     399815.000 ns	     39980	8000890c	00000013	addi	x0,x0,0	  x0:0x00000000
     399845.000 ns	     39983	80008910	1996f453	fdiv.s	f8,f13,f25	 f13:0x80000000 f25:0x00000001  f8=0x80000000
     399865.000 ns	     39985	80008914	408588b3	sub	x17,x11,x8	 x11:0x00000000  x8:0x80040fe4 x17=0x7ffbf01c
     399875.000 ns	     39986	80008918	0047eeb3	or	x29,x15,x4	 x15:0x00000000  x4:0x00000001 x29=0x00000001
     399885.000 ns	     39987	8000891c	41b6df93	srai	x31,x13,0x1b	 x13:0x80041024 x31=0xfffffff0
     399905.000 ns	     39989	80008920	a1650053	fle.s	x0,f10,f22	 f10:0x00000000 f22:0x7fc00000
     399925.000 ns	     39991	80008924	3b077213	andi	x4,x14,944	 x14:0x00000000  x4=0x00000000
     399935.000 ns	     39992	80008928	f479ebb7	lui	x23,0xf479e	 x23=0xf479e000
     399945.000 ns	     39993	8000892c	b8263113	sltiu	x2,x12,-1150	 x12:0x00000000  x2=0x00000001
     399955.000 ns	     39994	80008930	01b41193	slli	x3,x8,0x1b	  x8:0x80040fe4  x3=0x20000000
     399975.000 ns	     39996	80008934	c01b78d3	fcvt.wu.s	x17,f22	 f22:0x7fc00000 x17=0xffffffff
     399995.000 ns	     39998	80008938	c4c4b4b7	lui	x9,0xc4c4b	  x9=0xc4c4b000
     400015.000 ns	     40000	8000893c	d0168a53	fcvt.s.wu	f20,x13	 x13:0x80041024 f20=0x4f000410
     400035.000 ns	     40002	80008940	00932133	slt	x2,x6,x9	  x6:0x00000000  x9:0x00000000  x2=0x00000000
     400055.000 ns	     40004	80008944	294108d3	fmin.s	f17,f2,f20	  f2:0x4efff7df f20:0x4f000410 f17=0x4efff7df
     400075.000 ns	     40006	80008948	01efd313	srli	x6,x31,0x1e	 x31:0xfffffff0  x6=0x00000003
     400085.000 ns	     40007	8000894c	00000013	addi	x0,x0,0	  x0:0x00000000
     400105.000 ns	     40009	80008950	027f7933	remu	x18,x30,x7	 x30:0x00000000  x7:0x00000000 x18=0x00000000
     400125.000 ns	     40011	80008954	40c35233	sra	x4,x6,x12	  x6:0x00000003 x12:0x00000000  x4=0x00000003
     400145.000 ns	     40013	80008958	029f2833	mulhsu	x16,x30,x9	 x30:0x00000000  x9:0xc4c4b000 x16=0x00000000
     400175.000 ns	     40016	8000895c	c006fb53	fcvt.w.s	x22,f13	 f13:0x80000000 x22=0x00000000
     400195.000 ns	     40018	80008960	011d3db3	sltu	x27,x26,x17	 x26:0x00000000 x17:0xffffffff x27=0x00000001
     400205.000 ns	     40019	80008964	7771b817	auipc	x16,0x7771b	 x16=0xf7723964
     400225.000 ns	     40021	80008968	c0097c53	fcvt.w.s	x24,f18	 f18:0x4f00040f x24=0x7fffffff
     400245.000 ns	     40023	8000896c	b0530513	addi	x10,x6,-1275	  x6:0x00000003 x10=0xfffffb08
     400265.000 ns	     40025	80008970	28661553	fmax.s	f10,f12,f6	 f12:0x00000001  f6:0xfffffd17 f10=0x00000001
     400285.000 ns	     40027	80008974	008e91b3	sll	x3,x29,x8	 x29:0x00000001  x8:0x80040fe4  x3=0x00000010
     400295.000 ns	     40028	80008978	01227933	and	x18,x4,x18	  x4:0x00000003 x18:0x00000000 x18=0x00000000
     400305.000 ns	     40029	8000897c	00c222b3	slt	x5,x4,x12	  x4:0x00000003 x12:0x00000000  x5=0x00000000
     400325.000 ns	     40031	80008980	20a52253	fsgnjx.s	f4,f10,f10	 f10:0x00000001 f10:0x00000001  f4=0x00000001
     400345.000 ns	     40033	80008984	01195733	srl	x14,x18,x17	 x18:0x00000000 x17:0xffffffff x14=0x00000000
     400355.000 ns	     40034	80008988	5d8eb317	auipc	x6,0x5d8eb	  x6=0xdd8f3988
     400375.000 ns	     40036	8000898c	d0030053	fcvt.s.w	f0,x6	  x6:0x00000003  f0=0xce09c319
     400395.000 ns	     40038	80008990	01a725b3	slt	x11,x14,x26	 x14:0x00000000 x26:0x00000000 x11=0x00000000
     400435.000 ns	     40042	80008994	095ca153	fsub.s	f2,f25,f21	 f25:0x00000001 f21:0x00000000  f2=0x00000001
     400455.000 ns	     40044	80008998	01909eb3	sll	x29,x1,x25	  x1:0x00000009 x25:0xfffffff8 x29=0x09000000
     400465.000 ns	     40045	8000899c	4df0cab7	lui	x21,0x4df0c	 x21=0x4df0c000
     400495.000 ns	     40048	800089a0	1062f2d3	fmul.s	f5,f5,f6	  f5:0x1f350483  f6:0xfffffd17  f5=0x7fc00000
     400545.000 ns	     40053	800089a4	0804fc53	fsub.s	f24,f9,f0	  f9:0x4f002586  f0:0xce09c319 f24=0x4f22964c
     400575.000 ns	     40056	800089a8	c00f4053	fcvt.w.s	x0,f30	 f30:0x00000001
     400605.000 ns	     40059	800089ac	21069853	fsgnjn.s	f16,f13,f16	 f13:0x80000000 f16:0x4f00040f f16=0x80000000
     400635.000 ns	     40062	800089b0	f0060553	fmv.w.x	f10,x12	 x12:0x00000000 f10=0x00000000
     400655.000 ns	     40064	800089b4	01575293	srli	x5,x14,0x15	 x14:0x00000000  x5=0x00000000
     400675.000 ns	     40066	800089b8	c0098f53	fcvt.w.s	x30,f19	 f19:0x00000000 x30=0x00000000
     400695.000 ns	     40068	800089bc	4095d793	srai	x15,x11,0x9	 x11:0x00000000 x15=0x00000000
     400715.000 ns	     40070	800089c0	a14e0b53	fle.s	x22,f28,f20	 f28:0x3f800000 f20:0x4f000410 x22=0x00000001
     400745.000 ns	     40073	800089c4	20d48153	fsgnj.s	f2,f9,f13	  f9:0x4f002586 f13:0x80000000  f2=0xcf002586
     400775.000 ns	     40076	800089c8	d00474d3	fcvt.s.w	f9,x8	  x8:0x80040fe4  f9=0xcefff7e0
     400805.000 ns	     40079	800089cc	e00b9953	fclass.s	x18,f23	 f23:0x00000000 x18=0x00000010
     400825.000 ns	     40081	800089d0	1f89a913	slti	x18,x19,504	 x19:0x00000000 x18=0x00000001
     400835.000 ns	     40082	800089d4	2f38a313	slti	x6,x17,755	 x17:0xffffffff  x6=0x00000001
     400865.000 ns	     40085	800089d8	19d097d3	fdiv.s	f15,f1,f29	  f1:0x7fc00000 f29:0xe0020411 f15=0x7fc00000
     400915.000 ns	     40090	800089dc	09677653	fsub.s	f12,f14,f22	 f14:0x80000000 f22:0x7fc00000 f12=0x7fc00000
     400945.000 ns	     40093	800089e0	a1219253	flt.s	x4,f3,f18	  f3:0x4efff7df f18:0x4f00040f  x4=0x00000001
     400965.000 ns	     40095	800089e4	0191f4b3	and	x9,x3,x25	  x3:0x00000010 x25:0xfffffff8  x9=0x00000010
     400975.000 ns	     40096	800089e8	d1603513	sltiu	x10,x0,-746	  x0:0x00000000 x10=0x00000001
     400995.000 ns	     40098	800089ec	0206ef33	rem	x30,x13,x0	 x13:0x80041024  x0:0x00000000 x30=0x80041024
     401015.000 ns	     40100	800089f0	f14a8493	addi	x9,x21,-236	 x21:0x4df0c000  x9=0x4df0bf14
     401035.000 ns	     40102	800089f4	29a68a53	fmin.s	f20,f13,f26	 f13:0x80000000 f26:0x00000001 f20=0x80000000
     401405.000 ns	     40139	800089f8	02a0f1b3	remu	x3,x1,x10	  x1:0x00000009 x10:0x00000001  x3=0x00000000
     401425.000 ns	     40141	800089fc	011dd7b3	srl	x15,x27,x17	 x27:0x00000001 x17:0xffffffff x15=0x00000000
     401445.000 ns	     40143	80008a00	294e0ad3	fmin.s	f21,f28,f20	 f28:0x3f800000 f20:0x80000000 f21=0x80000000
     401475.000 ns	     40146	80008a04	a02501d3	fle.s	x3,f10,f2	 f10:0x00000000  f2:0xcf002586  x3=0x00000000
     401505.000 ns	     40149	80008a08	f00d8853	fmv.w.x	f16,x27	 x27:0x00000001 f16=0x00000001
     401535.000 ns	     40152	80008a0c	d0137bd3	fcvt.s.wu	f23,x6	  x6:0x00000001 f23=0x3f800000
     401555.000 ns	     40154	80008a10	40915c33	sra	x24,x2,x9	  x2:0x00000000  x9:0x4df0bf14 x24=0x00000000
     401595.000 ns	     40158	80008a14	088d7b53	fsub.s	f22,f26,f8	 f26:0x00000001  f8:0x80000000 f22=0x00000001
     401625.000 ns	     40161	80008a18	d00172d3	fcvt.s.w	f5,x2	  x2:0x00000000  f5=0x00000000
     401645.000 ns	     40163	80008a1c	005dc633	xor	x12,x27,x5	 x27:0x00000001  x5:0x00000000 x12=0x00000001
     401665.000 ns	     40165	80008a20	a1a8ac53	feq.s	x24,f17,f26	 f17:0x4efff7df f26:0x00000001 x24=0x00000000
     401695.000 ns	     40168	80008a24	f0010953	fmv.w.x	f18,x2	  x2:0x00000000 f18=0x00000000
     401725.000 ns	     40171	80008a28	c009f1d3	fcvt.w.s	x3,f19	 f19:0x00000000  x3=0x00000000
     401755.000 ns	     40174	80008a2c	02e66933	rem	x18,x12,x14	 x12:0x00000001 x14:0x00000000 x18=0x00000001
     402125.000 ns	     40211	80008a30	0245f233	remu	x4,x11,x4	 x11:0x00000000  x4:0x00000001  x4=0x00000000
     402155.000 ns	     40214	80008a34	e0071253	fclass.s	x4,f14	 f14:0x80000000  x4=0x00000008
     402185.000 ns	     40217	80008a38	20048253	fsgnj.s	f4,f9,f0	  f9:0xcefff7e0  f0:0xce09c319  f4=0xcefff7e0
     402205.000 ns	     40219	80008a3c	00fe65b3	or	x11,x28,x15	 x28:0x00000000 x15:0x00000000 x11=0x00000000
     402215.000 ns	     40220	80008a40	bb633b93	sltiu	x23,x6,-1098	  x6:0x00000001 x23=0x00000001
     402235.000 ns	     40222	80008a44	202cab53	fsgnjx.s	f22,f25,f2	 f25:0x00000001  f2:0xcf002586 f22=0x80000001
     402265.000 ns	     40225	80008a48	03719833	mulh	x16,x3,x23	  x3:0x00000000 x23:0xf479e000 x16=0x00000000
     402285.000 ns	     40227	80008a4c	62083493	sltiu	x9,x16,1568	 x16:0xf7723964  x9=0x00000001
     402325.000 ns	     40231	80008a50	080cf553	fsub.s	f10,f25,f0	 f25:0x00000001  f0:0xce09c319 f10=0x4e09c319
     402355.000 ns	     40234	80008a54	02bc2a33	mulhsu	x20,x24,x11	 x24:0x00000000 x11:0x00000000 x20=0x00000000
     402385.000 ns	     40237	80008a58	21050fd3	fsgnj.s	f31,f10,f16	 f10:0x4e09c319 f16:0x00000001 f31=0x4e09c319
     402415.000 ns	     40240	80008a5c	03b71cb3	mulh	x25,x14,x27	 x14:0x00000000 x27:0x00000001 x25=0x00000000
     402435.000 ns	     40242	80008a60	000a7533	and	x10,x20,x0	 x20:0x00000000  x0:0x00000000 x10=0x00000000
     402445.000 ns	     40243	80008a64	2b6a6613	ori	x12,x20,694	 x20:0x00000000 x12=0x000002b6
     402465.000 ns	     40245	80008a68	a0c914d3	flt.s	x9,f18,f12	 f18:0x00000000 f12:0x7fc00000  x9=0x00000000
     402495.000 ns	     40248	80008a6c	29768553	fmin.s	f10,f13,f23	 f13:0x80000000 f23:0x3f800000 f10=0x80000000
     402515.000 ns	     40250	80008a70	612ffe13	andi	x28,x31,1554	 x31:0xfffffff0 x28=0x00000610
     402535.000 ns	     40252	80008a74	28978553	fmin.s	f10,f15,f9	 f15:0x7fc00000  f9:0xcefff7e0 f10=0xcefff7e0
     402575.000 ns	     40256	80008a78	10da7b53	fmul.s	f22,f20,f13	 f20:0x80000000 f13:0x80000000 f22=0x00000000
     402595.000 ns	     40258	80008a7c	004a6e33	or	x28,x20,x4	 x20:0x00000000  x4:0x00000008 x28=0x00000008
     402615.000 ns	     40260	80008a80	c0128053	fcvt.wu.s	x0,f5	  f5:0x00000000
     402635.000 ns	     40262	80008a84	81548b93	addi	x23,x9,-2027	  x9:0x00000000 x23=0xfffff815
     402645.000 ns	     40263	80008a88	00000013	addi	x0,x0,0	  x0:0x00000000
     402655.000 ns	     40264	80008a8c	01eed513	srli	x10,x29,0x1e	 x29:0x09000000 x10=0x00000000
     402665.000 ns	     40265	80008a90	019d8cb3	add	x25,x27,x25	 x27:0x00000001 x25:0x00000000 x25=0x00000001
     402685.000 ns	     40267	80008a94	c0110e53	fcvt.wu.s	x28,f2	  f2:0xcf002586 x28=0x80258600
     402705.000 ns	     40269	80008a98	001dc333	xor	x6,x27,x1	 x27:0x00000001  x1:0x00000009  x6=0x00000008
     403065.000 ns	     40305	80008a9c	021eebb3	rem	x23,x29,x1	 x29:0x09000000  x1:0x00000009 x23=0x00000000
     403085.000 ns	     40307	80008aa0	41588a33	sub	x20,x17,x21	 x17:0xffffffff x21:0x4df0c000 x20=0xb20f3fff
     403105.000 ns	     40309	80008aa4	296112d3	fmax.s	f5,f2,f22	  f2:0xcf002586 f22:0x00000000  f5=0x00000000
     403135.000 ns	     40312	80008aa8	a0980c53	fle.s	x24,f16,f9	 f16:0x00000001  f9:0xcefff7e0 x24=0x00000000
     403155.000 ns	     40314	80008aac	c097e193	ori	x3,x15,-1015	 x15:0x00000000  x3=0xfffffc09
     403165.000 ns	     40315	80008ab0	01b6df13	srli	x30,x13,0x1b	 x13:0x80041024 x30=0x00000010
     403175.000 ns	     40316	80008ab4	737e6f13	ori	x30,x28,1847	 x28:0x80258600 x30=0x80258737
     403195.000 ns	     40318	80008ab8	03a60033	mul	x0,x12,x26	 x12:0x000002b6 x26:0x00000000
     403215.000 ns	     40320	80008abc	00b9b333	sltu	x6,x19,x11	 x19:0x00000000 x11:0x00000000  x6=0x00000000
     403575.000 ns	     40356	80008ac0	024f67b3	rem	x15,x30,x4	 x30:0x80258737  x4:0x00000008 x15=0xffffffff
     403605.000 ns	     40359	80008ac4	a0592fd3	feq.s	x31,f18,f5	 f18:0x00000000  f5:0x00000000 x31=0x00000001
     403655.000 ns	     40364	80008ac8	08f283d3	fsub.s	f7,f5,f15	  f5:0x00000000 f15:0x7fc00000  f7=0x7fc00000
     403675.000 ns	     40366	80008acc	c1fd6893	ori	x17,x26,-993	 x26:0x00000000 x17=0xfffffc1f
     403685.000 ns	     40367	80008ad0	00ee8613	addi	x12,x29,14	 x29:0x09000000 x12=0x0900000e
     403705.000 ns	     40369	80008ad4	e00d8153	fmv.x.w	x2,f27	 f27:0x80000000  x2=0x80000000
     403725.000 ns	     40371	80008ad8	40afd733	sra	x14,x31,x10	 x31:0x00000001 x10:0x00000000 x14=0x00000001
     404085.000 ns	     40407	80008adc	0352f033	remu	x0,x5,x21	  x5:0x00000000 x21:0x4df0c000
     404115.000 ns	     40410	80008ae0	f0018153	fmv.w.x	f2,x3	  x3:0xfffffc09  f2=0xfffffc09
     404145.000 ns	     40413	80008ae4	e0000553	fmv.x.w	x10,f0	  f0:0xce09c319 x10=0xce09c319
     404165.000 ns	     40415	80008ae8	d83e8893	addi	x17,x29,-637	 x29:0x09000000 x17=0x08fffd83
     404175.000 ns	     40416	80008aec	2985f493	andi	x9,x11,664	 x11:0x00000000  x9=0x00000000
     404185.000 ns	     40417	80008af0	01559e33	sll	x28,x11,x21	 x11:0x00000000 x21:0x4df0c000 x28=0x00000000
     404195.000 ns	     40418	80008af4	95edcb37	lui	x22,0x95edc	 x22=0x95edc000
     404205.000 ns	     40419	80008af8	012078b3	and	x17,x0,x18	  x0:0x00000000 x18:0x00000001 x17=0x00000000
     404215.000 ns	     40420	80008afc	41745393	srai	x7,x8,0x17	  x8:0x80040fe4  x7=0xffffff00
     405385.000 ns	     40537	80008b00	580f2a53	fsqrt.s	f20,f30	 f30:0x00000001 f20=0x1f350483
     405405.000 ns	     40539	80008b04	41c9d7b3	sra	x15,x19,x28	 x19:0x00000000 x28:0x00000000 x15=0x00000000
     405425.000 ns	     40541	80008b08	e00d92d3	fclass.s	x5,f27	 f27:0x80000000  x5=0x00000008
     405455.000 ns	     40544	80008b0c	d004a7d3	fcvt.s.w	f15,x9	  x9:0x00000000 f15=0x00000000
     405485.000 ns	     40547	80008b10	021f11b3	mulh	x3,x30,x1	 x30:0x80258737  x1:0x00000009  x3=0xfffffffb
     405505.000 ns	     40549	80008b14	e1800613	addi	x12,x0,-488	  x0:0x00000000 x12=0xfffffe18
     405865.000 ns	     40585	80008b18	02cad533	divu	x10,x21,x12	 x21:0x4df0c000 x12:0x0900000e x10=0x00000000
     405885.000 ns	     40587	80008b1c	41cf0db3	sub	x27,x30,x28	 x30:0x80258737 x28:0x00000000 x27=0x80258737
     405895.000 ns	     40588	80008b20	01c35293	srli	x5,x6,0x1c	  x6:0x00000000  x5=0x00000000
     405915.000 ns	     40590	80008b24	a1d12153	feq.s	x2,f2,f29	  f2:0xfffffc09 f29:0xe0020411  x2=0x00000000
     405945.000 ns	     40593	80008b28	a10d81d3	fle.s	x3,f27,f16	 f27:0x80000000 f16:0x00000001  x3=0x00000001
     405965.000 ns	     40595	80008b2c	4086d333	sra	x6,x13,x8	 x13:0x80041024  x8:0x80040fe4  x6=0xf8004102
     405985.000 ns	     40597	80008b30	211b1653	fsgnjn.s	f12,f22,f17	 f22:0x00000000 f17:0x4efff7df f12=0x80000000
     406005.000 ns	     40599	80008b34	00000013	addi	x0,x0,0	  x0:0x00000000
     406025.000 ns	     40601	80008b38	a0780dd3	fle.s	x27,f16,f7	 f16:0x00000001  f7:0x7fc00000 x27=0x00000000
     406055.000 ns	     40604	80008b3c	a1ed9653	flt.s	x12,f27,f30	 f27:0x80000000 f30:0x00000001 x12=0x00000001
     406075.000 ns	     40606	80008b40	27b4ae93	slti	x29,x9,635	  x9:0x00000000 x29=0x00000001
     406095.000 ns	     40608	80008b44	208b0653	fsgnj.s	f12,f22,f8	 f22:0x00000000  f8:0x80000000 f12=0x80000000
     406115.000 ns	     40610	80008b48	00134333	xor	x6,x6,x1	  x6:0xf8004102  x1:0x00000009  x6=0xf800410b
     406125.000 ns	     40611	80008b4c	009abe33	sltu	x28,x21,x9	 x21:0x4df0c000  x9:0x00000000 x28=0x00000000
     406145.000 ns	     40613	80008b50	02069e33	mulh	x28,x13,x0	 x13:0x80041024  x0:0x00000000 x28=0x00000000
     406175.000 ns	     40616	80008b54	20e81153	fsgnjn.s	f2,f16,f14	 f16:0x00000001 f14:0x80000000  f2=0x00000001
     406205.000 ns	     40619	80008b58	c012a8d3	fcvt.wu.s	x17,f5	  f5:0x00000000 x17=0x00000000
     406225.000 ns	     40621	80008b5c	709be3b7	lui	x7,0x709be	  x7=0x709be000
     407395.000 ns	     40738	80008b60	580e3dd3	fsqrt.s	f27,f28	 f28:0x3f800000 f27=0x3f7fffae
     407415.000 ns	     40740	80008b64	41eb0fb3	sub	x31,x22,x30	 x22:0x95edc000 x30:0x80258737 x31=0x15c838c9
     407435.000 ns	     40742	80008b68	20a00ad3	fsgnj.s	f21,f0,f10	  f0:0xce09c319 f10:0xcefff7e0 f21=0xce09c319
     407465.000 ns	     40745	80008b6c	208616d3	fsgnjn.s	f13,f12,f8	 f12:0x80000000  f8:0x80000000 f13=0x00000000
     407495.000 ns	     40748	80008b70	c01df2d3	fcvt.wu.s	x5,f27	 f27:0x3f7fffae  x5=0x00000000
     407525.000 ns	     40751	80008b74	023483b3	mul	x7,x9,x3	  x9:0x00000000  x3:0x00000001  x7=0x00000000
     407545.000 ns	     40753	80008b78	00ff8e33	add	x28,x31,x15	 x31:0x15c838c9 x15:0x00000000 x28=0x15c838c9
     407905.000 ns	     40789	80008b7c	03c9cab3	div	x21,x19,x28	 x19:0x00000000 x28:0x00000000 x21=0x00000000
     407925.000 ns	     40791	80008b80	005b5b13	srli	x22,x22,0x5	 x22:0x95edc000 x22=0x04af6e00
     407955.000 ns	     40794	80008b84	580af1d3	fsqrt.s	f3,f21	 f21:0xce09c319  f3=0x7fc00000
     407985.000 ns	     40797	80008b88	21718253	fsgnj.s	f4,f3,f23	  f3:0x4efff7df f23:0x3f800000  f4=0x7fc00000
     408005.000 ns	     40799	80008b8c	00614e33	xor	x28,x2,x6	  x2:0x00000000  x6:0xf800410b x28=0xf800410b
     408025.000 ns	     40801	80008b90	21db0c53	fsgnj.s	f24,f22,f29	 f22:0x00000000 f29:0xe0020411 f24=0x80000000
     408055.000 ns	     40804	80008b94	c01e7053	fcvt.wu.s	x0,f28	 f28:0x3f800000
     408085.000 ns	     40807	80008b98	200d9353	fsgnjn.s	f6,f27,f0	 f27:0x3f7fffae  f0:0xce09c319  f6=0x3f7fffae
     408115.000 ns	     40810	80008b9c	209e2953	fsgnjx.s	f18,f28,f9	 f28:0x3f800000  f9:0xcefff7e0 f18=0xbf800000
     408135.000 ns	     40812	80008ba0	008b1a13	slli	x20,x22,0x8	 x22:0x04af6e00 x20=0xaf6e0000
     408145.000 ns	     40813	80008ba4	48b66e93	ori	x29,x12,1163	 x12:0x00000001 x29=0x0000048b
     408165.000 ns	     40815	80008ba8	286488d3	fmin.s	f17,f9,f6	  f9:0xcefff7e0  f6:0x3f7fffae f17=0xcefff7e0
     408535.000 ns	     40852	80008bac	034dd333	divu	x6,x27,x20	 x27:0x00000000 x20:0xaf6e0000  x6=0x00000000
     408565.000 ns	     40855	80008bb0	c0110753	fcvt.wu.s	x14,f2	  f2:0x00000001 x14=0x00000000
     408605.000 ns	     40859	80008bb4	18db2cd3	fdiv.s	f25,f22,f13	 f22:0x00000000 f13:0x00000000 f25=0x7fc00000
     408625.000 ns	     40861	80008bb8	006a85b3	add	x11,x21,x6	 x21:0x00000000  x6:0x00000000 x11=0x00000000
     408635.000 ns	     40862	80008bbc	418f0a33	sub	x20,x30,x24	 x30:0x80258737 x24:0x00000000 x20=0x80258737
     408655.000 ns	     40864	80008bc0	0206acb3	mulhsu	x25,x13,x0	 x13:0x80041024  x0:0x00000000 x25=0x00000000
     408685.000 ns	     40867	80008bc4	28751bd3	fmax.s	f23,f10,f7	 f10:0xcefff7e0  f7:0x7fc00000 f23=0xcefff7e0
     408715.000 ns	     40870	80008bc8	e0029dd3	fclass.s	x27,f5	  f5:0x00000000 x27=0x00000010
     408735.000 ns	     40872	80008bcc	01cb1f13	slli	x30,x22,0x1c	 x22:0x04af6e00 x30=0x00000000
     408745.000 ns	     40873	80008bd0	37edb213	sltiu	x4,x27,894	 x27:0x00000010  x4=0x00000001
     408765.000 ns	     40875	80008bd4	03385c33	divu	x24,x16,x19	 x16:0x00000000 x19:0x00000000 x24=0xffffffff
     408795.000 ns	     40878	80008bd8	c01efed3	fcvt.wu.s	x29,f29	 f29:0xe0020411 x29=0x00000000
     409165.000 ns	     40915	80008bdc	03b15c33	divu	x24,x2,x27	  x2:0x00000000 x27:0x00000010 x24=0x00000000
     409195.000 ns	     40918	80008be0	d0193253	fcvt.s.wu	f4,x18	 x18:0x00000001  f4=0x3f800000
     409225.000 ns	     40921	80008be4	a04f98d3	flt.s	x17,f31,f4	 f31:0x4e09c319  f4:0x7fc00000 x17=0x00000000
     409255.000 ns	     40924	80008be8	a1541b53	flt.s	x22,f8,f21	  f8:0x80000000 f21:0xce09c319 x22=0x00000000
     409275.000 ns	     40926	80008bec	00087eb3	and	x29,x16,x0	 x16:0x00000000  x0:0x00000000 x29=0x00000000
     409285.000 ns	     40927	80008bf0	00000013	addi	x0,x0,0	  x0:0x00000000
     409305.000 ns	     40929	80008bf4	a1cb22d3	feq.s	x5,f22,f28	 f22:0x00000000 f28:0x3f800000  x5=0x00000000
     409335.000 ns	     40932	80008bf8	d00ff053	fcvt.s.w	f0,x31	 x31:0x15c838c9  f0=0x4dae41c6
     409355.000 ns	     40934	80008bfc	018cba33	sltu	x20,x25,x24	 x25:0x00000000 x24:0x00000000 x20=0x00000000
     409365.000 ns	     40935	80008c00	014ec933	xor	x18,x29,x20	 x29:0x00000000 x20:0x80258737 x18=0x00000000
     409385.000 ns	     40937	80008c04	02e95533	divu	x10,x18,x14	 x18:0x00000001 x14:0x00000000 x10=0xffffffff
     409425.000 ns	     40941	80008c08	181cb5d3	fdiv.s	f11,f25,f1	 f25:0x7fc00000  f1:0x7fc00000 f11=0x7fc00000
     409455.000 ns	     40944	80008c0c	21478053	fsgnj.s	f0,f15,f20	 f15:0x00000000 f20:0x1f350483  f0=0x00000000
     409475.000 ns	     40946	80008c10	01c8d8b3	srl	x17,x17,x28	 x17:0x00000000 x28:0xf800410b x17=0x00000000
     409495.000 ns	     40948	80008c14	e00a9a53	fclass.s	x20,f21	 f21:0xce09c319 x20=0x00000002
     409515.000 ns	     40950	80008c18	00000013	addi	x0,x0,0	  x0:0x00000000
     409535.000 ns	     40952	80008c1c	d0102053	fcvt.s.wu	f0,x0	  x0:0x00000000  f0=0x00000000
     409565.000 ns	     40955	80008c20	215f17d3	fsgnjn.s	f15,f30,f21	 f30:0x00000001 f21:0xce09c319 f15=0x00000001
     409595.000 ns	     40958	80008c24	a1ff9653	flt.s	x12,f31,f31	 f31:0x4e09c319 f31:0x4e09c319 x12=0x00000000
     409615.000 ns	     40960	80008c28	66141117	auipc	x2,0x66141	  x2=0xe6149c28
     409625.000 ns	     40961	80008c2c	b1182f13	slti	x30,x16,-1263	 x16:0x00000000 x30=0x00000000
     409645.000 ns	     40963	80008c30	03940eb3	mul	x29,x8,x25	  x8:0x80040fe4 x25:0x00000000 x29=0x00000000
     409675.000 ns	     40966	80008c34	e00d8fd3	fmv.x.w	x31,f27	 f27:0x3f7fffae x31=0x3f7fffae
     409695.000 ns	     40968	80008c38	01430233	add	x4,x6,x20	  x6:0x00000000 x20:0x00000002  x4=0x00000002
     409715.000 ns	     40970	80008c3c	a07a8dd3	fle.s	x27,f21,f7	 f21:0xce09c319  f7:0x7fc00000 x27=0x00000000
     409735.000 ns	     40972	80008c40	40588533	sub	x10,x17,x5	 x17:0x00000000  x5:0x00000000 x10=0x00000000
     409745.000 ns	     40973	80008c44	00e0b8b3	sltu	x17,x1,x14	  x1:0x00000009 x14:0x00000000 x17=0x00000000
     409765.000 ns	     40975	80008c48	209d1153	fsgnjn.s	f2,f26,f9	 f26:0x00000001  f9:0xcefff7e0  f2=0x00000001
     409785.000 ns	     40977	80008c4c	487bb193	sltiu	x3,x23,1159	 x23:0x00000000  x3=0x00000001
     409795.000 ns	     40978	80008c50	0108ec33	or	x24,x17,x16	 x17:0x00000000 x16:0x00000000 x24=0x00000000
     409815.000 ns	     40980	80008c54	29700253	fmin.s	f4,f0,f23	  f0:0x00000000 f23:0xcefff7e0  f4=0xcefff7e0
     409835.000 ns	     40982	80008c58	0029da33	srl	x20,x19,x2	 x19:0x00000000  x2:0xe6149c28 x20=0x00000000
     409855.000 ns	     40984	80008c5c	a0349c53	flt.s	x24,f9,f3	  f9:0xcefff7e0  f3:0x7fc00000 x24=0x00000000
     410225.000 ns	     41021	80008c60	02d6c8b3	div	x17,x13,x13	 x13:0x80041024 x13:0x80041024 x17=0x00000001
     410255.000 ns	     41024	80008c64	024db9b3	mulhu	x19,x27,x4	 x27:0x00000000  x4:0x00000002 x19=0x00000000
     410275.000 ns	     41026	80008c68	00799d13	slli	x26,x19,0x7	 x19:0x00000000 x26=0x00000000
     410295.000 ns	     41028	80008c6c	a0509fd3	flt.s	x31,f1,f5	  f1:0x7fc00000  f5:0x00000000 x31=0x00000000
     410315.000 ns	     41030	80008c70	2005e917	auipc	x18,0x2005e	 x18=0xa0066c70
     410325.000 ns	     41031	80008c74	c56d7913	andi	x18,x26,-938	 x26:0x00000000 x18=0x00000000
     410355.000 ns	     41034	80008c78	112c2753	fmul.s	f14,f24,f18	 f24:0x80000000 f18:0xbf800000 f14=0x00000000
     410385.000 ns	     41037	80008c7c	a0739853	flt.s	x16,f7,f7	  f7:0x7fc00000  f7:0x7fc00000 x16=0x00000000
     410415.000 ns	     41040	80008c80	038144b3	div	x9,x2,x24	  x2:0xe6149c28 x24:0x00000000  x9=0xffffffff
     410785.000 ns	     41077	80008c84	0287e2b3	rem	x5,x15,x8	 x15:0x00000000  x8:0x80040fe4  x5=0x00000000
     410815.000 ns	     41080	80008c88	c00a7e53	fcvt.w.s	x28,f20	 f20:0x1f350483 x28=0x00000000
     410845.000 ns	     41083	80008c8c	d0197853	fcvt.s.wu	f16,x18	 x18:0x00000000 f16=0x00000000
     410875.000 ns	     41086	80008c90	f0080b53	fmv.w.x	f22,x16	 x16:0x00000000 f22=0x00000000
     410895.000 ns	     41088	80008c94	c0e17a93	andi	x21,x2,-1010	  x2:0xe6149c28 x21=0xe6149c08
     410935.000 ns	     41092	80008c98	08217fd3	fsub.s	f31,f2,f2	  f2:0x00000001  f2:0x00000001 f31=0x80000000
     410965.000 ns	     41095	80008c9c	2117a0d3	fsgnjx.s	f1,f15,f17	 f15:0x00000001 f17:0xcefff7e0  f1=0x80000001
     410985.000 ns	     41097	80008ca0	003ee233	or	x4,x29,x3	 x29:0x00000000  x3:0x00000001  x4=0x00000001
     411005.000 ns	     41099	80008ca4	d00c3bd3	fcvt.s.w	f23,x24	 x24:0x00000000 f23=0x00000000
     411035.000 ns	     41102	80008ca8	e00d1ad3	fclass.s	x21,f26	 f26:0x00000001 x21=0x00000020
     411055.000 ns	     41104	80008cac	01907033	and	x0,x0,x25	  x0:0x00000000 x25:0x00000000
     411065.000 ns	     41105	80008cb0	c8962717	auipc	x14,0xc8962	 x14=0x4896acb0
     411425.000 ns	     41141	80008cb4	02954633	div	x12,x10,x9	 x10:0x00000000  x9:0xffffffff x12=0x00000000
     411445.000 ns	     41143	80008cb8	49fb3c13	sltiu	x24,x22,1183	 x22:0x00000000 x24=0x00000001
     411475.000 ns	     41146	80008cbc	1832a2d3	fdiv.s	f5,f5,f3	  f5:0x00000000  f3:0x7fc00000  f5=0x7fc00000
     411505.000 ns	     41149	80008cc0	03061fb3	mulh	x31,x12,x16	 x12:0x00000000 x16:0x00000000 x31=0x00000000
     411525.000 ns	     41151	80008cc4	aaeb4d93	xori	x27,x22,-1362	 x22:0x00000000 x27=0xfffffaae
     411535.000 ns	     41152	80008cc8	fbbf3393	sltiu	x7,x30,-69	 x30:0x00000000  x7=0x00000001
     411575.000 ns	     41156	80008ccc	093b71d3	fsub.s	f3,f22,f19	 f22:0x00000000 f19:0x00000000  f3=0x80000000
     411605.000 ns	     41159	80008cd0	d00d26d3	fcvt.s.w	f13,x26	 x26:0x00000000 f13=0x00000000
     411625.000 ns	     41161	80008cd4	00455fb3	srl	x31,x10,x4	 x10:0x00000000  x4:0x00000001 x31=0x00000000
     411665.000 ns	     41165	80008cd8	0963b453	fsub.s	f8,f7,f22	  f7:0x7fc00000 f22:0x00000000  f8=0x7fc00000
     411685.000 ns	     41167	80008cdc	00dd6bb3	or	x23,x26,x13	 x26:0x00000000 x13:0x80041024 x23=0x80041024
     411695.000 ns	     41168	80008ce0	9dd02993	slti	x19,x0,-1571	  x0:0x00000000 x19=0x00000000
     411705.000 ns	     41169	80008ce4	00242033	slt	x0,x8,x2	  x8:0x80040fe4  x2:0xe6149c28
     411715.000 ns	     41170	80008ce8	00dc5f33	srl	x30,x24,x13	 x24:0x00000001 x13:0x80041024 x30=0x00000000
     411735.000 ns	     41172	80008cec	28f49053	fmax.s	f0,f9,f15	  f9:0xcefff7e0 f15:0x00000001  f0=0x00000001
     411765.000 ns	     41175	80008cf0	036dc5b3	div	x11,x27,x22	 x27:0xfffffaae x22:0x00000000 x11=0xffffffff
     411795.000 ns	     41178	80008cf4	027e2533	mulhsu	x10,x28,x7	 x28:0x00000000  x7:0x00000001 x10=0x00000000
     411825.000 ns	     41181	80008cf8	d012f953	fcvt.s.wu	f18,x5	  x5:0x00000000 f18=0x00000000
     411855.000 ns	     41184	80008cfc	29a08453	fmin.s	f8,f1,f26	  f1:0x80000001 f26:0x00000001  f8=0x80000001
     411875.000 ns	     41186	80008d00	1e3f3d13	sltiu	x26,x30,483	 x30:0x00000000 x26=0x00000001
     411895.000 ns	     41188	80008d04	02391533	mulh	x10,x18,x3	 x18:0x00000000  x3:0x00000001 x10=0x00000000
     411925.000 ns	     41191	80008d08	f00206d3	fmv.w.x	f13,x4	  x4:0x00000001 f13=0x00000001
     411975.000 ns	     41196	80008d0c	087371d3	fsub.s	f3,f6,f7	  f6:0x3f7fffae  f7:0x7fc00000  f3=0x7fc00000
     411995.000 ns	     41198	80008d10	01d2f2b3	and	x5,x5,x29	  x5:0x00000000 x29:0x00000000  x5=0x00000000
     412015.000 ns	     41200	80008d14	023794b3	mulh	x9,x15,x3	 x15:0x00000000  x3:0x00000001  x9=0x00000000
     412035.000 ns	     41202	80008d18	00000013	addi	x0,x0,0	  x0:0x00000000
     412055.000 ns	     41204	80008d1c	f0038353	fmv.w.x	f6,x7	  x7:0x00000001  f6=0x00000001
     412075.000 ns	     41206	80008d20	0187f133	and	x2,x15,x24	 x15:0x00000000 x24:0x00000001  x2=0x00000000
     412085.000 ns	     41207	80008d24	41a95233	sra	x4,x18,x26	 x18:0x00000000 x26:0x00000001  x4=0x00000000
     412105.000 ns	     41209	80008d28	031d1f33	mulh	x30,x26,x17	 x26:0x00000001 x17:0x00000001 x30=0x00000000
     412125.000 ns	     41211	80008d2c	00034cb3	xor	x25,x6,x0	  x6:0x00000000  x0:0x00000000 x25=0x00000000
     412145.000 ns	     41213	80008d30	d006b6d3	fcvt.s.w	f13,x13	 x13:0x80041024 f13=0xcefff7e0
     412175.000 ns	     41216	80008d34	034373b3	remu	x7,x6,x20	  x6:0x00000000 x20:0x00000000  x7=0x00000000
     412195.000 ns	     41218	80008d38	00be19b3	sll	x19,x28,x11	 x28:0x00000000 x11:0xffffffff x19=0x00000000
     412215.000 ns	     41220	80008d3c	292e01d3	fmin.s	f3,f28,f18	 f28:0x3f800000 f18:0x00000000  f3=0x00000000
     412235.000 ns	     41222	80008d40	015d2bb3	slt	x23,x26,x21	 x26:0x00000001 x21:0x00000020 x23=0x00000001
     412245.000 ns	     41223	80008d44	01d69d13	slli	x26,x13,0x1d	 x13:0x80041024 x26=0x80000000
     412265.000 ns	     41225	80008d48	03e32933	mulhsu	x18,x6,x30	  x6:0x00000000 x30:0x00000000 x18=0x00000000
     412285.000 ns	     41227	80008d4c	9519f593	andi	x11,x19,-1711	 x19:0x00000000 x11=0x00000000
     412305.000 ns	     41229	80008d50	d0199953	fcvt.s.wu	f18,x19	 x19:0x00000000 f18=0x00000000
     412325.000 ns	     41231	80008d54	00ec6033	or	x0,x24,x14	 x24:0x00000001 x14:0x4896acb0
     412345.000 ns	     41233	80008d58	28a91453	fmax.s	f8,f18,f10	 f18:0x00000000 f10:0xcefff7e0  f8=0x00000000
     412375.000 ns	     41236	80008d5c	02231d33	mulh	x26,x6,x2	  x6:0x00000000  x2:0x00000000 x26=0x00000000
     412405.000 ns	     41239	80008d60	d01b0553	fcvt.s.wu	f10,x22	 x22:0x00000000 f10=0x00000000
     412435.000 ns	     41242	80008d64	e00817d3	fclass.s	x15,f16	 f16:0x00000000 x15=0x00000010
     412455.000 ns	     41244	80008d68	eccca537	lui	x10,0xeccca	 x10=0xeccca000
     412465.000 ns	     41245	80008d6c	b218ee13	ori	x28,x17,-1247	 x17:0x00000001 x28=0xfffffb21
     412475.000 ns	     41246	80008d70	002978b3	and	x17,x18,x2	 x18:0x00000000  x2:0x00000000 x17=0x00000000
     412515.000 ns	     41250	80008d74	0030acd3	fadd.s	f25,f1,f3	  f1:0x80000001  f3:0x00000000 f25=0x80000001
     412545.000 ns	     41253	80008d78	0330ca33	div	x20,x1,x19	  x1:0x00000009 x19:0x00000000 x20=0xffffffff
     412575.000 ns	     41256	80008d7c	a153ae53	feq.s	x28,f7,f21	  f7:0x7fc00000 f21:0xce09c319 x28=0x00000000
     412605.000 ns	     41259	80008d80	21978853	fsgnj.s	f16,f15,f25	 f15:0x00000001 f25:0x80000001 f16=0x80000001
     412625.000 ns	     41261	80008d84	00b95a33	srl	x20,x18,x11	 x18:0x00000000 x11:0x00000000 x20=0x00000000
     412635.000 ns	     41262	80008d88	610c0397	auipc	x7,0x610c0	  x7=0xe10c8d88
     412655.000 ns	     41264	80008d8c	025c7eb3	remu	x29,x24,x5	 x24:0x00000001  x5:0x00000000 x29=0x00000001
     412675.000 ns	     41266	80008d90	00e12c33	slt	x24,x2,x14	  x2:0x00000000 x14:0x4896acb0 x24=0x00000001
     412695.000 ns	     41268	80008d94	e00f07d3	fmv.x.w	x15,f30	 f30:0x00000001 x15=0x00000001
     413065.000 ns	     41305	80008d98	03897f33	remu	x30,x18,x24	 x18:0x00000000 x24:0x00000001 x30=0x00000000
     413085.000 ns	     41307	80008d9c	0082ac33	slt	x24,x5,x8	  x5:0x00000000  x8:0x80040fe4 x24=0x00000000
     413105.000 ns	     41309	80008da0	e00f1dd3	fclass.s	x27,f30	 f30:0x00000001 x27=0x00000020
     413135.000 ns	     41312	80008da4	f0000dd3	fmv.w.x	f27,x0	  x0:0x00000000 f27=0x00000000
     413155.000 ns	     41314	80008da8	39493613	sltiu	x12,x18,916	 x18:0x00000000 x12=0x00000001
     413165.000 ns	     41315	80008dac	00feb233	sltu	x4,x29,x15	 x29:0x00000001 x15:0x00000001  x4=0x00000000
     413175.000 ns	     41316	80008db0	01502233	slt	x4,x0,x21	  x0:0x00000000 x21:0x00000020  x4=0x00000001
     413195.000 ns	     41318	80008db4	292c80d3	fmin.s	f1,f25,f18	 f25:0x80000001 f18:0x00000000  f1=0x80000001
     413215.000 ns	     41320	80008db8	ee5e2793	slti	x15,x28,-283	 x28:0x00000000 x15=0x00000000
     413225.000 ns	     41321	80008dbc	dbf62813	slti	x16,x12,-577	 x12:0x00000001 x16=0x00000000
     413245.000 ns	     41323	80008dc0	201906d3	fsgnj.s	f13,f18,f1	 f18:0x00000000  f1:0x80000001 f13=0x80000000
     413265.000 ns	     41325	80008dc4	06e6fc93	andi	x25,x13,110	 x13:0x80041024 x25=0x00000024
     413275.000 ns	     41326	80008dc8	ef059337	lui	x6,0xef059	  x6=0xef059000
     413295.000 ns	     41328	80008dcc	d01e96d3	fcvt.s.wu	f13,x29	 x29:0x00000001 f13=0x3f800000
     413315.000 ns	     41330	80008dd0	09590913	addi	x18,x18,149	 x18:0x00000000 x18=0x00000095
     413325.000 ns	     41331	80008dd4	5a36fb13	andi	x22,x13,1443	 x13:0x80041024 x22=0x00000020
     413335.000 ns	     41332	80008dd8	41f9d8b3	sra	x17,x19,x31	 x19:0x00000000 x31:0x00000000 x17=0x00000000
     413365.000 ns	     41335	80008ddc	11d6f6d3	fmul.s	f13,f13,f29	 f13:0x3f800000 f29:0xe0020411 f13=0xe0020412
     413405.000 ns	     41339	80008de0	11b6f853	fmul.s	f16,f13,f27	 f13:0x3f800000 f27:0x00000000 f16=0x80000000
     413425.000 ns	     41341	80008de4	012684b3	add	x9,x13,x18	 x13:0x80041024 x18:0x00000095  x9=0x800410b9
     413435.000 ns	     41342	80008de8	414959b3	sra	x19,x18,x20	 x18:0x00000095 x20:0x00000000 x19=0x00000095
     413795.000 ns	     41378	80008dec	0290d7b3	divu	x15,x1,x9	  x1:0x00000009  x9:0x00000000 x15=0x00000000
     413815.000 ns	     41380	80008df0	012edb13	srli	x22,x29,0x12	 x29:0x00000001 x22=0x00000000
     413835.000 ns	     41382	80008df4	02f14033	div	x0,x2,x15	  x2:0x00000000 x15:0x00000000
     413865.000 ns	     41385	80008df8	a03998d3	flt.s	x17,f19,f3	 f19:0x00000000  f3:0x00000000 x17=0x00000000
     413895.000 ns	     41388	80008dfc	025fbcb3	mulhu	x25,x31,x5	 x31:0x00000000  x5:0x00000000 x25=0x00000000
     414265.000 ns	     41425	80008e00	0334f4b3	remu	x9,x9,x19	  x9:0x800410b9 x19:0x00000095  x9=0x00000003
     414295.000 ns	     41428	80008e04	020cd333	divu	x6,x25,x0	 x25:0x00000000  x0:0x00000000  x6=0xffffffff
     414315.000 ns	     41430	80008e08	b4e2b013	sltiu	x0,x5,-1202	  x5:0x00000000
     414325.000 ns	     41431	80008e0c	0073ccb3	xor	x25,x7,x7	  x7:0xe10c8d88  x7:0xe10c8d88 x25=0x00000000
     414345.000 ns	     41433	80008e10	283b8653	fmin.s	f12,f23,f3	 f23:0x00000000  f3:0x00000000 f12=0x00000000
     414375.000 ns	     41436	80008e14	a10d2e53	feq.s	x28,f26,f16	 f26:0x00000001 f16:0x80000000 x28=0x00000000
     414405.000 ns	     41439	80008e18	c0162253	fcvt.wu.s	x4,f12	 f12:0x00000000  x4=0x00000000
     414435.000 ns	     41442	80008e1c	03061c33	mulh	x24,x12,x16	 x12:0x00000001 x16:0x00000000 x24=0x00000000
     414465.000 ns	     41445	80008e20	f00e06d3	fmv.w.x	f13,x28	 x28:0x00000000 f13=0x00000000
     414515.000 ns	     41450	80008e24	08ad3e53	fsub.s	f28,f26,f10	 f26:0x00000001 f10:0x00000000 f28=0x00000001
     414885.000 ns	     41487	80008e28	0353f4b3	remu	x9,x7,x21	  x7:0xe10c8d88 x21:0x00000020  x9=0x00000008
     414905.000 ns	     41489	80008e2c	4017df13	srai	x30,x15,0x1	 x15:0x00000000 x30=0x00000000
     414915.000 ns	     41490	80008e30	1be3f713	andi	x14,x7,446	  x7:0xe10c8d88 x14=0x00000188
     415275.000 ns	     41526	80008e34	02d44533	div	x10,x8,x13	  x8:0x80040fe4 x13:0x80041024 x10=0x00000001
     415305.000 ns	     41529	80008e38	036924b3	mulhsu	x9,x18,x22	 x18:0x00000095 x22:0x00000000  x9=0x00000000
     415325.000 ns	     41531	80008e3c	51094193	xori	x3,x18,1296	 x18:0x00000095  x3=0x00000585
     415685.000 ns	     41567	80008e40	03df5eb3	divu	x29,x30,x29	 x30:0x00000000 x29:0x00000001 x29=0x00000000
     415715.000 ns	     41570	80008e44	d00a4fd3	fcvt.s.w	f31,x20	 x20:0x00000000 f31=0x00000000
     415735.000 ns	     41572	80008e48	12093c93	sltiu	x25,x18,288	 x18:0x00000095 x25=0x00000001
     415745.000 ns	     41573	80008e4c	00adc833	xor	x16,x27,x10	 x27:0x00000020 x10:0x00000001 x16=0x00000021
     415765.000 ns	     41575	80008e50	a1c70253	fle.s	x4,f14,f28	 f14:0x00000000 f28:0x00000001  x4=0x00000001
     415805.000 ns	     41579	80008e54	19be7453	fdiv.s	f8,f28,f27	 f28:0x00000001 f27:0x00000000  f8=0x7f800000
     415835.000 ns	     41582	80008e58	20b520d3	fsgnjx.s	f1,f10,f11	 f10:0x00000000 f11:0x7fc00000  f1=0x00000000
     415865.000 ns	     41585	80008e5c	03f054b3	divu	x9,x0,x31	  x0:0x00000000 x31:0x00000000  x9=0xffffffff
     415905.000 ns	     41589	80008e60	580ea3d3	fsqrt.s	f7,f29	 f29:0xe0020411  f7=0x7fc00000
     415925.000 ns	     41591	80008e64	362fa8b7	lui	x17,0x362fa	 x17=0x362fa000
     415935.000 ns	     41592	80008e68	4023d893	srai	x17,x7,0x2	  x7:0xe10c8d88 x17=0xf8432362
     415945.000 ns	     41593	80008e6c	41bb5eb3	sra	x29,x22,x27	 x22:0x00000000 x27:0x00000020 x29=0x00000000
     415965.000 ns	     41595	80008e70	d01c7553	fcvt.s.wu	f10,x24	 x24:0x00000000 f10=0x00000000
     415985.000 ns	     41597	80008e74	d3ba3c93	sltiu	x25,x20,-709	 x20:0x00000000 x25=0x00000001
     415995.000 ns	     41598	80008e78	006e9c33	sll	x24,x29,x6	 x29:0x00000000  x6:0xffffffff x24=0x00000000
     416355.000 ns	     41634	80008e7c	02e1cf33	div	x30,x3,x14	  x3:0x00000585 x14:0x00000188 x30=0x00000003
     416385.000 ns	     41637	80008e80	a0c09b53	flt.s	x22,f1,f12	  f1:0x00000000 f12:0x00000000 x22=0x00000000
     416435.000 ns	     41642	80008e84	01427e53	fadd.s	f28,f4,f20	  f4:0xcefff7e0 f20:0x1f350483 f28=0xcefff7e0
     416455.000 ns	     41644	80008e88	41605713	srai	x14,x0,0x16	  x0:0x00000000 x14=0x00000000
     416465.000 ns	     41645	80008e8c	01020b33	add	x22,x4,x16	  x4:0x00000001 x16:0x00000021 x22=0x00000022
     416485.000 ns	     41647	80008e90	02c219b3	mulh	x19,x4,x12	  x4:0x00000001 x12:0x00000001 x19=0x00000000
     416505.000 ns	     41649	80008e94	00fda2b3	slt	x5,x27,x15	 x27:0x00000020 x15:0x00000000  x5=0x00000000
     416515.000 ns	     41650	80008e98	01313ab3	sltu	x21,x2,x19	  x2:0x00000000 x19:0x00000000 x21=0x00000000
     416555.000 ns	     41654	80008e9c	08717853	fsub.s	f16,f2,f7	  f2:0x00000001  f7:0x7fc00000 f16=0x7fc00000
     416575.000 ns	     41656	80008ea0	00891913	slli	x18,x18,0x8	 x18:0x00000095 x18=0x00009500
     416935.000 ns	     41692	80008ea4	03e5fe33	remu	x28,x11,x30	 x11:0x00000000 x30:0x00000003 x28=0x00000000
     416965.000 ns	     41695	80008ea8	03ad05b3	mul	x11,x26,x26	 x26:0x00000000 x26:0x00000000 x11=0x00000000
     416995.000 ns	     41698	80008eac	03d09133	mulh	x2,x1,x29	  x1:0x00000009 x29:0x00000000  x2=0x00000000
     417025.000 ns	     41701	80008eb0	21fd9e53	fsgnjn.s	f28,f27,f31	 f27:0x00000000 f31:0x00000000 f28=0x80000000
     417055.000 ns	     41704	80008eb4	034ce633	rem	x12,x25,x20	 x25:0x00000001 x20:0x00000000 x12=0x00000001
     417105.000 ns	     41709	80008eb8	09c9fc53	fsub.s	f24,f19,f28	 f19:0x00000000 f28:0x80000000 f24=0x00000000
     417125.000 ns	     41711	80008ebc	013627b3	slt	x15,x12,x19	 x12:0x00000001 x19:0x00000000 x15=0x00000000
     417165.000 ns	     41715	80008ec0	0137abd3	fadd.s	f23,f15,f19	 f15:0x00000001 f19:0x00000000 f23=0x00000001
     417195.000 ns	     41718	80008ec4	20a09ed3	fsgnjn.s	f29,f1,f10	  f1:0x00000000 f10:0x00000000 f29=0x80000000
     417215.000 ns	     41720	80008ec8	00503333	sltu	x6,x0,x5	  x0:0x00000000  x5:0x00000000  x6=0x00000000
     417575.000 ns	     41756	80008ecc	030f47b3	div	x15,x30,x16	 x30:0x00000003 x16:0x00000021 x15=0x00000000
     417605.000 ns	     41759	80008ed0	e00e14d3	fclass.s	x9,f28	 f28:0x80000000  x9=0x00000008
     417635.000 ns	     41762	80008ed4	c01a8153	fcvt.wu.s	x2,f21	 f21:0xce09c319  x2=0x2270c640
     417655.000 ns	     41764	80008ed8	014e4f33	xor	x30,x28,x20	 x28:0x00000000 x20:0x00000000 x30=0x00000000
     417665.000 ns	     41765	80008edc	01971fb3	sll	x31,x14,x25	 x14:0x00000000 x25:0x00000001 x31=0x00000000
     417705.000 ns	     41769	80008ee0	082a1cd3	fsub.s	f25,f20,f2	 f20:0x1f350483  f2:0x00000001 f25=0x1f350483
     417725.000 ns	     41771	80008ee4	41c704b3	sub	x9,x14,x28	 x14:0x00000000 x28:0x00000000  x9=0x00000000
     417735.000 ns	     41772	80008ee8	009ddb93	srli	x23,x27,0x9	 x27:0x00000020 x23=0x00000000
     417765.000 ns	     41775	80008eec	58027b53	fsqrt.s	f22,f4	  f4:0xcefff7e0 f22=0x7fc00000
     417785.000 ns	     41777	80008ef0	40525ab3	sra	x21,x4,x5	  x4:0x00000001  x5:0x00000000 x21=0x00000001
     418145.000 ns	     41813	80008ef4	0285d9b3	divu	x19,x11,x8	 x11:0x00000000  x8:0x80040fe4 x19=0x00000000
     418175.000 ns	     41816	80008ef8	c0053f53	fcvt.w.s	x30,f10	 f10:0x00000000 x30=0x00000000
     418195.000 ns	     41818	80008efc	e178f613	andi	x12,x17,-489	 x17:0xf8432362 x12=0xf8432202
     418205.000 ns	     41819	80008f00	41380733	sub	x14,x16,x19	 x16:0x00000021 x19:0x00000000 x14=0x00000021
     418215.000 ns	     41820	80008f04	22a0e793	ori	x15,x1,554	  x1:0x00000009 x15=0x0000022b
     418235.000 ns	     41822	80008f08	a1d2a553	feq.s	x10,f5,f29	  f5:0x7fc00000 f29:0x80000000 x10=0x00000000
     418285.000 ns	     41827	80008f0c	09d0f8d3	fsub.s	f17,f1,f29	  f1:0x00000000 f29:0x80000000 f17=0x00000000
     418315.000 ns	     41830	80008f10	027b0cb3	mul	x25,x22,x7	 x22:0x00000022  x7:0xe10c8d88 x25=0xe3aacc10
     418345.000 ns	     41833	80008f14	03003533	mulhu	x10,x0,x16	  x0:0x00000000 x16:0x00000021 x10=0x00000000
     419525.000 ns	     41951	80008f18	58001753	fsqrt.s	f14,f0	  f0:0x00000001 f14=0x1f350483
     419545.000 ns	     41953	80008f1c	018d84b3	add	x9,x27,x24	 x27:0x00000020 x24:0x00000000  x9=0x00000020
     419565.000 ns	     41955	80008f20	c00375d3	fcvt.w.s	x11,f6	  f6:0x00000001 x11=0x00000000
     419595.000 ns	     41958	80008f24	f0078b53	fmv.w.x	f22,x15	 x15:0x0000022b f22=0x0000022b
     419615.000 ns	     41960	80008f28	01668333	add	x6,x13,x22	 x13:0x80041024 x22:0x00000022  x6=0x80041046
     419625.000 ns	     41961	80008f2c	00000013	addi	x0,x0,0	  x0:0x00000000
     419665.000 ns	     41965	80008f30	09cc1a53	fsub.s	f20,f24,f28	 f24:0x00000000 f28:0x80000000 f20=0x00000000
     419705.000 ns	     41969	80008f34	10590dd3	fmul.s	f27,f18,f5	 f18:0x00000000  f5:0x7fc00000 f27=0x7fc00000
     419755.000 ns	     41974	80008f38	08c67e53	fsub.s	f28,f12,f12	 f12:0x00000000 f12:0x00000000 f28=0x80000000
     419775.000 ns	     41976	80008f3c	40695c13	srai	x24,x18,0x6	 x18:0x00009500 x24=0x00000254
     419795.000 ns	     41978	80008f40	035d9133	mulh	x2,x27,x21	 x27:0x00000020 x21:0x00000001  x2=0x00000000
     419815.000 ns	     41980	80008f44	ec47a613	slti	x12,x15,-316	 x15:0x0000022b x12=0x00000000
     420175.000 ns	     42016	80008f48	02924833	div	x16,x4,x9	  x4:0x00000001  x9:0x00000020 x16=0x00000000
     420195.000 ns	     42018	80008f4c	0120adb3	slt	x27,x1,x18	  x1:0x00000009 x18:0x00009500 x27=0x00000001
     420215.000 ns	     42020	80008f50	03327a33	remu	x20,x4,x19	  x4:0x00000001 x19:0x00000000 x20=0x00000001
     420235.000 ns	     42022	80008f54	41dc52b3	sra	x5,x24,x29	 x24:0x00000254 x29:0x00000000  x5=0x00000254
     420245.000 ns	     42023	80008f58	0144fc33	and	x24,x9,x20	  x9:0x00000020 x20:0x00000001 x24=0x00000000
     420255.000 ns	     42024	80008f5c	00e5c033	xor	x0,x11,x14	 x11:0x00000000 x14:0x00000021
     420265.000 ns	     42025	80008f60	28966e13	ori	x28,x12,649	 x12:0x00000000 x28=0x00000289
     420275.000 ns	     42026	80008f64	010e8c93	addi	x25,x29,16	 x29:0x00000000 x25=0x00000010
     420295.000 ns	     42028	80008f68	033fe9b3	rem	x19,x31,x19	 x31:0x00000000 x19:0x00000000 x19=0x00000000
     420325.000 ns	     42031	80008f6c	a1bb82d3	fle.s	x5,f23,f27	 f23:0x00000001 f27:0x7fc00000  x5=0x00000000
     420355.000 ns	     42034	80008f70	21f20cd3	fsgnj.s	f25,f4,f31	  f4:0xcefff7e0 f31:0x00000000 f25=0x4efff7e0
     420385.000 ns	     42037	80008f74	d015f453	fcvt.s.wu	f8,x11	 x11:0x00000000  f8=0x00000000
     420415.000 ns	     42040	80008f78	e00d0553	fmv.x.w	x10,f26	 f26:0x00000001 x10=0x00000001
     420435.000 ns	     42042	80008f7c	419b54b3	sra	x9,x22,x25	 x22:0x00000022 x25:0x00000010  x9=0x00000000
     420455.000 ns	     42044	80008f80	03fb4d33	div	x26,x22,x31	 x22:0x00000022 x31:0x00000000 x26=0xffffffff
     420475.000 ns	     42046	80008f84	ac2ebb17	auipc	x22,0xac2eb	 x22=0x2c2f3f84
     420485.000 ns	     42047	80008f88	01cbd393	srli	x7,x23,0x1c	 x23:0x00000000  x7=0x00000000
     420505.000 ns	     42049	80008f8c	a1a11ed3	flt.s	x29,f2,f26	  f2:0x00000001 f26:0x00000001 x29=0x00000000
     420535.000 ns	     42052	80008f90	d01d9fd3	fcvt.s.wu	f31,x27	 x27:0x00000001 f31=0x3f800000
     420555.000 ns	     42054	80008f94	40b65a93	srai	x21,x12,0xb	 x12:0x00000000 x21=0x00000000
     420565.000 ns	     42055	80008f98	01e15c13	srli	x24,x2,0x1e	  x2:0x00000000 x24=0x00000000
     420575.000 ns	     42056	80008f9c	016b5533	srl	x10,x22,x22	 x22:0x2c2f3f84 x22:0x2c2f3f84 x10=0x02c2f3f8
     420615.000 ns	     42060	80008fa0	00e371d3	fadd.s	f3,f6,f14	  f6:0x00000001 f14:0x1f350483  f3=0x1f350483
     420645.000 ns	     42063	80008fa4	e00d8ed3	fmv.x.w	x29,f27	 f27:0x7fc00000 x29=0x7fc00000
     420695.000 ns	     42068	80008fa8	000f90d3	fadd.s	f1,f31,f0	 f31:0x3f800000  f0:0x00000001  f1=0x3f800000
     420715.000 ns	     42070	80008fac	016fd013	srli	x0,x31,0x16	 x31:0x00000000
     420725.000 ns	     42071	80008fb0	00934bb3	xor	x23,x6,x9	  x6:0x80041046  x9:0x00000000 x23=0x80041046
     420735.000 ns	     42072	80008fb4	00aa7b33	and	x22,x20,x10	 x20:0x00000001 x10:0x02c2f3f8 x22=0x00000000
     420755.000 ns	     42074	80008fb8	28710953	fmin.s	f18,f2,f7	  f2:0x00000001  f7:0x7fc00000 f18=0x00000001
     420785.000 ns	     42077	80008fbc	21c59553	fsgnjn.s	f10,f11,f28	 f11:0x7fc00000 f28:0x80000000 f10=0x7fc00000
     420815.000 ns	     42080	80008fc0	a153acd3	feq.s	x25,f7,f21	  f7:0x7fc00000 f21:0xce09c319 x25=0x00000000
     420845.000 ns	     42083	80008fc4	025f7b33	remu	x22,x30,x5	 x30:0x00000000  x5:0x00000000 x22=0x00000000
     420875.000 ns	     42086	80008fc8	a17b2153	feq.s	x2,f22,f23	 f22:0x0000022b f23:0x00000001  x2=0x00000000
     420895.000 ns	     42088	80008fcc	40805533	sra	x10,x0,x8	  x0:0x00000000  x8:0x80040fe4 x10=0x00000000
     420905.000 ns	     42089	80008fd0	062ea593	slti	x11,x29,98	 x29:0x7fc00000 x11=0x00000000
     420915.000 ns	     42090	80008fd4	01b9d893	srli	x17,x19,0x1b	 x19:0x00000000 x17=0x00000000
     420935.000 ns	     42092	80008fd8	205caa53	fsgnjx.s	f20,f25,f5	 f25:0x4efff7e0  f5:0x7fc00000 f20=0x4efff7e0
     420965.000 ns	     42095	80008fdc	03a9b633	mulhu	x12,x19,x26	 x19:0x00000000 x26:0xffffffff x12=0x00000000
     420995.000 ns	     42098	80008fe0	03b01d33	mulh	x26,x0,x27	  x0:0x00000000 x27:0x00000001 x26=0x00000000
     421015.000 ns	     42100	80008fe4	7f5ccf17	auipc	x30,0x7f5cc	 x30=0xff5d4fe4
     421035.000 ns	     42102	80008fe8	d011f3d3	fcvt.s.wu	f7,x3	  x3:0x00000585  f7=0x44b0a000
     421055.000 ns	     42104	80008fec	40ec5193	srai	x3,x24,0xe	 x24:0x00000000  x3=0x00000000
     421065.000 ns	     42105	80008ff0	6c208793	addi	x15,x1,1730	  x1:0x00000009 x15=0x000006cb
     421075.000 ns	     42106	80008ff4	00000013	addi	x0,x0,0	  x0:0x00000000
     421085.000 ns	     42107	80008ff8	00000013	addi	x0,x0,0	  x0:0x00000000
     421105.000 ns	     42109	80008ffc	023118b3	mulh	x17,x2,x3	  x2:0x00000000  x3:0x00000000 x17=0x00000000
     421135.000 ns	     42112	80009000	e00e09d3	fmv.x.w	x19,f28	 f28:0x80000000 x19=0x80000000
     421155.000 ns	     42114	80009004	41a55513	srai	x10,x10,0x1a	 x10:0x00000000 x10=0x00000000
     421165.000 ns	     42115	80009008	ccbcf313	andi	x6,x25,-821	 x25:0x00000000  x6=0x00000000
     421185.000 ns	     42117	8000900c	20ab8253	fsgnj.s	f4,f23,f10	 f23:0x00000001 f10:0x7fc00000  f4=0x00000001
     421205.000 ns	     42119	80009010	00e3d793	srli	x15,x7,0xe	  x7:0x00000000 x15=0x00000000
     421215.000 ns	     42120	80009014	01443e33	sltu	x28,x8,x20	  x8:0x80040fe4 x20:0x00000001 x28=0x00000000
     421235.000 ns	     42122	80009018	c00c3653	fcvt.w.s	x12,f24	 f24:0x00000000 x12=0x00000000
     421255.000 ns	     42124	8000901c	5ff8f493	andi	x9,x17,1535	 x17:0x00000000  x9=0x00000000
     421265.000 ns	     42125	80009020	40225493	srai	x9,x4,0x2	  x4:0x00000001  x9=0x00000000
     421285.000 ns	     42127	80009024	d01178d3	fcvt.s.wu	f17,x2	  x2:0x00000000 f17=0x00000000
     421305.000 ns	     42129	80009028	b1be1a17	auipc	x20,0xb1be1	 x20=0x31bea028
     421325.000 ns	     42131	8000902c	a1209553	flt.s	x10,f1,f18	  f1:0x3f800000 f18:0x00000001 x10=0x00000000
     421345.000 ns	     42133	80009030	6b80fd93	andi	x27,x1,1720	  x1:0x00000009 x27=0x00000008
     421355.000 ns	     42134	80009034	01ae5f13	srli	x30,x28,0x1a	 x28:0x00000000 x30=0x00000000
     421375.000 ns	     42136	80009038	c01c9753	fcvt.wu.s	x14,f25	 f25:0x4efff7e0 x14=0x7ffbf000
     421405.000 ns	     42139	8000903c	a1dc9bd3	flt.s	x23,f25,f29	 f25:0x4efff7e0 f29:0x80000000 x23=0x00000000
     421435.000 ns	     42142	80009040	02821333	mulh	x6,x4,x8	  x4:0x00000001  x8:0x80040fe4  x6=0xffffffff
     421455.000 ns	     42144	80009044	0186e733	or	x14,x13,x24	 x13:0x80041024 x24:0x00000000 x14=0x80041024
     421495.000 ns	     42148	80009048	01d07053	fadd.s	f0,f0,f29	  f0:0x00000001 f29:0x80000000  f0=0x00000001
     421515.000 ns	     42150	8000904c	bc6ab893	sltiu	x17,x21,-1082	 x21:0x00000000 x17=0x00000001
     421535.000 ns	     42152	80009050	a1921153	flt.s	x2,f4,f25	  f4:0x00000001 f25:0x4efff7e0  x2=0x00000001
     421555.000 ns	     42154	80009054	32c9e213	ori	x4,x19,812	 x19:0x80000000  x4=0x8000032c
     421575.000 ns	     42156	80009058	e00199d3	fclass.s	x19,f3	  f3:0x1f350483 x19=0x00000040
     421595.000 ns	     42158	8000905c	000ef7b3	and	x15,x29,x0	 x29:0x7fc00000  x0:0x00000000 x15=0x00000000
     421615.000 ns	     42160	80009060	0343ac33	mulhsu	x24,x7,x20	  x7:0x00000000 x20:0x31bea028 x24=0x00000000
     421645.000 ns	     42163	80009064	214c0053	fsgnj.s	f0,f24,f20	 f24:0x00000000 f20:0x4efff7e0  f0=0x00000000
     421665.000 ns	     42165	80009068	83b07c37	lui	x24,0x83b07	 x24=0x83b07000
     421675.000 ns	     42166	8000906c	1bb749b7	lui	x19,0x1bb74	 x19=0x1bb74000
     421715.000 ns	     42170	80009070	088a4ad3	fsub.s	f21,f20,f8	 f20:0x4efff7e0  f8:0x00000000 f21=0x4efff7e0
     421745.000 ns	     42173	80009074	a0cf8d53	fle.s	x26,f31,f12	 f31:0x3f800000 f12:0x00000000 x26=0x00000000
     421765.000 ns	     42175	80009078	014e4c33	xor	x24,x28,x20	 x28:0x00000000 x20:0x31bea028 x24=0x31bea028
     421785.000 ns	     42177	8000907c	a0479ad3	flt.s	x21,f15,f4	 f15:0x00000001  f4:0x00000001 x21=0x00000000
     421805.000 ns	     42179	80009080	41a6dfb3	sra	x31,x13,x26	 x13:0x80041024 x26:0x00000000 x31=0x80041024
     422975.000 ns	     42296	80009084	580cf253	fsqrt.s	f4,f25	 f25:0x4efff7e0  f4=0x473501cc
     424155.000 ns	     42414	80009088	580d02d3	fsqrt.s	f5,f26	 f26:0x00000001  f5=0x1f350483
     424175.000 ns	     42416	8000908c	008ce533	or	x10,x25,x8	 x25:0x00000000  x8:0x80040fe4 x10=0x80040fe4
     424195.000 ns	     42418	80009090	29908dd3	fmin.s	f27,f1,f25	  f1:0x3f800000 f25:0x4efff7e0 f27=0x3f800000
     424245.000 ns	     42423	80009094	016c16d3	fadd.s	f13,f24,f22	 f24:0x00000000 f22:0x0000022b f13=0x0000022b
     424275.000 ns	     42426	80009098	0253cf33	div	x30,x7,x5	  x7:0x00000000  x5:0x00000000 x30=0xffffffff
     424295.000 ns	     42428	8000909c	fb5d4f93	xori	x31,x26,-75	 x26:0x00000000 x31=0xffffffb5
     424305.000 ns	     42429	800090a0	00a89d33	sll	x26,x17,x10	 x17:0x00000001 x10:0x80040fe4 x26=0x00000010
     424325.000 ns	     42431	800090a4	e00a1553	fclass.s	x10,f20	 f20:0x4efff7e0 x10=0x00000040
     424345.000 ns	     42433	800090a8	006b5e93	srli	x29,x22,0x6	 x22:0x00000000 x29=0x00000000
     424365.000 ns	     42435	800090ac	03058f33	mul	x30,x11,x16	 x11:0x00000000 x16:0x00000000 x30=0x00000000
     424385.000 ns	     42437	800090b0	010a37b3	sltu	x15,x20,x16	 x20:0x31bea028 x16:0x00000000 x15=0x00000000
     425555.000 ns	     42554	800090b4	580d1cd3	fsqrt.s	f25,f26	 f26:0x00000001 f25=0x1f350483
     425585.000 ns	     42557	800090b8	f00389d3	fmv.w.x	f19,x7	  x7:0x00000000 f19=0x00000000
     425605.000 ns	     42559	800090bc	00c53833	sltu	x16,x10,x12	 x10:0x00000040 x12:0x00000000 x16=0x00000000
     425625.000 ns	     42561	800090c0	e00c8bd3	fmv.x.w	x23,f25	 f25:0x1f350483 x23=0x1f350483
     425655.000 ns	     42564	800090c4	f0028fd3	fmv.w.x	f31,x5	  x5:0x00000000 f31=0x00000000
     425685.000 ns	     42567	800090c8	282b1953	fmax.s	f18,f22,f2	 f22:0x0000022b  f2:0x00000001 f18=0x0000022b
     425705.000 ns	     42569	800090cc	41055293	srai	x5,x10,0x10	 x10:0x00000040  x5=0x00000000
     425745.000 ns	     42573	800090d0	08e4b253	fsub.s	f4,f9,f14	  f9:0xcefff7e0 f14:0x1f350483  f4=0xcefff7e0
     426115.000 ns	     42610	800090d4	026ceb33	rem	x22,x25,x6	 x25:0x00000000  x6:0xffffffff x22=0x00000000
     427295.000 ns	     42728	800090d8	580c8753	fsqrt.s	f14,f25	 f25:0x1f350483 f14=0x2effff26
     427665.000 ns	     42765	800090dc	02a8fc33	remu	x24,x17,x10	 x17:0x00000001 x10:0x00000040 x24=0x00000001
     427685.000 ns	     42767	800090e0	933bc713	xori	x14,x23,-1741	 x23:0x1f350483 x14=0xe0cafdb0
     427695.000 ns	     42768	800090e4	00161113	slli	x2,x12,0x1	 x12:0x00000000  x2=0x00000000
     428865.000 ns	     42885	800090e8	580971d3	fsqrt.s	f3,f18	 f18:0x0000022b  f3=0x1f350792
     428885.000 ns	     42887	800090ec	479b7717	auipc	x14,0x479b7	 x14=0xc79c00ec
     428895.000 ns	     42888	800090f0	89d42b37	lui	x22,0x89d42	 x22=0x89d42000
     428905.000 ns	     42889	800090f4	410ad713	srai	x14,x21,0x10	 x21:0x00000000 x14=0x00000000
     428925.000 ns	     42891	800090f8	03b68233	mul	x4,x13,x27	 x13:0x80041024 x27:0x00000008  x4=0x00208120
     428975.000 ns	     42896	800090fc	09dc8653	fsub.s	f12,f25,f29	 f25:0x1f350483 f29:0x80000000 f12=0x1f350483
     428995.000 ns	     42898	80009100	4fef8713	addi	x14,x31,1278	 x31:0xffffffb5 x14=0x000004b3
     429015.000 ns	     42900	80009104	f00c8853	fmv.w.x	f16,x25	 x25:0x00000000 f16=0x00000000
     429045.000 ns	     42903	80009108	03055133	divu	x2,x10,x16	 x10:0x00000040 x16:0x00000000  x2=0xffffffff
     429075.000 ns	     42906	8000910c	027b3233	mulhu	x4,x22,x7	 x22:0x89d42000  x7:0x00000000  x4=0x00000000
     429095.000 ns	     42908	80009110	6065eb93	ori	x23,x11,1542	 x11:0x00000000 x23=0x00000606
     429105.000 ns	     42909	80009114	63e63a93	sltiu	x21,x12,1598	 x12:0x00000000 x21=0x00000001
     429145.000 ns	     42913	80009118	0969ac53	fsub.s	f24,f19,f22	 f19:0x00000000 f22:0x0000022b f24=0x8000022b
     429165.000 ns	     42915	8000911c	b8b9e993	ori	x19,x19,-1141	 x19:0x1bb74000 x19=0xfffffb8b
     429175.000 ns	     42916	80009120	352a2993	slti	x19,x20,850	 x20:0x31bea028 x19=0x00000000
     429195.000 ns	     42918	80009124	02592033	mulhsu	x0,x18,x5	 x18:0x00009500  x5:0x00000000
     429565.000 ns	     42955	80009128	02a0c8b3	div	x17,x1,x10	  x1:0x00000009 x10:0x00000040 x17=0x00000000
     429585.000 ns	     42957	8000912c	01363db3	sltu	x27,x12,x19	 x12:0x00000000 x19:0x00000000 x27=0x00000000
     429595.000 ns	     42958	80009130	2ea10293	addi	x5,x2,746	  x2:0xffffffff  x5=0x000002e9
     429615.000 ns	     42960	80009134	03690233	mul	x4,x18,x22	 x18:0x00009500 x22:0x89d42000  x4=0x76a00000
     429635.000 ns	     42962	80009138	8fdaff13	andi	x30,x21,-1795	 x21:0x00000001 x30=0x00000001
     429675.000 ns	     42966	8000913c	00a82e53	fadd.s	f28,f16,f10	 f16:0x00000000 f10:0x7fc00000 f28=0x7fc00000
     429705.000 ns	     42969	80009140	a06d18d3	flt.s	x17,f26,f6	 f26:0x00000001  f6:0x00000001 x17=0x00000000
     429725.000 ns	     42971	80009144	01f38633	add	x12,x7,x31	  x7:0x00000000 x31:0xffffffb5 x12=0xffffffb5
     429745.000 ns	     42973	80009148	d01ff2d3	fcvt.s.wu	f5,x31	 x31:0xffffffb5  f5=0x4f7fffff
     429785.000 ns	     42977	8000914c	10e9f353	fmul.s	f6,f19,f14	 f19:0x00000000 f14:0x2effff26  f6=0x00000000
     429805.000 ns	     42979	80009150	00fe7ab3	and	x21,x28,x15	 x28:0x00000000 x15:0x00000000 x21=0x00000000
     429825.000 ns	     42981	80009154	287214d3	fmax.s	f9,f4,f7	  f4:0xcefff7e0  f7:0x44b0a000  f9=0x44b0a000
     429845.000 ns	     42983	80009158	00983933	sltu	x18,x16,x9	 x16:0x00000000  x9:0x00000000 x18=0x00000000
     429865.000 ns	     42985	8000915c	a0e197d3	flt.s	x15,f3,f14	  f3:0x1f350792 f14:0x2effff26 x15=0x00000001
     429895.000 ns	     42988	80009160	e0000d53	fmv.x.w	x26,f0	  f0:0x00000000 x26=0x00000000
     429925.000 ns	     42991	80009164	e00a9ad3	fclass.s	x21,f21	 f21:0x4efff7e0 x21=0x00000040
     429955.000 ns	     42994	80009168	e00b0c53	fmv.x.w	x24,f22	 f22:0x0000022b x24=0x0000022b
     429975.000 ns	     42996	8000916c	419b0333	sub	x6,x22,x25	 x22:0x89d42000 x25:0x00000000  x6=0x89d42000
     429985.000 ns	     42997	80009170	00000013	addi	x0,x0,0	  x0:0x00000000
     430025.000 ns	     43001	80009174	08c97bd3	fsub.s	f23,f18,f12	 f18:0x0000022b f12:0x1f350483 f23=0x9f350483
     430045.000 ns	     43003	80009178	00d2c333	xor	x6,x5,x13	  x5:0x000002e9 x13:0x80041024  x6=0x800412cd
     430065.000 ns	     43005	8000917c	21ef9753	fsgnjn.s	f14,f31,f30	 f31:0x00000000 f30:0x00000001 f14=0x80000000
     430095.000 ns	     43008	80009180	215d9253	fsgnjn.s	f4,f27,f21	 f27:0x3f800000 f21:0x4efff7e0  f4=0xbf800000
     430125.000 ns	     43011	80009184	c01674d3	fcvt.wu.s	x9,f12	 f12:0x1f350483  x9=0x00000000
     430145.000 ns	     43013	80009188	b6327b93	andi	x23,x4,-1181	  x4:0x76a00000 x23=0x76a00000
     430165.000 ns	     43015	8000918c	21cd8bd3	fsgnj.s	f23,f27,f28	 f27:0x3f800000 f28:0x7fc00000 f23=0x3f800000
     430195.000 ns	     43018	80009190	a0b11853	flt.s	x16,f2,f11	  f2:0x00000001 f11:0x7fc00000 x16=0x00000000
     430215.000 ns	     43020	80009194	0170a5b3	slt	x11,x1,x23	  x1:0x00000009 x23:0x76a00000 x11=0x00000001
     430225.000 ns	     43021	80009198	d7648393	addi	x7,x9,-650	  x9:0x00000000  x7=0xfffffd76
     430235.000 ns	     43022	8000919c	00e95813	srli	x16,x18,0xe	 x18:0x00000000 x16=0x00000000
     430255.000 ns	     43024	800091a0	c019b753	fcvt.wu.s	x14,f19	 f19:0x00000000 x14=0x00000000
     430285.000 ns	     43027	800091a4	c0057bd3	fcvt.w.s	x23,f10	 f10:0x7fc00000 x23=0x7fffffff
     430335.000 ns	     43032	800091a8	09740cd3	fsub.s	f25,f8,f23	  f8:0x00000000 f23:0x3f800000 f25=0xbf800000
     430355.000 ns	     43034	800091ac	977e4f13	xori	x30,x28,-1673	 x28:0x00000000 x30=0xfffff977
     430365.000 ns	     43035	800091b0	e8113a13	sltiu	x20,x2,-383	  x2:0xffffffff x20=0x00000000
     430385.000 ns	     43037	800091b4	d01ac853	fcvt.s.wu	f16,x21	 x21:0x00000040 f16=0x42800000
     430415.000 ns	     43040	800091b8	d010add3	fcvt.s.wu	f27,x1	  x1:0x00000009 f27=0x41100000
     430435.000 ns	     43042	800091bc	6d388813	addi	x16,x17,1747	 x17:0x00000000 x16=0x000006d3
     430795.000 ns	     43078	800091c0	02bfe2b3	rem	x5,x31,x11	 x31:0xffffffb5 x11:0x00000001  x5=0x00000000
     430815.000 ns	     43080	800091c4	404f0533	sub	x10,x30,x4	 x30:0xfffff977  x4:0x76a00000 x10=0x895ff977
     430835.000 ns	     43082	800091c8	a0a12953	feq.s	x18,f2,f10	  f2:0x00000001 f10:0x7fc00000 x18=0x00000000
     430885.000 ns	     43087	800091cc	01627f53	fadd.s	f30,f4,f22	  f4:0xbf800000 f22:0x0000022b f30=0xbf800000
     431255.000 ns	     43124	800091d0	02baecb3	rem	x25,x21,x11	 x21:0x00000040 x11:0x00000001 x25=0x00000000
     431285.000 ns	     43127	800091d4	025b9cb3	mulh	x25,x23,x5	 x23:0x7fffffff  x5:0x00000000 x25=0x00000000
     431315.000 ns	     43130	800091d8	20de9f53	fsgnjn.s	f30,f29,f13	 f29:0x80000000 f13:0x0000022b f30=0x80000000
     431335.000 ns	     43132	800091dc	01284633	xor	x12,x16,x18	 x16:0x000006d3 x18:0x00000000 x12=0x000006d3
     431345.000 ns	     43133	800091e0	15868c93	addi	x25,x13,344	 x13:0x80041024 x25=0x8004117c
     431705.000 ns	     43169	800091e4	022bd4b3	divu	x9,x23,x2	 x23:0x7fffffff  x2:0xffffffff  x9=0x00000000
     431725.000 ns	     43171	800091e8	40ebd2b3	sra	x5,x23,x14	 x23:0x7fffffff x14:0x00000000  x5=0x7fffffff
     431735.000 ns	     43172	800091ec	c83c7893	andi	x17,x24,-893	 x24:0x0000022b x17=0x00000003
     431755.000 ns	     43174	800091f0	e00d0a53	fmv.x.w	x20,f26	 f26:0x00000001 x20=0x00000001
     431785.000 ns	     43177	800091f4	03b6b2b3	mulhu	x5,x13,x27	 x13:0x80041024 x27:0x00000000  x5=0x00000000
     431815.000 ns	     43180	800091f8	c01577d3	fcvt.wu.s	x15,f10	 f10:0x7fc00000 x15=0xffffffff
     432185.000 ns	     43217	800091fc	034272b3	remu	x5,x4,x20	  x4:0x76a00000 x20:0x00000001  x5=0x00000000
     432215.000 ns	     43220	80009200	03ae1133	mulh	x2,x28,x26	 x28:0x00000000 x26:0x00000000  x2=0x00000000
     432235.000 ns	     43222	80009204	01004eb3	xor	x29,x0,x16	  x0:0x00000000 x16:0x000006d3 x29=0x000006d3
     432245.000 ns	     43223	80009208	014d68b3	or	x17,x26,x20	 x26:0x00000000 x20:0x00000001 x17=0x00000001
     432275.000 ns	     43226	8000920c	102c3dd3	fmul.s	f27,f24,f2	 f24:0x8000022b  f2:0x00000001 f27=0x80000000
     432645.000 ns	     43263	80009210	035b47b3	div	x15,x22,x21	 x22:0x89d42000 x21:0x00000040 x15=0xfe275080
     432665.000 ns	     43265	80009214	ebd50b13	addi	x22,x10,-323	 x10:0x895ff977 x22=0x895ff834
     432685.000 ns	     43267	80009218	28fa1353	fmax.s	f6,f20,f15	 f20:0x4efff7e0 f15:0x00000001  f6=0x4efff7e0
     432715.000 ns	     43270	8000921c	c007fc53	fcvt.w.s	x24,f15	 f15:0x00000001 x24=0x00000000
     432765.000 ns	     43275	80009220	00c632d3	fadd.s	f5,f12,f12	 f12:0x1f350483 f12:0x1f350483  f5=0x1fb50483
     432795.000 ns	     43278	80009224	c00d2a53	fcvt.w.s	x20,f26	 f26:0x00000001 x20=0x00000000
     432835.000 ns	     43282	80009228	19d08753	fdiv.s	f14,f1,f29	  f1:0x3f800000 f29:0x80000000 f14=0xff800000
     432865.000 ns	     43285	8000922c	e00195d3	fclass.s	x11,f3	  f3:0x1f350792 x11=0x00000040
     432895.000 ns	     43288	80009230	28fe97d3	fmax.s	f15,f29,f15	 f29:0x80000000 f15:0x00000001 f15=0x00000001
     432925.000 ns	     43291	80009234	035935b3	mulhu	x11,x18,x21	 x18:0x00000000 x21:0x00000040 x11=0x00000000
     432955.000 ns	     43294	80009238	d0127153	fcvt.s.wu	f2,x4	  x4:0x76a00000  f2=0x4eed4000
     432975.000 ns	     43296	8000923c	8ccdaf93	slti	x31,x27,-1844	 x27:0x00000000 x31=0x00000000
     433005.000 ns	     43299	80009240	19c316d3	fdiv.s	f13,f6,f28	  f6:0x4efff7e0 f28:0x7fc00000 f13=0x7fc00000
     433025.000 ns	     43301	80009244	01c912b3	sll	x5,x18,x28	 x18:0x00000000 x28:0x00000000  x5=0x00000000
     433065.000 ns	     43305	80009248	09397153	fsub.s	f2,f18,f19	 f18:0x0000022b f19:0x00000000  f2=0x0000022b
     433095.000 ns	     43308	8000924c	d0073653	fcvt.s.w	f12,x14	 x14:0x00000000 f12=0x00000000
     433125.000 ns	     43311	80009250	21450953	fsgnj.s	f18,f10,f20	 f10:0x7fc00000 f20:0x4efff7e0 f18=0x7fc00000
     433145.000 ns	     43313	80009254	01b84fb3	xor	x31,x16,x27	 x16:0x000006d3 x27:0x00000000 x31=0x000006d3
     433505.000 ns	     43349	80009258	03dd6e33	rem	x28,x26,x29	 x26:0x00000000 x29:0x000006d3 x28=0x00000000
     433555.000 ns	     43354	8000925c	0176b5d3	fadd.s	f11,f13,f23	 f13:0x7fc00000 f23:0x3f800000 f11=0x7fc00000
     433575.000 ns	     43356	80009260	001e9793	slli	x15,x29,0x1	 x29:0x000006d3 x15=0x00000da6
     433935.000 ns	     43392	80009264	02adf2b3	remu	x5,x27,x10	 x27:0x00000000 x10:0x895ff977  x5=0x00000000
     433955.000 ns	     43394	80009268	007dd313	srli	x6,x27,0x7	 x27:0x00000000  x6=0x00000000
     433975.000 ns	     43396	8000926c	0362bbb3	mulhu	x23,x5,x22	  x5:0x00000000 x22:0x895ff834 x23=0x00000000
     434005.000 ns	     43399	80009270	03d58db3	mul	x27,x11,x29	 x11:0x00000000 x29:0x000006d3 x27=0x00000000
     434025.000 ns	     43401	80009274	41140c33	sub	x24,x8,x17	  x8:0x80040fe4 x17:0x00000001 x24=0x80040fe3
     434035.000 ns	     43402	80009278	0040c7b3	xor	x15,x1,x4	  x1:0x00000009  x4:0x76a00000 x15=0x76a00009
     434045.000 ns	     43403	8000927c	00ba41b3	xor	x3,x20,x11	 x20:0x00000000 x11:0x00000000  x3=0x00000000
     434055.000 ns	     43404	80009280	eff98493	addi	x9,x19,-257	 x19:0x00000000  x9=0xfffffeff
     434085.000 ns	     43407	80009284	580ff8d3	fsqrt.s	f17,f31	 f31:0x00000000 f17=0x00000000
     434115.000 ns	     43410	80009288	28179f53	fmax.s	f30,f15,f1	 f15:0x00000001  f1:0x3f800000 f30=0x3f800000
     434135.000 ns	     43412	8000928c	40e308b3	sub	x17,x6,x14	  x6:0x00000000 x14:0x00000000 x17=0x00000000
     434155.000 ns	     43414	80009290	028483b3	mul	x7,x9,x8	  x9:0xfffffeff  x8:0x80040fe4  x7=0x7bec0c1c
     434185.000 ns	     43417	80009294	a01a0ad3	fle.s	x21,f20,f1	 f20:0x4efff7e0  f1:0x3f800000 x21=0x00000000
     434205.000 ns	     43419	80009298	3a9c8117	auipc	x2,0x3a9c8	  x2=0xba9d1298
     434225.000 ns	     43421	8000929c	212790d3	fsgnjn.s	f1,f15,f18	 f15:0x00000001 f18:0x7fc00000  f1=0x80000001
     434255.000 ns	     43424	800092a0	2045a053	fsgnjx.s	f0,f11,f4	 f11:0x7fc00000  f4:0xbf800000  f0=0xffc00000
     434285.000 ns	     43427	800092a4	f00d02d3	fmv.w.x	f5,x26	 x26:0x00000000  f5=0x00000000
     434655.000 ns	     43464	800092a8	0399cc33	div	x24,x19,x25	 x19:0x00000000 x25:0x8004117c x24=0x00000000
     434685.000 ns	     43467	800092ac	03163a33	mulhu	x20,x12,x17	 x12:0x000006d3 x17:0x00000000 x20=0x00000000
     434715.000 ns	     43470	800092b0	0259e9b3	rem	x19,x19,x5	 x19:0x00000000  x5:0x00000000 x19=0x00000000
     434735.000 ns	     43472	800092b4	00000013	addi	x0,x0,0	  x0:0x00000000
     434765.000 ns	     43475	800092b8	11f0ce53	fmul.s	f28,f1,f31	  f1:0x80000001 f31:0x00000000 f28=0x80000000
     434795.000 ns	     43478	800092bc	03a7cc33	div	x24,x15,x26	 x15:0x76a00009 x26:0x00000000 x24=0xffffffff
     434825.000 ns	     43481	800092c0	20a00f53	fsgnj.s	f30,f0,f10	  f0:0xffc00000 f10:0x7fc00000 f30=0x7fc00000
     434855.000 ns	     43484	800092c4	21400953	fsgnj.s	f18,f0,f20	  f0:0xffc00000 f20:0x4efff7e0 f18=0x7fc00000
     434885.000 ns	     43487	800092c8	03bc9cb3	mulh	x25,x25,x27	 x25:0x8004117c x27:0x00000000 x25=0x00000000
     434905.000 ns	     43489	800092cc	00aebc33	sltu	x24,x29,x10	 x29:0x000006d3 x10:0x895ff977 x24=0x00000001
     434945.000 ns	     43493	800092d0	0813f553	fsub.s	f10,f7,f1	  f7:0x44b0a000  f1:0x80000001 f10=0x44b0a000
     434975.000 ns	     43496	800092d4	e00f1d53	fclass.s	x26,f30	 f30:0x7fc00000 x26=0x00000200
     435015.000 ns	     43500	800092d8	115bfad3	fmul.s	f21,f23,f21	 f23:0x3f800000 f21:0x4efff7e0 f21=0x4efff7e0
     435065.000 ns	     43505	800092dc	019ec653	fadd.s	f12,f29,f25	 f29:0x80000000 f25:0xbf800000 f12=0xbf800000
     435085.000 ns	     43507	800092e0	00000013	addi	x0,x0,0	  x0:0x00000000
     435105.000 ns	     43509	800092e4	02ef32b3	mulhu	x5,x30,x14	 x30:0xfffff977 x14:0x00000000  x5=0x00000000
     435445.000 ns	     43543	800092e8	18ccf753	fdiv.s	f14,f25,f12	 f25:0xbf800000 f12:0xbf800000 f14=0x3f045ede
     435465.000 ns	     43545	800092ec	0142c933	xor	x18,x5,x20	  x5:0x00000000 x20:0x00000000 x18=0x00000000
     435475.000 ns	     43546	800092f0	83c6f493	andi	x9,x13,-1988	 x13:0x80041024  x9=0x80041024
     435835.000 ns	     43582	800092f4	028a6833	rem	x16,x20,x8	 x20:0x00000000  x8:0x80040fe4 x16=0x00000000
     435865.000 ns	     43585	800092f8	c0007fd3	fcvt.w.s	x31,f0	  f0:0xffc00000 x31=0x7fffffff
     435885.000 ns	     43587	800092fc	001ba933	slt	x18,x23,x1	 x23:0x00000000  x1:0x00000009 x18=0x00000001
     435905.000 ns	     43589	80009300	e00b0ed3	fmv.x.w	x29,f22	 f22:0x0000022b x29=0x0000022b
     435935.000 ns	     43592	80009304	20b10e53	fsgnj.s	f28,f2,f11	  f2:0x0000022b f11:0x7fc00000 f28=0x0000022b
     435955.000 ns	     43594	80009308	00000013	addi	x0,x0,0	  x0:0x00000000
     435965.000 ns	     43595	8000930c	01b1f633	and	x12,x3,x27	  x3:0x00000000 x27:0x00000000 x12=0x00000000
     435985.000 ns	     43597	80009310	a1caa353	feq.s	x6,f21,f28	 f21:0x4efff7e0 f28:0x0000022b  x6=0x00000000
     436015.000 ns	     43600	80009314	038aa3b3	mulhsu	x7,x21,x24	 x21:0x00000000 x24:0x00000001  x7=0x00000000
     436035.000 ns	     43602	80009318	01282cb3	slt	x25,x16,x18	 x16:0x00000000 x18:0x00000001 x25=0x00000001
     436055.000 ns	     43604	8000931c	02e7bfb3	mulhu	x31,x15,x14	 x15:0x76a00009 x14:0x00000000 x31=0x00000000
     436085.000 ns	     43607	80009320	f0048d53	fmv.w.x	f26,x9	  x9:0x80041024 f26=0x80041024
     436105.000 ns	     43609	80009324	46592c13	slti	x24,x18,1125	 x18:0x00000001 x24=0x00000001
     436115.000 ns	     43610	80009328	eea76793	ori	x15,x14,-278	 x14:0x00000000 x15=0xfffffeea
     436135.000 ns	     43612	8000932c	20281bd3	fsgnjn.s	f23,f16,f2	 f16:0x42800000  f2:0x0000022b f23=0xc2800000
     436165.000 ns	     43615	80009330	d000bbd3	fcvt.s.w	f23,x1	  x1:0x00000009 f23=0x41100000
     436195.000 ns	     43618	80009334	e00304d3	fmv.x.w	x9,f6	  f6:0x4efff7e0  x9=0x4efff7e0
     436225.000 ns	     43621	80009338	c00c7a53	fcvt.w.s	x20,f24	 f24:0x8000022b x20=0x00000000
     436245.000 ns	     43623	8000933c	001ed213	srli	x4,x29,0x1	 x29:0x0000022b  x4=0x00000115
     436265.000 ns	     43625	80009340	c01272d3	fcvt.wu.s	x5,f4	  f4:0xbf800000  x5=0x00000001
     436295.000 ns	     43628	80009344	03f1a333	mulhsu	x6,x3,x31	  x3:0x00000000 x31:0x00000000  x6=0x00000000
     436325.000 ns	     43631	80009348	03016333	rem	x6,x2,x16	  x2:0xba9d1298 x16:0x00000000  x6=0xba9d1298
     436355.000 ns	     43634	8000934c	a16da353	feq.s	x6,f27,f22	 f27:0x80000000 f22:0x0000022b  x6=0x00000000
     436385.000 ns	     43637	80009350	205704d3	fsgnj.s	f9,f14,f5	 f14:0x3f045ede  f5:0x00000000  f9=0x3f045ede
     436405.000 ns	     43639	80009354	000d7cb3	and	x25,x26,x0	 x26:0x00000200  x0:0x00000000 x25=0x00000000
     436415.000 ns	     43640	80009358	01e41bb3	sll	x23,x8,x30	  x8:0x80040fe4 x30:0xfffff977 x23=0xf2000000
     436435.000 ns	     43642	8000935c	02365033	divu	x0,x12,x3	 x12:0x00000000  x3:0x00000000
     436455.000 ns	     43644	80009360	01645113	srli	x2,x8,0x16	  x8:0x80040fe4  x2=0x00000200
     436465.000 ns	     43645	80009364	01a19713	slli	x14,x3,0x1a	  x3:0x00000000 x14=0x00000000
     436475.000 ns	     43646	80009368	01429993	slli	x19,x5,0x14	  x5:0x00000001 x19=0x00100000
     436495.000 ns	     43648	8000936c	02a53bb3	mulhu	x23,x10,x10	 x10:0x895ff977 x10:0x895ff977 x23=0x49b7dcfc
     436515.000 ns	     43650	80009370	01901bb3	sll	x23,x0,x25	  x0:0x00000000 x25:0x00000000 x23=0x00000000
     436525.000 ns	     43651	80009374	72c587b7	lui	x15,0x72c58	 x15=0x72c58000
     436545.000 ns	     43653	80009378	c015f853	fcvt.wu.s	x16,f11	 f11:0x7fc00000 x16=0xffffffff
     436575.000 ns	     43656	8000937c	02c8c7b3	div	x15,x17,x12	 x17:0x00000000 x12:0x00000000 x15=0xffffffff
     436605.000 ns	     43659	80009380	03f68eb3	mul	x29,x13,x31	 x13:0x80041024 x31:0x00000000 x29=0x00000000
     436635.000 ns	     43662	80009384	a07e9f53	flt.s	x30,f29,f7	 f29:0x80000000  f7:0x44b0a000 x30=0x00000001
     436655.000 ns	     43664	80009388	4b1ba913	slti	x18,x23,1201	 x23:0x00000000 x18=0x00000001
     436665.000 ns	     43665	8000938c	54f2b013	sltiu	x0,x5,1359	  x5:0x00000001
     437025.000 ns	     43701	80009390	0215e2b3	rem	x5,x11,x1	 x11:0x00000000  x1:0x00000009  x5=0x00000000
     437045.000 ns	     43703	80009394	3aa61017	auipc	x0,0x3aa61	
     437055.000 ns	     43704	80009398	01d03133	sltu	x2,x0,x29	  x0:0x00000000 x29:0x00000000  x2=0x00000000
     437075.000 ns	     43706	8000939c	a1dd1b53	flt.s	x22,f26,f29	 f26:0x80041024 f29:0x80000000 x22=0x00000001
     437095.000 ns	     43708	800093a0	00c63d33	sltu	x26,x12,x12	 x12:0x00000000 x12:0x00000000 x26=0x00000000
     437115.000 ns	     43710	800093a4	20ae8753	fsgnj.s	f14,f29,f10	 f29:0x80000000 f10:0x44b0a000 f14=0x00000000
     437165.000 ns	     43715	800093a8	0010c0d3	fadd.s	f1,f1,f1	  f1:0x80000001  f1:0x80000001  f1=0x80000002
     437185.000 ns	     43717	800093ac	90748e37	lui	x28,0x90748	 x28=0x90748000
     437195.000 ns	     43718	800093b0	a5872393	slti	x7,x14,-1448	 x14:0x00000000  x7=0x00000000
     437205.000 ns	     43719	800093b4	41e7d1b3	sra	x3,x15,x30	 x15:0xffffffff x30:0x00000001  x3=0xffffffff
     437225.000 ns	     43721	800093b8	e00c9753	fclass.s	x14,f25	 f25:0xbf800000 x14=0x00000002
     437255.000 ns	     43724	800093bc	a0d39dd3	flt.s	x27,f7,f13	  f7:0x44b0a000 f13:0x7fc00000 x27=0x00000000
     437295.000 ns	     43728	800093c0	5809fed3	fsqrt.s	f29,f19	 f19:0x00000000 f29=0x00000000
     437315.000 ns	     43730	800093c4	be64ff93	andi	x31,x9,-1050	  x9:0x4efff7e0 x31=0x4efff3e0
     437325.000 ns	     43731	800093c8	94f3a513	slti	x10,x7,-1713	  x7:0x00000000 x10=0x00000000
     437355.000 ns	     43734	800093cc	19d976d3	fdiv.s	f13,f18,f29	 f18:0x7fc00000 f29:0x00000000 f13=0x7fc00000
     437405.000 ns	     43739	800093d0	087b7dd3	fsub.s	f27,f22,f7	 f22:0x0000022b  f7:0x44b0a000 f27=0xc4b0a000
     437775.000 ns	     43776	800093d4	03096033	rem	x0,x18,x16	 x18:0x00000001 x16:0xffffffff
     437795.000 ns	     43778	800093d8	00a28c33	add	x24,x5,x10	  x5:0x00000000 x10:0x00000000 x24=0x00000000
     437815.000 ns	     43780	800093dc	0397beb3	mulhu	x29,x15,x25	 x15:0xffffffff x25:0x00000000 x29=0x00000000
     437855.000 ns	     43784	800093e0	1885f2d3	fdiv.s	f5,f11,f8	 f11:0x7fc00000  f8:0x00000000  f5=0x7fc00000
     437875.000 ns	     43786	800093e4	005c0533	add	x10,x24,x5	 x24:0x00000000  x5:0x00000000 x10=0x00000000
     437905.000 ns	     43789	800093e8	19fcfad3	fdiv.s	f21,f25,f31	 f25:0xbf800000 f31:0x00000000 f21=0xff800000
     437935.000 ns	     43792	800093ec	c0170ed3	fcvt.wu.s	x29,f14	 f14:0x00000000 x29=0x00000000
     437965.000 ns	     43795	800093f0	d007fdd3	fcvt.s.w	f27,x15	 x15:0xffffffff f27=0xbf800000
     437985.000 ns	     43797	800093f4	1a1fea13	ori	x20,x31,417	 x31:0x4efff3e0 x20=0x4efff3e1
     437995.000 ns	     43798	800093f8	0cc03a17	auipc	x20,0xcc03	 x20=0x8cc0c3f8
     438005.000 ns	     43799	800093fc	71938d13	addi	x26,x7,1817	  x7:0x00000000 x26=0x00000719
     438015.000 ns	     43800	80009400	0039f493	andi	x9,x19,3	 x19:0x00100000  x9=0x00000000
     438025.000 ns	     43801	80009404	40075393	srai	x7,x14,0x0	 x14:0x00000002  x7=0x00000002
     438045.000 ns	     43803	80009408	0370dfb3	divu	x31,x1,x23	  x1:0x00000009 x23:0x00000000 x31=0xffffffff
     438075.000 ns	     43806	8000940c	0312e1b3	rem	x3,x5,x17	  x5:0x00000000 x17:0x00000000  x3=0x00000000
     438105.000 ns	     43809	80009410	c00e47d3	fcvt.w.s	x15,f28	 f28:0x0000022b x15=0x00000000
     438135.000 ns	     43812	80009414	201ca7d3	fsgnjx.s	f15,f25,f1	 f25:0xbf800000  f1:0x80000002 f15=0x3f800000
     438155.000 ns	     43814	80009418	4026d213	srai	x4,x13,0x2	 x13:0x80041024  x4=0xe0010409
     438175.000 ns	     43816	8000941c	023ea133	mulhsu	x2,x29,x3	 x29:0x00000000  x3:0x00000000  x2=0x00000000
     438545.000 ns	     43853	80009420	0306e833	rem	x16,x13,x16	 x13:0x80041024 x16:0xffffffff x16=0x00000000
     438575.000 ns	     43856	80009424	02753733	mulhu	x14,x10,x7	 x10:0x00000000  x7:0x00000002 x14=0x00000000
     438595.000 ns	     43858	80009428	4073da33	sra	x20,x7,x7	  x7:0x00000002  x7:0x00000002 x20=0x00000000
     438615.000 ns	     43860	8000942c	0219a133	mulhsu	x2,x19,x1	 x19:0x00100000  x1:0x00000009  x2=0x00000000
     438635.000 ns	     43862	80009430	00d6f733	and	x14,x13,x13	 x13:0x80041024 x13:0x80041024 x14=0x80041024
     438655.000 ns	     43864	80009434	03ecbab3	mulhu	x21,x25,x30	 x25:0x00000000 x30:0x00000001 x21=0x00000000
     438685.000 ns	     43867	80009438	03d13833	mulhu	x16,x2,x29	  x2:0x00000000 x29:0x00000000 x16=0x00000000
     438705.000 ns	     43869	8000943c	015477b3	and	x15,x8,x21	  x8:0x80040fe4 x21:0x00000000 x15=0x00000000
     438715.000 ns	     43870	80009440	c740c813	xori	x16,x1,-908	  x1:0x00000009 x16=0xfffffc7d
     438735.000 ns	     43872	80009444	a17088d3	fle.s	x17,f1,f23	  f1:0x80000002 f23:0x41100000 x17=0x00000001
     438755.000 ns	     43874	80009448	01507b33	and	x22,x0,x21	  x0:0x00000000 x21:0x00000000 x22=0x00000000
     438765.000 ns	     43875	8000944c	011f3cb3	sltu	x25,x30,x17	 x30:0x00000001 x17:0x00000001 x25=0x00000000
     439125.000 ns	     43911	80009450	032ef4b3	remu	x9,x29,x18	 x29:0x00000000 x18:0x00000001  x9=0x00000000
     439145.000 ns	     43913	80009454	01ff1d13	slli	x26,x30,0x1f	 x30:0x00000001 x26=0x80000000
     439155.000 ns	     43914	80009458	706b4f93	xori	x31,x22,1798	 x22:0x00000000 x31=0x00000706
     439165.000 ns	     43915	8000945c	012f33b3	sltu	x7,x30,x18	 x30:0x00000001 x18:0x00000001  x7=0x00000000
     439195.000 ns	     43918	80009460	101875d3	fmul.s	f11,f16,f1	 f16:0x42800000  f1:0x80000002 f11=0x80000080
     439215.000 ns	     43920	80009464	75e6c493	xori	x9,x13,1886	 x13:0x80041024  x9=0x8004177a
     439225.000 ns	     43921	80009468	0047b733	sltu	x14,x15,x4	 x15:0x00000000  x4:0xe0010409 x14=0x00000001
     439585.000 ns	     43957	8000946c	0283c833	div	x16,x7,x8	  x7:0x00000000  x8:0x80040fe4 x16=0x00000000
     439605.000 ns	     43959	80009470	31006c13	ori	x24,x0,784	  x0:0x00000000 x24=0x00000310
     439615.000 ns	     43960	80009474	c5953c93	sltiu	x25,x10,-935	 x10:0x00000000 x25=0x00000001
     439635.000 ns	     43962	80009478	e0081e53	fclass.s	x28,f16	 f16:0x42800000 x28=0x00000040
     439665.000 ns	     43965	8000947c	20889f53	fsgnjn.s	f30,f17,f8	 f17:0x00000000  f8:0x00000000 f30=0x80000000
     439695.000 ns	     43968	80009480	a1e411d3	flt.s	x3,f8,f30	  f8:0x00000000 f30:0x7fc00000  x3=0x00000000
     439725.000 ns	     43971	80009484	a00a27d3	feq.s	x15,f20,f0	 f20:0x4efff7e0  f0:0xffc00000 x15=0x00000000
     439755.000 ns	     43974	80009488	c00fbc53	fcvt.w.s	x24,f31	 f31:0x00000000 x24=0x00000000
     439785.000 ns	     43977	8000948c	21651253	fsgnjn.s	f4,f10,f22	 f10:0x44b0a000 f22:0x0000022b  f4=0xc4b0a000
     439805.000 ns	     43979	80009490	411488b3	sub	x17,x9,x17	  x9:0x8004177a x17:0x00000001 x17=0x80041779
     439815.000 ns	     43980	80009494	00000013	addi	x0,x0,0	  x0:0x00000000
     439825.000 ns	     43981	80009498	00279333	sll	x6,x15,x2	 x15:0x00000000  x2:0x00000000  x6=0x00000000
     439845.000 ns	     43983	8000949c	202d12d3	fsgnjn.s	f5,f26,f2	 f26:0x80041024  f2:0x0000022b  f5=0x80041024
     439885.000 ns	     43987	800094a0	1953c4d3	fdiv.s	f9,f7,f21	  f7:0x44b0a000 f21:0xff800000  f9=0x80000000
     439905.000 ns	     43989	800094a4	46b00b93	addi	x23,x0,1131	  x0:0x00000000 x23=0x0000046b
     439925.000 ns	     43991	800094a8	c00df753	fcvt.w.s	x14,f27	 f27:0xbf800000 x14=0x00000001
     439955.000 ns	     43994	800094ac	29ee0a53	fmin.s	f20,f28,f30	 f28:0x0000022b f30:0x80000000 f20=0x80000000
     439975.000 ns	     43996	800094b0	41b10cb3	sub	x25,x2,x27	  x2:0x00000000 x27:0x00000000 x25=0x00000000
     439985.000 ns	     43997	800094b4	00d61a13	slli	x20,x12,0xd	 x12:0x00000000 x20=0x00000000
     439995.000 ns	     43998	800094b8	01c57133	and	x2,x10,x28	 x10:0x00000000 x28:0x00000040  x2=0x00000000
     440015.000 ns	     44000	800094bc	c00a7d53	fcvt.w.s	x26,f20	 f20:0x80000000 x26=0x00000000
     440045.000 ns	     44003	800094c0	c00d81d3	fcvt.w.s	x3,f27	 f27:0xbf800000  x3=0xffffffff
     440075.000 ns	     44006	800094c4	a151af53	feq.s	x30,f3,f21	  f3:0x1f350792 f21:0xff800000 x30=0x00000000
     440105.000 ns	     44009	800094c8	d0177a53	fcvt.s.wu	f20,x14	 x14:0x00000001 f20=0x3f800000
     440135.000 ns	     44012	800094cc	a1ee9053	flt.s	x0,f29,f30	 f29:0x00000000 f30:0x80000000
     440165.000 ns	     44015	800094d0	f0008053	fmv.w.x	f0,x1	  x1:0x00000009  f0=0x00000009
     440215.000 ns	     44020	800094d4	00357353	fadd.s	f6,f10,f3	 f10:0x44b0a000  f3:0x1f350792  f6=0x44b0a000
     440245.000 ns	     44023	800094d8	a1ff2cd3	feq.s	x25,f30,f31	 f30:0x80000000 f31:0x00000000 x25=0x00000001
     440275.000 ns	     44026	800094dc	025709b3	mul	x19,x14,x5	 x14:0x00000001  x5:0x00000000 x19=0x00000000
     440645.000 ns	     44063	800094e0	031c53b3	divu	x7,x24,x17	 x24:0x00000000 x17:0x80041779  x7=0x00000000
     440675.000 ns	     44066	800094e4	20c795d3	fsgnjn.s	f11,f15,f12	 f15:0x3f800000 f12:0xbf800000 f11=0x3f800000
     440695.000 ns	     44068	800094e8	01664fb3	xor	x31,x12,x22	 x12:0x00000000 x22:0x00000000 x31=0x00000000
     440705.000 ns	     44069	800094ec	00f59d13	slli	x26,x11,0xf	 x11:0x00000000 x26=0x00000000
     440715.000 ns	     44070	800094f0	01981d13	slli	x26,x16,0x19	 x16:0x00000000 x26=0x00000000
     440725.000 ns	     44071	800094f4	00ed7e33	and	x28,x26,x14	 x26:0x00000000 x14:0x00000001 x28=0x00000000
     440735.000 ns	     44072	800094f8	402ad593	srai	x11,x21,0x2	 x21:0x00000000 x11=0x00000000
     440755.000 ns	     44074	800094fc	20e82d53	fsgnjx.s	f26,f16,f14	 f16:0x42800000 f14:0x00000000 f26=0x42800000
     440785.000 ns	     44077	80009500	287c8dd3	fmin.s	f27,f25,f7	 f25:0xbf800000  f7:0x44b0a000 f27=0xbf800000
     440815.000 ns	     44080	80009504	02a318b3	mulh	x17,x6,x10	  x6:0x00000000 x10:0x00000000 x17=0x00000000
     440865.000 ns	     44085	80009508	09000c53	fsub.s	f24,f0,f16	  f0:0x00000009 f16:0x42800000 f24=0xc2800000
     440895.000 ns	     44088	8000950c	a17c8cd3	fle.s	x25,f25,f23	 f25:0xbf800000 f23:0x41100000 x25=0x00000001
     440925.000 ns	     44091	80009510	02b13a33	mulhu	x20,x2,x11	  x2:0x00000000 x11:0x00000000 x20=0x00000000
     440945.000 ns	     44093	80009514	005cda33	srl	x20,x25,x5	 x25:0x00000001  x5:0x00000000 x20=0x00000001
     440965.000 ns	     44095	80009518	025e4233	div	x4,x28,x5	 x28:0x00000000  x5:0x00000000  x4=0xffffffff
     440995.000 ns	     44098	8000951c	0228a033	mulhsu	x0,x17,x2	 x17:0x00000000  x2:0x00000000
     441015.000 ns	     44100	80009520	01dd1c13	slli	x24,x26,0x1d	 x26:0x00000000 x24=0x00000000
     441375.000 ns	     44136	80009524	02ecc8b3	div	x17,x25,x14	 x25:0x00000001 x14:0x00000001 x17=0x00000001
     441395.000 ns	     44138	80009528	00d4bb33	sltu	x22,x9,x13	  x9:0x8004177a x13:0x80041024 x22=0x00000000
     441405.000 ns	     44139	8000952c	0138eb33	or	x22,x17,x19	 x17:0x00000001 x19:0x00000000 x22=0x00000001
     441415.000 ns	     44140	80009530	b6944793	xori	x15,x8,-1175	  x8:0x80040fe4 x15=0x7ffbf48d
     441425.000 ns	     44141	80009534	802a3f13	sltiu	x30,x20,-2046	 x20:0x00000001 x30=0x00000001
     441445.000 ns	     44143	80009538	e00b9b53	fclass.s	x22,f23	 f23:0x41100000 x22=0x00000040
     441475.000 ns	     44146	8000953c	03fe9c33	mulh	x24,x29,x31	 x29:0x00000000 x31:0x00000000 x24=0x00000000
     441505.000 ns	     44149	80009540	d00bf653	fcvt.s.w	f12,x23	 x23:0x0000046b f12=0x448d6000
     441525.000 ns	     44151	80009544	5ee80913	addi	x18,x16,1518	 x16:0x00000000 x18=0x000005ee
     441545.000 ns	     44153	80009548	287c11d3	fmax.s	f3,f24,f7	 f24:0xc2800000  f7:0x44b0a000  f3=0x44b0a000
     441565.000 ns	     44155	8000954c	7707ff93	andi	x31,x15,1904	 x15:0x7ffbf48d x31=0x00000400
     441585.000 ns	     44157	80009550	a0129853	flt.s	x16,f5,f1	  f5:0x80041024  f1:0x80000002 x16=0x00000001
     441615.000 ns	     44160	80009554	0216a7b3	mulhsu	x15,x13,x1	 x13:0x80041024  x1:0x00000009 x15=0xfffffffb
     441645.000 ns	     44163	80009558	a1a1ae53	feq.s	x28,f3,f26	  f3:0x44b0a000 f26:0x42800000 x28=0x00000000
     441665.000 ns	     44165	8000955c	001f7fb3	and	x31,x30,x1	 x30:0x00000001  x1:0x00000009 x31=0x00000001
     441685.000 ns	     44167	80009560	e00892d3	fclass.s	x5,f17	 f17:0x00000000  x5=0x00000010
     441715.000 ns	     44170	80009564	d0067553	fcvt.s.w	f10,x12	 x12:0x00000000 f10=0x00000000
     441735.000 ns	     44172	80009568	409452b3	sra	x5,x8,x9	  x8:0x80040fe4  x9:0x8004177a  x5=0xffffffe0
     441745.000 ns	     44173	8000956c	00772533	slt	x10,x14,x7	 x14:0x00000001  x7:0x00000000 x10=0x00000000
     442105.000 ns	     44209	80009570	0396cab3	div	x21,x13,x25	 x13:0x80041024 x25:0x00000001 x21=0x80041024
     442475.000 ns	     44246	80009574	028c61b3	rem	x3,x24,x8	 x24:0x00000000  x8:0x80040fe4  x3=0x00000000
     442495.000 ns	     44248	80009578	018b7633	and	x12,x22,x24	 x22:0x00000040 x24:0x00000000 x12=0x00000000
     442515.000 ns	     44250	8000957c	205488d3	fsgnj.s	f17,f9,f5	  f9:0x80000000  f5:0x80041024 f17=0x80000000
     442545.000 ns	     44253	80009580	a1a121d3	feq.s	x3,f2,f26	  f2:0x0000022b f26:0x42800000  x3=0x00000000
     442565.000 ns	     44255	80009584	00d50fb3	add	x31,x10,x13	 x10:0x00000000 x13:0x80041024 x31=0x80041024
     442925.000 ns	     44291	80009588	030ccfb3	div	x31,x25,x16	 x25:0x00000001 x16:0x00000001 x31=0x00000001
     443295.000 ns	     44328	8000958c	0348dc33	divu	x24,x17,x20	 x17:0x00000001 x20:0x00000001 x24=0x00000001
     443315.000 ns	     44330	80009590	518a7c93	andi	x25,x20,1304	 x20:0x00000001 x25=0x00000000
     443335.000 ns	     44332	80009594	d002a253	fcvt.s.w	f4,x5	  x5:0xffffffe0  f4=0xc2000000
     443355.000 ns	     44334	80009598	3aaca393	slti	x7,x25,938	 x25:0x00000001  x7=0x00000001
     443375.000 ns	     44336	8000959c	a13029d3	feq.s	x19,f0,f19	  f0:0x00000009 f19:0x00000000 x19=0x00000000
     443715.000 ns	     44370	800095a0	196b86d3	fdiv.s	f13,f23,f22	 f23:0x41100000 f22:0x0000022b f13=0x7f800000
     443745.000 ns	     44373	800095a4	206a1e53	fsgnjn.s	f28,f20,f6	 f20:0x3f800000  f6:0x44b0a000 f28=0xbf800000
     443775.000 ns	     44376	800095a8	02ac1a33	mulh	x20,x24,x10	 x24:0x00000001 x10:0x00000000 x20=0x00000000
     443795.000 ns	     44378	800095ac	58f73d13	sltiu	x26,x14,1423	 x14:0x00000001 x26=0x00000001
     444155.000 ns	     44414	800095b0	029f4f33	div	x30,x30,x9	 x30:0x00000001  x9:0x8004177a x30=0x00000000
     444185.000 ns	     44417	800095b4	02fdbab3	mulhu	x21,x27,x15	 x27:0x00000000 x15:0xfffffffb x21=0x00000000
     444215.000 ns	     44420	800095b8	a1e699d3	flt.s	x19,f13,f30	 f13:0x7f800000 f30:0x80000000 x19=0x00000000
     444235.000 ns	     44422	800095bc	419b82b3	sub	x5,x23,x25	 x23:0x0000046b x25:0x00000000  x5=0x0000046b
     444255.000 ns	     44424	800095c0	02a2da33	divu	x20,x5,x10	  x5:0xffffffe0 x10:0x00000000 x20=0xffffffff
     444285.000 ns	     44427	800095c4	c01a3a53	fcvt.wu.s	x20,f20	 f20:0x3f800000 x20=0x00000001
     444315.000 ns	     44430	800095c8	f00684d3	fmv.w.x	f9,x13	 x13:0x80041024  f9=0x80041024
     444365.000 ns	     44435	800095cc	09367453	fsub.s	f8,f12,f19	 f12:0x448d6000 f19:0x00000000  f8=0x448d6000
     444405.000 ns	     44439	800095d0	580221d3	fsqrt.s	f3,f4	  f4:0xc2000000  f3=0x7fc00000
     444425.000 ns	     44441	800095d4	401554b3	sra	x9,x10,x1	 x10:0x00000000  x1:0x00000009  x9=0x00000000
     444445.000 ns	     44443	800095d8	c01d9bd3	fcvt.wu.s	x23,f27	 f27:0xbf800000 x23=0x00000001
     444475.000 ns	     44446	800095dc	a1ec8653	fle.s	x12,f25,f30	 f25:0xbf800000 f30:0x80000000 x12=0x00000001
     444495.000 ns	     44448	800095e0	010a9513	slli	x10,x21,0x10	 x21:0x00000000 x10=0x00000000
     444515.000 ns	     44450	800095e4	035baf33	mulhsu	x30,x23,x21	 x23:0x00000001 x21:0x00000000 x30=0x00000000
     444535.000 ns	     44452	800095e8	00d35fb3	srl	x31,x6,x13	  x6:0x00000000 x13:0x80041024 x31=0x00000000
     444555.000 ns	     44454	800095ec	c000cb53	fcvt.w.s	x22,f1	  f1:0x80000002 x22=0x00000000
     444585.000 ns	     44457	800095f0	c01ff053	fcvt.wu.s	x0,f31	 f31:0x00000000
     444605.000 ns	     44459	800095f4	01911113	slli	x2,x2,0x19	  x2:0x00000000  x2=0x00000000
     444645.000 ns	     44463	800095f8	01b471d3	fadd.s	f3,f8,f27	  f8:0x448d6000 f27:0xbf800000  f3=0x448d4000
     444675.000 ns	     44466	800095fc	e00207d3	fmv.x.w	x15,f4	  f4:0xc2000000 x15=0xc2000000
     444705.000 ns	     44469	80009600	03ff03b3	mul	x7,x30,x31	 x30:0x00000000 x31:0x00000000  x7=0x00000000
     444725.000 ns	     44471	80009604	0191c033	xor	x0,x3,x25	  x3:0x00000000 x25:0x00000000
     444745.000 ns	     44473	80009608	d016fdd3	fcvt.s.wu	f27,x13	 x13:0x80041024 f27=0x4f000410
     444775.000 ns	     44476	8000960c	025d91b3	mulh	x3,x27,x5	 x27:0x00000000  x5:0x0000046b  x3=0x00000000
     444805.000 ns	     44479	80009610	21732fd3	fsgnjx.s	f31,f6,f23	  f6:0x44b0a000 f23:0x41100000 f31=0x44b0a000
     444845.000 ns	     44483	80009614	19eaf5d3	fdiv.s	f11,f21,f30	 f21:0xff800000 f30:0x80000000 f11=0x7f800000
     444885.000 ns	     44487	80009618	10b50753	fmul.s	f14,f10,f11	 f10:0x00000000 f11:0x3f800000 f14=0x7fc00000
     444905.000 ns	     44489	8000961c	f2b08b13	addi	x22,x1,-213	  x1:0x00000009 x22=0xffffff34
     444935.000 ns	     44492	80009620	58077953	fsqrt.s	f18,f14	 f14:0x7fc00000 f18=0x7fc00000
     444965.000 ns	     44495	80009624	21e08f53	fsgnj.s	f30,f1,f30	  f1:0x80000002 f30:0x80000000 f30=0x80000002
     444995.000 ns	     44498	80009628	c00b3b53	fcvt.w.s	x22,f22	 f22:0x0000022b x22=0x00000000
     445015.000 ns	     44500	8000962c	004309b3	add	x19,x6,x4	  x6:0x00000000  x4:0xffffffff x19=0xffffffff
     445035.000 ns	     44502	80009630	21b516d3	fsgnjn.s	f13,f10,f27	 f10:0x00000000 f27:0x4f000410 f13=0x80000000
     445055.000 ns	     44504	80009634	4102fb13	andi	x22,x5,1040	  x5:0x0000046b x22=0x00000400
     445075.000 ns	     44506	80009638	d00df853	fcvt.s.w	f16,x27	 x27:0x00000000 f16=0x00000000
     445115.000 ns	     44510	8000963c	1839fbd3	fdiv.s	f23,f19,f3	 f19:0x00000000  f3:0x448d4000 f23=0x00000000
     445135.000 ns	     44512	80009640	856f7313	andi	x6,x30,-1962	 x30:0x00000000  x6=0x00000000
     445175.000 ns	     44516	80009644	09c27c53	fsub.s	f24,f4,f28	  f4:0xc2000000 f28:0xbf800000 f24=0xc1f80000
     445195.000 ns	     44518	80009648	f2e44813	xori	x16,x8,-210	  x8:0x80040fe4 x16=0x7ffbf0ca
     445215.000 ns	     44520	8000964c	023a01b3	mul	x3,x20,x3	 x20:0x00000001  x3:0x00000000  x3=0x00000000
     445235.000 ns	     44522	80009650	5638a593	slti	x11,x17,1379	 x17:0x00000001 x11=0x00000001
     445255.000 ns	     44524	80009654	d0081053	fcvt.s.w	f0,x16	 x16:0x7ffbf0ca  f0=0x4efff7e1
     445285.000 ns	     44527	80009658	20ba1853	fsgnjn.s	f16,f20,f11	 f20:0x3f800000 f11:0x7f800000 f16=0xbf800000
     445305.000 ns	     44529	8000965c	92fbb793	sltiu	x15,x23,-1745	 x23:0x00000001 x15=0x00000001
     445325.000 ns	     44531	80009660	a0db8d53	fle.s	x26,f23,f13	 f23:0x00000000 f13:0x80000000 x26=0x00000001
     445355.000 ns	     44534	80009664	03f3bfb3	mulhu	x31,x7,x31	  x7:0x00000000 x31:0x00000000 x31=0x00000000
     445385.000 ns	     44537	80009668	207a8153	fsgnj.s	f2,f21,f7	 f21:0xff800000  f7:0x44b0a000  f2=0x7f800000
     445415.000 ns	     44540	8000966c	034931b3	mulhu	x3,x18,x20	 x18:0x000005ee x20:0x00000001  x3=0x00000000
     445435.000 ns	     44542	80009670	0ed16193	ori	x3,x2,237	  x2:0x00000000  x3=0x000000ed
     445455.000 ns	     44544	80009674	a0d929d3	feq.s	x19,f18,f13	 f18:0x7fc00000 f13:0x80000000 x19=0x00000000
     445485.000 ns	     44547	80009678	205a0053	fsgnj.s	f0,f20,f5	 f20:0x3f800000  f5:0x80041024  f0=0xbf800000
     445525.000 ns	     44551	8000967c	10f11c53	fmul.s	f24,f2,f15	  f2:0x7f800000 f15:0x3f800000 f24=0x7f800000
     445555.000 ns	     44554	80009680	a0f509d3	fle.s	x19,f10,f15	 f10:0x00000000 f15:0x3f800000 x19=0x00000001
     445575.000 ns	     44556	80009684	014663b3	or	x7,x12,x20	 x12:0x00000001 x20:0x00000001  x7=0x00000001
     445595.000 ns	     44558	80009688	29328653	fmin.s	f12,f5,f19	  f5:0x80041024 f19:0x00000000 f12=0x80041024
     445625.000 ns	     44561	8000968c	d01c2f53	fcvt.s.wu	f30,x24	 x24:0x00000001 f30=0x3f800000
     445645.000 ns	     44563	80009690	8b664c93	xori	x25,x12,-1866	 x12:0x00000001 x25=0xfffff8b7
     445665.000 ns	     44565	80009694	032e9eb3	mulh	x29,x29,x18	 x29:0x00000000 x18:0x000005ee x29=0x00000000
     445685.000 ns	     44567	80009698	002e5bb3	srl	x23,x28,x2	 x28:0x00000000  x2:0x00000000 x23=0x00000000
     445705.000 ns	     44569	8000969c	032da733	mulhsu	x14,x27,x18	 x27:0x00000000 x18:0x000005ee x14=0x00000000
     445745.000 ns	     44573	800096a0	18e47dd3	fdiv.s	f27,f8,f14	  f8:0x448d6000 f14:0x7fc00000 f27=0x7fc00000
     445765.000 ns	     44575	800096a4	00fe75b3	and	x11,x28,x15	 x28:0x00000000 x15:0x00000001 x11=0x00000000
     445775.000 ns	     44576	800096a8	d5696c13	ori	x24,x18,-682	 x18:0x000005ee x24=0xfffffdfe
     445795.000 ns	     44578	800096ac	037305b3	mul	x11,x6,x23	  x6:0x00000000 x23:0x00000000 x11=0x00000000
     445815.000 ns	     44580	800096b0	c2637613	andi	x12,x6,-986	  x6:0x00000000 x12=0x00000000
     445825.000 ns	     44581	800096b4	01f51893	slli	x17,x10,0x1f	 x10:0x00000000 x17=0x00000000
     445835.000 ns	     44582	800096b8	63937c93	andi	x25,x6,1593	  x6:0x00000000 x25=0x00000000
     445865.000 ns	     44585	800096bc	11a87ed3	fmul.s	f29,f16,f26	 f16:0xbf800000 f26:0x42800000 f29=0xc2800000
     445895.000 ns	     44588	800096c0	e00b0353	fmv.x.w	x6,f22	 f22:0x0000022b  x6=0x0000022b
     445925.000 ns	     44591	800096c4	031f8fb3	mul	x31,x31,x17	 x31:0x00000000 x17:0x00000000 x31=0x00000000
     445945.000 ns	     44593	800096c8	8c27f513	andi	x10,x15,-1854	 x15:0x00000001 x10=0x00000000
     445955.000 ns	     44594	800096cc	01091113	slli	x2,x18,0x10	 x18:0x000005ee  x2=0x05ee0000
     445975.000 ns	     44596	800096d0	02916f33	rem	x30,x2,x9	  x2:0x00000000  x9:0x00000000 x30=0x05ee0000
     446025.000 ns	     44601	800096d4	00337053	fadd.s	f0,f6,f3	  f6:0x44b0a000  f3:0x448d4000  f0=0x451ef000
     446055.000 ns	     44604	800096d8	e00208d3	fmv.x.w	x17,f4	  f4:0xc2000000 x17=0xc2000000
     446075.000 ns	     44606	800096dc	01440c33	add	x24,x8,x20	  x8:0x80040fe4 x20:0x00000001 x24=0x80040fe5
     446095.000 ns	     44608	800096e0	c01ff053	fcvt.wu.s	x0,f31	 f31:0x44b0a000
     446125.000 ns	     44611	800096e4	214b12d3	fsgnjn.s	f5,f22,f20	 f22:0x0000022b f20:0x3f800000  f5=0x8000022b
     446145.000 ns	     44613	800096e8	f46a7c93	andi	x25,x20,-186	 x20:0x00000001 x25=0x00000000
     446175.000 ns	     44616	800096ec	1988bc53	fdiv.s	f24,f17,f24	 f17:0x80000000 f24:0x7f800000 f24=0x80000000
     446195.000 ns	     44618	800096f0	cc66c913	xori	x18,x13,-826	 x13:0x80041024 x18=0x7ffbece2
     446205.000 ns	     44619	800096f4	002db733	sltu	x14,x27,x2	 x27:0x00000000  x2:0x05ee0000 x14=0x00000001
     446215.000 ns	     44620	800096f8	40a758b3	sra	x17,x14,x10	 x14:0x00000000 x10:0x00000000 x17=0x00000001
     446225.000 ns	     44621	800096fc	c4737013	andi	x0,x6,-953	  x6:0x0000022b
     446555.000 ns	     44654	80009700	19a4be53	fdiv.s	f28,f9,f26	  f9:0x80041024 f26:0x42800000 f28=0x80000000
     446585.000 ns	     44657	80009704	20949ed3	fsgnjn.s	f29,f9,f9	  f9:0x80041024  f9:0x80041024 f29=0x00041024
     446615.000 ns	     44660	80009708	e00b89d3	fmv.x.w	x19,f23	 f23:0x00000000 x19=0x00000000
     446635.000 ns	     44662	8000970c	01e718b3	sll	x17,x14,x30	 x14:0x00000001 x30:0x05ee0000 x17=0x00000001
     446645.000 ns	     44663	80009710	004f73b3	and	x7,x30,x4	 x30:0x05ee0000  x4:0xffffffff  x7=0x05ee0000
     446665.000 ns	     44665	80009714	a13f8f53	fle.s	x30,f31,f19	 f31:0x44b0a000 f19:0x00000000 x30=0x00000000
     446685.000 ns	     44667	80009718	01892bb3	slt	x23,x18,x24	 x18:0x7ffbece2 x24:0x80040fe5 x23=0x00000000
     446705.000 ns	     44669	8000971c	e0011653	fclass.s	x12,f2	  f2:0x7f800000 x12=0x00000080
     446725.000 ns	     44671	80009720	00f912b3	sll	x5,x18,x15	 x18:0x7ffbece2 x15:0x00000001  x5=0xfff7d9c4
     446745.000 ns	     44673	80009724	a1e80353	fle.s	x6,f16,f30	 f16:0xbf800000 f30:0x3f800000  x6=0x00000001
     446795.000 ns	     44678	80009728	08d44153	fsub.s	f2,f8,f13	  f8:0x448d6000 f13:0x80000000  f2=0x448d6000
     446815.000 ns	     44680	8000972c	00a3a333	slt	x6,x7,x10	  x7:0x05ee0000 x10:0x00000000  x6=0x00000000
     446835.000 ns	     44682	80009730	02ddb2b3	mulhu	x5,x27,x13	 x27:0x00000000 x13:0x80041024  x5=0x00000000
     446855.000 ns	     44684	80009734	00339d93	slli	x27,x7,0x3	  x7:0x05ee0000 x27=0x2f700000
     446875.000 ns	     44686	80009738	03450ab3	mul	x21,x10,x20	 x10:0x00000000 x20:0x00000001 x21=0x00000000
     446895.000 ns	     44688	8000973c	0152dd93	srli	x27,x5,0x15	  x5:0x00000000 x27=0x00000000
     446915.000 ns	     44690	80009740	218d0553	fsgnj.s	f10,f26,f24	 f26:0x42800000 f24:0x80000000 f10=0xc2800000
     446945.000 ns	     44693	80009744	03bfa3b3	mulhsu	x7,x31,x27	 x31:0x00000000 x27:0x2f700000  x7=0x00000000
     446975.000 ns	     44696	80009748	02a99733	mulh	x14,x19,x10	 x19:0x00000000 x10:0x00000000 x14=0x00000000
     447005.000 ns	     44699	8000974c	c01a9ad3	fcvt.wu.s	x21,f21	 f21:0xff800000 x21=0x00000000
     447025.000 ns	     44701	80009750	00319fb3	sll	x31,x3,x3	  x3:0x000000ed  x3:0x000000ed x31=0x001da000
     447035.000 ns	     44702	80009754	b5098117	auipc	x2,0xb5098	  x2=0x350a1754
     447045.000 ns	     44703	80009758	871069b7	lui	x19,0x87106	 x19=0x87106000
     447055.000 ns	     44704	8000975c	417dd9b3	sra	x19,x27,x23	 x27:0x00000000 x23:0x00000000 x19=0x00000000
     447075.000 ns	     44706	80009760	a0d70fd3	fle.s	x31,f14,f13	 f14:0x7fc00000 f13:0x80000000 x31=0x00000000
     447105.000 ns	     44709	80009764	d0180b53	fcvt.s.wu	f22,x16	 x16:0x7ffbf0ca f22=0x4efff7e2
     447125.000 ns	     44711	80009768	01f19213	slli	x4,x3,0x1f	  x3:0x000000ed  x4=0x80000000
     447145.000 ns	     44713	8000976c	02eea533	mulhsu	x10,x29,x14	 x29:0x00000000 x14:0x00000000 x10=0x00000000
     447165.000 ns	     44715	80009770	40185893	srai	x17,x16,0x1	 x16:0x7ffbf0ca x17=0x3ffdf865
     447175.000 ns	     44716	80009774	015d69b3	or	x19,x26,x21	 x26:0x00000001 x21:0x00000000 x19=0x00000001
     447535.000 ns	     44752	80009778	0323f533	remu	x10,x7,x18	  x7:0x00000000 x18:0x7ffbece2 x10=0x00000000
     447575.000 ns	     44756	8000977c	1023f753	fmul.s	f14,f7,f2	  f7:0x44b0a000  f2:0x448d6000 f14=0x49c314b8
     447605.000 ns	     44759	80009780	02f51fb3	mulh	x31,x10,x15	 x10:0x00000000 x15:0x00000001 x31=0x00000000
     447645.000 ns	     44763	80009784	10b0fb53	fmul.s	f22,f1,f11	  f1:0x80000002 f11:0x7f800000 f22=0xff800000
     447675.000 ns	     44766	80009788	c01fa353	fcvt.wu.s	x6,f31	 f31:0x44b0a000  x6=0x00000585
     447695.000 ns	     44768	8000978c	2acd4713	xori	x14,x26,684	 x26:0x00000001 x14=0x000002ad
     447715.000 ns	     44770	80009790	e00a87d3	fmv.x.w	x15,f21	 f21:0xff800000 x15=0xff800000
     447735.000 ns	     44772	80009794	007f2cb3	slt	x25,x30,x7	 x30:0x00000000  x7:0x00000000 x25=0x00000000
     447745.000 ns	     44773	80009798	014eb533	sltu	x10,x29,x20	 x29:0x00000000 x20:0x00000001 x10=0x00000001
     447755.000 ns	     44774	8000979c	5290eb93	ori	x23,x1,1321	  x1:0x00000009 x23=0x00000529
     447785.000 ns	     44777	800097a0	580b3353	fsqrt.s	f6,f22	 f22:0xff800000  f6=0x7fc00000
     447805.000 ns	     44779	800097a4	01bbdf13	srli	x30,x23,0x1b	 x23:0x00000000 x30=0x00000000
     447825.000 ns	     44781	800097a8	02431933	mulh	x18,x6,x4	  x6:0x00000585  x4:0x80000000 x18=0xfffffd3d
     447855.000 ns	     44784	800097ac	a1948cd3	fle.s	x25,f9,f25	  f9:0x80041024 f25:0xbf800000 x25=0x00000000
     447885.000 ns	     44787	800097b0	206f00d3	fsgnj.s	f1,f30,f6	 f30:0x3f800000  f6:0x7fc00000  f1=0x3f800000
     447915.000 ns	     44790	800097b4	03baee33	rem	x28,x21,x27	 x21:0x00000000 x27:0x00000000 x28=0x00000000
     447935.000 ns	     44792	800097b8	41258133	sub	x2,x11,x18	 x11:0x00000000 x18:0xfffffd3d  x2=0x000002c3
     447945.000 ns	     44793	800097bc	f26dee93	ori	x29,x27,-218	 x27:0x00000000 x29=0xffffff26
     447965.000 ns	     44795	800097c0	024932b3	mulhu	x5,x18,x4	 x18:0xfffffd3d  x4:0x80000000  x5=0x7ffffe9e
     447985.000 ns	     44797	800097c4	dd564d13	xori	x26,x12,-555	 x12:0x00000080 x26=0xfffffd55
     447995.000 ns	     44798	800097c8	dae60713	addi	x14,x12,-594	 x12:0x00000080 x14=0xfffffe2e
     448015.000 ns	     44800	800097cc	a00105d3	fle.s	x11,f2,f0	  f2:0x448d6000  f0:0x451ef000 x11=0x00000001
     448385.000 ns	     44837	800097d0	0240c933	div	x18,x1,x4	  x1:0x00000009  x4:0x80000000 x18=0x00000000
     448425.000 ns	     44841	800097d4	19b883d3	fdiv.s	f7,f17,f27	 f17:0x80000000 f27:0x7fc00000  f7=0x7fc00000
     448475.000 ns	     44846	800097d8	081c4cd3	fsub.s	f25,f24,f1	 f24:0x80000000  f1:0x3f800000 f25=0xbf800000
     448505.000 ns	     44849	800097dc	d0137ed3	fcvt.s.wu	f29,x6	  x6:0x00000585 f29=0x44b0a000
     448525.000 ns	     44851	800097e0	0192aab3	slt	x21,x5,x25	  x5:0x7ffffe9e x25:0x00000000 x21=0x00000000
     448535.000 ns	     44852	800097e4	40ed5bb3	sra	x23,x26,x14	 x26:0xfffffd55 x14:0xfffffe2e x23=0xffffffff
     448545.000 ns	     44853	800097e8	00000013	addi	x0,x0,0	  x0:0x00000000
     448555.000 ns	     44854	800097ec	41afda33	sra	x20,x31,x26	 x31:0x00000000 x26:0xfffffd55 x20=0x00000000
     448595.000 ns	     44858	800097f0	01f1f5d3	fadd.s	f11,f3,f31	  f3:0x448d4000 f31:0x44b0a000 f11=0x451ef000
     448625.000 ns	     44861	800097f4	c0050853	fcvt.w.s	x16,f10	 f10:0xc2800000 x16=0xffffffc0
     448645.000 ns	     44863	800097f8	0120b533	sltu	x10,x1,x18	  x1:0x00000009 x18:0x00000000 x10=0x00000000
     448655.000 ns	     44864	800097fc	46180d13	addi	x26,x16,1121	 x16:0xffffffc0 x26=0x00000421
     448675.000 ns	     44866	80009800	a02f1cd3	flt.s	x25,f30,f2	 f30:0x3f800000  f2:0x448d6000 x25=0x00000001
     448695.000 ns	     44868	80009804	018f8633	add	x12,x31,x24	 x31:0x00000000 x24:0x80040fe5 x12=0x80040fe5
     448705.000 ns	     44869	80009808	01b6f033	and	x0,x13,x27	 x13:0x80041024 x27:0x00000000
     448725.000 ns	     44871	8000980c	030a2533	mulhsu	x10,x20,x16	 x20:0x00000000 x16:0xffffffc0 x10=0x00000000
     448745.000 ns	     44873	80009810	011ad613	srli	x12,x21,0x11	 x21:0x00000000 x12=0x00000000
     448755.000 ns	     44874	80009814	043c2037	lui	x0,0x43c2	
     449115.000 ns	     44910	80009818	0371d633	divu	x12,x3,x23	  x3:0x000000ed x23:0xffffffff x12=0x00000000
     449165.000 ns	     44915	8000981c	0083fad3	fadd.s	f21,f7,f8	  f7:0x7fc00000  f8:0x448d6000 f21=0x7fc00000
     449185.000 ns	     44917	80009820	00000013	addi	x0,x0,0	  x0:0x00000000
     449515.000 ns	     44950	80009824	199e88d3	fdiv.s	f17,f29,f25	 f29:0x44b0a000 f25:0xbf800000 f17=0xc436a7e8
     449535.000 ns	     44952	80009828	367a3593	sltiu	x11,x20,871	 x20:0x00000000 x11=0x00000001
     449555.000 ns	     44954	8000982c	02b42b33	mulhsu	x22,x8,x11	  x8:0x80040fe4 x11:0x00000001 x22=0xffffffff
     449925.000 ns	     44991	80009830	0332dbb3	divu	x23,x5,x19	  x5:0x7ffffe9e x19:0x00000001 x23=0x7ffffe9e
     449945.000 ns	     44993	80009834	008d8a33	add	x20,x27,x8	 x27:0x00000000  x8:0x80040fe4 x20=0x80040fe4
     449985.000 ns	     44997	80009838	015118d3	fadd.s	f17,f2,f21	  f2:0x448d6000 f21:0x7fc00000 f17=0x7fc00000
     450015.000 ns	     45000	8000983c	02e68a33	mul	x20,x13,x14	 x13:0x80041024 x14:0xfffffe2e x20=0xf89a9e78
     450035.000 ns	     45002	80009840	00983733	sltu	x14,x16,x9	 x16:0xffffffc0  x9:0x00000000 x14=0x00000000
     450055.000 ns	     45004	80009844	d01a4dd3	fcvt.s.wu	f27,x20	 x20:0xf89a9e78 f27=0x4f789a9e
     450425.000 ns	     45041	80009848	039d4533	div	x10,x26,x25	 x26:0x00000421 x25:0x00000001 x10=0x00000421
     450455.000 ns	     45044	8000984c	29bb18d3	fmax.s	f17,f22,f27	 f22:0xff800000 f27:0x4f789a9e f17=0x4f789a9e
     450475.000 ns	     45046	80009850	2507ab13	slti	x22,x15,592	 x15:0xff800000 x22=0x00000001
     450495.000 ns	     45048	80009854	03baa833	mulhsu	x16,x21,x27	 x21:0x00000000 x27:0x00000000 x16=0x00000000
     450525.000 ns	     45051	80009858	d003f8d3	fcvt.s.w	f17,x7	  x7:0x00000000 f17=0x00000000
     450555.000 ns	     45054	8000985c	d012fc53	fcvt.s.wu	f24,x5	  x5:0x7ffffe9e f24=0x4efffffd
     450575.000 ns	     45056	80009860	7ddc9c17	auipc	x24,0x7ddc9	 x24=0xfddd2860
     450595.000 ns	     45058	80009864	c0192953	fcvt.wu.s	x18,f18	 f18:0x7fc00000 x18=0xffffffff
     450615.000 ns	     45060	80009868	269fa3b7	lui	x7,0x269fa	  x7=0x269fa000
     450635.000 ns	     45062	8000986c	a11d1cd3	flt.s	x25,f26,f17	 f26:0x42800000 f17:0x00000000 x25=0x00000000
     450665.000 ns	     45065	80009870	c01cf653	fcvt.wu.s	x12,f25	 f25:0xbf800000 x12=0x00000001
     450695.000 ns	     45068	80009874	02288e33	mul	x28,x17,x2	 x17:0x3ffdf865  x2:0x000002c3 x28=0xba64feef
     450725.000 ns	     45071	80009878	d00587d3	fcvt.s.w	f15,x11	 x11:0x00000001 f15=0x3f800000
     450755.000 ns	     45074	8000987c	03e737b3	mulhu	x15,x14,x30	 x14:0x00000000 x30:0x00000000 x15=0x00000000
     450775.000 ns	     45076	80009880	018a9f93	slli	x31,x21,0x18	 x21:0x00000000 x31=0x00000000
     450795.000 ns	     45078	80009884	03689e33	mulh	x28,x17,x22	 x17:0x3ffdf865 x22:0x00000001 x28=0x00000000
     450825.000 ns	     45081	80009888	d01f8fd3	fcvt.s.wu	f31,x31	 x31:0x00000000 f31=0x00000000
     450855.000 ns	     45084	8000988c	a01284d3	fle.s	x9,f5,f1	  f5:0x8000022b  f1:0x3f800000  x9=0x00000001
     452035.000 ns	     45202	80009890	580e8ad3	fsqrt.s	f21,f29	 f29:0x44b0a000 f21=0x42165bf5
     452075.000 ns	     45206	80009894	191879d3	fdiv.s	f19,f16,f17	 f16:0xbf800000 f17:0x00000000 f19=0xff800000
     452095.000 ns	     45208	80009898	00d7d2b3	srl	x5,x15,x13	 x15:0x00000000 x13:0x80041024  x5=0x00000000
     452115.000 ns	     45210	8000989c	297689d3	fmin.s	f19,f13,f23	 f13:0x80000000 f23:0x00000000 f19=0x80000000
     452145.000 ns	     45213	800098a0	a0f101d3	fle.s	x3,f2,f15	  f2:0x448d6000 f15:0x3f800000  x3=0x00000000
     452175.000 ns	     45216	800098a4	d01c44d3	fcvt.s.wu	f9,x24	 x24:0xfddd2860  f9=0x4f7ddd28
     452195.000 ns	     45218	800098a8	a40de713	ori	x14,x27,-1472	 x27:0x00000000 x14=0xfffffa40
     452215.000 ns	     45220	800098ac	a03d07d3	fle.s	x15,f26,f3	 f26:0x42800000  f3:0x448d4000 x15=0x00000001
     452235.000 ns	     45222	800098b0	40105993	srai	x19,x0,0x1	  x0:0x00000000 x19=0x00000000
     452595.000 ns	     45258	800098b4	037fdc33	divu	x24,x31,x23	 x31:0x00000000 x23:0x7ffffe9e x24=0x00000000
     452625.000 ns	     45261	800098b8	c01e8353	fcvt.wu.s	x6,f29	 f29:0x44b0a000  x6=0x00000585
     452645.000 ns	     45263	800098bc	01fe28b3	slt	x17,x28,x31	 x28:0x00000000 x31:0x00000000 x17=0x00000000
     452655.000 ns	     45264	800098c0	010a2e33	slt	x28,x20,x16	 x20:0xf89a9e78 x16:0x00000000 x28=0x00000001
     452675.000 ns	     45266	800098c4	03535a33	divu	x20,x6,x21	  x6:0x00000585 x21:0x00000000 x20=0xffffffff
     452695.000 ns	     45268	800098c8	c217e393	ori	x7,x15,-991	 x15:0x00000001  x7=0xfffffc21
     452735.000 ns	     45272	800098cc	00be2253	fadd.s	f4,f28,f11	 f28:0x80000000 f11:0x451ef000  f4=0x451ef000
     452765.000 ns	     45275	800098d0	c018ffd3	fcvt.wu.s	x31,f17	 f17:0x00000000 x31=0x00000000
     452785.000 ns	     45277	800098d4	ad850e93	addi	x29,x10,-1320	 x10:0x00000421 x29=0xfffffef9
     452815.000 ns	     45280	800098d8	103b03d3	fmul.s	f7,f22,f3	 f22:0xff800000  f3:0x448d4000  f7=0xff800000
     453185.000 ns	     45317	800098dc	03607f33	remu	x30,x0,x22	  x0:0x00000000 x22:0x00000001 x30=0x00000000
     453205.000 ns	     45319	800098e0	f9ab4d13	xori	x26,x22,-102	 x22:0x00000001 x26=0xffffff9b
     453215.000 ns	     45320	800098e4	fbc6e7b7	lui	x15,0xfbc6e	 x15=0xfbc6e000
     453225.000 ns	     45321	800098e8	1a7f6d13	ori	x26,x30,423	 x30:0x00000000 x26=0x000001a7
     453245.000 ns	     45323	800098ec	214eafd3	fsgnjx.s	f31,f29,f20	 f29:0x44b0a000 f20:0x3f800000 f31=0x44b0a000
     453275.000 ns	     45326	800098f0	20d3a653	fsgnjx.s	f12,f7,f13	  f7:0xff800000 f13:0x80000000 f12=0x7f800000
     453645.000 ns	     45363	800098f4	03495cb3	divu	x25,x18,x20	 x18:0xffffffff x20:0xffffffff x25=0x00000001
     453665.000 ns	     45365	800098f8	0017d493	srli	x9,x15,0x1	 x15:0xfbc6e000  x9=0x7de37000
     453675.000 ns	     45366	800098fc	5b74ec93	ori	x25,x9,1463	  x9:0x00000001 x25=0x7de375b7
     453695.000 ns	     45368	80009900	203e22d3	fsgnjx.s	f5,f28,f3	 f28:0x80000000  f3:0x448d4000  f5=0x80000000
     453715.000 ns	     45370	80009904	58934513	xori	x10,x6,1417	  x6:0x00000585 x10=0x0000000c
     453755.000 ns	     45374	80009908	01960753	fadd.s	f14,f12,f25	 f12:0x7f800000 f25:0xbf800000 f14=0x7f800000
     453795.000 ns	     45378	8000990c	10f61ad3	fmul.s	f21,f12,f15	 f12:0x7f800000 f15:0x3f800000 f21=0x7f800000
     453815.000 ns	     45380	80009910	0068b333	sltu	x6,x17,x6	 x17:0x00000000  x6:0x00000585  x6=0x00000001
     453825.000 ns	     45381	80009914	003007b3	add	x15,x0,x3	  x0:0x00000000  x3:0x00000000 x15=0x00000000
     453845.000 ns	     45383	80009918	28259753	fmax.s	f14,f11,f2	 f11:0x451ef000  f2:0x448d6000 f14=0x451ef000
     453865.000 ns	     45385	8000991c	01ca0833	add	x16,x20,x28	 x20:0xffffffff x28:0x00000001 x16=0x00000000
     453885.000 ns	     45387	80009920	031a3bb3	mulhu	x23,x20,x17	 x20:0xffffffff x17:0x00000000 x23=0x00000000
     453935.000 ns	     45392	80009924	01347753	fadd.s	f14,f8,f19	  f8:0x448d6000 f19:0x80000000 f14=0x448d6000
     453965.000 ns	     45395	80009928	030dcdb3	div	x27,x27,x16	 x27:0x00000000 x16:0x00000000 x27=0xffffffff
     454005.000 ns	     45399	8000992c	1083aed3	fmul.s	f29,f7,f8	  f7:0xff800000  f8:0x448d6000 f29=0xff800000
     454025.000 ns	     45401	80009930	01273833	sltu	x16,x14,x18	 x14:0xfffffa40 x18:0xffffffff x16=0x00000001
     454035.000 ns	     45402	80009934	08061bb7	lui	x23,0x8061	 x23=0x08061000
     454055.000 ns	     45404	80009938	02a0bf33	mulhu	x30,x1,x10	  x1:0x00000009 x10:0x0000000c x30=0x00000000
     454085.000 ns	     45407	8000993c	f00f8953	fmv.w.x	f18,x31	 x31:0x00000000 f18=0x00000000
     454105.000 ns	     45409	80009940	001d42b3	xor	x5,x26,x1	 x26:0x000001a7  x1:0x00000009  x5=0x000001ae
     454115.000 ns	     45410	80009944	409f81b3	sub	x3,x31,x9	 x31:0x00000000  x9:0x7de37000  x3=0x821c9000
     454125.000 ns	     45411	80009948	41f9d833	sra	x16,x19,x31	 x19:0x00000000 x31:0x00000000 x16=0x00000000
     454145.000 ns	     45413	8000994c	e00b0c53	fmv.x.w	x24,f22	 f22:0xff800000 x24=0xff800000
     454175.000 ns	     45416	80009950	c00129d3	fcvt.w.s	x19,f2	  f2:0x448d6000 x19=0x0000046b
     455355.000 ns	     45534	80009954	58014cd3	fsqrt.s	f25,f2	  f2:0x448d6000 f25=0x42068544
     455375.000 ns	     45536	80009958	a7833c13	sltiu	x24,x6,-1416	  x6:0x00000001 x24=0x00000001
     455735.000 ns	     45572	8000995c	03484333	div	x6,x16,x20	 x16:0x00000000 x20:0xffffffff  x6=0x00000000
     455755.000 ns	     45574	80009960	00cfd113	srli	x2,x31,0xc	 x31:0x00000000  x2=0x00000000
     455775.000 ns	     45576	80009964	e00c8a53	fmv.x.w	x20,f25	 f25:0x42068544 x20=0x42068544
     455795.000 ns	     45578	80009968	0e827837	lui	x16,0xe827	 x16=0x0e827000
     455815.000 ns	     45580	8000996c	a0daa2d3	feq.s	x5,f21,f13	 f21:0x7f800000 f13:0x80000000  x5=0x00000000
     455835.000 ns	     45582	80009970	61d2c113	xori	x2,x5,1565	  x5:0x000001ae  x2=0x0000061d
     455855.000 ns	     45584	80009974	e00f8753	fmv.x.w	x14,f31	 f31:0x44b0a000 x14=0x44b0a000
     455895.000 ns	     45588	80009978	11b3fad3	fmul.s	f21,f7,f27	  f7:0xff800000 f27:0x4f789a9e f21=0xff800000
     455915.000 ns	     45590	8000997c	00000013	addi	x0,x0,0	  x0:0x00000000
     455925.000 ns	     45591	80009980	01ca94b3	sll	x9,x21,x28	 x21:0x00000000 x28:0x00000001  x9=0x00000000
     455935.000 ns	     45592	80009984	00e854b3	srl	x9,x16,x14	 x16:0x0e827000 x14:0x44b0a000  x9=0x0e827000
     455945.000 ns	     45593	80009988	5f3e6193	ori	x3,x28,1523	 x28:0x00000001  x3=0x000005f3
     455955.000 ns	     45594	8000998c	00f0bb33	sltu	x22,x1,x15	  x1:0x00000009 x15:0x00000000 x22=0x00000000
     455995.000 ns	     45598	80009990	015672d3	fadd.s	f5,f12,f21	 f12:0x7f800000 f21:0xff800000  f5=0x80000000
     456045.000 ns	     45603	80009994	0089ff53	fadd.s	f30,f19,f8	 f19:0x80000000  f8:0x448d6000 f30=0x448d6000
     456075.000 ns	     45606	80009998	03a5bfb3	mulhu	x31,x11,x26	 x11:0x00000001 x26:0x000001a7 x31=0x00000000
     456105.000 ns	     45609	8000999c	20928953	fsgnj.s	f18,f5,f9	  f5:0x80000000  f9:0x4f7ddd28 f18=0x00000000
     456135.000 ns	     45612	800099a0	c0099253	fcvt.w.s	x4,f19	 f19:0x80000000  x4=0x00000000
     456155.000 ns	     45614	800099a4	019475b3	and	x11,x8,x25	  x8:0x80040fe4 x25:0x7de375b7 x11=0x000005a4
     456195.000 ns	     45618	800099a8	08b21ed3	fsub.s	f29,f4,f11	  f4:0x451ef000 f11:0x451ef000 f29=0x80000000
     456215.000 ns	     45620	800099ac	b68f4a13	xori	x20,x30,-1176	 x30:0x00000000 x20=0xfffffb68
     456235.000 ns	     45622	800099b0	032c0eb3	mul	x29,x24,x18	 x24:0x00000001 x18:0xffffffff x29=0xffffffff
     456265.000 ns	     45625	800099b4	a11f1053	flt.s	x0,f30,f17	 f30:0x448d6000 f17:0x00000000
     456295.000 ns	     45628	800099b8	f00b87d3	fmv.w.x	f15,x23	 x23:0x08061000 f15=0x08061000
     456335.000 ns	     45632	800099bc	58057753	fsqrt.s	f14,f10	 f10:0xc2800000 f14=0x7fc00000
     456385.000 ns	     45637	800099c0	09737cd3	fsub.s	f25,f6,f23	  f6:0x7fc00000 f23:0x00000000 f25=0x7fc00000
     456415.000 ns	     45640	800099c4	03a29bb3	mulh	x23,x5,x26	  x5:0x00000000 x26:0x000001a7 x23=0x00000000
     456445.000 ns	     45643	800099c8	037abb33	mulhu	x22,x21,x23	 x21:0x00000000 x23:0x08061000 x22=0x00000000
     456815.000 ns	     45680	800099cc	02a751b3	divu	x3,x14,x10	 x14:0x44b0a000 x10:0x0000000c  x3=0x05b962aa
     456835.000 ns	     45682	800099d0	b8e60293	addi	x5,x12,-1138	 x12:0x00000001  x5=0xfffffb8f
     456855.000 ns	     45684	800099d4	03cf3233	mulhu	x4,x30,x28	 x30:0x00000000 x28:0x00000001  x4=0x00000000
     456895.000 ns	     45688	800099d8	18e79253	fdiv.s	f4,f15,f14	 f15:0x08061000 f14:0x7fc00000  f4=0x7fc00000
     456915.000 ns	     45690	800099dc	003e8333	add	x6,x29,x3	 x29:0xffffffff  x3:0x05b962aa  x6=0x05b962a9
     456935.000 ns	     45692	800099e0	f00d8ad3	fmv.w.x	f21,x27	 x27:0xffffffff f21=0xffffffff
     456965.000 ns	     45695	800099e4	29b99453	fmax.s	f8,f19,f27	 f19:0x80000000 f27:0x4f789a9e  f8=0x4f789a9e
     456985.000 ns	     45697	800099e8	f0098a93	addi	x21,x19,-256	 x19:0x0000046b x21=0x0000036b
     457005.000 ns	     45699	800099ec	d00cc453	fcvt.s.w	f8,x25	 x25:0x7de375b7  f8=0x4efbc6eb
     457035.000 ns	     45702	800099f0	024fb533	mulhu	x10,x31,x4	 x31:0x00000000  x4:0x00000000 x10=0x00000000
     457065.000 ns	     45705	800099f4	a1640053	fle.s	x0,f8,f22	  f8:0x4efbc6eb f22:0xff800000
     457435.000 ns	     45742	800099f8	029a79b3	remu	x19,x20,x9	 x20:0xfffffb68  x9:0x0e827000 x19=0x09568b68
     457455.000 ns	     45744	800099fc	0055e493	ori	x9,x11,5	 x11:0x000005a4  x9=0x000005a5
     457465.000 ns	     45745	80009a00	405cd5b3	sra	x11,x25,x5	 x25:0x7de375b7  x5:0xfffffb8f x11=0x0000fbc6
     457485.000 ns	     45747	80009a04	c012f1d3	fcvt.wu.s	x3,f5	  f5:0x80000000  x3=0x00000000
     457505.000 ns	     45749	80009a08	00e2d833	srl	x16,x5,x14	  x5:0xfffffb8f x14:0x44b0a000 x16=0xfffffb8f
     457515.000 ns	     45750	80009a0c	ad03c813	xori	x16,x7,-1328	  x7:0xfffffc21 x16=0x000006f1
     457535.000 ns	     45752	80009a10	29790d53	fmin.s	f26,f18,f23	 f18:0x00000000 f23:0x00000000 f26=0x00000000
     457585.000 ns	     45757	80009a14	097b1d53	fsub.s	f26,f22,f23	 f22:0xff800000 f23:0x00000000 f26=0xff800000
     457615.000 ns	     45760	80009a18	025a14b3	mulh	x9,x20,x5	 x20:0xfffffb68  x5:0xfffffb8f  x9=0x00000000
     457645.000 ns	     45763	80009a1c	e00109d3	fmv.x.w	x19,f2	  f2:0x448d6000 x19=0x448d6000
     457695.000 ns	     45768	80009a20	09d32c53	fsub.s	f24,f6,f29	  f6:0x7fc00000 f29:0x80000000 f24=0x7fc00000
     457715.000 ns	     45770	80009a24	01ef71b3	and	x3,x30,x30	 x30:0x00000000 x30:0x00000000  x3=0x00000000
     457725.000 ns	     45771	80009a28	40a4d333	sra	x6,x9,x10	  x9:0x00000000 x10:0x00000000  x6=0x00000000
     457735.000 ns	     45772	80009a2c	004ded33	or	x26,x27,x4	 x27:0xffffffff  x4:0x00000000 x26=0xffffffff
     457755.000 ns	     45774	80009a30	03e57e33	remu	x28,x10,x30	 x10:0x00000000 x30:0x00000000 x28=0x00000000
     457795.000 ns	     45778	80009a34	11ea1fd3	fmul.s	f31,f20,f30	 f20:0x3f800000 f30:0x448d6000 f31=0x448d6000
     457825.000 ns	     45781	80009a38	c00101d3	fcvt.w.s	x3,f2	  f2:0x448d6000  x3=0x0000046b
     457845.000 ns	     45783	80009a3c	e3c2b513	sltiu	x10,x5,-452	  x5:0xfffffb8f x10=0x00000001
     458205.000 ns	     45819	80009a40	0254db33	divu	x22,x9,x5	  x9:0x00000000  x5:0xfffffb8f x22=0x00000000
     458225.000 ns	     45821	80009a44	40685db3	sra	x27,x16,x6	 x16:0x000006f1  x6:0x00000000 x27=0x000006f1
     458245.000 ns	     45823	80009a48	a0e52053	feq.s	x0,f10,f14	 f10:0xc2800000 f14:0x7fc00000
     458265.000 ns	     45825	80009a4c	9857f293	andi	x5,x15,-1659	 x15:0x00000000  x5=0x00000000
     458275.000 ns	     45826	80009a50	41b4d793	srai	x15,x9,0x1b	  x9:0x00000000 x15=0x00000000
     458295.000 ns	     45828	80009a54	d003fd53	fcvt.s.w	f26,x7	  x7:0xfffffc21 f26=0xc477c000
     458315.000 ns	     45830	80009a58	9b89e213	ori	x4,x19,-1608	 x19:0x448d6000  x4=0xfffff9b8
     458645.000 ns	     45863	80009a5c	19f0c1d3	fdiv.s	f3,f1,f31	  f1:0x3f800000 f31:0x448d6000  f3=0x3a48525a
     458665.000 ns	     45865	80009a60	79834813	xori	x16,x6,1944	  x6:0x00000000 x16=0x00000798
     458685.000 ns	     45867	80009a64	299a0753	fmin.s	f14,f20,f25	 f20:0x3f800000 f25:0x7fc00000 f14=0x3f800000
     458735.000 ns	     45872	80009a68	09a83f53	fsub.s	f30,f16,f26	 f16:0xbf800000 f26:0xc477c000 f30=0x44778000
     458755.000 ns	     45874	80009a6c	29837d93	andi	x27,x6,664	  x6:0x00000000 x27=0x00000000
     458765.000 ns	     45875	80009a70	00ca7d33	and	x26,x20,x12	 x20:0xfffffb68 x12:0x00000001 x26=0x00000000
     458785.000 ns	     45877	80009a74	03a19733	mulh	x14,x3,x26	  x3:0x0000046b x26:0xffffffff x14=0x00000000
     458815.000 ns	     45880	80009a78	e0081ed3	fclass.s	x29,f16	 f16:0xbf800000 x29=0x00000002
     458835.000 ns	     45882	80009a7c	81c9ff93	andi	x31,x19,-2020	 x19:0x448d6000 x31=0x448d6000
     458845.000 ns	     45883	80009a80	01d4d993	srli	x19,x9,0x1d	  x9:0x00000000 x19=0x00000000
     459205.000 ns	     45919	80009a84	0214f333	remu	x6,x9,x1	  x9:0x00000000  x1:0x00000009  x6=0x00000000
     459225.000 ns	     45921	80009a88	5a318a93	addi	x21,x3,1443	  x3:0x0000046b x21=0x00000a0e
     459585.000 ns	     45957	80009a8c	039bf633	remu	x12,x23,x25	 x23:0x00000000 x25:0x7de375b7 x12=0x00000000
     459615.000 ns	     45960	80009a90	280012d3	fmax.s	f5,f0,f0	  f0:0x451ef000  f0:0x451ef000  f5=0x451ef000
     459645.000 ns	     45963	80009a94	03c58533	mul	x10,x11,x28	 x11:0x0000fbc6 x28:0x00000000 x10=0x00000000
     459675.000 ns	     45966	80009a98	a0d30b53	fle.s	x22,f6,f13	  f6:0x7fc00000 f13:0x80000000 x22=0x00000000
     459695.000 ns	     45968	80009a9c	409cd613	srai	x12,x25,0x9	 x25:0x7de375b7 x12=0x003ef1ba
     459705.000 ns	     45969	80009aa0	405e5993	srai	x19,x28,0x5	 x28:0x00000000 x19=0x00000000
     459715.000 ns	     45970	80009aa4	407add33	sra	x26,x21,x7	 x21:0x00000a0e  x7:0xfffffc21 x26=0x00000507
     459735.000 ns	     45972	80009aa8	0334afb3	mulhsu	x31,x9,x19	  x9:0x00000000 x19:0x00000000 x31=0x00000000
     459765.000 ns	     45975	80009aac	216905d3	fsgnj.s	f11,f18,f22	 f18:0x00000000 f22:0xff800000 f11=0x80000000
     459795.000 ns	     45978	80009ab0	d00674d3	fcvt.s.w	f9,x12	 x12:0x003ef1ba  f9=0x4a7bc6e8
     459825.000 ns	     45981	80009ab4	213f0953	fsgnj.s	f18,f30,f19	 f30:0x44778000 f19:0x80000000 f18=0xc4778000
     460165.000 ns	     46015	80009ab8	18281dd3	fdiv.s	f27,f16,f2	 f16:0xbf800000  f2:0x448d6000 f27=0xba48525a
     460195.000 ns	     46018	80009abc	e00414d3	fclass.s	x9,f8	  f8:0x4efbc6eb  x9=0x00000040
     460225.000 ns	     46021	80009ac0	f0078c53	fmv.w.x	f24,x15	 x15:0x00000000 f24=0x00000000
     460245.000 ns	     46023	80009ac4	01fbb933	sltu	x18,x23,x31	 x23:0x00000000 x31:0x00000000 x18=0x00000000
     460265.000 ns	     46025	80009ac8	02e43133	mulhu	x2,x8,x14	  x8:0x80040fe4 x14:0x00000000  x2=0x00000000
     460295.000 ns	     46028	80009acc	f00d83d3	fmv.w.x	f7,x27	 x27:0x00000000  f7=0x00000000
     460325.000 ns	     46031	80009ad0	f0098ed3	fmv.w.x	f29,x19	 x19:0x00000000 f29=0x00000000
     460345.000 ns	     46033	80009ad4	00651c93	slli	x25,x10,0x6	 x10:0x00000000 x25=0x00000000
     460365.000 ns	     46035	80009ad8	20b118d3	fsgnjn.s	f17,f2,f11	  f2:0x448d6000 f11:0x80000000 f17=0x448d6000
     460395.000 ns	     46038	80009adc	c016f1d3	fcvt.wu.s	x3,f13	 f13:0x80000000  x3=0x00000000
     460425.000 ns	     46041	80009ae0	d00c9e53	fcvt.s.w	f28,x25	 x25:0x00000000 f28=0x00000000
     460445.000 ns	     46043	80009ae4	4e696a13	ori	x20,x18,1254	 x18:0x00000000 x20=0x000004e6
     460465.000 ns	     46045	80009ae8	03b5de33	divu	x28,x11,x27	 x11:0x0000fbc6 x27:0x00000000 x28=0xffffffff
     460495.000 ns	     46048	80009aec	a15a0c53	fle.s	x24,f20,f21	 f20:0x3f800000 f21:0xffffffff x24=0x00000000
     460515.000 ns	     46050	80009af0	00a71833	sll	x16,x14,x10	 x14:0x00000000 x10:0x00000000 x16=0x00000000
     460535.000 ns	     46052	80009af4	e00c18d3	fclass.s	x17,f24	 f24:0x00000000 x17=0x00000010
     460565.000 ns	     46055	80009af8	a1e81553	flt.s	x10,f16,f30	 f16:0xbf800000 f30:0x44778000 x10=0x00000001
     460595.000 ns	     46058	80009afc	0283bbb3	mulhu	x23,x7,x8	  x7:0xfffffc21  x8:0x80040fe4 x23=0x80040df4
     460625.000 ns	     46061	80009b00	a07da553	feq.s	x10,f27,f7	 f27:0xba48525a  f7:0x00000000 x10=0x00000000
     460645.000 ns	     46063	80009b04	00000013	addi	x0,x0,0	  x0:0x00000000
     460665.000 ns	     46065	80009b08	c00e7d53	fcvt.w.s	x26,f28	 f28:0x00000000 x26=0x00000000
     460685.000 ns	     46067	80009b0c	00641f13	slli	x30,x8,0x6	  x8:0x80040fe4 x30=0x0103f900
     460695.000 ns	     46068	80009b10	78bccfb7	lui	x31,0x78bcc	 x31=0x78bcc000
     461055.000 ns	     46104	80009b14	03f667b3	rem	x15,x12,x31	 x12:0x003ef1ba x31:0x00000000 x15=0x003ef1ba
     461085.000 ns	     46107	80009b18	a11422d3	feq.s	x5,f8,f17	  f8:0x4efbc6eb f17:0x448d6000  x5=0x00000000
     461105.000 ns	     46109	80009b1c	55eca193	slti	x3,x25,1374	 x25:0x00000000  x3=0x00000001
     461125.000 ns	     46111	80009b20	034e98b3	mulh	x17,x29,x20	 x29:0x00000002 x20:0x000004e6 x17=0x00000000
     461145.000 ns	     46113	80009b24	005d18b3	sll	x17,x26,x5	 x26:0x00000000  x5:0x00000000 x17=0x00000000
     461155.000 ns	     46114	80009b28	1f460993	addi	x19,x12,500	 x12:0x003ef1ba x19=0x003ef3ae
     461175.000 ns	     46116	80009b2c	a0170253	fle.s	x4,f14,f1	 f14:0x3f800000  f1:0x3f800000  x4=0x00000001
     461205.000 ns	     46119	80009b30	03cf0733	mul	x14,x30,x28	 x30:0x0103f900 x28:0xffffffff x14=0xfefc0700
     461225.000 ns	     46121	80009b34	00000013	addi	x0,x0,0	  x0:0x00000000
     461235.000 ns	     46122	80009b38	00000013	addi	x0,x0,0	  x0:0x00000000
     461255.000 ns	     46124	80009b3c	02a76db3	rem	x27,x14,x10	 x14:0xfefc0700 x10:0x00000000 x27=0xfefc0700
     461285.000 ns	     46127	80009b40	03edbb33	mulhu	x22,x27,x30	 x27:0x00000000 x30:0x0103f900 x22=0x0102f0fe
     461315.000 ns	     46130	80009b44	c00ef053	fcvt.w.s	x0,f29	 f29:0x00000000
     461335.000 ns	     46132	80009b48	00f87e33	and	x28,x16,x15	 x16:0x00000000 x15:0x003ef1ba x28=0x00000000
     461345.000 ns	     46133	80009b4c	cad80e13	addi	x28,x16,-851	 x16:0x00000000 x28=0xfffffcad
     461365.000 ns	     46135	80009b50	28310fd3	fmin.s	f31,f2,f3	  f2:0x448d6000  f3:0x3a48525a f31=0x3a48525a
     461405.000 ns	     46139	80009b54	10c2f953	fmul.s	f18,f5,f12	  f5:0x451ef000 f12:0x7f800000 f18=0x7f800000
     461435.000 ns	     46142	80009b58	03ec3ab3	mulhu	x21,x24,x30	 x24:0x00000000 x30:0x0103f900 x21=0x00000000
     461455.000 ns	     46144	80009b5c	008d1613	slli	x12,x26,0x8	 x26:0x00000000 x12=0x00000000
     461475.000 ns	     46146	80009b60	285e9cd3	fmax.s	f25,f29,f5	 f29:0x00000000  f5:0x451ef000 f25=0x451ef000
     461505.000 ns	     46149	80009b64	03172c33	mulhsu	x24,x14,x17	 x14:0xfefc0700 x17:0x00000000 x24=0x00000000
     461535.000 ns	     46152	80009b68	c0117653	fcvt.wu.s	x12,f2	  f2:0x448d6000 x12=0x0000046b
     461905.000 ns	     46189	80009b6c	023b7133	remu	x2,x22,x3	 x22:0x0102f0fe  x3:0x00000001  x2=0x00000000
     461925.000 ns	     46191	80009b70	012edfb3	srl	x31,x29,x18	 x29:0x00000002 x18:0x00000000 x31=0x00000002
     461935.000 ns	     46192	80009b74	89c6cdb7	lui	x27,0x89c6c	 x27=0x89c6c000
     461975.000 ns	     46196	80009b78	09182d53	fsub.s	f26,f16,f17	 f16:0xbf800000 f17:0x448d6000 f26=0xc48d8000
     461995.000 ns	     46198	80009b7c	01c3f1b3	and	x3,x7,x28	  x7:0xfffffc21 x28:0xfffffcad  x3=0xfffffc21
     462015.000 ns	     46200	80009b80	213482d3	fsgnj.s	f5,f9,f19	  f9:0x4a7bc6e8 f19:0x80000000  f5=0xca7bc6e8
     462045.000 ns	     46203	80009b84	c01119d3	fcvt.wu.s	x19,f2	  f2:0x448d6000 x19=0x0000046b
     462065.000 ns	     46205	80009b88	01655913	srli	x18,x10,0x16	 x10:0x00000000 x18=0x00000000
     462075.000 ns	     46206	80009b8c	6837ee93	ori	x29,x15,1667	 x15:0x003ef1ba x29=0x003ef7bb
     462085.000 ns	     46207	80009b90	006709b3	add	x19,x14,x6	 x14:0xfefc0700  x6:0x00000000 x19=0xfefc0700
     462095.000 ns	     46208	80009b94	00349733	sll	x14,x9,x3	  x9:0x00000040  x3:0xfffffc21 x14=0x00000080
     462105.000 ns	     46209	80009b98	00d76fb3	or	x31,x14,x13	 x14:0xfefc0700 x13:0x80041024 x31=0x800410a4
     462115.000 ns	     46210	80009b9c	010a38b3	sltu	x17,x20,x16	 x20:0x000004e6 x16:0x00000000 x17=0x00000000
     462135.000 ns	     46212	80009ba0	e00a13d3	fclass.s	x7,f20	 f20:0x3f800000  x7=0x00000040
     462155.000 ns	     46214	80009ba4	00000013	addi	x0,x0,0	  x0:0x00000000
     462515.000 ns	     46250	80009ba8	034c4eb3	div	x29,x24,x20	 x24:0x00000000 x20:0x000004e6 x29=0x00000000
     462535.000 ns	     46252	80009bac	3e06e513	ori	x10,x13,992	 x13:0x80041024 x10=0x800413e4
     462555.000 ns	     46254	80009bb0	a1f59fd3	flt.s	x31,f11,f31	 f11:0x80000000 f31:0x3a48525a x31=0x00000001
     462585.000 ns	     46257	80009bb4	283e1ad3	fmax.s	f21,f28,f3	 f28:0x00000000  f3:0x3a48525a f21=0x3a48525a
     462615.000 ns	     46260	80009bb8	03577733	remu	x14,x14,x21	 x14:0x00000080 x21:0x00000000 x14=0x00000080
     462645.000 ns	     46263	80009bbc	21aaaa53	fsgnjx.s	f20,f21,f26	 f21:0x3a48525a f26:0xc48d8000 f20=0xba48525a
     462675.000 ns	     46266	80009bc0	28a69bd3	fmax.s	f23,f13,f10	 f13:0x80000000 f10:0xc2800000 f23=0x80000000
     462705.000 ns	     46269	80009bc4	030feab3	rem	x21,x31,x16	 x31:0x00000001 x16:0x00000000 x21=0x00000001
     462735.000 ns	     46272	80009bc8	038274b3	remu	x9,x4,x24	  x4:0x00000001 x24:0x00000000  x9=0x00000001
     462765.000 ns	     46275	80009bcc	e00195d3	fclass.s	x11,f3	  f3:0x3a48525a x11=0x00000040
     462795.000 ns	     46278	80009bd0	f00283d3	fmv.w.x	f7,x5	  x5:0x00000000  f7=0x00000000
     462825.000 ns	     46281	80009bd4	e0040dd3	fmv.x.w	x27,f8	  f8:0x4efbc6eb x27=0x4efbc6eb
     462855.000 ns	     46284	80009bd8	e00d1d53	fclass.s	x26,f26	 f26:0xc48d8000 x26=0x00000002
     463225.000 ns	     46321	80009bdc	03c45fb3	divu	x31,x8,x28	  x8:0x80040fe4 x28:0xfffffcad x31=0x00000000
     463255.000 ns	     46324	80009be0	f0038253	fmv.w.x	f4,x7	  x7:0x00000040  f4=0x00000040
     463275.000 ns	     46326	80009be4	00000013	addi	x0,x0,0	  x0:0x00000000
     463285.000 ns	     46327	80009be8	40c35313	srai	x6,x6,0xc	  x6:0x00000000  x6=0x00000000
     463305.000 ns	     46329	80009bec	a0ee1953	flt.s	x18,f28,f14	 f28:0x00000000 f14:0x3f800000 x18=0x00000001
     463335.000 ns	     46332	80009bf0	034b0ab3	mul	x21,x22,x20	 x22:0x0102f0fe x20:0x000004e6 x21=0xf4687c34
     463365.000 ns	     46335	80009bf4	032c14b3	mulh	x9,x24,x18	 x24:0x00000000 x18:0x00000001  x9=0x00000000
     463395.000 ns	     46338	80009bf8	c01a72d3	fcvt.wu.s	x5,f20	 f20:0xba48525a  x5=0x00000000
     463415.000 ns	     46340	80009bfc	01729a13	slli	x20,x5,0x17	  x5:0x00000000 x20=0x00000000
     463435.000 ns	     46342	80009c00	02671f33	mulh	x30,x14,x6	 x14:0x00000080  x6:0x00000000 x30=0x00000000
     463455.000 ns	     46344	80009c04	0175afb3	slt	x31,x11,x23	 x11:0x00000040 x23:0x80040df4 x31=0x00000000
     463475.000 ns	     46346	80009c08	e00a94d3	fclass.s	x9,f21	 f21:0x3a48525a  x9=0x00000040
     463505.000 ns	     46349	80009c0c	02645833	divu	x16,x8,x6	  x8:0x80040fe4  x6:0x00000000 x16=0xffffffff
     463535.000 ns	     46352	80009c10	03bc0cb3	mul	x25,x24,x27	 x24:0x00000000 x27:0x4efbc6eb x25=0x00000000
     463555.000 ns	     46354	80009c14	01479613	slli	x12,x15,0x14	 x15:0x003ef1ba x12=0x1ba00000
     463565.000 ns	     46355	80009c18	40b3d833	sra	x16,x7,x11	  x7:0x00000040 x11:0x00000040 x16=0x00000040
     463575.000 ns	     46356	80009c1c	01eb1333	sll	x6,x22,x30	 x22:0x0102f0fe x30:0x00000000  x6=0x0102f0fe
     463585.000 ns	     46357	80009c20	00dab933	sltu	x18,x21,x13	 x21:0xf4687c34 x13:0x80041024 x18=0x00000000
     463605.000 ns	     46359	80009c24	d00ac0d3	fcvt.s.w	f1,x21	 x21:0xf4687c34  f1=0xcd39783d
     463635.000 ns	     46362	80009c28	21bd2dd3	fsgnjx.s	f27,f26,f27	 f26:0xc48d8000 f27:0xba48525a f27=0x448d8000
     463655.000 ns	     46364	80009c2c	40d859b3	sra	x19,x16,x13	 x16:0x00000040 x13:0x80041024 x19=0x00000004
     463685.000 ns	     46367	80009c30	11e47953	fmul.s	f18,f8,f30	  f8:0x4efbc6eb f30:0x44778000 f18=0x53f36ad0
     463715.000 ns	     46370	80009c34	c011f153	fcvt.wu.s	x2,f3	  f3:0x3a48525a  x2=0x00000000
     463745.000 ns	     46373	80009c38	034801b3	mul	x3,x16,x20	 x16:0x00000040 x20:0x00000000  x3=0x00000000
     463775.000 ns	     46376	80009c3c	21c312d3	fsgnjn.s	f5,f6,f28	  f6:0x7fc00000 f28:0x00000000  f5=0xffc00000
     463805.000 ns	     46379	80009c40	d0067cd3	fcvt.s.w	f25,x12	 x12:0x1ba00000 f25=0x4ddd0000
     463825.000 ns	     46381	80009c44	008505b3	add	x11,x10,x8	 x10:0x800413e4  x8:0x80040fe4 x11=0x000823c8
     463845.000 ns	     46383	80009c48	201a8fd3	fsgnj.s	f31,f21,f1	 f21:0x3a48525a  f1:0xcd39783d f31=0xba48525a
     463865.000 ns	     46385	80009c4c	1a24ad13	slti	x26,x9,418	  x9:0x00000040 x26=0x00000001
     463875.000 ns	     46386	80009c50	0177f8b3	and	x17,x15,x23	 x15:0x003ef1ba x23:0x80040df4 x17=0x000401b0
     463895.000 ns	     46388	80009c54	03bbaeb3	mulhsu	x29,x23,x27	 x23:0x80040df4 x27:0x4efbc6eb x29=0xd8835cc7
     463915.000 ns	     46390	80009c58	0119be33	sltu	x28,x19,x17	 x19:0x00000004 x17:0x00000000 x28=0x00000001
     464275.000 ns	     46426	80009c5c	03d6df33	divu	x30,x13,x29	 x13:0x80041024 x29:0xd8835cc7 x30=0x00000000
     464645.000 ns	     46463	80009c60	024c7e33	remu	x28,x24,x4	 x24:0x00000000  x4:0x00000001 x28=0x00000000
     464665.000 ns	     46465	80009c64	00157833	and	x16,x10,x1	 x10:0x800413e4  x1:0x00000009 x16=0x00000000
     464675.000 ns	     46466	80009c68	00f79cb3	sll	x25,x15,x15	 x15:0x003ef1ba x15:0x003ef1ba x25=0xe8000000
     464685.000 ns	     46467	80009c6c	01709993	slli	x19,x1,0x17	  x1:0x00000009 x19=0x04800000
     464705.000 ns	     46469	80009c70	e00b0ed3	fmv.x.w	x29,f22	 f22:0xff800000 x29=0xff800000
     464725.000 ns	     46471	80009c74	40638733	sub	x14,x7,x6	  x7:0x00000040  x6:0x0102f0fe x14=0xfefd0f42
     464735.000 ns	     46472	80009c78	017c6d33	or	x26,x24,x23	 x24:0x00000000 x23:0x80040df4 x26=0x80040df4
     464745.000 ns	     46473	80009c7c	323e3513	sltiu	x10,x28,803	 x28:0x00000000 x10=0x00000001
     464755.000 ns	     46474	80009c80	71c13937	lui	x18,0x71c13	 x18=0x71c13000
     464765.000 ns	     46475	80009c84	d3e4be93	sltiu	x29,x9,-706	  x9:0x00000040 x29=0x00000001
     464775.000 ns	     46476	80009c88	0187d733	srl	x14,x15,x24	 x15:0x003ef1ba x24:0x00000000 x14=0x003ef1ba
     464785.000 ns	     46477	80009c8c	01786fb3	or	x31,x16,x23	 x16:0x00000000 x23:0x80040df4 x31=0x80040df4
     464815.000 ns	     46480	80009c90	58087b53	fsqrt.s	f22,f16	 f16:0xbf800000 f22=0x7fc00000
     464835.000 ns	     46482	80009c94	866a8b13	addi	x22,x21,-1946	 x21:0xf4687c34 x22=0xf468749a
     464845.000 ns	     46483	80009c98	00c35893	srli	x17,x6,0xc	  x6:0x0102f0fe x17=0x0000102f
     464875.000 ns	     46486	80009c9c	10e479d3	fmul.s	f19,f8,f14	  f8:0x4efbc6eb f14:0x3f800000 f19=0x4efbc6ec
     464915.000 ns	     46490	80009ca0	5800a353	fsqrt.s	f6,f1	  f1:0xcd39783d  f6=0x7fc00000
     464935.000 ns	     46492	80009ca4	00f2b3b3	sltu	x7,x5,x15	  x5:0x00000000 x15:0x003ef1ba  x7=0x00000001
     464945.000 ns	     46493	80009ca8	ac63fa13	andi	x20,x7,-1338	  x7:0x00000040 x20=0x00000000
     464955.000 ns	     46494	80009cac	69cbb513	sltiu	x10,x23,1692	 x23:0x80040df4 x10=0x00000000
     465285.000 ns	     46527	80009cb0	19bff9d3	fdiv.s	f19,f31,f27	 f31:0xba48525a f27:0x448d8000 f19=0xb51db9fe
     465305.000 ns	     46529	80009cb4	0007d2b3	srl	x5,x15,x0	 x15:0x003ef1ba  x0:0x00000000  x5=0x003ef1ba
     465325.000 ns	     46531	80009cb8	0359b8b3	mulhu	x17,x19,x21	 x19:0x04800000 x21:0xf4687c34 x17=0x044bd62e
     465355.000 ns	     46534	80009cbc	e0099bd3	fclass.s	x23,f19	 f19:0xb51db9fe x23=0x00000002
     465375.000 ns	     46536	80009cc0	01a3d913	srli	x18,x7,0x1a	  x7:0x00000001 x18=0x00000000
     465705.000 ns	     46569	80009cc4	181d7a53	fdiv.s	f20,f26,f1	 f26:0xc48d8000  f1:0xcd39783d f20=0x368d8000
     465735.000 ns	     46572	80009cc8	0333a233	mulhsu	x4,x7,x19	  x7:0x00000001 x19:0x04800000  x4=0x00000000
     465755.000 ns	     46574	80009ccc	85a03a93	sltiu	x21,x0,-1958	  x0:0x00000000 x21=0x00000001
     465775.000 ns	     46576	80009cd0	c01efbd3	fcvt.wu.s	x23,f29	 f29:0x00000000 x23=0x00000000
     466955.000 ns	     46694	80009cd4	58079fd3	fsqrt.s	f31,f15	 f15:0x08061000 f31=0x233d9748
     466975.000 ns	     46696	80009cd8	418b59b3	sra	x19,x22,x24	 x22:0xf468749a x24:0x00000000 x19=0xf468749a
     467015.000 ns	     46700	80009cdc	00362153	fadd.s	f2,f12,f3	 f12:0x7f800000  f3:0x3a48525a  f2=0x7f800000
     467045.000 ns	     46703	80009ce0	d004ae53	fcvt.s.w	f28,x9	  x9:0x00000040 f28=0x42800000
     467075.000 ns	     46706	80009ce4	024bb933	mulhu	x18,x23,x4	 x23:0x00000000  x4:0x00000000 x18=0x00000000
     467415.000 ns	     46740	80009ce8	19fdcd53	fdiv.s	f26,f27,f31	 f27:0x448d8000 f31:0x233d9748 f26=0x60c7c3c6
     467435.000 ns	     46742	80009cec	017299b3	sll	x19,x5,x23	  x5:0x003ef1ba x23:0x00000000 x19=0x003ef1ba
     467445.000 ns	     46743	80009cf0	25533213	sltiu	x4,x6,597	  x6:0x0102f0fe  x4=0x00000000
     467455.000 ns	     46744	80009cf4	001185b3	add	x11,x3,x1	  x3:0x00000000  x1:0x00000009 x11=0x00000009
     467815.000 ns	     46780	80009cf8	03996233	rem	x4,x18,x25	 x18:0x00000000 x25:0xe8000000  x4=0x00000000
     467845.000 ns	     46783	80009cfc	a0262053	feq.s	x0,f12,f2	 f12:0x7f800000  f2:0x7f800000
     467865.000 ns	     46785	80009d00	00000013	addi	x0,x0,0	  x0:0x00000000
     467875.000 ns	     46786	80009d04	01949493	slli	x9,x9,0x19	  x9:0x00000040  x9=0x80000000
     467885.000 ns	     46787	80009d08	9cec3713	sltiu	x14,x24,-1586	 x24:0x00000000 x14=0x00000001
     467895.000 ns	     46788	80009d0c	00000013	addi	x0,x0,0	  x0:0x00000000
     467915.000 ns	     46790	80009d10	026bb1b3	mulhu	x3,x23,x6	 x23:0x00000000  x6:0x0102f0fe  x3=0x00000000
     467945.000 ns	     46793	80009d14	21fda653	fsgnjx.s	f12,f27,f31	 f27:0x448d8000 f31:0x233d9748 f12=0x448d8000
     467965.000 ns	     46795	80009d18	5faf2e13	slti	x28,x30,1530	 x30:0x00000000 x28=0x00000001
     467985.000 ns	     46797	80009d1c	031998b3	mulh	x17,x19,x17	 x19:0x003ef1ba x17:0x044bd62e x17=0x00010e6c
     468015.000 ns	     46800	80009d20	c00df9d3	fcvt.w.s	x19,f27	 f27:0x448d8000 x19=0x0000046c
     468045.000 ns	     46803	80009d24	e00613d3	fclass.s	x7,f12	 f12:0x448d8000  x7=0x00000040
     468065.000 ns	     46805	80009d28	002d9a13	slli	x20,x27,0x2	 x27:0x4efbc6eb x20=0x3bef1bac
     468425.000 ns	     46841	80009d2c	02b16833	rem	x16,x2,x11	  x2:0x00000000 x11:0x00000009 x16=0x00000000
     468795.000 ns	     46878	80009d30	03d063b3	rem	x7,x0,x29	  x0:0x00000000 x29:0x00000001  x7=0x00000000
     468815.000 ns	     46880	80009d34	01009033	sll	x0,x1,x16	  x1:0x00000009 x16:0x00000000
     468825.000 ns	     46881	80009d38	00e15613	srli	x12,x2,0xe	  x2:0x00000000 x12=0x00000000
     468835.000 ns	     46882	80009d3c	00c0cb33	xor	x22,x1,x12	  x1:0x00000009 x12:0x1ba00000 x22=0x00000009
     468845.000 ns	     46883	80009d40	dbabf193	andi	x3,x23,-582	 x23:0x00000000  x3=0x00000000
     468855.000 ns	     46884	80009d44	006f5813	srli	x16,x30,0x6	 x30:0x00000000 x16=0x00000000
     469215.000 ns	     46920	80009d48	025758b3	divu	x17,x14,x5	 x14:0x00000001  x5:0x003ef1ba x17=0x00000000
     469235.000 ns	     46922	80009d4c	bb56abb7	lui	x23,0xbb56a	 x23=0xbb56a000
     469255.000 ns	     46924	80009d50	f00282d3	fmv.w.x	f5,x5	  x5:0x003ef1ba  f5=0x003ef1ba
     469295.000 ns	     46928	80009d54	11fb4653	fmul.s	f12,f22,f31	 f22:0x7fc00000 f31:0x233d9748 f12=0x7fc00000
     469315.000 ns	     46930	80009d58	95e92213	slti	x4,x18,-1698	 x18:0x00000000  x4=0x00000000
     469325.000 ns	     46931	80009d5c	5da13613	sltiu	x12,x2,1498	  x2:0x00000000 x12=0x00000001
     469345.000 ns	     46933	80009d60	a09b2353	feq.s	x6,f22,f9	 f22:0x7fc00000  f9:0x4a7bc6e8  x6=0x00000000
     469395.000 ns	     46938	80009d64	005fcf53	fadd.s	f30,f31,f5	 f31:0x233d9748  f5:0x003ef1ba f30=0x233d9748
     469415.000 ns	     46940	80009d68	d1172493	slti	x9,x14,-751	 x14:0x00000001  x9=0x00000000
     469425.000 ns	     46941	80009d6c	0025b2b3	sltu	x5,x11,x2	 x11:0x00000009  x2:0x00000000  x5=0x00000000
     469445.000 ns	     46943	80009d70	020b2933	mulhsu	x18,x22,x0	 x22:0x00000009  x0:0x00000000 x18=0x00000000
     469475.000 ns	     46946	80009d74	0270ae33	mulhsu	x28,x1,x7	  x1:0x00000009  x7:0x00000000 x28=0x00000000
     469495.000 ns	     46948	80009d78	fd897f13	andi	x30,x18,-40	 x18:0x00000000 x30=0x00000000
     469515.000 ns	     46950	80009d7c	c0064e53	fcvt.w.s	x28,f12	 f12:0x7fc00000 x28=0x7fffffff
     469885.000 ns	     46987	80009d80	0353ecb3	rem	x25,x7,x21	  x7:0x00000000 x21:0x00000001 x25=0x00000000
     469915.000 ns	     46990	80009d84	28161dd3	fmax.s	f27,f12,f1	 f12:0x7fc00000  f1:0xcd39783d f27=0xcd39783d
     469945.000 ns	     46993	80009d88	c0177353	fcvt.wu.s	x6,f14	 f14:0x3f800000  x6=0x00000001
     469975.000 ns	     46996	80009d8c	a0c12cd3	feq.s	x25,f2,f12	  f2:0x7f800000 f12:0x7fc00000 x25=0x00000000
     469995.000 ns	     46998	80009d90	41b35c33	sra	x24,x6,x27	  x6:0x00000001 x27:0x4efbc6eb x24=0x00000000
     470005.000 ns	     46999	80009d94	9f690eb7	lui	x29,0x9f690	 x29=0x9f690000
     470015.000 ns	     47000	80009d98	0162fe33	and	x28,x5,x22	  x5:0x00000000 x22:0x00000009 x28=0x00000000
     470035.000 ns	     47002	80009d9c	c00bb5d3	fcvt.w.s	x11,f23	 f23:0x80000000 x11=0x00000000
     470055.000 ns	     47004	80009da0	01bbe933	or	x18,x23,x27	 x23:0xbb56a000 x27:0x4efbc6eb x18=0xffffe6eb
     470065.000 ns	     47005	80009da4	e996a213	slti	x4,x13,-359	 x13:0x80041024  x4=0x00000001
     470075.000 ns	     47006	80009da8	012adb13	srli	x22,x21,0x12	 x21:0x00000001 x22=0x00000000
     470085.000 ns	     47007	80009dac	47237d93	andi	x27,x6,1138	  x6:0x00000001 x27=0x00000000
     470095.000 ns	     47008	80009db0	ef80c793	xori	x15,x1,-264	  x1:0x00000009 x15=0xfffffef1
     470115.000 ns	     47010	80009db4	280513d3	fmax.s	f7,f10,f0	 f10:0xc2800000  f0:0x451ef000  f7=0x451ef000
     470145.000 ns	     47013	80009db8	287293d3	fmax.s	f7,f5,f7	  f5:0x003ef1ba  f7:0x00000000  f7=0x451ef000
     470195.000 ns	     47018	80009dbc	099bae53	fsub.s	f28,f23,f25	 f23:0x80000000 f25:0x4ddd0000 f28=0xcddd0000
     470225.000 ns	     47021	80009dc0	c013aed3	fcvt.wu.s	x29,f7	  f7:0x451ef000 x29=0x000009ef
     470255.000 ns	     47024	80009dc4	02270b33	mul	x22,x14,x2	 x14:0x00000001  x2:0x00000000 x22=0x00000000
     470275.000 ns	     47026	80009dc8	405cd813	srai	x16,x25,0x5	 x25:0x00000000 x16=0x00000000
     470285.000 ns	     47027	80009dcc	055eb493	sltiu	x9,x29,85	 x29:0x000009ef  x9=0x00000000
     470305.000 ns	     47029	80009dd0	036549b3	div	x19,x10,x22	 x10:0x00000000 x22:0x00000000 x19=0xffffffff
     470335.000 ns	     47032	80009dd4	023e5733	divu	x14,x28,x3	 x28:0x00000000  x3:0x00000000 x14=0xffffffff
     470365.000 ns	     47035	80009dd8	02690c33	mul	x24,x18,x6	 x18:0xffffe6eb  x6:0x00000001 x24=0xffffe6eb
     470385.000 ns	     47037	80009ddc	00000013	addi	x0,x0,0	  x0:0x00000000
     470405.000 ns	     47039	80009de0	02ce0033	mul	x0,x28,x12	 x28:0x00000000 x12:0x00000001
     470435.000 ns	     47042	80009de4	026e3fb3	mulhu	x31,x28,x6	 x28:0x00000000  x6:0x00000001 x31=0x00000000
     470455.000 ns	     47044	80009de8	00349933	sll	x18,x9,x3	  x9:0x00000000  x3:0x00000000 x18=0x00000000
     470495.000 ns	     47048	80009dec	08699f53	fsub.s	f30,f19,f6	 f19:0xb51db9fe  f6:0x7fc00000 f30=0x7fc00000
     470525.000 ns	     47051	80009df0	21c32353	fsgnjx.s	f6,f6,f28	  f6:0x7fc00000 f28:0xcddd0000  f6=0xffc00000
     470545.000 ns	     47053	80009df4	c835e993	ori	x19,x11,-893	 x11:0x00000000 x19=0xfffffc83
     470555.000 ns	     47054	80009df8	97a56313	ori	x6,x10,-1670	 x10:0x00000000  x6=0xfffff97a
     470565.000 ns	     47055	80009dfc	c0b3cd97	auipc	x27,0xc0b3c	 x27=0x40b45dfc
     470575.000 ns	     47056	80009e00	00783fb3	sltu	x31,x16,x7	 x16:0x00000000  x7:0x00000000 x31=0x00000000
     470585.000 ns	     47057	80009e04	e25c4297	auipc	x5,0xe25c4	  x5=0x625cde04
     470595.000 ns	     47058	80009e08	49946b13	ori	x22,x8,1177	  x8:0x80040fe4 x22=0x80040ffd
     470605.000 ns	     47059	80009e0c	00e90533	add	x10,x18,x14	 x18:0x00000000 x14:0xffffffff x10=0xffffffff
     470615.000 ns	     47060	80009e10	009b8bb3	add	x23,x23,x9	 x23:0xbb56a000  x9:0x00000000 x23=0xbb56a000
     470625.000 ns	     47061	80009e14	043be317	auipc	x6,0x43be	  x6=0x843c7e14
     470635.000 ns	     47062	80009e18	00ffedb3	or	x27,x31,x15	 x31:0x00000000 x15:0xfffffef1 x27=0xfffffef1
     470645.000 ns	     47063	80009e1c	00253933	sltu	x18,x10,x2	 x10:0xffffffff  x2:0x00000000 x18=0x00000000
     470665.000 ns	     47065	80009e20	280f9953	fmax.s	f18,f31,f0	 f31:0x233d9748  f0:0x451ef000 f18=0x451ef000
     470695.000 ns	     47068	80009e24	a11a2ad3	feq.s	x21,f20,f17	 f20:0x368d8000 f17:0x448d6000 x21=0x00000000
     470725.000 ns	     47071	80009e28	03177c33	remu	x24,x14,x17	 x14:0xffffffff x17:0x00000000 x24=0xffffffff
     470745.000 ns	     47073	80009e2c	41c052b3	sra	x5,x0,x28	  x0:0x00000000 x28:0x00000000  x5=0x00000000
     470765.000 ns	     47075	80009e30	a0940953	fle.s	x18,f8,f9	  f8:0x4efbc6eb  f9:0x4a7bc6e8 x18=0x00000000
     470815.000 ns	     47080	80009e34	08bb7a53	fsub.s	f20,f22,f11	 f22:0x7fc00000 f11:0x80000000 f20=0x7fc00000
     470835.000 ns	     47082	80009e38	40eddc13	srai	x24,x27,0xe	 x27:0xfffffef1 x24=0xffffffff
     470845.000 ns	     47083	80009e3c	007bf5b3	and	x11,x23,x7	 x23:0xbb56a000  x7:0x00000000 x11=0x00000000
     470865.000 ns	     47085	80009e40	a0fdacd3	feq.s	x25,f27,f15	 f27:0xcd39783d f15:0x08061000 x25=0x00000000
     470885.000 ns	     47087	80009e44	4090dfb3	sra	x31,x1,x9	  x1:0x00000009  x9:0x00000000 x31=0x00000009
     470905.000 ns	     47089	80009e48	028434b3	mulhu	x9,x8,x8	  x8:0x80040fe4  x8:0x80040fe4  x9=0x40040ff4
     470955.000 ns	     47094	80009e4c	0076afd3	fadd.s	f31,f13,f7	 f13:0x80000000  f7:0x451ef000 f31=0x451ef000
     470985.000 ns	     47097	80009e50	a09902d3	fle.s	x5,f18,f9	 f18:0x451ef000  f9:0x4a7bc6e8  x5=0x00000001
     471015.000 ns	     47100	80009e54	c00f84d3	fcvt.w.s	x9,f31	 f31:0x451ef000  x9=0x000009ef
     471045.000 ns	     47103	80009e58	026b0eb3	mul	x29,x22,x6	 x22:0x80040ffd  x6:0x843c7e14 x29=0x337bc5c4
     471065.000 ns	     47105	80009e5c	7e6ba493	slti	x9,x23,2022	 x23:0xbb56a000  x9=0x00000001
     471075.000 ns	     47106	80009e60	2ac6bf93	sltiu	x31,x13,684	 x13:0x80041024 x31=0x00000000
     471095.000 ns	     47108	80009e64	208e0153	fsgnj.s	f2,f28,f8	 f28:0xcddd0000  f8:0x4efbc6eb  f2=0x4ddd0000
     471115.000 ns	     47110	80009e68	c296fa13	andi	x20,x13,-983	 x13:0x80041024 x20=0x80041020
     471135.000 ns	     47112	80009e6c	d002b053	fcvt.s.w	f0,x5	  x5:0x00000001  f0=0x3f800000
     471165.000 ns	     47115	80009e70	29151453	fmax.s	f8,f10,f17	 f10:0xc2800000 f17:0x448d6000  f8=0x448d6000
     471205.000 ns	     47119	80009e74	11f373d3	fmul.s	f7,f6,f31	  f6:0xffc00000 f31:0x451ef000  f7=0x7fc00000
     471225.000 ns	     47121	80009e78	008a32b3	sltu	x5,x20,x8	 x20:0x80041020  x8:0x80040fe4  x5=0x00000000
     471245.000 ns	     47123	80009e7c	c00df653	fcvt.w.s	x12,f27	 f27:0xcd39783d x12=0x0b9783d0
     471265.000 ns	     47125	80009e80	01217a33	and	x20,x2,x18	  x2:0x00000000 x18:0x00000000 x20=0x00000000
     471275.000 ns	     47126	80009e84	41c0d2b3	sra	x5,x1,x28	  x1:0x00000009 x28:0x00000000  x5=0x00000009
     471295.000 ns	     47128	80009e88	a0608fd3	fle.s	x31,f1,f6	  f1:0xcd39783d  f6:0xffc00000 x31=0x00000000
     471315.000 ns	     47130	80009e8c	00515a93	srli	x21,x2,0x5	  x2:0x00000000 x21=0x00000000
     471325.000 ns	     47131	80009e90	011793b3	sll	x7,x15,x17	 x15:0xfffffef1 x17:0x00000000  x7=0xfffffef1
     471345.000 ns	     47133	80009e94	f00d8cd3	fmv.w.x	f25,x27	 x27:0xfffffef1 f25=0xfffffef1
     471375.000 ns	     47136	80009e98	f0020fd3	fmv.w.x	f31,x4	  x4:0x00000001 f31=0x00000001
     471405.000 ns	     47139	80009e9c	a010ae53	feq.s	x28,f1,f1	  f1:0xcd39783d  f1:0xcd39783d x28=0x00000001
     471435.000 ns	     47142	80009ea0	c019b353	fcvt.wu.s	x6,f19	 f19:0xb51db9fe  x6=0x00000001
     472615.000 ns	     47260	80009ea4	58024b53	fsqrt.s	f22,f4	  f4:0x00000040 f22=0x1f3504de
     472645.000 ns	     47263	80009ea8	a11703d3	fle.s	x7,f14,f17	 f14:0x3f800000 f17:0x448d6000  x7=0x00000001
     472665.000 ns	     47265	80009eac	d1f4b393	sltiu	x7,x9,-737	  x9:0x00000001  x7=0x00000001
     472675.000 ns	     47266	80009eb0	012fce33	xor	x28,x31,x18	 x31:0x00000000 x18:0x00000000 x28=0x00000000
     472685.000 ns	     47267	80009eb4	83170f93	addi	x31,x14,-1999	 x14:0xffffffff x31=0xfffff830
     472695.000 ns	     47268	80009eb8	b6e57537	lui	x10,0xb6e57	 x10=0xb6e57000
     472705.000 ns	     47269	80009ebc	73581637	lui	x12,0x73581	 x12=0x73581000
     472715.000 ns	     47270	80009ec0	00000097	auipc	x1,0x0	  x1=0x80009ec0
     472725.000 ns	     47271	80009ec4	00c08093	addi	x1,x1,12	  x1:0x00000009  x1=0x80009ecc
     472735.000 ns	     47272	80009ec8	00008067	jalr	x0,x1,0	  x1:0x00000009
     472785.000 ns	     47277	80009ecc	00100193	addi	x3,x0,1	  x0:0x00000000  x3=0x00000001
     472795.000 ns	     47278	80009ed0	00000073	ecall	
     472805.000 ns	     47279	80009ed4	00036f17	auipc	x30,0x36	 x30=0x8003fed4
     472815.000 ns	     47280	80009ed8	123f2623	sw	x3,300(x30)	 x30:0x00000000  x3:0x00000001 PA:0xxxxxxxxx
     472835.000 ns	     47282	80009edc	ff9ff06f	jal	x0,80009ed8	
     472885.000 ns	     47287	80009ed4	00036f17	auipc	x30,0x36	 x30=0x8003fed4
     472895.000 ns	     47288	80009ed8	123f2623	sw	x3,300(x30)	 x30:0x8003fed4  x3:0x00000001 PA:0xxxxxxxxx
     472915.000 ns	     47290	80009edc	ff9ff06f	jal	x0,80009ed8	
     472965.000 ns	     47295	80009ed4	00036f17	auipc	x30,0x36	 x30=0x8003fed4
     472975.000 ns	     47296	80009ed8	123f2623	sw	x3,300(x30)	 x30:0x8003fed4  x3:0x00000001 PA:0xxxxxxxxx
     472995.000 ns	     47298	80009edc	ff9ff06f	jal	x0,80009ed8	
     473045.000 ns	     47303	80009ed4	00036f17	auipc	x30,0x36	 x30=0x8003fed4
     473055.000 ns	     47304	80009ed8	123f2623	sw	x3,300(x30)	 x30:0x8003fed4  x3:0x00000001 PA:0xxxxxxxxx
     473075.000 ns	     47306	80009edc	ff9ff06f	jal	x0,80009ed8	
     473125.000 ns	     47311	80009ed4	00036f17	auipc	x30,0x36	 x30=0x8003fed4
     473135.000 ns	     47312	80009ed8	123f2623	sw	x3,300(x30)	 x30:0x8003fed4  x3:0x00000001 PA:0xxxxxxxxx
     473155.000 ns	     47314	80009edc	ff9ff06f	jal	x0,80009ed8	
     473205.000 ns	     47319	80009ed4	00036f17	auipc	x30,0x36	 x30=0x8003fed4
     473215.000 ns	     47320	80009ed8	123f2623	sw	x3,300(x30)	 x30:0x8003fed4  x3:0x00000001 PA:0xxxxxxxxx
     473235.000 ns	     47322	80009edc	ff9ff06f	jal	x0,80009ed8	
     473285.000 ns	     47327	80009ed4	00036f17	auipc	x30,0x36	 x30=0x8003fed4
     473295.000 ns	     47328	80009ed8	123f2623	sw	x3,300(x30)	 x30:0x8003fed4  x3:0x00000001 PA:0xxxxxxxxx
     473315.000 ns	     47330	80009edc	ff9ff06f	jal	x0,80009ed8	
     473365.000 ns	     47335	80009ed4	00036f17	auipc	x30,0x36	 x30=0x8003fed4
     473375.000 ns	     47336	80009ed8	123f2623	sw	x3,300(x30)	 x30:0x8003fed4  x3:0x00000001 PA:0xxxxxxxxx
     473395.000 ns	     47338	80009edc	ff9ff06f	jal	x0,80009ed8	
     473445.000 ns	     47343	80009ed4	00036f17	auipc	x30,0x36	 x30=0x8003fed4
     473455.000 ns	     47344	80009ed8	123f2623	sw	x3,300(x30)	 x30:0x8003fed4  x3:0x00000001 PA:0xxxxxxxxx
     473475.000 ns	     47346	80009edc	ff9ff06f	jal	x0,80009ed8	
     473525.000 ns	     47351	80009ed4	00036f17	auipc	x30,0x36	 x30=0x8003fed4
     473535.000 ns	     47352	80009ed8	123f2623	sw	x3,300(x30)	 x30:0x8003fed4  x3:0x00000001 PA:0xxxxxxxxx
     473555.000 ns	     47354	80009edc	ff9ff06f	jal	x0,80009ed8	
     473605.000 ns	     47359	80009ed4	00036f17	auipc	x30,0x36	 x30=0x8003fed4
     473615.000 ns	     47360	80009ed8	123f2623	sw	x3,300(x30)	 x30:0x8003fed4  x3:0x00000001 PA:0xxxxxxxxx
     473635.000 ns	     47362	80009edc	ff9ff06f	jal	x0,80009ed8	
     473685.000 ns	     47367	80009ed4	00036f17	auipc	x30,0x36	 x30=0x8003fed4
     473695.000 ns	     47368	80009ed8	123f2623	sw	x3,300(x30)	 x30:0x8003fed4  x3:0x00000001 PA:0xxxxxxxxx
     473715.000 ns	     47370	80009edc	ff9ff06f	jal	x0,80009ed8	
     473765.000 ns	     47375	80009ed4	00036f17	auipc	x30,0x36	 x30=0x8003fed4
     473775.000 ns	     47376	80009ed8	123f2623	sw	x3,300(x30)	 x30:0x8003fed4  x3:0x00000001 PA:0xxxxxxxxx
     473795.000 ns	     47378	80009edc	ff9ff06f	jal	x0,80009ed8	
     473845.000 ns	     47383	80009ed4	00036f17	auipc	x30,0x36	 x30=0x8003fed4
     473855.000 ns	     47384	80009ed8	123f2623	sw	x3,300(x30)	 x30:0x8003fed4  x3:0x00000001 PA:0xxxxxxxxx
     473875.000 ns	     47386	80009edc	ff9ff06f	jal	x0,80009ed8	
     473925.000 ns	     47391	80009ed4	00036f17	auipc	x30,0x36	 x30=0x8003fed4
     473935.000 ns	     47392	80009ed8	123f2623	sw	x3,300(x30)	 x30:0x8003fed4  x3:0x00000001 PA:0xxxxxxxxx
     473955.000 ns	     47394	80009edc	ff9ff06f	jal	x0,80009ed8	
     474005.000 ns	     47399	80009ed4	00036f17	auipc	x30,0x36	 x30=0x8003fed4
     474015.000 ns	     47400	80009ed8	123f2623	sw	x3,300(x30)	 x30:0x8003fed4  x3:0x00000001 PA:0xxxxxxxxx
     474035.000 ns	     47402	80009edc	ff9ff06f	jal	x0,80009ed8	
     474085.000 ns	     47407	80009ed4	00036f17	auipc	x30,0x36	 x30=0x8003fed4
     474095.000 ns	     47408	80009ed8	123f2623	sw	x3,300(x30)	 x30:0x8003fed4  x3:0x00000001 PA:0xxxxxxxxx
     474115.000 ns	     47410	80009edc	ff9ff06f	jal	x0,80009ed8	
     474165.000 ns	     47415	80009ed4	00036f17	auipc	x30,0x36	 x30=0x8003fed4
     474175.000 ns	     47416	80009ed8	123f2623	sw	x3,300(x30)	 x30:0x8003fed4  x3:0x00000001 PA:0xxxxxxxxx
     474195.000 ns	     47418	80009edc	ff9ff06f	jal	x0,80009ed8	
     474245.000 ns	     47423	80009ed4	00036f17	auipc	x30,0x36	 x30=0x8003fed4
     474255.000 ns	     47424	80009ed8	123f2623	sw	x3,300(x30)	 x30:0x8003fed4  x3:0x00000001 PA:0xxxxxxxxx
     474275.000 ns	     47426	80009edc	ff9ff06f	jal	x0,80009ed8	
     474325.000 ns	     47431	80009ed4	00036f17	auipc	x30,0x36	 x30=0x8003fed4
     474335.000 ns	     47432	80009ed8	123f2623	sw	x3,300(x30)	 x30:0x8003fed4  x3:0x00000001 PA:0xxxxxxxxx
     474355.000 ns	     47434	80009edc	ff9ff06f	jal	x0,80009ed8	
     474405.000 ns	     47439	80009ed4	00036f17	auipc	x30,0x36	 x30=0x8003fed4
     474415.000 ns	     47440	80009ed8	123f2623	sw	x3,300(x30)	 x30:0x8003fed4  x3:0x00000001 PA:0xxxxxxxxx
     474435.000 ns	     47442	80009edc	ff9ff06f	jal	x0,80009ed8	
     474485.000 ns	     47447	80009ed4	00036f17	auipc	x30,0x36	 x30=0x8003fed4
     474495.000 ns	     47448	80009ed8	123f2623	sw	x3,300(x30)	 x30:0x8003fed4  x3:0x00000001 PA:0xxxxxxxxx
     474515.000 ns	     47450	80009edc	ff9ff06f	jal	x0,80009ed8	
     474565.000 ns	     47455	80009ed4	00036f17	auipc	x30,0x36	 x30=0x8003fed4
     474575.000 ns	     47456	80009ed8	123f2623	sw	x3,300(x30)	 x30:0x8003fed4  x3:0x00000001 PA:0xxxxxxxxx
     474595.000 ns	     47458	80009edc	ff9ff06f	jal	x0,80009ed8	
     474645.000 ns	     47463	80009ed4	00036f17	auipc	x30,0x36	 x30=0x8003fed4
     474655.000 ns	     47464	80009ed8	123f2623	sw	x3,300(x30)	 x30:0x8003fed4  x3:0x00000001 PA:0xxxxxxxxx
     474675.000 ns	     47466	80009edc	ff9ff06f	jal	x0,80009ed8	
     474725.000 ns	     47471	80009ed4	00036f17	auipc	x30,0x36	 x30=0x8003fed4
     474735.000 ns	     47472	80009ed8	123f2623	sw	x3,300(x30)	 x30:0x8003fed4  x3:0x00000001 PA:0xxxxxxxxx
     474755.000 ns	     47474	80009edc	ff9ff06f	jal	x0,80009ed8	
     474805.000 ns	     47479	80009ed4	00036f17	auipc	x30,0x36	 x30=0x8003fed4
     474815.000 ns	     47480	80009ed8	123f2623	sw	x3,300(x30)	 x30:0x8003fed4  x3:0x00000001 PA:0xxxxxxxxx
     474835.000 ns	     47482	80009edc	ff9ff06f	jal	x0,80009ed8	
     474885.000 ns	     47487	80009ed4	00036f17	auipc	x30,0x36	 x30=0x8003fed4
     474895.000 ns	     47488	80009ed8	123f2623	sw	x3,300(x30)	 x30:0x8003fed4  x3:0x00000001 PA:0xxxxxxxxx
     474915.000 ns	     47490	80009edc	ff9ff06f	jal	x0,80009ed8	
     474965.000 ns	     47495	80009ed4	00036f17	auipc	x30,0x36	 x30=0x8003fed4
     474975.000 ns	     47496	80009ed8	123f2623	sw	x3,300(x30)	 x30:0x8003fed4  x3:0x00000001 PA:0xxxxxxxxx
     474995.000 ns	     47498	80009edc	ff9ff06f	jal	x0,80009ed8	
     475045.000 ns	     47503	80009ed4	00036f17	auipc	x30,0x36	 x30=0x8003fed4
     475055.000 ns	     47504	80009ed8	123f2623	sw	x3,300(x30)	 x30:0x8003fed4  x3:0x00000001 PA:0xxxxxxxxx
     475075.000 ns	     47506	80009edc	ff9ff06f	jal	x0,80009ed8	
     475125.000 ns	     47511	80009ed4	00036f17	auipc	x30,0x36	 x30=0x8003fed4
     475135.000 ns	     47512	80009ed8	123f2623	sw	x3,300(x30)	 x30:0x8003fed4  x3:0x00000001 PA:0xxxxxxxxx
     475155.000 ns	     47514	80009edc	ff9ff06f	jal	x0,80009ed8	
     475205.000 ns	     47519	80009ed4	00036f17	auipc	x30,0x36	 x30=0x8003fed4
     475215.000 ns	     47520	80009ed8	123f2623	sw	x3,300(x30)	 x30:0x8003fed4  x3:0x00000001 PA:0xxxxxxxxx
     475235.000 ns	     47522	80009edc	ff9ff06f	jal	x0,80009ed8	
     475285.000 ns	     47527	80009ed4	00036f17	auipc	x30,0x36	 x30=0x8003fed4
     475295.000 ns	     47528	80009ed8	123f2623	sw	x3,300(x30)	 x30:0x8003fed4  x3:0x00000001 PA:0xxxxxxxxx
     475315.000 ns	     47530	80009edc	ff9ff06f	jal	x0,80009ed8	
     475365.000 ns	     47535	80009ed4	00036f17	auipc	x30,0x36	 x30=0x8003fed4
     475375.000 ns	     47536	80009ed8	123f2623	sw	x3,300(x30)	 x30:0x8003fed4  x3:0x00000001 PA:0xxxxxxxxx
     475395.000 ns	     47538	80009edc	ff9ff06f	jal	x0,80009ed8	
     475445.000 ns	     47543	80009ed4	00036f17	auipc	x30,0x36	 x30=0x8003fed4
     475455.000 ns	     47544	80009ed8	123f2623	sw	x3,300(x30)	 x30:0x8003fed4  x3:0x00000001 PA:0xxxxxxxxx
     475475.000 ns	     47546	80009edc	ff9ff06f	jal	x0,80009ed8	
     475525.000 ns	     47551	80009ed4	00036f17	auipc	x30,0x36	 x30=0x8003fed4
     475535.000 ns	     47552	80009ed8	123f2623	sw	x3,300(x30)	 x30:0x8003fed4  x3:0x00000001 PA:0xxxxxxxxx
     475555.000 ns	     47554	80009edc	ff9ff06f	jal	x0,80009ed8	
     475605.000 ns	     47559	80009ed4	00036f17	auipc	x30,0x36	 x30=0x8003fed4
     475615.000 ns	     47560	80009ed8	123f2623	sw	x3,300(x30)	 x30:0x8003fed4  x3:0x00000001 PA:0xxxxxxxxx
     475635.000 ns	     47562	80009edc	ff9ff06f	jal	x0,80009ed8	
     475685.000 ns	     47567	80009ed4	00036f17	auipc	x30,0x36	 x30=0x8003fed4
     475695.000 ns	     47568	80009ed8	123f2623	sw	x3,300(x30)	 x30:0x8003fed4  x3:0x00000001 PA:0xxxxxxxxx
     475715.000 ns	     47570	80009edc	ff9ff06f	jal	x0,80009ed8	
     475765.000 ns	     47575	80009ed4	00036f17	auipc	x30,0x36	 x30=0x8003fed4
     475775.000 ns	     47576	80009ed8	123f2623	sw	x3,300(x30)	 x30:0x8003fed4  x3:0x00000001 PA:0xxxxxxxxx
     475795.000 ns	     47578	80009edc	ff9ff06f	jal	x0,80009ed8	
     475845.000 ns	     47583	80009ed4	00036f17	auipc	x30,0x36	 x30=0x8003fed4
     475855.000 ns	     47584	80009ed8	123f2623	sw	x3,300(x30)	 x30:0x8003fed4  x3:0x00000001 PA:0xxxxxxxxx
     475875.000 ns	     47586	80009edc	ff9ff06f	jal	x0,80009ed8	
     475925.000 ns	     47591	80009ed4	00036f17	auipc	x30,0x36	 x30=0x8003fed4
     475935.000 ns	     47592	80009ed8	123f2623	sw	x3,300(x30)	 x30:0x8003fed4  x3:0x00000001 PA:0xxxxxxxxx
     475955.000 ns	     47594	80009edc	ff9ff06f	jal	x0,80009ed8	
     476005.000 ns	     47599	80009ed4	00036f17	auipc	x30,0x36	 x30=0x8003fed4
     476015.000 ns	     47600	80009ed8	123f2623	sw	x3,300(x30)	 x30:0x8003fed4  x3:0x00000001 PA:0xxxxxxxxx
     476035.000 ns	     47602	80009edc	ff9ff06f	jal	x0,80009ed8	
     476085.000 ns	     47607	80009ed4	00036f17	auipc	x30,0x36	 x30=0x8003fed4
     476095.000 ns	     47608	80009ed8	123f2623	sw	x3,300(x30)	 x30:0x8003fed4  x3:0x00000001 PA:0xxxxxxxxx
     476115.000 ns	     47610	80009edc	ff9ff06f	jal	x0,80009ed8	
     476165.000 ns	     47615	80009ed4	00036f17	auipc	x30,0x36	 x30=0x8003fed4
     476175.000 ns	     47616	80009ed8	123f2623	sw	x3,300(x30)	 x30:0x8003fed4  x3:0x00000001 PA:0xxxxxxxxx
     476195.000 ns	     47618	80009edc	ff9ff06f	jal	x0,80009ed8	
     476245.000 ns	     47623	80009ed4	00036f17	auipc	x30,0x36	 x30=0x8003fed4
     476255.000 ns	     47624	80009ed8	123f2623	sw	x3,300(x30)	 x30:0x8003fed4  x3:0x00000001 PA:0xxxxxxxxx
     476275.000 ns	     47626	80009edc	ff9ff06f	jal	x0,80009ed8	
     476325.000 ns	     47631	80009ed4	00036f17	auipc	x30,0x36	 x30=0x8003fed4
     476335.000 ns	     47632	80009ed8	123f2623	sw	x3,300(x30)	 x30:0x8003fed4  x3:0x00000001 PA:0xxxxxxxxx
     476355.000 ns	     47634	80009edc	ff9ff06f	jal	x0,80009ed8	
     476405.000 ns	     47639	80009ed4	00036f17	auipc	x30,0x36	 x30=0x8003fed4
     476415.000 ns	     47640	80009ed8	123f2623	sw	x3,300(x30)	 x30:0x8003fed4  x3:0x00000001 PA:0xxxxxxxxx
     476435.000 ns	     47642	80009edc	ff9ff06f	jal	x0,80009ed8	
     476485.000 ns	     47647	80009ed4	00036f17	auipc	x30,0x36	 x30=0x8003fed4
     476495.000 ns	     47648	80009ed8	123f2623	sw	x3,300(x30)	 x30:0x8003fed4  x3:0x00000001 PA:0xxxxxxxxx
     476515.000 ns	     47650	80009edc	ff9ff06f	jal	x0,80009ed8	
     476565.000 ns	     47655	80009ed4	00036f17	auipc	x30,0x36	 x30=0x8003fed4
     476575.000 ns	     47656	80009ed8	123f2623	sw	x3,300(x30)	 x30:0x8003fed4  x3:0x00000001 PA:0xxxxxxxxx
     476595.000 ns	     47658	80009edc	ff9ff06f	jal	x0,80009ed8	
     476645.000 ns	     47663	80009ed4	00036f17	auipc	x30,0x36	 x30=0x8003fed4
     476655.000 ns	     47664	80009ed8	123f2623	sw	x3,300(x30)	 x30:0x8003fed4  x3:0x00000001 PA:0xxxxxxxxx
     476675.000 ns	     47666	80009edc	ff9ff06f	jal	x0,80009ed8	
     476725.000 ns	     47671	80009ed4	00036f17	auipc	x30,0x36	 x30=0x8003fed4
     476735.000 ns	     47672	80009ed8	123f2623	sw	x3,300(x30)	 x30:0x8003fed4  x3:0x00000001 PA:0xxxxxxxxx
     476755.000 ns	     47674	80009edc	ff9ff06f	jal	x0,80009ed8	
     476805.000 ns	     47679	80009ed4	00036f17	auipc	x30,0x36	 x30=0x8003fed4
     476815.000 ns	     47680	80009ed8	123f2623	sw	x3,300(x30)	 x30:0x8003fed4  x3:0x00000001 PA:0xxxxxxxxx
     476835.000 ns	     47682	80009edc	ff9ff06f	jal	x0,80009ed8	
     476885.000 ns	     47687	80009ed4	00036f17	auipc	x30,0x36	 x30=0x8003fed4
     476895.000 ns	     47688	80009ed8	123f2623	sw	x3,300(x30)	 x30:0x8003fed4  x3:0x00000001 PA:0xxxxxxxxx
     476915.000 ns	     47690	80009edc	ff9ff06f	jal	x0,80009ed8	
     476965.000 ns	     47695	80009ed4	00036f17	auipc	x30,0x36	 x30=0x8003fed4
     476975.000 ns	     47696	80009ed8	123f2623	sw	x3,300(x30)	 x30:0x8003fed4  x3:0x00000001 PA:0xxxxxxxxx
     476995.000 ns	     47698	80009edc	ff9ff06f	jal	x0,80009ed8	
     477045.000 ns	     47703	80009ed4	00036f17	auipc	x30,0x36	 x30=0x8003fed4
     477055.000 ns	     47704	80009ed8	123f2623	sw	x3,300(x30)	 x30:0x8003fed4  x3:0x00000001 PA:0xxxxxxxxx
     477075.000 ns	     47706	80009edc	ff9ff06f	jal	x0,80009ed8	
     477125.000 ns	     47711	80009ed4	00036f17	auipc	x30,0x36	 x30=0x8003fed4
     477135.000 ns	     47712	80009ed8	123f2623	sw	x3,300(x30)	 x30:0x8003fed4  x3:0x00000001 PA:0xxxxxxxxx
     477155.000 ns	     47714	80009edc	ff9ff06f	jal	x0,80009ed8	
     477205.000 ns	     47719	80009ed4	00036f17	auipc	x30,0x36	 x30=0x8003fed4
     477215.000 ns	     47720	80009ed8	123f2623	sw	x3,300(x30)	 x30:0x8003fed4  x3:0x00000001 PA:0xxxxxxxxx
     477235.000 ns	     47722	80009edc	ff9ff06f	jal	x0,80009ed8	
     477285.000 ns	     47727	80009ed4	00036f17	auipc	x30,0x36	 x30=0x8003fed4
     477295.000 ns	     47728	80009ed8	123f2623	sw	x3,300(x30)	 x30:0x8003fed4  x3:0x00000001 PA:0xxxxxxxxx
     477315.000 ns	     47730	80009edc	ff9ff06f	jal	x0,80009ed8	
     477365.000 ns	     47735	80009ed4	00036f17	auipc	x30,0x36	 x30=0x8003fed4
     477375.000 ns	     47736	80009ed8	123f2623	sw	x3,300(x30)	 x30:0x8003fed4  x3:0x00000001 PA:0xxxxxxxxx
     477395.000 ns	     47738	80009edc	ff9ff06f	jal	x0,80009ed8	
     477445.000 ns	     47743	80009ed4	00036f17	auipc	x30,0x36	 x30=0x8003fed4
     477455.000 ns	     47744	80009ed8	123f2623	sw	x3,300(x30)	 x30:0x8003fed4  x3:0x00000001 PA:0xxxxxxxxx
     477475.000 ns	     47746	80009edc	ff9ff06f	jal	x0,80009ed8	
     477525.000 ns	     47751	80009ed4	00036f17	auipc	x30,0x36	 x30=0x8003fed4
     477535.000 ns	     47752	80009ed8	123f2623	sw	x3,300(x30)	 x30:0x8003fed4  x3:0x00000001 PA:0xxxxxxxxx
     477555.000 ns	     47754	80009edc	ff9ff06f	jal	x0,80009ed8	
     477605.000 ns	     47759	80009ed4	00036f17	auipc	x30,0x36	 x30=0x8003fed4
     477615.000 ns	     47760	80009ed8	123f2623	sw	x3,300(x30)	 x30:0x8003fed4  x3:0x00000001 PA:0xxxxxxxxx
     477635.000 ns	     47762	80009edc	ff9ff06f	jal	x0,80009ed8	
     477685.000 ns	     47767	80009ed4	00036f17	auipc	x30,0x36	 x30=0x8003fed4
     477695.000 ns	     47768	80009ed8	123f2623	sw	x3,300(x30)	 x30:0x8003fed4  x3:0x00000001 PA:0xxxxxxxxx
     477715.000 ns	     47770	80009edc	ff9ff06f	jal	x0,80009ed8	
     477765.000 ns	     47775	80009ed4	00036f17	auipc	x30,0x36	 x30=0x8003fed4
     477775.000 ns	     47776	80009ed8	123f2623	sw	x3,300(x30)	 x30:0x8003fed4  x3:0x00000001 PA:0xxxxxxxxx
     477795.000 ns	     47778	80009edc	ff9ff06f	jal	x0,80009ed8	
     477845.000 ns	     47783	80009ed4	00036f17	auipc	x30,0x36	 x30=0x8003fed4
     477855.000 ns	     47784	80009ed8	123f2623	sw	x3,300(x30)	 x30:0x8003fed4  x3:0x00000001 PA:0xxxxxxxxx
     477875.000 ns	     47786	80009edc	ff9ff06f	jal	x0,80009ed8	
     477925.000 ns	     47791	80009ed4	00036f17	auipc	x30,0x36	 x30=0x8003fed4
     477935.000 ns	     47792	80009ed8	123f2623	sw	x3,300(x30)	 x30:0x8003fed4  x3:0x00000001 PA:0xxxxxxxxx
     477955.000 ns	     47794	80009edc	ff9ff06f	jal	x0,80009ed8	
     478005.000 ns	     47799	80009ed4	00036f17	auipc	x30,0x36	 x30=0x8003fed4
     478015.000 ns	     47800	80009ed8	123f2623	sw	x3,300(x30)	 x30:0x8003fed4  x3:0x00000001 PA:0xxxxxxxxx
     478035.000 ns	     47802	80009edc	ff9ff06f	jal	x0,80009ed8	
     478085.000 ns	     47807	80009ed4	00036f17	auipc	x30,0x36	 x30=0x8003fed4
     478095.000 ns	     47808	80009ed8	123f2623	sw	x3,300(x30)	 x30:0x8003fed4  x3:0x00000001 PA:0xxxxxxxxx
     478115.000 ns	     47810	80009edc	ff9ff06f	jal	x0,80009ed8	
     478165.000 ns	     47815	80009ed4	00036f17	auipc	x30,0x36	 x30=0x8003fed4
     478175.000 ns	     47816	80009ed8	123f2623	sw	x3,300(x30)	 x30:0x8003fed4  x3:0x00000001 PA:0xxxxxxxxx
     478195.000 ns	     47818	80009edc	ff9ff06f	jal	x0,80009ed8	
     478245.000 ns	     47823	80009ed4	00036f17	auipc	x30,0x36	 x30=0x8003fed4
     478255.000 ns	     47824	80009ed8	123f2623	sw	x3,300(x30)	 x30:0x8003fed4  x3:0x00000001 PA:0xxxxxxxxx
     478275.000 ns	     47826	80009edc	ff9ff06f	jal	x0,80009ed8	
     478325.000 ns	     47831	80009ed4	00036f17	auipc	x30,0x36	 x30=0x8003fed4
     478335.000 ns	     47832	80009ed8	123f2623	sw	x3,300(x30)	 x30:0x8003fed4  x3:0x00000001 PA:0xxxxxxxxx
     478355.000 ns	     47834	80009edc	ff9ff06f	jal	x0,80009ed8	
     478405.000 ns	     47839	80009ed4	00036f17	auipc	x30,0x36	 x30=0x8003fed4
     478415.000 ns	     47840	80009ed8	123f2623	sw	x3,300(x30)	 x30:0x8003fed4  x3:0x00000001 PA:0xxxxxxxxx
     478435.000 ns	     47842	80009edc	ff9ff06f	jal	x0,80009ed8	
     478485.000 ns	     47847	80009ed4	00036f17	auipc	x30,0x36	 x30=0x8003fed4
     478495.000 ns	     47848	80009ed8	123f2623	sw	x3,300(x30)	 x30:0x8003fed4  x3:0x00000001 PA:0xxxxxxxxx
     478515.000 ns	     47850	80009edc	ff9ff06f	jal	x0,80009ed8	
     478565.000 ns	     47855	80009ed4	00036f17	auipc	x30,0x36	 x30=0x8003fed4
     478575.000 ns	     47856	80009ed8	123f2623	sw	x3,300(x30)	 x30:0x8003fed4  x3:0x00000001 PA:0xxxxxxxxx
     478595.000 ns	     47858	80009edc	ff9ff06f	jal	x0,80009ed8	
     478645.000 ns	     47863	80009ed4	00036f17	auipc	x30,0x36	 x30=0x8003fed4
     478655.000 ns	     47864	80009ed8	123f2623	sw	x3,300(x30)	 x30:0x8003fed4  x3:0x00000001 PA:0xxxxxxxxx
     478675.000 ns	     47866	80009edc	ff9ff06f	jal	x0,80009ed8	
     478725.000 ns	     47871	80009ed4	00036f17	auipc	x30,0x36	 x30=0x8003fed4
     478735.000 ns	     47872	80009ed8	123f2623	sw	x3,300(x30)	 x30:0x8003fed4  x3:0x00000001 PA:0xxxxxxxxx
     478755.000 ns	     47874	80009edc	ff9ff06f	jal	x0,80009ed8	
     478805.000 ns	     47879	80009ed4	00036f17	auipc	x30,0x36	 x30=0x8003fed4
     478815.000 ns	     47880	80009ed8	123f2623	sw	x3,300(x30)	 x30:0x8003fed4  x3:0x00000001 PA:0xxxxxxxxx
     478835.000 ns	     47882	80009edc	ff9ff06f	jal	x0,80009ed8	
     478885.000 ns	     47887	80009ed4	00036f17	auipc	x30,0x36	 x30=0x8003fed4
     478895.000 ns	     47888	80009ed8	123f2623	sw	x3,300(x30)	 x30:0x8003fed4  x3:0x00000001 PA:0xxxxxxxxx
     478915.000 ns	     47890	80009edc	ff9ff06f	jal	x0,80009ed8	
     478965.000 ns	     47895	80009ed4	00036f17	auipc	x30,0x36	 x30=0x8003fed4
     478975.000 ns	     47896	80009ed8	123f2623	sw	x3,300(x30)	 x30:0x8003fed4  x3:0x00000001 PA:0xxxxxxxxx
     478995.000 ns	     47898	80009edc	ff9ff06f	jal	x0,80009ed8	
     479045.000 ns	     47903	80009ed4	00036f17	auipc	x30,0x36	 x30=0x8003fed4
     479055.000 ns	     47904	80009ed8	123f2623	sw	x3,300(x30)	 x30:0x8003fed4  x3:0x00000001 PA:0xxxxxxxxx
     479075.000 ns	     47906	80009edc	ff9ff06f	jal	x0,80009ed8	
     479125.000 ns	     47911	80009ed4	00036f17	auipc	x30,0x36	 x30=0x8003fed4
     479135.000 ns	     47912	80009ed8	123f2623	sw	x3,300(x30)	 x30:0x8003fed4  x3:0x00000001 PA:0xxxxxxxxx
     479155.000 ns	     47914	80009edc	ff9ff06f	jal	x0,80009ed8	
     479205.000 ns	     47919	80009ed4	00036f17	auipc	x30,0x36	 x30=0x8003fed4
     479215.000 ns	     47920	80009ed8	123f2623	sw	x3,300(x30)	 x30:0x8003fed4  x3:0x00000001 PA:0xxxxxxxxx
     479235.000 ns	     47922	80009edc	ff9ff06f	jal	x0,80009ed8	
     479285.000 ns	     47927	80009ed4	00036f17	auipc	x30,0x36	 x30=0x8003fed4
     479295.000 ns	     47928	80009ed8	123f2623	sw	x3,300(x30)	 x30:0x8003fed4  x3:0x00000001 PA:0xxxxxxxxx
     479315.000 ns	     47930	80009edc	ff9ff06f	jal	x0,80009ed8	
     479365.000 ns	     47935	80009ed4	00036f17	auipc	x30,0x36	 x30=0x8003fed4
     479375.000 ns	     47936	80009ed8	123f2623	sw	x3,300(x30)	 x30:0x8003fed4  x3:0x00000001 PA:0xxxxxxxxx
     479395.000 ns	     47938	80009edc	ff9ff06f	jal	x0,80009ed8	
     479445.000 ns	     47943	80009ed4	00036f17	auipc	x30,0x36	 x30=0x8003fed4
     479455.000 ns	     47944	80009ed8	123f2623	sw	x3,300(x30)	 x30:0x8003fed4  x3:0x00000001 PA:0xxxxxxxxx
     479475.000 ns	     47946	80009edc	ff9ff06f	jal	x0,80009ed8	
     479525.000 ns	     47951	80009ed4	00036f17	auipc	x30,0x36	 x30=0x8003fed4
     479535.000 ns	     47952	80009ed8	123f2623	sw	x3,300(x30)	 x30:0x8003fed4  x3:0x00000001 PA:0xxxxxxxxx
     479555.000 ns	     47954	80009edc	ff9ff06f	jal	x0,80009ed8	
     479605.000 ns	     47959	80009ed4	00036f17	auipc	x30,0x36	 x30=0x8003fed4
     479615.000 ns	     47960	80009ed8	123f2623	sw	x3,300(x30)	 x30:0x8003fed4  x3:0x00000001 PA:0xxxxxxxxx
     479635.000 ns	     47962	80009edc	ff9ff06f	jal	x0,80009ed8	
     479685.000 ns	     47967	80009ed4	00036f17	auipc	x30,0x36	 x30=0x8003fed4
     479695.000 ns	     47968	80009ed8	123f2623	sw	x3,300(x30)	 x30:0x8003fed4  x3:0x00000001 PA:0xxxxxxxxx
     479715.000 ns	     47970	80009edc	ff9ff06f	jal	x0,80009ed8	
     479765.000 ns	     47975	80009ed4	00036f17	auipc	x30,0x36	 x30=0x8003fed4
     479775.000 ns	     47976	80009ed8	123f2623	sw	x3,300(x30)	 x30:0x8003fed4  x3:0x00000001 PA:0xxxxxxxxx
     479795.000 ns	     47978	80009edc	ff9ff06f	jal	x0,80009ed8	
     479845.000 ns	     47983	80009ed4	00036f17	auipc	x30,0x36	 x30=0x8003fed4
     479855.000 ns	     47984	80009ed8	123f2623	sw	x3,300(x30)	 x30:0x8003fed4  x3:0x00000001 PA:0xxxxxxxxx
     479875.000 ns	     47986	80009edc	ff9ff06f	jal	x0,80009ed8	
     479925.000 ns	     47991	80009ed4	00036f17	auipc	x30,0x36	 x30=0x8003fed4
     479935.000 ns	     47992	80009ed8	123f2623	sw	x3,300(x30)	 x30:0x8003fed4  x3:0x00000001 PA:0xxxxxxxxx
     479955.000 ns	     47994	80009edc	ff9ff06f	jal	x0,80009ed8	
     480005.000 ns	     47999	80009ed4	00036f17	auipc	x30,0x36	 x30=0x8003fed4
     480015.000 ns	     48000	80009ed8	123f2623	sw	x3,300(x30)	 x30:0x8003fed4  x3:0x00000001 PA:0xxxxxxxxx
     480035.000 ns	     48002	80009edc	ff9ff06f	jal	x0,80009ed8	
     480085.000 ns	     48007	80009ed4	00036f17	auipc	x30,0x36	 x30=0x8003fed4
     480095.000 ns	     48008	80009ed8	123f2623	sw	x3,300(x30)	 x30:0x8003fed4  x3:0x00000001 PA:0xxxxxxxxx
     480115.000 ns	     48010	80009edc	ff9ff06f	jal	x0,80009ed8	
     480165.000 ns	     48015	80009ed4	00036f17	auipc	x30,0x36	 x30=0x8003fed4
     480175.000 ns	     48016	80009ed8	123f2623	sw	x3,300(x30)	 x30:0x8003fed4  x3:0x00000001 PA:0xxxxxxxxx
     480195.000 ns	     48018	80009edc	ff9ff06f	jal	x0,80009ed8	
     480245.000 ns	     48023	80009ed4	00036f17	auipc	x30,0x36	 x30=0x8003fed4
     480255.000 ns	     48024	80009ed8	123f2623	sw	x3,300(x30)	 x30:0x8003fed4  x3:0x00000001 PA:0xxxxxxxxx
     480275.000 ns	     48026	80009edc	ff9ff06f	jal	x0,80009ed8	
     480325.000 ns	     48031	80009ed4	00036f17	auipc	x30,0x36	 x30=0x8003fed4
     480335.000 ns	     48032	80009ed8	123f2623	sw	x3,300(x30)	 x30:0x8003fed4  x3:0x00000001 PA:0xxxxxxxxx
     480355.000 ns	     48034	80009edc	ff9ff06f	jal	x0,80009ed8	
     480405.000 ns	     48039	80009ed4	00036f17	auipc	x30,0x36	 x30=0x8003fed4
     480415.000 ns	     48040	80009ed8	123f2623	sw	x3,300(x30)	 x30:0x8003fed4  x3:0x00000001 PA:0xxxxxxxxx
     480435.000 ns	     48042	80009edc	ff9ff06f	jal	x0,80009ed8	
     480485.000 ns	     48047	80009ed4	00036f17	auipc	x30,0x36	 x30=0x8003fed4
     480495.000 ns	     48048	80009ed8	123f2623	sw	x3,300(x30)	 x30:0x8003fed4  x3:0x00000001 PA:0xxxxxxxxx
     480515.000 ns	     48050	80009edc	ff9ff06f	jal	x0,80009ed8	
     480565.000 ns	     48055	80009ed4	00036f17	auipc	x30,0x36	 x30=0x8003fed4
     480575.000 ns	     48056	80009ed8	123f2623	sw	x3,300(x30)	 x30:0x8003fed4  x3:0x00000001 PA:0xxxxxxxxx
     480595.000 ns	     48058	80009edc	ff9ff06f	jal	x0,80009ed8	
     480645.000 ns	     48063	80009ed4	00036f17	auipc	x30,0x36	 x30=0x8003fed4
     480655.000 ns	     48064	80009ed8	123f2623	sw	x3,300(x30)	 x30:0x8003fed4  x3:0x00000001 PA:0xxxxxxxxx
     480675.000 ns	     48066	80009edc	ff9ff06f	jal	x0,80009ed8	
     480725.000 ns	     48071	80009ed4	00036f17	auipc	x30,0x36	 x30=0x8003fed4
     480735.000 ns	     48072	80009ed8	123f2623	sw	x3,300(x30)	 x30:0x8003fed4  x3:0x00000001 PA:0xxxxxxxxx
     480755.000 ns	     48074	80009edc	ff9ff06f	jal	x0,80009ed8	
     480805.000 ns	     48079	80009ed4	00036f17	auipc	x30,0x36	 x30=0x8003fed4
     480815.000 ns	     48080	80009ed8	123f2623	sw	x3,300(x30)	 x30:0x8003fed4  x3:0x00000001 PA:0xxxxxxxxx
     480835.000 ns	     48082	80009edc	ff9ff06f	jal	x0,80009ed8	
     480885.000 ns	     48087	80009ed4	00036f17	auipc	x30,0x36	 x30=0x8003fed4
     480895.000 ns	     48088	80009ed8	123f2623	sw	x3,300(x30)	 x30:0x8003fed4  x3:0x00000001 PA:0xxxxxxxxx
     480915.000 ns	     48090	80009edc	ff9ff06f	jal	x0,80009ed8	
     480965.000 ns	     48095	80009ed4	00036f17	auipc	x30,0x36	 x30=0x8003fed4
     480975.000 ns	     48096	80009ed8	123f2623	sw	x3,300(x30)	 x30:0x8003fed4  x3:0x00000001 PA:0xxxxxxxxx
     480995.000 ns	     48098	80009edc	ff9ff06f	jal	x0,80009ed8	
     481045.000 ns	     48103	80009ed4	00036f17	auipc	x30,0x36	 x30=0x8003fed4
     481055.000 ns	     48104	80009ed8	123f2623	sw	x3,300(x30)	 x30:0x8003fed4  x3:0x00000001 PA:0xxxxxxxxx
     481075.000 ns	     48106	80009edc	ff9ff06f	jal	x0,80009ed8	
     481125.000 ns	     48111	80009ed4	00036f17	auipc	x30,0x36	 x30=0x8003fed4
     481135.000 ns	     48112	80009ed8	123f2623	sw	x3,300(x30)	 x30:0x8003fed4  x3:0x00000001 PA:0xxxxxxxxx
     481155.000 ns	     48114	80009edc	ff9ff06f	jal	x0,80009ed8	
     481205.000 ns	     48119	80009ed4	00036f17	auipc	x30,0x36	 x30=0x8003fed4
     481215.000 ns	     48120	80009ed8	123f2623	sw	x3,300(x30)	 x30:0x8003fed4  x3:0x00000001 PA:0xxxxxxxxx
     481235.000 ns	     48122	80009edc	ff9ff06f	jal	x0,80009ed8	
     481285.000 ns	     48127	80009ed4	00036f17	auipc	x30,0x36	 x30=0x8003fed4
     481295.000 ns	     48128	80009ed8	123f2623	sw	x3,300(x30)	 x30:0x8003fed4  x3:0x00000001 PA:0xxxxxxxxx
     481315.000 ns	     48130	80009edc	ff9ff06f	jal	x0,80009ed8	
     481365.000 ns	     48135	80009ed4	00036f17	auipc	x30,0x36	 x30=0x8003fed4
     481375.000 ns	     48136	80009ed8	123f2623	sw	x3,300(x30)	 x30:0x8003fed4  x3:0x00000001 PA:0xxxxxxxxx
     481395.000 ns	     48138	80009edc	ff9ff06f	jal	x0,80009ed8	
     481445.000 ns	     48143	80009ed4	00036f17	auipc	x30,0x36	 x30=0x8003fed4
     481455.000 ns	     48144	80009ed8	123f2623	sw	x3,300(x30)	 x30:0x8003fed4  x3:0x00000001 PA:0xxxxxxxxx
     481475.000 ns	     48146	80009edc	ff9ff06f	jal	x0,80009ed8	
     481525.000 ns	     48151	80009ed4	00036f17	auipc	x30,0x36	 x30=0x8003fed4
     481535.000 ns	     48152	80009ed8	123f2623	sw	x3,300(x30)	 x30:0x8003fed4  x3:0x00000001 PA:0xxxxxxxxx
     481555.000 ns	     48154	80009edc	ff9ff06f	jal	x0,80009ed8	
     481605.000 ns	     48159	80009ed4	00036f17	auipc	x30,0x36	 x30=0x8003fed4
     481615.000 ns	     48160	80009ed8	123f2623	sw	x3,300(x30)	 x30:0x8003fed4  x3:0x00000001 PA:0xxxxxxxxx
     481635.000 ns	     48162	80009edc	ff9ff06f	jal	x0,80009ed8	
     481685.000 ns	     48167	80009ed4	00036f17	auipc	x30,0x36	 x30=0x8003fed4
     481695.000 ns	     48168	80009ed8	123f2623	sw	x3,300(x30)	 x30:0x8003fed4  x3:0x00000001 PA:0xxxxxxxxx
     481715.000 ns	     48170	80009edc	ff9ff06f	jal	x0,80009ed8	
     481765.000 ns	     48175	80009ed4	00036f17	auipc	x30,0x36	 x30=0x8003fed4
     481775.000 ns	     48176	80009ed8	123f2623	sw	x3,300(x30)	 x30:0x8003fed4  x3:0x00000001 PA:0xxxxxxxxx
     481795.000 ns	     48178	80009edc	ff9ff06f	jal	x0,80009ed8	
     481845.000 ns	     48183	80009ed4	00036f17	auipc	x30,0x36	 x30=0x8003fed4
     481855.000 ns	     48184	80009ed8	123f2623	sw	x3,300(x30)	 x30:0x8003fed4  x3:0x00000001 PA:0xxxxxxxxx
     481875.000 ns	     48186	80009edc	ff9ff06f	jal	x0,80009ed8	
     481925.000 ns	     48191	80009ed4	00036f17	auipc	x30,0x36	 x30=0x8003fed4
     481935.000 ns	     48192	80009ed8	123f2623	sw	x3,300(x30)	 x30:0x8003fed4  x3:0x00000001 PA:0xxxxxxxxx
     481955.000 ns	     48194	80009edc	ff9ff06f	jal	x0,80009ed8	
     482005.000 ns	     48199	80009ed4	00036f17	auipc	x30,0x36	 x30=0x8003fed4
     482015.000 ns	     48200	80009ed8	123f2623	sw	x3,300(x30)	 x30:0x8003fed4  x3:0x00000001 PA:0xxxxxxxxx
     482035.000 ns	     48202	80009edc	ff9ff06f	jal	x0,80009ed8	
     482085.000 ns	     48207	80009ed4	00036f17	auipc	x30,0x36	 x30=0x8003fed4
     482095.000 ns	     48208	80009ed8	123f2623	sw	x3,300(x30)	 x30:0x8003fed4  x3:0x00000001 PA:0xxxxxxxxx
     482115.000 ns	     48210	80009edc	ff9ff06f	jal	x0,80009ed8	
     482165.000 ns	     48215	80009ed4	00036f17	auipc	x30,0x36	 x30=0x8003fed4
     482175.000 ns	     48216	80009ed8	123f2623	sw	x3,300(x30)	 x30:0x8003fed4  x3:0x00000001 PA:0xxxxxxxxx
     482195.000 ns	     48218	80009edc	ff9ff06f	jal	x0,80009ed8	
     482245.000 ns	     48223	80009ed4	00036f17	auipc	x30,0x36	 x30=0x8003fed4
     482255.000 ns	     48224	80009ed8	123f2623	sw	x3,300(x30)	 x30:0x8003fed4  x3:0x00000001 PA:0xxxxxxxxx
     482275.000 ns	     48226	80009edc	ff9ff06f	jal	x0,80009ed8	
     482325.000 ns	     48231	80009ed4	00036f17	auipc	x30,0x36	 x30=0x8003fed4
     482335.000 ns	     48232	80009ed8	123f2623	sw	x3,300(x30)	 x30:0x8003fed4  x3:0x00000001 PA:0xxxxxxxxx
     482355.000 ns	     48234	80009edc	ff9ff06f	jal	x0,80009ed8	
     482405.000 ns	     48239	80009ed4	00036f17	auipc	x30,0x36	 x30=0x8003fed4
     482415.000 ns	     48240	80009ed8	123f2623	sw	x3,300(x30)	 x30:0x8003fed4  x3:0x00000001 PA:0xxxxxxxxx
     482435.000 ns	     48242	80009edc	ff9ff06f	jal	x0,80009ed8	
     482485.000 ns	     48247	80009ed4	00036f17	auipc	x30,0x36	 x30=0x8003fed4
     482495.000 ns	     48248	80009ed8	123f2623	sw	x3,300(x30)	 x30:0x8003fed4  x3:0x00000001 PA:0xxxxxxxxx
     482515.000 ns	     48250	80009edc	ff9ff06f	jal	x0,80009ed8	
     482565.000 ns	     48255	80009ed4	00036f17	auipc	x30,0x36	 x30=0x8003fed4
     482575.000 ns	     48256	80009ed8	123f2623	sw	x3,300(x30)	 x30:0x8003fed4  x3:0x00000001 PA:0xxxxxxxxx
     482595.000 ns	     48258	80009edc	ff9ff06f	jal	x0,80009ed8	
     482645.000 ns	     48263	80009ed4	00036f17	auipc	x30,0x36	 x30=0x8003fed4
     482655.000 ns	     48264	80009ed8	123f2623	sw	x3,300(x30)	 x30:0x8003fed4  x3:0x00000001 PA:0xxxxxxxxx
     482675.000 ns	     48266	80009edc	ff9ff06f	jal	x0,80009ed8	
     482725.000 ns	     48271	80009ed4	00036f17	auipc	x30,0x36	 x30=0x8003fed4
     482735.000 ns	     48272	80009ed8	123f2623	sw	x3,300(x30)	 x30:0x8003fed4  x3:0x00000001 PA:0xxxxxxxxx
     482755.000 ns	     48274	80009edc	ff9ff06f	jal	x0,80009ed8	
     482805.000 ns	     48279	80009ed4	00036f17	auipc	x30,0x36	 x30=0x8003fed4
     482815.000 ns	     48280	80009ed8	123f2623	sw	x3,300(x30)	 x30:0x8003fed4  x3:0x00000001 PA:0xxxxxxxxx
     482835.000 ns	     48282	80009edc	ff9ff06f	jal	x0,80009ed8	
     482885.000 ns	     48287	80009ed4	00036f17	auipc	x30,0x36	 x30=0x8003fed4
     482895.000 ns	     48288	80009ed8	123f2623	sw	x3,300(x30)	 x30:0x8003fed4  x3:0x00000001 PA:0xxxxxxxxx
     482915.000 ns	     48290	80009edc	ff9ff06f	jal	x0,80009ed8	
     482965.000 ns	     48295	80009ed4	00036f17	auipc	x30,0x36	 x30=0x8003fed4
     482975.000 ns	     48296	80009ed8	123f2623	sw	x3,300(x30)	 x30:0x8003fed4  x3:0x00000001 PA:0xxxxxxxxx
     482995.000 ns	     48298	80009edc	ff9ff06f	jal	x0,80009ed8	
     483045.000 ns	     48303	80009ed4	00036f17	auipc	x30,0x36	 x30=0x8003fed4
     483055.000 ns	     48304	80009ed8	123f2623	sw	x3,300(x30)	 x30:0x8003fed4  x3:0x00000001 PA:0xxxxxxxxx
     483075.000 ns	     48306	80009edc	ff9ff06f	jal	x0,80009ed8	
     483125.000 ns	     48311	80009ed4	00036f17	auipc	x30,0x36	 x30=0x8003fed4
     483135.000 ns	     48312	80009ed8	123f2623	sw	x3,300(x30)	 x30:0x8003fed4  x3:0x00000001 PA:0xxxxxxxxx
     483155.000 ns	     48314	80009edc	ff9ff06f	jal	x0,80009ed8	
     483205.000 ns	     48319	80009ed4	00036f17	auipc	x30,0x36	 x30=0x8003fed4
     483215.000 ns	     48320	80009ed8	123f2623	sw	x3,300(x30)	 x30:0x8003fed4  x3:0x00000001 PA:0xxxxxxxxx
     483235.000 ns	     48322	80009edc	ff9ff06f	jal	x0,80009ed8	
     483285.000 ns	     48327	80009ed4	00036f17	auipc	x30,0x36	 x30=0x8003fed4
     483295.000 ns	     48328	80009ed8	123f2623	sw	x3,300(x30)	 x30:0x8003fed4  x3:0x00000001 PA:0xxxxxxxxx
     483315.000 ns	     48330	80009edc	ff9ff06f	jal	x0,80009ed8	
     483365.000 ns	     48335	80009ed4	00036f17	auipc	x30,0x36	 x30=0x8003fed4
     483375.000 ns	     48336	80009ed8	123f2623	sw	x3,300(x30)	 x30:0x8003fed4  x3:0x00000001 PA:0xxxxxxxxx
     483395.000 ns	     48338	80009edc	ff9ff06f	jal	x0,80009ed8	
     483445.000 ns	     48343	80009ed4	00036f17	auipc	x30,0x36	 x30=0x8003fed4
     483455.000 ns	     48344	80009ed8	123f2623	sw	x3,300(x30)	 x30:0x8003fed4  x3:0x00000001 PA:0xxxxxxxxx
     483475.000 ns	     48346	80009edc	ff9ff06f	jal	x0,80009ed8	
     483525.000 ns	     48351	80009ed4	00036f17	auipc	x30,0x36	 x30=0x8003fed4
     483535.000 ns	     48352	80009ed8	123f2623	sw	x3,300(x30)	 x30:0x8003fed4  x3:0x00000001 PA:0xxxxxxxxx
     483555.000 ns	     48354	80009edc	ff9ff06f	jal	x0,80009ed8	
     483605.000 ns	     48359	80009ed4	00036f17	auipc	x30,0x36	 x30=0x8003fed4
     483615.000 ns	     48360	80009ed8	123f2623	sw	x3,300(x30)	 x30:0x8003fed4  x3:0x00000001 PA:0xxxxxxxxx
     483635.000 ns	     48362	80009edc	ff9ff06f	jal	x0,80009ed8	
     483685.000 ns	     48367	80009ed4	00036f17	auipc	x30,0x36	 x30=0x8003fed4
     483695.000 ns	     48368	80009ed8	123f2623	sw	x3,300(x30)	 x30:0x8003fed4  x3:0x00000001 PA:0xxxxxxxxx
     483715.000 ns	     48370	80009edc	ff9ff06f	jal	x0,80009ed8	
     483765.000 ns	     48375	80009ed4	00036f17	auipc	x30,0x36	 x30=0x8003fed4
     483775.000 ns	     48376	80009ed8	123f2623	sw	x3,300(x30)	 x30:0x8003fed4  x3:0x00000001 PA:0xxxxxxxxx
     483795.000 ns	     48378	80009edc	ff9ff06f	jal	x0,80009ed8	
     483845.000 ns	     48383	80009ed4	00036f17	auipc	x30,0x36	 x30=0x8003fed4
     483855.000 ns	     48384	80009ed8	123f2623	sw	x3,300(x30)	 x30:0x8003fed4  x3:0x00000001 PA:0xxxxxxxxx
     483875.000 ns	     48386	80009edc	ff9ff06f	jal	x0,80009ed8	
     483925.000 ns	     48391	80009ed4	00036f17	auipc	x30,0x36	 x30=0x8003fed4
     483935.000 ns	     48392	80009ed8	123f2623	sw	x3,300(x30)	 x30:0x8003fed4  x3:0x00000001 PA:0xxxxxxxxx
     483955.000 ns	     48394	80009edc	ff9ff06f	jal	x0,80009ed8	
     484005.000 ns	     48399	80009ed4	00036f17	auipc	x30,0x36	 x30=0x8003fed4
     484015.000 ns	     48400	80009ed8	123f2623	sw	x3,300(x30)	 x30:0x8003fed4  x3:0x00000001 PA:0xxxxxxxxx
     484035.000 ns	     48402	80009edc	ff9ff06f	jal	x0,80009ed8	
     484085.000 ns	     48407	80009ed4	00036f17	auipc	x30,0x36	 x30=0x8003fed4
     484095.000 ns	     48408	80009ed8	123f2623	sw	x3,300(x30)	 x30:0x8003fed4  x3:0x00000001 PA:0xxxxxxxxx
     484115.000 ns	     48410	80009edc	ff9ff06f	jal	x0,80009ed8	
     484165.000 ns	     48415	80009ed4	00036f17	auipc	x30,0x36	 x30=0x8003fed4
     484175.000 ns	     48416	80009ed8	123f2623	sw	x3,300(x30)	 x30:0x8003fed4  x3:0x00000001 PA:0xxxxxxxxx
     484195.000 ns	     48418	80009edc	ff9ff06f	jal	x0,80009ed8	
     484245.000 ns	     48423	80009ed4	00036f17	auipc	x30,0x36	 x30=0x8003fed4
     484255.000 ns	     48424	80009ed8	123f2623	sw	x3,300(x30)	 x30:0x8003fed4  x3:0x00000001 PA:0xxxxxxxxx
     484275.000 ns	     48426	80009edc	ff9ff06f	jal	x0,80009ed8	
     484325.000 ns	     48431	80009ed4	00036f17	auipc	x30,0x36	 x30=0x8003fed4
     484335.000 ns	     48432	80009ed8	123f2623	sw	x3,300(x30)	 x30:0x8003fed4  x3:0x00000001 PA:0xxxxxxxxx
     484355.000 ns	     48434	80009edc	ff9ff06f	jal	x0,80009ed8	
     484405.000 ns	     48439	80009ed4	00036f17	auipc	x30,0x36	 x30=0x8003fed4
     484415.000 ns	     48440	80009ed8	123f2623	sw	x3,300(x30)	 x30:0x8003fed4  x3:0x00000001 PA:0xxxxxxxxx
     484435.000 ns	     48442	80009edc	ff9ff06f	jal	x0,80009ed8	
     484485.000 ns	     48447	80009ed4	00036f17	auipc	x30,0x36	 x30=0x8003fed4
     484495.000 ns	     48448	80009ed8	123f2623	sw	x3,300(x30)	 x30:0x8003fed4  x3:0x00000001 PA:0xxxxxxxxx
     484515.000 ns	     48450	80009edc	ff9ff06f	jal	x0,80009ed8	
     484565.000 ns	     48455	80009ed4	00036f17	auipc	x30,0x36	 x30=0x8003fed4
     484575.000 ns	     48456	80009ed8	123f2623	sw	x3,300(x30)	 x30:0x8003fed4  x3:0x00000001 PA:0xxxxxxxxx
     484595.000 ns	     48458	80009edc	ff9ff06f	jal	x0,80009ed8	
     484645.000 ns	     48463	80009ed4	00036f17	auipc	x30,0x36	 x30=0x8003fed4
     484655.000 ns	     48464	80009ed8	123f2623	sw	x3,300(x30)	 x30:0x8003fed4  x3:0x00000001 PA:0xxxxxxxxx
     484675.000 ns	     48466	80009edc	ff9ff06f	jal	x0,80009ed8	
     484725.000 ns	     48471	80009ed4	00036f17	auipc	x30,0x36	 x30=0x8003fed4
     484735.000 ns	     48472	80009ed8	123f2623	sw	x3,300(x30)	 x30:0x8003fed4  x3:0x00000001 PA:0xxxxxxxxx
     484755.000 ns	     48474	80009edc	ff9ff06f	jal	x0,80009ed8	
     484805.000 ns	     48479	80009ed4	00036f17	auipc	x30,0x36	 x30=0x8003fed4
     484815.000 ns	     48480	80009ed8	123f2623	sw	x3,300(x30)	 x30:0x8003fed4  x3:0x00000001 PA:0xxxxxxxxx
     484835.000 ns	     48482	80009edc	ff9ff06f	jal	x0,80009ed8	
     484885.000 ns	     48487	80009ed4	00036f17	auipc	x30,0x36	 x30=0x8003fed4
     484895.000 ns	     48488	80009ed8	123f2623	sw	x3,300(x30)	 x30:0x8003fed4  x3:0x00000001 PA:0xxxxxxxxx
     484915.000 ns	     48490	80009edc	ff9ff06f	jal	x0,80009ed8	
     484965.000 ns	     48495	80009ed4	00036f17	auipc	x30,0x36	 x30=0x8003fed4
     484975.000 ns	     48496	80009ed8	123f2623	sw	x3,300(x30)	 x30:0x8003fed4  x3:0x00000001 PA:0xxxxxxxxx
     484995.000 ns	     48498	80009edc	ff9ff06f	jal	x0,80009ed8	
     485045.000 ns	     48503	80009ed4	00036f17	auipc	x30,0x36	 x30=0x8003fed4
     485055.000 ns	     48504	80009ed8	123f2623	sw	x3,300(x30)	 x30:0x8003fed4  x3:0x00000001 PA:0xxxxxxxxx
     485075.000 ns	     48506	80009edc	ff9ff06f	jal	x0,80009ed8	
     485125.000 ns	     48511	80009ed4	00036f17	auipc	x30,0x36	 x30=0x8003fed4
     485135.000 ns	     48512	80009ed8	123f2623	sw	x3,300(x30)	 x30:0x8003fed4  x3:0x00000001 PA:0xxxxxxxxx
     485155.000 ns	     48514	80009edc	ff9ff06f	jal	x0,80009ed8	
     485205.000 ns	     48519	80009ed4	00036f17	auipc	x30,0x36	 x30=0x8003fed4
     485215.000 ns	     48520	80009ed8	123f2623	sw	x3,300(x30)	 x30:0x8003fed4  x3:0x00000001 PA:0xxxxxxxxx
     485235.000 ns	     48522	80009edc	ff9ff06f	jal	x0,80009ed8	
     485285.000 ns	     48527	80009ed4	00036f17	auipc	x30,0x36	 x30=0x8003fed4
     485295.000 ns	     48528	80009ed8	123f2623	sw	x3,300(x30)	 x30:0x8003fed4  x3:0x00000001 PA:0xxxxxxxxx
     485315.000 ns	     48530	80009edc	ff9ff06f	jal	x0,80009ed8	
     485365.000 ns	     48535	80009ed4	00036f17	auipc	x30,0x36	 x30=0x8003fed4
     485375.000 ns	     48536	80009ed8	123f2623	sw	x3,300(x30)	 x30:0x8003fed4  x3:0x00000001 PA:0xxxxxxxxx
     485395.000 ns	     48538	80009edc	ff9ff06f	jal	x0,80009ed8	
     485445.000 ns	     48543	80009ed4	00036f17	auipc	x30,0x36	 x30=0x8003fed4
     485455.000 ns	     48544	80009ed8	123f2623	sw	x3,300(x30)	 x30:0x8003fed4  x3:0x00000001 PA:0xxxxxxxxx
     485475.000 ns	     48546	80009edc	ff9ff06f	jal	x0,80009ed8	
     485525.000 ns	     48551	80009ed4	00036f17	auipc	x30,0x36	 x30=0x8003fed4
     485535.000 ns	     48552	80009ed8	123f2623	sw	x3,300(x30)	 x30:0x8003fed4  x3:0x00000001 PA:0xxxxxxxxx
     485555.000 ns	     48554	80009edc	ff9ff06f	jal	x0,80009ed8	
     485605.000 ns	     48559	80009ed4	00036f17	auipc	x30,0x36	 x30=0x8003fed4
     485615.000 ns	     48560	80009ed8	123f2623	sw	x3,300(x30)	 x30:0x8003fed4  x3:0x00000001 PA:0xxxxxxxxx
     485635.000 ns	     48562	80009edc	ff9ff06f	jal	x0,80009ed8	
     485685.000 ns	     48567	80009ed4	00036f17	auipc	x30,0x36	 x30=0x8003fed4
     485695.000 ns	     48568	80009ed8	123f2623	sw	x3,300(x30)	 x30:0x8003fed4  x3:0x00000001 PA:0xxxxxxxxx
     485715.000 ns	     48570	80009edc	ff9ff06f	jal	x0,80009ed8	
     485765.000 ns	     48575	80009ed4	00036f17	auipc	x30,0x36	 x30=0x8003fed4
     485775.000 ns	     48576	80009ed8	123f2623	sw	x3,300(x30)	 x30:0x8003fed4  x3:0x00000001 PA:0xxxxxxxxx
     485795.000 ns	     48578	80009edc	ff9ff06f	jal	x0,80009ed8	
     485845.000 ns	     48583	80009ed4	00036f17	auipc	x30,0x36	 x30=0x8003fed4
     485855.000 ns	     48584	80009ed8	123f2623	sw	x3,300(x30)	 x30:0x8003fed4  x3:0x00000001 PA:0xxxxxxxxx
     485875.000 ns	     48586	80009edc	ff9ff06f	jal	x0,80009ed8	
     485925.000 ns	     48591	80009ed4	00036f17	auipc	x30,0x36	 x30=0x8003fed4
     485935.000 ns	     48592	80009ed8	123f2623	sw	x3,300(x30)	 x30:0x8003fed4  x3:0x00000001 PA:0xxxxxxxxx
     485955.000 ns	     48594	80009edc	ff9ff06f	jal	x0,80009ed8	
     486005.000 ns	     48599	80009ed4	00036f17	auipc	x30,0x36	 x30=0x8003fed4
     486015.000 ns	     48600	80009ed8	123f2623	sw	x3,300(x30)	 x30:0x8003fed4  x3:0x00000001 PA:0xxxxxxxxx
     486035.000 ns	     48602	80009edc	ff9ff06f	jal	x0,80009ed8	
     486085.000 ns	     48607	80009ed4	00036f17	auipc	x30,0x36	 x30=0x8003fed4
     486095.000 ns	     48608	80009ed8	123f2623	sw	x3,300(x30)	 x30:0x8003fed4  x3:0x00000001 PA:0xxxxxxxxx
     486115.000 ns	     48610	80009edc	ff9ff06f	jal	x0,80009ed8	
     486165.000 ns	     48615	80009ed4	00036f17	auipc	x30,0x36	 x30=0x8003fed4
     486175.000 ns	     48616	80009ed8	123f2623	sw	x3,300(x30)	 x30:0x8003fed4  x3:0x00000001 PA:0xxxxxxxxx
     486195.000 ns	     48618	80009edc	ff9ff06f	jal	x0,80009ed8	
     486245.000 ns	     48623	80009ed4	00036f17	auipc	x30,0x36	 x30=0x8003fed4
     486255.000 ns	     48624	80009ed8	123f2623	sw	x3,300(x30)	 x30:0x8003fed4  x3:0x00000001 PA:0xxxxxxxxx
     486275.000 ns	     48626	80009edc	ff9ff06f	jal	x0,80009ed8	
     486325.000 ns	     48631	80009ed4	00036f17	auipc	x30,0x36	 x30=0x8003fed4
     486335.000 ns	     48632	80009ed8	123f2623	sw	x3,300(x30)	 x30:0x8003fed4  x3:0x00000001 PA:0xxxxxxxxx
     486355.000 ns	     48634	80009edc	ff9ff06f	jal	x0,80009ed8	
     486405.000 ns	     48639	80009ed4	00036f17	auipc	x30,0x36	 x30=0x8003fed4
     486415.000 ns	     48640	80009ed8	123f2623	sw	x3,300(x30)	 x30:0x8003fed4  x3:0x00000001 PA:0xxxxxxxxx
     486435.000 ns	     48642	80009edc	ff9ff06f	jal	x0,80009ed8	
     486485.000 ns	     48647	80009ed4	00036f17	auipc	x30,0x36	 x30=0x8003fed4
     486495.000 ns	     48648	80009ed8	123f2623	sw	x3,300(x30)	 x30:0x8003fed4  x3:0x00000001 PA:0xxxxxxxxx
     486515.000 ns	     48650	80009edc	ff9ff06f	jal	x0,80009ed8	
     486565.000 ns	     48655	80009ed4	00036f17	auipc	x30,0x36	 x30=0x8003fed4
     486575.000 ns	     48656	80009ed8	123f2623	sw	x3,300(x30)	 x30:0x8003fed4  x3:0x00000001 PA:0xxxxxxxxx
     486595.000 ns	     48658	80009edc	ff9ff06f	jal	x0,80009ed8	
     486645.000 ns	     48663	80009ed4	00036f17	auipc	x30,0x36	 x30=0x8003fed4
     486655.000 ns	     48664	80009ed8	123f2623	sw	x3,300(x30)	 x30:0x8003fed4  x3:0x00000001 PA:0xxxxxxxxx
     486675.000 ns	     48666	80009edc	ff9ff06f	jal	x0,80009ed8	
     486725.000 ns	     48671	80009ed4	00036f17	auipc	x30,0x36	 x30=0x8003fed4
     486735.000 ns	     48672	80009ed8	123f2623	sw	x3,300(x30)	 x30:0x8003fed4  x3:0x00000001 PA:0xxxxxxxxx
     486755.000 ns	     48674	80009edc	ff9ff06f	jal	x0,80009ed8	
     486805.000 ns	     48679	80009ed4	00036f17	auipc	x30,0x36	 x30=0x8003fed4
     486815.000 ns	     48680	80009ed8	123f2623	sw	x3,300(x30)	 x30:0x8003fed4  x3:0x00000001 PA:0xxxxxxxxx
     486835.000 ns	     48682	80009edc	ff9ff06f	jal	x0,80009ed8	
     486885.000 ns	     48687	80009ed4	00036f17	auipc	x30,0x36	 x30=0x8003fed4
     486895.000 ns	     48688	80009ed8	123f2623	sw	x3,300(x30)	 x30:0x8003fed4  x3:0x00000001 PA:0xxxxxxxxx
     486915.000 ns	     48690	80009edc	ff9ff06f	jal	x0,80009ed8	
     486965.000 ns	     48695	80009ed4	00036f17	auipc	x30,0x36	 x30=0x8003fed4
     486975.000 ns	     48696	80009ed8	123f2623	sw	x3,300(x30)	 x30:0x8003fed4  x3:0x00000001 PA:0xxxxxxxxx
     486995.000 ns	     48698	80009edc	ff9ff06f	jal	x0,80009ed8	
     487045.000 ns	     48703	80009ed4	00036f17	auipc	x30,0x36	 x30=0x8003fed4
     487055.000 ns	     48704	80009ed8	123f2623	sw	x3,300(x30)	 x30:0x8003fed4  x3:0x00000001 PA:0xxxxxxxxx
     487075.000 ns	     48706	80009edc	ff9ff06f	jal	x0,80009ed8	
     487125.000 ns	     48711	80009ed4	00036f17	auipc	x30,0x36	 x30=0x8003fed4
     487135.000 ns	     48712	80009ed8	123f2623	sw	x3,300(x30)	 x30:0x8003fed4  x3:0x00000001 PA:0xxxxxxxxx
     487155.000 ns	     48714	80009edc	ff9ff06f	jal	x0,80009ed8	
     487205.000 ns	     48719	80009ed4	00036f17	auipc	x30,0x36	 x30=0x8003fed4
     487215.000 ns	     48720	80009ed8	123f2623	sw	x3,300(x30)	 x30:0x8003fed4  x3:0x00000001 PA:0xxxxxxxxx
     487235.000 ns	     48722	80009edc	ff9ff06f	jal	x0,80009ed8	
     487285.000 ns	     48727	80009ed4	00036f17	auipc	x30,0x36	 x30=0x8003fed4
     487295.000 ns	     48728	80009ed8	123f2623	sw	x3,300(x30)	 x30:0x8003fed4  x3:0x00000001 PA:0xxxxxxxxx
     487315.000 ns	     48730	80009edc	ff9ff06f	jal	x0,80009ed8	
     487365.000 ns	     48735	80009ed4	00036f17	auipc	x30,0x36	 x30=0x8003fed4
     487375.000 ns	     48736	80009ed8	123f2623	sw	x3,300(x30)	 x30:0x8003fed4  x3:0x00000001 PA:0xxxxxxxxx
     487395.000 ns	     48738	80009edc	ff9ff06f	jal	x0,80009ed8	
     487445.000 ns	     48743	80009ed4	00036f17	auipc	x30,0x36	 x30=0x8003fed4
     487455.000 ns	     48744	80009ed8	123f2623	sw	x3,300(x30)	 x30:0x8003fed4  x3:0x00000001 PA:0xxxxxxxxx
     487475.000 ns	     48746	80009edc	ff9ff06f	jal	x0,80009ed8	
     487525.000 ns	     48751	80009ed4	00036f17	auipc	x30,0x36	 x30=0x8003fed4
     487535.000 ns	     48752	80009ed8	123f2623	sw	x3,300(x30)	 x30:0x8003fed4  x3:0x00000001 PA:0xxxxxxxxx
     487555.000 ns	     48754	80009edc	ff9ff06f	jal	x0,80009ed8	
     487605.000 ns	     48759	80009ed4	00036f17	auipc	x30,0x36	 x30=0x8003fed4
     487615.000 ns	     48760	80009ed8	123f2623	sw	x3,300(x30)	 x30:0x8003fed4  x3:0x00000001 PA:0xxxxxxxxx
     487635.000 ns	     48762	80009edc	ff9ff06f	jal	x0,80009ed8	
     487685.000 ns	     48767	80009ed4	00036f17	auipc	x30,0x36	 x30=0x8003fed4
     487695.000 ns	     48768	80009ed8	123f2623	sw	x3,300(x30)	 x30:0x8003fed4  x3:0x00000001 PA:0xxxxxxxxx
     487715.000 ns	     48770	80009edc	ff9ff06f	jal	x0,80009ed8	
     487765.000 ns	     48775	80009ed4	00036f17	auipc	x30,0x36	 x30=0x8003fed4
     487775.000 ns	     48776	80009ed8	123f2623	sw	x3,300(x30)	 x30:0x8003fed4  x3:0x00000001 PA:0xxxxxxxxx
     487795.000 ns	     48778	80009edc	ff9ff06f	jal	x0,80009ed8	
     487845.000 ns	     48783	80009ed4	00036f17	auipc	x30,0x36	 x30=0x8003fed4
     487855.000 ns	     48784	80009ed8	123f2623	sw	x3,300(x30)	 x30:0x8003fed4  x3:0x00000001 PA:0xxxxxxxxx
     487875.000 ns	     48786	80009edc	ff9ff06f	jal	x0,80009ed8	
     487925.000 ns	     48791	80009ed4	00036f17	auipc	x30,0x36	 x30=0x8003fed4
     487935.000 ns	     48792	80009ed8	123f2623	sw	x3,300(x30)	 x30:0x8003fed4  x3:0x00000001 PA:0xxxxxxxxx
     487955.000 ns	     48794	80009edc	ff9ff06f	jal	x0,80009ed8	
     488005.000 ns	     48799	80009ed4	00036f17	auipc	x30,0x36	 x30=0x8003fed4
     488015.000 ns	     48800	80009ed8	123f2623	sw	x3,300(x30)	 x30:0x8003fed4  x3:0x00000001 PA:0xxxxxxxxx
     488035.000 ns	     48802	80009edc	ff9ff06f	jal	x0,80009ed8	
     488085.000 ns	     48807	80009ed4	00036f17	auipc	x30,0x36	 x30=0x8003fed4
     488095.000 ns	     48808	80009ed8	123f2623	sw	x3,300(x30)	 x30:0x8003fed4  x3:0x00000001 PA:0xxxxxxxxx
     488115.000 ns	     48810	80009edc	ff9ff06f	jal	x0,80009ed8	
     488165.000 ns	     48815	80009ed4	00036f17	auipc	x30,0x36	 x30=0x8003fed4
     488175.000 ns	     48816	80009ed8	123f2623	sw	x3,300(x30)	 x30:0x8003fed4  x3:0x00000001 PA:0xxxxxxxxx
     488195.000 ns	     48818	80009edc	ff9ff06f	jal	x0,80009ed8	
     488245.000 ns	     48823	80009ed4	00036f17	auipc	x30,0x36	 x30=0x8003fed4
     488255.000 ns	     48824	80009ed8	123f2623	sw	x3,300(x30)	 x30:0x8003fed4  x3:0x00000001 PA:0xxxxxxxxx
     488275.000 ns	     48826	80009edc	ff9ff06f	jal	x0,80009ed8	
     488325.000 ns	     48831	80009ed4	00036f17	auipc	x30,0x36	 x30=0x8003fed4
     488335.000 ns	     48832	80009ed8	123f2623	sw	x3,300(x30)	 x30:0x8003fed4  x3:0x00000001 PA:0xxxxxxxxx
     488355.000 ns	     48834	80009edc	ff9ff06f	jal	x0,80009ed8	
     488405.000 ns	     48839	80009ed4	00036f17	auipc	x30,0x36	 x30=0x8003fed4
     488415.000 ns	     48840	80009ed8	123f2623	sw	x3,300(x30)	 x30:0x8003fed4  x3:0x00000001 PA:0xxxxxxxxx
     488435.000 ns	     48842	80009edc	ff9ff06f	jal	x0,80009ed8	
     488485.000 ns	     48847	80009ed4	00036f17	auipc	x30,0x36	 x30=0x8003fed4
     488495.000 ns	     48848	80009ed8	123f2623	sw	x3,300(x30)	 x30:0x8003fed4  x3:0x00000001 PA:0xxxxxxxxx
     488515.000 ns	     48850	80009edc	ff9ff06f	jal	x0,80009ed8	
     488565.000 ns	     48855	80009ed4	00036f17	auipc	x30,0x36	 x30=0x8003fed4
     488575.000 ns	     48856	80009ed8	123f2623	sw	x3,300(x30)	 x30:0x8003fed4  x3:0x00000001 PA:0xxxxxxxxx
     488595.000 ns	     48858	80009edc	ff9ff06f	jal	x0,80009ed8	
     488645.000 ns	     48863	80009ed4	00036f17	auipc	x30,0x36	 x30=0x8003fed4
     488655.000 ns	     48864	80009ed8	123f2623	sw	x3,300(x30)	 x30:0x8003fed4  x3:0x00000001 PA:0xxxxxxxxx
     488675.000 ns	     48866	80009edc	ff9ff06f	jal	x0,80009ed8	
     488725.000 ns	     48871	80009ed4	00036f17	auipc	x30,0x36	 x30=0x8003fed4
     488735.000 ns	     48872	80009ed8	123f2623	sw	x3,300(x30)	 x30:0x8003fed4  x3:0x00000001 PA:0xxxxxxxxx
     488755.000 ns	     48874	80009edc	ff9ff06f	jal	x0,80009ed8	
     488805.000 ns	     48879	80009ed4	00036f17	auipc	x30,0x36	 x30=0x8003fed4
     488815.000 ns	     48880	80009ed8	123f2623	sw	x3,300(x30)	 x30:0x8003fed4  x3:0x00000001 PA:0xxxxxxxxx
     488835.000 ns	     48882	80009edc	ff9ff06f	jal	x0,80009ed8	
     488885.000 ns	     48887	80009ed4	00036f17	auipc	x30,0x36	 x30=0x8003fed4
     488895.000 ns	     48888	80009ed8	123f2623	sw	x3,300(x30)	 x30:0x8003fed4  x3:0x00000001 PA:0xxxxxxxxx
     488915.000 ns	     48890	80009edc	ff9ff06f	jal	x0,80009ed8	
     488965.000 ns	     48895	80009ed4	00036f17	auipc	x30,0x36	 x30=0x8003fed4
     488975.000 ns	     48896	80009ed8	123f2623	sw	x3,300(x30)	 x30:0x8003fed4  x3:0x00000001 PA:0xxxxxxxxx
     488995.000 ns	     48898	80009edc	ff9ff06f	jal	x0,80009ed8	
     489045.000 ns	     48903	80009ed4	00036f17	auipc	x30,0x36	 x30=0x8003fed4
     489055.000 ns	     48904	80009ed8	123f2623	sw	x3,300(x30)	 x30:0x8003fed4  x3:0x00000001 PA:0xxxxxxxxx
     489075.000 ns	     48906	80009edc	ff9ff06f	jal	x0,80009ed8	
     489125.000 ns	     48911	80009ed4	00036f17	auipc	x30,0x36	 x30=0x8003fed4
     489135.000 ns	     48912	80009ed8	123f2623	sw	x3,300(x30)	 x30:0x8003fed4  x3:0x00000001 PA:0xxxxxxxxx
     489155.000 ns	     48914	80009edc	ff9ff06f	jal	x0,80009ed8	
     489205.000 ns	     48919	80009ed4	00036f17	auipc	x30,0x36	 x30=0x8003fed4
     489215.000 ns	     48920	80009ed8	123f2623	sw	x3,300(x30)	 x30:0x8003fed4  x3:0x00000001 PA:0xxxxxxxxx
     489235.000 ns	     48922	80009edc	ff9ff06f	jal	x0,80009ed8	
     489285.000 ns	     48927	80009ed4	00036f17	auipc	x30,0x36	 x30=0x8003fed4
     489295.000 ns	     48928	80009ed8	123f2623	sw	x3,300(x30)	 x30:0x8003fed4  x3:0x00000001 PA:0xxxxxxxxx
     489315.000 ns	     48930	80009edc	ff9ff06f	jal	x0,80009ed8	
     489365.000 ns	     48935	80009ed4	00036f17	auipc	x30,0x36	 x30=0x8003fed4
     489375.000 ns	     48936	80009ed8	123f2623	sw	x3,300(x30)	 x30:0x8003fed4  x3:0x00000001 PA:0xxxxxxxxx
     489395.000 ns	     48938	80009edc	ff9ff06f	jal	x0,80009ed8	
     489445.000 ns	     48943	80009ed4	00036f17	auipc	x30,0x36	 x30=0x8003fed4
     489455.000 ns	     48944	80009ed8	123f2623	sw	x3,300(x30)	 x30:0x8003fed4  x3:0x00000001 PA:0xxxxxxxxx
     489475.000 ns	     48946	80009edc	ff9ff06f	jal	x0,80009ed8	
     489525.000 ns	     48951	80009ed4	00036f17	auipc	x30,0x36	 x30=0x8003fed4
     489535.000 ns	     48952	80009ed8	123f2623	sw	x3,300(x30)	 x30:0x8003fed4  x3:0x00000001 PA:0xxxxxxxxx
     489555.000 ns	     48954	80009edc	ff9ff06f	jal	x0,80009ed8	
     489605.000 ns	     48959	80009ed4	00036f17	auipc	x30,0x36	 x30=0x8003fed4
     489615.000 ns	     48960	80009ed8	123f2623	sw	x3,300(x30)	 x30:0x8003fed4  x3:0x00000001 PA:0xxxxxxxxx
     489635.000 ns	     48962	80009edc	ff9ff06f	jal	x0,80009ed8	
     489685.000 ns	     48967	80009ed4	00036f17	auipc	x30,0x36	 x30=0x8003fed4
     489695.000 ns	     48968	80009ed8	123f2623	sw	x3,300(x30)	 x30:0x8003fed4  x3:0x00000001 PA:0xxxxxxxxx
     489715.000 ns	     48970	80009edc	ff9ff06f	jal	x0,80009ed8	
     489765.000 ns	     48975	80009ed4	00036f17	auipc	x30,0x36	 x30=0x8003fed4
     489775.000 ns	     48976	80009ed8	123f2623	sw	x3,300(x30)	 x30:0x8003fed4  x3:0x00000001 PA:0xxxxxxxxx
     489795.000 ns	     48978	80009edc	ff9ff06f	jal	x0,80009ed8	
     489845.000 ns	     48983	80009ed4	00036f17	auipc	x30,0x36	 x30=0x8003fed4
     489855.000 ns	     48984	80009ed8	123f2623	sw	x3,300(x30)	 x30:0x8003fed4  x3:0x00000001 PA:0xxxxxxxxx
     489875.000 ns	     48986	80009edc	ff9ff06f	jal	x0,80009ed8	
     489925.000 ns	     48991	80009ed4	00036f17	auipc	x30,0x36	 x30=0x8003fed4
     489935.000 ns	     48992	80009ed8	123f2623	sw	x3,300(x30)	 x30:0x8003fed4  x3:0x00000001 PA:0xxxxxxxxx
     489955.000 ns	     48994	80009edc	ff9ff06f	jal	x0,80009ed8	
     490005.000 ns	     48999	80009ed4	00036f17	auipc	x30,0x36	 x30=0x8003fed4
     490015.000 ns	     49000	80009ed8	123f2623	sw	x3,300(x30)	 x30:0x8003fed4  x3:0x00000001 PA:0xxxxxxxxx
     490035.000 ns	     49002	80009edc	ff9ff06f	jal	x0,80009ed8	
     490085.000 ns	     49007	80009ed4	00036f17	auipc	x30,0x36	 x30=0x8003fed4
     490095.000 ns	     49008	80009ed8	123f2623	sw	x3,300(x30)	 x30:0x8003fed4  x3:0x00000001 PA:0xxxxxxxxx
     490115.000 ns	     49010	80009edc	ff9ff06f	jal	x0,80009ed8	
     490165.000 ns	     49015	80009ed4	00036f17	auipc	x30,0x36	 x30=0x8003fed4
     490175.000 ns	     49016	80009ed8	123f2623	sw	x3,300(x30)	 x30:0x8003fed4  x3:0x00000001 PA:0xxxxxxxxx
     490195.000 ns	     49018	80009edc	ff9ff06f	jal	x0,80009ed8	
     490245.000 ns	     49023	80009ed4	00036f17	auipc	x30,0x36	 x30=0x8003fed4
     490255.000 ns	     49024	80009ed8	123f2623	sw	x3,300(x30)	 x30:0x8003fed4  x3:0x00000001 PA:0xxxxxxxxx
     490275.000 ns	     49026	80009edc	ff9ff06f	jal	x0,80009ed8	
     490325.000 ns	     49031	80009ed4	00036f17	auipc	x30,0x36	 x30=0x8003fed4
     490335.000 ns	     49032	80009ed8	123f2623	sw	x3,300(x30)	 x30:0x8003fed4  x3:0x00000001 PA:0xxxxxxxxx
     490355.000 ns	     49034	80009edc	ff9ff06f	jal	x0,80009ed8	
     490405.000 ns	     49039	80009ed4	00036f17	auipc	x30,0x36	 x30=0x8003fed4
     490415.000 ns	     49040	80009ed8	123f2623	sw	x3,300(x30)	 x30:0x8003fed4  x3:0x00000001 PA:0xxxxxxxxx
     490435.000 ns	     49042	80009edc	ff9ff06f	jal	x0,80009ed8	
     490485.000 ns	     49047	80009ed4	00036f17	auipc	x30,0x36	 x30=0x8003fed4
     490495.000 ns	     49048	80009ed8	123f2623	sw	x3,300(x30)	 x30:0x8003fed4  x3:0x00000001 PA:0xxxxxxxxx
     490515.000 ns	     49050	80009edc	ff9ff06f	jal	x0,80009ed8	
     490565.000 ns	     49055	80009ed4	00036f17	auipc	x30,0x36	 x30=0x8003fed4
     490575.000 ns	     49056	80009ed8	123f2623	sw	x3,300(x30)	 x30:0x8003fed4  x3:0x00000001 PA:0xxxxxxxxx
     490595.000 ns	     49058	80009edc	ff9ff06f	jal	x0,80009ed8	
     490645.000 ns	     49063	80009ed4	00036f17	auipc	x30,0x36	 x30=0x8003fed4
     490655.000 ns	     49064	80009ed8	123f2623	sw	x3,300(x30)	 x30:0x8003fed4  x3:0x00000001 PA:0xxxxxxxxx
     490675.000 ns	     49066	80009edc	ff9ff06f	jal	x0,80009ed8	
     490725.000 ns	     49071	80009ed4	00036f17	auipc	x30,0x36	 x30=0x8003fed4
     490735.000 ns	     49072	80009ed8	123f2623	sw	x3,300(x30)	 x30:0x8003fed4  x3:0x00000001 PA:0xxxxxxxxx
     490755.000 ns	     49074	80009edc	ff9ff06f	jal	x0,80009ed8	
     490805.000 ns	     49079	80009ed4	00036f17	auipc	x30,0x36	 x30=0x8003fed4
     490815.000 ns	     49080	80009ed8	123f2623	sw	x3,300(x30)	 x30:0x8003fed4  x3:0x00000001 PA:0xxxxxxxxx
     490835.000 ns	     49082	80009edc	ff9ff06f	jal	x0,80009ed8	
     490885.000 ns	     49087	80009ed4	00036f17	auipc	x30,0x36	 x30=0x8003fed4
     490895.000 ns	     49088	80009ed8	123f2623	sw	x3,300(x30)	 x30:0x8003fed4  x3:0x00000001 PA:0xxxxxxxxx
     490915.000 ns	     49090	80009edc	ff9ff06f	jal	x0,80009ed8	
     490965.000 ns	     49095	80009ed4	00036f17	auipc	x30,0x36	 x30=0x8003fed4
     490975.000 ns	     49096	80009ed8	123f2623	sw	x3,300(x30)	 x30:0x8003fed4  x3:0x00000001 PA:0xxxxxxxxx
     490995.000 ns	     49098	80009edc	ff9ff06f	jal	x0,80009ed8	
     491045.000 ns	     49103	80009ed4	00036f17	auipc	x30,0x36	 x30=0x8003fed4
     491055.000 ns	     49104	80009ed8	123f2623	sw	x3,300(x30)	 x30:0x8003fed4  x3:0x00000001 PA:0xxxxxxxxx
     491075.000 ns	     49106	80009edc	ff9ff06f	jal	x0,80009ed8	
     491125.000 ns	     49111	80009ed4	00036f17	auipc	x30,0x36	 x30=0x8003fed4
     491135.000 ns	     49112	80009ed8	123f2623	sw	x3,300(x30)	 x30:0x8003fed4  x3:0x00000001 PA:0xxxxxxxxx
     491155.000 ns	     49114	80009edc	ff9ff06f	jal	x0,80009ed8	
     491205.000 ns	     49119	80009ed4	00036f17	auipc	x30,0x36	 x30=0x8003fed4
     491215.000 ns	     49120	80009ed8	123f2623	sw	x3,300(x30)	 x30:0x8003fed4  x3:0x00000001 PA:0xxxxxxxxx
     491235.000 ns	     49122	80009edc	ff9ff06f	jal	x0,80009ed8	
     491285.000 ns	     49127	80009ed4	00036f17	auipc	x30,0x36	 x30=0x8003fed4
     491295.000 ns	     49128	80009ed8	123f2623	sw	x3,300(x30)	 x30:0x8003fed4  x3:0x00000001 PA:0xxxxxxxxx
     491315.000 ns	     49130	80009edc	ff9ff06f	jal	x0,80009ed8	
     491365.000 ns	     49135	80009ed4	00036f17	auipc	x30,0x36	 x30=0x8003fed4
     491375.000 ns	     49136	80009ed8	123f2623	sw	x3,300(x30)	 x30:0x8003fed4  x3:0x00000001 PA:0xxxxxxxxx
     491395.000 ns	     49138	80009edc	ff9ff06f	jal	x0,80009ed8	
     491445.000 ns	     49143	80009ed4	00036f17	auipc	x30,0x36	 x30=0x8003fed4
     491455.000 ns	     49144	80009ed8	123f2623	sw	x3,300(x30)	 x30:0x8003fed4  x3:0x00000001 PA:0xxxxxxxxx
     491475.000 ns	     49146	80009edc	ff9ff06f	jal	x0,80009ed8	
     491525.000 ns	     49151	80009ed4	00036f17	auipc	x30,0x36	 x30=0x8003fed4
     491535.000 ns	     49152	80009ed8	123f2623	sw	x3,300(x30)	 x30:0x8003fed4  x3:0x00000001 PA:0xxxxxxxxx
     491555.000 ns	     49154	80009edc	ff9ff06f	jal	x0,80009ed8	
     491605.000 ns	     49159	80009ed4	00036f17	auipc	x30,0x36	 x30=0x8003fed4
     491615.000 ns	     49160	80009ed8	123f2623	sw	x3,300(x30)	 x30:0x8003fed4  x3:0x00000001 PA:0xxxxxxxxx
     491635.000 ns	     49162	80009edc	ff9ff06f	jal	x0,80009ed8	
     491685.000 ns	     49167	80009ed4	00036f17	auipc	x30,0x36	 x30=0x8003fed4
     491695.000 ns	     49168	80009ed8	123f2623	sw	x3,300(x30)	 x30:0x8003fed4  x3:0x00000001 PA:0xxxxxxxxx
     491715.000 ns	     49170	80009edc	ff9ff06f	jal	x0,80009ed8	
     491765.000 ns	     49175	80009ed4	00036f17	auipc	x30,0x36	 x30=0x8003fed4
     491775.000 ns	     49176	80009ed8	123f2623	sw	x3,300(x30)	 x30:0x8003fed4  x3:0x00000001 PA:0xxxxxxxxx
     491795.000 ns	     49178	80009edc	ff9ff06f	jal	x0,80009ed8	
     491845.000 ns	     49183	80009ed4	00036f17	auipc	x30,0x36	 x30=0x8003fed4
     491855.000 ns	     49184	80009ed8	123f2623	sw	x3,300(x30)	 x30:0x8003fed4  x3:0x00000001 PA:0xxxxxxxxx
     491875.000 ns	     49186	80009edc	ff9ff06f	jal	x0,80009ed8	
     491925.000 ns	     49191	80009ed4	00036f17	auipc	x30,0x36	 x30=0x8003fed4
     491935.000 ns	     49192	80009ed8	123f2623	sw	x3,300(x30)	 x30:0x8003fed4  x3:0x00000001 PA:0xxxxxxxxx
     491955.000 ns	     49194	80009edc	ff9ff06f	jal	x0,80009ed8	
     492005.000 ns	     49199	80009ed4	00036f17	auipc	x30,0x36	 x30=0x8003fed4
     492015.000 ns	     49200	80009ed8	123f2623	sw	x3,300(x30)	 x30:0x8003fed4  x3:0x00000001 PA:0xxxxxxxxx
     492035.000 ns	     49202	80009edc	ff9ff06f	jal	x0,80009ed8	
     492085.000 ns	     49207	80009ed4	00036f17	auipc	x30,0x36	 x30=0x8003fed4
     492095.000 ns	     49208	80009ed8	123f2623	sw	x3,300(x30)	 x30:0x8003fed4  x3:0x00000001 PA:0xxxxxxxxx
     492115.000 ns	     49210	80009edc	ff9ff06f	jal	x0,80009ed8	
     492165.000 ns	     49215	80009ed4	00036f17	auipc	x30,0x36	 x30=0x8003fed4
     492175.000 ns	     49216	80009ed8	123f2623	sw	x3,300(x30)	 x30:0x8003fed4  x3:0x00000001 PA:0xxxxxxxxx
     492195.000 ns	     49218	80009edc	ff9ff06f	jal	x0,80009ed8	
     492245.000 ns	     49223	80009ed4	00036f17	auipc	x30,0x36	 x30=0x8003fed4
     492255.000 ns	     49224	80009ed8	123f2623	sw	x3,300(x30)	 x30:0x8003fed4  x3:0x00000001 PA:0xxxxxxxxx
     492275.000 ns	     49226	80009edc	ff9ff06f	jal	x0,80009ed8	
     492325.000 ns	     49231	80009ed4	00036f17	auipc	x30,0x36	 x30=0x8003fed4
     492335.000 ns	     49232	80009ed8	123f2623	sw	x3,300(x30)	 x30:0x8003fed4  x3:0x00000001 PA:0xxxxxxxxx
     492355.000 ns	     49234	80009edc	ff9ff06f	jal	x0,80009ed8	
     492405.000 ns	     49239	80009ed4	00036f17	auipc	x30,0x36	 x30=0x8003fed4
     492415.000 ns	     49240	80009ed8	123f2623	sw	x3,300(x30)	 x30:0x8003fed4  x3:0x00000001 PA:0xxxxxxxxx
     492435.000 ns	     49242	80009edc	ff9ff06f	jal	x0,80009ed8	
     492485.000 ns	     49247	80009ed4	00036f17	auipc	x30,0x36	 x30=0x8003fed4
     492495.000 ns	     49248	80009ed8	123f2623	sw	x3,300(x30)	 x30:0x8003fed4  x3:0x00000001 PA:0xxxxxxxxx
     492515.000 ns	     49250	80009edc	ff9ff06f	jal	x0,80009ed8	
     492565.000 ns	     49255	80009ed4	00036f17	auipc	x30,0x36	 x30=0x8003fed4
     492575.000 ns	     49256	80009ed8	123f2623	sw	x3,300(x30)	 x30:0x8003fed4  x3:0x00000001 PA:0xxxxxxxxx
     492595.000 ns	     49258	80009edc	ff9ff06f	jal	x0,80009ed8	
     492645.000 ns	     49263	80009ed4	00036f17	auipc	x30,0x36	 x30=0x8003fed4
     492655.000 ns	     49264	80009ed8	123f2623	sw	x3,300(x30)	 x30:0x8003fed4  x3:0x00000001 PA:0xxxxxxxxx
     492675.000 ns	     49266	80009edc	ff9ff06f	jal	x0,80009ed8	
     492725.000 ns	     49271	80009ed4	00036f17	auipc	x30,0x36	 x30=0x8003fed4
     492735.000 ns	     49272	80009ed8	123f2623	sw	x3,300(x30)	 x30:0x8003fed4  x3:0x00000001 PA:0xxxxxxxxx
     492755.000 ns	     49274	80009edc	ff9ff06f	jal	x0,80009ed8	
     492805.000 ns	     49279	80009ed4	00036f17	auipc	x30,0x36	 x30=0x8003fed4
     492815.000 ns	     49280	80009ed8	123f2623	sw	x3,300(x30)	 x30:0x8003fed4  x3:0x00000001 PA:0xxxxxxxxx
     492835.000 ns	     49282	80009edc	ff9ff06f	jal	x0,80009ed8	
     492885.000 ns	     49287	80009ed4	00036f17	auipc	x30,0x36	 x30=0x8003fed4
     492895.000 ns	     49288	80009ed8	123f2623	sw	x3,300(x30)	 x30:0x8003fed4  x3:0x00000001 PA:0xxxxxxxxx
     492915.000 ns	     49290	80009edc	ff9ff06f	jal	x0,80009ed8	
     492965.000 ns	     49295	80009ed4	00036f17	auipc	x30,0x36	 x30=0x8003fed4
     492975.000 ns	     49296	80009ed8	123f2623	sw	x3,300(x30)	 x30:0x8003fed4  x3:0x00000001 PA:0xxxxxxxxx
     492995.000 ns	     49298	80009edc	ff9ff06f	jal	x0,80009ed8	
     493045.000 ns	     49303	80009ed4	00036f17	auipc	x30,0x36	 x30=0x8003fed4
     493055.000 ns	     49304	80009ed8	123f2623	sw	x3,300(x30)	 x30:0x8003fed4  x3:0x00000001 PA:0xxxxxxxxx
     493075.000 ns	     49306	80009edc	ff9ff06f	jal	x0,80009ed8	
     493125.000 ns	     49311	80009ed4	00036f17	auipc	x30,0x36	 x30=0x8003fed4
     493135.000 ns	     49312	80009ed8	123f2623	sw	x3,300(x30)	 x30:0x8003fed4  x3:0x00000001 PA:0xxxxxxxxx
     493155.000 ns	     49314	80009edc	ff9ff06f	jal	x0,80009ed8	
     493205.000 ns	     49319	80009ed4	00036f17	auipc	x30,0x36	 x30=0x8003fed4
     493215.000 ns	     49320	80009ed8	123f2623	sw	x3,300(x30)	 x30:0x8003fed4  x3:0x00000001 PA:0xxxxxxxxx
     493235.000 ns	     49322	80009edc	ff9ff06f	jal	x0,80009ed8	
     493285.000 ns	     49327	80009ed4	00036f17	auipc	x30,0x36	 x30=0x8003fed4
     493295.000 ns	     49328	80009ed8	123f2623	sw	x3,300(x30)	 x30:0x8003fed4  x3:0x00000001 PA:0xxxxxxxxx
     493315.000 ns	     49330	80009edc	ff9ff06f	jal	x0,80009ed8	
     493365.000 ns	     49335	80009ed4	00036f17	auipc	x30,0x36	 x30=0x8003fed4
     493375.000 ns	     49336	80009ed8	123f2623	sw	x3,300(x30)	 x30:0x8003fed4  x3:0x00000001 PA:0xxxxxxxxx
     493395.000 ns	     49338	80009edc	ff9ff06f	jal	x0,80009ed8	
     493445.000 ns	     49343	80009ed4	00036f17	auipc	x30,0x36	 x30=0x8003fed4
     493455.000 ns	     49344	80009ed8	123f2623	sw	x3,300(x30)	 x30:0x8003fed4  x3:0x00000001 PA:0xxxxxxxxx
     493475.000 ns	     49346	80009edc	ff9ff06f	jal	x0,80009ed8	
     493525.000 ns	     49351	80009ed4	00036f17	auipc	x30,0x36	 x30=0x8003fed4
     493535.000 ns	     49352	80009ed8	123f2623	sw	x3,300(x30)	 x30:0x8003fed4  x3:0x00000001 PA:0xxxxxxxxx
     493555.000 ns	     49354	80009edc	ff9ff06f	jal	x0,80009ed8	
     493605.000 ns	     49359	80009ed4	00036f17	auipc	x30,0x36	 x30=0x8003fed4
     493615.000 ns	     49360	80009ed8	123f2623	sw	x3,300(x30)	 x30:0x8003fed4  x3:0x00000001 PA:0xxxxxxxxx
     493635.000 ns	     49362	80009edc	ff9ff06f	jal	x0,80009ed8	
     493685.000 ns	     49367	80009ed4	00036f17	auipc	x30,0x36	 x30=0x8003fed4
     493695.000 ns	     49368	80009ed8	123f2623	sw	x3,300(x30)	 x30:0x8003fed4  x3:0x00000001 PA:0xxxxxxxxx
     493715.000 ns	     49370	80009edc	ff9ff06f	jal	x0,80009ed8	
     493765.000 ns	     49375	80009ed4	00036f17	auipc	x30,0x36	 x30=0x8003fed4
     493775.000 ns	     49376	80009ed8	123f2623	sw	x3,300(x30)	 x30:0x8003fed4  x3:0x00000001 PA:0xxxxxxxxx
     493795.000 ns	     49378	80009edc	ff9ff06f	jal	x0,80009ed8	
     493845.000 ns	     49383	80009ed4	00036f17	auipc	x30,0x36	 x30=0x8003fed4
     493855.000 ns	     49384	80009ed8	123f2623	sw	x3,300(x30)	 x30:0x8003fed4  x3:0x00000001 PA:0xxxxxxxxx
     493875.000 ns	     49386	80009edc	ff9ff06f	jal	x0,80009ed8	
     493925.000 ns	     49391	80009ed4	00036f17	auipc	x30,0x36	 x30=0x8003fed4
     493935.000 ns	     49392	80009ed8	123f2623	sw	x3,300(x30)	 x30:0x8003fed4  x3:0x00000001 PA:0xxxxxxxxx
     493955.000 ns	     49394	80009edc	ff9ff06f	jal	x0,80009ed8	
     494005.000 ns	     49399	80009ed4	00036f17	auipc	x30,0x36	 x30=0x8003fed4
     494015.000 ns	     49400	80009ed8	123f2623	sw	x3,300(x30)	 x30:0x8003fed4  x3:0x00000001 PA:0xxxxxxxxx
     494035.000 ns	     49402	80009edc	ff9ff06f	jal	x0,80009ed8	
     494085.000 ns	     49407	80009ed4	00036f17	auipc	x30,0x36	 x30=0x8003fed4
     494095.000 ns	     49408	80009ed8	123f2623	sw	x3,300(x30)	 x30:0x8003fed4  x3:0x00000001 PA:0xxxxxxxxx
     494115.000 ns	     49410	80009edc	ff9ff06f	jal	x0,80009ed8	
     494165.000 ns	     49415	80009ed4	00036f17	auipc	x30,0x36	 x30=0x8003fed4
     494175.000 ns	     49416	80009ed8	123f2623	sw	x3,300(x30)	 x30:0x8003fed4  x3:0x00000001 PA:0xxxxxxxxx
     494195.000 ns	     49418	80009edc	ff9ff06f	jal	x0,80009ed8	
     494245.000 ns	     49423	80009ed4	00036f17	auipc	x30,0x36	 x30=0x8003fed4
     494255.000 ns	     49424	80009ed8	123f2623	sw	x3,300(x30)	 x30:0x8003fed4  x3:0x00000001 PA:0xxxxxxxxx
     494275.000 ns	     49426	80009edc	ff9ff06f	jal	x0,80009ed8	
     494325.000 ns	     49431	80009ed4	00036f17	auipc	x30,0x36	 x30=0x8003fed4
     494335.000 ns	     49432	80009ed8	123f2623	sw	x3,300(x30)	 x30:0x8003fed4  x3:0x00000001 PA:0xxxxxxxxx
     494355.000 ns	     49434	80009edc	ff9ff06f	jal	x0,80009ed8	
     494405.000 ns	     49439	80009ed4	00036f17	auipc	x30,0x36	 x30=0x8003fed4
     494415.000 ns	     49440	80009ed8	123f2623	sw	x3,300(x30)	 x30:0x8003fed4  x3:0x00000001 PA:0xxxxxxxxx
     494435.000 ns	     49442	80009edc	ff9ff06f	jal	x0,80009ed8	
     494485.000 ns	     49447	80009ed4	00036f17	auipc	x30,0x36	 x30=0x8003fed4
     494495.000 ns	     49448	80009ed8	123f2623	sw	x3,300(x30)	 x30:0x8003fed4  x3:0x00000001 PA:0xxxxxxxxx
     494515.000 ns	     49450	80009edc	ff9ff06f	jal	x0,80009ed8	
     494565.000 ns	     49455	80009ed4	00036f17	auipc	x30,0x36	 x30=0x8003fed4
     494575.000 ns	     49456	80009ed8	123f2623	sw	x3,300(x30)	 x30:0x8003fed4  x3:0x00000001 PA:0xxxxxxxxx
     494595.000 ns	     49458	80009edc	ff9ff06f	jal	x0,80009ed8	
     494645.000 ns	     49463	80009ed4	00036f17	auipc	x30,0x36	 x30=0x8003fed4
     494655.000 ns	     49464	80009ed8	123f2623	sw	x3,300(x30)	 x30:0x8003fed4  x3:0x00000001 PA:0xxxxxxxxx
     494675.000 ns	     49466	80009edc	ff9ff06f	jal	x0,80009ed8	
     494725.000 ns	     49471	80009ed4	00036f17	auipc	x30,0x36	 x30=0x8003fed4
     494735.000 ns	     49472	80009ed8	123f2623	sw	x3,300(x30)	 x30:0x8003fed4  x3:0x00000001 PA:0xxxxxxxxx
     494755.000 ns	     49474	80009edc	ff9ff06f	jal	x0,80009ed8	
     494805.000 ns	     49479	80009ed4	00036f17	auipc	x30,0x36	 x30=0x8003fed4
     494815.000 ns	     49480	80009ed8	123f2623	sw	x3,300(x30)	 x30:0x8003fed4  x3:0x00000001 PA:0xxxxxxxxx
     494835.000 ns	     49482	80009edc	ff9ff06f	jal	x0,80009ed8	
     494885.000 ns	     49487	80009ed4	00036f17	auipc	x30,0x36	 x30=0x8003fed4
     494895.000 ns	     49488	80009ed8	123f2623	sw	x3,300(x30)	 x30:0x8003fed4  x3:0x00000001 PA:0xxxxxxxxx
     494915.000 ns	     49490	80009edc	ff9ff06f	jal	x0,80009ed8	
     494965.000 ns	     49495	80009ed4	00036f17	auipc	x30,0x36	 x30=0x8003fed4
     494975.000 ns	     49496	80009ed8	123f2623	sw	x3,300(x30)	 x30:0x8003fed4  x3:0x00000001 PA:0xxxxxxxxx
     494995.000 ns	     49498	80009edc	ff9ff06f	jal	x0,80009ed8	
     495045.000 ns	     49503	80009ed4	00036f17	auipc	x30,0x36	 x30=0x8003fed4
     495055.000 ns	     49504	80009ed8	123f2623	sw	x3,300(x30)	 x30:0x8003fed4  x3:0x00000001 PA:0xxxxxxxxx
     495075.000 ns	     49506	80009edc	ff9ff06f	jal	x0,80009ed8	
     495125.000 ns	     49511	80009ed4	00036f17	auipc	x30,0x36	 x30=0x8003fed4
     495135.000 ns	     49512	80009ed8	123f2623	sw	x3,300(x30)	 x30:0x8003fed4  x3:0x00000001 PA:0xxxxxxxxx
     495155.000 ns	     49514	80009edc	ff9ff06f	jal	x0,80009ed8	
     495205.000 ns	     49519	80009ed4	00036f17	auipc	x30,0x36	 x30=0x8003fed4
     495215.000 ns	     49520	80009ed8	123f2623	sw	x3,300(x30)	 x30:0x8003fed4  x3:0x00000001 PA:0xxxxxxxxx
     495235.000 ns	     49522	80009edc	ff9ff06f	jal	x0,80009ed8	
     495285.000 ns	     49527	80009ed4	00036f17	auipc	x30,0x36	 x30=0x8003fed4
     495295.000 ns	     49528	80009ed8	123f2623	sw	x3,300(x30)	 x30:0x8003fed4  x3:0x00000001 PA:0xxxxxxxxx
     495315.000 ns	     49530	80009edc	ff9ff06f	jal	x0,80009ed8	
     495365.000 ns	     49535	80009ed4	00036f17	auipc	x30,0x36	 x30=0x8003fed4
     495375.000 ns	     49536	80009ed8	123f2623	sw	x3,300(x30)	 x30:0x8003fed4  x3:0x00000001 PA:0xxxxxxxxx
     495395.000 ns	     49538	80009edc	ff9ff06f	jal	x0,80009ed8	
     495445.000 ns	     49543	80009ed4	00036f17	auipc	x30,0x36	 x30=0x8003fed4
     495455.000 ns	     49544	80009ed8	123f2623	sw	x3,300(x30)	 x30:0x8003fed4  x3:0x00000001 PA:0xxxxxxxxx
     495475.000 ns	     49546	80009edc	ff9ff06f	jal	x0,80009ed8	
     495525.000 ns	     49551	80009ed4	00036f17	auipc	x30,0x36	 x30=0x8003fed4
     495535.000 ns	     49552	80009ed8	123f2623	sw	x3,300(x30)	 x30:0x8003fed4  x3:0x00000001 PA:0xxxxxxxxx
     495555.000 ns	     49554	80009edc	ff9ff06f	jal	x0,80009ed8	
     495605.000 ns	     49559	80009ed4	00036f17	auipc	x30,0x36	 x30=0x8003fed4
     495615.000 ns	     49560	80009ed8	123f2623	sw	x3,300(x30)	 x30:0x8003fed4  x3:0x00000001 PA:0xxxxxxxxx
     495635.000 ns	     49562	80009edc	ff9ff06f	jal	x0,80009ed8	
     495685.000 ns	     49567	80009ed4	00036f17	auipc	x30,0x36	 x30=0x8003fed4
     495695.000 ns	     49568	80009ed8	123f2623	sw	x3,300(x30)	 x30:0x8003fed4  x3:0x00000001 PA:0xxxxxxxxx
     495715.000 ns	     49570	80009edc	ff9ff06f	jal	x0,80009ed8	
     495765.000 ns	     49575	80009ed4	00036f17	auipc	x30,0x36	 x30=0x8003fed4
     495775.000 ns	     49576	80009ed8	123f2623	sw	x3,300(x30)	 x30:0x8003fed4  x3:0x00000001 PA:0xxxxxxxxx
     495795.000 ns	     49578	80009edc	ff9ff06f	jal	x0,80009ed8	
     495845.000 ns	     49583	80009ed4	00036f17	auipc	x30,0x36	 x30=0x8003fed4
     495855.000 ns	     49584	80009ed8	123f2623	sw	x3,300(x30)	 x30:0x8003fed4  x3:0x00000001 PA:0xxxxxxxxx
     495875.000 ns	     49586	80009edc	ff9ff06f	jal	x0,80009ed8	
     495925.000 ns	     49591	80009ed4	00036f17	auipc	x30,0x36	 x30=0x8003fed4
     495935.000 ns	     49592	80009ed8	123f2623	sw	x3,300(x30)	 x30:0x8003fed4  x3:0x00000001 PA:0xxxxxxxxx
     495955.000 ns	     49594	80009edc	ff9ff06f	jal	x0,80009ed8	
     496005.000 ns	     49599	80009ed4	00036f17	auipc	x30,0x36	 x30=0x8003fed4
     496015.000 ns	     49600	80009ed8	123f2623	sw	x3,300(x30)	 x30:0x8003fed4  x3:0x00000001 PA:0xxxxxxxxx
     496035.000 ns	     49602	80009edc	ff9ff06f	jal	x0,80009ed8	
     496085.000 ns	     49607	80009ed4	00036f17	auipc	x30,0x36	 x30=0x8003fed4
     496095.000 ns	     49608	80009ed8	123f2623	sw	x3,300(x30)	 x30:0x8003fed4  x3:0x00000001 PA:0xxxxxxxxx
     496115.000 ns	     49610	80009edc	ff9ff06f	jal	x0,80009ed8	
     496165.000 ns	     49615	80009ed4	00036f17	auipc	x30,0x36	 x30=0x8003fed4
     496175.000 ns	     49616	80009ed8	123f2623	sw	x3,300(x30)	 x30:0x8003fed4  x3:0x00000001 PA:0xxxxxxxxx
     496195.000 ns	     49618	80009edc	ff9ff06f	jal	x0,80009ed8	
     496245.000 ns	     49623	80009ed4	00036f17	auipc	x30,0x36	 x30=0x8003fed4
     496255.000 ns	     49624	80009ed8	123f2623	sw	x3,300(x30)	 x30:0x8003fed4  x3:0x00000001 PA:0xxxxxxxxx
     496275.000 ns	     49626	80009edc	ff9ff06f	jal	x0,80009ed8	
     496325.000 ns	     49631	80009ed4	00036f17	auipc	x30,0x36	 x30=0x8003fed4
     496335.000 ns	     49632	80009ed8	123f2623	sw	x3,300(x30)	 x30:0x8003fed4  x3:0x00000001 PA:0xxxxxxxxx
     496355.000 ns	     49634	80009edc	ff9ff06f	jal	x0,80009ed8	
     496405.000 ns	     49639	80009ed4	00036f17	auipc	x30,0x36	 x30=0x8003fed4
     496415.000 ns	     49640	80009ed8	123f2623	sw	x3,300(x30)	 x30:0x8003fed4  x3:0x00000001 PA:0xxxxxxxxx
     496435.000 ns	     49642	80009edc	ff9ff06f	jal	x0,80009ed8	
     496485.000 ns	     49647	80009ed4	00036f17	auipc	x30,0x36	 x30=0x8003fed4
     496495.000 ns	     49648	80009ed8	123f2623	sw	x3,300(x30)	 x30:0x8003fed4  x3:0x00000001 PA:0xxxxxxxxx
     496515.000 ns	     49650	80009edc	ff9ff06f	jal	x0,80009ed8	
     496565.000 ns	     49655	80009ed4	00036f17	auipc	x30,0x36	 x30=0x8003fed4
     496575.000 ns	     49656	80009ed8	123f2623	sw	x3,300(x30)	 x30:0x8003fed4  x3:0x00000001 PA:0xxxxxxxxx
     496595.000 ns	     49658	80009edc	ff9ff06f	jal	x0,80009ed8	
     496645.000 ns	     49663	80009ed4	00036f17	auipc	x30,0x36	 x30=0x8003fed4
     496655.000 ns	     49664	80009ed8	123f2623	sw	x3,300(x30)	 x30:0x8003fed4  x3:0x00000001 PA:0xxxxxxxxx
     496675.000 ns	     49666	80009edc	ff9ff06f	jal	x0,80009ed8	
     496725.000 ns	     49671	80009ed4	00036f17	auipc	x30,0x36	 x30=0x8003fed4
     496735.000 ns	     49672	80009ed8	123f2623	sw	x3,300(x30)	 x30:0x8003fed4  x3:0x00000001 PA:0xxxxxxxxx
     496755.000 ns	     49674	80009edc	ff9ff06f	jal	x0,80009ed8	
     496805.000 ns	     49679	80009ed4	00036f17	auipc	x30,0x36	 x30=0x8003fed4
     496815.000 ns	     49680	80009ed8	123f2623	sw	x3,300(x30)	 x30:0x8003fed4  x3:0x00000001 PA:0xxxxxxxxx
     496835.000 ns	     49682	80009edc	ff9ff06f	jal	x0,80009ed8	
     496885.000 ns	     49687	80009ed4	00036f17	auipc	x30,0x36	 x30=0x8003fed4
     496895.000 ns	     49688	80009ed8	123f2623	sw	x3,300(x30)	 x30:0x8003fed4  x3:0x00000001 PA:0xxxxxxxxx
     496915.000 ns	     49690	80009edc	ff9ff06f	jal	x0,80009ed8	
     496965.000 ns	     49695	80009ed4	00036f17	auipc	x30,0x36	 x30=0x8003fed4
     496975.000 ns	     49696	80009ed8	123f2623	sw	x3,300(x30)	 x30:0x8003fed4  x3:0x00000001 PA:0xxxxxxxxx
     496995.000 ns	     49698	80009edc	ff9ff06f	jal	x0,80009ed8	
     497045.000 ns	     49703	80009ed4	00036f17	auipc	x30,0x36	 x30=0x8003fed4
     497055.000 ns	     49704	80009ed8	123f2623	sw	x3,300(x30)	 x30:0x8003fed4  x3:0x00000001 PA:0xxxxxxxxx
     497075.000 ns	     49706	80009edc	ff9ff06f	jal	x0,80009ed8	
     497125.000 ns	     49711	80009ed4	00036f17	auipc	x30,0x36	 x30=0x8003fed4
     497135.000 ns	     49712	80009ed8	123f2623	sw	x3,300(x30)	 x30:0x8003fed4  x3:0x00000001 PA:0xxxxxxxxx
     497155.000 ns	     49714	80009edc	ff9ff06f	jal	x0,80009ed8	
     497205.000 ns	     49719	80009ed4	00036f17	auipc	x30,0x36	 x30=0x8003fed4
     497215.000 ns	     49720	80009ed8	123f2623	sw	x3,300(x30)	 x30:0x8003fed4  x3:0x00000001 PA:0xxxxxxxxx
     497235.000 ns	     49722	80009edc	ff9ff06f	jal	x0,80009ed8	
     497285.000 ns	     49727	80009ed4	00036f17	auipc	x30,0x36	 x30=0x8003fed4
     497295.000 ns	     49728	80009ed8	123f2623	sw	x3,300(x30)	 x30:0x8003fed4  x3:0x00000001 PA:0xxxxxxxxx
     497315.000 ns	     49730	80009edc	ff9ff06f	jal	x0,80009ed8	
     497365.000 ns	     49735	80009ed4	00036f17	auipc	x30,0x36	 x30=0x8003fed4
     497375.000 ns	     49736	80009ed8	123f2623	sw	x3,300(x30)	 x30:0x8003fed4  x3:0x00000001 PA:0xxxxxxxxx
     497395.000 ns	     49738	80009edc	ff9ff06f	jal	x0,80009ed8	
     497445.000 ns	     49743	80009ed4	00036f17	auipc	x30,0x36	 x30=0x8003fed4
     497455.000 ns	     49744	80009ed8	123f2623	sw	x3,300(x30)	 x30:0x8003fed4  x3:0x00000001 PA:0xxxxxxxxx
     497475.000 ns	     49746	80009edc	ff9ff06f	jal	x0,80009ed8	
     497525.000 ns	     49751	80009ed4	00036f17	auipc	x30,0x36	 x30=0x8003fed4
     497535.000 ns	     49752	80009ed8	123f2623	sw	x3,300(x30)	 x30:0x8003fed4  x3:0x00000001 PA:0xxxxxxxxx
     497555.000 ns	     49754	80009edc	ff9ff06f	jal	x0,80009ed8	
     497605.000 ns	     49759	80009ed4	00036f17	auipc	x30,0x36	 x30=0x8003fed4
     497615.000 ns	     49760	80009ed8	123f2623	sw	x3,300(x30)	 x30:0x8003fed4  x3:0x00000001 PA:0xxxxxxxxx
     497635.000 ns	     49762	80009edc	ff9ff06f	jal	x0,80009ed8	
     497685.000 ns	     49767	80009ed4	00036f17	auipc	x30,0x36	 x30=0x8003fed4
     497695.000 ns	     49768	80009ed8	123f2623	sw	x3,300(x30)	 x30:0x8003fed4  x3:0x00000001 PA:0xxxxxxxxx
     497715.000 ns	     49770	80009edc	ff9ff06f	jal	x0,80009ed8	
     497765.000 ns	     49775	80009ed4	00036f17	auipc	x30,0x36	 x30=0x8003fed4
     497775.000 ns	     49776	80009ed8	123f2623	sw	x3,300(x30)	 x30:0x8003fed4  x3:0x00000001 PA:0xxxxxxxxx
     497795.000 ns	     49778	80009edc	ff9ff06f	jal	x0,80009ed8	
     497845.000 ns	     49783	80009ed4	00036f17	auipc	x30,0x36	 x30=0x8003fed4
     497855.000 ns	     49784	80009ed8	123f2623	sw	x3,300(x30)	 x30:0x8003fed4  x3:0x00000001 PA:0xxxxxxxxx
     497875.000 ns	     49786	80009edc	ff9ff06f	jal	x0,80009ed8	
     497925.000 ns	     49791	80009ed4	00036f17	auipc	x30,0x36	 x30=0x8003fed4
     497935.000 ns	     49792	80009ed8	123f2623	sw	x3,300(x30)	 x30:0x8003fed4  x3:0x00000001 PA:0xxxxxxxxx
     497955.000 ns	     49794	80009edc	ff9ff06f	jal	x0,80009ed8	
     498005.000 ns	     49799	80009ed4	00036f17	auipc	x30,0x36	 x30=0x8003fed4
     498015.000 ns	     49800	80009ed8	123f2623	sw	x3,300(x30)	 x30:0x8003fed4  x3:0x00000001 PA:0xxxxxxxxx
     498035.000 ns	     49802	80009edc	ff9ff06f	jal	x0,80009ed8	
     498085.000 ns	     49807	80009ed4	00036f17	auipc	x30,0x36	 x30=0x8003fed4
     498095.000 ns	     49808	80009ed8	123f2623	sw	x3,300(x30)	 x30:0x8003fed4  x3:0x00000001 PA:0xxxxxxxxx
     498115.000 ns	     49810	80009edc	ff9ff06f	jal	x0,80009ed8	
     498165.000 ns	     49815	80009ed4	00036f17	auipc	x30,0x36	 x30=0x8003fed4
     498175.000 ns	     49816	80009ed8	123f2623	sw	x3,300(x30)	 x30:0x8003fed4  x3:0x00000001 PA:0xxxxxxxxx
     498195.000 ns	     49818	80009edc	ff9ff06f	jal	x0,80009ed8	
     498245.000 ns	     49823	80009ed4	00036f17	auipc	x30,0x36	 x30=0x8003fed4
     498255.000 ns	     49824	80009ed8	123f2623	sw	x3,300(x30)	 x30:0x8003fed4  x3:0x00000001 PA:0xxxxxxxxx
     498275.000 ns	     49826	80009edc	ff9ff06f	jal	x0,80009ed8	
     498325.000 ns	     49831	80009ed4	00036f17	auipc	x30,0x36	 x30=0x8003fed4
     498335.000 ns	     49832	80009ed8	123f2623	sw	x3,300(x30)	 x30:0x8003fed4  x3:0x00000001 PA:0xxxxxxxxx
     498355.000 ns	     49834	80009edc	ff9ff06f	jal	x0,80009ed8	
     498405.000 ns	     49839	80009ed4	00036f17	auipc	x30,0x36	 x30=0x8003fed4
     498415.000 ns	     49840	80009ed8	123f2623	sw	x3,300(x30)	 x30:0x8003fed4  x3:0x00000001 PA:0xxxxxxxxx
     498435.000 ns	     49842	80009edc	ff9ff06f	jal	x0,80009ed8	
     498485.000 ns	     49847	80009ed4	00036f17	auipc	x30,0x36	 x30=0x8003fed4
     498495.000 ns	     49848	80009ed8	123f2623	sw	x3,300(x30)	 x30:0x8003fed4  x3:0x00000001 PA:0xxxxxxxxx
     498515.000 ns	     49850	80009edc	ff9ff06f	jal	x0,80009ed8	
     498565.000 ns	     49855	80009ed4	00036f17	auipc	x30,0x36	 x30=0x8003fed4
     498575.000 ns	     49856	80009ed8	123f2623	sw	x3,300(x30)	 x30:0x8003fed4  x3:0x00000001 PA:0xxxxxxxxx
     498595.000 ns	     49858	80009edc	ff9ff06f	jal	x0,80009ed8	
     498645.000 ns	     49863	80009ed4	00036f17	auipc	x30,0x36	 x30=0x8003fed4
     498655.000 ns	     49864	80009ed8	123f2623	sw	x3,300(x30)	 x30:0x8003fed4  x3:0x00000001 PA:0xxxxxxxxx
     498675.000 ns	     49866	80009edc	ff9ff06f	jal	x0,80009ed8	
     498725.000 ns	     49871	80009ed4	00036f17	auipc	x30,0x36	 x30=0x8003fed4
     498735.000 ns	     49872	80009ed8	123f2623	sw	x3,300(x30)	 x30:0x8003fed4  x3:0x00000001 PA:0xxxxxxxxx
     498755.000 ns	     49874	80009edc	ff9ff06f	jal	x0,80009ed8	
     498805.000 ns	     49879	80009ed4	00036f17	auipc	x30,0x36	 x30=0x8003fed4
     498815.000 ns	     49880	80009ed8	123f2623	sw	x3,300(x30)	 x30:0x8003fed4  x3:0x00000001 PA:0xxxxxxxxx
     498835.000 ns	     49882	80009edc	ff9ff06f	jal	x0,80009ed8	
     498885.000 ns	     49887	80009ed4	00036f17	auipc	x30,0x36	 x30=0x8003fed4
     498895.000 ns	     49888	80009ed8	123f2623	sw	x3,300(x30)	 x30:0x8003fed4  x3:0x00000001 PA:0xxxxxxxxx
     498915.000 ns	     49890	80009edc	ff9ff06f	jal	x0,80009ed8	
     498965.000 ns	     49895	80009ed4	00036f17	auipc	x30,0x36	 x30=0x8003fed4
     498975.000 ns	     49896	80009ed8	123f2623	sw	x3,300(x30)	 x30:0x8003fed4  x3:0x00000001 PA:0xxxxxxxxx
     498995.000 ns	     49898	80009edc	ff9ff06f	jal	x0,80009ed8	
     499045.000 ns	     49903	80009ed4	00036f17	auipc	x30,0x36	 x30=0x8003fed4
     499055.000 ns	     49904	80009ed8	123f2623	sw	x3,300(x30)	 x30:0x8003fed4  x3:0x00000001 PA:0xxxxxxxxx
     499075.000 ns	     49906	80009edc	ff9ff06f	jal	x0,80009ed8	
     499125.000 ns	     49911	80009ed4	00036f17	auipc	x30,0x36	 x30=0x8003fed4
     499135.000 ns	     49912	80009ed8	123f2623	sw	x3,300(x30)	 x30:0x8003fed4  x3:0x00000001 PA:0xxxxxxxxx
     499155.000 ns	     49914	80009edc	ff9ff06f	jal	x0,80009ed8	
     499205.000 ns	     49919	80009ed4	00036f17	auipc	x30,0x36	 x30=0x8003fed4
     499215.000 ns	     49920	80009ed8	123f2623	sw	x3,300(x30)	 x30:0x8003fed4  x3:0x00000001 PA:0xxxxxxxxx
     499235.000 ns	     49922	80009edc	ff9ff06f	jal	x0,80009ed8	
     499285.000 ns	     49927	80009ed4	00036f17	auipc	x30,0x36	 x30=0x8003fed4
     499295.000 ns	     49928	80009ed8	123f2623	sw	x3,300(x30)	 x30:0x8003fed4  x3:0x00000001 PA:0xxxxxxxxx
     499315.000 ns	     49930	80009edc	ff9ff06f	jal	x0,80009ed8	
     499365.000 ns	     49935	80009ed4	00036f17	auipc	x30,0x36	 x30=0x8003fed4
     499375.000 ns	     49936	80009ed8	123f2623	sw	x3,300(x30)	 x30:0x8003fed4  x3:0x00000001 PA:0xxxxxxxxx
     499395.000 ns	     49938	80009edc	ff9ff06f	jal	x0,80009ed8	
     499445.000 ns	     49943	80009ed4	00036f17	auipc	x30,0x36	 x30=0x8003fed4
     499455.000 ns	     49944	80009ed8	123f2623	sw	x3,300(x30)	 x30:0x8003fed4  x3:0x00000001 PA:0xxxxxxxxx
     499475.000 ns	     49946	80009edc	ff9ff06f	jal	x0,80009ed8	
     499525.000 ns	     49951	80009ed4	00036f17	auipc	x30,0x36	 x30=0x8003fed4
     499535.000 ns	     49952	80009ed8	123f2623	sw	x3,300(x30)	 x30:0x8003fed4  x3:0x00000001 PA:0xxxxxxxxx
     499555.000 ns	     49954	80009edc	ff9ff06f	jal	x0,80009ed8	
     499605.000 ns	     49959	80009ed4	00036f17	auipc	x30,0x36	 x30=0x8003fed4
     499615.000 ns	     49960	80009ed8	123f2623	sw	x3,300(x30)	 x30:0x8003fed4  x3:0x00000001 PA:0xxxxxxxxx
     499635.000 ns	     49962	80009edc	ff9ff06f	jal	x0,80009ed8	
     499685.000 ns	     49967	80009ed4	00036f17	auipc	x30,0x36	 x30=0x8003fed4
     499695.000 ns	     49968	80009ed8	123f2623	sw	x3,300(x30)	 x30:0x8003fed4  x3:0x00000001 PA:0xxxxxxxxx
     499715.000 ns	     49970	80009edc	ff9ff06f	jal	x0,80009ed8	
     499765.000 ns	     49975	80009ed4	00036f17	auipc	x30,0x36	 x30=0x8003fed4
     499775.000 ns	     49976	80009ed8	123f2623	sw	x3,300(x30)	 x30:0x8003fed4  x3:0x00000001 PA:0xxxxxxxxx
     499795.000 ns	     49978	80009edc	ff9ff06f	jal	x0,80009ed8	
     499845.000 ns	     49983	80009ed4	00036f17	auipc	x30,0x36	 x30=0x8003fed4
     499855.000 ns	     49984	80009ed8	123f2623	sw	x3,300(x30)	 x30:0x8003fed4  x3:0x00000001 PA:0xxxxxxxxx
     499875.000 ns	     49986	80009edc	ff9ff06f	jal	x0,80009ed8	
     499925.000 ns	     49991	80009ed4	00036f17	auipc	x30,0x36	 x30=0x8003fed4
     499935.000 ns	     49992	80009ed8	123f2623	sw	x3,300(x30)	 x30:0x8003fed4  x3:0x00000001 PA:0xxxxxxxxx
     499955.000 ns	     49994	80009edc	ff9ff06f	jal	x0,80009ed8	
