		Time			Cycle	PC		Insn	Decoded instruction	Register and memory contents
         65.000 ns	         5	80000000	f14022f3	csrrs	x5,mhartid,x0	  x0:0x00000000  x5=0xffffff14
         75.000 ns	         6	80000004	00000313	addi	x6,x0,0	  x0:0x00000000  x6=0x00000000
         85.000 ns	         7	80000008	00628263	beq	x5,x6,8000000c	  x5:0x00000000  x6:0x00000000
         95.000 ns	         8	8000000c	00000e17	auipc	x28,0x0	 x28=0x8000000c
        105.000 ns	         9	80000010	00ce0e13	addi	x28,x28,12	 x28:0x00000000 x28=0x80000018
        115.000 ns	        10	80000014	000e0067	jalr	x0,x28,0	 x28:0x00000000
        165.000 ns	        15	80000018	40001bb7	lui	x23,0x40001	 x23=0x40001000
        175.000 ns	        16	8000001c	120b8b93	addi	x23,x23,288	 x23:0x00000000 x23=0x40001120
        185.000 ns	        17	80000020	301b9073	csrrw	x0,misa,x23	 x23:0x00000000
        195.000 ns	        18	80000024	00041217	auipc	x4,0x41	  x4=0x80041024
        205.000 ns	        19	80000028	00020213	addi	x4,x4,0	  x4:0x00000000  x4=0x80041024
        215.000 ns	        20	8000002c	0000ab97	auipc	x23,0xa	 x23=0x8000a02c
        225.000 ns	        21	80000030	e80b8b93	addi	x23,x23,-384	 x23:0x40001120 x23=0x80009eac
        235.000 ns	        22	80000034	000beb93	ori	x23,x23,0	 x23:0x40001120 x23=0x80009eac
        245.000 ns	        23	80000038	305b9073	csrrw	x0,mtvec,x23	 x23:0x8000a02c
        255.000 ns	        24	8000003c	00000b97	auipc	x23,0x0	 x23=0x8000003c
        265.000 ns	        25	80000040	028b8b93	addi	x23,x23,40	 x23:0x80009eac x23=0x80000064
        275.000 ns	        26	80000044	341b9073	csrrw	x0,mepc,x23	 x23:0x80009eac
        285.000 ns	        27	80000048	00000013	addi	x0,x0,0	  x0:0x00000000
        295.000 ns	        28	8000004c	00004bb7	lui	x23,0x4	 x23=0x00004000
        305.000 ns	        29	80000050	800b8b93	addi	x23,x23,-2048	 x23:0x80000064 x23=0x00003800
        315.000 ns	        30	80000054	300b9073	csrrw	x0,mstatus,x23	 x23:0x80000064
        325.000 ns	        31	80000058	00000b93	addi	x23,x0,0	  x0:0x00000000 x23=0x00000000
        335.000 ns	        32	8000005c	304b9073	csrrw	x0,mie,x23	 x23:0x00003800
        345.000 ns	        33	80000060	30200073	mret	
        355.000 ns	        34	80000064	0017ebb7	lui	x23,0x17e	 x23=0x0017e000
        365.000 ns	        35	80000068	5a3b8b93	addi	x23,x23,1443	 x23:0x00000000 x23=0x0017e5a3
        385.000 ns	        37	8000006c	f00b8053	fmv.w.x	f0,x23	 x23:0x00000000  f0=0x0017e5a3
        405.000 ns	        39	80000070	000bbbb7	lui	x23,0xbb	 x23=0x000bb000
        415.000 ns	        40	80000074	f2db8b93	addi	x23,x23,-211	 x23:0x0017e5a3 x23=0x000baf2d
        435.000 ns	        42	80000078	f00b80d3	fmv.w.x	f1,x23	 x23:0x0017e5a3  f1=0x000baf2d
        455.000 ns	        44	8000007c	80000bb7	lui	x23,0x80000	 x23=0x80000000
        475.000 ns	        46	80000080	f00b8153	fmv.w.x	f2,x23	 x23:0x000baf2d  f2=0x80000000
        495.000 ns	        48	80000084	ff800bb7	lui	x23,0xff800	 x23=0xff800000
        505.000 ns	        49	80000088	fffb8b93	addi	x23,x23,-1	 x23:0x80000000 x23=0xff7fffff
        525.000 ns	        51	8000008c	f00b81d3	fmv.w.x	f3,x23	 x23:0x80000000  f3=0xff7fffff
        545.000 ns	        53	80000090	7fc00bb7	lui	x23,0x7fc00	 x23=0x7fc00000
        565.000 ns	        55	80000094	f00b8253	fmv.w.x	f4,x23	 x23:0xff7fffff  f4=0x7fc00000
        585.000 ns	        57	80000098	7f800bb7	lui	x23,0x7f800	 x23=0x7f800000
        595.000 ns	        58	8000009c	fffb8b93	addi	x23,x23,-1	 x23:0x7fc00000 x23=0x7f7fffff
        615.000 ns	        60	800000a0	f00b82d3	fmv.w.x	f5,x23	 x23:0x7fc00000  f5=0x7f7fffff
        635.000 ns	        62	800000a4	802b2bb7	lui	x23,0x802b2	 x23=0x802b2000
        645.000 ns	        63	800000a8	f63b8b93	addi	x23,x23,-157	 x23:0x7f7fffff x23=0x802b1f63
        665.000 ns	        65	800000ac	f00b8353	fmv.w.x	f6,x23	 x23:0x7f7fffff  f6=0x802b1f63
        685.000 ns	        67	800000b0	80000bb7	lui	x23,0x80000	 x23=0x80000000
        705.000 ns	        69	800000b4	f00b83d3	fmv.w.x	f7,x23	 x23:0x802b1f63  f7=0x80000000
        725.000 ns	        71	800000b8	50d3fbb7	lui	x23,0x50d3f	 x23=0x50d3f000
        735.000 ns	        72	800000bc	9f5b8b93	addi	x23,x23,-1547	 x23:0x80000000 x23=0x50d3e9f5
        755.000 ns	        74	800000c0	f00b8453	fmv.w.x	f8,x23	 x23:0x80000000  f8=0x50d3e9f5
        775.000 ns	        76	800000c4	13b47bb7	lui	x23,0x13b47	 x23=0x13b47000
        785.000 ns	        77	800000c8	d36b8b93	addi	x23,x23,-714	 x23:0x50d3e9f5 x23=0x13b46d36
        805.000 ns	        79	800000cc	f00b84d3	fmv.w.x	f9,x23	 x23:0x50d3e9f5  f9=0x13b46d36
        825.000 ns	        81	800000d0	ff800bb7	lui	x23,0xff800	 x23=0xff800000
        835.000 ns	        82	800000d4	fffb8b93	addi	x23,x23,-1	 x23:0x13b46d36 x23=0xff7fffff
        855.000 ns	        84	800000d8	f00b8553	fmv.w.x	f10,x23	 x23:0x13b46d36 f10=0xff7fffff
        875.000 ns	        86	800000dc	7f800bb7	lui	x23,0x7f800	 x23=0x7f800000
        885.000 ns	        87	800000e0	001b8b93	addi	x23,x23,1	 x23:0xff7fffff x23=0x7f800001
        905.000 ns	        89	800000e4	f00b85d3	fmv.w.x	f11,x23	 x23:0xff7fffff f11=0x7f800001
        925.000 ns	        91	800000e8	7f800bb7	lui	x23,0x7f800	 x23=0x7f800000
        945.000 ns	        93	800000ec	f00b8653	fmv.w.x	f12,x23	 x23:0x7f800001 f12=0x7f800000
        965.000 ns	        95	800000f0	7f800bb7	lui	x23,0x7f800	 x23=0x7f800000
        985.000 ns	        97	800000f4	f00b86d3	fmv.w.x	f13,x23	 x23:0x7f800000 f13=0x7f800000
       1005.000 ns	        99	800000f8	002bcbb7	lui	x23,0x2bc	 x23=0x002bc000
       1015.000 ns	       100	800000fc	b84b8b93	addi	x23,x23,-1148	 x23:0x7f800000 x23=0x002bbb84
       1035.000 ns	       102	80000100	f00b8753	fmv.w.x	f14,x23	 x23:0x7f800000 f14=0x002bbb84
       1055.000 ns	       104	80000104	00000b93	addi	x23,x0,0	  x0:0x00000000 x23=0x00000000
       1075.000 ns	       106	80000108	f00b87d3	fmv.w.x	f15,x23	 x23:0x002bbb84 f15=0x00000000
       1095.000 ns	       108	8000010c	8074abb7	lui	x23,0x8074a	 x23=0x8074a000
       1105.000 ns	       109	80000110	396b8b93	addi	x23,x23,918	 x23:0x00000000 x23=0x8074a396
       1125.000 ns	       111	80000114	f00b8853	fmv.w.x	f16,x23	 x23:0x00000000 f16=0x8074a396
       1145.000 ns	       113	80000118	7f800bb7	lui	x23,0x7f800	 x23=0x7f800000
       1165.000 ns	       115	8000011c	f00b88d3	fmv.w.x	f17,x23	 x23:0x8074a396 f17=0x7f800000
       1185.000 ns	       117	80000120	005d0bb7	lui	x23,0x5d0	 x23=0x005d0000
       1195.000 ns	       118	80000124	1bbb8b93	addi	x23,x23,443	 x23:0x7f800000 x23=0x005d01bb
       1215.000 ns	       120	80000128	f00b8953	fmv.w.x	f18,x23	 x23:0x7f800000 f18=0x005d01bb
       1235.000 ns	       122	8000012c	ff800bb7	lui	x23,0xff800	 x23=0xff800000
       1245.000 ns	       123	80000130	fffb8b93	addi	x23,x23,-1	 x23:0x005d01bb x23=0xff7fffff
       1265.000 ns	       125	80000134	f00b89d3	fmv.w.x	f19,x23	 x23:0x005d01bb f19=0xff7fffff
       1285.000 ns	       127	80000138	7f800bb7	lui	x23,0x7f800	 x23=0x7f800000
       1305.000 ns	       129	8000013c	f00b8a53	fmv.w.x	f20,x23	 x23:0xff7fffff f20=0x7f800000
       1325.000 ns	       131	80000140	ff800bb7	lui	x23,0xff800	 x23=0xff800000
       1335.000 ns	       132	80000144	fffb8b93	addi	x23,x23,-1	 x23:0x7f800000 x23=0xff7fffff
       1355.000 ns	       134	80000148	f00b8ad3	fmv.w.x	f21,x23	 x23:0x7f800000 f21=0xff7fffff
       1375.000 ns	       136	8000014c	e0a34bb7	lui	x23,0xe0a34	 x23=0xe0a34000
       1385.000 ns	       137	80000150	c89b8b93	addi	x23,x23,-887	 x23:0xff7fffff x23=0xe0a33c89
       1405.000 ns	       139	80000154	f00b8b53	fmv.w.x	f22,x23	 x23:0xff7fffff f22=0xe0a33c89
       1425.000 ns	       141	80000158	7fc00bb7	lui	x23,0x7fc00	 x23=0x7fc00000
       1445.000 ns	       143	8000015c	f00b8bd3	fmv.w.x	f23,x23	 x23:0xe0a33c89 f23=0x7fc00000
       1465.000 ns	       145	80000160	7f800bb7	lui	x23,0x7f800	 x23=0x7f800000
       1475.000 ns	       146	80000164	001b8b93	addi	x23,x23,1	 x23:0x7fc00000 x23=0x7f800001
       1495.000 ns	       148	80000168	f00b8c53	fmv.w.x	f24,x23	 x23:0x7fc00000 f24=0x7f800001
       1515.000 ns	       150	8000016c	80000bb7	lui	x23,0x80000	 x23=0x80000000
       1535.000 ns	       152	80000170	f00b8cd3	fmv.w.x	f25,x23	 x23:0x7f800001 f25=0x80000000
       1555.000 ns	       154	80000174	00000b93	addi	x23,x0,0	  x0:0x00000000 x23=0x00000000
       1575.000 ns	       156	80000178	f00b8d53	fmv.w.x	f26,x23	 x23:0x80000000 f26=0x00000000
       1595.000 ns	       158	8000017c	5ebb8bb7	lui	x23,0x5ebb8	 x23=0x5ebb8000
       1605.000 ns	       159	80000180	be2b8b93	addi	x23,x23,-1054	 x23:0x00000000 x23=0x5ebb7be2
       1625.000 ns	       161	80000184	f00b8dd3	fmv.w.x	f27,x23	 x23:0x00000000 f27=0x5ebb7be2
       1645.000 ns	       163	80000188	ff800bb7	lui	x23,0xff800	 x23=0xff800000
       1655.000 ns	       164	8000018c	fffb8b93	addi	x23,x23,-1	 x23:0x5ebb7be2 x23=0xff7fffff
       1675.000 ns	       166	80000190	f00b8e53	fmv.w.x	f28,x23	 x23:0x5ebb7be2 f28=0xff7fffff
       1695.000 ns	       168	80000194	8054abb7	lui	x23,0x8054a	 x23=0x8054a000
       1705.000 ns	       169	80000198	d79b8b93	addi	x23,x23,-647	 x23:0xff7fffff x23=0x80549d79
       1725.000 ns	       171	8000019c	f00b8ed3	fmv.w.x	f29,x23	 x23:0xff7fffff f29=0x80549d79
       1745.000 ns	       173	800001a0	00000b93	addi	x23,x0,0	  x0:0x00000000 x23=0x00000000
       1765.000 ns	       175	800001a4	f00b8f53	fmv.w.x	f30,x23	 x23:0x80549d79 f30=0x00000000
       1785.000 ns	       177	800001a8	80732bb7	lui	x23,0x80732	 x23=0x80732000
       1795.000 ns	       178	800001ac	394b8b93	addi	x23,x23,916	 x23:0x00000000 x23=0x80732394
       1815.000 ns	       180	800001b0	f00b8fd3	fmv.w.x	f31,x23	 x23:0x00000000 f31=0x80732394
       1835.000 ns	       182	800001b4	0020d073	csrrwi	x0,frm,1	
       1845.000 ns	       183	800001b8	00400013	addi	x0,x0,4	  x0:0x00000000
       1855.000 ns	       184	800001bc	00000093	addi	x1,x0,0	  x0:0x00000000  x1=0x00000000
       1865.000 ns	       185	800001c0	80000137	lui	x2,0x80000	  x2=0x80000000
       1875.000 ns	       186	800001c4	f9c9b1b7	lui	x3,0xf9c9b	  x3=0xf9c9b000
       1885.000 ns	       187	800001c8	9a118193	addi	x3,x3,-1631	  x3:0x00000000  x3=0xf9c9a9a1
       1895.000 ns	       188	800001cc	800002b7	lui	x5,0x80000	  x5=0x80000000
       1905.000 ns	       189	800001d0	00200313	addi	x6,x0,2	  x0:0x00000000  x6=0x00000002
       1915.000 ns	       190	800001d4	00000393	addi	x7,x0,0	  x0:0x00000000  x7=0x00000000
       1925.000 ns	       191	800001d8	80000437	lui	x8,0x80000	  x8=0x80000000
       1935.000 ns	       192	800001dc	00700493	addi	x9,x0,7	  x0:0x00000000  x9=0x00000007
       1945.000 ns	       193	800001e0	00800513	addi	x10,x0,8	  x0:0x00000000 x10=0x00000008
       1955.000 ns	       194	800001e4	00c00593	addi	x11,x0,12	  x0:0x00000000 x11=0x0000000c
       1965.000 ns	       195	800001e8	800006b7	lui	x13,0x80000	 x13=0x80000000
       1975.000 ns	       196	800001ec	80000737	lui	x14,0x80000	 x14=0x80000000
       1985.000 ns	       197	800001f0	00000793	addi	x15,x0,0	  x0:0x00000000 x15=0x00000000
       1995.000 ns	       198	800001f4	00000813	addi	x16,x0,0	  x0:0x00000000 x16=0x00000000
       2005.000 ns	       199	800001f8	8e7708b7	lui	x17,0x8e770	 x17=0x8e770000
       2015.000 ns	       200	800001fc	8e788893	addi	x17,x17,-1817	 x17:0x00000000 x17=0x8e76f8e7
       2025.000 ns	       201	80000200	00000913	addi	x18,x0,0	  x0:0x00000000 x18=0x00000000
       2035.000 ns	       202	80000204	800009b7	lui	x19,0x80000	 x19=0x80000000
       2045.000 ns	       203	80000208	00000a13	addi	x20,x0,0	  x0:0x00000000 x20=0x00000000
       2055.000 ns	       204	8000020c	00000a93	addi	x21,x0,0	  x0:0x00000000 x21=0x00000000
       2065.000 ns	       205	80000210	00000b13	addi	x22,x0,0	  x0:0x00000000 x22=0x00000000
       2075.000 ns	       206	80000214	ff0aabb7	lui	x23,0xff0aa	 x23=0xff0aa000
       2085.000 ns	       207	80000218	2fbb8b93	addi	x23,x23,763	 x23:0x80732394 x23=0xff0aa2fb
       2095.000 ns	       208	8000021c	250fec37	lui	x24,0x250fe	 x24=0x250fe000
       2105.000 ns	       209	80000220	5cdc0c13	addi	x24,x24,1485	 x24:0x00000000 x24=0x250fe5cd
       2115.000 ns	       210	80000224	00000c93	addi	x25,x0,0	  x0:0x00000000 x25=0x00000000
       2125.000 ns	       211	80000228	00000d13	addi	x26,x0,0	  x0:0x00000000 x26=0x00000000
       2135.000 ns	       212	8000022c	00700d93	addi	x27,x0,7	  x0:0x00000000 x27=0x00000007
       2145.000 ns	       213	80000230	00700e13	addi	x28,x0,7	  x0:0x00000000 x28=0x00000007
       2155.000 ns	       214	80000234	00000e93	addi	x29,x0,0	  x0:0x00000000 x29=0x00000000
       2165.000 ns	       215	80000238	80000f37	lui	x30,0x80000	 x30=0x80000000
       2175.000 ns	       216	8000023c	80000fb7	lui	x31,0x80000	 x31=0x80000000
       2185.000 ns	       217	80000240	00041617	auipc	x12,0x41	 x12=0x80041240
       2195.000 ns	       218	80000244	da460613	addi	x12,x12,-604	 x12:0x00000000 x12=0x80040fe4
       2205.000 ns	       219	80000248	41815333	sra	x6,x2,x24	  x2:0x80000000 x24:0x250fe5cd  x6=0xfffc0000
       2225.000 ns	       221	8000024c	036bb433	mulhu	x8,x23,x22	 x23:0xff0aa2fb x22:0x00000000  x8=0x00000000
       2255.000 ns	       224	80000250	a0c81153	flt.s	x2,f16,f12	 f16:0x8074a396 f12:0x7f800000  x2=0x00000001
       2275.000 ns	       226	80000254	f1b44993	xori	x19,x8,-229	  x8:0x00000000 x19=0xffffff1b
       2295.000 ns	       228	80000258	034119b3	mulh	x19,x2,x20	  x2:0x00000001 x20:0x00000000 x19=0x00000000
       2315.000 ns	       230	8000025c	0c4bfd97	auipc	x27,0xc4bf	 x27=0x8c4bf25c
       2325.000 ns	       231	80000260	5b4b7d93	andi	x27,x22,1460	 x22:0x00000000 x27=0x00000000
       2345.000 ns	       233	80000264	e0041453	fclass.s	x8,f8	  f8:0x50d3e9f5  x8=0x00000040
       2365.000 ns	       235	80000268	8352a813	slti	x16,x5,-1995	  x5:0x80000000 x16=0x00000001
       2385.000 ns	       237	8000026c	03a013b3	mulh	x7,x0,x26	  x0:0x00000000 x26:0x00000000  x7=0x00000000
       2415.000 ns	       240	80000270	a0dc2cd3	feq.s	x25,f24,f13	 f24:0x7f800001 f13:0x7f800000 x25=0x00000000
       2445.000 ns	       243	80000274	03f92b33	mulhsu	x22,x18,x31	 x18:0x00000000 x31:0x80000000 x22=0x00000000
       2475.000 ns	       246	80000278	021cc5b3	div	x11,x25,x1	 x25:0x00000000  x1:0x00000000 x11=0xffffffff
       2495.000 ns	       248	8000027c	de692d93	slti	x27,x18,-538	 x18:0x00000000 x27=0x00000000
       2535.000 ns	       252	80000280	09199753	fsub.s	f14,f19,f17	 f19:0xff7fffff f17:0x7f800000 f14=0xff800000
       2555.000 ns	       254	80000284	71dc3193	sltiu	x3,x24,1821	 x24:0x250fe5cd  x3=0x00000000
       2565.000 ns	       255	80000288	01f48a33	add	x20,x9,x31	  x9:0x00000007 x31:0x80000000 x20=0x80000007
       2575.000 ns	       256	8000028c	00961fb3	sll	x31,x12,x9	 x12:0x80040fe4  x9:0x00000007 x31=0x0207f200
       2585.000 ns	       257	80000290	72b10493	addi	x9,x2,1835	  x2:0x00000001  x9=0x0000072c
       2605.000 ns	       259	80000294	021b6033	rem	x0,x22,x1	 x22:0x00000000  x1:0x00000000
       2635.000 ns	       262	80000298	03687b33	remu	x22,x16,x22	 x16:0x00000001 x22:0x00000000 x22=0x00000001
       2665.000 ns	       265	8000029c	28920453	fmin.s	f8,f4,f9	  f4:0x7fc00000  f9:0x13b46d36  f8=0x13b46d36
       2685.000 ns	       267	800002a0	00a61d93	slli	x27,x12,0xa	 x12:0x80040fe4 x27=0x103f9000
       2695.000 ns	       268	800002a4	0076d913	srli	x18,x13,0x7	 x13:0x80000000 x18=0x01000000
       2705.000 ns	       269	800002a8	01432ab3	slt	x21,x6,x20	  x6:0xfffc0000 x20:0x80000007 x21=0x00000000
       2745.000 ns	       273	800002ac	08c5f7d3	fsub.s	f15,f11,f12	 f11:0x7f800001 f12:0x7f800000 f15=0x7fc00000
       2765.000 ns	       275	800002b0	013cf0b3	and	x1,x25,x19	 x25:0x00000000 x19:0x00000000  x1=0x00000000
       2795.000 ns	       278	800002b4	1012fdd3	fmul.s	f27,f5,f1	  f5:0x7f7fffff  f1:0x000baf2d f27=0x3ebaf2d0
       2825.000 ns	       281	800002b8	e00e8f53	fmv.x.w	x30,f29	 f29:0x80549d79 x30=0x80549d79
       2845.000 ns	       283	800002bc	40b95813	srai	x16,x18,0xb	 x18:0x01000000 x16=0x00002000
       2865.000 ns	       285	800002c0	c018ff53	fcvt.wu.s	x30,f17	 f17:0x7f800000 x30=0xffffffff
       2895.000 ns	       288	800002c4	281b8ed3	fmin.s	f29,f23,f1	 f23:0x7fc00000  f1:0x000baf2d f29=0x000baf2d
       2925.000 ns	       291	800002c8	039e1ab3	mulh	x21,x28,x25	 x28:0x00000007 x25:0x00000000 x21=0x00000000
       2955.000 ns	       294	800002cc	e0070ed3	fmv.x.w	x29,f14	 f14:0xff800000 x29=0xff800000
       3295.000 ns	       328	800002d0	183079d3	fdiv.s	f19,f0,f3	  f0:0x0017e5a3  f3:0xff7fffff f19=0x80000000
       3665.000 ns	       365	800002d4	02c25833	divu	x16,x4,x12	  x4:0x80041024 x12:0x80040fe4 x16=0x00000001
       3685.000 ns	       367	800002d8	cc25e793	ori	x15,x11,-830	 x11:0xffffffff x15=0xffffffff
       3695.000 ns	       368	800002dc	00d4e9b3	or	x19,x9,x13	  x9:0x0000072c x13:0x80000000 x19=0x8000072c
       4055.000 ns	       404	800002e0	036840b3	div	x1,x16,x22	 x16:0x00000001 x22:0x00000001  x1=0x00000001
       4075.000 ns	       406	800002e4	00c2e013	ori	x0,x5,12	  x5:0x80000000
       4095.000 ns	       408	800002e8	a03b0c53	fle.s	x24,f22,f3	 f22:0xe0a33c89  f3:0xff7fffff x24=0x00000000
       4125.000 ns	       411	800002ec	a17281d3	fle.s	x3,f5,f23	  f5:0x7f7fffff f23:0x7fc00000  x3=0x00000000
       4155.000 ns	       414	800002f0	c0012bd3	fcvt.w.s	x23,f2	  f2:0x80000000 x23=0x00000000
       4175.000 ns	       416	800002f4	0016c5b3	xor	x11,x13,x1	 x13:0x80000000  x1:0x00000001 x11=0x80000001
       4195.000 ns	       418	800002f8	02044933	div	x18,x8,x0	  x8:0x00000040  x0:0x00000000 x18=0xffffffff
       4225.000 ns	       421	800002fc	21dc0153	fsgnj.s	f2,f24,f29	 f24:0x7f800001 f29:0x000baf2d  f2=0x7f800001
       4255.000 ns	       424	80000300	c00839d3	fcvt.w.s	x19,f16	 f16:0x8074a396 x19=0x00000000
       4275.000 ns	       426	80000304	0e8eea13	ori	x20,x29,232	 x29:0xff800000 x20=0xff8000e8
       4295.000 ns	       428	80000308	038eebb3	rem	x23,x29,x24	 x29:0xff800000 x24:0x00000000 x23=0xff800000
       4315.000 ns	       430	8000030c	40c901b3	sub	x3,x18,x12	 x18:0xffffffff x12:0x80040fe4  x3=0x7ffbf01b
       4325.000 ns	       431	80000310	00209813	slli	x16,x1,0x2	  x1:0x00000001 x16=0x00000004
       4345.000 ns	       433	80000314	a19f0453	fle.s	x8,f30,f25	 f30:0x00000000 f25:0x80000000  x8=0x00000001
       4375.000 ns	       436	80000318	039a2a33	mulhsu	x20,x20,x25	 x20:0xff8000e8 x25:0x00000000 x20=0x00000000
       4415.000 ns	       440	8000031c	58088b53	fsqrt.s	f22,f17	 f17:0x7f800000 f22=0x7f800000
       4435.000 ns	       442	80000320	e75afd13	andi	x26,x21,-395	 x21:0x00000000 x26=0x00000000
       4445.000 ns	       443	80000324	003a6ab3	or	x21,x20,x3	 x20:0x00000000  x3:0x7ffbf01b x21=0x7ffbf01b
       4465.000 ns	       445	80000328	209d1753	fsgnjn.s	f14,f26,f9	 f26:0x00000000  f9:0x13b46d36 f14=0x80000000
       4485.000 ns	       447	8000032c	eabae413	ori	x8,x21,-341	 x21:0x00000000  x8=0xfffffebb
       4495.000 ns	       448	80000330	9179a717	auipc	x14,0x9179a	 x14=0x1179a330
       4515.000 ns	       450	80000334	02b19433	mulh	x8,x3,x11	  x3:0x7ffbf01b x11:0x80000001  x8=0xc00207f2
       4535.000 ns	       452	80000338	62ae6d93	ori	x27,x28,1578	 x28:0x00000007 x27=0x0000062f
       4555.000 ns	       454	8000033c	03c39033	mulh	x0,x7,x28	  x7:0x00000000 x28:0x00000007
       4575.000 ns	       456	80000340	d9afcb93	xori	x23,x31,-614	 x31:0x0207f200 x23=0xfdf80f9a
       4595.000 ns	       458	80000344	e00a1dd3	fclass.s	x27,f20	 f20:0x7f800000 x27=0x00000080
       4625.000 ns	       461	80000348	a19e1cd3	flt.s	x25,f28,f25	 f28:0xff7fffff f25:0x80000000 x25=0x00000001
       4655.000 ns	       464	8000034c	e0018b53	fmv.x.w	x22,f3	  f3:0xff7fffff x22=0xff7fffff
       4685.000 ns	       467	80000350	03ce34b3	mulhu	x9,x28,x28	 x28:0x00000007 x28:0x00000007  x9=0x00000000
       4705.000 ns	       469	80000354	9685d8b7	lui	x17,0x9685d	 x17=0x9685d000
       4715.000 ns	       470	80000358	fbc12d97	auipc	x27,0xfbc12	 x27=0x7bc12358
       4735.000 ns	       472	8000035c	a1e38b53	fle.s	x22,f7,f30	  f7:0x80000000 f30:0x00000000 x22=0x00000001
       4785.000 ns	       477	80000360	086df7d3	fsub.s	f15,f27,f6	 f27:0x3ebaf2d0  f6:0x802b1f63 f15=0x3ebaf2d0
       4815.000 ns	       480	80000364	d011f053	fcvt.s.wu	f0,x3	  x3:0x7ffbf01b  f0=0x4efff7e0
       5185.000 ns	       517	80000368	025dd2b3	divu	x5,x27,x5	 x27:0x7bc12358  x5:0x80000000  x5=0x00000000
       5205.000 ns	       519	8000036c	01071913	slli	x18,x14,0x10	 x14:0x1179a330 x18=0xa3300000
       5215.000 ns	       520	80000370	41acda33	sra	x20,x25,x26	 x25:0x00000001 x26:0x00000000 x20=0x00000001
       5235.000 ns	       522	80000374	e0090ed3	fmv.x.w	x29,f18	 f18:0x005d01bb x29=0x005d01bb
       5255.000 ns	       524	80000378	4167d833	sra	x16,x15,x22	 x15:0xffffffff x22:0x00000001 x16=0xffffffff
       5265.000 ns	       525	8000037c	409bdcb3	sra	x25,x23,x9	 x23:0xfdf80f9a  x9:0x00000000 x25=0xfdf80f9a
       5285.000 ns	       527	80000380	024cb333	mulhu	x6,x25,x4	 x25:0x00000001  x4:0x80041024  x6=0x7f000fb0
       5315.000 ns	       530	80000384	03a18833	mul	x16,x3,x26	  x3:0x7ffbf01b x26:0x00000000 x16=0x00000000
       5355.000 ns	       534	80000388	5803abd3	fsqrt.s	f23,f7	  f7:0x80000000 f23=0x80000000
       5385.000 ns	       537	8000038c	d01ff053	fcvt.s.wu	f0,x31	 x31:0x0207f200  f0=0x4c01fc80
       5415.000 ns	       540	80000390	a1749a53	flt.s	x20,f9,f23	  f9:0x13b46d36 f23:0x80000000 x20=0x00000000
       5435.000 ns	       542	80000394	0094d733	srl	x14,x9,x9	  x9:0x00000000  x9:0x00000000 x14=0x00000000
       5465.000 ns	       545	80000398	19aa0953	fdiv.s	f18,f20,f26	 f20:0x7f800000 f26:0x00000000 f18=0x7f800000
       5505.000 ns	       549	8000039c	19219353	fdiv.s	f6,f3,f18	  f3:0xff7fffff f18:0x005d01bb  f6=0x80000000
       5535.000 ns	       552	800003a0	28f40553	fmin.s	f10,f8,f15	  f8:0x13b46d36 f15:0x3ebaf2d0 f10=0x13b46d36
       5555.000 ns	       554	800003a4	c38be113	ori	x2,x23,-968	 x23:0xfdf80f9a  x2=0xffffffba
       5575.000 ns	       556	800003a8	02be9ab3	mulh	x21,x29,x11	 x29:0x005d01bb x11:0x80000001 x21=0xffd17f22
       5595.000 ns	       558	800003ac	0092d013	srli	x0,x5,0x9	  x5:0x00000000
       5955.000 ns	       594	800003b0	031d5bb3	divu	x23,x26,x17	 x26:0x00000000 x17:0x9685d000 x23=0x00000000
       6295.000 ns	       628	800003b4	19b1fc53	fdiv.s	f24,f3,f27	  f3:0xff7fffff f27:0x3ebaf2d0 f24=0xff800000
       6315.000 ns	       630	800003b8	018087b3	add	x15,x1,x24	  x1:0x00000001 x24:0x00000000 x15=0x00000001
       6325.000 ns	       631	800003bc	40ebd993	srai	x19,x23,0xe	 x23:0x00000000 x19=0x00000000
       6345.000 ns	       633	800003c0	205385d3	fsgnj.s	f11,f7,f5	  f7:0x80000000  f5:0x7f7fffff f11=0x00000000
       6365.000 ns	       635	800003c4	40018d33	sub	x26,x3,x0	  x3:0x7ffbf01b  x0:0x00000000 x26=0x7ffbf01b
       6385.000 ns	       637	800003c8	28221953	fmax.s	f18,f4,f2	  f4:0x7fc00000  f2:0x7f800001 f18=0x7fc00000
       6415.000 ns	       640	800003cc	c01af153	fcvt.wu.s	x2,f21	 f21:0xff7fffff  x2=0x00000000
       6435.000 ns	       642	800003d0	b0d2f293	andi	x5,x5,-1267	  x5:0x00000000  x5=0x00000000
       6455.000 ns	       644	800003d4	e0099d53	fclass.s	x26,f19	 f19:0x80000000 x26=0x00000008
       6475.000 ns	       646	800003d8	41908933	sub	x18,x1,x25	  x1:0x00000001 x25:0xfdf80f9a x18=0x0207f067
       6835.000 ns	       682	800003dc	0324f6b3	remu	x13,x9,x18	  x9:0x00000000 x18:0xa3300000 x13=0x00000000
       6875.000 ns	       686	800003e0	181b3053	fdiv.s	f0,f22,f1	 f22:0x7f800000  f1:0x000baf2d  f0=0x7f800000
       6895.000 ns	       688	800003e4	00b697b3	sll	x15,x13,x11	 x13:0x00000000 x11:0x80000001 x15=0x00000000
       6905.000 ns	       689	800003e8	4051d8b3	sra	x17,x3,x5	  x3:0x7ffbf01b  x5:0x00000000 x17=0x7ffbf01b
       6915.000 ns	       690	800003ec	03c64513	xori	x10,x12,60	 x12:0x80040fe4 x10=0x80040fd8
       6935.000 ns	       692	800003f0	032127b3	mulhsu	x15,x2,x18	  x2:0x00000000 x18:0x0207f067 x15=0x00000000
       7305.000 ns	       729	800003f4	02a14db3	div	x27,x2,x10	  x2:0x00000000 x10:0x00000008 x27=0x00000000
       7335.000 ns	       732	800003f8	c0027753	fcvt.w.s	x14,f4	  f4:0x7fc00000 x14=0x7fffffff
       7355.000 ns	       734	800003fc	7fe7ff93	andi	x31,x15,2046	 x15:0x00000000 x31=0x00000000
       7365.000 ns	       735	80000400	00a38ab3	add	x21,x7,x10	  x7:0x00000000 x10:0x80040fd8 x21=0x80040fd8
       7385.000 ns	       737	80000404	a0058953	fle.s	x18,f11,f0	 f11:0x00000000  f0:0x7f800000 x18=0x00000001
       7405.000 ns	       739	80000408	ce8f3c93	sltiu	x25,x30,-792	 x30:0xffffffff x25=0x00000000
       7415.000 ns	       740	8000040c	00000013	addi	x0,x0,0	  x0:0x00000000
       7425.000 ns	       741	80000410	d2ee7693	andi	x13,x28,-722	 x28:0x00000007 x13=0x00000006
       7445.000 ns	       743	80000414	d01c7bd3	fcvt.s.wu	f23,x24	 x24:0x00000000 f23=0x00000000
       7465.000 ns	       745	80000418	00060bb3	add	x23,x12,x0	 x12:0x80040fe4  x0:0x00000000 x23=0x80040fe4
       7485.000 ns	       747	8000041c	d015b153	fcvt.s.wu	f2,x11	 x11:0x80000001  f2=0x4f000001
       7515.000 ns	       750	80000420	c0088453	fcvt.w.s	x8,f17	 f17:0x7f800000  x8=0x7fffffff
       7545.000 ns	       753	80000424	29059453	fmax.s	f8,f11,f16	 f11:0x00000000 f16:0x8074a396  f8=0x00000000
       7575.000 ns	       756	80000428	217d2e53	fsgnjx.s	f28,f26,f23	 f26:0x00000000 f23:0x00000000 f28=0x00000000
       7605.000 ns	       759	8000042c	282b88d3	fmin.s	f17,f23,f2	 f23:0x00000000  f2:0x4f000001 f17=0x00000000
       7625.000 ns	       761	80000430	6e3547b7	lui	x15,0x6e354	 x15=0x6e354000
       7665.000 ns	       765	80000434	0939f553	fsub.s	f10,f19,f19	 f19:0x80000000 f19:0x80000000 f10=0x00000000
       7695.000 ns	       768	80000438	a0c02fd3	feq.s	x31,f0,f12	  f0:0x7f800000 f12:0x7f800000 x31=0x00000001
       7725.000 ns	       771	8000043c	c0044dd3	fcvt.w.s	x27,f8	  f8:0x00000000 x27=0x00000000
       7745.000 ns	       773	80000440	00000013	addi	x0,x0,0	  x0:0x00000000
       7765.000 ns	       775	80000444	d010fc53	fcvt.s.wu	f24,x1	  x1:0x00000001 f24=0x3f800000
       7795.000 ns	       778	80000448	c00cf0d3	fcvt.w.s	x1,f25	 f25:0x80000000  x1=0x00000000
       7845.000 ns	       783	8000044c	01401953	fadd.s	f18,f0,f20	  f0:0x7f800000 f20:0x7f800000 f18=0x00000000
       7865.000 ns	       785	80000450	40b15f93	srai	x31,x2,0xb	  x2:0x00000000 x31=0x00000000
       7885.000 ns	       787	80000454	d002b653	fcvt.s.w	f12,x5	  x5:0x00000000 f12=0x00000000
       7905.000 ns	       789	80000458	00c06933	or	x18,x0,x12	  x0:0x00000000 x12:0x80040fe4 x18=0x80040fe4
       7915.000 ns	       790	8000045c	41685b33	sra	x22,x16,x22	 x16:0x00000000 x22:0x00000001 x22=0x00000000
       7925.000 ns	       791	80000460	019de3b3	or	x7,x27,x25	 x27:0x00000000 x25:0x00000000  x7=0x00000000
       7945.000 ns	       793	80000464	d006f9d3	fcvt.s.w	f19,x13	 x13:0x00000006 f19=0x40c00000
       7975.000 ns	       796	80000468	03851b33	mulh	x22,x10,x24	 x10:0x80040fd8 x24:0x00000000 x22=0x00000000
       8345.000 ns	       833	8000046c	02377db3	remu	x27,x14,x3	 x14:0x7fffffff  x3:0x7ffbf01b x27=0x00040fe4
       8365.000 ns	       835	80000470	419a0ab3	sub	x21,x20,x25	 x20:0x00000000 x25:0x00000000 x21=0x00000000
       8375.000 ns	       836	80000474	41228f13	addi	x30,x5,1042	  x5:0x00000000 x30=0x00000412
       8395.000 ns	       838	80000478	29228fd3	fmin.s	f31,f5,f18	  f5:0x7f7fffff f18:0x00000000 f31=0x00000000
       8415.000 ns	       840	8000047c	41545eb3	sra	x29,x8,x21	  x8:0x7fffffff x21:0x00000000 x29=0x7fffffff
       8775.000 ns	       876	80000480	02b6c4b3	div	x9,x13,x11	 x13:0x00000006 x11:0x80000001  x9=0x00000000
       8795.000 ns	       878	80000484	22696513	ori	x10,x18,550	 x18:0x80040fe4 x10=0x80040fe6
       8815.000 ns	       880	80000488	039cdeb3	divu	x29,x25,x25	 x25:0x00000000 x25:0x00000000 x29=0xffffffff
       8845.000 ns	       883	8000048c	d0190d53	fcvt.s.wu	f26,x18	 x18:0x80040fe4 f26=0x4f000410
       8865.000 ns	       885	80000490	00330a33	add	x20,x6,x3	  x6:0x7f000fb0  x3:0x7ffbf01b x20=0xfefbffcb
       8885.000 ns	       887	80000494	c01e42d3	fcvt.wu.s	x5,f28	 f28:0x00000000  x5=0x00000000
       8915.000 ns	       890	80000498	f0030653	fmv.w.x	f12,x6	  x6:0x7f000fb0 f12=0x7f000fb0
       8945.000 ns	       893	8000049c	0330c2b3	div	x5,x1,x19	  x1:0x00000000 x19:0x00000000  x5=0xffffffff
       8965.000 ns	       895	800004a0	003fcd33	xor	x26,x31,x3	 x31:0x00000000  x3:0x7ffbf01b x26=0x7ffbf01b
       8975.000 ns	       896	800004a4	01268533	add	x10,x13,x18	 x13:0x00000006 x18:0x80040fe4 x10=0x80040fea
       9335.000 ns	       932	800004a8	03a54433	div	x8,x10,x26	 x10:0x80040fe6 x26:0x00000008  x8=0x00000000
       9355.000 ns	       934	800004ac	00fc9d93	slli	x27,x25,0xf	 x25:0x00000000 x27=0x00000000
       9395.000 ns	       938	800004b0	016e7ad3	fadd.s	f21,f28,f22	 f28:0x00000000 f22:0x7f800000 f21=0x7f800000
       9425.000 ns	       941	800004b4	21d518d3	fsgnjn.s	f17,f10,f29	 f10:0x00000000 f29:0x000baf2d f17=0x80000000
       9455.000 ns	       944	800004b8	291e9753	fmax.s	f14,f29,f17	 f29:0x000baf2d f17:0x00000000 f14=0x000baf2d
       9485.000 ns	       947	800004bc	290e0fd3	fmin.s	f31,f28,f16	 f28:0x00000000 f16:0x8074a396 f31=0x8074a396
       9515.000 ns	       950	800004c0	038b35b3	mulhu	x11,x22,x24	 x22:0x00000000 x24:0x00000000 x11=0x00000000
       9885.000 ns	       987	800004c4	0257e033	rem	x0,x15,x5	 x15:0x6e354000  x5:0xffffffff
       9915.000 ns	       990	800004c8	0398b833	mulhu	x16,x17,x25	 x17:0x7ffbf01b x25:0x00000000 x16=0x00000000
       9945.000 ns	       993	800004cc	03b60133	mul	x2,x12,x27	 x12:0x80040fe4 x27:0x00000000  x2=0x00000000
       9975.000 ns	       996	800004d0	20c60dd3	fsgnj.s	f27,f12,f12	 f12:0x7f000fb0 f12:0x7f000fb0 f27=0x7f000fb0
       9995.000 ns	       998	800004d4	40b2dfb3	sra	x31,x5,x11	  x5:0xffffffff x11:0x00000000 x31=0xffffffff
      10005.000 ns	       999	800004d8	01b31f13	slli	x30,x6,0x1b	  x6:0x7f000fb0 x30=0x80000000
      10015.000 ns	      1000	800004dc	4e820d93	addi	x27,x4,1256	  x4:0x80041024 x27=0x8004150c
      10025.000 ns	      1001	800004e0	7efb9937	lui	x18,0x7efb9	 x18=0x7efb9000
      10045.000 ns	      1003	800004e4	21079ed3	fsgnjn.s	f29,f15,f16	 f15:0x3ebaf2d0 f16:0x8074a396 f29=0x3ebaf2d0
      11225.000 ns	      1121	800004e8	5809f753	fsqrt.s	f14,f19	 f19:0x40c00000 f14=0x401cc46a
      11245.000 ns	      1123	800004ec	00d868b3	or	x17,x16,x13	 x16:0x00000000 x13:0x00000006 x17=0x00000006
      11255.000 ns	      1124	800004f0	c560b793	sltiu	x15,x1,-938	  x1:0x00000000 x15=0x00000001
      11585.000 ns	      1157	800004f4	193ff253	fdiv.s	f4,f31,f19	 f31:0x8074a396 f19:0x40c00000  f4=0x80000000
      11605.000 ns	      1159	800004f8	00ba32b3	sltu	x5,x20,x11	 x20:0xfefbffcb x11:0x00000000  x5=0x00000000
      11615.000 ns	      1160	800004fc	018e1db3	sll	x27,x28,x24	 x28:0x00000007 x24:0x00000000 x27=0x00000007
      11625.000 ns	      1161	80000500	e7819417	auipc	x8,0xe7819	  x8=0x67819500
      11645.000 ns	      1163	80000504	02801c33	mulh	x24,x0,x8	  x0:0x00000000  x8:0x00000000 x24=0x00000000
      11665.000 ns	      1165	80000508	015da833	slt	x16,x27,x21	 x27:0x00000007 x21:0x00000000 x16=0x00000000
      11675.000 ns	      1166	8000050c	62c74813	xori	x16,x14,1580	 x14:0x7fffffff x16=0x7ffff9d3
      11695.000 ns	      1168	80000510	218f9953	fsgnjn.s	f18,f31,f24	 f31:0x8074a396 f24:0x3f800000 f18=0x8074a396
      11715.000 ns	      1170	80000514	0100f9b3	and	x19,x1,x16	  x1:0x00000000 x16:0x00000000 x19=0x00000000
      11735.000 ns	      1172	80000518	a0f11ad3	flt.s	x21,f2,f15	  f2:0x4f000001 f15:0x3ebaf2d0 x21=0x00000000
      11775.000 ns	      1176	8000051c	1073fd53	fmul.s	f26,f7,f7	  f7:0x80000000  f7:0x80000000 f26=0x00000000
      11805.000 ns	      1179	80000520	0203c433	div	x8,x7,x0	  x7:0x00000000  x0:0x00000000  x8=0xffffffff
      11825.000 ns	      1181	80000524	00000013	addi	x0,x0,0	  x0:0x00000000
      11845.000 ns	      1183	80000528	e0089b53	fclass.s	x22,f17	 f17:0x80000000 x22=0x00000008
      11865.000 ns	      1185	8000052c	40cc5f93	srai	x31,x24,0xc	 x24:0x00000000 x31=0x00000000
      11885.000 ns	      1187	80000530	02863d33	mulhu	x26,x12,x8	 x12:0x80040fe4  x8:0xffffffff x26=0x80040fe3
      13065.000 ns	      1305	80000534	58077753	fsqrt.s	f14,f14	 f14:0x401cc46a f14=0x3f5db334
      13085.000 ns	      1307	80000538	00000013	addi	x0,x0,0	  x0:0x00000000
      13105.000 ns	      1309	8000053c	a1b313d3	flt.s	x7,f6,f27	  f6:0x80000000 f27:0x7f000fb0  x7=0x00000001
      13125.000 ns	      1311	80000540	01af8033	add	x0,x31,x26	 x31:0x00000000 x26:0x80040fe3
      13135.000 ns	      1312	80000544	41da84b3	sub	x9,x21,x29	 x21:0x00000000 x29:0xffffffff  x9=0x00000001
      13145.000 ns	      1313	80000548	b474b6b7	lui	x13,0xb474b	 x13=0xb474b000
      13155.000 ns	      1314	8000054c	36ca2093	slti	x1,x20,876	 x20:0xfefbffcb  x1=0x00000001
      13165.000 ns	      1315	80000550	00000013	addi	x0,x0,0	  x0:0x00000000
      13185.000 ns	      1317	80000554	a1a21ed3	flt.s	x29,f4,f26	  f4:0x80000000 f26:0x00000000 x29=0x00000000
      13215.000 ns	      1320	80000558	20051ad3	fsgnjn.s	f21,f10,f0	 f10:0x00000000  f0:0x7f800000 f21=0x80000000
      13235.000 ns	      1322	8000055c	da997a17	auipc	x20,0xda997	 x20=0x5a99755c
      13245.000 ns	      1323	80000560	8e902a13	slti	x20,x0,-1815	  x0:0x00000000 x20=0x00000000
      13265.000 ns	      1325	80000564	c0083dd3	fcvt.w.s	x27,f16	 f16:0x8074a396 x27=0x00000000
      13285.000 ns	      1327	80000568	00e1ecb3	or	x25,x3,x14	  x3:0x7ffbf01b x14:0x7fffffff x25=0x7fffffff
      13305.000 ns	      1329	8000056c	28389553	fmax.s	f10,f17,f3	 f17:0x80000000  f3:0xff7fffff f10=0x80000000
      13675.000 ns	      1366	80000570	0365e433	rem	x8,x11,x22	 x11:0x00000000 x22:0x00000008  x8=0x00000000
      13725.000 ns	      1371	80000574	090d4fd3	fsub.s	f31,f26,f16	 f26:0x00000000 f16:0x8074a396 f31=0x0074a396
      13755.000 ns	      1374	80000578	d0067ed3	fcvt.s.w	f29,x12	 x12:0x80040fe4 f29=0xcefff7e0
      13795.000 ns	      1378	8000057c	11c772d3	fmul.s	f5,f14,f28	 f14:0x3f5db334 f28:0x00000000  f5=0x00000000
      13835.000 ns	      1382	80000580	10b30253	fmul.s	f4,f6,f11	  f6:0x80000000 f11:0x00000000  f4=0x80000000
      13855.000 ns	      1384	80000584	6fdf6a13	ori	x20,x30,1789	 x30:0x80000000 x20=0x800006fd
      13875.000 ns	      1386	80000588	e00b9053	fclass.s	x0,f23	 f23:0x00000000
      13895.000 ns	      1388	8000058c	41f0d9b3	sra	x19,x1,x31	  x1:0x00000001 x31:0x00000000 x19=0x00000001
      13905.000 ns	      1389	80000590	667d4f13	xori	x30,x26,1639	 x26:0x80040fe3 x30=0x80040984
      13915.000 ns	      1390	80000594	00000013	addi	x0,x0,0	  x0:0x00000000
      13925.000 ns	      1391	80000598	70c30537	lui	x10,0x70c30	 x10=0x70c30000
      13935.000 ns	      1392	8000059c	00000013	addi	x0,x0,0	  x0:0x00000000
      13955.000 ns	      1394	800005a0	c01d06d3	fcvt.wu.s	x13,f26	 f26:0x00000000 x13=0x00000000
      14325.000 ns	      1431	800005a4	03257733	remu	x14,x10,x18	 x10:0x70c30000 x18:0x7efb9000 x14=0x70c30000
      14345.000 ns	      1433	800005a8	f5544d13	xori	x26,x8,-171	  x8:0x00000000 x26=0xffffff55
      14355.000 ns	      1434	800005ac	ff431117	auipc	x2,0xff431	  x2=0x7f4315ac
      14375.000 ns	      1436	800005b0	c00537d3	fcvt.w.s	x15,f10	 f10:0x80000000 x15=0x00000000
      14415.000 ns	      1440	800005b4	58007f53	fsqrt.s	f30,f0	  f0:0x7f800000 f30=0x7f800000
      14435.000 ns	      1442	800005b8	419a5b13	srai	x22,x20,0x19	 x20:0x800006fd x22=0xffffffc0
      14455.000 ns	      1444	800005bc	027a00b3	mul	x1,x20,x7	 x20:0x800006fd  x7:0x00000001  x1=0x800006fd
      14505.000 ns	      1449	800005c0	010af653	fadd.s	f12,f21,f16	 f21:0x80000000 f16:0x8074a396 f12=0x8074a396
      14525.000 ns	      1451	800005c4	019d9793	slli	x15,x27,0x19	 x27:0x00000000 x15=0x00000000
      14535.000 ns	      1452	800005c8	00760933	add	x18,x12,x7	 x12:0x80040fe4  x7:0x00000001 x18=0x80040fe5
      14545.000 ns	      1453	800005cc	8c013a93	sltiu	x21,x2,-1856	  x2:0x7f4315ac x21=0x00000001
      14555.000 ns	      1454	800005d0	bd637713	andi	x14,x6,-1066	  x6:0x7f000fb0 x14=0x7f000b90
      14565.000 ns	      1455	800005d4	8346e597	auipc	x11,0x8346e	 x11=0x0346e5d4
      14575.000 ns	      1456	800005d8	e9f6fd93	andi	x27,x13,-353	 x13:0x00000000 x27=0x00000000
      14595.000 ns	      1458	800005dc	f00588d3	fmv.w.x	f17,x11	 x11:0x00000000 f17=0x0346e5d4
      14615.000 ns	      1460	800005e0	00000013	addi	x0,x0,0	  x0:0x00000000
      14655.000 ns	      1464	800005e4	004f4453	fadd.s	f8,f30,f4	 f30:0x7f800000  f4:0x80000000  f8=0x7f800000
      15025.000 ns	      1501	800005e8	03cff7b3	remu	x15,x31,x28	 x31:0x00000000 x28:0x00000007 x15=0x00000000
      15045.000 ns	      1503	800005ec	41ba84b3	sub	x9,x21,x27	 x21:0x00000001 x27:0x00000000  x9=0x00000001
      15405.000 ns	      1539	800005f0	03e77133	remu	x2,x14,x30	 x14:0x7f000b90 x30:0x80040984  x2=0x7f000b90
      15435.000 ns	      1542	800005f4	21cc1553	fsgnjn.s	f10,f24,f28	 f24:0x3f800000 f28:0x00000000 f10=0xbf800000
      15455.000 ns	      1544	800005f8	000db1b3	sltu	x3,x27,x0	 x27:0x00000000  x0:0x00000000  x3=0x00000000
      15465.000 ns	      1545	800005fc	7f76ba93	sltiu	x21,x13,2039	 x13:0x00000000 x21=0x00000001
      15485.000 ns	      1547	80000600	f0020353	fmv.w.x	f6,x4	  x4:0x80041024  f6=0x80041024
      15505.000 ns	      1549	80000604	1500ba93	sltiu	x21,x1,336	  x1:0x800006fd x21=0x00000000
      16675.000 ns	      1666	80000608	5807a2d3	fsqrt.s	f5,f15	 f15:0x3ebaf2d0  f5=0x3e9ab0f0
      16705.000 ns	      1669	8000060c	f00382d3	fmv.w.x	f5,x7	  x7:0x00000001  f5=0x00000001
      16725.000 ns	      1671	80000610	00fbd913	srli	x18,x23,0xf	 x23:0x80040fe4 x18=0x00010008
      16745.000 ns	      1673	80000614	a181a4d3	feq.s	x9,f3,f24	  f3:0xff7fffff f24:0x3f800000  x9=0x00000000
      16765.000 ns	      1675	80000618	019f5eb3	srl	x29,x30,x25	 x30:0x80040984 x25:0x7fffffff x29=0x00000001
      16785.000 ns	      1677	8000061c	a1302ed3	feq.s	x29,f0,f19	  f0:0x7f800000 f19:0x40c00000 x29=0x00000000
      16815.000 ns	      1680	80000620	03979f33	mulh	x30,x15,x25	 x15:0x00000000 x25:0x7fffffff x30=0x00000000
      16845.000 ns	      1683	80000624	022e0033	mul	x0,x28,x2	 x28:0x00000007  x2:0x7f000b90
      16865.000 ns	      1685	80000628	00e041b3	xor	x3,x0,x14	  x0:0x00000000 x14:0x7f000b90  x3=0x7f000b90
      16875.000 ns	      1686	8000062c	012a7433	and	x8,x20,x18	 x20:0x800006fd x18:0x00010008  x8=0x00000008
      16885.000 ns	      1687	80000630	32c8ab13	slti	x22,x17,812	 x17:0x00000006 x22=0x00000001
      16905.000 ns	      1689	80000634	d00d9153	fcvt.s.w	f2,x27	 x27:0x00000000  f2=0x00000000
      16935.000 ns	      1692	80000638	c006b053	fcvt.w.s	x0,f13	 f13:0x7f800000
      16955.000 ns	      1694	8000063c	010755b3	srl	x11,x14,x16	 x14:0x7f000b90 x16:0x7ffff9d3 x11=0x00000fe0
      16975.000 ns	      1696	80000640	d01945d3	fcvt.s.wu	f11,x18	 x18:0x00010008 f11=0x47800400
      17005.000 ns	      1699	80000644	02438533	mul	x10,x7,x4	  x7:0x00000001  x4:0x80041024 x10=0x80041024
      17025.000 ns	      1701	80000648	409cd933	sra	x18,x25,x9	 x25:0x7fffffff  x9:0x00000000 x18=0x7fffffff
      17385.000 ns	      1737	8000064c	024853b3	divu	x7,x16,x4	 x16:0x7ffff9d3  x4:0x80041024  x7=0x00000000
      17405.000 ns	      1739	80000650	01c55433	srl	x8,x10,x28	 x10:0x80041024 x28:0x00000007  x8=0x01000820
      17425.000 ns	      1741	80000654	21caae53	fsgnjx.s	f28,f21,f28	 f21:0x80000000 f28:0x00000000 f28=0x80000000
      17445.000 ns	      1743	80000658	010ab2b3	sltu	x5,x21,x16	 x21:0x00000000 x16:0x7ffff9d3  x5=0x00000001
      17455.000 ns	      1744	8000065c	012ed913	srli	x18,x29,0x12	 x29:0x00000000 x18=0x00000000
      17465.000 ns	      1745	80000660	1c003313	sltiu	x6,x0,448	  x0:0x00000000  x6=0x00000001
      17475.000 ns	      1746	80000664	2b23a793	slti	x15,x7,690	  x7:0x00000000 x15=0x00000001
      17495.000 ns	      1748	80000668	29a10d53	fmin.s	f26,f2,f26	  f2:0x00000000 f26:0x00000000 f26=0x00000000
      17535.000 ns	      1752	8000066c	580efad3	fsqrt.s	f21,f29	 f29:0xcefff7e0 f21=0x7fc00000
      17585.000 ns	      1757	80000670	09008553	fsub.s	f10,f1,f16	  f1:0x000baf2d f16:0x8074a396 f10=0x000052c3
      17615.000 ns	      1760	80000674	03569033	mulh	x0,x13,x21	 x13:0x00000000 x21:0x00000000
      17635.000 ns	      1762	80000678	01beb2b3	sltu	x5,x29,x27	 x29:0x00000000 x27:0x00000000  x5=0x00000000
      17655.000 ns	      1764	8000067c	e00e10d3	fclass.s	x1,f28	 f28:0x80000000  x1=0x00000008
      17685.000 ns	      1767	80000680	03e13ab3	mulhu	x21,x2,x30	  x2:0x7f000b90 x30:0x00000000 x21=0x00000000
      17705.000 ns	      1769	80000684	40235a93	srai	x21,x6,0x2	  x6:0x00000001 x21=0x00000000
      17725.000 ns	      1771	80000688	e00a1553	fclass.s	x10,f20	 f20:0x7f800000 x10=0x00000080
      17745.000 ns	      1773	8000068c	4151d693	srai	x13,x3,0x15	  x3:0x7f000b90 x13=0x000003f8
      17765.000 ns	      1775	80000690	a00d90d3	flt.s	x1,f27,f0	 f27:0x7f000fb0  f0:0x7f800000  x1=0x00000001
      17795.000 ns	      1778	80000694	03622a33	mulhsu	x20,x4,x22	  x4:0x80041024 x22:0x00000001 x20=0xffffffff
      17815.000 ns	      1780	80000698	01d2fb33	and	x22,x5,x29	  x5:0x00000000 x29:0x00000000 x22=0x00000000
      17835.000 ns	      1782	8000069c	d01cff53	fcvt.s.wu	f30,x25	 x25:0x7fffffff f30=0x4effffff
      17855.000 ns	      1784	800006a0	00677f33	and	x30,x14,x6	 x14:0x7f000b90  x6:0x00000001 x30=0x00000000
      17875.000 ns	      1786	800006a4	29ce9853	fmax.s	f16,f29,f28	 f29:0xcefff7e0 f28:0x80000000 f16=0x80000000
      17895.000 ns	      1788	800006a8	203e3d93	sltiu	x27,x28,515	 x28:0x00000007 x27=0x00000001
      18255.000 ns	      1824	800006ac	0300cfb3	div	x31,x1,x16	  x1:0x00000001 x16:0x7ffff9d3 x31=0x00000000
      18285.000 ns	      1827	800006b0	c0127bd3	fcvt.wu.s	x23,f4	  f4:0x80000000 x23=0x00000000
      18305.000 ns	      1829	800006b4	012ded33	or	x26,x27,x18	 x27:0x00000001 x18:0x00000000 x26=0x00000001
      18315.000 ns	      1830	800006b8	01a95a93	srli	x21,x18,0x1a	 x18:0x00000000 x21=0x00000000
      18345.000 ns	      1833	800006bc	580cf553	fsqrt.s	f10,f25	 f25:0x80000000 f10=0x80000000
      18365.000 ns	      1835	800006c0	0197d7b3	srl	x15,x15,x25	 x15:0x00000001 x25:0x7fffffff x15=0x00000000
      18375.000 ns	      1836	800006c4	b866b437	lui	x8,0xb866b	  x8=0xb866b000
      18385.000 ns	      1837	800006c8	011823b3	slt	x7,x16,x17	 x16:0x7ffff9d3 x17:0x00000006  x7=0x00000000
      18405.000 ns	      1839	800006cc	d0198fd3	fcvt.s.wu	f31,x19	 x19:0x00000001 f31=0x3f800000
      18435.000 ns	      1842	800006d0	d015f0d3	fcvt.s.wu	f1,x11	 x11:0x00000fe0  f1=0x457e0000
      18475.000 ns	      1846	800006d4	19db92d3	fdiv.s	f5,f23,f29	 f23:0x00000000 f29:0xcefff7e0  f5=0x80000000
      18495.000 ns	      1848	800006d8	45e22c17	auipc	x24,0x45e22	 x24=0xc5e226d8
      18515.000 ns	      1850	800006dc	02a70f33	mul	x30,x14,x10	 x14:0x7f000b90 x10:0x00000080 x30=0x8005c800
      18545.000 ns	      1853	800006e0	c019f2d3	fcvt.wu.s	x5,f19	 f19:0x40c00000  x5=0x00000006
      18575.000 ns	      1856	800006e4	03692ab3	mulhsu	x21,x18,x22	 x18:0x00000000 x22:0x00000000 x21=0x00000000
      18595.000 ns	      1858	800006e8	01915db3	srl	x27,x2,x25	  x2:0x7f000b90 x25:0x7fffffff x27=0x00000000
      19485.000 ns	      1947	800006ec	580f9e53	fsqrt.s	f28,f31	 f31:0x3f800000 f28=0x3f7fffae
      19535.000 ns	      1952	800006f0	09bf8dd3	fsub.s	f27,f31,f27	 f31:0x3f800000 f27:0x7f000fb0 f27=0xff000fb0
      19565.000 ns	      1955	800006f4	c0079b53	fcvt.w.s	x22,f15	 f15:0x3ebaf2d0 x22=0x00000000
      19595.000 ns	      1958	800006f8	292e19d3	fmax.s	f19,f28,f18	 f28:0x3f7fffae f18:0x8074a396 f19=0x3f7fffae
      19625.000 ns	      1961	800006fc	e00011d3	fclass.s	x3,f0	  f0:0x7f800000  x3=0x00000080
      19655.000 ns	      1964	80000700	c004cf53	fcvt.w.s	x30,f9	  f9:0x13b46d36 x30=0x00000000
      19705.000 ns	      1969	80000704	0943ba53	fsub.s	f20,f7,f20	  f7:0x80000000 f20:0x7f800000 f20=0xff800000
      19735.000 ns	      1972	80000708	28459453	fmax.s	f8,f11,f4	 f11:0x47800400  f4:0x80000000  f8=0x47800400
      19785.000 ns	      1977	8000070c	08023a53	fsub.s	f20,f4,f0	  f4:0x80000000  f0:0x7f800000 f20=0xff800000
      19815.000 ns	      1980	80000710	c00878d3	fcvt.w.s	x17,f16	 f16:0x80000000 x17=0x00000000
      19835.000 ns	      1982	80000714	410507b3	sub	x15,x10,x16	 x10:0x00000080 x16:0x7ffff9d3 x15=0x800006ad
      19855.000 ns	      1984	80000718	c00177d3	fcvt.w.s	x15,f2	  f2:0x00000000 x15=0x00000000
      19875.000 ns	      1986	8000071c	54880997	auipc	x19,0x54880	 x19=0xd488071c
      19915.000 ns	      1990	80000720	00c8ca53	fadd.s	f20,f17,f12	 f17:0x0346e5d4 f12:0x8074a396 f20=0x03451346
      19935.000 ns	      1992	80000724	016a9013	slli	x0,x21,0x16	 x21:0x00000000
      19955.000 ns	      1994	80000728	02261433	mulh	x8,x12,x2	 x12:0x80040fe4  x2:0x7f000b90  x8=0xc081fe1a
      20295.000 ns	      2028	8000072c	194dcc53	fdiv.s	f24,f27,f20	 f27:0xff000fb0 f20:0x03451346 f24=0xff800000
      20325.000 ns	      2031	80000730	026894b3	mulh	x9,x17,x6	 x17:0x00000000  x6:0x00000001  x9=0x00000000
      20355.000 ns	      2034	80000734	c0082fd3	fcvt.w.s	x31,f16	 f16:0x80000000 x31=0x00000000
      20385.000 ns	      2037	80000738	a1488853	fle.s	x16,f17,f20	 f17:0x0346e5d4 f20:0x03451346 x16=0x00000000
      20405.000 ns	      2039	8000073c	00433cb3	sltu	x25,x6,x4	  x6:0x00000001  x4:0x80041024 x25=0x00000001
      20425.000 ns	      2041	80000740	e0079553	fclass.s	x10,f15	 f15:0x3ebaf2d0 x10=0x00000040
      20455.000 ns	      2044	80000744	c00086d3	fcvt.w.s	x13,f1	  f1:0x457e0000 x13=0x00000fe0
      20485.000 ns	      2047	80000748	e00b9ed3	fclass.s	x29,f23	 f23:0x00000000 x29=0x00000010
      20515.000 ns	      2050	8000074c	a0071d53	flt.s	x26,f14,f0	 f14:0x3f5db334  f0:0x7f800000 x26=0x00000001
      20535.000 ns	      2052	80000750	06913f13	sltiu	x30,x2,105	  x2:0x7f000b90 x30=0x00000000
      20545.000 ns	      2053	80000754	0149ba33	sltu	x20,x19,x20	 x19:0xd488071c x20:0xffffffff x20=0x00000001
      21715.000 ns	      2170	80000758	5807afd3	fsqrt.s	f31,f15	 f15:0x3ebaf2d0 f31=0x3e9ab0f0
      21735.000 ns	      2172	8000075c	fcc38ab7	lui	x21,0xfcc38	 x21=0xfcc38000
      21745.000 ns	      2173	80000760	30132693	slti	x13,x6,769	  x6:0x00000001 x13=0x00000001
      21765.000 ns	      2175	80000764	c01b7353	fcvt.wu.s	x6,f22	 f22:0x7f800000  x6=0xffffffff
      21795.000 ns	      2178	80000768	f00d8b53	fmv.w.x	f22,x27	 x27:0x00000000 f22=0x00000000
      21815.000 ns	      2180	8000076c	40f08333	sub	x6,x1,x15	  x1:0x00000001 x15:0x00000000  x6=0x00000001
      21835.000 ns	      2182	80000770	a19f17d3	flt.s	x15,f30,f25	 f30:0x4effffff f25:0x80000000 x15=0x00000000
      22205.000 ns	      2219	80000774	0248c533	div	x10,x17,x4	 x17:0x00000000  x4:0x80041024 x10=0x00000000
      22225.000 ns	      2221	80000778	0142f3b3	and	x7,x5,x20	  x5:0x00000006 x20:0x00000001  x7=0x00000000
      22245.000 ns	      2223	8000077c	d00f8753	fcvt.s.w	f14,x31	 x31:0x00000000 f14=0x00000000
      22265.000 ns	      2225	80000780	ba6f4093	xori	x1,x30,-1114	 x30:0x00000000  x1=0xfffffba6
      22285.000 ns	      2227	80000784	c01cfcd3	fcvt.wu.s	x25,f25	 f25:0x80000000 x25=0x00000000
      22305.000 ns	      2229	80000788	00975033	srl	x0,x14,x9	 x14:0x7f000b90  x9:0x00000000
      22325.000 ns	      2231	8000078c	21ce1253	fsgnjn.s	f4,f28,f28	 f28:0x3f7fffae f28:0x3f7fffae  f4=0xbf7fffae
      22355.000 ns	      2234	80000790	a0718dd3	fle.s	x27,f3,f7	  f3:0xff7fffff  f7:0x80000000 x27=0x00000001
      22375.000 ns	      2236	80000794	01eda7b3	slt	x15,x27,x30	 x27:0x00000000 x30:0x00000000 x15=0x00000000
      22395.000 ns	      2238	80000798	a0fc89d3	fle.s	x19,f25,f15	 f25:0x80000000 f15:0x3ebaf2d0 x19=0x00000001
      22425.000 ns	      2241	8000079c	e00c0d53	fmv.x.w	x26,f24	 f24:0xff800000 x26=0xff800000
      22465.000 ns	      2245	800007a0	19fb0553	fdiv.s	f10,f22,f31	 f22:0x00000000 f31:0x3e9ab0f0 f10=0x00000000
      22805.000 ns	      2279	800007a4	183e4353	fdiv.s	f6,f28,f3	 f28:0x3f7fffae  f3:0xff7fffff  f6=0xff800000
      22855.000 ns	      2284	800007a8	09762753	fsub.s	f14,f12,f23	 f12:0x8074a396 f23:0x00000000 f14=0x8074a396
      22875.000 ns	      2286	800007ac	0192ab33	slt	x22,x5,x25	  x5:0x00000006 x25:0x00000000 x22=0x00000000
      22885.000 ns	      2287	800007b0	0126d113	srli	x2,x13,0x12	 x13:0x00000001  x2=0x00000000
      23245.000 ns	      2323	800007b4	0241d033	divu	x0,x3,x4	  x3:0x00000080  x4:0x80041024
      23265.000 ns	      2325	800007b8	014c6133	or	x2,x24,x20	 x24:0xc5e226d8 x20:0x00000001  x2=0xc5e226d9
      23275.000 ns	      2326	800007bc	01515d13	srli	x26,x2,0x15	  x2:0x00000000 x26=0x0000062f
      23285.000 ns	      2327	800007c0	0070b033	sltu	x0,x1,x7	  x1:0xfffffba6  x7:0x00000000
      23295.000 ns	      2328	800007c4	002a0eb3	add	x29,x20,x2	 x20:0x00000001  x2:0xc5e226d9 x29=0xc5e226da
      23315.000 ns	      2330	800007c8	28380ed3	fmin.s	f29,f16,f3	 f16:0x80000000  f3:0xff7fffff f29=0xff7fffff
      23335.000 ns	      2332	800007cc	009f2bb3	slt	x23,x30,x9	 x30:0x00000000  x9:0x00000000 x23=0x00000000
      23345.000 ns	      2333	800007d0	c265ac13	slti	x24,x11,-986	 x11:0x00000fe0 x24=0x00000000
      23375.000 ns	      2336	800007d4	10d9fd53	fmul.s	f26,f19,f13	 f19:0x3f7fffae f13:0x7f800000 f26=0x7f800000
      23405.000 ns	      2339	800007d8	c01814d3	fcvt.wu.s	x9,f16	 f16:0x80000000  x9=0x00000000
      23455.000 ns	      2344	800007dc	0983b6d3	fsub.s	f13,f7,f24	  f7:0x80000000 f24:0xff800000 f13=0x7f800000
      23475.000 ns	      2346	800007e0	00e11593	slli	x11,x2,0xe	  x2:0xc5e226d9 x11=0x89b64000
      23485.000 ns	      2347	800007e4	037e8f93	addi	x31,x29,55	 x29:0xc5e226da x31=0xc5e22711
      23515.000 ns	      2350	800007e8	11ff7153	fmul.s	f2,f30,f31	 f30:0x4effffff f31:0x3e9ab0f0  f2=0x4e1ab0ef
      23545.000 ns	      2353	800007ec	d009ca53	fcvt.s.w	f20,x19	 x19:0x00000001 f20=0x3f800000
      23575.000 ns	      2356	800007f0	0203db33	divu	x22,x7,x0	  x7:0x00000000  x0:0x00000000 x22=0xffffffff
      23605.000 ns	      2359	800007f4	214ba9d3	fsgnjx.s	f19,f23,f20	 f23:0x00000000 f20:0x3f800000 f19=0x00000000
      23635.000 ns	      2362	800007f8	02ad72b3	remu	x5,x26,x10	 x26:0x0000062f x10:0x00000000  x5=0x0000062f
      23675.000 ns	      2366	800007fc	116ffa53	fmul.s	f20,f31,f22	 f31:0x3e9ab0f0 f22:0x00000000 f20=0x00000000
      24045.000 ns	      2403	80000800	03b1f733	remu	x14,x3,x27	  x3:0x00000080 x27:0x00000001 x14=0x00000000
      24065.000 ns	      2405	80000804	00451533	sll	x10,x10,x4	 x10:0x00000000  x4:0x80041024 x10=0x00000000
      24075.000 ns	      2406	80000808	0b5d38b7	lui	x17,0xb5d3	 x17=0x0b5d3000
      24095.000 ns	      2408	8000080c	20eda0d3	fsgnjx.s	f1,f27,f14	 f27:0xff000fb0 f14:0x8074a396  f1=0x7f000fb0
      24115.000 ns	      2410	80000810	3bfafeb7	lui	x29,0x3bfaf	 x29=0x3bfaf000
      24135.000 ns	      2412	80000814	a13a1b53	flt.s	x22,f20,f19	 f20:0x00000000 f19:0x00000000 x22=0x00000000
      24155.000 ns	      2414	80000818	41fbd393	srai	x7,x23,0x1f	 x23:0x00000000  x7=0x00000000
      24165.000 ns	      2415	8000081c	fb37c293	xori	x5,x15,-77	 x15:0x00000000  x5=0xffffffb3
      24185.000 ns	      2417	80000820	21810a53	fsgnj.s	f20,f2,f24	  f2:0x4e1ab0ef f24:0xff800000 f20=0xce1ab0ef
      24555.000 ns	      2454	80000824	023b4333	div	x6,x22,x3	 x22:0x00000000  x3:0x00000080  x6=0x00000000
      24575.000 ns	      2456	80000828	006075b3	and	x11,x0,x6	  x0:0x00000000  x6:0x00000001 x11=0x00000000
      24595.000 ns	      2458	8000082c	20db2f53	fsgnjx.s	f30,f22,f13	 f22:0x00000000 f13:0x7f800000 f30=0x00000000
      24625.000 ns	      2461	80000830	03044bb3	div	x23,x8,x16	  x8:0xc081fe1a x16:0x00000000 x23=0xffffffff
      24645.000 ns	      2463	80000834	00622533	slt	x10,x4,x6	  x4:0x80041024  x6:0x00000000 x10=0x00000001
      24675.000 ns	      2466	80000838	5801f3d3	fsqrt.s	f7,f3	  f3:0xff7fffff  f7=0x7fc00000
      24705.000 ns	      2469	8000083c	20f7a053	fsgnjx.s	f0,f15,f15	 f15:0x3ebaf2d0 f15:0x3ebaf2d0  f0=0x3ebaf2d0
      24725.000 ns	      2471	80000840	2ee46f93	ori	x31,x8,750	  x8:0xc081fe1a x31=0xc081fefe
      24735.000 ns	      2472	80000844	c8298f13	addi	x30,x19,-894	 x19:0x00000001 x30=0xfffffc83
      24745.000 ns	      2473	80000848	387ba913	slti	x18,x23,903	 x23:0xffffffff x18=0x00000001
      24755.000 ns	      2474	8000084c	009bf333	and	x6,x23,x9	 x23:0xffffffff  x9:0x00000000  x6=0x00000000
      25115.000 ns	      2510	80000850	028c7eb3	remu	x29,x24,x8	 x24:0x00000000  x8:0xc081fe1a x29=0x00000000
      25145.000 ns	      2513	80000854	29d11bd3	fmax.s	f23,f2,f29	  f2:0x4e1ab0ef f29:0xff7fffff f23=0x4e1ab0ef
      25165.000 ns	      2515	80000858	3c7ac593	xori	x11,x21,967	 x21:0xfcc38000 x11=0xfcc383c7
      25175.000 ns	      2516	8000085c	00e56433	or	x8,x10,x14	 x10:0x00000001 x14:0x00000000  x8=0x00000001
      25185.000 ns	      2517	80000860	41fa5913	srai	x18,x20,0x1f	 x20:0x00000001 x18=0x00000000
      25205.000 ns	      2519	80000864	28881953	fmax.s	f18,f16,f8	 f16:0x80000000  f8:0x47800400 f18=0x47800400
      25225.000 ns	      2521	80000868	01ed4033	xor	x0,x26,x30	 x26:0x0000062f x30:0xfffffc83
      25585.000 ns	      2557	8000086c	023277b3	remu	x15,x4,x3	  x4:0x80041024  x3:0x00000080 x15=0x00000024
      25605.000 ns	      2559	80000870	00000013	addi	x0,x0,0	  x0:0x00000000
      25625.000 ns	      2561	80000874	21862153	fsgnjx.s	f2,f12,f24	 f12:0x8074a396 f24:0xff800000  f2=0x0074a396
      25645.000 ns	      2563	80000878	45f20893	addi	x17,x4,1119	  x4:0x80041024 x17=0x80041483
      25665.000 ns	      2565	8000087c	f00801d3	fmv.w.x	f3,x16	 x16:0x00000000  f3=0x00000000
      25685.000 ns	      2567	80000880	cbfe8d93	addi	x27,x29,-833	 x29:0x00000000 x27=0xfffffcbf
      25705.000 ns	      2569	80000884	e00a00d3	fmv.x.w	x1,f20	 f20:0xce1ab0ef  x1=0xce1ab0ef
      25735.000 ns	      2572	80000888	02a1a7b3	mulhsu	x15,x3,x10	  x3:0x00000080 x10:0x00000001 x15=0x00000000
      25765.000 ns	      2575	8000088c	28541c53	fmax.s	f24,f8,f5	  f8:0x47800400  f5:0x80000000 f24=0x47800400
      26105.000 ns	      2609	80000890	188ef553	fdiv.s	f10,f29,f8	 f29:0xff7fffff  f8:0x47800400 f10=0xf7490708
      26475.000 ns	      2646	80000894	03136bb3	rem	x23,x6,x17	  x6:0x00000000 x17:0x80041483 x23=0x00000000
      26505.000 ns	      2649	80000898	20359d53	fsgnjn.s	f26,f11,f3	 f11:0x47800400  f3:0x00000000 f26=0xc7800400
      26525.000 ns	      2651	8000089c	018736b3	sltu	x13,x14,x24	 x14:0x00000000 x24:0x00000000 x13=0x00000000
      26545.000 ns	      2653	800008a0	03ca93b3	mulh	x7,x21,x28	 x21:0xfcc38000 x28:0x00000007  x7=0xffffffff
      26575.000 ns	      2656	800008a4	d0052c53	fcvt.s.w	f24,x10	 x10:0x00000001 f24=0x3f800000
      26605.000 ns	      2659	800008a8	e00b9453	fclass.s	x8,f23	 f23:0x4e1ab0ef  x8=0x00000040
      26625.000 ns	      2661	800008ac	00e60cb3	add	x25,x12,x14	 x12:0x80040fe4 x14:0x00000000 x25=0x80040fe4
      26635.000 ns	      2662	800008b0	002a9e93	slli	x29,x21,0x2	 x21:0xfcc38000 x29=0xf30e0000
      26665.000 ns	      2665	800008b4	10a27a53	fmul.s	f20,f4,f10	  f4:0xbf7fffae f10:0xf7490708 f20=0x774906c8
      26695.000 ns	      2668	800008b8	20cb21d3	fsgnjx.s	f3,f22,f12	 f22:0x00000000 f12:0x8074a396  f3=0x80000000
      26715.000 ns	      2670	800008bc	40e08eb3	sub	x29,x1,x14	  x1:0xce1ab0ef x14:0x00000000 x29=0xce1ab0ef
      26745.000 ns	      2673	800008c0	1967fdd3	fdiv.s	f27,f15,f22	 f15:0x3ebaf2d0 f22:0x00000000 f27=0x7f800000
      26775.000 ns	      2676	800008c4	f00a8053	fmv.w.x	f0,x21	 x21:0xfcc38000  f0=0xfcc38000
      26805.000 ns	      2679	800008c8	032b0533	mul	x10,x22,x18	 x22:0x00000000 x18:0x00000000 x10=0x00000000
      26835.000 ns	      2682	800008cc	287e9dd3	fmax.s	f27,f29,f7	 f29:0xff7fffff  f7:0x7fc00000 f27=0xff7fffff
      26855.000 ns	      2684	800008d0	004e1313	slli	x6,x28,0x4	 x28:0x00000007  x6=0x00000070
      26875.000 ns	      2686	800008d4	02d1f1b3	remu	x3,x3,x13	  x3:0x00000080 x13:0x00000000  x3=0x00000080
      26895.000 ns	      2688	800008d8	1aacbc97	auipc	x25,0x1aacb	 x25=0x9aacb8d8
      26905.000 ns	      2689	800008dc	fe5140b7	lui	x1,0xfe514	  x1=0xfe514000
      26925.000 ns	      2691	800008e0	204b9153	fsgnjn.s	f2,f23,f4	 f23:0x4e1ab0ef  f4:0xbf7fffae  f2=0x4e1ab0ef
      26945.000 ns	      2693	800008e4	40f38533	sub	x10,x7,x15	  x7:0xffffffff x15:0x00000000 x10=0xffffffff
      26955.000 ns	      2694	800008e8	76f5e197	auipc	x3,0x76f5e	  x3=0xf6f5e8e8
      26965.000 ns	      2695	800008ec	9305bb13	sltiu	x22,x11,-1744	 x11:0xfcc383c7 x22=0x00000001
      27325.000 ns	      2731	800008f0	02cae8b3	rem	x17,x21,x12	 x21:0xfcc38000 x12:0x80040fe4 x17=0xfcc38000
      27355.000 ns	      2734	800008f4	c000f4d3	fcvt.w.s	x9,f1	  f1:0x7f000fb0  x9=0x7fffffff
      27385.000 ns	      2737	800008f8	a15ba753	feq.s	x14,f23,f21	 f23:0x4e1ab0ef f21:0x7fc00000 x14=0x00000000
      27415.000 ns	      2740	800008fc	a0c993d3	flt.s	x7,f19,f12	 f19:0x00000000 f12:0x8074a396  x7=0x00000000
      27455.000 ns	      2744	80000900	101bbfd3	fmul.s	f31,f23,f1	 f23:0x4e1ab0ef  f1:0x7f000fb0 f31=0x7f800000
      27485.000 ns	      2747	80000904	03529133	mulh	x2,x5,x21	  x5:0xffffffb3 x21:0xfcc38000  x2=0x00000000
      27515.000 ns	      2750	80000908	201e04d3	fsgnj.s	f9,f28,f1	 f28:0x3f7fffae  f1:0x7f000fb0  f9=0x3f7fffae
      27545.000 ns	      2753	8000090c	03e51433	mulh	x8,x10,x30	 x10:0xffffffff x30:0xfffffc83  x8=0x00000000
      27575.000 ns	      2756	80000910	03a88533	mul	x10,x17,x26	 x17:0xfcc38000 x26:0x0000062f x10=0xfce48000
      27605.000 ns	      2759	80000914	28469853	fmax.s	f16,f13,f4	 f13:0x7f800000  f4:0xbf7fffae f16=0x7f800000
      27655.000 ns	      2764	80000918	00358953	fadd.s	f18,f11,f3	 f11:0x47800400  f3:0x80000000 f18=0x47800400
      27675.000 ns	      2766	8000091c	01fd9433	sll	x8,x27,x31	 x27:0xfffffcbf x31:0xc081fefe  x8=0xc0000000
      27685.000 ns	      2767	80000920	0152ea33	or	x20,x5,x21	  x5:0xffffffb3 x21:0xfcc38000 x20=0xffffffb3
      27695.000 ns	      2768	80000924	241b2593	slti	x11,x22,577	 x22:0x00000001 x11=0x00000001
      27715.000 ns	      2770	80000928	28e80453	fmin.s	f8,f16,f14	 f16:0x7f800000 f14:0x8074a396  f8=0x8074a396
      27745.000 ns	      2773	8000092c	c014fbd3	fcvt.wu.s	x23,f9	  f9:0x3f7fffae x23=0x00000000
      27765.000 ns	      2775	80000930	00000013	addi	x0,x0,0	  x0:0x00000000
      27775.000 ns	      2776	80000934	e438ca93	xori	x21,x17,-445	 x17:0xfcc38000 x21=0x033c7e43
      27785.000 ns	      2777	80000938	41880cb3	sub	x25,x16,x24	 x16:0x00000000 x24:0x00000000 x25=0x00000000
      28145.000 ns	      2813	8000093c	035e5d33	divu	x26,x28,x21	 x28:0x00000007 x21:0xfcc38000 x26=0x00000000
      28165.000 ns	      2815	80000940	01226533	or	x10,x4,x18	  x4:0x80041024 x18:0x00000000 x10=0x80041024
      28175.000 ns	      2816	80000944	409ad4b3	sra	x9,x21,x9	 x21:0x033c7e43  x9:0x7fffffff  x9=0x00000000
      28535.000 ns	      2852	80000948	03d3e2b3	rem	x5,x7,x29	  x7:0x00000000 x29:0xce1ab0ef  x5=0x00000000
      28565.000 ns	      2855	8000094c	e0008053	fmv.x.w	x0,f1	  f1:0x7f000fb0
      28595.000 ns	      2858	80000950	d0064b53	fcvt.s.w	f22,x12	 x12:0x80040fe4 f22=0xcefff7e0
      28635.000 ns	      2862	80000954	193f7153	fdiv.s	f2,f30,f19	 f30:0x00000000 f19:0x00000000  f2=0x7fc00000
      28655.000 ns	      2864	80000958	00b343b3	xor	x7,x6,x11	  x6:0x00000070 x11:0x00000001  x7=0x00000071
      29015.000 ns	      2900	8000095c	028fcd33	div	x26,x31,x8	 x31:0xc081fefe  x8:0xc0000000 x26=0x00000000
      29045.000 ns	      2903	80000960	03234033	div	x0,x6,x18	  x6:0x00000070 x18:0x00000000
      29065.000 ns	      2905	80000964	018756b3	srl	x13,x14,x24	 x14:0x00000000 x24:0x00000000 x13=0x00000000
      29075.000 ns	      2906	80000968	00bab7b3	sltu	x15,x21,x11	 x21:0x033c7e43 x11:0x00000001 x15=0x00000000
      29085.000 ns	      2907	8000096c	95794893	xori	x17,x18,-1705	 x18:0x00000000 x17=0xfffff957
      29095.000 ns	      2908	80000970	46d13517	auipc	x10,0x46d13	 x10=0xc6d13970
      29105.000 ns	      2909	80000974	0053d933	srl	x18,x7,x5	  x7:0x00000071  x5:0x00000000 x18=0x00000071
      29135.000 ns	      2912	80000978	11acfbd3	fmul.s	f23,f25,f26	 f25:0x80000000 f26:0xc7800400 f23=0x00000000
      29165.000 ns	      2915	8000097c	a12a01d3	fle.s	x3,f20,f18	 f20:0x774906c8 f18:0x47800400  x3=0x00000000
      29195.000 ns	      2918	80000980	02ae91b3	mulh	x3,x29,x10	 x29:0xce1ab0ef x10:0xc6d13970  x3=0x0b252c82
      29215.000 ns	      2920	80000984	40425833	sra	x16,x4,x4	  x4:0x80041024  x4:0x80041024 x16=0xf8004102
      29235.000 ns	      2922	80000988	e0051cd3	fclass.s	x25,f10	 f10:0xf7490708 x25=0x00000002
      29605.000 ns	      2959	8000098c	031571b3	remu	x3,x10,x17	 x10:0xc6d13970 x17:0xfffff957  x3=0xc6d13970
      29635.000 ns	      2962	80000990	f00f8e53	fmv.w.x	f28,x31	 x31:0xc081fefe f28=0xc081fefe
      29655.000 ns	      2964	80000994	9ccbc713	xori	x14,x23,-1588	 x23:0x00000000 x14=0xfffff9cc
      29675.000 ns	      2966	80000998	290f9053	fmax.s	f0,f31,f16	 f31:0x7f800000 f16:0x7f800000  f0=0x7f800000
      29705.000 ns	      2969	8000099c	a0bf14d3	flt.s	x9,f30,f11	 f30:0x00000000 f11:0x47800400  x9=0x00000001
      29735.000 ns	      2972	800009a0	0238ba33	mulhu	x20,x17,x3	 x17:0xfffff957  x3:0xc6d13970 x20=0xc6d13443
      29755.000 ns	      2974	800009a4	0a763593	sltiu	x11,x12,167	 x12:0x80040fe4 x11=0x00000000
      29785.000 ns	      2977	800009a8	185522d3	fdiv.s	f5,f10,f5	 f10:0xf7490708  f5:0x80000000  f5=0x7f800000
      29815.000 ns	      2980	800009ac	a18d14d3	flt.s	x9,f26,f24	 f26:0xc7800400 f24:0x3f800000  x9=0x00000001
      30185.000 ns	      3017	800009b0	03c9fa33	remu	x20,x19,x28	 x19:0x00000001 x28:0x00000007 x20=0x00000001
      30215.000 ns	      3020	800009b4	a0168dd3	fle.s	x27,f13,f1	 f13:0x7f800000  f1:0x7f000fb0 x27=0x00000000
      30245.000 ns	      3023	800009b8	f00e03d3	fmv.w.x	f7,x28	 x28:0x00000007  f7=0x00000007
      30275.000 ns	      3026	800009bc	28fa1853	fmax.s	f16,f20,f15	 f20:0x774906c8 f15:0x3ebaf2d0 f16=0x774906c8
      30305.000 ns	      3029	800009c0	d01f85d3	fcvt.s.wu	f11,x31	 x31:0xc081fefe f11=0x4f4081ff
      30675.000 ns	      3066	800009c4	02707c33	remu	x24,x0,x7	  x0:0x00000000  x7:0x00000071 x24=0x00000000
      30695.000 ns	      3068	800009c8	00263f33	sltu	x30,x12,x2	 x12:0x80040fe4  x2:0x00000000 x30=0x00000000
      30715.000 ns	      3070	800009cc	f00a88d3	fmv.w.x	f17,x21	 x21:0x033c7e43 f17=0x033c7e43
      30755.000 ns	      3074	800009d0	114a7953	fmul.s	f18,f20,f20	 f20:0x774906c8 f20:0x774906c8 f18=0x7f800000
      30785.000 ns	      3077	800009d4	287f05d3	fmin.s	f11,f30,f7	 f30:0x00000000  f7:0x00000007 f11=0x00000000
      30805.000 ns	      3079	800009d8	00000013	addi	x0,x0,0	  x0:0x00000000
      30815.000 ns	      3080	800009dc	738ff993	andi	x19,x31,1848	 x31:0xc081fefe x19=0x00000638
      30835.000 ns	      3082	800009e0	e00184d3	fmv.x.w	x9,f3	  f3:0x80000000  x9=0x80000000
      30865.000 ns	      3085	800009e4	f0090453	fmv.w.x	f8,x18	 x18:0x00000071  f8=0x00000071
      30895.000 ns	      3088	800009e8	037e9f33	mulh	x30,x29,x23	 x29:0xce1ab0ef x23:0x00000000 x30=0x00000000
      30925.000 ns	      3091	800009ec	e00014d3	fclass.s	x9,f0	  f0:0x7f800000  x9=0x00000080
      30955.000 ns	      3094	800009f0	a1680453	fle.s	x8,f16,f22	 f16:0x774906c8 f22:0xcefff7e0  x8=0x00000000
      30975.000 ns	      3096	800009f4	00000013	addi	x0,x0,0	  x0:0x00000000
      30985.000 ns	      3097	800009f8	c97496b7	lui	x13,0xc9749	 x13=0xc9749000
      30995.000 ns	      3098	800009fc	00839d93	slli	x27,x7,0x8	  x7:0x00000071 x27=0x00007100
      31015.000 ns	      3100	80000a00	c002a353	fcvt.w.s	x6,f5	  f5:0x7f800000  x6=0x7fffffff
      31045.000 ns	      3103	80000a04	e0039153	fclass.s	x2,f7	  f7:0x00000007  x2=0x00000020
      31065.000 ns	      3105	80000a08	93741497	auipc	x9,0x93741	  x9=0x13741a08
      31075.000 ns	      3106	80000a0c	fe6c83b7	lui	x7,0xfe6c8	  x7=0xfe6c8000
      31085.000 ns	      3107	80000a10	49bc3693	sltiu	x13,x24,1179	 x24:0x00000000 x13=0x00000001
      31445.000 ns	      3143	80000a14	03da4833	div	x16,x20,x29	 x20:0x00000001 x29:0xce1ab0ef x16=0x00000000
      31475.000 ns	      3146	80000a18	e0010b53	fmv.x.w	x22,f2	  f2:0x7fc00000 x22=0x7fc00000
      31505.000 ns	      3149	80000a1c	f00d81d3	fmv.w.x	f3,x27	 x27:0x00007100  f3=0x00007100
      31525.000 ns	      3151	80000a20	95204b93	xori	x23,x0,-1710	  x0:0x00000000 x23=0xfffff952
      31545.000 ns	      3153	80000a24	d01aadd3	fcvt.s.wu	f27,x21	 x21:0x033c7e43 f27=0x4c4f1f91
      31575.000 ns	      3156	80000a28	0256a8b3	mulhsu	x17,x13,x5	 x13:0x00000001  x5:0x00000000 x17=0x00000000
      31605.000 ns	      3159	80000a2c	20f596d3	fsgnjn.s	f13,f11,f15	 f11:0x00000000 f15:0x3ebaf2d0 f13=0x80000000
      31635.000 ns	      3162	80000a30	a1ab0c53	fle.s	x24,f22,f26	 f22:0xcefff7e0 f26:0xc7800400 x24=0x00000001
      31665.000 ns	      3165	80000a34	a0ac82d3	fle.s	x5,f25,f10	 f25:0x80000000 f10:0xf7490708  x5=0x00000000
      31685.000 ns	      3167	80000a38	01264eb3	xor	x29,x12,x18	 x12:0x80040fe4 x18:0x00000071 x29=0x80040f95
      31695.000 ns	      3168	80000a3c	014d70b3	and	x1,x26,x20	 x26:0x00000000 x20:0x00000001  x1=0x00000000
      31715.000 ns	      3170	80000a40	e00f1cd3	fclass.s	x25,f30	 f30:0x00000000 x25=0x00000010
      31735.000 ns	      3172	80000a44	0b81f013	andi	x0,x3,184	  x3:0xc6d13970
      31775.000 ns	      3176	80000a48	0190fb53	fadd.s	f22,f1,f25	  f1:0x7f000fb0 f25:0x80000000 f22=0x7f000fb0
      31805.000 ns	      3179	80000a4c	d010f353	fcvt.s.wu	f6,x1	  x1:0x00000000  f6=0x00000000
      31835.000 ns	      3182	80000a50	a11c9853	flt.s	x16,f25,f17	 f25:0x80000000 f17:0x033c7e43 x16=0x00000001
      31865.000 ns	      3185	80000a54	21d593d3	fsgnjn.s	f7,f11,f29	 f11:0x00000000 f29:0xff7fffff  f7=0x00000000
      31895.000 ns	      3188	80000a58	a08f2a53	feq.s	x20,f30,f8	 f30:0x00000000  f8:0x00000071 x20=0x00000000
      31915.000 ns	      3190	80000a5c	003dfc97	auipc	x25,0x3df	 x25=0x803dfa5c
      32275.000 ns	      3226	80000a60	0262ca33	div	x20,x5,x6	  x5:0x00000000  x6:0x7fffffff x20=0x00000000
      32295.000 ns	      3228	80000a64	006c5d33	srl	x26,x24,x6	 x24:0x00000001  x6:0x7fffffff x26=0x00000000
      32305.000 ns	      3229	80000a68	01885c13	srli	x24,x16,0x18	 x16:0x00000001 x24=0x00000000
      32325.000 ns	      3231	80000a6c	a1471953	flt.s	x18,f14,f20	 f14:0x8074a396 f20:0x774906c8 x18=0x00000001
      32355.000 ns	      3234	80000a70	037e98b3	mulh	x17,x29,x23	 x29:0x80040f95 x23:0xfffff952 x17=0x00000356
      32385.000 ns	      3237	80000a74	a0461753	flt.s	x14,f12,f4	 f12:0x8074a396  f4:0xbf7fffae x14=0x00000000
      32415.000 ns	      3240	80000a78	20e90953	fsgnj.s	f18,f18,f14	 f18:0x7f800000 f14:0x8074a396 f18=0xff800000
      32445.000 ns	      3243	80000a7c	f0078dd3	fmv.w.x	f27,x15	 x15:0x00000000 f27=0x00000000
      32475.000 ns	      3246	80000a80	03e35533	divu	x10,x6,x30	  x6:0x7fffffff x30:0x00000000 x10=0xffffffff
      32495.000 ns	      3248	80000a84	40c40733	sub	x14,x8,x12	  x8:0x00000000 x12:0x80040fe4 x14=0x7ffbf01c
      32515.000 ns	      3250	80000a88	0246afb3	mulhsu	x31,x13,x4	 x13:0x00000001  x4:0x80041024 x31=0x00000000
      32565.000 ns	      3255	80000a8c	01a09fd3	fadd.s	f31,f1,f26	  f1:0x7f000fb0 f26:0xc7800400 f31=0x7f000fb0
      32595.000 ns	      3258	80000a90	e00592d3	fclass.s	x5,f11	 f11:0x00000000  x5=0x00000010
      32615.000 ns	      3260	80000a94	00c8dc33	srl	x24,x17,x12	 x17:0x00000356 x12:0x80040fe4 x24=0x00000035
      32635.000 ns	      3262	80000a98	023495b3	mulh	x11,x9,x3	  x9:0x13741a08  x3:0xc6d13970 x11=0xfba79840
      32655.000 ns	      3264	80000a9c	01a600b3	add	x1,x12,x26	 x12:0x80040fe4 x26:0x00000000  x1=0x80040fe4
      32665.000 ns	      3265	80000aa0	015a70b3	and	x1,x20,x21	 x20:0x00000000 x21:0x033c7e43  x1=0x00000000
      32685.000 ns	      3267	80000aa4	28df1853	fmax.s	f16,f30,f13	 f30:0x00000000 f13:0x80000000 f16=0x00000000
      32735.000 ns	      3272	80000aa8	09a67653	fsub.s	f12,f12,f26	 f12:0x8074a396 f26:0xc7800400 f12=0x47800400
      32755.000 ns	      3274	80000aac	428c8413	addi	x8,x25,1064	 x25:0x803dfa5c  x8=0x803dfe84
      32765.000 ns	      3275	80000ab0	09ec8197	auipc	x3,0x9ec8	  x3=0x89ec8ab0
      32785.000 ns	      3277	80000ab4	29b718d3	fmax.s	f17,f14,f27	 f14:0x8074a396 f27:0x00000000 f17=0x00000000
      32815.000 ns	      3280	80000ab8	e0070ed3	fmv.x.w	x29,f14	 f14:0x8074a396 x29=0x8074a396
      33155.000 ns	      3314	80000abc	1830f653	fdiv.s	f12,f1,f3	  f1:0x7f000fb0  f3:0x00007100 f12=0x7f800000
      33185.000 ns	      3317	80000ac0	20b32553	fsgnjx.s	f10,f6,f11	  f6:0x00000000 f11:0x00000000 f10=0x00000000
      33205.000 ns	      3319	80000ac4	41f48bb3	sub	x23,x9,x31	  x9:0x13741a08 x31:0x00000000 x23=0x13741a08
      33235.000 ns	      3322	80000ac8	18538053	fdiv.s	f0,f7,f5	  f7:0x00000000  f5:0x7f800000  f0=0x00000000
      33255.000 ns	      3324	80000acc	40600c33	sub	x24,x0,x6	  x0:0x00000000  x6:0x7fffffff x24=0x80000001
      33265.000 ns	      3325	80000ad0	01906033	or	x0,x0,x25	  x0:0x00000000 x25:0x803dfa5c
      33295.000 ns	      3328	80000ad4	10a7f3d3	fmul.s	f7,f15,f10	 f15:0x3ebaf2d0 f10:0x00000000  f7=0x00000000
      33325.000 ns	      3331	80000ad8	d01fa353	fcvt.s.wu	f6,x31	 x31:0x00000000  f6=0x00000000
      33355.000 ns	      3334	80000adc	c00c9dd3	fcvt.w.s	x27,f25	 f25:0x80000000 x27=0x00000000
      33405.000 ns	      3339	80000ae0	083138d3	fsub.s	f17,f2,f3	  f2:0x7fc00000  f3:0x00007100 f17=0x7fc00000
      33435.000 ns	      3342	80000ae4	03bd99b3	mulh	x19,x27,x27	 x27:0x00000000 x27:0x00000000 x19=0x00000000
      33465.000 ns	      3345	80000ae8	03e84f33	div	x30,x16,x30	 x16:0x00000001 x30:0x00000000 x30=0xffffffff
      33485.000 ns	      3347	80000aec	3aece9b7	lui	x19,0x3aece	 x19=0x3aece000
      33495.000 ns	      3348	80000af0	00a7eeb3	or	x29,x15,x10	 x15:0x00000000 x10:0xffffffff x29=0xffffffff
      33535.000 ns	      3352	80000af4	092f9853	fsub.s	f16,f31,f18	 f31:0x7f000fb0 f18:0xff800000 f16=0x7f800000
      33565.000 ns	      3355	80000af8	e00c99d3	fclass.s	x19,f25	 f25:0x80000000 x19=0x00000008
      33585.000 ns	      3357	80000afc	006713b3	sll	x7,x14,x6	 x14:0x7ffbf01c  x6:0x7fffffff  x7=0x00000000
      33605.000 ns	      3359	80000b00	e00a8bd3	fmv.x.w	x23,f21	 f21:0x7fc00000 x23=0x7fc00000
      33635.000 ns	      3362	80000b04	a0f211d3	flt.s	x3,f4,f15	  f4:0xbf7fffae f15:0x3ebaf2d0  x3=0x00000001
      33665.000 ns	      3365	80000b08	03771033	mulh	x0,x14,x23	 x14:0x7ffbf01c x23:0x7fc00000
      34035.000 ns	      3402	80000b0c	03164ab3	div	x21,x12,x17	 x12:0x80040fe4 x17:0x00000356 x21=0xffd9a27e
      34065.000 ns	      3405	80000b10	299e91d3	fmax.s	f3,f29,f25	 f29:0xff7fffff f25:0x80000000  f3=0x80000000
      34085.000 ns	      3407	80000b14	406a5813	srai	x16,x20,0x6	 x20:0x00000000 x16=0x00000000
      34095.000 ns	      3408	80000b18	287f6f13	ori	x30,x30,647	 x30:0xffffffff x30=0xffffffff
      34115.000 ns	      3410	80000b1c	e00680d3	fmv.x.w	x1,f13	 f13:0x80000000  x1=0x80000000
      34135.000 ns	      3412	80000b20	ecd84297	auipc	x5,0xecd84	  x5=0x6cd84b20
      34145.000 ns	      3413	80000b24	f63fe193	ori	x3,x31,-157	 x31:0x00000000  x3=0xffffff63
      34155.000 ns	      3414	80000b28	00e4d113	srli	x2,x9,0xe	  x9:0x13741a08  x2=0x00004dd0
      34165.000 ns	      3415	80000b2c	01d77033	and	x0,x14,x29	 x14:0x7ffbf01c x29:0xffffffff
      34175.000 ns	      3416	80000b30	011bde93	srli	x29,x23,0x11	 x23:0x7fc00000 x29=0x00003fe0
      34215.000 ns	      3420	80000b34	099a88d3	fsub.s	f17,f21,f25	 f21:0x7fc00000 f25:0x80000000 f17=0x7fc00000
      35395.000 ns	      3538	80000b38	5804ab53	fsqrt.s	f22,f9	  f9:0x3f7fffae f22=0x3f35042a
      35425.000 ns	      3541	80000b3c	21f4a653	fsgnjx.s	f12,f9,f31	  f9:0x3f7fffae f31:0x7f000fb0 f12=0x3f7fffae
      35445.000 ns	      3543	80000b40	c0c0f2b7	lui	x5,0xc0c0f	  x5=0xc0c0f000
      35455.000 ns	      3544	80000b44	01941813	slli	x16,x8,0x19	  x8:0x803dfe84 x16=0x08000000
      35465.000 ns	      3545	80000b48	00db49b3	xor	x19,x22,x13	 x22:0x7fc00000 x13:0x00000001 x19=0x7fc00001
      35475.000 ns	      3546	80000b4c	41fdda33	sra	x20,x27,x31	 x27:0x00000000 x31:0x00000000 x20=0x00000000
      35485.000 ns	      3547	80000b50	40a10933	sub	x18,x2,x10	  x2:0x00004dd0 x10:0xffffffff x18=0x00004dd1
      35505.000 ns	      3549	80000b54	29161ed3	fmax.s	f29,f12,f17	 f12:0x3f7fffae f17:0x7fc00000 f29=0x3f7fffae
      35535.000 ns	      3552	80000b58	219d83d3	fsgnj.s	f7,f27,f25	 f27:0x00000000 f25:0x80000000  f7=0x80000000
      35555.000 ns	      3554	80000b5c	0197c0b3	xor	x1,x15,x25	 x15:0x00000000 x25:0x803dfa5c  x1=0x803dfa5c
      35885.000 ns	      3587	80000b60	184e3453	fdiv.s	f8,f28,f4	 f28:0xc081fefe  f4:0xbf7fffae  f8=0x40866eb0
      36255.000 ns	      3624	80000b64	03c962b3	rem	x5,x18,x28	 x18:0x00004dd1 x28:0x00000007  x5=0x00000006
      36275.000 ns	      3626	80000b68	d7f80b13	addi	x22,x16,-641	 x16:0x08000000 x22=0x07fffd7f
      36285.000 ns	      3627	80000b6c	b4d52193	slti	x3,x10,-1203	 x10:0xffffffff  x3=0x00000000
      36305.000 ns	      3629	80000b70	031aafb3	mulhsu	x31,x21,x17	 x21:0xffd9a27e x17:0x00000356 x31=0xffffffff
      36325.000 ns	      3631	80000b74	01c0d913	srli	x18,x1,0x1c	  x1:0x803dfa5c x18=0x00000008
      36365.000 ns	      3635	80000b78	0835cd53	fsub.s	f26,f11,f3	 f11:0x00000000  f3:0x80000000 f26=0x00000000
      36385.000 ns	      3637	80000b7c	00c60833	add	x16,x12,x12	 x12:0x80040fe4 x12:0x80040fe4 x16=0x00081fc8
      36395.000 ns	      3638	80000b80	01c86a33	or	x20,x16,x28	 x16:0x08000000 x28:0x00000007 x20=0x00081fcf
      36415.000 ns	      3640	80000b84	21330853	fsgnj.s	f16,f6,f19	  f6:0x00000000 f19:0x00000000 f16=0x00000000
      36445.000 ns	      3643	80000b88	288481d3	fmin.s	f3,f9,f8	  f9:0x3f7fffae  f8:0x40866eb0  f3=0x3f7fffae
      36475.000 ns	      3646	80000b8c	a02b1b53	flt.s	x22,f22,f2	 f22:0x3f35042a  f2:0x7fc00000 x22=0x00000000
      36505.000 ns	      3649	80000b90	0208fbb3	remu	x23,x17,x0	 x17:0x00000356  x0:0x00000000 x23=0x00000356
      36525.000 ns	      3651	80000b94	008bdd93	srli	x27,x23,0x8	 x23:0x7fc00000 x27=0x00000003
      36535.000 ns	      3652	80000b98	00db5113	srli	x2,x22,0xd	 x22:0x00000000  x2=0x00000000
      36895.000 ns	      3688	80000b9c	031e6db3	rem	x27,x28,x17	 x28:0x00000007 x17:0x00000356 x27=0x00000007
      36945.000 ns	      3693	80000ba0	01f2fa53	fadd.s	f20,f5,f31	  f5:0x7f800000 f31:0x7f000fb0 f20=0x7f800000
      36965.000 ns	      3695	80000ba4	00c25193	srli	x3,x4,0xc	  x4:0x80041024  x3=0x00080041
      36975.000 ns	      3696	80000ba8	f5194eb7	lui	x29,0xf5194	 x29=0xf5194000
      36995.000 ns	      3698	80000bac	0242a0b3	mulhsu	x1,x5,x4	  x5:0x00000006  x4:0x80041024  x1=0x00000003
      37015.000 ns	      3700	80000bb0	40185d93	srai	x27,x16,0x1	 x16:0x00081fc8 x27=0x00040fe4
      37035.000 ns	      3702	80000bb4	21a71bd3	fsgnjn.s	f23,f14,f26	 f14:0x8074a396 f26:0x00000000 f23=0x8074a396
      37405.000 ns	      3739	80000bb8	02b66a33	rem	x20,x12,x11	 x12:0x80040fe4 x11:0xfba79840 x20=0xfe07d0a4
      37445.000 ns	      3743	80000bbc	101f7453	fmul.s	f8,f30,f1	 f30:0x00000000  f1:0x7f000fb0  f8=0x00000000
      37475.000 ns	      3746	80000bc0	02b81a33	mulh	x20,x16,x11	 x16:0x00081fc8 x11:0xfba79840 x20=0xffffdcb2
      37495.000 ns	      3748	80000bc4	0df73c13	sltiu	x24,x14,223	 x14:0x7ffbf01c x24=0x00000000
      37505.000 ns	      3749	80000bc8	0194bcb3	sltu	x25,x9,x25	  x9:0x13741a08 x25:0x803dfa5c x25=0x00000001
      37865.000 ns	      3785	80000bcc	02105ab3	divu	x21,x0,x1	  x0:0x00000000  x1:0x00000003 x21=0x00000000
      37895.000 ns	      3788	80000bd0	028c0d33	mul	x26,x24,x8	 x24:0x00000000  x8:0x803dfe84 x26=0x00000000
      37915.000 ns	      3790	80000bd4	010c8833	add	x16,x25,x16	 x25:0x00000001 x16:0x00081fc8 x16=0x00081fc9
      37925.000 ns	      3791	80000bd8	40868933	sub	x18,x13,x8	 x13:0x00000001  x8:0x803dfe84 x18=0x7fc2017d
      37945.000 ns	      3793	80000bdc	d0117dd3	fcvt.s.wu	f27,x2	  x2:0x00000000 f27=0x00000000
      37975.000 ns	      3796	80000be0	02d03d33	mulhu	x26,x0,x13	  x0:0x00000000 x13:0x00000001 x26=0x00000000
      38005.000 ns	      3799	80000be4	d00d7853	fcvt.s.w	f16,x26	 x26:0x00000000 f16=0x00000000
      38045.000 ns	      3803	80000be8	115a3b53	fmul.s	f22,f20,f21	 f20:0x7f800000 f21:0x7fc00000 f22=0x7fc00000
      38065.000 ns	      3805	80000bec	5beb07b7	lui	x15,0x5beb0	 x15=0x5beb0000
      38085.000 ns	      3807	80000bf0	a1c420d3	feq.s	x1,f8,f28	  f8:0x00000000 f28:0xc081fefe  x1=0x00000000
      38105.000 ns	      3809	80000bf4	00000013	addi	x0,x0,0	  x0:0x00000000
      38115.000 ns	      3810	80000bf8	002d9333	sll	x6,x27,x2	 x27:0x00040fe4  x2:0x00000000  x6=0x00040fe4
      38135.000 ns	      3812	80000bfc	e00008d3	fmv.x.w	x17,f0	  f0:0x00000000 x17=0x00000000
      38155.000 ns	      3814	80000c00	01f21c33	sll	x24,x4,x31	  x4:0x80041024 x31:0xffffffff x24=0x00000000
      38175.000 ns	      3816	80000c04	283b0bd3	fmin.s	f23,f22,f3	 f22:0x7fc00000  f3:0x3f7fffae f23=0x3f7fffae
      38205.000 ns	      3819	80000c08	21132dd3	fsgnjx.s	f27,f6,f17	  f6:0x00000000 f17:0x7fc00000 f27=0x00000000
      38225.000 ns	      3821	80000c0c	e1dcfd93	andi	x27,x25,-483	 x25:0x00000001 x27=0x00000001
      38235.000 ns	      3822	80000c10	01ce6833	or	x16,x28,x28	 x28:0x00000007 x28:0x00000007 x16=0x00000007
      38275.000 ns	      3826	80000c14	09b075d3	fsub.s	f11,f0,f27	  f0:0x00000000 f27:0x00000000 f11=0x80000000
      38305.000 ns	      3829	80000c18	d016fa53	fcvt.s.wu	f20,x13	 x13:0x00000001 f20=0x3f800000
      38335.000 ns	      3832	80000c1c	02850eb3	mul	x29,x10,x8	 x10:0xffffffff  x8:0x803dfe84 x29=0x7fc2017c
      38355.000 ns	      3834	80000c20	cb0ceb93	ori	x23,x25,-848	 x25:0x00000001 x23=0xfffffcb1
      38375.000 ns	      3836	80000c24	c00d39d3	fcvt.w.s	x19,f26	 f26:0x00000000 x19=0x00000000
      38415.000 ns	      3840	80000c28	58043553	fsqrt.s	f10,f8	  f8:0x00000000 f10=0x00000000
      38465.000 ns	      3845	80000c2c	00528bd3	fadd.s	f23,f5,f5	  f5:0x7f800000  f5:0x7f800000 f23=0x00000000
      38495.000 ns	      3848	80000c30	d0127b53	fcvt.s.wu	f22,x4	  x4:0x80041024 f22=0x4f000410
      38515.000 ns	      3850	80000c34	01e026b3	slt	x13,x0,x30	  x0:0x00000000 x30:0xffffffff x13=0x00000000
      38535.000 ns	      3852	80000c38	d01e9fd3	fcvt.s.wu	f31,x29	 x29:0x7fc2017c f31=0x4eff8402
      38555.000 ns	      3854	80000c3c	009a3833	sltu	x16,x20,x9	 x20:0xffffdcb2  x9:0x13741a08 x16=0x00000000
      38575.000 ns	      3856	80000c40	c0153ad3	fcvt.wu.s	x21,f10	 f10:0x00000000 x21=0x00000000
      38595.000 ns	      3858	80000c44	2144b293	sltiu	x5,x9,532	  x9:0x13741a08  x5=0x00000000
      38615.000 ns	      3860	80000c48	214a0453	fsgnj.s	f8,f20,f20	 f20:0x3f800000 f20:0x3f800000  f8=0x3f800000
      38645.000 ns	      3863	80000c4c	20c492d3	fsgnjn.s	f5,f9,f12	  f9:0x3f7fffae f12:0x3f7fffae  f5=0xbf7fffae
      38675.000 ns	      3866	80000c50	e00c1b53	fclass.s	x22,f24	 f24:0x3f800000 x22=0x00000040
      39045.000 ns	      3903	80000c54	0322df33	divu	x30,x5,x18	  x5:0x00000000 x18:0x7fc2017d x30=0x00000000
      39065.000 ns	      3905	80000c58	002c5813	srli	x16,x24,0x2	 x24:0x00000000 x16=0x00000000
      39075.000 ns	      3906	80000c5c	00841d13	slli	x26,x8,0x8	  x8:0x803dfe84 x26=0x3dfe8400
      39095.000 ns	      3908	80000c60	022aa0b3	mulhsu	x1,x21,x2	 x21:0x00000000  x2:0x00000000  x1=0x00000000
      39125.000 ns	      3911	80000c64	a02e2f53	feq.s	x30,f28,f2	 f28:0xc081fefe  f2:0x7fc00000 x30=0x00000000
      39145.000 ns	      3913	80000c68	00828ab3	add	x21,x5,x8	  x5:0x00000000  x8:0x803dfe84 x21=0x803dfe84
      39165.000 ns	      3915	80000c6c	21378853	fsgnj.s	f16,f15,f19	 f15:0x3ebaf2d0 f19:0x00000000 f16=0x3ebaf2d0
      39195.000 ns	      3918	80000c70	a1bf0dd3	fle.s	x27,f30,f27	 f30:0x00000000 f27:0x00000000 x27=0x00000001
      39225.000 ns	      3921	80000c74	03ee13b3	mulh	x7,x28,x30	 x28:0x00000007 x30:0x00000000  x7=0x00000000
      39255.000 ns	      3924	80000c78	21d79253	fsgnjn.s	f4,f15,f29	 f15:0x3ebaf2d0 f29:0x3f7fffae  f4=0xbebaf2d0
      39625.000 ns	      3961	80000c7c	023c45b3	div	x11,x24,x3	 x24:0x00000000  x3:0x00080041 x11=0x00000000
      39655.000 ns	      3964	80000c80	21d49053	fsgnjn.s	f0,f9,f29	  f9:0x3f7fffae f29:0x3f7fffae  f0=0xbf7fffae
      40835.000 ns	      4082	80000c84	580492d3	fsqrt.s	f5,f9	  f9:0x3f7fffae  f5=0x3f35042a
      40865.000 ns	      4085	80000c88	a09d8353	fle.s	x6,f27,f9	 f27:0x00000000  f9:0x3f7fffae  x6=0x00000001
      40915.000 ns	      4090	80000c8c	00ad70d3	fadd.s	f1,f26,f10	 f26:0x00000000 f10:0x00000000  f1=0x00000000
      40935.000 ns	      4092	80000c90	8f4b6893	ori	x17,x22,-1804	 x22:0x00000040 x17=0xfffff8f4
      41295.000 ns	      4128	80000c94	03774733	div	x14,x14,x23	 x14:0x7ffbf01c x23:0xfffffcb1 x14=0xffd95153
      41325.000 ns	      4131	80000c98	f00d0dd3	fmv.w.x	f27,x26	 x26:0x3dfe8400 f27=0x3dfe8400
      41345.000 ns	      4133	80000c9c	3180ed93	ori	x27,x1,792	  x1:0x00000000 x27=0x00000318
      41355.000 ns	      4134	80000ca0	00000013	addi	x0,x0,0	  x0:0x00000000
      41365.000 ns	      4135	80000ca4	53053513	sltiu	x10,x10,1328	 x10:0xffffffff x10=0x00000000
      41385.000 ns	      4137	80000ca8	02bdbb33	mulhu	x22,x27,x11	 x27:0x00000318 x11:0x00000000 x22=0x00000000
      41755.000 ns	      4174	80000cac	0318d5b3	divu	x11,x17,x17	 x17:0xfffff8f4 x17:0xfffff8f4 x11=0x00000001
      42125.000 ns	      4211	80000cb0	03b252b3	divu	x5,x4,x27	  x4:0x80041024 x27:0x00000318  x5=0x002960fd
      42145.000 ns	      4213	80000cb4	41148ab3	sub	x21,x9,x17	  x9:0x13741a08 x17:0xfffff8f4 x21=0x13742114
      42155.000 ns	      4214	80000cb8	012cd333	srl	x6,x25,x18	 x25:0x00000001 x18:0x7fc2017d  x6=0x00000000
      42185.000 ns	      4217	80000cbc	10f77fd3	fmul.s	f31,f14,f15	 f14:0x8074a396 f15:0x3ebaf2d0 f31=0xff800000
      42215.000 ns	      4220	80000cc0	a1f6ad53	feq.s	x26,f13,f31	 f13:0x80000000 f31:0x4eff8402 x26=0x00000000
      42235.000 ns	      4222	80000cc4	016d6eb3	or	x29,x26,x22	 x26:0x3dfe8400 x22:0x00000000 x29=0x00000000
      42275.000 ns	      4226	80000cc8	010c1fd3	fadd.s	f31,f24,f16	 f24:0x3f800000 f16:0x3ebaf2d0 f31=0x3faebcb4
      42305.000 ns	      4229	80000ccc	e0079ed3	fclass.s	x29,f15	 f15:0x3ebaf2d0 x29=0x00000040
      42355.000 ns	      4234	80000cd0	09affad3	fsub.s	f21,f31,f26	 f31:0x3faebcb4 f26:0x00000000 f21=0x3faebcb4
      42375.000 ns	      4236	80000cd4	41d452b3	sra	x5,x8,x29	  x8:0x803dfe84 x29:0x00000040  x5=0x803dfe84
      42405.000 ns	      4239	80000cd8	19c97153	fdiv.s	f2,f18,f28	 f18:0xff800000 f28:0xc081fefe  f2=0x7f800000
      42425.000 ns	      4241	80000cdc	019ba4b3	slt	x9,x23,x25	 x23:0xfffffcb1 x25:0x00000001  x9=0x00000001
      42445.000 ns	      4243	80000ce0	f00783d3	fmv.w.x	f7,x15	 x15:0x5beb0000  f7=0x5beb0000
      42475.000 ns	      4246	80000ce4	02379bb3	mulh	x23,x15,x3	 x15:0x5beb0000  x3:0x00080041 x23=0x0002df6f
      42505.000 ns	      4249	80000ce8	022b00b3	mul	x1,x22,x2	 x22:0x00000000  x2:0x00000000  x1=0x00000000
      42525.000 ns	      4251	80000cec	41aa5433	sra	x8,x20,x26	 x20:0xffffdcb2 x26:0x00000000  x8=0xffffdcb2
      42545.000 ns	      4253	80000cf0	a1bd9953	flt.s	x18,f27,f27	 f27:0x3dfe8400 f27:0x3dfe8400 x18=0x00000000
      42565.000 ns	      4255	80000cf4	e4a1e937	lui	x18,0xe4a1e	 x18=0xe4a1e000
      42575.000 ns	      4256	80000cf8	002152b3	srl	x5,x2,x2	  x2:0x00000000  x2:0x00000000  x5=0x00000000
      42595.000 ns	      4258	80000cfc	a02018d3	flt.s	x17,f0,f2	  f0:0xbf7fffae  f2:0x7f800000 x17=0x00000001
      42615.000 ns	      4260	80000d00	40fbdc93	srai	x25,x23,0xf	 x23:0x0002df6f x25=0x00000005
      42625.000 ns	      4261	80000d04	567147b7	lui	x15,0x56714	 x15=0x56714000
      42635.000 ns	      4262	80000d08	d9430393	addi	x7,x6,-620	  x6:0x00000000  x7=0xfffffd94
      42655.000 ns	      4264	80000d0c	28368853	fmin.s	f16,f13,f3	 f13:0x80000000  f3:0x3f7fffae f16=0x80000000
      42685.000 ns	      4267	80000d10	03e92cb3	mulhsu	x25,x18,x30	 x18:0xe4a1e000 x30:0x00000000 x25=0x00000000
      42705.000 ns	      4269	80000d14	8e8c9297	auipc	x5,0x8e8c9	  x5=0x0e8c9d14
      42725.000 ns	      4271	80000d18	c00b76d3	fcvt.w.s	x13,f22	 f22:0x4f000410 x13=0x7fffffff
      42745.000 ns	      4273	80000d1c	08590b37	lui	x22,0x8590	 x22=0x08590000
      43105.000 ns	      4309	80000d20	0322c433	div	x8,x5,x18	  x5:0x0e8c9d14 x18:0xe4a1e000  x8=0x00000000
      43135.000 ns	      4312	80000d24	c006f753	fcvt.w.s	x14,f13	 f13:0x80000000 x14=0x00000000
      43175.000 ns	      4316	80000d28	580f7d53	fsqrt.s	f26,f30	 f30:0x00000000 f26=0x00000000
      43545.000 ns	      4353	80000d2c	0322d7b3	divu	x15,x5,x18	  x5:0x0e8c9d14 x18:0xe4a1e000 x15=0x00000000
      43565.000 ns	      4355	80000d30	40eadc93	srai	x25,x21,0xe	 x21:0x13742114 x25=0x00004dd0
      43585.000 ns	      4357	80000d34	d00cc5d3	fcvt.s.w	f11,x25	 x25:0x00000000 f11=0x469ba000
      43615.000 ns	      4360	80000d38	0305cab3	div	x21,x11,x16	 x11:0x00000001 x16:0x00000000 x21=0xffffffff
      43665.000 ns	      4365	80000d3c	09954fd3	fsub.s	f31,f10,f25	 f10:0x00000000 f25:0x80000000 f31=0x00000000
      43695.000 ns	      4368	80000d40	d0017053	fcvt.s.w	f0,x2	  x2:0x00000000  f0=0x00000000
      43725.000 ns	      4371	80000d44	a04ba6d3	feq.s	x13,f23,f4	 f23:0x00000000  f4:0xbebaf2d0 x13=0x00000000
      43745.000 ns	      4373	80000d48	0073cd33	xor	x26,x7,x7	  x7:0xfffffd94  x7:0xfffffd94 x26=0x00000000
      43755.000 ns	      4374	80000d4c	c1ba4113	xori	x2,x20,-997	 x20:0xffffdcb2  x2=0x000020a9
      43765.000 ns	      4375	80000d50	01d61a13	slli	x20,x12,0x1d	 x12:0x80040fe4 x20=0x80000000
      44125.000 ns	      4411	80000d54	03f6d433	divu	x8,x13,x31	 x13:0x00000000 x31:0xffffffff  x8=0x00000000
      44155.000 ns	      4414	80000d58	2089a6d3	fsgnjx.s	f13,f19,f8	 f19:0x00000000  f8:0x3f800000 f13=0x00000000
      44175.000 ns	      4416	80000d5c	89e2fb13	andi	x22,x5,-1890	  x5:0x0e8c9d14 x22=0x0e8c9814
      44185.000 ns	      4417	80000d60	00bb9f33	sll	x30,x23,x11	 x23:0x0002df6f x11:0x00000001 x30=0x0005bede
      44205.000 ns	      4419	80000d64	033cd0b3	divu	x1,x25,x19	 x25:0x00004dd0 x19:0x00000000  x1=0xffffffff
      44575.000 ns	      4456	80000d68	0365e133	rem	x2,x11,x22	 x11:0x00000001 x22:0x0e8c9814  x2=0x00000001
      44605.000 ns	      4459	80000d6c	d003f4d3	fcvt.s.w	f9,x7	  x7:0xfffffd94  f9=0xc41b0000
      44625.000 ns	      4461	80000d70	008ee933	or	x18,x29,x8	 x29:0x00000040  x8:0x00000000 x18=0x00000040
      44645.000 ns	      4463	80000d74	c009f7d3	fcvt.w.s	x15,f19	 f19:0x00000000 x15=0x00000000
      44665.000 ns	      4465	80000d78	ae6cad93	slti	x27,x25,-1306	 x25:0x00004dd0 x27=0x00000000
      44675.000 ns	      4466	80000d7c	01cd3533	sltu	x10,x26,x28	 x26:0x00000000 x28:0x00000007 x10=0x00000001
      44685.000 ns	      4467	80000d80	1da68893	addi	x17,x13,474	 x13:0x00000000 x17=0x000001da
      44695.000 ns	      4468	80000d84	06c4c313	xori	x6,x9,108	  x9:0x00000001  x6=0x0000006d
      44715.000 ns	      4470	80000d88	a026a2d3	feq.s	x5,f13,f2	 f13:0x00000000  f2:0x7f800000  x5=0x00000000
      44745.000 ns	      4473	80000d8c	21ad90d3	fsgnjn.s	f1,f27,f26	 f27:0x3dfe8400 f26:0x00000000  f1=0xbdfe8400
      44765.000 ns	      4475	80000d90	594f4593	xori	x11,x30,1428	 x30:0x0005bede x11=0x0005bb4a
      44785.000 ns	      4477	80000d94	211888d3	fsgnj.s	f17,f17,f17	 f17:0x7fc00000 f17:0x7fc00000 f17=0x7fc00000
      44815.000 ns	      4480	80000d98	280911d3	fmax.s	f3,f18,f0	 f18:0xff800000  f0:0x00000000  f3=0x00000000
      44845.000 ns	      4483	80000d9c	e0071953	fclass.s	x18,f14	 f14:0x8074a396 x18=0x00000004
      44875.000 ns	      4486	80000da0	28721253	fmax.s	f4,f4,f7	  f4:0xbebaf2d0  f7:0x5beb0000  f4=0x5beb0000
      44895.000 ns	      4488	80000da4	004c1913	slli	x18,x24,0x4	 x24:0x00000000 x18=0x00000000
      45255.000 ns	      4524	80000da8	0362e433	rem	x8,x5,x22	  x5:0x00000000 x22:0x0e8c9814  x8=0x00000000
      45275.000 ns	      4526	80000dac	01e172b3	and	x5,x2,x30	  x2:0x00000001 x30:0x0005bede  x5=0x00000000
      45285.000 ns	      4527	80000db0	01584433	xor	x8,x16,x21	 x16:0x00000000 x21:0xffffffff  x8=0xffffffff
      45295.000 ns	      4528	80000db4	40d78333	sub	x6,x15,x13	 x15:0x00000000 x13:0x00000000  x6=0x00000000
      45315.000 ns	      4530	80000db8	a0b31cd3	flt.s	x25,f6,f11	  f6:0x00000000 f11:0x469ba000 x25=0x00000001
      45345.000 ns	      4533	80000dbc	292b1dd3	fmax.s	f27,f22,f18	 f22:0x4f000410 f18:0xff800000 f27=0x4f000410
      45375.000 ns	      4536	80000dc0	f0028553	fmv.w.x	f10,x5	  x5:0x00000000 f10=0x00000000
      45395.000 ns	      4538	80000dc4	41315d93	srai	x27,x2,0x13	  x2:0x00000001 x27=0x00000000
      45415.000 ns	      4540	80000dc8	03b16a33	rem	x20,x2,x27	  x2:0x00000001 x27:0x00000000 x20=0x00000001
      45445.000 ns	      4543	80000dcc	2062a653	fsgnjx.s	f12,f5,f6	  f5:0x3f35042a  f6:0x00000000 f12=0x3f35042a
      45785.000 ns	      4577	80000dd0	1897a553	fdiv.s	f10,f15,f9	 f15:0x3ebaf2d0  f9:0xc41b0000 f10=0xba0d6227
      46155.000 ns	      4614	80000dd4	0275d533	divu	x10,x11,x7	 x11:0x0005bb4a  x7:0xfffffd94 x10=0x00000000
      46185.000 ns	      4617	80000dd8	025f72b3	remu	x5,x30,x5	 x30:0x0005bede  x5:0x00000000  x5=0x0005bede
      46215.000 ns	      4620	80000ddc	20e92dd3	fsgnjx.s	f27,f18,f14	 f18:0xff800000 f14:0x8074a396 f27=0x7f800000
      46245.000 ns	      4623	80000de0	03813cb3	mulhu	x25,x2,x24	  x2:0x00000001 x24:0x00000000 x25=0x00000000
      46265.000 ns	      4625	80000de4	41d35a13	srai	x20,x6,0x1d	  x6:0x00000000 x20=0x00000000
      46275.000 ns	      4626	80000de8	0070ffb3	and	x31,x1,x7	  x1:0xffffffff  x7:0xfffffd94 x31=0xfffffd94
      46305.000 ns	      4629	80000dec	105bf8d3	fmul.s	f17,f23,f5	 f23:0x00000000  f5:0x3f35042a f17=0x00000000
      46335.000 ns	      4632	80000df0	f0050b53	fmv.w.x	f22,x10	 x10:0x00000000 f22=0x00000000
      46355.000 ns	      4634	80000df4	008a1013	slli	x0,x20,0x8	 x20:0x00000000
      46365.000 ns	      4635	80000df8	00000013	addi	x0,x0,0	  x0:0x00000000
      46375.000 ns	      4636	80000dfc	2f25aa93	slti	x21,x11,754	 x11:0x0005bb4a x21=0x00000000
      46395.000 ns	      4638	80000e00	f00f8953	fmv.w.x	f18,x31	 x31:0xfffffd94 f18=0xfffffd94
      46415.000 ns	      4640	80000e04	01095d93	srli	x27,x18,0x10	 x18:0x00000000 x27=0x00000000
      46425.000 ns	      4641	80000e08	01b15333	srl	x6,x2,x27	  x2:0x00000001 x27:0x00000000  x6=0x00000001
      46445.000 ns	      4643	80000e0c	20ee89d3	fsgnj.s	f19,f29,f14	 f29:0x3f7fffae f14:0x8074a396 f19=0xbf7fffae
      46475.000 ns	      4646	80000e10	d01afbd3	fcvt.s.wu	f23,x21	 x21:0x00000000 f23=0x00000000
      46505.000 ns	      4649	80000e14	d00138d3	fcvt.s.w	f17,x2	  x2:0x00000001 f17=0x3f800000
      46525.000 ns	      4651	80000e18	f9016d93	ori	x27,x2,-112	  x2:0x00000001 x27=0xffffff91
      46545.000 ns	      4653	80000e1c	033acfb3	div	x31,x21,x19	 x21:0x00000000 x19:0x00000000 x31=0xffffffff
      46565.000 ns	      4655	80000e20	40930433	sub	x8,x6,x9	  x6:0x00000001  x9:0x00000001  x8=0x00000000
      46925.000 ns	      4691	80000e24	021a7733	remu	x14,x20,x1	 x20:0x00000000  x1:0xffffffff x14=0x00000000
      46945.000 ns	      4693	80000e28	40018ab3	sub	x21,x3,x0	  x3:0x00080041  x0:0x00000000 x21=0x00080041
      46985.000 ns	      4697	80000e2c	08f3fdd3	fsub.s	f27,f7,f15	  f7:0x5beb0000 f15:0x3ebaf2d0 f27=0x5beb0000
      47035.000 ns	      4702	80000e30	015bf353	fadd.s	f6,f23,f21	 f23:0x00000000 f21:0x3faebcb4  f6=0x3faebcb4
      47065.000 ns	      4705	80000e34	29a508d3	fmin.s	f17,f10,f26	 f10:0xba0d6227 f26:0x00000000 f17=0xba0d6227
      47435.000 ns	      4742	80000e38	0369e933	rem	x18,x19,x22	 x19:0x00000000 x22:0x0e8c9814 x18=0x00000000
      47465.000 ns	      4745	80000e3c	c0147ad3	fcvt.wu.s	x21,f8	  f8:0x3f800000 x21=0x00000001
      47495.000 ns	      4748	80000e40	a10b9753	flt.s	x14,f23,f16	 f23:0x00000000 f16:0x80000000 x14=0x00000000
      47525.000 ns	      4751	80000e44	a0fe28d3	feq.s	x17,f28,f15	 f28:0xc081fefe f15:0x3ebaf2d0 x17=0x00000000
      47555.000 ns	      4754	80000e48	c00bf5d3	fcvt.w.s	x11,f23	 f23:0x00000000 x11=0x00000000
      47575.000 ns	      4756	80000e4c	00fadc13	srli	x24,x21,0xf	 x21:0x00000001 x24=0x00000000
      47615.000 ns	      4760	80000e50	09c87153	fsub.s	f2,f16,f28	 f16:0x80000000 f28:0xc081fefe  f2=0x4081fefe
      47645.000 ns	      4763	80000e54	c00d4bd3	fcvt.w.s	x23,f26	 f26:0x00000000 x23=0x00000000
      47675.000 ns	      4766	80000e58	02e11ab3	mulh	x21,x2,x14	  x2:0x00000001 x14:0x00000000 x21=0x00000000
      47715.000 ns	      4770	80000e5c	115da8d3	fmul.s	f17,f27,f21	 f27:0x5beb0000 f21:0x3faebcb4 f17=0x5c206739
      47745.000 ns	      4773	80000e60	e0081453	fclass.s	x8,f16	 f16:0x80000000  x8=0x00000008
      47775.000 ns	      4776	80000e64	e00a8753	fmv.x.w	x14,f21	 f21:0x3faebcb4 x14=0x3faebcb4
      47795.000 ns	      4778	80000e68	b6c83c13	sltiu	x24,x16,-1172	 x16:0x00000000 x24=0x00000001
      47815.000 ns	      4780	80000e6c	e0088dd3	fmv.x.w	x27,f17	 f17:0x5c206739 x27=0x5c206739
      47845.000 ns	      4783	80000e70	02e3ad33	mulhsu	x26,x7,x14	  x7:0xfffffd94 x14:0x3faebcb4 x26=0xffffff65
      47865.000 ns	      4785	80000e74	0104d433	srl	x8,x9,x16	  x9:0x00000001 x16:0x00000000  x8=0x00000001
      47875.000 ns	      4786	80000e78	2f678fb7	lui	x31,0x2f678	 x31=0x2f678000
      47895.000 ns	      4788	80000e7c	f0048953	fmv.w.x	f18,x9	  x9:0x00000001 f18=0x00000001
      47925.000 ns	      4791	80000e80	e0078953	fmv.x.w	x18,f15	 f15:0x3ebaf2d0 x18=0x3ebaf2d0
      47955.000 ns	      4794	80000e84	c00f18d3	fcvt.w.s	x17,f30	 f30:0x00000000 x17=0x00000000
      47975.000 ns	      4796	80000e88	00000013	addi	x0,x0,0	  x0:0x00000000
      47985.000 ns	      4797	80000e8c	c687ed93	ori	x27,x15,-920	 x15:0x00000000 x27=0xfffffc68
      47995.000 ns	      4798	80000e90	0061e3b3	or	x7,x3,x6	  x3:0x00080041  x6:0x00000001  x7=0x00080041
      49165.000 ns	      4915	80000e94	580c4553	fsqrt.s	f10,f24	 f24:0x3f800000 f10=0x3f7fffae
      49195.000 ns	      4918	80000e98	a02b0bd3	fle.s	x23,f22,f2	 f22:0x00000000  f2:0x4081fefe x23=0x00000001
      49245.000 ns	      4923	80000e9c	09d073d3	fsub.s	f7,f0,f29	  f0:0x00000000 f29:0x3f7fffae  f7=0xbf7fffae
      49275.000 ns	      4926	80000ea0	a1c92f53	feq.s	x30,f18,f28	 f18:0x00000001 f28:0xc081fefe x30=0x00000000
      49305.000 ns	      4929	80000ea4	03f03d33	mulhu	x26,x0,x31	  x0:0x00000000 x31:0x2f678000 x26=0x00000000
      49335.000 ns	      4932	80000ea8	f00d8f53	fmv.w.x	f30,x27	 x27:0xfffffc68 f30=0xfffffc68
      49365.000 ns	      4935	80000eac	02950433	mul	x8,x10,x9	 x10:0x00000000  x9:0x00000001  x8=0x00000000
      49395.000 ns	      4938	80000eb0	e0080bd3	fmv.x.w	x23,f16	 f16:0x80000000 x23=0x80000000
      49425.000 ns	      4941	80000eb4	03703333	mulhu	x6,x0,x23	  x0:0x00000000 x23:0x00000001  x6=0x00000000
      49445.000 ns	      4943	80000eb8	0117f833	and	x16,x15,x17	 x15:0x00000000 x17:0x00000000 x16=0x00000000
      49455.000 ns	      4944	80000ebc	40768fb3	sub	x31,x13,x7	 x13:0x00000000  x7:0x00080041 x31=0xfff7ffbf
      49465.000 ns	      4945	80000ec0	40f95313	srai	x6,x18,0xf	 x18:0x3ebaf2d0  x6=0x00007d75
      49485.000 ns	      4947	80000ec4	d00f7dd3	fcvt.s.w	f27,x30	 x30:0x00000000 f27=0x00000000
      49505.000 ns	      4949	80000ec8	07234593	xori	x11,x6,114	  x6:0x00000000 x11=0x00007d07
      49525.000 ns	      4951	80000ecc	023b0833	mul	x16,x22,x3	 x22:0x0e8c9814  x3:0x00080041 x16=0x72529d14
      49545.000 ns	      4953	80000ed0	4e23f6b7	lui	x13,0x4e23f	 x13=0x4e23f000
      49555.000 ns	      4954	80000ed4	40705133	sra	x2,x0,x7	  x0:0x00000000  x7:0x00080041  x2=0x00000000
      49565.000 ns	      4955	80000ed8	67c48d93	addi	x27,x9,1660	  x9:0x00000001 x27=0x0000067d
      49575.000 ns	      4956	80000edc	04ba0b97	auipc	x23,0x4ba0	 x23=0x84ba0edc
      49615.000 ns	      4960	80000ee0	0967fed3	fsub.s	f29,f15,f22	 f15:0x3ebaf2d0 f22:0x00000000 f29=0x3ebaf2d0
      49635.000 ns	      4962	80000ee4	01fda133	slt	x2,x27,x31	 x27:0x0000067d x31:0xfff7ffbf  x2=0x00000000
      49655.000 ns	      4964	80000ee8	283b82d3	fmin.s	f5,f23,f3	 f23:0x00000000  f3:0x00000000  f5=0x00000000
      49675.000 ns	      4966	80000eec	00619c33	sll	x24,x3,x6	  x3:0x00080041  x6:0x00007d75 x24=0x08200000
      49685.000 ns	      4967	80000ef0	01dc1313	slli	x6,x24,0x1d	 x24:0x00000001  x6=0x00000000
      49705.000 ns	      4969	80000ef4	a1f11fd3	flt.s	x31,f2,f31	  f2:0x4081fefe f31:0x00000000 x31=0x00000000
      49755.000 ns	      4974	80000ef8	00181cd3	fadd.s	f25,f16,f1	 f16:0x80000000  f1:0xbdfe8400 f25=0xbdfe8400
      49785.000 ns	      4977	80000efc	28b61153	fmax.s	f2,f12,f11	 f12:0x3f35042a f11:0x469ba000  f2=0x469ba000
      49835.000 ns	      4982	80000f00	01df38d3	fadd.s	f17,f30,f29	 f30:0xfffffc68 f29:0x3ebaf2d0 f17=0x7fc00000
      49855.000 ns	      4984	80000f04	005638b3	sltu	x17,x12,x5	 x12:0x80040fe4  x5:0x0005bede x17=0x00000000
      49865.000 ns	      4985	80000f08	4573f113	andi	x2,x7,1111	  x7:0x00080041  x2=0x00000041
      49895.000 ns	      4988	80000f0c	103c13d3	fmul.s	f7,f24,f3	 f24:0x3f800000  f3:0x00000000  f7=0x00000000
      49915.000 ns	      4990	80000f10	012c06b3	add	x13,x24,x18	 x24:0x08200000 x18:0x3ebaf2d0 x13=0x46daf2d0
      49925.000 ns	      4991	80000f14	01c9f0b3	and	x1,x19,x28	 x19:0x00000000 x28:0x00000007  x1=0x00000000
      49945.000 ns	      4993	80000f18	21bb26d3	fsgnjx.s	f13,f22,f27	 f22:0x00000000 f27:0x00000000 f13=0x00000000
      49975.000 ns	      4996	80000f1c	e0020bd3	fmv.x.w	x23,f4	  f4:0x5beb0000 x23=0x5beb0000
      49995.000 ns	      4998	80000f20	fa484593	xori	x11,x16,-92	 x16:0x72529d14 x11=0x8dad62b0
      50005.000 ns	      4999	80000f24	410789b3	sub	x19,x15,x16	 x15:0x00000000 x16:0x72529d14 x19=0x8dad62ec
      50025.000 ns	      5001	80000f28	a19926d3	feq.s	x13,f18,f25	 f18:0x00000001 f25:0xbdfe8400 x13=0x00000000
      50075.000 ns	      5006	80000f2c	007029d3	fadd.s	f19,f0,f7	  f0:0x00000000  f7:0x00000000 f19=0x00000000
      50095.000 ns	      5008	80000f30	c6a37597	auipc	x11,0xc6a37	 x11=0x46a37f30
      50105.000 ns	      5009	80000f34	00ae3eb3	sltu	x29,x28,x10	 x28:0x00000007 x10:0x00000000 x29=0x00000000
      50115.000 ns	      5010	80000f38	00000013	addi	x0,x0,0	  x0:0x00000000
      51285.000 ns	      5127	80000f3c	5805f853	fsqrt.s	f16,f11	 f11:0x469ba000 f16=0x430d2330
      51315.000 ns	      5130	80000f40	d01636d3	fcvt.s.wu	f13,x12	 x12:0x80040fe4 f13=0x4f000410
      51685.000 ns	      5167	80000f44	02b66433	rem	x8,x12,x11	 x12:0x80040fe4 x11:0x46a37f30  x8=0xc6a78f14
      51705.000 ns	      5169	80000f48	00d19713	slli	x14,x3,0xd	  x3:0x00080041 x14=0x00082000
      51725.000 ns	      5171	80000f4c	02dc6433	rem	x8,x24,x13	 x24:0x08200000 x13:0x00000000  x8=0x08200000
      51745.000 ns	      5173	80000f50	0141ba33	sltu	x20,x3,x20	  x3:0x00080041 x20:0x00000000 x20=0x00000000
      51755.000 ns	      5174	80000f54	41398cb3	sub	x25,x19,x19	 x19:0x8dad62ec x19:0x8dad62ec x25=0x00000000
      51775.000 ns	      5176	80000f58	a1862053	feq.s	x0,f12,f24	 f12:0x3f35042a f24:0x3f800000
      51805.000 ns	      5179	80000f5c	02005d33	divu	x26,x0,x0	  x0:0x00000000  x0:0x00000000 x26=0xffffffff
      51835.000 ns	      5182	80000f60	d005f253	fcvt.s.w	f4,x11	 x11:0x46a37f30  f4=0x4e8d46fe
      51855.000 ns	      5184	80000f64	01b60533	add	x10,x12,x27	 x12:0x80040fe4 x27:0x0000067d x10=0x80041661
      51875.000 ns	      5186	80000f68	f00185d3	fmv.w.x	f11,x3	  x3:0x00080041 f11=0x00080041
      51905.000 ns	      5189	80000f6c	214f20d3	fsgnjx.s	f1,f30,f20	 f30:0xfffffc68 f20:0x3f800000  f1=0xfffffc68
      51925.000 ns	      5191	80000f70	407a5993	srai	x19,x20,0x7	 x20:0x00000000 x19=0x00000000
      52285.000 ns	      5227	80000f74	027951b3	divu	x3,x18,x7	 x18:0x3ebaf2d0  x7:0x00080041  x3=0x000007d7
      52305.000 ns	      5229	80000f78	01670eb3	add	x29,x14,x22	 x14:0x00082000 x22:0x0e8c9814 x29=0x0e94b814
      52345.000 ns	      5233	80000f7c	002e3bd3	fadd.s	f23,f28,f2	 f28:0xc081fefe  f2:0x469ba000 f23=0x469b97e1
      52375.000 ns	      5236	80000f80	f00c89d3	fmv.w.x	f19,x25	 x25:0x00000000 f19=0x00000000
      52395.000 ns	      5238	80000f84	646de737	lui	x14,0x646de	 x14=0x646de000
      52405.000 ns	      5239	80000f88	41e70bb3	sub	x23,x14,x30	 x14:0x00082000 x30:0x00000000 x23=0x646de000
      52425.000 ns	      5241	80000f8c	c00b32d3	fcvt.w.s	x5,f22	 f22:0x00000000  x5=0x00000000
      52455.000 ns	      5244	80000f90	d01dff53	fcvt.s.wu	f30,x27	 x27:0x0000067d f30=0x44cfa000
      52475.000 ns	      5246	80000f94	62b179b7	lui	x19,0x62b17	 x19=0x62b17000
      52495.000 ns	      5248	80000f98	034c8533	mul	x10,x25,x20	 x25:0x00000000 x20:0x00000000 x10=0x00000000
      52525.000 ns	      5251	80000f9c	20f21cd3	fsgnjn.s	f25,f4,f15	  f4:0x4e8d46fe f15:0x3ebaf2d0 f25=0xce8d46fe
      52545.000 ns	      5253	80000fa0	40665493	srai	x9,x12,0x6	 x12:0x80040fe4  x9=0xfe00103f
      52555.000 ns	      5254	80000fa4	01402533	slt	x10,x0,x20	  x0:0x00000000 x20:0x00000000 x10=0x00000000
      52565.000 ns	      5255	80000fa8	07633d93	sltiu	x27,x6,118	  x6:0x00000000 x27=0x00000001
      52585.000 ns	      5257	80000fac	031802b3	mul	x5,x16,x17	 x16:0x72529d14 x17:0x00000000  x5=0x00000000
      52605.000 ns	      5259	80000fb0	40f25093	srai	x1,x4,0xf	  x4:0x80041024  x1=0xffff0008
      52615.000 ns	      5260	80000fb4	00000013	addi	x0,x0,0	  x0:0x00000000
      52625.000 ns	      5261	80000fb8	41205733	sra	x14,x0,x18	  x0:0x00000000 x18:0x3ebaf2d0 x14=0x00000000
      52635.000 ns	      5262	80000fbc	004fd193	srli	x3,x31,0x4	 x31:0x00000000  x3=0x00000000
      52655.000 ns	      5264	80000fc0	d002cf53	fcvt.s.w	f30,x5	  x5:0x00000000 f30=0x00000000
      52685.000 ns	      5267	80000fc4	a0201753	flt.s	x14,f0,f2	  f0:0x00000000  f2:0x469ba000 x14=0x00000001
      52705.000 ns	      5269	80000fc8	017d1093	slli	x1,x26,0x17	 x26:0xffffffff  x1=0xff800000
      52745.000 ns	      5273	80000fcc	018b7953	fadd.s	f18,f22,f24	 f22:0x00000000 f24:0x3f800000 f18=0x3f800000
      52765.000 ns	      5275	80000fd0	4702ca93	xori	x21,x5,1136	  x5:0x00000000 x21=0x00000470
      52775.000 ns	      5276	80000fd4	01b14833	xor	x16,x2,x27	  x2:0x00000041 x27:0x00000001 x16=0x00000040
      52815.000 ns	      5280	80000fd8	096d0253	fsub.s	f4,f26,f22	 f26:0x00000000 f22:0x00000000  f4=0x80000000
      52835.000 ns	      5282	80000fdc	01a793b3	sll	x7,x15,x26	 x15:0x00000000 x26:0xffffffff  x7=0x00000000
      52855.000 ns	      5284	80000fe0	a0eb22d3	feq.s	x5,f22,f14	 f22:0x00000000 f14:0x8074a396  x5=0x00000000
      52885.000 ns	      5287	80000fe4	212a9fd3	fsgnjn.s	f31,f21,f18	 f21:0x3faebcb4 f18:0x3f800000 f31=0xbfaebcb4
      52905.000 ns	      5289	80000fe8	ec1a2fb7	lui	x31,0xec1a2	 x31=0xec1a2000
      52925.000 ns	      5291	80000fec	d015bb53	fcvt.s.wu	f22,x11	 x11:0x46a37f30 f22=0x4e8d46ff
      52945.000 ns	      5293	80000ff0	00db5a93	srli	x21,x22,0xd	 x22:0x0e8c9814 x21=0x00007464
      52965.000 ns	      5295	80000ff4	e0031353	fclass.s	x6,f6	  f6:0x3faebcb4  x6=0x00000040
      52995.000 ns	      5298	80000ff8	03125ab3	divu	x21,x4,x17	  x4:0x80041024 x17:0x00000000 x21=0xffffffff
      53025.000 ns	      5301	80000ffc	d0067b53	fcvt.s.w	f22,x12	 x12:0x80040fe4 f22=0xcefff7e0
      53045.000 ns	      5303	80001000	40ecddb3	sra	x27,x25,x14	 x25:0x00000000 x14:0x00000001 x27=0x00000000
      53055.000 ns	      5304	80001004	01961433	sll	x8,x12,x25	 x12:0x80040fe4 x25:0x00000000  x8=0x80040fe4
      53065.000 ns	      5305	80001008	dac68c93	addi	x25,x13,-596	 x13:0x00000000 x25=0xfffffdac
      53075.000 ns	      5306	8000100c	9f139c37	lui	x24,0x9f139	 x24=0x9f139000
      53095.000 ns	      5308	80001010	2065a553	fsgnjx.s	f10,f11,f6	 f11:0x00080041  f6:0x3faebcb4 f10=0x00080041
      53115.000 ns	      5310	80001014	bdbefb13	andi	x22,x29,-1061	 x29:0x0e94b814 x22=0x0e94b810
      53135.000 ns	      5312	80001018	214798d3	fsgnjn.s	f17,f15,f20	 f15:0x3ebaf2d0 f20:0x3f800000 f17=0xbebaf2d0
      53155.000 ns	      5314	8000101c	01c87733	and	x14,x16,x28	 x16:0x00000040 x28:0x00000007 x14=0x00000000
      53165.000 ns	      5315	80001020	60983337	lui	x6,0x60983	  x6=0x60983000
      53175.000 ns	      5316	80001024	00ec5d33	srl	x26,x24,x14	 x24:0x9f139000 x14:0x00000001 x26=0x9f139000
      53185.000 ns	      5317	80001028	0096f433	and	x8,x13,x9	 x13:0x00000000  x9:0xfe00103f  x8=0x00000000
      53195.000 ns	      5318	8000102c	41ed0533	sub	x10,x26,x30	 x26:0xffffffff x30:0x00000000 x10=0x9f139000
      53205.000 ns	      5319	80001030	407cd713	srai	x14,x25,0x7	 x25:0xfffffdac x14=0xfffffffb
      53215.000 ns	      5320	80001034	00b5e5b3	or	x11,x11,x11	 x11:0x46a37f30 x11:0x46a37f30 x11=0x46a37f30
      53235.000 ns	      5322	80001038	286b13d3	fmax.s	f7,f22,f6	 f22:0xcefff7e0  f6:0x3faebcb4  f7=0x3faebcb4
      53265.000 ns	      5325	8000103c	f0010f53	fmv.w.x	f30,x2	  x2:0x00000041 f30=0x00000041
      53315.000 ns	      5330	80001040	0014f5d3	fadd.s	f11,f9,f1	  f9:0xc41b0000  f1:0xfffffc68 f11=0x7fc00000
      53345.000 ns	      5333	80001044	282506d3	fmin.s	f13,f10,f2	 f10:0x00080041  f2:0x469ba000 f13=0x00080041
      53375.000 ns	      5336	80001048	d01e1c53	fcvt.s.wu	f24,x28	 x28:0x00000007 f24=0x40e00000
      53405.000 ns	      5339	8000104c	212b21d3	fsgnjx.s	f3,f22,f18	 f22:0xcefff7e0 f18:0x3f800000  f3=0xcefff7e0
      53425.000 ns	      5341	80001050	164e4093	xori	x1,x28,356	 x28:0x00000007  x1=0x00000163
      53435.000 ns	      5342	80001054	b2f88717	auipc	x14,0xb2f88	 x14=0x32f89054
      53445.000 ns	      5343	80001058	001f41b3	xor	x3,x30,x1	 x30:0x00000000  x1:0xff800000  x3=0x00000163
      53455.000 ns	      5344	8000105c	b7a67993	andi	x19,x12,-1158	 x12:0x80040fe4 x19=0x80040b60
      53465.000 ns	      5345	80001060	011ef4b3	and	x9,x29,x17	 x29:0x0e94b814 x17:0x00000000  x9=0x00000000
      53475.000 ns	      5346	80001064	36c88913	addi	x18,x17,876	 x17:0x00000000 x18=0x0000036c
      53485.000 ns	      5347	80001068	007ceab3	or	x21,x25,x7	 x25:0xfffffdac  x7:0x00000000 x21=0xfffffdac
      53845.000 ns	      5383	8000106c	0390e133	rem	x2,x1,x25	  x1:0x00000163 x25:0xfffffdac  x2=0x00000163
      53865.000 ns	      5385	80001070	00668db3	add	x27,x13,x6	 x13:0x00000000  x6:0x60983000 x27=0x60983000
      53885.000 ns	      5387	80001074	0341dcb3	divu	x25,x3,x20	  x3:0x00000163 x20:0x00000000 x25=0xffffffff
      54255.000 ns	      5424	80001078	035e6833	rem	x16,x28,x21	 x28:0x00000007 x21:0xfffffdac x16=0x00000007
      54295.000 ns	      5428	8000107c	19b8f3d3	fdiv.s	f7,f17,f27	 f17:0xbebaf2d0 f27:0x00000000  f7=0xff800000
      54315.000 ns	      5430	80001080	017fc6b3	xor	x13,x31,x23	 x31:0xec1a2000 x23:0x646de000 x13=0x8877c000
      54325.000 ns	      5431	80001084	7feebeb7	lui	x29,0x7feeb	 x29=0x7feeb000
      54335.000 ns	      5432	80001088	00a74533	xor	x10,x14,x10	 x14:0x32f89054 x10:0x9f139000 x10=0xadeb0054
      54365.000 ns	      5435	8000108c	10087bd3	fmul.s	f23,f16,f0	 f16:0x430d2330  f0:0x00000000 f23=0x00000000
      54385.000 ns	      5437	80001090	899b2793	slti	x15,x22,-1895	 x22:0x0e94b810 x15=0x00000000
      54395.000 ns	      5438	80001094	40fdda13	srai	x20,x27,0xf	 x27:0x60983000 x20=0x0000c130
      54405.000 ns	      5439	80001098	00f78fb3	add	x31,x15,x15	 x15:0x00000000 x15:0x00000000 x31=0x00000000
      54415.000 ns	      5440	8000109c	41e3dd13	srai	x26,x7,0x1e	  x7:0x00000000 x26=0x00000000
      54435.000 ns	      5442	800010a0	28d01653	fmax.s	f12,f0,f13	  f0:0x00000000 f13:0x00080041 f12=0x00080041
      54465.000 ns	      5445	800010a4	a06f06d3	fle.s	x13,f30,f6	 f30:0x00000041  f6:0x3faebcb4 x13=0x00000001
      54505.000 ns	      5449	800010a8	58018553	fsqrt.s	f10,f3	  f3:0xcefff7e0 f10=0x7fc00000
      54535.000 ns	      5452	800010ac	d0047453	fcvt.s.w	f8,x8	  x8:0x00000000  f8=0x00000000
      54565.000 ns	      5455	800010b0	c0187a53	fcvt.wu.s	x20,f16	 f16:0x430d2330 x20=0x0000008d
      54585.000 ns	      5457	800010b4	92dbc193	xori	x3,x23,-1747	 x23:0x646de000  x3=0x9b92192d
      54915.000 ns	      5490	800010b8	19dff853	fdiv.s	f16,f31,f29	 f31:0xbfaebcb4 f29:0x3ebaf2d0 f16=0xc06eb7c0
      54945.000 ns	      5493	800010bc	211311d3	fsgnjn.s	f3,f6,f17	  f6:0x3faebcb4 f17:0xbebaf2d0  f3=0x3faebcb4
      54965.000 ns	      5495	800010c0	49020597	auipc	x11,0x49020	 x11=0xc90210c0
      54995.000 ns	      5498	800010c4	184cf853	fdiv.s	f16,f25,f4	 f25:0xce8d46fe  f4:0x80000000 f16=0x7f800000
      55015.000 ns	      5500	800010c8	009fb833	sltu	x16,x31,x9	 x31:0x00000000  x9:0x00000000 x16=0x00000000
      55035.000 ns	      5502	800010cc	d00641d3	fcvt.s.w	f3,x12	 x12:0x80040fe4  f3=0xcefff7e0
      55075.000 ns	      5506	800010d0	18a8ae53	fdiv.s	f28,f17,f10	 f17:0xbebaf2d0 f10:0x7fc00000 f28=0x7fc00000
      55095.000 ns	      5508	800010d4	c75a0b13	addi	x22,x20,-907	 x20:0x0000008d x22=0xfffffd02
      55115.000 ns	      5510	800010d8	d00870d3	fcvt.s.w	f1,x16	 x16:0x00000000  f1=0x00000000
      55135.000 ns	      5512	800010dc	7507f413	andi	x8,x15,1872	 x15:0x00000000  x8=0x00000000
      55495.000 ns	      5548	800010e0	03637a33	remu	x20,x6,x22	  x6:0x60983000 x22:0xfffffd02 x20=0x60983000
      55515.000 ns	      5550	800010e4	00aac5b3	xor	x11,x21,x10	 x21:0xfffffdac x10:0xadeb0054 x11=0x5214fdf8
      55525.000 ns	      5551	800010e8	0163fb33	and	x22,x7,x22	  x7:0x00000000 x22:0xfffffd02 x22=0x00000000
      55545.000 ns	      5553	800010ec	03bc2033	mulhsu	x0,x24,x27	 x24:0x9f139000 x27:0x60983000
      55565.000 ns	      5555	800010f0	00631433	sll	x8,x6,x6	  x6:0x60983000  x6:0x60983000  x8=0x60983000
      55585.000 ns	      5557	800010f4	213824d3	fsgnjx.s	f9,f16,f19	 f16:0x7f800000 f19:0x00000000  f9=0x7f800000
      55615.000 ns	      5560	800010f8	03439033	mulh	x0,x7,x20	  x7:0x00000000 x20:0x60983000
      55635.000 ns	      5562	800010fc	a77cc813	xori	x16,x25,-1417	 x25:0xffffffff x16=0x00000588
      55655.000 ns	      5564	80001100	21a68d53	fsgnj.s	f26,f13,f26	 f13:0x00080041 f26:0x00000000 f26=0x00080041
      55685.000 ns	      5567	80001104	03d6b7b3	mulhu	x15,x13,x29	 x13:0x00000001 x29:0x7feeb000 x15=0x00000000
      55715.000 ns	      5570	80001108	0278d0b3	divu	x1,x17,x7	 x17:0x00000000  x7:0x00000000  x1=0xffffffff
      55735.000 ns	      5572	8000110c	0140e433	or	x8,x1,x20	  x1:0x00000163 x20:0x60983000  x8=0xffffffff
      55745.000 ns	      5573	80001110	bf2e2a13	slti	x20,x28,-1038	 x28:0x00000007 x20=0x00000000
      55755.000 ns	      5574	80001114	00d34b33	xor	x22,x6,x13	  x6:0x60983000 x13:0x00000001 x22=0x60983001
      55765.000 ns	      5575	80001118	01289c33	sll	x24,x17,x18	 x17:0x00000000 x18:0x0000036c x24=0x00000000
      55785.000 ns	      5577	8000111c	f00780d3	fmv.w.x	f1,x15	 x15:0x00000000  f1=0x00000000
      55805.000 ns	      5579	80001120	00f0f033	and	x0,x1,x15	  x1:0xffffffff x15:0x00000000
      55815.000 ns	      5580	80001124	413cd1b3	sra	x3,x25,x19	 x25:0xffffffff x19:0x80040b60  x3=0xffffffff
      55825.000 ns	      5581	80001128	40c080b3	sub	x1,x1,x12	  x1:0xffffffff x12:0x80040fe4  x1=0x7ffbf01b
      55845.000 ns	      5583	8000112c	a052acd3	feq.s	x25,f5,f5	  f5:0x00000000  f5:0x00000000 x25=0x00000001
      55865.000 ns	      5585	80001130	013e9033	sll	x0,x29,x19	 x29:0x7feeb000 x19:0x80040b60
      55885.000 ns	      5587	80001134	028c8f33	mul	x30,x25,x8	 x25:0x00000001  x8:0xffffffff x30=0xffffffff
      55905.000 ns	      5589	80001138	417103b3	sub	x7,x2,x23	  x2:0x00000163 x23:0x646de000  x7=0x9b922163
      55915.000 ns	      5590	8000113c	0debe193	ori	x3,x23,222	 x23:0x646de000  x3=0x646de0de
      55925.000 ns	      5591	80001140	4054d913	srai	x18,x9,0x5	  x9:0x00000000 x18=0x00000000
      55955.000 ns	      5594	80001144	5809f4d3	fsqrt.s	f9,f19	 f19:0x00000000  f9=0x00000000
      55985.000 ns	      5597	80001148	20fc2253	fsgnjx.s	f4,f24,f15	 f24:0x40e00000 f15:0x3ebaf2d0  f4=0x40e00000
      56005.000 ns	      5599	8000114c	00a45333	srl	x6,x8,x10	  x8:0xffffffff x10:0xadeb0054  x6=0x00000fff
      56015.000 ns	      5600	80001150	980741b7	lui	x3,0x98074	  x3=0x98074000
      56035.000 ns	      5602	80001154	a13899d3	flt.s	x19,f17,f19	 f17:0xbebaf2d0 f19:0x00000000 x19=0x00000001
      56065.000 ns	      5605	80001158	a10581d3	fle.s	x3,f11,f16	 f11:0x7fc00000 f16:0x7f800000  x3=0x00000000
      56095.000 ns	      5608	8000115c	039f2f33	mulhsu	x30,x30,x25	 x30:0xffffffff x25:0x00000001 x30=0xffffffff
      56125.000 ns	      5611	80001160	200721d3	fsgnjx.s	f3,f14,f0	 f14:0x8074a396  f0:0x00000000  f3=0x8074a396
      56145.000 ns	      5613	80001164	2e21e993	ori	x19,x3,738	  x3:0x00000000 x19=0x000002e2
      56185.000 ns	      5617	80001168	008c8b53	fadd.s	f22,f25,f8	 f25:0xce8d46fe  f8:0x00000000 f22=0xce8d46fe
      56205.000 ns	      5619	8000116c	416080b3	sub	x1,x1,x22	  x1:0x7ffbf01b x22:0x60983001  x1=0x1f63c01a
      56215.000 ns	      5620	80001170	3e6f4f17	auipc	x30,0x3e6f4	 x30=0xbe6f5170
      56235.000 ns	      5622	80001174	d01b7353	fcvt.s.wu	f6,x22	 x22:0x60983001  f6=0x4ec13060
      56265.000 ns	      5625	80001178	d003ff53	fcvt.s.w	f30,x7	  x7:0x9b922163 f30=0xcec8dbbd
      56295.000 ns	      5628	8000117c	0310aeb3	mulhsu	x29,x1,x17	  x1:0x1f63c01a x17:0x00000000 x29=0x00000000
      56325.000 ns	      5631	80001180	d01790d3	fcvt.s.wu	f1,x15	 x15:0x00000000  f1=0x00000000
      56355.000 ns	      5634	80001184	020eb833	mulhu	x16,x29,x0	 x29:0x00000000  x0:0x00000000 x16=0x00000000
      56385.000 ns	      5637	80001188	208221d3	fsgnjx.s	f3,f4,f8	  f4:0x40e00000  f8:0x00000000  f3=0x40e00000
      56415.000 ns	      5640	8000118c	28a080d3	fmin.s	f1,f1,f10	  f1:0x00000000 f10:0x7fc00000  f1=0x00000000
      56435.000 ns	      5642	80001190	406cd833	sra	x16,x25,x6	 x25:0x00000001  x6:0x00000fff x16=0x00000000
      56455.000 ns	      5644	80001194	29c606d3	fmin.s	f13,f12,f28	 f12:0x00080041 f28:0x7fc00000 f13=0x00080041
      56485.000 ns	      5647	80001198	29c19b53	fmax.s	f22,f3,f28	  f3:0x40e00000 f28:0x7fc00000 f22=0x40e00000
      56505.000 ns	      5649	8000119c	b0043d37	lui	x26,0xb0043	 x26=0xb0043000
      56525.000 ns	      5651	800011a0	21c72953	fsgnjx.s	f18,f14,f28	 f14:0x8074a396 f28:0x7fc00000 f18=0x8074a396
      56545.000 ns	      5653	800011a4	0197cdb3	xor	x27,x15,x25	 x15:0x00000000 x25:0x00000001 x27=0x00000001
      56565.000 ns	      5655	800011a8	218dac53	fsgnjx.s	f24,f27,f24	 f27:0x00000000 f24:0x40e00000 f24=0x00000000
      56585.000 ns	      5657	800011ac	0bc7a097	auipc	x1,0xbc7a	  x1=0x8bc7b1ac
      56605.000 ns	      5659	800011b0	e0000353	fmv.x.w	x6,f0	  f0:0x00000000  x6=0x00000000
      56635.000 ns	      5662	800011b4	c010f753	fcvt.wu.s	x14,f1	  f1:0x00000000 x14=0x00000000
      56665.000 ns	      5665	800011b8	a15d82d3	fle.s	x5,f27,f21	 f27:0x00000000 f21:0x3faebcb4  x5=0x00000001
      56685.000 ns	      5667	800011bc	01a65f13	srli	x30,x12,0x1a	 x12:0x80040fe4 x30=0x00000020
      56705.000 ns	      5669	800011c0	c003c153	fcvt.w.s	x2,f7	  f7:0xff800000  x2=0x80000000
      56725.000 ns	      5671	800011c4	00000013	addi	x0,x0,0	  x0:0x00000000
      56735.000 ns	      5672	800011c8	01f939b3	sltu	x19,x18,x31	 x18:0x00000000 x31:0x00000000 x19=0x00000000
      56755.000 ns	      5674	800011cc	e0019dd3	fclass.s	x27,f3	  f3:0x40e00000 x27=0x00000040
      56785.000 ns	      5677	800011d0	e0048453	fmv.x.w	x8,f9	  f9:0x00000000  x8=0x00000000
      56805.000 ns	      5679	800011d4	01281cb3	sll	x25,x16,x18	 x16:0x00000000 x18:0x00000000 x25=0x00000000
      56825.000 ns	      5681	800011d8	0232d533	divu	x10,x5,x3	  x5:0x00000001  x3:0x00000000 x10=0xffffffff
      57195.000 ns	      5718	800011dc	03b251b3	divu	x3,x4,x27	  x4:0x80041024 x27:0x00000040  x3=0x02001040
      57215.000 ns	      5720	800011e0	c3917c93	andi	x25,x2,-967	  x2:0x80000000 x25=0x80000000
      57235.000 ns	      5722	800011e4	c00ec753	fcvt.w.s	x14,f29	 f29:0x3ebaf2d0 x14=0x00000000
      57255.000 ns	      5724	800011e8	40ee58b3	sra	x17,x28,x14	 x28:0x00000007 x14:0x00000000 x17=0x00000007
      57275.000 ns	      5726	800011ec	03aeac33	mulhsu	x24,x29,x26	 x29:0x00000000 x26:0xb0043000 x24=0x00000000
      57315.000 ns	      5730	800011f0	110c18d3	fmul.s	f17,f24,f16	 f24:0x00000000 f16:0x7f800000 f17=0x7fc00000
      57685.000 ns	      5767	800011f4	024dc6b3	div	x13,x27,x4	 x27:0x00000040  x4:0x80041024 x13=0x00000000
      57705.000 ns	      5769	800011f8	7a89cd13	xori	x26,x19,1960	 x19:0x00000000 x26=0x000007a8
      57725.000 ns	      5771	800011fc	e0088053	fmv.x.w	x0,f17	 f17:0x7fc00000
      57745.000 ns	      5773	80001200	00d6fc33	and	x24,x13,x13	 x13:0x00000000 x13:0x00000000 x24=0x00000000
      57765.000 ns	      5775	80001204	29cb89d3	fmin.s	f19,f23,f28	 f23:0x00000000 f28:0x7fc00000 f19=0x00000000
      57795.000 ns	      5778	80001208	218a10d3	fsgnjn.s	f1,f20,f24	 f20:0x3f800000 f24:0x00000000  f1=0xbf800000
      57815.000 ns	      5780	8000120c	00f1d4b3	srl	x9,x3,x15	  x3:0x02001040 x15:0x00000000  x9=0x02001040
      57825.000 ns	      5781	80001210	41d75393	srai	x7,x14,0x1d	 x14:0x00000000  x7=0x00000000
      57865.000 ns	      5785	80001214	019cfe53	fadd.s	f28,f25,f25	 f25:0xce8d46fe f25:0xce8d46fe f28=0xcf0d46fe
      57895.000 ns	      5788	80001218	28dc92d3	fmax.s	f5,f25,f13	 f25:0xce8d46fe f13:0x00080041  f5=0x00080041
      57925.000 ns	      5791	8000121c	e00f9753	fclass.s	x14,f31	 f31:0xbfaebcb4 x14=0x00000002
      57955.000 ns	      5794	80001220	c01b38d3	fcvt.wu.s	x17,f22	 f22:0x40e00000 x17=0x00000007
      57975.000 ns	      5796	80001224	37b34a93	xori	x21,x6,891	  x6:0x00000000 x21=0x0000037b
      57985.000 ns	      5797	80001228	00000013	addi	x0,x0,0	  x0:0x00000000
      57995.000 ns	      5798	8000122c	41a2db33	sra	x22,x5,x26	  x5:0x00000001 x26:0x000007a8 x22=0x00000000
      58015.000 ns	      5800	80001230	f00886d3	fmv.w.x	f13,x17	 x17:0x00000007 f13=0x00000007
      58045.000 ns	      5803	80001234	02c39333	mulh	x6,x7,x12	  x7:0x00000000 x12:0x80040fe4  x6=0x00000000
      58065.000 ns	      5805	80001238	00a476b3	and	x13,x8,x10	  x8:0x00000000 x10:0xffffffff x13=0x00000000
      58075.000 ns	      5806	8000123c	01e34933	xor	x18,x6,x30	  x6:0x00000000 x30:0x00000020 x18=0x00000020
      58095.000 ns	      5808	80001240	28a79cd3	fmax.s	f25,f15,f10	 f15:0x3ebaf2d0 f10:0x7fc00000 f25=0x3ebaf2d0
      58115.000 ns	      5810	80001244	00b731b3	sltu	x3,x14,x11	 x14:0x00000002 x11:0x5214fdf8  x3=0x00000001
      58135.000 ns	      5812	80001248	201e0e53	fsgnj.s	f28,f28,f1	 f28:0xcf0d46fe  f1:0xbf800000 f28=0xcf0d46fe
      58165.000 ns	      5815	8000124c	c00772d3	fcvt.w.s	x5,f14	 f14:0x8074a396  x5=0x00000000
      58195.000 ns	      5818	80001250	02953033	mulhu	x0,x10,x9	 x10:0xffffffff  x9:0x02001040
      58215.000 ns	      5820	80001254	010115b3	sll	x11,x2,x16	  x2:0x80000000 x16:0x00000000 x11=0x80000000
      58225.000 ns	      5821	80001258	a253ad93	slti	x27,x7,-1499	  x7:0x00000000 x27=0x00000000
      58245.000 ns	      5823	8000125c	20ce8ed3	fsgnj.s	f29,f29,f12	 f29:0x3ebaf2d0 f12:0x00080041 f29=0x3ebaf2d0
      58265.000 ns	      5825	80001260	77f26293	ori	x5,x4,1919	  x4:0x80041024  x5=0x8004177f
      58285.000 ns	      5827	80001264	c00988d3	fcvt.w.s	x17,f19	 f19:0x00000000 x17=0x00000000
      58305.000 ns	      5829	80001268	01577fb3	and	x31,x14,x21	 x14:0x00000002 x21:0x0000037b x31=0x00000002
      58325.000 ns	      5831	8000126c	022da6b3	mulhsu	x13,x27,x2	 x27:0x00000000  x2:0x80000000 x13=0x00000000
      58345.000 ns	      5833	80001270	01e706b3	add	x13,x14,x30	 x14:0x00000002 x30:0x00000020 x13=0x00000022
      58705.000 ns	      5869	80001274	03e7e9b3	rem	x19,x15,x30	 x15:0x00000000 x30:0x00000020 x19=0x00000000
      58725.000 ns	      5871	80001278	01fd5993	srli	x19,x26,0x1f	 x26:0x000007a8 x19=0x00000000
      58735.000 ns	      5872	8000127c	41525f93	srai	x31,x4,0x15	  x4:0x80041024 x31=0xfffffc00
      58745.000 ns	      5873	80001280	b5763b93	sltiu	x23,x12,-1193	 x12:0x80040fe4 x23=0x00000001
      58765.000 ns	      5875	80001284	20079ed3	fsgnjn.s	f29,f15,f0	 f15:0x3ebaf2d0  f0:0x00000000 f29=0xbebaf2d0
      58795.000 ns	      5878	80001288	e00316d3	fclass.s	x13,f6	  f6:0x4ec13060 x13=0x00000040
      58825.000 ns	      5881	8000128c	29578153	fmin.s	f2,f15,f21	 f15:0x3ebaf2d0 f21:0x3faebcb4  f2=0x3ebaf2d0
      58855.000 ns	      5884	80001290	a0ab8053	fle.s	x0,f23,f10	 f23:0x00000000 f10:0x7fc00000
      58885.000 ns	      5887	80001294	0336ec33	rem	x24,x13,x19	 x13:0x00000040 x19:0x00000000 x24=0x00000040
      58915.000 ns	      5890	80001298	03db83b3	mul	x7,x23,x29	 x23:0x00000001 x29:0x00000000  x7=0x00000000
      58945.000 ns	      5893	8000129c	037e2ab3	mulhsu	x21,x28,x23	 x28:0x00000007 x23:0x00000001 x21=0x00000000
      58975.000 ns	      5896	800012a0	d01cfd53	fcvt.s.wu	f26,x25	 x25:0x80000000 f26=0x4f000000
      60155.000 ns	      6014	800012a4	5806bb53	fsqrt.s	f22,f13	 f13:0x00000007 f22=0x1f35048c
      60175.000 ns	      6016	800012a8	ebc34713	xori	x14,x6,-324	  x6:0x00000000 x14=0xfffffebc
      60195.000 ns	      6018	800012ac	e0020b53	fmv.x.w	x22,f4	  f4:0x40e00000 x22=0x40e00000
      60215.000 ns	      6020	800012b0	a212a013	slti	x0,x5,-1503	  x5:0x8004177f
      60235.000 ns	      6022	800012b4	e0040b53	fmv.x.w	x22,f8	  f8:0x00000000 x22=0x00000000
      60255.000 ns	      6024	800012b8	40bfdb93	srai	x23,x31,0xb	 x31:0xfffffc00 x23=0xffffffff
      60265.000 ns	      6025	800012bc	43c6e293	ori	x5,x13,1084	 x13:0x00000040  x5=0x0000047c
      60285.000 ns	      6027	800012c0	02d20c33	mul	x24,x4,x13	  x4:0x80041024 x13:0x00000040 x24=0x01040900
      60305.000 ns	      6029	800012c4	41cc5293	srai	x5,x24,0x1c	 x24:0x00000040  x5=0x00000000
      60325.000 ns	      6031	800012c8	d013c9d3	fcvt.s.wu	f19,x7	  x7:0x00000000 f19=0x00000000
      60345.000 ns	      6033	800012cc	a3682a93	slti	x21,x16,-1482	 x16:0x00000000 x21=0x00000000
      60355.000 ns	      6034	800012d0	004b9733	sll	x14,x23,x4	 x23:0xffffffff  x4:0x80041024 x14=0xfffffff0
      60365.000 ns	      6035	800012d4	c35c6f13	ori	x30,x24,-971	 x24:0x01040900 x30=0xfffffd35
      60385.000 ns	      6037	800012d8	f00007d3	fmv.w.x	f15,x0	  x0:0x00000000 f15=0x00000000
      60405.000 ns	      6039	800012dc	00823bb3	sltu	x23,x4,x8	  x4:0x80041024  x8:0x00000000 x23=0x00000000
      60425.000 ns	      6041	800012e0	e0008b53	fmv.x.w	x22,f1	  f1:0xbf800000 x22=0xbf800000
      61605.000 ns	      6159	800012e4	580cb453	fsqrt.s	f8,f25	 f25:0x3ebaf2d0  f8=0x3e9ab0f0
      61625.000 ns	      6161	800012e8	00000013	addi	x0,x0,0	  x0:0x00000000
      61635.000 ns	      6162	800012ec	411481b3	sub	x3,x9,x17	  x9:0x02001040 x17:0x00000000  x3=0x02001040
      61645.000 ns	      6163	800012f0	20734937	lui	x18,0x20734	 x18=0x20734000
      61665.000 ns	      6165	800012f4	e00c84d3	fmv.x.w	x9,f25	 f25:0x3ebaf2d0  x9=0x3ebaf2d0
      61695.000 ns	      6168	800012f8	a0448f53	fle.s	x30,f9,f4	  f9:0x00000000  f4:0x40e00000 x30=0x00000001
      62065.000 ns	      6205	800012fc	02d76833	rem	x16,x14,x13	 x14:0xfffffff0 x13:0x00000040 x16=0xfffffff0
      62095.000 ns	      6208	80001300	a1522d53	feq.s	x26,f4,f21	  f4:0x40e00000 f21:0x3faebcb4 x26=0x00000000
      62115.000 ns	      6210	80001304	fbd12c93	slti	x25,x2,-67	  x2:0x80000000 x25=0x00000001
      62125.000 ns	      6211	80001308	4084db33	sra	x22,x9,x8	  x9:0x3ebaf2d0  x8:0x00000000 x22=0x3ebaf2d0
      62155.000 ns	      6214	8000130c	18078bd3	fdiv.s	f23,f15,f0	 f15:0x00000000  f0:0x00000000 f23=0x7fc00000
      62185.000 ns	      6217	80001310	03d6a3b3	mulhsu	x7,x13,x29	 x13:0x00000040 x29:0x00000000  x7=0x00000000
      62215.000 ns	      6220	80001314	21d4ad53	fsgnjx.s	f26,f9,f29	  f9:0x00000000 f29:0xbebaf2d0 f26=0x80000000
      62235.000 ns	      6222	80001318	74fe3417	auipc	x8,0x74fe3	  x8=0xf4fe4318
      62595.000 ns	      6258	8000131c	022c78b3	remu	x17,x24,x2	 x24:0x01040900  x2:0x80000000 x17=0x01040900
      62615.000 ns	      6260	80001320	00863a33	sltu	x20,x12,x8	 x12:0x80040fe4  x8:0x00000000 x20=0x00000001
      62625.000 ns	      6261	80001324	407f5913	srai	x18,x30,0x7	 x30:0x00000001 x18=0x00000000
      62655.000 ns	      6264	80001328	11262353	fmul.s	f6,f12,f18	 f12:0x00080041 f18:0x8074a396  f6=0x80000000
      62675.000 ns	      6266	8000132c	00d7d593	srli	x11,x15,0xd	 x15:0x00000000 x11=0x00000000
      62685.000 ns	      6267	80001330	00c39d13	slli	x26,x7,0xc	  x7:0x00000000 x26=0x00000000
      62705.000 ns	      6269	80001334	29e20353	fmin.s	f6,f4,f30	  f4:0x40e00000 f30:0xcec8dbbd  f6=0xcec8dbbd
      62725.000 ns	      6271	80001338	68d4b793	sltiu	x15,x9,1677	  x9:0x3ebaf2d0 x15=0x00000000
      62735.000 ns	      6272	8000133c	54e67513	andi	x10,x12,1358	 x12:0x80040fe4 x10=0x00000544
      62755.000 ns	      6274	80001340	a09302d3	fle.s	x5,f6,f9	  f6:0xcec8dbbd  f9:0x00000000  x5=0x00000001
      62805.000 ns	      6279	80001344	09787653	fsub.s	f12,f16,f23	 f16:0x7f800000 f23:0x7fc00000 f12=0x7fc00000
      63175.000 ns	      6316	80001348	02d271b3	remu	x3,x4,x13	  x4:0x80041024 x13:0x00000040  x3=0x00000024
      63195.000 ns	      6318	8000134c	c4048493	addi	x9,x9,-960	  x9:0x3ebaf2d0  x9=0x3ebaef10
      63205.000 ns	      6319	80001350	003449b3	xor	x19,x8,x3	  x8:0xf4fe4318  x3:0x00000024 x19=0xf4fe433c
      63215.000 ns	      6320	80001354	01bc43b3	xor	x7,x24,x27	 x24:0x01040900 x27:0x00000000  x7=0x01040900
      63225.000 ns	      6321	80001358	d059c013	xori	x0,x19,-763	 x19:0x00000000
      63235.000 ns	      6322	8000135c	00b8e8b3	or	x17,x17,x11	 x17:0x01040900 x11:0x00000000 x17=0x01040900
      63255.000 ns	      6324	80001360	21799c53	fsgnjn.s	f24,f19,f23	 f19:0x00000000 f23:0x7fc00000 f24=0x80000000
      63285.000 ns	      6327	80001364	a05e8353	fle.s	x6,f29,f5	 f29:0xbebaf2d0  f5:0x00080041  x6=0x00000001
      63315.000 ns	      6330	80001368	03daaeb3	mulhsu	x29,x21,x29	 x21:0x00000000 x29:0x00000000 x29=0x00000000
      63345.000 ns	      6333	8000136c	e0090353	fmv.x.w	x6,f18	 f18:0x8074a396  x6=0x8074a396
      63365.000 ns	      6335	80001370	0d6d6193	ori	x3,x26,214	 x26:0x00000000  x3=0x000000d6
      63375.000 ns	      6336	80001374	40695d93	srai	x27,x18,0x6	 x18:0x00000000 x27=0x00000000
      63385.000 ns	      6337	80001378	3cd46293	ori	x5,x8,973	  x8:0xf4fe4318  x5=0xf4fe43dd
      63415.000 ns	      6340	8000137c	102375d3	fmul.s	f11,f6,f2	  f6:0xcec8dbbd  f2:0x3ebaf2d0 f11=0xce12ae2a
      63445.000 ns	      6343	80001380	217d0a53	fsgnj.s	f20,f26,f23	 f26:0x80000000 f23:0x7fc00000 f20=0x00000000
      63465.000 ns	      6345	80001384	419ad993	srai	x19,x21,0x19	 x21:0x00000000 x19=0x00000000
      63485.000 ns	      6347	80001388	21ee19d3	fsgnjn.s	f19,f28,f30	 f28:0xcf0d46fe f30:0xcec8dbbd f19=0x4f0d46fe
      63515.000 ns	      6350	8000138c	03053833	mulhu	x16,x10,x16	 x10:0x00000544 x16:0xfffffff0 x16=0x00000543
      63565.000 ns	      6355	80001390	00ed3153	fadd.s	f2,f26,f14	 f26:0x80000000 f14:0x8074a396  f2=0x8074a396
      63585.000 ns	      6357	80001394	c67bb9b7	lui	x19,0xc67bb	 x19=0xc67bb000
      63595.000 ns	      6358	80001398	40ca5413	srai	x8,x20,0xc	 x20:0x00000001  x8=0x00000000
      63605.000 ns	      6359	8000139c	36100d13	addi	x26,x0,865	  x0:0x00000000 x26=0x00000361
      63625.000 ns	      6361	800013a0	a00b18d3	flt.s	x17,f22,f0	 f22:0x1f35048c  f0:0x00000000 x17=0x00000000
      63655.000 ns	      6364	800013a4	a0ba1dd3	flt.s	x27,f20,f11	 f20:0x00000000 f11:0xce12ae2a x27=0x00000000
      63685.000 ns	      6367	800013a8	020a65b3	rem	x11,x20,x0	 x20:0x00000001  x0:0x00000000 x11=0x00000001
      64055.000 ns	      6404	800013ac	027cfeb3	remu	x29,x25,x7	 x25:0x00000001  x7:0x01040900 x29=0x00000001
      64075.000 ns	      6406	800013b0	54e83d93	sltiu	x27,x16,1358	 x16:0x00000543 x27=0x00000001
      64085.000 ns	      6407	800013b4	013ad693	srli	x13,x21,0x13	 x21:0x00000000 x13=0x00000000
      64445.000 ns	      6443	800013b8	03077cb3	remu	x25,x14,x16	 x14:0xfffffff0 x16:0x00000543 x25=0x000004b6
      64475.000 ns	      6446	800013bc	29ff17d3	fmax.s	f15,f30,f31	 f30:0xcec8dbbd f31:0xbfaebcb4 f15=0xbfaebcb4
      64505.000 ns	      6449	800013c0	a1350ed3	fle.s	x29,f10,f19	 f10:0x7fc00000 f19:0x4f0d46fe x29=0x00000000
      64545.000 ns	      6453	800013c4	11dac253	fmul.s	f4,f21,f29	 f21:0x3faebcb4 f29:0xbebaf2d0  f4=0xbeff35ae
      64575.000 ns	      6456	800013c8	026f99b3	mulh	x19,x31,x6	 x31:0xfffffc00  x6:0x8074a396 x19=0x000001fe
      64605.000 ns	      6459	800013cc	036c29b3	mulhsu	x19,x24,x22	 x24:0x01040900 x22:0x3ebaf2d0 x19=0x003fb813
      64625.000 ns	      6461	800013d0	7be7ff13	andi	x30,x15,1982	 x15:0x00000000 x30=0x00000000
      64655.000 ns	      6464	800013d4	191873d3	fdiv.s	f7,f16,f17	 f16:0x7f800000 f17:0x7fc00000  f7=0x7fc00000
      64675.000 ns	      6466	800013d8	411f8933	sub	x18,x31,x17	 x31:0xfffffc00 x17:0x00000000 x18=0xfffffc00
      65035.000 ns	      6502	800013dc	0269e5b3	rem	x11,x19,x6	 x19:0x003fb813  x6:0x8074a396 x11=0x003fb813
      65055.000 ns	      6504	800013e0	cfe0f413	andi	x8,x1,-770	  x1:0x8bc7b1ac  x8=0x8bc7b0ac
      65065.000 ns	      6505	800013e4	d8aa3a13	sltiu	x20,x20,-630	 x20:0x00000001 x20=0x00000001
      65075.000 ns	      6506	800013e8	01a59d13	slli	x26,x11,0x1a	 x11:0x003fb813 x26=0x4c000000
      65095.000 ns	      6508	800013ec	c006c4d3	fcvt.w.s	x9,f13	 f13:0x00000007  x9=0x00000000
      65125.000 ns	      6511	800013f0	d01f4853	fcvt.s.wu	f16,x30	 x30:0x00000000 f16=0x00000000
      65495.000 ns	      6548	800013f4	03b36ab3	rem	x21,x6,x27	  x6:0x8074a396 x27:0x00000001 x21=0x00000000
      65515.000 ns	      6550	800013f8	4073dab3	sra	x21,x7,x7	  x7:0x01040900  x7:0x01040900 x21=0x01040900
      65535.000 ns	      6552	800013fc	030f2433	mulhsu	x8,x30,x16	 x30:0x00000000 x16:0x00000543  x8=0x00000000
      65555.000 ns	      6554	80001400	8b047f13	andi	x30,x8,-1872	  x8:0x8bc7b0ac x30=0x00000000
      65575.000 ns	      6556	80001404	03fd0033	mul	x0,x26,x31	 x26:0x4c000000 x31:0xfffffc00
      65625.000 ns	      6561	80001408	08d107d3	fsub.s	f15,f2,f13	  f2:0x8074a396 f13:0x00000007 f15=0x8074a39d
      65645.000 ns	      6563	8000140c	0158d3b3	srl	x7,x17,x21	 x17:0x00000000 x21:0x01040900  x7=0x00000000
      65655.000 ns	      6564	80001410	1baae893	ori	x17,x21,442	 x21:0x01040900 x17=0x010409ba
      65665.000 ns	      6565	80001414	008702b3	add	x5,x14,x8	 x14:0xfffffff0  x8:0x00000000  x5=0xfffffff0
      65675.000 ns	      6566	80001418	0099f033	and	x0,x19,x9	 x19:0x003fb813  x9:0x00000000
      65685.000 ns	      6567	8000141c	00892533	slt	x10,x18,x8	 x18:0xfffffc00  x8:0x00000000 x10=0x00000001
      65705.000 ns	      6569	80001420	20458753	fsgnj.s	f14,f11,f4	 f11:0xce12ae2a  f4:0xbeff35ae f14=0xce12ae2a
      65735.000 ns	      6572	80001424	20e50ed3	fsgnj.s	f29,f10,f14	 f10:0x7fc00000 f14:0x8074a396 f29=0xffc00000
      66105.000 ns	      6609	80001428	03524533	div	x10,x4,x21	  x4:0x80041024 x21:0x01040900 x10=0xffffff83
      66135.000 ns	      6612	8000142c	f0010953	fmv.w.x	f18,x2	  x2:0x80000000 f18=0x80000000
      66155.000 ns	      6614	80001430	418d5a33	sra	x20,x26,x24	 x26:0x4c000000 x24:0x01040900 x20=0x4c000000
      66515.000 ns	      6650	80001434	021e4833	div	x16,x28,x1	 x28:0x00000007  x1:0x8bc7b1ac x16=0x00000000
      66535.000 ns	      6652	80001438	cd82d0b7	lui	x1,0xcd82d	  x1=0xcd82d000
      66545.000 ns	      6653	8000143c	942959b7	lui	x19,0x94295	 x19=0x94295000
      66555.000 ns	      6654	80001440	3c856db7	lui	x27,0x3c856	 x27=0x3c856000
      66565.000 ns	      6655	80001444	017bfc33	and	x24,x23,x23	 x23:0x00000000 x23:0x00000000 x24=0x00000000
      66575.000 ns	      6656	80001448	01081413	slli	x8,x16,0x10	 x16:0x00000000  x8=0x00000000
      66585.000 ns	      6657	8000144c	014e6eb3	or	x29,x28,x20	 x28:0x00000007 x20:0x4c000000 x29=0x4c000007
      66605.000 ns	      6659	80001450	28221753	fmax.s	f14,f4,f2	  f4:0xbeff35ae  f2:0x8074a396 f14=0x8074a396
      66635.000 ns	      6662	80001454	036b2db3	mulhsu	x27,x22,x22	 x22:0x3ebaf2d0 x22:0x3ebaf2d0 x27=0x0f5f1622
      66665.000 ns	      6665	80001458	e0069ad3	fclass.s	x21,f13	 f13:0x00000007 x21=0x00000020
      66685.000 ns	      6667	8000145c	16fb0a93	addi	x21,x22,367	 x22:0x3ebaf2d0 x21=0x3ebaf43f
      66705.000 ns	      6669	80001460	025b2033	mulhsu	x0,x22,x5	 x22:0x3ebaf2d0  x5:0xfffffff0
      66725.000 ns	      6671	80001464	76480f13	addi	x30,x16,1892	 x16:0x00000000 x30=0x00000764
      66735.000 ns	      6672	80001468	00094933	xor	x18,x18,x0	 x18:0xfffffc00  x0:0x00000000 x18=0xfffffc00
      66755.000 ns	      6674	8000146c	f00303d3	fmv.w.x	f7,x6	  x6:0x8074a396  f7=0x8074a396
      66775.000 ns	      6676	80001470	41cddeb3	sra	x29,x27,x28	 x27:0x0f5f1622 x28:0x00000007 x29=0x001ebe2c
      67135.000 ns	      6712	80001474	03a8c133	div	x2,x17,x26	 x17:0x010409ba x26:0x4c000000  x2=0x00000000
      67165.000 ns	      6715	80001478	03679933	mulh	x18,x15,x22	 x15:0x00000000 x22:0x3ebaf2d0 x18=0x00000000
      67195.000 ns	      6718	8000147c	d002f153	fcvt.s.w	f2,x5	  x5:0xfffffff0  f2=0xc1800000
      67245.000 ns	      6723	80001480	0901bc53	fsub.s	f24,f3,f16	  f3:0x40e00000 f16:0x00000000 f24=0x40e00000
      67275.000 ns	      6726	80001484	20049fd3	fsgnjn.s	f31,f9,f0	  f9:0x00000000  f0:0x00000000 f31=0x80000000
      67295.000 ns	      6728	80001488	01f8d033	srl	x0,x17,x31	 x17:0x010409ba x31:0xfffffc00
      67305.000 ns	      6729	8000148c	019582b3	add	x5,x11,x25	 x11:0x003fb813 x25:0x000004b6  x5=0x003fbcc9
      67335.000 ns	      6732	80001490	105af1d3	fmul.s	f3,f21,f5	 f21:0x3faebcb4  f5:0x00080041  f3=0x000aec24
      67385.000 ns	      6737	80001494	093cf7d3	fsub.s	f15,f25,f19	 f25:0x3ebaf2d0 f19:0x4f0d46fe f15=0xcf0d46fd
      67755.000 ns	      6774	80001498	039554b3	divu	x9,x10,x25	 x10:0xffffff83 x25:0x000004b6  x9=0x00365774
      67775.000 ns	      6776	8000149c	414a8bb3	sub	x23,x21,x20	 x21:0x3ebaf43f x20:0x4c000000 x23=0xf2baf43f
      67795.000 ns	      6778	800014a0	03369f33	mulh	x30,x13,x19	 x13:0x00000000 x19:0x94295000 x30=0x00000000
      67815.000 ns	      6780	800014a4	01582133	slt	x2,x16,x21	 x16:0x00000000 x21:0x3ebaf43f  x2=0x00000001
      67825.000 ns	      6781	800014a8	00000013	addi	x0,x0,0	  x0:0x00000000
      67845.000 ns	      6783	800014ac	20e4a2d3	fsgnjx.s	f5,f9,f14	  f9:0x00000000 f14:0x8074a396  f5=0x80000000
      67875.000 ns	      6786	800014b0	0330b533	mulhu	x10,x1,x19	  x1:0xcd82d000 x19:0x94295000 x10=0x76f0ca6c
      67895.000 ns	      6788	800014b4	43e08413	addi	x8,x1,1086	  x1:0xcd82d000  x8=0xcd82d43e
      68255.000 ns	      6824	800014b8	0335ecb3	rem	x25,x11,x19	 x11:0x003fb813 x19:0x94295000 x25=0x003fb813
      68275.000 ns	      6826	800014bc	11b6a513	slti	x10,x13,283	 x13:0x00000000 x10=0x00000001
      68295.000 ns	      6828	800014c0	03dd0033	mul	x0,x26,x29	 x26:0x4c000000 x29:0x001ebe2c
      68315.000 ns	      6830	800014c4	01d4c933	xor	x18,x9,x29	  x9:0x00365774 x29:0x001ebe2c x18=0x0028e958
      68335.000 ns	      6832	800014c8	a1f50a53	fle.s	x20,f10,f31	 f10:0x7fc00000 f31:0x80000000 x20=0x00000000
      68355.000 ns	      6834	800014cc	00edd133	srl	x2,x27,x14	 x27:0x0f5f1622 x14:0xfffffff0  x2=0x00000f5f
      68395.000 ns	      6838	800014d0	09daba53	fsub.s	f20,f21,f29	 f21:0x3faebcb4 f29:0xffc00000 f20=0x7fc00000
      68425.000 ns	      6841	800014d4	e00f9353	fclass.s	x6,f31	 f31:0x80000000  x6=0x00000008
      68465.000 ns	      6845	800014d8	111e70d3	fmul.s	f1,f28,f17	 f28:0xcf0d46fe f17:0x7fc00000  f1=0x7fc00000
      68485.000 ns	      6847	800014dc	000e5b33	srl	x22,x28,x0	 x28:0x00000007  x0:0x00000000 x22=0x00000007
      68495.000 ns	      6848	800014e0	01e1d933	srl	x18,x3,x30	  x3:0x000000d6 x30:0x00000000 x18=0x000000d6
      68515.000 ns	      6850	800014e4	023e11b3	mulh	x3,x28,x3	 x28:0x00000007  x3:0x000000d6  x3=0x00000000
      68545.000 ns	      6853	800014e8	e00b9cd3	fclass.s	x25,f23	 f23:0x7fc00000 x25=0x00000200
      68915.000 ns	      6890	800014ec	02c34bb3	div	x23,x6,x12	  x6:0x00000008 x12:0x80040fe4 x23=0x00000000
      68945.000 ns	      6893	800014f0	217f20d3	fsgnjx.s	f1,f30,f23	 f30:0xcec8dbbd f23:0x7fc00000  f1=0xcec8dbbd
      68975.000 ns	      6896	800014f4	d00402d3	fcvt.s.w	f5,x8	  x8:0xcd82d43e  f5=0xce49f4af
      69005.000 ns	      6899	800014f8	03860d33	mul	x26,x12,x24	 x12:0x80040fe4 x24:0x00000000 x26=0x00000000
      69025.000 ns	      6901	800014fc	4a73ed97	auipc	x27,0x4a73e	 x27=0xca73f4fc
      69045.000 ns	      6903	80001500	c01ef353	fcvt.wu.s	x6,f29	 f29:0xffc00000  x6=0xffffffff
      69065.000 ns	      6905	80001504	9505ac37	lui	x24,0x9505a	 x24=0x9505a000
      69075.000 ns	      6906	80001508	016a01b3	add	x3,x20,x22	 x20:0x00000000 x22:0x00000007  x3=0x00000007
      69085.000 ns	      6907	8000150c	01f006b3	add	x13,x0,x31	  x0:0x00000000 x31:0xfffffc00 x13=0xfffffc00
      69105.000 ns	      6909	80001510	a07119d3	flt.s	x19,f2,f7	  f2:0xc1800000  f7:0x8074a396 x19=0x00000001
      69155.000 ns	      6914	80001514	003bfcd3	fadd.s	f25,f23,f3	 f23:0x7fc00000  f3:0x000aec24 f25=0x7fc00000
      69175.000 ns	      6916	80001518	b34d8c97	auipc	x25,0xb34d8	 x25=0x334d9518
      69185.000 ns	      6917	8000151c	5ccdaa93	slti	x21,x27,1484	 x27:0xca73f4fc x21=0x00000001
      69195.000 ns	      6918	80001520	009be6b3	or	x13,x23,x9	 x23:0x00000000  x9:0x00365774 x13=0x00365774
      69215.000 ns	      6920	80001524	d014ffd3	fcvt.s.wu	f31,x9	  x9:0x00365774 f31=0x4a595dd0
      69245.000 ns	      6923	80001528	c01df353	fcvt.wu.s	x6,f27	 f27:0x00000000  x6=0x00000000
      69275.000 ns	      6926	8000152c	20509d53	fsgnjn.s	f26,f1,f5	  f1:0xcec8dbbd  f5:0xce49f4af f26=0x4ec8dbbd
      69305.000 ns	      6929	80001530	02808cb3	mul	x25,x1,x8	  x1:0xcd82d000  x8:0xcd82d43e x25=0xb9ee6000
      69325.000 ns	      6931	80001534	08f92997	auipc	x19,0x8f92	 x19=0x88f93534
      69335.000 ns	      6932	80001538	e50e26b7	lui	x13,0xe50e2	 x13=0xe50e2000
      69355.000 ns	      6934	8000153c	c00f70d3	fcvt.w.s	x1,f30	 f30:0xcec8dbbd  x1=0x646dde80
      69725.000 ns	      6971	80001540	02ad6433	rem	x8,x26,x10	 x26:0x00000000 x10:0x00000001  x8=0x00000000
      69745.000 ns	      6973	80001544	ec5b7c93	andi	x25,x22,-315	 x22:0x00000007 x25=0x00000005
      69765.000 ns	      6975	80001548	d01447d3	fcvt.s.wu	f15,x8	  x8:0x00000000 f15=0x00000000
      69815.000 ns	      6980	8000154c	0934cb53	fsub.s	f22,f9,f19	  f9:0x00000000 f19:0x4f0d46fe f22=0xcf0d46fe
      69845.000 ns	      6983	80001550	a14427d3	feq.s	x15,f8,f20	  f8:0x3e9ab0f0 f20:0x7fc00000 x15=0x00000000
      69865.000 ns	      6985	80001554	416388b3	sub	x17,x7,x22	  x7:0x00000000 x22:0x00000007 x17=0xfffffff9
      69885.000 ns	      6987	80001558	026083b3	mul	x7,x1,x6	  x1:0x646dde80  x6:0x00000000  x7=0x00000000
      69905.000 ns	      6989	8000155c	41f75d33	sra	x26,x14,x31	 x14:0xfffffff0 x31:0xfffffc00 x26=0xfffffff0
      69925.000 ns	      6991	80001560	a1ab87d3	fle.s	x15,f23,f26	 f23:0x7fc00000 f26:0x4ec8dbbd x15=0x00000000
      69945.000 ns	      6993	80001564	00665033	srl	x0,x12,x6	 x12:0x80040fe4  x6:0x00000000
      69965.000 ns	      6995	80001568	288593d3	fmax.s	f7,f11,f8	 f11:0xce12ae2a  f8:0x3e9ab0f0  f7=0x3e9ab0f0
      69985.000 ns	      6997	8000156c	00000013	addi	x0,x0,0	  x0:0x00000000
      70005.000 ns	      6999	80001570	03056fb3	rem	x31,x10,x16	 x10:0x00000001 x16:0x00000000 x31=0x00000001
      70025.000 ns	      7001	80001574	da6f7f13	andi	x30,x30,-602	 x30:0x00000000 x30=0x00000000
      70035.000 ns	      7002	80001578	01799bb3	sll	x23,x19,x23	 x19:0x88f93534 x23:0x00000000 x23=0x88f93534
      70065.000 ns	      7005	8000157c	1999f953	fdiv.s	f18,f19,f25	 f19:0x4f0d46fe f25:0x7fc00000 f18=0x7fc00000
      70085.000 ns	      7007	80001580	010ea1b3	slt	x3,x29,x16	 x29:0x001ebe2c x16:0x00000000  x3=0x00000000
      70445.000 ns	      7043	80001584	022ef033	remu	x0,x29,x2	 x29:0x001ebe2c  x2:0x00000f5f
      70475.000 ns	      7046	80001588	28789653	fmax.s	f12,f17,f7	 f17:0x7fc00000  f7:0x3e9ab0f0 f12=0x3e9ab0f0
      70495.000 ns	      7048	8000158c	9c457a13	andi	x20,x10,-1596	 x10:0x00000001 x20=0x00000000
      70505.000 ns	      7049	80001590	dc813113	sltiu	x2,x2,-568	  x2:0x00000f5f  x2=0x00000001
      70545.000 ns	      7053	80001594	097972d3	fsub.s	f5,f18,f23	 f18:0x7fc00000 f23:0x7fc00000  f5=0x7fc00000
      70575.000 ns	      7056	80001598	a1c1ab53	feq.s	x22,f3,f28	  f3:0x000aec24 f28:0xcf0d46fe x22=0x00000000
      70595.000 ns	      7058	8000159c	41fddd93	srai	x27,x27,0x1f	 x27:0xca73f4fc x27=0xffffffff
      70615.000 ns	      7060	800015a0	21d1a653	fsgnjx.s	f12,f3,f29	  f3:0x000aec24 f29:0xffc00000 f12=0x800aec24
      70645.000 ns	      7063	800015a4	e0079c53	fclass.s	x24,f15	 f15:0x00000000 x24=0x00000010
      70695.000 ns	      7068	800015a8	01ddffd3	fadd.s	f31,f27,f29	 f27:0x00000000 f29:0xffc00000 f31=0x7fc00000
      70715.000 ns	      7070	800015ac	0179beb3	sltu	x29,x19,x23	 x19:0x88f93534 x23:0x88f93534 x29=0x00000000
      70725.000 ns	      7071	800015b0	0199f433	and	x8,x19,x25	 x19:0x88f93534 x25:0x00000005  x8=0x00000004
      70735.000 ns	      7072	800015b4	01f09c93	slli	x25,x1,0x1f	  x1:0x646dde80 x25=0x00000000
      70745.000 ns	      7073	800015b8	01878cb3	add	x25,x15,x24	 x15:0x00000000 x24:0x00000010 x25=0x00000010
      70755.000 ns	      7074	800015bc	b9472113	slti	x2,x14,-1132	 x14:0xfffffff0  x2=0x00000000
      70765.000 ns	      7075	800015c0	43477b13	andi	x22,x14,1076	 x14:0xfffffff0 x22=0x00000430
      70775.000 ns	      7076	800015c4	41625313	srai	x6,x4,0x16	  x4:0x80041024  x6=0xfffffe00
      70795.000 ns	      7078	800015c8	291687d3	fmin.s	f15,f13,f17	 f13:0x00000007 f17:0x7fc00000 f15=0x00000007
      70825.000 ns	      7081	800015cc	a1a9ab53	feq.s	x22,f19,f26	 f19:0x4f0d46fe f26:0x4ec8dbbd x22=0x00000000
      70845.000 ns	      7083	800015d0	00608f33	add	x30,x1,x6	  x1:0x646dde80  x6:0xfffffe00 x30=0x646ddc80
      70865.000 ns	      7085	800015d4	a04c1f53	flt.s	x30,f24,f4	 f24:0x40e00000  f4:0xbeff35ae x30=0x00000000
      70895.000 ns	      7088	800015d8	293b9853	fmax.s	f16,f23,f19	 f23:0x7fc00000 f19:0x4f0d46fe f16=0x4f0d46fe
      70915.000 ns	      7090	800015dc	00709d13	slli	x26,x1,0x7	  x1:0x646dde80 x26=0x36ef4000
      70925.000 ns	      7091	800015e0	2e3fe713	ori	x14,x31,739	 x31:0x00000001 x14=0x000002e3
      70945.000 ns	      7093	800015e4	205896d3	fsgnjn.s	f13,f17,f5	 f17:0x7fc00000  f5:0x7fc00000 f13=0xffc00000
      70965.000 ns	      7095	800015e8	0059d0b3	srl	x1,x19,x5	 x19:0x88f93534  x5:0x003fbcc9  x1=0x00447c9a
      71005.000 ns	      7099	800015ec	09bffdd3	fsub.s	f27,f31,f27	 f31:0x7fc00000 f27:0x00000000 f27=0x7fc00000
      71025.000 ns	      7101	800015f0	00000013	addi	x0,x0,0	  x0:0x00000000
      71385.000 ns	      7137	800015f4	03b6f2b3	remu	x5,x13,x27	 x13:0xe50e2000 x27:0xffffffff  x5=0xe50e2000
      71405.000 ns	      7139	800015f8	411a87b3	sub	x15,x21,x17	 x21:0x00000001 x17:0xfffffff9 x15=0x00000008
      71425.000 ns	      7141	800015fc	e00f17d3	fclass.s	x15,f30	 f30:0xcec8dbbd x15=0x00000002
      71445.000 ns	      7143	80001600	ae562493	slti	x9,x12,-1307	 x12:0x80040fe4  x9=0x00000001
      71455.000 ns	      7144	80001604	01713433	sltu	x8,x2,x23	  x2:0x00000000 x23:0x88f93534  x8=0x00000001
      71475.000 ns	      7146	80001608	20aa8453	fsgnj.s	f8,f21,f10	 f21:0x3faebcb4 f10:0x7fc00000  f8=0x3faebcb4
      71515.000 ns	      7150	8000160c	19b7ce53	fdiv.s	f28,f15,f27	 f15:0x00000007 f27:0x7fc00000 f28=0x7fc00000
      71555.000 ns	      7154	80001610	58049d53	fsqrt.s	f26,f9	  f9:0x00000000 f26=0x00000000
      71925.000 ns	      7191	80001614	031ae8b3	rem	x17,x21,x17	 x21:0x00000001 x17:0xfffffff9 x17=0x00000001
      72295.000 ns	      7228	80001618	02445eb3	divu	x29,x8,x4	  x8:0x00000001  x4:0x80041024 x29=0x00000000
      72345.000 ns	      7233	8000161c	0802f4d3	fsub.s	f9,f5,f0	  f5:0x7fc00000  f0:0x00000000  f9=0x7fc00000
      72385.000 ns	      7237	80001620	108e1cd3	fmul.s	f25,f28,f8	 f28:0x7fc00000  f8:0x3faebcb4 f25=0x7fc00000
      72405.000 ns	      7239	80001624	1eadf5b7	lui	x11,0x1eadf	 x11=0x1eadf000
      72415.000 ns	      7240	80001628	3440b913	sltiu	x18,x1,836	  x1:0x00447c9a x18=0x00000000
      72425.000 ns	      7241	8000162c	4023d113	srai	x2,x7,0x2	  x7:0x00000000  x2=0x00000000
      72445.000 ns	      7243	80001630	213d8953	fsgnj.s	f18,f27,f19	 f27:0x7fc00000 f19:0x4f0d46fe f18=0x7fc00000
      72465.000 ns	      7245	80001634	40250333	sub	x6,x10,x2	 x10:0x00000001  x2:0x00000000  x6=0x00000001
      72485.000 ns	      7247	80001638	20b685d3	fsgnj.s	f11,f13,f11	 f13:0xffc00000 f11:0xce12ae2a f11=0xffc00000
      72515.000 ns	      7250	8000163c	c01a90d3	fcvt.wu.s	x1,f21	 f21:0x3faebcb4  x1=0x00000001
      72535.000 ns	      7252	80001640	aa166d93	ori	x27,x12,-1375	 x12:0x80040fe4 x27=0xffffffe5
      72545.000 ns	      7253	80001644	77a63593	sltiu	x11,x12,1914	 x12:0x80040fe4 x11=0x00000000
      72905.000 ns	      7289	80001648	03a8cab3	div	x21,x17,x26	 x17:0x00000001 x26:0x36ef4000 x21=0x00000000
      72925.000 ns	      7291	8000164c	5f198f93	addi	x31,x19,1521	 x19:0x88f93534 x31=0x88f93b25
      72935.000 ns	      7292	80001650	011080b3	add	x1,x1,x17	  x1:0x00000001 x17:0x00000001  x1=0x00000002
      72945.000 ns	      7293	80001654	45533b13	sltiu	x22,x6,1109	  x6:0x00000001 x22=0x00000001
      72965.000 ns	      7295	80001658	e00689d3	fmv.x.w	x19,f13	 f13:0xffc00000 x19=0xffc00000
      72985.000 ns	      7297	8000165c	007cb0b3	sltu	x1,x25,x7	 x25:0x00000010  x7:0x00000000  x1=0x00000000
      73005.000 ns	      7299	80001660	035dd2b3	divu	x5,x27,x21	 x27:0xffffffe5 x21:0x00000000  x5=0xffffffff
      73025.000 ns	      7301	80001664	005f9a93	slli	x21,x31,0x5	 x31:0x88f93b25 x21=0x1f2764a0
      73385.000 ns	      7337	80001668	0280ed33	rem	x26,x1,x8	  x1:0x00000000  x8:0x00000001 x26=0x00000000
      73435.000 ns	      7342	8000166c	01aefc53	fadd.s	f24,f29,f26	 f29:0xffc00000 f26:0x00000000 f24=0x7fc00000
      73465.000 ns	      7345	80001670	287107d3	fmin.s	f15,f2,f7	  f2:0xc1800000  f7:0x3e9ab0f0 f15=0xc1800000
      73805.000 ns	      7379	80001674	18c99cd3	fdiv.s	f25,f19,f12	 f19:0x4f0d46fe f12:0x800aec24 f25=0xff800000
      73855.000 ns	      7384	80001678	09affb53	fsub.s	f22,f31,f26	 f31:0x7fc00000 f26:0x00000000 f22=0x7fc00000
      73905.000 ns	      7389	8000167c	004cb353	fadd.s	f6,f25,f4	 f25:0xff800000  f4:0xbeff35ae  f6=0xff800000
      73925.000 ns	      7391	80001680	00c62133	slt	x2,x12,x12	 x12:0x80040fe4 x12:0x80040fe4  x2=0x00000000
      73935.000 ns	      7392	80001684	0e14c797	auipc	x15,0xe14c	 x15=0x8e14d684
      73965.000 ns	      7395	80001688	580373d3	fsqrt.s	f7,f6	  f6:0xff800000  f7=0x7fc00000
      73985.000 ns	      7397	8000168c	fc4eea93	ori	x21,x29,-60	 x29:0x00000000 x21=0xffffffc4
      73995.000 ns	      7398	80001690	015a3fb3	sltu	x31,x20,x21	 x20:0x00000000 x21:0x1f2764a0 x31=0x00000001
      74005.000 ns	      7399	80001694	ff81e117	auipc	x2,0xff81e	  x2=0x7f81f694
      74015.000 ns	      7400	80001698	19ba6117	auipc	x2,0x19ba6	  x2=0x99ba7698
      74035.000 ns	      7402	8000169c	a0191ed3	flt.s	x29,f18,f1	 f18:0x7fc00000  f1:0xcec8dbbd x29=0x00000000
      74065.000 ns	      7405	800016a0	02371333	mulh	x6,x14,x3	 x14:0x000002e3  x3:0x00000000  x6=0x00000000
      74095.000 ns	      7408	800016a4	f0008dd3	fmv.w.x	f27,x1	  x1:0x00000000 f27=0x00000000
      74115.000 ns	      7410	800016a8	0179d333	srl	x6,x19,x23	 x19:0xffc00000 x23:0x88f93534  x6=0x00000ffc
      74125.000 ns	      7411	800016ac	40c7d693	srai	x13,x15,0xc	 x15:0x8e14d684 x13=0xfff8e14d
      74135.000 ns	      7412	800016b0	8e394693	xori	x13,x18,-1821	 x18:0x00000000 x13=0xfffff8e3
      74155.000 ns	      7414	800016b4	f0090653	fmv.w.x	f12,x18	 x18:0x00000000 f12=0x00000000
      74175.000 ns	      7416	800016b8	1e6daf13	slti	x30,x27,486	 x27:0xffffffe5 x30=0x00000001
      74205.000 ns	      7419	800016bc	110cb6d3	fmul.s	f13,f25,f16	 f25:0xff800000 f16:0x4f0d46fe f13=0xff800000
      74225.000 ns	      7421	800016c0	01eb2333	slt	x6,x22,x30	 x22:0x00000001 x30:0x00000000  x6=0x00000000
      74245.000 ns	      7423	800016c4	03123833	mulhu	x16,x4,x17	  x4:0x80041024 x17:0x00000001 x16=0x00000000
      74275.000 ns	      7426	800016c8	e00108d3	fmv.x.w	x17,f2	  f2:0xc1800000 x17=0xc1800000
      74305.000 ns	      7429	800016cc	e00b95d3	fclass.s	x11,f23	 f23:0x7fc00000 x11=0x00000200
      74325.000 ns	      7431	800016d0	01365733	srl	x14,x12,x19	 x12:0x80040fe4 x19:0xffc00000 x14=0x80040fe4
      74335.000 ns	      7432	800016d4	017e23b3	slt	x7,x28,x23	 x28:0x00000007 x23:0x88f93534  x7=0x00000000
      74365.000 ns	      7435	800016d8	580379d3	fsqrt.s	f19,f6	  f6:0xff800000 f19=0x7fc00000
      74395.000 ns	      7438	800016dc	28941853	fmax.s	f16,f8,f9	  f8:0x3faebcb4  f9:0x7fc00000 f16=0x3faebcb4
      74425.000 ns	      7441	800016e0	035b8ab3	mul	x21,x23,x21	 x23:0x88f93534 x21:0xffffffc4 x21=0xe59787d0
      74445.000 ns	      7443	800016e4	417106b3	sub	x13,x2,x23	  x2:0x99ba7698 x23:0x88f93534 x13=0x10c14164
      74465.000 ns	      7445	800016e8	c01affd3	fcvt.wu.s	x31,f21	 f21:0x3faebcb4 x31=0x00000001
      74485.000 ns	      7447	800016ec	fde60337	lui	x6,0xfde60	  x6=0xfde60000
      74505.000 ns	      7449	800016f0	d00aa753	fcvt.s.w	f14,x21	 x21:0xe59787d0 f14=0xcdd343c2
      74525.000 ns	      7451	800016f4	ef864513	xori	x10,x12,-264	 x12:0x80040fe4 x10=0x7ffbf11c
      74535.000 ns	      7452	800016f8	016aff33	and	x30,x21,x22	 x21:0xe59787d0 x22:0x00000001 x30=0x00000000
      74545.000 ns	      7453	800016fc	00000013	addi	x0,x0,0	  x0:0x00000000
      74905.000 ns	      7489	80001700	031b4b33	div	x22,x22,x17	 x22:0x00000001 x17:0xc1800000 x22=0x00000000
      74955.000 ns	      7494	80001704	00a796d3	fadd.s	f13,f15,f10	 f15:0xc1800000 f10:0x7fc00000 f13=0x7fc00000
      74985.000 ns	      7497	80001708	f00004d3	fmv.w.x	f9,x0	  x0:0x00000000  f9=0x00000000
      75355.000 ns	      7534	8000170c	02c9e933	rem	x18,x19,x12	 x19:0xffc00000 x12:0x80040fe4 x18=0xffc00000
      75385.000 ns	      7537	80001710	29401953	fmax.s	f18,f0,f20	  f0:0x00000000 f20:0x7fc00000 f18=0x00000000
      75405.000 ns	      7539	80001714	000ec1b3	xor	x3,x29,x0	 x29:0x00000000  x0:0x00000000  x3=0x00000000
      75425.000 ns	      7541	80001718	e00298d3	fclass.s	x17,f5	  f5:0x7fc00000 x17=0x00000200
      75455.000 ns	      7544	8000171c	20cca6d3	fsgnjx.s	f13,f25,f12	 f25:0xff800000 f12:0x00000000 f13=0xff800000
      75475.000 ns	      7546	80001720	0165fcb3	and	x25,x11,x22	 x11:0x00000200 x22:0x00000000 x25=0x00000000
      75495.000 ns	      7548	80001724	e0040bd3	fmv.x.w	x23,f8	  f8:0x3faebcb4 x23=0x3faebcb4
      75525.000 ns	      7551	80001728	293d1ed3	fmax.s	f29,f26,f19	 f26:0x00000000 f19:0x7fc00000 f29=0x00000000
      75555.000 ns	      7554	8000172c	e00a8a53	fmv.x.w	x20,f21	 f21:0x3faebcb4 x20=0x3faebcb4
      75585.000 ns	      7557	80001730	28cb0853	fmin.s	f16,f22,f12	 f22:0x7fc00000 f12:0x00000000 f16=0x00000000
      75605.000 ns	      7559	80001734	63a0cd13	xori	x26,x1,1594	  x1:0x00000000 x26=0x0000063a
      75625.000 ns	      7561	80001738	2043a6d3	fsgnjx.s	f13,f7,f4	  f7:0x7fc00000  f4:0xbeff35ae f13=0xffc00000
      75675.000 ns	      7566	8000173c	0968c053	fsub.s	f0,f17,f22	 f17:0x7fc00000 f22:0x7fc00000  f0=0x7fc00000
      75705.000 ns	      7569	80001740	f0030653	fmv.w.x	f12,x6	  x6:0xfde60000 f12=0xfde60000
      75735.000 ns	      7572	80001744	a0bd2b53	feq.s	x22,f26,f11	 f26:0x00000000 f11:0xffc00000 x22=0x00000000
      75765.000 ns	      7575	80001748	f00e08d3	fmv.w.x	f17,x28	 x28:0x00000007 f17=0x00000007
      75795.000 ns	      7578	8000174c	a0bc8153	fle.s	x2,f25,f11	 f25:0xff800000 f11:0xffc00000  x2=0x00000000
      75815.000 ns	      7580	80001750	01ad2db3	slt	x27,x26,x26	 x26:0x0000063a x26:0x0000063a x27=0x00000000
      76175.000 ns	      7616	80001754	02fee3b3	rem	x7,x29,x15	 x29:0x00000000 x15:0x8e14d684  x7=0x00000000
      76215.000 ns	      7620	80001758	188d7953	fdiv.s	f18,f26,f8	 f26:0x00000000  f8:0x3faebcb4 f18=0x00000000
      76245.000 ns	      7623	8000175c	0359a033	mulhsu	x0,x19,x21	 x19:0xffc00000 x21:0xe59787d0
      76275.000 ns	      7626	80001760	027353b3	divu	x7,x6,x7	  x6:0xfde60000  x7:0x00000000  x7=0xffffffff
      76295.000 ns	      7628	80001764	01d62f33	slt	x30,x12,x29	 x12:0x80040fe4 x29:0x00000000 x30=0x00000001
      76315.000 ns	      7630	80001768	023245b3	div	x11,x4,x3	  x4:0x80041024  x3:0x00000000 x11=0xffffffff
      76345.000 ns	      7633	8000176c	d0099753	fcvt.s.w	f14,x19	 x19:0xffc00000 f14=0xca800000
      76375.000 ns	      7636	80001770	c004f953	fcvt.w.s	x18,f9	  f9:0x00000000 x18=0x00000000
      76405.000 ns	      7639	80001774	a16983d3	fle.s	x7,f19,f22	 f19:0x7fc00000 f22:0x7fc00000  x7=0x00000000
      76425.000 ns	      7641	80001778	002fd6b3	srl	x13,x31,x2	 x31:0x00000001  x2:0x00000000 x13=0x00000001
      76445.000 ns	      7643	8000177c	e0068d53	fmv.x.w	x26,f13	 f13:0xffc00000 x26=0xffc00000
      76465.000 ns	      7645	80001780	01cf7133	and	x2,x30,x28	 x30:0x00000001 x28:0x00000007  x2=0x00000001
      76485.000 ns	      7647	80001784	e00b91d3	fclass.s	x3,f23	 f23:0x7fc00000  x3=0x00000200
      76505.000 ns	      7649	80001788	010034b3	sltu	x9,x0,x16	  x0:0x00000000 x16:0x00000000  x9=0x00000000
      76525.000 ns	      7651	8000178c	c01884d3	fcvt.wu.s	x9,f17	 f17:0x00000007  x9=0x00000000
      76545.000 ns	      7653	80001790	19590013	addi	x0,x18,405	 x18:0x00000000
      76555.000 ns	      7654	80001794	402e5993	srai	x19,x28,0x2	 x28:0x00000007 x19=0x00000001
      76585.000 ns	      7657	80001798	10f70fd3	fmul.s	f31,f14,f15	 f14:0xca800000 f15:0xc1800000 f31=0x4c800000
      76615.000 ns	      7660	8000179c	e0051cd3	fclass.s	x25,f10	 f10:0x7fc00000 x25=0x00000200
      76645.000 ns	      7663	800017a0	a1cea453	feq.s	x8,f29,f28	 f29:0x00000000 f28:0x7fc00000  x8=0x00000000
      76665.000 ns	      7665	800017a4	0119d333	srl	x6,x19,x17	 x19:0x00000001 x17:0x00000200  x6=0x00000001
      76685.000 ns	      7667	800017a8	f0008853	fmv.w.x	f16,x1	  x1:0x00000000 f16=0x00000000
      76715.000 ns	      7670	800017ac	20071253	fsgnjn.s	f4,f14,f0	 f14:0xca800000  f0:0x7fc00000  f4=0xca800000
      76765.000 ns	      7675	800017b0	09a87cd3	fsub.s	f25,f16,f26	 f16:0x00000000 f26:0x00000000 f25=0x80000000
      76795.000 ns	      7678	800017b4	03bb7fb3	remu	x31,x22,x27	 x22:0x00000000 x27:0x00000000 x31=0x00000000
      76825.000 ns	      7681	800017b8	29361753	fmax.s	f14,f12,f19	 f12:0xfde60000 f19:0x7fc00000 f14=0xfde60000
      76865.000 ns	      7685	800017bc	580c4fd3	fsqrt.s	f31,f24	 f24:0x7fc00000 f31=0x7fc00000
      76885.000 ns	      7687	800017c0	c0807193	andi	x3,x0,-1016	  x0:0x00000000  x3=0x00000000
      76925.000 ns	      7691	800017c4	01c62553	fadd.s	f10,f12,f28	 f12:0xfde60000 f28:0x7fc00000 f10=0x7fc00000
      76945.000 ns	      7693	800017c8	00e56333	or	x6,x10,x14	 x10:0x7ffbf11c x14:0x80040fe4  x6=0xfffffffc
      76965.000 ns	      7695	800017cc	028d35b3	mulhu	x11,x26,x8	 x26:0xffc00000  x8:0x00000000 x11=0x00000000
      76985.000 ns	      7697	800017d0	a2be2f13	slti	x30,x28,-1493	 x28:0x00000007 x30=0x00000000
      77005.000 ns	      7699	800017d4	028491b3	mulh	x3,x9,x8	  x9:0x00000000  x8:0x00000000  x3=0x00000000
      77035.000 ns	      7702	800017d8	20552f53	fsgnjx.s	f30,f10,f5	 f10:0x7fc00000  f5:0x7fc00000 f30=0x7fc00000
      77065.000 ns	      7705	800017dc	20ec9253	fsgnjn.s	f4,f25,f14	 f25:0x80000000 f14:0xfde60000  f4=0x00000000
      77095.000 ns	      7708	800017e0	a1f22dd3	feq.s	x27,f4,f31	  f4:0xca800000 f31:0x7fc00000 x27=0x00000000
      77115.000 ns	      7710	800017e4	40c556b3	sra	x13,x10,x12	 x10:0x7ffbf11c x12:0x80040fe4 x13=0x07ffbf11
      77125.000 ns	      7711	800017e8	bc656813	ori	x16,x10,-1082	 x10:0x7ffbf11c x16=0xfffffbde
      77145.000 ns	      7713	800017ec	0233edb3	rem	x27,x7,x3	  x7:0x00000000  x3:0x00000000 x27=0x00000000
      77165.000 ns	      7715	800017f0	01d55d93	srli	x27,x10,0x1d	 x10:0x7ffbf11c x27=0x00000003
      77185.000 ns	      7717	800017f4	f00a0153	fmv.w.x	f2,x20	 x20:0x3faebcb4  f2=0x3faebcb4
      77225.000 ns	      7721	800017f8	580df6d3	fsqrt.s	f13,f27	 f27:0x00000000 f13=0x00000000
      77265.000 ns	      7725	800017fc	186a21d3	fdiv.s	f3,f20,f6	 f20:0x7fc00000  f6:0xff800000  f3=0x7fc00000
      77285.000 ns	      7727	80001800	00bb0833	add	x16,x22,x11	 x22:0x00000000 x11:0x00000000 x16=0x00000000
      77295.000 ns	      7728	80001804	5a87bf93	sltiu	x31,x15,1448	 x15:0x8e14d684 x31=0x00000000
      77305.000 ns	      7729	80001808	018e14b3	sll	x9,x28,x24	 x28:0x00000007 x24:0x00000010  x9=0x00070000
      77315.000 ns	      7730	8000180c	16f48813	addi	x16,x9,367	  x9:0x00000000 x16=0x0007016f
      77345.000 ns	      7733	80001810	19f272d3	fdiv.s	f5,f4,f31	  f4:0x00000000 f31:0x7fc00000  f5=0x7fc00000
      77365.000 ns	      7735	80001814	0159c0b3	xor	x1,x19,x21	 x19:0x00000001 x21:0xe59787d0  x1=0xe59787d1
      77395.000 ns	      7738	80001818	104389d3	fmul.s	f19,f7,f4	  f7:0x7fc00000  f4:0x00000000 f19=0x7fc00000
      77415.000 ns	      7740	8000181c	00d2d093	srli	x1,x5,0xd	  x5:0xffffffff  x1=0x0007ffff
      77775.000 ns	      7776	80001820	0215f2b3	remu	x5,x11,x1	 x11:0x00000000  x1:0xe59787d1  x5=0x00000000
      77805.000 ns	      7779	80001824	21420953	fsgnj.s	f18,f4,f20	  f4:0x00000000 f20:0x7fc00000 f18=0x00000000
      77825.000 ns	      7781	80001828	78d7a4b7	lui	x9,0x78d7a	  x9=0x78d7a000
      77835.000 ns	      7782	8000182c	48554393	xori	x7,x10,1157	 x10:0x7ffbf11c  x7=0x7ffbf599
      77845.000 ns	      7783	80001830	40ee5093	srai	x1,x28,0xe	 x28:0x00000007  x1=0x00000000
      78205.000 ns	      7819	80001834	0303cfb3	div	x31,x7,x16	  x7:0x00000000 x16:0x0007016f x31=0x00001244
      78255.000 ns	      7824	80001838	09a3f353	fsub.s	f6,f7,f26	  f7:0x7fc00000 f26:0x00000000  f6=0x7fc00000
      78285.000 ns	      7827	8000183c	20122e53	fsgnjx.s	f28,f4,f1	  f4:0x00000000  f1:0xcec8dbbd f28=0x80000000
      78315.000 ns	      7830	80001840	020d3433	mulhu	x8,x26,x0	 x26:0xffc00000  x0:0x00000000  x8=0x00000000
      78335.000 ns	      7832	80001844	00378733	add	x14,x15,x3	 x15:0x8e14d684  x3:0x00000000 x14=0x8e14d684
      78355.000 ns	      7834	80001848	03a5aab3	mulhsu	x21,x11,x26	 x11:0x00000000 x26:0xffc00000 x21=0x00000000
      78375.000 ns	      7836	8000184c	00e652b3	srl	x5,x12,x14	 x12:0x80040fe4 x14:0x80040fe4  x5=0x080040fe
      78395.000 ns	      7838	80001850	2160a9d3	fsgnjx.s	f19,f1,f22	  f1:0xcec8dbbd f22:0x7fc00000 f19=0xcec8dbbd
      78425.000 ns	      7841	80001854	f00f0bd3	fmv.w.x	f23,x30	 x30:0x00000000 f23=0x00000000
      78455.000 ns	      7844	80001858	e0030053	fmv.x.w	x0,f6	  f6:0x7fc00000
      78475.000 ns	      7846	8000185c	5874bc13	sltiu	x24,x9,1415	  x9:0x78d7a000 x24=0x00000000
      78495.000 ns	      7848	80001860	20659d53	fsgnjn.s	f26,f11,f6	 f11:0xffc00000  f6:0x7fc00000 f26=0xffc00000
      78525.000 ns	      7851	80001864	299891d3	fmax.s	f3,f17,f25	 f17:0x00000007 f25:0x80000000  f3=0x00000007
      78895.000 ns	      7888	80001868	02d57eb3	remu	x29,x10,x13	 x10:0x7ffbf11c x13:0x07ffbf11 x29=0x0000000c
      78945.000 ns	      7893	8000186c	097cfe53	fsub.s	f28,f25,f23	 f25:0x80000000 f23:0x00000000 f28=0x80000000
      78965.000 ns	      7895	80001870	3b78e113	ori	x2,x17,951	 x17:0x00000200  x2=0x000003b7
      78995.000 ns	      7898	80001874	580df4d3	fsqrt.s	f9,f27	 f27:0x00000000  f9=0x00000000
      79015.000 ns	      7900	80001878	a9da7ab7	lui	x21,0xa9da7	 x21=0xa9da7000
      79025.000 ns	      7901	8000187c	e330a693	slti	x13,x1,-461	  x1:0x00000000 x13=0x00000000
      79045.000 ns	      7903	80001880	03320333	mul	x6,x4,x19	  x4:0x80041024 x19:0x00000001  x6=0x80041024
      79065.000 ns	      7905	80001884	35993b97	auipc	x23,0x35993	 x23=0xb5994884
      79075.000 ns	      7906	80001888	01ddc033	xor	x0,x27,x29	 x27:0x00000003 x29:0x0000000c
      79085.000 ns	      7907	8000188c	97d3cbb7	lui	x23,0x97d3c	 x23=0x97d3c000
      79105.000 ns	      7909	80001890	a007afd3	feq.s	x31,f15,f0	 f15:0xc1800000  f0:0x7fc00000 x31=0x00000000
      79125.000 ns	      7911	80001894	00b7d3b3	srl	x7,x15,x11	 x15:0x8e14d684 x11:0x00000000  x7=0x8e14d684
      79135.000 ns	      7912	80001898	70823693	sltiu	x13,x4,1800	  x4:0x80041024 x13=0x00000000
      79155.000 ns	      7914	8000189c	d01e72d3	fcvt.s.wu	f5,x28	 x28:0x00000007  f5=0x40e00000
      79185.000 ns	      7917	800018a0	20580053	fsgnj.s	f0,f16,f5	 f16:0x00000000  f5:0x7fc00000  f0=0x00000000
      79215.000 ns	      7920	800018a4	d0077fd3	fcvt.s.w	f31,x14	 x14:0x8e14d684 f31=0xcee3d652
      79245.000 ns	      7923	800018a8	2075add3	fsgnjx.s	f27,f11,f7	 f11:0xffc00000  f7:0x7fc00000 f27=0xffc00000
      79275.000 ns	      7926	800018ac	f00304d3	fmv.w.x	f9,x6	  x6:0x80041024  f9=0x80041024
      79295.000 ns	      7928	800018b0	012e8533	add	x10,x29,x18	 x29:0x0000000c x18:0x00000000 x10=0x0000000c
      79305.000 ns	      7929	800018b4	41160833	sub	x16,x12,x17	 x12:0x80040fe4 x17:0x00000200 x16=0x80040de4
      79325.000 ns	      7931	800018b8	e00f9f53	fclass.s	x30,f31	 f31:0xcee3d652 x30=0x00000002
      79345.000 ns	      7933	800018bc	403d5033	sra	x0,x26,x3	 x26:0xffc00000  x3:0x00000000
      79365.000 ns	      7935	800018c0	e00785d3	fmv.x.w	x11,f15	 f15:0xc1800000 x11=0xc1800000
      79385.000 ns	      7937	800018c4	415ad1b3	sra	x3,x21,x21	 x21:0xa9da7000 x21:0xa9da7000  x3=0xa9da7000
      79395.000 ns	      7938	800018c8	b0977513	andi	x10,x14,-1271	 x14:0x8e14d684 x10=0x8e14d200
      79405.000 ns	      7939	800018cc	be358193	addi	x3,x11,-1053	 x11:0xc1800000  x3=0xc17ffbe3
      79425.000 ns	      7941	800018d0	a08d8fd3	fle.s	x31,f27,f8	 f27:0xffc00000  f8:0x3faebcb4 x31=0x00000000
      79455.000 ns	      7944	800018d4	20560353	fsgnj.s	f6,f12,f5	 f12:0xfde60000  f5:0x40e00000  f6=0x7de60000
      79475.000 ns	      7946	800018d8	01fc1113	slli	x2,x24,0x1f	 x24:0x00000000  x2=0x00000000
      79495.000 ns	      7948	800018dc	02b00c33	mul	x24,x0,x11	  x0:0x00000000 x11:0xc1800000 x24=0x00000000
      79515.000 ns	      7950	800018e0	01e4c333	xor	x6,x9,x30	  x9:0x78d7a000 x30:0x00000002  x6=0x78d7a002
      79535.000 ns	      7952	800018e4	c017ff53	fcvt.wu.s	x30,f15	 f15:0xc1800000 x30=0x00000010
      79565.000 ns	      7955	800018e8	20c89bd3	fsgnjn.s	f23,f17,f12	 f17:0x00000007 f12:0xfde60000 f23=0x00000007
      79595.000 ns	      7958	800018ec	a08920d3	feq.s	x1,f18,f8	 f18:0x00000000  f8:0x3faebcb4  x1=0x00000000
      79625.000 ns	      7961	800018f0	f0010553	fmv.w.x	f10,x2	  x2:0x00000000 f10=0x00000000
      79645.000 ns	      7963	800018f4	01489833	sll	x16,x17,x20	 x17:0x00000200 x20:0x3faebcb4 x16=0x20000000
      79655.000 ns	      7964	800018f8	00213433	sltu	x8,x2,x2	  x2:0x00000000  x2:0x00000000  x8=0x00000000
      79675.000 ns	      7966	800018fc	020fe133	rem	x2,x31,x0	 x31:0x00000000  x0:0x00000000  x2=0x00000000
      79715.000 ns	      7970	80001900	580cfc53	fsqrt.s	f24,f25	 f25:0x80000000 f24=0x80000000
      79735.000 ns	      7972	80001904	53432513	slti	x10,x6,1332	  x6:0x78d7a002 x10=0x00000000
      79745.000 ns	      7973	80001908	00000013	addi	x0,x0,0	  x0:0x00000000
      79765.000 ns	      7975	8000190c	21b58fd3	fsgnj.s	f31,f11,f27	 f11:0xffc00000 f27:0xffc00000 f31=0xffc00000
      79795.000 ns	      7978	80001910	f00889d3	fmv.w.x	f19,x17	 x17:0x00000200 f19=0x00000200
      79825.000 ns	      7981	80001914	03ffafb3	mulhsu	x31,x31,x31	 x31:0x00000000 x31:0x00000000 x31=0x00000000
      79845.000 ns	      7983	80001918	0156e533	or	x10,x13,x21	 x13:0x00000000 x21:0xa9da7000 x10=0xa9da7000
      79855.000 ns	      7984	8000191c	6287d1b7	lui	x3,0x6287d	  x3=0x6287d000
      79885.000 ns	      7987	80001920	5805fbd3	fsqrt.s	f23,f11	 f11:0xffc00000 f23=0x7fc00000
      79915.000 ns	      7990	80001924	294a95d3	fmax.s	f11,f21,f20	 f21:0x3faebcb4 f20:0x7fc00000 f11=0x3faebcb4
      79935.000 ns	      7992	80001928	52668293	addi	x5,x13,1318	 x13:0x00000000  x5=0x00000526
      79945.000 ns	      7993	8000192c	00a55093	srli	x1,x10,0xa	 x10:0xa9da7000  x1=0x002a769c
      79965.000 ns	      7995	80001930	e0078853	fmv.x.w	x16,f15	 f15:0xc1800000 x16=0xc1800000
      79985.000 ns	      7997	80001934	01a12933	slt	x18,x2,x26	  x2:0x00000000 x26:0xffc00000 x18=0x00000000
      80005.000 ns	      7999	80001938	f00a07d3	fmv.w.x	f15,x20	 x20:0x3faebcb4 f15=0x3faebcb4
      80035.000 ns	      8002	8000193c	20e8a2d3	fsgnjx.s	f5,f17,f14	 f17:0x00000007 f14:0xfde60000  f5=0x80000007
      80075.000 ns	      8006	80001940	10f4f553	fmul.s	f10,f9,f15	  f9:0x80041024 f15:0x3faebcb4 f10=0x80058bee
      80115.000 ns	      8010	80001944	580f0ed3	fsqrt.s	f29,f30	 f30:0x7fc00000 f29=0x7fc00000
      80135.000 ns	      8012	80001948	01e214b3	sll	x9,x4,x30	  x4:0x80041024 x30:0x00000010  x9=0x10240000
      80155.000 ns	      8014	8000194c	f0038453	fmv.w.x	f8,x7	  x7:0x8e14d684  f8=0x8e14d684
      80185.000 ns	      8017	80001950	c00ec0d3	fcvt.w.s	x1,f29	 f29:0x7fc00000  x1=0x7fffffff
      80215.000 ns	      8020	80001954	f00382d3	fmv.w.x	f5,x7	  x7:0x8e14d684  f5=0x8e14d684
      80245.000 ns	      8023	80001958	21061f53	fsgnjn.s	f30,f12,f16	 f12:0xfde60000 f16:0x00000000 f30=0xfde60000
      80285.000 ns	      8027	8000195c	11aa7fd3	fmul.s	f31,f20,f26	 f20:0x7fc00000 f26:0xffc00000 f31=0x7fc00000
      80315.000 ns	      8030	80001960	03d61433	mulh	x8,x12,x29	 x12:0x80040fe4 x29:0x0000000c  x8=0xfffffffa
      80335.000 ns	      8032	80001964	00000013	addi	x0,x0,0	  x0:0x00000000
      80355.000 ns	      8034	80001968	210a2653	fsgnjx.s	f12,f20,f16	 f20:0x7fc00000 f16:0x00000000 f12=0x7fc00000
      80385.000 ns	      8037	8000196c	03491fb3	mulh	x31,x18,x20	 x18:0x00000000 x20:0x3faebcb4 x31=0x00000000
      80415.000 ns	      8040	80001970	03bd2933	mulhsu	x18,x26,x27	 x26:0xffc00000 x27:0x00000003 x18=0xffffffff
      80435.000 ns	      8042	80001974	e3146e93	ori	x29,x8,-463	  x8:0xfffffffa x29=0xfffffffb
      80445.000 ns	      8043	80001978	0124ec33	or	x24,x9,x18	  x9:0x10240000 x18:0xffffffff x24=0xffffffff
      80775.000 ns	      8076	8000197c	193312d3	fdiv.s	f5,f6,f19	  f6:0x7de60000 f19:0x00000200  f5=0x7f800000
      80795.000 ns	      8078	80001980	418a50b3	sra	x1,x20,x24	 x20:0x3faebcb4 x24:0x00000000  x1=0x00000000
      80815.000 ns	      8080	80001984	20e61053	fsgnjn.s	f0,f12,f14	 f12:0x7fc00000 f14:0xfde60000  f0=0x7fc00000
      80845.000 ns	      8083	80001988	a11f18d3	flt.s	x17,f30,f17	 f30:0xfde60000 f17:0x00000007 x17=0x00000001
      80865.000 ns	      8085	8000198c	d2ae0e93	addi	x29,x28,-726	 x28:0x00000007 x29=0xfffffd31
      80895.000 ns	      8088	80001990	580cf853	fsqrt.s	f16,f25	 f25:0x80000000 f16=0x80000000
      80915.000 ns	      8090	80001994	af6b8793	addi	x15,x23,-1290	 x23:0x97d3c000 x15=0x97d3baf6
      80955.000 ns	      8094	80001998	08d0fa53	fsub.s	f20,f1,f13	  f1:0xcec8dbbd f13:0x00000000 f20=0xcec8dbbd
      80975.000 ns	      8096	8000199c	0099c9b3	xor	x19,x19,x9	 x19:0x00000001  x9:0x10240000 x19=0x10240001
      80995.000 ns	      8098	800019a0	e0021953	fclass.s	x18,f4	  f4:0x00000000 x18=0x00000010
      81015.000 ns	      8100	800019a4	0009d733	srl	x14,x19,x0	 x19:0x00000001  x0:0x00000000 x14=0x10240001
      81375.000 ns	      8136	800019a8	0315dcb3	divu	x25,x11,x17	 x11:0xc1800000 x17:0x00000001 x25=0xc1800000
      81395.000 ns	      8138	800019ac	ec4ca713	slti	x14,x25,-316	 x25:0x00000200 x14=0x00000001
      81415.000 ns	      8140	800019b0	c00334d3	fcvt.w.s	x9,f6	  f6:0x7de60000  x9=0x7fffffff
      81435.000 ns	      8142	800019b4	2d022193	slti	x3,x4,720	  x4:0x80041024  x3=0x00000001
      81465.000 ns	      8145	800019b8	115a81d3	fmul.s	f3,f21,f21	 f21:0x3faebcb4 f21:0x3faebcb4  f3=0x3fee8a20
      81485.000 ns	      8147	800019bc	013e9093	slli	x1,x29,0x13	 x29:0xfffffd31  x1=0xe9880000
      81495.000 ns	      8148	800019c0	011477b3	and	x15,x8,x17	  x8:0xfffffffa x17:0x00000001 x15=0x00000000
      81505.000 ns	      8149	800019c4	40fc0533	sub	x10,x24,x15	 x24:0xffffffff x15:0x97d3baf6 x10=0xffffffff
      81525.000 ns	      8151	800019c8	f0090953	fmv.w.x	f18,x18	 x18:0x00000010 f18=0x00000010
      81545.000 ns	      8153	800019cc	c5592793	slti	x15,x18,-939	 x18:0x00000010 x15=0x00000000
      81555.000 ns	      8154	800019d0	0136a733	slt	x14,x13,x19	 x13:0x00000000 x19:0x10240001 x14=0x00000001
      81565.000 ns	      8155	800019d4	40895eb3	sra	x29,x18,x8	 x18:0x00000010  x8:0xfffffffa x29=0x00000000
      81585.000 ns	      8157	800019d8	e0041dd3	fclass.s	x27,f8	  f8:0x8e14d684 x27=0x00000002
      81635.000 ns	      8162	800019dc	015b9ad3	fadd.s	f21,f23,f21	 f23:0x7fc00000 f21:0x3faebcb4 f21=0x7fc00000
      81665.000 ns	      8165	800019e0	20ee81d3	fsgnj.s	f3,f29,f14	 f29:0x7fc00000 f14:0xfde60000  f3=0xffc00000
      81695.000 ns	      8168	800019e4	f0030553	fmv.w.x	f10,x6	  x6:0x78d7a002 f10=0x78d7a002
      81715.000 ns	      8170	800019e8	01d4eab3	or	x21,x9,x29	  x9:0x7fffffff x29:0x00000000 x21=0x7fffffff
      81725.000 ns	      8171	800019ec	00000013	addi	x0,x0,0	  x0:0x00000000
      81745.000 ns	      8173	800019f0	03561a33	mulh	x20,x12,x21	 x12:0x80040fe4 x21:0xa9da7000 x20=0xc00207f2
      81765.000 ns	      8175	800019f4	482ca813	slti	x16,x25,1154	 x25:0xc1800000 x16=0x00000001
      81775.000 ns	      8176	800019f8	40845ab3	sra	x21,x8,x8	  x8:0xfffffffa  x8:0xfffffffa x21=0xffffffff
      81785.000 ns	      8177	800019fc	b5908497	auipc	x9,0xb5908	  x9=0x359099fc
      81815.000 ns	      8180	80001a00	19f6ac53	fdiv.s	f24,f13,f31	 f13:0x00000000 f31:0x7fc00000 f24=0x7fc00000
      81845.000 ns	      8183	80001a04	21f69dd3	fsgnjn.s	f27,f13,f31	 f13:0x00000000 f31:0x7fc00000 f27=0x80000000
      81865.000 ns	      8185	80001a08	0099e8b3	or	x17,x19,x9	 x19:0x10240001  x9:0x359099fc x17=0x35b499fd
      82225.000 ns	      8221	80001a0c	0390f733	remu	x14,x1,x25	  x1:0xe9880000 x25:0xc1800000 x14=0x28080000
      82255.000 ns	      8224	80001a10	a1710cd3	fle.s	x25,f2,f23	  f2:0x3faebcb4 f23:0x7fc00000 x25=0x00000000
      82275.000 ns	      8226	80001a14	00509393	slli	x7,x1,0x5	  x1:0xe9880000  x7=0x31000000
      82285.000 ns	      8227	80001a18	9752d6b7	lui	x13,0x9752d	 x13=0x9752d000
      82295.000 ns	      8228	80001a1c	414f5a93	srai	x21,x30,0x14	 x30:0x00000010 x21=0x00000000
      82315.000 ns	      8230	80001a20	a0698853	fle.s	x16,f19,f6	 f19:0x00000200  f6:0x7de60000 x16=0x00000001
      82345.000 ns	      8233	80001a24	03598933	mul	x18,x19,x21	 x19:0x10240001 x21:0xffffffff x18=0x00000000
      82375.000 ns	      8236	80001a28	03eb9f33	mulh	x30,x23,x30	 x23:0x97d3c000 x30:0x00000010 x30=0xfffffff9
      82415.000 ns	      8240	80001a2c	19a6f053	fdiv.s	f0,f13,f26	 f13:0x00000000 f26:0xffc00000  f0=0x7fc00000
      82445.000 ns	      8243	80001a30	d0068cd3	fcvt.s.w	f25,x13	 x13:0x9752d000 f25=0xced15a60
      82495.000 ns	      8248	80001a34	092cf753	fsub.s	f14,f25,f18	 f25:0x80000000 f18:0x00000010 f14=0xced15a60
      82515.000 ns	      8250	80001a38	cea46d13	ori	x26,x8,-790	  x8:0xfffffffa x26=0xfffffffa
      82525.000 ns	      8251	80001a3c	40e95fb3	sra	x31,x18,x14	 x18:0x00000000 x14:0x28080000 x31=0x00000000
      82535.000 ns	      8252	80001a40	0095fa33	and	x20,x11,x9	 x11:0xc1800000  x9:0x359099fc x20=0x01800000
      82545.000 ns	      8253	80001a44	cb3ee193	ori	x3,x29,-845	 x29:0x00000000  x3=0xfffffcb3
      82565.000 ns	      8255	80001a48	e00d8853	fmv.x.w	x16,f27	 f27:0x80000000 x16=0x80000000
      82595.000 ns	      8258	80001a4c	03ce8533	mul	x10,x29,x28	 x29:0x00000000 x28:0x00000007 x10=0x00000000
      82615.000 ns	      8260	80001a50	36890f93	addi	x31,x18,872	 x18:0x00000000 x31=0x00000368
      82625.000 ns	      8261	80001a54	00646ab3	or	x21,x8,x6	  x8:0xfffffffa  x6:0x78d7a002 x21=0xfffffffa
      82635.000 ns	      8262	80001a58	413f83b3	sub	x7,x31,x19	 x31:0x00000000 x19:0x10240001  x7=0xefdc0367
      82655.000 ns	      8264	80001a5c	e00908d3	fmv.x.w	x17,f18	 f18:0x00000010 x17=0x00000010
      82675.000 ns	      8266	80001a60	7d150913	addi	x18,x10,2001	 x10:0x00000000 x18=0x000007d1
      82695.000 ns	      8268	80001a64	022b1c33	mulh	x24,x22,x2	 x22:0x00000000  x2:0x00000000 x24=0x00000000
      82715.000 ns	      8270	80001a68	da2b4397	auipc	x7,0xda2b4	  x7=0x5a2b5a68
      82735.000 ns	      8272	80001a6c	e0021d53	fclass.s	x26,f4	  f4:0x00000000 x26=0x00000010
      82765.000 ns	      8275	80001a70	a06d0dd3	fle.s	x27,f26,f6	 f26:0xffc00000  f6:0x7de60000 x27=0x00000000
      82785.000 ns	      8277	80001a74	01565913	srli	x18,x12,0x15	 x12:0x80040fe4 x18=0x00000400
      82825.000 ns	      8281	80001a78	00fb9153	fadd.s	f2,f23,f15	 f23:0x7fc00000 f15:0x3faebcb4  f2=0x7fc00000
      82855.000 ns	      8284	80001a7c	f00b83d3	fmv.w.x	f7,x23	 x23:0x97d3c000  f7=0x97d3c000
      82885.000 ns	      8287	80001a80	a1832f53	feq.s	x30,f6,f24	  f6:0x7de60000 f24:0x7fc00000 x30=0x00000000
      82915.000 ns	      8290	80001a84	e0090553	fmv.x.w	x10,f18	 f18:0x00000010 x10=0x00000010
      82935.000 ns	      8292	80001a88	20307f13	andi	x30,x0,515	  x0:0x00000000 x30=0x00000000
      82945.000 ns	      8293	80001a8c	0042f0b3	and	x1,x5,x4	  x5:0x00000526  x4:0x80041024  x1=0x00000024
      82965.000 ns	      8295	80001a90	2031aed3	fsgnjx.s	f29,f3,f3	  f3:0xffc00000  f3:0xffc00000 f29=0x7fc00000
      82995.000 ns	      8298	80001a94	a0a709d3	fle.s	x19,f14,f10	 f14:0xced15a60 f10:0x78d7a002 x19=0x00000001
      83025.000 ns	      8301	80001a98	c00e1553	fcvt.w.s	x10,f28	 f28:0x80000000 x10=0x00000000
      83045.000 ns	      8303	80001a9c	0064ddb3	srl	x27,x9,x6	  x9:0x359099fc  x6:0x78d7a002 x27=0x0d64267f
      83055.000 ns	      8304	80001aa0	407459b3	sra	x19,x8,x7	  x8:0xfffffffa  x7:0x5a2b5a68 x19=0xffffffff
      83415.000 ns	      8340	80001aa4	03f5cab3	div	x21,x11,x31	 x11:0xc1800000 x31:0x00000368 x21=0xffeda6c1
      83445.000 ns	      8343	80001aa8	202f1ad3	fsgnjn.s	f21,f30,f2	 f30:0xfde60000  f2:0x7fc00000 f21=0xfde60000
      83465.000 ns	      8345	80001aac	01200133	add	x2,x0,x18	  x0:0x00000000 x18:0x00000400  x2=0x00000400
      83825.000 ns	      8381	80001ab0	03b0d6b3	divu	x13,x1,x27	  x1:0x00000024 x27:0x0d64267f x13=0x00000000
      83845.000 ns	      8383	80001ab4	01b9dc13	srli	x24,x19,0x1b	 x19:0xffffffff x24=0x0000001f
      83855.000 ns	      8384	80001ab8	c4c8e3b7	lui	x7,0xc4c8e	  x7=0xc4c8e000
      83865.000 ns	      8385	80001abc	2192b193	sltiu	x3,x5,537	  x5:0x00000526  x3=0x00000000
      83885.000 ns	      8387	80001ac0	a03b8bd3	fle.s	x23,f23,f3	 f23:0x7fc00000  f3:0xffc00000 x23=0x00000000
      83915.000 ns	      8390	80001ac4	29d181d3	fmin.s	f3,f3,f29	  f3:0xffc00000 f29:0x7fc00000  f3=0x7fc00000
      84285.000 ns	      8427	80001ac8	02e1d433	divu	x8,x3,x14	  x3:0x00000000 x14:0x28080000  x8=0x00000000
      84315.000 ns	      8430	80001acc	28ae9253	fmax.s	f4,f29,f10	 f29:0x7fc00000 f10:0x78d7a002  f4=0x78d7a002
      84345.000 ns	      8433	80001ad0	c01dc8d3	fcvt.wu.s	x17,f27	 f27:0x80000000 x17=0x00000000
      84395.000 ns	      8438	80001ad4	019c0553	fadd.s	f10,f24,f25	 f24:0x7fc00000 f25:0xced15a60 f10=0x7fc00000
      84425.000 ns	      8441	80001ad8	a0ba29d3	feq.s	x19,f20,f11	 f20:0xcec8dbbd f11:0x3faebcb4 x19=0x00000000
      84455.000 ns	      8444	80001adc	a0b0a153	feq.s	x2,f1,f11	  f1:0xcec8dbbd f11:0x3faebcb4  x2=0x00000000
      84485.000 ns	      8447	80001ae0	c010b153	fcvt.wu.s	x2,f1	  f1:0xcec8dbbd  x2=0x646dde80
      84505.000 ns	      8449	80001ae4	8e9ef513	andi	x10,x29,-1815	 x29:0x00000000 x10=0x00000000
      84515.000 ns	      8450	80001ae8	672e7793	andi	x15,x28,1650	 x28:0x00000007 x15=0x00000002
      84555.000 ns	      8454	80001aec	0009fcd3	fadd.s	f25,f19,f0	 f19:0x00000200  f0:0x7fc00000 f25=0x7fc00000
      84575.000 ns	      8456	80001af0	e7a7b013	sltiu	x0,x15,-390	 x15:0x00000000
      84585.000 ns	      8457	80001af4	008899b3	sll	x19,x17,x8	 x17:0x00000000  x8:0x00000000 x19=0x00000000
      84605.000 ns	      8459	80001af8	03598cb3	mul	x25,x19,x21	 x19:0x00000000 x21:0xffeda6c1 x25=0x00000000
      84635.000 ns	      8462	80001afc	e0088153	fmv.x.w	x2,f17	 f17:0x00000007  x2=0x00000007
      84685.000 ns	      8467	80001b00	01859453	fadd.s	f8,f11,f24	 f11:0x3faebcb4 f24:0x7fc00000  f8=0x7fc00000
      84705.000 ns	      8469	80001b04	00b39b13	slli	x22,x7,0xb	  x7:0xc4c8e000 x22=0x47000000
      84725.000 ns	      8471	80001b08	a0ab1153	flt.s	x2,f22,f10	 f22:0x7fc00000 f10:0x7fc00000  x2=0x00000000
      84745.000 ns	      8473	80001b0c	00000013	addi	x0,x0,0	  x0:0x00000000
      84765.000 ns	      8475	80001b10	a0f68953	fle.s	x18,f13,f15	 f13:0x00000000 f15:0x3faebcb4 x18=0x00000001
      84785.000 ns	      8477	80001b14	3d43b393	sltiu	x7,x7,980	  x7:0xc4c8e000  x7=0x00000000
      85145.000 ns	      8513	80001b18	03b07533	remu	x10,x0,x27	  x0:0x00000000 x27:0x0d64267f x10=0x00000000
      85175.000 ns	      8516	80001b1c	027885b3	mul	x11,x17,x7	 x17:0x00000000  x7:0xc4c8e000 x11=0x00000000
      85205.000 ns	      8519	80001b20	032726b3	mulhsu	x13,x14,x18	 x14:0x28080000 x18:0x00000001 x13=0x00000000
      85235.000 ns	      8522	80001b24	030626b3	mulhsu	x13,x12,x16	 x12:0x80040fe4 x16:0x80000000 x13=0xc00207f2
      85265.000 ns	      8525	80001b28	02d83db3	mulhu	x27,x16,x13	 x16:0x80000000 x13:0x00000000 x27=0x600103f9
      85285.000 ns	      8527	80001b2c	00000013	addi	x0,x0,0	  x0:0x00000000
      85325.000 ns	      8531	80001b30	00de40d3	fadd.s	f1,f28,f13	 f28:0x80000000 f13:0x00000000  f1=0x00000000
      85345.000 ns	      8533	80001b34	413f0433	sub	x8,x30,x19	 x30:0x00000000 x19:0x00000000  x8=0x00000000
      85355.000 ns	      8534	80001b38	002f1b93	slli	x23,x30,0x2	 x30:0x00000000 x23=0x00000000
      85365.000 ns	      8535	80001b3c	00f11533	sll	x10,x2,x15	  x2:0x00000000 x15:0x00000002 x10=0x00000000
      85385.000 ns	      8537	80001b40	d0012dd3	fcvt.s.w	f27,x2	  x2:0x00000000 f27=0x00000000
      85415.000 ns	      8540	80001b44	c0110dd3	fcvt.wu.s	x27,f2	  f2:0x7fc00000 x27=0xffffffff
      85455.000 ns	      8544	80001b48	18ef98d3	fdiv.s	f17,f31,f14	 f31:0x7fc00000 f14:0xced15a60 f17=0x7fc00000
      85485.000 ns	      8547	80001b4c	280686d3	fmin.s	f13,f13,f0	 f13:0x00000000  f0:0x7fc00000 f13=0x00000000
      85515.000 ns	      8550	80001b50	a0c487d3	fle.s	x15,f9,f12	  f9:0x80041024 f12:0x7fc00000 x15=0x00000000
      85545.000 ns	      8553	80001b54	a0b921d3	feq.s	x3,f18,f11	 f18:0x00000010 f11:0x3faebcb4  x3=0x00000000
      85565.000 ns	      8555	80001b58	09053093	sltiu	x1,x10,144	 x10:0x00000000  x1=0x00000001
      85575.000 ns	      8556	80001b5c	4136dd33	sra	x26,x13,x19	 x13:0xc00207f2 x19:0x00000000 x26=0xc00207f2
      85585.000 ns	      8557	80001b60	01cdc833	xor	x16,x27,x28	 x27:0xffffffff x28:0x00000007 x16=0xfffffff8
      85605.000 ns	      8559	80001b64	02a87533	remu	x10,x16,x10	 x16:0x80000000 x10:0x00000000 x10=0xfffffff8
      85645.000 ns	      8563	80001b68	11b57653	fmul.s	f12,f10,f27	 f10:0x7fc00000 f27:0x00000000 f12=0x7fc00000
      85685.000 ns	      8567	80001b6c	580cc4d3	fsqrt.s	f9,f25	 f25:0x7fc00000  f9=0x7fc00000
      85715.000 ns	      8570	80001b70	201f01d3	fsgnj.s	f3,f30,f1	 f30:0xfde60000  f1:0x00000000  f3=0x7de60000
      85735.000 ns	      8572	80001b74	008882b3	add	x5,x17,x8	 x17:0x00000000  x8:0x00000000  x5=0x00000000
      85755.000 ns	      8574	80001b78	a1128553	fle.s	x10,f5,f17	  f5:0x7f800000 f17:0x7fc00000 x10=0x00000000
      85775.000 ns	      8576	80001b7c	01c9e433	or	x8,x19,x28	 x19:0x00000000 x28:0x00000007  x8=0x00000007
      85795.000 ns	      8578	80001b80	c0108dd3	fcvt.wu.s	x27,f1	  f1:0x00000000 x27=0x00000000
      85825.000 ns	      8581	80001b84	035f2533	mulhsu	x10,x30,x21	 x30:0x00000000 x21:0xffeda6c1 x10=0x00000000
      85875.000 ns	      8586	80001b88	0980a5d3	fsub.s	f11,f1,f24	  f1:0x00000000 f24:0x7fc00000 f11=0x7fc00000
      85925.000 ns	      8591	80001b8c	0945b853	fsub.s	f16,f11,f20	 f11:0x3faebcb4 f20:0xcec8dbbd f16=0x7fc00000
      85945.000 ns	      8593	80001b90	00f79913	slli	x18,x15,0xf	 x15:0x00000000 x18=0x00000000
      85965.000 ns	      8595	80001b94	21ef94d3	fsgnjn.s	f9,f31,f30	 f31:0x7fc00000 f30:0xfde60000  f9=0x7fc00000
      85995.000 ns	      8598	80001b98	20ed0e53	fsgnj.s	f28,f26,f14	 f26:0xffc00000 f14:0xced15a60 f28=0xffc00000
      86025.000 ns	      8601	80001b9c	e0079153	fclass.s	x2,f15	 f15:0x3faebcb4  x2=0x00000040
      86045.000 ns	      8603	80001ba0	40d95bb3	sra	x23,x18,x13	 x18:0x00000000 x13:0xc00207f2 x23=0x00000000
      86055.000 ns	      8604	80001ba4	00ce1133	sll	x2,x28,x12	 x28:0x00000007 x12:0x80040fe4  x2=0x00000070
      86075.000 ns	      8606	80001ba8	d00d73d3	fcvt.s.w	f7,x26	 x26:0xc00207f2  f7=0xce7ff7e0
      86095.000 ns	      8608	80001bac	41b08433	sub	x8,x1,x27	  x1:0x00000001 x27:0x00000000  x8=0x00000001
      86105.000 ns	      8609	80001bb0	52e49117	auipc	x2,0x52e49	  x2=0xd2e4abb0
      86125.000 ns	      8611	80001bb4	03430db3	mul	x27,x6,x20	  x6:0x78d7a002 x20:0x01800000 x27=0x03000000
      86175.000 ns	      8616	80001bb8	095bf9d3	fsub.s	f19,f23,f21	 f23:0x7fc00000 f21:0xfde60000 f19=0x7fc00000
      86205.000 ns	      8619	80001bbc	d0003753	fcvt.s.w	f14,x0	  x0:0x00000000 f14=0x00000000
      86245.000 ns	      8623	80001bc0	182705d3	fdiv.s	f11,f14,f2	 f14:0xced15a60  f2:0x7fc00000 f11=0x7fc00000
      86275.000 ns	      8626	80001bc4	024728b3	mulhsu	x17,x14,x4	 x14:0x28080000  x4:0x80041024 x17=0x1404a2a6
      86305.000 ns	      8629	80001bc8	e0099fd3	fclass.s	x31,f19	 f19:0x7fc00000 x31=0x00000200
      86335.000 ns	      8632	80001bcc	d014a6d3	fcvt.s.wu	f13,x9	  x9:0x359099fc f13=0x4e564268
      86355.000 ns	      8634	80001bd0	0187d433	srl	x8,x15,x24	 x15:0x00000000 x24:0x0000001f  x8=0x00000000
      86375.000 ns	      8636	80001bd4	c00a1553	fcvt.w.s	x10,f20	 f20:0xcec8dbbd x10=0x9b922180
      86415.000 ns	      8640	80001bd8	580d28d3	fsqrt.s	f17,f26	 f26:0xffc00000 f17=0x7fc00000
      86435.000 ns	      8642	80001bdc	22f16a13	ori	x20,x2,559	  x2:0xd2e4abb0 x20=0xd2e4abbf
      86455.000 ns	      8644	80001be0	e00c9dd3	fclass.s	x27,f25	 f25:0x7fc00000 x27=0x00000200
      86485.000 ns	      8647	80001be4	204a1b53	fsgnjn.s	f22,f20,f4	 f20:0xcec8dbbd  f4:0x78d7a002 f22=0xcec8dbbd
      86515.000 ns	      8650	80001be8	208d07d3	fsgnj.s	f15,f26,f8	 f26:0xffc00000  f8:0x7fc00000 f15=0x7fc00000
      86535.000 ns	      8652	80001bec	01d3c833	xor	x16,x7,x29	  x7:0x00000000 x29:0x00000000 x16=0x00000000
      86545.000 ns	      8653	80001bf0	003dc1b3	xor	x3,x27,x3	 x27:0x00000200  x3:0x00000000  x3=0x00000200
      86565.000 ns	      8655	80001bf4	a06d8153	fle.s	x2,f27,f6	 f27:0x00000000  f6:0x7de60000  x2=0x00000001
      86585.000 ns	      8657	80001bf8	00913333	sltu	x6,x2,x9	  x2:0xd2e4abb0  x9:0x359099fc  x6=0x00000001
      86605.000 ns	      8659	80001bfc	02ff76b3	remu	x13,x30,x15	 x30:0x00000000 x15:0x00000000 x13=0x00000000
      86635.000 ns	      8662	80001c00	0220a1b3	mulhsu	x3,x1,x2	  x1:0x00000001  x2:0x00000001  x3=0x00000000
      86655.000 ns	      8664	80001c04	0075a833	slt	x16,x11,x7	 x11:0x00000000  x7:0x00000000 x16=0x00000000
      86685.000 ns	      8667	80001c08	18c3f553	fdiv.s	f10,f7,f12	  f7:0xce7ff7e0 f12:0x7fc00000 f10=0x7fc00000
      86705.000 ns	      8669	80001c0c	01b99413	slli	x8,x19,0x1b	 x19:0x00000000  x8=0x00000000
      86725.000 ns	      8671	80001c10	033433b3	mulhu	x7,x8,x19	  x8:0x00000000 x19:0x00000000  x7=0x00000000
      86745.000 ns	      8673	80001c14	00715533	srl	x10,x2,x7	  x2:0x00000001  x7:0x00000000 x10=0x00000001
      86755.000 ns	      8674	80001c18	00000013	addi	x0,x0,0	  x0:0x00000000
      86775.000 ns	      8676	80001c1c	a0309b53	flt.s	x22,f1,f3	  f1:0x00000000  f3:0x7de60000 x22=0x00000001
      86795.000 ns	      8678	80001c20	e6d16493	ori	x9,x2,-403	  x2:0x00000001  x9=0xfffffe6d
      86805.000 ns	      8679	80001c24	40a2d313	srai	x6,x5,0xa	  x5:0x00000000  x6=0x00000000
      86835.000 ns	      8682	80001c28	580724d3	fsqrt.s	f9,f14	 f14:0x00000000  f9=0x00000000
      86865.000 ns	      8685	80001c2c	a1092cd3	feq.s	x25,f18,f16	 f18:0x00000010 f16:0x7fc00000 x25=0x00000000
      87235.000 ns	      8722	80001c30	036cfeb3	remu	x29,x25,x22	 x25:0x00000000 x22:0x00000001 x29=0x00000000
      87255.000 ns	      8724	80001c34	014a4833	xor	x16,x20,x20	 x20:0xd2e4abbf x20:0xd2e4abbf x16=0x00000000
      87265.000 ns	      8725	80001c38	00000013	addi	x0,x0,0	  x0:0x00000000
      87275.000 ns	      8726	80001c3c	00e4e533	or	x10,x9,x14	  x9:0xfffffe6d x14:0x28080000 x10=0xfffffe6d
      87285.000 ns	      8727	80001c40	41c45a93	srai	x21,x8,0x1c	  x8:0x00000000 x21=0x00000000
      87305.000 ns	      8729	80001c44	03fb1433	mulh	x8,x22,x31	 x22:0x00000001 x31:0x00000200  x8=0x00000000
      87335.000 ns	      8732	80001c48	d01d2e53	fcvt.s.wu	f28,x26	 x26:0xc00207f2 f28=0x4f400208
      87365.000 ns	      8735	80001c4c	021dbeb3	mulhu	x29,x27,x1	 x27:0x00000200  x1:0x00000001 x29=0x00000000
      87385.000 ns	      8737	80001c50	fdd7ea93	ori	x21,x15,-35	 x15:0x00000000 x21=0xffffffdd
      87405.000 ns	      8739	80001c54	02b441b3	div	x3,x8,x11	  x8:0x00000000 x11:0x00000000  x3=0xffffffff
      87425.000 ns	      8741	80001c58	405303b3	sub	x7,x6,x5	  x6:0x00000000  x5:0x00000000  x7=0x00000000
      87445.000 ns	      8743	80001c5c	c00274d3	fcvt.w.s	x9,f4	  f4:0x78d7a002  x9=0x7fffffff
      87475.000 ns	      8746	80001c60	21c98a53	fsgnj.s	f20,f19,f28	 f19:0x7fc00000 f28:0x4f400208 f20=0x7fc00000
      87505.000 ns	      8749	80001c64	0331c333	div	x6,x3,x19	  x3:0xffffffff x19:0x00000000  x6=0xffffffff
      87525.000 ns	      8751	80001c68	01daa3b3	slt	x7,x21,x29	 x21:0xffffffdd x29:0x00000000  x7=0x00000001
      87535.000 ns	      8752	80001c6c	c9a28037	lui	x0,0xc9a28	
      87555.000 ns	      8754	80001c70	21ca2c53	fsgnjx.s	f24,f20,f28	 f20:0x7fc00000 f28:0x4f400208 f24=0x7fc00000
      87585.000 ns	      8757	80001c74	d01dfb53	fcvt.s.wu	f22,x27	 x27:0x00000200 f22=0x44000000
      87605.000 ns	      8759	80001c78	41288733	sub	x14,x17,x18	 x17:0x1404a2a6 x18:0x00000000 x14=0x1404a2a6
      87625.000 ns	      8761	80001c7c	d016f1d3	fcvt.s.wu	f3,x13	 x13:0x00000000  f3=0x00000000
      87655.000 ns	      8764	80001c80	d0122c53	fcvt.s.wu	f24,x4	  x4:0x80041024 f24=0x4f000411
      87685.000 ns	      8767	80001c84	e0091f53	fclass.s	x30,f18	 f18:0x00000010 x30=0x00000020
      87705.000 ns	      8769	80001c88	00dc18b3	sll	x17,x24,x13	 x24:0x0000001f x13:0x00000000 x17=0x0000001f
      87715.000 ns	      8770	80001c8c	5a504513	xori	x10,x0,1445	  x0:0x00000000 x10=0x000005a5
      87735.000 ns	      8772	80001c90	21970d53	fsgnj.s	f26,f14,f25	 f14:0x00000000 f25:0x7fc00000 f26=0x00000000
      87765.000 ns	      8775	80001c94	a15c8d53	fle.s	x26,f25,f21	 f25:0x7fc00000 f21:0xfde60000 x26=0x00000000
      87785.000 ns	      8777	80001c98	01e1fcb3	and	x25,x3,x30	  x3:0xffffffff x30:0x00000020 x25=0x00000020
      87815.000 ns	      8780	80001c9c	19699c53	fdiv.s	f24,f19,f22	 f19:0x7fc00000 f22:0x44000000 f24=0x7fc00000
      87845.000 ns	      8783	80001ca0	03ac98b3	mulh	x17,x25,x26	 x25:0x00000000 x26:0x00000000 x17=0x00000000
      87865.000 ns	      8785	80001ca4	41415013	srai	x0,x2,0x14	  x2:0x00000001
      87875.000 ns	      8786	80001ca8	b1656393	ori	x7,x10,-1258	 x10:0x000005a5  x7=0xffffffb7
      87885.000 ns	      8787	80001cac	0013d3b3	srl	x7,x7,x1	  x7:0x00000001  x1:0x00000001  x7=0x7fffffdb
      87895.000 ns	      8788	80001cb0	0496b013	sltiu	x0,x13,73	 x13:0x00000000
      87915.000 ns	      8790	80001cb4	028c52b3	divu	x5,x24,x8	 x24:0x0000001f  x8:0x00000000  x5=0xffffffff
      87935.000 ns	      8792	80001cb8	4012d113	srai	x2,x5,0x1	  x5:0x00000000  x2=0xffffffff
      87955.000 ns	      8794	80001cbc	e0038453	fmv.x.w	x8,f7	  f7:0xce7ff7e0  x8=0xce7ff7e0
      87985.000 ns	      8797	80001cc0	e0078753	fmv.x.w	x14,f15	 f15:0x7fc00000 x14=0x7fc00000
      88015.000 ns	      8800	80001cc4	d0042fd3	fcvt.s.w	f31,x8	  x8:0xce7ff7e0 f31=0xce460021
      88385.000 ns	      8837	80001cc8	0366c733	div	x14,x13,x22	 x13:0x00000000 x22:0x00000001 x14=0x00000000
      88755.000 ns	      8874	80001ccc	026042b3	div	x5,x0,x6	  x0:0x00000000  x6:0xffffffff  x5=0x00000000
      88775.000 ns	      8876	80001cd0	0077edb3	or	x27,x15,x7	 x15:0x00000000  x7:0x7fffffdb x27=0x7fffffdb
      88795.000 ns	      8878	80001cd4	02587133	remu	x2,x16,x5	 x16:0x00000000  x5:0x00000000  x2=0x00000000
      89975.000 ns	      8996	80001cd8	580e7ed3	fsqrt.s	f29,f28	 f28:0x4f400208 f29=0x4707c519
      90005.000 ns	      8999	80001cdc	f00185d3	fmv.w.x	f11,x3	  x3:0xffffffff f11=0xffffffff
      90025.000 ns	      9001	80001ce0	00c54133	xor	x2,x10,x12	 x10:0x000005a5 x12:0x80040fe4  x2=0x80040a41
      90045.000 ns	      9003	80001ce4	a1072453	feq.s	x8,f14,f16	 f14:0x00000000 f16:0x7fc00000  x8=0x00000000
      90065.000 ns	      9005	80001ce8	01bbc6b3	xor	x13,x23,x27	 x23:0x00000000 x27:0x7fffffdb x13=0x7fffffdb
      90085.000 ns	      9007	80001cec	c0057353	fcvt.w.s	x6,f10	 f10:0x7fc00000  x6=0x7fffffff
      90115.000 ns	      9010	80001cf0	02572c33	mulhsu	x24,x14,x5	 x14:0x00000000  x5:0x00000000 x24=0x00000000
      90135.000 ns	      9012	80001cf4	05e23813	sltiu	x16,x4,94	  x4:0x80041024 x16=0x00000000
      90155.000 ns	      9014	80001cf8	d00e8e53	fcvt.s.w	f28,x29	 x29:0x00000000 f28=0x00000000
      90185.000 ns	      9017	80001cfc	e00c17d3	fclass.s	x15,f24	 f24:0x7fc00000 x15=0x00000200
      90215.000 ns	      9020	80001d00	20b02c53	fsgnjx.s	f24,f0,f11	  f0:0x7fc00000 f11:0xffffffff f24=0xffc00000
      90245.000 ns	      9023	80001d04	c00e70d3	fcvt.w.s	x1,f28	 f28:0x00000000  x1=0x00000000
      90275.000 ns	      9026	80001d08	e0028fd3	fmv.x.w	x31,f5	  f5:0x7f800000 x31=0x7f800000
      90295.000 ns	      9028	80001d0c	e0090893	addi	x17,x18,-512	 x18:0x00000000 x17=0xfffffe00
      90305.000 ns	      9029	80001d10	00c95993	srli	x19,x18,0xc	 x18:0x00000000 x19=0x00000000
      90315.000 ns	      9030	80001d14	f9d84293	xori	x5,x16,-99	 x16:0x00000000  x5=0xffffff9d
      90335.000 ns	      9032	80001d18	21918bd3	fsgnj.s	f23,f3,f25	  f3:0x00000000 f25:0x7fc00000 f23=0x00000000
      90355.000 ns	      9034	80001d1c	00c45293	srli	x5,x8,0xc	  x8:0x00000000  x5=0x00000000
      90365.000 ns	      9035	80001d20	40f7d433	sra	x8,x15,x15	 x15:0x00000200 x15:0x00000200  x8=0x00000200
      90375.000 ns	      9036	80001d24	c2f2a093	slti	x1,x5,-977	  x5:0xffffff9d  x1=0x00000000
      90395.000 ns	      9038	80001d28	29dc0153	fmin.s	f2,f24,f29	 f24:0xffc00000 f29:0x4707c519  f2=0x4707c519
      90415.000 ns	      9040	80001d2c	00ebd593	srli	x11,x23,0xe	 x23:0x00000000 x11=0x00000000
      90435.000 ns	      9042	80001d30	e0008453	fmv.x.w	x8,f1	  f1:0x00000000  x8=0x00000000
      90455.000 ns	      9044	80001d34	00000013	addi	x0,x0,0	  x0:0x00000000
      90485.000 ns	      9047	80001d38	191a7353	fdiv.s	f6,f20,f17	 f20:0x7fc00000 f17:0x7fc00000  f6=0x7fc00000
      90505.000 ns	      9049	80001d3c	01ff1e93	slli	x29,x30,0x1f	 x30:0x00000020 x29=0x00000000
      90515.000 ns	      9050	80001d40	40718fb3	sub	x31,x3,x7	  x3:0xffffffff  x7:0x7fffffdb x31=0x80000024
      90535.000 ns	      9052	80001d44	0320b533	mulhu	x10,x1,x18	  x1:0x00000000 x18:0x00000000 x10=0x00000000
      90555.000 ns	      9054	80001d48	006ee133	or	x2,x29,x6	 x29:0x00000000  x6:0x7fffffff  x2=0x7fffffff
      90565.000 ns	      9055	80001d4c	01621393	slli	x7,x4,0x16	  x4:0x80041024  x7=0x09000000
      90575.000 ns	      9056	80001d50	0dffbc93	sltiu	x25,x31,223	 x31:0x80000024 x25=0x00000000
      90595.000 ns	      9058	80001d54	a1afafd3	feq.s	x31,f31,f26	 f31:0xce460021 f26:0x00000000 x31=0x00000000
      90625.000 ns	      9061	80001d58	c009c9d3	fcvt.w.s	x19,f19	 f19:0x7fc00000 x19=0x7fffffff
      90645.000 ns	      9063	80001d5c	55a52d13	slti	x26,x10,1370	 x10:0x00000000 x26=0x00000001
      90665.000 ns	      9065	80001d60	d007f8d3	fcvt.s.w	f17,x15	 x15:0x00000200 f17=0x44000000
      91035.000 ns	      9102	80001d64	03194d33	div	x26,x18,x17	 x18:0x00000000 x17:0xfffffe00 x26=0x00000000
      91085.000 ns	      9107	80001d68	00f2fd53	fadd.s	f26,f5,f15	  f5:0x7f800000 f15:0x7fc00000 f26=0x7fc00000
      91115.000 ns	      9110	80001d6c	c00fc153	fcvt.w.s	x2,f31	 f31:0xce460021  x2=0xce7ff7c0
      91135.000 ns	      9112	80001d70	01091e93	slli	x29,x18,0x10	 x18:0x00000000 x29=0x00000000
      91145.000 ns	      9113	80001d74	00f34a33	xor	x20,x6,x15	  x6:0x7fffffff x15:0x00000200 x20=0x7ffffdff
      91165.000 ns	      9115	80001d78	030bd0b3	divu	x1,x23,x16	 x23:0x00000000 x16:0x00000000  x1=0xffffffff
      91195.000 ns	      9118	80001d7c	a04384d3	fle.s	x9,f7,f4	  f7:0xce7ff7e0  f4:0x78d7a002  x9=0x00000001
      91225.000 ns	      9121	80001d80	028580b3	mul	x1,x11,x8	 x11:0x00000000  x8:0x00000000  x1=0x00000000
      91245.000 ns	      9123	80001d84	013396b3	sll	x13,x7,x19	  x7:0x09000000 x19:0x7fffffff x13=0x00000000
      91265.000 ns	      9125	80001d88	030a9fb3	mulh	x31,x21,x16	 x21:0xffffffdd x16:0x00000000 x31=0x00000000
      91295.000 ns	      9128	80001d8c	e0060553	fmv.x.w	x10,f12	 f12:0x7fc00000 x10=0x7fc00000
      91325.000 ns	      9131	80001d90	f0058b53	fmv.w.x	f22,x11	 x11:0x00000000 f22=0x00000000
      91345.000 ns	      9133	80001d94	64706a93	ori	x21,x0,1607	  x0:0x00000000 x21=0x00000647
      91385.000 ns	      9137	80001d98	0942f0d3	fsub.s	f1,f5,f20	  f5:0x7f800000 f20:0x7fc00000  f1=0x7fc00000
      91405.000 ns	      9139	80001d9c	00000013	addi	x0,x0,0	  x0:0x00000000
      91425.000 ns	      9141	80001da0	030972b3	remu	x5,x18,x16	 x18:0x00000000 x16:0x00000000  x5=0x00000000
      91455.000 ns	      9144	80001da4	a0c310d3	flt.s	x1,f6,f12	  f6:0x7fc00000 f12:0x7fc00000  x1=0x00000000
      91475.000 ns	      9146	80001da8	013b9293	slli	x5,x23,0x13	 x23:0x00000000  x5=0x00000000
      91495.000 ns	      9148	80001dac	022190b3	mulh	x1,x3,x2	  x3:0xffffffff  x2:0xce7ff7c0  x1=0x00000000
      91515.000 ns	      9150	80001db0	00cb5113	srli	x2,x22,0xc	 x22:0x00000001  x2=0x00000000
      91535.000 ns	      9152	80001db4	030762b3	rem	x5,x14,x16	 x14:0x00000000 x16:0x00000000  x5=0x00000000
      91555.000 ns	      9154	80001db8	01874fb3	xor	x31,x14,x24	 x14:0x00000000 x24:0x00000000 x31=0x00000000
      91915.000 ns	      9190	80001dbc	03b7d7b3	divu	x15,x15,x27	 x15:0x00000200 x27:0x7fffffdb x15=0x00000000
      91935.000 ns	      9192	80001dc0	c9b3be93	sltiu	x29,x7,-869	  x7:0x09000000 x29=0x00000001
      91955.000 ns	      9194	80001dc4	d0022053	fcvt.s.w	f0,x4	  x4:0x80041024  f0=0xcefff7e0
      91985.000 ns	      9197	80001dc8	28f893d3	fmax.s	f7,f17,f15	 f17:0x44000000 f15:0x7fc00000  f7=0x44000000
      92005.000 ns	      9199	80001dcc	006c6bb3	or	x23,x24,x6	 x24:0x00000000  x6:0x7fffffff x23=0x7fffffff
      92015.000 ns	      9200	80001dd0	d9903fb7	lui	x31,0xd9903	 x31=0xd9903000
      92025.000 ns	      9201	80001dd4	0166bd33	sltu	x26,x13,x22	 x13:0x00000000 x22:0x00000001 x26=0x00000001
      92035.000 ns	      9202	80001dd8	ac585837	lui	x16,0xac585	 x16=0xac585000
      92075.000 ns	      9206	80001ddc	015d7cd3	fadd.s	f25,f26,f21	 f26:0x7fc00000 f21:0xfde60000 f25=0x7fc00000
      92095.000 ns	      9208	80001de0	011892b3	sll	x5,x17,x17	 x17:0xfffffe00 x17:0xfffffe00  x5=0xfffffe00
      92125.000 ns	      9211	80001de4	183f7ad3	fdiv.s	f21,f30,f3	 f30:0xfde60000  f3:0x00000000 f21=0xff800000
      92165.000 ns	      9215	80001de8	18e8f353	fdiv.s	f6,f17,f14	 f17:0x44000000 f14:0x00000000  f6=0x7f800000
      92185.000 ns	      9217	80001dec	39392793	slti	x15,x18,915	 x18:0x00000000 x15=0x00000001
      93355.000 ns	      9334	80001df0	58014bd3	fsqrt.s	f23,f2	  f2:0x4707c519 f23=0x42c00166
      93385.000 ns	      9337	80001df4	03f7b733	mulhu	x14,x15,x31	 x15:0x00000000 x31:0xd9903000 x14=0x00000000
      93405.000 ns	      9339	80001df8	00495c33	srl	x24,x18,x4	 x18:0x00000000  x4:0x80041024 x24=0x00000000
      93415.000 ns	      9340	80001dfc	004015b3	sll	x11,x0,x4	  x0:0x00000000  x4:0x80041024 x11=0x00000000
      93435.000 ns	      9342	80001e00	a1c32ed3	feq.s	x29,f6,f28	  f6:0x7f800000 f28:0x00000000 x29=0x00000000
      93455.000 ns	      9344	80001e04	01934f33	xor	x30,x6,x25	  x6:0x7fffffff x25:0x00000000 x30=0x7fffffff
      93475.000 ns	      9346	80001e08	a1a01fd3	flt.s	x31,f0,f26	  f0:0xcefff7e0 f26:0x7fc00000 x31=0x00000000
      93845.000 ns	      9383	80001e0c	02fafcb3	remu	x25,x21,x15	 x21:0x00000647 x15:0x00000001 x25=0x00000000
      93865.000 ns	      9385	80001e10	006217b3	sll	x15,x4,x6	  x4:0x80041024  x6:0x7fffffff x15=0x00000000
      93875.000 ns	      9386	80001e14	38fc0193	addi	x3,x24,911	 x24:0x00000000  x3=0x0000038f
      93885.000 ns	      9387	80001e18	e2684113	xori	x2,x16,-474	 x16:0xac585000  x2=0x53a7ae26
      93895.000 ns	      9388	80001e1c	0d12a993	slti	x19,x5,209	  x5:0xfffffe00 x19=0x00000001
      93905.000 ns	      9389	80001e20	012de0b3	or	x1,x27,x18	 x27:0x7fffffdb x18:0x00000000  x1=0x7fffffdb
      93945.000 ns	      9393	80001e24	01d64553	fadd.s	f10,f12,f29	 f12:0x7fc00000 f29:0x4707c519 f10=0x7fc00000
      93995.000 ns	      9398	80001e28	00d9bed3	fadd.s	f29,f19,f13	 f19:0x7fc00000 f13:0x4e564268 f29=0x7fc00000
      94025.000 ns	      9401	80001e2c	a04ea953	feq.s	x18,f29,f4	 f29:0x4707c519  f4:0x78d7a002 x18=0x00000000
      94045.000 ns	      9403	80001e30	3f0ccf93	xori	x31,x25,1008	 x25:0x00000000 x31=0x000003f0
      94055.000 ns	      9404	80001e34	4b4a2893	slti	x17,x20,1204	 x20:0x7ffffdff x17=0x00000000
      94085.000 ns	      9407	80001e38	58037753	fsqrt.s	f14,f6	  f6:0x7f800000 f14=0x7f800000
      94115.000 ns	      9410	80001e3c	02688533	mul	x10,x17,x6	 x17:0xfffffe00  x6:0x7fffffff x10=0x00000000
      94145.000 ns	      9413	80001e40	e0089a53	fclass.s	x20,f17	 f17:0x44000000 x20=0x00000040
      94175.000 ns	      9416	80001e44	293c1cd3	fmax.s	f25,f24,f19	 f24:0xffc00000 f19:0x7fc00000 f25=0x7fc00000
      94205.000 ns	      9419	80001e48	c01898d3	fcvt.wu.s	x17,f17	 f17:0x44000000 x17=0x00000200
      94235.000 ns	      9422	80001e4c	e00617d3	fclass.s	x15,f12	 f12:0x7fc00000 x15=0x00000200
      94265.000 ns	      9425	80001e50	03beac33	mulhsu	x24,x29,x27	 x29:0x00000000 x27:0x7fffffdb x24=0x00000000
      94315.000 ns	      9430	80001e54	087d7ad3	fsub.s	f21,f26,f7	 f26:0x7fc00000  f7:0x44000000 f21=0x7fc00000
      94345.000 ns	      9433	80001e58	c000fcd3	fcvt.w.s	x25,f1	  f1:0x7fc00000 x25=0x7fffffff
      94365.000 ns	      9435	80001e5c	00000013	addi	x0,x0,0	  x0:0x00000000
      94725.000 ns	      9471	80001e60	021bd0b3	divu	x1,x23,x1	 x23:0x7fffffff  x1:0x7fffffdb  x1=0x00000001
      94775.000 ns	      9476	80001e64	08253ad3	fsub.s	f21,f10,f2	 f10:0x7fc00000  f2:0x4707c519 f21=0x7fc00000
      94805.000 ns	      9479	80001e68	28bf9ed3	fmax.s	f29,f31,f11	 f31:0xce460021 f11:0xffffffff f29=0xce460021
      94825.000 ns	      9481	80001e6c	f7d33a93	sltiu	x21,x6,-131	  x6:0x7fffffff x21=0x00000001
      94845.000 ns	      9483	80001e70	21698153	fsgnj.s	f2,f19,f22	 f19:0x7fc00000 f22:0x00000000  f2=0x7fc00000
      94875.000 ns	      9486	80001e74	c01e7453	fcvt.wu.s	x8,f28	 f28:0x00000000  x8=0x00000000
      95245.000 ns	      9523	80001e78	027defb3	rem	x31,x27,x7	 x27:0x7fffffdb  x7:0x09000000 x31=0x01ffffdb
      95265.000 ns	      9525	80001e7c	00bb31b3	sltu	x3,x22,x11	 x22:0x00000001 x11:0x00000000  x3=0x00000000
      95275.000 ns	      9526	80001e80	00000013	addi	x0,x0,0	  x0:0x00000000
      95295.000 ns	      9528	80001e84	023e3333	mulhu	x6,x28,x3	 x28:0x00000007  x3:0x0000038f  x6=0x00000000
      95325.000 ns	      9531	80001e88	03e61133	mulh	x2,x12,x30	 x12:0x80040fe4 x30:0x7fffffff  x2=0xc00207f2
      95355.000 ns	      9534	80001e8c	d0161c53	fcvt.s.wu	f24,x12	 x12:0x80040fe4 f24=0x4f00040f
      95385.000 ns	      9537	80001e90	e00b0a53	fmv.x.w	x20,f22	 f22:0x00000000 x20=0x00000000
      95425.000 ns	      9541	80001e94	11477c53	fmul.s	f24,f14,f20	 f14:0x7f800000 f20:0x7fc00000 f24=0x7fc00000
      95455.000 ns	      9544	80001e98	a15a2b53	feq.s	x22,f20,f21	 f20:0x7fc00000 f21:0x7fc00000 x22=0x00000000
      95475.000 ns	      9546	80001e9c	9a34c013	xori	x0,x9,-1629	  x9:0x00000001
      95495.000 ns	      9548	80001ea0	2134a153	fsgnjx.s	f2,f9,f19	  f9:0x00000000 f19:0x7fc00000  f2=0x00000000
      95515.000 ns	      9550	80001ea4	d2397393	andi	x7,x18,-733	 x18:0x00000000  x7=0x00000000
      95555.000 ns	      9554	80001ea8	09cd8753	fsub.s	f14,f27,f28	 f27:0x00000000 f28:0x00000000 f14=0x80000000
      95585.000 ns	      9557	80001eac	287d0a53	fmin.s	f20,f26,f7	 f26:0x7fc00000  f7:0x44000000 f20=0x44000000
      95615.000 ns	      9560	80001eb0	d01bcf53	fcvt.s.wu	f30,x23	 x23:0x7fffffff f30=0x4f000000
      95645.000 ns	      9563	80001eb4	e00687d3	fmv.x.w	x15,f13	 f13:0x4e564268 x15=0x4e564268
      95675.000 ns	      9566	80001eb8	29ad1d53	fmax.s	f26,f26,f26	 f26:0x7fc00000 f26:0x7fc00000 f26=0x7fc00000
      95705.000 ns	      9569	80001ebc	d0147dd3	fcvt.s.wu	f27,x8	  x8:0x00000000 f27=0x00000000
      95725.000 ns	      9571	80001ec0	0125da13	srli	x20,x11,0x12	 x11:0x00000000 x20=0x00000000
      95735.000 ns	      9572	80001ec4	01a39a93	slli	x21,x7,0x1a	  x7:0x00000000 x21=0x00000000
      95745.000 ns	      9573	80001ec8	cd534693	xori	x13,x6,-811	  x6:0x00000000 x13=0xfffffcd5
      95765.000 ns	      9575	80001ecc	29f61f53	fmax.s	f30,f12,f31	 f12:0x7fc00000 f31:0xce460021 f30=0xce460021
      95795.000 ns	      9578	80001ed0	207ea1d3	fsgnjx.s	f3,f29,f7	 f29:0xce460021  f7:0x44000000  f3=0xce460021
      95825.000 ns	      9581	80001ed4	0344f0b3	remu	x1,x9,x20	  x9:0x00000001 x20:0x00000000  x1=0x00000001
      95875.000 ns	      9586	80001ed8	005e9e53	fadd.s	f28,f29,f5	 f29:0xce460021  f5:0x7f800000 f28=0x7f800000
      95895.000 ns	      9588	80001edc	41ccdc33	sra	x24,x25,x28	 x25:0x7fffffff x28:0x00000007 x24=0x00ffffff
      95915.000 ns	      9590	80001ee0	0288d5b3	divu	x11,x17,x8	 x17:0x00000200  x8:0x00000000 x11=0xffffffff
      95935.000 ns	      9592	80001ee4	00c50f33	add	x30,x10,x12	 x10:0x00000000 x12:0x80040fe4 x30=0x80040fe4
      95945.000 ns	      9593	80001ee8	9a4c9937	lui	x18,0x9a4c9	 x18=0x9a4c9000
      96305.000 ns	      9629	80001eec	02fe6833	rem	x16,x28,x15	 x28:0x00000007 x15:0x4e564268 x16=0x00000007
      96335.000 ns	      9632	80001ef0	21bb29d3	fsgnjx.s	f19,f22,f27	 f22:0x00000000 f27:0x00000000 f19=0x00000000
      96365.000 ns	      9635	80001ef4	2097a353	fsgnjx.s	f6,f15,f9	 f15:0x7fc00000  f9:0x00000000  f6=0x7fc00000
      96395.000 ns	      9638	80001ef8	29ad0153	fmin.s	f2,f26,f26	 f26:0x7fc00000 f26:0x7fc00000  f2=0x7fc00000
      96425.000 ns	      9641	80001efc	d01f80d3	fcvt.s.wu	f1,x31	 x31:0x01ffffdb  f1=0x4bffffee
      96455.000 ns	      9644	80001f00	c00af953	fcvt.w.s	x18,f21	 f21:0x7fc00000 x18=0x7fffffff
      96825.000 ns	      9681	80001f04	03c573b3	remu	x7,x10,x28	 x10:0x00000000 x28:0x00000007  x7=0x00000000
      96855.000 ns	      9684	80001f08	f00c02d3	fmv.w.x	f5,x24	 x24:0x00ffffff  f5=0x00ffffff
      96885.000 ns	      9687	80001f0c	02dfb8b3	mulhu	x17,x31,x13	 x31:0x01ffffdb x13:0xfffffcd5 x17=0x01ffffd4
      96915.000 ns	      9690	80001f10	218b0ad3	fsgnj.s	f21,f22,f24	 f22:0x00000000 f24:0x7fc00000 f21=0x00000000
      96945.000 ns	      9693	80001f14	29429353	fmax.s	f6,f5,f20	  f5:0x00ffffff f20:0x44000000  f6=0x44000000
      96975.000 ns	      9696	80001f18	c0173a53	fcvt.wu.s	x20,f14	 f14:0x80000000 x20=0x00000000
      97005.000 ns	      9699	80001f1c	03c8ad33	mulhsu	x26,x17,x28	 x17:0x01ffffd4 x28:0x00000007 x26=0x00000000
      97035.000 ns	      9702	80001f20	a11b0b53	fle.s	x22,f22,f17	 f22:0x00000000 f17:0x44000000 x22=0x00000001
      97065.000 ns	      9705	80001f24	038f0bb3	mul	x23,x30,x24	 x30:0x80040fe4 x24:0x00ffffff x23=0x63fbf01c
      97095.000 ns	      9708	80001f28	a1fd9553	flt.s	x10,f27,f31	 f27:0x00000000 f31:0xce460021 x10=0x00000000
      97125.000 ns	      9711	80001f2c	206d21d3	fsgnjx.s	f3,f26,f6	 f26:0x7fc00000  f6:0x44000000  f3=0x7fc00000
      97165.000 ns	      9715	80001f30	58077c53	fsqrt.s	f24,f14	 f14:0x80000000 f24=0x80000000
      97535.000 ns	      9752	80001f34	0229cc33	div	x24,x19,x2	 x19:0x00000001  x2:0xc00207f2 x24=0x00000000
      97555.000 ns	      9754	80001f38	41625533	sra	x10,x4,x22	  x4:0x80041024 x22:0x00000001 x10=0xc0020812
      97565.000 ns	      9755	80001f3c	00a39733	sll	x14,x7,x10	  x7:0x00000000 x10:0x00000000 x14=0x00000000
      97575.000 ns	      9756	80001f40	0103b2b3	sltu	x5,x7,x16	  x7:0x00000000 x16:0x00000007  x5=0x00000001
      97585.000 ns	      9757	80001f44	4093dd33	sra	x26,x7,x9	  x7:0x00000000  x9:0x00000001 x26=0x00000000
      97605.000 ns	      9759	80001f48	21ad99d3	fsgnjn.s	f19,f27,f26	 f27:0x00000000 f26:0x7fc00000 f19=0x80000000
      97625.000 ns	      9761	80001f4c	00000013	addi	x0,x0,0	  x0:0x00000000
      97635.000 ns	      9762	80001f50	45328993	addi	x19,x5,1107	  x5:0x00000001 x19=0x00000454
      97655.000 ns	      9764	80001f54	03d465b3	rem	x11,x8,x29	  x8:0x00000000 x29:0x00000000 x11=0x00000000
      97685.000 ns	      9767	80001f58	28fc83d3	fmin.s	f7,f25,f15	 f25:0x7fc00000 f15:0x7fc00000  f7=0x7fc00000
      97705.000 ns	      9769	80001f5c	000cf733	and	x14,x25,x0	 x25:0x7fffffff  x0:0x00000000 x14=0x00000000
      97715.000 ns	      9770	80001f60	98a72913	slti	x18,x14,-1654	 x14:0x00000000 x18=0x00000000
      97735.000 ns	      9772	80001f64	a0d58353	fle.s	x6,f11,f13	 f11:0xffffffff f13:0x4e564268  x6=0x00000000
      97755.000 ns	      9774	80001f68	0079b9b3	sltu	x19,x19,x7	 x19:0x00000454  x7:0x00000000 x19=0x00000000
      97765.000 ns	      9775	80001f6c	00013ab3	sltu	x21,x2,x0	  x2:0xc00207f2  x0:0x00000000 x21=0x00000000
      97785.000 ns	      9777	80001f70	02d905b3	mul	x11,x18,x13	 x18:0x00000000 x13:0xfffffcd5 x11=0x00000000
      97815.000 ns	      9780	80001f74	21118ed3	fsgnj.s	f29,f3,f17	  f3:0x7fc00000 f17:0x44000000 f29=0x7fc00000
      98185.000 ns	      9817	80001f78	036b7cb3	remu	x25,x22,x22	 x22:0x00000001 x22:0x00000001 x25=0x00000000
      98205.000 ns	      9819	80001f7c	01163733	sltu	x14,x12,x17	 x12:0x80040fe4 x17:0x01ffffd4 x14=0x00000000
      98215.000 ns	      9820	80001f80	01741893	slli	x17,x8,0x17	  x8:0x00000000 x17=0x00000000
      98245.000 ns	      9823	80001f84	106ff2d3	fmul.s	f5,f31,f6	 f31:0xce460021  f6:0x44000000  f5=0xd2c60022
      98275.000 ns	      9826	80001f88	03d8b8b3	mulhu	x17,x17,x29	 x17:0x01ffffd4 x29:0x00000000 x17=0x00000000
      98305.000 ns	      9829	80001f8c	d003fb53	fcvt.s.w	f22,x7	  x7:0x00000000 f22=0x00000000
      98335.000 ns	      9832	80001f90	c009fc53	fcvt.w.s	x24,f19	 f19:0x80000000 x24=0x00000000
      98355.000 ns	      9834	80001f94	01bdab33	slt	x22,x27,x27	 x27:0x7fffffdb x27:0x7fffffdb x22=0x00000000
      98375.000 ns	      9836	80001f98	02ab00b3	mul	x1,x22,x10	 x22:0x00000001 x10:0xc0020812  x1=0x00000000
      98395.000 ns	      9838	80001f9c	d9063037	lui	x0,0xd9063	
      98405.000 ns	      9839	80001fa0	406d5393	srai	x7,x26,0x6	 x26:0x00000000  x7=0x00000000
      98415.000 ns	      9840	80001fa4	40446697	auipc	x13,0x40446	 x13=0xc0447fa4
      98775.000 ns	      9876	80001fa8	02cee833	rem	x16,x29,x12	 x29:0x00000000 x12:0x80040fe4 x16=0x00000000
      98805.000 ns	      9879	80001fac	204481d3	fsgnj.s	f3,f9,f4	  f9:0x00000000  f4:0x78d7a002  f3=0x00000000
      98835.000 ns	      9882	80001fb0	28650cd3	fmin.s	f25,f10,f6	 f10:0x7fc00000  f6:0x44000000 f25=0x44000000
      98865.000 ns	      9885	80001fb4	02bf4cb3	div	x25,x30,x11	 x30:0x80040fe4 x11:0x00000000 x25=0xffffffff
      98905.000 ns	      9889	80001fb8	5802a053	fsqrt.s	f0,f5	  f5:0xd2c60022  f0=0x7fc00000
      98945.000 ns	      9893	80001fbc	1994c153	fdiv.s	f2,f9,f25	  f9:0x00000000 f25:0x44000000  f2=0x00000000
      98975.000 ns	      9896	80001fc0	2019a7d3	fsgnjx.s	f15,f19,f1	 f19:0x80000000  f1:0x4bffffee f15=0x80000000
      98995.000 ns	      9898	80001fc4	5f716393	ori	x7,x2,1527	  x2:0xc00207f2  x7=0xc00207f7
      99025.000 ns	      9901	80001fc8	10dd7553	fmul.s	f10,f26,f13	 f26:0x7fc00000 f13:0x4e564268 f10=0x7fc00000
      99055.000 ns	      9904	80001fcc	e00e1453	fclass.s	x8,f28	 f28:0x7f800000  x8=0x00000080
      99075.000 ns	      9906	80001fd0	00000013	addi	x0,x0,0	  x0:0x00000000
      99435.000 ns	      9942	80001fd4	02fded33	rem	x26,x27,x15	 x27:0x7fffffdb x15:0x4e564268 x26=0x31a9bd73
      99465.000 ns	      9945	80001fd8	d0010e53	fcvt.s.w	f28,x2	  x2:0xc00207f2 f28=0xce7ff7e0
      99485.000 ns	      9947	80001fdc	004adc13	srli	x24,x21,0x4	 x21:0x00000000 x24=0x00000000
      99495.000 ns	      9948	80001fe0	011fca33	xor	x20,x31,x17	 x31:0x01ffffdb x17:0x00000000 x20=0x01ffffdb
      99515.000 ns	      9950	80001fe4	02be8f33	mul	x30,x29,x11	 x29:0x00000000 x11:0x00000000 x30=0x00000000
      99545.000 ns	      9953	80001fe8	29930c53	fmin.s	f24,f6,f25	  f6:0x44000000 f25:0x44000000 f24=0x44000000
      99915.000 ns	      9990	80001fec	03bf5133	divu	x2,x30,x27	 x30:0x00000000 x27:0x7fffffdb  x2=0x00000000
      99935.000 ns	      9992	80001ff0	00d11a33	sll	x20,x2,x13	  x2:0xc00207f2 x13:0xc0447fa4 x20=0x00000000
      99945.000 ns	      9993	80001ff4	01c1c933	xor	x18,x3,x28	  x3:0x00000000 x28:0x00000007 x18=0x00000007
      99965.000 ns	      9995	80001ff8	020082b3	mul	x5,x1,x0	  x1:0x00000000  x0:0x00000000  x5=0x00000000
      99995.000 ns	      9998	80001ffc	21919153	fsgnjn.s	f2,f3,f25	  f3:0x00000000 f25:0x44000000  f2=0x80000000
     100025.000 ns	     10001	80002000	c002f4d3	fcvt.w.s	x9,f5	  f5:0xd2c60022  x9=0x80000000
     100045.000 ns	     10003	80002004	0014cbb3	xor	x23,x9,x1	  x9:0x00000001  x1:0x00000000 x23=0x80000000
     100065.000 ns	     10005	80002008	20f0a953	fsgnjx.s	f18,f1,f15	  f1:0x4bffffee f15:0x80000000 f18=0xcbffffee
     100085.000 ns	     10007	8000200c	386db593	sltiu	x11,x27,902	 x27:0x7fffffdb x11=0x00000000
     100105.000 ns	     10009	80002010	03130b33	mul	x22,x6,x17	  x6:0x00000000 x17:0x00000000 x22=0x00000000
     100135.000 ns	     10012	80002014	023630b3	mulhu	x1,x12,x3	 x12:0x80040fe4  x3:0x00000000  x1=0x00000000
     100155.000 ns	     10014	80002018	01071e93	slli	x29,x14,0x10	 x14:0x00000000 x29=0x00000000
     100175.000 ns	     10016	8000201c	c0017ad3	fcvt.w.s	x21,f2	  f2:0x80000000 x21=0x00000000
     100205.000 ns	     10019	80002020	02625933	divu	x18,x4,x6	  x4:0x80041024  x6:0x00000000 x18=0xffffffff
     100225.000 ns	     10021	80002024	41a80833	sub	x16,x16,x26	 x16:0x00000000 x26:0x31a9bd73 x16=0xce56428d
     100235.000 ns	     10022	80002028	d75dcd93	xori	x27,x27,-651	 x27:0x7fffffdb x27=0x800002ae
     100255.000 ns	     10024	8000202c	f00f8d53	fmv.w.x	f26,x31	 x31:0x01ffffdb f26=0x01ffffdb
     100285.000 ns	     10027	80002030	28d49853	fmax.s	f16,f9,f13	  f9:0x00000000 f13:0x4e564268 f16=0x4e564268
     100315.000 ns	     10030	80002034	03ee36b3	mulhu	x13,x28,x30	 x28:0x00000007 x30:0x00000000 x13=0x00000000
     100355.000 ns	     10034	80002038	19ddfd53	fdiv.s	f26,f27,f29	 f27:0x00000000 f29:0x7fc00000 f26=0x7fc00000
     100385.000 ns	     10037	8000203c	03728fb3	mul	x31,x5,x23	  x5:0x00000000 x23:0x80000000 x31=0x00000000
     100425.000 ns	     10041	80002040	10f997d3	fmul.s	f15,f19,f15	 f19:0x80000000 f15:0x80000000 f15=0x00000000
     100465.000 ns	     10045	80002044	11607c53	fmul.s	f24,f0,f22	  f0:0x7fc00000 f22:0x00000000 f24=0x7fc00000
     100485.000 ns	     10047	80002048	41eb5033	sra	x0,x22,x30	 x22:0x00000000 x30:0x00000000
     100505.000 ns	     10049	8000204c	e00d90d3	fclass.s	x1,f27	 f27:0x00000000  x1=0x00000010
     100525.000 ns	     10051	80002050	3e564d93	xori	x27,x12,997	 x12:0x80040fe4 x27=0x80040c01
     100545.000 ns	     10053	80002054	d012f953	fcvt.s.wu	f18,x5	  x5:0x00000000 f18=0x00000000
     100565.000 ns	     10055	80002058	23cdb913	sltiu	x18,x27,572	 x27:0x800002ae x18=0x00000000
     100585.000 ns	     10057	8000205c	216b95d3	fsgnjn.s	f11,f23,f22	 f23:0x42c00166 f22:0x00000000 f11=0xc2c00166
     100615.000 ns	     10060	80002060	285e08d3	fmin.s	f17,f28,f5	 f28:0xce7ff7e0  f5:0xd2c60022 f17=0xd2c60022
     100665.000 ns	     10065	80002064	016590d3	fadd.s	f1,f11,f22	 f11:0xc2c00166 f22:0x00000000  f1=0xc2c00166
     100685.000 ns	     10067	80002068	40c2d413	srai	x8,x5,0xc	  x5:0x00000000  x8=0x00000000
     100695.000 ns	     10068	8000206c	40e5d8b3	sra	x17,x11,x14	 x11:0x00000000 x14:0x00000000 x17=0x00000000
     100705.000 ns	     10069	80002070	00defa33	and	x20,x29,x13	 x29:0x00000000 x13:0x00000000 x20=0x00000000
     100725.000 ns	     10071	80002074	e0088b53	fmv.x.w	x22,f17	 f17:0xd2c60022 x22=0xd2c60022
     100775.000 ns	     10076	80002078	013ff9d3	fadd.s	f19,f31,f19	 f31:0xce460021 f19:0x80000000 f19=0xce460021
     100805.000 ns	     10079	8000207c	02873bb3	mulhu	x23,x14,x8	 x14:0x00000000  x8:0x00000000 x23=0x00000000
     100835.000 ns	     10082	80002080	029f8c33	mul	x24,x31,x9	 x31:0x00000000  x9:0x80000000 x24=0x00000000
     100855.000 ns	     10084	80002084	012c4ab3	xor	x21,x24,x18	 x24:0x00000000 x18:0x00000000 x21=0x00000000
     100865.000 ns	     10085	80002088	0149d193	srli	x3,x19,0x14	 x19:0x00000000  x3=0x00000000
     100885.000 ns	     10087	8000208c	c00113d3	fcvt.w.s	x7,f2	  f2:0x80000000  x7=0x00000000
     100905.000 ns	     10089	80002090	006e15b3	sll	x11,x28,x6	 x28:0x00000007  x6:0x00000000 x11=0x00000007
     100915.000 ns	     10090	80002094	4309ad93	slti	x27,x19,1072	 x19:0x00000000 x27=0x00000001
     101275.000 ns	     10126	80002098	02c873b3	remu	x7,x16,x12	 x16:0xce56428d x12:0x80040fe4  x7=0x4e5232a9
     101295.000 ns	     10128	8000209c	004c4ab3	xor	x21,x24,x4	 x24:0x00000000  x4:0x80041024 x21=0x80041024
     101305.000 ns	     10129	800020a0	014d74b3	and	x9,x26,x20	 x26:0x31a9bd73 x20:0x00000000  x9=0x00000000
     101325.000 ns	     10131	800020a4	028652b3	divu	x5,x12,x8	 x12:0x80040fe4  x8:0x00000000  x5=0xffffffff
     101355.000 ns	     10134	800020a8	28619353	fmax.s	f6,f3,f6	  f3:0x00000000  f6:0x44000000  f6=0x44000000
     101385.000 ns	     10137	800020ac	a04420d3	feq.s	x1,f8,f4	  f8:0x7fc00000  f4:0x78d7a002  x1=0x00000000
     101435.000 ns	     10142	800020b0	08e78b53	fsub.s	f22,f15,f14	 f15:0x00000000 f14:0x80000000 f22=0x00000000
     101485.000 ns	     10147	800020b4	08e939d3	fsub.s	f19,f18,f14	 f18:0x00000000 f14:0x80000000 f19=0x00000000
     101505.000 ns	     10149	800020b8	006b9d13	slli	x26,x23,0x6	 x23:0x00000000 x26=0x00000000
     101515.000 ns	     10150	800020bc	b192b813	sltiu	x16,x5,-1255	  x5:0xffffffff x16=0x00000000
     101545.000 ns	     10153	800020c0	11cc2353	fmul.s	f6,f24,f28	 f24:0x7fc00000 f28:0xce7ff7e0  f6=0x7fc00000
     101575.000 ns	     10156	800020c4	c00e2153	fcvt.w.s	x2,f28	 f28:0xce7ff7e0  x2=0xc0020800
     101595.000 ns	     10158	800020c8	01755013	srli	x0,x10,0x17	 x10:0xc0020812
     101605.000 ns	     10159	800020cc	40b80cb3	sub	x25,x16,x11	 x16:0x00000000 x11:0x00000007 x25=0xfffffff9
     101625.000 ns	     10161	800020d0	29141353	fmax.s	f6,f8,f17	  f8:0x7fc00000 f17:0xd2c60022  f6=0xd2c60022
     101655.000 ns	     10164	800020d4	03021033	mulh	x0,x4,x16	  x4:0x80041024 x16:0x00000000
     101685.000 ns	     10167	800020d8	e0089953	fclass.s	x18,f17	 f17:0xd2c60022 x18=0x00000002
     101705.000 ns	     10169	800020dc	19fa6f13	ori	x30,x20,415	 x20:0x00000000 x30=0x0000019f
     101725.000 ns	     10171	800020e0	20d283d3	fsgnj.s	f7,f5,f13	  f5:0xd2c60022 f13:0x4e564268  f7=0x52c60022
     101745.000 ns	     10173	800020e4	f1a54193	xori	x3,x10,-230	 x10:0xc0020812  x3=0x3ffdf708
     101755.000 ns	     10174	800020e8	e4814a93	xori	x21,x2,-440	  x2:0xc0020800 x21=0x3ffdf648
     101765.000 ns	     10175	800020ec	2fccb793	sltiu	x15,x25,764	 x25:0xfffffff9 x15=0x00000000
     101785.000 ns	     10177	800020f0	21532553	fsgnjx.s	f10,f6,f21	  f6:0xd2c60022 f21:0x00000000 f10=0xd2c60022
     101805.000 ns	     10179	800020f4	f1d4a293	slti	x5,x9,-227	  x9:0x00000000  x5=0x00000000
     101825.000 ns	     10181	800020f8	a0881453	flt.s	x8,f16,f8	 f16:0x4e564268  f8:0x7fc00000  x8=0x00000000
     101855.000 ns	     10184	800020fc	a1c08d53	fle.s	x26,f1,f28	  f1:0xc2c00166 f28:0xce7ff7e0 x26=0x00000000
     101875.000 ns	     10186	80002100	7de44893	xori	x17,x8,2014	  x8:0x00000000 x17=0x000007de
     101885.000 ns	     10187	80002104	01c8a533	slt	x10,x17,x28	 x17:0x00000000 x28:0x00000007 x10=0x00000000
     101895.000 ns	     10188	80002108	010b6133	or	x2,x22,x16	 x22:0xd2c60022 x16:0x00000000  x2=0xd2c60022
     101925.000 ns	     10191	8000210c	5808c1d3	fsqrt.s	f3,f17	 f17:0xd2c60022  f3=0x7fc00000
     101955.000 ns	     10194	80002110	d004fc53	fcvt.s.w	f24,x9	  x9:0x00000000 f24=0x00000000
     101975.000 ns	     10196	80002114	00000013	addi	x0,x0,0	  x0:0x00000000
     101985.000 ns	     10197	80002118	dd400093	addi	x1,x0,-556	  x0:0x00000000  x1=0xfffffdd4
     102005.000 ns	     10199	8000211c	c01b42d3	fcvt.wu.s	x5,f22	 f22:0x00000000  x5=0x00000000
     102025.000 ns	     10201	80002120	f3af7913	andi	x18,x30,-198	 x30:0x0000019f x18=0x0000011a
     102055.000 ns	     10204	80002124	58090f53	fsqrt.s	f30,f18	 f18:0x00000000 f30=0x00000000
     102085.000 ns	     10207	80002128	02e66433	rem	x8,x12,x14	 x12:0x80040fe4 x14:0x00000000  x8=0x80040fe4
     102115.000 ns	     10210	8000212c	206a9053	fsgnjn.s	f0,f21,f6	 f21:0x00000000  f6:0xd2c60022  f0=0x00000000
     102135.000 ns	     10212	80002130	19e9bb13	sltiu	x22,x19,414	 x19:0x00000000 x22=0x00000001
     102145.000 ns	     10213	80002134	ad5169b7	lui	x19,0xad516	 x19=0xad516000
     102185.000 ns	     10217	80002138	0836f0d3	fsub.s	f1,f13,f3	 f13:0x4e564268  f3:0x7fc00000  f1=0x7fc00000
     102205.000 ns	     10219	8000213c	418f0c33	sub	x24,x30,x24	 x30:0x0000019f x24:0x00000000 x24=0x0000019f
     102215.000 ns	     10220	80002140	00497033	and	x0,x18,x4	 x18:0x0000011a  x4:0x80041024
     102235.000 ns	     10222	80002144	c01ff2d3	fcvt.wu.s	x5,f31	 f31:0xce460021  x5=0x31800840
     102275.000 ns	     10226	80002148	189a4453	fdiv.s	f8,f20,f9	 f20:0x44000000  f9:0x00000000  f8=0x7f800000
     102305.000 ns	     10229	8000214c	03ee83b3	mul	x7,x29,x30	 x29:0x00000000 x30:0x0000019f  x7=0x00000000
     102345.000 ns	     10233	80002150	580b47d3	fsqrt.s	f15,f22	 f22:0x00000000 f15=0x00000000
     102375.000 ns	     10236	80002154	0288a7b3	mulhsu	x15,x17,x8	 x17:0x000007de  x8:0x80040fe4 x15=0x000003ef
     102405.000 ns	     10239	80002158	c0120c53	fcvt.wu.s	x24,f4	  f4:0x78d7a002 x24=0xffffffff
     102425.000 ns	     10241	8000215c	0033c433	xor	x8,x7,x3	  x7:0x00000000  x3:0x3ffdf708  x8=0x3ffdf708
     102445.000 ns	     10243	80002160	03d6a033	mulhsu	x0,x13,x29	 x13:0x00000000 x29:0x00000000
     102465.000 ns	     10245	80002164	001c5cb3	srl	x25,x24,x1	 x24:0xffffffff  x1:0xfffffdd4 x25=0x00000fff
     102475.000 ns	     10246	80002168	cbbf8b93	addi	x23,x31,-837	 x31:0x00000000 x23=0xfffffcbb
     102485.000 ns	     10247	8000216c	40795733	sra	x14,x18,x7	 x18:0x0000011a  x7:0x00000000 x14=0x0000011a
     102495.000 ns	     10248	80002170	70a27813	andi	x16,x4,1802	  x4:0x80041024 x16=0x00000000
     102515.000 ns	     10250	80002174	a00081d3	fle.s	x3,f1,f0	  f1:0x7fc00000  f0:0x00000000  x3=0x00000000
     102535.000 ns	     10252	80002178	003ee5b3	or	x11,x29,x3	 x29:0x00000000  x3:0x3ffdf708 x11=0x00000000
     102565.000 ns	     10255	8000217c	1980f6d3	fdiv.s	f13,f1,f24	  f1:0x7fc00000 f24:0x00000000 f13=0x7fc00000
     102595.000 ns	     10258	80002180	288f82d3	fmin.s	f5,f31,f8	 f31:0xce460021  f8:0x7f800000  f5=0xce460021
     102625.000 ns	     10261	80002184	a07c0153	fle.s	x2,f24,f7	 f24:0x00000000  f7:0x52c60022  x2=0x00000001
     102655.000 ns	     10264	80002188	e0028ad3	fmv.x.w	x21,f5	  f5:0xce460021 x21=0xce460021
     102685.000 ns	     10267	8000218c	02f48b33	mul	x22,x9,x15	  x9:0x00000000 x15:0x000003ef x22=0x00000000
     102715.000 ns	     10270	80002190	02a5c933	div	x18,x11,x10	 x11:0x00000000 x10:0x00000000 x18=0xffffffff
     102755.000 ns	     10274	80002194	1890a853	fdiv.s	f16,f1,f9	  f1:0x7fc00000  f9:0x00000000 f16=0x7fc00000
     102775.000 ns	     10276	80002198	8f1efe93	andi	x29,x29,-1807	 x29:0x00000000 x29=0x00000000
     102785.000 ns	     10277	8000219c	bb6aa993	slti	x19,x21,-1098	 x21:0xce460021 x19=0x00000001
     102805.000 ns	     10279	800021a0	02e0aab3	mulhsu	x21,x1,x14	  x1:0xfffffdd4 x14:0x0000011a x21=0xffffffff
     102845.000 ns	     10283	800021a4	110ac0d3	fmul.s	f1,f21,f16	 f21:0x00000000 f16:0x7fc00000  f1=0x7fc00000
     102875.000 ns	     10286	800021a8	e00196d3	fclass.s	x13,f3	  f3:0x7fc00000 x13=0x00000200
     102915.000 ns	     10290	800021ac	58081353	fsqrt.s	f6,f16	 f16:0x7fc00000  f6=0x7fc00000
     102945.000 ns	     10293	800021b0	e00095d3	fclass.s	x11,f1	  f1:0x7fc00000 x11=0x00000200
     102995.000 ns	     10298	800021b4	091c0d53	fsub.s	f26,f24,f17	 f24:0x00000000 f17:0xd2c60022 f26=0x52c60022
     103015.000 ns	     10300	800021b8	407fd1b3	sra	x3,x31,x7	 x31:0x00000000  x7:0x00000000  x3=0x00000000
     103035.000 ns	     10302	800021bc	21f09fd3	fsgnjn.s	f31,f1,f31	  f1:0x7fc00000 f31:0xce460021 f31=0x7fc00000
     103075.000 ns	     10306	800021c0	580ecc53	fsqrt.s	f24,f29	 f29:0x7fc00000 f24=0x7fc00000
     103105.000 ns	     10309	800021c4	20369753	fsgnjn.s	f14,f13,f3	 f13:0x7fc00000  f3:0x7fc00000 f14=0xffc00000
     103125.000 ns	     10311	800021c8	8d37fa17	auipc	x20,0x8d37f	 x20=0x0d3811c8
     103135.000 ns	     10312	800021cc	5ffdf893	andi	x17,x27,1535	 x27:0x00000001 x17=0x00000001
     103155.000 ns	     10314	800021d0	287188d3	fmin.s	f17,f3,f7	  f3:0x7fc00000  f7:0x52c60022 f17=0x52c60022
     103175.000 ns	     10316	800021d4	0167c533	xor	x10,x15,x22	 x15:0x000003ef x22:0x00000000 x10=0x000003ef
     103205.000 ns	     10319	800021d8	58051bd3	fsqrt.s	f23,f10	 f10:0xd2c60022 f23=0x7fc00000
     103235.000 ns	     10322	800021dc	28e902d3	fmin.s	f5,f18,f14	 f18:0x00000000 f14:0xffc00000  f5=0x00000000
     103255.000 ns	     10324	800021e0	bdc8aa13	slti	x20,x17,-1060	 x17:0x00000001 x20=0x00000000
     103275.000 ns	     10326	800021e4	a088aad3	feq.s	x21,f17,f8	 f17:0x52c60022  f8:0x7f800000 x21=0x00000000
     103295.000 ns	     10328	800021e8	bdb18c97	auipc	x25,0xbdb18	 x25=0x3db1a1e8
     103305.000 ns	     10329	800021ec	00525bb3	srl	x23,x4,x5	  x4:0x80041024  x5:0x31800840 x23=0x80041024
     103325.000 ns	     10331	800021f0	29831ed3	fmax.s	f29,f6,f24	  f6:0x7fc00000 f24:0x7fc00000 f29=0x7fc00000
     103345.000 ns	     10333	800021f4	407dd0b3	sra	x1,x27,x7	 x27:0x00000001  x7:0x00000000  x1=0x00000001
     103355.000 ns	     10334	800021f8	01b93433	sltu	x8,x18,x27	 x18:0xffffffff x27:0x00000001  x8=0x00000000
     103365.000 ns	     10335	800021fc	0193b1b3	sltu	x3,x7,x25	  x7:0x00000000 x25:0x3db1a1e8  x3=0x00000001
     103385.000 ns	     10337	80002200	020cacb3	mulhsu	x25,x25,x0	 x25:0x3db1a1e8  x0:0x00000000 x25=0x00000000
     103415.000 ns	     10340	80002204	02543933	mulhu	x18,x8,x5	  x8:0x00000000  x5:0x31800840 x18=0x00000000
     103785.000 ns	     10377	80002208	03cee933	rem	x18,x29,x28	 x29:0x00000000 x28:0x00000007 x18=0x00000000
     103805.000 ns	     10379	8000220c	011a4c33	xor	x24,x20,x17	 x20:0x00000000 x17:0x00000001 x24=0x00000001
     103845.000 ns	     10383	80002210	0909f953	fsub.s	f18,f19,f16	 f19:0x00000000 f16:0x7fc00000 f18=0x7fc00000
     103875.000 ns	     10386	80002214	210fa6d3	fsgnjx.s	f13,f31,f16	 f31:0x7fc00000 f16:0x7fc00000 f13=0x7fc00000
     103895.000 ns	     10388	80002218	0320f113	andi	x2,x1,50	  x1:0x00000001  x2=0x00000000
     103915.000 ns	     10390	8000221c	c007c8d3	fcvt.w.s	x17,f15	 f15:0x00000000 x17=0x00000000
     103955.000 ns	     10394	80002220	19ef3d53	fdiv.s	f26,f30,f30	 f30:0x00000000 f30:0x00000000 f26=0x7fc00000
     103985.000 ns	     10397	80002224	02884733	div	x14,x16,x8	 x16:0x00000000  x8:0x00000000 x14=0xffffffff
     104005.000 ns	     10399	80002228	40f20733	sub	x14,x4,x15	  x4:0x80041024 x15:0x000003ef x14=0x80040c35
     104015.000 ns	     10400	8000222c	0192b333	sltu	x6,x5,x25	  x5:0x31800840 x25:0x00000000  x6=0x00000000
     104035.000 ns	     10402	80002230	c01af3d3	fcvt.wu.s	x7,f21	 f21:0x00000000  x7=0x00000000
     104055.000 ns	     10404	80002234	8e043a13	sltiu	x20,x8,-1824	  x8:0x00000000 x20=0x00000001
     104095.000 ns	     10408	80002238	01ed70d3	fadd.s	f1,f26,f30	 f26:0x7fc00000 f30:0x00000000  f1=0x7fc00000
     104125.000 ns	     10411	8000223c	d006f853	fcvt.s.w	f16,x13	 x13:0x00000200 f16=0x44000000
     104155.000 ns	     10414	80002240	03909db3	mulh	x27,x1,x25	  x1:0x00000001 x25:0x00000000 x27=0x00000000
     104185.000 ns	     10417	80002244	a03b2f53	feq.s	x30,f22,f3	 f22:0x00000000  f3:0x7fc00000 x30=0x00000000
     104205.000 ns	     10419	80002248	00823933	sltu	x18,x4,x8	  x4:0x80041024  x8:0x00000000 x18=0x00000000
     104225.000 ns	     10421	8000224c	c00a0fd3	fcvt.w.s	x31,f20	 f20:0x44000000 x31=0x00000200
     104245.000 ns	     10423	80002250	d9ae3593	sltiu	x11,x28,-614	 x28:0x00000007 x11=0x00000001
     104285.000 ns	     10427	80002254	09d42953	fsub.s	f18,f8,f29	  f8:0x7f800000 f29:0x7fc00000 f18=0x7fc00000
     104305.000 ns	     10429	80002258	0143f933	and	x18,x7,x20	  x7:0x00000000 x20:0x00000001 x18=0x00000000
     104315.000 ns	     10430	8000225c	00000013	addi	x0,x0,0	  x0:0x00000000
     104325.000 ns	     10431	80002260	39170417	auipc	x8,0x39170	  x8=0xb9172260
     104335.000 ns	     10432	80002264	00bd9ab3	sll	x21,x27,x11	 x27:0x00000000 x11:0x00000001 x21=0x00000000
     104345.000 ns	     10433	80002268	40a48d33	sub	x26,x9,x10	  x9:0x00000000 x10:0x000003ef x26=0xfffffc11
     104375.000 ns	     10436	8000226c	196c7e53	fdiv.s	f28,f24,f22	 f24:0x7fc00000 f22:0x00000000 f28=0x7fc00000
     104405.000 ns	     10439	80002270	d01679d3	fcvt.s.wu	f19,x12	 x12:0x80040fe4 f19=0x4f00040f
     104425.000 ns	     10441	80002274	25846517	auipc	x10,0x25846	 x10=0xa5848274
     104445.000 ns	     10443	80002278	20d49753	fsgnjn.s	f14,f9,f13	  f9:0x00000000 f13:0x7fc00000 f14=0x80000000
     104475.000 ns	     10446	8000227c	029576b3	remu	x13,x10,x9	 x10:0x000003ef  x9:0x00000000 x13=0xa5848274
     104495.000 ns	     10448	80002280	00df2a33	slt	x20,x30,x13	 x30:0x00000000 x13:0x00000200 x20=0x00000000
     104505.000 ns	     10449	80002284	412e5813	srai	x16,x28,0x12	 x28:0x00000007 x16=0x00000000
     104515.000 ns	     10450	80002288	00c041b3	xor	x3,x0,x12	  x0:0x00000000 x12:0x80040fe4  x3=0x80040fe4
     104535.000 ns	     10452	8000228c	020d5fb3	divu	x31,x26,x0	 x26:0xfffffc11  x0:0x00000000 x31=0xffffffff
     104565.000 ns	     10455	80002290	0303b5b3	mulhu	x11,x7,x16	  x7:0x00000000 x16:0x00000000 x11=0x00000000
     104585.000 ns	     10457	80002294	41e2d593	srai	x11,x5,0x1e	  x5:0x31800840 x11=0x00000000
     104605.000 ns	     10459	80002298	215d8153	fsgnj.s	f2,f27,f21	 f27:0x00000000 f21:0x00000000  f2=0x00000000
     104655.000 ns	     10464	8000229c	007cf1d3	fadd.s	f3,f25,f7	 f25:0x44000000  f7:0x52c60022  f3=0x52c60022
     104675.000 ns	     10466	800022a0	89ac3813	sltiu	x16,x24,-1894	 x24:0x00000001 x16=0x00000001
     104685.000 ns	     10467	800022a4	000e9d33	sll	x26,x29,x0	 x29:0x00000000  x0:0x00000000 x26=0x00000000
     104695.000 ns	     10468	800022a8	40db07b3	sub	x15,x22,x13	 x22:0x00000000 x13:0xa5848274 x15=0x5a7b7d8c
     104705.000 ns	     10469	800022ac	54e02793	slti	x15,x0,1358	  x0:0x00000000 x15=0x00000001
     104715.000 ns	     10470	800022b0	1d89aa93	slti	x21,x19,472	 x19:0x00000001 x21=0x00000001
     104745.000 ns	     10473	800022b4	1807b9d3	fdiv.s	f19,f15,f0	 f15:0x00000000  f0:0x00000000 f19=0x7fc00000
     104765.000 ns	     10475	800022b8	012b3db3	sltu	x27,x22,x18	 x22:0x00000000 x18:0x00000000 x27=0x00000000
     104775.000 ns	     10476	800022bc	01709db3	sll	x27,x1,x23	  x1:0x00000001 x23:0x80041024 x27=0x00000010
     104785.000 ns	     10477	800022c0	19737f93	andi	x31,x6,407	  x6:0x00000000 x31=0x00000000
     104795.000 ns	     10478	800022c4	01eed9b3	srl	x19,x29,x30	 x29:0x00000000 x30:0x00000000 x19=0x00000000
     104815.000 ns	     10480	800022c8	a1258453	fle.s	x8,f11,f18	 f11:0xc2c00166 f18:0x7fc00000  x8=0x00000000
     104845.000 ns	     10483	800022cc	211d1ed3	fsgnjn.s	f29,f26,f17	 f26:0x7fc00000 f17:0x52c60022 f29=0xffc00000
     104875.000 ns	     10486	800022d0	21961ad3	fsgnjn.s	f21,f12,f25	 f12:0x7fc00000 f25:0x44000000 f21=0xffc00000
     104915.000 ns	     10490	800022d4	18190ed3	fdiv.s	f29,f18,f1	 f18:0x7fc00000  f1:0x7fc00000 f29=0x7fc00000
     104945.000 ns	     10493	800022d8	f0030dd3	fmv.w.x	f27,x6	  x6:0x00000000 f27=0x00000000
     104965.000 ns	     10495	800022dc	6c313b37	lui	x22,0x6c313	 x22=0x6c313000
     104975.000 ns	     10496	800022e0	41a0d493	srai	x9,x1,0x1a	  x1:0x00000001  x9=0x00000000
     105015.000 ns	     10500	800022e4	09a1fed3	fsub.s	f29,f3,f26	  f3:0x52c60022 f26:0x7fc00000 f29=0x7fc00000
     105045.000 ns	     10503	800022e8	026dfdb3	remu	x27,x27,x6	 x27:0x00000010  x6:0x00000000 x27=0x00000010
     105075.000 ns	     10506	800022ec	03f752b3	divu	x5,x14,x31	 x14:0x80040c35 x31:0x00000000  x5=0xffffffff
     105105.000 ns	     10509	800022f0	e00d1353	fclass.s	x6,f26	 f26:0x7fc00000  x6=0x00000200
     105135.000 ns	     10512	800022f4	21a81953	fsgnjn.s	f18,f16,f26	 f16:0x44000000 f26:0x7fc00000 f18=0xc4000000
     105155.000 ns	     10514	800022f8	00d65db3	srl	x27,x12,x13	 x12:0x80040fe4 x13:0xa5848274 x27=0x00000800
     105165.000 ns	     10515	800022fc	004493b3	sll	x7,x9,x4	  x9:0x00000000  x4:0x80041024  x7=0x00000000
     105175.000 ns	     10516	80002300	b0b6ab17	auipc	x22,0xb0b6a	 x22=0x30b6c300
     105185.000 ns	     10517	80002304	78030813	addi	x16,x6,1920	  x6:0x00000200 x16=0x00000980
     105195.000 ns	     10518	80002308	f368b713	sltiu	x14,x17,-202	 x17:0x00000000 x14=0x00000001
     105215.000 ns	     10520	8000230c	d019fa53	fcvt.s.wu	f20,x19	 x19:0x00000000 f20=0x00000000
     105245.000 ns	     10523	80002310	a1e385d3	fle.s	x11,f7,f30	  f7:0x52c60022 f30:0x00000000 x11=0x00000000
     105265.000 ns	     10525	80002314	73eea813	slti	x16,x29,1854	 x29:0x00000000 x16=0x00000001
     105275.000 ns	     10526	80002318	543de893	ori	x17,x27,1347	 x27:0x00000800 x17=0x00000d43
     105285.000 ns	     10527	8000231c	6b412713	slti	x14,x2,1716	  x2:0x00000000 x14=0x00000001
     105295.000 ns	     10528	80002320	00ec9b33	sll	x22,x25,x14	 x25:0x00000000 x14:0x00000001 x22=0x00000000
     105315.000 ns	     10530	80002324	a16f1bd3	flt.s	x23,f30,f22	 f30:0x00000000 f22:0x00000000 x23=0x00000000
     105335.000 ns	     10532	80002328	00000013	addi	x0,x0,0	  x0:0x00000000
     105345.000 ns	     10533	8000232c	41f08333	sub	x6,x1,x31	  x1:0x00000001 x31:0x00000000  x6=0x00000001
     105355.000 ns	     10534	80002330	002e5033	srl	x0,x28,x2	 x28:0x00000007  x2:0x00000000
     105375.000 ns	     10536	80002334	201ea753	fsgnjx.s	f14,f29,f1	 f29:0x7fc00000  f1:0x7fc00000 f14=0x7fc00000
     105395.000 ns	     10538	80002338	130f3013	sltiu	x0,x30,304	 x30:0x00000000
     105405.000 ns	     10539	8000233c	00abe5b3	or	x11,x23,x10	 x23:0x00000000 x10:0xa5848274 x11=0xa5848274
     105445.000 ns	     10543	80002340	088dbbd3	fsub.s	f23,f27,f8	 f27:0x00000000  f8:0x7f800000 f23=0xff800000
     105465.000 ns	     10545	80002344	019af8b3	and	x17,x21,x25	 x21:0x00000001 x25:0x00000000 x17=0x00000000
     105485.000 ns	     10547	80002348	29469c53	fmax.s	f24,f13,f20	 f13:0x7fc00000 f20:0x00000000 f24=0x00000000
     105505.000 ns	     10549	8000234c	fc71a193	slti	x3,x3,-57	  x3:0x80040fe4  x3=0x00000001
     105535.000 ns	     10552	80002350	58052b53	fsqrt.s	f22,f10	 f10:0xd2c60022 f22=0x7fc00000
     105565.000 ns	     10555	80002354	a1e31153	flt.s	x2,f6,f30	  f6:0x7fc00000 f30:0x00000000  x2=0x00000000
     105595.000 ns	     10558	80002358	d0123c53	fcvt.s.wu	f24,x4	  x4:0x80041024 f24=0x4f000411
     105625.000 ns	     10561	8000235c	03303433	mulhu	x8,x0,x19	  x0:0x00000000 x19:0x00000000  x8=0x00000000
     105645.000 ns	     10563	80002360	01ab66b3	or	x13,x22,x26	 x22:0x00000000 x26:0x00000000 x13=0x00000000
     105665.000 ns	     10565	80002364	e00c1853	fclass.s	x16,f24	 f24:0x4f000411 x16=0x00000040
     105695.000 ns	     10568	80002368	29db0a53	fmin.s	f20,f22,f29	 f22:0x7fc00000 f29:0x7fc00000 f20=0x7fc00000
     105745.000 ns	     10573	8000236c	087b03d3	fsub.s	f7,f22,f7	 f22:0x7fc00000  f7:0x52c60022  f7=0x7fc00000
     105765.000 ns	     10575	80002370	00000013	addi	x0,x0,0	  x0:0x00000000
     105785.000 ns	     10577	80002374	f0058653	fmv.w.x	f12,x11	 x11:0xa5848274 f12=0xa5848274
     105815.000 ns	     10580	80002378	032afb33	remu	x22,x21,x18	 x21:0x00000001 x18:0x00000000 x22=0x00000001
     105835.000 ns	     10582	8000237c	00792133	slt	x2,x18,x7	 x18:0x00000000  x7:0x00000000  x2=0x00000000
     105855.000 ns	     10584	80002380	213e91d3	fsgnjn.s	f3,f29,f19	 f29:0x7fc00000 f19:0x7fc00000  f3=0xffc00000
     105875.000 ns	     10586	80002384	404c5513	srai	x10,x24,0x4	 x24:0x00000001 x10=0x00000000
     105885.000 ns	     10587	80002388	0028acb3	slt	x25,x17,x2	 x17:0x00000000  x2:0x00000000 x25=0x00000000
     105895.000 ns	     10588	8000238c	01a57db3	and	x27,x10,x26	 x10:0xa5848274 x26:0x00000000 x27=0x00000000
     105905.000 ns	     10589	80002390	00000013	addi	x0,x0,0	  x0:0x00000000
     105935.000 ns	     10592	80002394	1885a0d3	fdiv.s	f1,f11,f8	 f11:0xc2c00166  f8:0x7f800000  f1=0x80000000
     105955.000 ns	     10594	80002398	013961b3	or	x3,x18,x19	 x18:0x00000000 x19:0x00000000  x3=0x00000000
     105975.000 ns	     10596	8000239c	a0909953	flt.s	x18,f1,f9	  f1:0x80000000  f9:0x00000000 x18=0x00000000
     105995.000 ns	     10598	800023a0	4199d1b3	sra	x3,x19,x25	 x19:0x00000000 x25:0x00000000  x3=0x00000000
     106005.000 ns	     10599	800023a4	00122db3	slt	x27,x4,x1	  x4:0x80041024  x1:0x00000001 x27=0x00000001
     106015.000 ns	     10600	800023a8	0079a5b3	slt	x11,x19,x7	 x19:0x00000000  x7:0x00000000 x11=0x00000000
     106025.000 ns	     10601	800023ac	00963033	sltu	x0,x12,x9	 x12:0x80040fe4  x9:0x00000000
     106045.000 ns	     10603	800023b0	02639d33	mulh	x26,x7,x6	  x7:0x00000000  x6:0x00000001 x26=0x00000000
     106075.000 ns	     10606	800023b4	03229133	mulh	x2,x5,x18	  x5:0xffffffff x18:0x00000000  x2=0x00000000
     106095.000 ns	     10608	800023b8	00000013	addi	x0,x0,0	  x0:0x00000000
     106105.000 ns	     10609	800023bc	4037db13	srai	x22,x15,0x3	 x15:0x00000001 x22=0x00000000
     106125.000 ns	     10611	800023c0	e0059753	fclass.s	x14,f11	 f11:0xc2c00166 x14=0x00000002
     106165.000 ns	     10615	800023c4	10abfd53	fmul.s	f26,f23,f10	 f23:0xff800000 f10:0xd2c60022 f26=0x7f800000
     106185.000 ns	     10617	800023c8	016638b3	sltu	x17,x12,x22	 x12:0x80040fe4 x22:0x00000000 x17=0x00000000
     106225.000 ns	     10621	800023cc	09aefd53	fsub.s	f26,f29,f26	 f29:0x7fc00000 f26:0x7f800000 f26=0x7fc00000
     106255.000 ns	     10624	800023d0	c0197dd3	fcvt.wu.s	x27,f18	 f18:0xc4000000 x27=0x00000200
     106275.000 ns	     10626	800023d4	01e7b133	sltu	x2,x15,x30	 x15:0x00000001 x30:0x00000000  x2=0x00000000
     106285.000 ns	     10627	800023d8	01101293	slli	x5,x0,0x11	  x0:0x00000000  x5=0x00000000
     106295.000 ns	     10628	800023dc	015dd093	srli	x1,x27,0x15	 x27:0x00000200  x1=0x00000000
     106305.000 ns	     10629	800023e0	00321313	slli	x6,x4,0x3	  x4:0x80041024  x6=0x00208120
     106315.000 ns	     10630	800023e4	957d5337	lui	x6,0x957d5	  x6=0x957d5000
     106335.000 ns	     10632	800023e8	28139753	fmax.s	f14,f7,f1	  f7:0x7fc00000  f1:0x80000000 f14=0x80000000
     106355.000 ns	     10634	800023ec	193fb0b7	lui	x1,0x193fb	  x1=0x193fb000
     106375.000 ns	     10636	800023f0	03ef3eb3	mulhu	x29,x30,x30	 x30:0x00000000 x30:0x00000000 x29=0x00000000
     106415.000 ns	     10640	800023f4	190ff753	fdiv.s	f14,f31,f16	 f31:0x7fc00000 f16:0x44000000 f14=0x7fc00000
     106445.000 ns	     10643	800023f8	d00522d3	fcvt.s.w	f5,x10	 x10:0x00000000  f5=0x00000000
     106475.000 ns	     10646	800023fc	21de90d3	fsgnjn.s	f1,f29,f29	 f29:0x7fc00000 f29:0x7fc00000  f1=0xffc00000
     106505.000 ns	     10649	80002400	a1a1ad53	feq.s	x26,f3,f26	  f3:0xffc00000 f26:0x7fc00000 x26=0x00000000
     106555.000 ns	     10654	80002404	01134453	fadd.s	f8,f6,f17	  f6:0x7fc00000 f17:0x52c60022  f8=0x7fc00000
     106585.000 ns	     10657	80002408	c01e0fd3	fcvt.wu.s	x31,f28	 f28:0x7fc00000 x31=0xffffffff
     106615.000 ns	     10660	8000240c	a05f13d3	flt.s	x7,f30,f5	 f30:0x00000000  f5:0x00000000  x7=0x00000000
     106655.000 ns	     10664	80002410	1804b353	fdiv.s	f6,f9,f0	  f9:0x00000000  f0:0x00000000  f6=0x7fc00000
     106685.000 ns	     10667	80002414	03254433	div	x8,x10,x18	 x10:0x00000000 x18:0x00000000  x8=0xffffffff
     106715.000 ns	     10670	80002418	d0172d53	fcvt.s.wu	f26,x14	 x14:0x00000002 f26=0x40000000
     106735.000 ns	     10672	8000241c	d131ea13	ori	x20,x3,-749	  x3:0x00000000 x20=0xfffffd13
     106745.000 ns	     10673	80002420	f0292c13	slti	x24,x18,-254	 x18:0x00000000 x24=0x00000000
     106765.000 ns	     10675	80002424	a1c2aa53	feq.s	x20,f5,f28	  f5:0x00000000 f28:0x7fc00000 x20=0x00000000
     106795.000 ns	     10678	80002428	20151553	fsgnjn.s	f10,f10,f1	 f10:0xd2c60022  f1:0xffc00000 f10=0x52c60022
     106815.000 ns	     10680	8000242c	015e1793	slli	x15,x28,0x15	 x28:0x00000007 x15=0x00e00000
     106825.000 ns	     10681	80002430	40130c33	sub	x24,x6,x1	  x6:0x957d5000  x1:0x193fb000 x24=0x7c3da000
     106845.000 ns	     10683	80002434	a0039153	flt.s	x2,f7,f0	  f7:0x7fc00000  f0:0x00000000  x2=0x00000000
     106865.000 ns	     10685	80002438	412d56b3	sra	x13,x26,x18	 x26:0x00000000 x18:0x00000000 x13=0x00000000
     106875.000 ns	     10686	8000243c	004b7ab3	and	x21,x22,x4	 x22:0x00000000  x4:0x80041024 x21=0x00000000
     106915.000 ns	     10690	80002440	083904d3	fsub.s	f9,f18,f3	 f18:0xc4000000  f3:0xffc00000  f9=0x7fc00000
     106935.000 ns	     10692	80002444	01676933	or	x18,x14,x22	 x14:0x00000002 x22:0x00000000 x18=0x00000002
     106955.000 ns	     10694	80002448	e00a9153	fclass.s	x2,f21	 f21:0xffc00000  x2=0x00000200
     107325.000 ns	     10731	8000244c	028947b3	div	x15,x18,x8	 x18:0x00000000  x8:0xffffffff x15=0xfffffffe
     107345.000 ns	     10733	80002450	00000013	addi	x0,x0,0	  x0:0x00000000
     107365.000 ns	     10735	80002454	21418cd3	fsgnj.s	f25,f3,f20	  f3:0xffc00000 f20:0x7fc00000 f25=0x7fc00000
     107385.000 ns	     10737	80002458	9ed67393	andi	x7,x12,-1555	 x12:0x80040fe4  x7=0x800409e4
     107395.000 ns	     10738	8000245c	41048c33	sub	x24,x9,x16	  x9:0x00000000 x16:0x00000040 x24=0xffffffc0
     107405.000 ns	     10739	80002460	005fc333	xor	x6,x31,x5	 x31:0xffffffff  x5:0x00000000  x6=0xffffffff
     107415.000 ns	     10740	80002464	019cd293	srli	x5,x25,0x19	 x25:0x00000000  x5=0x00000000
     107435.000 ns	     10742	80002468	a0778ad3	fle.s	x21,f15,f7	 f15:0x00000000  f7:0x7fc00000 x21=0x00000000
     107465.000 ns	     10745	8000246c	029460b3	rem	x1,x8,x9	  x8:0xffffffff  x9:0x00000000  x1=0xffffffff
     107495.000 ns	     10748	80002470	291006d3	fmin.s	f13,f0,f17	  f0:0x00000000 f17:0x52c60022 f13=0x00000000
     107525.000 ns	     10751	80002474	a12999d3	flt.s	x19,f19,f18	 f19:0x7fc00000 f18:0xc4000000 x19=0x00000000
     107555.000 ns	     10754	80002478	02a60eb3	mul	x29,x12,x10	 x12:0x80040fe4 x10:0x00000000 x29=0x00000000
     107585.000 ns	     10757	8000247c	d00f3d53	fcvt.s.w	f26,x30	 x30:0x00000000 f26=0x00000000
     107605.000 ns	     10759	80002480	11668093	addi	x1,x13,278	 x13:0x00000000  x1=0x00000116
     107645.000 ns	     10763	80002484	09d77353	fsub.s	f6,f14,f29	 f14:0x7fc00000 f29:0x7fc00000  f6=0x7fc00000
     107675.000 ns	     10766	80002488	21ee8153	fsgnj.s	f2,f29,f30	 f29:0x7fc00000 f30:0x00000000  f2=0x7fc00000
     107695.000 ns	     10768	8000248c	0262f9b7	lui	x19,0x262f	 x19=0x0262f000
     107715.000 ns	     10770	80002490	023a16b3	mulh	x13,x20,x3	 x20:0x00000000  x3:0x00000000 x13=0x00000000
     107735.000 ns	     10772	80002494	0075f033	and	x0,x11,x7	 x11:0x00000000  x7:0x800409e4
     107745.000 ns	     10773	80002498	014944b3	xor	x9,x18,x20	 x18:0x00000002 x20:0x00000000  x9=0x00000002
     107755.000 ns	     10774	8000249c	c5d3e193	ori	x3,x7,-931	  x7:0x800409e4  x3=0xfffffdfd
     107775.000 ns	     10776	800024a0	c00ecb53	fcvt.w.s	x22,f29	 f29:0x7fc00000 x22=0x7fffffff
     107805.000 ns	     10779	800024a4	f0018353	fmv.w.x	f6,x3	  x3:0x00000000  f6=0xfffffdfd
     107825.000 ns	     10781	800024a8	18516317	auipc	x6,0x18516	  x6=0x985184a8
     107845.000 ns	     10783	800024ac	214dad53	fsgnjx.s	f26,f27,f20	 f27:0x00000000 f20:0x7fc00000 f26=0x00000000
     107875.000 ns	     10786	800024b0	a0282953	feq.s	x18,f16,f2	 f16:0x44000000  f2:0x7fc00000 x18=0x00000000
     107905.000 ns	     10789	800024b4	0200f433	remu	x8,x1,x0	  x1:0x00000116  x0:0x00000000  x8=0x00000116
     107925.000 ns	     10791	800024b8	4d07ef13	ori	x30,x15,1232	 x15:0xfffffffe x30=0xfffffffe
     107945.000 ns	     10793	800024bc	d006f8d3	fcvt.s.w	f17,x13	 x13:0x00000000 f17=0x00000000
     107965.000 ns	     10795	800024c0	00d114b3	sll	x9,x2,x13	  x2:0x00000200 x13:0x00000000  x9=0x00000200
     107975.000 ns	     10796	800024c4	00000013	addi	x0,x0,0	  x0:0x00000000
     107985.000 ns	     10797	800024c8	4fa1f513	andi	x10,x3,1274	  x3:0xfffffdfd x10=0x000004f8
     108005.000 ns	     10799	800024cc	02edbc33	mulhu	x24,x27,x14	 x27:0x00000200 x14:0x00000002 x24=0x00000000
     108035.000 ns	     10802	800024d0	215b09d3	fsgnj.s	f19,f22,f21	 f22:0x7fc00000 f21:0xffc00000 f19=0xffc00000
     108065.000 ns	     10805	800024d4	035c72b3	remu	x5,x24,x21	 x24:0x00000000 x21:0x00000000  x5=0x00000000
     108095.000 ns	     10808	800024d8	21d4a753	fsgnjx.s	f14,f9,f29	  f9:0x7fc00000 f29:0x7fc00000 f14=0x7fc00000
     108115.000 ns	     10810	800024dc	0bf73d37	lui	x26,0xbf73	 x26=0x0bf73000
     108135.000 ns	     10812	800024e0	c005c8d3	fcvt.w.s	x17,f11	 f11:0xc2c00166 x17=0xffffffa0
     108155.000 ns	     10814	800024e4	8cec2bb7	lui	x23,0x8cec2	 x23=0x8cec2000
     108175.000 ns	     10816	800024e8	0250b2b3	mulhu	x5,x1,x5	  x1:0x00000116  x5:0x00000000  x5=0x00000000
     108205.000 ns	     10819	800024ec	205925d3	fsgnjx.s	f11,f18,f5	 f18:0xc4000000  f5:0x00000000 f11=0xc4000000
     108225.000 ns	     10821	800024f0	01f4d293	srli	x5,x9,0x1f	  x9:0x00000200  x5=0x00000000
     108245.000 ns	     10823	800024f4	03baa1b3	mulhsu	x3,x21,x27	 x21:0x00000000 x27:0x00000200  x3=0x00000000
     108275.000 ns	     10826	800024f8	e00794d3	fclass.s	x9,f15	 f15:0x00000000  x9=0x00000010
     108305.000 ns	     10829	800024fc	02d26033	rem	x0,x4,x13	  x4:0x80041024 x13:0x00000000
     108325.000 ns	     10831	80002500	00412933	slt	x18,x2,x4	  x2:0x00000200  x4:0x80041024 x18=0x00000000
     108345.000 ns	     10833	80002504	f00385d3	fmv.w.x	f11,x7	  x7:0x800409e4 f11=0x800409e4
     108375.000 ns	     10836	80002508	a178a153	feq.s	x2,f17,f23	 f17:0x00000000 f23:0xff800000  x2=0x00000000
     108405.000 ns	     10839	8000250c	c00302d3	fcvt.w.s	x5,f6	  f6:0xfffffdfd  x5=0x7fffffff
     108435.000 ns	     10842	80002510	021f09b3	mul	x19,x30,x1	 x30:0xfffffffe  x1:0x00000116 x19=0xfffffdd4
     108475.000 ns	     10846	80002514	58030a53	fsqrt.s	f20,f6	  f6:0xfffffdfd f20=0x7fc00000
     108495.000 ns	     10848	80002518	bdade493	ori	x9,x27,-1062	 x27:0x00000200  x9=0xfffffbda
     108525.000 ns	     10851	8000251c	19fa9ad3	fdiv.s	f21,f21,f31	 f21:0xffc00000 f31:0x7fc00000 f21=0x7fc00000
     108545.000 ns	     10853	80002520	4bc9f413	andi	x8,x19,1212	 x19:0xfffffdd4  x8=0x00000494
     108565.000 ns	     10855	80002524	0342fa33	remu	x20,x5,x20	  x5:0x7fffffff x20:0x00000000 x20=0x7fffffff
     108595.000 ns	     10858	80002528	29f88053	fmin.s	f0,f17,f31	 f17:0x00000000 f31:0x7fc00000  f0=0x00000000
     108625.000 ns	     10861	8000252c	0302bc33	mulhu	x24,x5,x16	  x5:0x7fffffff x16:0x00000040 x24=0x0000001f
     108645.000 ns	     10863	80002530	014c40b3	xor	x1,x24,x20	 x24:0x00000000 x20:0x7fffffff  x1=0x7fffffe0
     108655.000 ns	     10864	80002534	aa8034b7	lui	x9,0xaa803	  x9=0xaa803000
     108665.000 ns	     10865	80002538	f94ac193	xori	x3,x21,-108	 x21:0x00000000  x3=0xffffff94
     108705.000 ns	     10869	8000253c	01123ad3	fadd.s	f21,f4,f17	  f4:0x78d7a002 f17:0x00000000 f21=0x78d7a002
     108725.000 ns	     10871	80002540	0028a0b3	slt	x1,x17,x2	 x17:0xffffffa0  x2:0x00000000  x1=0x00000001
     108745.000 ns	     10873	80002544	d01382d3	fcvt.s.wu	f5,x7	  x7:0x800409e4  f5=0x4f00040a
     108785.000 ns	     10877	80002548	58091353	fsqrt.s	f6,f18	 f18:0xc4000000  f6=0x7fc00000
     108825.000 ns	     10881	8000254c	18a08153	fdiv.s	f2,f1,f10	  f1:0xffc00000 f10:0x52c60022  f2=0x7fc00000
     108855.000 ns	     10884	80002550	e0089d53	fclass.s	x26,f17	 f17:0x00000000 x26=0x00000010
     108885.000 ns	     10887	80002554	c01a18d3	fcvt.wu.s	x17,f20	 f20:0x7fc00000 x17=0xffffffff
     108905.000 ns	     10889	80002558	41e0dcb3	sra	x25,x1,x30	  x1:0x00000001 x30:0xfffffffe x25=0x00000000
     108925.000 ns	     10891	8000255c	290996d3	fmax.s	f13,f19,f16	 f19:0xffc00000 f16:0x44000000 f13=0x44000000
     108945.000 ns	     10893	80002560	00873ab3	sltu	x21,x14,x8	 x14:0x00000002  x8:0x00000494 x21=0x00000001
     108975.000 ns	     10896	80002564	58017453	fsqrt.s	f8,f2	  f2:0x7fc00000  f8=0x7fc00000
     108995.000 ns	     10898	80002568	010a54b3	srl	x9,x20,x16	 x20:0x7fffffff x16:0x00000040  x9=0x7fffffff
     109005.000 ns	     10899	8000256c	71f38e93	addi	x29,x7,1823	  x7:0x800409e4 x29=0x80041103
     109015.000 ns	     10900	80002570	00000013	addi	x0,x0,0	  x0:0x00000000
     109035.000 ns	     10902	80002574	02e3aeb3	mulhsu	x29,x7,x14	  x7:0x800409e4 x14:0x00000002 x29=0xffffffff
     109065.000 ns	     10905	80002578	e0031053	fclass.s	x0,f6	  f6:0x7fc00000
     109085.000 ns	     10907	8000257c	015d5033	srl	x0,x26,x21	 x26:0x00000010 x21:0x00000001
     109115.000 ns	     10910	80002580	10d97853	fmul.s	f16,f18,f13	 f18:0xc4000000 f13:0x44000000 f16=0xc8800000
     109145.000 ns	     10913	80002584	037ca833	mulhsu	x16,x25,x23	 x25:0x00000000 x23:0x8cec2000 x16=0x00000000
     109165.000 ns	     10915	80002588	00000013	addi	x0,x0,0	  x0:0x00000000
     109205.000 ns	     10919	8000258c	00e77b53	fadd.s	f22,f14,f14	 f14:0x7fc00000 f14:0x7fc00000 f22=0x7fc00000
     109235.000 ns	     10922	80002590	028282b3	mul	x5,x5,x8	  x5:0x7fffffff  x8:0x00000494  x5=0xfffffb6c
     109265.000 ns	     10925	80002594	c01f7053	fcvt.wu.s	x0,f30	 f30:0x00000000
     109635.000 ns	     10962	80002598	021862b3	rem	x5,x16,x1	 x16:0x00000000  x1:0x00000001  x5=0x00000000
     110005.000 ns	     10999	8000259c	0283ffb3	remu	x31,x7,x8	  x7:0x800409e4  x8:0x00000494 x31=0x00000380
     110025.000 ns	     11001	800025a0	00eed7b3	srl	x15,x29,x14	 x29:0xffffffff x14:0x00000002 x15=0x3fffffff
     110035.000 ns	     11002	800025a4	aff6e437	lui	x8,0xaff6e	  x8=0xaff6e000
     110055.000 ns	     11004	800025a8	e00f1f53	fclass.s	x30,f30	 f30:0x00000000 x30=0x00000010
     110085.000 ns	     11007	800025ac	0398af33	mulhsu	x30,x17,x25	 x17:0xffffffff x25:0x00000000 x30=0x00000000
     110105.000 ns	     11009	800025b0	00369c33	sll	x24,x13,x3	 x13:0x00000000  x3:0xffffff94 x24=0x00000000
     110125.000 ns	     11011	800025b4	d013f053	fcvt.s.wu	f0,x7	  x7:0x800409e4  f0=0x4f000409
     110145.000 ns	     11013	800025b8	01451a13	slli	x20,x10,0x14	 x10:0x000004f8 x20=0x4f800000
     110185.000 ns	     11017	800025bc	099972d3	fsub.s	f5,f18,f25	 f18:0xc4000000 f25:0x7fc00000  f5=0x7fc00000
     110555.000 ns	     11054	800025c0	02c86333	rem	x6,x16,x12	 x16:0x00000000 x12:0x80040fe4  x6=0x00000000
     110595.000 ns	     11058	800025c4	18fcb953	fdiv.s	f18,f25,f15	 f25:0x7fc00000 f15:0x00000000 f18=0x7fc00000
     110625.000 ns	     11061	800025c8	214b9453	fsgnjn.s	f8,f23,f20	 f23:0xff800000 f20:0x7fc00000  f8=0xff800000
     110645.000 ns	     11063	800025cc	a289e993	ori	x19,x19,-1496	 x19:0xfffffdd4 x19=0xfffffffc
     110665.000 ns	     11065	800025d0	03cc88b3	mul	x17,x25,x28	 x25:0x00000000 x28:0x00000007 x17=0x00000000
     110695.000 ns	     11068	800025d4	e00f8d53	fmv.x.w	x26,f31	 f31:0x7fc00000 x26=0x7fc00000
     110715.000 ns	     11070	800025d8	241dfa13	andi	x20,x27,577	 x27:0x00000200 x20=0x00000200
     110735.000 ns	     11072	800025dc	e00b1cd3	fclass.s	x25,f22	 f22:0x7fc00000 x25=0x00000200
     110755.000 ns	     11074	800025e0	011baeb3	slt	x29,x23,x17	 x23:0x8cec2000 x17:0x00000000 x29=0x00000001
     111115.000 ns	     11110	800025e4	037853b3	divu	x7,x16,x23	 x16:0x00000000 x23:0x8cec2000  x7=0x00000000
     111135.000 ns	     11112	800025e8	01241f93	slli	x31,x8,0x12	  x8:0xaff6e000 x31=0x80000000
     111145.000 ns	     11113	800025ec	9da42493	slti	x9,x8,-1574	  x8:0xaff6e000  x9=0x00000001
     111155.000 ns	     11114	800025f0	40fb0033	sub	x0,x22,x15	 x22:0x7fffffff x15:0x3fffffff
     111175.000 ns	     11116	800025f4	20e61ed3	fsgnjn.s	f29,f12,f14	 f12:0xa5848274 f14:0x7fc00000 f29=0xa5848274
     111195.000 ns	     11118	800025f8	b21b8c13	addi	x24,x23,-1247	 x23:0x8cec2000 x24=0x8cec1b21
     111215.000 ns	     11120	800025fc	d019fa53	fcvt.s.wu	f20,x19	 x19:0xfffffffc f20=0x4f7fffff
     111235.000 ns	     11122	80002600	001d43b3	xor	x7,x26,x1	 x26:0x7fc00000  x1:0x00000001  x7=0x7fc00001
     111245.000 ns	     11123	80002604	01c45d93	srli	x27,x8,0x1c	  x8:0xaff6e000 x27=0x0000000a
     111265.000 ns	     11125	80002608	212a1153	fsgnjn.s	f2,f20,f18	 f20:0x4f7fffff f18:0x7fc00000  f2=0xcf7fffff
     111285.000 ns	     11127	8000260c	db5a0d13	addi	x26,x20,-587	 x20:0x00000200 x26=0xffffffb5
     111305.000 ns	     11129	80002610	a03214d3	flt.s	x9,f4,f3	  f4:0x78d7a002  f3:0xffc00000  x9=0x00000000
     111675.000 ns	     11166	80002614	028ee6b3	rem	x13,x29,x8	 x29:0x00000001  x8:0xaff6e000 x13=0x00000001
     111705.000 ns	     11169	80002618	020a3533	mulhu	x10,x20,x0	 x20:0x00000200  x0:0x00000000 x10=0x00000000
     111735.000 ns	     11172	8000261c	02cb3433	mulhu	x8,x22,x12	 x22:0x7fffffff x12:0x80040fe4  x8=0x400207f1
     111765.000 ns	     11175	80002620	f00a8ad3	fmv.w.x	f21,x21	 x21:0x00000001 f21=0x00000001
     111795.000 ns	     11178	80002624	d00efc53	fcvt.s.w	f24,x29	 x29:0x00000001 f24=0x3f800000
     111815.000 ns	     11180	80002628	0084a733	slt	x14,x9,x8	  x9:0x00000000  x8:0x400207f1 x14=0x00000001
     111835.000 ns	     11182	8000262c	d0141953	fcvt.s.wu	f18,x8	  x8:0x400207f1 f18=0x4e80040f
     111855.000 ns	     11184	80002630	40610433	sub	x8,x2,x6	  x2:0x00000000  x6:0x00000000  x8=0x00000000
     111865.000 ns	     11185	80002634	0185d2b3	srl	x5,x11,x24	 x11:0x00000000 x24:0x8cec1b21  x5=0x00000000
     111885.000 ns	     11187	80002638	a10f07d3	fle.s	x15,f30,f16	 f30:0x00000000 f16:0xc8800000 x15=0x00000000
     111915.000 ns	     11190	8000263c	29e70b53	fmin.s	f22,f14,f30	 f14:0x7fc00000 f30:0x00000000 f22=0x00000000
     111965.000 ns	     11195	80002640	01e018d3	fadd.s	f17,f0,f30	  f0:0x4f000409 f30:0x00000000 f17=0x4f000409
     111995.000 ns	     11198	80002644	21ac0253	fsgnj.s	f4,f24,f26	 f24:0x3f800000 f26:0x00000000  f4=0x3f800000
     112045.000 ns	     11203	80002648	01d5f4d3	fadd.s	f9,f11,f29	 f11:0x800409e4 f29:0xa5848274  f9=0xa5848274
     112065.000 ns	     11205	8000264c	c3fc36b7	lui	x13,0xc3fc3	 x13=0xc3fc3000
     112095.000 ns	     11208	80002650	18d384d3	fdiv.s	f9,f7,f13	  f7:0x7fc00000 f13:0x44000000  f9=0x7fc00000
     112115.000 ns	     11210	80002654	00eacf33	xor	x30,x21,x14	 x21:0x00000001 x14:0x00000001 x30=0x00000000
     112135.000 ns	     11212	80002658	218e0353	fsgnj.s	f6,f28,f24	 f28:0x7fc00000 f24:0x3f800000  f6=0x7fc00000
     112155.000 ns	     11214	8000265c	017cc4b3	xor	x9,x25,x23	 x25:0x00000200 x23:0x8cec2000  x9=0x8cec2200
     112175.000 ns	     11216	80002660	a0eaa453	feq.s	x8,f21,f14	 f21:0x00000001 f14:0x7fc00000  x8=0x00000000
     112195.000 ns	     11218	80002664	4060d7b3	sra	x15,x1,x6	  x1:0x00000001  x6:0x00000000 x15=0x00000001
     112205.000 ns	     11219	80002668	00000013	addi	x0,x0,0	  x0:0x00000000
     112225.000 ns	     11221	8000266c	02b67933	remu	x18,x12,x11	 x12:0x80040fe4 x11:0x00000000 x18=0x80040fe4
     112255.000 ns	     11224	80002670	205983d3	fsgnj.s	f7,f19,f5	 f19:0xffc00000  f5:0x7fc00000  f7=0x7fc00000
     112285.000 ns	     11227	80002674	a1288453	fle.s	x8,f17,f18	 f17:0x4f000409 f18:0x4e80040f  x8=0x00000000
     112305.000 ns	     11229	80002678	c78185b7	lui	x11,0xc7818	 x11=0xc7818000
     112325.000 ns	     11231	8000267c	d01d8453	fcvt.s.wu	f8,x27	 x27:0x0000000a  f8=0x41200000
     112345.000 ns	     11233	80002680	454f8593	addi	x11,x31,1108	 x31:0x80000000 x11=0x80000454
     112355.000 ns	     11234	80002684	01b96533	or	x10,x18,x27	 x18:0x80040fe4 x27:0x0000000a x10=0x80040fee
     112715.000 ns	     11270	80002688	02484133	div	x2,x16,x4	 x16:0x00000000  x4:0x80041024  x2=0x00000000
     112735.000 ns	     11272	8000268c	c5d35fb7	lui	x31,0xc5d35	 x31=0xc5d35000
     112755.000 ns	     11274	80002690	20581f53	fsgnjn.s	f30,f16,f5	 f16:0xc8800000  f5:0x7fc00000 f30=0xc8800000
     112775.000 ns	     11276	80002694	40388933	sub	x18,x17,x3	 x17:0x00000000  x3:0xffffff94 x18=0x0000006c
     112785.000 ns	     11277	80002698	016b9293	slli	x5,x23,0x16	 x23:0x8cec2000  x5=0x00000000
     112825.000 ns	     11281	8000269c	08b577d3	fsub.s	f15,f10,f11	 f10:0x52c60022 f11:0x800409e4 f15=0x52c60022
     112855.000 ns	     11284	800026a0	03a93db3	mulhu	x27,x18,x26	 x18:0x0000006c x26:0xffffffb5 x27=0x0000006b
     112885.000 ns	     11287	800026a4	a0f9aed3	feq.s	x29,f19,f15	 f19:0xffc00000 f15:0x52c60022 x29=0x00000000
     112915.000 ns	     11290	800026a8	03d2bdb3	mulhu	x27,x5,x29	  x5:0x00000000 x29:0x00000001 x27=0x00000000
     112955.000 ns	     11294	800026ac	580f96d3	fsqrt.s	f13,f31	 f31:0x7fc00000 f13=0x7fc00000
     112985.000 ns	     11297	800026b0	a0cc8ed3	fle.s	x29,f25,f12	 f25:0x7fc00000 f12:0xa5848274 x29=0x00000000
     113015.000 ns	     11300	800026b4	03ba95b3	mulh	x11,x21,x27	 x21:0x00000001 x27:0x00000000 x11=0x00000000
     113035.000 ns	     11302	800026b8	760b0793	addi	x15,x22,1888	 x22:0x7fffffff x15=0x8000075f
     113055.000 ns	     11304	800026bc	d00223d3	fcvt.s.w	f7,x4	  x4:0x80041024  f7=0xcefff7e0
     113085.000 ns	     11307	800026c0	a0ad22d3	feq.s	x5,f26,f10	 f26:0x00000000 f10:0x52c60022  x5=0x00000000
     113115.000 ns	     11310	800026c4	d0037853	fcvt.s.w	f16,x6	  x6:0x00000000 f16=0x00000000
     113145.000 ns	     11313	800026c8	d0188853	fcvt.s.wu	f16,x17	 x17:0x00000000 f16=0x00000000
     113175.000 ns	     11316	800026cc	f0040fd3	fmv.w.x	f31,x8	  x8:0x00000000 f31=0x00000000
     113195.000 ns	     11318	800026d0	f4992093	slti	x1,x18,-183	 x18:0x0000006c  x1=0x00000000
     113215.000 ns	     11320	800026d4	d01f7553	fcvt.s.wu	f10,x30	 x30:0x00000000 f10=0x00000000
     113235.000 ns	     11322	800026d8	01bbf4b3	and	x9,x23,x27	 x23:0x8cec2000 x27:0x00000000  x9=0x00000000
     113255.000 ns	     11324	800026dc	d01939d3	fcvt.s.wu	f19,x18	 x18:0x0000006c f19=0x42d80000
     113275.000 ns	     11326	800026e0	42a0c113	xori	x2,x1,1066	  x1:0x00000000  x2=0x0000042a
     113285.000 ns	     11327	800026e4	688ee297	auipc	x5,0x688ee	  x5=0xe88f06e4
     113305.000 ns	     11329	800026e8	c01e1553	fcvt.wu.s	x10,f28	 f28:0x7fc00000 x10=0xffffffff
     113355.000 ns	     11334	800026ec	093ff4d3	fsub.s	f9,f31,f19	 f31:0x00000000 f19:0x42d80000  f9=0xc2d80000
     113375.000 ns	     11336	800026f0	01c76933	or	x18,x14,x28	 x14:0x00000001 x28:0x00000007 x18=0x00000007
     113735.000 ns	     11372	800026f4	0346e6b3	rem	x13,x13,x20	 x13:0xc3fc3000 x20:0x00000200 x13=0x00000000
     113785.000 ns	     11377	800026f8	00f3bcd3	fadd.s	f25,f7,f15	  f7:0xcefff7e0 f15:0x52c60022 f25=0x52c5002b
     113825.000 ns	     11381	800026fc	10fc76d3	fmul.s	f13,f24,f15	 f24:0x3f800000 f15:0x52c60022 f13=0x52c60022
     113865.000 ns	     11385	80002700	580281d3	fsqrt.s	f3,f5	  f5:0x7fc00000  f3=0x7fc00000
     113895.000 ns	     11388	80002704	c005ffd3	fcvt.w.s	x31,f11	 f11:0x800409e4 x31=0x00000000
     113945.000 ns	     11393	80002708	08838953	fsub.s	f18,f7,f8	  f7:0xcefff7e0  f8:0x41200000 f18=0xcefff7e0
     113975.000 ns	     11396	8000270c	a027a2d3	feq.s	x5,f15,f2	 f15:0x52c60022  f2:0xcf7fffff  x5=0x00000000
     114005.000 ns	     11399	80002710	e0029d53	fclass.s	x26,f5	  f5:0x7fc00000 x26=0x00000200
     114035.000 ns	     11402	80002714	29499b53	fmax.s	f22,f19,f20	 f19:0x42d80000 f20:0x4f7fffff f22=0x4f7fffff
     114055.000 ns	     11404	80002718	69543593	sltiu	x11,x8,1685	  x8:0x00000000 x11=0x00000001
     114075.000 ns	     11406	8000271c	e0068953	fmv.x.w	x18,f13	 f13:0x52c60022 x18=0x52c60022
     114105.000 ns	     11409	80002720	c00177d3	fcvt.w.s	x15,f2	  f2:0xcf7fffff x15=0x80000000
     114135.000 ns	     11412	80002724	a0c5a1d3	feq.s	x3,f11,f12	 f11:0x800409e4 f12:0xa5848274  x3=0x00000000
     114155.000 ns	     11414	80002728	01fe1eb3	sll	x29,x28,x31	 x28:0x00000007 x31:0x00000000 x29=0x00000007
     114175.000 ns	     11416	8000272c	02479cb3	mulh	x25,x15,x4	 x15:0x80000000  x4:0x80041024 x25=0x3ffdf7ee
     114205.000 ns	     11419	80002730	a0b797d3	flt.s	x15,f15,f11	 f15:0x52c60022 f11:0x800409e4 x15=0x00000000
     114225.000 ns	     11421	80002734	01d1c333	xor	x6,x3,x29	  x3:0x00000000 x29:0x00000007  x6=0x00000007
     114235.000 ns	     11422	80002738	50ea8093	addi	x1,x21,1294	 x21:0x00000001  x1=0x0000050f
     114245.000 ns	     11423	8000273c	dcd83413	sltiu	x8,x16,-563	 x16:0x00000000  x8=0x00000001
     114255.000 ns	     11424	80002740	3e704293	xori	x5,x0,999	  x0:0x00000000  x5=0x000003e7
     114615.000 ns	     11460	80002744	0343c933	div	x18,x7,x20	  x7:0x7fc00001 x20:0x00000200 x18=0x003fe000
     114635.000 ns	     11462	80002748	71fb7393	andi	x7,x22,1823	 x22:0x7fffffff  x7=0x0000071f
     114645.000 ns	     11463	8000274c	dbd2c793	xori	x15,x5,-579	  x5:0x000003e7 x15=0xfffffe5a
     114655.000 ns	     11464	80002750	056bc313	xori	x6,x23,86	 x23:0x8cec2000  x6=0x8cec2056
     114985.000 ns	     11497	80002754	18cb4a53	fdiv.s	f20,f22,f12	 f22:0x4f7fffff f12:0xa5848274 f20=0xe934b4b5
     115015.000 ns	     11500	80002758	c00fb553	fcvt.w.s	x10,f31	 f31:0x00000000 x10=0x00000000
     115055.000 ns	     11504	8000275c	5800fed3	fsqrt.s	f29,f1	  f1:0xffc00000 f29=0x7fc00000
     115075.000 ns	     11506	80002760	41ce5db3	sra	x27,x28,x28	 x28:0x00000007 x28:0x00000007 x27=0x00000000
     115095.000 ns	     11508	80002764	02a1ab33	mulhsu	x22,x3,x10	  x3:0x00000000 x10:0x00000000 x22=0x00000000
     116195.000 ns	     11618	80002768	5807bdd3	fsqrt.s	f27,f15	 f15:0x52c60022 f27=0x491f32ba
     116215.000 ns	     11620	8000276c	01900d33	add	x26,x0,x25	  x0:0x00000000 x25:0x3ffdf7ee x26=0x3ffdf7ee
     116225.000 ns	     11621	80002770	fac24e93	xori	x29,x4,-84	  x4:0x80041024 x29=0x7ffbef88
     116235.000 ns	     11622	80002774	001255b3	srl	x11,x4,x1	  x4:0x80041024  x1:0x0000050f x11=0x00010008
     116245.000 ns	     11623	80002778	00000013	addi	x0,x0,0	  x0:0x00000000
     116255.000 ns	     11624	8000277c	01a01193	slli	x3,x0,0x1a	  x0:0x00000000  x3=0x00000000
     116275.000 ns	     11626	80002780	201ba153	fsgnjx.s	f2,f23,f1	 f23:0xff800000  f1:0xffc00000  f2=0x7f800000
     116305.000 ns	     11629	80002784	d0089d53	fcvt.s.w	f26,x17	 x17:0x00000000 f26=0x00000000
     116325.000 ns	     11631	80002788	016d13b3	sll	x7,x26,x22	 x26:0x3ffdf7ee x22:0x00000000  x7=0x3ffdf7ee
     116345.000 ns	     11633	8000278c	d01a89d3	fcvt.s.wu	f19,x21	 x21:0x00000001 f19=0x3f800000
     116365.000 ns	     11635	80002790	13d93c97	auipc	x25,0x13d93	 x25=0x93d95790
     116395.000 ns	     11638	80002794	58077bd3	fsqrt.s	f23,f14	 f14:0x7fc00000 f23=0x7fc00000
     116765.000 ns	     11675	80002798	03dfccb3	div	x25,x31,x29	 x31:0x00000000 x29:0x7ffbef88 x25=0x00000000
     116785.000 ns	     11677	8000279c	00f89693	slli	x13,x17,0xf	 x17:0x00000000 x13=0x00000000
     116795.000 ns	     11678	800027a0	01ccc433	xor	x8,x25,x28	 x25:0x00000000 x28:0x00000007  x8=0x00000007
     116805.000 ns	     11679	800027a4	2bf0ef93	ori	x31,x1,703	  x1:0x0000050f x31=0x000007bf
     116815.000 ns	     11680	800027a8	d9cc8993	addi	x19,x25,-612	 x25:0x00000000 x19=0xfffffd9c
     116835.000 ns	     11682	800027ac	021d8933	mul	x18,x27,x1	 x27:0x00000000  x1:0x0000050f x18=0x00000000
     116885.000 ns	     11687	800027b0	002214d3	fadd.s	f9,f4,f2	  f4:0x3f800000  f2:0x7f800000  f9=0x7f800000
     116905.000 ns	     11689	800027b4	872b6f37	lui	x30,0x872b6	 x30=0x872b6000
     116915.000 ns	     11690	800027b8	01464733	xor	x14,x12,x20	 x12:0x80040fe4 x20:0x00000200 x14=0x80040de4
     116935.000 ns	     11692	800027bc	036b1ab3	mulh	x21,x22,x22	 x22:0x00000000 x22:0x00000000 x21=0x00000000
     116965.000 ns	     11695	800027c0	03449d33	mulh	x26,x9,x20	  x9:0x00000000 x20:0x00000200 x26=0x00000000
     116995.000 ns	     11698	800027c4	a1f393d3	flt.s	x7,f7,f31	  f7:0xcefff7e0 f31:0x00000000  x7=0x00000001
     117015.000 ns	     11700	800027c8	b1b9f813	andi	x16,x19,-1253	 x19:0xfffffd9c x16=0xfffff918
     117035.000 ns	     11702	800027cc	29808a53	fmin.s	f20,f1,f24	  f1:0xffc00000 f24:0x3f800000 f20=0x3f800000
     117055.000 ns	     11704	800027d0	00000013	addi	x0,x0,0	  x0:0x00000000
     117075.000 ns	     11706	800027d4	c01a7153	fcvt.wu.s	x2,f20	 f20:0x3f800000  x2=0x00000001
     117115.000 ns	     11710	800027d8	1834f553	fdiv.s	f10,f9,f3	  f9:0x7f800000  f3:0x7fc00000 f10=0x7fc00000
     117135.000 ns	     11712	800027dc	1e4caa13	slti	x20,x25,484	 x25:0x00000000 x20=0x00000001
     117145.000 ns	     11713	800027e0	0088d293	srli	x5,x17,0x8	 x17:0x00000000  x5=0x00000000
     117505.000 ns	     11749	800027e4	03c2dd33	divu	x26,x5,x28	  x5:0x000003e7 x28:0x00000007 x26=0x00000000
     117535.000 ns	     11752	800027e8	28110ed3	fmin.s	f29,f2,f1	  f2:0x7f800000  f1:0xffc00000 f29=0x7f800000
     117565.000 ns	     11755	800027ec	e0018ad3	fmv.x.w	x21,f3	  f3:0x7fc00000 x21=0x7fc00000
     117595.000 ns	     11758	800027f0	a0991553	flt.s	x10,f18,f9	 f18:0xcefff7e0  f9:0x7f800000 x10=0x00000001
     117615.000 ns	     11760	800027f4	00d642b3	xor	x5,x12,x13	 x12:0x80040fe4 x13:0x00000000  x5=0x80040fe4
     117635.000 ns	     11762	800027f8	039b8fb3	mul	x31,x23,x25	 x23:0x8cec2000 x25:0x00000000 x31=0x00000000
     117655.000 ns	     11764	800027fc	40ca54b3	sra	x9,x20,x12	 x20:0x00000001 x12:0x80040fe4  x9=0x00000000
     117665.000 ns	     11765	80002800	00000013	addi	x0,x0,0	  x0:0x00000000
     117685.000 ns	     11767	80002804	21919653	fsgnjn.s	f12,f3,f25	  f3:0x7fc00000 f25:0x52c5002b f12=0xffc00000
     117715.000 ns	     11770	80002808	02831a33	mulh	x20,x6,x8	  x6:0x8cec2056  x8:0x00000007 x20=0xfffffffc
     117735.000 ns	     11772	8000280c	167b2c13	slti	x24,x22,359	 x22:0x00000000 x24=0x00000001
     117755.000 ns	     11774	80002810	28c79253	fmax.s	f4,f15,f12	 f15:0x52c60022 f12:0xffc00000  f4=0x52c60022
     117775.000 ns	     11776	80002814	00690c33	add	x24,x18,x6	 x18:0x00000000  x6:0x8cec2056 x24=0x8cec2056
     117785.000 ns	     11777	80002818	00000013	addi	x0,x0,0	  x0:0x00000000
     117805.000 ns	     11779	8000281c	f0050dd3	fmv.w.x	f27,x10	 x10:0x00000001 f27=0x00000001
     117825.000 ns	     11781	80002820	fac6b113	sltiu	x2,x13,-84	 x13:0x00000000  x2=0x00000001
     117835.000 ns	     11782	80002824	015cfa33	and	x20,x25,x21	 x25:0x00000000 x21:0x7fc00000 x20=0x00000000
     117845.000 ns	     11783	80002828	00e8fab3	and	x21,x17,x14	 x17:0x00000000 x14:0x80040de4 x21=0x00000000
     117865.000 ns	     11785	8000282c	297c0e53	fmin.s	f28,f24,f23	 f24:0x3f800000 f23:0x7fc00000 f28=0x3f800000
     117895.000 ns	     11788	80002830	02bb09b3	mul	x19,x22,x11	 x22:0x00000000 x11:0x00010008 x19=0x00000000
     117915.000 ns	     11790	80002834	5a368713	addi	x14,x13,1443	 x13:0x00000000 x14=0x000005a3
     117925.000 ns	     11791	80002838	f1987db7	lui	x27,0xf1987	 x27=0xf1987000
     117945.000 ns	     11793	8000283c	a05f81d3	fle.s	x3,f31,f5	 f31:0x00000000  f5:0x7fc00000  x3=0x00000000
     117975.000 ns	     11796	80002840	03b12733	mulhsu	x14,x2,x27	  x2:0x00000001 x27:0x00000000 x14=0x00000000
     118025.000 ns	     11801	80002844	00e9f5d3	fadd.s	f11,f19,f14	 f19:0x3f800000 f14:0x7fc00000 f11=0x7fc00000
     118055.000 ns	     11804	80002848	286588d3	fmin.s	f17,f11,f6	 f11:0x800409e4  f6:0x7fc00000 f17=0x7fc00000
     118085.000 ns	     11807	8000284c	02d66eb3	rem	x29,x12,x13	 x12:0x80040fe4 x13:0x00000000 x29=0x80040fe4
     118115.000 ns	     11810	80002850	03c097b3	mulh	x15,x1,x28	  x1:0x0000050f x28:0x00000007 x15=0x00000000
     118155.000 ns	     11814	80002854	19d172d3	fdiv.s	f5,f2,f29	  f2:0x7f800000 f29:0x7f800000  f5=0x7fc00000
     118195.000 ns	     11818	80002858	1898aad3	fdiv.s	f21,f17,f9	 f17:0x7fc00000  f9:0x7f800000 f21=0x7fc00000
     118215.000 ns	     11820	8000285c	01992c33	slt	x24,x18,x25	 x18:0x00000000 x25:0x00000000 x24=0x00000000
     118225.000 ns	     11821	80002860	4167ddb3	sra	x27,x15,x22	 x15:0x00000000 x22:0x00000000 x27=0x00000000
     118245.000 ns	     11823	80002864	d004f9d3	fcvt.s.w	f19,x9	  x9:0x00000000 f19=0x00000000
     118265.000 ns	     11825	80002868	766bd2b7	lui	x5,0x766bd	  x5=0x766bd000
     118285.000 ns	     11827	8000286c	215a98d3	fsgnjn.s	f17,f21,f21	 f21:0x7fc00000 f21:0x7fc00000 f17=0xffc00000
     118325.000 ns	     11831	80002870	58029753	fsqrt.s	f14,f5	  f5:0x7fc00000 f14=0x7fc00000
     118355.000 ns	     11834	80002874	c00bf9d3	fcvt.w.s	x19,f23	 f23:0x7fc00000 x19=0x7fffffff
     118385.000 ns	     11837	80002878	0297c533	div	x10,x15,x9	 x15:0x00000000  x9:0x00000000 x10=0xffffffff
     118415.000 ns	     11840	8000287c	03a343b3	div	x7,x6,x26	  x6:0x8cec2056 x26:0x00000000  x7=0xffffffff
     118435.000 ns	     11842	80002880	b4e2b493	sltiu	x9,x5,-1202	  x5:0x766bd000  x9=0x00000001
     118455.000 ns	     11844	80002884	c003fb53	fcvt.w.s	x22,f7	  f7:0xcefff7e0 x22=0x7ffbf000
     118475.000 ns	     11846	80002888	00000013	addi	x0,x0,0	  x0:0x00000000
     118495.000 ns	     11848	8000288c	03950533	mul	x10,x10,x25	 x10:0xffffffff x25:0x00000000 x10=0x00000000
     118515.000 ns	     11850	80002890	ae890a13	addi	x20,x18,-1304	 x18:0x00000000 x20=0xfffffae8
     118535.000 ns	     11852	80002894	03ff6033	rem	x0,x30,x31	 x30:0x872b6000 x31:0x00000000
     118565.000 ns	     11855	80002898	03748bb3	mul	x23,x9,x23	  x9:0x00000001 x23:0x8cec2000 x23=0x8cec2000
     118595.000 ns	     11858	8000289c	29249753	fmax.s	f14,f9,f18	  f9:0x7f800000 f18:0xcefff7e0 f14=0x7f800000
     118615.000 ns	     11860	800028a0	40dcd9b3	sra	x19,x25,x13	 x25:0x00000000 x13:0x00000000 x19=0x00000000
     118635.000 ns	     11862	800028a4	a0bd17d3	flt.s	x15,f26,f11	 f26:0x00000000 f11:0x7fc00000 x15=0x00000000
     118685.000 ns	     11867	800028a8	01eaf3d3	fadd.s	f7,f21,f30	 f21:0x7fc00000 f30:0xc8800000  f7=0x7fc00000
     118705.000 ns	     11869	800028ac	014532b3	sltu	x5,x10,x20	 x10:0x00000000 x20:0xfffffae8  x5=0x00000001
     118715.000 ns	     11870	800028b0	00000013	addi	x0,x0,0	  x0:0x00000000
     118725.000 ns	     11871	800028b4	00318033	add	x0,x3,x3	  x3:0x00000000  x3:0x00000000
     118735.000 ns	     11872	800028b8	016c1a93	slli	x21,x24,0x16	 x24:0x00000000 x21=0x00000000
     118745.000 ns	     11873	800028bc	00dee7b3	or	x15,x29,x13	 x29:0x80040fe4 x13:0x00000000 x15=0x80040fe4
     118765.000 ns	     11875	800028c0	c0174753	fcvt.wu.s	x14,f14	 f14:0x7f800000 x14=0xffffffff
     118785.000 ns	     11877	800028c4	01a54033	xor	x0,x10,x26	 x10:0x00000000 x26:0x00000000
     118805.000 ns	     11879	800028c8	03f4d033	divu	x0,x9,x31	  x9:0x00000001 x31:0x00000000
     118825.000 ns	     11881	800028cc	00a43c33	sltu	x24,x8,x10	  x8:0x00000007 x10:0x00000000 x24=0x00000000
     118835.000 ns	     11882	800028d0	0129a9b3	slt	x19,x19,x18	 x19:0x00000000 x18:0x00000000 x19=0x00000000
     118855.000 ns	     11884	800028d4	a1a783d3	fle.s	x7,f15,f26	 f15:0x52c60022 f26:0x00000000  x7=0x00000000
     118885.000 ns	     11887	800028d8	035dd3b3	divu	x7,x27,x21	 x27:0x00000000 x21:0x00000000  x7=0xffffffff
     118915.000 ns	     11890	800028dc	d006f3d3	fcvt.s.w	f7,x13	 x13:0x00000000  f7=0x00000000
     118945.000 ns	     11893	800028e0	03eb9a33	mulh	x20,x23,x30	 x23:0x8cec2000 x30:0x872b6000 x20=0x3650e561
     118965.000 ns	     11895	800028e4	41e15113	srai	x2,x2,0x1e	  x2:0x00000001  x2=0x00000000
     118975.000 ns	     11896	800028e8	00b379b3	and	x19,x6,x11	  x6:0x8cec2056 x11:0x00010008 x19=0x00000000
     118995.000 ns	     11898	800028ec	a0d5a3d3	feq.s	x7,f11,f13	 f11:0x7fc00000 f13:0x52c60022  x7=0x00000000
     119025.000 ns	     11901	800028f0	03918ab3	mul	x21,x3,x25	  x3:0x00000000 x25:0x00000000 x21=0x00000000
     119055.000 ns	     11904	800028f4	29320553	fmin.s	f10,f4,f19	  f4:0x52c60022 f19:0x00000000 f10=0x00000000
     119075.000 ns	     11906	800028f8	af563413	sltiu	x8,x12,-1291	 x12:0x80040fe4  x8=0x00000001
     119095.000 ns	     11908	800028fc	039af033	remu	x0,x21,x25	 x21:0x00000000 x25:0x00000000
     119115.000 ns	     11910	80002900	c8347117	auipc	x2,0xc8347	  x2=0x48349900
     119125.000 ns	     11911	80002904	00000013	addi	x0,x0,0	  x0:0x00000000
     119135.000 ns	     11912	80002908	146c3793	sltiu	x15,x24,326	 x24:0x00000000 x15=0x00000001
     119155.000 ns	     11914	8000290c	d013b0d3	fcvt.s.wu	f1,x7	  x7:0x00000000  f1=0x00000000
     119175.000 ns	     11916	80002910	06bb3e93	sltiu	x29,x22,107	 x22:0x7ffbf000 x29=0x00000000
     119185.000 ns	     11917	80002914	299e4c93	xori	x25,x28,665	 x28:0x00000007 x25=0x0000029e
     119195.000 ns	     11918	80002918	21756c13	ori	x24,x10,535	 x10:0x00000000 x24=0x00000217
     119205.000 ns	     11919	8000291c	00bd56b3	srl	x13,x26,x11	 x26:0x00000000 x11:0x00010008 x13=0x00000000
     119565.000 ns	     11955	80002920	022263b3	rem	x7,x4,x2	  x4:0x80041024  x2:0x48349900  x7=0xc838a924
     119585.000 ns	     11957	80002924	00641933	sll	x18,x8,x6	  x8:0x00000001  x6:0x8cec2056 x18=0x00400000
     119595.000 ns	     11958	80002928	edfa9697	auipc	x13,0xedfa9	 x13=0x6dfab928
     119615.000 ns	     11960	8000292c	20e99ed3	fsgnjn.s	f29,f19,f14	 f19:0x00000000 f14:0x7f800000 f29=0x80000000
     119635.000 ns	     11962	80002930	7c837c37	lui	x24,0x7c837	 x24=0x7c837000
     119995.000 ns	     11998	80002934	0376f333	remu	x6,x13,x23	 x13:0x6dfab928 x23:0x8cec2000  x6=0x6dfab928
     120365.000 ns	     12035	80002938	029f65b3	rem	x11,x30,x9	 x30:0x872b6000  x9:0x00000001 x11=0x00000000
     120395.000 ns	     12038	8000293c	02fb1933	mulh	x18,x22,x15	 x22:0x7ffbf000 x15:0x00000001 x18=0x00000000
     120415.000 ns	     12040	80002940	d371a997	auipc	x19,0xd371a	 x19=0x5371c940
     120425.000 ns	     12041	80002944	00441db3	sll	x27,x8,x4	  x8:0x00000001  x4:0x80041024 x27=0x00000010
     120435.000 ns	     12042	80002948	40ca04b3	sub	x9,x20,x12	 x20:0x3650e561 x12:0x80040fe4  x9=0xb64cd57d
     120455.000 ns	     12044	8000294c	2007a453	fsgnjx.s	f8,f15,f0	 f15:0x52c60022  f0:0x4f000409  f8=0x52c60022
     120485.000 ns	     12047	80002950	f0028ed3	fmv.w.x	f29,x5	  x5:0x00000001 f29=0x00000001
     120505.000 ns	     12049	80002954	6b13af93	slti	x31,x7,1713	  x7:0xc838a924 x31=0x00000001
     120525.000 ns	     12051	80002958	f0040dd3	fmv.w.x	f27,x8	  x8:0x00000001 f27=0x00000001
     120555.000 ns	     12054	8000295c	20188dd3	fsgnj.s	f27,f17,f1	 f17:0xffc00000  f1:0x00000000 f27=0x7fc00000
     120585.000 ns	     12057	80002960	a0bc1bd3	flt.s	x23,f24,f11	 f24:0x3f800000 f11:0x7fc00000 x23=0x00000000
     120615.000 ns	     12060	80002964	215726d3	fsgnjx.s	f13,f14,f21	 f14:0x7f800000 f21:0x7fc00000 f13=0x7f800000
     120645.000 ns	     12063	80002968	027fb833	mulhu	x16,x31,x7	 x31:0x00000001  x7:0xc838a924 x16=0x00000000
     120675.000 ns	     12066	8000296c	c0160fd3	fcvt.wu.s	x31,f12	 f12:0xffc00000 x31=0xffffffff
     120695.000 ns	     12068	80002970	412e5993	srai	x19,x28,0x12	 x28:0x00000007 x19=0x00000000
     120715.000 ns	     12070	80002974	c00cfad3	fcvt.w.s	x21,f25	 f25:0x52c5002b x21=0x7fffffff
     120735.000 ns	     12072	80002978	009a41b3	xor	x3,x20,x9	 x20:0x3650e561  x9:0xb64cd57d  x3=0x801c301c
     120745.000 ns	     12073	8000297c	010e5713	srli	x14,x28,0x10	 x28:0x00000007 x14=0x00000000
     120765.000 ns	     12075	80002980	20808cd3	fsgnj.s	f25,f1,f8	  f1:0x00000000  f8:0x52c60022 f25=0x00000000
     120785.000 ns	     12077	80002984	010847b3	xor	x15,x16,x16	 x16:0x00000000 x16:0x00000000 x15=0x00000000
     120805.000 ns	     12079	80002988	f0038cd3	fmv.w.x	f25,x7	  x7:0xc838a924 f25=0xc838a924
     120845.000 ns	     12083	8000298c	10cbf7d3	fmul.s	f15,f23,f12	 f23:0x7fc00000 f12:0xffc00000 f15=0x7fc00000
     120875.000 ns	     12086	80002990	02faa4b3	mulhsu	x9,x21,x15	 x21:0x7fffffff x15:0x00000000  x9=0x00000000
     120905.000 ns	     12089	80002994	03eb00b3	mul	x1,x22,x30	 x22:0x7ffbf000 x30:0x872b6000  x1=0xca000000
     120925.000 ns	     12091	80002998	4abbed93	ori	x27,x23,1195	 x23:0x00000000 x27=0x000004ab
     120935.000 ns	     12092	8000299c	417c5113	srai	x2,x24,0x17	 x24:0x7c837000  x2=0x000000f9
     120945.000 ns	     12093	800029a0	00c9dbb3	srl	x23,x19,x12	 x19:0x00000000 x12:0x80040fe4 x23=0x00000000
     120965.000 ns	     12095	800029a4	210f0b53	fsgnj.s	f22,f30,f16	 f30:0xc8800000 f16:0x00000000 f22=0x48800000
     120995.000 ns	     12098	800029a8	d009f7d3	fcvt.s.w	f15,x19	 x19:0x00000000 f15=0x00000000
     121015.000 ns	     12100	800029ac	01383533	sltu	x10,x16,x19	 x16:0x00000000 x19:0x00000000 x10=0x00000000
     121025.000 ns	     12101	800029b0	e7e36737	lui	x14,0xe7e36	 x14=0xe7e36000
     121045.000 ns	     12103	800029b4	20b28053	fsgnj.s	f0,f5,f11	  f5:0x7fc00000 f11:0x7fc00000  f0=0x7fc00000
     121065.000 ns	     12105	800029b8	01469e93	slli	x29,x13,0x14	 x13:0x6dfab928 x29=0x92800000
     121075.000 ns	     12106	800029bc	40b0d3b3	sra	x7,x1,x11	  x1:0xca000000 x11:0x00000000  x7=0xca000000
     121085.000 ns	     12107	800029c0	4734d837	lui	x16,0x4734d	 x16=0x4734d000
     121095.000 ns	     12108	800029c4	00a1dab3	srl	x21,x3,x10	  x3:0x801c301c x10:0x00000000 x21=0x801c301c
     121115.000 ns	     12110	800029c8	d00c7f53	fcvt.s.w	f30,x24	 x24:0x7c837000 f30=0x4ef906e0
     121135.000 ns	     12112	800029cc	40fdd993	srai	x19,x27,0xf	 x27:0x000004ab x19=0x00000000
     121155.000 ns	     12114	800029d0	f00d8253	fmv.w.x	f4,x27	 x27:0x000004ab  f4=0x000004ab
     121185.000 ns	     12117	800029d4	a09c1353	flt.s	x6,f24,f9	 f24:0x3f800000  f9:0x7f800000  x6=0x00000001
     121205.000 ns	     12119	800029d8	00229a13	slli	x20,x5,0x2	  x5:0x00000001 x20=0x00000004
     121225.000 ns	     12121	800029dc	03693133	mulhu	x2,x18,x22	 x18:0x00000000 x22:0x7ffbf000  x2=0x00000000
     121255.000 ns	     12124	800029e0	02d40c33	mul	x24,x8,x13	  x8:0x00000001 x13:0x6dfab928 x24=0x6dfab928
     121275.000 ns	     12126	800029e4	c3428d13	addi	x26,x5,-972	  x5:0x00000001 x26=0xfffffc35
     121295.000 ns	     12128	800029e8	030039b3	mulhu	x19,x0,x16	  x0:0x00000000 x16:0x4734d000 x19=0x00000000
     121325.000 ns	     12131	800029ec	03fa3d33	mulhu	x26,x20,x31	 x20:0x00000004 x31:0xffffffff x26=0x00000003
     121365.000 ns	     12135	800029f0	58037e53	fsqrt.s	f28,f6	  f6:0x7fc00000 f28=0x7fc00000
     121395.000 ns	     12138	800029f4	28b815d3	fmax.s	f11,f16,f11	 f16:0x00000000 f11:0x7fc00000 f11=0x00000000
     121425.000 ns	     12141	800029f8	e0098a53	fmv.x.w	x20,f19	 f19:0x00000000 x20=0x00000000
     121445.000 ns	     12143	800029fc	0062dab3	srl	x21,x5,x6	  x5:0x00000001  x6:0x00000001 x21=0x00000000
     121455.000 ns	     12144	80002a00	12563513	sltiu	x10,x12,293	 x12:0x80040fe4 x10=0x00000000
     121465.000 ns	     12145	80002a04	ad71f693	andi	x13,x3,-1321	  x3:0x801c301c x13=0x801c3014
     121475.000 ns	     12146	80002a08	003bc0b3	xor	x1,x23,x3	 x23:0x00000000  x3:0x801c301c  x1=0x801c301c
     121495.000 ns	     12148	80002a0c	0205d333	divu	x6,x11,x0	 x11:0x00000000  x0:0x00000000  x6=0xffffffff
     121535.000 ns	     12152	80002a10	18d77853	fdiv.s	f16,f14,f13	 f14:0x7f800000 f13:0x7f800000 f16=0x7fc00000
     121585.000 ns	     12157	80002a14	08d3f7d3	fsub.s	f15,f7,f13	  f7:0x00000000 f13:0x7f800000 f15=0xff800000
     121605.000 ns	     12159	80002a18	000050b3	srl	x1,x0,x0	  x0:0x00000000  x0:0x00000000  x1=0x00000000
     121615.000 ns	     12160	80002a1c	00b52b33	slt	x22,x10,x11	 x10:0x00000000 x11:0x00000000 x22=0x00000000
     121625.000 ns	     12161	80002a20	0078cb33	xor	x22,x17,x7	 x17:0x00000000  x7:0xca000000 x22=0xca000000
     121635.000 ns	     12162	80002a24	ba814993	xori	x19,x2,-1112	  x2:0x00000000 x19=0xfffffba8
     121645.000 ns	     12163	80002a28	03510c13	addi	x24,x2,53	  x2:0x00000000 x24=0x00000035
     121655.000 ns	     12164	80002a2c	00ff9433	sll	x8,x31,x15	 x31:0xffffffff x15:0x00000000  x8=0xffffffff
     121695.000 ns	     12168	80002a30	005c3453	fadd.s	f8,f24,f5	 f24:0x3f800000  f5:0x7fc00000  f8=0x7fc00000
     122065.000 ns	     12205	80002a34	02ee41b3	div	x3,x28,x14	 x28:0x00000007 x14:0xe7e36000  x3=0x00000000
     122085.000 ns	     12207	80002a38	01dce033	or	x0,x25,x29	 x25:0x0000029e x29:0x92800000
     122105.000 ns	     12209	80002a3c	a09815d3	flt.s	x11,f16,f9	 f16:0x7fc00000  f9:0x7f800000 x11=0x00000000
     122135.000 ns	     12212	80002a40	034ceb33	rem	x22,x25,x20	 x25:0x0000029e x20:0x00000000 x22=0x0000029e
     122165.000 ns	     12215	80002a44	21d70a53	fsgnj.s	f20,f14,f29	 f14:0x7f800000 f29:0x00000001 f20=0x7f800000
     122185.000 ns	     12217	80002a48	00ab1533	sll	x10,x22,x10	 x22:0x0000029e x10:0x00000000 x10=0x0000029e
     122545.000 ns	     12253	80002a4c	03a2d8b3	divu	x17,x5,x26	  x5:0x00000001 x26:0x00000003 x17=0x00000000
     122575.000 ns	     12256	80002a50	28340fd3	fmin.s	f31,f8,f3	  f8:0x7fc00000  f3:0x7fc00000 f31=0x7fc00000
     122605.000 ns	     12259	80002a54	d015fbd3	fcvt.s.wu	f23,x11	 x11:0x00000000 f23=0x00000000
     122635.000 ns	     12262	80002a58	20f624d3	fsgnjx.s	f9,f12,f15	 f12:0xffc00000 f15:0xff800000  f9=0x7fc00000
     122665.000 ns	     12265	80002a5c	208ca253	fsgnjx.s	f4,f25,f8	 f25:0xc838a924  f8:0x7fc00000  f4=0xc838a924
     122685.000 ns	     12267	80002a60	40693893	sltiu	x17,x18,1030	 x18:0x00000000 x17=0x00000001
     122705.000 ns	     12269	80002a64	d0099ed3	fcvt.s.w	f29,x19	 x19:0xfffffba8 f29=0xc48b0000
     122725.000 ns	     12271	80002a68	00d29c13	slli	x24,x5,0xd	  x5:0x00000001 x24=0x00002000
     122755.000 ns	     12274	80002a6c	11f34b53	fmul.s	f22,f6,f31	  f6:0x7fc00000 f31:0x7fc00000 f22=0x7fc00000
     122775.000 ns	     12276	80002a70	40b1d713	srai	x14,x3,0xb	  x3:0x00000000 x14=0x00000000
     122795.000 ns	     12278	80002a74	038a8333	mul	x6,x21,x24	 x21:0x00000000 x24:0x00002000  x6=0x00000000
     122825.000 ns	     12281	80002a78	03e61033	mulh	x0,x12,x30	 x12:0x80040fe4 x30:0x872b6000
     122845.000 ns	     12283	80002a7c	016a5eb3	srl	x29,x20,x22	 x20:0x00000000 x22:0x0000029e x29=0x00000000
     122865.000 ns	     12285	80002a80	032a31b3	mulhu	x3,x20,x18	 x20:0x00000000 x18:0x00000000  x3=0x00000000
     122895.000 ns	     12288	80002a84	02d181b3	mul	x3,x3,x13	  x3:0x00000000 x13:0x801c3014  x3=0x00000000
     122935.000 ns	     12292	80002a88	187475d3	fdiv.s	f11,f8,f7	  f8:0x7fc00000  f7:0x00000000 f11=0x7fc00000
     122965.000 ns	     12295	80002a8c	280186d3	fmin.s	f13,f3,f0	  f3:0x7fc00000  f0:0x7fc00000 f13=0x7fc00000
     122995.000 ns	     12298	80002a90	a1d3a153	feq.s	x2,f7,f29	  f7:0x00000000 f29:0xc48b0000  x2=0x00000000
     123015.000 ns	     12300	80002a94	618cf693	andi	x13,x25,1560	 x25:0x0000029e x13=0x00000218
     123035.000 ns	     12302	80002a98	283004d3	fmin.s	f9,f0,f3	  f0:0x7fc00000  f3:0x7fc00000  f9=0x7fc00000
     123055.000 ns	     12304	80002a9c	be759437	lui	x8,0xbe759	  x8=0xbe759000
     123075.000 ns	     12306	80002aa0	0340e5b3	rem	x11,x1,x20	  x1:0x00000000 x20:0x00000000 x11=0x00000000
     123445.000 ns	     12343	80002aa4	03abebb3	rem	x23,x23,x26	 x23:0x00000000 x26:0x00000003 x23=0x00000000
     123475.000 ns	     12346	80002aa8	a1d78a53	fle.s	x20,f15,f29	 f15:0xff800000 f29:0xc48b0000 x20=0x00000001
     123495.000 ns	     12348	80002aac	00000013	addi	x0,x0,0	  x0:0x00000000
     123515.000 ns	     12350	80002ab0	03e98933	mul	x18,x19,x30	 x19:0xfffffba8 x30:0x872b6000 x18=0xdb970000
     123535.000 ns	     12352	80002ab4	01eec0b3	xor	x1,x29,x30	 x29:0x00000000 x30:0x872b6000  x1=0x872b6000
     123545.000 ns	     12353	80002ab8	001878b3	and	x17,x16,x1	 x16:0x4734d000  x1:0x00000000 x17=0x07204000
     123555.000 ns	     12354	80002abc	41b1d6b3	sra	x13,x3,x27	  x3:0x00000000 x27:0x000004ab x13=0x00000000
     123575.000 ns	     12356	80002ac0	03ab3c33	mulhu	x24,x22,x26	 x22:0x0000029e x26:0x00000003 x24=0x00000000
     123595.000 ns	     12358	80002ac4	3f6a8313	addi	x6,x21,1014	 x21:0x00000000  x6=0x000003f6
     123615.000 ns	     12360	80002ac8	a1ea90d3	flt.s	x1,f21,f30	 f21:0x7fc00000 f30:0x4ef906e0  x1=0x00000000
     123655.000 ns	     12364	80002acc	18d494d3	fdiv.s	f9,f9,f13	  f9:0x7fc00000 f13:0x7fc00000  f9=0x7fc00000
     123685.000 ns	     12367	80002ad0	02468fb3	mul	x31,x13,x4	 x13:0x00000000  x4:0x80041024 x31=0x00000000
     123705.000 ns	     12369	80002ad4	15143193	sltiu	x3,x8,337	  x8:0xbe759000  x3=0x00000000
     123725.000 ns	     12371	80002ad8	03621bb3	mulh	x23,x4,x22	  x4:0x80041024 x22:0x0000029e x23=0xfffffeb1
     123745.000 ns	     12373	80002adc	00a61833	sll	x16,x12,x10	 x12:0x80040fe4 x10:0x0000029e x16=0x00000000
     123765.000 ns	     12375	80002ae0	a14c1453	flt.s	x8,f24,f20	 f24:0x3f800000 f20:0x7f800000  x8=0x00000001
     123795.000 ns	     12378	80002ae4	204614d3	fsgnjn.s	f9,f12,f4	 f12:0xffc00000  f4:0xc838a924  f9=0x7fc00000
     123815.000 ns	     12380	80002ae8	014643b3	xor	x7,x12,x20	 x12:0x80040fe4 x20:0x00000001  x7=0x80040fe5
     123835.000 ns	     12382	80002aec	03fcebb3	rem	x23,x25,x31	 x25:0x0000029e x31:0x00000000 x23=0x0000029e
     123875.000 ns	     12386	80002af0	187aac53	fdiv.s	f24,f21,f7	 f21:0x7fc00000  f7:0x00000000 f24=0x7fc00000
     123905.000 ns	     12389	80002af4	02bc8c33	mul	x24,x25,x11	 x25:0x0000029e x11:0x00000000 x24=0x00000000
     123935.000 ns	     12392	80002af8	21599b53	fsgnjn.s	f22,f19,f21	 f19:0x00000000 f21:0x7fc00000 f22=0x80000000
     123975.000 ns	     12396	80002afc	58002153	fsqrt.s	f2,f0	  f0:0x7fc00000  f2=0x7fc00000
     124005.000 ns	     12399	80002b00	a1d31453	flt.s	x8,f6,f29	  f6:0x7fc00000 f29:0xc48b0000  x8=0x00000000
     124025.000 ns	     12401	80002b04	012b3cb3	sltu	x25,x22,x18	 x22:0x0000029e x18:0xdb970000 x25=0x00000001
     124045.000 ns	     12403	80002b08	20ab9e53	fsgnjn.s	f28,f23,f10	 f23:0x00000000 f10:0x00000000 f28=0x80000000
     124075.000 ns	     12406	80002b0c	a0f929d3	feq.s	x19,f18,f15	 f18:0xcefff7e0 f15:0xff800000 x19=0x00000000
     124105.000 ns	     12409	80002b10	d00ea2d3	fcvt.s.w	f5,x29	 x29:0x00000000  f5=0x00000000
     124125.000 ns	     12411	80002b14	1fb98793	addi	x15,x19,507	 x19:0x00000000 x15=0x000001fb
     124135.000 ns	     12412	80002b18	11a74713	xori	x14,x14,282	 x14:0x00000000 x14=0x0000011a
     124145.000 ns	     12413	80002b1c	00e45033	srl	x0,x8,x14	  x8:0x00000000 x14:0x00000000
     124505.000 ns	     12449	80002b20	0310d333	divu	x6,x1,x17	  x1:0x00000000 x17:0x07204000  x6=0x00000000
     124535.000 ns	     12452	80002b24	d01808d3	fcvt.s.wu	f17,x16	 x16:0x00000000 f17=0x00000000
     124575.000 ns	     12456	80002b28	580fc2d3	fsqrt.s	f5,f31	 f31:0x7fc00000  f5=0x7fc00000
     124595.000 ns	     12458	80002b2c	01a37eb3	and	x29,x6,x26	  x6:0x00000000 x26:0x00000003 x29=0x00000000
     124605.000 ns	     12459	80002b30	361e6c97	auipc	x25,0x361e6	 x25=0xb61e8b30
     124625.000 ns	     12461	80002b34	a15c8bd3	fle.s	x23,f25,f21	 f25:0xc838a924 f21:0x7fc00000 x23=0x00000000
     124645.000 ns	     12463	80002b38	01cdda93	srli	x21,x27,0x1c	 x27:0x000004ab x21=0x00000000
     124665.000 ns	     12465	80002b3c	d0087a53	fcvt.s.w	f20,x16	 x16:0x00000000 f20=0x00000000
     124685.000 ns	     12467	80002b40	00fa5cb3	srl	x25,x20,x15	 x20:0x00000001 x15:0x000001fb x25=0x00000000
     124695.000 ns	     12468	80002b44	01f8fc33	and	x24,x17,x31	 x17:0x07204000 x31:0x00000000 x24=0x00000000
     124715.000 ns	     12470	80002b48	a04b9953	flt.s	x18,f23,f4	 f23:0x00000000  f4:0xc838a924 x18=0x00000000
     124765.000 ns	     12475	80002b4c	010535d3	fadd.s	f11,f10,f16	 f10:0x00000000 f16:0x7fc00000 f11=0x7fc00000
     124795.000 ns	     12478	80002b50	039c8333	mul	x6,x25,x25	 x25:0x00000000 x25:0x00000000  x6=0x00000000
     124825.000 ns	     12481	80002b54	d00efed3	fcvt.s.w	f29,x29	 x29:0x00000000 f29=0x00000000
     124855.000 ns	     12484	80002b58	025eaa33	mulhsu	x20,x29,x5	 x29:0x00000000  x5:0x00000001 x20=0x00000000
     124875.000 ns	     12486	80002b5c	01ebca33	xor	x20,x23,x30	 x23:0x00000000 x30:0x872b6000 x20=0x872b6000
     124885.000 ns	     12487	80002b60	0115b933	sltu	x18,x11,x17	 x11:0x00000000 x17:0x07204000 x18=0x00000001
     124905.000 ns	     12489	80002b64	02d3cdb3	div	x27,x7,x13	  x7:0x80040fe5 x13:0x00000000 x27=0xffffffff
     124955.000 ns	     12494	80002b68	09e6f353	fsub.s	f6,f13,f30	 f13:0x7fc00000 f30:0x4ef906e0  f6=0x7fc00000
     125325.000 ns	     12531	80002b6c	02f54c33	div	x24,x10,x15	 x10:0x0000029e x15:0x000001fb x24=0x00000001
     125345.000 ns	     12533	80002b70	00cd5a33	srl	x20,x26,x12	 x26:0x00000003 x12:0x80040fe4 x20=0x00000000
     125355.000 ns	     12534	80002b74	00513eb3	sltu	x29,x2,x5	  x2:0x00000000  x5:0x00000001 x29=0x00000001
     125375.000 ns	     12536	80002b78	02095ab3	divu	x21,x18,x0	 x18:0x00000001  x0:0x00000000 x21=0xffffffff
     125405.000 ns	     12539	80002b7c	029764b3	rem	x9,x14,x9	 x14:0x0000011a  x9:0x00000000  x9=0x0000011a
     125425.000 ns	     12541	80002b80	8cdb6a93	ori	x21,x22,-1843	 x22:0x0000029e x21=0xfffffadf
     125435.000 ns	     12542	80002b84	00000013	addi	x0,x0,0	  x0:0x00000000
     125445.000 ns	     12543	80002b88	0060e333	or	x6,x1,x6	  x1:0x00000000  x6:0x00000000  x6=0x00000000
     125455.000 ns	     12544	80002b8c	0e818513	addi	x10,x3,232	  x3:0x00000000 x10=0x000000e8
     125475.000 ns	     12546	80002b90	e00f9dd3	fclass.s	x27,f31	 f31:0x7fc00000 x27=0x00000200
     125505.000 ns	     12549	80002b94	21209653	fsgnjn.s	f12,f1,f18	  f1:0x00000000 f18:0xcefff7e0 f12=0x00000000
     125535.000 ns	     12552	80002b98	a198a353	feq.s	x6,f17,f25	 f17:0x00000000 f25:0xc838a924  x6=0x00000000
     125585.000 ns	     12557	80002b9c	001cc6d3	fadd.s	f13,f25,f1	 f25:0xc838a924  f1:0x00000000 f13=0xc838a924
     125615.000 ns	     12560	80002ba0	28c51f53	fmax.s	f30,f10,f12	 f10:0x00000000 f12:0x00000000 f30=0x00000000
     125645.000 ns	     12563	80002ba4	c01effd3	fcvt.wu.s	x31,f29	 f29:0x00000000 x31=0x00000000
     125675.000 ns	     12566	80002ba8	297b9fd3	fmax.s	f31,f23,f23	 f23:0x00000000 f23:0x00000000 f31=0x00000000
     125705.000 ns	     12569	80002bac	031515b3	mulh	x11,x10,x17	 x10:0x000000e8 x17:0x07204000 x11=0x00000006
     125725.000 ns	     12571	80002bb0	080ab513	sltiu	x10,x21,128	 x21:0xfffffadf x10=0x00000000
     126085.000 ns	     12607	80002bb4	027452b3	divu	x5,x8,x7	  x8:0x00000000  x7:0x80040fe5  x5=0x00000000
     126455.000 ns	     12644	80002bb8	0328c4b3	div	x9,x17,x18	 x17:0x07204000 x18:0x00000001  x9=0x07204000
     126475.000 ns	     12646	80002bbc	4039dc33	sra	x24,x19,x3	 x19:0x00000000  x3:0x00000000 x24=0x00000000
     126495.000 ns	     12648	80002bc0	205388d3	fsgnj.s	f17,f7,f5	  f7:0x00000000  f5:0x7fc00000 f17=0x00000000
     126515.000 ns	     12650	80002bc4	41ccdc93	srai	x25,x25,0x1c	 x25:0x00000000 x25=0x00000000
     126525.000 ns	     12651	80002bc8	01f9e1b3	or	x3,x19,x31	 x19:0x00000000 x31:0x00000000  x3=0x00000000
     126535.000 ns	     12652	80002bcc	40c1dab3	sra	x21,x3,x12	  x3:0x00000000 x12:0x80040fe4 x21=0x00000000
     126545.000 ns	     12653	80002bd0	01995d13	srli	x26,x18,0x19	 x18:0x00000001 x26=0x00000000
     126555.000 ns	     12654	80002bd4	011e3f33	sltu	x30,x28,x17	 x28:0x00000007 x17:0x07204000 x30=0x00000001
     126565.000 ns	     12655	80002bd8	65018593	addi	x11,x3,1616	  x3:0x00000000 x11=0x00000650
     126575.000 ns	     12656	80002bdc	40685093	srai	x1,x16,0x6	 x16:0x00000000  x1=0x00000000
     126595.000 ns	     12658	80002be0	f00c0e53	fmv.w.x	f28,x24	 x24:0x00000000 f28=0x00000000
     126625.000 ns	     12661	80002be4	a01e0c53	fle.s	x24,f28,f1	 f28:0x80000000  f1:0x00000000 x24=0x00000001
     126665.000 ns	     12665	80002be8	10bef1d3	fmul.s	f3,f29,f11	 f29:0x00000000 f11:0x7fc00000  f3=0x7fc00000
     126685.000 ns	     12667	80002bec	0a444513	xori	x10,x8,164	  x8:0x00000000 x10=0x000000a4
     126705.000 ns	     12669	80002bf0	a1ea8353	fle.s	x6,f21,f30	 f21:0x7fc00000 f30:0x00000000  x6=0x00000000
     126735.000 ns	     12672	80002bf4	293319d3	fmax.s	f19,f6,f19	  f6:0x7fc00000 f19:0x00000000 f19=0x00000000
     126755.000 ns	     12674	80002bf8	41415433	sra	x8,x2,x20	  x2:0x00000000 x20:0x00000000  x8=0x00000000
     126765.000 ns	     12675	80002bfc	b402bc93	sltiu	x25,x5,-1216	  x5:0x00000000 x25=0x00000001
     126775.000 ns	     12676	80002c00	f67cc593	xori	x11,x25,-153	 x25:0x00000000 x11=0xffffff66
     126785.000 ns	     12677	80002c04	015945b3	xor	x11,x18,x21	 x18:0x00000001 x21:0x00000000 x11=0x00000001
     126795.000 ns	     12678	80002c08	015f10b3	sll	x1,x30,x21	 x30:0x00000001 x21:0x00000000  x1=0x00000001
     126805.000 ns	     12679	80002c0c	01060f33	add	x30,x12,x16	 x12:0x80040fe4 x16:0x00000000 x30=0x80040fe4
     126825.000 ns	     12681	80002c10	206b8553	fsgnj.s	f10,f23,f6	 f23:0x00000000  f6:0x7fc00000 f10=0x00000000
     126845.000 ns	     12683	80002c14	012f84b3	add	x9,x31,x18	 x31:0x00000000 x18:0x00000001  x9=0x00000001
     126865.000 ns	     12685	80002c18	021505b3	mul	x11,x10,x1	 x10:0x000000a4  x1:0x00000001 x11=0x000000a4
     126895.000 ns	     12688	80002c1c	e00393d3	fclass.s	x7,f7	  f7:0x00000000  x7=0x00000010
     126925.000 ns	     12691	80002c20	0398a9b3	mulhsu	x19,x17,x25	 x17:0x07204000 x25:0x00000001 x19=0x00000000
     126945.000 ns	     12693	80002c24	00000013	addi	x0,x0,0	  x0:0x00000000
     126965.000 ns	     12695	80002c28	028a0fb3	mul	x31,x20,x8	 x20:0x00000000  x8:0x00000000 x31=0x00000000
     126985.000 ns	     12697	80002c2c	012c53b3	srl	x7,x24,x18	 x24:0x00000001 x18:0x00000001  x7=0x00000000
     127005.000 ns	     12699	80002c30	20430053	fsgnj.s	f0,f6,f4	  f6:0x7fc00000  f4:0xc838a924  f0=0xffc00000
     127035.000 ns	     12702	80002c34	20bba353	fsgnjx.s	f6,f23,f11	 f23:0x00000000 f11:0x7fc00000  f6=0x00000000
     127055.000 ns	     12704	80002c38	c0ea4313	xori	x6,x20,-1010	 x20:0x00000000  x6=0xfffffc0e
     127075.000 ns	     12706	80002c3c	02b7acb3	mulhsu	x25,x15,x11	 x15:0x000001fb x11:0x000000a4 x25=0x00000000
     127095.000 ns	     12708	80002c40	734bc437	lui	x8,0x734bc	  x8=0x734bc000
     127105.000 ns	     12709	80002c44	d9fd8bb7	lui	x23,0xd9fd8	 x23=0xd9fd8000
     127125.000 ns	     12711	80002c48	e00914d3	fclass.s	x9,f18	 f18:0xcefff7e0  x9=0x00000002
     127145.000 ns	     12713	80002c4c	b2e8e313	ori	x6,x17,-1234	 x17:0x07204000  x6=0xfffffb2e
     127155.000 ns	     12714	80002c50	71d03513	sltiu	x10,x0,1821	  x0:0x00000000 x10=0x00000001
     127165.000 ns	     12715	80002c54	01d703b3	add	x7,x14,x29	 x14:0x0000011a x29:0x00000001  x7=0x0000011b
     127175.000 ns	     12716	80002c58	00000013	addi	x0,x0,0	  x0:0x00000000
     127185.000 ns	     12717	80002c5c	0087d833	srl	x16,x15,x8	 x15:0x000001fb  x8:0x734bc000 x16=0x000001fb
     127205.000 ns	     12719	80002c60	a0eba7d3	feq.s	x15,f23,f14	 f23:0x00000000 f14:0x7f800000 x15=0x00000000
     127235.000 ns	     12722	80002c64	288f1453	fmax.s	f8,f30,f8	 f30:0x00000000  f8:0x7fc00000  f8=0x00000000
     127265.000 ns	     12725	80002c68	e00302d3	fmv.x.w	x5,f6	  f6:0x00000000  x5=0x00000000
     127285.000 ns	     12727	80002c6c	00d45d13	srli	x26,x8,0xd	  x8:0x734bc000 x26=0x00039a5e
     127305.000 ns	     12729	80002c70	205d97d3	fsgnjn.s	f15,f27,f5	 f27:0x7fc00000  f5:0x7fc00000 f15=0xffc00000
     127325.000 ns	     12731	80002c74	006bbdb3	sltu	x27,x23,x6	 x23:0xd9fd8000  x6:0xfffffb2e x27=0x00000001
     127365.000 ns	     12735	80002c78	00f7f753	fadd.s	f14,f15,f15	 f15:0xffc00000 f15:0xffc00000 f14=0x7fc00000
     127395.000 ns	     12738	80002c7c	20020653	fsgnj.s	f12,f4,f0	  f4:0xc838a924  f0:0xffc00000 f12=0xc838a924
     127415.000 ns	     12740	80002c80	01bdd413	srli	x8,x27,0x1b	 x27:0x00000001  x8=0x00000000
     127445.000 ns	     12743	80002c84	10177e53	fmul.s	f28,f14,f1	 f14:0x7fc00000  f1:0x00000000 f28=0x7fc00000
     127465.000 ns	     12745	80002c88	001c6cb3	or	x25,x24,x1	 x24:0x00000001  x1:0x00000001 x25=0x00000001
     127495.000 ns	     12748	80002c8c	5804f4d3	fsqrt.s	f9,f9	  f9:0x7fc00000  f9=0x7fc00000
     127515.000 ns	     12750	80002c90	40bfdd93	srai	x27,x31,0xb	 x31:0x00000000 x27=0x00000000
     127535.000 ns	     12752	80002c94	02c609b3	mul	x19,x12,x12	 x12:0x80040fe4 x12:0x80040fe4 x19=0x801c8310
     127565.000 ns	     12755	80002c98	d014c753	fcvt.s.wu	f14,x9	  x9:0x00000002 f14=0x40000000
     127585.000 ns	     12757	80002c9c	fd784593	xori	x11,x16,-41	 x16:0x000001fb x11=0xfffffe2c
     127605.000 ns	     12759	80002ca0	e00695d3	fclass.s	x11,f13	 f13:0xc838a924 x11=0x00000002
     127625.000 ns	     12761	80002ca4	e4a8a0b7	lui	x1,0xe4a8a	  x1=0xe4a8a000
     127635.000 ns	     12762	80002ca8	661b4793	xori	x15,x22,1633	 x22:0x0000029e x15=0x000004ff
     127645.000 ns	     12763	80002cac	55710f93	addi	x31,x2,1367	  x2:0x00000000 x31=0x00000557
     127655.000 ns	     12764	80002cb0	006c38b3	sltu	x17,x24,x6	 x24:0x00000001  x6:0xfffffb2e x17=0x00000001
     127675.000 ns	     12766	80002cb4	208698d3	fsgnjn.s	f17,f13,f8	 f13:0xc838a924  f8:0x00000000 f17=0xc838a924
     127705.000 ns	     12769	80002cb8	29248f53	fmin.s	f30,f9,f18	  f9:0x7fc00000 f18:0xcefff7e0 f30=0xcefff7e0
     127735.000 ns	     12772	80002cbc	f00908d3	fmv.w.x	f17,x18	 x18:0x00000001 f17=0x00000001
     128105.000 ns	     12809	80002cc0	038dddb3	divu	x27,x27,x24	 x27:0x00000000 x24:0x00000001 x27=0x00000000
     128135.000 ns	     12812	80002cc4	f0088b53	fmv.w.x	f22,x17	 x17:0x00000001 f22=0x00000001
     128165.000 ns	     12815	80002cc8	c00b7d53	fcvt.w.s	x26,f22	 f22:0x80000000 x26=0x00000000
     128195.000 ns	     12818	80002ccc	a1d4a053	feq.s	x0,f9,f29	  f9:0x7fc00000 f29:0x00000000
     128215.000 ns	     12820	80002cd0	466bea13	ori	x20,x23,1126	 x23:0xd9fd8000 x20=0xd9fd8466
     128225.000 ns	     12821	80002cd4	b808f013	andi	x0,x17,-1152	 x17:0x00000001
     128585.000 ns	     12857	80002cd8	02e86833	rem	x16,x16,x14	 x16:0x000001fb x14:0x0000011a x16=0x000000e1
     128615.000 ns	     12860	80002cdc	c01978d3	fcvt.wu.s	x17,f18	 f18:0xcefff7e0 x17=0x7ffbf000
     128645.000 ns	     12863	80002ce0	d01174d3	fcvt.s.wu	f9,x2	  x2:0x00000000  f9=0x00000000
     128665.000 ns	     12865	80002ce4	cab38d93	addi	x27,x7,-853	  x7:0x0000011b x27=0xfffffdc6
     128685.000 ns	     12867	80002ce8	c01d24d3	fcvt.wu.s	x9,f26	 f26:0x00000000  x9=0x00000000
     128715.000 ns	     12870	80002cec	f0098653	fmv.w.x	f12,x19	 x19:0x801c8310 f12=0x801c8310
     128745.000 ns	     12873	80002cf0	a1e814d3	flt.s	x9,f16,f30	 f16:0x7fc00000 f30:0xcefff7e0  x9=0x00000000
     128765.000 ns	     12875	80002cf4	dc928f17	auipc	x30,0xdc928	 x30=0x5c92acf4
     128785.000 ns	     12877	80002cf8	035348b3	div	x17,x6,x21	  x6:0xfffffb2e x21:0x00000000 x17=0xffffffff
     128815.000 ns	     12880	80002cfc	03629cb3	mulh	x25,x5,x22	  x5:0x00000000 x22:0x0000029e x25=0x00000000
     128845.000 ns	     12883	80002d00	e00a0b53	fmv.x.w	x22,f20	 f20:0x00000000 x22=0x00000000
     128865.000 ns	     12885	80002d04	00000013	addi	x0,x0,0	  x0:0x00000000
     128885.000 ns	     12887	80002d08	20070953	fsgnj.s	f18,f14,f0	 f14:0x40000000  f0:0xffc00000 f18=0xc0000000
     128905.000 ns	     12889	80002d0c	f8910913	addi	x18,x2,-119	  x2:0x00000000 x18=0xffffff89
     128935.000 ns	     12892	80002d10	18f307d3	fdiv.s	f15,f6,f15	  f6:0x00000000 f15:0xffc00000 f15=0x7fc00000
     128975.000 ns	     12896	80002d14	182e70d3	fdiv.s	f1,f28,f2	 f28:0x7fc00000  f2:0x7fc00000  f1=0x7fc00000
     129005.000 ns	     12899	80002d18	c019f4d3	fcvt.wu.s	x9,f19	 f19:0x00000000  x9=0x00000000
     129025.000 ns	     12901	80002d1c	01a1d5b3	srl	x11,x3,x26	  x3:0x00000000 x26:0x00000000 x11=0x00000000
     129045.000 ns	     12903	80002d20	298d06d3	fmin.s	f13,f26,f24	 f26:0x00000000 f24:0x7fc00000 f13=0x00000000
     129065.000 ns	     12905	80002d24	e6886113	ori	x2,x16,-408	 x16:0x000000e1  x2=0xfffffee9
     129075.000 ns	     12906	80002d28	04a28b13	addi	x22,x5,74	  x5:0x00000000 x22=0x0000004a
     129095.000 ns	     12908	80002d2c	a0f79fd3	flt.s	x31,f15,f15	 f15:0x7fc00000 f15:0x7fc00000 x31=0x00000000
     129115.000 ns	     12910	80002d30	41488a33	sub	x20,x17,x20	 x17:0xffffffff x20:0xd9fd8466 x20=0x26027b99
     129135.000 ns	     12912	80002d34	282303d3	fmin.s	f7,f6,f2	  f6:0x00000000  f2:0x7fc00000  f7=0x00000000
     129155.000 ns	     12914	80002d38	c0fa7413	andi	x8,x20,-1009	 x20:0xd9fd8466  x8=0x26027809
     129165.000 ns	     12915	80002d3c	00cb3933	sltu	x18,x22,x12	 x22:0x0000004a x12:0x80040fe4 x18=0x00000001
     129185.000 ns	     12917	80002d40	f0040e53	fmv.w.x	f28,x8	  x8:0x00000000 f28=0x26027809
     129215.000 ns	     12920	80002d44	a08c99d3	flt.s	x19,f25,f8	 f25:0xc838a924  f8:0x00000000 x19=0x00000001
     129245.000 ns	     12923	80002d48	20c40c53	fsgnj.s	f24,f8,f12	  f8:0x00000000 f12:0x801c8310 f24=0x80000000
     129275.000 ns	     12926	80002d4c	c0199153	fcvt.wu.s	x2,f19	 f19:0x00000000  x2=0x00000000
     129305.000 ns	     12929	80002d50	c008f853	fcvt.w.s	x16,f17	 f17:0x00000001 x16=0x00000000
     129345.000 ns	     12933	80002d54	107003d3	fmul.s	f7,f0,f7	  f0:0xffc00000  f7:0x00000000  f7=0x7fc00000
     129365.000 ns	     12935	80002d58	0087d493	srli	x9,x15,0x8	 x15:0x000004ff  x9=0x00000004
     129385.000 ns	     12937	80002d5c	21959fd3	fsgnjn.s	f31,f11,f25	 f11:0x7fc00000 f25:0xc838a924 f31=0x7fc00000
     129405.000 ns	     12939	80002d60	44a26093	ori	x1,x4,1098	  x4:0x80041024  x1=0x8004146e
     129415.000 ns	     12940	80002d64	f1386813	ori	x16,x16,-237	 x16:0x00000000 x16=0xffffff13
     129445.000 ns	     12943	80002d68	580bfed3	fsqrt.s	f29,f23	 f23:0x00000000 f29=0x00000000
     129475.000 ns	     12946	80002d6c	03534a33	div	x20,x6,x21	  x6:0xfffffb2e x21:0x00000000 x20=0xffffffff
     129495.000 ns	     12948	80002d70	01e36693	ori	x13,x6,30	  x6:0xfffffb2e x13=0xfffffb3e
     129515.000 ns	     12950	80002d74	200d0d53	fsgnj.s	f26,f26,f0	 f26:0x00000000  f0:0xffc00000 f26=0x80000000
     129535.000 ns	     12952	80002d78	41060c33	sub	x24,x12,x16	 x12:0x80040fe4 x16:0xffffff13 x24=0x800410d1
     129895.000 ns	     12988	80002d7c	02fcd3b3	divu	x7,x25,x15	 x25:0x00000000 x15:0x000004ff  x7=0x00000000
     129915.000 ns	     12990	80002d80	5c7cb113	sltiu	x2,x25,1479	 x25:0x00000000  x2=0x00000001
     129945.000 ns	     12993	80002d84	580d01d3	fsqrt.s	f3,f26	 f26:0x80000000  f3=0x80000000
     129975.000 ns	     12996	80002d88	03fbd7b3	divu	x15,x23,x31	 x23:0xd9fd8000 x31:0x00000000 x15=0xffffffff
     130005.000 ns	     12999	80002d8c	02838433	mul	x8,x7,x8	  x7:0x00000000  x8:0x26027809  x8=0x00000000
     130025.000 ns	     13001	80002d90	b7e42813	slti	x16,x8,-1154	  x8:0x26027809 x16=0x00000000
     130045.000 ns	     13003	80002d94	a17d82d3	fle.s	x5,f27,f23	 f27:0x7fc00000 f23:0x00000000  x5=0x00000000
     130075.000 ns	     13006	80002d98	d005f7d3	fcvt.s.w	f15,x11	 x11:0x00000000 f15=0x00000000
     130105.000 ns	     13009	80002d9c	20900153	fsgnj.s	f2,f0,f9	  f0:0xffc00000  f9:0x00000000  f2=0x7fc00000
     130125.000 ns	     13011	80002da0	5a7620b7	lui	x1,0x5a762	  x1=0x5a762000
     130135.000 ns	     13012	80002da4	0030ed33	or	x26,x1,x3	  x1:0x8004146e  x3:0x00000000 x26=0x5a762000
     130145.000 ns	     13013	80002da8	00125fb3	srl	x31,x4,x1	  x4:0x80041024  x1:0x8004146e x31=0x80041024
     130165.000 ns	     13015	80002dac	e0098d53	fmv.x.w	x26,f19	 f19:0x00000000 x26=0x00000000
     130185.000 ns	     13017	80002db0	00000013	addi	x0,x0,0	  x0:0x00000000
     130545.000 ns	     13053	80002db4	036751b3	divu	x3,x14,x22	 x14:0x0000011a x22:0x0000004a  x3=0x00000003
     130575.000 ns	     13056	80002db8	c01479d3	fcvt.wu.s	x19,f8	  f8:0x00000000 x19=0x00000000
     130615.000 ns	     13060	80002dbc	113a9ad3	fmul.s	f21,f21,f19	 f21:0x7fc00000 f19:0x00000000 f21=0x7fc00000
     130645.000 ns	     13063	80002dc0	21381ed3	fsgnjn.s	f29,f16,f19	 f16:0x7fc00000 f19:0x00000000 f29=0xffc00000
     130675.000 ns	     13066	80002dc4	d01b8853	fcvt.s.wu	f16,x23	 x23:0xd9fd8000 f16=0x4f59fd80
     130705.000 ns	     13069	80002dc8	a0ad2dd3	feq.s	x27,f26,f10	 f26:0x80000000 f10:0x00000000 x27=0x00000001
     130735.000 ns	     13072	80002dcc	d00e2553	fcvt.s.w	f10,x28	 x28:0x00000007 f10=0x40e00000
     130755.000 ns	     13074	80002dd0	44f28293	addi	x5,x5,1103	  x5:0x00000000  x5=0x0000044f
     130765.000 ns	     13075	80002dd4	01d2fb33	and	x22,x5,x29	  x5:0x00000000 x29:0x00000001 x22=0x00000001
     131125.000 ns	     13111	80002dd8	02ca67b3	rem	x15,x20,x12	 x20:0xffffffff x12:0x80040fe4 x15=0xffffffff
     131155.000 ns	     13114	80002ddc	2047a853	fsgnjx.s	f16,f15,f4	 f15:0x00000000  f4:0xc838a924 f16=0x80000000
     131525.000 ns	     13151	80002de0	03b96333	rem	x6,x18,x27	 x18:0x00000001 x27:0x00000001  x6=0x00000000
     131545.000 ns	     13153	80002de4	f06b7b93	andi	x23,x22,-250	 x22:0x00000001 x23=0x00000000
     131575.000 ns	     13156	80002de8	10154bd3	fmul.s	f23,f10,f1	 f10:0x40e00000  f1:0x7fc00000 f23=0x7fc00000
     131945.000 ns	     13193	80002dec	02aa78b3	remu	x17,x20,x10	 x20:0xffffffff x10:0x00000001 x17=0x00000000
     131975.000 ns	     13196	80002df0	c013a153	fcvt.wu.s	x2,f7	  f7:0x7fc00000  x2=0xffffffff
     131995.000 ns	     13198	80002df4	209d4c93	xori	x25,x26,521	 x26:0x00000000 x25=0x00000209
     132035.000 ns	     13202	80002df8	0848a353	fsub.s	f6,f17,f4	 f17:0x00000001  f4:0xc838a924  f6=0x4838a924
     132065.000 ns	     13205	80002dfc	21b89a53	fsgnjn.s	f20,f17,f27	 f17:0x00000001 f27:0x7fc00000 f20=0x80000001
     132095.000 ns	     13208	80002e00	02bdc2b3	div	x5,x27,x11	 x27:0x00000001 x11:0x00000000  x5=0xffffffff
     132115.000 ns	     13210	80002e04	01432c33	slt	x24,x6,x20	  x6:0x00000000 x20:0xffffffff x24=0x00000000
     132475.000 ns	     13246	80002e08	03dbceb3	div	x29,x23,x29	 x23:0x00000000 x29:0x00000001 x29=0x00000000
     132845.000 ns	     13283	80002e0c	0340c0b3	div	x1,x1,x20	  x1:0x5a762000 x20:0xffffffff  x1=0xa589e000
     132865.000 ns	     13285	80002e10	a2483193	sltiu	x3,x16,-1500	 x16:0x00000000  x3=0x00000001
     132875.000 ns	     13286	80002e14	5f42f493	andi	x9,x5,1524	  x5:0xffffffff  x9=0x000005f4
     133235.000 ns	     13322	80002e18	02cd67b3	rem	x15,x26,x12	 x26:0x00000000 x12:0x80040fe4 x15=0x00000000
     133265.000 ns	     13325	80002e1c	02b91133	mulh	x2,x18,x11	 x18:0x00000001 x11:0x00000000  x2=0x00000000
     133295.000 ns	     13328	80002e20	c00d8953	fcvt.w.s	x18,f27	 f27:0x7fc00000 x18=0x7fffffff
     133325.000 ns	     13331	80002e24	21c30b53	fsgnj.s	f22,f6,f28	  f6:0x4838a924 f28:0x26027809 f22=0x4838a924
     133355.000 ns	     13334	80002e28	285a8f53	fmin.s	f30,f21,f5	 f21:0x7fc00000  f5:0x7fc00000 f30=0x7fc00000
     133375.000 ns	     13336	80002e2c	018402b3	add	x5,x8,x24	  x8:0x00000000 x24:0x00000000  x5=0x00000000
     133395.000 ns	     13338	80002e30	c00a2fd3	fcvt.w.s	x31,f20	 f20:0x80000001 x31=0x00000000
     133415.000 ns	     13340	80002e34	3717eb93	ori	x23,x15,881	 x15:0x00000000 x23=0x00000371
     133425.000 ns	     13341	80002e38	010247b3	xor	x15,x4,x16	  x4:0x80041024 x16:0x00000000 x15=0x80041024
     133435.000 ns	     13342	80002e3c	0136e7b3	or	x15,x13,x19	 x13:0xfffffb3e x19:0x00000000 x15=0xfffffb3e
     133445.000 ns	     13343	80002e40	7aedf6b7	lui	x13,0x7aedf	 x13=0x7aedf000
     133465.000 ns	     13345	80002e44	02a69db3	mulh	x27,x13,x10	 x13:0xfffffb3e x10:0x00000001 x27=0x00000000
     133485.000 ns	     13347	80002e48	00489993	slli	x19,x17,0x4	 x17:0x00000000 x19=0x00000000
     133495.000 ns	     13348	80002e4c	00000013	addi	x0,x0,0	  x0:0x00000000
     133515.000 ns	     13350	80002e50	e00e8bd3	fmv.x.w	x23,f29	 f29:0xffc00000 x23=0xffc00000
     133535.000 ns	     13352	80002e54	489be913	ori	x18,x23,1161	 x23:0x00000371 x18=0xffc00489
     133575.000 ns	     13356	80002e58	01a8f953	fadd.s	f18,f17,f26	 f17:0x00000001 f26:0x80000000 f18=0x00000001
     133595.000 ns	     13358	80002e5c	01cd0ab3	add	x21,x26,x28	 x26:0x00000000 x28:0x00000007 x21=0x00000007
     133605.000 ns	     13359	80002e60	0508ca93	xori	x21,x17,80	 x17:0x00000000 x21=0x00000050
     133625.000 ns	     13361	80002e64	c00b71d3	fcvt.w.s	x3,f22	 f22:0x4838a924  x3=0x0002e2a4
     133645.000 ns	     13363	80002e68	41d15693	srai	x13,x2,0x1d	  x2:0x00000000 x13=0x00000000
     133655.000 ns	     13364	80002e6c	40235b93	srai	x23,x6,0x2	  x6:0x00000000 x23=0x00000000
     133665.000 ns	     13365	80002e70	00362fb3	slt	x31,x12,x3	 x12:0x80040fe4  x3:0x0002e2a4 x31=0x00000001
     133685.000 ns	     13367	80002e74	036a93b3	mulh	x7,x21,x22	 x21:0x00000050 x22:0x00000001  x7=0x00000000
     133715.000 ns	     13370	80002e78	e0019d53	fclass.s	x26,f3	  f3:0x80000000 x26=0x00000008
     133735.000 ns	     13372	80002e7c	47ffb813	sltiu	x16,x31,1151	 x31:0x00000001 x16=0x00000001
     133755.000 ns	     13374	80002e80	289585d3	fmin.s	f11,f11,f9	 f11:0x7fc00000  f9:0x00000000 f11=0x00000000
     133785.000 ns	     13377	80002e84	e00103d3	fmv.x.w	x7,f2	  f2:0x7fc00000  x7=0x7fc00000
     133805.000 ns	     13379	80002e88	b88afb93	andi	x23,x21,-1144	 x21:0x00000050 x23=0x00000000
     133825.000 ns	     13381	80002e8c	a1a682d3	fle.s	x5,f13,f26	 f13:0x00000000 f26:0x80000000  x5=0x00000001
     133845.000 ns	     13383	80002e90	74a28d13	addi	x26,x5,1866	  x5:0x00000000 x26=0x0000074b
     133865.000 ns	     13385	80002e94	c0061dd3	fcvt.w.s	x27,f12	 f12:0x801c8310 x27=0x00000000
     133895.000 ns	     13388	80002e98	02828533	mul	x10,x5,x8	  x5:0x00000001  x8:0x00000000 x10=0x00000000
     133925.000 ns	     13391	80002e9c	f0080153	fmv.w.x	f2,x16	 x16:0x00000001  f2=0x00000001
     133965.000 ns	     13395	80002ea0	580bf8d3	fsqrt.s	f17,f23	 f23:0x7fc00000 f17=0x7fc00000
     134015.000 ns	     13400	80002ea4	095ea4d3	fsub.s	f9,f29,f21	 f29:0xffc00000 f21:0x7fc00000  f9=0x7fc00000
     134385.000 ns	     13437	80002ea8	025bcb33	div	x22,x23,x5	 x23:0x00000000  x5:0x00000001 x22=0x00000000
     134415.000 ns	     13440	80002eac	c01c7853	fcvt.wu.s	x16,f24	 f24:0x80000000 x16=0x00000000
     134435.000 ns	     13442	80002eb0	409f5733	sra	x14,x30,x9	 x30:0x5c92acf4  x9:0x000005f4 x14=0x000005c9
     134445.000 ns	     13443	80002eb4	2fe9f113	andi	x2,x19,766	 x19:0x00000000  x2=0x00000000
     134465.000 ns	     13445	80002eb8	e00287d3	fmv.x.w	x15,f5	  f5:0x7fc00000 x15=0x7fc00000
     134485.000 ns	     13447	80002ebc	4081dfb3	sra	x31,x3,x8	  x3:0x0002e2a4  x8:0x00000000 x31=0x0002e2a4
     134505.000 ns	     13449	80002ec0	29d381d3	fmin.s	f3,f7,f29	  f7:0x7fc00000 f29:0xffc00000  f3=0x7fc00000
     134875.000 ns	     13486	80002ec4	023e6bb3	rem	x23,x28,x3	 x28:0x00000007  x3:0x0002e2a4 x23=0x00000007
     134905.000 ns	     13489	80002ec8	20900653	fsgnj.s	f12,f0,f9	  f0:0xffc00000  f9:0x7fc00000 f12=0x7fc00000
     134955.000 ns	     13494	80002ecc	002bf753	fadd.s	f14,f23,f2	 f23:0x7fc00000  f2:0x00000001 f14=0x7fc00000
     134975.000 ns	     13496	80002ed0	f51cb6b7	lui	x13,0xf51cb	 x13=0xf51cb000
     134995.000 ns	     13498	80002ed4	21cd9fd3	fsgnjn.s	f31,f27,f28	 f27:0x7fc00000 f28:0x26027809 f31=0xffc00000
     135365.000 ns	     13535	80002ed8	02e878b3	remu	x17,x16,x14	 x16:0x00000000 x14:0x000005c9 x17=0x00000000
     135395.000 ns	     13538	80002edc	c001fcd3	fcvt.w.s	x25,f3	  f3:0x7fc00000 x25=0x7fffffff
     135415.000 ns	     13540	80002ee0	00151733	sll	x14,x10,x1	 x10:0x00000000  x1:0xa589e000 x14=0x00000000
     135425.000 ns	     13541	80002ee4	40f75f13	srai	x30,x14,0xf	 x14:0x000005c9 x30=0x00000000
     135785.000 ns	     13577	80002ee8	039f4a33	div	x20,x30,x25	 x30:0x5c92acf4 x25:0x7fffffff x20=0x00000000
     135805.000 ns	     13579	80002eec	47e5f193	andi	x3,x11,1150	 x11:0x00000000  x3=0x00000000
     135815.000 ns	     13580	80002ef0	40b75733	sra	x14,x14,x11	 x14:0x00000000 x11:0x00000000 x14=0x00000000
     135825.000 ns	     13581	80002ef4	000f8933	add	x18,x31,x0	 x31:0x0002e2a4  x0:0x00000000 x18=0x0002e2a4
     135835.000 ns	     13582	80002ef8	01085513	srli	x10,x16,0x10	 x16:0x00000000 x10=0x00000000
     135845.000 ns	     13583	80002efc	00a5e1b3	or	x3,x11,x10	 x11:0x00000000 x10:0x00000000  x3=0x00000000
     135875.000 ns	     13586	80002f00	196c26d3	fdiv.s	f13,f24,f22	 f24:0x80000000 f22:0x4838a924 f13=0x80000000
     135895.000 ns	     13588	80002f04	395bf893	andi	x17,x23,917	 x23:0x00000007 x17=0x00000005
     135915.000 ns	     13590	80002f08	f0010353	fmv.w.x	f6,x2	  x2:0x00000000  f6=0x00000000
     135945.000 ns	     13593	80002f0c	02420833	mul	x16,x4,x4	  x4:0x80041024  x4:0x80041024 x16=0x82248510
     135975.000 ns	     13596	80002f10	21c31053	fsgnjn.s	f0,f6,f28	  f6:0x00000000 f28:0x26027809  f0=0x80000000
     135995.000 ns	     13598	80002f14	014b9833	sll	x16,x23,x20	 x23:0x00000007 x20:0x00000000 x16=0x00000007
     136015.000 ns	     13600	80002f18	d0138bd3	fcvt.s.wu	f23,x7	  x7:0x7fc00000 f23=0x4eff8000
     136045.000 ns	     13603	80002f1c	a1f080d3	fle.s	x1,f1,f31	  f1:0x7fc00000 f31:0xffc00000  x1=0x00000000
     136075.000 ns	     13606	80002f20	02dd3c33	mulhu	x24,x26,x13	 x26:0x0000074b x13:0xf51cb000 x24=0x000006fb
     136445.000 ns	     13643	80002f24	03016ab3	rem	x21,x2,x16	  x2:0x00000000 x16:0x00000007 x21=0x00000000
     136475.000 ns	     13646	80002f28	e00f81d3	fmv.x.w	x3,f31	 f31:0xffc00000  x3=0xffc00000
     136505.000 ns	     13649	80002f2c	c01181d3	fcvt.wu.s	x3,f3	  f3:0x7fc00000  x3=0xffffffff
     136525.000 ns	     13651	80002f30	019106b3	add	x13,x2,x25	  x2:0x00000000 x25:0x7fffffff x13=0x7fffffff
     136535.000 ns	     13652	80002f34	01379313	slli	x6,x15,0x13	 x15:0x7fc00000  x6=0x00000000
     136545.000 ns	     13653	80002f38	f5f50d93	addi	x27,x10,-161	 x10:0x00000000 x27=0xffffff5f
     136565.000 ns	     13655	80002f3c	02f414b3	mulh	x9,x8,x15	  x8:0x00000000 x15:0x7fc00000  x9=0x00000000
     136585.000 ns	     13657	80002f40	009f1a33	sll	x20,x30,x9	 x30:0x00000000  x9:0x000005f4 x20=0x00000000
     136605.000 ns	     13659	80002f44	211bac53	fsgnjx.s	f24,f23,f17	 f23:0x4eff8000 f17:0x7fc00000 f24=0x4eff8000
     136645.000 ns	     13663	80002f48	5808f7d3	fsqrt.s	f15,f17	 f17:0x7fc00000 f15=0x7fc00000
     137015.000 ns	     13700	80002f4c	0230e033	rem	x0,x1,x3	  x1:0x00000000  x3:0xffffffff
     137035.000 ns	     13702	80002f50	3ffc6013	ori	x0,x24,1023	 x24:0x000006fb
     137055.000 ns	     13704	80002f54	e00e14d3	fclass.s	x9,f28	 f28:0x26027809  x9=0x00000040
     137075.000 ns	     13706	80002f58	ccc86d93	ori	x27,x16,-820	 x16:0x00000007 x27=0xfffffccf
     137085.000 ns	     13707	80002f5c	00000013	addi	x0,x0,0	  x0:0x00000000
     137105.000 ns	     13709	80002f60	02fe2933	mulhsu	x18,x28,x15	 x28:0x00000007 x15:0x7fc00000 x18=0x00000003
     137135.000 ns	     13712	80002f64	295d1b53	fmax.s	f22,f26,f21	 f26:0x80000000 f21:0x7fc00000 f22=0x80000000
     137165.000 ns	     13715	80002f68	21eeae53	fsgnjx.s	f28,f29,f30	 f29:0xffc00000 f30:0x7fc00000 f28=0xffc00000
     137185.000 ns	     13717	80002f6c	00685d13	srli	x26,x16,0x6	 x16:0x00000007 x26=0x00000000
     137195.000 ns	     13718	80002f70	07bdcd93	xori	x27,x27,123	 x27:0xfffffccf x27=0xfffffcb4
     137205.000 ns	     13719	80002f74	2b508913	addi	x18,x1,693	  x1:0x00000000 x18=0x000002b5
     137245.000 ns	     13723	80002f78	013b7dd3	fadd.s	f27,f22,f19	 f22:0x80000000 f19:0x00000000 f27=0x00000000
     137265.000 ns	     13725	80002f7c	80399497	auipc	x9,0x80399	  x9=0x0039bf7c
     137275.000 ns	     13726	80002f80	0118db33	srl	x22,x17,x17	 x17:0x00000005 x17:0x00000005 x22=0x00000000
     137295.000 ns	     13728	80002f84	c01804d3	fcvt.wu.s	x9,f16	 f16:0x80000000  x9=0x00000000
     137315.000 ns	     13730	80002f88	bd3f1197	auipc	x3,0xbd3f1	  x3=0x3d3f3f88
     137335.000 ns	     13732	80002f8c	02227533	remu	x10,x4,x2	  x4:0x80041024  x2:0x00000000 x10=0x80041024
     137365.000 ns	     13735	80002f90	a0070353	fle.s	x6,f14,f0	 f14:0x7fc00000  f0:0x80000000  x6=0x00000000
     137395.000 ns	     13738	80002f94	e0098153	fmv.x.w	x2,f19	 f19:0x00000000  x2=0x00000000
     137435.000 ns	     13742	80002f98	11cd72d3	fmul.s	f5,f26,f28	 f26:0x80000000 f28:0xffc00000  f5=0x7fc00000
     137455.000 ns	     13744	80002f9c	4a0f7513	andi	x10,x30,1184	 x30:0x00000000 x10=0x00000000
     137465.000 ns	     13745	80002fa0	01b8da17	auipc	x20,0x1b8d	 x20=0x81b8ffa0
     137485.000 ns	     13747	80002fa4	02b05133	divu	x2,x0,x11	  x0:0x00000000 x11:0x00000000  x2=0xffffffff
     137505.000 ns	     13749	80002fa8	018a95b3	sll	x11,x21,x24	 x21:0x00000000 x24:0x000006fb x11=0x00000000
     137525.000 ns	     13751	80002fac	e00b1ad3	fclass.s	x21,f22	 f22:0x80000000 x21=0x00000008
     137545.000 ns	     13753	80002fb0	c7b9bc13	sltiu	x24,x19,-901	 x19:0x00000000 x24=0x00000001
     137555.000 ns	     13754	80002fb4	7af8fd97	auipc	x27,0x7af8f	 x27=0xfaf91fb4
     137565.000 ns	     13755	80002fb8	013c5113	srli	x2,x24,0x13	 x24:0x000006fb  x2=0x00000000
     137575.000 ns	     13756	80002fbc	01483133	sltu	x2,x16,x20	 x16:0x00000007 x20:0x81b8ffa0  x2=0x00000001
     137595.000 ns	     13758	80002fc0	216e9cd3	fsgnjn.s	f25,f29,f22	 f29:0xffc00000 f22:0x80000000 f25=0x7fc00000
     137615.000 ns	     13760	80002fc4	993ce713	ori	x14,x25,-1645	 x25:0x7fffffff x14=0xffffffff
     137635.000 ns	     13762	80002fc8	d00502d3	fcvt.s.w	f5,x10	 x10:0x00000000  f5=0x00000000
     138005.000 ns	     13799	80002fcc	02dcd433	divu	x8,x25,x13	 x25:0x7fffffff x13:0x7fffffff  x8=0x00000001
     138035.000 ns	     13802	80002fd0	a1e98353	fle.s	x6,f19,f30	 f19:0x00000000 f30:0x7fc00000  x6=0x00000000
     138055.000 ns	     13804	80002fd4	001a7333	and	x6,x20,x1	 x20:0x81b8ffa0  x1:0x00000000  x6=0x00000000
     138415.000 ns	     13840	80002fd8	034cd333	divu	x6,x25,x20	 x25:0x7fffffff x20:0x81b8ffa0  x6=0x00000000
     138455.000 ns	     13844	80002fdc	10ae03d3	fmul.s	f7,f28,f10	 f28:0xffc00000 f10:0x40e00000  f7=0x7fc00000
     138475.000 ns	     13846	80002fe0	40dddf93	srai	x31,x27,0xd	 x27:0xfaf91fb4 x31=0xffffd7c8
     138495.000 ns	     13848	80002fe4	a1789bd3	flt.s	x23,f17,f23	 f17:0x7fc00000 f23:0x4eff8000 x23=0x00000000
     138525.000 ns	     13851	80002fe8	f00004d3	fmv.w.x	f9,x0	  x0:0x00000000  f9=0x00000000
     138545.000 ns	     13853	80002fec	00a79b93	slli	x23,x15,0xa	 x15:0x7fc00000 x23=0x00000000
     138565.000 ns	     13855	80002ff0	205c17d3	fsgnjn.s	f15,f24,f5	 f24:0x4eff8000  f5:0x00000000 f15=0xceff8000
     138585.000 ns	     13857	80002ff4	41cc5133	sra	x2,x24,x28	 x24:0x00000001 x28:0x00000007  x2=0x00000000
     138595.000 ns	     13858	80002ff8	aad6bd13	sltiu	x26,x13,-1363	 x13:0x7fffffff x26=0x00000001
     138605.000 ns	     13859	80002ffc	7069b413	sltiu	x8,x19,1798	 x19:0x00000000  x8=0x00000001
     138625.000 ns	     13861	80003000	d016f953	fcvt.s.wu	f18,x13	 x13:0x7fffffff f18=0x4effffff
     138995.000 ns	     13898	80003004	03aae333	rem	x6,x21,x26	 x21:0x00000008 x26:0x00000001  x6=0x00000000
     139015.000 ns	     13900	80003008	35d34db7	lui	x27,0x35d34	 x27=0x35d34000
     139025.000 ns	     13901	8000300c	22763793	sltiu	x15,x12,551	 x12:0x80040fe4 x15=0x00000000
     139045.000 ns	     13903	80003010	e00d9853	fclass.s	x16,f27	 f27:0x00000000 x16=0x00000010
     139065.000 ns	     13905	80003014	0009e1b3	or	x3,x19,x0	 x19:0x00000000  x0:0x00000000  x3=0x00000000
     139075.000 ns	     13906	80003018	004fe4b3	or	x9,x31,x4	 x31:0xffffd7c8  x4:0x80041024  x9=0xffffd7ec
     139095.000 ns	     13908	8000301c	02bf8ab3	mul	x21,x31,x11	 x31:0xffffd7c8 x11:0x00000000 x21=0x00000000
     139125.000 ns	     13911	80003020	c01afdd3	fcvt.wu.s	x27,f21	 f21:0x7fc00000 x27=0xffffffff
     139155.000 ns	     13914	80003024	02b3f333	remu	x6,x7,x11	  x7:0x7fc00000 x11:0x00000000  x6=0x7fc00000
     139175.000 ns	     13916	80003028	7e68ae93	slti	x29,x17,2022	 x17:0x00000005 x29=0x00000001
     139195.000 ns	     13918	8000302c	021902b3	mul	x5,x18,x1	 x18:0x000002b5  x1:0x00000000  x5=0x00000000
     139215.000 ns	     13920	80003030	00b68433	add	x8,x13,x11	 x13:0x7fffffff x11:0x00000000  x8=0x7fffffff
     139225.000 ns	     13921	80003034	00000013	addi	x0,x0,0	  x0:0x00000000
     139245.000 ns	     13923	80003038	20eb15d3	fsgnjn.s	f11,f22,f14	 f22:0x80000000 f14:0x7fc00000 f11=0x80000000
     139295.000 ns	     13928	8000303c	0864fa53	fsub.s	f20,f9,f6	  f9:0x00000000  f6:0x00000000 f20=0x80000000
     139335.000 ns	     13932	80003040	10037a53	fmul.s	f20,f6,f0	  f6:0x00000000  f0:0x80000000 f20=0x80000000
     139355.000 ns	     13934	80003044	35e8ad97	auipc	x27,0x35e8a	 x27=0xb5e8d044
     139365.000 ns	     13935	80003048	414b5713	srai	x14,x22,0x14	 x22:0x00000000 x14=0x00000000
     139375.000 ns	     13936	8000304c	010778b3	and	x17,x14,x16	 x14:0xffffffff x16:0x00000010 x17=0x00000000
     139385.000 ns	     13937	80003050	0073d593	srli	x11,x7,0x7	  x7:0x7fc00000 x11=0x00ff8000
     139405.000 ns	     13939	80003054	f0070ad3	fmv.w.x	f21,x14	 x14:0x00000000 f21=0x00000000
     139435.000 ns	     13942	80003058	d0167453	fcvt.s.wu	f8,x12	 x12:0x80040fe4  f8=0x4f00040f
     139455.000 ns	     13944	8000305c	010cc033	xor	x0,x25,x16	 x25:0x7fffffff x16:0x00000010
     139475.000 ns	     13946	80003060	d01700d3	fcvt.s.wu	f1,x14	 x14:0x00000000  f1=0x00000000
     139495.000 ns	     13948	80003064	40138fb3	sub	x31,x7,x1	  x7:0x7fc00000  x1:0x00000000 x31=0x7fc00000
     139515.000 ns	     13950	80003068	2195aad3	fsgnjx.s	f21,f11,f25	 f11:0x80000000 f25:0x7fc00000 f21=0x80000000
     139535.000 ns	     13952	8000306c	00c8b0b3	sltu	x1,x17,x12	 x17:0x00000000 x12:0x80040fe4  x1=0x00000001
     139555.000 ns	     13954	80003070	290a8e53	fmin.s	f28,f21,f16	 f21:0x80000000 f16:0x80000000 f28=0x80000000
     139575.000 ns	     13956	80003074	017ddfb3	srl	x31,x27,x23	 x27:0xb5e8d044 x23:0x00000000 x31=0xb5e8d044
     139595.000 ns	     13958	80003078	f00e08d3	fmv.w.x	f17,x28	 x28:0x00000007 f17=0x00000007
     139625.000 ns	     13961	8000307c	e00f0bd3	fmv.x.w	x23,f30	 f30:0x7fc00000 x23=0x7fc00000
     139645.000 ns	     13963	80003080	01181033	sll	x0,x16,x17	 x16:0x00000010 x17:0x00000000
     139655.000 ns	     13964	80003084	836d8b93	addi	x23,x27,-1994	 x27:0xb5e8d044 x23=0xb5e8c87a
     139675.000 ns	     13966	80003088	032aaa33	mulhsu	x20,x21,x18	 x21:0x00000000 x18:0x000002b5 x20=0x00000000
     139715.000 ns	     13970	8000308c	11112dd3	fmul.s	f27,f2,f17	  f2:0x00000001 f17:0x00000007 f27=0x00000000
     139735.000 ns	     13972	80003090	007d14b3	sll	x9,x26,x7	 x26:0x00000001  x7:0x7fc00000  x9=0x00000001
     139755.000 ns	     13974	80003094	d01a98d3	fcvt.s.wu	f17,x21	 x21:0x00000000 f17=0x00000000
     139775.000 ns	     13976	80003098	01c950b3	srl	x1,x18,x28	 x18:0x000002b5 x28:0x00000007  x1=0x00000005
     139785.000 ns	     13977	8000309c	0006c5b3	xor	x11,x13,x0	 x13:0x7fffffff  x0:0x00000000 x11=0x7fffffff
     139795.000 ns	     13978	800030a0	017eddb3	srl	x27,x29,x23	 x29:0x00000001 x23:0xb5e8c87a x27=0x00000000
     139805.000 ns	     13979	800030a4	01c05fb3	srl	x31,x0,x28	  x0:0x00000000 x28:0x00000007 x31=0x00000000
     139815.000 ns	     13980	800030a8	003b1bb3	sll	x23,x22,x3	 x22:0x00000000  x3:0x00000000 x23=0x00000000
     139825.000 ns	     13981	800030ac	003d67b3	or	x15,x26,x3	 x26:0x00000001  x3:0x00000000 x15=0x00000001
     139835.000 ns	     13982	800030b0	016e4eb3	xor	x29,x28,x22	 x28:0x00000007 x22:0x00000000 x29=0x00000007
     139845.000 ns	     13983	800030b4	01d94333	xor	x6,x18,x29	 x18:0x000002b5 x29:0x00000001  x6=0x000002b2
     139855.000 ns	     13984	800030b8	00000013	addi	x0,x0,0	  x0:0x00000000
     139865.000 ns	     13985	800030bc	006224b3	slt	x9,x4,x6	  x4:0x80041024  x6:0x7fc00000  x9=0x00000001
     139895.000 ns	     13988	800030c0	1965f453	fdiv.s	f8,f11,f22	 f11:0x80000000 f22:0x80000000  f8=0x7fc00000
     139915.000 ns	     13990	800030c4	01c8b697	auipc	x13,0x1c8b	 x13=0x81c8e0c4
     139955.000 ns	     13994	800030c8	08c37ad3	fsub.s	f21,f6,f12	  f6:0x00000000 f12:0x7fc00000 f21=0x7fc00000
     139985.000 ns	     13997	800030cc	288f1453	fmax.s	f8,f30,f8	 f30:0x7fc00000  f8:0x7fc00000  f8=0x7fc00000
     140015.000 ns	     14000	800030d0	d007f2d3	fcvt.s.w	f5,x15	 x15:0x00000001  f5=0x3f800000
     140045.000 ns	     14003	800030d4	03e86d33	rem	x26,x16,x30	 x16:0x00000010 x30:0x00000000 x26=0x00000010
     140075.000 ns	     14006	800030d8	a0b99fd3	flt.s	x31,f19,f11	 f19:0x00000000 f11:0x80000000 x31=0x00000000
     140095.000 ns	     14008	800030dc	01cd8733	add	x14,x27,x28	 x27:0x00000000 x28:0x00000007 x14=0x00000007
     140105.000 ns	     14009	800030e0	013b4433	xor	x8,x22,x19	 x22:0x00000000 x19:0x00000000  x8=0x00000000
     140125.000 ns	     14011	800030e4	e0038853	fmv.x.w	x16,f7	  f7:0x7fc00000 x16=0x7fc00000
     140145.000 ns	     14013	800030e8	01c863b3	or	x7,x16,x28	 x16:0x00000010 x28:0x00000007  x7=0x7fc00007
     140165.000 ns	     14015	800030ec	c01ca153	fcvt.wu.s	x2,f25	 f25:0x7fc00000  x2=0xffffffff
     140185.000 ns	     14017	800030f0	010e8c33	add	x24,x29,x16	 x29:0x00000007 x16:0x7fc00000 x24=0x7fc00007
     140195.000 ns	     14018	800030f4	40b6d0b3	sra	x1,x13,x11	 x13:0x81c8e0c4 x11:0x7fffffff  x1=0xffffffff
     140215.000 ns	     14020	800030f8	c002f953	fcvt.w.s	x18,f5	  f5:0x3f800000 x18=0x00000001
     140245.000 ns	     14023	800030fc	d01cfe53	fcvt.s.wu	f28,x25	 x25:0x7fffffff f28=0x4effffff
     140275.000 ns	     14026	80003100	c01db5d3	fcvt.wu.s	x11,f27	 f27:0x00000000 x11=0x00000000
     140295.000 ns	     14028	80003104	407c8433	sub	x8,x25,x7	 x25:0x7fffffff  x7:0x7fc00007  x8=0x003ffff8
     140315.000 ns	     14030	80003108	023ecd33	div	x26,x29,x3	 x29:0x00000007  x3:0x00000000 x26=0xffffffff
     140335.000 ns	     14032	8000310c	41b00133	sub	x2,x0,x27	  x0:0x00000000 x27:0x00000000  x2=0x00000000
     140695.000 ns	     14068	80003110	039df733	remu	x14,x27,x25	 x27:0x00000000 x25:0x7fffffff x14=0x00000000
     140715.000 ns	     14070	80003114	ce1a4a13	xori	x20,x20,-799	 x20:0x00000000 x20=0xfffffce1
     140725.000 ns	     14071	80003118	00000013	addi	x0,x0,0	  x0:0x00000000
     140745.000 ns	     14073	8000311c	027d0b33	mul	x22,x26,x7	 x26:0xffffffff  x7:0x7fc00007 x22=0x803ffff9
     140765.000 ns	     14075	80003120	414686b3	sub	x13,x13,x20	 x13:0x81c8e0c4 x20:0xfffffce1 x13=0x81c8e3e3
     140785.000 ns	     14077	80003124	c00c77d3	fcvt.w.s	x15,f24	 f24:0x4eff8000 x15=0x7fc00000
     140805.000 ns	     14079	80003128	c3b1ab13	slti	x22,x3,-965	  x3:0x00000000 x22=0x00000000
     140835.000 ns	     14082	8000312c	18aaf453	fdiv.s	f8,f21,f10	 f21:0x7fc00000 f10:0x40e00000  f8=0x7fc00000
     140855.000 ns	     14084	80003130	0182bc33	sltu	x24,x5,x24	  x5:0x00000000 x24:0x7fc00007 x24=0x00000001
     140865.000 ns	     14085	80003134	a8002b13	slti	x22,x0,-1408	  x0:0x00000000 x22=0x00000000
     140905.000 ns	     14089	80003138	082788d3	fsub.s	f17,f15,f2	 f15:0xceff8000  f2:0x00000001 f17=0xceff8000
     140925.000 ns	     14091	8000313c	01ad81b3	add	x3,x27,x26	 x27:0x00000000 x26:0xffffffff  x3=0xffffffff
     140935.000 ns	     14092	80003140	619a2017	auipc	x0,0x619a2	
     140945.000 ns	     14093	80003144	01e81033	sll	x0,x16,x30	 x16:0x7fc00000 x30:0x00000000
     140955.000 ns	     14094	80003148	00aca1b3	slt	x3,x25,x10	 x25:0x7fffffff x10:0x00000000  x3=0x00000000
     140965.000 ns	     14095	8000314c	41bbd033	sra	x0,x23,x27	 x23:0x00000000 x27:0x00000000
     140985.000 ns	     14097	80003150	d012f4d3	fcvt.s.wu	f9,x5	  x5:0x00000000  f9=0x00000000
     141005.000 ns	     14099	80003154	018407b3	add	x15,x8,x24	  x8:0x003ffff8 x24:0x00000001 x15=0x003ffff9
     141015.000 ns	     14100	80003158	017c6833	or	x16,x24,x23	 x24:0x00000001 x23:0x00000000 x16=0x00000001
     141025.000 ns	     14101	8000315c	d8038a93	addi	x21,x7,-640	  x7:0x7fc00007 x21=0x7fbffd87
     141035.000 ns	     14102	80003160	7303b897	auipc	x17,0x7303b	 x17=0xf303e160
     141075.000 ns	     14106	80003164	01254b53	fadd.s	f22,f10,f18	 f10:0x40e00000 f18:0x4effffff f22=0x4effffff
     141095.000 ns	     14108	80003168	2b31bf37	lui	x30,0x2b31b	 x30=0x2b31b000
     141115.000 ns	     14110	8000316c	a0019c53	flt.s	x24,f3,f0	  f3:0x7fc00000  f0:0x80000000 x24=0x00000000
     141135.000 ns	     14112	80003170	00209413	slli	x8,x1,0x2	  x1:0xffffffff  x8=0xfffffffc
     141155.000 ns	     14114	80003174	a1f286d3	fle.s	x13,f5,f31	  f5:0x3f800000 f31:0xffc00000 x13=0x00000000
     141205.000 ns	     14119	80003178	017294d3	fadd.s	f9,f5,f23	  f5:0x3f800000 f23:0x4eff8000  f9=0x4eff8000
     141245.000 ns	     14123	8000317c	5809f553	fsqrt.s	f10,f19	 f19:0x00000000 f10=0x00000000
     141295.000 ns	     14128	80003180	09f3c753	fsub.s	f14,f7,f31	  f7:0x7fc00000 f31:0xffc00000 f14=0x7fc00000
     141315.000 ns	     14130	80003184	945fc297	auipc	x5,0x945fc	  x5=0x145ff184
     141325.000 ns	     14131	80003188	3c8abb13	sltiu	x22,x21,968	 x21:0x7fbffd87 x22=0x00000000
     141335.000 ns	     14132	8000318c	be7e8093	addi	x1,x29,-1049	 x29:0x00000007  x1=0xfffffbee
     141345.000 ns	     14133	80003190	00000013	addi	x0,x0,0	  x0:0x00000000
     141705.000 ns	     14169	80003194	028ce9b3	rem	x19,x25,x8	 x25:0x7fffffff  x8:0xfffffffc x19=0x00000003
     141735.000 ns	     14172	80003198	03cd3eb3	mulhu	x29,x26,x28	 x26:0xffffffff x28:0x00000007 x29=0x00000006
     141765.000 ns	     14175	8000319c	20a79e53	fsgnjn.s	f28,f15,f10	 f15:0xceff8000 f10:0x00000000 f28=0xceff8000
     141785.000 ns	     14177	800031a0	c0ec7e93	andi	x29,x24,-1010	 x24:0x00000000 x29=0x00000000
     141795.000 ns	     14178	800031a4	406557b3	sra	x15,x10,x6	 x10:0x00000000  x6:0x000002b2 x15=0x00000000
     141805.000 ns	     14179	800031a8	bb814c13	xori	x24,x2,-1096	  x2:0x00000000 x24=0xfffffbb8
     141825.000 ns	     14181	800031ac	028da733	mulhsu	x14,x27,x8	 x27:0x00000000  x8:0xfffffffc x14=0x00000000
     141855.000 ns	     14184	800031b0	21f0a753	fsgnjx.s	f14,f1,f31	  f1:0x00000000 f31:0xffc00000 f14=0x80000000
     141885.000 ns	     14187	800031b4	02c33833	mulhu	x16,x6,x12	  x6:0x000002b2 x12:0x80040fe4 x16=0x00000159
     141915.000 ns	     14190	800031b8	d0024553	fcvt.s.w	f10,x4	  x4:0x80041024 f10=0xcefff7e0
     141935.000 ns	     14192	800031bc	004c9833	sll	x16,x25,x4	 x25:0x7fffffff  x4:0x80041024 x16=0xfffffff0
     141945.000 ns	     14193	800031c0	0089db93	srli	x23,x19,0x8	 x19:0x00000003 x23=0x00000000
     141955.000 ns	     14194	800031c4	01d85333	srl	x6,x16,x29	 x16:0x00000159 x29:0x00000000  x6=0xfffffff0
     141975.000 ns	     14196	800031c8	a1cc9b53	flt.s	x22,f25,f28	 f25:0x7fc00000 f28:0xceff8000 x22=0x00000000
     142005.000 ns	     14199	800031cc	03f986b3	mul	x13,x19,x31	 x19:0x00000003 x31:0x00000000 x13=0x00000000
     142035.000 ns	     14202	800031d0	29439dd3	fmax.s	f27,f7,f20	  f7:0x7fc00000 f20:0x80000000 f27=0x80000000
     142065.000 ns	     14205	800031d4	a0150fd3	fle.s	x31,f10,f1	 f10:0xcefff7e0  f1:0x00000000 x31=0x00000001
     142095.000 ns	     14208	800031d8	02989cb3	mulh	x25,x17,x9	 x17:0xf303e160  x9:0x00000001 x25=0xffffffff
     142125.000 ns	     14211	800031dc	f00385d3	fmv.w.x	f11,x7	  x7:0x7fc00007 f11=0x7fc00007
     142155.000 ns	     14214	800031e0	20950cd3	fsgnj.s	f25,f10,f9	 f10:0xcefff7e0  f9:0x4eff8000 f25=0x4efff7e0
     142175.000 ns	     14216	800031e4	c9946513	ori	x10,x8,-871	  x8:0xfffffffc x10=0xfffffffd
     142185.000 ns	     14217	800031e8	01afdb93	srli	x23,x31,0x1a	 x31:0x00000001 x23=0x00000000
     142205.000 ns	     14219	800031ec	a18d8b53	fle.s	x22,f27,f24	 f27:0x80000000 f24:0x4eff8000 x22=0x00000001
     142575.000 ns	     14256	800031f0	0344d933	divu	x18,x9,x20	  x9:0x00000001 x20:0xfffffce1 x18=0x00000000
     142605.000 ns	     14259	800031f4	a0861553	flt.s	x10,f12,f8	 f12:0x7fc00000  f8:0x7fc00000 x10=0x00000000
     142635.000 ns	     14262	800031f8	c0131353	fcvt.wu.s	x6,f6	  f6:0x00000000  x6=0x00000000
     142655.000 ns	     14264	800031fc	403c8033	sub	x0,x25,x3	 x25:0xffffffff  x3:0x00000000
     142675.000 ns	     14266	80003200	c017a453	fcvt.wu.s	x8,f15	 f15:0xceff8000  x8=0x7fc00000
     142715.000 ns	     14270	80003204	19b1c953	fdiv.s	f18,f3,f27	  f3:0x7fc00000 f27:0x80000000 f18=0x7fc00000
     142745.000 ns	     14273	80003208	d01472d3	fcvt.s.wu	f5,x8	  x8:0x7fc00000  f5=0x4eff8000
     142785.000 ns	     14277	8000320c	58047ad3	fsqrt.s	f21,f8	  f8:0x7fc00000 f21=0x7fc00000
     142815.000 ns	     14280	80003210	a1e89953	flt.s	x18,f17,f30	 f17:0xceff8000 f30:0x7fc00000 x18=0x00000000
     142845.000 ns	     14283	80003214	a0e78953	fle.s	x18,f15,f14	 f15:0xceff8000 f14:0x80000000 x18=0x00000001
     142875.000 ns	     14286	80003218	032fb333	mulhu	x6,x31,x18	 x31:0x00000001 x18:0x00000000  x6=0x00000000
     142895.000 ns	     14288	8000321c	41a007b3	sub	x15,x0,x26	  x0:0x00000000 x26:0xffffffff x15=0x00000001
     142905.000 ns	     14289	80003220	01e79413	slli	x8,x15,0x1e	 x15:0x00000000  x8=0x40000000
     142915.000 ns	     14290	80003224	000d9713	slli	x14,x27,0x0	 x27:0x00000000 x14=0x00000000
     142935.000 ns	     14292	80003228	d00a18d3	fcvt.s.w	f17,x20	 x20:0xfffffce1 f17=0xc447c000
     142965.000 ns	     14295	8000322c	20878fd3	fsgnj.s	f31,f15,f8	 f15:0xceff8000  f8:0x7fc00000 f31=0x4eff8000
     143015.000 ns	     14300	80003230	080f8953	fsub.s	f18,f31,f0	 f31:0xffc00000  f0:0x80000000 f18=0x4eff8000
     143045.000 ns	     14303	80003234	d00775d3	fcvt.s.w	f11,x14	 x14:0x00000000 f11=0x00000000
     143065.000 ns	     14305	80003238	419b03b3	sub	x7,x22,x25	 x22:0x00000001 x25:0xffffffff  x7=0x00000002
     143075.000 ns	     14306	8000323c	00ccb2b3	sltu	x5,x25,x12	 x25:0xffffffff x12:0x80040fe4  x5=0x00000000
     143085.000 ns	     14307	80003240	5dc76497	auipc	x9,0x5dc76	  x9=0xddc79240
     143095.000 ns	     14308	80003244	2a4dac93	slti	x25,x27,676	 x27:0x00000000 x25=0x00000001
     143115.000 ns	     14310	80003248	a0821cd3	flt.s	x25,f4,f8	  f4:0xc838a924  f8:0x7fc00000 x25=0x00000000
     143135.000 ns	     14312	8000324c	001c5713	srli	x14,x24,0x1	 x24:0xfffffbb8 x14=0x7ffffddc
     143145.000 ns	     14313	80003250	65268397	auipc	x7,0x65268	  x7=0xe526b250
     143155.000 ns	     14314	80003254	522b7bb7	lui	x23,0x522b7	 x23=0x522b7000
     143165.000 ns	     14315	80003258	01da6f33	or	x30,x20,x29	 x20:0xfffffce1 x29:0x00000000 x30=0xfffffce1
     143175.000 ns	     14316	8000325c	008826b3	slt	x13,x16,x8	 x16:0xfffffff0  x8:0x40000000 x13=0x00000001
     143185.000 ns	     14317	80003260	c0836593	ori	x11,x6,-1016	  x6:0x00000000 x11=0xfffffc08
     143205.000 ns	     14319	80003264	039ba3b3	mulhsu	x7,x23,x25	 x23:0x522b7000 x25:0x00000000  x7=0x00000000
     143575.000 ns	     14356	80003268	0295f8b3	remu	x17,x11,x9	 x11:0x00000000  x9:0xddc79240 x17=0x223869c8
     143595.000 ns	     14358	8000326c	bc22e5b7	lui	x11,0xbc22e	 x11=0xbc22e000
     143615.000 ns	     14360	80003270	e00010d3	fclass.s	x1,f0	  f0:0x80000000  x1=0x00000008
     143655.000 ns	     14364	80003274	19a43b53	fdiv.s	f22,f8,f26	  f8:0x7fc00000 f26:0x80000000 f22=0x7fc00000
     143685.000 ns	     14367	80003278	29161153	fmax.s	f2,f12,f17	 f12:0x7fc00000 f17:0xc447c000  f2=0xc447c000
     143705.000 ns	     14369	8000327c	00927c33	and	x24,x4,x9	  x4:0x80041024  x9:0xddc79240 x24=0x80041000
     143725.000 ns	     14371	80003280	d00e16d3	fcvt.s.w	f13,x28	 x28:0x00000007 f13=0x40e00000
     144095.000 ns	     14408	80003284	02827333	remu	x6,x4,x8	  x4:0x80041024  x8:0x40000000  x6=0x00041024
     144125.000 ns	     14411	80003288	02ca96b3	mulh	x13,x21,x12	 x21:0x7fbffd87 x12:0x80040fe4 x13=0xc022082a
     144145.000 ns	     14413	8000328c	009d12b3	sll	x5,x26,x9	 x26:0xffffffff  x9:0xddc79240  x5=0xffffffff
     144185.000 ns	     14417	80003290	0188aed3	fadd.s	f29,f17,f24	 f17:0xc447c000 f24:0x4eff8000 f29=0x4eff7ff9
     144555.000 ns	     14454	80003294	03a540b3	div	x1,x10,x26	 x10:0x00000000 x26:0xffffffff  x1=0x00000000
     144575.000 ns	     14456	80003298	01bd1913	slli	x18,x26,0x1b	 x26:0xffffffff x18=0xf8000000
     144595.000 ns	     14458	8000329c	f00c8353	fmv.w.x	f6,x25	 x25:0x00000000  f6=0x00000000
     144615.000 ns	     14460	800032a0	2c1c4893	xori	x17,x24,705	 x24:0x80041000 x17=0x800412c1
     144655.000 ns	     14464	800032a4	092279d3	fsub.s	f19,f4,f18	  f4:0xc838a924 f18:0x4eff8000 f19=0xceff85c5
     144685.000 ns	     14467	800032a8	d0144353	fcvt.s.wu	f6,x8	  x8:0x40000000  f6=0x4e800000
     144725.000 ns	     14471	800032ac	1041f1d3	fmul.s	f3,f3,f4	  f3:0x7fc00000  f4:0xc838a924  f3=0x7fc00000
     144755.000 ns	     14474	800032b0	a0fc9cd3	flt.s	x25,f25,f15	 f25:0x4efff7e0 f15:0xceff8000 x25=0x00000000
     144775.000 ns	     14476	800032b4	00435a13	srli	x20,x6,0x4	  x6:0x00041024 x20=0x00004102
     144795.000 ns	     14478	800032b8	03878333	mul	x6,x15,x24	 x15:0x00000001 x24:0x80041000  x6=0x80041000
     144825.000 ns	     14481	800032bc	031e09b3	mul	x19,x28,x17	 x28:0x00000007 x17:0x800412c1 x19=0x801c8347
     144845.000 ns	     14483	800032c0	40805493	srai	x9,x0,0x8	  x0:0x00000000  x9=0x00000000
     145205.000 ns	     14519	800032c4	03a95533	divu	x10,x18,x26	 x18:0xf8000000 x26:0xffffffff x10=0x00000000
     145225.000 ns	     14521	800032c8	2e1ff917	auipc	x18,0x2e1ff	 x18=0xae2022c8
     145235.000 ns	     14522	800032cc	b409ab13	slti	x22,x19,-1216	 x19:0x801c8347 x22=0x00000001
     145245.000 ns	     14523	800032d0	41655b33	sra	x22,x10,x22	 x10:0x00000000 x22:0x00000001 x22=0x00000000
     145285.000 ns	     14527	800032d4	09f68453	fsub.s	f8,f13,f31	 f13:0x40e00000 f31:0x4eff8000  f8=0xceff8000
     145315.000 ns	     14530	800032d8	280d8dd3	fmin.s	f27,f27,f0	 f27:0x80000000  f0:0x80000000 f27=0x80000000
     145345.000 ns	     14533	800032dc	c017f153	fcvt.wu.s	x2,f15	 f15:0xceff8000  x2=0x7fc00000
     145375.000 ns	     14536	800032e0	039a2d33	mulhsu	x26,x20,x25	 x20:0x00004102 x25:0x00000000 x26=0x00000000
     145395.000 ns	     14538	800032e4	2808ed93	ori	x27,x17,640	 x17:0x800412c1 x27=0x800412c1
     145755.000 ns	     14574	800032e8	02c65333	divu	x6,x12,x12	 x12:0x80040fe4 x12:0x80040fe4  x6=0x00000001
     145785.000 ns	     14577	800032ec	a0cc99d3	flt.s	x19,f25,f12	 f25:0x4efff7e0 f12:0x7fc00000 x19=0x00000000
     145835.000 ns	     14582	800032f0	01369fd3	fadd.s	f31,f13,f19	 f13:0x40e00000 f19:0xceff85c5 f31=0xceff85c4
     145855.000 ns	     14584	800032f4	41e081b3	sub	x3,x1,x30	  x1:0x00000000 x30:0xfffffce1  x3=0x0000031f
     145865.000 ns	     14585	800032f8	9f584593	xori	x11,x16,-1547	 x16:0xfffffff0 x11=0x00000605
     145885.000 ns	     14587	800032fc	29a80053	fmin.s	f0,f16,f26	 f16:0x80000000 f26:0x80000000  f0=0x80000000
     145905.000 ns	     14589	80003300	019bb033	sltu	x0,x23,x25	 x23:0x522b7000 x25:0x00000000
     145935.000 ns	     14592	80003304	187c78d3	fdiv.s	f17,f24,f7	 f24:0x4eff8000  f7:0x7fc00000 f17=0x7fc00000
     145955.000 ns	     14594	80003308	979c0993	addi	x19,x24,-1671	 x24:0x80041000 x19=0x80040979
     145975.000 ns	     14596	8000330c	d0134053	fcvt.s.wu	f0,x6	  x6:0x00000001  f0=0x3f800000
     145995.000 ns	     14598	80003310	009d1d33	sll	x26,x26,x9	 x26:0x00000000  x9:0x00000000 x26=0x00000000
     146005.000 ns	     14599	80003314	0073b533	sltu	x10,x7,x7	  x7:0x00000000  x7:0x00000000 x10=0x00000000
     146025.000 ns	     14601	80003318	21ce1853	fsgnjn.s	f16,f28,f28	 f28:0xceff8000 f28:0xceff8000 f16=0x4eff8000
     147205.000 ns	     14719	8000331c	580371d3	fsqrt.s	f3,f6	  f6:0x4e800000  f3=0x46ffffae
     147575.000 ns	     14756	80003320	031ef333	remu	x6,x29,x17	 x29:0x00000000 x17:0x800412c1  x6=0x00000000
     147605.000 ns	     14759	80003324	20a01ad3	fsgnjn.s	f21,f0,f10	  f0:0x3f800000 f10:0xcefff7e0 f21=0x3f800000
     147625.000 ns	     14761	80003328	406a84b3	sub	x9,x21,x6	 x21:0x7fbffd87  x6:0x00000000  x9=0x7fbffd87
     147645.000 ns	     14763	8000332c	f00608d3	fmv.w.x	f17,x12	 x12:0x80040fe4 f17=0x80040fe4
     147665.000 ns	     14765	80003330	c068c493	xori	x9,x17,-1018	 x17:0x800412c1  x9=0x7ffbeec7
     148025.000 ns	     14801	80003334	02e276b3	remu	x13,x4,x14	  x4:0x80041024 x14:0x7ffffddc x13=0x00041248
     148045.000 ns	     14803	80003338	51acec13	ori	x24,x25,1306	 x25:0x00000000 x24=0x0000051a
     148055.000 ns	     14804	8000333c	0131efb3	or	x31,x3,x19	  x3:0x0000031f x19:0x80040979 x31=0x80040b7f
     148075.000 ns	     14806	80003340	d00f7053	fcvt.s.w	f0,x30	 x30:0xfffffce1  f0=0xc447c000
     148125.000 ns	     14811	80003344	000b74d3	fadd.s	f9,f22,f0	 f22:0x7fc00000  f0:0x3f800000  f9=0x7fc00000
     148155.000 ns	     14814	80003348	214e2753	fsgnjx.s	f14,f28,f20	 f28:0xceff8000 f20:0x80000000 f14=0x4eff8000
     148175.000 ns	     14816	8000334c	012a2033	slt	x0,x20,x18	 x20:0x00004102 x18:0xae2022c8
     148195.000 ns	     14818	80003350	20761c53	fsgnjn.s	f24,f12,f7	 f12:0x7fc00000  f7:0x7fc00000 f24=0xffc00000
     148215.000 ns	     14820	80003354	00f31013	slli	x0,x6,0xf	  x6:0x00000000
     148225.000 ns	     14821	80003358	00ac8533	add	x10,x25,x10	 x25:0x00000000 x10:0x00000000 x10=0x00000000
     148235.000 ns	     14822	8000335c	41cbdd13	srai	x26,x23,0x1c	 x23:0x522b7000 x26=0x00000005
     148255.000 ns	     14824	80003360	20a40453	fsgnj.s	f8,f8,f10	  f8:0xceff8000 f10:0xcefff7e0  f8=0xceff8000
     148275.000 ns	     14826	80003364	01dd8eb3	add	x29,x27,x29	 x27:0x800412c1 x29:0x00000000 x29=0x800412c1
     148295.000 ns	     14828	80003368	20f22753	fsgnjx.s	f14,f4,f15	  f4:0xc838a924 f15:0xceff8000 f14=0x4838a924
     148345.000 ns	     14833	8000336c	00fa71d3	fadd.s	f3,f20,f15	 f20:0x80000000 f15:0xceff8000  f3=0xceff8000
     148375.000 ns	     14836	80003370	a19dab53	feq.s	x22,f27,f25	 f27:0x80000000 f25:0x4efff7e0 x22=0x00000000
     148395.000 ns	     14838	80003374	b0cd7d93	andi	x27,x26,-1268	 x26:0x00000005 x27=0x00000004
     148405.000 ns	     14839	80003378	45592b93	slti	x23,x18,1109	 x18:0xae2022c8 x23=0x00000001
     148425.000 ns	     14841	8000337c	286f0bd3	fmin.s	f23,f30,f6	 f30:0x7fc00000  f6:0x4e800000 f23=0x4e800000
     148455.000 ns	     14844	80003380	c000b353	fcvt.w.s	x6,f1	  f1:0x00000000  x6=0x00000000
     148485.000 ns	     14847	80003384	d00b78d3	fcvt.s.w	f17,x22	 x22:0x00000000 f17=0x00000000
     148515.000 ns	     14850	80003388	e00e8f53	fmv.x.w	x30,f29	 f29:0x4eff7ff9 x30=0x4eff7ff9
     148545.000 ns	     14853	8000338c	f0030dd3	fmv.w.x	f27,x6	  x6:0x00000000 f27=0x00000000
     148565.000 ns	     14855	80003390	01c37133	and	x2,x6,x28	  x6:0x00000000 x28:0x00000007  x2=0x00000000
     148585.000 ns	     14857	80003394	200218d3	fsgnjn.s	f17,f4,f0	  f4:0xc838a924  f0:0xc447c000 f17=0x4838a924
     148605.000 ns	     14859	80003398	005fecb3	or	x25,x31,x5	 x31:0x80040b7f  x5:0xffffffff x25=0xffffffff
     148625.000 ns	     14861	8000339c	a0c22353	feq.s	x6,f4,f12	  f4:0xc838a924 f12:0x7fc00000  x6=0x00000000
     148645.000 ns	     14863	800033a0	018eca33	xor	x20,x29,x24	 x29:0x800412c1 x24:0x0000051a x20=0x800417db
     148665.000 ns	     14865	800033a4	c01378d3	fcvt.wu.s	x17,f6	  f6:0x4e800000 x17=0x40000000
     149035.000 ns	     14902	800033a8	03b0ebb3	rem	x23,x1,x27	  x1:0x00000000 x27:0x00000004 x23=0x00000000
     149405.000 ns	     14939	800033ac	034cff33	remu	x30,x25,x20	 x25:0xffffffff x20:0x800417db x30=0x7ffbe824
     149425.000 ns	     14941	800033b0	9a467c37	lui	x24,0x9a467	 x24=0x9a467000
     149435.000 ns	     14942	800033b4	00e89293	slli	x5,x17,0xe	 x17:0x40000000  x5=0x00000000
     149445.000 ns	     14943	800033b8	00000013	addi	x0,x0,0	  x0:0x00000000
     149455.000 ns	     14944	800033bc	00144db3	xor	x27,x8,x1	  x8:0x40000000  x1:0x00000000 x27=0x40000000
     149465.000 ns	     14945	800033c0	0023f133	and	x2,x7,x2	  x7:0x00000000  x2:0x00000000  x2=0x00000000
     149495.000 ns	     14948	800033c4	11baa0d3	fmul.s	f1,f21,f27	 f21:0x3f800000 f27:0x00000000  f1=0x00000000
     149865.000 ns	     14985	800033c8	03156133	rem	x2,x10,x17	 x10:0x00000000 x17:0x40000000  x2=0x00000000
     149885.000 ns	     14987	800033cc	c63e3693	sltiu	x13,x28,-925	 x28:0x00000007 x13=0x00000001
     149905.000 ns	     14989	800033d0	033ba333	mulhsu	x6,x23,x19	 x23:0x00000000 x19:0x80040979  x6=0x00000000
     149955.000 ns	     14994	800033d4	080ffbd3	fsub.s	f23,f31,f0	 f31:0xceff85c4  f0:0xc447c000 f23=0xceff85bd
     149975.000 ns	     14996	800033d8	0047d433	srl	x8,x15,x4	 x15:0x00000001  x4:0x80041024  x8=0x00000000
     150015.000 ns	     15000	800033dc	012a7853	fadd.s	f16,f20,f18	 f20:0x80000000 f18:0x4eff8000 f16=0x4eff8000
     150035.000 ns	     15002	800033e0	e050a437	lui	x8,0xe050a	  x8=0xe050a000
     150045.000 ns	     15003	800033e4	00000013	addi	x0,x0,0	  x0:0x00000000
     150055.000 ns	     15004	800033e8	00f3dd33	srl	x26,x7,x15	  x7:0x00000000 x15:0x00000001 x26=0x00000000
     150065.000 ns	     15005	800033ec	41c909b3	sub	x19,x18,x28	 x18:0xae2022c8 x28:0x00000007 x19=0xae2022c1
     150085.000 ns	     15007	800033f0	022648b3	div	x17,x12,x2	 x12:0x80040fe4  x2:0x00000000 x17=0xffffffff
     150105.000 ns	     15009	800033f4	01cfbfb3	sltu	x31,x31,x28	 x31:0x80040b7f x28:0x00000007 x31=0x00000000
     150115.000 ns	     15010	800033f8	172e4293	xori	x5,x28,370	 x28:0x00000007  x5=0x00000175
     150135.000 ns	     15012	800033fc	202e2ed3	fsgnjx.s	f29,f28,f2	 f28:0xceff8000  f2:0xc447c000 f29=0x4eff8000
     150505.000 ns	     15049	80003400	02c7f933	remu	x18,x15,x12	 x15:0x00000001 x12:0x80040fe4 x18=0x00000001
     150535.000 ns	     15052	80003404	d00e20d3	fcvt.s.w	f1,x28	 x28:0x00000007  f1=0x40e00000
     150555.000 ns	     15054	80003408	7e905b17	auipc	x22,0x7e905	 x22=0xfe908408
     150565.000 ns	     15055	8000340c	01c9e033	or	x0,x19,x28	 x19:0xae2022c1 x28:0x00000007
     150595.000 ns	     15058	80003410	580d1d53	fsqrt.s	f26,f26	 f26:0x80000000 f26=0x80000000
     150625.000 ns	     15061	80003414	03fc0733	mul	x14,x24,x31	 x24:0x9a467000 x31:0x00000000 x14=0x00000000
     150655.000 ns	     15064	80003418	e00411d3	fclass.s	x3,f8	  f8:0xceff8000  x3=0x00000002
     150705.000 ns	     15069	8000341c	009c1953	fadd.s	f18,f24,f9	 f24:0xffc00000  f9:0x7fc00000 f18=0x7fc00000
     150725.000 ns	     15071	80003420	00371d13	slli	x26,x14,0x3	 x14:0x00000000 x26=0x00000000
     150745.000 ns	     15073	80003424	21d819d3	fsgnjn.s	f19,f16,f29	 f16:0x4eff8000 f29:0x4eff8000 f19=0xceff8000
     150785.000 ns	     15077	80003428	1098fdd3	fmul.s	f27,f17,f9	 f17:0x4838a924  f9:0x7fc00000 f27=0x7fc00000
     150815.000 ns	     15080	8000342c	29648953	fmin.s	f18,f9,f22	  f9:0x7fc00000 f22:0x7fc00000 f18=0x7fc00000
     150845.000 ns	     15083	80003430	a0881a53	flt.s	x20,f16,f8	 f16:0x4eff8000  f8:0xceff8000 x20=0x00000000
     150875.000 ns	     15086	80003434	d0013f53	fcvt.s.w	f30,x2	  x2:0x00000000 f30=0x00000000
     150905.000 ns	     15089	80003438	287719d3	fmax.s	f19,f14,f7	 f14:0x4838a924  f7:0x7fc00000 f19=0x4838a924
     150945.000 ns	     15093	8000343c	11f7f3d3	fmul.s	f7,f15,f31	 f15:0xceff8000 f31:0xceff85c4  f7=0x5e7f0601
     150995.000 ns	     15098	80003440	097a7fd3	fsub.s	f31,f20,f23	 f20:0x80000000 f23:0xceff85bd f31=0x4eff85bd
     151365.000 ns	     15135	80003444	02b15133	divu	x2,x2,x11	  x2:0x00000000 x11:0x00000605  x2=0x00000000
     151395.000 ns	     15138	80003448	d015fb53	fcvt.s.wu	f22,x11	 x11:0x00000605 f22=0x44c0a000
     151765.000 ns	     15175	8000344c	03e4d533	divu	x10,x9,x30	  x9:0x7ffbeec7 x30:0x7ffbe824 x10=0x00000001
     151785.000 ns	     15177	80003450	401e8eb3	sub	x29,x29,x1	 x29:0x800412c1  x1:0x00000000 x29=0x800412c1
     152145.000 ns	     15213	80003454	024c5c33	divu	x24,x24,x4	 x24:0x9a467000  x4:0x80041024 x24=0x00000001
     152175.000 ns	     15216	80003458	e00f9353	fclass.s	x6,f31	 f31:0x4eff85bd  x6=0x00000040
     152205.000 ns	     15219	8000345c	a05a1fd3	flt.s	x31,f20,f5	 f20:0x80000000  f5:0x4eff8000 x31=0x00000001
     152235.000 ns	     15222	80003460	f00a8353	fmv.w.x	f6,x21	 x21:0x7fbffd87  f6=0x7fbffd87
     152265.000 ns	     15225	80003464	f00e0053	fmv.w.x	f0,x28	 x28:0x00000007  f0=0x00000007
     152295.000 ns	     15228	80003468	a0c40cd3	fle.s	x25,f8,f12	  f8:0xceff8000 f12:0x7fc00000 x25=0x00000000
     152325.000 ns	     15231	8000346c	024a0a33	mul	x20,x20,x4	 x20:0x00000000  x4:0x80041024 x20=0x00000000
     152355.000 ns	     15234	80003470	03cfaa33	mulhsu	x20,x31,x28	 x31:0x00000001 x28:0x00000007 x20=0x00000000
     152385.000 ns	     15237	80003474	29939dd3	fmax.s	f27,f7,f25	  f7:0x5e7f0601 f25:0x4efff7e0 f27=0x5e7f0601
     152405.000 ns	     15239	80003478	010b3d93	sltiu	x27,x22,16	 x22:0xfe908408 x27=0x00000000
     152415.000 ns	     15240	8000347c	794b0897	auipc	x17,0x794b0	 x17=0xf94b347c
     152435.000 ns	     15242	80003480	020a4a33	div	x20,x20,x0	 x20:0x00000000  x0:0x00000000 x20=0xffffffff
     152465.000 ns	     15245	80003484	20d5a053	fsgnjx.s	f0,f11,f13	 f11:0x00000000 f13:0x40e00000  f0=0x00000000
     152485.000 ns	     15247	80003488	94f07113	andi	x2,x0,-1713	  x0:0x00000000  x2=0x00000000
     152495.000 ns	     15248	8000348c	011ccf33	xor	x30,x25,x17	 x25:0x00000000 x17:0xf94b347c x30=0xf94b347c
     152505.000 ns	     15249	80003490	01596ab3	or	x21,x18,x21	 x18:0x00000001 x21:0x7fbffd87 x21=0x7fbffd87
     152525.000 ns	     15251	80003494	a05a99d3	flt.s	x19,f21,f5	 f21:0x3f800000  f5:0x4eff8000 x19=0x00000001
     152555.000 ns	     15254	80003498	c003f0d3	fcvt.w.s	x1,f7	  f7:0x5e7f0601  x1=0x7fffffff
     152585.000 ns	     15257	8000349c	a07699d3	flt.s	x19,f13,f7	 f13:0x40e00000  f7:0x5e7f0601 x19=0x00000001
     152605.000 ns	     15259	800034a0	016da8b3	slt	x17,x27,x22	 x27:0x00000000 x22:0xfe908408 x17=0x00000000
     152635.000 ns	     15262	800034a4	10427fd3	fmul.s	f31,f4,f4	  f4:0xc838a924  f4:0xc838a924 f31=0x51053394
     152655.000 ns	     15264	800034a8	b730c197	auipc	x3,0xb730c	  x3=0x3730f4a8
     152665.000 ns	     15265	800034ac	19fbe293	ori	x5,x23,415	 x23:0x00000000  x5=0x0000019f
     152675.000 ns	     15266	800034b0	01ed1313	slli	x6,x26,0x1e	 x26:0x00000000  x6=0x00000000
     152695.000 ns	     15268	800034b4	d005f6d3	fcvt.s.w	f13,x11	 x11:0x00000605 f13=0x44c0a000
     152735.000 ns	     15272	800034b8	11147953	fmul.s	f18,f8,f17	  f8:0xceff8000 f17:0x4838a924 f18=0xd7b84ccf
     153105.000 ns	     15309	800034bc	03d25f33	divu	x30,x4,x29	  x4:0x80041024 x29:0x800412c1 x30=0x00000000
     153125.000 ns	     15311	800034c0	3dd12b93	slti	x23,x2,989	  x2:0x00000000 x23=0x00000001
     153135.000 ns	     15312	800034c4	001aceb3	xor	x29,x21,x1	 x21:0x7fbffd87  x1:0x7fffffff x29=0x00400278
     153495.000 ns	     15348	800034c8	02f56f33	rem	x30,x10,x15	 x10:0x00000001 x15:0x00000001 x30=0x00000000
     153525.000 ns	     15351	800034cc	20faafd3	fsgnjx.s	f31,f21,f15	 f21:0x3f800000 f15:0xceff8000 f31=0xbf800000
     153575.000 ns	     15356	800034d0	089473d3	fsub.s	f7,f8,f9	  f8:0xceff8000  f9:0x7fc00000  f7=0x7fc00000
     153605.000 ns	     15359	800034d4	024e19b3	mulh	x19,x28,x4	 x28:0x00000007  x4:0x80041024 x19=0xfffffffc
     153625.000 ns	     15361	800034d8	00e76333	or	x6,x14,x14	 x14:0x00000000 x14:0x00000000  x6=0x00000000
     153985.000 ns	     15397	800034dc	02d5d933	divu	x18,x11,x13	 x11:0x00000605 x13:0x00000001 x18=0x00000605
     154015.000 ns	     15400	800034e0	a0ea26d3	feq.s	x13,f20,f14	 f20:0x80000000 f14:0x4838a924 x13=0x00000000
     155195.000 ns	     15518	800034e4	58009a53	fsqrt.s	f20,f1	  f1:0x40e00000 f20=0x402953fc
     155235.000 ns	     15522	800034e8	1131b7d3	fmul.s	f15,f3,f19	  f3:0xceff8000 f19:0x4838a924 f15=0xd7b84ccf
     155265.000 ns	     15525	800034ec	20179053	fsgnjn.s	f0,f15,f1	 f15:0xceff8000  f1:0x40e00000  f0=0xd7b84ccf
     155285.000 ns	     15527	800034f0	415f01b3	sub	x3,x30,x21	 x30:0x00000000 x21:0x7fbffd87  x3=0x80400279
     155305.000 ns	     15529	800034f4	0381bdb3	mulhu	x27,x3,x24	  x3:0x3730f4a8 x24:0x00000001 x27=0x00000000
     155335.000 ns	     15532	800034f8	210b1553	fsgnjn.s	f10,f22,f16	 f22:0x44c0a000 f16:0x4eff8000 f10=0xc4c0a000
     155365.000 ns	     15535	800034fc	c01674d3	fcvt.wu.s	x9,f12	 f12:0x7fc00000  x9=0xffffffff
     155395.000 ns	     15538	80003500	a07e1353	flt.s	x6,f28,f7	 f28:0xceff8000  f7:0x7fc00000  x6=0x00000000
     155765.000 ns	     15575	80003504	02a34ab3	div	x21,x6,x10	  x6:0x00000000 x10:0x00000001 x21=0x00000000
     155795.000 ns	     15578	80003508	c009fed3	fcvt.w.s	x29,f19	 f19:0x4838a924 x29=0x0002e2a4
     155815.000 ns	     15580	8000350c	00959c33	sll	x24,x11,x9	 x11:0x00000605  x9:0xffffffff x24=0x80000000
     156175.000 ns	     15616	80003510	0323fd33	remu	x26,x7,x18	  x7:0x00000000 x18:0x00000605 x26=0x00000000
     156205.000 ns	     15619	80003514	03678d33	mul	x26,x15,x22	 x15:0x00000001 x22:0xfe908408 x26=0xfe908408
     156225.000 ns	     15621	80003518	00f901b3	add	x3,x18,x15	 x18:0x00000605 x15:0x00000001  x3=0x00000606
     157395.000 ns	     15738	8000351c	580b28d3	fsqrt.s	f17,f22	 f22:0x44c0a000 f17=0x421d05af
     157425.000 ns	     15741	80003520	c000c8d3	fcvt.w.s	x17,f1	  f1:0x40e00000 x17=0x00000007
     157445.000 ns	     15743	80003524	00765a33	srl	x20,x12,x7	 x12:0x80040fe4  x7:0x00000000 x20=0x80040fe4
     157455.000 ns	     15744	80003528	001ed893	srli	x17,x29,0x1	 x29:0x0002e2a4 x17=0x00017152
     157475.000 ns	     15746	8000352c	20db1ed3	fsgnjn.s	f29,f22,f13	 f22:0x44c0a000 f13:0x44c0a000 f29=0xc4c0a000
     157495.000 ns	     15748	80003530	ae5d0513	addi	x10,x26,-1307	 x26:0xfe908408 x10=0xfe907eed
     157505.000 ns	     15749	80003534	01c112b3	sll	x5,x2,x28	  x2:0x00000000 x28:0x00000007  x5=0x00000000
     157515.000 ns	     15750	80003538	01cbd913	srli	x18,x23,0x1c	 x23:0x00000001 x18=0x00000000
     157535.000 ns	     15752	8000353c	035715b3	mulh	x11,x14,x21	 x14:0x00000000 x21:0x00000000 x11=0x00000000
     157575.000 ns	     15756	80003540	19bd7cd3	fdiv.s	f25,f26,f27	 f26:0x80000000 f27:0x5e7f0601 f25=0x80000000
     157595.000 ns	     15758	80003544	9ed139b7	lui	x19,0x9ed13	 x19=0x9ed13000
     157605.000 ns	     15759	80003548	82a6f713	andi	x14,x13,-2006	 x13:0x00000000 x14=0x00000000
     157615.000 ns	     15760	8000354c	01c09f13	slli	x30,x1,0x1c	  x1:0x7fffffff x30=0xf0000000
     157625.000 ns	     15761	80003550	be014193	xori	x3,x2,-1056	  x2:0x00000000  x3=0xfffffbe0
     157645.000 ns	     15763	80003554	036d2fb3	mulhsu	x31,x26,x22	 x26:0xfe908408 x22:0xfe908408 x31=0xfe92938c
     157665.000 ns	     15765	80003558	01951113	slli	x2,x10,0x19	 x10:0xfe907eed  x2=0xda000000
     157675.000 ns	     15766	8000355c	000f85b3	add	x11,x31,x0	 x31:0xfe92938c  x0:0x00000000 x11=0xfe92938c
     157685.000 ns	     15767	80003560	40818ab3	sub	x21,x3,x8	  x3:0xfffffbe0  x8:0xe050a000 x21=0x1faf5be0
     157705.000 ns	     15769	80003564	20b62b53	fsgnjx.s	f22,f12,f11	 f12:0x7fc00000 f11:0x00000000 f22=0x7fc00000
     157735.000 ns	     15772	80003568	a1c78553	fle.s	x10,f15,f28	 f15:0xd7b84ccf f28:0xceff8000 x10=0x00000001
     157755.000 ns	     15774	8000356c	00878fb3	add	x31,x15,x8	 x15:0x00000001  x8:0xe050a000 x31=0xe050a001
     157765.000 ns	     15775	80003570	8bea7b13	andi	x22,x20,-1858	 x20:0x80040fe4 x22=0x800408a4
     157775.000 ns	     15776	80003574	2fb32b13	slti	x22,x6,763	  x6:0x00000000 x22=0x00000001
     157785.000 ns	     15777	80003578	00ba1c13	slli	x24,x20,0xb	 x20:0x80040fe4 x24=0x207f2000
     157795.000 ns	     15778	8000357c	ccba7f13	andi	x30,x20,-821	 x20:0x80040fe4 x30=0x80040cc0
     157835.000 ns	     15782	80003580	0023f4d3	fadd.s	f9,f7,f2	  f7:0x7fc00000  f2:0xc447c000  f9=0x7fc00000
     157855.000 ns	     15784	80003584	004bca33	xor	x20,x23,x4	 x23:0x00000001  x4:0x80041024 x20=0x80041025
     157865.000 ns	     15785	80003588	412a5b13	srai	x22,x20,0x12	 x20:0x80040fe4 x22=0xffffe001
     157875.000 ns	     15786	8000358c	2d10e693	ori	x13,x1,721	  x1:0x7fffffff x13=0x7fffffff
     157895.000 ns	     15788	80003590	215985d3	fsgnj.s	f11,f19,f21	 f19:0x4838a924 f21:0x3f800000 f11=0x4838a924
     157925.000 ns	     15791	80003594	a04524d3	feq.s	x9,f10,f4	 f10:0xc4c0a000  f4:0xc838a924  x9=0x00000000
     157975.000 ns	     15796	80003598	09097853	fsub.s	f16,f18,f16	 f18:0xd7b84ccf f16:0x4eff8000 f16=0xd7b84d0e
     158005.000 ns	     15799	8000359c	216b9353	fsgnjn.s	f6,f23,f22	 f23:0xceff85bd f22:0x7fc00000  f6=0xceff85bd
     158025.000 ns	     15801	800035a0	014d5933	srl	x18,x26,x20	 x26:0xfe908408 x20:0x80041025 x18=0x07f48420
     158045.000 ns	     15803	800035a4	a040a3d3	feq.s	x7,f1,f4	  f1:0x40e00000  f4:0xc838a924  x7=0x00000000
     158075.000 ns	     15806	800035a8	03fca933	mulhsu	x18,x25,x31	 x25:0x00000000 x31:0xe050a001 x18=0x00000000
     158095.000 ns	     15808	800035ac	00345933	srl	x18,x8,x3	  x8:0xe050a000  x3:0xfffffbe0 x18=0xe050a000
     158125.000 ns	     15811	800035b0	11ffa8d3	fmul.s	f17,f31,f31	 f31:0xbf800000 f31:0xbf800000 f17=0x3f800000
     158155.000 ns	     15814	800035b4	032086b3	mul	x13,x1,x18	  x1:0x7fffffff x18:0x00000000 x13=0x1faf6000
     158185.000 ns	     15817	800035b8	a0470dd3	fle.s	x27,f14,f4	 f14:0x4838a924  f4:0xc838a924 x27=0x00000000
     158215.000 ns	     15820	800035bc	e00a16d3	fclass.s	x13,f20	 f20:0x402953fc x13=0x00000040
     158235.000 ns	     15822	800035c0	00185193	srli	x3,x16,0x1	 x16:0xfffffff0  x3=0x7ffffff8
     158595.000 ns	     15858	800035c4	02a86bb3	rem	x23,x16,x10	 x16:0xfffffff0 x10:0x00000001 x23=0x00000000
     158635.000 ns	     15862	800035c8	111bf853	fmul.s	f16,f23,f17	 f23:0xceff85bd f17:0x3f800000 f16=0xceff85be
     158665.000 ns	     15865	800035cc	21c004d3	fsgnj.s	f9,f0,f28	  f0:0xd7b84ccf f28:0xceff8000  f9=0xd7b84ccf
     158695.000 ns	     15868	800035d0	29af84d3	fmin.s	f9,f31,f26	 f31:0xbf800000 f26:0x80000000  f9=0xbf800000
     158725.000 ns	     15871	800035d4	a12f9dd3	flt.s	x27,f31,f18	 f31:0xbf800000 f18:0xd7b84ccf x27=0x00000000
     158745.000 ns	     15873	800035d8	4b0fc993	xori	x19,x31,1200	 x31:0xe050a001 x19=0xe050a4b1
     158755.000 ns	     15874	800035dc	00e68933	add	x18,x13,x14	 x13:0x00000040 x14:0x00000000 x18=0x00000040
     158775.000 ns	     15876	800035e0	e0040f53	fmv.x.w	x30,f8	  f8:0xceff8000 x30=0xceff8000
     158795.000 ns	     15878	800035e4	018dc6b7	lui	x13,0x18dc	 x13=0x018dc000
     158805.000 ns	     15879	800035e8	018a9513	slli	x10,x21,0x18	 x21:0x1faf5be0 x10=0xe0000000
     158835.000 ns	     15882	800035ec	11b613d3	fmul.s	f7,f12,f27	 f12:0x7fc00000 f27:0x5e7f0601  f7=0x7fc00000
     158855.000 ns	     15884	800035f0	0155db33	srl	x22,x11,x21	 x11:0xfe92938c x21:0x1faf5be0 x22=0xfe92938c
     158875.000 ns	     15886	800035f4	28be0e53	fmin.s	f28,f28,f11	 f28:0xceff8000 f11:0x4838a924 f28=0xceff8000
     158895.000 ns	     15888	800035f8	d77d4693	xori	x13,x26,-649	 x26:0xfe908408 x13=0x016f797f
     158905.000 ns	     15889	800035fc	01841913	slli	x18,x8,0x18	  x8:0xe050a000 x18=0x00000000
     158915.000 ns	     15890	80003600	01a966b3	or	x13,x18,x26	 x18:0x00000040 x26:0xfe908408 x13=0xfe908408
     158925.000 ns	     15891	80003604	01bf00b3	add	x1,x30,x27	 x30:0xceff8000 x27:0x00000000  x1=0xceff8000
     158945.000 ns	     15893	80003608	03a6a833	mulhsu	x16,x13,x26	 x13:0x016f797f x26:0xfe908408 x16=0xfe92938c
     158975.000 ns	     15896	8000360c	21c30053	fsgnj.s	f0,f6,f28	  f6:0xceff85bd f28:0xceff8000  f0=0xceff85bd
     158995.000 ns	     15898	80003610	004966b3	or	x13,x18,x4	 x18:0x00000000  x4:0x80041024 x13=0x80041024
     159015.000 ns	     15900	80003614	f00101d3	fmv.w.x	f3,x2	  x2:0xda000000  f3=0xda000000
     159045.000 ns	     15903	80003618	e0001ad3	fclass.s	x21,f0	  f0:0xceff85bd x21=0x00000002
     159075.000 ns	     15906	8000361c	02a186b3	mul	x13,x3,x10	  x3:0x7ffffff8 x10:0xe0000000 x13=0x00000000
     159095.000 ns	     15908	80003620	40d70fb3	sub	x31,x14,x13	 x14:0x00000000 x13:0x80041024 x31=0x00000000
     159115.000 ns	     15910	80003624	e0000a53	fmv.x.w	x20,f0	  f0:0xceff85bd x20=0xceff85bd
     159145.000 ns	     15913	80003628	0204ed33	rem	x26,x9,x0	  x9:0x00000000  x0:0x00000000 x26=0x00000000
     159515.000 ns	     15950	8000362c	03ea5433	divu	x8,x20,x30	 x20:0xceff85bd x30:0xceff8000  x8=0x00000001
     159535.000 ns	     15952	80003630	ba502413	slti	x8,x0,-1115	  x0:0x00000000  x8=0x00000000
     159545.000 ns	     15953	80003634	00000013	addi	x0,x0,0	  x0:0x00000000
     159555.000 ns	     15954	80003638	960a68b7	lui	x17,0x960a6	 x17=0x960a6000
     159595.000 ns	     15958	8000363c	018f77d3	fadd.s	f15,f30,f24	 f30:0x00000000 f24:0xffc00000 f15=0x7fc00000
     159625.000 ns	     15961	80003640	029c8533	mul	x10,x25,x9	 x25:0x00000000  x9:0x00000000 x10=0x00000000
     159655.000 ns	     15964	80003644	a0521ed3	flt.s	x29,f4,f5	  f4:0xc838a924  f5:0x4eff8000 x29=0x00000001
     159675.000 ns	     15966	80003648	006e9c93	slli	x25,x29,0x6	 x29:0x0002e2a4 x25=0x00000040
     159695.000 ns	     15968	8000364c	28d189d3	fmin.s	f19,f3,f13	  f3:0xda000000 f13:0x44c0a000 f19=0xda000000
     159715.000 ns	     15970	80003650	005ab0b3	sltu	x1,x21,x5	 x21:0x00000002  x5:0x00000000  x1=0x00000000
     159745.000 ns	     15973	80003654	11d9cdd3	fmul.s	f27,f19,f29	 f19:0xda000000 f29:0xc4c0a000 f27=0x5f40a000
     159775.000 ns	     15976	80003658	c005fdd3	fcvt.w.s	x27,f11	 f11:0x4838a924 x27=0x0002e2a4
     159795.000 ns	     15978	8000365c	1f494a13	xori	x20,x18,500	 x18:0x00000000 x20=0x000001f4
     159805.000 ns	     15979	80003660	d848a513	slti	x10,x17,-636	 x17:0x960a6000 x10=0x00000001
     159825.000 ns	     15981	80003664	02ed2733	mulhsu	x14,x26,x14	 x26:0x00000000 x14:0x00000000 x14=0x00000000
     159855.000 ns	     15984	80003668	29ab08d3	fmin.s	f17,f22,f26	 f22:0x7fc00000 f26:0x80000000 f17=0x80000000
     159885.000 ns	     15987	8000366c	20a81a53	fsgnjn.s	f20,f16,f10	 f16:0xceff85be f10:0xc4c0a000 f20=0x4eff85be
     159935.000 ns	     15992	80003670	08c1f353	fsub.s	f6,f3,f12	  f3:0xda000000 f12:0x7fc00000  f6=0x7fc00000
     159965.000 ns	     15995	80003674	02f68533	mul	x10,x13,x15	 x13:0x00000000 x15:0x00000001 x10=0x00000000
     159995.000 ns	     15998	80003678	a0abac53	feq.s	x24,f23,f10	 f23:0xceff85bd f10:0xc4c0a000 x24=0x00000000
     160025.000 ns	     16001	8000367c	293b0653	fmin.s	f12,f22,f19	 f22:0x7fc00000 f19:0xda000000 f12=0xda000000
     160055.000 ns	     16004	80003680	a0db2dd3	feq.s	x27,f22,f13	 f22:0x7fc00000 f13:0x44c0a000 x27=0x00000000
     160085.000 ns	     16007	80003684	a07ea853	feq.s	x16,f29,f7	 f29:0xc4c0a000  f7:0x7fc00000 x16=0x00000000
     160115.000 ns	     16010	80003688	214e16d3	fsgnjn.s	f13,f28,f20	 f28:0xceff8000 f20:0x4eff85be f13=0xceff8000
     160135.000 ns	     16012	8000368c	01b16033	or	x0,x2,x27	  x2:0xda000000 x27:0x00000000
     160465.000 ns	     16045	80003690	183b97d3	fdiv.s	f15,f23,f3	 f23:0xceff85bd  f3:0xda000000 f15=0x33ff85be
     160495.000 ns	     16048	80003694	e0050853	fmv.x.w	x16,f10	 f10:0xc4c0a000 x16=0xc4c0a000
     160515.000 ns	     16050	80003698	da594c93	xori	x25,x18,-603	 x18:0x00000000 x25=0xfffffda5
     160525.000 ns	     16051	8000369c	00611d93	slli	x27,x2,0x6	  x2:0xda000000 x27=0x80000000
     160535.000 ns	     16052	800036a0	00e07d33	and	x26,x0,x14	  x0:0x00000000 x14:0x00000000 x26=0x00000000
     160565.000 ns	     16055	800036a4	5803f853	fsqrt.s	f16,f7	  f7:0x7fc00000 f16=0x7fc00000
     160585.000 ns	     16057	800036a8	41bb5d93	srai	x27,x22,0x1b	 x22:0xfe92938c x27=0xffffffff
     160595.000 ns	     16058	800036ac	00de59b3	srl	x19,x28,x13	 x28:0x00000007 x13:0x00000000 x19=0x00000007
     160605.000 ns	     16059	800036b0	273cc993	xori	x19,x25,627	 x25:0xfffffda5 x19=0xffffffd6
     160615.000 ns	     16060	800036b4	40ef80b3	sub	x1,x31,x14	 x31:0x00000000 x14:0x00000000  x1=0x00000000
     160635.000 ns	     16062	800036b8	e0011d53	fclass.s	x26,f2	  f2:0xc447c000 x26=0x00000002
     160665.000 ns	     16065	800036bc	29a51853	fmax.s	f16,f10,f26	 f10:0xc4c0a000 f26:0x80000000 f16=0x80000000
     160685.000 ns	     16067	800036c0	0108b433	sltu	x8,x17,x16	 x17:0x960a6000 x16:0xc4c0a000  x8=0x00000001
     160695.000 ns	     16068	800036c4	015789b3	add	x19,x15,x21	 x15:0x00000001 x21:0x00000002 x19=0x00000003
     160705.000 ns	     16069	800036c8	01402933	slt	x18,x0,x20	  x0:0x00000000 x20:0x000001f4 x18=0x00000001
     160725.000 ns	     16071	800036cc	e00b1a53	fclass.s	x20,f22	 f22:0x7fc00000 x20=0x00000200
     160755.000 ns	     16074	800036d0	c0052153	fcvt.w.s	x2,f10	 f10:0xc4c0a000  x2=0xfffff9fb
     160775.000 ns	     16076	800036d4	584ae593	ori	x11,x21,1412	 x21:0x00000002 x11=0x00000586
     160785.000 ns	     16077	800036d8	b0c86c13	ori	x24,x16,-1268	 x16:0xc4c0a000 x24=0xfffffb0c
     160805.000 ns	     16079	800036dc	e00380d3	fmv.x.w	x1,f7	  f7:0x7fc00000  x1=0x7fc00000
     161175.000 ns	     16116	800036e0	03a3cd33	div	x26,x7,x26	  x7:0x00000000 x26:0x00000002 x26=0x00000000
     161195.000 ns	     16118	800036e4	003b17b3	sll	x15,x22,x3	 x22:0xfe92938c  x3:0x7ffffff8 x15=0x8c000000
     161215.000 ns	     16120	800036e8	282909d3	fmin.s	f19,f18,f2	 f18:0xd7b84ccf  f2:0xc447c000 f19=0xd7b84ccf
     161585.000 ns	     16157	800036ec	02fb51b3	divu	x3,x22,x15	 x22:0xfe92938c x15:0x00000001  x3=0x00000001
     161605.000 ns	     16159	800036f0	417c8733	sub	x14,x25,x23	 x25:0xfffffda5 x23:0x00000000 x14=0xfffffda5
     161615.000 ns	     16160	800036f4	d3cfa093	slti	x1,x31,-708	 x31:0x00000000  x1=0x00000000
     161625.000 ns	     16161	800036f8	d53e2793	slti	x15,x28,-685	 x28:0x00000007 x15=0x00000000
     161645.000 ns	     16163	800036fc	a1d0a9d3	feq.s	x19,f1,f29	  f1:0x40e00000 f29:0xc4c0a000 x19=0x00000000
     161665.000 ns	     16165	80003700	00169313	slli	x6,x13,0x1	 x13:0x00000000  x6=0x00000000
     161685.000 ns	     16167	80003704	f00909d3	fmv.w.x	f19,x18	 x18:0x00000001 f19=0x00000001
     161705.000 ns	     16169	80003708	45238e93	addi	x29,x7,1106	  x7:0x00000000 x29=0x00000452
     161715.000 ns	     16170	8000370c	416b0c33	sub	x24,x22,x22	 x22:0xfe92938c x22:0xfe92938c x24=0x00000000
     161735.000 ns	     16172	80003710	20670c53	fsgnj.s	f24,f14,f6	 f14:0x4838a924  f6:0x7fc00000 f24=0x4838a924
     162915.000 ns	     16290	80003714	58058453	fsqrt.s	f8,f11	 f11:0x4838a924  f8=0x43829313
     162935.000 ns	     16292	80003718	4080dab3	sra	x21,x1,x8	  x1:0x00000000  x8:0x00000001 x21=0x00000000
     162955.000 ns	     16294	8000371c	28451e53	fmax.s	f28,f10,f4	 f10:0xc4c0a000  f4:0xc838a924 f28=0xc4c0a000
     162985.000 ns	     16297	80003720	031a3133	mulhu	x2,x20,x17	 x20:0x00000200 x17:0x960a6000  x2=0x0000012c
     163015.000 ns	     16300	80003724	02b388b3	mul	x17,x7,x11	  x7:0x00000000 x11:0x00000586 x17=0x00000000
     163045.000 ns	     16303	80003728	e00d81d3	fmv.x.w	x3,f27	 f27:0x5f40a000  x3=0x5f40a000
     163075.000 ns	     16306	8000372c	a1d28ed3	fle.s	x29,f5,f29	  f5:0x4eff8000 f29:0xc4c0a000 x29=0x00000000
     163095.000 ns	     16308	80003730	40375d93	srai	x27,x14,0x3	 x14:0xfffffda5 x27=0xffffffb4
     163105.000 ns	     16309	80003734	012d1b33	sll	x22,x26,x18	 x26:0x00000000 x18:0x00000001 x22=0x00000000
     163125.000 ns	     16311	80003738	218586d3	fsgnj.s	f13,f11,f24	 f11:0x4838a924 f24:0x4838a924 f13=0x4838a924
     163165.000 ns	     16315	8000373c	18af2c53	fdiv.s	f24,f30,f10	 f30:0x00000000 f10:0xc4c0a000 f24=0x80000000
     163185.000 ns	     16317	80003740	004b0cb3	add	x25,x22,x4	 x22:0x00000000  x4:0x80041024 x25=0x80041024
     163195.000 ns	     16318	80003744	0194f3b3	and	x7,x9,x25	  x9:0x00000000 x25:0xfffffda5  x7=0x00000000
     163215.000 ns	     16320	80003748	029941b3	div	x3,x18,x9	 x18:0x00000001  x9:0x00000000  x3=0xffffffff
     163235.000 ns	     16322	8000374c	41370ab3	sub	x21,x14,x19	 x14:0xfffffda5 x19:0x00000000 x21=0xfffffda5
     163245.000 ns	     16323	80003750	00000013	addi	x0,x0,0	  x0:0x00000000
     163285.000 ns	     16327	80003754	088370d3	fsub.s	f1,f6,f8	  f6:0x7fc00000  f8:0x43829313  f1=0x7fc00000
     163305.000 ns	     16329	80003758	00949413	slli	x8,x9,0x9	  x9:0x00000000  x8=0x00000000
     163325.000 ns	     16331	8000375c	a15d23d3	feq.s	x7,f26,f21	 f26:0x80000000 f21:0x3f800000  x7=0x00000000
     163345.000 ns	     16333	80003760	006124b3	slt	x9,x2,x6	  x2:0x0000012c  x6:0x00000000  x9=0x00000000
     163355.000 ns	     16334	80003764	0054e8b3	or	x17,x9,x5	  x9:0x00000000  x5:0x00000000 x17=0x00000000
     163375.000 ns	     16336	80003768	a1e427d3	feq.s	x15,f8,f30	  f8:0x43829313 f30:0x00000000 x15=0x00000000
     163405.000 ns	     16339	8000376c	02a70033	mul	x0,x14,x10	 x14:0xfffffda5 x10:0x00000000
     163435.000 ns	     16342	80003770	c006fa53	fcvt.w.s	x20,f13	 f13:0x4838a924 x20=0x0002e2a4
     163455.000 ns	     16344	80003774	d1cb1eb7	lui	x29,0xd1cb1	 x29=0xd1cb1000
     163465.000 ns	     16345	80003778	00f21fb3	sll	x31,x4,x15	  x4:0x80041024 x15:0x00000000 x31=0x80041024
     163475.000 ns	     16346	8000377c	0075cc33	xor	x24,x11,x7	 x11:0x00000586  x7:0x00000000 x24=0x00000586
     163805.000 ns	     16379	80003780	18f4fad3	fdiv.s	f21,f9,f15	  f9:0xbf800000 f15:0x33ff85be f21=0xcb34b4ae
     163825.000 ns	     16381	80003784	661b3f13	sltiu	x30,x22,1633	 x22:0x00000000 x30=0x00000001
     163845.000 ns	     16383	80003788	03c7ab33	mulhsu	x22,x15,x28	 x15:0x00000000 x28:0x00000007 x22=0x00000000
     164215.000 ns	     16420	8000378c	03d368b3	rem	x17,x6,x29	  x6:0x00000000 x29:0xd1cb1000 x17=0x00000000
     164245.000 ns	     16423	80003790	d01272d3	fcvt.s.wu	f5,x4	  x4:0x80041024  f5=0x4f000410
     164275.000 ns	     16426	80003794	20d92853	fsgnjx.s	f16,f18,f13	 f18:0xd7b84ccf f13:0x4838a924 f16=0xd7b84ccf
     164305.000 ns	     16429	80003798	c00c7953	fcvt.w.s	x18,f24	 f24:0x80000000 x18=0x00000000
     164675.000 ns	     16466	8000379c	03df58b3	divu	x17,x30,x29	 x30:0x00000001 x29:0xd1cb1000 x17=0x00000000
     164705.000 ns	     16469	800037a0	028314b3	mulh	x9,x6,x8	  x6:0x00000000  x8:0x00000000  x9=0x00000000
     164735.000 ns	     16472	800037a4	282297d3	fmax.s	f15,f5,f2	  f5:0x4f000410  f2:0xc447c000 f15=0x4f000410
     164765.000 ns	     16475	800037a8	a02b90d3	flt.s	x1,f23,f2	 f23:0xceff85bd  f2:0xc447c000  x1=0x00000001
     164795.000 ns	     16478	800037ac	28670b53	fmin.s	f22,f14,f6	 f14:0x4838a924  f6:0x7fc00000 f22=0x4838a924
     164815.000 ns	     16480	800037b0	013cda33	srl	x20,x25,x19	 x25:0x80041024 x19:0x00000000 x20=0x80041024
     164855.000 ns	     16484	800037b4	015c7c53	fadd.s	f24,f24,f21	 f24:0x80000000 f21:0xcb34b4ae f24=0xcb34b4ae
     164875.000 ns	     16486	800037b8	91a7ff13	andi	x30,x15,-1766	 x15:0x00000000 x30=0x00000000
     164895.000 ns	     16488	800037bc	e00e9053	fclass.s	x0,f29	 f29:0xc4c0a000
     164925.000 ns	     16491	800037c0	035b3eb3	mulhu	x29,x22,x21	 x22:0x00000000 x21:0xfffffda5 x29=0x00000000
     164975.000 ns	     16496	800037c4	08fe1a53	fsub.s	f20,f28,f15	 f28:0xc4c0a000 f15:0x4f000410 f20=0xcf000416
     165345.000 ns	     16533	800037c8	02ec4433	div	x8,x24,x14	 x24:0x00000586 x14:0xfffffda5  x8=0xfffffffe
     165365.000 ns	     16535	800037cc	41015813	srai	x16,x2,0x10	  x2:0x0000012c x16=0x00000000
     165395.000 ns	     16538	800037d0	111478d3	fmul.s	f17,f8,f17	  f8:0x43829313 f17:0x80000000 f17=0x80000000
     165415.000 ns	     16540	800037d4	f7171437	lui	x8,0xf7171	  x8=0xf7171000
     165425.000 ns	     16541	800037d8	00e55eb3	srl	x29,x10,x14	 x10:0x00000000 x14:0xfffffda5 x29=0x00000000
     165755.000 ns	     16574	800037dc	18cb97d3	fdiv.s	f15,f23,f12	 f23:0xceff85bd f12:0xda000000 f15=0x33ff85be
     165775.000 ns	     16576	800037e0	38b34b93	xori	x23,x6,907	  x6:0x00000000 x23=0x0000038b
     165795.000 ns	     16578	800037e4	03ed7333	remu	x6,x26,x30	 x26:0x00000000 x30:0x00000000  x6=0x00000000
     166975.000 ns	     16696	800037e8	5806f053	fsqrt.s	f0,f13	 f13:0x4838a924  f0=0x43829313
     166995.000 ns	     16698	800037ec	41b03113	sltiu	x2,x0,1051	  x0:0x00000000  x2=0x00000001
     167005.000 ns	     16699	800037f0	00dfc033	xor	x0,x31,x13	 x31:0x80041024 x13:0x00000000
     167025.000 ns	     16701	800037f4	a08722d3	feq.s	x5,f14,f8	 f14:0x4838a924  f8:0x43829313  x5=0x00000000
     167045.000 ns	     16703	800037f8	00000013	addi	x0,x0,0	  x0:0x00000000
     167055.000 ns	     16704	800037fc	40fb5a13	srai	x20,x22,0xf	 x22:0x00000000 x20=0x00000000
     167075.000 ns	     16706	80003800	2079a6d3	fsgnjx.s	f13,f19,f7	 f19:0x00000001  f7:0x7fc00000 f13=0x00000001
     167105.000 ns	     16709	80003804	20dca853	fsgnjx.s	f16,f25,f13	 f25:0x80000000 f13:0x4838a924 f16=0x80000000
     167445.000 ns	     16743	80003808	184e05d3	fdiv.s	f11,f28,f4	 f28:0xc4c0a000  f4:0xc838a924 f11=0x3bf5bcf0
     167465.000 ns	     16745	8000380c	5d4d2a37	lui	x20,0x5d4d2	 x20=0x5d4d2000
     167475.000 ns	     16746	80003810	400dda33	sra	x20,x27,x0	 x27:0xffffffb4  x0:0x00000000 x20=0xffffffb4
     167485.000 ns	     16747	80003814	00000013	addi	x0,x0,0	  x0:0x00000000
     167495.000 ns	     16748	80003818	010604b3	add	x9,x12,x16	 x12:0x80040fe4 x16:0x00000000  x9=0x80040fe4
     167515.000 ns	     16750	8000381c	a1478cd3	fle.s	x25,f15,f20	 f15:0x33ff85be f20:0xcf000416 x25=0x00000000
     167535.000 ns	     16752	80003820	4088d5b3	sra	x11,x17,x8	 x17:0x00000000  x8:0xf7171000 x11=0x00000000
     167545.000 ns	     16753	80003824	00a3e7b3	or	x15,x7,x10	  x7:0x00000000 x10:0x00000000 x15=0x00000000
     167565.000 ns	     16755	80003828	027cfa33	remu	x20,x25,x7	 x25:0x00000000  x7:0x00000000 x20=0x00000000
     167585.000 ns	     16757	8000382c	0145adb3	slt	x27,x11,x20	 x11:0x00000000 x20:0xffffffb4 x27=0x00000000
     167605.000 ns	     16759	80003830	a083aed3	feq.s	x29,f7,f8	  f7:0x7fc00000  f8:0x43829313 x29=0x00000000
     167625.000 ns	     16761	80003834	00b9af33	slt	x30,x19,x11	 x19:0x00000000 x11:0x00000000 x30=0x00000000
     167635.000 ns	     16762	80003838	40235ab3	sra	x21,x6,x2	  x6:0x00000000  x2:0x00000001 x21=0x00000000
     167645.000 ns	     16763	8000383c	00a966b3	or	x13,x18,x10	 x18:0x00000000 x10:0x00000000 x13=0x00000000
     167655.000 ns	     16764	80003840	8cc23b37	lui	x22,0x8cc23	 x22=0x8cc23000
     167665.000 ns	     16765	80003844	4038d693	srai	x13,x17,0x3	 x17:0x00000000 x13=0x00000000
     167675.000 ns	     16766	80003848	01723113	sltiu	x2,x4,23	  x4:0x80041024  x2=0x00000000
     167685.000 ns	     16767	8000384c	40435cb3	sra	x25,x6,x4	  x6:0x00000000  x4:0x80041024 x25=0x00000000
     167705.000 ns	     16769	80003850	e00d96d3	fclass.s	x13,f27	 f27:0x5f40a000 x13=0x00000040
     167735.000 ns	     16772	80003854	a1b4a7d3	feq.s	x15,f9,f27	  f9:0xbf800000 f27:0x5f40a000 x15=0x00000000
     168105.000 ns	     16809	80003858	03f1f333	remu	x6,x3,x31	  x3:0xffffffff x31:0x80041024  x6=0x7ffbefdb
     168135.000 ns	     16812	8000385c	a0d8a853	feq.s	x16,f17,f13	 f17:0x80000000 f13:0x00000001 x16=0x00000000
     168155.000 ns	     16814	80003860	62c6bcb7	lui	x25,0x62c6b	 x25=0x62c6b000
     168195.000 ns	     16818	80003864	09c5bbd3	fsub.s	f23,f11,f28	 f11:0x3bf5bcf0 f28:0xc4c0a000 f23=0x44c0a03e
     168225.000 ns	     16821	80003868	a1152c53	feq.s	x24,f10,f17	 f10:0xc4c0a000 f17:0x80000000 x24=0x00000000
     168255.000 ns	     16824	8000386c	03a4f733	remu	x14,x9,x26	  x9:0x80040fe4 x26:0x00000000 x14=0x80040fe4
     168285.000 ns	     16827	80003870	21351253	fsgnjn.s	f4,f10,f19	 f10:0xc4c0a000 f19:0x00000001  f4=0xc4c0a000
     168305.000 ns	     16829	80003874	0068e7b3	or	x15,x17,x6	 x17:0x00000000  x6:0x7ffbefdb x15=0x7ffbefdb
     168315.000 ns	     16830	80003878	41b30fb3	sub	x31,x6,x27	  x6:0x7ffbefdb x27:0x00000000 x31=0x7ffbefdb
     168325.000 ns	     16831	8000387c	0187aa33	slt	x20,x15,x24	 x15:0x00000000 x24:0x00000000 x20=0x00000000
     168345.000 ns	     16833	80003880	21d31b53	fsgnjn.s	f22,f6,f29	  f6:0x7fc00000 f29:0xc4c0a000 f22=0x7fc00000
     168365.000 ns	     16835	80003884	0126aa33	slt	x20,x13,x18	 x13:0x00000040 x18:0x00000000 x20=0x00000000
     168385.000 ns	     16837	80003888	c00bf1d3	fcvt.w.s	x3,f23	 f23:0x44c0a03e  x3=0x00000605
     168405.000 ns	     16839	8000388c	01da0733	add	x14,x20,x29	 x20:0x00000000 x29:0x00000000 x14=0x00000000
     168415.000 ns	     16840	80003890	00000013	addi	x0,x0,0	  x0:0x00000000
     168435.000 ns	     16842	80003894	f00f0c53	fmv.w.x	f24,x30	 x30:0x00000000 f24=0x00000000
     168455.000 ns	     16844	80003898	00e8df33	srl	x30,x17,x14	 x17:0x00000000 x14:0x00000000 x30=0x00000000
     168475.000 ns	     16846	8000389c	c01a4bd3	fcvt.wu.s	x23,f20	 f20:0xcf000416 x23=0x80041600
     168495.000 ns	     16848	800038a0	41c78d33	sub	x26,x15,x28	 x15:0x7ffbefdb x28:0x00000007 x26=0x7ffbefd4
     168515.000 ns	     16850	800038a4	289f1053	fmax.s	f0,f30,f9	 f30:0x00000000  f9:0xbf800000  f0=0x00000000
     168565.000 ns	     16855	800038a8	09c946d3	fsub.s	f13,f18,f28	 f18:0xd7b84ccf f28:0xc4c0a000 f13=0xd7b84ccf
     168585.000 ns	     16857	800038ac	01dc28b3	slt	x17,x24,x29	 x24:0x00000000 x29:0x00000000 x17=0x00000000
     168595.000 ns	     16858	800038b0	53118513	addi	x10,x3,1329	  x3:0x00000605 x10=0x00000b36
     168605.000 ns	     16859	800038b4	41bc8bb3	sub	x23,x25,x27	 x25:0x62c6b000 x27:0x00000000 x23=0x62c6b000
     168625.000 ns	     16861	800038b8	a0b806d3	fle.s	x13,f16,f11	 f16:0x80000000 f11:0x3bf5bcf0 x13=0x00000001
     168645.000 ns	     16863	800038bc	014e11b3	sll	x3,x28,x20	 x28:0x00000007 x20:0x00000000  x3=0x00000007
     168655.000 ns	     16864	800038c0	52edbd13	sltiu	x26,x27,1326	 x27:0x00000000 x26=0x00000001
     168665.000 ns	     16865	800038c4	00f5f3b3	and	x7,x11,x15	 x11:0x00000000 x15:0x7ffbefdb  x7=0x00000000
     169025.000 ns	     16901	800038c8	03a2f333	remu	x6,x5,x26	  x5:0x00000000 x26:0x7ffbefd4  x6=0x00000000
     169055.000 ns	     16904	800038cc	213408d3	fsgnj.s	f17,f8,f19	  f8:0x43829313 f19:0x00000001 f17=0x43829313
     169085.000 ns	     16907	800038d0	21d29653	fsgnjn.s	f12,f5,f29	  f5:0x4f000410 f29:0xc4c0a000 f12=0x4f000410
     169105.000 ns	     16909	800038d4	00c0d933	srl	x18,x1,x12	  x1:0x00000001 x12:0x80040fe4 x18=0x00000000
     169125.000 ns	     16911	800038d8	a12c0ad3	fle.s	x21,f24,f18	 f24:0x00000000 f18:0xd7b84ccf x21=0x00000000
     169145.000 ns	     16913	800038dc	00038c33	add	x24,x7,x0	  x7:0x00000000  x0:0x00000000 x24=0x00000000
     169155.000 ns	     16914	800038e0	01074933	xor	x18,x14,x16	 x14:0x00000000 x16:0x00000000 x18=0x00000000
     169165.000 ns	     16915	800038e4	00c281b3	add	x3,x5,x12	  x5:0x00000000 x12:0x80040fe4  x3=0x80040fe4
     169185.000 ns	     16917	800038e8	e00499d3	fclass.s	x19,f9	  f9:0xbf800000 x19=0x00000002
     169205.000 ns	     16919	800038ec	ffcef513	andi	x10,x29,-4	 x29:0x00000000 x10=0x00000000
     169215.000 ns	     16920	800038f0	c9517893	andi	x17,x2,-875	  x2:0x00000000 x17=0x00000000
     169235.000 ns	     16922	800038f4	c01f2a53	fcvt.wu.s	x20,f30	 f30:0x00000000 x20=0x00000000
     169265.000 ns	     16925	800038f8	e0081753	fclass.s	x14,f16	 f16:0x80000000 x14=0x00000008
     169295.000 ns	     16928	800038fc	03fd1db3	mulh	x27,x26,x31	 x26:0x00000001 x31:0x7ffbefdb x27=0x00000000
     169335.000 ns	     16932	80003900	108a40d3	fmul.s	f1,f20,f8	 f20:0xcf000416  f8:0x43829313  f1=0xd302973e
     169375.000 ns	     16936	80003904	11d64553	fmul.s	f10,f12,f29	 f12:0x4f000410 f29:0xc4c0a000 f10=0xd440a61e
     169405.000 ns	     16939	80003908	03151bb3	mulh	x23,x10,x17	 x10:0x00000000 x17:0x00000000 x23=0x00000000
     169435.000 ns	     16942	8000390c	21bd1a53	fsgnjn.s	f20,f26,f27	 f26:0x80000000 f27:0x5f40a000 f20=0x80000000
     169465.000 ns	     16945	80003910	0377c033	div	x0,x15,x23	 x15:0x7ffbefdb x23:0x00000000
     169485.000 ns	     16947	80003914	00374ab3	xor	x21,x14,x3	 x14:0x00000008  x3:0x80040fe4 x21=0x80040fec
     169505.000 ns	     16949	80003918	024403b3	mul	x7,x8,x4	  x8:0xf7171000  x4:0x80041024  x7=0x703e4000
     169545.000 ns	     16953	8000391c	580130d3	fsqrt.s	f1,f2	  f2:0xc447c000  f1=0x7fc00000
     169565.000 ns	     16955	80003920	00783ab3	sltu	x21,x16,x7	 x16:0x00000000  x7:0x703e4000 x21=0x00000001
     169585.000 ns	     16957	80003924	03f8b733	mulhu	x14,x17,x31	 x17:0x00000000 x31:0x7ffbefdb x14=0x00000000
     169605.000 ns	     16959	80003928	00daf033	and	x0,x21,x13	 x21:0x80040fec x13:0x00000001
     169625.000 ns	     16961	8000392c	a16025d3	feq.s	x11,f0,f22	  f0:0x00000000 f22:0x7fc00000 x11=0x00000000
     169965.000 ns	     16995	80003930	184679d3	fdiv.s	f19,f12,f4	 f12:0x4f000410  f4:0xc4c0a000 f19=0xc9dc53a8
     169995.000 ns	     16998	80003934	20141253	fsgnjn.s	f4,f8,f1	  f8:0x43829313  f1:0x7fc00000  f4=0xc3829313
     170025.000 ns	     17001	80003938	032e6cb3	rem	x25,x28,x18	 x28:0x00000007 x18:0x00000000 x25=0x00000007
     170055.000 ns	     17004	8000393c	d00b43d3	fcvt.s.w	f7,x22	 x22:0x8cc23000  f7=0xcee67ba0
     170085.000 ns	     17007	80003940	038727b3	mulhsu	x15,x14,x24	 x14:0x00000000 x24:0x00000000 x15=0x00000000
     170115.000 ns	     17010	80003944	c0088ad3	fcvt.w.s	x21,f17	 f17:0x43829313 x21=0x00000105
     170135.000 ns	     17012	80003948	983ffd93	andi	x27,x31,-1661	 x31:0x7ffbefdb x27=0x7ffbe983
     170145.000 ns	     17013	8000394c	01755093	srli	x1,x10,0x17	 x10:0x00000000  x1=0x00000000
     170155.000 ns	     17014	80003950	0154a333	slt	x6,x9,x21	  x9:0x80040fe4 x21:0x00000105  x6=0x00000001
     170165.000 ns	     17015	80003954	8043aa13	slti	x20,x7,-2044	  x7:0x703e4000 x20=0x00000000
     170175.000 ns	     17016	80003958	c89c9c37	lui	x24,0xc89c9	 x24=0xc89c9000
     170195.000 ns	     17018	8000395c	e0068353	fmv.x.w	x6,f13	 f13:0xd7b84ccf  x6=0xd7b84ccf
     170215.000 ns	     17020	80003960	01f4fd33	and	x26,x9,x31	  x9:0x80040fe4 x31:0x7ffbefdb x26=0x00000fc0
     170235.000 ns	     17022	80003964	026fa9b3	mulhsu	x19,x31,x6	 x31:0x7ffbefdb  x6:0xd7b84ccf x19=0x6bd8b9eb
     170255.000 ns	     17024	80003968	7839ce93	xori	x29,x19,1923	 x19:0x00000002 x29=0x6bd8be68
     170265.000 ns	     17025	8000396c	00e940b3	xor	x1,x18,x14	 x18:0x00000000 x14:0x00000000  x1=0x00000000
     170275.000 ns	     17026	80003970	41b6dcb3	sra	x25,x13,x27	 x13:0x00000001 x27:0x7ffbe983 x25=0x00000000
     170605.000 ns	     17059	80003974	19dfa453	fdiv.s	f8,f31,f29	 f31:0xbf800000 f29:0xc4c0a000  f8=0x3a5c4caa
     170635.000 ns	     17062	80003978	c0179c53	fcvt.wu.s	x24,f15	 f15:0x33ff85be x24=0x00000000
     170655.000 ns	     17064	8000397c	5053f593	andi	x11,x7,1285	  x7:0x703e4000 x11=0x00000000
     170675.000 ns	     17066	80003980	a12d09d3	fle.s	x19,f26,f18	 f26:0x80000000 f18:0xd7b84ccf x19=0x00000000
     170715.000 ns	     17070	80003984	11e27cd3	fmul.s	f25,f4,f30	  f4:0xc3829313 f30:0x00000000 f25=0x80000000
     171085.000 ns	     17107	80003988	028a64b3	rem	x9,x20,x8	 x20:0x00000000  x8:0xf7171000  x9=0x00000000
     171115.000 ns	     17110	8000398c	d00f45d3	fcvt.s.w	f11,x30	 x30:0x00000000 f11=0x00000000
     171155.000 ns	     17114	80003990	10258b53	fmul.s	f22,f11,f2	 f11:0x3bf5bcf0  f2:0xc447c000 f22=0x80000000
     171175.000 ns	     17116	80003994	0df82093	slti	x1,x16,223	 x16:0x00000000  x1=0x00000001
     171195.000 ns	     17118	80003998	29401553	fmax.s	f10,f0,f20	  f0:0x00000000 f20:0x80000000 f10=0x00000000
     171215.000 ns	     17120	8000399c	016297b3	sll	x15,x5,x22	  x5:0x00000000 x22:0x8cc23000 x15=0x00000000
     171225.000 ns	     17121	800039a0	70df0493	addi	x9,x30,1805	 x30:0x00000000  x9=0x0000070d
     171245.000 ns	     17123	800039a4	295115d3	fmax.s	f11,f2,f21	  f2:0xc447c000 f21:0xcb34b4ae f11=0xc447c000
     171275.000 ns	     17126	800039a8	035e25b3	mulhsu	x11,x28,x21	 x28:0x00000007 x21:0x00000105 x11=0x00000000
     171305.000 ns	     17129	800039ac	d0197c53	fcvt.s.wu	f24,x18	 x18:0x00000000 f24=0x00000000
     171325.000 ns	     17131	800039b0	83966b17	auipc	x22,0x83966	 x22=0x039699b0
     171345.000 ns	     17133	800039b4	02fb1033	mulh	x0,x22,x15	 x22:0x8cc23000 x15:0x00000000
     171365.000 ns	     17135	800039b8	08286f93	ori	x31,x16,130	 x16:0x00000000 x31=0x00000082
     171385.000 ns	     17137	800039bc	28d103d3	fmin.s	f7,f2,f13	  f2:0xc447c000 f13:0xd7b84ccf  f7=0xd7b84ccf
     171415.000 ns	     17140	800039c0	03f491b3	mulh	x3,x9,x31	  x9:0x0000070d x31:0x7ffbefdb  x3=0x00000000
     171435.000 ns	     17142	800039c4	008e1f13	slli	x30,x28,0x8	 x28:0x00000007 x30=0x00000700
     171455.000 ns	     17144	800039c8	a17f93d3	flt.s	x7,f31,f23	 f31:0xbf800000 f23:0x44c0a03e  x7=0x00000001
     171485.000 ns	     17147	800039cc	296b96d3	fmax.s	f13,f23,f22	 f23:0x44c0a03e f22:0x80000000 f13=0x44c0a03e
     171505.000 ns	     17149	800039d0	41a08a33	sub	x20,x1,x26	  x1:0x00000001 x26:0x00000fc0 x20=0xfffff041
     171525.000 ns	     17151	800039d4	c018ab53	fcvt.wu.s	x22,f17	 f17:0x43829313 x22=0x00000106
     171555.000 ns	     17154	800039d8	d01183d3	fcvt.s.wu	f7,x3	  x3:0x00000000  f7=0x00000000
     171575.000 ns	     17156	800039dc	77996113	ori	x2,x18,1913	 x18:0x00000000  x2=0x00000779
     171585.000 ns	     17157	800039e0	01965313	srli	x6,x12,0x19	 x12:0x80040fe4  x6=0x00000040
     171605.000 ns	     17159	800039e4	f00f0d53	fmv.w.x	f26,x30	 x30:0x00000700 f26=0x00000700
     171625.000 ns	     17161	800039e8	010be3b3	or	x7,x23,x16	 x23:0x00000000 x16:0x00000000  x7=0x00000000
     171645.000 ns	     17163	800039ec	d00a7dd3	fcvt.s.w	f27,x20	 x20:0xfffff041 f27=0xc57bf000
     171665.000 ns	     17165	800039f0	00145413	srli	x8,x8,0x1	  x8:0xf7171000  x8=0x7b8b8800
     171675.000 ns	     17166	800039f4	1c8eef13	ori	x30,x29,456	 x29:0x6bd8be68 x30=0x6bd8bfe8
     171685.000 ns	     17167	800039f8	9bdeb413	sltiu	x8,x29,-1603	 x29:0x6bd8be68  x8=0x00000001
     171695.000 ns	     17168	800039fc	0c548017	auipc	x0,0xc548	
     171715.000 ns	     17170	80003a00	a02c2bd3	feq.s	x23,f24,f2	 f24:0x00000000  f2:0xc447c000 x23=0x00000000
     171735.000 ns	     17172	80003a04	404e0c33	sub	x24,x28,x4	 x28:0x00000007  x4:0x80041024 x24=0x7ffbefe3
     171765.000 ns	     17175	80003a08	1875f453	fdiv.s	f8,f11,f7	 f11:0xc447c000  f7:0x00000000  f8=0xff800000
     171785.000 ns	     17177	80003a0c	419ad393	srai	x7,x21,0x19	 x21:0x00000105  x7=0x00000000
     171805.000 ns	     17179	80003a10	206708d3	fsgnj.s	f17,f14,f6	 f14:0x4838a924  f6:0x7fc00000 f17=0x4838a924
     171835.000 ns	     17182	80003a14	a11f2d53	feq.s	x26,f30,f17	 f30:0x00000000 f17:0x43829313 x26=0x00000000
     171865.000 ns	     17185	80003a18	c00191d3	fcvt.w.s	x3,f3	  f3:0xda000000  x3=0x80000000
     171885.000 ns	     17187	80003a1c	5310a513	slti	x10,x1,1329	  x1:0x00000001 x10=0x00000001
     171905.000 ns	     17189	80003a20	a155ab53	feq.s	x22,f11,f21	 f11:0xc447c000 f21:0xcb34b4ae x22=0x00000000
     171935.000 ns	     17192	80003a24	02633b33	mulhu	x22,x6,x6	  x6:0x00000040  x6:0x00000040 x22=0x00000000
     171955.000 ns	     17194	80003a28	00259093	slli	x1,x11,0x2	 x11:0x00000000  x1=0x00000000
     171995.000 ns	     17198	80003a2c	09aaf0d3	fsub.s	f1,f21,f26	 f21:0xcb34b4ae f26:0x00000700  f1=0xcb34b4ae
     172015.000 ns	     17200	80003a30	009d47b3	xor	x15,x26,x9	 x26:0x00000000  x9:0x0000070d x15=0x0000070d
     172025.000 ns	     17201	80003a34	41fb5533	sra	x10,x22,x31	 x22:0x00000000 x31:0x00000082 x10=0x00000000
     172035.000 ns	     17202	80003a38	0136aa33	slt	x20,x13,x19	 x13:0x00000001 x19:0x00000000 x20=0x00000000
     172045.000 ns	     17203	80003a3c	305c5797	auipc	x15,0x305c5	 x15=0xb05c8a3c
     172055.000 ns	     17204	80003a40	40a9ddb3	sra	x27,x19,x10	 x19:0x00000000 x10:0x00000000 x27=0x00000000
     172095.000 ns	     17208	80003a44	005833d3	fadd.s	f7,f16,f5	 f16:0x80000000  f5:0x4f000410  f7=0x4f000410
     172125.000 ns	     17211	80003a48	20b91a53	fsgnjn.s	f20,f18,f11	 f18:0xd7b84ccf f11:0xc447c000 f20=0x57b84ccf
     172155.000 ns	     17214	80003a4c	20d397d3	fsgnjn.s	f15,f7,f13	  f7:0x4f000410 f13:0x44c0a03e f15=0xcf000410
     172185.000 ns	     17217	80003a50	02da96b3	mulh	x13,x21,x13	 x21:0x00000105 x13:0x00000001 x13=0x00000000
     172205.000 ns	     17219	80003a54	3b29ce93	xori	x29,x19,946	 x19:0x00000000 x29=0x000003b2
     172225.000 ns	     17221	80003a58	c015cdd3	fcvt.wu.s	x27,f11	 f11:0xc447c000 x27=0x0000031f
     172255.000 ns	     17224	80003a5c	28621b53	fmax.s	f22,f4,f6	  f4:0xc3829313  f6:0x7fc00000 f22=0xc3829313
     172275.000 ns	     17226	80003a60	00209bb3	sll	x23,x1,x2	  x1:0x00000000  x2:0x00000779 x23=0x00000000
     172285.000 ns	     17227	80003a64	00e14733	xor	x14,x2,x14	  x2:0x00000779 x14:0x00000000 x14=0x00000779
     172305.000 ns	     17229	80003a68	e00889d3	fmv.x.w	x19,f17	 f17:0x4838a924 x19=0x4838a924
     172335.000 ns	     17232	80003a6c	03c7a5b3	mulhsu	x11,x15,x28	 x15:0xb05c8a3c x28:0x00000007 x11=0xfffffffd
     172365.000 ns	     17235	80003a70	28c19453	fmax.s	f8,f3,f12	  f3:0xda000000 f12:0x4f000410  f8=0x4f000410
     172405.000 ns	     17239	80003a74	11797353	fmul.s	f6,f18,f23	 f18:0xd7b84ccf f23:0x44c0a03e  f6=0xdd0aacf8
     172425.000 ns	     17241	80003a78	31e08793	addi	x15,x1,798	  x1:0x00000000 x15=0x0000031e
     172435.000 ns	     17242	80003a7c	13d4c393	xori	x7,x9,317	  x9:0x0000070d  x7=0x00000630
     172455.000 ns	     17244	80003a80	a000a8d3	feq.s	x17,f1,f0	  f1:0xcb34b4ae  f0:0x00000000 x17=0x00000000
     172495.000 ns	     17248	80003a84	113df653	fmul.s	f12,f27,f19	 f27:0xc57bf000 f19:0xc9dc53a8 f12=0x4fd8d494
     172515.000 ns	     17250	80003a88	df61f817	auipc	x16,0xdf61f	 x16=0x5f622a88
     172535.000 ns	     17252	80003a8c	f0070c53	fmv.w.x	f24,x14	 x14:0x00000779 f24=0x00000779
     172555.000 ns	     17254	80003a90	41508933	sub	x18,x1,x21	  x1:0x00000000 x21:0x00000105 x18=0xfffffefb
     172565.000 ns	     17255	80003a94	00ed25b3	slt	x11,x26,x14	 x26:0x00000000 x14:0x00000779 x11=0x00000001
     172605.000 ns	     17259	80003a98	0025f8d3	fadd.s	f17,f11,f2	 f11:0xc447c000  f2:0xc447c000 f17=0xc4c7c000
     172975.000 ns	     17296	80003a9c	03f8f9b3	remu	x19,x17,x31	 x17:0x00000000 x31:0x00000082 x19=0x00000000
     173005.000 ns	     17299	80003aa0	c00241d3	fcvt.w.s	x3,f4	  f4:0xc3829313  x3=0xfffffefb
     173025.000 ns	     17301	80003aa4	00943933	sltu	x18,x8,x9	  x8:0x00000001  x9:0x0000070d x18=0x00000001
     173035.000 ns	     17302	80003aa8	009c0a33	add	x20,x24,x9	 x24:0x7ffbefe3  x9:0x0000070d x20=0x7ffbf6f0
     173055.000 ns	     17304	80003aac	296a0d53	fmin.s	f26,f20,f22	 f20:0x57b84ccf f22:0xc3829313 f26=0xc3829313
     173085.000 ns	     17307	80003ab0	a076a853	feq.s	x16,f13,f7	 f13:0x44c0a03e  f7:0x4f000410 x16=0x00000000
     173115.000 ns	     17310	80003ab4	c00df953	fcvt.w.s	x18,f27	 f27:0xc57bf000 x18=0x00000fbf
     173145.000 ns	     17313	80003ab8	a08996d3	flt.s	x13,f19,f8	 f19:0xc9dc53a8  f8:0x4f000410 x13=0x00000001
     173165.000 ns	     17315	80003abc	00f88793	addi	x15,x17,15	 x17:0x00000000 x15=0x0000000f
     173185.000 ns	     17317	80003ac0	f00f8bd3	fmv.w.x	f23,x31	 x31:0x00000082 f23=0x00000082
     173205.000 ns	     17319	80003ac4	00f86b33	or	x22,x16,x15	 x16:0x00000000 x15:0x0000031e x22=0x0000000f
     173215.000 ns	     17320	80003ac8	0170b4b3	sltu	x9,x1,x23	  x1:0x00000000 x23:0x00000000  x9=0x00000000
     173235.000 ns	     17322	80003acc	29861053	fmax.s	f0,f12,f24	 f12:0x4fd8d494 f24:0x00000779  f0=0x4fd8d494
     173255.000 ns	     17324	80003ad0	8e91a093	slti	x1,x3,-1815	  x3:0xfffffefb  x1=0x00000000
     173275.000 ns	     17326	80003ad4	d01b7853	fcvt.s.wu	f16,x22	 x22:0x0000000f f16=0x41700000
     173305.000 ns	     17329	80003ad8	a0ea19d3	flt.s	x19,f20,f14	 f20:0x57b84ccf f14:0x4838a924 x19=0x00000000
     173335.000 ns	     17332	80003adc	a0298bd3	fle.s	x23,f19,f2	 f19:0xc9dc53a8  f2:0xc447c000 x23=0x00000001
     173705.000 ns	     17369	80003ae0	02d64eb3	div	x29,x12,x13	 x12:0x80040fe4 x13:0x00000001 x29=0x80040fe4
     173735.000 ns	     17372	80003ae4	216a8853	fsgnj.s	f16,f21,f22	 f21:0xcb34b4ae f22:0xc3829313 f16=0xcb34b4ae
     173765.000 ns	     17375	80003ae8	03149bb3	mulh	x23,x9,x17	  x9:0x00000000 x17:0x00000000 x23=0x00000000
     173785.000 ns	     17377	80003aec	01b0efb3	or	x31,x1,x27	  x1:0x00000000 x27:0x0000031f x31=0x0000031f
     174145.000 ns	     17413	80003af0	023e6a33	rem	x20,x28,x3	 x28:0x00000007  x3:0xfffffefb x20=0x00000007
     174165.000 ns	     17415	80003af4	00ffe933	or	x18,x31,x15	 x31:0x00000082 x15:0x0000000f x18=0x0000031f
     174185.000 ns	     17417	80003af8	e0079753	fclass.s	x14,f15	 f15:0xcf000410 x14=0x00000002
     174215.000 ns	     17420	80003afc	f0020cd3	fmv.w.x	f25,x4	  x4:0x80041024 f25=0x80041024
     174245.000 ns	     17423	80003b00	a1e20dd3	fle.s	x27,f4,f30	  f4:0xc3829313 f30:0x00000000 x27=0x00000001
     174265.000 ns	     17425	80003b04	faf4a913	slti	x18,x9,-81	  x9:0x00000000 x18=0x00000000
     174275.000 ns	     17426	80003b08	00d1ebb3	or	x23,x3,x13	  x3:0xfffffefb x13:0x00000001 x23=0xfffffefb
     174295.000 ns	     17428	80003b0c	a1962fd3	feq.s	x31,f12,f25	 f12:0x4fd8d494 f25:0x80041024 x31=0x00000000
     174315.000 ns	     17430	80003b10	62a88793	addi	x15,x17,1578	 x17:0x00000000 x15=0x0000062a
     174335.000 ns	     17432	80003b14	d00affd3	fcvt.s.w	f31,x21	 x21:0x00000105 f31=0x43828000
     174355.000 ns	     17434	80003b18	2df7cb93	xori	x23,x15,735	 x15:0x0000000f x23=0x000004f5
     174385.000 ns	     17437	80003b1c	58059e53	fsqrt.s	f28,f11	 f11:0xc447c000 f28=0x7fc00000
     174405.000 ns	     17439	80003b20	0161f5b3	and	x11,x3,x22	  x3:0xfffffefb x22:0x0000000f x11=0x0000000b
     174425.000 ns	     17441	80003b24	c00b7dd3	fcvt.w.s	x27,f22	 f22:0xc3829313 x27=0x00000105
     174475.000 ns	     17446	80003b28	09824dd3	fsub.s	f27,f4,f24	  f4:0xc3829313 f24:0x00000779 f27=0xc3829313
     174505.000 ns	     17449	80003b2c	f00e0153	fmv.w.x	f2,x28	 x28:0x00000007  f2=0x00000007
     174535.000 ns	     17452	80003b30	c00b73d3	fcvt.w.s	x7,f22	 f22:0xc3829313  x7=0x00000105
     174575.000 ns	     17456	80003b34	119f25d3	fmul.s	f11,f30,f25	 f30:0x00000000 f25:0x80041024 f11=0x80000000
     174605.000 ns	     17459	80003b38	02118cb3	mul	x25,x3,x1	  x3:0xfffffefb  x1:0x00000000 x25=0x00000000
     174635.000 ns	     17462	80003b3c	a0b3aed3	feq.s	x29,f7,f11	  f7:0x4f000410 f11:0x80000000 x29=0x00000000
     174655.000 ns	     17464	80003b40	a3dd7d93	andi	x27,x26,-1475	 x26:0x00000000 x27=0x00000000
     174695.000 ns	     17468	80003b44	0086fe53	fadd.s	f28,f13,f8	 f13:0x44c0a03e  f8:0x4f000410 f28=0x4f000416
     174725.000 ns	     17471	80003b48	c01c77d3	fcvt.wu.s	x15,f24	 f24:0x00000779 x15=0x00000000
     174755.000 ns	     17474	80003b4c	02e61c33	mulh	x24,x12,x14	 x12:0x80040fe4 x14:0x00000002 x24=0xffffffff
     174785.000 ns	     17477	80003b50	206b9353	fsgnjn.s	f6,f23,f6	 f23:0x00000082  f6:0xdd0aacf8  f6=0x00000082
     174815.000 ns	     17480	80003b54	e00c9bd3	fclass.s	x23,f25	 f25:0x80041024 x23=0x00000004
     174845.000 ns	     17483	80003b58	a02fa453	feq.s	x8,f31,f2	 f31:0x43828000  f2:0x00000007  x8=0x00000000
     174875.000 ns	     17486	80003b5c	d006f1d3	fcvt.s.w	f3,x13	 x13:0x00000001  f3=0x3f800000
     174895.000 ns	     17488	80003b60	00ff9793	slli	x15,x31,0xf	 x31:0x00000000 x15=0x00000000
     174905.000 ns	     17489	80003b64	633dc593	xori	x11,x27,1587	 x27:0x00000000 x11=0x00000633
     174915.000 ns	     17490	80003b68	b26b3b13	sltiu	x22,x22,-1242	 x22:0x0000000f x22=0x00000001
     174925.000 ns	     17491	80003b6c	00000013	addi	x0,x0,0	  x0:0x00000000
     174945.000 ns	     17493	80003b70	021713b3	mulh	x7,x14,x1	 x14:0x00000002  x1:0x00000000  x7=0x00000000
     174965.000 ns	     17495	80003b74	413a0033	sub	x0,x20,x19	 x20:0x00000007 x19:0x00000000
     174975.000 ns	     17496	80003b78	00dc07b3	add	x15,x24,x13	 x24:0xffffffff x13:0x00000001 x15=0x00000000
     174995.000 ns	     17498	80003b7c	e00e85d3	fmv.x.w	x11,f29	 f29:0xc4c0a000 x11=0xc4c0a000
     175025.000 ns	     17501	80003b80	a1a921d3	feq.s	x3,f18,f26	 f18:0xd7b84ccf f26:0xc3829313  x3=0x00000000
     175065.000 ns	     17505	80003b84	11a626d3	fmul.s	f13,f12,f26	 f12:0x4fd8d494 f26:0xc3829313 f13=0xd3dd310b
     175435.000 ns	     17542	80003b88	03c0c0b3	div	x1,x1,x28	  x1:0x00000000 x28:0x00000007  x1=0x00000000
     175485.000 ns	     17547	80003b8c	01f7f9d3	fadd.s	f19,f15,f31	 f15:0xcf000410 f31:0x43828000 f19=0xcf00040e
     175525.000 ns	     17551	80003b90	184f7e53	fdiv.s	f28,f30,f4	 f30:0x00000000  f4:0xc3829313 f28=0x80000000
     175545.000 ns	     17553	80003b94	015164b3	or	x9,x2,x21	  x2:0x00000779 x21:0x00000105  x9=0x0000077d
     175555.000 ns	     17554	80003b98	9fec4b93	xori	x23,x24,-1538	 x24:0xffffffff x23=0x00000601
     175565.000 ns	     17555	80003b9c	00eb02b3	add	x5,x22,x14	 x22:0x00000001 x14:0x00000002  x5=0x00000003
     175575.000 ns	     17556	80003ba0	49d94937	lui	x18,0x49d94	 x18=0x49d94000
     175585.000 ns	     17557	80003ba4	0d3c6993	ori	x19,x24,211	 x24:0xffffffff x19=0xffffffff
     175595.000 ns	     17558	80003ba8	41a2d693	srai	x13,x5,0x1a	  x5:0x00000003 x13=0x00000000
     175605.000 ns	     17559	80003bac	01e5f4b3	and	x9,x11,x30	 x11:0xc4c0a000 x30:0x6bd8bfe8  x9=0x40c0a000
     175625.000 ns	     17561	80003bb0	215619d3	fsgnjn.s	f19,f12,f21	 f12:0x4fd8d494 f21:0xcb34b4ae f19=0x4fd8d494
     175995.000 ns	     17598	80003bb4	03687eb3	remu	x29,x16,x22	 x16:0x00000000 x22:0x00000001 x29=0x00000000
     176335.000 ns	     17632	80003bb8	18510d53	fdiv.s	f26,f2,f5	  f2:0x00000007  f5:0x4f000410 f26=0x00000000
     176355.000 ns	     17634	80003bbc	178a0593	addi	x11,x20,376	 x20:0x00000007 x11=0x0000017f
     176365.000 ns	     17635	80003bc0	40d1dd93	srai	x27,x3,0xd	  x3:0x00000000 x27=0x00000000
     176385.000 ns	     17637	80003bc4	a1b62353	feq.s	x6,f12,f27	 f12:0x4fd8d494 f27:0xc3829313  x6=0x00000000
     176405.000 ns	     17639	80003bc8	2fc86d93	ori	x27,x16,764	 x16:0x00000000 x27=0x000002fc
     176425.000 ns	     17641	80003bcc	0319df33	divu	x30,x19,x17	 x19:0xffffffff x17:0x00000000 x30=0xffffffff
     176445.000 ns	     17643	80003bd0	002590b3	sll	x1,x11,x2	 x11:0x0000017f  x2:0x00000779  x1=0xfe000000
     176475.000 ns	     17646	80003bd4	19cc0ad3	fdiv.s	f21,f24,f28	 f24:0x00000779 f28:0x80000000 f21=0xff800000
     176525.000 ns	     17651	80003bd8	014d3fd3	fadd.s	f31,f26,f20	 f26:0x00000000 f20:0x57b84ccf f31=0x57b84ccf
     176545.000 ns	     17653	80003bdc	416b0733	sub	x14,x22,x22	 x22:0x00000001 x22:0x00000001 x14=0x00000000
     176555.000 ns	     17654	80003be0	01a1c533	xor	x10,x3,x26	  x3:0x00000000 x26:0x00000000 x10=0x00000000
     176565.000 ns	     17655	80003be4	00f04db3	xor	x27,x0,x15	  x0:0x00000000 x15:0x00000000 x27=0x00000000
     176575.000 ns	     17656	80003be8	ec76c513	xori	x10,x13,-313	 x13:0x00000000 x10=0xfffffec7
     176935.000 ns	     17692	80003bec	03796833	rem	x16,x18,x23	 x18:0x49d94000 x23:0x00000601 x16=0x0000012d
     176955.000 ns	     17694	80003bf0	018019b3	sll	x19,x0,x24	  x0:0x00000000 x24:0xffffffff x19=0x00000000
     176965.000 ns	     17695	80003bf4	ed3ceb93	ori	x23,x25,-301	 x25:0x00000000 x23=0xfffffed3
     176985.000 ns	     17697	80003bf8	28688153	fmin.s	f2,f17,f6	 f17:0xc4c7c000  f6:0x00000082  f2=0xc4c7c000
     177005.000 ns	     17699	80003bfc	00bc3833	sltu	x16,x24,x11	 x24:0xffffffff x11:0x0000017f x16=0x00000000
     177015.000 ns	     17700	80003c00	004ecbb3	xor	x23,x29,x4	 x29:0x00000000  x4:0x80041024 x23=0x80041024
     177025.000 ns	     17701	80003c04	40d481b3	sub	x3,x9,x13	  x9:0x40c0a000 x13:0x00000000  x3=0x40c0a000
     177045.000 ns	     17703	80003c08	f0098d53	fmv.w.x	f26,x19	 x19:0x00000000 f26=0x00000000
     177065.000 ns	     17705	80003c0c	0143e5b3	or	x11,x7,x20	  x7:0x00000000 x20:0x00000007 x11=0x00000007
     177075.000 ns	     17706	80003c10	41a5ddb3	sra	x27,x11,x26	 x11:0x0000017f x26:0x00000000 x27=0x00000007
     177095.000 ns	     17708	80003c14	28b005d3	fmin.s	f11,f0,f11	  f0:0x4fd8d494 f11:0x80000000 f11=0x80000000
     177115.000 ns	     17710	80003c18	00000013	addi	x0,x0,0	  x0:0x00000000
     177125.000 ns	     17711	80003c1c	f957ed93	ori	x27,x15,-107	 x15:0x00000000 x27=0xffffff95
     177135.000 ns	     17712	80003c20	006ba3b3	slt	x7,x23,x6	 x23:0x80041024  x6:0x00000000  x7=0x00000001
     177145.000 ns	     17713	80003c24	537d4b13	xori	x22,x26,1335	 x26:0x00000000 x22=0x00000537
     177175.000 ns	     17716	80003c28	580dc5d3	fsqrt.s	f11,f27	 f27:0xc3829313 f11=0x7fc00000
     177205.000 ns	     17719	80003c2c	a04c9fd3	flt.s	x31,f25,f4	 f25:0x80041024  f4:0xc3829313 x31=0x00000000
     177245.000 ns	     17723	80003c30	1957f653	fdiv.s	f12,f15,f21	 f15:0xcf000410 f21:0xff800000 f12=0x00000000
     177265.000 ns	     17725	80003c34	9851ef13	ori	x30,x3,-1659	  x3:0x40c0a000 x30=0xfffff985
     177285.000 ns	     17727	80003c38	2007a4d3	fsgnjx.s	f9,f15,f0	 f15:0xcf000410  f0:0x4fd8d494  f9=0xcf000410
     177315.000 ns	     17730	80003c3c	020d8833	mul	x16,x27,x0	 x27:0xffffff95  x0:0x00000000 x16=0x00000000
     177345.000 ns	     17733	80003c40	28f30953	fmin.s	f18,f6,f15	  f6:0x00000082 f15:0xcf000410 f18=0xcf000410
     177375.000 ns	     17736	80003c44	02400f33	mul	x30,x0,x4	  x0:0x00000000  x4:0x80041024 x30=0x00000000
     177405.000 ns	     17739	80003c48	a02a8a53	fle.s	x20,f21,f2	 f21:0xff800000  f2:0xc4c7c000 x20=0x00000001
     177435.000 ns	     17742	80003c4c	a011acd3	feq.s	x25,f3,f1	  f3:0x3f800000  f1:0xcb34b4ae x25=0x00000000
     177465.000 ns	     17745	80003c50	d018a553	fcvt.s.wu	f10,x17	 x17:0x00000000 f10=0x00000000
     177495.000 ns	     17748	80003c54	038392b3	mulh	x5,x7,x24	  x7:0x00000001 x24:0xffffffff  x5=0xffffffff
     177545.000 ns	     17753	80003c58	09e7c353	fsub.s	f6,f15,f30	 f15:0xcf000410 f30:0x00000000  f6=0xcf000410
     177575.000 ns	     17756	80003c5c	a097add3	feq.s	x27,f15,f9	 f15:0xcf000410  f9:0xcf000410 x27=0x00000001
     177605.000 ns	     17759	80003c60	02589f33	mulh	x30,x17,x5	 x17:0x00000000  x5:0xffffffff x30=0x00000000
     177625.000 ns	     17761	80003c64	0085c133	xor	x2,x11,x8	 x11:0x00000007  x8:0x00000000  x2=0x00000007
     177635.000 ns	     17762	80003c68	00e25eb3	srl	x29,x4,x14	  x4:0x80041024 x14:0x00000000 x29=0x80041024
     177655.000 ns	     17764	80003c6c	e00114d3	fclass.s	x9,f2	  f2:0xc4c7c000  x9=0x00000002
     177675.000 ns	     17766	80003c70	b5e44cb7	lui	x25,0xb5e44	 x25=0xb5e44000
     178035.000 ns	     17802	80003c74	03b2cd33	div	x26,x5,x27	  x5:0xffffffff x27:0x00000001 x26=0xffffffff
     178065.000 ns	     17805	80003c78	d0057ad3	fcvt.s.w	f21,x10	 x10:0xfffffec7 f21=0xc39c8000
     178095.000 ns	     17808	80003c7c	a0838353	fle.s	x6,f7,f8	  f7:0x4f000410  f8:0x4f000410  x6=0x00000001
     178115.000 ns	     17810	80003c80	779c7b13	andi	x22,x24,1913	 x24:0xffffffff x22=0x00000779
     178135.000 ns	     17812	80003c84	c019fcd3	fcvt.wu.s	x25,f19	 f19:0x4fd8d494 x25=0xffffffff
     178505.000 ns	     17849	80003c88	025add33	divu	x26,x21,x5	 x21:0x00000105  x5:0xffffffff x26=0x00000000
     178525.000 ns	     17851	80003c8c	00e3d2b3	srl	x5,x7,x14	  x7:0x00000001 x14:0x00000000  x5=0x00000001
     178885.000 ns	     17887	80003c90	0392f7b3	remu	x15,x5,x25	  x5:0xffffffff x25:0xffffffff x15=0x00000001
     178935.000 ns	     17892	80003c94	01b0f653	fadd.s	f12,f1,f27	  f1:0xcb34b4ae f27:0xc3829313 f12=0xcb34b5b3
     178955.000 ns	     17894	80003c98	41aed413	srai	x8,x29,0x1a	 x29:0x80041024  x8=0xffffffe0
     178975.000 ns	     17896	80003c9c	03972fb3	mulhsu	x31,x14,x25	 x14:0x00000000 x25:0xffffffff x31=0x00000000
     178995.000 ns	     17898	80003ca0	1d322713	slti	x14,x4,467	  x4:0x80041024 x14=0x00000001
     179005.000 ns	     17899	80003ca4	0f1f6c93	ori	x25,x30,241	 x30:0x00000000 x25=0x000000f1
     179025.000 ns	     17901	80003ca8	e00b9d53	fclass.s	x26,f23	 f23:0x00000082 x26=0x00000020
     179045.000 ns	     17903	80003cac	40148f33	sub	x30,x9,x1	  x9:0x00000002  x1:0xfe000000 x30=0x02000002
     179055.000 ns	     17904	80003cb0	40ce5113	srai	x2,x28,0xc	 x28:0x00000007  x2=0x00000000
     179065.000 ns	     17905	80003cb4	21888e93	addi	x29,x17,536	 x17:0x00000000 x29=0x00000218
     179085.000 ns	     17907	80003cb8	200a14d3	fsgnjn.s	f9,f20,f0	 f20:0x57b84ccf  f0:0x4fd8d494  f9=0xd7b84ccf
     179115.000 ns	     17910	80003cbc	e00695d3	fclass.s	x11,f13	 f13:0xd3dd310b x11=0x00000002
     179135.000 ns	     17912	80003cc0	55401517	auipc	x10,0x55401	 x10=0xd5404cc0
     179155.000 ns	     17914	80003cc4	21319f53	fsgnjn.s	f30,f3,f19	  f3:0x3f800000 f19:0x4fd8d494 f30=0xbf800000
     179175.000 ns	     17916	80003cc8	41e55f93	srai	x31,x10,0x1e	 x10:0xfffffec7 x31=0xffffffff
     179185.000 ns	     17917	80003ccc	0018ffb3	and	x31,x17,x1	 x17:0x00000000  x1:0xfe000000 x31=0x00000000
     179205.000 ns	     17919	80003cd0	03448eb3	mul	x29,x9,x20	  x9:0x00000002 x20:0x00000001 x29=0x00000002
     179225.000 ns	     17921	80003cd4	01a1d313	srli	x6,x3,0x1a	  x3:0x40c0a000  x6=0x00000010
     179235.000 ns	     17922	80003cd8	6719ed13	ori	x26,x19,1649	 x19:0x00000000 x26=0x00000671
     179255.000 ns	     17924	80003cdc	d0091bd3	fcvt.s.w	f23,x18	 x18:0x49d94000 f23=0x4e93b280
     179275.000 ns	     17926	80003ce0	00bfadb3	slt	x27,x31,x11	 x31:0x00000000 x11:0x00000002 x27=0x00000001
     179285.000 ns	     17927	80003ce4	41f804b3	sub	x9,x16,x31	 x16:0x00000000 x31:0x00000000  x9=0x00000000
     179305.000 ns	     17929	80003ce8	0388ad33	mulhsu	x26,x17,x24	 x17:0x00000000 x24:0xffffffff x26=0x00000000
     179325.000 ns	     17931	80003cec	8d8967b7	lui	x15,0x8d896	 x15=0x8d896000
     179345.000 ns	     17933	80003cf0	c00c2c53	fcvt.w.s	x24,f24	 f24:0x00000779 x24=0x00000000
     179365.000 ns	     17935	80003cf4	407ddeb3	sra	x29,x27,x7	 x27:0x00000001  x7:0x00000001 x29=0x00000000
     179405.000 ns	     17939	80003cf8	08d2fc53	fsub.s	f24,f5,f13	  f5:0x4f000410 f13:0xd3dd310b f24=0x53dd710d
     179775.000 ns	     17976	80003cfc	024ce4b3	rem	x9,x25,x4	 x25:0x000000f1  x4:0x80041024  x9=0x000000f1
     179805.000 ns	     17979	80003d00	28718753	fmin.s	f14,f3,f7	  f3:0x3f800000  f7:0x4f000410 f14=0x3f800000
     179835.000 ns	     17982	80003d04	21b29753	fsgnjn.s	f14,f5,f27	  f5:0x4f000410 f27:0xc3829313 f14=0x4f000410
     179855.000 ns	     17984	80003d08	ba23f493	andi	x9,x7,-1118	  x7:0x00000001  x9=0x00000000
     179875.000 ns	     17986	80003d0c	02e09eb3	mulh	x29,x1,x14	  x1:0xfe000000 x14:0x00000001 x29=0xffffffff
     179895.000 ns	     17988	80003d10	c9f90d93	addi	x27,x18,-865	 x18:0x49d94000 x27=0x49d93c9f
     180255.000 ns	     18024	80003d14	032d4a33	div	x20,x26,x18	 x26:0x00000000 x18:0x49d94000 x20=0x00000000
     180305.000 ns	     18029	80003d18	01e3fad3	fadd.s	f21,f7,f30	  f7:0x4f000410 f30:0xbf800000 f21=0x4f00040f
     180335.000 ns	     18032	80003d1c	29c88953	fmin.s	f18,f17,f28	 f17:0xc4c7c000 f28:0x80000000 f18=0xc4c7c000
     180355.000 ns	     18034	80003d20	6f6f3d37	lui	x26,0x6f6f3	 x26=0x6f6f3000
     180375.000 ns	     18036	80003d24	030c8b33	mul	x22,x25,x16	 x25:0x000000f1 x16:0x00000000 x22=0x00000000
     180395.000 ns	     18038	80003d28	fb4c8593	addi	x11,x25,-76	 x25:0x000000f1 x11=0x000000a5
     180435.000 ns	     18042	80003d2c	09fd0053	fsub.s	f0,f26,f31	 f26:0x00000000 f31:0x57b84ccf  f0=0xd7b84ccf
     180455.000 ns	     18044	80003d30	fd933a93	sltiu	x21,x6,-39	  x6:0x00000010 x21=0x00000001
     180475.000 ns	     18046	80003d34	0298adb3	mulhsu	x27,x17,x9	 x17:0x00000000  x9:0x00000000 x27=0x00000000
     180495.000 ns	     18048	80003d38	00de8733	add	x14,x29,x13	 x29:0xffffffff x13:0x00000000 x14=0xffffffff
     180505.000 ns	     18049	80003d3c	00539193	slli	x3,x7,0x5	  x7:0x00000001  x3=0x00000020
     180515.000 ns	     18050	80003d40	41058cb3	sub	x25,x11,x16	 x11:0x000000a5 x16:0x00000000 x25=0x000000a5
     180535.000 ns	     18052	80003d44	29cb84d3	fmin.s	f9,f23,f28	 f23:0x4e93b280 f28:0x80000000  f9=0x80000000
     180565.000 ns	     18055	80003d48	e00c0d53	fmv.x.w	x26,f24	 f24:0x53dd710d x26=0x53dd710d
     180585.000 ns	     18057	80003d4c	00185a13	srli	x20,x16,0x1	 x16:0x00000000 x20=0x00000000
     180605.000 ns	     18059	80003d50	032bacb3	mulhsu	x25,x23,x18	 x23:0x80041024 x18:0x49d94000 x25=0xdb148c0c
     180625.000 ns	     18061	80003d54	41e05a93	srai	x21,x0,0x1e	  x0:0x00000000 x21=0x00000000
     180645.000 ns	     18063	80003d58	a18e0a53	fle.s	x20,f28,f24	 f28:0x80000000 f24:0x53dd710d x20=0x00000001
     180685.000 ns	     18067	80003d5c	10c8cc53	fmul.s	f24,f17,f12	 f17:0xc4c7c000 f12:0xcb34b5b3 f24=0x508d00c6
     180705.000 ns	     18069	80003d60	00e91813	slli	x16,x18,0xe	 x18:0x49d94000 x16=0x50000000
     180725.000 ns	     18071	80003d64	a1f32453	feq.s	x8,f6,f31	  f6:0xcf000410 f31:0x57b84ccf  x8=0x00000000
     180755.000 ns	     18074	80003d68	a17e8d53	fle.s	x26,f29,f23	 f29:0xc4c0a000 f23:0x4e93b280 x26=0x00000001
     180775.000 ns	     18076	80003d6c	8190e313	ori	x6,x1,-2023	  x1:0xfe000000  x6=0xfffff819
     180795.000 ns	     18078	80003d70	c01ff4d3	fcvt.wu.s	x9,f31	 f31:0x57b84ccf  x9=0xffffffff
     180825.000 ns	     18081	80003d74	28511b53	fmax.s	f22,f2,f5	  f2:0xc4c7c000  f5:0x4f000410 f22=0x4f000410
     180865.000 ns	     18085	80003d78	100299d3	fmul.s	f19,f5,f0	  f5:0x4f000410  f0:0xd7b84ccf f19=0xe73852a8
     180885.000 ns	     18087	80003d7c	01631cb3	sll	x25,x6,x22	  x6:0xfffff819 x22:0x00000000 x25=0xfffff819
     180905.000 ns	     18089	80003d80	e00c03d3	fmv.x.w	x7,f24	 f24:0x508d00c6  x7=0x508d00c6
     180925.000 ns	     18091	80003d84	bf1ee993	ori	x19,x29,-1039	 x29:0xffffffff x19=0xffffffff
     180935.000 ns	     18092	80003d88	40fd8fb3	sub	x31,x27,x15	 x27:0x00000000 x15:0x8d896000 x31=0x7276a000
     180955.000 ns	     18094	80003d8c	20348cd3	fsgnj.s	f25,f9,f3	  f9:0x80000000  f3:0x3f800000 f25=0x00000000
     180975.000 ns	     18096	80003d90	00d7a5b3	slt	x11,x15,x13	 x15:0x8d896000 x13:0x00000000 x11=0x00000001
     180985.000 ns	     18097	80003d94	00c185b3	add	x11,x3,x12	  x3:0x00000020 x12:0x80040fe4 x11=0x80041004
     181345.000 ns	     18133	80003d98	02a96ab3	rem	x21,x18,x10	 x18:0x49d94000 x10:0xd5404cc0 x21=0x1f198cc0
     181375.000 ns	     18136	80003d9c	a04f8ad3	fle.s	x21,f31,f4	 f31:0x57b84ccf  f4:0xc3829313 x21=0x00000000
     181405.000 ns	     18139	80003da0	c01a9ed3	fcvt.wu.s	x29,f21	 f21:0x4f00040f x29=0x80040f00
     181425.000 ns	     18141	80003da4	a27b6b93	ori	x23,x22,-1497	 x22:0x00000000 x23=0xfffffa27
     181465.000 ns	     18145	80003da8	09adfa53	fsub.s	f20,f27,f26	 f27:0xc3829313 f26:0x00000000 f20=0xc3829313
     181505.000 ns	     18149	80003dac	58081253	fsqrt.s	f4,f16	 f16:0xcb34b4ae  f4=0x7fc00000
     181535.000 ns	     18152	80003db0	0342beb3	mulhu	x29,x5,x20	  x5:0x00000001 x20:0x00000001 x29=0x00000000
     181905.000 ns	     18189	80003db4	03a65b33	divu	x22,x12,x26	 x12:0x80040fe4 x26:0x00000001 x22=0x80040fe4
     181935.000 ns	     18192	80003db8	21caabd3	fsgnjx.s	f23,f21,f28	 f21:0x4f00040f f28:0x80000000 f23=0xcf00040f
     181955.000 ns	     18194	80003dbc	007a83b3	add	x7,x21,x7	 x21:0x00000000  x7:0x508d00c6  x7=0x508d00c6
     181975.000 ns	     18196	80003dc0	038905b3	mul	x11,x18,x24	 x18:0x49d94000 x24:0x00000000 x11=0x00000000
     182005.000 ns	     18199	80003dc4	d015bad3	fcvt.s.wu	f21,x11	 x11:0x80041004 f21=0x00000000
     182035.000 ns	     18202	80003dc8	a03004d3	fle.s	x9,f0,f3	  f0:0xd7b84ccf  f3:0x3f800000  x9=0x00000001
     182065.000 ns	     18205	80003dcc	e00a0753	fmv.x.w	x14,f20	 f20:0xc3829313 x14=0xc3829313
     182095.000 ns	     18208	80003dd0	29959a53	fmax.s	f20,f11,f25	 f11:0x7fc00000 f25:0x00000000 f20=0x00000000
     182125.000 ns	     18211	80003dd4	e0019c53	fclass.s	x24,f3	  f3:0x3f800000 x24=0x00000040
     182145.000 ns	     18213	80003dd8	0143f833	and	x16,x7,x20	  x7:0x508d00c6 x20:0x00000001 x16=0x00000000
     182165.000 ns	     18215	80003ddc	02d8ca33	div	x20,x17,x13	 x17:0x00000000 x13:0x00000000 x20=0xffffffff
     182195.000 ns	     18218	80003de0	d01f9853	fcvt.s.wu	f16,x31	 x31:0x7276a000 f16=0x4ee4ed40
     182225.000 ns	     18221	80003de4	2023af53	fsgnjx.s	f30,f7,f2	  f7:0x4f000410  f2:0xc4c7c000 f30=0xcf000410
     182245.000 ns	     18223	80003de8	f3db8313	addi	x6,x23,-195	 x23:0xfffffa27  x6=0xfffff964
     182265.000 ns	     18225	80003dec	e00b9ad3	fclass.s	x21,f23	 f23:0xcf00040f x21=0x00000002
     182295.000 ns	     18228	80003df0	03dd6833	rem	x16,x26,x29	 x26:0x00000001 x29:0x00000000 x16=0x00000001
     182325.000 ns	     18231	80003df4	21a72353	fsgnjx.s	f6,f14,f26	 f14:0x4f000410 f26:0x00000000  f6=0x4f000410
     182345.000 ns	     18233	80003df8	008b6eb3	or	x29,x22,x8	 x22:0x80040fe4  x8:0x00000000 x29=0x80040fe4
     182355.000 ns	     18234	80003dfc	019de9b3	or	x19,x27,x25	 x27:0x00000000 x25:0xfffff819 x19=0xfffff819
     182375.000 ns	     18236	80003e00	02241533	mulh	x10,x8,x2	  x8:0x00000000  x2:0x00000000 x10=0x00000000
     182405.000 ns	     18239	80003e04	f0068ad3	fmv.w.x	f21,x13	 x13:0x00000000 f21=0x00000000
     182445.000 ns	     18243	80003e08	101ef553	fmul.s	f10,f29,f1	 f29:0xc4c0a000  f1:0xcb34b4ae f10=0x5087f873
     182475.000 ns	     18246	80003e0c	21d81553	fsgnjn.s	f10,f16,f29	 f16:0x4ee4ed40 f29:0xc4c0a000 f10=0x4ee4ed40
     182845.000 ns	     18283	80003e10	03d777b3	remu	x15,x14,x29	 x14:0xc3829313 x29:0x80040fe4 x15=0x437e832f
     182865.000 ns	     18285	80003e14	24f8cf93	xori	x31,x17,591	 x17:0x00000000 x31=0x0000024f
     183225.000 ns	     18321	80003e18	03f652b3	divu	x5,x12,x31	 x12:0x80040fe4 x31:0x7276a000  x5=0x003773ae
     183255.000 ns	     18324	80003e1c	c00dca53	fcvt.w.s	x20,f27	 f27:0xc3829313 x20=0xfffffefb
     183275.000 ns	     18326	80003e20	0008d813	srli	x16,x17,0x0	 x17:0x00000000 x16=0x00000000
     183295.000 ns	     18328	80003e24	e0068353	fmv.x.w	x6,f13	 f13:0xd3dd310b  x6=0xd3dd310b
     183325.000 ns	     18331	80003e28	02dc21b3	mulhsu	x3,x24,x13	 x24:0x00000040 x13:0x00000000  x3=0x00000000
     183365.000 ns	     18335	80003e2c	580c8cd3	fsqrt.s	f25,f25	 f25:0x00000000 f25=0x00000000
     183395.000 ns	     18338	80003e30	0355a9b3	mulhsu	x19,x11,x21	 x11:0x00000000 x21:0x00000002 x19=0x00000000
     183415.000 ns	     18340	80003e34	ed5e3313	sltiu	x6,x28,-299	 x28:0x00000007  x6=0x00000001
     183425.000 ns	     18341	80003e38	00da9893	slli	x17,x21,0xd	 x21:0x00000002 x17=0x00004000
     183445.000 ns	     18343	80003e3c	a1d68153	fle.s	x2,f13,f29	 f13:0xd3dd310b f29:0xc4c0a000  x2=0x00000001
     183465.000 ns	     18345	80003e40	00619e93	slli	x29,x3,0x6	  x3:0x00000000 x29=0x00000000
     183485.000 ns	     18347	80003e44	d016f953	fcvt.s.wu	f18,x13	 x13:0x00000000 f18=0x00000000
     183515.000 ns	     18350	80003e48	a00da4d3	feq.s	x9,f27,f0	 f27:0xc3829313  f0:0xd7b84ccf  x9=0x00000000
     183545.000 ns	     18353	80003e4c	21c52953	fsgnjx.s	f18,f10,f28	 f10:0x4ee4ed40 f28:0x80000000 f18=0xcee4ed40
     183575.000 ns	     18356	80003e50	297e0f53	fmin.s	f30,f28,f23	 f28:0x80000000 f23:0xcf00040f f30=0xcf00040f
     183605.000 ns	     18359	80003e54	03340a33	mul	x20,x8,x19	  x8:0x00000000 x19:0x00000000 x20=0x00000000
     183625.000 ns	     18361	80003e58	72caa693	slti	x13,x21,1836	 x21:0x00000002 x13=0x00000001
     183985.000 ns	     18397	80003e5c	03f3edb3	rem	x27,x7,x31	  x7:0x508d00c6 x31:0x0000024f x27=0x000000dd
     184015.000 ns	     18400	80003e60	c0194753	fcvt.wu.s	x14,f18	 f18:0xcee4ed40 x14=0x7276a000
     184045.000 ns	     18403	80003e64	a1d1a6d3	feq.s	x13,f3,f29	  f3:0x3f800000 f29:0xc4c0a000 x13=0x00000000
     184075.000 ns	     18406	80003e68	d0017ad3	fcvt.s.w	f21,x2	  x2:0x00000001 f21=0x3f800000
     184105.000 ns	     18409	80003e6c	29e209d3	fmin.s	f19,f4,f30	  f4:0x7fc00000 f30:0xcf00040f f19=0xcf00040f
     184125.000 ns	     18411	80003e70	d7391d97	auipc	x27,0xd7391	 x27=0x57394e70
     184135.000 ns	     18412	80003e74	404e5fb3	sra	x31,x28,x4	 x28:0x00000007  x4:0x80041024 x31=0x00000000
     184155.000 ns	     18414	80003e78	c010ffd3	fcvt.wu.s	x31,f1	  f1:0xcb34b4ae x31=0x00b4b4ae
     184175.000 ns	     18416	80003e7c	7bc6a693	slti	x13,x13,1980	 x13:0x00000000 x13=0x00000001
     184195.000 ns	     18418	80003e80	211d0f53	fsgnj.s	f30,f26,f17	 f26:0x00000000 f17:0xc4c7c000 f30=0x80000000
     184225.000 ns	     18421	80003e84	21848353	fsgnj.s	f6,f9,f24	  f9:0x80000000 f24:0x508d00c6  f6=0x00000000
     184245.000 ns	     18423	80003e88	be9e6593	ori	x11,x28,-1047	 x28:0x00000007 x11=0xfffffbef
     184265.000 ns	     18425	80003e8c	21b889d3	fsgnj.s	f19,f17,f27	 f17:0xc4c7c000 f27:0xc3829313 f19=0xc4c7c000
     184295.000 ns	     18428	80003e90	d00d0953	fcvt.s.w	f18,x26	 x26:0x00000001 f18=0x3f800000
     184325.000 ns	     18431	80003e94	a15f8ad3	fle.s	x21,f31,f21	 f31:0x57b84ccf f21:0x3f800000 x21=0x00000000
     184345.000 ns	     18433	80003e98	00973693	sltiu	x13,x14,9	 x14:0x7276a000 x13=0x00000000
     184705.000 ns	     18469	80003e9c	03186cb3	rem	x25,x16,x17	 x16:0x00000000 x17:0x00004000 x25=0x00000000
     184725.000 ns	     18471	80003ea0	00000013	addi	x0,x0,0	  x0:0x00000000
     184745.000 ns	     18473	80003ea4	020d7333	remu	x6,x26,x0	 x26:0x00000001  x0:0x00000000  x6=0x00000001
     184765.000 ns	     18475	80003ea8	00a71733	sll	x14,x14,x10	 x14:0x7276a000 x10:0x00000000 x14=0x7276a000
     184775.000 ns	     18476	80003eac	007575b3	and	x11,x10,x7	 x10:0x00000000  x7:0x508d00c6 x11=0x00000000
     184795.000 ns	     18478	80003eb0	c003f153	fcvt.w.s	x2,f7	  f7:0x4f000410  x2=0x7fffffff
     184815.000 ns	     18480	80003eb4	01e1a2b3	slt	x5,x3,x30	  x3:0x00000000 x30:0x02000002  x5=0x00000001
     184835.000 ns	     18482	80003eb8	a11e17d3	flt.s	x15,f28,f17	 f28:0x80000000 f17:0xc4c7c000 x15=0x00000000
     184865.000 ns	     18485	80003ebc	0323abb3	mulhsu	x23,x7,x18	  x7:0x508d00c6 x18:0x49d94000 x23=0x173c90e1
     184895.000 ns	     18488	80003ec0	281b91d3	fmax.s	f3,f23,f1	 f23:0xcf00040f  f1:0xcb34b4ae  f3=0xcb34b4ae
     184915.000 ns	     18490	80003ec4	e16ba393	slti	x7,x23,-490	 x23:0x173c90e1  x7=0x00000000
     185275.000 ns	     18526	80003ec8	036ac833	div	x16,x21,x22	 x21:0x00000000 x22:0x80040fe4 x16=0x00000000
     185305.000 ns	     18529	80003ecc	0270d4b3	divu	x9,x1,x7	  x1:0xfe000000  x7:0x508d00c6  x9=0xffffffff
     185335.000 ns	     18532	80003ed0	0351ca33	div	x20,x3,x21	  x3:0x00000000 x21:0x00000000 x20=0xffffffff
     185365.000 ns	     18535	80003ed4	d00871d3	fcvt.s.w	f3,x16	 x16:0x00000000  f3=0x00000000
     185405.000 ns	     18539	80003ed8	580d1b53	fsqrt.s	f22,f26	 f26:0x00000000 f22=0x00000000
     185425.000 ns	     18541	80003edc	00b15d13	srli	x26,x2,0xb	  x2:0x7fffffff x26=0x000fffff
     185445.000 ns	     18543	80003ee0	280690d3	fmax.s	f1,f13,f0	 f13:0xd3dd310b  f0:0xd7b84ccf  f1=0xd3dd310b
     185465.000 ns	     18545	80003ee4	00259333	sll	x6,x11,x2	 x11:0x00000000  x2:0x7fffffff  x6=0x00000000
     185485.000 ns	     18547	80003ee8	d007a1d3	fcvt.s.w	f3,x15	 x15:0x00000000  f3=0x00000000
     185855.000 ns	     18584	80003eec	031159b3	divu	x19,x2,x17	  x2:0x7fffffff x17:0x00004000 x19=0x0001ffff
     185875.000 ns	     18586	80003ef0	01e5b033	sltu	x0,x11,x30	 x11:0x00000000 x30:0x02000002
     185895.000 ns	     18588	80003ef4	e00b07d3	fmv.x.w	x15,f22	 f22:0x00000000 x15=0x00000000
     185915.000 ns	     18590	80003ef8	2c826ab7	lui	x21,0x2c826	 x21=0x2c826000
     185925.000 ns	     18591	80003efc	5b7b3013	sltiu	x0,x22,1463	 x22:0x80040fe4
     185945.000 ns	     18593	80003f00	026211b3	mulh	x3,x4,x6	  x4:0x80041024  x6:0x00000000  x3=0x00000000
     186315.000 ns	     18630	80003f04	02997333	remu	x6,x18,x9	 x18:0x49d94000  x9:0xffffffff  x6=0x49d94000
     186345.000 ns	     18633	80003f08	02cb98b3	mulh	x17,x23,x12	 x23:0x173c90e1 x12:0x80040fe4 x17=0xf46215f3
     186375.000 ns	     18636	80003f0c	03a78db3	mul	x27,x15,x26	 x15:0x00000000 x26:0x000fffff x27=0x00000000
     186745.000 ns	     18673	80003f10	03a2fb33	remu	x22,x5,x26	  x5:0x00000001 x26:0x000fffff x22=0x00000001
     186765.000 ns	     18675	80003f14	e6a0f693	andi	x13,x1,-406	  x1:0xfe000000 x13=0xfe000000
     186785.000 ns	     18677	80003f18	29df0f53	fmin.s	f30,f30,f29	 f30:0x80000000 f29:0xc4c0a000 f30=0xc4c0a000
     186815.000 ns	     18680	80003f1c	f0070253	fmv.w.x	f4,x14	 x14:0x7276a000  f4=0x7276a000
     186835.000 ns	     18682	80003f20	417a5c93	srai	x25,x20,0x17	 x20:0xffffffff x25=0xffffffff
     186845.000 ns	     18683	80003f24	01486b33	or	x22,x16,x20	 x16:0x00000000 x20:0xffffffff x22=0xffffffff
     186865.000 ns	     18685	80003f28	f0048f53	fmv.w.x	f30,x9	  x9:0xffffffff f30=0xffffffff
     187205.000 ns	     18719	80003f2c	18a63353	fdiv.s	f6,f12,f10	 f12:0xcb34b5b3 f10:0x4ee4ed40  f6=0xbbb4b5b4
     187225.000 ns	     18721	80003f30	4e48c713	xori	x14,x17,1252	 x17:0xf46215f3 x14=0xf4621117
     187245.000 ns	     18723	80003f34	290b1c53	fmax.s	f24,f22,f16	 f22:0x00000000 f16:0x4ee4ed40 f24=0x4ee4ed40
     187275.000 ns	     18726	80003f38	02f726b3	mulhsu	x13,x14,x15	 x14:0x7276a000 x15:0x00000000 x13=0x00000000
     187305.000 ns	     18729	80003f3c	03449b33	mulh	x22,x9,x20	  x9:0xffffffff x20:0xffffffff x22=0x00000000
     187335.000 ns	     18732	80003f40	f00c8353	fmv.w.x	f6,x25	 x25:0xffffffff  f6=0xffffffff
     187365.000 ns	     18735	80003f44	21a90f53	fsgnj.s	f30,f18,f26	 f18:0x3f800000 f26:0x00000000 f30=0x3f800000
     187385.000 ns	     18737	80003f48	01f37733	and	x14,x6,x31	  x6:0x49d94000 x31:0x00b4b4ae x14=0x00900000
     187425.000 ns	     18741	80003f4c	08e8fa53	fsub.s	f20,f17,f14	 f17:0xc4c7c000 f14:0x4f000410 f20=0xcf000416
     187455.000 ns	     18744	80003f50	f00c0c53	fmv.w.x	f24,x24	 x24:0x00000040 f24=0x00000040
     187475.000 ns	     18746	80003f54	01631893	slli	x17,x6,0x16	  x6:0x49d94000 x17=0x00000000
     187485.000 ns	     18747	80003f58	418ad193	srai	x3,x21,0x18	 x21:0x2c826000  x3=0x0000002c
     187845.000 ns	     18783	80003f5c	03e7dbb3	divu	x23,x15,x30	 x15:0x00000000 x30:0x02000002 x23=0x00000000
     187865.000 ns	     18785	80003f60	25883517	auipc	x10,0x25883	 x10=0xa5886f60
     187885.000 ns	     18787	80003f64	a1a70353	fle.s	x6,f14,f26	 f14:0x4f000410 f26:0x00000000  x6=0x00000000
     187905.000 ns	     18789	80003f68	00f93a93	sltiu	x21,x18,15	 x18:0x49d94000 x21=0x00000000
     187915.000 ns	     18790	80003f6c	3f7f2913	slti	x18,x30,1015	 x30:0x02000002 x18=0x00000000
     187925.000 ns	     18791	80003f70	00b43eb3	sltu	x29,x8,x11	  x8:0x00000000 x11:0x00000000 x29=0x00000000
     187945.000 ns	     18793	80003f74	d00e7e53	fcvt.s.w	f28,x28	 x28:0x00000007 f28=0x40e00000
     187985.000 ns	     18797	80003f78	10f8fd53	fmul.s	f26,f17,f15	 f17:0xc4c7c000 f15:0xcf000410 f26=0x5447c656
     188355.000 ns	     18834	80003f7c	02c2c1b3	div	x3,x5,x12	  x5:0x00000001 x12:0x80040fe4  x3=0x00000000
     188395.000 ns	     18838	80003f80	105ec7d3	fmul.s	f15,f29,f5	 f29:0xc4c0a000  f5:0x4f000410 f15=0xd440a61e
     188415.000 ns	     18840	80003f84	0066a033	slt	x0,x13,x6	 x13:0x00000000  x6:0x00000000
     188435.000 ns	     18842	80003f88	20320bd3	fsgnj.s	f23,f4,f3	  f4:0x7276a000  f3:0x00000000 f23=0x7276a000
     188455.000 ns	     18844	80003f8c	6429f393	andi	x7,x19,1602	 x19:0x0001ffff  x7=0x00000642
     188475.000 ns	     18846	80003f90	286901d3	fmin.s	f3,f18,f6	 f18:0x3f800000  f6:0xffffffff  f3=0x3f800000
     188495.000 ns	     18848	80003f94	ea6f4c13	xori	x24,x30,-346	 x30:0x02000002 x24=0xfdfffea4
     188505.000 ns	     18849	80003f98	01d99fb3	sll	x31,x19,x29	 x19:0x0001ffff x29:0x00000000 x31=0x0001ffff
     188515.000 ns	     18850	80003f9c	4005d2b3	sra	x5,x11,x0	 x11:0x00000000  x0:0x00000000  x5=0x00000000
     188535.000 ns	     18852	80003fa0	297d1553	fmax.s	f10,f26,f23	 f26:0x5447c656 f23:0x7276a000 f10=0x7276a000
     188565.000 ns	     18855	80003fa4	d018ad53	fcvt.s.wu	f26,x17	 x17:0x00000000 f26=0x00000000
     188595.000 ns	     18858	80003fa8	214103d3	fsgnj.s	f7,f2,f20	  f2:0xc4c7c000 f20:0xcf000416  f7=0xc4c7c000
     188615.000 ns	     18860	80003fac	417281b3	sub	x3,x5,x23	  x5:0x00000000 x23:0x00000000  x3=0x00000000
     189785.000 ns	     18977	80003fb0	580c75d3	fsqrt.s	f11,f24	 f24:0x00000040 f11=0x1f3504de
     189805.000 ns	     18979	80003fb4	40f68d33	sub	x26,x13,x15	 x13:0x00000000 x15:0x00000000 x26=0x00000000
     189825.000 ns	     18981	80003fb8	a0c6a553	feq.s	x10,f13,f12	 f13:0xd3dd310b f12:0xcb34b5b3 x10=0x00000000
     189875.000 ns	     18986	80003fbc	00fa08d3	fadd.s	f17,f20,f15	 f20:0xcf000416 f15:0xd440a61e f17=0xd440c61f
     189895.000 ns	     18988	80003fc0	4744fb37	lui	x22,0x4744f	 x22=0x4744f000
     189925.000 ns	     18991	80003fc4	10747053	fmul.s	f0,f8,f7	  f8:0x4f000410  f7:0xc4c7c000  f0=0xd447c656
     189955.000 ns	     18994	80003fc8	d003fa53	fcvt.s.w	f20,x7	  x7:0x00000642 f20=0x44c84000
     189985.000 ns	     18997	80003fcc	02647733	remu	x14,x8,x6	  x8:0x00000000  x6:0x00000000 x14=0x00000000
     190015.000 ns	     19000	80003fd0	02c81133	mulh	x2,x16,x12	 x16:0x00000000 x12:0x80040fe4  x2=0x00000000
     190035.000 ns	     19002	80003fd4	000ef0b3	and	x1,x29,x0	 x29:0x00000000  x0:0x00000000  x1=0x00000000
     190055.000 ns	     19004	80003fd8	20252253	fsgnjx.s	f4,f10,f2	 f10:0x7276a000  f2:0xc4c7c000  f4=0xf276a000
     190075.000 ns	     19006	80003fdc	0035f533	and	x10,x11,x3	 x11:0x00000000  x3:0x00000000 x10=0x00000000
     190115.000 ns	     19010	80003fe0	0133bc53	fadd.s	f24,f7,f19	  f7:0xc4c7c000 f19:0xc4c7c000 f24=0xc547c000
     190135.000 ns	     19012	80003fe4	00001013	slli	x0,x0,0x0	  x0:0x00000000
     190145.000 ns	     19013	80003fe8	40dc5693	srai	x13,x24,0xd	 x24:0xfdfffea4 x13=0xffffefff
     190165.000 ns	     19015	80003fec	286f9a53	fmax.s	f20,f31,f6	 f31:0x57b84ccf  f6:0xffffffff f20=0x57b84ccf
     190195.000 ns	     19018	80003ff0	03760b33	mul	x22,x12,x23	 x12:0x80040fe4 x23:0x00000000 x22=0x00000000
     190225.000 ns	     19021	80003ff4	21f98253	fsgnj.s	f4,f19,f31	 f19:0xc4c7c000 f31:0x57b84ccf  f4=0x44c7c000
     190255.000 ns	     19024	80003ff8	a11da4d3	feq.s	x9,f27,f17	 f27:0xc3829313 f17:0xd440c61f  x9=0x00000000
     190625.000 ns	     19061	80003ffc	03f34333	div	x6,x6,x31	  x6:0x00000000 x31:0x0001ffff  x6=0x00000000
     190645.000 ns	     19063	80004000	00000013	addi	x0,x0,0	  x0:0x00000000
     190655.000 ns	     19064	80004004	eb2788b7	lui	x17,0xeb278	 x17=0xeb278000
     190675.000 ns	     19066	80004008	21cc8353	fsgnj.s	f6,f25,f28	 f25:0x00000000 f28:0x40e00000  f6=0x00000000
     190695.000 ns	     19068	8000400c	00000013	addi	x0,x0,0	  x0:0x00000000
     190705.000 ns	     19069	80004010	01a6da93	srli	x21,x13,0x1a	 x13:0xffffefff x21=0x0000003f
     190715.000 ns	     19070	80004014	00a19313	slli	x6,x3,0xa	  x3:0x00000000  x6=0x00000000
     190725.000 ns	     19071	80004018	d384e197	auipc	x3,0xd384e	  x3=0x53852018
     190745.000 ns	     19073	8000401c	03b61833	mulh	x16,x12,x27	 x12:0x80040fe4 x27:0x00000000 x16=0x00000000
     190775.000 ns	     19076	80004020	d01ffc53	fcvt.s.wu	f24,x31	 x31:0x0001ffff f24=0x47ffff80
     190795.000 ns	     19078	80004024	01cd68b3	or	x17,x26,x28	 x26:0x00000000 x28:0x00000007 x17=0x00000007
     191965.000 ns	     19195	80004028	58028653	fsqrt.s	f12,f5	  f5:0x4f000410 f12=0x46b50a40
     192015.000 ns	     19200	8000402c	01a474d3	fadd.s	f9,f8,f26	  f8:0x4f000410 f26:0x00000000  f9=0x4f000410
     192035.000 ns	     19202	80004030	63fde193	ori	x3,x27,1599	 x27:0x00000000  x3=0x0000063f
     192055.000 ns	     19204	80004034	02a70833	mul	x16,x14,x10	 x14:0x00000000 x10:0x00000000 x16=0x00000000
     192085.000 ns	     19207	80004038	034e8ab3	mul	x21,x29,x20	 x29:0x00000000 x20:0xffffffff x21=0x00000000
     192135.000 ns	     19212	8000403c	0814f1d3	fsub.s	f3,f9,f1	  f9:0x4f000410  f1:0xd3dd310b  f3=0x53dd710d
     192155.000 ns	     19214	80004040	00f72cb3	slt	x25,x14,x15	 x14:0x00000000 x15:0x00000000 x25=0x00000000
     192165.000 ns	     19215	80004044	43c9b693	sltiu	x13,x19,1084	 x19:0x0001ffff x13=0x00000000
     192185.000 ns	     19217	80004048	02d4bf33	mulhu	x30,x9,x13	  x9:0x00000000 x13:0xffffefff x30=0x00000000
     192215.000 ns	     19220	8000404c	03218133	mul	x2,x3,x18	  x3:0x0000063f x18:0x00000000  x2=0x00000000
     193395.000 ns	     19338	80004050	580a9553	fsqrt.s	f10,f21	 f21:0x3f800000 f10=0x3f7fffae
     193415.000 ns	     19340	80004054	7cd4f013	andi	x0,x9,1997	  x9:0x00000000
     193425.000 ns	     19341	80004058	001725b3	slt	x11,x14,x1	 x14:0x00000000  x1:0x00000000 x11=0x00000000
     193455.000 ns	     19344	8000405c	119685d3	fmul.s	f11,f13,f25	 f13:0xd3dd310b f25:0x00000000 f11=0x80000000
     193475.000 ns	     19346	80004060	4196d813	srai	x16,x13,0x19	 x13:0x00000000 x16=0x00000000
     193485.000 ns	     19347	80004064	63465c17	auipc	x24,0x63465	 x24=0xe3469064
     193495.000 ns	     19348	80004068	00e35d33	srl	x26,x6,x14	  x6:0x00000000 x14:0x00000000 x26=0x00000000
     193505.000 ns	     19349	8000406c	017cb733	sltu	x14,x25,x23	 x25:0x00000000 x23:0x00000000 x14=0x00000000
     193545.000 ns	     19353	80004070	083aff53	fsub.s	f30,f21,f3	 f21:0x3f800000  f3:0x53dd710d f30=0xd3dd710c
     193595.000 ns	     19358	80004074	00c1f3d3	fadd.s	f7,f3,f12	  f3:0x53dd710d f12:0x46b50a40  f7=0x53dd710d
     193615.000 ns	     19360	80004078	b969c813	xori	x16,x19,-1130	 x19:0x0001ffff x16=0xfffe0469
     193635.000 ns	     19362	8000407c	a1b095d3	flt.s	x11,f1,f27	  f1:0xd3dd310b f27:0xc3829313 x11=0x00000001
     193655.000 ns	     19364	80004080	41e088b3	sub	x17,x1,x30	  x1:0x00000000 x30:0x00000000 x17=0x00000000
     193695.000 ns	     19368	80004084	00d770d3	fadd.s	f1,f14,f13	 f14:0x4f000410 f13:0xd3dd310b  f1=0xd3dcf108
     193725.000 ns	     19371	80004088	e00a8ed3	fmv.x.w	x29,f21	 f21:0x3f800000 x29=0x3f800000
     193745.000 ns	     19373	8000408c	00b23033	sltu	x0,x4,x11	  x4:0x80041024 x11:0x00000001
     194075.000 ns	     19406	80004090	180a9553	fdiv.s	f10,f21,f0	 f21:0x3f800000  f0:0xd447c656 f10=0xaa800000
     194095.000 ns	     19408	80004094	01d63eb3	sltu	x29,x12,x29	 x12:0x80040fe4 x29:0x3f800000 x29=0x00000000
     194115.000 ns	     19410	80004098	03221c33	mulh	x24,x4,x18	  x4:0x80041024 x18:0x00000000 x24=0x00000000
     194145.000 ns	     19413	8000409c	c00a8ed3	fcvt.w.s	x29,f21	 f21:0x3f800000 x29=0x00000001
     195325.000 ns	     19531	800040a0	580af6d3	fsqrt.s	f13,f21	 f21:0x3f800000 f13=0x3f7fffae
     195695.000 ns	     19568	800040a4	03c1deb3	divu	x29,x3,x28	  x3:0x0000063f x28:0x00000007 x29=0x000000e4
     195715.000 ns	     19570	800040a8	012b5593	srli	x11,x22,0x12	 x22:0x00000000 x11=0x00000000
     195735.000 ns	     19572	800040ac	29820653	fmin.s	f12,f4,f24	  f4:0x44c7c000 f24:0x47ffff80 f12=0x44c7c000
     195775.000 ns	     19576	800040b0	5808acd3	fsqrt.s	f25,f17	 f17:0xd440c61f f25=0x7fc00000
     195805.000 ns	     19579	800040b4	c0043153	fcvt.w.s	x2,f8	  f8:0x4f000410  x2=0x7fffffff
     195855.000 ns	     19584	800040b8	00691353	fadd.s	f6,f18,f6	 f18:0x3f800000  f6:0x00000000  f6=0x3f800000
     195875.000 ns	     19586	800040bc	312e7d13	andi	x26,x28,786	 x28:0x00000007 x26=0x00000002
     195885.000 ns	     19587	800040c0	413d8ab3	sub	x21,x27,x19	 x27:0x00000000 x19:0x0001ffff x21=0xfffe0001
     195905.000 ns	     19589	800040c4	209616d3	fsgnjn.s	f13,f12,f9	 f12:0x44c7c000  f9:0x4f000410 f13=0xc4c7c000
     195935.000 ns	     19592	800040c8	284b9253	fmax.s	f4,f23,f4	 f23:0x7276a000  f4:0x44c7c000  f4=0x7276a000
     195965.000 ns	     19595	800040cc	a18694d3	flt.s	x9,f13,f24	 f13:0xc4c7c000 f24:0x47ffff80  x9=0x00000001
     196915.000 ns	     19690	800040d0	58030753	fsqrt.s	f14,f6	  f6:0x3f800000 f14=0x3f7fffae
     196935.000 ns	     19692	800040d4	01661c33	sll	x24,x12,x22	 x12:0x80040fe4 x22:0x00000000 x24=0x80040fe4
     196945.000 ns	     19693	800040d8	0067b7b3	sltu	x15,x15,x6	 x15:0x00000000  x6:0x00000000 x15=0x00000000
     196965.000 ns	     19695	800040dc	03121d33	mulh	x26,x4,x17	  x4:0x80041024 x17:0x00000000 x26=0x00000000
     197305.000 ns	     19729	800040e0	19cdf353	fdiv.s	f6,f27,f28	 f27:0xc3829313 f28:0x40e00000  f6=0xc28195be
     197335.000 ns	     19732	800040e4	f0020d53	fmv.w.x	f26,x4	  x4:0x80041024 f26=0x80041024
     197365.000 ns	     19735	800040e8	29fe9453	fmax.s	f8,f29,f31	 f29:0xc4c0a000 f31:0x57b84ccf  f8=0x57b84ccf
     197395.000 ns	     19738	800040ec	a0d72553	feq.s	x10,f14,f13	 f14:0x3f7fffae f13:0xc4c7c000 x10=0x00000000
     197415.000 ns	     19740	800040f0	01cc1313	slli	x6,x24,0x1c	 x24:0x80040fe4  x6=0x40000000
     197425.000 ns	     19741	800040f4	41235eb3	sra	x29,x6,x18	  x6:0x00000000 x18:0x00000000 x29=0x40000000
     197435.000 ns	     19742	800040f8	019011b3	sll	x3,x0,x25	  x0:0x00000000 x25:0x00000000  x3=0x00000000
     197455.000 ns	     19744	800040fc	e0041153	fclass.s	x2,f8	  f8:0x57b84ccf  x2=0x00000040
     197485.000 ns	     19747	80004100	d00ef0d3	fcvt.s.w	f1,x29	 x29:0x40000000  f1=0x4e800000
     197505.000 ns	     19749	80004104	407357b3	sra	x15,x6,x7	  x6:0x40000000  x7:0x00000642 x15=0x10000000
     197515.000 ns	     19750	80004108	014590b3	sll	x1,x11,x20	 x11:0x00000000 x20:0xffffffff  x1=0x00000000
     197535.000 ns	     19752	8000410c	a126ac53	feq.s	x24,f13,f18	 f13:0xc4c7c000 f18:0x3f800000 x24=0x00000000
     197555.000 ns	     19754	80004110	01f9eeb3	or	x29,x19,x31	 x19:0x0001ffff x31:0x0001ffff x29=0x0001ffff
     197565.000 ns	     19755	80004114	00e8f733	and	x14,x17,x14	 x17:0x00000000 x14:0x00000000 x14=0x00000000
     197585.000 ns	     19757	80004118	02a38033	mul	x0,x7,x10	  x7:0x00000642 x10:0x00000000
     197615.000 ns	     19760	8000411c	02155833	divu	x16,x10,x1	 x10:0x00000000  x1:0x00000000 x16=0xffffffff
     197645.000 ns	     19763	80004120	21f6ab53	fsgnjx.s	f22,f13,f31	 f13:0xc4c7c000 f31:0x57b84ccf f22=0xc4c7c000
     197675.000 ns	     19766	80004124	02bb40b3	div	x1,x22,x11	 x22:0x00000000 x11:0x00000000  x1=0xffffffff
     197705.000 ns	     19769	80004128	a1d02853	feq.s	x16,f0,f29	  f0:0xd447c656 f29:0xc4c0a000 x16=0x00000000
     197725.000 ns	     19771	8000412c	404201b3	sub	x3,x4,x4	  x4:0x80041024  x4:0x80041024  x3=0x00000000
     197735.000 ns	     19772	80004130	40d4df93	srai	x31,x9,0xd	  x9:0x00000001 x31=0x00000000
     197755.000 ns	     19774	80004134	f0088c53	fmv.w.x	f24,x17	 x17:0x00000000 f24=0x00000000
     197785.000 ns	     19777	80004138	e0040bd3	fmv.x.w	x23,f8	  f8:0x57b84ccf x23=0x57b84ccf
     198155.000 ns	     19814	8000413c	034a7bb3	remu	x23,x20,x20	 x20:0xffffffff x20:0xffffffff x23=0x00000000
     198205.000 ns	     19819	80004140	01b17553	fadd.s	f10,f2,f27	  f2:0xc4c7c000 f27:0xc3829313 f10=0xc4e864c4
     198235.000 ns	     19822	80004144	03af1c33	mulh	x24,x30,x26	 x30:0x00000000 x26:0x00000000 x24=0x00000000
     198265.000 ns	     19825	80004148	21ce88d3	fsgnj.s	f17,f29,f28	 f29:0xc4c0a000 f28:0x40e00000 f17=0x44c0a000
     198295.000 ns	     19828	8000414c	a1e6a153	feq.s	x2,f13,f30	 f13:0xc4c7c000 f30:0xd3dd710c  x2=0x00000000
     198325.000 ns	     19831	80004150	f00306d3	fmv.w.x	f13,x6	  x6:0x40000000 f13=0x40000000
     198345.000 ns	     19833	80004154	403cd7b3	sra	x15,x25,x3	 x25:0x00000000  x3:0x00000000 x15=0x00000000
     198355.000 ns	     19834	80004158	01b8da13	srli	x20,x17,0x1b	 x17:0x00000000 x20=0x00000000
     198375.000 ns	     19836	8000415c	d002bb53	fcvt.s.w	f22,x5	  x5:0x00000000 f22=0x00000000
     198395.000 ns	     19838	80004160	0105c2b3	xor	x5,x11,x16	 x11:0x00000000 x16:0x00000000  x5=0x00000000
     198405.000 ns	     19839	80004164	00992933	slt	x18,x18,x9	 x18:0x00000000  x9:0x00000001 x18=0x00000001
     198425.000 ns	     19841	80004168	e00590d3	fclass.s	x1,f11	 f11:0x80000000  x1=0x00000008
     198465.000 ns	     19845	8000416c	11c5f653	fmul.s	f12,f11,f28	 f11:0x80000000 f28:0x40e00000 f12=0x80000000
     198485.000 ns	     19847	80004170	00000013	addi	x0,x0,0	  x0:0x00000000
     198525.000 ns	     19851	80004174	002fc853	fadd.s	f16,f31,f2	 f31:0x57b84ccf  f2:0xc4c7c000 f16=0x57b84ccf
     198555.000 ns	     19854	80004178	c007f6d3	fcvt.w.s	x13,f15	 f15:0xd440a61e x13=0x80000000
     198925.000 ns	     19891	8000417c	02d7fd33	remu	x26,x15,x13	 x15:0x00000000 x13:0x00000000 x26=0x00000000
     198965.000 ns	     19895	80004180	1115f7d3	fmul.s	f15,f11,f17	 f11:0x80000000 f17:0x44c0a000 f15=0x80000000
     198985.000 ns	     19897	80004184	ac39be93	sltiu	x29,x19,-1341	 x19:0x0001ffff x29=0x00000001
     198995.000 ns	     19898	80004188	00c66a33	or	x20,x12,x12	 x12:0x80040fe4 x12:0x80040fe4 x20=0x80040fe4
     199005.000 ns	     19899	8000418c	005aa6b3	slt	x13,x21,x5	 x21:0xfffe0001  x5:0x00000000 x13=0x00000001
     199025.000 ns	     19901	80004190	d00999d3	fcvt.s.w	f19,x19	 x19:0x0001ffff f19=0x47ffff80
     199395.000 ns	     19938	80004194	03334433	div	x8,x6,x19	  x6:0x40000000 x19:0x0001ffff  x8=0x00002000
     199415.000 ns	     19940	80004198	01d15033	srl	x0,x2,x29	  x2:0x00000000 x29:0x00000001
     199425.000 ns	     19941	8000419c	0025e933	or	x18,x11,x2	 x11:0x00000000  x2:0x00000000 x18=0x00000000
     199445.000 ns	     19943	800041a0	28f71353	fmax.s	f6,f14,f15	 f14:0x3f7fffae f15:0x80000000  f6=0x3f7fffae
     199465.000 ns	     19945	800041a4	febe0b97	auipc	x23,0xfebe0	 x23=0x7ebe41a4
     199475.000 ns	     19946	800041a8	5f9b8c93	addi	x25,x23,1529	 x23:0x00000000 x25=0x7ebe479d
     199495.000 ns	     19948	800041ac	f00c03d3	fmv.w.x	f7,x24	 x24:0x00000000  f7=0x00000000
     199525.000 ns	     19951	800041b0	f0018fd3	fmv.w.x	f31,x3	  x3:0x00000000 f31=0x00000000
     199555.000 ns	     19954	800041b4	a17406d3	fle.s	x13,f8,f23	  f8:0x57b84ccf f23:0x7276a000 x13=0x00000001
     199575.000 ns	     19956	800041b8	006eea33	or	x20,x29,x6	 x29:0x00000001  x6:0x40000000 x20=0x40000001
     199585.000 ns	     19957	800041bc	1197ef93	ori	x31,x15,281	 x15:0x00000000 x31=0x00000119
     199605.000 ns	     19959	800041c0	02390433	mul	x8,x18,x3	 x18:0x00000000  x3:0x00000000  x8=0x00000000
     199635.000 ns	     19962	800041c4	024c86b3	mul	x13,x25,x4	 x25:0x7ebe479d  x4:0x80041024 x13=0x55afe214
     199655.000 ns	     19964	800041c8	79e23793	sltiu	x15,x4,1950	  x4:0x80041024 x15=0x00000000
     199665.000 ns	     19965	800041cc	d310ca93	xori	x21,x1,-719	  x1:0x00000008 x21=0xfffffd39
     199675.000 ns	     19966	800041d0	fdedc493	xori	x9,x27,-34	 x27:0x00000000  x9=0xffffffde
     200035.000 ns	     20002	800041d4	024549b3	div	x19,x10,x4	 x10:0x00000000  x4:0x80041024 x19=0x00000000
     200065.000 ns	     20005	800041d8	c00cf2d3	fcvt.w.s	x5,f25	 f25:0x7fc00000  x5=0x7fffffff
     200095.000 ns	     20008	800041dc	c012fc53	fcvt.wu.s	x24,f5	  f5:0x4f000410 x24=0x80041000
     200115.000 ns	     20010	800041e0	019fe4b3	or	x9,x31,x25	 x31:0x00000119 x25:0x7ebe479d  x9=0x7ebe479d
     200125.000 ns	     20011	800041e4	01191593	slli	x11,x18,0x11	 x18:0x00000000 x11=0x00000000
     200135.000 ns	     20012	800041e8	008ebab3	sltu	x21,x29,x8	 x29:0x00000001  x8:0x00000000 x21=0x00000000
     200145.000 ns	     20013	800041ec	01029ab3	sll	x21,x5,x16	  x5:0x7fffffff x16:0x00000000 x21=0x7fffffff
     200165.000 ns	     20015	800041f0	20a88c53	fsgnj.s	f24,f17,f10	 f17:0x44c0a000 f10:0xc4e864c4 f24=0xc4c0a000
     200195.000 ns	     20018	800041f4	c01cc5d3	fcvt.wu.s	x11,f25	 f25:0x7fc00000 x11=0xffffffff
     200235.000 ns	     20022	800041f8	1158f853	fmul.s	f16,f17,f21	 f17:0x44c0a000 f21:0x3f800000 f16=0x44c0a000
     200255.000 ns	     20024	800041fc	f375a493	slti	x9,x11,-201	 x11:0xffffffff  x9=0x00000000
     200265.000 ns	     20025	80004200	00271813	slli	x16,x14,0x2	 x14:0x00000000 x16=0x00000000
     200275.000 ns	     20026	80004204	2dcb6113	ori	x2,x22,732	 x22:0x00000000  x2=0x000002dc
     200295.000 ns	     20028	80004208	a097a3d3	feq.s	x7,f15,f9	 f15:0x80000000  f9:0x4f000410  x7=0x00000000
     200325.000 ns	     20031	8000420c	d00d0153	fcvt.s.w	f2,x26	 x26:0x00000000  f2=0x00000000
     200355.000 ns	     20034	80004210	022b18b3	mulh	x17,x22,x2	 x22:0x00000000  x2:0x000002dc x17=0x00000000
     200375.000 ns	     20036	80004214	bc9f7513	andi	x10,x30,-1079	 x30:0x00000000 x10=0x00000000
     200395.000 ns	     20038	80004218	a1ab2cd3	feq.s	x25,f22,f26	 f22:0x00000000 f26:0x80041024 x25=0x00000000
     200425.000 ns	     20041	8000421c	a16005d3	fle.s	x11,f0,f22	  f0:0xd447c656 f22:0x00000000 x11=0x00000001
     200455.000 ns	     20044	80004220	288505d3	fmin.s	f11,f10,f8	 f10:0xc4e864c4  f8:0x57b84ccf f11=0xc4e864c4
     200485.000 ns	     20047	80004224	d002ff53	fcvt.s.w	f30,x5	  x5:0x7fffffff f30=0x4effffff
     200535.000 ns	     20052	80004228	08ff9653	fsub.s	f12,f31,f15	 f31:0x00000000 f15:0x80000000 f12=0x00000000
     200555.000 ns	     20054	8000422c	a479f293	andi	x5,x19,-1465	 x19:0x00000000  x5=0x00000000
     201725.000 ns	     20171	80004230	5806c453	fsqrt.s	f8,f13	 f13:0x40000000  f8=0x3f350482
     201745.000 ns	     20173	80004234	40c9dd33	sra	x26,x19,x12	 x19:0x00000000 x12:0x80040fe4 x26=0x00000000
     201755.000 ns	     20174	80004238	41a38533	sub	x10,x7,x26	  x7:0x00000000 x26:0x00000000 x10=0x00000000
     201765.000 ns	     20175	8000423c	00a690b3	sll	x1,x13,x10	 x13:0x55afe214 x10:0x00000000  x1=0x55afe214
     201775.000 ns	     20176	80004240	fe023a13	sltiu	x20,x4,-32	  x4:0x80041024 x20=0x00000001
     202105.000 ns	     20209	80004244	197f16d3	fdiv.s	f13,f30,f23	 f30:0x4effffff f23:0x7276a000 f13=0x1c000000
     202155.000 ns	     20214	80004248	00e47a53	fadd.s	f20,f8,f14	  f8:0x3f350482 f14:0x3f7fffae f20=0x3fda8218
     202185.000 ns	     20217	8000424c	c00df7d3	fcvt.w.s	x15,f27	 f27:0xc3829313 x15=0x00000105
     202205.000 ns	     20219	80004250	60a16697	auipc	x13,0x60a16	 x13=0xe0a1a250
     202225.000 ns	     20221	80004254	28b102d3	fmin.s	f5,f2,f11	  f2:0x00000000 f11:0xc4e864c4  f5=0xc4e864c4
     202255.000 ns	     20224	80004258	289907d3	fmin.s	f15,f18,f9	 f18:0x3f800000  f9:0x4f000410 f15=0x3f800000
     202285.000 ns	     20227	8000425c	e0059c53	fclass.s	x24,f11	 f11:0xc4e864c4 x24=0x00000002
     202315.000 ns	     20230	80004260	02ab73b3	remu	x7,x22,x10	 x22:0x00000000 x10:0x00000000  x7=0x00000000
     202345.000 ns	     20233	80004264	a10b9f53	flt.s	x30,f23,f16	 f23:0x7276a000 f16:0x44c0a000 x30=0x00000000
     202365.000 ns	     20235	80004268	018d4333	xor	x6,x26,x24	 x26:0x00000000 x24:0x00000002  x6=0x00000002
     202375.000 ns	     20236	8000426c	00885033	srl	x0,x16,x8	 x16:0x00000000  x8:0x00000000
     202385.000 ns	     20237	80004270	0140e7b3	or	x15,x1,x20	  x1:0x55afe214 x20:0x00000001 x15=0x55afe215
     202395.000 ns	     20238	80004274	0182a0b3	slt	x1,x5,x24	  x5:0x00000000 x24:0x00000002  x1=0x00000001
     202405.000 ns	     20239	80004278	01c8e733	or	x14,x17,x28	 x17:0x00000000 x28:0x00000007 x14=0x00000007
     202415.000 ns	     20240	8000427c	31c0f437	lui	x8,0x31c0f	  x8=0x31c0f000
     202425.000 ns	     20241	80004280	40325313	srai	x6,x4,0x3	  x4:0x80041024  x6=0xf0008204
     202445.000 ns	     20243	80004284	d005fb53	fcvt.s.w	f22,x11	 x11:0x00000001 f22=0x3f800000
     202475.000 ns	     20246	80004288	c00b9fd3	fcvt.w.s	x31,f23	 f23:0x7276a000 x31=0x7fffffff
     202505.000 ns	     20249	8000428c	d00bf3d3	fcvt.s.w	f7,x23	 x23:0x7ebe41a4  f7=0x4efd7c83
     202535.000 ns	     20252	80004290	03a343b3	div	x7,x6,x26	  x6:0xf0008204 x26:0x00000000  x7=0xffffffff
     202555.000 ns	     20254	80004294	40965db3	sra	x27,x12,x9	 x12:0x80040fe4  x9:0x00000000 x27=0x80040fe4
     202575.000 ns	     20256	80004298	e00014d3	fclass.s	x9,f0	  f0:0xd447c656  x9=0x00000002
     202595.000 ns	     20258	8000429c	01e271b3	and	x3,x4,x30	  x4:0x80041024 x30:0x00000000  x3=0x00000000
     202615.000 ns	     20260	800042a0	c00affd3	fcvt.w.s	x31,f21	 f21:0x3f800000 x31=0x00000001
     202645.000 ns	     20263	800042a4	e0010c53	fmv.x.w	x24,f2	  f2:0x00000000 x24=0x00000000
     202695.000 ns	     20268	800042a8	08077c53	fsub.s	f24,f14,f0	 f14:0x3f7fffae  f0:0xd447c656 f24=0x5447c656
     202725.000 ns	     20271	800042ac	d01dfb53	fcvt.s.wu	f22,x27	 x27:0x80040fe4 f22=0x4f00040f
     202745.000 ns	     20273	800042b0	5ab94113	xori	x2,x18,1451	 x18:0x00000000  x2=0x000005ab
     202755.000 ns	     20274	800042b4	01e95493	srli	x9,x18,0x1e	 x18:0x00000000  x9=0x00000000
     202795.000 ns	     20278	800042b8	00b9f7d3	fadd.s	f15,f19,f11	 f19:0x47ffff80 f11:0xc4e864c4 f15=0x47fc5dec
     202815.000 ns	     20280	800042bc	01339eb3	sll	x29,x7,x19	  x7:0xffffffff x19:0x00000000 x29=0xffffffff
     202825.000 ns	     20281	800042c0	008ec833	xor	x16,x29,x8	 x29:0x00000001  x8:0x31c0f000 x16=0xce3f0fff
     202845.000 ns	     20283	800042c4	a18a2953	feq.s	x18,f20,f24	 f20:0x3fda8218 f24:0x5447c656 x18=0x00000000
     202865.000 ns	     20285	800042c8	a2980e93	addi	x29,x16,-1495	 x16:0x00000000 x29=0xce3f0a28
     202885.000 ns	     20287	800042cc	201f9a53	fsgnjn.s	f20,f31,f1	 f31:0x00000000  f1:0x4e800000 f20=0x80000000
     202915.000 ns	     20290	800042d0	a1deaed3	feq.s	x29,f29,f29	 f29:0xc4c0a000 f29:0xc4c0a000 x29=0x00000001
     202935.000 ns	     20292	800042d4	972edc17	auipc	x24,0x972ed	 x24=0x172f12d4
     202945.000 ns	     20293	800042d8	71e517b7	lui	x15,0x71e51	 x15=0x71e51000
     202955.000 ns	     20294	800042dc	0005bb33	sltu	x22,x11,x0	 x11:0x00000001  x0:0x00000000 x22=0x00000000
     202965.000 ns	     20295	800042e0	0095afb3	slt	x31,x11,x9	 x11:0x00000001  x9:0x00000000 x31=0x00000000
     202975.000 ns	     20296	800042e4	012bc033	xor	x0,x23,x18	 x23:0x7ebe41a4 x18:0x00000000
     202995.000 ns	     20298	800042e8	026b98b3	mulh	x17,x23,x6	 x23:0x7ebe41a4  x6:0xf0008204 x17=0xf8145c44
     203025.000 ns	     20301	800042ec	030eafb3	mulhsu	x31,x29,x16	 x29:0x00000001 x16:0xce3f0fff x31=0x00000000
     203045.000 ns	     20303	800042f0	63835417	auipc	x8,0x63835	  x8=0xe38392f0
     203085.000 ns	     20307	800042f4	012e7053	fadd.s	f0,f28,f18	 f28:0x40e00000 f18:0x3f800000  f0=0x41000000
     203115.000 ns	     20310	800042f8	d01af253	fcvt.s.wu	f4,x21	 x21:0x7fffffff  f4=0x4effffff
     203145.000 ns	     20313	800042fc	209caf53	fsgnjx.s	f30,f25,f9	 f25:0x7fc00000  f9:0x4f000410 f30=0x7fc00000
     203175.000 ns	     20316	80004300	0367a433	mulhsu	x8,x15,x22	 x15:0x71e51000 x22:0x00000000  x8=0x00000000
     203225.000 ns	     20321	80004304	00562cd3	fadd.s	f25,f12,f5	 f12:0x00000000  f5:0xc4e864c4 f25=0xc4e864c4
     203245.000 ns	     20323	80004308	01af33b3	sltu	x7,x30,x26	 x30:0x00000000 x26:0x00000000  x7=0x00000000
     203265.000 ns	     20325	8000430c	a0ab9d53	flt.s	x26,f23,f10	 f23:0x7276a000 f10:0xc4e864c4 x26=0x00000000
     203285.000 ns	     20327	80004310	001ad933	srl	x18,x21,x1	 x21:0x7fffffff  x1:0x00000001 x18=0x3fffffff
     203305.000 ns	     20329	80004314	03d029b3	mulhsu	x19,x0,x29	  x0:0x00000000 x29:0x00000001 x19=0x00000000
     203335.000 ns	     20332	80004318	a1e02c53	feq.s	x24,f0,f30	  f0:0x41000000 f30:0x7fc00000 x24=0x00000000
     203385.000 ns	     20337	8000431c	00c0fd53	fadd.s	f26,f1,f12	  f1:0x4e800000 f12:0x00000000 f26=0x4e800000
     203405.000 ns	     20339	80004320	008c7533	and	x10,x24,x8	 x24:0x00000000  x8:0x00000000 x10=0x00000000
     203425.000 ns	     20341	80004324	e00d11d3	fclass.s	x3,f26	 f26:0x4e800000  x3=0x00000040
     203445.000 ns	     20343	80004328	013abeb3	sltu	x29,x21,x19	 x21:0x7fffffff x19:0x00000000 x29=0x00000000
     203455.000 ns	     20344	8000432c	414388b3	sub	x17,x7,x20	  x7:0x00000000 x20:0x00000001 x17=0xffffffff
     203465.000 ns	     20345	80004330	76ebed93	ori	x27,x23,1902	 x23:0x7ebe41a4 x27=0x7ebe47ee
     203475.000 ns	     20346	80004334	00de5893	srli	x17,x28,0xd	 x28:0x00000007 x17=0x00000000
     204645.000 ns	     20463	80004338	580c71d3	fsqrt.s	f3,f24	 f24:0x5447c656  f3=0x498d4313
     204675.000 ns	     20466	8000433c	e00c08d3	fmv.x.w	x17,f24	 f24:0x5447c656 x17=0x5447c656
     204705.000 ns	     20469	80004340	216a87d3	fsgnj.s	f15,f21,f22	 f21:0x3f800000 f22:0x4f00040f f15=0x3f800000
     204725.000 ns	     20471	80004344	01eae5b3	or	x11,x21,x30	 x21:0x7fffffff x30:0x00000000 x11=0x7fffffff
     204745.000 ns	     20473	80004348	a0ea8b53	fle.s	x22,f21,f14	 f21:0x3f800000 f14:0x3f7fffae x22=0x00000000
     204765.000 ns	     20475	8000434c	008d5413	srli	x8,x26,0x8	 x26:0x00000000  x8=0x00000000
     204785.000 ns	     20477	80004350	0241bb33	mulhu	x22,x3,x4	  x3:0x00000040  x4:0x80041024 x22=0x00000020
     204815.000 ns	     20480	80004354	a0b20cd3	fle.s	x25,f4,f11	  f4:0x4effffff f11:0xc4e864c4 x25=0x00000000
     204835.000 ns	     20482	80004358	003d08b3	add	x17,x26,x3	 x26:0x00000000  x3:0x00000040 x17=0x00000040
     204875.000 ns	     20486	8000435c	00a24853	fadd.s	f16,f4,f10	  f4:0x4effffff f10:0xc4e864c4 f16=0x4efffff0
     205245.000 ns	     20523	80004360	03425433	divu	x8,x4,x20	  x4:0x80041024 x20:0x00000001  x8=0x80041024
     205265.000 ns	     20525	80004364	41a05d33	sra	x26,x0,x26	  x0:0x00000000 x26:0x00000000 x26=0x00000000
     205275.000 ns	     20526	80004368	00f153b3	srl	x7,x2,x15	  x2:0x000005ab x15:0x71e51000  x7=0x000005ab
     205285.000 ns	     20527	8000436c	00840733	add	x14,x8,x8	  x8:0x80041024  x8:0x80041024 x14=0x00082048
     205305.000 ns	     20529	80004370	c018f853	fcvt.wu.s	x16,f17	 f17:0x44c0a000 x16=0x00000605
     205645.000 ns	     20563	80004374	1874f253	fdiv.s	f4,f9,f7	  f9:0x4f000410  f7:0x4efd7c83  f4=0x3f800410
     205665.000 ns	     20565	80004378	40d8d093	srai	x1,x17,0xd	 x17:0x00000040  x1=0x00000000
     205685.000 ns	     20567	8000437c	28389553	fmax.s	f10,f17,f3	 f17:0x44c0a000  f3:0x498d4313 f10=0x498d4313
     205705.000 ns	     20569	80004380	00e664b3	or	x9,x12,x14	 x12:0x80040fe4 x14:0x00082048  x9=0x800c2fec
     205715.000 ns	     20570	80004384	41500933	sub	x18,x0,x21	  x0:0x00000000 x21:0x7fffffff x18=0x80000001
     205735.000 ns	     20572	80004388	f00d05d3	fmv.w.x	f11,x26	 x26:0x00000000 f11=0x00000000
     205765.000 ns	     20575	8000438c	a12dafd3	feq.s	x31,f27,f18	 f27:0xc3829313 f18:0x3f800000 x31=0x00000000
     205795.000 ns	     20578	80004390	a18d86d3	fle.s	x13,f27,f24	 f27:0xc3829313 f24:0x5447c656 x13=0x00000001
     205825.000 ns	     20581	80004394	03874a33	div	x20,x14,x24	 x14:0x00082048 x24:0x00000000 x20=0xffffffff
     206165.000 ns	     20615	80004398	183878d3	fdiv.s	f17,f16,f3	 f16:0x4efffff0  f3:0x498d4313 f17=0x447ffff0
     206185.000 ns	     20617	8000439c	0520af13	slti	x30,x1,82	  x1:0x00000000 x30=0x00000001
     206205.000 ns	     20619	800043a0	03bda1b3	mulhsu	x3,x27,x27	 x27:0x7ebe47ee x27:0x7ebe47ee  x3=0x3ebfdc3d
     206225.000 ns	     20621	800043a4	0195d493	srli	x9,x11,0x19	 x11:0x7fffffff  x9=0x0000003f
     206235.000 ns	     20622	800043a8	dab5bc17	auipc	x24,0xdab5b	 x24=0x5ab5f3a8
     206255.000 ns	     20624	800043ac	20a199d3	fsgnjn.s	f19,f3,f10	  f3:0x498d4313 f10:0x498d4313 f19=0xc98d4313
     206275.000 ns	     20626	800043b0	01b13833	sltu	x16,x2,x27	  x2:0x000005ab x27:0x7ebe47ee x16=0x00000001
     206285.000 ns	     20627	800043b4	01463db3	sltu	x27,x12,x20	 x12:0x80040fe4 x20:0xffffffff x27=0x00000001
     206305.000 ns	     20629	800043b8	20ee8cd3	fsgnj.s	f25,f29,f14	 f29:0xc4c0a000 f14:0x3f7fffae f25=0x44c0a000
     206335.000 ns	     20632	800043bc	c00d2d53	fcvt.w.s	x26,f26	 f26:0x4e800000 x26=0x40000000
     206365.000 ns	     20635	800043c0	03920733	mul	x14,x4,x25	  x4:0x80041024 x25:0x00000000 x14=0x00000000
     206705.000 ns	     20669	800043c4	18537dd3	fdiv.s	f27,f6,f5	  f6:0x3f7fffae  f5:0xc4e864c4 f27=0xba4cc24c
     206735.000 ns	     20672	800043c8	e00d1ad3	fclass.s	x21,f26	 f26:0x4e800000 x21=0x00000040
     206765.000 ns	     20675	800043cc	039081b3	mul	x3,x1,x25	  x1:0x00000000 x25:0x00000000  x3=0x00000000
     206785.000 ns	     20677	800043d0	001bdf33	srl	x30,x23,x1	 x23:0x7ebe41a4  x1:0x00000000 x30=0x7ebe41a4
     206795.000 ns	     20678	800043d4	005ae733	or	x14,x21,x5	 x21:0x00000040  x5:0x00000000 x14=0x00000040
     206815.000 ns	     20680	800043d8	d00175d3	fcvt.s.w	f11,x2	  x2:0x000005ab f11=0x44b56000
     206845.000 ns	     20683	800043dc	03049833	mulh	x16,x9,x16	  x9:0x0000003f x16:0x00000001 x16=0x00000000
     206875.000 ns	     20686	800043e0	038c8cb3	mul	x25,x25,x24	 x25:0x00000000 x24:0x5ab5f3a8 x25=0x00000000
     206905.000 ns	     20689	800043e4	a1b5add3	feq.s	x27,f11,f27	 f11:0x44b56000 f27:0xba4cc24c x27=0x00000000
     206935.000 ns	     20692	800043e8	20429a53	fsgnjn.s	f20,f5,f4	  f5:0xc4e864c4  f4:0x3f800410 f20=0xc4e864c4
     206965.000 ns	     20695	800043ec	d0157353	fcvt.s.wu	f6,x10	 x10:0x00000000  f6=0x00000000
     206985.000 ns	     20697	800043f0	0197d2b3	srl	x5,x15,x25	 x15:0x71e51000 x25:0x00000000  x5=0x71e51000
     207005.000 ns	     20699	800043f4	032a09b3	mul	x19,x20,x18	 x20:0xffffffff x18:0x80000001 x19=0x7fffffff
     207035.000 ns	     20702	800043f8	a1958053	fle.s	x0,f11,f25	 f11:0x44b56000 f25:0x44c0a000
     207065.000 ns	     20705	800043fc	20792453	fsgnjx.s	f8,f18,f7	 f18:0x3f800000  f7:0x4efd7c83  f8=0x3f800000
     207085.000 ns	     20707	80004400	a1758f13	addi	x30,x11,-1513	 x11:0x7fffffff x30=0x7ffffa16
     207105.000 ns	     20709	80004404	025e2d33	mulhsu	x26,x28,x5	 x28:0x00000007  x5:0x71e51000 x26=0x00000003
     207155.000 ns	     20714	80004408	0185a4d3	fadd.s	f9,f11,f24	 f11:0x44b56000 f24:0x5447c656  f9=0x5447c656
     207185.000 ns	     20717	8000440c	a1dd1453	flt.s	x8,f26,f29	 f26:0x4e800000 f29:0xc4c0a000  x8=0x00000000
     207205.000 ns	     20719	80004410	003e17b3	sll	x15,x28,x3	 x28:0x00000007  x3:0x00000000 x15=0x00000007
     207225.000 ns	     20721	80004414	e0028953	fmv.x.w	x18,f5	  f5:0xc4e864c4 x18=0xc4e864c4
     207275.000 ns	     20726	80004418	00d375d3	fadd.s	f11,f6,f13	  f6:0x00000000 f13:0x1c000000 f11=0x1c000000
     207305.000 ns	     20729	8000441c	03389cb3	mulh	x25,x17,x19	 x17:0x00000040 x19:0x7fffffff x25=0x0000001f
     207355.000 ns	     20734	80004420	08f67753	fsub.s	f14,f12,f15	 f12:0x00000000 f15:0x3f800000 f14=0xbf800000
     207375.000 ns	     20736	80004424	41cd5513	srai	x10,x26,0x1c	 x26:0x00000003 x10=0x00000000
     207385.000 ns	     20737	80004428	c5d7ea93	ori	x21,x15,-931	 x15:0x00000007 x21=0xfffffc5f
     207405.000 ns	     20739	8000442c	e0078f53	fmv.x.w	x30,f15	 f15:0x3f800000 x30=0x3f800000
     207435.000 ns	     20742	80004430	c011fcd3	fcvt.wu.s	x25,f3	  f3:0x498d4313 x25=0x0011a862
     207455.000 ns	     20744	80004434	00c55a93	srli	x21,x10,0xc	 x10:0x00000000 x21=0x00000000
     207485.000 ns	     20747	80004438	58067253	fsqrt.s	f4,f12	 f12:0x00000000  f4=0x00000000
     207855.000 ns	     20784	8000443c	033474b3	remu	x9,x8,x19	  x8:0x00000000 x19:0x7fffffff  x9=0x00000000
     207885.000 ns	     20787	80004440	0299a833	mulhsu	x16,x19,x9	 x19:0x7fffffff  x9:0x0000003f x16=0x00000000
     207905.000 ns	     20789	80004444	0149ba33	sltu	x20,x19,x20	 x19:0x7fffffff x20:0xffffffff x20=0x00000001
     207915.000 ns	     20790	80004448	00008fb3	add	x31,x1,x0	  x1:0x00000000  x0:0x00000000 x31=0x00000000
     207945.000 ns	     20793	8000444c	580a1d53	fsqrt.s	f26,f20	 f20:0xc4e864c4 f26=0x7fc00000
     207965.000 ns	     20795	80004450	018942b3	xor	x5,x18,x24	 x18:0xc4e864c4 x24:0x5ab5f3a8  x5=0x9e5d976c
     208005.000 ns	     20799	80004454	08dbf553	fsub.s	f10,f23,f13	 f23:0x7276a000 f13:0x1c000000 f10=0x7276a000
     208025.000 ns	     20801	80004458	cac36a13	ori	x20,x6,-852	  x6:0xf0008204 x20=0xfffffeac
     208035.000 ns	     20802	8000445c	0e257693	andi	x13,x10,226	 x10:0x00000000 x13=0x00000000
     208055.000 ns	     20804	80004460	215d2ad3	fsgnjx.s	f21,f26,f21	 f26:0x7fc00000 f21:0x3f800000 f21=0x7fc00000
     208425.000 ns	     20841	80004464	03366ab3	rem	x21,x12,x19	 x12:0x80040fe4 x19:0x7fffffff x21=0x80040fe4
     208445.000 ns	     20843	80004468	413bdf93	srai	x31,x23,0x13	 x23:0x7ebe41a4 x31=0x00000fd7
     208455.000 ns	     20844	8000446c	414cd3b3	sra	x7,x25,x20	 x25:0x0011a862 x20:0xfffffeac  x7=0x0000011a
     208475.000 ns	     20846	80004470	03102333	mulhsu	x6,x0,x17	  x0:0x00000000 x17:0x00000040  x6=0x00000000
     208495.000 ns	     20848	80004474	016eaa33	slt	x20,x29,x22	 x29:0x00000000 x22:0x00000020 x20=0x00000001
     208505.000 ns	     20849	80004478	00a15793	srli	x15,x2,0xa	  x2:0x000005ab x15=0x00000001
     208865.000 ns	     20885	8000447c	031cf733	remu	x14,x25,x17	 x25:0x0011a862 x17:0x00000040 x14=0x00000022
     208895.000 ns	     20888	80004480	20fd29d3	fsgnjx.s	f19,f26,f15	 f26:0x7fc00000 f15:0x3f800000 f19=0x7fc00000
     208925.000 ns	     20891	80004484	a14b9753	flt.s	x14,f23,f20	 f23:0x7276a000 f20:0xc4e864c4 x14=0x00000000
     208955.000 ns	     20894	80004488	d01dfcd3	fcvt.s.wu	f25,x27	 x27:0x00000000 f25=0x00000000
     208975.000 ns	     20896	8000448c	19650993	addi	x19,x10,406	 x10:0x00000000 x19=0x00000196
     209305.000 ns	     20929	80004490	19cc0353	fdiv.s	f6,f24,f28	 f24:0x5447c656 f28:0x40e00000  f6=0x534642c0
     209335.000 ns	     20932	80004494	d01184d3	fcvt.s.wu	f9,x3	  x3:0x00000000  f9=0x00000000
     209365.000 ns	     20935	80004498	029705b3	mul	x11,x14,x9	 x14:0x00000000  x9:0x00000000 x11=0x00000000
     209385.000 ns	     20937	8000449c	017fd513	srli	x10,x31,0x17	 x31:0x00000fd7 x10=0x00000000
     209425.000 ns	     20941	800044a0	08632f53	fsub.s	f30,f6,f6	  f6:0x534642c0  f6:0x534642c0 f30=0x80000000
     209455.000 ns	     20944	800044a4	286191d3	fmax.s	f3,f3,f6	  f3:0x498d4313  f6:0x534642c0  f3=0x534642c0
     209485.000 ns	     20947	800044a8	d004b5d3	fcvt.s.w	f11,x9	  x9:0x00000000 f11=0x00000000
     209505.000 ns	     20949	800044ac	98f62513	slti	x10,x12,-1649	 x12:0x80040fe4 x10=0x00000001
     209535.000 ns	     20952	800044b0	10bd2c53	fmul.s	f24,f26,f11	 f26:0x7fc00000 f11:0x00000000 f24=0x7fc00000
     209565.000 ns	     20955	800044b4	a03d1cd3	flt.s	x25,f26,f3	 f26:0x7fc00000  f3:0x534642c0 x25=0x00000000
     209595.000 ns	     20958	800044b8	02f58333	mul	x6,x11,x15	 x11:0x00000000 x15:0x00000001  x6=0x00000000
     209625.000 ns	     20961	800044bc	c00a1753	fcvt.w.s	x14,f20	 f20:0xc4e864c4 x14=0xfffff8bd
     209665.000 ns	     20965	800044c0	10410dd3	fmul.s	f27,f2,f4	  f2:0x00000000  f4:0x00000000 f27=0x00000000
     209695.000 ns	     20968	800044c4	d0009c53	fcvt.s.w	f24,x1	  x1:0x00000000 f24=0x00000000
     209725.000 ns	     20971	800044c8	a15a2d53	feq.s	x26,f20,f21	 f20:0xc4e864c4 f21:0x7fc00000 x26=0x00000000
     209745.000 ns	     20973	800044cc	40eadf93	srai	x31,x21,0xe	 x21:0x80040fe4 x31=0xfffe0010
     209755.000 ns	     20974	800044d0	0130e3b3	or	x7,x1,x19	  x1:0x00000000 x19:0x00000196  x7=0x00000196
     209785.000 ns	     20977	800044d4	180f7653	fdiv.s	f12,f30,f0	 f30:0x80000000  f0:0x41000000 f12=0x80000000
     209815.000 ns	     20980	800044d8	f0030153	fmv.w.x	f2,x6	  x6:0x00000000  f2=0x00000000
     209845.000 ns	     20983	800044dc	a0d310d3	flt.s	x1,f6,f13	  f6:0x534642c0 f13:0x1c000000  x1=0x00000000
     209865.000 ns	     20985	800044e0	00ba9793	slli	x15,x21,0xb	 x21:0x80040fe4 x15=0x207f2000
     209875.000 ns	     20986	800044e4	852c9b97	auipc	x23,0x852c9	 x23=0x052cd4e4
     209895.000 ns	     20988	800044e8	a1511353	flt.s	x6,f2,f21	  f2:0x00000000 f21:0x7fc00000  x6=0x00000000
     209915.000 ns	     20990	800044ec	00eb67b3	or	x15,x22,x14	 x22:0x00000020 x14:0xfffff8bd x15=0xfffff8bd
     209935.000 ns	     20992	800044f0	e00b14d3	fclass.s	x9,f22	 f22:0x4f00040f  x9=0x00000040
     209955.000 ns	     20994	800044f4	328a4913	xori	x18,x20,808	 x20:0x00000001 x18=0x00000329
     209965.000 ns	     20995	800044f8	00d251b3	srl	x3,x4,x13	  x4:0x80041024 x13:0x00000000  x3=0x80041024
     209975.000 ns	     20996	800044fc	40ce5793	srai	x15,x28,0xc	 x28:0x00000007 x15=0x00000000
     209995.000 ns	     20998	80004500	21ce89d3	fsgnj.s	f19,f29,f28	 f29:0xc4c0a000 f28:0x40e00000 f19=0x44c0a000
     210025.000 ns	     21001	80004504	a18e29d3	feq.s	x19,f28,f24	 f28:0x40e00000 f24:0x00000000 x19=0x00000000
     210075.000 ns	     21006	80004508	08337ad3	fsub.s	f21,f6,f3	  f6:0x534642c0  f3:0x534642c0 f21=0x80000000
     210095.000 ns	     21008	8000450c	762bbd17	auipc	x26,0x762bb	 x26=0xf62bf50c
     211265.000 ns	     21125	80004510	5800a1d3	fsqrt.s	f3,f1	  f1:0x4e800000  f3=0x46ffffae
     211285.000 ns	     21127	80004514	c79a7b13	andi	x22,x20,-903	 x20:0x00000001 x22=0x00000001
     211295.000 ns	     21128	80004518	00027433	and	x8,x4,x0	  x4:0x80041024  x0:0x00000000  x8=0x00000000
     211315.000 ns	     21130	8000451c	02f7efb3	rem	x31,x15,x15	 x15:0x00000000 x15:0x00000000 x31=0x00000000
     211335.000 ns	     21132	80004520	01549513	slli	x10,x9,0x15	  x9:0x00000040 x10=0x08000000
     211355.000 ns	     21134	80004524	29978253	fmin.s	f4,f15,f25	 f15:0x3f800000 f25:0x00000000  f4=0x00000000
     211375.000 ns	     21136	80004528	51c75ab7	lui	x21,0x51c75	 x21=0x51c75000
     211395.000 ns	     21138	8000452c	03470eb3	mul	x29,x14,x20	 x14:0xfffff8bd x20:0x00000001 x29=0xfffff8bd
     211415.000 ns	     21140	80004530	019b4d33	xor	x26,x22,x25	 x22:0x00000001 x25:0x00000000 x26=0x00000001
     211455.000 ns	     21144	80004534	00907ed3	fadd.s	f29,f0,f9	  f0:0x41000000  f9:0x00000000 f29=0x41000000
     211495.000 ns	     21148	80004538	19b5b6d3	fdiv.s	f13,f11,f27	 f11:0x00000000 f27:0x00000000 f13=0x7fc00000
     211515.000 ns	     21150	8000453c	01bf2a33	slt	x20,x30,x27	 x30:0x3f800000 x27:0x00000000 x20=0x00000000
     211525.000 ns	     21151	80004540	0126a133	slt	x2,x13,x18	 x13:0x00000000 x18:0x00000329  x2=0x00000001
     211545.000 ns	     21153	80004544	f0038f53	fmv.w.x	f30,x7	  x7:0x00000196 f30=0x00000196
     211575.000 ns	     21156	80004548	d00dc353	fcvt.s.w	f6,x27	 x27:0x00000000  f6=0x00000000
     211605.000 ns	     21159	8000454c	026f68b3	rem	x17,x30,x6	 x30:0x3f800000  x6:0x00000000 x17=0x3f800000
     211635.000 ns	     21162	80004550	034bb8b3	mulhu	x17,x23,x20	 x23:0x052cd4e4 x20:0x00000000 x17=0x00000000
     211655.000 ns	     21164	80004554	00fe1093	slli	x1,x28,0xf	 x28:0x00000007  x1=0x00038000
     211685.000 ns	     21167	80004558	580c9e53	fsqrt.s	f28,f25	 f25:0x00000000 f28=0x00000000
     211715.000 ns	     21170	8000455c	e00f1dd3	fclass.s	x27,f30	 f30:0x00000196 x27=0x00000020
     212055.000 ns	     21204	80004560	1939f853	fdiv.s	f16,f19,f19	 f19:0x44c0a000 f19:0x44c0a000 f16=0x3fa47a04
     212075.000 ns	     21206	80004564	409c84b3	sub	x9,x25,x9	 x25:0x00000000  x9:0x00000040  x9=0xffffffc0
     212085.000 ns	     21207	80004568	7ea76893	ori	x17,x14,2026	 x14:0xfffff8bd x17=0xffffffff
     212095.000 ns	     21208	8000456c	38fefd93	andi	x27,x29,911	 x29:0xfffff8bd x27=0x0000008d
     212115.000 ns	     21210	80004570	a1368c53	fle.s	x24,f13,f19	 f13:0x7fc00000 f19:0x44c0a000 x24=0x00000000
     212145.000 ns	     21213	80004574	03fb29b3	mulhsu	x19,x22,x31	 x22:0x00000001 x31:0x00000000 x19=0x00000000
     212165.000 ns	     21215	80004578	01f65993	srli	x19,x12,0x1f	 x12:0x80040fe4 x19=0x00000001
     212185.000 ns	     21217	8000457c	a1d581d3	fle.s	x3,f11,f29	 f11:0x00000000 f29:0x41000000  x3=0x00000001
     212205.000 ns	     21219	80004580	01c5a2b3	slt	x5,x11,x28	 x11:0x00000000 x28:0x00000007  x5=0x00000001
     212225.000 ns	     21221	80004584	02c68cb3	mul	x25,x13,x12	 x13:0x00000000 x12:0x80040fe4 x25=0x00000000
     212245.000 ns	     21223	80004588	01dc9fb3	sll	x31,x25,x29	 x25:0x00000000 x29:0xfffff8bd x31=0x00000000
     212255.000 ns	     21224	8000458c	01641293	slli	x5,x8,0x16	  x8:0x00000000  x5=0x00000000
     212265.000 ns	     21225	80004590	a1773113	sltiu	x2,x14,-1513	 x14:0xfffff8bd  x2=0x00000001
     212595.000 ns	     21258	80004594	19447353	fdiv.s	f6,f8,f20	  f8:0x3f800000 f20:0xc4e864c4  f6=0xba4cc28e
     212625.000 ns	     21261	80004598	026cb033	mulhu	x0,x25,x6	 x25:0x00000000  x6:0x00000000
     212645.000 ns	     21263	8000459c	414780b3	sub	x1,x15,x20	 x15:0x00000000 x20:0x00000000  x1=0x00000000
     212665.000 ns	     21265	800045a0	03914d33	div	x26,x2,x25	  x2:0x00000001 x25:0x00000000 x26=0xffffffff
     212695.000 ns	     21268	800045a4	e00b9953	fclass.s	x18,f23	 f23:0x7276a000 x18=0x00000040
     212725.000 ns	     21271	800045a8	c017f9d3	fcvt.wu.s	x19,f15	 f15:0x3f800000 x19=0x00000001
     212745.000 ns	     21273	800045ac	0088abb3	slt	x23,x17,x8	 x17:0xffffffff  x8:0x00000000 x23=0x00000001
     212755.000 ns	     21274	800045b0	010e26b3	slt	x13,x28,x16	 x28:0x00000007 x16:0x00000000 x13=0x00000000
     212765.000 ns	     21275	800045b4	1d2b3e93	sltiu	x29,x22,466	 x22:0x00000001 x29=0x00000001
     212785.000 ns	     21277	800045b8	201a9353	fsgnjn.s	f6,f21,f1	 f21:0x80000000  f1:0x4e800000  f6=0x80000000
     212805.000 ns	     21279	800045bc	01b75b13	srli	x22,x14,0x1b	 x14:0xfffff8bd x22=0x0000001f
     212825.000 ns	     21281	800045c0	d01327d3	fcvt.s.wu	f15,x6	  x6:0x00000000 f15=0x00000000
     212855.000 ns	     21284	800045c4	c00939d3	fcvt.w.s	x19,f18	 f18:0x3f800000 x19=0x00000001
     212875.000 ns	     21286	800045c8	40435093	srai	x1,x6,0x4	  x6:0x00000000  x1=0x00000000
     212885.000 ns	     21287	800045cc	00000013	addi	x0,x0,0	  x0:0x00000000
     212925.000 ns	     21291	800045d0	098cf453	fsub.s	f8,f25,f24	 f25:0x00000000 f24:0x00000000  f8=0x80000000
     212955.000 ns	     21294	800045d4	e00b0953	fmv.x.w	x18,f22	 f22:0x4f00040f x18=0x4f00040f
     212985.000 ns	     21297	800045d8	20d2add3	fsgnjx.s	f27,f5,f13	  f5:0xc4e864c4 f13:0x7fc00000 f27=0xc4e864c4
     213015.000 ns	     21300	800045dc	c013f4d3	fcvt.wu.s	x9,f7	  f7:0x4efd7c83  x9=0x7ebe4180
     213035.000 ns	     21302	800045e0	3325b913	sltiu	x18,x11,818	 x11:0x00000000 x18=0x00000001
     213395.000 ns	     21338	800045e4	03a9ca33	div	x20,x19,x26	 x19:0x00000001 x26:0xffffffff x20=0xffffffff
     213415.000 ns	     21340	800045e8	41e5d413	srai	x8,x11,0x1e	 x11:0x00000000  x8=0x00000000
     213455.000 ns	     21344	800045ec	017218d3	fadd.s	f17,f4,f23	  f4:0x00000000 f23:0x7276a000 f17=0x7276a000
     213475.000 ns	     21346	800045f0	5b1539b7	lui	x19,0x5b153	 x19=0x5b153000
     213485.000 ns	     21347	800045f4	d502a413	slti	x8,x5,-688	  x5:0x00000000  x8=0x00000000
     213845.000 ns	     21383	800045f8	0249f3b3	remu	x7,x19,x4	 x19:0x00000001  x4:0x80041024  x7=0x5b153000
     213875.000 ns	     21386	800045fc	28869253	fmax.s	f4,f13,f8	 f13:0x7fc00000  f8:0x80000000  f4=0x80000000
     213905.000 ns	     21389	80004600	c0057f53	fcvt.w.s	x30,f10	 f10:0x7276a000 x30=0x7fffffff
     213935.000 ns	     21392	80004604	02821cb3	mulh	x25,x4,x8	  x4:0x80041024  x8:0x00000000 x25=0x00000000
     213965.000 ns	     21395	80004608	030aebb3	rem	x23,x21,x16	 x21:0x51c75000 x16:0x00000000 x23=0x51c75000
     213995.000 ns	     21398	8000460c	a0fe1cd3	flt.s	x25,f28,f15	 f28:0x00000000 f15:0x00000000 x25=0x00000000
     214025.000 ns	     21401	80004610	d01c31d3	fcvt.s.wu	f3,x24	 x24:0x00000000  f3=0x00000000
     214045.000 ns	     21403	80004614	73317d93	andi	x27,x2,1843	  x2:0x00000001 x27=0x00000001
     214085.000 ns	     21407	80004618	019dc953	fadd.s	f18,f27,f25	 f27:0xc4e864c4 f25:0x00000000 f18=0xc4e864c4
     214115.000 ns	     21410	8000461c	d00b8753	fcvt.s.w	f14,x23	 x23:0x51c75000 f14=0x4ea38ea0
     214135.000 ns	     21412	80004620	41d651b3	sra	x3,x12,x29	 x12:0x80040fe4 x29:0x00000001  x3=0xc00207f2
     214495.000 ns	     21448	80004624	03256933	rem	x18,x10,x18	 x10:0x08000000 x18:0x00000001 x18=0x00000000
     214865.000 ns	     21485	80004628	02cbdbb3	divu	x23,x23,x12	 x23:0x51c75000 x12:0x80040fe4 x23=0x00000000
     214885.000 ns	     21487	8000462c	01be96b3	sll	x13,x29,x27	 x29:0x00000001 x27:0x00000001 x13=0x00000002
     214905.000 ns	     21489	80004630	c0192553	fcvt.wu.s	x10,f18	 f18:0xc4e864c4 x10=0x00000744
     214935.000 ns	     21492	80004634	c0059cd3	fcvt.w.s	x25,f11	 f11:0x00000000 x25=0x00000000
     214975.000 ns	     21496	80004638	11274853	fmul.s	f16,f14,f18	 f14:0x4ea38ea0 f18:0xc4e864c4 f16=0xd41479a2
     215005.000 ns	     21499	8000463c	d01e0353	fcvt.s.wu	f6,x28	 x28:0x00000007  f6=0x40e00000
     215035.000 ns	     21502	80004640	21500e53	fsgnj.s	f28,f0,f21	  f0:0x41000000 f21:0x80000000 f28=0xc1000000
     215065.000 ns	     21505	80004644	a179a053	feq.s	x0,f19,f23	 f19:0x44c0a000 f23:0x7276a000
     215095.000 ns	     21508	80004648	02f52333	mulhsu	x6,x10,x15	 x10:0x00000744 x15:0x00000000  x6=0x00000000
     215115.000 ns	     21510	8000464c	0116a7b3	slt	x15,x13,x17	 x13:0x00000002 x17:0xffffffff x15=0x00000000
     215475.000 ns	     21546	80004650	02d3c433	div	x8,x7,x13	  x7:0x5b153000 x13:0x00000002  x8=0x2d8a9800
     215505.000 ns	     21549	80004654	e00680d3	fmv.x.w	x1,f13	 f13:0x7fc00000  x1=0x7fc00000
     215535.000 ns	     21552	80004658	20b40653	fsgnj.s	f12,f8,f11	  f8:0x80000000 f11:0x00000000 f12=0x00000000
     215565.000 ns	     21555	8000465c	d01cfdd3	fcvt.s.wu	f27,x25	 x25:0x00000000 f27=0x00000000
     215595.000 ns	     21558	80004660	201a2ed3	fsgnjx.s	f29,f20,f1	 f20:0xc4e864c4  f1:0x4e800000 f29=0xc4e864c4
     215625.000 ns	     21561	80004664	03f8f433	remu	x8,x17,x31	 x17:0xffffffff x31:0x00000000  x8=0xffffffff
     215645.000 ns	     21563	80004668	01cce833	or	x16,x25,x28	 x25:0x00000000 x28:0x00000007 x16=0x00000007
     215675.000 ns	     21566	8000466c	10207453	fmul.s	f8,f0,f2	  f0:0x41000000  f2:0x00000000  f8=0x00000000
     215695.000 ns	     21568	80004670	46881f37	lui	x30,0x46881	 x30=0x46881000
     215705.000 ns	     21569	80004674	64cdbf13	sltiu	x30,x27,1612	 x27:0x00000001 x30=0x00000001
     215725.000 ns	     21571	80004678	03866433	rem	x8,x12,x24	 x12:0x80040fe4 x24:0x00000000  x8=0x80040fe4
     215765.000 ns	     21575	8000467c	5806fe53	fsqrt.s	f28,f13	 f13:0x7fc00000 f28=0x7fc00000
     215795.000 ns	     21578	80004680	d010c253	fcvt.s.wu	f4,x1	  x1:0x7fc00000  f4=0x4eff8000
     215815.000 ns	     21580	80004684	018395b3	sll	x11,x7,x24	  x7:0x5b153000 x24:0x00000000 x11=0x5b153000
     215835.000 ns	     21582	80004688	a0741dd3	flt.s	x27,f8,f7	  f8:0x00000000  f7:0x4efd7c83 x27=0x00000001
     215865.000 ns	     21585	8000468c	20a51f53	fsgnjn.s	f30,f10,f10	 f10:0x7276a000 f10:0x7276a000 f30=0xf276a000
     215895.000 ns	     21588	80004690	c00d7053	fcvt.w.s	x0,f26	 f26:0x7fc00000
     215915.000 ns	     21590	80004694	40960033	sub	x0,x12,x9	 x12:0x80040fe4  x9:0x7ebe4180
     215955.000 ns	     21594	80004698	01d57bd3	fadd.s	f23,f10,f29	 f10:0x7276a000 f29:0xc4e864c4 f23=0x7276a000
     215985.000 ns	     21597	8000469c	d00a8c53	fcvt.s.w	f24,x21	 x21:0x51c75000 f24=0x4ea38ea0
     216025.000 ns	     21601	800046a0	580af4d3	fsqrt.s	f9,f21	 f21:0x80000000  f9=0x80000000
     216055.000 ns	     21604	800046a4	20cd8e53	fsgnj.s	f28,f27,f12	 f27:0x00000000 f12:0x00000000 f28=0x00000000
     216085.000 ns	     21607	800046a8	e0090953	fmv.x.w	x18,f18	 f18:0xc4e864c4 x18=0xc4e864c4
     216115.000 ns	     21610	800046ac	29558453	fmin.s	f8,f11,f21	 f11:0x00000000 f21:0x80000000  f8=0x80000000
     216135.000 ns	     21612	800046b0	41d65193	srai	x3,x12,0x1d	 x12:0x80040fe4  x3=0xfffffffc
     216145.000 ns	     21613	800046b4	01f23db3	sltu	x27,x4,x31	  x4:0x80041024 x31:0x00000000 x27=0x00000000
     216155.000 ns	     21614	800046b8	40b2d133	sra	x2,x5,x11	  x5:0x00000000 x11:0x5b153000  x2=0x00000000
     216175.000 ns	     21616	800046bc	03510833	mul	x16,x2,x21	  x2:0x00000001 x21:0x51c75000 x16=0x00000000
     216195.000 ns	     21618	800046c0	00ecb933	sltu	x18,x25,x14	 x25:0x00000000 x14:0xfffff8bd x18=0x00000001
     216215.000 ns	     21620	800046c4	21cea3d3	fsgnjx.s	f7,f29,f28	 f29:0xc4e864c4 f28:0x00000000  f7=0xc4e864c4
     216585.000 ns	     21657	800046c8	02b3d433	divu	x8,x7,x11	  x7:0x5b153000 x11:0x5b153000  x8=0x00000001
     216625.000 ns	     21661	800046cc	105a0d53	fmul.s	f26,f20,f5	 f20:0xc4e864c4  f5:0xc4e864c4 f26=0x4a52f6cb
     216665.000 ns	     21665	800046d0	580943d3	fsqrt.s	f7,f18	 f18:0xc4e864c4  f7=0x7fc00000
     216685.000 ns	     21667	800046d4	00a6f8b3	and	x17,x13,x10	 x13:0x00000002 x10:0x00000744 x17=0x00000000
     216705.000 ns	     21669	800046d8	03ada433	mulhsu	x8,x27,x26	 x27:0x00000000 x26:0xffffffff  x8=0x00000000
     216725.000 ns	     21671	800046dc	00688133	add	x2,x17,x6	 x17:0xffffffff  x6:0x00000000  x2=0x00000000
     217805.000 ns	     21779	800046e0	5808f753	fsqrt.s	f14,f17	 f17:0x7276a000 f14=0x58ae63be
     217835.000 ns	     21782	800046e4	e00c1cd3	fclass.s	x25,f24	 f24:0x4ea38ea0 x25=0x00000040
     217865.000 ns	     21785	800046e8	e0061cd3	fclass.s	x25,f12	 f12:0x00000000 x25=0x00000010
     217895.000 ns	     21788	800046ec	e0070553	fmv.x.w	x10,f14	 f14:0x58ae63be x10=0x58ae63be
     217925.000 ns	     21791	800046f0	027d2d33	mulhsu	x26,x26,x7	 x26:0xffffffff  x7:0x5b153000 x26=0xffffffff
     217955.000 ns	     21794	800046f4	03733db3	mulhu	x27,x6,x23	  x6:0x00000000 x23:0x00000000 x27=0x00000000
     217975.000 ns	     21796	800046f8	668342b7	lui	x5,0x66834	  x5=0x66834000
     218005.000 ns	     21799	800046fc	5807f553	fsqrt.s	f10,f15	 f15:0x00000000 f10=0x00000000
     218025.000 ns	     21801	80004700	9ec38993	addi	x19,x7,-1556	  x7:0x5b153000 x19=0x5b1529ec
     218055.000 ns	     21804	80004704	19fc7a53	fdiv.s	f20,f24,f31	 f24:0x4ea38ea0 f31:0x00000000 f20=0x7f800000
     218075.000 ns	     21806	80004708	01199393	slli	x7,x19,0x11	 x19:0x5b153000  x7=0x53d80000
     218085.000 ns	     21807	8000470c	00d23b33	sltu	x22,x4,x13	  x4:0x80041024 x13:0x00000002 x22=0x00000000
     218105.000 ns	     21809	80004710	031b9b33	mulh	x22,x23,x17	 x23:0x00000000 x17:0x00000000 x22=0x00000000
     218125.000 ns	     21811	80004714	ff1c8097	auipc	x1,0xff1c8	  x1=0x7f1cc714
     218135.000 ns	     21812	80004718	00000013	addi	x0,x0,0	  x0:0x00000000
     218145.000 ns	     21813	8000471c	014a1793	slli	x15,x20,0x14	 x20:0xffffffff x15=0xfff00000
     218165.000 ns	     21815	80004720	a1572353	feq.s	x6,f14,f21	 f14:0x58ae63be f21:0x80000000  x6=0x00000000
     218195.000 ns	     21818	80004724	a0be0753	fle.s	x14,f28,f11	 f28:0x00000000 f11:0x00000000 x14=0x00000001
     218215.000 ns	     21820	80004728	4164dc33	sra	x24,x9,x22	  x9:0x7ebe4180 x22:0x00000000 x24=0x7ebe4180
     218225.000 ns	     21821	8000472c	00d8a8b3	slt	x17,x17,x13	 x17:0x00000000 x13:0x00000002 x17=0x00000001
     218235.000 ns	     21822	80004730	00fb5993	srli	x19,x22,0xf	 x22:0x00000000 x19=0x00000000
     218265.000 ns	     21825	80004734	182c71d3	fdiv.s	f3,f24,f2	 f24:0x4ea38ea0  f2:0x00000000  f3=0x7f800000
     218285.000 ns	     21827	80004738	41638fb3	sub	x31,x7,x22	  x7:0x53d80000 x22:0x00000000 x31=0x53d80000
     218645.000 ns	     21863	8000473c	023874b3	remu	x9,x16,x3	 x16:0x00000000  x3:0xfffffffc  x9=0x00000000
     218665.000 ns	     21865	80004740	a8f58093	addi	x1,x11,-1393	 x11:0x5b153000  x1=0x5b152a8f
     218685.000 ns	     21867	80004744	e0051053	fclass.s	x0,f10	 f10:0x00000000
     218705.000 ns	     21869	80004748	01e3f4b3	and	x9,x7,x30	  x7:0x53d80000 x30:0x00000001  x9=0x00000000
     218725.000 ns	     21871	8000474c	d016fbd3	fcvt.s.wu	f23,x13	 x13:0x00000002 f23=0x40000000
     218745.000 ns	     21873	80004750	013b9a13	slli	x20,x23,0x13	 x23:0x00000000 x20=0x00000000
     218765.000 ns	     21875	80004754	030222b3	mulhsu	x5,x4,x16	  x4:0x80041024 x16:0x00000000  x5=0x00000000
     218795.000 ns	     21878	80004758	027b3033	mulhu	x0,x22,x7	 x22:0x00000000  x7:0x53d80000
     218815.000 ns	     21880	8000475c	00425eb3	srl	x29,x4,x4	  x4:0x80041024  x4:0x80041024 x29=0x08004102
     218835.000 ns	     21882	80004760	28cc83d3	fmin.s	f7,f25,f12	 f25:0x00000000 f12:0x00000000  f7=0x00000000
     218855.000 ns	     21884	80004764	01d63b33	sltu	x22,x12,x29	 x12:0x80040fe4 x29:0x00000001 x22=0x00000000
     218875.000 ns	     21886	80004768	e00b91d3	fclass.s	x3,f23	 f23:0x40000000  x3=0x00000040
     218895.000 ns	     21888	8000476c	bc7a4893	xori	x17,x20,-1081	 x20:0x00000000 x17=0xfffffbc7
     218915.000 ns	     21890	80004770	21fbae53	fsgnjx.s	f28,f23,f31	 f23:0x40000000 f31:0x00000000 f28=0x40000000
     218935.000 ns	     21892	80004774	3ebc4393	xori	x7,x24,1003	 x24:0x7ebe4180  x7=0x7ebe426b
     218975.000 ns	     21896	80004778	00f522d3	fadd.s	f5,f10,f15	 f10:0x00000000 f15:0x00000000  f5=0x00000000
     219005.000 ns	     21899	8000477c	286c8953	fmin.s	f18,f25,f6	 f25:0x00000000  f6:0x40e00000 f18=0x00000000
     219035.000 ns	     21902	80004780	02793033	mulhu	x0,x18,x7	 x18:0x00000001  x7:0x7ebe426b
     219065.000 ns	     21905	80004784	033d4db3	div	x27,x26,x19	 x26:0xffffffff x19:0x00000000 x27=0xffffffff
     219095.000 ns	     21908	80004788	a1ecaa53	feq.s	x20,f25,f30	 f25:0x00000000 f30:0xf276a000 x20=0x00000000
     219125.000 ns	     21911	8000478c	f00f0653	fmv.w.x	f12,x30	 x30:0x00000001 f12=0x00000001
     219155.000 ns	     21914	80004790	03f939b3	mulhu	x19,x18,x31	 x18:0x00000001 x31:0x53d80000 x19=0x00000000
     219185.000 ns	     21917	80004794	038ab133	mulhu	x2,x21,x24	 x21:0x51c75000 x24:0x7ebe4180  x2=0x287ce039
     219215.000 ns	     21920	80004798	d0158e53	fcvt.s.wu	f28,x11	 x11:0x5b153000 f28=0x4eb62a60
     219235.000 ns	     21922	8000479c	01449713	slli	x14,x9,0x14	  x9:0x00000000 x14=0x00000000
     219245.000 ns	     21923	800047a0	41c6d733	sra	x14,x13,x28	 x13:0x00000002 x28:0x00000007 x14=0x00000000
     219255.000 ns	     21924	800047a4	7dc1fb93	andi	x23,x3,2012	  x3:0x00000040 x23=0x00000040
     219265.000 ns	     21925	800047a8	3c07b493	sltiu	x9,x15,960	 x15:0xfff00000  x9=0x00000000
     219275.000 ns	     21926	800047ac	00000013	addi	x0,x0,0	  x0:0x00000000
     219285.000 ns	     21927	800047b0	008ee4b3	or	x9,x29,x8	 x29:0x08004102  x8:0x00000000  x9=0x08004102
     219305.000 ns	     21929	800047b4	036623b3	mulhsu	x7,x12,x22	 x12:0x80040fe4 x22:0x00000000  x7=0x00000000
     219325.000 ns	     21931	800047b8	00a148b3	xor	x17,x2,x10	  x2:0x287ce039 x10:0x58ae63be x17=0x70d28387
     219685.000 ns	     21967	800047bc	0231ff33	remu	x30,x3,x3	  x3:0x00000040  x3:0x00000040 x30=0x00000000
     219705.000 ns	     21969	800047c0	67d70493	addi	x9,x14,1661	 x14:0x00000000  x9=0x0000067d
     219725.000 ns	     21971	800047c4	037a0ab3	mul	x21,x20,x23	 x20:0x00000000 x23:0x00000040 x21=0x00000000
     219765.000 ns	     21975	800047c8	19253e53	fdiv.s	f28,f10,f18	 f10:0x00000000 f18:0x00000000 f28=0x7fc00000
     219785.000 ns	     21977	800047cc	d9f56397	auipc	x7,0xd9f56	  x7=0x59f5a7cc
     219805.000 ns	     21979	800047d0	217cacd3	fsgnjx.s	f25,f25,f23	 f25:0x00000000 f23:0x40000000 f25=0x00000000
     220985.000 ns	     22097	800047d4	580071d3	fsqrt.s	f3,f0	  f0:0x41000000  f3=0x3fb50482
     221005.000 ns	     22099	800047d8	017f8933	add	x18,x31,x23	 x31:0x53d80000 x23:0x00000040 x18=0x53d80040
     221025.000 ns	     22101	800047dc	210a93d3	fsgnjn.s	f7,f21,f16	 f21:0x80000000 f16:0xd41479a2  f7=0x00000000
     221055.000 ns	     22104	800047e0	d015f653	fcvt.s.wu	f12,x11	 x11:0x5b153000 f12=0x4eb62a60
     221085.000 ns	     22107	800047e4	a1e90353	fle.s	x6,f18,f30	 f18:0x00000000 f30:0xf276a000  x6=0x00000000
     221115.000 ns	     22110	800047e8	d013afd3	fcvt.s.wu	f31,x7	  x7:0x59f5a7cc f31=0x4eb3eb50
     221135.000 ns	     22112	800047ec	40475733	sra	x14,x14,x4	 x14:0x00000000  x4:0x80041024 x14=0x00000000
     221155.000 ns	     22114	800047f0	030514b3	mulh	x9,x10,x16	 x10:0x58ae63be x16:0x00000000  x9=0x00000000
     221185.000 ns	     22117	800047f4	e00c0453	fmv.x.w	x8,f24	 f24:0x4ea38ea0  x8=0x4ea38ea0
     221205.000 ns	     22119	800047f8	01c40eb3	add	x29,x8,x28	  x8:0x00000000 x28:0x00000007 x29=0x4ea38ea7
     221225.000 ns	     22121	800047fc	213d8753	fsgnj.s	f14,f27,f19	 f27:0x00000000 f19:0x44c0a000 f14=0x00000000
     221255.000 ns	     22124	80004800	c0100753	fcvt.wu.s	x14,f0	  f0:0x41000000 x14=0x00000008
     221295.000 ns	     22128	80004804	19b0fc53	fdiv.s	f24,f1,f27	  f1:0x4e800000 f27:0x00000000 f24=0x7f800000
     221345.000 ns	     22133	80004808	089373d3	fsub.s	f7,f6,f9	  f6:0x40e00000  f9:0x80000000  f7=0x40e00000
     221365.000 ns	     22135	8000480c	01600733	add	x14,x0,x22	  x0:0x00000000 x22:0x00000000 x14=0x00000000
     221375.000 ns	     22136	80004810	016a3c33	sltu	x24,x20,x22	 x20:0x00000000 x22:0x00000000 x24=0x00000000
     221395.000 ns	     22138	80004814	28ea1ed3	fmax.s	f29,f20,f14	 f20:0x7f800000 f14:0x00000000 f29=0x7f800000
     221425.000 ns	     22141	80004818	039120b3	mulhsu	x1,x2,x25	  x2:0x287ce039 x25:0x00000010  x1=0x00000002
     221445.000 ns	     22143	8000481c	01f65d33	srl	x26,x12,x31	 x12:0x80040fe4 x31:0x53d80000 x26=0x80040fe4
     221465.000 ns	     22145	80004820	026451b3	divu	x3,x8,x6	  x8:0x4ea38ea0  x6:0x00000000  x3=0xffffffff
     221495.000 ns	     22148	80004824	c002f9d3	fcvt.w.s	x19,f5	  f5:0x00000000 x19=0x00000000
     221515.000 ns	     22150	80004828	00987b33	and	x22,x16,x9	 x16:0x00000000  x9:0x00000000 x22=0x00000000
     221525.000 ns	     22151	8000482c	c5404417	auipc	x8,0xc5404	  x8=0x4540882c
     221535.000 ns	     22152	80004830	01982133	slt	x2,x16,x25	 x16:0x00000000 x25:0x00000010  x2=0x00000001
     221575.000 ns	     22156	80004834	08dc94d3	fsub.s	f9,f25,f13	 f25:0x00000000 f13:0x7fc00000  f9=0x7fc00000
     221605.000 ns	     22159	80004838	f0088453	fmv.w.x	f8,x17	 x17:0x70d28387  f8=0x70d28387
     221625.000 ns	     22161	8000483c	01a27433	and	x8,x4,x26	  x4:0x80041024 x26:0x80040fe4  x8=0x80040024
     221635.000 ns	     22162	80004840	8063bc93	sltiu	x25,x7,-2042	  x7:0x59f5a7cc x25=0x00000001
     221645.000 ns	     22163	80004844	017ad593	srli	x11,x21,0x17	 x21:0x00000000 x11=0x00000000
     221665.000 ns	     22165	80004848	02a6adb3	mulhsu	x27,x13,x10	 x13:0x00000002 x10:0x58ae63be x27=0x00000000
     221695.000 ns	     22168	8000484c	02e39333	mulh	x6,x7,x14	  x7:0x59f5a7cc x14:0x00000000  x6=0x00000000
     221715.000 ns	     22170	80004850	41188933	sub	x18,x17,x17	 x17:0x70d28387 x17:0x70d28387 x18=0x00000000
     221725.000 ns	     22171	80004854	4100d393	srai	x7,x1,0x10	  x1:0x00000002  x7=0x00000000
     221745.000 ns	     22173	80004858	e0039a53	fclass.s	x20,f7	  f7:0x40e00000 x20=0x00000040
     221775.000 ns	     22176	8000485c	211d13d3	fsgnjn.s	f7,f26,f17	 f26:0x4a52f6cb f17:0x7276a000  f7=0xca52f6cb
     221805.000 ns	     22179	80004860	d01185d3	fcvt.s.wu	f11,x3	  x3:0xffffffff f11=0x4f800000
     221825.000 ns	     22181	80004864	67b2ea97	auipc	x21,0x67b2e	 x21=0xe7b32864
     221835.000 ns	     22182	80004868	e19c7917	auipc	x18,0xe19c7	 x18=0x619cb868
     221855.000 ns	     22184	8000486c	286984d3	fmin.s	f9,f19,f6	 f19:0x44c0a000  f6:0x40e00000  f9=0x40e00000
     221885.000 ns	     22187	80004870	03ee92b3	mulh	x5,x29,x30	 x29:0x4ea38ea7 x30:0x00000000  x5=0x00000000
     221915.000 ns	     22190	80004874	036d8c33	mul	x24,x27,x22	 x27:0x00000000 x22:0x00000000 x24=0x00000000
     221945.000 ns	     22193	80004878	20c828d3	fsgnjx.s	f17,f16,f12	 f16:0xd41479a2 f12:0x4eb62a60 f17=0xd41479a2
     221965.000 ns	     22195	8000487c	00000013	addi	x0,x0,0	  x0:0x00000000
     221985.000 ns	     22197	80004880	e00c80d3	fmv.x.w	x1,f25	 f25:0x00000000  x1=0x00000000
     222005.000 ns	     22199	80004884	01afc1b3	xor	x3,x31,x26	 x31:0x53d80000 x26:0x80040fe4  x3=0xd3dc0fe4
     222015.000 ns	     22200	80004888	006ed8b3	srl	x17,x29,x6	 x29:0x4ea38ea7  x6:0x00000000 x17=0x4ea38ea7
     222025.000 ns	     22201	8000488c	b26be493	ori	x9,x23,-1242	 x23:0x00000040  x9=0xfffffb66
     222035.000 ns	     22202	80004890	01aa2533	slt	x10,x20,x26	 x20:0x00000040 x26:0x80040fe4 x10=0x00000000
     222055.000 ns	     22204	80004894	d0160853	fcvt.s.wu	f16,x12	 x12:0x80040fe4 f16=0x4f000410
     222085.000 ns	     22207	80004898	d00cc4d3	fcvt.s.w	f9,x25	 x25:0x00000001  f9=0x3f800000
     222105.000 ns	     22209	8000489c	f213ac93	slti	x25,x7,-223	  x7:0x00000000 x25=0x00000000
     222125.000 ns	     22211	800048a0	02d738b3	mulhu	x17,x14,x13	 x14:0x00000000 x13:0x00000002 x17=0x00000000
     222145.000 ns	     22213	800048a4	550bcc93	xori	x25,x23,1360	 x23:0x00000040 x25=0x00000510
     222175.000 ns	     22216	800048a8	119e74d3	fmul.s	f9,f28,f25	 f28:0x7fc00000 f25:0x00000000  f9=0x7fc00000
     222205.000 ns	     22219	800048ac	29029c53	fmax.s	f24,f5,f16	  f5:0x00000000 f16:0x4f000410 f24=0x4f000410
     222225.000 ns	     22221	800048b0	01209093	slli	x1,x1,0x12	  x1:0x00000000  x1=0x00000000
     222235.000 ns	     22222	800048b4	fab7af13	slti	x30,x15,-85	 x15:0xfff00000 x30=0x00000001
     222245.000 ns	     22223	800048b8	1cd9f293	andi	x5,x19,461	 x19:0x00000000  x5=0x00000000
     222255.000 ns	     22224	800048bc	01adddb3	srl	x27,x27,x26	 x27:0x00000000 x26:0x80040fe4 x27=0x00000000
     222265.000 ns	     22225	800048c0	ea3c6493	ori	x9,x24,-349	 x24:0x00000000  x9=0xfffffea3
     222595.000 ns	     22258	800048c4	190f7353	fdiv.s	f6,f30,f16	 f30:0xf276a000 f16:0x4f000410  f6=0xe276a000
     222615.000 ns	     22260	800048c8	01a5df93	srli	x31,x11,0x1a	 x11:0x00000000 x31=0x00000000
     222655.000 ns	     22264	800048cc	08692f53	fsub.s	f30,f18,f6	 f18:0x00000000  f6:0xe276a000 f30=0x6276a000
     222675.000 ns	     22266	800048d0	f13a4f13	xori	x30,x20,-237	 x20:0x00000040 x30=0xffffff53
     222695.000 ns	     22268	800048d4	03e31733	mulh	x14,x6,x30	  x6:0x00000000 x30:0x00000001 x14=0x00000000
     222715.000 ns	     22270	800048d8	410a0533	sub	x10,x20,x16	 x20:0x00000040 x16:0x00000000 x10=0x00000040
     222735.000 ns	     22272	800048dc	a01892d3	flt.s	x5,f17,f1	 f17:0xd41479a2  f1:0x4e800000  x5=0x00000001
     222755.000 ns	     22274	800048e0	015b4f33	xor	x30,x22,x21	 x22:0x00000000 x21:0xe7b32864 x30=0xe7b32864
     222765.000 ns	     22275	800048e4	00acd433	srl	x8,x25,x10	 x25:0x00000510 x10:0x00000040  x8=0x00000510
     223125.000 ns	     22311	800048e8	02d542b3	div	x5,x10,x13	 x10:0x00000040 x13:0x00000002  x5=0x00000020
     223155.000 ns	     22314	800048ec	03cb98b3	mulh	x17,x23,x28	 x23:0x00000040 x28:0x00000007 x17=0x00000000
     223175.000 ns	     22316	800048f0	00f09693	slli	x13,x1,0xf	  x1:0x00000000 x13=0x00000000
     223185.000 ns	     22317	800048f4	687f2393	slti	x7,x30,1671	 x30:0xe7b32864  x7=0x00000001
     223195.000 ns	     22318	800048f8	00a51d33	sll	x26,x10,x10	 x10:0x00000040 x10:0x00000040 x26=0x00000040
     223235.000 ns	     22322	800048fc	003476d3	fadd.s	f13,f8,f3	  f8:0x70d28387  f3:0x3fb50482 f13=0x70d28387
     223255.000 ns	     22324	80004900	3804f893	andi	x17,x9,896	  x9:0xfffffea3 x17=0x00000280
     223295.000 ns	     22328	80004904	08d3f653	fsub.s	f12,f7,f13	  f7:0xca52f6cb f13:0x70d28387 f12=0xf0d28387
     223315.000 ns	     22330	80004908	001ced33	or	x26,x25,x1	 x25:0x00000510  x1:0x00000000 x26=0x00000510
     223335.000 ns	     22332	8000490c	20888953	fsgnj.s	f18,f17,f8	 f17:0xd41479a2  f8:0x70d28387 f18=0x541479a2
     223355.000 ns	     22334	80004910	4125d093	srai	x1,x11,0x12	 x11:0x00000000  x1=0x00000000
     223365.000 ns	     22335	80004914	40c90fb3	sub	x31,x18,x12	 x18:0x619cb868 x12:0x80040fe4 x31=0xe198a884
     223385.000 ns	     22337	80004918	0361a533	mulhsu	x10,x3,x22	  x3:0xd3dc0fe4 x22:0x00000000 x10=0x00000000
     223415.000 ns	     22340	8000491c	e0068a53	fmv.x.w	x20,f13	 f13:0x70d28387 x20=0x70d28387
     223445.000 ns	     22343	80004920	289f92d3	fmax.s	f5,f31,f9	 f31:0x4eb3eb50  f9:0x7fc00000  f5=0x4eb3eb50
     223475.000 ns	     22346	80004924	036ffab3	remu	x21,x31,x22	 x31:0xe198a884 x22:0x00000000 x21=0xe198a884
     223505.000 ns	     22349	80004928	c00f7853	fcvt.w.s	x16,f30	 f30:0x6276a000 x16=0x7fffffff
     223545.000 ns	     22353	8000492c	5807fc53	fsqrt.s	f24,f15	 f15:0x00000000 f24=0x00000000
     223595.000 ns	     22358	80004930	0961c3d3	fsub.s	f7,f3,f22	  f3:0x3fb50482 f22:0x4f00040f  f7=0xcf00040f
     223615.000 ns	     22360	80004934	3bceff93	andi	x31,x29,956	 x29:0x4ea38ea7 x31=0x000002a4
     223975.000 ns	     22396	80004938	035972b3	remu	x5,x18,x21	 x18:0x619cb868 x21:0xe198a884  x5=0x619cb868
     223995.000 ns	     22398	8000493c	01cc5513	srli	x10,x24,0x1c	 x24:0x00000000 x10=0x00000000
     224015.000 ns	     22400	80004940	03450db3	mul	x27,x10,x20	 x10:0x00000000 x20:0x70d28387 x27=0x00000000
     224045.000 ns	     22403	80004944	02cab7b3	mulhu	x15,x21,x12	 x21:0xe198a884 x12:0x80040fe4 x15=0x70cfe8a5
     224075.000 ns	     22406	80004948	e00b87d3	fmv.x.w	x15,f23	 f23:0x40000000 x15=0x40000000
     224125.000 ns	     22411	8000494c	09992ed3	fsub.s	f29,f18,f25	 f18:0x541479a2 f25:0x00000000 f29=0x541479a2
     224165.000 ns	     22415	80004950	180c7cd3	fdiv.s	f25,f24,f0	 f24:0x00000000  f0:0x41000000 f25=0x00000000
     224185.000 ns	     22417	80004954	41168933	sub	x18,x13,x17	 x13:0x00000000 x17:0x00000280 x18=0xfffffd80
     224515.000 ns	     22450	80004958	19f9fe53	fdiv.s	f28,f19,f31	 f19:0x44c0a000 f31:0x4eb3eb50 f28=0x3540a000
     224535.000 ns	     22452	8000495c	b8a3d917	auipc	x18,0xb8a3d	 x18=0x38a4195c
     224555.000 ns	     22454	80004960	20eba5d3	fsgnjx.s	f11,f23,f14	 f23:0x40000000 f14:0x00000000 f11=0x40000000
     224585.000 ns	     22457	80004964	213f20d3	fsgnjx.s	f1,f30,f19	 f30:0x6276a000 f19:0x44c0a000  f1=0x6276a000
     224615.000 ns	     22460	80004968	20dca6d3	fsgnjx.s	f13,f25,f13	 f25:0x00000000 f13:0x70d28387 f13=0x00000000
     224635.000 ns	     22462	8000496c	40fd0033	sub	x0,x26,x15	 x26:0x00000510 x15:0x40000000
     224655.000 ns	     22464	80004970	02f681b3	mul	x3,x13,x15	 x13:0x00000000 x15:0x40000000  x3=0x00000000
     224705.000 ns	     22469	80004974	0155fe53	fadd.s	f28,f11,f21	 f11:0x40000000 f21:0x80000000 f28=0x40000000
     224745.000 ns	     22473	80004978	191c2cd3	fdiv.s	f25,f24,f17	 f24:0x00000000 f17:0xd41479a2 f25=0x80000000
     224775.000 ns	     22476	8000497c	e00d80d3	fmv.x.w	x1,f27	 f27:0x00000000  x1=0x00000000
     224805.000 ns	     22479	80004980	027934b3	mulhu	x9,x18,x7	 x18:0x38a4195c  x7:0x00000001  x9=0x00000000
     225175.000 ns	     22516	80004984	03f7d533	divu	x10,x15,x31	 x15:0x40000000 x31:0x000002a4 x10=0x00183c97
     225205.000 ns	     22519	80004988	d01211d3	fcvt.s.wu	f3,x4	  x4:0x80041024  f3=0x4f000410
     225235.000 ns	     22522	8000498c	20b09fd3	fsgnjn.s	f31,f1,f11	  f1:0x6276a000 f11:0x40000000 f31=0xe276a000
     225255.000 ns	     22524	80004990	41e45a33	sra	x20,x8,x30	  x8:0x00000510 x30:0xe7b32864 x20=0x00000051
     225265.000 ns	     22525	80004994	00000013	addi	x0,x0,0	  x0:0x00000000
     225625.000 ns	     22561	80004998	024ae433	rem	x8,x21,x4	 x21:0xe198a884  x4:0x80041024  x8=0xe198a884
     225645.000 ns	     22563	8000499c	00fedf33	srl	x30,x29,x15	 x29:0x4ea38ea7 x15:0x40000000 x30=0x4ea38ea7
     225665.000 ns	     22565	800049a0	a0449fd3	flt.s	x31,f9,f4	  f9:0x7fc00000  f4:0x4eff8000 x31=0x00000000
     225685.000 ns	     22567	800049a4	c3b28193	addi	x3,x5,-965	  x5:0x619cb868  x3=0x619cb4a3
     225695.000 ns	     22568	800049a8	01b173b3	and	x7,x2,x27	  x2:0x00000001 x27:0x00000000  x7=0x00000000
     226055.000 ns	     22604	800049ac	03d07d33	remu	x26,x0,x29	  x0:0x00000000 x29:0x4ea38ea7 x26=0x00000000
     226085.000 ns	     22607	800049b0	d012f053	fcvt.s.wu	f0,x5	  x5:0x619cb868  f0=0x4ec33970
     226135.000 ns	     22612	800049b4	0183f3d3	fadd.s	f7,f7,f24	  f7:0xcf00040f f24:0x00000000  f7=0xcf00040f
     226155.000 ns	     22614	800049b8	006d63b3	or	x7,x26,x6	 x26:0x00000000  x6:0x00000000  x7=0x00000000
     226175.000 ns	     22616	800049bc	288397d3	fmax.s	f15,f7,f8	  f7:0xcf00040f  f8:0x70d28387 f15=0x70d28387
     226215.000 ns	     22620	800049c0	198582d3	fdiv.s	f5,f11,f24	 f11:0x40000000 f24:0x00000000  f5=0x7f800000
     226235.000 ns	     22622	800049c4	0056fcb3	and	x25,x13,x5	 x13:0x00000000  x5:0x619cb868 x25=0x00000000
     226255.000 ns	     22624	800049c8	02a42833	mulhsu	x16,x8,x10	  x8:0xe198a884 x10:0x00183c97 x16=0xfffd1f1d
     226285.000 ns	     22627	800049cc	c011b5d3	fcvt.wu.s	x11,f3	  f3:0x4f000410 x11=0x80041000
     226655.000 ns	     22664	800049d0	02a85533	divu	x10,x16,x10	 x16:0xfffd1f1d x10:0x00183c97 x10=0x00000a8f
     226675.000 ns	     22666	800049d4	01449513	slli	x10,x9,0x14	  x9:0x00000000 x10=0x00000000
     226685.000 ns	     22667	800049d8	b40c3493	sltiu	x9,x24,-1216	 x24:0x00000000  x9=0x00000001
     226695.000 ns	     22668	800049dc	01c433b3	sltu	x7,x8,x28	  x8:0xe198a884 x28:0x00000007  x7=0x00000000
     226715.000 ns	     22670	800049e0	29b11353	fmax.s	f6,f2,f27	  f2:0x00000000 f27:0x00000000  f6=0x00000000
     226735.000 ns	     22672	800049e4	3b3c2d13	slti	x26,x24,947	 x24:0x00000000 x26=0x00000001
     226745.000 ns	     22673	800049e8	3e2df513	andi	x10,x27,994	 x27:0x00000000 x10=0x00000000
     226755.000 ns	     22674	800049ec	413253b3	sra	x7,x4,x19	  x4:0x80041024 x19:0x00000000  x7=0x80041024
     226765.000 ns	     22675	800049f0	01471713	slli	x14,x14,0x14	 x14:0x00000000 x14=0x00000000
     226775.000 ns	     22676	800049f4	40990f33	sub	x30,x18,x9	 x18:0x38a4195c  x9:0x00000001 x30=0x38a4195b
     226785.000 ns	     22677	800049f8	005266b3	or	x13,x4,x5	  x4:0x80041024  x5:0x619cb868 x13=0xe19cb86c
     226795.000 ns	     22678	800049fc	fe7fa093	slti	x1,x31,-25	 x31:0x00000000  x1=0x00000000
     226805.000 ns	     22679	80004a00	0020eeb3	or	x29,x1,x2	  x1:0x00000000  x2:0x00000001 x29=0x00000001
     227165.000 ns	     22715	80004a04	022dfeb3	remu	x29,x27,x2	 x27:0x00000000  x2:0x00000001 x29=0x00000000
     227185.000 ns	     22717	80004a08	ea13eb13	ori	x22,x7,-351	  x7:0x80041024 x22=0xfffffea5
     227205.000 ns	     22719	80004a0c	a0d58ad3	fle.s	x21,f11,f13	 f11:0x40000000 f13:0x00000000 x21=0x00000000
     227235.000 ns	     22722	80004a10	d0077953	fcvt.s.w	f18,x14	 x14:0x00000000 f18=0x00000000
     227605.000 ns	     22759	80004a14	02cde433	rem	x8,x27,x12	 x27:0x00000000 x12:0x80040fe4  x8=0x00000000
     227625.000 ns	     22761	80004a18	57247497	auipc	x9,0x57247	  x9=0xd724ba18
     227635.000 ns	     22762	80004a1c	004dd893	srli	x17,x27,0x4	 x27:0x00000000 x17=0x00000000
     227645.000 ns	     22763	80004a20	0194d1b3	srl	x3,x9,x25	  x9:0x00000001 x25:0x00000000  x3=0xd724ba18
     227655.000 ns	     22764	80004a24	00616bb3	or	x23,x2,x6	  x2:0x00000001  x6:0x00000000 x23=0x00000001
     227665.000 ns	     22765	80004a28	01249993	slli	x19,x9,0x12	  x9:0xd724ba18 x19=0xe8600000
     227685.000 ns	     22767	80004a2c	c00abbd3	fcvt.w.s	x23,f21	 f21:0x80000000 x23=0x00000000
     227705.000 ns	     22769	80004a30	41fbdc33	sra	x24,x23,x31	 x23:0x00000001 x31:0x00000000 x24=0x00000000
     227725.000 ns	     22771	80004a34	c015b153	fcvt.wu.s	x2,f11	 f11:0x40000000  x2=0x00000002
     227745.000 ns	     22773	80004a38	a8d90e93	addi	x29,x18,-1395	 x18:0x38a4195c x29=0x38a413e9
     228105.000 ns	     22809	80004a3c	033b7c33	remu	x24,x22,x19	 x22:0xfffffea5 x19:0xe8600000 x24=0x179ffea5
     228135.000 ns	     22812	80004a40	02f095b3	mulh	x11,x1,x15	  x1:0x00000000 x15:0x40000000 x11=0x00000000
     228165.000 ns	     22815	80004a44	20a9a2d3	fsgnjx.s	f5,f19,f10	 f19:0x44c0a000 f10:0x00000000  f5=0x44c0a000
     228185.000 ns	     22817	80004a48	00fe06b3	add	x13,x28,x15	 x28:0x00000007 x15:0x40000000 x13=0x40000007
     228195.000 ns	     22818	80004a4c	36bc7717	auipc	x14,0x36bc7	 x14=0xb6bcba4c
     228205.000 ns	     22819	80004a50	003e1cb3	sll	x25,x28,x3	 x28:0x00000007  x3:0xd724ba18 x25=0x07000000
     228235.000 ns	     22822	80004a54	58091553	fsqrt.s	f10,f18	 f18:0x00000000 f10=0x00000000
     228265.000 ns	     22825	80004a58	297198d3	fmax.s	f17,f3,f23	  f3:0x4f000410 f23:0x40000000 f17=0x4f000410
     228285.000 ns	     22827	80004a5c	007ac333	xor	x6,x21,x7	 x21:0x00000000  x7:0x80041024  x6=0x80041024
     228305.000 ns	     22829	80004a60	28b415d3	fmax.s	f11,f8,f11	  f8:0x70d28387 f11:0x40000000 f11=0x70d28387
     228335.000 ns	     22832	80004a64	209f9453	fsgnjn.s	f8,f31,f9	 f31:0xe276a000  f9:0x7fc00000  f8=0xe276a000
     228365.000 ns	     22835	80004a68	20079ad3	fsgnjn.s	f21,f15,f0	 f15:0x70d28387  f0:0x4ec33970 f21=0xf0d28387
     228405.000 ns	     22839	80004a6c	185373d3	fdiv.s	f7,f6,f5	  f6:0x00000000  f5:0x44c0a000  f7=0x00000000
     228435.000 ns	     22842	80004a70	c000f2d3	fcvt.w.s	x5,f1	  f1:0x6276a000  x5=0x7fffffff
     228465.000 ns	     22845	80004a74	c001f353	fcvt.w.s	x6,f3	  f3:0x4f000410  x6=0x7fffffff
     228495.000 ns	     22848	80004a78	d00ef753	fcvt.s.w	f14,x29	 x29:0x38a413e9 f14=0x4e62904f
     228525.000 ns	     22851	80004a7c	c00827d3	fcvt.w.s	x15,f16	 f16:0x4f000410 x15=0x7fffffff
     228545.000 ns	     22853	80004a80	e2640313	addi	x6,x8,-474	  x8:0x00000000  x6=0xfffffe26
     228905.000 ns	     22889	80004a84	03c1d6b3	divu	x13,x3,x28	  x3:0xd724ba18 x28:0x00000007 x13=0x1ebc1a95
     228925.000 ns	     22891	80004a88	010cba33	sltu	x20,x25,x16	 x25:0x07000000 x16:0xfffd1f1d x20=0x00000001
     228935.000 ns	     22892	80004a8c	01f05bb3	srl	x23,x0,x31	  x0:0x00000000 x31:0x00000000 x23=0x00000000
     228955.000 ns	     22894	80004a90	292b8a53	fmin.s	f20,f23,f18	 f23:0x40000000 f18:0x00000000 f20=0x00000000
     228985.000 ns	     22897	80004a94	e0091a53	fclass.s	x20,f18	 f18:0x00000000 x20=0x00000010
     229005.000 ns	     22899	80004a98	0091abb3	slt	x23,x3,x9	  x3:0xd724ba18  x9:0xd724ba18 x23=0x00000000
     229025.000 ns	     22901	80004a9c	217e1853	fsgnjn.s	f16,f28,f23	 f28:0x40000000 f23:0x40000000 f16=0xc0000000
     229045.000 ns	     22903	80004aa0	403edd13	srai	x26,x29,0x3	 x29:0x38a413e9 x26=0x0714827d
     229055.000 ns	     22904	80004aa4	900dbe93	sltiu	x29,x27,-1792	 x27:0x00000000 x29=0x00000001
     229085.000 ns	     22907	80004aa8	11cefd53	fmul.s	f26,f29,f28	 f29:0x541479a2 f28:0x40000000 f26=0x549479a2
     229105.000 ns	     22909	80004aac	a365b813	sltiu	x16,x11,-1482	 x11:0x00000000 x16=0x00000001
     229115.000 ns	     22910	80004ab0	009e9c33	sll	x24,x29,x9	 x29:0x00000001  x9:0xd724ba18 x24=0x01000000
     229135.000 ns	     22912	80004ab4	a0cfa053	feq.s	x0,f31,f12	 f31:0xe276a000 f12:0xf0d28387
     229155.000 ns	     22914	80004ab8	fb4bbd13	sltiu	x26,x23,-76	 x23:0x00000000 x26=0x00000001
     229175.000 ns	     22916	80004abc	e00481d3	fmv.x.w	x3,f9	  f9:0x7fc00000  x3=0x7fc00000
     229195.000 ns	     22918	80004ac0	5caf2813	slti	x16,x30,1482	 x30:0x38a4195b x16=0x00000000
     229205.000 ns	     22919	80004ac4	40b68c33	sub	x24,x13,x11	 x13:0x1ebc1a95 x11:0x00000000 x24=0x1ebc1a95
     229215.000 ns	     22920	80004ac8	0037dd93	srli	x27,x15,0x3	 x15:0x7fffffff x27=0x0fffffff
     230385.000 ns	     23037	80004acc	580b0d53	fsqrt.s	f26,f22	 f22:0x4f00040f f26=0x46b50a40
     230405.000 ns	     23039	80004ad0	7148d437	lui	x8,0x7148d	  x8=0x7148d000
     230415.000 ns	     23040	80004ad4	41ac5713	srai	x14,x24,0x1a	 x24:0x1ebc1a95 x14=0x00000007
     230425.000 ns	     23041	80004ad8	01a8d1b3	srl	x3,x17,x26	 x17:0x00000000 x26:0x00000001  x3=0x00000000
     230445.000 ns	     23043	80004adc	f00507d3	fmv.w.x	f15,x10	 x10:0x00000000 f15=0x00000000
     230465.000 ns	     23045	80004ae0	40185113	srai	x2,x16,0x1	 x16:0x00000000  x2=0x00000000
     230485.000 ns	     23047	80004ae4	035deab3	rem	x21,x27,x21	 x27:0x0fffffff x21:0x00000000 x21=0x0fffffff
     230505.000 ns	     23049	80004ae8	b8fa7c37	lui	x24,0xb8fa7	 x24=0xb8fa7000
     230515.000 ns	     23050	80004aec	00889c13	slli	x24,x17,0x8	 x17:0x00000000 x24=0x00000000
     230555.000 ns	     23054	80004af0	006201d3	fadd.s	f3,f4,f6	  f4:0x4eff8000  f6:0x00000000  f3=0x4eff8000
     230575.000 ns	     23056	80004af4	019c5c33	srl	x24,x24,x25	 x24:0xb8fa7000 x25:0x07000000 x24=0x00000000
     230585.000 ns	     23057	80004af8	00e6d933	srl	x18,x13,x14	 x13:0x1ebc1a95 x14:0x00000007 x18=0x003d7835
     230595.000 ns	     23058	80004afc	4099dcb3	sra	x25,x19,x9	 x19:0xe8600000  x9:0xd724ba18 x25=0xffffffe8
     230615.000 ns	     23060	80004b00	d01cc5d3	fcvt.s.wu	f11,x25	 x25:0x07000000 f11=0x4f800000
     230655.000 ns	     23064	80004b04	1018a9d3	fmul.s	f19,f17,f1	 f17:0x4f000410  f1:0x6276a000 f19=0x71f6a7d3
     230675.000 ns	     23066	80004b08	014f9cb3	sll	x25,x31,x20	 x31:0x00000000 x20:0x00000010 x25=0x00000000
     230685.000 ns	     23067	80004b0c	00954eb3	xor	x29,x10,x9	 x10:0x00000000  x9:0xd724ba18 x29=0xd724ba18
     230695.000 ns	     23068	80004b10	00afe833	or	x16,x31,x10	 x31:0x00000000 x10:0x00000000 x16=0x00000000
     230715.000 ns	     23070	80004b14	c00079d3	fcvt.w.s	x19,f0	  f0:0x4ec33970 x19=0x619cb800
     230745.000 ns	     23073	80004b18	c00a7ed3	fcvt.w.s	x29,f20	 f20:0x00000000 x29=0x00000000
     231085.000 ns	     23107	80004b1c	184e0553	fdiv.s	f10,f28,f4	 f28:0x40000000  f4:0x4eff8000 f10=0x30800000
     231115.000 ns	     23110	80004b20	21b4ab53	fsgnjx.s	f22,f9,f27	  f9:0x7fc00000 f27:0x00000000 f22=0x7fc00000
     232295.000 ns	     23228	80004b24	580bf253	fsqrt.s	f4,f23	 f23:0x40000000  f4=0x3f350482
     232315.000 ns	     23230	80004b28	00000013	addi	x0,x0,0	  x0:0x00000000
     232345.000 ns	     23233	80004b2c	5804fad3	fsqrt.s	f21,f9	  f9:0x7fc00000 f21=0x7fc00000
     232685.000 ns	     23267	80004b30	18b64153	fdiv.s	f2,f12,f11	 f12:0xf0d28387 f11:0x4f800000  f2=0xe0528388
     232705.000 ns	     23269	80004b34	01f89093	slli	x1,x17,0x1f	 x17:0x00000000  x1=0x00000000
     232715.000 ns	     23270	80004b38	005a3cb3	sltu	x25,x20,x5	 x20:0x00000010  x5:0x7fffffff x25=0x00000001
     232735.000 ns	     23272	80004b3c	f00c0ed3	fmv.w.x	f29,x24	 x24:0x00000000 f29=0x00000000
     232765.000 ns	     23275	80004b40	03cd1833	mulh	x16,x26,x28	 x26:0x00000001 x28:0x00000007 x16=0x00000000
     232795.000 ns	     23278	80004b44	e00a1353	fclass.s	x6,f20	 f20:0x00000000  x6=0x00000010
     232815.000 ns	     23280	80004b48	009a0533	add	x10,x20,x9	 x20:0x00000010  x9:0xd724ba18 x10=0xd724ba28
     232835.000 ns	     23282	80004b4c	d00b75d3	fcvt.s.w	f11,x22	 x22:0xfffffea5 f11=0xc3ad8000
     232855.000 ns	     23284	80004b50	aecde693	ori	x13,x27,-1300	 x27:0x0fffffff x13=0xffffffff
     232875.000 ns	     23286	80004b54	a1688953	fle.s	x18,f17,f22	 f17:0x4f000410 f22:0x7fc00000 x18=0x00000000
     232905.000 ns	     23289	80004b58	29351e53	fmax.s	f28,f10,f19	 f10:0x30800000 f19:0x71f6a7d3 f28=0x71f6a7d3
     232935.000 ns	     23292	80004b5c	02cf1ab3	mulh	x21,x30,x12	 x30:0x38a4195b x12:0x80040fe4 x21=0xe3aed966
     232965.000 ns	     23295	80004b60	03391a33	mulh	x20,x18,x19	 x18:0x00000000 x19:0x619cb800 x20=0x00000000
     232995.000 ns	     23298	80004b64	a10594d3	flt.s	x9,f11,f16	 f11:0xc3ad8000 f16:0xc0000000  x9=0x00000001
     233015.000 ns	     23300	80004b68	4092d393	srai	x7,x5,0x9	  x5:0x7fffffff  x7=0x003fffff
     233345.000 ns	     23333	80004b6c	190238d3	fdiv.s	f17,f4,f16	  f4:0x3f350482 f16:0xc0000000 f17=0xbe5f1df6
     233365.000 ns	     23335	80004b70	010dda33	srl	x20,x27,x16	 x27:0x0fffffff x16:0x00000000 x20=0x0fffffff
     233375.000 ns	     23336	80004b74	9cdfa193	slti	x3,x31,-1587	 x31:0x00000000  x3=0x00000000
     233385.000 ns	     23337	80004b78	418b5f13	srai	x30,x22,0x18	 x22:0xfffffea5 x30=0xffffffff
     233405.000 ns	     23339	80004b7c	218212d3	fsgnjn.s	f5,f4,f24	  f4:0x3f350482 f24:0x00000000  f5=0xbf350482
     233425.000 ns	     23341	80004b80	00e9b533	sltu	x10,x19,x14	 x19:0x619cb800 x14:0x00000007 x10=0x00000000
     233445.000 ns	     23343	80004b84	03825933	divu	x18,x4,x24	  x4:0x80041024 x24:0x00000000 x18=0xffffffff
     233475.000 ns	     23346	80004b88	c0147453	fcvt.wu.s	x8,f8	  f8:0xe276a000  x8=0x00000000
     233495.000 ns	     23348	80004b8c	00e1fa33	and	x20,x3,x14	  x3:0x00000000 x14:0x00000007 x20=0x00000000
     233515.000 ns	     23350	80004b90	d0083ad3	fcvt.s.w	f21,x16	 x16:0x00000000 f21=0x00000000
     233535.000 ns	     23352	80004b94	2f358113	addi	x2,x11,755	 x11:0x00000000  x2=0x000002f3
     233895.000 ns	     23388	80004b98	02415bb3	divu	x23,x2,x4	  x2:0x00000000  x4:0x80041024 x23=0x00000000
     233925.000 ns	     23391	80004b9c	d011f4d3	fcvt.s.wu	f9,x3	  x3:0x00000000  f9=0x00000000
     233965.000 ns	     23395	80004ba0	191a0ad3	fdiv.s	f21,f20,f17	 f20:0x00000000 f17:0xbe5f1df6 f21=0x80000000
     233985.000 ns	     23397	80004ba4	00000013	addi	x0,x0,0	  x0:0x00000000
     233995.000 ns	     23398	80004ba8	00369793	slli	x15,x13,0x3	 x13:0xffffffff x15=0xfffffff8
     234005.000 ns	     23399	80004bac	01e59493	slli	x9,x11,0x1e	 x11:0x00000000  x9=0x00000000
     234035.000 ns	     23402	80004bb0	117ef3d3	fmul.s	f7,f29,f23	 f29:0x00000000 f23:0x40000000  f7=0x00000000
     234065.000 ns	     23405	80004bb4	a0d010d3	flt.s	x1,f0,f13	  f0:0x4ec33970 f13:0x00000000  x1=0x00000000
     234085.000 ns	     23407	80004bb8	00000013	addi	x0,x0,0	  x0:0x00000000
     234095.000 ns	     23408	80004bbc	402fd7b3	sra	x15,x31,x2	 x31:0x00000000  x2:0x000002f3 x15=0x00000000
     234105.000 ns	     23409	80004bc0	4090d1b3	sra	x3,x1,x9	  x1:0x00000000  x9:0x00000000  x3=0x00000000
     234125.000 ns	     23411	80004bc4	0236e2b3	rem	x5,x13,x3	 x13:0xffffffff  x3:0x00000000  x5=0xffffffff
     234495.000 ns	     23448	80004bc8	03b6ccb3	div	x25,x13,x27	 x13:0xffffffff x27:0x0fffffff x25=0x00000000
     234515.000 ns	     23450	80004bcc	41fd5b13	srai	x22,x26,0x1f	 x26:0x00000001 x22=0x00000000
     234535.000 ns	     23452	80004bd0	21c39553	fsgnjn.s	f10,f7,f28	  f7:0x00000000 f28:0x71f6a7d3 f10=0x80000000
     234555.000 ns	     23454	80004bd4	0112e733	or	x14,x5,x17	  x5:0xffffffff x17:0x00000000 x14=0xffffffff
     234575.000 ns	     23456	80004bd8	020f3933	mulhu	x18,x30,x0	 x30:0xffffffff  x0:0x00000000 x18=0x00000000
     234605.000 ns	     23459	80004bdc	e0099bd3	fclass.s	x23,f19	 f19:0x71f6a7d3 x23=0x00000040
     234625.000 ns	     23461	80004be0	018fd993	srli	x19,x31,0x18	 x31:0x00000000 x19=0x00000000
     234635.000 ns	     23462	80004be4	01527d33	and	x26,x4,x21	  x4:0x80041024 x21:0xe3aed966 x26=0x80041024
     234655.000 ns	     23464	80004be8	a1ea8b53	fle.s	x22,f21,f30	 f21:0x80000000 f30:0x6276a000 x22=0x00000001
     234675.000 ns	     23466	80004bec	00558833	add	x16,x11,x5	 x11:0x00000000  x5:0xffffffff x16=0xffffffff
     234695.000 ns	     23468	80004bf0	21790a53	fsgnj.s	f20,f18,f23	 f18:0x00000000 f23:0x40000000 f20=0x00000000
     234725.000 ns	     23471	80004bf4	a1e5a6d3	feq.s	x13,f11,f30	 f11:0xc3ad8000 f30:0x6276a000 x13=0x00000000
     235095.000 ns	     23508	80004bf8	024d74b3	remu	x9,x26,x4	 x26:0x80041024  x4:0x80041024  x9=0x00000000
     235125.000 ns	     23511	80004bfc	02dcdc33	divu	x24,x25,x13	 x25:0x00000000 x13:0x00000000 x24=0xffffffff
     235145.000 ns	     23513	80004c00	41a057b3	sra	x15,x0,x26	  x0:0x00000000 x26:0x80041024 x15=0x00000000
     235155.000 ns	     23514	80004c04	0038e5b3	or	x11,x17,x3	 x17:0x00000000  x3:0x00000000 x11=0x00000000
     235175.000 ns	     23516	80004c08	284d0c53	fmin.s	f24,f26,f4	 f26:0x46b50a40  f4:0x3f350482 f24=0x3f350482
     235195.000 ns	     23518	80004c0c	0113ccb3	xor	x25,x7,x17	  x7:0x003fffff x17:0x00000000 x25=0x003fffff
     235215.000 ns	     23520	80004c10	282c9b53	fmax.s	f22,f25,f2	 f25:0x80000000  f2:0xe0528388 f22=0x80000000
     235235.000 ns	     23522	80004c14	0083d4b3	srl	x9,x7,x8	  x7:0x003fffff  x8:0x00000000  x9=0x003fffff
     235255.000 ns	     23524	80004c18	e00494d3	fclass.s	x9,f9	  f9:0x00000000  x9=0x00000010
     235275.000 ns	     23526	80004c1c	00b17b33	and	x22,x2,x11	  x2:0x000002f3 x11:0x00000000 x22=0x00000000
     235635.000 ns	     23562	80004c20	026758b3	divu	x17,x14,x6	 x14:0xffffffff  x6:0x00000010 x17=0x0fffffff
     235685.000 ns	     23567	80004c24	01dc4053	fadd.s	f0,f24,f29	 f24:0x3f350482 f29:0x00000000  f0=0x3f350482
     235715.000 ns	     23570	80004c28	a1881953	flt.s	x18,f16,f24	 f16:0xc0000000 f24:0x3f350482 x18=0x00000001
     235745.000 ns	     23573	80004c2c	f0010353	fmv.w.x	f6,x2	  x2:0x000002f3  f6=0x000002f3
     235775.000 ns	     23576	80004c30	038234b3	mulhu	x9,x4,x24	  x4:0x80041024 x24:0xffffffff  x9=0x80041023
     235805.000 ns	     23579	80004c34	c01d74d3	fcvt.wu.s	x9,f26	 f26:0x46b50a40  x9=0x00005a85
     235835.000 ns	     23582	80004c38	a0f28bd3	fle.s	x23,f5,f15	  f5:0xbf350482 f15:0x00000000 x23=0x00000001
     235865.000 ns	     23585	80004c3c	d00dfcd3	fcvt.s.w	f25,x27	 x27:0x0fffffff f25=0x4d7fffff
     235895.000 ns	     23588	80004c40	03d7cf33	div	x30,x15,x29	 x15:0x00000000 x29:0x00000000 x30=0xffffffff
     235915.000 ns	     23590	80004c44	35390893	addi	x17,x18,851	 x18:0x00000001 x17=0x00000354
     235935.000 ns	     23592	80004c48	e0071753	fclass.s	x14,f14	 f14:0x4e62904f x14=0x00000040
     235985.000 ns	     23597	80004c4c	012b3953	fadd.s	f18,f22,f18	 f22:0x80000000 f18:0x00000000 f18=0x00000000
     236005.000 ns	     23599	80004c50	01d8ac33	slt	x24,x17,x29	 x17:0x00000354 x29:0x00000000 x24=0x00000000
     236025.000 ns	     23601	80004c54	e0088553	fmv.x.w	x10,f17	 f17:0xbe5f1df6 x10=0xbe5f1df6
     236055.000 ns	     23604	80004c58	20dc9d53	fsgnjn.s	f26,f25,f13	 f25:0x4d7fffff f13:0x00000000 f26=0xcd7fffff
     236075.000 ns	     23606	80004c5c	4046d2b3	sra	x5,x13,x4	 x13:0x00000000  x4:0x80041024  x5=0x00000000
     236085.000 ns	     23607	80004c60	4010db33	sra	x22,x1,x1	  x1:0x00000000  x1:0x00000000 x22=0x00000000
     236115.000 ns	     23610	80004c64	105575d3	fmul.s	f11,f10,f5	 f10:0x80000000  f5:0xbf350482 f11=0x00000000
     236135.000 ns	     23612	80004c68	41880c33	sub	x24,x16,x24	 x16:0xffffffff x24:0x00000000 x24=0xffffffff
     236495.000 ns	     23648	80004c6c	027d7d33	remu	x26,x26,x7	 x26:0x80041024  x7:0x003fffff x26=0x00041224
     236515.000 ns	     23650	80004c70	0117d893	srli	x17,x15,0x11	 x15:0x00000000 x17=0x00000000
     236535.000 ns	     23652	80004c74	f0008ad3	fmv.w.x	f21,x1	  x1:0x00000000 f21=0x00000000
     236565.000 ns	     23655	80004c78	0241aa33	mulhsu	x20,x3,x4	  x3:0x00000000  x4:0x80041024 x20=0x00000000
     236595.000 ns	     23658	80004c7c	0259bd33	mulhu	x26,x19,x5	 x19:0x00000000  x5:0x00000000 x26=0x00000000
     236615.000 ns	     23660	80004c80	d4a0a113	slti	x2,x1,-694	  x1:0x00000000  x2=0x00000000
     236625.000 ns	     23661	80004c84	923da997	auipc	x19,0x923da	 x19=0x123dec84
     236635.000 ns	     23662	80004c88	83958993	addi	x19,x11,-1991	 x11:0x00000000 x19=0xfffff839
     236655.000 ns	     23664	80004c8c	023576b3	remu	x13,x10,x3	 x10:0xbe5f1df6  x3:0x00000000 x13=0xbe5f1df6
     236675.000 ns	     23666	80004c90	00876533	or	x10,x14,x8	 x14:0x00000040  x8:0x00000000 x10=0x00000040
     236695.000 ns	     23668	80004c94	028437b3	mulhu	x15,x8,x8	  x8:0x00000000  x8:0x00000000 x15=0x00000000
     236725.000 ns	     23671	80004c98	21052ed3	fsgnjx.s	f29,f10,f16	 f10:0x80000000 f16:0xc0000000 f29=0x00000000
     236755.000 ns	     23674	80004c9c	0211fbb3	remu	x23,x3,x1	  x3:0x00000000  x1:0x00000000 x23=0x00000000
     237125.000 ns	     23711	80004ca0	03c7e333	rem	x6,x15,x28	 x15:0x00000000 x28:0x00000007  x6=0x00000000
     237165.000 ns	     23715	80004ca4	580fc8d3	fsqrt.s	f17,f31	 f31:0xe276a000 f17=0x7fc00000
     237195.000 ns	     23718	80004ca8	03735433	divu	x8,x6,x23	  x6:0x00000000 x23:0x00000000  x8=0xffffffff
     237215.000 ns	     23720	80004cac	0000d093	srli	x1,x1,0x0	  x1:0x00000000  x1=0x00000000
     237225.000 ns	     23721	80004cb0	00a67033	and	x0,x12,x10	 x12:0x80040fe4 x10:0x00000040
     237235.000 ns	     23722	80004cb4	9b1e0c93	addi	x25,x28,-1615	 x28:0x00000007 x25=0xfffff9b8
     237255.000 ns	     23724	80004cb8	03e12833	mulhsu	x16,x2,x30	  x2:0x00000000 x30:0xffffffff x16=0x00000000
     237275.000 ns	     23726	80004cbc	00b893b3	sll	x7,x17,x11	 x17:0x00000000 x11:0x00000000  x7=0x00000000
     237315.000 ns	     23730	80004cc0	08f7f253	fsub.s	f4,f15,f15	 f15:0x00000000 f15:0x00000000  f4=0x80000000
     237345.000 ns	     23733	80004cc4	02741533	mulh	x10,x8,x7	  x8:0xffffffff  x7:0x003fffff x10=0x00000000
     237375.000 ns	     23736	80004cc8	031ebf33	mulhu	x30,x29,x17	 x29:0x00000000 x17:0x00000000 x30=0x00000000
     237395.000 ns	     23738	80004ccc	018d9f33	sll	x30,x27,x24	 x27:0x0fffffff x24:0xffffffff x30=0x80000000
     237415.000 ns	     23740	80004cd0	02254733	div	x14,x10,x2	 x10:0x00000000  x2:0x00000000 x14=0xffffffff
     237455.000 ns	     23744	80004cd4	18a12453	fdiv.s	f8,f2,f10	  f2:0xe0528388 f10:0x80000000  f8=0x7f800000
     237475.000 ns	     23746	80004cd8	00c093b3	sll	x7,x1,x12	  x1:0x00000000 x12:0x80040fe4  x7=0x00000000
     237485.000 ns	     23747	80004cdc	00f89993	slli	x19,x17,0xf	 x17:0x00000000 x19=0x00000000
     237495.000 ns	     23748	80004ce0	010c0d33	add	x26,x24,x16	 x24:0xffffffff x16:0x00000000 x26=0xffffffff
     237505.000 ns	     23749	80004ce4	019850b3	srl	x1,x16,x25	 x16:0x00000000 x25:0xfffff9b8  x1=0x00000000
     237525.000 ns	     23751	80004ce8	28fd0f53	fmin.s	f30,f26,f15	 f26:0xcd7fffff f15:0x00000000 f30=0xcd7fffff
     237545.000 ns	     23753	80004cec	41cc80b3	sub	x1,x25,x28	 x25:0xfffff9b8 x28:0x00000007  x1=0xfffff9b1
     237555.000 ns	     23754	80004cf0	d3e76e93	ori	x29,x14,-706	 x14:0xffffffff x29=0xffffffff
     237565.000 ns	     23755	80004cf4	017b0733	add	x14,x22,x23	 x22:0x00000000 x23:0x00000000 x14=0x00000000
     237585.000 ns	     23757	80004cf8	c0022c53	fcvt.w.s	x24,f4	  f4:0x80000000 x24=0x00000000
     237615.000 ns	     23760	80004cfc	29c60ed3	fmin.s	f29,f12,f28	 f12:0xf0d28387 f28:0x71f6a7d3 f29=0xf0d28387
     237655.000 ns	     23764	80004d00	196277d3	fdiv.s	f15,f4,f22	  f4:0x80000000 f22:0x80000000 f15=0x7fc00000
     237685.000 ns	     23767	80004d04	a121add3	feq.s	x27,f3,f18	  f3:0x4eff8000 f18:0x00000000 x27=0x00000000
     237715.000 ns	     23770	80004d08	c0118b53	fcvt.wu.s	x22,f3	  f3:0x4eff8000 x22=0x7fc00000
     237745.000 ns	     23773	80004d0c	f00689d3	fmv.w.x	f19,x13	 x13:0xbe5f1df6 f19=0xbe5f1df6
     237775.000 ns	     23776	80004d10	a16dac53	feq.s	x24,f27,f22	 f27:0x00000000 f22:0x80000000 x24=0x00000001
     237795.000 ns	     23778	80004d14	3855d397	auipc	x7,0x3855d	  x7=0xb8561d14
     237805.000 ns	     23779	80004d18	4181da13	srai	x20,x3,0x18	  x3:0x00000000 x20=0x00000000
     237825.000 ns	     23781	80004d1c	28d80fd3	fmin.s	f31,f16,f13	 f16:0xc0000000 f13:0x00000000 f31=0xc0000000
     239005.000 ns	     23899	80004d20	580ca7d3	fsqrt.s	f15,f25	 f25:0x4d7fffff f15=0x46350461
     239025.000 ns	     23901	80004d24	40d25c93	srai	x25,x4,0xd	  x4:0x80041024 x25=0xfffc0020
     239035.000 ns	     23902	80004d28	019cf2b3	and	x5,x25,x25	 x25:0xfffff9b8 x25:0xfffff9b8  x5=0xfffc0020
     239045.000 ns	     23903	80004d2c	00b1c6b3	xor	x13,x3,x11	  x3:0x00000000 x11:0x00000000 x13=0x00000000
     239065.000 ns	     23905	80004d30	e0061a53	fclass.s	x20,f12	 f12:0xf0d28387 x20=0x00000002
     239095.000 ns	     23908	80004d34	03d709b3	mul	x19,x14,x29	 x14:0x00000000 x29:0xffffffff x19=0x00000000
     239125.000 ns	     23911	80004d38	d0069653	fcvt.s.w	f12,x13	 x13:0x00000000 f12=0x00000000
     239145.000 ns	     23913	80004d3c	01fcf7b3	and	x15,x25,x31	 x25:0xfffc0020 x31:0x00000000 x15=0x00000000
     239155.000 ns	     23914	80004d40	3a333d13	sltiu	x26,x6,931	  x6:0x00000000 x26=0x00000001
     239175.000 ns	     23916	80004d44	03832833	mulhsu	x16,x6,x24	  x6:0x00000000 x24:0x00000001 x16=0x00000000
     239195.000 ns	     23918	80004d48	004f8033	add	x0,x31,x4	 x31:0x00000000  x4:0x80041024
     239205.000 ns	     23919	80004d4c	00f9d693	srli	x13,x19,0xf	 x19:0x00000000 x13=0x00000000
     239245.000 ns	     23923	80004d50	00962053	fadd.s	f0,f12,f9	 f12:0x00000000  f9:0x00000000  f0=0x00000000
     239265.000 ns	     23925	80004d54	41a1da33	sra	x20,x3,x26	  x3:0x00000000 x26:0x00000001 x20=0x00000000
     239275.000 ns	     23926	80004d58	0d88bc13	sltiu	x24,x17,216	 x17:0x00000000 x24=0x00000001
     239285.000 ns	     23927	80004d5c	00a8b533	sltu	x10,x17,x10	 x17:0x00000000 x10:0x00000000 x10=0x00000000
     239295.000 ns	     23928	80004d60	7a7d3d93	sltiu	x27,x26,1959	 x26:0x00000001 x27=0x00000001
     239315.000 ns	     23930	80004d64	21590953	fsgnj.s	f18,f18,f21	 f18:0x00000000 f21:0x00000000 f18=0x00000000
     239345.000 ns	     23933	80004d68	c0167353	fcvt.wu.s	x6,f12	 f12:0x00000000  x6=0x00000000
     239375.000 ns	     23936	80004d6c	03fa43b3	div	x7,x20,x31	 x20:0x00000000 x31:0x00000000  x7=0xffffffff
     239405.000 ns	     23939	80004d70	209889d3	fsgnj.s	f19,f17,f9	 f17:0x7fc00000  f9:0x00000000 f19=0x7fc00000
     239435.000 ns	     23942	80004d74	02699933	mulh	x18,x19,x6	 x19:0x00000000  x6:0x00000000 x18=0x00000000
     239455.000 ns	     23944	80004d78	01ddb733	sltu	x14,x27,x29	 x27:0x00000001 x29:0xffffffff x14=0x00000001
     239475.000 ns	     23946	80004d7c	a07581d3	fle.s	x3,f11,f7	 f11:0x00000000  f7:0x00000000  x3=0x00000001
     239505.000 ns	     23949	80004d80	a04e1b53	flt.s	x22,f28,f4	 f28:0x71f6a7d3  f4:0x80000000 x22=0x00000000
     239535.000 ns	     23952	80004d84	e0061153	fclass.s	x2,f12	 f12:0x00000000  x2=0x00000010
     239555.000 ns	     23954	80004d88	00e04c33	xor	x24,x0,x14	  x0:0x00000000 x14:0x00000001 x24=0x00000001
     239565.000 ns	     23955	80004d8c	0123e333	or	x6,x7,x18	  x7:0xffffffff x18:0x00000000  x6=0xffffffff
     239575.000 ns	     23956	80004d90	003a9013	slli	x0,x21,0x3	 x21:0xe3aed966
     239585.000 ns	     23957	80004d94	405803b3	sub	x7,x16,x5	 x16:0x00000000  x5:0xfffc0020  x7=0x0003ffe0
     239595.000 ns	     23958	80004d98	40475cb3	sra	x25,x14,x4	 x14:0x00000001  x4:0x80041024 x25=0x00000000
     239625.000 ns	     23961	80004d9c	580f72d3	fsqrt.s	f5,f30	 f30:0xcd7fffff  f5=0x7fc00000
     239645.000 ns	     23963	80004da0	415684b3	sub	x9,x13,x21	 x13:0x00000000 x21:0xe3aed966  x9=0x1c51269a
     239655.000 ns	     23964	80004da4	00089713	slli	x14,x17,0x0	 x17:0x00000000 x14=0x00000000
     239675.000 ns	     23966	80004da8	f00c0653	fmv.w.x	f12,x24	 x24:0x00000001 f12=0x00000001
     239705.000 ns	     23969	80004dac	d00c29d3	fcvt.s.w	f19,x24	 x24:0x00000001 f19=0x3f800000
     239735.000 ns	     23972	80004db0	29180953	fmin.s	f18,f16,f17	 f16:0xc0000000 f17:0x7fc00000 f18=0xc0000000
     239765.000 ns	     23975	80004db4	e0018f53	fmv.x.w	x30,f3	  f3:0x4eff8000 x30=0x4eff8000
     239785.000 ns	     23977	80004db8	12d37313	andi	x6,x6,301	  x6:0xffffffff  x6=0x0000012d
     239795.000 ns	     23978	80004dbc	013f1e93	slli	x29,x30,0x13	 x30:0x4eff8000 x29=0x00000000
     239815.000 ns	     23980	80004dc0	a1331c53	flt.s	x24,f6,f19	  f6:0x000002f3 f19:0x3f800000 x24=0x00000001
     239845.000 ns	     23983	80004dc4	21b0a653	fsgnjx.s	f12,f1,f27	  f1:0x6276a000 f27:0x00000000 f12=0x6276a000
     239895.000 ns	     23988	80004dc8	00c115d3	fadd.s	f11,f2,f12	  f2:0xe0528388 f12:0x00000001 f11=0x626977c7
     239915.000 ns	     23990	80004dcc	00801733	sll	x14,x0,x8	  x0:0x00000000  x8:0xffffffff x14=0x00000000
     239935.000 ns	     23992	80004dd0	d006fad3	fcvt.s.w	f21,x13	 x13:0x00000000 f21=0x00000000
     239965.000 ns	     23995	80004dd4	d00bfdd3	fcvt.s.w	f27,x23	 x23:0x00000000 f27=0x00000000
     239995.000 ns	     23998	80004dd8	21470b53	fsgnj.s	f22,f14,f20	 f14:0x4e62904f f20:0x00000000 f22=0x4e62904f
     240025.000 ns	     24001	80004ddc	03803533	mulhu	x10,x0,x24	  x0:0x00000000 x24:0x00000001 x10=0x00000000
     240045.000 ns	     24003	80004de0	03a03113	sltiu	x2,x0,58	  x0:0x00000000  x2=0x00000001
     240065.000 ns	     24005	80004de4	02ed7433	remu	x8,x26,x14	 x26:0x00000001 x14:0x00000000  x8=0x00000001
     240085.000 ns	     24007	80004de8	008a91b3	sll	x3,x21,x8	 x21:0xe3aed966  x8:0xffffffff  x3=0xc75db2cc
     240095.000 ns	     24008	80004dec	018b3833	sltu	x16,x22,x24	 x22:0x00000000 x24:0x00000001 x16=0x00000001
     240105.000 ns	     24009	80004df0	00cde4b3	or	x9,x27,x12	 x27:0x00000001 x12:0x80040fe4  x9=0x80040fe5
     240135.000 ns	     24012	80004df4	1822ff53	fdiv.s	f30,f5,f2	  f5:0x7fc00000  f2:0xe0528388 f30=0x7fc00000
     240155.000 ns	     24014	80004df8	4543fb93	andi	x23,x7,1108	  x7:0x0003ffe0 x23=0x00000440
     240165.000 ns	     24015	80004dfc	00315933	srl	x18,x2,x3	  x2:0x00000001  x3:0xc75db2cc x18=0x00000000
     240185.000 ns	     24017	80004e00	21429253	fsgnjn.s	f4,f5,f20	  f5:0x7fc00000 f20:0x00000000  f4=0xffc00000
     240215.000 ns	     24020	80004e04	03fdb333	mulhu	x6,x27,x31	 x27:0x00000001 x31:0x00000000  x6=0x00000000
     240245.000 ns	     24023	80004e08	e0050d53	fmv.x.w	x26,f10	 f10:0x80000000 x26=0x80000000
     240285.000 ns	     24027	80004e0c	1022fdd3	fmul.s	f27,f5,f2	  f5:0x7fc00000  f2:0xe0528388 f27=0x7fc00000
     240315.000 ns	     24030	80004e10	a0b123d3	feq.s	x7,f2,f11	  f2:0xe0528388 f11:0x626977c7  x7=0x00000000
     240345.000 ns	     24033	80004e14	039e11b3	mulh	x3,x28,x25	 x28:0x00000007 x25:0x00000000  x3=0x00000000
     240375.000 ns	     24036	80004e18	02ce8db3	mul	x27,x29,x12	 x29:0x00000000 x12:0x80040fe4 x27=0x00000000
     240395.000 ns	     24038	80004e1c	c1a60b93	addi	x23,x12,-998	 x12:0x80040fe4 x23=0x80040bfe
     240415.000 ns	     24040	80004e20	d00eff53	fcvt.s.w	f30,x29	 x29:0x00000000 f30=0x00000000
     240435.000 ns	     24042	80004e24	41dd08b3	sub	x17,x26,x29	 x26:0x80000000 x29:0x00000000 x17=0x80000000
     240445.000 ns	     24043	80004e28	01666433	or	x8,x12,x22	 x12:0x80040fe4 x22:0x00000000  x8=0x80040fe4
     240455.000 ns	     24044	80004e2c	381db813	sltiu	x16,x27,897	 x27:0x00000000 x16=0x00000001
     240465.000 ns	     24045	80004e30	001472b3	and	x5,x8,x1	  x8:0x00000001  x1:0xfffff9b1  x5=0x800409a0
     240475.000 ns	     24046	80004e34	00d844b3	xor	x9,x16,x13	 x16:0x00000001 x13:0x00000000  x9=0x00000001
     240835.000 ns	     24082	80004e38	0289c8b3	div	x17,x19,x8	 x19:0x00000000  x8:0x80040fe4 x17=0x00000000
     240855.000 ns	     24084	80004e3c	01e51a33	sll	x20,x10,x30	 x10:0x00000000 x30:0x4eff8000 x20=0x00000000
     240875.000 ns	     24086	80004e40	037c95b3	mulh	x11,x25,x23	 x25:0x00000000 x23:0x80040bfe x11=0x00000000
     240905.000 ns	     24089	80004e44	020bf033	remu	x0,x23,x0	 x23:0x80040bfe  x0:0x00000000
     240925.000 ns	     24091	80004e48	82796693	ori	x13,x18,-2009	 x18:0x00000000 x13=0xfffff827
     240965.000 ns	     24095	80004e4c	01f3fed3	fadd.s	f29,f7,f31	  f7:0x00000000 f31:0xc0000000 f29=0xc0000000
     240985.000 ns	     24097	80004e50	008e7f33	and	x30,x28,x8	 x28:0x00000007  x8:0x80040fe4 x30=0x00000004
     241005.000 ns	     24099	80004e54	e00917d3	fclass.s	x15,f18	 f18:0xc0000000 x15=0x00000002
     241035.000 ns	     24102	80004e58	d003f853	fcvt.s.w	f16,x7	  x7:0x00000000 f16=0x00000000
     241065.000 ns	     24105	80004e5c	03ad83b3	mul	x7,x27,x26	 x27:0x00000000 x26:0x80000000  x7=0x00000000
     241095.000 ns	     24108	80004e60	213998d3	fsgnjn.s	f17,f19,f19	 f19:0x3f800000 f19:0x3f800000 f17=0xbf800000
     241125.000 ns	     24111	80004e64	02645433	divu	x8,x8,x6	  x8:0x80040fe4  x6:0x00000000  x8=0xffffffff
     241145.000 ns	     24113	80004e68	c83f3ab7	lui	x21,0xc83f3	 x21=0xc83f3000
     241155.000 ns	     24114	80004e6c	897ab917	auipc	x18,0x897ab	 x18=0x097afe6c
     241175.000 ns	     24116	80004e70	a01b1cd3	flt.s	x25,f22,f1	 f22:0x4e62904f  f1:0x6276a000 x25=0x00000001
     241195.000 ns	     24118	80004e74	01f18133	add	x2,x3,x31	  x3:0x00000000 x31:0x00000000  x2=0x00000000
     241215.000 ns	     24120	80004e78	e0071ad3	fclass.s	x21,f14	 f14:0x4e62904f x21=0x00000040
     241585.000 ns	     24157	80004e7c	03c5e133	rem	x2,x11,x28	 x11:0x00000000 x28:0x00000007  x2=0x00000000
     241615.000 ns	     24160	80004e80	d0147fd3	fcvt.s.wu	f31,x8	  x8:0xffffffff f31=0x4f7fffff
     241665.000 ns	     24165	80004e84	011f1053	fadd.s	f0,f30,f17	 f30:0x00000000 f17:0xbf800000  f0=0xbf800000
     241695.000 ns	     24168	80004e88	20420553	fsgnj.s	f10,f4,f4	  f4:0xffc00000  f4:0xffc00000 f10=0xffc00000
     241715.000 ns	     24170	80004e8c	0143ffb3	and	x31,x7,x20	  x7:0x00000000 x20:0x00000000 x31=0x00000000
     241735.000 ns	     24172	80004e90	217d9cd3	fsgnjn.s	f25,f27,f23	 f27:0x7fc00000 f23:0x40000000 f25=0xffc00000
     241755.000 ns	     24174	80004e94	ac3e0513	addi	x10,x28,-1341	 x28:0x00000007 x10=0xfffffaca
     241765.000 ns	     24175	80004e98	00000013	addi	x0,x0,0	  x0:0x00000000
     242125.000 ns	     24211	80004e9c	03884d33	div	x26,x16,x24	 x16:0x00000001 x24:0x00000001 x26=0x00000001
     242155.000 ns	     24214	80004ea0	a0b881d3	fle.s	x3,f17,f11	 f17:0xbf800000 f11:0x626977c7  x3=0x00000001
     242185.000 ns	     24217	80004ea4	d01cfe53	fcvt.s.wu	f28,x25	 x25:0x00000001 f28=0x3f800000
     242205.000 ns	     24219	80004ea8	011c5813	srli	x16,x24,0x11	 x24:0x00000001 x16=0x00000000
     242215.000 ns	     24220	80004eac	40ebdc33	sra	x24,x23,x14	 x23:0x80040bfe x14:0x00000000 x24=0x80040bfe
     242245.000 ns	     24223	80004eb0	189ec0d3	fdiv.s	f1,f29,f9	 f29:0xc0000000  f9:0x00000000  f1=0xff800000
     242265.000 ns	     24225	80004eb4	409dd493	srai	x9,x27,0x9	 x27:0x00000000  x9=0x00000000
     242305.000 ns	     24229	80004eb8	085f8853	fsub.s	f16,f31,f5	 f31:0x4f7fffff  f5:0x7fc00000 f16=0x7fc00000
     242325.000 ns	     24231	80004ebc	01be0133	add	x2,x28,x27	 x28:0x00000007 x27:0x00000000  x2=0x00000007
     242345.000 ns	     24233	80004ec0	d0182753	fcvt.s.wu	f14,x16	 x16:0x00000000 f14=0x00000000
     242375.000 ns	     24236	80004ec4	0299cc33	div	x24,x19,x9	 x19:0x00000000  x9:0x00000000 x24=0xffffffff
     242395.000 ns	     24238	80004ec8	37f721b7	lui	x3,0x37f72	  x3=0x37f72000
     242435.000 ns	     24242	80004ecc	093208d3	fsub.s	f17,f4,f19	  f4:0xffc00000 f19:0x3f800000 f17=0x7fc00000
     242465.000 ns	     24245	80004ed0	d00325d3	fcvt.s.w	f11,x6	  x6:0x00000000 f11=0x00000000
     242485.000 ns	     24247	80004ed4	b7300b37	lui	x22,0xb7300	 x22=0xb7300000
     242505.000 ns	     24249	80004ed8	c00bcbd3	fcvt.w.s	x23,f23	 f23:0x40000000 x23=0x00000002
     242525.000 ns	     24251	80004edc	01875b93	srli	x23,x14,0x18	 x14:0x00000000 x23=0x00000000
     242535.000 ns	     24252	80004ee0	41b10a33	sub	x20,x2,x27	  x2:0x00000007 x27:0x00000000 x20=0x00000007
     242545.000 ns	     24253	80004ee4	00cb88b3	add	x17,x23,x12	 x23:0x00000002 x12:0x80040fe4 x17=0x80040fe4
     242565.000 ns	     24255	80004ee8	02605bb3	divu	x23,x0,x6	  x0:0x00000000  x6:0x00000000 x23=0xffffffff
     242585.000 ns	     24257	80004eec	01ec5fb3	srl	x31,x24,x30	 x24:0xffffffff x30:0x00000004 x31=0x0fffffff
     242605.000 ns	     24259	80004ef0	e00713d3	fclass.s	x7,f14	 f14:0x00000000  x7=0x00000010
     242625.000 ns	     24261	80004ef4	40f7d993	srai	x19,x15,0xf	 x15:0x00000002 x19=0x00000000
     242635.000 ns	     24262	80004ef8	005842b3	xor	x5,x16,x5	 x16:0x00000000  x5:0x800409a0  x5=0x800409a0
     242645.000 ns	     24263	80004efc	fd26a593	slti	x11,x13,-46	 x13:0xfffff827 x11=0x00000001
     242665.000 ns	     24265	80004f00	e00904d3	fmv.x.w	x9,f18	 f18:0xc0000000  x9=0xc0000000
     242695.000 ns	     24268	80004f04	20f5a2d3	fsgnjx.s	f5,f11,f15	 f11:0x00000000 f15:0x46350461  f5=0x00000000
     242725.000 ns	     24271	80004f08	02c9b4b3	mulhu	x9,x19,x12	 x19:0x00000000 x12:0x80040fe4  x9=0x00000000
     242755.000 ns	     24274	80004f0c	032625b3	mulhsu	x11,x12,x18	 x12:0x80040fe4 x18:0x097afe6c x11=0xfb42a74c
     242785.000 ns	     24277	80004f10	205199d3	fsgnjn.s	f19,f3,f5	  f3:0x4eff8000  f5:0x00000000 f19=0xceff8000
     242815.000 ns	     24280	80004f14	0391b533	mulhu	x10,x3,x25	  x3:0x37f72000 x25:0x00000001 x10=0x00000000
     242845.000 ns	     24283	80004f18	e0038353	fmv.x.w	x6,f7	  f7:0x00000000  x6=0x00000000
     242865.000 ns	     24285	80004f1c	018cc8b3	xor	x17,x25,x24	 x25:0x00000001 x24:0xffffffff x17=0xfffffffe
     242875.000 ns	     24286	80004f20	01368db3	add	x27,x13,x19	 x13:0xfffff827 x19:0x00000000 x27=0xfffff827
     242885.000 ns	     24287	80004f24	005d65b3	or	x11,x26,x5	 x26:0x00000001  x5:0x800409a0 x11=0x800409a1
     242895.000 ns	     24288	80004f28	4f013d13	sltiu	x26,x2,1264	  x2:0x00000007 x26=0x00000001
     242915.000 ns	     24290	80004f2c	20009453	fsgnjn.s	f8,f1,f0	  f1:0xff800000  f0:0xbf800000  f8=0x7f800000
     242935.000 ns	     24292	80004f30	404adf13	srai	x30,x21,0x4	 x21:0x00000040 x30=0x00000004
     242945.000 ns	     24293	80004f34	01d91d33	sll	x26,x18,x29	 x18:0x097afe6c x29:0x00000000 x26=0x097afe6c
     242965.000 ns	     24295	80004f38	e00487d3	fmv.x.w	x15,f9	  f9:0x00000000 x15=0x00000000
     242995.000 ns	     24298	80004f3c	d008f553	fcvt.s.w	f10,x17	 x17:0xfffffffe f10=0xc0000000
     243015.000 ns	     24300	80004f40	01f71193	slli	x3,x14,0x1f	 x14:0x00000000  x3=0x00000000
     243035.000 ns	     24302	80004f44	a15e2d53	feq.s	x26,f28,f21	 f28:0x3f800000 f21:0x00000000 x26=0x00000000
     243055.000 ns	     24304	80004f48	e68f4b97	auipc	x23,0xe68f4	 x23=0x668f8f48
     243065.000 ns	     24305	80004f4c	a4326d17	auipc	x26,0xa4326	 x26=0x2432af4c
     243075.000 ns	     24306	80004f50	410b5fb3	sra	x31,x22,x16	 x22:0xb7300000 x16:0x00000000 x31=0xb7300000
     243095.000 ns	     24308	80004f54	c014f053	fcvt.wu.s	x0,f9	  f9:0x00000000
     243465.000 ns	     24345	80004f58	02dbf6b3	remu	x13,x23,x13	 x23:0x668f8f48 x13:0xfffff827 x13=0x668f8f48
     243485.000 ns	     24347	80004f5c	4166d533	sra	x10,x13,x22	 x13:0xfffff827 x22:0xb7300000 x10=0x668f8f48
     243815.000 ns	     24380	80004f60	18ce75d3	fdiv.s	f11,f28,f12	 f28:0x3f800000 f12:0x6276a000 f11=0x1c800000
     243835.000 ns	     24382	80004f64	404705b3	sub	x11,x14,x4	 x14:0x00000000  x4:0x80041024 x11=0x7ffbefdc
     243855.000 ns	     24384	80004f68	03373ab3	mulhu	x21,x14,x19	 x14:0x00000000 x19:0x00000000 x21=0x00000000
     243875.000 ns	     24386	80004f6c	010991b3	sll	x3,x19,x16	 x19:0x00000000 x16:0x00000000  x3=0x00000000
     243895.000 ns	     24388	80004f70	0292bab3	mulhu	x21,x5,x9	  x5:0x800409a0  x9:0x00000000 x21=0x00000000
     243925.000 ns	     24391	80004f74	02209cb3	mulh	x25,x1,x2	  x1:0xfffff9b1  x2:0x00000007 x25=0xffffffff
     243945.000 ns	     24393	80004f78	40140433	sub	x8,x8,x1	  x8:0xffffffff  x1:0xfffff9b1  x8=0x0000064e
     243965.000 ns	     24395	80004f7c	d00ace53	fcvt.s.w	f28,x21	 x21:0x00000000 f28=0x00000000
     244005.000 ns	     24399	80004f80	19ed71d3	fdiv.s	f3,f26,f30	 f26:0xcd7fffff f30:0x00000000  f3=0xff800000
     244025.000 ns	     24401	80004f84	00f617b3	sll	x15,x12,x15	 x12:0x80040fe4 x15:0x00000000 x15=0x80040fe4
     244045.000 ns	     24403	80004f88	a0392b53	feq.s	x22,f18,f3	 f18:0xc0000000  f3:0xff800000 x22=0x00000000
     244065.000 ns	     24405	80004f8c	010e3f33	sltu	x30,x28,x16	 x28:0x00000007 x16:0x00000000 x30=0x00000000
     244085.000 ns	     24407	80004f90	03e4fbb3	remu	x23,x9,x30	  x9:0x00000000 x30:0x00000004 x23=0x00000000
     244105.000 ns	     24409	80004f94	012839b3	sltu	x19,x16,x18	 x16:0x00000000 x18:0x097afe6c x19=0x00000001
     244115.000 ns	     24410	80004f98	39692a13	slti	x20,x18,918	 x18:0x097afe6c x20=0x00000000
     244135.000 ns	     24412	80004f9c	20709cd3	fsgnjn.s	f25,f1,f7	  f1:0xff800000  f7:0x00000000 f25=0xff800000
     244505.000 ns	     24449	80004fa0	02c8e3b3	rem	x7,x17,x12	 x17:0xfffffffe x12:0x80040fe4  x7=0xfffffffe
     244525.000 ns	     24451	80004fa4	01373033	sltu	x0,x14,x19	 x14:0x00000000 x19:0x00000001
     244545.000 ns	     24453	80004fa8	d006f153	fcvt.s.w	f2,x13	 x13:0x668f8f48  f2=0x4ecd1f1e
     244575.000 ns	     24456	80004fac	c0057a53	fcvt.w.s	x20,f10	 f10:0xc0000000 x20=0x00000002
     244595.000 ns	     24458	80004fb0	41cb8ab3	sub	x21,x23,x28	 x23:0x00000000 x28:0x00000007 x21=0xfffffff9
     244615.000 ns	     24460	80004fb4	a18e2bd3	feq.s	x23,f28,f24	 f28:0x00000000 f24:0x3f350482 x23=0x00000000
     244645.000 ns	     24463	80004fb8	e0040fd3	fmv.x.w	x31,f8	  f8:0x7f800000 x31=0x7f800000
     244675.000 ns	     24466	80004fbc	21a30353	fsgnj.s	f6,f6,f26	  f6:0x000002f3 f26:0xcd7fffff  f6=0x800002f3
     244695.000 ns	     24468	80004fc0	40b987b3	sub	x15,x19,x11	 x19:0x00000001 x11:0x7ffbefdc x15=0x80041025
     244715.000 ns	     24470	80004fc4	20a48a53	fsgnj.s	f20,f9,f10	  f9:0x00000000 f10:0xc0000000 f20=0x80000000
     244745.000 ns	     24473	80004fc8	e0098453	fmv.x.w	x8,f19	 f19:0xceff8000  x8=0xceff8000
     244765.000 ns	     24475	80004fcc	0133e033	or	x0,x7,x19	  x7:0xfffffffe x19:0x00000001
     244775.000 ns	     24476	80004fd0	01ca05b3	add	x11,x20,x28	 x20:0x00000002 x28:0x00000007 x11=0x00000009
     244805.000 ns	     24479	80004fd4	58029f53	fsqrt.s	f30,f5	  f5:0x00000000 f30=0x00000000
     244835.000 ns	     24482	80004fd8	c01596d3	fcvt.wu.s	x13,f11	 f11:0x1c800000 x13=0x00000000
     244855.000 ns	     24484	80004fdc	01a17433	and	x8,x2,x26	  x2:0x00000007 x26:0x2432af4c  x8=0x00000004
     244865.000 ns	     24485	80004fe0	00a8da33	srl	x20,x17,x10	 x17:0xfffffffe x10:0x668f8f48 x20=0x00ffffff
     244875.000 ns	     24486	80004fe4	00a61a33	sll	x20,x12,x10	 x12:0x80040fe4 x10:0x668f8f48 x20=0x040fe400
     244885.000 ns	     24487	80004fe8	00ea4cb3	xor	x25,x20,x14	 x20:0x00000002 x14:0x00000000 x25=0x040fe400
     244905.000 ns	     24489	80004fec	286d9a53	fmax.s	f20,f27,f6	 f27:0x7fc00000  f6:0x800002f3 f20=0x800002f3
     244925.000 ns	     24491	80004ff0	3bfecc13	xori	x24,x29,959	 x29:0x00000000 x24=0x000003bf
     244935.000 ns	     24492	80004ff4	00d3b7b3	sltu	x15,x7,x13	  x7:0xfffffffe x13:0x00000000 x15=0x00000000
     244945.000 ns	     24493	80004ff8	006ad5b3	srl	x11,x21,x6	 x21:0xfffffff9  x6:0x00000000 x11=0xfffffff9
     244965.000 ns	     24495	80004ffc	20130353	fsgnj.s	f6,f6,f1	  f6:0x800002f3  f1:0xff800000  f6=0x800002f3
     245305.000 ns	     24529	80005000	194f8253	fdiv.s	f4,f31,f20	 f31:0x4f7fffff f20:0x800002f3  f4=0xff800000
     245335.000 ns	     24532	80005004	218a16d3	fsgnjn.s	f13,f20,f24	 f20:0x800002f3 f24:0x3f350482 f13=0x800002f3
     245705.000 ns	     24569	80005008	024cc733	div	x14,x25,x4	 x25:0x040fe400  x4:0x80041024 x14=0x00000000
     245725.000 ns	     24571	8000500c	2edb1097	auipc	x1,0x2edb1	  x1=0xaedb600c
     245765.000 ns	     24575	80005010	010186d3	fadd.s	f13,f3,f16	  f3:0xff800000 f16:0x7fc00000 f13=0x7fc00000
     245795.000 ns	     24578	80005014	f00805d3	fmv.w.x	f11,x16	 x16:0x00000000 f11=0x00000000
     245835.000 ns	     24582	80005018	10f174d3	fmul.s	f9,f2,f15	  f2:0x4ecd1f1e f15:0x46350461  f9=0x55910a82
     245865.000 ns	     24585	8000501c	02250033	mul	x0,x10,x2	 x10:0x668f8f48  x2:0x00000007
     246235.000 ns	     24622	80005020	02a3d6b3	divu	x13,x7,x10	  x7:0xfffffffe x10:0x668f8f48 x13=0x00000002
     246265.000 ns	     24625	80005024	c015fc53	fcvt.wu.s	x24,f11	 f11:0x00000000 x24=0x00000000
     246285.000 ns	     24627	80005028	c82b4393	xori	x7,x22,-894	 x22:0x00000000  x7=0xfffffc82
     246295.000 ns	     24628	8000502c	00473fb3	sltu	x31,x14,x4	 x14:0x00000000  x4:0x80041024 x31=0x00000001
     246325.000 ns	     24631	80005030	183e84d3	fdiv.s	f9,f29,f3	 f29:0xc0000000  f3:0xff800000  f9=0x00000000
     246355.000 ns	     24634	80005034	c0054fd3	fcvt.w.s	x31,f10	 f10:0xc0000000 x31=0xfffffffe
     246385.000 ns	     24637	80005038	d012fad3	fcvt.s.wu	f21,x5	  x5:0x800409a0 f21=0x4f000409
     246415.000 ns	     24640	8000503c	020ebab3	mulhu	x21,x29,x0	 x29:0x00000000  x0:0x00000000 x21=0x00000000
     246445.000 ns	     24643	80005040	e0038553	fmv.x.w	x10,f7	  f7:0x00000000 x10=0x00000000
     246475.000 ns	     24646	80005044	29f78153	fmin.s	f2,f15,f31	 f15:0x46350461 f31:0x4f7fffff  f2=0x46350461
     246495.000 ns	     24648	80005048	7eb1a593	slti	x11,x3,2027	  x3:0x00000000 x11=0x00000001
     246515.000 ns	     24650	8000504c	28381f53	fmax.s	f30,f16,f3	 f16:0x7fc00000  f3:0xff800000 f30=0xff800000
     246535.000 ns	     24652	80005050	3baab993	sltiu	x19,x21,954	 x21:0x00000000 x19=0x00000001
     246545.000 ns	     24653	80005054	00d0ea33	or	x20,x1,x13	  x1:0xaedb600c x13:0x00000002 x20=0xaedb600e
     246565.000 ns	     24655	80005058	a0e088d3	fle.s	x17,f1,f14	  f1:0xff800000 f14:0x00000000 x17=0x00000001
     246585.000 ns	     24657	8000505c	007d5433	srl	x8,x26,x7	 x26:0x2432af4c  x7:0xfffffc82  x8=0x090cabd3
     246945.000 ns	     24693	80005060	03c6fd33	remu	x26,x13,x28	 x13:0x00000002 x28:0x00000007 x26=0x00000002
     246965.000 ns	     24695	80005064	4081d993	srai	x19,x3,0x8	  x3:0x00000000 x19=0x00000000
     246985.000 ns	     24697	80005068	029324b3	mulhsu	x9,x6,x9	  x6:0x00000000  x9:0x00000000  x9=0x00000000
     247015.000 ns	     24700	8000506c	a1e6a753	feq.s	x14,f13,f30	 f13:0x7fc00000 f30:0xff800000 x14=0x00000000
     247045.000 ns	     24703	80005070	c01b21d3	fcvt.wu.s	x3,f22	 f22:0x4e62904f  x3=0x38a413c0
     247065.000 ns	     24705	80005074	01e051b3	srl	x3,x0,x30	  x0:0x00000000 x30:0x00000000  x3=0x00000000
     247075.000 ns	     24706	80005078	003619b3	sll	x19,x12,x3	 x12:0x80040fe4  x3:0x38a413c0 x19=0x80040fe4
     247085.000 ns	     24707	8000507c	cf9c3593	sltiu	x11,x24,-775	 x24:0x00000000 x11=0x00000001
     247095.000 ns	     24708	80005080	32a555b7	lui	x11,0x32a55	 x11=0x32a55000
     247125.000 ns	     24711	80005084	11edf6d3	fmul.s	f13,f27,f30	 f27:0x7fc00000 f30:0xff800000 f13=0x7fc00000
     247145.000 ns	     24713	80005088	28fe0313	addi	x6,x28,655	 x28:0x00000007  x6=0x00000296
     247165.000 ns	     24715	8000508c	204b24d3	fsgnjx.s	f9,f22,f4	 f22:0x4e62904f  f4:0xff800000  f9=0xce62904f
     247535.000 ns	     24752	80005090	02be7fb3	remu	x31,x28,x11	 x28:0x00000007 x11:0x32a55000 x31=0x00000007
     247565.000 ns	     24755	80005094	03d1f5b3	remu	x11,x3,x29	  x3:0x00000000 x29:0x00000000 x11=0x00000000
     247585.000 ns	     24757	80005098	000744b3	xor	x9,x14,x0	 x14:0x00000000  x0:0x00000000  x9=0x00000000
     247595.000 ns	     24758	8000509c	02e7c913	xori	x18,x15,46	 x15:0x00000000 x18=0x0000002e
     247605.000 ns	     24759	800050a0	9d32fab7	lui	x21,0x9d32f	 x21=0x9d32f000
     247625.000 ns	     24761	800050a4	0270b8b3	mulhu	x17,x1,x7	  x1:0xaedb600c  x7:0xfffffc82 x17=0xaedb5da9
     247655.000 ns	     24764	800050a8	f00b8853	fmv.w.x	f16,x23	 x23:0x00000000 f16=0x00000000
     247685.000 ns	     24767	800050ac	03af3833	mulhu	x16,x30,x26	 x30:0x00000000 x26:0x00000002 x16=0x00000000
     247705.000 ns	     24769	800050b0	4145d3b3	sra	x7,x11,x20	 x11:0x00000000 x20:0xaedb600e  x7=0x00000000
     247725.000 ns	     24771	800050b4	039ba933	mulhsu	x18,x23,x25	 x23:0x00000000 x25:0x040fe400 x18=0x00000000
     247755.000 ns	     24774	800050b8	21320b53	fsgnj.s	f22,f4,f19	  f4:0xff800000 f19:0xceff8000 f22=0xff800000
     247775.000 ns	     24776	800050bc	f8ab2513	slti	x10,x22,-118	 x22:0x00000000 x10=0x00000000
     247795.000 ns	     24778	800050c0	d0192ad3	fcvt.s.wu	f21,x18	 x18:0x00000000 f21=0x00000000
     247815.000 ns	     24780	800050c4	00419cb3	sll	x25,x3,x4	  x3:0x00000000  x4:0x80041024 x25=0x00000000
     247825.000 ns	     24781	800050c8	4112dcb3	sra	x25,x5,x17	  x5:0x800409a0 x17:0xaedb5da9 x25=0xffc00204
     247835.000 ns	     24782	800050cc	0070b0b3	sltu	x1,x1,x7	  x1:0xaedb600c  x7:0x00000000  x1=0x00000000
     247845.000 ns	     24783	800050d0	005abd33	sltu	x26,x21,x5	 x21:0x9d32f000  x5:0x800409a0 x26=0x00000000
     247865.000 ns	     24785	800050d4	a14b9c53	flt.s	x24,f23,f20	 f23:0x40000000 f20:0x800002f3 x24=0x00000000
     247885.000 ns	     24787	800050d8	c2d3d7b7	lui	x15,0xc2d3d	 x15=0xc2d3d000
     247905.000 ns	     24789	800050dc	29b61e53	fmax.s	f28,f12,f27	 f12:0x6276a000 f27:0x7fc00000 f28=0x6276a000
     247935.000 ns	     24792	800050e0	c008f4d3	fcvt.w.s	x9,f17	 f17:0x7fc00000  x9=0x7fffffff
     247955.000 ns	     24794	800050e4	019ad193	srli	x3,x21,0x19	 x21:0x9d32f000  x3=0x0000004e
     248315.000 ns	     24830	800050e8	03985d33	divu	x26,x16,x25	 x16:0x00000000 x25:0xffc00204 x26=0x00000000
     248345.000 ns	     24833	800050ec	a14a1fd3	flt.s	x31,f20,f20	 f20:0x800002f3 f20:0x800002f3 x31=0x00000000
     248365.000 ns	     24835	800050f0	009f5f13	srli	x30,x30,0x9	 x30:0x00000000 x30=0x00000000
     248375.000 ns	     24836	800050f4	9cba75b7	lui	x11,0x9cba7	 x11=0x9cba7000
     248385.000 ns	     24837	800050f8	01ed9c13	slli	x24,x27,0x1e	 x27:0xfffff827 x24=0xc0000000
     249555.000 ns	     24954	800050fc	580c7c53	fsqrt.s	f24,f24	 f24:0x3f350482 f24=0x3effff22
     249575.000 ns	     24956	80005100	019558b3	srl	x17,x10,x25	 x10:0x00000000 x25:0xffc00204 x17=0x00000000
     249585.000 ns	     24957	80005104	00000013	addi	x0,x0,0	  x0:0x00000000
     249605.000 ns	     24959	80005108	c0020f53	fcvt.w.s	x30,f4	  f4:0xff800000 x30=0x80000000
     249625.000 ns	     24961	8000510c	417ad393	srai	x7,x21,0x17	 x21:0x9d32f000  x7=0xffffff3a
     249635.000 ns	     24962	80005110	0146a833	slt	x16,x13,x20	 x13:0x00000002 x20:0xaedb600e x16=0x00000000
     249645.000 ns	     24963	80005114	99a60313	addi	x6,x12,-1638	 x12:0x80040fe4  x6=0x8004097e
     249665.000 ns	     24965	80005118	03c19cb3	mulh	x25,x3,x28	  x3:0x0000004e x28:0x00000007 x25=0x00000000
     249685.000 ns	     24967	8000511c	41e785b3	sub	x11,x15,x30	 x15:0xc2d3d000 x30:0x80000000 x11=0x42d3d000
     249705.000 ns	     24969	80005120	208522d3	fsgnjx.s	f5,f10,f8	 f10:0xc0000000  f8:0x7f800000  f5=0xc0000000
     249725.000 ns	     24971	80005124	7a4e1997	auipc	x19,0x7a4e1	 x19=0xfa4e6124
     249745.000 ns	     24973	80005128	021382b3	mul	x5,x7,x1	  x7:0xffffff3a  x1:0x00000000  x5=0x00000000
     249765.000 ns	     24975	8000512c	0153c333	xor	x6,x7,x21	  x7:0xffffff3a x21:0x9d32f000  x6=0x62cd0f3a
     249795.000 ns	     24978	80005130	196a2353	fdiv.s	f6,f20,f22	 f20:0x800002f3 f22:0xff800000  f6=0x00000000
     249825.000 ns	     24981	80005134	e00b80d3	fmv.x.w	x1,f23	 f23:0x40000000  x1=0x40000000
     249845.000 ns	     24983	80005138	0014d793	srli	x15,x9,0x1	  x9:0x7fffffff x15=0x3fffffff
     249855.000 ns	     24984	8000513c	63c2ba17	auipc	x20,0x63c2b	 x20=0xe3c3013c
     249865.000 ns	     24985	80005140	40210db3	sub	x27,x2,x2	  x2:0x00000007  x2:0x00000007 x27=0x00000000
     249875.000 ns	     24986	80005144	00945b93	srli	x23,x8,0x9	  x8:0x090cabd3 x23=0x00048655
     249885.000 ns	     24987	80005148	406301b3	sub	x3,x6,x6	  x6:0x62cd0f3a  x6:0x62cd0f3a  x3=0x00000000
     249905.000 ns	     24989	8000514c	c01876d3	fcvt.wu.s	x13,f16	 f16:0x00000000 x13=0x00000000
     249925.000 ns	     24991	80005150	01071e93	slli	x29,x14,0x10	 x14:0x00000000 x29=0x00000000
     249945.000 ns	     24993	80005154	f00d0dd3	fmv.w.x	f27,x26	 x26:0x00000000 f27=0x00000000
     249975.000 ns	     24996	80005158	a0341953	flt.s	x18,f8,f3	  f8:0x7f800000  f3:0xff800000 x18=0x00000000
     250005.000 ns	     24999	8000515c	29ed1c53	fmax.s	f24,f26,f30	 f26:0xcd7fffff f30:0xff800000 f24=0xcd7fffff
     250025.000 ns	     25001	80005160	0071d013	srli	x0,x3,0x7	  x3:0x00000000
     250035.000 ns	     25002	80005164	015d41b3	xor	x3,x26,x21	 x26:0x00000000 x21:0x9d32f000  x3=0x9d32f000
     250055.000 ns	     25004	80005168	d01a70d3	fcvt.s.wu	f1,x20	 x20:0xe3c3013c  f1=0x4f63c301
     250085.000 ns	     25007	8000516c	03eb21b3	mulhsu	x3,x22,x30	 x22:0x00000000 x30:0x80000000  x3=0x00000000
     250115.000 ns	     25010	80005170	c00ba753	fcvt.w.s	x14,f23	 f23:0x40000000 x14=0x00000002
     250165.000 ns	     25015	80005174	090e7353	fsub.s	f6,f28,f16	 f28:0x6276a000 f16:0x00000000  f6=0x6276a000
     250195.000 ns	     25018	80005178	20232253	fsgnjx.s	f4,f6,f2	  f6:0x00000000  f2:0x46350461  f4=0x6276a000
     250225.000 ns	     25021	8000517c	20381ad3	fsgnjn.s	f21,f16,f3	 f16:0x00000000  f3:0xff800000 f21=0x00000000
     250255.000 ns	     25024	80005180	a01a9f53	flt.s	x30,f21,f1	 f21:0x00000000  f1:0x4f63c301 x30=0x00000001
     250275.000 ns	     25026	80005184	411854b3	sra	x9,x16,x17	 x16:0x00000000 x17:0x00000000  x9=0x00000000
     250295.000 ns	     25028	80005188	e0019f53	fclass.s	x30,f3	  f3:0xff800000 x30=0x00000001
     250315.000 ns	     25030	8000518c	0137e733	or	x14,x15,x19	 x15:0x3fffffff x19:0xfa4e6124 x14=0xffffffff
     250325.000 ns	     25031	80005190	40a25d93	srai	x27,x4,0xa	  x4:0x80041024 x27=0xffe00104
     250345.000 ns	     25033	80005194	d010b0d3	fcvt.s.wu	f1,x1	  x1:0x40000000  f1=0x4e800000
     250365.000 ns	     25035	80005198	2a1a8813	addi	x16,x21,673	 x21:0x9d32f000 x16=0x9d32f2a1
     250725.000 ns	     25071	8000519c	03b7c733	div	x14,x15,x27	 x15:0x3fffffff x27:0xffe00104 x14=0xfffffe00
     250775.000 ns	     25076	800051a0	08847253	fsub.s	f4,f8,f8	  f8:0x7f800000  f8:0x7f800000  f4=0x80000000
     250795.000 ns	     25078	800051a4	41cfda13	srai	x20,x31,0x1c	 x31:0x00000000 x20=0x00000000
     250805.000 ns	     25079	800051a8	00cfcfb3	xor	x31,x31,x12	 x31:0x00000000 x12:0x80040fe4 x31=0x80040fe4
     250845.000 ns	     25083	800051ac	012231d3	fadd.s	f3,f4,f18	  f4:0x80000000 f18:0xc0000000  f3=0xc0000000
     250875.000 ns	     25086	800051b0	a051a753	feq.s	x14,f3,f5	  f3:0xff800000  f5:0xc0000000 x14=0x00000001
     250895.000 ns	     25088	800051b4	00444ab3	xor	x21,x8,x4	  x8:0x090cabd3  x4:0x80041024 x21=0x8908bbf7
     250905.000 ns	     25089	800051b8	531cf293	andi	x5,x25,1329	 x25:0x00000000  x5=0x00000000
     250925.000 ns	     25091	800051bc	c01b8bd3	fcvt.wu.s	x23,f23	 f23:0x40000000 x23=0x00000002
     250945.000 ns	     25093	800051c0	00000013	addi	x0,x0,0	  x0:0x00000000
     250955.000 ns	     25094	800051c4	01de60b3	or	x1,x28,x29	 x28:0x00000007 x29:0x00000000  x1=0x00000007
     251315.000 ns	     25130	800051c8	02cd5333	divu	x6,x26,x12	 x26:0x00000000 x12:0x80040fe4  x6=0x00000000
     251345.000 ns	     25133	800051cc	e0099ed3	fclass.s	x29,f19	 f19:0xceff8000 x29=0x00000002
     251365.000 ns	     25135	800051d0	00b919b3	sll	x19,x18,x11	 x18:0x00000000 x11:0x42d3d000 x19=0x00000000
     251725.000 ns	     25171	800051d4	030445b3	div	x11,x8,x16	  x8:0x090cabd3 x16:0x9d32f2a1 x11=0x00000000
     251755.000 ns	     25174	800051d8	29c70e53	fmin.s	f28,f14,f28	 f14:0x00000000 f28:0x6276a000 f28=0x00000000
     252125.000 ns	     25211	800051dc	03867d33	remu	x26,x12,x24	 x12:0x80040fe4 x24:0xc0000000 x26=0x80040fe4
     252145.000 ns	     25213	800051e0	01ba8a33	add	x20,x21,x27	 x21:0x8908bbf7 x27:0xffe00104 x20=0x88e8bcfb
     252165.000 ns	     25215	800051e4	a1670dd3	fle.s	x27,f14,f22	 f14:0x00000000 f22:0xff800000 x27=0x00000000
     252215.000 ns	     25220	800051e8	08abced3	fsub.s	f29,f23,f10	 f23:0x40000000 f10:0xc0000000 f29=0x40800000
     252245.000 ns	     25223	800051ec	21b8a8d3	fsgnjx.s	f17,f17,f27	 f17:0x7fc00000 f27:0x00000000 f17=0x7fc00000
     252275.000 ns	     25226	800051f0	a05908d3	fle.s	x17,f18,f5	 f18:0xc0000000  f5:0xc0000000 x17=0x00000001
     252305.000 ns	     25229	800051f4	e00a87d3	fmv.x.w	x15,f21	 f21:0x00000000 x15=0x00000000
     252325.000 ns	     25231	800051f8	003a8533	add	x10,x21,x3	 x21:0x8908bbf7  x3:0x00000000 x10=0x8908bbf7
     252345.000 ns	     25233	800051fc	a05708d3	fle.s	x17,f14,f5	 f14:0x00000000  f5:0xc0000000 x17=0x00000000
     252365.000 ns	     25235	80005200	f1396a13	ori	x20,x18,-237	 x18:0x00000000 x20=0xffffff13
     252375.000 ns	     25236	80005204	05e4c313	xori	x6,x9,94	  x9:0x00000000  x6=0x0000005e
     252385.000 ns	     25237	80005208	40628f33	sub	x30,x5,x6	  x5:0x00000000  x6:0x00000000 x30=0xffffffa2
     252395.000 ns	     25238	8000520c	92d3b893	sltiu	x17,x7,-1747	  x7:0xffffff3a x17=0x00000000
     252755.000 ns	     25274	80005210	03ced7b3	divu	x15,x29,x28	 x29:0x00000002 x28:0x00000007 x15=0x00000000
     252775.000 ns	     25276	80005214	01c05013	srli	x0,x0,0x1c	  x0:0x00000000
     252785.000 ns	     25277	80005218	40875a33	sra	x20,x14,x8	 x14:0x00000001  x8:0x090cabd3 x20=0x00000000
     252805.000 ns	     25279	8000521c	29ac9ad3	fmax.s	f21,f25,f26	 f25:0xff800000 f26:0xcd7fffff f21=0xcd7fffff
     252825.000 ns	     25281	80005220	cda58d13	addi	x26,x11,-806	 x11:0x00000000 x26=0xfffffcda
     252835.000 ns	     25282	80005224	01dde4b3	or	x9,x27,x29	 x27:0x00000000 x29:0x00000002  x9=0x00000002
     252845.000 ns	     25283	80005228	0f3d0c93	addi	x25,x26,243	 x26:0x80040fe4 x25=0xfffffdcd
     252855.000 ns	     25284	8000522c	014ca033	slt	x0,x25,x20	 x25:0x00000000 x20:0x00000000
     252875.000 ns	     25286	80005230	d01cf553	fcvt.s.wu	f10,x25	 x25:0x00000000 f10=0x4f7ffffd
     252895.000 ns	     25288	80005234	009a1bb3	sll	x23,x20,x9	 x20:0x00000000  x9:0x00000002 x23=0x00000000
     252915.000 ns	     25290	80005238	29a29253	fmax.s	f4,f5,f26	  f5:0xc0000000 f26:0xcd7fffff  f4=0xc0000000
     252935.000 ns	     25292	8000523c	41025b13	srai	x22,x4,0x10	  x4:0x80041024 x22=0xffff8004
     252955.000 ns	     25294	80005240	20d9ad53	fsgnjx.s	f26,f19,f13	 f19:0xceff8000 f13:0x7fc00000 f26=0xceff8000
     252985.000 ns	     25297	80005244	02d4cd33	div	x26,x9,x13	  x9:0x00000002 x13:0x00000000 x26=0xffffffff
     253015.000 ns	     25300	80005248	03fb2ab3	mulhsu	x21,x22,x31	 x22:0xffff8004 x31:0x80040fe4 x21=0xffffbfff
     253045.000 ns	     25303	8000524c	29a21f53	fmax.s	f30,f4,f26	  f4:0xc0000000 f26:0xceff8000 f30=0xc0000000
     253065.000 ns	     25305	80005250	01e3feb3	and	x29,x7,x30	  x7:0xffffff3a x30:0xffffffa2 x29=0xffffff22
     253085.000 ns	     25307	80005254	c016ff53	fcvt.wu.s	x30,f13	 f13:0x7fc00000 x30=0xffffffff
     253105.000 ns	     25309	80005258	bbd80693	addi	x13,x16,-1091	 x16:0x9d32f2a1 x13=0x9d32ee5e
     253115.000 ns	     25310	8000525c	580d4a93	xori	x21,x26,1408	 x26:0xffffffff x21=0xfffffa7f
     253125.000 ns	     25311	80005260	400bdeb3	sra	x29,x23,x0	 x23:0x00000000  x0:0x00000000 x29=0x00000000
     253135.000 ns	     25312	80005264	ae132e93	slti	x29,x6,-1311	  x6:0x0000005e x29=0x00000000
     253155.000 ns	     25314	80005268	c01ec353	fcvt.wu.s	x6,f29	 f29:0x40800000  x6=0x00000004
     253185.000 ns	     25317	8000526c	c0173753	fcvt.wu.s	x14,f14	 f14:0x00000000 x14=0x00000000
     253205.000 ns	     25319	80005270	01398433	add	x8,x19,x19	 x19:0x00000000 x19:0x00000000  x8=0x00000000
     253215.000 ns	     25320	80005274	01711113	slli	x2,x2,0x17	  x2:0x00000007  x2=0x03800000
     253225.000 ns	     25321	80005278	003b5333	srl	x6,x22,x3	 x22:0xffff8004  x3:0x00000000  x6=0xffff8004
     253235.000 ns	     25322	8000527c	3e2a6993	ori	x19,x20,994	 x20:0x00000000 x19=0x000003e2
     253245.000 ns	     25323	80005280	003d3cb3	sltu	x25,x26,x3	 x26:0xffffffff  x3:0x00000000 x25=0x00000000
     253255.000 ns	     25324	80005284	8c616f93	ori	x31,x2,-1850	  x2:0x03800000 x31=0xfffff8c6
     253285.000 ns	     25327	80005288	18b637d3	fdiv.s	f15,f12,f11	 f12:0x6276a000 f11:0x00000000 f15=0x7f800000
     253305.000 ns	     25329	8000528c	016d1b33	sll	x22,x26,x22	 x26:0xffffffff x22:0xffff8004 x22=0xfffffff0
     253315.000 ns	     25330	80005290	2f240713	addi	x14,x8,754	  x8:0x00000000 x14=0x000002f2
     253325.000 ns	     25331	80005294	4115d433	sra	x8,x11,x17	 x11:0x00000000 x17:0x00000000  x8=0x00000000
     253335.000 ns	     25332	80005298	8d60f837	lui	x16,0x8d60f	 x16=0x8d60f000
     253355.000 ns	     25334	8000529c	02bd01b3	mul	x3,x26,x11	 x26:0xffffffff x11:0x00000000  x3=0x00000000
     253385.000 ns	     25337	800052a0	a035a8d3	feq.s	x17,f11,f3	 f11:0x00000000  f3:0xc0000000 x17=0x00000000
     253755.000 ns	     25374	800052a4	02a14533	div	x10,x2,x10	  x2:0x03800000 x10:0x8908bbf7 x10=0x00000000
     253775.000 ns	     25376	800052a8	41e55493	srai	x9,x10,0x1e	 x10:0x8908bbf7  x9=0x00000000
     253795.000 ns	     25378	800052ac	28b90153	fmin.s	f2,f18,f11	 f18:0xc0000000 f11:0x00000000  f2=0xc0000000
     253815.000 ns	     25380	800052b0	01f23cb3	sltu	x25,x4,x31	  x4:0x80041024 x31:0xfffff8c6 x25=0x00000001
     253835.000 ns	     25382	800052b4	02e40ab3	mul	x21,x8,x14	  x8:0x00000000 x14:0x000002f2 x21=0x00000000
     253885.000 ns	     25387	800052b8	08987ed3	fsub.s	f29,f16,f9	 f16:0x00000000  f9:0xce62904f f29=0x4e62904f
     253915.000 ns	     25390	800052bc	d0167cd3	fcvt.s.wu	f25,x12	 x12:0x80040fe4 f25=0x4f00040f
     253955.000 ns	     25394	800052c0	19f8a853	fdiv.s	f16,f17,f31	 f17:0x7fc00000 f31:0x4f7fffff f16=0x7fc00000
     253985.000 ns	     25397	800052c4	a1839c53	flt.s	x24,f7,f24	  f7:0x00000000 f24:0xcd7fffff x24=0x00000000
     254005.000 ns	     25399	800052c8	4a470493	addi	x9,x14,1188	 x14:0x000002f2  x9=0x00000796
     254025.000 ns	     25401	800052cc	21838e53	fsgnj.s	f28,f7,f24	  f7:0x00000000 f24:0xcd7fffff f28=0x80000000
     254065.000 ns	     25405	800052d0	19123b53	fdiv.s	f22,f4,f17	  f4:0xc0000000 f17:0x7fc00000 f22=0x7fc00000
     254085.000 ns	     25407	800052d4	b8e24797	auipc	x15,0xb8e24	 x15=0x38e292d4
     254095.000 ns	     25408	800052d8	019d6fb3	or	x31,x26,x25	 x26:0xffffffff x25:0x00000001 x31=0xffffffff
     254115.000 ns	     25410	800052dc	e0060953	fmv.x.w	x18,f12	 f12:0x6276a000 x18=0x6276a000
     254135.000 ns	     25412	800052e0	0076e2b3	or	x5,x13,x7	 x13:0x9d32ee5e  x7:0xffffff3a  x5=0xffffff7e
     254155.000 ns	     25414	800052e4	21eba953	fsgnjx.s	f18,f23,f30	 f23:0x40000000 f30:0xc0000000 f18=0xc0000000
     254175.000 ns	     25416	800052e8	01820933	add	x18,x4,x24	  x4:0x80041024 x24:0x00000000 x18=0x80041024
     254185.000 ns	     25417	800052ec	003d9033	sll	x0,x27,x3	 x27:0x00000000  x3:0x00000000
     254205.000 ns	     25419	800052f0	03d2afb3	mulhsu	x31,x5,x29	  x5:0xffffff7e x29:0x00000000 x31=0x00000000
     254235.000 ns	     25422	800052f4	a0419bd3	flt.s	x23,f3,f4	  f3:0xc0000000  f4:0xc0000000 x23=0x00000000
     254265.000 ns	     25425	800052f8	29778f53	fmin.s	f30,f15,f23	 f15:0x7f800000 f23:0x40000000 f30=0x40000000
     254285.000 ns	     25427	800052fc	016b1eb3	sll	x29,x22,x22	 x22:0xfffffff0 x22:0xfffffff0 x29=0xfff00000
     254325.000 ns	     25431	80005300	01a4cbd3	fadd.s	f23,f9,f26	  f9:0xce62904f f26:0xceff8000 f23=0xcf386414
     254355.000 ns	     25434	80005304	a18493d3	flt.s	x7,f9,f24	  f9:0xce62904f f24:0xcd7fffff  x7=0x00000001
     254375.000 ns	     25436	80005308	000ed293	srli	x5,x29,0x0	 x29:0xfff00000  x5=0xfff00000
     254385.000 ns	     25437	8000530c	7973d997	auipc	x19,0x7973d	 x19=0xf974230c
     254395.000 ns	     25438	80005310	016c39b3	sltu	x19,x24,x22	 x24:0x00000000 x22:0xfffffff0 x19=0x00000001
     254415.000 ns	     25440	80005314	21150f53	fsgnj.s	f30,f10,f17	 f10:0x4f7ffffd f17:0x7fc00000 f30=0x4f7ffffd
     254445.000 ns	     25443	80005318	d013ae53	fcvt.s.wu	f28,x7	  x7:0x00000001 f28=0x3f800000
     254475.000 ns	     25446	8000531c	211c1053	fsgnjn.s	f0,f24,f17	 f24:0xcd7fffff f17:0x7fc00000  f0=0xcd7fffff
     254495.000 ns	     25448	80005320	41585593	srai	x11,x16,0x15	 x16:0x8d60f000 x11=0xfffffc6b
     254515.000 ns	     25450	80005324	287791d3	fmax.s	f3,f15,f7	 f15:0x7f800000  f7:0x00000000  f3=0x7f800000
     254545.000 ns	     25453	80005328	213cacd3	fsgnjx.s	f25,f25,f19	 f25:0x4f00040f f19:0xceff8000 f25=0xcf00040f
     254575.000 ns	     25456	8000532c	032d93b3	mulh	x7,x27,x18	 x27:0x00000000 x18:0x80041024  x7=0x00000000
     254605.000 ns	     25459	80005330	a09d0c53	fle.s	x24,f26,f9	 f26:0xceff8000  f9:0xce62904f x24=0x00000001
     254625.000 ns	     25461	80005334	4ebb0d13	addi	x26,x22,1259	 x22:0xfffffff0 x26=0x000004db
     254635.000 ns	     25462	80005338	002cdab3	srl	x21,x25,x2	 x25:0x00000001  x2:0x03800000 x21=0x00000001
     254655.000 ns	     25464	8000533c	02bfb533	mulhu	x10,x31,x11	 x31:0x00000000 x11:0xfffffc6b x10=0x00000000
     254675.000 ns	     25466	80005340	01d468b3	or	x17,x8,x29	  x8:0x00000000 x29:0xfff00000 x17=0xfff00000
     254715.000 ns	     25470	80005344	01f2c153	fadd.s	f2,f5,f31	  f5:0xc0000000 f31:0x4f7fffff  f2=0x4f7fffff
     254735.000 ns	     25472	80005348	009a63b3	or	x7,x20,x9	 x20:0x00000000  x9:0x00000796  x7=0x00000796
     254755.000 ns	     25474	8000534c	03be0ab3	mul	x21,x28,x27	 x28:0x00000007 x27:0x00000000 x21=0x00000000
     254785.000 ns	     25477	80005350	a0168ed3	fle.s	x29,f13,f1	 f13:0x7fc00000  f1:0x4e800000 x29=0x00000000
     254805.000 ns	     25479	80005354	6aa88a13	addi	x20,x17,1706	 x17:0xfff00000 x20=0xfff006aa
     254815.000 ns	     25480	80005358	36bf3f93	sltiu	x31,x30,875	 x30:0xffffffff x31=0x00000000
     254835.000 ns	     25482	8000535c	d0022e53	fcvt.s.w	f28,x4	  x4:0x80041024 f28=0xcefff7e0
     254865.000 ns	     25485	80005360	03562b33	mulhsu	x22,x12,x21	 x12:0x80040fe4 x21:0x00000000 x22=0x00000000
     254885.000 ns	     25487	80005364	4186d833	sra	x16,x13,x24	 x13:0x9d32ee5e x24:0x00000001 x16=0xce99772f
     254895.000 ns	     25488	80005368	63274493	xori	x9,x14,1586	 x14:0x000002f2  x9=0x000004c0
     254925.000 ns	     25491	8000536c	18c77453	fdiv.s	f8,f14,f12	 f14:0x00000000 f12:0x6276a000  f8=0x00000000
     254945.000 ns	     25493	80005370	004331b3	sltu	x3,x6,x4	  x6:0xffff8004  x4:0x80041024  x3=0x00000000
     254955.000 ns	     25494	80005374	41a6da13	srai	x20,x13,0x1a	 x13:0x9d32ee5e x20=0xffffffe7
     254965.000 ns	     25495	80005378	01d536b3	sltu	x13,x10,x29	 x10:0x00000000 x29:0x00000000 x13=0x00000000
     254985.000 ns	     25497	8000537c	0354a7b3	mulhsu	x15,x9,x21	  x9:0x000004c0 x21:0x00000000 x15=0x00000000
     255005.000 ns	     25499	80005380	00c2d7b3	srl	x15,x5,x12	  x5:0xfff00000 x12:0x80040fe4 x15=0x0fff0000
     255015.000 ns	     25500	80005384	019a3b33	sltu	x22,x20,x25	 x20:0xffffffe7 x25:0x00000001 x22=0x00000000
     255345.000 ns	     25533	80005388	18957453	fdiv.s	f8,f10,f9	 f10:0x4f7ffffd  f9:0xce62904f  f8=0xc07ffffe
     255715.000 ns	     25570	8000538c	022d5833	divu	x16,x26,x2	 x26:0x000004db  x2:0x03800000 x16=0x00000000
     255735.000 ns	     25572	80005390	99ce4913	xori	x18,x28,-1636	 x28:0x00000007 x18=0xfffff99b
     255755.000 ns	     25574	80005394	a15d0c53	fle.s	x24,f26,f21	 f26:0xceff8000 f21:0xcd7fffff x24=0x00000001
     256935.000 ns	     25692	80005398	5800ced3	fsqrt.s	f29,f1	  f1:0x4e800000 f29=0x46ffffae
     256985.000 ns	     25697	8000539c	00c6f253	fadd.s	f4,f13,f12	 f13:0x7fc00000 f12:0x6276a000  f4=0x7fc00000
     257015.000 ns	     25700	800053a0	a1e18953	fle.s	x18,f3,f30	  f3:0x7f800000 f30:0x4f7ffffd x18=0x00000000
     257045.000 ns	     25703	800053a4	28379c53	fmax.s	f24,f15,f3	 f15:0x7f800000  f3:0x7f800000 f24=0x7f800000
     257065.000 ns	     25705	800053a8	6494ee93	ori	x29,x9,1609	  x9:0x000004c0 x29=0x000006c9
     257095.000 ns	     25708	800053ac	580a2553	fsqrt.s	f10,f20	 f20:0x800002f3 f10=0x7fc00000
     257115.000 ns	     25710	800053b0	348daf13	slti	x30,x27,840	 x27:0x00000000 x30=0x00000001
     257125.000 ns	     25711	800053b4	41bed913	srai	x18,x29,0x1b	 x29:0x000006c9 x18=0x00000000
     257135.000 ns	     25712	800053b8	004062b3	or	x5,x0,x4	  x0:0x00000000  x4:0x80041024  x5=0x80041024
     257145.000 ns	     25713	800053bc	01798a33	add	x20,x19,x23	 x19:0x00000001 x23:0x00000000 x20=0x00000001
     257155.000 ns	     25714	800053c0	010f3433	sltu	x8,x30,x16	 x30:0x00000001 x16:0x00000000  x8=0x00000000
     257165.000 ns	     25715	800053c4	3f178c17	auipc	x24,0x3f178	 x24=0xbf17d3c4
     257175.000 ns	     25716	800053c8	76bdcd93	xori	x27,x27,1899	 x27:0x00000000 x27=0x0000076b
     257185.000 ns	     25717	800053cc	41c05033	sra	x0,x0,x28	  x0:0x00000000 x28:0x00000007
     257205.000 ns	     25719	800053d0	a1409c53	flt.s	x24,f1,f20	  f1:0x4e800000 f20:0x800002f3 x24=0x00000000
     257225.000 ns	     25721	800053d4	40bf8033	sub	x0,x31,x11	 x31:0x00000000 x11:0xfffffc6b
     257235.000 ns	     25722	800053d8	00cef7b3	and	x15,x29,x12	 x29:0x000006c9 x12:0x80040fe4 x15=0x000006c0
     257275.000 ns	     25726	800053dc	0007f3d3	fadd.s	f7,f15,f0	 f15:0x7f800000  f0:0xcd7fffff  f7=0x7f800000
     257305.000 ns	     25729	800053e0	d0067553	fcvt.s.w	f10,x12	 x12:0x80040fe4 f10=0xcefff7e0
     257335.000 ns	     25732	800053e4	029a06b3	mul	x13,x20,x9	 x20:0x00000001  x9:0x000004c0 x13=0x000004c0
     257355.000 ns	     25734	800053e8	d5227293	andi	x5,x4,-686	  x4:0x80041024  x5=0x80041000
     257365.000 ns	     25735	800053ec	00307bb3	and	x23,x0,x3	  x0:0x00000000  x3:0x00000000 x23=0x00000000
     257405.000 ns	     25739	800053f0	00337fd3	fadd.s	f31,f6,f3	  f6:0x6276a000  f3:0x7f800000 f31=0x7f800000
     257425.000 ns	     25741	800053f4	015c3eb3	sltu	x29,x24,x21	 x24:0x00000000 x21:0x00000000 x29=0x00000000
     257445.000 ns	     25743	800053f8	e0001853	fclass.s	x16,f0	  f0:0xcd7fffff x16=0x00000002
     257475.000 ns	     25746	800053fc	29978153	fmin.s	f2,f15,f25	 f15:0x7f800000 f25:0xcf00040f  f2=0xcf00040f
     257495.000 ns	     25748	80005400	01125d13	srli	x26,x4,0x11	  x4:0x80041024 x26=0x00004002
     257515.000 ns	     25750	80005404	020f69b3	rem	x19,x30,x0	 x30:0x00000001  x0:0x00000000 x19=0x00000001
     257545.000 ns	     25753	80005408	28d29fd3	fmax.s	f31,f5,f13	  f5:0xc0000000 f13:0x7fc00000 f31=0xc0000000
     257565.000 ns	     25755	8000540c	001e8eb3	add	x29,x29,x1	 x29:0x00000000  x1:0x00000007 x29=0x00000007
     257585.000 ns	     25757	80005410	d0193a53	fcvt.s.wu	f20,x18	 x18:0x00000000 f20=0x00000000
     257605.000 ns	     25759	80005414	88a76193	ori	x3,x14,-1910	 x14:0x000002f2  x3=0xfffffafa
     257635.000 ns	     25762	80005418	10247ed3	fmul.s	f29,f8,f2	  f8:0xc07ffffe  f2:0xcf00040f f29=0x5000040e
     257685.000 ns	     25767	8000541c	011572d3	fadd.s	f5,f10,f17	 f10:0xcefff7e0 f17:0x7fc00000  f5=0x7fc00000
     257705.000 ns	     25769	80005420	1305ce97	auipc	x29,0x1305c	 x29=0x93061420
     257715.000 ns	     25770	80005424	001279b3	and	x19,x4,x1	  x4:0x80041024  x1:0x00000007 x19=0x00000004
     257735.000 ns	     25772	80005428	20789353	fsgnjn.s	f6,f17,f7	 f17:0x7fc00000  f7:0x7f800000  f6=0xffc00000
     257765.000 ns	     25775	8000542c	a19522d3	feq.s	x5,f10,f25	 f10:0xcefff7e0 f25:0xcf00040f  x5=0x00000000
     257785.000 ns	     25777	80005430	2772b313	sltiu	x6,x5,631	  x5:0x80041000  x6=0x00000001
     257795.000 ns	     25778	80005434	01399133	sll	x2,x19,x19	 x19:0x00000004 x19:0x00000004  x2=0x00000040
     257815.000 ns	     25780	80005438	a12c2bd3	feq.s	x23,f24,f18	 f24:0x7f800000 f18:0xc0000000 x23=0x00000000
     257845.000 ns	     25783	8000543c	200a0ad3	fsgnj.s	f21,f20,f0	 f20:0x00000000  f0:0xcd7fffff f21=0x80000000
     257865.000 ns	     25785	80005440	00000013	addi	x0,x0,0	  x0:0x00000000
     258225.000 ns	     25821	80005444	022ff733	remu	x14,x31,x2	 x31:0x00000000  x2:0x00000040 x14=0x00000000
     258255.000 ns	     25824	80005448	f0078553	fmv.w.x	f10,x15	 x15:0x000006c0 f10=0x000006c0
     258275.000 ns	     25826	8000544c	00bfffb3	and	x31,x31,x11	 x31:0x00000000 x11:0xfffffc6b x31=0x00000000
     258295.000 ns	     25828	80005450	021f1a33	mulh	x20,x30,x1	 x30:0x00000001  x1:0x00000007 x20=0x00000000
     258315.000 ns	     25830	80005454	de55c493	xori	x9,x11,-539	 x11:0xfffffc6b  x9=0x0000018e
     258335.000 ns	     25832	80005458	f0090e53	fmv.w.x	f28,x18	 x18:0x00000000 f28=0x00000000
     258705.000 ns	     25869	8000545c	031be833	rem	x16,x23,x17	 x23:0x00000000 x17:0xfff00000 x16=0x00000000
     258725.000 ns	     25871	80005460	009c3d33	sltu	x26,x24,x9	 x24:0x00000000  x9:0x0000018e x26=0x00000001
     258745.000 ns	     25873	80005464	283d1ad3	fmax.s	f21,f26,f3	 f26:0xceff8000  f3:0x7f800000 f21=0x7f800000
     259115.000 ns	     25910	80005468	0397cc33	div	x24,x15,x25	 x15:0x000006c0 x25:0x00000001 x24=0x000006c0
     259135.000 ns	     25912	8000546c	06cc6593	ori	x11,x24,108	 x24:0x00000000 x11=0x000006ec
     259145.000 ns	     25913	80005470	013928b3	slt	x17,x18,x19	 x18:0x00000000 x19:0x00000004 x17=0x00000001
     259155.000 ns	     25914	80005474	a136a593	slti	x11,x13,-1517	 x13:0x000004c0 x11=0x00000000
     259165.000 ns	     25915	80005478	f121ab13	slti	x22,x3,-238	  x3:0xfffffafa x22=0x00000001
     259185.000 ns	     25917	8000547c	a1411753	flt.s	x14,f2,f20	  f2:0xcf00040f f20:0x00000000 x14=0x00000001
     259215.000 ns	     25920	80005480	039ea433	mulhsu	x8,x29,x25	 x29:0x93061420 x25:0x00000001  x8=0xffffffff
     259245.000 ns	     25923	80005484	035a48b3	div	x17,x20,x21	 x20:0x00000000 x21:0x00000000 x17=0xffffffff
     259265.000 ns	     25925	80005488	0fe5c513	xori	x10,x11,254	 x11:0x00000000 x10=0x000000fe
     259285.000 ns	     25927	8000548c	a14b06d3	fle.s	x13,f22,f20	 f22:0x7fc00000 f20:0x00000000 x13=0x00000000
     259315.000 ns	     25930	80005490	d002fe53	fcvt.s.w	f28,x5	  x5:0x00000000 f28=0x00000000
     259345.000 ns	     25933	80005494	037dc733	div	x14,x27,x23	 x27:0x0000076b x23:0x00000000 x14=0xffffffff
     259375.000 ns	     25936	80005498	28ec1053	fmax.s	f0,f24,f14	 f24:0x7f800000 f14:0x00000000  f0=0x7f800000
     259415.000 ns	     25940	8000549c	107bf7d3	fmul.s	f15,f23,f7	 f23:0xcf386414  f7:0x7f800000 f15=0xff800000
     259445.000 ns	     25943	800054a0	20219553	fsgnjn.s	f10,f3,f2	  f3:0x7f800000  f2:0xcf00040f f10=0x7f800000
     259475.000 ns	     25946	800054a4	21c18053	fsgnj.s	f0,f3,f28	  f3:0x7f800000 f28:0x00000000  f0=0x7f800000
     259495.000 ns	     25948	800054a8	01258033	add	x0,x11,x18	 x11:0x00000000 x18:0x00000000
     259505.000 ns	     25949	800054ac	01545eb3	srl	x29,x8,x21	  x8:0xffffffff x21:0x00000000 x29=0xffffffff
     259515.000 ns	     25950	800054b0	001cddb3	srl	x27,x25,x1	 x25:0x00000001  x1:0x00000007 x27=0x00000000
     259545.000 ns	     25953	800054b4	114492d3	fmul.s	f5,f9,f20	  f9:0xce62904f f20:0x00000000  f5=0x80000000
     259565.000 ns	     25955	800054b8	0083c133	xor	x2,x7,x8	  x7:0x00000796  x8:0xffffffff  x2=0xfffff869
     259595.000 ns	     25958	800054bc	580fabd3	fsqrt.s	f23,f31	 f31:0xc0000000 f23=0x7fc00000
     259625.000 ns	     25961	800054c0	21f681d3	fsgnj.s	f3,f13,f31	 f13:0x7fc00000 f31:0xc0000000  f3=0xffc00000
     259645.000 ns	     25963	800054c4	12eb6a13	ori	x20,x22,302	 x22:0x00000001 x20=0x0000012f
     259655.000 ns	     25964	800054c8	00e00433	add	x8,x0,x14	  x0:0x00000000 x14:0xffffffff  x8=0xffffffff
     259665.000 ns	     25965	800054cc	01d05933	srl	x18,x0,x29	  x0:0x00000000 x29:0xffffffff x18=0x00000000
     259685.000 ns	     25967	800054d0	035318b3	mulh	x17,x6,x21	  x6:0x00000001 x21:0x00000000 x17=0x00000000
     259715.000 ns	     25970	800054d4	a0f21b53	flt.s	x22,f4,f15	  f4:0x7fc00000 f15:0xff800000 x22=0x00000000
     259745.000 ns	     25973	800054d8	203e1a53	fsgnjn.s	f20,f28,f3	 f28:0x00000000  f3:0xffc00000 f20=0x00000000
     259765.000 ns	     25975	800054dc	00603c33	sltu	x24,x0,x6	  x0:0x00000000  x6:0x00000001 x24=0x00000001
     259785.000 ns	     25977	800054e0	a0d31ed3	flt.s	x29,f6,f13	  f6:0xffc00000 f13:0x7fc00000 x29=0x00000000
     259805.000 ns	     25979	800054e4	0069f3b3	and	x7,x19,x6	 x19:0x00000004  x6:0x00000001  x7=0x00000000
     259815.000 ns	     25980	800054e8	009a20b3	slt	x1,x20,x9	 x20:0x0000012f  x9:0x0000018e  x1=0x00000001
     259855.000 ns	     25984	800054ec	0191b353	fadd.s	f6,f3,f25	  f3:0xffc00000 f25:0xcf00040f  f6=0x7fc00000
     259885.000 ns	     25987	800054f0	a10586d3	fle.s	x13,f11,f16	 f11:0x00000000 f16:0x7fc00000 x13=0x00000000
     259905.000 ns	     25989	800054f4	41bc86b3	sub	x13,x25,x27	 x25:0x00000001 x27:0x00000000 x13=0x00000001
     259935.000 ns	     25992	800054f8	10103253	fmul.s	f4,f0,f1	  f0:0x7f800000  f1:0x4e800000  f4=0x7f800000
     259965.000 ns	     25995	800054fc	c01ff6d3	fcvt.wu.s	x13,f31	 f31:0xc0000000 x13=0x00000002
     259995.000 ns	     25998	80005500	d007cdd3	fcvt.s.w	f27,x15	 x15:0x000006c0 f27=0x44d80000
     260015.000 ns	     26000	80005504	be17c093	xori	x1,x15,-1055	 x15:0x000006c0  x1=0xfffffd21
     260025.000 ns	     26001	80005508	85a7bc93	sltiu	x25,x15,-1958	 x15:0x000006c0 x25=0x00000001
     260035.000 ns	     26002	8000550c	00735bb3	srl	x23,x6,x7	  x6:0x00000001  x7:0x00000000 x23=0x00000001
     260055.000 ns	     26004	80005510	283e9bd3	fmax.s	f23,f29,f3	 f29:0x5000040e  f3:0xffc00000 f23=0x5000040e
     260075.000 ns	     26006	80005514	eec9cb17	auipc	x22,0xeec9c	 x22=0x6eca1514
     260105.000 ns	     26009	80005518	116a4ed3	fmul.s	f29,f20,f22	 f20:0x00000000 f22:0x7fc00000 f29=0x7fc00000
     260125.000 ns	     26011	8000551c	0028e8b3	or	x17,x17,x2	 x17:0x00000000  x2:0xfffff869 x17=0xfffff869
     260135.000 ns	     26012	80005520	40a06a93	ori	x21,x0,1034	  x0:0x00000000 x21=0x0000040a
     260155.000 ns	     26014	80005524	e00786d3	fmv.x.w	x13,f15	 f15:0xff800000 x13=0xff800000
     260175.000 ns	     26016	80005528	0130da33	srl	x20,x1,x19	  x1:0xfffffd21 x19:0x00000004 x20=0x0fffffd2
     260535.000 ns	     26052	8000552c	0369f6b3	remu	x13,x19,x22	 x19:0x00000004 x22:0x6eca1514 x13=0x00000004
     260585.000 ns	     26057	80005530	01579dd3	fadd.s	f27,f15,f21	 f15:0xff800000 f21:0x7f800000 f27=0x00000000
     260615.000 ns	     26060	80005534	03fa7533	remu	x10,x20,x31	 x20:0x0fffffd2 x31:0x00000000 x10=0x0fffffd2
     260635.000 ns	     26062	80005538	0009b733	sltu	x14,x19,x0	 x19:0x00000004  x0:0x00000000 x14=0x00000000
     260675.000 ns	     26066	8000553c	018ab8d3	fadd.s	f17,f21,f24	 f21:0x7f800000 f24:0x7f800000 f17=0x00000000
     260695.000 ns	     26068	80005540	40a50533	sub	x10,x10,x10	 x10:0x0fffffd2 x10:0x0fffffd2 x10=0x00000000
     260705.000 ns	     26069	80005544	bbe40993	addi	x19,x8,-1090	  x8:0xffffffff x19=0xfffffbbd
     260725.000 ns	     26071	80005548	02087733	remu	x14,x16,x0	 x16:0x00000000  x0:0x00000000 x14=0x00000000
     260765.000 ns	     26075	8000554c	10a2c353	fmul.s	f6,f5,f10	  f5:0x80000000 f10:0x7f800000  f6=0x7fc00000
     260785.000 ns	     26077	80005550	406c5713	srai	x14,x24,0x6	 x24:0x00000001 x14=0x00000000
     260795.000 ns	     26078	80005554	f4e66813	ori	x16,x12,-178	 x12:0x80040fe4 x16=0xffffffee
     260815.000 ns	     26080	80005558	d00e3ad3	fcvt.s.w	f21,x28	 x28:0x00000007 f21=0x40e00000
     260845.000 ns	     26083	8000555c	285b0153	fmin.s	f2,f22,f5	 f22:0x7fc00000  f5:0x80000000  f2=0x80000000
     260875.000 ns	     26086	80005560	208ca3d3	fsgnjx.s	f7,f25,f8	 f25:0xcf00040f  f8:0xc07ffffe  f7=0x4f00040f
     260905.000 ns	     26089	80005564	c00c1953	fcvt.w.s	x18,f24	 f24:0x7f800000 x18=0x7fffffff
     260935.000 ns	     26092	80005568	e00e14d3	fclass.s	x9,f28	 f28:0x00000000  x9=0x00000010
     260955.000 ns	     26094	8000556c	b1413b13	sltiu	x22,x2,-1260	  x2:0xfffff869 x22=0x00000001
     260975.000 ns	     26096	80005570	d008b4d3	fcvt.s.w	f9,x17	 x17:0xfffff869  f9=0xc4f2e000
     260995.000 ns	     26098	80005574	41f65a93	srai	x21,x12,0x1f	 x12:0x80040fe4 x21=0xffffffff
     261025.000 ns	     26101	80005578	580377d3	fsqrt.s	f15,f6	  f6:0x7fc00000 f15=0x7fc00000
     261055.000 ns	     26104	8000557c	a1038f53	fle.s	x30,f7,f16	  f7:0x4f00040f f16:0x7fc00000 x30=0x00000000
     261075.000 ns	     26106	80005580	dc1b7413	andi	x8,x22,-575	 x22:0x00000001  x8=0x00000001
     261095.000 ns	     26108	80005584	21cba753	fsgnjx.s	f14,f23,f28	 f23:0x5000040e f28:0x00000000 f14=0x5000040e
     261125.000 ns	     26111	80005588	a0698353	fle.s	x6,f19,f6	 f19:0xceff8000  f6:0x7fc00000  x6=0x00000000
     261145.000 ns	     26113	8000558c	01ee2b33	slt	x22,x28,x30	 x28:0x00000007 x30:0x00000000 x22=0x00000000
     261165.000 ns	     26115	80005590	02e8b8b3	mulhu	x17,x17,x14	 x17:0xfffff869 x14:0x00000000 x17=0x00000000
     261195.000 ns	     26118	80005594	038b98b3	mulh	x17,x23,x24	 x23:0x00000001 x24:0x00000001 x17=0x00000000
     261225.000 ns	     26121	80005598	026499b3	mulh	x19,x9,x6	  x9:0x00000010  x6:0x00000000 x19=0x00000000
     261255.000 ns	     26124	8000559c	29589ed3	fmax.s	f29,f17,f21	 f17:0x00000000 f21:0x40e00000 f29=0x40e00000
     261285.000 ns	     26127	800055a0	a10488d3	fle.s	x17,f9,f16	  f9:0xc4f2e000 f16:0x7fc00000 x17=0x00000000
     261315.000 ns	     26130	800055a4	0373b0b3	mulhu	x1,x7,x23	  x7:0x00000000 x23:0x00000001  x1=0x00000000
     261685.000 ns	     26167	800055a8	02925a33	divu	x20,x4,x9	  x4:0x80041024  x9:0x00000010 x20=0x08004102
     261705.000 ns	     26169	800055ac	400b5e93	srai	x29,x22,0x0	 x22:0x00000000 x29=0x00000000
     261715.000 ns	     26170	800055b0	0161e133	or	x2,x3,x22	  x3:0xfffffafa x22:0x00000000  x2=0xfffffafa
     261745.000 ns	     26173	800055b4	1876fb53	fdiv.s	f22,f13,f7	 f13:0x7fc00000  f7:0x4f00040f f22=0x7fc00000
     261765.000 ns	     26175	800055b8	00b63db3	sltu	x27,x12,x11	 x12:0x80040fe4 x11:0x00000000 x27=0x00000000
     261785.000 ns	     26177	800055bc	29f19553	fmax.s	f10,f3,f31	  f3:0xffc00000 f31:0xc0000000 f10=0xc0000000
     261805.000 ns	     26179	800055c0	00ce7933	and	x18,x28,x12	 x28:0x00000007 x12:0x80040fe4 x18=0x00000004
     261825.000 ns	     26181	800055c4	d00dfad3	fcvt.s.w	f21,x27	 x27:0x00000000 f21=0x00000000
     261845.000 ns	     26183	800055c8	01c319b3	sll	x19,x6,x28	  x6:0x00000000 x28:0x00000007 x19=0x00000000
     261855.000 ns	     26184	800055cc	000e9313	slli	x6,x29,0x0	 x29:0x00000000  x6=0x00000000
     261865.000 ns	     26185	800055d0	e87c8193	addi	x3,x25,-377	 x25:0x00000001  x3=0xfffffe88
     263035.000 ns	     26302	800055d4	5803f653	fsqrt.s	f12,f7	  f7:0x4f00040f f12=0x46b50a40
     263065.000 ns	     26305	800055d8	29220553	fmin.s	f10,f4,f18	  f4:0x7f800000 f18:0xc0000000 f10=0xc0000000
     263435.000 ns	     26342	800055dc	03c36333	rem	x6,x6,x28	  x6:0x00000000 x28:0x00000007  x6=0x00000000
     263465.000 ns	     26345	800055e0	021e9cb3	mulh	x25,x29,x1	 x29:0x00000000  x1:0x00000000 x25=0x00000000
     263505.000 ns	     26349	800055e4	188c1053	fdiv.s	f0,f24,f8	 f24:0x7f800000  f8:0xc07ffffe  f0=0xff800000
     263535.000 ns	     26352	800055e8	025e6b33	rem	x22,x28,x5	 x28:0x00000007  x5:0x00000000 x22=0x00000007
     263565.000 ns	     26355	800055ec	20d70bd3	fsgnj.s	f23,f14,f13	 f14:0x5000040e f13:0x7fc00000 f23=0x5000040e
     263595.000 ns	     26358	800055f0	e00f0953	fmv.x.w	x18,f30	 f30:0x4f7ffffd x18=0x4f7ffffd
     263625.000 ns	     26361	800055f4	03bfb0b3	mulhu	x1,x31,x27	 x31:0x00000000 x27:0x00000000  x1=0x00000000
     263645.000 ns	     26363	800055f8	e15aa113	slti	x2,x21,-491	 x21:0xffffffff  x2=0x00000000
     264005.000 ns	     26399	800055fc	0301f333	remu	x6,x3,x16	  x3:0xfffffe88 x16:0xffffffee  x6=0xfffffe88
     264035.000 ns	     26402	80005600	e0001353	fclass.s	x6,f0	  f0:0xff800000  x6=0x00000001
     264055.000 ns	     26404	80005604	00f5d593	srli	x11,x11,0xf	 x11:0x00000000 x11=0x00000000
     264065.000 ns	     26405	80005608	005a0833	add	x16,x20,x5	 x20:0x08004102  x5:0x00000000 x16=0x08004102
     264075.000 ns	     26406	8000560c	00000013	addi	x0,x0,0	  x0:0x00000000
     264095.000 ns	     26408	80005610	20b188d3	fsgnj.s	f17,f3,f11	  f3:0xffc00000 f11:0x00000000 f17=0x7fc00000
     264115.000 ns	     26410	80005614	40eddf33	sra	x30,x27,x14	 x27:0x00000000 x14:0x00000000 x30=0x00000000
     264135.000 ns	     26412	80005618	02733833	mulhu	x16,x6,x7	  x6:0x00000001  x7:0x00000000 x16=0x00000000
     264165.000 ns	     26415	8000561c	21f28853	fsgnj.s	f16,f5,f31	  f5:0x80000000 f31:0xc0000000 f16=0x80000000
     264185.000 ns	     26417	80005620	ef38b193	sltiu	x3,x17,-269	 x17:0x00000000  x3=0x00000001
     264215.000 ns	     26420	80005624	580cf953	fsqrt.s	f18,f25	 f25:0xcf00040f f18=0x7fc00000
     264235.000 ns	     26422	80005628	41308cb3	sub	x25,x1,x19	  x1:0x00000000 x19:0x00000000 x25=0x00000000
     264255.000 ns	     26424	8000562c	c0104953	fcvt.wu.s	x18,f0	  f0:0xff800000 x18=0x00000000
     264275.000 ns	     26426	80005630	40d8db33	sra	x22,x17,x13	 x17:0x00000000 x13:0x00000004 x22=0x00000000
     264285.000 ns	     26427	80005634	bc6b3817	auipc	x16,0xbc6b3	 x16=0x3c6b8634
     264295.000 ns	     26428	80005638	0033b033	sltu	x0,x7,x3	  x7:0x00000000  x3:0x00000001
     264305.000 ns	     26429	8000563c	3bf43b93	sltiu	x23,x8,959	  x8:0x00000001 x23=0x00000001
     264315.000 ns	     26430	80005640	40b98433	sub	x8,x19,x11	 x19:0x00000000 x11:0x00000000  x8=0x00000000
     264335.000 ns	     26432	80005644	c00c2ed3	fcvt.w.s	x29,f24	 f24:0x7f800000 x29=0x7fffffff
     264355.000 ns	     26434	80005648	dc066693	ori	x13,x12,-576	 x12:0x80040fe4 x13=0xffffffe4
     264365.000 ns	     26435	8000564c	001393b3	sll	x7,x7,x1	  x7:0x00000000  x1:0x00000000  x7=0x00000000
     264385.000 ns	     26437	80005650	03a58a33	mul	x20,x11,x26	 x11:0x00000000 x26:0x00000001 x20=0x00000000
     264415.000 ns	     26440	80005654	29df8c53	fmin.s	f24,f31,f29	 f31:0xc0000000 f29:0x40e00000 f24=0xc0000000
     264445.000 ns	     26443	80005658	29191bd3	fmax.s	f23,f18,f17	 f18:0x7fc00000 f17:0x7fc00000 f23=0x7fc00000
     264475.000 ns	     26446	8000565c	031422b3	mulhsu	x5,x8,x17	  x8:0x00000000 x17:0x00000000  x5=0x00000000
     264495.000 ns	     26448	80005660	83eeb893	sltiu	x17,x29,-1986	 x29:0x7fffffff x17=0x00000001
     264505.000 ns	     26449	80005664	0389a593	slti	x11,x19,56	 x19:0x00000000 x11=0x00000001
     264525.000 ns	     26451	80005668	0365aa33	mulhsu	x20,x11,x22	 x11:0x00000000 x22:0x00000000 x20=0x00000000
     264555.000 ns	     26454	8000566c	02f020b3	mulhsu	x1,x0,x15	  x0:0x00000000 x15:0x000006c0  x1=0x00000000
     264585.000 ns	     26457	80005670	a0dc0553	fle.s	x10,f24,f13	 f24:0xc0000000 f13:0x7fc00000 x10=0x00000000
     264615.000 ns	     26460	80005674	28cd1ad3	fmax.s	f21,f26,f12	 f26:0xceff8000 f12:0x46b50a40 f21=0x46b50a40
     264645.000 ns	     26463	80005678	e00516d3	fclass.s	x13,f10	 f10:0xc0000000 x13=0x00000002
     264685.000 ns	     26467	8000567c	199b1753	fdiv.s	f14,f22,f25	 f22:0x7fc00000 f25:0xcf00040f f14=0x7fc00000
     264705.000 ns	     26469	80005680	6bc4dd17	auipc	x26,0x6bc4d	 x26=0xebc52680
     264725.000 ns	     26471	80005684	28871ed3	fmax.s	f29,f14,f8	 f14:0x7fc00000  f8:0xc07ffffe f29=0xc07ffffe
     264745.000 ns	     26473	80005688	b1753313	sltiu	x6,x10,-1257	 x10:0x00000000  x6=0x00000001
     264755.000 ns	     26474	8000568c	014d0fb3	add	x31,x26,x20	 x26:0xebc52680 x20:0x00000000 x31=0xebc52680
     264765.000 ns	     26475	80005690	33536493	ori	x9,x6,821	  x6:0x00000001  x9=0x00000335
     265125.000 ns	     26511	80005694	03d04bb3	div	x23,x0,x29	  x0:0x00000000 x29:0x7fffffff x23=0x00000000
     265145.000 ns	     26513	80005698	00e47133	and	x2,x8,x14	  x8:0x00000000 x14:0x00000000  x2=0x00000000
     265165.000 ns	     26515	8000569c	f0040ad3	fmv.w.x	f21,x8	  x8:0x00000000 f21=0x00000000
     265185.000 ns	     26517	800056a0	4f8d8e93	addi	x29,x27,1272	 x27:0x00000000 x29=0x000004f8
     265195.000 ns	     26518	800056a4	e396ff13	andi	x30,x13,-455	 x13:0x00000002 x30=0x00000000
     265215.000 ns	     26520	800056a8	212da253	fsgnjx.s	f4,f27,f18	 f27:0x00000000 f18:0x7fc00000  f4=0x00000000
     265235.000 ns	     26522	800056ac	00000013	addi	x0,x0,0	  x0:0x00000000
     265255.000 ns	     26524	800056b0	0231b9b3	mulhu	x19,x3,x3	  x3:0x00000001  x3:0x00000001 x19=0x00000000
     265285.000 ns	     26527	800056b4	c00078d3	fcvt.w.s	x17,f0	  f0:0xff800000 x17=0x80000000
     265305.000 ns	     26529	800056b8	01c0afb3	slt	x31,x1,x28	  x1:0x00000000 x28:0x00000007 x31=0x00000001
     265325.000 ns	     26531	800056bc	a1d481d3	fle.s	x3,f9,f29	  f9:0xc4f2e000 f29:0xc07ffffe  x3=0x00000001
     265345.000 ns	     26533	800056c0	012d94b3	sll	x9,x27,x18	 x27:0x00000000 x18:0x00000000  x9=0x00000000
     265375.000 ns	     26536	800056c4	1177f753	fmul.s	f14,f15,f23	 f15:0x7fc00000 f23:0x7fc00000 f14=0x7fc00000
     265745.000 ns	     26573	800056c8	03d9f033	remu	x0,x19,x29	 x19:0x00000000 x29:0x000004f8
     265765.000 ns	     26575	800056cc	01a4c533	xor	x10,x9,x26	  x9:0x00000000 x26:0xebc52680 x10=0xebc52680
     265775.000 ns	     26576	800056d0	004b1313	slli	x6,x22,0x4	 x22:0x00000000  x6=0x00000000
     265795.000 ns	     26578	800056d4	03af9133	mulh	x2,x31,x26	 x31:0x00000001 x26:0xebc52680  x2=0xffffffff
     265815.000 ns	     26580	800056d8	01646d33	or	x26,x8,x22	  x8:0x00000000 x22:0x00000000 x26=0x00000000
     265825.000 ns	     26581	800056dc	416c0f33	sub	x30,x24,x22	 x24:0x00000001 x22:0x00000000 x30=0x00000001
     265845.000 ns	     26583	800056e0	0347c0b3	div	x1,x15,x20	 x15:0x000006c0 x20:0x00000000  x1=0xffffffff
     265875.000 ns	     26586	800056e4	a061a4d3	feq.s	x9,f3,f6	  f3:0xffc00000  f6:0x7fc00000  x9=0x00000000
     265905.000 ns	     26589	800056e8	037b9cb3	mulh	x25,x23,x23	 x23:0x00000000 x23:0x00000000 x25=0x00000000
     265935.000 ns	     26592	800056ec	285982d3	fmin.s	f5,f19,f5	 f19:0xceff8000  f5:0x80000000  f5=0xceff8000
     265955.000 ns	     26594	800056f0	01596133	or	x2,x18,x21	 x18:0x00000000 x21:0xffffffff  x2=0xffffffff
     265995.000 ns	     26598	800056f4	00927953	fadd.s	f18,f4,f9	  f4:0x00000000  f9:0xc4f2e000 f18=0xc4f2e000
     266015.000 ns	     26600	800056f8	26287193	andi	x3,x16,610	 x16:0x3c6b8634  x3=0x00000220
     266035.000 ns	     26602	800056fc	29980253	fmin.s	f4,f16,f25	 f16:0x80000000 f25:0xcf00040f  f4=0xcf00040f
     266065.000 ns	     26605	80005700	28a60e53	fmin.s	f28,f12,f10	 f12:0x46b50a40 f10:0xc0000000 f28=0xc0000000
     266085.000 ns	     26607	80005704	00000013	addi	x0,x0,0	  x0:0x00000000
     266105.000 ns	     26609	80005708	d0127cd3	fcvt.s.wu	f25,x4	  x4:0x80041024 f25=0x4f000410
     266125.000 ns	     26611	8000570c	019d9693	slli	x13,x27,0x19	 x27:0x00000000 x13=0x00000000
     266155.000 ns	     26614	80005710	1864f8d3	fdiv.s	f17,f9,f6	  f9:0xc4f2e000  f6:0x7fc00000 f17=0x7fc00000
     266185.000 ns	     26617	80005714	285601d3	fmin.s	f3,f12,f5	 f12:0x46b50a40  f5:0xceff8000  f3=0xceff8000
     266215.000 ns	     26620	80005718	a0ab2c53	feq.s	x24,f22,f10	 f22:0x7fc00000 f10:0xc0000000 x24=0x00000000
     266585.000 ns	     26657	8000571c	02155a33	divu	x20,x10,x1	 x10:0xebc52680  x1:0xffffffff x20=0x00000000
     266605.000 ns	     26659	80005720	41470a33	sub	x20,x14,x20	 x14:0x00000000 x20:0x00000000 x20=0x00000000
     266635.000 ns	     26662	80005724	580e7253	fsqrt.s	f4,f28	 f28:0xc0000000  f4=0x7fc00000
     266655.000 ns	     26664	80005728	01134133	xor	x2,x6,x17	  x6:0x00000000 x17:0x80000000  x2=0x80000000
     266665.000 ns	     26665	8000572c	00c5e133	or	x2,x11,x12	 x11:0x00000001 x12:0x80040fe4  x2=0x80040fe5
     266685.000 ns	     26667	80005730	21232353	fsgnjx.s	f6,f6,f18	  f6:0x7fc00000 f18:0xc4f2e000  f6=0xffc00000
     266725.000 ns	     26671	80005734	11de7853	fmul.s	f16,f28,f29	 f28:0xc0000000 f29:0xc07ffffe f16=0x40fffffe
     266755.000 ns	     26674	80005738	a19e9ed3	flt.s	x29,f29,f25	 f29:0xc07ffffe f25:0x4f000410 x29=0x00000001
     266785.000 ns	     26677	8000573c	02bca1b3	mulhsu	x3,x25,x11	 x25:0x00000000 x11:0x00000001  x3=0x00000000
     266805.000 ns	     26679	80005740	e089b113	sltiu	x2,x19,-504	 x19:0x00000000  x2=0x00000001
     266825.000 ns	     26681	80005744	03159eb3	mulh	x29,x11,x17	 x11:0x00000001 x17:0x80000000 x29=0xffffffff
     266855.000 ns	     26684	80005748	a130a153	feq.s	x2,f1,f19	  f1:0x4e800000 f19:0xceff8000  x2=0x00000000
     266885.000 ns	     26687	8000574c	0301ac33	mulhsu	x24,x3,x16	  x3:0x00000000 x16:0x3c6b8634 x24=0x00000000
     266915.000 ns	     26690	80005750	a11a8a53	fle.s	x20,f21,f17	 f21:0x00000000 f17:0x7fc00000 x20=0x00000000
     266945.000 ns	     26693	80005754	03d1b533	mulhu	x10,x3,x29	  x3:0x00000000 x29:0xffffffff x10=0x00000000
     266965.000 ns	     26695	80005758	b53dbc93	sltiu	x25,x27,-1197	 x27:0x00000000 x25=0x00000001
     266975.000 ns	     26696	8000575c	002172b3	and	x5,x2,x2	  x2:0x00000000  x2:0x00000000  x5=0x00000000
     266985.000 ns	     26697	80005760	f348ff13	andi	x30,x17,-204	 x17:0x80000000 x30=0x80000000
     266995.000 ns	     26698	80005764	00000013	addi	x0,x0,0	  x0:0x00000000
     267015.000 ns	     26700	80005768	e00288d3	fmv.x.w	x17,f5	  f5:0xceff8000 x17=0xceff8000
     267045.000 ns	     26703	8000576c	036dc833	div	x16,x27,x22	 x27:0x00000000 x22:0x00000000 x16=0xffffffff
     267065.000 ns	     26705	80005770	0144e333	or	x6,x9,x20	  x9:0x00000000 x20:0x00000000  x6=0x00000000
     267075.000 ns	     26706	80005774	f94d6893	ori	x17,x26,-108	 x26:0x00000000 x17=0xffffff94
     267095.000 ns	     26708	80005778	a1cc0053	fle.s	x0,f24,f28	 f24:0xc0000000 f28:0xc0000000
     267125.000 ns	     26711	8000577c	0209c833	div	x16,x19,x0	 x19:0x00000000  x0:0x00000000 x16=0xffffffff
     267155.000 ns	     26714	80005780	02da4cb3	div	x25,x20,x13	 x20:0x00000000 x13:0x00000000 x25=0xffffffff
     267205.000 ns	     26719	80005784	08c6fd53	fsub.s	f26,f13,f12	 f13:0x7fc00000 f12:0x46b50a40 f26=0x7fc00000
     267235.000 ns	     26722	80005788	0251ccb3	div	x25,x3,x5	  x3:0x00000000  x5:0x00000000 x25=0xffffffff
     267255.000 ns	     26724	8000578c	416c0a33	sub	x20,x24,x22	 x24:0x00000000 x22:0x00000000 x20=0x00000000
     267275.000 ns	     26726	80005790	d01f7a53	fcvt.s.wu	f20,x30	 x30:0x80000000 f20=0x4f000000
     267305.000 ns	     26729	80005794	03bd2fb3	mulhsu	x31,x26,x27	 x26:0x00000000 x27:0x00000000 x31=0x00000000
     267325.000 ns	     26731	80005798	41d95893	srai	x17,x18,0x1d	 x18:0x00000000 x17=0x00000000
     267345.000 ns	     26733	8000579c	03a2a1b3	mulhsu	x3,x5,x26	  x5:0x00000000 x26:0x00000000  x3=0x00000000
     267365.000 ns	     26735	800057a0	01019593	slli	x11,x3,0x10	  x3:0x00000000 x11=0x00000000
     267385.000 ns	     26737	800057a4	03715833	divu	x16,x2,x23	  x2:0x00000000 x23:0x00000000 x16=0xffffffff
     267415.000 ns	     26740	800057a8	d012fcd3	fcvt.s.wu	f25,x5	  x5:0x00000000 f25=0x00000000
     267445.000 ns	     26743	800057ac	218b8653	fsgnj.s	f12,f23,f24	 f23:0x7fc00000 f24:0xc0000000 f12=0xffc00000
     267465.000 ns	     26745	800057b0	00000013	addi	x0,x0,0	  x0:0x00000000
     267475.000 ns	     26746	800057b4	003d50b3	srl	x1,x26,x3	 x26:0x00000000  x3:0x00000000  x1=0x00000000
     267485.000 ns	     26747	800057b8	00000013	addi	x0,x0,0	  x0:0x00000000
     267495.000 ns	     26748	800057bc	017cbbb3	sltu	x23,x25,x23	 x25:0xffffffff x23:0x00000000 x23=0x00000000
     267515.000 ns	     26750	800057c0	a1aa2f53	feq.s	x30,f20,f26	 f20:0x4f000000 f26:0x7fc00000 x30=0x00000000
     267535.000 ns	     26752	800057c4	40c58c33	sub	x24,x11,x12	 x11:0x00000000 x12:0x80040fe4 x24=0x7ffbf01c
     267555.000 ns	     26754	800057c8	d011c7d3	fcvt.s.wu	f15,x3	  x3:0x00000000 f15=0x00000000
     267585.000 ns	     26757	800057cc	e0009d53	fclass.s	x26,f1	  f1:0x4e800000 x26=0x00000040
     267615.000 ns	     26760	800057d0	031a1ab3	mulh	x21,x20,x17	 x20:0x00000000 x17:0x00000000 x21=0x00000000
     267635.000 ns	     26762	800057d4	401c0133	sub	x2,x24,x1	 x24:0x7ffbf01c  x1:0x00000000  x2=0x7ffbf01c
     267645.000 ns	     26763	800057d8	014c1313	slli	x6,x24,0x14	 x24:0x7ffbf01c  x6=0x01c00000
     267655.000 ns	     26764	800057dc	4032d6b3	sra	x13,x5,x3	  x5:0x00000000  x3:0x00000000 x13=0x00000000
     267675.000 ns	     26766	800057e0	d0064753	fcvt.s.w	f14,x12	 x12:0x80040fe4 f14=0xcefff7e0
     267695.000 ns	     26768	800057e4	01cb9f13	slli	x30,x23,0x1c	 x23:0x00000000 x30=0x00000000
     267705.000 ns	     26769	800057e8	22b48c93	addi	x25,x9,555	  x9:0x00000000 x25=0x0000022b
     267715.000 ns	     26770	800057ec	0027c733	xor	x14,x15,x2	 x15:0x000006c0  x2:0x7ffbf01c x14=0x7ffbf6dc
     267725.000 ns	     26771	800057f0	00000013	addi	x0,x0,0	  x0:0x00000000
     267745.000 ns	     26773	800057f4	03e2d133	divu	x2,x5,x30	  x5:0x00000000 x30:0x00000000  x2=0xffffffff
     267775.000 ns	     26776	800057f8	d01a0853	fcvt.s.wu	f16,x20	 x20:0x00000000 f16=0x00000000
     267805.000 ns	     26779	800057fc	a00e1953	flt.s	x18,f28,f0	 f28:0xc0000000  f0:0xff800000 x18=0x00000000
     267835.000 ns	     26782	80005800	02380833	mul	x16,x16,x3	 x16:0xffffffff  x3:0x00000000 x16=0x00000000
     267865.000 ns	     26785	80005804	02089533	mulh	x10,x17,x0	 x17:0x00000000  x0:0x00000000 x10=0x00000000
     268235.000 ns	     26822	80005808	02f9c833	div	x16,x19,x15	 x19:0x00000000 x15:0x000006c0 x16=0x00000000
     268255.000 ns	     26824	8000580c	5564d9b7	lui	x19,0x5564d	 x19=0x5564d000
     268265.000 ns	     26825	80005810	01466ab3	or	x21,x12,x20	 x12:0x80040fe4 x20:0x00000000 x21=0x80040fe4
     268275.000 ns	     26826	80005814	00013eb3	sltu	x29,x2,x0	  x2:0xffffffff  x0:0x00000000 x29=0x00000000
     268315.000 ns	     26830	80005818	08049cd3	fsub.s	f25,f9,f0	  f9:0xc4f2e000  f0:0xff800000 f25=0x7f800000
     268345.000 ns	     26833	8000581c	02580733	mul	x14,x16,x5	 x16:0x00000000  x5:0x00000000 x14=0x00000000
     268375.000 ns	     26836	80005820	028bcb33	div	x22,x23,x8	 x23:0x00000000  x8:0x00000000 x22=0xffffffff
     268415.000 ns	     26840	80005824	58049b53	fsqrt.s	f22,f9	  f9:0xc4f2e000 f22=0x7fc00000
     268435.000 ns	     26842	80005828	01336433	or	x8,x6,x19	  x6:0x01c00000 x19:0x5564d000  x8=0x55e4d000
     268445.000 ns	     26843	8000582c	b91a4493	xori	x9,x20,-1135	 x20:0x00000000  x9=0xfffffb91
     268455.000 ns	     26844	80005830	003dde93	srli	x29,x27,0x3	 x27:0x00000000 x29=0x00000000
     268475.000 ns	     26846	80005834	0228a4b3	mulhsu	x9,x17,x2	 x17:0x00000000  x2:0xffffffff  x9=0x00000000
     268515.000 ns	     26850	80005838	11e5f453	fmul.s	f8,f11,f30	 f11:0x00000000 f30:0x4f7ffffd  f8=0x00000000
     268545.000 ns	     26853	8000583c	03522333	mulhsu	x6,x4,x21	  x4:0x80041024 x21:0x80040fe4  x6=0xc0000030
     268565.000 ns	     26855	80005840	0012bfb3	sltu	x31,x5,x1	  x5:0x00000000  x1:0x00000000 x31=0x00000000
     268595.000 ns	     26858	80005844	108477d3	fmul.s	f15,f8,f8	  f8:0x00000000  f8:0x00000000 f15=0x00000000
     268625.000 ns	     26861	80005848	03ffb2b3	mulhu	x5,x31,x31	 x31:0x00000000 x31:0x00000000  x5=0x00000000
     268645.000 ns	     26863	8000584c	01771f33	sll	x30,x14,x23	 x14:0x00000000 x23:0x00000000 x30=0x00000000
     268665.000 ns	     26865	80005850	e00e0153	fmv.x.w	x2,f28	 f28:0xc0000000  x2=0xc0000000
     268685.000 ns	     26867	80005854	41f77993	andi	x19,x14,1055	 x14:0x00000000 x19=0x00000000
     268725.000 ns	     26871	80005858	09d87953	fsub.s	f18,f16,f29	 f16:0x00000000 f29:0xc07ffffe f18=0x407ffffe
     268745.000 ns	     26873	8000585c	004d1793	slli	x15,x26,0x4	 x26:0x00000040 x15=0x00000400
     268765.000 ns	     26875	80005860	03bfdab3	divu	x21,x31,x27	 x31:0x00000000 x27:0x00000000 x21=0xffffffff
     268815.000 ns	     26880	80005864	01ba2bd3	fadd.s	f23,f20,f27	 f20:0x4f000000 f27:0x00000000 f23=0x4f000000
     268835.000 ns	     26882	80005868	51394493	xori	x9,x18,1299	 x18:0x00000000  x9=0x00000513
     268855.000 ns	     26884	8000586c	c01501d3	fcvt.wu.s	x3,f10	 f10:0xc0000000  x3=0x00000002
     268885.000 ns	     26887	80005870	02492bb3	mulhsu	x23,x18,x4	 x18:0x00000000  x4:0x80041024 x23=0x00000000
     268935.000 ns	     26892	80005874	09387f53	fsub.s	f30,f16,f19	 f16:0x00000000 f19:0xceff8000 f30=0x4eff8000
     269305.000 ns	     26929	80005878	02916333	rem	x6,x2,x9	  x2:0xc0000000  x9:0x00000513  x6=0xffffff8d
     269325.000 ns	     26931	8000587c	01720533	add	x10,x4,x23	  x4:0x80041024 x23:0x00000000 x10=0x80041024
     269355.000 ns	     26934	80005880	5807be53	fsqrt.s	f28,f15	 f15:0x00000000 f28=0x00000000
     269375.000 ns	     26936	80005884	00a05933	srl	x18,x0,x10	  x0:0x00000000 x10:0x00000000 x18=0x00000000
     269395.000 ns	     26938	80005888	d00d4d53	fcvt.s.w	f26,x26	 x26:0x00000040 f26=0x42800000
     269415.000 ns	     26940	8000588c	4134d5b3	sra	x11,x9,x19	  x9:0x00000513 x19:0x00000000 x11=0x00000513
     269425.000 ns	     26941	80005890	00705013	srli	x0,x0,0x7	  x0:0x00000000
     269445.000 ns	     26943	80005894	031e2cb3	mulhsu	x25,x28,x17	 x28:0x00000007 x17:0x00000000 x25=0x00000000
     269465.000 ns	     26945	80005898	00000013	addi	x0,x0,0	  x0:0x00000000
     269485.000 ns	     26947	8000589c	0284af33	mulhsu	x30,x9,x8	  x9:0x00000513  x8:0x55e4d000 x30=0x000001b3
     269505.000 ns	     26949	800058a0	8d7db013	sltiu	x0,x27,-1833	 x27:0x00000000
     269515.000 ns	     26950	800058a4	515c6c93	ori	x25,x24,1301	 x24:0x7ffbf01c x25=0x7ffbf51d
     269545.000 ns	     26953	800058a8	580220d3	fsqrt.s	f1,f4	  f4:0x7fc00000  f1=0x7fc00000
     269565.000 ns	     26955	800058ac	40335713	srai	x14,x6,0x3	  x6:0xffffff8d x14=0xfffffff1
     269575.000 ns	     26956	800058b0	1f3be013	ori	x0,x23,499	 x23:0x00000000
     269585.000 ns	     26957	800058b4	00da1b13	slli	x22,x20,0xd	 x20:0x00000000 x22=0x00000000
     269595.000 ns	     26958	800058b8	01090733	add	x14,x18,x16	 x18:0x00000000 x16:0x00000000 x14=0x00000000
     269615.000 ns	     26960	800058bc	a19a1d53	flt.s	x26,f20,f25	 f20:0x4f000000 f25:0x7f800000 x26=0x00000001
     269645.000 ns	     26963	800058c0	210920d3	fsgnjx.s	f1,f18,f16	 f18:0x407ffffe f16:0x00000000  f1=0x407ffffe
     269665.000 ns	     26965	800058c4	00348ab3	add	x21,x9,x3	  x9:0x00000513  x3:0x00000002 x21=0x00000515
     269685.000 ns	     26967	800058c8	288d83d3	fmin.s	f7,f27,f8	 f27:0x00000000  f8:0x00000000  f7=0x00000000
     269715.000 ns	     26970	800058cc	c0123353	fcvt.wu.s	x6,f4	  f4:0x7fc00000  x6=0xffffffff
     269745.000 ns	     26973	800058d0	03d31ab3	mulh	x21,x6,x29	  x6:0xffffff8d x29:0x00000000 x21=0x00000000
     269775.000 ns	     26976	800058d4	025b8ab3	mul	x21,x23,x5	 x23:0x00000000  x5:0x00000000 x21=0x00000000
     269815.000 ns	     26980	800058d8	11477553	fmul.s	f10,f14,f20	 f14:0xcefff7e0 f20:0x4f000000 f10=0xde7ff7e0
     269845.000 ns	     26983	800058dc	030232b3	mulhu	x5,x4,x16	  x4:0x80041024 x16:0x00000000  x5=0x00000000
     269875.000 ns	     26986	800058e0	e0048953	fmv.x.w	x18,f9	  f9:0xc4f2e000 x18=0xc4f2e000
     269895.000 ns	     26988	800058e4	004cf9b3	and	x19,x25,x4	 x25:0x7ffbf51d  x4:0x80041024 x19=0x00001004
     269905.000 ns	     26989	800058e8	001369b3	or	x19,x6,x1	  x6:0xffffffff  x1:0x00000000 x19=0xffffffff
     269935.000 ns	     26992	800058ec	1901aad3	fdiv.s	f21,f3,f16	  f3:0xceff8000 f16:0x00000000 f21=0xff800000
     269955.000 ns	     26994	800058f0	0112fc33	and	x24,x5,x17	  x5:0x00000000 x17:0x00000000 x24=0x00000000
     269975.000 ns	     26996	800058f4	214baed3	fsgnjx.s	f29,f23,f20	 f23:0x4f000000 f20:0x4f000000 f29=0x4f000000
     270005.000 ns	     26999	800058f8	e0011d53	fclass.s	x26,f2	  f2:0x80000000 x26=0x00000008
     270035.000 ns	     27002	800058fc	d016b253	fcvt.s.wu	f4,x13	 x13:0x00000000  f4=0x00000000
     270375.000 ns	     27036	80005900	185d1d53	fdiv.s	f26,f26,f5	 f26:0x42800000  f5:0xceff8000 f26=0xb3000000
     270395.000 ns	     27038	80005904	00031a13	slli	x20,x6,0x0	  x6:0xffffffff x20=0xffffffff
     270405.000 ns	     27039	80005908	33d3ae93	slti	x29,x7,829	  x7:0x00000000 x29=0x00000001
     270415.000 ns	     27040	8000590c	753bc913	xori	x18,x23,1875	 x23:0x00000000 x18=0x00000753
     270425.000 ns	     27041	80005910	e985f993	andi	x19,x11,-360	 x11:0x00000513 x19=0x00000410
     270435.000 ns	     27042	80005914	40578f33	sub	x30,x15,x5	 x15:0x00000400  x5:0x00000000 x30=0x00000400
     270465.000 ns	     27045	80005918	580872d3	fsqrt.s	f5,f16	 f16:0x00000000  f5=0x00000000
     270485.000 ns	     27047	8000591c	00d7cd33	xor	x26,x15,x13	 x15:0x00000400 x13:0x00000000 x26=0x00000400
     270495.000 ns	     27048	80005920	015cd533	srl	x10,x25,x21	 x25:0x7ffbf51d x21:0x00000000 x10=0x7ffbf51d
     270515.000 ns	     27050	80005924	291a9a53	fmax.s	f20,f21,f17	 f21:0xff800000 f17:0x7fc00000 f20=0xff800000
     270535.000 ns	     27052	80005928	8a5b6913	ori	x18,x22,-1883	 x22:0x00000000 x18=0xfffff8a5
     270545.000 ns	     27053	8000592c	92247993	andi	x19,x8,-1758	  x8:0x55e4d000 x19=0x55e4d000
     270565.000 ns	     27055	80005930	038c17b3	mulh	x15,x24,x24	 x24:0x00000000 x24:0x00000000 x15=0x00000000
     270585.000 ns	     27057	80005934	abf12793	slti	x15,x2,-1345	  x2:0xc0000000 x15=0x00000001
     270595.000 ns	     27058	80005938	00df85b3	add	x11,x31,x13	 x31:0x00000000 x13:0x00000000 x11=0x00000000
     270615.000 ns	     27060	8000593c	f0080253	fmv.w.x	f4,x16	 x16:0x00000000  f4=0x00000000
     270635.000 ns	     27062	80005940	1f5b4817	auipc	x16,0x1f5b4	 x16=0x9f5b9940
     270645.000 ns	     27063	80005944	1c68f997	auipc	x19,0x1c68f	 x19=0x9c694944
     271005.000 ns	     27099	80005948	0298d133	divu	x2,x17,x9	 x17:0x00000000  x9:0x00000513  x2=0x00000000
     271025.000 ns	     27101	8000594c	01ec7fb3	and	x31,x24,x30	 x24:0x00000000 x30:0x00000400 x31=0x00000000
     271035.000 ns	     27102	80005950	00ab9e93	slli	x29,x23,0xa	 x23:0x00000000 x29=0x00000000
     271055.000 ns	     27104	80005954	d00f40d3	fcvt.s.w	f1,x30	 x30:0x00000400  f1=0x44800000
     271095.000 ns	     27108	80005958	18fdbe53	fdiv.s	f28,f27,f15	 f27:0x00000000 f15:0x00000000 f28=0x7fc00000
     271125.000 ns	     27111	8000595c	c019f9d3	fcvt.wu.s	x19,f19	 f19:0xceff8000 x19=0x7fc00000
     271155.000 ns	     27114	80005960	02e3ccb3	div	x25,x7,x14	  x7:0x00000000 x14:0x00000000 x25=0xffffffff
     271175.000 ns	     27116	80005964	01dca333	slt	x6,x25,x29	 x25:0x7ffbf51d x29:0x00000000  x6=0x00000001
     271185.000 ns	     27117	80005968	008e95b3	sll	x11,x29,x8	 x29:0x00000000  x8:0x55e4d000 x11=0x00000000
     271225.000 ns	     27121	8000596c	09a8c553	fsub.s	f10,f17,f26	 f17:0x7fc00000 f26:0xb3000000 f10=0x7fc00000
     271595.000 ns	     27158	80005970	0323d6b3	divu	x13,x7,x18	  x7:0x00000000 x18:0xfffff8a5 x13=0x00000000
     271615.000 ns	     27160	80005974	62d1c937	lui	x18,0x62d1c	 x18=0x62d1c000
     271625.000 ns	     27161	80005978	019307b3	add	x15,x6,x25	  x6:0x00000001 x25:0xffffffff x15=0x00000000
     271645.000 ns	     27163	8000597c	03440933	mul	x18,x8,x20	  x8:0x55e4d000 x20:0xffffffff x18=0xaa1b3000
     271675.000 ns	     27166	80005980	0364bab3	mulhu	x21,x9,x22	  x9:0x00000513 x22:0x00000000 x21=0x00000000
     271705.000 ns	     27169	80005984	a04e93d3	flt.s	x7,f29,f4	 f29:0x4f000000  f4:0x00000000  x7=0x00000000
     271735.000 ns	     27172	80005988	038fbab3	mulhu	x21,x31,x24	 x31:0x00000000 x24:0x00000000 x21=0x00000000
     271765.000 ns	     27175	8000598c	a1b70953	fle.s	x18,f14,f27	 f14:0xcefff7e0 f27:0x00000000 x18=0x00000001
     271785.000 ns	     27177	80005990	1998b013	sltiu	x0,x17,409	 x17:0x00000000
     271795.000 ns	     27178	80005994	0054adb3	slt	x27,x9,x5	  x9:0x00000513  x5:0x00000000 x27=0x00000000
     271805.000 ns	     27179	80005998	005a9893	slli	x17,x21,0x5	 x21:0x00000000 x17=0x00000000
     271815.000 ns	     27180	8000599c	00a4d3b3	srl	x7,x9,x10	  x9:0x00000513 x10:0x7ffbf51d  x7=0x00000000
     271835.000 ns	     27182	800059a0	2032a7d3	fsgnjx.s	f15,f5,f3	  f5:0x00000000  f3:0xceff8000 f15=0x80000000
     271865.000 ns	     27185	800059a4	03d726b3	mulhsu	x13,x14,x29	 x14:0x00000000 x29:0x00000000 x13=0x00000000
     271885.000 ns	     27187	800059a8	a4aaf913	andi	x18,x21,-1462	 x21:0x00000000 x18=0x00000000
     271905.000 ns	     27189	800059ac	d01ef3d3	fcvt.s.wu	f7,x29	 x29:0x00000000  f7=0x00000000
     271935.000 ns	     27192	800059b0	a0f1af53	feq.s	x30,f3,f15	  f3:0xceff8000 f15:0x80000000 x30=0x00000000
     271955.000 ns	     27194	800059b4	0d2ded93	ori	x27,x27,210	 x27:0x00000000 x27=0x000000d2
     271995.000 ns	     27198	800059b8	0148f553	fadd.s	f10,f17,f20	 f17:0x7fc00000 f20:0xff800000 f10=0x7fc00000
     272015.000 ns	     27200	800059bc	d6fda093	slti	x1,x27,-657	 x27:0x00000000  x1=0x00000000
     272035.000 ns	     27202	800059c0	a18b8dd3	fle.s	x27,f23,f24	 f23:0x4f000000 f24:0xc0000000 x27=0x00000000
     272065.000 ns	     27205	800059c4	21c715d3	fsgnjn.s	f11,f14,f28	 f14:0xcefff7e0 f28:0x7fc00000 f11=0xcefff7e0
     272085.000 ns	     27207	800059c8	40bd5433	sra	x8,x26,x11	 x26:0x00000400 x11:0x00000000  x8=0x00000400
     272095.000 ns	     27208	800059cc	012570b3	and	x1,x10,x18	 x10:0x7ffbf51d x18:0x00000000  x1=0x00000000
     272105.000 ns	     27209	800059d0	00c8cbb3	xor	x23,x17,x12	 x17:0x00000000 x12:0x80040fe4 x23=0x80040fe4
     272115.000 ns	     27210	800059d4	01228bb3	add	x23,x5,x18	  x5:0x00000000 x18:0x00000000 x23=0x00000000
     272145.000 ns	     27213	800059d8	18f22053	fdiv.s	f0,f4,f15	  f4:0x00000000 f15:0x80000000  f0=0x7fc00000
     272165.000 ns	     27215	800059dc	b23b2a97	auipc	x21,0xb23b2	 x21=0x323b79dc
     272205.000 ns	     27219	800059e0	019c7ad3	fadd.s	f21,f24,f25	 f24:0xc0000000 f25:0x7f800000 f21=0x7f800000
     272225.000 ns	     27221	800059e4	7a3ee813	ori	x16,x29,1955	 x29:0x00000000 x16=0x000007a3
     272265.000 ns	     27225	800059e8	009f71d3	fadd.s	f3,f30,f9	 f30:0x4eff8000  f9:0xc4f2e000  f3=0x4eff7ff0
     272285.000 ns	     27227	800059ec	0175f2b3	and	x5,x11,x23	 x11:0x00000000 x23:0x00000000  x5=0x00000000
     272295.000 ns	     27228	800059f0	41d7d913	srai	x18,x15,0x1d	 x15:0x00000000 x18=0x00000000
     272315.000 ns	     27230	800059f4	218d0053	fsgnj.s	f0,f26,f24	 f26:0xb3000000 f24:0xc0000000  f0=0xb3000000
     272345.000 ns	     27233	800059f8	28610fd3	fmin.s	f31,f2,f6	  f2:0x80000000  f6:0xffc00000 f31=0x80000000
     272375.000 ns	     27236	800059fc	e00490d3	fclass.s	x1,f9	  f9:0xc4f2e000  x1=0x00000002
     272395.000 ns	     27238	80005a00	dd2e83b7	lui	x7,0xdd2e8	  x7=0xdd2e8000
     272415.000 ns	     27240	80005a04	03df39b3	mulhu	x19,x30,x29	 x30:0x00000000 x29:0x00000000 x19=0x00000000
     272465.000 ns	     27245	80005a08	01907dd3	fadd.s	f27,f0,f25	  f0:0xb3000000 f25:0x7f800000 f27=0x7f800000
     272495.000 ns	     27248	80005a0c	024d85b3	mul	x11,x27,x4	 x27:0x00000000  x4:0x80041024 x11=0x00000000
     273675.000 ns	     27366	80005a10	5801f653	fsqrt.s	f12,f3	  f3:0x4eff7ff0 f12=0x4734d763
     273705.000 ns	     27369	80005a14	e00104d3	fmv.x.w	x9,f2	  f2:0x80000000  x9=0x80000000
     273725.000 ns	     27371	80005a18	41128333	sub	x6,x5,x17	  x5:0x00000000 x17:0x00000000  x6=0x00000000
     273745.000 ns	     27373	80005a1c	21110153	fsgnj.s	f2,f2,f17	  f2:0x80000000 f17:0x7fc00000  f2=0x00000000
     273775.000 ns	     27376	80005a20	20692c53	fsgnjx.s	f24,f18,f6	 f18:0x407ffffe  f6:0xffc00000 f24=0xc07ffffe
     273795.000 ns	     27378	80005a24	7c844293	xori	x5,x8,1992	  x8:0x00000400  x5=0x000003c8
     273815.000 ns	     27380	80005a28	d01cfd53	fcvt.s.wu	f26,x25	 x25:0xffffffff f26=0x4f7fffff
     273845.000 ns	     27383	80005a2c	a05922d3	feq.s	x5,f18,f5	 f18:0x407ffffe  f5:0x00000000  x5=0x00000000
     274215.000 ns	     27420	80005a30	0217cab3	div	x21,x15,x1	 x15:0x00000000  x1:0x00000002 x21=0x00000000
     274245.000 ns	     27423	80005a34	e00694d3	fclass.s	x9,f13	 f13:0x7fc00000  x9=0x00000200
     274265.000 ns	     27425	80005a38	477f5817	auipc	x16,0x477f5	 x16=0xc77faa38
     274285.000 ns	     27427	80005a3c	e0090d53	fmv.x.w	x26,f18	 f18:0x407ffffe x26=0x407ffffe
     274315.000 ns	     27430	80005a40	02a50833	mul	x16,x10,x10	 x10:0x7ffbf51d x10:0x7ffbf51d x16=0x578e8549
     274335.000 ns	     27432	80005a44	c783c293	xori	x5,x7,-904	  x7:0xdd2e8000  x5=0x22d17c78
     274355.000 ns	     27434	80005a48	29eb90d3	fmax.s	f1,f23,f30	 f23:0x4f000000 f30:0x4eff8000  f1=0x4f000000
     274385.000 ns	     27437	80005a4c	20fa87d3	fsgnj.s	f15,f21,f15	 f21:0x7f800000 f15:0x80000000 f15=0xff800000
     274405.000 ns	     27439	80005a50	00000013	addi	x0,x0,0	  x0:0x00000000
     274765.000 ns	     27475	80005a54	0286fa33	remu	x20,x13,x8	 x13:0x00000000  x8:0x00000400 x20=0x00000000
     274795.000 ns	     27478	80005a58	c01cfd53	fcvt.wu.s	x26,f25	 f25:0x7f800000 x26=0xffffffff
     274825.000 ns	     27481	80005a5c	29cc1e53	fmax.s	f28,f24,f28	 f24:0xc07ffffe f28:0x7fc00000 f28=0xc07ffffe
     274855.000 ns	     27484	80005a60	a0422f53	feq.s	x30,f4,f4	  f4:0x00000000  f4:0x00000000 x30=0x00000001
     274885.000 ns	     27487	80005a64	c00e71d3	fcvt.w.s	x3,f28	 f28:0xc07ffffe  x3=0x00000003
     274925.000 ns	     27491	80005a68	106ba5d3	fmul.s	f11,f23,f6	 f23:0x4f000000  f6:0xffc00000 f11=0x7fc00000
     274945.000 ns	     27493	80005a6c	81bdbf93	sltiu	x31,x27,-2021	 x27:0x00000000 x31=0x00000001
     276115.000 ns	     27610	80005a70	580f2f53	fsqrt.s	f30,f30	 f30:0x4eff8000 f30=0x4734d769
     276135.000 ns	     27612	80005a74	01854db3	xor	x27,x10,x24	 x10:0x7ffbf51d x24:0x00000000 x27=0x7ffbf51d
     276145.000 ns	     27613	80005a78	016378b3	and	x17,x6,x22	  x6:0x00000000 x22:0x00000000 x17=0x00000000
     276165.000 ns	     27615	80005a7c	e0061ed3	fclass.s	x29,f12	 f12:0x4734d763 x29=0x00000040
     276185.000 ns	     27617	80005a80	015cf733	and	x14,x25,x21	 x25:0xffffffff x21:0x00000000 x14=0x00000000
     276205.000 ns	     27619	80005a84	29f690d3	fmax.s	f1,f13,f31	 f13:0x7fc00000 f31:0x80000000  f1=0x80000000
     276255.000 ns	     27624	80005a88	0195ffd3	fadd.s	f31,f11,f25	 f11:0x7fc00000 f25:0x7f800000 f31=0x7fc00000
     276285.000 ns	     27627	80005a8c	0210aab3	mulhsu	x21,x1,x1	  x1:0x00000002  x1:0x00000002 x21=0x00000000
     276305.000 ns	     27629	80005a90	0026d793	srli	x15,x13,0x2	 x13:0x00000000 x15=0x00000000
     276315.000 ns	     27630	80005a94	6789cf93	xori	x31,x19,1656	 x19:0x00000000 x31=0x00000678
     276325.000 ns	     27631	80005a98	00000013	addi	x0,x0,0	  x0:0x00000000
     276345.000 ns	     27633	80005a9c	d00b36d3	fcvt.s.w	f13,x22	 x22:0x00000000 f13=0x00000000
     276395.000 ns	     27638	80005aa0	0829f5d3	fsub.s	f11,f19,f2	 f19:0xceff8000  f2:0x00000000 f11=0xceff8000
     276425.000 ns	     27641	80005aa4	02a01933	mulh	x18,x0,x10	  x0:0x00000000 x10:0x7ffbf51d x18=0x00000000
     276455.000 ns	     27644	80005aa8	e00c90d3	fclass.s	x1,f25	 f25:0x7f800000  x1=0x00000080
     276475.000 ns	     27646	80005aac	806c4693	xori	x13,x24,-2042	 x24:0x00000000 x13=0xfffff806
     276485.000 ns	     27647	80005ab0	a0cea593	slti	x11,x29,-1524	 x29:0x00000040 x11=0x00000000
     276515.000 ns	     27650	80005ab4	116479d3	fmul.s	f19,f8,f22	  f8:0x00000000 f22:0x7fc00000 f19=0x7fc00000
     276545.000 ns	     27653	80005ab8	21991d53	fsgnjn.s	f26,f18,f25	 f18:0x407ffffe f25:0x7f800000 f26=0xc07ffffe
     276575.000 ns	     27656	80005abc	d013a9d3	fcvt.s.wu	f19,x7	  x7:0xdd2e8000 f19=0x4f5d2e80
     276595.000 ns	     27658	80005ac0	00650f33	add	x30,x10,x6	 x10:0x7ffbf51d  x6:0x00000000 x30=0x7ffbf51d
     276615.000 ns	     27660	80005ac4	e0048a53	fmv.x.w	x20,f9	  f9:0xc4f2e000 x20=0xc4f2e000
     276645.000 ns	     27663	80005ac8	e0068fd3	fmv.x.w	x31,f13	 f13:0x00000000 x31=0x00000000
     276675.000 ns	     27666	80005acc	e0009453	fclass.s	x8,f1	  f1:0x80000000  x8=0x00000008
     276695.000 ns	     27668	80005ad0	00f628b3	slt	x17,x12,x15	 x12:0x80040fe4 x15:0x00000000 x17=0x00000001
     276705.000 ns	     27669	80005ad4	002ffbb3	and	x23,x31,x2	 x31:0x00000000  x2:0x00000000 x23=0x00000000
     276715.000 ns	     27670	80005ad8	014de3b3	or	x7,x27,x20	 x27:0x7ffbf51d x20:0xc4f2e000  x7=0xfffbf51d
     276735.000 ns	     27672	80005adc	d00ef7d3	fcvt.s.w	f15,x29	 x29:0x00000040 f15=0x42800000
     276765.000 ns	     27675	80005ae0	21feaf53	fsgnjx.s	f30,f29,f31	 f29:0x4f000000 f31:0x7fc00000 f30=0x4f000000
     276795.000 ns	     27678	80005ae4	e0010fd3	fmv.x.w	x31,f2	  f2:0x00000000 x31=0x00000000
     276815.000 ns	     27680	80005ae8	007d6ab3	or	x21,x26,x7	 x26:0xffffffff  x7:0xfffbf51d x21=0xffffffff
     276835.000 ns	     27682	80005aec	a16c19d3	flt.s	x19,f24,f22	 f24:0xc07ffffe f22:0x7fc00000 x19=0x00000000
     276865.000 ns	     27685	80005af0	03242933	mulhsu	x18,x8,x18	  x8:0x00000008 x18:0x00000000 x18=0x00000000
     276905.000 ns	     27689	80005af4	19b77153	fdiv.s	f2,f14,f27	 f14:0xcefff7e0 f27:0x7f800000  f2=0x80000000
     276935.000 ns	     27692	80005af8	2159a4d3	fsgnjx.s	f9,f19,f21	 f19:0x4f5d2e80 f21:0x7f800000  f9=0x4f5d2e80
     276955.000 ns	     27694	80005afc	ca7d6093	ori	x1,x26,-857	 x26:0xffffffff  x1=0xffffffff
     276975.000 ns	     27696	80005b00	f00c8153	fmv.w.x	f2,x25	 x25:0xffffffff  f2=0xffffffff
     276995.000 ns	     27698	80005b04	ee4aca13	xori	x20,x21,-284	 x21:0xffffffff x20=0x0000011b
     277015.000 ns	     27700	80005b08	f00400d3	fmv.w.x	f1,x8	  x8:0x00000008  f1=0x00000008
     277035.000 ns	     27702	80005b0c	7d9ca313	slti	x6,x25,2009	 x25:0xffffffff  x6=0x00000001
     277045.000 ns	     27703	80005b10	002bd313	srli	x6,x23,0x2	 x23:0x00000000  x6=0x00000000
     277055.000 ns	     27704	80005b14	00fe54b3	srl	x9,x28,x15	 x28:0x00000007 x15:0x00000000  x9=0x00000007
     277065.000 ns	     27705	80005b18	68e5c193	xori	x3,x11,1678	 x11:0x00000000  x3=0x0000068e
     277425.000 ns	     27741	80005b1c	039c54b3	divu	x9,x24,x25	 x24:0x00000000 x25:0xffffffff  x9=0x00000000
     277445.000 ns	     27743	80005b20	3e9e2813	slti	x16,x28,1001	 x28:0x00000007 x16=0x00000001
     277465.000 ns	     27745	80005b24	219d91d3	fsgnjn.s	f3,f27,f25	 f27:0x7f800000 f25:0x7f800000  f3=0xff800000
     277495.000 ns	     27748	80005b28	02223c33	mulhu	x24,x4,x2	  x4:0x80041024  x2:0x00000000 x24=0x00000000
     277515.000 ns	     27750	80005b2c	00691c13	slli	x24,x18,0x6	 x18:0x00000000 x24=0x00000000
     277525.000 ns	     27751	80005b30	2c6b2193	slti	x3,x22,710	 x22:0x00000000  x3=0x00000001
     277545.000 ns	     27753	80005b34	0321e933	rem	x18,x3,x18	  x3:0x0000068e x18:0x00000000 x18=0x00000001
     277565.000 ns	     27755	80005b38	01f0d913	srli	x18,x1,0x1f	  x1:0xffffffff x18=0x00000001
     277575.000 ns	     27756	80005b3c	000d2b33	slt	x22,x26,x0	 x26:0xffffffff  x0:0x00000000 x22=0x00000001
     277595.000 ns	     27758	80005b40	03ac2333	mulhsu	x6,x24,x26	 x24:0x00000000 x26:0xffffffff  x6=0x00000000
     277625.000 ns	     27761	80005b44	28a61853	fmax.s	f16,f12,f10	 f12:0x4734d763 f10:0x7fc00000 f16=0x4734d763
     277645.000 ns	     27763	80005b48	01513133	sltu	x2,x2,x21	  x2:0x00000000 x21:0xffffffff  x2=0x00000001
     277655.000 ns	     27764	80005b4c	00c434b3	sltu	x9,x8,x12	  x8:0x00000008 x12:0x80040fe4  x9=0x00000001
     277665.000 ns	     27765	80005b50	40235d93	srai	x27,x6,0x2	  x6:0x00000000 x27=0x00000000
     277675.000 ns	     27766	80005b54	01c03833	sltu	x16,x0,x28	  x0:0x00000000 x28:0x00000007 x16=0x00000001
     277695.000 ns	     27768	80005b58	29d68253	fmin.s	f4,f13,f29	 f13:0x00000000 f29:0x4f000000  f4=0x00000000
     277715.000 ns	     27770	80005b5c	b817c893	xori	x17,x15,-1151	 x15:0x00000000 x17=0xfffffb81
     278075.000 ns	     27806	80005b60	02abf933	remu	x18,x23,x10	 x23:0x00000000 x10:0x7ffbf51d x18=0x00000000
     278105.000 ns	     27809	80005b64	29599253	fmax.s	f4,f19,f21	 f19:0x4f5d2e80 f21:0x7f800000  f4=0x7f800000
     278125.000 ns	     27811	80005b68	004ea7b3	slt	x15,x29,x4	 x29:0x00000040  x4:0x80041024 x15=0x00000000
     278145.000 ns	     27813	80005b6c	a17305d3	fle.s	x11,f6,f23	  f6:0xffc00000 f23:0x4f000000 x11=0x00000000
     278175.000 ns	     27816	80005b70	c00e70d3	fcvt.w.s	x1,f28	 f28:0xc07ffffe  x1=0x00000003
     278225.000 ns	     27821	80005b74	091bf453	fsub.s	f8,f23,f17	 f23:0x4f000000 f17:0x7fc00000  f8=0x7fc00000
     278245.000 ns	     27823	80005b78	ee4fe013	ori	x0,x31,-284	 x31:0x00000000
     278255.000 ns	     27824	80005b7c	00df49b3	xor	x19,x30,x13	 x30:0x7ffbf51d x13:0xfffff806 x19=0x80040d1b
     278265.000 ns	     27825	80005b80	0170db13	srli	x22,x1,0x17	  x1:0x00000003 x22=0x00000000
     278285.000 ns	     27827	80005b84	21f41ad3	fsgnjn.s	f21,f8,f31	  f8:0x7fc00000 f31:0x7fc00000 f21=0xffc00000
     278305.000 ns	     27829	80005b88	00a0d4b3	srl	x9,x1,x10	  x1:0x00000003 x10:0x7ffbf51d  x9=0x00000000
     278315.000 ns	     27830	80005b8c	01455933	srl	x18,x10,x20	 x10:0x7ffbf51d x20:0x0000011b x18=0x0000000f
     278675.000 ns	     27866	80005b90	025bf7b3	remu	x15,x23,x5	 x23:0x00000000  x5:0x22d17c78 x15=0x00000000
     278705.000 ns	     27869	80005b94	c01cfbd3	fcvt.wu.s	x23,f25	 f25:0x7f800000 x23=0xffffffff
     278735.000 ns	     27872	80005b98	c010a153	fcvt.wu.s	x2,f1	  f1:0x00000008  x2=0x00000000
     278765.000 ns	     27875	80005b9c	d01effd3	fcvt.s.wu	f31,x29	 x29:0x00000040 f31=0x42800000
     278805.000 ns	     27879	80005ba0	19d2fad3	fdiv.s	f21,f5,f29	  f5:0x00000000 f29:0x4f000000 f21=0x00000000
     278825.000 ns	     27881	80005ba4	005bf433	and	x8,x23,x5	 x23:0xffffffff  x5:0x22d17c78  x8=0x22d17c78
     278845.000 ns	     27883	80005ba8	e00780d3	fmv.x.w	x1,f15	 f15:0x42800000  x1=0x42800000
     278865.000 ns	     27885	80005bac	01fd5533	srl	x10,x26,x31	 x26:0xffffffff x31:0x00000000 x10=0xffffffff
     278885.000 ns	     27887	80005bb0	c00076d3	fcvt.w.s	x13,f0	  f0:0xb3000000 x13=0x00000000
     278935.000 ns	     27892	80005bb4	013f7753	fadd.s	f14,f30,f19	 f30:0x4f000000 f19:0x4f5d2e80 f14=0x4fae9740
     278955.000 ns	     27894	80005bb8	543b6393	ori	x7,x22,1347	 x22:0x00000000  x7=0x00000543
     278975.000 ns	     27896	80005bbc	203f93d3	fsgnjn.s	f7,f31,f3	 f31:0x42800000  f3:0xff800000  f7=0x42800000
     279005.000 ns	     27899	80005bc0	a18e86d3	fle.s	x13,f29,f24	 f29:0x4f000000 f24:0xc07ffffe x13=0x00000000
     279025.000 ns	     27901	80005bc4	4185d793	srai	x15,x11,0x18	 x11:0x00000000 x15=0x00000000
     279035.000 ns	     27902	80005bc8	009e5c93	srli	x25,x28,0x9	 x28:0x00000007 x25=0x00000000
     279055.000 ns	     27904	80005bcc	e00a9a53	fclass.s	x20,f21	 f21:0x00000000 x20=0x00000010
     279085.000 ns	     27907	80005bd0	219f0453	fsgnj.s	f8,f30,f25	 f30:0x4f000000 f25:0x7f800000  f8=0x4f000000
     279115.000 ns	     27910	80005bd4	211927d3	fsgnjx.s	f15,f18,f17	 f18:0x407ffffe f17:0x7fc00000 f15=0x407ffffe
     279135.000 ns	     27912	80005bd8	0021d8b3	srl	x17,x3,x2	  x3:0x00000001  x2:0x00000000 x17=0x00000001
     279145.000 ns	     27913	80005bdc	22088b13	addi	x22,x17,544	 x17:0xfffffb81 x22=0x00000221
     279505.000 ns	     27949	80005be0	03c745b3	div	x11,x14,x28	 x14:0x00000000 x28:0x00000007 x11=0x00000000
     279545.000 ns	     27953	80005be4	580c1d53	fsqrt.s	f26,f24	 f24:0xc07ffffe f26=0x7fc00000
     279575.000 ns	     27956	80005be8	c01803d3	fcvt.wu.s	x7,f16	 f16:0x4734d763  x7=0x0000b4d7
     279595.000 ns	     27958	80005bec	87aa2f13	slti	x30,x20,-1926	 x20:0x00000010 x30=0x00000000
     279605.000 ns	     27959	80005bf0	41d7da93	srai	x21,x15,0x1d	 x15:0x00000000 x21=0x00000000
     279625.000 ns	     27961	80005bf4	02952433	mulhsu	x8,x10,x9	 x10:0xffffffff  x9:0x00000000  x8=0x00000000
     279645.000 ns	     27963	80005bf8	0270bc17	auipc	x24,0x270b	 x24=0x82710bf8
     279665.000 ns	     27965	80005bfc	e00596d3	fclass.s	x13,f11	 f11:0xceff8000 x13=0x00000002
     279695.000 ns	     27968	80005c00	28b49853	fmax.s	f16,f9,f11	  f9:0x4f5d2e80 f11:0xceff8000 f16=0x4f5d2e80
     279715.000 ns	     27970	80005c04	c2d8a737	lui	x14,0xc2d8a	 x14=0xc2d8a000
     279725.000 ns	     27971	80005c08	94896013	ori	x0,x18,-1720	 x18:0x0000000f
     279755.000 ns	     27974	80005c0c	11fd7053	fmul.s	f0,f26,f31	 f26:0x7fc00000 f31:0x42800000  f0=0x7fc00000
     279775.000 ns	     27976	80005c10	00e15493	srli	x9,x2,0xe	  x2:0x00000000  x9=0x00000000
     279795.000 ns	     27978	80005c14	c00ea8d3	fcvt.w.s	x17,f29	 f29:0x4f000000 x17=0x7fffffff
     279835.000 ns	     27982	80005c18	580dfa53	fsqrt.s	f20,f27	 f27:0x7f800000 f20=0x7f800000
     279865.000 ns	     27985	80005c1c	a0ff1c53	flt.s	x24,f30,f15	 f30:0x4f000000 f15:0x407ffffe x24=0x00000000
     279885.000 ns	     27987	80005c20	00ab39b3	sltu	x19,x22,x10	 x22:0x00000221 x10:0xffffffff x19=0x00000001
     279895.000 ns	     27988	80005c24	02da3137	lui	x2,0x2da3	  x2=0x02da3000
     279915.000 ns	     27990	80005c28	e00c0b53	fmv.x.w	x22,f24	 f24:0xc07ffffe x22=0xc07ffffe
     279965.000 ns	     27995	80005c2c	09a78cd3	fsub.s	f25,f15,f26	 f15:0x407ffffe f26:0x7fc00000 f25=0x7fc00000
     279995.000 ns	     27998	80005c30	e0098ed3	fmv.x.w	x29,f19	 f19:0x4f5d2e80 x29=0x4f5d2e80
     280015.000 ns	     28000	80005c34	01069ab3	sll	x21,x13,x16	 x13:0x00000002 x16:0x00000001 x21=0x00000004
     280035.000 ns	     28002	80005c38	e00d9f53	fclass.s	x30,f27	 f27:0x7f800000 x30=0x00000080
     280055.000 ns	     28004	80005c3c	00000013	addi	x0,x0,0	  x0:0x00000000
     280075.000 ns	     28006	80005c40	c01eafd3	fcvt.wu.s	x31,f29	 f29:0x4f000000 x31=0x80000000
     280105.000 ns	     28009	80005c44	02713433	mulhu	x8,x2,x7	  x2:0x02da3000  x7:0x0000b4d7  x8=0x00000203
     280125.000 ns	     28011	80005c48	01368fb3	add	x31,x13,x19	 x13:0x00000002 x19:0x00000001 x31=0x00000003
     280135.000 ns	     28012	80005c4c	007339b3	sltu	x19,x6,x7	  x6:0x00000000  x7:0x0000b4d7 x19=0x00000001
     280155.000 ns	     28014	80005c50	0254a333	mulhsu	x6,x9,x5	  x9:0x00000000  x5:0x22d17c78  x6=0x00000000
     280175.000 ns	     28016	80005c54	40cfd713	srai	x14,x31,0xc	 x31:0x00000003 x14=0x00000000
     280185.000 ns	     28017	80005c58	015d1813	slli	x16,x26,0x15	 x26:0xffffffff x16=0xffe00000
     280195.000 ns	     28018	80005c5c	87112913	slti	x18,x2,-1935	  x2:0x02da3000 x18=0x00000000
     280215.000 ns	     28020	80005c60	20ad0353	fsgnj.s	f6,f26,f10	 f26:0x7fc00000 f10:0x7fc00000  f6=0x7fc00000
     280235.000 ns	     28022	80005c64	6c154e93	xori	x29,x10,1729	 x10:0xffffffff x29=0xfffff93e
     280255.000 ns	     28024	80005c68	21992253	fsgnjx.s	f4,f18,f25	 f18:0x407ffffe f25:0x7fc00000  f4=0x407ffffe
     280285.000 ns	     28027	80005c6c	02008db3	mul	x27,x1,x0	  x1:0x42800000  x0:0x00000000 x27=0x00000000
     280315.000 ns	     28030	80005c70	e0071c53	fclass.s	x24,f14	 f14:0x4fae9740 x24=0x00000040
     280355.000 ns	     28034	80005c74	1058f553	fmul.s	f10,f17,f5	 f17:0x7fc00000  f5:0x00000000 f10=0x7fc00000
     280385.000 ns	     28037	80005c78	e00d8153	fmv.x.w	x2,f27	 f27:0x7f800000  x2=0x7f800000
     280405.000 ns	     28039	80005c7c	00000013	addi	x0,x0,0	  x0:0x00000000
     280425.000 ns	     28041	80005c80	29fa9ad3	fmax.s	f21,f21,f31	 f21:0x00000000 f31:0x42800000 f21=0x42800000
     280455.000 ns	     28044	80005c84	e0041bd3	fclass.s	x23,f8	  f8:0x4f000000 x23=0x00000040
     280485.000 ns	     28047	80005c88	032116b3	mulh	x13,x2,x18	  x2:0x7f800000 x18:0x00000000 x13=0x00000000
     280505.000 ns	     28049	80005c8c	01f4c8b3	xor	x17,x9,x31	  x9:0x00000000 x31:0x00000003 x17=0x00000003
     280515.000 ns	     28050	80005c90	30e56793	ori	x15,x10,782	 x10:0xffffffff x15=0xffffffff
     281685.000 ns	     28167	80005c94	58072cd3	fsqrt.s	f25,f14	 f14:0x4fae9740 f25=0x47957da6
     281705.000 ns	     28169	80005c98	00c39d13	slli	x26,x7,0xc	  x7:0x0000b4d7 x26=0x0b4d7000
     281715.000 ns	     28170	80005c9c	00b2f4b3	and	x9,x5,x11	  x5:0x22d17c78 x11:0x00000000  x9=0x00000000
     281735.000 ns	     28172	80005ca0	032d7933	remu	x18,x26,x18	 x26:0xffffffff x18:0x00000000 x18=0x0b4d7000
     281755.000 ns	     28174	80005ca4	54c16e93	ori	x29,x2,1356	  x2:0x7f800000 x29=0x7f80054c
     281765.000 ns	     28175	80005ca8	409d5ab3	sra	x21,x26,x9	 x26:0x0b4d7000  x9:0x00000000 x21=0x0b4d7000
     281795.000 ns	     28178	80005cac	19418753	fdiv.s	f14,f3,f20	  f3:0xff800000 f20:0x7f800000 f14=0x7fc00000
     281825.000 ns	     28181	80005cb0	02e96db3	rem	x27,x18,x14	 x18:0x0b4d7000 x14:0x00000000 x27=0x0b4d7000
     281845.000 ns	     28183	80005cb4	113b3513	sltiu	x10,x22,275	 x22:0xc07ffffe x10=0x00000000
     281855.000 ns	     28184	80005cb8	00000013	addi	x0,x0,0	  x0:0x00000000
     281875.000 ns	     28186	80005cbc	02c62c33	mulhsu	x24,x12,x12	 x12:0x80040fe4 x12:0x80040fe4 x24=0xc0000010
     281895.000 ns	     28188	80005cc0	41b70db3	sub	x27,x14,x27	 x14:0x00000000 x27:0x0b4d7000 x27=0xf4b29000
     281905.000 ns	     28189	80005cc4	006b5b93	srli	x23,x22,0x6	 x22:0xc07ffffe x23=0x0301ffff
     281925.000 ns	     28191	80005cc8	c00172d3	fcvt.w.s	x5,f2	  f2:0xffffffff  x5=0x7fffffff
     281945.000 ns	     28193	80005ccc	000b25b3	slt	x11,x22,x0	 x22:0xc07ffffe  x0:0x00000000 x11=0x00000001
     281965.000 ns	     28195	80005cd0	c00774d3	fcvt.w.s	x9,f14	 f14:0x7fc00000  x9=0x7fffffff
     281995.000 ns	     28198	80005cd4	c00ff753	fcvt.w.s	x14,f31	 f31:0x42800000 x14=0x00000040
     282025.000 ns	     28201	80005cd8	a1441a53	flt.s	x20,f8,f20	  f8:0x4f000000 f20:0x7f800000 x20=0x00000001
     282045.000 ns	     28203	80005cdc	0125a1b3	slt	x3,x11,x18	 x11:0x00000001 x18:0x0b4d7000  x3=0x00000001
     282065.000 ns	     28205	80005ce0	036ea733	mulhsu	x14,x29,x22	 x29:0x7f80054c x22:0xc07ffffe x14=0x5fdfc3fa
     282085.000 ns	     28207	80005ce4	00e8b6b3	sltu	x13,x17,x14	 x17:0x00000003 x14:0x00000040 x13=0x00000001
     282105.000 ns	     28209	80005ce8	a01f2cd3	feq.s	x25,f30,f1	 f30:0x4f000000  f1:0x00000008 x25=0x00000000
     282155.000 ns	     28214	80005cec	00549d53	fadd.s	f26,f9,f5	  f9:0x4f5d2e80  f5:0x00000000 f26=0x4f5d2e80
     282175.000 ns	     28216	80005cf0	2b3ca793	slti	x15,x25,691	 x25:0x00000000 x15=0x00000001
     282195.000 ns	     28218	80005cf4	29e80dd3	fmin.s	f27,f16,f30	 f16:0x4f5d2e80 f30:0x4f000000 f27=0x4f000000
     282215.000 ns	     28220	80005cf8	017106b3	add	x13,x2,x23	  x2:0x7f800000 x23:0x0301ffff x13=0x8281ffff
     282225.000 ns	     28221	80005cfc	01c31d13	slli	x26,x6,0x1c	  x6:0x00000000 x26=0x00000000
     282245.000 ns	     28223	80005d00	214c9d53	fsgnjn.s	f26,f25,f20	 f25:0x47957da6 f20:0x7f800000 f26=0xc7957da6
     282275.000 ns	     28226	80005d04	a1042153	feq.s	x2,f8,f16	  f8:0x4f000000 f16:0x4f5d2e80  x2=0x00000000
     282295.000 ns	     28228	80005d08	00c73cb3	sltu	x25,x14,x12	 x14:0x5fdfc3fa x12:0x80040fe4 x25=0x00000001
     282305.000 ns	     28229	80005d0c	00b25333	srl	x6,x4,x11	  x4:0x80041024 x11:0x00000001  x6=0x40020812
     282325.000 ns	     28231	80005d10	036818b3	mulh	x17,x16,x22	 x16:0xffe00000 x22:0xc07ffffe x17=0x0007f000
     282375.000 ns	     28236	80005d14	0012f353	fadd.s	f6,f5,f1	  f5:0x00000000  f1:0x00000008  f6=0x00000008
     282395.000 ns	     28238	80005d18	00a27ab3	and	x21,x4,x10	  x4:0x80041024 x10:0x00000000 x21=0x00000000
     282405.000 ns	     28239	80005d1c	00018d33	add	x26,x3,x0	  x3:0x00000001  x0:0x00000000 x26=0x00000001
     282425.000 ns	     28241	80005d20	f00f0153	fmv.w.x	f2,x30	 x30:0x00000080  f2=0x00000080
     282445.000 ns	     28243	80005d24	999ba693	slti	x13,x23,-1639	 x23:0x0301ffff x13=0x00000000
     282455.000 ns	     28244	80005d28	00c005b3	add	x11,x0,x12	  x0:0x00000000 x12:0x80040fe4 x11=0x80040fe4
     282465.000 ns	     28245	80005d2c	415bd933	sra	x18,x23,x21	 x23:0x0301ffff x21:0x00000000 x18=0x0301ffff
     282485.000 ns	     28247	80005d30	c0134b53	fcvt.wu.s	x22,f6	  f6:0x00000008 x22=0x00000000
     282505.000 ns	     28249	80005d34	44f1af93	slti	x31,x3,1103	  x3:0x00000001 x31=0x00000001
     282515.000 ns	     28250	80005d38	40175c93	srai	x25,x14,0x1	 x14:0x5fdfc3fa x25=0x2fefe1fd
     282535.000 ns	     28252	80005d3c	0229bd33	mulhu	x26,x19,x2	 x19:0x00000001  x2:0x00000000 x26=0x00000000
     282905.000 ns	     28289	80005d40	0298fa33	remu	x20,x17,x9	 x17:0x0007f000  x9:0x7fffffff x20=0x0007f000
     282925.000 ns	     28291	80005d44	aecaa393	slti	x7,x21,-1300	 x21:0x00000000  x7=0x00000000
     282955.000 ns	     28294	80005d48	119fa953	fmul.s	f18,f31,f25	 f31:0x42800000 f25:0x47957da6 f18=0x4a957da6
     282985.000 ns	     28297	80005d4c	c00579d3	fcvt.w.s	x19,f10	 f10:0x7fc00000 x19=0x7fffffff
     283005.000 ns	     28299	80005d50	0112a9b3	slt	x19,x5,x17	  x5:0x7fffffff x17:0x0007f000 x19=0x00000000
     283015.000 ns	     28300	80005d54	ef84e313	ori	x6,x9,-264	  x9:0x7fffffff  x6=0xffffffff
     283375.000 ns	     28336	80005d58	02177eb3	remu	x29,x14,x1	 x14:0x5fdfc3fa  x1:0x42800000 x29=0x1d5fc3fa
     283395.000 ns	     28338	80005d5c	0c82e313	ori	x6,x5,200	  x5:0x7fffffff  x6=0x7fffffff
     283405.000 ns	     28339	80005d60	9abf2193	slti	x3,x30,-1621	 x30:0x00000080  x3=0x00000000
     283425.000 ns	     28341	80005d64	217f10d3	fsgnjn.s	f1,f30,f23	 f30:0x4f000000 f23:0x4f000000  f1=0xcf000000
     283455.000 ns	     28344	80005d68	a02527d3	feq.s	x15,f10,f2	 f10:0x7fc00000  f2:0x00000080 x15=0x00000000
     283475.000 ns	     28346	80005d6c	0137a9b3	slt	x19,x15,x19	 x15:0x00000001 x19:0x00000000 x19=0x00000000
     283495.000 ns	     28348	80005d70	d0147953	fcvt.s.wu	f18,x8	  x8:0x00000203 f18=0x4400c000
     283515.000 ns	     28350	80005d74	1866c293	xori	x5,x13,390	 x13:0x00000000  x5=0x00000186
     283555.000 ns	     28354	80005d78	09fdf553	fsub.s	f10,f27,f31	 f27:0x4f000000 f31:0x42800000 f10=0x4efffffe
     283575.000 ns	     28356	80005d7c	00741913	slli	x18,x8,0x7	  x8:0x00000203 x18=0x00010180
     283905.000 ns	     28389	80005d80	1930f1d3	fdiv.s	f3,f1,f19	  f1:0xcf000000 f19:0x4f5d2e80  f3=0xbf000000
     283945.000 ns	     28393	80005d84	11dbc5d3	fmul.s	f11,f23,f29	 f23:0x4f000000 f29:0x4f000000 f11=0x5e800000
     284315.000 ns	     28430	80005d88	03c0da33	divu	x20,x1,x28	  x1:0x42800000 x28:0x00000007 x20=0x09800000
     284335.000 ns	     28432	80005d8c	00000013	addi	x0,x0,0	  x0:0x00000000
     284345.000 ns	     28433	80005d90	01172a33	slt	x20,x14,x17	 x14:0x5fdfc3fa x17:0x0007f000 x20=0x00000000
     284365.000 ns	     28435	80005d94	02fcceb3	div	x29,x25,x15	 x25:0x2fefe1fd x15:0x00000000 x29=0xffffffff
     284385.000 ns	     28437	80005d98	0018e533	or	x10,x17,x1	 x17:0x0007f000  x1:0x42800000 x10=0x4287f000
     284395.000 ns	     28438	80005d9c	8761e693	ori	x13,x3,-1930	  x3:0x00000000 x13=0xfffff876
     284405.000 ns	     28439	80005da0	01be7fb3	and	x31,x28,x27	 x28:0x00000007 x27:0xf4b29000 x31=0x00000000
     284765.000 ns	     28475	80005da4	03ddda33	divu	x20,x27,x29	 x27:0xf4b29000 x29:0xffffffff x20=0x00000000
     284785.000 ns	     28477	80005da8	01908eb3	add	x29,x1,x25	  x1:0x42800000 x25:0x2fefe1fd x29=0x726fe1fd
     284795.000 ns	     28478	80005dac	b4942713	slti	x14,x8,-1207	  x8:0x00000203 x14=0x00000000
     284805.000 ns	     28479	80005db0	4060dc33	sra	x24,x1,x6	  x1:0x42800000  x6:0x7fffffff x24=0x00000000
     284815.000 ns	     28480	80005db4	416608b3	sub	x17,x12,x22	 x12:0x80040fe4 x22:0x00000000 x17=0x80040fe4
     284835.000 ns	     28482	80005db8	28019a53	fmax.s	f20,f3,f0	  f3:0xbf000000  f0:0x7fc00000 f20=0xbf000000
     284875.000 ns	     28486	80005dbc	10b8a253	fmul.s	f4,f17,f11	 f17:0x7fc00000 f11:0x5e800000  f4=0x7fc00000
     284905.000 ns	     28489	80005dc0	2087a5d3	fsgnjx.s	f11,f15,f8	 f15:0x407ffffe  f8:0x4f000000 f11=0x407ffffe
     284945.000 ns	     28493	80005dc4	580886d3	fsqrt.s	f13,f17	 f17:0x7fc00000 f13=0x7fc00000
     284975.000 ns	     28496	80005dc8	29a20353	fmin.s	f6,f4,f26	  f4:0x7fc00000 f26:0xc7957da6  f6=0xc7957da6
     285005.000 ns	     28499	80005dcc	033fdcb3	divu	x25,x31,x19	 x31:0x00000000 x19:0x00000000 x25=0xffffffff
     285035.000 ns	     28502	80005dd0	03416eb3	rem	x29,x2,x20	  x2:0x00000000 x20:0x00000000 x29=0x00000000
     285055.000 ns	     28504	80005dd4	41980db3	sub	x27,x16,x25	 x16:0xffe00000 x25:0xffffffff x27=0xffe00001
     285075.000 ns	     28506	80005dd8	035666b3	rem	x13,x12,x21	 x12:0x80040fe4 x21:0x00000000 x13=0x80040fe4
     285095.000 ns	     28508	80005ddc	00000013	addi	x0,x0,0	  x0:0x00000000
     285105.000 ns	     28509	80005de0	ff174a13	xori	x20,x14,-15	 x14:0x00000000 x20=0xfffffff1
     285125.000 ns	     28511	80005de4	03fb32b3	mulhu	x5,x22,x31	 x22:0x00000000 x31:0x00000000  x5=0x00000000
     285145.000 ns	     28513	80005de8	41588933	sub	x18,x17,x21	 x17:0x80040fe4 x21:0x00000000 x18=0x80040fe4
     285505.000 ns	     28549	80005dec	03cdc733	div	x14,x27,x28	 x27:0xffe00001 x28:0x00000007 x14=0xfffb6db7
     285525.000 ns	     28551	80005df0	40410733	sub	x14,x2,x4	  x2:0x00000000  x4:0x80041024 x14=0x7ffbefdc
     285535.000 ns	     28552	80005df4	00e25d33	srl	x26,x4,x14	  x4:0x80041024 x14:0xfffb6db7 x26=0x00000008
     285555.000 ns	     28554	80005df8	a0d926d3	feq.s	x13,f18,f13	 f18:0x4400c000 f13:0x7fc00000 x13=0x00000000
     285585.000 ns	     28557	80005dfc	a0ba2953	feq.s	x18,f20,f11	 f20:0xbf000000 f11:0x407ffffe x18=0x00000000
     285605.000 ns	     28559	80005e00	016d5413	srli	x8,x26,0x16	 x26:0x00000008  x8=0x00000000
     285625.000 ns	     28561	80005e04	03675033	divu	x0,x14,x22	 x14:0x7ffbefdc x22:0x00000000
     285645.000 ns	     28563	80005e08	014feab3	or	x21,x31,x20	 x31:0x00000000 x20:0xfffffff1 x21=0xfffffff1
     285665.000 ns	     28565	80005e0c	20d52ed3	fsgnjx.s	f29,f10,f13	 f10:0x4efffffe f13:0x7fc00000 f29=0x4efffffe
     285715.000 ns	     28570	80005e10	094530d3	fsub.s	f1,f10,f20	 f10:0x4efffffe f20:0xbf000000  f1=0x4effffff
     285745.000 ns	     28573	80005e14	a18e2dd3	feq.s	x27,f28,f24	 f28:0xc07ffffe f24:0xc07ffffe x27=0x00000001
     285765.000 ns	     28575	80005e18	0183b833	sltu	x16,x7,x24	  x7:0x00000000 x24:0x00000000 x16=0x00000000
     285785.000 ns	     28577	80005e1c	28d00353	fmin.s	f6,f0,f13	  f0:0x7fc00000 f13:0x7fc00000  f6=0x7fc00000
     285805.000 ns	     28579	80005e20	004f7833	and	x16,x30,x4	 x30:0x00000080  x4:0x80041024 x16=0x00000000
     285825.000 ns	     28581	80005e24	f0010153	fmv.w.x	f2,x2	  x2:0x00000000  f2=0x00000000
     286165.000 ns	     28615	80005e28	19ccf2d3	fdiv.s	f5,f25,f28	 f25:0x47957da6 f28:0xc07ffffe  f5=0xc6e6a322
     286185.000 ns	     28617	80005e2c	4946b813	sltiu	x16,x13,1172	 x13:0x00000000 x16=0x00000001
     286195.000 ns	     28618	80005e30	816d0a13	addi	x20,x26,-2026	 x26:0x00000008 x20=0xfffff81e
     286555.000 ns	     28654	80005e34	029fd7b3	divu	x15,x31,x9	 x31:0x00000000  x9:0x7fffffff x15=0x00000000
     286585.000 ns	     28657	80005e38	02fa62b3	rem	x5,x20,x15	 x20:0xfffffff1 x15:0x00000000  x5=0xfffff81e
     286635.000 ns	     28662	80005e3c	085ebf53	fsub.s	f30,f29,f5	 f29:0x4efffffe  f5:0xc6e6a322 f30=0x4f000073
     286665.000 ns	     28665	80005e40	03d25f33	divu	x30,x4,x29	  x4:0x80041024 x29:0x00000000 x30=0xffffffff
     286695.000 ns	     28668	80005e44	28dd0ed3	fmin.s	f29,f26,f13	 f26:0xc7957da6 f13:0x7fc00000 f29=0xc7957da6
     286725.000 ns	     28671	80005e48	026603b3	mul	x7,x12,x6	 x12:0x80040fe4  x6:0x7fffffff  x7=0x7ffbf01c
     286745.000 ns	     28673	80005e4c	77cf7413	andi	x8,x30,1916	 x30:0xffffffff  x8=0x0000077c
     286765.000 ns	     28675	80005e50	29ed1053	fmax.s	f0,f26,f30	 f26:0xc7957da6 f30:0x4f000073  f0=0x4f000073
     286795.000 ns	     28678	80005e54	c007b153	fcvt.w.s	x2,f15	 f15:0x407ffffe  x2=0x00000004
     286815.000 ns	     28680	80005e58	00000013	addi	x0,x0,0	  x0:0x00000000
     286835.000 ns	     28682	80005e5c	02dba933	mulhsu	x18,x23,x13	 x23:0x0301ffff x13:0x00000000 x18=0x00000000
     286855.000 ns	     28684	80005e60	01136033	or	x0,x6,x17	  x6:0x7fffffff x17:0x80040fe4
     286865.000 ns	     28685	80005e64	4b1cb893	sltiu	x17,x25,1201	 x25:0xffffffff x17=0x00000000
     286885.000 ns	     28687	80005e68	f00c0dd3	fmv.w.x	f27,x24	 x24:0x00000000 f27=0x00000000
     287255.000 ns	     28724	80005e6c	026243b3	div	x7,x4,x6	  x4:0x80041024  x6:0x7fffffff  x7=0x00000000
     287275.000 ns	     28726	80005e70	01433cb3	sltu	x25,x6,x20	  x6:0x7fffffff x20:0xfffff81e x25=0x00000001
     287305.000 ns	     28729	80005e74	183df353	fdiv.s	f6,f27,f3	 f27:0x00000000  f3:0xbf000000  f6=0x80000000
     287325.000 ns	     28731	80005e78	00f06ab3	or	x21,x0,x15	  x0:0x00000000 x15:0x00000000 x21=0x00000000
     287345.000 ns	     28733	80005e7c	0236dd33	divu	x26,x13,x3	 x13:0x00000000  x3:0x00000000 x26=0xffffffff
     287375.000 ns	     28736	80005e80	c010f9d3	fcvt.wu.s	x19,f1	  f1:0x4effffff x19=0x7fffff80
     287395.000 ns	     28738	80005e84	c03b6b93	ori	x23,x22,-1021	 x22:0x00000000 x23=0xfffffc03
     287405.000 ns	     28739	80005e88	00207533	and	x10,x0,x2	  x0:0x00000000  x2:0x00000004 x10=0x00000000
     287415.000 ns	     28740	80005e8c	00000013	addi	x0,x0,0	  x0:0x00000000
     287425.000 ns	     28741	80005e90	406cd293	srai	x5,x25,0x6	 x25:0x00000001  x5=0x00000000
     287445.000 ns	     28743	80005e94	28c61f53	fmax.s	f30,f12,f12	 f12:0x4734d763 f12:0x4734d763 f30=0x4734d763
     287815.000 ns	     28780	80005e98	0295ccb3	div	x25,x11,x9	 x11:0x80040fe4  x9:0x7fffffff x25=0x00000000
     287835.000 ns	     28782	80005e9c	00000013	addi	x0,x0,0	  x0:0x00000000
     287855.000 ns	     28784	80005ea0	c01ba6d3	fcvt.wu.s	x13,f23	 f23:0x4f000000 x13=0x80000000
     287885.000 ns	     28787	80005ea4	d0109e53	fcvt.s.wu	f28,x1	  x1:0x42800000 f28=0x4e850000
     287905.000 ns	     28789	80005ea8	009556b3	srl	x13,x10,x9	 x10:0x00000000  x9:0x7fffffff x13=0x00000000
     287915.000 ns	     28790	80005eac	019484b3	add	x9,x9,x25	  x9:0x7fffffff x25:0x00000000  x9=0x7fffffff
     287925.000 ns	     28791	80005eb0	9fcca513	slti	x10,x25,-1540	 x25:0x00000000 x10=0x00000000
     287945.000 ns	     28793	80005eb4	c01a8053	fcvt.wu.s	x0,f21	 f21:0x42800000
     289125.000 ns	     28911	80005eb8	5805bf53	fsqrt.s	f30,f11	 f11:0x407ffffe f30=0x3fb50461
     289145.000 ns	     28913	80005ebc	00b71813	slli	x16,x14,0xb	 x14:0x7ffbefdc x16=0xdf7ee000
     289155.000 ns	     28914	80005ec0	93e5ccb7	lui	x25,0x93e5c	 x25=0x93e5c000
     289165.000 ns	     28915	80005ec4	417009b3	sub	x19,x0,x23	  x0:0x00000000 x23:0xfffffc03 x19=0x000003fd
     289185.000 ns	     28917	80005ec8	038294b3	mulh	x9,x5,x24	  x5:0x00000000 x24:0x00000000  x9=0x00000000
     289205.000 ns	     28919	80005ecc	a568ef13	ori	x30,x17,-1450	 x17:0x00000000 x30=0xfffffa56
     289225.000 ns	     28921	80005ed0	032d0c33	mul	x24,x26,x18	 x26:0xffffffff x18:0x00000000 x24=0x00000000
     289255.000 ns	     28924	80005ed4	0367a333	mulhsu	x6,x15,x22	 x15:0x00000000 x22:0x00000000  x6=0x00000000
     289275.000 ns	     28926	80005ed8	011e2033	slt	x0,x28,x17	 x28:0x00000007 x17:0x00000000
     289295.000 ns	     28928	80005edc	217786d3	fsgnj.s	f13,f15,f23	 f15:0x407ffffe f23:0x4f000000 f13=0x407ffffe
     289315.000 ns	     28930	80005ee0	1f7a8293	addi	x5,x21,503	 x21:0x00000000  x5=0x000001f7
     289325.000 ns	     28931	80005ee4	408c8b33	sub	x22,x25,x8	 x25:0x93e5c000  x8:0x0000077c x22=0x93e5b884
     289335.000 ns	     28932	80005ee8	01079a93	slli	x21,x15,0x10	 x15:0x00000000 x21=0x00000000
     289345.000 ns	     28933	80005eec	bc414a93	xori	x21,x2,-1084	  x2:0x00000004 x21=0xfffffbc0
     289365.000 ns	     28935	80005ef0	03d89d33	mulh	x26,x17,x29	 x17:0x00000000 x29:0x00000000 x26=0x00000000
     289385.000 ns	     28937	80005ef4	01a9beb3	sltu	x29,x19,x26	 x19:0x000003fd x26:0xffffffff x29=0x00000000
     289405.000 ns	     28939	80005ef8	025836b3	mulhu	x13,x16,x5	 x16:0xdf7ee000  x5:0x000001f7 x13=0x000001b7
     289425.000 ns	     28941	80005efc	60eddeb7	lui	x29,0x60edd	 x29=0x60edd000
     289445.000 ns	     28943	80005f00	f0068553	fmv.w.x	f10,x13	 x13:0x000001b7 f10=0x000001b7
     289475.000 ns	     28946	80005f04	f0030753	fmv.w.x	f14,x6	  x6:0x00000000 f14=0x00000000
     289495.000 ns	     28948	80005f08	013e0733	add	x14,x28,x19	 x28:0x00000007 x19:0x000003fd x14=0x00000404
     289525.000 ns	     28951	80005f0c	10504553	fmul.s	f10,f0,f5	  f0:0x4f000073  f5:0xc6e6a322 f10=0xd666a3f2
     289545.000 ns	     28953	80005f10	cca1ef13	ori	x30,x3,-822	  x3:0x00000000 x30=0xfffffcca
     289565.000 ns	     28955	80005f14	0275d3b3	divu	x7,x11,x7	 x11:0x80040fe4  x7:0x00000000  x7=0xffffffff
     289585.000 ns	     28957	80005f18	41d65c13	srai	x24,x12,0x1d	 x12:0x80040fe4 x24=0xfffffffc
     289595.000 ns	     28958	80005f1c	01706133	or	x2,x0,x23	  x0:0x00000000 x23:0xfffffc03  x2=0xfffffc03
     289605.000 ns	     28959	80005f20	0116a7b3	slt	x15,x13,x17	 x13:0x000001b7 x17:0x00000000 x15=0x00000000
     289625.000 ns	     28961	80005f24	02cb0f33	mul	x30,x22,x12	 x22:0x93e5b884 x12:0x80040fe4 x30=0x10781190
     289655.000 ns	     28964	80005f28	039e0133	mul	x2,x28,x25	 x28:0x00000007 x25:0x93e5c000  x2=0x0b484000
     289675.000 ns	     28966	80005f2c	016afab3	and	x21,x21,x22	 x21:0xfffffbc0 x22:0x93e5b884 x21=0x93e5b880
     289685.000 ns	     28967	80005f30	6a2b0013	addi	x0,x22,1698	 x22:0x93e5b884
     289695.000 ns	     28968	80005f34	40cc0b33	sub	x22,x24,x12	 x24:0xfffffffc x12:0x80040fe4 x22=0x7ffbf018
     290055.000 ns	     29004	80005f38	02e94133	div	x2,x18,x14	 x18:0x00000000 x14:0x00000404  x2=0x00000000
     290085.000 ns	     29007	80005f3c	281784d3	fmin.s	f9,f15,f1	 f15:0x407ffffe  f1:0x4effffff  f9=0x407ffffe
     290105.000 ns	     29009	80005f40	01d09093	slli	x1,x1,0x1d	  x1:0x42800000  x1=0x00000000
     290115.000 ns	     29010	80005f44	00336eb3	or	x29,x6,x3	  x6:0x00000000  x3:0x00000000 x29=0x00000000
     290135.000 ns	     29012	80005f48	c0007053	fcvt.w.s	x0,f0	  f0:0x4f000073
     290165.000 ns	     29015	80005f4c	0202edb3	rem	x27,x5,x0	  x5:0x000001f7  x0:0x00000000 x27=0x000001f7
     290185.000 ns	     29017	80005f50	40de87b3	sub	x15,x29,x13	 x29:0x00000000 x13:0x000001b7 x15=0xfffffe49
     290195.000 ns	     29018	80005f54	014df333	and	x6,x27,x20	 x27:0x000001f7 x20:0xfffff81e  x6=0x00000016
     290205.000 ns	     29019	80005f58	0c849837	lui	x16,0xc849	 x16=0x0c849000
     290215.000 ns	     29020	80005f5c	00ebd8b3	srl	x17,x23,x14	 x23:0xfffffc03 x14:0x00000404 x17=0x0fffffc0
     290225.000 ns	     29021	80005f60	418d0733	sub	x14,x26,x24	 x26:0x00000000 x24:0xfffffffc x14=0x00000004
     290255.000 ns	     29024	80005f64	1005f753	fmul.s	f14,f11,f0	 f11:0x407ffffe  f0:0x4f000073 f14=0x50000072
     290285.000 ns	     29027	80005f68	2021a9d3	fsgnjx.s	f19,f3,f2	  f3:0xbf000000  f2:0x00000000 f19=0xbf000000
     290305.000 ns	     29029	80005f6c	81ecfa13	andi	x20,x25,-2018	 x25:0x93e5c000 x20=0x93e5c000
     290325.000 ns	     29031	80005f70	c006b5d3	fcvt.w.s	x11,f13	 f13:0x407ffffe x11=0x00000004
     290355.000 ns	     29034	80005f74	02ace433	rem	x8,x25,x10	 x25:0x93e5c000 x10:0x00000000  x8=0x93e5c000
     290375.000 ns	     29036	80005f78	01f3b933	sltu	x18,x7,x31	  x7:0xffffffff x31:0x00000000 x18=0x00000000
     290385.000 ns	     29037	80005f7c	00b64eb3	xor	x29,x12,x11	 x12:0x80040fe4 x11:0x00000004 x29=0x80040fe0
     290405.000 ns	     29039	80005f80	d00fff53	fcvt.s.w	f30,x31	 x31:0x00000000 f30=0x00000000
     290425.000 ns	     29041	80005f84	41b958b3	sra	x17,x18,x27	 x18:0x00000000 x27:0x000001f7 x17=0x00000000
     290435.000 ns	     29042	80005f88	01edd313	srli	x6,x27,0x1e	 x27:0x000001f7  x6=0x00000000
     290445.000 ns	     29043	80005f8c	41c6d933	sra	x18,x13,x28	 x13:0x000001b7 x28:0x00000007 x18=0x00000003
     290455.000 ns	     29044	80005f90	417d0133	sub	x2,x26,x23	 x26:0x00000000 x23:0xfffffc03  x2=0x000003fd
     290475.000 ns	     29046	80005f94	d01bbb53	fcvt.s.wu	f22,x23	 x23:0xfffffc03 f22=0x4f7ffffd
     290505.000 ns	     29049	80005f98	216ea9d3	fsgnjx.s	f19,f29,f22	 f29:0xc7957da6 f22:0x7fc00000 f19=0xc7957da6
     290875.000 ns	     29086	80005f9c	02f7f833	remu	x16,x15,x15	 x15:0xfffffe49 x15:0xfffffe49 x16=0x00000000
     291245.000 ns	     29123	80005fa0	037be933	rem	x18,x23,x23	 x23:0xfffffc03 x23:0xfffffc03 x18=0x00000000
     291275.000 ns	     29126	80005fa4	f00a8a53	fmv.w.x	f20,x21	 x21:0x93e5b880 f20=0x93e5b880
     291295.000 ns	     29128	80005fa8	4e0c6f93	ori	x31,x24,1248	 x24:0xfffffffc x31=0xfffffffc
     291325.000 ns	     29131	80005fac	11472353	fmul.s	f6,f14,f20	 f14:0x50000072 f20:0x93e5b880  f6=0xa465b94d
     291375.000 ns	     29136	80005fb0	006613d3	fadd.s	f7,f12,f6	 f12:0x4734d763  f6:0x80000000  f7=0x4734d763
     291425.000 ns	     29141	80005fb4	01e51953	fadd.s	f18,f10,f30	 f10:0xd666a3f2 f30:0x00000000 f18=0xd666a3f2
     291445.000 ns	     29143	80005fb8	01ab09b3	add	x19,x22,x26	 x22:0x7ffbf018 x26:0x00000000 x19=0x7ffbf018
     291465.000 ns	     29145	80005fbc	023c2333	mulhsu	x6,x24,x3	 x24:0xfffffffc  x3:0x00000000  x6=0x00000000
     291495.000 ns	     29148	80005fc0	a1b6acd3	feq.s	x25,f13,f27	 f13:0x407ffffe f27:0x00000000 x25=0x00000000
     291515.000 ns	     29150	80005fc4	0191c733	xor	x14,x3,x25	  x3:0x00000000 x25:0x93e5c000 x14=0x00000000
     291525.000 ns	     29151	80005fc8	4071d093	srai	x1,x3,0x7	  x3:0x00000000  x1=0x00000000
     291565.000 ns	     29155	80005fcc	08b87e53	fsub.s	f28,f16,f11	 f16:0x4f5d2e80 f11:0x407ffffe f28=0x4f5d2e7f
     292745.000 ns	     29273	80005fd0	580e1753	fsqrt.s	f14,f28	 f28:0x4e850000 f14=0x471c6625
     292795.000 ns	     29278	80005fd4	00abf753	fadd.s	f14,f23,f10	 f23:0x4f000000 f10:0xd666a3f2 f14=0xd666a1f2
     292825.000 ns	     29281	80005fd8	032b1db3	mulh	x27,x22,x18	 x22:0x7ffbf018 x18:0x00000000 x27=0x00000000
     292845.000 ns	     29283	80005fdc	7a9cb413	sltiu	x8,x25,1961	 x25:0x00000000  x8=0x00000001
     292865.000 ns	     29285	80005fe0	03850833	mul	x16,x10,x24	 x10:0x00000000 x24:0xfffffffc x16=0x00000000
     292885.000 ns	     29287	80005fe4	40a452b3	sra	x5,x8,x10	  x8:0x93e5c000 x10:0x00000000  x5=0x00000001
     292895.000 ns	     29288	80005fe8	00059433	sll	x8,x11,x0	 x11:0x00000004  x0:0x00000000  x8=0x00000004
     292905.000 ns	     29289	80005fec	00000013	addi	x0,x0,0	  x0:0x00000000
     292915.000 ns	     29290	80005ff0	00679093	slli	x1,x15,0x6	 x15:0xfffffe49  x1=0xffff9240
     292935.000 ns	     29292	80005ff4	293119d3	fmax.s	f19,f2,f19	  f2:0x00000000 f19:0xc7957da6 f19=0x00000000
     292955.000 ns	     29294	80005ff8	017713b3	sll	x7,x14,x23	 x14:0x00000000 x23:0xfffffc03  x7=0x00000000
     292975.000 ns	     29296	80005ffc	e00a90d3	fclass.s	x1,f21	 f21:0x42800000  x1=0x00000040
     293015.000 ns	     29300	80006000	108873d3	fmul.s	f7,f16,f8	 f16:0x4f5d2e80  f8:0x4f000000  f7=0x5edd2e80
     293045.000 ns	     29303	80006004	e0021cd3	fclass.s	x25,f4	  f4:0x7fc00000 x25=0x00000200
     293065.000 ns	     29305	80006008	00000013	addi	x0,x0,0	  x0:0x00000000
     293075.000 ns	     29306	8000600c	c74bb513	sltiu	x10,x23,-908	 x23:0xfffffc03 x10=0x00000001
     293085.000 ns	     29307	80006010	00971333	sll	x6,x14,x9	 x14:0x00000000  x9:0x00000000  x6=0x00000000
     293105.000 ns	     29309	80006014	034d00b3	mul	x1,x26,x20	 x26:0x00000000 x20:0x93e5c000  x1=0x00000000
     293125.000 ns	     29311	80006018	00000013	addi	x0,x0,0	  x0:0x00000000
     293145.000 ns	     29313	8000601c	0397bab3	mulhu	x21,x15,x25	 x15:0xfffffe49 x25:0x00000200 x21=0x000001ff
     293165.000 ns	     29315	80006020	01cc1f33	sll	x30,x24,x28	 x24:0xfffffffc x28:0x00000007 x30=0xfffffe00
     293175.000 ns	     29316	80006024	00d31c33	sll	x24,x6,x13	  x6:0x00000000 x13:0x000001b7 x24=0x00000000
     293185.000 ns	     29317	80006028	00ffa433	slt	x8,x31,x15	 x31:0xfffffffc x15:0xfffffe49  x8=0x00000000
     293205.000 ns	     29319	8000602c	c00715d3	fcvt.w.s	x11,f14	 f14:0xd666a1f2 x11=0x80000000
     293235.000 ns	     29322	80006030	29dd1cd3	fmax.s	f25,f26,f29	 f26:0xc7957da6 f29:0xc7957da6 f25=0xc7957da6
     293265.000 ns	     29325	80006034	29bc19d3	fmax.s	f19,f24,f27	 f24:0xc07ffffe f27:0x00000000 f19=0x00000000
     293285.000 ns	     29327	80006038	008d30b3	sltu	x1,x26,x8	 x26:0x00000000  x8:0x00000000  x1=0x00000000
     293295.000 ns	     29328	8000603c	41d05913	srai	x18,x0,0x1d	  x0:0x00000000 x18=0x00000000
     293315.000 ns	     29330	80006040	2112a153	fsgnjx.s	f2,f5,f17	  f5:0xc6e6a322 f17:0x7fc00000  f2=0xc6e6a322
     293335.000 ns	     29332	80006044	01cde2b3	or	x5,x27,x28	 x27:0x00000000 x28:0x00000007  x5=0x00000007
     293355.000 ns	     29334	80006048	217c1d53	fsgnjn.s	f26,f24,f23	 f24:0xc07ffffe f23:0x4f000000 f26=0xc07ffffe
     293375.000 ns	     29336	8000604c	83ea8313	addi	x6,x21,-1986	 x21:0x000001ff  x6=0xfffffa3d
     293395.000 ns	     29338	80006050	c01d76d3	fcvt.wu.s	x13,f26	 f26:0xc07ffffe x13=0x00000003
     293765.000 ns	     29375	80006054	02d268b3	rem	x17,x4,x13	  x4:0x80041024 x13:0x000001b7 x17=0x00000000
     293815.000 ns	     29380	80006058	09e400d3	fsub.s	f1,f8,f30	  f8:0x4f000000 f30:0x00000000  f1=0x4f000000
     293835.000 ns	     29382	8000605c	002b8f33	add	x30,x23,x2	 x23:0xfffffc03  x2:0x000003fd x30=0x00000000
     293845.000 ns	     29383	80006060	00ce0eb3	add	x29,x28,x12	 x28:0x00000007 x12:0x80040fe4 x29=0x80040feb
     293865.000 ns	     29385	80006064	a17b2ed3	feq.s	x29,f22,f23	 f22:0x4f7ffffd f23:0x4f000000 x29=0x00000000
     293885.000 ns	     29387	80006068	6fa6f693	andi	x13,x13,1786	 x13:0x00000003 x13=0x00000002
     293905.000 ns	     29389	8000606c	c00731d3	fcvt.w.s	x3,f14	 f14:0xd666a1f2  x3=0x80000000
     293925.000 ns	     29391	80006070	7c17e513	ori	x10,x15,1985	 x15:0xfffffe49 x10=0xffffffc9
     293945.000 ns	     29393	80006074	295509d3	fmin.s	f19,f10,f21	 f10:0xd666a3f2 f21:0x42800000 f19=0xd666a3f2
     293965.000 ns	     29395	80006078	00ce1eb3	sll	x29,x28,x12	 x28:0x00000007 x12:0x80040fe4 x29=0x00000070
     293985.000 ns	     29397	8000607c	f0050fd3	fmv.w.x	f31,x10	 x10:0xffffffc9 f31=0xffffffc9
     294005.000 ns	     29399	80006080	33c0ed93	ori	x27,x1,828	  x1:0x00000000 x27=0x0000033c
     294015.000 ns	     29400	80006084	414150b3	sra	x1,x2,x20	  x2:0x000003fd x20:0x93e5c000  x1=0x000003fd
     294025.000 ns	     29401	80006088	01e2cbb3	xor	x23,x5,x30	  x5:0x00000007 x30:0x00000000 x23=0x00000007
     294385.000 ns	     29437	8000608c	026cebb3	rem	x23,x25,x6	 x25:0x00000200  x6:0xfffffa3d x23=0x00000200
     294755.000 ns	     29474	80006090	03ccdc33	divu	x24,x25,x28	 x25:0x00000200 x28:0x00000007 x24=0x00000049
     294785.000 ns	     29477	80006094	029379b3	remu	x19,x6,x9	  x6:0xfffffa3d  x9:0x00000000 x19=0xfffffa3d
     294835.000 ns	     29482	80006098	0842f953	fsub.s	f18,f5,f4	  f5:0xc6e6a322  f4:0x7fc00000 f18=0x7fc00000
     294855.000 ns	     29484	8000609c	82d46293	ori	x5,x8,-2003	  x8:0x00000000  x5=0xfffff82d
     294875.000 ns	     29486	800060a0	292d07d3	fmin.s	f15,f26,f18	 f26:0xc07ffffe f18:0x7fc00000 f15=0xc07ffffe
     294905.000 ns	     29489	800060a4	a1939b53	flt.s	x22,f7,f25	  f7:0x5edd2e80 f25:0xc7957da6 x22=0x00000000
     294935.000 ns	     29492	800060a8	0336a4b3	mulhsu	x9,x13,x19	 x13:0x00000002 x19:0xfffffa3d  x9=0x00000001
     294965.000 ns	     29495	800060ac	a15498d3	flt.s	x17,f9,f21	  f9:0x407ffffe f21:0x42800000 x17=0x00000001
     294995.000 ns	     29498	800060b0	c006f453	fcvt.w.s	x8,f13	 f13:0x407ffffe  x8=0x00000003
     295015.000 ns	     29500	800060b4	5a3e2713	slti	x14,x28,1443	 x28:0x00000007 x14=0x00000001
     295035.000 ns	     29502	800060b8	030d46b3	div	x13,x26,x16	 x26:0x00000000 x16:0x00000000 x13=0xffffffff
     295065.000 ns	     29505	800060bc	d00df5d3	fcvt.s.w	f11,x27	 x27:0x0000033c f11=0x444f0000
     295095.000 ns	     29508	800060c0	a1249d53	flt.s	x26,f9,f18	  f9:0x407ffffe f18:0x7fc00000 x26=0x00000000
     295135.000 ns	     29512	800060c4	580f74d3	fsqrt.s	f9,f30	 f30:0x00000000  f9=0x00000000
     295155.000 ns	     29514	800060c8	1ac9d917	auipc	x18,0x1ac9d	 x18=0x9aca30c8
     295165.000 ns	     29515	800060cc	00376733	or	x14,x14,x3	 x14:0x00000001  x3:0x80000000 x14=0x80000001
     295175.000 ns	     29516	800060d0	005d1c13	slli	x24,x26,0x5	 x26:0x00000000 x24=0x00000000
     295185.000 ns	     29517	800060d4	54571d97	auipc	x27,0x54571	 x27=0xd45770d4
     295225.000 ns	     29521	800060d8	008a91d3	fadd.s	f3,f21,f8	 f21:0x42800000  f8:0x4f000000  f3=0x4f000000
     295245.000 ns	     29523	800060dc	1fdeb013	sltiu	x0,x29,509	 x29:0x00000070
     295255.000 ns	     29524	800060e0	0068dc33	srl	x24,x17,x6	 x17:0x00000001  x6:0xfffffa3d x24=0x00000000
     295275.000 ns	     29526	800060e4	e00c8153	fmv.x.w	x2,f25	 f25:0xc7957da6  x2=0xc7957da6
     295315.000 ns	     29530	800060e8	11a47153	fmul.s	f2,f8,f26	  f8:0x4f000000 f26:0xc07ffffe  f2=0xcffffffe
     295345.000 ns	     29533	800060ec	c015fad3	fcvt.wu.s	x21,f11	 f11:0x444f0000 x21=0x0000033c
     295365.000 ns	     29535	800060f0	64f46313	ori	x6,x8,1615	  x8:0x00000003  x6=0x0000064f
     295395.000 ns	     29538	800060f4	115eba53	fmul.s	f20,f29,f21	 f29:0xc7957da6 f21:0x42800000 f20=0xca957da6
     295415.000 ns	     29540	800060f8	39924893	xori	x17,x4,921	  x4:0x80041024 x17=0x800413bd
     295425.000 ns	     29541	800060fc	a64de313	ori	x6,x27,-1436	 x27:0xd45770d4  x6=0xfffffaf4
     295435.000 ns	     29542	80006100	00000013	addi	x0,x0,0	  x0:0x00000000
     295445.000 ns	     29543	80006104	0109d093	srli	x1,x19,0x10	 x19:0xfffffa3d  x1=0x0000ffff
     295465.000 ns	     29545	80006108	029089b3	mul	x19,x1,x9	  x1:0x000003fd  x9:0x00000001 x19=0x0000ffff
     295495.000 ns	     29548	8000610c	e00318d3	fclass.s	x17,f6	  f6:0xa465b94d x17=0x00000002
     295515.000 ns	     29550	80006110	00006b33	or	x22,x0,x0	  x0:0x00000000  x0:0x00000000 x22=0x00000000
     295535.000 ns	     29552	80006114	29368e53	fmin.s	f28,f13,f19	 f13:0x407ffffe f19:0xd666a3f2 f28=0xd666a3f2
     295555.000 ns	     29554	80006118	41a25013	srai	x0,x4,0x1a	  x4:0x80041024
     295575.000 ns	     29556	8000611c	0308afb3	mulhsu	x31,x17,x16	 x17:0x00000002 x16:0x00000000 x31=0x00000000
     295615.000 ns	     29560	80006120	105e7253	fmul.s	f4,f28,f5	 f28:0xd666a3f2  f5:0xc6e6a322  f4=0x5dcfca44
     295955.000 ns	     29594	80006124	1989a753	fdiv.s	f14,f19,f24	 f19:0xd666a3f2 f24:0xc07ffffe f14=0x55b1eb0e
     295995.000 ns	     29598	80006128	105d4653	fmul.s	f12,f26,f5	 f26:0xc07ffffe  f5:0xc6e6a322 f12=0x47e6a320
     296015.000 ns	     29600	8000612c	00671bb3	sll	x23,x14,x6	 x14:0x80000001  x6:0xfffffaf4 x23=0x00100000
     296025.000 ns	     29601	80006130	7dea2393	slti	x7,x20,2014	 x20:0x93e5c000  x7=0x00000001
     296385.000 ns	     29637	80006134	032675b3	remu	x11,x12,x18	 x12:0x80040fe4 x18:0x9aca30c8 x11=0x80040fe4
     296435.000 ns	     29642	80006138	097eb1d3	fsub.s	f3,f29,f23	 f29:0xc7957da6 f23:0x4f000000  f3=0xcf00012a
     296455.000 ns	     29644	8000613c	00000013	addi	x0,x0,0	  x0:0x00000000
     296475.000 ns	     29646	80006140	a1252f53	feq.s	x30,f10,f18	 f10:0xd666a3f2 f18:0x7fc00000 x30=0x00000000
     296495.000 ns	     29648	80006144	141ae993	ori	x19,x21,321	 x21:0x0000033c x19=0x0000037d
     296505.000 ns	     29649	80006148	002213b3	sll	x7,x4,x2	  x4:0x80041024  x2:0xc7957da6  x7=0x01040900
     296515.000 ns	     29650	8000614c	014d8fb3	add	x31,x27,x20	 x27:0xd45770d4 x20:0x93e5c000 x31=0x683d30d4
     296525.000 ns	     29651	80006150	40205193	srai	x3,x0,0x2	  x0:0x00000000  x3=0x00000000
     296535.000 ns	     29652	80006154	070b03b7	lui	x7,0x70b0	  x7=0x070b0000
     296555.000 ns	     29654	80006158	a05128d3	feq.s	x17,f2,f5	  f2:0xcffffffe  f5:0xc6e6a322 x17=0x00000000
     296585.000 ns	     29657	8000615c	032f2ab3	mulhsu	x21,x30,x18	 x30:0x00000000 x18:0x9aca30c8 x21=0x00000000
     296605.000 ns	     29659	80006160	00c70733	add	x14,x14,x12	 x14:0x80000001 x12:0x80040fe4 x14=0x00040fe5
     296615.000 ns	     29660	80006164	280b75b7	lui	x11,0x280b7	 x11=0x280b7000
     296625.000 ns	     29661	80006168	015e73b3	and	x7,x28,x21	 x28:0x00000007 x21:0x00000000  x7=0x00000000
     296645.000 ns	     29663	8000616c	0373bf33	mulhu	x30,x7,x23	  x7:0x070b0000 x23:0x00100000 x30=0x00000000
     296675.000 ns	     29666	80006170	a19b1353	flt.s	x6,f22,f25	 f22:0x4f7ffffd f25:0xc7957da6  x6=0x00000000
     296695.000 ns	     29668	80006174	00995393	srli	x7,x18,0x9	 x18:0x9aca30c8  x7=0x004d6518
     296705.000 ns	     29669	80006178	00a051b3	srl	x3,x0,x10	  x0:0x00000000 x10:0xffffffc9  x3=0x00000000
     297065.000 ns	     29705	8000617c	03b946b3	div	x13,x18,x27	 x18:0x9aca30c8 x27:0xd45770d4 x13=0x00000002
     297085.000 ns	     29707	80006180	01f228b3	slt	x17,x4,x31	  x4:0x80041024 x31:0x683d30d4 x17=0x00000001
     297105.000 ns	     29709	80006184	e00104d3	fmv.x.w	x9,f2	  f2:0xcffffffe  x9=0xcffffffe
     297125.000 ns	     29711	80006188	a6e97313	andi	x6,x18,-1426	 x18:0x9aca30c8  x6=0x9aca3048
     297145.000 ns	     29713	8000618c	20e08f53	fsgnj.s	f30,f1,f14	  f1:0x4f000000 f14:0x55b1eb0e f30=0x4f000000
     297165.000 ns	     29715	80006190	01b0e433	or	x8,x1,x27	  x1:0x0000ffff x27:0xd45770d4  x8=0xd457ffff
     297185.000 ns	     29717	80006194	29450753	fmin.s	f14,f10,f20	 f10:0xd666a3f2 f20:0xca957da6 f14=0xd666a3f2
     297225.000 ns	     29721	80006198	580d7a53	fsqrt.s	f20,f26	 f26:0xc07ffffe f20=0x7fc00000
     297245.000 ns	     29723	8000619c	01771e93	slli	x29,x14,0x17	 x14:0x00040fe5 x29=0xf2800000
     297255.000 ns	     29724	800061a0	00a0beb3	sltu	x29,x1,x10	  x1:0x0000ffff x10:0xffffffc9 x29=0x00000001
     297615.000 ns	     29760	800061a4	033cddb3	divu	x27,x25,x19	 x25:0x00000200 x19:0x0000037d x27=0x00000000
     297635.000 ns	     29762	800061a8	014849b3	xor	x19,x16,x20	 x16:0x00000000 x20:0x93e5c000 x19=0x93e5c000
     297675.000 ns	     29766	800061ac	01e273d3	fadd.s	f7,f4,f30	  f4:0x5dcfca44 f30:0x4f000000  f7=0x5dcfca44
     297695.000 ns	     29768	800061b0	f613c093	xori	x1,x7,-159	  x7:0x004d6518  x1=0xffb29a79
     297725.000 ns	     29771	800061b4	115e1053	fmul.s	f0,f28,f21	 f28:0xd666a3f2 f21:0x42800000  f0=0xd966a3f2
     297755.000 ns	     29774	800061b8	a1f70153	fle.s	x2,f14,f31	 f14:0xd666a3f2 f31:0xffffffc9  x2=0x00000000
     297785.000 ns	     29777	800061bc	03eac033	div	x0,x21,x30	 x21:0x00000000 x30:0x00000000
     297805.000 ns	     29779	800061c0	00000013	addi	x0,x0,0	  x0:0x00000000
     297825.000 ns	     29781	800061c4	021628b3	mulhsu	x17,x12,x1	 x12:0x80040fe4  x1:0xffb29a79 x17=0x802ac16d
     297845.000 ns	     29783	800061c8	b2ed2b93	slti	x23,x26,-1234	 x26:0x00000000 x23=0x00000000
     298205.000 ns	     29819	800061cc	032269b3	rem	x19,x4,x18	  x4:0x80041024 x18:0x9aca30c8 x19=0xe539df5c
     298235.000 ns	     29822	800061d0	c00ac353	fcvt.w.s	x6,f21	 f21:0x42800000  x6=0x00000040
     298255.000 ns	     29824	800061d4	01d45a93	srli	x21,x8,0x1d	  x8:0xd457ffff x21=0x00000006
     298265.000 ns	     29825	800061d8	012438b3	sltu	x17,x8,x18	  x8:0xd457ffff x18:0x9aca30c8 x17=0x00000000
     298275.000 ns	     29826	800061dc	015673b3	and	x7,x12,x21	 x12:0x80040fe4 x21:0x00000000  x7=0x00000004
     298285.000 ns	     29827	800061e0	1591fa93	andi	x21,x3,345	  x3:0x00000000 x21=0x00000000
     298305.000 ns	     29829	800061e4	21cd95d3	fsgnjn.s	f11,f27,f28	 f27:0x00000000 f28:0xd666a3f2 f11=0x00000000
     298335.000 ns	     29832	800061e8	02c305b3	mul	x11,x6,x12	  x6:0x00000040 x12:0x80040fe4 x11=0x0103f900
     298365.000 ns	     29835	800061ec	022e54b3	divu	x9,x28,x2	 x28:0x00000007  x2:0x00000000  x9=0xffffffff
     298385.000 ns	     29837	800061f0	40415893	srai	x17,x2,0x4	  x2:0x00000000 x17=0x00000000
     298395.000 ns	     29838	800061f4	efebea93	ori	x21,x23,-258	 x23:0x00000000 x21=0xfffffefe
     298415.000 ns	     29840	800061f8	f0028b53	fmv.w.x	f22,x5	  x5:0xfffff82d f22=0xfffff82d
     298435.000 ns	     29842	800061fc	007a87b3	add	x15,x21,x7	 x21:0x00000000  x7:0x00000004 x15=0xffffff02
     298445.000 ns	     29843	80006200	1d656093	ori	x1,x10,470	 x10:0xffffffc9  x1=0xffffffdf
     298455.000 ns	     29844	80006204	005eaeb3	slt	x29,x29,x5	 x29:0x00000001  x5:0xfffff82d x29=0x00000000
     298465.000 ns	     29845	80006208	01072bb3	slt	x23,x14,x16	 x14:0x00040fe5 x16:0x00000000 x23=0x00000000
     298495.000 ns	     29848	8000620c	10b89453	fmul.s	f8,f17,f11	 f17:0x7fc00000 f11:0x00000000  f8=0x7fc00000
     298525.000 ns	     29851	80006210	f0070553	fmv.w.x	f10,x14	 x14:0x00040fe5 f10=0x00040fe5
     298555.000 ns	     29854	80006214	02a3ba33	mulhu	x20,x7,x10	  x7:0x00000004 x10:0xffffffc9 x20=0x00000003
     298585.000 ns	     29857	80006218	c00f70d3	fcvt.w.s	x1,f30	 f30:0x4f000000  x1=0x7fffffff
     298615.000 ns	     29860	8000621c	a10b0a53	fle.s	x20,f22,f16	 f22:0xfffff82d f16:0x4f5d2e80 x20=0x00000000
     298955.000 ns	     29894	80006220	19e27d53	fdiv.s	f26,f4,f30	  f4:0x5dcfca44 f30:0x4f000000 f26=0x4dcfca44
     298995.000 ns	     29898	80006224	580c7153	fsqrt.s	f2,f24	 f24:0xc07ffffe  f2=0x7fc00000
     299025.000 ns	     29901	80006228	d01dbdd3	fcvt.s.wu	f27,x27	 x27:0x00000000 f27=0x00000000
     299075.000 ns	     29906	8000622c	009aff53	fadd.s	f30,f21,f9	 f21:0x42800000  f9:0x00000000 f30=0x42800000
     299105.000 ns	     29909	80006230	d0093bd3	fcvt.s.w	f23,x18	 x18:0x9aca30c8 f23=0xceca6b9f
     299135.000 ns	     29912	80006234	c01486d3	fcvt.wu.s	x13,f9	  f9:0x00000000 x13=0x00000000
     299165.000 ns	     29915	80006238	038ec7b3	div	x15,x29,x24	 x29:0x00000000 x24:0x00000000 x15=0xffffffff
     299205.000 ns	     29919	8000623c	11547c53	fmul.s	f24,f8,f21	  f8:0x7fc00000 f21:0x42800000 f24=0x7fc00000
     299235.000 ns	     29922	80006240	a1388853	fle.s	x16,f17,f19	 f17:0x7fc00000 f19:0xd666a3f2 x16=0x00000000
     299265.000 ns	     29925	80006244	02f2a433	mulhsu	x8,x5,x15	  x5:0xfffff82d x15:0xffffffff  x8=0xfffff82d
     299305.000 ns	     29929	80006248	10bbf953	fmul.s	f18,f23,f11	 f23:0xceca6b9f f11:0x00000000 f18=0x80000000
     299675.000 ns	     29966	8000624c	035058b3	divu	x17,x0,x21	  x0:0x00000000 x21:0xfffffefe x17=0x00000000
     299705.000 ns	     29969	80006250	28a51b53	fmax.s	f22,f10,f10	 f10:0x00040fe5 f10:0x00040fe5 f22=0x00040fe5
     299725.000 ns	     29971	80006254	00000013	addi	x0,x0,0	  x0:0x00000000
     299735.000 ns	     29972	80006258	ffbc2913	slti	x18,x24,-5	 x24:0x00000000 x18=0x00000000
     299755.000 ns	     29974	8000625c	a15d9953	flt.s	x18,f27,f21	 f27:0x00000000 f21:0x42800000 x18=0x00000001
     299795.000 ns	     29978	80006260	1107b553	fmul.s	f10,f15,f16	 f15:0xc07ffffe f16:0x4f5d2e80 f10=0xd05d2e7e
     299825.000 ns	     29981	80006264	e0068c53	fmv.x.w	x24,f13	 f13:0x407ffffe x24=0x407ffffe
     299855.000 ns	     29984	80006268	a1488d53	fle.s	x26,f17,f20	 f17:0x7fc00000 f20:0x7fc00000 x26=0x00000000
     299885.000 ns	     29987	8000626c	29481a53	fmax.s	f20,f16,f20	 f16:0x4f5d2e80 f20:0x7fc00000 f20=0x4f5d2e80
     299935.000 ns	     29992	80006270	090845d3	fsub.s	f11,f16,f16	 f16:0x4f5d2e80 f16:0x4f5d2e80 f11=0x80000000
     299955.000 ns	     29994	80006274	0149aeb3	slt	x29,x19,x20	 x19:0xe539df5c x20:0x00000000 x29=0x00000001
     299975.000 ns	     29996	80006278	202991d3	fsgnjn.s	f3,f19,f2	 f19:0xd666a3f2  f2:0x7fc00000  f3=0xd666a3f2
     300025.000 ns	     30001	8000627c	09842cd3	fsub.s	f25,f8,f24	  f8:0x7fc00000 f24:0x7fc00000 f25=0x7fc00000
     300075.000 ns	     30006	80006280	00e177d3	fadd.s	f15,f2,f14	  f2:0x7fc00000 f14:0xd666a3f2 f15=0x7fc00000
     300445.000 ns	     30043	80006284	02cbefb3	rem	x31,x23,x12	 x23:0x00000000 x12:0x80040fe4 x31=0x00000000
     300475.000 ns	     30046	80006288	02870833	mul	x16,x14,x8	 x14:0x00040fe5  x8:0xfffff82d x16=0xe037a341
     300505.000 ns	     30049	8000628c	d01b3d53	fcvt.s.wu	f26,x22	 x22:0x00000000 f26=0x00000000
     300555.000 ns	     30054	80006290	0824a553	fsub.s	f10,f9,f2	  f9:0x00000000  f2:0x7fc00000 f10=0x7fc00000
     300575.000 ns	     30056	80006294	007c2933	slt	x18,x24,x7	 x24:0x407ffffe  x7:0x00000004 x18=0x00000000
     300585.000 ns	     30057	80006298	400203b3	sub	x7,x4,x0	  x4:0x80041024  x0:0x00000000  x7=0x80041024
     300595.000 ns	     30058	8000629c	00b9fbb3	and	x23,x19,x11	 x19:0xe539df5c x11:0x0103f900 x23=0x0101d900
     300605.000 ns	     30059	800062a0	01942133	slt	x2,x8,x25	  x8:0xfffff82d x25:0x00000200  x2=0x00000001
     300615.000 ns	     30060	800062a4	004eceb3	xor	x29,x29,x4	 x29:0x00000001  x4:0x80041024 x29=0x80041025
     300635.000 ns	     30062	800062a8	21002cd3	fsgnjx.s	f25,f0,f16	  f0:0xd966a3f2 f16:0x4f5d2e80 f25=0xd966a3f2
     300655.000 ns	     30064	800062ac	88176e93	ori	x29,x14,-1919	 x14:0x00040fe5 x29=0xffffffe5
     300675.000 ns	     30066	800062b0	03ff4ab3	div	x21,x30,x31	 x30:0x00000000 x31:0x00000000 x21=0xffffffff
     301045.000 ns	     30103	800062b4	022bd4b3	divu	x9,x23,x2	 x23:0x0101d900  x2:0x00000001  x9=0x0101d900
     301065.000 ns	     30105	800062b8	40ae0fb3	sub	x31,x28,x10	 x28:0x00000007 x10:0xffffffc9 x31=0x0000003e
     301085.000 ns	     30107	800062bc	d00381d3	fcvt.s.w	f3,x7	  x7:0x80041024  f3=0xcefff7df
     301105.000 ns	     30109	800062c0	41b20d33	sub	x26,x4,x27	  x4:0x80041024 x27:0x00000000 x26=0x80041024
     301115.000 ns	     30110	800062c4	418c54b3	sra	x9,x24,x24	 x24:0x407ffffe x24:0x407ffffe  x9=0x00000001
     301125.000 ns	     30111	800062c8	018121b3	slt	x3,x2,x24	  x2:0x00000001 x24:0x407ffffe  x3=0x00000001
     301145.000 ns	     30113	800062cc	a06d9fd3	flt.s	x31,f27,f6	 f27:0x00000000  f6:0xa465b94d x31=0x00000000
     301165.000 ns	     30115	800062d0	e063ad13	slti	x26,x7,-506	  x7:0x80041024 x26=0x00000001
     301175.000 ns	     30116	800062d4	25e7b993	sltiu	x19,x15,606	 x15:0xffffffff x19=0x00000000
     301195.000 ns	     30118	800062d8	0360b0b3	mulhu	x1,x1,x22	  x1:0x7fffffff x22:0x00000000  x1=0x00000000
     301225.000 ns	     30121	800062dc	a1858553	fle.s	x10,f11,f24	 f11:0x80000000 f24:0x7fc00000 x10=0x00000000
     302405.000 ns	     30239	800062e0	580b1f53	fsqrt.s	f30,f22	 f22:0x00040fe5 f30=0x1f3ac314
     302435.000 ns	     30242	800062e4	e0040153	fmv.x.w	x2,f8	  f8:0x7fc00000  x2=0x7fc00000
     302455.000 ns	     30244	800062e8	41f28db3	sub	x27,x5,x31	  x5:0xfffff82d x31:0x00000000 x27=0xfffff82d
     302465.000 ns	     30245	800062ec	01e00cb3	add	x25,x0,x30	  x0:0x00000000 x30:0x00000000 x25=0x00000000
     302475.000 ns	     30246	800062f0	6ff13297	auipc	x5,0x6ff13	  x5=0xeff192f0
     302495.000 ns	     30248	800062f4	0362dab3	divu	x21,x5,x22	  x5:0xfffff82d x22:0x00000000 x21=0xffffffff
     302515.000 ns	     30250	800062f8	002f54b3	srl	x9,x30,x2	 x30:0x00000000  x2:0x7fc00000  x9=0x00000000
     302525.000 ns	     30251	800062fc	014cacb3	slt	x25,x25,x20	 x25:0x00000000 x20:0x00000000 x25=0x00000000
     302565.000 ns	     30255	80006300	001ff753	fadd.s	f14,f31,f1	 f31:0xffffffc9  f1:0x4f000000 f14=0x7fc00000
     302595.000 ns	     30258	80006304	a1100353	fle.s	x6,f0,f17	  f0:0xd966a3f2 f17:0x7fc00000  x6=0x00000000
     302615.000 ns	     30260	80006308	007f3db3	sltu	x27,x30,x7	 x30:0x00000000  x7:0x80041024 x27=0x00000001
     302625.000 ns	     30261	8000630c	006aebb3	or	x23,x21,x6	 x21:0xffffffff  x6:0x00000000 x23=0xffffffff
     302635.000 ns	     30262	80006310	40a6dd33	sra	x26,x13,x10	 x13:0x00000000 x10:0x00000000 x26=0x00000000
     302655.000 ns	     30264	80006314	28678a53	fmin.s	f20,f15,f6	 f15:0x7fc00000  f6:0xa465b94d f20=0xa465b94d
     302685.000 ns	     30267	80006318	a1bba9d3	feq.s	x19,f23,f27	 f23:0xceca6b9f f27:0x00000000 x19=0x00000000
     302725.000 ns	     30271	8000631c	58028ed3	fsqrt.s	f29,f5	  f5:0xc6e6a322 f29=0x7fc00000
     302745.000 ns	     30273	80006320	0189a3b3	slt	x7,x19,x24	 x19:0x00000000 x24:0x407ffffe  x7=0x00000001
     302765.000 ns	     30275	80006324	28681753	fmax.s	f14,f16,f6	 f16:0x4f5d2e80  f6:0xa465b94d f14=0x4f5d2e80
     302815.000 ns	     30280	80006328	089e78d3	fsub.s	f17,f28,f9	 f28:0xd666a3f2  f9:0x00000000 f17=0xd666a3f2
     302865.000 ns	     30285	8000632c	00dcfa53	fadd.s	f20,f25,f13	 f25:0xd966a3f2 f13:0x407ffffe f20=0xd966a3f2
     302895.000 ns	     30288	80006330	e00291d3	fclass.s	x3,f5	  f5:0xc6e6a322  x3=0x00000002
     302925.000 ns	     30291	80006334	e0008c53	fmv.x.w	x24,f1	  f1:0x4f000000 x24=0x4f000000
     302955.000 ns	     30294	80006338	c00a9ad3	fcvt.w.s	x21,f21	 f21:0x42800000 x21=0x00000040
     303325.000 ns	     30331	8000633c	038441b3	div	x3,x8,x24	  x8:0xfffff82d x24:0x4f000000  x3=0x00000000
     303355.000 ns	     30334	80006340	029668b3	rem	x17,x12,x9	 x12:0x80040fe4  x9:0x00000000 x17=0x80040fe4
     303375.000 ns	     30336	80006344	00e4acb3	slt	x25,x9,x14	  x9:0x00000000 x14:0x00040fe5 x25=0x00000001
     303395.000 ns	     30338	80006348	29ba0153	fmin.s	f2,f20,f27	 f20:0xd966a3f2 f27:0x00000000  f2=0xd966a3f2
     303425.000 ns	     30341	8000634c	a1ca9053	flt.s	x0,f21,f28	 f21:0x42800000 f28:0xd666a3f2
     303455.000 ns	     30344	80006350	03f5e833	rem	x16,x11,x31	 x11:0x0103f900 x31:0x00000000 x16=0x0103f900
     303485.000 ns	     30347	80006354	025dbcb3	mulhu	x25,x27,x5	 x27:0x00000001  x5:0xeff192f0 x25=0x00000000
     303855.000 ns	     30384	80006358	0253e533	rem	x10,x7,x5	  x7:0x00000001  x5:0xeff192f0 x10=0x00000001
     303885.000 ns	     30387	8000635c	03bda8b3	mulhsu	x17,x27,x27	 x27:0x00000001 x27:0x00000001 x17=0x00000000
     303905.000 ns	     30389	80006360	e8d478b7	lui	x17,0xe8d47	 x17=0xe8d47000
     304235.000 ns	     30422	80006364	18e8c053	fdiv.s	f0,f17,f14	 f17:0xd666a3f2 f14:0x4f5d2e80  f0=0xc666a3f2
     304255.000 ns	     30424	80006368	0023c933	xor	x18,x7,x2	  x7:0x00000001  x2:0x7fc00000 x18=0x7fc00001
     304265.000 ns	     30425	8000636c	52a62393	slti	x7,x12,1322	 x12:0x80040fe4  x7=0x00000001
     304625.000 ns	     30461	80006370	0283d9b3	divu	x19,x7,x8	  x7:0x00000001  x8:0xfffff82d x19=0x00000000
     304665.000 ns	     30465	80006374	5809fa53	fsqrt.s	f20,f19	 f19:0xd666a3f2 f20=0x7fc00000
     304695.000 ns	     30468	80006378	02f90f33	mul	x30,x18,x15	 x18:0x7fc00001 x15:0xffffffff x30=0x803fffff
     304725.000 ns	     30471	8000637c	03952fb3	mulhsu	x31,x10,x25	 x10:0x00000001 x25:0x00000000 x31=0x00000000
     304745.000 ns	     30473	80006380	41328bb3	sub	x23,x5,x19	  x5:0xeff192f0 x19:0x00000000 x23=0xeff192f0
     304765.000 ns	     30475	80006384	d00409d3	fcvt.s.w	f19,x8	  x8:0xfffff82d f19=0xc4fa6000
     304785.000 ns	     30477	80006388	01f2c933	xor	x18,x5,x31	  x5:0xeff192f0 x31:0x00000000 x18=0xeff192f0
     304805.000 ns	     30479	8000638c	293005d3	fmin.s	f11,f0,f19	  f0:0xc666a3f2 f19:0xc4fa6000 f11=0xc666a3f2
     304825.000 ns	     30481	80006390	7c387013	andi	x0,x16,1987	 x16:0x0103f900
     304835.000 ns	     30482	80006394	019a1b33	sll	x22,x20,x25	 x20:0x00000000 x25:0x00000000 x22=0x00000000
     304845.000 ns	     30483	80006398	c8804537	lui	x10,0xc8804	 x10=0xc8804000
     304875.000 ns	     30486	8000639c	11398e53	fmul.s	f28,f19,f19	 f19:0xc4fa6000 f19:0xc4fa6000 f28=0x4a74dfa4
     304895.000 ns	     30488	800063a0	00ebc133	xor	x2,x23,x14	 x23:0xeff192f0 x14:0x00040fe5  x2=0xeff59d15
     304915.000 ns	     30490	800063a4	020641b3	div	x3,x12,x0	 x12:0x80040fe4  x0:0x00000000  x3=0xffffffff
     304935.000 ns	     30492	800063a8	0b6ba693	slti	x13,x23,182	 x23:0xeff192f0 x13=0x00000001
     304955.000 ns	     30494	800063ac	e00811d3	fclass.s	x3,f16	 f16:0x4f5d2e80  x3=0x00000040
     304985.000 ns	     30497	800063b0	21822453	fsgnjx.s	f8,f4,f24	  f4:0x5dcfca44 f24:0x7fc00000  f8=0x5dcfca44
     305005.000 ns	     30499	800063b4	0a65b193	sltiu	x3,x11,166	 x11:0x0103f900  x3=0x00000000
     305015.000 ns	     30500	800063b8	00a35f93	srli	x31,x6,0xa	  x6:0x00000000 x31=0x00000000
     305025.000 ns	     30501	800063bc	7139aa17	auipc	x20,0x7139a	 x20=0xf13a03bc
     305045.000 ns	     30503	800063c0	d01e3cd3	fcvt.s.wu	f25,x28	 x28:0x00000007 f25=0x40e00000
     305385.000 ns	     30537	800063c4	1916b053	fdiv.s	f0,f13,f17	 f13:0x407ffffe f17:0xd666a3f2  f0=0xa97ffffe
     305405.000 ns	     30539	800063c8	009414b3	sll	x9,x8,x9	  x8:0xfffff82d  x9:0x00000000  x9=0xfffff82d
     305765.000 ns	     30575	800063cc	02ed5a33	divu	x20,x26,x14	 x26:0x00000000 x14:0x00040fe5 x20=0x00000000
     305785.000 ns	     30577	800063d0	00000013	addi	x0,x0,0	  x0:0x00000000
     305795.000 ns	     30578	800063d4	00f22f33	slt	x30,x4,x15	  x4:0x80041024 x15:0xffffffff x30=0x00000001
     305805.000 ns	     30579	800063d8	4146db13	srai	x22,x13,0x14	 x13:0x00000001 x22=0x00000000
     306165.000 ns	     30615	800063dc	03bc7f33	remu	x30,x24,x27	 x24:0x4f000000 x27:0x00000001 x30=0x00000000
     306535.000 ns	     30652	800063e0	02f76fb3	rem	x31,x14,x15	 x14:0x00040fe5 x15:0xffffffff x31=0x00000000
     306905.000 ns	     30689	800063e4	02bccdb3	div	x27,x25,x11	 x25:0x00000000 x11:0x0103f900 x27=0x00000000
     307245.000 ns	     30723	800063e8	1900f7d3	fdiv.s	f15,f1,f16	  f1:0x4f000000 f16:0x4f5d2e80 f15=0x3f000000
     307275.000 ns	     30726	800063ec	28c00fd3	fmin.s	f31,f0,f12	  f0:0xa97ffffe f12:0x47e6a320 f31=0xa97ffffe
     307645.000 ns	     30763	800063f0	038d7ab3	remu	x21,x26,x24	 x26:0x00000000 x24:0x4f000000 x21=0x00000000
     307675.000 ns	     30766	800063f4	e00d88d3	fmv.x.w	x17,f27	 f27:0x00000000 x17=0x00000000
     307705.000 ns	     30769	800063f8	20a41c53	fsgnjn.s	f24,f8,f10	  f8:0x5dcfca44 f10:0x7fc00000 f24=0xddcfca44
     307725.000 ns	     30771	800063fc	401d5bb3	sra	x23,x26,x1	 x26:0x00000000  x1:0x00000000 x23=0x00000000
     307735.000 ns	     30772	80006400	01831813	slli	x16,x6,0x18	  x6:0x00000000 x16=0x00000000
     307775.000 ns	     30776	80006404	0150c753	fadd.s	f14,f1,f21	  f1:0x4f000000 f21:0x42800000 f14=0x4f000000
     308145.000 ns	     30813	80006408	02255733	divu	x14,x10,x2	 x10:0xc8804000  x2:0xeff59d15 x14=0x00000000
     308175.000 ns	     30816	8000640c	0247ba33	mulhu	x20,x15,x4	 x15:0xffffffff  x4:0x80041024 x20=0x80041023
     308195.000 ns	     30818	80006410	3719ee93	ori	x29,x19,881	 x19:0x00000000 x29=0x00000371
     308205.000 ns	     30819	80006414	0010fcb3	and	x25,x1,x1	  x1:0x00000000  x1:0x00000000 x25=0x00000000
     308225.000 ns	     30821	80006418	03aeab33	mulhsu	x22,x29,x26	 x29:0xffffffe5 x26:0x00000000 x22=0x00000000
     308255.000 ns	     30824	8000641c	03f83333	mulhu	x6,x16,x31	 x16:0x00000000 x31:0x00000000  x6=0x00000000
     308285.000 ns	     30827	80006420	e00b9d53	fclass.s	x26,f23	 f23:0xceca6b9f x26=0x00000002
     308315.000 ns	     30830	80006424	c01f1353	fcvt.wu.s	x6,f30	 f30:0x1f3ac314  x6=0x00000000
     308345.000 ns	     30833	80006428	d0063b53	fcvt.s.w	f22,x12	 x12:0x80040fe4 f22=0xcefff7e1
     308375.000 ns	     30836	8000642c	031cb2b3	mulhu	x5,x25,x17	 x25:0x00000000 x17:0x00000000  x5=0x00000000
     308395.000 ns	     30838	80006430	ed13bd13	sltiu	x26,x7,-303	  x7:0x00000001 x26=0x00000001
     308405.000 ns	     30839	80006434	017c4933	xor	x18,x24,x23	 x24:0x4f000000 x23:0x00000000 x18=0x4f000000
     308425.000 ns	     30841	80006438	21ac83d3	fsgnj.s	f7,f25,f26	 f25:0x40e00000 f26:0x00000000  f7=0x40e00000
     308455.000 ns	     30844	8000643c	027fa133	mulhsu	x2,x31,x7	 x31:0x00000000  x7:0x00000001  x2=0x00000000
     308475.000 ns	     30846	80006440	01588333	add	x6,x17,x21	 x17:0x00000000 x21:0x00000000  x6=0x00000000
     308495.000 ns	     30848	80006444	03e46533	rem	x10,x8,x30	  x8:0xfffff82d x30:0x00000000 x10=0xfffff82d
     308525.000 ns	     30851	80006448	d01e79d3	fcvt.s.wu	f19,x28	 x28:0x00000007 f19=0x40e00000
     308555.000 ns	     30854	8000644c	c0037553	fcvt.w.s	x10,f6	  f6:0xa465b94d x10=0x00000000
     308575.000 ns	     30856	80006450	00a0d413	srli	x8,x1,0xa	  x1:0x00000000  x8=0x00000000
     308595.000 ns	     30858	80006454	0228ed33	rem	x26,x17,x2	 x17:0x00000000  x2:0x00000000 x26=0x00000000
     308625.000 ns	     30861	80006458	d00376d3	fcvt.s.w	f13,x6	  x6:0x00000000 f13=0x00000000
     308995.000 ns	     30898	8000645c	03496533	rem	x10,x18,x20	 x18:0x4f000000 x20:0x80041023 x10=0x4f000000
     309015.000 ns	     30900	80006460	009623b3	slt	x7,x12,x9	 x12:0x80040fe4  x9:0xfffff82d  x7=0x00000001
     309025.000 ns	     30901	80006464	01f7d333	srl	x6,x15,x31	 x15:0xffffffff x31:0x00000000  x6=0xffffffff
     309045.000 ns	     30903	80006468	c0074ad3	fcvt.w.s	x21,f14	 f14:0x4f000000 x21=0x7fffffff
     309075.000 ns	     30906	8000646c	027817b3	mulh	x15,x16,x7	 x16:0x00000000  x7:0x00000001 x15=0x00000000
     309105.000 ns	     30909	80006470	03edf6b3	remu	x13,x27,x30	 x27:0x00000000 x30:0x00000000 x13=0x00000000
     309125.000 ns	     30911	80006474	00fdacb3	slt	x25,x27,x15	 x27:0x00000000 x15:0x00000000 x25=0x00000000
     309135.000 ns	     30912	80006478	015a2c33	slt	x24,x20,x21	 x20:0x80041023 x21:0x7fffffff x24=0x00000001
     309145.000 ns	     30913	8000647c	4197df33	sra	x30,x15,x25	 x15:0x00000000 x25:0x00000000 x30=0x00000000
     309165.000 ns	     30915	80006480	a1090753	fle.s	x14,f18,f16	 f18:0x80000000 f16:0x4f5d2e80 x14=0x00000001
     309185.000 ns	     30917	80006484	41878d33	sub	x26,x15,x24	 x15:0x00000000 x24:0x00000001 x26=0xffffffff
     309205.000 ns	     30919	80006488	a0a70453	fle.s	x8,f14,f10	 f14:0x4f000000 f10:0x7fc00000  x8=0x00000000
     309225.000 ns	     30921	8000648c	41a4df13	srai	x30,x9,0x1a	  x9:0xfffff82d x30=0xffffffff
     309235.000 ns	     30922	80006490	00000013	addi	x0,x0,0	  x0:0x00000000
     309275.000 ns	     30926	80006494	005cfc53	fadd.s	f24,f25,f5	 f25:0x40e00000  f5:0xc6e6a322 f24=0xc6e69522
     309295.000 ns	     30928	80006498	7bbf8593	addi	x11,x31,1979	 x31:0x00000000 x11=0x000007bb
     309325.000 ns	     30931	8000649c	10d507d3	fmul.s	f15,f10,f13	 f10:0x7fc00000 f13:0x00000000 f15=0x7fc00000
     309345.000 ns	     30933	800064a0	016c40b3	xor	x1,x24,x22	 x24:0x00000001 x22:0x00000000  x1=0x00000001
     309355.000 ns	     30934	800064a4	01e20a33	add	x20,x4,x30	  x4:0x80041024 x30:0xffffffff x20=0x80041023
     309375.000 ns	     30936	800064a8	a0ed9853	flt.s	x16,f27,f14	 f27:0x00000000 f14:0x4f000000 x16=0x00000001
     309395.000 ns	     30938	800064ac	40f78ab3	sub	x21,x15,x15	 x15:0x00000000 x15:0x00000000 x21=0x00000000
     309405.000 ns	     30939	800064b0	40b0d193	srai	x3,x1,0xb	  x1:0x00000001  x3=0x00000000
     309425.000 ns	     30941	800064b4	0232c333	div	x6,x5,x3	  x5:0x00000000  x3:0x00000000  x6=0xffffffff
     309445.000 ns	     30943	800064b8	01e18933	add	x18,x3,x30	  x3:0x00000000 x30:0xffffffff x18=0xffffffff
     309475.000 ns	     30946	800064bc	1089f953	fmul.s	f18,f19,f8	 f19:0x40e00000  f8:0x5dcfca44 f18=0x5f35d0fc
     309495.000 ns	     30948	800064c0	0053de93	srli	x29,x7,0x5	  x7:0x00000001 x29=0x00000000
     309515.000 ns	     30950	800064c4	202e91d3	fsgnjn.s	f3,f29,f2	 f29:0x7fc00000  f2:0xd966a3f2  f3=0x7fc00000
     309545.000 ns	     30953	800064c8	c01f8ad3	fcvt.wu.s	x21,f31	 f31:0xa97ffffe x21=0x00000000
     309575.000 ns	     30956	800064cc	0224d6b3	divu	x13,x9,x2	  x9:0xfffff82d  x2:0x00000000 x13=0xffffffff
     309605.000 ns	     30959	800064d0	d0107bd3	fcvt.s.wu	f23,x0	  x0:0x00000000 f23=0x00000000
     309635.000 ns	     30962	800064d4	a18aa8d3	feq.s	x17,f21,f24	 f21:0x42800000 f24:0xc6e69522 x17=0x00000000
     309665.000 ns	     30965	800064d8	031d8533	mul	x10,x27,x17	 x27:0x00000000 x17:0x00000000 x10=0x00000000
     309685.000 ns	     30967	800064dc	0b824593	xori	x11,x4,184	  x4:0x80041024 x11=0x8004109c
     309705.000 ns	     30969	800064e0	e00b84d3	fmv.x.w	x9,f23	 f23:0x00000000  x9=0x00000000
     309745.000 ns	     30973	800064e4	10151653	fmul.s	f12,f10,f1	 f10:0x7fc00000  f1:0x4f000000 f12=0x7fc00000
     309795.000 ns	     30978	800064e8	00c4fe53	fadd.s	f28,f9,f12	  f9:0x00000000 f12:0x47e6a320 f28=0x7fc00000
     309815.000 ns	     30980	800064ec	f3db2013	slti	x0,x22,-195	 x22:0x00000000
     309855.000 ns	     30984	800064f0	01eb7c53	fadd.s	f24,f22,f30	 f22:0xcefff7e1 f30:0x1f3ac314 f24=0xcefff7e1
     309895.000 ns	     30988	800064f4	19a201d3	fdiv.s	f3,f4,f26	  f4:0x5dcfca44 f26:0x00000000  f3=0x7f800000
     309925.000 ns	     30991	800064f8	0242bab3	mulhu	x21,x5,x4	  x5:0x00000000  x4:0x80041024 x21=0x00000000
     309955.000 ns	     30994	800064fc	a1c82753	feq.s	x14,f16,f28	 f16:0x4f5d2e80 f28:0x7fc00000 x14=0x00000000
     309975.000 ns	     30996	80006500	0053adb3	slt	x27,x7,x5	  x7:0x00000001  x5:0x00000000 x27=0x00000000
     311145.000 ns	     31113	80006504	580823d3	fsqrt.s	f7,f16	 f16:0x4f5d2e80  f7=0x471c6626
     311165.000 ns	     31115	80006508	413b5933	sra	x18,x22,x19	 x22:0x00000000 x19:0x00000000 x18=0x00000000
     311175.000 ns	     31116	8000650c	0019c6b3	xor	x13,x19,x1	 x19:0x00000000  x1:0x00000001 x13=0x00000001
     311195.000 ns	     31118	80006510	03fb5133	divu	x2,x22,x31	 x22:0x00000000 x31:0x00000000  x2=0xffffffff
     311225.000 ns	     31121	80006514	02ce91b3	mulh	x3,x29,x12	 x29:0x00000000 x12:0x80040fe4  x3=0x00000000
     311245.000 ns	     31123	80006518	ac2bdeb7	lui	x29,0xac2bd	 x29=0xac2bd000
     311255.000 ns	     31124	8000651c	01db32b3	sltu	x5,x22,x29	 x22:0x00000000 x29:0x00000000  x5=0x00000001
     311275.000 ns	     31126	80006520	21fd9853	fsgnjn.s	f16,f27,f31	 f27:0x00000000 f31:0xa97ffffe f16=0x00000000
     311305.000 ns	     31129	80006524	0211a8b3	mulhsu	x17,x3,x1	  x3:0x00000000  x1:0x00000001 x17=0x00000000
     311325.000 ns	     31131	80006528	5b3a8493	addi	x9,x21,1459	 x21:0x00000000  x9=0x000005b3
     311335.000 ns	     31132	8000652c	7dec3913	sltiu	x18,x24,2014	 x24:0x00000001 x18=0x00000001
     311345.000 ns	     31133	80006530	00875b13	srli	x22,x14,0x8	 x14:0x00000000 x22=0x00000000
     311705.000 ns	     31169	80006534	025c5333	divu	x6,x24,x5	 x24:0x00000001  x5:0x00000001  x6=0x00000001
     311735.000 ns	     31172	80006538	d01a0653	fcvt.s.wu	f12,x20	 x20:0x80041023 f12=0x4f000410
     311765.000 ns	     31175	8000653c	21d82653	fsgnjx.s	f12,f16,f29	 f16:0x00000000 f29:0x7fc00000 f12=0x00000000
     312135.000 ns	     31212	80006540	022ec433	div	x8,x29,x2	 x29:0xac2bd000  x2:0xffffffff  x8=0x53d43000
     312165.000 ns	     31215	80006544	d01e15d3	fcvt.s.wu	f11,x28	 x28:0x00000007 f11=0x40e00000
     312195.000 ns	     31218	80006548	c00c2553	fcvt.w.s	x10,f24	 f24:0xcefff7e1 x10=0x80040f80
     312215.000 ns	     31220	8000654c	018af6b3	and	x13,x21,x24	 x21:0x00000000 x24:0x00000001 x13=0x00000000
     312235.000 ns	     31222	80006550	216b88d3	fsgnj.s	f17,f23,f22	 f23:0x00000000 f22:0xcefff7e1 f17=0x80000000
     312255.000 ns	     31224	80006554	212e4113	xori	x2,x28,530	 x28:0x00000007  x2=0x00000215
     312265.000 ns	     31225	80006558	ac9a0c13	addi	x24,x20,-1335	 x20:0x80041023 x24=0x80040aec
     312275.000 ns	     31226	8000655c	003e9b13	slli	x22,x29,0x3	 x29:0xac2bd000 x22=0x615e8000
     312295.000 ns	     31228	80006560	f00283d3	fmv.w.x	f7,x5	  x5:0x00000001  f7=0x00000001
     312345.000 ns	     31233	80006564	08d335d3	fsub.s	f11,f6,f13	  f6:0xa465b94d f13:0x00000000 f11=0xa465b94d
     312375.000 ns	     31236	80006568	c01223d3	fcvt.wu.s	x7,f4	  f4:0x5dcfca44  x7=0xffffffff
     312405.000 ns	     31239	8000656c	a150a1d3	feq.s	x3,f1,f21	  f1:0x4f000000 f21:0x42800000  x3=0x00000000
     312425.000 ns	     31241	80006570	22df0ab7	lui	x21,0x22df0	 x21=0x22df0000
     312465.000 ns	     31245	80006574	0167fed3	fadd.s	f29,f15,f22	 f15:0x7fc00000 f22:0xcefff7e1 f29=0x7fc00000
     312515.000 ns	     31250	80006578	014fa0d3	fadd.s	f1,f31,f20	 f31:0xa97ffffe f20:0x7fc00000  f1=0x7fc00000
     312535.000 ns	     31252	8000657c	01cde7b3	or	x15,x27,x28	 x27:0x00000000 x28:0x00000007 x15=0x00000007
     312545.000 ns	     31253	80006580	01f72c33	slt	x24,x14,x31	 x14:0x00000000 x31:0x00000000 x24=0x00000000
     312555.000 ns	     31254	80006584	00ca5693	srli	x13,x20,0xc	 x20:0x80041023 x13=0x00080041
     312565.000 ns	     31255	80006588	01144333	xor	x6,x8,x17	  x8:0x53d43000 x17:0x00000000  x6=0x53d43000
     312585.000 ns	     31257	8000658c	03052933	mulhsu	x18,x10,x16	 x10:0x80040f80 x16:0x00000001 x18=0xffffffff
     312615.000 ns	     31260	80006590	e0009cd3	fclass.s	x25,f1	  f1:0x7fc00000 x25=0x00000200
     312645.000 ns	     31263	80006594	a0c023d3	feq.s	x7,f0,f12	  f0:0xa97ffffe f12:0x00000000  x7=0x00000000
     312695.000 ns	     31268	80006598	08881e53	fsub.s	f28,f16,f8	 f16:0x00000000  f8:0x5dcfca44 f28=0xddcfca44
     312745.000 ns	     31273	8000659c	08e729d3	fsub.s	f19,f14,f14	 f14:0x4f000000 f14:0x4f000000 f19=0x80000000
     312765.000 ns	     31275	800065a0	0008e333	or	x6,x17,x0	 x17:0x00000000  x0:0x00000000  x6=0x00000000
     312785.000 ns	     31277	800065a4	024e9533	mulh	x10,x29,x4	 x29:0xac2bd000  x4:0x80041024 x10=0x29e8c366
     312805.000 ns	     31279	800065a8	00000013	addi	x0,x0,0	  x0:0x00000000
     312815.000 ns	     31280	800065ac	9a860413	addi	x8,x12,-1624	 x12:0x80040fe4  x8=0x8004098c
     312835.000 ns	     31282	800065b0	299a18d3	fmax.s	f17,f20,f25	 f20:0x7fc00000 f25:0x40e00000 f17=0x40e00000
     312865.000 ns	     31285	800065b4	d01bfa53	fcvt.s.wu	f20,x23	 x23:0x00000000 f20=0x00000000
     312885.000 ns	     31287	800065b8	013778b3	and	x17,x14,x19	 x14:0x00000000 x19:0x00000000 x17=0x00000000
     312895.000 ns	     31288	800065bc	9f534f13	xori	x30,x6,-1547	  x6:0x00000000 x30=0xfffff9f5
     312915.000 ns	     31290	800065c0	a1baa153	feq.s	x2,f21,f27	 f21:0x42800000 f27:0x00000000  x2=0x00000000
     312945.000 ns	     31293	800065c4	d01b71d3	fcvt.s.wu	f3,x22	 x22:0x615e8000  f3=0x4ec2bd00
     312975.000 ns	     31296	800065c8	a1991453	flt.s	x8,f18,f25	 f18:0x5f35d0fc f25:0x40e00000  x8=0x00000000
     312995.000 ns	     31298	800065cc	41160f33	sub	x30,x12,x17	 x12:0x80040fe4 x17:0x00000000 x30=0x80040fe4
     313015.000 ns	     31300	800065d0	c013b3d3	fcvt.wu.s	x7,f7	  f7:0x00000001  x7=0x00000000
     313045.000 ns	     31303	800065d4	21368153	fsgnj.s	f2,f13,f19	 f13:0x00000000 f19:0x80000000  f2=0x80000000
     313065.000 ns	     31305	800065d8	00c21033	sll	x0,x4,x12	  x4:0x80041024 x12:0x80040fe4
     313075.000 ns	     31306	800065dc	ca4e45b7	lui	x11,0xca4e4	 x11=0xca4e4000
     313085.000 ns	     31307	800065e0	01793f33	sltu	x30,x18,x23	 x18:0xffffffff x23:0x00000000 x30=0x00000000
     313095.000 ns	     31308	800065e4	40f0d993	srai	x19,x1,0xf	  x1:0x00000001 x19=0x00000000
     313115.000 ns	     31310	800065e8	e00f9f53	fclass.s	x30,f31	 f31:0xa97ffffe x30=0x00000002
     313145.000 ns	     31313	800065ec	03e22c33	mulhsu	x24,x4,x30	  x4:0x80041024 x30:0x00000000 x24=0xffffffff
     313165.000 ns	     31315	800065f0	017338b3	sltu	x17,x6,x23	  x6:0x00000000 x23:0x00000000 x17=0x00000000
     313185.000 ns	     31317	800065f4	e00e1953	fclass.s	x18,f28	 f28:0xddcfca44 x18=0x00000002
     313215.000 ns	     31320	800065f8	e0001dd3	fclass.s	x27,f0	  f0:0xa97ffffe x27=0x00000002
     313235.000 ns	     31322	800065fc	00911cb3	sll	x25,x2,x9	  x2:0x00000000  x9:0x000005b3 x25=0x00000000
     313245.000 ns	     31323	80006600	9d203f13	sltiu	x30,x0,-1582	  x0:0x00000000 x30=0x00000001
     313605.000 ns	     31359	80006604	0388cd33	div	x26,x17,x24	 x17:0x00000000 x24:0xffffffff x26=0x00000000
     313635.000 ns	     31362	80006608	023ef6b3	remu	x13,x29,x3	 x29:0xac2bd000  x3:0x00000000 x13=0xac2bd000
     313665.000 ns	     31365	8000660c	2153aa53	fsgnjx.s	f20,f7,f21	  f7:0x00000001 f21:0x42800000 f20=0x00000001
     313695.000 ns	     31368	80006610	026461b3	rem	x3,x8,x6	  x8:0x00000000  x6:0x00000000  x3=0x00000000
     313715.000 ns	     31370	80006614	0101d7b3	srl	x15,x3,x16	  x3:0x00000000 x16:0x00000001 x15=0x00000000
     313725.000 ns	     31371	80006618	00ef7d33	and	x26,x30,x14	 x30:0x00000001 x14:0x00000000 x26=0x00000000
     313745.000 ns	     31373	8000661c	283c86d3	fmin.s	f13,f25,f3	 f25:0x40e00000  f3:0x4ec2bd00 f13=0x40e00000
     313765.000 ns	     31375	80006620	01642433	slt	x8,x8,x22	  x8:0x00000000 x22:0x615e8000  x8=0x00000001
     313785.000 ns	     31377	80006624	a17a2ad3	feq.s	x21,f20,f23	 f20:0x00000001 f23:0x00000000 x21=0x00000000
     313815.000 ns	     31380	80006628	c0127153	fcvt.wu.s	x2,f4	  f4:0x5dcfca44  x2=0xffffffff
     313835.000 ns	     31382	8000662c	00eba5b3	slt	x11,x23,x14	 x23:0x00000000 x14:0x00000000 x11=0x00000000
     313855.000 ns	     31384	80006630	c00cf5d3	fcvt.w.s	x11,f25	 f25:0x40e00000 x11=0x00000007
     313875.000 ns	     31386	80006634	00ef61b3	or	x3,x30,x14	 x30:0x00000001 x14:0x00000000  x3=0x00000001
     313895.000 ns	     31388	80006638	f0018ed3	fmv.w.x	f29,x3	  x3:0x00000000 f29=0x00000001
     313915.000 ns	     31390	8000663c	49e81a17	auipc	x20,0x49e81	 x20=0xc9e8763c
     313935.000 ns	     31392	80006640	d00bbf53	fcvt.s.w	f30,x23	 x23:0x00000000 f30=0x00000000
     313955.000 ns	     31394	80006644	d61d8513	addi	x10,x27,-671	 x27:0x00000002 x10=0xfffffd63
     313975.000 ns	     31396	80006648	a06e25d3	feq.s	x11,f28,f6	 f28:0xddcfca44  f6:0xa465b94d x11=0x00000000
     313995.000 ns	     31398	8000664c	419f03b3	sub	x7,x30,x25	 x30:0x00000001 x25:0x00000000  x7=0x00000001
     314015.000 ns	     31400	80006650	d000c8d3	fcvt.s.w	f17,x1	  x1:0x00000001 f17=0x3f800000
     314035.000 ns	     31402	80006654	00776eb3	or	x29,x14,x7	 x14:0x00000000  x7:0x00000000 x29=0x00000001
     314045.000 ns	     31403	80006658	bbd4da37	lui	x20,0xbbd4d	 x20=0xbbd4d000
     314055.000 ns	     31404	8000665c	007b70b3	and	x1,x22,x7	 x22:0x615e8000  x7:0x00000001  x1=0x00000000
     314075.000 ns	     31406	80006660	03ca98b3	mulh	x17,x21,x28	 x21:0x00000000 x28:0x00000007 x17=0x00000000
     314105.000 ns	     31409	80006664	029f8933	mul	x18,x31,x9	 x31:0x00000000  x9:0x000005b3 x18=0x00000000
     314135.000 ns	     31412	80006668	0200aa33	mulhsu	x20,x1,x0	  x1:0x00000000  x0:0x00000000 x20=0x00000000
     314165.000 ns	     31415	8000666c	c005c9d3	fcvt.w.s	x19,f11	 f11:0xa465b94d x19=0x00000000
     314195.000 ns	     31418	80006670	c0059b53	fcvt.w.s	x22,f11	 f11:0xa465b94d x22=0x00000000
     314225.000 ns	     31421	80006674	f0078f53	fmv.w.x	f30,x15	 x15:0x00000000 f30=0x00000000
     314255.000 ns	     31424	80006678	d01cfb53	fcvt.s.wu	f22,x25	 x25:0x00000000 f22=0x00000000
     315435.000 ns	     31542	8000667c	580ef8d3	fsqrt.s	f17,f29	 f29:0x00000001 f17=0x1f350483
     315465.000 ns	     31545	80006680	d008f353	fcvt.s.w	f6,x17	 x17:0x00000000  f6=0x00000000
     315485.000 ns	     31547	80006684	35862593	slti	x11,x12,856	 x12:0x80040fe4 x11=0x00000001
     315515.000 ns	     31550	80006688	1029c3d3	fmul.s	f7,f19,f2	 f19:0x80000000  f2:0x80000000  f7=0x00000000
     315535.000 ns	     31552	8000668c	00000013	addi	x0,x0,0	  x0:0x00000000
     315565.000 ns	     31555	80006690	18fe8e53	fdiv.s	f28,f29,f15	 f29:0x00000001 f15:0x7fc00000 f28=0x7fc00000
     315585.000 ns	     31557	80006694	401fdd33	sra	x26,x31,x1	 x31:0x00000000  x1:0x00000000 x26=0x00000000
     315595.000 ns	     31558	80006698	6cbae713	ori	x14,x21,1739	 x21:0x00000000 x14=0x000006cb
     315615.000 ns	     31560	8000669c	03754433	div	x8,x10,x23	 x10:0xfffffd63 x23:0x00000000  x8=0xffffffff
     315645.000 ns	     31563	800066a0	21b80f53	fsgnj.s	f30,f16,f27	 f16:0x00000000 f27:0x00000000 f30=0x00000000
     315695.000 ns	     31568	800066a4	00c925d3	fadd.s	f11,f18,f12	 f18:0x5f35d0fc f12:0x00000000 f11=0x5f35d0fc
     315715.000 ns	     31570	800066a8	4054d2b3	sra	x5,x9,x5	  x9:0x000005b3  x5:0x00000001  x5=0x000002d9
     315755.000 ns	     31574	800066ac	01bbff53	fadd.s	f30,f23,f27	 f23:0x00000000 f27:0x00000000 f30=0x00000000
     315775.000 ns	     31576	800066b0	47eb2a93	slti	x21,x22,1150	 x22:0x00000000 x21=0x00000001
     316135.000 ns	     31612	800066b4	03c17fb3	remu	x31,x2,x28	  x2:0xffffffff x28:0x00000007 x31=0x00000003
     316155.000 ns	     31614	800066b8	014438b3	sltu	x17,x8,x20	  x8:0xffffffff x20:0x00000000 x17=0x00000000
     316165.000 ns	     31615	800066bc	5bcffa13	andi	x20,x31,1468	 x31:0x00000003 x20=0x00000000
     316185.000 ns	     31617	800066c0	0313bb33	mulhu	x22,x7,x17	  x7:0x00000001 x17:0x00000000 x22=0x00000000
     316205.000 ns	     31619	800066c4	00000013	addi	x0,x0,0	  x0:0x00000000
     316215.000 ns	     31620	800066c8	4788bc17	auipc	x24,0x4788b	 x24=0xc78916c8
     316225.000 ns	     31621	800066cc	41fc03b3	sub	x7,x24,x31	 x24:0xffffffff x31:0x00000003  x7=0xc78916c5
     316235.000 ns	     31622	800066d0	f8294a13	xori	x20,x18,-126	 x18:0x00000000 x20=0xffffff82
     316245.000 ns	     31623	800066d4	2b377d13	andi	x26,x14,691	 x14:0x000006cb x26=0x00000283
     316265.000 ns	     31625	800066d8	a19303d3	fle.s	x7,f6,f25	  f6:0x00000000 f25:0x40e00000  x7=0x00000001
     316295.000 ns	     31628	800066dc	e00b9d53	fclass.s	x26,f23	 f23:0x00000000 x26=0x00000010
     316325.000 ns	     31631	800066e0	297b1353	fmax.s	f6,f22,f23	 f22:0x00000000 f23:0x00000000  f6=0x00000000
     316345.000 ns	     31633	800066e4	000f3733	sltu	x14,x30,x0	 x30:0x00000001  x0:0x00000000 x14=0x00000000
     316355.000 ns	     31634	800066e8	41305033	sra	x0,x0,x19	  x0:0x00000000 x19:0x00000000
     316365.000 ns	     31635	800066ec	29ac4697	auipc	x13,0x29ac4	 x13=0xa9aca6ec
     316385.000 ns	     31637	800066f0	d01d7dd3	fcvt.s.wu	f27,x26	 x26:0x00000010 f27=0x41800000
     316405.000 ns	     31639	800066f4	01f93fb3	sltu	x31,x18,x31	 x18:0x00000000 x31:0x00000003 x31=0x00000001
     316425.000 ns	     31641	800066f8	034036b3	mulhu	x13,x0,x20	  x0:0x00000000 x20:0xffffff82 x13=0x00000000
     316455.000 ns	     31644	800066fc	f0080553	fmv.w.x	f10,x16	 x16:0x00000001 f10=0x00000001
     316475.000 ns	     31646	80006700	01257933	and	x18,x10,x18	 x10:0xfffffd63 x18:0x00000000 x18=0x00000000
     316485.000 ns	     31647	80006704	00edd313	srli	x6,x27,0xe	 x27:0x00000002  x6=0x00000000
     316845.000 ns	     31683	80006708	025acdb3	div	x27,x21,x5	 x21:0x00000001  x5:0x000002d9 x27=0x00000000
     316875.000 ns	     31686	8000670c	020308b3	mul	x17,x6,x0	  x6:0x00000000  x0:0x00000000 x17=0x00000000
     316895.000 ns	     31688	80006710	ced6cc37	lui	x24,0xced6c	 x24=0xced6c000
     316905.000 ns	     31689	80006714	00311293	slli	x5,x2,0x3	  x2:0xffffffff  x5=0xfffffff8
     316925.000 ns	     31691	80006718	c0057453	fcvt.w.s	x8,f10	 f10:0x00000001  x8=0x00000000
     316945.000 ns	     31693	8000671c	00fdd593	srli	x11,x27,0xf	 x27:0x00000000 x11=0x00000000
     316955.000 ns	     31694	80006720	00ae1b13	slli	x22,x28,0xa	 x28:0x00000007 x22=0x00001c00
     316975.000 ns	     31696	80006724	02a2a0b3	mulhsu	x1,x5,x10	  x5:0xfffffff8 x10:0xfffffd63  x1=0xfffffff8
     316995.000 ns	     31698	80006728	1c898713	addi	x14,x19,456	 x19:0x00000000 x14=0x000001c8
     317005.000 ns	     31699	8000672c	01e71bb3	sll	x23,x14,x30	 x14:0x00000000 x30:0x00000001 x23=0x00000390
     317365.000 ns	     31735	80006730	0222f2b3	remu	x5,x5,x2	  x5:0xfffffff8  x2:0xffffffff  x5=0xfffffff8
     317395.000 ns	     31738	80006734	c017b9d3	fcvt.wu.s	x19,f15	 f15:0x7fc00000 x19=0xffffffff
     317425.000 ns	     31741	80006738	e00b02d3	fmv.x.w	x5,f22	 f22:0x00000000  x5=0x00000000
     317445.000 ns	     31743	8000673c	00205c93	srli	x25,x0,0x2	  x0:0x00000000 x25=0x00000000
     317455.000 ns	     31744	80006740	0069d9b3	srl	x19,x19,x6	 x19:0xffffffff  x6:0x00000000 x19=0xffffffff
     317815.000 ns	     31780	80006744	03c6e033	rem	x0,x13,x28	 x13:0x00000000 x28:0x00000007
     317835.000 ns	     31782	80006748	012a6033	or	x0,x20,x18	 x20:0xffffff82 x18:0x00000000
     317875.000 ns	     31786	8000674c	09620253	fsub.s	f4,f4,f22	  f4:0x5dcfca44 f22:0x00000000  f4=0x5dcfca44
     317915.000 ns	     31790	80006750	11fb7353	fmul.s	f6,f22,f31	 f22:0x00000000 f31:0xa97ffffe  f6=0x80000000
     317935.000 ns	     31792	80006754	036d7313	andi	x6,x26,54	 x26:0x00000010  x6=0x00000010
     317955.000 ns	     31794	80006758	c00b29d3	fcvt.w.s	x19,f22	 f22:0x00000000 x19=0x00000000
     317985.000 ns	     31797	8000675c	e00b9cd3	fclass.s	x25,f23	 f23:0x00000000 x25=0x00000010
     318005.000 ns	     31799	80006760	40665813	srai	x16,x12,0x6	 x12:0x80040fe4 x16=0xfe00103f
     318015.000 ns	     31800	80006764	00d11393	slli	x7,x2,0xd	  x2:0xffffffff  x7=0xffffe000
     318375.000 ns	     31836	80006768	02ee72b3	remu	x5,x28,x14	 x28:0x00000007 x14:0x000001c8  x5=0x00000007
     318405.000 ns	     31839	8000676c	c001c153	fcvt.w.s	x2,f3	  f3:0x4ec2bd00  x2=0x615e8000
     318435.000 ns	     31842	80006770	03b0c133	div	x2,x1,x27	  x1:0xfffffff8 x27:0x00000000  x2=0xffffffff
     318485.000 ns	     31847	80006774	004d3353	fadd.s	f6,f26,f4	 f26:0x00000000  f4:0x5dcfca44  f6=0x5dcfca44
     318505.000 ns	     31849	80006778	41160b33	sub	x22,x12,x17	 x12:0x80040fe4 x17:0x00000000 x22=0x80040fe4
     318515.000 ns	     31850	8000677c	00000013	addi	x0,x0,0	  x0:0x00000000
     318535.000 ns	     31852	80006780	c01077d3	fcvt.wu.s	x15,f0	  f0:0xa97ffffe x15=0x00000000
     318565.000 ns	     31855	80006784	f00a00d3	fmv.w.x	f1,x20	 x20:0xffffff82  f1=0xffffff82
     318585.000 ns	     31857	80006788	19a82393	slti	x7,x16,410	 x16:0xfe00103f  x7=0x00000001
     318595.000 ns	     31858	8000678c	0110a3b3	slt	x7,x1,x17	  x1:0xfffffff8 x17:0x00000000  x7=0x00000001
     318615.000 ns	     31860	80006790	21c605d3	fsgnj.s	f11,f12,f28	 f12:0x00000000 f28:0x7fc00000 f11=0x00000000
     318645.000 ns	     31863	80006794	c00f7d53	fcvt.w.s	x26,f30	 f30:0x00000000 x26=0x00000000
     318665.000 ns	     31865	80006798	985e3a93	sltiu	x21,x28,-1659	 x28:0x00000007 x21=0x00000001
     318685.000 ns	     31867	8000679c	0342bab3	mulhu	x21,x5,x20	  x5:0x00000007 x20:0xffffff82 x21=0x00000006
     318705.000 ns	     31869	800067a0	016e5db3	srl	x27,x28,x22	 x28:0x00000007 x22:0x80040fe4 x27=0x00000000
     318725.000 ns	     31871	800067a4	0221b6b3	mulhu	x13,x3,x2	  x3:0x00000001  x2:0xffffffff x13=0x00000000
     318755.000 ns	     31874	800067a8	0327cf33	div	x30,x15,x18	 x15:0x00000000 x18:0x00000000 x30=0xffffffff
     318775.000 ns	     31876	800067ac	001fedb3	or	x27,x31,x1	 x31:0x00000001  x1:0xfffffff8 x27=0xfffffff9
     318785.000 ns	     31877	800067b0	41a1dbb3	sra	x23,x3,x26	  x3:0x00000001 x26:0x00000000 x23=0x00000001
     318795.000 ns	     31878	800067b4	3b034f93	xori	x31,x6,944	  x6:0x00000010 x31=0x000003a0
     318835.000 ns	     31882	800067b8	018d32d3	fadd.s	f5,f26,f24	 f26:0x00000000 f24:0xcefff7e1  f5=0xcefff7e1
     318865.000 ns	     31885	800067bc	a1368a53	fle.s	x20,f13,f19	 f13:0x40e00000 f19:0x80000000 x20=0x00000000
     318905.000 ns	     31889	800067c0	108b7953	fmul.s	f18,f22,f8	 f22:0x00000000  f8:0x5dcfca44 f18=0x00000000
     318925.000 ns	     31891	800067c4	0183d6b3	srl	x13,x7,x24	  x7:0x00000001 x24:0xced6c000 x13=0x00000001
     318945.000 ns	     31893	800067c8	c00477d3	fcvt.w.s	x15,f8	  f8:0x5dcfca44 x15=0x7fffffff
     318965.000 ns	     31895	800067cc	01001433	sll	x8,x0,x16	  x0:0x00000000 x16:0xfe00103f  x8=0x00000000
     318975.000 ns	     31896	800067d0	41488a33	sub	x20,x17,x20	 x17:0x00000000 x20:0x00000000 x20=0x00000000
     318985.000 ns	     31897	800067d4	400b5f13	srai	x30,x22,0x0	 x22:0x80040fe4 x30=0x80040fe4
     319015.000 ns	     31900	800067d8	11529153	fmul.s	f2,f5,f21	  f5:0xcefff7e1 f21:0x42800000  f2=0xd1fff7e1
     319035.000 ns	     31902	800067dc	99dcf793	andi	x15,x25,-1635	 x25:0x00000010 x15=0x00000010
     319055.000 ns	     31904	800067e0	28908bd3	fmin.s	f23,f1,f9	  f1:0xffffff82  f9:0x00000000 f23=0x00000000
     319075.000 ns	     31906	800067e4	402a02b3	sub	x5,x20,x2	 x20:0x00000000  x2:0xffffffff  x5=0x00000001
     319105.000 ns	     31909	800067e8	115229d3	fmul.s	f19,f4,f21	  f4:0x5dcfca44 f21:0x42800000 f19=0x60cfca44
     319125.000 ns	     31911	800067ec	00812cb3	slt	x25,x2,x8	  x2:0xffffffff  x8:0x00000000 x25=0x00000001
     319485.000 ns	     31947	800067f0	027cfb33	remu	x22,x25,x7	 x25:0x00000010  x7:0x00000001 x22=0x00000000
     319515.000 ns	     31950	800067f4	28680fd3	fmin.s	f31,f16,f6	 f16:0x00000000  f6:0x5dcfca44 f31=0x00000000
     319535.000 ns	     31952	800067f8	d0076f13	ori	x30,x14,-768	 x14:0x000001c8 x30=0xfffffdc8
     319555.000 ns	     31954	800067fc	d00c7fd3	fcvt.s.w	f31,x24	 x24:0xced6c000 f31=0xce44a500
     319575.000 ns	     31956	80006800	00a95c13	srli	x24,x18,0xa	 x18:0x00000000 x24=0x00000000
     319585.000 ns	     31957	80006804	018949b3	xor	x19,x18,x24	 x18:0x00000000 x24:0xced6c000 x19=0x00000000
     319615.000 ns	     31960	80006808	1131f853	fmul.s	f16,f3,f19	  f3:0x4ec2bd00 f19:0x60cfca44 f16=0x701e10b0
     319635.000 ns	     31962	8000680c	648e3593	sltiu	x11,x28,1608	 x28:0x00000007 x11=0x00000001
     319675.000 ns	     31966	80006810	0993c553	fsub.s	f10,f7,f25	  f7:0x00000000 f25:0x40e00000 f10=0xc0e00000
     319695.000 ns	     31968	80006814	0114c833	xor	x16,x9,x17	  x9:0x000005b3 x17:0x00000000 x16=0x000005b3
     319705.000 ns	     31969	80006818	dc233c93	sltiu	x25,x6,-574	  x6:0x00000010 x25=0x00000001
     319725.000 ns	     31971	8000681c	a1208a53	fle.s	x20,f1,f18	  f1:0xffffff82 f18:0x00000000 x20=0x00000000
     319755.000 ns	     31974	80006820	03c60833	mul	x16,x12,x28	 x12:0x80040fe4 x28:0x00000007 x16=0x801c6f3c
     319805.000 ns	     31979	80006824	082cafd3	fsub.s	f31,f25,f2	 f25:0x40e00000  f2:0xd1fff7e1 f31=0x51fff7e1
     319825.000 ns	     31981	80006828	00d357b3	srl	x15,x6,x13	  x6:0x00000010 x13:0x00000001 x15=0x00000008
     319855.000 ns	     31984	8000682c	58012bd3	fsqrt.s	f23,f2	  f2:0xd1fff7e1 f23=0x7fc00000
     319885.000 ns	     31987	80006830	a1f901d3	fle.s	x3,f18,f31	 f18:0x00000000 f31:0x51fff7e1  x3=0x00000001
     319915.000 ns	     31990	80006834	e0039553	fclass.s	x10,f7	  f7:0x00000000 x10=0x00000010
     319945.000 ns	     31993	80006838	29b28ed3	fmin.s	f29,f5,f27	  f5:0xcefff7e1 f27:0x41800000 f29=0xcefff7e1
     319965.000 ns	     31995	8000683c	0003c5b3	xor	x11,x7,x0	  x7:0x00000001  x0:0x00000000 x11=0x00000001
     319975.000 ns	     31996	80006840	00c85693	srli	x13,x16,0xc	 x16:0x801c6f3c x13=0x000801c6
     319995.000 ns	     31998	80006844	d01e7953	fcvt.s.wu	f18,x28	 x28:0x00000007 f18=0x40e00000
     320025.000 ns	     32001	80006848	20c58853	fsgnj.s	f16,f11,f12	 f11:0x00000000 f12:0x00000000 f16=0x00000000
     320055.000 ns	     32004	8000684c	29381ad3	fmax.s	f21,f16,f19	 f16:0x701e10b0 f19:0x60cfca44 f21=0x60cfca44
     320075.000 ns	     32006	80006850	01b02333	slt	x6,x0,x27	  x0:0x00000000 x27:0xfffffff9  x6=0x00000000
     320085.000 ns	     32007	80006854	0c275517	auipc	x10,0xc275	 x10=0x8c27b854
     320105.000 ns	     32009	80006858	a16e1053	flt.s	x0,f28,f22	 f28:0x7fc00000 f22:0x00000000
     320135.000 ns	     32012	8000685c	038586b3	mul	x13,x11,x24	 x11:0x00000001 x24:0x00000000 x13=0x00000000
     320165.000 ns	     32015	80006860	03836533	rem	x10,x6,x24	  x6:0x00000000 x24:0x00000000 x10=0x00000000
     320185.000 ns	     32017	80006864	40ebd193	srai	x3,x23,0xe	 x23:0x00000001  x3=0x00000000
     320195.000 ns	     32018	80006868	00a615b3	sll	x11,x12,x10	 x12:0x80040fe4 x10:0x00000000 x11=0x80040fe4
     320215.000 ns	     32020	8000686c	03417db3	remu	x27,x2,x20	  x2:0xffffffff x20:0x00000000 x27=0xffffffff
     320245.000 ns	     32023	80006870	f00503d3	fmv.w.x	f7,x10	 x10:0x00000000  f7=0x00000000
     320615.000 ns	     32060	80006874	0254c033	div	x0,x9,x5	  x9:0x000005b3  x5:0x00000001
     320635.000 ns	     32062	80006878	003a8833	add	x16,x21,x3	 x21:0x00000006  x3:0x00000000 x16=0x00000006
     320645.000 ns	     32063	8000687c	01958833	add	x16,x11,x25	 x11:0x80040fe4 x25:0x00000001 x16=0x80040fe5
     320675.000 ns	     32066	80006880	1894f053	fdiv.s	f0,f9,f9	  f9:0x00000000  f9:0x00000000  f0=0x7fc00000
     320695.000 ns	     32068	80006884	00517cb3	and	x25,x2,x5	  x2:0xffffffff  x5:0x00000001 x25=0x00000001
     320735.000 ns	     32072	80006888	081dabd3	fsub.s	f23,f27,f1	 f27:0x41800000  f1:0xffffff82 f23=0x7fc00000
     320775.000 ns	     32076	8000688c	103c41d3	fmul.s	f3,f24,f3	 f24:0xcefff7e1  f3:0x4ec2bd00  f3=0xde42b6d3
     320795.000 ns	     32078	80006890	00c35033	srl	x0,x6,x12	  x6:0x00000000 x12:0x80040fe4
     320815.000 ns	     32080	80006894	a1d48bd3	fle.s	x23,f9,f29	  f9:0x00000000 f29:0xcefff7e1 x23=0x00000000
     320845.000 ns	     32083	80006898	d00c82d3	fcvt.s.w	f5,x25	 x25:0x00000001  f5=0x3f800000
     320875.000 ns	     32086	8000689c	036b79b3	remu	x19,x22,x22	 x22:0x00000000 x22:0x00000000 x19=0x00000000
     320925.000 ns	     32091	800068a0	00e81a53	fadd.s	f20,f16,f14	 f16:0x00000000 f14:0x4f000000 f20=0x4f000000
     320955.000 ns	     32094	800068a4	c012b2d3	fcvt.wu.s	x5,f5	  f5:0x3f800000  x5=0x00000001
     321325.000 ns	     32131	800068a8	02554833	div	x16,x10,x5	 x10:0x00000000  x5:0x00000001 x16=0x00000000
     321355.000 ns	     32134	800068ac	03cb1b33	mulh	x22,x22,x28	 x22:0x00000000 x28:0x00000007 x22=0x00000000
     321375.000 ns	     32136	800068b0	00844d33	xor	x26,x8,x8	  x8:0x00000000  x8:0x00000000 x26=0x00000000
     321395.000 ns	     32138	800068b4	0321a733	mulhsu	x14,x3,x18	  x3:0x00000000 x18:0x00000000 x14=0x00000000
     321415.000 ns	     32140	800068b8	0189d8b3	srl	x17,x19,x24	 x19:0x00000000 x24:0x00000000 x17=0x00000000
     321425.000 ns	     32141	800068bc	36f95cb7	lui	x25,0x36f95	 x25=0x36f95000
     321445.000 ns	     32143	800068c0	e0041453	fclass.s	x8,f8	  f8:0x5dcfca44  x8=0x00000040
     321465.000 ns	     32145	800068c4	014307b3	add	x15,x6,x20	  x6:0x00000000 x20:0x00000000 x15=0x00000000
     321475.000 ns	     32146	800068c8	44356193	ori	x3,x10,1091	 x10:0x00000000  x3=0x00000443
     321835.000 ns	     32182	800068cc	02356833	rem	x16,x10,x3	 x10:0x00000000  x3:0x00000000 x16=0x00000000
     321865.000 ns	     32185	800068d0	20b18a53	fsgnj.s	f20,f3,f11	  f3:0xde42b6d3 f11:0x00000000 f20=0x5e42b6d3
     321915.000 ns	     32190	800068d4	09cff7d3	fsub.s	f15,f31,f28	 f31:0x51fff7e1 f28:0x7fc00000 f15=0x7fc00000
     321945.000 ns	     32193	800068d8	a088a553	feq.s	x10,f17,f8	 f17:0x1f350483  f8:0x5dcfca44 x10=0x00000000
     321975.000 ns	     32196	800068dc	21ee22d3	fsgnjx.s	f5,f28,f30	 f28:0x7fc00000 f30:0x00000000  f5=0x7fc00000
     322005.000 ns	     32199	800068e0	f0038953	fmv.w.x	f18,x7	  x7:0x00000001 f18=0x00000001
     322035.000 ns	     32202	800068e4	037f9333	mulh	x6,x31,x23	 x31:0x000003a0 x23:0x00000000  x6=0x00000000
     322055.000 ns	     32204	800068e8	014b49b3	xor	x19,x22,x20	 x22:0x00000000 x20:0x00000000 x19=0x00000000
     322065.000 ns	     32205	800068ec	412b8733	sub	x14,x23,x18	 x23:0x00000000 x18:0x00000000 x14=0x00000000
     322085.000 ns	     32207	800068f0	035d25b3	mulhsu	x11,x26,x21	 x26:0x00000000 x21:0x00000006 x11=0x00000000
     322115.000 ns	     32210	800068f4	d00701d3	fcvt.s.w	f3,x14	 x14:0x00000000  f3=0x00000000
     322145.000 ns	     32213	800068f8	0345b3b3	mulhu	x7,x11,x20	 x11:0x00000000 x20:0x00000000  x7=0x00000000
     322175.000 ns	     32216	800068fc	c0167053	fcvt.wu.s	x0,f12	 f12:0x00000000
     322195.000 ns	     32218	80006900	413f50b3	sra	x1,x30,x19	 x30:0xfffffdc8 x19:0x00000000  x1=0xfffffdc8
     322205.000 ns	     32219	80006904	8b19a417	auipc	x8,0x8b19a	  x8=0x0b1a0904
     322225.000 ns	     32221	80006908	28cc0853	fmin.s	f16,f24,f12	 f24:0xcefff7e1 f12:0x00000000 f16=0xcefff7e1
     322255.000 ns	     32224	8000690c	20b103d3	fsgnj.s	f7,f2,f11	  f2:0xd1fff7e1 f11:0x00000000  f7=0x51fff7e1
     322275.000 ns	     32226	80006910	01544833	xor	x16,x8,x21	  x8:0x0b1a0904 x21:0x00000006 x16=0x0b1a0902
     322295.000 ns	     32228	80006914	a1a919d3	flt.s	x19,f18,f26	 f18:0x00000001 f26:0x00000000 x19=0x00000000
     322315.000 ns	     32230	80006918	0023ab33	slt	x22,x7,x2	  x7:0x00000000  x2:0xffffffff x22=0x00000000
     322325.000 ns	     32231	8000691c	c9668113	addi	x2,x13,-874	 x13:0x00000000  x2=0xfffffc96
     322345.000 ns	     32233	80006920	a1d5ac53	feq.s	x24,f11,f29	 f11:0x00000000 f29:0xcefff7e1 x24=0x00000000
     322375.000 ns	     32236	80006924	202b8a53	fsgnj.s	f20,f23,f2	 f23:0x7fc00000  f2:0xd1fff7e1 f20=0xffc00000
     322395.000 ns	     32238	80006928	00080f33	add	x30,x16,x0	 x16:0x0b1a0902  x0:0x00000000 x30=0x0b1a0902
     322405.000 ns	     32239	8000692c	011c3b33	sltu	x22,x24,x17	 x24:0x00000000 x17:0x00000000 x22=0x00000000
     322435.000 ns	     32242	80006930	103ef9d3	fmul.s	f19,f29,f3	 f29:0xcefff7e1  f3:0x00000000 f19=0x80000000
     322465.000 ns	     32245	80006934	d00d1453	fcvt.s.w	f8,x26	 x26:0x00000000  f8=0x00000000
     322495.000 ns	     32248	80006938	02fd5fb3	divu	x31,x26,x15	 x26:0x00000000 x15:0x00000000 x31=0xffffffff
     322515.000 ns	     32250	8000693c	e33bbb13	sltiu	x22,x23,-461	 x23:0x00000000 x22=0x00000001
     322525.000 ns	     32251	80006940	d16beab7	lui	x21,0xd16be	 x21=0xd16be000
     322545.000 ns	     32253	80006944	e0069a53	fclass.s	x20,f13	 f13:0x40e00000 x20=0x00000040
     322585.000 ns	     32257	80006948	58082153	fsqrt.s	f2,f16	 f16:0xcefff7e1  f2=0x7fc00000
     322955.000 ns	     32294	8000694c	03e27033	remu	x0,x4,x30	  x4:0x80041024 x30:0x0b1a0902
     322975.000 ns	     32296	80006950	01f823b3	slt	x7,x16,x31	 x16:0x0b1a0902 x31:0xffffffff  x7=0x00000000
     322995.000 ns	     32298	80006954	a0ac81d3	fle.s	x3,f25,f10	 f25:0x40e00000 f10:0xc0e00000  x3=0x00000000
     323015.000 ns	     32300	80006958	0008a3b3	slt	x7,x17,x0	 x17:0x00000000  x0:0x00000000  x7=0x00000000
     323035.000 ns	     32302	8000695c	a11388d3	fle.s	x17,f7,f17	  f7:0x51fff7e1 f17:0x1f350483 x17=0x00000000
     323065.000 ns	     32305	80006960	02faa3b3	mulhsu	x7,x21,x15	 x21:0xd16be000 x15:0x00000000  x7=0x00000000
     323085.000 ns	     32307	80006964	017b58b3	srl	x17,x22,x23	 x22:0x00000001 x23:0x00000000 x17=0x00000001
     323095.000 ns	     32308	80006968	013fd3b3	srl	x7,x31,x19	 x31:0xffffffff x19:0x00000000  x7=0xffffffff
     323115.000 ns	     32310	8000696c	c00a08d3	fcvt.w.s	x17,f20	 f20:0xffc00000 x17=0x7fffffff
     323145.000 ns	     32313	80006970	a0af93d3	flt.s	x7,f31,f10	 f31:0x51fff7e1 f10:0xc0e00000  x7=0x00000000
     323165.000 ns	     32315	80006974	000d2933	slt	x18,x26,x0	 x26:0x00000000  x0:0x00000000 x18=0x00000000
     323185.000 ns	     32317	80006978	28fb8f53	fmin.s	f30,f23,f15	 f23:0x7fc00000 f15:0x7fc00000 f30=0x7fc00000
     323215.000 ns	     32320	8000697c	0268b9b3	mulhu	x19,x17,x6	 x17:0x7fffffff  x6:0x00000000 x19=0x00000000
     323235.000 ns	     32322	80006980	007143b3	xor	x7,x2,x7	  x2:0xfffffc96  x7:0x00000000  x7=0xfffffc96
     323245.000 ns	     32323	80006984	4cfe6a13	ori	x20,x28,1231	 x28:0x00000007 x20=0x000004cf
     323255.000 ns	     32324	80006988	01909413	slli	x8,x1,0x19	  x1:0xfffffdc8  x8=0x90000000
     323265.000 ns	     32325	8000698c	005ad513	srli	x10,x21,0x5	 x21:0xd16be000 x10=0x068b5f00
     323275.000 ns	     32326	80006990	402ad033	sra	x0,x21,x2	 x21:0xd16be000  x2:0xfffffc96
     323285.000 ns	     32327	80006994	ab870793	addi	x15,x14,-1352	 x14:0x00000000 x15=0xfffffab8
     323295.000 ns	     32328	80006998	65992293	slti	x5,x18,1625	 x18:0x00000000  x5=0x00000001
     323315.000 ns	     32330	8000699c	d0084bd3	fcvt.s.w	f23,x16	 x16:0x0b1a0902 f23=0x4d31a090
     323355.000 ns	     32334	800069a0	580b4653	fsqrt.s	f12,f22	 f22:0x00000000 f12=0x00000000
     323375.000 ns	     32336	800069a4	00989cb3	sll	x25,x17,x9	 x17:0x7fffffff  x9:0x000005b3 x25=0xfff80000
     323385.000 ns	     32337	800069a8	83dcc593	xori	x11,x25,-1987	 x25:0x36f95000 x11=0x0007f83d
     323405.000 ns	     32339	800069ac	0352b8b3	mulhu	x17,x5,x21	  x5:0x00000001 x21:0xd16be000 x17=0x00000000
     323425.000 ns	     32341	800069b0	001a2bb3	slt	x23,x20,x1	 x20:0x000004cf  x1:0xfffffdc8 x23=0x00000000
     323445.000 ns	     32343	800069b4	0262f0b3	remu	x1,x5,x6	  x5:0x00000001  x6:0x00000000  x1=0x00000001
     323475.000 ns	     32346	800069b8	a0d52c53	feq.s	x24,f10,f13	 f10:0xc0e00000 f13:0x40e00000 x24=0x00000000
     323495.000 ns	     32348	800069bc	4117d793	srai	x15,x15,0x11	 x15:0xfffffab8 x15=0xffffffff
     323505.000 ns	     32349	800069c0	00000013	addi	x0,x0,0	  x0:0x00000000
     323515.000 ns	     32350	800069c4	c203b137	lui	x2,0xc203b	  x2=0xc203b000
     323525.000 ns	     32351	800069c8	6606fa13	andi	x20,x13,1632	 x13:0x00000000 x20=0x00000000
     323535.000 ns	     32352	800069cc	00c45113	srli	x2,x8,0xc	  x8:0x90000000  x2=0x00090000
     323545.000 ns	     32353	800069d0	c3a84d93	xori	x27,x16,-966	 x16:0x0b1a0902 x27=0xf4e5f538
     323555.000 ns	     32354	800069d4	4a252993	slti	x19,x10,1186	 x10:0x068b5f00 x19=0x00000000
     323565.000 ns	     32355	800069d8	40355813	srai	x16,x10,0x3	 x10:0x068b5f00 x16=0x00d16be0
     323575.000 ns	     32356	800069dc	417ad013	srai	x0,x21,0x17	 x21:0xd16be000
     323585.000 ns	     32357	800069e0	007bdb13	srli	x22,x23,0x7	 x23:0x00000000 x22=0x00000000
     323595.000 ns	     32358	800069e4	001a39b3	sltu	x19,x20,x1	 x20:0x00000000  x1:0x00000001 x19=0x00000001
     323615.000 ns	     32360	800069e8	d016a853	fcvt.s.wu	f16,x13	 x13:0x00000000 f16=0x00000000
     323645.000 ns	     32363	800069ec	03019db3	mulh	x27,x3,x16	  x3:0x00000000 x16:0x00d16be0 x27=0x00000000
     323675.000 ns	     32366	800069f0	c0168353	fcvt.wu.s	x6,f13	 f13:0x40e00000  x6=0x00000007
     324045.000 ns	     32403	800069f4	024c5433	divu	x8,x24,x4	 x24:0x00000000  x4:0x80041024  x8=0x00000000
     324075.000 ns	     32406	800069f8	29798153	fmin.s	f2,f19,f23	 f19:0x80000000 f23:0x4d31a090  f2=0x80000000
     324105.000 ns	     32409	800069fc	a0cdabd3	feq.s	x23,f27,f12	 f27:0x41800000 f12:0x00000000 x23=0x00000000
     324125.000 ns	     32411	80006a00	008a9933	sll	x18,x21,x8	 x21:0xd16be000  x8:0x00000000 x18=0xd16be000
     324135.000 ns	     32412	80006a04	4fb62397	auipc	x7,0x4fb62	  x7=0xcfb68a04
     324145.000 ns	     32413	80006a08	012963b3	or	x7,x18,x18	 x18:0x00000000 x18:0x00000000  x7=0xd16be000
     324155.000 ns	     32414	80006a0c	01085c13	srli	x24,x16,0x10	 x16:0x00d16be0 x24=0x000000d1
     324165.000 ns	     32415	80006a10	00000013	addi	x0,x0,0	  x0:0x00000000
     324185.000 ns	     32417	80006a14	20448253	fsgnj.s	f4,f9,f4	  f9:0x00000000  f4:0x5dcfca44  f4=0x00000000
     324205.000 ns	     32419	80006a18	401c0a33	sub	x20,x24,x1	 x24:0x000000d1  x1:0x00000001 x20=0x000000d0
     324215.000 ns	     32420	80006a1c	011e7f33	and	x30,x28,x17	 x28:0x00000007 x17:0x00000000 x30=0x00000000
     324225.000 ns	     32421	80006a20	d003ba13	sltiu	x20,x7,-768	  x7:0xd16be000 x20=0x00000001
     324245.000 ns	     32423	80006a24	21c20d53	fsgnj.s	f26,f4,f28	  f4:0x00000000 f28:0x7fc00000 f26=0x00000000
     324275.000 ns	     32426	80006a28	03e955b3	divu	x11,x18,x30	 x18:0xd16be000 x30:0x00000000 x11=0xffffffff
     324295.000 ns	     32428	80006a2c	63aec913	xori	x18,x29,1594	 x29:0x00000001 x18=0x0000063b
     324315.000 ns	     32430	80006a30	282119d3	fmax.s	f19,f2,f2	  f2:0x80000000  f2:0x80000000 f19=0x80000000
     324345.000 ns	     32433	80006a34	20802c53	fsgnjx.s	f24,f0,f8	  f0:0x7fc00000  f8:0x00000000 f24=0x7fc00000
     324365.000 ns	     32435	80006a38	6ee6ce93	xori	x29,x13,1774	 x13:0x00000000 x29=0x000006ee
     324375.000 ns	     32436	80006a3c	a428e013	ori	x0,x17,-1470	 x17:0x00000000
     324385.000 ns	     32437	80006a40	01436733	or	x14,x6,x20	  x6:0x00000007 x20:0x00000001 x14=0x00000007
     324405.000 ns	     32439	80006a44	c00f15d3	fcvt.w.s	x11,f30	 f30:0x7fc00000 x11=0x7fffffff
     324425.000 ns	     32441	80006a48	01fd25b3	slt	x11,x26,x31	 x26:0x00000000 x31:0xffffffff x11=0x00000000
     324445.000 ns	     32443	80006a4c	a094a5d3	feq.s	x11,f9,f9	  f9:0x00000000  f9:0x00000000 x11=0x00000001
     324465.000 ns	     32445	80006a50	3554bf13	sltiu	x30,x9,853	  x9:0x000005b3 x30=0x00000000
     324485.000 ns	     32447	80006a54	208f2453	fsgnjx.s	f8,f30,f8	 f30:0x7fc00000  f8:0x00000000  f8=0x7fc00000
     324505.000 ns	     32449	80006a58	4197d713	srai	x14,x15,0x19	 x15:0xffffffff x14=0xffffffff
     324525.000 ns	     32451	80006a5c	a07c09d3	fle.s	x19,f24,f7	 f24:0x7fc00000  f7:0x51fff7e1 x19=0x00000000
     324575.000 ns	     32456	80006a60	097ff353	fsub.s	f6,f31,f23	 f31:0x51fff7e1 f23:0x4d31a090  f6=0x51ff9f10
     324615.000 ns	     32460	80006a64	106774d3	fmul.s	f9,f14,f6	 f14:0x4f000000  f6:0x5dcfca44  f9=0x617f9f10
     325795.000 ns	     32578	80006a68	58037953	fsqrt.s	f18,f6	  f6:0x51ff9f10 f18=0x48b4e266
     325815.000 ns	     32580	80006a6c	00c79913	slli	x18,x15,0xc	 x15:0xffffffff x18=0xfffff000
     326175.000 ns	     32616	80006a70	03275033	divu	x0,x14,x18	 x14:0xffffffff x18:0x0000063b
     326195.000 ns	     32618	80006a74	00e53b33	sltu	x22,x10,x14	 x10:0x068b5f00 x14:0xffffffff x22=0x00000001
     326215.000 ns	     32620	80006a78	027cafb3	mulhsu	x31,x25,x7	 x25:0xfff80000  x7:0xd16be000 x31=0xfff974a1
     326235.000 ns	     32622	80006a7c	f7879097	auipc	x1,0xf7879	  x1=0x7787fa7c
     326255.000 ns	     32624	80006a80	02362c33	mulhsu	x24,x12,x3	 x12:0x80040fe4  x3:0x00000000 x24=0x00000000
     326285.000 ns	     32627	80006a84	039528b3	mulhsu	x17,x10,x25	 x10:0x068b5f00 x25:0xfff80000 x17=0x068b2aa5
     326305.000 ns	     32629	80006a88	406bd9b3	sra	x19,x23,x6	 x23:0x00000000  x6:0x00000007 x19=0x00000000
     326315.000 ns	     32630	80006a8c	42f4a513	slti	x10,x9,1071	  x9:0x000005b3 x10=0x00000000
     326335.000 ns	     32632	80006a90	e00d13d3	fclass.s	x7,f26	 f26:0x00000000  x7=0x00000010
     326365.000 ns	     32635	80006a94	20341d53	fsgnjn.s	f26,f8,f3	  f8:0x7fc00000  f3:0x00000000 f26=0xffc00000
     326385.000 ns	     32637	80006a98	8255b893	sltiu	x17,x11,-2011	 x11:0x00000001 x17=0x00000001
     327555.000 ns	     32754	80006a9c	580dfa53	fsqrt.s	f20,f27	 f27:0x41800000 f20=0x407fffae
     327575.000 ns	     32756	80006aa0	c59eba93	sltiu	x21,x29,-935	 x29:0x000006ee x21=0x00000001
     327585.000 ns	     32757	80006aa4	014104b3	add	x9,x2,x20	  x2:0x00090000 x20:0x00000001  x9=0x00090001
     327625.000 ns	     32761	80006aa8	09f0a7d3	fsub.s	f15,f1,f31	  f1:0xffffff82 f31:0x51fff7e1 f15=0x7fc00000
     327665.000 ns	     32765	80006aac	10ae10d3	fmul.s	f1,f28,f10	 f28:0x7fc00000 f10:0xc0e00000  f1=0x7fc00000
     327695.000 ns	     32768	80006ab0	29fb9ed3	fmax.s	f29,f23,f31	 f23:0x4d31a090 f31:0x51fff7e1 f29=0x51fff7e1
     327715.000 ns	     32770	80006ab4	017f9b93	slli	x23,x31,0x17	 x31:0xfff974a1 x23=0x50800000
     327735.000 ns	     32772	80006ab8	a1f30153	fle.s	x2,f6,f31	  f6:0x51ff9f10 f31:0x51fff7e1  x2=0x00000001
     327755.000 ns	     32774	80006abc	2f2efa13	andi	x20,x29,754	 x29:0x000006ee x20=0x000002e2
     327795.000 ns	     32778	80006ac0	00a97f53	fadd.s	f30,f18,f10	 f18:0x48b4e266 f10:0xc0e00000 f30=0x48b4e186
     327815.000 ns	     32780	80006ac4	1e467b97	auipc	x23,0x1e467	 x23=0x9e46dac4
     327825.000 ns	     32781	80006ac8	40335113	srai	x2,x6,0x3	  x6:0x00000007  x2=0x00000000
     327835.000 ns	     32782	80006acc	00eb75b3	and	x11,x22,x14	 x22:0x00000001 x14:0xffffffff x11=0x00000001
     327855.000 ns	     32784	80006ad0	d0167a53	fcvt.s.wu	f20,x12	 x12:0x80040fe4 f20=0x4f00040f
     327875.000 ns	     32786	80006ad4	01492eb3	slt	x29,x18,x20	 x18:0xfffff000 x20:0x000002e2 x29=0x00000001
     327915.000 ns	     32790	80006ad8	09d7ae53	fsub.s	f28,f15,f29	 f15:0x7fc00000 f29:0x51fff7e1 f28=0x7fc00000
     327935.000 ns	     32792	80006adc	00000013	addi	x0,x0,0	  x0:0x00000000
     327955.000 ns	     32794	80006ae0	200c2a53	fsgnjx.s	f20,f24,f0	 f24:0x7fc00000  f0:0x7fc00000 f20=0x7fc00000
     327975.000 ns	     32796	80006ae4	0005f933	and	x18,x11,x0	 x11:0x00000001  x0:0x00000000 x18=0x00000000
     327985.000 ns	     32797	80006ae8	41fddeb3	sra	x29,x27,x31	 x27:0x00000000 x31:0xfff974a1 x29=0x00000000
     328005.000 ns	     32799	80006aec	c010ad53	fcvt.wu.s	x26,f1	  f1:0x7fc00000 x26=0xffffffff
     328035.000 ns	     32802	80006af0	21cdab53	fsgnjx.s	f22,f27,f28	 f27:0x41800000 f28:0x7fc00000 f22=0x41800000
     328065.000 ns	     32805	80006af4	03e28fb3	mul	x31,x5,x30	  x5:0x00000001 x30:0x00000000 x31=0x00000000
     328095.000 ns	     32808	80006af8	c00e7ad3	fcvt.w.s	x21,f28	 f28:0x7fc00000 x21=0x7fffffff
     328465.000 ns	     32845	80006afc	02e1ddb3	divu	x27,x3,x14	  x3:0x00000000 x14:0xffffffff x27=0x00000000
     328495.000 ns	     32848	80006b00	d01ef4d3	fcvt.s.wu	f9,x29	 x29:0x00000000  f9=0x00000000
     328525.000 ns	     32851	80006b04	0239a3b3	mulhsu	x7,x19,x3	 x19:0x00000000  x3:0x00000000  x7=0x00000000
     328555.000 ns	     32854	80006b08	a1870153	fle.s	x2,f14,f24	 f14:0x4f000000 f24:0x7fc00000  x2=0x00000000
     328575.000 ns	     32856	80006b0c	005c0ab3	add	x21,x24,x5	 x24:0x00000000  x5:0x00000001 x21=0x00000001
     328585.000 ns	     32857	80006b10	da2a2313	slti	x6,x20,-606	 x20:0x000002e2  x6=0x00000000
     328605.000 ns	     32859	80006b14	21d708d3	fsgnj.s	f17,f14,f29	 f14:0x4f000000 f29:0x51fff7e1 f17=0x4f000000
     328635.000 ns	     32862	80006b18	029d0c33	mul	x24,x26,x9	 x26:0xffffffff  x9:0x00090001 x24=0xfff6ffff
     328665.000 ns	     32865	80006b1c	281f93d3	fmax.s	f7,f31,f1	 f31:0x51fff7e1  f1:0x7fc00000  f7=0x51fff7e1
     328685.000 ns	     32867	80006b20	e38c80b7	lui	x1,0xe38c8	  x1=0xe38c8000
     328695.000 ns	     32868	80006b24	01152f33	slt	x30,x10,x17	 x10:0x00000000 x17:0x00000001 x30=0x00000001
     328715.000 ns	     32870	80006b28	02f0bf33	mulhu	x30,x1,x15	  x1:0x7787fa7c x15:0xffffffff x30=0xe38c7fff
     328745.000 ns	     32873	80006b2c	28d88a53	fmin.s	f20,f17,f13	 f17:0x4f000000 f13:0x40e00000 f20=0x40e00000
     328765.000 ns	     32875	80006b30	402d0db3	sub	x27,x26,x2	 x26:0xffffffff  x2:0x00000000 x27=0xffffffff
     328805.000 ns	     32879	80006b34	0180b1d3	fadd.s	f3,f1,f24	  f1:0x7fc00000 f24:0x7fc00000  f3=0x7fc00000
     328855.000 ns	     32884	80006b38	086b97d3	fsub.s	f15,f23,f6	 f23:0x4d31a090  f6:0x51ff9f10 f15=0xd1ff463f
     328885.000 ns	     32887	80006b3c	a1299bd3	flt.s	x23,f19,f18	 f19:0x80000000 f18:0x48b4e266 x23=0x00000001
     328905.000 ns	     32889	80006b40	00000013	addi	x0,x0,0	  x0:0x00000000
     328925.000 ns	     32891	80006b44	032ec7b3	div	x15,x29,x18	 x29:0x00000000 x18:0x00000000 x15=0xffffffff
     328965.000 ns	     32895	80006b48	580c71d3	fsqrt.s	f3,f24	 f24:0x7fc00000  f3=0x7fc00000
     328995.000 ns	     32898	80006b4c	d006fed3	fcvt.s.w	f29,x13	 x13:0x00000000 f29=0x00000000
     329025.000 ns	     32901	80006b50	28998a53	fmin.s	f20,f19,f9	 f19:0x80000000  f9:0x00000000 f20=0x80000000
     329055.000 ns	     32904	80006b54	030907b3	mul	x15,x18,x16	 x18:0x00000000 x16:0x00d16be0 x15=0x00000000
     329085.000 ns	     32907	80006b58	02d41db3	mulh	x27,x8,x13	  x8:0x00000000 x13:0x00000000 x27=0x00000000
     329105.000 ns	     32909	80006b5c	01e17bb3	and	x23,x2,x30	  x2:0x00000000 x30:0xe38c7fff x23=0x00000000
     329115.000 ns	     32910	80006b60	00da7933	and	x18,x20,x13	 x20:0x000002e2 x13:0x00000000 x18=0x00000000
     329125.000 ns	     32911	80006b64	410586b3	sub	x13,x11,x16	 x11:0x00000001 x16:0x00d16be0 x13=0xff2e9421
     329145.000 ns	     32913	80006b68	c01b7053	fcvt.wu.s	x0,f22	 f22:0x41800000
     329165.000 ns	     32915	80006b6c	64bd0a13	addi	x20,x26,1611	 x26:0xffffffff x20=0x0000064a
     329185.000 ns	     32917	80006b70	28e682d3	fmin.s	f5,f13,f14	 f13:0x40e00000 f14:0x4f000000  f5=0x40e00000
     329215.000 ns	     32920	80006b74	024f1bb3	mulh	x23,x30,x4	 x30:0xe38c7fff  x4:0x80041024 x23=0x0e394c67
     329255.000 ns	     32924	80006b78	11087ad3	fmul.s	f21,f16,f16	 f16:0x00000000 f16:0x00000000 f21=0x00000000
     329625.000 ns	     32961	80006b7c	0395c2b3	div	x5,x11,x25	 x11:0x00000001 x25:0xfff80000  x5=0x00000000
     329645.000 ns	     32963	80006b80	00fb5533	srl	x10,x22,x15	 x22:0x00000001 x15:0x00000000 x10=0x00000001
     330005.000 ns	     32999	80006b84	0385e533	rem	x10,x11,x24	 x11:0x00000001 x24:0xfff6ffff x10=0x00000001
     330035.000 ns	     33002	80006b88	a11a14d3	flt.s	x9,f20,f17	 f20:0x80000000 f17:0x4f000000  x9=0x00000001
     330065.000 ns	     33005	80006b8c	21ea29d3	fsgnjx.s	f19,f20,f30	 f20:0x80000000 f30:0x48b4e186 f19=0x80000000
     330085.000 ns	     33007	80006b90	8dd7c993	xori	x19,x15,-1827	 x15:0x00000000 x19=0xfffff8dd
     330105.000 ns	     33009	80006b94	03c220b3	mulhsu	x1,x4,x28	  x4:0x80041024 x28:0x00000007  x1=0xfffffffc
     330135.000 ns	     33012	80006b98	217f08d3	fsgnj.s	f17,f30,f23	 f30:0x48b4e186 f23:0x4d31a090 f17=0x48b4e186
     330155.000 ns	     33014	80006b9c	e99697b7	lui	x15,0xe9969	 x15=0xe9969000
     330175.000 ns	     33016	80006ba0	02feb4b3	mulhu	x9,x29,x15	 x29:0x00000000 x15:0x00000000  x9=0x00000000
     330205.000 ns	     33019	80006ba4	e00c15d3	fclass.s	x11,f24	 f24:0x7fc00000 x11=0x00000200
     330235.000 ns	     33022	80006ba8	023f6733	rem	x14,x30,x3	 x30:0xe38c7fff  x3:0x00000000 x14=0xe38c7fff
     330255.000 ns	     33024	80006bac	41cbdfb3	sra	x31,x23,x28	 x23:0x0e394c67 x28:0x00000007 x31=0x001c7298
     330295.000 ns	     33028	80006bb0	080574d3	fsub.s	f9,f10,f0	 f10:0xc0e00000  f0:0x7fc00000  f9=0x7fc00000
     330325.000 ns	     33031	80006bb4	286d09d3	fmin.s	f19,f26,f6	 f26:0xffc00000  f6:0x51ff9f10 f19=0x51ff9f10
     330355.000 ns	     33034	80006bb8	02043d33	mulhu	x26,x8,x0	  x8:0x00000000  x0:0x00000000 x26=0x00000000
     330375.000 ns	     33036	80006bbc	3bdc6a93	ori	x21,x24,957	 x24:0xfff6ffff x21=0xfff6ffff
     330395.000 ns	     33038	80006bc0	e0091953	fclass.s	x18,f18	 f18:0x48b4e266 x18=0x00000040
     330425.000 ns	     33041	80006bc4	a04212d3	flt.s	x5,f4,f4	  f4:0x00000000  f4:0x00000000  x5=0x00000000
     330445.000 ns	     33043	80006bc8	07840193	addi	x3,x8,120	  x8:0x00000000  x3=0x00000078
     330465.000 ns	     33045	80006bcc	29be91d3	fmax.s	f3,f29,f27	 f29:0x00000000 f27:0x41800000  f3=0x41800000
     330485.000 ns	     33047	80006bd0	83087393	andi	x7,x16,-2000	 x16:0x00d16be0  x7=0x00d16820
     330505.000 ns	     33049	80006bd4	d00d3f53	fcvt.s.w	f30,x26	 x26:0x00000000 f30=0x00000000
     330535.000 ns	     33052	80006bd8	03ccb033	mulhu	x0,x25,x28	 x25:0xfff80000 x28:0x00000007
     330555.000 ns	     33054	80006bdc	2308e1b7	lui	x3,0x2308e	  x3=0x2308e000
     330575.000 ns	     33056	80006be0	d004aed3	fcvt.s.w	f29,x9	  x9:0x00000000 f29=0x00000000
     330605.000 ns	     33059	80006be4	285b1953	fmax.s	f18,f22,f5	 f22:0x41800000  f5:0x40e00000 f18=0x41800000
     330635.000 ns	     33062	80006be8	20ed0e53	fsgnj.s	f28,f26,f14	 f26:0xffc00000 f14:0x4f000000 f28=0x7fc00000
     330655.000 ns	     33064	80006bec	011e72b3	and	x5,x28,x17	 x28:0x00000007 x17:0x00000001  x5=0x00000001
     330665.000 ns	     33065	80006bf0	4016d093	srai	x1,x13,0x1	 x13:0xff2e9421  x1=0xff974a10
     331835.000 ns	     33182	80006bf4	5806fcd3	fsqrt.s	f25,f13	 f13:0x40e00000 f25=0x402953fc
     331855.000 ns	     33184	80006bf8	01711893	slli	x17,x2,0x17	  x2:0x00000000 x17=0x00000000
     331865.000 ns	     33185	80006bfc	01766133	or	x2,x12,x23	 x12:0x80040fe4 x23:0x0e394c67  x2=0x8e3d4fe7
     331885.000 ns	     33187	80006c00	a04e29d3	feq.s	x19,f28,f4	 f28:0x7fc00000  f4:0x00000000 x19=0x00000000
     331915.000 ns	     33190	80006c04	a1d910d3	flt.s	x1,f18,f29	 f18:0x41800000 f29:0x00000000  x1=0x00000000
     331935.000 ns	     33192	80006c08	01539193	slli	x3,x7,0x15	  x7:0x00d16820  x3=0x04000000
     331955.000 ns	     33194	80006c0c	a0ad0053	fle.s	x0,f26,f10	 f26:0xffc00000 f10:0xc0e00000
     331985.000 ns	     33197	80006c10	03c51d33	mulh	x26,x10,x28	 x10:0x00000001 x28:0x00000007 x26=0x00000000
     332005.000 ns	     33199	80006c14	00641d93	slli	x27,x8,0x6	  x8:0x00000000 x27=0x00000000
     332025.000 ns	     33201	80006c18	a03d1c53	flt.s	x24,f26,f3	 f26:0xffc00000  f3:0x41800000 x24=0x00000000
     332055.000 ns	     33204	80006c1c	03ad1f33	mulh	x30,x26,x26	 x26:0x00000000 x26:0x00000000 x30=0x00000000
     332075.000 ns	     33206	80006c20	40f95a33	sra	x20,x18,x15	 x18:0x00000040 x15:0xe9969000 x20=0x00000040
     332085.000 ns	     33207	80006c24	5d1a4b93	xori	x23,x20,1489	 x20:0x0000064a x23=0x00000591
     332105.000 ns	     33209	80006c28	026fe4b3	rem	x9,x31,x6	 x31:0x001c7298  x6:0x00000000  x9=0x001c7298
     332135.000 ns	     33212	80006c2c	c0194cd3	fcvt.wu.s	x25,f18	 f18:0x41800000 x25=0x00000010
     332155.000 ns	     33214	80006c30	7382f793	andi	x15,x5,1848	  x5:0x00000001 x15=0x00000000
     332175.000 ns	     33216	80006c34	03f12033	mulhsu	x0,x2,x31	  x2:0x8e3d4fe7 x31:0x001c7298
     332205.000 ns	     33219	80006c38	034c2533	mulhsu	x10,x24,x20	 x24:0x00000000 x20:0x00000040 x10=0x00000000
     332235.000 ns	     33222	80006c3c	206c1dd3	fsgnjn.s	f27,f24,f6	 f24:0x7fc00000  f6:0x51ff9f10 f27=0xffc00000
     332255.000 ns	     33224	80006c40	018527b3	slt	x15,x10,x24	 x10:0x00000000 x24:0x00000000 x15=0x00000000
     332275.000 ns	     33226	80006c44	a02f9953	flt.s	x18,f31,f2	 f31:0x51fff7e1  f2:0x80000000 x18=0x00000000
     332295.000 ns	     33228	80006c48	0021d113	srli	x2,x3,0x2	  x3:0x04000000  x2=0x01000000
     332325.000 ns	     33231	80006c4c	580575d3	fsqrt.s	f11,f10	 f10:0xc0e00000 f11=0x7fc00000
     332355.000 ns	     33234	80006c50	21430653	fsgnj.s	f12,f6,f20	  f6:0x51ff9f10 f20:0x80000000 f12=0xd1ff9f10
     332385.000 ns	     33237	80006c54	21278853	fsgnj.s	f16,f15,f18	 f15:0xd1ff463f f18:0x41800000 f16=0x51ff463f
     332415.000 ns	     33240	80006c58	a12c9ad3	flt.s	x21,f25,f18	 f25:0x402953fc f18:0x41800000 x21=0x00000001
     332435.000 ns	     33242	80006c5c	822e9937	lui	x18,0x822e9	 x18=0x822e9000
     332455.000 ns	     33244	80006c60	f0058ed3	fmv.w.x	f29,x11	 x11:0x00000200 f29=0x00000200
     332475.000 ns	     33246	80006c64	13806593	ori	x11,x0,312	  x0:0x00000000 x11=0x00000138
     332495.000 ns	     33248	80006c68	020a50b3	divu	x1,x20,x0	 x20:0x00000040  x0:0x00000000  x1=0xffffffff
     332525.000 ns	     33251	80006c6c	29ac9b53	fmax.s	f22,f25,f26	 f25:0x402953fc f26:0xffc00000 f22=0x402953fc
     332545.000 ns	     33253	80006c70	00ba36b3	sltu	x13,x20,x11	 x20:0x00000040 x11:0x00000138 x13=0x00000001
     332565.000 ns	     33255	80006c74	e00f0b53	fmv.x.w	x22,f30	 f30:0x00000000 x22=0x00000000
     332615.000 ns	     33260	80006c78	099e1453	fsub.s	f8,f28,f25	 f28:0x7fc00000 f25:0x402953fc  f8=0x7fc00000
     332635.000 ns	     33262	80006c7c	00231693	slli	x13,x6,0x2	  x6:0x00000000 x13=0x00000000
     332655.000 ns	     33264	80006c80	c0029bd3	fcvt.w.s	x23,f5	  f5:0x40e00000 x23=0x00000007
     332675.000 ns	     33266	80006c84	73603c93	sltiu	x25,x0,1846	  x0:0x00000000 x25=0x00000001
     332695.000 ns	     33268	80006c88	e0010f53	fmv.x.w	x30,f2	  f2:0x80000000 x30=0x80000000
     332725.000 ns	     33271	80006c8c	a1a425d3	feq.s	x11,f8,f26	  f8:0x7fc00000 f26:0xffc00000 x11=0x00000000
     332745.000 ns	     33273	80006c90	0012e2b3	or	x5,x5,x1	  x5:0x00000001  x1:0xffffffff  x5=0xffffffff
     332755.000 ns	     33274	80006c94	0e72cd93	xori	x27,x5,231	  x5:0x00000001 x27=0xffffff18
     332775.000 ns	     33276	80006c98	f00d09d3	fmv.w.x	f19,x26	 x26:0x00000000 f19=0x00000000
     332815.000 ns	     33280	80006c9c	580dbad3	fsqrt.s	f21,f27	 f27:0xffc00000 f21=0x7fc00000
     332845.000 ns	     33283	80006ca0	a030aad3	feq.s	x21,f1,f3	  f1:0x7fc00000  f3:0x41800000 x21=0x00000000
     332875.000 ns	     33286	80006ca4	022180b3	mul	x1,x3,x2	  x3:0x04000000  x2:0x01000000  x1=0x00000000
     332895.000 ns	     33288	80006ca8	37d04e93	xori	x29,x0,893	  x0:0x00000000 x29=0x0000037d
     332935.000 ns	     33292	80006cac	08527553	fsub.s	f10,f4,f5	  f4:0x00000000  f5:0x40e00000 f10=0xc0e00000
     332985.000 ns	     33297	80006cb0	09be1b53	fsub.s	f22,f28,f27	 f28:0x7fc00000 f27:0xffc00000 f22=0x7fc00000
     333015.000 ns	     33300	80006cb4	026c7cb3	remu	x25,x24,x6	 x24:0x00000000  x6:0x00000000 x25=0x00000000
     333045.000 ns	     33303	80006cb8	20dc1853	fsgnjn.s	f16,f24,f13	 f24:0x7fc00000 f13:0x40e00000 f16=0xffc00000
     333075.000 ns	     33306	80006cbc	21ee0e53	fsgnj.s	f28,f28,f30	 f28:0x7fc00000 f30:0x00000000 f28=0x7fc00000
     333445.000 ns	     33343	80006cc0	030ccbb3	div	x23,x25,x16	 x25:0x00000000 x16:0x00d16be0 x23=0x00000000
     333465.000 ns	     33345	80006cc4	01e411b3	sll	x3,x8,x30	  x8:0x00000000 x30:0x80000000  x3=0x00000000
     333485.000 ns	     33347	80006cc8	a1a597d3	flt.s	x15,f11,f26	 f11:0x7fc00000 f26:0xffc00000 x15=0x00000000
     333515.000 ns	     33350	80006ccc	c002f353	fcvt.w.s	x6,f5	  f5:0x40e00000  x6=0x00000007
     333545.000 ns	     33353	80006cd0	f00f84d3	fmv.w.x	f9,x31	 x31:0x001c7298  f9=0x001c7298
     333575.000 ns	     33356	80006cd4	21e9ad53	fsgnjx.s	f26,f19,f30	 f19:0x00000000 f30:0x00000000 f26=0x00000000
     333595.000 ns	     33358	80006cd8	01ecca33	xor	x20,x25,x30	 x25:0x00000000 x30:0x80000000 x20=0x80000000
     333605.000 ns	     33359	80006cdc	011e55b3	srl	x11,x28,x17	 x28:0x00000007 x17:0x00000000 x11=0x00000007
     333625.000 ns	     33361	80006ce0	202d9353	fsgnjn.s	f6,f27,f2	 f27:0xffc00000  f2:0x80000000  f6=0x7fc00000
     333655.000 ns	     33364	80006ce4	20fa8b53	fsgnj.s	f22,f21,f15	 f21:0x7fc00000 f15:0xd1ff463f f22=0xffc00000
     333675.000 ns	     33366	80006ce8	8e23ef93	ori	x31,x7,-1822	  x7:0x00d16820 x31=0xfffff8e2
     333695.000 ns	     33368	80006cec	d006fb53	fcvt.s.w	f22,x13	 x13:0x00000000 f22=0x00000000
     333725.000 ns	     33371	80006cf0	03848833	mul	x16,x9,x24	  x9:0x001c7298 x24:0x00000000 x16=0x00000000
     333745.000 ns	     33373	80006cf4	00e0f6b3	and	x13,x1,x14	  x1:0x00000000 x14:0xe38c7fff x13=0x00000000
     333755.000 ns	     33374	80006cf8	8fd62a93	slti	x21,x12,-1795	 x12:0x80040fe4 x21=0x00000001
     333765.000 ns	     33375	80006cfc	b3ce7393	andi	x7,x28,-1220	 x28:0x00000007  x7=0x00000004
     333785.000 ns	     33377	80006d00	20151353	fsgnjn.s	f6,f10,f1	 f10:0xc0e00000  f1:0x7fc00000  f6=0xc0e00000
     333835.000 ns	     33382	80006d04	000cf6d3	fadd.s	f13,f25,f0	 f25:0x402953fc  f0:0x7fc00000 f13=0x7fc00000
     333855.000 ns	     33384	80006d08	00cc0a33	add	x20,x24,x12	 x24:0x00000000 x12:0x80040fe4 x20=0x80040fe4
     333895.000 ns	     33388	80006d0c	08f7ffd3	fsub.s	f31,f15,f15	 f15:0xd1ff463f f15:0xd1ff463f f31=0x00000000
     333925.000 ns	     33391	80006d10	a1c305d3	fle.s	x11,f6,f28	  f6:0xc0e00000 f28:0x7fc00000 x11=0x00000000
     333945.000 ns	     33393	80006d14	6386fc13	andi	x24,x13,1592	 x13:0x00000000 x24=0x00000000
     333955.000 ns	     33394	80006d18	007aa8b3	slt	x17,x21,x7	 x21:0x00000001  x7:0x00000004 x17=0x00000001
     333995.000 ns	     33398	80006d1c	01490d53	fadd.s	f26,f18,f20	 f18:0x41800000 f20:0x80000000 f26=0x41800000
     334025.000 ns	     33401	80006d20	210b0753	fsgnj.s	f14,f22,f16	 f22:0x00000000 f16:0xffc00000 f14=0x80000000
     334045.000 ns	     33403	80006d24	01f5ba33	sltu	x20,x11,x31	 x11:0x00000000 x31:0xfffff8e2 x20=0x00000001
     334065.000 ns	     33405	80006d28	a1c80a53	fle.s	x20,f16,f28	 f16:0xffc00000 f28:0x7fc00000 x20=0x00000000
     334095.000 ns	     33408	80006d2c	c01d7dd3	fcvt.wu.s	x27,f26	 f26:0x41800000 x27=0x00000010
     334145.000 ns	     33413	80006d30	014ac4d3	fadd.s	f9,f21,f20	 f21:0x7fc00000 f20:0x80000000  f9=0x7fc00000
     334165.000 ns	     33415	80006d34	00fc5513	srli	x10,x24,0xf	 x24:0x00000000 x10=0x00000000
     334175.000 ns	     33416	80006d38	011288b3	add	x17,x5,x17	  x5:0xffffffff x17:0x00000001 x17=0x00000000
     334195.000 ns	     33418	80006d3c	28b78753	fmin.s	f14,f15,f11	 f15:0xd1ff463f f11:0x7fc00000 f14=0xd1ff463f
     334225.000 ns	     33421	80006d40	a0028453	fle.s	x8,f5,f0	  f5:0x40e00000  f0:0x7fc00000  x8=0x00000000
     334245.000 ns	     33423	80006d44	00000013	addi	x0,x0,0	  x0:0x00000000
     334265.000 ns	     33425	80006d48	021e47b3	div	x15,x28,x1	 x28:0x00000007  x1:0x00000000 x15=0xffffffff
     334295.000 ns	     33428	80006d4c	0356b2b3	mulhu	x5,x13,x21	 x13:0x00000000 x21:0x00000001  x5=0x00000000
     334325.000 ns	     33431	80006d50	a0a52453	feq.s	x8,f10,f10	 f10:0xc0e00000 f10:0xc0e00000  x8=0x00000001
     334345.000 ns	     33433	80006d54	01b62833	slt	x16,x12,x27	 x12:0x80040fe4 x27:0x00000010 x16=0x00000001
     334375.000 ns	     33436	80006d58	10bf7953	fmul.s	f18,f30,f11	 f30:0x00000000 f11:0x7fc00000 f18=0x7fc00000
     334395.000 ns	     33438	80006d5c	37cc0d37	lui	x26,0x37cc0	 x26=0x37cc0000
     334415.000 ns	     33440	80006d60	f00186d3	fmv.w.x	f13,x3	  x3:0x00000000 f13=0x00000000
     334445.000 ns	     33443	80006d64	033bec33	rem	x24,x23,x19	 x23:0x00000000 x19:0x00000000 x24=0x00000000
     334475.000 ns	     33446	80006d68	031f11b3	mulh	x3,x30,x17	 x30:0x80000000 x17:0x00000000  x3=0x00000000
     334505.000 ns	     33449	80006d6c	02bde033	rem	x0,x27,x11	 x27:0x00000010 x11:0x00000000
     334525.000 ns	     33451	80006d70	ff0e2813	slti	x16,x28,-16	 x28:0x00000007 x16=0x00000000
     334535.000 ns	     33452	80006d74	0d8af093	andi	x1,x21,216	 x21:0x00000001  x1=0x00000000
     334545.000 ns	     33453	80006d78	4115df93	srai	x31,x11,0x11	 x11:0x00000000 x31=0x00000000
     334585.000 ns	     33457	80006d7c	0945c3d3	fsub.s	f7,f11,f20	 f11:0x7fc00000 f20:0x80000000  f7=0x7fc00000
     334635.000 ns	     33462	80006d80	01a5aad3	fadd.s	f21,f11,f26	 f11:0x7fc00000 f26:0x41800000 f21=0x7fc00000
     334655.000 ns	     33464	80006d84	182e7c17	auipc	x24,0x182e7	 x24=0x982edd84
     334695.000 ns	     33468	80006d88	00dcc4d3	fadd.s	f9,f25,f13	 f25:0x402953fc f13:0x00000000  f9=0x402953fc
     334715.000 ns	     33470	80006d8c	008c7733	and	x14,x24,x8	 x24:0x00000000  x8:0x00000001 x14=0x00000000
     334735.000 ns	     33472	80006d90	e00691d3	fclass.s	x3,f13	 f13:0x00000000  x3=0x00000010
     334755.000 ns	     33474	80006d94	f36d6413	ori	x8,x26,-202	 x26:0x37cc0000  x8=0xffffff36
     334775.000 ns	     33476	80006d98	02bd7433	remu	x8,x26,x11	 x26:0x37cc0000 x11:0x00000000  x8=0x37cc0000
     334795.000 ns	     33478	80006d9c	005abb33	sltu	x22,x21,x5	 x21:0x00000001  x5:0x00000000 x22=0x00000000
     334805.000 ns	     33479	80006da0	3c0abc13	sltiu	x24,x21,960	 x21:0x00000001 x24=0x00000001
     334825.000 ns	     33481	80006da4	02609033	mulh	x0,x1,x6	  x1:0x00000000  x6:0x00000007
     334845.000 ns	     33483	80006da8	00205413	srli	x8,x0,0x2	  x0:0x00000000  x8=0x00000000
     334865.000 ns	     33485	80006dac	02b96433	rem	x8,x18,x11	 x18:0x822e9000 x11:0x00000000  x8=0x822e9000
     334895.000 ns	     33488	80006db0	e00a9b53	fclass.s	x22,f21	 f21:0x7fc00000 x22=0x00000200
     334915.000 ns	     33490	80006db4	00a272b3	and	x5,x4,x10	  x4:0x80041024 x10:0x00000000  x5=0x00000000
     334925.000 ns	     33491	80006db8	00000013	addi	x0,x0,0	  x0:0x00000000
     334945.000 ns	     33493	80006dbc	f0060053	fmv.w.x	f0,x12	 x12:0x80040fe4  f0=0x80040fe4
     334965.000 ns	     33495	80006dc0	008a3d33	sltu	x26,x20,x8	 x20:0x00000000  x8:0x822e9000 x26=0x00000001
     334985.000 ns	     33497	80006dc4	28bd1e53	fmax.s	f28,f26,f11	 f26:0x41800000 f11:0x7fc00000 f28=0x41800000
     335005.000 ns	     33499	80006dc8	4080d113	srai	x2,x1,0x8	  x1:0x00000000  x2=0x00000000
     335025.000 ns	     33501	80006dcc	a094add3	feq.s	x27,f9,f9	  f9:0x402953fc  f9:0x402953fc x27=0x00000001
     335055.000 ns	     33504	80006dd0	022bd9b3	divu	x19,x23,x2	 x23:0x00000000  x2:0x01000000 x19=0xffffffff
     335085.000 ns	     33507	80006dd4	f0048953	fmv.w.x	f18,x9	  x9:0x001c7298 f18=0x001c7298
     335115.000 ns	     33510	80006dd8	214ba1d3	fsgnjx.s	f3,f23,f20	 f23:0x4d31a090 f20:0x80000000  f3=0xcd31a090
     335135.000 ns	     33512	80006ddc	a033ab93	slti	x23,x7,-1533	  x7:0x00000004 x23=0x00000000
     335495.000 ns	     33548	80006de0	0273ccb3	div	x25,x7,x7	  x7:0x00000004  x7:0x00000004 x25=0x00000001
     336675.000 ns	     33666	80006de4	5804fc53	fsqrt.s	f24,f9	  f9:0x402953fc f24=0x3f6f76e2
     336695.000 ns	     33668	80006de8	000361b3	or	x3,x6,x0	  x6:0x00000007  x0:0x00000000  x3=0x00000007
     336705.000 ns	     33669	80006dec	019fd833	srl	x16,x31,x25	 x31:0x00000000 x25:0x00000001 x16=0x00000000
     337065.000 ns	     33705	80006df0	027b4ab3	div	x21,x22,x7	 x22:0x00000200  x7:0x00000004 x21=0x00000080
     337095.000 ns	     33708	80006df4	0314b1b3	mulhu	x3,x9,x17	  x9:0x001c7298 x17:0x00000000  x3=0x00000000
     337125.000 ns	     33711	80006df8	025a8a33	mul	x20,x21,x5	 x21:0x00000080  x5:0x00000000 x20=0x00000000
     337155.000 ns	     33714	80006dfc	a1ed9d53	flt.s	x26,f27,f30	 f27:0xffc00000 f30:0x00000000 x26=0x00000000
     337175.000 ns	     33716	80006e00	41fc0f33	sub	x30,x24,x31	 x24:0x00000001 x31:0x00000000 x30=0x00000001
     337205.000 ns	     33719	80006e04	58013e53	fsqrt.s	f28,f2	  f2:0x80000000 f28=0x80000000
     337575.000 ns	     33756	80006e08	0326deb3	divu	x29,x13,x18	 x13:0x00000000 x18:0x822e9000 x29=0x00000000
     337595.000 ns	     33758	80006e0c	96fd6313	ori	x6,x26,-1681	 x26:0x00000000  x6=0xfffff96f
     337625.000 ns	     33761	80006e10	190b2553	fdiv.s	f10,f22,f16	 f22:0x00000000 f16:0xffc00000 f10=0x7fc00000
     337655.000 ns	     33764	80006e14	a1cd8b53	fle.s	x22,f27,f28	 f27:0xffc00000 f28:0x80000000 x22=0x00000000
     337695.000 ns	     33768	80006e18	580588d3	fsqrt.s	f17,f11	 f11:0x7fc00000 f17=0x7fc00000
     337725.000 ns	     33771	80006e1c	036e3bb3	mulhu	x23,x28,x22	 x28:0x00000007 x22:0x00000000 x23=0x00000000
     337755.000 ns	     33774	80006e20	a05080d3	fle.s	x1,f1,f5	  f1:0x7fc00000  f5:0x40e00000  x1=0x00000000
     337785.000 ns	     33777	80006e24	a1dc8d53	fle.s	x26,f25,f29	 f25:0x402953fc f29:0x00000200 x26=0x00000000
     337815.000 ns	     33780	80006e28	a09695d3	flt.s	x11,f13,f9	 f13:0x00000000  f9:0x402953fc x11=0x00000001
     337845.000 ns	     33783	80006e2c	28bf1453	fmax.s	f8,f30,f11	 f30:0x00000000 f11:0x7fc00000  f8=0x00000000
     337885.000 ns	     33787	80006e30	5803b0d3	fsqrt.s	f1,f7	  f7:0x7fc00000  f1=0x7fc00000
     337905.000 ns	     33789	80006e34	fcd020b7	lui	x1,0xfcd02	  x1=0xfcd02000
     337915.000 ns	     33790	80006e38	005ef5b3	and	x11,x29,x5	 x29:0x00000000  x5:0x00000000 x11=0x00000000
     337925.000 ns	     33791	80006e3c	e427c193	xori	x3,x15,-446	 x15:0xffffffff  x3=0x000001bd
     337945.000 ns	     33793	80006e40	c00bfc53	fcvt.w.s	x24,f23	 f23:0x4d31a090 x24=0x0b1a0900
     337965.000 ns	     33795	80006e44	01fa8db3	add	x27,x21,x31	 x21:0x00000080 x31:0x00000000 x27=0x00000080
     337985.000 ns	     33797	80006e48	21b82dd3	fsgnjx.s	f27,f16,f27	 f16:0xffc00000 f27:0xffc00000 f27=0x7fc00000
     338005.000 ns	     33799	80006e4c	413ad333	sra	x6,x21,x19	 x21:0x00000080 x19:0xffffffff  x6=0x00000000
     338015.000 ns	     33800	80006e50	41495ab3	sra	x21,x18,x20	 x18:0x822e9000 x20:0x00000000 x21=0x822e9000
     338025.000 ns	     33801	80006e54	01503d33	sltu	x26,x0,x21	  x0:0x00000000 x21:0x00000080 x26=0x00000001
     338045.000 ns	     33803	80006e58	2099aad3	fsgnjx.s	f21,f19,f9	 f19:0x00000000  f9:0x402953fc f21=0x00000000
     338065.000 ns	     33805	80006e5c	00abd893	srli	x17,x23,0xa	 x23:0x00000000 x17=0x00000000
     338085.000 ns	     33807	80006e60	d0027ad3	fcvt.s.w	f21,x4	  x4:0x80041024 f21=0xcefff7df
     338105.000 ns	     33809	80006e64	99c46a13	ori	x20,x8,-1636	  x8:0x822e9000 x20=0xfffff99c
     338125.000 ns	     33811	80006e68	a0618953	fle.s	x18,f3,f6	  f3:0xcd31a090  f6:0xc0e00000 x18=0x00000001
     338145.000 ns	     33813	80006e6c	400bd313	srai	x6,x23,0x0	 x23:0x00000000  x6=0x00000000
     338185.000 ns	     33817	80006e70	094ecf53	fsub.s	f30,f29,f20	 f29:0x00000200 f20:0x80000000 f30=0x00000200
     338205.000 ns	     33819	80006e74	002b0933	add	x18,x22,x2	 x22:0x00000000  x2:0x00000000 x18=0x00000000
     338215.000 ns	     33820	80006e78	9ba47593	andi	x11,x8,-1606	  x8:0x822e9000 x11=0x822e9000
     338575.000 ns	     33856	80006e7c	02774a33	div	x20,x14,x7	 x14:0x00000000  x7:0x00000004 x20=0x00000000
     338595.000 ns	     33858	80006e80	7a3dce93	xori	x29,x27,1955	 x27:0x00000080 x29=0x00000723
     338605.000 ns	     33859	80006e84	41d88133	sub	x2,x17,x29	 x17:0x00000000 x29:0x00000000  x2=0xfffff8dd
     338615.000 ns	     33860	80006e88	00000013	addi	x0,x0,0	  x0:0x00000000
     338625.000 ns	     33861	80006e8c	007481b3	add	x3,x9,x7	  x9:0x001c7298  x7:0x00000004  x3=0x001c729c
     338645.000 ns	     33863	80006e90	e00492d3	fclass.s	x5,f9	  f9:0x402953fc  x5=0x00000040
     338665.000 ns	     33865	80006e94	01539a93	slli	x21,x7,0x15	  x7:0x00000004 x21=0x00800000
     338685.000 ns	     33867	80006e98	214798d3	fsgnjn.s	f17,f15,f20	 f15:0xd1ff463f f20:0x80000000 f17=0x51ff463f
     338705.000 ns	     33869	80006e9c	01007833	and	x16,x0,x16	  x0:0x00000000 x16:0x00000000 x16=0x00000000
     338725.000 ns	     33871	80006ea0	0367f8b3	remu	x17,x15,x22	 x15:0xffffffff x22:0x00000000 x17=0xffffffff
     338745.000 ns	     33873	80006ea4	417d5bb3	sra	x23,x26,x23	 x26:0x00000001 x23:0x00000000 x23=0x00000001
     338765.000 ns	     33875	80006ea8	030ceb33	rem	x22,x25,x16	 x25:0x00000001 x16:0x00000000 x22=0x00000001
     338785.000 ns	     33877	80006eac	68e0b513	sltiu	x10,x1,1678	  x1:0xfcd02000 x10=0x00000000
     338795.000 ns	     33878	80006eb0	ddb22893	slti	x17,x4,-549	  x4:0x80041024 x17=0x00000001
     338815.000 ns	     33880	80006eb4	e00d87d3	fmv.x.w	x15,f27	 f27:0x7fc00000 x15=0x7fc00000
     338845.000 ns	     33883	80006eb8	d001fbd3	fcvt.s.w	f23,x3	  x3:0x001c729c f23=0x49e394e0
     338865.000 ns	     33885	80006ebc	404adc93	srai	x25,x21,0x4	 x21:0x00800000 x25=0x00080000
     338875.000 ns	     33886	80006ec0	01e31413	slli	x8,x6,0x1e	  x6:0x00000000  x8=0x00000000
     338895.000 ns	     33888	80006ec4	292c14d3	fmax.s	f9,f24,f18	 f24:0x3f6f76e2 f18:0x001c7298  f9=0x3f6f76e2
     338915.000 ns	     33890	80006ec8	00e82eb3	slt	x29,x16,x14	 x16:0x00000000 x14:0x00000000 x29=0x00000000
     338925.000 ns	     33891	80006ecc	3d2566b7	lui	x13,0x3d256	 x13=0x3d256000
     338965.000 ns	     33895	80006ed0	09940253	fsub.s	f4,f8,f25	  f8:0x00000000 f25:0x402953fc  f4=0xc02953fc
     338995.000 ns	     33898	80006ed4	a1c4a1d3	feq.s	x3,f9,f28	  f9:0x3f6f76e2 f28:0x80000000  x3=0x00000000
     339025.000 ns	     33901	80006ed8	29070153	fmin.s	f2,f14,f16	 f14:0xd1ff463f f16:0xffc00000  f2=0xd1ff463f
     339045.000 ns	     33903	80006edc	e1bbef17	auipc	x30,0xe1bbe	 x30=0x61bc4edc
     339055.000 ns	     33904	80006ee0	60bd3593	sltiu	x11,x26,1547	 x26:0x00000001 x11=0x00000001
     339075.000 ns	     33906	80006ee4	032da033	mulhsu	x0,x27,x18	 x27:0x00000080 x18:0x00000000
     339105.000 ns	     33909	80006ee8	e00f1353	fclass.s	x6,f30	 f30:0x00000200  x6=0x00000020
     339135.000 ns	     33912	80006eec	d0117e53	fcvt.s.wu	f28,x2	  x2:0xfffff8dd f28=0x4f7ffff8
     339155.000 ns	     33914	80006ef0	407c83b3	sub	x7,x25,x7	 x25:0x00080000  x7:0x00000004  x7=0x0007fffc
     339165.000 ns	     33915	80006ef4	016881b3	add	x3,x17,x22	 x17:0x00000001 x22:0x00000001  x3=0x00000002
     339185.000 ns	     33917	80006ef8	a0aaa6d3	feq.s	x13,f21,f10	 f21:0xcefff7df f10:0x7fc00000 x13=0x00000000
     339205.000 ns	     33919	80006efc	00000013	addi	x0,x0,0	  x0:0x00000000
     339215.000 ns	     33920	80006f00	41005f13	srai	x30,x0,0x10	  x0:0x00000000 x30=0x00000000
     339255.000 ns	     33924	80006f04	088774d3	fsub.s	f9,f14,f8	 f14:0xd1ff463f  f8:0x00000000  f9=0xd1ff463f
     339285.000 ns	     33927	80006f08	200a2a53	fsgnjx.s	f20,f20,f0	 f20:0x80000000  f0:0x80040fe4 f20=0x00000000
     339655.000 ns	     33964	80006f0c	03c5c033	div	x0,x11,x28	 x11:0x00000001 x28:0x00000007
     339675.000 ns	     33966	80006f10	271b9397	auipc	x7,0x271b9	  x7=0xa71bff10
     339685.000 ns	     33967	80006f14	01709513	slli	x10,x1,0x17	  x1:0xfcd02000 x10=0x00000000
     339705.000 ns	     33969	80006f18	a1742053	feq.s	x0,f8,f23	  f8:0x00000000 f23:0x49e394e0
     339745.000 ns	     33973	80006f1c	11467b53	fmul.s	f22,f12,f20	 f12:0xd1ff9f10 f20:0x00000000 f22=0x80000000
     339775.000 ns	     33976	80006f20	206b80d3	fsgnj.s	f1,f23,f6	 f23:0x49e394e0  f6:0xc0e00000  f1=0xc9e394e0
     339805.000 ns	     33979	80006f24	03911c33	mulh	x24,x2,x25	  x2:0xfffff8dd x25:0x00080000 x24=0xffffffff
     339825.000 ns	     33981	80006f28	019560b3	or	x1,x10,x25	 x10:0x00000000 x25:0x00080000  x1=0x00080000
     340185.000 ns	     34017	80006f2c	03ad4eb3	div	x29,x26,x26	 x26:0x00000001 x26:0x00000001 x29=0x00000001
     340205.000 ns	     34019	80006f30	0160a7b3	slt	x15,x1,x22	  x1:0xfcd02000 x22:0x00000001 x15=0x00000000
     340225.000 ns	     34021	80006f34	298f16d3	fmax.s	f13,f30,f24	 f30:0x00000200 f24:0x3f6f76e2 f13=0x3f6f76e2
     340595.000 ns	     34058	80006f38	02c0ec33	rem	x24,x1,x12	  x1:0x00080000 x12:0x80040fe4 x24=0x00080000
     340625.000 ns	     34061	80006f3c	a06f1553	flt.s	x10,f30,f6	 f30:0x00000200  f6:0xc0e00000 x10=0x00000000
     340675.000 ns	     34066	80006f40	01b914d3	fadd.s	f9,f18,f27	 f18:0x001c7298 f27:0x7fc00000  f9=0x7fc00000
     340695.000 ns	     34068	80006f44	01ad2d33	slt	x26,x26,x26	 x26:0x00000001 x26:0x00000001 x26=0x00000000
     340715.000 ns	     34070	80006f48	212f9153	fsgnjn.s	f2,f31,f18	 f31:0x00000000 f18:0x001c7298  f2=0x80000000
     340745.000 ns	     34073	80006f4c	d01a0c53	fcvt.s.wu	f24,x20	 x20:0x00000000 f24=0x00000000
     340775.000 ns	     34076	80006f50	02192833	mulhsu	x16,x18,x1	 x18:0x00000000  x1:0x00080000 x16=0x00000000
     340795.000 ns	     34078	80006f54	4a5e0f13	addi	x30,x28,1189	 x28:0x00000007 x30=0x000004ac
     340805.000 ns	     34079	80006f58	41da5133	sra	x2,x20,x29	 x20:0x00000000 x29:0x00000001  x2=0x00000000
     340815.000 ns	     34080	80006f5c	00acfa33	and	x20,x25,x10	 x25:0x00080000 x10:0x00000000 x20=0x00000000
     340825.000 ns	     34081	80006f60	008355b3	srl	x11,x6,x8	  x6:0x00000020  x8:0x00000000 x11=0x00000020
     340835.000 ns	     34082	80006f64	038df713	andi	x14,x27,56	 x27:0x00000080 x14=0x00000000
     340855.000 ns	     34084	80006f68	f0018153	fmv.w.x	f2,x3	  x3:0x00000002  f2=0x00000002
     340875.000 ns	     34086	80006f6c	00a94d33	xor	x26,x18,x10	 x18:0x00000000 x10:0x00000000 x26=0x00000000
     340885.000 ns	     34087	80006f70	01223fb3	sltu	x31,x4,x18	  x4:0x80041024 x18:0x00000000 x31=0x00000000
     340895.000 ns	     34088	80006f74	00ed6fb3	or	x31,x26,x14	 x26:0x00000000 x14:0x00000000 x31=0x00000000
     340915.000 ns	     34090	80006f78	210b9453	fsgnjn.s	f8,f23,f16	 f23:0x49e394e0 f16:0xffc00000  f8=0x49e394e0
     340965.000 ns	     34095	80006f7c	0125a3d3	fadd.s	f7,f11,f18	 f11:0x7fc00000 f18:0x001c7298  f7=0x7fc00000
     340995.000 ns	     34098	80006f80	287f16d3	fmax.s	f13,f30,f7	 f30:0x00000200  f7:0x7fc00000 f13=0x00000200
     341015.000 ns	     34100	80006f84	402e04b3	sub	x9,x28,x2	 x28:0x00000007  x2:0x00000000  x9=0x00000007
     341025.000 ns	     34101	80006f88	4033d513	srai	x10,x7,0x3	  x7:0xa71bff10 x10=0xf4e37fe2
     341045.000 ns	     34103	80006f8c	f00c8e53	fmv.w.x	f28,x25	 x25:0x00080000 f28=0x00080000
     341085.000 ns	     34107	80006f90	199c4e53	fdiv.s	f28,f24,f25	 f24:0x00000000 f25:0x402953fc f28=0x00000000
     341455.000 ns	     34144	80006f94	0370e1b3	rem	x3,x1,x23	  x1:0x00080000 x23:0x00000001  x3=0x00000000
     341475.000 ns	     34146	80006f98	40cc00b3	sub	x1,x24,x12	 x24:0x00080000 x12:0x80040fe4  x1=0x8003f01c
     341495.000 ns	     34148	80006f9c	f00100d3	fmv.w.x	f1,x2	  x2:0x00000000  f1=0x00000000
     341515.000 ns	     34150	80006fa0	00ba97b3	sll	x15,x21,x11	 x21:0x00800000 x11:0x00000020 x15=0x00800000
     341525.000 ns	     34151	80006fa4	e4d50893	addi	x17,x10,-435	 x10:0xf4e37fe2 x17=0xf4e37e2f
     341545.000 ns	     34153	80006fa8	0355ad33	mulhsu	x26,x11,x21	 x11:0x00000020 x21:0x00800000 x26=0x00000000
     341565.000 ns	     34155	80006fac	414e5913	srai	x18,x28,0x14	 x28:0x00000007 x18=0x00000000
     341585.000 ns	     34157	80006fb0	034f9733	mulh	x14,x31,x20	 x31:0x00000000 x20:0x00000000 x14=0x00000000
     341605.000 ns	     34159	80006fb4	0041d533	srl	x10,x3,x4	  x3:0x00000000  x4:0x80041024 x10=0x00000000
     341625.000 ns	     34161	80006fb8	e0050a53	fmv.x.w	x20,f10	 f10:0x7fc00000 x20=0x7fc00000
     341645.000 ns	     34163	80006fbc	007ef533	and	x10,x29,x7	 x29:0x00000001  x7:0xa71bff10 x10=0x00000000
     341655.000 ns	     34164	80006fc0	4172d913	srai	x18,x5,0x17	  x5:0x00000040 x18=0x00000000
     341685.000 ns	     34167	80006fc4	58081b53	fsqrt.s	f22,f16	 f16:0xffc00000 f22=0x7fc00000
     341715.000 ns	     34170	80006fc8	e0079953	fclass.s	x18,f15	 f15:0xd1ff463f x18=0x00000002
     341745.000 ns	     34173	80006fcc	28741353	fmax.s	f6,f8,f7	  f8:0x49e394e0  f7:0x7fc00000  f6=0x49e394e0
     341765.000 ns	     34175	80006fd0	d6943893	sltiu	x17,x8,-663	  x8:0x00000000 x17=0x00000001
     341775.000 ns	     34176	80006fd4	b3114013	xori	x0,x2,-1231	  x2:0x00000000
     341795.000 ns	     34178	80006fd8	a0cc17d3	flt.s	x15,f24,f12	 f24:0x00000000 f12:0xd1ff9f10 x15=0x00000000
     341815.000 ns	     34180	80006fdc	fa796c13	ori	x24,x18,-89	 x18:0x00000002 x24=0xffffffa7
     341845.000 ns	     34183	80006fe0	11269953	fmul.s	f18,f13,f18	 f13:0x00000200 f18:0x001c7298 f18=0x00000000
     341865.000 ns	     34185	80006fe4	b76ccc13	xori	x24,x25,-1162	 x25:0x00080000 x24=0xfff7fb76
     342225.000 ns	     34221	80006fe8	0380e4b3	rem	x9,x1,x24	  x1:0x8003f01c x24:0xffffffa7  x9=0xfffc62b8
     342595.000 ns	     34258	80006fec	03807133	remu	x2,x0,x24	  x0:0x00000000 x24:0xffffffa7  x2=0x00000000
     342615.000 ns	     34260	80006ff0	01f92733	slt	x14,x18,x31	 x18:0x00000002 x31:0x00000000 x14=0x00000000
     342625.000 ns	     34261	80006ff4	019f04b3	add	x9,x30,x25	 x30:0x000004ac x25:0x00080000  x9=0x000804ac
     342645.000 ns	     34263	80006ff8	a1182353	feq.s	x6,f16,f17	 f16:0xffc00000 f17:0x51ff463f  x6=0x00000000
     342685.000 ns	     34267	80006ffc	58027953	fsqrt.s	f18,f4	  f4:0xc02953fc f18=0x7fc00000
     342705.000 ns	     34269	80007000	015f5393	srli	x7,x30,0x15	 x30:0x000004ac  x7=0x00000000
     342725.000 ns	     34271	80007004	02805d33	divu	x26,x0,x8	  x0:0x00000000  x8:0x00000000 x26=0xffffffff
     342755.000 ns	     34274	80007008	02783933	mulhu	x18,x16,x7	 x16:0x00000000  x7:0xa71bff10 x18=0x00000000
     342775.000 ns	     34276	8000700c	00129533	sll	x10,x5,x1	  x5:0x00000040  x1:0x8003f01c x10=0x00000000
     342795.000 ns	     34278	80007010	a0bda4d3	feq.s	x9,f27,f11	 f27:0x7fc00000 f11:0x7fc00000  x9=0x00000000
     342815.000 ns	     34280	80007014	41a5d713	srai	x14,x11,0x1a	 x11:0x00000020 x14=0x00000000
     342855.000 ns	     34284	80007018	083271d3	fsub.s	f3,f4,f3	  f4:0xc02953fc  f3:0xcd31a090  f3=0x4d31a08f
     342875.000 ns	     34286	8000701c	48c47a97	auipc	x21,0x48c47	 x21=0xc8c4e01c
     342895.000 ns	     34288	80007020	c0127f53	fcvt.wu.s	x30,f4	  f4:0xc02953fc x30=0x00000002
     342915.000 ns	     34290	80007024	cfb84e93	xori	x29,x16,-773	 x16:0x00000000 x29=0xfffffcfb
     342925.000 ns	     34291	80007028	401f0433	sub	x8,x30,x1	 x30:0x00000002  x1:0x8003f01c  x8=0x7ffc0fe6
     342945.000 ns	     34293	8000702c	20910dd3	fsgnj.s	f27,f2,f9	  f2:0x00000002  f9:0x7fc00000 f27=0x00000002
     342965.000 ns	     34295	80007030	41dc5533	sra	x10,x24,x29	 x24:0xfff7fb76 x29:0xfffffcfb x10=0xffffffff
     342985.000 ns	     34297	80007034	e0091ed3	fclass.s	x29,f18	 f18:0x7fc00000 x29=0x00000200
     343015.000 ns	     34300	80007038	a1a80153	fle.s	x2,f16,f26	 f16:0xffc00000 f26:0x41800000  x2=0x00000000
     343045.000 ns	     34303	8000703c	f0008b53	fmv.w.x	f22,x1	  x1:0x8003f01c f22=0x8003f01c
     343065.000 ns	     34305	80007040	017038b3	sltu	x17,x0,x23	  x0:0x00000000 x23:0x00000001 x17=0x00000001
     343075.000 ns	     34306	80007044	40ed0033	sub	x0,x26,x14	 x26:0xffffffff x14:0x00000000
     343095.000 ns	     34308	80007048	29a11753	fmax.s	f14,f2,f26	  f2:0x00000002 f26:0x41800000 f14=0x41800000
     343125.000 ns	     34311	8000704c	032adeb3	divu	x29,x21,x18	 x21:0xc8c4e01c x18:0x00000000 x29=0xffffffff
     343145.000 ns	     34313	80007050	015eef33	or	x30,x29,x21	 x29:0x00000200 x21:0xc8c4e01c x30=0xffffffff
     343155.000 ns	     34314	80007054	00a65593	srli	x11,x12,0xa	 x12:0x80040fe4 x11=0x00200103
     343175.000 ns	     34316	80007058	29ac0bd3	fmin.s	f23,f24,f26	 f24:0x00000000 f26:0x41800000 f23=0x00000000
     344355.000 ns	     34434	8000705c	580ea953	fsqrt.s	f18,f29	 f29:0x00000200 f18=0x1f350758
     344385.000 ns	     34437	80007060	211e2fd3	fsgnjx.s	f31,f28,f17	 f28:0x00000000 f17:0x51ff463f f31=0x00000000
     344415.000 ns	     34440	80007064	a11f9ed3	flt.s	x29,f31,f17	 f31:0x00000000 f17:0x51ff463f x29=0x00000001
     344445.000 ns	     34443	80007068	29ab0253	fmin.s	f4,f22,f26	 f22:0x8003f01c f26:0x41800000  f4=0x8003f01c
     344465.000 ns	     34445	8000706c	01d70bb3	add	x23,x14,x29	 x14:0x00000000 x29:0x00000001 x23=0x00000001
     344485.000 ns	     34447	80007070	03d38eb3	mul	x29,x7,x29	  x7:0x00000000 x29:0x00000001 x29=0x00000000
     344505.000 ns	     34449	80007074	cc04af13	slti	x30,x9,-832	  x9:0x00000000 x30=0x00000000
     344525.000 ns	     34451	80007078	a1f00453	fle.s	x8,f0,f31	  f0:0x80040fe4 f31:0x00000000  x8=0x00000001
     344545.000 ns	     34453	8000707c	01ede6b3	or	x13,x27,x30	 x27:0x00000080 x30:0xffffffff x13=0x00000080
     344555.000 ns	     34454	80007080	01c89693	slli	x13,x17,0x1c	 x17:0x00000001 x13=0x10000000
     344575.000 ns	     34456	80007084	f00c06d3	fmv.w.x	f13,x24	 x24:0xfff7fb76 f13=0xfff7fb76
     344595.000 ns	     34458	80007088	0043bbb3	sltu	x23,x7,x4	  x7:0x00000000  x4:0x80041024 x23=0x00000001
     344615.000 ns	     34460	8000708c	2193a8d3	fsgnjx.s	f17,f7,f25	  f7:0x7fc00000 f25:0x402953fc f17=0x7fc00000
     344645.000 ns	     34463	80007090	21618053	fsgnj.s	f0,f3,f22	  f3:0x4d31a08f f22:0x8003f01c  f0=0xcd31a08f
     344675.000 ns	     34466	80007094	f00a0d53	fmv.w.x	f26,x20	 x20:0x7fc00000 f26=0x7fc00000
     344695.000 ns	     34468	80007098	261dc013	xori	x0,x27,609	 x27:0x00000080
     344705.000 ns	     34469	8000709c	8d037697	auipc	x13,0x8d037	 x13=0x0d03e09c
     344715.000 ns	     34470	800070a0	00d97cb3	and	x25,x18,x13	 x18:0x00000000 x13:0x10000000 x25=0x00000000
     345075.000 ns	     34506	800070a4	037153b3	divu	x7,x2,x23	  x2:0x00000000 x23:0x00000001  x7=0x00000000
     345105.000 ns	     34509	800070a8	290b1dd3	fmax.s	f27,f22,f16	 f22:0x8003f01c f16:0xffc00000 f27=0x8003f01c
     345135.000 ns	     34512	800070ac	03c58033	mul	x0,x11,x28	 x11:0x00200103 x28:0x00000007
     345165.000 ns	     34515	800070b0	20690753	fsgnj.s	f14,f18,f6	 f18:0x1f350758  f6:0x49e394e0 f14=0x1f350758
     345185.000 ns	     34517	800070b4	015394b3	sll	x9,x7,x21	  x7:0x00000000 x21:0xc8c4e01c  x9=0x00000000
     345195.000 ns	     34518	800070b8	012e9c93	slli	x25,x29,0x12	 x29:0x00000000 x25=0x00000000
     345215.000 ns	     34520	800070bc	e0068753	fmv.x.w	x14,f13	 f13:0xfff7fb76 x14=0xfff7fb76
     345245.000 ns	     34523	800070c0	d011f7d3	fcvt.s.wu	f15,x3	  x3:0x00000000 f15=0x00000000
     345275.000 ns	     34526	800070c4	03883fb3	mulhu	x31,x16,x24	 x16:0x00000000 x24:0xfff7fb76 x31=0x00000000
     346455.000 ns	     34644	800070c8	580ec153	fsqrt.s	f2,f29	 f29:0x00000200  f2=0x1f350758
     346475.000 ns	     34646	800070cc	00fb4a33	xor	x20,x22,x15	 x22:0x00000001 x15:0x00000000 x20=0x00000001
     346835.000 ns	     34682	800070d0	03c3cb33	div	x22,x7,x28	  x7:0x00000000 x28:0x00000007 x22=0x00000000
     346855.000 ns	     34684	800070d4	00eb2d33	slt	x26,x22,x14	 x22:0x00000001 x14:0xfff7fb76 x26=0x00000000
     346895.000 ns	     34688	800070d8	001cf5d3	fadd.s	f11,f25,f1	 f25:0x402953fc  f1:0x00000000 f11=0x402953fc
     346945.000 ns	     34693	800070dc	098a07d3	fsub.s	f15,f20,f24	 f20:0x00000000 f24:0x00000000 f15=0x80000000
     346975.000 ns	     34696	800070e0	03d1aab3	mulhsu	x21,x3,x29	  x3:0x00000000 x29:0x00000000 x21=0x00000000
     347345.000 ns	     34733	800070e4	034f4b33	div	x22,x30,x20	 x30:0x00000000 x20:0x00000001 x22=0x00000000
     347365.000 ns	     34735	800070e8	d3cdf313	andi	x6,x27,-708	 x27:0x00000080  x6=0x00000000
     347385.000 ns	     34737	800070ec	d009fad3	fcvt.s.w	f21,x19	 x19:0xffffffff f21=0xbf800000
     347405.000 ns	     34739	800070f0	2c0a3313	sltiu	x6,x20,704	 x20:0x00000001  x6=0x00000001
     347425.000 ns	     34741	800070f4	0308dbb3	divu	x23,x17,x16	 x17:0x00000001 x16:0x00000000 x23=0xffffffff
     347455.000 ns	     34744	800070f8	e00e89d3	fmv.x.w	x19,f29	 f29:0x00000200 x19=0x00000200
     347485.000 ns	     34747	800070fc	f0010bd3	fmv.w.x	f23,x2	  x2:0x00000000 f23=0x00000000
     347515.000 ns	     34750	80007100	f00e84d3	fmv.w.x	f9,x29	 x29:0x00000000  f9=0x00000000
     347545.000 ns	     34753	80007104	a06a9453	flt.s	x8,f21,f6	 f21:0xbf800000  f6:0x49e394e0  x8=0x00000001
     347575.000 ns	     34756	80007108	a0539ad3	flt.s	x21,f7,f5	  f7:0x7fc00000  f5:0x40e00000 x21=0x00000000
     347605.000 ns	     34759	8000710c	033e37b3	mulhu	x15,x28,x19	 x28:0x00000007 x19:0x00000200 x15=0x00000000
     347625.000 ns	     34761	80007110	ed4bb593	sltiu	x11,x23,-300	 x23:0xffffffff x11=0x00000000
     347635.000 ns	     34762	80007114	6abd0817	auipc	x16,0x6abd0	 x16=0xeabd7114
     347645.000 ns	     34763	80007118	00f0fb33	and	x22,x1,x15	  x1:0x8003f01c x15:0x00000000 x22=0x00000000
     347655.000 ns	     34764	8000711c	38333b13	sltiu	x22,x6,899	  x6:0x00000001 x22=0x00000001
     347665.000 ns	     34765	80007120	87e43393	sltiu	x7,x8,-1922	  x8:0x00000001  x7=0x00000001
     347695.000 ns	     34768	80007124	102a7653	fmul.s	f12,f20,f2	 f20:0x00000000  f2:0x1f350758 f12=0x00000000
     347715.000 ns	     34770	80007128	00525593	srli	x11,x4,0x5	  x4:0x80041024 x11=0x04002081
     347725.000 ns	     34771	8000712c	592a6793	ori	x15,x20,1426	 x20:0x00000001 x15=0x00000593
     347735.000 ns	     34772	80007130	4d232c93	slti	x25,x6,1234	  x6:0x00000001 x25=0x00000001
     347755.000 ns	     34774	80007134	d0004d53	fcvt.s.w	f26,x0	  x0:0x00000000 f26=0x00000000
     347775.000 ns	     34776	80007138	5ef26013	ori	x0,x4,1519	  x4:0x80041024
     347785.000 ns	     34777	8000713c	01221f13	slli	x30,x4,0x12	  x4:0x80041024 x30=0x40900000
     347805.000 ns	     34779	80007140	d003fad3	fcvt.s.w	f21,x7	  x7:0x00000001 f21=0x3f800000
     347825.000 ns	     34781	80007144	00c11a93	slli	x21,x2,0xc	  x2:0x00000000 x21=0x00000000
     347865.000 ns	     34785	80007148	01c0bbd3	fadd.s	f23,f1,f28	  f1:0x00000000 f28:0x00000000 f23=0x00000000
     347885.000 ns	     34787	8000714c	00600fb3	add	x31,x0,x6	  x0:0x00000000  x6:0x00000001 x31=0x00000001
     347905.000 ns	     34789	80007150	024b2333	mulhsu	x6,x22,x4	 x22:0x00000001  x4:0x80041024  x6=0x00000000
     347935.000 ns	     34792	80007154	03e42c33	mulhsu	x24,x8,x30	  x8:0x00000001 x30:0x40900000 x24=0x00000000
     347965.000 ns	     34795	80007158	d018f853	fcvt.s.wu	f16,x17	 x17:0x00000001 f16=0x3f800000
     347985.000 ns	     34797	8000715c	c6373713	sltiu	x14,x14,-925	 x14:0xfff7fb76 x14=0x00000001
     347995.000 ns	     34798	80007160	4c583797	auipc	x15,0x4c583	 x15=0xcc58a160
     348015.000 ns	     34800	80007164	a06ba5d3	feq.s	x11,f23,f6	 f23:0x00000000  f6:0x49e394e0 x11=0x00000000
     348035.000 ns	     34802	80007168	bf14f093	andi	x1,x9,-1039	  x9:0x00000000  x1=0x00000000
     348045.000 ns	     34803	8000716c	00c49493	slli	x9,x9,0xc	  x9:0x00000000  x9=0x00000000
     348065.000 ns	     34805	80007170	28339253	fmax.s	f4,f7,f3	  f7:0x7fc00000  f3:0x4d31a08f  f4=0x4d31a08f
     348095.000 ns	     34808	80007174	d01efcd3	fcvt.s.wu	f25,x29	 x29:0x00000000 f25=0x00000000
     348115.000 ns	     34810	80007178	aec6e193	ori	x3,x13,-1300	 x13:0x0d03e09c  x3=0xfffffafc
     348125.000 ns	     34811	8000717c	01073033	sltu	x0,x14,x16	 x14:0x00000001 x16:0xeabd7114
     348145.000 ns	     34813	80007180	03b5ab33	mulhsu	x22,x11,x27	 x11:0x00000000 x27:0x00000080 x22=0x00000000
     348175.000 ns	     34816	80007184	c00d7453	fcvt.w.s	x8,f26	 f26:0x00000000  x8=0x00000000
     348205.000 ns	     34819	80007188	a06e0d53	fle.s	x26,f28,f6	 f28:0x00000000  f6:0x49e394e0 x26=0x00000001
     348235.000 ns	     34822	8000718c	c01c84d3	fcvt.wu.s	x9,f25	 f25:0x00000000  x9=0x00000000
     348255.000 ns	     34824	80007190	40ac8033	sub	x0,x25,x10	 x25:0x00000001 x10:0xffffffff
     348265.000 ns	     34825	80007194	412ad8b3	sra	x17,x21,x18	 x21:0x00000000 x18:0x00000000 x17=0x00000000
     348285.000 ns	     34827	80007198	02170d33	mul	x26,x14,x1	 x14:0x00000001  x1:0x00000000 x26=0x00000000
     348315.000 ns	     34830	8000719c	028b9833	mulh	x16,x23,x8	 x23:0xffffffff  x8:0x00000000 x16=0x00000000
     348335.000 ns	     34832	800071a0	009a1813	slli	x16,x20,0x9	 x20:0x00000001 x16=0x00000200
     348695.000 ns	     34868	800071a4	03066f33	rem	x30,x12,x16	 x12:0x80040fe4 x16:0x00000000 x30=0xffffffe4
     348715.000 ns	     34870	800071a8	01ba6cb3	or	x25,x20,x27	 x20:0x00000001 x27:0x00000080 x25=0x00000081
     348745.000 ns	     34873	800071ac	117c25d3	fmul.s	f11,f24,f23	 f24:0x00000000 f23:0x00000000 f11=0x00000000
     348765.000 ns	     34875	800071b0	01179813	slli	x16,x15,0x11	 x15:0xcc58a160 x16=0x42c00000
     349125.000 ns	     34911	800071b4	03e2cf33	div	x30,x5,x30	  x5:0x00000040 x30:0xffffffe4 x30=0xfffffffe
     349155.000 ns	     34914	800071b8	20d99253	fsgnjn.s	f4,f19,f13	 f19:0x00000000 f13:0xfff7fb76  f4=0x00000000
     349185.000 ns	     34917	800071bc	217ba3d3	fsgnjx.s	f7,f23,f23	 f23:0x00000000 f23:0x00000000  f7=0x00000000
     349215.000 ns	     34920	800071c0	a0d4a753	feq.s	x14,f9,f13	  f9:0x00000000 f13:0xfff7fb76 x14=0x00000000
     349265.000 ns	     34925	800071c4	00700c53	fadd.s	f24,f0,f7	  f0:0xcd31a08f  f7:0x00000000 f24=0xcd31a08f
     349285.000 ns	     34927	800071c8	005952b3	srl	x5,x18,x5	 x18:0x00000000  x5:0x00000040  x5=0x00000000
     349295.000 ns	     34928	800071cc	00000013	addi	x0,x0,0	  x0:0x00000000
     349315.000 ns	     34930	800071d0	a1e406d3	fle.s	x13,f8,f30	  f8:0x49e394e0 f30:0x00000200 x13=0x00000000
     349335.000 ns	     34932	800071d4	04277493	andi	x9,x14,66	 x14:0x00000000  x9=0x00000000
     349355.000 ns	     34934	800071d8	295a9753	fmax.s	f14,f21,f21	 f21:0x3f800000 f21:0x3f800000 f14=0x3f800000
     349375.000 ns	     34936	800071dc	6f2c4713	xori	x14,x24,1778	 x24:0x00000000 x14=0x000006f2
     349395.000 ns	     34938	800071e0	f0068653	fmv.w.x	f12,x13	 x13:0x00000000 f12=0x00000000
     349425.000 ns	     34941	800071e4	022486b3	mul	x13,x9,x2	  x9:0x00000000  x2:0x00000000 x13=0x00000000
     349445.000 ns	     34943	800071e8	41450433	sub	x8,x10,x20	 x10:0xffffffff x20:0x00000001  x8=0xfffffffe
     349455.000 ns	     34944	800071ec	00ca02b3	add	x5,x20,x12	 x20:0x00000001 x12:0x80040fe4  x5=0x80040fe5
     349475.000 ns	     34946	800071f0	c01eacd3	fcvt.wu.s	x25,f29	 f29:0x00000200 x25=0x00000000
     349525.000 ns	     34951	800071f4	0939fb53	fsub.s	f22,f19,f19	 f19:0x00000000 f19:0x00000000 f22=0x80000000
     349555.000 ns	     34954	800071f8	c00a01d3	fcvt.w.s	x3,f20	 f20:0x00000000  x3=0x00000000
     349585.000 ns	     34957	800071fc	a00c2a53	feq.s	x20,f24,f0	 f24:0xcd31a08f  f0:0xcd31a08f x20=0x00000001
     349615.000 ns	     34960	80007200	0350ad33	mulhsu	x26,x1,x21	  x1:0x00000000 x21:0x00000000 x26=0x00000000
     349655.000 ns	     34964	80007204	11b974d3	fmul.s	f9,f18,f27	 f18:0x1f350758 f27:0x8003f01c  f9=0x80000001
     349685.000 ns	     34967	80007208	a0f98153	fle.s	x2,f19,f15	 f19:0x00000000 f15:0x80000000  x2=0x00000001
     349705.000 ns	     34969	8000720c	40d253b3	sra	x7,x4,x13	  x4:0x80041024 x13:0x00000000  x7=0x80041024
     349715.000 ns	     34970	80007210	d489aa13	slti	x20,x19,-696	 x19:0x00000200 x20=0x00000000
     350885.000 ns	     35087	80007214	58037ed3	fsqrt.s	f29,f6	  f6:0x49e394e0 f29=0x44aaad29
     350915.000 ns	     35090	80007218	216f0653	fsgnj.s	f12,f30,f22	 f30:0x00000200 f22:0x80000000 f12=0x80000200
     350945.000 ns	     35093	8000721c	c01277d3	fcvt.wu.s	x15,f4	  f4:0x00000000 x15=0x00000000
     350975.000 ns	     35096	80007220	a02190d3	flt.s	x1,f3,f2	  f3:0x4d31a08f  f2:0x1f350758  x1=0x00000000
     351005.000 ns	     35099	80007224	02fa06b3	mul	x13,x20,x15	 x20:0x00000000 x15:0x00000000 x13=0x00000000
     351035.000 ns	     35102	80007228	032b6c33	rem	x24,x22,x18	 x22:0x00000000 x18:0x00000000 x24=0x00000000
     351065.000 ns	     35105	8000722c	21548653	fsgnj.s	f12,f9,f21	  f9:0x80000001 f21:0x3f800000 f12=0x00000001
     351095.000 ns	     35108	80007230	0237d8b3	divu	x17,x15,x3	 x15:0x00000000  x3:0x00000000 x17=0xffffffff
     351465.000 ns	     35145	80007234	0337ffb3	remu	x31,x15,x19	 x15:0x00000000 x19:0x00000200 x31=0x00000000
     351495.000 ns	     35148	80007238	d00f7c53	fcvt.s.w	f24,x30	 x30:0xfffffffe f24=0xc0000000
     351515.000 ns	     35150	8000723c	5f648b93	addi	x23,x9,1526	  x9:0x00000000 x23=0x000005f6
     351525.000 ns	     35151	80007240	00e6ac33	slt	x24,x13,x14	 x13:0x00000000 x14:0x000006f2 x24=0x00000001
     351535.000 ns	     35152	80007244	c6594f93	xori	x31,x18,-923	 x18:0x00000000 x31=0xfffffc65
     351555.000 ns	     35154	80007248	29938453	fmin.s	f8,f7,f25	  f7:0x00000000 f25:0x00000000  f8=0x00000000
     351575.000 ns	     35156	8000724c	9c567d93	andi	x27,x12,-1595	 x12:0x80040fe4 x27=0x800409c4
     351595.000 ns	     35158	80007250	a1290a53	fle.s	x20,f18,f18	 f18:0x1f350758 f18:0x1f350758 x20=0x00000001
     351625.000 ns	     35161	80007254	c00f78d3	fcvt.w.s	x17,f30	 f30:0x00000200 x17=0x00000000
     351645.000 ns	     35163	80007258	00000013	addi	x0,x0,0	  x0:0x00000000
     351655.000 ns	     35164	8000725c	01432933	slt	x18,x6,x20	  x6:0x00000000 x20:0x00000001 x18=0x00000001
     351665.000 ns	     35165	80007260	017d10b3	sll	x1,x26,x23	 x26:0x00000000 x23:0x000005f6  x1=0x00000000
     351685.000 ns	     35167	80007264	03af4f33	div	x30,x30,x26	 x30:0xfffffffe x26:0x00000000 x30=0xffffffff
     351715.000 ns	     35170	80007268	f00e8cd3	fmv.w.x	f25,x29	 x29:0x00000000 f25=0x00000000
     351735.000 ns	     35172	8000726c	414d03b3	sub	x7,x26,x20	 x26:0x00000000 x20:0x00000001  x7=0xffffffff
     351755.000 ns	     35174	80007270	20a6a3d3	fsgnjx.s	f7,f13,f10	 f13:0xfff7fb76 f10:0x7fc00000  f7=0xfff7fb76
     351775.000 ns	     35176	80007274	4178da13	srai	x20,x17,0x17	 x17:0x00000000 x20=0x00000000
     351785.000 ns	     35177	80007278	0089aa33	slt	x20,x19,x8	 x19:0x00000200  x8:0xfffffffe x20=0x00000000
     351795.000 ns	     35178	8000727c	e1350497	auipc	x9,0xe1350	  x9=0x6135727c
     351825.000 ns	     35181	80007280	1886a1d3	fdiv.s	f3,f13,f8	 f13:0xfff7fb76  f8:0x00000000  f3=0x7fc00000
     351855.000 ns	     35184	80007284	d01d9c53	fcvt.s.wu	f24,x27	 x27:0x800409c4 f24=0x4f000409
     351875.000 ns	     35186	80007288	b19ea013	slti	x0,x29,-1255	 x29:0x00000000
     351895.000 ns	     35188	8000728c	02dbbab3	mulhu	x21,x23,x13	 x23:0x000005f6 x13:0x00000000 x21=0x00000000
     351915.000 ns	     35190	80007290	00a5bc33	sltu	x24,x11,x10	 x11:0x00000000 x10:0xffffffff x24=0x00000001
     351935.000 ns	     35192	80007294	21cd8c53	fsgnj.s	f24,f27,f28	 f27:0x8003f01c f28:0x00000000 f24=0x0003f01c
     351955.000 ns	     35194	80007298	56773813	sltiu	x16,x14,1383	 x14:0x000006f2 x16=0x00000000
     351965.000 ns	     35195	8000729c	a9fc2b13	slti	x22,x24,-1377	 x24:0x00000001 x22=0x00000000
     351975.000 ns	     35196	800072a0	41460b33	sub	x22,x12,x20	 x12:0x80040fe4 x20:0x00000000 x22=0x80040fe4
     351985.000 ns	     35197	800072a4	0191f433	and	x8,x3,x25	  x3:0x00000000 x25:0x00000000  x8=0x00000000
     351995.000 ns	     35198	800072a8	01b004b3	add	x9,x0,x27	  x0:0x00000000 x27:0x800409c4  x9=0x800409c4
     352015.000 ns	     35200	800072ac	e0020553	fmv.x.w	x10,f4	  f4:0x00000000 x10=0x00000000
     352035.000 ns	     35202	800072b0	01b6feb3	and	x29,x13,x27	 x13:0x00000000 x27:0x800409c4 x29=0x00000000
     352045.000 ns	     35203	800072b4	017b5a93	srli	x21,x22,0x17	 x22:0x80040fe4 x21=0x00000100
     352065.000 ns	     35205	800072b8	c003c053	fcvt.w.s	x0,f7	  f7:0xfff7fb76
     352095.000 ns	     35208	800072bc	c000f5d3	fcvt.w.s	x11,f1	  f1:0x00000000 x11=0x00000000
     352125.000 ns	     35211	800072c0	d00cf053	fcvt.s.w	f0,x25	 x25:0x00000000  f0=0x00000000
     352155.000 ns	     35214	800072c4	c01875d3	fcvt.wu.s	x11,f16	 f16:0x3f800000 x11=0x00000001
     352185.000 ns	     35217	800072c8	f00f0dd3	fmv.w.x	f27,x30	 x30:0xffffffff f27=0xffffffff
     352215.000 ns	     35220	800072cc	02b0bf33	mulhu	x30,x1,x11	  x1:0x00000000 x11:0x00000001 x30=0x00000000
     352235.000 ns	     35222	800072d0	00161ab3	sll	x21,x12,x1	 x12:0x80040fe4  x1:0x00000000 x21=0x80040fe4
     352255.000 ns	     35224	800072d4	214b07d3	fsgnj.s	f15,f22,f20	 f22:0x80000000 f20:0x00000000 f15=0x00000000
     352295.000 ns	     35228	800072d8	108e0953	fmul.s	f18,f28,f8	 f28:0x00000000  f8:0x00000000 f18=0x00000000
     352325.000 ns	     35231	800072dc	02431433	mulh	x8,x6,x4	  x6:0x00000000  x4:0x80041024  x8=0x00000000
     352355.000 ns	     35234	800072e0	a1bb9a53	flt.s	x20,f23,f27	 f23:0x00000000 f27:0xffffffff x20=0x00000000
     352385.000 ns	     35237	800072e4	a1e59bd3	flt.s	x23,f11,f30	 f11:0x00000000 f30:0x00000200 x23=0x00000001
     352405.000 ns	     35239	800072e8	00ae6cb3	or	x25,x28,x10	 x28:0x00000007 x10:0x00000000 x25=0x00000007
     352425.000 ns	     35241	800072ec	e00d97d3	fclass.s	x15,f27	 f27:0xffffffff x15=0x00000200
     352455.000 ns	     35244	800072f0	28b805d3	fmin.s	f11,f16,f11	 f16:0x3f800000 f11:0x00000000 f11=0x00000000
     352505.000 ns	     35249	800072f4	084942d3	fsub.s	f5,f18,f4	 f18:0x00000000  f4:0x00000000  f5=0x80000000
     352525.000 ns	     35251	800072f8	0182dab3	srl	x21,x5,x24	  x5:0x80040fe5 x24:0x00000001 x21=0x400207f2
     352535.000 ns	     35252	800072fc	00000013	addi	x0,x0,0	  x0:0x00000000
     352555.000 ns	     35254	80007300	2064a253	fsgnjx.s	f4,f9,f6	  f9:0x80000001  f6:0x49e394e0  f4=0x80000001
     352575.000 ns	     35256	80007304	017fa133	slt	x2,x31,x23	 x31:0xfffffc65 x23:0x00000001  x2=0x00000001
     352595.000 ns	     35258	80007308	a07623d3	feq.s	x7,f12,f7	 f12:0x00000001  f7:0xfff7fb76  x7=0x00000000
     352965.000 ns	     35295	8000730c	03b8d0b3	divu	x1,x17,x27	 x17:0x00000000 x27:0x800409c4  x1=0x00000000
     352985.000 ns	     35297	80007310	01db2133	slt	x2,x22,x29	 x22:0x80040fe4 x29:0x00000000  x2=0x00000001
     353015.000 ns	     35300	80007314	1158f853	fmul.s	f16,f17,f21	 f17:0x7fc00000 f21:0x3f800000 f16=0x7fc00000
     353035.000 ns	     35302	80007318	1f5f4d97	auipc	x27,0x1f5f4	 x27=0x9f5fb318
     353055.000 ns	     35304	8000731c	29f91c53	fmax.s	f24,f18,f31	 f18:0x00000000 f31:0x00000000 f24=0x00000000
     353075.000 ns	     35306	80007320	0084bbb3	sltu	x23,x9,x8	  x9:0x800409c4  x8:0x00000000 x23=0x00000000
     353085.000 ns	     35307	80007324	40758a13	addi	x20,x11,1031	 x11:0x00000001 x20=0x00000408
     353095.000 ns	     35308	80007328	40ca53b3	sra	x7,x20,x12	 x20:0x00000000 x12:0x80040fe4  x7=0x00000040
     353115.000 ns	     35310	8000732c	031551b3	divu	x3,x10,x17	 x10:0x00000000 x17:0x00000000  x3=0xffffffff
     353145.000 ns	     35313	80007330	20d686d3	fsgnj.s	f13,f13,f13	 f13:0xfff7fb76 f13:0xfff7fb76 f13=0xfff7fb76
     353175.000 ns	     35316	80007334	03eaf6b3	remu	x13,x21,x30	 x21:0x400207f2 x30:0x00000000 x13=0x400207f2
     353205.000 ns	     35319	80007338	d00c2753	fcvt.s.w	f14,x24	 x24:0x00000001 f14=0x3f800000
     353225.000 ns	     35321	8000733c	05c20713	addi	x14,x4,92	  x4:0x80041024 x14=0x80041080
     353235.000 ns	     35322	80007340	019c60b3	or	x1,x24,x25	 x24:0x00000001 x25:0x00000007  x1=0x00000007
     353255.000 ns	     35324	80007344	c0112d53	fcvt.wu.s	x26,f2	  f2:0x1f350758 x26=0x00000000
     353275.000 ns	     35326	80007348	01ed0cb3	add	x25,x26,x30	 x26:0x00000000 x30:0x00000000 x25=0x00000000
     353285.000 ns	     35327	8000734c	4070ddb3	sra	x27,x1,x7	  x1:0x00000007  x7:0x00000040 x27=0x00000007
     353295.000 ns	     35328	80007350	18ec2f37	lui	x30,0x18ec2	 x30=0x18ec2000
     353655.000 ns	     35364	80007354	02ce62b3	rem	x5,x28,x12	 x28:0x00000007 x12:0x80040fe4  x5=0x00000007
     354025.000 ns	     35401	80007358	0380dab3	divu	x21,x1,x24	  x1:0x00000007 x24:0x00000001 x21=0x00000007
     354055.000 ns	     35404	8000735c	023e2db3	mulhsu	x27,x28,x3	 x28:0x00000007  x3:0xffffffff x27=0x00000006
     354075.000 ns	     35406	80007360	124dc937	lui	x18,0x124dc	 x18=0x124dc000
     354115.000 ns	     35410	80007364	0874f7d3	fsub.s	f15,f9,f7	  f9:0x80000001  f7:0xfff7fb76 f15=0x7fc00000
     354485.000 ns	     35447	80007368	029dc9b3	div	x19,x27,x9	 x27:0x00000006  x9:0x800409c4 x19=0x00000000
     354505.000 ns	     35449	8000736c	7159af13	slti	x30,x19,1813	 x19:0x00000200 x30=0x00000001
     354515.000 ns	     35450	80007370	09ea3317	auipc	x6,0x9ea3	  x6=0x89eaa370
     354535.000 ns	     35452	80007374	c01f7853	fcvt.wu.s	x16,f30	 f30:0x00000200 x16=0x00000000
     354565.000 ns	     35455	80007378	21dd9853	fsgnjn.s	f16,f27,f29	 f27:0xffffffff f29:0x44aaad29 f16=0xffffffff
     354585.000 ns	     35457	8000737c	012bb133	sltu	x2,x23,x18	 x23:0x00000000 x18:0x124dc000  x2=0x00000001
     354595.000 ns	     35458	80007380	1585b913	sltiu	x18,x11,344	 x11:0x00000001 x18=0x00000001
     354615.000 ns	     35460	80007384	a05015d3	flt.s	x11,f0,f5	  f0:0x00000000  f5:0x80000000 x11=0x00000000
     354645.000 ns	     35463	80007388	d00e2ad3	fcvt.s.w	f21,x28	 x28:0x00000007 f21=0x40e00000
     354695.000 ns	     35468	8000738c	015dc653	fadd.s	f12,f27,f21	 f27:0xffffffff f21:0x3f800000 f12=0x7fc00000
     354725.000 ns	     35471	80007390	c01cf453	fcvt.wu.s	x8,f25	 f25:0x00000000  x8=0x00000000
     354755.000 ns	     35474	80007394	0300c2b3	div	x5,x1,x16	  x1:0x00000007 x16:0x00000000  x5=0xffffffff
     354775.000 ns	     35476	80007398	01d74333	xor	x6,x14,x29	 x14:0x80041080 x29:0x00000000  x6=0x80041080
     354795.000 ns	     35478	8000739c	a00a1bd3	flt.s	x23,f20,f0	 f20:0x00000000  f0:0x00000000 x23=0x00000000
     354815.000 ns	     35480	800073a0	01b003b3	add	x7,x0,x27	  x0:0x00000000 x27:0x00000006  x7=0x00000006
     354825.000 ns	     35481	800073a4	c1ee8f37	lui	x30,0xc1ee8	 x30=0xc1ee8000
     354855.000 ns	     35484	800073a8	19a92ad3	fdiv.s	f21,f18,f26	 f18:0x00000000 f26:0x00000000 f21=0x7fc00000
     354885.000 ns	     35487	800073ac	299d08d3	fmin.s	f17,f26,f25	 f26:0x00000000 f25:0x00000000 f17=0x00000000
     354915.000 ns	     35490	800073b0	20cc2c53	fsgnjx.s	f24,f24,f12	 f24:0x00000000 f12:0x7fc00000 f24=0x00000000
     354945.000 ns	     35493	800073b4	03841b33	mulh	x22,x8,x24	  x8:0x00000000 x24:0x00000001 x22=0x00000000
     354965.000 ns	     35495	800073b8	15eff293	andi	x5,x31,350	 x31:0xfffffc65  x5=0x00000044
     355005.000 ns	     35499	800073bc	093321d3	fsub.s	f3,f6,f19	  f6:0x49e394e0 f19:0x00000000  f3=0x49e394e0
     355035.000 ns	     35502	800073c0	285e9453	fmax.s	f8,f29,f5	 f29:0x44aaad29  f5:0x80000000  f8=0x44aaad29
     355065.000 ns	     35505	800073c4	e00a8353	fmv.x.w	x6,f21	 f21:0x7fc00000  x6=0x7fc00000
     355085.000 ns	     35507	800073c8	3ebcc713	xori	x14,x25,1003	 x25:0x00000000 x14=0x000003eb
     355095.000 ns	     35508	800073cc	92e8a393	slti	x7,x17,-1746	 x17:0x00000000  x7=0x00000000
     355115.000 ns	     35510	800073d0	c00a8d53	fcvt.w.s	x26,f21	 f21:0x7fc00000 x26=0x7fffffff
     355165.000 ns	     35515	800073d4	01ce90d3	fadd.s	f1,f29,f28	 f29:0x44aaad29 f28:0x00000000  f1=0x44aaad29
     355185.000 ns	     35517	800073d8	00291533	sll	x10,x18,x2	 x18:0x00000001  x2:0x00000001 x10=0x00000002
     355205.000 ns	     35519	800073dc	02d90033	mul	x0,x18,x13	 x18:0x00000001 x13:0x400207f2
     355225.000 ns	     35521	800073e0	59003e93	sltiu	x29,x0,1424	  x0:0x00000000 x29=0x00000001
     355245.000 ns	     35523	800073e4	03ff38b3	mulhu	x17,x30,x31	 x30:0xc1ee8000 x31:0xfffffc65 x17=0xc1ee7d44
     355615.000 ns	     35560	800073e8	025e7d33	remu	x26,x28,x5	 x28:0x00000007  x5:0x00000044 x26=0x00000007
     355665.000 ns	     35565	800073ec	00787fd3	fadd.s	f31,f16,f7	 f16:0xffffffff  f7:0xfff7fb76 f31=0x7fc00000
     355685.000 ns	     35567	800073f0	40d781b3	sub	x3,x15,x13	 x15:0x00000200 x13:0x400207f2  x3=0xbffdfa0e
     355705.000 ns	     35569	800073f4	c01775d3	fcvt.wu.s	x11,f14	 f14:0x3f800000 x11=0x00000001
     355735.000 ns	     35572	800073f8	2106a9d3	fsgnjx.s	f19,f13,f16	 f13:0xfff7fb76 f16:0xffffffff f19=0x7ff7fb76
     356075.000 ns	     35606	800073fc	18877cd3	fdiv.s	f25,f14,f8	 f14:0x3f800000  f8:0x44aaad29 f25=0x3a3b5b62
     356095.000 ns	     35608	80007400	00e42bb3	slt	x23,x8,x14	  x8:0x00000000 x14:0x000003eb x23=0x00000001
     356115.000 ns	     35610	80007404	e00382d3	fmv.x.w	x5,f7	  f7:0xfff7fb76  x5=0xfff7fb76
     356145.000 ns	     35613	80007408	d0027653	fcvt.s.w	f12,x4	  x4:0x80041024 f12=0xcefff7df
     356175.000 ns	     35616	8000740c	c00030d3	fcvt.w.s	x1,f0	  f0:0x00000000  x1=0x00000000
     356545.000 ns	     35653	80007410	02e64db3	div	x27,x12,x14	 x12:0x80040fe4 x14:0x000003eb x27=0xffdf5585
     356565.000 ns	     35655	80007414	01cd9d33	sll	x26,x27,x28	 x27:0x00000006 x28:0x00000007 x26=0xefaac280
     356575.000 ns	     35656	80007418	01566333	or	x6,x12,x21	 x12:0x80040fe4 x21:0x00000007  x6=0x80040fe7
     356585.000 ns	     35657	8000741c	f967b113	sltiu	x2,x15,-106	 x15:0x00000200  x2=0x00000001
     356605.000 ns	     35659	80007420	209783d3	fsgnj.s	f7,f15,f9	 f15:0x7fc00000  f9:0x80000001  f7=0xffc00000
     356635.000 ns	     35662	80007424	0203f4b3	remu	x9,x7,x0	  x7:0x00000000  x0:0x00000000  x9=0x00000000
     357005.000 ns	     35699	80007428	02e1f833	remu	x16,x3,x14	  x3:0xbffdfa0e x14:0x000003eb x16=0x000001f8
     357375.000 ns	     35736	8000742c	02ef58b3	divu	x17,x30,x14	 x30:0xc1ee8000 x14:0x000003eb x17=0x00317f7d
     357395.000 ns	     35738	80007430	0131d713	srli	x14,x3,0x13	  x3:0xbffdfa0e x14=0x000017ff
     357415.000 ns	     35740	80007434	a12821d3	feq.s	x3,f16,f18	 f16:0xffffffff f18:0x00000000  x3=0x00000000
     357445.000 ns	     35743	80007438	d0160053	fcvt.s.wu	f0,x12	 x12:0x80040fe4  f0=0x4f000410
     357475.000 ns	     35746	8000743c	02349433	mulh	x8,x9,x3	  x9:0x00000000  x3:0x00000000  x8=0x00000000
     357495.000 ns	     35748	80007440	400a5a13	srai	x20,x20,0x0	 x20:0x00000408 x20=0x00000408
     357505.000 ns	     35749	80007444	41cfdfb3	sra	x31,x31,x28	 x31:0xfffffc65 x28:0x00000007 x31=0xfffffff8
     357515.000 ns	     35750	80007448	78284193	xori	x3,x16,1922	 x16:0x000001f8  x3=0x0000067a
     357545.000 ns	     35753	8000744c	113c7f53	fmul.s	f30,f24,f19	 f24:0x00000000 f19:0x7ff7fb76 f30=0x7fc00000
     357575.000 ns	     35756	80007450	a03c0cd3	fle.s	x25,f24,f3	 f24:0x00000000  f3:0x49e394e0 x25=0x00000001
     357595.000 ns	     35758	80007454	419fdfb3	sra	x31,x31,x25	 x31:0xfffffff8 x25:0x00000000 x31=0xfffffffc
     357605.000 ns	     35759	80007458	51e4eb93	ori	x23,x9,1310	  x9:0x00000000 x23=0x0000051e
     357615.000 ns	     35760	8000745c	00a70133	add	x2,x14,x10	 x14:0x000017ff x10:0x00000002  x2=0x00001801
     357975.000 ns	     35796	80007460	031dc3b3	div	x7,x27,x17	 x27:0xffdf5585 x17:0x00317f7d  x7=0x00000000
     357995.000 ns	     35798	80007464	00000013	addi	x0,x0,0	  x0:0x00000000
     358005.000 ns	     35799	80007468	00605293	srli	x5,x0,0x6	  x0:0x00000000  x5=0x00000000
     358025.000 ns	     35801	8000746c	02f68533	mul	x10,x13,x15	 x13:0x400207f2 x15:0x00000200 x10=0x040fe400
     358065.000 ns	     35805	80007470	11792753	fmul.s	f14,f18,f23	 f18:0x00000000 f23:0x00000000 f14=0x00000000
     358085.000 ns	     35807	80007474	007995b3	sll	x11,x19,x7	 x19:0x00000000  x7:0x00000000 x11=0x00000000
     358095.000 ns	     35808	80007478	00da1793	slli	x15,x20,0xd	 x20:0x00000408 x15=0x00810000
     358105.000 ns	     35809	8000747c	15d06d13	ori	x26,x0,349	  x0:0x00000000 x26=0x0000015d
     358115.000 ns	     35810	80007480	bb87c413	xori	x8,x15,-1096	 x15:0x00000200  x8=0xff7efbb8
     358125.000 ns	     35811	80007484	01258033	add	x0,x11,x18	 x11:0x00000000 x18:0x00000001
     358135.000 ns	     35812	80007488	01ce1493	slli	x9,x28,0x1c	 x28:0x00000007  x9=0x70000000
     358175.000 ns	     35816	8000748c	08eefc53	fsub.s	f24,f29,f14	 f29:0x44aaad29 f14:0x00000000 f24=0x44aaad29
     358195.000 ns	     35818	80007490	01c58f33	add	x30,x11,x28	 x11:0x00000000 x28:0x00000007 x30=0x00000007
     358205.000 ns	     35819	80007494	99f94793	xori	x15,x18,-1633	 x18:0x00000001 x15=0xfffff99e
     358225.000 ns	     35821	80007498	20260a53	fsgnj.s	f20,f12,f2	 f12:0xcefff7df  f2:0x1f350758 f20=0x4efff7df
     358245.000 ns	     35823	8000749c	32257913	andi	x18,x10,802	 x10:0x040fe400 x18=0x00000000
     358265.000 ns	     35825	800074a0	03da38b3	mulhu	x17,x20,x29	 x20:0x00000408 x29:0x00000001 x17=0x00000000
     358285.000 ns	     35827	800074a4	f817c413	xori	x8,x15,-127	 x15:0xfffff99e  x8=0x0000061f
     358305.000 ns	     35829	800074a8	c01c3bd3	fcvt.wu.s	x23,f24	 f24:0x44aaad29 x23=0x00000556
     358325.000 ns	     35831	800074ac	412bd033	sra	x0,x23,x18	 x23:0x0000051e x18:0x00000000
     358335.000 ns	     35832	800074b0	00000013	addi	x0,x0,0	  x0:0x00000000
     358355.000 ns	     35834	800074b4	e00b0b53	fmv.x.w	x22,f22	 f22:0x80000000 x22=0x80000000
     358385.000 ns	     35837	800074b8	280d0853	fmin.s	f16,f26,f0	 f26:0x00000000  f0:0x4f000410 f16=0x00000000
     358415.000 ns	     35840	800074bc	d0037ed3	fcvt.s.w	f29,x6	  x6:0x80040fe7 f29=0xcefff7e0
     358435.000 ns	     35842	800074c0	bd56e293	ori	x5,x13,-1067	 x13:0x400207f2  x5=0xfffffff7
     358455.000 ns	     35844	800074c4	02c53db3	mulhu	x27,x10,x12	 x10:0x040fe400 x12:0x80040fe4 x27=0x02080280
     358485.000 ns	     35847	800074c8	f0020453	fmv.w.x	f8,x4	  x4:0x80041024  f8=0x80041024
     358505.000 ns	     35849	800074cc	0123aab3	slt	x21,x7,x18	  x7:0x00000000 x18:0x00000000 x21=0x00000000
     358515.000 ns	     35850	800074d0	6b0e0393	addi	x7,x28,1712	 x28:0x00000007  x7=0x000006b7
     358525.000 ns	     35851	800074d4	db32d5b7	lui	x11,0xdb32d	 x11=0xdb32d000
     358885.000 ns	     35887	800074d8	03b344b3	div	x9,x6,x27	  x6:0x80040fe7 x27:0x02080280  x9=0xffffffc1
     358915.000 ns	     35890	800074dc	20679853	fsgnjn.s	f16,f15,f6	 f15:0x7fc00000  f6:0x49e394e0 f16=0xffc00000
     358935.000 ns	     35892	800074e0	0169d1b3	srl	x3,x19,x22	 x19:0x00000000 x22:0x80000000  x3=0x00000000
     358975.000 ns	     35896	800074e4	082f7053	fsub.s	f0,f30,f2	 f30:0x7fc00000  f2:0x1f350758  f0=0x7fc00000
     358995.000 ns	     35898	800074e8	0149c533	xor	x10,x19,x20	 x19:0x00000000 x20:0x00000408 x10=0x00000408
     359015.000 ns	     35900	800074ec	02e496b3	mulh	x13,x9,x14	  x9:0xffffffc1 x14:0x000017ff x13=0xffffffff
     359385.000 ns	     35937	800074f0	02527cb3	remu	x25,x4,x5	  x4:0x80041024  x5:0xfffffff7 x25=0x80041024
     359415.000 ns	     35940	800074f4	02912f33	mulhsu	x30,x2,x9	  x2:0x00001801  x9:0xffffffc1 x30=0x00001800
     359445.000 ns	     35943	800074f8	e00a97d3	fclass.s	x15,f21	 f21:0x7fc00000 x15=0x00000200
     359495.000 ns	     35948	800074fc	01f97453	fadd.s	f8,f18,f31	 f18:0x00000000 f31:0x7fc00000  f8=0x7fc00000
     359515.000 ns	     35950	80007500	007813b3	sll	x7,x16,x7	 x16:0x000001f8  x7:0x000006b7  x7=0xfc000000
     359525.000 ns	     35951	80007504	01fb7cb3	and	x25,x22,x31	 x22:0x80000000 x31:0xfffffffc x25=0x80000000
     359535.000 ns	     35952	80007508	00401933	sll	x18,x0,x4	  x0:0x00000000  x4:0x80041024 x18=0x00000000
     359565.000 ns	     35955	8000750c	116f7853	fmul.s	f16,f30,f22	 f30:0x7fc00000 f22:0x80000000 f16=0x7fc00000
     359585.000 ns	     35957	80007510	d5630893	addi	x17,x6,-682	  x6:0x80040fe7 x17=0x80040d3d
     359595.000 ns	     35958	80007514	00000013	addi	x0,x0,0	  x0:0x00000000
     359615.000 ns	     35960	80007518	a156a553	feq.s	x10,f13,f21	 f13:0xfff7fb76 f21:0x7fc00000 x10=0x00000000
     359645.000 ns	     35963	8000751c	e0038a53	fmv.x.w	x20,f7	  f7:0xffc00000 x20=0xffc00000
     359665.000 ns	     35965	80007520	010b45b3	xor	x11,x22,x16	 x22:0x80000000 x16:0x000001f8 x11=0x800001f8
     359675.000 ns	     35966	80007524	01a23b33	sltu	x22,x4,x26	  x4:0x80041024 x26:0x0000015d x22=0x00000000
     359685.000 ns	     35967	80007528	014eb8b3	sltu	x17,x29,x20	 x29:0x00000001 x20:0xffc00000 x17=0x00000001
     359705.000 ns	     35969	8000752c	211924d3	fsgnjx.s	f9,f18,f17	 f18:0x00000000 f17:0x00000000  f9=0x00000000
     359725.000 ns	     35971	80007530	015a5093	srli	x1,x20,0x15	 x20:0xffc00000  x1=0x000007fe
     359745.000 ns	     35973	80007534	02019c33	mulh	x24,x3,x0	  x3:0x00000000  x0:0x00000000 x24=0x00000000
     359765.000 ns	     35975	80007538	017809b3	add	x19,x16,x23	 x16:0x000001f8 x23:0x00000556 x19=0x0000074e
     359775.000 ns	     35976	8000753c	7bcfa413	slti	x8,x31,1980	 x31:0xfffffffc  x8=0x00000001
     359795.000 ns	     35978	80007540	21a09cd3	fsgnjn.s	f25,f1,f26	  f1:0x44aaad29 f26:0x00000000 f25=0xc4aaad29
     359825.000 ns	     35981	80007544	034e1f33	mulh	x30,x28,x20	 x28:0x00000007 x20:0xffc00000 x30=0xffffffff
     359845.000 ns	     35983	80007548	d0467f93	andi	x31,x12,-764	 x12:0x80040fe4 x31=0x80040d04
     359855.000 ns	     35984	8000754c	01358113	addi	x2,x11,19	 x11:0x800001f8  x2=0x8000020b
     359875.000 ns	     35986	80007550	d0093b53	fcvt.s.w	f22,x18	 x18:0x00000000 f22=0x00000000
     359905.000 ns	     35989	80007554	f0028353	fmv.w.x	f6,x5	  x5:0xfffffff7  f6=0xfffffff7
     359945.000 ns	     35993	80007558	19648353	fdiv.s	f6,f9,f22	  f9:0x00000000 f22:0x00000000  f6=0x7fc00000
     359965.000 ns	     35995	8000755c	36972293	slti	x5,x14,873	 x14:0x000017ff  x5=0x00000000
     360325.000 ns	     36031	80007560	02bcfa33	remu	x20,x25,x11	 x25:0x80000000 x11:0x800001f8 x20=0x80000000
     361505.000 ns	     36149	80007564	5801c3d3	fsqrt.s	f7,f3	  f3:0x49e394e0  f7=0x44aaad29
     361535.000 ns	     36152	80007568	296e07d3	fmin.s	f15,f28,f22	 f28:0x00000000 f22:0x00000000 f15=0x00000000
     361565.000 ns	     36155	8000756c	031ba033	mulhsu	x0,x23,x17	 x23:0x00000556 x17:0x00000001
     361585.000 ns	     36157	80007570	27caa813	slti	x16,x21,636	 x21:0x00000000 x16=0x00000001
     361595.000 ns	     36158	80007574	00eb7cb3	and	x25,x22,x14	 x22:0x00000000 x14:0x000017ff x25=0x00000000
     361605.000 ns	     36159	80007578	413ad693	srai	x13,x21,0x13	 x21:0x00000000 x13=0x00000000
     361615.000 ns	     36160	8000757c	01737133	and	x2,x6,x23	  x6:0x80040fe7 x23:0x00000556  x2=0x00000546
     361625.000 ns	     36161	80007580	014f86b3	add	x13,x31,x20	 x31:0x80040d04 x20:0x80000000 x13=0x00040d04
     361645.000 ns	     36163	80007584	f0068853	fmv.w.x	f16,x13	 x13:0x00000000 f16=0x00040d04
     361665.000 ns	     36165	80007588	ac120c97	auipc	x25,0xac120	 x25=0x2c127588
     361685.000 ns	     36167	8000758c	21fc8353	fsgnj.s	f6,f25,f31	 f25:0xc4aaad29 f31:0x7fc00000  f6=0x44aaad29
     361705.000 ns	     36169	80007590	ffb43f93	sltiu	x31,x8,-5	  x8:0x00000001 x31=0x00000001
     361725.000 ns	     36171	80007594	211997d3	fsgnjn.s	f15,f19,f17	 f19:0x7ff7fb76 f17:0x00000000 f15=0xfff7fb76
     361745.000 ns	     36173	80007598	012d3333	sltu	x6,x26,x18	 x26:0x0000015d x18:0x00000000  x6=0x00000000
     361755.000 ns	     36174	8000759c	408256b3	sra	x13,x4,x8	  x4:0x80041024  x8:0x00000001 x13=0xc0020812
     361775.000 ns	     36176	800075a0	e00516d3	fclass.s	x13,f10	 f10:0x7fc00000 x13=0x00000200
     361795.000 ns	     36178	800075a4	01c4db93	srli	x23,x9,0x1c	  x9:0xffffffc1 x23=0x0000000f
     361815.000 ns	     36180	800075a8	c01dfcd3	fcvt.wu.s	x25,f27	 f27:0xffffffff x25=0xffffffff
     361835.000 ns	     36182	800075ac	00c5c9b3	xor	x19,x11,x12	 x11:0x800001f8 x12:0x80040fe4 x19=0x00040e1c
     361855.000 ns	     36184	800075b0	21199dd3	fsgnjn.s	f27,f19,f17	 f19:0x7ff7fb76 f17:0x00000000 f27=0xfff7fb76
     361885.000 ns	     36187	800075b4	e00409d3	fmv.x.w	x19,f8	  f8:0x7fc00000 x19=0x7fc00000
     361905.000 ns	     36189	800075b8	01c85313	srli	x6,x16,0x1c	 x16:0x00000001  x6=0x00000000
     361915.000 ns	     36190	800075bc	e70cbbb7	lui	x23,0xe70cb	 x23=0xe70cb000
     361935.000 ns	     36192	800075c0	03df0f33	mul	x30,x30,x29	 x30:0xffffffff x29:0x00000001 x30=0xffffffff
     361955.000 ns	     36194	800075c4	018b9133	sll	x2,x23,x24	 x23:0x0000000f x24:0x00000000  x2=0xe70cb000
     361965.000 ns	     36195	800075c8	005699b3	sll	x19,x13,x5	 x13:0x00000200  x5:0x00000000 x19=0x00000200
     361975.000 ns	     36196	800075cc	01071a93	slli	x21,x14,0x10	 x14:0x000017ff x21=0x17ff0000
     361995.000 ns	     36198	800075d0	f0030653	fmv.w.x	f12,x6	  x6:0x00000000 f12=0x00000000
     362025.000 ns	     36201	800075d4	021d26b3	mulhsu	x13,x26,x1	 x26:0x0000015d  x1:0x000007fe x13=0x00000000
     362045.000 ns	     36203	800075d8	3c12f013	andi	x0,x5,961	  x5:0x00000000
     362055.000 ns	     36204	800075dc	00000013	addi	x0,x0,0	  x0:0x00000000
     362065.000 ns	     36205	800075e0	012ce2b3	or	x5,x25,x18	 x25:0xffffffff x18:0x00000000  x5=0xffffffff
     362075.000 ns	     36206	800075e4	00ce4db7	lui	x27,0xce4	 x27=0x00ce4000
     362085.000 ns	     36207	800075e8	0199f8b3	and	x17,x19,x25	 x19:0x00000200 x25:0xffffffff x17=0x00000200
     362105.000 ns	     36209	800075ec	d01fffd3	fcvt.s.wu	f31,x31	 x31:0x00000001 f31=0x3f800000
     362135.000 ns	     36212	800075f0	21130c53	fsgnj.s	f24,f6,f17	  f6:0x44aaad29 f17:0x00000000 f24=0x44aaad29
     362165.000 ns	     36215	800075f4	0384a3b3	mulhsu	x7,x9,x24	  x9:0xffffffc1 x24:0x00000000  x7=0x00000000
     362195.000 ns	     36218	800075f8	a0291453	flt.s	x8,f18,f2	 f18:0x00000000  f2:0x1f350758  x8=0x00000001
     362215.000 ns	     36220	800075fc	64787893	andi	x17,x16,1607	 x16:0x00000001 x17=0x00000001
     362235.000 ns	     36222	80007600	291e85d3	fmin.s	f11,f29,f17	 f29:0xcefff7e0 f17:0x00000000 f11=0xcefff7e0
     362285.000 ns	     36227	80007604	097bc0d3	fsub.s	f1,f23,f23	 f23:0x00000000 f23:0x00000000  f1=0x80000000
     362305.000 ns	     36229	80007608	a9f37b13	andi	x22,x6,-1377	  x6:0x00000000 x22=0x00000000
     362315.000 ns	     36230	8000760c	01ce1893	slli	x17,x28,0x1c	 x28:0x00000007 x17=0x70000000
     362325.000 ns	     36231	80007610	5ec7a413	slti	x8,x15,1516	 x15:0x00000200  x8=0x00000001
     362335.000 ns	     36232	80007614	4106d893	srai	x17,x13,0x10	 x13:0x00000000 x17=0x00000000
     362345.000 ns	     36233	80007618	01c9ef33	or	x30,x19,x28	 x19:0x00000200 x28:0x00000007 x30=0x00000207
     362355.000 ns	     36234	8000761c	00f50333	add	x6,x10,x15	 x10:0x00000000 x15:0x00000200  x6=0x00000200
     362715.000 ns	     36270	80007620	03da7a33	remu	x20,x20,x29	 x20:0x80000000 x29:0x00000001 x20=0x00000000
     362735.000 ns	     36272	80007624	67ee09b7	lui	x19,0x67ee0	 x19=0x67ee0000
     362775.000 ns	     36276	80007628	006dfd53	fadd.s	f26,f27,f6	 f27:0xfff7fb76  f6:0x44aaad29 f26=0x7fc00000
     362795.000 ns	     36278	8000762c	00000013	addi	x0,x0,0	  x0:0x00000000
     362805.000 ns	     36279	80007630	22fbad97	auipc	x27,0x22fba	 x27=0xa2fc1630
     362815.000 ns	     36280	80007634	78bc4d93	xori	x27,x24,1931	 x24:0x00000000 x27=0x0000078b
     362825.000 ns	     36281	80007638	40d75893	srai	x17,x14,0xd	 x14:0x000017ff x17=0x00000000
     362865.000 ns	     36285	8000763c	01557b53	fadd.s	f22,f10,f21	 f10:0x7fc00000 f21:0x7fc00000 f22=0x7fc00000
     362885.000 ns	     36287	80007640	46c8b793	sltiu	x15,x17,1132	 x17:0x00000000 x15=0x00000001
     362895.000 ns	     36288	80007644	00e703b3	add	x7,x14,x14	 x14:0x000017ff x14:0x000017ff  x7=0x00002ffe
     362915.000 ns	     36290	80007648	f00807d3	fmv.w.x	f15,x16	 x16:0x00000001 f15=0x00000001
     362945.000 ns	     36293	8000764c	e00b1d53	fclass.s	x26,f22	 f22:0x7fc00000 x26=0x00000200
     362965.000 ns	     36295	80007650	95cb8793	addi	x15,x23,-1700	 x23:0xe70cb000 x15=0xe70ca95c
     362985.000 ns	     36297	80007654	d01dfc53	fcvt.s.wu	f24,x27	 x27:0x0000078b f24=0x44f16000
     363005.000 ns	     36299	80007658	00b90db3	add	x27,x18,x11	 x18:0x00000000 x11:0x800001f8 x27=0x800001f8
     363015.000 ns	     36300	8000765c	0043ec33	or	x24,x7,x4	  x7:0x00002ffe  x4:0x80041024 x24=0x80043ffe
     363025.000 ns	     36301	80007660	9a2f8293	addi	x5,x31,-1630	 x31:0x00000001  x5=0xfffff9a3
     363035.000 ns	     36302	80007664	019ad733	srl	x14,x21,x25	 x21:0x17ff0000 x25:0xffffffff x14=0x00000000
     363055.000 ns	     36304	80007668	f00f8a53	fmv.w.x	f20,x31	 x31:0x00000001 f20=0x00000001
     363075.000 ns	     36306	8000766c	009820b3	slt	x1,x16,x9	 x16:0x00000001  x9:0xffffffc1  x1=0x00000000
     363115.000 ns	     36310	80007670	013847d3	fadd.s	f15,f16,f19	 f16:0x00040d04 f19:0x7ff7fb76 f15=0x7fc00000
     363145.000 ns	     36313	80007674	20942153	fsgnjx.s	f2,f8,f9	  f8:0x7fc00000  f9:0x00000000  f2=0x7fc00000
     363165.000 ns	     36315	80007678	00000013	addi	x0,x0,0	  x0:0x00000000
     363185.000 ns	     36317	8000767c	038bb9b3	mulhu	x19,x23,x24	 x23:0xe70cb000 x24:0x80043ffe x19=0x738a2df4
     363205.000 ns	     36319	80007680	1703bd13	sltiu	x26,x7,368	  x7:0x00002ffe x26=0x00000000
     363215.000 ns	     36320	80007684	01960033	add	x0,x12,x25	 x12:0x80040fe4 x25:0xffffffff
     363225.000 ns	     36321	80007688	40df84b3	sub	x9,x31,x13	 x31:0x00000001 x13:0x00000000  x9=0x00000001
     363245.000 ns	     36323	8000768c	285f0953	fmin.s	f18,f30,f5	 f30:0x7fc00000  f5:0x80000000 f18=0x80000000
     363275.000 ns	     36326	80007690	c014fbd3	fcvt.wu.s	x23,f9	  f9:0x00000000 x23=0x00000000
     363305.000 ns	     36329	80007694	a0c78ad3	fle.s	x21,f15,f12	 f15:0x7fc00000 f12:0x00000000 x21=0x00000000
     363325.000 ns	     36331	80007698	41b7dd33	sra	x26,x15,x27	 x15:0xe70ca95c x27:0x800001f8 x26=0xffffffe7
     363335.000 ns	     36332	8000769c	01cab733	sltu	x14,x21,x28	 x21:0x00000000 x28:0x00000007 x14=0x00000001
     363355.000 ns	     36334	800076a0	20cf8753	fsgnj.s	f14,f31,f12	 f31:0x3f800000 f12:0x00000000 f14=0x3f800000
     363725.000 ns	     36371	800076a4	02c754b3	divu	x9,x14,x12	 x14:0x00000000 x12:0x80040fe4  x9=0x00000000
     363755.000 ns	     36374	800076a8	206328d3	fsgnjx.s	f17,f6,f6	  f6:0x44aaad29  f6:0x44aaad29 f17=0x44aaad29
     363785.000 ns	     36377	800076ac	02dedeb3	divu	x29,x29,x13	 x29:0x00000001 x13:0x00000000 x29=0xffffffff
     363805.000 ns	     36379	800076b0	68798f93	addi	x31,x19,1671	 x19:0x738a2df4 x31=0x738a347b
     363815.000 ns	     36380	800076b4	005455b3	srl	x11,x8,x5	  x8:0x00000001  x5:0xfffff9a3 x11=0x00000000
     363835.000 ns	     36382	800076b8	21418e53	fsgnj.s	f28,f3,f20	  f3:0x49e394e0 f20:0x00000001 f28=0x49e394e0
     363855.000 ns	     36384	800076bc	00f4e533	or	x10,x9,x15	  x9:0x00000000 x15:0xe70ca95c x10=0xe70ca95c
     363875.000 ns	     36386	800076c0	a1e79ad3	flt.s	x21,f15,f30	 f15:0x7fc00000 f30:0x7fc00000 x21=0x00000000
     363905.000 ns	     36389	800076c4	a1542bd3	feq.s	x23,f8,f21	  f8:0x7fc00000 f21:0x7fc00000 x23=0x00000000
     363935.000 ns	     36392	800076c8	02b79133	mulh	x2,x15,x11	 x15:0xe70ca95c x11:0x00000000  x2=0x00000000
     363965.000 ns	     36395	800076cc	023a57b3	divu	x15,x20,x3	 x20:0x00000000  x3:0x00000000 x15=0xffffffff
     363995.000 ns	     36398	800076d0	032ce433	rem	x8,x25,x18	 x25:0xffffffff x18:0x00000000  x8=0xffffffff
     364045.000 ns	     36403	800076d4	013218d3	fadd.s	f17,f4,f19	  f4:0x80000001 f19:0x7ff7fb76 f17=0x7fc00000
     364075.000 ns	     36406	800076d8	202104d3	fsgnj.s	f9,f2,f2	  f2:0x7fc00000  f2:0x7fc00000  f9=0x7fc00000
     364115.000 ns	     36410	800076dc	58061353	fsqrt.s	f6,f12	 f12:0x00000000  f6=0x00000000
     364145.000 ns	     36413	800076e0	c012cf53	fcvt.wu.s	x30,f5	  f5:0x80000000 x30=0x00000000
     364165.000 ns	     36415	800076e4	01a725b3	slt	x11,x14,x26	 x14:0x00000001 x26:0xffffffe7 x11=0x00000000
     364175.000 ns	     36416	800076e8	4168df13	srai	x30,x17,0x16	 x17:0x00000000 x30=0x00000000
     364205.000 ns	     36419	800076ec	18c536d3	fdiv.s	f13,f10,f12	 f10:0x7fc00000 f12:0x00000000 f13=0x7fc00000
     364235.000 ns	     36422	800076f0	e00593d3	fclass.s	x7,f11	 f11:0xcefff7e0  x7=0x00000002
     364265.000 ns	     36425	800076f4	03ea30b3	mulhu	x1,x20,x30	 x20:0x00000000 x30:0x00000000  x1=0x00000000
     364305.000 ns	     36429	800076f8	5809f353	fsqrt.s	f6,f19	 f19:0x7ff7fb76  f6=0x7fc00000
     364325.000 ns	     36431	800076fc	6c59e713	ori	x14,x19,1733	 x19:0x738a2df4 x14=0x738a2ff5
     364335.000 ns	     36432	80007700	01cf5113	srli	x2,x30,0x1c	 x30:0x00000000  x2=0x00000000
     364345.000 ns	     36433	80007704	00e43313	sltiu	x6,x8,14	  x8:0xffffffff  x6=0x00000000
     364355.000 ns	     36434	80007708	4045d293	srai	x5,x11,0x4	 x11:0x00000000  x5=0x00000000
     364365.000 ns	     36435	8000770c	005dad33	slt	x26,x27,x5	 x27:0x800001f8  x5:0xfffff9a3 x26=0x00000001
     364385.000 ns	     36437	80007710	d01af753	fcvt.s.wu	f14,x21	 x21:0x00000000 f14=0x00000000
     364405.000 ns	     36439	80007714	0101a3b3	slt	x7,x3,x16	  x3:0x00000000 x16:0x00000001  x7=0x00000001
     364415.000 ns	     36440	80007718	86046b13	ori	x22,x8,-1952	  x8:0xffffffff x22=0xffffffff
     364425.000 ns	     36441	8000771c	00c32cb3	slt	x25,x6,x12	  x6:0x00000000 x12:0x80040fe4 x25=0x00000000
     364435.000 ns	     36442	80007720	4b398f17	auipc	x30,0x4b398	 x30=0xcb39f720
     364455.000 ns	     36444	80007724	028580b3	mul	x1,x11,x8	 x11:0x00000000  x8:0xffffffff  x1=0x00000000
     364825.000 ns	     36481	80007728	02c3e133	rem	x2,x7,x12	  x7:0x00000001 x12:0x80040fe4  x2=0x00000001
     364855.000 ns	     36484	8000772c	a1ef1053	flt.s	x0,f30,f30	 f30:0x7fc00000 f30:0x7fc00000
     364875.000 ns	     36486	80007730	0161e8b3	or	x17,x3,x22	  x3:0x00000000 x22:0xffffffff x17=0xffffffff
     364885.000 ns	     36487	80007734	01330cb3	add	x25,x6,x19	  x6:0x00000000 x19:0x738a2df4 x25=0x738a2df4
     365245.000 ns	     36523	80007738	038a67b3	rem	x15,x20,x24	 x20:0x00000000 x24:0x80043ffe x15=0x00000000
     365275.000 ns	     36526	8000773c	216c25d3	fsgnjx.s	f11,f24,f22	 f24:0x44f16000 f22:0x7fc00000 f11=0x44f16000
     365305.000 ns	     36529	80007740	20e18b53	fsgnj.s	f22,f3,f14	  f3:0x49e394e0 f14:0x00000000 f22=0x49e394e0
     365335.000 ns	     36532	80007744	0389b533	mulhu	x10,x19,x24	 x19:0x738a2df4 x24:0x80043ffe x10=0x39c70204
     365675.000 ns	     36566	80007748	198ca6d3	fdiv.s	f13,f25,f24	 f25:0xc4aaad29 f24:0x44f16000 f13=0xbf30e3f2
     365695.000 ns	     36568	8000774c	fa04a293	slti	x5,x9,-96	  x9:0x00000000  x5=0x00000000
     365705.000 ns	     36569	80007750	0194cfb3	xor	x31,x9,x25	  x9:0x00000000 x25:0x738a2df4 x31=0x738a2df4
     365725.000 ns	     36571	80007754	03acb033	mulhu	x0,x25,x26	 x25:0x738a2df4 x26:0x00000001
     365755.000 ns	     36574	80007758	a09716d3	flt.s	x13,f14,f9	 f14:0x00000000  f9:0x7fc00000 x13=0x00000000
     365795.000 ns	     36578	8000775c	116c1bd3	fmul.s	f23,f24,f22	 f24:0x44f16000 f22:0x49e394e0 f23=0x4f56947e
     365825.000 ns	     36581	80007760	a1d0af53	feq.s	x30,f1,f29	  f1:0x80000000 f29:0xcefff7e0 x30=0x00000000
     365855.000 ns	     36584	80007764	03179733	mulh	x14,x15,x17	 x15:0x00000000 x17:0xffffffff x14=0x00000000
     365875.000 ns	     36586	80007768	01e760b3	or	x1,x14,x30	 x14:0x738a2ff5 x30:0x00000000  x1=0x00000000
     365895.000 ns	     36588	8000776c	20bc9d53	fsgnjn.s	f26,f25,f11	 f25:0xc4aaad29 f11:0x44f16000 f26=0xc4aaad29
     365925.000 ns	     36591	80007770	d0084a53	fcvt.s.w	f20,x16	 x16:0x00000001 f20=0x3f800000
     367105.000 ns	     36709	80007774	580879d3	fsqrt.s	f19,f16	 f16:0x00040d04 f19=0x1f3abf04
     367135.000 ns	     36712	80007778	d0144753	fcvt.s.wu	f14,x8	  x8:0xffffffff f14=0x4f800000
     367155.000 ns	     36714	8000777c	01010c33	add	x24,x2,x16	  x2:0x00000001 x16:0x00000001 x24=0x00000002
     367515.000 ns	     36750	80007780	033560b3	rem	x1,x10,x19	 x10:0x39c70204 x19:0x738a2df4  x1=0x39c70204
     367545.000 ns	     36753	80007784	03269db3	mulh	x27,x13,x18	 x13:0x00000000 x18:0x00000000 x27=0x00000000
     367565.000 ns	     36755	80007788	00e655b3	srl	x11,x12,x14	 x12:0x80040fe4 x14:0x00000000 x11=0x80040fe4
     367585.000 ns	     36757	8000778c	a120a753	feq.s	x14,f1,f18	  f1:0x80000000 f18:0x80000000 x14=0x00000001
     367605.000 ns	     36759	80007790	400dd533	sra	x10,x27,x0	 x27:0x00000000  x0:0x00000000 x10=0x00000000
     367625.000 ns	     36761	80007794	0258dab3	divu	x21,x17,x5	 x17:0xffffffff  x5:0x00000000 x21=0xffffffff
     367645.000 ns	     36763	80007798	403dd4b3	sra	x9,x27,x3	 x27:0x00000000  x3:0x00000000  x9=0x00000000
     367655.000 ns	     36764	8000779c	01022833	slt	x16,x4,x16	  x4:0x80041024 x16:0x00000001 x16=0x00000001
     367675.000 ns	     36766	800077a0	a1df92d3	flt.s	x5,f31,f29	 f31:0x3f800000 f29:0xcefff7e0  x5=0x00000000
     367705.000 ns	     36769	800077a4	20880953	fsgnj.s	f18,f16,f8	 f16:0x00040d04  f8:0x7fc00000 f18=0x00040d04
     367725.000 ns	     36771	800077a8	31791597	auipc	x11,0x31791	 x11=0xb17987a8
     367745.000 ns	     36773	800077ac	e00786d3	fmv.x.w	x13,f15	 f15:0x7fc00000 x13=0x7fc00000
     367765.000 ns	     36775	800077b0	3aacf1b7	lui	x3,0x3aacf	  x3=0x3aacf000
     367775.000 ns	     36776	800077b4	0162a133	slt	x2,x5,x22	  x5:0x00000000 x22:0xffffffff  x2=0x00000000
     367785.000 ns	     36777	800077b8	ad2f2817	auipc	x16,0xad2f2	 x16=0x2d2f97b8
     367795.000 ns	     36778	800077bc	172fbb93	sltiu	x23,x31,370	 x31:0x738a2df4 x23=0x00000000
     367805.000 ns	     36779	800077c0	01f65293	srli	x5,x12,0x1f	 x12:0x80040fe4  x5=0x00000001
     368165.000 ns	     36815	800077c4	03076c33	rem	x24,x14,x16	 x14:0x00000001 x16:0x2d2f97b8 x24=0x00000001
     368185.000 ns	     36817	800077c8	00cb5b33	srl	x22,x22,x12	 x22:0xffffffff x12:0x80040fe4 x22=0x0fffffff
     368195.000 ns	     36818	800077cc	409bd393	srai	x7,x23,0x9	 x23:0x00000000  x7=0x00000000
     368525.000 ns	     36851	800077d0	183ef853	fdiv.s	f16,f29,f3	 f29:0xcefff7e0  f3:0x49e394e0 f16=0xc47ff7e0
     368545.000 ns	     36853	800077d4	01064bb3	xor	x23,x12,x16	 x12:0x80040fe4 x16:0x2d2f97b8 x23=0xad2b985c
     368555.000 ns	     36854	800077d8	4eaa3bb7	lui	x23,0x4eaa3	 x23=0x4eaa3000
     368565.000 ns	     36855	800077dc	0120afb3	slt	x31,x1,x18	  x1:0x39c70204 x18:0x00000000 x31=0x00000000
     368585.000 ns	     36857	800077e0	d004cad3	fcvt.s.w	f21,x9	  x9:0x00000000 f21=0x00000000
     368615.000 ns	     36860	800077e4	28ff1fd3	fmax.s	f31,f30,f15	 f30:0x7fc00000 f15:0x7fc00000 f31=0x7fc00000
     368635.000 ns	     36862	800077e8	552778b7	lui	x17,0x55277	 x17=0x55277000
     368645.000 ns	     36863	800077ec	036a1097	auipc	x1,0x36a1	  x1=0x836a87ec
     368675.000 ns	     36866	800077f0	58042e53	fsqrt.s	f28,f8	  f8:0x7fc00000 f28=0x7fc00000
     368695.000 ns	     36868	800077f4	858c2937	lui	x18,0x858c2	 x18=0x858c2000
     368705.000 ns	     36869	800077f8	017f6533	or	x10,x30,x23	 x30:0x00000000 x23:0x4eaa3000 x10=0x4eaa3000
     368735.000 ns	     36872	800077fc	58047d53	fsqrt.s	f26,f8	  f8:0x7fc00000 f26=0x7fc00000
     368765.000 ns	     36875	80007800	21c68053	fsgnj.s	f0,f13,f28	 f13:0xbf30e3f2 f28:0x7fc00000  f0=0x3f30e3f2
     368785.000 ns	     36877	80007804	75cef293	andi	x5,x29,1884	 x29:0xffffffff  x5=0x0000075c
     368805.000 ns	     36879	80007808	2115aad3	fsgnjx.s	f21,f11,f17	 f11:0x44f16000 f17:0x7fc00000 f21=0x44f16000
     368825.000 ns	     36881	8000780c	e8d33393	sltiu	x7,x6,-371	  x6:0x00000000  x7=0x00000001
     368865.000 ns	     36885	80007810	093e2753	fsub.s	f14,f28,f19	 f28:0x7fc00000 f19:0x1f3abf04 f14=0x7fc00000
     368895.000 ns	     36888	80007814	030e1933	mulh	x18,x28,x16	 x28:0x00000007 x16:0x2d2f97b8 x18=0x00000001
     368925.000 ns	     36891	80007818	02a3b4b3	mulhu	x9,x7,x10	  x7:0x00000001 x10:0x4eaa3000  x9=0x00000000
     368945.000 ns	     36893	8000781c	40e28eb3	sub	x29,x5,x14	  x5:0x0000075c x14:0x00000001 x29=0x0000075b
     368955.000 ns	     36894	80007820	005e9113	slli	x2,x29,0x5	 x29:0xffffffff  x2=0x0000eb60
     368965.000 ns	     36895	80007824	00ec91b3	sll	x3,x25,x14	 x25:0x738a2df4 x14:0x00000001  x3=0xe7145be8
     368985.000 ns	     36897	80007828	03e62fb3	mulhsu	x31,x12,x30	 x12:0x80040fe4 x30:0x00000000 x31=0x00000000
     369025.000 ns	     36901	8000782c	19f7f453	fdiv.s	f8,f15,f31	 f15:0x7fc00000 f31:0x7fc00000  f8=0x7fc00000
     369055.000 ns	     36904	80007830	29c997d3	fmax.s	f15,f19,f28	 f19:0x1f3abf04 f28:0x7fc00000 f15=0x1f3abf04
     369085.000 ns	     36907	80007834	0368bc33	mulhu	x24,x17,x22	 x17:0x55277000 x22:0x0fffffff x24=0x055276ff
     369105.000 ns	     36909	80007838	00000013	addi	x0,x0,0	  x0:0x00000000
     369115.000 ns	     36910	8000783c	00babab3	sltu	x21,x21,x11	 x21:0xffffffff x11:0xb17987a8 x21=0x00000000
     369125.000 ns	     36911	80007840	005f4533	xor	x10,x30,x5	 x30:0x00000000  x5:0x0000075c x10=0x0000075c
     369135.000 ns	     36912	80007844	5f607b93	andi	x23,x0,1526	  x0:0x00000000 x23=0x00000000
     369495.000 ns	     36948	80007848	024ef933	remu	x18,x29,x4	 x29:0x0000075b  x4:0x80041024 x18=0x0000075b
     369525.000 ns	     36951	8000784c	e0008753	fmv.x.w	x14,f1	  f1:0x80000000 x14=0x80000000
     369555.000 ns	     36954	80007850	025c8a33	mul	x20,x25,x5	 x25:0x738a2df4  x5:0x0000075c x20=0x4cea2fb0
     369585.000 ns	     36957	80007854	a0a98553	fle.s	x10,f19,f10	 f19:0x1f3abf04 f10:0x7fc00000 x10=0x00000000
     369955.000 ns	     36994	80007858	036f4533	div	x10,x30,x22	 x30:0x00000000 x22:0x0fffffff x10=0x00000000
     369985.000 ns	     36997	8000785c	037b4d33	div	x26,x22,x23	 x22:0x0fffffff x23:0x00000000 x26=0xffffffff
     370005.000 ns	     36999	80007860	010ddfb3	srl	x31,x27,x16	 x27:0x00000000 x16:0x2d2f97b8 x31=0x00000000
     370015.000 ns	     37000	80007864	0041dc13	srli	x24,x3,0x4	  x3:0xe7145be8 x24=0x0e7145be
     370035.000 ns	     37002	80007868	02aaa033	mulhsu	x0,x21,x10	 x21:0x00000000 x10:0x00000000
     370405.000 ns	     37039	8000786c	03aa7d33	remu	x26,x20,x26	 x20:0x4cea2fb0 x26:0xffffffff x26=0x4cea2fb0
     370435.000 ns	     37042	80007870	209a0453	fsgnj.s	f8,f20,f9	 f20:0x3f800000  f9:0x7fc00000  f8=0x3f800000
     370805.000 ns	     37079	80007874	033d6db3	rem	x27,x26,x19	 x26:0x4cea2fb0 x19:0x738a2df4 x27=0x4cea2fb0
     370835.000 ns	     37082	80007878	20812b53	fsgnjx.s	f22,f2,f8	  f2:0x7fc00000  f8:0x3f800000 f22=0x7fc00000
     371205.000 ns	     37119	8000787c	030f4eb3	div	x29,x30,x16	 x30:0x00000000 x16:0x2d2f97b8 x29=0x00000000
     371225.000 ns	     37121	80007880	26b08013	addi	x0,x1,619	  x1:0x836a87ec
     371265.000 ns	     37125	80007884	08170dd3	fsub.s	f27,f14,f1	 f14:0x7fc00000  f1:0x80000000 f27=0x7fc00000
     371635.000 ns	     37162	80007888	03045033	divu	x0,x8,x16	  x8:0xffffffff x16:0x2d2f97b8
     371655.000 ns	     37164	8000788c	9f962393	slti	x7,x12,-1543	 x12:0x80040fe4  x7=0x00000001
     371675.000 ns	     37166	80007890	d00583d3	fcvt.s.w	f7,x11	 x11:0xb17987a8  f7=0xce9d0cf0
     371705.000 ns	     37169	80007894	03f62bb3	mulhsu	x23,x12,x31	 x12:0x80040fe4 x31:0x00000000 x23=0x00000000
     371725.000 ns	     37171	80007898	ea4ecab7	lui	x21,0xea4ec	 x21=0xea4ec000
     371745.000 ns	     37173	8000789c	c0199553	fcvt.wu.s	x10,f19	 f19:0x1f3abf04 x10=0x00000000
     371765.000 ns	     37175	800078a0	01c8c9b3	xor	x19,x17,x28	 x17:0x55277000 x28:0x00000007 x19=0x55277007
     371775.000 ns	     37176	800078a4	d8dc3593	sltiu	x11,x24,-627	 x24:0x0e7145be x11=0x00000001
     371785.000 ns	     37177	800078a8	00000013	addi	x0,x0,0	  x0:0x00000000
     371795.000 ns	     37178	800078ac	27a28c13	addi	x24,x5,634	  x5:0x0000075c x24=0x000009d6
     371815.000 ns	     37180	800078b0	02511933	mulh	x18,x2,x5	  x2:0x0000eb60  x5:0x0000075c x18=0x00000000
     371835.000 ns	     37182	800078b4	77a4c537	lui	x10,0x77a4c	 x10=0x77a4c000
     371855.000 ns	     37184	800078b8	02077eb3	remu	x29,x14,x0	 x14:0x80000000  x0:0x00000000 x29=0x80000000
     371885.000 ns	     37187	800078bc	f0000fd3	fmv.w.x	f31,x0	  x0:0x00000000 f31=0x00000000
     371905.000 ns	     37189	800078c0	40c05f93	srai	x31,x0,0xc	  x0:0x00000000 x31=0x00000000
     373075.000 ns	     37306	800078c4	58097cd3	fsqrt.s	f25,f18	 f18:0x00040d04 f25=0x1f3abf04
     373095.000 ns	     37308	800078c8	4164dbb3	sra	x23,x9,x22	  x9:0x00000000 x22:0x0fffffff x23=0x00000000
     373115.000 ns	     37310	800078cc	a01aa4d3	feq.s	x9,f21,f1	 f21:0x44f16000  f1:0x80000000  x9=0x00000000
     373135.000 ns	     37312	800078d0	400fd693	srai	x13,x31,0x0	 x31:0x00000000 x13=0x00000000
     373155.000 ns	     37314	800078d4	d01bb1d3	fcvt.s.wu	f3,x23	 x23:0x00000000  f3=0x00000000
     373185.000 ns	     37317	800078d8	c017ab53	fcvt.wu.s	x22,f15	 f15:0x1f3abf04 x22=0x00000000
     373215.000 ns	     37320	800078dc	d0158253	fcvt.s.wu	f4,x11	 x11:0x00000001  f4=0x3f800000
     373245.000 ns	     37323	800078e0	29a386d3	fmin.s	f13,f7,f26	  f7:0xce9d0cf0 f26:0x7fc00000 f13=0xce9d0cf0
     373265.000 ns	     37325	800078e4	012f2cb3	slt	x25,x30,x18	 x30:0x00000000 x18:0x00000000 x25=0x00000000
     373285.000 ns	     37327	800078e8	037f9433	mulh	x8,x31,x23	 x31:0x00000000 x23:0x00000000  x8=0x00000000
     373305.000 ns	     37329	800078ec	01902d33	slt	x26,x0,x25	  x0:0x00000000 x25:0x738a2df4 x26=0x00000000
     373335.000 ns	     37332	800078f0	580e92d3	fsqrt.s	f5,f29	 f29:0xcefff7e0  f5=0x7fc00000
     373365.000 ns	     37335	800078f4	29bc9353	fmax.s	f6,f25,f27	 f25:0x1f3abf04 f27:0x7fc00000  f6=0x1f3abf04
     373395.000 ns	     37338	800078f8	d0159f53	fcvt.s.wu	f30,x11	 x11:0x00000001 f30=0x3f800000
     373425.000 ns	     37341	800078fc	0238bb33	mulhu	x22,x17,x3	 x17:0x55277000  x3:0xe7145be8 x22=0x4cdd5bb6
     373445.000 ns	     37343	80007900	a4d0f793	andi	x15,x1,-1459	  x1:0x836a87ec x15=0x836a824c
     373455.000 ns	     37344	80007904	00bb04b3	add	x9,x22,x11	 x22:0x4cdd5bb6 x11:0x00000001  x9=0x4cdd5bb7
     373475.000 ns	     37346	80007908	03be93b3	mulh	x7,x29,x27	 x29:0x80000000 x27:0x4cea2fb0  x7=0xd98ae828
     373505.000 ns	     37349	8000790c	28d91dd3	fmax.s	f27,f18,f13	 f18:0x00040d04 f13:0xce9d0cf0 f27=0x00040d04
     373535.000 ns	     37352	80007910	a1480353	fle.s	x6,f16,f20	 f16:0xc47ff7e0 f20:0x3f800000  x6=0x00000001
     373555.000 ns	     37354	80007914	e3d2f537	lui	x10,0xe3d2f	 x10=0xe3d2f000
     373575.000 ns	     37356	80007918	299e8453	fmin.s	f8,f29,f25	 f29:0xcefff7e0 f25:0x1f3abf04  f8=0xcefff7e0
     373605.000 ns	     37359	8000791c	207f99d3	fsgnjn.s	f19,f31,f7	 f31:0x00000000  f7:0xce9d0cf0 f19=0x00000000
     373635.000 ns	     37362	80007920	037e8cb3	mul	x25,x29,x23	 x29:0x80000000 x23:0x00000000 x25=0x00000000
     373655.000 ns	     37364	80007924	00000013	addi	x0,x0,0	  x0:0x00000000
     373685.000 ns	     37367	80007928	10bf7a53	fmul.s	f20,f30,f11	 f30:0x3f800000 f11:0x44f16000 f20=0x44f16000
     373705.000 ns	     37369	8000792c	40a8d933	sra	x18,x17,x10	 x17:0x55277000 x10:0xe3d2f000 x18=0x55277000
     373715.000 ns	     37370	80007930	dfa04913	xori	x18,x0,-518	  x0:0x00000000 x18=0xfffffdfa
     373725.000 ns	     37371	80007934	407c8db3	sub	x27,x25,x7	 x25:0x00000000  x7:0xd98ae828 x27=0x267517d8
     373735.000 ns	     37372	80007938	407f5b13	srai	x22,x30,0x7	 x30:0x00000000 x22=0x00000000
     373755.000 ns	     37374	8000793c	d01bb9d3	fcvt.s.wu	f19,x23	 x23:0x00000000 f19=0x00000000
     373775.000 ns	     37376	80007940	00dc5733	srl	x14,x24,x13	 x24:0x000009d6 x13:0x00000000 x14=0x000009d6
     373795.000 ns	     37378	80007944	e00096d3	fclass.s	x13,f1	  f1:0x80000000 x13=0x00000008
     374165.000 ns	     37415	80007948	02556733	rem	x14,x10,x5	 x10:0xe3d2f000  x5:0x0000075c x14=0xfffffcc8
     374195.000 ns	     37418	8000794c	03bb1eb3	mulh	x29,x22,x27	 x22:0x00000000 x27:0x267517d8 x29=0x00000000
     374215.000 ns	     37420	80007950	04b95d97	auipc	x27,0x4b95	 x27=0x84b9c950
     374225.000 ns	     37421	80007954	6e10e513	ori	x10,x1,1761	  x1:0x836a87ec x10=0x836a87ed
     374235.000 ns	     37422	80007958	6e46a8b7	lui	x17,0x6e46a	 x17=0x6e46a000
     374245.000 ns	     37423	8000795c	b8134b93	xori	x23,x6,-1151	  x6:0x00000001 x23=0xfffffb80
     374265.000 ns	     37425	80007960	e0061d53	fclass.s	x26,f12	 f12:0x00000000 x26=0x00000010
     374285.000 ns	     37427	80007964	00621c13	slli	x24,x4,0x6	  x4:0x80041024 x24=0x01040900
     374305.000 ns	     37429	80007968	f00b8653	fmv.w.x	f12,x23	 x23:0xfffffb80 f12=0xfffffb80
     374335.000 ns	     37432	8000796c	020ca933	mulhsu	x18,x25,x0	 x25:0x00000000  x0:0x00000000 x18=0x00000000
     374705.000 ns	     37469	80007970	0319e0b3	rem	x1,x19,x17	 x19:0x55277007 x17:0x6e46a000  x1=0x55277007
     374735.000 ns	     37472	80007974	a0449053	flt.s	x0,f9,f4	  f9:0x7fc00000  f4:0x3f800000
     374765.000 ns	     37475	80007978	21e22353	fsgnjx.s	f6,f4,f30	  f4:0x3f800000 f30:0x3f800000  f6=0x3f800000
     374785.000 ns	     37477	8000797c	0183d933	srl	x18,x7,x24	  x7:0xd98ae828 x24:0x01040900 x18=0xd98ae828
     375145.000 ns	     37513	80007980	026bd8b3	divu	x17,x23,x6	 x23:0xfffffb80  x6:0x00000001 x17=0xfffffb80
     375165.000 ns	     37515	80007984	c6333c93	sltiu	x25,x6,-925	  x6:0x00000001 x25=0x00000001
     375175.000 ns	     37516	80007988	518cb813	sltiu	x16,x25,1304	 x25:0x00000000 x16=0x00000001
     375185.000 ns	     37517	8000798c	00000013	addi	x0,x0,0	  x0:0x00000000
     375195.000 ns	     37518	80007990	0041bfb3	sltu	x31,x3,x4	  x3:0xe7145be8  x4:0x80041024 x31=0x00000000
     375205.000 ns	     37519	80007994	41e3c413	xori	x8,x7,1054	  x7:0xd98ae828  x8=0xd98aec36
     375215.000 ns	     37520	80007998	01035ab3	srl	x21,x6,x16	  x6:0x00000001 x16:0x00000001 x21=0x00000000
     375225.000 ns	     37521	8000799c	404502b3	sub	x5,x10,x4	 x10:0x836a87ed  x4:0x80041024  x5=0x036677c9
     375245.000 ns	     37523	800079a0	28fe9cd3	fmax.s	f25,f29,f15	 f29:0xcefff7e0 f15:0x1f3abf04 f25=0x1f3abf04
     375265.000 ns	     37525	800079a4	40685ab3	sra	x21,x16,x6	 x16:0x00000001  x6:0x00000001 x21=0x00000000
     375295.000 ns	     37528	800079a8	5802f4d3	fsqrt.s	f9,f5	  f5:0x7fc00000  f9=0x7fc00000
     375325.000 ns	     37531	800079ac	28cf1453	fmax.s	f8,f30,f12	 f30:0x3f800000 f12:0xfffffb80  f8=0x3f800000
     375355.000 ns	     37534	800079b0	02a48933	mul	x18,x9,x10	  x9:0x4cdd5bb7 x10:0x836a87ed x18=0x8311696b
     375375.000 ns	     37536	800079b4	00000013	addi	x0,x0,0	  x0:0x00000000
     375385.000 ns	     37537	800079b8	01580d33	add	x26,x16,x21	 x16:0x00000001 x21:0x00000000 x26=0x00000001
     375405.000 ns	     37539	800079bc	03213f33	mulhu	x30,x2,x18	  x2:0x0000eb60 x18:0x8311696b x30=0x00007882
     375435.000 ns	     37542	800079c0	f00f8853	fmv.w.x	f16,x31	 x31:0x00000000 f16=0x00000000
     375455.000 ns	     37544	800079c4	002a2cb3	slt	x25,x20,x2	 x20:0x4cea2fb0  x2:0x0000eb60 x25=0x00000000
     375475.000 ns	     37546	800079c8	219019d3	fsgnjn.s	f19,f0,f25	  f0:0x3f30e3f2 f25:0x1f3abf04 f19=0xbf30e3f2
     375845.000 ns	     37583	800079cc	037172b3	remu	x5,x2,x23	  x2:0x0000eb60 x23:0xfffffb80  x5=0x0000eb60
     375865.000 ns	     37585	800079d0	000f5e93	srli	x29,x30,0x0	 x30:0x00007882 x29=0x00007882
     375875.000 ns	     37586	800079d4	5e054317	auipc	x6,0x5e054	  x6=0xde05b9d4
     375895.000 ns	     37588	800079d8	d0001b53	fcvt.s.w	f22,x0	  x0:0x00000000 f22=0x00000000
     376265.000 ns	     37625	800079dc	03eacab3	div	x21,x21,x30	 x21:0x00000000 x30:0x00007882 x21=0x00000000
     376285.000 ns	     37627	800079e0	2b96b993	sltiu	x19,x13,697	 x13:0x00000008 x19=0x00000001
     376305.000 ns	     37629	800079e4	c016cc53	fcvt.wu.s	x24,f13	 f13:0xce9d0cf0 x24=0x4e867800
     376325.000 ns	     37631	800079e8	00000013	addi	x0,x0,0	  x0:0x00000000
     376335.000 ns	     37632	800079ec	01b1c833	xor	x16,x3,x27	  x3:0xe7145be8 x27:0x84b9c950 x16=0x63ad92b8
     376355.000 ns	     37634	800079f0	02c01a33	mulh	x20,x0,x12	  x0:0x00000000 x12:0x80040fe4 x20=0x00000000
     376385.000 ns	     37637	800079f4	02308033	mul	x0,x1,x3	  x1:0x55277007  x3:0xe7145be8
     376415.000 ns	     37640	800079f8	e00085d3	fmv.x.w	x11,f1	  f1:0x80000000 x11=0x80000000
     376435.000 ns	     37642	800079fc	013f7f33	and	x30,x30,x19	 x30:0x00007882 x19:0x00000001 x30=0x00000000
     376795.000 ns	     37678	80007a00	022b43b3	div	x7,x22,x2	 x22:0x00000000  x2:0x0000eb60  x7=0x00000000
     376815.000 ns	     37680	80007a04	3a760693	addi	x13,x12,935	 x12:0x80040fe4 x13=0x8004138b
     376835.000 ns	     37682	80007a08	035d44b3	div	x9,x26,x21	 x26:0x00000001 x21:0x00000000  x9=0xffffffff
     376855.000 ns	     37684	80007a0c	9bc60fb7	lui	x31,0x9bc60	 x31=0x9bc60000
     376865.000 ns	     37685	80007a10	00635433	srl	x8,x6,x6	  x6:0xde05b9d4  x6:0xde05b9d4  x8=0x00000de0
     376875.000 ns	     37686	80007a14	004f9933	sll	x18,x31,x4	 x31:0x00000000  x4:0x80041024 x18=0xbc600000
     376895.000 ns	     37688	80007a18	20201253	fsgnjn.s	f4,f0,f2	  f0:0x3f30e3f2  f2:0x7fc00000  f4=0xbf30e3f2
     376915.000 ns	     37690	80007a1c	01695a93	srli	x21,x18,0x16	 x18:0x8311696b x21=0x000002f1
     376935.000 ns	     37692	80007a20	a0f02c53	feq.s	x24,f0,f15	  f0:0x3f30e3f2 f15:0x1f3abf04 x24=0x00000000
     376955.000 ns	     37694	80007a24	16106a93	ori	x21,x0,353	  x0:0x00000000 x21=0x00000161
     376995.000 ns	     37698	80007a28	019c4c53	fadd.s	f24,f24,f25	 f24:0x44f16000 f25:0x1f3abf04 f24=0x44f16000
     377015.000 ns	     37700	80007a2c	92ce7513	andi	x10,x28,-1748	 x28:0x00000007 x10=0x00000004
     377035.000 ns	     37702	80007a30	a13495d3	flt.s	x11,f9,f19	  f9:0x7fc00000 f19:0xbf30e3f2 x11=0x00000000
     377065.000 ns	     37705	80007a34	03840a33	mul	x20,x8,x24	  x8:0x00000de0 x24:0x00000000 x20=0x00000000
     377085.000 ns	     37707	80007a38	5b1b7493	andi	x9,x22,1457	 x22:0x00000000  x9=0x00000000
     377105.000 ns	     37709	80007a3c	20de9fd3	fsgnjn.s	f31,f29,f13	 f29:0xcefff7e0 f13:0xce9d0cf0 f31=0x4efff7e0
     377125.000 ns	     37711	80007a40	1a640c13	addi	x24,x8,422	  x8:0x00000de0 x24=0x00000f86
     377145.000 ns	     37713	80007a44	21f91553	fsgnjn.s	f10,f18,f31	 f18:0x00040d04 f31:0x4efff7e0 f10=0x80040d04
     377175.000 ns	     37716	80007a48	a1508f53	fle.s	x30,f1,f21	  f1:0x80000000 f21:0x44f16000 x30=0x00000001
     377195.000 ns	     37718	80007a4c	9ccaf193	andi	x3,x21,-1588	 x21:0x00000161  x3=0x00000140
     377205.000 ns	     37719	80007a50	000b8cb3	add	x25,x23,x0	 x23:0xfffffb80  x0:0x00000000 x25=0xfffffb80
     377215.000 ns	     37720	80007a54	af5c1597	auipc	x11,0xaf5c1	 x11=0x2f5c8a54
     377235.000 ns	     37722	80007a58	03093ab3	mulhu	x21,x18,x16	 x18:0xbc600000 x16:0x63ad92b8 x21=0x4958d8d6
     377265.000 ns	     37725	80007a5c	c01375d3	fcvt.wu.s	x11,f6	  f6:0x3f800000 x11=0x00000001
     377295.000 ns	     37728	80007a60	e0039453	fclass.s	x8,f7	  f7:0xce9d0cf0  x8=0x00000002
     377315.000 ns	     37730	80007a64	01ab6a33	or	x20,x22,x26	 x22:0x00000000 x26:0x00000001 x20=0x00000001
     377335.000 ns	     37732	80007a68	a1822953	feq.s	x18,f4,f24	  f4:0xbf30e3f2 f24:0x44f16000 x18=0x00000000
     377355.000 ns	     37734	80007a6c	40e1d593	srai	x11,x3,0xe	  x3:0x00000140 x11=0x00000000
     377375.000 ns	     37736	80007a70	a03706d3	fle.s	x13,f14,f3	 f14:0x7fc00000  f3:0x00000000 x13=0x00000000
     377405.000 ns	     37739	80007a74	d00a0ed3	fcvt.s.w	f29,x20	 x20:0x00000001 f29=0x3f800000
     377435.000 ns	     37742	80007a78	a07285d3	fle.s	x11,f5,f7	  f5:0x7fc00000  f7:0xce9d0cf0 x11=0x00000000
     377465.000 ns	     37745	80007a7c	d00601d3	fcvt.s.w	f3,x12	 x12:0x80040fe4  f3=0xcefff7e0
     377485.000 ns	     37747	80007a80	001ebfb3	sltu	x31,x29,x1	 x29:0x00007882  x1:0x55277007 x31=0x00000001
     377495.000 ns	     37748	80007a84	00714f33	xor	x30,x2,x7	  x2:0x0000eb60  x7:0x00000000 x30=0x0000eb60
     377855.000 ns	     37784	80007a88	03c1f733	remu	x14,x3,x28	  x3:0x00000140 x28:0x00000007 x14=0x00000005
     378225.000 ns	     37821	80007a8c	0269dd33	divu	x26,x19,x6	 x19:0x00000001  x6:0xde05b9d4 x26=0x00000000
     378255.000 ns	     37824	80007a90	e0041b53	fclass.s	x22,f8	  f8:0x3f800000 x22=0x00000040
     378275.000 ns	     37826	80007a94	00000013	addi	x0,x0,0	  x0:0x00000000
     378295.000 ns	     37828	80007a98	0299fbb3	remu	x23,x19,x9	 x19:0x00000001  x9:0x00000000 x23=0x00000001
     378325.000 ns	     37831	80007a9c	280b90d3	fmax.s	f1,f23,f0	 f23:0x4f56947e  f0:0x3f30e3f2  f1=0x4f56947e
     378345.000 ns	     37833	80007aa0	01566d33	or	x26,x12,x21	 x12:0x80040fe4 x21:0x4958d8d6 x26=0xc95cdff6
     378365.000 ns	     37835	80007aa4	295e89d3	fmin.s	f19,f29,f21	 f29:0x3f800000 f21:0x44f16000 f19=0x3f800000
     378385.000 ns	     37837	80007aa8	40828933	sub	x18,x5,x8	  x5:0x0000eb60  x8:0x00000002 x18=0x0000eb5e
     378405.000 ns	     37839	80007aac	20409d53	fsgnjn.s	f26,f1,f4	  f1:0x4f56947e  f4:0xbf30e3f2 f26=0x4f56947e
     378775.000 ns	     37876	80007ab0	03c7cbb3	div	x23,x15,x28	 x15:0x836a824c x28:0x00000007 x23=0xee33c979
     378795.000 ns	     37878	80007ab4	01c328b3	slt	x17,x6,x28	  x6:0xde05b9d4 x28:0x00000007 x17=0x00000001
     379155.000 ns	     37914	80007ab8	037df933	remu	x18,x27,x23	 x27:0x84b9c950 x23:0xee33c979 x18=0x84b9c950
     379175.000 ns	     37916	80007abc	28a37a93	andi	x21,x6,650	  x6:0xde05b9d4 x21=0x00000080
     379195.000 ns	     37918	80007ac0	d018fdd3	fcvt.s.wu	f27,x17	 x17:0x00000001 f27=0x3f800000
     379215.000 ns	     37920	80007ac4	01300833	add	x16,x0,x19	  x0:0x00000000 x19:0x00000001 x16=0x00000001
     379225.000 ns	     37921	80007ac8	402b5933	sra	x18,x22,x2	 x22:0x00000040  x2:0x0000eb60 x18=0x00000040
     379235.000 ns	     37922	80007acc	017cfb33	and	x22,x25,x23	 x25:0xfffffb80 x23:0xee33c979 x22=0xee33c900
     379255.000 ns	     37924	80007ad0	03732433	mulhsu	x8,x6,x23	  x6:0xde05b9d4 x23:0xee33c979  x8=0xe0627329
     379285.000 ns	     37927	80007ad4	027a9bb3	mulh	x23,x21,x7	 x21:0x00000080  x7:0x00000000 x23=0x00000000
     379315.000 ns	     37930	80007ad8	29d795d3	fmax.s	f11,f15,f29	 f15:0x1f3abf04 f29:0x3f800000 f11=0x3f800000
     379345.000 ns	     37933	80007adc	e00514d3	fclass.s	x9,f10	 f10:0x80040d04  x9=0x00000004
     379365.000 ns	     37935	80007ae0	a3c72193	slti	x3,x14,-1476	 x14:0x00000005  x3=0x00000000
     379375.000 ns	     37936	80007ae4	01ab9313	slli	x6,x23,0x1a	 x23:0x00000000  x6=0x00000000
     379395.000 ns	     37938	80007ae8	02ab0db3	mul	x27,x22,x10	 x22:0xee33c900 x10:0x00000004 x27=0xb8cf2400
     379415.000 ns	     37940	80007aec	00000013	addi	x0,x0,0	  x0:0x00000000
     379435.000 ns	     37942	80007af0	a1f211d3	flt.s	x3,f4,f31	  f4:0xbf30e3f2 f31:0x4efff7e0  x3=0x00000001
     379455.000 ns	     37944	80007af4	00a1bdb3	sltu	x27,x3,x10	  x3:0x00000000 x10:0x00000004 x27=0x00000001
     379465.000 ns	     37945	80007af8	00b05733	srl	x14,x0,x11	  x0:0x00000000 x11:0x00000000 x14=0x00000000
     379475.000 ns	     37946	80007afc	d0760d13	addi	x26,x12,-761	 x12:0x80040fe4 x26=0x80040ceb
     379495.000 ns	     37948	80007b00	d00ef2d3	fcvt.s.w	f5,x29	 x29:0x00007882  f5=0x46f10400
     379545.000 ns	     37953	80007b04	0918ac53	fsub.s	f24,f17,f17	 f17:0x7fc00000 f17:0x7fc00000 f24=0x7fc00000
     379565.000 ns	     37955	80007b08	93487713	andi	x14,x16,-1740	 x16:0x00000001 x14=0x00000000
     379585.000 ns	     37957	80007b0c	a1b484d3	fle.s	x9,f9,f27	  f9:0x7fc00000 f27:0x3f800000  x9=0x00000000
     379605.000 ns	     37959	80007b10	18276d93	ori	x27,x14,386	 x14:0x00000000 x27=0x00000182
     379615.000 ns	     37960	80007b14	00e6dcb3	srl	x25,x13,x14	 x13:0x00000000 x14:0x00000000 x25=0x00000000
     379625.000 ns	     37961	80007b18	418cd093	srai	x1,x25,0x18	 x25:0xfffffb80  x1=0x00000000
     379985.000 ns	     37997	80007b1c	03665733	divu	x14,x12,x22	 x12:0x80040fe4 x22:0xee33c900 x14=0x00000000
     380015.000 ns	     38000	80007b20	03f41933	mulh	x18,x8,x31	  x8:0xe0627329 x31:0x00000001 x18=0xffffffff
     380065.000 ns	     38005	80007b24	00cf3ed3	fadd.s	f29,f30,f12	 f30:0x3f800000 f12:0xfffffb80 f29=0x7fc00000
     380095.000 ns	     38008	80007b28	d013c7d3	fcvt.s.wu	f15,x7	  x7:0x00000000 f15=0x00000000
     380125.000 ns	     38011	80007b2c	29f48453	fmin.s	f8,f9,f31	  f9:0x7fc00000 f31:0x4efff7e0  f8=0x4efff7e0
     380155.000 ns	     38014	80007b30	d00a7353	fcvt.s.w	f6,x20	 x20:0x00000001  f6=0x3f800000
     380185.000 ns	     38017	80007b34	a1b71ad3	flt.s	x21,f14,f27	 f14:0x7fc00000 f27:0x3f800000 x21=0x00000000
     380205.000 ns	     38019	80007b38	01d09293	slli	x5,x1,0x1d	  x1:0x00000000  x5=0x00000000
     380245.000 ns	     38023	80007b3c	088b7353	fsub.s	f6,f22,f8	 f22:0x00000000  f8:0x4efff7e0  f6=0xcefff7e0
     380265.000 ns	     38025	80007b40	00715993	srli	x19,x2,0x7	  x2:0x0000eb60 x19=0x000001d6
     380295.000 ns	     38028	80007b44	113afc53	fmul.s	f24,f21,f19	 f21:0x44f16000 f19:0x3f800000 f24=0x44f16000
     380325.000 ns	     38031	80007b48	a0b48d53	fle.s	x26,f9,f11	  f9:0x7fc00000 f11:0x3f800000 x26=0x00000000
     380355.000 ns	     38034	80007b4c	039690b3	mulh	x1,x13,x25	 x13:0x00000000 x25:0x00000000  x1=0x00000000
     380385.000 ns	     38037	80007b50	0200f6b3	remu	x13,x1,x0	  x1:0x00000000  x0:0x00000000 x13=0x00000000
     380405.000 ns	     38039	80007b54	012b70b3	and	x1,x22,x18	 x22:0xee33c900 x18:0xffffffff  x1=0xee33c900
     380425.000 ns	     38041	80007b58	02f49db3	mulh	x27,x9,x15	  x9:0x00000000 x15:0x836a824c x27=0x00000000
     380465.000 ns	     38045	80007b5c	1139f453	fmul.s	f8,f19,f19	 f19:0x3f800000 f19:0x3f800000  f8=0x3f800000
     380495.000 ns	     38048	80007b60	a147aa53	feq.s	x20,f15,f20	 f15:0x00000000 f20:0x44f16000 x20=0x00000000
     380515.000 ns	     38050	80007b64	6bb0e893	ori	x17,x1,1723	  x1:0xee33c900 x17=0xee33cfbb
     380525.000 ns	     38051	80007b68	5045c797	auipc	x15,0x5045c	 x15=0xd0463b68
     380545.000 ns	     38053	80007b6c	d00f9053	fcvt.s.w	f0,x31	 x31:0x00000001  f0=0x3f800000
     380565.000 ns	     38055	80007b70	00000013	addi	x0,x0,0	  x0:0x00000000
     380585.000 ns	     38057	80007b74	29839653	fmax.s	f12,f7,f24	  f7:0xce9d0cf0 f24:0x44f16000 f12=0x44f16000
     380615.000 ns	     38060	80007b78	21f124d3	fsgnjx.s	f9,f2,f31	  f2:0x7fc00000 f31:0x4efff7e0  f9=0x7fc00000
     380665.000 ns	     38065	80007b7c	08cd7dd3	fsub.s	f27,f26,f12	 f26:0x4f56947e f12:0x44f16000 f27=0x4f569476
     380685.000 ns	     38067	80007b80	20102413	slti	x8,x0,513	  x0:0x00000000  x8=0x00000001
     380695.000 ns	     38068	80007b84	013bf7b3	and	x15,x23,x19	 x23:0x00000000 x19:0x000001d6 x15=0x00000000
     380715.000 ns	     38070	80007b88	a1b327d3	feq.s	x15,f6,f27	  f6:0xcefff7e0 f27:0x4f569476 x15=0x00000000
     380735.000 ns	     38072	80007b8c	ddd95c37	lui	x24,0xddd95	 x24=0xddd95000
     380755.000 ns	     38074	80007b90	a05e20d3	feq.s	x1,f28,f5	 f28:0x7fc00000  f5:0x46f10400  x1=0x00000000
     380775.000 ns	     38076	80007b94	3fc18f13	addi	x30,x3,1020	  x3:0x00000001 x30=0x000003fd
     380785.000 ns	     38077	80007b98	0006f7b3	and	x15,x13,x0	 x13:0x00000000  x0:0x00000000 x15=0x00000000
     380795.000 ns	     38078	80007b9c	0192d5b3	srl	x11,x5,x25	  x5:0x00000000 x25:0x00000000 x11=0x00000000
     380815.000 ns	     38080	80007ba0	21d6ad53	fsgnjx.s	f26,f13,f29	 f13:0xce9d0cf0 f29:0x7fc00000 f26=0xce9d0cf0
     380845.000 ns	     38083	80007ba4	e0061d53	fclass.s	x26,f12	 f12:0x44f16000 x26=0x00000040
     380875.000 ns	     38086	80007ba8	204f8ad3	fsgnj.s	f21,f31,f4	 f31:0x4efff7e0  f4:0xbf30e3f2 f21=0xcefff7e0
     380905.000 ns	     38089	80007bac	d003fcd3	fcvt.s.w	f25,x7	  x7:0x00000000 f25=0x00000000
     380925.000 ns	     38091	80007bb0	41f554b3	sra	x9,x10,x31	 x10:0x00000004 x31:0x00000001  x9=0x00000002
     380945.000 ns	     38093	80007bb4	e00e10d3	fclass.s	x1,f28	 f28:0x7fc00000  x1=0x00000200
     381315.000 ns	     38130	80007bb8	03246ab3	rem	x21,x8,x18	  x8:0x00000001 x18:0xffffffff x21=0x00000000
     381685.000 ns	     38167	80007bbc	03807eb3	remu	x29,x0,x24	  x0:0x00000000 x24:0xddd95000 x29=0x00000000
     381715.000 ns	     38170	80007bc0	292b8153	fmin.s	f2,f23,f18	 f23:0x4f56947e f18:0x00040d04  f2=0x00040d04
     381735.000 ns	     38172	80007bc4	00000013	addi	x0,x0,0	  x0:0x00000000
     381745.000 ns	     38173	80007bc8	ac95df37	lui	x30,0xac95d	 x30=0xac95d000
     381755.000 ns	     38174	80007bcc	41035093	srai	x1,x6,0x10	  x6:0x00000000  x1=0x00000000
     381775.000 ns	     38176	80007bd0	20208bd3	fsgnj.s	f23,f1,f2	  f1:0x4f56947e  f2:0x00040d04 f23=0x4f56947e
     381805.000 ns	     38179	80007bd4	a18d8f53	fle.s	x30,f27,f24	 f27:0x4f569476 f24:0x44f16000 x30=0x00000000
     381835.000 ns	     38182	80007bd8	28d90853	fmin.s	f16,f18,f13	 f18:0x00040d04 f13:0xce9d0cf0 f16=0xce9d0cf0
     381855.000 ns	     38184	80007bdc	405adf33	sra	x30,x21,x5	 x21:0x00000000  x5:0x00000000 x30=0x00000000
     381865.000 ns	     38185	80007be0	d329e013	ori	x0,x19,-718	 x19:0x000001d6
     381885.000 ns	     38187	80007be4	e00a8153	fmv.x.w	x2,f21	 f21:0xcefff7e0  x2=0xcefff7e0
     381925.000 ns	     38191	80007be8	1098bcd3	fmul.s	f25,f17,f9	 f17:0x7fc00000  f9:0x7fc00000 f25=0x7fc00000
     382295.000 ns	     38228	80007bec	0337fbb3	remu	x23,x15,x19	 x15:0x00000000 x19:0x000001d6 x23=0x00000000
     382315.000 ns	     38230	80007bf0	41a90cb3	sub	x25,x18,x26	 x18:0xffffffff x26:0x00000040 x25=0xffffffbf
     382335.000 ns	     38232	80007bf4	020914b3	mulh	x9,x18,x0	 x18:0xffffffff  x0:0x00000000  x9=0x00000000
     382365.000 ns	     38235	80007bf8	c00afed3	fcvt.w.s	x29,f21	 f21:0xcefff7e0 x29=0x7ffbf000
     382385.000 ns	     38237	80007bfc	0003e5b3	or	x11,x7,x0	  x7:0x00000000  x0:0x00000000 x11=0x00000000
     382395.000 ns	     38238	80007c00	2d412c93	slti	x25,x2,724	  x2:0xcefff7e0 x25=0x00000001
     382435.000 ns	     38242	80007c04	09817253	fsub.s	f4,f2,f24	  f2:0x00040d04 f24:0x44f16000  f4=0xc4f16000
     382465.000 ns	     38245	80007c08	28f20e53	fmin.s	f28,f4,f15	  f4:0xbf30e3f2 f15:0x00000000 f28=0xc4f16000
     382495.000 ns	     38248	80007c0c	d0137553	fcvt.s.wu	f10,x6	  x6:0x00000000 f10=0x00000000
     382515.000 ns	     38250	80007c10	ec967d93	andi	x27,x12,-311	 x12:0x80040fe4 x27=0x80040ec0
     382535.000 ns	     38252	80007c14	02eadfb3	divu	x31,x21,x14	 x21:0x00000000 x14:0x00000000 x31=0xffffffff
     382905.000 ns	     38289	80007c18	03696433	rem	x8,x18,x22	 x18:0xffffffff x22:0xee33c900  x8=0xffffffff
     382925.000 ns	     38291	80007c1c	000b1513	slli	x10,x22,0x0	 x22:0xee33c900 x10=0xee33c900
     382945.000 ns	     38293	80007c20	c0008853	fcvt.w.s	x16,f1	  f1:0x4f56947e x16=0x7fffffff
     382975.000 ns	     38296	80007c24	02fd9ab3	mulh	x21,x27,x15	 x27:0x80040ec0 x15:0x00000000 x21=0x00000000
     382995.000 ns	     38298	80007c28	0dfb2713	slti	x14,x22,223	 x22:0xee33c900 x14=0x00000001
     383005.000 ns	     38299	80007c2c	01872f33	slt	x30,x14,x24	 x14:0x00000000 x24:0xddd95000 x30=0x00000000
     383025.000 ns	     38301	80007c30	e0051ed3	fclass.s	x29,f10	 f10:0x00000000 x29=0x00000010
     383045.000 ns	     38303	80007c34	e8907717	auipc	x14,0xe8907	 x14=0x6890ec34
     383055.000 ns	     38304	80007c38	99c98c93	addi	x25,x19,-1636	 x19:0x000001d6 x25=0xfffffb72
     383075.000 ns	     38306	80007c3c	025fccb3	div	x25,x31,x5	 x31:0xffffffff  x5:0x00000000 x25=0xffffffff
     383095.000 ns	     38308	80007c40	88183a17	auipc	x20,0x88183	 x20=0x0818ac40
     383115.000 ns	     38310	80007c44	e0028d53	fmv.x.w	x26,f5	  f5:0x46f10400 x26=0x46f10400
     383485.000 ns	     38347	80007c48	02c9ccb3	div	x25,x19,x12	 x19:0x000001d6 x12:0x80040fe4 x25=0x00000000
     383855.000 ns	     38384	80007c4c	030dff33	remu	x30,x27,x16	 x27:0x80040ec0 x16:0x7fffffff x30=0x00040ec1
     383885.000 ns	     38387	80007c50	f0058053	fmv.w.x	f0,x11	 x11:0x00000000  f0=0x00000000
     383905.000 ns	     38389	80007c54	4132d4b3	sra	x9,x5,x19	  x5:0x00000000 x19:0x000001d6  x9=0x00000000
     383915.000 ns	     38390	80007c58	018a0fb3	add	x31,x20,x24	 x20:0x0818ac40 x24:0xddd95000 x31=0xe5f1fc40
     383925.000 ns	     38391	80007c5c	2c798d13	addi	x26,x19,711	 x19:0x000001d6 x26=0x0000049d
     383945.000 ns	     38393	80007c60	28119b53	fmax.s	f22,f3,f1	  f3:0xcefff7e0  f1:0x4f56947e f22=0x4f56947e
     383965.000 ns	     38395	80007c64	7c900f13	addi	x30,x0,1993	  x0:0x00000000 x30=0x000007c9
     383975.000 ns	     38396	80007c68	011b66b3	or	x13,x22,x17	 x22:0xee33c900 x17:0xee33cfbb x13=0xee33cfbb
     383985.000 ns	     38397	80007c6c	01779733	sll	x14,x15,x23	 x15:0x00000000 x23:0x00000000 x14=0x00000000
     383995.000 ns	     38398	80007c70	0095c733	xor	x14,x11,x9	 x11:0x00000000  x9:0x00000000 x14=0x00000000
     384005.000 ns	     38399	80007c74	00228033	add	x0,x5,x2	  x5:0x00000000  x2:0xcefff7e0
     384015.000 ns	     38400	80007c78	01d75793	srli	x15,x14,0x1d	 x14:0x00000000 x15=0x00000000
     384025.000 ns	     38401	80007c7c	01705f93	srli	x31,x0,0x17	  x0:0x00000000 x31=0x00000000
     384035.000 ns	     38402	80007c80	d9176717	auipc	x14,0xd9176	 x14=0x5917dc80
     384395.000 ns	     38438	80007c84	02a84bb3	div	x23,x16,x10	 x16:0x7fffffff x10:0xee33c900 x23=0xfffffff9
     384415.000 ns	     38440	80007c88	c7f4e993	ori	x19,x9,-897	  x9:0x00000000 x19=0xfffffc7f
     384425.000 ns	     38441	80007c8c	013eb433	sltu	x8,x29,x19	 x29:0x00000010 x19:0x000001d6  x8=0x00000001
     384435.000 ns	     38442	80007c90	9b27ac13	slti	x24,x15,-1614	 x15:0x00000000 x24=0x00000000
     384445.000 ns	     38443	80007c94	00827cb3	and	x25,x4,x8	  x4:0x80041024  x8:0xffffffff x25=0x00000000
     384465.000 ns	     38445	80007c98	e00c0ed3	fmv.x.w	x29,f24	 f24:0x44f16000 x29=0x44f16000
     384505.000 ns	     38449	80007c9c	58027f53	fsqrt.s	f30,f4	  f4:0xc4f16000 f30=0x7fc00000
     384875.000 ns	     38486	80007ca0	0326f2b3	remu	x5,x13,x18	 x13:0xee33cfbb x18:0xffffffff  x5=0xee33cfbb
     384895.000 ns	     38488	80007ca4	000fabb3	slt	x23,x31,x0	 x31:0x00000000  x0:0x00000000 x23=0x00000000
     384905.000 ns	     38489	80007ca8	010fe9b3	or	x19,x31,x16	 x31:0x00000000 x16:0x7fffffff x19=0x7fffffff
     384915.000 ns	     38490	80007cac	41065993	srai	x19,x12,0x10	 x12:0x80040fe4 x19=0xffff8004
     384935.000 ns	     38492	80007cb0	02b7f3b3	remu	x7,x15,x11	 x15:0x00000000 x11:0x00000000  x7=0x00000000
     384965.000 ns	     38495	80007cb4	a1d2a4d3	feq.s	x9,f5,f29	  f5:0x46f10400 f29:0x7fc00000  x9=0x00000000
     384995.000 ns	     38498	80007cb8	a0ababd3	feq.s	x23,f23,f10	 f23:0x4f56947e f10:0x00000000 x23=0x00000000
     385015.000 ns	     38500	80007cbc	005cc533	xor	x10,x25,x5	 x25:0x00000000  x5:0xee33cfbb x10=0xee33cfbb
     385025.000 ns	     38501	80007cc0	01843bb3	sltu	x23,x8,x24	  x8:0x00000001 x24:0x00000000 x23=0x00000000
     385035.000 ns	     38502	80007cc4	00d272b3	and	x5,x4,x13	  x4:0x80041024 x13:0xee33cfbb  x5=0x80000020
     385055.000 ns	     38504	80007cc8	20199553	fsgnjn.s	f10,f19,f1	 f19:0x3f800000  f1:0x4f56947e f10=0xbf800000
     385105.000 ns	     38509	80007ccc	01e99cd3	fadd.s	f25,f19,f30	 f19:0x3f800000 f30:0x7fc00000 f25=0x7fc00000
     386285.000 ns	     38627	80007cd0	580ffc53	fsqrt.s	f24,f31	 f31:0x4efff7e0 f24=0x473501cc
     386315.000 ns	     38630	80007cd4	0268ac33	mulhsu	x24,x17,x6	 x17:0xee33cfbb  x6:0x00000000 x24=0x00000000
     386335.000 ns	     38632	80007cd8	86817813	andi	x16,x2,-1944	  x2:0xcefff7e0 x16=0xcefff060
     386345.000 ns	     38633	80007cdc	ebde03b7	lui	x7,0xebde0	  x7=0xebde0000
     386355.000 ns	     38634	80007ce0	01809a93	slli	x21,x1,0x18	  x1:0x00000000 x21=0x00000000
     386385.000 ns	     38637	80007ce4	580f2553	fsqrt.s	f10,f30	 f30:0x7fc00000 f10=0x7fc00000
     386405.000 ns	     38639	80007ce8	d2946f13	ori	x30,x8,-727	  x8:0x00000001 x30=0xfffffd29
     386415.000 ns	     38640	80007cec	18ce8493	addi	x9,x29,396	 x29:0x44f16000  x9=0x44f1618c
     386435.000 ns	     38642	80007cf0	283b00d3	fmin.s	f1,f22,f3	 f22:0x4f56947e  f3:0xcefff7e0  f1=0xcefff7e0
     386805.000 ns	     38679	80007cf4	03485033	divu	x0,x16,x20	 x16:0xcefff060 x20:0x0818ac40
     386825.000 ns	     38681	80007cf8	967f8f13	addi	x30,x31,-1689	 x31:0x00000000 x30=0xfffff967
     386845.000 ns	     38683	80007cfc	a00d1c53	flt.s	x24,f26,f0	 f26:0xce9d0cf0  f0:0x00000000 x24=0x00000001
     386865.000 ns	     38685	80007d00	008e0333	add	x6,x28,x8	 x28:0x00000007  x8:0x00000001  x6=0x00000008
     386875.000 ns	     38686	80007d04	41055493	srai	x9,x10,0x10	 x10:0xee33cfbb  x9=0xffffee33
     386895.000 ns	     38688	80007d08	d00af7d3	fcvt.s.w	f15,x21	 x21:0x00000000 f15=0x00000000
     386915.000 ns	     38690	80007d0c	5ea3b093	sltiu	x1,x7,1514	  x7:0xebde0000  x1=0x00000000
     386925.000 ns	     38691	80007d10	00000013	addi	x0,x0,0	  x0:0x00000000
     386935.000 ns	     38692	80007d14	010f4bb3	xor	x23,x30,x16	 x30:0xfffff967 x16:0xcefff060 x23=0x31000907
     386945.000 ns	     38693	80007d18	01151993	slli	x19,x10,0x11	 x10:0xee33cfbb x19=0x9f760000
     386965.000 ns	     38695	80007d1c	200903d3	fsgnj.s	f7,f18,f0	 f18:0x00040d04  f0:0x00000000  f7=0x00040d04
     386985.000 ns	     38697	80007d20	00af1393	slli	x7,x30,0xa	 x30:0xfffff967  x7=0xffe59c00
     386995.000 ns	     38698	80007d24	001875b3	and	x11,x16,x1	 x16:0xcefff060  x1:0x00000000 x11=0x00000000
     387015.000 ns	     38700	80007d28	02902433	mulhsu	x8,x0,x9	  x0:0x00000000  x9:0xffffee33  x8=0x00000000
     387045.000 ns	     38703	80007d2c	c00673d3	fcvt.w.s	x7,f12	 f12:0x44f16000  x7=0x0000078b
     387415.000 ns	     38740	80007d30	022352b3	divu	x5,x6,x2	  x6:0x00000008  x2:0xcefff7e0  x5=0x00000000
     387445.000 ns	     38743	80007d34	e00c0ad3	fmv.x.w	x21,f24	 f24:0x473501cc x21=0x473501cc
     387465.000 ns	     38745	80007d38	011d8cb3	add	x25,x27,x17	 x27:0x80040ec0 x17:0xee33cfbb x25=0x6e37de7b
     387485.000 ns	     38747	80007d3c	c0047f53	fcvt.w.s	x30,f8	  f8:0x3f800000 x30=0x00000001
     387505.000 ns	     38749	80007d40	00e55993	srli	x19,x10,0xe	 x10:0xee33cfbb x19=0x0003b8cf
     387525.000 ns	     38751	80007d44	d00075d3	fcvt.s.w	f11,x0	  x0:0x00000000 f11=0x00000000
     387895.000 ns	     38788	80007d48	03e7ddb3	divu	x27,x15,x30	 x15:0x00000000 x30:0x00000001 x27=0x00000000
     387915.000 ns	     38790	80007d4c	00e35b93	srli	x23,x6,0xe	  x6:0x00000008 x23=0x00000000
     387925.000 ns	     38791	80007d50	01cdefb3	or	x31,x27,x28	 x27:0x00000000 x28:0x00000007 x31=0x00000007
     387945.000 ns	     38793	80007d54	21b0a953	fsgnjx.s	f18,f1,f27	  f1:0xcefff7e0 f27:0x4f569476 f18=0xcefff7e0
     388315.000 ns	     38830	80007d58	0394f533	remu	x10,x9,x25	  x9:0xffffee33 x25:0x6e37de7b x10=0x2390313d
     388345.000 ns	     38833	80007d5c	03f4ad33	mulhsu	x26,x9,x31	  x9:0xffffee33 x31:0x00000007 x26=0xffffffff
     388365.000 ns	     38835	80007d60	005ddb93	srli	x23,x27,0x5	 x27:0x00000000 x23=0x00000000
     388385.000 ns	     38837	80007d64	e00f1753	fclass.s	x14,f30	 f30:0x7fc00000 x14=0x00000200
     388725.000 ns	     38871	80007d68	1886f2d3	fdiv.s	f5,f13,f8	 f13:0xce9d0cf0  f8:0x3f800000  f5=0xce9d0c75
     388745.000 ns	     38873	80007d6c	00200833	add	x16,x0,x2	  x0:0x00000000  x2:0xcefff7e0 x16=0xcefff7e0
     388755.000 ns	     38874	80007d70	a0350593	addi	x11,x10,-1533	 x10:0x2390313d x11=0x23902b40
     388785.000 ns	     38877	80007d74	18ad88d3	fdiv.s	f17,f27,f10	 f27:0x4f569476 f10:0x7fc00000 f17=0x7fc00000
     388805.000 ns	     38879	80007d78	49def093	andi	x1,x29,1181	 x29:0x44f16000  x1=0x00000000
     388815.000 ns	     38880	80007d7c	5dfe7493	andi	x9,x28,1503	 x28:0x00000007  x9=0x00000007
     388825.000 ns	     38881	80007d80	f198ae93	slti	x29,x17,-231	 x17:0xee33cfbb x29=0x00000001
     388845.000 ns	     38883	80007d84	02f897b3	mulh	x15,x17,x15	 x17:0xee33cfbb x15:0x00000000 x15=0x00000000
     388875.000 ns	     38886	80007d88	02e62bb3	mulhsu	x23,x12,x14	 x12:0x80040fe4 x14:0x00000200 x23=0xffffff00
     388895.000 ns	     38888	80007d8c	b6378797	auipc	x15,0xb6378	 x15=0x3637fd8c
     389255.000 ns	     38924	80007d90	02e0e7b3	rem	x15,x1,x14	  x1:0x00000000 x14:0x00000200 x15=0x00000000
     389285.000 ns	     38927	80007d94	f0060f53	fmv.w.x	f30,x12	 x12:0x80040fe4 f30=0x80040fe4
     389305.000 ns	     38929	80007d98	8c6c3693	sltiu	x13,x24,-1850	 x24:0x00000001 x13=0x00000001
     389315.000 ns	     38930	80007d9c	7b7a4b37	lui	x22,0x7b7a4	 x22=0x7b7a4000
     389325.000 ns	     38931	80007da0	018d08b3	add	x17,x26,x24	 x26:0xffffffff x24:0x00000001 x17=0x00000000
     389335.000 ns	     38932	80007da4	01a30133	add	x2,x6,x26	  x6:0x00000008 x26:0xffffffff  x2=0x00000007
     389365.000 ns	     38935	80007da8	18f52f53	fdiv.s	f30,f10,f15	 f10:0x7fc00000 f15:0x00000000 f30=0x7fc00000
     389385.000 ns	     38937	80007dac	b662c713	xori	x14,x5,-1178	  x5:0x00000000 x14=0xfffffb66
     389395.000 ns	     38938	80007db0	00e633b3	sltu	x7,x12,x14	 x12:0x80040fe4 x14:0x00000200  x7=0x00000001
     389415.000 ns	     38940	80007db4	033502b3	mul	x5,x10,x19	 x10:0x2390313d x19:0x0003b8cf  x5=0xf8b2a853
     389435.000 ns	     38942	80007db8	401fd793	srai	x15,x31,0x1	 x31:0x00000007 x15=0x00000003
     389795.000 ns	     38978	80007dbc	02fe70b3	remu	x1,x28,x15	 x28:0x00000007 x15:0x00000000  x1=0x00000001
     389825.000 ns	     38981	80007dc0	20088653	fsgnj.s	f12,f17,f0	 f17:0x7fc00000  f0:0x00000000 f12=0x7fc00000
     390195.000 ns	     39018	80007dc4	02b17b33	remu	x22,x2,x11	  x2:0x00000007 x11:0x23902b40 x22=0x00000007
     390215.000 ns	     39020	80007dc8	008c68b3	or	x17,x24,x8	 x24:0x00000001  x8:0x00000000 x17=0x00000001
     390225.000 ns	     39021	80007dcc	0148d1b3	srl	x3,x17,x20	 x17:0x00000000 x20:0x0818ac40  x3=0x00000001
     390245.000 ns	     39023	80007dd0	a0700553	fle.s	x10,f0,f7	  f0:0x00000000  f7:0x00040d04 x10=0x00000001
     390275.000 ns	     39026	80007dd4	a0fe81d3	fle.s	x3,f29,f15	 f29:0x7fc00000 f15:0x00000000  x3=0x00000000
     390295.000 ns	     39028	80007dd8	dcca0393	addi	x7,x20,-564	 x20:0x0818ac40  x7=0x0818aa0c
     390305.000 ns	     39029	80007ddc	0156c1b3	xor	x3,x13,x21	 x13:0x00000001 x21:0x473501cc  x3=0x473501cd
     390325.000 ns	     39031	80007de0	a1f19353	flt.s	x6,f3,f31	  f3:0xcefff7e0 f31:0x4efff7e0  x6=0x00000001
     390355.000 ns	     39034	80007de4	a1db9053	flt.s	x0,f23,f29	 f23:0x4f56947e f29:0x7fc00000
     390375.000 ns	     39036	80007de8	0b280813	addi	x16,x16,178	 x16:0xcefff7e0 x16=0xcefff892
     390385.000 ns	     39037	80007dec	00dd1793	slli	x15,x26,0xd	 x26:0xffffffff x15=0xffffe000
     390395.000 ns	     39038	80007df0	d0570393	addi	x7,x14,-763	 x14:0xfffffb66  x7=0xfffff86b
     390405.000 ns	     39039	80007df4	d96b2b13	slti	x22,x22,-618	 x22:0x00000007 x22=0x00000000
     390415.000 ns	     39040	80007df8	00159033	sll	x0,x11,x1	 x11:0x23902b40  x1:0x00000001
     390435.000 ns	     39042	80007dfc	294f8ed3	fmin.s	f29,f31,f20	 f31:0x4efff7e0 f20:0x44f16000 f29=0x44f16000
     390805.000 ns	     39079	80007e00	027ec533	div	x10,x29,x7	 x29:0x00000001  x7:0xfffff86b x10=0x00000000
     390825.000 ns	     39081	80007e04	015d71b3	and	x3,x26,x21	 x26:0xffffffff x21:0x473501cc  x3=0x473501cc
     390845.000 ns	     39083	80007e08	e00c1ed3	fclass.s	x29,f24	 f24:0x473501cc x29=0x00000040
     390875.000 ns	     39086	80007e0c	287692d3	fmax.s	f5,f13,f7	 f13:0xce9d0cf0  f7:0x00040d04  f5=0x00040d04
     392055.000 ns	     39204	80007e10	5802f1d3	fsqrt.s	f3,f5	  f5:0xce9d0c75  f3=0x1f3abf04
     392075.000 ns	     39206	80007e14	016716b3	sll	x13,x14,x22	 x14:0xfffffb66 x22:0x00000000 x13=0xfffffb66
     392115.000 ns	     39210	80007e18	08d17453	fsub.s	f8,f2,f13	  f2:0x00040d04 f13:0xce9d0cf0  f8=0x4e9d0cf0
     392145.000 ns	     39213	80007e1c	e0038cd3	fmv.x.w	x25,f7	  f7:0x00040d04 x25=0x00040d04
     392175.000 ns	     39216	80007e20	28b90a53	fmin.s	f20,f18,f11	 f18:0xcefff7e0 f11:0x00000000 f20=0xcefff7e0
     392205.000 ns	     39219	80007e24	28c19dd3	fmax.s	f27,f3,f12	  f3:0x1f3abf04 f12:0x7fc00000 f27=0x1f3abf04
     392225.000 ns	     39221	80007e28	00209f33	sll	x30,x1,x2	  x1:0x00000001  x2:0x00000007 x30=0x00000080
     392235.000 ns	     39222	80007e2c	0086deb3	srl	x29,x13,x8	 x13:0xfffffb66  x8:0x00000000 x29=0xfffffb66
     392255.000 ns	     39224	80007e30	030b9eb3	mulh	x29,x23,x16	 x23:0xffffff00 x16:0xcefff892 x29=0x00000031
     392285.000 ns	     39227	80007e34	209112d3	fsgnjn.s	f5,f2,f9	  f2:0x00040d04  f9:0x7fc00000  f5=0x80040d04
     392325.000 ns	     39231	80007e38	199625d3	fdiv.s	f11,f12,f25	 f12:0x7fc00000 f25:0x7fc00000 f11=0x7fc00000
     392365.000 ns	     39235	80007e3c	1006fe53	fmul.s	f28,f13,f0	 f13:0xce9d0cf0  f0:0x00000000 f28=0x80000000
     392395.000 ns	     39238	80007e40	a166a753	feq.s	x14,f13,f22	 f13:0xce9d0cf0 f22:0x4f56947e x14=0x00000000
     392415.000 ns	     39240	80007e44	00000013	addi	x0,x0,0	  x0:0x00000000
     392425.000 ns	     39241	80007e48	011afa33	and	x20,x21,x17	 x21:0x473501cc x17:0x00000001 x20=0x00000000
     392445.000 ns	     39243	80007e4c	f0030bd3	fmv.w.x	f23,x6	  x6:0x00000001 f23=0x00000001
     392815.000 ns	     39280	80007e50	033be6b3	rem	x13,x23,x19	 x23:0xffffff00 x19:0x0003b8cf x13=0xffffff00
     392845.000 ns	     39283	80007e54	02e3c033	div	x0,x7,x14	  x7:0xfffff86b x14:0x00000000
     392875.000 ns	     39286	80007e58	c0031153	fcvt.w.s	x2,f6	  f6:0xcefff7e0  x2=0x80041000
     392905.000 ns	     39289	80007e5c	d0017e53	fcvt.s.w	f28,x2	  x2:0x00000007 f28=0xcefff7e0
     392935.000 ns	     39292	80007e60	296011d3	fmax.s	f3,f0,f22	  f0:0x00000000 f22:0x4f56947e  f3=0x4f56947e
     392965.000 ns	     39295	80007e64	d017bbd3	fcvt.s.wu	f23,x15	 x15:0xffffe000 f23=0x4f7fffe0
     392985.000 ns	     39297	80007e68	00a59733	sll	x14,x11,x10	 x11:0x23902b40 x10:0x00000000 x14=0x23902b40
     392995.000 ns	     39298	80007e6c	68334513	xori	x10,x6,1667	  x6:0x00000001 x10=0x00000682
     393355.000 ns	     39334	80007e70	039dfcb3	remu	x25,x27,x25	 x27:0x00000000 x25:0x00040d04 x25=0x00000000
     393375.000 ns	     39336	80007e74	3f9e9117	auipc	x2,0x3f9e9	  x2=0xbf9f0e74
     393385.000 ns	     39337	80007e78	00d3ca33	xor	x20,x7,x13	  x7:0xfffff86b x13:0xffffff00 x20=0x0000076b
     393405.000 ns	     39339	80007e7c	022f0c33	mul	x24,x30,x2	 x30:0x00000080  x2:0x80041000 x24=0xcf873a00
     393425.000 ns	     39341	80007e80	57e54537	lui	x10,0x57e54	 x10=0x57e54000
     393435.000 ns	     39342	80007e84	40cf02b3	sub	x5,x30,x12	 x30:0x00000080 x12:0x80040fe4  x5=0x7ffbf09c
     393445.000 ns	     39343	80007e88	a3bac193	xori	x3,x21,-1477	 x21:0x473501cc  x3=0xb8cafbf7
     393465.000 ns	     39345	80007e8c	d0018653	fcvt.s.w	f12,x3	  x3:0x473501cc f12=0xce8e6a08
     393485.000 ns	     39347	80007e90	01379d93	slli	x27,x15,0x13	 x15:0xffffe000 x27=0x00000000
     393505.000 ns	     39349	80007e94	d0104653	fcvt.s.wu	f12,x0	  x0:0x00000000 f12=0x00000000
     394685.000 ns	     39467	80007e98	580b79d3	fsqrt.s	f19,f22	 f22:0x4f56947e f19=0x4717bb22
     394715.000 ns	     39470	80007e9c	286105d3	fmin.s	f11,f2,f6	  f2:0x00040d04  f6:0xcefff7e0 f11=0xcefff7e0
     394735.000 ns	     39472	80007ea0	0056a9b3	slt	x19,x13,x5	 x13:0xffffff00  x5:0x7ffbf09c x19=0x00000001
     394745.000 ns	     39473	80007ea4	0002a2b3	slt	x5,x5,x0	  x5:0x7ffbf09c  x0:0x00000000  x5=0x00000000
     394755.000 ns	     39474	80007ea8	00a63033	sltu	x0,x12,x10	 x12:0x80040fe4 x10:0x57e54000
     394765.000 ns	     39475	80007eac	004f3ab3	sltu	x21,x30,x4	 x30:0x00000080  x4:0x80041024 x21=0x00000001
     394805.000 ns	     39479	80007eb0	08bbc053	fsub.s	f0,f23,f11	 f23:0x4f7fffe0 f11:0xcefff7e0  f0=0x4fbffde8
     394835.000 ns	     39482	80007eb4	02d32433	mulhsu	x8,x6,x13	  x6:0x00000001 x13:0xffffff00  x8=0x00000000
     394865.000 ns	     39485	80007eb8	e0028dd3	fmv.x.w	x27,f5	  f5:0x80040d04 x27=0x80040d04
     394885.000 ns	     39487	80007ebc	017e3f33	sltu	x30,x28,x23	 x28:0x00000007 x23:0xffffff00 x30=0x00000001
     394925.000 ns	     39491	80007ec0	0950c1d3	fsub.s	f3,f1,f21	  f1:0xcefff7e0 f21:0xcefff7e0  f3=0x00000000
     394975.000 ns	     39496	80007ec4	09a6f9d3	fsub.s	f19,f13,f26	 f13:0xce9d0cf0 f26:0xce9d0cf0 f19=0x00000000
     395025.000 ns	     39501	80007ec8	08317553	fsub.s	f10,f2,f3	  f2:0x00040d04  f3:0x00000000 f10=0x00040d04
     395045.000 ns	     39503	80007ecc	1a501817	auipc	x16,0x1a501	 x16=0x9a508ecc
     395065.000 ns	     39505	80007ed0	02097333	remu	x6,x18,x0	 x18:0xffffffff  x0:0x00000000  x6=0xffffffff
     395085.000 ns	     39507	80007ed4	00524b33	xor	x22,x4,x5	  x4:0x80041024  x5:0x00000000 x22=0x80041024
     395105.000 ns	     39509	80007ed8	21fe9c53	fsgnjn.s	f24,f29,f31	 f29:0x44f16000 f31:0x4efff7e0 f24=0xc4f16000
     395125.000 ns	     39511	80007edc	416cda13	srai	x20,x25,0x16	 x25:0x00000000 x20=0x00000000
     395135.000 ns	     39512	80007ee0	c6ebc113	xori	x2,x23,-914	 x23:0xffffff00  x2=0x0000036e
     395165.000 ns	     39515	80007ee4	1935b253	fdiv.s	f4,f11,f19	 f11:0xcefff7e0 f19:0x00000000  f4=0xff800000
     395185.000 ns	     39517	80007ee8	4116d093	srai	x1,x13,0x11	 x13:0xffffff00  x1=0xffffffff
     395205.000 ns	     39519	80007eec	e0029c53	fclass.s	x24,f5	  f5:0x80040d04 x24=0x00000004
     395575.000 ns	     39556	80007ef0	02bacd33	div	x26,x21,x11	 x21:0x00000001 x11:0x23902b40 x26=0x00000000
     395595.000 ns	     39558	80007ef4	fe09e793	ori	x15,x19,-32	 x19:0x00000001 x15=0xffffffe1
     395615.000 ns	     39560	80007ef8	a1aa04d3	fle.s	x9,f20,f26	 f20:0xcefff7e0 f26:0xce9d0cf0  x9=0x00000001
     395645.000 ns	     39563	80007efc	d00da0d3	fcvt.s.w	f1,x27	 x27:0x80040d04  f1=0xcefff7e6
     395665.000 ns	     39565	80007f00	3ec6cf93	xori	x31,x13,1004	 x13:0xffffff00 x31=0xfffffcec
     395675.000 ns	     39566	80007f04	01f462b3	or	x5,x8,x31	  x8:0x00000000 x31:0x00000007  x5=0xfffffcec
     396035.000 ns	     39602	80007f08	02bb42b3	div	x5,x22,x11	 x22:0x80041024 x11:0x23902b40  x5=0xfffffffd
     396055.000 ns	     39604	80007f0c	01d71e93	slli	x29,x14,0x1d	 x14:0x23902b40 x29=0x00000000
     396065.000 ns	     39605	80007f10	016ef833	and	x16,x29,x22	 x29:0x00000031 x22:0x80041024 x16=0x00000000
     396085.000 ns	     39607	80007f14	c0123c53	fcvt.wu.s	x24,f4	  f4:0xff800000 x24=0x00000000
     396455.000 ns	     39644	80007f18	03c9cd33	div	x26,x19,x28	 x19:0x00000001 x28:0x00000007 x26=0x00000000
     396475.000 ns	     39646	80007f1c	5ba1bf37	lui	x30,0x5ba1b	 x30=0x5ba1b000
     396485.000 ns	     39647	80007f20	40fc86b3	sub	x13,x25,x15	 x25:0x00000000 x15:0xffffffe1 x13=0x0000001f
     396495.000 ns	     39648	80007f24	9758a713	slti	x14,x17,-1675	 x17:0x00000001 x14=0x00000000
     396515.000 ns	     39650	80007f28	03ace333	rem	x6,x25,x26	 x25:0x00000000 x26:0x00000000  x6=0x00000000
     396535.000 ns	     39652	80007f2c	0098d7b3	srl	x15,x17,x9	 x17:0x00000001  x9:0x00000001 x15=0x00000000
     396555.000 ns	     39654	80007f30	03df2cb3	mulhsu	x25,x30,x29	 x30:0x5ba1b000 x29:0x00000000 x25=0x00000000
     396585.000 ns	     39657	80007f34	208e8bd3	fsgnj.s	f23,f29,f8	 f29:0x44f16000  f8:0x4e9d0cf0 f23=0x44f16000
     396605.000 ns	     39659	80007f38	0ece4913	xori	x18,x28,236	 x28:0x00000007 x18=0x000000eb
     396625.000 ns	     39661	80007f3c	d00e88d3	fcvt.s.w	f17,x29	 x29:0x00000000 f17=0x00000000
     396645.000 ns	     39663	80007f40	0096cfb3	xor	x31,x13,x9	 x13:0x0000001f  x9:0x00000001 x31=0x0000001e
     396655.000 ns	     39664	80007f44	413250b3	sra	x1,x4,x19	  x4:0x80041024 x19:0x00000001  x1=0xc0020812
     396665.000 ns	     39665	80007f48	01419b93	slli	x23,x3,0x14	  x3:0xb8cafbf7 x23=0xbf700000
     396685.000 ns	     39667	80007f4c	a18126d3	feq.s	x13,f2,f24	  f2:0x00040d04 f24:0xc4f16000 x13=0x00000000
     396705.000 ns	     39669	80007f50	01ddd393	srli	x7,x27,0x1d	 x27:0x80040d04  x7=0x00000004
     396715.000 ns	     39670	80007f54	40b88c33	sub	x24,x17,x11	 x17:0x00000001 x11:0x23902b40 x24=0xdc6fd4c1
     396735.000 ns	     39672	80007f58	a0da27d3	feq.s	x15,f20,f13	 f20:0xcefff7e0 f13:0xce9d0cf0 x15=0x00000000
     397075.000 ns	     39706	80007f5c	18d5ab53	fdiv.s	f22,f11,f13	 f11:0xcefff7e0 f13:0xce9d0cf0 f22=0x3f7ff7e0
     397105.000 ns	     39709	80007f60	d0177cd3	fcvt.s.wu	f25,x14	 x14:0x00000000 f25=0x00000000
     397135.000 ns	     39712	80007f64	f00e08d3	fmv.w.x	f17,x28	 x28:0x00000007 f17=0x00000007
     397155.000 ns	     39714	80007f68	01d0da33	srl	x20,x1,x29	  x1:0xc0020812 x29:0x00000000 x20=0xc0020812
     397195.000 ns	     39718	80007f6c	00cbf553	fadd.s	f10,f23,f12	 f23:0x44f16000 f12:0x00000000 f10=0x44f16000
     397215.000 ns	     39720	80007f70	0009f4b3	and	x9,x19,x0	 x19:0x00000001  x0:0x00000000  x9=0x00000000
     397235.000 ns	     39722	80007f74	e0060453	fmv.x.w	x8,f12	 f12:0x00000000  x8=0x00000000
     397285.000 ns	     39727	80007f78	0144f3d3	fadd.s	f7,f9,f20	  f9:0x7fc00000 f20:0xcefff7e0  f7=0x7fc00000
     397335.000 ns	     39732	80007f7c	01ad1a53	fadd.s	f20,f26,f26	 f26:0xce9d0cf0 f26:0xce9d0cf0 f20=0xcf1d0cf0
     397365.000 ns	     39735	80007f80	f0098a53	fmv.w.x	f20,x19	 x19:0x00000001 f20=0x00000001
     397385.000 ns	     39737	80007f84	084d6bb7	lui	x23,0x84d6	 x23=0x084d6000
     397395.000 ns	     39738	80007f88	005e4bb3	xor	x23,x28,x5	 x28:0x00000007  x5:0xfffffffd x23=0xfffffffa
     397415.000 ns	     39740	80007f8c	290a9653	fmax.s	f12,f21,f16	 f21:0xcefff7e0 f16:0xce9d0cf0 f12=0xce9d0cf0
     397435.000 ns	     39742	80007f90	29edaf93	slti	x31,x27,670	 x27:0x80040d04 x31=0x00000001
     397445.000 ns	     39743	80007f94	41c25493	srai	x9,x4,0x1c	  x4:0x80041024  x9=0xfffffff8
     397465.000 ns	     39745	80007f98	c00cf2d3	fcvt.w.s	x5,f25	 f25:0x00000000  x5=0x00000000
     397495.000 ns	     39748	80007f9c	e00a00d3	fmv.x.w	x1,f20	 f20:0x00000001  x1=0x00000001
     397515.000 ns	     39750	80007fa0	00a52eb3	slt	x29,x10,x10	 x10:0x57e54000 x10:0x57e54000 x29=0x00000000
     397555.000 ns	     39754	80007fa4	00889e53	fadd.s	f28,f17,f8	 f17:0x00000007  f8:0x4e9d0cf0 f28=0x4e9d0cf0
     397585.000 ns	     39757	80007fa8	d00bf153	fcvt.s.w	f2,x23	 x23:0xfffffffa  f2=0xc0c00000
     397605.000 ns	     39759	80007fac	5b08eb13	ori	x22,x17,1456	 x17:0x00000001 x22=0x000005b1
     397625.000 ns	     39761	80007fb0	29888c53	fmin.s	f24,f17,f24	 f17:0x00000007 f24:0xc4f16000 f24=0xc4f16000
     397655.000 ns	     39764	80007fb4	21681753	fsgnjn.s	f14,f16,f22	 f16:0xce9d0cf0 f22:0x3f7ff7e0 f14=0xce9d0cf0
     397685.000 ns	     39767	80007fb8	03b68833	mul	x16,x13,x27	 x13:0x00000000 x27:0x80040d04 x16=0x00000000
     397715.000 ns	     39770	80007fbc	29c608d3	fmin.s	f17,f12,f28	 f12:0xce9d0cf0 f28:0x4e9d0cf0 f17=0xce9d0cf0
     397735.000 ns	     39772	80007fc0	e9230897	auipc	x17,0xe9230	 x17=0x69237fc0
     397745.000 ns	     39773	80007fc4	003c1b13	slli	x22,x24,0x3	 x24:0xdc6fd4c1 x22=0xe37ea608
     397755.000 ns	     39774	80007fc8	0f76fd93	andi	x27,x13,247	 x13:0x00000000 x27=0x00000000
     397775.000 ns	     39776	80007fcc	f0038d53	fmv.w.x	f26,x7	  x7:0x00000004 f26=0x00000004
     397805.000 ns	     39779	80007fd0	c0097a53	fcvt.w.s	x20,f18	 f18:0xcefff7e0 x20=0x7ffbf000
     397835.000 ns	     39782	80007fd4	a1a69cd3	flt.s	x25,f13,f26	 f13:0xce9d0cf0 f26:0x00000004 x25=0x00000001
     399015.000 ns	     39900	80007fd8	580bf7d3	fsqrt.s	f15,f23	 f23:0x44f16000 f15=0x422fc5c1
     399035.000 ns	     39902	80007fdc	0023ff33	and	x30,x7,x2	  x7:0x00000004  x2:0x0000036e x30=0x00000004
     399055.000 ns	     39904	80007fe0	a0228a53	fle.s	x20,f5,f2	  f5:0x80040d04  f2:0xc0c00000 x20=0x00000000
     399075.000 ns	     39906	80007fe4	0174d5b3	srl	x11,x9,x23	  x9:0xfffffff8 x23:0xfffffffa x11=0x0000003f
     399085.000 ns	     39907	80007fe8	4161d013	srai	x0,x3,0x16	  x3:0xb8cafbf7
     399095.000 ns	     39908	80007fec	40f6df13	srai	x30,x13,0xf	 x13:0x00000000 x30=0x00000000
     399105.000 ns	     39909	80007ff0	d8d96b13	ori	x22,x18,-627	 x18:0x000000eb x22=0xfffffdef
     399115.000 ns	     39910	80007ff4	2c2cf517	auipc	x10,0x2c2cf	 x10=0xac2d6ff4
     399135.000 ns	     39912	80007ff8	032305b3	mul	x11,x6,x18	  x6:0x00000000 x18:0x000000eb x11=0x00000000
     399155.000 ns	     39914	80007ffc	00744b33	xor	x22,x8,x7	  x8:0x00000000  x7:0x00000004 x22=0x00000004
     399175.000 ns	     39916	80008000	035020b3	mulhsu	x1,x0,x21	  x0:0x00000000 x21:0x00000001  x1=0x00000000
     399515.000 ns	     39950	80008004	19574653	fdiv.s	f12,f14,f21	 f14:0xce9d0cf0 f21:0xcefff7e0 f12=0x3f1d0cf0
     399535.000 ns	     39952	80008008	3be1ff93	andi	x31,x3,958	  x3:0xb8cafbf7 x31=0x000003b6
     399575.000 ns	     39956	8000800c	09acf753	fsub.s	f14,f25,f26	 f25:0x00000000 f26:0x00000004 f14=0x80000004
     399595.000 ns	     39958	80008010	00000013	addi	x0,x0,0	  x0:0x00000000
     399615.000 ns	     39960	80008014	02d428b3	mulhsu	x17,x8,x13	  x8:0x00000000 x13:0x00000000 x17=0x00000000
     399645.000 ns	     39963	80008018	02b9ceb3	div	x29,x19,x11	 x19:0x00000001 x11:0x00000000 x29=0xffffffff
     399675.000 ns	     39966	8000801c	28dd1cd3	fmax.s	f25,f26,f13	 f26:0x00000004 f13:0xce9d0cf0 f25=0x00000004
     399695.000 ns	     39968	80008020	01ec2933	slt	x18,x24,x30	 x24:0xdc6fd4c1 x30:0x00000000 x18=0x00000001
     399705.000 ns	     39969	80008024	d6840493	addi	x9,x8,-664	  x8:0x00000000  x9=0xfffffd68
     399715.000 ns	     39970	80008028	006d1f13	slli	x30,x26,0x6	 x26:0x00000000 x30=0x00000000
     399735.000 ns	     39972	8000802c	028936b3	mulhu	x13,x18,x8	 x18:0x00000001  x8:0x00000000 x13=0x00000000
     399755.000 ns	     39974	80008030	01518333	add	x6,x3,x21	  x3:0xb8cafbf7 x21:0x00000001  x6=0xb8cafbf8
     399765.000 ns	     39975	80008034	00ae6733	or	x14,x28,x10	 x28:0x00000007 x10:0xac2d6ff4 x14=0xac2d6ff7
     399775.000 ns	     39976	80008038	b93dc813	xori	x16,x27,-1133	 x27:0x00000000 x16=0xfffffb93
     399785.000 ns	     39977	8000803c	01ad1d33	sll	x26,x26,x26	 x26:0x00000000 x26:0x00000000 x26=0x00000000
     399825.000 ns	     39981	80008040	001d0fd3	fadd.s	f31,f26,f1	 f26:0x00000004  f1:0xcefff7e6 f31=0xcefff7e6
     399845.000 ns	     39983	80008044	0d16ba13	sltiu	x20,x13,209	 x13:0x00000000 x20=0x00000001
     399865.000 ns	     39985	80008048	a1ea0f53	fle.s	x30,f20,f30	 f20:0x00000001 f30:0x7fc00000 x30=0x00000000
     399895.000 ns	     39988	8000804c	a16f06d3	fle.s	x13,f30,f22	 f30:0x7fc00000 f22:0x3f7ff7e0 x13=0x00000000
     399925.000 ns	     39991	80008050	c01985d3	fcvt.wu.s	x11,f19	 f19:0x00000000 x11=0x00000000
     399945.000 ns	     39993	80008054	94cd7393	andi	x7,x26,-1716	 x26:0x00000000  x7=0x00000000
     400305.000 ns	     40029	80008058	03945433	divu	x8,x8,x25	  x8:0x00000000 x25:0x00000001  x8=0x00000000
     400335.000 ns	     40032	8000805c	28c080d3	fmin.s	f1,f1,f12	  f1:0xcefff7e6 f12:0x3f1d0cf0  f1=0xcefff7e6
     400355.000 ns	     40034	80008060	00f87933	and	x18,x16,x15	 x16:0xfffffb93 x15:0x00000000 x18=0x00000000
     400385.000 ns	     40037	80008064	58073c53	fsqrt.s	f24,f14	 f14:0x80000004 f24=0x7fc00000
     400415.000 ns	     40040	80008068	a05028d3	feq.s	x17,f0,f5	  f0:0x4fbffde8  f5:0x80040d04 x17=0x00000000
     400445.000 ns	     40043	8000806c	29d81553	fmax.s	f10,f16,f29	 f16:0xce9d0cf0 f29:0x44f16000 f10=0x44f16000
     400475.000 ns	     40046	80008070	0217af33	mulhsu	x30,x15,x1	 x15:0x00000000  x1:0x00000000 x30=0x00000000
     400515.000 ns	     40050	80008074	11c184d3	fmul.s	f9,f3,f28	  f3:0x00000000 f28:0x4e9d0cf0  f9=0x00000000
     400545.000 ns	     40053	80008078	21629753	fsgnjn.s	f14,f5,f22	  f5:0x80040d04 f22:0x3f7ff7e0 f14=0x80040d04
     400595.000 ns	     40058	8000807c	010ac153	fadd.s	f2,f21,f16	 f21:0xcefff7e0 f16:0xce9d0cf0  f2=0xcf4e8268
     400625.000 ns	     40061	80008080	21fa29d3	fsgnjx.s	f19,f20,f31	 f20:0x00000001 f31:0xcefff7e6 f19=0x80000001
     400645.000 ns	     40063	80008084	3ef02913	slti	x18,x0,1007	  x0:0x00000000 x18=0x00000001
     401525.000 ns	     40151	80008088	580e77d3	fsqrt.s	f15,f28	 f28:0x4e9d0cf0 f15=0x470dc88a
     401545.000 ns	     40153	8000808c	06e61017	auipc	x0,0x6e61	
     401565.000 ns	     40155	80008090	02598c33	mul	x24,x19,x5	 x19:0x00000001  x5:0x00000000 x24=0x00000000
     401935.000 ns	     40192	80008094	0347d033	divu	x0,x15,x20	 x15:0x00000000 x20:0x00000001
     401965.000 ns	     40195	80008098	21be2353	fsgnjx.s	f6,f28,f27	 f28:0x4e9d0cf0 f27:0x1f3abf04  f6=0x4e9d0cf0
     401985.000 ns	     40197	8000809c	73b23a13	sltiu	x20,x4,1851	  x4:0x80041024 x20=0x00000000
     401995.000 ns	     40198	800080a0	006dbc33	sltu	x24,x27,x6	 x27:0x00000000  x6:0xb8cafbf8 x24=0x00000001
     402015.000 ns	     40200	800080a4	e00407d3	fmv.x.w	x15,f8	  f8:0x4e9d0cf0 x15=0x4e9d0cf0
     402035.000 ns	     40202	800080a8	0021bc33	sltu	x24,x3,x2	  x3:0xb8cafbf7  x2:0x0000036e x24=0x00000000
     402055.000 ns	     40204	800080ac	a0040553	fle.s	x10,f8,f0	  f8:0x4e9d0cf0  f0:0x4fbffde8 x10=0x00000001
     402075.000 ns	     40206	800080b0	01fa1733	sll	x14,x20,x31	 x20:0x00000000 x31:0x000003b6 x14=0x00000000
     402095.000 ns	     40208	800080b4	285800d3	fmin.s	f1,f16,f5	 f16:0xce9d0cf0  f5:0x80040d04  f1=0xce9d0cf0
     402125.000 ns	     40211	800080b8	0348fdb3	remu	x27,x17,x20	 x17:0x00000000 x20:0x00000000 x27=0x00000000
     402155.000 ns	     40214	800080bc	0249b333	mulhu	x6,x19,x4	 x19:0x00000001  x4:0x80041024  x6=0x00000000
     402185.000 ns	     40217	800080c0	d0067cd3	fcvt.s.w	f25,x12	 x12:0x80040fe4 f25=0xcefff7e0
     402215.000 ns	     40220	800080c4	e00f8ed3	fmv.x.w	x29,f31	 f31:0xcefff7e6 x29=0xcefff7e6
     402245.000 ns	     40223	800080c8	a0382d53	feq.s	x26,f16,f3	 f16:0xce9d0cf0  f3:0x00000000 x26=0x00000000
     402275.000 ns	     40226	800080cc	c00d7153	fcvt.w.s	x2,f26	 f26:0x00000004  x2=0x00000000
     402295.000 ns	     40228	800080d0	c8140c93	addi	x25,x8,-895	  x8:0x00000000 x25=0xfffffc81
     402305.000 ns	     40229	800080d4	00000013	addi	x0,x0,0	  x0:0x00000000
     402325.000 ns	     40231	800080d8	038fe333	rem	x6,x31,x24	 x31:0x000003b6 x24:0x00000000  x6=0x000003b6
     402355.000 ns	     40234	800080dc	29b509d3	fmin.s	f19,f10,f27	 f10:0x44f16000 f27:0x1f3abf04 f19=0x1f3abf04
     402375.000 ns	     40236	800080e0	815c0593	addi	x11,x24,-2027	 x24:0x00000000 x11=0xfffff815
     402385.000 ns	     40237	800080e4	dc346313	ori	x6,x8,-573	  x8:0x00000000  x6=0xfffffdc3
     402405.000 ns	     40239	800080e8	28fa1253	fmax.s	f4,f20,f15	 f20:0x00000001 f15:0x470dc88a  f4=0x470dc88a
     402435.000 ns	     40242	800080ec	0280c5b3	div	x11,x1,x8	  x1:0x00000000  x8:0x00000000 x11=0xffffffff
     402465.000 ns	     40245	800080f0	20e00fd3	fsgnj.s	f31,f0,f14	  f0:0x4fbffde8 f14:0x80040d04 f31=0xcfbffde8
     402485.000 ns	     40247	800080f4	002cb733	sltu	x14,x25,x2	 x25:0xfffffc81  x2:0x00000000 x14=0x00000000
     402495.000 ns	     40248	800080f8	95959b17	auipc	x22,0x95959	 x22=0x159610f8
     402535.000 ns	     40252	800080fc	0053b453	fadd.s	f8,f7,f5	  f7:0x7fc00000  f5:0x80040d04  f8=0x7fc00000
     402555.000 ns	     40254	80008100	41ae5c13	srai	x24,x28,0x1a	 x28:0x00000007 x24=0x00000000
     402565.000 ns	     40255	80008104	01f05593	srli	x11,x0,0x1f	  x0:0x00000000 x11=0x00000000
     402575.000 ns	     40256	80008108	97b2ab97	auipc	x23,0x97b2a	 x23=0x17b32108
     402585.000 ns	     40257	8000810c	01125433	srl	x8,x4,x17	  x4:0x80041024 x17:0x00000000  x8=0x80041024
     402595.000 ns	     40258	80008110	41e909b3	sub	x19,x18,x30	 x18:0x00000001 x30:0x00000000 x19=0x00000001
     402605.000 ns	     40259	80008114	41dffe93	andi	x29,x31,1053	 x31:0x000003b6 x29=0x00000014
     402615.000 ns	     40260	80008118	005cd533	srl	x10,x25,x5	 x25:0xfffffc81  x5:0x00000000 x10=0xfffffc81
     402635.000 ns	     40262	8000811c	29918b53	fmin.s	f22,f3,f25	  f3:0x00000000 f25:0xcefff7e0 f22=0xcefff7e0
     402665.000 ns	     40265	80008120	c00e24d3	fcvt.w.s	x9,f28	 f28:0x4e9d0cf0  x9=0x4e867800
     402695.000 ns	     40268	80008124	03d319b3	mulh	x19,x6,x29	  x6:0xfffffdc3 x29:0x00000014 x19=0xffffffff
     402725.000 ns	     40271	80008128	20ad9e53	fsgnjn.s	f28,f27,f10	 f27:0x1f3abf04 f10:0x44f16000 f28=0x9f3abf04
     402755.000 ns	     40274	8000812c	a1a413d3	flt.s	x7,f8,f26	  f8:0x7fc00000 f26:0x00000004  x7=0x00000000
     402785.000 ns	     40277	80008130	29e18f53	fmin.s	f30,f3,f30	  f3:0x00000000 f30:0x7fc00000 f30=0x00000000
     403155.000 ns	     40314	80008134	0230c433	div	x8,x1,x3	  x1:0x00000000  x3:0xb8cafbf7  x8=0x00000000
     403185.000 ns	     40317	80008138	292d9bd3	fmax.s	f23,f27,f18	 f27:0x1f3abf04 f18:0xcefff7e0 f23=0x1f3abf04
     403525.000 ns	     40351	8000813c	182514d3	fdiv.s	f9,f10,f2	 f10:0x44f16000  f2:0xcf4e8268  f9=0xb4f16000
     403545.000 ns	     40353	80008140	0174b433	sltu	x8,x9,x23	  x9:0x4e867800 x23:0x17b32108  x8=0x00000000
     403555.000 ns	     40354	80008144	27107b13	andi	x22,x0,625	  x0:0x00000000 x22=0x00000000
     403575.000 ns	     40356	80008148	02943b33	mulhu	x22,x8,x9	  x8:0x00000000  x9:0x4e867800 x22=0x00000000
     403595.000 ns	     40358	8000814c	00c875b3	and	x11,x16,x12	 x16:0xfffffb93 x12:0x80040fe4 x11=0x80040b80
     403605.000 ns	     40359	80008150	7fdacc93	xori	x25,x21,2045	 x21:0x00000001 x25=0x000007fc
     403625.000 ns	     40361	80008154	a15388d3	fle.s	x17,f7,f21	  f7:0x7fc00000 f21:0xcefff7e0 x17=0x00000000
     403655.000 ns	     40364	80008158	a0590853	fle.s	x16,f18,f5	 f18:0xcefff7e0  f5:0x80040d04 x16=0x00000001
     403695.000 ns	     40368	8000815c	111637d3	fmul.s	f15,f12,f17	 f12:0x3f1d0cf0 f17:0xce9d0cf0 f15=0xce40b1be
     403725.000 ns	     40371	80008160	29130ad3	fmin.s	f21,f6,f17	  f6:0x4e9d0cf0 f17:0xce9d0cf0 f21=0xce9d0cf0
     403745.000 ns	     40373	80008164	c5ece993	ori	x19,x25,-930	 x25:0x000007fc x19=0xfffffffe
     403755.000 ns	     40374	80008168	00b72db3	slt	x27,x14,x11	 x14:0x00000000 x11:0x80040b80 x27=0x00000000
     403775.000 ns	     40376	8000816c	02733833	mulhu	x16,x6,x7	  x6:0xfffffdc3  x7:0x00000000 x16=0x00000000
     403805.000 ns	     40379	80008170	21f80453	fsgnj.s	f8,f16,f31	 f16:0xce9d0cf0 f31:0xcfbffde8  f8=0xce9d0cf0
     403845.000 ns	     40383	80008174	580822d3	fsqrt.s	f5,f16	 f16:0xce9d0cf0  f5=0x7fc00000
     403865.000 ns	     40385	80008178	00a7a9b3	slt	x19,x15,x10	 x15:0x4e9d0cf0 x10:0xfffffc81 x19=0x00000000
     403895.000 ns	     40388	8000817c	10a81253	fmul.s	f4,f16,f10	 f16:0xce9d0cf0 f10:0x44f16000  f4=0xd4141412
     403915.000 ns	     40390	80008180	00a94bb3	xor	x23,x18,x10	 x18:0x00000001 x10:0xfffffc81 x23=0xfffffc80
     403935.000 ns	     40392	80008184	29120a53	fmin.s	f20,f4,f17	  f4:0xd4141412 f17:0xce9d0cf0 f20=0xd4141412
     403985.000 ns	     40397	80008188	01240d53	fadd.s	f26,f8,f18	  f8:0xce9d0cf0 f18:0xcefff7e0 f26=0xcf4e8268
     404015.000 ns	     40400	8000818c	f00c02d3	fmv.w.x	f5,x24	 x24:0x00000000  f5=0x00000000
     404045.000 ns	     40403	80008190	02267533	remu	x10,x12,x2	 x12:0x80040fe4  x2:0x00000000 x10=0x80040fe4
     404065.000 ns	     40405	80008194	bd028bb7	lui	x23,0xbd028	 x23=0xbd028000
     404085.000 ns	     40407	80008198	03b8b133	mulhu	x2,x17,x27	 x17:0x00000000 x27:0x00000000  x2=0x00000000
     404115.000 ns	     40410	8000819c	02203033	mulhu	x0,x0,x2	  x0:0x00000000  x2:0x00000000
     404135.000 ns	     40412	800081a0	d91e5597	auipc	x11,0xd91e5	 x11=0x591ed1a0
     404155.000 ns	     40414	800081a4	212185d3	fsgnj.s	f11,f3,f18	  f3:0x00000000 f18:0xcefff7e0 f11=0x80000000
     404175.000 ns	     40416	800081a8	241dd437	lui	x8,0x241dd	  x8=0x241dd000
     404185.000 ns	     40417	800081ac	016c2b33	slt	x22,x24,x22	 x24:0x00000000 x22:0x00000000 x22=0x00000000
     404195.000 ns	     40418	800081b0	41bd8033	sub	x0,x27,x27	 x27:0x00000000 x27:0x00000000
     404205.000 ns	     40419	800081b4	00f7e533	or	x10,x15,x15	 x15:0x4e9d0cf0 x15:0x4e9d0cf0 x10=0x4e9d0cf0
     404215.000 ns	     40420	800081b8	01af5133	srl	x2,x30,x26	 x30:0x00000000 x26:0x00000000  x2=0x00000000
     404235.000 ns	     40422	800081bc	d0184153	fcvt.s.wu	f2,x16	 x16:0x00000000  f2=0x00000000
     404255.000 ns	     40424	800081c0	01077c33	and	x24,x14,x16	 x14:0x00000000 x16:0x00000000 x24=0x00000000
     404275.000 ns	     40426	800081c4	c00d2a53	fcvt.w.s	x20,f26	 f26:0xcf4e8268 x20=0x80000000
     404645.000 ns	     40463	800081c8	0352d8b3	divu	x17,x5,x21	  x5:0x00000000 x21:0x00000001 x17=0x00000000
     404665.000 ns	     40465	800081cc	01f6afb3	slt	x31,x13,x31	 x13:0x00000000 x31:0x000003b6 x31=0x00000001
     404685.000 ns	     40467	800081d0	e00384d3	fmv.x.w	x9,f7	  f7:0x7fc00000  x9=0x7fc00000
     404705.000 ns	     40469	800081d4	40015713	srai	x14,x2,0x0	  x2:0x00000000 x14=0x00000000
     404715.000 ns	     40470	800081d8	00c39cb3	sll	x25,x7,x12	  x7:0x00000000 x12:0x80040fe4 x25=0x00000000
     404725.000 ns	     40471	800081dc	b80ce393	ori	x7,x25,-1152	 x25:0x000007fc  x7=0xfffffb80
     404735.000 ns	     40472	800081e0	01595493	srli	x9,x18,0x15	 x18:0x00000001  x9=0x00000000
     404745.000 ns	     40473	800081e4	01f59cb3	sll	x25,x11,x31	 x11:0x591ed1a0 x31:0x00000001 x25=0xb23da340
     404765.000 ns	     40475	800081e8	f00505d3	fmv.w.x	f11,x10	 x10:0x4e9d0cf0 f11=0x4e9d0cf0
     404795.000 ns	     40478	800081ec	a03519d3	flt.s	x19,f10,f3	 f10:0x44f16000  f3:0x00000000 x19=0x00000000
     404825.000 ns	     40481	800081f0	e00896d3	fclass.s	x13,f17	 f17:0xce9d0cf0 x13=0x00000002
     404845.000 ns	     40483	800081f4	0301bd37	lui	x26,0x301b	 x26=0x0301b000
     404865.000 ns	     40485	800081f8	21832ad3	fsgnjx.s	f21,f6,f24	  f6:0x4e9d0cf0 f24:0x7fc00000 f21=0x4e9d0cf0
     404885.000 ns	     40487	800081fc	00105713	srli	x14,x0,0x1	  x0:0x00000000 x14=0x00000000
     404895.000 ns	     40488	80008200	00ab9f93	slli	x31,x23,0xa	 x23:0xbd028000 x31=0x0a000000
     404905.000 ns	     40489	80008204	0052bfb3	sltu	x31,x5,x5	  x5:0x00000000  x5:0x00000000 x31=0x00000000
     404915.000 ns	     40490	80008208	1e864f13	xori	x30,x12,488	 x12:0x80040fe4 x30=0x80040e0c
     404935.000 ns	     40492	8000820c	03ec1bb3	mulh	x23,x24,x30	 x24:0x00000000 x30:0x00000000 x23=0x00000000
     404975.000 ns	     40496	80008210	185972d3	fdiv.s	f5,f18,f5	 f18:0xcefff7e0  f5:0x00000000  f5=0xff800000
     405005.000 ns	     40499	80008214	f00201d3	fmv.w.x	f3,x4	  x4:0x80041024  f3=0x80041024
     405025.000 ns	     40501	80008218	007cd833	srl	x16,x25,x7	 x25:0xb23da340  x7:0xfffffb80 x16=0xb23da340
     405045.000 ns	     40503	8000821c	21e31253	fsgnjn.s	f4,f6,f30	  f6:0x4e9d0cf0 f30:0x00000000  f4=0xce9d0cf0
     405065.000 ns	     40505	80008220	def22a37	lui	x20,0xdef22	 x20=0xdef22000
     405085.000 ns	     40507	80008224	293a9e53	fmax.s	f28,f21,f19	 f21:0x4e9d0cf0 f19:0x1f3abf04 f28=0x4e9d0cf0
     405105.000 ns	     40509	80008228	4047dd13	srai	x26,x15,0x4	 x15:0x4e9d0cf0 x26=0x04e9d0cf
     405135.000 ns	     40512	8000822c	102c71d3	fmul.s	f3,f24,f2	 f24:0x7fc00000  f2:0x00000000  f3=0x7fc00000
     405155.000 ns	     40514	80008230	01e11793	slli	x15,x2,0x1e	  x2:0x00000000 x15=0x00000000
     405515.000 ns	     40550	80008234	0249f4b3	remu	x9,x19,x4	 x19:0x00000000  x4:0x80041024  x9=0x00000000
     405535.000 ns	     40552	80008238	e0b4a313	slti	x6,x9,-501	  x9:0x00000000  x6=0x00000000
     405555.000 ns	     40554	8000823c	039a1333	mulh	x6,x20,x25	 x20:0xdef22000 x25:0xb23da340  x6=0x0a0a44dd
     405575.000 ns	     40556	80008240	804f6893	ori	x17,x30,-2044	 x30:0x80040e0c x17=0xfffffe0c
     405585.000 ns	     40557	80008244	01c7f5b3	and	x11,x15,x28	 x15:0x00000000 x28:0x00000007 x11=0x00000000
     405595.000 ns	     40558	80008248	00e38433	add	x8,x7,x14	  x7:0xfffffb80 x14:0x00000000  x8=0xfffffb80
     405615.000 ns	     40560	8000824c	211907d3	fsgnj.s	f15,f18,f17	 f18:0xcefff7e0 f17:0xce9d0cf0 f15=0xcefff7e0
     405645.000 ns	     40563	80008250	034fba33	mulhu	x20,x31,x20	 x31:0x00000000 x20:0xdef22000 x20=0x00000000
     405675.000 ns	     40566	80008254	02e7cfb3	div	x31,x15,x14	 x15:0x00000000 x14:0x00000000 x31=0xffffffff
     405695.000 ns	     40568	80008258	00801a33	sll	x20,x0,x8	  x0:0x00000000  x8:0xfffffb80 x20=0x00000000
     405705.000 ns	     40569	8000825c	44ffa093	slti	x1,x31,1103	 x31:0xffffffff  x1=0x00000001
     405725.000 ns	     40571	80008260	0261bdb3	mulhu	x27,x3,x6	  x3:0xb8cafbf7  x6:0x0a0a44dd x27=0x073f577a
     405745.000 ns	     40573	80008264	018f1513	slli	x10,x30,0x18	 x30:0x80040e0c x10=0x0c000000
     405765.000 ns	     40575	80008268	038bbab3	mulhu	x21,x23,x24	 x23:0x00000000 x24:0x00000000 x21=0x00000000
     405805.000 ns	     40579	8000826c	58087ed3	fsqrt.s	f29,f16	 f16:0xce9d0cf0 f29=0x7fc00000
     405835.000 ns	     40582	80008270	21792553	fsgnjx.s	f10,f18,f23	 f18:0xcefff7e0 f23:0x1f3abf04 f10=0xcefff7e0
     405865.000 ns	     40585	80008274	20638a53	fsgnj.s	f20,f7,f6	  f7:0x7fc00000  f6:0x4e9d0cf0 f20=0x7fc00000
     405895.000 ns	     40588	80008278	29310ed3	fmin.s	f29,f2,f19	  f2:0x00000000 f19:0x1f3abf04 f29=0x00000000
     406235.000 ns	     40622	8000827c	1965f153	fdiv.s	f2,f11,f22	 f11:0x4e9d0cf0 f22:0xcefff7e0  f2=0xbf1d0cf0
     406265.000 ns	     40625	80008280	c0137ed3	fcvt.wu.s	x29,f6	  f6:0x4e9d0cf0 x29=0x4e867800
     406285.000 ns	     40627	80008284	0151de93	srli	x29,x3,0x15	  x3:0xb8cafbf7 x29=0x000005c6
     406305.000 ns	     40629	80008288	218b0153	fsgnj.s	f2,f22,f24	 f22:0xcefff7e0 f24:0x7fc00000  f2=0x4efff7e0
     406325.000 ns	     40631	8000828c	01f05b13	srli	x22,x0,0x1f	  x0:0x00000000 x22=0x00000000
     406335.000 ns	     40632	80008290	40a6d2b3	sra	x5,x13,x10	 x13:0x00000002 x10:0x0c000000  x5=0x00000002
     406365.000 ns	     40635	80008294	10b54653	fmul.s	f12,f10,f11	 f10:0xcefff7e0 f11:0x4e9d0cf0 f12=0xde1d07f4
     406385.000 ns	     40637	80008298	01bc8db3	add	x27,x25,x27	 x25:0xb23da340 x27:0x073f577a x27=0xb97cfaba
     406405.000 ns	     40639	8000829c	c01ff753	fcvt.wu.s	x14,f31	 f31:0xcfbffde8 x14=0x00000000
     406455.000 ns	     40644	800082a0	0870add3	fsub.s	f27,f1,f7	  f1:0xce9d0cf0  f7:0x7fc00000 f27=0x7fc00000
     406485.000 ns	     40647	800082a4	21739dd3	fsgnjn.s	f27,f7,f23	  f7:0x7fc00000 f23:0x1f3abf04 f27=0xffc00000
     406515.000 ns	     40650	800082a8	284582d3	fmin.s	f5,f11,f4	 f11:0x4e9d0cf0  f4:0xce9d0cf0  f5=0xce9d0cf0
     406535.000 ns	     40652	800082ac	0076a1b3	slt	x3,x13,x7	 x13:0x00000002  x7:0xfffffb80  x3=0x00000000
     406555.000 ns	     40654	800082b0	d01d2fd3	fcvt.s.wu	f31,x26	 x26:0x04e9d0cf f31=0x4c9d3a1a
     406575.000 ns	     40656	800082b4	0183bb33	sltu	x22,x7,x24	  x7:0xfffffb80 x24:0x00000000 x22=0x00000000
     406605.000 ns	     40659	800082b8	11780d53	fmul.s	f26,f16,f23	 f16:0xce9d0cf0 f23:0x1f3abf04 f26=0xae65212a
     406635.000 ns	     40662	800082bc	20bd28d3	fsgnjx.s	f17,f26,f11	 f26:0xcf4e8268 f11:0x4e9d0cf0 f17=0xae65212a
     406665.000 ns	     40665	800082c0	c011f6d3	fcvt.wu.s	x13,f3	  f3:0x7fc00000 x13=0xffffffff
     406695.000 ns	     40668	800082c4	c01c0cd3	fcvt.wu.s	x25,f24	 f24:0x7fc00000 x25=0xffffffff
     406715.000 ns	     40670	800082c8	0120e7b3	or	x15,x1,x18	  x1:0x00000001 x18:0x00000001 x15=0x00000001
     406735.000 ns	     40672	800082cc	e0078353	fmv.x.w	x6,f15	 f15:0xcefff7e0  x6=0xcefff7e0
     406755.000 ns	     40674	800082d0	2bbf8297	auipc	x5,0x2bbf8	  x5=0xabc002d0
     406765.000 ns	     40675	800082d4	41905013	srai	x0,x0,0x19	  x0:0x00000000
     406775.000 ns	     40676	800082d8	402bd733	sra	x14,x23,x2	 x23:0x00000000  x2:0x00000000 x14=0x00000000
     406795.000 ns	     40678	800082dc	a1ae95d3	flt.s	x11,f29,f26	 f29:0x00000000 f26:0xae65212a x11=0x00000000
     406825.000 ns	     40681	800082e0	e0090cd3	fmv.x.w	x25,f18	 f18:0xcefff7e0 x25=0xcefff7e0
     406845.000 ns	     40683	800082e4	3fa4c293	xori	x5,x9,1018	  x9:0x00000000  x5=0x000003fa
     406855.000 ns	     40684	800082e8	01fad3b3	srl	x7,x21,x31	 x21:0x00000000 x31:0xffffffff  x7=0x00000000
     406875.000 ns	     40686	800082ec	e00617d3	fclass.s	x15,f12	 f12:0xde1d07f4 x15=0x00000002
     406895.000 ns	     40688	800082f0	c1c5e513	ori	x10,x11,-996	 x11:0x00000000 x10=0xfffffc1c
     407255.000 ns	     40724	800082f4	02a84c33	div	x24,x16,x10	 x16:0xb23da340 x10:0x0c000000 x24=0x0013fc7e
     407285.000 ns	     40727	800082f8	a112af53	feq.s	x30,f5,f17	  f5:0xce9d0cf0 f17:0xae65212a x30=0x00000000
     407305.000 ns	     40729	800082fc	005554b3	srl	x9,x10,x5	 x10:0xfffffc1c  x5:0x000003fa  x9=0x0000003f
     407335.000 ns	     40732	80008300	580a29d3	fsqrt.s	f19,f20	 f20:0x7fc00000 f19=0x7fc00000
     407355.000 ns	     40734	80008304	01549d93	slli	x27,x9,0x15	  x9:0x00000000 x27=0x07e00000
     407375.000 ns	     40736	80008308	a16492d3	flt.s	x5,f9,f22	  f9:0xb4f16000 f22:0xcefff7e0  x5=0x00000000
     407405.000 ns	     40739	8000830c	c00076d3	fcvt.w.s	x13,f0	  f0:0x4fbffde8 x13=0x7fffffff
     407435.000 ns	     40742	80008310	0272e2b3	rem	x5,x5,x7	  x5:0x00000000  x7:0x00000000  x5=0x00000000
     407465.000 ns	     40745	80008314	21482253	fsgnjx.s	f4,f16,f20	 f16:0xce9d0cf0 f20:0x7fc00000  f4=0xce9d0cf0
     407835.000 ns	     40782	80008318	039bd933	divu	x18,x23,x25	 x23:0x00000000 x25:0xcefff7e0 x18=0x00000000
     407865.000 ns	     40785	8000831c	02652f33	mulhsu	x30,x10,x6	 x10:0xfffffc1c  x6:0xcefff7e0 x30=0xfffffcda
     407885.000 ns	     40787	80008320	0059edb3	or	x27,x19,x5	 x19:0x00000000  x5:0x00000000 x27=0x00000000
     407895.000 ns	     40788	80008324	01f8b733	sltu	x14,x17,x31	 x17:0xfffffe0c x31:0xffffffff x14=0x00000001
     407915.000 ns	     40790	80008328	c00b15d3	fcvt.w.s	x11,f22	 f22:0xcefff7e0 x11=0x80041000
     407935.000 ns	     40792	8000832c	018d53b3	srl	x7,x26,x24	 x26:0x04e9d0cf x24:0x0013fc7e  x7=0x00000000
     407945.000 ns	     40793	80008330	1f76a037	lui	x0,0x1f76a	
     407965.000 ns	     40795	80008334	f0000f53	fmv.w.x	f30,x0	  x0:0x00000000 f30=0x00000000
     407985.000 ns	     40797	80008338	61c0f417	auipc	x8,0x61c0f	  x8=0xe1c17338
     408005.000 ns	     40799	8000833c	21c1a7d3	fsgnjx.s	f15,f3,f28	  f3:0x7fc00000 f28:0x4e9d0cf0 f15=0x7fc00000
     408035.000 ns	     40802	80008340	0354bab3	mulhu	x21,x9,x21	  x9:0x0000003f x21:0x00000000 x21=0x00000000
     408055.000 ns	     40804	80008344	d90ceb13	ori	x22,x25,-624	 x25:0xcefff7e0 x22=0xfffffff0
     408065.000 ns	     40805	80008348	41200cb3	sub	x25,x0,x18	  x0:0x00000000 x18:0x00000000 x25=0x00000000
     408425.000 ns	     40841	8000834c	02aed7b3	divu	x15,x29,x10	 x29:0x000005c6 x10:0xfffffc1c x15=0x00000000
     408445.000 ns	     40843	80008350	01aa3bb3	sltu	x23,x20,x26	 x20:0x00000000 x26:0x04e9d0cf x23=0x00000001
     408455.000 ns	     40844	80008354	000de533	or	x10,x27,x0	 x27:0x00000000  x0:0x00000000 x10=0x00000000
     408485.000 ns	     40847	80008358	19e9f0d3	fdiv.s	f1,f19,f30	 f19:0x7fc00000 f30:0x00000000  f1=0x7fc00000
     408505.000 ns	     40849	8000835c	591a2393	slti	x7,x20,1425	 x20:0x00000000  x7=0x00000001
     408545.000 ns	     40853	80008360	00a02ed3	fadd.s	f29,f0,f10	  f0:0x4fbffde8 f10:0xcefff7e0 f29=0x4f7fffe0
     408565.000 ns	     40855	80008364	00bd1d13	slli	x26,x26,0xb	 x26:0x04e9d0cf x26=0x4e867800
     408585.000 ns	     40857	80008368	0356deb3	divu	x29,x13,x21	 x13:0x7fffffff x21:0x00000000 x29=0xffffffff
     408615.000 ns	     40860	8000836c	a0b02ad3	feq.s	x21,f0,f11	  f0:0x4fbffde8 f11:0x4e9d0cf0 x21=0x00000000
     408665.000 ns	     40865	80008370	08687a53	fsub.s	f20,f16,f6	 f16:0xce9d0cf0  f6:0x4e9d0cf0 f20=0xcf1d0cf0
     408695.000 ns	     40868	80008374	21620253	fsgnj.s	f4,f4,f22	  f4:0xce9d0cf0 f22:0xcefff7e0  f4=0xce9d0cf0
     408735.000 ns	     40872	80008378	11c9fc53	fmul.s	f24,f19,f28	 f19:0x7fc00000 f28:0x4e9d0cf0 f24=0x7fc00000
     408755.000 ns	     40874	8000837c	00000013	addi	x0,x0,0	  x0:0x00000000
     408775.000 ns	     40876	80008380	d015f4d3	fcvt.s.wu	f9,x11	 x11:0x80041000  f9=0x4f000410
     409145.000 ns	     40913	80008384	02ca6333	rem	x6,x20,x12	 x20:0x00000000 x12:0x80040fe4  x6=0x00000000
     409165.000 ns	     40915	80008388	00e6b9b3	sltu	x19,x13,x14	 x13:0x7fffffff x14:0x00000001 x19=0x00000000
     409185.000 ns	     40917	8000838c	203187d3	fsgnj.s	f15,f3,f3	  f3:0x7fc00000  f3:0x7fc00000 f15=0x7fc00000
     409215.000 ns	     40920	80008390	f00080d3	fmv.w.x	f1,x1	  x1:0x00000001  f1=0x00000001
     409255.000 ns	     40924	80008394	18fcc853	fdiv.s	f16,f25,f15	 f25:0xcefff7e0 f15:0x7fc00000 f16=0x7fc00000
     409285.000 ns	     40927	80008398	213eae53	fsgnjx.s	f28,f29,f19	 f29:0x4f7fffe0 f19:0x7fc00000 f28=0x4f7fffe0
     409315.000 ns	     40930	8000839c	29b41fd3	fmax.s	f31,f8,f27	  f8:0xce9d0cf0 f27:0xffc00000 f31=0xce9d0cf0
     409335.000 ns	     40932	800083a0	412b54b3	sra	x9,x22,x18	 x22:0xfffffff0 x18:0x00000000  x9=0xfffffff0
     409345.000 ns	     40933	800083a4	00000013	addi	x0,x0,0	  x0:0x00000000
     409365.000 ns	     40935	800083a8	21e42bd3	fsgnjx.s	f23,f8,f30	  f8:0xce9d0cf0 f30:0x00000000 f23=0xce9d0cf0
     409385.000 ns	     40937	800083ac	70fa2f13	slti	x30,x20,1807	 x20:0x00000000 x30=0x00000001
     409405.000 ns	     40939	800083b0	02c43fb3	mulhu	x31,x8,x12	  x8:0xe1c17338 x12:0x80040fe4 x31=0x70e44ea5
     409425.000 ns	     40941	800083b4	01d51413	slli	x8,x10,0x1d	 x10:0x00000000  x8=0x00000000
     409435.000 ns	     40942	800083b8	013397b3	sll	x15,x7,x19	  x7:0x00000001 x19:0x00000000 x15=0x00000001
     409445.000 ns	     40943	800083bc	00865913	srli	x18,x12,0x8	 x12:0x80040fe4 x18=0x0080040f
     409455.000 ns	     40944	800083c0	012109b3	add	x19,x2,x18	  x2:0x00000000 x18:0x00000000 x19=0x0080040f
     409465.000 ns	     40945	800083c4	59ee7b97	auipc	x23,0x59ee7	 x23=0xd9eef3c4
     409475.000 ns	     40946	800083c8	012207b3	add	x15,x4,x18	  x4:0x80041024 x18:0x0080040f x15=0x80841433
     409485.000 ns	     40947	800083cc	40cf5c33	sra	x24,x30,x12	 x30:0x00000001 x12:0x80040fe4 x24=0x00000000
     409505.000 ns	     40949	800083d0	024c1db3	mulh	x27,x24,x4	 x24:0x0013fc7e  x4:0x80041024 x27=0x00000000
     409525.000 ns	     40951	800083d4	005fd113	srli	x2,x31,0x5	 x31:0x70e44ea5  x2=0x03872275
     409545.000 ns	     40953	800083d8	297d0fd3	fmin.s	f31,f26,f23	 f26:0xae65212a f23:0xce9d0cf0 f31=0xce9d0cf0
     409575.000 ns	     40956	800083dc	02a763b3	rem	x7,x14,x10	 x14:0x00000001 x10:0x00000000  x7=0x00000001
     409595.000 ns	     40958	800083e0	b7546297	auipc	x5,0xb7546	  x5=0x3754e3e0
     409615.000 ns	     40960	800083e4	034e9db3	mulh	x27,x29,x20	 x29:0xffffffff x20:0x00000000 x27=0x00000000
     409635.000 ns	     40962	800083e8	00eda2b3	slt	x5,x27,x14	 x27:0x00000000 x14:0x00000001  x5=0x00000001
     409645.000 ns	     40963	800083ec	41f0d1b3	sra	x3,x1,x31	  x1:0x00000001 x31:0x70e44ea5  x3=0x00000000
     409655.000 ns	     40964	800083f0	a3390693	addi	x13,x18,-1485	 x18:0x0080040f x13=0x007ffe42
     409665.000 ns	     40965	800083f4	3fabb197	auipc	x3,0x3fabb	  x3=0xbfac33f4
     409675.000 ns	     40966	800083f8	40e8d4b3	sra	x9,x17,x14	 x17:0xfffffe0c x14:0x00000001  x9=0xffffff06
     409705.000 ns	     40969	800083fc	580bfdd3	fsqrt.s	f27,f23	 f23:0xce9d0cf0 f27=0x7fc00000
     409725.000 ns	     40971	80008400	01782533	slt	x10,x16,x23	 x16:0xb23da340 x23:0xd9eef3c4 x10=0x00000001
     409735.000 ns	     40972	80008404	01465ab3	srl	x21,x12,x20	 x12:0x80040fe4 x20:0x00000000 x21=0x80040fe4
     409745.000 ns	     40973	80008408	35fb6a13	ori	x20,x22,863	 x22:0xfffffff0 x20=0xffffffff
     409755.000 ns	     40974	8000840c	77622393	slti	x7,x4,1910	  x4:0x80041024  x7=0x00000001
     410115.000 ns	     41010	80008410	031f5033	divu	x0,x30,x17	 x30:0x00000001 x17:0xfffffe0c
     410165.000 ns	     41015	80008414	00203353	fadd.s	f6,f0,f2	  f0:0x4fbffde8  f2:0x4efff7e0  f6=0x4ffffbe0
     410195.000 ns	     41018	80008418	d00e2653	fcvt.s.w	f12,x28	 x28:0x00000007 f12=0x40e00000
     410225.000 ns	     41021	8000841c	03dfaab3	mulhsu	x21,x31,x29	 x31:0x70e44ea5 x29:0xffffffff x21=0x70e44ea4
     410595.000 ns	     41058	80008420	027d41b3	div	x3,x26,x7	 x26:0x4e867800  x7:0x00000001  x3=0x4e867800
     410625.000 ns	     41061	80008424	a0a7a453	feq.s	x8,f15,f10	 f15:0x7fc00000 f10:0xcefff7e0  x8=0x00000000
     410645.000 ns	     41063	80008428	01462bb3	slt	x23,x12,x20	 x12:0x80040fe4 x20:0xffffffff x23=0x00000001
     410665.000 ns	     41065	8000842c	02858c33	mul	x24,x11,x8	 x11:0x80041000  x8:0x00000000 x24=0x00000000
     410685.000 ns	     41067	80008430	0164d0b3	srl	x1,x9,x22	  x9:0xffffff06 x22:0xfffffff0  x1=0x0000ffff
     411045.000 ns	     41103	80008434	031b6033	rem	x0,x22,x17	 x22:0xfffffff0 x17:0xfffffe0c
     411065.000 ns	     41105	80008438	40158833	sub	x16,x11,x1	 x11:0x80041000  x1:0x00000001 x16=0x80031001
     411085.000 ns	     41107	8000843c	29071053	fmax.s	f0,f14,f16	 f14:0x80040d04 f16:0x7fc00000  f0=0x80040d04
     411125.000 ns	     41111	80008440	580216d3	fsqrt.s	f13,f4	  f4:0xce9d0cf0 f13=0x7fc00000
     411145.000 ns	     41113	80008444	5ef4ab97	auipc	x23,0x5ef4a	 x23=0xdef52444
     411155.000 ns	     41114	80008448	40a204b3	sub	x9,x4,x10	  x4:0x80041024 x10:0x00000001  x9=0x80041023
     411165.000 ns	     41115	8000844c	0abb8e93	addi	x29,x23,171	 x23:0x00000001 x29=0xdef524ef
     411205.000 ns	     41119	80008450	0910f853	fsub.s	f16,f1,f17	  f1:0x00000001 f17:0xae65212a f16=0x2e65212a
     411255.000 ns	     41124	80008454	0016fd53	fadd.s	f26,f13,f1	 f13:0x7fc00000  f1:0x00000001 f26=0x7fc00000
     411275.000 ns	     41126	80008458	0108db13	srli	x22,x17,0x10	 x17:0xfffffe0c x22=0x0000ffff
     411295.000 ns	     41128	8000845c	29d017d3	fmax.s	f15,f0,f29	  f0:0x80040d04 f29:0x4f7fffe0 f15=0x4f7fffe0
     411325.000 ns	     41131	80008460	03191ab3	mulh	x21,x18,x17	 x18:0x0080040f x17:0xfffffe0c x21=0xffffffff
     411345.000 ns	     41133	80008464	01f355b3	srl	x11,x6,x31	  x6:0x00000000 x31:0x70e44ea5 x11=0x00000000
     411365.000 ns	     41135	80008468	e0071053	fclass.s	x0,f14	 f14:0x80040d04
     411385.000 ns	     41137	8000846c	656e6d93	ori	x27,x28,1622	 x28:0x00000007 x27=0x00000657
     411395.000 ns	     41138	80008470	01e5c8b3	xor	x17,x11,x30	 x11:0x00000000 x30:0x00000001 x17=0x00000001
     411405.000 ns	     41139	80008474	0170f2b3	and	x5,x1,x23	  x1:0x0000ffff x23:0xdef52444  x5=0x00002444
     411415.000 ns	     41140	80008478	00064eb3	xor	x29,x12,x0	 x12:0x80040fe4  x0:0x00000000 x29=0x80040fe4
     411425.000 ns	     41141	8000847c	01841bb3	sll	x23,x8,x24	  x8:0x00000000 x24:0x00000000 x23=0x00000000
     411445.000 ns	     41143	80008480	03813fb3	mulhu	x31,x2,x24	  x2:0x03872275 x24:0x00000000 x31=0x00000000
     411465.000 ns	     41145	80008484	01315a13	srli	x20,x2,0x13	  x2:0x03872275 x20=0x00000070
     411825.000 ns	     41181	80008488	0212e433	rem	x8,x5,x1	  x5:0x00002444  x1:0x0000ffff  x8=0x00002444
     411855.000 ns	     41184	8000848c	f00e8153	fmv.w.x	f2,x29	 x29:0x80040fe4  f2=0x80040fe4
     412225.000 ns	     41221	80008490	02fd4533	div	x10,x26,x15	 x26:0x4e867800 x15:0x80841433 x10=0x00000000
     412255.000 ns	     41224	80008494	c0057ad3	fcvt.w.s	x21,f10	 f10:0xcefff7e0 x21=0x7ffbf000
     412625.000 ns	     41261	80008498	03e1f5b3	remu	x11,x3,x30	  x3:0x4e867800 x30:0x00000001 x11=0x00000000
     412675.000 ns	     41266	8000849c	00101cd3	fadd.s	f25,f0,f1	  f0:0x80040d04  f1:0x00000001 f25=0x80040d03
     413015.000 ns	     41300	800084a0	19457ad3	fdiv.s	f21,f10,f20	 f10:0xcefff7e0 f20:0xcf1d0cf0 f21=0x3efff7e0
     413035.000 ns	     41302	800084a4	7ce32097	auipc	x1,0x7ce32	  x1=0xfce3a4a4
     413055.000 ns	     41304	800084a8	21190cd3	fsgnj.s	f25,f18,f17	 f18:0xcefff7e0 f17:0xae65212a f25=0xcefff7e0
     413085.000 ns	     41307	800084ac	20db9e53	fsgnjn.s	f28,f23,f13	 f23:0xce9d0cf0 f13:0x7fc00000 f28=0xce9d0cf0
     413115.000 ns	     41310	800084b0	f00b8f53	fmv.w.x	f30,x23	 x23:0x00000000 f30=0x00000000
     413135.000 ns	     41312	800084b4	017a4333	xor	x6,x20,x23	 x20:0x00000070 x23:0x00000000  x6=0x00000070
     413155.000 ns	     41314	800084b8	e0049953	fclass.s	x18,f9	  f9:0x4f000410 x18=0x00000040
     413185.000 ns	     41317	800084bc	21ab0f53	fsgnj.s	f30,f22,f26	 f22:0xcefff7e0 f26:0x7fc00000 f30=0x4efff7e0
     413215.000 ns	     41320	800084c0	21bb0153	fsgnj.s	f2,f22,f27	 f22:0xcefff7e0 f27:0x7fc00000  f2=0x4efff7e0
     413235.000 ns	     41322	800084c4	1c376193	ori	x3,x14,451	 x14:0x00000001  x3=0x000001c3
     413245.000 ns	     41323	800084c8	005f9693	slli	x13,x31,0x5	 x31:0x00000000 x13=0x00000000
     413265.000 ns	     41325	800084cc	a1cc99d3	flt.s	x19,f25,f28	 f25:0xcefff7e0 f28:0xce9d0cf0 x19=0x00000001
     413295.000 ns	     41328	800084d0	e00313d3	fclass.s	x7,f6	  f6:0x4ffffbe0  x7=0x00000040
     413335.000 ns	     41332	800084d4	580ff1d3	fsqrt.s	f3,f31	 f31:0xce9d0cf0  f3=0x7fc00000
     413365.000 ns	     41335	800084d8	a1508ad3	fle.s	x21,f1,f21	  f1:0x00000001 f21:0x3efff7e0 x21=0x00000001
     413395.000 ns	     41338	800084dc	a0fb0053	fle.s	x0,f22,f15	 f22:0xcefff7e0 f15:0x4f7fffe0
     413415.000 ns	     41340	800084e0	41cd0433	sub	x8,x26,x28	 x26:0x4e867800 x28:0x00000007  x8=0x4e8677f9
     413425.000 ns	     41341	800084e4	1259a913	slti	x18,x19,293	 x19:0x00000001 x18=0x00000001
     413465.000 ns	     41345	800084e8	08e700d3	fsub.s	f1,f14,f14	 f14:0x80040d04 f14:0x80040d04  f1=0x00000000
     413495.000 ns	     41348	800084ec	21de9fd3	fsgnjn.s	f31,f29,f29	 f29:0x4f7fffe0 f29:0x4f7fffe0 f31=0xcf7fffe0
     413525.000 ns	     41351	800084f0	a07c9753	flt.s	x14,f25,f7	 f25:0xcefff7e0  f7:0x7fc00000 x14=0x00000000
     413555.000 ns	     41354	800084f4	d01b2253	fcvt.s.wu	f4,x22	 x22:0x0000ffff  f4=0x477fff00
     413585.000 ns	     41357	800084f8	c019c6d3	fcvt.wu.s	x13,f19	 f19:0x7fc00000 x13=0xffffffff
     413605.000 ns	     41359	800084fc	c47ca293	slti	x5,x25,-953	 x25:0x00000000  x5=0x00000000
     413615.000 ns	     41360	80008500	18c73b93	sltiu	x23,x14,396	 x14:0x00000000 x23=0x00000001
     413625.000 ns	     41361	80008504	40765c13	srai	x24,x12,0x7	 x12:0x80040fe4 x24=0xff00081f
     413645.000 ns	     41363	80008508	d00c2053	fcvt.s.w	f0,x24	 x24:0x00000000  f0=0xcb7ff7e1
     413665.000 ns	     41365	8000850c	002905b3	add	x11,x18,x2	 x18:0x00000001  x2:0x03872275 x11=0x03872276
     413685.000 ns	     41367	80008510	02585bb3	divu	x23,x16,x5	 x16:0x80031001  x5:0x00000000 x23=0xffffffff
     413705.000 ns	     41369	80008514	00c68833	add	x16,x13,x12	 x13:0xffffffff x12:0x80040fe4 x16=0x80040fe3
     413745.000 ns	     41373	80008518	08950353	fsub.s	f6,f10,f9	 f10:0xcefff7e0  f9:0x4f000410  f6=0xcf800000
     413765.000 ns	     41375	8000851c	9f36ef13	ori	x30,x13,-1549	 x13:0xffffffff x30=0xffffffff
     413775.000 ns	     41376	80008520	b3cf8b13	addi	x22,x31,-1220	 x31:0x00000000 x22=0xfffffb3c
     413785.000 ns	     41377	80008524	00035793	srli	x15,x6,0x0	  x6:0x00000070 x15=0x00000070
     413795.000 ns	     41378	80008528	41738133	sub	x2,x7,x23	  x7:0x00000040 x23:0xffffffff  x2=0x00000041
     413815.000 ns	     41380	8000852c	28890453	fmin.s	f8,f18,f8	 f18:0xcefff7e0  f8:0xce9d0cf0  f8=0xcefff7e0
     413845.000 ns	     41383	80008530	e0071753	fclass.s	x14,f14	 f14:0x80040d04 x14=0x00000004
     414215.000 ns	     41420	80008534	031e6eb3	rem	x29,x28,x17	 x28:0x00000007 x17:0x00000001 x29=0x00000000
     414265.000 ns	     41425	80008538	093f7b53	fsub.s	f22,f30,f19	 f30:0x4efff7e0 f19:0x7fc00000 f22=0x7fc00000
     414285.000 ns	     41427	8000853c	00ad9bb3	sll	x23,x27,x10	 x27:0x00000657 x10:0x00000000 x23=0x00000657
     414295.000 ns	     41428	80008540	5d1fec93	ori	x25,x31,1489	 x31:0x00000000 x25=0x000005d1
     414305.000 ns	     41429	80008544	406dd993	srai	x19,x27,0x6	 x27:0x00000657 x19=0x00000019
     414325.000 ns	     41431	80008548	e0011053	fclass.s	x0,f2	  f2:0x4efff7e0
     414355.000 ns	     41434	8000854c	211712d3	fsgnjn.s	f5,f14,f17	 f14:0x80040d04 f17:0xae65212a  f5=0x00040d04
     414385.000 ns	     41437	80008550	025e9bb3	mulh	x23,x29,x5	 x29:0x00000000  x5:0x00000000 x23=0x00000000
     414405.000 ns	     41439	80008554	5bc3ff13	andi	x30,x7,1468	  x7:0x00000040 x30=0x00000000
     414415.000 ns	     41440	80008558	2ce4b597	auipc	x11,0x2ce4b	 x11=0xace53558
     414435.000 ns	     41442	8000855c	0284b9b3	mulhu	x19,x9,x8	  x9:0x80041023  x8:0x4e8677f9 x19=0x27447b09
     414455.000 ns	     41444	80008560	84da8a13	addi	x20,x21,-1971	 x21:0x00000001 x20=0xfffff84e
     414495.000 ns	     41448	80008564	08409fd3	fsub.s	f31,f1,f4	  f1:0x00000000  f4:0x477fff00 f31=0xc77fff00
     414525.000 ns	     41451	80008568	d01040d3	fcvt.s.wu	f1,x0	  x0:0x00000000  f1=0x00000000
     414555.000 ns	     41454	8000856c	03e45533	divu	x10,x8,x30	  x8:0x4e8677f9 x30:0x00000000 x10=0xffffffff
     414585.000 ns	     41457	80008570	a08c81d3	fle.s	x3,f25,f8	 f25:0xcefff7e0  f8:0xcefff7e0  x3=0x00000001
     414615.000 ns	     41460	80008574	28bb83d3	fmin.s	f7,f23,f11	 f23:0xce9d0cf0 f11:0x4e9d0cf0  f7=0xce9d0cf0
     414645.000 ns	     41463	80008578	e00097d3	fclass.s	x15,f1	  f1:0x00000000 x15=0x00000010
     414675.000 ns	     41466	8000857c	21862cd3	fsgnjx.s	f25,f12,f24	 f12:0x40e00000 f24:0x7fc00000 f25=0x40e00000
     414725.000 ns	     41471	80008580	012ff653	fadd.s	f12,f31,f18	 f31:0xc77fff00 f18:0xcefff7e0 f12=0xcefff9df
     414745.000 ns	     41473	80008584	ee16ac13	slti	x24,x13,-287	 x13:0xffffffff x24=0x00000000
     414765.000 ns	     41475	80008588	d01d3bd3	fcvt.s.wu	f23,x26	 x26:0x4e867800 f23=0x4e9d0cf0
     414795.000 ns	     41478	8000858c	a1772ed3	feq.s	x29,f14,f23	 f14:0x80040d04 f23:0xce9d0cf0 x29=0x00000000
     414825.000 ns	     41481	80008590	03fc08b3	mul	x17,x24,x31	 x24:0x00000000 x31:0x00000000 x17=0x00000000
     414855.000 ns	     41484	80008594	214f1cd3	fsgnjn.s	f25,f30,f20	 f30:0x4efff7e0 f20:0xcf1d0cf0 f25=0x4efff7e0
     414875.000 ns	     41486	80008598	87192813	slti	x16,x18,-1935	 x18:0x00000001 x16=0x00000000
     414885.000 ns	     41487	8000859c	6a323093	sltiu	x1,x4,1699	  x4:0x80041024  x1=0x00000000
     414905.000 ns	     41489	800085a0	292c0ad3	fmin.s	f21,f24,f18	 f24:0x7fc00000 f18:0xcefff7e0 f21=0xcefff7e0
     414925.000 ns	     41491	800085a4	40f98d33	sub	x26,x19,x15	 x19:0x27447b09 x15:0x00000010 x26=0x27447af9
     414935.000 ns	     41492	800085a8	016d01b3	add	x3,x26,x22	 x26:0x4e867800 x22:0xfffffb3c  x3=0x27447635
     414945.000 ns	     41493	800085ac	7ac60b37	lui	x22,0x7ac60	 x22=0x7ac60000
     414955.000 ns	     41494	800085b0	a19cbeb7	lui	x29,0xa19cb	 x29=0xa19cb000
     414985.000 ns	     41497	800085b4	102c8e53	fmul.s	f28,f25,f2	 f25:0x4efff7e0  f2:0x4efff7e0 f28=0x5e7fefc0
     415005.000 ns	     41499	800085b8	0987a413	slti	x8,x15,152	 x15:0x00000010  x8=0x00000001
     415025.000 ns	     41501	800085bc	d01f96d3	fcvt.s.wu	f13,x31	 x31:0x00000000 f13=0x00000000
     415055.000 ns	     41504	800085c0	21b48253	fsgnj.s	f4,f9,f27	  f9:0x4f000410 f27:0x7fc00000  f4=0x4f000410
     415085.000 ns	     41507	800085c4	29c888d3	fmin.s	f17,f17,f28	 f17:0xae65212a f28:0x5e7fefc0 f17=0xae65212a
     415105.000 ns	     41509	800085c8	8ba1a097	auipc	x1,0x8ba1a	  x1=0x0ba225c8
     415125.000 ns	     41511	800085cc	2179afd3	fsgnjx.s	f31,f19,f23	 f19:0x7fc00000 f23:0x4e9d0cf0 f31=0x7fc00000
     415145.000 ns	     41513	800085d0	41808db3	sub	x27,x1,x24	  x1:0x00000000 x24:0x00000000 x27=0x0ba225c8
     415165.000 ns	     41515	800085d4	20bd84d3	fsgnj.s	f9,f27,f11	 f27:0x7fc00000 f11:0x4e9d0cf0  f9=0x7fc00000
     415195.000 ns	     41518	800085d8	031497b3	mulh	x15,x9,x17	  x9:0x80041023 x17:0x00000000 x15=0x00000000
     415225.000 ns	     41521	800085dc	02408133	mul	x2,x1,x4	  x1:0x0ba225c8  x4:0x80041024  x2=0x5c49d020
     415255.000 ns	     41524	800085e0	03c20bb3	mul	x23,x4,x28	  x4:0x80041024 x28:0x00000007 x23=0x801c70fc
     415285.000 ns	     41527	800085e4	d0091fd3	fcvt.s.w	f31,x18	 x18:0x00000001 f31=0x3f800000
     415305.000 ns	     41529	800085e8	803f0e93	addi	x29,x30,-2045	 x30:0x00000000 x29=0xfffff803
     415325.000 ns	     41531	800085ec	034a3ab3	mulhu	x21,x20,x20	 x20:0xfffff84e x20:0xfffff84e x21=0xfffff09c
     415345.000 ns	     41533	800085f0	01c0dc93	srli	x25,x1,0x1c	  x1:0x0ba225c8 x25=0x00000000
     415355.000 ns	     41534	800085f4	0193d333	srl	x6,x7,x25	  x7:0x00000040 x25:0x000005d1  x6=0x00000040
     415375.000 ns	     41536	800085f8	207e2553	fsgnjx.s	f10,f28,f7	 f28:0x5e7fefc0  f7:0xce9d0cf0 f10=0xde7fefc0
     415395.000 ns	     41538	800085fc	01248033	add	x0,x9,x18	  x9:0x80041023 x18:0x00000001
     415415.000 ns	     41540	80008600	29be0ed3	fmin.s	f29,f28,f27	 f28:0x5e7fefc0 f27:0x7fc00000 f29=0x5e7fefc0
     415435.000 ns	     41542	80008604	4e852393	slti	x7,x10,1256	 x10:0xffffffff  x7=0x00000001
     415445.000 ns	     41543	80008608	41835a93	srai	x21,x6,0x18	  x6:0x00000040 x21=0x00000000
     415465.000 ns	     41545	8000860c	0250cf33	div	x30,x1,x5	  x1:0x0ba225c8  x5:0x00000000 x30=0xffffffff
     415485.000 ns	     41547	80008610	0344bb93	sltiu	x23,x9,52	  x9:0x80041023 x23=0x00000000
     415495.000 ns	     41548	80008614	01ebffb3	and	x31,x23,x30	 x23:0x801c70fc x30:0xffffffff x31=0x00000000
     415515.000 ns	     41550	80008618	d00a2cd3	fcvt.s.w	f25,x20	 x20:0xfffff84e f25=0xc4f64000
     415545.000 ns	     41553	8000861c	21b90453	fsgnj.s	f8,f18,f27	 f18:0xcefff7e0 f27:0x7fc00000  f8=0x4efff7e0
     415565.000 ns	     41555	80008620	00b5c6b3	xor	x13,x11,x11	 x11:0xace53558 x11:0xace53558 x13=0x00000000
     415575.000 ns	     41556	80008624	0180ec33	or	x24,x1,x24	  x1:0x0ba225c8 x24:0x00000000 x24=0x0ba225c8
     415615.000 ns	     41560	80008628	08b949d3	fsub.s	f19,f18,f11	 f18:0xcefff7e0 f11:0x4e9d0cf0 f19=0xcf4e8268
     415645.000 ns	     41563	8000862c	d01cf753	fcvt.s.wu	f14,x25	 x25:0x00000000 f14=0x00000000
     415675.000 ns	     41566	80008630	031f1b33	mulh	x22,x30,x17	 x30:0xffffffff x17:0x00000000 x22=0x00000000
     415705.000 ns	     41569	80008634	a1f22c53	feq.s	x24,f4,f31	  f4:0x4f000410 f31:0x3f800000 x24=0x00000000
     416075.000 ns	     41606	80008638	028ac3b3	div	x7,x21,x8	 x21:0x00000000  x8:0x00000001  x7=0x00000000
     416095.000 ns	     41608	8000863c	00000013	addi	x0,x0,0	  x0:0x00000000
     416115.000 ns	     41610	80008640	20871953	fsgnjn.s	f18,f14,f8	 f14:0x00000000  f8:0x4efff7e0 f18=0x80000000
     416135.000 ns	     41612	80008644	4031df93	srai	x31,x3,0x3	  x3:0x27447635 x31=0x04e88ec6
     416495.000 ns	     41648	80008648	03fffc33	remu	x24,x31,x31	 x31:0x00000000 x31:0x00000000 x24=0x00000000
     416515.000 ns	     41650	8000864c	9bf46d13	ori	x26,x8,-1601	  x8:0x00000001 x26=0xfffff9bf
     416535.000 ns	     41652	80008650	d00b4c53	fcvt.s.w	f24,x22	 x22:0x00000000 f24=0x00000000
     416565.000 ns	     41655	80008654	a17591d3	flt.s	x3,f11,f23	 f11:0x4e9d0cf0 f23:0x4e9d0cf0  x3=0x00000000
     416585.000 ns	     41657	80008658	007a1c33	sll	x24,x20,x7	 x20:0xfffff84e  x7:0x00000000 x24=0xfffff84e
     416595.000 ns	     41658	8000865c	22604513	xori	x10,x0,550	  x0:0x00000000 x10=0x00000226
     416615.000 ns	     41660	80008660	d00dc6d3	fcvt.s.w	f13,x27	 x27:0x0ba225c8 f13=0x4d3a225d
     416645.000 ns	     41663	80008664	296e07d3	fmin.s	f15,f28,f22	 f28:0x5e7fefc0 f22:0x7fc00000 f15=0x5e7fefc0
     416665.000 ns	     41665	80008668	de278d93	addi	x27,x15,-542	 x15:0x00000000 x27=0xfffffde2
     416675.000 ns	     41666	8000866c	49858113	addi	x2,x11,1176	 x11:0xace53558  x2=0xace539f0
     417035.000 ns	     41702	80008670	0344c8b3	div	x17,x9,x20	  x9:0x80041023 x20:0xfffff84e x17=0x0010a1a6
     417055.000 ns	     41704	80008674	40960033	sub	x0,x12,x9	 x12:0x80040fe4  x9:0x80041023
     417075.000 ns	     41706	80008678	c013f053	fcvt.wu.s	x0,f7	  f7:0xce9d0cf0
     417445.000 ns	     41743	8000867c	03f16833	rem	x16,x2,x31	  x2:0xace539f0 x31:0x04e88ec6 x16=0xfb6e2650
     417465.000 ns	     41745	80008680	cd334db7	lui	x27,0xcd334	 x27=0xcd334000
     417475.000 ns	     41746	80008684	bb82c113	xori	x2,x5,-1096	  x5:0x00000000  x2=0xfffffbb8
     417485.000 ns	     41747	80008688	4061de93	srai	x29,x3,0x6	  x3:0x00000000 x29=0x00000000
     417495.000 ns	     41748	8000868c	019ba933	slt	x18,x23,x25	 x23:0x00000000 x25:0x00000000 x18=0x00000000
     417505.000 ns	     41749	80008690	1c766897	auipc	x17,0x1c766	 x17=0x9c76e690
     417525.000 ns	     41751	80008694	d003f853	fcvt.s.w	f16,x7	  x7:0x00000000 f16=0x00000000
     417545.000 ns	     41753	80008698	01d083b3	add	x7,x1,x29	  x1:0x0ba225c8 x29:0x00000000  x7=0x0ba225c8
     417555.000 ns	     41754	8000869c	c9b60f93	addi	x31,x12,-869	 x12:0x80040fe4 x31=0x80040c7f
     417565.000 ns	     41755	800086a0	00c8f9b3	and	x19,x17,x12	 x17:0x9c76e690 x12:0x80040fe4 x19=0x80040680
     417585.000 ns	     41757	800086a4	a0dfa453	feq.s	x8,f31,f13	 f31:0x3f800000 f13:0x4d3a225d  x8=0x00000000
     417615.000 ns	     41760	800086a8	e0069bd3	fclass.s	x23,f13	 f13:0x4d3a225d x23=0x00000040
     417645.000 ns	     41763	800086ac	02b20fb3	mul	x31,x4,x11	  x4:0x80041024 x11:0xace53558 x31=0x78f10060
     417675.000 ns	     41766	800086b0	02cc9b33	mulh	x22,x25,x12	 x25:0x00000000 x12:0x80040fe4 x22=0x00000000
     417695.000 ns	     41768	800086b4	a8593b93	sltiu	x23,x18,-1403	 x18:0x00000000 x23=0x00000001
     417715.000 ns	     41770	800086b8	28b79753	fmax.s	f14,f15,f11	 f15:0x5e7fefc0 f11:0x4e9d0cf0 f14=0x5e7fefc0
     417735.000 ns	     41772	800086bc	000d9c33	sll	x24,x27,x0	 x27:0xcd334000  x0:0x00000000 x24=0xcd334000
     417775.000 ns	     41776	800086c0	086335d3	fsub.s	f11,f6,f6	  f6:0xcf800000  f6:0xcf800000 f11=0x00000000
     417815.000 ns	     41780	800086c4	58001e53	fsqrt.s	f28,f0	  f0:0xcb7ff7e1 f28=0x7fc00000
     417845.000 ns	     41783	800086c8	a1d88ed3	fle.s	x29,f17,f29	 f17:0xae65212a f29:0x5e7fefc0 x29=0x00000001
     417885.000 ns	     41787	800086cc	11327ed3	fmul.s	f29,f4,f19	  f4:0x4f000410 f19:0xcf4e8268 f29=0xdece88f6
     417905.000 ns	     41789	800086d0	11434713	xori	x14,x6,276	  x6:0x00000040 x14=0x00000154
     417925.000 ns	     41791	800086d4	21f31253	fsgnjn.s	f4,f6,f31	  f6:0xcf800000 f31:0x3f800000  f4=0xcf800000
     417955.000 ns	     41794	800086d8	03b928b3	mulhsu	x17,x18,x27	 x18:0x00000000 x27:0xcd334000 x17=0x00000000
     417975.000 ns	     41796	800086dc	01bfd0b3	srl	x1,x31,x27	 x31:0x78f10060 x27:0xcd334000  x1=0x78f10060
     417985.000 ns	     41797	800086e0	9e813293	sltiu	x5,x2,-1560	  x2:0xfffffbb8  x5=0x00000000
     418005.000 ns	     41799	800086e4	028d7433	remu	x8,x26,x8	 x26:0xfffff9bf  x8:0x00000000  x8=0xfffff9bf
     418025.000 ns	     41801	800086e8	40440033	sub	x0,x8,x4	  x8:0x00000000  x4:0x80041024
     418045.000 ns	     41803	800086ec	03509cb3	mulh	x25,x1,x21	  x1:0x78f10060 x21:0x00000000 x25=0x00000000
     418065.000 ns	     41805	800086f0	01900133	add	x2,x0,x25	  x0:0x00000000 x25:0x00000000  x2=0x00000000
     418085.000 ns	     41807	800086f4	02ecb2b3	mulhu	x5,x25,x14	 x25:0x00000000 x14:0x00000154  x5=0x00000000
     418105.000 ns	     41809	800086f8	00000013	addi	x0,x0,0	  x0:0x00000000
     418125.000 ns	     41811	800086fc	c01af8d3	fcvt.wu.s	x17,f21	 f21:0xcefff7e0 x17=0x7ffbf000
     418155.000 ns	     41814	80008700	a0722d53	feq.s	x26,f4,f7	  f4:0xcf800000  f7:0xce9d0cf0 x26=0x00000000
     418195.000 ns	     41818	80008704	11b879d3	fmul.s	f19,f16,f27	 f16:0x00000000 f27:0x7fc00000 f19=0x7fc00000
     418565.000 ns	     41855	80008708	028848b3	div	x17,x16,x8	 x16:0xfb6e2650  x8:0xfffff9bf x17=0x0000bb0f
     418585.000 ns	     41857	8000870c	4064d133	sra	x2,x9,x6	  x9:0x80041023  x6:0x00000040  x2=0x80041023
     418605.000 ns	     41859	80008710	02651b33	mulh	x22,x10,x6	 x10:0x00000226  x6:0x00000040 x22=0x00000000
     418635.000 ns	     41862	80008714	02709033	mulh	x0,x1,x7	  x1:0x78f10060  x7:0x0ba225c8
     418665.000 ns	     41865	80008718	a188a153	feq.s	x2,f17,f24	 f17:0xae65212a f24:0x00000000  x2=0x00000000
     418695.000 ns	     41868	8000871c	d0107cd3	fcvt.s.wu	f25,x0	  x0:0x00000000 f25=0x00000000
     418725.000 ns	     41871	80008720	c010aed3	fcvt.wu.s	x29,f1	  f1:0x00000000 x29=0x00000000
     418745.000 ns	     41873	80008724	01717eb3	and	x29,x2,x23	  x2:0x00000000 x23:0x00000001 x29=0x00000000
     418755.000 ns	     41874	80008728	853f8493	addi	x9,x31,-1965	 x31:0x78f10060  x9=0x78f0f8b3
     418765.000 ns	     41875	8000872c	41988833	sub	x16,x17,x25	 x17:0x0000bb0f x25:0x00000000 x16=0x0000bb0f
     418775.000 ns	     41876	80008730	0102b333	sltu	x6,x5,x16	  x5:0x00000000 x16:0xfb6e2650  x6=0x00000001
     418785.000 ns	     41877	80008734	11ce3e93	sltiu	x29,x28,284	 x28:0x00000007 x29=0x00000001
     418795.000 ns	     41878	80008738	80e67b93	andi	x23,x12,-2034	 x12:0x80040fe4 x23=0x80040804
     418805.000 ns	     41879	8000873c	0160bdb3	sltu	x27,x1,x22	  x1:0x78f10060 x22:0x00000000 x27=0x00000000
     419975.000 ns	     41996	80008740	580449d3	fsqrt.s	f19,f8	  f8:0x4efff7e0 f19=0x473501cc
     419995.000 ns	     41998	80008744	cc3f2293	slti	x5,x30,-829	 x30:0xffffffff  x5=0x00000000
     420005.000 ns	     41999	80008748	4a99b813	sltiu	x16,x19,1193	 x19:0x80040680 x16=0x00000000
     420015.000 ns	     42000	8000874c	00ede033	or	x0,x27,x14	 x27:0x00000000 x14:0x00000154
     420035.000 ns	     42002	80008750	0230c1b3	div	x3,x1,x3	  x1:0x78f10060  x3:0x00000000  x3=0xffffffff
     420055.000 ns	     42004	80008754	41875fb3	sra	x31,x14,x24	 x14:0x00000154 x24:0xcd334000 x31=0x00000154
     420065.000 ns	     42005	80008758	a248f397	auipc	x7,0xa248f	  x7=0x22497758
     420085.000 ns	     42007	8000875c	020f7fb3	remu	x31,x30,x0	 x30:0xffffffff  x0:0x00000000 x31=0xffffffff
     420105.000 ns	     42009	80008760	1090e313	ori	x6,x1,265	  x1:0x78f10060  x6=0x78f10169
     420145.000 ns	     42013	80008764	08987b53	fsub.s	f22,f16,f9	 f16:0x00000000  f9:0x7fc00000 f22=0x7fc00000
     420175.000 ns	     42016	80008768	28bb07d3	fmin.s	f15,f22,f11	 f22:0x7fc00000 f11:0x00000000 f15=0x00000000
     420205.000 ns	     42019	8000876c	2197af53	fsgnjx.s	f30,f15,f25	 f15:0x5e7fefc0 f25:0x00000000 f30=0x00000000
     420225.000 ns	     42021	80008770	00c8e833	or	x16,x17,x12	 x17:0x0000bb0f x12:0x80040fe4 x16=0x8004bfef
     420245.000 ns	     42023	80008774	028b3db3	mulhu	x27,x22,x8	 x22:0x00000000  x8:0xfffff9bf x27=0x00000000
     420265.000 ns	     42025	80008778	010358b3	srl	x17,x6,x16	  x6:0x78f10169 x16:0x00000000 x17=0x0000f1e2
     420275.000 ns	     42026	8000877c	1aad5597	auipc	x11,0x1aad5	 x11=0x9aadd77c
     420295.000 ns	     42028	80008780	c00076d3	fcvt.w.s	x13,f0	  f0:0xcb7ff7e1 x13=0x00fff7e1
     420325.000 ns	     42031	80008784	d0032853	fcvt.s.w	f16,x6	  x6:0x78f10169 f16=0x4ef1e203
     420355.000 ns	     42034	80008788	a14a23d3	feq.s	x7,f20,f20	 f20:0xcf1d0cf0 f20:0xcf1d0cf0  x7=0x00000001
     420405.000 ns	     42039	8000878c	08e4f4d3	fsub.s	f9,f9,f14	  f9:0x7fc00000 f14:0x5e7fefc0  f9=0x7fc00000
     420455.000 ns	     42044	80008790	018da0d3	fadd.s	f1,f27,f24	 f27:0x7fc00000 f24:0x00000000  f1=0x7fc00000
     420475.000 ns	     42046	80008794	590d0c13	addi	x24,x26,1424	 x26:0x00000000 x24=0x00000590
     420485.000 ns	     42047	80008798	795a6813	ori	x16,x20,1941	 x20:0xfffff84e x16=0xffffffdf
     420495.000 ns	     42048	8000879c	00984a33	xor	x20,x16,x9	 x16:0x8004bfef  x9:0x78f0f8b3 x20=0x870f076c
     420505.000 ns	     42049	800087a0	0191e3b3	or	x7,x3,x25	  x3:0xffffffff x25:0x00000000  x7=0xffffffff
     420515.000 ns	     42050	800087a4	08324e93	xori	x29,x4,131	  x4:0x80041024 x29=0x800410a7
     420535.000 ns	     42052	800087a8	29308c53	fmin.s	f24,f1,f19	  f1:0x7fc00000 f19:0x473501cc f24=0x473501cc
     420555.000 ns	     42054	800087ac	73f53f13	sltiu	x30,x10,1855	 x10:0x00000226 x30=0x00000001
     420565.000 ns	     42055	800087b0	41f78fb3	sub	x31,x15,x31	 x15:0x00000000 x31:0xffffffff x31=0x00000001
     420925.000 ns	     42091	800087b4	0380dfb3	divu	x31,x1,x24	  x1:0x78f10060 x24:0x00000590 x31=0x0015be05
     420965.000 ns	     42095	800087b8	5808a753	fsqrt.s	f14,f17	 f17:0xae65212a f14=0x7fc00000
     420985.000 ns	     42097	800087bc	41a35e93	srai	x29,x6,0x1a	  x6:0x78f10169 x29=0x0000001e
     420995.000 ns	     42098	800087c0	c82d6397	auipc	x7,0xc82d6	  x7=0x482de7c0
     421015.000 ns	     42100	800087c4	f0028ed3	fmv.w.x	f29,x5	  x5:0x00000000 f29=0x00000000
     421035.000 ns	     42102	800087c8	00000013	addi	x0,x0,0	  x0:0x00000000
     421045.000 ns	     42103	800087cc	01cc5b93	srli	x23,x24,0x1c	 x24:0x00000590 x23=0x00000000
     421055.000 ns	     42104	800087d0	d2ca0fb7	lui	x31,0xd2ca0	 x31=0xd2ca0000
     421065.000 ns	     42105	800087d4	a671c197	auipc	x3,0xa671c	  x3=0x267247d4
     421075.000 ns	     42106	800087d8	0081cdb3	xor	x27,x3,x8	  x3:0xffffffff  x8:0xfffff9bf x27=0xd98dbe6b
     421085.000 ns	     42107	800087dc	010e5113	srli	x2,x28,0x10	 x28:0x00000007  x2=0x00000000
     421095.000 ns	     42108	800087e0	6b633d93	sltiu	x27,x6,1718	  x6:0x78f10169 x27=0x00000000
     421115.000 ns	     42110	800087e4	218fa2d3	fsgnjx.s	f5,f31,f24	 f31:0x3f800000 f24:0x473501cc  f5=0x3f800000
     421135.000 ns	     42112	800087e8	011d36b3	sltu	x13,x26,x17	 x26:0x00000000 x17:0x0000f1e2 x13=0x00000001
     421155.000 ns	     42114	800087ec	f0098253	fmv.w.x	f4,x19	 x19:0x80040680  f4=0x80040680
     421185.000 ns	     42117	800087f0	c01ff353	fcvt.wu.s	x6,f31	 f31:0x3f800000  x6=0x00000001
     421215.000 ns	     42120	800087f4	02011333	mulh	x6,x2,x0	  x2:0x00000000  x0:0x00000000  x6=0x00000000
     421245.000 ns	     42123	800087f8	0218a833	mulhsu	x16,x17,x1	 x17:0x0000f1e2  x1:0x78f10060 x16=0x00007245
     421265.000 ns	     42125	800087fc	01f78cb3	add	x25,x15,x31	 x15:0x00000000 x31:0xd2ca0000 x25=0xd2ca0000
     421275.000 ns	     42126	80008800	53ee7bb7	lui	x23,0x53ee7	 x23=0x53ee7000
     421295.000 ns	     42128	80008804	03c08733	mul	x14,x1,x28	  x1:0x78f10060 x28:0x00000007 x14=0x4e9702a0
     421325.000 ns	     42131	80008808	29df8353	fmin.s	f6,f31,f29	 f31:0x3f800000 f29:0x00000000  f6=0x00000000
     421695.000 ns	     42168	8000880c	02b45bb3	divu	x23,x8,x11	  x8:0xfffff9bf x11:0x9aadd77c x23=0x00000001
     422065.000 ns	     42205	80008810	02935833	divu	x16,x6,x9	  x6:0x00000000  x9:0x78f0f8b3 x16=0x00000000
     422115.000 ns	     42210	80008814	0969f5d3	fsub.s	f11,f19,f22	 f19:0x473501cc f22:0x7fc00000 f11=0x7fc00000
     422145.000 ns	     42213	80008818	037735b3	mulhu	x11,x14,x23	 x14:0x4e9702a0 x23:0x00000001 x11=0x00000000
     422175.000 ns	     42216	8000881c	20f58253	fsgnj.s	f4,f11,f15	 f11:0x7fc00000 f15:0x00000000  f4=0x7fc00000
     422205.000 ns	     42219	80008820	e0009bd3	fclass.s	x23,f1	  f1:0x7fc00000 x23=0x00000200
     422235.000 ns	     42222	80008824	03a4f4b3	remu	x9,x9,x26	  x9:0x78f0f8b3 x26:0x00000000  x9=0x78f0f8b3
     422265.000 ns	     42225	80008828	21e42753	fsgnjx.s	f14,f8,f30	  f8:0x4efff7e0 f30:0x00000000 f14=0x4efff7e0
     422295.000 ns	     42228	8000882c	03537133	remu	x2,x6,x21	  x6:0x00000000 x21:0x00000000  x2=0x00000000
     422325.000 ns	     42231	80008830	c01e7853	fcvt.wu.s	x16,f28	 f28:0x7fc00000 x16=0xffffffff
     422355.000 ns	     42234	80008834	a00d82d3	fle.s	x5,f27,f0	 f27:0x7fc00000  f0:0xcb7ff7e1  x5=0x00000000
     422375.000 ns	     42236	80008838	417e0433	sub	x8,x28,x23	 x28:0x00000007 x23:0x00000200  x8=0xfffffe07
     422395.000 ns	     42238	8000883c	c00e8dd3	fcvt.w.s	x27,f29	 f29:0x00000000 x27=0x00000000
     422415.000 ns	     42240	80008840	01c4b1b3	sltu	x3,x9,x28	  x9:0x78f0f8b3 x28:0x00000007  x3=0x00000000
     422435.000 ns	     42242	80008844	039a09b3	mul	x19,x20,x25	 x20:0x870f076c x25:0xd2ca0000 x19=0x73380000
     422465.000 ns	     42245	80008848	c00ff453	fcvt.w.s	x8,f31	 f31:0x3f800000  x8=0x00000001
     422495.000 ns	     42248	8000884c	f0098253	fmv.w.x	f4,x19	 x19:0x73380000  f4=0x73380000
     422515.000 ns	     42250	80008850	412a82b3	sub	x5,x21,x18	 x21:0x00000000 x18:0x00000000  x5=0x00000000
     422535.000 ns	     42252	80008854	a1fd8153	fle.s	x2,f27,f31	 f27:0x7fc00000 f31:0x3f800000  x2=0x00000000
     422565.000 ns	     42255	80008858	a0bd2153	feq.s	x2,f26,f11	 f26:0x7fc00000 f11:0x7fc00000  x2=0x00000000
     422585.000 ns	     42257	8000885c	019b1c93	slli	x25,x22,0x19	 x22:0x00000000 x25=0x00000000
     422595.000 ns	     42258	80008860	de133293	sltiu	x5,x6,-543	  x6:0x00000000  x5=0x00000001
     422615.000 ns	     42260	80008864	a0012153	feq.s	x2,f2,f0	  f2:0x4efff7e0  f0:0xcb7ff7e1  x2=0x00000000
     422635.000 ns	     42262	80008868	bd9874b7	lui	x9,0xbd987	  x9=0xbd987000
     422665.000 ns	     42265	8000886c	1138fad3	fmul.s	f21,f17,f19	 f17:0xae65212a f19:0x473501cc f21=0xb622020e
     422685.000 ns	     42267	80008870	00000013	addi	x0,x0,0	  x0:0x00000000
     422705.000 ns	     42269	80008874	29489453	fmax.s	f8,f17,f20	 f17:0xae65212a f20:0xcf1d0cf0  f8=0xae65212a
     422725.000 ns	     42271	80008878	00000013	addi	x0,x0,0	  x0:0x00000000
     422735.000 ns	     42272	8000887c	96ad7813	andi	x16,x26,-1686	 x26:0x00000000 x16=0x00000000
     422745.000 ns	     42273	80008880	017098b3	sll	x17,x1,x23	  x1:0x78f10060 x23:0x00000200 x17=0x78f10060
     422765.000 ns	     42275	80008884	e00619d3	fclass.s	x19,f12	 f12:0xcefff9df x19=0x00000002
     422785.000 ns	     42277	80008888	38a17193	andi	x3,x2,906	  x2:0x00000000  x3=0x00000000
     422805.000 ns	     42279	8000888c	28ac8ad3	fmin.s	f21,f25,f10	 f25:0x00000000 f10:0xde7fefc0 f21=0xde7fefc0
     422845.000 ns	     42283	80008890	197cf153	fdiv.s	f2,f25,f23	 f25:0x00000000 f23:0x4e9d0cf0  f2=0x00000000
     422865.000 ns	     42285	80008894	01879cb3	sll	x25,x15,x24	 x15:0x00000000 x24:0x00000590 x25=0x00000000
     422885.000 ns	     42287	80008898	03e5b533	mulhu	x10,x11,x30	 x11:0x00000000 x30:0x00000001 x10=0x00000000
     422905.000 ns	     42289	8000889c	b43f2693	slti	x13,x30,-1213	 x30:0x00000001 x13=0x00000000
     422935.000 ns	     42292	800088a0	183a0253	fdiv.s	f4,f20,f3	 f20:0xcf1d0cf0  f3:0x7fc00000  f4=0x7fc00000
     422965.000 ns	     42295	800088a4	28119f53	fmax.s	f30,f3,f1	  f3:0x7fc00000  f1:0x7fc00000 f30=0x7fc00000
     422985.000 ns	     42297	800088a8	006791b3	sll	x3,x15,x6	 x15:0x00000000  x6:0x00000000  x3=0x00000000
     422995.000 ns	     42298	800088ac	66888193	addi	x3,x17,1640	 x17:0x78f10060  x3=0x78f106c8
     423025.000 ns	     42301	800088b0	18ee86d3	fdiv.s	f13,f29,f14	 f29:0x00000000 f14:0x4efff7e0 f13=0x00000000
     423055.000 ns	     42304	800088b4	a0dba4d3	feq.s	x9,f23,f13	 f23:0x4e9d0cf0 f13:0x4d3a225d  x9=0x00000000
     423075.000 ns	     42306	800088b8	018d9113	slli	x2,x27,0x18	 x27:0x00000000  x2=0x00000000
     423085.000 ns	     42307	800088bc	01d601b3	add	x3,x12,x29	 x12:0x80040fe4 x29:0x0000001e  x3=0x80041002
     423105.000 ns	     42309	800088c0	023a01b3	mul	x3,x20,x3	 x20:0x870f076c  x3:0x78f106c8  x3=0x1c44ced8
     423125.000 ns	     42311	800088c4	012d66b3	or	x13,x26,x18	 x26:0x00000000 x18:0x00000000 x13=0x00000000
     423135.000 ns	     42312	800088c8	01b40193	addi	x3,x8,27	  x8:0x00000001  x3=0x0000001c
     423155.000 ns	     42314	800088cc	28ad0753	fmin.s	f14,f26,f10	 f26:0x7fc00000 f10:0xde7fefc0 f14=0xde7fefc0
     423175.000 ns	     42316	800088d0	00605f33	srl	x30,x0,x6	  x0:0x00000000  x6:0x00000000 x30=0x00000000
     423195.000 ns	     42318	800088d4	a1ed2f53	feq.s	x30,f26,f30	 f26:0x7fc00000 f30:0x7fc00000 x30=0x00000000
     423215.000 ns	     42320	800088d8	ffc091b7	lui	x3,0xffc09	  x3=0xffc09000
     423235.000 ns	     42322	800088dc	e0028dd3	fmv.x.w	x27,f5	  f5:0x3f800000 x27=0x3f800000
     423265.000 ns	     42325	800088e0	032a63b3	rem	x7,x20,x18	 x20:0x870f076c x18:0x00000000  x7=0x870f076c
     423305.000 ns	     42329	800088e4	1089fed3	fmul.s	f29,f19,f8	 f19:0x473501cc  f8:0xae65212a f29=0xb622020e
     423355.000 ns	     42334	800088e8	0891c1d3	fsub.s	f3,f3,f9	  f3:0x7fc00000  f9:0x7fc00000  f3=0x7fc00000
     423385.000 ns	     42337	800088ec	29a000d3	fmin.s	f1,f0,f26	  f0:0xcb7ff7e1 f26:0x7fc00000  f1=0xcb7ff7e1
     423435.000 ns	     42342	800088f0	009032d3	fadd.s	f5,f0,f9	  f0:0xcb7ff7e1  f9:0x7fc00000  f5=0x7fc00000
     423455.000 ns	     42344	800088f4	00000013	addi	x0,x0,0	  x0:0x00000000
     423475.000 ns	     42346	800088f8	c0022bd3	fcvt.w.s	x23,f4	  f4:0x7fc00000 x23=0x7fffffff
     423495.000 ns	     42348	800088fc	014295b3	sll	x11,x5,x20	  x5:0x00000001 x20:0x870f076c x11=0x00001000
     423515.000 ns	     42350	80008900	e00a0dd3	fmv.x.w	x27,f20	 f20:0xcf1d0cf0 x27=0xcf1d0cf0
     423535.000 ns	     42352	80008904	0931b293	sltiu	x5,x3,147	  x3:0xffc09000  x5=0x00000000
     423545.000 ns	     42353	80008908	413ed813	srai	x16,x29,0x13	 x29:0x0000001e x16=0x00000000
     423555.000 ns	     42354	8000890c	95ee6593	ori	x11,x28,-1698	 x28:0x00000007 x11=0xfffff95f
     423595.000 ns	     42358	80008910	00117fd3	fadd.s	f31,f2,f1	  f2:0x00000000  f1:0xcb7ff7e1 f31=0xcb7ff7e1
     423615.000 ns	     42360	80008914	0002df13	srli	x30,x5,0x0	  x5:0x00000000 x30=0x00000000
     423635.000 ns	     42362	80008918	02428033	mul	x0,x5,x4	  x5:0x00000000  x4:0x80041024
     423665.000 ns	     42365	8000891c	c002af53	fcvt.w.s	x30,f5	  f5:0x7fc00000 x30=0x7fffffff
     423695.000 ns	     42368	80008920	c0189053	fcvt.wu.s	x0,f17	 f17:0xae65212a
     423715.000 ns	     42370	80008924	38c53697	auipc	x13,0x38c53	 x13=0xb8c5b924
     423735.000 ns	     42372	80008928	03981733	mulh	x14,x16,x25	 x16:0x00000000 x25:0x00000000 x14=0x00000000
     423755.000 ns	     42374	8000892c	016b8533	add	x10,x23,x22	 x23:0x7fffffff x22:0x00000000 x10=0x7fffffff
     423765.000 ns	     42375	80008930	9bdbff93	andi	x31,x23,-1603	 x23:0x7fffffff x31=0x7ffff9bd
     423775.000 ns	     42376	80008934	01444db3	xor	x27,x8,x20	  x8:0x00000001 x20:0x870f076c x27=0x870f076d
     423785.000 ns	     42377	80008938	006d8fb3	add	x31,x27,x6	 x27:0xcf1d0cf0  x6:0x00000000 x31=0x870f076d
     423805.000 ns	     42379	8000893c	c00947d3	fcvt.w.s	x15,f18	 f18:0x80000000 x15=0x00000000
     423845.000 ns	     42383	80008940	58097bd3	fsqrt.s	f23,f18	 f18:0x80000000 f23=0x80000000
     424215.000 ns	     42420	80008944	02b6dfb3	divu	x31,x13,x11	 x13:0xb8c5b924 x11:0xfffff95f x31=0x00000000
     424235.000 ns	     42422	80008948	001aa733	slt	x14,x21,x1	 x21:0x00000000  x1:0x78f10060 x14=0x00000001
     424245.000 ns	     42423	8000894c	41240c33	sub	x24,x8,x18	  x8:0x00000001 x18:0x00000000 x24=0x00000001
     424255.000 ns	     42424	80008950	00b0cab3	xor	x21,x1,x11	  x1:0x78f10060 x11:0xfffff95f x21=0x870ef93f
     424615.000 ns	     42460	80008954	038ac7b3	div	x15,x21,x24	 x21:0x00000000 x24:0x00000590 x15=0x870ef93f
     424635.000 ns	     42462	80008958	005c5a13	srli	x20,x24,0x5	 x24:0x00000001 x20=0x00000000
     424645.000 ns	     42463	8000895c	b108f413	andi	x8,x17,-1264	 x17:0x78f10060  x8=0x78f10000
     424665.000 ns	     42465	80008960	0337b333	mulhu	x6,x15,x19	 x15:0x870ef93f x19:0x00000002  x6=0x00000001
     424695.000 ns	     42468	80008964	e00a1a53	fclass.s	x20,f20	 f20:0xcf1d0cf0 x20=0x00000002
     424745.000 ns	     42473	80008968	092a9753	fsub.s	f14,f21,f18	 f21:0xde7fefc0 f18:0x80000000 f14=0xde7fefc0
     424785.000 ns	     42477	8000896c	109875d3	fmul.s	f11,f16,f9	 f16:0x4ef1e203  f9:0x7fc00000 f11=0x7fc00000
     424805.000 ns	     42479	80008970	be1fb793	sltiu	x15,x31,-1055	 x31:0x00000000 x15=0x00000001
     424825.000 ns	     42481	80008974	c017cdd3	fcvt.wu.s	x27,f15	 f15:0x00000000 x27=0x00000000
     424845.000 ns	     42483	80008978	002e53b3	srl	x7,x28,x2	 x28:0x00000007  x2:0x00000000  x7=0x00000007
     424855.000 ns	     42484	8000897c	3b6e5317	auipc	x6,0x3b6e5	  x6=0xbb6ed97c
     424875.000 ns	     42486	80008980	a1fa9bd3	flt.s	x23,f21,f31	 f21:0xde7fefc0 f31:0xcb7ff7e1 x23=0x00000001
     424895.000 ns	     42488	80008984	013a0f33	add	x30,x20,x19	 x20:0x00000002 x19:0x00000002 x30=0x00000004
     424905.000 ns	     42489	80008988	d8b65d37	lui	x26,0xd8b65	 x26=0xd8b65000
     424925.000 ns	     42491	8000898c	f00787d3	fmv.w.x	f15,x15	 x15:0x00000001 f15=0x00000001
     424955.000 ns	     42494	80008990	205f15d3	fsgnjn.s	f11,f30,f5	 f30:0x7fc00000  f5:0x7fc00000 f11=0xffc00000
     424985.000 ns	     42497	80008994	208587d3	fsgnj.s	f15,f11,f8	 f11:0x7fc00000  f8:0xae65212a f15=0xffc00000
     425015.000 ns	     42500	80008998	29bb1ad3	fmax.s	f21,f22,f27	 f22:0x7fc00000 f27:0x7fc00000 f21=0x7fc00000
     425045.000 ns	     42503	8000899c	f00f04d3	fmv.w.x	f9,x30	 x30:0x00000004  f9=0x00000004
     425065.000 ns	     42505	800089a0	67666b13	ori	x22,x12,1654	 x12:0x80040fe4 x22=0x80040ff6
     425085.000 ns	     42507	800089a4	e0078353	fmv.x.w	x6,f15	 f15:0xffc00000  x6=0xffc00000
     425105.000 ns	     42509	800089a8	c5d1a713	slti	x14,x3,-931	  x3:0xffc09000 x14=0x00000001
     425145.000 ns	     42513	800089ac	01c59753	fadd.s	f14,f11,f28	 f11:0xffc00000 f28:0x7fc00000 f14=0x7fc00000
     425165.000 ns	     42515	800089b0	016ae733	or	x14,x21,x22	 x21:0x870ef93f x22:0x80040ff6 x14=0x870effff
     425185.000 ns	     42517	800089b4	022aa1b3	mulhsu	x3,x21,x2	 x21:0x870ef93f  x2:0x00000000  x3=0x00000000
     425205.000 ns	     42519	800089b8	01eb5893	srli	x17,x22,0x1e	 x22:0x80040ff6 x17=0x00000002
     425215.000 ns	     42520	800089bc	411480b3	sub	x1,x9,x17	  x9:0x00000000 x17:0x78f10060  x1=0xfffffffe
     425225.000 ns	     42521	800089c0	37d0c4b7	lui	x9,0x37d0c	  x9=0x37d0c000
     425245.000 ns	     42523	800089c4	207daad3	fsgnjx.s	f21,f27,f7	 f27:0x7fc00000  f7:0xce9d0cf0 f21=0xffc00000
     425265.000 ns	     42525	800089c8	01b065b3	or	x11,x0,x27	  x0:0x00000000 x27:0x00000000 x11=0x00000000
     425275.000 ns	     42526	800089cc	403a5b33	sra	x22,x20,x3	 x20:0x00000002  x3:0x00000000 x22=0x00000002
     425295.000 ns	     42528	800089d0	a1290ad3	fle.s	x21,f18,f18	 f18:0x80000000 f18:0x80000000 x21=0x00000001
     425315.000 ns	     42530	800089d4	00455f13	srli	x30,x10,0x4	 x10:0x7fffffff x30=0x07ffffff
     425645.000 ns	     42563	800089d8	18a0c5d3	fdiv.s	f11,f1,f10	  f1:0xcb7ff7e1 f10:0xde7fefc0 f11=0x2c7ff7e2
     425695.000 ns	     42568	800089dc	08687d53	fsub.s	f26,f16,f6	 f16:0x4ef1e203  f6:0x00000000 f26=0x4ef1e203
     425715.000 ns	     42570	800089e0	01fc9133	sll	x2,x25,x31	 x25:0x00000000 x31:0x00000000  x2=0x00000000
     425725.000 ns	     42571	800089e4	404ddf13	srai	x30,x27,0x4	 x27:0x00000000 x30=0x00000000
     425735.000 ns	     42572	800089e8	017a5113	srli	x2,x20,0x17	 x20:0x00000002  x2=0x00000000
     425755.000 ns	     42574	800089ec	c0167753	fcvt.wu.s	x14,f12	 f12:0xcefff9df x14=0x7ffcef80
     425775.000 ns	     42576	800089f0	73182913	slti	x18,x16,1841	 x16:0x00000000 x18=0x00000001
     426135.000 ns	     42612	800089f4	029060b3	rem	x1,x0,x9	  x0:0x00000000  x9:0x37d0c000  x1=0x00000000
     426165.000 ns	     42615	800089f8	a03207d3	fle.s	x15,f4,f3	  f4:0x7fc00000  f3:0x7fc00000 x15=0x00000000
     426185.000 ns	     42617	800089fc	00e29493	slli	x9,x5,0xe	  x5:0x00000000  x9=0x00000000
     426195.000 ns	     42618	80008a00	41e88833	sub	x16,x17,x30	 x17:0x00000002 x30:0x00000000 x16=0x00000002
     426215.000 ns	     42620	80008a04	e00f8ed3	fmv.x.w	x29,f31	 f31:0xcb7ff7e1 x29=0xcb7ff7e1
     426235.000 ns	     42622	80008a08	ad433c13	sltiu	x24,x6,-1324	  x6:0xffc00000 x24=0x00000001
     426245.000 ns	     42623	80008a0c	01879593	slli	x11,x15,0x18	 x15:0x00000000 x11=0x00000000
     426265.000 ns	     42625	80008a10	20222353	fsgnjx.s	f6,f4,f2	  f4:0x7fc00000  f2:0x00000000  f6=0x7fc00000
     426295.000 ns	     42628	80008a14	20d80fd3	fsgnj.s	f31,f16,f13	 f16:0x4ef1e203 f13:0x00000000 f31=0x4ef1e203
     426325.000 ns	     42631	80008a18	e0068fd3	fmv.x.w	x31,f13	 f13:0x00000000 x31=0x00000000
     426355.000 ns	     42634	80008a1c	0306ac33	mulhsu	x24,x13,x16	 x13:0xb8c5b924 x16:0x00000002 x24=0xffffffff
     426375.000 ns	     42636	80008a20	b9118493	addi	x9,x3,-1135	  x3:0x00000000  x9=0xfffffb91
     426735.000 ns	     42672	80008a24	0292cc33	div	x24,x5,x9	  x5:0x00000000  x9:0x00000000 x24=0x00000000
     426775.000 ns	     42676	80008a28	11a0ac53	fmul.s	f24,f1,f26	  f1:0xcb7ff7e1 f26:0x4ef1e203 f24=0xdaf1da57
     426805.000 ns	     42679	80008a2c	a15bab53	feq.s	x22,f23,f21	 f23:0x80000000 f21:0xffc00000 x22=0x00000000
     426825.000 ns	     42681	80008a30	019ea433	slt	x8,x29,x25	 x29:0xcb7ff7e1 x25:0x00000000  x8=0x00000001
     426835.000 ns	     42682	80008a34	416505b3	sub	x11,x10,x22	 x10:0x7fffffff x22:0x00000000 x11=0x7fffffff
     426855.000 ns	     42684	80008a38	02f65733	divu	x14,x12,x15	 x12:0x80040fe4 x15:0x00000000 x14=0xffffffff
     426905.000 ns	     42689	80008a3c	005d7dd3	fadd.s	f27,f26,f5	 f26:0x4ef1e203  f5:0x7fc00000 f27=0x7fc00000
     426935.000 ns	     42692	80008a40	a12703d3	fle.s	x7,f14,f18	 f14:0x7fc00000 f18:0x80000000  x7=0x00000000
     426955.000 ns	     42694	80008a44	b2138413	addi	x8,x7,-1247	  x7:0x00000007  x8=0xfffffb21
     426965.000 ns	     42695	80008a48	0088bc33	sltu	x24,x17,x8	 x17:0x00000002  x8:0x00000001 x24=0x00000001
     427005.000 ns	     42699	80008a4c	00df7e53	fadd.s	f28,f30,f13	 f30:0x7fc00000 f13:0x00000000 f28=0x7fc00000
     427045.000 ns	     42703	80008a50	19519853	fdiv.s	f16,f3,f21	  f3:0x7fc00000 f21:0xffc00000 f16=0x7fc00000
     427065.000 ns	     42705	80008a54	00d861b3	or	x3,x16,x13	 x16:0x00000002 x13:0xb8c5b924  x3=0xb8c5b926
     427095.000 ns	     42708	80008a58	18668153	fdiv.s	f2,f13,f6	 f13:0x00000000  f6:0x7fc00000  f2=0x7fc00000
     427115.000 ns	     42710	80008a5c	0151bfb3	sltu	x31,x3,x21	  x3:0x00000000 x21:0x00000001 x31=0x00000000
     427475.000 ns	     42746	80008a60	024cc5b3	div	x11,x25,x4	 x25:0x00000000  x4:0x80041024 x11=0x00000000
     427505.000 ns	     42749	80008a64	02dc1d33	mulh	x26,x24,x13	 x24:0x00000001 x13:0xb8c5b924 x26=0xffffffff
     427525.000 ns	     42751	80008a68	01f159b3	srl	x19,x2,x31	  x2:0x00000000 x31:0x00000000 x19=0x00000000
     427535.000 ns	     42752	80008a6c	4097d513	srai	x10,x15,0x9	 x15:0x00000000 x10=0x00000000
     427545.000 ns	     42753	80008a70	00415c13	srli	x24,x2,0x4	  x2:0x00000000 x24=0x00000000
     427555.000 ns	     42754	80008a74	4882b293	sltiu	x5,x5,1160	  x5:0x00000000  x5=0x00000001
     427575.000 ns	     42756	80008a78	03bb4db3	div	x27,x22,x27	 x22:0x00000000 x27:0x00000000 x27=0xffffffff
     427595.000 ns	     42758	80008a7c	00172933	slt	x18,x14,x1	 x14:0xffffffff  x1:0x00000000 x18=0x00000001
     427615.000 ns	     42760	80008a80	21ed2d53	fsgnjx.s	f26,f26,f30	 f26:0x4ef1e203 f30:0x7fc00000 f26=0x4ef1e203
     427635.000 ns	     42762	80008a84	41de52b3	sra	x5,x28,x29	 x28:0x00000007 x29:0xcb7ff7e1  x5=0x00000003
     427655.000 ns	     42764	80008a88	022a3eb3	mulhu	x29,x20,x2	 x20:0x00000002  x2:0x00000000 x29=0x00000000
     427675.000 ns	     42766	80008a8c	3e302a13	slti	x20,x0,995	  x0:0x00000000 x20=0x00000001
     427685.000 ns	     42767	80008a90	00741833	sll	x16,x8,x7	  x8:0xfffffb21  x7:0x00000000 x16=0xfffffb21
     427705.000 ns	     42769	80008a94	a0762b53	feq.s	x22,f12,f7	 f12:0xcefff9df  f7:0xce9d0cf0 x22=0x00000000
     427735.000 ns	     42772	80008a98	e00d8453	fmv.x.w	x8,f27	 f27:0x7fc00000  x8=0x7fc00000
     427765.000 ns	     42775	80008a9c	a05f8553	fle.s	x10,f31,f5	 f31:0x4ef1e203  f5:0x7fc00000 x10=0x00000000
     427785.000 ns	     42777	80008aa0	2db38c93	addi	x25,x7,731	  x7:0x00000000 x25=0x000002db
     427805.000 ns	     42779	80008aa4	29f39a53	fmax.s	f20,f7,f31	  f7:0xce9d0cf0 f31:0x4ef1e203 f20=0x4ef1e203
     427825.000 ns	     42781	80008aa8	f6866513	ori	x10,x12,-152	 x12:0x80040fe4 x10=0xffffffec
     427865.000 ns	     42785	80008aac	00157853	fadd.s	f16,f10,f1	 f10:0xde7fefc0  f1:0xcb7ff7e1 f16=0xde7fefc0
     427885.000 ns	     42787	80008ab0	001a0eb3	add	x29,x20,x1	 x20:0x00000001  x1:0x00000000 x29=0x00000001
     427905.000 ns	     42789	80008ab4	a13e2b53	feq.s	x22,f28,f19	 f28:0x7fc00000 f19:0x473501cc x22=0x00000000
     427935.000 ns	     42792	80008ab8	03bb99b3	mulh	x19,x23,x27	 x23:0x00000001 x27:0xffffffff x19=0xffffffff
     427965.000 ns	     42795	80008abc	20359453	fsgnjn.s	f8,f11,f3	 f11:0x2c7ff7e2  f3:0x7fc00000  f8=0xac7ff7e2
     427995.000 ns	     42798	80008ac0	03b1a933	mulhsu	x18,x3,x27	  x3:0xb8c5b926 x27:0xffffffff x18=0xb8c5b926
     428015.000 ns	     42800	80008ac4	01aadc93	srli	x25,x21,0x1a	 x21:0x00000001 x25=0x00000000
     428035.000 ns	     42802	80008ac8	029fba33	mulhu	x20,x31,x9	 x31:0x00000000  x9:0xfffffb91 x20=0x00000000
     428065.000 ns	     42805	80008acc	d0007dd3	fcvt.s.w	f27,x0	  x0:0x00000000 f27=0x00000000
     428095.000 ns	     42808	80008ad0	a05311d3	flt.s	x3,f6,f5	  f6:0x7fc00000  f5:0x7fc00000  x3=0x00000000
     428125.000 ns	     42811	80008ad4	e00d1fd3	fclass.s	x31,f26	 f26:0x4ef1e203 x31=0x00000040
     428155.000 ns	     42814	80008ad8	29d098d3	fmax.s	f17,f1,f29	  f1:0xcb7ff7e1 f29:0xb622020e f17=0xb622020e
     428175.000 ns	     42816	80008adc	56904313	xori	x6,x0,1385	  x0:0x00000000  x6=0x00000569
     428185.000 ns	     42817	80008ae0	a26a9397	auipc	x7,0xa26a9	  x7=0x226b1ae0
     428205.000 ns	     42819	80008ae4	a19022d3	feq.s	x5,f0,f25	  f0:0xcb7ff7e1 f25:0x00000000  x5=0x00000000
     428225.000 ns	     42821	80008ae8	6f3cfe93	andi	x29,x25,1779	 x25:0x00000000 x29=0x00000000
     428245.000 ns	     42823	80008aec	03b4ba33	mulhu	x20,x9,x27	  x9:0xfffffb91 x27:0xffffffff x20=0xfffffb90
     428265.000 ns	     42825	80008af0	4027dc93	srai	x25,x15,0x2	 x15:0x00000000 x25=0x00000000
     428285.000 ns	     42827	80008af4	e0030453	fmv.x.w	x8,f6	  f6:0x7fc00000  x8=0x7fc00000
     428305.000 ns	     42829	80008af8	0135d893	srli	x17,x11,0x13	 x11:0x00000000 x17=0x00000000
     428315.000 ns	     42830	80008afc	01f676b3	and	x13,x12,x31	 x12:0x80040fe4 x31:0x00000040 x13=0x00000040
     428325.000 ns	     42831	80008b00	41cd0a33	sub	x20,x26,x28	 x26:0xffffffff x28:0x00000007 x20=0xfffffff8
     428685.000 ns	     42867	80008b04	030271b3	remu	x3,x4,x16	  x4:0x80041024 x16:0xfffffb21  x3=0x80041024
     428705.000 ns	     42869	80008b08	0054c033	xor	x0,x9,x5	  x9:0xfffffb91  x5:0x00000000
     428715.000 ns	     42870	80008b0c	fba4ed13	ori	x26,x9,-70	  x9:0xfffffb91 x26=0xffffffbb
     428725.000 ns	     42871	80008b10	98ba0e93	addi	x29,x20,-1653	 x20:0xfffffff8 x29=0xfffff983
     428735.000 ns	     42872	80008b14	01ed23b3	slt	x7,x26,x30	 x26:0xffffffff x30:0x00000000  x7=0x00000001
     428755.000 ns	     42874	80008b18	2110afd3	fsgnjx.s	f31,f1,f17	  f1:0xcb7ff7e1 f17:0xb622020e f31=0x4b7ff7e1
     429125.000 ns	     42911	80008b1c	024dceb3	div	x29,x27,x4	 x27:0xffffffff  x4:0x80041024 x29=0x00000000
     429495.000 ns	     42948	80008b20	035be8b3	rem	x17,x23,x21	 x23:0x00000001 x21:0x00000001 x17=0x00000000
     429525.000 ns	     42951	80008b24	c0048cd3	fcvt.w.s	x25,f9	  f9:0x00000004 x25=0x00000000
     429545.000 ns	     42953	80008b28	e521b193	sltiu	x3,x3,-430	  x3:0x80041024  x3=0x00000001
     429585.000 ns	     42957	80008b2c	08bff153	fsub.s	f2,f31,f11	 f31:0x4b7ff7e1 f11:0x2c7ff7e2  f2=0x4b7ff7e1
     429605.000 ns	     42959	80008b30	0022a933	slt	x18,x5,x2	  x5:0x00000000  x2:0x00000000 x18=0x00000000
     429625.000 ns	     42961	80008b34	031fa9b3	mulhsu	x19,x31,x17	 x31:0x00000040 x17:0x00000000 x19=0x00000000
     429675.000 ns	     42966	80008b38	09a98dd3	fsub.s	f27,f19,f26	 f19:0x473501cc f26:0x4ef1e203 f27=0xcef1e099
     429695.000 ns	     42968	80008b3c	01325b13	srli	x22,x4,0x13	  x4:0x80041024 x22=0x00001000
     429705.000 ns	     42969	80008b40	f4c9c9b7	lui	x19,0xf4c9c	 x19=0xf4c9c000
     429715.000 ns	     42970	80008b44	01c5d033	srl	x0,x11,x28	 x11:0x00000000 x28:0x00000007
     430075.000 ns	     43006	80008b48	02d6f833	remu	x16,x13,x13	 x13:0x00000040 x13:0x00000040 x16=0x00000000
     431255.000 ns	     43124	80008b4c	58017d53	fsqrt.s	f26,f2	  f2:0x4b7ff7e1 f26=0x4534fea4
     431285.000 ns	     43127	80008b50	023f0433	mul	x8,x30,x3	 x30:0x00000000  x3:0x00000001  x8=0x00000000
     431305.000 ns	     43129	80008b54	016040b3	xor	x1,x0,x22	  x0:0x00000000 x22:0x00001000  x1=0x00001000
     431325.000 ns	     43131	80008b58	02b06bb3	rem	x23,x0,x11	  x0:0x00000000 x11:0x00000000 x23=0x00000000
     431355.000 ns	     43134	80008b5c	0395ed33	rem	x26,x11,x25	 x11:0x00000000 x25:0x00000000 x26=0x00000000
     431375.000 ns	     43136	80008b60	0113c533	xor	x10,x7,x17	  x7:0x00000001 x17:0x00000000 x10=0x00000001
     431395.000 ns	     43138	80008b64	293d8053	fmin.s	f0,f27,f19	 f27:0xcef1e099 f19:0x473501cc  f0=0xcef1e099
     431425.000 ns	     43141	80008b68	288f1ad3	fmax.s	f21,f30,f8	 f30:0x7fc00000  f8:0xac7ff7e2 f21=0xac7ff7e2
     431445.000 ns	     43143	80008b6c	d6047193	andi	x3,x8,-672	  x8:0x00000000  x3=0x00000000
     431455.000 ns	     43144	80008b70	00d58033	add	x0,x11,x13	 x11:0x00000000 x13:0x00000040
     431475.000 ns	     43146	80008b74	a18103d3	fle.s	x7,f2,f24	  f2:0x4b7ff7e1 f24:0xdaf1da57  x7=0x00000000
     431505.000 ns	     43149	80008b78	a02f1dd3	flt.s	x27,f30,f2	 f30:0x7fc00000  f2:0x4b7ff7e1 x27=0x00000000
     431525.000 ns	     43151	80008b7c	00000013	addi	x0,x0,0	  x0:0x00000000
     431535.000 ns	     43152	80008b80	009b8433	add	x8,x23,x9	 x23:0x00000000  x9:0xfffffb91  x8=0xfffffb91
     431555.000 ns	     43154	80008b84	216f9bd3	fsgnjn.s	f23,f31,f22	 f31:0x4b7ff7e1 f22:0x7fc00000 f23=0xcb7ff7e1
     431585.000 ns	     43157	80008b88	e0030ad3	fmv.x.w	x21,f6	  f6:0x7fc00000 x21=0x7fc00000
     431605.000 ns	     43159	80008b8c	009467b3	or	x15,x8,x9	  x8:0xfffffb91  x9:0xfffffb91 x15=0xfffffb91
     431615.000 ns	     43160	80008b90	d4136a93	ori	x21,x6,-703	  x6:0x00000569 x21=0xfffffd69
     431625.000 ns	     43161	80008b94	0071d7b3	srl	x15,x3,x7	  x3:0x00000000  x7:0x00000000 x15=0x00000000
     431645.000 ns	     43163	80008b98	28698053	fmin.s	f0,f19,f6	 f19:0x473501cc  f6:0x7fc00000  f0=0x473501cc
     431675.000 ns	     43166	80008b9c	2187a8d3	fsgnjx.s	f17,f15,f24	 f15:0xffc00000 f24:0xdaf1da57 f17=0x7fc00000
     432045.000 ns	     43203	80008ba0	02906fb3	rem	x31,x0,x9	  x0:0x00000000  x9:0xfffffb91 x31=0x00000000
     432075.000 ns	     43206	80008ba4	021b81b3	mul	x3,x23,x1	 x23:0x00000000  x1:0x00001000  x3=0x00000000
     432115.000 ns	     43210	80008ba8	19c52953	fdiv.s	f18,f10,f28	 f10:0xde7fefc0 f28:0x7fc00000 f18=0x7fc00000
     432135.000 ns	     43212	80008bac	019287b3	add	x15,x5,x25	  x5:0x00000000 x25:0x00000000 x15=0x00000000
     432175.000 ns	     43216	80008bb0	01b4f8d3	fadd.s	f17,f9,f27	  f9:0x00000004 f27:0xcef1e099 f17=0xcef1e099
     432195.000 ns	     43218	80008bb4	63e73d13	sltiu	x26,x14,1598	 x14:0xffffffff x26=0x00000000
     432205.000 ns	     43219	80008bb8	012b7b33	and	x22,x22,x18	 x22:0x00001000 x18:0x00000000 x22=0x00000000
     432245.000 ns	     43223	80008bbc	018f9fd3	fadd.s	f31,f31,f24	 f31:0x4b7ff7e1 f24:0xdaf1da57 f31=0xdaf1da56
     432265.000 ns	     43225	80008bc0	55fb8493	addi	x9,x23,1375	 x23:0x00000000  x9=0x0000055f
     432285.000 ns	     43227	80008bc4	037aceb3	div	x29,x21,x23	 x21:0xfffffd69 x23:0x00000000 x29=0xffffffff
     432305.000 ns	     43229	80008bc8	006d1033	sll	x0,x26,x6	 x26:0x00000000  x6:0x00000569
     432335.000 ns	     43232	80008bcc	19227b53	fdiv.s	f22,f4,f18	  f4:0x7fc00000 f18:0x7fc00000 f22=0x7fc00000
     432355.000 ns	     43234	80008bd0	f97b3d93	sltiu	x27,x22,-105	 x22:0x00000000 x27=0x00000001
     432365.000 ns	     43235	80008bd4	10002493	slti	x9,x0,256	  x0:0x00000000  x9=0x00000001
     432375.000 ns	     43236	80008bd8	9c710d13	addi	x26,x2,-1593	  x2:0x00000000 x26=0xfffff9c7
     432735.000 ns	     43272	80008bdc	024551b3	divu	x3,x10,x4	 x10:0x00000001  x4:0x80041024  x3=0x00000000
     432765.000 ns	     43275	80008be0	03f8e133	rem	x2,x17,x31	 x17:0x00000000 x31:0x00000000  x2=0x00000000
     432795.000 ns	     43278	80008be4	02f6dab3	divu	x21,x13,x15	 x13:0x00000040 x15:0x00000000 x21=0xffffffff
     432815.000 ns	     43280	80008be8	1852c297	auipc	x5,0x1852c	  x5=0x98534be8
     432825.000 ns	     43281	80008bec	0cb43c13	sltiu	x24,x8,203	  x8:0xfffffb91 x24=0x00000000
     432835.000 ns	     43282	80008bf0	01385d33	srl	x26,x16,x19	 x16:0x00000000 x19:0xf4c9c000 x26=0x00000000
     432855.000 ns	     43284	80008bf4	d00594d3	fcvt.s.w	f9,x11	 x11:0x00000000  f9=0x00000000
     432895.000 ns	     43288	80008bf8	10dcff53	fmul.s	f30,f25,f13	 f25:0x00000000 f13:0x00000000 f30=0x00000000
     432915.000 ns	     43290	80008bfc	68116913	ori	x18,x2,1665	  x2:0x00000000 x18=0x00000681
     432935.000 ns	     43292	80008c00	03148eb3	mul	x29,x9,x17	  x9:0x00000001 x17:0x00000000 x29=0x00000000
     432965.000 ns	     43295	80008c04	212d91d3	fsgnjn.s	f3,f27,f18	 f27:0xcef1e099 f18:0x7fc00000  f3=0xcef1e099
     432985.000 ns	     43297	80008c08	00022ab3	slt	x21,x4,x0	  x4:0x80041024  x0:0x00000000 x21=0x00000001
     432995.000 ns	     43298	80008c0c	00d015b3	sll	x11,x0,x13	  x0:0x00000000 x13:0x00000040 x11=0x00000000
     433005.000 ns	     43299	80008c10	002a8cb3	add	x25,x21,x2	 x21:0xffffffff  x2:0x00000000 x25=0x00000001
     433025.000 ns	     43301	80008c14	28771ed3	fmax.s	f29,f14,f7	 f14:0x7fc00000  f7:0xce9d0cf0 f29=0xce9d0cf0
     433065.000 ns	     43305	80008c18	1874a7d3	fdiv.s	f15,f9,f7	  f9:0x00000000  f7:0xce9d0cf0 f15=0x80000000
     433095.000 ns	     43308	80008c1c	215ca653	fsgnjx.s	f12,f25,f21	 f25:0x00000000 f21:0xac7ff7e2 f12=0x80000000
     433135.000 ns	     43312	80008c20	10749153	fmul.s	f2,f9,f7	  f9:0x00000000  f7:0xce9d0cf0  f2=0x80000000
     433155.000 ns	     43314	80008c24	22344b93	xori	x23,x8,547	  x8:0xfffffb91 x23=0xfffff9b2
     433485.000 ns	     43347	80008c28	18719753	fdiv.s	f14,f3,f7	  f3:0xcef1e099  f7:0xce9d0cf0 f14=0x3f71e09a
     433505.000 ns	     43349	80008c2c	01d9c7b3	xor	x15,x19,x29	 x19:0xf4c9c000 x29:0x00000000 x15=0xf4c9c000
     433525.000 ns	     43351	80008c30	a1ce8453	fle.s	x8,f29,f28	 f29:0xce9d0cf0 f28:0x7fc00000  x8=0x00000000
     433545.000 ns	     43353	80008c34	00e31313	slli	x6,x6,0xe	  x6:0x00000569  x6=0x015a4000
     433565.000 ns	     43355	80008c38	03b69ab3	mulh	x21,x13,x27	 x13:0x00000040 x27:0x00000001 x21=0x00000000
     433585.000 ns	     43357	80008c3c	fe9a6413	ori	x8,x20,-23	 x20:0xfffffff8  x8=0xfffffff9
     433915.000 ns	     43390	80008c40	195001d3	fdiv.s	f3,f0,f21	  f0:0x473501cc f21:0xac7ff7e2  f3=0xda7f8a12
     433935.000 ns	     43392	80008c44	b53b0a17	auipc	x20,0xb53b0	 x20=0x353b8c44
     433955.000 ns	     43394	80008c48	f00a04d3	fmv.w.x	f9,x20	 x20:0xfffffff8  f9=0x353b8c44
     433985.000 ns	     43397	80008c4c	02a11133	mulh	x2,x2,x10	  x2:0x00000000 x10:0x00000001  x2=0x00000000
     434025.000 ns	     43401	80008c50	10a7f053	fmul.s	f0,f15,f10	 f15:0x80000000 f10:0xde7fefc0  f0=0x00000000
     434055.000 ns	     43404	80008c54	a176a853	feq.s	x16,f13,f23	 f13:0x00000000 f23:0xcb7ff7e1 x16=0x00000000
     434075.000 ns	     43406	80008c58	0112d333	srl	x6,x5,x17	  x5:0x98534be8 x17:0x00000000  x6=0x98534be8
     434085.000 ns	     43407	80008c5c	40cf5db3	sra	x27,x30,x12	 x30:0x00000000 x12:0x80040fe4 x27=0x00000000
     434125.000 ns	     43411	80008c60	08077ed3	fsub.s	f29,f14,f0	 f14:0x3f71e09a  f0:0x00000000 f29=0x3f71e09a
     434145.000 ns	     43413	80008c64	99b63293	sltiu	x5,x12,-1637	 x12:0x80040fe4  x5=0x00000001
     434155.000 ns	     43414	80008c68	32602093	slti	x1,x0,806	  x0:0x00000000  x1=0x00000001
     434175.000 ns	     43416	80008c6c	03b990b3	mulh	x1,x19,x27	 x19:0xf4c9c000 x27:0x00000000  x1=0x00000000
     434205.000 ns	     43419	80008c70	20e51553	fsgnjn.s	f10,f10,f14	 f10:0xde7fefc0 f14:0x3f71e09a f10=0xde7fefc0
     434225.000 ns	     43421	80008c74	0050e5b3	or	x11,x1,x5	  x1:0x00000000  x5:0x00000001 x11=0x00000001
     434255.000 ns	     43424	80008c78	58087653	fsqrt.s	f12,f16	 f16:0xde7fefc0 f12=0x7fc00000
     434275.000 ns	     43426	80008c7c	006358b3	srl	x17,x6,x6	  x6:0x98534be8  x6:0x98534be8 x17=0x0098534b
     434295.000 ns	     43428	80008c80	c010add3	fcvt.wu.s	x27,f1	  f1:0xcb7ff7e1 x27=0x00fff7e1
     434315.000 ns	     43430	80008c84	00790033	add	x0,x18,x7	 x18:0x00000681  x7:0x00000000
     434325.000 ns	     43431	80008c88	41795033	sra	x0,x18,x23	 x18:0x00000681 x23:0xfffff9b2
     434365.000 ns	     43435	80008c8c	09277553	fsub.s	f10,f14,f18	 f14:0x3f71e09a f18:0x7fc00000 f10=0x7fc00000
     434385.000 ns	     43437	80008c90	08430793	addi	x15,x6,132	  x6:0x98534be8 x15=0x98534c6c
     434395.000 ns	     43438	80008c94	4046d393	srai	x7,x13,0x4	 x13:0x00000040  x7=0x00000004
     434405.000 ns	     43439	80008c98	403d8d33	sub	x26,x27,x3	 x27:0x00fff7e1  x3:0x00000000 x26=0x00fff7e1
     434415.000 ns	     43440	80008c9c	41edda33	sra	x20,x27,x30	 x27:0x00fff7e1 x30:0x00000000 x20=0x00fff7e1
     434435.000 ns	     43442	80008ca0	a1ac11d3	flt.s	x3,f24,f26	 f24:0xdaf1da57 f26:0x4534fea4  x3=0x00000001
     434465.000 ns	     43445	80008ca4	036b4933	div	x18,x22,x22	 x22:0x00000000 x22:0x00000000 x18=0xffffffff
     434495.000 ns	     43448	80008ca8	2182a853	fsgnjx.s	f16,f5,f24	  f5:0x7fc00000 f24:0xdaf1da57 f16=0xffc00000
     434515.000 ns	     43450	80008cac	9a837f93	andi	x31,x6,-1624	  x6:0x98534be8 x31=0x985349a8
     434535.000 ns	     43452	80008cb0	e00c11d3	fclass.s	x3,f24	 f24:0xdaf1da57  x3=0x00000002
     434555.000 ns	     43454	80008cb4	40448ab3	sub	x21,x9,x4	  x9:0x00000001  x4:0x80041024 x21=0x7ffbefdd
     434585.000 ns	     43457	80008cb8	5800be53	fsqrt.s	f28,f1	  f1:0xcb7ff7e1 f28=0x7fc00000
     434615.000 ns	     43460	80008cbc	02f2b733	mulhu	x14,x5,x15	  x5:0x00000001 x15:0x98534c6c x14=0x00000000
     434635.000 ns	     43462	80008cc0	b15a3793	sltiu	x15,x20,-1259	 x20:0x00fff7e1 x15=0x00000001
     434655.000 ns	     43464	80008cc4	28860153	fmin.s	f2,f12,f8	 f12:0x7fc00000  f8:0xac7ff7e2  f2=0xac7ff7e2
     434675.000 ns	     43466	80008cc8	00000013	addi	x0,x0,0	  x0:0x00000000
     434705.000 ns	     43469	80008ccc	185a7953	fdiv.s	f18,f20,f5	 f20:0x4ef1e203  f5:0x7fc00000 f18=0x7fc00000
     434735.000 ns	     43472	80008cd0	e00d8f53	fmv.x.w	x30,f27	 f27:0xcef1e099 x30=0xcef1e099
     434765.000 ns	     43475	80008cd4	a083ab53	feq.s	x22,f7,f8	  f7:0xce9d0cf0  f8:0xac7ff7e2 x22=0x00000000
     434815.000 ns	     43480	80008cd8	0966fcd3	fsub.s	f25,f13,f22	 f13:0x00000000 f22:0x7fc00000 f25=0x7fc00000
     434835.000 ns	     43482	80008cdc	413fd3b3	sra	x7,x31,x19	 x31:0x985349a8 x19:0xf4c9c000  x7=0x985349a8
     434855.000 ns	     43484	80008ce0	020fe033	rem	x0,x31,x0	 x31:0x985349a8  x0:0x00000000
     434875.000 ns	     43486	80008ce4	ab61bf13	sltiu	x30,x3,-1354	  x3:0x00000002 x30=0x00000001
     434885.000 ns	     43487	80008ce8	008d3533	sltu	x10,x26,x8	 x26:0x00fff7e1  x8:0xfffffff9 x10=0x00000001
     434905.000 ns	     43489	80008cec	208083d3	fsgnj.s	f7,f1,f8	  f1:0xcb7ff7e1  f8:0xac7ff7e2  f7=0xcb7ff7e1
     434925.000 ns	     43491	80008cf0	9a8a4cb7	lui	x25,0x9a8a4	 x25=0x9a8a4000
     434945.000 ns	     43493	80008cf4	205198d3	fsgnjn.s	f17,f3,f5	  f3:0xda7f8a12  f5:0x7fc00000 f17=0xda7f8a12
     434995.000 ns	     43498	80008cf8	015211d3	fadd.s	f3,f4,f21	  f4:0x7fc00000 f21:0xac7ff7e2  f3=0x7fc00000
     435025.000 ns	     43501	80008cfc	c01190d3	fcvt.wu.s	x1,f3	  f3:0xda7f8a12  x1=0xffffffff
     435045.000 ns	     43503	80008d00	57b43397	auipc	x7,0x57b43	  x7=0xd7b4bd00
     435065.000 ns	     43505	80008d04	f0050453	fmv.w.x	f8,x10	 x10:0x00000001  f8=0x00000001
     435095.000 ns	     43508	80008d08	034639b3	mulhu	x19,x12,x20	 x12:0x80040fe4 x20:0x00fff7e1 x19=0x00800000
     435125.000 ns	     43511	80008d0c	c00fcad3	fcvt.w.s	x21,f31	 f31:0xdaf1da56 x21=0x80000000
     435145.000 ns	     43513	80008d10	01e69a13	slli	x20,x13,0x1e	 x13:0x00000040 x20=0x00000000
     435175.000 ns	     43516	80008d14	1091f053	fmul.s	f0,f3,f9	  f3:0x7fc00000  f9:0x353b8c44  f0=0x7fc00000
     435195.000 ns	     43518	80008d18	409258b3	sra	x17,x4,x9	  x4:0x80041024  x9:0x00000001 x17=0xc0020812
     435215.000 ns	     43520	80008d1c	20218bd3	fsgnj.s	f23,f3,f2	  f3:0x7fc00000  f2:0xac7ff7e2 f23=0xffc00000
     435235.000 ns	     43522	80008d20	91044a97	auipc	x21,0x91044	 x21=0x1104cd20
     435255.000 ns	     43524	80008d24	0273b333	mulhu	x6,x7,x7	  x7:0xd7b4bd00  x7:0xd7b4bd00  x6=0xb5c11510
     435295.000 ns	     43528	80008d28	19b33753	fdiv.s	f14,f6,f27	  f6:0x7fc00000 f27:0xcef1e099 f14=0x7fc00000
     435325.000 ns	     43531	80008d2c	e00784d3	fmv.x.w	x9,f15	 f15:0x80000000  x9=0x80000000
     435355.000 ns	     43534	80008d30	a1c91f53	flt.s	x30,f18,f28	 f18:0x7fc00000 f28:0x7fc00000 x30=0x00000000
     435375.000 ns	     43536	80008d34	013febb3	or	x23,x31,x19	 x31:0x985349a8 x19:0x00800000 x23=0x98d349a8
     435395.000 ns	     43538	80008d38	0380b9b3	mulhu	x19,x1,x24	  x1:0xffffffff x24:0x00000000 x19=0x00000000
     435415.000 ns	     43540	80008d3c	00de5333	srl	x6,x28,x13	 x28:0x00000007 x13:0x00000040  x6=0x00000007
     435435.000 ns	     43542	80008d40	218484d3	fsgnj.s	f9,f9,f24	  f9:0x353b8c44 f24:0xdaf1da57  f9=0xb53b8c44
     435465.000 ns	     43545	80008d44	a12192d3	flt.s	x5,f3,f18	  f3:0x7fc00000 f18:0x7fc00000  x5=0x00000000
     435495.000 ns	     43548	80008d48	022a56b3	divu	x13,x20,x2	 x20:0x00000000  x2:0x00000000 x13=0xffffffff
     435535.000 ns	     43552	80008d4c	18b00853	fdiv.s	f16,f0,f11	  f0:0x7fc00000 f11:0x2c7ff7e2 f16=0x7fc00000
     435565.000 ns	     43555	80008d50	e00499d3	fclass.s	x19,f9	  f9:0xb53b8c44 x19=0x00000002
     435585.000 ns	     43557	80008d54	b4653713	sltiu	x14,x10,-1210	 x10:0x00000001 x14=0x00000001
     435605.000 ns	     43559	80008d58	2029a253	fsgnjx.s	f4,f19,f2	 f19:0x473501cc  f2:0xac7ff7e2  f4=0xc73501cc
     435625.000 ns	     43561	80008d5c	9a202a97	auipc	x21,0x9a202	 x21=0x1a20ad5c
     435635.000 ns	     43562	80008d60	00785813	srli	x16,x16,0x7	 x16:0x00000000 x16=0x00000000
     435645.000 ns	     43563	80008d64	fdb1b2b7	lui	x5,0xfdb1b	  x5=0xfdb1b000
     436005.000 ns	     43599	80008d68	027d5ab3	divu	x21,x26,x7	 x26:0x00fff7e1  x7:0xd7b4bd00 x21=0x00000000
     436045.000 ns	     43603	80008d6c	5807b1d3	fsqrt.s	f3,f15	 f15:0x80000000  f3=0x80000000
     436065.000 ns	     43605	80008d70	01cba333	slt	x6,x23,x28	 x23:0x98d349a8 x28:0x00000007  x6=0x00000001
     436425.000 ns	     43641	80008d74	03fdc1b3	div	x3,x27,x31	 x27:0x00fff7e1 x31:0x985349a8  x3=0x00000000
     436475.000 ns	     43646	80008d78	00f07ad3	fadd.s	f21,f0,f15	  f0:0x7fc00000 f15:0x80000000 f21=0x7fc00000
     436505.000 ns	     43649	80008d7c	d01043d3	fcvt.s.wu	f7,x0	  x0:0x00000000  f7=0x00000000
     436525.000 ns	     43651	80008d80	01ed4db3	xor	x27,x26,x30	 x26:0x00fff7e1 x30:0x00000000 x27=0x00fff7e1
     436545.000 ns	     43653	80008d84	a1408153	fle.s	x2,f1,f20	  f1:0xcb7ff7e1 f20:0x4ef1e203  x2=0x00000001
     436565.000 ns	     43655	80008d88	40785913	srai	x18,x16,0x7	 x16:0x00000000 x18=0x00000000
     436585.000 ns	     43657	80008d8c	284b0fd3	fmin.s	f31,f22,f4	 f22:0x7fc00000  f4:0xc73501cc f31=0xc73501cc
     436615.000 ns	     43660	80008d90	a1691853	flt.s	x16,f18,f22	 f18:0x7fc00000 f22:0x7fc00000 x16=0x00000000
     436645.000 ns	     43663	80008d94	a06a29d3	feq.s	x19,f20,f6	 f20:0x4ef1e203  f6:0x7fc00000 x19=0x00000000
     436675.000 ns	     43666	80008d98	a0049953	flt.s	x18,f9,f0	  f9:0xb53b8c44  f0:0x7fc00000 x18=0x00000000
     436705.000 ns	     43669	80008d9c	022517b3	mulh	x15,x10,x2	 x10:0x00000001  x2:0x00000001 x15=0x00000000
     436745.000 ns	     43673	80008da0	18e8b5d3	fdiv.s	f11,f17,f14	 f17:0xda7f8a12 f14:0x7fc00000 f11=0x7fc00000
     436775.000 ns	     43676	80008da4	f00a8d53	fmv.w.x	f26,x21	 x21:0x00000000 f26=0x00000000
     436805.000 ns	     43679	80008da8	c0149c53	fcvt.wu.s	x24,f9	  f9:0xb53b8c44 x24=0x00000000
     436855.000 ns	     43684	80008dac	09a5fad3	fsub.s	f21,f11,f26	 f11:0x7fc00000 f26:0x00000000 f21=0x7fc00000
     436875.000 ns	     43686	80008db0	41e9dd13	srai	x26,x19,0x1e	 x19:0x00000000 x26=0x00000000
     436915.000 ns	     43690	80008db4	09b3b853	fsub.s	f16,f7,f27	  f7:0x00000000 f27:0xcef1e099 f16=0x4ef1e099
     436935.000 ns	     43692	80008db8	40a15a93	srai	x21,x2,0xa	  x2:0x00000001 x21=0x00000000
     437295.000 ns	     43728	80008dbc	0282fdb3	remu	x27,x5,x8	  x5:0xfdb1b000  x8:0xfffffff9 x27=0xfdb1b000
     437325.000 ns	     43731	80008dc0	e0069053	fclass.s	x0,f13	 f13:0x00000000
     437355.000 ns	     43734	80008dc4	c01a2053	fcvt.wu.s	x0,f20	 f20:0x4ef1e203
     437375.000 ns	     43736	80008dc8	f6bba313	slti	x6,x23,-149	 x23:0x98d349a8  x6=0x00000001
     437385.000 ns	     43737	80008dcc	00000013	addi	x0,x0,0	  x0:0x00000000
     437395.000 ns	     43738	80008dd0	00ffb7b3	sltu	x15,x31,x15	 x31:0x985349a8 x15:0x00000000 x15=0x00000000
     437415.000 ns	     43740	80008dd4	a11ea5d3	feq.s	x11,f29,f17	 f29:0x3f71e09a f17:0xda7f8a12 x11=0x00000000
     437445.000 ns	     43743	80008dd8	e00e1953	fclass.s	x18,f28	 f28:0x7fc00000 x18=0x00000200
     437465.000 ns	     43745	80008ddc	8909f697	auipc	x13,0x8909f	 x13=0x090a7ddc
     437495.000 ns	     43748	80008de0	11a34d53	fmul.s	f26,f6,f26	  f6:0x7fc00000 f26:0x00000000 f26=0x7fc00000
     437525.000 ns	     43751	80008de4	03ef6b33	rem	x22,x30,x30	 x30:0x00000000 x30:0x00000000 x22=0x00000000
     437555.000 ns	     43754	80008de8	030726b3	mulhsu	x13,x14,x16	 x14:0x00000001 x16:0x00000000 x13=0x00000000
     437575.000 ns	     43756	80008dec	002f27b3	slt	x15,x30,x2	 x30:0x00000000  x2:0x00000001 x15=0x00000001
     437595.000 ns	     43758	80008df0	d0157353	fcvt.s.wu	f6,x10	 x10:0x00000001  f6=0x3f800000
     437965.000 ns	     43795	80008df4	03cbd3b3	divu	x7,x23,x28	 x23:0x98d349a8 x28:0x00000007  x7=0x15d50a85
     438015.000 ns	     43800	80008df8	087d2cd3	fsub.s	f25,f26,f7	 f26:0x7fc00000  f7:0x00000000 f25=0x7fc00000
     438045.000 ns	     43803	80008dfc	29419fd3	fmax.s	f31,f3,f20	  f3:0x80000000 f20:0x4ef1e203 f31=0x4ef1e203
     438075.000 ns	     43806	80008e00	a04f2cd3	feq.s	x25,f30,f4	 f30:0x00000000  f4:0xc73501cc x25=0x00000000
     438095.000 ns	     43808	80008e04	406dd4b3	sra	x9,x27,x6	 x27:0xfdb1b000  x6:0x00000001  x9=0xfed8d800
     438115.000 ns	     43810	80008e08	2096aad3	fsgnjx.s	f21,f13,f9	 f13:0x00000000  f9:0xb53b8c44 f21=0x80000000
     438145.000 ns	     43813	80008e0c	d00c7e53	fcvt.s.w	f28,x24	 x24:0x00000000 f28=0x00000000
     438165.000 ns	     43815	80008e10	00081eb3	sll	x29,x16,x0	 x16:0x00000000  x0:0x00000000 x29=0x00000000
     438185.000 ns	     43817	80008e14	028c09b3	mul	x19,x24,x8	 x24:0x00000000  x8:0xfffffff9 x19=0x00000000
     438235.000 ns	     43822	80008e18	0946fbd3	fsub.s	f23,f13,f20	 f13:0x00000000 f20:0x4ef1e203 f23=0xcef1e203
     438265.000 ns	     43825	80008e1c	e0059353	fclass.s	x6,f11	 f11:0x7fc00000  x6=0x00000200
     438295.000 ns	     43828	80008e20	037000b3	mul	x1,x0,x23	  x0:0x00000000 x23:0x98d349a8  x1=0x00000000
     438325.000 ns	     43831	80008e24	211b9753	fsgnjn.s	f14,f23,f17	 f23:0xcef1e203 f17:0xda7f8a12 f14=0x4ef1e203
     438345.000 ns	     43833	80008e28	ee48e8b7	lui	x17,0xee48e	 x17=0xee48e000
     438365.000 ns	     43835	80008e2c	218d03d3	fsgnj.s	f7,f26,f24	 f26:0x7fc00000 f24:0xdaf1da57  f7=0xffc00000
     438385.000 ns	     43837	80008e30	77facb13	xori	x22,x21,1919	 x21:0x00000000 x22=0x0000077f
     438405.000 ns	     43839	80008e34	c01c72d3	fcvt.wu.s	x5,f24	 f24:0xdaf1da57  x5=0x00000000
     438425.000 ns	     43841	80008e38	414d5393	srai	x7,x26,0x14	 x26:0x00000000  x7=0x00000000
     438435.000 ns	     43842	80008e3c	00750933	add	x18,x10,x7	 x10:0x00000001  x7:0x15d50a85 x18=0x00000001
     438445.000 ns	     43843	80008e40	5d0d4f93	xori	x31,x26,1488	 x26:0x00000000 x31=0x000005d0
     438455.000 ns	     43844	80008e44	00000013	addi	x0,x0,0	  x0:0x00000000
     438475.000 ns	     43846	80008e48	20dfa153	fsgnjx.s	f2,f31,f13	 f31:0x4ef1e203 f13:0x00000000  f2=0x4ef1e203
     438495.000 ns	     43848	80008e4c	c5788b97	auipc	x23,0xc5788	 x23=0x45790e4c
     438515.000 ns	     43850	80008e50	02de35b3	mulhu	x11,x28,x13	 x28:0x00000007 x13:0x00000000 x11=0x00000000
     438535.000 ns	     43852	80008e54	01368533	add	x10,x13,x19	 x13:0x00000000 x19:0x00000000 x10=0x00000000
     438555.000 ns	     43854	80008e58	02b5cab3	div	x21,x11,x11	 x11:0x00000000 x11:0x00000000 x21=0xffffffff
     438585.000 ns	     43857	80008e5c	c01682d3	fcvt.wu.s	x5,f13	 f13:0x00000000  x5=0x00000000
     438605.000 ns	     43859	80008e60	01faddb3	srl	x27,x21,x31	 x21:0xffffffff x31:0x000005d0 x27=0x0000ffff
     438965.000 ns	     43895	80008e64	02e1cd33	div	x26,x3,x14	  x3:0x00000000 x14:0x00000001 x26=0x00000000
     438995.000 ns	     43898	80008e68	c011bb53	fcvt.wu.s	x22,f3	  f3:0x80000000 x22=0x00000000
     439015.000 ns	     43900	80008e6c	409bd2b3	sra	x5,x23,x9	 x23:0x45790e4c  x9:0xfed8d800  x5=0x45790e4c
     439025.000 ns	     43901	80008e70	609fa8b7	lui	x17,0x609fa	 x17=0x609fa000
     439035.000 ns	     43902	80008e74	01d21493	slli	x9,x4,0x1d	  x4:0x80041024  x9=0x80000000
     439395.000 ns	     43938	80008e78	02c24533	div	x10,x4,x12	  x4:0x80041024 x12:0x80040fe4 x10=0x00000000
     439415.000 ns	     43940	80008e7c	01e13933	sltu	x18,x2,x30	  x2:0x00000001 x30:0x00000000 x18=0x00000000
     439435.000 ns	     43942	80008e80	f0070ad3	fmv.w.x	f21,x14	 x14:0x00000001 f21=0x00000001
     439455.000 ns	     43944	80008e84	e0e83b13	sltiu	x22,x16,-498	 x16:0x00000000 x22=0x00000001
     439475.000 ns	     43946	80008e88	d01c0953	fcvt.s.wu	f18,x24	 x24:0x00000000 f18=0x00000000
     439495.000 ns	     43948	80008e8c	49487d93	andi	x27,x16,1172	 x16:0x00000000 x27=0x00000000
     439505.000 ns	     43949	80008e90	017c5393	srli	x7,x24,0x17	 x24:0x00000000  x7=0x00000000
     439535.000 ns	     43952	80008e94	1953a253	fdiv.s	f4,f7,f21	  f7:0xffc00000 f21:0x00000001  f4=0x7fc00000
     439555.000 ns	     43954	80008e98	413c5b33	sra	x22,x24,x19	 x24:0x00000000 x19:0x00000000 x22=0x00000000
     439565.000 ns	     43955	80008e9c	008b2bb3	slt	x23,x22,x8	 x22:0x00000001  x8:0xfffffff9 x23=0x00000000
     439585.000 ns	     43957	80008ea0	a0ec2fd3	feq.s	x31,f24,f14	 f24:0xdaf1da57 f14:0x4ef1e203 x31=0x00000000
     439925.000 ns	     43991	80008ea4	18edf053	fdiv.s	f0,f27,f14	 f27:0xcef1e099 f14:0x4ef1e203  f0=0xbf71e09a
     439955.000 ns	     43994	80008ea8	e00d8b53	fmv.x.w	x22,f27	 f27:0xcef1e099 x22=0xcef1e099
     439985.000 ns	     43997	80008eac	a092af53	feq.s	x30,f5,f9	  f5:0x7fc00000  f9:0xb53b8c44 x30=0x00000000
     440015.000 ns	     44000	80008eb0	03f2d833	divu	x16,x5,x31	  x5:0x45790e4c x31:0x00000000 x16=0xffffffff
     440035.000 ns	     44002	80008eb4	012e2bb3	slt	x23,x28,x18	 x28:0x00000007 x18:0x00000000 x23=0x00000000
     440045.000 ns	     44003	80008eb8	01b01733	sll	x14,x0,x27	  x0:0x00000000 x27:0x00000000 x14=0x00000000
     440055.000 ns	     44004	80008ebc	b0646793	ori	x15,x8,-1274	  x8:0xfffffff9 x15=0xffffffff
     440075.000 ns	     44006	80008ec0	2109a5d3	fsgnjx.s	f11,f19,f16	 f19:0x473501cc f16:0x4ef1e099 f11=0x473501cc
     440095.000 ns	     44008	80008ec4	0168ceb3	xor	x29,x17,x22	 x17:0x609fa000 x22:0xcef1e099 x29=0xae6e4099
     440105.000 ns	     44009	80008ec8	00ff1c33	sll	x24,x30,x15	 x30:0x00000000 x15:0xffffffff x24=0x00000000
     440115.000 ns	     44010	80008ecc	000df5b3	and	x11,x27,x0	 x27:0x00000000  x0:0x00000000 x11=0x00000000
     440135.000 ns	     44012	80008ed0	e0081a53	fclass.s	x20,f16	 f16:0x4ef1e099 x20=0x00000040
     440165.000 ns	     44015	80008ed4	e0001dd3	fclass.s	x27,f0	  f0:0xbf71e09a x27=0x00000002
     440185.000 ns	     44017	80008ed8	016e0d33	add	x26,x28,x22	 x28:0x00000007 x22:0xcef1e099 x26=0xcef1e0a0
     440205.000 ns	     44019	80008edc	c0077953	fcvt.w.s	x18,f14	 f14:0x4ef1e203 x18=0x78f10180
     440225.000 ns	     44021	80008ee0	452fb413	sltiu	x8,x31,1106	 x31:0x00000000  x8=0x00000001
     440245.000 ns	     44023	80008ee4	d00175d3	fcvt.s.w	f11,x2	  x2:0x00000001 f11=0x3f800000
     440265.000 ns	     44025	80008ee8	013ccab3	xor	x21,x25,x19	 x25:0x00000000 x19:0x00000000 x21=0x00000000
     440295.000 ns	     44028	80008eec	58053953	fsqrt.s	f18,f10	 f10:0x7fc00000 f18=0x7fc00000
     440315.000 ns	     44030	80008ef0	008626b3	slt	x13,x12,x8	 x12:0x80040fe4  x8:0x00000001 x13=0x00000001
     440325.000 ns	     44031	80008ef4	67c472b7	lui	x5,0x67c47	  x5=0x67c47000
     440345.000 ns	     44033	80008ef8	e00886d3	fmv.x.w	x13,f17	 f17:0xda7f8a12 x13=0xda7f8a12
     440365.000 ns	     44035	80008efc	01ded693	srli	x13,x29,0x1d	 x29:0xae6e4099 x13=0x00000005
     440395.000 ns	     44038	80008f00	11cf8e53	fmul.s	f28,f31,f28	 f31:0x4ef1e203 f28:0x00000000 f28=0x00000000
     440435.000 ns	     44042	80008f04	19df7fd3	fdiv.s	f31,f30,f29	 f30:0x00000000 f29:0x3f71e09a f31=0x00000000
     440465.000 ns	     44045	80008f08	02c382b3	mul	x5,x7,x12	  x7:0x00000000 x12:0x80040fe4  x5=0x00000000
     440485.000 ns	     44047	80008f0c	00b87d33	and	x26,x16,x11	 x16:0xffffffff x11:0x00000000 x26=0x00000000
     440515.000 ns	     44050	80008f10	11863c53	fmul.s	f24,f12,f24	 f12:0x7fc00000 f24:0xdaf1da57 f24=0x7fc00000
     440545.000 ns	     44053	80008f14	d01679d3	fcvt.s.wu	f19,x12	 x12:0x80040fe4 f19=0x4f00040f
     440565.000 ns	     44055	80008f18	01ce98b3	sll	x17,x29,x28	 x29:0xae6e4099 x28:0x00000007 x17=0x37204c80
     440585.000 ns	     44057	80008f1c	219416d3	fsgnjn.s	f13,f8,f25	  f8:0x00000001 f25:0x7fc00000 f13=0x80000001
     440605.000 ns	     44059	80008f20	d0bab413	sltiu	x8,x21,-757	 x21:0x00000000  x8=0x00000001
     440635.000 ns	     44062	80008f24	58089dd3	fsqrt.s	f27,f17	 f17:0xda7f8a12 f27=0x7fc00000
     440655.000 ns	     44064	80008f28	01fb00b3	add	x1,x22,x31	 x22:0xcef1e099 x31:0x00000000  x1=0xcef1e099
     440675.000 ns	     44066	80008f2c	a1171753	flt.s	x14,f14,f17	 f14:0x4ef1e203 f17:0xda7f8a12 x14=0x00000000
     440705.000 ns	     44069	80008f30	0344bd33	mulhu	x26,x9,x20	  x9:0x80000000 x20:0x00000040 x26=0x00000020
     440725.000 ns	     44071	80008f34	016ec6b3	xor	x13,x29,x22	 x29:0xae6e4099 x22:0xcef1e099 x13=0x609fa000
     440745.000 ns	     44073	80008f38	d01e76d3	fcvt.s.wu	f13,x28	 x28:0x00000007 f13=0x40e00000
     440765.000 ns	     44075	80008f3c	00a4c4b3	xor	x9,x9,x10	  x9:0x80000000 x10:0x00000000  x9=0x80000000
     440775.000 ns	     44076	80008f40	f75a8d37	lui	x26,0xf75a8	 x26=0xf75a8000
     440785.000 ns	     44077	80008f44	01b2dc93	srli	x25,x5,0x1b	  x5:0x00000000 x25=0x00000000
     440795.000 ns	     44078	80008f48	004b3a33	sltu	x20,x22,x4	 x22:0xcef1e099  x4:0x80041024 x20=0x00000000
     440805.000 ns	     44079	80008f4c	009bf7b3	and	x15,x23,x9	 x23:0x00000000  x9:0x80000000 x15=0x00000000
     440815.000 ns	     44080	80008f50	01784033	xor	x0,x16,x23	 x16:0xffffffff x23:0x00000000
     440825.000 ns	     44081	80008f54	005f5f13	srli	x30,x30,0x5	 x30:0x00000000 x30=0x00000000
     440835.000 ns	     44082	80008f58	00b4e6b3	or	x13,x9,x11	  x9:0x80000000 x11:0x00000000 x13=0x80000000
     440855.000 ns	     44084	80008f5c	28eb8fd3	fmin.s	f31,f23,f14	 f23:0xcef1e203 f14:0x4ef1e203 f31=0xcef1e203
     440875.000 ns	     44086	80008f60	0029ecb3	or	x25,x19,x2	 x19:0x00000000  x2:0x00000001 x25=0x00000001
     440895.000 ns	     44088	80008f64	20331b53	fsgnjn.s	f22,f6,f3	  f6:0x3f800000  f3:0x80000000 f22=0x3f800000
     441235.000 ns	     44122	80008f68	180036d3	fdiv.s	f13,f0,f0	  f0:0xbf71e09a  f0:0xbf71e09a f13=0x3fcc47c5
     441605.000 ns	     44159	80008f6c	039d6b33	rem	x22,x26,x25	 x26:0xf75a8000 x25:0x00000001 x22=0x00000000
     441625.000 ns	     44161	80008f70	61b9ed13	ori	x26,x19,1563	 x19:0x00000000 x26=0x0000061b
     441635.000 ns	     44162	80008f74	517c0317	auipc	x6,0x517c0	  x6=0xd17c8f74
     441645.000 ns	     44163	80008f78	00000013	addi	x0,x0,0	  x0:0x00000000
     441665.000 ns	     44165	80008f7c	d0102653	fcvt.s.wu	f12,x0	  x0:0x00000000 f12=0x00000000
     441685.000 ns	     44167	80008f80	00a0b1b3	sltu	x3,x1,x10	  x1:0xcef1e099 x10:0x00000000  x3=0x00000000
     441705.000 ns	     44169	80008f84	03b33733	mulhu	x14,x6,x27	  x6:0xd17c8f74 x27:0x00000002 x14=0x00000001
     441735.000 ns	     44172	80008f88	03b00033	mul	x0,x0,x27	  x0:0x00000000 x27:0x00000002
     441765.000 ns	     44175	80008f8c	c01ef853	fcvt.wu.s	x16,f29	 f29:0x3f71e09a x16=0x00000000
     441805.000 ns	     44179	80008f90	118973d3	fmul.s	f7,f18,f24	 f18:0x7fc00000 f24:0x7fc00000  f7=0x7fc00000
     441835.000 ns	     44182	80008f94	a0430b53	fle.s	x22,f6,f4	  f6:0x3f800000  f4:0x7fc00000 x22=0x00000000
     441855.000 ns	     44184	80008f98	00f100b3	add	x1,x2,x15	  x2:0x00000001 x15:0x00000000  x1=0x00000001
     441865.000 ns	     44185	80008f9c	7dea0893	addi	x17,x20,2014	 x20:0x00000000 x17=0x000007de
     441885.000 ns	     44187	80008fa0	20f619d3	fsgnjn.s	f19,f12,f15	 f12:0x00000000 f15:0x80000000 f19=0x00000000
     441915.000 ns	     44190	80008fa4	d0090853	fcvt.s.w	f16,x18	 x18:0x78f10180 f16=0x4ef1e203
     441935.000 ns	     44192	80008fa8	bc301537	lui	x10,0xbc301	 x10=0xbc301000
     441945.000 ns	     44193	80008fac	994c1c37	lui	x24,0x994c1	 x24=0x994c1000
     441985.000 ns	     44197	80008fb0	08e47953	fsub.s	f18,f8,f14	  f8:0x00000001 f14:0x4ef1e203 f18=0xcef1e203
     442005.000 ns	     44199	80008fb4	e7aaa013	slti	x0,x21,-390	 x21:0x00000000
     442365.000 ns	     44235	80008fb8	029743b3	div	x7,x14,x9	 x14:0x00000001  x9:0x80000000  x7=0x00000000
     442395.000 ns	     44238	80008fbc	a17113d3	flt.s	x7,f2,f23	  f2:0x4ef1e203 f23:0xcef1e203  x7=0x00000000
     442415.000 ns	     44240	80008fc0	00759813	slli	x16,x11,0x7	 x11:0x00000000 x16=0x00000000
     442425.000 ns	     44241	80008fc4	3777b013	sltiu	x0,x15,887	 x15:0x00000000
     442445.000 ns	     44243	80008fc8	20ec00d3	fsgnj.s	f1,f24,f14	 f24:0x7fc00000 f14:0x4ef1e203  f1=0x7fc00000
     442465.000 ns	     44245	80008fcc	00000013	addi	x0,x0,0	  x0:0x00000000
     442475.000 ns	     44246	80008fd0	b75afa37	lui	x20,0xb75af	 x20=0xb75af000
     442485.000 ns	     44247	80008fd4	2a8c3493	sltiu	x9,x24,680	 x24:0x994c1000  x9=0x00000000
     442815.000 ns	     44280	80008fd8	18212cd3	fdiv.s	f25,f2,f2	  f2:0x4ef1e203  f2:0x4ef1e203 f25=0x3f71e204
     442835.000 ns	     44282	80008fdc	0110ff33	and	x30,x1,x17	  x1:0x00000001 x17:0x000007de x30=0x00000000
     442845.000 ns	     44283	80008fe0	00000013	addi	x0,x0,0	  x0:0x00000000
     442865.000 ns	     44285	80008fe4	a1f62f53	feq.s	x30,f12,f31	 f12:0x00000000 f31:0xcef1e203 x30=0x00000000
     442895.000 ns	     44288	80008fe8	a15e0b53	fle.s	x22,f28,f21	 f28:0x00000000 f21:0x00000001 x22=0x00000001
     443265.000 ns	     44325	80008fec	032cf133	remu	x2,x25,x18	 x25:0x00000001 x18:0x78f10180  x2=0x00000001
     443285.000 ns	     44327	80008ff0	01ff4eb3	xor	x29,x30,x31	 x30:0x00000000 x31:0x00000000 x29=0x00000000
     443305.000 ns	     44329	80008ff4	20961f53	fsgnjn.s	f30,f12,f9	 f12:0x00000000  f9:0xb53b8c44 f30=0x00000000
     443335.000 ns	     44332	80008ff8	c01bf6d3	fcvt.wu.s	x13,f23	 f23:0xcef1e203 x13=0x78f10180
     443375.000 ns	     44336	80008ffc	108f79d3	fmul.s	f19,f30,f8	 f30:0x00000000  f8:0x00000001 f19=0x00000000
     443395.000 ns	     44338	80009000	00153433	sltu	x8,x10,x1	 x10:0xbc301000  x1:0x00000001  x8=0x00000000
     443405.000 ns	     44339	80009004	01e31fb3	sll	x31,x6,x30	  x6:0xd17c8f74 x30:0x00000000 x31=0xd17c8f74
     443425.000 ns	     44341	80009008	28369c53	fmax.s	f24,f13,f3	 f13:0x3fcc47c5  f3:0x80000000 f24=0x3fcc47c5
     443445.000 ns	     44343	8000900c	8ac06f37	lui	x30,0x8ac06	 x30=0x8ac06000
     443805.000 ns	     44379	80009010	03287733	remu	x14,x16,x18	 x16:0x00000000 x18:0x78f10180 x14=0x00000000
     443835.000 ns	     44382	80009014	02e7b133	mulhu	x2,x15,x14	 x15:0x00000000 x14:0x00000001  x2=0x00000000
     443855.000 ns	     44384	80009018	400bdd93	srai	x27,x23,0x0	 x23:0x00000000 x27=0x00000000
     443865.000 ns	     44385	8000901c	00dfad33	slt	x26,x31,x13	 x31:0xd17c8f74 x13:0x78f10180 x26=0x00000001
     443875.000 ns	     44386	80009020	41718f33	sub	x30,x3,x23	  x3:0x00000000 x23:0x00000000 x30=0x00000000
     443905.000 ns	     44389	80009024	58021353	fsqrt.s	f6,f4	  f4:0x7fc00000  f6=0x7fc00000
     443925.000 ns	     44391	80009028	a1166e93	ori	x29,x12,-1519	 x12:0x80040fe4 x29=0xfffffff5
     444285.000 ns	     44427	8000902c	02de57b3	divu	x15,x28,x13	 x28:0x00000007 x13:0x78f10180 x15=0x00000000
     444315.000 ns	     44430	80009030	21f82f53	fsgnjx.s	f30,f16,f31	 f16:0x4ef1e203 f31:0xcef1e203 f30=0xcef1e203
     444345.000 ns	     44433	80009034	d0117053	fcvt.s.wu	f0,x2	  x2:0x00000000  f0=0x00000000
     444375.000 ns	     44436	80009038	a0b220d3	feq.s	x1,f4,f11	  f4:0x7fc00000 f11:0x3f800000  x1=0x00000000
     444395.000 ns	     44438	8000903c	a4db6737	lui	x14,0xa4db6	 x14=0xa4db6000
     444415.000 ns	     44440	80009040	d01c9853	fcvt.s.wu	f16,x25	 x25:0x00000001 f16=0x3f800000
     444435.000 ns	     44442	80009044	00b01c13	slli	x24,x0,0xb	  x0:0x00000000 x24=0x00000000
     444455.000 ns	     44444	80009048	e00b09d3	fmv.x.w	x19,f22	 f22:0x3f800000 x19=0x3f800000
     444825.000 ns	     44481	8000904c	031a76b3	remu	x13,x20,x17	 x20:0xb75af000 x17:0x000007de x13=0x00000236
     444855.000 ns	     44484	80009050	c011f9d3	fcvt.wu.s	x19,f3	  f3:0x80000000 x19=0x00000000
     444885.000 ns	     44487	80009054	a1f11053	flt.s	x0,f2,f31	  f2:0x4ef1e203 f31:0xcef1e203
     444915.000 ns	     44490	80009058	d011f7d3	fcvt.s.wu	f15,x3	  x3:0x00000000 f15=0x00000000
     444945.000 ns	     44493	8000905c	c0147fd3	fcvt.wu.s	x31,f8	  f8:0x00000001 x31=0x00000000
     445315.000 ns	     44530	80009060	02c4c2b3	div	x5,x9,x12	  x9:0x00000000 x12:0x80040fe4  x5=0x00000000
     445335.000 ns	     44532	80009064	00d7db33	srl	x22,x15,x13	 x15:0x00000000 x13:0x00000236 x22=0x00000000
     445345.000 ns	     44533	80009068	37b332b7	lui	x5,0x37b33	  x5=0x37b33000
     445365.000 ns	     44535	8000906c	a1661753	flt.s	x14,f12,f22	 f12:0x00000000 f22:0x3f800000 x14=0x00000001
     445385.000 ns	     44537	80009070	00eb1bb3	sll	x23,x22,x14	 x22:0x00000000 x14:0xa4db6000 x23=0x00000000
     445405.000 ns	     44539	80009074	214d8bd3	fsgnj.s	f23,f27,f20	 f27:0x7fc00000 f20:0x4ef1e203 f23=0x7fc00000
     445435.000 ns	     44542	80009078	03fd7b33	remu	x22,x26,x31	 x26:0x00000001 x31:0x00000000 x22=0x00000001
     445465.000 ns	     44545	8000907c	0331efb3	rem	x31,x3,x19	  x3:0x00000000 x19:0x00000000 x31=0x00000000
     445495.000 ns	     44548	80009080	e0009bd3	fclass.s	x23,f1	  f1:0x7fc00000 x23=0x00000200
     445515.000 ns	     44550	80009084	0049a9b3	slt	x19,x19,x4	 x19:0x00000000  x4:0x80041024 x19=0x00000000
     445875.000 ns	     44586	80009088	03a4dcb3	divu	x25,x9,x26	  x9:0x00000000 x26:0x00000001 x25=0x00000000
     445905.000 ns	     44589	8000908c	c005fdd3	fcvt.w.s	x27,f11	 f11:0x3f800000 x27=0x00000001
     445935.000 ns	     44592	80009090	e00e9ed3	fclass.s	x29,f29	 f29:0x3f71e09a x29=0x00000040
     445965.000 ns	     44595	80009094	c00cf153	fcvt.w.s	x2,f25	 f25:0x3f71e204  x2=0x00000000
     445985.000 ns	     44597	80009098	128cd117	auipc	x2,0x128cd	  x2=0x928d6098
     446005.000 ns	     44599	8000909c	e00a1153	fclass.s	x2,f20	 f20:0x4ef1e203  x2=0x00000040
     446035.000 ns	     44602	800090a0	02af1333	mulh	x6,x30,x10	 x30:0x00000000 x10:0xbc301000  x6=0x00000000
     446405.000 ns	     44639	800090a4	03b9ecb3	rem	x25,x19,x27	 x19:0x00000000 x27:0x00000001 x25=0x00000000
     446425.000 ns	     44641	800090a8	e5817393	andi	x7,x2,-424	  x2:0x00000040  x7=0x00000040
     446435.000 ns	     44642	800090ac	0dea7893	andi	x17,x20,222	 x20:0xb75af000 x17=0x00000000
     446445.000 ns	     44643	800090b0	34f1e593	ori	x11,x3,847	  x3:0x00000000 x11=0x0000034f
     446455.000 ns	     44644	800090b4	d577b893	sltiu	x17,x15,-681	 x15:0x00000000 x17=0x00000001
     446465.000 ns	     44645	800090b8	00000013	addi	x0,x0,0	  x0:0x00000000
     446485.000 ns	     44647	800090bc	0283f033	remu	x0,x7,x8	  x7:0x00000040  x8:0x00000000
     446505.000 ns	     44649	800090c0	01001fb3	sll	x31,x0,x16	  x0:0x00000000 x16:0x00000000 x31=0x00000000
     446525.000 ns	     44651	800090c4	0399ddb3	divu	x27,x19,x25	 x19:0x00000000 x25:0x00000000 x27=0xffffffff
     446545.000 ns	     44653	800090c8	0087d933	srl	x18,x15,x8	 x15:0x00000000  x8:0x00000000 x18=0x00000000
     446555.000 ns	     44654	800090cc	9ce88cb7	lui	x25,0x9ce88	 x25=0x9ce88000
     446585.000 ns	     44657	800090d0	5807f2d3	fsqrt.s	f5,f15	 f15:0x00000000  f5=0x00000000
     446615.000 ns	     44660	800090d4	02ba1533	mulh	x10,x20,x11	 x20:0xb75af000 x11:0x0000034f x10=0xffffff0f
     446645.000 ns	     44663	800090d8	a19b1f53	flt.s	x30,f22,f25	 f22:0x3f800000 f25:0x3f71e204 x30=0x00000000
     446665.000 ns	     44665	800090dc	01440eb3	add	x29,x8,x20	  x8:0x00000000 x20:0xb75af000 x29=0xb75af000
     446705.000 ns	     44669	800090e0	0874f8d3	fsub.s	f17,f9,f7	  f9:0xb53b8c44  f7:0x7fc00000 f17=0x7fc00000
     446735.000 ns	     44672	800090e4	039097b3	mulh	x15,x1,x25	  x1:0x00000000 x25:0x9ce88000 x15=0x00000000
     446765.000 ns	     44675	800090e8	21649253	fsgnjn.s	f4,f9,f22	  f9:0xb53b8c44 f22:0x3f800000  f4=0xb53b8c44
     446785.000 ns	     44677	800090ec	002aaeb3	slt	x29,x21,x2	 x21:0x00000000  x2:0x00000040 x29=0x00000001
     447145.000 ns	     44713	800090f0	0246e3b3	rem	x7,x13,x4	 x13:0x00000236  x4:0x80041024  x7=0x00000236
     447175.000 ns	     44716	800090f4	c01628d3	fcvt.wu.s	x17,f12	 f12:0x00000000 x17=0x00000000
     447205.000 ns	     44719	800090f8	02ee9933	mulh	x18,x29,x14	 x29:0x00000001 x14:0x00000001 x18=0x00000000
     447225.000 ns	     44721	800090fc	4d417413	andi	x8,x2,1236	  x2:0x00000040  x8=0x00000040
     447245.000 ns	     44723	80009100	f00109d3	fmv.w.x	f19,x2	  x2:0x00000040 f19=0x00000040
     447275.000 ns	     44726	80009104	a0d781d3	fle.s	x3,f15,f13	 f15:0x00000000 f13:0x3fcc47c5  x3=0x00000001
     447305.000 ns	     44729	80009108	a08c99d3	flt.s	x19,f25,f8	 f25:0x3f71e204  f8:0x00000001 x19=0x00000000
     447335.000 ns	     44732	8000910c	c0191153	fcvt.wu.s	x2,f18	 f18:0xcef1e203  x2=0x78f10180
     447355.000 ns	     44734	80009110	400cd593	srai	x11,x25,0x0	 x25:0x9ce88000 x11=0x9ce88000
     447375.000 ns	     44736	80009114	f0050953	fmv.w.x	f18,x10	 x10:0xffffff0f f18=0xffffff0f
     447405.000 ns	     44739	80009118	21540f53	fsgnj.s	f30,f8,f21	  f8:0x00000001 f21:0x00000001 f30=0x00000001
     447425.000 ns	     44741	8000911c	0037e533	or	x10,x15,x3	 x15:0x00000000  x3:0x00000001 x10=0x00000001
     447435.000 ns	     44742	80009120	00000013	addi	x0,x0,0	  x0:0x00000000
     447445.000 ns	     44743	80009124	977ca313	slti	x6,x25,-1673	 x25:0x9ce88000  x6=0x00000001
     447465.000 ns	     44745	80009128	a13a2153	feq.s	x2,f20,f19	 f20:0x4ef1e203 f19:0x00000040  x2=0x00000000
     447485.000 ns	     44747	8000912c	ba9270b7	lui	x1,0xba927	  x1=0xba927000
     447495.000 ns	     44748	80009130	b77e1bb7	lui	x23,0xb77e1	 x23=0xb77e1000
     447515.000 ns	     44750	80009134	a163a6d3	feq.s	x13,f7,f22	  f7:0x7fc00000 f22:0x3f800000 x13=0x00000000
     447545.000 ns	     44753	80009138	03265eb3	divu	x29,x12,x18	 x12:0x80040fe4 x18:0x00000000 x29=0xffffffff
     447585.000 ns	     44757	8000913c	10a11d53	fmul.s	f26,f2,f10	  f2:0x4ef1e203 f10:0x7fc00000 f26=0x7fc00000
     447605.000 ns	     44759	80009140	41970d33	sub	x26,x14,x25	 x14:0x00000001 x25:0x9ce88000 x26=0x63178001
     447615.000 ns	     44760	80009144	00000013	addi	x0,x0,0	  x0:0x00000000
     447625.000 ns	     44761	80009148	0107f4b3	and	x9,x15,x16	 x15:0x00000000 x16:0x00000000  x9=0x00000000
     447635.000 ns	     44762	8000914c	010ddcb3	srl	x25,x27,x16	 x27:0xffffffff x16:0x00000000 x25=0xffffffff
     447645.000 ns	     44763	80009150	414fdfb3	sra	x31,x31,x20	 x31:0x00000000 x20:0xb75af000 x31=0x00000000
     447655.000 ns	     44764	80009154	012ea733	slt	x14,x29,x18	 x29:0xffffffff x18:0x00000000 x14=0x00000001
     448015.000 ns	     44800	80009158	02a76533	rem	x10,x14,x10	 x14:0x00000001 x10:0x00000001 x10=0x00000000
     448035.000 ns	     44802	8000915c	00f51913	slli	x18,x10,0xf	 x10:0x00000001 x18=0x00000000
     448045.000 ns	     44803	80009160	01476133	or	x2,x14,x20	 x14:0x00000001 x20:0xb75af000  x2=0xb75af001
     448065.000 ns	     44805	80009164	21501d53	fsgnjn.s	f26,f0,f21	  f0:0x00000000 f21:0x00000001 f26=0x80000000
     448095.000 ns	     44808	80009168	03e18bb3	mul	x23,x3,x30	  x3:0x00000001 x30:0x00000000 x23=0x00000000
     448115.000 ns	     44810	8000916c	0104aab3	slt	x21,x9,x16	  x9:0x00000000 x16:0x00000000 x21=0x00000000
     448155.000 ns	     44814	80009170	0814ff53	fsub.s	f30,f9,f1	  f9:0xb53b8c44  f1:0x7fc00000 f30=0x7fc00000
     448195.000 ns	     44818	80009174	19afa1d3	fdiv.s	f3,f31,f26	 f31:0xcef1e203 f26:0x80000000  f3=0x7f800000
     448215.000 ns	     44820	80009178	01644b33	xor	x22,x8,x22	  x8:0x00000040 x22:0x00000001 x22=0x00000041
     448235.000 ns	     44822	8000917c	0208e833	rem	x16,x17,x0	 x17:0x00000000  x0:0x00000000 x16=0x00000000
     448265.000 ns	     44825	80009180	f00a0dd3	fmv.w.x	f27,x20	 x20:0xb75af000 f27=0xb75af000
     448635.000 ns	     44862	80009184	025ee433	rem	x8,x29,x5	 x29:0xffffffff  x5:0x37b33000  x8=0xffffffff
     448665.000 ns	     44865	80009188	03348ab3	mul	x21,x9,x19	  x9:0x00000000 x19:0x00000000 x21=0x00000000
     448715.000 ns	     44870	8000918c	00fef753	fadd.s	f14,f29,f15	 f29:0x3f71e09a f15:0x00000000 f14=0x3f71e09a
     448765.000 ns	     44875	80009190	097af053	fsub.s	f0,f21,f23	 f21:0x00000001 f23:0x7fc00000  f0=0x7fc00000
     448785.000 ns	     44877	80009194	001c74b3	and	x9,x24,x1	 x24:0x00000000  x1:0xba927000  x9=0x00000000
     448795.000 ns	     44878	80009198	017b9ab3	sll	x21,x23,x23	 x23:0x00000000 x23:0x00000000 x21=0x00000000
     448825.000 ns	     44881	8000919c	183270d3	fdiv.s	f1,f4,f3	  f4:0xb53b8c44  f3:0x7f800000  f1=0x80000000
     448845.000 ns	     44883	800091a0	d8c22493	slti	x9,x4,-628	  x4:0x80041024  x9=0x00000001
     448855.000 ns	     44884	800091a4	41055db3	sra	x27,x10,x16	 x10:0x00000000 x16:0x00000000 x27=0x00000000
     448875.000 ns	     44886	800091a8	d0022e53	fcvt.s.w	f28,x4	  x4:0x80041024 f28=0xcefff7e0
     449215.000 ns	     44920	800091ac	19410f53	fdiv.s	f30,f2,f20	  f2:0x4ef1e203 f20:0x4ef1e203 f30=0x3f71e204
     449235.000 ns	     44922	800091b0	014a5db3	srl	x27,x20,x20	 x20:0xb75af000 x20:0xb75af000 x27=0xb75af000
     449255.000 ns	     44924	800091b4	20a783d3	fsgnj.s	f7,f15,f10	 f15:0x00000000 f10:0x7fc00000  f7=0x00000000
     449285.000 ns	     44927	800091b8	a05f1153	flt.s	x2,f30,f5	 f30:0x3f71e204  f5:0x00000000  x2=0x00000000
     449315.000 ns	     44930	800091bc	a16a9153	flt.s	x2,f21,f22	 f21:0x00000001 f22:0x3f800000  x2=0x00000001
     449345.000 ns	     44933	800091c0	d003ff53	fcvt.s.w	f30,x7	  x7:0x00000236 f30=0x440d8000
     449375.000 ns	     44936	800091c4	033c03b3	mul	x7,x24,x19	 x24:0x00000000 x19:0x00000000  x7=0x00000000
     449395.000 ns	     44938	800091c8	00da0533	add	x10,x20,x13	 x20:0xb75af000 x13:0x00000000 x10=0xb75af000
     449405.000 ns	     44939	800091cc	fe4b0e97	auipc	x29,0xfe4b0	 x29=0x7e4b91cc
     449415.000 ns	     44940	800091d0	4033d593	srai	x11,x7,0x3	  x7:0x00000000 x11=0x00000000
     449445.000 ns	     44943	800091d4	182d4253	fdiv.s	f4,f26,f2	 f26:0x80000000  f2:0x4ef1e203  f4=0x80000000
     449475.000 ns	     44946	800091d8	280a8d53	fmin.s	f26,f21,f0	 f21:0x00000001  f0:0x7fc00000 f26=0x00000001
     449495.000 ns	     44948	800091dc	01f054b3	srl	x9,x0,x31	  x0:0x00000000 x31:0x00000000  x9=0x00000000
     449515.000 ns	     44950	800091e0	21572cd3	fsgnjx.s	f25,f14,f21	 f14:0x3f71e09a f21:0x00000001 f25=0x3f71e09a
     449535.000 ns	     44952	800091e4	00b84333	xor	x6,x16,x11	 x16:0x00000000 x11:0x00000000  x6=0x00000000
     449575.000 ns	     44956	800091e8	08901953	fsub.s	f18,f0,f9	  f0:0x7fc00000  f9:0xb53b8c44 f18=0x7fc00000
     449605.000 ns	     44959	800091ec	02eb3fb3	mulhu	x31,x22,x14	 x22:0x00000041 x14:0x00000001 x31=0x00000000
     449655.000 ns	     44964	800091f0	01d57bd3	fadd.s	f23,f10,f29	 f10:0x7fc00000 f29:0x3f71e09a f23=0x7fc00000
     449675.000 ns	     44966	800091f4	000431b3	sltu	x3,x8,x0	  x8:0xffffffff  x0:0x00000000  x3=0x00000000
     449685.000 ns	     44967	800091f8	c5897713	andi	x14,x18,-936	 x18:0x00000000 x14=0x00000000
     449695.000 ns	     44968	800091fc	cee1ad93	slti	x27,x3,-786	  x3:0x00000001 x27=0x00000000
     449715.000 ns	     44970	80009200	a1be1ad3	flt.s	x21,f28,f27	 f28:0xcefff7e0 f27:0xb75af000 x21=0x00000001
     450085.000 ns	     45007	80009204	02515933	divu	x18,x2,x5	  x2:0x00000001  x5:0x37b33000 x18=0x00000000
     450105.000 ns	     45009	80009208	303ee093	ori	x1,x29,771	 x29:0x7e4b91cc  x1=0x7e4b93cf
     450115.000 ns	     45010	8000920c	002a5513	srli	x10,x20,0x2	 x20:0xb75af000 x10=0x2dd6bc00
     450125.000 ns	     45011	80009210	62e0ef93	ori	x31,x1,1582	  x1:0xba927000 x31=0x7e4b97ef
     450135.000 ns	     45012	80009214	00454133	xor	x2,x10,x4	 x10:0xb75af000  x4:0x80041024  x2=0xadd2ac24
     450145.000 ns	     45013	80009218	01a51393	slli	x7,x10,0x1a	 x10:0x2dd6bc00  x7=0x00000000
     450155.000 ns	     45014	8000921c	01c5b7b3	sltu	x15,x11,x28	 x11:0x00000000 x28:0x00000007 x15=0x00000001
     450165.000 ns	     45015	80009220	4ea85097	auipc	x1,0x4ea85	  x1=0xcea8e220
     450175.000 ns	     45016	80009224	01ae9933	sll	x18,x29,x26	 x29:0x7e4b91cc x26:0x63178001 x18=0xfc972398
     450195.000 ns	     45018	80009228	d0130053	fcvt.s.wu	f0,x6	  x6:0x00000000  f0=0x00000000
     450225.000 ns	     45021	8000922c	c01dfdd3	fcvt.wu.s	x27,f27	 f27:0xb75af000 x27=0x00000000
     450275.000 ns	     45026	80009230	09373a53	fsub.s	f20,f14,f19	 f14:0x3f71e09a f19:0x00000040 f20=0x3f71e09a
     450305.000 ns	     45029	80009234	2025a853	fsgnjx.s	f16,f11,f2	 f11:0x3f800000  f2:0x4ef1e203 f16=0x3f800000
     450355.000 ns	     45034	80009238	0942f7d3	fsub.s	f15,f5,f20	  f5:0x00000000 f20:0x3f71e09a f15=0xbf71e09a
     450375.000 ns	     45036	8000923c	a57d6497	auipc	x9,0xa57d6	  x9=0x257df23c
     450385.000 ns	     45037	80009240	00000013	addi	x0,x0,0	  x0:0x00000000
     450425.000 ns	     45041	80009244	017cfdd3	fadd.s	f27,f25,f23	 f25:0x3f71e09a f23:0x7fc00000 f27=0x7fc00000
     450795.000 ns	     45078	80009248	03915833	divu	x16,x2,x25	  x2:0xadd2ac24 x25:0xffffffff x16=0x00000000
     450815.000 ns	     45080	8000924c	c7fc2013	slti	x0,x24,-897	 x24:0x00000000
     450825.000 ns	     45081	80009250	fd1a4693	xori	x13,x20,-47	 x20:0xb75af000 x13=0x48a50fd1
     450835.000 ns	     45082	80009254	009b43b3	xor	x7,x22,x9	 x22:0x00000041  x9:0x257df23c  x7=0x257df27d
     450845.000 ns	     45083	80009258	c7f7bc97	auipc	x25,0xc7f7b	 x25=0x47f84258
     450855.000 ns	     45084	8000925c	405cd9b3	sra	x19,x25,x5	 x25:0xffffffff  x5:0x37b33000 x19=0x47f84258
     450865.000 ns	     45085	80009260	41598f33	sub	x30,x19,x21	 x19:0x00000000 x21:0x00000001 x30=0x47f84257
     450885.000 ns	     45087	80009264	038948b3	div	x17,x18,x24	 x18:0xfc972398 x24:0x00000000 x17=0xffffffff
     450905.000 ns	     45089	80009268	7b998493	addi	x9,x19,1977	 x19:0x47f84258  x9=0x47f84a11
     450925.000 ns	     45091	8000926c	207b2053	fsgnjx.s	f0,f22,f7	 f22:0x3f800000  f7:0x00000000  f0=0x3f800000
     450945.000 ns	     45093	80009270	41f2d913	srai	x18,x5,0x1f	  x5:0x37b33000 x18=0x00000000
     450965.000 ns	     45095	80009274	21552953	fsgnjx.s	f18,f10,f21	 f10:0x7fc00000 f21:0x00000001 f18=0x7fc00000
     450995.000 ns	     45098	80009278	02230033	mul	x0,x6,x2	  x6:0x00000000  x2:0xadd2ac24
     451015.000 ns	     45100	8000927c	01ad1393	slli	x7,x26,0x1a	 x26:0x63178001  x7=0x04000000
     451025.000 ns	     45101	80009280	002bd1b3	srl	x3,x23,x2	 x23:0x00000000  x2:0xadd2ac24  x3=0x00000000
     451035.000 ns	     45102	80009284	41c3dd33	sra	x26,x7,x28	  x7:0x257df27d x28:0x00000007 x26=0x00080000
     451045.000 ns	     45103	80009288	00678133	add	x2,x15,x6	 x15:0x00000001  x6:0x00000000  x2=0x00000001
     451055.000 ns	     45104	8000928c	0171b433	sltu	x8,x3,x23	  x3:0x00000000 x23:0x00000000  x8=0x00000000
     451065.000 ns	     45105	80009290	00c7e2b3	or	x5,x15,x12	 x15:0x00000001 x12:0x80040fe4  x5=0x80040fe5
     451085.000 ns	     45107	80009294	205284d3	fsgnj.s	f9,f5,f5	  f5:0x00000000  f5:0x00000000  f9=0x00000000
     451115.000 ns	     45110	80009298	037812b3	mulh	x5,x16,x23	 x16:0x00000000 x23:0x00000000  x5=0x00000000
     451135.000 ns	     45112	8000929c	01689093	slli	x1,x17,0x16	 x17:0xffffffff  x1=0xffc00000
     451165.000 ns	     45115	800092a0	1058bcd3	fmul.s	f25,f17,f5	 f17:0x7fc00000  f5:0x00000000 f25=0x7fc00000
     451195.000 ns	     45118	800092a4	037181b3	mul	x3,x3,x23	  x3:0x00000000 x23:0x00000000  x3=0x00000000
     451225.000 ns	     45121	800092a8	038b2c33	mulhsu	x24,x22,x24	 x22:0x00000041 x24:0x00000000 x24=0x00000000
     451255.000 ns	     45124	800092ac	216b1cd3	fsgnjn.s	f25,f22,f22	 f22:0x3f800000 f22:0x3f800000 f25=0xbf800000
     451275.000 ns	     45126	800092b0	41a281b3	sub	x3,x5,x26	  x5:0x00000000 x26:0x00080000  x3=0xfff80000
     451295.000 ns	     45128	800092b4	e0090c53	fmv.x.w	x24,f18	 f18:0x7fc00000 x24=0x7fc00000
     451315.000 ns	     45130	800092b8	d28d2013	slti	x0,x26,-728	 x26:0x00080000
     451335.000 ns	     45132	800092bc	f00d0a53	fmv.w.x	f20,x26	 x26:0x00080000 f20=0x00080000
     451355.000 ns	     45134	800092c0	00000013	addi	x0,x0,0	  x0:0x00000000
     451365.000 ns	     45135	800092c4	96ba7db7	lui	x27,0x96ba7	 x27=0x96ba7000
     451375.000 ns	     45136	800092c8	0177d093	srli	x1,x15,0x17	 x15:0x00000001  x1=0x00000000
     451385.000 ns	     45137	800092cc	01737bb3	and	x23,x6,x23	  x6:0x00000000 x23:0x00000000 x23=0x00000000
     451395.000 ns	     45138	800092d0	d6ae39b7	lui	x19,0xd6ae3	 x19=0xd6ae3000
     451435.000 ns	     45142	800092d4	08aef553	fsub.s	f10,f29,f10	 f29:0x3f71e09a f10:0x7fc00000 f10=0x7fc00000
     451455.000 ns	     45144	800092d8	01f0e8b3	or	x17,x1,x31	  x1:0x00000000 x31:0x7e4b97ef x17=0x7e4b97ef
     451465.000 ns	     45145	800092dc	214a4913	xori	x18,x20,532	 x20:0xb75af000 x18=0xb75af214
     451475.000 ns	     45146	800092e0	000122b3	slt	x5,x2,x0	  x2:0x00000001  x0:0x00000000  x5=0x00000000
     451835.000 ns	     45182	800092e4	0360f4b3	remu	x9,x1,x22	  x1:0x00000000 x22:0x00000041  x9=0x00000000
     451865.000 ns	     45185	800092e8	025971b3	remu	x3,x18,x5	 x18:0xb75af214  x5:0x00000000  x3=0xb75af214
     451895.000 ns	     45188	800092ec	d010f6d3	fcvt.s.wu	f13,x1	  x1:0x00000000 f13=0x00000000
     451915.000 ns	     45190	800092f0	ebd0e593	ori	x11,x1,-323	  x1:0x00000000 x11=0xfffffebd
     451935.000 ns	     45192	800092f4	28a68ad3	fmin.s	f21,f13,f10	 f13:0x00000000 f10:0x7fc00000 f21=0x00000000
     451965.000 ns	     45195	800092f8	f0088653	fmv.w.x	f12,x17	 x17:0x7e4b97ef f12=0x7e4b97ef
     451995.000 ns	     45198	800092fc	c016f0d3	fcvt.wu.s	x1,f13	 f13:0x00000000  x1=0x00000000
     452025.000 ns	     45201	80009300	e00e0d53	fmv.x.w	x26,f28	 f28:0xcefff7e0 x26=0xcefff7e0
     452365.000 ns	     45235	80009304	198b7853	fdiv.s	f16,f22,f24	 f22:0x3f800000 f24:0x3fcc47c5 f16=0x3f0cac1c
     452385.000 ns	     45237	80009308	00000013	addi	x0,x0,0	  x0:0x00000000
     452415.000 ns	     45240	8000930c	11324753	fmul.s	f14,f4,f19	  f4:0x80000000 f19:0x00000040 f14=0x80000000
     452785.000 ns	     45277	80009310	024564b3	rem	x9,x10,x4	 x10:0x2dd6bc00  x4:0x80041024  x9=0x2dd6bc00
     452825.000 ns	     45281	80009314	5801bdd3	fsqrt.s	f27,f3	  f3:0x7f800000 f27=0x7f800000
     452875.000 ns	     45286	80009318	00e87153	fadd.s	f2,f16,f14	 f16:0x3f0cac1c f14:0x80000000  f2=0x3f0cac1c
     452905.000 ns	     45289	8000931c	d016bad3	fcvt.s.wu	f21,x13	 x13:0x48a50fd1 f21=0x4e914a20
     452925.000 ns	     45291	80009320	b2086813	ori	x16,x16,-1248	 x16:0x00000000 x16=0xfffffb20
     452935.000 ns	     45292	80009324	b5958d13	addi	x26,x11,-1191	 x11:0xfffffebd x26=0xfffffa16
     452945.000 ns	     45293	80009328	01ba7b33	and	x22,x20,x27	 x20:0xb75af000 x27:0x96ba7000 x22=0x961a7000
     452955.000 ns	     45294	8000932c	8bf29d17	auipc	x26,0x8bf29	 x26=0x0bf3232c
     452975.000 ns	     45296	80009330	211cafd3	fsgnjx.s	f31,f25,f17	 f25:0xbf800000 f17:0x7fc00000 f31=0xbf800000
     453005.000 ns	     45299	80009334	c00694d3	fcvt.w.s	x9,f13	 f13:0x00000000  x9=0x00000000
     453035.000 ns	     45302	80009338	02ea3d33	mulhu	x26,x20,x14	 x20:0xb75af000 x14:0x00000000 x26=0x00000000
     453065.000 ns	     45305	8000933c	03fb17b3	mulh	x15,x22,x31	 x22:0x961a7000 x31:0x7e4b97ef x15=0xcbc1be05
     453115.000 ns	     45310	80009340	01578f53	fadd.s	f30,f15,f21	 f15:0xbf71e09a f21:0x4e914a20 f30=0x4e914a20
     453165.000 ns	     45315	80009344	00640cd3	fadd.s	f25,f8,f6	  f8:0x00000001  f6:0x7fc00000 f25=0x7fc00000
     453185.000 ns	     45317	80009348	012e5193	srli	x3,x28,0x12	 x28:0x00000007  x3=0x00000000
     453205.000 ns	     45319	8000934c	2081a4d3	fsgnjx.s	f9,f3,f8	  f3:0x7f800000  f8:0x00000001  f9=0x7f800000
     453235.000 ns	     45322	80009350	036704b3	mul	x9,x14,x22	 x14:0x00000000 x22:0x961a7000  x9=0x00000000
     453255.000 ns	     45324	80009354	0128e3b3	or	x7,x17,x18	 x17:0x7e4b97ef x18:0xb75af214  x7=0xff5bf7ff
     453295.000 ns	     45328	80009358	014ff9d3	fadd.s	f19,f31,f20	 f31:0xbf800000 f20:0x00080000 f19=0xbf800000
     453325.000 ns	     45331	8000935c	027130b3	mulhu	x1,x2,x7	  x2:0x00000001  x7:0x04000000  x1=0x00000000
     453345.000 ns	     45333	80009360	3d931a97	auipc	x21,0x3d931	 x21=0xbd93a360
     453355.000 ns	     45334	80009364	01fb52b3	srl	x5,x22,x31	 x22:0x961a7000 x31:0x7e4b97ef  x5=0x00012c34
     453385.000 ns	     45337	80009368	101e7153	fmul.s	f2,f28,f1	 f28:0xcefff7e0  f1:0x80000000  f2=0x00000000
     453415.000 ns	     45340	8000936c	e00b1dd3	fclass.s	x27,f22	 f22:0x3f800000 x27=0x00000040
     453435.000 ns	     45342	80009370	b138bb13	sltiu	x22,x17,-1261	 x17:0x7e4b97ef x22=0x00000001
     453445.000 ns	     45343	80009374	13458993	addi	x19,x11,308	 x11:0xfffffebd x19=0xfffffff1
     453455.000 ns	     45344	80009378	01cb1913	slli	x18,x22,0x1c	 x22:0x961a7000 x18=0x10000000
     453495.000 ns	     45348	8000937c	08633953	fsub.s	f18,f6,f6	  f6:0x7fc00000  f6:0x7fc00000 f18=0x7fc00000
     453525.000 ns	     45351	80009380	21a29453	fsgnjn.s	f8,f5,f26	  f5:0x00000000 f26:0x00000001  f8=0x80000000
     453555.000 ns	     45354	80009384	a07423d3	feq.s	x7,f8,f7	  f8:0x00000001  f7:0x00000000  x7=0x00000001
     453585.000 ns	     45357	80009388	20209bd3	fsgnjn.s	f23,f1,f2	  f1:0x80000000  f2:0x00000000 f23=0x80000000
     453605.000 ns	     45359	8000938c	016748b3	xor	x17,x14,x22	 x14:0x00000000 x22:0x00000001 x17=0x00000001
     453965.000 ns	     45395	80009390	0314d8b3	divu	x17,x9,x17	  x9:0x00000000 x17:0x7e4b97ef x17=0x00000000
     453995.000 ns	     45398	80009394	d000c353	fcvt.s.w	f6,x1	  x1:0x00000000  f6=0x00000000
     454015.000 ns	     45400	80009398	5e65e313	ori	x6,x11,1510	 x11:0xfffffebd  x6=0xffffffff
     454035.000 ns	     45402	8000939c	023d6533	rem	x10,x26,x3	 x26:0x00000000  x3:0x00000000 x10=0x00000000
     454055.000 ns	     45404	800093a0	009d1b13	slli	x22,x26,0x9	 x26:0x00000000 x22=0x00000000
     454065.000 ns	     45405	800093a4	001ad993	srli	x19,x21,0x1	 x21:0xbd93a360 x19=0x5ec9d1b0
     454075.000 ns	     45406	800093a8	01f1b7b3	sltu	x15,x3,x31	  x3:0x00000000 x31:0x7e4b97ef x15=0x00000001
     454095.000 ns	     45408	800093ac	a11d8a53	fle.s	x20,f27,f17	 f27:0x7f800000 f17:0x7fc00000 x20=0x00000000
     454125.000 ns	     45411	800093b0	21fd2453	fsgnjx.s	f8,f26,f31	 f26:0x00000001 f31:0xbf800000  f8=0x80000001
     454145.000 ns	     45413	800093b4	00000013	addi	x0,x0,0	  x0:0x00000000
     454165.000 ns	     45415	800093b8	e00a1d53	fclass.s	x26,f20	 f20:0x00080000 x26=0x00000020
     454195.000 ns	     45418	800093bc	c0137fd3	fcvt.wu.s	x31,f6	  f6:0x00000000 x31=0x00000000
     454215.000 ns	     45420	800093c0	0057b5b3	sltu	x11,x15,x5	 x15:0x00000001  x5:0x00012c34 x11=0x00000001
     454225.000 ns	     45421	800093c4	01d8c733	xor	x14,x17,x29	 x17:0x00000000 x29:0x7e4b91cc x14=0x7e4b91cc
     454235.000 ns	     45422	800093c8	00000013	addi	x0,x0,0	  x0:0x00000000
     454245.000 ns	     45423	800093cc	015ed013	srli	x0,x29,0x15	 x29:0x7e4b91cc
     454255.000 ns	     45424	800093d0	002fd1b3	srl	x3,x31,x2	 x31:0x00000000  x2:0x00000001  x3=0x00000000
     454265.000 ns	     45425	800093d4	54676093	ori	x1,x14,1350	 x14:0x7e4b91cc  x1=0x7e4b95ce
     454625.000 ns	     45461	800093d8	02bef133	remu	x2,x29,x11	 x29:0x7e4b91cc x11:0x00000001  x2=0x00000000
     454645.000 ns	     45463	800093dc	00000013	addi	x0,x0,0	  x0:0x00000000
     455005.000 ns	     45499	800093e0	02427333	remu	x6,x4,x4	  x4:0x80041024  x4:0x80041024  x6=0x00000000
     455035.000 ns	     45502	800093e4	02686733	rem	x14,x16,x6	 x16:0xfffffb20  x6:0xffffffff x14=0xfffffb20
     455055.000 ns	     45504	800093e8	6a30c913	xori	x18,x1,1699	  x1:0x7e4b95ce x18=0x7e4b936d
     455415.000 ns	     45540	800093ec	03a670b3	remu	x1,x12,x26	 x12:0x80040fe4 x26:0x00000020  x1=0x00000004
     455445.000 ns	     45543	800093f0	205b9853	fsgnjn.s	f16,f23,f5	 f23:0x80000000  f5:0x00000000 f16=0x80000000
     455465.000 ns	     45545	800093f4	007b9b13	slli	x22,x23,0x7	 x23:0x00000000 x22=0x00000000
     455475.000 ns	     45546	800093f8	0150c433	xor	x8,x1,x21	  x1:0x00000004 x21:0xbd93a360  x8=0xbd93a364
     455495.000 ns	     45548	800093fc	210aa0d3	fsgnjx.s	f1,f21,f16	 f21:0x4e914a20 f16:0x80000000  f1=0xce914a20
     455525.000 ns	     45551	80009400	a17389d3	fle.s	x19,f7,f23	  f7:0x00000000 f23:0x80000000 x19=0x00000001
     455545.000 ns	     45553	80009404	01dfa9b3	slt	x19,x31,x29	 x31:0x00000000 x29:0x7e4b91cc x19=0x00000001
     455905.000 ns	     45589	80009408	030aeeb3	rem	x29,x21,x16	 x21:0xbd93a360 x16:0xfffffb20 x29=0x00000000
     455935.000 ns	     45592	8000940c	2167a6d3	fsgnjx.s	f13,f15,f22	 f15:0xbf71e09a f22:0x3f800000 f13=0xbf71e09a
     455965.000 ns	     45595	80009410	a041afd3	feq.s	x31,f3,f4	  f3:0x7f800000  f4:0x80000000 x31=0x00000000
     455985.000 ns	     45597	80009414	41625513	srai	x10,x4,0x16	  x4:0x80041024 x10=0xfffffe00
     456005.000 ns	     45599	80009418	03c08033	mul	x0,x1,x28	  x1:0x00000004 x28:0x00000007
     456025.000 ns	     45601	8000941c	005adf13	srli	x30,x21,0x5	 x21:0xbd93a360 x30=0x05ec9d1b
     456035.000 ns	     45602	80009420	95467893	andi	x17,x12,-1708	 x12:0x80040fe4 x17=0x80040944
     456055.000 ns	     45604	80009424	a0a985d3	fle.s	x11,f19,f10	 f19:0xbf800000 f10:0x7fc00000 x11=0x00000000
     456075.000 ns	     45606	80009428	40130f33	sub	x30,x6,x1	  x6:0x00000000  x1:0x00000004 x30=0xfffffffc
     456085.000 ns	     45607	8000942c	00242db3	slt	x27,x8,x2	  x8:0xbd93a364  x2:0x00000000 x27=0x00000001
     456445.000 ns	     45643	80009430	031dd033	divu	x0,x27,x17	 x27:0x00000040 x17:0x80040944
     456465.000 ns	     45645	80009434	afab3337	lui	x6,0xafab3	  x6=0xafab3000
     456485.000 ns	     45647	80009438	20eda1d3	fsgnjx.s	f3,f27,f14	 f27:0x7f800000 f14:0x80000000  f3=0xff800000
     456505.000 ns	     45649	8000943c	81eca293	slti	x5,x25,-2018	 x25:0x47f84258  x5=0x00000000
     456525.000 ns	     45651	80009440	d01f8ad3	fcvt.s.wu	f21,x31	 x31:0x00000000 f21=0x00000000
     456575.000 ns	     45656	80009444	08d2f8d3	fsub.s	f17,f5,f13	  f5:0x00000000 f13:0xbf71e09a f17=0x3f71e09a
     456605.000 ns	     45659	80009448	037167b3	rem	x15,x2,x23	  x2:0x00000000 x23:0x00000000 x15=0x00000000
     456635.000 ns	     45662	8000944c	287a90d3	fmax.s	f1,f21,f7	 f21:0x00000000  f7:0x00000000  f1=0x00000000
     456665.000 ns	     45665	80009450	d00fca53	fcvt.s.w	f20,x31	 x31:0x00000000 f20=0x00000000
     456695.000 ns	     45668	80009454	29ce9853	fmax.s	f16,f29,f28	 f29:0x3f71e09a f28:0xcefff7e0 f16=0x3f71e09a
     456725.000 ns	     45671	80009458	20d510d3	fsgnjn.s	f1,f10,f13	 f10:0x7fc00000 f13:0xbf71e09a  f1=0x7fc00000
     456755.000 ns	     45674	8000945c	2078a353	fsgnjx.s	f6,f17,f7	 f17:0x3f71e09a  f7:0x00000000  f6=0x3f71e09a
     456775.000 ns	     45676	80009460	006d1f33	sll	x30,x26,x6	 x26:0x00000020  x6:0xafab3000 x30=0x00000020
     456785.000 ns	     45677	80009464	be5df413	andi	x8,x27,-1051	 x27:0x00000001  x8=0x00000001
     456795.000 ns	     45678	80009468	e4d07e93	andi	x29,x0,-435	  x0:0x00000000 x29=0x00000000
     456815.000 ns	     45680	8000946c	21c9a5d3	fsgnjx.s	f11,f19,f28	 f19:0xbf800000 f28:0xcefff7e0 f11=0x3f800000
     456835.000 ns	     45682	80009470	40f7dd93	srai	x27,x15,0xf	 x15:0x00000000 x27=0x00000000
     456855.000 ns	     45684	80009474	c002ffd3	fcvt.w.s	x31,f5	  f5:0x00000000 x31=0x00000000
     456875.000 ns	     45686	80009478	018fb0b3	sltu	x1,x31,x24	 x31:0x00000000 x24:0x7fc00000  x1=0x00000001
     456885.000 ns	     45687	8000947c	95ee4d37	lui	x26,0x95ee4	 x26=0x95ee4000
     456905.000 ns	     45689	80009480	c007c3d3	fcvt.w.s	x7,f15	 f15:0xbf71e09a  x7=0xffffffff
     456935.000 ns	     45692	80009484	c002ff53	fcvt.w.s	x30,f5	  f5:0x00000000 x30=0x00000000
     456985.000 ns	     45697	80009488	0155fd53	fadd.s	f26,f11,f21	 f11:0x3f800000 f21:0x00000000 f26=0x3f800000
     457015.000 ns	     45700	8000948c	c019f1d3	fcvt.wu.s	x3,f19	 f19:0xbf800000  x3=0x00000001
     457035.000 ns	     45702	80009490	f4496b93	ori	x23,x18,-188	 x18:0x7e4b936d x23=0xffffff6d
     457045.000 ns	     45703	80009494	0011e8b3	or	x17,x3,x1	  x3:0x00000001  x1:0x00000001 x17=0x00000001
     457055.000 ns	     45704	80009498	411bd4b3	sra	x9,x23,x17	 x23:0x00000000 x17:0x80040944  x9=0xffffffb6
     457065.000 ns	     45705	8000949c	018bc6b3	xor	x13,x23,x24	 x23:0xffffff6d x24:0x7fc00000 x13=0x803fff6d
     457075.000 ns	     45706	800094a0	004018b3	sll	x17,x0,x4	  x0:0x00000000  x4:0x80041024 x17=0x00000000
     457085.000 ns	     45707	800094a4	00156cb3	or	x25,x10,x1	 x10:0xfffffe00  x1:0x00000001 x25=0xfffffe01
     457445.000 ns	     45743	800094a8	0242f0b3	remu	x1,x5,x4	  x5:0x00000000  x4:0x80041024  x1=0x00000000
     457475.000 ns	     45746	800094ac	025f1433	mulh	x8,x30,x5	 x30:0x00000000  x5:0x00000000  x8=0x00000000
     457495.000 ns	     45748	800094b0	939d3b93	sltiu	x23,x26,-1735	 x26:0x95ee4000 x23=0x00000001
     457505.000 ns	     45749	800094b4	61170c13	addi	x24,x14,1553	 x14:0xfffffb20 x24=0x00000131
     457515.000 ns	     45750	800094b8	01e8d793	srli	x15,x17,0x1e	 x17:0x00000000 x15=0x00000000
     457535.000 ns	     45752	800094bc	0212c333	div	x6,x5,x1	  x5:0x00000000  x1:0x00000000  x6=0xffffffff
     457555.000 ns	     45754	800094c0	01562a33	slt	x20,x12,x21	 x12:0x80040fe4 x21:0xbd93a360 x20=0x00000001
     457575.000 ns	     45756	800094c4	281b9553	fmax.s	f10,f23,f1	 f23:0x80000000  f1:0x7fc00000 f10=0x80000000
     457595.000 ns	     45758	800094c8	81884493	xori	x9,x16,-2024	 x16:0xfffffb20  x9=0x00000338
     457605.000 ns	     45759	800094cc	41ddd0b3	sra	x1,x27,x29	 x27:0x00000000 x29:0x00000000  x1=0x00000000
     457635.000 ns	     45762	800094d0	10f1be53	fmul.s	f28,f3,f15	  f3:0xff800000 f15:0xbf71e09a f28=0x7f800000
     457655.000 ns	     45764	800094d4	40e8db13	srai	x22,x17,0xe	 x17:0x00000000 x22=0x00000000
     457675.000 ns	     45766	800094d8	28c98cd3	fmin.s	f25,f19,f12	 f19:0xbf800000 f12:0x7e4b97ef f25=0xbf800000
     457705.000 ns	     45769	800094dc	c00f7953	fcvt.w.s	x18,f30	 f30:0x4e914a20 x18=0x48a51000
     457725.000 ns	     45771	800094e0	00f31a33	sll	x20,x6,x15	  x6:0xffffffff x15:0x00000000 x20=0xffffffff
     457745.000 ns	     45773	800094e4	c009fa53	fcvt.w.s	x20,f19	 f19:0xbf800000 x20=0x00000001
     457775.000 ns	     45776	800094e8	211a2053	fsgnjx.s	f0,f20,f17	 f20:0x00000000 f17:0x3f71e09a  f0=0x00000000
     457795.000 ns	     45778	800094ec	00000013	addi	x0,x0,0	  x0:0x00000000
     457825.000 ns	     45781	800094f0	1926f353	fdiv.s	f6,f13,f18	 f13:0xbf71e09a f18:0x7fc00000  f6=0x7fc00000
     457855.000 ns	     45784	800094f4	f00702d3	fmv.w.x	f5,x14	 x14:0xfffffb20  f5=0xfffffb20
     457885.000 ns	     45787	800094f8	c00b7453	fcvt.w.s	x8,f22	 f22:0x3f800000  x8=0x00000001
     457925.000 ns	     45791	800094fc	116130d3	fmul.s	f1,f2,f22	  f2:0x00000000 f22:0x3f800000  f1=0x00000000
     458295.000 ns	     45828	80009500	0273e5b3	rem	x11,x7,x7	  x7:0xffffffff  x7:0xffffffff x11=0x00000000
     458345.000 ns	     45833	80009504	08cb7a53	fsub.s	f20,f22,f12	 f22:0x3f800000 f12:0x7e4b97ef f20=0xfe4b97ef
     458395.000 ns	     45838	80009508	015a7e53	fadd.s	f28,f20,f21	 f20:0x00000000 f21:0x00000000 f28=0xfe4b97ef
     458415.000 ns	     45840	8000950c	00ac1033	sll	x0,x24,x10	 x24:0x00000131 x10:0xfffffe00
     458435.000 ns	     45842	80009510	c0057b53	fcvt.w.s	x22,f10	 f10:0x80000000 x22=0x00000000
     458805.000 ns	     45879	80009514	02a6d8b3	divu	x17,x13,x10	 x13:0x803fff6d x10:0xfffffe00 x17=0x00000000
     459175.000 ns	     45916	80009518	0332f033	remu	x0,x5,x19	  x5:0x00000000 x19:0x00000001
     459195.000 ns	     45918	8000951c	01b7dcb3	srl	x25,x15,x27	 x15:0x00000000 x27:0x00000000 x25=0x00000000
     459555.000 ns	     45954	80009520	0306f433	remu	x8,x13,x16	 x13:0x803fff6d x16:0xfffffb20  x8=0x803fff6d
     459575.000 ns	     45956	80009524	ebdb6897	auipc	x17,0xebdb6	 x17=0x6bdbf524
     459585.000 ns	     45957	80009528	53d2ff93	andi	x31,x5,1341	  x5:0x00000000 x31=0x00000000
     460755.000 ns	     46074	8000952c	5808fe53	fsqrt.s	f28,f17	 f17:0x3f71e09a f28=0x3f2b086a
     460775.000 ns	     46076	80009530	a34e7093	andi	x1,x28,-1484	 x28:0x00000007  x1=0x00000004
     460795.000 ns	     46078	80009534	f00887d3	fmv.w.x	f15,x17	 x17:0x6bdbf524 f15=0x6bdbf524
     460825.000 ns	     46081	80009538	f00d0c53	fmv.w.x	f24,x26	 x26:0x95ee4000 f24=0x95ee4000
     460855.000 ns	     46084	8000953c	02f8e933	rem	x18,x17,x15	 x17:0x6bdbf524 x15:0x00000000 x18=0x6bdbf524
     460875.000 ns	     46086	80009540	41aad313	srai	x6,x21,0x1a	 x21:0xbd93a360  x6=0xffffffef
     460895.000 ns	     46088	80009544	022615b3	mulh	x11,x12,x2	 x12:0x80040fe4  x2:0x00000000 x11=0x00000000
     460915.000 ns	     46090	80009548	00bd5e93	srli	x29,x26,0xb	 x26:0x95ee4000 x29=0x0012bdc8
     460935.000 ns	     46092	8000954c	f00f0dd3	fmv.w.x	f27,x30	 x30:0x00000000 f27=0x00000000
     460965.000 ns	     46095	80009550	03293eb3	mulhu	x29,x18,x18	 x18:0x6bdbf524 x18:0x6bdbf524 x29=0x2d719be9
     461015.000 ns	     46100	80009554	01b181d3	fadd.s	f3,f3,f27	  f3:0xff800000 f27:0x00000000  f3=0xff800000
     461035.000 ns	     46102	80009558	009da133	slt	x2,x27,x9	 x27:0x00000000  x9:0x00000338  x2=0x00000001
     461045.000 ns	     46103	8000955c	00000013	addi	x0,x0,0	  x0:0x00000000
     461075.000 ns	     46106	80009560	5803b5d3	fsqrt.s	f11,f7	  f7:0x00000000 f11=0x00000000
     461105.000 ns	     46109	80009564	c01ef953	fcvt.wu.s	x18,f29	 f29:0x3f71e09a x18=0x00000000
     461475.000 ns	     46146	80009568	0314ddb3	divu	x27,x9,x17	  x9:0x00000338 x17:0x6bdbf524 x27=0x00000000
     461505.000 ns	     46149	8000956c	28380253	fmin.s	f4,f16,f3	 f16:0x3f71e09a  f3:0xff800000  f4=0xff800000
     461535.000 ns	     46152	80009570	02eb3033	mulhu	x0,x22,x14	 x22:0x00000000 x14:0xfffffb20
     461575.000 ns	     46156	80009574	180f71d3	fdiv.s	f3,f30,f0	 f30:0x4e914a20  f0:0x00000000  f3=0x7f800000
     461615.000 ns	     46160	80009578	1896fb53	fdiv.s	f22,f13,f9	 f13:0xbf71e09a  f9:0x7f800000 f22=0x80000000
     461985.000 ns	     46197	8000957c	038eefb3	rem	x31,x29,x24	 x29:0x2d719be9 x24:0x00000131 x31=0x0000006f
     462015.000 ns	     46200	80009580	200ea3d3	fsgnjx.s	f7,f29,f0	 f29:0x3f71e09a  f0:0x00000000  f7=0x3f71e09a
     462045.000 ns	     46203	80009584	a0192953	feq.s	x18,f18,f1	 f18:0x7fc00000  f1:0x00000000 x18=0x00000000
     462075.000 ns	     46206	80009588	c0137a53	fcvt.wu.s	x20,f6	  f6:0x7fc00000 x20=0xffffffff
     462105.000 ns	     46209	8000958c	02bd6b33	rem	x22,x26,x11	 x26:0x95ee4000 x11:0x00000000 x22=0x95ee4000
     462135.000 ns	     46212	80009590	03f397b3	mulh	x15,x7,x31	  x7:0xffffffff x31:0x0000006f x15=0xffffffff
     462155.000 ns	     46214	80009594	e2c52393	slti	x7,x10,-468	 x10:0xfffffe00  x7=0x00000001
     462165.000 ns	     46215	80009598	00000013	addi	x0,x0,0	  x0:0x00000000
     462525.000 ns	     46251	8000959c	02ec72b3	remu	x5,x24,x14	 x24:0x00000131 x14:0xfffffb20  x5=0x00000131
     462545.000 ns	     46253	800095a0	eb25ec17	auipc	x24,0xeb25e	 x24=0x6b2675a0
     462565.000 ns	     46255	800095a4	e0058753	fmv.x.w	x14,f11	 f11:0x00000000 x14=0x00000000
     462585.000 ns	     46257	800095a8	00b53eb3	sltu	x29,x10,x11	 x10:0xfffffe00 x11:0x00000000 x29=0x00000000
     462595.000 ns	     46258	800095ac	016b9e93	slli	x29,x23,0x16	 x23:0x00000001 x29=0x00400000
     462605.000 ns	     46259	800095b0	01fb54b3	srl	x9,x22,x31	 x22:0x95ee4000 x31:0x0000006f  x9=0x00012bdc
     462625.000 ns	     46261	800095b4	20a78053	fsgnj.s	f0,f15,f10	 f15:0x6bdbf524 f10:0x80000000  f0=0xebdbf524
     462645.000 ns	     46263	800095b8	003a9533	sll	x10,x21,x3	 x21:0xbd93a360  x3:0x00000001 x10=0x7b2746c0
     462655.000 ns	     46264	800095bc	cb2e3e93	sltiu	x29,x28,-846	 x28:0x00000007 x29=0x00000001
     462665.000 ns	     46265	800095c0	007f2533	slt	x10,x30,x7	 x30:0x00000000  x7:0x00000001 x10=0x00000001
     462675.000 ns	     46266	800095c4	8b133313	sltiu	x6,x6,-1871	  x6:0xffffffef  x6=0x00000000
     462685.000 ns	     46267	800095c8	418ed4b3	sra	x9,x29,x24	 x29:0x00000001 x24:0x6b2675a0  x9=0x00000001
     462705.000 ns	     46269	800095cc	20a62353	fsgnjx.s	f6,f12,f10	 f12:0x7e4b97ef f10:0x80000000  f6=0xfe4b97ef
     462725.000 ns	     46271	800095d0	172c3093	sltiu	x1,x24,370	 x24:0x6b2675a0  x1=0x00000000
     463895.000 ns	     46388	800095d4	58089653	fsqrt.s	f12,f17	 f17:0x3f71e09a f12=0x3f2b086a
     463925.000 ns	     46391	800095d8	a09400d3	fle.s	x1,f8,f9	  f8:0x80000001  f9:0x7f800000  x1=0x00000001
     463965.000 ns	     46395	800095dc	1801b6d3	fdiv.s	f13,f3,f0	  f3:0x7f800000  f0:0xebdbf524 f13=0xff800000
     464015.000 ns	     46400	800095e0	08663453	fsub.s	f8,f12,f6	 f12:0x3f2b086a  f6:0xfe4b97ef  f8=0x7e4b97ef
     464035.000 ns	     46402	800095e4	4196d8b3	sra	x17,x13,x25	 x13:0x803fff6d x25:0x00000000 x17=0x803fff6d
     464045.000 ns	     46403	800095e8	405a50b3	sra	x1,x20,x5	 x20:0xffffffff  x5:0x00000131  x1=0xffffffff
     464065.000 ns	     46405	800095ec	21359453	fsgnjn.s	f8,f11,f19	 f11:0x00000000 f19:0xbf800000  f8=0x00000000
     464085.000 ns	     46407	800095f0	eb102d97	auipc	x27,0xeb102	 x27=0x6b10b5f0
     464445.000 ns	     46443	800095f4	0240f933	remu	x18,x1,x4	  x1:0xffffffff  x4:0x80041024 x18=0x7ffbefdb
     464465.000 ns	     46445	800095f8	00cba9b3	slt	x19,x23,x12	 x23:0x00000001 x12:0x80040fe4 x19=0x00000000
     464475.000 ns	     46446	800095fc	002e30b3	sltu	x1,x28,x2	 x28:0x00000007  x2:0x00000001  x1=0x00000000
     464495.000 ns	     46448	80009600	217da8d3	fsgnjx.s	f17,f27,f23	 f27:0x00000000 f23:0x80000000 f17=0x80000000
     464525.000 ns	     46451	80009604	e0058853	fmv.x.w	x16,f11	 f11:0x00000000 x16=0x00000000
     464545.000 ns	     46453	80009608	00593333	sltu	x6,x18,x5	 x18:0x7ffbefdb  x5:0x00000131  x6=0x00000000
     464565.000 ns	     46455	8000960c	e00c82d3	fmv.x.w	x5,f25	 f25:0xbf800000  x5=0xbf800000
     464595.000 ns	     46458	80009610	02fa1d33	mulh	x26,x20,x15	 x20:0xffffffff x15:0xffffffff x26=0x00000000
     464615.000 ns	     46460	80009614	000998b3	sll	x17,x19,x0	 x19:0x00000000  x0:0x00000000 x17=0x00000000
     464975.000 ns	     46496	80009618	03ca5833	divu	x16,x20,x28	 x20:0xffffffff x28:0x00000007 x16=0x24924924
     465005.000 ns	     46499	8000961c	29358053	fmin.s	f0,f11,f19	 f11:0x00000000 f19:0xbf800000  f0=0xbf800000
     465025.000 ns	     46501	80009620	0196b933	sltu	x18,x13,x25	 x13:0x803fff6d x25:0x00000000 x18=0x00000000
     465035.000 ns	     46502	80009624	01a75433	srl	x8,x14,x26	 x14:0x00000000 x26:0x00000000  x8=0x00000000
     465395.000 ns	     46538	80009628	03f4ceb3	div	x29,x9,x31	  x9:0x00000001 x31:0x0000006f x29=0x00000000
     465415.000 ns	     46540	8000962c	00000013	addi	x0,x0,0	  x0:0x00000000
     465435.000 ns	     46542	80009630	0324fcb3	remu	x25,x9,x18	  x9:0x00000001 x18:0x00000000 x25=0x00000001
     465455.000 ns	     46544	80009634	00034eb3	xor	x29,x6,x0	  x6:0x00000000  x0:0x00000000 x29=0x00000000
     465495.000 ns	     46548	80009638	082293d3	fsub.s	f7,f5,f2	  f5:0xfffffb20  f2:0x00000000  f7=0x7fc00000
     465525.000 ns	     46551	8000963c	c00b2a53	fcvt.w.s	x20,f22	 f22:0x80000000 x20=0x00000000
     465545.000 ns	     46553	80009640	011be3b3	or	x7,x23,x17	 x23:0x00000001 x17:0x00000000  x7=0x00000001
     465555.000 ns	     46554	80009644	b00e4c93	xori	x25,x28,-1280	 x28:0x00000007 x25=0xfffffb07
     465575.000 ns	     46556	80009648	d0149153	fcvt.s.wu	f2,x9	  x9:0x00000001  f2=0x3f800000
     465605.000 ns	     46559	8000964c	02bba7b3	mulhsu	x15,x23,x11	 x23:0x00000001 x11:0x00000000 x15=0x00000000
     465635.000 ns	     46562	80009650	a1069853	flt.s	x16,f13,f16	 f13:0xff800000 f16:0x3f71e09a x16=0x00000001
     465655.000 ns	     46564	80009654	41c9db13	srai	x22,x19,0x1c	 x19:0x00000000 x22=0x00000000
     465685.000 ns	     46567	80009658	11d7f3d3	fmul.s	f7,f15,f29	 f15:0x6bdbf524 f29:0x3f71e09a  f7=0x6bcfd2c2
     465735.000 ns	     46572	8000965c	09ef35d3	fsub.s	f11,f30,f30	 f30:0x4e914a20 f30:0x4e914a20 f11=0x80000000
     465765.000 ns	     46575	80009660	a1c085d3	fle.s	x11,f1,f28	  f1:0x00000000 f28:0x3f2b086a x11=0x00000001
     465795.000 ns	     46578	80009664	a0060153	fle.s	x2,f12,f0	 f12:0x3f2b086a  f0:0xbf800000  x2=0x00000000
     465815.000 ns	     46580	80009668	bf3fb913	sltiu	x18,x31,-1037	 x31:0x0000006f x18=0x00000001
     466985.000 ns	     46697	8000966c	58087853	fsqrt.s	f16,f16	 f16:0x3f71e09a f16=0x3f2b086a
     467015.000 ns	     46700	80009670	c00c8553	fcvt.w.s	x10,f25	 f25:0xbf800000 x10=0xffffffff
     467035.000 ns	     46702	80009674	e7872693	slti	x13,x14,-392	 x14:0x00000000 x13=0x00000000
     467045.000 ns	     46703	80009678	2cd1c893	xori	x17,x3,717	  x3:0x00000001 x17=0x000002cc
     467055.000 ns	     46704	8000967c	e1d5c813	xori	x16,x11,-483	 x11:0x00000001 x16=0xfffffe1c
     467065.000 ns	     46705	80009680	7e29a993	slti	x19,x19,2018	 x19:0x00000000 x19=0x00000001
     467075.000 ns	     46706	80009684	00ba6db3	or	x27,x20,x11	 x20:0x00000000 x11:0x00000001 x27=0x00000001
     467085.000 ns	     46707	80009688	01119fb3	sll	x31,x3,x17	  x3:0x00000001 x17:0x000002cc x31=0x00001000
     467095.000 ns	     46708	8000968c	01d407b3	add	x15,x8,x29	  x8:0x00000000 x29:0x00000000 x15=0x00000000
     467105.000 ns	     46709	80009690	981dfa13	andi	x20,x27,-1663	 x27:0x00000001 x20=0x00000001
     467125.000 ns	     46711	80009694	f00d01d3	fmv.w.x	f3,x26	 x26:0x00000000  f3=0x00000000
     467145.000 ns	     46713	80009698	0065d893	srli	x17,x11,0x6	 x11:0x00000001 x17=0x00000000
     467165.000 ns	     46715	8000969c	a194a453	feq.s	x8,f9,f25	  f9:0x7f800000 f25:0xbf800000  x8=0x00000000
     467195.000 ns	     46718	800096a0	a0541d53	flt.s	x26,f8,f5	  f8:0x00000000  f5:0xfffffb20 x26=0x00000000
     467215.000 ns	     46720	800096a4	01ad1133	sll	x2,x26,x26	 x26:0x00000000 x26:0x00000000  x2=0x00000000
     467235.000 ns	     46722	800096a8	e0040753	fmv.x.w	x14,f8	  f8:0x00000000 x14=0x00000000
     467275.000 ns	     46726	800096ac	101886d3	fmul.s	f13,f17,f1	 f17:0x80000000  f1:0x00000000 f13=0x80000000
     467295.000 ns	     46728	800096b0	78220013	addi	x0,x4,1922	  x4:0x80041024
     467305.000 ns	     46729	800096b4	003a3c33	sltu	x24,x20,x3	 x20:0x00000001  x3:0x00000001 x24=0x00000000
     467315.000 ns	     46730	800096b8	017554b3	srl	x9,x10,x23	 x10:0xffffffff x23:0x00000001  x9=0x7fffffff
     467335.000 ns	     46732	800096bc	028da4b3	mulhsu	x9,x27,x8	 x27:0x00000001  x8:0x00000000  x9=0x00000000
     467705.000 ns	     46769	800096c0	035c69b3	rem	x19,x24,x21	 x24:0x00000000 x21:0xbd93a360 x19=0x00000000
     467735.000 ns	     46772	800096c4	20ff9d53	fsgnjn.s	f26,f31,f15	 f31:0xbf800000 f15:0x6bdbf524 f26=0xbf800000
     467785.000 ns	     46777	800096c8	01b721d3	fadd.s	f3,f14,f27	 f14:0x80000000 f27:0x00000000  f3=0x00000000
     467805.000 ns	     46779	800096cc	015b5133	srl	x2,x22,x21	 x22:0x00000000 x21:0xbd93a360  x2=0x00000000
     467825.000 ns	     46781	800096d0	034d38b3	mulhu	x17,x26,x20	 x26:0x00000000 x20:0x00000001 x17=0x00000000
     467855.000 ns	     46784	800096d4	d0023ad3	fcvt.s.w	f21,x4	  x4:0x80041024 f21=0xcefff7e0
     467875.000 ns	     46786	800096d8	f5c7cc13	xori	x24,x15,-164	 x15:0x00000000 x24=0xffffff5c
     468235.000 ns	     46822	800096dc	0398c1b3	div	x3,x17,x25	 x17:0x00000000 x25:0xfffffb07  x3=0x00000000
     468265.000 ns	     46825	800096e0	e00f11d3	fclass.s	x3,f30	 f30:0x4e914a20  x3=0x00000040
     468295.000 ns	     46828	800096e4	e0061053	fclass.s	x0,f12	 f12:0x3f2b086a
     468315.000 ns	     46830	800096e8	81919b37	lui	x22,0x81919	 x22=0x81919000
     468325.000 ns	     46831	800096ec	46f5ff93	andi	x31,x11,1135	 x11:0x00000001 x31=0x00000001
     468685.000 ns	     46867	800096f0	02c4f5b3	remu	x11,x9,x12	  x9:0x00000000 x12:0x80040fe4 x11=0x00000000
     468715.000 ns	     46870	800096f4	c018f5d3	fcvt.wu.s	x11,f17	 f17:0x80000000 x11=0x00000000
     468735.000 ns	     46872	800096f8	008e1f93	slli	x31,x28,0x8	 x28:0x00000007 x31=0x00000700
     468755.000 ns	     46874	800096fc	d0039fd3	fcvt.s.w	f31,x7	  x7:0x00000001 f31=0x3f800000
     468775.000 ns	     46876	80009700	00b4ab33	slt	x22,x9,x11	  x9:0x00000000 x11:0x00000000 x22=0x00000000
     468795.000 ns	     46878	80009704	21151bd3	fsgnjn.s	f23,f10,f17	 f10:0x80000000 f17:0x80000000 f23=0x00000000
     469165.000 ns	     46915	80009708	0399fcb3	remu	x25,x19,x25	 x19:0x00000000 x25:0xfffffb07 x25=0x00000000
     469185.000 ns	     46917	8000970c	00b81313	slli	x6,x16,0xb	 x16:0xfffffe1c  x6=0xfff0e000
     469205.000 ns	     46919	80009710	207c96d3	fsgnjn.s	f13,f25,f7	 f25:0xbf800000  f7:0x6bcfd2c2 f13=0xbf800000
     469225.000 ns	     46921	80009714	8fefc793	xori	x15,x31,-1794	 x31:0x00000700 x15=0xfffffffe
     469245.000 ns	     46923	80009718	a17f8f53	fle.s	x30,f31,f23	 f31:0x3f800000 f23:0x00000000 x30=0x00000000
     469275.000 ns	     46926	8000971c	d014f0d3	fcvt.s.wu	f1,x9	  x9:0x00000000  f1=0x00000000
     469305.000 ns	     46929	80009720	f0090b53	fmv.w.x	f22,x18	 x18:0x00000001 f22=0x00000001
     469335.000 ns	     46932	80009724	c01dfa53	fcvt.wu.s	x20,f27	 f27:0x00000000 x20=0x00000000
     469355.000 ns	     46934	80009728	78ee7c93	andi	x25,x28,1934	 x28:0x00000007 x25=0x00000006
     469715.000 ns	     46970	8000972c	03b54a33	div	x20,x10,x27	 x10:0xffffffff x27:0x00000001 x20=0xffffffff
     469745.000 ns	     46973	80009730	03d104b3	mul	x9,x2,x29	  x2:0x00000000 x29:0x00000000  x9=0x00000000
     469775.000 ns	     46976	80009734	a084a4d3	feq.s	x9,f9,f8	  f9:0x7f800000  f8:0x00000000  x9=0x00000000
     469825.000 ns	     46981	80009738	0828f753	fsub.s	f14,f17,f2	 f17:0x80000000  f2:0x3f800000 f14=0xbf800000
     469845.000 ns	     46983	8000973c	0136a5b3	slt	x11,x13,x19	 x13:0x00000000 x19:0x00000000 x11=0x00000000
     469875.000 ns	     46986	80009740	58057253	fsqrt.s	f4,f10	 f10:0x80000000  f4=0x80000000
     469905.000 ns	     46989	80009744	e0090553	fmv.x.w	x10,f18	 f18:0x7fc00000 x10=0x7fc00000
     469925.000 ns	     46991	80009748	00000013	addi	x0,x0,0	  x0:0x00000000
     469935.000 ns	     46992	8000974c	01338d33	add	x26,x7,x19	  x7:0x00000001 x19:0x00000000 x26=0x00000001
     470295.000 ns	     47028	80009750	03a57cb3	remu	x25,x10,x26	 x10:0x7fc00000 x26:0x00000000 x25=0x00000000
     470315.000 ns	     47030	80009754	e0827593	andi	x11,x4,-504	  x4:0x80041024 x11=0x80041000
     470325.000 ns	     47031	80009758	01cc4a33	xor	x20,x24,x28	 x24:0xffffff5c x28:0x00000007 x20=0xffffff5b
     470335.000 ns	     47032	8000975c	ceb34f13	xori	x30,x6,-789	  x6:0xfff0e000 x30=0x000f1ceb
     470355.000 ns	     47034	80009760	03dc2133	mulhsu	x2,x24,x29	 x24:0xffffff5c x29:0x00000000  x2=0x00000000
     470375.000 ns	     47036	80009764	00e88833	add	x16,x17,x14	 x17:0x00000000 x14:0x00000000 x16=0x00000000
     470385.000 ns	     47037	80009768	00ae1133	sll	x2,x28,x10	 x28:0x00000007 x10:0x7fc00000  x2=0x00000007
     470405.000 ns	     47039	8000976c	217bad53	fsgnjx.s	f26,f23,f23	 f23:0x00000000 f23:0x00000000 f26=0x00000000
     470425.000 ns	     47041	80009770	41e80833	sub	x16,x16,x30	 x16:0x00000000 x30:0x000f1ceb x16=0xfff0e315
     470445.000 ns	     47043	80009774	a1401ed3	flt.s	x29,f0,f20	  f0:0xbf800000 f20:0xfe4b97ef x29=0x00000000
     470465.000 ns	     47045	80009778	41bed533	sra	x10,x29,x27	 x29:0x00000000 x27:0x00000001 x10=0x00000000
     470825.000 ns	     47081	8000977c	03f9dbb3	divu	x23,x19,x31	 x19:0x00000000 x31:0x00000700 x23=0x00000000
     470855.000 ns	     47084	80009780	209d89d3	fsgnj.s	f19,f27,f9	 f27:0x00000000  f9:0x7f800000 f19=0x00000000
     470875.000 ns	     47086	80009784	86dcbc13	sltiu	x24,x25,-1939	 x25:0x00000000 x24=0x00000001
     470885.000 ns	     47087	80009788	01b65533	srl	x10,x12,x27	 x12:0x80040fe4 x27:0x00000001 x10=0x400207f2
     471215.000 ns	     47120	8000978c	19439d53	fdiv.s	f26,f7,f20	  f7:0x6bcfd2c2 f20:0xfe4b97ef f26=0xaccfd2c2
     471245.000 ns	     47123	80009790	a0298f53	fle.s	x30,f19,f2	 f19:0x00000000  f2:0x3f800000 x30=0x00000001
     471265.000 ns	     47125	80009794	ff716017	auipc	x0,0xff716	
     471275.000 ns	     47126	80009798	01bf9c33	sll	x24,x31,x27	 x31:0x00000700 x27:0x00000001 x24=0x00000e00
     471285.000 ns	     47127	8000979c	01711fb3	sll	x31,x2,x23	  x2:0x00000007 x23:0x00000000 x31=0x00000007
     471305.000 ns	     47129	800097a0	e0051553	fclass.s	x10,f10	 f10:0x80000000 x10=0x00000008
     471335.000 ns	     47132	800097a4	c006bf53	fcvt.w.s	x30,f13	 f13:0xbf800000 x30=0xffffffff
     471355.000 ns	     47134	800097a8	01389493	slli	x9,x17,0x13	 x17:0x00000000  x9=0x00000000
     471375.000 ns	     47136	800097ac	20718453	fsgnj.s	f8,f3,f7	  f3:0x00000000  f7:0x6bcfd2c2  f8=0x00000000
     471395.000 ns	     47138	800097b0	bdab7393	andi	x7,x22,-1062	 x22:0x00000000  x7=0x00000000
     471415.000 ns	     47140	800097b4	037f64b3	rem	x9,x30,x23	 x30:0xffffffff x23:0x00000000  x9=0xffffffff
     471445.000 ns	     47143	800097b8	29948a53	fmin.s	f20,f9,f25	  f9:0x7f800000 f25:0xbf800000 f20=0xbf800000
     471475.000 ns	     47146	800097bc	e00d1853	fclass.s	x16,f26	 f26:0xaccfd2c2 x16=0x00000002
     471505.000 ns	     47149	800097c0	d00df2d3	fcvt.s.w	f5,x27	 x27:0x00000001  f5=0x3f800000
     471525.000 ns	     47151	800097c4	003d9c93	slli	x25,x27,0x3	 x27:0x00000001 x25=0x00000008
     471565.000 ns	     47155	800097c8	09b8fed3	fsub.s	f29,f17,f27	 f17:0x80000000 f27:0x00000000 f29=0x80000000
     471595.000 ns	     47158	800097cc	21288b53	fsgnj.s	f22,f17,f18	 f17:0x80000000 f18:0x7fc00000 f22=0x00000000
     471615.000 ns	     47160	800097d0	00e6b833	sltu	x16,x13,x14	 x13:0x00000000 x14:0x00000000 x16=0x00000000
     471635.000 ns	     47162	800097d4	03ab2033	mulhsu	x0,x22,x26	 x22:0x00000000 x26:0x00000001
     471665.000 ns	     47165	800097d8	023f32b3	mulhu	x5,x30,x3	 x30:0xffffffff  x3:0x00000040  x5=0x0000003f
     471685.000 ns	     47167	800097dc	013cbfb3	sltu	x31,x25,x19	 x25:0x00000008 x19:0x00000000 x31=0x00000000
     471705.000 ns	     47169	800097e0	028877b3	remu	x15,x16,x8	 x16:0x00000000  x8:0x00000000 x15=0x00000000
     471735.000 ns	     47172	800097e4	20cf8853	fsgnj.s	f16,f31,f12	 f31:0x3f800000 f12:0x3f2b086a f16=0x3f800000
     471765.000 ns	     47175	800097e8	d00d84d3	fcvt.s.w	f9,x27	 x27:0x00000001  f9=0x3f800000
     471795.000 ns	     47178	800097ec	e00792d3	fclass.s	x5,f15	 f15:0x6bdbf524  x5=0x00000040
     471845.000 ns	     47183	800097f0	00fda4d3	fadd.s	f9,f27,f15	 f27:0x00000000 f15:0x6bdbf524  f9=0x6bdbf524
     471865.000 ns	     47185	800097f4	015ee4b3	or	x9,x29,x21	 x29:0x00000000 x21:0xbd93a360  x9=0xbd93a360
     471885.000 ns	     47187	800097f8	c00c7ad3	fcvt.w.s	x21,f24	 f24:0x95ee4000 x21=0x00000000
     471905.000 ns	     47189	800097fc	01faefb3	or	x31,x21,x31	 x21:0xbd93a360 x31:0x00000000 x31=0x00000000
     471935.000 ns	     47192	80009800	580b4fd3	fsqrt.s	f31,f22	 f22:0x00000000 f31=0x00000000
     472305.000 ns	     47229	80009804	0398ec33	rem	x24,x17,x25	 x17:0x00000000 x25:0x00000008 x24=0x00000000
     472335.000 ns	     47232	80009808	c0083ad3	fcvt.w.s	x21,f16	 f16:0x3f800000 x21=0x00000001
     472355.000 ns	     47234	8000980c	010abd93	sltiu	x27,x21,16	 x21:0x00000000 x27=0x00000001
     472365.000 ns	     47235	80009810	00f5d413	srli	x8,x11,0xf	 x11:0x80041000  x8=0x00010008
     472375.000 ns	     47236	80009814	0105afb3	slt	x31,x11,x16	 x11:0x80041000 x16:0x00000000 x31=0x00000001
     472385.000 ns	     47237	80009818	006256b3	srl	x13,x4,x6	  x4:0x80041024  x6:0xfff0e000 x13=0x80041024
     472405.000 ns	     47239	8000981c	20ad1353	fsgnjn.s	f6,f26,f10	 f26:0xaccfd2c2 f10:0x80000000  f6=0x2ccfd2c2
     472425.000 ns	     47241	80009820	012d0cb3	add	x25,x26,x18	 x26:0x00000001 x18:0x00000001 x25=0x00000002
     472445.000 ns	     47243	80009824	d0177753	fcvt.s.wu	f14,x14	 x14:0x00000000 f14=0x00000000
     472465.000 ns	     47245	80009828	01db8fb3	add	x31,x23,x29	 x23:0x00000000 x29:0x00000000 x31=0x00000000
     473635.000 ns	     47362	8000982c	5803f853	fsqrt.s	f16,f7	  f7:0x6bcfd2c2 f16=0x55a3196a
     473665.000 ns	     47365	80009830	299618d3	fmax.s	f17,f12,f25	 f12:0x3f2b086a f25:0xbf800000 f17=0x3f2b086a
     473685.000 ns	     47367	80009834	01af2cb3	slt	x25,x30,x26	 x30:0xffffffff x26:0x00000001 x25=0x00000001
     473695.000 ns	     47368	80009838	00aba533	slt	x10,x23,x10	 x23:0x00000000 x10:0x00000008 x10=0x00000001
     473705.000 ns	     47369	8000983c	40470133	sub	x2,x14,x4	 x14:0x00000000  x4:0x80041024  x2=0x7ffbefdc
     473725.000 ns	     47371	80009840	a1cf0a53	fle.s	x20,f30,f28	 f30:0x4e914a20 f28:0x3f2b086a x20=0x00000000
     473755.000 ns	     47374	80009844	0372f5b3	remu	x11,x5,x23	  x5:0x00000040 x23:0x00000000 x11=0x00000040
     473775.000 ns	     47376	80009848	79287b13	andi	x22,x16,1938	 x16:0x00000000 x22=0x00000000
     473795.000 ns	     47378	8000984c	d0183653	fcvt.s.wu	f12,x16	 x16:0x00000000 f12=0x00000000
     473815.000 ns	     47380	80009850	019a9133	sll	x2,x21,x25	 x21:0x00000001 x25:0x00000001  x2=0x00000002
     473835.000 ns	     47382	80009854	030cfd33	remu	x26,x25,x16	 x25:0x00000001 x16:0x00000000 x26=0x00000001
     473865.000 ns	     47385	80009858	03655cb3	divu	x25,x10,x22	 x10:0x00000001 x22:0x00000000 x25=0xffffffff
     473895.000 ns	     47388	8000985c	29ab11d3	fmax.s	f3,f22,f26	 f22:0x00000000 f26:0xaccfd2c2  f3=0x00000000
     473925.000 ns	     47391	80009860	d0020253	fcvt.s.w	f4,x4	  x4:0x80041024  f4=0xcefff7df
     473955.000 ns	     47394	80009864	e00908d3	fmv.x.w	x17,f18	 f18:0x7fc00000 x17=0x7fc00000
     474005.000 ns	     47399	80009868	09862ed3	fsub.s	f29,f12,f24	 f12:0x00000000 f24:0x95ee4000 f29=0x15ee4000
     474025.000 ns	     47401	8000986c	40f5dd13	srai	x26,x11,0xf	 x11:0x00000040 x26=0x00000000
     474035.000 ns	     47402	80009870	00000013	addi	x0,x0,0	  x0:0x00000000
     474055.000 ns	     47404	80009874	21b7a0d3	fsgnjx.s	f1,f15,f27	 f15:0x6bdbf524 f27:0x00000000  f1=0x6bdbf524
     474075.000 ns	     47406	80009878	0056df93	srli	x31,x13,0x5	 x13:0x80041024 x31=0x04002081
     474115.000 ns	     47410	8000987c	016f9353	fadd.s	f6,f31,f22	 f31:0x00000000 f22:0x00000000  f6=0x00000000
     474145.000 ns	     47413	80009880	030618b3	mulh	x17,x12,x16	 x12:0x80040fe4 x16:0x00000000 x17=0x00000000
     474175.000 ns	     47416	80009884	a1e2ab53	feq.s	x22,f5,f30	  f5:0x3f800000 f30:0x4e914a20 x22=0x00000000
     474195.000 ns	     47418	80009888	d5047d13	andi	x26,x8,-688	  x8:0x00010008 x26=0x00010000
     474205.000 ns	     47419	8000988c	01869d93	slli	x27,x13,0x18	 x13:0x80041024 x27=0x24000000
     475375.000 ns	     47536	80009890	580efdd3	fsqrt.s	f27,f29	 f29:0x15ee4000 f27=0x2a2ea187
     475395.000 ns	     47538	80009894	007e0bb3	add	x23,x28,x7	 x28:0x00000007  x7:0x00000000 x23=0x00000007
     475415.000 ns	     47540	80009898	297f9353	fmax.s	f6,f31,f23	 f31:0x00000000 f23:0x00000000  f6=0x00000000
     475755.000 ns	     47574	8000989c	184f0953	fdiv.s	f18,f30,f4	 f30:0x4e914a20  f4:0xcefff7df f18=0xbf114a20
     475775.000 ns	     47576	800098a0	d5f9adb7	lui	x27,0xd5f9a	 x27=0xd5f9a000
     475795.000 ns	     47578	800098a4	03398db3	mul	x27,x19,x19	 x19:0x00000000 x19:0x00000000 x27=0x00000000
     475845.000 ns	     47583	800098a8	086d1f53	fsub.s	f30,f26,f6	 f26:0xaccfd2c2  f6:0x00000000 f30=0xaccfd2c2
     475875.000 ns	     47586	800098ac	0204efb3	rem	x31,x9,x0	  x9:0xbd93a360  x0:0x00000000 x31=0xbd93a360
     475895.000 ns	     47588	800098b0	01d15813	srli	x16,x2,0x1d	  x2:0x00000002 x16=0x00000000
     475935.000 ns	     47592	800098b4	095cf053	fsub.s	f0,f25,f21	 f25:0xbf800000 f21:0xcefff7e0  f0=0x4efff7df
     475965.000 ns	     47595	800098b8	026b1333	mulh	x6,x22,x6	 x22:0x00000000  x6:0xfff0e000  x6=0x00000000
     475995.000 ns	     47598	800098bc	02a025b3	mulhsu	x11,x0,x10	  x0:0x00000000 x10:0x00000001 x11=0x00000000
     476015.000 ns	     47600	800098c0	093a51b7	lui	x3,0x93a5	  x3=0x093a5000
     476035.000 ns	     47602	800098c4	e00e1453	fclass.s	x8,f28	 f28:0x3f2b086a  x8=0x00000040
     476065.000 ns	     47605	800098c8	d00a7353	fcvt.s.w	f6,x20	 x20:0x00000000  f6=0x00000000
     476085.000 ns	     47607	800098cc	00c397b3	sll	x15,x7,x12	  x7:0x00000000 x12:0x80040fe4 x15=0x00000000
     476105.000 ns	     47609	800098d0	f00f89d3	fmv.w.x	f19,x31	 x31:0xbd93a360 f19=0xbd93a360
     476135.000 ns	     47612	800098d4	2145ae53	fsgnjx.s	f28,f11,f20	 f11:0x80000000 f20:0xbf800000 f28=0x00000000
     476165.000 ns	     47615	800098d8	031111b3	mulh	x3,x2,x17	  x2:0x00000002 x17:0x00000000  x3=0x00000000
     476195.000 ns	     47618	800098dc	c00672d3	fcvt.w.s	x5,f12	 f12:0x00000000  x5=0x00000000
     476215.000 ns	     47620	800098e0	0078d513	srli	x10,x17,0x7	 x17:0x00000000 x10=0x00000000
     476225.000 ns	     47621	800098e4	00000013	addi	x0,x0,0	  x0:0x00000000
     476245.000 ns	     47623	800098e8	29c81153	fmax.s	f2,f16,f28	 f16:0x55a3196a f28:0x00000000  f2=0x55a3196a
     476615.000 ns	     47660	800098ec	032c51b3	divu	x3,x24,x18	 x24:0x00000000 x18:0x00000001  x3=0x00000000
     476645.000 ns	     47663	800098f0	21ca92d3	fsgnjn.s	f5,f21,f28	 f21:0xcefff7e0 f28:0x00000000  f5=0xcefff7e0
     476665.000 ns	     47665	800098f4	9b4c3513	sltiu	x10,x24,-1612	 x24:0x00000000 x10=0x00000001
     476695.000 ns	     47668	800098f8	188041d3	fdiv.s	f3,f0,f8	  f0:0x4efff7df  f8:0x00000000  f3=0x7f800000
     476715.000 ns	     47670	800098fc	17a4ccb7	lui	x25,0x17a4c	 x25=0x17a4c000
     476725.000 ns	     47671	80009900	41e98f33	sub	x30,x19,x30	 x19:0x00000000 x30:0xffffffff x30=0x00000001
     476745.000 ns	     47673	80009904	21fb2953	fsgnjx.s	f18,f22,f31	 f22:0x00000000 f31:0x00000000 f18=0x00000000
     476785.000 ns	     47677	80009908	1880f053	fdiv.s	f0,f1,f8	  f1:0x6bdbf524  f8:0x00000000  f0=0x7f800000
     476805.000 ns	     47679	8000990c	00000013	addi	x0,x0,0	  x0:0x00000000
     476825.000 ns	     47681	80009910	03083a33	mulhu	x20,x16,x16	 x16:0x00000000 x16:0x00000000 x20=0x00000000
     476855.000 ns	     47684	80009914	a0940dd3	fle.s	x27,f8,f9	  f8:0x00000000  f9:0x6bdbf524 x27=0x00000001
     476875.000 ns	     47686	80009918	015b4cb3	xor	x25,x22,x21	 x22:0x00000000 x21:0x00000001 x25=0x00000001
     476885.000 ns	     47687	8000991c	2f403b13	sltiu	x22,x0,756	  x0:0x00000000 x22=0x00000001
     476895.000 ns	     47688	80009920	01623db3	sltu	x27,x4,x22	  x4:0x80041024 x22:0x00000000 x27=0x00000000
     477225.000 ns	     47721	80009924	182f26d3	fdiv.s	f13,f30,f2	 f30:0xaccfd2c2  f2:0x55a3196a f13=0x964fd2c2
     477255.000 ns	     47724	80009928	291d97d3	fmax.s	f15,f27,f17	 f27:0x2a2ea187 f17:0x3f2b086a f15=0x3f2b086a
     477275.000 ns	     47726	8000992c	451d3d93	sltiu	x27,x26,1105	 x26:0x00010000 x27=0x00000000
     478445.000 ns	     47843	80009930	5807f7d3	fsqrt.s	f15,f15	 f15:0x3f2b086a f15=0x3ef1e01e
     478465.000 ns	     47845	80009934	22ba6893	ori	x17,x20,555	 x20:0x00000000 x17=0x0000022b
     478485.000 ns	     47847	80009938	20d52653	fsgnjx.s	f12,f10,f13	 f10:0x80000000 f13:0x964fd2c2 f12=0x00000000
     478515.000 ns	     47850	8000993c	d00176d3	fcvt.s.w	f13,x2	  x2:0x00000002 f13=0x40000000
     478535.000 ns	     47852	80009940	01f06133	or	x2,x0,x31	  x0:0x00000000 x31:0xbd93a360  x2=0xbd93a360
     478555.000 ns	     47854	80009944	a14f0a53	fle.s	x20,f30,f20	 f30:0xaccfd2c2 f20:0xbf800000 x20=0x00000000
     478605.000 ns	     47859	80009948	08154dd3	fsub.s	f27,f10,f1	 f10:0x80000000  f1:0x6bdbf524 f27=0xebdbf524
     478635.000 ns	     47862	8000994c	0255eeb3	rem	x29,x11,x5	 x11:0x00000000  x5:0x00000000 x29=0x00000000
     478665.000 ns	     47865	80009950	a085aed3	feq.s	x29,f11,f8	 f11:0x80000000  f8:0x00000000 x29=0x00000001
     478685.000 ns	     47867	80009954	2a800193	addi	x3,x0,680	  x0:0x00000000  x3=0x000002a8
     478695.000 ns	     47868	80009958	1ab17e93	andi	x29,x2,427	  x2:0xbd93a360 x29=0x00000120
     478715.000 ns	     47870	8000995c	03928fb3	mul	x31,x5,x25	  x5:0x00000000 x25:0x00000001 x31=0x00000000
     478745.000 ns	     47873	80009960	034a5bb3	divu	x23,x20,x20	 x20:0x00000000 x20:0x00000000 x23=0xffffffff
     478775.000 ns	     47876	80009964	c00478d3	fcvt.w.s	x17,f8	  f8:0x00000000 x17=0x00000000
     478805.000 ns	     47879	80009968	034d4133	div	x2,x26,x20	 x26:0x00010000 x20:0x00000000  x2=0xffffffff
     478825.000 ns	     47881	8000996c	517a6e93	ori	x29,x20,1303	 x20:0x00000000 x29=0x00000517
     478845.000 ns	     47883	80009970	206ca153	fsgnjx.s	f2,f25,f6	 f25:0xbf800000  f6:0x00000000  f2=0xbf800000
     478875.000 ns	     47886	80009974	c01276d3	fcvt.wu.s	x13,f4	  f4:0xcefff7df x13=0x7ffbef80
     478905.000 ns	     47889	80009978	037f36b3	mulhu	x13,x30,x23	 x30:0x00000001 x23:0xffffffff x13=0x00000000
     478955.000 ns	     47894	8000997c	08fbfc53	fsub.s	f24,f23,f15	 f23:0x00000000 f15:0x3ef1e01e f24=0xbef1e01e
     478985.000 ns	     47897	80009980	e00b8353	fmv.x.w	x6,f23	 f23:0x00000000  x6=0x00000000
     479015.000 ns	     47900	80009984	f0028953	fmv.w.x	f18,x5	  x5:0x00000000 f18=0x00000000
     479035.000 ns	     47902	80009988	01e0aab3	slt	x21,x1,x30	  x1:0x00000000 x30:0x00000001 x21=0x00000001
     479045.000 ns	     47903	8000998c	00665193	srli	x3,x12,0x6	 x12:0x80040fe4  x3=0x0200103f
     479065.000 ns	     47905	80009990	02369433	mulh	x8,x13,x3	 x13:0x00000000  x3:0x000002a8  x8=0x00000000
     479085.000 ns	     47907	80009994	371d4913	xori	x18,x26,881	 x26:0x00010000 x18=0x00010371
     479105.000 ns	     47909	80009998	e00c99d3	fclass.s	x19,f25	 f25:0xbf800000 x19=0x00000002
     479135.000 ns	     47912	8000999c	286697d3	fmax.s	f15,f13,f6	 f13:0x40000000  f6:0x00000000 f15=0x40000000
     479165.000 ns	     47915	800099a0	026f6cb3	rem	x25,x30,x6	 x30:0x00000001  x6:0x00000000 x25=0x00000001
     479195.000 ns	     47918	800099a4	02e13db3	mulhu	x27,x2,x14	  x2:0xffffffff x14:0x00000000 x27=0x00000000
     479215.000 ns	     47920	800099a8	1ba5c893	xori	x17,x11,442	 x11:0x00000000 x17=0x000001ba
     479235.000 ns	     47922	800099ac	204ea2d3	fsgnjx.s	f5,f29,f4	 f29:0x15ee4000  f4:0xcefff7df  f5=0x95ee4000
     479255.000 ns	     47924	800099b0	4124d433	sra	x8,x9,x18	  x9:0xbd93a360 x18:0x00010371  x8=0xffffdec9
     479265.000 ns	     47925	800099b4	7071bf13	sltiu	x30,x3,1799	  x3:0x0200103f x30=0x00000000
     479285.000 ns	     47927	800099b8	a19783d3	fle.s	x7,f15,f25	 f15:0x40000000 f25:0xbf800000  x7=0x00000000
     479655.000 ns	     47964	800099bc	031f7d33	remu	x26,x30,x17	 x30:0x00000001 x17:0x000001ba x26=0x00000000
     479705.000 ns	     47969	800099c0	01ce8953	fadd.s	f18,f29,f28	 f29:0x15ee4000 f28:0x00000000 f18=0x15ee4000
     479735.000 ns	     47972	800099c4	c014f153	fcvt.wu.s	x2,f9	  f9:0x6bdbf524  x2=0xffffffff
     479765.000 ns	     47975	800099c8	e00190d3	fclass.s	x1,f3	  f3:0x7f800000  x1=0x00000080
     479785.000 ns	     47977	800099cc	01a42c33	slt	x24,x8,x26	  x8:0xffffdec9 x26:0x00000000 x24=0x00000001
     479795.000 ns	     47978	800099d0	004079b3	and	x19,x0,x4	  x0:0x00000000  x4:0x80041024 x19=0x00000000
     479805.000 ns	     47979	800099d4	01e6cbb3	xor	x23,x13,x30	 x13:0x00000000 x30:0x00000000 x23=0x00000000
     479825.000 ns	     47981	800099d8	f00f0353	fmv.w.x	f6,x30	 x30:0x00000000  f6=0x00000000
     479855.000 ns	     47984	800099dc	28a59ed3	fmax.s	f29,f11,f10	 f11:0x80000000 f10:0x80000000 f29=0x80000000
     479885.000 ns	     47987	800099e0	e00a15d3	fclass.s	x11,f20	 f20:0xbf800000 x11=0x00000002
     479915.000 ns	     47990	800099e4	a04697d3	flt.s	x15,f13,f4	 f13:0x40000000  f4:0xcefff7df x15=0x00000000
     479945.000 ns	     47993	800099e8	a1111dd3	flt.s	x27,f2,f17	  f2:0xbf800000 f17:0x3f2b086a x27=0x00000001
     479985.000 ns	     47997	800099ec	11c57553	fmul.s	f10,f10,f28	 f10:0x80000000 f28:0x00000000 f10=0x80000000
     480015.000 ns	     48000	800099f0	02438933	mul	x18,x7,x4	  x7:0x00000000  x4:0x80041024 x18=0x00000000
     480045.000 ns	     48003	800099f4	294c0bd3	fmin.s	f23,f24,f20	 f24:0xbef1e01e f20:0xbf800000 f23=0xbf800000
     480065.000 ns	     48005	800099f8	0ffaf313	andi	x6,x21,255	 x21:0x00000001  x6=0x00000001
     480075.000 ns	     48006	800099fc	01a09a33	sll	x20,x1,x26	  x1:0x00000080 x26:0x00000000 x20=0x00000080
     480105.000 ns	     48009	80009a00	580dcfd3	fsqrt.s	f31,f27	 f27:0xebdbf524 f31=0x7fc00000
     480125.000 ns	     48011	80009a04	0f072b13	slti	x22,x14,240	 x14:0x00000000 x22=0x00000001
     480485.000 ns	     48047	80009a08	03bf5cb3	divu	x25,x30,x27	 x30:0x00000000 x27:0x00000001 x25=0x00000000
     480515.000 ns	     48050	80009a0c	e00f07d3	fmv.x.w	x15,f30	 f30:0xaccfd2c2 x15=0xaccfd2c2
     480545.000 ns	     48053	80009a10	022394b3	mulh	x9,x7,x2	  x7:0x00000000  x2:0xffffffff  x9=0x00000000
     480565.000 ns	     48055	80009a14	40d351b3	sra	x3,x6,x13	  x6:0x00000001 x13:0x00000000  x3=0x00000001
     480585.000 ns	     48057	80009a18	29220453	fmin.s	f8,f4,f18	  f4:0xcefff7df f18:0x15ee4000  f8=0xcefff7df
     480605.000 ns	     48059	80009a1c	d23ebc93	sltiu	x25,x29,-733	 x29:0x00000517 x25=0x00000001
     480625.000 ns	     48061	80009a20	020542b3	div	x5,x10,x0	 x10:0x00000001  x0:0x00000000  x5=0xffffffff
     480645.000 ns	     48063	80009a24	41ce5a93	srai	x21,x28,0x1c	 x28:0x00000007 x21=0x00000000
     480655.000 ns	     48064	80009a28	00441b13	slli	x22,x8,0x4	  x8:0xffffdec9 x22=0xfffdec90
     480695.000 ns	     48068	80009a2c	00807353	fadd.s	f6,f0,f8	  f0:0x7f800000  f8:0xcefff7df  f6=0x7f800000
     480715.000 ns	     48070	80009a30	00fe96b3	sll	x13,x29,x15	 x29:0x00000517 x15:0xaccfd2c2 x13=0x0000145c
     480735.000 ns	     48072	80009a34	a01b04d3	fle.s	x9,f22,f1	 f22:0x00000000  f1:0x6bdbf524  x9=0x00000001
     480755.000 ns	     48074	80009a38	01639413	slli	x8,x7,0x16	  x7:0x00000000  x8=0x00000000
     480765.000 ns	     48075	80009a3c	00000013	addi	x0,x0,0	  x0:0x00000000
     480775.000 ns	     48076	80009a40	005c0f33	add	x30,x24,x5	 x24:0x00000001  x5:0xffffffff x30=0x00000000
     481135.000 ns	     48112	80009a44	02bbd333	divu	x6,x23,x11	 x23:0x00000000 x11:0x00000002  x6=0x00000000
     481155.000 ns	     48114	80009a48	e43c7f17	auipc	x30,0xe43c7	 x30=0x643d0a48
     481185.000 ns	     48117	80009a4c	1098ac53	fmul.s	f24,f17,f9	 f17:0x3f2b086a  f9:0x6bdbf524 f24=0x6b92f3f9
     481215.000 ns	     48120	80009a50	21fc03d3	fsgnj.s	f7,f24,f31	 f24:0xbef1e01e f31:0x7fc00000  f7=0x6b92f3f9
     481245.000 ns	     48123	80009a54	d00f7553	fcvt.s.w	f10,x30	 x30:0x643d0a48 f10=0x4ec87a14
     481265.000 ns	     48125	80009a58	41545eb3	sra	x29,x8,x21	  x8:0x00000000 x21:0x00000000 x29=0x00000000
     481275.000 ns	     48126	80009a5c	41bc5db3	sra	x27,x24,x27	 x24:0x00000001 x27:0x00000001 x27=0x00000000
     481285.000 ns	     48127	80009a60	29f48893	addi	x17,x9,671	  x9:0x00000001 x17=0x000002a0
     481295.000 ns	     48128	80009a64	de49a993	slti	x19,x19,-540	 x19:0x00000000 x19=0x00000000
     481305.000 ns	     48129	80009a68	db71ce93	xori	x29,x3,-585	  x3:0x00000001 x29=0xfffffdb6
     481315.000 ns	     48130	80009a6c	01a6d9b3	srl	x19,x13,x26	 x13:0x0000145c x26:0x00000000 x19=0x0000145c
     481325.000 ns	     48131	80009a70	416cd333	sra	x6,x25,x22	 x25:0x00000001 x22:0xfffdec90  x6=0x00000000
     481335.000 ns	     48132	80009a74	609ebd13	sltiu	x26,x29,1545	 x29:0xfffffdb6 x26=0x00000000
     481345.000 ns	     48133	80009a78	c8238b13	addi	x22,x7,-894	  x7:0x00000000 x22=0xfffffc82
     481365.000 ns	     48135	80009a7c	28289bd3	fmax.s	f23,f17,f2	 f17:0x3f2b086a  f2:0xbf800000 f23=0x3f2b086a
     481385.000 ns	     48137	80009a80	013781b3	add	x3,x15,x19	 x15:0xaccfd2c2 x19:0x0000145c  x3=0xaccfe71e
     481405.000 ns	     48139	80009a84	281d1d53	fmax.s	f26,f26,f1	 f26:0xaccfd2c2  f1:0x6bdbf524 f26=0x6bdbf524
     481425.000 ns	     48141	80009a88	3463bfb7	lui	x31,0x3463b	 x31=0x3463b000
     481435.000 ns	     48142	80009a8c	40cbdfb3	sra	x31,x23,x12	 x23:0x00000000 x12:0x80040fe4 x31=0x00000000
     481445.000 ns	     48143	80009a90	4895e093	ori	x1,x11,1161	 x11:0x00000002  x1=0x0000048b
     481465.000 ns	     48145	80009a94	21840bd3	fsgnj.s	f23,f8,f24	  f8:0xcefff7df f24:0x6b92f3f9 f23=0x4efff7df
     481495.000 ns	     48148	80009a98	e00f8fd3	fmv.x.w	x31,f31	 f31:0x7fc00000 x31=0x7fc00000
     481515.000 ns	     48150	80009a9c	4e372693	slti	x13,x14,1251	 x14:0x00000000 x13=0x00000001
     481535.000 ns	     48152	80009aa0	a0b201d3	fle.s	x3,f4,f11	  f4:0xcefff7df f11:0x80000000  x3=0x00000001
     481555.000 ns	     48154	80009aa4	bda9c413	xori	x8,x19,-1062	 x19:0x0000145c  x8=0xffffef86
     481575.000 ns	     48156	80009aa8	f00601d3	fmv.w.x	f3,x12	 x12:0x80040fe4  f3=0x80040fe4
     481605.000 ns	     48159	80009aac	a1bd01d3	fle.s	x3,f26,f27	 f26:0x6bdbf524 f27:0xebdbf524  x3=0x00000000
     481625.000 ns	     48161	80009ab0	00288413	addi	x8,x17,2	 x17:0x000002a0  x8=0x000002a2
     481665.000 ns	     48165	80009ab4	017435d3	fadd.s	f11,f8,f23	  f8:0xcefff7df f23:0x4efff7df f11=0x00000000
     481695.000 ns	     48168	80009ab8	f00187d3	fmv.w.x	f15,x3	  x3:0x00000000 f15=0x00000000
     482035.000 ns	     48202	80009abc	1972fb53	fdiv.s	f22,f5,f23	  f5:0x95ee4000 f23:0x4efff7df f22=0x866e4000
     482055.000 ns	     48204	80009ac0	0960f013	andi	x0,x1,150	  x1:0x0000048b
     482065.000 ns	     48205	80009ac4	0170aa93	slti	x21,x1,23	  x1:0x0000048b x21=0x00000000
     482075.000 ns	     48206	80009ac8	0182f1b3	and	x3,x5,x24	  x5:0xffffffff x24:0x00000001  x3=0x00000001
     482095.000 ns	     48208	80009acc	e00910d3	fclass.s	x1,f18	 f18:0x15ee4000  x1=0x00000040
     482115.000 ns	     48210	80009ad0	518c6713	ori	x14,x24,1304	 x24:0x00000001 x14=0x00000519
     482135.000 ns	     48212	80009ad4	f00a01d3	fmv.w.x	f3,x20	 x20:0x00000080  f3=0x00000080
     482155.000 ns	     48214	80009ad8	00000013	addi	x0,x0,0	  x0:0x00000000
     482165.000 ns	     48215	80009adc	015d9333	sll	x6,x27,x21	 x27:0x00000000 x21:0x00000000  x6=0x00000000
     482205.000 ns	     48219	80009ae0	09657c53	fsub.s	f24,f10,f22	 f10:0x4ec87a14 f22:0x866e4000 f24=0x4ec87a14
     482225.000 ns	     48221	80009ae4	00d0cc33	xor	x24,x1,x13	  x1:0x00000040 x13:0x00000001 x24=0x00000041
     482235.000 ns	     48222	80009ae8	0f37f713	andi	x14,x15,243	 x15:0xaccfd2c2 x14=0x000000c2
     482255.000 ns	     48224	80009aec	e0038f53	fmv.x.w	x30,f7	  f7:0x6b92f3f9 x30=0x6b92f3f9
     482275.000 ns	     48226	80009af0	41988533	sub	x10,x17,x25	 x17:0x000002a0 x25:0x00000001 x10=0x0000029f
     482285.000 ns	     48227	80009af4	00cd9133	sll	x2,x27,x12	 x27:0x00000000 x12:0x80040fe4  x2=0x00000000
     482295.000 ns	     48228	80009af8	00de5f13	srli	x30,x28,0xd	 x28:0x00000007 x30=0x00000000
     482315.000 ns	     48230	80009afc	21ef0753	fsgnj.s	f14,f30,f30	 f30:0xaccfd2c2 f30:0xaccfd2c2 f14=0xaccfd2c2
     482365.000 ns	     48235	80009b00	0830f853	fsub.s	f16,f1,f3	  f1:0x6bdbf524  f3:0x00000080 f16=0x6bdbf524
     482385.000 ns	     48237	80009b04	01df1713	slli	x14,x30,0x1d	 x30:0x00000000 x14=0x00000000
     482395.000 ns	     48238	80009b08	2b323293	sltiu	x5,x4,691	  x4:0x80041024  x5=0x00000000
     482405.000 ns	     48239	80009b0c	00d8cfb3	xor	x31,x17,x13	 x17:0x000002a0 x13:0x00000001 x31=0x000002a1
     482415.000 ns	     48240	80009b10	7d8acd13	xori	x26,x21,2008	 x21:0x00000000 x26=0x000007d8
     482425.000 ns	     48241	80009b14	016006b3	add	x13,x0,x22	  x0:0x00000000 x22:0xfffffc82 x13=0xfffffc82
     482435.000 ns	     48242	80009b18	41b25e93	srai	x29,x4,0x1b	  x4:0x80041024 x29=0xfffffff0
     482465.000 ns	     48245	80009b1c	109e7753	fmul.s	f14,f28,f9	 f28:0x00000000  f9:0x6bdbf524 f14=0x00000000
     482495.000 ns	     48248	80009b20	e00c05d3	fmv.x.w	x11,f24	 f24:0x4ec87a14 x11=0x4ec87a14
     482515.000 ns	     48250	80009b24	bfbebd93	sltiu	x27,x29,-1029	 x29:0xfffffff0 x27=0x00000000
     482535.000 ns	     48252	80009b28	e00518d3	fclass.s	x17,f10	 f10:0x4ec87a14 x17=0x00000040
     483715.000 ns	     48370	80009b2c	58048e53	fsqrt.s	f28,f9	  f9:0x6bdbf524 f28=0x55a7cb11
     483735.000 ns	     48372	80009b30	014565b3	or	x11,x10,x20	 x10:0x0000029f x20:0x00000080 x11=0x0000029f
     483755.000 ns	     48374	80009b34	29a613d3	fmax.s	f7,f12,f26	 f12:0x00000000 f26:0x6bdbf524  f7=0x6bdbf524
     483785.000 ns	     48377	80009b38	036006b3	mul	x13,x0,x22	  x0:0x00000000 x22:0xfffffc82 x13=0x00000000
     483815.000 ns	     48380	80009b3c	f0078253	fmv.w.x	f4,x15	 x15:0xaccfd2c2  f4=0xaccfd2c2
     483845.000 ns	     48383	80009b40	d01fccd3	fcvt.s.wu	f25,x31	 x31:0x000002a1 f25=0x44284000
     483875.000 ns	     48386	80009b44	03024eb3	div	x29,x4,x16	  x4:0x80041024 x16:0x00000000 x29=0xffffffff
     483895.000 ns	     48388	80009b48	00655433	srl	x8,x10,x6	 x10:0x0000029f  x6:0x00000000  x8=0x0000029f
     483915.000 ns	     48390	80009b4c	03e1c3b3	div	x7,x3,x30	  x3:0x00000001 x30:0x00000000  x7=0xffffffff
     483935.000 ns	     48392	80009b50	00f6bab3	sltu	x21,x13,x15	 x13:0x00000000 x15:0xaccfd2c2 x21=0x00000001
     483955.000 ns	     48394	80009b54	025899b3	mulh	x19,x17,x5	 x17:0x00000040  x5:0x00000000 x19=0x00000000
     483975.000 ns	     48396	80009b58	2d6a8897	auipc	x17,0x2d6a8	 x17=0xad6b1b58
     483995.000 ns	     48398	80009b5c	f0030cd3	fmv.w.x	f25,x6	  x6:0x00000000 f25=0x00000000
     484015.000 ns	     48400	80009b60	4188d793	srai	x15,x17,0x18	 x17:0x00000040 x15=0xffffffad
     484025.000 ns	     48401	80009b64	0178cab3	xor	x21,x17,x23	 x17:0xad6b1b58 x23:0x00000000 x21=0xad6b1b58
     484045.000 ns	     48403	80009b68	03007a33	remu	x20,x0,x16	  x0:0x00000000 x16:0x00000000 x20=0x00000000
     484075.000 ns	     48406	80009b6c	201a0553	fsgnj.s	f10,f20,f1	 f20:0xbf800000  f1:0x6bdbf524 f10=0x3f800000
     484095.000 ns	     48408	80009b70	16e27893	andi	x17,x4,366	  x4:0x80041024 x17=0x00000024
     484115.000 ns	     48410	80009b74	e00994d3	fclass.s	x9,f19	 f19:0xbd93a360  x9=0x00000002
     484145.000 ns	     48413	80009b78	a1441b53	flt.s	x22,f8,f20	  f8:0xcefff7df f20:0xbf800000 x22=0x00000001
     484165.000 ns	     48415	80009b7c	00c44933	xor	x18,x8,x12	  x8:0x0000029f x12:0x80040fe4 x18=0x80040d7b
     484175.000 ns	     48416	80009b80	186e0193	addi	x3,x28,390	 x28:0x00000007  x3=0x0000018d
     484185.000 ns	     48417	80009b84	016b25b3	slt	x11,x22,x22	 x22:0x00000001 x22:0x00000001 x11=0x00000000
     484195.000 ns	     48418	80009b88	00a81f33	sll	x30,x16,x10	 x16:0x00000000 x10:0x0000029f x30=0x00000000
     484215.000 ns	     48420	80009b8c	20a08653	fsgnj.s	f12,f1,f10	  f1:0x6bdbf524 f10:0x3f800000 f12=0x6bdbf524
     484235.000 ns	     48422	80009b90	01558533	add	x10,x11,x21	 x11:0x00000000 x21:0xad6b1b58 x10=0xad6b1b58
     484255.000 ns	     48424	80009b94	027533b3	mulhu	x7,x10,x7	 x10:0x0000029f  x7:0xffffffff  x7=0xad6b1b57
     484285.000 ns	     48427	80009b98	e0029bd3	fclass.s	x23,f5	  f5:0x95ee4000 x23=0x00000002
     484315.000 ns	     48430	80009b9c	a0d58dd3	fle.s	x27,f11,f13	 f11:0x00000000 f13:0x40000000 x27=0x00000001
     484345.000 ns	     48433	80009ba0	e0099dd3	fclass.s	x27,f19	 f19:0xbd93a360 x27=0x00000002
     484365.000 ns	     48435	80009ba4	22fa9937	lui	x18,0x22fa9	 x18=0x22fa9000
     484695.000 ns	     48468	80009ba8	19e1cf53	fdiv.s	f30,f3,f30	  f3:0x00000080 f30:0xaccfd2c2 f30=0x8b34b4b6
     484725.000 ns	     48471	80009bac	219f21d3	fsgnjx.s	f3,f30,f25	 f30:0xaccfd2c2 f25:0x00000000  f3=0x8b34b4b6
     484775.000 ns	     48476	80009bb0	08e2b553	fsub.s	f10,f5,f14	  f5:0x95ee4000 f14:0x00000000 f10=0x95ee4000
     484805.000 ns	     48479	80009bb4	a1181153	flt.s	x2,f16,f17	 f16:0x6bdbf524 f17:0x3f2b086a  x2=0x00000000
     484825.000 ns	     48481	80009bb8	6a662b13	slti	x22,x12,1702	 x12:0x80040fe4 x22=0x00000001
     484835.000 ns	     48482	80009bbc	bf7ac413	xori	x8,x21,-1033	 x21:0xad6b1b58  x8=0x5294e0af
     484855.000 ns	     48484	80009bc0	20e605d3	fsgnj.s	f11,f12,f14	 f12:0x6bdbf524 f14:0x00000000 f11=0x6bdbf524
     485225.000 ns	     48521	80009bc4	02f8e5b3	rem	x11,x17,x15	 x17:0x00000024 x15:0xffffffad x11=0x00000024
     485255.000 ns	     48524	80009bc8	029730b3	mulhu	x1,x14,x9	 x14:0x00000000  x9:0x00000002  x1=0x00000000
     485285.000 ns	     48527	80009bcc	a15e24d3	feq.s	x9,f28,f21	 f28:0x55a7cb11 f21:0xcefff7e0  x9=0x00000000
     485305.000 ns	     48529	80009bd0	3b260713	addi	x14,x12,946	 x12:0x80040fe4 x14=0x80041396
     485315.000 ns	     48530	80009bd4	9bf07f37	lui	x30,0x9bf07	 x30=0x9bf07000
     485675.000 ns	     48566	80009bd8	024afbb3	remu	x23,x21,x4	 x21:0xad6b1b58  x4:0x80041024 x23=0x2d670b34
     485705.000 ns	     48569	80009bdc	28c68d53	fmin.s	f26,f13,f12	 f13:0x40000000 f12:0x6bdbf524 f26=0x40000000
     485735.000 ns	     48572	80009be0	29978fd3	fmin.s	f31,f15,f25	 f15:0x00000000 f25:0x00000000 f31=0x00000000
     485765.000 ns	     48575	80009be4	e0011553	fclass.s	x10,f2	  f2:0xbf800000 x10=0x00000002
     485785.000 ns	     48577	80009be8	0033d513	srli	x10,x7,0x3	  x7:0xad6b1b57 x10=0x15ad636a
     485805.000 ns	     48579	80009bec	e00c1153	fclass.s	x2,f24	 f24:0x4ec87a14  x2=0x00000040
     485835.000 ns	     48582	80009bf0	e00d8ed3	fmv.x.w	x29,f27	 f27:0xebdbf524 x29=0xebdbf524
     485855.000 ns	     48584	80009bf4	01d65993	srli	x19,x12,0x1d	 x12:0x80040fe4 x19=0x00000004
     485865.000 ns	     48585	80009bf8	01bd2cb3	slt	x25,x26,x27	 x26:0x000007d8 x27:0x00000002 x25=0x00000000
     485885.000 ns	     48587	80009bfc	a0d40ad3	fle.s	x21,f8,f13	  f8:0xcefff7df f13:0x40000000 x21=0x00000001
     485905.000 ns	     48589	80009c00	2e23ffb7	lui	x31,0x2e23f	 x31=0x2e23f000
     486235.000 ns	     48622	80009c04	1965f8d3	fdiv.s	f17,f11,f22	 f11:0x6bdbf524 f22:0x866e4000 f17=0xff800000
     486265.000 ns	     48625	80009c08	217398d3	fsgnjn.s	f17,f7,f23	  f7:0x6bdbf524 f23:0x4efff7df f17=0xebdbf524
     486605.000 ns	     48659	80009c0c	1882fed3	fdiv.s	f29,f5,f8	  f5:0x95ee4000  f8:0xcefff7df f29=0x066e4000
     486625.000 ns	     48661	80009c10	008c5933	srl	x18,x24,x8	 x24:0x00000041  x8:0x5294e0af x18=0x00000000
     486635.000 ns	     48662	80009c14	fbcd8193	addi	x3,x27,-68	 x27:0x00000002  x3=0xffffffbe
     486645.000 ns	     48663	80009c18	00619c13	slli	x24,x3,0x6	  x3:0x0000018d x24=0xffffef80
     486665.000 ns	     48665	80009c1c	030448b3	div	x17,x8,x16	  x8:0x5294e0af x16:0x00000000 x17=0xffffffff
     486695.000 ns	     48668	80009c20	d00774d3	fcvt.s.w	f9,x14	 x14:0x80041396  f9=0xcefff7d8
     486715.000 ns	     48670	80009c24	dbb64e93	xori	x29,x12,-581	 x12:0x80040fe4 x29=0x7ffbf25f
     486725.000 ns	     48671	80009c28	2dadba93	sltiu	x21,x27,730	 x27:0x00000002 x21=0x00000001
     486735.000 ns	     48672	80009c2c	00602cb3	slt	x25,x0,x6	  x0:0x00000000  x6:0x00000000 x25=0x00000000
     486745.000 ns	     48673	80009c30	41cbdab3	sra	x21,x23,x28	 x23:0x2d670b34 x28:0x00000007 x21=0x005ace16
     486785.000 ns	     48677	80009c34	01d13b53	fadd.s	f22,f2,f29	  f2:0xbf800000 f29:0x066e4000 f22=0xbf800000
     486805.000 ns	     48679	80009c38	00088cb3	add	x25,x17,x0	 x17:0xffffffff  x0:0x00000000 x25=0xffffffff
     487135.000 ns	     48712	80009c3c	191e03d3	fdiv.s	f7,f28,f17	 f28:0x55a7cb11 f17:0xebdbf524  f7=0xa927cb12
     488315.000 ns	     48830	80009c40	580692d3	fsqrt.s	f5,f13	 f13:0x40000000  f5=0x3f350482
     488365.000 ns	     48835	80009c44	094693d3	fsub.s	f7,f13,f20	 f13:0x40000000 f20:0xbf800000  f7=0x40400000
     488395.000 ns	     48838	80009c48	297c82d3	fmin.s	f5,f25,f23	 f25:0x00000000 f23:0x4efff7df  f5=0x00000000
     488425.000 ns	     48841	80009c4c	f00a8753	fmv.w.x	f14,x21	 x21:0x005ace16 f14=0x005ace16
     488445.000 ns	     48843	80009c50	729ec693	xori	x13,x29,1833	 x29:0x7ffbf25f x13=0x7ffbf576
     488455.000 ns	     48844	80009c54	4120d533	sra	x10,x1,x18	  x1:0x00000000 x18:0x00000000 x10=0x00000000
     488465.000 ns	     48845	80009c58	405602b3	sub	x5,x12,x5	 x12:0x80040fe4  x5:0x00000000  x5=0x80040fe4
     488475.000 ns	     48846	80009c5c	409dd093	srai	x1,x27,0x9	 x27:0x00000002  x1=0x00000000
     488485.000 ns	     48847	80009c60	6a35fab7	lui	x21,0x6a35f	 x21=0x6a35f000
     488495.000 ns	     48848	80009c64	0121e5b3	or	x11,x3,x18	  x3:0xffffffbe x18:0x00000000 x11=0xffffffbe
     488505.000 ns	     48849	80009c68	013df2b3	and	x5,x27,x19	 x27:0x00000002 x19:0x00000004  x5=0x00000000
     488535.000 ns	     48852	80009c6c	193c9bd3	fdiv.s	f23,f25,f19	 f25:0x00000000 f19:0xbd93a360 f23=0x80000000
     488555.000 ns	     48854	80009c70	00000013	addi	x0,x0,0	  x0:0x00000000
     488575.000 ns	     48856	80009c74	200c1f53	fsgnjn.s	f30,f24,f0	 f24:0x4ec87a14  f0:0x7f800000 f30=0xcec87a14
     488595.000 ns	     48858	80009c78	c9df8993	addi	x19,x31,-867	 x31:0x2e23f000 x19=0x2e23ec9d
     488605.000 ns	     48859	80009c7c	2e91cc97	auipc	x25,0x2e91c	 x25=0xae925c7c
     488615.000 ns	     48860	80009c80	17a64f93	xori	x31,x12,378	 x12:0x80040fe4 x31=0x80040e9e
     488625.000 ns	     48861	80009c84	3c562993	slti	x19,x12,965	 x12:0x80040fe4 x19=0x00000001
     488645.000 ns	     48863	80009c88	d00ef9d3	fcvt.s.w	f19,x29	 x29:0x7ffbf25f f19=0x4efff7e4
     488665.000 ns	     48865	80009c8c	8389e797	auipc	x15,0x8389e	 x15=0x038a7c8c
     488675.000 ns	     48866	80009c90	006a9833	sll	x16,x21,x6	 x21:0x6a35f000  x6:0x00000000 x16=0x6a35f000
     488685.000 ns	     48867	80009c94	00ec3f33	sltu	x30,x24,x14	 x24:0xffffef80 x14:0x80041396 x30=0x00000000
     488695.000 ns	     48868	80009c98	f218c493	xori	x9,x17,-223	 x17:0xffffffff  x9=0x000000de
     488705.000 ns	     48869	80009c9c	01afdf33	srl	x30,x31,x26	 x31:0x80040e9e x26:0x000007d8 x30=0x00000080
     488745.000 ns	     48873	80009ca0	09cf88d3	fsub.s	f17,f31,f28	 f31:0x00000000 f28:0x55a7cb11 f17=0xd5a7cb11
     488765.000 ns	     48875	80009ca4	01871493	slli	x9,x14,0x18	 x14:0x80041396  x9=0x96000000
     488785.000 ns	     48877	80009ca8	d01bfb53	fcvt.s.wu	f22,x23	 x23:0x2d670b34 f22=0x4e359c2c
     488815.000 ns	     48880	80009cac	023b1033	mulh	x0,x22,x3	 x22:0x00000001  x3:0xffffffbe
     488835.000 ns	     48882	80009cb0	6260af37	lui	x30,0x6260a	 x30=0x6260a000
     488845.000 ns	     48883	80009cb4	406d00b3	sub	x1,x26,x6	 x26:0x000007d8  x6:0x00000000  x1=0x000007d8
     488855.000 ns	     48884	80009cb8	4076d193	srai	x3,x13,0x7	 x13:0x7ffbf576  x3=0x00fff7ea
     488875.000 ns	     48886	80009cbc	03cc2f33	mulhsu	x30,x24,x28	 x24:0xffffef80 x28:0x00000007 x30=0xffffffff
     490055.000 ns	     49004	80009cc0	5809cf53	fsqrt.s	f30,f19	 f19:0x4efff7e4 f30=0x473501ce
     490075.000 ns	     49006	80009cc4	00d8d333	srl	x6,x17,x13	 x17:0xffffffff x13:0x7ffbf576  x6=0x000003ff
     490115.000 ns	     49010	80009cc8	0929afd3	fsub.s	f31,f19,f18	 f19:0x4efff7e4 f18:0x15ee4000 f31=0x4efff7e4
     490145.000 ns	     49013	80009ccc	e00c9b53	fclass.s	x22,f25	 f25:0x00000000 x22=0x00000010
     490165.000 ns	     49015	80009cd0	1d270193	addi	x3,x14,466	 x14:0x80041396  x3=0x80041568
     490175.000 ns	     49016	80009cd4	8da37f13	andi	x30,x6,-1830	  x6:0x000003ff x30=0x000000da
     490195.000 ns	     49018	80009cd8	c01a2a53	fcvt.wu.s	x20,f20	 f20:0xbf800000 x20=0x00000001
     490215.000 ns	     49020	80009cdc	01bf45b3	xor	x11,x30,x27	 x30:0xffffffff x27:0x00000002 x11=0x000000d8
     490225.000 ns	     49021	80009ce0	41c68b33	sub	x22,x13,x28	 x13:0x7ffbf576 x28:0x00000007 x22=0x7ffbf56f
     490235.000 ns	     49022	80009ce4	5fd8f493	andi	x9,x17,1533	 x17:0xffffffff  x9=0x000005fd
     490595.000 ns	     49058	80009ce8	035e7ab3	remu	x21,x28,x21	 x28:0x00000007 x21:0x6a35f000 x21=0x00000007
     490935.000 ns	     49092	80009cec	190dc553	fdiv.s	f10,f27,f16	 f27:0xebdbf524 f16:0x6bdbf524 f10=0xbf5bf524
     490955.000 ns	     49094	80009cf0	ef867493	andi	x9,x12,-264	 x12:0x80040fe4  x9=0x80040ee0
     490975.000 ns	     49096	80009cf4	f0068c53	fmv.w.x	f24,x13	 x13:0x7ffbf576 f24=0x7ffbf576
     491005.000 ns	     49099	80009cf8	d01c8e53	fcvt.s.wu	f28,x25	 x25:0xae925c7c f28=0x4f2e925c
     491025.000 ns	     49101	80009cfc	002a0a33	add	x20,x20,x2	 x20:0x00000001  x2:0x00000040 x20=0x00000041
     491035.000 ns	     49102	80009d00	e2a1a193	slti	x3,x3,-470	  x3:0x80041568  x3=0x00000001
     491055.000 ns	     49104	80009d04	21a3a553	fsgnjx.s	f10,f7,f26	  f7:0x40400000 f26:0x40000000 f10=0x40400000
     491085.000 ns	     49107	80009d08	c016b553	fcvt.wu.s	x10,f13	 f13:0x40000000 x10=0x00000002
     491115.000 ns	     49110	80009d0c	e00915d3	fclass.s	x11,f18	 f18:0x15ee4000 x11=0x00000040
     491135.000 ns	     49112	80009d10	0187dc93	srli	x25,x15,0x18	 x15:0x038a7c8c x25=0x00000003
     491495.000 ns	     49148	80009d14	03fbc033	div	x0,x23,x31	 x23:0x2d670b34 x31:0x80040e9e
     491515.000 ns	     49150	80009d18	5b2e0793	addi	x15,x28,1458	 x28:0x00000007 x15=0x000005b9
     491535.000 ns	     49152	80009d1c	a15f87d3	fle.s	x15,f31,f21	 f31:0x4efff7e4 f21:0xcefff7e0 x15=0x00000000
     491555.000 ns	     49154	80009d20	00d6c7b3	xor	x15,x13,x13	 x13:0x7ffbf576 x13:0x7ffbf576 x15=0x00000000
     491575.000 ns	     49156	80009d24	21a38f53	fsgnj.s	f30,f7,f26	  f7:0x40400000 f26:0x40000000 f30=0x40400000
     491605.000 ns	     49159	80009d28	03399bb3	mulh	x23,x19,x19	 x19:0x00000001 x19:0x00000001 x23=0x00000000
     491975.000 ns	     49196	80009d2c	031b5433	divu	x8,x22,x17	 x22:0x7ffbf56f x17:0xffffffff  x8=0x00000000
     491995.000 ns	     49198	80009d30	3d03e813	ori	x16,x7,976	  x7:0xad6b1b57 x16=0xad6b1bd7
     492005.000 ns	     49199	80009d34	f60b8193	addi	x3,x23,-160	 x23:0x00000000  x3=0xffffff60
     492025.000 ns	     49201	80009d38	e0070ad3	fmv.x.w	x21,f14	 f14:0x005ace16 x21=0x005ace16
     492395.000 ns	     49238	80009d3c	03bdedb3	rem	x27,x27,x27	 x27:0x00000002 x27:0x00000002 x27=0x00000000
     492415.000 ns	     49240	80009d40	00fc74b3	and	x9,x24,x15	 x24:0xffffef80 x15:0x00000000  x9=0x00000000
     492435.000 ns	     49242	80009d44	03cf9f33	mulh	x30,x31,x28	 x31:0x80040e9e x28:0x00000007 x30=0xfffffffc
     492465.000 ns	     49245	80009d48	a0c010d3	flt.s	x1,f0,f12	  f0:0x7f800000 f12:0x6bdbf524  x1=0x00000000
     492495.000 ns	     49248	80009d4c	02f71d33	mulh	x26,x14,x15	 x14:0x80041396 x15:0x00000000 x26=0x00000000
     492515.000 ns	     49250	80009d50	00000013	addi	x0,x0,0	  x0:0x00000000
     492535.000 ns	     49252	80009d54	28909fd3	fmax.s	f31,f1,f9	  f1:0x6bdbf524  f9:0xcefff7d8 f31=0x6bdbf524
     492565.000 ns	     49255	80009d58	03b919b3	mulh	x19,x18,x27	 x18:0x00000000 x27:0x00000000 x19=0x00000000
     492585.000 ns	     49257	80009d5c	01423033	sltu	x0,x4,x20	  x4:0x80041024 x20:0x00000041
     492605.000 ns	     49259	80009d60	e00f9d53	fclass.s	x26,f31	 f31:0x6bdbf524 x26=0x00000040
     492625.000 ns	     49261	80009d64	40875813	srai	x16,x14,0x8	 x14:0x80041396 x16=0xff800413
     492635.000 ns	     49262	80009d68	010fbf33	sltu	x30,x31,x16	 x31:0x80040e9e x16:0xad6b1bd7 x30=0x00000001
     492645.000 ns	     49263	80009d6c	410b8c33	sub	x24,x23,x16	 x23:0x00000000 x16:0xad6b1bd7 x24=0x007ffbed
     492655.000 ns	     49264	80009d70	41b8d1b3	sra	x3,x17,x27	 x17:0xffffffff x27:0x00000000  x3=0xffffffff
     492665.000 ns	     49265	80009d74	01ef40b3	xor	x1,x30,x30	 x30:0x00000001 x30:0x00000001  x1=0x00000000
     492675.000 ns	     49266	80009d78	d4a6b013	sltiu	x0,x13,-694	 x13:0x7ffbf576
     493035.000 ns	     49302	80009d7c	03414b33	div	x22,x2,x20	  x2:0x00000040 x20:0x00000041 x22=0x00000000
     493055.000 ns	     49304	80009d80	40bb5313	srai	x6,x22,0xb	 x22:0x7ffbf56f  x6=0x00000000
     493415.000 ns	     49340	80009d84	02dbd133	divu	x2,x23,x13	 x23:0x00000000 x13:0x7ffbf576  x2=0x00000000
     493445.000 ns	     49343	80009d88	21612fd3	fsgnjx.s	f31,f2,f22	  f2:0xbf800000 f22:0x4e359c2c f31=0xbf800000
     493475.000 ns	     49346	80009d8c	c0017fd3	fcvt.w.s	x31,f2	  f2:0xbf800000 x31=0x00000001
     493505.000 ns	     49349	80009d90	29160a53	fmin.s	f20,f12,f17	 f12:0x6bdbf524 f17:0xd5a7cb11 f20=0xd5a7cb11
     493535.000 ns	     49352	80009d94	02cf1433	mulh	x8,x30,x12	 x30:0x00000001 x12:0x80040fe4  x8=0xffffffff
     493575.000 ns	     49356	80009d98	580bf7d3	fsqrt.s	f15,f23	 f23:0x80000000 f15=0x80000000
     494715.000 ns	     49470	80009d9c	58063953	fsqrt.s	f18,f12	 f12:0x6bdbf524 f18=0x55a7cb11
     494735.000 ns	     49472	80009da0	41b6d013	srai	x0,x13,0x1b	 x13:0x7ffbf576
     494755.000 ns	     49474	80009da4	d01cf653	fcvt.s.wu	f12,x25	 x25:0x00000003 f12=0x40400000
     494775.000 ns	     49476	80009da8	40315d13	srai	x26,x2,0x3	  x2:0x00000000 x26=0x00000000
     494785.000 ns	     49477	80009dac	01fdc533	xor	x10,x27,x31	 x27:0x00000000 x31:0x00000001 x10=0x00000001
     494805.000 ns	     49479	80009db0	036c5f33	divu	x30,x24,x22	 x24:0x007ffbed x22:0x00000000 x30=0xffffffff
     494835.000 ns	     49482	80009db4	a0c00c53	fle.s	x24,f0,f12	  f0:0x7f800000 f12:0x40400000 x24=0x00000000
     494855.000 ns	     49484	80009db8	00dc1793	slli	x15,x24,0xd	 x24:0x007ffbed x15=0x00000000
     494875.000 ns	     49486	80009dbc	025c09b3	mul	x19,x24,x5	 x24:0x00000000  x5:0x00000000 x19=0x00000000
     494905.000 ns	     49489	80009dc0	f00b8d53	fmv.w.x	f26,x23	 x23:0x00000000 f26=0x00000000
     494945.000 ns	     49493	80009dc4	11ccf8d3	fmul.s	f17,f25,f28	 f25:0x00000000 f28:0x4f2e925c f17=0x00000000
     494965.000 ns	     49495	80009dc8	59a96693	ori	x13,x18,1434	 x18:0x00000000 x13=0x0000059a
     494985.000 ns	     49497	80009dcc	29bb9153	fmax.s	f2,f23,f27	 f23:0x80000000 f27:0xebdbf524  f2=0x80000000
     495005.000 ns	     49499	80009dd0	016f2333	slt	x6,x30,x22	 x30:0xffffffff x22:0x00000000  x6=0x00000001
     495015.000 ns	     49500	80009dd4	4aefbf93	sltiu	x31,x31,1198	 x31:0x00000001 x31=0x00000001
     495025.000 ns	     49501	80009dd8	7d397193	andi	x3,x18,2003	 x18:0x00000000  x3=0x00000000
     495035.000 ns	     49502	80009ddc	00000013	addi	x0,x0,0	  x0:0x00000000
     495045.000 ns	     49503	80009de0	054b2493	slti	x9,x22,84	 x22:0x00000000  x9=0x00000001
     495065.000 ns	     49505	80009de4	035bb333	mulhu	x6,x23,x21	 x23:0x00000000 x21:0x005ace16  x6=0x00000000
     495085.000 ns	     49507	80009de8	005bf7b3	and	x15,x23,x5	 x23:0x00000000  x5:0x00000000 x15=0x00000000
     495095.000 ns	     49508	80009dec	27713813	sltiu	x16,x2,631	  x2:0x00000000 x16=0x00000001
     495105.000 ns	     49509	80009df0	01b75793	srli	x15,x14,0x1b	 x14:0x80041396 x15=0x00000010
     495125.000 ns	     49511	80009df4	a03e06d3	fle.s	x13,f28,f3	 f28:0x4f2e925c  f3:0x8b34b4b6 x13=0x00000000
     495155.000 ns	     49514	80009df8	29c61fd3	fmax.s	f31,f12,f28	 f12:0x40400000 f28:0x4f2e925c f31=0x4f2e925c
     495175.000 ns	     49516	80009dfc	41c4d293	srai	x5,x9,0x1c	  x9:0x00000001  x5=0x00000000
     495195.000 ns	     49518	80009e00	217b1a53	fsgnjn.s	f20,f22,f23	 f22:0x4e359c2c f23:0x80000000 f20=0x4e359c2c
     495215.000 ns	     49520	80009e04	503dbb93	sltiu	x23,x27,1283	 x27:0x00000000 x23=0x00000001
     495545.000 ns	     49553	80009e08	18effcd3	fdiv.s	f25,f31,f14	 f31:0x4f2e925c f14:0x005ace16 f25=0x7f800000
     495575.000 ns	     49556	80009e0c	a0179d53	flt.s	x26,f15,f1	 f15:0x80000000  f1:0x6bdbf524 x26=0x00000001
     495615.000 ns	     49560	80009e10	19e880d3	fdiv.s	f1,f17,f30	 f17:0x00000000 f30:0x40400000  f1=0x00000000
     495645.000 ns	     49563	80009e14	03893db3	mulhu	x27,x18,x24	 x18:0x00000000 x24:0x00000000 x27=0x00000000
     495665.000 ns	     49565	80009e18	0300d517	auipc	x10,0x300d	 x10=0x83016e18
     496025.000 ns	     49601	80009e1c	02ccd8b3	divu	x17,x25,x12	 x25:0x00000003 x12:0x80040fe4 x17=0x00000000
     496075.000 ns	     49606	80009e20	010ef053	fadd.s	f0,f29,f16	 f29:0x066e4000 f16:0x6bdbf524  f0=0x6bdbf524
     496105.000 ns	     49609	80009e24	a1781553	flt.s	x10,f16,f23	 f16:0x6bdbf524 f23:0x80000000 x10=0x00000000
     496125.000 ns	     49611	80009e28	01229513	slli	x10,x5,0x12	  x5:0x00000000 x10=0x00000000
     496135.000 ns	     49612	80009e2c	0125bdb3	sltu	x27,x11,x18	 x11:0x00000040 x18:0x00000000 x27=0x00000000
     496145.000 ns	     49613	80009e30	010d7033	and	x0,x26,x16	 x26:0x00000001 x16:0x00000001
     496165.000 ns	     49615	80009e34	a01802d3	fle.s	x5,f16,f1	 f16:0x6bdbf524  f1:0x00000000  x5=0x00000000
     496185.000 ns	     49617	80009e38	00000013	addi	x0,x0,0	  x0:0x00000000
     496205.000 ns	     49619	80009e3c	02648db3	mul	x27,x9,x6	  x9:0x00000001  x6:0x00000000 x27=0x00000000
     496235.000 ns	     49622	80009e40	e00401d3	fmv.x.w	x3,f8	  f8:0xcefff7df  x3=0xcefff7df
     496255.000 ns	     49624	80009e44	01c724b3	slt	x9,x14,x28	 x14:0x80041396 x28:0x00000007  x9=0x00000001
     496615.000 ns	     49660	80009e48	028476b3	remu	x13,x8,x8	  x8:0xffffffff  x8:0xffffffff x13=0x00000000
     496645.000 ns	     49663	80009e4c	02070333	mul	x6,x14,x0	 x14:0x80041396  x0:0x00000000  x6=0x00000000
     496665.000 ns	     49665	80009e50	001f3933	sltu	x18,x30,x1	 x30:0xffffffff  x1:0x00000000 x18=0x00000000
     496675.000 ns	     49666	80009e54	00fe1b13	slli	x22,x28,0xf	 x28:0x00000007 x22=0x00038000
     496685.000 ns	     49667	80009e58	0006b6b3	sltu	x13,x13,x0	 x13:0x00000000  x0:0x00000000 x13=0x00000000
     496705.000 ns	     49669	80009e5c	a1108053	fle.s	x0,f1,f17	  f1:0x00000000 f17:0x00000000
     497075.000 ns	     49706	80009e60	035554b3	divu	x9,x10,x21	 x10:0x00000000 x21:0x005ace16  x9=0x00000000
     497095.000 ns	     49708	80009e64	00fcab33	slt	x22,x25,x15	 x25:0x00000003 x15:0x00000010 x22=0x00000001
     497115.000 ns	     49710	80009e68	21099353	fsgnjn.s	f6,f19,f16	 f19:0x4efff7e4 f16:0x6bdbf524  f6=0xcefff7e4
     497145.000 ns	     49713	80009e6c	03131bb3	mulh	x23,x6,x17	  x6:0x00000000 x17:0x00000000 x23=0x00000000
     497165.000 ns	     49715	80009e70	0b597393	andi	x7,x18,181	 x18:0x00000000  x7=0x00000000
     497185.000 ns	     49717	80009e74	a0a11453	flt.s	x8,f2,f10	  f2:0x80000000 f10:0x40400000  x8=0x00000001
     497215.000 ns	     49720	80009e78	d00f4f53	fcvt.s.w	f30,x30	 x30:0xffffffff f30=0xbf800000
     497245.000 ns	     49723	80009e7c	29970fd3	fmin.s	f31,f14,f25	 f14:0x005ace16 f25:0x7f800000 f31=0x005ace16
     497615.000 ns	     49760	80009e80	03a5c9b3	div	x19,x11,x26	 x11:0x00000040 x26:0x00000001 x19=0x00000040
     497635.000 ns	     49762	80009e84	7d49f593	andi	x11,x19,2004	 x19:0x00000000 x11=0x00000040
     497645.000 ns	     49763	80009e88	00000e17	auipc	x28,0x0	 x28=0x80009e88
     497655.000 ns	     49764	80009e8c	00ce0e13	addi	x28,x28,12	 x28:0x00000007 x28=0x80009e94
     497665.000 ns	     49765	80009e90	000e0067	jalr	x0,x28,0	 x28:0x00000007
     497715.000 ns	     49770	80009e94	00100193	addi	x3,x0,1	  x0:0x00000000  x3=0x00000001
     497725.000 ns	     49771	80009e98	00000073	ecall	
     497735.000 ns	     49772	80009e9c	00036f17	auipc	x30,0x36	 x30=0x8003fe9c
     497745.000 ns	     49773	80009ea0	163f2223	sw	x3,356(x30)	 x30:0xffffffff  x3:0x00000001 PA:0xxxxxxxxx
     497765.000 ns	     49775	80009ea4	ff9ff06f	jal	x0,80009ea0	
     497815.000 ns	     49780	80009e9c	00036f17	auipc	x30,0x36	 x30=0x8003fe9c
     497825.000 ns	     49781	80009ea0	163f2223	sw	x3,356(x30)	 x30:0x8003fe9c  x3:0x00000001 PA:0xxxxxxxxx
     497845.000 ns	     49783	80009ea4	ff9ff06f	jal	x0,80009ea0	
     497895.000 ns	     49788	80009e9c	00036f17	auipc	x30,0x36	 x30=0x8003fe9c
     497905.000 ns	     49789	80009ea0	163f2223	sw	x3,356(x30)	 x30:0x8003fe9c  x3:0x00000001 PA:0xxxxxxxxx
     497925.000 ns	     49791	80009ea4	ff9ff06f	jal	x0,80009ea0	
     497975.000 ns	     49796	80009e9c	00036f17	auipc	x30,0x36	 x30=0x8003fe9c
     497985.000 ns	     49797	80009ea0	163f2223	sw	x3,356(x30)	 x30:0x8003fe9c  x3:0x00000001 PA:0xxxxxxxxx
     498005.000 ns	     49799	80009ea4	ff9ff06f	jal	x0,80009ea0	
     498055.000 ns	     49804	80009e9c	00036f17	auipc	x30,0x36	 x30=0x8003fe9c
     498065.000 ns	     49805	80009ea0	163f2223	sw	x3,356(x30)	 x30:0x8003fe9c  x3:0x00000001 PA:0xxxxxxxxx
     498085.000 ns	     49807	80009ea4	ff9ff06f	jal	x0,80009ea0	
     498135.000 ns	     49812	80009e9c	00036f17	auipc	x30,0x36	 x30=0x8003fe9c
     498145.000 ns	     49813	80009ea0	163f2223	sw	x3,356(x30)	 x30:0x8003fe9c  x3:0x00000001 PA:0xxxxxxxxx
     498165.000 ns	     49815	80009ea4	ff9ff06f	jal	x0,80009ea0	
     498215.000 ns	     49820	80009e9c	00036f17	auipc	x30,0x36	 x30=0x8003fe9c
     498225.000 ns	     49821	80009ea0	163f2223	sw	x3,356(x30)	 x30:0x8003fe9c  x3:0x00000001 PA:0xxxxxxxxx
     498245.000 ns	     49823	80009ea4	ff9ff06f	jal	x0,80009ea0	
     498295.000 ns	     49828	80009e9c	00036f17	auipc	x30,0x36	 x30=0x8003fe9c
     498305.000 ns	     49829	80009ea0	163f2223	sw	x3,356(x30)	 x30:0x8003fe9c  x3:0x00000001 PA:0xxxxxxxxx
     498325.000 ns	     49831	80009ea4	ff9ff06f	jal	x0,80009ea0	
     498375.000 ns	     49836	80009e9c	00036f17	auipc	x30,0x36	 x30=0x8003fe9c
     498385.000 ns	     49837	80009ea0	163f2223	sw	x3,356(x30)	 x30:0x8003fe9c  x3:0x00000001 PA:0xxxxxxxxx
     498405.000 ns	     49839	80009ea4	ff9ff06f	jal	x0,80009ea0	
     498455.000 ns	     49844	80009e9c	00036f17	auipc	x30,0x36	 x30=0x8003fe9c
     498465.000 ns	     49845	80009ea0	163f2223	sw	x3,356(x30)	 x30:0x8003fe9c  x3:0x00000001 PA:0xxxxxxxxx
     498485.000 ns	     49847	80009ea4	ff9ff06f	jal	x0,80009ea0	
     498535.000 ns	     49852	80009e9c	00036f17	auipc	x30,0x36	 x30=0x8003fe9c
     498545.000 ns	     49853	80009ea0	163f2223	sw	x3,356(x30)	 x30:0x8003fe9c  x3:0x00000001 PA:0xxxxxxxxx
     498565.000 ns	     49855	80009ea4	ff9ff06f	jal	x0,80009ea0	
     498615.000 ns	     49860	80009e9c	00036f17	auipc	x30,0x36	 x30=0x8003fe9c
     498625.000 ns	     49861	80009ea0	163f2223	sw	x3,356(x30)	 x30:0x8003fe9c  x3:0x00000001 PA:0xxxxxxxxx
     498645.000 ns	     49863	80009ea4	ff9ff06f	jal	x0,80009ea0	
     498695.000 ns	     49868	80009e9c	00036f17	auipc	x30,0x36	 x30=0x8003fe9c
     498705.000 ns	     49869	80009ea0	163f2223	sw	x3,356(x30)	 x30:0x8003fe9c  x3:0x00000001 PA:0xxxxxxxxx
     498725.000 ns	     49871	80009ea4	ff9ff06f	jal	x0,80009ea0	
     498775.000 ns	     49876	80009e9c	00036f17	auipc	x30,0x36	 x30=0x8003fe9c
     498785.000 ns	     49877	80009ea0	163f2223	sw	x3,356(x30)	 x30:0x8003fe9c  x3:0x00000001 PA:0xxxxxxxxx
     498805.000 ns	     49879	80009ea4	ff9ff06f	jal	x0,80009ea0	
     498855.000 ns	     49884	80009e9c	00036f17	auipc	x30,0x36	 x30=0x8003fe9c
     498865.000 ns	     49885	80009ea0	163f2223	sw	x3,356(x30)	 x30:0x8003fe9c  x3:0x00000001 PA:0xxxxxxxxx
     498885.000 ns	     49887	80009ea4	ff9ff06f	jal	x0,80009ea0	
     498935.000 ns	     49892	80009e9c	00036f17	auipc	x30,0x36	 x30=0x8003fe9c
     498945.000 ns	     49893	80009ea0	163f2223	sw	x3,356(x30)	 x30:0x8003fe9c  x3:0x00000001 PA:0xxxxxxxxx
     498965.000 ns	     49895	80009ea4	ff9ff06f	jal	x0,80009ea0	
     499015.000 ns	     49900	80009e9c	00036f17	auipc	x30,0x36	 x30=0x8003fe9c
     499025.000 ns	     49901	80009ea0	163f2223	sw	x3,356(x30)	 x30:0x8003fe9c  x3:0x00000001 PA:0xxxxxxxxx
     499045.000 ns	     49903	80009ea4	ff9ff06f	jal	x0,80009ea0	
     499095.000 ns	     49908	80009e9c	00036f17	auipc	x30,0x36	 x30=0x8003fe9c
     499105.000 ns	     49909	80009ea0	163f2223	sw	x3,356(x30)	 x30:0x8003fe9c  x3:0x00000001 PA:0xxxxxxxxx
     499125.000 ns	     49911	80009ea4	ff9ff06f	jal	x0,80009ea0	
     499175.000 ns	     49916	80009e9c	00036f17	auipc	x30,0x36	 x30=0x8003fe9c
     499185.000 ns	     49917	80009ea0	163f2223	sw	x3,356(x30)	 x30:0x8003fe9c  x3:0x00000001 PA:0xxxxxxxxx
     499205.000 ns	     49919	80009ea4	ff9ff06f	jal	x0,80009ea0	
     499255.000 ns	     49924	80009e9c	00036f17	auipc	x30,0x36	 x30=0x8003fe9c
     499265.000 ns	     49925	80009ea0	163f2223	sw	x3,356(x30)	 x30:0x8003fe9c  x3:0x00000001 PA:0xxxxxxxxx
     499285.000 ns	     49927	80009ea4	ff9ff06f	jal	x0,80009ea0	
     499335.000 ns	     49932	80009e9c	00036f17	auipc	x30,0x36	 x30=0x8003fe9c
     499345.000 ns	     49933	80009ea0	163f2223	sw	x3,356(x30)	 x30:0x8003fe9c  x3:0x00000001 PA:0xxxxxxxxx
     499365.000 ns	     49935	80009ea4	ff9ff06f	jal	x0,80009ea0	
     499415.000 ns	     49940	80009e9c	00036f17	auipc	x30,0x36	 x30=0x8003fe9c
     499425.000 ns	     49941	80009ea0	163f2223	sw	x3,356(x30)	 x30:0x8003fe9c  x3:0x00000001 PA:0xxxxxxxxx
     499445.000 ns	     49943	80009ea4	ff9ff06f	jal	x0,80009ea0	
     499495.000 ns	     49948	80009e9c	00036f17	auipc	x30,0x36	 x30=0x8003fe9c
     499505.000 ns	     49949	80009ea0	163f2223	sw	x3,356(x30)	 x30:0x8003fe9c  x3:0x00000001 PA:0xxxxxxxxx
     499525.000 ns	     49951	80009ea4	ff9ff06f	jal	x0,80009ea0	
     499575.000 ns	     49956	80009e9c	00036f17	auipc	x30,0x36	 x30=0x8003fe9c
     499585.000 ns	     49957	80009ea0	163f2223	sw	x3,356(x30)	 x30:0x8003fe9c  x3:0x00000001 PA:0xxxxxxxxx
     499605.000 ns	     49959	80009ea4	ff9ff06f	jal	x0,80009ea0	
     499655.000 ns	     49964	80009e9c	00036f17	auipc	x30,0x36	 x30=0x8003fe9c
     499665.000 ns	     49965	80009ea0	163f2223	sw	x3,356(x30)	 x30:0x8003fe9c  x3:0x00000001 PA:0xxxxxxxxx
     499685.000 ns	     49967	80009ea4	ff9ff06f	jal	x0,80009ea0	
     499735.000 ns	     49972	80009e9c	00036f17	auipc	x30,0x36	 x30=0x8003fe9c
     499745.000 ns	     49973	80009ea0	163f2223	sw	x3,356(x30)	 x30:0x8003fe9c  x3:0x00000001 PA:0xxxxxxxxx
     499765.000 ns	     49975	80009ea4	ff9ff06f	jal	x0,80009ea0	
     499815.000 ns	     49980	80009e9c	00036f17	auipc	x30,0x36	 x30=0x8003fe9c
     499825.000 ns	     49981	80009ea0	163f2223	sw	x3,356(x30)	 x30:0x8003fe9c  x3:0x00000001 PA:0xxxxxxxxx
     499845.000 ns	     49983	80009ea4	ff9ff06f	jal	x0,80009ea0	
     499895.000 ns	     49988	80009e9c	00036f17	auipc	x30,0x36	 x30=0x8003fe9c
     499905.000 ns	     49989	80009ea0	163f2223	sw	x3,356(x30)	 x30:0x8003fe9c  x3:0x00000001 PA:0xxxxxxxxx
     499925.000 ns	     49991	80009ea4	ff9ff06f	jal	x0,80009ea0	
     499975.000 ns	     49996	80009e9c	00036f17	auipc	x30,0x36	 x30=0x8003fe9c
     499985.000 ns	     49997	80009ea0	163f2223	sw	x3,356(x30)	 x30:0x8003fe9c  x3:0x00000001 PA:0xxxxxxxxx
