		Time			Cycle	PC		Insn	Decoded instruction	Register and memory contents
         65.000 ns	         5	80000000	f14022f3	csrrs	x5,mhartid,x0	  x0:0x00000000  x5=0xffffff14
         75.000 ns	         6	80000004	00000313	addi	x6,x0,0	  x0:0x00000000  x6=0x00000000
         85.000 ns	         7	80000008	00628263	beq	x5,x6,8000000c	  x5:0x00000000  x6:0x00000000
         95.000 ns	         8	8000000c	00000b17	auipc	x22,0x0	 x22=0x8000000c
        105.000 ns	         9	80000010	00cb0b13	addi	x22,x22,12	 x22:0x00000000 x22=0x80000018
        115.000 ns	        10	80000014	000b0067	jalr	x0,x22,0	 x22:0x00000000
        165.000 ns	        15	80000018	400013b7	lui	x7,0x40001	  x7=0x40001000
        175.000 ns	        16	8000001c	12038393	addi	x7,x7,288	  x7:0x00000000  x7=0x40001120
        185.000 ns	        17	80000020	30139073	csrrw	x0,misa,x7	  x7:0x00000000
        195.000 ns	        18	80000024	00041297	auipc	x5,0x41	  x5=0x80041024
        205.000 ns	        19	80000028	00028293	addi	x5,x5,0	  x5:0xffffff14  x5=0x80041024
        215.000 ns	        20	8000002c	0000b397	auipc	x7,0xb	  x7=0x8000b02c
        225.000 ns	        21	80000030	8b438393	addi	x7,x7,-1868	  x7:0x40001120  x7=0x8000a8e0
        235.000 ns	        22	80000034	0013e393	ori	x7,x7,1	  x7:0x40001120  x7=0x8000a8e1
        245.000 ns	        23	80000038	30539073	csrrw	x0,mtvec,x7	  x7:0x8000b02c
        255.000 ns	        24	8000003c	00000397	auipc	x7,0x0	  x7=0x8000003c
        265.000 ns	        25	80000040	02838393	addi	x7,x7,40	  x7:0x8000a8e1  x7=0x80000064
        275.000 ns	        26	80000044	34139073	csrrw	x0,mepc,x7	  x7:0x8000a8e1
        285.000 ns	        27	80000048	00000013	addi	x0,x0,0	  x0:0x00000000
        295.000 ns	        28	8000004c	000043b7	lui	x7,0x4	  x7=0x00004000
        305.000 ns	        29	80000050	80038393	addi	x7,x7,-2048	  x7:0x80000064  x7=0x00003800
        315.000 ns	        30	80000054	30039073	csrrw	x0,mstatus,x7	  x7:0x80000064
        325.000 ns	        31	80000058	00000393	addi	x7,x0,0	  x0:0x00000000  x7=0x00000000
        335.000 ns	        32	8000005c	30439073	csrrw	x0,mie,x7	  x7:0x00003800
        345.000 ns	        33	80000060	30200073	mret	
        355.000 ns	        34	80000064	7fc003b7	lui	x7,0x7fc00	  x7=0x7fc00000
        375.000 ns	        36	80000068	f0038053	fmv.w.x	f0,x7	  x7:0x00000000  f0=0x7fc00000
        395.000 ns	        38	8000006c	6dda43b7	lui	x7,0x6dda4	  x7=0x6dda4000
        405.000 ns	        39	80000070	62138393	addi	x7,x7,1569	  x7:0x7fc00000  x7=0x6dda4621
        425.000 ns	        41	80000074	f00380d3	fmv.w.x	f1,x7	  x7:0x7fc00000  f1=0x6dda4621
        445.000 ns	        43	80000078	ff8003b7	lui	x7,0xff800	  x7=0xff800000
        465.000 ns	        45	8000007c	f0038153	fmv.w.x	f2,x7	  x7:0x6dda4621  f2=0xff800000
        485.000 ns	        47	80000080	a42f83b7	lui	x7,0xa42f8	  x7=0xa42f8000
        495.000 ns	        48	80000084	4a638393	addi	x7,x7,1190	  x7:0xff800000  x7=0xa42f84a6
        515.000 ns	        50	80000088	f00381d3	fmv.w.x	f3,x7	  x7:0xff800000  f3=0xa42f84a6
        535.000 ns	        52	8000008c	ff8003b7	lui	x7,0xff800	  x7=0xff800000
        555.000 ns	        54	80000090	f0038253	fmv.w.x	f4,x7	  x7:0xa42f84a6  f4=0xff800000
        575.000 ns	        56	80000094	1ccf13b7	lui	x7,0x1ccf1	  x7=0x1ccf1000
        585.000 ns	        57	80000098	d0a38393	addi	x7,x7,-758	  x7:0xff800000  x7=0x1ccf0d0a
        605.000 ns	        59	8000009c	f00382d3	fmv.w.x	f5,x7	  x7:0xff800000  f5=0x1ccf0d0a
        625.000 ns	        61	800000a0	8058f3b7	lui	x7,0x8058f	  x7=0x8058f000
        635.000 ns	        62	800000a4	a4738393	addi	x7,x7,-1465	  x7:0x1ccf0d0a  x7=0x8058ea47
        655.000 ns	        64	800000a8	f0038353	fmv.w.x	f6,x7	  x7:0x1ccf0d0a  f6=0x8058ea47
        675.000 ns	        66	800000ac	7f8003b7	lui	x7,0x7f800	  x7=0x7f800000
        685.000 ns	        67	800000b0	00138393	addi	x7,x7,1	  x7:0x8058ea47  x7=0x7f800001
        705.000 ns	        69	800000b4	f00383d3	fmv.w.x	f7,x7	  x7:0x8058ea47  f7=0x7f800001
        725.000 ns	        71	800000b8	ff8003b7	lui	x7,0xff800	  x7=0xff800000
        735.000 ns	        72	800000bc	fff38393	addi	x7,x7,-1	  x7:0x7f800001  x7=0xff7fffff
        755.000 ns	        74	800000c0	f0038453	fmv.w.x	f8,x7	  x7:0x7f800001  f8=0xff7fffff
        775.000 ns	        76	800000c4	ff8003b7	lui	x7,0xff800	  x7=0xff800000
        785.000 ns	        77	800000c8	fff38393	addi	x7,x7,-1	  x7:0xff7fffff  x7=0xff7fffff
        805.000 ns	        79	800000cc	f00384d3	fmv.w.x	f9,x7	  x7:0xff7fffff  f9=0xff7fffff
        825.000 ns	        81	800000d0	00000393	addi	x7,x0,0	  x0:0x00000000  x7=0x00000000
        845.000 ns	        83	800000d4	f0038553	fmv.w.x	f10,x7	  x7:0xff7fffff f10=0x00000000
        865.000 ns	        85	800000d8	ff8003b7	lui	x7,0xff800	  x7=0xff800000
        885.000 ns	        87	800000dc	f00385d3	fmv.w.x	f11,x7	  x7:0x00000000 f11=0xff800000
        905.000 ns	        89	800000e0	7f8003b7	lui	x7,0x7f800	  x7=0x7f800000
        915.000 ns	        90	800000e4	00138393	addi	x7,x7,1	  x7:0xff800000  x7=0x7f800001
        935.000 ns	        92	800000e8	f0038653	fmv.w.x	f12,x7	  x7:0xff800000 f12=0x7f800001
        955.000 ns	        94	800000ec	7f8003b7	lui	x7,0x7f800	  x7=0x7f800000
        965.000 ns	        95	800000f0	00138393	addi	x7,x7,1	  x7:0x7f800001  x7=0x7f800001
        985.000 ns	        97	800000f4	f00386d3	fmv.w.x	f13,x7	  x7:0x7f800001 f13=0x7f800001
       1005.000 ns	        99	800000f8	7fc003b7	lui	x7,0x7fc00	  x7=0x7fc00000
       1025.000 ns	       101	800000fc	f0038753	fmv.w.x	f14,x7	  x7:0x7f800001 f14=0x7fc00000
       1045.000 ns	       103	80000100	450bd3b7	lui	x7,0x450bd	  x7=0x450bd000
       1055.000 ns	       104	80000104	12438393	addi	x7,x7,292	  x7:0x7fc00000  x7=0x450bd124
       1075.000 ns	       106	80000108	f00387d3	fmv.w.x	f15,x7	  x7:0x7fc00000 f15=0x450bd124
       1095.000 ns	       108	8000010c	ff8003b7	lui	x7,0xff800	  x7=0xff800000
       1115.000 ns	       110	80000110	f0038853	fmv.w.x	f16,x7	  x7:0x450bd124 f16=0xff800000
       1135.000 ns	       112	80000114	d6dee3b7	lui	x7,0xd6dee	  x7=0xd6dee000
       1145.000 ns	       113	80000118	d0c38393	addi	x7,x7,-756	  x7:0xff800000  x7=0xd6dedd0c
       1165.000 ns	       115	8000011c	f00388d3	fmv.w.x	f17,x7	  x7:0xff800000 f17=0xd6dedd0c
       1185.000 ns	       117	80000120	00000393	addi	x7,x0,0	  x0:0x00000000  x7=0x00000000
       1205.000 ns	       119	80000124	f0038953	fmv.w.x	f18,x7	  x7:0xd6dedd0c f18=0x00000000
       1225.000 ns	       121	80000128	ff8003b7	lui	x7,0xff800	  x7=0xff800000
       1245.000 ns	       123	8000012c	f00389d3	fmv.w.x	f19,x7	  x7:0x00000000 f19=0xff800000
       1265.000 ns	       125	80000130	7f8003b7	lui	x7,0x7f800	  x7=0x7f800000
       1275.000 ns	       126	80000134	fff38393	addi	x7,x7,-1	  x7:0xff800000  x7=0x7f7fffff
       1295.000 ns	       128	80000138	f0038a53	fmv.w.x	f20,x7	  x7:0xff800000 f20=0x7f7fffff
       1315.000 ns	       130	8000013c	a3cb43b7	lui	x7,0xa3cb4	  x7=0xa3cb4000
       1325.000 ns	       131	80000140	23e38393	addi	x7,x7,574	  x7:0x7f7fffff  x7=0xa3cb423e
       1345.000 ns	       133	80000144	f0038ad3	fmv.w.x	f21,x7	  x7:0x7f7fffff f21=0xa3cb423e
       1365.000 ns	       135	80000148	00000393	addi	x7,x0,0	  x0:0x00000000  x7=0x00000000
       1385.000 ns	       137	8000014c	f0038b53	fmv.w.x	f22,x7	  x7:0xa3cb423e f22=0x00000000
       1405.000 ns	       139	80000150	ff8003b7	lui	x7,0xff800	  x7=0xff800000
       1415.000 ns	       140	80000154	fff38393	addi	x7,x7,-1	  x7:0x00000000  x7=0xff7fffff
       1435.000 ns	       142	80000158	f0038bd3	fmv.w.x	f23,x7	  x7:0x00000000 f23=0xff7fffff
       1455.000 ns	       144	8000015c	800003b7	lui	x7,0x80000	  x7=0x80000000
       1475.000 ns	       146	80000160	f0038c53	fmv.w.x	f24,x7	  x7:0xff7fffff f24=0x80000000
       1495.000 ns	       148	80000164	800003b7	lui	x7,0x80000	  x7=0x80000000
       1515.000 ns	       150	80000168	f0038cd3	fmv.w.x	f25,x7	  x7:0x80000000 f25=0x80000000
       1535.000 ns	       152	8000016c	ff8003b7	lui	x7,0xff800	  x7=0xff800000
       1555.000 ns	       154	80000170	f0038d53	fmv.w.x	f26,x7	  x7:0x80000000 f26=0xff800000
       1575.000 ns	       156	80000174	7fc003b7	lui	x7,0x7fc00	  x7=0x7fc00000
       1595.000 ns	       158	80000178	f0038dd3	fmv.w.x	f27,x7	  x7:0xff800000 f27=0x7fc00000
       1615.000 ns	       160	8000017c	7fc003b7	lui	x7,0x7fc00	  x7=0x7fc00000
       1635.000 ns	       162	80000180	f0038e53	fmv.w.x	f28,x7	  x7:0x7fc00000 f28=0x7fc00000
       1655.000 ns	       164	80000184	7f8003b7	lui	x7,0x7f800	  x7=0x7f800000
       1665.000 ns	       165	80000188	00138393	addi	x7,x7,1	  x7:0x7fc00000  x7=0x7f800001
       1685.000 ns	       167	8000018c	f0038ed3	fmv.w.x	f29,x7	  x7:0x7fc00000 f29=0x7f800001
       1705.000 ns	       169	80000190	804023b7	lui	x7,0x80402	  x7=0x80402000
       1715.000 ns	       170	80000194	aa838393	addi	x7,x7,-1368	  x7:0x7f800001  x7=0x80401aa8
       1735.000 ns	       172	80000198	f0038f53	fmv.w.x	f30,x7	  x7:0x7f800001 f30=0x80401aa8
       1755.000 ns	       174	8000019c	8079b3b7	lui	x7,0x8079b	  x7=0x8079b000
       1765.000 ns	       175	800001a0	62d38393	addi	x7,x7,1581	  x7:0x80401aa8  x7=0x8079b62d
       1785.000 ns	       177	800001a4	f0038fd3	fmv.w.x	f31,x7	  x7:0x80401aa8 f31=0x8079b62d
       1805.000 ns	       179	800001a8	0020d073	csrrwi	x0,frm,1	
       1815.000 ns	       180	800001ac	acea8037	lui	x0,0xacea8	
       1825.000 ns	       181	800001b0	f9600013	addi	x0,x0,-106	  x0:0x00000000
       1835.000 ns	       182	800001b4	00000093	addi	x1,x0,0	  x0:0x00000000  x1=0x00000000
       1845.000 ns	       183	800001b8	00000113	addi	x2,x0,0	  x0:0x00000000  x2=0x00000000
       1855.000 ns	       184	800001bc	00600193	addi	x3,x0,6	  x0:0x00000000  x3=0x00000006
       1865.000 ns	       185	800001c0	d3850237	lui	x4,0xd3850	  x4=0xd3850000
       1875.000 ns	       186	800001c4	efb20213	addi	x4,x4,-261	  x4:0x00000000  x4=0xd384fefb
       1885.000 ns	       187	800001c8	00000313	addi	x6,x0,0	  x0:0x00000000  x6=0x00000000
       1895.000 ns	       188	800001cc	00000393	addi	x7,x0,0	  x0:0x00000000  x7=0x00000000
       1905.000 ns	       189	800001d0	f6d8f437	lui	x8,0xf6d8f	  x8=0xf6d8f000
       1915.000 ns	       190	800001d4	fd540413	addi	x8,x8,-43	  x8:0x00000000  x8=0xf6d8efd5
       1925.000 ns	       191	800001d8	00900493	addi	x9,x0,9	  x0:0x00000000  x9=0x00000009
       1935.000 ns	       192	800001dc	2e903537	lui	x10,0x2e903	 x10=0x2e903000
       1945.000 ns	       193	800001e0	ec350513	addi	x10,x10,-317	 x10:0x00000000 x10=0x2e902ec3
       1955.000 ns	       194	800001e4	00000593	addi	x11,x0,0	  x0:0x00000000 x11=0x00000000
       1965.000 ns	       195	800001e8	00600613	addi	x12,x0,6	  x0:0x00000000 x12=0x00000006
       1975.000 ns	       196	800001ec	bb0a26b7	lui	x13,0xbb0a2	 x13=0xbb0a2000
       1985.000 ns	       197	800001f0	f4d68693	addi	x13,x13,-179	 x13:0x00000000 x13=0xbb0a1f4d
       1995.000 ns	       198	800001f4	00300793	addi	x15,x0,3	  x0:0x00000000 x15=0x00000003
       2005.000 ns	       199	800001f8	5ff32837	lui	x16,0x5ff32	 x16=0x5ff32000
       2015.000 ns	       200	800001fc	f7580813	addi	x16,x16,-139	 x16:0x00000000 x16=0x5ff31f75
       2025.000 ns	       201	80000200	d48598b7	lui	x17,0xd4859	 x17=0xd4859000
       2035.000 ns	       202	80000204	c5c88893	addi	x17,x17,-932	 x17:0x00000000 x17=0xd4858c5c
       2045.000 ns	       203	80000208	28cf2937	lui	x18,0x28cf2	 x18=0x28cf2000
       2055.000 ns	       204	8000020c	f1b90913	addi	x18,x18,-229	 x18:0x00000000 x18=0x28cf1f1b
       2065.000 ns	       205	80000210	6e20d9b7	lui	x19,0x6e20d	 x19=0x6e20d000
       2075.000 ns	       206	80000214	50f98993	addi	x19,x19,1295	 x19:0x00000000 x19=0x6e20d50f
       2085.000 ns	       207	80000218	00a00a13	addi	x20,x0,10	  x0:0x00000000 x20=0x0000000a
       2095.000 ns	       208	8000021c	80000ab7	lui	x21,0x80000	 x21=0x80000000
       2105.000 ns	       209	80000220	aaa85b37	lui	x22,0xaaa85	 x22=0xaaa85000
       2115.000 ns	       210	80000224	e4eb0b13	addi	x22,x22,-434	 x22:0x80000018 x22=0xaaa84e4e
       2125.000 ns	       211	80000228	80000bb7	lui	x23,0x80000	 x23=0x80000000
       2135.000 ns	       212	8000022c	80000c37	lui	x24,0x80000	 x24=0x80000000
       2145.000 ns	       213	80000230	00900c93	addi	x25,x0,9	  x0:0x00000000 x25=0x00000009
       2155.000 ns	       214	80000234	80000d37	lui	x26,0x80000	 x26=0x80000000
       2165.000 ns	       215	80000238	00a00d93	addi	x27,x0,10	  x0:0x00000000 x27=0x0000000a
       2175.000 ns	       216	8000023c	a7c8ae37	lui	x28,0xa7c8a	 x28=0xa7c8a000
       2185.000 ns	       217	80000240	ebfe0e13	addi	x28,x28,-321	 x28:0x00000000 x28=0xa7c89ebf
       2195.000 ns	       218	80000244	f9baeeb7	lui	x29,0xf9bae	 x29=0xf9bae000
       2205.000 ns	       219	80000248	f13e8e93	addi	x29,x29,-237	 x29:0x00000000 x29=0xf9badf13
       2215.000 ns	       220	8000024c	00900f13	addi	x30,x0,9	  x0:0x00000000 x30=0x00000009
       2225.000 ns	       221	80000250	00000f93	addi	x31,x0,0	  x0:0x00000000 x31=0x00000000
       2235.000 ns	       222	80000254	00041717	auipc	x14,0x41	 x14=0x80041254
       2245.000 ns	       223	80000258	d9070713	addi	x14,x14,-624	 x14:0x00000000 x14=0x80040fe4
       2605.000 ns	       259	8000025c	02a8d533	divu	x10,x17,x10	 x17:0xd4858c5c x10:0x2e902ec3 x10=0x00000004
       2635.000 ns	       262	80000260	c013ce53	fcvt.wu.s	x28,f7	  f7:0x7f800001 x28=0xffffffff
       2675.000 ns	       266	80000264	18ef49d3	fdiv.s	f19,f30,f14	 f30:0x80401aa8 f14:0x7fc00000 f19=0x7fc00000
       2705.000 ns	       269	80000268	e0038ad3	fmv.x.w	x21,f7	  f7:0x7f800001 x21=0x7f800001
       2725.000 ns	       271	8000026c	b5022193	slti	x3,x4,-1200	  x4:0xd384fefb  x3=0x00000001
       2735.000 ns	       272	80000270	af140513	addi	x10,x8,-1295	  x8:0xf6d8efd5 x10=0xf6d8eac6
       2745.000 ns	       273	80000274	418001b3	sub	x3,x0,x24	  x0:0x00000000 x24:0x80000000  x3=0x80000000
       3075.000 ns	       306	80000278	1867f453	fdiv.s	f8,f15,f6	 f15:0x450bd124  f6:0x8058ea47  f8=0xff800000
       3105.000 ns	       309	8000027c	c00ff6d3	fcvt.w.s	x13,f31	 f31:0x8079b62d x13=0x00000000
       3125.000 ns	       311	80000280	01c185b3	add	x11,x3,x28	  x3:0x80000000 x28:0xffffffff x11=0x7fffffff
       3135.000 ns	       312	80000284	01231833	sll	x16,x6,x18	  x6:0x00000000 x18:0x28cf1f1b x16=0x00000000
       3155.000 ns	       314	80000288	211609d3	fsgnj.s	f19,f12,f17	 f12:0x7f800001 f17:0xd6dedd0c f19=0xff800001
       3195.000 ns	       318	8000028c	580488d3	fsqrt.s	f17,f9	  f9:0xff7fffff f17=0x7fc00000
       3215.000 ns	       320	80000290	0041d933	srl	x18,x3,x4	  x3:0x80000000  x4:0xd384fefb x18=0x00000010
       3225.000 ns	       321	80000294	36dd4917	auipc	x18,0x36dd4	 x18=0xb6dd4294
       3235.000 ns	       322	80000298	01cde533	or	x10,x27,x28	 x27:0x0000000a x28:0xffffffff x10=0xffffffff
       3245.000 ns	       323	8000029c	4ab63f13	sltiu	x30,x12,1195	 x12:0x00000006 x30=0x00000001
       3265.000 ns	       325	800002a0	28a08e53	fmin.s	f28,f1,f10	  f1:0x6dda4621 f10:0x00000000 f28=0x00000000
       3635.000 ns	       362	800002a4	0236e133	rem	x2,x13,x3	 x13:0x00000000  x3:0x80000000  x2=0x00000000
       3665.000 ns	       365	800002a8	29ca9353	fmax.s	f6,f21,f28	 f21:0xa3cb423e f28:0x00000000  f6=0x00000000
       3695.000 ns	       368	800002ac	a1870a53	fle.s	x20,f14,f24	 f14:0x7fc00000 f24:0x80000000 x20=0x00000000
       3715.000 ns	       370	800002b0	01241e33	sll	x28,x8,x18	  x8:0xf6d8efd5 x18:0xb6dd4294 x28=0xfd500000
       3735.000 ns	       372	800002b4	a0d223d3	feq.s	x7,f4,f13	  f4:0xff800000 f13:0x7f800001  x7=0x00000000
       3755.000 ns	       374	800002b8	0143acb3	slt	x25,x7,x20	  x7:0x00000000 x20:0x00000000 x25=0x00000000
       3775.000 ns	       376	800002bc	284313d3	fmax.s	f7,f6,f4	  f6:0x00000000  f4:0xff800000  f7=0x00000000
       3805.000 ns	       379	800002c0	02191e33	mulh	x28,x18,x1	 x18:0xb6dd4294  x1:0x00000000 x28=0x00000000
       3845.000 ns	       383	800002c4	5808fd53	fsqrt.s	f26,f17	 f17:0x7fc00000 f26=0x7fc00000
       3865.000 ns	       385	800002c8	411d57b3	sra	x15,x26,x17	 x26:0x80000000 x17:0xd4858c5c x15=0xfffffff8
       3885.000 ns	       387	800002cc	0397a233	mulhsu	x4,x15,x25	 x15:0x00000003 x25:0x00000000  x4=0x00000000
       3925.000 ns	       391	800002d0	197c9ed3	fdiv.s	f29,f25,f23	 f25:0x80000000 f23:0xff7fffff f29=0x00000000
       3945.000 ns	       393	800002d4	40088313	addi	x6,x17,1024	 x17:0xd4858c5c  x6=0xd485905c
       3965.000 ns	       395	800002d8	c019fc53	fcvt.wu.s	x24,f19	 f19:0xff800001 x24=0xffffffff
       4985.000 ns	       497	800002dc	580a4d53	fsqrt.s	f26,f20	 f20:0x7f7fffff f26=0x5f350461
       5005.000 ns	       499	800002e0	00a278b3	and	x17,x4,x10	  x4:0x00000000 x10:0xffffffff x17=0x00000000
       5015.000 ns	       500	800002e4	00000013	addi	x0,x0,0	  x0:0x00000000
       5035.000 ns	       502	800002e8	c0019bd3	fcvt.w.s	x23,f3	  f3:0xa42f84a6 x23=0x00000000
       5055.000 ns	       504	800002ec	45d658b7	lui	x17,0x45d65	 x17=0x45d65000
       5065.000 ns	       505	800002f0	0183da13	srli	x20,x7,0x18	  x7:0x00000000 x20=0x00000000
       5085.000 ns	       507	800002f4	a0482ad3	feq.s	x21,f16,f4	 f16:0xff800000  f4:0xff800000 x21=0x00000001
       5105.000 ns	       509	800002f8	6b4caa97	auipc	x21,0x6b4ca	 x21=0xeb4ca2f8
       5125.000 ns	       511	800002fc	2125a653	fsgnjx.s	f12,f11,f18	 f11:0xff800000 f18:0x00000000 f12=0xff800000
       5145.000 ns	       513	80000300	0121f513	andi	x10,x3,18	  x3:0x80000000 x10=0x00000000
       5165.000 ns	       515	80000304	a1cd2fd3	feq.s	x31,f26,f28	 f26:0x5f350461 f28:0x00000000 x31=0x00000000
       5205.000 ns	       519	80000308	580c3453	fsqrt.s	f8,f24	 f24:0x80000000  f8=0x80000000
       5225.000 ns	       521	8000030c	40f4d413	srai	x8,x9,0xf	  x9:0x00000009  x8=0x00000000
       6345.000 ns	       633	80000310	5807bcd3	fsqrt.s	f25,f15	 f15:0x450bd124 f25=0x41c5ba8a
       6375.000 ns	       636	80000314	02f8a933	mulhsu	x18,x17,x15	 x17:0x45d65000 x15:0xfffffff8 x18=0x45d64ffd
       6395.000 ns	       638	80000318	00ee4f33	xor	x30,x28,x14	 x28:0x00000000 x14:0x80040fe4 x30=0x80040fe4
       6415.000 ns	       640	8000031c	f00c0253	fmv.w.x	f4,x24	 x24:0xffffffff  f4=0xffffffff
       6445.000 ns	       643	80000320	c010ac53	fcvt.wu.s	x24,f1	  f1:0x6dda4621 x24=0xffffffff
       6475.000 ns	       646	80000324	024f9d33	mulh	x26,x31,x4	 x31:0x00000000  x4:0x00000000 x26=0x00000000
       6495.000 ns	       648	80000328	002c0633	add	x12,x24,x2	 x24:0xffffffff  x2:0x00000000 x12=0xffffffff
       6515.000 ns	       650	8000032c	0272a533	mulhsu	x10,x5,x7	  x5:0x80041024  x7:0x00000000 x10=0x00000000
       6545.000 ns	       653	80000330	02001533	mulh	x10,x0,x0	  x0:0x00000000  x0:0x00000000 x10=0x00000000
       6575.000 ns	       656	80000334	e0010a53	fmv.x.w	x20,f2	  f2:0xff800000 x20=0xff800000
       6605.000 ns	       659	80000338	20be2253	fsgnjx.s	f4,f28,f11	 f28:0x00000000 f11:0xff800000  f4=0x80000000
       6635.000 ns	       662	8000033c	a08391d3	flt.s	x3,f7,f8	  f7:0x00000000  f8:0x80000000  x3=0x00000000
       6665.000 ns	       665	80000340	a0b52053	feq.s	x0,f10,f11	 f10:0x00000000 f11:0xff800000
       6685.000 ns	       667	80000344	00e717b3	sll	x15,x14,x14	 x14:0x80040fe4 x14:0x80040fe4 x15=0x0040fe40
       6695.000 ns	       668	80000348	cdb98913	addi	x18,x19,-805	 x19:0x6e20d50f x18=0x6e20d1ea
       6715.000 ns	       670	8000034c	e0049d53	fclass.s	x26,f9	  f9:0xff7fffff x26=0x00000002
       6765.000 ns	       675	80000350	095f8ad3	fsub.s	f21,f31,f21	 f31:0x8079b62d f21:0xa3cb423e f21=0x23cb423e
       6785.000 ns	       677	80000354	0052f3b3	and	x7,x5,x5	  x5:0x80041024  x5:0x80041024  x7=0x80041024
       6795.000 ns	       678	80000358	00000013	addi	x0,x0,0	  x0:0x00000000
       6815.000 ns	       680	8000035c	d01bbc53	fcvt.s.wu	f24,x23	 x23:0x00000000 f24=0x00000000
       6835.000 ns	       682	80000360	01281a93	slli	x21,x16,0x12	 x16:0x00000000 x21=0x00000000
       6855.000 ns	       684	80000364	0289ae33	mulhsu	x28,x19,x8	 x19:0x6e20d50f  x8:0x00000000 x28=0x00000000
       6905.000 ns	       689	80000368	085503d3	fsub.s	f7,f10,f5	 f10:0x00000000  f5:0x1ccf0d0a  f7=0x9ccf0d0a
       6925.000 ns	       691	8000036c	41b4d1b3	sra	x3,x9,x27	  x9:0x00000009 x27:0x0000000a  x3=0x00000000
       6935.000 ns	       692	80000370	00329033	sll	x0,x5,x3	  x5:0x80041024  x3:0x00000000
       6945.000 ns	       693	80000374	412e5c33	sra	x24,x28,x18	 x28:0x00000000 x18:0x6e20d1ea x24=0x00000000
       6955.000 ns	       694	80000378	7917bc13	sltiu	x24,x15,1937	 x15:0x0040fe40 x24=0x00000000
       6965.000 ns	       695	8000037c	00d467b3	or	x15,x8,x13	  x8:0x00000000 x13:0x00000000 x15=0x00000000
       6975.000 ns	       696	80000380	ea8e6d37	lui	x26,0xea8e6	 x26=0xea8e6000
       6995.000 ns	       698	80000384	02daf9b3	remu	x19,x21,x13	 x21:0x00000000 x13:0x00000000 x19=0x00000000
       7025.000 ns	       701	80000388	a0d220d3	feq.s	x1,f4,f13	  f4:0x80000000 f13:0x7f800001  x1=0x00000000
       7075.000 ns	       706	8000038c	0140fb53	fadd.s	f22,f1,f20	  f1:0x6dda4621 f20:0x7f7fffff f22=0x7f7fffff
       7095.000 ns	       708	80000390	ec517093	andi	x1,x2,-315	  x2:0x00000000  x1=0x00000000
       7105.000 ns	       709	80000394	00ebd5b3	srl	x11,x23,x14	 x23:0x00000000 x14:0x80040fe4 x11=0x00000000
       7115.000 ns	       710	80000398	40115e93	srai	x29,x2,0x1	  x2:0x00000000 x29=0x00000000
       7475.000 ns	       746	8000039c	03bbeeb3	rem	x29,x23,x27	 x23:0x00000000 x27:0x0000000a x29=0x00000000
       7845.000 ns	       783	800003a0	03eae833	rem	x16,x21,x30	 x21:0x00000000 x30:0x80040fe4 x16=0x00000000
       7865.000 ns	       785	800003a4	01b1dc13	srli	x24,x3,0x1b	  x3:0x00000000 x24=0x00000000
       7895.000 ns	       788	800003a8	19c27253	fdiv.s	f4,f4,f28	  f4:0x80000000 f28:0x00000000  f4=0x7fc00000
       8265.000 ns	       825	800003ac	0271c1b3	div	x3,x3,x7	  x3:0x00000000  x7:0x80041024  x3=0x00000000
       8285.000 ns	       827	800003b0	4169dcb3	sra	x25,x19,x22	 x19:0x00000000 x22:0xaaa84e4e x25=0x00000000
       8315.000 ns	       830	800003b4	108bc953	fmul.s	f18,f23,f8	 f23:0xff7fffff  f8:0x80000000 f18=0x00000000
       8335.000 ns	       832	800003b8	055eb013	sltiu	x0,x29,85	 x29:0x00000000
       8355.000 ns	       834	800003bc	214f1f53	fsgnjn.s	f30,f30,f20	 f30:0x80401aa8 f20:0x7f7fffff f30=0x80401aa8
       8375.000 ns	       836	800003c0	0104d993	srli	x19,x9,0x10	  x9:0x00000009 x19=0x00000000
       8385.000 ns	       837	800003c4	6c99b437	lui	x8,0x6c99b	  x8=0x6c99b000
       8405.000 ns	       839	800003c8	c002b6d3	fcvt.w.s	x13,f5	  f5:0x1ccf0d0a x13=0x00000000
       8435.000 ns	       842	800003cc	28ec1fd3	fmax.s	f31,f24,f14	 f24:0x00000000 f14:0x7fc00000 f31=0x00000000
       8455.000 ns	       844	800003d0	48a2e693	ori	x13,x5,1162	  x5:0x80041024 x13=0x800414ae
       8465.000 ns	       845	800003d4	01d78bb3	add	x23,x15,x29	 x15:0x00000000 x29:0x00000000 x23=0x00000000
       8485.000 ns	       847	800003d8	21ed27d3	fsgnjx.s	f15,f26,f30	 f26:0x5f350461 f30:0x80401aa8 f15=0xdf350461
       8515.000 ns	       850	800003dc	02f84333	div	x6,x16,x15	 x16:0x00000000 x15:0x00000000  x6=0xffffffff
       8535.000 ns	       852	800003e0	009df333	and	x6,x27,x9	 x27:0x0000000a  x9:0x00000009  x6=0x00000008
       8545.000 ns	       853	800003e4	00000013	addi	x0,x0,0	  x0:0x00000000
       8555.000 ns	       854	800003e8	e0a23a13	sltiu	x20,x4,-502	  x4:0x00000000 x20=0x00000001
       8565.000 ns	       855	800003ec	c7544793	xori	x15,x8,-907	  x8:0x6c99b000 x15=0x93664c75
       8575.000 ns	       856	800003f0	014b2333	slt	x6,x22,x20	 x22:0xaaa84e4e x20:0xff800000  x6=0x00000001
       8585.000 ns	       857	800003f4	00a68433	add	x8,x13,x10	 x13:0x800414ae x10:0x00000000  x8=0x800414ae
       8605.000 ns	       859	800003f8	023794b3	mulh	x9,x15,x3	 x15:0x93664c75  x3:0x00000000  x9=0x00000000
       8625.000 ns	       861	800003fc	a1902813	slti	x16,x0,-1511	  x0:0x00000000 x16=0x00000000
       8645.000 ns	       863	80000400	219e0253	fsgnj.s	f4,f28,f25	 f28:0x00000000 f25:0x41c5ba8a  f4=0x00000000
       8665.000 ns	       865	80000404	00bd1093	slli	x1,x26,0xb	 x26:0xea8e6000  x1=0x73000000
       8675.000 ns	       866	80000408	01565313	srli	x6,x12,0x15	 x12:0xffffffff  x6=0x000007ff
       8685.000 ns	       867	8000040c	c9984693	xori	x13,x16,-871	 x16:0x00000000 x13=0xfffffc99
       8705.000 ns	       869	80000410	02a56233	rem	x4,x10,x10	 x10:0x00000000 x10:0x00000000  x4=0x00000000
       8725.000 ns	       871	80000414	638b7317	auipc	x6,0x638b7	  x6=0xe38b7414
       8735.000 ns	       872	80000418	01cf9513	slli	x10,x31,0x1c	 x31:0x00000000 x10=0x00000000
       8775.000 ns	       876	8000041c	083519d3	fsub.s	f19,f10,f3	 f10:0x00000000  f3:0xa42f84a6 f19=0x242f84a6
       8805.000 ns	       879	80000420	02de9e33	mulh	x28,x29,x13	 x29:0x00000000 x13:0xfffffc99 x28=0x00000000
       8825.000 ns	       881	80000424	2bf16f13	ori	x30,x2,703	  x2:0x00000000 x30=0x000002bf
       8835.000 ns	       882	80000428	b830eab7	lui	x21,0xb830e	 x21=0xb830e000
       8855.000 ns	       884	8000042c	219a9653	fsgnjn.s	f12,f21,f25	 f21:0x23cb423e f25:0x41c5ba8a f12=0xa3cb423e
       8885.000 ns	       887	80000430	c0068c53	fcvt.w.s	x24,f13	 f13:0x7f800001 x24=0x7fffffff
       8905.000 ns	       889	80000434	00811393	slli	x7,x2,0x8	  x2:0x00000000  x7=0x00000000
       8915.000 ns	       890	80000438	012017b3	sll	x15,x0,x18	  x0:0x00000000 x18:0x6e20d1ea x15=0x00000000
       8925.000 ns	       891	8000043c	011da533	slt	x10,x27,x17	 x27:0x0000000a x17:0x45d65000 x10=0x00000001
       8935.000 ns	       892	80000440	3bba2793	slti	x15,x20,955	 x20:0x00000001 x15=0x00000001
       8955.000 ns	       894	80000444	a1efa353	feq.s	x6,f31,f30	 f31:0x00000000 f30:0x80401aa8  x6=0x00000000
       8975.000 ns	       896	80000448	018488b3	add	x17,x9,x24	  x9:0x00000000 x24:0x7fffffff x17=0x7fffffff
       8985.000 ns	       897	8000044c	013ee033	or	x0,x29,x19	 x29:0x00000000 x19:0x00000000
       8995.000 ns	       898	80000450	40f7d613	srai	x12,x15,0xf	 x15:0x00000001 x12=0x00000000
       9015.000 ns	       900	80000454	a07c15d3	flt.s	x11,f24,f7	 f24:0x00000000  f7:0x9ccf0d0a x11=0x00000000
       9035.000 ns	       902	80000458	004e8fb3	add	x31,x29,x4	 x29:0x00000000  x4:0x00000000 x31=0x00000000
       9395.000 ns	       938	8000045c	03e1d633	divu	x12,x3,x30	  x3:0x00000000 x30:0x000002bf x12=0x00000000
       9425.000 ns	       941	80000460	f00687d3	fmv.w.x	f15,x13	 x13:0xfffffc99 f15=0xfffffc99
       9445.000 ns	       943	80000464	0d5d7b93	andi	x23,x26,213	 x26:0xea8e6000 x23=0x00000000
       9455.000 ns	       944	80000468	a9ff3037	lui	x0,0xa9ff3	
       9475.000 ns	       946	8000046c	d01e4dd3	fcvt.s.wu	f27,x28	 x28:0x00000000 f27=0x00000000
       9505.000 ns	       949	80000470	e0068ed3	fmv.x.w	x29,f13	 f13:0x7f800001 x29=0x7f800001
       9545.000 ns	       953	80000474	1193f253	fmul.s	f4,f7,f25	  f7:0x9ccf0d0a f25:0x41c5ba8a  f4=0x9f1febe8
       9575.000 ns	       956	80000478	212312d3	fsgnjn.s	f5,f6,f18	  f6:0x00000000 f18:0x00000000  f5=0x80000000
       9595.000 ns	       958	8000047c	00000013	addi	x0,x0,0	  x0:0x00000000
       9615.000 ns	       960	80000480	c01bf553	fcvt.wu.s	x10,f23	 f23:0xff7fffff x10=0x00000000
       9645.000 ns	       963	80000484	c00df453	fcvt.w.s	x8,f27	 f27:0x00000000  x8=0x00000000
       9665.000 ns	       965	80000488	40a8da93	srai	x21,x17,0xa	 x17:0x7fffffff x21=0x001fffff
       9675.000 ns	       966	8000048c	00f02a33	slt	x20,x0,x15	  x0:0x00000000 x15:0x00000001 x20=0x00000001
       9695.000 ns	       968	80000490	d01421d3	fcvt.s.wu	f3,x8	  x8:0x00000000  f3=0x00000000
       9715.000 ns	       970	80000494	00000013	addi	x0,x0,0	  x0:0x00000000
       9725.000 ns	       971	80000498	411e5c93	srai	x25,x28,0x11	 x28:0x00000000 x25=0x00000000
       9735.000 ns	       972	8000049c	68926113	ori	x2,x4,1673	  x4:0x00000000  x2=0x00000689
       9745.000 ns	       973	800004a0	ecf669b7	lui	x19,0xecf66	 x19=0xecf66000
       9765.000 ns	       975	800004a4	c019bdd3	fcvt.wu.s	x27,f19	 f19:0x242f84a6 x27=0x00000000
       9795.000 ns	       978	800004a8	21dfaa53	fsgnjx.s	f20,f31,f29	 f31:0x00000000 f29:0x00000000 f20=0x00000000
       9815.000 ns	       980	800004ac	0a697137	lui	x2,0xa697	  x2=0x0a697000
       9825.000 ns	       981	800004b0	00000013	addi	x0,x0,0	  x0:0x00000000
       9845.000 ns	       983	800004b4	02188eb3	mul	x29,x17,x1	 x17:0x7fffffff  x1:0x73000000 x29=0x8d000000
       9875.000 ns	       986	800004b8	039acab3	div	x21,x21,x25	 x21:0x001fffff x25:0x00000000 x21=0xffffffff
      10245.000 ns	      1023	800004bc	022c4db3	div	x27,x24,x2	 x24:0x7fffffff  x2:0x0a697000 x27=0x0000000c
      10265.000 ns	      1025	800004c0	f7f87b93	andi	x23,x16,-129	 x16:0x00000000 x23=0x00000000
      10295.000 ns	      1028	800004c4	115476d3	fmul.s	f13,f8,f21	  f8:0x80000000 f21:0x23cb423e f13=0x80000000
      10325.000 ns	      1031	800004c8	f00e80d3	fmv.w.x	f1,x29	 x29:0x8d000000  f1=0x8d000000
      10345.000 ns	      1033	800004cc	4040d533	sra	x10,x1,x4	  x1:0x73000000  x4:0x00000000 x10=0x73000000
      10365.000 ns	      1035	800004d0	02fc9eb3	mulh	x29,x25,x15	 x25:0x00000000 x15:0x00000001 x29=0x00000000
      10395.000 ns	      1038	800004d4	d0032453	fcvt.s.w	f8,x6	  x6:0x00000000  f8=0x00000000
      10425.000 ns	      1041	800004d8	e0069e53	fclass.s	x28,f13	 f13:0x80000000 x28=0x00000008
      10455.000 ns	      1044	800004dc	a1689553	flt.s	x10,f17,f22	 f17:0x7fc00000 f22:0x7f7fffff x10=0x00000000
      10495.000 ns	      1048	800004e0	19fec153	fdiv.s	f2,f29,f31	 f29:0x00000000 f31:0x00000000  f2=0x7fc00000
      10515.000 ns	      1050	800004e4	0128f7b3	and	x15,x17,x18	 x17:0x7fffffff x18:0x6e20d1ea x15=0x6e20d1ea
      10525.000 ns	      1051	800004e8	88f1cd13	xori	x26,x3,-1905	  x3:0x00000000 x26=0xfffff88f
      10545.000 ns	      1053	800004ec	02ce51b3	divu	x3,x28,x12	 x28:0x00000008 x12:0x00000000  x3=0xffffffff
      10575.000 ns	      1056	800004f0	d019f5d3	fcvt.s.wu	f11,x19	 x19:0xecf66000 f11=0x4f6cf660
      10605.000 ns	      1059	800004f4	d006f753	fcvt.s.w	f14,x13	 x13:0xfffffc99 f14=0xc459c000
      10625.000 ns	      1061	800004f8	011e1313	slli	x6,x28,0x11	 x28:0x00000008  x6=0x00100000
      10645.000 ns	      1063	800004fc	02362a33	mulhsu	x20,x12,x3	 x12:0x00000000  x3:0xffffffff x20=0x00000000
      10675.000 ns	      1066	80000500	038494b3	mulh	x9,x9,x24	  x9:0x00000000 x24:0x7fffffff  x9=0x00000000
      10695.000 ns	      1068	80000504	40fed5b3	sra	x11,x29,x15	 x29:0x00000000 x15:0x6e20d1ea x11=0x00000000
      10705.000 ns	      1069	80000508	014bef33	or	x30,x23,x20	 x23:0x00000000 x20:0x00000000 x30=0x00000000
      10715.000 ns	      1070	8000050c	00e77cb3	and	x25,x14,x14	 x14:0x80040fe4 x14:0x80040fe4 x25=0x80040fe4
      10735.000 ns	      1072	80000510	d01992d3	fcvt.s.wu	f5,x19	 x19:0xecf66000  f5=0x4f6cf660
      10785.000 ns	      1077	80000514	09127053	fsub.s	f0,f4,f17	  f4:0x9f1febe8 f17:0x7fc00000  f0=0x7fc00000
      10805.000 ns	      1079	80000518	302cbb93	sltiu	x23,x25,770	 x25:0x80040fe4 x23=0x00000000
      10815.000 ns	      1080	8000051c	c5efae93	slti	x29,x31,-930	 x31:0x00000000 x29=0x00000000
      10825.000 ns	      1081	80000520	01af2f33	slt	x30,x30,x26	 x30:0x00000000 x26:0xfffff88f x30=0x00000000
      10845.000 ns	      1083	80000524	d0017f53	fcvt.s.w	f30,x2	  x2:0x0a697000 f30=0x4d269700
      10865.000 ns	      1085	80000528	2f82b697	auipc	x13,0x2f82b	 x13=0xaf82b528
      10875.000 ns	      1086	8000052c	8e72c113	xori	x2,x5,-1817	  x5:0x80041024  x2=0x7ffbe8c3
      10915.000 ns	      1090	80000530	09647753	fsub.s	f14,f8,f22	  f8:0x00000000 f22:0x7f7fffff f14=0xff7fffff
      10935.000 ns	      1092	80000534	00e82fb3	slt	x31,x16,x14	 x16:0x00000000 x14:0x80040fe4 x31=0x00000000
      10945.000 ns	      1093	80000538	b5d3c093	xori	x1,x7,-1187	  x7:0x00000000  x1=0xfffffb5d
      10955.000 ns	      1094	8000053c	40aa87b3	sub	x15,x21,x10	 x21:0xffffffff x10:0x00000000 x15=0xffffffff
      10975.000 ns	      1096	80000540	e00b88d3	fmv.x.w	x17,f23	 f23:0xff7fffff x17=0xff7fffff
      11005.000 ns	      1099	80000544	21bc8353	fsgnj.s	f6,f25,f27	 f25:0x41c5ba8a f27:0x00000000  f6=0x41c5ba8a
      11025.000 ns	      1101	80000548	414b0093	addi	x1,x22,1044	 x22:0xaaa84e4e  x1=0xaaa85262
      11045.000 ns	      1103	8000054c	03feee33	rem	x28,x29,x31	 x29:0x00000000 x31:0x00000000 x28=0x00000000
      11065.000 ns	      1105	80000550	011c6db3	or	x27,x24,x17	 x24:0x7fffffff x17:0xff7fffff x27=0xffffffff
      11075.000 ns	      1106	80000554	4008d7b3	sra	x15,x17,x0	 x17:0xff7fffff  x0:0x00000000 x15=0xff7fffff
      11095.000 ns	      1108	80000558	f00504d3	fmv.w.x	f9,x10	 x10:0x00000000  f9=0x00000000
      11115.000 ns	      1110	8000055c	41285593	srai	x11,x16,0x12	 x16:0x00000000 x11=0x00000000
      11125.000 ns	      1111	80000560	c1befe93	andi	x29,x29,-997	 x29:0x00000000 x29=0x00000000
      11135.000 ns	      1112	80000564	ea8f7a93	andi	x21,x30,-344	 x30:0x00000000 x21=0x00000000
      11155.000 ns	      1114	80000568	28ce16d3	fmax.s	f13,f28,f12	 f28:0x00000000 f12:0xa3cb423e f13=0x00000000
      11185.000 ns	      1117	8000056c	c004f553	fcvt.w.s	x10,f9	  f9:0x00000000 x10=0x00000000
      11215.000 ns	      1120	80000570	299a1853	fmax.s	f16,f20,f25	 f20:0x00000000 f25:0x41c5ba8a f16=0x41c5ba8a
      11255.000 ns	      1124	80000574	18e91753	fdiv.s	f14,f18,f14	 f18:0x00000000 f14:0xff7fffff f14=0x80000000
      11285.000 ns	      1127	80000578	29ce9853	fmax.s	f16,f29,f28	 f29:0x00000000 f28:0x00000000 f16=0x00000000
      11305.000 ns	      1129	8000057c	0a373793	sltiu	x15,x14,163	 x14:0x80040fe4 x15=0x00000000
      11315.000 ns	      1130	80000580	88ff6a13	ori	x20,x30,-1905	 x30:0x00000000 x20=0xfffff88f
      11325.000 ns	      1131	80000584	906c8d13	addi	x26,x25,-1786	 x25:0x80040fe4 x26=0x800408ea
      11345.000 ns	      1133	80000588	030ac8b3	div	x17,x21,x16	 x21:0x00000000 x16:0x00000000 x17=0xffffffff
      11365.000 ns	      1135	8000058c	000d1093	slli	x1,x26,0x0	 x26:0xfffff88f  x1=0x800408ea
      11405.000 ns	      1139	80000590	002943d3	fadd.s	f7,f18,f2	 f18:0x00000000  f2:0x7fc00000  f7=0x7fc00000
      11435.000 ns	      1142	80000594	d002fed3	fcvt.s.w	f29,x5	  x5:0x80041024 f29=0xcefff7df
      11465.000 ns	      1145	80000598	03f0f233	remu	x4,x1,x31	  x1:0x800408ea x31:0x00000000  x4=0x800408ea
      11485.000 ns	      1147	8000059c	01921433	sll	x8,x4,x25	  x4:0x00000000 x25:0x80040fe4  x8=0x00408ea0
      11515.000 ns	      1150	800005a0	580c7a53	fsqrt.s	f20,f24	 f24:0x00000000 f20=0x00000000
      11535.000 ns	      1152	800005a4	0004e133	or	x2,x9,x0	  x9:0x00000000  x0:0x00000000  x2=0x00000000
      11555.000 ns	      1154	800005a8	a08c2e53	feq.s	x28,f24,f8	 f24:0x00000000  f8:0x00000000 x28=0x00000001
      11585.000 ns	      1157	800005ac	0271b3b3	mulhu	x7,x3,x7	  x3:0xffffffff  x7:0x00000000  x7=0x00000000
      11615.000 ns	      1160	800005b0	f0018dd3	fmv.w.x	f27,x3	  x3:0xffffffff f27=0xffffffff
      11635.000 ns	      1162	800005b4	013d90b3	sll	x1,x27,x19	 x27:0xffffffff x19:0xecf66000  x1=0xffffffff
      11645.000 ns	      1163	800005b8	baabae13	slti	x28,x23,-1110	 x23:0x00000000 x28=0x00000000
      11655.000 ns	      1164	800005bc	5b82c397	auipc	x7,0x5b82c	  x7=0xdb82c5bc
      11665.000 ns	      1165	800005c0	99d74993	xori	x19,x14,-1635	 x14:0x80040fe4 x19=0x7ffbf679
      11685.000 ns	      1167	800005c4	29558b53	fmin.s	f22,f11,f21	 f11:0x4f6cf660 f21:0x23cb423e f22=0x23cb423e
      11705.000 ns	      1169	800005c8	01435bb3	srl	x23,x6,x20	  x6:0x00100000 x20:0xfffff88f x23=0x00000020
      11725.000 ns	      1171	800005cc	21df9fd3	fsgnjn.s	f31,f31,f29	 f31:0x00000000 f29:0xcefff7df f31=0x00000000
      11745.000 ns	      1173	800005d0	016e1533	sll	x10,x28,x22	 x28:0x00000000 x22:0xaaa84e4e x10=0x00000000
      11755.000 ns	      1174	800005d4	01f9b033	sltu	x0,x19,x31	 x19:0x7ffbf679 x31:0x00000000
      11775.000 ns	      1176	800005d8	218a8bd3	fsgnj.s	f23,f21,f24	 f21:0x23cb423e f24:0x00000000 f23=0x23cb423e
      11795.000 ns	      1178	800005dc	01bbceb3	xor	x29,x23,x27	 x23:0x00000020 x27:0xffffffff x29=0xffffffdf
      11805.000 ns	      1179	800005e0	d849f513	andi	x10,x19,-636	 x19:0x7ffbf679 x10=0x7ffbf400
      11815.000 ns	      1180	800005e4	01b48633	add	x12,x9,x27	  x9:0x00000000 x27:0xffffffff x12=0xffffffff
      11835.000 ns	      1182	800005e8	02f511b3	mulh	x3,x10,x15	 x10:0x00000000 x15:0x00000000  x3=0x00000000
      11855.000 ns	      1184	800005ec	7f964cb7	lui	x25,0x7f964	 x25=0x7f964000
      11875.000 ns	      1186	800005f0	d0063a53	fcvt.s.w	f20,x12	 x12:0xffffffff f20=0xbf800000
      11895.000 ns	      1188	800005f4	9d666797	auipc	x15,0x9d666	 x15=0x1d6665f4
      11905.000 ns	      1189	800005f8	00684433	xor	x8,x16,x6	 x16:0x00000000  x6:0x00100000  x8=0x00100000
      11915.000 ns	      1190	800005fc	00e62fb3	slt	x31,x12,x14	 x12:0xffffffff x14:0x80040fe4 x31=0x00000000
      11925.000 ns	      1191	80000600	00dc3f33	sltu	x30,x24,x13	 x24:0x7fffffff x13:0xaf82b528 x30=0x00000001
      11965.000 ns	      1195	80000604	09b57153	fsub.s	f2,f10,f27	 f10:0x00000000 f27:0xffffffff  f2=0x7fc00000
      11985.000 ns	      1197	80000608	008740b3	xor	x1,x14,x8	 x14:0x80040fe4  x8:0x00100000  x1=0x80140fe4
      12345.000 ns	      1233	8000060c	028976b3	remu	x13,x18,x8	 x18:0x6e20d1ea  x8:0x00100000 x13=0x0000d1ea
      12365.000 ns	      1235	80000610	01e4ad33	slt	x26,x9,x30	  x9:0x00000000 x30:0x00000001 x26=0x00000001
      12375.000 ns	      1236	80000614	41a35c33	sra	x24,x6,x26	  x6:0x00100000 x26:0x800408ea x24=0x00080000
      12395.000 ns	      1238	80000618	c0157653	fcvt.wu.s	x12,f10	 f10:0x00000000 x12=0x00000000
      12415.000 ns	      1240	8000061c	77640a93	addi	x21,x8,1910	  x8:0x00100000 x21=0x00100776
      12425.000 ns	      1241	80000620	68a47a13	andi	x20,x8,1674	  x8:0x00100000 x20=0x00000000
      12435.000 ns	      1242	80000624	006a7ab3	and	x21,x20,x6	 x20:0xfffff88f  x6:0x00100000 x21=0x00000000
      12445.000 ns	      1243	80000628	0054bbb3	sltu	x23,x9,x5	  x9:0x00000000  x5:0x80041024 x23=0x00000001
      12455.000 ns	      1244	8000062c	00da33b3	sltu	x7,x20,x13	 x20:0x00000000 x13:0x0000d1ea  x7=0x00000001
      12465.000 ns	      1245	80000630	409c6c13	ori	x24,x24,1033	 x24:0x00080000 x24=0x00080409
      12505.000 ns	      1249	80000634	00458753	fadd.s	f14,f11,f4	 f11:0x4f6cf660  f4:0x9f1febe8 f14=0x4f6cf660
      12875.000 ns	      1286	80000638	031770b3	remu	x1,x14,x17	 x14:0x80040fe4 x17:0xffffffff  x1=0x80040fe4
      12895.000 ns	      1288	8000063c	00825d13	srli	x26,x4,0x8	  x4:0x800408ea x26=0x00800408
      12905.000 ns	      1289	80000640	006554b3	srl	x9,x10,x6	 x10:0x7ffbf400  x6:0x00100000  x9=0x7ffbf400
      12925.000 ns	      1291	80000644	023f2f33	mulhsu	x30,x30,x3	 x30:0x00000001  x3:0x00000000 x30=0x00000000
      12945.000 ns	      1293	80000648	26fd3913	sltiu	x18,x26,623	 x26:0x00800408 x18=0x00000000
      12965.000 ns	      1295	8000064c	c001a7d3	fcvt.w.s	x15,f3	  f3:0x00000000 x15=0x00000000
      12985.000 ns	      1297	80000650	83bedd37	lui	x26,0x83bed	 x26=0x83bed000
      13345.000 ns	      1333	80000654	0282e9b3	rem	x19,x5,x8	  x5:0x80041024  x8:0x00100000 x19=0xfff41024
      13365.000 ns	      1335	80000658	00dc20b3	slt	x1,x24,x13	 x24:0x00080409 x13:0x0000d1ea  x1=0x00000000
      13375.000 ns	      1336	8000065c	009b5ab3	srl	x21,x22,x9	 x22:0xaaa84e4e  x9:0x7ffbf400 x21=0xaaa84e4e
      13395.000 ns	      1338	80000660	e0040453	fmv.x.w	x8,f8	  f8:0x00000000  x8=0x00000000
      13415.000 ns	      1340	80000664	01fd2033	slt	x0,x26,x31	 x26:0x83bed000 x31:0x00000000
      13425.000 ns	      1341	80000668	40d45513	srai	x10,x8,0xd	  x8:0x00000000 x10=0x00000000
      13445.000 ns	      1343	8000066c	d001cc53	fcvt.s.w	f24,x3	  x3:0x00000000 f24=0x00000000
      13485.000 ns	      1347	80000670	5804c8d3	fsqrt.s	f17,f9	  f9:0x00000000 f17=0x00000000
      13505.000 ns	      1349	80000674	283f9697	auipc	x13,0x283f9	 x13=0xa83f9674
      13515.000 ns	      1350	80000678	00456233	or	x4,x10,x4	 x10:0x00000000  x4:0x800408ea  x4=0x800408ea
      13875.000 ns	      1386	8000067c	0311e5b3	rem	x11,x3,x17	  x3:0x00000000 x17:0xffffffff x11=0x00000000
      13925.000 ns	      1391	80000680	019e22d3	fadd.s	f5,f28,f25	 f28:0x00000000 f25:0x41c5ba8a  f5=0x41c5ba8a
      13955.000 ns	      1394	80000684	d016f953	fcvt.s.wu	f18,x13	 x13:0xa83f9674 f18=0x4f283f96
      13985.000 ns	      1397	80000688	0332a6b3	mulhsu	x13,x5,x19	  x5:0x80041024 x19:0xfff41024 x13=0x800a07e1
      14015.000 ns	      1400	8000068c	28ed0f53	fmin.s	f30,f26,f14	 f26:0x5f350461 f14:0x4f6cf660 f30=0x4f6cf660
      14035.000 ns	      1402	80000690	468b0f93	addi	x31,x22,1128	 x22:0xaaa84e4e x31=0xaaa852b6
      14045.000 ns	      1403	80000694	00000013	addi	x0,x0,0	  x0:0x00000000
      14055.000 ns	      1404	80000698	9af02f13	slti	x30,x0,-1617	  x0:0x00000000 x30=0x00000000
      14075.000 ns	      1406	8000069c	02d99933	mulh	x18,x19,x13	 x19:0xfff41024 x13:0x800a07e1 x18=0x0005f776
      14105.000 ns	      1409	800006a0	f00e0053	fmv.w.x	f0,x28	 x28:0x00000000  f0=0x00000000
      14125.000 ns	      1411	800006a4	2bcfe7b7	lui	x15,0x2bcfe	 x15=0x2bcfe000
      14135.000 ns	      1412	800006a8	018095b3	sll	x11,x1,x24	  x1:0x00000000 x24:0x00080409 x11=0x00000000
      14155.000 ns	      1414	800006ac	c00a7ad3	fcvt.w.s	x21,f20	 f20:0xbf800000 x21=0x00000001
      14185.000 ns	      1417	800006b0	d0113153	fcvt.s.wu	f2,x2	  x2:0x00000000  f2=0x00000000
      14205.000 ns	      1419	800006b4	74593d93	sltiu	x27,x18,1861	 x18:0x0005f776 x27=0x00000000
      14225.000 ns	      1421	800006b8	a02b19d3	flt.s	x19,f22,f2	 f22:0x23cb423e  f2:0x00000000 x19=0x00000000
      14255.000 ns	      1424	800006bc	02539233	mulh	x4,x7,x5	  x7:0x00000001  x5:0x80041024  x4=0xffffffff
      14625.000 ns	      1461	800006c0	0311ef33	rem	x30,x3,x17	  x3:0x00000000 x17:0xffffffff x30=0x00000000
      14645.000 ns	      1463	800006c4	403f5f13	srai	x30,x30,0x3	 x30:0x00000000 x30=0x00000000
      14655.000 ns	      1464	800006c8	00000013	addi	x0,x0,0	  x0:0x00000000
      14665.000 ns	      1465	800006cc	00a4de13	srli	x28,x9,0xa	  x9:0x7ffbf400 x28=0x001ffefd
      14685.000 ns	      1467	800006d0	e00d8453	fmv.x.w	x8,f27	 f27:0xffffffff  x8=0xffffffff
      14705.000 ns	      1469	800006d4	00000013	addi	x0,x0,0	  x0:0x00000000
      14745.000 ns	      1473	800006d8	08dd92d3	fsub.s	f5,f27,f13	 f27:0xffffffff f13:0x00000000  f5=0x7fc00000
      15115.000 ns	      1510	800006dc	02e84233	div	x4,x16,x14	 x16:0x00000000 x14:0x80040fe4  x4=0x00000000
      15135.000 ns	      1512	800006e0	4161da13	srai	x20,x3,0x16	  x3:0x00000000 x20=0x00000000
      15145.000 ns	      1513	800006e4	0f3ab817	auipc	x16,0xf3ab	 x16=0x8f3ab6e4
      15165.000 ns	      1515	800006e8	21f88ed3	fsgnj.s	f29,f17,f31	 f17:0x00000000 f31:0x00000000 f29=0x00000000
      15205.000 ns	      1519	800006ec	113af453	fmul.s	f8,f21,f19	 f21:0x23cb423e f19:0x242f84a6  f8=0x088b5b9a
      15225.000 ns	      1521	800006f0	41b0de93	srai	x29,x1,0x1b	  x1:0x00000000 x29=0x00000000
      15235.000 ns	      1522	800006f4	44d57337	lui	x6,0x44d57	  x6=0x44d57000
      15255.000 ns	      1524	800006f8	d01474d3	fcvt.s.wu	f9,x8	  x8:0xffffffff  f9=0x4f7fffff
      15275.000 ns	      1526	800006fc	c54fb413	sltiu	x8,x31,-940	 x31:0xaaa852b6  x8=0x00000001
      15285.000 ns	      1527	80000700	01946cb3	or	x25,x8,x25	  x8:0xffffffff x25:0x7f964000 x25=0x7f964001
      15305.000 ns	      1529	80000704	a06386d3	fle.s	x13,f7,f6	  f7:0x7fc00000  f6:0x41c5ba8a x13=0x00000000
      15335.000 ns	      1532	80000708	215906d3	fsgnj.s	f13,f18,f21	 f18:0x4f283f96 f21:0x23cb423e f13=0x4f283f96
      15365.000 ns	      1535	8000070c	f0088cd3	fmv.w.x	f25,x17	 x17:0xffffffff f25=0xffffffff
      15415.000 ns	      1540	80000710	019f7dd3	fadd.s	f27,f30,f25	 f30:0x4f6cf660 f25:0x41c5ba8a f27=0x7fc00000
      15445.000 ns	      1543	80000714	02eb26b3	mulhsu	x13,x22,x14	 x22:0xaaa84e4e x14:0x80040fe4 x13=0xd552cc7c
      15465.000 ns	      1545	80000718	2a0cca37	lui	x20,0x2a0cc	 x20=0x2a0cc000
      15485.000 ns	      1547	8000071c	20a791d3	fsgnjn.s	f3,f15,f10	 f15:0xfffffc99 f10:0x00000000  f3=0xfffffc99
      15505.000 ns	      1549	80000720	41895a33	sra	x20,x18,x24	 x18:0x0005f776 x24:0x00080409 x20=0x000002fb
      15515.000 ns	      1550	80000724	00b11e93	slli	x29,x2,0xb	  x2:0x00000000 x29=0x00000000
      15535.000 ns	      1552	80000728	d00f70d3	fcvt.s.w	f1,x30	 x30:0x00000000  f1=0x00000000
      15565.000 ns	      1555	8000072c	d002acd3	fcvt.s.w	f25,x5	  x5:0x80041024 f25=0xcefff7e0
      15585.000 ns	      1557	80000730	00000013	addi	x0,x0,0	  x0:0x00000000
      15605.000 ns	      1559	80000734	a18d9ed3	flt.s	x29,f27,f24	 f27:0x7fc00000 f24:0x00000000 x29=0x00000000
      15635.000 ns	      1562	80000738	29bc8e53	fmin.s	f28,f25,f27	 f25:0xcefff7e0 f27:0x7fc00000 f28=0xcefff7e0
      15655.000 ns	      1564	8000073c	0bc27493	andi	x9,x4,188	  x4:0x00000000  x9=0x00000000
      15675.000 ns	      1566	80000740	d01cb9d3	fcvt.s.wu	f19,x25	 x25:0x7f964001 f19=0x4eff2c81
      15695.000 ns	      1568	80000744	7a08f4b7	lui	x9,0x7a08f	  x9=0x7a08f000
      15715.000 ns	      1570	80000748	a0ed89d3	fle.s	x19,f27,f14	 f27:0x7fc00000 f14:0x4f6cf660 x19=0x00000000
      15745.000 ns	      1573	8000074c	a034a6d3	feq.s	x13,f9,f3	  f9:0x4f7fffff  f3:0xfffffc99 x13=0x00000000
      15785.000 ns	      1577	80000750	101df353	fmul.s	f6,f27,f1	 f27:0x7fc00000  f1:0x00000000  f6=0x7fc00000
      15815.000 ns	      1580	80000754	f0020953	fmv.w.x	f18,x4	  x4:0x00000000 f18=0x00000000
      15835.000 ns	      1582	80000758	00d5cab3	xor	x21,x11,x13	 x11:0x00000000 x13:0x00000000 x21=0x00000000
      15845.000 ns	      1583	8000075c	49d1fc93	andi	x25,x3,1181	  x3:0x00000000 x25=0x00000000
      15865.000 ns	      1585	80000760	20af1853	fsgnjn.s	f16,f30,f10	 f30:0x4f6cf660 f10:0x00000000 f16=0xcf6cf660
      15885.000 ns	      1587	80000764	019c36b3	sltu	x13,x24,x25	 x24:0x00080409 x25:0x7f964001 x13=0x00000000
      15905.000 ns	      1589	80000768	c01793d3	fcvt.wu.s	x7,f15	 f15:0xfffffc99  x7=0xffffffff
      15935.000 ns	      1592	8000076c	a13e98d3	flt.s	x17,f29,f19	 f29:0x00000000 f19:0x4eff2c81 x17=0x00000001
      15975.000 ns	      1596	80000770	191819d3	fdiv.s	f19,f16,f17	 f16:0xcf6cf660 f17:0x00000000 f19=0xff800000
      15995.000 ns	      1598	80000774	d3170c93	addi	x25,x14,-719	 x14:0x80040fe4 x25=0x80040d15
      16035.000 ns	      1602	80000778	0130bf53	fadd.s	f30,f1,f19	  f1:0x00000000 f19:0xff800000 f30=0xff800000
      16065.000 ns	      1605	8000077c	292f8353	fmin.s	f6,f31,f18	 f31:0x00000000 f18:0x00000000  f6=0x00000000
      16085.000 ns	      1607	80000780	00000013	addi	x0,x0,0	  x0:0x00000000
      16095.000 ns	      1608	80000784	03ef8b93	addi	x23,x31,62	 x31:0xaaa852b6 x23=0xaaa852f4
      16115.000 ns	      1610	80000788	a01aaf53	feq.s	x30,f21,f1	 f21:0x23cb423e  f1:0x00000000 x30=0x00000000
      16145.000 ns	      1613	8000078c	03539933	mulh	x18,x7,x21	  x7:0xffffffff x21:0x00000000 x18=0x00000000
      16165.000 ns	      1615	80000790	41bf0eb3	sub	x29,x30,x27	 x30:0x00000000 x27:0x00000000 x29=0x00000000
      16175.000 ns	      1616	80000794	1b513693	sltiu	x13,x2,437	  x2:0x00000000 x13=0x00000001
      16195.000 ns	      1618	80000798	e00d8ad3	fmv.x.w	x21,f27	 f27:0x7fc00000 x21=0x7fc00000
      16225.000 ns	      1621	8000079c	f0048553	fmv.w.x	f10,x9	  x9:0x7a08f000 f10=0x7a08f000
      16245.000 ns	      1623	800007a0	00000013	addi	x0,x0,0	  x0:0x00000000
      16255.000 ns	      1624	800007a4	bf0db597	auipc	x11,0xbf0db	 x11=0x3f0db7a4
      16275.000 ns	      1626	800007a8	c018aad3	fcvt.wu.s	x21,f17	 f17:0x00000000 x21=0x00000000
      16305.000 ns	      1629	800007ac	a04d0653	fle.s	x12,f26,f4	 f26:0x5f350461  f4:0x9f1febe8 x12=0x00000000
      16335.000 ns	      1632	800007b0	032a4033	div	x0,x20,x18	 x20:0x000002fb x18:0x00000000
      16355.000 ns	      1634	800007b4	01799a13	slli	x20,x19,0x17	 x19:0x00000000 x20=0x00000000
      16385.000 ns	      1637	800007b8	192e8153	fdiv.s	f2,f29,f18	 f29:0x00000000 f18:0x00000000  f2=0x7fc00000
      16405.000 ns	      1639	800007bc	00839c33	sll	x24,x7,x8	  x7:0xffffffff  x8:0x00000001 x24=0xfffffffe
      16415.000 ns	      1640	800007c0	4144d933	sra	x18,x9,x20	  x9:0x7a08f000 x20:0x00000000 x18=0x7a08f000
      16435.000 ns	      1642	800007c4	03c81d33	mulh	x26,x16,x28	 x16:0x8f3ab6e4 x28:0x001ffefd x26=0xfff1e7c8
      16455.000 ns	      1644	800007c8	00000013	addi	x0,x0,0	  x0:0x00000000
      16475.000 ns	      1646	800007cc	02cc5533	divu	x10,x24,x12	 x24:0xfffffffe x12:0x00000000 x10=0xffffffff
      17655.000 ns	      1764	800007d0	580aa8d3	fsqrt.s	f17,f21	 f21:0x23cb423e f17=0x31214c58
      17685.000 ns	      1767	800007d4	286d0cd3	fmin.s	f25,f26,f6	 f26:0x5f350461  f6:0x00000000 f25=0x00000000
      17715.000 ns	      1770	800007d8	a1b82d53	feq.s	x26,f16,f27	 f16:0xcf6cf660 f27:0x7fc00000 x26=0x00000000
      17745.000 ns	      1773	800007dc	03dffbb3	remu	x23,x31,x29	 x31:0xaaa852b6 x29:0x00000000 x23=0xaaa852b6
      17765.000 ns	      1775	800007e0	00e948b3	xor	x17,x18,x14	 x18:0x7a08f000 x14:0x80040fe4 x17=0xfa0cffe4
      17785.000 ns	      1777	800007e4	c01c74d3	fcvt.wu.s	x9,f24	 f24:0x00000000  x9=0x00000000
      17805.000 ns	      1779	800007e8	00000013	addi	x0,x0,0	  x0:0x00000000
      17815.000 ns	      1780	800007ec	00000013	addi	x0,x0,0	  x0:0x00000000
      17835.000 ns	      1782	800007f0	a19c96d3	flt.s	x13,f25,f25	 f25:0x00000000 f25:0x00000000 x13=0x00000000
      17865.000 ns	      1785	800007f4	213fa753	fsgnjx.s	f14,f31,f19	 f31:0x00000000 f19:0xff800000 f14=0x80000000
      17895.000 ns	      1788	800007f8	218a96d3	fsgnjn.s	f13,f21,f24	 f21:0x23cb423e f24:0x00000000 f13=0xa3cb423e
      17915.000 ns	      1790	800007fc	01b59933	sll	x18,x11,x27	 x11:0x3f0db7a4 x27:0x00000000 x18=0x3f0db7a4
      17925.000 ns	      1791	80000800	017b59b3	srl	x19,x22,x23	 x22:0xaaa84e4e x23:0xaaa852b6 x19=0x000002aa
      17935.000 ns	      1792	80000804	4098d4b3	sra	x9,x17,x9	 x17:0xfa0cffe4  x9:0x00000000  x9=0xfa0cffe4
      17955.000 ns	      1794	80000808	d01d7253	fcvt.s.wu	f4,x26	 x26:0x00000000  f4=0x00000000
      17985.000 ns	      1797	8000080c	281186d3	fmin.s	f13,f3,f1	  f3:0xfffffc99  f1:0x00000000 f13=0x00000000
      18005.000 ns	      1799	80000810	47cce193	ori	x3,x25,1148	 x25:0x80040d15  x3=0x80040d7d
      18025.000 ns	      1801	80000814	02929533	mulh	x10,x5,x9	  x5:0x80041024  x9:0xfa0cffe4 x10=0x02f967e1
      18045.000 ns	      1803	80000818	0186e933	or	x18,x13,x24	 x13:0x00000000 x24:0xfffffffe x18=0xfffffffe
      18055.000 ns	      1804	8000081c	00000013	addi	x0,x0,0	  x0:0x00000000
      18065.000 ns	      1805	80000820	cdf5b113	sltiu	x2,x11,-801	 x11:0x3f0db7a4  x2=0x00000001
      18075.000 ns	      1806	80000824	bc18c537	lui	x10,0xbc18c	 x10=0xbc18c000
      18095.000 ns	      1808	80000828	a1e50853	fle.s	x16,f10,f30	 f10:0x7a08f000 f30:0xff800000 x16=0x00000000
      18145.000 ns	      1813	8000082c	083b1953	fsub.s	f18,f22,f3	 f22:0x23cb423e  f3:0xfffffc99 f18=0x7fc00000
      18165.000 ns	      1815	80000830	00ec89b3	add	x19,x25,x14	 x25:0x80040d15 x14:0x80040fe4 x19=0x00081cf9
      18175.000 ns	      1816	80000834	6432d897	auipc	x17,0x6432d	 x17=0xe432d834
      18195.000 ns	      1818	80000838	a0e813d3	flt.s	x7,f16,f14	 f16:0xcf6cf660 f14:0x80000000  x7=0x00000001
      18225.000 ns	      1821	8000083c	284812d3	fmax.s	f5,f16,f4	 f16:0xcf6cf660  f4:0x00000000  f5=0x00000000
      18595.000 ns	      1858	80000840	02aa7233	remu	x4,x20,x10	 x20:0x00000000 x10:0xbc18c000  x4=0x00000000
      18615.000 ns	      1860	80000844	00671393	slli	x7,x14,0x6	 x14:0x80040fe4  x7=0x0103f900
      18625.000 ns	      1861	80000848	00f81c93	slli	x25,x16,0xf	 x16:0x00000000 x25=0x00000000
      18645.000 ns	      1863	8000084c	d007fd53	fcvt.s.w	f26,x15	 x15:0x2bcfe000 f26=0x4e2f3f80
      18665.000 ns	      1865	80000850	00417ab3	and	x21,x2,x4	  x2:0x00000001  x4:0x00000000 x21=0x00000000
      18675.000 ns	      1866	80000854	0161c933	xor	x18,x3,x22	  x3:0x80040d7d x22:0xaaa84e4e x18=0x2aac4333
      18685.000 ns	      1867	80000858	00000013	addi	x0,x0,0	  x0:0x00000000
      18695.000 ns	      1868	8000085c	df647817	auipc	x16,0xdf647	 x16=0x5f64785c
      18715.000 ns	      1870	80000860	e00b8ad3	fmv.x.w	x21,f23	 f23:0x23cb423e x21=0x23cb423e
      18745.000 ns	      1873	80000864	e00489d3	fmv.x.w	x19,f9	  f9:0x4f7fffff x19=0x4f7fffff
      18775.000 ns	      1876	80000868	e0080a53	fmv.x.w	x20,f16	 f16:0xcf6cf660 x20=0xcf6cf660
      18795.000 ns	      1878	8000086c	00178833	add	x16,x15,x1	 x15:0x2bcfe000  x1:0x00000000 x16=0x2bcfe000
      18805.000 ns	      1879	80000870	01943433	sltu	x8,x8,x25	  x8:0x00000001 x25:0x00000000  x8=0x00000000
      18825.000 ns	      1881	80000874	e00c9153	fclass.s	x2,f25	 f25:0x00000000  x2=0x00000010
      18855.000 ns	      1884	80000878	289b8e53	fmin.s	f28,f23,f9	 f23:0x23cb423e  f9:0x4f7fffff f28=0x23cb423e
      18875.000 ns	      1886	8000087c	8add53b7	lui	x7,0x8add5	  x7=0x8add5000
      18885.000 ns	      1887	80000880	a327bb93	sltiu	x23,x15,-1486	 x15:0x2bcfe000 x23=0x00000001
      18905.000 ns	      1889	80000884	034b1db3	mulh	x27,x22,x20	 x22:0xaaa84e4e x20:0xcf6cf660 x27=0x103175e1
      19275.000 ns	      1926	80000888	034253b3	divu	x7,x4,x20	  x4:0x00000000 x20:0xcf6cf660  x7=0x00000000
      19295.000 ns	      1928	8000088c	00203cb3	sltu	x25,x0,x2	  x0:0x00000000  x2:0x00000010 x25=0x00000001
      19315.000 ns	      1930	80000890	f00b03d3	fmv.w.x	f7,x22	 x22:0xaaa84e4e  f7=0xaaa84e4e
      19335.000 ns	      1932	80000894	000833b3	sltu	x7,x16,x0	 x16:0x2bcfe000  x0:0x00000000  x7=0x00000000
      19355.000 ns	      1934	80000898	20ca8b53	fsgnj.s	f22,f21,f12	 f21:0x23cb423e f12:0xa3cb423e f22=0xa3cb423e
      19395.000 ns	      1938	8000089c	18b1c853	fdiv.s	f16,f3,f11	  f3:0xfffffc99 f11:0x4f6cf660 f16=0x7fc00000
      19415.000 ns	      1940	800008a0	40bc3213	sltiu	x4,x24,1035	 x24:0xfffffffe  x4=0x00000000
      19425.000 ns	      1941	800008a4	ecbf1e37	lui	x28,0xecbf1	 x28=0xecbf1000
      19445.000 ns	      1943	800008a8	a0912bd3	feq.s	x23,f2,f9	  f2:0x7fc00000  f9:0x4f7fffff x23=0x00000000
      19475.000 ns	      1946	800008ac	28e90a53	fmin.s	f20,f18,f14	 f18:0x7fc00000 f14:0x80000000 f20=0x80000000
      19505.000 ns	      1949	800008b0	c015fe53	fcvt.wu.s	x28,f11	 f11:0x4f6cf660 x28=0xecf66000
      19545.000 ns	      1953	800008b4	11c3fbd3	fmul.s	f23,f7,f28	  f7:0xaaa84e4e f28:0x23cb423e f23=0x8f05a1a5
      19575.000 ns	      1956	800008b8	a12e1053	flt.s	x0,f28,f18	 f28:0x23cb423e f18:0x7fc00000
      19605.000 ns	      1959	800008bc	e00c1f53	fclass.s	x30,f24	 f24:0x00000000 x30=0x00000010
      19635.000 ns	      1962	800008c0	a1ca15d3	flt.s	x11,f20,f28	 f20:0x80000000 f28:0x23cb423e x11=0x00000001
      20005.000 ns	      1999	800008c4	022f4e33	div	x28,x30,x2	 x30:0x00000010  x2:0x00000010 x28=0x00000001
      20025.000 ns	      2001	800008c8	f6fde637	lui	x12,0xf6fde	 x12=0xf6fde000
      20035.000 ns	      2002	800008cc	02450d13	addi	x26,x10,36	 x10:0xbc18c000 x26=0xbc18c024
      20055.000 ns	      2004	800008d0	280787d3	fmin.s	f15,f15,f0	 f15:0xfffffc99  f0:0x00000000 f15=0x00000000
      20075.000 ns	      2006	800008d4	01125e33	srl	x28,x4,x17	  x4:0x00000000 x17:0xe432d834 x28=0x00000000
      20085.000 ns	      2007	800008d8	40badf13	srai	x30,x21,0xb	 x21:0x23cb423e x30=0x00047968
      20105.000 ns	      2009	800008dc	d00c7853	fcvt.s.w	f16,x24	 x24:0xfffffffe f16=0xc0000000
      20145.000 ns	      2013	800008e0	103bacd3	fmul.s	f25,f23,f3	 f23:0x8f05a1a5  f3:0xfffffc99 f25=0x7fc00000
      20175.000 ns	      2016	800008e4	f0048c53	fmv.w.x	f24,x9	  x9:0xfa0cffe4 f24=0xfa0cffe4
      20205.000 ns	      2019	800008e8	20bb0653	fsgnj.s	f12,f22,f11	 f22:0xa3cb423e f11:0x4f6cf660 f12=0x23cb423e
      20235.000 ns	      2022	800008ec	d0067153	fcvt.s.w	f2,x12	 x12:0xf6fde000  f2=0xcd102200
      20265.000 ns	      2025	800008f0	a04b07d3	fle.s	x15,f22,f4	 f22:0xa3cb423e  f4:0x00000000 x15=0x00000001
      20295.000 ns	      2028	800008f4	216c9b53	fsgnjn.s	f22,f25,f22	 f25:0x7fc00000 f22:0xa3cb423e f22=0x7fc00000
      20325.000 ns	      2031	800008f8	20e90b53	fsgnj.s	f22,f18,f14	 f18:0x7fc00000 f14:0x80000000 f22=0xffc00000
      20345.000 ns	      2033	800008fc	01311313	slli	x6,x2,0x13	  x2:0x00000010  x6=0x00800000
      20355.000 ns	      2034	80000900	01b125b3	slt	x11,x2,x27	  x2:0x00000010 x27:0x103175e1 x11=0x00000001
      20365.000 ns	      2035	80000904	40df88b3	sub	x17,x31,x13	 x31:0xaaa852b6 x13:0x00000000 x17=0xaaa852b6
      20385.000 ns	      2037	80000908	218b80d3	fsgnj.s	f1,f23,f24	 f23:0x8f05a1a5 f24:0xfa0cffe4  f1=0x8f05a1a5
      20405.000 ns	      2039	8000090c	42ed0f93	addi	x31,x26,1070	 x26:0xbc18c024 x31=0xbc18c452
      20435.000 ns	      2042	80000910	10b3b253	fmul.s	f4,f7,f11	  f7:0xaaa84e4e f11:0x4f6cf660  f4=0xba9bca2a
      20455.000 ns	      2044	80000914	00784233	xor	x4,x16,x7	 x16:0x2bcfe000  x7:0x00000000  x4=0x2bcfe000
      20475.000 ns	      2046	80000918	c00c76d3	fcvt.w.s	x13,f24	 f24:0xfa0cffe4 x13=0x80000000
      20505.000 ns	      2049	8000091c	290c8dd3	fmin.s	f27,f25,f16	 f25:0x7fc00000 f16:0xc0000000 f27=0xc0000000
      20535.000 ns	      2052	80000920	f0020753	fmv.w.x	f14,x4	  x4:0x2bcfe000 f14=0x2bcfe000
      20555.000 ns	      2054	80000924	b30b6493	ori	x9,x22,-1232	 x22:0xaaa84e4e  x9=0xffffff7e
      20575.000 ns	      2056	80000928	028585b3	mul	x11,x11,x8	 x11:0x00000001  x8:0x00000000 x11=0x00000000
      21755.000 ns	      2174	8000092c	58057453	fsqrt.s	f8,f10	 f10:0x7a08f000  f8=0x5c41a81a
      21775.000 ns	      2176	80000930	a6d14113	xori	x2,x2,-1427	  x2:0x00000010  x2=0xfffffa7d
      22135.000 ns	      2212	80000934	0257e3b3	rem	x7,x15,x5	 x15:0x00000001  x5:0x80041024  x7=0x00000001
      22165.000 ns	      2215	80000938	28788053	fmin.s	f0,f17,f7	 f17:0x31214c58  f7:0xaaa84e4e  f0=0xaaa84e4e
      22185.000 ns	      2217	8000093c	40198f33	sub	x30,x19,x1	 x19:0x4f7fffff  x1:0x00000000 x30=0x4f7fffff
      22205.000 ns	      2219	80000940	c006b4d3	fcvt.w.s	x9,f13	 f13:0x00000000  x9=0x00000000
      22225.000 ns	      2221	80000944	5ca74313	xori	x6,x14,1482	 x14:0x80040fe4  x6=0x80040a2e
      22235.000 ns	      2222	80000948	bb769117	auipc	x2,0xbb769	  x2=0x3b769948
      22255.000 ns	      2224	8000094c	026236b3	mulhu	x13,x4,x6	  x4:0x2bcfe000  x6:0x00800000 x13=0x15e8a0fd
      22275.000 ns	      2226	80000950	e5853d13	sltiu	x26,x10,-424	 x10:0xbc18c000 x26=0x00000001
      22295.000 ns	      2228	80000954	21839753	fsgnjn.s	f14,f7,f24	  f7:0xaaa84e4e f24:0xfa0cffe4 f14=0x2aa84e4e
      22665.000 ns	      2265	80000958	03ac66b3	rem	x13,x24,x26	 x24:0xfffffffe x26:0xbc18c024 x13=0x00000000
      23035.000 ns	      2302	8000095c	027e69b3	rem	x19,x28,x7	 x28:0x00000000  x7:0x00000001 x19=0x00000000
      23405.000 ns	      2339	80000960	02ab65b3	rem	x11,x22,x10	 x22:0xaaa84e4e x10:0xbc18c000 x11=0xee8f8e4e
      23455.000 ns	      2344	80000964	0160f853	fadd.s	f16,f1,f22	  f1:0x8f05a1a5 f22:0xffc00000 f16=0x7fc00000
      23485.000 ns	      2347	80000968	20131553	fsgnjn.s	f10,f6,f1	  f6:0x00000000  f1:0x8f05a1a5 f10=0x00000000
      23505.000 ns	      2349	8000096c	b2c0a013	slti	x0,x1,-1236	  x1:0x00000000
      23525.000 ns	      2351	80000970	e0098cd3	fmv.x.w	x25,f19	 f19:0xff800000 x25=0xff800000
      23545.000 ns	      2353	80000974	0105fbb3	and	x23,x11,x16	 x11:0xee8f8e4e x16:0x2bcfe000 x23=0x2a8f8000
      23575.000 ns	      2356	80000978	19ee1453	fdiv.s	f8,f28,f30	 f28:0x23cb423e f30:0xff800000  f8=0x80000000
      23945.000 ns	      2393	8000097c	035d7833	remu	x16,x26,x21	 x26:0x00000001 x21:0x23cb423e x16=0x00000001
      23965.000 ns	      2395	80000980	00000013	addi	x0,x0,0	  x0:0x00000000
      23985.000 ns	      2397	80000984	035a2533	mulhsu	x10,x20,x21	 x20:0xcf6cf660 x21:0x23cb423e x10=0xf9355484
      24015.000 ns	      2400	80000988	c005fd53	fcvt.w.s	x26,f11	 f11:0x4f6cf660 x26=0x7fffffff
      24055.000 ns	      2404	8000098c	580a3cd3	fsqrt.s	f25,f20	 f20:0x80000000 f25=0x80000000
      24075.000 ns	      2406	80000990	01d45233	srl	x4,x8,x29	  x8:0x00000000 x29:0x00000000  x4=0x00000000
      24085.000 ns	      2407	80000994	ed910d93	addi	x27,x2,-295	  x2:0x3b769948 x27=0x3b769821
      24095.000 ns	      2408	80000998	0026e433	or	x8,x13,x2	 x13:0x00000000  x2:0x3b769948  x8=0x3b769948
      24105.000 ns	      2409	8000099c	01819593	slli	x11,x3,0x18	  x3:0x80040d7d x11=0x7d000000
      24125.000 ns	      2411	800009a0	e0020853	fmv.x.w	x16,f4	  f4:0xba9bca2a x16=0xba9bca2a
      24155.000 ns	      2414	800009a4	03301033	mulh	x0,x0,x19	  x0:0x00000000 x19:0x00000000
      24175.000 ns	      2416	800009a8	417ad4b3	sra	x9,x21,x23	 x21:0x23cb423e x23:0x2a8f8000  x9=0x23cb423e
      24185.000 ns	      2417	800009ac	20e0a497	auipc	x9,0x20e0a	  x9=0xa0e0a9ac
      24195.000 ns	      2418	800009b0	1acb3e13	sltiu	x28,x22,428	 x22:0xaaa84e4e x28=0x00000000
      24235.000 ns	      2422	800009b4	092586d3	fsub.s	f13,f11,f18	 f11:0x4f6cf660 f18:0x7fc00000 f13=0x7fc00000
      24265.000 ns	      2425	800009b8	034f38b3	mulhu	x17,x30,x20	 x30:0x4f7fffff x20:0xcf6cf660 x17=0x406a5682
      24295.000 ns	      2428	800009bc	e00686d3	fmv.x.w	x13,f13	 f13:0x7fc00000 x13=0x7fc00000
      24325.000 ns	      2431	800009c0	a1b905d3	fle.s	x11,f18,f27	 f18:0x7fc00000 f27:0xc0000000 x11=0x00000000
      24375.000 ns	      2436	800009c4	01c64153	fadd.s	f2,f12,f28	 f12:0x23cb423e f28:0x23cb423e  f2=0x244b423e
      24395.000 ns	      2438	800009c8	4bb9fe13	andi	x28,x19,1211	 x19:0x00000000 x28=0x00000000
      24415.000 ns	      2440	800009cc	283889d3	fmin.s	f19,f17,f3	 f17:0x31214c58  f3:0xfffffc99 f19=0x31214c58
      24435.000 ns	      2442	800009d0	01408d33	add	x26,x1,x20	  x1:0x00000000 x20:0xcf6cf660 x26=0xcf6cf660
      24445.000 ns	      2443	800009d4	0023ec33	or	x24,x7,x2	  x7:0x00000001  x2:0x3b769948 x24=0x3b769949
      24455.000 ns	      2444	800009d8	00295fb3	srl	x31,x18,x2	 x18:0x2aac4333  x2:0x3b769948 x31=0x002aac43
      24475.000 ns	      2446	800009dc	a1102853	feq.s	x16,f0,f17	  f0:0xaaa84e4e f17:0x31214c58 x16=0x00000000
      24515.000 ns	      2450	800009e0	11bdca53	fmul.s	f20,f27,f27	 f27:0xc0000000 f27:0xc0000000 f20=0x40800000
      24535.000 ns	      2452	800009e4	e3de2993	slti	x19,x28,-451	 x28:0x00000000 x19=0x00000000
      24555.000 ns	      2454	800009e8	d00c79d3	fcvt.s.w	f19,x24	 x24:0x3b769949 f19=0x4e6dda65
      24575.000 ns	      2456	800009ec	c16cb993	sltiu	x19,x25,-1002	 x25:0xff800000 x19=0x00000001
      24585.000 ns	      2457	800009f0	30435fb7	lui	x31,0x30435	 x31=0x30435000
      24605.000 ns	      2459	800009f4	c00ba153	fcvt.w.s	x2,f23	 f23:0x8f05a1a5  x2=0x00000000
      24625.000 ns	      2461	800009f8	72147f17	auipc	x30,0x72147	 x30=0xf21479f8
      24635.000 ns	      2462	800009fc	0007ae33	slt	x28,x15,x0	 x15:0x00000001  x0:0x00000000 x28=0x00000000
      24655.000 ns	      2464	80000a00	a1698253	fle.s	x4,f19,f22	 f19:0x4e6dda65 f22:0xffc00000  x4=0x00000000
      24685.000 ns	      2467	80000a04	c0167353	fcvt.wu.s	x6,f12	 f12:0x23cb423e  x6=0x00000000
      24715.000 ns	      2470	80000a08	03401bb3	mulh	x23,x0,x20	  x0:0x00000000 x20:0xcf6cf660 x23=0x00000000
      25085.000 ns	      2507	80000a0c	03f7d533	divu	x10,x15,x31	 x15:0x00000001 x31:0x30435000 x10=0x00000000
      25135.000 ns	      2512	80000a10	096d8e53	fsub.s	f28,f27,f22	 f27:0xc0000000 f22:0xffc00000 f28=0x7fc00000
      25155.000 ns	      2514	80000a14	010c2c33	slt	x24,x24,x16	 x24:0x3b769949 x16:0x00000000 x24=0x00000000
      25165.000 ns	      2515	80000a18	41605693	srai	x13,x0,0x16	  x0:0x00000000 x13=0x00000000
      25195.000 ns	      2518	80000a1c	19e777d3	fdiv.s	f15,f14,f30	 f14:0x2aa84e4e f30:0xff800000 f15=0x80000000
      25215.000 ns	      2520	80000a20	402f59b3	sra	x19,x30,x2	 x30:0xf21479f8  x2:0x00000000 x19=0xf21479f8
      25575.000 ns	      2556	80000a24	0397c533	div	x10,x15,x25	 x15:0x00000001 x25:0xff800000 x10=0x00000000
      25605.000 ns	      2559	80000a28	207b0d53	fsgnj.s	f26,f22,f7	 f22:0xffc00000  f7:0xaaa84e4e f26=0xffc00000
      25625.000 ns	      2561	80000a2c	be47e493	ori	x9,x15,-1052	 x15:0x00000001  x9=0xfffffbe5
      25645.000 ns	      2563	80000a30	d01243d3	fcvt.s.wu	f7,x4	  x4:0x00000000  f7=0x00000000
      25665.000 ns	      2565	80000a34	467d8517	auipc	x10,0x467d8	 x10=0xc67d8a34
      25675.000 ns	      2566	80000a38	00b0e233	or	x4,x1,x11	  x1:0x00000000 x11:0x00000000  x4=0x00000000
      25685.000 ns	      2567	80000a3c	b2d524b7	lui	x9,0xb2d52	  x9=0xb2d52000
      25715.000 ns	      2570	80000a40	5806fc53	fsqrt.s	f24,f13	 f13:0x7fc00000 f24=0x7fc00000
      25735.000 ns	      2572	80000a44	0117c333	xor	x6,x15,x17	 x15:0x00000001 x17:0x406a5682  x6=0x406a5683
      25745.000 ns	      2573	80000a48	01d0e933	or	x18,x1,x29	  x1:0x00000000 x29:0x00000000 x18=0x00000000
      25755.000 ns	      2574	80000a4c	01057033	and	x0,x10,x16	 x10:0xc67d8a34 x16:0x00000000
      26115.000 ns	      2610	80000a50	0367ed33	rem	x26,x15,x22	 x15:0x00000001 x22:0xaaa84e4e x26=0x00000001
      26135.000 ns	      2612	80000a54	00279513	slli	x10,x15,0x2	 x15:0x00000001 x10=0x00000004
      26145.000 ns	      2613	80000a58	0076a333	slt	x6,x13,x7	 x13:0x00000000  x7:0x00000001  x6=0x00000001
      26155.000 ns	      2614	80000a5c	01dced33	or	x26,x25,x29	 x25:0xff800000 x29:0x00000000 x26=0xff800000
      26165.000 ns	      2615	80000a60	00b74933	xor	x18,x14,x11	 x14:0x80040fe4 x11:0x00000000 x18=0x80040fe4
      26195.000 ns	      2618	80000a64	580d4ed3	fsqrt.s	f29,f26	 f26:0xffc00000 f29=0x7fc00000
      26215.000 ns	      2620	80000a68	e9c0ff13	andi	x30,x1,-356	  x1:0x00000000 x30=0x00000000
      26225.000 ns	      2621	80000a6c	01f80333	add	x6,x16,x31	 x16:0x00000000 x31:0x30435000  x6=0x30435000
      26235.000 ns	      2622	80000a70	095fc013	xori	x0,x31,149	 x31:0x30435000
      26255.000 ns	      2624	80000a74	d00df9d3	fcvt.s.w	f19,x27	 x27:0x3b769821 f19=0x4e6dda60
      26305.000 ns	      2629	80000a78	08717e53	fsub.s	f28,f2,f7	  f2:0x244b423e  f7:0x00000000 f28=0x244b423e
      26325.000 ns	      2631	80000a7c	41168db3	sub	x27,x13,x17	 x13:0x00000000 x17:0x406a5682 x27=0xbf95a97e
      26335.000 ns	      2632	80000a80	0153d3b3	srl	x7,x7,x21	  x7:0x00000001 x21:0x23cb423e  x7=0x00000000
      26365.000 ns	      2635	80000a84	5807f553	fsqrt.s	f10,f15	 f15:0x80000000 f10=0x80000000
      26385.000 ns	      2637	80000a88	01ec8233	add	x4,x25,x30	 x25:0xff800000 x30:0x00000000  x4=0xff800000
      26395.000 ns	      2638	80000a8c	01dd1393	slli	x7,x26,0x1d	 x26:0xff800000  x7=0x00000000
      26405.000 ns	      2639	80000a90	004fa633	slt	x12,x31,x4	 x31:0x30435000  x4:0x00000000 x12=0x00000000
      26415.000 ns	      2640	80000a94	00e88633	add	x12,x17,x14	 x17:0x406a5682 x14:0x80040fe4 x12=0xc06e6666
      26435.000 ns	      2642	80000a98	29fa1c53	fmax.s	f24,f20,f31	 f20:0x40800000 f31:0x00000000 f24=0x40800000
      26465.000 ns	      2645	80000a9c	c00f7ad3	fcvt.w.s	x21,f30	 f30:0xff800000 x21=0x80000000
      26835.000 ns	      2682	80000aa0	0326c7b3	div	x15,x13,x18	 x13:0x00000000 x18:0x80040fe4 x15=0x00000000
      26855.000 ns	      2684	80000aa4	01f8d193	srli	x3,x17,0x1f	 x17:0x406a5682  x3=0x00000000
      26875.000 ns	      2686	80000aa8	0323b433	mulhu	x8,x7,x18	  x7:0x00000000 x18:0x80040fe4  x8=0x00000000
      26905.000 ns	      2689	80000aac	287a96d3	fmax.s	f13,f21,f7	 f21:0x23cb423e  f7:0x00000000 f13=0x23cb423e
      26955.000 ns	      2694	80000ab0	01117f53	fadd.s	f30,f2,f17	  f2:0x244b423e f17:0x31214c58 f30=0x31214c58
      26985.000 ns	      2697	80000ab4	02737e33	remu	x28,x6,x7	  x6:0x30435000  x7:0x00000000 x28=0x30435000
      27015.000 ns	      2700	80000ab8	e0009dd3	fclass.s	x27,f1	  f1:0x8f05a1a5 x27=0x00000002
      27045.000 ns	      2703	80000abc	a01691d3	flt.s	x3,f13,f1	 f13:0x23cb423e  f1:0x8f05a1a5  x3=0x00000000
      27085.000 ns	      2707	80000ac0	186cb053	fdiv.s	f0,f25,f6	 f25:0x80000000  f6:0x00000000  f0=0x7fc00000
      27105.000 ns	      2709	80000ac4	00efd893	srli	x17,x31,0xe	 x31:0x30435000 x17=0x0000c10d
      27115.000 ns	      2710	80000ac8	018d2eb3	slt	x29,x26,x24	 x26:0xff800000 x24:0x00000000 x29=0x00000001
      27125.000 ns	      2711	80000acc	0199cdb3	xor	x27,x19,x25	 x19:0xf21479f8 x25:0xff800000 x27=0x0d9479f8
      27155.000 ns	      2714	80000ad0	18b52e53	fdiv.s	f28,f10,f11	 f10:0x80000000 f11:0x4f6cf660 f28=0x80000000
      27185.000 ns	      2717	80000ad4	f0098f53	fmv.w.x	f30,x19	 x19:0xf21479f8 f30=0xf21479f8
      27235.000 ns	      2722	80000ad8	097c7753	fsub.s	f14,f24,f23	 f24:0x40800000 f23:0x8f05a1a5 f14=0x40800000
      27265.000 ns	      2725	80000adc	e0041d53	fclass.s	x26,f8	  f8:0x80000000 x26=0x00000008
      27635.000 ns	      2762	80000ae0	02c6d9b3	divu	x19,x13,x12	 x13:0x00000000 x12:0xc06e6666 x19=0x00000000
      27655.000 ns	      2764	80000ae4	006d23b3	slt	x7,x26,x6	 x26:0x00000008  x6:0x30435000  x7=0x00000001
      27675.000 ns	      2766	80000ae8	d000abd3	fcvt.s.w	f23,x1	  x1:0x00000000 f23=0x00000000
      27695.000 ns	      2768	80000aec	3696f313	andi	x6,x13,873	 x13:0x00000000  x6=0x00000000
      27705.000 ns	      2769	80000af0	00d4fa33	and	x20,x9,x13	  x9:0xb2d52000 x13:0x00000000 x20=0x00000000
      28065.000 ns	      2805	80000af4	02c4c033	div	x0,x9,x12	  x9:0xb2d52000 x12:0xc06e6666
      28095.000 ns	      2808	80000af8	a008ad53	feq.s	x26,f17,f0	 f17:0x31214c58  f0:0x7fc00000 x26=0x00000000
      28125.000 ns	      2811	80000afc	03e4edb3	rem	x27,x9,x30	  x9:0xb2d52000 x30:0x00000000 x27=0xb2d52000
      28155.000 ns	      2814	80000b00	a0399c53	flt.s	x24,f19,f3	 f19:0x4e6dda60  f3:0xfffffc99 x24=0x00000000
      28185.000 ns	      2817	80000b04	e00b05d3	fmv.x.w	x11,f22	 f22:0xffc00000 x11=0xffc00000
      28215.000 ns	      2820	80000b08	a0881853	flt.s	x16,f16,f8	 f16:0x7fc00000  f8:0x80000000 x16=0x00000000
      28235.000 ns	      2822	80000b0c	009e3db3	sltu	x27,x28,x9	 x28:0x30435000  x9:0xb2d52000 x27=0x00000001
      28245.000 ns	      2823	80000b10	00f85933	srl	x18,x16,x15	 x16:0x00000000 x15:0x00000000 x18=0x00000000
      28265.000 ns	      2825	80000b14	03256433	rem	x8,x10,x18	 x10:0x00000004 x18:0x80040fe4  x8=0x00000004
      28285.000 ns	      2827	80000b18	00a7ce33	xor	x28,x15,x10	 x15:0x00000000 x10:0x00000004 x28=0x00000004
      28305.000 ns	      2829	80000b1c	c00c2f53	fcvt.w.s	x30,f24	 f24:0x40800000 x30=0x00000004
      28325.000 ns	      2831	80000b20	00adc433	xor	x8,x27,x10	 x27:0x00000001 x10:0x00000004  x8=0x00000005
      28335.000 ns	      2832	80000b24	0018dd13	srli	x26,x17,0x1	 x17:0x0000c10d x26=0x00006086
      28355.000 ns	      2834	80000b28	a1e084d3	fle.s	x9,f1,f30	  f1:0x8f05a1a5 f30:0xf21479f8  x9=0x00000000
      28385.000 ns	      2837	80000b2c	f00485d3	fmv.w.x	f11,x9	  x9:0xb2d52000 f11=0x00000000
      28405.000 ns	      2839	80000b30	0045d213	srli	x4,x11,0x4	 x11:0xffc00000  x4=0x0ffc0000
      28415.000 ns	      2840	80000b34	00b5f7b3	and	x15,x11,x11	 x11:0xffc00000 x11:0xffc00000 x15=0xffc00000
      28425.000 ns	      2841	80000b38	40438f33	sub	x30,x7,x4	  x7:0x00000001  x4:0xff800000 x30=0xf0040001
      28435.000 ns	      2842	80000b3c	60b7c613	xori	x12,x15,1547	 x15:0x00000000 x12=0xffc0060b
      28455.000 ns	      2844	80000b40	209a8b53	fsgnj.s	f22,f21,f9	 f21:0x23cb423e  f9:0x4f7fffff f22=0x23cb423e
      28475.000 ns	      2846	80000b44	ad725997	auipc	x19,0xad725	 x19=0x2d725b44
      28485.000 ns	      2847	80000b48	367e7393	andi	x7,x28,871	 x28:0x00000004  x7=0x00000004
      28505.000 ns	      2849	80000b4c	20450b53	fsgnj.s	f22,f10,f4	 f10:0x80000000  f4:0xba9bca2a f22=0x80000000
      28525.000 ns	      2851	80000b50	00d91a93	slli	x21,x18,0xd	 x18:0x00000000 x21=0x00000000
      28535.000 ns	      2852	80000b54	400287b3	sub	x15,x5,x0	  x5:0x80041024  x0:0x00000000 x15=0x80041024
      28545.000 ns	      2853	80000b58	01a607b3	add	x15,x12,x26	 x12:0xffc0060b x26:0x00006086 x15=0xffc06691
      28555.000 ns	      2854	80000b5c	009c1fb3	sll	x31,x24,x9	 x24:0x00000000  x9:0x00000000 x31=0x00000000
      28575.000 ns	      2856	80000b60	f0048bd3	fmv.w.x	f23,x9	  x9:0x00000000 f23=0x00000000
      28595.000 ns	      2858	80000b64	ddeceb93	ori	x23,x25,-546	 x25:0xff800000 x23=0xfffffdde
      28605.000 ns	      2859	80000b68	012c5413	srli	x8,x24,0x12	 x24:0x00000000  x8=0x00000000
      28625.000 ns	      2861	80000b6c	202e13d3	fsgnjn.s	f7,f28,f2	 f28:0x80000000  f2:0x244b423e  f7=0x80000000
      28655.000 ns	      2864	80000b70	2180a9d3	fsgnjx.s	f19,f1,f24	  f1:0x8f05a1a5 f24:0x40800000 f19=0x8f05a1a5
      28685.000 ns	      2867	80000b74	a066a0d3	feq.s	x1,f13,f6	 f13:0x23cb423e  f6:0x00000000  x1=0x00000000
      28715.000 ns	      2870	80000b78	023879b3	remu	x19,x16,x3	 x16:0x00000000  x3:0x00000000 x19=0x00000000
      28735.000 ns	      2872	80000b7c	86c4ca93	xori	x21,x9,-1940	  x9:0x00000000 x21=0xfffff86c
      28745.000 ns	      2873	80000b80	00614e33	xor	x28,x2,x6	  x2:0x00000000  x6:0x00000000 x28=0x00000000
      28775.000 ns	      2876	80000b84	5805f4d3	fsqrt.s	f9,f11	 f11:0x00000000  f9=0x00000000
      28805.000 ns	      2879	80000b88	20ac2e53	fsgnjx.s	f28,f24,f10	 f24:0x40800000 f10:0x80000000 f28=0xc0800000
      29915.000 ns	      2990	80000b8c	580707d3	fsqrt.s	f15,f14	 f14:0x40800000 f15=0x3fffffae
      29935.000 ns	      2992	80000b90	42fa26b7	lui	x13,0x42fa2	 x13=0x42fa2000
      29955.000 ns	      2994	80000b94	c00a1453	fcvt.w.s	x8,f20	 f20:0x40800000  x8=0x00000004
      29975.000 ns	      2996	80000b98	019dbe33	sltu	x28,x27,x25	 x27:0x00000001 x25:0xff800000 x28=0x00000001
      29985.000 ns	      2997	80000b9c	a3908b93	addi	x23,x1,-1479	  x1:0x00000000 x23=0xfffffa39
      29995.000 ns	      2998	80000ba0	e9ae6e13	ori	x28,x28,-358	 x28:0x00000000 x28=0xfffffe9b
      30035.000 ns	      3002	80000ba4	086276d3	fsub.s	f13,f4,f6	  f4:0xba9bca2a  f6:0x00000000 f13=0xba9bca2a
      30085.000 ns	      3007	80000ba8	09614b53	fsub.s	f22,f2,f22	  f2:0x244b423e f22:0x80000000 f22=0x244b423e
      30115.000 ns	      3010	80000bac	e00c9d53	fclass.s	x26,f25	 f25:0x80000000 x26=0x00000008
      30135.000 ns	      3012	80000bb0	0feb2413	slti	x8,x22,254	 x22:0xaaa84e4e  x8=0x00000001
      30155.000 ns	      3014	80000bb4	c0057dd3	fcvt.w.s	x27,f10	 f10:0x80000000 x27=0x00000000
      30175.000 ns	      3016	80000bb8	00000013	addi	x0,x0,0	  x0:0x00000000
      30195.000 ns	      3018	80000bbc	c0167853	fcvt.wu.s	x16,f12	 f12:0x23cb423e x16=0x00000000
      30225.000 ns	      3021	80000bc0	0244a433	mulhsu	x8,x9,x4	  x9:0x00000000  x4:0x0ffc0000  x8=0x00000000
      30595.000 ns	      3058	80000bc4	036bc9b3	div	x19,x23,x22	 x23:0xfffffa39 x22:0xaaa84e4e x19=0x00000000
      30625.000 ns	      3061	80000bc8	c0190d53	fcvt.wu.s	x26,f18	 f18:0x7fc00000 x26=0xffffffff
      30655.000 ns	      3064	80000bcc	a11293d3	flt.s	x7,f5,f17	  f5:0x00000000 f17:0x31214c58  x7=0x00000001
      30675.000 ns	      3066	80000bd0	010e1133	sll	x2,x28,x16	 x28:0xfffffe9b x16:0x00000000  x2=0xfffffe9b
      30685.000 ns	      3067	80000bd4	00908db3	add	x27,x1,x9	  x1:0x00000000  x9:0x00000000 x27=0x00000000
      30695.000 ns	      3068	80000bd8	41cd87b3	sub	x15,x27,x28	 x27:0x00000000 x28:0xfffffe9b x15=0x00000165
      30705.000 ns	      3069	80000bdc	01741593	slli	x11,x8,0x17	  x8:0x00000000 x11=0x00000000
      30715.000 ns	      3070	80000be0	016ea933	slt	x18,x29,x22	 x29:0x00000001 x22:0xaaa84e4e x18=0x00000000
      30735.000 ns	      3072	80000be4	e0089ed3	fclass.s	x29,f17	 f17:0x31214c58 x29=0x00000040
      30755.000 ns	      3074	80000be8	0178f0b3	and	x1,x17,x23	 x17:0x0000c10d x23:0xfffffa39  x1=0x0000c009
      30765.000 ns	      3075	80000bec	0128dc33	srl	x24,x17,x18	 x17:0x0000c10d x18:0x00000000 x24=0x0000c10d
      30775.000 ns	      3076	80000bf0	fbe3b193	sltiu	x3,x7,-66	  x7:0x00000001  x3=0x00000001
      30785.000 ns	      3077	80000bf4	c9ad3f93	sltiu	x31,x26,-870	 x26:0xffffffff x31=0x00000000
      30795.000 ns	      3078	80000bf8	00a59f13	slli	x30,x11,0xa	 x11:0x00000000 x30=0x00000000
      30805.000 ns	      3079	80000bfc	01f7d613	srli	x12,x15,0x1f	 x15:0x00000165 x12=0x00000000
      30815.000 ns	      3080	80000c00	00c71213	slli	x4,x14,0xc	 x14:0x80040fe4  x4=0x40fe4000
      31175.000 ns	      3116	80000c04	022050b3	divu	x1,x0,x2	  x0:0x00000000  x2:0xfffffe9b  x1=0x00000000
      31215.000 ns	      3120	80000c08	113ffed3	fmul.s	f29,f31,f19	 f31:0x00000000 f19:0x8f05a1a5 f29=0x80000000
      31245.000 ns	      3123	80000c0c	c014f153	fcvt.wu.s	x2,f9	  f9:0x00000000  x2=0x00000000
      31265.000 ns	      3125	80000c10	40ae86b3	sub	x13,x29,x10	 x29:0x00000040 x10:0x00000004 x13=0x0000003c
      31285.000 ns	      3127	80000c14	a15ea353	feq.s	x6,f29,f21	 f29:0x80000000 f21:0x23cb423e  x6=0x00000000
      31315.000 ns	      3130	80000c18	2158ad53	fsgnjx.s	f26,f17,f21	 f17:0x31214c58 f21:0x23cb423e f26=0x31214c58
      31345.000 ns	      3133	80000c1c	20341f53	fsgnjn.s	f30,f8,f3	  f8:0x80000000  f3:0xfffffc99 f30=0x00000000
      31375.000 ns	      3136	80000c20	28a383d3	fmin.s	f7,f7,f10	  f7:0x80000000 f10:0x80000000  f7=0x80000000
      31405.000 ns	      3139	80000c24	02bf8cb3	mul	x25,x31,x11	 x31:0x00000000 x11:0x00000000 x25=0x00000000
      31455.000 ns	      3144	80000c28	08897fd3	fsub.s	f31,f18,f8	 f18:0x7fc00000  f8:0x80000000 f31=0x7fc00000
      31485.000 ns	      3147	80000c2c	032a68b3	rem	x17,x20,x18	 x20:0x00000000 x18:0x00000000 x17=0x00000000
      31505.000 ns	      3149	80000c30	00d74133	xor	x2,x14,x13	 x14:0x80040fe4 x13:0x0000003c  x2=0x80040fd8
      31525.000 ns	      3151	80000c34	e00196d3	fclass.s	x13,f3	  f3:0xfffffc99 x13=0x00000200
      31865.000 ns	      3185	80000c38	18edf8d3	fdiv.s	f17,f27,f14	 f27:0xc0000000 f14:0x40800000 f17=0xbe96ce94
      31885.000 ns	      3187	80000c3c	00ef6433	or	x8,x30,x14	 x30:0x00000000 x14:0x80040fe4  x8=0x80040fe4
      31895.000 ns	      3188	80000c40	7801a793	slti	x15,x3,1920	  x3:0x00000001 x15=0x00000001
      31925.000 ns	      3191	80000c44	1149aa53	fmul.s	f20,f19,f20	 f19:0x8f05a1a5 f20:0x40800000 f20=0x9005a1a6
      31945.000 ns	      3193	80000c48	00a77333	and	x6,x14,x10	 x14:0x80040fe4 x10:0x00000004  x6=0x00000004
      31955.000 ns	      3194	80000c4c	01227fb3	and	x31,x4,x18	  x4:0x40fe4000 x18:0x00000000 x31=0x00000000
      32285.000 ns	      3227	80000c50	19bd1b53	fdiv.s	f22,f26,f27	 f26:0x31214c58 f27:0xc0000000 f22=0xb046cfbe
      32655.000 ns	      3264	80000c54	03d36633	rem	x12,x6,x29	  x6:0x00000004 x29:0x00000040 x12=0x00000004
      32685.000 ns	      3267	80000c58	219808d3	fsgnj.s	f17,f16,f25	 f16:0x7fc00000 f25:0x80000000 f17=0xffc00000
      32705.000 ns	      3269	80000c5c	5b36f517	auipc	x10,0x5b36f	 x10=0xdb36fc5c
      32745.000 ns	      3273	80000c60	00d609d3	fadd.s	f19,f12,f13	 f12:0x23cb423e f13:0xba9bca2a f19=0xba9bca2a
      32765.000 ns	      3275	80000c64	00b71d13	slli	x26,x14,0xb	 x14:0x80040fe4 x26=0x207f2000
      32775.000 ns	      3276	80000c68	2e9fcf93	xori	x31,x31,745	 x31:0x00000000 x31=0x000002e9
      32795.000 ns	      3278	80000c6c	038b25b3	mulhsu	x11,x22,x24	 x22:0xaaa84e4e x24:0x0000c10d x11=0xffffbfa4
      32815.000 ns	      3280	80000c70	00f69393	slli	x7,x13,0xf	 x13:0x00000200  x7=0x01000000
      32825.000 ns	      3281	80000c74	006581b3	add	x3,x11,x6	 x11:0xffffbfa4  x6:0x00000004  x3=0xffffbfa8
      32845.000 ns	      3283	80000c78	202f1f53	fsgnjn.s	f30,f30,f2	 f30:0x00000000  f2:0x244b423e f30=0x80000000
      32875.000 ns	      3286	80000c7c	d01f74d3	fcvt.s.wu	f9,x30	 x30:0x00000000  f9=0x00000000
      32905.000 ns	      3289	80000c80	2010a6d3	fsgnjx.s	f13,f1,f1	  f1:0x8f05a1a5  f1:0x8f05a1a5 f13=0x0f05a1a5
      32925.000 ns	      3291	80000c84	00987c33	and	x24,x16,x9	 x16:0x00000000  x9:0x00000000 x24=0x00000000
      32935.000 ns	      3292	80000c88	015031b3	sltu	x3,x0,x21	  x0:0x00000000 x21:0xfffff86c  x3=0x00000001
      32965.000 ns	      3295	80000c8c	182835d3	fdiv.s	f11,f16,f2	 f16:0x7fc00000  f2:0x244b423e f11=0x7fc00000
      32995.000 ns	      3298	80000c90	28721153	fmax.s	f2,f4,f7	  f4:0xba9bca2a  f7:0x80000000  f2=0x80000000
      33025.000 ns	      3301	80000c94	d01f0753	fcvt.s.wu	f14,x30	 x30:0x00000000 f14=0x00000000
      33055.000 ns	      3304	80000c98	28c91d53	fmax.s	f26,f18,f12	 f18:0x7fc00000 f12:0x23cb423e f26=0x23cb423e
      33085.000 ns	      3307	80000c9c	f00f8bd3	fmv.w.x	f23,x31	 x31:0x000002e9 f23=0x000002e9
      33115.000 ns	      3310	80000ca0	2027aad3	fsgnjx.s	f21,f15,f2	 f15:0x3fffffae  f2:0x80000000 f21=0xbfffffae
      33145.000 ns	      3313	80000ca4	0202f033	remu	x0,x5,x0	  x5:0x80041024  x0:0x00000000
      33175.000 ns	      3316	80000ca8	f00984d3	fmv.w.x	f9,x19	 x19:0x00000000  f9=0x00000000
      33195.000 ns	      3318	80000cac	0001d693	srli	x13,x3,0x0	  x3:0x00000001 x13=0x00000001
      33205.000 ns	      3319	80000cb0	019e4cb3	xor	x25,x28,x25	 x28:0xfffffe9b x25:0x00000000 x25=0xfffffe9b
      33215.000 ns	      3320	80000cb4	89f39317	auipc	x6,0x89f39	  x6=0x09f39cb4
      33235.000 ns	      3322	80000cb8	02b4ad33	mulhsu	x26,x9,x11	  x9:0x00000000 x11:0xffffbfa4 x26=0x00000000
      33265.000 ns	      3325	80000cbc	a0e3a4d3	feq.s	x9,f7,f14	  f7:0x80000000 f14:0x00000000  x9=0x00000001
      33285.000 ns	      3327	80000cc0	006676b3	and	x13,x12,x6	 x12:0x00000004  x6:0x09f39cb4 x13=0x00000004
      33295.000 ns	      3328	80000cc4	474e5e97	auipc	x29,0x474e5	 x29=0xc74e5cc4
      33335.000 ns	      3332	80000cc8	00bcf2d3	fadd.s	f5,f25,f11	 f25:0x80000000 f11:0x7fc00000  f5=0x7fc00000
      33365.000 ns	      3335	80000ccc	29430753	fmin.s	f14,f6,f20	  f6:0x00000000 f20:0x9005a1a6 f14=0x9005a1a6
      33395.000 ns	      3338	80000cd0	f00a8e53	fmv.w.x	f28,x21	 x21:0xfffff86c f28=0xfffff86c
      33425.000 ns	      3341	80000cd4	02aba133	mulhsu	x2,x23,x10	 x23:0xfffffa39 x10:0xdb36fc5c  x2=0xfffffb0d
      33795.000 ns	      3378	80000cd8	02b8fe33	remu	x28,x17,x11	 x17:0x00000000 x11:0xffffbfa4 x28=0x00000000
      33815.000 ns	      3380	80000cdc	00e8edb3	or	x27,x17,x14	 x17:0x00000000 x14:0x80040fe4 x27=0x80040fe4
      33825.000 ns	      3381	80000ce0	000e1213	slli	x4,x28,0x0	 x28:0x00000000  x4=0x00000000
      33845.000 ns	      3383	80000ce4	29280153	fmin.s	f2,f16,f18	 f16:0x7fc00000 f18:0x7fc00000  f2=0x7fc00000
      33885.000 ns	      3387	80000ce8	11ec4f53	fmul.s	f30,f24,f30	 f24:0x40800000 f30:0x80000000 f30=0x80000000
      33915.000 ns	      3390	80000cec	e00799d3	fclass.s	x19,f15	 f15:0x3fffffae x19=0x00000040
      33945.000 ns	      3393	80000cf0	e00704d3	fmv.x.w	x9,f14	 f14:0x9005a1a6  x9=0x9005a1a6
      33965.000 ns	      3395	80000cf4	402bda33	sra	x20,x23,x2	 x23:0xfffffa39  x2:0xfffffb0d x20=0xffffffff
      33985.000 ns	      3397	80000cf8	213e18d3	fsgnjn.s	f17,f28,f19	 f28:0xfffff86c f19:0xba9bca2a f17=0x7ffff86c
      34355.000 ns	      3434	80000cfc	03924833	div	x16,x4,x25	  x4:0x00000000 x25:0xfffffe9b x16=0x00000000
      34375.000 ns	      3436	80000d00	1add5a37	lui	x20,0x1add5	 x20=0x1add5000
      34385.000 ns	      3437	80000d04	00119593	slli	x11,x3,0x1	  x3:0x00000001 x11=0x00000002
      34395.000 ns	      3438	80000d08	8e82b093	sltiu	x1,x5,-1816	  x5:0x80041024  x1=0x00000001
      34415.000 ns	      3440	80000d0c	a0caabd3	feq.s	x23,f21,f12	 f21:0xbfffffae f12:0x23cb423e x23=0x00000000
      34435.000 ns	      3442	80000d10	32200213	addi	x4,x0,802	  x0:0x00000000  x4=0x00000322
      34455.000 ns	      3444	80000d14	d0069753	fcvt.s.w	f14,x13	 x13:0x00000004 f14=0x40800000
      34475.000 ns	      3446	80000d18	41eb8e33	sub	x28,x23,x30	 x23:0x00000000 x30:0x00000000 x28=0x00000000
      34495.000 ns	      3448	80000d1c	c0147553	fcvt.wu.s	x10,f8	  f8:0x80000000 x10=0x00000000
      34515.000 ns	      3450	80000d20	40215fb3	sra	x31,x2,x2	  x2:0xfffffb0d  x2:0xfffffb0d x31=0xffffffff
      34525.000 ns	      3451	80000d24	45f26813	ori	x16,x4,1119	  x4:0x00000322 x16=0x0000077f
      34545.000 ns	      3453	80000d28	202b1353	fsgnjn.s	f6,f22,f2	 f22:0xb046cfbe  f2:0x7fc00000  f6=0xb046cfbe
      34585.000 ns	      3457	80000d2c	11022e53	fmul.s	f28,f4,f16	  f4:0xba9bca2a f16:0x7fc00000 f28=0x7fc00000
      34615.000 ns	      3460	80000d30	e00486d3	fmv.x.w	x13,f9	  f9:0x00000000 x13=0x00000000
      34645.000 ns	      3463	80000d34	0280bdb3	mulhu	x27,x1,x8	  x1:0x00000001  x8:0x80040fe4 x27=0x00000000
      34665.000 ns	      3465	80000d38	af2fae97	auipc	x29,0xaf2fa	 x29=0x2f2fad38
      34675.000 ns	      3466	80000d3c	008108b3	add	x17,x2,x8	  x2:0xfffffb0d  x8:0x80040fe4 x17=0x80040af1
      34695.000 ns	      3468	80000d40	d009fe53	fcvt.s.w	f28,x19	 x19:0x00000040 f28=0x42800000
      34715.000 ns	      3470	80000d44	7b604e13	xori	x28,x0,1974	  x0:0x00000000 x28=0x000007b6
      34725.000 ns	      3471	80000d48	b92f6217	auipc	x4,0xb92f6	  x4=0x392f6d48
      34735.000 ns	      3472	80000d4c	5ecfc493	xori	x9,x31,1516	 x31:0xffffffff  x9=0xfffffa13
      34745.000 ns	      3473	80000d50	c5a1b013	sltiu	x0,x3,-934	  x3:0x00000001
      34755.000 ns	      3474	80000d54	c7774a13	xori	x20,x14,-905	 x14:0x80040fe4 x20=0x7ffbf393
      34785.000 ns	      3477	80000d58	580b77d3	fsqrt.s	f15,f22	 f22:0xb046cfbe f15=0x7fc00000
      34805.000 ns	      3479	80000d5c	01838233	add	x4,x7,x24	  x7:0x01000000 x24:0x00000000  x4=0x01000000
      34825.000 ns	      3481	80000d60	e00e1153	fclass.s	x2,f28	 f28:0x42800000  x2=0x00000040
      34845.000 ns	      3483	80000d64	41428eb3	sub	x29,x5,x20	  x5:0x80041024 x20:0x7ffbf393 x29=0x00081c91
      35205.000 ns	      3519	80000d68	035c71b3	remu	x3,x24,x21	 x24:0x00000000 x21:0xfffff86c  x3=0x00000000
      35235.000 ns	      3522	80000d6c	a0b7ae53	feq.s	x28,f15,f11	 f15:0x7fc00000 f11:0x7fc00000 x28=0x00000000
      35265.000 ns	      3525	80000d70	a09faf53	feq.s	x30,f31,f9	 f31:0x7fc00000  f9:0x00000000 x30=0x00000000
      35295.000 ns	      3528	80000d74	02c529b3	mulhsu	x19,x10,x12	 x10:0x00000000 x12:0x00000004 x19=0x00000000
      35665.000 ns	      3565	80000d78	025a49b3	div	x19,x20,x5	 x20:0x7ffbf393  x5:0x80041024 x19=0xffffffff
      35695.000 ns	      3568	80000d7c	214d1f53	fsgnjn.s	f30,f26,f20	 f26:0x23cb423e f20:0x9005a1a6 f30=0x23cb423e
      35715.000 ns	      3570	80000d80	00045b93	srli	x23,x8,0x0	  x8:0x80040fe4 x23=0x80040fe4
      35725.000 ns	      3571	80000d84	6de20937	lui	x18,0x6de20	 x18=0x6de20000
      35765.000 ns	      3575	80000d88	08648953	fsub.s	f18,f9,f6	  f9:0x00000000  f6:0xb046cfbe f18=0x3046cfbe
      36135.000 ns	      3612	80000d8c	032feeb3	rem	x29,x31,x18	 x31:0xffffffff x18:0x00000000 x29=0xffffffff
      36155.000 ns	      3614	80000d90	01af48b3	xor	x17,x30,x26	 x30:0x00000000 x26:0x00000000 x17=0x00000000
      36165.000 ns	      3615	80000d94	01ee1bb3	sll	x23,x28,x30	 x28:0x00000000 x30:0x00000000 x23=0x00000000
      36495.000 ns	      3648	80000d98	19eac3d3	fdiv.s	f7,f21,f30	 f21:0xbfffffae f30:0x23cb423e  f7=0xdbb4b47c
      36525.000 ns	      3651	80000d9c	03bb7333	remu	x6,x22,x27	 x22:0xaaa84e4e x27:0x00000000  x6=0xaaa84e4e
      36555.000 ns	      3654	80000da0	29668f53	fmin.s	f30,f13,f22	 f13:0x0f05a1a5 f22:0xb046cfbe f30=0xb046cfbe
      36575.000 ns	      3656	80000da4	74cb0093	addi	x1,x22,1868	 x22:0xaaa84e4e  x1=0xaaa8559a
      36595.000 ns	      3658	80000da8	03b8e3b3	rem	x7,x17,x27	 x17:0x00000000 x27:0x00000000  x7=0x00000000
      36615.000 ns	      3660	80000dac	417a5c13	srai	x24,x20,0x17	 x20:0x7ffbf393 x24=0x000000ff
      36625.000 ns	      3661	80000db0	01930a33	add	x20,x6,x25	  x6:0xaaa84e4e x25:0xfffffe9b x20=0xaaa84ce9
      36635.000 ns	      3662	80000db4	414a5993	srai	x19,x20,0x14	 x20:0x7ffbf393 x19=0xfffffaaa
      36645.000 ns	      3663	80000db8	609df4b7	lui	x9,0x609df	  x9=0x609df000
      36655.000 ns	      3664	80000dbc	01dc38b3	sltu	x17,x24,x29	 x24:0x000000ff x29:0xffffffff x17=0x00000001
      36665.000 ns	      3665	80000dc0	00595113	srli	x2,x18,0x5	 x18:0x6de20000  x2=0x036f1000
      36685.000 ns	      3667	80000dc4	20851e53	fsgnjn.s	f28,f10,f8	 f10:0x80000000  f8:0x80000000 f28=0x00000000
      36705.000 ns	      3669	80000dc8	00e85e93	srli	x29,x16,0xe	 x16:0x0000077f x29=0x00000000
      37065.000 ns	      3705	80000dcc	03434e33	div	x28,x6,x20	  x6:0xaaa84e4e x20:0xaaa84ce9 x28=0x00000000
      37435.000 ns	      3742	80000dd0	03174533	div	x10,x14,x17	 x14:0x80040fe4 x17:0x00000001 x10=0x80040fe4
      37455.000 ns	      3744	80000dd4	00000013	addi	x0,x0,0	  x0:0x00000000
      37465.000 ns	      3745	80000dd8	fd3ef4b7	lui	x9,0xfd3ef	  x9=0xfd3ef000
      37475.000 ns	      3746	80000ddc	00cb55b3	srl	x11,x22,x12	 x22:0xaaa84e4e x12:0x00000004 x11=0x0aaa84e4
      37495.000 ns	      3748	80000de0	e00b1f53	fclass.s	x30,f22	 f22:0xb046cfbe x30=0x00000002
      37525.000 ns	      3751	80000de4	d00ef453	fcvt.s.w	f8,x29	 x29:0x00000000  f8=0x00000000
      37555.000 ns	      3754	80000de8	a1028353	fle.s	x6,f5,f16	  f5:0x7fc00000 f16:0x7fc00000  x6=0x00000000
      37585.000 ns	      3757	80000dec	213c0ad3	fsgnj.s	f21,f24,f19	 f24:0x40800000 f19:0xba9bca2a f21=0xc0800000
      37615.000 ns	      3760	80000df0	a1862953	feq.s	x18,f12,f24	 f12:0x23cb423e f24:0x40800000 x18=0x00000000
      37635.000 ns	      3762	80000df4	01cf2433	slt	x8,x30,x28	 x30:0x00000002 x28:0x00000000  x8=0x00000000
      37675.000 ns	      3766	80000df8	08b4f9d3	fsub.s	f19,f9,f11	  f9:0x00000000 f11:0x7fc00000 f19=0x7fc00000
      37695.000 ns	      3768	80000dfc	002ad933	srl	x18,x21,x2	 x21:0xfffff86c  x2:0x036f1000 x18=0xfffff86c
      38055.000 ns	      3804	80000e00	0398fe33	remu	x28,x17,x25	 x17:0x00000001 x25:0xfffffe9b x28=0x00000001
      38075.000 ns	      3806	80000e04	00239993	slli	x19,x7,0x2	  x7:0x00000000 x19=0x00000000
      38085.000 ns	      3807	80000e08	404e8a33	sub	x20,x29,x4	 x29:0x00000000  x4:0x01000000 x20=0xff000000
      38095.000 ns	      3808	80000e0c	7afbe393	ori	x7,x23,1967	 x23:0x00000000  x7=0x000007af
      38105.000 ns	      3809	80000e10	40e25013	srai	x0,x4,0xe	  x4:0x01000000
      38115.000 ns	      3810	80000e14	4165da93	srai	x21,x11,0x16	 x11:0x0aaa84e4 x21=0x0000002a
      38125.000 ns	      3811	80000e18	015ae5b3	or	x11,x21,x21	 x21:0xfffff86c x21:0xfffff86c x11=0x0000002a
      38145.000 ns	      3813	80000e1c	02b71e33	mulh	x28,x14,x11	 x14:0x80040fe4 x11:0x0aaa84e4 x28=0xffffffeb
      38165.000 ns	      3815	80000e20	41fd0533	sub	x10,x26,x31	 x26:0x00000000 x31:0xffffffff x10=0x00000001
      38175.000 ns	      3816	80000e24	28528013	addi	x0,x5,645	  x5:0x80041024
      38195.000 ns	      3818	80000e28	02a90d33	mul	x26,x18,x10	 x18:0xfffff86c x10:0x80040fe4 x26=0xfffff86c
      38215.000 ns	      3820	80000e2c	410bdcb3	sra	x25,x23,x16	 x23:0x00000000 x16:0x0000077f x25=0x00000000
      38235.000 ns	      3822	80000e30	02001d33	mulh	x26,x0,x0	  x0:0x00000000  x0:0x00000000 x26=0x00000000
      38255.000 ns	      3824	80000e34	006d76b3	and	x13,x26,x6	 x26:0xfffff86c  x6:0x00000000 x13=0x00000000
      38265.000 ns	      3825	80000e38	00b88fb3	add	x31,x17,x11	 x17:0x00000001 x11:0x0000002a x31=0x0000002b
      38285.000 ns	      3827	80000e3c	a01893d3	flt.s	x7,f17,f1	 f17:0x7ffff86c  f1:0x8f05a1a5  x7=0x00000000
      38305.000 ns	      3829	80000e40	4125d033	sra	x0,x11,x18	 x11:0x0000002a x18:0xfffff86c
      38325.000 ns	      3831	80000e44	a0651053	flt.s	x0,f10,f6	 f10:0x80000000  f6:0xb046cfbe
      38345.000 ns	      3833	80000e48	01e1b5b3	sltu	x11,x3,x30	  x3:0x00000000 x30:0x00000002 x11=0x00000001
      38365.000 ns	      3835	80000e4c	29a496d3	fmax.s	f13,f9,f26	  f9:0x00000000 f26:0x23cb423e f13=0x23cb423e
      38385.000 ns	      3837	80000e50	00fc8e33	add	x28,x25,x15	 x25:0x00000000 x15:0x00000001 x28=0x00000001
      38405.000 ns	      3839	80000e54	03ba6eb3	rem	x29,x20,x27	 x20:0xff000000 x27:0x00000000 x29=0xff000000
      38425.000 ns	      3841	80000e58	013e4cb3	xor	x25,x28,x19	 x28:0xffffffeb x19:0x00000000 x25=0x00000001
      38435.000 ns	      3842	80000e5c	00000013	addi	x0,x0,0	  x0:0x00000000
      38445.000 ns	      3843	80000e60	b0882893	slti	x17,x16,-1272	 x16:0x0000077f x17=0x00000000
      38465.000 ns	      3845	80000e64	d0153ed3	fcvt.s.wu	f29,x10	 x10:0x00000001 f29=0x3f800000
      38495.000 ns	      3848	80000e68	215384d3	fsgnj.s	f9,f7,f21	  f7:0xdbb4b47c f21:0xc0800000  f9=0xdbb4b47c
      38525.000 ns	      3851	80000e6c	216b9b53	fsgnjn.s	f22,f23,f22	 f23:0x000002e9 f22:0xb046cfbe f22=0x000002e9
      38545.000 ns	      3853	80000e70	015bdc13	srli	x24,x23,0x15	 x23:0x00000000 x24=0x00000000
      38555.000 ns	      3854	80000e74	40355533	sra	x10,x10,x3	 x10:0x00000001  x3:0x00000000 x10=0x00000001
      38565.000 ns	      3855	80000e78	44bae513	ori	x10,x21,1099	 x21:0x0000002a x10=0x0000046b
      38575.000 ns	      3856	80000e7c	4c56a393	slti	x7,x13,1221	 x13:0x00000000  x7=0x00000001
      38585.000 ns	      3857	80000e80	00c4bdb3	sltu	x27,x9,x12	  x9:0xfd3ef000 x12:0x00000004 x27=0x00000000
      38615.000 ns	      3860	80000e84	108609d3	fmul.s	f19,f12,f8	 f12:0x23cb423e  f8:0x00000000 f19=0x00000000
      38645.000 ns	      3863	80000e88	29ec1a53	fmax.s	f20,f24,f30	 f24:0x40800000 f30:0xb046cfbe f20=0x40800000
      38665.000 ns	      3865	80000e8c	4019f537	lui	x10,0x4019f	 x10=0x4019f000
      38705.000 ns	      3869	80000e90	093b2953	fsub.s	f18,f22,f19	 f22:0x000002e9 f19:0x00000000 f18=0x000002e9
      38725.000 ns	      3871	80000e94	40b50833	sub	x16,x10,x11	 x10:0x0000046b x11:0x00000001 x16=0x4019efff
      38745.000 ns	      3873	80000e98	28c08553	fmin.s	f10,f1,f12	  f1:0x8f05a1a5 f12:0x23cb423e f10=0x8f05a1a5
      38775.000 ns	      3876	80000e9c	29948253	fmin.s	f4,f9,f25	  f9:0xdbb4b47c f25:0x80000000  f4=0xdbb4b47c
      38805.000 ns	      3879	80000ea0	20cca5d3	fsgnjx.s	f11,f25,f12	 f25:0x80000000 f12:0x23cb423e f11=0x80000000
      38825.000 ns	      3881	80000ea4	00948d33	add	x26,x9,x9	  x9:0xfd3ef000  x9:0xfd3ef000 x26=0xfa7de000
      38835.000 ns	      3882	80000ea8	1050ec93	ori	x25,x1,261	  x1:0xaaa8559a x25=0xaaa8559f
      38865.000 ns	      3885	80000eac	11e7ced3	fmul.s	f29,f15,f30	 f15:0x7fc00000 f30:0xb046cfbe f29=0x7fc00000
      40045.000 ns	      4003	80000eb0	580c7553	fsqrt.s	f10,f24	 f24:0x40800000 f10=0x3fffffae
      40075.000 ns	      4006	80000eb4	a0f28bd3	fle.s	x23,f5,f15	  f5:0x7fc00000 f15:0x7fc00000 x23=0x00000000
      40105.000 ns	      4009	80000eb8	a1069453	flt.s	x8,f13,f16	 f13:0x23cb423e f16:0x7fc00000  x8=0x00000000
      40135.000 ns	      4012	80000ebc	02daec33	rem	x24,x21,x13	 x21:0x0000002a x13:0x00000000 x24=0x0000002a
      40165.000 ns	      4015	80000ec0	29431c53	fmax.s	f24,f6,f20	  f6:0xb046cfbe f20:0x40800000 f24=0x40800000
      40185.000 ns	      4017	80000ec4	8a567313	andi	x6,x12,-1883	 x12:0x00000004  x6=0x00000004
      40195.000 ns	      4018	80000ec8	013ad997	auipc	x19,0x13ad	 x19=0x813adec8
      40205.000 ns	      4019	80000ecc	01e81bb3	sll	x23,x16,x30	 x16:0x4019efff x30:0x00000002 x23=0x0067bffc
      40215.000 ns	      4020	80000ed0	00d53633	sltu	x12,x10,x13	 x10:0x4019f000 x13:0x00000000 x12=0x00000000
      40235.000 ns	      4022	80000ed4	a0559353	flt.s	x6,f11,f5	 f11:0x80000000  f5:0x7fc00000  x6=0x00000000
      40255.000 ns	      4024	80000ed8	27decb93	xori	x23,x29,637	 x29:0xff000000 x23=0xff00027d
      40265.000 ns	      4025	80000edc	016fb0b3	sltu	x1,x31,x22	 x31:0x0000002b x22:0xaaa84e4e  x1=0x00000001
      40275.000 ns	      4026	80000ee0	7a810093	addi	x1,x2,1960	  x2:0x036f1000  x1=0x036f17a8
      40635.000 ns	      4062	80000ee4	02ace7b3	rem	x15,x25,x10	 x25:0xaaa8559f x10:0x4019f000 x15=0xeac2459f
      40655.000 ns	      4064	80000ee8	00226bb3	or	x23,x4,x2	  x4:0x01000000  x2:0x036f1000 x23=0x036f1000
      40665.000 ns	      4065	80000eec	003d33b3	sltu	x7,x26,x3	 x26:0xfa7de000  x3:0x00000000  x7=0x00000000
      40675.000 ns	      4066	80000ef0	01b1e6b3	or	x13,x3,x27	  x3:0x00000000 x27:0x00000000 x13=0x00000000
      40695.000 ns	      4068	80000ef4	28e712d3	fmax.s	f5,f14,f14	 f14:0x40800000 f14:0x40800000  f5=0x40800000
      40725.000 ns	      4071	80000ef8	e00399d3	fclass.s	x19,f7	  f7:0xdbb4b47c x19=0x00000002
      40755.000 ns	      4074	80000efc	296f8353	fmin.s	f6,f31,f22	 f31:0x7fc00000 f22:0x000002e9  f6=0x000002e9
      40785.000 ns	      4077	80000f00	281892d3	fmax.s	f5,f17,f1	 f17:0x7ffff86c  f1:0x8f05a1a5  f5=0x8f05a1a5
      40835.000 ns	      4082	80000f04	097570d3	fsub.s	f1,f10,f23	 f10:0x3fffffae f23:0x000002e9  f1=0x3fffffae
      40875.000 ns	      4086	80000f08	18283fd3	fdiv.s	f31,f16,f2	 f16:0x7fc00000  f2:0x7fc00000 f31=0x7fc00000
      40895.000 ns	      4088	80000f0c	1790e393	ori	x7,x1,377	  x1:0x036f17a8  x7=0x036f17f9
      41255.000 ns	      4124	80000f10	032249b3	div	x19,x4,x18	  x4:0x01000000 x18:0xfffff86c x19=0xffffde38
      41285.000 ns	      4127	80000f14	20ef8f53	fsgnj.s	f30,f31,f14	 f31:0x7fc00000 f14:0x40800000 f30=0x7fc00000
      41315.000 ns	      4130	80000f18	035391b3	mulh	x3,x7,x21	  x7:0x036f17f9 x21:0x0000002a  x3=0x00000000
      41345.000 ns	      4133	80000f1c	c001fe53	fcvt.w.s	x28,f3	  f3:0xfffffc99 x28=0x7fffffff
      41375.000 ns	      4136	80000f20	03fe8333	mul	x6,x29,x31	 x29:0xff000000 x31:0x0000002b  x6=0xd5000000
      41405.000 ns	      4139	80000f24	e00b0a53	fmv.x.w	x20,f22	 f22:0x000002e9 x20=0x000002e9
      41775.000 ns	      4176	80000f28	02bad0b3	divu	x1,x21,x11	 x21:0x0000002a x11:0x00000001  x1=0x0000002a
      41795.000 ns	      4178	80000f2c	d124a513	slti	x10,x9,-750	  x9:0xfd3ef000 x10=0x00000001
      41815.000 ns	      4180	80000f30	d0137bd3	fcvt.s.wu	f23,x6	  x6:0xd5000000 f23=0x4f550000
      41835.000 ns	      4182	80000f34	0064b133	sltu	x2,x9,x6	  x9:0xfd3ef000  x6:0xd5000000  x2=0x00000000
      41855.000 ns	      4184	80000f38	a17399d3	flt.s	x19,f7,f23	  f7:0xdbb4b47c f23:0x4f550000 x19=0x00000001
      41875.000 ns	      4186	80000f3c	01097db3	and	x27,x18,x16	 x18:0xfffff86c x16:0x4019efff x27=0x4019e86c
      41885.000 ns	      4187	80000f40	5ab28413	addi	x8,x5,1451	  x5:0x80041024  x8=0x800415cf
      41905.000 ns	      4189	80000f44	e00a01d3	fmv.x.w	x3,f20	 f20:0x40800000  x3=0x40800000
      41925.000 ns	      4191	80000f48	37d5ee13	ori	x28,x11,893	 x11:0x00000001 x28=0x0000037d
      41945.000 ns	      4193	80000f4c	c00dfbd3	fcvt.w.s	x23,f27	 f27:0xc0000000 x23=0x00000002
      41975.000 ns	      4196	80000f50	d01e1353	fcvt.s.wu	f6,x28	 x28:0x7fffffff  f6=0x445f4000
      41995.000 ns	      4198	80000f54	01a6d9b3	srl	x19,x13,x26	 x13:0x00000000 x26:0xfa7de000 x19=0x00000000
      42005.000 ns	      4199	80000f58	002a3833	sltu	x16,x20,x2	 x20:0x000002e9  x2:0x00000000 x16=0x00000000
      42025.000 ns	      4201	80000f5c	d010f9d3	fcvt.s.wu	f19,x1	  x1:0x0000002a f19=0x42280000
      42055.000 ns	      4204	80000f60	28ce99d3	fmax.s	f19,f29,f12	 f29:0x7fc00000 f12:0x23cb423e f19=0x23cb423e
      42095.000 ns	      4208	80000f64	10db7f53	fmul.s	f30,f22,f13	 f22:0x000002e9 f13:0x23cb423e f30=0x00000001
      42115.000 ns	      4210	80000f68	403c5633	sra	x12,x24,x3	 x24:0x0000002a  x3:0x40800000 x12=0x0000002a
      42135.000 ns	      4212	80000f6c	02320f33	mul	x30,x4,x3	  x4:0x01000000  x3:0x40800000 x30=0x00000000
      42155.000 ns	      4214	80000f70	40545fb3	sra	x31,x8,x5	  x8:0x800415cf  x5:0x80041024 x31=0xf800415c
      42165.000 ns	      4215	80000f74	3a160813	addi	x16,x12,929	 x12:0x0000002a x16=0x000003cb
      42175.000 ns	      4216	80000f78	010ef0b3	and	x1,x29,x16	 x29:0xff000000 x16:0x00000000  x1=0x00000000
      42535.000 ns	      4252	80000f7c	03a17533	remu	x10,x2,x26	  x2:0x00000000 x26:0xfa7de000 x10=0x00000000
      42905.000 ns	      4289	80000f80	02e75eb3	divu	x29,x14,x14	 x14:0x80040fe4 x14:0x80040fe4 x29=0x00000001
      42925.000 ns	      4291	80000f84	01e3c5b3	xor	x11,x7,x30	  x7:0x036f17f9 x30:0x00000000 x11=0x036f17f9
      42935.000 ns	      4292	80000f88	c1072313	slti	x6,x14,-1008	 x14:0x80040fe4  x6=0x00000001
      43295.000 ns	      4328	80000f8c	027ed533	divu	x10,x29,x7	 x29:0x00000001  x7:0x036f17f9 x10=0x00000000
      43315.000 ns	      4330	80000f90	6506fd97	auipc	x27,0x6506f	 x27=0xe506ff90
      43325.000 ns	      4331	80000f94	00bcabb3	slt	x23,x25,x11	 x25:0xaaa8559f x11:0x036f17f9 x23=0x00000001
      43345.000 ns	      4333	80000f98	02763533	mulhu	x10,x12,x7	 x12:0x0000002a  x7:0x036f17f9 x10=0x00000000
      43365.000 ns	      4335	80000f9c	80a16193	ori	x3,x2,-2038	  x2:0x00000000  x3=0xfffff80a
      43375.000 ns	      4336	80000fa0	007af633	and	x12,x21,x7	 x21:0x0000002a  x7:0x036f17f9 x12=0x00000028
      43385.000 ns	      4337	80000fa4	01c75093	srli	x1,x14,0x1c	 x14:0x80040fe4  x1=0x00000008
      43405.000 ns	      4339	80000fa8	02b22a33	mulhsu	x20,x4,x11	  x4:0x01000000 x11:0x036f17f9 x20=0x00036f17
      43425.000 ns	      4341	80000fac	4027d233	sra	x4,x15,x2	 x15:0xeac2459f  x2:0x00000000  x4=0xeac2459f
      43435.000 ns	      4342	80000fb0	0114c6b3	xor	x13,x9,x17	  x9:0xfd3ef000 x17:0x00000000 x13=0xfd3ef000
      43455.000 ns	      4344	80000fb4	032fafb3	mulhsu	x31,x31,x18	 x31:0xf800415c x18:0xfffff86c x31=0xf8004198
      43475.000 ns	      4346	80000fb8	40c9ddb3	sra	x27,x19,x12	 x19:0x00000000 x12:0x00000028 x27=0x00000000
      43485.000 ns	      4347	80000fbc	016adeb3	srl	x29,x21,x22	 x21:0x0000002a x22:0xaaa84e4e x29=0x00000000
      43505.000 ns	      4349	80000fc0	a15f0c53	fle.s	x24,f30,f21	 f30:0x00000001 f21:0xc0800000 x24=0x00000000
      43535.000 ns	      4352	80000fc4	d0182753	fcvt.s.wu	f14,x16	 x16:0x000003cb f14=0x4472c000
      43585.000 ns	      4357	80000fc8	016d72d3	fadd.s	f5,f26,f22	 f26:0x23cb423e f22:0x000002e9  f5=0x23cb423e
      43615.000 ns	      4360	80000fcc	0204f0b3	remu	x1,x9,x0	  x9:0xfd3ef000  x0:0x00000000  x1=0xfd3ef000
      43645.000 ns	      4363	80000fd0	03431e33	mulh	x28,x6,x20	  x6:0x00000001 x20:0x00036f17 x28=0x00000000
      43675.000 ns	      4366	80000fd4	c00678d3	fcvt.w.s	x17,f12	 f12:0x23cb423e x17=0x00000000
      43705.000 ns	      4369	80000fd8	03d15c33	divu	x24,x2,x29	  x2:0x00000000 x29:0x00000000 x24=0xffffffff
      43725.000 ns	      4371	80000fdc	0138a5b3	slt	x11,x17,x19	 x17:0x00000000 x19:0x00000000 x11=0x00000000
      43745.000 ns	      4373	80000fe0	e00f80d3	fmv.x.w	x1,f31	 f31:0x7fc00000  x1=0x7fc00000
      43775.000 ns	      4376	80000fe4	e0070d53	fmv.x.w	x26,f14	 f14:0x4472c000 x26=0x4472c000
      43795.000 ns	      4378	80000fe8	c2e7ed13	ori	x26,x15,-978	 x15:0xeac2459f x26=0xfffffdbf
      43815.000 ns	      4380	80000fec	02eb3d33	mulhu	x26,x22,x14	 x22:0xaaa84e4e x14:0x80040fe4 x26=0x5556dc60
      43835.000 ns	      4382	80000ff0	c970fc93	andi	x25,x1,-873	  x1:0x7fc00000 x25=0x7fc00000
      44195.000 ns	      4418	80000ff4	03435833	divu	x16,x6,x20	  x6:0x00000001 x20:0x00036f17 x16=0x00000000
      44215.000 ns	      4420	80000ff8	411e0fb3	sub	x31,x28,x17	 x28:0x00000000 x17:0x00000000 x31=0x00000000
      44225.000 ns	      4421	80000ffc	00ea27b3	slt	x15,x20,x14	 x20:0x00036f17 x14:0x80040fe4 x15=0x00000000
      44235.000 ns	      4422	80001000	417259b3	sra	x19,x4,x23	  x4:0xeac2459f x23:0x00000001 x19=0xf56122cf
      44255.000 ns	      4424	80001004	a050a1d3	feq.s	x3,f1,f5	  f1:0x3fffffae  f5:0x23cb423e  x3=0x00000000
      44275.000 ns	      4426	80001008	0177bbb3	sltu	x23,x15,x23	 x15:0x00000000 x23:0x00000001 x23=0x00000001
      44295.000 ns	      4428	8000100c	a1879053	flt.s	x0,f15,f24	 f15:0x7fc00000 f24:0x40800000
      44325.000 ns	      4431	80001010	032b0333	mul	x6,x22,x18	 x22:0xaaa84e4e x18:0xfffff86c  x6=0xbc8e98e8
      44695.000 ns	      4468	80001014	02156d33	rem	x26,x10,x1	 x10:0x00000000  x1:0x7fc00000 x26=0x00000000
      44715.000 ns	      4470	80001018	6b9e0c13	addi	x24,x28,1721	 x28:0x00000000 x24=0x000006b9
      44755.000 ns	      4474	8000101c	004b28d3	fadd.s	f17,f22,f4	 f22:0x000002e9  f4:0xdbb4b47c f17=0xdbb4b47c
      44785.000 ns	      4477	80001020	c0147053	fcvt.wu.s	x0,f8	  f8:0x00000000
      44805.000 ns	      4479	80001024	6f7e4493	xori	x9,x28,1783	 x28:0x00000000  x9=0x000006f7
      44815.000 ns	      4480	80001028	ba64ca13	xori	x20,x9,-1114	  x9:0xfd3ef000 x20=0xfffffd51
      44825.000 ns	      4481	8000102c	407d0eb3	sub	x29,x26,x7	 x26:0x00000000  x7:0x036f17f9 x29=0xfc90e807
      44845.000 ns	      4483	80001030	03b96233	rem	x4,x18,x27	 x18:0xfffff86c x27:0x00000000  x4=0xfffff86c
      44865.000 ns	      4485	80001034	08910493	addi	x9,x2,137	  x2:0x00000000  x9=0x00000089
      44885.000 ns	      4487	80001038	02909533	mulh	x10,x1,x9	  x1:0x7fc00000  x9:0x000006f7 x10=0x00000044
      44905.000 ns	      4489	8000103c	00cc4a33	xor	x20,x24,x12	 x24:0x000006b9 x12:0x00000028 x20=0x00000691
      44925.000 ns	      4491	80001040	29488653	fmin.s	f12,f17,f20	 f17:0xdbb4b47c f20:0x40800000 f12=0xdbb4b47c
      44945.000 ns	      4493	80001044	bcd90f93	addi	x31,x18,-1075	 x18:0xfffff86c x31=0xfffff439
      44985.000 ns	      4497	80001048	01bef853	fadd.s	f16,f29,f27	 f29:0x7fc00000 f27:0xc0000000 f16=0x7fc00000
      45015.000 ns	      4500	8000104c	29e81ad3	fmax.s	f21,f16,f30	 f16:0x7fc00000 f30:0x00000001 f21=0x00000001
      45035.000 ns	      4502	80001050	40848e33	sub	x28,x9,x8	  x9:0x00000089  x8:0x800415cf x28=0x7ffbeaba
      45045.000 ns	      4503	80001054	0051bd33	sltu	x26,x3,x5	  x3:0x00000000  x5:0x80041024 x26=0x00000001
      45405.000 ns	      4539	80001058	0347de33	divu	x28,x15,x20	 x15:0x00000000 x20:0x00000691 x28=0x00000000
      45445.000 ns	      4543	8000105c	119fae53	fmul.s	f28,f31,f25	 f31:0x7fc00000 f25:0x80000000 f28=0x7fc00000
      45465.000 ns	      4545	80001060	4be0fc93	andi	x25,x1,1214	  x1:0x7fc00000 x25=0x00000000
      45475.000 ns	      4546	80001064	ce3e7593	andi	x11,x28,-797	 x28:0x00000000 x11=0x00000000
      45495.000 ns	      4548	80001068	29358653	fmin.s	f12,f11,f19	 f11:0x80000000 f19:0x23cb423e f12=0x80000000
      45535.000 ns	      4552	8000106c	11cb76d3	fmul.s	f13,f22,f28	 f22:0x000002e9 f28:0x7fc00000 f13=0x7fc00000
      45555.000 ns	      4554	80001070	b4c8e193	ori	x3,x17,-1204	 x17:0x00000000  x3=0xfffffb4c
      45565.000 ns	      4555	80001074	d5840693	addi	x13,x8,-680	  x8:0x800415cf x13=0x80041327
      45575.000 ns	      4556	80001078	46c53b97	auipc	x23,0x46c53	 x23=0xc6c54078
      45585.000 ns	      4557	8000107c	5d748213	addi	x4,x9,1495	  x9:0x00000089  x4=0x00000660
      45595.000 ns	      4558	80001080	00000013	addi	x0,x0,0	  x0:0x00000000
      45605.000 ns	      4559	80001084	419dda93	srai	x21,x27,0x19	 x27:0x00000000 x21=0x00000000
      45615.000 ns	      4560	80001088	40c909b3	sub	x19,x18,x12	 x18:0xfffff86c x12:0x00000028 x19=0xfffff844
      45625.000 ns	      4561	8000108c	416f5e13	srai	x28,x30,0x16	 x30:0x00000000 x28=0x00000000
      45635.000 ns	      4562	80001090	3f966f13	ori	x30,x12,1017	 x12:0x00000028 x30=0x000003f9
      45645.000 ns	      4563	80001094	01a5d093	srli	x1,x11,0x1a	 x11:0x00000000  x1=0x00000000
      46005.000 ns	      4599	80001098	03a85eb3	divu	x29,x16,x26	 x16:0x00000000 x26:0x00000001 x29=0x00000000
      46025.000 ns	      4601	8000109c	005f9e13	slli	x28,x31,0x5	 x31:0xfffff439 x28=0xfffe8720
      46045.000 ns	      4603	800010a0	03020d33	mul	x26,x4,x16	  x4:0x00000660 x16:0x00000000 x26=0x00000000
      46075.000 ns	      4606	800010a4	021466b3	rem	x13,x8,x1	  x8:0x800415cf  x1:0x00000000 x13=0x800415cf
      46105.000 ns	      4609	800010a8	287f00d3	fmin.s	f1,f30,f7	 f30:0x00000001  f7:0xdbb4b47c  f1=0xdbb4b47c
      46135.000 ns	      4612	800010ac	20242a53	fsgnjx.s	f20,f8,f2	  f8:0x00000000  f2:0x7fc00000 f20=0x00000000
      46165.000 ns	      4615	800010b0	0227ceb3	div	x29,x15,x2	 x15:0x00000000  x2:0x00000000 x29=0xffffffff
      46185.000 ns	      4617	800010b4	410e8633	sub	x12,x29,x16	 x29:0x00000000 x16:0x00000000 x12=0xffffffff
      46205.000 ns	      4619	800010b8	f00e0dd3	fmv.w.x	f27,x28	 x28:0xfffe8720 f27=0xfffe8720
      46235.000 ns	      4622	800010bc	c01528d3	fcvt.wu.s	x17,f10	 f10:0x3fffffae x17=0x00000002
      46255.000 ns	      4624	800010c0	40bcd133	sra	x2,x25,x11	 x25:0x00000000 x11:0x00000000  x2=0x00000000
      46265.000 ns	      4625	800010c4	01ea4833	xor	x16,x20,x30	 x20:0x00000691 x30:0x000003f9 x16=0x00000568
      46285.000 ns	      4627	800010c8	e0070353	fmv.x.w	x6,f14	 f14:0x4472c000  x6=0x4472c000
      46305.000 ns	      4629	800010cc	b8142893	slti	x17,x8,-1151	  x8:0x800415cf x17=0x00000001
      46315.000 ns	      4630	800010d0	01905a93	srli	x21,x0,0x19	  x0:0x00000000 x21=0x00000000
      46355.000 ns	      4634	800010d4	08f07ad3	fsub.s	f21,f0,f15	  f0:0x7fc00000 f15:0x7fc00000 f21=0x7fc00000
      46375.000 ns	      4636	800010d8	af105db7	lui	x27,0xaf105	 x27=0xaf105000
      46415.000 ns	      4640	800010dc	0148f2d3	fadd.s	f5,f17,f20	 f17:0xdbb4b47c f20:0x00000000  f5=0xdbb4b47c
      46445.000 ns	      4643	800010e0	a1148a53	fle.s	x20,f9,f17	  f9:0xdbb4b47c f17:0xdbb4b47c x20=0x00000001
      46465.000 ns	      4645	800010e4	01d4ae33	slt	x28,x9,x29	  x9:0x00000089 x29:0xffffffff x28=0x00000000
      46475.000 ns	      4646	800010e8	565ce397	auipc	x7,0x565ce	  x7=0xd65cf0e8
      46495.000 ns	      4648	800010ec	a1fd0153	fle.s	x2,f26,f31	 f26:0x23cb423e f31:0x7fc00000  x2=0x00000000
      46525.000 ns	      4651	800010f0	21080bd3	fsgnj.s	f23,f16,f16	 f16:0x7fc00000 f16:0x7fc00000 f23=0x7fc00000
      46545.000 ns	      4653	800010f4	01531d33	sll	x26,x6,x21	  x6:0x4472c000 x21:0x00000000 x26=0x4472c000
      46555.000 ns	      4654	800010f8	0023b6b3	sltu	x13,x7,x2	  x7:0xd65cf0e8  x2:0x00000000 x13=0x00000000
      46565.000 ns	      4655	800010fc	a63b0593	addi	x11,x22,-1437	 x22:0xaaa84e4e x11=0xaaa848b1
      46585.000 ns	      4657	80001100	03c9d533	divu	x10,x19,x28	 x19:0xfffff844 x28:0x00000000 x10=0xffffffff
      46615.000 ns	      4660	80001104	02bc0433	mul	x8,x24,x11	 x24:0x000006b9 x11:0x00000000  x8=0x4550ade9
      46635.000 ns	      4662	80001108	40950c33	sub	x24,x10,x9	 x10:0xffffffff  x9:0x00000089 x24=0xffffff76
      46665.000 ns	      4665	8000110c	196e47d3	fdiv.s	f15,f28,f22	 f28:0x7fc00000 f22:0x000002e9 f15=0x7fc00000
      46685.000 ns	      4667	80001110	016c1a33	sll	x20,x24,x22	 x24:0x000006b9 x22:0xaaa84e4e x20=0xffdd8000
      46705.000 ns	      4669	80001114	20f12153	fsgnjx.s	f2,f2,f15	  f2:0x7fc00000 f15:0x7fc00000  f2=0x7fc00000
      46725.000 ns	      4671	80001118	a0f7ee93	ori	x29,x15,-1521	 x15:0x00000000 x29=0xfffffa0f
      46765.000 ns	      4675	8000111c	00f47e53	fadd.s	f28,f8,f15	  f8:0x00000000 f15:0x7fc00000 f28=0x7fc00000
      46785.000 ns	      4677	80001120	1bfb0093	addi	x1,x22,447	 x22:0xaaa84e4e  x1=0xaaa8500d
      46805.000 ns	      4679	80001124	d010f3d3	fcvt.s.wu	f7,x1	  x1:0x00000000  f7=0x4f2aa850
      46835.000 ns	      4682	80001128	a1fa0ed3	fle.s	x29,f20,f31	 f20:0x00000000 f31:0x7fc00000 x29=0x00000000
      46865.000 ns	      4685	8000112c	29e31453	fmax.s	f8,f6,f30	  f6:0x445f4000 f30:0x00000001  f8=0x445f4000
      46905.000 ns	      4689	80001130	18b7c353	fdiv.s	f6,f15,f11	 f15:0x7fc00000 f11:0x80000000  f6=0x7fc00000
      46945.000 ns	      4693	80001134	58003bd3	fsqrt.s	f23,f0	  f0:0x7fc00000 f23=0x7fc00000
      46965.000 ns	      4695	80001138	e36f2f13	slti	x30,x30,-458	 x30:0x000003f9 x30=0x00000000
      46985.000 ns	      4697	8000113c	03e489b3	mul	x19,x9,x30	  x9:0x00000089 x30:0x000003f9 x19=0x00000000
      47005.000 ns	      4699	80001140	0144dd13	srli	x26,x9,0x14	  x9:0x00000089 x26=0x00000000
      47015.000 ns	      4700	80001144	01d85513	srli	x10,x16,0x1d	 x16:0x00000568 x10=0x00000000
      47025.000 ns	      4701	80001148	011a9c33	sll	x24,x21,x17	 x21:0x00000000 x17:0x00000001 x24=0x00000000
      47385.000 ns	      4737	8000114c	032df233	remu	x4,x27,x18	 x27:0xaf105000 x18:0xfffff86c  x4=0xaf105000
      47405.000 ns	      4739	80001150	0042e333	or	x6,x5,x4	  x5:0x80041024  x4:0x00000660  x6=0xaf145024
      47415.000 ns	      4740	80001154	00e71593	slli	x11,x14,0xe	 x14:0x80040fe4 x11=0x03f90000
      47775.000 ns	      4776	80001158	0271cab3	div	x21,x3,x7	  x3:0xfffffb4c  x7:0xd65cf0e8 x21=0x00000000
      47805.000 ns	      4779	8000115c	02ce2833	mulhsu	x16,x28,x12	 x28:0x00000000 x12:0xffffffff x16=0x00000000
      47825.000 ns	      4781	80001160	010b9a33	sll	x20,x23,x16	 x23:0xc6c54078 x16:0x00000568 x20=0xc6c54078
      47845.000 ns	      4783	80001164	21a90153	fsgnj.s	f2,f18,f26	 f18:0x000002e9 f26:0x23cb423e  f2=0x000002e9
      48215.000 ns	      4820	80001168	02e16f33	rem	x30,x2,x14	  x2:0x00000000 x14:0x80040fe4 x30=0x00000000
      48245.000 ns	      4823	8000116c	c01ef9d3	fcvt.wu.s	x19,f29	 f29:0x7fc00000 x19=0xffffffff
      48615.000 ns	      4860	80001170	03b37c33	remu	x24,x6,x27	  x6:0xaf145024 x27:0xaf105000 x24=0x00040024
      48985.000 ns	      4897	80001174	023e71b3	remu	x3,x28,x3	 x28:0x00000000  x3:0xfffffb4c  x3=0x00000000
      49005.000 ns	      4899	80001178	55540813	addi	x16,x8,1365	  x8:0x4550ade9 x16=0x4550b33e
      49035.000 ns	      4902	8000117c	11927053	fmul.s	f0,f4,f25	  f4:0xdbb4b47c f25:0x80000000  f0=0x00000000
      49055.000 ns	      4904	80001180	0163d513	srli	x10,x7,0x16	  x7:0xd65cf0e8 x10=0x00000359
      49095.000 ns	      4908	80001184	080143d3	fsub.s	f7,f2,f0	  f2:0x000002e9  f0:0x00000000  f7=0x000002e9
      49115.000 ns	      4910	80001188	00abf1b3	and	x3,x23,x10	 x23:0xc6c54078 x10:0x00000000  x3=0x00000058
      49125.000 ns	      4911	8000118c	010978b3	and	x17,x18,x16	 x18:0xfffff86c x16:0x4550b33e x17=0x4550b02c
      49135.000 ns	      4912	80001190	1a38aa93	slti	x21,x17,419	 x17:0x00000001 x21=0x00000000
      49145.000 ns	      4913	80001194	00a95833	srl	x16,x18,x10	 x18:0xfffff86c x10:0x00000359 x16=0x0000007f
      49155.000 ns	      4914	80001198	00d4f7b3	and	x15,x9,x13	  x9:0x00000089 x13:0x00000000 x15=0x00000000
      49175.000 ns	      4916	8000119c	200181d3	fsgnj.s	f3,f3,f0	  f3:0xfffffc99  f0:0x00000000  f3=0x7ffffc99
      49205.000 ns	      4919	800011a0	e0071e53	fclass.s	x28,f14	 f14:0x4472c000 x28=0x00000040
      49225.000 ns	      4921	800011a4	00523333	sltu	x6,x4,x5	  x4:0xaf105000  x5:0x80041024  x6=0x00000000
      49235.000 ns	      4922	800011a8	41b15913	srai	x18,x2,0x1b	  x2:0x00000000 x18=0x00000000
      49595.000 ns	      4958	800011ac	031d4a33	div	x20,x26,x17	 x26:0x00000000 x17:0x4550b02c x20=0x00000000
      49615.000 ns	      4960	800011b0	00000013	addi	x0,x0,0	  x0:0x00000000
      49635.000 ns	      4962	800011b4	03b78fb3	mul	x31,x15,x27	 x15:0x00000000 x27:0xaf105000 x31=0x00000000
      49655.000 ns	      4964	800011b8	41108033	sub	x0,x1,x17	  x1:0xaaa8500d x17:0x4550b02c
      49685.000 ns	      4967	800011bc	58063253	fsqrt.s	f4,f12	 f12:0x80000000  f4=0x80000000
      49715.000 ns	      4970	800011c0	a056afd3	feq.s	x31,f13,f5	 f13:0x7fc00000  f5:0xdbb4b47c x31=0x00000000
      49765.000 ns	      4975	800011c4	08047d53	fsub.s	f26,f8,f0	  f8:0x445f4000  f0:0x00000000 f26=0x445f4000
      49785.000 ns	      4977	800011c8	00ad9db3	sll	x27,x27,x10	 x27:0xaf105000 x10:0x00000359 x27=0x00000000
      49805.000 ns	      4979	800011cc	28e381d3	fmin.s	f3,f7,f14	  f7:0x000002e9 f14:0x4472c000  f3=0x000002e9
      49825.000 ns	      4981	800011d0	015ad693	srli	x13,x21,0x15	 x21:0x00000000 x13=0x00000000
      49845.000 ns	      4983	800011d4	a0ea2e53	feq.s	x28,f20,f14	 f20:0x00000000 f14:0x4472c000 x28=0x00000000
      49865.000 ns	      4985	800011d8	0016cf33	xor	x30,x13,x1	 x13:0x00000000  x1:0xaaa8500d x30=0xaaa8500d
      49875.000 ns	      4986	800011dc	00892433	slt	x8,x18,x8	 x18:0x00000000  x8:0x4550ade9  x8=0x00000001
      49885.000 ns	      4987	800011e0	416b88b3	sub	x17,x23,x22	 x23:0xc6c54078 x22:0xaaa84e4e x17=0x1c1cf22a
      49905.000 ns	      4989	800011e4	218caad3	fsgnjx.s	f21,f25,f24	 f25:0x80000000 f24:0x40800000 f21=0x80000000
      49935.000 ns	      4992	800011e8	d00778d3	fcvt.s.w	f17,x14	 x14:0x80040fe4 f17=0xcefff7e0
      49965.000 ns	      4995	800011ec	200b1a53	fsgnjn.s	f20,f22,f0	 f22:0x000002e9  f0:0x00000000 f20=0x800002e9
      49985.000 ns	      4997	800011f0	010b0cb3	add	x25,x22,x16	 x22:0xaaa84e4e x16:0x0000007f x25=0xaaa84ecd
      49995.000 ns	      4998	800011f4	414780b3	sub	x1,x15,x20	 x15:0x00000000 x20:0x00000000  x1=0x00000000
      50005.000 ns	      4999	800011f8	0015f0b3	and	x1,x11,x1	 x11:0x03f90000  x1:0xaaa8500d  x1=0x00000000
      50015.000 ns	      5000	800011fc	3eb3c113	xori	x2,x7,1003	  x7:0xd65cf0e8  x2=0xd65cf303
      50035.000 ns	      5002	80001200	c014bcd3	fcvt.wu.s	x25,f9	  f9:0xdbb4b47c x25=0x00000000
      50065.000 ns	      5005	80001204	28bb8153	fmin.s	f2,f23,f11	 f23:0x7fc00000 f11:0x80000000  f2=0x80000000
      50085.000 ns	      5007	80001208	01351bb3	sll	x23,x10,x19	 x10:0x00000359 x19:0xffffffff x23=0x80000000
      50095.000 ns	      5008	8000120c	00765513	srli	x10,x12,0x7	 x12:0xffffffff x10=0x01ffffff
      50105.000 ns	      5009	80001210	01d46e33	or	x28,x8,x29	  x8:0x00000001 x29:0x00000000 x28=0x00000001
      50125.000 ns	      5011	80001214	20289cd3	fsgnjn.s	f25,f17,f2	 f17:0xcefff7e0  f2:0x80000000 f25=0x4efff7e0
      50155.000 ns	      5014	80001218	f0000f53	fmv.w.x	f30,x0	  x0:0x00000000 f30=0x00000000
      50175.000 ns	      5016	8000121c	01e6d493	srli	x9,x13,0x1e	 x13:0x00000000  x9=0x00000000
      50185.000 ns	      5017	80001220	406f5cb3	sra	x25,x30,x6	 x30:0xaaa8500d  x6:0x00000000 x25=0xaaa8500d
      50215.000 ns	      5020	80001224	101189d3	fmul.s	f19,f3,f1	  f3:0x000002e9  f1:0xdbb4b47c f19=0x96037850
      50235.000 ns	      5022	80001228	0102feb3	and	x29,x5,x16	  x5:0x80041024 x16:0x0000007f x29=0x00000024
      50255.000 ns	      5024	8000122c	024d30b3	mulhu	x1,x26,x4	 x26:0x00000000  x4:0xaf105000  x1=0x00000000
      50275.000 ns	      5026	80001230	00000013	addi	x0,x0,0	  x0:0x00000000
      50295.000 ns	      5028	80001234	e0030a53	fmv.x.w	x20,f6	  f6:0x7fc00000 x20=0x7fc00000
      50325.000 ns	      5031	80001238	d005f953	fcvt.s.w	f18,x11	 x11:0x03f90000 f18=0x4c7e4000
      50355.000 ns	      5034	8000123c	03553133	mulhu	x2,x10,x21	 x10:0x01ffffff x21:0x00000000  x2=0x00000000
      50375.000 ns	      5036	80001240	41560fb3	sub	x31,x12,x21	 x12:0xffffffff x21:0x00000000 x31=0xffffffff
      50385.000 ns	      5037	80001244	79c67213	andi	x4,x12,1948	 x12:0xffffffff  x4=0x0000079c
      50395.000 ns	      5038	80001248	02e28613	addi	x12,x5,46	  x5:0x80041024 x12=0x80041052
      50405.000 ns	      5039	8000124c	00000013	addi	x0,x0,0	  x0:0x00000000
      50415.000 ns	      5040	80001250	017cf1b3	and	x3,x25,x23	 x25:0xaaa8500d x23:0x80000000  x3=0x80000000
      50425.000 ns	      5041	80001254	7349f237	lui	x4,0x7349f	  x4=0x7349f000
      50435.000 ns	      5042	80001258	ee027e93	andi	x29,x4,-288	  x4:0x0000079c x29=0x7349f000
      50455.000 ns	      5044	8000125c	e00494d3	fclass.s	x9,f9	  f9:0xdbb4b47c  x9=0x00000002
      50475.000 ns	      5046	80001260	01df3a33	sltu	x20,x30,x29	 x30:0xaaa8500d x29:0x00000024 x20=0x00000000
      50485.000 ns	      5047	80001264	e7b3ef93	ori	x31,x7,-389	  x7:0xd65cf0e8 x31=0xfffffefb
      50495.000 ns	      5048	80001268	0010dc93	srli	x25,x1,0x1	  x1:0x00000000 x25=0x00000000
      50515.000 ns	      5050	8000126c	29490953	fmin.s	f18,f18,f20	 f18:0x4c7e4000 f20:0x800002e9 f18=0x800002e9
      50855.000 ns	      5084	80001270	192c77d3	fdiv.s	f15,f24,f18	 f24:0x40800000 f18:0x4c7e4000 f15=0xff34b4b6
      50885.000 ns	      5087	80001274	025e1033	mulh	x0,x28,x5	 x28:0x00000001  x5:0x80041024
      50915.000 ns	      5090	80001278	a00a8ad3	fle.s	x21,f21,f0	 f21:0x80000000  f0:0x00000000 x21=0x00000001
      50945.000 ns	      5093	8000127c	284705d3	fmin.s	f11,f14,f4	 f14:0x4472c000  f4:0x80000000 f11=0x80000000
      50965.000 ns	      5095	80001280	41c35433	sra	x8,x6,x28	  x6:0x00000000 x28:0x00000001  x8=0x00000000
      50985.000 ns	      5097	80001284	a1732553	feq.s	x10,f6,f23	  f6:0x7fc00000 f23:0x7fc00000 x10=0x00000000
      51355.000 ns	      5134	80001288	0244c833	div	x16,x9,x4	  x9:0x00000002  x4:0x7349f000 x16=0x00000000
      51375.000 ns	      5136	8000128c	01f393b3	sll	x7,x7,x31	  x7:0xd65cf0e8 x31:0xfffffefb  x7=0x40000000
      51405.000 ns	      5139	80001290	580978d3	fsqrt.s	f17,f18	 f18:0x800002e9 f17=0x7fc00000
      51435.000 ns	      5142	80001294	0237aab3	mulhsu	x21,x15,x3	 x15:0x00000000  x3:0x80000000 x21=0x00000000
      51455.000 ns	      5144	80001298	81343913	sltiu	x18,x8,-2029	  x8:0x00000000 x18=0x00000001
      51465.000 ns	      5145	8000129c	a47b4e13	xori	x28,x22,-1465	 x22:0xaaa84e4e x28=0x5557b409
      51485.000 ns	      5147	800012a0	037d17b3	mulh	x15,x26,x23	 x26:0x00000000 x23:0x80000000 x15=0x00000000
      51525.000 ns	      5151	800012a4	580eafd3	fsqrt.s	f31,f29	 f29:0x7fc00000 f31=0x7fc00000
      51555.000 ns	      5154	800012a8	03033533	mulhu	x10,x6,x16	  x6:0x00000000 x16:0x00000000 x10=0x00000000
      51585.000 ns	      5157	800012ac	f0090853	fmv.w.x	f16,x18	 x18:0x00000001 f16=0x00000001
      51615.000 ns	      5160	800012b0	a0d20653	fle.s	x12,f4,f13	  f4:0x80000000 f13:0x7fc00000 x12=0x00000000
      51645.000 ns	      5163	800012b4	206b1bd3	fsgnjn.s	f23,f22,f6	 f22:0x000002e9  f6:0x7fc00000 f23=0x800002e9
      52015.000 ns	      5200	800012b8	03d7e033	rem	x0,x15,x29	 x15:0x00000000 x29:0x7349f000
      52045.000 ns	      5203	800012bc	0300a7b3	mulhsu	x15,x1,x16	  x1:0x00000000 x16:0x00000000 x15=0x00000000
      52065.000 ns	      5205	800012c0	00000013	addi	x0,x0,0	  x0:0x00000000
      52085.000 ns	      5207	800012c4	e0038153	fmv.x.w	x2,f7	  f7:0x000002e9  x2=0x000002e9
      52135.000 ns	      5212	800012c8	09b646d3	fsub.s	f13,f12,f27	 f12:0x80000000 f27:0xfffe8720 f13=0x7fc00000
      53315.000 ns	      5330	800012cc	580b73d3	fsqrt.s	f7,f22	 f22:0x000002e9  f7=0x1f3508a0
      53335.000 ns	      5332	800012d0	010a7eb3	and	x29,x20,x16	 x20:0x00000000 x16:0x00000000 x29=0x00000000
      53355.000 ns	      5334	800012d4	02dcf533	remu	x10,x25,x13	 x25:0x00000000 x13:0x00000000 x10=0x00000000
      53375.000 ns	      5336	800012d8	01179a93	slli	x21,x15,0x11	 x15:0x00000000 x21=0x00000000
      53395.000 ns	      5338	800012dc	a05e2953	feq.s	x18,f28,f5	 f28:0x7fc00000  f5:0xdbb4b47c x18=0x00000000
      53415.000 ns	      5340	800012e0	00cf5113	srli	x2,x30,0xc	 x30:0xaaa8500d  x2=0x000aaa85
      53435.000 ns	      5342	800012e4	c008f8d3	fcvt.w.s	x17,f17	 f17:0x7fc00000 x17=0x7fffffff
      53465.000 ns	      5345	800012e8	29198453	fmin.s	f8,f19,f17	 f19:0x96037850 f17:0x7fc00000  f8=0x96037850
      53485.000 ns	      5347	800012ec	0017d213	srli	x4,x15,0x1	 x15:0x00000000  x4=0x00000000
      53495.000 ns	      5348	800012f0	008eedb3	or	x27,x29,x8	 x29:0x00000000  x8:0x00000000 x27=0x00000000
      53535.000 ns	      5352	800012f4	01c5b753	fadd.s	f14,f11,f28	 f11:0x80000000 f28:0x7fc00000 f14=0x7fc00000
      53555.000 ns	      5354	800012f8	00a2ddb3	srl	x27,x5,x10	  x5:0x80041024 x10:0x00000000 x27=0x80041024
      53575.000 ns	      5356	800012fc	0242ad33	mulhsu	x26,x5,x4	  x5:0x80041024  x4:0x00000000 x26=0x00000000
      53595.000 ns	      5358	80001300	9b30b893	sltiu	x17,x1,-1613	  x1:0x00000000 x17=0x00000001
      53615.000 ns	      5360	80001304	c00eb553	fcvt.w.s	x10,f29	 f29:0x7fc00000 x10=0x7fffffff
      53645.000 ns	      5363	80001308	d00072d3	fcvt.s.w	f5,x0	  x0:0x00000000  f5=0x00000000
      53665.000 ns	      5365	8000130c	4066d3b3	sra	x7,x13,x6	 x13:0x00000000  x6:0x00000000  x7=0x00000000
      53685.000 ns	      5367	80001310	034b45b3	div	x11,x22,x20	 x22:0xaaa84e4e x20:0x00000000 x11=0xffffffff
      53715.000 ns	      5370	80001314	207021d3	fsgnjx.s	f3,f0,f7	  f0:0x00000000  f7:0x1f3508a0  f3=0x00000000
      53735.000 ns	      5372	80001318	01c467b3	or	x15,x8,x28	  x8:0x00000000 x28:0x5557b409 x15=0x5557b409
      53755.000 ns	      5374	8000131c	033ab933	mulhu	x18,x21,x19	 x21:0x00000000 x19:0xffffffff x18=0x00000000
      54125.000 ns	      5411	80001320	037073b3	remu	x7,x0,x23	  x0:0x00000000 x23:0x80000000  x7=0x00000000
      54145.000 ns	      5413	80001324	38483d93	sltiu	x27,x16,900	 x16:0x00000000 x27=0x00000001
      54155.000 ns	      5414	80001328	006e6ab3	or	x21,x28,x6	 x28:0x5557b409  x6:0x00000000 x21=0x5557b409
      54165.000 ns	      5415	8000132c	40c95593	srai	x11,x18,0xc	 x18:0x00000000 x11=0x00000000
      54175.000 ns	      5416	80001330	ecc1f393	andi	x7,x3,-308	  x3:0x80000000  x7=0x80000000
      54185.000 ns	      5417	80001334	00697533	and	x10,x18,x6	 x18:0x00000000  x6:0x00000000 x10=0x00000000
      54205.000 ns	      5419	80001338	289c98d3	fmax.s	f17,f25,f9	 f25:0x4efff7e0  f9:0xdbb4b47c f17=0x4efff7e0
      54225.000 ns	      5421	8000133c	f26a1a97	auipc	x21,0xf26a1	 x21=0x726a233c
      54245.000 ns	      5423	80001340	02f99933	mulh	x18,x19,x15	 x19:0xffffffff x15:0x5557b409 x18=0xffffffff
      54265.000 ns	      5425	80001344	01bcd193	srli	x3,x25,0x1b	 x25:0x00000000  x3=0x00000000
      54305.000 ns	      5429	80001348	09b689d3	fsub.s	f19,f13,f27	 f13:0x7fc00000 f27:0xfffe8720 f19=0x7fc00000
      54325.000 ns	      5431	8000134c	0158f933	and	x18,x17,x21	 x17:0x00000001 x21:0x726a233c x18=0x00000000
      54345.000 ns	      5433	80001350	02f88eb3	mul	x29,x17,x15	 x17:0x00000001 x15:0x5557b409 x29=0x5557b409
      54375.000 ns	      5436	80001354	c00ecbd3	fcvt.w.s	x23,f29	 f29:0x7fc00000 x23=0x7fffffff
      54405.000 ns	      5439	80001358	a1011553	flt.s	x10,f2,f16	  f2:0x80000000 f16:0x00000001 x10=0x00000001
      54425.000 ns	      5441	8000135c	01a7b6b3	sltu	x13,x15,x26	 x15:0x5557b409 x26:0x00000000 x13=0x00000000
      54435.000 ns	      5442	80001360	01925793	srli	x15,x4,0x19	  x4:0x00000000 x15=0x00000000
      54455.000 ns	      5444	80001364	20bbaa53	fsgnjx.s	f20,f23,f11	 f23:0x800002e9 f11:0x80000000 f20=0x000002e9
      54485.000 ns	      5447	80001368	c009cc53	fcvt.w.s	x24,f19	 f19:0x7fc00000 x24=0x7fffffff
      54515.000 ns	      5450	8000136c	c01f79d3	fcvt.wu.s	x19,f30	 f30:0x00000000 x19=0x00000000
      54885.000 ns	      5487	80001370	0223df33	divu	x30,x7,x2	  x7:0x80000000  x2:0x000aaa85 x30=0x00000c00
      54905.000 ns	      5489	80001374	6468fab7	lui	x21,0x6468f	 x21=0x6468f000
      54925.000 ns	      5491	80001378	29790ed3	fmin.s	f29,f18,f23	 f18:0x800002e9 f23:0x800002e9 f29=0x800002e9
      54945.000 ns	      5493	8000137c	c6c6be17	auipc	x28,0xc6c6b	 x28=0x46c6c37c
      54955.000 ns	      5494	80001380	fd6931b7	lui	x3,0xfd693	  x3=0xfd693000
      54965.000 ns	      5495	80001384	00ad5633	srl	x12,x26,x10	 x26:0x00000000 x10:0x00000001 x12=0x00000000
      54985.000 ns	      5497	80001388	039343b3	div	x7,x6,x25	  x6:0x00000000 x25:0x00000000  x7=0xffffffff
      55015.000 ns	      5500	8000138c	d00fa153	fcvt.s.w	f2,x31	 x31:0xfffffefb  f2=0xc3828000
      55035.000 ns	      5502	80001390	6801b613	sltiu	x12,x3,1664	  x3:0xfd693000 x12=0x00000000
      55055.000 ns	      5504	80001394	c0134ed3	fcvt.wu.s	x29,f6	  f6:0x7fc00000 x29=0xffffffff
      55095.000 ns	      5508	80001398	10e3f9d3	fmul.s	f19,f7,f14	  f7:0x1f3508a0 f14:0x7fc00000 f19=0x7fc00000
      55115.000 ns	      5510	8000139c	b65feeb7	lui	x29,0xb65fe	 x29=0xb65fe000
      55135.000 ns	      5512	800013a0	0371afb3	mulhsu	x31,x3,x23	  x3:0xfd693000 x23:0x7fffffff x31=0xfeb49800
      55165.000 ns	      5515	800013a4	02883cb3	mulhu	x25,x16,x8	 x16:0x00000000  x8:0x00000000 x25=0x00000000
      55195.000 ns	      5518	800013a8	02b06033	rem	x0,x0,x11	  x0:0x00000000 x11:0x00000000
      55565.000 ns	      5555	800013ac	038addb3	divu	x27,x21,x24	 x21:0x6468f000 x24:0x7fffffff x27=0x00000000
      55595.000 ns	      5558	800013b0	02d07633	remu	x12,x0,x13	  x0:0x00000000 x13:0x00000000 x12=0x00000000
      55615.000 ns	      5560	800013b4	4058d213	srai	x4,x17,0x5	 x17:0x00000001  x4=0x00000000
      55635.000 ns	      5562	800013b8	02bc7f33	remu	x30,x24,x11	 x24:0x7fffffff x11:0x00000000 x30=0x7fffffff
      55655.000 ns	      5564	800013bc	0c0ef593	andi	x11,x29,192	 x29:0xb65fe000 x11=0x00000000
      55665.000 ns	      5565	800013c0	ce98b513	sltiu	x10,x17,-791	 x17:0x00000001 x10=0x00000001
      55685.000 ns	      5567	800013c4	f00e8553	fmv.w.x	f10,x29	 x29:0xb65fe000 f10=0xb65fe000
      55715.000 ns	      5570	800013c8	c01ff353	fcvt.wu.s	x6,f31	 f31:0x7fc00000  x6=0xffffffff
      55745.000 ns	      5573	800013cc	a14f17d3	flt.s	x15,f30,f20	 f30:0x00000000 f20:0x000002e9 x15=0x00000001
      55775.000 ns	      5576	800013d0	208013d3	fsgnjn.s	f7,f0,f8	  f0:0x00000000  f8:0x96037850  f7=0x00000000
      55795.000 ns	      5578	800013d4	004cedb3	or	x27,x25,x4	 x25:0x00000000  x4:0x00000000 x27=0x00000000
      55815.000 ns	      5580	800013d8	e0040453	fmv.x.w	x8,f8	  f8:0x96037850  x8=0x96037850
      55835.000 ns	      5582	800013dc	00783bb3	sltu	x23,x16,x7	 x16:0x00000000  x7:0xffffffff x23=0x00000001
      55855.000 ns	      5584	800013e0	02091333	mulh	x6,x18,x0	 x18:0x00000000  x0:0x00000000  x6=0x00000000
      55875.000 ns	      5586	800013e4	00eea9b3	slt	x19,x29,x14	 x29:0xb65fe000 x14:0x80040fe4 x19=0x00000000
      55915.000 ns	      5590	800013e8	089cffd3	fsub.s	f31,f25,f9	 f25:0x4efff7e0  f9:0xdbb4b47c f31=0x5bb4b47c
      55935.000 ns	      5592	800013ec	000dd5b3	srl	x11,x27,x0	 x27:0x00000000  x0:0x00000000 x11=0x00000000
      55955.000 ns	      5594	800013f0	20c425d3	fsgnjx.s	f11,f8,f12	  f8:0x96037850 f12:0x80000000 f11=0x16037850
      55985.000 ns	      5597	800013f4	a103aad3	feq.s	x21,f7,f16	  f7:0x00000000 f16:0x00000001 x21=0x00000000
      56015.000 ns	      5600	800013f8	29f18253	fmin.s	f4,f3,f31	  f3:0x00000000 f31:0x5bb4b47c  f4=0x00000000
      56035.000 ns	      5602	800013fc	01b3bd33	sltu	x26,x7,x27	  x7:0xffffffff x27:0x00000000 x26=0x00000000
      56045.000 ns	      5603	80001400	8441ea13	ori	x20,x3,-1980	  x3:0xfd693000 x20=0xfffff844
      56065.000 ns	      5605	80001404	d018ae53	fcvt.s.wu	f28,x17	 x17:0x00000001 f28=0x3f800000
      56095.000 ns	      5608	80001408	f00b8953	fmv.w.x	f18,x23	 x23:0x00000001 f18=0x00000001
      56465.000 ns	      5645	8000140c	02f3c1b3	div	x3,x7,x15	  x7:0xffffffff x15:0x00000001  x3=0xffffffff
      56505.000 ns	      5649	80001410	11bd7f53	fmul.s	f30,f26,f27	 f26:0x445f4000 f27:0xfffe8720 f30=0x7fc00000
      56535.000 ns	      5652	80001414	c00bf953	fcvt.w.s	x18,f23	 f23:0x800002e9 x18=0x00000000
      56565.000 ns	      5655	80001418	a184acd3	feq.s	x25,f9,f24	  f9:0xdbb4b47c f24:0x40800000 x25=0x00000000
      56585.000 ns	      5657	8000141c	0185ce33	xor	x28,x11,x24	 x11:0x00000000 x24:0x7fffffff x28=0x7fffffff
      56595.000 ns	      5658	80001420	015f2933	slt	x18,x30,x21	 x30:0x7fffffff x21:0x00000000 x18=0x00000000
      56615.000 ns	      5660	80001424	03ad67b3	rem	x15,x26,x26	 x26:0x00000000 x26:0x00000000 x15=0x00000000
      56635.000 ns	      5662	80001428	40608433	sub	x8,x1,x6	  x1:0x00000000  x6:0x00000000  x8=0x00000000
      56655.000 ns	      5664	8000142c	02ec2f33	mulhsu	x30,x24,x14	 x24:0x7fffffff x14:0x80040fe4 x30=0x400207f1
      56685.000 ns	      5667	80001430	d01cf053	fcvt.s.wu	f0,x25	 x25:0x00000000  f0=0x00000000
      56715.000 ns	      5670	80001434	03c92833	mulhsu	x16,x18,x28	 x18:0x00000000 x28:0x7fffffff x16=0x00000000
      56755.000 ns	      5674	80001438	11b94753	fmul.s	f14,f18,f27	 f18:0x00000001 f27:0xfffe8720 f14=0x7fc00000
      56785.000 ns	      5677	8000143c	f0020553	fmv.w.x	f10,x4	  x4:0x00000000 f10=0x00000000
      56815.000 ns	      5680	80001440	022287b3	mul	x15,x5,x2	  x5:0x80041024  x2:0x000aaa85 x15=0xd63c4ab4
      56835.000 ns	      5682	80001444	673d0793	addi	x15,x26,1651	 x26:0x00000000 x15=0x00000673
      56845.000 ns	      5683	80001448	cf1dc6b7	lui	x13,0xcf1dc	 x13=0xcf1dc000
      56865.000 ns	      5685	8000144c	03ad8bb3	mul	x23,x27,x26	 x27:0x00000000 x26:0x00000000 x23=0x00000000
      56885.000 ns	      5687	80001450	0127d593	srli	x11,x15,0x12	 x15:0x00000673 x11=0x00000000
      56905.000 ns	      5689	80001454	e00984d3	fmv.x.w	x9,f19	 f19:0x7fc00000  x9=0x7fc00000
      56925.000 ns	      5691	80001458	b7fe3913	sltiu	x18,x28,-1153	 x28:0x7fffffff x18=0x00000001
      56935.000 ns	      5692	8000145c	009459b3	srl	x19,x8,x9	  x8:0x00000000  x9:0x7fc00000 x19=0x00000000
      56945.000 ns	      5693	80001460	00000013	addi	x0,x0,0	  x0:0x00000000
      56965.000 ns	      5695	80001464	d01aa053	fcvt.s.wu	f0,x21	 x21:0x00000000  f0=0x00000000
      56995.000 ns	      5698	80001468	024a2db3	mulhsu	x27,x20,x4	 x20:0xfffff844  x4:0x00000000 x27=0x00000000
      57025.000 ns	      5701	8000146c	e00108d3	fmv.x.w	x17,f2	  f2:0xc3828000 x17=0xc3828000
      57055.000 ns	      5704	80001470	214901d3	fsgnj.s	f3,f18,f20	 f18:0x00000001 f20:0x000002e9  f3=0x00000001
      57085.000 ns	      5707	80001474	02472c33	mulhsu	x24,x14,x4	 x14:0x80040fe4  x4:0x00000000 x24=0x00000000
      57105.000 ns	      5709	80001478	01ff9933	sll	x18,x31,x31	 x31:0xfeb49800 x31:0xfeb49800 x18=0xfeb49800
      57125.000 ns	      5711	8000147c	c00df9d3	fcvt.w.s	x19,f27	 f27:0xfffe8720 x19=0x7fffffff
      57155.000 ns	      5714	80001480	29409353	fmax.s	f6,f1,f20	  f1:0xdbb4b47c f20:0x000002e9  f6=0x000002e9
      57175.000 ns	      5716	80001484	c0646b93	ori	x23,x8,-1018	  x8:0x00000000 x23=0xfffffc06
      57195.000 ns	      5718	80001488	29c20e53	fmin.s	f28,f4,f28	  f4:0x00000000 f28:0x3f800000 f28=0x00000000
      57225.000 ns	      5721	8000148c	211f93d3	fsgnjn.s	f7,f31,f17	 f31:0x5bb4b47c f17:0x4efff7e0  f7=0xdbb4b47c
      57245.000 ns	      5723	80001490	007dc433	xor	x8,x27,x7	 x27:0x00000000  x7:0xffffffff  x8=0xffffffff
      57255.000 ns	      5724	80001494	ded93237	lui	x4,0xded93	  x4=0xded93000
      57615.000 ns	      5760	80001498	022e6033	rem	x0,x28,x2	 x28:0x7fffffff  x2:0x000aaa85
      57645.000 ns	      5763	8000149c	021e5633	divu	x12,x28,x1	 x28:0x7fffffff  x1:0x00000000 x12=0xffffffff
      57675.000 ns	      5766	800014a0	e00080d3	fmv.x.w	x1,f1	  f1:0xdbb4b47c  x1=0xdbb4b47c
      57695.000 ns	      5768	800014a4	87a2e193	ori	x3,x5,-1926	  x5:0x80041024  x3=0xfffff87e
      57705.000 ns	      5769	800014a8	ac0a5517	auipc	x10,0xac0a5	 x10=0x2c0a64a8
      58035.000 ns	      5802	800014ac	18632653	fdiv.s	f12,f6,f6	  f6:0x000002e9  f6:0x000002e9 f12=0x3883787a
      58055.000 ns	      5804	800014b0	00449593	slli	x11,x9,0x4	  x9:0x7fc00000 x11=0xfc000000
      58075.000 ns	      5806	800014b4	c019bf53	fcvt.wu.s	x30,f19	 f19:0x7fc00000 x30=0xffffffff
      58105.000 ns	      5809	800014b8	036d2533	mulhsu	x10,x26,x22	 x26:0x00000000 x22:0xaaa84e4e x10=0x00000000
      58475.000 ns	      5846	800014bc	02b84cb3	div	x25,x16,x11	 x16:0x00000000 x11:0xfc000000 x25=0x00000000
      58495.000 ns	      5848	800014c0	4183d6b3	sra	x13,x7,x24	  x7:0xffffffff x24:0x00000000 x13=0xffffffff
      58505.000 ns	      5849	800014c4	00b320b3	slt	x1,x6,x11	  x6:0x00000000 x11:0xfc000000  x1=0x00000000
      58515.000 ns	      5850	800014c8	0162a3b3	slt	x7,x5,x22	  x5:0x80041024 x22:0xaaa84e4e  x7=0x00000001
      58535.000 ns	      5852	800014cc	c000bc53	fcvt.w.s	x24,f1	  f1:0xdbb4b47c x24=0x80000000
      58555.000 ns	      5854	800014d0	c42bab93	slti	x23,x23,-958	 x23:0xfffffc06 x23=0x00000001
      58585.000 ns	      5857	800014d4	10003ed3	fmul.s	f29,f0,f0	  f0:0x00000000  f0:0x00000000 f29=0x00000000
      58605.000 ns	      5859	800014d8	40be5d33	sra	x26,x28,x11	 x28:0x7fffffff x11:0xfc000000 x26=0x7fffffff
      58625.000 ns	      5861	800014dc	a0381e53	flt.s	x28,f16,f3	 f16:0x00000001  f3:0x00000001 x28=0x00000000
      58645.000 ns	      5863	800014e0	0177dd13	srli	x26,x15,0x17	 x15:0x00000673 x26=0x00000000
      58655.000 ns	      5864	800014e4	0127f333	and	x6,x15,x18	 x15:0x00000673 x18:0xfeb49800  x6=0x00000000
      58665.000 ns	      5865	800014e8	00000013	addi	x0,x0,0	  x0:0x00000000
      58685.000 ns	      5867	800014ec	e00688d3	fmv.x.w	x17,f13	 f13:0x7fc00000 x17=0x7fc00000
      58705.000 ns	      5869	800014f0	54bd6593	ori	x11,x26,1355	 x26:0x00000000 x11=0x0000054b
      58715.000 ns	      5870	800014f4	9f67bc13	sltiu	x24,x15,-1546	 x15:0x00000673 x24=0x00000001
      58725.000 ns	      5871	800014f8	12e283b7	lui	x7,0x12e28	  x7=0x12e28000
      58735.000 ns	      5872	800014fc	40e25233	sra	x4,x4,x14	  x4:0xded93000 x14:0x80040fe4  x4=0xfded9300
      58745.000 ns	      5873	80001500	41b25a93	srai	x21,x4,0x1b	  x4:0xded93000 x21=0xffffffff
      58765.000 ns	      5875	80001504	03fc21b3	mulhsu	x3,x24,x31	 x24:0x00000001 x31:0xfeb49800  x3=0x00000000
      58795.000 ns	      5878	80001508	c01178d3	fcvt.wu.s	x17,f2	  f2:0xc3828000 x17=0x00000105
      58825.000 ns	      5881	8000150c	200c0353	fsgnj.s	f6,f24,f0	 f24:0x40800000  f0:0x00000000  f6=0x40800000
      58845.000 ns	      5883	80001510	01e69793	slli	x15,x13,0x1e	 x13:0xffffffff x15=0xc0000000
      58865.000 ns	      5885	80001514	02169e33	mulh	x28,x13,x1	 x13:0xffffffff  x1:0x00000000 x28=0x00000000
      58895.000 ns	      5888	80001518	0344a433	mulhsu	x8,x9,x20	  x9:0x7fc00000 x20:0xfffff844  x8=0x7fbffc23
      58925.000 ns	      5891	8000151c	a13229d3	feq.s	x19,f4,f19	  f4:0x00000000 f19:0x7fc00000 x19=0x00000000
      58945.000 ns	      5893	80001520	003a08b3	add	x17,x20,x3	 x20:0xfffff844  x3:0x00000000 x17=0xfffff844
      58965.000 ns	      5895	80001524	218b00d3	fsgnj.s	f1,f22,f24	 f22:0x000002e9 f24:0x40800000  f1=0x000002e9
      58995.000 ns	      5898	80001528	c01ffcd3	fcvt.wu.s	x25,f31	 f31:0x5bb4b47c x25=0xffffffff
      59025.000 ns	      5901	8000152c	e0051f53	fclass.s	x30,f10	 f10:0x00000000 x30=0x00000010
      60205.000 ns	      6019	80001530	580cf8d3	fsqrt.s	f17,f25	 f25:0x4efff7e0 f17=0x473501cc
      60235.000 ns	      6022	80001534	a1052fd3	feq.s	x31,f10,f16	 f10:0x00000000 f16:0x00000001 x31=0x00000000
      60255.000 ns	      6024	80001538	169d4613	xori	x12,x26,361	 x26:0x00000000 x12=0x00000169
      60275.000 ns	      6026	8000153c	c00f8353	fcvt.w.s	x6,f31	 f31:0x5bb4b47c  x6=0x7fffffff
      60295.000 ns	      6028	80001540	55df4493	xori	x9,x30,1373	 x30:0x00000010  x9=0x0000054d
      60315.000 ns	      6030	80001544	d0047753	fcvt.s.w	f14,x8	  x8:0x7fbffc23 f14=0x4eff7ff8
      60335.000 ns	      6032	80001548	016b5e33	srl	x28,x22,x22	 x22:0xaaa84e4e x22:0xaaa84e4e x28=0x0002aaa1
      60375.000 ns	      6036	8000154c	004b74d3	fadd.s	f9,f22,f4	 f22:0x000002e9  f4:0x00000000  f9=0x000002e9
      60405.000 ns	      6039	80001550	a0079653	flt.s	x12,f15,f0	 f15:0xff34b4b6  f0:0x00000000 x12=0x00000001
      60445.000 ns	      6043	80001554	58042453	fsqrt.s	f8,f8	  f8:0x96037850  f8=0x7fc00000
      60485.000 ns	      6047	80001558	107175d3	fmul.s	f11,f2,f7	  f2:0xc3828000  f7:0xdbb4b47c f11=0x5fb83c02
      60515.000 ns	      6050	8000155c	290d97d3	fmax.s	f15,f27,f16	 f27:0xfffe8720 f16:0x00000001 f15=0x00000001
      60545.000 ns	      6053	80001560	a06b0853	fle.s	x16,f22,f6	 f22:0x000002e9  f6:0x40800000 x16=0x00000001
      60565.000 ns	      6055	80001564	a44b4c93	xori	x25,x22,-1468	 x22:0xaaa84e4e x25=0x5557b40a
      60575.000 ns	      6056	80001568	28017b93	andi	x23,x2,640	  x2:0x000aaa85 x23=0x00000280
      60585.000 ns	      6057	8000156c	4084de93	srai	x29,x9,0x8	  x9:0x0000054d x29=0x00000005
      60945.000 ns	      6093	80001570	02eddfb3	divu	x31,x27,x14	 x27:0x00000000 x14:0x80040fe4 x31=0x00000000
      60975.000 ns	      6096	80001574	e00d9c53	fclass.s	x24,f27	 f27:0xfffe8720 x24=0x00000200
      60995.000 ns	      6098	80001578	01497333	and	x6,x18,x20	 x18:0xfeb49800 x20:0xfffff844  x6=0xfeb49800
      61355.000 ns	      6134	8000157c	032e6a33	rem	x20,x28,x18	 x28:0x0002aaa1 x18:0xfeb49800 x20=0x0002aaa1
      61375.000 ns	      6136	80001580	5a38e893	ori	x17,x17,1443	 x17:0xfffff844 x17=0xfffffde7
      61405.000 ns	      6139	80001584	580438d3	fsqrt.s	f17,f8	  f8:0x7fc00000 f17=0x7fc00000
      61435.000 ns	      6142	80001588	d0144c53	fcvt.s.wu	f24,x8	  x8:0x7fbffc23 f24=0x4eff7ff8
      61455.000 ns	      6144	8000158c	00ec9ab3	sll	x21,x25,x14	 x25:0x5557b40a x14:0x80040fe4 x21=0x557b40a0
      61475.000 ns	      6146	80001590	c00fb653	fcvt.w.s	x12,f31	 f31:0x5bb4b47c x12=0x7fffffff
      61495.000 ns	      6148	80001594	012b9093	slli	x1,x23,0x12	 x23:0x00000280  x1=0x0a000000
      61515.000 ns	      6150	80001598	d0023fd3	fcvt.s.w	f31,x4	  x4:0xfded9300 f31=0xcc049b40
      61545.000 ns	      6153	8000159c	e0089dd3	fclass.s	x27,f17	 f17:0x7fc00000 x27=0x00000200
      61595.000 ns	      6158	800015a0	013f7153	fadd.s	f2,f30,f19	 f30:0x7fc00000 f19:0x7fc00000  f2=0x7fc00000
      61625.000 ns	      6161	800015a4	037e20b3	mulhsu	x1,x28,x23	 x28:0x0002aaa1 x23:0x00000280  x1=0x00000000
      61655.000 ns	      6164	800015a8	02a29d33	mulh	x26,x5,x10	  x5:0x80041024 x10:0x00000000 x26=0x00000000
      62025.000 ns	      6201	800015ac	02916ab3	rem	x21,x2,x9	  x2:0x000aaa85  x9:0x0000054d x21=0x0000009e
      62075.000 ns	      6206	800015b0	0953f5d3	fsub.s	f11,f7,f21	  f7:0xdbb4b47c f21:0x80000000 f11=0xdbb4b47c
      62105.000 ns	      6209	800015b4	021d1033	mulh	x0,x26,x1	 x26:0x00000000  x1:0x00000000
      62135.000 ns	      6212	800015b8	d0117fd3	fcvt.s.wu	f31,x2	  x2:0x000aaa85 f31=0x492aa850
      62155.000 ns	      6214	800015bc	00a2c433	xor	x8,x5,x10	  x5:0x80041024 x10:0x00000000  x8=0x80041024
      62165.000 ns	      6215	800015c0	00e72c33	slt	x24,x14,x14	 x14:0x80040fe4 x14:0x80040fe4 x24=0x00000000
      62175.000 ns	      6216	800015c4	4111dab3	sra	x21,x3,x17	  x3:0x00000000 x17:0xfffffde7 x21=0x00000000
      62185.000 ns	      6217	800015c8	0192c133	xor	x2,x5,x25	  x5:0x80041024 x25:0x5557b40a  x2=0xd553a42e
      62545.000 ns	      6253	800015cc	02d3ceb3	div	x29,x7,x13	  x7:0x12e28000 x13:0xffffffff x29=0xed1d8000
      62575.000 ns	      6256	800015d0	a11a2c53	feq.s	x24,f20,f17	 f20:0x000002e9 f17:0x7fc00000 x24=0x00000000
      62625.000 ns	      6261	800015d4	09a9a153	fsub.s	f2,f19,f26	 f19:0x7fc00000 f26:0x445f4000  f2=0x7fc00000
      62645.000 ns	      6263	800015d8	00000013	addi	x0,x0,0	  x0:0x00000000
      62685.000 ns	      6267	800015dc	009a1fd3	fadd.s	f31,f20,f9	 f20:0x000002e9  f9:0x000002e9 f31=0x000005d2
      62705.000 ns	      6269	800015e0	415b5433	sra	x8,x22,x21	 x22:0xaaa84e4e x21:0x00000000  x8=0xaaa84e4e
      62725.000 ns	      6271	800015e4	023c78b3	remu	x17,x24,x3	 x24:0x00000000  x3:0x00000000 x17=0x00000000
      62745.000 ns	      6273	800015e8	2cb44c93	xori	x25,x8,715	  x8:0x80041024 x25=0xaaa84c85
      62785.000 ns	      6277	800015ec	0003f4d3	fadd.s	f9,f7,f0	  f7:0xdbb4b47c  f0:0x00000000  f9=0xdbb4b47c
      62815.000 ns	      6280	800015f0	217e9a53	fsgnjn.s	f20,f29,f23	 f29:0x00000000 f23:0x800002e9 f20=0x00000000
      62835.000 ns	      6282	800015f4	01ae6e33	or	x28,x28,x26	 x28:0x0002aaa1 x26:0x00000000 x28=0x0002aaa1
      62845.000 ns	      6283	800015f8	972caf13	slti	x30,x25,-1678	 x25:0xaaa84c85 x30=0x00000001
      62865.000 ns	      6285	800015fc	a179aed3	feq.s	x29,f19,f23	 f19:0x7fc00000 f23:0x800002e9 x29=0x00000000
      62885.000 ns	      6287	80001600	0127aab3	slt	x21,x15,x18	 x15:0xc0000000 x18:0xfeb49800 x21=0x00000001
      62905.000 ns	      6289	80001604	037c8db3	mul	x27,x25,x23	 x25:0xaaa84c85 x23:0x00000280 x27=0xa4bf4c80
      62935.000 ns	      6292	80001608	031c0db3	mul	x27,x24,x17	 x24:0x00000000 x17:0x00000000 x27=0x00000000
      62955.000 ns	      6294	8000160c	40a65433	sra	x8,x12,x10	 x12:0x7fffffff x10:0x00000000  x8=0x7fffffff
      62965.000 ns	      6295	80001610	45168337	lui	x6,0x45168	  x6=0x45168000
      62985.000 ns	      6297	80001614	0216b1b3	mulhu	x3,x13,x1	 x13:0xffffffff  x1:0x00000000  x3=0x00000000
      63015.000 ns	      6300	80001618	d01bc9d3	fcvt.s.wu	f19,x23	 x23:0x00000280 f19=0x44200000
      63045.000 ns	      6303	8000161c	c00cf8d3	fcvt.w.s	x17,f25	 f25:0x4efff7e0 x17=0x7ffbf000
      63075.000 ns	      6306	80001620	0237f5b3	remu	x11,x15,x3	 x15:0xc0000000  x3:0x00000000 x11=0xc0000000
      63105.000 ns	      6309	80001624	d00893d3	fcvt.s.w	f7,x17	 x17:0x7ffbf000  f7=0x4efff7e0
      63135.000 ns	      6312	80001628	0311b0b3	mulhu	x1,x3,x17	  x3:0x00000000 x17:0x7ffbf000  x1=0x00000000
      63165.000 ns	      6315	8000162c	d0103ad3	fcvt.s.wu	f21,x0	  x0:0x00000000 f21=0x00000000
      63185.000 ns	      6317	80001630	2eaf6617	auipc	x12,0x2eaf6	 x12=0xaeaf7630
      63195.000 ns	      6318	80001634	003550b3	srl	x1,x10,x3	 x10:0x00000000  x3:0x00000000  x1=0x00000000
      63205.000 ns	      6319	80001638	41a788b3	sub	x17,x15,x26	 x15:0xc0000000 x26:0x00000000 x17=0xc0000000
      63225.000 ns	      6321	8000163c	d007f053	fcvt.s.w	f0,x15	 x15:0xc0000000  f0=0xce800000
      63245.000 ns	      6323	80001640	01fbdbb3	srl	x23,x23,x31	 x23:0x00000280 x31:0x00000000 x23=0x00000280
      63265.000 ns	      6325	80001644	033bed33	rem	x26,x23,x19	 x23:0x00000280 x19:0x00000000 x26=0x00000280
      63295.000 ns	      6328	80001648	21ac1753	fsgnjn.s	f14,f24,f26	 f24:0x4eff7ff8 f26:0x445f4000 f14=0xceff7ff8
      64475.000 ns	      6446	8000164c	58099153	fsqrt.s	f2,f19	 f19:0x44200000  f2=0x416245a0
      64495.000 ns	      6448	80001650	63ff8213	addi	x4,x31,1599	 x31:0x00000000  x4=0x0000063f
      64855.000 ns	      6484	80001654	02275433	divu	x8,x14,x2	 x14:0x80040fe4  x2:0xd553a42e  x8=0x00000000
      64885.000 ns	      6487	80001658	21b82753	fsgnjx.s	f14,f16,f27	 f16:0x00000001 f27:0xfffe8720 f14=0x80000001
      64905.000 ns	      6489	8000165c	6b1aaab7	lui	x21,0x6b1aa	 x21=0x6b1aa000
      64925.000 ns	      6491	80001660	a1f1aed3	feq.s	x29,f3,f31	  f3:0x00000001 f31:0x000005d2 x29=0x00000000
      64955.000 ns	      6494	80001664	03752c33	mulhsu	x24,x10,x23	 x10:0x00000000 x23:0x00000280 x24=0x00000000
      64975.000 ns	      6496	80001668	0088d533	srl	x10,x17,x8	 x17:0xc0000000  x8:0x00000000 x10=0xc0000000
      64995.000 ns	      6498	8000166c	a15d21d3	feq.s	x3,f26,f21	 f26:0x445f4000 f21:0x00000000  x3=0x00000000
      65015.000 ns	      6500	80001670	008b57b3	srl	x15,x22,x8	 x22:0xaaa84e4e  x8:0x00000000 x15=0xaaa84e4e
      65025.000 ns	      6501	80001674	0b98ec13	ori	x24,x17,185	 x17:0xc0000000 x24=0xc00000b9
      65045.000 ns	      6503	80001678	a01425d3	feq.s	x11,f8,f1	  f8:0x7fc00000  f1:0x000002e9 x11=0x00000000
      65075.000 ns	      6506	8000167c	a1be8a53	fle.s	x20,f29,f27	 f29:0x00000000 f27:0xfffe8720 x20=0x00000000
      65105.000 ns	      6509	80001680	203f8253	fsgnj.s	f4,f31,f3	 f31:0x000005d2  f3:0x00000001  f4=0x000005d2
      65135.000 ns	      6512	80001684	a19411d3	flt.s	x3,f8,f25	  f8:0x7fc00000 f25:0x4efff7e0  x3=0x00000000
      65165.000 ns	      6515	80001688	284e07d3	fmin.s	f15,f28,f4	 f28:0x00000000  f4:0x000005d2 f15=0x00000000
      65195.000 ns	      6518	8000168c	02fb24b3	mulhsu	x9,x22,x15	 x22:0xaaa84e4e x15:0xaaa84e4e  x9=0xc71ba858
      65215.000 ns	      6520	80001690	5a53b793	sltiu	x15,x7,1445	  x7:0x12e28000 x15=0x00000000
      65225.000 ns	      6521	80001694	01c94933	xor	x18,x18,x28	 x18:0xfeb49800 x28:0x0002aaa1 x18=0xfeb632a1
      65235.000 ns	      6522	80001698	01f5c3b3	xor	x7,x11,x31	 x11:0x00000000 x31:0x00000000  x7=0x00000000
      65245.000 ns	      6523	8000169c	0008dd93	srli	x27,x17,0x0	 x17:0xc0000000 x27=0xc0000000
      65285.000 ns	      6527	800016a0	0907bf53	fsub.s	f30,f15,f16	 f15:0x00000000 f16:0x00000001 f30=0x80000001
      65315.000 ns	      6530	800016a4	e00399d3	fclass.s	x19,f7	  f7:0x4efff7e0 x19=0x00000040
      65345.000 ns	      6533	800016a8	e00f94d3	fclass.s	x9,f31	 f31:0x000005d2  x9=0x00000020
      65365.000 ns	      6535	800016ac	00a31d33	sll	x26,x6,x10	  x6:0x45168000 x10:0xc0000000 x26=0x45168000
      65375.000 ns	      6536	800016b0	002af8b3	and	x17,x21,x2	 x21:0x6b1aa000  x2:0xd553a42e x17=0x4112a000
      65395.000 ns	      6538	800016b4	023cfcb3	remu	x25,x25,x3	 x25:0xaaa84c85  x3:0x00000000 x25=0xaaa84c85
      65415.000 ns	      6540	800016b8	542a3493	sltiu	x9,x20,1346	 x20:0x00000000  x9=0x00000001
      65775.000 ns	      6576	800016bc	02934a33	div	x20,x6,x9	  x6:0x45168000  x9:0x00000020 x20=0x45168000
      65795.000 ns	      6578	800016c0	01718633	add	x12,x3,x23	  x3:0x00000000 x23:0x00000280 x12=0x00000280
      65805.000 ns	      6579	800016c4	6a832e13	slti	x28,x6,1704	  x6:0x45168000 x28=0x00000000
      65825.000 ns	      6581	800016c8	e0079253	fclass.s	x4,f15	 f15:0x00000000  x4=0x00000010
      65855.000 ns	      6584	800016cc	030b1bb3	mulh	x23,x22,x16	 x22:0xaaa84e4e x16:0x00000001 x23=0xffffffff
      65885.000 ns	      6587	800016d0	2136a6d3	fsgnjx.s	f13,f13,f19	 f13:0x7fc00000 f19:0x44200000 f13=0x7fc00000
      65905.000 ns	      6589	800016d4	010d5a13	srli	x20,x26,0x10	 x26:0x45168000 x20=0x00004516
      67075.000 ns	      6706	800016d8	580fbed3	fsqrt.s	f29,f31	 f31:0x000005d2 f29=0x1f350cbe
      67125.000 ns	      6711	800016dc	0083fd53	fadd.s	f26,f7,f8	  f7:0x4efff7e0  f8:0x7fc00000 f26=0x7fc00000
      67155.000 ns	      6714	800016e0	02c500b3	mul	x1,x10,x12	 x10:0xc0000000 x12:0x00000280  x1=0x00000000
      67185.000 ns	      6717	800016e4	c016a9d3	fcvt.wu.s	x19,f13	 f13:0x7fc00000 x19=0xffffffff
      67225.000 ns	      6721	800016e8	19194cd3	fdiv.s	f25,f18,f17	 f18:0x00000001 f17:0x7fc00000 f25=0x7fc00000
      67255.000 ns	      6724	800016ec	02794ab3	div	x21,x18,x7	 x18:0xfeb632a1  x7:0x00000000 x21=0xffffffff
      67285.000 ns	      6727	800016f0	e00e1fd3	fclass.s	x31,f28	 f28:0x00000000 x31=0x00000010
      67315.000 ns	      6730	800016f4	03f103b3	mul	x7,x2,x31	  x2:0xd553a42e x31:0x00000000  x7=0x553a42e0
      67345.000 ns	      6733	800016f8	d01277d3	fcvt.s.wu	f15,x4	  x4:0x00000010 f15=0x41800000
      67375.000 ns	      6736	800016fc	2174a1d3	fsgnjx.s	f3,f9,f23	  f9:0xdbb4b47c f23:0x800002e9  f3=0x5bb4b47c
      67395.000 ns	      6738	80001700	00000013	addi	x0,x0,0	  x0:0x00000000
      67415.000 ns	      6740	80001704	a0431053	flt.s	x0,f6,f4	  f6:0x40800000  f4:0x000005d2
      67435.000 ns	      6742	80001708	e10e7213	andi	x4,x28,-496	 x28:0x00000000  x4=0x00000000
      67465.000 ns	      6745	8000170c	10949753	fmul.s	f14,f9,f9	  f9:0xdbb4b47c  f9:0xdbb4b47c f14=0x77ff1c9b
      67495.000 ns	      6748	80001710	213aa153	fsgnjx.s	f2,f21,f19	 f21:0x00000000 f19:0x44200000  f2=0x00000000
      67515.000 ns	      6750	80001714	dc566a13	ori	x20,x12,-571	 x12:0x00000280 x20=0xffffffc5
      67525.000 ns	      6751	80001718	00b59ab3	sll	x21,x11,x11	 x11:0x00000000 x11:0x00000000 x21=0x00000000
      67885.000 ns	      6787	8000171c	03065433	divu	x8,x12,x16	 x12:0x00000280 x16:0x00000001  x8=0x00000280
      67905.000 ns	      6789	80001720	00e69d33	sll	x26,x13,x14	 x13:0xffffffff x14:0x80040fe4 x26=0xfffffff0
      67925.000 ns	      6791	80001724	e00f06d3	fmv.x.w	x13,f30	 f30:0x80000001 x13=0x80000001
      67955.000 ns	      6794	80001728	03a61bb3	mulh	x23,x12,x26	 x12:0x00000280 x26:0x45168000 x23=0xffffffff
      67985.000 ns	      6797	8000172c	e0009153	fclass.s	x2,f1	  f1:0x000002e9  x2=0x00000020
      68005.000 ns	      6799	80001730	01559f13	slli	x30,x11,0x15	 x11:0x00000000 x30=0x00000000
      68015.000 ns	      6800	80001734	000c7db3	and	x27,x24,x0	 x24:0xc00000b9  x0:0x00000000 x27=0x00000000
      68025.000 ns	      6801	80001738	34d8e193	ori	x3,x17,845	 x17:0x4112a000  x3=0x4112a34d
      68355.000 ns	      6834	8000173c	19798f53	fdiv.s	f30,f19,f23	 f19:0x44200000 f23:0x800002e9 f30=0xff800000
      68375.000 ns	      6836	80001740	01952533	slt	x10,x10,x25	 x10:0xc0000000 x25:0xaaa84c85 x10=0x00000000
      68395.000 ns	      6838	80001744	f00f0f53	fmv.w.x	f30,x30	 x30:0x00000000 f30=0x00000000
      68415.000 ns	      6840	80001748	cfdc3f13	sltiu	x30,x24,-771	 x24:0xc00000b9 x30=0x00000001
      68435.000 ns	      6842	8000174c	f0028a53	fmv.w.x	f20,x5	  x5:0x80041024 f20=0x80041024
      68455.000 ns	      6844	80001750	01e77e33	and	x28,x14,x30	 x14:0x80040fe4 x30:0x00000000 x28=0x00000000
      68465.000 ns	      6845	80001754	00000013	addi	x0,x0,0	  x0:0x00000000
      68475.000 ns	      6846	80001758	1e6b6093	ori	x1,x22,486	 x22:0xaaa84e4e  x1=0xaaa84fee
      68495.000 ns	      6848	8000175c	20858ad3	fsgnj.s	f21,f11,f8	 f11:0xdbb4b47c  f8:0x7fc00000 f21=0x5bb4b47c
      68525.000 ns	      6851	80001760	f00b8753	fmv.w.x	f14,x23	 x23:0xffffffff f14=0xffffffff
      68555.000 ns	      6854	80001764	c01f8353	fcvt.wu.s	x6,f31	 f31:0x000005d2  x6=0x00000000
      68925.000 ns	      6891	80001768	03356db3	rem	x27,x10,x19	 x10:0x00000000 x19:0xffffffff x27=0x00000000
      68955.000 ns	      6894	8000176c	f0088653	fmv.w.x	f12,x17	 x17:0x4112a000 f12=0x4112a000
      68975.000 ns	      6896	80001770	c6178313	addi	x6,x15,-927	 x15:0x00000000  x6=0xfffffc61
      68995.000 ns	      6898	80001774	29d089d3	fmin.s	f19,f1,f29	  f1:0x000002e9 f29:0x1f350cbe f19=0x000002e9
      69015.000 ns	      6900	80001778	01593e33	sltu	x28,x18,x21	 x18:0xfeb632a1 x21:0x00000000 x28=0x00000000
      69025.000 ns	      6901	8000177c	01db38b3	sltu	x17,x22,x29	 x22:0xaaa84e4e x29:0x00000000 x17=0x00000000
      69045.000 ns	      6903	80001780	d0174853	fcvt.s.wu	f16,x14	 x14:0x80040fe4 f16=0x4f000410
      69065.000 ns	      6905	80001784	a5fc3a13	sltiu	x20,x24,-1441	 x24:0xc00000b9 x20=0x00000001
      69425.000 ns	      6941	80001788	02724f33	div	x30,x4,x7	  x4:0x00000000  x7:0x553a42e0 x30=0x00000000
      69455.000 ns	      6944	8000178c	02b73533	mulhu	x10,x14,x11	 x14:0x80040fe4 x11:0x00000000 x10=0x00000000
      69485.000 ns	      6947	80001790	02fb0a33	mul	x20,x22,x15	 x22:0xaaa84e4e x15:0x00000000 x20=0x00000000
      69505.000 ns	      6949	80001794	01fc9a93	slli	x21,x25,0x1f	 x25:0xaaa84c85 x21=0x80000000
      69515.000 ns	      6950	80001798	400683b3	sub	x7,x13,x0	 x13:0x80000001  x0:0x00000000  x7=0x80000001
      69535.000 ns	      6952	8000179c	c016f5d3	fcvt.wu.s	x11,f13	 f13:0x7fc00000 x11=0xffffffff
      69565.000 ns	      6955	800017a0	e00c87d3	fmv.x.w	x15,f25	 f25:0x7fc00000 x15=0x7fc00000
      69935.000 ns	      6992	800017a4	0289cdb3	div	x27,x19,x8	 x19:0xffffffff  x8:0x00000280 x27=0x00000000
      69985.000 ns	      6997	800017a8	08aa8ed3	fsub.s	f29,f21,f10	 f21:0x5bb4b47c f10:0x00000000 f29=0x5bb4b47c
      70005.000 ns	      6999	800017ac	01ae7a33	and	x20,x28,x26	 x28:0x00000000 x26:0xfffffff0 x20=0x00000000
      70015.000 ns	      7000	800017b0	00189c93	slli	x25,x17,0x1	 x17:0x00000000 x25=0x00000000
      70035.000 ns	      7002	800017b4	e00d8853	fmv.x.w	x16,f27	 f27:0xfffe8720 x16=0xfffe8720
      70065.000 ns	      7005	800017b8	28e708d3	fmin.s	f17,f14,f14	 f14:0xffffffff f14:0xffffffff f17=0x7fc00000
      70095.000 ns	      7008	800017bc	f00209d3	fmv.w.x	f19,x4	  x4:0x00000000 f19=0x00000000
      70115.000 ns	      7010	800017c0	01673db3	sltu	x27,x14,x22	 x14:0x80040fe4 x22:0xaaa84e4e x27=0x00000001
      70145.000 ns	      7013	800017c4	5804b653	fsqrt.s	f12,f9	  f9:0xdbb4b47c f12=0x7fc00000
      70165.000 ns	      7015	800017c8	d1056993	ori	x19,x10,-752	 x10:0x00000000 x19=0xfffffd10
      70175.000 ns	      7016	800017cc	4068d913	srai	x18,x17,0x6	 x17:0x00000000 x18=0x00000000
      70195.000 ns	      7018	800017d0	29191bd3	fmax.s	f23,f18,f17	 f18:0x00000001 f17:0x7fc00000 f23=0x00000001
      70215.000 ns	      7020	800017d4	000fe6b3	or	x13,x31,x0	 x31:0x00000010  x0:0x00000000 x13=0x00000010
      70225.000 ns	      7021	800017d8	0063a433	slt	x8,x7,x6	  x7:0x80000001  x6:0xfffffc61  x8=0x00000001
      70245.000 ns	      7023	800017dc	c00ab3d3	fcvt.w.s	x7,f21	 f21:0x5bb4b47c  x7=0x7fffffff
      70275.000 ns	      7026	800017e0	025210b3	mulh	x1,x4,x5	  x4:0x00000000  x5:0x80041024  x1=0x00000000
      70295.000 ns	      7028	800017e4	00781413	slli	x8,x16,0x7	 x16:0xfffe8720  x8=0xff439000
      70315.000 ns	      7030	800017e8	29c10ed3	fmin.s	f29,f2,f28	  f2:0x00000000 f28:0x00000000 f29=0x00000000
      70335.000 ns	      7032	800017ec	00109a33	sll	x20,x1,x1	  x1:0x00000000  x1:0x00000000 x20=0x00000000
      70695.000 ns	      7068	800017f0	0257c833	div	x16,x15,x5	 x15:0x7fc00000  x5:0x80041024 x16=0x00000000
      70715.000 ns	      7070	800017f4	6c99ee13	ori	x28,x19,1737	 x19:0xfffffd10 x28=0xffffffd9
      70735.000 ns	      7072	800017f8	02a51133	mulh	x2,x10,x10	 x10:0x00000000 x10:0x00000000  x2=0x00000000
      70765.000 ns	      7075	800017fc	a0859653	flt.s	x12,f11,f8	 f11:0xdbb4b47c  f8:0x7fc00000 x12=0x00000000
      70785.000 ns	      7077	80001800	41fe0c33	sub	x24,x28,x31	 x28:0xffffffd9 x31:0x00000010 x24=0xffffffc9
      70805.000 ns	      7079	80001804	024600b3	mul	x1,x12,x4	 x12:0x00000000  x4:0x00000000  x1=0x00000000
      70855.000 ns	      7084	80001808	01eb74d3	fadd.s	f9,f22,f30	 f22:0x000002e9 f30:0x00000000  f9=0x000002e9
      70885.000 ns	      7087	8000180c	21c29ad3	fsgnjn.s	f21,f5,f28	  f5:0x00000000 f28:0x00000000 f21=0x80000000
      70905.000 ns	      7089	80001810	41045793	srai	x15,x8,0x10	  x8:0xff439000 x15=0xffffff43
      70925.000 ns	      7091	80001814	021b60b3	rem	x1,x22,x1	 x22:0xaaa84e4e  x1:0x00000000  x1=0xaaa84e4e
      70955.000 ns	      7094	80001818	c0010953	fcvt.w.s	x18,f2	  f2:0x00000000 x18=0x00000000
      70975.000 ns	      7096	8000181c	1833f113	andi	x2,x7,387	  x7:0x7fffffff  x2=0x00000183
      70985.000 ns	      7097	80001820	00b0eeb3	or	x29,x1,x11	  x1:0xaaa84e4e x11:0xffffffff x29=0xffffffff
      70995.000 ns	      7098	80001824	48f32593	slti	x11,x6,1167	  x6:0xfffffc61 x11=0x00000001
      71005.000 ns	      7099	80001828	7fec9217	auipc	x4,0x7fec9	  x4=0xffeca828
      71015.000 ns	      7100	8000182c	8851a813	slti	x16,x3,-1915	  x3:0x4112a34d x16=0x00000000
      71025.000 ns	      7101	80001830	005f0e33	add	x28,x30,x5	 x30:0x00000000  x5:0x80041024 x28=0x80041024
      71045.000 ns	      7103	80001834	c0162fd3	fcvt.wu.s	x31,f12	 f12:0x7fc00000 x31=0xffffffff
      71065.000 ns	      7105	80001838	00387133	and	x2,x16,x3	 x16:0x00000000  x3:0x4112a34d  x2=0x00000000
      71085.000 ns	      7107	8000183c	a1d9a7d3	feq.s	x15,f19,f29	 f19:0x00000000 f29:0x00000000 x15=0x00000001
      71455.000 ns	      7144	80001840	035acf33	div	x30,x21,x21	 x21:0x80000000 x21:0x80000000 x30=0x00000001
      71485.000 ns	      7147	80001844	f00a83d3	fmv.w.x	f7,x21	 x21:0x80000000  f7=0x80000000
      71515.000 ns	      7150	80001848	e0019853	fclass.s	x16,f3	  f3:0x5bb4b47c x16=0x00000040
      71545.000 ns	      7153	8000184c	d0127853	fcvt.s.wu	f16,x4	  x4:0xffeca828 f16=0x4f7feca8
      71565.000 ns	      7155	80001850	019704b3	add	x9,x14,x25	 x14:0x80040fe4 x25:0x00000000  x9=0x80040fe4
      71585.000 ns	      7157	80001854	d00b2453	fcvt.s.w	f8,x22	 x22:0xaaa84e4e  f8=0xceaaaf64
      71615.000 ns	      7160	80001858	29589753	fmax.s	f14,f17,f21	 f17:0x7fc00000 f21:0x80000000 f14=0x80000000
      71645.000 ns	      7163	8000185c	d00b8ad3	fcvt.s.w	f21,x23	 x23:0xffffffff f21=0xbf800000
      72015.000 ns	      7200	80001860	0216d633	divu	x12,x13,x1	 x13:0x00000010  x1:0xaaa84e4e x12=0x00000000
      72035.000 ns	      7202	80001864	41ab5133	sra	x2,x22,x26	 x22:0xaaa84e4e x26:0xfffffff0  x2=0xffffaaa8
      72045.000 ns	      7203	80001868	013e9913	slli	x18,x29,0x13	 x29:0xffffffff x18=0xfff80000
      72055.000 ns	      7204	8000186c	01278e33	add	x28,x15,x18	 x15:0x00000001 x18:0x00000000 x28=0xfff80001
      72065.000 ns	      7205	80001870	01b0b5b3	sltu	x11,x1,x27	  x1:0xaaa84e4e x27:0x00000001 x11=0x00000000
      72425.000 ns	      7241	80001874	0217d7b3	divu	x15,x15,x1	 x15:0x00000001  x1:0xaaa84e4e x15=0x00000000
      72455.000 ns	      7244	80001878	f0000fd3	fmv.w.x	f31,x0	  x0:0x00000000 f31=0x00000000
      72485.000 ns	      7247	8000187c	d01a07d3	fcvt.s.wu	f15,x20	 x20:0x00000000 f15=0x00000000
      72515.000 ns	      7250	80001880	03939a33	mulh	x20,x7,x25	  x7:0x7fffffff x25:0x00000000 x20=0x00000000
      72535.000 ns	      7252	80001884	af828a93	addi	x21,x5,-1288	  x5:0x80041024 x21=0x80040b1c
      72555.000 ns	      7254	80001888	02e51033	mulh	x0,x10,x14	 x10:0x00000000 x14:0x80040fe4
      72585.000 ns	      7257	8000188c	02c44db3	div	x27,x8,x12	  x8:0xff439000 x12:0x00000000 x27=0xffffffff
      72635.000 ns	      7262	80001890	084cfed3	fsub.s	f29,f25,f4	 f25:0x7fc00000  f4:0x000005d2 f29=0x7fc00000
      72655.000 ns	      7264	80001894	a71a6d93	ori	x27,x20,-1423	 x20:0x00000000 x27=0xfffffa71
      72675.000 ns	      7266	80001898	e00b9d53	fclass.s	x26,f23	 f23:0x00000001 x26=0x00000020
      72695.000 ns	      7268	8000189c	5c0d0393	addi	x7,x26,1472	 x26:0xfffffff0  x7=0x000005e0
      72715.000 ns	      7270	800018a0	29ec80d3	fmin.s	f1,f25,f30	 f25:0x7fc00000 f30:0x00000000  f1=0x00000000
      72745.000 ns	      7273	800018a4	03bf15b3	mulh	x11,x30,x27	 x30:0x00000001 x27:0xfffffa71 x11=0xffffffff
      72775.000 ns	      7276	800018a8	28440fd3	fmin.s	f31,f8,f4	  f8:0xceaaaf64  f4:0x000005d2 f31=0xceaaaf64
      72795.000 ns	      7278	800018ac	011b69b3	or	x19,x22,x17	 x22:0xaaa84e4e x17:0x00000000 x19=0xaaa84e4e
      72805.000 ns	      7279	800018b0	b0c1dfb7	lui	x31,0xb0c1d	 x31=0xb0c1d000
      72815.000 ns	      7280	800018b4	0092f3b3	and	x7,x5,x9	  x5:0x80041024  x9:0x80040fe4  x7=0x80040024
      72825.000 ns	      7281	800018b8	01871793	slli	x15,x14,0x18	 x14:0x80040fe4 x15=0xe4000000
      72845.000 ns	      7283	800018bc	2181add3	fsgnjx.s	f27,f3,f24	  f3:0x5bb4b47c f24:0x4eff7ff8 f27=0x5bb4b47c
      73215.000 ns	      7320	800018c0	038f6eb3	rem	x29,x30,x24	 x30:0x00000001 x24:0xffffffc9 x29=0x00000001
      73235.000 ns	      7322	800018c4	00bfb233	sltu	x4,x31,x11	 x31:0xb0c1d000 x11:0xffffffff  x4=0x00000001
      73245.000 ns	      7323	800018c8	0046f233	and	x4,x13,x4	 x13:0x00000010  x4:0xffeca828  x4=0x00000000
      73265.000 ns	      7325	800018cc	d017c953	fcvt.s.wu	f18,x15	 x15:0xe4000000 f18=0x4f640000
      73295.000 ns	      7328	800018d0	286408d3	fmin.s	f17,f8,f6	  f8:0xceaaaf64  f6:0x40800000 f17=0xceaaaf64
      73325.000 ns	      7331	800018d4	c00c0c53	fcvt.w.s	x24,f24	 f24:0x4eff7ff8 x24=0x7fbffc00
      73375.000 ns	      7336	800018d8	0118c7d3	fadd.s	f15,f17,f17	 f17:0xceaaaf64 f17:0xceaaaf64 f15=0xcf2aaf64
      73405.000 ns	      7339	800018dc	a08a81d3	fle.s	x3,f21,f8	 f21:0xbf800000  f8:0xceaaaf64  x3=0x00000000
      73425.000 ns	      7341	800018e0	52b36b93	ori	x23,x6,1323	  x6:0xfffffc61 x23=0xfffffd6b
      73445.000 ns	      7343	800018e4	d0072653	fcvt.s.w	f12,x14	 x14:0x80040fe4 f12=0xcefff7e1
      73475.000 ns	      7346	800018e8	28b09c53	fmax.s	f24,f1,f11	  f1:0x00000000 f11:0xdbb4b47c f24=0x00000000
      73505.000 ns	      7349	800018ec	287209d3	fmin.s	f19,f4,f7	  f4:0x000005d2  f7:0x80000000 f19=0x80000000
      73535.000 ns	      7352	800018f0	a016a053	feq.s	x0,f13,f1	 f13:0x7fc00000  f1:0x00000000
      73905.000 ns	      7389	800018f4	021053b3	divu	x7,x0,x1	  x0:0x00000000  x1:0xaaa84e4e  x7=0x00000000
      73925.000 ns	      7391	800018f8	01225833	srl	x16,x4,x18	  x4:0x00000000 x18:0xfff80000 x16=0x00000000
      73935.000 ns	      7392	800018fc	b1653d13	sltiu	x26,x10,-1258	 x10:0x00000000 x26=0x00000001
      73945.000 ns	      7393	80001900	004f81b3	add	x3,x31,x4	 x31:0xb0c1d000  x4:0x00000000  x3=0xb0c1d000
      73965.000 ns	      7395	80001904	283d0ad3	fmin.s	f21,f26,f3	 f26:0x7fc00000  f3:0x5bb4b47c f21=0x5bb4b47c
      73985.000 ns	      7397	80001908	2fddbc13	sltiu	x24,x27,765	 x27:0xfffffa71 x24=0x00000000
      73995.000 ns	      7398	8000190c	00fe0c33	add	x24,x28,x15	 x28:0xfff80001 x15:0xe4000000 x24=0xe3f80001
      74005.000 ns	      7399	80001910	001a1133	sll	x2,x20,x1	 x20:0x00000000  x1:0xaaa84e4e  x2=0x00000000
      74025.000 ns	      7401	80001914	c00c7253	fcvt.w.s	x4,f24	 f24:0x00000000  x4=0x00000000
      74055.000 ns	      7404	80001918	039dffb3	remu	x31,x27,x25	 x27:0xfffffa71 x25:0x00000000 x31=0xfffffa71
      74075.000 ns	      7406	8000191c	00000013	addi	x0,x0,0	  x0:0x00000000
      74085.000 ns	      7407	80001920	549fa893	slti	x17,x31,1353	 x31:0xfffffa71 x17=0x00000001
      74095.000 ns	      7408	80001924	2c283b93	sltiu	x23,x16,706	 x16:0x00000000 x23=0x00000001
      74115.000 ns	      7410	80001928	a0d38a53	fle.s	x20,f7,f13	  f7:0x80000000 f13:0x7fc00000 x20=0x00000000
      74145.000 ns	      7413	8000192c	d00d7fd3	fcvt.s.w	f31,x26	 x26:0x00000001 f31=0x3f800000
      74515.000 ns	      7450	80001930	0286ceb3	div	x29,x13,x8	 x13:0x00000010  x8:0xff439000 x29=0x00000000
      74545.000 ns	      7453	80001934	d0058e53	fcvt.s.w	f28,x11	 x11:0xffffffff f28=0xbf800000
      74575.000 ns	      7456	80001938	f00e8653	fmv.w.x	f12,x29	 x29:0x00000000 f12=0x00000000
      74605.000 ns	      7459	8000193c	03edb3b3	mulhu	x7,x27,x30	 x27:0xfffffa71 x30:0x00000001  x7=0x00000000
      74635.000 ns	      7462	80001940	2114abd3	fsgnjx.s	f23,f9,f17	  f9:0x000002e9 f17:0xceaaaf64 f23=0x800002e9
      74975.000 ns	      7496	80001944	196afe53	fdiv.s	f28,f21,f22	 f21:0x5bb4b47c f22:0x000002e9 f28=0x7f800000
      74995.000 ns	      7498	80001948	0151b6b3	sltu	x13,x3,x21	  x3:0xb0c1d000 x21:0x80040b1c x13=0x00000000
      75005.000 ns	      7499	8000194c	014fcdb3	xor	x27,x31,x20	 x31:0xfffffa71 x20:0x00000000 x27=0xfffffa71
      75015.000 ns	      7500	80001950	00891bb3	sll	x23,x18,x8	 x18:0xfff80000  x8:0xff439000 x23=0xfff80000
      75055.000 ns	      7504	80001954	09b2fc53	fsub.s	f24,f5,f27	  f5:0x00000000 f27:0x5bb4b47c f24=0xdbb4b47c
      75085.000 ns	      7507	80001958	a1818f53	fle.s	x30,f3,f24	  f3:0x5bb4b47c f24:0x00000000 x30=0x00000000
      75105.000 ns	      7509	8000195c	0067dc33	srl	x24,x15,x6	 x15:0xe4000000  x6:0xfffffc61 x24=0x72000000
      75145.000 ns	      7513	80001960	015ef5d3	fadd.s	f11,f29,f21	 f29:0x7fc00000 f21:0x5bb4b47c f11=0x7fc00000
      75175.000 ns	      7516	80001964	c003f9d3	fcvt.w.s	x19,f7	  f7:0x80000000 x19=0x00000000
      75195.000 ns	      7518	80001968	41e4d5b3	sra	x11,x9,x30	  x9:0x80040fe4 x30:0x00000000 x11=0x80040fe4
      75215.000 ns	      7520	8000196c	e00697d3	fclass.s	x15,f13	 f13:0x7fc00000 x15=0x00000200
      75255.000 ns	      7524	80001970	5807c353	fsqrt.s	f6,f15	 f15:0xcf2aaf64  f6=0x7fc00000
      75285.000 ns	      7527	80001974	210d8853	fsgnj.s	f16,f27,f16	 f27:0x5bb4b47c f16:0x4f7feca8 f16=0x5bb4b47c
      75305.000 ns	      7529	80001978	c8fbda17	auipc	x20,0xc8fbd	 x20=0x48fbe978
      75325.000 ns	      7531	8000197c	c00ca4d3	fcvt.w.s	x9,f25	 f25:0x7fc00000  x9=0x7fffffff
      75345.000 ns	      7533	80001980	2fe50e13	addi	x28,x10,766	 x10:0x00000000 x28=0x000002fe
      75365.000 ns	      7535	80001984	20af9153	fsgnjn.s	f2,f31,f10	 f31:0x3f800000 f10:0x00000000  f2=0xbf800000
      75385.000 ns	      7537	80001988	40b65813	srai	x16,x12,0xb	 x12:0x00000000 x16=0x00000000
      75745.000 ns	      7573	8000198c	03c759b3	divu	x19,x14,x28	 x14:0x80040fe4 x28:0x000002fe x19=0x002ac88a
      75775.000 ns	      7576	80001990	02d89ab3	mulh	x21,x17,x13	 x17:0x00000001 x13:0x00000000 x21=0x00000000
      75805.000 ns	      7579	80001994	02deac33	mulhsu	x24,x29,x13	 x29:0x00000000 x13:0x00000000 x24=0x00000000
      75825.000 ns	      7581	80001998	b45de213	ori	x4,x27,-1211	 x27:0xfffffa71  x4=0xfffffb75
      75865.000 ns	      7585	8000199c	01d0c7d3	fadd.s	f15,f1,f29	  f1:0x00000000 f29:0x7fc00000 f15=0x7fc00000
      77045.000 ns	      7703	800019a0	580fa3d3	fsqrt.s	f7,f31	 f31:0x3f800000  f7=0x3f7fffae
      77075.000 ns	      7706	800019a4	c01571d3	fcvt.wu.s	x3,f10	 f10:0x00000000  x3=0x00000000
      77095.000 ns	      7708	800019a8	7441b613	sltiu	x12,x3,1860	  x3:0xb0c1d000 x12=0x00000001
      77105.000 ns	      7709	800019ac	c591bc13	sltiu	x24,x3,-935	  x3:0x00000000 x24=0x00000001
      77125.000 ns	      7711	800019b0	a15091d3	flt.s	x3,f1,f21	  f1:0x00000000 f21:0x5bb4b47c  x3=0x00000001
      77145.000 ns	      7713	800019b4	00c7c533	xor	x10,x15,x12	 x15:0x00000200 x12:0x00000001 x10=0x00000201
      77155.000 ns	      7714	800019b8	00951033	sll	x0,x10,x9	 x10:0x00000000  x9:0x7fffffff
      77175.000 ns	      7716	800019bc	292c0a53	fmin.s	f20,f24,f18	 f24:0xdbb4b47c f18:0x4f640000 f20=0xdbb4b47c
      77195.000 ns	      7718	800019c0	0134d813	srli	x16,x9,0x13	  x9:0x7fffffff x16=0x00000fff
      77205.000 ns	      7719	800019c4	a279c313	xori	x6,x19,-1497	 x19:0x002ac88a  x6=0xffd532ad
      77235.000 ns	      7722	800019c8	199abdd3	fdiv.s	f27,f21,f25	 f21:0x5bb4b47c f25:0x7fc00000 f27=0x7fc00000
      77255.000 ns	      7724	800019cc	015e0033	add	x0,x28,x21	 x28:0x000002fe x21:0x00000000
      77265.000 ns	      7725	800019d0	019aba33	sltu	x20,x21,x25	 x21:0x00000000 x25:0x00000000 x20=0x00000000
      77285.000 ns	      7727	800019d4	02c69833	mulh	x16,x13,x12	 x13:0x00000000 x12:0x00000001 x16=0x00000000
      77305.000 ns	      7729	800019d8	40095793	srai	x15,x18,0x0	 x18:0xfff80000 x15=0xfff80000
      77325.000 ns	      7731	800019dc	e00b8553	fmv.x.w	x10,f23	 f23:0x800002e9 x10=0x800002e9
      77695.000 ns	      7768	800019e0	037050b3	divu	x1,x0,x23	  x0:0x00000000 x23:0xfff80000  x1=0x00000000
      77715.000 ns	      7770	800019e4	001d9533	sll	x10,x27,x1	 x27:0xfffffa71  x1:0xaaa84e4e x10=0xfffffa71
      77735.000 ns	      7772	800019e8	a0188353	fle.s	x6,f17,f1	 f17:0xceaaaf64  f1:0x00000000  x6=0x00000001
      77755.000 ns	      7774	800019ec	41dfd833	sra	x16,x31,x29	 x31:0xfffffa71 x29:0x00000000 x16=0xfffffa71
      77765.000 ns	      7775	800019f0	8fcdcc93	xori	x25,x27,-1796	 x27:0xfffffa71 x25=0x0000028d
      77785.000 ns	      7777	800019f4	d0137dd3	fcvt.s.wu	f27,x6	  x6:0x00000001 f27=0x3f800000
      78155.000 ns	      7814	800019f8	0260d7b3	divu	x15,x1,x6	  x1:0x00000000  x6:0x00000001 x15=0x00000000
      78185.000 ns	      7817	800019fc	a01fa9d3	feq.s	x19,f31,f1	 f31:0x3f800000  f1:0x00000000 x19=0x00000000
      78205.000 ns	      7819	80001a00	000f4bb3	xor	x23,x30,x0	 x30:0x00000000  x0:0x00000000 x23=0x00000000
      78225.000 ns	      7821	80001a04	037f96b3	mulh	x13,x31,x23	 x31:0xfffffa71 x23:0xfff80000 x13=0x00000000
      78255.000 ns	      7824	80001a08	d0057a53	fcvt.s.w	f20,x10	 x10:0xfffffa71 f20=0xc4b1e000
      78275.000 ns	      7826	80001a0c	02a62013	slti	x0,x12,42	 x12:0x00000001
      78285.000 ns	      7827	80001a10	3e4caf17	auipc	x30,0x3e4ca	 x30=0xbe4cba10
      78295.000 ns	      7828	80001a14	fd90fa93	andi	x21,x1,-39	  x1:0x00000000 x21=0x00000000
      78315.000 ns	      7830	80001a18	f00a0453	fmv.w.x	f8,x20	 x20:0x00000000  f8=0x00000000
      78345.000 ns	      7833	80001a1c	c00df9d3	fcvt.w.s	x19,f27	 f27:0x3f800000 x19=0x00000001
      78365.000 ns	      7835	80001a20	400dd593	srai	x11,x27,0x0	 x27:0xfffffa71 x11=0xfffffa71
      78375.000 ns	      7836	80001a24	01d29033	sll	x0,x5,x29	  x5:0x80041024 x29:0x00000000
      78395.000 ns	      7838	80001a28	e0081f53	fclass.s	x30,f16	 f16:0x5bb4b47c x30=0x00000040
      78425.000 ns	      7841	80001a2c	c017f253	fcvt.wu.s	x4,f15	 f15:0x7fc00000  x4=0xffffffff
      78455.000 ns	      7844	80001a30	03727233	remu	x4,x4,x23	  x4:0xfffffb75 x23:0x00000000  x4=0xffffffff
      78485.000 ns	      7847	80001a34	c0082553	fcvt.w.s	x10,f16	 f16:0x5bb4b47c x10=0x7fffffff
      78505.000 ns	      7849	80001a38	019a4ab3	xor	x21,x20,x25	 x20:0x00000000 x25:0x0000028d x21=0x0000028d
      78515.000 ns	      7850	80001a3c	01be74b3	and	x9,x28,x27	 x28:0x000002fe x27:0xfffffa71  x9=0x00000270
      78525.000 ns	      7851	80001a40	4a73e013	ori	x0,x7,1191	  x7:0x00000000
      78545.000 ns	      7853	80001a44	c01a4253	fcvt.wu.s	x4,f20	 f20:0xc4b1e000  x4=0x0000058f
      78565.000 ns	      7855	80001a48	40c2d893	srai	x17,x5,0xc	  x5:0x80041024 x17=0xfff80041
      78585.000 ns	      7857	80001a4c	0329a433	mulhsu	x8,x19,x18	 x19:0x00000001 x18:0xfff80000  x8=0x00000000
      78625.000 ns	      7861	80001a50	580985d3	fsqrt.s	f11,f19	 f19:0x80000000 f11=0x80000000
      78645.000 ns	      7863	80001a54	0107e133	or	x2,x15,x16	 x15:0x00000000 x16:0xfffffa71  x2=0xfffffa71
      78655.000 ns	      7864	80001a58	00e6d213	srli	x4,x13,0xe	 x13:0x00000000  x4=0x00000000
      78675.000 ns	      7866	80001a5c	0379b933	mulhu	x18,x19,x23	 x19:0x00000001 x23:0x00000000 x18=0x00000000
      78695.000 ns	      7868	80001a60	4124d893	srai	x17,x9,0x12	  x9:0x00000270 x17=0x00000000
      78715.000 ns	      7870	80001a64	c012f4d3	fcvt.wu.s	x9,f5	  f5:0x00000000  x9=0x00000000
      78745.000 ns	      7873	80001a68	02dea9b3	mulhsu	x19,x29,x13	 x29:0x00000000 x13:0x00000000 x19=0x00000000
      78765.000 ns	      7875	80001a6c	00000013	addi	x0,x0,0	  x0:0x00000000
      78775.000 ns	      7876	80001a70	467cec13	ori	x24,x25,1127	 x25:0x0000028d x24=0x000006ef
      78785.000 ns	      7877	80001a74	0117f1b3	and	x3,x15,x17	 x15:0x00000000 x17:0x00000000  x3=0x00000000
      78805.000 ns	      7879	80001a78	03106133	rem	x2,x0,x17	  x0:0x00000000 x17:0x00000000  x2=0x00000000
      78845.000 ns	      7883	80001a7c	18887253	fdiv.s	f4,f16,f8	 f16:0x5bb4b47c  f8:0x00000000  f4=0x7f800000
      78865.000 ns	      7885	80001a80	2a068913	addi	x18,x13,672	 x13:0x00000000 x18=0x000002a0
      78875.000 ns	      7886	80001a84	0aff3313	sltiu	x6,x30,175	 x30:0x00000040  x6=0x00000001
      78885.000 ns	      7887	80001a88	00845013	srli	x0,x8,0x8	  x8:0x00000000
      78905.000 ns	      7889	80001a8c	285c8c53	fmin.s	f24,f25,f5	 f25:0x7fc00000  f5:0x00000000 f24=0x00000000
      78935.000 ns	      7892	80001a90	f0040353	fmv.w.x	f6,x8	  x8:0x00000000  f6=0x00000000
      78955.000 ns	      7894	80001a94	403fd7b3	sra	x15,x31,x3	 x31:0xfffffa71  x3:0x00000000 x15=0xfffffa71
      78975.000 ns	      7896	80001a98	203b13d3	fsgnjn.s	f7,f22,f3	 f22:0x000002e9  f3:0x5bb4b47c  f7=0x800002e9
      79005.000 ns	      7899	80001a9c	0296cd33	div	x26,x13,x9	 x13:0x00000000  x9:0x00000000 x26=0xffffffff
      79035.000 ns	      7902	80001aa0	03bd1a33	mulh	x20,x26,x27	 x26:0x00000001 x27:0xfffffa71 x20=0x00000000
      79065.000 ns	      7905	80001aa4	20788053	fsgnj.s	f0,f17,f7	 f17:0xceaaaf64  f7:0x800002e9  f0=0xceaaaf64
      79095.000 ns	      7908	80001aa8	03fa37b3	mulhu	x15,x20,x31	 x20:0x00000000 x31:0xfffffa71 x15=0x00000000
      79115.000 ns	      7910	80001aac	5f320393	addi	x7,x4,1523	  x4:0x00000000  x7=0x000005f3
      79155.000 ns	      7914	80001ab0	08347053	fsub.s	f0,f8,f3	  f8:0x00000000  f3:0x5bb4b47c  f0=0xdbb4b47c
      79185.000 ns	      7917	80001ab4	e0078f53	fmv.x.w	x30,f15	 f15:0x7fc00000 x30=0x7fc00000
      79205.000 ns	      7919	80001ab8	00c45593	srli	x11,x8,0xc	  x8:0x00000000 x11=0x00000000
      79215.000 ns	      7920	80001abc	b5777593	andi	x11,x14,-1193	 x14:0x80040fe4 x11=0x80040b44
      79255.000 ns	      7924	80001ac0	00a94a53	fadd.s	f20,f18,f10	 f18:0x4f640000 f10:0x00000000 f20=0x4f640000
      79275.000 ns	      7926	80001ac4	01664033	xor	x0,x12,x22	 x12:0x00000001 x22:0xaaa84e4e
      79295.000 ns	      7928	80001ac8	e00210d3	fclass.s	x1,f4	  f4:0x7f800000  x1=0x00000080
      79315.000 ns	      7930	80001acc	3f9014b7	lui	x9,0x3f901	  x9=0x3f901000
      79335.000 ns	      7932	80001ad0	29c91bd3	fmax.s	f23,f18,f28	 f18:0x4f640000 f28:0x7f800000 f23=0x7f800000
      79355.000 ns	      7934	80001ad4	00000013	addi	x0,x0,0	  x0:0x00000000
      79375.000 ns	      7936	80001ad8	21748b53	fsgnj.s	f22,f9,f23	  f9:0x000002e9 f23:0x7f800000 f22=0x000002e9
      79395.000 ns	      7938	80001adc	dca86f93	ori	x31,x16,-566	 x16:0xfffffa71 x31=0xfffffffb
      79415.000 ns	      7940	80001ae0	c00134d3	fcvt.w.s	x9,f2	  f2:0xbf800000  x9=0xffffffff
      79445.000 ns	      7943	80001ae4	21730d53	fsgnj.s	f26,f6,f23	  f6:0x00000000 f23:0x7f800000 f26=0x00000000
      79465.000 ns	      7945	80001ae8	00fca0b3	slt	x1,x25,x15	 x25:0x0000028d x15:0x00000000  x1=0x00000000
      79485.000 ns	      7947	80001aec	031c4833	div	x16,x24,x17	 x24:0x000006ef x17:0x00000000 x16=0xffffffff
      79515.000 ns	      7950	80001af0	28c61153	fmax.s	f2,f12,f12	 f12:0x00000000 f12:0x00000000  f2=0x00000000
      79545.000 ns	      7953	80001af4	d01e1953	fcvt.s.wu	f18,x28	 x28:0x000002fe f18=0x443f8000
      79575.000 ns	      7956	80001af8	c01b7cd3	fcvt.wu.s	x25,f22	 f22:0x000002e9 x25=0x00000000
      79595.000 ns	      7958	80001afc	00d988b3	add	x17,x19,x13	 x19:0x00000000 x13:0x00000000 x17=0x00000000
      79605.000 ns	      7959	80001b00	01669f13	slli	x30,x13,0x16	 x13:0x00000000 x30=0x00000000
      79625.000 ns	      7961	80001b04	025728b3	mulhsu	x17,x14,x5	 x14:0x80040fe4  x5:0x80041024 x17=0xbffffff0
      79645.000 ns	      7963	80001b08	016793b3	sll	x7,x15,x22	 x15:0x00000000 x22:0xaaa84e4e  x7=0x00000000
      79665.000 ns	      7965	80001b0c	a0a29953	flt.s	x18,f5,f10	  f5:0x00000000 f10:0x00000000 x18=0x00000000
      79685.000 ns	      7967	80001b10	012ea033	slt	x0,x29,x18	 x29:0x00000000 x18:0x000002a0
      79695.000 ns	      7968	80001b14	00bd3333	sltu	x6,x26,x11	 x26:0xffffffff x11:0x80040b44  x6=0x00000000
      79705.000 ns	      7969	80001b18	9299e813	ori	x16,x19,-1751	 x19:0x00000000 x16=0xfffff929
      79725.000 ns	      7971	80001b1c	02316d33	rem	x26,x2,x3	  x2:0x00000000  x3:0x00000000 x26=0x00000000
      79745.000 ns	      7973	80001b20	41685eb3	sra	x29,x16,x22	 x16:0xffffffff x22:0xaaa84e4e x29=0xffffffff
      79755.000 ns	      7974	80001b24	015865b3	or	x11,x16,x21	 x16:0xfffff929 x21:0x0000028d x11=0xfffffbad
      79765.000 ns	      7975	80001b28	00fc36b3	sltu	x13,x24,x15	 x24:0x000006ef x15:0x00000000 x13=0x00000000
      79785.000 ns	      7977	80001b2c	f00f0b53	fmv.w.x	f22,x30	 x30:0x00000000 f22=0x00000000
      79815.000 ns	      7980	80001b30	c0117453	fcvt.wu.s	x8,f2	  f2:0x00000000  x8=0x00000000
      79835.000 ns	      7982	80001b34	4042dbb3	sra	x23,x5,x4	  x5:0x80041024  x4:0x00000000 x23=0x80041024
      79845.000 ns	      7983	80001b38	0019fbb3	and	x23,x19,x1	 x19:0x00000000  x1:0x00000000 x23=0x00000000
      79855.000 ns	      7984	80001b3c	a4d07093	andi	x1,x0,-1459	  x0:0x00000000  x1=0x00000000
      79875.000 ns	      7986	80001b40	a0209f53	flt.s	x30,f1,f2	  f1:0x00000000  f2:0x00000000 x30=0x00000000
      79895.000 ns	      7988	80001b44	8ee74b93	xori	x23,x14,-1810	 x14:0x80040fe4 x23=0x7ffbf70a
      79905.000 ns	      7989	80001b48	419804b3	sub	x9,x16,x25	 x16:0xfffff929 x25:0x00000000  x9=0xfffff929
      79915.000 ns	      7990	80001b4c	cc847813	andi	x16,x8,-824	  x8:0x00000000 x16=0x00000000
      79935.000 ns	      7992	80001b50	207618d3	fsgnjn.s	f17,f12,f7	 f12:0x00000000  f7:0x800002e9 f17=0x00000000
      79985.000 ns	      7997	80001b54	00cf72d3	fadd.s	f5,f30,f12	 f30:0x00000000 f12:0x00000000  f5=0x00000000
      80005.000 ns	      7999	80001b58	a2c42b93	slti	x23,x8,-1492	  x8:0x00000000 x23=0x00000000
      80015.000 ns	      8000	80001b5c	01f59d93	slli	x27,x11,0x1f	 x11:0xfffffbad x27=0x80000000
      80035.000 ns	      8002	80001b60	e00c9653	fclass.s	x12,f25	 f25:0x7fc00000 x12=0x00000200
      80055.000 ns	      8004	80001b64	0109f833	and	x16,x19,x16	 x19:0x00000000 x16:0x00000000 x16=0x00000000
      80075.000 ns	      8006	80001b68	f0098cd3	fmv.w.x	f25,x19	 x19:0x00000000 f25=0x00000000
      80095.000 ns	      8008	80001b6c	00fb6433	or	x8,x22,x15	 x22:0xaaa84e4e x15:0x00000000  x8=0xaaa84e4e
      80105.000 ns	      8009	80001b70	cff99397	auipc	x7,0xcff99	  x7=0x4ff9ab70
      80125.000 ns	      8011	80001b74	02f6cab3	div	x21,x13,x15	 x13:0x00000000 x15:0x00000000 x21=0xffffffff
      80145.000 ns	      8013	80001b78	00831833	sll	x16,x6,x8	  x6:0x00000000  x8:0xaaa84e4e x16=0x00000000
      80155.000 ns	      8014	80001b7c	ec177217	auipc	x4,0xec177	  x4=0x6c178b7c
      80165.000 ns	      8015	80001b80	d6858d93	addi	x27,x11,-664	 x11:0xfffffbad x27=0xfffff915
      80185.000 ns	      8017	80001b84	e00d0d53	fmv.x.w	x26,f26	 f26:0x00000000 x26=0x00000000
      80205.000 ns	      8019	80001b88	405e88b3	sub	x17,x29,x5	 x29:0xffffffff  x5:0x80041024 x17=0x7ffbefdb
      80225.000 ns	      8021	80001b8c	21a79853	fsgnjn.s	f16,f15,f26	 f15:0x7fc00000 f26:0x00000000 f16=0xffc00000
      80265.000 ns	      8025	80001b90	108e7853	fmul.s	f16,f28,f8	 f28:0x7f800000  f8:0x00000000 f16=0x7fc00000
      80285.000 ns	      8027	80001b94	a8d90413	addi	x8,x18,-1395	 x18:0x00000000  x8=0xfffffa8d
      80295.000 ns	      8028	80001b98	87d37013	andi	x0,x6,-1923	  x6:0x00000000
      80315.000 ns	      8030	80001b9c	a0d995d3	flt.s	x11,f19,f13	 f19:0x80000000 f13:0x7fc00000 x11=0x00000000
      80345.000 ns	      8033	80001ba0	203ca1d3	fsgnjx.s	f3,f25,f3	 f25:0x00000000  f3:0x5bb4b47c  f3=0x00000000
      80375.000 ns	      8036	80001ba4	a0b9ad53	feq.s	x26,f19,f11	 f19:0x80000000 f11:0x80000000 x26=0x00000001
      80395.000 ns	      8038	80001ba8	76384e93	xori	x29,x16,1891	 x16:0x00000000 x29=0x00000763
      80415.000 ns	      8040	80001bac	02cd3633	mulhu	x12,x26,x12	 x26:0x00000001 x12:0x00000200 x12=0x00000000
      80445.000 ns	      8043	80001bb0	a1720c53	fle.s	x24,f4,f23	  f4:0x7f800000 f23:0x7f800000 x24=0x00000001
      80465.000 ns	      8045	80001bb4	a77f9d17	auipc	x26,0xa77f9	 x26=0x277fabb4
      80485.000 ns	      8047	80001bb8	d01fa1d3	fcvt.s.wu	f3,x31	 x31:0xfffffffb  f3=0x4f800000
      80505.000 ns	      8049	80001bbc	007098b3	sll	x17,x1,x7	  x1:0x00000000  x7:0x4ff9ab70 x17=0x00000000
      80865.000 ns	      8085	80001bc0	0352fc33	remu	x24,x5,x21	  x5:0x80041024 x21:0xffffffff x24=0x80041024
      81235.000 ns	      8122	80001bc4	03a0c833	div	x16,x1,x26	  x1:0x00000000 x26:0x277fabb4 x16=0x00000000
      81265.000 ns	      8125	80001bc8	03e87133	remu	x2,x16,x30	 x16:0x00000000 x30:0x00000000  x2=0x00000000
      81285.000 ns	      8127	80001bcc	415ade93	srai	x29,x21,0x15	 x21:0xffffffff x29=0xffffffff
      81295.000 ns	      8128	80001bd0	04d0e893	ori	x17,x1,77	  x1:0x00000000 x17=0x0000004d
      81305.000 ns	      8129	80001bd4	019dd413	srli	x8,x27,0x19	 x27:0xfffff915  x8=0x0000007f
      81315.000 ns	      8130	80001bd8	41075893	srai	x17,x14,0x10	 x14:0x80040fe4 x17=0xffff8004
      81335.000 ns	      8132	80001bdc	c00630d3	fcvt.w.s	x1,f12	 f12:0x00000000  x1=0x00000000
      81355.000 ns	      8134	80001be0	5d188213	addi	x4,x17,1489	 x17:0x0000004d  x4=0xffff85d5
      81395.000 ns	      8138	80001be4	097e2e53	fsub.s	f28,f28,f23	 f28:0x7f800000 f23:0x7f800000 f28=0x80000000
      81415.000 ns	      8140	80001be8	416d5593	srai	x11,x26,0x16	 x26:0x277fabb4 x11=0x0000009d
      81435.000 ns	      8142	80001bec	c01bff53	fcvt.wu.s	x30,f23	 f23:0x7f800000 x30=0xffffffff
      81455.000 ns	      8144	80001bf0	0091f6b3	and	x13,x3,x9	  x3:0x00000000  x9:0xfffff929 x13=0x00000000
      81465.000 ns	      8145	80001bf4	e088aeb7	lui	x29,0xe088a	 x29=0xe088a000
      81475.000 ns	      8146	80001bf8	b2f1ac93	slti	x25,x3,-1233	  x3:0x00000000 x25=0x00000000
      81485.000 ns	      8147	80001bfc	0091ffb3	and	x31,x3,x9	  x3:0x00000000  x9:0xfffff929 x31=0x00000000
      81515.000 ns	      8150	80001c00	18617553	fdiv.s	f10,f2,f6	  f2:0x00000000  f6:0x00000000 f10=0x7fc00000
      81535.000 ns	      8152	80001c04	a039fa97	auipc	x21,0xa039f	 x21=0x203a0c04
      81545.000 ns	      8153	80001c08	01183e33	sltu	x28,x16,x17	 x16:0x00000000 x17:0xffff8004 x28=0x00000001
      81555.000 ns	      8154	80001c0c	404a81b3	sub	x3,x21,x4	 x21:0xffffffff  x4:0xffff85d5  x3=0x203a862f
      81565.000 ns	      8155	80001c10	0079afb3	slt	x31,x19,x7	 x19:0x00000000  x7:0x4ff9ab70 x31=0x00000001
      81575.000 ns	      8156	80001c14	002ca533	slt	x10,x25,x2	 x25:0x00000000  x2:0x00000000 x10=0x00000000
      81595.000 ns	      8158	80001c18	28dd9dd3	fmax.s	f27,f27,f13	 f27:0x3f800000 f13:0x7fc00000 f27=0x3f800000
      81625.000 ns	      8161	80001c1c	f00e8c53	fmv.w.x	f24,x29	 x29:0xe088a000 f24=0xe088a000
      81645.000 ns	      8163	80001c20	00000013	addi	x0,x0,0	  x0:0x00000000
      81665.000 ns	      8165	80001c24	20d71453	fsgnjn.s	f8,f14,f13	 f14:0x80000000 f13:0x7fc00000  f8=0x80000000
      81685.000 ns	      8167	80001c28	41bb0533	sub	x10,x22,x27	 x22:0xaaa84e4e x27:0xfffff915 x10=0xaaa85539
      81695.000 ns	      8168	80001c2c	64b93617	auipc	x12,0x64b93	 x12=0xe4b94c2c
      81715.000 ns	      8170	80001c30	d00174d3	fcvt.s.w	f9,x2	  x2:0x00000000  f9=0x00000000
      81735.000 ns	      8172	80001c34	00bff233	and	x4,x31,x11	 x31:0x00000001 x11:0x0000009d  x4=0x00000001
      81755.000 ns	      8174	80001c38	29000653	fmin.s	f12,f0,f16	  f0:0xdbb4b47c f16:0x7fc00000 f12=0xdbb4b47c
      81775.000 ns	      8176	80001c3c	e4423c13	sltiu	x24,x4,-444	  x4:0xffff85d5 x24=0x00000001
      81785.000 ns	      8177	80001c40	29f88613	addi	x12,x17,671	 x17:0xffff8004 x12=0xffff82a3
      81795.000 ns	      8178	80001c44	fd060893	addi	x17,x12,-48	 x12:0xe4b94c2c x17=0xffff8273
      81805.000 ns	      8179	80001c48	00416a33	or	x20,x2,x4	  x2:0x00000000  x4:0x00000001 x20=0x00000001
      81815.000 ns	      8180	80001c4c	003d5f33	srl	x30,x26,x3	 x26:0x277fabb4  x3:0x203a862f x30=0x00004eff
      81825.000 ns	      8181	80001c50	01d4ccb3	xor	x25,x9,x29	  x9:0xfffff929 x29:0xe088a000 x25=0x1f775929
      81845.000 ns	      8183	80001c54	29740e53	fmin.s	f28,f8,f23	  f8:0x80000000 f23:0x7f800000 f28=0x80000000
      81865.000 ns	      8185	80001c58	adc1c013	xori	x0,x3,-1316	  x3:0x203a862f
      81885.000 ns	      8187	80001c5c	a18cac53	feq.s	x24,f25,f24	 f25:0x00000000 f24:0xe088a000 x24=0x00000000
      83065.000 ns	      8305	80001c60	58093253	fsqrt.s	f4,f18	 f18:0x443f8000  f4=0x41876928
      83085.000 ns	      8307	80001c64	410f81b3	sub	x3,x31,x16	 x31:0x00000001 x16:0x00000000  x3=0x00000001
      83095.000 ns	      8308	80001c68	9ead9eb7	lui	x29,0x9ead9	 x29=0x9ead9000
      83115.000 ns	      8310	80001c6c	211fa453	fsgnjx.s	f8,f31,f17	 f31:0x3f800000 f17:0x00000000  f8=0x3f800000
      83145.000 ns	      8313	80001c70	f00289d3	fmv.w.x	f19,x5	  x5:0x80041024 f19=0x80041024
      83175.000 ns	      8316	80001c74	c005fe53	fcvt.w.s	x28,f11	 f11:0x80000000 x28=0x00000000
      83205.000 ns	      8319	80001c78	28e99653	fmax.s	f12,f19,f14	 f19:0x80041024 f14:0x80000000 f12=0x80000000
      83225.000 ns	      8321	80001c7c	2d380017	auipc	x0,0x2d380	
      83245.000 ns	      8323	80001c80	03c60033	mul	x0,x12,x28	 x12:0xffff82a3 x28:0x00000000
      83265.000 ns	      8325	80001c84	595d2693	slti	x13,x26,1429	 x26:0x277fabb4 x13=0x00000000
      83275.000 ns	      8326	80001c88	005daa33	slt	x20,x27,x5	 x27:0xfffff915  x5:0x80041024 x20=0x00000000
      83305.000 ns	      8329	80001c8c	107ffe53	fmul.s	f28,f31,f7	 f31:0x3f800000  f7:0x800002e9 f28=0x800002ea
      83675.000 ns	      8366	80001c90	03d6f233	remu	x4,x13,x29	 x13:0x00000000 x29:0x9ead9000  x4=0x00000000
      83715.000 ns	      8370	80001c94	10197453	fmul.s	f8,f18,f1	 f18:0x443f8000  f1:0x00000000  f8=0x00000000
      83735.000 ns	      8372	80001c98	01f4d033	srl	x0,x9,x31	  x9:0xfffff929 x31:0x00000001
      83745.000 ns	      8373	80001c9c	01358933	add	x18,x11,x19	 x11:0x0000009d x19:0x00000000 x18=0x0000009d
      83765.000 ns	      8375	80001ca0	a04f0fd3	fle.s	x31,f30,f4	 f30:0x00000000  f4:0x41876928 x31=0x00000001
      83805.000 ns	      8379	80001ca4	58007d53	fsqrt.s	f26,f0	  f0:0xdbb4b47c f26=0x7fc00000
      84175.000 ns	      8416	80001ca8	03d5d633	divu	x12,x11,x29	 x11:0x0000009d x29:0x9ead9000 x12=0x00000000
      84545.000 ns	      8453	80001cac	03b3feb3	remu	x29,x7,x27	  x7:0x4ff9ab70 x27:0xfffff915 x29=0x4ff9ab70
      84585.000 ns	      8457	80001cb0	58007c53	fsqrt.s	f24,f0	  f0:0xdbb4b47c f24=0x7fc00000
      84615.000 ns	      8460	80001cb4	e00a80d3	fmv.x.w	x1,f21	 f21:0x5bb4b47c  x1=0x5bb4b47c
      84655.000 ns	      8464	80001cb8	105a7c53	fmul.s	f24,f20,f5	 f20:0x4f640000  f5:0x00000000 f24=0x00000000
      84685.000 ns	      8467	80001cbc	a01a0253	fle.s	x4,f20,f1	 f20:0x4f640000  f1:0x00000000  x4=0x00000000
      84715.000 ns	      8470	80001cc0	20179753	fsgnjn.s	f14,f15,f1	 f15:0x7fc00000  f1:0x00000000 f14=0xffc00000
      84735.000 ns	      8472	80001cc4	00fc78b3	and	x17,x24,x15	 x24:0x00000000 x15:0x00000000 x17=0x00000000
      84745.000 ns	      8473	80001cc8	01a87033	and	x0,x16,x26	 x16:0x00000000 x26:0x277fabb4
      84775.000 ns	      8476	80001ccc	193bf2d3	fdiv.s	f5,f23,f19	 f23:0x7f800000 f19:0x80041024  f5=0xff800000
      84795.000 ns	      8478	80001cd0	01249db3	sll	x27,x9,x18	  x9:0xfffff929 x18:0x0000009d x27=0x20000000
      84815.000 ns	      8480	80001cd4	a14487d3	fle.s	x15,f9,f20	  f9:0x00000000 f20:0x4f640000 x15=0x00000001
      84845.000 ns	      8483	80001cd8	c008f8d3	fcvt.w.s	x17,f17	 f17:0x00000000 x17=0x00000000
      84865.000 ns	      8485	80001cdc	0086a4b3	slt	x9,x13,x8	 x13:0x00000000  x8:0x0000007f  x9=0x00000001
      84885.000 ns	      8487	80001ce0	023430b3	mulhu	x1,x8,x3	  x8:0x0000007f  x3:0x00000001  x1=0x00000000
      84905.000 ns	      8489	80001ce4	99e7c413	xori	x8,x15,-1634	 x15:0x00000001  x8=0xfffff99f
      84915.000 ns	      8490	80001ce8	01360933	add	x18,x12,x19	 x12:0x00000000 x19:0x00000000 x18=0x00000000
      84935.000 ns	      8492	80001cec	285799d3	fmax.s	f19,f15,f5	 f15:0x7fc00000  f5:0xff800000 f19=0xff800000
      84955.000 ns	      8494	80001cf0	0078f5b3	and	x11,x17,x7	 x17:0x00000000  x7:0x4ff9ab70 x11=0x00000000
      84965.000 ns	      8495	80001cf4	a8debe17	auipc	x28,0xa8deb	 x28=0x28deccf4
      84975.000 ns	      8496	80001cf8	416d0833	sub	x16,x26,x22	 x26:0x277fabb4 x22:0xaaa84e4e x16=0x7cd75d66
      84995.000 ns	      8498	80001cfc	a1a927d3	feq.s	x15,f18,f26	 f18:0x443f8000 f26:0x7fc00000 x15=0x00000000
      85025.000 ns	      8501	80001d00	a1e297d3	flt.s	x15,f5,f30	  f5:0xff800000 f30:0x00000000 x15=0x00000001
      85065.000 ns	      8505	80001d04	580c1753	fsqrt.s	f14,f24	 f24:0x00000000 f14=0x00000000
      85085.000 ns	      8507	80001d08	9cb94337	lui	x6,0x9cb94	  x6=0x9cb94000
      85445.000 ns	      8543	80001d0c	026b7d33	remu	x26,x22,x6	 x22:0xaaa84e4e  x6:0x00000000 x26=0x0def0e4e
      85465.000 ns	      8545	80001d10	41635693	srai	x13,x6,0x16	  x6:0x00000000 x13=0xfffffe72
      85475.000 ns	      8546	80001d14	9ec12593	slti	x11,x2,-1556	  x2:0x00000000 x11=0x00000000
      85495.000 ns	      8548	80001d18	a0ce80d3	fle.s	x1,f29,f12	 f29:0x7fc00000 f12:0x80000000  x1=0x00000000
      85515.000 ns	      8550	80001d1c	01c8f5b3	and	x11,x17,x28	 x17:0x00000000 x28:0x28deccf4 x11=0x00000000
      85535.000 ns	      8552	80001d20	03874db3	div	x27,x14,x24	 x14:0x80040fe4 x24:0x00000000 x27=0xffffffff
      85555.000 ns	      8554	80001d24	a43bf593	andi	x11,x23,-1469	 x23:0x00000000 x11=0x00000000
      85575.000 ns	      8556	80001d28	d0038ad3	fcvt.s.w	f21,x7	  x7:0x4ff9ab70 f21=0x4e9ff356
      85605.000 ns	      8559	80001d2c	020253b3	divu	x7,x4,x0	  x4:0x00000000  x0:0x00000000  x7=0xffffffff
      85635.000 ns	      8562	80001d30	d00a7553	fcvt.s.w	f10,x20	 x20:0x00000000 f10=0x00000000
      85655.000 ns	      8564	80001d34	00000013	addi	x0,x0,0	  x0:0x00000000
      86015.000 ns	      8600	80001d38	039ace33	div	x28,x21,x25	 x21:0x203a0c04 x25:0x1f775929 x28=0x00000001
      87195.000 ns	      8718	80001d3c	58018753	fsqrt.s	f14,f3	  f3:0x4f800000 f14=0x477fffae
      87225.000 ns	      8721	80001d40	29561ed3	fmax.s	f29,f12,f21	 f12:0x80000000 f21:0x4e9ff356 f29=0x4e9ff356
      87595.000 ns	      8758	80001d44	03f647b3	div	x15,x12,x31	 x12:0x00000000 x31:0x00000001 x15=0x00000000
      87615.000 ns	      8760	80001d48	00675e13	srli	x28,x14,0x6	 x14:0x80040fe4 x28=0x0200103f
      87635.000 ns	      8762	80001d4c	28a91e53	fmax.s	f28,f18,f10	 f18:0x443f8000 f10:0x00000000 f28=0x443f8000
      87665.000 ns	      8765	80001d50	02589233	mulh	x4,x17,x5	 x17:0x00000000  x5:0x80041024  x4=0x00000000
      87695.000 ns	      8768	80001d54	c01b7253	fcvt.wu.s	x4,f22	 f22:0x00000000  x4=0x00000000
      88035.000 ns	      8802	80001d58	195a7a53	fdiv.s	f20,f20,f21	 f20:0x4f640000 f21:0x4e9ff356 f20=0x3fe40000
      88055.000 ns	      8804	80001d5c	01765013	srli	x0,x12,0x17	 x12:0x00000000
      88075.000 ns	      8806	80001d60	28f79053	fmax.s	f0,f15,f15	 f15:0x7fc00000 f15:0x7fc00000  f0=0x7fc00000
      88095.000 ns	      8808	80001d64	401b5533	sra	x10,x22,x1	 x22:0xaaa84e4e  x1:0x00000000 x10=0xaaa84e4e
      88105.000 ns	      8809	80001d68	a940fa97	auipc	x21,0xa940f	 x21=0x29410d68
      88115.000 ns	      8810	80001d6c	0e1c6193	ori	x3,x24,225	 x24:0x00000000  x3=0x000000e1
      88125.000 ns	      8811	80001d70	2c8a2413	slti	x8,x20,712	 x20:0x00000000  x8=0x00000001
      88135.000 ns	      8812	80001d74	0041f8b3	and	x17,x3,x4	  x3:0x00000001  x4:0x00000000 x17=0x00000000
      88155.000 ns	      8814	80001d78	20bc0153	fsgnj.s	f2,f24,f11	 f24:0x00000000 f11:0x80000000  f2=0x80000000
      88185.000 ns	      8817	80001d7c	03883c33	mulhu	x24,x16,x24	 x16:0x7cd75d66 x24:0x00000000 x24=0x00000000
      88215.000 ns	      8820	80001d80	c0197d53	fcvt.wu.s	x26,f18	 f18:0x443f8000 x26=0x000002fe
      88235.000 ns	      8822	80001d84	718e7d13	andi	x26,x28,1816	 x28:0x0200103f x26=0x00000018
      88245.000 ns	      8823	80001d88	41d3d9b3	sra	x19,x7,x29	  x7:0xffffffff x29:0x4ff9ab70 x19=0xffffffff
      88265.000 ns	      8825	80001d8c	037391b3	mulh	x3,x7,x23	  x7:0xffffffff x23:0x00000000  x3=0x00000000
      88295.000 ns	      8828	80001d90	02c36033	rem	x0,x6,x12	  x6:0x9cb94000 x12:0x00000000
      88325.000 ns	      8831	80001d94	020591b3	mulh	x3,x11,x0	 x11:0x00000000  x0:0x00000000  x3=0x00000000
      88345.000 ns	      8833	80001d98	00b3f133	and	x2,x7,x11	  x7:0xffffffff x11:0x00000000  x2=0x00000000
      88365.000 ns	      8835	80001d9c	d01ef1d3	fcvt.s.wu	f3,x29	 x29:0x4ff9ab70  f3=0x4e9ff356
      88395.000 ns	      8838	80001da0	e00d94d3	fclass.s	x9,f27	 f27:0x3f800000  x9=0x00000040
      88425.000 ns	      8841	80001da4	a1e38953	fle.s	x18,f7,f30	  f7:0x800002e9 f30:0x00000000 x18=0x00000001
      88445.000 ns	      8843	80001da8	00197133	and	x2,x18,x1	 x18:0x00000000  x1:0x00000000  x2=0x00000000
      88475.000 ns	      8846	80001dac	10f44153	fmul.s	f2,f8,f15	  f8:0x00000000 f15:0x7fc00000  f2=0x7fc00000
      88505.000 ns	      8849	80001db0	d00e4453	fcvt.s.w	f8,x28	 x28:0x0200103f  f8=0x4c000410
      88535.000 ns	      8852	80001db4	03e02e33	mulhsu	x28,x0,x30	  x0:0x00000000 x30:0x00004eff x28=0x00000000
      88555.000 ns	      8854	80001db8	4159d913	srai	x18,x19,0x15	 x19:0xffffffff x18=0xffffffff
      88575.000 ns	      8856	80001dbc	e0058553	fmv.x.w	x10,f11	 f11:0x80000000 x10=0x80000000
      88595.000 ns	      8858	80001dc0	04558813	addi	x16,x11,69	 x11:0x00000000 x16=0x00000045
      88615.000 ns	      8860	80001dc4	03cc9db3	mulh	x27,x25,x28	 x25:0x1f775929 x28:0x00000000 x27=0x00000000
      88645.000 ns	      8863	80001dc8	e0018a53	fmv.x.w	x20,f3	  f3:0x4e9ff356 x20=0x4e9ff356
      88675.000 ns	      8866	80001dcc	0338b8b3	mulhu	x17,x17,x19	 x17:0x00000000 x19:0xffffffff x17=0x00000000
      88695.000 ns	      8868	80001dd0	015f1e33	sll	x28,x30,x21	 x30:0x00004eff x21:0x29410d68 x28=0x004eff00
      88725.000 ns	      8871	80001dd4	117d0d53	fmul.s	f26,f26,f23	 f26:0x7fc00000 f23:0x7f800000 f26=0x7fc00000
      88745.000 ns	      8873	80001dd8	001920b3	slt	x1,x18,x1	 x18:0xffffffff  x1:0x00000000  x1=0x00000001
      88755.000 ns	      8874	80001ddc	005c49b3	xor	x19,x24,x5	 x24:0x00000000  x5:0x80041024 x19=0x80041024
      88775.000 ns	      8876	80001de0	f00a87d3	fmv.w.x	f15,x21	 x21:0x29410d68 f15=0x29410d68
      88815.000 ns	      8880	80001de4	580313d3	fsqrt.s	f7,f6	  f6:0x00000000  f7=0x00000000
      88855.000 ns	      8884	80001de8	11801fd3	fmul.s	f31,f0,f24	  f0:0x7fc00000 f24:0x00000000 f31=0x7fc00000
      88875.000 ns	      8886	80001dec	402fd333	sra	x6,x31,x2	 x31:0x00000001  x2:0x00000000  x6=0x00000001
      88885.000 ns	      8887	80001df0	00041793	slli	x15,x8,0x0	  x8:0x00000001 x15=0x00000001
      88925.000 ns	      8891	80001df4	09e09053	fsub.s	f0,f1,f30	  f1:0x00000000 f30:0x00000000  f0=0x80000000
      88975.000 ns	      8896	80001df8	00173853	fadd.s	f16,f14,f1	 f14:0x477fffae  f1:0x00000000 f16=0x477fffae
      89005.000 ns	      8899	80001dfc	e00e9cd3	fclass.s	x25,f29	 f29:0x4e9ff356 x25=0x00000040
      89035.000 ns	      8902	80001e00	f00900d3	fmv.w.x	f1,x18	 x18:0xffffffff  f1=0xffffffff
      89055.000 ns	      8904	80001e04	015b9013	slli	x0,x23,0x15	 x23:0x00000000
      89065.000 ns	      8905	80001e08	00b3da33	srl	x20,x7,x11	  x7:0xffffffff x11:0x00000000 x20=0xffffffff
      89075.000 ns	      8906	80001e0c	d79b7d93	andi	x27,x22,-647	 x22:0xaaa84e4e x27=0xaaa84c48
      89085.000 ns	      8907	80001e10	0114dab3	srl	x21,x9,x17	  x9:0x00000040 x17:0x00000000 x21=0x00000040
      89115.000 ns	      8910	80001e14	182c0b53	fdiv.s	f22,f24,f2	 f24:0x00000000  f2:0x7fc00000 f22=0x7fc00000
      89145.000 ns	      8913	80001e18	f00602d3	fmv.w.x	f5,x12	 x12:0x00000000  f5=0x00000000
      89175.000 ns	      8916	80001e1c	031ff6b3	remu	x13,x31,x17	 x31:0x00000001 x17:0x00000000 x13=0x00000001
      89205.000 ns	      8919	80001e20	0384f833	remu	x16,x9,x24	  x9:0x00000040 x24:0x00000000 x16=0x00000040
      89575.000 ns	      8956	80001e24	03915833	divu	x16,x2,x25	  x2:0x00000000 x25:0x00000040 x16=0x00000000
      89595.000 ns	      8958	80001e28	00c9ef33	or	x30,x19,x12	 x19:0x80041024 x12:0x00000000 x30=0x80041024
      89615.000 ns	      8960	80001e2c	c01689d3	fcvt.wu.s	x19,f13	 f13:0x7fc00000 x19=0xffffffff
      89645.000 ns	      8963	80001e30	219c9553	fsgnjn.s	f10,f25,f25	 f25:0x00000000 f25:0x00000000 f10=0x80000000
      89665.000 ns	      8965	80001e34	dea7ca13	xori	x20,x15,-534	 x15:0x00000001 x20=0xfffffdeb
      89705.000 ns	      8969	80001e38	0871b053	fsub.s	f0,f3,f7	  f3:0x4e9ff356  f7:0x00000000  f0=0x4e9ff356
      89735.000 ns	      8972	80001e3c	21338353	fsgnj.s	f6,f7,f19	  f7:0x00000000 f19:0xff800000  f6=0x80000000
      89765.000 ns	      8975	80001e40	a1072a53	feq.s	x20,f14,f16	 f14:0x477fffae f16:0x477fffae x20=0x00000001
      89785.000 ns	      8977	80001e44	004e27b3	slt	x15,x28,x4	 x28:0x004eff00  x4:0x00000000 x15=0x00000000
      89795.000 ns	      8978	80001e48	0193f6b3	and	x13,x7,x25	  x7:0xffffffff x25:0x00000040 x13=0x00000040
      89815.000 ns	      8980	80001e4c	d01346d3	fcvt.s.wu	f13,x6	  x6:0x00000001 f13=0x3f800000
      89845.000 ns	      8983	80001e50	20ed0fd3	fsgnj.s	f31,f26,f14	 f26:0x7fc00000 f14:0x477fffae f31=0x7fc00000
      89875.000 ns	      8986	80001e54	288d97d3	fmax.s	f15,f27,f8	 f27:0x3f800000  f8:0x4c000410 f15=0x4c000410
      89915.000 ns	      8990	80001e58	10ddb353	fmul.s	f6,f27,f13	 f27:0x3f800000 f13:0x3f800000  f6=0x3f800000
      89965.000 ns	      8995	80001e5c	08e6f253	fsub.s	f4,f13,f14	 f13:0x3f800000 f14:0x477fffae  f4=0xc77ffeae
      89995.000 ns	      8998	80001e60	03391933	mulh	x18,x18,x19	 x18:0xffffffff x19:0xffffffff x18=0x00000000
      90035.000 ns	      9002	80001e64	580f74d3	fsqrt.s	f9,f30	 f30:0x00000000  f9=0x00000000
      90065.000 ns	      9005	80001e68	a1331453	flt.s	x8,f6,f19	  f6:0x3f800000 f19:0xff800000  x8=0x00000000
      90105.000 ns	      9009	80001e6c	5803bed3	fsqrt.s	f29,f7	  f7:0x00000000 f29=0x00000000
      90145.000 ns	      9013	80001e70	18f2f7d3	fdiv.s	f15,f5,f15	  f5:0x00000000 f15:0x4c000410 f15=0x00000000
      90175.000 ns	      9016	80001e74	21079253	fsgnjn.s	f4,f15,f16	 f15:0x4c000410 f16:0x477fffae  f4=0x80000000
      90205.000 ns	      9019	80001e78	020736b3	mulhu	x13,x14,x0	 x14:0x80040fe4  x0:0x00000000 x13=0x00000000
      90225.000 ns	      9021	80001e7c	838d0d93	addi	x27,x26,-1992	 x26:0x00000018 x27=0xfffff850
      90245.000 ns	      9023	80001e80	f0070153	fmv.w.x	f2,x14	 x14:0x80040fe4  f2=0x80040fe4
      90285.000 ns	      9027	80001e84	10092ad3	fmul.s	f21,f18,f0	 f18:0x443f8000  f0:0x4e9ff356 f21=0x536f4d0d
      90315.000 ns	      9030	80001e88	d01f1c53	fcvt.s.wu	f24,x30	 x30:0x80041024 f24=0x4f000410
      90345.000 ns	      9033	80001e8c	21ef9853	fsgnjn.s	f16,f31,f30	 f31:0x7fc00000 f30:0x00000000 f16=0xffc00000
      90715.000 ns	      9070	80001e90	034057b3	divu	x15,x0,x20	  x0:0x00000000 x20:0x00000001 x15=0x00000000
      90735.000 ns	      9072	80001e94	00bd9533	sll	x10,x27,x11	 x27:0xfffff850 x11:0x00000000 x10=0xfffff850
      90755.000 ns	      9074	80001e98	03a121b3	mulhsu	x3,x2,x26	  x2:0x00000000 x26:0x00000018  x3=0x00000000
      90775.000 ns	      9076	80001e9c	0164a833	slt	x16,x9,x22	  x9:0x00000040 x22:0xaaa84e4e x16=0x00000000
      91105.000 ns	      9109	80001ea0	194dff53	fdiv.s	f30,f27,f20	 f27:0x3f800000 f20:0x3fe40000 f30=0x3f6e167e
      91135.000 ns	      9112	80001ea4	20b487d3	fsgnj.s	f15,f9,f11	  f9:0x00000000 f11:0x80000000 f15=0x80000000
      91185.000 ns	      9117	80001ea8	019e7e53	fadd.s	f28,f28,f25	 f28:0x443f8000 f25:0x00000000 f28=0x443f8000
      91205.000 ns	      9119	80001eac	418987b3	sub	x15,x19,x24	 x19:0xffffffff x24:0x00000000 x15=0xffffffff
      91225.000 ns	      9121	80001eb0	d00ef7d3	fcvt.s.w	f15,x29	 x29:0x4ff9ab70 f15=0x4e9ff356
      91595.000 ns	      9158	80001eb4	0298dc33	divu	x24,x17,x9	 x17:0x00000000  x9:0x00000040 x24=0x00000000
      91635.000 ns	      9162	80001eb8	580b3353	fsqrt.s	f6,f22	 f22:0x7fc00000  f6=0x7fc00000
      91665.000 ns	      9165	80001ebc	a0a48bd3	fle.s	x23,f9,f10	  f9:0x00000000 f10:0x80000000 x23=0x00000001
      91685.000 ns	      9167	80001ec0	7d517693	andi	x13,x2,2005	  x2:0x00000000 x13=0x00000000
      91695.000 ns	      9168	80001ec4	00afe433	or	x8,x31,x10	 x31:0x00000001 x10:0xfffff850  x8=0xfffff851
      91705.000 ns	      9169	80001ec8	b7a43693	sltiu	x13,x8,-1158	  x8:0x00000000 x13=0x00000001
      92065.000 ns	      9205	80001ecc	02afda33	divu	x20,x31,x10	 x31:0x00000001 x10:0xfffff850 x20=0x00000000
      92435.000 ns	      9242	80001ed0	03604db3	div	x27,x0,x22	  x0:0x00000000 x22:0xaaa84e4e x27=0x00000000
      92475.000 ns	      9246	80001ed4	1903c5d3	fdiv.s	f11,f7,f16	  f7:0x00000000 f16:0xffc00000 f11=0x7fc00000
      92495.000 ns	      9248	80001ed8	c7c4ca13	xori	x20,x9,-900	  x9:0x00000040 x20=0xfffffc3c
      92505.000 ns	      9249	80001edc	01b30c33	add	x24,x6,x27	  x6:0x00000001 x27:0x00000000 x24=0x00000001
      92515.000 ns	      9250	80001ee0	00e440b3	xor	x1,x8,x14	  x8:0xfffff851 x14:0x80040fe4  x1=0x7ffbf7b5
      92525.000 ns	      9251	80001ee4	00000013	addi	x0,x0,0	  x0:0x00000000
      92565.000 ns	      9255	80001ee8	015904d3	fadd.s	f9,f18,f21	 f18:0x443f8000 f21:0x536f4d0d  f9=0x536f4d0d
      92585.000 ns	      9257	80001eec	f281ad13	slti	x26,x3,-216	  x3:0x00000000 x26=0x00000000
      92605.000 ns	      9259	80001ef0	2034a253	fsgnjx.s	f4,f9,f3	  f9:0x536f4d0d  f3:0x4e9ff356  f4=0x536f4d0d
      92635.000 ns	      9262	80001ef4	f0098653	fmv.w.x	f12,x19	 x19:0xffffffff f12=0xffffffff
      92655.000 ns	      9264	80001ef8	00d525b3	slt	x11,x10,x13	 x10:0xfffff850 x13:0x00000001 x11=0x00000001
      92665.000 ns	      9265	80001efc	62c86d13	ori	x26,x16,1580	 x16:0x00000000 x26=0x0000062c
      92675.000 ns	      9266	80001f00	012adc33	srl	x24,x21,x18	 x21:0x00000040 x18:0x00000000 x24=0x00000040
      92695.000 ns	      9268	80001f04	023a5db3	divu	x27,x20,x3	 x20:0xfffffc3c  x3:0x00000000 x27=0xffffffff
      92725.000 ns	      9271	80001f08	038a0433	mul	x8,x20,x24	 x20:0xfffffc3c x24:0x00000001  x8=0xffff0f00
      92745.000 ns	      9273	80001f0c	4166de33	sra	x28,x13,x22	 x13:0x00000001 x22:0xaaa84e4e x28=0x00000000
      92755.000 ns	      9274	80001f10	016a1b93	slli	x23,x20,0x16	 x20:0xfffffc3c x23=0x0f000000
      92765.000 ns	      9275	80001f14	00ff8117	auipc	x2,0xff8	  x2=0x80ff9f14
      92775.000 ns	      9276	80001f18	401ed533	sra	x10,x29,x1	 x29:0x4ff9ab70  x1:0x7ffbf7b5 x10=0x0000027f
      92785.000 ns	      9277	80001f1c	012f9eb3	sll	x29,x31,x18	 x31:0x00000001 x18:0x00000000 x29=0x00000001
      92805.000 ns	      9279	80001f20	02ecb8b3	mulhu	x17,x25,x14	 x25:0x00000040 x14:0x80040fe4 x17=0x00000020
      92835.000 ns	      9282	80001f24	a1112d53	feq.s	x26,f2,f17	  f2:0x80040fe4 f17:0x00000000 x26=0x00000000
      92855.000 ns	      9284	80001f28	cb918613	addi	x12,x3,-839	  x3:0x00000000 x12=0xfffffcb9
      92875.000 ns	      9286	80001f2c	a16d1553	flt.s	x10,f26,f22	 f26:0x7fc00000 f22:0x7fc00000 x10=0x00000000
      92905.000 ns	      9289	80001f30	21b1afd3	fsgnjx.s	f31,f3,f27	  f3:0x4e9ff356 f27:0x3f800000 f31=0x4e9ff356
      93275.000 ns	      9326	80001f34	036c6eb3	rem	x29,x24,x22	 x24:0x00000040 x22:0xaaa84e4e x29=0x00000040
      93295.000 ns	      9328	80001f38	00a658b3	srl	x17,x12,x10	 x12:0xfffffcb9 x10:0x00000000 x17=0xfffffcb9
      93325.000 ns	      9331	80001f3c	580c9ad3	fsqrt.s	f21,f25	 f25:0x00000000 f21=0x00000000
      93355.000 ns	      9334	80001f40	02d1b6b3	mulhu	x13,x3,x13	  x3:0x00000000 x13:0x00000001 x13=0x00000000
      93725.000 ns	      9371	80001f44	02895c33	divu	x24,x18,x8	 x18:0x00000000  x8:0xffff0f00 x24=0x00000000
      93755.000 ns	      9374	80001f48	d01129d3	fcvt.s.wu	f19,x2	  x2:0x80ff9f14 f19=0x4f00ffa0
      93805.000 ns	      9379	80001f4c	00402753	fadd.s	f14,f0,f4	  f0:0x4e9ff356  f4:0x536f4d0d f14=0x536f9d06
      93835.000 ns	      9382	80001f50	28e91753	fmax.s	f14,f18,f14	 f18:0x443f8000 f14:0x477fffae f14=0x536f9d06
      93855.000 ns	      9384	80001f54	9405b493	sltiu	x9,x11,-1728	 x11:0x00000001  x9=0x00000001
      93865.000 ns	      9385	80001f58	95c0a313	slti	x6,x1,-1700	  x1:0x7ffbf7b5  x6=0x00000000
      93885.000 ns	      9387	80001f5c	c0099d53	fcvt.w.s	x26,f19	 f19:0x4f00ffa0 x26=0x7fffffff
      93905.000 ns	      9389	80001f60	007cc5b3	xor	x11,x25,x7	 x25:0x00000040  x7:0xffffffff x11=0xffffffbf
      93915.000 ns	      9390	80001f64	78506993	ori	x19,x0,1925	  x0:0x00000000 x19=0x00000785
      93925.000 ns	      9391	80001f68	2a76f993	andi	x19,x13,679	 x13:0x00000000 x19=0x00000000
      93935.000 ns	      9392	80001f6c	40a78433	sub	x8,x15,x10	 x15:0xffffffff x10:0x00000000  x8=0xffffffff
      93955.000 ns	      9394	80001f70	022bbdb3	mulhu	x27,x23,x2	 x23:0x0f000000  x2:0x80ff9f14 x27=0x078efa52
      93975.000 ns	      9396	80001f74	032a6313	ori	x6,x20,50	 x20:0xfffffc3c  x6=0xfffffc3e
      93985.000 ns	      9397	80001f78	08006497	auipc	x9,0x8006	  x9=0x88007f78
      93995.000 ns	      9398	80001f7c	00609e13	slli	x28,x1,0x6	  x1:0x7ffbf7b5 x28=0xfefded40
      94005.000 ns	      9399	80001f80	41fc8033	sub	x0,x25,x31	 x25:0x00000040 x31:0x00000001
      94025.000 ns	      9401	80001f84	0385f533	remu	x10,x11,x24	 x11:0xffffffbf x24:0x00000000 x10=0xffffffbf
      94365.000 ns	      9435	80001f88	19cf83d3	fdiv.s	f7,f31,f28	 f31:0x4e9ff356 f28:0x443f8000  f7=0x4a02930e
      94385.000 ns	      9437	80001f8c	ad15a613	slti	x12,x11,-1327	 x11:0xffffffbf x12=0x00000000
      94395.000 ns	      9438	80001f90	00cb4cb3	xor	x25,x22,x12	 x22:0xaaa84e4e x12:0xfffffcb9 x25=0xaaa84e4e
      94415.000 ns	      9440	80001f94	0392a6b3	mulhsu	x13,x5,x25	  x5:0x80041024 x25:0x00000040 x13=0xaaae8e3c
      94435.000 ns	      9442	80001f98	01915c13	srli	x24,x2,0x19	  x2:0x80ff9f14 x24=0x00000040
      94455.000 ns	      9444	80001f9c	a1cea953	feq.s	x18,f29,f28	 f29:0x00000000 f28:0x443f8000 x18=0x00000000
      94485.000 ns	      9447	80001fa0	02ab37b3	mulhu	x15,x22,x10	 x22:0xaaa84e4e x10:0xffffffbf x15=0xaaa84e22
      94505.000 ns	      9449	80001fa4	01950f33	add	x30,x10,x25	 x10:0xffffffbf x25:0xaaa84e4e x30=0xaaa84e0d
      94865.000 ns	      9485	80001fa8	029d7c33	remu	x24,x26,x9	 x26:0x7fffffff  x9:0x88007f78 x24=0x7fffffff
      95235.000 ns	      9522	80001fac	02d84833	div	x16,x16,x13	 x16:0x00000000 x13:0xaaae8e3c x16=0x00000000
      95605.000 ns	      9559	80001fb0	035bc433	div	x8,x23,x21	 x23:0x0f000000 x21:0x00000040  x8=0x003c0000
      95635.000 ns	      9562	80001fb4	f0070953	fmv.w.x	f18,x14	 x14:0x80040fe4 f18=0x80040fe4
      96005.000 ns	      9599	80001fb8	02bcde33	divu	x28,x25,x11	 x25:0xaaa84e4e x11:0xffffffbf x28=0x00000000
      96025.000 ns	      9601	80001fbc	f8a6fa13	andi	x20,x13,-118	 x13:0xaaae8e3c x20=0xaaae8e08
      96035.000 ns	      9602	80001fc0	014b5133	srl	x2,x22,x20	 x22:0xaaa84e4e x20:0xfffffc3c  x2=0x00aaa84e
      96045.000 ns	      9603	80001fc4	006cde13	srli	x28,x25,0x6	 x25:0xaaa84e4e x28=0x02aaa139
      96055.000 ns	      9604	80001fc8	00612ab3	slt	x21,x2,x6	  x2:0x80ff9f14  x6:0xfffffc3e x21=0x00000000
      96085.000 ns	      9607	80001fcc	10ef7753	fmul.s	f14,f30,f14	 f30:0x3f6e167e f14:0x536f9d06 f14=0x535ed909
      96105.000 ns	      9609	80001fd0	0120fcb3	and	x25,x1,x18	  x1:0x7ffbf7b5 x18:0x00000000 x25=0x00000000
      96125.000 ns	      9611	80001fd4	c01c8653	fcvt.wu.s	x12,f25	 f25:0x00000000 x12=0x00000000
      96155.000 ns	      9614	80001fd8	02049fb3	mulh	x31,x9,x0	  x9:0x88007f78  x0:0x00000000 x31=0x00000000
      96185.000 ns	      9617	80001fdc	021eabb3	mulhsu	x23,x29,x1	 x29:0x00000040  x1:0x7ffbf7b5 x23=0x0000001f
      96205.000 ns	      9619	80001fe0	6d93aa13	slti	x20,x7,1753	  x7:0xffffffff x20=0x00000001
      96245.000 ns	      9623	80001fe4	00938453	fadd.s	f8,f7,f9	  f7:0x4a02930e  f9:0x536f4d0d  f8=0x536f4d2e
      96265.000 ns	      9625	80001fe8	898d0393	addi	x7,x26,-1896	 x26:0x7fffffff  x7=0x7ffff897
      96285.000 ns	      9627	80001fec	02b58eb3	mul	x29,x11,x11	 x11:0xffffffbf x11:0xffffffbf x29=0x00001081
      96305.000 ns	      9629	80001ff0	00991e93	slli	x29,x18,0x9	 x18:0x00000000 x29=0x00000000
      96325.000 ns	      9631	80001ff4	20c50c53	fsgnj.s	f24,f10,f12	 f10:0x80000000 f12:0xffffffff f24=0x80000000
      96345.000 ns	      9633	80001ff8	01aa1a33	sll	x20,x20,x26	 x20:0x00000001 x26:0x7fffffff x20=0x80000000
      96355.000 ns	      9634	80001ffc	0100c033	xor	x0,x1,x16	  x1:0x7ffbf7b5 x16:0x00000000
      96375.000 ns	      9636	80002000	d016ffd3	fcvt.s.wu	f31,x13	 x13:0xaaae8e3c f31=0x4f2aae8e
      96405.000 ns	      9639	80002004	a1ccafd3	feq.s	x31,f25,f28	 f25:0x00000000 f28:0x443f8000 x31=0x00000000
      96425.000 ns	      9641	80002008	00a385b3	add	x11,x7,x10	  x7:0x7ffff897 x10:0xffffffbf x11=0x7ffff856
      96445.000 ns	      9643	8000200c	d01249d3	fcvt.s.wu	f19,x4	  x4:0x00000000 f19=0x00000000
      96475.000 ns	      9646	80002010	e0040453	fmv.x.w	x8,f8	  f8:0x536f4d2e  x8=0x536f4d2e
      96495.000 ns	      9648	80002014	00000013	addi	x0,x0,0	  x0:0x00000000
      96505.000 ns	      9649	80002018	8e27e313	ori	x6,x15,-1822	 x15:0xaaa84e22  x6=0xfffffee2
      96515.000 ns	      9650	8000201c	415f5a33	sra	x20,x30,x21	 x30:0xaaa84e0d x21:0x00000000 x20=0xaaa84e0d
      96525.000 ns	      9651	80002020	00c4e5b3	or	x11,x9,x12	  x9:0x88007f78 x12:0x00000000 x11=0x88007f78
      96885.000 ns	      9687	80002024	034b43b3	div	x7,x22,x20	 x22:0xaaa84e4e x20:0x80000000  x7=0x00000000
      96905.000 ns	      9689	80002028	01bbeeb3	or	x29,x23,x27	 x23:0x0000001f x27:0x078efa52 x29=0x078efa5f
      96915.000 ns	      9690	8000202c	016a9e13	slli	x28,x21,0x16	 x21:0x00000000 x28=0x00000000
      97275.000 ns	      9726	80002030	0251c4b3	div	x9,x3,x5	  x3:0x00000000  x5:0x80041024  x9=0x00000000
      97295.000 ns	      9728	80002034	db34a693	slti	x13,x9,-589	  x9:0x88007f78 x13=0x00000000
      97305.000 ns	      9729	80002038	40fa87b3	sub	x15,x21,x15	 x21:0x00000000 x15:0xaaa84e22 x15=0x5557b1de
      97335.000 ns	      9732	8000203c	115a72d3	fmul.s	f5,f20,f21	 f20:0x3fe40000 f21:0x00000000  f5=0x00000000
      97355.000 ns	      9734	80002040	0097d913	srli	x18,x15,0x9	 x15:0xaaa84e22 x18=0x002aabd8
      97365.000 ns	      9735	80002044	016665b3	or	x11,x12,x22	 x12:0x00000000 x22:0xaaa84e4e x11=0xaaa84e4e
      97375.000 ns	      9736	80002048	00d41393	slli	x7,x8,0xd	  x8:0x536f4d2e  x7=0xe9a5c000
      97385.000 ns	      9737	8000204c	39667493	andi	x9,x12,918	 x12:0x00000000  x9=0x00000000
      97395.000 ns	      9738	80002050	01e96e33	or	x28,x18,x30	 x18:0x002aabd8 x30:0xaaa84e0d x28=0xaaaaefdd
      97405.000 ns	      9739	80002054	4131de33	sra	x28,x3,x19	  x3:0x00000000 x19:0x00000000 x28=0x00000000
      97415.000 ns	      9740	80002058	5a550613	addi	x12,x10,1445	 x10:0xffffffbf x12=0x00000564
      97425.000 ns	      9741	8000205c	01b64db3	xor	x27,x12,x27	 x12:0x00000000 x27:0x078efa52 x27=0x078eff36
      97455.000 ns	      9744	80002060	5802fad3	fsqrt.s	f21,f5	  f5:0x00000000 f21=0x00000000
      97475.000 ns	      9746	80002064	cc6d0c13	addi	x24,x26,-826	 x26:0x7fffffff x24=0x7ffffcc5
      97485.000 ns	      9747	80002068	2b922313	slti	x6,x4,697	  x4:0x00000000  x6=0x00000001
      97495.000 ns	      9748	8000206c	41060e33	sub	x28,x12,x16	 x12:0x00000564 x16:0x00000000 x28=0x00000564
      97505.000 ns	      9749	80002070	000e5cb3	srl	x25,x28,x0	 x28:0x00000000  x0:0x00000000 x25=0x00000564
      97515.000 ns	      9750	80002074	7a77fd93	andi	x27,x15,1959	 x15:0x5557b1de x27=0x00000186
      97525.000 ns	      9751	80002078	905d6013	ori	x0,x26,-1787	 x26:0x7fffffff
      97545.000 ns	      9753	8000207c	a08e8ed3	fle.s	x29,f29,f8	 f29:0x00000000  f8:0x536f4d2e x29=0x00000001
      97565.000 ns	      9755	80002080	214b3d93	sltiu	x27,x22,532	 x22:0xaaa84e4e x27=0x00000000
      97585.000 ns	      9757	80002084	d00d3b53	fcvt.s.w	f22,x26	 x26:0x7fffffff f22=0x4f000000
      97605.000 ns	      9759	80002088	01d183b3	add	x7,x3,x29	  x3:0x00000000 x29:0x00000001  x7=0x00000001
      97615.000 ns	      9760	8000208c	00b9df33	srl	x30,x19,x11	 x19:0x00000000 x11:0xaaa84e4e x30=0x00000000
      97625.000 ns	      9761	80002090	00325213	srli	x4,x4,0x3	  x4:0x00000000  x4=0x00000000
      97635.000 ns	      9762	80002094	6fb8c793	xori	x15,x17,1787	 x17:0xfffffcb9 x15=0xfffffa42
      97645.000 ns	      9763	80002098	c8d3f693	andi	x13,x7,-883	  x7:0x00000001 x13=0x00000001
      97665.000 ns	      9765	8000209c	d01576d3	fcvt.s.wu	f13,x10	 x10:0xffffffbf f13=0x4f7fffff
      97685.000 ns	      9767	800020a0	3906f813	andi	x16,x13,912	 x13:0x00000000 x16=0x00000000
      97695.000 ns	      9768	800020a4	019574b3	and	x9,x10,x25	 x10:0xffffffbf x25:0x00000564  x9=0x00000524
      97715.000 ns	      9770	800020a8	026137b3	mulhu	x15,x2,x6	  x2:0x00aaa84e  x6:0x00000001 x15=0x00000000
      97735.000 ns	      9772	800020ac	01da6db3	or	x27,x20,x29	 x20:0xaaa84e0d x29:0x00000001 x27=0xaaa84e0d
      97745.000 ns	      9773	800020b0	01eee7b3	or	x15,x29,x30	 x29:0x00000001 x30:0x00000000 x15=0x00000001
      97785.000 ns	      9777	800020b4	018ef4d3	fadd.s	f9,f29,f24	 f29:0x00000000 f24:0x80000000  f9=0x80000000
      97805.000 ns	      9779	800020b8	01769a93	slli	x21,x13,0x17	 x13:0x00000001 x21=0x00800000
      97815.000 ns	      9780	800020bc	015221b3	slt	x3,x4,x21	  x4:0x00000000 x21:0x00000000  x3=0x00000001
      97825.000 ns	      9781	800020c0	013a47b3	xor	x15,x20,x19	 x20:0xaaa84e0d x19:0x00000000 x15=0xaaa84e0d
      97845.000 ns	      9783	800020c4	c00ab0d3	fcvt.w.s	x1,f21	 f21:0x00000000  x1=0x00000000
      97865.000 ns	      9785	800020c8	00419313	slli	x6,x3,0x4	  x3:0x00000001  x6=0x00000010
      97885.000 ns	      9787	800020cc	a0191bd3	flt.s	x23,f18,f1	 f18:0x80040fe4  f1:0xffffffff x23=0x00000000
      97905.000 ns	      9789	800020d0	6a2bbe37	lui	x28,0x6a2bb	 x28=0x6a2bb000
      97925.000 ns	      9791	800020d4	28248253	fmin.s	f4,f9,f2	  f9:0x80000000  f2:0x80040fe4  f4=0x80040fe4
      97955.000 ns	      9794	800020d8	03103233	mulhu	x4,x0,x17	  x0:0x00000000 x17:0xfffffcb9  x4=0x00000000
      97975.000 ns	      9796	800020dc	c6ea0593	addi	x11,x20,-914	 x20:0xaaa84e0d x11=0xaaa84a7b
      97985.000 ns	      9797	800020e0	00666033	or	x0,x12,x6	 x12:0x00000564  x6:0x00000010
      98005.000 ns	      9799	800020e4	a06f8f53	fle.s	x30,f31,f6	 f31:0x4f2aae8e  f6:0x7fc00000 x30=0x00000000
      98035.000 ns	      9802	800020e8	a11ca6d3	feq.s	x13,f25,f17	 f25:0x00000000 f17:0x00000000 x13=0x00000001
      98065.000 ns	      9805	800020ec	c00e7353	fcvt.w.s	x6,f28	 f28:0x443f8000  x6=0x000002fe
      98085.000 ns	      9807	800020f0	008b0f33	add	x30,x22,x8	 x22:0xaaa84e4e  x8:0x536f4d2e x30=0xfe179b7c
      98095.000 ns	      9808	800020f4	3cf20993	addi	x19,x4,975	  x4:0x00000000 x19=0x000003cf
      98115.000 ns	      9810	800020f8	20889553	fsgnjn.s	f10,f17,f8	 f17:0x00000000  f8:0x536f4d2e f10=0x80000000
      98485.000 ns	      9847	800020fc	02247333	remu	x6,x8,x2	  x8:0x536f4d2e  x2:0x00aaa84e  x6=0x001b1f18
      98505.000 ns	      9849	80002100	00c75993	srli	x19,x14,0xc	 x14:0x80040fe4 x19=0x00080040
      98525.000 ns	      9851	80002104	03cb1fb3	mulh	x31,x22,x28	 x22:0xaaa84e4e x28:0x6a2bb000 x31=0xdc9b2005
      98545.000 ns	      9853	80002108	00d67f33	and	x30,x12,x13	 x12:0x00000564 x13:0x00000001 x30=0x00000000
      98555.000 ns	      9854	8000210c	41d30e13	addi	x28,x6,1053	  x6:0x001b1f18 x28=0x001b2335
      98575.000 ns	      9856	80002110	e0070f53	fmv.x.w	x30,f14	 f14:0x535ed909 x30=0x535ed909
      98595.000 ns	      9858	80002114	01505ab3	srl	x21,x0,x21	  x0:0x00000000 x21:0x00800000 x21=0x00000000
      98605.000 ns	      9859	80002118	014aaa33	slt	x20,x21,x20	 x21:0x00800000 x20:0xaaa84e0d x20=0x00000000
      98615.000 ns	      9860	8000211c	c0713f13	sltiu	x30,x2,-1017	  x2:0x00aaa84e x30=0x00000001
      98635.000 ns	      9862	80002120	c00d48d3	fcvt.w.s	x17,f26	 f26:0x7fc00000 x17=0x7fffffff
      98665.000 ns	      9865	80002124	a0430a53	fle.s	x20,f6,f4	  f6:0x7fc00000  f4:0x80040fe4 x20=0x00000000
      98685.000 ns	      9867	80002128	5008f193	andi	x3,x17,1280	 x17:0x7fffffff  x3=0x00000500
      98705.000 ns	      9869	8000212c	03eda4b3	mulhsu	x9,x27,x30	 x27:0xaaa84e0d x30:0x00000001  x9=0xffffffff
      98725.000 ns	      9871	80002130	012ae333	or	x6,x21,x18	 x21:0x00000000 x18:0x002aabd8  x6=0x002aabd8
      98745.000 ns	      9873	80002134	c0130953	fcvt.wu.s	x18,f6	  f6:0x7fc00000 x18=0xffffffff
      98795.000 ns	      9878	80002138	09e7f553	fsub.s	f10,f15,f30	 f15:0x4e9ff356 f30:0x3f6e167e f10=0x4e9ff355
      98825.000 ns	      9881	8000213c	a0be8953	fle.s	x18,f29,f11	 f29:0x00000000 f11:0x7fc00000 x18=0x00000000
      98845.000 ns	      9883	80002140	00565c33	srl	x24,x12,x5	 x12:0x00000564  x5:0x80041024 x24=0x00000056
      98855.000 ns	      9884	80002144	00c5a5b3	slt	x11,x11,x12	 x11:0xaaa84a7b x12:0x00000564 x11=0x00000001
      98875.000 ns	      9886	80002148	d00242d3	fcvt.s.w	f5,x4	  x4:0x00000000  f5=0x00000000
      98905.000 ns	      9889	8000214c	a11f0653	fle.s	x12,f30,f17	 f30:0x3f6e167e f17:0x00000000 x12=0x00000000
      98925.000 ns	      9891	80002150	008264b3	or	x9,x4,x8	  x4:0x00000000  x8:0x536f4d2e  x9=0x536f4d2e
      99285.000 ns	      9927	80002154	0365dab3	divu	x21,x11,x22	 x11:0x00000001 x22:0xaaa84e4e x21=0x00000000
      99335.000 ns	      9932	80002158	09dbb253	fsub.s	f4,f23,f29	 f23:0x7f800000 f29:0x00000000  f4=0x7f800000
      99385.000 ns	      9937	8000215c	0982f453	fsub.s	f8,f5,f24	  f5:0x00000000 f24:0x80000000  f8=0x00000000
      99405.000 ns	      9939	80002160	bff3b093	sltiu	x1,x7,-1025	  x7:0x00000001  x1=0x00000001
      99435.000 ns	      9942	80002164	105c8953	fmul.s	f18,f25,f5	 f25:0x00000000  f5:0x00000000 f18=0x00000000
      99455.000 ns	      9944	80002168	003017b3	sll	x15,x0,x3	  x0:0x00000000  x3:0x00000500 x15=0x00000000
      99465.000 ns	      9945	8000216c	4186d593	srai	x11,x13,0x18	 x13:0x00000001 x11=0x00000000
      99485.000 ns	      9947	80002170	e00b8a53	fmv.x.w	x20,f23	 f23:0x7f800000 x20=0x7f800000
      99515.000 ns	      9950	80002174	f00b0453	fmv.w.x	f8,x22	 x22:0xaaa84e4e  f8=0xaaa84e4e
      99535.000 ns	      9952	80002178	4017d493	srai	x9,x15,0x1	 x15:0x00000000  x9=0x00000000
      99555.000 ns	      9954	8000217c	e00f9353	fclass.s	x6,f31	 f31:0x4f2aae8e  x6=0x00000040
      99575.000 ns	      9956	80002180	002f34b3	sltu	x9,x30,x2	 x30:0x00000001  x2:0x00aaa84e  x9=0x00000001
      99595.000 ns	      9958	80002184	208d8a53	fsgnj.s	f20,f27,f8	 f27:0x3f800000  f8:0xaaa84e4e f20=0xbf800000
      99625.000 ns	      9961	80002188	203d8d53	fsgnj.s	f26,f27,f3	 f27:0x3f800000  f3:0x4e9ff356 f26=0x3f800000
      99655.000 ns	      9964	8000218c	a0af97d3	flt.s	x15,f31,f10	 f31:0x4f2aae8e f10:0x4e9ff355 x15=0x00000000
      99685.000 ns	      9967	80002190	281a1cd3	fmax.s	f25,f20,f1	 f20:0xbf800000  f1:0xffffffff f25=0xbf800000
      99715.000 ns	      9970	80002194	e00b1853	fclass.s	x16,f22	 f22:0x4f000000 x16=0x00000040
      99765.000 ns	      9975	80002198	0185f353	fadd.s	f6,f11,f24	 f11:0x7fc00000 f24:0x80000000  f6=0x7fc00000
      99785.000 ns	      9977	8000219c	003d5a13	srli	x20,x26,0x3	 x26:0x7fffffff x20=0x0fffffff
      99795.000 ns	      9978	800021a0	2e9cda97	auipc	x21,0x2e9cd	 x21=0xae9cf1a0
      99815.000 ns	      9980	800021a4	d00574d3	fcvt.s.w	f9,x10	 x10:0xffffffbf  f9=0xc2820000
      99835.000 ns	      9982	800021a8	01d97233	and	x4,x18,x29	 x18:0x00000000 x29:0x00000001  x4=0x00000000
      99845.000 ns	      9983	800021ac	00000013	addi	x0,x0,0	  x0:0x00000000
      99865.000 ns	      9985	800021b0	20a51dd3	fsgnjn.s	f27,f10,f10	 f10:0x4e9ff355 f10:0x4e9ff355 f27=0xce9ff355
     100235.000 ns	     10022	800021b4	0290dcb3	divu	x25,x1,x9	  x1:0x00000001  x9:0x00000001 x25=0x00000001
     100265.000 ns	     10025	800021b8	e0020e53	fmv.x.w	x28,f4	  f4:0x7f800000 x28=0x7f800000
     100285.000 ns	     10027	800021bc	403e07b3	sub	x15,x28,x3	 x28:0x001b2335  x3:0x00000500 x15=0x7f7ffb00
     101455.000 ns	     10144	800021c0	580f87d3	fsqrt.s	f15,f31	 f31:0x4f2aae8e f15=0x46f16108
     101485.000 ns	     10147	800021c4	d005f0d3	fcvt.s.w	f1,x11	 x11:0x00000000  f1=0x00000000
     101515.000 ns	     10150	800021c8	29198cd3	fmin.s	f25,f19,f17	 f19:0x00000000 f17:0x00000000 f25=0x00000000
     101535.000 ns	     10152	800021cc	756c6813	ori	x16,x24,1878	 x24:0x00000056 x16=0x00000756
     101555.000 ns	     10154	800021d0	d01bf7d3	fcvt.s.wu	f15,x23	 x23:0x00000000 f15=0x00000000
     101575.000 ns	     10156	800021d4	01bc0cb3	add	x25,x24,x27	 x24:0x00000056 x27:0xaaa84e0d x25=0xaaa84e63
     101595.000 ns	     10158	800021d8	a0ac1353	flt.s	x6,f24,f10	 f24:0x80000000 f10:0x4e9ff355  x6=0x00000001
     101615.000 ns	     10160	800021dc	4097d5b3	sra	x11,x15,x9	 x15:0x7f7ffb00  x9:0x00000001 x11=0x3fbffd80
     101625.000 ns	     10161	800021e0	e1456813	ori	x16,x10,-492	 x10:0xffffffbf x16=0xffffffbf
     101645.000 ns	     10163	800021e4	285f8353	fmin.s	f6,f31,f5	 f31:0x4f2aae8e  f5:0x00000000  f6=0x00000000
     101685.000 ns	     10167	800021e8	1935f453	fdiv.s	f8,f11,f19	 f11:0x7fc00000 f19:0x00000000  f8=0x7fc00000
     101705.000 ns	     10169	800021ec	00ddbfb3	sltu	x31,x27,x13	 x27:0xaaa84e0d x13:0x00000001 x31=0x00000000
     101715.000 ns	     10170	800021f0	88249f97	auipc	x31,0x88249	 x31=0x0824b1f0
     101725.000 ns	     10171	800021f4	0c6ea113	slti	x2,x29,198	 x29:0x00000001  x2=0x00000001
     102085.000 ns	     10207	800021f8	034841b3	div	x3,x16,x20	 x16:0xffffffbf x20:0x0fffffff  x3=0x00000000
     102455.000 ns	     10244	800021fc	03cdcbb3	div	x23,x27,x28	 x27:0xaaa84e0d x28:0x7f800000 x23=0x00000000
     102475.000 ns	     10246	80002200	40fad833	sra	x16,x21,x15	 x21:0xae9cf1a0 x15:0x7f7ffb00 x16=0xae9cf1a0
     102495.000 ns	     10248	80002204	206d8153	fsgnj.s	f2,f27,f6	 f27:0xce9ff355  f6:0x00000000  f2=0x4e9ff355
     102525.000 ns	     10251	80002208	d013fed3	fcvt.s.wu	f29,x7	  x7:0x00000001 f29=0x3f800000
     102895.000 ns	     10288	8000220c	03f26eb3	rem	x29,x4,x31	  x4:0x00000000 x31:0x0824b1f0 x29=0x00000000
     102915.000 ns	     10290	80002210	00124633	xor	x12,x4,x1	  x4:0x00000000  x1:0x00000001 x12=0x00000001
     102935.000 ns	     10292	80002214	29eb9bd3	fmax.s	f23,f23,f30	 f23:0x7f800000 f30:0x3f6e167e f23=0x7f800000
     102955.000 ns	     10294	80002218	00045d93	srli	x27,x8,0x0	  x8:0x536f4d2e x27=0x536f4d2e
     102975.000 ns	     10296	8000221c	032f80b3	mul	x1,x31,x18	 x31:0x0824b1f0 x18:0x00000000  x1=0x00000000
     102995.000 ns	     10298	80002220	0007f7b3	and	x15,x15,x0	 x15:0x7f7ffb00  x0:0x00000000 x15=0x00000000
     103005.000 ns	     10299	80002224	01581393	slli	x7,x16,0x15	 x16:0xae9cf1a0  x7=0x34000000
     103015.000 ns	     10300	80002228	00a5b933	sltu	x18,x11,x10	 x11:0x3fbffd80 x10:0xffffffbf x18=0x00000001
     103025.000 ns	     10301	8000222c	00e61a13	slli	x20,x12,0xe	 x12:0x00000001 x20=0x00004000
     103035.000 ns	     10302	80002230	c6a88893	addi	x17,x17,-918	 x17:0x7fffffff x17=0x7ffffc69
     103055.000 ns	     10304	80002234	f0000553	fmv.w.x	f10,x0	  x0:0x00000000 f10=0x00000000
     103075.000 ns	     10306	80002238	a3390013	addi	x0,x18,-1485	 x18:0x00000001
     103085.000 ns	     10307	8000223c	40bbdf93	srai	x31,x23,0xb	 x23:0x00000000 x31=0x00000000
     103105.000 ns	     10309	80002240	024d7933	remu	x18,x26,x4	 x26:0x7fffffff  x4:0x00000000 x18=0x7fffffff
     103135.000 ns	     10312	80002244	a1ca28d3	feq.s	x17,f20,f28	 f20:0xbf800000 f28:0x443f8000 x17=0x00000000
     103155.000 ns	     10314	80002248	196b75b7	lui	x11,0x196b7	 x11=0x196b7000
     103175.000 ns	     10316	8000224c	20c42c53	fsgnjx.s	f24,f8,f12	  f8:0x7fc00000 f12:0xffffffff f24=0xffc00000
     103225.000 ns	     10321	80002250	001a4cd3	fadd.s	f25,f20,f1	 f20:0xbf800000  f1:0x00000000 f25=0xbf800000
     103255.000 ns	     10324	80002254	289a0753	fmin.s	f14,f20,f9	 f20:0xbf800000  f9:0xc2820000 f14=0xc2820000
     103625.000 ns	     10361	80002258	03bfd1b3	divu	x3,x31,x27	 x31:0x00000000 x27:0x536f4d2e  x3=0x00000000
     103995.000 ns	     10398	8000225c	022a5e33	divu	x28,x20,x2	 x20:0x00004000  x2:0x00000001 x28=0x00004000
     104025.000 ns	     10401	80002260	02fa5a33	divu	x20,x20,x15	 x20:0x00004000 x15:0x00000000 x20=0xffffffff
     104055.000 ns	     10404	80002264	a0ffadd3	feq.s	x27,f31,f15	 f31:0x4f2aae8e f15:0x00000000 x27=0x00000000
     104085.000 ns	     10407	80002268	02942d33	mulhsu	x26,x8,x9	  x8:0x536f4d2e  x9:0x00000001 x26=0x00000000
     104115.000 ns	     10410	8000226c	e0059cd3	fclass.s	x25,f11	 f11:0x7fc00000 x25=0x00000200
     104135.000 ns	     10412	80002270	0000d5b3	srl	x11,x1,x0	  x1:0x00000000  x0:0x00000000 x11=0x00000000
     104145.000 ns	     10413	80002274	5b7a7a97	auipc	x21,0x5b7a7	 x21=0xdb7a9274
     104155.000 ns	     10414	80002278	01cb8eb3	add	x29,x23,x28	 x23:0x00000000 x28:0x00004000 x29=0x00004000
     104165.000 ns	     10415	8000227c	3414df97	auipc	x31,0x3414d	 x31=0xb414f27c
     104175.000 ns	     10416	80002280	01b208b3	add	x17,x4,x27	  x4:0x00000000 x27:0x00000000 x17=0x00000000
     104195.000 ns	     10418	80002284	209127d3	fsgnjx.s	f15,f2,f9	  f2:0x4e9ff355  f9:0xc2820000 f15=0xce9ff355
     104225.000 ns	     10421	80002288	20898ed3	fsgnj.s	f29,f19,f8	 f19:0x00000000  f8:0x7fc00000 f29=0x00000000
     104255.000 ns	     10424	8000228c	a110a453	feq.s	x8,f1,f17	  f1:0x00000000 f17:0x00000000  x8=0x00000001
     104295.000 ns	     10428	80002290	104eb953	fmul.s	f18,f29,f4	 f29:0x00000000  f4:0x7f800000 f18=0x7fc00000
     104315.000 ns	     10430	80002294	003d5993	srli	x19,x26,0x3	 x26:0x00000000 x19=0x00000000
     104335.000 ns	     10432	80002298	c00c41d3	fcvt.w.s	x3,f24	 f24:0xffc00000  x3=0x7fffffff
     104355.000 ns	     10434	8000229c	40255893	srai	x17,x10,0x2	 x10:0xffffffbf x17=0xffffffef
     104365.000 ns	     10435	800022a0	00f298b3	sll	x17,x5,x15	  x5:0x80041024 x15:0x00000000 x17=0x80041024
     104385.000 ns	     10437	800022a4	a1c7a553	feq.s	x10,f15,f28	 f15:0xce9ff355 f28:0x443f8000 x10=0x00000000
     104415.000 ns	     10440	800022a8	02191233	mulh	x4,x18,x1	 x18:0x7fffffff  x1:0x00000000  x4=0x00000000
     104785.000 ns	     10477	800022ac	03d96533	rem	x10,x18,x29	 x18:0x7fffffff x29:0x00004000 x10=0x00003fff
     104805.000 ns	     10479	800022b0	73464913	xori	x18,x12,1844	 x12:0x00000001 x18=0x00000735
     104825.000 ns	     10481	800022b4	03c69233	mulh	x4,x13,x28	 x13:0x00000001 x28:0x00004000  x4=0x00000000
     104845.000 ns	     10483	800022b8	00c1c1b3	xor	x3,x3,x12	  x3:0x7fffffff x12:0x00000001  x3=0x7ffffffe
     104875.000 ns	     10486	800022bc	11d58653	fmul.s	f12,f11,f29	 f11:0x7fc00000 f29:0x00000000 f12=0x7fc00000
     104905.000 ns	     10489	800022c0	29690953	fmin.s	f18,f18,f22	 f18:0x7fc00000 f22:0x4f000000 f18=0x4f000000
     104925.000 ns	     10491	800022c4	88dcea13	ori	x20,x25,-1907	 x25:0x00000200 x20=0xfffffa8d
     104935.000 ns	     10492	800022c8	00811313	slli	x6,x2,0x8	  x2:0x00000001  x6=0x00000100
     105295.000 ns	     10528	800022cc	03475d33	divu	x26,x14,x20	 x14:0x80040fe4 x20:0xffffffff x26=0x00000000
     105325.000 ns	     10531	800022d0	02b99f33	mulh	x30,x19,x11	 x19:0x00000000 x11:0x00000000 x30=0x00000000
     105345.000 ns	     10533	800022d4	00912233	slt	x4,x2,x9	  x2:0x00000001  x9:0x00000001  x4=0x00000000
     105705.000 ns	     10569	800022d8	02d07633	remu	x12,x0,x13	  x0:0x00000000 x13:0x00000001 x12=0x00000000
     105735.000 ns	     10572	800022dc	d0197953	fcvt.s.wu	f18,x18	 x18:0x00000735 f18=0x44e6a000
     105765.000 ns	     10575	800022e0	a1659153	flt.s	x2,f11,f22	 f11:0x7fc00000 f22:0x4f000000  x2=0x00000000
     105795.000 ns	     10578	800022e4	d0147ad3	fcvt.s.wu	f21,x8	  x8:0x00000001 f21=0x3f800000
     105825.000 ns	     10581	800022e8	d0101953	fcvt.s.wu	f18,x0	  x0:0x00000000 f18=0x00000000
     106195.000 ns	     10618	800022ec	025c6ab3	rem	x21,x24,x5	 x24:0x00000056  x5:0x80041024 x21=0x00000056
     106235.000 ns	     10622	800022f0	117ebbd3	fmul.s	f23,f29,f23	 f29:0x00000000 f23:0x7f800000 f23=0x7fc00000
     106265.000 ns	     10625	800022f4	c012a053	fcvt.wu.s	x0,f5	  f5:0x00000000
     106635.000 ns	     10662	800022f8	02dc79b3	remu	x19,x24,x13	 x24:0x00000056 x13:0x00000001 x19=0x00000000
     106655.000 ns	     10664	800022fc	1b4534b7	lui	x9,0x1b453	  x9=0x1b453000
     106675.000 ns	     10666	80002300	28f69f53	fmax.s	f30,f13,f15	 f13:0x4f7fffff f15:0xce9ff355 f30=0x4f7fffff
     106705.000 ns	     10669	80002304	d0078353	fcvt.s.w	f6,x15	 x15:0x00000000  f6=0x00000000
     106725.000 ns	     10671	80002308	005e1ab3	sll	x21,x28,x5	 x28:0x00004000  x5:0x80041024 x21=0x00040000
     106745.000 ns	     10673	8000230c	03ef11b3	mulh	x3,x30,x30	 x30:0x00000000 x30:0x00000000  x3=0x00000000
     106775.000 ns	     10676	80002310	c01ff253	fcvt.wu.s	x4,f31	 f31:0x4f2aae8e  x4=0xaaae8e00
     106805.000 ns	     10679	80002314	02b2b233	mulhu	x4,x5,x11	  x5:0x80041024 x11:0x00000000  x4=0x00000000
     107175.000 ns	     10716	80002318	0253d6b3	divu	x13,x7,x5	  x7:0x34000000  x5:0x80041024 x13=0x00000000
     108355.000 ns	     10834	8000231c	5801f253	fsqrt.s	f4,f3	  f3:0x4e9ff356  f4=0x470f15e5
     108375.000 ns	     10836	80002320	50df2413	slti	x8,x30,1293	 x30:0x00000000  x8=0x00000001
     108395.000 ns	     10838	80002324	a1bf04d3	fle.s	x9,f30,f27	 f30:0x4f7fffff f27:0xce9ff355  x9=0x00000000
     108415.000 ns	     10840	80002328	00095013	srli	x0,x18,0x0	 x18:0x00000735
     108455.000 ns	     10844	8000232c	017f70d3	fadd.s	f1,f30,f23	 f30:0x4f7fffff f23:0x7fc00000  f1=0x7fc00000
     108475.000 ns	     10846	80002330	352eba37	lui	x20,0x352eb	 x20=0x352eb000
     108485.000 ns	     10847	80002334	01865f33	srl	x30,x12,x24	 x12:0x00000000 x24:0x00000056 x30=0x00000000
     108505.000 ns	     10849	80002338	29541153	fmax.s	f2,f8,f21	  f8:0x7fc00000 f21:0x3f800000  f2=0x3f800000
     108525.000 ns	     10851	8000233c	e1e7c413	xori	x8,x15,-482	 x15:0x00000000  x8=0xfffffe1e
     108545.000 ns	     10853	80002340	d01a7353	fcvt.s.wu	f6,x20	 x20:0x352eb000  f6=0x4e54bac0
     108575.000 ns	     10856	80002344	201f1253	fsgnjn.s	f4,f30,f1	 f30:0x4f7fffff  f1:0x7fc00000  f4=0xcf7fffff
     108605.000 ns	     10859	80002348	c01296d3	fcvt.wu.s	x13,f5	  f5:0x00000000 x13=0x00000000
     108625.000 ns	     10861	8000234c	01331513	slli	x10,x6,0x13	  x6:0x00000100 x10=0x08000000
     108645.000 ns	     10863	80002350	d00377d3	fcvt.s.w	f15,x6	  x6:0x00000100 f15=0x43800000
     108675.000 ns	     10866	80002354	a1538ad3	fle.s	x21,f7,f21	  f7:0x4a02930e f21:0x3f800000 x21=0x00000000
     108705.000 ns	     10869	80002358	031a3fb3	mulhu	x31,x20,x17	 x20:0x352eb000 x17:0x80041024 x31=0x1a983015
     108735.000 ns	     10872	8000235c	03cd33b3	mulhu	x7,x26,x28	 x26:0x00000000 x28:0x00004000  x7=0x00000000
     108755.000 ns	     10874	80002360	013f5e13	srli	x28,x30,0x13	 x30:0x00000000 x28=0x00000000
     108765.000 ns	     10875	80002364	000f5b93	srli	x23,x30,0x0	 x30:0x00000000 x23=0x00000000
     108775.000 ns	     10876	80002368	00a41513	slli	x10,x8,0xa	  x8:0xfffffe1e x10=0xfff87800
     108795.000 ns	     10878	8000236c	02fb43b3	div	x7,x22,x15	 x22:0xaaa84e4e x15:0x00000000  x7=0xffffffff
     109165.000 ns	     10915	80002370	03424233	div	x4,x4,x20	  x4:0x00000000 x20:0x352eb000  x4=0x00000000
     109195.000 ns	     10918	80002374	f0018453	fmv.w.x	f8,x3	  x3:0x00000000  f8=0x00000000
     109225.000 ns	     10921	80002378	03a3bab3	mulhu	x21,x7,x26	  x7:0xffffffff x26:0x00000000 x21=0x00000000
     109275.000 ns	     10926	8000237c	09b546d3	fsub.s	f13,f10,f27	 f10:0x00000000 f27:0xce9ff355 f13=0x4e9ff355
     109295.000 ns	     10928	80002380	414f8ab3	sub	x21,x31,x20	 x31:0x1a983015 x20:0x352eb000 x21=0xe5698015
     109305.000 ns	     10929	80002384	45c0ff13	andi	x30,x1,1116	  x1:0x00000000 x30=0x00000000
     109325.000 ns	     10931	80002388	03491ab3	mulh	x21,x18,x20	 x18:0x00000735 x20:0x352eb000 x21=0x0000017f
     109345.000 ns	     10933	8000238c	000b96b3	sll	x13,x23,x0	 x23:0x00000000  x0:0x00000000 x13=0x00000000
     109365.000 ns	     10935	80002390	d019f7d3	fcvt.s.wu	f15,x19	 x19:0x00000000 f15=0x00000000
     109385.000 ns	     10937	80002394	40f9dd33	sra	x26,x19,x15	 x19:0x00000000 x15:0x00000000 x26=0x00000000
     109395.000 ns	     10938	80002398	a94eed93	ori	x27,x29,-1388	 x29:0x00004000 x27=0xfffffa94
     109415.000 ns	     10940	8000239c	a1c829d3	feq.s	x19,f16,f28	 f16:0xffc00000 f28:0x443f8000 x19=0x00000000
     109435.000 ns	     10942	800023a0	000b2233	slt	x4,x22,x0	 x22:0xaaa84e4e  x0:0x00000000  x4=0x00000001
     109455.000 ns	     10944	800023a4	a03dacd3	feq.s	x25,f27,f3	 f27:0xce9ff355  f3:0x4e9ff356 x25=0x00000000
     109485.000 ns	     10947	800023a8	a102a6d3	feq.s	x13,f5,f16	  f5:0x00000000 f16:0xffc00000 x13=0x00000000
     109505.000 ns	     10949	800023ac	70a7a113	slti	x2,x15,1802	 x15:0x00000000  x2=0x00000001
     109525.000 ns	     10951	800023b0	029710b3	mulh	x1,x14,x9	 x14:0x80040fe4  x9:0x00000000  x1=0x00000000
     109545.000 ns	     10953	800023b4	00000013	addi	x0,x0,0	  x0:0x00000000
     109565.000 ns	     10955	800023b8	d019f053	fcvt.s.wu	f0,x19	 x19:0x00000000  f0=0x00000000
     109605.000 ns	     10959	800023bc	58048dd3	fsqrt.s	f27,f9	  f9:0xc2820000 f27=0x7fc00000
     109635.000 ns	     10962	800023c0	f00a80d3	fmv.w.x	f1,x21	 x21:0x0000017f  f1=0x0000017f
     109665.000 ns	     10965	800023c4	f00a0653	fmv.w.x	f12,x20	 x20:0x352eb000 f12=0x352eb000
     109685.000 ns	     10967	800023c8	a06a2093	slti	x1,x20,-1530	 x20:0x352eb000  x1=0x00000000
     109705.000 ns	     10969	800023cc	29c293d3	fmax.s	f7,f5,f28	  f5:0x00000000 f28:0x443f8000  f7=0x443f8000
     109725.000 ns	     10971	800023d0	00369b93	slli	x23,x13,0x3	 x13:0x00000000 x23=0x00000000
     109735.000 ns	     10972	800023d4	006e37b3	sltu	x15,x28,x6	 x28:0x00000000  x6:0x00000100 x15=0x00000001
     109745.000 ns	     10973	800023d8	ead5f093	andi	x1,x11,-339	 x11:0x00000000  x1=0x00000000
     109775.000 ns	     10976	800023dc	1104f453	fmul.s	f8,f9,f16	  f9:0xc2820000 f16:0xffc00000  f8=0x7fc00000
     110145.000 ns	     11013	800023e0	028dc633	div	x12,x27,x8	 x27:0xfffffa94  x8:0xfffffe1e x12=0x00000002
     110175.000 ns	     11016	800023e4	29ab0dd3	fmin.s	f27,f22,f26	 f22:0x4f000000 f26:0x3f800000 f27=0x3f800000
     110195.000 ns	     11018	800023e8	5b5a58b7	lui	x17,0x5b5a5	 x17=0x5b5a5000
     110225.000 ns	     11021	800023ec	580cff53	fsqrt.s	f30,f25	 f25:0xbf800000 f30=0x7fc00000
     110275.000 ns	     11026	800023f0	08ba7953	fsub.s	f18,f20,f11	 f20:0xbf800000 f11:0x7fc00000 f18=0x7fc00000
     110305.000 ns	     11029	800023f4	02973a33	mulhu	x20,x14,x9	 x14:0x80040fe4  x9:0x00000000 x20=0x00000000
     110325.000 ns	     11031	800023f8	01909c93	slli	x25,x1,0x19	  x1:0x00000000 x25=0x00000000
     110345.000 ns	     11033	800023fc	d0067353	fcvt.s.w	f6,x12	 x12:0x00000002  f6=0x40000000
     110395.000 ns	     11038	80002400	082f7fd3	fsub.s	f31,f30,f2	 f30:0x7fc00000  f2:0x3f800000 f31=0x7fc00000
     110415.000 ns	     11040	80002404	00e1d6b3	srl	x13,x3,x14	  x3:0x00000000 x14:0x80040fe4 x13=0x00000000
     110425.000 ns	     11041	80002408	2e4560b7	lui	x1,0x2e456	  x1=0x2e456000
     110445.000 ns	     11043	8000240c	03881933	mulh	x18,x16,x24	 x16:0xae9cf1a0 x24:0x00000056 x18=0xffffffe4
     110465.000 ns	     11045	80002410	01a669b3	or	x19,x12,x26	 x12:0x00000002 x26:0x00000000 x19=0x00000002
     110485.000 ns	     11047	80002414	03a64d33	div	x26,x12,x26	 x12:0x00000002 x26:0x00000000 x26=0xffffffff
     110515.000 ns	     11050	80002418	021b2fb3	mulhsu	x31,x22,x1	 x22:0xaaa84e4e  x1:0x2e456000 x31=0xf0931d6e
     110545.000 ns	     11053	8000241c	a12a1e53	flt.s	x28,f20,f18	 f20:0xbf800000 f18:0x7fc00000 x28=0x00000000
     110575.000 ns	     11056	80002420	d00d4553	fcvt.s.w	f10,x26	 x26:0xffffffff f10=0xbf800000
     110595.000 ns	     11058	80002424	9797a1b7	lui	x3,0x9797a	  x3=0x9797a000
     110955.000 ns	     11094	80002428	03bb6933	rem	x18,x22,x27	 x22:0xaaa84e4e x27:0xfffffa94 x18=0xfffffbf2
     110975.000 ns	     11096	8000242c	00632433	slt	x8,x6,x6	  x6:0x00000100  x6:0x00000100  x8=0x00000000
     110995.000 ns	     11098	80002430	f0000853	fmv.w.x	f16,x0	  x0:0x00000000 f16=0x00000000
     111025.000 ns	     11101	80002434	f00a0353	fmv.w.x	f6,x20	 x20:0x00000000  f6=0x00000000
     111045.000 ns	     11103	80002438	ad42c413	xori	x8,x5,-1324	  x5:0x80041024  x8=0x7ffbeaf0
     111055.000 ns	     11104	8000243c	01152e33	slt	x28,x10,x17	 x10:0xfff87800 x17:0x5b5a5000 x28=0x00000001
     111075.000 ns	     11106	80002440	c01df953	fcvt.wu.s	x18,f27	 f27:0x3f800000 x18=0x00000001
     111125.000 ns	     11111	80002444	01557353	fadd.s	f6,f10,f21	 f10:0xbf800000 f21:0x3f800000  f6=0x00000000
     111145.000 ns	     11113	80002448	eaf90813	addi	x16,x18,-337	 x18:0x00000001 x16=0xfffffeb0
     111165.000 ns	     11115	8000244c	e00e1153	fclass.s	x2,f28	 f28:0x443f8000  x2=0x00000040
     111195.000 ns	     11118	80002450	c012af53	fcvt.wu.s	x30,f5	  f5:0x00000000 x30=0x00000000
     112375.000 ns	     11236	80002454	580af153	fsqrt.s	f2,f21	 f21:0x3f800000  f2=0x3f7fffae
     112395.000 ns	     11238	80002458	003966b3	or	x13,x18,x3	 x18:0x00000001  x3:0x9797a000 x13=0x9797a001
     112405.000 ns	     11239	8000245c	015abfb3	sltu	x31,x21,x21	 x21:0x0000017f x21:0x0000017f x31=0x00000000
     112415.000 ns	     11240	80002460	40090233	sub	x4,x18,x0	 x18:0x00000001  x0:0x00000000  x4=0x00000001
     112455.000 ns	     11244	80002464	0944fdd3	fsub.s	f27,f9,f20	  f9:0xc2820000 f20:0xbf800000 f27=0xc2800000
     112475.000 ns	     11246	80002468	6df10093	addi	x1,x2,1759	  x2:0x00000040  x1=0x0000071f
     112495.000 ns	     11248	8000246c	e0088e53	fmv.x.w	x28,f17	 f17:0x00000000 x28=0x00000000
     112525.000 ns	     11251	80002470	0393ceb3	div	x29,x7,x25	  x7:0xffffffff x25:0x00000000 x29=0xffffffff
     112545.000 ns	     11253	80002474	4034dbb3	sra	x23,x9,x3	  x9:0x00000000  x3:0x9797a000 x23=0x00000000
     112575.000 ns	     11256	80002478	18dbf153	fdiv.s	f2,f23,f13	 f23:0x7fc00000 f13:0x4e9ff355  f2=0x7fc00000
     112595.000 ns	     11258	8000247c	01b6f833	and	x16,x13,x27	 x13:0x9797a001 x27:0xfffffa94 x16=0x9797a000
     112605.000 ns	     11259	80002480	227dbeb7	lui	x29,0x227db	 x29=0x227db000
     112615.000 ns	     11260	80002484	0187d993	srli	x19,x15,0x18	 x15:0x00000001 x19=0x00000000
     112625.000 ns	     11261	80002488	01261013	slli	x0,x12,0x12	 x12:0x00000002
     112635.000 ns	     11262	8000248c	0106cd33	xor	x26,x13,x16	 x13:0x9797a001 x16:0x9797a000 x26=0x00000001
     112645.000 ns	     11263	80002490	0061c8b3	xor	x17,x3,x6	  x3:0x9797a000  x6:0x00000100 x17=0x9797a100
     112655.000 ns	     11264	80002494	87da9f17	auipc	x30,0x87da9	 x30=0x07dab494
     112675.000 ns	     11266	80002498	d017c053	fcvt.s.wu	f0,x15	 x15:0x00000001  f0=0x3f800000
     112715.000 ns	     11270	8000249c	10a1fb53	fmul.s	f22,f3,f10	  f3:0x4e9ff356 f10:0xbf800000 f22=0xce9ff356
     112735.000 ns	     11272	800024a0	012fc633	xor	x12,x31,x18	 x31:0x00000000 x18:0x00000001 x12=0x00000001
     112745.000 ns	     11273	800024a4	018434b3	sltu	x9,x8,x24	  x8:0x7ffbeaf0 x24:0x00000056  x9=0x00000000
     112755.000 ns	     11274	800024a8	c961c413	xori	x8,x3,-874	  x3:0x9797a000  x8=0x68685c96
     112775.000 ns	     11276	800024ac	037cd0b3	divu	x1,x25,x23	 x25:0x00000000 x23:0x00000000  x1=0xffffffff
     112805.000 ns	     11279	800024b0	a1239953	flt.s	x18,f7,f18	  f7:0x443f8000 f18:0x7fc00000 x18=0x00000000
     112835.000 ns	     11282	800024b4	a1db19d3	flt.s	x19,f22,f29	 f22:0xce9ff356 f29:0x00000000 x19=0x00000001
     112855.000 ns	     11284	800024b8	40025193	srai	x3,x4,0x0	  x4:0x00000001  x3=0x00000001
     112865.000 ns	     11285	800024bc	40b10ab3	sub	x21,x2,x11	  x2:0x00000040 x11:0x00000000 x21=0x00000040
     112875.000 ns	     11286	800024c0	8fb8f513	andi	x10,x17,-1797	 x17:0x9797a100 x10=0x9797a000
     112895.000 ns	     11288	800024c4	e0048cd3	fmv.x.w	x25,f9	  f9:0xc2820000 x25=0xc2820000
     112915.000 ns	     11290	800024c8	016a5993	srli	x19,x20,0x16	 x20:0x00000000 x19=0x00000000
     112925.000 ns	     11291	800024cc	008e0033	add	x0,x28,x8	 x28:0x00000000  x8:0x68685c96
     112935.000 ns	     11292	800024d0	448e7817	auipc	x16,0x448e7	 x16=0xc48e94d0
     113295.000 ns	     11328	800024d4	038aceb3	div	x29,x21,x24	 x21:0x00000040 x24:0x00000056 x29=0x00000000
     113325.000 ns	     11331	800024d8	c00b9553	fcvt.w.s	x10,f23	 f23:0x7fc00000 x10=0x7fffffff
     113345.000 ns	     11333	800024dc	00b4fbb3	and	x23,x9,x11	  x9:0x00000000 x11:0x00000000 x23=0x00000000
     113365.000 ns	     11335	800024e0	f00206d3	fmv.w.x	f13,x4	  x4:0x00000001 f13=0x00000001
     113395.000 ns	     11338	800024e4	a1bba0d3	feq.s	x1,f23,f27	 f23:0x7fc00000 f27:0xc2800000  x1=0x00000000
     113425.000 ns	     11341	800024e8	f00e8b53	fmv.w.x	f22,x29	 x29:0x00000000 f22=0x00000000
     113455.000 ns	     11344	800024ec	20902353	fsgnjx.s	f6,f0,f9	  f0:0x3f800000  f9:0xc2820000  f6=0xbf800000
     113475.000 ns	     11346	800024f0	c7aaa413	slti	x8,x21,-902	 x21:0x00000040  x8=0x00000000
     113505.000 ns	     11349	800024f4	580efe53	fsqrt.s	f28,f29	 f29:0x00000000 f28=0x00000000
     113535.000 ns	     11352	800024f8	d01d3ad3	fcvt.s.wu	f21,x26	 x26:0x00000001 f21=0x3f800000
     113555.000 ns	     11354	800024fc	402e8633	sub	x12,x29,x2	 x29:0x00000000  x2:0x00000040 x12=0xffffffc0
     113575.000 ns	     11356	80002500	0271bfb3	mulhu	x31,x3,x7	  x3:0x00000001  x7:0xffffffff x31=0x00000000
     113945.000 ns	     11393	80002504	035dd133	divu	x2,x27,x21	 x27:0xfffffa94 x21:0x00000040  x2=0x03ffffea
     113965.000 ns	     11395	80002508	a65c2813	slti	x16,x24,-1435	 x24:0x00000056 x16=0x00000000
     113975.000 ns	     11396	8000250c	92f03513	sltiu	x10,x0,-1745	  x0:0x00000000 x10=0x00000001
     113985.000 ns	     11397	80002510	01cb6233	or	x4,x22,x28	 x22:0xaaa84e4e x28:0x00000000  x4=0xaaa84e4e
     113995.000 ns	     11398	80002514	00ca5013	srli	x0,x20,0xc	 x20:0x00000000
     114005.000 ns	     11399	80002518	00dd2c33	slt	x24,x26,x13	 x26:0x00000001 x13:0x9797a001 x24=0x00000000
     114025.000 ns	     11401	8000251c	f0058353	fmv.w.x	f6,x11	 x11:0x00000000  f6=0x00000000
     114065.000 ns	     11405	80002520	18e43453	fdiv.s	f8,f8,f14	  f8:0x7fc00000 f14:0xc2820000  f8=0x7fc00000
     114085.000 ns	     11407	80002524	408985b3	sub	x11,x19,x8	 x19:0x00000000  x8:0x00000000 x11=0x00000000
     114095.000 ns	     11408	80002528	01151f13	slli	x30,x10,0x11	 x10:0x00000001 x30=0x00020000
     114135.000 ns	     11412	8000252c	01cd4f53	fadd.s	f30,f26,f28	 f26:0x3f800000 f28:0x00000000 f30=0x3f800000
     114165.000 ns	     11415	80002530	0213e3b3	rem	x7,x7,x1	  x7:0xffffffff  x1:0x00000000  x7=0xffffffff
     114185.000 ns	     11417	80002534	e7d54213	xori	x4,x10,-387	 x10:0x00000001  x4=0xfffffe7c
     114195.000 ns	     11418	80002538	bfbd3613	sltiu	x12,x26,-1029	 x26:0x00000001 x12=0x00000001
     114205.000 ns	     11419	8000253c	5f7d4013	xori	x0,x26,1527	 x26:0x00000001
     114215.000 ns	     11420	80002540	0030c633	xor	x12,x1,x3	  x1:0x00000000  x3:0x00000001 x12=0x00000001
     114235.000 ns	     11422	80002544	29ca10d3	fmax.s	f1,f20,f28	 f20:0xbf800000 f28:0x00000000  f1=0x00000000
     114265.000 ns	     11425	80002548	e00e9ad3	fclass.s	x21,f29	 f29:0x00000000 x21=0x00000010
     114315.000 ns	     11430	8000254c	0897cc53	fsub.s	f24,f15,f9	 f15:0x00000000  f9:0xc2820000 f24=0x42820000
     114345.000 ns	     11433	80002550	c016fd53	fcvt.wu.s	x26,f13	 f13:0x00000001 x26=0x00000000
     114375.000 ns	     11436	80002554	029941b3	div	x3,x18,x9	 x18:0x00000000  x9:0x00000000  x3=0xffffffff
     114395.000 ns	     11438	80002558	4025d593	srai	x11,x11,0x2	 x11:0x00000000 x11=0x00000000
     114405.000 ns	     11439	8000255c	b635ec93	ori	x25,x11,-1181	 x11:0x00000000 x25=0xfffffb63
     114415.000 ns	     11440	80002560	6a45e213	ori	x4,x11,1700	 x11:0x00000000  x4=0x000006a4
     114435.000 ns	     11442	80002564	020fe133	rem	x2,x31,x0	 x31:0x00000000  x0:0x00000000  x2=0x00000000
     114465.000 ns	     11445	80002568	d01ef1d3	fcvt.s.wu	f3,x29	 x29:0x00000000  f3=0x00000000
     114495.000 ns	     11448	8000256c	e0099dd3	fclass.s	x27,f19	 f19:0x00000000 x27=0x00000010
     114525.000 ns	     11451	80002570	0333ddb3	divu	x27,x7,x19	  x7:0xffffffff x19:0x00000000 x27=0xffffffff
     114545.000 ns	     11453	80002574	00b73e33	sltu	x28,x14,x11	 x14:0x80040fe4 x11:0x00000000 x28=0x00000000
     114565.000 ns	     11455	80002578	f0030b53	fmv.w.x	f22,x6	  x6:0x00000100 f22=0x00000100
     114605.000 ns	     11459	8000257c	102072d3	fmul.s	f5,f0,f2	  f0:0x3f800000  f2:0x7fc00000  f5=0x7fc00000
     114625.000 ns	     11461	80002580	32033893	sltiu	x17,x6,800	  x6:0x00000100 x17=0x00000001
     114635.000 ns	     11462	80002584	fcfc4793	xori	x15,x24,-49	 x24:0x00000000 x15=0xffffffcf
     114645.000 ns	     11463	80002588	00000013	addi	x0,x0,0	  x0:0x00000000
     114665.000 ns	     11465	8000258c	28cf1753	fmax.s	f14,f30,f12	 f30:0x3f800000 f12:0x352eb000 f14=0x3f800000
     114695.000 ns	     11468	80002590	027b20b3	mulhsu	x1,x22,x7	 x22:0xaaa84e4e  x7:0xffffffff  x1=0xaaa84e4e
     114725.000 ns	     11471	80002594	e00a16d3	fclass.s	x13,f20	 f20:0xbf800000 x13=0x00000002
     114745.000 ns	     11473	80002598	0165cdb3	xor	x27,x11,x22	 x11:0x00000000 x22:0xaaa84e4e x27=0xaaa84e4e
     115105.000 ns	     11509	8000259c	02e863b3	rem	x7,x16,x14	 x16:0x00000000 x14:0x80040fe4  x7=0x00000000
     115125.000 ns	     11511	800025a0	539d0913	addi	x18,x26,1337	 x26:0x00000000 x18=0x00000539
     115135.000 ns	     11512	800025a4	8a4484b7	lui	x9,0x8a448	  x9=0x8a448000
     115495.000 ns	     11548	800025a8	02635f33	divu	x30,x6,x6	  x6:0x00000100  x6:0x00000100 x30=0x00000001
     115515.000 ns	     11550	800025ac	648b3c13	sltiu	x24,x22,1608	 x22:0xaaa84e4e x24=0x00000000
     115525.000 ns	     11551	800025b0	00000013	addi	x0,x0,0	  x0:0x00000000
     115545.000 ns	     11553	800025b4	a077a3d3	feq.s	x7,f15,f7	 f15:0x00000000  f7:0x443f8000  x7=0x00000000
     115575.000 ns	     11556	800025b8	a1768c53	fle.s	x24,f13,f23	 f13:0x00000001 f23:0x7fc00000 x24=0x00000000
     115605.000 ns	     11559	800025bc	f0070ad3	fmv.w.x	f21,x14	 x14:0x80040fe4 f21=0x80040fe4
     115635.000 ns	     11562	800025c0	023807b3	mul	x15,x16,x3	 x16:0x00000000  x3:0xffffffff x15=0x00000000
     115655.000 ns	     11564	800025c4	c9f24f93	xori	x31,x4,-865	  x4:0x000006a4 x31=0xfffffa3b
     115675.000 ns	     11566	800025c8	03d92233	mulhsu	x4,x18,x29	 x18:0x00000539 x29:0x00000000  x4=0x00000000
     115695.000 ns	     11568	800025cc	01366eb3	or	x29,x12,x19	 x12:0x00000001 x19:0x00000000 x29=0x00000001
     115705.000 ns	     11569	800025d0	96faa113	slti	x2,x21,-1681	 x21:0x00000010  x2=0x00000000
     115735.000 ns	     11572	800025d4	192ba3d3	fdiv.s	f7,f23,f18	 f23:0x7fc00000 f18:0x7fc00000  f7=0x7fc00000
     115765.000 ns	     11575	800025d8	c009f4d3	fcvt.w.s	x9,f19	 f19:0x00000000  x9=0x00000000
     115795.000 ns	     11578	800025dc	29139153	fmax.s	f2,f7,f17	  f7:0x7fc00000 f17:0x00000000  f2=0x00000000
     115835.000 ns	     11582	800025e0	58013753	fsqrt.s	f14,f2	  f2:0x7fc00000 f14=0x00000000
     115865.000 ns	     11585	800025e4	02a6b533	mulhu	x10,x13,x10	 x13:0x00000002 x10:0x00000001 x10=0x00000000
     115895.000 ns	     11588	800025e8	a197a0d3	feq.s	x1,f15,f25	 f15:0x00000000 f25:0xbf800000  x1=0x00000000
     115915.000 ns	     11590	800025ec	45efa613	slti	x12,x31,1118	 x31:0xfffffa3b x12=0x00000001
     115955.000 ns	     11594	800025f0	011ef0d3	fadd.s	f1,f29,f17	 f29:0x00000000 f17:0x00000000  f1=0x00000000
     115985.000 ns	     11597	800025f4	201a89d3	fsgnj.s	f19,f21,f1	 f21:0x80040fe4  f1:0x00000000 f19=0x00040fe4
     116015.000 ns	     11600	800025f8	20b7af53	fsgnjx.s	f30,f15,f11	 f15:0x00000000 f11:0x7fc00000 f30=0x00000000
     116045.000 ns	     11603	800025fc	029adf33	divu	x30,x21,x9	 x21:0x00000010  x9:0x00000000 x30=0xffffffff
     116075.000 ns	     11606	80002600	02170ab3	mul	x21,x14,x1	 x14:0x80040fe4  x1:0x00000000 x21=0x00000000
     116115.000 ns	     11610	80002604	58049353	fsqrt.s	f6,f9	  f9:0xc2820000  f6=0x7fc00000
     116145.000 ns	     11613	80002608	28119ed3	fmax.s	f29,f3,f1	  f3:0x00000000  f1:0x00000000 f29=0x00000000
     116165.000 ns	     11615	8000260c	0b11e037	lui	x0,0xb11e	
     116175.000 ns	     11616	80002610	01229693	slli	x13,x5,0x12	  x5:0x80041024 x13=0x40900000
     116185.000 ns	     11617	80002614	410cd1b3	sra	x3,x25,x16	 x25:0xfffffb63 x16:0x00000000  x3=0xfffffb63
     116205.000 ns	     11619	80002618	02480e33	mul	x28,x16,x4	 x16:0x00000000  x4:0x00000000 x28=0x00000000
     116225.000 ns	     11621	8000261c	005f9193	slli	x3,x31,0x5	 x31:0xfffffa3b  x3=0xffff4760
     116245.000 ns	     11623	80002620	a06f9d53	flt.s	x26,f31,f6	 f31:0x7fc00000  f6:0x7fc00000 x26=0x00000000
     116585.000 ns	     11657	80002624	19368353	fdiv.s	f6,f13,f19	 f13:0x00000001 f19:0x00040fe4  f6=0x33b4b4b7
     116615.000 ns	     11660	80002628	d00fbc53	fcvt.s.w	f24,x31	 x31:0xfffffa3b f24=0xc4b8a000
     116645.000 ns	     11663	8000262c	c0018653	fcvt.w.s	x12,f3	  f3:0x00000000 x12=0x00000000
     116665.000 ns	     11665	80002630	3e76fa93	andi	x21,x13,999	 x13:0x40900000 x21=0x00000000
     116675.000 ns	     11666	80002634	00228133	add	x2,x5,x2	  x5:0x80041024  x2:0x00000000  x2=0x80041024
     116685.000 ns	     11667	80002638	40eb0933	sub	x18,x22,x14	 x22:0xaaa84e4e x14:0x80040fe4 x18=0x2aa43e6a
     116705.000 ns	     11669	8000263c	0212ce33	div	x28,x5,x1	  x5:0x80041024  x1:0x00000000 x28=0xffffffff
     116745.000 ns	     11673	80002640	1923f153	fdiv.s	f2,f7,f18	  f7:0x7fc00000 f18:0x7fc00000  f2=0x7fc00000
     116775.000 ns	     11676	80002644	02767133	remu	x2,x12,x7	 x12:0x00000000  x7:0x00000000  x2=0x00000000
     116795.000 ns	     11678	80002648	01658933	add	x18,x11,x22	 x11:0x00000000 x22:0xaaa84e4e x18=0xaaa84e4e
     116815.000 ns	     11680	8000264c	0288ea33	rem	x20,x17,x8	 x17:0x00000001  x8:0x00000000 x20=0x00000001
     116845.000 ns	     11683	80002650	a14d2653	feq.s	x12,f26,f20	 f26:0x3f800000 f20:0xbf800000 x12=0x00000000
     116865.000 ns	     11685	80002654	01325613	srli	x12,x4,0x13	  x4:0x00000000 x12=0x00000000
     116875.000 ns	     11686	80002658	01e2de33	srl	x28,x5,x30	  x5:0x80041024 x30:0xffffffff x28=0x00000001
     116885.000 ns	     11687	8000265c	86064f93	xori	x31,x12,-1952	 x12:0x00000000 x31=0xfffff860
     116905.000 ns	     11689	80002660	295988d3	fmin.s	f17,f19,f21	 f19:0x00040fe4 f21:0x80040fe4 f17=0x80040fe4
     116935.000 ns	     11692	80002664	e0058cd3	fmv.x.w	x25,f11	 f11:0x7fc00000 x25=0x7fc00000
     116955.000 ns	     11694	80002668	00000013	addi	x0,x0,0	  x0:0x00000000
     116975.000 ns	     11696	8000266c	280500d3	fmin.s	f1,f10,f0	 f10:0xbf800000  f0:0x3f800000  f1=0xbf800000
     116995.000 ns	     11698	80002670	0195e033	or	x0,x11,x25	 x11:0x00000000 x25:0x7fc00000
     117015.000 ns	     11700	80002674	d00e4753	fcvt.s.w	f14,x28	 x28:0x00000001 f14=0x3f800000
     117035.000 ns	     11702	80002678	01bc5bb3	srl	x23,x24,x27	 x24:0x00000000 x27:0xaaa84e4e x23=0x00000000
     117075.000 ns	     11706	8000267c	000876d3	fadd.s	f13,f16,f0	 f16:0x00000000  f0:0x3f800000 f13=0x3f800000
     117095.000 ns	     11708	80002680	5e067793	andi	x15,x12,1504	 x12:0x00000000 x15=0x00000000
     117115.000 ns	     11710	80002684	03e41eb3	mulh	x29,x8,x30	  x8:0x00000000 x30:0xffffffff x29=0x00000000
     117135.000 ns	     11712	80002688	007c9193	slli	x3,x25,0x7	 x25:0x7fc00000  x3=0xe0000000
     117155.000 ns	     11714	8000268c	c01527d3	fcvt.wu.s	x15,f10	 f10:0xbf800000 x15=0x00000001
     117175.000 ns	     11716	80002690	00c0de13	srli	x28,x1,0xc	  x1:0x00000000 x28=0x00000000
     117185.000 ns	     11717	80002694	01d737b3	sltu	x15,x14,x29	 x14:0x80040fe4 x29:0x00000000 x15=0x00000000
     117195.000 ns	     11718	80002698	01dae533	or	x10,x21,x29	 x21:0x00000000 x29:0x00000000 x10=0x00000000
     117205.000 ns	     11719	8000269c	fe586c13	ori	x24,x16,-27	 x16:0x00000000 x24=0xffffffe5
     117245.000 ns	     11723	800026a0	013888d3	fadd.s	f17,f17,f19	 f17:0x80040fe4 f19:0x00040fe4 f17=0x00000000
     117265.000 ns	     11725	800026a4	00237e33	and	x28,x6,x2	  x6:0x00000100  x2:0x00000000 x28=0x00000000
     117285.000 ns	     11727	800026a8	20889553	fsgnjn.s	f10,f17,f8	 f17:0x00000000  f8:0x7fc00000 f10=0x80000000
     117305.000 ns	     11729	800026ac	fb83b193	sltiu	x3,x7,-72	  x7:0x00000000  x3=0x00000001
     117325.000 ns	     11731	800026b0	03af5233	divu	x4,x30,x26	 x30:0xffffffff x26:0x00000000  x4=0xffffffff
     117355.000 ns	     11734	800026b4	02b3b9b3	mulhu	x19,x7,x11	  x7:0x00000000 x11:0x00000000 x19=0x00000000
     117385.000 ns	     11737	800026b8	e0041053	fclass.s	x0,f8	  f8:0x7fc00000
     117405.000 ns	     11739	800026bc	00230233	add	x4,x6,x2	  x6:0x00000100  x2:0x00000000  x4=0x00000100
     117425.000 ns	     11741	800026c0	0384a7b3	mulhsu	x15,x9,x24	  x9:0x00000000 x24:0xffffffe5 x15=0x00000000
     117795.000 ns	     11778	800026c4	03917233	remu	x4,x2,x25	  x2:0x00000000 x25:0x7fc00000  x4=0x00000000
     117815.000 ns	     11780	800026c8	841f2213	slti	x4,x30,-1983	 x30:0xffffffff  x4=0x00000000
     117825.000 ns	     11781	800026cc	b0646993	ori	x19,x8,-1274	  x8:0x00000000 x19=0xfffffb06
     117835.000 ns	     11782	800026d0	006df833	and	x16,x27,x6	 x27:0xaaa84e4e  x6:0x00000100 x16=0x00000000
     117855.000 ns	     11784	800026d4	20fa08d3	fsgnj.s	f17,f20,f15	 f20:0xbf800000 f15:0x00000000 f17=0x3f800000
     117885.000 ns	     11787	800026d8	c01c44d3	fcvt.wu.s	x9,f24	 f24:0xc4b8a000  x9=0x000005c5
     117905.000 ns	     11789	800026dc	07aaae93	slti	x29,x21,122	 x21:0x00000000 x29=0x00000001
     117925.000 ns	     11791	800026e0	c00d78d3	fcvt.w.s	x17,f26	 f26:0x3f800000 x17=0x00000001
     117955.000 ns	     11794	800026e4	c0137653	fcvt.wu.s	x12,f6	  f6:0x33b4b4b7 x12=0x00000000
     117975.000 ns	     11796	800026e8	018cacb3	slt	x25,x25,x24	 x25:0x7fc00000 x24:0xffffffe5 x25=0x00000000
     117985.000 ns	     11797	800026ec	4155dfb3	sra	x31,x11,x21	 x11:0x00000000 x21:0x00000000 x31=0x00000000
     117995.000 ns	     11798	800026f0	006fee33	or	x28,x31,x6	 x31:0xfffff860  x6:0x00000100 x28=0x00000100
     118025.000 ns	     11801	800026f4	580d8353	fsqrt.s	f6,f27	 f27:0xc2800000  f6=0x7fc00000
     118075.000 ns	     11806	800026f8	0107c0d3	fadd.s	f1,f15,f16	 f15:0x00000000 f16:0x00000000  f1=0x00000000
     118105.000 ns	     11809	800026fc	a1370453	fle.s	x8,f14,f19	 f14:0x3f800000 f19:0x00040fe4  x8=0x00000000
     118135.000 ns	     11812	80002700	02769a33	mulh	x20,x13,x7	 x13:0x40900000  x7:0x00000000 x20=0x00000000
     118165.000 ns	     11815	80002704	a1cd2653	feq.s	x12,f26,f28	 f26:0x3f800000 f28:0x00000000 x12=0x00000000
     118195.000 ns	     11818	80002708	29fb8fd3	fmin.s	f31,f23,f31	 f23:0x7fc00000 f31:0x7fc00000 f31=0x7fc00000
     118225.000 ns	     11821	8000270c	a0e08e53	fle.s	x28,f1,f14	  f1:0x00000000 f14:0x3f800000 x28=0x00000001
     118245.000 ns	     11823	80002710	41350bb3	sub	x23,x10,x19	 x10:0x00000000 x19:0xfffffb06 x23=0x000004fa
     118255.000 ns	     11824	80002714	01ea9113	slli	x2,x21,0x1e	 x21:0x00000000  x2=0x00000000
     118275.000 ns	     11826	80002718	20ec1453	fsgnjn.s	f8,f24,f14	 f24:0xc4b8a000 f14:0x3f800000  f8=0xc4b8a000
     118295.000 ns	     11828	8000271c	01226ab3	or	x21,x4,x18	  x4:0x00000000 x18:0xaaa84e4e x21=0xaaa84e4e
     118305.000 ns	     11829	80002720	0141d313	srli	x6,x3,0x14	  x3:0x00000001  x6=0x00000000
     118315.000 ns	     11830	80002724	40cdaf13	slti	x30,x27,1036	 x27:0xaaa84e4e x30=0x00000001
     118325.000 ns	     11831	80002728	00000013	addi	x0,x0,0	  x0:0x00000000
     118335.000 ns	     11832	8000272c	7a83e193	ori	x3,x7,1960	  x7:0x00000000  x3=0x000007a8
     118345.000 ns	     11833	80002730	00f943b3	xor	x7,x18,x15	 x18:0xaaa84e4e x15:0x00000000  x7=0xaaa84e4e
     118365.000 ns	     11835	80002734	209886d3	fsgnj.s	f13,f17,f9	 f17:0x3f800000  f9:0xc2820000 f13=0xbf800000
     118395.000 ns	     11838	80002738	f0040453	fmv.w.x	f8,x8	  x8:0x00000000  f8=0x00000000
     118415.000 ns	     11840	8000273c	089c2f93	slti	x31,x24,137	 x24:0xffffffe5 x31=0x00000001
     118425.000 ns	     11841	80002740	00679513	slli	x10,x15,0x6	 x15:0x00000000 x10=0x00000000
     118435.000 ns	     11842	80002744	00a20233	add	x4,x4,x10	  x4:0x00000000 x10:0x00000000  x4=0x00000000
     118445.000 ns	     11843	80002748	00f8e8b3	or	x17,x17,x15	 x17:0x00000001 x15:0x00000000 x17=0x00000001
     118465.000 ns	     11845	8000274c	2060a0d3	fsgnjx.s	f1,f1,f6	  f1:0x00000000  f6:0x7fc00000  f1=0x00000000
     118805.000 ns	     11879	80002750	18d60153	fdiv.s	f2,f12,f13	 f12:0x352eb000 f13:0xbf800000  f2=0xb4b4a6f8
     118825.000 ns	     11881	80002754	018817b3	sll	x15,x16,x24	 x16:0x00000000 x24:0xffffffe5 x15=0x00000000
     118855.000 ns	     11884	80002758	580ef1d3	fsqrt.s	f3,f29	 f29:0x00000000  f3=0x00000000
     118875.000 ns	     11886	8000275c	3fb74793	xori	x15,x14,1019	 x14:0x80040fe4 x15=0x80040c1f
     118885.000 ns	     11887	80002760	87103393	sltiu	x7,x0,-1935	  x0:0x00000000  x7=0x00000001
     118905.000 ns	     11889	80002764	02783a33	mulhu	x20,x16,x7	 x16:0x00000000  x7:0xaaa84e4e x20=0x00000000
     118935.000 ns	     11892	80002768	0322acb3	mulhsu	x25,x5,x18	  x5:0x80041024 x18:0xaaa84e4e x25=0xaaae8e3c
     118965.000 ns	     11895	8000276c	d000f453	fcvt.s.w	f8,x1	  x1:0x00000000  f8=0x00000000
     118985.000 ns	     11897	80002770	011a8e33	add	x28,x21,x17	 x21:0xaaa84e4e x17:0x00000001 x28=0xaaa84e4f
     119005.000 ns	     11899	80002774	205da353	fsgnjx.s	f6,f27,f5	 f27:0xc2800000  f5:0x7fc00000  f6=0xc2800000
     119035.000 ns	     11902	80002778	021683b3	mul	x7,x13,x1	 x13:0x40900000  x1:0x00000000  x7=0x00000000
     119065.000 ns	     11905	8000277c	02158233	mul	x4,x11,x1	 x11:0x00000000  x1:0x00000000  x4=0x00000000
     119095.000 ns	     11908	80002780	c0117453	fcvt.wu.s	x8,f2	  f2:0xb4b4a6f8  x8=0x00000000
     119115.000 ns	     11910	80002784	403fd613	srai	x12,x31,0x3	 x31:0x00000001 x12=0x00000000
     119135.000 ns	     11912	80002788	28de1e53	fmax.s	f28,f28,f13	 f28:0x00000000 f13:0xbf800000 f28=0x00000000
     119165.000 ns	     11915	8000278c	a1ab0853	fle.s	x16,f22,f26	 f22:0x00000100 f26:0x3f800000 x16=0x00000001
     119195.000 ns	     11918	80002790	29559e53	fmax.s	f28,f11,f21	 f11:0x7fc00000 f21:0x80040fe4 f28=0x80040fe4
     119225.000 ns	     11921	80002794	02f59eb3	mulh	x29,x11,x15	 x11:0x00000000 x15:0x80040c1f x29=0x00000000
     119245.000 ns	     11923	80002798	006e04b3	add	x9,x28,x6	 x28:0xaaa84e4f  x6:0x00000000  x9=0xaaa84e4f
     119265.000 ns	     11925	8000279c	026f78b3	remu	x17,x30,x6	 x30:0x00000001  x6:0x00000000 x17=0x00000001
     119295.000 ns	     11928	800027a0	e00b08d3	fmv.x.w	x17,f22	 f22:0x00000100 x17=0x00000100
     119665.000 ns	     11965	800027a4	03b569b3	rem	x19,x10,x27	 x10:0x00000000 x27:0xaaa84e4e x19=0x00000000
     119685.000 ns	     11967	800027a8	dd473413	sltiu	x8,x14,-556	 x14:0x80040fe4  x8=0x00000001
     119705.000 ns	     11969	800027ac	280d0dd3	fmin.s	f27,f26,f0	 f26:0x3f800000  f0:0x3f800000 f27=0x3f800000
     119735.000 ns	     11972	800027b0	296f0e53	fmin.s	f28,f30,f22	 f30:0x00000000 f22:0x00000100 f28=0x00000000
     119755.000 ns	     11974	800027b4	41955393	srai	x7,x10,0x19	 x10:0x00000000  x7=0x00000000
     119775.000 ns	     11976	800027b8	d003ac53	fcvt.s.w	f24,x7	  x7:0x00000000 f24=0x00000000
     119805.000 ns	     11979	800027bc	c00fa4d3	fcvt.w.s	x9,f31	 f31:0x7fc00000  x9=0x7fffffff
     120175.000 ns	     12016	800027c0	023d4633	div	x12,x26,x3	 x26:0x00000000  x3:0x000007a8 x12=0x00000000
     120195.000 ns	     12018	800027c4	f210ed17	auipc	x26,0xf210e	 x26=0x721107c4
     120215.000 ns	     12020	800027c8	f0058953	fmv.w.x	f18,x11	 x11:0x00000000 f18=0x00000000
     120585.000 ns	     12057	800027cc	038f74b3	remu	x9,x30,x24	 x30:0x00000001 x24:0xffffffe5  x9=0x00000001
     120605.000 ns	     12059	800027d0	01eb1013	slli	x0,x22,0x1e	 x22:0xaaa84e4e
     120625.000 ns	     12061	800027d4	e00a9f53	fclass.s	x30,f21	 f21:0x80040fe4 x30=0x00000004
     120655.000 ns	     12064	800027d8	0265b333	mulhu	x6,x11,x6	 x11:0x00000000  x6:0x00000000  x6=0x00000000
     120675.000 ns	     12066	800027dc	0076ef33	or	x30,x13,x7	 x13:0x40900000  x7:0x00000000 x30=0x40900000
     120715.000 ns	     12070	800027e0	0137f253	fadd.s	f4,f15,f19	 f15:0x00000000 f19:0x00040fe4  f4=0x00040fe4
     120745.000 ns	     12073	800027e4	f00c02d3	fmv.w.x	f5,x24	 x24:0xffffffe5  f5=0xffffffe5
     120765.000 ns	     12075	800027e8	010d34b3	sltu	x9,x26,x16	 x26:0x721107c4 x16:0x00000001  x9=0x00000000
     120775.000 ns	     12076	800027ec	00585cb3	srl	x25,x16,x5	 x16:0x00000001  x5:0x80041024 x25=0x00000000
     120785.000 ns	     12077	800027f0	0061d433	srl	x8,x3,x6	  x3:0x000007a8  x6:0x00000000  x8=0x000007a8
     120795.000 ns	     12078	800027f4	0159a3b3	slt	x7,x19,x21	 x19:0x00000000 x21:0xaaa84e4e  x7=0x00000000
     120815.000 ns	     12080	800027f8	026226b3	mulhsu	x13,x4,x6	  x4:0x00000000  x6:0x00000000 x13=0x00000000
     120845.000 ns	     12083	800027fc	e0029bd3	fclass.s	x23,f5	  f5:0xffffffe5 x23=0x00000200
     120875.000 ns	     12086	80002800	03458233	mul	x4,x11,x20	 x11:0x00000000 x20:0x00000000  x4=0x00000000
     120895.000 ns	     12088	80002804	010aabb3	slt	x23,x21,x16	 x21:0xaaa84e4e x16:0x00000001 x23=0x00000001
     120915.000 ns	     12090	80002808	03268db3	mul	x27,x13,x18	 x13:0x00000000 x18:0xaaa84e4e x27=0x00000000
     120935.000 ns	     12092	8000280c	01519693	slli	x13,x3,0x15	  x3:0x000007a8 x13=0xf5000000
     120945.000 ns	     12093	80002810	00c84e33	xor	x28,x16,x12	 x16:0x00000001 x12:0x00000000 x28=0x00000001
     120955.000 ns	     12094	80002814	41fdd833	sra	x16,x27,x31	 x27:0x00000000 x31:0x00000001 x16=0x00000000
     120965.000 ns	     12095	80002818	01254133	xor	x2,x10,x18	 x10:0x00000000 x18:0xaaa84e4e  x2=0xaaa84e4e
     120985.000 ns	     12097	8000281c	c0018053	fcvt.w.s	x0,f3	  f3:0x00000000
     121005.000 ns	     12099	80002820	41add213	srai	x4,x27,0x1a	 x27:0x00000000  x4=0x00000000
     121365.000 ns	     12135	80002824	03605433	divu	x8,x0,x22	  x0:0x00000000 x22:0xaaa84e4e  x8=0x00000000
     121395.000 ns	     12138	80002828	d0057353	fcvt.s.w	f6,x10	 x10:0x00000000  f6=0x00000000
     121425.000 ns	     12141	8000282c	025f85b3	mul	x11,x31,x5	 x31:0x00000001  x5:0x80041024 x11=0x80041024
     121475.000 ns	     12146	80002830	00987753	fadd.s	f14,f16,f9	 f16:0x00000000  f9:0xc2820000 f14=0xc2820000
     121505.000 ns	     12149	80002834	f0090a53	fmv.w.x	f20,x18	 x18:0xaaa84e4e f20=0xaaa84e4e
     121535.000 ns	     12152	80002838	02bebe33	mulhu	x28,x29,x11	 x29:0x00000000 x11:0x80041024 x28=0x00000000
     121555.000 ns	     12154	8000283c	019a2ab3	slt	x21,x20,x25	 x20:0x00000000 x25:0x00000000 x21=0x00000000
     121575.000 ns	     12156	80002840	d01b7753	fcvt.s.wu	f14,x22	 x22:0xaaa84e4e f14=0x4f2aa84e
     121595.000 ns	     12158	80002844	21c37113	andi	x2,x6,540	  x6:0x00000000  x2=0x00000000
     121615.000 ns	     12160	80002848	284e1a53	fmax.s	f20,f28,f4	 f28:0x00000000  f4:0x00040fe4 f20=0x00040fe4
     121635.000 ns	     12162	8000284c	a9beac93	slti	x25,x29,-1381	 x29:0x00000000 x25=0x00000000
     121655.000 ns	     12164	80002850	28ac82d3	fmin.s	f5,f25,f10	 f25:0xbf800000 f10:0x80000000  f5=0xbf800000
     121675.000 ns	     12166	80002854	5104f213	andi	x4,x9,1296	  x9:0x00000000  x4=0x00000000
     121685.000 ns	     12167	80002858	01c56833	or	x16,x10,x28	 x10:0x00000000 x28:0x00000000 x16=0x00000000
     121725.000 ns	     12171	8000285c	01b148d3	fadd.s	f17,f2,f27	  f2:0xb4b4a6f8 f27:0x3f800000 f17=0x3f7ffffa
     122905.000 ns	     12289	80002860	580779d3	fsqrt.s	f19,f14	 f14:0x4f2aa84e f19=0x46f15830
     122935.000 ns	     12292	80002864	a0ba8dd3	fle.s	x27,f21,f11	 f21:0x80040fe4 f11:0x7fc00000 x27=0x00000000
     122965.000 ns	     12295	80002868	034ddc33	divu	x24,x27,x20	 x27:0x00000000 x20:0x00000000 x24=0xffffffff
     122985.000 ns	     12297	8000286c	40200bb3	sub	x23,x0,x2	  x0:0x00000000  x2:0x00000000 x23=0x00000000
     122995.000 ns	     12298	80002870	dec76813	ori	x16,x14,-532	 x14:0x80040fe4 x16=0xffffffec
     123015.000 ns	     12300	80002874	216b0653	fsgnj.s	f12,f22,f22	 f22:0x00000100 f22:0x00000100 f12=0x00000100
     123045.000 ns	     12303	80002878	03701bb3	mulh	x23,x0,x23	  x0:0x00000000 x23:0x00000000 x23=0x00000000
     123065.000 ns	     12305	8000287c	01632d33	slt	x26,x6,x22	  x6:0x00000000 x22:0xaaa84e4e x26=0x00000000
     123075.000 ns	     12306	80002880	c044c813	xori	x16,x9,-1020	  x9:0x00000000 x16=0xfffffc04
     123095.000 ns	     12308	80002884	02b99cb3	mulh	x25,x19,x11	 x19:0x00000000 x11:0x80041024 x25=0x00000000
     123135.000 ns	     12312	80002888	580c7fd3	fsqrt.s	f31,f24	 f24:0x00000000 f31=0x00000000
     123165.000 ns	     12315	8000288c	a0c28953	fle.s	x18,f5,f12	  f5:0xbf800000 f12:0x00000100 x18=0x00000001
     123185.000 ns	     12317	80002890	00ae81b3	add	x3,x29,x10	 x29:0x00000000 x10:0x00000000  x3=0x00000000
     123205.000 ns	     12319	80002894	28d61bd3	fmax.s	f23,f12,f13	 f12:0x00000100 f13:0xbf800000 f23=0x00000100
     123245.000 ns	     12323	80002898	117b3753	fmul.s	f14,f22,f23	 f22:0x00000100 f23:0x7fc00000 f14=0x00000000
     123275.000 ns	     12326	8000289c	a0c82fd3	feq.s	x31,f16,f12	 f16:0x00000000 f12:0x00000100 x31=0x00000000
     124275.000 ns	     12426	800028a0	580dcad3	fsqrt.s	f21,f27	 f27:0x3f800000 f21=0x3f7fffae
     124305.000 ns	     12429	800028a4	a1ad9bd3	flt.s	x23,f27,f26	 f27:0x3f800000 f26:0x3f800000 x23=0x00000000
     124335.000 ns	     12432	800028a8	284a8cd3	fmin.s	f25,f21,f4	 f21:0x3f7fffae  f4:0x00040fe4 f25=0x00040fe4
     124365.000 ns	     12435	800028ac	c019c453	fcvt.wu.s	x8,f19	 f19:0x46f15830  x8=0x000078ac
     124385.000 ns	     12437	800028b0	01e4c433	xor	x8,x9,x30	  x9:0x00000000 x30:0x40900000  x8=0x40900000
     124395.000 ns	     12438	800028b4	00000013	addi	x0,x0,0	  x0:0x00000000
     124405.000 ns	     12439	800028b8	40cd8c33	sub	x24,x27,x12	 x27:0x00000000 x12:0x00000000 x24=0x00000000
     124425.000 ns	     12441	800028bc	20dca0d3	fsgnjx.s	f1,f25,f13	 f25:0x00040fe4 f13:0xbf800000  f1=0x80040fe4
     124455.000 ns	     12444	800028c0	29778b53	fmin.s	f22,f15,f23	 f15:0x00000000 f23:0x00000100 f22=0x00000000
     124485.000 ns	     12447	800028c4	02f81f33	mulh	x30,x16,x15	 x16:0xfffffc04 x15:0x80040c1f x30=0x000001fd
     124505.000 ns	     12449	800028c8	017e98b3	sll	x17,x29,x23	 x29:0x00000000 x23:0x00000000 x17=0x00000000
     124515.000 ns	     12450	800028cc	08d873b7	lui	x7,0x8d87	  x7=0x08d87000
     124525.000 ns	     12451	800028d0	4176df33	sra	x30,x13,x23	 x13:0xf5000000 x23:0x00000000 x30=0xf5000000
     124555.000 ns	     12454	800028d4	115080d3	fmul.s	f1,f1,f21	  f1:0x80040fe4 f21:0x3f7fffae  f1=0x80040fe3
     124585.000 ns	     12457	800028d8	20a59d53	fsgnjn.s	f26,f11,f10	 f11:0x7fc00000 f10:0x80000000 f26=0x7fc00000
     124615.000 ns	     12460	800028dc	a099ac53	feq.s	x24,f19,f9	 f19:0x46f15830  f9:0xc2820000 x24=0x00000000
     124635.000 ns	     12462	800028e0	dc04bbb7	lui	x23,0xdc04b	 x23=0xdc04b000
     124655.000 ns	     12464	800028e4	02de01b3	mul	x3,x28,x13	 x28:0x00000000 x13:0xf5000000  x3=0x00000000
     124685.000 ns	     12467	800028e8	c01dfd53	fcvt.wu.s	x26,f27	 f27:0x3f800000 x26=0x00000001
     124705.000 ns	     12469	800028ec	00e05993	srli	x19,x0,0xe	  x0:0x00000000 x19=0x00000000
     124715.000 ns	     12470	800028f0	40b45693	srai	x13,x8,0xb	  x8:0x40900000 x13=0x00081200
     124735.000 ns	     12472	800028f4	a1908ed3	fle.s	x29,f1,f25	  f1:0x80040fe3 f25:0x00040fe4 x29=0x00000001
     124775.000 ns	     12476	800028f8	58081f53	fsqrt.s	f30,f16	 f16:0x00000000 f30=0x00000000
     124795.000 ns	     12478	800028fc	01d91133	sll	x2,x18,x29	 x18:0x00000001 x29:0x00000001  x2=0x00000002
     124805.000 ns	     12479	80002900	001ee533	or	x10,x29,x1	 x29:0x00000001  x1:0x00000000 x10=0x00000001
     124825.000 ns	     12481	80002904	a0bd2ad3	feq.s	x21,f26,f11	 f26:0x7fc00000 f11:0x7fc00000 x21=0x00000000
     124855.000 ns	     12484	80002908	f0010c53	fmv.w.x	f24,x2	  x2:0x00000002 f24=0x00000002
     124875.000 ns	     12486	8000290c	00893db3	sltu	x27,x18,x8	 x18:0x00000001  x8:0x40900000 x27=0x00000001
     124895.000 ns	     12488	80002910	29639b53	fmax.s	f22,f7,f22	  f7:0x7fc00000 f22:0x00000000 f22=0x00000000
     124915.000 ns	     12490	80002914	5503ac93	slti	x25,x7,1360	  x7:0x08d87000 x25=0x00000000
     124925.000 ns	     12491	80002918	910f6993	ori	x19,x30,-1776	 x30:0xf5000000 x19=0xfffff910
     124945.000 ns	     12493	8000291c	e0021d53	fclass.s	x26,f4	  f4:0x00040fe4 x26=0x00000020
     124975.000 ns	     12496	80002920	024ce333	rem	x6,x25,x4	 x25:0x00000000  x4:0x00000000  x6=0x00000000
     124995.000 ns	     12498	80002924	0165bab3	sltu	x21,x11,x22	 x11:0x80041024 x22:0xaaa84e4e x21=0x00000001
     125015.000 ns	     12500	80002928	a0db2953	feq.s	x18,f22,f13	 f22:0x00000000 f13:0xbf800000 x18=0x00000000
     125035.000 ns	     12502	8000292c	00721433	sll	x8,x4,x7	  x4:0x00000000  x7:0x08d87000  x8=0x00000000
     125045.000 ns	     12503	80002930	18fa8193	addi	x3,x21,399	 x21:0x00000001  x3=0x00000190
     125085.000 ns	     12507	80002934	09542c53	fsub.s	f24,f8,f21	  f8:0x00000000 f21:0x3f7fffae f24=0xbf7fffae
     125115.000 ns	     12510	80002938	216282d3	fsgnj.s	f5,f5,f22	  f5:0xbf800000 f22:0x00000000  f5=0x3f800000
     125145.000 ns	     12513	8000293c	c01ec9d3	fcvt.wu.s	x19,f29	 f29:0x00000000 x19=0x00000000
     125165.000 ns	     12515	80002940	40e88e33	sub	x28,x17,x14	 x17:0x00000000 x14:0x80040fe4 x28=0x7ffbf01c
     125175.000 ns	     12516	80002944	b3297313	andi	x6,x18,-1230	 x18:0x00000000  x6=0x00000000
     125195.000 ns	     12518	80002948	28f180d3	fmin.s	f1,f3,f15	  f3:0x00000000 f15:0x00000000  f1=0x00000000
     125225.000 ns	     12521	8000294c	29ae9fd3	fmax.s	f31,f29,f26	 f29:0x00000000 f26:0x7fc00000 f31=0x00000000
     125255.000 ns	     12524	80002950	03250433	mul	x8,x10,x18	 x10:0x00000001 x18:0x00000000  x8=0x00000000
     125275.000 ns	     12526	80002954	de423d93	sltiu	x27,x4,-540	  x4:0x00000000 x27=0x00000001
     125295.000 ns	     12528	80002958	c0067553	fcvt.w.s	x10,f12	 f12:0x00000100 x10=0x00000000
     125665.000 ns	     12565	8000295c	02fa6533	rem	x10,x20,x15	 x20:0x00000000 x15:0x80040c1f x10=0x00000000
     125695.000 ns	     12568	80002960	214e25d3	fsgnjx.s	f11,f28,f20	 f28:0x00000000 f20:0x00040fe4 f11=0x00000000
     125735.000 ns	     12572	80002964	11810f53	fmul.s	f30,f2,f24	  f2:0xb4b4a6f8 f24:0xbf7fffae f30=0x34b4a6be
     125755.000 ns	     12574	80002968	004529b3	slt	x19,x10,x4	 x10:0x00000000  x4:0x00000000 x19=0x00000000
     125775.000 ns	     12576	8000296c	a03daad3	feq.s	x21,f27,f3	 f27:0x3f800000  f3:0x00000000 x21=0x00000000
     125805.000 ns	     12579	80002970	d0129bd3	fcvt.s.wu	f23,x5	  x5:0x80041024 f23=0x4f000410
     125835.000 ns	     12582	80002974	a046a8d3	feq.s	x17,f13,f4	 f13:0xbf800000  f4:0x00040fe4 x17=0x00000000
     125875.000 ns	     12586	80002978	10dcfb53	fmul.s	f22,f25,f13	 f25:0x00040fe4 f13:0xbf800000 f22=0x80040fe4
     125895.000 ns	     12588	8000297c	00154933	xor	x18,x10,x1	 x10:0x00000000  x1:0x00000000 x18=0x00000000
     125915.000 ns	     12590	80002980	204891d3	fsgnjn.s	f3,f17,f4	 f17:0x3f7ffffa  f4:0x00040fe4  f3=0xbf7ffffa
     125945.000 ns	     12593	80002984	02c88db3	mul	x27,x17,x12	 x17:0x00000000 x12:0x00000000 x27=0x00000000
     125975.000 ns	     12596	80002988	21099053	fsgnjn.s	f0,f19,f16	 f19:0x46f15830 f16:0x00000000  f0=0xc6f15830
     125995.000 ns	     12598	8000298c	01a29833	sll	x16,x5,x26	  x5:0x80041024 x26:0x00000020 x16=0x80041024
     126015.000 ns	     12600	80002990	02aaa9b3	mulhsu	x19,x21,x10	 x21:0x00000000 x10:0x00000000 x19=0x00000000
     126035.000 ns	     12602	80002994	03df4517	auipc	x10,0x3df4	 x10=0x83df6994
     126045.000 ns	     12603	80002998	4140d813	srai	x16,x1,0x14	  x1:0x00000000 x16=0x00000000
     126065.000 ns	     12605	8000299c	d00db453	fcvt.s.w	f8,x27	 x27:0x00000000  f8=0x00000000
     126085.000 ns	     12607	800029a0	01ed9313	slli	x6,x27,0x1e	 x27:0x00000000  x6=0x00000000
     126095.000 ns	     12608	800029a4	8c12f193	andi	x3,x5,-1855	  x5:0x80041024  x3=0x80041000
     126115.000 ns	     12610	800029a8	21162753	fsgnjx.s	f14,f12,f17	 f12:0x00000100 f17:0x3f7ffffa f14=0x00000100
     126135.000 ns	     12612	800029ac	00e6d913	srli	x18,x13,0xe	 x13:0x00081200 x18=0x00000020
     126145.000 ns	     12613	800029b0	741e2517	auipc	x10,0x741e2	 x10=0xf41e49b0
     126155.000 ns	     12614	800029b4	815bc7b7	lui	x15,0x815bc	 x15=0x815bc000
     126175.000 ns	     12616	800029b8	20c597d3	fsgnjn.s	f15,f11,f12	 f11:0x00000000 f12:0x00000100 f15=0x80000000
     126195.000 ns	     12618	800029bc	00628133	add	x2,x5,x6	  x5:0x80041024  x6:0x00000000  x2=0x80041024
     126215.000 ns	     12620	800029c0	02674c33	div	x24,x14,x6	 x14:0x80040fe4  x6:0x00000000 x24=0xffffffff
     126235.000 ns	     12622	800029c4	01421813	slli	x16,x4,0x14	  x4:0x00000000 x16=0x00000000
     126245.000 ns	     12623	800029c8	fec6e993	ori	x19,x13,-20	 x13:0x00081200 x19=0xffffffec
     126255.000 ns	     12624	800029cc	001d83b3	add	x7,x27,x1	 x27:0x00000000  x1:0x00000000  x7=0x00000000
     126275.000 ns	     12626	800029d0	e0088bd3	fmv.x.w	x23,f17	 f17:0x3f7ffffa x23=0x3f7ffffa
     126305.000 ns	     12629	800029d4	205bad53	fsgnjx.s	f26,f23,f5	 f23:0x4f000410  f5:0x3f800000 f26=0x4f000410
     126335.000 ns	     12632	800029d8	2060a9d3	fsgnjx.s	f19,f1,f6	  f1:0x00000000  f6:0x00000000 f19=0x00000000
     126365.000 ns	     12635	800029dc	0202b433	mulhu	x8,x5,x0	  x5:0x80041024  x0:0x00000000  x8=0x00000000
     126395.000 ns	     12638	800029e0	c0127653	fcvt.wu.s	x12,f4	  f4:0x00040fe4 x12=0x00000000
     126425.000 ns	     12641	800029e4	03fbc0b3	div	x1,x23,x31	 x23:0x3f7ffffa x31:0x00000000  x1=0xffffffff
     126795.000 ns	     12678	800029e8	02277fb3	remu	x31,x14,x2	 x14:0x80040fe4  x2:0x80041024 x31=0x80040fe4
     126825.000 ns	     12681	800029ec	297c15d3	fmax.s	f11,f24,f23	 f24:0xbf7fffae f23:0x4f000410 f11=0x4f000410
     126855.000 ns	     12684	800029f0	e00d0d53	fmv.x.w	x26,f26	 f26:0x4f000410 x26=0x4f000410
     126875.000 ns	     12686	800029f4	01ca6eb3	or	x29,x20,x28	 x20:0x00000000 x28:0x7ffbf01c x29=0x7ffbf01c
     126885.000 ns	     12687	800029f8	0139d493	srli	x9,x19,0x13	 x19:0xffffffec  x9=0x00001fff
     126895.000 ns	     12688	800029fc	8c103593	sltiu	x11,x0,-1855	  x0:0x00000000 x11=0x00000001
     126915.000 ns	     12690	80002a00	03b9e9b3	rem	x19,x19,x27	 x19:0xffffffec x27:0x00000000 x19=0xffffffec
     126945.000 ns	     12693	80002a04	d0091053	fcvt.s.w	f0,x18	 x18:0x00000020  f0=0x42000000
     126975.000 ns	     12696	80002a08	e00d0cd3	fmv.x.w	x25,f26	 f26:0x4f000410 x25=0x4f000410
     126995.000 ns	     12698	80002a0c	007e1c33	sll	x24,x28,x7	 x28:0x7ffbf01c  x7:0x00000000 x24=0x7ffbf01c
     127005.000 ns	     12699	80002a10	0176a233	slt	x4,x13,x23	 x13:0x00081200 x23:0x3f7ffffa  x4=0x00000001
     127025.000 ns	     12701	80002a14	a1e989d3	fle.s	x19,f19,f30	 f19:0x00000000 f30:0x34b4a6be x19=0x00000001
     127055.000 ns	     12704	80002a18	03bb3fb3	mulhu	x31,x22,x27	 x22:0xaaa84e4e x27:0x00000000 x31=0x00000000
     128235.000 ns	     12822	80002a1c	580af1d3	fsqrt.s	f3,f21	 f21:0x3f7fffae  f3=0x3f35042a
     128605.000 ns	     12859	80002a20	02d45db3	divu	x27,x8,x13	  x8:0x00000000 x13:0x00081200 x27=0x00000000
     128975.000 ns	     12896	80002a24	03784433	div	x8,x16,x23	 x16:0x00000000 x23:0x3f7ffffa  x8=0x00000000
     128995.000 ns	     12898	80002a28	003c7233	and	x4,x24,x3	 x24:0x7ffbf01c  x3:0x80041000  x4=0x00001000
     129015.000 ns	     12900	80002a2c	21ef9dd3	fsgnjn.s	f27,f31,f30	 f31:0x00000000 f30:0x34b4a6be f27=0x80000000
     129045.000 ns	     12903	80002a30	02182e33	mulhsu	x28,x16,x1	 x16:0x00000000  x1:0xffffffff x28=0x00000000
     129075.000 ns	     12906	80002a34	d00c7d53	fcvt.s.w	f26,x24	 x24:0x7ffbf01c f26=0x4efff7e0
     129095.000 ns	     12908	80002a38	0a3d0c93	addi	x25,x26,163	 x26:0x4f000410 x25=0x4f0004b3
     129105.000 ns	     12909	80002a3c	71227893	andi	x17,x4,1810	  x4:0x00001000 x17=0x00000000
     129135.000 ns	     12912	80002a40	18847853	fdiv.s	f16,f8,f8	  f8:0x00000000  f8:0x00000000 f16=0x7fc00000
     129165.000 ns	     12915	80002a44	d003f353	fcvt.s.w	f6,x7	  x7:0x00000000  f6=0x00000000
     129185.000 ns	     12917	80002a48	eeee8d13	addi	x26,x29,-274	 x29:0x7ffbf01c x26=0x7ffbef0a
     129205.000 ns	     12919	80002a4c	d00ffa53	fcvt.s.w	f20,x31	 x31:0x00000000 f20=0x00000000
     129235.000 ns	     12922	80002a50	0397a4b3	mulhsu	x9,x15,x25	 x15:0x815bc000 x25:0x4f0004b3  x9=0xd8eb4dec
     129265.000 ns	     12925	80002a54	e00c18d3	fclass.s	x17,f24	 f24:0xbf7fffae x17=0x00000002
     129285.000 ns	     12927	80002a58	016b93b3	sll	x7,x23,x22	 x23:0x3f7ffffa x22:0xaaa84e4e  x7=0xfffe8000
     129295.000 ns	     12928	80002a5c	00925613	srli	x12,x4,0x9	  x4:0x00001000 x12=0x00000008
     129335.000 ns	     12932	80002a60	09d30d53	fsub.s	f26,f6,f29	  f6:0x00000000 f29:0x00000000 f26=0x80000000
     129365.000 ns	     12935	80002a64	d002fad3	fcvt.s.w	f21,x5	  x5:0x80041024 f21=0xcefff7df
     129385.000 ns	     12937	80002a68	0070b7b3	sltu	x15,x1,x7	  x1:0xffffffff  x7:0xfffe8000 x15=0x00000000
     129395.000 ns	     12938	80002a6c	2bfb3693	sltiu	x13,x22,703	 x22:0xaaa84e4e x13=0x00000000
     129415.000 ns	     12940	80002a70	d01e70d3	fcvt.s.wu	f1,x28	 x28:0x00000000  f1=0x00000000
     129785.000 ns	     12977	80002a74	03225bb3	divu	x23,x4,x18	  x4:0x00001000 x18:0x00000020 x23=0x00000080
     129805.000 ns	     12979	80002a78	b604a197	auipc	x3,0xb604a	  x3=0x3604ca78
     129815.000 ns	     12980	80002a7c	5c287497	auipc	x9,0x5c287	  x9=0xdc289a7c
     129825.000 ns	     12981	80002a80	00bc5593	srli	x11,x24,0xb	 x24:0x7ffbf01c x11=0x000fff7e
     129835.000 ns	     12982	80002a84	009f21b3	slt	x3,x30,x9	 x30:0xf5000000  x9:0xd8eb4dec  x3=0x00000000
     129855.000 ns	     12984	80002a88	a1738053	fle.s	x0,f7,f23	  f7:0x7fc00000 f23:0x4f000410
     129885.000 ns	     12987	80002a8c	a0761153	flt.s	x2,f12,f7	 f12:0x00000100  f7:0x7fc00000  x2=0x00000000
     129905.000 ns	     12989	80002a90	019573b3	and	x7,x10,x25	 x10:0xf41e49b0 x25:0x4f0004b3  x7=0x440000b0
     129915.000 ns	     12990	80002a94	00000013	addi	x0,x0,0	  x0:0x00000000
     130275.000 ns	     13026	80002a98	02c37633	remu	x12,x6,x12	  x6:0x00000000 x12:0x00000008 x12=0x00000000
     130305.000 ns	     13029	80002a9c	d00473d3	fcvt.s.w	f7,x8	  x8:0x00000000  f7=0x00000000
     130335.000 ns	     13032	80002aa0	026c2eb3	mulhsu	x29,x24,x6	 x24:0x7ffbf01c  x6:0x00000000 x29=0x00000000
     130385.000 ns	     13037	80002aa4	00453b53	fadd.s	f22,f10,f4	 f10:0x80000000  f4:0x00040fe4 f22=0x00040fe4
     130405.000 ns	     13039	80002aa8	0101f5b3	and	x11,x3,x16	  x3:0x00000000 x16:0x00000000 x11=0x00000000
     130415.000 ns	     13040	80002aac	01c92a33	slt	x20,x18,x28	 x18:0x00000020 x28:0x00000000 x20=0x00000000
     130425.000 ns	     13041	80002ab0	58584513	xori	x10,x16,1413	 x16:0x00000000 x10=0x00000585
     130435.000 ns	     13042	80002ab4	00000013	addi	x0,x0,0	  x0:0x00000000
     130455.000 ns	     13044	80002ab8	d019f453	fcvt.s.wu	f8,x19	 x19:0x00000001  f8=0x3f800000
     130505.000 ns	     13049	80002abc	002c78d3	fadd.s	f17,f24,f2	 f24:0xbf7fffae  f2:0xb4b4a6f8 f17=0xbf7fffb3
     130525.000 ns	     13051	80002ac0	c581f393	andi	x7,x3,-936	  x3:0x00000000  x7=0x00000000
     130555.000 ns	     13054	80002ac4	199e8e53	fdiv.s	f28,f29,f25	 f29:0x00000000 f25:0x00040fe4 f28=0x00000000
     130575.000 ns	     13056	80002ac8	79474d13	xori	x26,x14,1940	 x14:0x80040fe4 x26=0x80040870
     130585.000 ns	     13057	80002acc	0107d633	srl	x12,x15,x16	 x15:0x00000000 x16:0x00000000 x12=0x00000000
     130605.000 ns	     13059	80002ad0	c0180c53	fcvt.wu.s	x24,f16	 f16:0x7fc00000 x24=0xffffffff
     130635.000 ns	     13062	80002ad4	c00477d3	fcvt.w.s	x15,f8	  f8:0x3f800000 x15=0x00000001
     130655.000 ns	     13064	80002ad8	1fdecd93	xori	x27,x29,509	 x29:0x00000000 x27=0x000001fd
     130675.000 ns	     13066	80002adc	02f8b533	mulhu	x10,x17,x15	 x17:0x00000002 x15:0x00000001 x10=0x00000000
     130695.000 ns	     13068	80002ae0	00000013	addi	x0,x0,0	  x0:0x00000000
     130705.000 ns	     13069	80002ae4	00000013	addi	x0,x0,0	  x0:0x00000000
     130715.000 ns	     13070	80002ae8	180daa13	slti	x20,x27,384	 x27:0x000001fd x20=0x00000000
     130725.000 ns	     13071	80002aec	40a95ab3	sra	x21,x18,x10	 x18:0x00000020 x10:0x00000000 x21=0x00000020
     130735.000 ns	     13072	80002af0	018d1a93	slli	x21,x26,0x18	 x26:0x80040870 x21=0x70000000
     130745.000 ns	     13073	80002af4	15ea6a13	ori	x20,x20,350	 x20:0x00000000 x20=0x0000015e
     130755.000 ns	     13074	80002af8	661cb193	sltiu	x3,x25,1633	 x25:0x4f0004b3  x3=0x00000000
     130775.000 ns	     13076	80002afc	a0c183d3	fle.s	x7,f3,f12	  f3:0x3f35042a f12:0x00000100  x7=0x00000000
     130795.000 ns	     13078	80002b00	01c06eb3	or	x29,x0,x28	  x0:0x00000000 x28:0x00000000 x29=0x00000000
     130805.000 ns	     13079	80002b04	01085813	srli	x16,x16,0x10	 x16:0x00000000 x16=0x00000000
     130815.000 ns	     13080	80002b08	42902f93	slti	x31,x0,1065	  x0:0x00000000 x31=0x00000001
     130835.000 ns	     13082	80002b0c	03b415b3	mulh	x11,x8,x27	  x8:0x00000000 x27:0x000001fd x11=0x00000000
     131205.000 ns	     13119	80002b10	03334bb3	div	x23,x6,x19	  x6:0x00000000 x19:0x00000001 x23=0x00000000
     131245.000 ns	     13123	80002b14	105b1a53	fmul.s	f20,f22,f5	 f22:0x00040fe4  f5:0x3f800000 f20=0x00040fe4
     131265.000 ns	     13125	80002b18	923ba013	slti	x0,x23,-1757	 x23:0x00000000
     131275.000 ns	     13126	80002b1c	4199d813	srai	x16,x19,0x19	 x19:0x00000001 x16=0x00000000
     131295.000 ns	     13128	80002b20	202aa153	fsgnjx.s	f2,f21,f2	 f21:0xcefff7df  f2:0xb4b4a6f8  f2=0x4efff7df
     131315.000 ns	     13130	80002b24	cb342693	slti	x13,x8,-845	  x8:0x00000000 x13=0x00000000
     131345.000 ns	     13133	80002b28	580e2c53	fsqrt.s	f24,f28	 f28:0x00000000 f24=0x00000000
     131375.000 ns	     13136	80002b2c	21b12ed3	fsgnjx.s	f29,f2,f27	  f2:0x4efff7df f27:0x80000000 f29=0xcefff7df
     131415.000 ns	     13140	80002b30	11768453	fmul.s	f8,f13,f23	 f13:0xbf800000 f23:0x4f000410  f8=0xcf000410
     131435.000 ns	     13142	80002b34	01c55e93	srli	x29,x10,0x1c	 x10:0x00000000 x29=0x00000000
     131455.000 ns	     13144	80002b38	a1e597d3	flt.s	x15,f11,f30	 f11:0x4f000410 f30:0x34b4a6be x15=0x00000000
     131485.000 ns	     13147	80002b3c	e00f80d3	fmv.x.w	x1,f31	 f31:0x00000000  x1=0x00000000
     131515.000 ns	     13150	80002b40	02da5ab3	divu	x21,x20,x13	 x20:0x0000015e x13:0x00000000 x21=0xffffffff
     131535.000 ns	     13152	80002b44	4020d533	sra	x10,x1,x2	  x1:0x00000000  x2:0x00000000 x10=0x00000000
     131545.000 ns	     13153	80002b48	a3bfb013	sltiu	x0,x31,-1477	 x31:0x00000001
     131555.000 ns	     13154	80002b4c	df362913	slti	x18,x12,-525	 x12:0x00000000 x18=0x00000000
     131565.000 ns	     13155	80002b50	00ee9793	slli	x15,x29,0xe	 x29:0x00000000 x15=0x00000000
     131575.000 ns	     13156	80002b54	00b833b3	sltu	x7,x16,x11	 x16:0x00000000 x11:0x00000000  x7=0x00000000
     131905.000 ns	     13189	80002b58	18ebf0d3	fdiv.s	f1,f23,f14	 f23:0x4f000410 f14:0x00000100  f1=0x7f800000
     131935.000 ns	     13192	80002b5c	026b2033	mulhsu	x0,x22,x6	 x22:0xaaa84e4e  x6:0x00000000
     131965.000 ns	     13195	80002b60	0367a433	mulhsu	x8,x15,x22	 x15:0x00000000 x22:0xaaa84e4e  x8=0x00000000
     132005.000 ns	     13199	80002b64	192b8dd3	fdiv.s	f27,f23,f18	 f23:0x4f000410 f18:0x00000000 f27=0x7f800000
     132025.000 ns	     13201	80002b68	00e117b3	sll	x15,x2,x14	  x2:0x00000000 x14:0x80040fe4 x15=0x00000000
     132045.000 ns	     13203	80002b6c	e00608d3	fmv.x.w	x17,f12	 f12:0x00000100 x17=0x00000100
     132075.000 ns	     13206	80002b70	03d2d9b3	divu	x19,x5,x29	  x5:0x80041024 x29:0x00000000 x19=0xffffffff
     132095.000 ns	     13208	80002b74	401254b3	sra	x9,x4,x1	  x4:0x00001000  x1:0x00000000  x9=0x00001000
     132115.000 ns	     13210	80002b78	21a912d3	fsgnjn.s	f5,f18,f26	 f18:0x00000000 f26:0x80000000  f5=0x00000000
     132135.000 ns	     13212	80002b7c	e513fe13	andi	x28,x7,-431	  x7:0x00000000 x28=0x00000000
     132145.000 ns	     13213	80002b80	01cad4b3	srl	x9,x21,x28	 x21:0xffffffff x28:0x00000000  x9=0xffffffff
     132165.000 ns	     13215	80002b84	a02c91d3	flt.s	x3,f25,f2	 f25:0x00040fe4  f2:0x4efff7df  x3=0x00000001
     132195.000 ns	     13218	80002b88	283b1d53	fmax.s	f26,f22,f3	 f22:0x00040fe4  f3:0x3f35042a f26=0x3f35042a
     132225.000 ns	     13221	80002b8c	d0193053	fcvt.s.wu	f0,x18	 x18:0x00000000  f0=0x00000000
     132245.000 ns	     13223	80002b90	00339333	sll	x6,x7,x3	  x7:0x00000000  x3:0x00000001  x6=0x00000000
     132265.000 ns	     13225	80002b94	c002f353	fcvt.w.s	x6,f5	  f5:0x00000000  x6=0x00000000
     132285.000 ns	     13227	80002b98	007b3433	sltu	x8,x22,x7	 x22:0xaaa84e4e  x7:0x00000000  x8=0x00000000
     132645.000 ns	     13263	80002b9c	02e046b3	div	x13,x0,x14	  x0:0x00000000 x14:0x80040fe4 x13=0x00000000
     132665.000 ns	     13265	80002ba0	0177f1b3	and	x3,x15,x23	 x15:0x00000000 x23:0x00000000  x3=0x00000000
     132675.000 ns	     13266	80002ba4	40115cb3	sra	x25,x2,x1	  x2:0x00000000  x1:0x00000000 x25=0x00000000
     132695.000 ns	     13268	80002ba8	c00f79d3	fcvt.w.s	x19,f30	 f30:0x34b4a6be x19=0x00000000
     132725.000 ns	     13271	80002bac	c009bed3	fcvt.w.s	x29,f19	 f19:0x00000000 x29=0x00000000
     132745.000 ns	     13273	80002bb0	77f40213	addi	x4,x8,1919	  x8:0x00000000  x4=0x0000077f
     132785.000 ns	     13277	80002bb4	0076f3d3	fadd.s	f7,f13,f7	 f13:0xbf800000  f7:0x00000000  f7=0xbf800000
     132815.000 ns	     13280	80002bb8	28918d53	fmin.s	f26,f3,f9	  f3:0x3f35042a  f9:0xc2820000 f26=0xc2820000
     132845.000 ns	     13283	80002bbc	02b7e5b3	rem	x11,x15,x11	 x15:0x00000000 x11:0x00000000 x11=0x00000000
     132865.000 ns	     13285	80002bc0	0088d7b3	srl	x15,x17,x8	 x17:0x00000100  x8:0x00000000 x15=0x00000100
     132875.000 ns	     13286	80002bc4	00b2b7b3	sltu	x15,x5,x11	  x5:0x80041024 x11:0x00000000 x15=0x00000000
     132885.000 ns	     13287	80002bc8	019dfcb3	and	x25,x27,x25	 x27:0x000001fd x25:0x00000000 x25=0x00000000
     132895.000 ns	     13288	80002bcc	40ea0633	sub	x12,x20,x14	 x20:0x0000015e x14:0x80040fe4 x12=0x7ffbf17a
     132915.000 ns	     13290	80002bd0	e00105d3	fmv.x.w	x11,f2	  f2:0x4efff7df x11=0x4efff7df
     132945.000 ns	     13293	80002bd4	29bf0253	fmin.s	f4,f30,f27	 f30:0x34b4a6be f27:0x7f800000  f4=0x34b4a6be
     132975.000 ns	     13296	80002bd8	a1e709d3	fle.s	x19,f14,f30	 f14:0x00000100 f30:0x34b4a6be x19=0x00000001
     132995.000 ns	     13298	80002bdc	001c5a93	srli	x21,x24,0x1	 x24:0xffffffff x21=0x7fffffff
     133015.000 ns	     13300	80002be0	a18f8c53	fle.s	x24,f31,f24	 f31:0x00000000 f24:0x00000000 x24=0x00000001
     133035.000 ns	     13302	80002be4	73e008b7	lui	x17,0x73e00	 x17=0x73e00000
     133045.000 ns	     13303	80002be8	00000013	addi	x0,x0,0	  x0:0x00000000
     133055.000 ns	     13304	80002bec	00de5fb3	srl	x31,x28,x13	 x28:0x00000000 x13:0x00000000 x31=0x00000000
     133075.000 ns	     13306	80002bf0	02808e33	mul	x28,x1,x8	  x1:0x00000000  x8:0x00000000 x28=0x00000000
     133095.000 ns	     13308	80002bf4	01ffe533	or	x10,x31,x31	 x31:0x00000001 x31:0x00000001 x10=0x00000000
     133105.000 ns	     13309	80002bf8	01929833	sll	x16,x5,x25	  x5:0x80041024 x25:0x00000000 x16=0x80041024
     133125.000 ns	     13311	80002bfc	283a0fd3	fmin.s	f31,f20,f3	 f20:0x00040fe4  f3:0x3f35042a f31=0x00040fe4
     133155.000 ns	     13314	80002c00	026880b3	mul	x1,x17,x6	 x17:0x73e00000  x6:0x00000000  x1=0x00000000
     133175.000 ns	     13316	80002c04	005a5433	srl	x8,x20,x5	 x20:0x0000015e  x5:0x80041024  x8=0x00000015
     133185.000 ns	     13317	80002c08	00841913	slli	x18,x8,0x8	  x8:0x00000000 x18=0x00001500
     133195.000 ns	     13318	80002c0c	a2c2cd13	xori	x26,x5,-1492	  x5:0x80041024 x26=0x7ffbea08
     133205.000 ns	     13319	80002c10	00e720b3	slt	x1,x14,x14	 x14:0x80040fe4 x14:0x80040fe4  x1=0x00000000
     133565.000 ns	     13355	80002c14	02cfc633	div	x12,x31,x12	 x31:0x00000000 x12:0x7ffbf17a x12=0x00000000
     133585.000 ns	     13357	80002c18	00541013	slli	x0,x8,0x5	  x8:0x00000015
     133595.000 ns	     13358	80002c1c	41948bb3	sub	x23,x9,x25	  x9:0xffffffff x25:0x00000000 x23=0xffffffff
     133635.000 ns	     13362	80002c20	08807553	fsub.s	f10,f0,f8	  f0:0x00000000  f8:0xcf000410 f10=0x4f000410
     133665.000 ns	     13365	80002c24	21d9a3d3	fsgnjx.s	f7,f19,f29	 f19:0x00000000 f29:0xcefff7df  f7=0x80000000
     133685.000 ns	     13367	80002c28	b5babb93	sltiu	x23,x21,-1189	 x21:0x7fffffff x23=0x00000001
     133705.000 ns	     13369	80002c2c	f0038153	fmv.w.x	f2,x7	  x7:0x00000000  f2=0x00000000
     133725.000 ns	     13371	80002c30	015da633	slt	x12,x27,x21	 x27:0x000001fd x21:0x7fffffff x12=0x00000001
     133755.000 ns	     13374	80002c34	11ee0653	fmul.s	f12,f28,f30	 f28:0x00000000 f30:0x34b4a6be f12=0x00000000
     133785.000 ns	     13377	80002c38	02cb9cb3	mulh	x25,x23,x12	 x23:0x00000001 x12:0x00000000 x25=0x00000000
     133815.000 ns	     13380	80002c3c	28391a53	fmax.s	f20,f18,f3	 f18:0x00000000  f3:0x3f35042a f20=0x3f35042a
     133835.000 ns	     13382	80002c40	01aac3b3	xor	x7,x21,x26	 x21:0x7fffffff x26:0x7ffbea08  x7=0x000415f7
     133855.000 ns	     13384	80002c44	d01278d3	fcvt.s.wu	f17,x4	  x4:0x0000077f f17=0x44efe000
     133875.000 ns	     13386	80002c48	f5c9b697	auipc	x13,0xf5c9b	 x13=0x75c9dc48
     133895.000 ns	     13388	80002c4c	c01dce53	fcvt.wu.s	x28,f27	 f27:0x7f800000 x28=0xffffffff
     133915.000 ns	     13390	80002c50	400edd93	srai	x27,x29,0x0	 x29:0x00000000 x27=0x00000000
     133925.000 ns	     13391	80002c54	01fe0a33	add	x20,x28,x31	 x28:0xffffffff x31:0x00000000 x20=0xffffffff
     133935.000 ns	     13392	80002c58	46fbaa13	slti	x20,x23,1135	 x23:0x00000001 x20=0x00000001
     133945.000 ns	     13393	80002c5c	b3a80d37	lui	x26,0xb3a80	 x26=0xb3a80000
     133955.000 ns	     13394	80002c60	56ab7a93	andi	x21,x22,1386	 x22:0xaaa84e4e x21=0x0000044a
     133965.000 ns	     13395	80002c64	7d57b413	sltiu	x8,x15,2005	 x15:0x00000000  x8=0x00000001
     133985.000 ns	     13397	80002c68	292c99d3	fmax.s	f19,f25,f18	 f25:0x00040fe4 f18:0x00000000 f19=0x00040fe4
     134005.000 ns	     13399	80002c6c	76a74993	xori	x19,x14,1898	 x14:0x80040fe4 x19=0x8004088e
     134025.000 ns	     13401	80002c70	a1f32cd3	feq.s	x25,f6,f31	  f6:0x00000000 f31:0x00040fe4 x25=0x00000000
     134055.000 ns	     13404	80002c74	03d6b833	mulhu	x16,x13,x29	 x13:0x75c9dc48 x29:0x00000000 x16=0x00000000
     134085.000 ns	     13407	80002c78	03d7f3b3	remu	x7,x15,x29	 x15:0x00000000 x29:0x00000000  x7=0x00000000
     134115.000 ns	     13410	80002c7c	28f28f53	fmin.s	f30,f5,f15	  f5:0x00000000 f15:0x80000000 f30=0x80000000
     134135.000 ns	     13412	80002c80	011bdf93	srli	x31,x23,0x11	 x23:0x00000001 x31=0x00000000
     134495.000 ns	     13448	80002c84	0294d833	divu	x16,x9,x9	  x9:0xffffffff  x9:0xffffffff x16=0x00000001
     134525.000 ns	     13451	80002c88	e0028153	fmv.x.w	x2,f5	  f5:0x00000000  x2=0x00000000
     134545.000 ns	     13453	80002c8c	01a32533	slt	x10,x6,x26	  x6:0x00000000 x26:0xb3a80000 x10=0x00000000
     134905.000 ns	     13489	80002c90	03e843b3	div	x7,x16,x30	 x16:0x00000001 x30:0xf5000000  x7=0x00000000
     134935.000 ns	     13492	80002c94	e00017d3	fclass.s	x15,f0	  f0:0x00000000 x15=0x00000010
     134965.000 ns	     13495	80002c98	03bcdd33	divu	x26,x25,x27	 x25:0x00000000 x27:0x00000000 x26=0xffffffff
     134995.000 ns	     13498	80002c9c	d01f1ed3	fcvt.s.wu	f29,x30	 x30:0xf5000000 f29=0x4f750000
     135015.000 ns	     13500	80002ca0	77b6a313	slti	x6,x13,1915	 x13:0x75c9dc48  x6=0x00000000
     135375.000 ns	     13536	80002ca4	029f6eb3	rem	x29,x30,x9	 x30:0xf5000000  x9:0xffffffff x29=0x00000000
     135425.000 ns	     13541	80002ca8	08c47a53	fsub.s	f20,f8,f12	  f8:0xcf000410 f12:0x00000000 f20=0xcf000410
     135455.000 ns	     13544	80002cac	219d9a53	fsgnjn.s	f20,f27,f25	 f27:0x7f800000 f25:0x00040fe4 f20=0xff800000
     135485.000 ns	     13547	80002cb0	285892d3	fmax.s	f5,f17,f5	 f17:0x44efe000  f5:0x00000000  f5=0x44efe000
     135535.000 ns	     13552	80002cb4	094db553	fsub.s	f10,f27,f20	 f27:0x7f800000 f20:0xff800000 f10=0x00000000
     135575.000 ns	     13556	80002cb8	111e7dd3	fmul.s	f27,f28,f17	 f28:0x00000000 f17:0x44efe000 f27=0x00000000
     135605.000 ns	     13559	80002cbc	03a81333	mulh	x6,x16,x26	 x16:0x00000001 x26:0xffffffff  x6=0xffffffff
     135635.000 ns	     13562	80002cc0	03fe8eb3	mul	x29,x29,x31	 x29:0x00000000 x31:0x00000000 x29=0x00000000
     135665.000 ns	     13565	80002cc4	022d1ab3	mulh	x21,x26,x2	 x26:0xffffffff  x2:0x00000000 x21=0x00000000
     135695.000 ns	     13568	80002cc8	03b763b3	rem	x7,x14,x27	 x14:0x80040fe4 x27:0x00000000  x7=0x80040fe4
     135725.000 ns	     13571	80002ccc	d0083c53	fcvt.s.w	f24,x16	 x16:0x00000001 f24=0x3f800000
     135745.000 ns	     13573	80002cd0	00a85e33	srl	x28,x16,x10	 x16:0x00000001 x10:0x00000000 x28=0x00000001
     136105.000 ns	     13609	80002cd4	02646bb3	rem	x23,x8,x6	  x8:0x00000001  x6:0xffffffff x23=0x00000000
     136135.000 ns	     13612	80002cd8	d0169dd3	fcvt.s.wu	f27,x13	 x13:0x75c9dc48 f27=0x4eeb93b8
     136165.000 ns	     13615	80002cdc	a1d189d3	fle.s	x19,f3,f29	  f3:0x3f35042a f29:0x4f750000 x19=0x00000001
     136185.000 ns	     13617	80002ce0	002bfd33	and	x26,x23,x2	 x23:0x00000000  x2:0x00000000 x26=0x00000000
     136205.000 ns	     13619	80002ce4	0292ae33	mulhsu	x28,x5,x9	  x5:0x80041024  x9:0xffffffff x28=0x80041024
     136225.000 ns	     13621	80002ce8	4d52ff13	andi	x30,x5,1237	  x5:0x80041024 x30=0x00000004
     136235.000 ns	     13622	80002cec	017519b3	sll	x19,x10,x23	 x10:0x00000000 x23:0x00000000 x19=0x00000000
     136255.000 ns	     13624	80002cf0	e00003d3	fmv.x.w	x7,f0	  f0:0x00000000  x7=0x00000000
     136275.000 ns	     13626	80002cf4	01ecdcb3	srl	x25,x25,x30	 x25:0x00000000 x30:0x00000004 x25=0x00000000
     136285.000 ns	     13627	80002cf8	00e0deb3	srl	x29,x1,x14	  x1:0x00000000 x14:0x80040fe4 x29=0x00000000
     136305.000 ns	     13629	80002cfc	29759653	fmax.s	f12,f11,f23	 f11:0x4f000410 f23:0x4f000410 f12=0x4f000410
     136325.000 ns	     13631	80002d00	4066e213	ori	x4,x13,1030	 x13:0x75c9dc48  x4=0x75c9dc4e
     136345.000 ns	     13633	80002d04	d00a7c53	fcvt.s.w	f24,x20	 x20:0x00000001 f24=0x3f800000
     136375.000 ns	     13636	80002d08	28b99353	fmax.s	f6,f19,f11	 f19:0x00040fe4 f11:0x4f000410  f6=0x4f000410
     136405.000 ns	     13639	80002d0c	20920e53	fsgnj.s	f28,f4,f9	  f4:0x34b4a6be  f9:0xc2820000 f28=0xb4b4a6be
     136425.000 ns	     13641	80002d10	4f8fbc17	auipc	x24,0x4f8fb	 x24=0xcf8fdd10
     136445.000 ns	     13643	80002d14	03d42d33	mulhsu	x26,x8,x29	  x8:0x00000001 x29:0x00000000 x26=0x00000000
     136465.000 ns	     13645	80002d18	00a9ae33	slt	x28,x19,x10	 x19:0x00000000 x10:0x00000000 x28=0x00000000
     136825.000 ns	     13681	80002d1c	031de333	rem	x6,x27,x17	 x27:0x00000000 x17:0x73e00000  x6=0x00000000
     136855.000 ns	     13684	80002d20	a0718f53	fle.s	x30,f3,f7	  f3:0x3f35042a  f7:0x80000000 x30=0x00000000
     136875.000 ns	     13686	80002d24	01811433	sll	x8,x2,x24	  x2:0x00000000 x24:0xcf8fdd10  x8=0x00000000
     136915.000 ns	     13690	80002d28	00030a53	fadd.s	f20,f6,f0	  f6:0x4f000410  f0:0x00000000 f20=0x4f000410
     136965.000 ns	     13695	80002d2c	01f1f3d3	fadd.s	f7,f3,f31	  f3:0x3f35042a f31:0x00040fe4  f7=0x3f35042a
     136985.000 ns	     13697	80002d30	7e386993	ori	x19,x16,2019	 x16:0x00000001 x19=0x000007e3
     137015.000 ns	     13700	80002d34	1114f853	fmul.s	f16,f9,f17	  f9:0xc2820000 f17:0x44efe000 f16=0xc7f39f80
     137035.000 ns	     13702	80002d38	9e11e417	auipc	x8,0x9e11e	  x8=0x1e120d38
     137045.000 ns	     13703	80002d3c	0166d093	srli	x1,x13,0x16	 x13:0x75c9dc48  x1=0x000001d7
     137055.000 ns	     13704	80002d40	41640533	sub	x10,x8,x22	  x8:0x00000000 x22:0xaaa84e4e x10=0x7369beea
     137065.000 ns	     13705	80002d44	8debe913	ori	x18,x23,-1826	 x23:0x00000000 x18=0xfffff8de
     137075.000 ns	     13706	80002d48	f3176113	ori	x2,x14,-207	 x14:0x80040fe4  x2=0xfffffff5
     138245.000 ns	     13823	80002d4c	5802a1d3	fsqrt.s	f3,f5	  f5:0x44efe000  f3=0x422f39b9
     138285.000 ns	     13827	80002d50	1890f853	fdiv.s	f16,f1,f9	  f1:0x7f800000  f9:0xc2820000 f16=0xff800000
     138315.000 ns	     13830	80002d54	207791d3	fsgnjn.s	f3,f15,f7	 f15:0x80000000  f7:0x3f35042a  f3=0x80000000
     138345.000 ns	     13833	80002d58	a0e99fd3	flt.s	x31,f19,f14	 f19:0x00040fe4 f14:0x00000100 x31=0x00000000
     138395.000 ns	     13838	80002d5c	093237d3	fsub.s	f15,f4,f19	  f4:0x34b4a6be f19:0x00040fe4 f15=0x34b4a6be
     138415.000 ns	     13840	80002d60	00cc66b3	or	x13,x24,x12	 x24:0xcf8fdd10 x12:0x00000001 x13=0xcf8fdd11
     138435.000 ns	     13842	80002d64	03ea9233	mulh	x4,x21,x30	 x21:0x00000000 x30:0x00000000  x4=0x00000000
     138465.000 ns	     13845	80002d68	038ca1b3	mulhsu	x3,x25,x24	 x25:0x00000000 x24:0xcf8fdd10  x3=0x00000000
     138485.000 ns	     13847	80002d6c	a788b8b7	lui	x17,0xa788b	 x17=0xa788b000
     138505.000 ns	     13849	80002d70	03e25933	divu	x18,x4,x30	  x4:0x00000000 x30:0x00000000 x18=0xffffffff
     138525.000 ns	     13851	80002d74	07f81017	auipc	x0,0x7f81	
     138545.000 ns	     13853	80002d78	d002f4d3	fcvt.s.w	f9,x5	  x5:0x80041024  f9=0xcefff7df
     138575.000 ns	     13856	80002d7c	20a91053	fsgnjn.s	f0,f18,f10	 f18:0x00000000 f10:0x00000000  f0=0x80000000
     138595.000 ns	     13858	80002d80	32eca013	slti	x0,x25,814	 x25:0x00000000
     138615.000 ns	     13860	80002d84	211485d3	fsgnj.s	f11,f9,f17	  f9:0xcefff7df f17:0x44efe000 f11=0x4efff7df
     138635.000 ns	     13862	80002d88	00000013	addi	x0,x0,0	  x0:0x00000000
     138655.000 ns	     13864	80002d8c	a08803d3	fle.s	x7,f16,f8	 f16:0xff800000  f8:0xcf000410  x7=0x00000001
     138685.000 ns	     13867	80002d90	f0030a53	fmv.w.x	f20,x6	  x6:0x00000000 f20=0x00000000
     138705.000 ns	     13869	80002d94	00000013	addi	x0,x0,0	  x0:0x00000000
     138725.000 ns	     13871	80002d98	02093db3	mulhu	x27,x18,x0	 x18:0xffffffff  x0:0x00000000 x27=0x00000000
     139095.000 ns	     13908	80002d9c	0222f5b3	remu	x11,x5,x2	  x5:0x80041024  x2:0xfffffff5 x11=0x80041024
     139115.000 ns	     13910	80002da0	01ea5ab3	srl	x21,x20,x30	 x20:0x00000001 x30:0x00000000 x21=0x00000001
     139475.000 ns	     13946	80002da4	02f6df33	divu	x30,x13,x15	 x13:0xcf8fdd11 x15:0x00000010 x30=0x0cf8fdd1
     139495.000 ns	     13948	80002da8	00a7c833	xor	x16,x15,x10	 x15:0x00000010 x10:0x7369beea x16=0x7369befa
     139515.000 ns	     13950	80002dac	02a8bc33	mulhu	x24,x17,x10	 x17:0xa788b000 x10:0x7369beea x24=0x4b879b10
     139535.000 ns	     13952	80002db0	aa7fe213	ori	x4,x31,-1369	 x31:0x00000000  x4=0xfffffaa7
     139545.000 ns	     13953	80002db4	01033d33	sltu	x26,x6,x16	  x6:0x00000000 x16:0x7369befa x26=0x00000001
     139555.000 ns	     13954	80002db8	000fafb3	slt	x31,x31,x0	 x31:0x00000000  x0:0x00000000 x31=0x00000000
     139575.000 ns	     13956	80002dbc	0204f7b3	remu	x15,x9,x0	  x9:0xffffffff  x0:0x00000000 x15=0xffffffff
     139945.000 ns	     13993	80002dc0	02e750b3	divu	x1,x14,x14	 x14:0x80040fe4 x14:0x80040fe4  x1=0x00000001
     139965.000 ns	     13995	80002dc4	002b00b3	add	x1,x22,x2	 x22:0xaaa84e4e  x2:0xfffffff5  x1=0xaaa84e43
     140325.000 ns	     14031	80002dc8	02d2eeb3	rem	x29,x5,x13	  x5:0x80041024 x13:0xcf8fdd11 x29=0xe0e45602
     140345.000 ns	     14033	80002dcc	00f5a1b3	slt	x3,x11,x15	 x11:0x80041024 x15:0xffffffff  x3=0x00000001
     140705.000 ns	     14069	80002dd0	02e8dd33	divu	x26,x17,x14	 x17:0xa788b000 x14:0x80040fe4 x26=0x00000001
     140755.000 ns	     14074	80002dd4	0957f053	fsub.s	f0,f15,f21	 f15:0x34b4a6be f21:0xcefff7df  f0=0x4efff7df
     140785.000 ns	     14077	80002dd8	28348653	fmin.s	f12,f9,f3	  f9:0xcefff7df  f3:0x80000000 f12=0xcefff7df
     140815.000 ns	     14080	80002ddc	e0021fd3	fclass.s	x31,f4	  f4:0x34b4a6be x31=0x00000040
     140845.000 ns	     14083	80002de0	035e91b3	mulh	x3,x29,x21	 x29:0xe0e45602 x21:0x00000001  x3=0xffffffff
     140875.000 ns	     14086	80002de4	025e11b3	mulh	x3,x28,x5	 x28:0x00000000  x5:0x80041024  x3=0x00000000
     140895.000 ns	     14088	80002de8	00fb9333	sll	x6,x23,x15	 x23:0x00000000 x15:0xffffffff  x6=0x00000000
     140915.000 ns	     14090	80002dec	212b26d3	fsgnjx.s	f13,f22,f18	 f22:0x00040fe4 f18:0x00000000 f13=0x00040fe4
     140935.000 ns	     14092	80002df0	c48b7b93	andi	x23,x22,-952	 x22:0xaaa84e4e x23=0xaaa84c48
     141295.000 ns	     14128	80002df4	0254c6b3	div	x13,x9,x5	  x9:0xffffffff  x5:0x80041024 x13=0x00000000
     141325.000 ns	     14131	80002df8	03a52633	mulhsu	x12,x10,x26	 x10:0x7369beea x26:0x00000001 x12=0x00000000
     141355.000 ns	     14134	80002dfc	d01d7053	fcvt.s.wu	f0,x26	 x26:0x00000001  f0=0x3f800000
     141385.000 ns	     14137	80002e00	d00af153	fcvt.s.w	f2,x21	 x21:0x00000001  f2=0x3f800000
     141405.000 ns	     14139	80002e04	00000013	addi	x0,x0,0	  x0:0x00000000
     141415.000 ns	     14140	80002e08	011775b3	and	x11,x14,x17	 x14:0x80040fe4 x17:0xa788b000 x11=0x80000000
     141435.000 ns	     14142	80002e0c	d01b2153	fcvt.s.wu	f2,x22	 x22:0xaaa84e4e  f2=0x4f2aa84f
     141465.000 ns	     14145	80002e10	a0cb0e53	fle.s	x28,f22,f12	 f22:0x00040fe4 f12:0xcefff7df x28=0x00000000
     141495.000 ns	     14148	80002e14	03c4fdb3	remu	x27,x9,x28	  x9:0xffffffff x28:0x00000000 x27=0xffffffff
     141545.000 ns	     14153	80002e18	08897a53	fsub.s	f20,f18,f8	 f18:0x00000000  f8:0xcf000410 f20=0x4f000410
     141915.000 ns	     14190	80002e1c	03f267b3	rem	x15,x4,x31	  x4:0xfffffaa7 x31:0x00000040 x15=0xffffffe7
     141935.000 ns	     14192	80002e20	cb386593	ori	x11,x16,-845	 x16:0x7369befa x11=0xfffffefb
     141955.000 ns	     14194	80002e24	e00f83d3	fmv.x.w	x7,f31	 f31:0x00040fe4  x7=0x00040fe4
     141995.000 ns	     14198	80002e28	108da453	fmul.s	f8,f27,f8	 f27:0x4eeb93b8  f8:0xcf000410  f8=0xde6b9b33
     142025.000 ns	     14201	80002e2c	039657b3	divu	x15,x12,x25	 x12:0x00000000 x25:0x00000000 x15=0xffffffff
     142395.000 ns	     14238	80002e30	0245f1b3	remu	x3,x11,x4	 x11:0xfffffefb  x4:0xfffffaa7  x3=0x00000454
     142415.000 ns	     14240	80002e34	e22cf813	andi	x16,x25,-478	 x25:0x00000000 x16=0x00000000
     142425.000 ns	     14241	80002e38	c7477493	andi	x9,x14,-908	 x14:0x80040fe4  x9=0x80040c64
     142455.000 ns	     14244	80002e3c	10682f53	fmul.s	f30,f16,f6	 f16:0xff800000  f6:0x4f000410 f30=0xff800000
     143635.000 ns	     14362	80002e40	580773d3	fsqrt.s	f7,f14	 f14:0x00000100  f7=0x1f3505ec
     143665.000 ns	     14365	80002e44	03c90bb3	mul	x23,x18,x28	 x18:0xffffffff x28:0x00000000 x23=0x00000000
     143685.000 ns	     14367	80002e48	00359793	slli	x15,x11,0x3	 x11:0xfffffefb x15=0xfffff7d8
     143695.000 ns	     14368	80002e4c	000a2433	slt	x8,x20,x0	 x20:0x00000001  x0:0x00000000  x8=0x00000000
     143715.000 ns	     14370	80002e50	c0147dd3	fcvt.wu.s	x27,f8	  f8:0xde6b9b33 x27=0x00000000
     143745.000 ns	     14373	80002e54	a0690853	fle.s	x16,f18,f6	 f18:0x00000000  f6:0x4f000410 x16=0x00000001
     143765.000 ns	     14375	80002e58	a62a2993	slti	x19,x20,-1438	 x20:0x00000001 x19=0x00000000
     143775.000 ns	     14376	80002e5c	407d05b3	sub	x11,x26,x7	 x26:0x00000001  x7:0x00040fe4 x11=0xfffbf01d
     143785.000 ns	     14377	80002e60	13347593	andi	x11,x8,307	  x8:0x00000000 x11=0x00000000
     143795.000 ns	     14378	80002e64	f638e813	ori	x16,x17,-157	 x17:0xa788b000 x16=0xffffff63
     143805.000 ns	     14379	80002e68	401a07b3	sub	x15,x20,x1	 x20:0x00000001  x1:0xaaa84e43 x15=0x5557b1be
     143845.000 ns	     14383	80002e6c	01af0953	fadd.s	f18,f30,f26	 f30:0xff800000 f26:0xc2820000 f18=0xff800000
     143865.000 ns	     14385	80002e70	002c4933	xor	x18,x24,x2	 x24:0x4b879b10  x2:0xfffffff5 x18=0xb47864e5
     143875.000 ns	     14386	80002e74	b71116b7	lui	x13,0xb7111	 x13=0xb7111000
     143885.000 ns	     14387	80002e78	ee8db913	sltiu	x18,x27,-280	 x27:0x00000000 x18=0x00000001
     143905.000 ns	     14389	80002e7c	f0050353	fmv.w.x	f6,x10	 x10:0x7369beea  f6=0x7369beea
     143935.000 ns	     14392	80002e80	a1e31a53	flt.s	x20,f6,f30	  f6:0x4f000410 f30:0xff800000 x20=0x00000000
     143965.000 ns	     14395	80002e84	d0191753	fcvt.s.wu	f14,x18	 x18:0x00000001 f14=0x3f800000
     144335.000 ns	     14432	80002e88	036dd0b3	divu	x1,x27,x22	 x27:0x00000000 x22:0xaaa84e4e  x1=0x00000000
     144365.000 ns	     14435	80002e8c	e00718d3	fclass.s	x17,f14	 f14:0x3f800000 x17=0x00000040
     144415.000 ns	     14440	80002e90	09d1fb53	fsub.s	f22,f3,f29	  f3:0x80000000 f29:0x4f750000 f22=0xcf750000
     144445.000 ns	     14443	80002e94	d00d4153	fcvt.s.w	f2,x26	 x26:0x00000001  f2=0x3f800000
     144465.000 ns	     14445	80002e98	002a6db3	or	x27,x20,x2	 x20:0x00000000  x2:0xfffffff5 x27=0xfffffff5
     144485.000 ns	     14447	80002e9c	29851753	fmax.s	f14,f10,f24	 f10:0x00000000 f24:0x3f800000 f14=0x3f800000
     144515.000 ns	     14450	80002ea0	e00099d3	fclass.s	x19,f1	  f1:0x7f800000 x19=0x00000080
     144545.000 ns	     14453	80002ea4	c01c79d3	fcvt.wu.s	x19,f24	 f24:0x3f800000 x19=0x00000001
     144575.000 ns	     14456	80002ea8	21292fd3	fsgnjx.s	f31,f18,f18	 f18:0xff800000 f18:0xff800000 f31=0x7f800000
     144915.000 ns	     14490	80002eac	18fb0c53	fdiv.s	f24,f22,f15	 f22:0xcf750000 f15:0x34b4a6be f24=0xda2cf0de
     144945.000 ns	     14493	80002eb0	29e089d3	fmin.s	f19,f1,f30	  f1:0x7f800000 f30:0xff800000 f19=0xff800000
     144985.000 ns	     14497	80002eb4	58053bd3	fsqrt.s	f23,f10	 f10:0x00000000 f23=0x00000000
     145005.000 ns	     14499	80002eb8	84bd03b7	lui	x7,0x84bd0	  x7=0x84bd0000
     145015.000 ns	     14500	80002ebc	77586493	ori	x9,x16,1909	 x16:0xffffff63  x9=0xffffff77
     145035.000 ns	     14502	80002ec0	21ba95d3	fsgnjn.s	f11,f21,f27	 f21:0xcefff7df f27:0x4eeb93b8 f11=0xcefff7df
     145055.000 ns	     14504	80002ec4	41be0433	sub	x8,x28,x27	 x28:0x00000000 x27:0xfffffff5  x8=0x0000000b
     145065.000 ns	     14505	80002ec8	0116c533	xor	x10,x13,x17	 x13:0xb7111000 x17:0x00000040 x10=0xb7111040
     145075.000 ns	     14506	80002ecc	412b3193	sltiu	x3,x22,1042	 x22:0xaaa84e4e  x3=0x00000000
     145085.000 ns	     14507	80002ed0	838d8813	addi	x16,x27,-1992	 x27:0xfffffff5 x16=0xfffff82d
     145115.000 ns	     14510	80002ed4	580e7a53	fsqrt.s	f20,f28	 f28:0xb4b4a6be f20=0x7fc00000
     145135.000 ns	     14512	80002ed8	e14bc213	xori	x4,x23,-492	 x23:0x00000000  x4=0xfffffe14
     145145.000 ns	     14513	80002edc	01ff1813	slli	x16,x30,0x1f	 x30:0x0cf8fdd1 x16=0x80000000
     145155.000 ns	     14514	80002ee0	00000013	addi	x0,x0,0	  x0:0x00000000
     145165.000 ns	     14515	80002ee4	00000013	addi	x0,x0,0	  x0:0x00000000
     145175.000 ns	     14516	80002ee8	71c3f513	andi	x10,x7,1820	  x7:0x84bd0000 x10=0x00000000
     145195.000 ns	     14518	80002eec	c00530d3	fcvt.w.s	x1,f10	 f10:0x00000000  x1=0x00000000
     145225.000 ns	     14521	80002ef0	d01db653	fcvt.s.wu	f12,x27	 x27:0xfffffff5 f12=0x4f800000
     145255.000 ns	     14524	80002ef4	03498133	mul	x2,x19,x20	 x19:0x00000001 x20:0x00000000  x2=0x00000000
     145275.000 ns	     14526	80002ef8	01799d13	slli	x26,x19,0x17	 x19:0x00000001 x26=0x00800000
     145295.000 ns	     14528	80002efc	02f20133	mul	x2,x4,x15	  x4:0xfffffe14 x15:0x5557b1be  x2=0xfb7666d8
     145325.000 ns	     14531	80002f00	29360353	fmin.s	f6,f12,f19	 f12:0x4f800000 f19:0xff800000  f6=0xff800000
     145345.000 ns	     14533	80002f04	a404b913	sltiu	x18,x9,-1472	  x9:0xffffff77 x18=0x00000000
     145355.000 ns	     14534	80002f08	0016f133	and	x2,x13,x1	 x13:0xb7111000  x1:0x00000000  x2=0x00000000
     145365.000 ns	     14535	80002f0c	01115233	srl	x4,x2,x17	  x2:0xfb7666d8 x17:0x00000040  x4=0x00000000
     145375.000 ns	     14536	80002f10	00000013	addi	x0,x0,0	  x0:0x00000000
     146545.000 ns	     14653	80002f14	5807f9d3	fsqrt.s	f19,f15	 f15:0x34b4a6be f19=0x3998103c
     146575.000 ns	     14656	80002f18	c004fad3	fcvt.w.s	x21,f9	  f9:0xcefff7df x21=0x7ffbef80
     146605.000 ns	     14659	80002f1c	2181a1d3	fsgnjx.s	f3,f3,f24	  f3:0x80000000 f24:0xda2cf0de  f3=0x00000000
     146635.000 ns	     14662	80002f20	03a32433	mulhsu	x8,x6,x26	  x6:0x00000000 x26:0x00800000  x8=0x00000000
     146655.000 ns	     14664	80002f24	016a6e33	or	x28,x20,x22	 x20:0x00000000 x22:0xaaa84e4e x28=0xaaa84e4e
     146685.000 ns	     14667	80002f28	10c4f853	fmul.s	f16,f9,f12	  f9:0xcefff7df f12:0x4f800000 f16=0xdefff7e0
     146715.000 ns	     14670	80002f2c	28b48253	fmin.s	f4,f9,f11	  f9:0xcefff7df f11:0xcefff7df  f4=0xcefff7df
     146745.000 ns	     14673	80002f30	0270b9b3	mulhu	x19,x1,x7	  x1:0x00000000  x7:0x84bd0000 x19=0x00000000
     146765.000 ns	     14675	80002f34	01050db3	add	x27,x10,x16	 x10:0x00000000 x16:0x80000000 x27=0x80000000
     146775.000 ns	     14676	80002f38	017ca3b7	lui	x7,0x17ca	  x7=0x017ca000
     146795.000 ns	     14678	80002f3c	020cc1b3	div	x3,x25,x0	 x25:0x00000000  x0:0x00000000  x3=0xffffffff
     146825.000 ns	     14681	80002f40	02511db3	mulh	x27,x2,x5	  x2:0x00000000  x5:0x80041024 x27=0x00000000
     146845.000 ns	     14683	80002f44	006e38b3	sltu	x17,x28,x6	 x28:0xaaa84e4e  x6:0x00000000 x17=0x00000000
     146865.000 ns	     14685	80002f48	a01d2cd3	feq.s	x25,f26,f1	 f26:0xc2820000  f1:0x7f800000 x25=0x00000000
     146885.000 ns	     14687	80002f4c	01b30633	add	x12,x6,x27	  x6:0x00000000 x27:0x00000000 x12=0x00000000
     146905.000 ns	     14689	80002f50	c01ffdd3	fcvt.wu.s	x27,f31	 f31:0x7f800000 x27=0xffffffff
     146925.000 ns	     14691	80002f54	6a25b213	sltiu	x4,x11,1698	 x11:0x00000000  x4=0x00000001
     146935.000 ns	     14692	80002f58	405f08b3	sub	x17,x30,x5	 x30:0x0cf8fdd1  x5:0x80041024 x17=0x8cf4edad
     146945.000 ns	     14693	80002f5c	01ae41b3	xor	x3,x28,x26	 x28:0xaaa84e4e x26:0x00800000  x3=0xaa284e4e
     146955.000 ns	     14694	80002f60	b06bc113	xori	x2,x23,-1274	 x23:0x00000000  x2=0xfffffb06
     146975.000 ns	     14696	80002f64	c006f453	fcvt.w.s	x8,f13	 f13:0x00040fe4  x8=0x00000000
     147005.000 ns	     14699	80002f68	a16128d3	feq.s	x17,f2,f22	  f2:0x3f800000 f22:0xcf750000 x17=0x00000000
     147045.000 ns	     14703	80002f6c	194605d3	fdiv.s	f11,f12,f20	 f12:0x4f800000 f20:0x7fc00000 f11=0x7fc00000
     147065.000 ns	     14705	80002f70	00000013	addi	x0,x0,0	  x0:0x00000000
     147085.000 ns	     14707	80002f74	02641eb3	mulh	x29,x8,x6	  x8:0x00000000  x6:0x00000000 x29=0x00000000
     147125.000 ns	     14711	80002f78	11f1f953	fmul.s	f18,f3,f31	  f3:0x00000000 f31:0x7f800000 f18=0x7fc00000
     147145.000 ns	     14713	80002f7c	00000013	addi	x0,x0,0	  x0:0x00000000
     147165.000 ns	     14715	80002f80	c01ef353	fcvt.wu.s	x6,f29	 f29:0x4f750000  x6=0xf5000000
     147535.000 ns	     14752	80002f84	02de7ab3	remu	x21,x28,x13	 x28:0xaaa84e4e x13:0xb7111000 x21=0xaaa84e4e
     147555.000 ns	     14754	80002f88	41ebd4b3	sra	x9,x23,x30	 x23:0x00000000 x30:0x0cf8fdd1  x9=0x00000000
     147575.000 ns	     14756	80002f8c	21079053	fsgnjn.s	f0,f15,f16	 f15:0x34b4a6be f16:0xdefff7e0  f0=0x34b4a6be
     147595.000 ns	     14758	80002f90	014a9533	sll	x10,x21,x20	 x21:0xaaa84e4e x20:0x00000000 x10=0xaaa84e4e
     147955.000 ns	     14794	80002f94	03f06a33	rem	x20,x0,x31	  x0:0x00000000 x31:0x00000040 x20=0x00000000
     147975.000 ns	     14796	80002f98	01f088b3	add	x17,x1,x31	  x1:0x00000000 x31:0x00000040 x17=0x00000040
     148005.000 ns	     14799	80002f9c	5801aad3	fsqrt.s	f21,f3	  f3:0x00000000 f21=0x00000000
     148035.000 ns	     14802	80002fa0	21b415d3	fsgnjn.s	f11,f8,f27	  f8:0xde6b9b33 f27:0x4eeb93b8 f11=0xde6b9b33
     148065.000 ns	     14805	80002fa4	028d37b3	mulhu	x15,x26,x8	 x26:0x00800000  x8:0x00000000 x15=0x00000000
     148115.000 ns	     14810	80002fa8	09d8fe53	fsub.s	f28,f17,f29	 f17:0x44efe000 f29:0x4f750000 f28=0xcf74fff8
     148165.000 ns	     14815	80002fac	01c07d53	fadd.s	f26,f0,f28	  f0:0x34b4a6be f28:0xb4b4a6be f26=0xcf74fff8
     148185.000 ns	     14817	80002fb0	dc3b8813	addi	x16,x23,-573	 x23:0x00000000 x16=0xfffffdc3
     148205.000 ns	     14819	80002fb4	c0150653	fcvt.wu.s	x12,f10	 f10:0x00000000 x12=0x00000000
     148225.000 ns	     14821	80002fb8	00e53633	sltu	x12,x10,x14	 x10:0xaaa84e4e x14:0x80040fe4 x12=0x00000000
     148235.000 ns	     14822	80002fbc	00209433	sll	x8,x1,x2	  x1:0x00000000  x2:0xfffffb06  x8=0x00000000
     148255.000 ns	     14824	80002fc0	d00889d3	fcvt.s.w	f19,x17	 x17:0x00000040 f19=0x42800000
     148275.000 ns	     14826	80002fc4	013a9d93	slli	x27,x21,0x13	 x21:0xaaa84e4e x27=0x72700000
     148285.000 ns	     14827	80002fc8	40ce5f33	sra	x30,x28,x12	 x28:0xaaa84e4e x12:0x00000000 x30=0xaaa84e4e
     148295.000 ns	     14828	80002fcc	00fd8133	add	x2,x27,x15	 x27:0xffffffff x15:0x00000000  x2=0x72700000
     148305.000 ns	     14829	80002fd0	00558eb3	add	x29,x11,x5	 x11:0x00000000  x5:0x80041024 x29=0x80041024
     148325.000 ns	     14831	80002fd4	a1fc1d53	flt.s	x26,f24,f31	 f24:0xda2cf0de f31:0x7f800000 x26=0x00000001
     148345.000 ns	     14833	80002fd8	009ada93	srli	x21,x21,0x9	 x21:0xaaa84e4e x21=0x00555427
     148365.000 ns	     14835	80002fdc	d0001ed3	fcvt.s.w	f29,x0	  x0:0x00000000 f29=0x00000000
     148395.000 ns	     14838	80002fe0	03e911b3	mulh	x3,x18,x30	 x18:0x00000000 x30:0xaaa84e4e  x3=0x00000000
     148415.000 ns	     14840	80002fe4	00611f33	sll	x30,x2,x6	  x2:0x72700000  x6:0xf5000000 x30=0x72700000
     148425.000 ns	     14841	80002fe8	5ff94793	xori	x15,x18,1535	 x18:0x00000000 x15=0x000005ff
     148435.000 ns	     14842	80002fec	0144fcb3	and	x25,x9,x20	  x9:0x00000000 x20:0x00000000 x25=0x00000000
     148445.000 ns	     14843	80002ff0	36690593	addi	x11,x18,870	 x18:0x00000000 x11=0x00000366
     148455.000 ns	     14844	80002ff4	01de69b3	or	x19,x28,x29	 x28:0xaaa84e4e x29:0x80041024 x19=0xaaac5e6e
     148475.000 ns	     14846	80002ff8	a0ed0dd3	fle.s	x27,f26,f14	 f26:0xcf74fff8 f14:0x3f800000 x27=0x00000001
     148505.000 ns	     14849	80002ffc	0398d433	divu	x8,x17,x25	 x17:0x00000040 x25:0x00000000  x8=0xffffffff
     148555.000 ns	     14854	80003000	08f2f653	fsub.s	f12,f5,f15	  f5:0x44efe000 f15:0x34b4a6be f12=0x44efdfff
     148575.000 ns	     14856	80003004	7c5b2093	slti	x1,x22,1989	 x22:0xaaa84e4e  x1=0x00000001
     148605.000 ns	     14859	80003008	103cf253	fmul.s	f4,f25,f3	 f25:0x00040fe4  f3:0x00000000  f4=0x00000000
     148635.000 ns	     14862	8000300c	c0090953	fcvt.w.s	x18,f18	 f18:0x7fc00000 x18=0x7fffffff
     148665.000 ns	     14865	80003010	039cd6b3	divu	x13,x25,x25	 x25:0x00000000 x25:0x00000000 x13=0xffffffff
     148695.000 ns	     14868	80003014	02904fb3	div	x31,x0,x9	  x0:0x00000000  x9:0x00000000 x31=0xffffffff
     148725.000 ns	     14871	80003018	d00777d3	fcvt.s.w	f15,x14	 x14:0x80040fe4 f15=0xcefff7e0
     148755.000 ns	     14874	8000301c	211181d3	fsgnj.s	f3,f3,f17	  f3:0x00000000 f17:0x44efe000  f3=0x00000000
     148785.000 ns	     14877	80003020	f0028653	fmv.w.x	f12,x5	  x5:0x80041024 f12=0x80041024
     148815.000 ns	     14880	80003024	29f78f53	fmin.s	f30,f15,f31	 f15:0xcefff7e0 f31:0x7f800000 f30=0xcefff7e0
     148835.000 ns	     14882	80003028	01987ab3	and	x21,x16,x25	 x16:0xfffffdc3 x25:0x00000000 x21=0x00000000
     148845.000 ns	     14883	8000302c	0008de93	srli	x29,x17,0x0	 x17:0x00000040 x29=0x00000040
     148885.000 ns	     14887	80003030	00fb3253	fadd.s	f4,f22,f15	 f22:0xcf750000 f15:0xcefff7e0  f4=0xcfba7df8
     148925.000 ns	     14891	80003034	183133d3	fdiv.s	f7,f2,f3	  f2:0x3f800000  f3:0x00000000  f7=0x7f800000
     148945.000 ns	     14893	80003038	006faab3	slt	x21,x31,x6	 x31:0xffffffff  x6:0xf5000000 x21=0x00000000
     148955.000 ns	     14894	8000303c	00015e93	srli	x29,x2,0x0	  x2:0x72700000 x29=0x72700000
     148965.000 ns	     14895	80003040	fb543213	sltiu	x4,x8,-75	  x8:0xffffffff  x4=0x00000000
     148975.000 ns	     14896	80003044	01d05233	srl	x4,x0,x29	  x0:0x00000000 x29:0x00000040  x4=0x00000000
     148985.000 ns	     14897	80003048	77dd8db7	lui	x27,0x77dd8	 x27=0x77dd8000
     148995.000 ns	     14898	8000304c	41c35c33	sra	x24,x6,x28	  x6:0xf5000000 x28:0xaaa84e4e x24=0xffffd400
     149015.000 ns	     14900	80003050	a19a9ed3	flt.s	x29,f21,f25	 f21:0x00000000 f25:0x00040fe4 x29=0x00000001
     149035.000 ns	     14902	80003054	406f57b3	sra	x15,x30,x6	 x30:0x72700000  x6:0xf5000000 x15=0x72700000
     149045.000 ns	     14903	80003058	41f05a13	srai	x20,x0,0x1f	  x0:0x00000000 x20=0x00000000
     149065.000 ns	     14905	8000305c	20329fd3	fsgnjn.s	f31,f5,f3	  f5:0x44efe000  f3:0x00000000 f31=0xc4efe000
     149095.000 ns	     14908	80003060	f00d8753	fmv.w.x	f14,x27	 x27:0x77dd8000 f14=0x77dd8000
     149465.000 ns	     14945	80003064	03d55233	divu	x4,x10,x29	 x10:0xaaa84e4e x29:0x00000001  x4=0xaaa84e4e
     149485.000 ns	     14947	80003068	da66bb93	sltiu	x23,x13,-602	 x13:0xffffffff x23=0x00000000
     149495.000 ns	     14948	8000306c	cd48e493	ori	x9,x17,-812	 x17:0x00000040  x9=0xfffffcd4
     149505.000 ns	     14949	80003070	41b88eb3	sub	x29,x17,x27	 x17:0x00000040 x27:0x77dd8000 x29=0x88228040
     149525.000 ns	     14951	80003074	02e83e33	mulhu	x28,x16,x14	 x16:0xfffffdc3 x14:0x80040fe4 x28=0x80040ec5
     149895.000 ns	     14988	80003078	03a45db3	divu	x27,x8,x26	  x8:0xffffffff x26:0x00000001 x27=0xffffffff
     149925.000 ns	     14991	8000307c	20ae1f53	fsgnjn.s	f30,f28,f10	 f28:0xcf74fff8 f10:0x00000000 f30=0xcf74fff8
     149955.000 ns	     14994	80003080	f00a8353	fmv.w.x	f6,x21	 x21:0x00000000  f6=0x00000000
     149985.000 ns	     14997	80003084	20e12ad3	fsgnjx.s	f21,f2,f14	  f2:0x3f800000 f14:0x77dd8000 f21=0x3f800000
     150005.000 ns	     14999	80003088	01509193	slli	x3,x1,0x15	  x1:0x00000001  x3=0x00200000
     150025.000 ns	     15001	8000308c	e00b1f53	fclass.s	x30,f22	 f22:0xcf750000 x30=0x00000002
     150055.000 ns	     15004	80003090	f00b09d3	fmv.w.x	f19,x22	 x22:0xaaa84e4e f19=0xaaa84e4e
     150085.000 ns	     15007	80003094	c01b1853	fcvt.wu.s	x16,f22	 f22:0xcf750000 x16=0xf5000000
     150105.000 ns	     15009	80003098	0177dd33	srl	x26,x15,x23	 x15:0x72700000 x23:0x00000000 x26=0x72700000
     150125.000 ns	     15011	8000309c	024d8a33	mul	x20,x27,x4	 x27:0xffffffff  x4:0xaaa84e4e x20=0x5557b1b2
     150155.000 ns	     15014	800030a0	28d61353	fmax.s	f6,f12,f13	 f12:0x80041024 f13:0x00040fe4  f6=0x00040fe4
     150185.000 ns	     15017	800030a4	280e9c53	fmax.s	f24,f29,f0	 f29:0x00000000  f0:0x34b4a6be f24=0x34b4a6be
     150215.000 ns	     15020	800030a8	29c19653	fmax.s	f12,f3,f28	  f3:0x00000000 f28:0xcf74fff8 f12=0x00000000
     150245.000 ns	     15023	800030ac	21590053	fsgnj.s	f0,f18,f21	 f18:0x7fc00000 f21:0x3f800000  f0=0x7fc00000
     150265.000 ns	     15025	800030b0	01ce3d33	sltu	x26,x28,x28	 x28:0x80040ec5 x28:0x80040ec5 x26=0x00000000
     150275.000 ns	     15026	800030b4	003e1793	slli	x15,x28,0x3	 x28:0x80040ec5 x15=0x00207628
     150635.000 ns	     15062	800030b8	03d8e233	rem	x4,x17,x29	 x17:0x00000040 x29:0x88228040  x4=0x00000040
     150655.000 ns	     15064	800030bc	18ce2313	slti	x6,x28,396	 x28:0x80040ec5  x6=0x00000001
     150665.000 ns	     15065	800030c0	01dc9613	slli	x12,x25,0x1d	 x25:0x00000000 x12=0x00000000
     150675.000 ns	     15066	800030c4	40add3b3	sra	x7,x27,x10	 x27:0xffffffff x10:0xaaa84e4e  x7=0xffffffff
     150685.000 ns	     15067	800030c8	008c1093	slli	x1,x24,0x8	 x24:0xffffd400  x1=0xffd40000
     150705.000 ns	     15069	800030cc	a06ea1d3	feq.s	x3,f29,f6	 f29:0x00000000  f6:0x00040fe4  x3=0x00000000
     150725.000 ns	     15071	800030d0	006fdf13	srli	x30,x31,0x6	 x31:0xffffffff x30=0x03ffffff
     150735.000 ns	     15072	800030d4	184bd9b7	lui	x19,0x184bd	 x19=0x184bd000
     150775.000 ns	     15076	800030d8	00f17dd3	fadd.s	f27,f2,f15	  f2:0x3f800000 f15:0xcefff7e0 f27=0xcefff7df
     150795.000 ns	     15078	800030dc	010e9793	slli	x15,x29,0x10	 x29:0x88228040 x15=0x80400000
     151155.000 ns	     15114	800030e0	03e95cb3	divu	x25,x18,x30	 x18:0x7fffffff x30:0x03ffffff x25=0x00000020
     151175.000 ns	     15116	800030e4	7e16ae13	slti	x28,x13,2017	 x13:0xffffffff x28=0x00000001
     151185.000 ns	     15117	800030e8	06193ab7	lui	x21,0x6193	 x21=0x06193000
     151545.000 ns	     15153	800030ec	036f7e33	remu	x28,x30,x22	 x30:0x03ffffff x22:0xaaa84e4e x28=0x03ffffff
     151575.000 ns	     15156	800030f0	030c13b3	mulh	x7,x24,x16	 x24:0xffffd400 x16:0xf5000000  x7=0x000001e4
     151595.000 ns	     15158	800030f4	00bf1d33	sll	x26,x30,x11	 x30:0x03ffffff x11:0x00000366 x26=0xffffffc0
     151605.000 ns	     15159	800030f8	5f618797	auipc	x15,0x5f618	 x15=0xdf61b0f8
     151615.000 ns	     15160	800030fc	00c56d33	or	x26,x10,x12	 x10:0xaaa84e4e x12:0x00000000 x26=0xaaa84e4e
     151635.000 ns	     15162	80003100	d0157c53	fcvt.s.wu	f24,x10	 x10:0xaaa84e4e f24=0x4f2aa84e
     151655.000 ns	     15164	80003104	4b968f13	addi	x30,x13,1209	 x13:0xffffffff x30=0x000004b8
     152015.000 ns	     15200	80003108	0347fd33	remu	x26,x15,x20	 x15:0xdf61b0f8 x20:0x5557b1b2 x26=0x34b24d94
     152045.000 ns	     15203	8000310c	a0baa9d3	feq.s	x19,f21,f11	 f21:0x3f800000 f11:0xde6b9b33 x19=0x00000000
     152065.000 ns	     15205	80003110	01b58db3	add	x27,x11,x27	 x11:0x00000366 x27:0xffffffff x27=0x00000365
     152075.000 ns	     15206	80003114	c25aa313	slti	x6,x21,-987	 x21:0x06193000  x6=0x00000000
     152095.000 ns	     15208	80003118	d000f5d3	fcvt.s.w	f11,x1	  x1:0xffd40000 f11=0xca300000
     152125.000 ns	     15211	8000311c	d00cf6d3	fcvt.s.w	f13,x25	 x25:0x00000020 f13=0x42000000
     152495.000 ns	     15248	80003120	032ccc33	div	x24,x25,x18	 x25:0x00000020 x18:0x7fffffff x24=0x00000000
     152525.000 ns	     15251	80003124	20b8ad53	fsgnjx.s	f26,f17,f11	 f17:0x44efe000 f11:0xca300000 f26=0xc4efe000
     152545.000 ns	     15253	80003128	415f0ab3	sub	x21,x30,x21	 x30:0x000004b8 x21:0x06193000 x21=0xf9e6d4b8
     152555.000 ns	     15254	8000312c	eb740693	addi	x13,x8,-329	  x8:0xffffffff x13=0xfffffeb6
     152565.000 ns	     15255	80003130	0cc1e813	ori	x16,x3,204	  x3:0x00000000 x16=0x000000cc
     152605.000 ns	     15259	80003134	089a77d3	fsub.s	f15,f20,f9	 f20:0x7fc00000  f9:0xcefff7df f15=0x7fc00000
     152625.000 ns	     15261	80003138	0044a5b3	slt	x11,x9,x4	  x9:0xfffffcd4  x4:0x00000040 x11=0x00000001
     152635.000 ns	     15262	8000313c	4aef0493	addi	x9,x30,1198	 x30:0x000004b8  x9=0x00000966
     152655.000 ns	     15264	80003140	295913d3	fmax.s	f7,f18,f21	 f18:0x7fc00000 f21:0x3f800000  f7=0x3f800000
     152685.000 ns	     15267	80003144	e0031bd3	fclass.s	x23,f6	  f6:0x00040fe4 x23=0x00000020
     152735.000 ns	     15272	80003148	01ab79d3	fadd.s	f19,f22,f26	 f22:0xcf750000 f26:0xc4efe000 f19=0xcf750007
     153105.000 ns	     15309	8000314c	0221e1b3	rem	x3,x3,x2	  x3:0x00000000  x2:0x72700000  x3=0x00000000
     153125.000 ns	     15311	80003150	008bccb3	xor	x25,x23,x8	 x23:0x00000020  x8:0xffffffff x25=0xffffffdf
     153135.000 ns	     15312	80003154	006c5613	srli	x12,x24,0x6	 x24:0x00000000 x12=0x00000000
     153155.000 ns	     15314	80003158	20f3af53	fsgnjx.s	f30,f7,f15	  f7:0x3f800000 f15:0x7fc00000 f30=0x3f800000
     153175.000 ns	     15316	8000315c	00e43933	sltu	x18,x8,x14	  x8:0xffffffff x14:0x80040fe4 x18=0x00000000
     153185.000 ns	     15317	80003160	7ae8ef97	auipc	x31,0x7ae8e	 x31=0xfae91160
     153205.000 ns	     15319	80003164	c00245d3	fcvt.w.s	x11,f4	  f4:0xcfba7df8 x11=0x80000000
     153225.000 ns	     15321	80003168	1f138a93	addi	x21,x7,497	  x7:0x000001e4 x21=0x000003d5
     153245.000 ns	     15323	8000316c	03d39e33	mulh	x28,x7,x29	  x7:0x000001e4 x29:0x88228040 x28=0xffffff1d
     153615.000 ns	     15360	80003170	0241f1b3	remu	x3,x3,x4	  x3:0x00000000  x4:0x00000040  x3=0x00000000
     153665.000 ns	     15365	80003174	08170853	fsub.s	f16,f14,f1	 f14:0x77dd8000  f1:0x7f800000 f16=0xff800000
     153695.000 ns	     15368	80003178	c018f0d3	fcvt.wu.s	x1,f17	 f17:0x44efe000  x1=0x0000077f
     153715.000 ns	     15370	8000317c	01de1bb3	sll	x23,x28,x29	 x28:0xffffff1d x29:0x88228040 x23=0xffffff1d
     153735.000 ns	     15372	80003180	c00d7253	fcvt.w.s	x4,f26	 f26:0xc4efe000  x4=0x0000077f
     153785.000 ns	     15377	80003184	09a503d3	fsub.s	f7,f10,f26	 f10:0x00000000 f26:0xc4efe000  f7=0x44efe000
     153815.000 ns	     15380	80003188	02bb33b3	mulhu	x7,x22,x11	 x22:0xaaa84e4e x11:0x80000000  x7=0x55542727
     153835.000 ns	     15382	8000318c	00000013	addi	x0,x0,0	  x0:0x00000000
     153845.000 ns	     15383	80003190	9adde913	ori	x18,x27,-1619	 x27:0x00000365 x18=0xfffffbed
     153865.000 ns	     15385	80003194	a1e82253	feq.s	x4,f16,f30	 f16:0xff800000 f30:0x3f800000  x4=0x00000000
     153885.000 ns	     15387	80003198	409e0233	sub	x4,x28,x9	 x28:0xffffff1d  x9:0x00000966  x4=0xfffff5b7
     153905.000 ns	     15389	8000319c	e00214d3	fclass.s	x9,f4	  f4:0xcfba7df8  x9=0x00000002
     153925.000 ns	     15391	800031a0	01c91233	sll	x4,x18,x28	 x18:0xfffffbed x28:0xffffff1d  x4=0xa0000000
     153935.000 ns	     15392	800031a4	f6a70d13	addi	x26,x14,-150	 x14:0x80040fe4 x26=0x80040f4e
     153955.000 ns	     15394	800031a8	02599db3	mulh	x27,x19,x5	 x19:0x00000000  x5:0x80041024 x27=0x00000000
     153985.000 ns	     15397	800031ac	e00c81d3	fmv.x.w	x3,f25	 f25:0x00040fe4  x3=0x00040fe4
     154015.000 ns	     15400	800031b0	a02c8bd3	fle.s	x23,f25,f2	 f25:0x00040fe4  f2:0x3f800000 x23=0x00000001
     154035.000 ns	     15402	800031b4	415a0f33	sub	x30,x20,x21	 x20:0x5557b1b2 x21:0x000003d5 x30=0x5557addd
     154055.000 ns	     15404	800031b8	21141153	fsgnjn.s	f2,f8,f17	  f8:0xde6b9b33 f17:0x44efe000  f2=0xde6b9b33
     154395.000 ns	     15438	800031bc	19547253	fdiv.s	f4,f8,f21	  f8:0xde6b9b33 f21:0x3f800000  f4=0xde6b9a7b
     154425.000 ns	     15441	800031c0	c017a353	fcvt.wu.s	x6,f15	 f15:0x7fc00000  x6=0xffffffff
     154445.000 ns	     15443	800031c4	ba018a93	addi	x21,x3,-1120	  x3:0x00040fe4 x21=0x00040b84
     154465.000 ns	     15445	800031c8	d00a70d3	fcvt.s.w	f1,x20	 x20:0x5557b1b2  f1=0x4eaaaf63
     154495.000 ns	     15448	800031cc	030900b3	mul	x1,x18,x16	 x18:0xfffffbed x16:0x000000cc  x1=0xfffcc0dc
     154515.000 ns	     15450	800031d0	0149adb3	slt	x27,x19,x20	 x19:0x00000000 x20:0x5557b1b2 x27=0x00000001
     154525.000 ns	     15451	800031d4	00237533	and	x10,x6,x2	  x6:0xffffffff  x2:0x72700000 x10=0x72700000
     154535.000 ns	     15452	800031d8	40300033	sub	x0,x0,x3	  x0:0x00000000  x3:0x00040fe4
     154545.000 ns	     15453	800031dc	408050b3	sra	x1,x0,x8	  x0:0x00000000  x8:0xffffffff  x1=0x00000000
     154565.000 ns	     15455	800031e0	036bbcb3	mulhu	x25,x23,x22	 x23:0x00000001 x22:0xaaa84e4e x25=0x00000000
     154595.000 ns	     15458	800031e4	02a187b3	mul	x15,x3,x10	  x3:0x00040fe4 x10:0x72700000 x15=0x7bc00000
     154615.000 ns	     15460	800031e8	00ef6233	or	x4,x30,x14	 x30:0x5557addd x14:0x80040fe4  x4=0xd557affd
     154625.000 ns	     15461	800031ec	01715d93	srli	x27,x2,0x17	  x2:0x72700000 x27=0x000000e4
     154645.000 ns	     15463	800031f0	e0021353	fclass.s	x6,f4	  f4:0xde6b9a7b  x6=0x00000002
     154675.000 ns	     15466	800031f4	d0187e53	fcvt.s.wu	f28,x16	 x16:0x000000cc f28=0x434c0000
     154695.000 ns	     15468	800031f8	7816f213	andi	x4,x13,1921	 x13:0xfffffeb6  x4=0x00000680
     154715.000 ns	     15470	800031fc	02a424b3	mulhsu	x9,x8,x10	  x8:0xffffffff x10:0x72700000  x9=0xffffffff
     154735.000 ns	     15472	80003200	01170133	add	x2,x14,x17	 x14:0x80040fe4 x17:0x00000040  x2=0x80041024
     154745.000 ns	     15473	80003204	6785e593	ori	x11,x11,1656	 x11:0x80000000 x11=0x80000678
     154765.000 ns	     15475	80003208	f0058c53	fmv.w.x	f24,x11	 x11:0x80000000 f24=0x80000678
     154785.000 ns	     15477	8000320c	0153be33	sltu	x28,x7,x21	  x7:0x55542727 x21:0x00040b84 x28=0x00000000
     154825.000 ns	     15481	80003210	00eefa53	fadd.s	f20,f29,f14	 f29:0x00000000 f14:0x77dd8000 f20=0x77dd8000
     154845.000 ns	     15483	80003214	e8426693	ori	x13,x4,-380	  x4:0x00000680 x13=0xfffffe84
     154865.000 ns	     15485	80003218	d017f5d3	fcvt.s.wu	f11,x15	 x15:0x7bc00000 f11=0x4ef78000
     154885.000 ns	     15487	8000321c	41e95c93	srai	x25,x18,0x1e	 x18:0xfffffbed x25=0xffffffff
     154905.000 ns	     15489	80003220	020cb5b3	mulhu	x11,x25,x0	 x25:0x00000000  x0:0x00000000 x11=0x00000000
     154925.000 ns	     15491	80003224	04ea99b7	lui	x19,0x4ea9	 x19=0x04ea9000
     154945.000 ns	     15493	80003228	c00176d3	fcvt.w.s	x13,f2	  f2:0xde6b9b33 x13=0x80000000
     154965.000 ns	     15495	8000322c	40ab5413	srai	x8,x22,0xa	 x22:0xaaa84e4e  x8=0xffeaaa13
     155005.000 ns	     15499	80003230	00c2b253	fadd.s	f4,f5,f12	  f5:0x44efe000 f12:0x00000000  f4=0x44efe000
     155025.000 ns	     15501	80003234	f27d8793	addi	x15,x27,-217	 x27:0x000000e4 x15=0x0000000b
     155045.000 ns	     15503	80003238	284e03d3	fmin.s	f7,f28,f4	 f28:0x434c0000  f4:0x44efe000  f7=0x434c0000
     155075.000 ns	     15506	8000323c	f00a8753	fmv.w.x	f14,x21	 x21:0x00040b84 f14=0x00040b84
     155105.000 ns	     15509	80003240	d0043553	fcvt.s.w	f10,x8	  x8:0xffeaaa13 f10=0xc9aaaf68
     155135.000 ns	     15512	80003244	02194233	div	x4,x18,x1	 x18:0xfffffbed  x1:0x00000000  x4=0xffffffff
     155165.000 ns	     15515	80003248	21da96d3	fsgnjn.s	f13,f21,f29	 f21:0x3f800000 f29:0x00000000 f13=0xbf800000
     155185.000 ns	     15517	8000324c	41b1d393	srai	x7,x3,0x1b	  x3:0x00040fe4  x7=0x00000000
     155205.000 ns	     15519	80003250	a01708d3	fle.s	x17,f14,f1	 f14:0x00040b84  f1:0x4eaaaf63 x17=0x00000001
     155235.000 ns	     15522	80003254	a1741053	flt.s	x0,f8,f23	  f8:0xde6b9b33 f23:0x00000000
     156415.000 ns	     15640	80003258	5805f553	fsqrt.s	f10,f11	 f11:0x4ef78000 f10=0x4731fd0a
     156445.000 ns	     15643	8000325c	a174a953	feq.s	x18,f9,f23	  f9:0xcefff7df f23:0x00000000 x18=0x00000000
     156495.000 ns	     15648	80003260	08ca2e53	fsub.s	f28,f20,f12	 f20:0x77dd8000 f12:0x00000000 f28=0x77dd8000
     156535.000 ns	     15652	80003264	11767253	fmul.s	f4,f12,f23	 f12:0x00000000 f23:0x00000000  f4=0x00000000
     156555.000 ns	     15654	80003268	6648e913	ori	x18,x17,1636	 x17:0x00000001 x18=0x00000665
     156565.000 ns	     15655	8000326c	3ca7c393	xori	x7,x15,970	 x15:0x0000000b  x7=0x000003c1
     156585.000 ns	     15657	80003270	e00091d3	fclass.s	x3,f1	  f1:0x4eaaaf63  x3=0x00000040
     156605.000 ns	     15659	80003274	00534cb3	xor	x25,x6,x5	  x6:0x00000002  x5:0x80041024 x25=0x80041026
     156625.000 ns	     15661	80003278	f0028553	fmv.w.x	f10,x5	  x5:0x80041024 f10=0x80041024
     156665.000 ns	     15665	8000327c	11888d53	fmul.s	f26,f17,f24	 f17:0x44efe000 f24:0x80000678 f26=0x80307d89
     156685.000 ns	     15667	80003280	fb530db7	lui	x27,0xfb530	 x27=0xfb530000
     156695.000 ns	     15668	80003284	005f56b3	srl	x13,x30,x5	 x30:0x5557addd  x5:0x80041024 x13=0x05557add
     156705.000 ns	     15669	80003288	01be1513	slli	x10,x28,0x1b	 x28:0x00000000 x10=0x00000000
     156725.000 ns	     15671	8000328c	039f0333	mul	x6,x30,x25	 x30:0x5557addd x25:0x80041026  x6=0x5d559ece
     156755.000 ns	     15674	80003290	294d07d3	fmin.s	f15,f26,f20	 f26:0x80307d89 f20:0x77dd8000 f15=0x80307d89
     156775.000 ns	     15676	80003294	eef7ce93	xori	x29,x15,-273	 x15:0x0000000b x29=0xfffffee4
     156805.000 ns	     15679	80003298	1115b253	fmul.s	f4,f11,f17	 f11:0x4ef78000 f17:0x44efe000  f4=0x5467e910
     156835.000 ns	     15682	8000329c	21afa8d3	fsgnjx.s	f17,f31,f26	 f31:0xc4efe000 f26:0x80307d89 f17=0x44efe000
     156865.000 ns	     15685	800032a0	a1cdafd3	feq.s	x31,f27,f28	 f27:0xcefff7df f28:0x77dd8000 x31=0x00000000
     156885.000 ns	     15687	800032a4	01d4d613	srli	x12,x9,0x1d	  x9:0xffffffff x12=0x00000007
     156895.000 ns	     15688	800032a8	774e6137	lui	x2,0x774e6	  x2=0x774e6000
     156915.000 ns	     15690	800032ac	206ea153	fsgnjx.s	f2,f29,f6	 f29:0x00000000  f6:0x00040fe4  f2=0x00000000
     157285.000 ns	     15727	800032b0	03386433	rem	x8,x16,x19	 x16:0x000000cc x19:0x04ea9000  x8=0x000000cc
     157315.000 ns	     15730	800032b4	211511d3	fsgnjn.s	f3,f10,f17	 f10:0x80041024 f17:0x44efe000  f3=0x80041024
     157335.000 ns	     15732	800032b8	00cfd513	srli	x10,x31,0xc	 x31:0x00000000 x10=0x00000000
     157355.000 ns	     15734	800032bc	e0069a53	fclass.s	x20,f13	 f13:0xbf800000 x20=0x00000002
     157375.000 ns	     15736	800032c0	011f7933	and	x18,x30,x17	 x30:0x5557addd x17:0x00000001 x18=0x00000001
     157385.000 ns	     15737	800032c4	00110a33	add	x20,x2,x1	  x2:0x774e6000  x1:0x00000000 x20=0x774e6000
     157395.000 ns	     15738	800032c8	37dd8193	addi	x3,x27,893	 x27:0xfb530000  x3=0xfb53037d
     157415.000 ns	     15740	800032cc	e00f97d3	fclass.s	x15,f31	 f31:0xc4efe000 x15=0x00000002
     157465.000 ns	     15745	800032d0	00e871d3	fadd.s	f3,f16,f14	 f16:0xff800000 f14:0x00040b84  f3=0xff800000
     157835.000 ns	     15782	800032d4	03de43b3	div	x7,x28,x29	 x28:0x00000000 x29:0xfffffee4  x7=0x00000000
     157855.000 ns	     15784	800032d8	01ca9a13	slli	x20,x21,0x1c	 x21:0x00040b84 x20=0x40000000
     157865.000 ns	     15785	800032dc	8dc7ca13	xori	x20,x15,-1828	 x15:0x00000002 x20=0xfffff8de
     157875.000 ns	     15786	800032e0	e58aa793	slti	x15,x21,-424	 x21:0x00040b84 x15=0x00000000
     157885.000 ns	     15787	800032e4	00c06933	or	x18,x0,x12	  x0:0x00000000 x12:0x00000007 x18=0x00000007
     157895.000 ns	     15788	800032e8	71454993	xori	x19,x10,1812	 x10:0x00000000 x19=0x00000714
     157915.000 ns	     15790	800032ec	28de1d53	fmax.s	f26,f28,f13	 f28:0x77dd8000 f13:0xbf800000 f26=0x77dd8000
     157945.000 ns	     15793	800032f0	033c1433	mulh	x8,x24,x19	 x24:0x00000000 x19:0x04ea9000  x8=0x00000000
     157975.000 ns	     15796	800032f4	c00300d3	fcvt.w.s	x1,f6	  f6:0x00040fe4  x1=0x00000000
     157995.000 ns	     15798	800032f8	000760b3	or	x1,x14,x0	 x14:0x80040fe4  x0:0x00000000  x1=0x80040fe4
     158015.000 ns	     15800	800032fc	21908dd3	fsgnj.s	f27,f1,f25	  f1:0x4eaaaf63 f25:0x00040fe4 f27=0x4eaaaf63
     158035.000 ns	     15802	80003300	00000013	addi	x0,x0,0	  x0:0x00000000
     158045.000 ns	     15803	80003304	3718a937	lui	x18,0x3718a	 x18=0x3718a000
     158065.000 ns	     15805	80003308	20e1aad3	fsgnjx.s	f21,f3,f14	  f3:0xff800000 f14:0x00040b84 f21=0xff800000
     159245.000 ns	     15923	8000330c	58020a53	fsqrt.s	f20,f4	  f4:0x5467e910 f20=0x49a3fc41
     159265.000 ns	     15925	80003310	01974233	xor	x4,x14,x25	 x14:0x80040fe4 x25:0x80041026  x4=0x00001fc2
     159275.000 ns	     15926	80003314	018ba633	slt	x12,x23,x24	 x23:0x00000001 x24:0x00000000 x12=0x00000000
     159295.000 ns	     15928	80003318	03c954b3	divu	x9,x18,x28	 x18:0x3718a000 x28:0x00000000  x9=0xffffffff
     159315.000 ns	     15930	8000331c	3b427c93	andi	x25,x4,948	  x4:0x00001fc2 x25=0x00000380
     159335.000 ns	     15932	80003320	a08b8853	fle.s	x16,f23,f8	 f23:0x00000000  f8:0xde6b9b33 x16=0x00000000
     159355.000 ns	     15934	80003324	01dfa233	slt	x4,x31,x29	 x31:0x00000000 x29:0xfffffee4  x4=0x00000000
     159375.000 ns	     15936	80003328	d009ba53	fcvt.s.w	f20,x19	 x19:0x00000714 f20=0x44e28000
     159405.000 ns	     15939	8000332c	c00b1a53	fcvt.w.s	x20,f22	 f22:0xcf750000 x20=0x80000000
     159425.000 ns	     15941	80003330	0169d5b3	srl	x11,x19,x22	 x19:0x00000714 x22:0xaaa84e4e x11=0x00000000
     159435.000 ns	     15942	80003334	0044e233	or	x4,x9,x4	  x9:0xffffffff  x4:0x00000000  x4=0xffffffff
     159465.000 ns	     15945	80003338	58019653	fsqrt.s	f12,f3	  f3:0xff800000 f12=0x7fc00000
     159495.000 ns	     15948	8000333c	a0cf9fd3	flt.s	x31,f31,f12	 f31:0xc4efe000 f12:0x00000000 x31=0x00000000
     159515.000 ns	     15950	80003340	34982c13	slti	x24,x16,841	 x16:0x00000000 x24=0x00000001
     159525.000 ns	     15951	80003344	007c9e93	slli	x29,x25,0x7	 x25:0x00000380 x29=0x0001c000
     159545.000 ns	     15953	80003348	288c8053	fmin.s	f0,f25,f8	 f25:0x00040fe4  f8:0xde6b9b33  f0=0xde6b9b33
     159565.000 ns	     15955	8000334c	01aa93b3	sll	x7,x21,x26	 x21:0x00040b84 x26:0x80040f4e  x7=0x02e10000
     159575.000 ns	     15956	80003350	409f87b3	sub	x15,x31,x9	 x31:0x00000000  x9:0xffffffff x15=0x00000001
     159605.000 ns	     15959	80003354	11ecf453	fmul.s	f8,f25,f30	 f25:0x00040fe4 f30:0x3f800000  f8=0x00040fe4
     159635.000 ns	     15962	80003358	d01d7053	fcvt.s.wu	f0,x26	 x26:0x80040f4e  f0=0x4f00040f
     160005.000 ns	     15999	8000335c	037f6333	rem	x6,x30,x23	 x30:0x5557addd x23:0x00000001  x6=0x00000000
     160025.000 ns	     16001	80003360	01380f33	add	x30,x16,x19	 x16:0x00000000 x19:0x00000714 x30=0x00000714
     160045.000 ns	     16003	80003364	03128d33	mul	x26,x5,x17	  x5:0x80041024 x17:0x00000001 x26=0x80041024
     160415.000 ns	     16040	80003368	0229c7b3	div	x15,x19,x2	 x19:0x00000714  x2:0x774e6000 x15=0x00000000
     160445.000 ns	     16043	8000336c	287e1953	fmax.s	f18,f28,f7	 f28:0x77dd8000  f7:0x434c0000 f18=0x77dd8000
     160475.000 ns	     16046	80003370	a0f724d3	feq.s	x9,f14,f15	 f14:0x00040b84 f15:0x80307d89  x9=0x00000000
     160505.000 ns	     16049	80003374	e00b10d3	fclass.s	x1,f22	 f22:0xcf750000  x1=0x00000002
     160535.000 ns	     16052	80003378	29ab8853	fmin.s	f16,f23,f26	 f23:0x00000000 f26:0x77dd8000 f16=0x00000000
     160555.000 ns	     16054	8000337c	00de5913	srli	x18,x28,0xd	 x28:0x00000000 x18=0x00000000
     160565.000 ns	     16055	80003380	7a74a997	auipc	x19,0x7a74a	 x19=0xfa74d380
     160575.000 ns	     16056	80003384	00442f33	slt	x30,x8,x4	  x8:0x00000000  x4:0xffffffff x30=0x00000000
     160595.000 ns	     16058	80003388	02f335b3	mulhu	x11,x6,x15	  x6:0x00000000 x15:0x00000000 x11=0x00000000
     160625.000 ns	     16061	8000338c	c00afe53	fcvt.w.s	x28,f21	 f21:0xff800000 x28=0x80000000
     160655.000 ns	     16064	80003390	21619653	fsgnjn.s	f12,f3,f22	  f3:0xff800000 f22:0xcf750000 f12=0x7f800000
     160675.000 ns	     16066	80003394	0165a3b3	slt	x7,x11,x22	 x11:0x00000000 x22:0xaaa84e4e  x7=0x00000000
     160695.000 ns	     16068	80003398	a0ce95d3	flt.s	x11,f29,f12	 f29:0x00000000 f12:0x7f800000 x11=0x00000001
     160725.000 ns	     16071	8000339c	c0097653	fcvt.w.s	x12,f18	 f18:0x77dd8000 x12=0x7fffffff
     160765.000 ns	     16075	800033a0	10517e53	fmul.s	f28,f2,f5	  f2:0x00000000  f5:0x44efe000 f28=0x00000000
     160795.000 ns	     16078	800033a4	f0090353	fmv.w.x	f6,x18	 x18:0x00000000  f6=0x00000000
     160825.000 ns	     16081	800033a8	a106a053	feq.s	x0,f13,f16	 f13:0xbf800000 f16:0x00000000
     160855.000 ns	     16084	800033ac	c00bfa53	fcvt.w.s	x20,f23	 f23:0x00000000 x20=0x00000000
     160885.000 ns	     16087	800033b0	a1131a53	flt.s	x20,f6,f17	  f6:0x00000000 f17:0x44efe000 x20=0x00000001
     160915.000 ns	     16090	800033b4	d00fc353	fcvt.s.w	f6,x31	 x31:0x00000000  f6=0x00000000
     160935.000 ns	     16092	800033b8	b1b4af13	slti	x30,x9,-1253	  x9:0x00000000 x30=0x00000000
     160955.000 ns	     16094	800033bc	02637f33	remu	x30,x6,x6	  x6:0x00000000  x6:0x00000000 x30=0x00000000
     160985.000 ns	     16097	800033c0	20d1a4d3	fsgnjx.s	f9,f3,f13	  f3:0xff800000 f13:0xbf800000  f9=0x7f800000
     161005.000 ns	     16099	800033c4	004a58b3	srl	x17,x20,x4	 x20:0x00000001  x4:0xffffffff x17=0x00000000
     161015.000 ns	     16100	800033c8	409e5833	sra	x16,x28,x9	 x28:0x80000000  x9:0x00000000 x16=0x80000000
     161375.000 ns	     16136	800033cc	0387d0b3	divu	x1,x15,x24	 x15:0x00000000 x24:0x00000001  x1=0x00000000
     161405.000 ns	     16139	800033d0	03ca9a33	mulh	x20,x21,x28	 x21:0x00040b84 x28:0x80000000 x20=0xfffdfa3e
     161435.000 ns	     16142	800033d4	21900c53	fsgnj.s	f24,f0,f25	  f0:0x4f00040f f25:0x00040fe4 f24=0x4f00040f
     161465.000 ns	     16145	800033d8	022a3633	mulhu	x12,x20,x2	 x20:0xfffdfa3e  x2:0x774e6000 x12=0x774d6eb4
     161485.000 ns	     16147	800033dc	01bbe633	or	x12,x23,x27	 x23:0x00000001 x27:0xfb530000 x12=0xfb530001
     161495.000 ns	     16148	800033e0	00f4fcb3	and	x25,x9,x15	  x9:0x00000000 x15:0x00000000 x25=0x00000000
     161505.000 ns	     16149	800033e4	40b4de13	srai	x28,x9,0xb	  x9:0x00000000 x28=0x00000000
     161515.000 ns	     16150	800033e8	00148bb3	add	x23,x9,x1	  x9:0x00000000  x1:0x00000000 x23=0x00000000
     161535.000 ns	     16152	800033ec	03faf333	remu	x6,x21,x31	 x21:0x00040b84 x31:0x00000000  x6=0x00040b84
     161585.000 ns	     16157	800033f0	089e1cd3	fsub.s	f25,f28,f9	 f28:0x00000000  f9:0x7f800000 f25=0xff800000
     161605.000 ns	     16159	800033f4	a44b7e13	andi	x28,x22,-1468	 x22:0xaaa84e4e x28=0xaaa84a44
     161625.000 ns	     16161	800033f8	a1719d53	flt.s	x26,f3,f23	  f3:0xff800000 f23:0x00000000 x26=0x00000001
     161645.000 ns	     16163	800033fc	00e81e93	slli	x29,x16,0xe	 x16:0x80000000 x29=0x00000000
     161665.000 ns	     16165	80003400	02abbf33	mulhu	x30,x23,x10	 x23:0x00000000 x10:0x00000000 x30=0x00000000
     161695.000 ns	     16168	80003404	0377fab3	remu	x21,x15,x23	 x15:0x00000000 x23:0x00000000 x21=0x00000000
     161715.000 ns	     16170	80003408	00559ab3	sll	x21,x11,x5	 x11:0x00000001  x5:0x80041024 x21=0x00000010
     161725.000 ns	     16171	8000340c	01d815b3	sll	x11,x16,x29	 x16:0x80000000 x29:0x00000000 x11=0x80000000
     161735.000 ns	     16172	80003410	009573b3	and	x7,x10,x9	 x10:0x00000000  x9:0x00000000  x7=0x00000000
     161775.000 ns	     16176	80003414	096ff9d3	fsub.s	f19,f31,f22	 f31:0xc4efe000 f22:0xcf750000 f19=0x4f74fff8
     162145.000 ns	     16213	80003418	02225533	divu	x10,x4,x2	  x4:0xffffffff  x2:0x774e6000 x10=0x00000002
     162165.000 ns	     16215	8000341c	012d26b3	slt	x13,x26,x18	 x26:0x00000001 x18:0x00000000 x13=0x00000000
     162185.000 ns	     16217	80003420	030608b3	mul	x17,x12,x16	 x12:0xfb530001 x16:0x80000000 x17=0x80000000
     162215.000 ns	     16220	80003424	03977533	remu	x10,x14,x25	 x14:0x80040fe4 x25:0x00000000 x10=0x80040fe4
     162245.000 ns	     16223	80003428	030d3db3	mulhu	x27,x26,x16	 x26:0x00000001 x16:0x80000000 x27=0x00000000
     162265.000 ns	     16225	8000342c	00d95bb3	srl	x23,x18,x13	 x18:0x00000000 x13:0x00000000 x23=0x00000000
     162285.000 ns	     16227	80003430	e0040a53	fmv.x.w	x20,f8	  f8:0x00040fe4 x20=0x00040fe4
     162315.000 ns	     16230	80003434	03a114b3	mulh	x9,x2,x26	  x2:0x774e6000 x26:0x00000001  x9=0x00000000
     162345.000 ns	     16233	80003438	02946333	rem	x6,x8,x9	  x8:0x00000000  x9:0x00000000  x6=0x00000000
     162365.000 ns	     16235	8000343c	f94c2d13	slti	x26,x24,-108	 x24:0x00000001 x26=0x00000000
     162375.000 ns	     16236	80003440	4166d013	srai	x0,x13,0x16	 x13:0x00000000
     162405.000 ns	     16239	80003444	19d27cd3	fdiv.s	f25,f4,f29	  f4:0x5467e910 f29:0x00000000 f25=0x7f800000
     162425.000 ns	     16241	80003448	c635c493	xori	x9,x11,-925	 x11:0x80000000  x9=0x7ffffc63
     162435.000 ns	     16242	8000344c	01385d33	srl	x26,x16,x19	 x16:0x80000000 x19:0xfa74d380 x26=0x80000000
     162445.000 ns	     16243	80003450	01ea4333	xor	x6,x20,x30	 x20:0x00040fe4 x30:0x00000000  x6=0x00040fe4
     162455.000 ns	     16244	80003454	16706693	ori	x13,x0,359	  x0:0x00000000 x13=0x00000167
     162465.000 ns	     16245	80003458	4168d213	srai	x4,x17,0x16	 x17:0x80000000  x4=0xfffffe00
     162485.000 ns	     16247	8000345c	e00c97d3	fclass.s	x15,f25	 f25:0x7f800000 x15=0x00000080
     162855.000 ns	     16284	80003460	0251fab3	remu	x21,x3,x5	  x3:0xfb53037d  x5:0x80041024 x21=0x7b4ef359
     162885.000 ns	     16287	80003464	a1a124d3	feq.s	x9,f2,f26	  f2:0x00000000 f26:0x77dd8000  x9=0x00000000
     162915.000 ns	     16290	80003468	204cadd3	fsgnjx.s	f27,f25,f4	 f25:0x7f800000  f4:0x5467e910 f27=0x7f800000
     162945.000 ns	     16293	8000346c	03331db3	mulh	x27,x6,x19	  x6:0x00040fe4 x19:0xfa74d380 x27=0xffffe97b
     162975.000 ns	     16296	80003470	c005c853	fcvt.w.s	x16,f11	 f11:0x4ef78000 x16=0x7bc00000
     162995.000 ns	     16298	80003474	01748333	add	x6,x9,x23	  x9:0x00000000 x23:0x00000000  x6=0x00000000
     163005.000 ns	     16299	80003478	c5ca0613	addi	x12,x20,-932	 x20:0x00040fe4 x12=0x00040c40
     163045.000 ns	     16303	8000347c	00dd9553	fadd.s	f10,f27,f13	 f27:0x7f800000 f13:0xbf800000 f10=0x7f800000
     163075.000 ns	     16306	80003480	a1909853	flt.s	x16,f1,f25	  f1:0x4eaaaf63 f25:0x7f800000 x16=0x00000001
     163415.000 ns	     16340	80003484	180a7ad3	fdiv.s	f21,f20,f0	 f20:0x44e28000  f0:0x4f00040f f21=0x34e28000
     163445.000 ns	     16343	80003488	037438b3	mulhu	x17,x8,x23	  x8:0x00000000 x23:0x00000000 x17=0x00000000
     163785.000 ns	     16377	8000348c	188ab1d3	fdiv.s	f3,f21,f8	 f21:0x34e28000  f8:0x00040fe4  f3=0x739fe1e3
     163815.000 ns	     16380	80003490	296409d3	fmin.s	f19,f8,f22	  f8:0x00040fe4 f22:0xcf750000 f19=0xcf750000
     163835.000 ns	     16382	80003494	7f169997	auipc	x19,0x7f169	 x19=0xff16c494
     163855.000 ns	     16384	80003498	d00ff5d3	fcvt.s.w	f11,x31	 x31:0x00000000 f11=0x00000000
     163885.000 ns	     16387	8000349c	0269a133	mulhsu	x2,x19,x6	 x19:0xfa74d380  x6:0x00000000  x2=0x00000000
     163905.000 ns	     16389	800034a0	40235fb3	sra	x31,x6,x2	  x6:0x00000000  x2:0x774e6000 x31=0x00000000
     163915.000 ns	     16390	800034a4	553cc513	xori	x10,x25,1363	 x25:0x00000000 x10=0x00000553
     163935.000 ns	     16392	800034a8	d0193453	fcvt.s.wu	f8,x18	 x18:0x00000000  f8=0x00000000
     163965.000 ns	     16395	800034ac	21a42ed3	fsgnjx.s	f29,f8,f26	  f8:0x00040fe4 f26:0x77dd8000 f29=0x00000000
     163985.000 ns	     16397	800034b0	000d6933	or	x18,x26,x0	 x26:0x80000000  x0:0x00000000 x18=0x80000000
     163995.000 ns	     16398	800034b4	96ddce37	lui	x28,0x96ddc	 x28=0x96ddc000
     164005.000 ns	     16399	800034b8	017da4b3	slt	x9,x27,x23	 x27:0xffffe97b x23:0x00000000  x9=0x00000001
     164035.000 ns	     16402	800034bc	10f676d3	fmul.s	f13,f12,f15	 f12:0x7f800000 f15:0x80307d89 f13=0xff800000
     164055.000 ns	     16404	800034c0	40662d13	slti	x26,x12,1030	 x12:0x00040c40 x26=0x00000000
     164075.000 ns	     16406	800034c4	f00f8c53	fmv.w.x	f24,x31	 x31:0x00000000 f24=0x00000000
     164095.000 ns	     16408	800034c8	85df7e13	andi	x28,x30,-1955	 x30:0x00000000 x28=0x00000000
     164115.000 ns	     16410	800034cc	a0031253	flt.s	x4,f6,f0	  f6:0x00000000  f0:0x4f00040f  x4=0x00000001
     164135.000 ns	     16412	800034d0	01429413	slli	x8,x5,0x14	  x5:0x80041024  x8=0x02400000
     164145.000 ns	     16413	800034d4	def36f13	ori	x30,x6,-529	  x6:0x00000000 x30=0xfffffdef
     164155.000 ns	     16414	800034d8	009e4fb3	xor	x31,x28,x9	 x28:0x00000000  x9:0x00000001 x31=0x00000001
     164175.000 ns	     16416	800034dc	d0127453	fcvt.s.wu	f8,x4	  x4:0x00000001  f8=0x3f800000
     164195.000 ns	     16418	800034e0	00a96133	or	x2,x18,x10	 x18:0x80000000 x10:0x00000553  x2=0x80000553
     164215.000 ns	     16420	800034e4	d01c7353	fcvt.s.wu	f6,x24	 x24:0x00000001  f6=0x3f800000
     164245.000 ns	     16423	800034e8	026b0f33	mul	x30,x22,x6	 x22:0xaaa84e4e  x6:0x00000000 x30=0x00000000
     164265.000 ns	     16425	800034ec	00cfe833	or	x16,x31,x12	 x31:0x00000001 x12:0x00040c40 x16=0x00040c41
     164275.000 ns	     16426	800034f0	019946b3	xor	x13,x18,x25	 x18:0x80000000 x25:0x00000000 x13=0x80000000
     164295.000 ns	     16428	800034f4	a19e9353	flt.s	x6,f29,f25	 f29:0x00000000 f25:0x7f800000  x6=0x00000001
     164325.000 ns	     16431	800034f8	d0087953	fcvt.s.w	f18,x16	 x16:0x00040c41 f18=0x48818820
     164345.000 ns	     16433	800034fc	00b39d93	slli	x27,x7,0xb	  x7:0x00000000 x27=0x00000000
     164365.000 ns	     16435	80003500	212c8253	fsgnj.s	f4,f25,f18	 f25:0x7f800000 f18:0x48818820  f4=0x7f800000
     164385.000 ns	     16437	80003504	01f0e5b3	or	x11,x1,x31	  x1:0x00000000 x31:0x00000001 x11=0x00000001
     164405.000 ns	     16439	80003508	28590553	fmin.s	f10,f18,f5	 f18:0x48818820  f5:0x44efe000 f10=0x44efe000
     164425.000 ns	     16441	8000350c	00d81513	slli	x10,x16,0xd	 x16:0x00040c41 x10=0x81882000
     164435.000 ns	     16442	80003510	40b95193	srai	x3,x18,0xb	 x18:0x80000000  x3=0xfff00000
     164455.000 ns	     16444	80003514	036b86b3	mul	x13,x23,x22	 x23:0x00000000 x22:0xaaa84e4e x13=0x00000000
     164495.000 ns	     16448	80003518	104efc53	fmul.s	f24,f29,f4	 f29:0x00000000  f4:0x7f800000 f24=0x7fc00000
     164865.000 ns	     16485	8000351c	03267233	remu	x4,x12,x18	 x12:0x00040c40 x18:0x80000000  x4=0x00040c40
     164895.000 ns	     16488	80003520	028f38b3	mulhu	x17,x30,x8	 x30:0x00000000  x8:0x02400000 x17=0x00000000
     164925.000 ns	     16491	80003524	02a4b533	mulhu	x10,x9,x10	  x9:0x00000001 x10:0x81882000 x10=0x00000000
     164955.000 ns	     16494	80003528	a0a90cd3	fle.s	x25,f18,f10	 f18:0x48818820 f10:0x44efe000 x25=0x00000000
     164985.000 ns	     16497	8000352c	a02da953	feq.s	x18,f27,f2	 f27:0x7f800000  f2:0x00000000 x18=0x00000000
     165005.000 ns	     16499	80003530	01555d13	srli	x26,x10,0x15	 x10:0x00000000 x26=0x00000000
     165025.000 ns	     16501	80003534	28a212d3	fmax.s	f5,f4,f10	  f4:0x7f800000 f10:0x44efe000  f5=0x7f800000
     165065.000 ns	     16505	80003538	11427953	fmul.s	f18,f4,f20	  f4:0x7f800000 f20:0x44e28000 f18=0x7f800000
     165085.000 ns	     16507	8000353c	0056ec33	or	x24,x13,x5	 x13:0x00000000  x5:0x80041024 x24=0x80041024
     165095.000 ns	     16508	80003540	0044dc33	srl	x24,x9,x4	  x9:0x00000001  x4:0x00040c40 x24=0x00000001
     165115.000 ns	     16510	80003544	02c38933	mul	x18,x7,x12	  x7:0x00000000 x12:0x00040c40 x18=0x00000000
     165135.000 ns	     16512	80003548	40895db3	sra	x27,x18,x8	 x18:0x00000000  x8:0x02400000 x27=0x00000000
     165145.000 ns	     16513	8000354c	00d185b3	add	x11,x3,x13	  x3:0xfff00000 x13:0x00000000 x11=0xfff00000
     165155.000 ns	     16514	80003550	067d3cb7	lui	x25,0x67d3	 x25=0x067d3000
     165165.000 ns	     16515	80003554	002231b3	sltu	x3,x4,x2	  x4:0x00040c40  x2:0x80000553  x3=0x00000001
     165175.000 ns	     16516	80003558	6b839617	auipc	x12,0x6b839	 x12=0xeb83c558
     165195.000 ns	     16518	8000355c	e0008953	fmv.x.w	x18,f1	  f1:0x4eaaaf63 x18=0x4eaaaf63
     165225.000 ns	     16521	80003560	d000ae53	fcvt.s.w	f28,x1	  x1:0x00000000 f28=0x00000000
     165275.000 ns	     16526	80003564	082e8753	fsub.s	f14,f29,f2	 f29:0x00000000  f2:0x00000000 f14=0x80000000
     165295.000 ns	     16528	80003568	00506233	or	x4,x0,x5	  x0:0x00000000  x5:0x80041024  x4=0x80041024
     165315.000 ns	     16530	8000356c	c01c0e53	fcvt.wu.s	x28,f24	 f24:0x7fc00000 x28=0xffffffff
     165345.000 ns	     16533	80003570	e00c9553	fclass.s	x10,f25	 f25:0x7f800000 x10=0x00000080
     165365.000 ns	     16535	80003574	01e66933	or	x18,x12,x30	 x12:0xeb83c558 x30:0x00000000 x18=0xeb83c558
     165375.000 ns	     16536	80003578	87060e13	addi	x28,x12,-1936	 x12:0xeb83c558 x28=0xeb83bdc8
     165735.000 ns	     16572	8000357c	0396fa33	remu	x20,x13,x25	 x13:0x00000000 x25:0x067d3000 x20=0x00000000
     165755.000 ns	     16574	80003580	d63dc393	xori	x7,x27,-669	 x27:0x00000000  x7=0xfffffd63
     165765.000 ns	     16575	80003584	00000013	addi	x0,x0,0	  x0:0x00000000
     165785.000 ns	     16577	80003588	28ce8553	fmin.s	f10,f29,f12	 f29:0x00000000 f12:0x7f800000 f10=0x00000000
     165835.000 ns	     16582	8000358c	08181ad3	fsub.s	f21,f16,f1	 f16:0x00000000  f1:0x4eaaaf63 f21=0xceaaaf63
     165865.000 ns	     16585	80003590	c00c0fd3	fcvt.w.s	x31,f24	 f24:0x7fc00000 x31=0x7fffffff
     165885.000 ns	     16587	80003594	009dda13	srli	x20,x27,0x9	 x27:0x00000000 x20=0x00000000
     166245.000 ns	     16623	80003598	03664ab3	div	x21,x12,x22	 x12:0xeb83c558 x22:0xaaa84e4e x21=0x00000000
     166265.000 ns	     16625	8000359c	01456c33	or	x24,x10,x20	 x10:0x00000080 x20:0x00000000 x24=0x00000080
     166285.000 ns	     16627	800035a0	029b09b3	mul	x19,x22,x9	 x22:0xaaa84e4e  x9:0x00000001 x19=0xaaa84e4e
     166315.000 ns	     16630	800035a4	035ff0b3	remu	x1,x31,x21	 x31:0x7fffffff x21:0x00000000  x1=0x7fffffff
     166335.000 ns	     16632	800035a8	004fcc33	xor	x24,x31,x4	 x31:0x7fffffff  x4:0x80041024 x24=0xfffbefdb
     166365.000 ns	     16635	800035ac	111174d3	fmul.s	f9,f2,f17	  f2:0x00000000 f17:0x44efe000  f9=0x00000000
     166395.000 ns	     16638	800035b0	d01f4753	fcvt.s.wu	f14,x30	 x30:0x00000000 f14=0x00000000
     166425.000 ns	     16641	800035b4	c00e20d3	fcvt.w.s	x1,f28	 f28:0x00000000  x1=0x00000000
     166445.000 ns	     16643	800035b8	01ff54b3	srl	x9,x30,x31	 x30:0x00000000 x31:0x7fffffff  x9=0x00000000
     166805.000 ns	     16679	800035bc	038bf533	remu	x10,x23,x24	 x23:0x00000000 x24:0xfffbefdb x10=0x00000000
     166845.000 ns	     16683	800035c0	192878d3	fdiv.s	f17,f16,f18	 f16:0x00000000 f18:0x7f800000 f17=0x00000000
     166885.000 ns	     16687	800035c4	112075d3	fmul.s	f11,f0,f18	  f0:0x4f00040f f18:0x7f800000 f11=0x7f800000
     166905.000 ns	     16689	800035c8	40d7da93	srai	x21,x15,0xd	 x15:0x00000080 x21=0x00000000
     166915.000 ns	     16690	800035cc	41ab5eb3	sra	x29,x22,x26	 x22:0xaaa84e4e x26:0x00000000 x29=0xaaa84e4e
     166925.000 ns	     16691	800035d0	0077d313	srli	x6,x15,0x7	 x15:0x00000080  x6=0x00000001
     166945.000 ns	     16693	800035d4	c0088f53	fcvt.w.s	x30,f17	 f17:0x00000000 x30=0x00000000
     166965.000 ns	     16695	800035d8	06ed2513	slti	x10,x26,110	 x26:0x00000000 x10=0x00000001
     166975.000 ns	     16696	800035dc	00319f33	sll	x30,x3,x3	  x3:0x00000001  x3:0x00000001 x30=0x00000002
     166985.000 ns	     16697	800035e0	8246f613	andi	x12,x13,-2012	 x13:0x00000000 x12=0x00000000
     166995.000 ns	     16698	800035e4	410a85b3	sub	x11,x21,x16	 x21:0x00000000 x16:0x00040c41 x11=0xfffbf3bf
     167015.000 ns	     16700	800035e8	02d024b3	mulhsu	x9,x0,x13	  x0:0x00000000 x13:0x00000000  x9=0x00000000
     167045.000 ns	     16703	800035ec	f00b0cd3	fmv.w.x	f25,x22	 x22:0xaaa84e4e f25=0xaaa84e4e
     167065.000 ns	     16705	800035f0	006ed7b3	srl	x15,x29,x6	 x29:0xaaa84e4e  x6:0x00000001 x15=0x55542727
     167085.000 ns	     16707	800035f4	025386b3	mul	x13,x7,x5	  x7:0xfffffd63  x5:0x80041024 x13=0x7561d1ec
     167105.000 ns	     16709	800035f8	015ed3b3	srl	x7,x29,x21	 x29:0xaaa84e4e x21:0x00000000  x7=0xaaa84e4e
     167125.000 ns	     16711	800035fc	a1e080d3	fle.s	x1,f1,f30	  f1:0x4eaaaf63 f30:0x3f800000  x1=0x00000000
     167145.000 ns	     16713	80003600	400288b3	sub	x17,x5,x0	  x5:0x80041024  x0:0x00000000 x17=0x80041024
     167155.000 ns	     16714	80003604	40855493	srai	x9,x10,0x8	 x10:0x00000001  x9=0x00000000
     167165.000 ns	     16715	80003608	ddce3d93	sltiu	x27,x28,-548	 x28:0xeb83bdc8 x27=0x00000001
     167525.000 ns	     16751	8000360c	026867b3	rem	x15,x16,x6	 x16:0x00040c41  x6:0x00000001 x15=0x00000000
     167545.000 ns	     16753	80003610	41e05a33	sra	x20,x0,x30	  x0:0x00000000 x30:0x00000002 x20=0x00000000
     167905.000 ns	     16789	80003614	026b5633	divu	x12,x22,x6	 x22:0xaaa84e4e  x6:0x00000001 x12=0xaaa84e4e
     167925.000 ns	     16791	80003618	00d36933	or	x18,x6,x13	  x6:0x00000001 x13:0x7561d1ec x18=0x7561d1ed
     167935.000 ns	     16792	8000361c	01355013	srli	x0,x10,0x13	 x10:0x00000001
     167945.000 ns	     16793	80003620	007bcd33	xor	x26,x23,x7	 x23:0x00000000  x7:0xaaa84e4e x26=0xaaa84e4e
     167955.000 ns	     16794	80003624	005f8c33	add	x24,x31,x5	 x31:0x7fffffff  x5:0x80041024 x24=0x00041023
     167965.000 ns	     16795	80003628	eba74793	xori	x15,x14,-326	 x14:0x80040fe4 x15=0x7ffbf15e
     167975.000 ns	     16796	8000362c	254b4b93	xori	x23,x22,596	 x22:0xaaa84e4e x23=0xaaa84c1a
     168015.000 ns	     16800	80003630	082777d3	fsub.s	f15,f14,f2	 f14:0x00000000  f2:0x00000000 f15=0x80000000
     168045.000 ns	     16803	80003634	c00726d3	fcvt.w.s	x13,f14	 f14:0x00000000 x13=0x00000000
     168075.000 ns	     16806	80003638	29ed11d3	fmax.s	f3,f26,f30	 f26:0x77dd8000 f30:0x3f800000  f3=0x77dd8000
     168095.000 ns	     16808	8000363c	015b5c93	srli	x25,x22,0x15	 x22:0xaaa84e4e x25=0x00000555
     168105.000 ns	     16809	80003640	010fce33	xor	x28,x31,x16	 x31:0x7fffffff x16:0x00040c41 x28=0x7ffbf3be
     168125.000 ns	     16811	80003644	a1ba0053	fle.s	x0,f20,f27	 f20:0x44e28000 f27:0x7f800000
     168145.000 ns	     16813	80003648	f03d4a37	lui	x20,0xf03d4	 x20=0xf03d4000
     168165.000 ns	     16815	8000364c	02ae9db3	mulh	x27,x29,x10	 x29:0xaaa84e4e x10:0x00000001 x27=0xffffffff
     168195.000 ns	     16818	80003650	28fe1dd3	fmax.s	f27,f28,f15	 f28:0x00000000 f15:0x80000000 f27=0x00000000
     168215.000 ns	     16820	80003654	58edb513	sltiu	x10,x27,1422	 x27:0xffffffff x10=0x00000000
     168225.000 ns	     16821	80003658	41818db3	sub	x27,x3,x24	  x3:0x00000001 x24:0x00041023 x27=0xfffbefde
     168235.000 ns	     16822	8000365c	70c23c13	sltiu	x24,x4,1804	  x4:0x80041024 x24=0x00000000
     168255.000 ns	     16824	80003660	029a25b3	mulhsu	x11,x20,x9	 x20:0xf03d4000  x9:0x00000000 x11=0x00000000
     168285.000 ns	     16827	80003664	02d234b3	mulhu	x9,x4,x13	  x4:0x80041024 x13:0x00000000  x9=0x00000000
     168305.000 ns	     16829	80003668	6059ed13	ori	x26,x19,1541	 x19:0xaaa84e4e x26=0xaaa84e4f
     168325.000 ns	     16831	8000366c	02ac0533	mul	x10,x24,x10	 x24:0x00000000 x10:0x00000000 x10=0x00000000
     168345.000 ns	     16833	80003670	00a24cb3	xor	x25,x4,x10	  x4:0x80041024 x10:0x00000000 x25=0x80041024
     168355.000 ns	     16834	80003674	019f3ab3	sltu	x21,x30,x25	 x30:0x00000002 x25:0x00000555 x21=0x00000001
     168365.000 ns	     16835	80003678	00b055b3	srl	x11,x0,x11	  x0:0x00000000 x11:0x00000000 x11=0x00000000
     168405.000 ns	     16839	8000367c	0864b5d3	fsub.s	f11,f9,f6	  f9:0x00000000  f6:0x3f800000 f11=0xbf800000
     168455.000 ns	     16844	80003680	09687bd3	fsub.s	f23,f16,f22	 f16:0x00000000 f22:0xcf750000 f23=0x4f750000
     168475.000 ns	     16846	80003684	b6745917	auipc	x18,0xb6745	 x18=0x36748684
     168495.000 ns	     16848	80003688	d00df953	fcvt.s.w	f18,x27	 x27:0xfffbefde f18=0xc8820440
     168525.000 ns	     16851	8000368c	02632ab3	mulhsu	x21,x6,x6	  x6:0x00000001  x6:0x00000001 x21=0x00000000
     168895.000 ns	     16888	80003690	02616db3	rem	x27,x2,x6	  x2:0x80000553  x6:0x00000001 x27=0x00000000
     168925.000 ns	     16891	80003694	03253f33	mulhu	x30,x10,x18	 x10:0x00000000 x18:0x36748684 x30=0x00000000
     168945.000 ns	     16893	80003698	f3ff6b93	ori	x23,x30,-193	 x30:0x00000002 x23=0xffffff3f
     168965.000 ns	     16895	8000369c	029d0fb3	mul	x31,x26,x9	 x26:0xaaa84e4f  x9:0x00000000 x31=0x00000000
     169335.000 ns	     16932	800036a0	039a5e33	divu	x28,x20,x25	 x20:0xf03d4000 x25:0x80041024 x28=0x00000001
     169365.000 ns	     16935	800036a4	03b07eb3	remu	x29,x0,x27	  x0:0x00000000 x27:0x00000000 x29=0x00000000
     169385.000 ns	     16937	800036a8	ac5f6a93	ori	x21,x30,-1339	 x30:0x00000000 x21=0xfffffac5
     169405.000 ns	     16939	800036ac	033f90b3	mulh	x1,x31,x19	 x31:0x00000000 x19:0xaaa84e4e  x1=0x00000000
     169455.000 ns	     16944	800036b0	08b6f0d3	fsub.s	f1,f13,f11	 f13:0xff800000 f11:0xbf800000  f1=0xff800000
     169475.000 ns	     16946	800036b4	39935037	lui	x0,0x39935	
     169485.000 ns	     16947	800036b8	0186d893	srli	x17,x13,0x18	 x13:0x00000000 x17=0x00000000
     169515.000 ns	     16950	800036bc	5808c2d3	fsqrt.s	f5,f17	 f17:0x00000000  f5=0x00000000
     169565.000 ns	     16955	800036c0	0898b253	fsub.s	f4,f17,f9	 f17:0x00000000  f9:0x00000000  f4=0x80000000
     169605.000 ns	     16959	800036c4	1820b7d3	fdiv.s	f15,f1,f2	  f1:0xff800000  f2:0x00000000 f15=0xff800000
     169625.000 ns	     16961	800036c8	011d9e93	slli	x29,x27,0x11	 x27:0x00000000 x29=0x00000000
     169635.000 ns	     16962	800036cc	e300ce13	xori	x28,x1,-464	  x1:0x00000000 x28=0xfffffe30
     169655.000 ns	     16964	800036d0	21c1a953	fsgnjx.s	f18,f3,f28	  f3:0x77dd8000 f28:0x00000000 f18=0x77dd8000
     169675.000 ns	     16966	800036d4	00000013	addi	x0,x0,0	  x0:0x00000000
     169685.000 ns	     16967	800036d8	c3337413	andi	x8,x6,-973	  x6:0x00000001  x8=0x00000001
     170045.000 ns	     17003	800036dc	03a74933	div	x18,x14,x26	 x14:0x80040fe4 x26:0xaaa84e4f x18=0x00000001
     170075.000 ns	     17006	800036e0	200226d3	fsgnjx.s	f13,f4,f0	  f4:0x80000000  f0:0x4f00040f f13=0x80000000
     170415.000 ns	     17040	800036e4	180b0653	fdiv.s	f12,f22,f0	 f22:0xcf750000  f0:0x4f00040f f12=0xbf750000
     170465.000 ns	     17045	800036e8	01be78d3	fadd.s	f17,f28,f27	 f28:0x00000000 f27:0x00000000 f17=0x00000000
     170485.000 ns	     17047	800036ec	01e4c533	xor	x10,x9,x30	  x9:0x00000000 x30:0x00000000 x10=0x00000000
     170505.000 ns	     17049	800036f0	c000fdd3	fcvt.w.s	x27,f1	  f1:0xff800000 x27=0x80000000
     170535.000 ns	     17052	800036f4	d0108fd3	fcvt.s.wu	f31,x1	  x1:0x00000000 f31=0x00000000
     170555.000 ns	     17054	800036f8	00fd3eb3	sltu	x29,x26,x15	 x26:0xaaa84e4f x15:0x7ffbf15e x29=0x00000000
     170565.000 ns	     17055	800036fc	016b4fb3	xor	x31,x22,x22	 x22:0xaaa84e4e x22:0xaaa84e4e x31=0x00000000
     170575.000 ns	     17056	80003700	011e78b3	and	x17,x28,x17	 x28:0xfffffe30 x17:0x00000000 x17=0x00000000
     170585.000 ns	     17057	80003704	01a964b3	or	x9,x18,x26	 x18:0x00000001 x26:0xaaa84e4f  x9=0xaaa84e4f
     170595.000 ns	     17058	80003708	4119d093	srai	x1,x19,0x11	 x19:0xaaa84e4e  x1=0xffffd554
     170615.000 ns	     17060	8000370c	202313d3	fsgnjn.s	f7,f6,f2	  f6:0x3f800000  f2:0x00000000  f7=0xbf800000
     170645.000 ns	     17063	80003710	034a8a33	mul	x20,x21,x20	 x21:0xfffffac5 x20:0xf03d4000 x20=0x6fa24000
     170665.000 ns	     17065	80003714	b4567c93	andi	x25,x12,-1211	 x12:0xaaa84e4e x25=0xaaa84a44
     170705.000 ns	     17069	80003718	09983453	fsub.s	f8,f16,f25	 f16:0x00000000 f25:0xaaa84e4e  f8=0x2aa84e4e
     170725.000 ns	     17071	8000371c	246c7993	andi	x19,x24,582	 x24:0x00000000 x19=0x00000000
     170735.000 ns	     17072	80003720	41408ab3	sub	x21,x1,x20	  x1:0xffffd554 x20:0x6fa24000 x21=0x905d9554
     170745.000 ns	     17073	80003724	01c55093	srli	x1,x10,0x1c	 x10:0x00000000  x1=0x00000000
     170785.000 ns	     17077	80003728	084a86d3	fsub.s	f13,f21,f4	 f21:0xceaaaf63  f4:0x80000000 f13=0xceaaaf63
     170815.000 ns	     17080	8000372c	e00a13d3	fclass.s	x7,f20	 f20:0x44e28000  x7=0x00000040
     170835.000 ns	     17082	80003730	885a6c93	ori	x25,x20,-1915	 x20:0x6fa24000 x25=0xfffff885
     170855.000 ns	     17084	80003734	03991333	mulh	x6,x18,x25	 x18:0x00000001 x25:0xaaa84a44  x6=0xffffffff
     170875.000 ns	     17086	80003738	d0403093	sltiu	x1,x0,-764	  x0:0x00000000  x1=0x00000001
     170895.000 ns	     17088	8000373c	a0a2a6d3	feq.s	x13,f5,f10	  f5:0x00000000 f10:0x00000000 x13=0x00000001
     170925.000 ns	     17091	80003740	c0153c53	fcvt.wu.s	x24,f10	 f10:0x00000000 x24=0x00000000
     170945.000 ns	     17093	80003744	41615a93	srai	x21,x2,0x16	  x2:0x80000553 x21=0xfffffe00
     170965.000 ns	     17095	80003748	d01a73d3	fcvt.s.wu	f7,x20	 x20:0x6fa24000  f7=0x4edf4480
     170995.000 ns	     17098	8000374c	029ea033	mulhsu	x0,x29,x9	 x29:0x00000000  x9:0xaaa84e4f
     171015.000 ns	     17100	80003750	417100b3	sub	x1,x2,x23	  x2:0x80000553 x23:0xffffff3f  x1=0x80000614
     171375.000 ns	     17136	80003754	026beab3	rem	x21,x23,x6	 x23:0xffffff3f  x6:0xffffffff x21=0x00000000
     171395.000 ns	     17138	80003758	00f4ae33	slt	x28,x9,x15	  x9:0xaaa84e4f x15:0x7ffbf15e x28=0x00000001
     171405.000 ns	     17139	8000375c	00688ab3	add	x21,x17,x6	 x17:0x00000000  x6:0xffffffff x21=0xffffffff
     171415.000 ns	     17140	80003760	4b9fcc97	auipc	x25,0x4b9fc	 x25=0xcb9ff760
     171425.000 ns	     17141	80003764	8d068013	addi	x0,x13,-1840	 x13:0x00000001
     171445.000 ns	     17143	80003768	03cc3fb3	mulhu	x31,x24,x28	 x24:0x00000000 x28:0x00000001 x31=0x00000000
     171465.000 ns	     17145	8000376c	5591be13	sltiu	x28,x3,1369	  x3:0x00000001 x28=0x00000001
     171475.000 ns	     17146	80003770	6062c217	auipc	x4,0x6062c	  x4=0xe062f770
     171485.000 ns	     17147	80003774	01f89e33	sll	x28,x17,x31	 x17:0x00000000 x31:0x00000000 x28=0x00000000
     171505.000 ns	     17149	80003778	a08e2353	feq.s	x6,f28,f8	 f28:0x00000000  f8:0x2aa84e4e  x6=0x00000000
     171525.000 ns	     17151	8000377c	5debe613	ori	x12,x23,1502	 x23:0xffffff3f x12=0xffffffff
     171565.000 ns	     17155	80003780	017839d3	fadd.s	f19,f16,f23	 f16:0x00000000 f23:0x4f750000 f19=0x4f750000
     171585.000 ns	     17157	80003784	c7cb8a93	addi	x21,x23,-900	 x23:0xffffff3f x21=0xfffffbbb
     171605.000 ns	     17159	80003788	f00f01d3	fmv.w.x	f3,x30	 x30:0x00000000  f3=0x00000000
     171625.000 ns	     17161	8000378c	017a1f33	sll	x30,x20,x23	 x20:0x6fa24000 x23:0xffffff3f x30=0x00000000
     171985.000 ns	     17197	80003790	022c56b3	divu	x13,x24,x2	 x24:0x00000000  x2:0x80000553 x13=0x00000000
     172005.000 ns	     17199	80003794	00449d33	sll	x26,x9,x4	  x9:0xaaa84e4f  x4:0xe062f770 x26=0x4e4f0000
     172025.000 ns	     17201	80003798	02dfc8b3	div	x17,x31,x13	 x31:0x00000000 x13:0x00000000 x17=0xffffffff
     172055.000 ns	     17204	8000379c	29931553	fmax.s	f10,f6,f25	  f6:0x3f800000 f25:0xaaa84e4e f10=0x3f800000
     172095.000 ns	     17208	800037a0	5806a2d3	fsqrt.s	f5,f13	 f13:0xceaaaf63  f5=0x7fc00000
     172125.000 ns	     17211	800037a4	a1a99653	flt.s	x12,f19,f26	 f19:0x4f750000 f26:0x77dd8000 x12=0x00000001
     172145.000 ns	     17213	800037a8	01bb67b3	or	x15,x22,x27	 x22:0xaaa84e4e x27:0x80000000 x15=0xaaa84e4e
     172155.000 ns	     17214	800037ac	00000013	addi	x0,x0,0	  x0:0x00000000
     172165.000 ns	     17215	800037b0	00ca1213	slli	x4,x20,0xc	 x20:0x6fa24000  x4=0x24000000
     172195.000 ns	     17218	800037b4	11a40553	fmul.s	f10,f8,f26	  f8:0x2aa84e4e f26:0x77dd8000 f10=0x63119fc0
     172215.000 ns	     17220	800037b8	0182a0b3	slt	x1,x5,x24	  x5:0x80041024 x24:0x00000000  x1=0x00000001
     172225.000 ns	     17221	800037bc	0115bfb3	sltu	x31,x11,x17	 x11:0x00000000 x17:0xffffffff x31=0x00000001
     172235.000 ns	     17222	800037c0	00000013	addi	x0,x0,0	  x0:0x00000000
     172245.000 ns	     17223	800037c4	41aad133	sra	x2,x21,x26	 x21:0xfffffbbb x26:0x4e4f0000  x2=0xfffffbbb
     172275.000 ns	     17226	800037c8	5804c553	fsqrt.s	f10,f9	  f9:0x00000000 f10=0x00000000
     172315.000 ns	     17230	800037cc	580f8a53	fsqrt.s	f20,f31	 f31:0x00000000 f20=0x00000000
     172335.000 ns	     17232	800037d0	41265c33	sra	x24,x12,x18	 x12:0x00000001 x18:0x00000001 x24=0x00000000
     172345.000 ns	     17233	800037d4	a1d8beb7	lui	x29,0xa1d8b	 x29=0xa1d8b000
     172365.000 ns	     17235	800037d8	e00781d3	fmv.x.w	x3,f15	 f15:0xff800000  x3=0xff800000
     172395.000 ns	     17238	800037dc	28cf1c53	fmax.s	f24,f30,f12	 f30:0x3f800000 f12:0xbf750000 f24=0x3f800000
     172415.000 ns	     17240	800037e0	01d39493	slli	x9,x7,0x1d	  x7:0x00000040  x9=0x00000000
     172445.000 ns	     17243	800037e4	580104d3	fsqrt.s	f9,f2	  f2:0x00000000  f9=0x00000000
     172475.000 ns	     17246	800037e8	02bdbe33	mulhu	x28,x27,x11	 x27:0x80000000 x11:0x00000000 x28=0x00000000
     172495.000 ns	     17248	800037ec	0b5da493	slti	x9,x27,181	 x27:0x80000000  x9=0x00000001
     172505.000 ns	     17249	800037f0	00da2333	slt	x6,x20,x13	 x20:0x6fa24000 x13:0x00000000  x6=0x00000000
     172525.000 ns	     17251	800037f4	292303d3	fmin.s	f7,f6,f18	  f6:0x3f800000 f18:0x77dd8000  f7=0x3f800000
     172895.000 ns	     17288	800037f8	0314ea33	rem	x20,x9,x17	  x9:0x00000001 x17:0xffffffff x20=0x00000000
     172925.000 ns	     17291	800037fc	03895533	divu	x10,x18,x24	 x18:0x00000001 x24:0x00000000 x10=0xffffffff
     172945.000 ns	     17293	80003800	1d6b0813	addi	x16,x22,470	 x22:0xaaa84e4e x16=0xaaa85024
     173305.000 ns	     17329	80003804	032363b3	rem	x7,x6,x18	  x6:0x00000000 x18:0x00000001  x7=0x00000000
     173675.000 ns	     17366	80003808	03195433	divu	x8,x18,x17	 x18:0x00000001 x17:0xffffffff  x8=0x00000000
     173695.000 ns	     17368	8000380c	e1808493	addi	x9,x1,-488	  x1:0x00000001  x9=0xfffffe19
     173705.000 ns	     17369	80003810	00180fb3	add	x31,x16,x1	 x16:0xaaa85024  x1:0x00000001 x31=0xaaa85025
     173725.000 ns	     17371	80003814	201b92d3	fsgnjn.s	f5,f23,f1	 f23:0x4f750000  f1:0xff800000  f5=0x4f750000
     173745.000 ns	     17373	80003818	009c3ab3	sltu	x21,x24,x9	 x24:0x00000000  x9:0xfffffe19 x21=0x00000001
     173765.000 ns	     17375	8000381c	a1e12d53	feq.s	x26,f2,f30	  f2:0x00000000 f30:0x3f800000 x26=0x00000000
     173795.000 ns	     17378	80003820	c014b653	fcvt.wu.s	x12,f9	  f9:0x00000000 x12=0x00000000
     173845.000 ns	     17383	80003824	088bf753	fsub.s	f14,f23,f8	 f23:0x4f750000  f8:0x2aa84e4e f14=0x4f750000
     173865.000 ns	     17385	80003828	0072e633	or	x12,x5,x7	  x5:0x80041024  x7:0x00000000 x12=0x80041024
     173875.000 ns	     17386	8000382c	405407b3	sub	x15,x8,x5	  x8:0x00000000  x5:0x80041024 x15=0x7ffbefdc
     173895.000 ns	     17388	80003830	a0f517d3	flt.s	x15,f10,f15	 f10:0x00000000 f15:0xff800000 x15=0x00000000
     173915.000 ns	     17390	80003834	015a5693	srli	x13,x20,0x15	 x20:0x00000000 x13=0x00000000
     173925.000 ns	     17391	80003838	00349d13	slli	x26,x9,0x3	  x9:0xfffffe19 x26=0xfffff0c8
     173935.000 ns	     17392	8000383c	004fe333	or	x6,x31,x4	 x31:0xaaa85025  x4:0x24000000  x6=0xaea85025
     173955.000 ns	     17394	80003840	c00afd53	fcvt.w.s	x26,f21	 f21:0xceaaaf63 x26=0x5557b180
     173975.000 ns	     17396	80003844	8c6ebd93	sltiu	x27,x29,-1850	 x29:0xa1d8b000 x27=0x00000001
     173985.000 ns	     17397	80003848	8ddd3b93	sltiu	x23,x26,-1827	 x26:0x5557b180 x23=0x00000001
     174005.000 ns	     17399	8000384c	02b80c33	mul	x24,x16,x11	 x16:0xaaa85024 x11:0x00000000 x24=0x00000000
     174025.000 ns	     17401	80003850	e744b093	sltiu	x1,x9,-396	  x9:0xfffffe19  x1=0x00000001
     174035.000 ns	     17402	80003854	ff1ebe93	sltiu	x29,x29,-15	 x29:0xa1d8b000 x29=0x00000001
     174065.000 ns	     17405	80003858	5806fd53	fsqrt.s	f26,f13	 f13:0xceaaaf63 f26=0x7fc00000
     174085.000 ns	     17407	8000385c	31b0a393	slti	x7,x1,795	  x1:0x00000001  x7=0x00000001
     174095.000 ns	     17408	80003860	402208b3	sub	x17,x4,x2	  x4:0x24000000  x2:0xfffffbbb x17=0x24000445
     174105.000 ns	     17409	80003864	0072b1b3	sltu	x3,x5,x7	  x5:0x80041024  x7:0x00000000  x3=0x00000000
     174135.000 ns	     17412	80003868	1145f7d3	fmul.s	f15,f11,f20	 f11:0xbf800000 f20:0x00000000 f15=0x80000000
     174155.000 ns	     17414	8000386c	452e6813	ori	x16,x28,1106	 x28:0x00000000 x16=0x00000452
     174485.000 ns	     17447	80003870	18b777d3	fdiv.s	f15,f14,f11	 f14:0x4f750000 f11:0xbf800000 f15=0xcefd5d94
     174505.000 ns	     17449	80003874	ad5a8213	addi	x4,x21,-1323	 x21:0x00000001  x4=0xfffffad6
     174515.000 ns	     17450	80003878	01d58f33	add	x30,x11,x29	 x11:0x00000000 x29:0x00000001 x30=0x00000001
     174525.000 ns	     17451	8000387c	409806b3	sub	x13,x16,x9	 x16:0x00000452  x9:0xfffffe19 x13=0x00000639
     174535.000 ns	     17452	80003880	0164dd33	srl	x26,x9,x22	  x9:0xfffffe19 x22:0xaaa84e4e x26=0x0003ffff
     174555.000 ns	     17454	80003884	c00af153	fcvt.w.s	x2,f21	 f21:0xceaaaf63  x2=0x5557b180
     174585.000 ns	     17457	80003888	e00916d3	fclass.s	x13,f18	 f18:0x77dd8000 x13=0x00000040
     174955.000 ns	     17494	8000388c	02d470b3	remu	x1,x8,x13	  x8:0x00000000 x13:0x00000639  x1=0x00000000
     174975.000 ns	     17496	80003890	41dcd433	sra	x8,x25,x29	 x25:0xcb9ff760 x29:0x00000001  x8=0xe5cffbb0
     174995.000 ns	     17498	80003894	20370553	fsgnj.s	f10,f14,f3	 f14:0x4f750000  f3:0x00000000 f10=0x4f750000
     175015.000 ns	     17500	80003898	01845d33	srl	x26,x8,x24	  x8:0x00000000 x24:0x00000000 x26=0xe5cffbb0
     175035.000 ns	     17502	8000389c	a1e99bd3	flt.s	x23,f19,f30	 f19:0x4f750000 f30:0x3f800000 x23=0x00000000
     175065.000 ns	     17505	800038a0	f0028553	fmv.w.x	f10,x5	  x5:0x80041024 f10=0x80041024
     175085.000 ns	     17507	800038a4	1f824313	xori	x6,x4,504	  x4:0xfffffad6  x6=0xfffffb2e
     175445.000 ns	     17543	800038a8	0276f633	remu	x12,x13,x7	 x13:0x00000040  x7:0x00000001 x12=0x00000000
     175475.000 ns	     17546	800038ac	21ae25d3	fsgnjx.s	f11,f28,f26	 f28:0x00000000 f26:0x7fc00000 f11=0x00000000
     175495.000 ns	     17548	800038b0	40388c33	sub	x24,x17,x3	 x17:0x24000445  x3:0x00000000 x24=0x24000445
     175535.000 ns	     17552	800038b4	00338953	fadd.s	f18,f7,f3	  f7:0x3f800000  f3:0x00000000 f18=0x3f800000
     175565.000 ns	     17555	800038b8	2096ac53	fsgnjx.s	f24,f13,f9	 f13:0xceaaaf63  f9:0x00000000 f24=0xceaaaf63
     175585.000 ns	     17557	800038bc	017a96b3	sll	x13,x21,x23	 x21:0x00000001 x23:0x00000000 x13=0x00000001
     175625.000 ns	     17561	800038c0	00a08d53	fadd.s	f26,f1,f10	  f1:0xff800000 f10:0x80041024 f26=0xff800000
     175655.000 ns	     17564	800038c4	a1d3a053	feq.s	x0,f7,f29	  f7:0x3f800000 f29:0x00000000
     175675.000 ns	     17566	800038c8	c1967193	andi	x3,x12,-999	 x12:0x00000000  x3=0x00000000
     175695.000 ns	     17568	800038cc	e0021053	fclass.s	x0,f4	  f4:0x80000000
     175725.000 ns	     17571	800038d0	292a92d3	fmax.s	f5,f21,f18	 f21:0xceaaaf63 f18:0x3f800000  f5=0x3f800000
     175755.000 ns	     17574	800038d4	c01c7453	fcvt.wu.s	x8,f24	 f24:0xceaaaf63  x8=0x5557b180
     175785.000 ns	     17577	800038d8	d00544d3	fcvt.s.w	f9,x10	 x10:0xffffffff  f9=0xbf800000
     175805.000 ns	     17579	800038dc	00e4dd33	srl	x26,x9,x14	  x9:0xfffffe19 x14:0x80040fe4 x26=0x0fffffe1
     175815.000 ns	     17580	800038e0	c22a0c13	addi	x24,x20,-990	 x20:0x00000000 x24=0xfffffc22
     175835.000 ns	     17582	800038e4	e0019853	fclass.s	x16,f3	  f3:0x00000000 x16=0x00000010
     175855.000 ns	     17584	800038e8	00f2f7b3	and	x15,x5,x15	  x5:0x80041024 x15:0x00000000 x15=0x00000000
     175875.000 ns	     17586	800038ec	a09791d3	flt.s	x3,f15,f9	 f15:0xcefd5d94  f9:0xbf800000  x3=0x00000001
     175895.000 ns	     17588	800038f0	00d6b4b3	sltu	x9,x13,x13	 x13:0x00000001 x13:0x00000001  x9=0x00000000
     175905.000 ns	     17589	800038f4	88240b93	addi	x23,x8,-1918	  x8:0x5557b180 x23=0x5557aa02
     175915.000 ns	     17590	800038f8	1f99f0b7	lui	x1,0x1f99f	  x1=0x1f99f000
     175935.000 ns	     17592	800038fc	204914d3	fsgnjn.s	f9,f18,f4	 f18:0x3f800000  f4:0x80000000  f9=0x3f800000
     175965.000 ns	     17595	80003900	e00f8853	fmv.x.w	x16,f31	 f31:0x00000000 x16=0x00000000
     175985.000 ns	     17597	80003904	5a4d6f93	ori	x31,x26,1444	 x26:0x0fffffe1 x31=0x0fffffe5
     175995.000 ns	     17598	80003908	015f5933	srl	x18,x30,x21	 x30:0x00000001 x21:0x00000001 x18=0x00000000
     176005.000 ns	     17599	8000390c	d003e113	ori	x2,x7,-768	  x7:0x00000001  x2=0xfffffd01
     176015.000 ns	     17600	80003910	4052dd13	srai	x26,x5,0x5	  x5:0x80041024 x26=0xfc002081
     176025.000 ns	     17601	80003914	015e9d33	sll	x26,x29,x21	 x29:0x00000001 x21:0x00000001 x26=0x00000002
     176035.000 ns	     17602	80003918	01d50eb3	add	x29,x10,x29	 x10:0xffffffff x29:0x00000001 x29=0x00000000
     176045.000 ns	     17603	8000391c	014f4533	xor	x10,x30,x20	 x30:0x00000001 x20:0x00000000 x10=0x00000001
     176055.000 ns	     17604	80003920	012c6ab3	or	x21,x24,x18	 x24:0xfffffc22 x18:0x00000000 x21=0xfffffc22
     176075.000 ns	     17606	80003924	e0099353	fclass.s	x6,f19	 f19:0x4f750000  x6=0x00000040
     176445.000 ns	     17643	80003928	03ecf8b3	remu	x17,x25,x30	 x25:0xcb9ff760 x30:0x00000001 x17=0x00000000
     176465.000 ns	     17645	8000392c	00195793	srli	x15,x18,0x1	 x18:0x00000000 x15=0x00000000
     176475.000 ns	     17646	80003930	006bfc33	and	x24,x23,x6	 x23:0x5557aa02  x6:0x00000040 x24=0x00000000
     176495.000 ns	     17648	80003934	a02c0553	fle.s	x10,f24,f2	 f24:0xceaaaf63  f2:0x00000000 x10=0x00000001
     176515.000 ns	     17650	80003938	5ac3c193	xori	x3,x7,1452	  x7:0x00000001  x3=0x000005ad
     176535.000 ns	     17652	8000393c	a1660953	fle.s	x18,f12,f22	 f12:0xbf750000 f22:0xcf750000 x18=0x00000000
     176555.000 ns	     17654	80003940	24e90c13	addi	x24,x18,590	 x18:0x00000000 x24=0x0000024e
     176565.000 ns	     17655	80003944	00ed30b3	sltu	x1,x26,x14	 x26:0x00000002 x14:0x80040fe4  x1=0x00000001
     176575.000 ns	     17656	80003948	e8f4e793	ori	x15,x9,-369	  x9:0x00000000 x15=0xfffffe8f
     176595.000 ns	     17658	8000394c	03759d33	mulh	x26,x11,x23	 x11:0x00000000 x23:0x5557aa02 x26=0x00000000
     176965.000 ns	     17695	80003950	02644db3	div	x27,x8,x6	  x8:0x5557b180  x6:0x00000040 x27=0x01555ec6
     176985.000 ns	     17697	80003954	98e87a13	andi	x20,x16,-1650	 x16:0x00000000 x20=0x00000000
     177005.000 ns	     17699	80003958	031583b3	mul	x7,x11,x17	 x11:0x00000000 x17:0x00000000  x7=0x00000000
     177025.000 ns	     17701	8000395c	f5bd3113	sltiu	x2,x26,-165	 x26:0x00000000  x2=0x00000001
     177035.000 ns	     17702	80003960	2e9c3493	sltiu	x9,x24,745	 x24:0x0000024e  x9=0x00000001
     177055.000 ns	     17704	80003964	295411d3	fmax.s	f3,f8,f21	  f8:0x2aa84e4e f21:0xceaaaf63  f3=0x2aa84e4e
     177085.000 ns	     17707	80003968	20f98353	fsgnj.s	f6,f19,f15	 f19:0x4f750000 f15:0xcefd5d94  f6=0xcf750000
     177115.000 ns	     17710	8000396c	c00b7853	fcvt.w.s	x16,f22	 f22:0xcf750000 x16=0x80000000
     177145.000 ns	     17713	80003970	034aa033	mulhsu	x0,x21,x20	 x21:0xfffffc22 x20:0x00000000
     177175.000 ns	     17716	80003974	e0068853	fmv.x.w	x16,f13	 f13:0xceaaaf63 x16=0xceaaaf63
     177205.000 ns	     17719	80003978	e00c9553	fclass.s	x10,f25	 f25:0xaaa84e4e x10=0x00000002
     177225.000 ns	     17721	8000397c	00a77333	and	x6,x14,x10	 x14:0x80040fe4 x10:0x00000001  x6=0x00000000
     177235.000 ns	     17722	80003980	0379f493	andi	x9,x19,55	 x19:0x00000000  x9=0x00000000
     177255.000 ns	     17724	80003984	a15f14d3	flt.s	x9,f30,f21	 f30:0x3f800000 f21:0xceaaaf63  x9=0x00000000
     177275.000 ns	     17726	80003988	01b58133	add	x2,x11,x27	 x11:0x00000000 x27:0x01555ec6  x2=0x01555ec6
     177295.000 ns	     17728	8000398c	a12d9853	flt.s	x16,f27,f18	 f27:0x00000000 f18:0x3f800000 x16=0x00000001
     177315.000 ns	     17730	80003990	00b81393	slli	x7,x16,0xb	 x16:0xceaaaf63  x7=0x00000800
     177325.000 ns	     17731	80003994	000d27b3	slt	x15,x26,x0	 x26:0x00000000  x0:0x00000000 x15=0x00000000
     177335.000 ns	     17732	80003998	01d06f33	or	x30,x0,x29	  x0:0x00000000 x29:0x00000000 x30=0x00000000
     177345.000 ns	     17733	8000399c	0013e333	or	x6,x7,x1	  x7:0x00000800  x1:0x00000001  x6=0x00000801
     177365.000 ns	     17735	800039a0	d01573d3	fcvt.s.wu	f7,x10	 x10:0x00000002  f7=0x40000000
     177395.000 ns	     17738	800039a4	c0077053	fcvt.w.s	x0,f14	 f14:0x4f750000
     177425.000 ns	     17741	800039a8	d00dfcd3	fcvt.s.w	f25,x27	 x27:0x01555ec6 f25=0x4baaaf63
     177455.000 ns	     17744	800039ac	a18b24d3	feq.s	x9,f22,f24	 f22:0xcf750000 f24:0xceaaaf63  x9=0x00000000
     177485.000 ns	     17747	800039b0	211ea8d3	fsgnjx.s	f17,f29,f17	 f29:0x00000000 f17:0x00000000 f17=0x00000000
     177515.000 ns	     17750	800039b4	28451153	fmax.s	f2,f10,f4	 f10:0x80041024  f4:0x80000000  f2=0x80000000
     177545.000 ns	     17753	800039b8	d015f653	fcvt.s.wu	f12,x11	 x11:0x00000000 f12=0x00000000
     177575.000 ns	     17756	800039bc	032226b3	mulhsu	x13,x4,x18	  x4:0xfffffad6 x18:0x00000000 x13=0x00000000
     177595.000 ns	     17758	800039c0	00d9ed33	or	x26,x19,x13	 x19:0x00000000 x13:0x00000001 x26=0x00000000
     177605.000 ns	     17759	800039c4	cbe34e93	xori	x29,x6,-834	  x6:0x00000801 x29=0xfffff4bf
     177615.000 ns	     17760	800039c8	01bbd393	srli	x7,x23,0x1b	 x23:0x5557aa02  x7=0x0000000a
     177635.000 ns	     17762	800039cc	207f0453	fsgnj.s	f8,f30,f7	 f30:0x3f800000  f7:0x40000000  f8=0x3f800000
     177665.000 ns	     17765	800039d0	02d225b3	mulhsu	x11,x4,x13	  x4:0xfffffad6 x13:0x00000000 x11=0x00000000
     177695.000 ns	     17768	800039d4	02e6af33	mulhsu	x30,x13,x14	 x13:0x00000000 x14:0x80040fe4 x30=0x00000000
     177715.000 ns	     17770	800039d8	01f057b3	srl	x15,x0,x31	  x0:0x00000000 x31:0x0fffffe5 x15=0x00000000
     177735.000 ns	     17772	800039dc	a0700c53	fle.s	x24,f0,f7	  f0:0x4f00040f  f7:0x40000000 x24=0x00000000
     177755.000 ns	     17774	800039e0	41bd56b3	sra	x13,x26,x27	 x26:0x00000000 x27:0x01555ec6 x13=0x00000000
     177765.000 ns	     17775	800039e4	00bfc233	xor	x4,x31,x11	 x31:0x0fffffe5 x11:0x00000000  x4=0x0fffffe5
     177805.000 ns	     17779	800039e8	0025fe53	fadd.s	f28,f11,f2	 f11:0x00000000  f2:0x80000000 f28=0x80000000
     178985.000 ns	     17897	800039ec	5803f653	fsqrt.s	f12,f7	  f7:0x40000000 f12=0x3f350482
     179015.000 ns	     17900	800039f0	208800d3	fsgnj.s	f1,f16,f8	 f16:0x00000000  f8:0x3f800000  f1=0x00000000
     179045.000 ns	     17903	800039f4	02110e33	mul	x28,x2,x1	  x2:0x01555ec6  x1:0x00000001 x28=0x01555ec6
     179065.000 ns	     17905	800039f8	00cae6b3	or	x13,x21,x12	 x21:0xfffffc22 x12:0x00000000 x13=0xfffffc22
     179075.000 ns	     17906	800039fc	6ec5be13	sltiu	x28,x11,1772	 x11:0x00000000 x28=0x00000001
     179085.000 ns	     17907	80003a00	41c45d33	sra	x26,x8,x28	  x8:0x5557b180 x28:0x01555ec6 x26=0x2aabd8c0
     179115.000 ns	     17910	80003a04	580b25d3	fsqrt.s	f11,f22	 f22:0xcf750000 f11=0x7fc00000
     179145.000 ns	     17913	80003a08	a12b86d3	fle.s	x13,f23,f18	 f23:0x4f750000 f18:0x3f800000 x13=0x00000000
     179165.000 ns	     17915	80003a0c	01e603b3	add	x7,x12,x30	 x12:0x00000000 x30:0x00000000  x7=0x00000000
     179175.000 ns	     17916	80003a10	00247fb3	and	x31,x8,x2	  x8:0x5557b180  x2:0x01555ec6 x31=0x01551080
     179185.000 ns	     17917	80003a14	00c01e33	sll	x28,x0,x12	  x0:0x00000000 x12:0x00000000 x28=0x00000000
     179195.000 ns	     17918	80003a18	00519493	slli	x9,x3,0x5	  x3:0x000005ad  x9=0x0000b5a0
     179215.000 ns	     17920	80003a1c	286a8653	fmin.s	f12,f21,f6	 f21:0xceaaaf63  f6:0xcf750000 f12=0xcf750000
     179235.000 ns	     17922	80003a20	00e87f33	and	x30,x16,x14	 x16:0x00000001 x14:0x80040fe4 x30=0x00000000
     179255.000 ns	     17924	80003a24	d00c1d53	fcvt.s.w	f26,x24	 x24:0x00000000 f26=0x00000000
     179275.000 ns	     17926	80003a28	ef0ffd93	andi	x27,x31,-272	 x31:0x01551080 x27=0x01551080
     179285.000 ns	     17927	80003a2c	00000013	addi	x0,x0,0	  x0:0x00000000
     179295.000 ns	     17928	80003a30	40265333	sra	x6,x12,x2	 x12:0x00000000  x2:0x01555ec6  x6=0x00000000
     179305.000 ns	     17929	80003a34	00c7bab7	lui	x21,0xc7b	 x21=0x00c7b000
     179325.000 ns	     17931	80003a38	c019f9d3	fcvt.wu.s	x19,f19	 f19:0x4f750000 x19=0xf5000000
     179345.000 ns	     17933	80003a3c	00000013	addi	x0,x0,0	  x0:0x00000000
     179365.000 ns	     17935	80003a40	c01b10d3	fcvt.wu.s	x1,f22	 f22:0xcf750000  x1=0xf5000000
     179415.000 ns	     17940	80003a44	00bca6d3	fadd.s	f13,f25,f11	 f25:0x4baaaf63 f11:0x7fc00000 f13=0x7fc00000
     179445.000 ns	     17943	80003a48	a1ed2453	feq.s	x8,f26,f30	 f26:0x00000000 f30:0x3f800000  x8=0x00000000
     179465.000 ns	     17945	80003a4c	8f14fc13	andi	x24,x9,-1807	  x9:0x0000b5a0 x24=0x0000b0a0
     179485.000 ns	     17947	80003a50	d014c3d3	fcvt.s.wu	f7,x9	  x9:0x0000b5a0  f7=0x4735a000
     179505.000 ns	     17949	80003a54	0e30bd93	sltiu	x27,x1,227	  x1:0xf5000000 x27=0x00000000
     179525.000 ns	     17951	80003a58	293601d3	fmin.s	f3,f12,f19	 f12:0xcf750000 f19:0x4f750000  f3=0xcf750000
     179555.000 ns	     17954	80003a5c	03c2fcb3	remu	x25,x5,x28	  x5:0x80041024 x28:0x00000000 x25=0x80041024
     179575.000 ns	     17956	80003a60	401b0eb3	sub	x29,x22,x1	 x22:0xaaa84e4e  x1:0xf5000000 x29=0xb5a84e4e
     179595.000 ns	     17958	80003a64	03d085b3	mul	x11,x1,x29	  x1:0xf5000000 x29:0xfffff4bf x11=0xa6000000
     179625.000 ns	     17961	80003a68	c014bbd3	fcvt.wu.s	x23,f9	  f9:0x3f800000 x23=0x00000001
     179655.000 ns	     17964	80003a6c	20a42e53	fsgnjx.s	f28,f8,f10	  f8:0x3f800000 f10:0x80041024 f28=0xbf800000
     179675.000 ns	     17966	80003a70	011c5893	srli	x17,x24,0x11	 x24:0x0000b0a0 x17=0x00000000
     179695.000 ns	     17968	80003a74	c004f953	fcvt.w.s	x18,f9	  f9:0x3f800000 x18=0x00000001
     179715.000 ns	     17970	80003a78	da280693	addi	x13,x16,-606	 x16:0x00000001 x13=0xfffffda3
     179735.000 ns	     17972	80003a7c	c01037d3	fcvt.wu.s	x15,f0	  f0:0x4f00040f x15=0x80040f00
     179765.000 ns	     17975	80003a80	a1798ad3	fle.s	x21,f19,f23	 f19:0x4f750000 f23:0x4f750000 x21=0x00000001
     179785.000 ns	     17977	80003a84	78df75b7	lui	x11,0x78df7	 x11=0x78df7000
     180145.000 ns	     18013	80003a88	030e7db3	remu	x27,x28,x16	 x28:0x00000000 x16:0x00000001 x27=0x00000000
     180165.000 ns	     18015	80003a8c	00dd58b3	srl	x17,x26,x13	 x26:0x2aabd8c0 x13:0xfffffda3 x17=0x05557b18
     180175.000 ns	     18016	80003a90	01cdf833	and	x16,x27,x28	 x27:0x00000000 x28:0x00000000 x16=0x00000000
     180185.000 ns	     18017	80003a94	41f6dd13	srai	x26,x13,0x1f	 x13:0xfffffda3 x26=0xffffffff
     180195.000 ns	     18018	80003a98	40695ab3	sra	x21,x18,x6	 x18:0x00000001  x6:0x00000000 x21=0x00000001
     180205.000 ns	     18019	80003a9c	9e3a8b93	addi	x23,x21,-1565	 x21:0x00000001 x23=0xfffff9e4
     180235.000 ns	     18022	80003aa0	19982453	fdiv.s	f8,f16,f25	 f16:0x00000000 f25:0x4baaaf63  f8=0x00000000
     180265.000 ns	     18025	80003aa4	03e15a33	divu	x20,x2,x30	  x2:0x01555ec6 x30:0x00000000 x20=0xffffffff
     180285.000 ns	     18027	80003aa8	01781cb3	sll	x25,x16,x23	 x16:0x00000000 x23:0xfffff9e4 x25=0x00000000
     180295.000 ns	     18028	80003aac	e1441897	auipc	x17,0xe1441	 x17=0x61444aac
     180305.000 ns	     18029	80003ab0	0002dfb3	srl	x31,x5,x0	  x5:0x80041024  x0:0x00000000 x31=0x80041024
     180325.000 ns	     18031	80003ab4	206c11d3	fsgnjn.s	f3,f24,f6	 f24:0xceaaaf63  f6:0xcf750000  f3=0x4eaaaf63
     180345.000 ns	     18033	80003ab8	00452c33	slt	x24,x10,x4	 x10:0x00000002  x4:0x0fffffe5 x24=0x00000001
     180365.000 ns	     18035	80003abc	20050e53	fsgnj.s	f28,f10,f0	 f10:0x80041024  f0:0x4f00040f f28=0x00041024
     180385.000 ns	     18037	80003ac0	85d3c093	xori	x1,x7,-1955	  x7:0x00000000  x1=0xfffff85d
     180405.000 ns	     18039	80003ac4	03d706b3	mul	x13,x14,x29	 x14:0x80040fe4 x29:0xb5a84e4e x13=0xdfb44f78
     180775.000 ns	     18076	80003ac8	0327fd33	remu	x26,x15,x18	 x15:0x80040f00 x18:0x00000001 x26=0x00000000
     180805.000 ns	     18079	80003acc	024c8e33	mul	x28,x25,x4	 x25:0x00000000  x4:0x0fffffe5 x28=0x00000000
     180835.000 ns	     18082	80003ad0	03970cb3	mul	x25,x14,x25	 x14:0x80040fe4 x25:0x00000000 x25=0x00000000
     180855.000 ns	     18084	80003ad4	40dbd5b3	sra	x11,x23,x13	 x23:0xfffff9e4 x13:0xdfb44f78 x11=0xffffffff
     180875.000 ns	     18086	80003ad8	d00197d3	fcvt.s.w	f15,x3	  x3:0x000005ad f15=0x44b5a000
     180895.000 ns	     18088	80003adc	00000013	addi	x0,x0,0	  x0:0x00000000
     180905.000 ns	     18089	80003ae0	00f11313	slli	x6,x2,0xf	  x2:0x01555ec6  x6=0xaf630000
     180935.000 ns	     18092	80003ae4	1069fa53	fmul.s	f20,f19,f6	 f19:0x4f750000  f6:0xcf750000 f20=0xdf6a7900
     180955.000 ns	     18094	80003ae8	407d5633	sra	x12,x26,x7	 x26:0x00000000  x7:0x00000000 x12=0x00000000
     180975.000 ns	     18096	80003aec	f00e07d3	fmv.w.x	f15,x28	 x28:0x00000000 f15=0x00000000
     180995.000 ns	     18098	80003af0	4049da33	sra	x20,x19,x4	 x19:0xf5000000  x4:0x0fffffe5 x20=0xffa80000
     181005.000 ns	     18099	80003af4	008bd0b3	srl	x1,x23,x8	 x23:0xfffff9e4  x8:0x00000000  x1=0xfffff9e4
     181015.000 ns	     18100	80003af8	b90d0f93	addi	x31,x26,-1136	 x26:0x00000000 x31=0xfffffb90
     181035.000 ns	     18102	80003afc	02cf5a33	divu	x20,x30,x12	 x30:0x00000000 x12:0x00000000 x20=0xffffffff
     181065.000 ns	     18105	80003b00	d009c3d3	fcvt.s.w	f7,x19	 x19:0xf5000000  f7=0xcd300000
     181085.000 ns	     18107	80003b04	00000013	addi	x0,x0,0	  x0:0x00000000
     181105.000 ns	     18109	80003b08	c00e99d3	fcvt.w.s	x19,f29	 f29:0x00000000 x19=0x00000000
     181135.000 ns	     18112	80003b0c	c013c9d3	fcvt.wu.s	x19,f7	  f7:0xcd300000 x19=0x0b000000
     181165.000 ns	     18115	80003b10	e00b99d3	fclass.s	x19,f23	 f23:0x4f750000 x19=0x00000040
     181185.000 ns	     18117	80003b14	84ec0a93	addi	x21,x24,-1970	 x24:0x00000001 x21=0xfffff84f
     181195.000 ns	     18118	80003b18	01ccdb93	srli	x23,x25,0x1c	 x25:0x00000000 x23=0x00000000
     181215.000 ns	     18120	80003b1c	28519dd3	fmax.s	f27,f3,f5	  f3:0x4eaaaf63  f5:0x3f800000 f27=0x4eaaaf63
     181235.000 ns	     18122	80003b20	0012d1b3	srl	x3,x5,x1	  x5:0x80041024  x1:0xfffff9e4  x3=0x08004102
     181245.000 ns	     18123	80003b24	412e8fb3	sub	x31,x29,x18	 x29:0xb5a84e4e x18:0x00000001 x31=0xb5a84e4d
     181265.000 ns	     18125	80003b28	28300153	fmin.s	f2,f0,f3	  f0:0x4f00040f  f3:0x4eaaaf63  f2=0x4eaaaf63
     181295.000 ns	     18128	80003b2c	027dd5b3	divu	x11,x27,x7	 x27:0x00000000  x7:0x00000000 x11=0xffffffff
     181325.000 ns	     18131	80003b30	c01d45d3	fcvt.wu.s	x11,f26	 f26:0x00000000 x11=0x00000000
     181355.000 ns	     18134	80003b34	0297aa33	mulhsu	x20,x15,x9	 x15:0x80040f00  x9:0x0000b5a0 x20=0xffffa532
     181385.000 ns	     18137	80003b38	a1e485d3	fle.s	x11,f9,f30	  f9:0x3f800000 f30:0x3f800000 x11=0x00000001
     181405.000 ns	     18139	80003b3c	40f851b3	sra	x3,x16,x15	 x16:0x00000000 x15:0x80040f00  x3=0x00000000
     181425.000 ns	     18141	80003b40	e00610d3	fclass.s	x1,f12	 f12:0xcf750000  x1=0x00000002
     181445.000 ns	     18143	80003b44	3af00513	addi	x10,x0,943	  x0:0x00000000 x10=0x000003af
     181455.000 ns	     18144	80003b48	009568b3	or	x17,x10,x9	 x10:0x00000002  x9:0x0000b5a0 x17=0x0000b7af
     181465.000 ns	     18145	80003b4c	28c37e13	andi	x28,x6,652	  x6:0xaf630000 x28=0x00000000
     181485.000 ns	     18147	80003b50	a0180c53	fle.s	x24,f16,f1	 f16:0x00000000  f1:0x00000000 x24=0x00000001
     181515.000 ns	     18150	80003b54	e00d98d3	fclass.s	x17,f27	 f27:0x4eaaaf63 x17=0x00000040
     181535.000 ns	     18152	80003b58	977ac093	xori	x1,x21,-1673	 x21:0xfffff84f  x1=0x00000138
     181555.000 ns	     18154	80003b5c	0274e8b3	rem	x17,x9,x7	  x9:0x0000b5a0  x7:0x00000000 x17=0x0000b5a0
     181585.000 ns	     18157	80003b60	e00a9853	fclass.s	x16,f21	 f21:0xceaaaf63 x16=0x00000002
     181605.000 ns	     18159	80003b64	edeacc13	xori	x24,x21,-290	 x21:0xfffff84f x24=0x00000691
     181615.000 ns	     18160	80003b68	00bcf033	and	x0,x25,x11	 x25:0x00000000 x11:0x00000001
     181635.000 ns	     18162	80003b6c	038f1bb3	mulh	x23,x30,x24	 x30:0x00000000 x24:0x00000001 x23=0x00000000
     181655.000 ns	     18164	80003b70	00282f33	slt	x30,x16,x2	 x16:0x00000002  x2:0x01555ec6 x30=0x00000001
     181675.000 ns	     18166	80003b74	d00a2a53	fcvt.s.w	f20,x20	 x20:0xffffa532 f20=0xc6b59c00
     181725.000 ns	     18171	80003b78	01103bd3	fadd.s	f23,f0,f17	  f0:0x4f00040f f17:0x00000000 f23=0x4f00040f
     181755.000 ns	     18174	80003b7c	e0059bd3	fclass.s	x23,f11	 f11:0x7fc00000 x23=0x00000200
     181775.000 ns	     18176	80003b80	01aae233	or	x4,x21,x26	 x21:0xfffff84f x26:0x00000000  x4=0xfffff84f
     181785.000 ns	     18177	80003b84	002e1113	slli	x2,x28,0x2	 x28:0x00000000  x2=0x00000000
     181825.000 ns	     18181	80003b88	09c51c53	fsub.s	f24,f10,f28	 f10:0x80041024 f28:0x00041024 f24=0x80082048
     181855.000 ns	     18184	80003b8c	a05e0c53	fle.s	x24,f28,f5	 f28:0x00041024  f5:0x3f800000 x24=0x00000001
     181875.000 ns	     18186	80003b90	40115f13	srai	x30,x2,0x1	  x2:0x00000000 x30=0x00000000
     181895.000 ns	     18188	80003b94	02ef07b3	mul	x15,x30,x14	 x30:0x00000001 x14:0x80040fe4 x15=0x00000000
     181915.000 ns	     18190	80003b98	40885c33	sra	x24,x16,x8	 x16:0x00000002  x8:0x00000000 x24=0x00000002
     181925.000 ns	     18191	80003b9c	007fe0b3	or	x1,x31,x7	 x31:0xb5a84e4d  x7:0x00000000  x1=0xb5a84e4d
     181945.000 ns	     18193	80003ba0	21458ed3	fsgnj.s	f29,f11,f20	 f11:0x7fc00000 f20:0xc6b59c00 f29=0xffc00000
     181975.000 ns	     18196	80003ba4	a1f3acd3	feq.s	x25,f7,f31	  f7:0xcd300000 f31:0x00000000 x25=0x00000000
     182005.000 ns	     18199	80003ba8	20fb8d53	fsgnj.s	f26,f23,f15	 f23:0x4f00040f f15:0x00000000 f26=0x4f00040f
     182035.000 ns	     18202	80003bac	03960633	mul	x12,x12,x25	 x12:0x00000000 x25:0x00000000 x12=0x00000000
     182065.000 ns	     18205	80003bb0	022f7833	remu	x16,x30,x2	 x30:0x00000000  x2:0x00000000 x16=0x00000000
     182085.000 ns	     18207	80003bb4	009e5f13	srli	x30,x28,0x9	 x28:0x00000000 x30=0x00000000
     182095.000 ns	     18208	80003bb8	86d5c117	auipc	x2,0x86d5c	  x2=0x06d5fbb8
     182125.000 ns	     18211	80003bbc	58064fd3	fsqrt.s	f31,f12	 f12:0xcf750000 f31=0x7fc00000
     182145.000 ns	     18213	80003bc0	01247c33	and	x24,x8,x18	  x8:0x00000000 x18:0x00000001 x24=0x00000000
     182165.000 ns	     18215	80003bc4	03e786b3	mul	x13,x15,x30	 x15:0x00000000 x30:0x00000000 x13=0x00000000
     182195.000 ns	     18218	80003bc8	282e9653	fmax.s	f12,f29,f2	 f29:0xffc00000  f2:0x4eaaaf63 f12=0x4eaaaf63
     182215.000 ns	     18220	80003bcc	01ecde13	srli	x28,x25,0x1e	 x25:0x00000000 x28=0x00000000
     182225.000 ns	     18221	80003bd0	012b1c13	slli	x24,x22,0x12	 x22:0xaaa84e4e x24=0x39380000
     182235.000 ns	     18222	80003bd4	4030dc33	sra	x24,x1,x3	  x1:0xb5a84e4d  x3:0x00000000 x24=0xb5a84e4d
     182245.000 ns	     18223	80003bd8	1dd2de97	auipc	x29,0x1dd2d	 x29=0x9dd30bd8
     182255.000 ns	     18224	80003bdc	4010d333	sra	x6,x1,x1	  x1:0xb5a84e4d  x1:0xb5a84e4d  x6=0xfffdad42
     182275.000 ns	     18226	80003be0	d01e8153	fcvt.s.wu	f2,x29	 x29:0xb5a84e4e  f2=0x4f1dd30c
     182305.000 ns	     18229	80003be4	21418153	fsgnj.s	f2,f3,f20	  f3:0x4eaaaf63 f20:0xc6b59c00  f2=0xceaaaf63
     182325.000 ns	     18231	80003be8	56fce017	auipc	x0,0x56fce	
     182345.000 ns	     18233	80003bec	d01840d3	fcvt.s.wu	f1,x16	 x16:0x00000000  f1=0x00000000
     182365.000 ns	     18235	80003bf0	01720633	add	x12,x4,x23	  x4:0xfffff84f x23:0x00000200 x12=0xfffffa4f
     182375.000 ns	     18236	80003bf4	001b8db3	add	x27,x23,x1	 x23:0x00000200  x1:0xb5a84e4d x27=0xb5a8504d
     182385.000 ns	     18237	80003bf8	7620b113	sltiu	x2,x1,1890	  x1:0xb5a84e4d  x2=0x00000000
     182405.000 ns	     18239	80003bfc	28141353	fmax.s	f6,f8,f1	  f8:0x00000000  f1:0x00000000  f6=0x00000000
     182425.000 ns	     18241	80003c00	01d92333	slt	x6,x18,x29	 x18:0x00000001 x29:0x9dd30bd8  x6=0x00000000
     182445.000 ns	     18243	80003c04	d00f8f53	fcvt.s.w	f30,x31	 x31:0xb5a84e4d f30=0xce94af63
     182475.000 ns	     18246	80003c08	d003fa53	fcvt.s.w	f20,x7	  x7:0x00000000 f20=0x00000000
     182525.000 ns	     18251	80003c0c	0924f7d3	fsub.s	f15,f9,f18	  f9:0x3f800000 f18:0x3f800000 f15=0x80000000
     182895.000 ns	     18288	80003c10	03837533	remu	x10,x6,x24	  x6:0x00000000 x24:0xb5a84e4d x10=0x00000000
     182925.000 ns	     18291	80003c14	d00c04d3	fcvt.s.w	f9,x24	 x24:0xb5a84e4d  f9=0xce94af63
     182945.000 ns	     18293	80003c18	003911b3	sll	x3,x18,x3	 x18:0x00000001  x3:0x00000000  x3=0x00000001
     182955.000 ns	     18294	80003c1c	00b61093	slli	x1,x12,0xb	 x12:0xfffffa4f  x1=0xffd27800
     182975.000 ns	     18296	80003c20	034e1cb3	mulh	x25,x28,x20	 x28:0x00000000 x20:0xffffa532 x25=0x00000000
     183015.000 ns	     18300	80003c24	190df7d3	fdiv.s	f15,f27,f16	 f27:0x4eaaaf63 f16:0x00000000 f15=0x7f800000
     183385.000 ns	     18337	80003c28	021570b3	remu	x1,x10,x1	 x10:0x00000000  x1:0xffd27800  x1=0x00000000
     183415.000 ns	     18340	80003c2c	e00515d3	fclass.s	x11,f10	 f10:0x80041024 x11=0x00000004
     183445.000 ns	     18343	80003c30	28a59ad3	fmax.s	f21,f11,f10	 f11:0x7fc00000 f10:0x80041024 f21=0x80041024
     183465.000 ns	     18345	80003c34	41205593	srai	x11,x0,0x12	  x0:0x00000000 x11=0x00000000
     183485.000 ns	     18347	80003c38	f00f8553	fmv.w.x	f10,x31	 x31:0xb5a84e4d f10=0xb5a84e4d
     183515.000 ns	     18350	80003c3c	c01173d3	fcvt.wu.s	x7,f2	  f2:0xceaaaf63  x7=0x5557b180
     183535.000 ns	     18352	80003c40	a60c3f13	sltiu	x30,x24,-1440	 x24:0xb5a84e4d x30=0x00000001
     183575.000 ns	     18356	80003c44	01bc17d3	fadd.s	f15,f24,f27	 f24:0x80082048 f27:0x4eaaaf63 f15=0x4eaaaf63
     183615.000 ns	     18360	80003c48	11b670d3	fmul.s	f1,f12,f27	 f12:0x4eaaaf63 f27:0x4eaaaf63  f1=0x5de39ad0
     183635.000 ns	     18362	80003c4c	b7cea493	slti	x9,x29,-1156	 x29:0x9dd30bd8  x9=0x00000001
     183645.000 ns	     18363	80003c50	00875893	srli	x17,x14,0x8	 x14:0x80040fe4 x17=0x0080040f
     183665.000 ns	     18365	80003c54	a0f30e53	fle.s	x28,f6,f15	  f6:0x00000000 f15:0x4eaaaf63 x28=0x00000001
     184035.000 ns	     18402	80003c58	037e5bb3	divu	x23,x28,x23	 x28:0x00000000 x23:0x00000200 x23=0x00000000
     184405.000 ns	     18439	80003c5c	03625d33	divu	x26,x4,x22	  x4:0xfffff84f x22:0xaaa84e4e x26=0x00000001
     184425.000 ns	     18441	80003c60	40415f33	sra	x30,x2,x4	  x2:0x00000000  x4:0xfffff84f x30=0x00000000
     184445.000 ns	     18443	80003c64	200d0bd3	fsgnj.s	f23,f26,f0	 f26:0x4f00040f  f0:0x4f00040f f23=0x4f00040f
     184475.000 ns	     18446	80003c68	03fca233	mulhsu	x4,x25,x31	 x25:0x00000000 x31:0xb5a84e4d  x4=0x00000000
     184525.000 ns	     18451	80003c6c	005f7953	fadd.s	f18,f30,f5	 f30:0xce94af63  f5:0x3f800000 f18=0xce94af62
     184565.000 ns	     18455	80003c70	108371d3	fmul.s	f3,f6,f8	  f6:0x00000000  f8:0x00000000  f3=0x00000000
     184595.000 ns	     18458	80003c74	f0048fd3	fmv.w.x	f31,x9	  x9:0x00000001 f31=0x00000001
     184615.000 ns	     18460	80003c78	9b313e13	sltiu	x28,x2,-1613	  x2:0x00000000 x28=0x00000001
     184635.000 ns	     18462	80003c7c	02462d33	mulhsu	x26,x12,x4	 x12:0xfffffa4f  x4:0x00000000 x26=0x00000000
     184655.000 ns	     18464	80003c80	ad043213	sltiu	x4,x8,-1328	  x8:0x00000000  x4=0x00000001
     184675.000 ns	     18466	80003c84	f0020cd3	fmv.w.x	f25,x4	  x4:0x00000000 f25=0x00000001
     184715.000 ns	     18470	80003c88	1023fc53	fmul.s	f24,f7,f2	  f7:0xcd300000  f2:0xceaaaf63 f24=0x5c6ab128
     184745.000 ns	     18473	80003c8c	02041bb3	mulh	x23,x8,x0	  x8:0x00000000  x0:0x00000000 x23=0x00000000
     184765.000 ns	     18475	80003c90	00000013	addi	x0,x0,0	  x0:0x00000000
     184775.000 ns	     18476	80003c94	07196217	auipc	x4,0x7196	  x4=0x87199c94
     184795.000 ns	     18478	80003c98	29a002d3	fmin.s	f5,f0,f26	  f0:0x4f00040f f26:0x4f00040f  f5=0x4f00040f
     184825.000 ns	     18481	80003c9c	a0e0ae53	feq.s	x28,f1,f14	  f1:0x5de39ad0 f14:0x4f750000 x28=0x00000000
     184855.000 ns	     18484	80003ca0	202003d3	fsgnj.s	f7,f0,f2	  f0:0x4f00040f  f2:0xceaaaf63  f7=0xcf00040f
     184885.000 ns	     18487	80003ca4	02b9d4b3	divu	x9,x19,x11	 x19:0x00000040 x11:0x00000000  x9=0xffffffff
     184905.000 ns	     18489	80003ca8	b846db97	auipc	x23,0xb846d	 x23=0x38470ca8
     184925.000 ns	     18491	80003cac	036e3a33	mulhu	x20,x28,x22	 x28:0x00000000 x22:0xaaa84e4e x20=0x00000000
     185295.000 ns	     18528	80003cb0	03f2c1b3	div	x3,x5,x31	  x5:0x80041024 x31:0xb5a84e4d  x3=0x00000001
     185315.000 ns	     18530	80003cb4	0073a033	slt	x0,x7,x7	  x7:0x5557b180  x7:0x5557b180
     185325.000 ns	     18531	80003cb8	c65b7f93	andi	x31,x22,-923	 x22:0xaaa84e4e x31=0xaaa84c44
     185335.000 ns	     18532	80003cbc	0135c6b3	xor	x13,x11,x19	 x11:0x00000000 x19:0x00000040 x13=0x00000040
     185345.000 ns	     18533	80003cc0	011e9633	sll	x12,x29,x17	 x29:0x9dd30bd8 x17:0x0080040f x12=0x85ec0000
     185355.000 ns	     18534	80003cc4	015fd9b3	srl	x19,x31,x21	 x31:0xaaa84c44 x21:0xfffff84f x19=0x00015550
     185365.000 ns	     18535	80003cc8	00000013	addi	x0,x0,0	  x0:0x00000000
     185375.000 ns	     18536	80003ccc	00e217b3	sll	x15,x4,x14	  x4:0x87199c94 x14:0x80040fe4 x15=0x7199c940
     185395.000 ns	     18538	80003cd0	f00b0c53	fmv.w.x	f24,x22	 x22:0xaaa84e4e f24=0xaaa84e4e
     185415.000 ns	     18540	80003cd4	fa840213	addi	x4,x8,-88	  x8:0x00000000  x4=0xffffffa8
     185425.000 ns	     18541	80003cd8	401ddfb3	sra	x31,x27,x1	 x27:0xb5a8504d  x1:0x00000000 x31=0xb5a8504d
     185445.000 ns	     18543	80003cdc	21e22b53	fsgnjx.s	f22,f4,f30	  f4:0x80000000 f30:0xce94af63 f22=0x00000000
     185465.000 ns	     18545	80003ce0	40d2d8b3	sra	x17,x5,x13	  x5:0x80041024 x13:0x00000040 x17=0x80041024
     185475.000 ns	     18546	80003ce4	7bfa2793	slti	x15,x20,1983	 x20:0x00000000 x15=0x00000001
     185495.000 ns	     18548	80003ce8	e0098a53	fmv.x.w	x20,f19	 f19:0x4f750000 x20=0x4f750000
     185525.000 ns	     18551	80003cec	29e18ad3	fmin.s	f21,f3,f30	  f3:0x00000000 f30:0xce94af63 f21=0xce94af63
     185555.000 ns	     18554	80003cf0	0229afb3	mulhsu	x31,x19,x2	 x19:0x00015550  x2:0x00000000 x31=0x00000000
     185575.000 ns	     18556	80003cf4	83350613	addi	x12,x10,-1997	 x10:0x00000000 x12=0xfffff833
     185585.000 ns	     18557	80003cf8	3c4b0f13	addi	x30,x22,964	 x22:0xaaa84e4e x30=0xaaa85212
     185605.000 ns	     18559	80003cfc	032db433	mulhu	x8,x27,x18	 x27:0xb5a8504d x18:0x00000001  x8=0x00000000
     185625.000 ns	     18561	80003d00	e4c90193	addi	x3,x18,-436	 x18:0x00000001  x3=0xfffffe4d
     185645.000 ns	     18563	80003d04	21fd2a53	fsgnjx.s	f20,f26,f31	 f26:0x4f00040f f31:0x00000001 f20=0x4f00040f
     185665.000 ns	     18565	80003d08	17b13d13	sltiu	x26,x2,379	  x2:0x00000000 x26=0x00000001
     185685.000 ns	     18567	80003d0c	a11ea0d3	feq.s	x1,f29,f17	 f29:0xffc00000 f17:0x00000000  x1=0x00000000
     185705.000 ns	     18569	80003d10	00000013	addi	x0,x0,0	  x0:0x00000000
     185725.000 ns	     18571	80003d14	0282b4b3	mulhu	x9,x5,x8	  x5:0x80041024  x8:0x00000000  x9=0x00000000
     185765.000 ns	     18575	80003d18	580575d3	fsqrt.s	f11,f10	 f10:0xb5a84e4d f11=0x7fc00000
     185785.000 ns	     18577	80003d1c	61f08913	addi	x18,x1,1567	  x1:0x00000000 x18=0x0000061f
     185795.000 ns	     18578	80003d20	010da233	slt	x4,x27,x16	 x27:0xb5a8504d x16:0x00000000  x4=0x00000001
     185815.000 ns	     18580	80003d24	a1210cd3	fle.s	x25,f2,f18	  f2:0xceaaaf63 f18:0xce94af62 x25=0x00000001
     185835.000 ns	     18582	80003d28	1acbc317	auipc	x6,0x1acbc	  x6=0x9acbfd28
     185845.000 ns	     18583	80003d2c	01214ab3	xor	x21,x2,x18	  x2:0x00000000 x18:0x0000061f x21=0x0000061f
     185865.000 ns	     18585	80003d30	c00546d3	fcvt.w.s	x13,f10	 f10:0xb5a84e4d x13=0x00000000
     185885.000 ns	     18587	80003d34	00881533	sll	x10,x16,x8	 x16:0x00000000  x8:0x00000000 x10=0x00000000
     185895.000 ns	     18588	80003d38	d0822017	auipc	x0,0xd0822	
     185905.000 ns	     18589	80003d3c	00186433	or	x8,x16,x1	 x16:0x00000000  x1:0x00000000  x8=0x00000000
     185945.000 ns	     18593	80003d40	00637c53	fadd.s	f24,f6,f6	  f6:0x00000000  f6:0x00000000 f24=0x00000000
     185965.000 ns	     18595	80003d44	002e3433	sltu	x8,x28,x2	 x28:0x00000000  x2:0x00000000  x8=0x00000000
     185985.000 ns	     18597	80003d48	a15787d3	fle.s	x15,f15,f21	 f15:0x4eaaaf63 f21:0xce94af63 x15=0x00000000
     186005.000 ns	     18599	80003d4c	01dcd133	srl	x2,x25,x29	 x25:0x00000001 x29:0x9dd30bd8  x2=0x00000000
     186015.000 ns	     18600	80003d50	01de76b3	and	x13,x28,x29	 x28:0x00000000 x29:0x9dd30bd8 x13=0x00000000
     186025.000 ns	     18601	80003d54	e141ce13	xori	x28,x3,-492	  x3:0xfffffe4d x28=0x00000059
     186035.000 ns	     18602	80003d58	00b19133	sll	x2,x3,x11	  x3:0xfffffe4d x11:0x00000000  x2=0xfffffe4d
     186045.000 ns	     18603	80003d5c	0073ceb3	xor	x29,x7,x7	  x7:0x5557b180  x7:0x5557b180 x29=0x00000000
     186065.000 ns	     18605	80003d60	28a516d3	fmax.s	f13,f10,f10	 f10:0xb5a84e4d f10:0xb5a84e4d f13=0xb5a84e4d
     186085.000 ns	     18607	80003d64	005d7db3	and	x27,x26,x5	 x26:0x00000001  x5:0x80041024 x27=0x00000000
     186105.000 ns	     18609	80003d68	a10181d3	fle.s	x3,f3,f16	  f3:0x00000000 f16:0x00000000  x3=0x00000001
     186135.000 ns	     18612	80003d6c	292e0e53	fmin.s	f28,f28,f18	 f28:0x00041024 f18:0xce94af62 f28=0xce94af62
     186155.000 ns	     18614	80003d70	a78d7e13	andi	x28,x26,-1416	 x26:0x00000001 x28=0x00000000
     186165.000 ns	     18615	80003d74	ec7ecf13	xori	x30,x29,-313	 x29:0x00000000 x30=0xfffffec7
     186205.000 ns	     18619	80003d78	00fd7ed3	fadd.s	f29,f26,f15	 f26:0x4f00040f f15:0x4eaaaf63 f29=0x4f555bc0
     186245.000 ns	     18623	80003d7c	1080fe53	fmul.s	f28,f1,f8	  f1:0x5de39ad0  f8:0x00000000 f28=0x00000000
     186615.000 ns	     18660	80003d80	02e87fb3	remu	x31,x16,x14	 x16:0x00000000 x14:0x80040fe4 x31=0x00000000
     187795.000 ns	     18778	80003d84	580df053	fsqrt.s	f0,f27	 f27:0x4eaaaf63  f0=0x4713cf27
     187815.000 ns	     18780	80003d88	c4016817	auipc	x16,0xc4016	 x16=0x44019d88
     188985.000 ns	     18897	80003d8c	58028153	fsqrt.s	f2,f5	  f5:0x4f00040f  f2=0x46b50a40
     189005.000 ns	     18899	80003d90	725e8917	auipc	x18,0x725e8	 x18=0xf25ebd90
     189015.000 ns	     18900	80003d94	008978b3	and	x17,x18,x8	 x18:0x0000061f  x8:0x00000000 x17=0x00000000
     189035.000 ns	     18902	80003d98	d00d2853	fcvt.s.w	f16,x26	 x26:0x00000001 f16=0x3f800000
     189065.000 ns	     18905	80003d9c	20ff0c53	fsgnj.s	f24,f30,f15	 f30:0xce94af63 f15:0x4eaaaf63 f24=0x4e94af63
     189115.000 ns	     18910	80003da0	08bb77d3	fsub.s	f15,f22,f11	 f22:0x00000000 f11:0x7fc00000 f15=0x7fc00000
     189485.000 ns	     18947	80003da4	0369c233	div	x4,x19,x22	 x19:0x00015550 x22:0xaaa84e4e  x4=0x00000000
     189515.000 ns	     18950	80003da8	02919bb3	mulh	x23,x3,x9	  x3:0x00000001  x9:0x00000000 x23=0x00000000
     189535.000 ns	     18952	80003dac	139ae417	auipc	x8,0x139ae	  x8=0x939b1dac
     189545.000 ns	     18953	80003db0	00522033	slt	x0,x4,x5	  x4:0x00000000  x5:0x80041024
     189565.000 ns	     18955	80003db4	29461353	fmax.s	f6,f12,f20	 f12:0x4eaaaf63 f20:0x4f00040f  f6=0x4f00040f
     189585.000 ns	     18957	80003db8	693e95b7	lui	x11,0x693e9	 x11=0x693e9000
     189595.000 ns	     18958	80003dbc	d0e5bc93	sltiu	x25,x11,-754	 x11:0x00000000 x25=0x00000001
     189615.000 ns	     18960	80003dc0	02648633	mul	x12,x9,x6	  x9:0x00000000  x6:0x9acbfd28 x12=0x00000000
     189635.000 ns	     18962	80003dc4	8fb8a793	slti	x15,x17,-1797	 x17:0x00000000 x15=0x00000000
     189655.000 ns	     18964	80003dc8	a0340453	fle.s	x8,f8,f3	  f8:0x00000000  f3:0x00000000  x8=0x00000001
     189685.000 ns	     18967	80003dcc	2059a653	fsgnjx.s	f12,f19,f5	 f19:0x4f750000  f5:0x4f00040f f12=0x4f750000
     189705.000 ns	     18969	80003dd0	80526113	ori	x2,x4,-2043	  x4:0x00000000  x2=0xfffff805
     189725.000 ns	     18971	80003dd4	d01bf4d3	fcvt.s.wu	f9,x23	 x23:0x00000000  f9=0x00000000
     189745.000 ns	     18973	80003dd8	015fd233	srl	x4,x31,x21	 x31:0x00000000 x21:0x0000061f  x4=0x00000000
     189765.000 ns	     18975	80003ddc	a1e781d3	fle.s	x3,f15,f30	 f15:0x7fc00000 f30:0xce94af63  x3=0x00000000
     189795.000 ns	     18978	80003de0	02371bb3	mulh	x23,x14,x3	 x14:0x80040fe4  x3:0x00000001 x23=0x00000000
     190165.000 ns	     19015	80003de4	02ef7bb3	remu	x23,x30,x14	 x30:0xfffffec7 x14:0x80040fe4 x23=0x7ffbeee3
     190185.000 ns	     19017	80003de8	41d0d213	srai	x4,x1,0x1d	  x1:0x00000000  x4=0x00000000
     190195.000 ns	     19018	80003dec	0054ce33	xor	x28,x9,x5	  x9:0x00000000  x5:0x80041024 x28=0x80041024
     190205.000 ns	     19019	80003df0	013aedb3	or	x27,x21,x19	 x21:0x0000061f x19:0x00015550 x27=0x0001575f
     190215.000 ns	     19020	80003df4	00ebd633	srl	x12,x23,x14	 x23:0x7ffbeee3 x14:0x80040fe4 x12=0x07ffbeee
     190235.000 ns	     19022	80003df8	e00d9ad3	fclass.s	x21,f27	 f27:0x4eaaaf63 x21=0x00000040
     190255.000 ns	     19024	80003dfc	00931f13	slli	x30,x6,0x9	  x6:0x9acbfd28 x30=0x97fa5000
     190615.000 ns	     19060	80003e00	0358c433	div	x8,x17,x21	 x17:0x00000000 x21:0x00000040  x8=0x00000000
     190645.000 ns	     19063	80003e04	a16ea853	feq.s	x16,f29,f22	 f29:0x4f555bc0 f22:0x00000000 x16=0x00000000
     190675.000 ns	     19066	80003e08	d00afe53	fcvt.s.w	f28,x21	 x21:0x00000040 f28=0x42800000
     191045.000 ns	     19103	80003e0c	022f5c33	divu	x24,x30,x2	 x30:0x97fa5000  x2:0xfffff805 x24=0x00000000
     191065.000 ns	     19105	80003e10	014f97b3	sll	x15,x31,x20	 x31:0x00000000 x20:0x4f750000 x15=0x00000000
     191075.000 ns	     19106	80003e14	40fd05b3	sub	x11,x26,x15	 x26:0x00000001 x15:0x00000000 x11=0x00000001
     191095.000 ns	     19108	80003e18	e0090ad3	fmv.x.w	x21,f18	 f18:0xce94af62 x21=0xce94af62
     191115.000 ns	     19110	80003e1c	010beeb3	or	x29,x23,x16	 x23:0x7ffbeee3 x16:0x00000000 x29=0x7ffbeee3
     191475.000 ns	     19146	80003e20	0267e433	rem	x8,x15,x6	 x15:0x00000000  x6:0x9acbfd28  x8=0x00000000
     191495.000 ns	     19148	80003e24	41d080b3	sub	x1,x1,x29	  x1:0x00000000 x29:0x00000000  x1=0x8004111d
     191535.000 ns	     19152	80003e28	00668953	fadd.s	f18,f13,f6	 f13:0xb5a84e4d  f6:0x4f00040f f18=0x4f00040f
     191565.000 ns	     19155	80003e2c	02f234b3	mulhu	x9,x4,x15	  x4:0x00000000 x15:0x00000000  x9=0x00000000
     191585.000 ns	     19157	80003e30	c390ae97	auipc	x29,0xc390a	 x29=0x4390de30
     191605.000 ns	     19159	80003e34	e0008bd3	fmv.x.w	x23,f1	  f1:0x5de39ad0 x23=0x5de39ad0
     191625.000 ns	     19161	80003e38	000cf6b3	and	x13,x25,x0	 x25:0x00000001  x0:0x00000000 x13=0x00000000
     191645.000 ns	     19163	80003e3c	03c0a033	mulhsu	x0,x1,x28	  x1:0x8004111d x28:0x80041024
     191675.000 ns	     19166	80003e40	02d43fb3	mulhu	x31,x8,x13	  x8:0x00000000 x13:0x00000000 x31=0x00000000
     191705.000 ns	     19169	80003e44	20582cd3	fsgnjx.s	f25,f16,f5	 f16:0x3f800000  f5:0x4f00040f f25=0x3f800000
     191725.000 ns	     19171	80003e48	4007dd13	srai	x26,x15,0x0	 x15:0x00000000 x26=0x00000000
     191735.000 ns	     19172	80003e4c	d9a58b93	addi	x23,x11,-614	 x11:0x00000001 x23=0xfffffd9b
     191755.000 ns	     19174	80003e50	29c407d3	fmin.s	f15,f8,f28	  f8:0x00000000 f28:0x42800000 f15=0x00000000
     191785.000 ns	     19177	80003e54	a05f81d3	fle.s	x3,f31,f5	 f31:0x00000001  f5:0x4f00040f  x3=0x00000001
     192155.000 ns	     19214	80003e58	03c747b3	div	x15,x14,x28	 x14:0x80040fe4 x28:0x80041024 x15=0x00000001
     192175.000 ns	     19216	80003e5c	01b89833	sll	x16,x17,x27	 x17:0x00000000 x27:0x0001575f x16=0x00000000
     192185.000 ns	     19217	80003e60	00c55d33	srl	x26,x10,x12	 x10:0x00000000 x12:0x07ffbeee x26=0x00000000
     192225.000 ns	     19221	80003e64	0992b253	fsub.s	f4,f5,f25	  f5:0x4f00040f f25:0x3f800000  f4=0x4f00040f
     192245.000 ns	     19223	80003e68	017cd0b3	srl	x1,x25,x23	 x25:0x00000001 x23:0xfffffd9b  x1=0x00000000
     192265.000 ns	     19225	80003e6c	020aa4b3	mulhsu	x9,x21,x0	 x21:0xce94af62  x0:0x00000000  x9=0x00000000
     192295.000 ns	     19228	80003e70	028d16b3	mulh	x13,x26,x8	 x26:0x00000000  x8:0x00000000 x13=0x00000000
     192325.000 ns	     19231	80003e74	a1e825d3	feq.s	x11,f16,f30	 f16:0x3f800000 f30:0xce94af63 x11=0x00000000
     192355.000 ns	     19234	80003e78	a05a8dd3	fle.s	x27,f21,f5	 f21:0xce94af63  f5:0x4f00040f x27=0x00000001
     192375.000 ns	     19236	80003e7c	26946d97	auipc	x27,0x26946	 x27=0xa6949e7c
     192395.000 ns	     19238	80003e80	a1d8a853	feq.s	x16,f17,f29	 f17:0x00000000 f29:0x4f555bc0 x16=0x00000000
     192425.000 ns	     19241	80003e84	29061a53	fmax.s	f20,f12,f16	 f12:0x4f750000 f16:0x3f800000 f20=0x4f750000
     192445.000 ns	     19243	80003e88	8952ff13	andi	x30,x5,-1899	  x5:0x80041024 x30=0x80041004
     192465.000 ns	     19245	80003e8c	21b98953	fsgnj.s	f18,f19,f27	 f19:0x4f750000 f27:0x4eaaaf63 f18=0x4f750000
     192495.000 ns	     19248	80003e90	f00f83d3	fmv.w.x	f7,x31	 x31:0x00000000  f7=0x00000000
     192515.000 ns	     19250	80003e94	019b9a13	slli	x20,x23,0x19	 x23:0xfffffd9b x20=0x36000000
     192535.000 ns	     19252	80003e98	e00e1cd3	fclass.s	x25,f28	 f28:0x42800000 x25=0x00000040
     192575.000 ns	     19256	80003e9c	10767e53	fmul.s	f28,f12,f7	 f12:0x4f750000  f7:0x00000000 f28=0x00000000
     192615.000 ns	     19260	80003ea0	106ffdd3	fmul.s	f27,f31,f6	 f31:0x00000001  f6:0x4f00040f f27=0x04800410
     192655.000 ns	     19264	80003ea4	10d284d3	fmul.s	f9,f5,f13	  f5:0x4f00040f f13:0xb5a84e4d  f9=0xc52853a4
     192685.000 ns	     19267	80003ea8	d00f78d3	fcvt.s.w	f17,x30	 x30:0x80041004 f17=0xcefff7df
     192705.000 ns	     19269	80003eac	01682fb3	slt	x31,x16,x22	 x16:0x00000000 x22:0xaaa84e4e x31=0x00000000
     192715.000 ns	     19270	80003eb0	360834b7	lui	x9,0x36083	  x9=0x36083000
     192725.000 ns	     19271	80003eb4	00b23f33	sltu	x30,x4,x11	  x4:0x00000000 x11:0x00000000 x30=0x00000000
     192735.000 ns	     19272	80003eb8	01645ab3	srl	x21,x8,x22	  x8:0x00000000 x22:0xaaa84e4e x21=0x00000000
     192745.000 ns	     19273	80003ebc	0042ebb3	or	x23,x5,x4	  x5:0x80041024  x4:0x00000000 x23=0x80041024
     192765.000 ns	     19275	80003ec0	c00cf6d3	fcvt.w.s	x13,f25	 f25:0x3f800000 x13=0x00000001
     192805.000 ns	     19279	80003ec4	10d57153	fmul.s	f2,f10,f13	 f10:0xb5a84e4d f13:0xb5a84e4d  f2=0x2bdd4dba
     192835.000 ns	     19282	80003ec8	200b9453	fsgnjn.s	f8,f23,f0	 f23:0x4f00040f  f0:0x4713cf27  f8=0xcf00040f
     192855.000 ns	     19284	80003ecc	006bdc33	srl	x24,x23,x6	 x23:0x80041024  x6:0x9acbfd28 x24=0x00800410
     192875.000 ns	     19286	80003ed0	03be2933	mulhsu	x18,x28,x27	 x28:0x80041024 x27:0xa6949e7c x18=0xacb85595
     192905.000 ns	     19289	80003ed4	03fbe933	rem	x18,x23,x31	 x23:0x80041024 x31:0x00000000 x18=0x80041024
     192935.000 ns	     19292	80003ed8	029c1f33	mulh	x30,x24,x9	 x24:0x00800410  x9:0x36083000 x30=0x001b04f3
     192965.000 ns	     19295	80003edc	e00a8fd3	fmv.x.w	x31,f21	 f21:0xce94af63 x31=0xce94af63
     192985.000 ns	     19297	80003ee0	8daded13	ori	x26,x27,-1830	 x27:0xa6949e7c x26=0xfffffefe
     193005.000 ns	     19299	80003ee4	02391333	mulh	x6,x18,x3	 x18:0x80041024  x3:0x00000001  x6=0xffffffff
     193035.000 ns	     19302	80003ee8	030508b3	mul	x17,x10,x16	 x10:0x00000000 x16:0x00000000 x17=0x00000000
     193055.000 ns	     19304	80003eec	01171213	slli	x4,x14,0x11	 x14:0x80040fe4  x4=0x1fc80000
     193065.000 ns	     19305	80003ef0	9d33e913	ori	x18,x7,-1581	  x7:0x5557b180 x18=0xfffff9d3
     193085.000 ns	     19307	80003ef4	21518853	fsgnj.s	f16,f3,f21	  f3:0x00000000 f21:0xce94af63 f16=0x80000000
     193105.000 ns	     19309	80003ef8	0014bf33	sltu	x30,x9,x1	  x9:0x36083000  x1:0x00000000 x30=0x00000000
     193115.000 ns	     19310	80003efc	e61da613	slti	x12,x27,-415	 x27:0xa6949e7c x12=0x00000001
     193135.000 ns	     19312	80003f00	e00e86d3	fmv.x.w	x13,f29	 f29:0x4f555bc0 x13=0x4f555bc0
     193155.000 ns	     19314	80003f04	01d70a33	add	x20,x14,x29	 x14:0x80040fe4 x29:0x4390de30 x20=0xc394ee14
     193175.000 ns	     19316	80003f08	20211a53	fsgnjn.s	f20,f2,f2	  f2:0x2bdd4dba  f2:0x2bdd4dba f20=0xabdd4dba
     193195.000 ns	     19318	80003f0c	41795313	srai	x6,x18,0x17	 x18:0xfffff9d3  x6=0xffffffff
     193205.000 ns	     19319	80003f10	00000013	addi	x0,x0,0	  x0:0x00000000
     193225.000 ns	     19321	80003f14	c01a33d3	fcvt.wu.s	x7,f20	 f20:0xabdd4dba  x7=0x00000000
     193255.000 ns	     19324	80003f18	025516b3	mulh	x13,x10,x5	 x10:0x00000000  x5:0x80041024 x13=0x00000000
     193285.000 ns	     19327	80003f1c	d015f8d3	fcvt.s.wu	f17,x11	 x11:0x00000000 f17=0x00000000
     193305.000 ns	     19329	80003f20	00000013	addi	x0,x0,0	  x0:0x00000000
     193315.000 ns	     19330	80003f24	40b65a13	srai	x20,x12,0xb	 x12:0x00000001 x20=0x00000000
     193325.000 ns	     19331	80003f28	01015113	srli	x2,x2,0x10	  x2:0xfffff805  x2=0x0000ffff
     193345.000 ns	     19333	80003f2c	a06bac53	feq.s	x24,f23,f6	 f23:0x4f00040f  f6:0x4f00040f x24=0x00000001
     193365.000 ns	     19335	80003f30	218cf513	andi	x10,x25,536	 x25:0x00000040 x10=0x00000000
     193375.000 ns	     19336	80003f34	f32b4913	xori	x18,x22,-206	 x22:0xaaa84e4e x18=0x5557b17c
     193395.000 ns	     19338	80003f38	c016cad3	fcvt.wu.s	x21,f13	 f13:0xb5a84e4d x21=0x00000000
     193425.000 ns	     19341	80003f3c	a1db88d3	fle.s	x17,f23,f29	 f23:0x4f00040f f29:0x4f555bc0 x17=0x00000001
     193445.000 ns	     19343	80003f40	418edbb3	sra	x23,x29,x24	 x29:0x4390de30 x24:0x00000001 x23=0x21c86f18
     193455.000 ns	     19344	80003f44	018d9113	slli	x2,x27,0x18	 x27:0xa6949e7c  x2=0x7c000000
     193475.000 ns	     19346	80003f48	030a2db3	mulhsu	x27,x20,x16	 x20:0x00000000 x16:0x00000000 x27=0x00000000
     193495.000 ns	     19348	80003f4c	bb54aa93	slti	x21,x9,-1099	  x9:0x36083000 x21=0x00000000
     193505.000 ns	     19349	80003f50	4127da33	sra	x20,x15,x18	 x15:0x00000001 x18:0x5557b17c x20=0x00000000
     193515.000 ns	     19350	80003f54	46968193	addi	x3,x13,1129	 x13:0x00000000  x3=0x00000469
     193525.000 ns	     19351	80003f58	681bfcb7	lui	x25,0x681bf	 x25=0x681bf000
     193545.000 ns	     19353	80003f5c	037b2db3	mulhsu	x27,x22,x23	 x22:0xaaa84e4e x23:0x21c86f18 x27=0xf4bce08c
     193575.000 ns	     19356	80003f60	d01af453	fcvt.s.wu	f8,x21	 x21:0x00000000  f8=0x00000000
     193915.000 ns	     19390	80003f64	18d641d3	fdiv.s	f3,f12,f13	 f12:0x4f750000 f13:0xb5a84e4d  f3=0xd92cf137
     193935.000 ns	     19392	80003f68	95812413	slti	x8,x2,-1704	  x2:0x7c000000  x8=0x00000000
     193955.000 ns	     19394	80003f6c	e00607d3	fmv.x.w	x15,f12	 f12:0x4f750000 x15=0x4f750000
     193985.000 ns	     19397	80003f70	e0060dd3	fmv.x.w	x27,f12	 f12:0x4f750000 x27=0x4f750000
     194015.000 ns	     19400	80003f74	02371133	mulh	x2,x14,x3	 x14:0x80040fe4  x3:0x00000469  x2=0xfffffdcb
     194035.000 ns	     19402	80003f78	00328833	add	x16,x5,x3	  x5:0x80041024  x3:0x00000469 x16=0x8004148d
     194045.000 ns	     19403	80003f7c	00754433	xor	x8,x10,x7	 x10:0x00000000  x7:0x00000000  x8=0x00000000
     194085.000 ns	     19407	80003f80	081137d3	fsub.s	f15,f2,f1	  f2:0x2bdd4dba  f1:0x5de39ad0 f15=0xdde39ad0
     194115.000 ns	     19410	80003f84	21841153	fsgnjn.s	f2,f8,f24	  f8:0x00000000 f24:0x4e94af63  f2=0x80000000
     194145.000 ns	     19413	80003f88	29208dd3	fmin.s	f27,f1,f18	  f1:0x5de39ad0 f18:0x4f750000 f27=0x4f750000
     194165.000 ns	     19415	80003f8c	01569bb3	sll	x23,x13,x21	 x13:0x00000000 x21:0x00000000 x23=0x00000000
     194175.000 ns	     19416	80003f90	d6d7b393	sltiu	x7,x15,-659	 x15:0x4f750000  x7=0x00000001
     194185.000 ns	     19417	80003f94	00000013	addi	x0,x0,0	  x0:0x00000000
     194195.000 ns	     19418	80003f98	0155c0b3	xor	x1,x11,x21	 x11:0x00000000 x21:0x00000000  x1=0x00000000
     194205.000 ns	     19419	80003f9c	a585c993	xori	x19,x11,-1448	 x11:0x00000000 x19=0xfffffa58
     194225.000 ns	     19421	80003fa0	c006b0d3	fcvt.w.s	x1,f13	 f13:0xb5a84e4d  x1=0x00000000
     194245.000 ns	     19423	80003fa4	1b8bbd13	sltiu	x26,x23,440	 x23:0x00000000 x26=0x00000001
     194255.000 ns	     19424	80003fa8	009301b3	add	x3,x6,x9	  x6:0xffffffff  x9:0x36083000  x3=0x36082fff
     194265.000 ns	     19425	80003fac	01540a33	add	x20,x8,x21	  x8:0x00000000 x21:0x00000000 x20=0x00000000
     194275.000 ns	     19426	80003fb0	004e3033	sltu	x0,x28,x4	 x28:0x80041024  x4:0x1fc80000
     194295.000 ns	     19428	80003fb4	20548053	fsgnj.s	f0,f9,f5	  f9:0xc52853a4  f5:0x4f00040f  f0=0x452853a4
     194315.000 ns	     19430	80003fb8	ab2dbd13	sltiu	x26,x27,-1358	 x27:0x4f750000 x26=0x00000001
     194335.000 ns	     19432	80003fbc	c00a9ed3	fcvt.w.s	x29,f21	 f21:0xce94af63 x29=0xb5a84e80
     194355.000 ns	     19434	80003fc0	ffc34513	xori	x10,x6,-4	  x6:0xffffffff x10=0x00000003
     194365.000 ns	     19435	80003fc4	0177b5b3	sltu	x11,x15,x23	 x15:0x4f750000 x23:0x00000000 x11=0x00000000
     194385.000 ns	     19437	80003fc8	a02320d3	feq.s	x1,f6,f2	  f6:0x4f00040f  f2:0x80000000  x1=0x00000000
     194405.000 ns	     19439	80003fcc	0018b633	sltu	x12,x17,x1	 x17:0x00000001  x1:0x00000000 x12=0x00000000
     194415.000 ns	     19440	80003fd0	ea213b93	sltiu	x23,x2,-350	  x2:0xfffffdcb x23=0x00000001
     194435.000 ns	     19442	80003fd4	0288ca33	div	x20,x17,x8	 x17:0x00000001  x8:0x00000000 x20=0xffffffff
     194465.000 ns	     19445	80003fd8	c01f7153	fcvt.wu.s	x2,f30	 f30:0xce94af63  x2=0x4a57b180
     194485.000 ns	     19447	80003fdc	00000013	addi	x0,x0,0	  x0:0x00000000
     194505.000 ns	     19449	80003fe0	28c68353	fmin.s	f6,f13,f12	 f13:0xb5a84e4d f12:0x4f750000  f6=0xb5a84e4d
     194535.000 ns	     19452	80003fe4	d01e7bd3	fcvt.s.wu	f23,x28	 x28:0x80041024 f23=0x4f000410
     194555.000 ns	     19454	80003fe8	d78dae93	slti	x29,x27,-648	 x27:0x4f750000 x29=0x00000000
     194575.000 ns	     19456	80003fec	202191d3	fsgnjn.s	f3,f3,f2	  f3:0xd92cf137  f2:0x80000000  f3=0x592cf137
     194605.000 ns	     19459	80003ff0	02b0d633	divu	x12,x1,x11	  x1:0x00000000 x11:0x00000000 x12=0xffffffff
     194635.000 ns	     19462	80003ff4	c012fd53	fcvt.wu.s	x26,f5	  f5:0x4f00040f x26=0x80040f00
     194665.000 ns	     19465	80003ff8	e00e9053	fclass.s	x0,f29	 f29:0x4f555bc0
     194695.000 ns	     19468	80003ffc	e00189d3	fmv.x.w	x19,f3	  f3:0x592cf137 x19=0x592cf137
     194715.000 ns	     19470	80004000	004695b3	sll	x11,x13,x4	 x13:0x00000000  x4:0x1fc80000 x11=0x00000000
     194725.000 ns	     19471	80004004	4147dbb3	sra	x23,x15,x20	 x15:0x4f750000 x20:0xffffffff x23=0x00000000
     194755.000 ns	     19474	80004008	580a7653	fsqrt.s	f12,f20	 f20:0xabdd4dba f12=0x7fc00000
     194785.000 ns	     19477	8000400c	a0572f53	feq.s	x30,f14,f5	 f14:0x4f750000  f5:0x4f00040f x30=0x00000000
     194805.000 ns	     19479	80004010	01e074b3	and	x9,x0,x30	  x0:0x00000000 x30:0x00000000  x9=0x00000000
     194815.000 ns	     19480	80004014	7336fa93	andi	x21,x13,1843	 x13:0x00000000 x21=0x00000000
     194835.000 ns	     19482	80004018	c00c70d3	fcvt.w.s	x1,f24	 f24:0x4e94af63  x1=0x4a57b180
     194865.000 ns	     19485	8000401c	02158c33	mul	x24,x11,x1	 x11:0x00000000  x1:0x00000000 x24=0x00000000
     194895.000 ns	     19488	80004020	a0d79ed3	flt.s	x29,f15,f13	 f15:0xdde39ad0 f13:0xb5a84e4d x29=0x00000001
     194915.000 ns	     19490	80004024	a29d8393	addi	x7,x27,-1495	 x27:0x4f750000  x7=0x4f74fa29
     194935.000 ns	     19492	80004028	281a9353	fmax.s	f6,f21,f1	 f21:0xce94af63  f1:0x5de39ad0  f6=0x5de39ad0
     194985.000 ns	     19497	8000402c	00383853	fadd.s	f16,f16,f3	 f16:0x80000000  f3:0x592cf137 f16=0x592cf137
     195015.000 ns	     19500	80004030	0207e333	rem	x6,x15,x0	 x15:0x4f750000  x0:0x00000000  x6=0x4f750000
     195035.000 ns	     19502	80004034	0163d333	srl	x6,x7,x22	  x7:0x4f74fa29 x22:0xaaa84e4e  x6=0x00013dd3
     195055.000 ns	     19504	80004038	c012f9d3	fcvt.wu.s	x19,f5	  f5:0x4f00040f x19=0x80040f00
     195085.000 ns	     19507	8000403c	f00103d3	fmv.w.x	f7,x2	  x2:0x4a57b180  f7=0x4a57b180
     195115.000 ns	     19510	80004040	20429bd3	fsgnjn.s	f23,f5,f4	  f5:0x4f00040f  f4:0x4f00040f f23=0xcf00040f
     195485.000 ns	     19547	80004044	03605633	divu	x12,x0,x22	  x0:0x00000000 x22:0xaaa84e4e x12=0x00000000
     195505.000 ns	     19549	80004048	c17c4db7	lui	x27,0xc17c4	 x27=0xc17c4000
     195525.000 ns	     19551	8000404c	d00e3453	fcvt.s.w	f8,x28	 x28:0x80041024  f8=0xcefff7e0
     195545.000 ns	     19553	80004050	015c0ab3	add	x21,x24,x21	 x24:0x00000000 x21:0x00000000 x21=0x00000000
     196715.000 ns	     19670	80004054	5801f3d3	fsqrt.s	f7,f3	  f3:0x592cf137  f7=0x4bf4936a
     196745.000 ns	     19673	80004058	02b23db3	mulhu	x27,x4,x11	  x4:0x1fc80000 x11:0x00000000 x27=0x00000000
     196765.000 ns	     19675	8000405c	41dbd833	sra	x16,x23,x29	 x23:0x00000000 x29:0x00000001 x16=0x00000000
     197125.000 ns	     19711	80004060	027b6d33	rem	x26,x22,x7	 x22:0xaaa84e4e  x7:0x4f74fa29 x26=0xfa1d4877
     197145.000 ns	     19713	80004064	2a006b93	ori	x23,x0,672	  x0:0x00000000 x23=0x000002a0
     197155.000 ns	     19714	80004068	4abd8b93	addi	x23,x27,1195	 x27:0x00000000 x23=0x000004ab
     197515.000 ns	     19750	8000406c	0251dcb3	divu	x25,x3,x5	  x3:0x36082fff  x5:0x80041024 x25=0x00000000
     197535.000 ns	     19752	80004070	0191bd33	sltu	x26,x3,x25	  x3:0x36082fff x25:0x681bf000 x26=0x00000000
     197565.000 ns	     19755	80004074	10e5aad3	fmul.s	f21,f11,f14	 f11:0x7fc00000 f14:0x4f750000 f21=0x7fc00000
     197585.000 ns	     19757	80004078	01d8fbb3	and	x23,x17,x29	 x17:0x00000001 x29:0x00000001 x23=0x00000001
     197595.000 ns	     19758	8000407c	00000013	addi	x0,x0,0	  x0:0x00000000
     197605.000 ns	     19759	80004080	003c9a93	slli	x21,x25,0x3	 x25:0x00000000 x21=0x00000000
     197615.000 ns	     19760	80004084	40065493	srai	x9,x12,0x0	 x12:0x00000000  x9=0x00000000
     197625.000 ns	     19761	80004088	b55b0693	addi	x13,x22,-1195	 x22:0xaaa84e4e x13=0xaaa849a3
     197635.000 ns	     19762	8000408c	00e3cf33	xor	x30,x7,x14	  x7:0x4f74fa29 x14:0x80040fe4 x30=0xcf70f5cd
     197645.000 ns	     19763	80004090	407a5213	srai	x4,x20,0x7	 x20:0xffffffff  x4=0xffffffff
     197665.000 ns	     19765	80004094	d01df953	fcvt.s.wu	f18,x27	 x27:0x00000000 f18=0x00000000
     197685.000 ns	     19767	80004098	415c0933	sub	x18,x24,x21	 x24:0x00000000 x21:0x00000000 x18=0x00000000
     197695.000 ns	     19768	8000409c	414f0ab3	sub	x21,x30,x20	 x30:0xcf70f5cd x20:0xffffffff x21=0xcf70f5ce
     197705.000 ns	     19769	800040a0	fe83bd13	sltiu	x26,x7,-24	  x7:0x4f74fa29 x26=0x00000001
     197715.000 ns	     19770	800040a4	00b73033	sltu	x0,x14,x11	 x14:0x80040fe4 x11:0x00000000
     197735.000 ns	     19772	800040a8	e00c1fd3	fclass.s	x31,f24	 f24:0x4e94af63 x31=0x00000040
     197755.000 ns	     19774	800040ac	9a566393	ori	x7,x12,-1627	 x12:0x00000000  x7=0xfffff9a5
     197765.000 ns	     19775	800040b0	002fabb3	slt	x23,x31,x2	 x31:0x00000040  x2:0x4a57b180 x23=0x00000001
     197785.000 ns	     19777	800040b4	03c093b3	mulh	x7,x1,x28	  x1:0x4a57b180 x28:0x80041024  x7=0xdad5554e
     197815.000 ns	     19780	800040b8	d007c153	fcvt.s.w	f2,x15	 x15:0x4f750000  f2=0x4e9eea00
     197855.000 ns	     19784	800040bc	58067453	fsqrt.s	f8,f12	 f12:0x7fc00000  f8=0x7fc00000
     198225.000 ns	     19821	800040c0	03fc7233	remu	x4,x24,x31	 x24:0x00000000 x31:0x00000040  x4=0x00000000
     198255.000 ns	     19824	800040c4	0352ae33	mulhsu	x28,x5,x21	  x5:0x80041024 x21:0xcf70f5ce x28=0x984acff1
     198275.000 ns	     19826	800040c8	41d504b3	sub	x9,x10,x29	 x10:0x00000003 x29:0x00000001  x9=0x00000002
     198295.000 ns	     19828	800040cc	e0098a53	fmv.x.w	x20,f19	 f19:0x4f750000 x20=0x4f750000
     198635.000 ns	     19862	800040d0	193bf853	fdiv.s	f16,f23,f19	 f23:0xcf00040f f19:0x4f750000 f16=0xbf000410
     198665.000 ns	     19865	800040d4	284a1253	fmax.s	f4,f20,f4	 f20:0xabdd4dba  f4:0x4f00040f  f4=0x4f00040f
     198695.000 ns	     19868	800040d8	f0088a53	fmv.w.x	f20,x17	 x17:0x00000001 f20=0x00000001
     198725.000 ns	     19871	800040dc	020b38b3	mulhu	x17,x22,x0	 x22:0xaaa84e4e  x0:0x00000000 x17=0x00000000
     198745.000 ns	     19873	800040e0	00eeef33	or	x30,x29,x14	 x29:0x00000001 x14:0x80040fe4 x30=0x80040fe5
     198765.000 ns	     19875	800040e4	03833fb3	mulhu	x31,x6,x24	  x6:0x00013dd3 x24:0x00000000 x31=0x00000000
     198785.000 ns	     19877	800040e8	085b33b7	lui	x7,0x85b3	  x7=0x085b3000
     198805.000 ns	     19879	800040ec	c017f953	fcvt.wu.s	x18,f15	 f15:0xdde39ad0 x18=0x00000000
     198835.000 ns	     19882	800040f0	a0f0a9d3	feq.s	x19,f1,f15	  f1:0x5de39ad0 f15:0xdde39ad0 x19=0x00000000
     198855.000 ns	     19884	800040f4	00b03fb3	sltu	x31,x0,x11	  x0:0x00000000 x11:0x00000000 x31=0x00000000
     198875.000 ns	     19886	800040f8	a05128d3	feq.s	x17,f2,f5	  f2:0x4e9eea00  f5:0x4f00040f x17=0x00000000
     198905.000 ns	     19889	800040fc	e0060ad3	fmv.x.w	x21,f12	 f12:0x7fc00000 x21=0x7fc00000
     198925.000 ns	     19891	80004100	05d8d237	lui	x4,0x5d8d	  x4=0x05d8d000
     198945.000 ns	     19893	80004104	c01640d3	fcvt.wu.s	x1,f12	 f12:0x7fc00000  x1=0xffffffff
     198975.000 ns	     19896	80004108	a0ea0a53	fle.s	x20,f20,f14	 f20:0x00000001 f14:0x4f750000 x20=0x00000001
     198995.000 ns	     19898	8000410c	01b1e833	or	x16,x3,x27	  x3:0x36082fff x27:0x00000000 x16=0x36082fff
     199005.000 ns	     19899	80004110	41a65e93	srai	x29,x12,0x1a	 x12:0x00000000 x29=0x00000000
     199025.000 ns	     19901	80004114	0332c433	div	x8,x5,x19	  x5:0x80041024 x19:0x00000000  x8=0xffffffff
     199045.000 ns	     19903	80004118	008c78b3	and	x17,x24,x8	 x24:0x00000000  x8:0x00000000 x17=0x00000000
     199065.000 ns	     19905	8000411c	28d71cd3	fmax.s	f25,f14,f13	 f14:0x4f750000 f13:0xb5a84e4d f25=0x4f750000
     199095.000 ns	     19908	80004120	a096ad53	feq.s	x26,f13,f9	 f13:0xb5a84e4d  f9:0xc52853a4 x26=0x00000000
     199125.000 ns	     19911	80004124	03eb0933	mul	x18,x22,x30	 x22:0xaaa84e4e x30:0x80040fe5 x18=0xbe5c9dc6
     199495.000 ns	     19948	80004128	0297cd33	div	x26,x15,x9	 x15:0x4f750000  x9:0x00000002 x26=0x27ba8000
     199525.000 ns	     19951	8000412c	038d39b3	mulhu	x19,x26,x24	 x26:0x00000000 x24:0x00000000 x19=0x00000000
     199545.000 ns	     19953	80004130	00f8d4b3	srl	x9,x17,x15	 x17:0x00000000 x15:0x4f750000  x9=0x00000000
     199555.000 ns	     19954	80004134	005f9813	slli	x16,x31,0x5	 x31:0x00000000 x16=0x00000000
     199565.000 ns	     19955	80004138	000647b3	xor	x15,x12,x0	 x12:0x00000000  x0:0x00000000 x15=0x00000000
     199585.000 ns	     19957	8000413c	203a8b53	fsgnj.s	f22,f21,f3	 f21:0x7fc00000  f3:0x592cf137 f22=0x7fc00000
     199605.000 ns	     19959	80004140	f8436f93	ori	x31,x6,-124	  x6:0x00013dd3 x31=0xffffffd7
     199625.000 ns	     19961	80004144	d019b8d3	fcvt.s.wu	f17,x19	 x19:0x00000000 f17=0x00000000
     199645.000 ns	     19963	80004148	017139b3	sltu	x19,x2,x23	  x2:0x4a57b180 x23:0x00000001 x19=0x00000000
     199665.000 ns	     19965	8000414c	02f7a4b3	mulhsu	x9,x15,x15	 x15:0x00000000 x15:0x00000000  x9=0x00000000
     199685.000 ns	     19967	80004150	00fe0cb3	add	x25,x28,x15	 x28:0x984acff1 x15:0x00000000 x25=0x984acff1
     199695.000 ns	     19968	80004154	01a0ef33	or	x30,x1,x26	  x1:0xffffffff x26:0x27ba8000 x30=0xffffffff
     199715.000 ns	     19970	80004158	28078d53	fmin.s	f26,f15,f0	 f15:0xdde39ad0  f0:0x452853a4 f26=0xdde39ad0
     199735.000 ns	     19972	8000415c	0165a6b3	slt	x13,x11,x22	 x11:0x00000000 x22:0xaaa84e4e x13=0x00000000
     199755.000 ns	     19974	80004160	21c70c53	fsgnj.s	f24,f14,f28	 f14:0x4f750000 f28:0x00000000 f24=0x4f750000
     199785.000 ns	     19977	80004164	0250bdb3	mulhu	x27,x1,x5	  x1:0xffffffff  x5:0x80041024 x27=0x80041023
     199805.000 ns	     19979	80004168	a7ee2c93	slti	x25,x28,-1410	 x28:0x984acff1 x25=0x00000001
     199815.000 ns	     19980	8000416c	01d78033	add	x0,x15,x29	 x15:0x00000000 x29:0x00000000
     199825.000 ns	     19981	80004170	01eb0533	add	x10,x22,x30	 x22:0xaaa84e4e x30:0xffffffff x10=0xaaa84e4d
     199845.000 ns	     19983	80004174	03de41b3	div	x3,x28,x29	 x28:0x984acff1 x29:0x00000000  x3=0xffffffff
     199865.000 ns	     19985	80004178	005c2133	slt	x2,x24,x5	 x24:0x00000000  x5:0x80041024  x2=0x00000000
     200225.000 ns	     20021	8000417c	03cd5cb3	divu	x25,x26,x28	 x26:0x27ba8000 x28:0x984acff1 x25=0x00000000
     200255.000 ns	     20024	80004180	03913e33	mulhu	x28,x2,x25	  x2:0x4a57b180 x25:0x00000001 x28=0x00000000
     200275.000 ns	     20026	80004184	011647b3	xor	x15,x12,x17	 x12:0x00000000 x17:0x00000000 x15=0x00000000
     200295.000 ns	     20028	80004188	20c52553	fsgnjx.s	f10,f10,f12	 f10:0xb5a84e4d f12:0x7fc00000 f10=0xb5a84e4d
     200325.000 ns	     20031	8000418c	039b13b3	mulh	x7,x22,x25	 x22:0xaaa84e4e x25:0x00000000  x7=0x00000000
     200355.000 ns	     20034	80004190	e00684d3	fmv.x.w	x9,f13	 f13:0xb5a84e4d  x9=0xb5a84e4d
     200385.000 ns	     20037	80004194	a1152353	feq.s	x6,f10,f17	 f10:0xb5a84e4d f17:0x00000000  x6=0x00000000
     200405.000 ns	     20039	80004198	8e806d37	lui	x26,0x8e806	 x26=0x8e806000
     200425.000 ns	     20041	8000419c	d018f5d3	fcvt.s.wu	f11,x17	 x17:0x00000000 f11=0x00000000
     200795.000 ns	     20078	800041a0	02935933	divu	x18,x6,x9	  x6:0x00000000  x9:0xb5a84e4d x18=0x00000000
     200815.000 ns	     20080	800041a4	5b490993	addi	x19,x18,1460	 x18:0xbe5c9dc6 x19=0x000005b4
     200835.000 ns	     20082	800041a8	c00f1f53	fcvt.w.s	x30,f30	 f30:0xce94af63 x30=0xb5a84e80
     200855.000 ns	     20084	800041ac	402f8333	sub	x6,x31,x2	 x31:0xffffffd7  x2:0x00000000  x6=0xffffffd7
     200865.000 ns	     20085	800041b0	0eba2e93	slti	x29,x20,235	 x20:0x00000001 x29=0x00000001
     200885.000 ns	     20087	800041b4	e0011553	fclass.s	x10,f2	  f2:0x4e9eea00 x10=0x00000040
     200905.000 ns	     20089	800041b8	f6b43c93	sltiu	x25,x8,-149	  x8:0xffffffff x25=0x00000000
     200915.000 ns	     20090	800041bc	2905ab93	slti	x23,x11,656	 x11:0x00000000 x23=0x00000001
     200935.000 ns	     20092	800041c0	d00d74d3	fcvt.s.w	f9,x26	 x26:0x8e806000  f9=0xcee2ff40
     200955.000 ns	     20094	800041c4	00000013	addi	x0,x0,0	  x0:0x00000000
     200985.000 ns	     20097	800041c8	10a93f53	fmul.s	f30,f18,f10	 f18:0x00000000 f10:0xb5a84e4d f30=0x80000000
     201005.000 ns	     20099	800041cc	0159af33	slt	x30,x19,x21	 x19:0x000005b4 x21:0x7fc00000 x30=0x00000001
     201045.000 ns	     20103	800041d0	096403d3	fsub.s	f7,f8,f22	  f8:0x7fc00000 f22:0x7fc00000  f7=0x7fc00000
     201065.000 ns	     20105	800041d4	00d206b3	add	x13,x4,x13	  x4:0x05d8d000 x13:0x00000000 x13=0x05d8d000
     201075.000 ns	     20106	800041d8	0157dc13	srli	x24,x15,0x15	 x15:0x00000000 x24=0x00000000
     201435.000 ns	     20142	800041dc	03654ab3	div	x21,x10,x22	 x10:0x00000040 x22:0xaaa84e4e x21=0x00000000
     201805.000 ns	     20179	800041e0	0283eeb3	rem	x29,x7,x8	  x7:0x00000000  x8:0xffffffff x29=0x00000000
     201835.000 ns	     20182	800041e4	a129a453	feq.s	x8,f19,f18	 f19:0x4f750000 f18:0x00000000  x8=0x00000000
     201865.000 ns	     20185	800041e8	21d18253	fsgnj.s	f4,f3,f29	  f3:0x592cf137 f29:0x4f555bc0  f4=0x592cf137
     201895.000 ns	     20188	800041ec	a1b80553	fle.s	x10,f16,f27	 f16:0xbf000410 f27:0x4f750000 x10=0x00000001
     201925.000 ns	     20191	800041f0	d01a77d3	fcvt.s.wu	f15,x20	 x20:0x00000001 f15=0x3f800000
     201955.000 ns	     20194	800041f4	e0068a53	fmv.x.w	x20,f13	 f13:0xb5a84e4d x20=0xb5a84e4d
     201985.000 ns	     20197	800041f8	d01babd3	fcvt.s.wu	f23,x23	 x23:0x00000001 f23=0x3f800000
     202015.000 ns	     20200	800041fc	02891cb3	mulh	x25,x18,x8	 x18:0x00000000  x8:0x00000000 x25=0x00000000
     202045.000 ns	     20203	80004200	03aa84b3	mul	x9,x21,x26	 x21:0x00000000 x26:0x8e806000  x9=0x00000000
     202095.000 ns	     20208	80004204	08618853	fsub.s	f16,f3,f6	  f3:0x592cf137  f6:0x5de39ad0 f16=0xdde34457
     202125.000 ns	     20211	80004208	f0078dd3	fmv.w.x	f27,x15	 x15:0x00000000 f27=0x00000000
     202155.000 ns	     20214	8000420c	c0070453	fcvt.w.s	x8,f14	 f14:0x4f750000  x8=0x7fffffff
     202175.000 ns	     20216	80004210	0075a7b3	slt	x15,x11,x7	 x11:0x00000000  x7:0x00000000 x15=0x00000000
     202535.000 ns	     20252	80004214	02675033	divu	x0,x14,x6	 x14:0x80040fe4  x6:0xffffffd7
     202555.000 ns	     20254	80004218	40a38d33	sub	x26,x7,x10	  x7:0x00000000 x10:0x00000001 x26=0xffffffff
     202575.000 ns	     20256	8000421c	292a1f53	fmax.s	f30,f20,f18	 f20:0x00000001 f18:0x00000000 f30=0x00000001
     202595.000 ns	     20258	80004220	402c5e33	sra	x28,x24,x2	 x24:0x00000000  x2:0x00000000 x28=0x00000000
     202615.000 ns	     20260	80004224	d00684d3	fcvt.s.w	f9,x13	 x13:0x05d8d000  f9=0x4cbb1a00
     202635.000 ns	     20262	80004228	00aa3033	sltu	x0,x20,x10	 x20:0xb5a84e4d x10:0x00000001
     202655.000 ns	     20264	8000422c	a08b9053	flt.s	x0,f23,f8	 f23:0x3f800000  f8:0x7fc00000
     202675.000 ns	     20266	80004230	41835c13	srai	x24,x6,0x18	  x6:0xffffffd7 x24=0xffffffff
     202685.000 ns	     20267	80004234	2197f213	andi	x4,x15,537	 x15:0x00000000  x4=0x00000000
     202695.000 ns	     20268	80004238	4056de33	sra	x28,x13,x5	 x13:0x05d8d000  x5:0x80041024 x28=0x005d8d00
     202705.000 ns	     20269	8000423c	c5456993	ori	x19,x10,-940	 x10:0x00000001 x19=0xfffffc55
     202725.000 ns	     20271	80004240	c01b7d53	fcvt.wu.s	x26,f22	 f22:0x7fc00000 x26=0xffffffff
     202755.000 ns	     20274	80004244	d0183c53	fcvt.s.wu	f24,x16	 x16:0x00000000 f24=0x00000000
     202775.000 ns	     20276	80004248	01dbdf13	srli	x30,x23,0x1d	 x23:0x00000001 x30=0x00000000
     202795.000 ns	     20278	8000424c	e00e0fd3	fmv.x.w	x31,f28	 f28:0x00000000 x31=0x00000000
     202825.000 ns	     20281	80004250	21250153	fsgnj.s	f2,f10,f18	 f10:0xb5a84e4d f18:0x00000000  f2=0x35a84e4d
     202845.000 ns	     20283	80004254	ba0a3f93	sltiu	x31,x20,-1120	 x20:0xb5a84e4d x31=0x00000001
     202855.000 ns	     20284	80004258	a3703b93	sltiu	x23,x0,-1481	  x0:0x00000000 x23=0x00000001
     202875.000 ns	     20286	8000425c	283297d3	fmax.s	f15,f5,f3	  f5:0x4f00040f  f3:0x592cf137 f15=0x592cf137
     202895.000 ns	     20288	80004260	004f51b3	srl	x3,x30,x4	 x30:0x00000000  x4:0x00000000  x3=0x00000000
     203255.000 ns	     20324	80004264	0341d933	divu	x18,x3,x20	  x3:0xffffffff x20:0xb5a84e4d x18=0x00000000
     203275.000 ns	     20326	80004268	40cf5333	sra	x6,x30,x12	 x30:0x00000000 x12:0x00000000  x6=0x00000000
     203295.000 ns	     20328	8000426c	03ab0933	mul	x18,x22,x26	 x22:0xaaa84e4e x26:0xffffffff x18=0x5557b1b2
     203315.000 ns	     20330	80004270	f3a9ca93	xori	x21,x19,-198	 x19:0xfffffc55 x21=0x0000036f
     203325.000 ns	     20331	80004274	01f2f033	and	x0,x5,x31	  x5:0x80041024 x31:0x00000001
     203335.000 ns	     20332	80004278	298f7a93	andi	x21,x30,664	 x30:0x00000000 x21=0x00000000
     203355.000 ns	     20334	8000427c	21b21253	fsgnjn.s	f4,f4,f27	  f4:0x592cf137 f27:0x00000000  f4=0xd92cf137
     203385.000 ns	     20337	80004280	02e198b3	mulh	x17,x3,x14	  x3:0x00000000 x14:0x80040fe4 x17=0x00000000
     203415.000 ns	     20340	80004284	217b8f53	fsgnj.s	f30,f23,f23	 f23:0x3f800000 f23:0x3f800000 f30=0x3f800000
     203435.000 ns	     20342	80004288	00191613	slli	x12,x18,0x1	 x18:0x5557b1b2 x12=0xaaaf6364
     203445.000 ns	     20343	8000428c	411686b3	sub	x13,x13,x17	 x13:0x05d8d000 x17:0x00000000 x13=0x05d8d000
     203455.000 ns	     20344	80004290	018e8933	add	x18,x29,x24	 x29:0x00000000 x24:0xffffffff x18=0xffffffff
     203465.000 ns	     20345	80004294	89b3c9b7	lui	x19,0x89b3c	 x19=0x89b3c000
     203485.000 ns	     20347	80004298	03a18eb3	mul	x29,x3,x26	  x3:0x00000000 x26:0xffffffff x29=0x00000000
     203505.000 ns	     20349	8000429c	01bec0b3	xor	x1,x29,x27	 x29:0x00000000 x27:0x80041023  x1=0x80041023
     203525.000 ns	     20351	800042a0	c0037153	fcvt.w.s	x2,f6	  f6:0x5de39ad0  x2=0x7fffffff
     203545.000 ns	     20353	800042a4	f9003593	sltiu	x11,x0,-112	  x0:0x00000000 x11=0x00000001
     203555.000 ns	     20354	800042a8	6e64bd13	sltiu	x26,x9,1766	  x9:0x00000000 x26=0x00000001
     203565.000 ns	     20355	800042ac	41ac0633	sub	x12,x24,x26	 x24:0xffffffff x26:0xffffffff x12=0xfffffffe
     203585.000 ns	     20357	800042b0	02990633	mul	x12,x18,x9	 x18:0xffffffff  x9:0x00000000 x12=0x00000000
     203605.000 ns	     20359	800042b4	41995793	srai	x15,x18,0x19	 x18:0xffffffff x15=0xffffffff
     203615.000 ns	     20360	800042b8	017f9433	sll	x8,x31,x23	 x31:0x00000001 x23:0x00000001  x8=0x00000002
     203635.000 ns	     20362	800042bc	28a38753	fmin.s	f14,f7,f10	  f7:0x7fc00000 f10:0xb5a84e4d f14=0xb5a84e4d
     203665.000 ns	     20365	800042c0	02e62033	mulhsu	x0,x12,x14	 x12:0x00000000 x14:0x80040fe4
     203695.000 ns	     20368	800042c4	02313833	mulhu	x16,x2,x3	  x2:0x7fffffff  x3:0x00000000 x16=0x00000000
     203725.000 ns	     20371	800042c8	e00c8853	fmv.x.w	x16,f25	 f25:0x4f750000 x16=0x4f750000
     203755.000 ns	     20374	800042cc	024ec0b3	div	x1,x29,x4	 x29:0x00000000  x4:0x00000000  x1=0xffffffff
     204125.000 ns	     20411	800042d0	02bbc5b3	div	x11,x23,x11	 x23:0x00000001 x11:0x00000001 x11=0x00000001
     204145.000 ns	     20413	800042d4	00495f33	srl	x30,x18,x4	 x18:0xffffffff  x4:0x00000000 x30=0xffffffff
     204175.000 ns	     20416	800042d8	580e0653	fsqrt.s	f12,f28	 f28:0x00000000 f12=0x00000000
     204215.000 ns	     20420	800042dc	196194d3	fdiv.s	f9,f3,f22	  f3:0x592cf137 f22:0x7fc00000  f9=0x7fc00000
     204235.000 ns	     20422	800042e0	40b25233	sra	x4,x4,x11	  x4:0x00000000 x11:0x00000001  x4=0x00000000
     204265.000 ns	     20425	800042e4	11feabd3	fmul.s	f23,f29,f31	 f29:0x4f555bc0 f31:0x00000001 f23=0x04d55bc0
     204285.000 ns	     20427	800042e8	0073eeb3	or	x29,x7,x7	  x7:0x00000000  x7:0x00000000 x29=0x00000000
     204295.000 ns	     20428	800042ec	00b854b3	srl	x9,x16,x11	 x16:0x4f750000 x11:0x00000001  x9=0x27ba8000
     204305.000 ns	     20429	800042f0	46980fb7	lui	x31,0x46980	 x31=0x46980000
     204325.000 ns	     20431	800042f4	0274f0b3	remu	x1,x9,x7	  x9:0x00000000  x7:0x00000000  x1=0x27ba8000
     204365.000 ns	     20435	800042f8	189517d3	fdiv.s	f15,f10,f9	 f10:0xb5a84e4d  f9:0x7fc00000 f15=0x7fc00000
     204395.000 ns	     20438	800042fc	02ce59b3	divu	x19,x28,x12	 x28:0x005d8d00 x12:0x00000000 x19=0xffffffff
     204425.000 ns	     20441	80004300	0244b9b3	mulhu	x19,x9,x4	  x9:0x27ba8000  x4:0x00000000 x19=0x00000000
     204455.000 ns	     20444	80004304	c00379d3	fcvt.w.s	x19,f6	  f6:0x5de39ad0 x19=0x7fffffff
     204825.000 ns	     20481	80004308	03e0dd33	divu	x26,x1,x30	  x1:0x27ba8000 x30:0xffffffff x26=0x00000000
     204855.000 ns	     20484	8000430c	e0000453	fmv.x.w	x8,f0	  f0:0x452853a4  x8=0x452853a4
     204875.000 ns	     20486	80004310	2d2ec993	xori	x19,x29,722	 x29:0x00000000 x19=0x000002d2
     204895.000 ns	     20488	80004314	e00a1fd3	fclass.s	x31,f20	 f20:0x00000001 x31=0x00000020
     204925.000 ns	     20491	80004318	207d9153	fsgnjn.s	f2,f27,f7	 f27:0x00000000  f7:0x7fc00000  f2=0x80000000
     204945.000 ns	     20493	8000431c	00eecd33	xor	x26,x29,x14	 x29:0x00000000 x14:0x80040fe4 x26=0x80040fe4
     204965.000 ns	     20495	80004320	c009a353	fcvt.w.s	x6,f19	 f19:0x4f750000  x6=0x7fffffff
     205015.000 ns	     20500	80004324	00377253	fadd.s	f4,f14,f3	 f14:0xb5a84e4d  f3:0x592cf137  f4=0x592cf137
     205045.000 ns	     20503	80004328	c0037ed3	fcvt.w.s	x29,f6	  f6:0x5de39ad0 x29=0x7fffffff
     205065.000 ns	     20505	8000432c	018633b3	sltu	x7,x12,x24	 x12:0x00000000 x24:0xffffffff  x7=0x00000001
     205085.000 ns	     20507	80004330	e0091d53	fclass.s	x26,f18	 f18:0x00000000 x26=0x00000010
     205105.000 ns	     20509	80004334	00000013	addi	x0,x0,0	  x0:0x00000000
     205115.000 ns	     20510	80004338	00634eb3	xor	x29,x6,x6	  x6:0x7fffffff  x6:0x7fffffff x29=0x00000000
     205135.000 ns	     20512	8000433c	20c59cd3	fsgnjn.s	f25,f11,f12	 f11:0x00000000 f12:0x00000000 f25=0x80000000
     205155.000 ns	     20514	80004340	00000013	addi	x0,x0,0	  x0:0x00000000
     205165.000 ns	     20515	80004344	266b8d93	addi	x27,x23,614	 x23:0x00000001 x27=0x00000267
     205175.000 ns	     20516	80004348	008e5613	srli	x12,x28,0x8	 x28:0x005d8d00 x12=0x00005d8d
     205195.000 ns	     20518	8000434c	a1de19d3	flt.s	x19,f28,f29	 f28:0x00000000 f29:0x4f555bc0 x19=0x00000001
     205215.000 ns	     20520	80004350	4b177117	auipc	x2,0x4b177	  x2=0xcb17b350
     205575.000 ns	     20556	80004354	02f47ab3	remu	x21,x8,x15	  x8:0x452853a4 x15:0xffffffff x21=0x452853a4
     205615.000 ns	     20560	80004358	11e0fdd3	fmul.s	f27,f1,f30	  f1:0x5de39ad0 f30:0x3f800000 f27=0x5de39ad0
     205665.000 ns	     20565	8000435c	0094f753	fadd.s	f14,f9,f9	  f9:0x7fc00000  f9:0x7fc00000 f14=0x7fc00000
     205695.000 ns	     20568	80004360	028503b3	mul	x7,x10,x8	 x10:0x00000001  x8:0x452853a4  x7=0x452853a4
     205715.000 ns	     20570	80004364	03910013	addi	x0,x2,57	  x2:0xcb17b350
     206075.000 ns	     20606	80004368	02df7db3	remu	x27,x30,x13	 x30:0xffffffff x13:0x05d8d000 x27=0x04950fff
     206095.000 ns	     20608	8000436c	00aa2ab3	slt	x21,x20,x10	 x20:0xb5a84e4d x10:0x00000001 x21=0x00000001
     206105.000 ns	     20609	80004370	ed768337	lui	x6,0xed768	  x6=0xed768000
     206125.000 ns	     20611	80004374	a0aa03d3	fle.s	x7,f20,f10	 f20:0x00000001 f10:0xb5a84e4d  x7=0x00000000
     206145.000 ns	     20613	80004378	01748333	add	x6,x9,x23	  x9:0x27ba8000 x23:0x00000001  x6=0x27ba8001
     206165.000 ns	     20615	8000437c	c003f9d3	fcvt.w.s	x19,f7	  f7:0x7fc00000 x19=0x7fffffff
     206535.000 ns	     20652	80004380	03856eb3	rem	x29,x10,x24	 x10:0x00000001 x24:0xffffffff x29=0x00000000
     206555.000 ns	     20654	80004384	012de133	or	x2,x27,x18	 x27:0x04950fff x18:0xffffffff  x2=0xffffffff
     206565.000 ns	     20655	80004388	01e70eb3	add	x29,x14,x30	 x14:0x80040fe4 x30:0xffffffff x29=0x80040fe3
     206595.000 ns	     20658	8000438c	107b9153	fmul.s	f2,f23,f7	 f23:0x04d55bc0  f7:0x7fc00000  f2=0x7fc00000
     206615.000 ns	     20660	80004390	00709a93	slli	x21,x1,0x7	  x1:0x27ba8000 x21=0xdd400000
     206635.000 ns	     20662	80004394	a1f0a0d3	feq.s	x1,f1,f31	  f1:0x5de39ad0 f31:0x00000001  x1=0x00000000
     206655.000 ns	     20664	80004398	002b3a33	sltu	x20,x22,x2	 x22:0xaaa84e4e  x2:0xffffffff x20=0x00000001
     207015.000 ns	     20700	8000439c	03acfab3	remu	x21,x25,x26	 x25:0x00000000 x26:0x00000010 x21=0x00000000
     207035.000 ns	     20702	800043a0	e933be13	sltiu	x28,x7,-365	  x7:0x00000000 x28=0x00000001
     207055.000 ns	     20704	800043a4	02117ab3	remu	x21,x2,x1	  x2:0xffffffff  x1:0x00000000 x21=0xffffffff
     207085.000 ns	     20707	800043a8	d0020453	fcvt.s.w	f8,x4	  x4:0x00000000  f8=0x00000000
     207115.000 ns	     20710	800043ac	21208053	fsgnj.s	f0,f1,f18	  f1:0x5de39ad0 f18:0x00000000  f0=0x5de39ad0
     207145.000 ns	     20713	800043b0	f00f8353	fmv.w.x	f6,x31	 x31:0x00000020  f6=0x00000020
     207515.000 ns	     20750	800043b4	02c74033	div	x0,x14,x12	 x14:0x80040fe4 x12:0x00005d8d
     207545.000 ns	     20753	800043b8	03195033	divu	x0,x18,x17	 x18:0xffffffff x17:0x00000000
     207575.000 ns	     20756	800043bc	215f03d3	fsgnj.s	f7,f30,f21	 f30:0x3f800000 f21:0x7fc00000  f7=0x3f800000
     207605.000 ns	     20759	800043c0	036814b3	mulh	x9,x16,x22	 x16:0x4f750000 x22:0xaaa84e4e  x9=0xe582ef15
     207625.000 ns	     20761	800043c4	ec21ba13	sltiu	x20,x3,-318	  x3:0x00000000 x20=0x00000001
     207635.000 ns	     20762	800043c8	014fbeb3	sltu	x29,x31,x20	 x31:0x00000020 x20:0x00000001 x29=0x00000000
     207655.000 ns	     20764	800043cc	03d8d7b3	divu	x15,x17,x29	 x17:0x00000000 x29:0x80040fe3 x15=0xffffffff
     208025.000 ns	     20801	800043d0	03c5edb3	rem	x27,x11,x28	 x11:0x00000001 x28:0x00000001 x27=0x00000000
     208055.000 ns	     20804	800043d4	02633fb3	mulhu	x31,x6,x6	  x6:0x27ba8001  x6:0x27ba8001 x31=0x062a5ade
     208085.000 ns	     20807	800043d8	c01bfa53	fcvt.wu.s	x20,f23	 f23:0x04d55bc0 x20=0x00000000
     208115.000 ns	     20810	800043dc	29ce1653	fmax.s	f12,f28,f28	 f28:0x00000000 f28:0x00000000 f12=0x00000000
     208135.000 ns	     20812	800043e0	01f508b3	add	x17,x10,x31	 x10:0x00000001 x31:0x062a5ade x17=0x062a5adf
     208155.000 ns	     20814	800043e4	282d1553	fmax.s	f10,f26,f2	 f26:0xdde39ad0  f2:0x7fc00000 f10=0xdde39ad0
     208195.000 ns	     20818	800043e8	1163f2d3	fmul.s	f5,f7,f22	  f7:0x3f800000 f22:0x7fc00000  f5=0x7fc00000
     208215.000 ns	     20820	800043ec	4170d4b3	sra	x9,x1,x23	  x1:0x00000000 x23:0x00000001  x9=0x00000000
     208235.000 ns	     20822	800043f0	c0067353	fcvt.w.s	x6,f12	 f12:0x00000000  x6=0x00000000
     208255.000 ns	     20824	800043f4	40c00d33	sub	x26,x0,x12	  x0:0x00000000 x12:0x00005d8d x26=0xffffa273
     208265.000 ns	     20825	800043f8	401351b3	sra	x3,x6,x1	  x6:0x00000000  x1:0x00000000  x3=0x00000000
     208275.000 ns	     20826	800043fc	006003b3	add	x7,x0,x6	  x0:0x00000000  x6:0x00000000  x7=0x00000000
     208295.000 ns	     20828	80004400	29c00153	fmin.s	f2,f0,f28	  f0:0x5de39ad0 f28:0x00000000  f2=0x00000000
     208325.000 ns	     20831	80004404	d00d86d3	fcvt.s.w	f13,x27	 x27:0x00000000 f13=0x00000000
     208345.000 ns	     20833	80004408	01251633	sll	x12,x10,x18	 x10:0x00000001 x18:0xffffffff x12=0x80000000
     208355.000 ns	     20834	8000440c	0178a533	slt	x10,x17,x23	 x17:0x062a5adf x23:0x00000001 x10=0x00000000
     208365.000 ns	     20835	80004410	01d0a5b3	slt	x11,x1,x29	  x1:0x00000000 x29:0x00000000 x11=0x00000000
     208385.000 ns	     20837	80004414	f00901d3	fmv.w.x	f3,x18	 x18:0xffffffff  f3=0xffffffff
     208415.000 ns	     20840	80004418	201fae53	fsgnjx.s	f28,f31,f1	 f31:0x00000001  f1:0x5de39ad0 f28=0x00000001
     208435.000 ns	     20842	8000441c	00e61493	slli	x9,x12,0xe	 x12:0x80000000  x9=0x00000000
     208445.000 ns	     20843	80004420	01a8f133	and	x2,x17,x26	 x17:0x062a5adf x26:0xffffa273  x2=0x062a0253
     208455.000 ns	     20844	80004424	002f8eb3	add	x29,x31,x2	 x31:0x062a5ade  x2:0xffffffff x29=0x0c545d31
     208475.000 ns	     20846	80004428	d00e8953	fcvt.s.w	f18,x29	 x29:0x00000000 f18=0x4d4545d3
     208495.000 ns	     20848	8000442c	90cb3413	sltiu	x8,x22,-1780	 x22:0xaaa84e4e  x8=0x00000001
     208515.000 ns	     20850	80004430	f00801d3	fmv.w.x	f3,x16	 x16:0x4f750000  f3=0x4f750000
     208545.000 ns	     20853	80004434	21251453	fsgnjn.s	f8,f10,f18	 f10:0xdde39ad0 f18:0x4d4545d3  f8=0xdde39ad0
     208585.000 ns	     20857	80004438	19477f53	fdiv.s	f30,f14,f20	 f14:0x7fc00000 f20:0x00000001 f30=0x7fc00000
     208615.000 ns	     20860	8000443c	d0090053	fcvt.s.w	f0,x18	 x18:0xffffffff  f0=0xbf800000
     208665.000 ns	     20865	80004440	006af653	fadd.s	f12,f21,f6	 f21:0x7fc00000  f6:0x00000020 f12=0x7fc00000
     208695.000 ns	     20868	80004444	02f518b3	mulh	x17,x10,x15	 x10:0x00000000 x15:0xffffffff x17=0x00000000
     208715.000 ns	     20870	80004448	00ecc833	xor	x16,x25,x14	 x25:0x00000000 x14:0x80040fe4 x16=0x80040fe4
     208735.000 ns	     20872	8000444c	e0061ed3	fclass.s	x29,f12	 f12:0x7fc00000 x29=0x00000200
     208765.000 ns	     20875	80004450	28461d53	fmax.s	f26,f12,f4	 f12:0x7fc00000  f4:0x592cf137 f26=0x592cf137
     208785.000 ns	     20877	80004454	25c3e893	ori	x17,x7,604	  x7:0x00000000 x17=0x0000025c
     208795.000 ns	     20878	80004458	6f4af937	lui	x18,0x6f4af	 x18=0x6f4af000
     208815.000 ns	     20880	8000445c	208b8753	fsgnj.s	f14,f23,f8	 f23:0x04d55bc0  f8:0xdde39ad0 f14=0x84d55bc0
     208845.000 ns	     20883	80004460	c01133d3	fcvt.wu.s	x7,f2	  f2:0x00000000  x7=0x00000000
     208865.000 ns	     20885	80004464	00ba6bb3	or	x23,x20,x11	 x20:0x00000000 x11:0x00000000 x23=0x00000000
     208885.000 ns	     20887	80004468	20b2aa53	fsgnjx.s	f20,f5,f11	  f5:0x7fc00000 f11:0x00000000 f20=0x7fc00000
     208935.000 ns	     20892	8000446c	09a74ed3	fsub.s	f29,f14,f26	 f14:0x84d55bc0 f26:0x592cf137 f29=0xd92cf137
     208965.000 ns	     20895	80004470	d0057153	fcvt.s.w	f2,x10	 x10:0x00000000  f2=0x00000000
     208995.000 ns	     20898	80004474	c01475d3	fcvt.wu.s	x11,f8	  f8:0xdde39ad0 x11=0x00000000
     209015.000 ns	     20900	80004478	008be233	or	x4,x23,x8	 x23:0x00000000  x8:0x00000001  x4=0x00000001
     209045.000 ns	     20903	8000447c	580e8953	fsqrt.s	f18,f29	 f29:0xd92cf137 f18=0x7fc00000
     209075.000 ns	     20906	80004480	c0158a53	fcvt.wu.s	x20,f11	 f11:0x00000000 x20=0x00000000
     209105.000 ns	     20909	80004484	d00cc553	fcvt.s.w	f10,x25	 x25:0x00000000 f10=0x00000000
     209475.000 ns	     20946	80004488	031fdcb3	divu	x25,x31,x17	 x31:0x062a5ade x17:0x0000025c x25=0x00029cf8
     209495.000 ns	     20948	8000448c	01fd21b3	slt	x3,x26,x31	 x26:0xffffa273 x31:0x062a5ade  x3=0x00000001
     209505.000 ns	     20949	80004490	417f5993	srai	x19,x30,0x17	 x30:0xffffffff x19=0xffffffff
     209515.000 ns	     20950	80004494	404ade93	srai	x29,x21,0x4	 x21:0xffffffff x29=0xffffffff
     209535.000 ns	     20952	80004498	03c13433	mulhu	x8,x2,x28	  x2:0x062a0253 x28:0x00000001  x8=0x00000000
     209565.000 ns	     20955	8000449c	20d2ac53	fsgnjx.s	f24,f5,f13	  f5:0x7fc00000 f13:0x00000000 f24=0x7fc00000
     209595.000 ns	     20958	800044a0	d00107d3	fcvt.s.w	f15,x2	  x2:0x062a0253 f15=0x4cc5404a
     209615.000 ns	     20960	800044a4	8a917613	andi	x12,x2,-1879	  x2:0x062a0253 x12=0x062a0001
     209625.000 ns	     20961	800044a8	0135d4b3	srl	x9,x11,x19	 x11:0x00000000 x19:0xffffffff  x9=0x00000000
     209645.000 ns	     20963	800044ac	a1208653	fle.s	x12,f1,f18	  f1:0x5de39ad0 f18:0x7fc00000 x12=0x00000000
     209665.000 ns	     20965	800044b0	c2143593	sltiu	x11,x8,-991	  x8:0x00000000 x11=0x00000001
     209675.000 ns	     20966	800044b4	e36ae837	lui	x16,0xe36ae	 x16=0xe36ae000
     209695.000 ns	     20968	800044b8	c00ff053	fcvt.w.s	x0,f31	 f31:0x00000001
     209735.000 ns	     20972	800044bc	110f17d3	fmul.s	f15,f30,f16	 f30:0x7fc00000 f16:0xdde34457 f15=0x7fc00000
     209755.000 ns	     20974	800044c0	c6a33497	auipc	x9,0xc6a33	  x9=0x46a374c0
     209775.000 ns	     20976	800044c4	f00b8b53	fmv.w.x	f22,x23	 x23:0x00000000 f22=0x00000000
     209795.000 ns	     20978	800044c8	000f1233	sll	x4,x30,x0	 x30:0xffffffff  x0:0x00000000  x4=0xffffffff
     209815.000 ns	     20980	800044cc	c01f8a53	fcvt.wu.s	x20,f31	 f31:0x00000001 x20=0x00000000
     209845.000 ns	     20983	800044d0	d00cbd53	fcvt.s.w	f26,x25	 x25:0x00029cf8 f26=0x48273e00
     209865.000 ns	     20985	800044d4	006e6933	or	x18,x28,x6	 x28:0x00000001  x6:0x00000000 x18=0x00000001
     209885.000 ns	     20987	800044d8	f00306d3	fmv.w.x	f13,x6	  x6:0x00000000 f13=0x00000000
     209905.000 ns	     20989	800044dc	05da4517	auipc	x10,0x5da4	 x10=0x85da84dc
     209915.000 ns	     20990	800044e0	015e8433	add	x8,x29,x21	 x29:0xffffffff x21:0xffffffff  x8=0xfffffffe
     209925.000 ns	     20991	800044e4	011c8eb3	add	x29,x25,x17	 x25:0x00029cf8 x17:0x0000025c x29=0x00029f54
     209935.000 ns	     20992	800044e8	00000013	addi	x0,x0,0	  x0:0x00000000
     209955.000 ns	     20994	800044ec	02522133	mulhsu	x2,x4,x5	  x4:0xffffffff  x5:0x80041024  x2=0xffffffff
     209985.000 ns	     20997	800044f0	d00d29d3	fcvt.s.w	f19,x26	 x26:0xffffa273 f19=0xc6bb1a00
     210015.000 ns	     21000	800044f4	a1e58c53	fle.s	x24,f11,f30	 f11:0x00000000 f30:0x7fc00000 x24=0x00000000
     210035.000 ns	     21002	800044f8	5f993093	sltiu	x1,x18,1529	 x18:0x00000001  x1=0x00000001
     210045.000 ns	     21003	800044fc	aca1fd13	andi	x26,x3,-1334	  x3:0x00000001 x26=0x00000000
     210405.000 ns	     21039	80004500	029e66b3	rem	x13,x28,x9	 x28:0x00000001  x9:0x46a374c0 x13=0x00000001
     210425.000 ns	     21041	80004504	018a16b3	sll	x13,x20,x24	 x20:0x00000000 x24:0x00000000 x13=0x00000000
     210435.000 ns	     21042	80004508	00522bb3	slt	x23,x4,x5	  x4:0xffffffff  x5:0x80041024 x23=0x00000000
     210445.000 ns	     21043	8000450c	413a8033	sub	x0,x21,x19	 x21:0xffffffff x19:0xffffffff
     210455.000 ns	     21044	80004510	01920033	add	x0,x4,x25	  x4:0xffffffff x25:0x00029cf8
     210465.000 ns	     21045	80004514	01fdcd33	xor	x26,x27,x31	 x27:0x00000000 x31:0x062a5ade x26=0x062a5ade
     210485.000 ns	     21047	80004518	213380d3	fsgnj.s	f1,f7,f19	  f7:0x3f800000 f19:0xc6bb1a00  f1=0xbf800000
     210515.000 ns	     21050	8000451c	c011f5d3	fcvt.wu.s	x11,f3	  f3:0x4f750000 x11=0xf5000000
     210535.000 ns	     21052	80004520	2804a193	slti	x3,x9,640	  x9:0x46a374c0  x3=0x00000000
     210545.000 ns	     21053	80004524	00b8c133	xor	x2,x17,x11	 x17:0x0000025c x11:0xf5000000  x2=0xf500025c
     210555.000 ns	     21054	80004528	007671b3	and	x3,x12,x7	 x12:0x00000000  x7:0x00000000  x3=0x00000000
     210915.000 ns	     21090	8000452c	024550b3	divu	x1,x10,x4	 x10:0x85da84dc  x4:0xffffffff  x1=0x00000000
     210935.000 ns	     21092	80004530	01103033	sltu	x0,x0,x17	  x0:0x00000000 x17:0x0000025c
     210945.000 ns	     21093	80004534	01c1cfb3	xor	x31,x3,x28	  x3:0x00000000 x28:0x00000001 x31=0x00000001
     210965.000 ns	     21095	80004538	0260d833	divu	x16,x1,x6	  x1:0x00000000  x6:0x00000000 x16=0xffffffff
     210995.000 ns	     21098	8000453c	c00249d3	fcvt.w.s	x19,f4	  f4:0x592cf137 x19=0x7fffffff
     211015.000 ns	     21100	80004540	00e86bb3	or	x23,x16,x14	 x16:0xffffffff x14:0x80040fe4 x23=0xffffffff
     211035.000 ns	     21102	80004544	0342cfb3	div	x31,x5,x20	  x5:0x80041024 x20:0x00000000 x31=0xffffffff
     211065.000 ns	     21105	80004548	c004fa53	fcvt.w.s	x20,f9	  f9:0x7fc00000 x20=0x7fffffff
     211085.000 ns	     21107	8000454c	0164ae33	slt	x28,x9,x22	  x9:0x46a374c0 x22:0xaaa84e4e x28=0x00000000
     211105.000 ns	     21109	80004550	02102cb3	mulhsu	x25,x0,x1	  x0:0x00000000  x1:0x00000000 x25=0x00000000
     211135.000 ns	     21112	80004554	03ceb033	mulhu	x0,x29,x28	 x29:0x00029f54 x28:0x00000001
     211505.000 ns	     21149	80004558	02aad0b3	divu	x1,x21,x10	 x21:0xffffffff x10:0x85da84dc  x1=0x00000001
     211535.000 ns	     21152	8000455c	a174acd3	feq.s	x25,f9,f23	  f9:0x7fc00000 f23:0x04d55bc0 x25=0x00000000
     211555.000 ns	     21154	80004560	0083a7b3	slt	x15,x7,x8	  x7:0x00000000  x8:0xfffffffe x15=0x00000000
     211565.000 ns	     21155	80004564	403354b3	sra	x9,x6,x3	  x6:0x00000000  x3:0x00000000  x9=0x00000000
     211925.000 ns	     21191	80004568	034dceb3	div	x29,x27,x20	 x27:0x00000000 x20:0x7fffffff x29=0x00000000
     211955.000 ns	     21194	8000456c	c00aa453	fcvt.w.s	x8,f21	 f21:0x7fc00000  x8=0x7fffffff
     211985.000 ns	     21197	80004570	02c23233	mulhu	x4,x4,x12	  x4:0xffffffff x12:0x00000000  x4=0x00000000
     212005.000 ns	     21199	80004574	40e35313	srai	x6,x6,0xe	  x6:0x00000000  x6=0x00000000
     212015.000 ns	     21200	80004578	002e3bb3	sltu	x23,x28,x2	 x28:0x00000000  x2:0xf500025c x23=0x00000001
     212025.000 ns	     21201	8000457c	d06fad93	slti	x27,x31,-762	 x31:0xffffffff x27=0x00000000
     212045.000 ns	     21203	80004580	a02983d3	fle.s	x7,f19,f2	 f19:0xc6bb1a00  f2:0x00000000  x7=0x00000001
     212065.000 ns	     21205	80004584	5f6ee793	ori	x15,x29,1526	 x29:0x00000000 x15=0x000005f6
     212085.000 ns	     21207	80004588	c01df153	fcvt.wu.s	x2,f27	 f27:0x5de39ad0  x2=0xffffffff
     212115.000 ns	     21210	8000458c	28e198d3	fmax.s	f17,f3,f14	  f3:0x4f750000 f14:0x84d55bc0 f17=0x4f750000
     212155.000 ns	     21214	80004590	580cf9d3	fsqrt.s	f19,f25	 f25:0x80000000 f19=0x80000000
     212185.000 ns	     21217	80004594	287e91d3	fmax.s	f3,f29,f7	 f29:0xd92cf137  f7:0x3f800000  f3=0x3f800000
     212215.000 ns	     21220	80004598	d00f87d3	fcvt.s.w	f15,x31	 x31:0xffffffff f15=0xbf800000
     212245.000 ns	     21223	8000459c	2005a0d3	fsgnjx.s	f1,f11,f0	 f11:0x00000000  f0:0xbf800000  f1=0x80000000
     212275.000 ns	     21226	800045a0	2148a353	fsgnjx.s	f6,f17,f20	 f17:0x4f750000 f20:0x7fc00000  f6=0x4f750000
     212295.000 ns	     21228	800045a4	01965db3	srl	x27,x12,x25	 x12:0x00000000 x25:0x00000000 x27=0x00000000
     212315.000 ns	     21230	800045a8	038aae33	mulhsu	x28,x21,x24	 x21:0xffffffff x24:0x00000000 x28=0x00000000
     212335.000 ns	     21232	800045ac	01739333	sll	x6,x7,x23	  x7:0x00000001 x23:0x00000001  x6=0x00000002
     212355.000 ns	     21234	800045b0	d01112d3	fcvt.s.wu	f5,x2	  x2:0xffffffff  f5=0x4f7fffff
     212375.000 ns	     21236	800045b4	012def33	or	x30,x27,x18	 x27:0x00000000 x18:0x00000001 x30=0x00000001
     212395.000 ns	     21238	800045b8	03cbb033	mulhu	x0,x23,x28	 x23:0x00000001 x28:0x00000000
     212435.000 ns	     21242	800045bc	58097bd3	fsqrt.s	f23,f18	 f18:0x7fc00000 f23=0x7fc00000
     212465.000 ns	     21245	800045c0	d0197753	fcvt.s.wu	f14,x18	 x18:0x00000001 f14=0x3f800000
     212495.000 ns	     21248	800045c4	284615d3	fmax.s	f11,f12,f4	 f12:0x7fc00000  f4:0x592cf137 f11=0x592cf137
     212865.000 ns	     21285	800045c8	03fb67b3	rem	x15,x22,x31	 x22:0xaaa84e4e x31:0xffffffff x15=0x00000000
     212895.000 ns	     21288	800045cc	f00a8753	fmv.w.x	f14,x21	 x21:0xffffffff f14=0xffffffff
     212915.000 ns	     21290	800045d0	8d763f13	sltiu	x30,x12,-1833	 x12:0x00000000 x30=0x00000001
     212935.000 ns	     21292	800045d4	a1149d53	flt.s	x26,f9,f17	  f9:0x7fc00000 f17:0x4f750000 x26=0x00000000
     212965.000 ns	     21295	800045d8	d00d29d3	fcvt.s.w	f19,x26	 x26:0x062a5ade f19=0x00000000
     212995.000 ns	     21298	800045dc	2116a053	fsgnjx.s	f0,f13,f17	 f13:0x00000000 f17:0x4f750000  f0=0x00000000
     213015.000 ns	     21300	800045e0	00903833	sltu	x16,x0,x9	  x0:0x00000000  x9:0x00000000 x16=0x00000000
     213025.000 ns	     21301	800045e4	d7402e93	slti	x29,x0,-652	  x0:0x00000000 x29=0x00000000
     213035.000 ns	     21302	800045e8	00555313	srli	x6,x10,0x5	 x10:0x85da84dc  x6=0x042ed426
     213055.000 ns	     21304	800045ec	e0058ed3	fmv.x.w	x29,f11	 f11:0x592cf137 x29=0x592cf137
     213105.000 ns	     21309	800045f0	08324d53	fsub.s	f26,f4,f3	  f4:0x592cf137  f3:0x3f800000 f26=0x592cf137
     213135.000 ns	     21312	800045f4	a0d006d3	fle.s	x13,f0,f13	  f0:0x00000000 f13:0x00000000 x13=0x00000001
     213155.000 ns	     21314	800045f8	00000013	addi	x0,x0,0	  x0:0x00000000
     213175.000 ns	     21316	800045fc	c00ac5d3	fcvt.w.s	x11,f21	 f21:0x7fc00000 x11=0x7fffffff
     213195.000 ns	     21318	80004600	018e73b3	and	x7,x28,x24	 x28:0x00000000 x24:0x00000000  x7=0x00000000
     213215.000 ns	     21320	80004604	e00580d3	fmv.x.w	x1,f11	 f11:0x592cf137  x1=0x592cf137
     213245.000 ns	     21323	80004608	d013fcd3	fcvt.s.wu	f25,x7	  x7:0x00000001 f25=0x00000000
     213265.000 ns	     21325	8000460c	00ea9db3	sll	x27,x21,x14	 x21:0xffffffff x14:0x80040fe4 x27=0xfffffff0
     213275.000 ns	     21326	80004610	01f91693	slli	x13,x18,0x1f	 x18:0x00000001 x13=0x80000000
     213285.000 ns	     21327	80004614	4540c113	xori	x2,x1,1108	  x1:0x592cf137  x2=0x592cf563
     213295.000 ns	     21328	80004618	41468d33	sub	x26,x13,x20	 x13:0x00000001 x20:0x7fffffff x26=0x00000001
     213315.000 ns	     21330	8000461c	a0062353	feq.s	x6,f12,f0	 f12:0x7fc00000  f0:0x00000000  x6=0x00000000
     213335.000 ns	     21332	80004620	7bffc313	xori	x6,x31,1983	 x31:0xffffffff  x6=0xfffff840
     213365.000 ns	     21335	80004624	58087553	fsqrt.s	f10,f16	 f16:0xdde34457 f10=0x7fc00000
     213385.000 ns	     21337	80004628	854cce93	xori	x29,x25,-1964	 x25:0x00000000 x29=0xfffff854
     213405.000 ns	     21339	8000462c	20bc20d3	fsgnjx.s	f1,f24,f11	 f24:0x7fc00000 f11:0x592cf137  f1=0x7fc00000
     213435.000 ns	     21342	80004630	c0029353	fcvt.w.s	x6,f5	  f5:0x4f7fffff  x6=0x7fffffff
     213455.000 ns	     21344	80004634	b07c6513	ori	x10,x24,-1273	 x24:0x00000000 x10=0xfffffb07
     213815.000 ns	     21380	80004638	021fecb3	rem	x25,x31,x1	 x31:0xffffffff  x1:0x592cf137 x25=0xffffffff
     213835.000 ns	     21382	8000463c	012b3833	sltu	x16,x22,x18	 x22:0xaaa84e4e x18:0x00000001 x16=0x00000000
     213855.000 ns	     21384	80004640	024045b3	div	x11,x0,x4	  x0:0x00000000  x4:0x00000000 x11=0xffffffff
     213875.000 ns	     21386	80004644	0117d6b3	srl	x13,x15,x17	 x15:0x00000000 x17:0x0000025c x13=0x00000000
     213895.000 ns	     21388	80004648	f00b0953	fmv.w.x	f18,x22	 x22:0xaaa84e4e f18=0xaaa84e4e
     213935.000 ns	     21392	8000464c	104a7353	fmul.s	f6,f20,f4	 f20:0x7fc00000  f4:0x592cf137  f6=0x7fc00000
     213955.000 ns	     21394	80004650	012c5193	srli	x3,x24,0x12	 x24:0x00000000  x3=0x00000000
     215125.000 ns	     21511	80004654	5803f6d3	fsqrt.s	f13,f7	  f7:0x3f800000 f13=0x3f7fffae
     215145.000 ns	     21513	80004658	4163d833	sra	x16,x7,x22	  x7:0x00000000 x22:0xaaa84e4e x16=0x00000000
     215165.000 ns	     21515	8000465c	c0182c53	fcvt.wu.s	x24,f16	 f16:0xdde34457 x24=0x00000000
     215185.000 ns	     21517	80004660	01d93933	sltu	x18,x18,x29	 x18:0x00000001 x29:0xfffff854 x18=0x00000001
     215205.000 ns	     21519	80004664	c0069ad3	fcvt.w.s	x21,f13	 f13:0x3f7fffae x21=0x00000000
     215235.000 ns	     21522	80004668	03efa9b3	mulhsu	x19,x31,x30	 x31:0xffffffff x30:0x00000001 x19=0xffffffff
     215255.000 ns	     21524	8000466c	41de5093	srai	x1,x28,0x1d	 x28:0x00000000  x1=0x00000000
     215265.000 ns	     21525	80004670	85746893	ori	x17,x8,-1961	  x8:0x7fffffff x17=0xffffffff
     215625.000 ns	     21561	80004674	03e2cc33	div	x24,x5,x30	  x5:0x80041024 x30:0x00000001 x24=0x80041024
     215655.000 ns	     21564	80004678	e00f1653	fclass.s	x12,f30	 f30:0x7fc00000 x12=0x00000200
     215675.000 ns	     21566	8000467c	002f1593	slli	x11,x30,0x2	 x30:0x00000001 x11=0x00000004
     215685.000 ns	     21567	80004680	007ad233	srl	x4,x21,x7	 x21:0x00000000  x7:0x00000000  x4=0x00000000
     215695.000 ns	     21568	80004684	01659413	slli	x8,x11,0x16	 x11:0xffffffff  x8=0x01000000
     215705.000 ns	     21569	80004688	0075a3b3	slt	x7,x11,x7	 x11:0x00000004  x7:0x00000000  x7=0x00000000
     216065.000 ns	     21605	8000468c	03327cb3	remu	x25,x4,x19	  x4:0x00000000 x19:0xffffffff x25=0x00000000
     216085.000 ns	     21607	80004690	00000013	addi	x0,x0,0	  x0:0x00000000
     216105.000 ns	     21609	80004694	03d0b633	mulhu	x12,x1,x29	  x1:0x00000000 x29:0xfffff854 x12=0x00000000
     216135.000 ns	     21612	80004698	03d011b3	mulh	x3,x0,x29	  x0:0x00000000 x29:0xfffff854  x3=0x00000000
     216155.000 ns	     21614	8000469c	012741b3	xor	x3,x14,x18	 x14:0x80040fe4 x18:0x00000001  x3=0x80040fe5
     216165.000 ns	     21615	800046a0	0070d433	srl	x8,x1,x7	  x1:0x00000000  x7:0x00000000  x8=0x00000000
     216175.000 ns	     21616	800046a4	41ffd693	srai	x13,x31,0x1f	 x31:0xffffffff x13=0xffffffff
     216185.000 ns	     21617	800046a8	003c6833	or	x16,x24,x3	 x24:0x80041024  x3:0x80040fe5 x16=0x80041fe5
     216195.000 ns	     21618	800046ac	41ae59b3	sra	x19,x28,x26	 x28:0x00000000 x26:0x00000001 x19=0x00000000
     216215.000 ns	     21620	800046b0	207407d3	fsgnj.s	f15,f8,f7	  f8:0xdde39ad0  f7:0x3f800000 f15=0x5de39ad0
     216235.000 ns	     21622	800046b4	dc31d697	auipc	x13,0xdc31d	 x13=0x5c3216b4
     216245.000 ns	     21623	800046b8	00c3cc33	xor	x24,x7,x12	  x7:0x00000000 x12:0x00000000 x24=0x00000000
     216265.000 ns	     21625	800046bc	29ff97d3	fmax.s	f15,f31,f31	 f31:0x00000001 f31:0x00000001 f15=0x00000001
     216295.000 ns	     21628	800046c0	e0058a53	fmv.x.w	x20,f11	 f11:0x592cf137 x20=0x592cf137
     216315.000 ns	     21630	800046c4	00e54bb3	xor	x23,x10,x14	 x10:0xfffffb07 x14:0x80040fe4 x23=0x7ffbf4e3
     216335.000 ns	     21632	800046c8	d01631d3	fcvt.s.wu	f3,x12	 x12:0x00000000  f3=0x00000000
     216365.000 ns	     21635	800046cc	29ba9c53	fmax.s	f24,f21,f27	 f21:0x7fc00000 f27:0x5de39ad0 f24=0x5de39ad0
     216735.000 ns	     21672	800046d0	02e96333	rem	x6,x18,x14	 x18:0x00000001 x14:0x80040fe4  x6=0x00000001
     216765.000 ns	     21675	800046d4	d0117653	fcvt.s.wu	f12,x2	  x2:0x592cf563 f12=0x4eb259ea
     216805.000 ns	     21679	800046d8	11d97b53	fmul.s	f22,f18,f29	 f18:0xaaa84e4e f29:0xd92cf137 f22=0x44636664
     216825.000 ns	     21681	800046dc	80683413	sltiu	x8,x16,-2042	 x16:0x80041fe5  x8=0x00000001
     216835.000 ns	     21682	800046e0	db806393	ori	x7,x0,-584	  x0:0x00000000  x7=0xfffffdb8
     216855.000 ns	     21684	800046e4	033d10b3	mulh	x1,x26,x19	 x26:0x00000001 x19:0x00000000  x1=0x00000000
     216885.000 ns	     21687	800046e8	21d49fd3	fsgnjn.s	f31,f9,f29	  f9:0x7fc00000 f29:0xd92cf137 f31=0x7fc00000
     216905.000 ns	     21689	800046ec	00000013	addi	x0,x0,0	  x0:0x00000000
     216925.000 ns	     21691	800046f0	d00c7953	fcvt.s.w	f18,x24	 x24:0x00000000 f18=0x00000000
     216955.000 ns	     21694	800046f4	d0077753	fcvt.s.w	f14,x14	 x14:0x80040fe4 f14=0xcefff7e0
     216975.000 ns	     21696	800046f8	0164f433	and	x8,x9,x22	  x9:0x00000000 x22:0xaaa84e4e  x8=0x00000000
     216985.000 ns	     21697	800046fc	0092fd33	and	x26,x5,x9	  x5:0x80041024  x9:0x00000000 x26=0x00000000
     217005.000 ns	     21699	80004700	a1b92a53	feq.s	x20,f18,f27	 f18:0x00000000 f27:0x5de39ad0 x20=0x00000000
     217035.000 ns	     21702	80004704	a1688ad3	fle.s	x21,f17,f22	 f17:0x4f750000 f22:0x44636664 x21=0x00000000
     217055.000 ns	     21704	80004708	4b95e093	ori	x1,x11,1209	 x11:0x00000004  x1=0x000004bd
     217075.000 ns	     21706	8000470c	a0c80bd3	fle.s	x23,f16,f12	 f16:0xdde34457 f12:0x4eb259ea x23=0x00000001
     217095.000 ns	     21708	80004710	015594b3	sll	x9,x11,x21	 x11:0x00000004 x21:0x00000000  x9=0x00000004
     217105.000 ns	     21709	80004714	406889b3	sub	x19,x17,x6	 x17:0xffffffff  x6:0x00000001 x19=0xfffffffe
     217125.000 ns	     21711	80004718	20c02553	fsgnjx.s	f10,f0,f12	  f0:0x00000000 f12:0x4eb259ea f10=0x00000000
     217155.000 ns	     21714	8000471c	02ba08b3	mul	x17,x20,x11	 x20:0x00000000 x11:0x00000004 x17=0x00000000
     217175.000 ns	     21716	80004720	009b3c33	sltu	x24,x22,x9	 x22:0xaaa84e4e  x9:0x00000004 x24=0x00000000
     217195.000 ns	     21718	80004724	a18697d3	flt.s	x15,f13,f24	 f13:0x3f7fffae f24:0x5de39ad0 x15=0x00000001
     217225.000 ns	     21721	80004728	20b98d53	fsgnj.s	f26,f19,f11	 f19:0x00000000 f11:0x592cf137 f26=0x00000000
     217275.000 ns	     21726	8000472c	00b5cb53	fadd.s	f22,f11,f11	 f11:0x592cf137 f11:0x592cf137 f22=0x59acf137
     217305.000 ns	     21729	80004730	e00c8fd3	fmv.x.w	x31,f25	 f25:0x00000000 x31=0x00000000
     217335.000 ns	     21732	80004734	218026d3	fsgnjx.s	f13,f0,f24	  f0:0x00000000 f24:0x5de39ad0 f13=0x00000000
     217365.000 ns	     21735	80004738	0359cf33	div	x30,x19,x21	 x19:0xfffffffe x21:0x00000000 x30=0xffffffff
     217385.000 ns	     21737	8000473c	ea7e1517	auipc	x10,0xea7e1	 x10=0x6a7e573c
     217405.000 ns	     21739	80004740	a1d62153	feq.s	x2,f12,f29	 f12:0x4eb259ea f29:0xd92cf137  x2=0x00000000
     217435.000 ns	     21742	80004744	03883f33	mulhu	x30,x16,x24	 x16:0x80041fe5 x24:0x00000000 x30=0x00000000
     217465.000 ns	     21745	80004748	29c98653	fmin.s	f12,f19,f28	 f19:0x00000000 f28:0x00000001 f12=0x00000000
     217515.000 ns	     21750	8000474c	0083f8d3	fadd.s	f17,f7,f8	  f7:0x3f800000  f8:0xdde39ad0 f17=0xdde39ad0
     217535.000 ns	     21752	80004750	40eb5cb3	sra	x25,x22,x14	 x22:0xaaa84e4e x14:0x80040fe4 x25=0xfaaa84e4
     217545.000 ns	     21753	80004754	7efbaf13	slti	x30,x23,2031	 x23:0x00000001 x30=0x00000001
     217555.000 ns	     21754	80004758	202df513	andi	x10,x27,514	 x27:0xfffffff0 x10=0x00000200
     217575.000 ns	     21756	8000475c	21510a53	fsgnj.s	f20,f2,f21	  f2:0x00000000 f21:0x7fc00000 f20=0x00000000
     217595.000 ns	     21758	80004760	4dfe0e13	addi	x28,x28,1247	 x28:0x00000000 x28=0x000004df
     217605.000 ns	     21759	80004764	01ee56b3	srl	x13,x28,x30	 x28:0x00000000 x30:0x00000001 x13=0x0000026f
     217635.000 ns	     21762	80004768	10e74453	fmul.s	f8,f14,f14	 f14:0xcefff7e0 f14:0xcefff7e0  f8=0x5e7fefc0
     217665.000 ns	     21765	8000476c	2118a8d3	fsgnjx.s	f17,f17,f17	 f17:0xdde39ad0 f17:0xdde39ad0 f17=0x5de39ad0
     217695.000 ns	     21768	80004770	028326b3	mulhsu	x13,x6,x8	  x6:0x00000001  x8:0x00000000 x13=0x00000000
     217725.000 ns	     21771	80004774	a16991d3	flt.s	x3,f19,f22	 f19:0x00000000 f22:0x59acf137  x3=0x00000001
     217765.000 ns	     21775	80004778	580ef9d3	fsqrt.s	f19,f29	 f29:0xd92cf137 f19=0x7fc00000
     217795.000 ns	     21778	8000477c	d01bfe53	fcvt.s.wu	f28,x23	 x23:0x00000001 f28=0x3f800000
     217825.000 ns	     21781	80004780	c0182bd3	fcvt.wu.s	x23,f16	 f16:0xdde34457 x23=0x00000000
     217845.000 ns	     21783	80004784	00999eb3	sll	x29,x19,x9	 x19:0xfffffffe  x9:0x00000004 x29=0xffffffe0
     217855.000 ns	     21784	80004788	41d45e93	srai	x29,x8,0x1d	  x8:0x00000000 x29=0x00000000
     217895.000 ns	     21788	8000478c	019b4653	fadd.s	f12,f22,f25	 f22:0x59acf137 f25:0x00000000 f12=0x59acf137
     218265.000 ns	     21825	80004790	02f3e9b3	rem	x19,x7,x15	  x7:0xfffffdb8 x15:0x00000001 x19=0x00000000
     218285.000 ns	     21827	80004794	f3bb8d13	addi	x26,x23,-197	 x23:0x00000000 x26=0xffffff3b
     218305.000 ns	     21829	80004798	20d6a8d3	fsgnjx.s	f17,f13,f13	 f13:0x00000000 f13:0x00000000 f17=0x00000000
     218335.000 ns	     21832	8000479c	a16804d3	fle.s	x9,f16,f22	 f16:0xdde34457 f22:0x59acf137  x9=0x00000001
     218365.000 ns	     21835	800047a0	21890153	fsgnj.s	f2,f18,f24	 f18:0x00000000 f24:0x5de39ad0  f2=0x00000000
     218395.000 ns	     21838	800047a4	03dcadb3	mulhsu	x27,x25,x29	 x25:0xfaaa84e4 x29:0x00000000 x27=0x00000000
     218735.000 ns	     21872	800047a8	19d24753	fdiv.s	f14,f4,f29	  f4:0x592cf137 f29:0xd92cf137 f14=0xbf2cf138
     218765.000 ns	     21875	800047ac	c00819d3	fcvt.w.s	x19,f16	 f16:0xdde34457 x19=0x80000000
     218785.000 ns	     21877	800047b0	010dccb3	xor	x25,x27,x16	 x27:0x00000000 x16:0x80041fe5 x25=0x80041fe5
     218795.000 ns	     21878	800047b4	01f3df13	srli	x30,x7,0x1f	  x7:0xfffffdb8 x30=0x00000001
     218825.000 ns	     21881	800047b8	191da053	fdiv.s	f0,f27,f17	 f27:0x5de39ad0 f17:0x00000000  f0=0x7f800000
     218865.000 ns	     21885	800047bc	180d9bd3	fdiv.s	f23,f27,f0	 f27:0x5de39ad0  f0:0x00000000 f23=0x00000000
     218895.000 ns	     21888	800047c0	c0167953	fcvt.wu.s	x18,f12	 f12:0x59acf137 x18=0xffffffff
     218925.000 ns	     21891	800047c4	d018b453	fcvt.s.wu	f8,x17	 x17:0x00000000  f8=0x00000000
     218955.000 ns	     21894	800047c8	026327b3	mulhsu	x15,x6,x6	  x6:0x00000001  x6:0x00000001 x15=0x00000000
     218975.000 ns	     21896	800047cc	00000013	addi	x0,x0,0	  x0:0x00000000
     218985.000 ns	     21897	800047d0	01b329b3	slt	x19,x6,x27	  x6:0x00000001 x27:0x00000000 x19=0x00000000
     218995.000 ns	     21898	800047d4	7c627113	andi	x2,x4,1990	  x4:0x00000000  x2=0x00000000
     219015.000 ns	     21900	800047d8	20e70553	fsgnj.s	f10,f14,f14	 f14:0xbf2cf138 f14:0xbf2cf138 f10=0xbf2cf138
     219035.000 ns	     21902	800047dc	013928b3	slt	x17,x18,x19	 x18:0xffffffff x19:0x00000000 x17=0x00000001
     219055.000 ns	     21904	800047e0	d01d1ad3	fcvt.s.wu	f21,x26	 x26:0xffffff3b f21=0x4f7fffff
     219075.000 ns	     21906	800047e4	004e78b3	and	x17,x28,x4	 x28:0x000004df  x4:0x00000000 x17=0x00000000
     219095.000 ns	     21908	800047e8	e00a8453	fmv.x.w	x8,f21	 f21:0x4f7fffff  x8=0x4f7fffff
     219125.000 ns	     21911	800047ec	c019ff53	fcvt.wu.s	x30,f19	 f19:0x7fc00000 x30=0xffffffff
     219145.000 ns	     21913	800047f0	00cc69b3	or	x19,x24,x12	 x24:0x00000000 x12:0x00000000 x19=0x00000000
     219155.000 ns	     21914	800047f4	01c81c13	slli	x24,x16,0x1c	 x16:0x80041fe5 x24=0x50000000
     219175.000 ns	     21916	800047f8	d0070253	fcvt.s.w	f4,x14	 x14:0x80040fe4  f4=0xcefff7e0
     219205.000 ns	     21919	800047fc	c01c88d3	fcvt.wu.s	x17,f25	 f25:0x00000000 x17=0x00000000
     219235.000 ns	     21922	80004800	0348a9b3	mulhsu	x19,x17,x20	 x17:0x00000000 x20:0x00000000 x19=0x00000000
     219265.000 ns	     21925	80004804	29eb0f53	fmin.s	f30,f22,f30	 f22:0x59acf137 f30:0x7fc00000 f30=0x59acf137
     219285.000 ns	     21927	80004808	4133d913	srai	x18,x7,0x13	  x7:0xfffffdb8 x18=0xffffffff
     219305.000 ns	     21929	8000480c	03d7b833	mulhu	x16,x15,x29	 x15:0x00000000 x29:0x00000000 x16=0x00000000
     219325.000 ns	     21931	80004810	40890d33	sub	x26,x18,x8	 x18:0xffffffff  x8:0x4f7fffff x26=0xb0800000
     219345.000 ns	     21933	80004814	28479653	fmax.s	f12,f15,f4	 f15:0x00000001  f4:0xcefff7e0 f12=0x00000001
     219365.000 ns	     21935	80004818	011f6db3	or	x27,x30,x17	 x30:0xffffffff x17:0x00000000 x27=0xffffffff
     219375.000 ns	     21936	8000481c	00d15d93	srli	x27,x2,0xd	  x2:0x00000000 x27=0x00000000
     219385.000 ns	     21937	80004820	401ada93	srai	x21,x21,0x1	 x21:0x00000000 x21=0x00000000
     219395.000 ns	     21938	80004824	bc3feb93	ori	x23,x31,-1085	 x31:0x00000000 x23=0xfffffbc3
     219415.000 ns	     21940	80004828	20c101d3	fsgnj.s	f3,f2,f12	  f2:0x00000000 f12:0x00000001  f3=0x00000000
     219785.000 ns	     21977	8000482c	0234d4b3	divu	x9,x9,x3	  x9:0x00000001  x3:0x00000001  x9=0x00000001
     219825.000 ns	     21981	80004830	112b20d3	fmul.s	f1,f22,f18	 f22:0x59acf137 f18:0x00000000  f1=0x00000000
     219845.000 ns	     21983	80004834	41b155b3	sra	x11,x2,x27	  x2:0x00000000 x27:0x00000000 x11=0x00000000
     219855.000 ns	     21984	80004838	998da513	slti	x10,x27,-1640	 x27:0x00000000 x10=0x00000000
     219875.000 ns	     21986	8000483c	21101053	fsgnjn.s	f0,f0,f17	  f0:0x7f800000 f17:0x00000000  f0=0xff800000
     219905.000 ns	     21989	80004840	02cdbcb3	mulhu	x25,x27,x12	 x27:0x00000000 x12:0x00000000 x25=0x00000000
     219925.000 ns	     21991	80004844	0021a233	slt	x4,x3,x2	  x3:0x00000001  x2:0x00000000  x4=0x00000000
     219965.000 ns	     21995	80004848	097175d3	fsub.s	f11,f2,f23	  f2:0x00000000 f23:0x00000000 f11=0x80000000
     221145.000 ns	     22113	8000484c	580dced3	fsqrt.s	f29,f27	 f27:0x5de39ad0 f29=0x4eaaaf63
     221175.000 ns	     22116	80004850	a1ee0e53	fle.s	x28,f28,f30	 f28:0x3f800000 f30:0x59acf137 x28=0x00000001
     221545.000 ns	     22153	80004854	03867d33	remu	x26,x12,x24	 x12:0x00000000 x24:0x50000000 x26=0x00000000
     221565.000 ns	     22155	80004858	408456b3	sra	x13,x8,x8	  x8:0x4f7fffff  x8:0x4f7fffff x13=0x00000000
     221575.000 ns	     22156	8000485c	015247b3	xor	x15,x4,x21	  x4:0x00000000 x21:0x00000000 x15=0x00000000
     221595.000 ns	     22158	80004860	036134b3	mulhu	x9,x2,x22	  x2:0x00000000 x22:0xaaa84e4e  x9=0x00000000
     221615.000 ns	     22160	80004864	01ef1093	slli	x1,x30,0x1e	 x30:0xffffffff  x1=0xc0000000
     221635.000 ns	     22162	80004868	03bfde33	divu	x28,x31,x27	 x31:0x00000000 x27:0x00000000 x28=0xffffffff
     221665.000 ns	     22165	8000486c	03daed33	rem	x26,x21,x29	 x21:0x00000000 x29:0x00000000 x26=0x00000000
     221695.000 ns	     22168	80004870	c00595d3	fcvt.w.s	x11,f11	 f11:0x80000000 x11=0x00000000
     221725.000 ns	     22171	80004874	29691ed3	fmax.s	f29,f18,f22	 f18:0x00000000 f22:0x59acf137 f29=0x59acf137
     221755.000 ns	     22174	80004878	a137a0d3	feq.s	x1,f15,f19	 f15:0x00000001 f19:0x7fc00000  x1=0x00000000
     221775.000 ns	     22176	8000487c	17038e13	addi	x28,x7,368	  x7:0xfffffdb8 x28=0xffffff28
     221785.000 ns	     22177	80004880	00e9a933	slt	x18,x19,x14	 x19:0x00000000 x14:0x80040fe4 x18=0x00000000
     222955.000 ns	     22294	80004884	5807f5d3	fsqrt.s	f11,f15	 f15:0x00000001 f11=0x1f350483
     222975.000 ns	     22296	80004888	4000d6b3	sra	x13,x1,x0	  x1:0x00000000  x0:0x00000000 x13=0x00000000
     222995.000 ns	     22298	8000488c	a14728d3	feq.s	x17,f14,f20	 f14:0xbf2cf138 f20:0x00000000 x17=0x00000000
     223015.000 ns	     22300	80004890	0133b933	sltu	x18,x7,x19	  x7:0xfffffdb8 x19:0x00000000 x18=0x00000000
     223035.000 ns	     22302	80004894	a0f41c53	flt.s	x24,f8,f15	  f8:0x00000000 f15:0x00000001 x24=0x00000001
     223065.000 ns	     22305	80004898	e00589d3	fmv.x.w	x19,f11	 f11:0x1f350483 x19=0x1f350483
     223095.000 ns	     22308	8000489c	e00b8ed3	fmv.x.w	x29,f23	 f23:0x00000000 x29=0x00000000
     224275.000 ns	     22426	800048a0	580c18d3	fsqrt.s	f17,f24	 f24:0x5de39ad0 f17=0x4eaaaf63
     224315.000 ns	     22430	800048a4	580a7653	fsqrt.s	f12,f20	 f20:0x00000000 f12=0x00000000
     224335.000 ns	     22432	800048a8	0ff17e93	andi	x29,x2,255	  x2:0x00000000 x29=0x00000000
     224355.000 ns	     22434	800048ac	d0027fd3	fcvt.s.w	f31,x4	  x4:0x00000000 f31=0x00000000
     224385.000 ns	     22437	800048b0	e00f1053	fclass.s	x0,f30	 f30:0x59acf137
     224405.000 ns	     22439	800048b4	62ab2a93	slti	x21,x22,1578	 x22:0xaaa84e4e x21=0x00000001
     224425.000 ns	     22441	800048b8	02437033	remu	x0,x6,x4	  x6:0x00000001  x4:0x00000000
     224455.000 ns	     22444	800048bc	d019f1d3	fcvt.s.wu	f3,x19	 x19:0x1f350483  f3=0x4df9a824
     224475.000 ns	     22446	800048c0	00000013	addi	x0,x0,0	  x0:0x00000000
     224485.000 ns	     22447	800048c4	00f96233	or	x4,x18,x15	 x18:0x00000000 x15:0x00000000  x4=0x00000000
     224845.000 ns	     22483	800048c8	0251c233	div	x4,x3,x5	  x3:0x00000001  x5:0x80041024  x4=0x00000000
     224875.000 ns	     22486	800048cc	284b0253	fmin.s	f4,f22,f4	 f22:0x59acf137  f4:0xcefff7e0  f4=0xcefff7e0
     224895.000 ns	     22488	800048d0	4a972613	slti	x12,x14,1193	 x14:0x80040fe4 x12=0x00000001
     224905.000 ns	     22489	800048d4	695d4e93	xori	x29,x26,1685	 x26:0x00000000 x29=0x00000695
     224915.000 ns	     22490	800048d8	00a8d893	srli	x17,x17,0xa	 x17:0x00000000 x17=0x00000000
     224935.000 ns	     22492	800048dc	f00208d3	fmv.w.x	f17,x4	  x4:0x00000000 f17=0x00000000
     224955.000 ns	     22494	800048e0	00191833	sll	x16,x18,x1	 x18:0x00000000  x1:0x00000000 x16=0x00000000
     224965.000 ns	     22495	800048e4	00251413	slli	x8,x10,0x2	 x10:0x00000000  x8=0x00000000
     224975.000 ns	     22496	800048e8	01f61933	sll	x18,x12,x31	 x12:0x00000001 x31:0x00000000 x18=0x00000001
     224995.000 ns	     22498	800048ec	28bb9e53	fmax.s	f28,f23,f11	 f23:0x00000000 f11:0x1f350483 f28=0x1f350483
     225015.000 ns	     22500	800048f0	f2fd2093	slti	x1,x26,-209	 x26:0x00000000  x1=0x00000000
     225035.000 ns	     22502	800048f4	d00cbb53	fcvt.s.w	f22,x25	 x25:0x00000000 f22=0x00000000
     226215.000 ns	     22620	800048f8	580e7d53	fsqrt.s	f26,f28	 f28:0x1f350483 f26=0x2effff26
     226235.000 ns	     22622	800048fc	01c05893	srli	x17,x0,0x1c	  x0:0x00000000 x17=0x00000000
     226245.000 ns	     22623	80004900	01d6a7b3	slt	x15,x13,x29	 x13:0x00000000 x29:0x00000695 x15=0x00000001
     226275.000 ns	     22626	80004904	18847d53	fdiv.s	f26,f8,f8	  f8:0x00000000  f8:0x00000000 f26=0x7fc00000
     226305.000 ns	     22629	80004908	e00b8553	fmv.x.w	x10,f23	 f23:0x00000000 x10=0x00000000
     226335.000 ns	     22632	8000490c	29388dd3	fmin.s	f27,f17,f19	 f17:0x00000000 f19:0x7fc00000 f27=0x00000000
     226365.000 ns	     22635	80004910	e00f90d3	fclass.s	x1,f31	 f31:0x00000000  x1=0x00000010
     226385.000 ns	     22637	80004914	01870433	add	x8,x14,x24	 x14:0x80040fe4 x24:0x00000001  x8=0x80040fe5
     226405.000 ns	     22639	80004918	02d88db3	mul	x27,x17,x13	 x17:0x00000000 x13:0x00000000 x27=0x00000000
     226435.000 ns	     22642	8000491c	a0541f53	flt.s	x30,f8,f5	  f8:0x00000000  f5:0x4f7fffff x30=0x00000001
     226455.000 ns	     22644	80004920	4184d0b3	sra	x1,x9,x24	  x9:0x00000000 x24:0x00000001  x1=0x00000000
     226465.000 ns	     22645	80004924	41da06b3	sub	x13,x20,x29	 x20:0x00000000 x29:0x00000695 x13=0xfffff96b
     226485.000 ns	     22647	80004928	20ca8bd3	fsgnj.s	f23,f21,f12	 f21:0x4f7fffff f12:0x00000000 f23=0x4f7fffff
     226535.000 ns	     22652	8000492c	09807ad3	fsub.s	f21,f0,f24	  f0:0xff800000 f24:0x5de39ad0 f21=0xff800000
     226565.000 ns	     22655	80004930	21d41f53	fsgnjn.s	f30,f8,f29	  f8:0x00000000 f29:0x59acf137 f30=0x80000000
     226585.000 ns	     22657	80004934	00000013	addi	x0,x0,0	  x0:0x00000000
     226595.000 ns	     22658	80004938	27bd7693	andi	x13,x26,635	 x26:0x00000000 x13=0x00000000
     226615.000 ns	     22660	8000493c	02a8bd33	mulhu	x26,x17,x10	 x17:0x00000000 x10:0x00000000 x26=0x00000000
     226635.000 ns	     22662	80004940	01334133	xor	x2,x6,x19	  x6:0x00000001 x19:0x1f350483  x2=0x1f350482
     226675.000 ns	     22666	80004944	00a0a653	fadd.s	f12,f1,f10	  f1:0x00000000 f10:0xbf2cf138 f12=0xbf2cf138
     226695.000 ns	     22668	80004948	01e86933	or	x18,x16,x30	 x16:0x00000000 x30:0x00000001 x18=0x00000001
     226715.000 ns	     22670	8000494c	e00a8c53	fmv.x.w	x24,f21	 f21:0xff800000 x24=0xff800000
     227085.000 ns	     22707	80004950	02c7c8b3	div	x17,x15,x12	 x15:0x00000001 x12:0x00000001 x17=0x00000001
     227455.000 ns	     22744	80004954	03637ab3	remu	x21,x6,x22	  x6:0x00000001 x22:0xaaa84e4e x21=0x00000001
     227825.000 ns	     22781	80004958	028b6eb3	rem	x29,x22,x8	 x22:0xaaa84e4e  x8:0x80040fe5 x29=0xaaa84e4e
     227845.000 ns	     22783	8000495c	2c07aa13	slti	x20,x15,704	 x15:0x00000001 x20=0x00000001
     227865.000 ns	     22785	80004960	a1569dd3	flt.s	x27,f13,f21	 f13:0x00000000 f21:0xff800000 x27=0x00000000
     227895.000 ns	     22788	80004964	c0064453	fcvt.w.s	x8,f12	 f12:0xbf2cf138  x8=0xffffffff
     227925.000 ns	     22791	80004968	d006fc53	fcvt.s.w	f24,x13	 x13:0x00000000 f24=0x00000000
     227955.000 ns	     22794	8000496c	2063a253	fsgnjx.s	f4,f7,f6	  f7:0x3f800000  f6:0x7fc00000  f4=0x3f800000
     227975.000 ns	     22796	80004970	72e2ae13	slti	x28,x5,1838	  x5:0x80041024 x28=0x00000001
     228015.000 ns	     22800	80004974	086275d3	fsub.s	f11,f4,f6	  f4:0x3f800000  f6:0x7fc00000 f11=0x7fc00000
     228035.000 ns	     22802	80004978	7f756793	ori	x15,x10,2039	 x10:0x00000000 x15=0x000007f7
     228045.000 ns	     22803	8000497c	005f3a33	sltu	x20,x30,x5	 x30:0x00000001  x5:0x80041024 x20=0x00000001
     228055.000 ns	     22804	80004980	cec17913	andi	x18,x2,-788	  x2:0x1f350482 x18=0x1f350480
     228075.000 ns	     22806	80004984	e0000bd3	fmv.x.w	x23,f0	  f0:0xff800000 x23=0xff800000
     228105.000 ns	     22809	80004988	c017a4d3	fcvt.wu.s	x9,f15	 f15:0x00000001  x9=0x00000000
     228155.000 ns	     22814	8000498c	09979053	fsub.s	f0,f15,f25	 f15:0x00000001 f25:0x00000000  f0=0x00000001
     228185.000 ns	     22817	80004990	e00316d3	fclass.s	x13,f6	  f6:0x7fc00000 x13=0x00000200
     228205.000 ns	     22819	80004994	0015bcb3	sltu	x25,x11,x1	 x11:0x00000000  x1:0x00000000 x25=0x00000000
     228225.000 ns	     22821	80004998	f00600d3	fmv.w.x	f1,x12	 x12:0x00000001  f1=0x00000001
     228245.000 ns	     22823	8000499c	01310433	add	x8,x2,x19	  x2:0x1f350482 x19:0x1f350483  x8=0x3e6a0905
     228255.000 ns	     22824	800049a0	00000013	addi	x0,x0,0	  x0:0x00000000
     228275.000 ns	     22826	800049a4	d0068ad3	fcvt.s.w	f21,x13	 x13:0x00000200 f21=0x44000000
     228295.000 ns	     22828	800049a8	00000013	addi	x0,x0,0	  x0:0x00000000
     228315.000 ns	     22830	800049ac	21722f53	fsgnjx.s	f30,f4,f23	  f4:0x3f800000 f23:0x4f7fffff f30=0x3f800000
     228345.000 ns	     22833	800049b0	d011ffd3	fcvt.s.wu	f31,x3	  x3:0x00000001 f31=0x3f800000
     228375.000 ns	     22836	800049b4	029b39b3	mulhu	x19,x22,x9	 x22:0xaaa84e4e  x9:0x00000000 x19=0x00000000
     228395.000 ns	     22838	800049b8	00000013	addi	x0,x0,0	  x0:0x00000000
     228405.000 ns	     22839	800049bc	41cc8cb3	sub	x25,x25,x28	 x25:0x00000000 x28:0x00000001 x25=0xffffffff
     228425.000 ns	     22841	800049c0	f00f8e53	fmv.w.x	f28,x31	 x31:0x00000000 f28=0x00000000
     228455.000 ns	     22844	800049c4	a1ae21d3	feq.s	x3,f28,f26	 f28:0x1f350483 f26:0x7fc00000  x3=0x00000000
     228485.000 ns	     22847	800049c8	f00700d3	fmv.w.x	f1,x14	 x14:0x80040fe4  f1=0x80040fe4
     228515.000 ns	     22850	800049cc	027013b3	mulh	x7,x0,x7	  x0:0x00000000  x7:0xfffffdb8  x7=0x00000000
     228535.000 ns	     22852	800049d0	01bc9c13	slli	x24,x25,0x1b	 x25:0xffffffff x24=0xf8000000
     228895.000 ns	     22888	800049d4	03db6eb3	rem	x29,x22,x29	 x22:0xaaa84e4e x29:0xaaa84e4e x29=0x00000000
     228915.000 ns	     22890	800049d8	18f9f113	andi	x2,x19,399	 x19:0x00000000  x2=0x00000000
     228935.000 ns	     22892	800049dc	c005fcd3	fcvt.w.s	x25,f11	 f11:0x7fc00000 x25=0x7fffffff
     228955.000 ns	     22894	800049e0	4108d9b3	sra	x19,x17,x16	 x17:0x00000001 x16:0x00000000 x19=0x00000001
     228975.000 ns	     22896	800049e4	28a193d3	fmax.s	f7,f3,f10	  f3:0x4df9a824 f10:0xbf2cf138  f7=0x4df9a824
     228995.000 ns	     22898	800049e8	45eda437	lui	x8,0x45eda	  x8=0x45eda000
     229355.000 ns	     22934	800049ec	02c76c33	rem	x24,x14,x12	 x14:0x80040fe4 x12:0x00000001 x24=0x00000000
     229375.000 ns	     22936	800049f0	a3fc6d97	auipc	x27,0xa3fc6	 x27=0x23fca9f0
     229385.000 ns	     22937	800049f4	409cd233	sra	x4,x25,x9	 x25:0x7fffffff  x9:0x00000000  x4=0x7fffffff
     229395.000 ns	     22938	800049f8	00000013	addi	x0,x0,0	  x0:0x00000000
     229415.000 ns	     22940	800049fc	d00ba9d3	fcvt.s.w	f19,x23	 x23:0xff800000 f19=0xcb000000
     229445.000 ns	     22943	80004a00	e0010d53	fmv.x.w	x26,f2	  f2:0x00000000 x26=0x00000000
     229475.000 ns	     22946	80004a04	c00dbe53	fcvt.w.s	x28,f27	 f27:0x00000000 x28=0x00000000
     229495.000 ns	     22948	80004a08	004a5093	srli	x1,x20,0x4	 x20:0x00000001  x1=0x00000000
     229505.000 ns	     22949	80004a0c	009b6d33	or	x26,x22,x9	 x22:0xaaa84e4e  x9:0x00000000 x26=0xaaa84e4e
     229515.000 ns	     22950	80004a10	011f5f13	srli	x30,x30,0x11	 x30:0x00000001 x30=0x00000000
     229545.000 ns	     22953	80004a14	110292d3	fmul.s	f5,f5,f16	  f5:0x4f7fffff f16:0xdde34457  f5=0xede34456
     229565.000 ns	     22955	80004a18	0188f133	and	x2,x17,x24	 x17:0x00000001 x24:0x00000000  x2=0x00000000
     229585.000 ns	     22957	80004a1c	c01b7ad3	fcvt.wu.s	x21,f22	 f22:0x00000000 x21=0x00000000
     229615.000 ns	     22960	80004a20	02b38a33	mul	x20,x7,x11	  x7:0x00000000 x11:0x00000000 x20=0x00000000
     229635.000 ns	     22962	80004a24	216bbd13	sltiu	x26,x23,534	 x23:0xff800000 x26=0x00000000
     229645.000 ns	     22963	80004a28	f4f93693	sltiu	x13,x18,-177	 x18:0x1f350480 x13=0x00000001
     229655.000 ns	     22964	80004a2c	80fc7113	andi	x2,x24,-2033	 x24:0x00000000  x2=0x00000000
     229675.000 ns	     22966	80004a30	20ee21d3	fsgnjx.s	f3,f28,f14	 f28:0x00000000 f14:0xbf2cf138  f3=0x80000000
     229695.000 ns	     22968	80004a34	00000013	addi	x0,x0,0	  x0:0x00000000
     229715.000 ns	     22970	80004a38	21ffaad3	fsgnjx.s	f21,f31,f31	 f31:0x3f800000 f31:0x3f800000 f21=0x3f800000
     229745.000 ns	     22973	80004a3c	f00d06d3	fmv.w.x	f13,x26	 x26:0x00000000 f13=0x00000000
     229765.000 ns	     22975	80004a40	4162d413	srai	x8,x5,0x16	  x5:0x80041024  x8=0xfffffe00
     229785.000 ns	     22977	80004a44	f0010f53	fmv.w.x	f30,x2	  x2:0x00000000 f30=0x00000000
     229815.000 ns	     22980	80004a48	a00fa5d3	feq.s	x11,f31,f0	 f31:0x3f800000  f0:0x00000001 x11=0x00000000
     229845.000 ns	     22983	80004a4c	a16d1053	flt.s	x0,f26,f22	 f26:0x7fc00000 f22:0x00000000
     229875.000 ns	     22986	80004a50	c00c7f53	fcvt.w.s	x30,f24	 f24:0x00000000 x30=0x00000000
     229895.000 ns	     22988	80004a54	00051c93	slli	x25,x10,0x0	 x10:0x00000000 x25=0x00000000
     230225.000 ns	     23021	80004a58	18421553	fdiv.s	f10,f4,f4	  f4:0x3f800000  f4:0x3f800000 f10=0x3f7fff38
     230255.000 ns	     23024	80004a5c	02b6c7b3	div	x15,x13,x11	 x13:0x00000001 x11:0x00000000 x15=0xffffffff
     230285.000 ns	     23027	80004a60	e00906d3	fmv.x.w	x13,f18	 f18:0x00000000 x13=0x00000000
     230315.000 ns	     23030	80004a64	210c9bd3	fsgnjn.s	f23,f25,f16	 f25:0x00000000 f16:0xdde34457 f23=0x00000000
     230335.000 ns	     23032	80004a68	01e920b3	slt	x1,x18,x30	 x18:0x1f350480 x30:0x00000000  x1=0x00000000
     230345.000 ns	     23033	80004a6c	00ccff33	and	x30,x25,x12	 x25:0x00000000 x12:0x00000001 x30=0x00000000
     230355.000 ns	     23034	80004a70	01801d33	sll	x26,x0,x24	  x0:0x00000000 x24:0x00000000 x26=0x00000000
     230715.000 ns	     23070	80004a74	032d4db3	div	x27,x26,x18	 x26:0x00000000 x18:0x1f350480 x27=0x00000000
     230745.000 ns	     23073	80004a78	a06ba153	feq.s	x2,f23,f6	 f23:0x00000000  f6:0x7fc00000  x2=0x00000000
     230765.000 ns	     23075	80004a7c	00000013	addi	x0,x0,0	  x0:0x00000000
     230785.000 ns	     23077	80004a80	f00a0c53	fmv.w.x	f24,x20	 x20:0x00000000 f24=0x00000000
     230815.000 ns	     23080	80004a84	026c3d33	mulhu	x26,x24,x6	 x24:0x00000000  x6:0x00000001 x26=0x00000000
     230845.000 ns	     23083	80004a88	e0041e53	fclass.s	x28,f8	  f8:0x00000000 x28=0x00000010
     230875.000 ns	     23086	80004a8c	a1662d53	feq.s	x26,f12,f22	 f12:0xbf2cf138 f22:0x00000000 x26=0x00000000
     230895.000 ns	     23088	80004a90	2aec4893	xori	x17,x24,686	 x24:0x00000000 x17=0x000002ae
     230915.000 ns	     23090	80004a94	d0067953	fcvt.s.w	f18,x12	 x12:0x00000001 f18=0x3f800000
     230935.000 ns	     23092	80004a98	d2ca6a13	ori	x20,x20,-724	 x20:0x00000000 x20=0xfffffd2c
     230955.000 ns	     23094	80004a9c	200e1e53	fsgnjn.s	f28,f28,f0	 f28:0x00000000  f0:0x00000001 f28=0x80000000
     230985.000 ns	     23097	80004aa0	a189a353	feq.s	x6,f19,f24	 f19:0xcb000000 f24:0x00000000  x6=0x00000000
     231005.000 ns	     23099	80004aa4	8cdb1a97	auipc	x21,0x8cdb1	 x21=0x0cdb5aa4
     231015.000 ns	     23100	80004aa8	007447b3	xor	x15,x8,x7	  x8:0xfffffe00  x7:0x00000000 x15=0xfffffe00
     231035.000 ns	     23102	80004aac	20228353	fsgnj.s	f6,f5,f2	  f5:0xede34456  f2:0x00000000  f6=0x6de34456
     231065.000 ns	     23105	80004ab0	02fc10b3	mulh	x1,x24,x15	 x24:0x00000000 x15:0xffffffff  x1=0x00000000
     231095.000 ns	     23108	80004ab4	e0079053	fclass.s	x0,f15	 f15:0x00000001
     231125.000 ns	     23111	80004ab8	02abc933	div	x18,x23,x10	 x23:0xff800000 x10:0x00000000 x18=0xffffffff
     231145.000 ns	     23113	80004abc	00fdd413	srli	x8,x27,0xf	 x27:0x00000000  x8=0x00000000
     231155.000 ns	     23114	80004ac0	e4796793	ori	x15,x18,-441	 x18:0xffffffff x15=0xffffffff
     231175.000 ns	     23116	80004ac4	02a76fb3	rem	x31,x14,x10	 x14:0x80040fe4 x10:0x00000000 x31=0x80040fe4
     231195.000 ns	     23118	80004ac8	41c45a93	srai	x21,x8,0x1c	  x8:0x00000000 x21=0x00000000
     231235.000 ns	     23122	80004acc	082044d3	fsub.s	f9,f0,f2	  f0:0x00000001  f2:0x00000000  f9=0x00000001
     231265.000 ns	     23125	80004ad0	28ee81d3	fmin.s	f3,f29,f14	 f29:0x59acf137 f14:0xbf2cf138  f3=0xbf2cf138
     231295.000 ns	     23128	80004ad4	21ff90d3	fsgnjn.s	f1,f31,f31	 f31:0x3f800000 f31:0x3f800000  f1=0xbf800000
     231325.000 ns	     23131	80004ad8	c0147f53	fcvt.wu.s	x30,f8	  f8:0x00000000 x30=0x00000000
     231355.000 ns	     23134	80004adc	039d21b3	mulhsu	x3,x26,x25	 x26:0x00000000 x25:0x00000000  x3=0x00000000
     231385.000 ns	     23137	80004ae0	d01bc0d3	fcvt.s.wu	f1,x23	 x23:0xff800000  f1=0x4f7f8000
     231425.000 ns	     23141	80004ae4	1081fe53	fmul.s	f28,f3,f8	  f3:0xbf2cf138  f8:0x00000000 f28=0x80000000
     231455.000 ns	     23144	80004ae8	a03d0c53	fle.s	x24,f26,f3	 f26:0x7fc00000  f3:0xbf2cf138 x24=0x00000000
     231485.000 ns	     23147	80004aec	206b2b53	fsgnjx.s	f22,f22,f6	 f22:0x00000000  f6:0x6de34456 f22=0x00000000
     231515.000 ns	     23150	80004af0	e0000e53	fmv.x.w	x28,f0	  f0:0x00000001 x28=0x00000001
     231535.000 ns	     23152	80004af4	0ee8f013	andi	x0,x17,238	 x17:0x000002ae
     231555.000 ns	     23154	80004af8	03ba1833	mulh	x16,x20,x27	 x20:0xfffffd2c x27:0x00000000 x16=0x00000000
     231575.000 ns	     23156	80004afc	00000013	addi	x0,x0,0	  x0:0x00000000
     231585.000 ns	     23157	80004b00	d4407993	andi	x19,x0,-700	  x0:0x00000000 x19=0x00000000
     231595.000 ns	     23158	80004b04	0115dab3	srl	x21,x11,x17	 x11:0x00000000 x17:0x000002ae x21=0x00000000
     231615.000 ns	     23160	80004b08	20fda6d3	fsgnjx.s	f13,f27,f15	 f27:0x00000000 f15:0x00000001 f13=0x00000000
     231645.000 ns	     23163	80004b0c	d00e75d3	fcvt.s.w	f11,x28	 x28:0x00000001 f11=0x3f800000
     231675.000 ns	     23166	80004b10	2028a453	fsgnjx.s	f8,f17,f2	 f17:0x00000000  f2:0x00000000  f8=0x00000000
     231705.000 ns	     23169	80004b14	28929c53	fmax.s	f24,f5,f9	  f5:0xede34456  f9:0x00000001 f24=0x00000001
     231725.000 ns	     23171	80004b18	09072013	slti	x0,x14,144	 x14:0x80040fe4
     231735.000 ns	     23172	80004b1c	ad547e93	andi	x29,x8,-1323	  x8:0x00000000 x29=0x00000000
     231745.000 ns	     23173	80004b20	52644093	xori	x1,x8,1318	  x8:0x00000000  x1=0x00000526
     231765.000 ns	     23175	80004b24	a1dc87d3	fle.s	x15,f25,f29	 f25:0x00000000 f29:0x59acf137 x15=0x00000001
     231785.000 ns	     23177	80004b28	1503d917	auipc	x18,0x1503d	 x18=0x95041b28
     231795.000 ns	     23178	80004b2c	41d5dd33	sra	x26,x11,x29	 x11:0x00000000 x29:0x00000000 x26=0x00000000
     231825.000 ns	     23181	80004b30	5808f653	fsqrt.s	f12,f17	 f17:0x00000000 f12=0x00000000
     231875.000 ns	     23186	80004b34	00a5c153	fadd.s	f2,f11,f10	 f11:0x3f800000 f10:0x3f7fff38  f2=0x3fffff9c
     232245.000 ns	     23223	80004b38	03fdd6b3	divu	x13,x27,x31	 x27:0x00000000 x31:0x80040fe4 x13=0x00000000
     232285.000 ns	     23227	80004b3c	112df9d3	fmul.s	f19,f27,f18	 f27:0x00000000 f18:0x3f800000 f19=0x00000000
     232315.000 ns	     23230	80004b40	e0018ed3	fmv.x.w	x29,f3	  f3:0xbf2cf138 x29=0xbf2cf138
     232335.000 ns	     23232	80004b44	8bcfb813	sltiu	x16,x31,-1860	 x31:0x80040fe4 x16=0x00000001
     232355.000 ns	     23234	80004b48	029d9333	mulh	x6,x27,x9	 x27:0x00000000  x9:0x00000000  x6=0x00000000
     232375.000 ns	     23236	80004b4c	74bf3793	sltiu	x15,x30,1867	 x30:0x00000000 x15=0x00000001
     232385.000 ns	     23237	80004b50	010838b3	sltu	x17,x16,x16	 x16:0x00000001 x16:0x00000001 x17=0x00000000
     232395.000 ns	     23238	80004b54	00b55233	srl	x4,x10,x11	 x10:0x00000000 x11:0x00000000  x4=0x00000000
     232405.000 ns	     23239	80004b58	e78cb897	auipc	x17,0xe78cb	 x17=0x678cfb58
     232415.000 ns	     23240	80004b5c	00d90333	add	x6,x18,x13	 x18:0x95041b28 x13:0x00000000  x6=0x95041b28
     232435.000 ns	     23242	80004b60	02b2e3b3	rem	x7,x5,x11	  x5:0x80041024 x11:0x00000000  x7=0x80041024
     232455.000 ns	     23244	80004b64	01de5a93	srli	x21,x28,0x1d	 x28:0x00000001 x21=0x00000000
     232475.000 ns	     23246	80004b68	c006fe53	fcvt.w.s	x28,f13	 f13:0x00000000 x28=0x00000000
     232495.000 ns	     23248	80004b6c	015ac6b3	xor	x13,x21,x21	 x21:0x00000000 x21:0x00000000 x13=0x00000000
     232855.000 ns	     23284	80004b70	036ac8b3	div	x17,x21,x22	 x21:0x00000000 x22:0xaaa84e4e x17=0x00000000
     232875.000 ns	     23286	80004b74	00000013	addi	x0,x0,0	  x0:0x00000000
     232885.000 ns	     23287	80004b78	408ad213	srai	x4,x21,0x8	 x21:0x00000000  x4=0x00000000
     232895.000 ns	     23288	80004b7c	41bf5c33	sra	x24,x30,x27	 x30:0x00000000 x27:0x00000000 x24=0x00000000
     232905.000 ns	     23289	80004b80	0187d4b3	srl	x9,x15,x24	 x15:0x00000001 x24:0x00000000  x9=0x00000001
     232925.000 ns	     23291	80004b84	e0088a53	fmv.x.w	x20,f17	 f17:0x00000000 x20=0x00000000
     232955.000 ns	     23294	80004b88	293f8753	fmin.s	f14,f31,f19	 f31:0x3f800000 f19:0x00000000 f14=0x00000000
     232985.000 ns	     23297	80004b8c	e00209d3	fmv.x.w	x19,f4	  f4:0x3f800000 x19=0x3f800000
     233015.000 ns	     23300	80004b90	294e9953	fmax.s	f18,f29,f20	 f29:0x59acf137 f20:0x00000000 f18=0x59acf137
     233035.000 ns	     23302	80004b94	01435433	srl	x8,x6,x20	  x6:0x95041b28 x20:0x00000000  x8=0x95041b28
     233045.000 ns	     23303	80004b98	f2c8ba13	sltiu	x20,x17,-212	 x17:0x00000000 x20=0x00000001
     233055.000 ns	     23304	80004b9c	015747b3	xor	x15,x14,x21	 x14:0x80040fe4 x21:0x00000000 x15=0x80040fe4
     233415.000 ns	     23340	80004ba0	03665a33	divu	x20,x12,x22	 x12:0x00000001 x22:0xaaa84e4e x20=0x00000000
     233445.000 ns	     23343	80004ba4	035b5033	divu	x0,x22,x21	 x22:0xaaa84e4e x21:0x00000000
     233465.000 ns	     23345	80004ba8	00bdac33	slt	x24,x27,x11	 x27:0x00000000 x11:0x00000000 x24=0x00000000
     233475.000 ns	     23346	80004bac	004e5433	srl	x8,x28,x4	 x28:0x00000000  x4:0x00000000  x8=0x00000000
     233485.000 ns	     23347	80004bb0	00854fb3	xor	x31,x10,x8	 x10:0x00000000  x8:0x95041b28 x31=0x00000000
     233495.000 ns	     23348	80004bb4	01d018b3	sll	x17,x0,x29	  x0:0x00000000 x29:0xbf2cf138 x17=0x00000000
     233515.000 ns	     23350	80004bb8	d0068dd3	fcvt.s.w	f27,x13	 x13:0x00000000 f27=0x00000000
     233535.000 ns	     23352	80004bbc	ce855037	lui	x0,0xce855	
     233895.000 ns	     23388	80004bc0	02f27eb3	remu	x29,x4,x15	  x4:0x00000000 x15:0x80040fe4 x29=0x00000000
     233925.000 ns	     23391	80004bc4	c0107453	fcvt.wu.s	x8,f0	  f0:0x00000001  x8=0x00000000
     233945.000 ns	     23393	80004bc8	9f0b5cb7	lui	x25,0x9f0b5	 x25=0x9f0b5000
     233955.000 ns	     23394	80004bcc	936d6b93	ori	x23,x26,-1738	 x26:0x00000000 x23=0xfffff936
     233975.000 ns	     23396	80004bd0	a1d208d3	fle.s	x17,f4,f29	  f4:0x3f800000 f29:0x59acf137 x17=0x00000001
     234015.000 ns	     23400	80004bd4	11a67dd3	fmul.s	f27,f12,f26	 f12:0x00000000 f26:0x7fc00000 f27=0x7fc00000
     234045.000 ns	     23403	80004bd8	03c3c833	div	x16,x7,x28	  x7:0x80041024 x28:0x00000000 x16=0xffffffff
     234075.000 ns	     23406	80004bdc	d0069f53	fcvt.s.w	f30,x13	 x13:0x00000000 f30=0x00000000
     234105.000 ns	     23409	80004be0	033b0333	mul	x6,x22,x19	 x22:0xaaa84e4e x19:0x3f800000  x6=0x59000000
     234125.000 ns	     23411	80004be4	4093dbb3	sra	x23,x7,x9	  x7:0x80041024  x9:0x00000001 x23=0xc0020812
     234145.000 ns	     23413	80004be8	28ec1ad3	fmax.s	f21,f24,f14	 f24:0x00000001 f14:0x00000000 f21=0x00000001
     234515.000 ns	     23450	80004bec	0250e233	rem	x4,x1,x5	  x1:0x00000526  x5:0x80041024  x4=0x00000526
     234535.000 ns	     23452	80004bf0	41818bb3	sub	x23,x3,x24	  x3:0x00000000 x24:0x00000000 x23=0x00000000
     234545.000 ns	     23453	80004bf4	00a87f33	and	x30,x16,x10	 x16:0xffffffff x10:0x00000000 x30=0x00000000
     234575.000 ns	     23456	80004bf8	119a79d3	fmul.s	f19,f20,f25	 f20:0x00000000 f25:0x00000000 f19=0x00000000
     234595.000 ns	     23458	80004bfc	5181af13	slti	x30,x3,1304	  x3:0x00000000 x30=0x00000001
     234615.000 ns	     23460	80004c00	02b8b533	mulhu	x10,x17,x11	 x17:0x00000001 x11:0x00000000 x10=0x00000000
     234635.000 ns	     23462	80004c04	efcba7b7	lui	x15,0xefcba	 x15=0xefcba000
     234655.000 ns	     23464	80004c08	d01043d3	fcvt.s.wu	f7,x0	  x0:0x00000000  f7=0x00000000
     234675.000 ns	     23466	80004c0c	00a69533	sll	x10,x13,x10	 x13:0x00000000 x10:0x00000000 x10=0x00000000
     234695.000 ns	     23468	80004c10	e00197d3	fclass.s	x15,f3	  f3:0xbf2cf138 x15=0x00000002
     234725.000 ns	     23471	80004c14	204593d3	fsgnjn.s	f7,f11,f4	 f11:0x3f800000  f4:0x3f800000  f7=0xbf800000
     234745.000 ns	     23473	80004c18	00fd8533	add	x10,x27,x15	 x27:0x00000000 x15:0x00000002 x10=0x00000002
     234765.000 ns	     23475	80004c1c	03cf37b3	mulhu	x15,x30,x28	 x30:0x00000001 x28:0x00000000 x15=0x00000000
     234785.000 ns	     23477	80004c20	00a2a633	slt	x12,x5,x10	  x5:0x80041024 x10:0x00000000 x12=0x00000001
     234805.000 ns	     23479	80004c24	21aba6d3	fsgnjx.s	f13,f23,f26	 f23:0x00000000 f26:0x7fc00000 f13=0x00000000
     234845.000 ns	     23483	80004c28	58041fd3	fsqrt.s	f31,f8	  f8:0x00000000 f31=0x00000000
     234865.000 ns	     23485	80004c2c	000b1813	slli	x16,x22,0x0	 x22:0xaaa84e4e x16=0xaaa84e4e
     234885.000 ns	     23487	80004c30	28299353	fmax.s	f6,f19,f2	 f19:0x00000000  f2:0x3fffff9c  f6=0x3fffff9c
     234915.000 ns	     23490	80004c34	c00afc53	fcvt.w.s	x24,f21	 f21:0x00000001 x24=0x00000000
     234945.000 ns	     23493	80004c38	026d06b3	mul	x13,x26,x6	 x26:0x00000000  x6:0x59000000 x13=0x00000000
     234975.000 ns	     23496	80004c3c	023fc633	div	x12,x31,x3	 x31:0x00000000  x3:0x00000000 x12=0xffffffff
     235005.000 ns	     23499	80004c40	038be9b3	rem	x19,x23,x24	 x23:0x00000000 x24:0x00000000 x19=0x00000000
     235375.000 ns	     23536	80004c44	030d5a33	divu	x20,x26,x16	 x26:0x00000000 x16:0xaaa84e4e x20=0x00000000
     235745.000 ns	     23573	80004c48	021e68b3	rem	x17,x28,x1	 x28:0x00000000  x1:0x00000526 x17=0x00000000
     235775.000 ns	     23576	80004c4c	a02717d3	flt.s	x15,f14,f2	 f14:0x00000000  f2:0x3fffff9c x15=0x00000001
     235815.000 ns	     23580	80004c50	199ec3d3	fdiv.s	f7,f29,f25	 f29:0x59acf137 f25:0x00000000  f7=0x7f800000
     235835.000 ns	     23582	80004c54	41570433	sub	x8,x14,x21	 x14:0x80040fe4 x21:0x00000000  x8=0x80040fe4
     235845.000 ns	     23583	80004c58	3c22a917	auipc	x18,0x3c22a	 x18=0xbc22ec58
     235865.000 ns	     23585	80004c5c	02e1a5b3	mulhsu	x11,x3,x14	  x3:0x00000000 x14:0x80040fe4 x11=0x00000000
     235895.000 ns	     23588	80004c60	03f75fb3	divu	x31,x14,x31	 x14:0x80040fe4 x31:0x00000000 x31=0xffffffff
     235915.000 ns	     23590	80004c64	a8db6a93	ori	x21,x22,-1395	 x22:0xaaa84e4e x21=0xfffffecf
     235925.000 ns	     23591	80004c68	404c89b3	sub	x19,x25,x4	 x25:0x9f0b5000  x4:0x00000526 x19=0x9f0b4ada
     235965.000 ns	     23595	80004c6c	099bf153	fsub.s	f2,f23,f25	 f23:0x00000000 f25:0x00000000  f2=0x80000000
     235995.000 ns	     23598	80004c70	29f49553	fmax.s	f10,f9,f31	  f9:0x00000001 f31:0x00000000 f10=0x00000001
     236015.000 ns	     23600	80004c74	282cf093	andi	x1,x25,642	 x25:0x9f0b5000  x1=0x00000000
     236035.000 ns	     23602	80004c78	a0de10d3	flt.s	x1,f28,f13	 f28:0x80000000 f13:0x00000000  x1=0x00000000
     236065.000 ns	     23605	80004c7c	03c807b3	mul	x15,x16,x28	 x16:0xaaa84e4e x28:0x00000000 x15=0x00000000
     236085.000 ns	     23607	80004c80	c7000313	addi	x6,x0,-912	  x0:0x00000000  x6=0xfffffc70
     236105.000 ns	     23609	80004c84	c01493d3	fcvt.wu.s	x7,f9	  f9:0x00000001  x7=0x00000000
     236125.000 ns	     23611	80004c88	01739c93	slli	x25,x7,0x17	  x7:0x80041024 x25=0x00000000
     236155.000 ns	     23614	80004c8c	1869b2d3	fdiv.s	f5,f19,f6	 f19:0x00000000  f6:0x3fffff9c  f5=0x00000000
     236185.000 ns	     23617	80004c90	d019f553	fcvt.s.wu	f10,x19	 x19:0x9f0b4ada f10=0x4f1f0b4a
     236215.000 ns	     23620	80004c94	03b0c833	div	x16,x1,x27	  x1:0x00000000 x27:0x00000000 x16=0xffffffff
     236245.000 ns	     23623	80004c98	e0030fd3	fmv.x.w	x31,f6	  f6:0x3fffff9c x31=0x3fffff9c
     236275.000 ns	     23626	80004c9c	f00208d3	fmv.w.x	f17,x4	  x4:0x00000526 f17=0x00000526
     236295.000 ns	     23628	80004ca0	01175593	srli	x11,x14,0x11	 x14:0x80040fe4 x11=0x00004002
     236315.000 ns	     23630	80004ca4	d00b1bd3	fcvt.s.w	f23,x22	 x22:0xaaa84e4e f23=0xceaaaf63
     236345.000 ns	     23633	80004ca8	03ad6033	rem	x0,x26,x26	 x26:0x00000000 x26:0x00000000
     236375.000 ns	     23636	80004cac	2140a753	fsgnjx.s	f14,f1,f20	  f1:0x4f7f8000 f20:0x00000000 f14=0x4f7f8000
     236405.000 ns	     23639	80004cb0	e0011953	fclass.s	x18,f2	  f2:0x80000000 x18=0x00000008
     236435.000 ns	     23642	80004cb4	e00096d3	fclass.s	x13,f1	  f1:0x4f7f8000 x13=0x00000040
     236455.000 ns	     23644	80004cb8	01d20d33	add	x26,x4,x29	  x4:0x00000526 x29:0x00000000 x26=0x00000526
     236465.000 ns	     23645	80004cbc	00233fb3	sltu	x31,x6,x2	  x6:0xfffffc70  x2:0x00000000 x31=0x00000000
     236485.000 ns	     23647	80004cc0	d01ea9d3	fcvt.s.wu	f19,x29	 x29:0x00000000 f19=0x00000000
     236505.000 ns	     23649	80004cc4	29e89ab7	lui	x21,0x29e89	 x21=0x29e89000
     236515.000 ns	     23650	80004cc8	004367b3	or	x15,x6,x4	  x6:0xfffffc70  x4:0x00000526 x15=0xfffffd76
     236535.000 ns	     23652	80004ccc	039bdfb3	divu	x31,x23,x25	 x23:0x00000000 x25:0x00000000 x31=0xffffffff
     236555.000 ns	     23654	80004cd0	dd40e393	ori	x7,x1,-556	  x1:0x00000000  x7=0xfffffdd4
     236565.000 ns	     23655	80004cd4	0091e0b3	or	x1,x3,x9	  x3:0x00000000  x9:0x00000001  x1=0x00000001
     236605.000 ns	     23659	80004cd8	00d97853	fadd.s	f16,f18,f13	 f18:0x59acf137 f13:0x00000000 f16=0x59acf137
     236625.000 ns	     23661	80004cdc	f1d32997	auipc	x19,0xf1d32	 x19=0x71d36cdc
     236635.000 ns	     23662	80004ce0	54ea4493	xori	x9,x20,1358	 x20:0x00000000  x9=0x0000054e
     236645.000 ns	     23663	80004ce4	41f20133	sub	x2,x4,x31	  x4:0x00000526 x31:0xffffffff  x2=0x00000527
     236655.000 ns	     23664	80004ce8	00e8d6b3	srl	x13,x17,x14	 x17:0x00000000 x14:0x80040fe4 x13=0x00000000
     236665.000 ns	     23665	80004cec	016b1113	slli	x2,x22,0x16	 x22:0xaaa84e4e  x2=0x93800000
     236675.000 ns	     23666	80004cf0	8936f313	andi	x6,x13,-1901	 x13:0x00000040  x6=0x00000000
     236695.000 ns	     23668	80004cf4	036d2833	mulhsu	x16,x26,x22	 x26:0x00000526 x22:0xaaa84e4e x16=0x0000036e
     236715.000 ns	     23670	80004cf8	600aba97	auipc	x21,0x600ab	 x21=0xe00afcf8
     236725.000 ns	     23671	80004cfc	00000013	addi	x0,x0,0	  x0:0x00000000
     236745.000 ns	     23673	80004d00	02fd93b3	mulh	x7,x27,x15	 x27:0x00000000 x15:0xfffffd76  x7=0x00000000
     236775.000 ns	     23676	80004d04	032d06b3	mul	x13,x26,x18	 x26:0x00000526 x18:0x00000008 x13=0x00002930
     236815.000 ns	     23680	80004d08	101010d3	fmul.s	f1,f0,f1	  f0:0x00000001  f1:0x4f7f8000  f1=0x04ff8000
     236845.000 ns	     23683	80004d0c	284810d3	fmax.s	f1,f16,f4	 f16:0x59acf137  f4:0x3f800000  f1=0x59acf137
     237215.000 ns	     23720	80004d10	033bf3b3	remu	x7,x23,x19	 x23:0x00000000 x19:0x71d36cdc  x7=0x00000000
     237245.000 ns	     23723	80004d14	29f417d3	fmax.s	f15,f8,f31	  f8:0x00000000 f31:0x00000000 f15=0x00000000
     237275.000 ns	     23726	80004d18	a08b10d3	flt.s	x1,f22,f8	 f22:0x00000000  f8:0x00000000  x1=0x00000000
     237645.000 ns	     23763	80004d1c	02c1f8b3	remu	x17,x3,x12	  x3:0x00000000 x12:0xffffffff x17=0x00000000
     237675.000 ns	     23766	80004d20	0224a933	mulhsu	x18,x9,x2	  x9:0x0000054e  x2:0x93800000 x18=0x0000030e
     237695.000 ns	     23768	80004d24	4ffa6413	ori	x8,x20,1279	 x20:0x00000000  x8=0x000004ff
     237705.000 ns	     23769	80004d28	01b677b3	and	x15,x12,x27	 x12:0xffffffff x27:0x00000000 x15=0x00000000
     237725.000 ns	     23771	80004d2c	a1e01353	flt.s	x6,f0,f30	  f0:0x00000001 f30:0x00000000  x6=0x00000000
     237755.000 ns	     23774	80004d30	a0cba953	feq.s	x18,f23,f12	 f23:0xceaaaf63 f12:0x00000000 x18=0x00000000
     237775.000 ns	     23776	80004d34	b0fbf393	andi	x7,x23,-1265	 x23:0x00000000  x7=0x00000000
     237785.000 ns	     23777	80004d38	00125fb3	srl	x31,x4,x1	  x4:0x00000526  x1:0x00000000 x31=0x00000526
     237805.000 ns	     23779	80004d3c	c01111d3	fcvt.wu.s	x3,f2	  f2:0x80000000  x3=0x00000000
     237835.000 ns	     23782	80004d40	c00d78d3	fcvt.w.s	x17,f26	 f26:0x7fc00000 x17=0x7fffffff
     237865.000 ns	     23785	80004d44	038167b3	rem	x15,x2,x24	  x2:0x93800000 x24:0x00000000 x15=0x93800000
     237895.000 ns	     23788	80004d48	e00b19d3	fclass.s	x19,f22	 f22:0x00000000 x19=0x00000010
     237915.000 ns	     23790	80004d4c	8b3db313	sltiu	x6,x27,-1869	 x27:0x00000000  x6=0x00000001
     237935.000 ns	     23792	80004d50	c00df0d3	fcvt.w.s	x1,f27	 f27:0x7fc00000  x1=0x7fffffff
     237965.000 ns	     23795	80004d54	0341a5b3	mulhsu	x11,x3,x20	  x3:0x00000000 x20:0x00000000 x11=0x00000000
     237985.000 ns	     23797	80004d58	01c610b3	sll	x1,x12,x28	 x12:0xffffffff x28:0x00000000  x1=0xffffffff
     237995.000 ns	     23798	80004d5c	005dd0b3	srl	x1,x27,x5	 x27:0x00000000  x5:0x80041024  x1=0x00000000
     238015.000 ns	     23800	80004d60	a1c51853	flt.s	x16,f10,f28	 f10:0x4f1f0b4a f28:0x80000000 x16=0x00000000
     238045.000 ns	     23803	80004d64	03babf33	mulhu	x30,x21,x27	 x21:0xe00afcf8 x27:0x00000000 x30=0x00000000
     238075.000 ns	     23806	80004d68	e00c04d3	fmv.x.w	x9,f24	 f24:0x00000001  x9=0x00000001
     238125.000 ns	     23811	80004d6c	09417653	fsub.s	f12,f2,f20	  f2:0x80000000 f20:0x00000000 f12=0x80000000
     238145.000 ns	     23813	80004d70	011b3933	sltu	x18,x22,x17	 x22:0xaaa84e4e x17:0x7fffffff x18=0x00000000
     238165.000 ns	     23815	80004d74	a10b1cd3	flt.s	x25,f22,f16	 f22:0x00000000 f16:0x59acf137 x25=0x00000001
     238195.000 ns	     23818	80004d78	f00c83d3	fmv.w.x	f7,x25	 x25:0x00000000  f7=0x00000001
     238225.000 ns	     23821	80004d7c	0349a5b3	mulhsu	x11,x19,x20	 x19:0x00000010 x20:0x00000000 x11=0x00000000
     238245.000 ns	     23823	80004d80	01d3b8b3	sltu	x17,x7,x29	  x7:0x00000000 x29:0x00000000 x17=0x00000000
     238255.000 ns	     23824	80004d84	00f52333	slt	x6,x10,x15	 x10:0x00000002 x15:0x93800000  x6=0x00000000
     238275.000 ns	     23826	80004d88	21bc9353	fsgnjn.s	f6,f25,f27	 f25:0x00000000 f27:0x7fc00000  f6=0x80000000
     238295.000 ns	     23828	80004d8c	12c97e13	andi	x28,x18,300	 x18:0x00000000 x28=0x00000000
     238315.000 ns	     23830	80004d90	c01a34d3	fcvt.wu.s	x9,f20	 f20:0x00000000  x9=0x00000000
     238345.000 ns	     23833	80004d94	023a5cb3	divu	x25,x20,x3	 x20:0x00000000  x3:0x00000000 x25=0xffffffff
     238375.000 ns	     23836	80004d98	03ca36b3	mulhu	x13,x20,x28	 x20:0x00000000 x28:0x00000000 x13=0x00000000
     238395.000 ns	     23838	80004d9c	00e2f833	and	x16,x5,x14	  x5:0x80041024 x14:0x80040fe4 x16=0x80040024
     238415.000 ns	     23840	80004da0	a0681dd3	flt.s	x27,f16,f6	 f16:0x59acf137  f6:0x80000000 x27=0x00000000
     238445.000 ns	     23843	80004da4	a0e415d3	flt.s	x11,f8,f14	  f8:0x00000000 f14:0x4f7f8000 x11=0x00000001
     238475.000 ns	     23846	80004da8	e0018053	fmv.x.w	x0,f3	  f3:0xbf2cf138
     238495.000 ns	     23848	80004dac	01e3d413	srli	x8,x7,0x1e	  x7:0x00000000  x8=0x00000000
     238505.000 ns	     23849	80004db0	41f205b3	sub	x11,x4,x31	  x4:0x00000526 x31:0x00000526 x11=0x00000000
     238545.000 ns	     23853	80004db4	008e7d53	fadd.s	f26,f28,f8	 f28:0x80000000  f8:0x00000000 f26=0x00000000
     238575.000 ns	     23856	80004db8	c008f053	fcvt.w.s	x0,f17	 f17:0x00000526
     238595.000 ns	     23858	80004dbc	a49a3793	sltiu	x15,x20,-1463	 x20:0x00000000 x15=0x00000001
     238615.000 ns	     23860	80004dc0	21fc98d3	fsgnjn.s	f17,f25,f31	 f25:0x00000000 f31:0x00000000 f17=0x80000000
     238645.000 ns	     23863	80004dc4	03061eb3	mulh	x29,x12,x16	 x12:0xffffffff x16:0x80040024 x29=0x00000000
     238675.000 ns	     23866	80004dc8	283a8cd3	fmin.s	f25,f21,f3	 f21:0x00000001  f3:0xbf2cf138 f25=0xbf2cf138
     238695.000 ns	     23868	80004dcc	001be4b3	or	x9,x23,x1	 x23:0x00000000  x1:0x00000000  x9=0x00000000
     238705.000 ns	     23869	80004dd0	9628ec93	ori	x25,x17,-1694	 x17:0x00000000 x25=0xfffff962
     238725.000 ns	     23871	80004dd4	02b634b3	mulhu	x9,x12,x11	 x12:0xffffffff x11:0x00000000  x9=0x00000000
     238755.000 ns	     23874	80004dd8	03866eb3	rem	x29,x12,x24	 x12:0xffffffff x24:0x00000000 x29=0xffffffff
     238785.000 ns	     23877	80004ddc	a1d91253	flt.s	x4,f18,f29	 f18:0x59acf137 f29:0x59acf137  x4=0x00000000
     238815.000 ns	     23880	80004de0	e0028e53	fmv.x.w	x28,f5	  f5:0x00000000 x28=0x00000000
     239185.000 ns	     23917	80004de4	039961b3	rem	x3,x18,x25	 x18:0x00000000 x25:0xfffff962  x3=0x00000000
     239215.000 ns	     23920	80004de8	02d79a33	mulh	x20,x15,x13	 x15:0x00000001 x13:0x00000000 x20=0x00000000
     239235.000 ns	     23922	80004dec	0d5954b7	lui	x9,0xd595	  x9=0x0d595000
     239255.000 ns	     23924	80004df0	d019b753	fcvt.s.wu	f14,x19	 x19:0x00000010 f14=0x41800000
     239275.000 ns	     23926	80004df4	00c429b3	slt	x19,x8,x12	  x8:0x00000000 x12:0xffffffff x19=0x00000000
     239295.000 ns	     23928	80004df8	d0147dd3	fcvt.s.wu	f27,x8	  x8:0x00000000 f27=0x00000000
     239325.000 ns	     23931	80004dfc	21509053	fsgnjn.s	f0,f1,f21	  f1:0x59acf137 f21:0x00000001  f0=0xd9acf137
     239345.000 ns	     23933	80004e00	00b610b3	sll	x1,x12,x11	 x12:0xffffffff x11:0x00000000  x1=0xffffffff
     239365.000 ns	     23935	80004e04	030320b3	mulhsu	x1,x6,x16	  x6:0x00000000 x16:0x80040024  x1=0x00000000
     239395.000 ns	     23938	80004e08	020048b3	div	x17,x0,x0	  x0:0x00000000  x0:0x00000000 x17=0xffffffff
     239415.000 ns	     23940	80004e0c	9c2eb213	sltiu	x4,x29,-1598	 x29:0xffffffff  x4=0x00000000
     239425.000 ns	     23941	80004e10	89f38393	addi	x7,x7,-1889	  x7:0x00000000  x7=0xfffff89f
     239445.000 ns	     23943	80004e14	026aa5b3	mulhsu	x11,x21,x6	 x21:0xe00afcf8  x6:0x00000000 x11=0x00000000
     239465.000 ns	     23945	80004e18	829290b7	lui	x1,0x82929	  x1=0x82929000
     239475.000 ns	     23946	80004e1c	ea117793	andi	x15,x2,-351	  x2:0x93800000 x15=0x93800000
     239485.000 ns	     23947	80004e20	0938e693	ori	x13,x17,147	 x17:0xffffffff x13=0xffffffff
     239505.000 ns	     23949	80004e24	d00bf9d3	fcvt.s.w	f19,x23	 x23:0x00000000 f19=0x00000000
     239525.000 ns	     23951	80004e28	01889113	slli	x2,x17,0x18	 x17:0xffffffff  x2=0xff000000
     239545.000 ns	     23953	80004e2c	28990fd3	fmin.s	f31,f18,f9	 f18:0x59acf137  f9:0x00000001 f31=0x00000001
     239595.000 ns	     23958	80004e30	08ed8b53	fsub.s	f22,f27,f14	 f27:0x00000000 f14:0x41800000 f22=0xc1800000
     239625.000 ns	     23961	80004e34	a0dc87d3	fle.s	x15,f25,f13	 f25:0xbf2cf138 f13:0x00000000 x15=0x00000001
     239645.000 ns	     23963	80004e38	75f24813	xori	x16,x4,1887	  x4:0x00000000 x16=0x0000075f
     239655.000 ns	     23964	80004e3c	00358cb3	add	x25,x11,x3	 x11:0x00000000  x3:0x00000000 x25=0x00000000
     239665.000 ns	     23965	80004e40	45c3bf93	sltiu	x31,x7,1116	  x7:0xfffff89f x31=0x00000000
     239675.000 ns	     23966	80004e44	6d4e7913	andi	x18,x28,1748	 x28:0x00000000 x18=0x00000000
     239685.000 ns	     23967	80004e48	7dbae393	ori	x7,x21,2011	 x21:0xe00afcf8  x7=0xe00afffb
     239715.000 ns	     23970	80004e4c	106923d3	fmul.s	f7,f18,f6	 f18:0x59acf137  f6:0x80000000  f7=0x80000000
     239735.000 ns	     23972	80004e50	00e95893	srli	x17,x18,0xe	 x18:0x00000000 x17=0x00000000
     239755.000 ns	     23974	80004e54	a1d4a6d3	feq.s	x13,f9,f29	  f9:0x00000001 f29:0x59acf137 x13=0x00000000
     239785.000 ns	     23977	80004e58	d000a253	fcvt.s.w	f4,x1	  x1:0x82929000  f4=0xcefadae0
     239815.000 ns	     23980	80004e5c	f00285d3	fmv.w.x	f11,x5	  x5:0x80041024 f11=0x80041024
     239835.000 ns	     23982	80004e60	40185313	srai	x6,x16,0x1	 x16:0x0000075f  x6=0x000003af
     239845.000 ns	     23983	80004e64	afb94113	xori	x2,x18,-1285	 x18:0x00000000  x2=0xfffffafb
     239865.000 ns	     23985	80004e68	f00f0a53	fmv.w.x	f20,x30	 x30:0x00000000 f20=0x00000000
     239895.000 ns	     23988	80004e6c	03233833	mulhu	x16,x6,x18	  x6:0x000003af x18:0x00000000 x16=0x00000000
     239915.000 ns	     23990	80004e70	cab56c93	ori	x25,x10,-853	 x10:0x00000002 x25=0xfffffcab
     239925.000 ns	     23991	80004e74	410d80b3	sub	x1,x27,x16	 x27:0x00000000 x16:0x00000000  x1=0x00000000
     239945.000 ns	     23993	80004e78	f00482d3	fmv.w.x	f5,x9	  x9:0x0d595000  f5=0x0d595000
     239975.000 ns	     23996	80004e7c	03eeacb3	mulhsu	x25,x29,x30	 x29:0xffffffff x30:0x00000000 x25=0x00000000
     240005.000 ns	     23999	80004e80	c00bf8d3	fcvt.w.s	x17,f23	 f23:0xceaaaf63 x17=0x5557b180
     240025.000 ns	     24001	80004e84	017c76b3	and	x13,x24,x23	 x24:0x00000000 x23:0x00000000 x13=0x00000000
     240065.000 ns	     24005	80004e88	09d78cd3	fsub.s	f25,f15,f29	 f15:0x00000000 f29:0x59acf137 f25=0xd9acf137
     240095.000 ns	     24008	80004e8c	293910d3	fmax.s	f1,f18,f19	 f18:0x59acf137 f19:0x00000000  f1=0x59acf137
     240115.000 ns	     24010	80004e90	01c73333	sltu	x6,x14,x28	 x14:0x80040fe4 x28:0x00000000  x6=0x00000000
     240135.000 ns	     24012	80004e94	0298a8b3	mulhsu	x17,x17,x9	 x17:0x5557b180  x9:0x0d595000 x17=0x04733a2b
     240165.000 ns	     24015	80004e98	02d41133	mulh	x2,x8,x13	  x8:0x00000000 x13:0x00000000  x2=0x00000000
     240185.000 ns	     24017	80004e9c	56cdf193	andi	x3,x27,1388	 x27:0x00000000  x3=0x00000000
     240195.000 ns	     24018	80004ea0	00812633	slt	x12,x2,x8	  x2:0x00000000  x8:0x00000000 x12=0x00000000
     240215.000 ns	     24020	80004ea4	a09f1653	flt.s	x12,f30,f9	 f30:0x00000000  f9:0x00000001 x12=0x00000001
     240235.000 ns	     24022	80004ea8	00ee41b3	xor	x3,x28,x14	 x28:0x00000000 x14:0x80040fe4  x3=0x80040fe4
     240245.000 ns	     24023	80004eac	00000013	addi	x0,x0,0	  x0:0x00000000
     240265.000 ns	     24025	80004eb0	c01c26d3	fcvt.wu.s	x13,f24	 f24:0x00000001 x13=0x00000000
     240285.000 ns	     24027	80004eb4	40b7d7b3	sra	x15,x15,x11	 x15:0x00000001 x11:0x00000000 x15=0x00000001
     240305.000 ns	     24029	80004eb8	a0359ad3	flt.s	x21,f11,f3	 f11:0x80041024  f3:0xbf2cf138 x21=0x00000000
     240335.000 ns	     24032	80004ebc	a03b0653	fle.s	x12,f22,f3	 f22:0xc1800000  f3:0xbf2cf138 x12=0x00000001
     240365.000 ns	     24035	80004ec0	a11f9953	flt.s	x18,f31,f17	 f31:0x00000001 f17:0x80000000 x18=0x00000000
     240395.000 ns	     24038	80004ec4	a0cdaf53	feq.s	x30,f27,f12	 f27:0x00000000 f12:0x80000000 x30=0x00000001
     240425.000 ns	     24041	80004ec8	a1f01953	flt.s	x18,f0,f31	  f0:0xd9acf137 f31:0x00000001 x18=0x00000001
     240455.000 ns	     24044	80004ecc	e00d8e53	fmv.x.w	x28,f27	 f27:0x00000000 x28=0x00000000
     240485.000 ns	     24047	80004ed0	29570bd3	fmin.s	f23,f14,f21	 f14:0x41800000 f21:0x00000001 f23=0x00000001
     240505.000 ns	     24049	80004ed4	c8ebb313	sltiu	x6,x23,-882	 x23:0x00000000  x6=0x00000001
     240515.000 ns	     24050	80004ed8	9bb7ba13	sltiu	x20,x15,-1605	 x15:0x00000001 x20=0x00000001
     240875.000 ns	     24086	80004edc	023664b3	rem	x9,x12,x3	 x12:0x00000001  x3:0x80040fe4  x9=0x00000001
     240905.000 ns	     24089	80004ee0	e00c1bd3	fclass.s	x23,f24	 f24:0x00000001 x23=0x00000020
     240935.000 ns	     24092	80004ee4	21288353	fsgnj.s	f6,f17,f18	 f17:0x80000000 f18:0x59acf137  f6=0x00000000
     240965.000 ns	     24095	80004ee8	21482653	fsgnjx.s	f12,f16,f20	 f16:0x59acf137 f20:0x00000000 f12=0x59acf137
     240985.000 ns	     24097	80004eec	0051a633	slt	x12,x3,x5	  x3:0x80040fe4  x5:0x80041024 x12=0x00000001
     241005.000 ns	     24099	80004ef0	a1781253	flt.s	x4,f16,f23	 f16:0x59acf137 f23:0x00000001  x4=0x00000000
     241035.000 ns	     24102	80004ef4	03183433	mulhu	x8,x16,x17	 x16:0x00000000 x17:0x04733a2b  x8=0x00000000
     241065.000 ns	     24105	80004ef8	29df9653	fmax.s	f12,f31,f29	 f31:0x00000001 f29:0x59acf137 f12=0x59acf137
     241085.000 ns	     24107	80004efc	004f1c13	slli	x24,x30,0x4	 x30:0x00000001 x24=0x00000010
     241105.000 ns	     24109	80004f00	c01194d3	fcvt.wu.s	x9,f3	  f3:0xbf2cf138  x9=0x00000000
     241135.000 ns	     24112	80004f04	a0b480d3	fle.s	x1,f9,f11	  f9:0x00000001 f11:0x80041024  x1=0x00000000
     241165.000 ns	     24115	80004f08	a1df84d3	fle.s	x9,f31,f29	 f31:0x00000001 f29:0x59acf137  x9=0x00000001
     241535.000 ns	     24152	80004f0c	027d7f33	remu	x30,x26,x7	 x26:0x00000526  x7:0xe00afffb x30=0x00000526
     241555.000 ns	     24154	80004f10	40eb5ab3	sra	x21,x22,x14	 x22:0xaaa84e4e x14:0x80040fe4 x21=0xfaaa84e4
     241565.000 ns	     24155	80004f14	1fc8a213	slti	x4,x17,508	 x17:0x04733a2b  x4=0x00000000
     241575.000 ns	     24156	80004f18	012bd993	srli	x19,x23,0x12	 x23:0x00000020 x19=0x00000000
     241585.000 ns	     24157	80004f1c	40075193	srai	x3,x14,0x0	 x14:0x80040fe4  x3=0x80040fe4
     241595.000 ns	     24158	80004f20	41a2d0b3	sra	x1,x5,x26	  x5:0x80041024 x26:0x00000526  x1=0xfe001040
     241955.000 ns	     24194	80004f24	02c0e1b3	rem	x3,x1,x12	  x1:0x00000000 x12:0x00000001  x3=0x00000000
     241995.000 ns	     24198	80004f28	11ca3ad3	fmul.s	f21,f20,f28	 f20:0x00000000 f28:0x80000000 f21=0x80000000
     242015.000 ns	     24200	80004f2c	01bb5233	srl	x4,x22,x27	 x22:0xaaa84e4e x27:0x00000000  x4=0xaaa84e4e
     242025.000 ns	     24201	80004f30	0a7f8f93	addi	x31,x31,167	 x31:0x00000000 x31=0x000000a7
     242385.000 ns	     24237	80004f34	038d4fb3	div	x31,x26,x24	 x26:0x00000526 x24:0x00000010 x31=0x00000052
     242415.000 ns	     24240	80004f38	03ecadb3	mulhsu	x27,x25,x30	 x25:0x00000000 x30:0x00000526 x27=0x00000000
     242465.000 ns	     24245	80004f3c	00a02253	fadd.s	f4,f0,f10	  f0:0xd9acf137 f10:0x4f1f0b4a  f4=0xd9acf133
     242495.000 ns	     24248	80004f40	d00bfb53	fcvt.s.w	f22,x23	 x23:0x00000020 f22=0x42000000
     242525.000 ns	     24251	80004f44	e0048d53	fmv.x.w	x26,f9	  f9:0x00000001 x26=0x00000001
     242555.000 ns	     24254	80004f48	21b0a1d3	fsgnjx.s	f3,f1,f27	  f1:0x59acf137 f27:0x00000000  f3=0x59acf137
     242585.000 ns	     24257	80004f4c	e00a1053	fclass.s	x0,f20	 f20:0x00000000
     242635.000 ns	     24262	80004f50	09f7f353	fsub.s	f6,f15,f31	 f15:0x00000000 f31:0x00000001  f6=0x80000001
     242665.000 ns	     24265	80004f54	29f00453	fmin.s	f8,f0,f31	  f0:0xd9acf137 f31:0x00000001  f8=0xd9acf137
     242695.000 ns	     24268	80004f58	20f51653	fsgnjn.s	f12,f10,f15	 f10:0x4f1f0b4a f15:0x00000000 f12=0xcf1f0b4a
     242715.000 ns	     24270	80004f5c	e69be113	ori	x2,x23,-407	 x23:0x00000020  x2=0xfffffe69
     242725.000 ns	     24271	80004f60	33370a93	addi	x21,x14,819	 x14:0x80040fe4 x21=0x80041317
     242745.000 ns	     24273	80004f64	a00e8853	fle.s	x16,f29,f0	 f29:0x59acf137  f0:0xd9acf137 x16=0x00000000
     243115.000 ns	     24310	80004f68	036cc5b3	div	x11,x25,x22	 x25:0x00000000 x22:0xaaa84e4e x11=0x00000000
     243145.000 ns	     24313	80004f6c	0285fcb3	remu	x25,x11,x8	 x11:0x00000000  x8:0x00000000 x25=0x00000000
     243175.000 ns	     24316	80004f70	e00219d3	fclass.s	x19,f4	  f4:0xd9acf133 x19=0x00000002
     243205.000 ns	     24319	80004f74	a0dead53	feq.s	x26,f29,f13	 f29:0x59acf137 f13:0x00000000 x26=0x00000000
     243225.000 ns	     24321	80004f78	b8f1cd13	xori	x26,x3,-1137	  x3:0x00000000 x26=0xfffffb8f
     243245.000 ns	     24323	80004f7c	d012a4d3	fcvt.s.wu	f9,x5	  x5:0x80041024  f9=0x4f000411
     243265.000 ns	     24325	80004f80	0150f933	and	x18,x1,x21	  x1:0xfe001040 x21:0x80041317 x18=0x80001000
     243625.000 ns	     24361	80004f84	03a2d1b3	divu	x3,x5,x26	  x5:0x80041024 x26:0xfffffb8f  x3=0x00000000
     243645.000 ns	     24363	80004f88	0d2c0893	addi	x17,x24,210	 x24:0x00000010 x17=0x000000e2
     243665.000 ns	     24365	80004f8c	d01d7e53	fcvt.s.wu	f28,x26	 x26:0xfffffb8f f28=0x4f7ffffb
     243685.000 ns	     24367	80004f90	5489ed93	ori	x27,x19,1352	 x19:0x00000002 x27=0x0000054a
     243695.000 ns	     24368	80004f94	0179cfb3	xor	x31,x19,x23	 x19:0x00000002 x23:0x00000020 x31=0x00000022
     243705.000 ns	     24369	80004f98	8a9ef693	andi	x13,x29,-1879	 x29:0xffffffff x13=0xfffff8a9
     243745.000 ns	     24373	80004f9c	01237153	fadd.s	f2,f6,f18	  f6:0x80000001 f18:0x59acf137  f2=0x59acf137
     243765.000 ns	     24375	80004fa0	ac85fa97	auipc	x21,0xac85f	 x21=0x2c863fa0
     243785.000 ns	     24377	80004fa4	02913433	mulhu	x8,x2,x9	  x2:0xfffffe69  x9:0x00000001  x8=0x00000000
     243805.000 ns	     24379	80004fa8	b3173937	lui	x18,0xb3173	 x18=0xb3173000
     243815.000 ns	     24380	80004fac	00071e33	sll	x28,x14,x0	 x14:0x80040fe4  x0:0x00000000 x28=0x80040fe4
     243835.000 ns	     24382	80004fb0	209727d3	fsgnjx.s	f15,f14,f9	 f14:0x41800000  f9:0x4f000411 f15=0x41800000
     243855.000 ns	     24384	80004fb4	67b6d097	auipc	x1,0x67b6d	  x1=0xe7b71fb4
     243875.000 ns	     24386	80004fb8	039a70b3	remu	x1,x20,x25	 x20:0x00000001 x25:0x00000000  x1=0x00000001
     243895.000 ns	     24388	80004fbc	80f07e37	lui	x28,0x80f07	 x28=0x80f07000
     243915.000 ns	     24390	80004fc0	c00a7d53	fcvt.w.s	x26,f20	 f20:0x00000000 x26=0x00000000
     243945.000 ns	     24393	80004fc4	a0fa8153	fle.s	x2,f21,f15	 f21:0x80000000 f15:0x41800000  x2=0x00000001
     243965.000 ns	     24395	80004fc8	c1352193	slti	x3,x10,-1005	 x10:0x00000002  x3=0x00000000
     243975.000 ns	     24396	80004fcc	1443f893	andi	x17,x7,324	  x7:0xe00afffb x17=0x00000140
     243995.000 ns	     24398	80004fd0	d00938d3	fcvt.s.w	f17,x18	 x18:0xb3173000 f17=0xce99d1a0
     244025.000 ns	     24401	80004fd4	200c2c53	fsgnjx.s	f24,f24,f0	 f24:0x00000001  f0:0xd9acf137 f24=0x80000001
     244045.000 ns	     24403	80004fd8	4057dd93	srai	x27,x15,0x5	 x15:0x00000001 x27=0x00000000
     244055.000 ns	     24404	80004fdc	00b17ab3	and	x21,x2,x11	  x2:0x00000001 x11:0x00000000 x21=0x00000000
     244075.000 ns	     24406	80004fe0	e0031553	fclass.s	x10,f6	  f6:0x80000001 x10=0x00000004
     244105.000 ns	     24409	80004fe4	a19d1253	flt.s	x4,f26,f25	 f26:0x00000000 f25:0xd9acf137  x4=0x00000000
     244135.000 ns	     24412	80004fe8	a1e42fd3	feq.s	x31,f8,f30	  f8:0xd9acf137 f30:0x00000000 x31=0x00000000
     244155.000 ns	     24414	80004fec	49288317	auipc	x6,0x49288	  x6=0xc928cfec
     244175.000 ns	     24416	80004ff0	e00908d3	fmv.x.w	x17,f18	 f18:0x59acf137 x17=0x59acf137
     244205.000 ns	     24419	80004ff4	e00a80d3	fmv.x.w	x1,f21	 f21:0x80000000  x1=0x80000000
     244235.000 ns	     24422	80004ff8	d0132b53	fcvt.s.wu	f22,x6	  x6:0xc928cfec f22=0x4f4928d0
     244255.000 ns	     24424	80004ffc	01a856b3	srl	x13,x16,x26	 x16:0x00000000 x26:0x00000000 x13=0x00000000
     244275.000 ns	     24426	80005000	024133b3	mulhu	x7,x2,x4	  x2:0x00000001  x4:0x00000000  x7=0x00000000
     244645.000 ns	     24463	80005004	03146333	rem	x6,x8,x17	  x8:0x00000000 x17:0x59acf137  x6=0x00000000
     244665.000 ns	     24465	80005008	00e00433	add	x8,x0,x14	  x0:0x00000000 x14:0x80040fe4  x8=0x80040fe4
     244695.000 ns	     24468	8000500c	1117f453	fmul.s	f8,f15,f17	 f15:0x41800000 f17:0xce99d1a0  f8=0xd099d1a0
     244715.000 ns	     24470	80005010	5ff28993	addi	x19,x5,1535	  x5:0x80041024 x19=0x80041623
     244735.000 ns	     24472	80005014	28b58f53	fmin.s	f30,f11,f11	 f11:0x80041024 f11:0x80041024 f30=0x80041024
     244785.000 ns	     24477	80005018	084bf053	fsub.s	f0,f23,f4	 f23:0x00000001  f4:0xd9acf133  f0=0x59acf133
     244825.000 ns	     24481	8000501c	104245d3	fmul.s	f11,f4,f4	  f4:0xd9acf133  f4:0xd9acf133 f11=0x73e9aa00
     244845.000 ns	     24483	80005020	40dadc33	sra	x24,x21,x13	 x21:0x00000000 x13:0x00000000 x24=0x00000000
     244865.000 ns	     24485	80005024	038e4833	div	x16,x28,x24	 x28:0x80f07000 x24:0x00000010 x16=0xffffffff
     244895.000 ns	     24488	80005028	d0127cd3	fcvt.s.wu	f25,x4	  x4:0x00000000 f25=0x00000000
     244915.000 ns	     24490	8000502c	00820a33	add	x20,x4,x8	  x4:0x00000000  x8:0x80040fe4 x20=0x80040fe4
     244925.000 ns	     24491	80005030	00bfee33	or	x28,x31,x11	 x31:0x00000000 x11:0x00000000 x28=0x00000000
     244935.000 ns	     24492	80005034	41bfd313	srai	x6,x31,0x1b	 x31:0x00000000  x6=0x00000000
     244945.000 ns	     24493	80005038	416308b3	sub	x17,x6,x22	  x6:0x00000000 x22:0xaaa84e4e x17=0x5557b1b2
     244955.000 ns	     24494	8000503c	c7374b93	xori	x23,x14,-909	 x14:0x80040fe4 x23=0x7ffbf397
     244975.000 ns	     24496	80005040	20a68ed3	fsgnj.s	f29,f13,f10	 f13:0x00000000 f10:0x4f1f0b4a f29=0x00000000
     245005.000 ns	     24499	80005044	d000f8d3	fcvt.s.w	f17,x1	  x1:0x80000000 f17=0xcf000000
     245025.000 ns	     24501	80005048	fd550a93	addi	x21,x10,-43	 x10:0x00000004 x21=0xffffffd9
     245035.000 ns	     24502	8000504c	54986e93	ori	x29,x16,1353	 x16:0xffffffff x29=0xffffffff
     245075.000 ns	     24506	80005050	01a37153	fadd.s	f2,f6,f26	  f6:0x80000001 f26:0x00000000  f2=0x80000001
     245105.000 ns	     24509	80005054	a0d60353	fle.s	x6,f12,f13	 f12:0xcf1f0b4a f13:0x00000000  x6=0x00000001
     245135.000 ns	     24512	80005058	a1702853	feq.s	x16,f0,f23	  f0:0x59acf133 f23:0x00000001 x16=0x00000000
     245165.000 ns	     24515	8000505c	0372bc33	mulhu	x24,x5,x23	  x5:0x80041024 x23:0x7ffbf397 x24=0x400001cd
     245185.000 ns	     24517	80005060	00000013	addi	x0,x0,0	  x0:0x00000000
     245205.000 ns	     24519	80005064	f00b09d3	fmv.w.x	f19,x22	 x22:0xaaa84e4e f19=0xaaa84e4e
     246385.000 ns	     24637	80005068	580e77d3	fsqrt.s	f15,f28	 f28:0x4f7ffffb f15=0x4735045f
     246415.000 ns	     24640	8000506c	28708a53	fmin.s	f20,f1,f7	  f1:0x59acf137  f7:0x80000000 f20=0x80000000
     246435.000 ns	     24642	80005070	00445c93	srli	x25,x8,0x4	  x8:0x80040fe4 x25=0x080040fe
     246445.000 ns	     24643	80005074	01d1e233	or	x4,x3,x29	  x3:0x00000000 x29:0xffffffff  x4=0xffffffff
     246465.000 ns	     24645	80005078	c019fed3	fcvt.wu.s	x29,f19	 f19:0xaaa84e4e x29=0x00000000
     246485.000 ns	     24647	8000507c	d4526d13	ori	x26,x4,-699	  x4:0x00000000 x26=0xffffffff
     246495.000 ns	     24648	80005080	95574213	xori	x4,x14,-1707	 x14:0x80040fe4  x4=0x7ffbf6b1
     246515.000 ns	     24650	80005084	0208ad33	mulhsu	x26,x17,x0	 x17:0x5557b1b2  x0:0x00000000 x26=0x00000000
     246535.000 ns	     24652	80005088	111deb93	ori	x23,x27,273	 x27:0x00000000 x23=0x00000111
     246555.000 ns	     24654	8000508c	d002fe53	fcvt.s.w	f28,x5	  x5:0x80041024 f28=0xcefff7df
     246575.000 ns	     24656	80005090	00000013	addi	x0,x0,0	  x0:0x00000000
     246935.000 ns	     24692	80005094	02214133	div	x2,x2,x2	  x2:0x00000001  x2:0x00000001  x2=0x00000001
     246975.000 ns	     24696	80005098	10277ad3	fmul.s	f21,f14,f2	 f14:0x41800000  f2:0x80000001 f21=0x80000010
     247025.000 ns	     24701	8000509c	01444d53	fadd.s	f26,f8,f20	  f8:0xd099d1a0 f20:0x80000000 f26=0xd099d1a0
     247055.000 ns	     24704	800050a0	29588ad3	fmin.s	f21,f17,f21	 f17:0xcf000000 f21:0x80000010 f21=0xcf000000
     247075.000 ns	     24706	800050a4	010eb6b3	sltu	x13,x29,x16	 x29:0x00000000 x16:0x00000000 x13=0x00000000
     247095.000 ns	     24708	800050a8	f00787d3	fmv.w.x	f15,x15	 x15:0x00000001 f15=0x00000001
     247125.000 ns	     24711	800050ac	d01e33d3	fcvt.s.wu	f7,x28	 x28:0x00000000  f7=0x00000000
     247145.000 ns	     24713	800050b0	0021d233	srl	x4,x3,x2	  x3:0x00000000  x2:0x00000001  x4=0x00000000
     247165.000 ns	     24715	800050b4	e0031c53	fclass.s	x24,f6	  f6:0x80000001 x24=0x00000004
     247195.000 ns	     24718	800050b8	a13b9553	flt.s	x10,f23,f19	 f23:0x00000001 f19:0xaaa84e4e x10=0x00000000
     248375.000 ns	     24836	800050bc	5800cdd3	fsqrt.s	f27,f1	  f1:0x59acf137 f27=0x4c94c888
     248405.000 ns	     24839	800050c0	024806b3	mul	x13,x16,x4	 x16:0x00000000  x4:0x00000000 x13=0x00000000
     248435.000 ns	     24842	800050c4	29620d53	fmin.s	f26,f4,f22	  f4:0xd9acf133 f22:0x4f4928d0 f26=0xd9acf133
     248455.000 ns	     24844	800050c8	41d25f33	sra	x30,x4,x29	  x4:0x00000000 x29:0x00000000 x30=0x00000000
     248465.000 ns	     24845	800050cc	d84a0113	addi	x2,x20,-636	 x20:0x80040fe4  x2=0x80040d68
     248475.000 ns	     24846	800050d0	01a2c5b3	xor	x11,x5,x26	  x5:0x80041024 x26:0x00000000 x11=0x80041024
     248485.000 ns	     24847	800050d4	01ba20b3	slt	x1,x20,x27	 x20:0x80040fe4 x27:0x00000000  x1=0x00000001
     248815.000 ns	     24880	800050d8	18e124d3	fdiv.s	f9,f2,f14	  f2:0x80000001 f14:0x41800000  f9=0x80000000
     248835.000 ns	     24882	800050dc	d0657813	andi	x16,x10,-762	 x10:0x00000000 x16=0x00000000
     248845.000 ns	     24883	800050e0	00505eb3	srl	x29,x0,x5	  x0:0x00000000  x5:0x80041024 x29=0x00000000
     248855.000 ns	     24884	800050e4	00250033	add	x0,x10,x2	 x10:0x00000000  x2:0x80040d68
     248875.000 ns	     24886	800050e8	d0187ed3	fcvt.s.wu	f29,x16	 x16:0x00000000 f29=0x00000000
     248895.000 ns	     24888	800050ec	01607533	and	x10,x0,x22	  x0:0x00000000 x22:0xaaa84e4e x10=0x00000000
     248905.000 ns	     24889	800050f0	40fe5d33	sra	x26,x28,x15	 x28:0x00000000 x15:0x00000001 x26=0x00000000
     249235.000 ns	     24922	800050f4	182a8353	fdiv.s	f6,f21,f2	 f21:0xcf000000  f2:0x80000001  f6=0x7f800000
     249265.000 ns	     24925	800050f8	21128353	fsgnj.s	f6,f5,f17	  f5:0x0d595000 f17:0xcf000000  f6=0x8d595000
     249285.000 ns	     24927	800050fc	01290f33	add	x30,x18,x18	 x18:0xb3173000 x18:0xb3173000 x30=0x662e6000
     249315.000 ns	     24930	80005100	11584853	fmul.s	f16,f16,f21	 f16:0x59acf137 f21:0xcf000000 f16=0xe92cf138
     249335.000 ns	     24932	80005104	00142933	slt	x18,x8,x1	  x8:0x80040fe4  x1:0x00000001 x18=0x00000001
     249345.000 ns	     24933	80005108	018a21b3	slt	x3,x20,x24	 x20:0x80040fe4 x24:0x00000004  x3=0x00000001
     249355.000 ns	     24934	8000510c	005b6cb3	or	x25,x22,x5	 x22:0xaaa84e4e  x5:0x80041024 x25=0xaaac5e6e
     249375.000 ns	     24936	80005110	a16ca353	feq.s	x6,f25,f22	 f25:0x00000000 f22:0x4f4928d0  x6=0x00000000
     249425.000 ns	     24941	80005114	004a3fd3	fadd.s	f31,f20,f4	 f20:0x80000000  f4:0xd9acf133 f31=0xd9acf133
     249465.000 ns	     24945	80005118	119e9053	fmul.s	f0,f29,f25	 f29:0x00000000 f25:0x00000000  f0=0x00000000
     249495.000 ns	     24948	8000511c	d007f3d3	fcvt.s.w	f7,x15	 x15:0x00000001  f7=0x3f800000
     249525.000 ns	     24951	80005120	e00b83d3	fmv.x.w	x7,f23	 f23:0x00000001  x7=0x00000001
     249545.000 ns	     24953	80005124	7d00ef13	ori	x30,x1,2000	  x1:0x00000001 x30=0x000007d1
     249555.000 ns	     24954	80005128	400658b3	sra	x17,x12,x0	 x12:0x00000001  x0:0x00000000 x17=0x00000001
     249565.000 ns	     24955	8000512c	f6456e13	ori	x28,x10,-156	 x10:0x00000000 x28=0xffffff64
     249585.000 ns	     24957	80005130	c00c7bd3	fcvt.w.s	x23,f24	 f24:0x80000001 x23=0x00000000
     249605.000 ns	     24959	80005134	00b18933	add	x18,x3,x11	  x3:0x00000001 x11:0x80041024 x18=0x80041025
     249615.000 ns	     24960	80005138	0001d533	srl	x10,x3,x0	  x3:0x00000001  x0:0x00000000 x10=0x00000001
     249625.000 ns	     24961	8000513c	40aad993	srai	x19,x21,0xa	 x21:0xffffffd9 x19=0xffffffff
     249645.000 ns	     24963	80005140	293010d3	fmax.s	f1,f0,f19	  f0:0x00000000 f19:0xaaa84e4e  f1=0x00000000
     249665.000 ns	     24965	80005144	399ec413	xori	x8,x29,921	 x29:0x00000000  x8=0x00000399
     249675.000 ns	     24966	80005148	00eb63b3	or	x7,x22,x14	 x22:0xaaa84e4e x14:0x80040fe4  x7=0xaaac4fee
     249695.000 ns	     24968	8000514c	c012f7d3	fcvt.wu.s	x15,f5	  f5:0x0d595000 x15=0x00000000
     249725.000 ns	     24971	80005150	03bea433	mulhsu	x8,x29,x27	 x29:0x00000000 x27:0x00000000  x8=0x00000000
     250065.000 ns	     25005	80005154	1918ce53	fdiv.s	f28,f17,f17	 f17:0xcf000000 f17:0xcf000000 f28=0x3f000000
     250405.000 ns	     25039	80005158	18c97b53	fdiv.s	f22,f18,f12	 f18:0x59acf137 f12:0xcf1f0b4a f22=0xc9acf138
     250435.000 ns	     25042	8000515c	f0000653	fmv.w.x	f12,x0	  x0:0x00000000 f12=0x00000000
     250465.000 ns	     25045	80005160	210507d3	fsgnj.s	f15,f10,f16	 f10:0x4f1f0b4a f16:0xe92cf138 f15=0xcf1f0b4a
     250485.000 ns	     25047	80005164	015b4ab3	xor	x21,x22,x21	 x22:0xaaa84e4e x21:0xffffffd9 x21=0x5557b197
     250495.000 ns	     25048	80005168	9b81f413	andi	x8,x3,-1608	  x3:0x00000001  x8=0x00000000
     250505.000 ns	     25049	8000516c	4255b893	sltiu	x17,x11,1061	 x11:0x80041024 x17=0x00000000
     250865.000 ns	     25085	80005170	03eb5fb3	divu	x31,x22,x30	 x22:0xaaa84e4e x30:0x000007d1 x31=0x0015d54e
     250885.000 ns	     25087	80005174	00e339b3	sltu	x19,x6,x14	  x6:0x00000000 x14:0x80040fe4 x19=0x00000001
     250895.000 ns	     25088	80005178	ce45ad13	slti	x26,x11,-796	 x11:0x80041024 x26=0x00000001
     251255.000 ns	     25124	8000517c	03827033	remu	x0,x4,x24	  x4:0x00000000 x24:0x00000004
     251275.000 ns	     25126	80005180	c6d6e317	auipc	x6,0xc6d6e	  x6=0x46d73180
     251295.000 ns	     25128	80005184	028bb933	mulhu	x18,x23,x8	 x23:0x00000000  x8:0x00000000 x18=0x00000000
     251325.000 ns	     25131	80005188	d0041ed3	fcvt.s.w	f29,x8	  x8:0x00000000 f29=0x00000000
     251355.000 ns	     25134	8000518c	20c99853	fsgnjn.s	f16,f19,f12	 f19:0xaaa84e4e f12:0x00000000 f16=0xaaa84e4e
     251375.000 ns	     25136	80005190	3122fd93	andi	x27,x5,786	  x5:0x80041024 x27=0x00000000
     251385.000 ns	     25137	80005194	019769b3	or	x19,x14,x25	 x14:0x80040fe4 x25:0xaaac5e6e x19=0xaaac5fee
     251395.000 ns	     25138	80005198	00653c33	sltu	x24,x10,x6	 x10:0x00000001  x6:0x46d73180 x24=0x00000001
     251405.000 ns	     25139	8000519c	5cbc6093	ori	x1,x24,1483	 x24:0x00000004  x1=0x000005cb
     251425.000 ns	     25141	800051a0	03dc3bb3	mulhu	x23,x24,x29	 x24:0x00000004 x29:0x00000000 x23=0x00000000
     251445.000 ns	     25143	800051a4	001f1eb3	sll	x29,x30,x1	 x30:0x000007d1  x1:0x00000001 x29=0x003e8800
     251465.000 ns	     25145	800051a8	21cd0e53	fsgnj.s	f28,f26,f28	 f26:0xd9acf133 f28:0x3f000000 f28=0x59acf133
     251495.000 ns	     25148	800051ac	f0050fd3	fmv.w.x	f31,x10	 x10:0x00000001 f31=0x00000001
     251515.000 ns	     25150	800051b0	39555137	lui	x2,0x39555	  x2=0x39555000
     251525.000 ns	     25151	800051b4	013c0bb3	add	x23,x24,x19	 x24:0x00000001 x19:0xaaac5fee x23=0xaaac5fef
     251565.000 ns	     25155	800051b8	08453ad3	fsub.s	f21,f10,f4	 f10:0x4f1f0b4a  f4:0xd9acf133 f21=0x59acf138
     251595.000 ns	     25158	800051bc	a0cd1353	flt.s	x6,f26,f12	 f26:0xd9acf133 f12:0x00000000  x6=0x00000001
     251615.000 ns	     25160	800051c0	0a91ecb7	lui	x25,0xa91e	 x25=0x0a91e000
     251645.000 ns	     25163	800051c4	580a74d3	fsqrt.s	f9,f20	 f20:0x80000000  f9=0x80000000
     251665.000 ns	     25165	800051c8	011db533	sltu	x10,x27,x17	 x27:0x00000000 x17:0x00000000 x10=0x00000000
     251685.000 ns	     25167	800051cc	21b90653	fsgnj.s	f12,f18,f27	 f18:0x59acf137 f27:0x4c94c888 f12=0x59acf137
     251705.000 ns	     25169	800051d0	01b47933	and	x18,x8,x27	  x8:0x00000000 x27:0x00000000 x18=0x00000000
     251715.000 ns	     25170	800051d4	00687fb3	and	x31,x16,x6	 x16:0x00000000  x6:0x00000001 x31=0x00000000
     251725.000 ns	     25171	800051d8	0029c4b3	xor	x9,x19,x2	 x19:0xaaac5fee  x2:0x39555000  x9=0x93f90fee
     251745.000 ns	     25173	800051dc	c01871d3	fcvt.wu.s	x3,f16	 f16:0xaaa84e4e  x3=0x00000000
     252115.000 ns	     25210	800051e0	0215d0b3	divu	x1,x11,x1	 x11:0x80041024  x1:0x000005cb  x1=0x00161936
     252135.000 ns	     25212	800051e4	a7744693	xori	x13,x8,-1417	  x8:0x00000000 x13=0xfffffa77
     252155.000 ns	     25214	800051e8	d015b753	fcvt.s.wu	f14,x11	 x11:0x80041024 f14=0x4f000411
     252175.000 ns	     25216	800051ec	fe38b437	lui	x8,0xfe38b	  x8=0xfe38b000
     252195.000 ns	     25218	800051f0	e0021d53	fclass.s	x26,f4	  f4:0xd9acf133 x26=0x00000002
     252225.000 ns	     25221	800051f4	f00b8ed3	fmv.w.x	f29,x23	 x23:0xaaac5fef f29=0xaaac5fef
     252255.000 ns	     25224	800051f8	035384b3	mul	x9,x7,x21	  x7:0xaaac4fee x21:0x5557b197  x9=0xfec8b362
     252285.000 ns	     25227	800051fc	0299a033	mulhsu	x0,x19,x9	 x19:0xaaac5fee  x9:0x93f90fee
     252305.000 ns	     25229	80005200	01485193	srli	x3,x16,0x14	 x16:0x00000000  x3=0x00000000
     252325.000 ns	     25231	80005204	c01ef153	fcvt.wu.s	x2,f29	 f29:0xaaac5fef  x2=0x00000000
     252345.000 ns	     25233	80005208	00eedfb3	srl	x31,x29,x14	 x29:0x003e8800 x14:0x80040fe4 x31=0x0003e880
     252355.000 ns	     25234	8000520c	40de0233	sub	x4,x28,x13	 x28:0xffffff64 x13:0xfffffa77  x4=0x000004ed
     252365.000 ns	     25235	80005210	011d6bb3	or	x23,x26,x17	 x26:0x00000002 x17:0x00000000 x23=0x00000002
     252385.000 ns	     25237	80005214	21e89d53	fsgnjn.s	f26,f17,f30	 f17:0xcf000000 f30:0x80041024 f26=0x4f000000
     252755.000 ns	     25274	80005218	035a7933	remu	x18,x20,x21	 x20:0x80040fe4 x21:0x5557b197 x18=0x2aac5e4d
     252785.000 ns	     25277	8000521c	e0050253	fmv.x.w	x4,f10	 f10:0x4f1f0b4a  x4=0x4f1f0b4a
     252805.000 ns	     25279	80005220	41f1dcb3	sra	x25,x3,x31	  x3:0x00000000 x31:0x0003e880 x25=0x00000000
     252825.000 ns	     25281	80005224	e00c80d3	fmv.x.w	x1,f25	 f25:0x00000000  x1=0x00000000
     252845.000 ns	     25283	80005228	7eadc193	xori	x3,x27,2026	 x27:0x00000000  x3=0x000007ea
     252865.000 ns	     25285	8000522c	202e1453	fsgnjn.s	f8,f28,f2	 f28:0x59acf133  f2:0x80000001  f8=0x59acf133
     252885.000 ns	     25287	80005230	01f58fb3	add	x31,x11,x31	 x11:0x80041024 x31:0x0003e880 x31=0x8007f8a4
     252895.000 ns	     25288	80005234	35c3b513	sltiu	x10,x7,860	  x7:0xaaac4fee x10=0x00000000
     252905.000 ns	     25289	80005238	01e65493	srli	x9,x12,0x1e	 x12:0x00000001  x9=0x00000000
     253235.000 ns	     25322	8000523c	195dfcd3	fdiv.s	f25,f27,f21	 f27:0x4c94c888 f21:0x59acf138 f25=0x3214c888
     253255.000 ns	     25324	80005240	bd0e0a93	addi	x21,x28,-1072	 x28:0xffffff64 x21=0xfffffb34
     253265.000 ns	     25325	80005244	019121b3	slt	x3,x2,x25	  x2:0x00000000 x25:0x00000000  x3=0x00000000
     253275.000 ns	     25326	80005248	a09c4313	xori	x6,x24,-1527	 x24:0x00000001  x6=0xfffffa08
     253295.000 ns	     25328	8000524c	e0001653	fclass.s	x12,f0	  f0:0x00000000 x12=0x00000010
     253315.000 ns	     25330	80005250	01979fb3	sll	x31,x15,x25	 x15:0x00000000 x25:0x00000000 x31=0x00000000
     253335.000 ns	     25332	80005254	e00401d3	fmv.x.w	x3,f8	  f8:0x59acf133  x3=0x59acf133
     253355.000 ns	     25334	80005258	406483b3	sub	x7,x9,x6	  x9:0x00000000  x6:0xfffffa08  x7=0x000005f8
     253375.000 ns	     25336	8000525c	d00ef753	fcvt.s.w	f14,x29	 x29:0x003e8800 f14=0x4a7a2000
     253395.000 ns	     25338	80005260	012a7433	and	x8,x20,x18	 x20:0x80040fe4 x18:0x2aac5e4d  x8=0x00040e44
     253405.000 ns	     25339	80005264	910a6593	ori	x11,x20,-1776	 x20:0x80040fe4 x11=0xfffffff4
     253425.000 ns	     25341	80005268	20de9453	fsgnjn.s	f8,f29,f13	 f29:0xaaac5fef f13:0x00000000  f8=0xaaac5fef
     253445.000 ns	     25343	8000526c	40c9d793	srai	x15,x19,0xc	 x19:0xaaac5fee x15=0xfffaaac5
     253455.000 ns	     25344	80005270	1a6eb197	auipc	x3,0x1a6eb	  x3=0x9a6f0270
     253475.000 ns	     25346	80005274	21e18bd3	fsgnj.s	f23,f3,f30	  f3:0x59acf137 f30:0x80041024 f23=0xd9acf137
     253495.000 ns	     25348	80005278	01f1c9b3	xor	x19,x3,x31	  x3:0x59acf133 x31:0x00000000 x19=0x9a6f0270
     253855.000 ns	     25384	8000527c	038e6333	rem	x6,x28,x24	 x28:0xffffff64 x24:0x00000001  x6=0x00000000
     253875.000 ns	     25386	80005280	39b5c013	xori	x0,x11,923	 x11:0xfffffff4
     253895.000 ns	     25388	80005284	a0212dd3	feq.s	x27,f2,f2	  f2:0x80000001  f2:0x80000001 x27=0x00000001
     253935.000 ns	     25392	80005288	58079ad3	fsqrt.s	f21,f15	 f15:0xcf1f0b4a f21=0x7fc00000
     253965.000 ns	     25395	8000528c	a12e8dd3	fle.s	x27,f29,f18	 f29:0xaaac5fef f18:0x59acf137 x27=0x00000001
     253985.000 ns	     25397	80005290	2db01217	auipc	x4,0x2db01	  x4=0xadb06290
     253995.000 ns	     25398	80005294	004b6fb3	or	x31,x22,x4	 x22:0xaaa84e4e  x4:0x4f1f0b4a x31=0xafb86ede
     254005.000 ns	     25399	80005298	00009f13	slli	x30,x1,0x0	  x1:0x00000000 x30=0x00000000
     254015.000 ns	     25400	8000529c	43dcad93	slti	x27,x25,1085	 x25:0x00000000 x27=0x00000001
     254025.000 ns	     25401	800052a0	00e38e33	add	x28,x7,x14	  x7:0x000005f8 x14:0x80040fe4 x28=0x800415dc
     254045.000 ns	     25403	800052a4	a1bf98d3	flt.s	x17,f31,f27	 f31:0x00000001 f27:0x4c94c888 x17=0x00000001
     254075.000 ns	     25406	800052a8	02843333	mulhu	x6,x8,x8	  x8:0x00040e44  x8:0x00040e44  x6=0x00000010
     254105.000 ns	     25409	800052ac	0240a933	mulhsu	x18,x1,x4	  x1:0x00000000  x4:0xadb06290 x18=0x00000000
     254475.000 ns	     25446	800052b0	02e7df33	divu	x30,x15,x14	 x15:0xfffaaac5 x14:0x80040fe4 x30=0x00000001
     254495.000 ns	     25448	800052b4	01d25d93	srli	x27,x4,0x1d	  x4:0xadb06290 x27=0x00000005
     254515.000 ns	     25450	800052b8	209122d3	fsgnjx.s	f5,f2,f9	  f2:0x80000001  f9:0x80000000  f5=0x00000001
     254535.000 ns	     25452	800052bc	00c5f5b3	and	x11,x11,x12	 x11:0xfffffff4 x12:0x00000010 x11=0x00000010
     254555.000 ns	     25454	800052c0	29810e53	fmin.s	f28,f2,f24	  f2:0x80000001 f24:0x80000001 f28=0x80000001
     254925.000 ns	     25491	800052c4	03326e33	rem	x28,x4,x19	  x4:0xadb06290 x19:0x9a6f0270 x28=0xadb06290
     254945.000 ns	     25493	800052c8	00d7e633	or	x12,x15,x13	 x15:0xfffaaac5 x13:0xfffffa77 x12=0xfffffaf7
     254965.000 ns	     25495	800052cc	02f1b633	mulhu	x12,x3,x15	  x3:0x9a6f0270 x15:0xfffaaac5 x12=0x9a6bcada
     254985.000 ns	     25497	800052d0	e0ecbc13	sltiu	x24,x25,-498	 x25:0x00000000 x24=0x00000001
     254995.000 ns	     25498	800052d4	01e91033	sll	x0,x18,x30	 x18:0x00000000 x30:0x00000001
     255015.000 ns	     25500	800052d8	e0020553	fmv.x.w	x10,f4	  f4:0xd9acf133 x10=0xd9acf133
     255385.000 ns	     25537	800052dc	025bd333	divu	x6,x23,x5	 x23:0x00000002  x5:0x80041024  x6=0x00000000
     255405.000 ns	     25539	800052e0	00141213	slli	x4,x8,0x1	  x8:0x00040e44  x4=0x00081c88
     255415.000 ns	     25540	800052e4	01614633	xor	x12,x2,x22	  x2:0x00000000 x22:0xaaa84e4e x12=0xaaa84e4e
     255775.000 ns	     25576	800052e8	03c55533	divu	x10,x10,x28	 x10:0xd9acf133 x28:0xadb06290 x10=0x00000001
     255795.000 ns	     25578	800052ec	b9ca1917	auipc	x18,0xb9ca1	 x18=0x39ca62ec
     255815.000 ns	     25580	800052f0	c0197253	fcvt.wu.s	x4,f18	 f18:0x59acf137  x4=0xffffffff
     255835.000 ns	     25582	800052f4	723f7a97	auipc	x21,0x723f7	 x21=0xf23fc2f4
     255855.000 ns	     25584	800052f8	e00d8dd3	fmv.x.w	x27,f27	 f27:0x4c94c888 x27=0x4c94c888
     255875.000 ns	     25586	800052fc	01fe97b3	sll	x15,x29,x31	 x29:0x003e8800 x31:0xafb86ede x15=0x00000000
     255885.000 ns	     25587	80005300	0038bd33	sltu	x26,x17,x3	 x17:0x00000001  x3:0x9a6f0270 x26=0x00000001
     256245.000 ns	     25623	80005304	03f26bb3	rem	x23,x4,x31	  x4:0xffffffff x31:0xafb86ede x23=0xffffffff
     256615.000 ns	     25660	80005308	034949b3	div	x19,x18,x20	 x18:0x39ca62ec x20:0x80040fe4 x19=0x00000000
     256645.000 ns	     25663	8000530c	02a9a9b3	mulhsu	x19,x19,x10	 x19:0x9a6f0270 x10:0x00000001 x19=0x00000000
     256675.000 ns	     25666	80005310	f0010053	fmv.w.x	f0,x2	  x2:0x00000000  f0=0x00000000
     256695.000 ns	     25668	80005314	005cd433	srl	x8,x25,x5	 x25:0x00000000  x5:0x80041024  x8=0x00000000
     256705.000 ns	     25669	80005318	40d289b3	sub	x19,x5,x13	  x5:0x80041024 x13:0xfffffa77 x19=0x800415ad
     256715.000 ns	     25670	8000531c	aa85f793	andi	x15,x11,-1368	 x11:0x00000010 x15=0x00000000
     256725.000 ns	     25671	80005320	0118d833	srl	x16,x17,x17	 x17:0x00000001 x17:0x00000001 x16=0x00000000
     256745.000 ns	     25673	80005324	d003f853	fcvt.s.w	f16,x7	  x7:0x000005f8 f16=0x44bf0000
     256765.000 ns	     25675	80005328	0142ed33	or	x26,x5,x20	  x5:0x80041024 x20:0x80040fe4 x26=0x80041fe4
     256775.000 ns	     25676	8000532c	01459c13	slli	x24,x11,0x14	 x11:0x00000010 x24=0x01000000
     256785.000 ns	     25677	80005330	2ec10637	lui	x12,0x2ec10	 x12=0x2ec10000
     256795.000 ns	     25678	80005334	82e50993	addi	x19,x10,-2002	 x10:0x00000001 x19=0xfffff82f
     256815.000 ns	     25680	80005338	207718d3	fsgnjn.s	f17,f14,f7	 f14:0x4a7a2000  f7:0x3f800000 f17=0xca7a2000
     256845.000 ns	     25683	8000533c	e0059353	fclass.s	x6,f11	 f11:0x73e9aa00  x6=0x00000040
     256865.000 ns	     25685	80005340	01976933	or	x18,x14,x25	 x14:0x80040fe4 x25:0x00000000 x18=0x80040fe4
     256885.000 ns	     25687	80005344	203c1653	fsgnjn.s	f12,f24,f3	 f24:0x80000001  f3:0x59acf137 f12=0x80000001
     257255.000 ns	     25724	80005348	02c34f33	div	x30,x6,x12	  x6:0x00000040 x12:0x2ec10000 x30=0x00000000
     257285.000 ns	     25727	8000534c	e0070653	fmv.x.w	x12,f14	 f14:0x4a7a2000 x12=0x4a7a2000
     257305.000 ns	     25729	80005350	00cfbfb3	sltu	x31,x31,x12	 x31:0xafb86ede x12:0x2ec10000 x31=0x00000000
     257325.000 ns	     25731	80005354	a0542f53	feq.s	x30,f8,f5	  f8:0xaaac5fef  f5:0x00000001 x30=0x00000000
     257355.000 ns	     25734	80005358	c00bcc53	fcvt.w.s	x24,f23	 f23:0xd9acf137 x24=0x80000000
     257375.000 ns	     25736	8000535c	6a1b7a13	andi	x20,x22,1697	 x22:0xaaa84e4e x20=0x00000600
     257385.000 ns	     25737	80005360	83d33997	auipc	x19,0x83d33	 x19=0x03d38360
     257745.000 ns	     25773	80005364	0376fe33	remu	x28,x13,x23	 x13:0xfffffa77 x23:0xffffffff x28=0xfffffa77
     257765.000 ns	     25775	80005368	e7d58c93	addi	x25,x11,-387	 x11:0x00000010 x25=0xfffffe8d
     257775.000 ns	     25776	8000536c	406d8cb3	sub	x25,x27,x6	 x27:0x4c94c888  x6:0x00000040 x25=0x4c94c848
     257795.000 ns	     25778	80005370	03573833	mulhu	x16,x14,x21	 x14:0x80040fe4 x21:0xf23fc2f4 x16=0x7923b982
     257815.000 ns	     25780	80005374	d1fa6f13	ori	x30,x20,-737	 x20:0x00000600 x30=0xffffff1f
     257835.000 ns	     25782	80005378	21fb1753	fsgnjn.s	f14,f22,f31	 f22:0xc9acf138 f31:0x00000001 f14=0xc9acf138
     257855.000 ns	     25784	8000537c	406fd593	srai	x11,x31,0x6	 x31:0x00000000 x11=0x00000000
     257895.000 ns	     25788	80005380	0062aa53	fadd.s	f20,f5,f6	  f5:0x00000001  f6:0x8d595000 f20=0x8d595000
     257945.000 ns	     25793	80005384	089f75d3	fsub.s	f11,f30,f9	 f30:0x80041024  f9:0x80000000 f11=0x80041024
     257975.000 ns	     25796	80005388	20029353	fsgnjn.s	f6,f5,f0	  f5:0x00000001  f0:0x00000000  f6=0x80000001
     258005.000 ns	     25799	8000538c	20729dd3	fsgnjn.s	f27,f5,f7	  f5:0x00000001  f7:0x3f800000 f27=0x80000001
     258035.000 ns	     25802	80005390	20b38353	fsgnj.s	f6,f7,f11	  f7:0x3f800000 f11:0x80041024  f6=0xbf800000
     258055.000 ns	     25804	80005394	c7bc4113	xori	x2,x24,-901	 x24:0x80000000  x2=0x7ffffc7b
     258075.000 ns	     25806	80005398	02fbc0b3	div	x1,x23,x15	 x23:0xffffffff x15:0x00000000  x1=0xffffffff
     258105.000 ns	     25809	8000539c	2146af53	fsgnjx.s	f30,f13,f20	 f13:0x00000000 f20:0x8d595000 f30=0x80000000
     258125.000 ns	     25811	800053a0	00000013	addi	x0,x0,0	  x0:0x00000000
     258165.000 ns	     25815	800053a4	01ed12d3	fadd.s	f5,f26,f30	 f26:0x4f000000 f30:0x80000000  f5=0x4f000000
     258205.000 ns	     25819	800053a8	11aa7753	fmul.s	f14,f20,f26	 f20:0x8d595000 f26:0x4f000000 f14=0x9cd95000
     258235.000 ns	     25822	800053ac	292e1253	fmax.s	f4,f28,f18	 f28:0x80000001 f18:0x59acf137  f4=0x59acf137
     258255.000 ns	     25824	800053b0	009f89b3	add	x19,x31,x9	 x31:0x00000000  x9:0x00000000 x19=0x00000000
     258265.000 ns	     25825	800053b4	6a4b4613	xori	x12,x22,1700	 x22:0xaaa84e4e x12=0xaaa848ea
     258285.000 ns	     25827	800053b8	021dbdb3	mulhu	x27,x27,x1	 x27:0x4c94c888  x1:0xffffffff x27=0x4c94c887
     258305.000 ns	     25829	800053bc	00958fb3	add	x31,x11,x9	 x11:0x00000000  x9:0x00000000 x31=0x00000000
     258315.000 ns	     25830	800053c0	0046ddb3	srl	x27,x13,x4	 x13:0xfffffa77  x4:0xffffffff x27=0x00000001
     258325.000 ns	     25831	800053c4	001224b3	slt	x9,x4,x1	  x4:0xffffffff  x1:0xffffffff  x9=0x00000000
     258335.000 ns	     25832	800053c8	01086633	or	x12,x16,x16	 x16:0x7923b982 x16:0x7923b982 x12=0x7923b982
     258345.000 ns	     25833	800053cc	09cfe113	ori	x2,x31,156	 x31:0x00000000  x2=0x0000009c
     258355.000 ns	     25834	800053d0	0136ce33	xor	x28,x13,x19	 x13:0xfffffa77 x19:0x00000000 x28=0xfffffa77
     258365.000 ns	     25835	800053d4	010c9533	sll	x10,x25,x16	 x25:0x4c94c848 x16:0x7923b982 x10=0x32532120
     258375.000 ns	     25836	800053d8	79c53e37	lui	x28,0x79c53	 x28=0x79c53000
     258385.000 ns	     25837	800053dc	411ed913	srai	x18,x29,0x11	 x29:0x003e8800 x18=0x0000001f
     258395.000 ns	     25838	800053e0	0105e333	or	x6,x11,x16	 x11:0x00000000 x16:0x7923b982  x6=0x7923b982
     258415.000 ns	     25840	800053e4	f00d0dd3	fmv.w.x	f27,x26	 x26:0x80041fe4 f27=0x80041fe4
     258435.000 ns	     25842	800053e8	0111b833	sltu	x16,x3,x17	  x3:0x9a6f0270 x17:0x00000001 x16=0x00000000
     258455.000 ns	     25844	800053ec	03384fb3	div	x31,x16,x19	 x16:0x7923b982 x19:0x00000000 x31=0xffffffff
     258485.000 ns	     25847	800053f0	a03e99d3	flt.s	x19,f29,f3	 f29:0xaaac5fef  f3:0x59acf137 x19=0x00000001
     258505.000 ns	     25849	800053f4	e25ce313	ori	x6,x25,-475	 x25:0x4c94c848  x6=0xfffffe6d
     258515.000 ns	     25850	800053f8	41445d93	srai	x27,x8,0x14	  x8:0x00000000 x27=0x00000000
     258525.000 ns	     25851	800053fc	01af3633	sltu	x12,x30,x26	 x30:0xffffff1f x26:0x80041fe4 x12=0x00000000
     258545.000 ns	     25853	80005400	20909dd3	fsgnjn.s	f27,f1,f9	  f1:0x00000000  f9:0x80000000 f27=0x00000000
     258575.000 ns	     25856	80005404	02eabeb3	mulhu	x29,x21,x14	 x21:0xf23fc2f4 x14:0x80040fe4 x29=0x7923b982
     258605.000 ns	     25859	80005408	a10c8ed3	fle.s	x29,f25,f16	 f25:0x3214c888 f16:0x44bf0000 x29=0x00000001
     258975.000 ns	     25896	8000540c	022fecb3	rem	x25,x31,x2	 x31:0xffffffff  x2:0x0000009c x25=0xffffffff
     259005.000 ns	     25899	80005410	e00e0ed3	fmv.x.w	x29,f28	 f28:0x80000001 x29=0x80000001
     259035.000 ns	     25902	80005414	20098a53	fsgnj.s	f20,f19,f0	 f19:0xaaa84e4e  f0:0x00000000 f20=0x2aa84e4e
     259405.000 ns	     25939	80005418	034b61b3	rem	x3,x22,x20	 x22:0xaaa84e4e x20:0x00000600  x3=0xfffffe4e
     259425.000 ns	     25941	8000541c	85094d93	xori	x27,x18,-1968	 x18:0x0000001f x27=0xfffff84f
     259435.000 ns	     25942	80005420	002e71b3	and	x3,x28,x2	 x28:0x79c53000  x2:0x0000009c  x3=0x00000000
     259445.000 ns	     25943	80005424	2864ad93	slti	x27,x9,646	  x9:0x00000000 x27=0x00000001
     259465.000 ns	     25945	80005428	a06783d3	fle.s	x7,f15,f6	 f15:0xcf1f0b4a  f6:0xbf800000  x7=0x00000001
     259495.000 ns	     25948	8000542c	c0130d53	fcvt.wu.s	x26,f6	  f6:0xbf800000 x26=0x00000001
     259525.000 ns	     25951	80005430	a19a16d3	flt.s	x13,f20,f25	 f20:0x2aa84e4e f25:0x3214c888 x13=0x00000001
     259545.000 ns	     25953	80005434	41085a13	srai	x20,x16,0x10	 x16:0x00000000 x20=0x00000000
     259565.000 ns	     25955	80005438	02790db3	mul	x27,x18,x7	 x18:0x0000001f  x7:0x00000001 x27=0x0000001f
     259595.000 ns	     25958	8000543c	024ebdb3	mulhu	x27,x29,x4	 x29:0x80000001  x4:0xffffffff x27=0x80000000
     259625.000 ns	     25961	80005440	292797d3	fmax.s	f15,f15,f18	 f15:0xcf1f0b4a f18:0x59acf137 f15=0x59acf137
     259655.000 ns	     25964	80005444	f00886d3	fmv.w.x	f13,x17	 x17:0x00000001 f13=0x00000001
     259675.000 ns	     25966	80005448	009f96b3	sll	x13,x31,x9	 x31:0xffffffff  x9:0x00000000 x13=0xffffffff
     259685.000 ns	     25967	8000544c	e19b2137	lui	x2,0xe19b2	  x2=0xe19b2000
     259695.000 ns	     25968	80005450	0121e033	or	x0,x3,x18	  x3:0x00000000 x18:0x0000001f
     259715.000 ns	     25970	80005454	f00105d3	fmv.w.x	f11,x2	  x2:0x0000009c f11=0xe19b2000
     259735.000 ns	     25972	80005458	4c6ce313	ori	x6,x25,1222	 x25:0xffffffff  x6=0xffffffff
     259755.000 ns	     25974	8000545c	f00e02d3	fmv.w.x	f5,x28	 x28:0x79c53000  f5=0x79c53000
     259785.000 ns	     25977	80005460	a1ca2553	feq.s	x10,f20,f28	 f20:0x2aa84e4e f28:0x80000001 x10=0x00000000
     259835.000 ns	     25982	80005464	01377153	fadd.s	f2,f14,f19	 f14:0x9cd95000 f19:0xaaa84e4e  f2=0xaaa84e4e
     260205.000 ns	     26019	80005468	031fe9b3	rem	x19,x31,x17	 x31:0xffffffff x17:0x00000001 x19=0x00000000
     260235.000 ns	     26022	8000546c	02c8c4b3	div	x9,x17,x12	 x17:0x00000001 x12:0x00000000  x9=0xffffffff
     260255.000 ns	     26024	80005470	019a81b3	add	x3,x21,x25	 x21:0xf23fc2f4 x25:0xffffffff  x3=0xf23fc2f3
     260265.000 ns	     26025	80005474	01d99b93	slli	x23,x19,0x1d	 x19:0x00000000 x23=0x00000000
     260275.000 ns	     26026	80005478	64722093	slti	x1,x4,1607	  x4:0xffffffff  x1=0x00000001
     260295.000 ns	     26028	8000547c	c0142553	fcvt.wu.s	x10,f8	  f8:0xaaac5fef x10=0x00000000
     260315.000 ns	     26030	80005480	00bc1233	sll	x4,x24,x11	 x24:0x80000000 x11:0x00000000  x4=0x80000000
     260325.000 ns	     26031	80005484	2161a613	slti	x12,x3,534	  x3:0xf23fc2f3 x12=0x00000001
     260335.000 ns	     26032	80005488	00688cb3	add	x25,x17,x6	 x17:0x00000001  x6:0xffffffff x25=0x00000000
     260665.000 ns	     26065	8000548c	186a0853	fdiv.s	f16,f20,f6	 f20:0x2aa84e4e  f6:0xbf800000 f16=0xaa2e0d7e
     260695.000 ns	     26068	80005490	e0049053	fclass.s	x0,f9	  f9:0x80000000
     260725.000 ns	     26071	80005494	02572933	mulhsu	x18,x14,x5	 x14:0x80040fe4  x5:0x80041024 x18=0xbffffff0
     261095.000 ns	     26108	80005498	02dcd4b3	divu	x9,x25,x13	 x25:0x00000000 x13:0xffffffff  x9=0x00000000
     261125.000 ns	     26111	8000549c	0354a6b3	mulhsu	x13,x9,x21	  x9:0xffffffff x21:0xf23fc2f4 x13=0x00000000
     261145.000 ns	     26113	800054a0	00d6c8b3	xor	x17,x13,x13	 x13:0xffffffff x13:0xffffffff x17=0x00000000
     261165.000 ns	     26115	800054a4	f0038053	fmv.w.x	f0,x7	  x7:0x00000001  f0=0x00000001
     261195.000 ns	     26118	800054a8	03f61fb3	mulh	x31,x12,x31	 x12:0x00000001 x31:0xffffffff x31=0xffffffff
     261225.000 ns	     26121	800054ac	c0017453	fcvt.w.s	x8,f2	  f2:0xaaa84e4e  x8=0x00000000
     261255.000 ns	     26124	800054b0	201d1a53	fsgnjn.s	f20,f26,f1	 f26:0x4f000000  f1:0x00000000 f20=0xcf000000
     261295.000 ns	     26128	800054b4	10554453	fmul.s	f8,f10,f5	 f10:0x4f1f0b4a  f5:0x79c53000  f8=0x7f800000
     261325.000 ns	     26131	800054b8	026935b3	mulhu	x11,x18,x6	 x18:0xbffffff0  x6:0xffffffff x11=0xbfffffef
     261345.000 ns	     26133	800054bc	01808133	add	x2,x1,x24	  x1:0x00000001 x24:0x80000000  x2=0x80000001
     261365.000 ns	     26135	800054c0	03ac1fb3	mulh	x31,x24,x26	 x24:0x80000000 x26:0x00000001 x31=0xffffffff
     261395.000 ns	     26138	800054c4	0378e5b3	rem	x11,x17,x23	 x17:0x00000000 x23:0x00000000 x11=0x00000000
     261425.000 ns	     26141	800054c8	a08585d3	fle.s	x11,f11,f8	 f11:0xe19b2000  f8:0x7f800000 x11=0x00000001
     261445.000 ns	     26143	800054cc	6ac47f13	andi	x30,x8,1708	  x8:0x00000000 x30=0x00000000
     261465.000 ns	     26145	800054d0	e00886d3	fmv.x.w	x13,f17	 f17:0xca7a2000 x13=0xca7a2000
     261495.000 ns	     26148	800054d4	039778b3	remu	x17,x14,x25	 x14:0x80040fe4 x25:0x00000000 x17=0x80040fe4
     261515.000 ns	     26150	800054d8	565cec97	auipc	x25,0x565ce	 x25=0xd65d34d8
     261545.000 ns	     26153	800054dc	580472d3	fsqrt.s	f5,f8	  f8:0x7f800000  f5=0x7f800000
     261575.000 ns	     26156	800054e0	a090ae53	feq.s	x28,f1,f9	  f1:0x00000000  f9:0x80000000 x28=0x00000001
     261605.000 ns	     26159	800054e4	d00d77d3	fcvt.s.w	f15,x26	 x26:0x00000001 f15=0x3f800000
     261625.000 ns	     26161	800054e8	01c373b3	and	x7,x6,x28	  x6:0xffffffff x28:0x00000001  x7=0x00000001
     261645.000 ns	     26163	800054ec	f0018153	fmv.w.x	f2,x3	  x3:0xf23fc2f3  f2=0xf23fc2f3
     261675.000 ns	     26166	800054f0	a157a153	feq.s	x2,f15,f21	 f15:0x3f800000 f21:0x7fc00000  x2=0x00000000
     261705.000 ns	     26169	800054f4	02892e33	mulhsu	x28,x18,x8	 x18:0xbffffff0  x8:0x00000000 x28=0x00000000
     261735.000 ns	     26172	800054f8	20539d53	fsgnjn.s	f26,f7,f5	  f7:0x3f800000  f5:0x7f800000 f26=0xbf800000
     261755.000 ns	     26174	800054fc	b7c7c513	xori	x10,x15,-1156	 x15:0x00000000 x10=0xfffffb7c
     261775.000 ns	     26176	80005500	03e12c33	mulhsu	x24,x2,x30	  x2:0x00000000 x30:0x00000000 x24=0x00000000
     261795.000 ns	     26178	80005504	531bf693	andi	x13,x23,1329	 x23:0x00000000 x13=0x00000000
     261805.000 ns	     26179	80005508	00000013	addi	x0,x0,0	  x0:0x00000000
     261825.000 ns	     26181	8000550c	03328a33	mul	x20,x5,x19	  x5:0x80041024 x19:0x00000000 x20=0x00000000
     261855.000 ns	     26184	80005510	c0088553	fcvt.w.s	x10,f17	 f17:0xca7a2000 x10=0xffc17800
     261905.000 ns	     26189	80005514	002a9dd3	fadd.s	f27,f21,f2	 f21:0x7fc00000  f2:0xf23fc2f3 f27=0x7fc00000
     262275.000 ns	     26226	80005518	021064b3	rem	x9,x0,x1	  x0:0x00000000  x1:0x00000001  x9=0x00000000
     262315.000 ns	     26230	8000551c	10e1c9d3	fmul.s	f19,f3,f14	  f3:0x59acf137 f14:0x9cd95000 f19=0xb712ce83
     262345.000 ns	     26233	80005520	f0058bd3	fmv.w.x	f23,x11	 x11:0x00000001 f23=0x00000001
     262365.000 ns	     26235	80005524	1714e093	ori	x1,x9,369	  x9:0x00000000  x1=0x00000171
     262375.000 ns	     26236	80005528	01094633	xor	x12,x18,x16	 x18:0xbffffff0 x16:0x00000000 x12=0xbffffff0
     262395.000 ns	     26238	8000552c	f0018ed3	fmv.w.x	f29,x3	  x3:0xf23fc2f3 f29=0xf23fc2f3
     262415.000 ns	     26240	80005530	01f6b533	sltu	x10,x13,x31	 x13:0x00000000 x31:0xffffffff x10=0x00000001
     262435.000 ns	     26242	80005534	d0107d53	fcvt.s.wu	f26,x0	  x0:0x00000000 f26=0x00000000
     262455.000 ns	     26244	80005538	00e0c933	xor	x18,x1,x14	  x1:0x00000171 x14:0x80040fe4 x18=0x80040e95
     262475.000 ns	     26246	8000553c	a01b2653	feq.s	x12,f22,f1	 f22:0xc9acf138  f1:0x00000000 x12=0x00000000
     262505.000 ns	     26249	80005540	a17b93d3	flt.s	x7,f23,f23	 f23:0x00000001 f23:0x00000001  x7=0x00000000
     262535.000 ns	     26252	80005544	02498a33	mul	x20,x19,x4	 x19:0x00000000  x4:0x80000000 x20=0x00000000
     262555.000 ns	     26254	80005548	00223433	sltu	x8,x4,x2	  x4:0x80000000  x2:0x00000000  x8=0x00000000
     262575.000 ns	     26256	8000554c	a1b9a7d3	feq.s	x15,f19,f27	 f19:0xb712ce83 f27:0x7fc00000 x15=0x00000000
     262595.000 ns	     26258	80005550	8f147793	andi	x15,x8,-1807	  x8:0x00000000 x15=0x00000000
     262605.000 ns	     26259	80005554	00034933	xor	x18,x6,x0	  x6:0xffffffff  x0:0x00000000 x18=0xffffffff
     262625.000 ns	     26261	80005558	029f5d33	divu	x26,x30,x9	 x30:0x00000000  x9:0x00000000 x26=0xffffffff
     262645.000 ns	     26263	8000555c	306ffd93	andi	x27,x31,774	 x31:0xffffffff x27=0x00000306
     262665.000 ns	     26265	80005560	c0032353	fcvt.w.s	x6,f6	  f6:0xbf800000  x6=0xffffffff
     262685.000 ns	     26267	80005564	35071997	auipc	x19,0x35071	 x19=0xb5076564
     262705.000 ns	     26269	80005568	28c88cd3	fmin.s	f25,f17,f12	 f17:0xca7a2000 f12:0x80000001 f25=0xca7a2000
     262725.000 ns	     26271	8000556c	97234e13	xori	x28,x6,-1678	  x6:0xffffffff x28=0x0000068d
     263085.000 ns	     26307	80005570	033ded33	rem	x26,x27,x19	 x27:0x00000306 x19:0xb5076564 x26=0x00000306
     263105.000 ns	     26309	80005574	c7af3693	sltiu	x13,x30,-902	 x30:0x00000000 x13=0x00000001
     263115.000 ns	     26310	80005578	00a08ab3	add	x21,x1,x10	  x1:0x00000171 x10:0x00000001 x21=0x00000172
     263125.000 ns	     26311	8000557c	01af1d13	slli	x26,x30,0x1a	 x30:0x00000000 x26=0x00000000
     263145.000 ns	     26313	80005580	030bf933	remu	x18,x23,x16	 x23:0x00000000 x16:0x00000000 x18=0x00000000
     263175.000 ns	     26316	80005584	026e03b3	mul	x7,x28,x6	 x28:0x0000068d  x6:0xffffffff  x7=0xfffff973
     263195.000 ns	     26318	80005588	28b84793	xori	x15,x16,651	 x16:0x00000000 x15=0x0000028b
     263205.000 ns	     26319	8000558c	011c8db3	add	x27,x25,x17	 x25:0xd65d34d8 x17:0x80040fe4 x27=0x566144bc
     263225.000 ns	     26321	80005590	29591653	fmax.s	f12,f18,f21	 f18:0x59acf137 f21:0x7fc00000 f12=0x59acf137
     263245.000 ns	     26323	80005594	bbe3ee97	auipc	x29,0xbbe3e	 x29=0x3be43594
     263255.000 ns	     26324	80005598	0028dd13	srli	x26,x17,0x2	 x17:0x80040fe4 x26=0x200103f9
     263275.000 ns	     26326	8000559c	a16e0d53	fle.s	x26,f28,f22	 f28:0x80000001 f22:0xc9acf138 x26=0x00000000
     263305.000 ns	     26329	800055a0	21c61253	fsgnjn.s	f4,f12,f28	 f12:0x59acf137 f28:0x80000001  f4=0x59acf137
     263335.000 ns	     26332	800055a4	20b42ed3	fsgnjx.s	f29,f8,f11	  f8:0x7f800000 f11:0xe19b2000 f29=0xff800000
     263365.000 ns	     26335	800055a8	02543cb3	mulhu	x25,x8,x5	  x8:0x00000000  x5:0x80041024 x25=0x00000000
     263385.000 ns	     26337	800055ac	2e5dbd93	sltiu	x27,x27,741	 x27:0x566144bc x27=0x00000000
     263405.000 ns	     26339	800055b0	a0cb17d3	flt.s	x15,f22,f12	 f22:0xc9acf138 f12:0x59acf137 x15=0x00000001
     263425.000 ns	     26341	800055b4	41ef83b3	sub	x7,x31,x30	 x31:0xffffffff x30:0x00000000  x7=0xffffffff
     263445.000 ns	     26343	800055b8	20089753	fsgnjn.s	f14,f17,f0	 f17:0xca7a2000  f0:0x00000001 f14=0xca7a2000
     263465.000 ns	     26345	800055bc	00059593	slli	x11,x11,0x0	 x11:0x00000001 x11=0x00000001
     263485.000 ns	     26347	800055c0	02b584b3	mul	x9,x11,x11	 x11:0x00000001 x11:0x00000001  x9=0x00000001
     263515.000 ns	     26350	800055c4	28bb85d3	fmin.s	f11,f23,f11	 f23:0x00000001 f11:0xe19b2000 f11=0xe19b2000
     263545.000 ns	     26353	800055c8	a19c8d53	fle.s	x26,f25,f25	 f25:0xca7a2000 f25:0xca7a2000 x26=0x00000001
     263915.000 ns	     26390	800055cc	02427fb3	remu	x31,x4,x4	  x4:0x80000000  x4:0x80000000 x31=0x00000000
     263935.000 ns	     26392	800055d0	18a57593	andi	x11,x10,394	 x10:0x00000001 x11=0x00000000
     263975.000 ns	     26396	800055d4	01dbffd3	fadd.s	f31,f23,f29	 f23:0x00000001 f29:0xff800000 f31=0xff800000
     264005.000 ns	     26399	800055d8	a0531e53	flt.s	x28,f6,f5	  f6:0xbf800000  f5:0x7f800000 x28=0x00000001
     264035.000 ns	     26402	800055dc	29180a53	fmin.s	f20,f16,f17	 f16:0xaa2e0d7e f17:0xca7a2000 f20=0xca7a2000
     264085.000 ns	     26407	800055e0	009af453	fadd.s	f8,f21,f9	 f21:0x7fc00000  f9:0x80000000  f8=0x7fc00000
     264115.000 ns	     26410	800055e4	d004cfd3	fcvt.s.w	f31,x9	  x9:0x00000001 f31=0x3f800000
     264135.000 ns	     26412	800055e8	00cf1913	slli	x18,x30,0xc	 x30:0x00000000 x18=0x00000000
     264145.000 ns	     26413	800055ec	7676e113	ori	x2,x13,1895	 x13:0x00000001  x2=0x00000767
     264155.000 ns	     26414	800055f0	0061bd33	sltu	x26,x3,x6	  x3:0xf23fc2f3  x6:0xffffffff x26=0x00000001
     264165.000 ns	     26415	800055f4	01019a93	slli	x21,x3,0x10	  x3:0xf23fc2f3 x21=0xc2f30000
     264185.000 ns	     26417	800055f8	c011cd53	fcvt.wu.s	x26,f3	  f3:0x59acf137 x26=0xffffffff
     264205.000 ns	     26419	800055fc	01e25533	srl	x10,x4,x30	  x4:0x80000000 x30:0x00000000 x10=0x80000000
     264225.000 ns	     26421	80005600	028cb9b3	mulhu	x19,x25,x8	 x25:0x00000000  x8:0x00000000 x19=0x00000000
     264245.000 ns	     26423	80005604	0078bdb3	sltu	x27,x17,x7	 x17:0x80040fe4  x7:0xffffffff x27=0x00000001
     264255.000 ns	     26424	80005608	40845213	srai	x4,x8,0x8	  x8:0x00000000  x4=0x00000000
     264275.000 ns	     26426	8000560c	209f0553	fsgnj.s	f10,f30,f9	 f30:0x80000000  f9:0x80000000 f10=0x80000000
     264295.000 ns	     26428	80005610	a21c6f13	ori	x30,x24,-1503	 x24:0x00000000 x30=0xfffffa21
     264315.000 ns	     26430	80005614	20b285d3	fsgnj.s	f11,f5,f11	  f5:0x7f800000 f11:0xe19b2000 f11=0xff800000
     264335.000 ns	     26432	80005618	00b73fb3	sltu	x31,x14,x11	 x14:0x80040fe4 x11:0x00000000 x31=0x00000000
     264345.000 ns	     26433	8000561c	403a5613	srai	x12,x20,0x3	 x20:0x00000000 x12=0x00000000
     264355.000 ns	     26434	80005620	c16f0093	addi	x1,x30,-1002	 x30:0xfffffa21  x1=0xfffff637
     264395.000 ns	     26438	80005624	0101f653	fadd.s	f12,f3,f16	  f3:0x59acf137 f16:0xaa2e0d7e f12=0x59acf137
     264415.000 ns	     26440	80005628	55e97c17	auipc	x24,0x55e97	 x24=0xd5e9c628
     264775.000 ns	     26476	8000562c	02ad4333	div	x6,x26,x10	 x26:0xffffffff x10:0x80000000  x6=0x00000000
     264795.000 ns	     26478	80005630	2ffc6513	ori	x10,x24,767	 x24:0x00000000 x10=0xd5e9c6ff
     264815.000 ns	     26480	80005634	d0197853	fcvt.s.wu	f16,x18	 x18:0x00000000 f16=0x00000000
     264835.000 ns	     26482	80005638	8bfa3d37	lui	x26,0x8bfa3	 x26=0x8bfa3000
     264855.000 ns	     26484	8000563c	03643db3	mulhu	x27,x8,x22	  x8:0x00000000 x22:0xaaa84e4e x27=0x00000000
     264875.000 ns	     26486	80005640	01bc67b3	or	x15,x24,x27	 x24:0xd5e9c628 x27:0x00000001 x15=0xd5e9c628
     264885.000 ns	     26487	80005644	01853fb3	sltu	x31,x10,x24	 x10:0xd5e9c6ff x24:0xd5e9c628 x31=0x00000000
     264915.000 ns	     26490	80005648	580e78d3	fsqrt.s	f17,f28	 f28:0x80000001 f17=0x7fc00000
     264935.000 ns	     26492	8000564c	00000013	addi	x0,x0,0	  x0:0x00000000
     264945.000 ns	     26493	80005650	01281913	slli	x18,x16,0x12	 x16:0x00000000 x18=0x00000000
     264955.000 ns	     26494	80005654	01f2d513	srli	x10,x5,0x1f	  x5:0x80041024 x10=0x00000001
     264965.000 ns	     26495	80005658	64406193	ori	x3,x0,1604	  x0:0x00000000  x3=0x00000644
     265325.000 ns	     26531	8000565c	031254b3	divu	x9,x4,x17	  x4:0x00000000 x17:0x80040fe4  x9=0x00000000
     265345.000 ns	     26533	80005660	e4469e37	lui	x28,0xe4469	 x28=0xe4469000
     265365.000 ns	     26535	80005664	d0023bd3	fcvt.s.w	f23,x4	  x4:0x00000000 f23=0x00000000
     265385.000 ns	     26537	80005668	2713a413	slti	x8,x7,625	  x7:0xffffffff  x8=0x00000001
     265405.000 ns	     26539	8000566c	e0050f53	fmv.x.w	x30,f10	 f10:0x80000000 x30=0x80000000
     265425.000 ns	     26541	80005670	3fe76f17	auipc	x30,0x3fe76	 x30=0xbfe7b670
     265445.000 ns	     26543	80005674	f00d0c53	fmv.w.x	f24,x26	 x26:0x8bfa3000 f24=0x8bfa3000
     265475.000 ns	     26546	80005678	039e65b3	rem	x11,x28,x25	 x28:0xe4469000 x25:0x00000000 x11=0xe4469000
     265505.000 ns	     26549	8000567c	29871d53	fmax.s	f26,f14,f24	 f14:0xca7a2000 f24:0x8bfa3000 f26=0x8bfa3000
     265525.000 ns	     26551	80005680	0006b033	sltu	x0,x13,x0	 x13:0x00000001  x0:0x00000000
     265545.000 ns	     26553	80005684	20dd8b53	fsgnj.s	f22,f27,f13	 f27:0x7fc00000 f13:0x00000001 f22=0x7fc00000
     265565.000 ns	     26555	80005688	0901ca13	xori	x20,x3,144	  x3:0x00000644 x20=0x000006d4
     265585.000 ns	     26557	8000568c	29530053	fmin.s	f0,f6,f21	  f6:0xbf800000 f21:0x7fc00000  f0=0xbf800000
     265615.000 ns	     26560	80005690	e00f06d3	fmv.x.w	x13,f30	 f30:0x80000000 x13=0x80000000
     265645.000 ns	     26563	80005694	02c5ffb3	remu	x31,x11,x12	 x11:0xe4469000 x12:0x00000000 x31=0xe4469000
     265665.000 ns	     26565	80005698	0040deb3	srl	x29,x1,x4	  x1:0xfffff637  x4:0x00000000 x29=0xfffff637
     265685.000 ns	     26567	8000569c	029efe33	remu	x28,x29,x9	 x29:0x3be43594  x9:0x00000000 x28=0xfffff637
     265715.000 ns	     26570	800056a0	a08b98d3	flt.s	x17,f23,f8	 f23:0x00000000  f8:0x7fc00000 x17=0x00000000
     265735.000 ns	     26572	800056a4	001f9a33	sll	x20,x31,x1	 x31:0xe4469000  x1:0xfffff637 x20=0x00000000
     265745.000 ns	     26573	800056a8	e09abd93	sltiu	x27,x21,-503	 x21:0xc2f30000 x27=0x00000001
     265755.000 ns	     26574	800056ac	00e12c33	slt	x24,x2,x14	  x2:0x00000767 x14:0x80040fe4 x24=0x00000000
     265765.000 ns	     26575	800056b0	0034a133	slt	x2,x9,x3	  x9:0x00000000  x3:0x00000644  x2=0x00000001
     265775.000 ns	     26576	800056b4	003d9833	sll	x16,x27,x3	 x27:0x00000001  x3:0x00000644 x16=0x00000010
     265785.000 ns	     26577	800056b8	e60fa913	slti	x18,x31,-416	 x31:0xe4469000 x18=0x00000001
     265795.000 ns	     26578	800056bc	4031d393	srai	x7,x3,0x3	  x3:0x00000644  x7=0x000000c8
     265815.000 ns	     26580	800056c0	202b28d3	fsgnjx.s	f17,f22,f2	 f22:0x7fc00000  f2:0xf23fc2f3 f17=0xffc00000
     265835.000 ns	     26582	800056c4	01798c33	add	x24,x19,x23	 x19:0x00000000 x23:0x00000000 x24=0x00000000
     265855.000 ns	     26584	800056c8	218f8553	fsgnj.s	f10,f31,f24	 f31:0x3f800000 f24:0x8bfa3000 f10=0xbf800000
     265885.000 ns	     26587	800056cc	f0058553	fmv.w.x	f10,x11	 x11:0xe4469000 f10=0xe4469000
     265905.000 ns	     26589	800056d0	4251c213	xori	x4,x3,1061	  x3:0x00000644  x4=0x00000261
     265925.000 ns	     26591	800056d4	f00400d3	fmv.w.x	f1,x8	  x8:0x00000001  f1=0x00000001
     265965.000 ns	     26595	800056d8	1026b0d3	fmul.s	f1,f13,f2	 f13:0x00000001  f2:0xf23fc2f3  f1=0xa7bfc2f3
     265995.000 ns	     26598	800056dc	a13a0653	fle.s	x12,f20,f19	 f20:0xca7a2000 f19:0xb712ce83 x12=0x00000001
     266015.000 ns	     26600	800056e0	77b4e693	ori	x13,x9,1915	  x9:0x00000000 x13=0x0000077b
     266025.000 ns	     26601	800056e4	01d52e33	slt	x28,x10,x29	 x10:0x00000001 x29:0xfffff637 x28=0x00000000
     266045.000 ns	     26603	800056e8	d010ae53	fcvt.s.wu	f28,x1	  x1:0xfffff637 f28=0x4f7ffff7
     266095.000 ns	     26608	800056ec	09ea7253	fsub.s	f4,f20,f30	 f20:0xca7a2000 f30:0x80000000  f4=0xca7a2000
     266125.000 ns	     26611	800056f0	a0991e53	flt.s	x28,f18,f9	 f18:0x59acf137  f9:0x80000000 x28=0x00000000
     266155.000 ns	     26614	800056f4	a0609053	flt.s	x0,f1,f6	  f1:0xa7bfc2f3  f6:0xbf800000
     266175.000 ns	     26616	800056f8	000b9933	sll	x18,x23,x0	 x23:0x00000000  x0:0x00000000 x18=0x00000000
     266185.000 ns	     26617	800056fc	410e81b3	sub	x3,x29,x16	 x29:0xfffff637 x16:0x00000010  x3=0xfffff627
     266195.000 ns	     26618	80005700	013c7c33	and	x24,x24,x19	 x24:0x00000000 x19:0x00000000 x24=0x00000000
     266215.000 ns	     26620	80005704	c00cfc53	fcvt.w.s	x24,f25	 f25:0xca7a2000 x24=0x003e8800
     266265.000 ns	     26625	80005708	00cb4a53	fadd.s	f20,f22,f12	 f22:0x7fc00000 f12:0x59acf137 f20=0x7fc00000
     266295.000 ns	     26628	8000570c	a0b22253	feq.s	x4,f4,f11	  f4:0xca7a2000 f11:0xff800000  x4=0x00000000
     266325.000 ns	     26631	80005710	f0010dd3	fmv.w.x	f27,x2	  x2:0x00000001 f27=0x00000001
     266345.000 ns	     26633	80005714	c06f6f93	ori	x31,x30,-1018	 x30:0xbfe7b670 x31=0xfffffe76
     266355.000 ns	     26634	80005718	35344c97	auipc	x25,0x35344	 x25=0xb5349718
     266375.000 ns	     26636	8000571c	d005f153	fcvt.s.w	f2,x11	 x11:0xe4469000  f2=0xcdddcb80
     266405.000 ns	     26639	80005720	02e588b3	mul	x17,x11,x14	 x11:0xe4469000 x14:0x80040fe4 x17=0xb1484000
     266425.000 ns	     26641	80005724	7ece4097	auipc	x1,0x7ece4	  x1=0xfece9724
     267595.000 ns	     26758	80005728	580673d3	fsqrt.s	f7,f12	 f12:0x59acf137  f7=0x4c94c888
     267615.000 ns	     26760	8000572c	00f7ef33	or	x30,x15,x15	 x15:0xd5e9c628 x15:0xd5e9c628 x30=0xd5e9c628
     267655.000 ns	     26764	80005730	0852a653	fsub.s	f12,f5,f5	  f5:0x7f800000  f5:0x7f800000 f12=0x80000000
     267685.000 ns	     26767	80005734	a11aa453	feq.s	x8,f21,f17	 f21:0x7fc00000 f17:0xffc00000  x8=0x00000000
     267715.000 ns	     26770	80005738	c0097e53	fcvt.w.s	x28,f18	 f18:0x59acf137 x28=0x7fffffff
     267735.000 ns	     26772	8000573c	00b6ca33	xor	x20,x13,x11	 x13:0x0000077b x11:0xe4469000 x20=0xe446977b
     267745.000 ns	     26773	80005740	41985613	srai	x12,x16,0x19	 x16:0x00000010 x12=0x00000000
     267755.000 ns	     26774	80005744	049fff97	auipc	x31,0x49ff	 x31=0x84a04744
     267765.000 ns	     26775	80005748	01b65a13	srli	x20,x12,0x1b	 x12:0x00000001 x20=0x00000000
     267775.000 ns	     26776	8000574c	01c33eb3	sltu	x29,x6,x28	  x6:0x00000000 x28:0x7fffffff x29=0x00000001
     267795.000 ns	     26778	80005750	e00681d3	fmv.x.w	x3,f13	 f13:0x00000001  x3=0x00000001
     267815.000 ns	     26780	80005754	01729533	sll	x10,x5,x23	  x5:0x80041024 x23:0x00000000 x10=0x80041024
     267835.000 ns	     26782	80005758	a1ce08d3	fle.s	x17,f28,f28	 f28:0x4f7ffff7 f28:0x4f7ffff7 x17=0x00000001
     267855.000 ns	     26784	8000575c	00dd2f33	slt	x30,x26,x13	 x26:0x8bfa3000 x13:0x0000077b x30=0x00000001
     268185.000 ns	     26817	80005760	192e7953	fdiv.s	f18,f28,f18	 f28:0x4f7ffff7 f18:0x59acf137 f18=0x34fffff8
     268205.000 ns	     26819	80005764	00512c33	slt	x24,x2,x5	  x2:0x00000001  x5:0x80041024 x24=0x00000000
     268225.000 ns	     26821	80005768	032ecf33	div	x30,x29,x18	 x29:0x00000001 x18:0x00000000 x30=0xffffffff
     268255.000 ns	     26824	8000576c	f00c8653	fmv.w.x	f12,x25	 x25:0xb5349718 f12=0xb5349718
     268285.000 ns	     26827	80005770	c00a1553	fcvt.w.s	x10,f20	 f20:0x7fc00000 x10=0x7fffffff
     268315.000 ns	     26830	80005774	03824133	div	x2,x4,x24	  x4:0x00000000 x24:0x00000000  x2=0xffffffff
     268345.000 ns	     26833	80005778	0398beb3	mulhu	x29,x17,x25	 x17:0x00000001 x25:0xb5349718 x29=0x00000000
     268365.000 ns	     26835	8000577c	41737693	andi	x13,x6,1047	  x6:0x00000000 x13=0x00000000
     268725.000 ns	     26871	80005780	023ec533	div	x10,x29,x3	 x29:0x00000000  x3:0x00000001 x10=0x00000000
     268745.000 ns	     26873	80005784	40738d33	sub	x26,x7,x7	  x7:0x000000c8  x7:0x000000c8 x26=0x00000000
     268755.000 ns	     26874	80005788	0189b333	sltu	x6,x19,x24	 x19:0x00000000 x24:0x00000000  x6=0x00000000
     268765.000 ns	     26875	8000578c	81af6913	ori	x18,x30,-2022	 x30:0xffffffff x18=0xffffffff
     268785.000 ns	     26877	80005790	d01af4d3	fcvt.s.wu	f9,x21	 x21:0xc2f30000  f9=0x4f42f300
     268815.000 ns	     26880	80005794	f0098ed3	fmv.w.x	f29,x19	 x19:0x00000000 f29=0x00000000
     268845.000 ns	     26883	80005798	0380ba33	mulhu	x20,x1,x24	  x1:0xfece9724 x24:0x00000000 x20=0x00000000
     268875.000 ns	     26886	8000579c	03eb0833	mul	x16,x22,x30	 x22:0xaaa84e4e x30:0xffffffff x16=0x5557b1b2
     268915.000 ns	     26890	800057a0	580b7dd3	fsqrt.s	f27,f22	 f22:0x7fc00000 f27=0x7fc00000
     268945.000 ns	     26893	800057a4	a01081d3	fle.s	x3,f1,f1	  f1:0xa7bfc2f3  f1:0xa7bfc2f3  x3=0x00000001
     268975.000 ns	     26896	800057a8	a17c04d3	fle.s	x9,f24,f23	 f24:0x8bfa3000 f23:0x00000000  x9=0x00000001
     269005.000 ns	     26899	800057ac	a17e01d3	fle.s	x3,f28,f23	 f28:0x4f7ffff7 f23:0x00000000  x3=0x00000000
     269035.000 ns	     26902	800057b0	a1080cd3	fle.s	x25,f16,f16	 f16:0x00000000 f16:0x00000000 x25=0x00000001
     269065.000 ns	     26905	800057b4	d01877d3	fcvt.s.wu	f15,x16	 x16:0x5557b1b2 f15=0x4eaaaf63
     269085.000 ns	     26907	800057b8	88f8b8b7	lui	x17,0x88f8b	 x17=0x88f8b000
     269105.000 ns	     26909	800057bc	a1f72353	feq.s	x6,f14,f31	 f14:0xca7a2000 f31:0x3f800000  x6=0x00000000
     269125.000 ns	     26911	800057c0	40368a33	sub	x20,x13,x3	 x13:0x00000000  x3:0x00000000 x20=0x00000000
     269145.000 ns	     26913	800057c4	212f8053	fsgnj.s	f0,f31,f18	 f31:0x3f800000 f18:0x34fffff8  f0=0x3f800000
     269185.000 ns	     26917	800057c8	11a975d3	fmul.s	f11,f18,f26	 f18:0x34fffff8 f26:0x8bfa3000 f11=0x817a2ff8
     269225.000 ns	     26921	800057cc	1141f5d3	fmul.s	f11,f3,f20	  f3:0x59acf137 f20:0x7fc00000 f11=0x7fc00000
     269255.000 ns	     26924	800057d0	29c38153	fmin.s	f2,f7,f28	  f7:0x4c94c888 f28:0x4f7ffff7  f2=0x4c94c888
     269275.000 ns	     26926	800057d4	00811413	slli	x8,x2,0x8	  x2:0xffffffff  x8=0xffffff00
     269295.000 ns	     26928	800057d8	d008c5d3	fcvt.s.w	f11,x17	 x17:0x88f8b000 f11=0xceee0ea0
     269315.000 ns	     26930	800057dc	01c11a93	slli	x21,x2,0x1c	  x2:0xffffffff x21=0xf0000000
     269335.000 ns	     26932	800057e0	039b0533	mul	x10,x22,x25	 x22:0xaaa84e4e x25:0x00000001 x10=0xaaa84e4e
     269355.000 ns	     26934	800057e4	01bb5693	srli	x13,x22,0x1b	 x22:0xaaa84e4e x13=0x00000015
     269365.000 ns	     26935	800057e8	459d2993	slti	x19,x26,1113	 x26:0x00000000 x19=0x00000001
     269405.000 ns	     26939	800057ec	08c27953	fsub.s	f18,f4,f12	  f4:0xca7a2000 f12:0xb5349718 f18=0xca7a1fff
     269435.000 ns	     26942	800057f0	a005a053	feq.s	x0,f11,f0	 f11:0xceee0ea0  f0:0x3f800000
     269455.000 ns	     26944	800057f4	f4acf193	andi	x3,x25,-182	 x25:0x00000001  x3=0x00000000
     269475.000 ns	     26946	800057f8	20c3ac53	fsgnjx.s	f24,f7,f12	  f7:0x4c94c888 f12:0xb5349718 f24=0xcc94c888
     269505.000 ns	     26949	800057fc	29fb1a53	fmax.s	f20,f22,f31	 f22:0x7fc00000 f31:0x3f800000 f20=0x3f800000
     269535.000 ns	     26952	80005800	f00784d3	fmv.w.x	f9,x15	 x15:0xd5e9c628  f9=0xd5e9c628
     269585.000 ns	     26957	80005804	09039b53	fsub.s	f22,f7,f16	  f7:0x4c94c888 f16:0x00000000 f22=0x4c94c888
     269635.000 ns	     26962	80005808	091d7d53	fsub.s	f26,f26,f17	 f26:0x8bfa3000 f17:0xffc00000 f26=0x7fc00000
     270005.000 ns	     26999	8000580c	036573b3	remu	x7,x10,x22	 x10:0xaaa84e4e x22:0xaaa84e4e  x7=0x00000000
     270375.000 ns	     27036	80005810	03ba7ab3	remu	x21,x20,x27	 x20:0x00000000 x27:0x00000001 x21=0x00000000
     270405.000 ns	     27039	80005814	c0159ad3	fcvt.wu.s	x21,f11	 f11:0xceee0ea0 x21=0x77075000
     270455.000 ns	     27044	80005818	09dd4a53	fsub.s	f20,f26,f29	 f26:0x7fc00000 f29:0x00000000 f20=0x7fc00000
     270485.000 ns	     27047	8000581c	02ff8f33	mul	x30,x31,x15	 x31:0x84a04744 x15:0xd5e9c628 x30=0x210dbaa0
     270505.000 ns	     27049	80005820	cff8a213	slti	x4,x17,-769	 x17:0x88f8b000  x4=0x00000001
     270515.000 ns	     27050	80005824	00252d33	slt	x26,x10,x2	 x10:0xaaa84e4e  x2:0xffffffff x26=0x00000001
     270845.000 ns	     27083	80005828	18e19c53	fdiv.s	f24,f3,f14	  f3:0x59acf137 f14:0xca7a2000 f24=0xceacf138
     270865.000 ns	     27085	8000582c	00000013	addi	x0,x0,0	  x0:0x00000000
     270885.000 ns	     27087	80005830	0386e133	rem	x2,x13,x24	 x13:0x00000015 x24:0x00000000  x2=0x00000015
     270915.000 ns	     27090	80005834	20a31553	fsgnjn.s	f10,f6,f10	  f6:0xbf800000 f10:0xe4469000 f10=0x3f800000
     270945.000 ns	     27093	80005838	e00a8053	fmv.x.w	x0,f21	 f21:0x7fc00000
     270975.000 ns	     27096	8000583c	021d3a33	mulhu	x20,x26,x1	 x26:0x00000001  x1:0xfece9724 x20=0x00000000
     271025.000 ns	     27101	80005840	010f31d3	fadd.s	f3,f30,f16	 f30:0x80000000 f16:0x00000000  f3=0x00000000
     271055.000 ns	     27104	80005844	a1d593d3	flt.s	x7,f11,f29	 f11:0xceee0ea0 f29:0x00000000  x7=0x00000001
     271075.000 ns	     27106	80005848	41365cb3	sra	x25,x12,x19	 x12:0x00000000 x19:0x00000001 x25=0x00000000
     271085.000 ns	     27107	8000584c	015a2d33	slt	x26,x20,x21	 x20:0x00000000 x21:0x77075000 x26=0x00000001
     271095.000 ns	     27108	80005850	00402233	slt	x4,x0,x4	  x0:0x00000000  x4:0x00000001  x4=0x00000001
     271115.000 ns	     27110	80005854	20b892d3	fsgnjn.s	f5,f17,f11	 f17:0xffc00000 f11:0xceee0ea0  f5=0x7fc00000
     271135.000 ns	     27112	80005858	01cd5133	srl	x2,x26,x28	 x26:0x00000001 x28:0x7fffffff  x2=0x00000000
     271145.000 ns	     27113	8000585c	40048eb3	sub	x29,x9,x0	  x9:0x00000001  x0:0x00000000 x29=0x00000001
     271185.000 ns	     27117	80005860	0937f9d3	fsub.s	f19,f15,f19	 f15:0x4eaaaf63 f19:0xb712ce83 f19=0x4eaaaf63
     271215.000 ns	     27120	80005864	e00813d3	fclass.s	x7,f16	 f16:0x00000000  x7=0x00000010
     271235.000 ns	     27122	80005868	ae863db7	lui	x27,0xae863	 x27=0xae863000
     271245.000 ns	     27123	8000586c	01d46933	or	x18,x8,x29	  x8:0xffffff00 x29:0x00000001 x18=0xffffff01
     271255.000 ns	     27124	80005870	aace0313	addi	x6,x28,-1364	 x28:0x7fffffff  x6=0x7ffffaab
     271295.000 ns	     27128	80005874	00b27b53	fadd.s	f22,f4,f11	  f4:0xca7a2000 f11:0xceee0ea0 f22=0xceee8bb0
     271325.000 ns	     27131	80005878	02632d33	mulhsu	x26,x6,x6	  x6:0x00000000  x6:0x00000000 x26=0x3ffffaab
     271355.000 ns	     27134	8000587c	a01a11d3	flt.s	x3,f20,f1	 f20:0x7fc00000  f1:0xa7bfc2f3  x3=0x00000000
     271375.000 ns	     27136	80005880	68b64413	xori	x8,x12,1675	 x12:0x00000000  x8=0x0000068b
     271395.000 ns	     27138	80005884	211380d3	fsgnj.s	f1,f7,f17	  f7:0x4c94c888 f17:0xffc00000  f1=0xcc94c888
     271765.000 ns	     27175	80005888	02f56f33	rem	x30,x10,x15	 x10:0xaaa84e4e x15:0xd5e9c628 x30=0xfed4c1fe
     271795.000 ns	     27178	8000588c	f00c06d3	fmv.w.x	f13,x24	 x24:0x00000000 f13=0x00000000
     271825.000 ns	     27181	80005890	023f4d33	div	x26,x30,x3	 x30:0xfed4c1fe  x3:0x00000000 x26=0xffffffff
     271845.000 ns	     27183	80005894	00849d13	slli	x26,x9,0x8	  x9:0x00000001 x26=0x00000100
     271855.000 ns	     27184	80005898	01b91513	slli	x10,x18,0x1b	 x18:0xffffff01 x10=0x08000000
     271875.000 ns	     27186	8000589c	e0008dd3	fmv.x.w	x27,f1	  f1:0xcc94c888 x27=0xcc94c888
     272245.000 ns	     27223	800058a0	024dfeb3	remu	x29,x27,x4	 x27:0xae863000  x4:0x00000001 x29=0x00000000
     272265.000 ns	     27225	800058a4	00bc8233	add	x4,x25,x11	 x25:0x00000000 x11:0xe4469000  x4=0xe4469000
     272305.000 ns	     27229	800058a8	01297dd3	fadd.s	f27,f18,f18	 f18:0xca7a1fff f18:0xca7a1fff f27=0xcafa1fff
     272325.000 ns	     27231	800058ac	67a66893	ori	x17,x12,1658	 x12:0x00000000 x17=0x0000067a
     272335.000 ns	     27232	800058b0	01681d13	slli	x26,x16,0x16	 x16:0x5557b1b2 x26=0x6c800000
     272665.000 ns	     27265	800058b4	182df953	fdiv.s	f18,f27,f2	 f27:0xcafa1fff  f2:0x4c94c888 f18=0xbd7a2000
     272695.000 ns	     27268	800058b8	034c7533	remu	x10,x24,x20	 x24:0x00000000 x20:0x00000000 x10=0x00000000
     272715.000 ns	     27270	800058bc	11dd89b7	lui	x19,0x11dd8	 x19=0x11dd8000
     272725.000 ns	     27271	800058c0	019f2e33	slt	x28,x30,x25	 x30:0xfed4c1fe x25:0x00000000 x28=0x00000001
     272735.000 ns	     27272	800058c4	0004fa33	and	x20,x9,x0	  x9:0x00000001  x0:0x00000000 x20=0x00000000
     272745.000 ns	     27273	800058c8	00b21413	slli	x8,x4,0xb	  x4:0xe4469000  x8=0x34800000
     272755.000 ns	     27274	800058cc	9a76d697	auipc	x13,0x9a76d	 x13=0x1a7728cc
     272765.000 ns	     27275	800058d0	7959c793	xori	x15,x19,1941	 x19:0x11dd8000 x15=0x11dd8795
     272785.000 ns	     27277	800058d4	e00289d3	fmv.x.w	x19,f5	  f5:0x7fc00000 x19=0x7fc00000
     272815.000 ns	     27280	800058d8	d007f253	fcvt.s.w	f4,x15	 x15:0xd5e9c628  f4=0x4d8eec3c
     272845.000 ns	     27283	800058dc	f0070753	fmv.w.x	f14,x14	 x14:0x80040fe4 f14=0x80040fe4
     272875.000 ns	     27286	800058e0	211d0dd3	fsgnj.s	f27,f26,f17	 f26:0x7fc00000 f17:0xffc00000 f27=0xffc00000
     272905.000 ns	     27289	800058e4	027c0933	mul	x18,x24,x7	 x24:0x00000000  x7:0x00000010 x18=0x00000000
     272925.000 ns	     27291	800058e8	01c74cb3	xor	x25,x14,x28	 x14:0x80040fe4 x28:0x00000001 x25=0x80040fe5
     273285.000 ns	     27327	800058ec	02d0fa33	remu	x20,x1,x13	  x1:0xfece9724 x13:0x1a7728cc x20=0x109e27f8
     273315.000 ns	     27330	800058f0	a1462453	feq.s	x8,f12,f20	 f12:0xb5349718 f20:0x7fc00000  x8=0x00000000
     273335.000 ns	     27332	800058f4	f11200b7	lui	x1,0xf1120	  x1=0xf1120000
     273345.000 ns	     27333	800058f8	de860513	addi	x10,x12,-536	 x12:0x00000000 x10=0xfffffde8
     273365.000 ns	     27335	800058fc	a1e20853	fle.s	x16,f4,f30	  f4:0x4d8eec3c f30:0x80000000 x16=0x00000000
     273385.000 ns	     27337	80005900	dc8af193	andi	x3,x21,-568	 x21:0x77075000  x3=0x77075000
     273405.000 ns	     27339	80005904	285790d3	fmax.s	f1,f15,f5	 f15:0x4eaaaf63  f5:0x7fc00000  f1=0x4eaaaf63
     273425.000 ns	     27341	80005908	01ead833	srl	x16,x21,x30	 x21:0x77075000 x30:0xfed4c1fe x16=0x00000001
     273785.000 ns	     27377	8000590c	03ed41b3	div	x3,x26,x30	 x26:0x6c800000 x30:0xfed4c1fe  x3=0xffffffa4
     273805.000 ns	     27379	80005910	7d006093	ori	x1,x0,2000	  x0:0x00000000  x1=0x000007d0
     274165.000 ns	     27415	80005914	023fc5b3	div	x11,x31,x3	 x31:0x84a04744  x3:0xffffffa4 x11=0x01574d23
     274195.000 ns	     27418	80005918	022ef033	remu	x0,x29,x2	 x29:0x00000000  x2:0x00000000
     274225.000 ns	     27421	8000591c	20e499d3	fsgnjn.s	f19,f9,f14	  f9:0xd5e9c628 f14:0x80040fe4 f19=0x55e9c628
     274245.000 ns	     27423	80005920	f2c7a613	slti	x12,x15,-212	 x15:0x11dd8795 x12=0x00000000
     274255.000 ns	     27424	80005924	0085dc93	srli	x25,x11,0x8	 x11:0x01574d23 x25=0x0001574d
     274265.000 ns	     27425	80005928	a2708e13	addi	x28,x1,-1497	  x1:0x000007d0 x28=0x000001f7
     274305.000 ns	     27429	8000592c	08d9c453	fsub.s	f8,f19,f13	 f19:0x55e9c628 f13:0x00000000  f8=0x55e9c628
     274325.000 ns	     27431	80005930	7b747697	auipc	x13,0x7b747	 x13=0xfb74c930
     274345.000 ns	     27433	80005934	f00481d3	fmv.w.x	f3,x9	  x9:0x00000001  f3=0x00000001
     274375.000 ns	     27436	80005938	032a58b3	divu	x17,x20,x18	 x20:0x109e27f8 x18:0x00000000 x17=0xffffffff
     274395.000 ns	     27438	8000593c	70bee613	ori	x12,x29,1803	 x29:0x00000000 x12=0x0000070b
     274405.000 ns	     27439	80005940	019ca633	slt	x12,x25,x25	 x25:0x0001574d x25:0x0001574d x12=0x00000000
     274425.000 ns	     27441	80005944	c01c7953	fcvt.wu.s	x18,f24	 f24:0xceacf138 x18=0x56789c00
     274455.000 ns	     27444	80005948	a0029853	flt.s	x16,f5,f0	  f5:0x7fc00000  f0:0x3f800000 x16=0x00000000
     274485.000 ns	     27447	8000594c	a1b9a653	feq.s	x12,f19,f27	 f19:0x55e9c628 f27:0xffc00000 x12=0x00000000
     274525.000 ns	     27451	80005950	10ba2bd3	fmul.s	f23,f20,f11	 f20:0x7fc00000 f11:0xceee0ea0 f23=0x7fc00000
     274575.000 ns	     27456	80005954	01030853	fadd.s	f16,f6,f16	  f6:0xbf800000 f16:0x00000000 f16=0xbf800000
     274605.000 ns	     27459	80005958	e0050853	fmv.x.w	x16,f10	 f10:0x3f800000 x16=0x3f800000
     274975.000 ns	     27496	8000595c	02ba7eb3	remu	x29,x20,x11	 x20:0x109e27f8 x11:0x01574d23 x29=0x00868a54
     275005.000 ns	     27499	80005960	e0039ad3	fclass.s	x21,f7	  f7:0x4c94c888 x21=0x00000040
     275025.000 ns	     27501	80005964	0193fa33	and	x20,x7,x25	  x7:0x00000010 x25:0x0001574d x20=0x00000000
     275045.000 ns	     27503	80005968	03ac93b3	mulh	x7,x25,x26	 x25:0x0001574d x26:0x6c800000  x7=0x00009180
     275065.000 ns	     27505	8000596c	01e95f13	srli	x30,x18,0x1e	 x18:0x56789c00 x30=0x00000001
     275075.000 ns	     27506	80005970	23c65337	lui	x6,0x23c65	  x6=0x23c65000
     275405.000 ns	     27539	80005974	19873f53	fdiv.s	f30,f14,f24	 f14:0x80040fe4 f24:0xceacf138 f30=0x00000000
     275775.000 ns	     27576	80005978	03d740b3	div	x1,x14,x29	 x14:0x80040fe4 x29:0x00868a54  x1=0xffffff0d
     275805.000 ns	     27579	8000597c	02fd2833	mulhsu	x16,x26,x15	 x26:0x6c800000 x15:0x11dd8795 x16=0x079263f6
     275825.000 ns	     27581	80005980	00f60db3	add	x27,x12,x15	 x12:0x00000000 x15:0x11dd8795 x27=0x11dd8795
     275835.000 ns	     27582	80005984	019d4cb3	xor	x25,x26,x25	 x26:0x6c800000 x25:0x0001574d x25=0x6c81574d
     275865.000 ns	     27585	80005988	1910f453	fdiv.s	f8,f1,f17	  f1:0x4eaaaf63 f17:0xffc00000  f8=0x7fc00000
     275885.000 ns	     27587	8000598c	4173d413	srai	x8,x7,0x17	  x7:0x00009180  x8=0x00000000
     275895.000 ns	     27588	80005990	7376c813	xori	x16,x13,1847	 x13:0xfb74c930 x16=0xfb74ce07
     275905.000 ns	     27589	80005994	a2efb9b7	lui	x19,0xa2efb	 x19=0xa2efb000
     275925.000 ns	     27591	80005998	d0114153	fcvt.s.wu	f2,x2	  x2:0x00000000  f2=0x00000000
     275945.000 ns	     27593	8000599c	ab9b7313	andi	x6,x22,-1351	 x22:0xaaa84e4e  x6=0xaaa84a08
     275965.000 ns	     27595	800059a0	a11699d3	flt.s	x19,f13,f17	 f13:0x00000000 f17:0xffc00000 x19=0x00000000
     275985.000 ns	     27597	800059a4	018c9113	slli	x2,x25,0x18	 x25:0x6c81574d  x2=0x4d000000
     276345.000 ns	     27633	800059a8	026bdc33	divu	x24,x23,x6	 x23:0x00000000  x6:0xaaa84a08 x24=0x00000000
     276365.000 ns	     27635	800059ac	01813bb3	sltu	x23,x2,x24	  x2:0x00000000 x24:0x00000000 x23=0x00000000
     276405.000 ns	     27639	800059b0	019f88d3	fadd.s	f17,f31,f25	 f31:0x3f800000 f25:0xca7a2000 f17=0xca7a1ffc
     276435.000 ns	     27642	800059b4	d01578d3	fcvt.s.wu	f17,x10	 x10:0xfffffde8 f17=0x4f7ffffd
     276465.000 ns	     27645	800059b8	e00e95d3	fclass.s	x11,f29	 f29:0x00000000 x11=0x00000010
     276495.000 ns	     27648	800059bc	a0618c53	fle.s	x24,f3,f6	  f3:0x00000001  f6:0xbf800000 x24=0x00000000
     276515.000 ns	     27650	800059c0	00000013	addi	x0,x0,0	  x0:0x00000000
     276535.000 ns	     27652	800059c4	28939c53	fmax.s	f24,f7,f9	  f7:0x4c94c888  f9:0xd5e9c628 f24=0x4c94c888
     276565.000 ns	     27655	800059c8	a0c39c53	flt.s	x24,f7,f12	  f7:0x4c94c888 f12:0xb5349718 x24=0x00000000
     276585.000 ns	     27657	800059cc	baffc793	xori	x15,x31,-1105	 x31:0x84a04744 x15=0x7b5fbceb
     276595.000 ns	     27658	800059d0	7959bcb7	lui	x25,0x7959b	 x25=0x7959b000
     276605.000 ns	     27659	800059d4	13bcf893	andi	x17,x25,315	 x25:0x6c81574d x17=0x00000000
     276625.000 ns	     27661	800059d8	218d9653	fsgnjn.s	f12,f27,f24	 f27:0xffc00000 f24:0x4c94c888 f12=0xffc00000
     276645.000 ns	     27663	800059dc	01aac8b3	xor	x17,x21,x26	 x21:0x00000040 x26:0x6c800000 x17=0x6c800040
     276665.000 ns	     27665	800059e0	202ca6d3	fsgnjx.s	f13,f25,f2	 f25:0xca7a2000  f2:0x00000000 f13=0xca7a2000
     276685.000 ns	     27667	800059e4	016a3533	sltu	x10,x20,x22	 x20:0x00000000 x22:0xaaa84e4e x10=0x00000001
     276705.000 ns	     27669	800059e8	a1ce29d3	feq.s	x19,f28,f28	 f28:0x4f7ffff7 f28:0x4f7ffff7 x19=0x00000001
     276735.000 ns	     27672	800059ec	d010f1d3	fcvt.s.wu	f3,x1	  x1:0xffffff0d  f3=0x4f7fffff
     276765.000 ns	     27675	800059f0	205187d3	fsgnj.s	f15,f3,f5	  f3:0x00000001  f5:0x7fc00000 f15=0x4f7fffff
     276785.000 ns	     27677	800059f4	af41f113	andi	x2,x3,-1292	  x3:0xffffffa4  x2=0xfffffaa4
     277115.000 ns	     27710	800059f8	19678e53	fdiv.s	f28,f15,f22	 f15:0x4f7fffff f22:0xceee8bb0 f28=0xc0000000
     277135.000 ns	     27712	800059fc	01a266b3	or	x13,x4,x26	  x4:0xe4469000 x26:0x6c800000 x13=0xecc69000
     277155.000 ns	     27714	80005a00	02471033	mulh	x0,x14,x4	 x14:0x80040fe4  x4:0xe4469000
     277195.000 ns	     27718	80005a04	580baa53	fsqrt.s	f20,f23	 f23:0x7fc00000 f20=0x7fc00000
     277225.000 ns	     27721	80005a08	287218d3	fmax.s	f17,f4,f7	  f4:0x4d8eec3c  f7:0x4c94c888 f17=0x4d8eec3c
     277255.000 ns	     27724	80005a0c	030f1c33	mulh	x24,x30,x16	 x30:0x00000001 x16:0xfb74ce07 x24=0xffffffff
     277285.000 ns	     27727	80005a10	c01338d3	fcvt.wu.s	x17,f6	  f6:0xbf800000 x17=0x00000001
     277315.000 ns	     27730	80005a14	216615d3	fsgnjn.s	f11,f12,f22	 f12:0xffc00000 f22:0xceee8bb0 f11=0x7fc00000
     277685.000 ns	     27767	80005a18	025a7ab3	remu	x21,x20,x5	 x20:0x00000000  x5:0x80041024 x21=0x00000000
     277705.000 ns	     27769	80005a1c	01e438b3	sltu	x17,x8,x30	  x8:0x00000000 x30:0x00000001 x17=0x00000001
     277715.000 ns	     27770	80005a20	00ac41b3	xor	x3,x24,x10	 x24:0xffffffff x10:0x00000001  x3=0xfffffffe
     277735.000 ns	     27772	80005a24	285c9753	fmax.s	f14,f25,f5	 f25:0xca7a2000  f5:0x7fc00000 f14=0xca7a2000
     278105.000 ns	     27809	80005a28	03365f33	divu	x30,x12,x19	 x12:0x00000000 x19:0x00000001 x30=0x00000000
     278135.000 ns	     27812	80005a2c	21608353	fsgnj.s	f6,f1,f22	  f1:0x4eaaaf63 f22:0xceee8bb0  f6=0xceaaaf63
     278165.000 ns	     27815	80005a30	d008f753	fcvt.s.w	f14,x17	 x17:0x00000001 f14=0x3f800000
     278215.000 ns	     27820	80005a34	006a88d3	fadd.s	f17,f21,f6	 f21:0x7fc00000  f6:0xceaaaf63 f17=0x7fc00000
     278585.000 ns	     27857	80005a38	032a6333	rem	x6,x20,x18	 x20:0x00000000 x18:0x56789c00  x6=0x00000000
     278605.000 ns	     27859	80005a3c	00f2fe33	and	x28,x5,x15	  x5:0x80041024 x15:0x7b5fbceb x28=0x00041020
     278625.000 ns	     27861	80005a40	c01d21d3	fcvt.wu.s	x3,f26	 f26:0x7fc00000  x3=0xffffffff
     278655.000 ns	     27864	80005a44	a176a7d3	feq.s	x15,f13,f23	 f13:0xca7a2000 f23:0x7fc00000 x15=0x00000000
     278675.000 ns	     27866	80005a48	400084b3	sub	x9,x1,x0	  x1:0xffffff0d  x0:0x00000000  x9=0xffffff0d
     278685.000 ns	     27867	80005a4c	01d85433	srl	x8,x16,x29	 x16:0xfb74ce07 x29:0x00868a54  x8=0x00000fb7
     278695.000 ns	     27868	80005a50	27178593	addi	x11,x15,625	 x15:0x00000000 x11=0x00000271
     278715.000 ns	     27870	80005a54	218423d3	fsgnjx.s	f7,f8,f24	  f8:0x7fc00000 f24:0x4c94c888  f7=0x7fc00000
     278745.000 ns	     27873	80005a58	f00080d3	fmv.w.x	f1,x1	  x1:0xffffff0d  f1=0xffffff0d
     278775.000 ns	     27876	80005a5c	c0047653	fcvt.w.s	x12,f8	  f8:0x7fc00000 x12=0x7fffffff
     278805.000 ns	     27879	80005a60	c00f7953	fcvt.w.s	x18,f30	 f30:0x00000000 x18=0x00000000
     278835.000 ns	     27882	80005a64	201c1f53	fsgnjn.s	f30,f24,f1	 f24:0x4c94c888  f1:0xffffff0d f30=0x4c94c888
     278855.000 ns	     27884	80005a68	00505db3	srl	x27,x0,x5	  x0:0x00000000  x5:0x80041024 x27=0x00000000
     278865.000 ns	     27885	80005a6c	639ca913	slti	x18,x25,1593	 x25:0x7959b000 x18=0x00000000
     278875.000 ns	     27886	80005a70	41bf0f33	sub	x30,x30,x27	 x30:0x00000000 x27:0x11dd8795 x30=0x00000000
     278905.000 ns	     27889	80005a74	198d8f53	fdiv.s	f30,f27,f24	 f27:0xffc00000 f24:0x4c94c888 f30=0x7fc00000
     278935.000 ns	     27892	80005a78	289f8d53	fmin.s	f26,f31,f9	 f31:0x3f800000  f9:0xd5e9c628 f26=0xd5e9c628
     278955.000 ns	     27894	80005a7c	00f3d113	srli	x2,x7,0xf	  x7:0x00009180  x2=0x00000001
     278965.000 ns	     27895	80005a80	01c29bb3	sll	x23,x5,x28	  x5:0x80041024 x28:0x00041020 x23=0x80041024
     278985.000 ns	     27897	80005a84	d005cfd3	fcvt.s.w	f31,x11	 x11:0x00000271 f31=0x441c4000
     279015.000 ns	     27900	80005a88	02685fb3	divu	x31,x16,x6	 x16:0xfb74ce07  x6:0x00000000 x31=0xffffffff
     279045.000 ns	     27903	80005a8c	20daa7d3	fsgnjx.s	f15,f21,f13	 f21:0x7fc00000 f13:0xca7a2000 f15=0xffc00000
     279065.000 ns	     27905	80005a90	003ddbb3	srl	x23,x27,x3	 x27:0x00000000  x3:0xffffffff x23=0x00000000
     279085.000 ns	     27907	80005a94	03ec8933	mul	x18,x25,x30	 x25:0x7959b000 x30:0x00000000 x18=0x00000000
     279115.000 ns	     27910	80005a98	03cf9633	mulh	x12,x31,x28	 x31:0xffffffff x28:0x00041020 x12=0xffffffff
     279135.000 ns	     27912	80005a9c	41f00e33	sub	x28,x0,x31	  x0:0x00000000 x31:0xffffffff x28=0x00000001
     279145.000 ns	     27913	80005aa0	71851237	lui	x4,0x71851	  x4=0x71851000
     279165.000 ns	     27915	80005aa4	0381ae33	mulhsu	x28,x3,x24	  x3:0xffffffff x24:0xffffffff x28=0xffffffff
     279195.000 ns	     27918	80005aa8	03787333	remu	x6,x16,x23	 x16:0xfb74ce07 x23:0x00000000  x6=0xfb74ce07
     279225.000 ns	     27921	80005aac	c0062dd3	fcvt.w.s	x27,f12	 f12:0xffc00000 x27=0x7fffffff
     279255.000 ns	     27924	80005ab0	e00b9953	fclass.s	x18,f23	 f23:0x7fc00000 x18=0x00000200
     279285.000 ns	     27927	80005ab4	a05ba4d3	feq.s	x9,f23,f5	 f23:0x7fc00000  f5:0x7fc00000  x9=0x00000000
     279305.000 ns	     27929	80005ab8	008d7ab3	and	x21,x26,x8	 x26:0x6c800000  x8:0x00000fb7 x21=0x00000000
     279345.000 ns	     27933	80005abc	099e79d3	fsub.s	f19,f28,f25	 f28:0xc0000000 f25:0xca7a2000 f19=0x4a7a1ff8
     279375.000 ns	     27936	80005ac0	2119abd3	fsgnjx.s	f23,f19,f17	 f19:0x55e9c628 f17:0x7fc00000 f23=0x4a7a1ff8
     279405.000 ns	     27939	80005ac4	21afa253	fsgnjx.s	f4,f31,f26	 f31:0x441c4000 f26:0xd5e9c628  f4=0xc41c4000
     279425.000 ns	     27941	80005ac8	4a309a97	auipc	x21,0x4a309	 x21=0xca30eac8
     279435.000 ns	     27942	80005acc	6eabf097	auipc	x1,0x6eabf	  x1=0xeeac4acc
     279455.000 ns	     27944	80005ad0	d00ff853	fcvt.s.w	f16,x31	 x31:0xffffffff f16=0xbf800000
     279825.000 ns	     27981	80005ad4	026bd933	divu	x18,x23,x6	 x23:0x00000000  x6:0xfb74ce07 x18=0x00000000
     279855.000 ns	     27984	80005ad8	f0048953	fmv.w.x	f18,x9	  x9:0x00000000 f18=0x00000000
     279875.000 ns	     27986	80005adc	008ddd13	srli	x26,x27,0x8	 x27:0x7fffffff x26=0x007fffff
     279895.000 ns	     27988	80005ae0	20cf8e53	fsgnj.s	f28,f31,f12	 f31:0x441c4000 f12:0xffc00000 f28=0xc41c4000
     279935.000 ns	     27992	80005ae4	100c7e53	fmul.s	f28,f24,f0	 f24:0x4c94c888  f0:0x3f800000 f28=0x4c94c888
     279965.000 ns	     27995	80005ae8	e0080ed3	fmv.x.w	x29,f16	 f16:0xbf800000 x29=0xbf800000
     279995.000 ns	     27998	80005aec	291f8f53	fmin.s	f30,f31,f17	 f31:0x441c4000 f17:0x7fc00000 f30=0x441c4000
     280045.000 ns	     28003	80005af0	00091e53	fadd.s	f28,f18,f0	 f18:0x00000000  f0:0x3f800000 f28=0x3f800000
     280075.000 ns	     28006	80005af4	21b687d3	fsgnj.s	f15,f13,f27	 f13:0xca7a2000 f27:0xffc00000 f15=0xca7a2000
     280095.000 ns	     28008	80005af8	01d6d893	srli	x17,x13,0x1d	 x13:0xecc69000 x17=0x00000007
     280105.000 ns	     28009	80005afc	01e01533	sll	x10,x0,x30	  x0:0x00000000 x30:0x00000000 x10=0x00000000
     280145.000 ns	     28013	80005b00	08aa85d3	fsub.s	f11,f21,f10	 f21:0x7fc00000 f10:0x3f800000 f11=0x7fc00000
     280165.000 ns	     28015	80005b04	3d56ec13	ori	x24,x13,981	 x13:0xecc69000 x24=0xecc693d5
     280175.000 ns	     28016	80005b08	bf7dca17	auipc	x20,0xbf7dc	 x20=0x3f7e1b08
     280195.000 ns	     28018	80005b0c	02b8a633	mulhsu	x12,x17,x11	 x17:0x00000007 x11:0x00000271 x12=0x00000000
     280225.000 ns	     28021	80005b10	03a23fb3	mulhu	x31,x4,x26	  x4:0x71851000 x26:0x007fffff x31=0x0038c287
     280255.000 ns	     28024	80005b14	29bf8ad3	fmin.s	f21,f31,f27	 f31:0x441c4000 f27:0xffc00000 f21=0x441c4000
     280285.000 ns	     28027	80005b18	f00007d3	fmv.w.x	f15,x0	  x0:0x00000000 f15=0x00000000
     280305.000 ns	     28029	80005b1c	c472b813	sltiu	x16,x5,-953	  x5:0x80041024 x16=0x00000001
     280325.000 ns	     28031	80005b20	285f0053	fmin.s	f0,f30,f5	 f30:0x441c4000  f5:0x7fc00000  f0=0x441c4000
     280355.000 ns	     28034	80005b24	a11925d3	feq.s	x11,f18,f17	 f18:0x00000000 f17:0x7fc00000 x11=0x00000000
     280375.000 ns	     28036	80005b28	dc852093	slti	x1,x10,-568	 x10:0x00000000  x1=0x00000000
     280385.000 ns	     28037	80005b2c	0026a0b3	slt	x1,x13,x2	 x13:0xecc69000  x2:0x00000001  x1=0x00000001
     280405.000 ns	     28039	80005b30	d01bad53	fcvt.s.wu	f26,x23	 x23:0x00000000 f26=0x00000000
     280455.000 ns	     28044	80005b34	09f01c53	fsub.s	f24,f0,f31	  f0:0x441c4000 f31:0x441c4000 f24=0x80000000
     280485.000 ns	     28047	80005b38	d00f77d3	fcvt.s.w	f15,x30	 x30:0x00000000 f15=0x00000000
     280515.000 ns	     28050	80005b3c	e0001653	fclass.s	x12,f0	  f0:0x441c4000 x12=0x00000040
     280535.000 ns	     28052	80005b40	01eb88b3	add	x17,x23,x30	 x23:0x00000000 x30:0x00000000 x17=0x00000000
     280545.000 ns	     28053	80005b44	0f227413	andi	x8,x4,242	  x4:0x71851000  x8=0x00000000
     280555.000 ns	     28054	80005b48	00000013	addi	x0,x0,0	  x0:0x00000000
     280575.000 ns	     28056	80005b4c	e00a11d3	fclass.s	x3,f20	 f20:0x7fc00000  x3=0x00000200
     280595.000 ns	     28058	80005b50	1b41f393	andi	x7,x3,436	  x3:0xffffffff  x7=0x00000000
     280955.000 ns	     28094	80005b54	024cc6b3	div	x13,x25,x4	 x25:0x7959b000  x4:0x71851000 x13=0x00000001
     280975.000 ns	     28096	80005b58	4022d3b3	sra	x7,x5,x2	  x5:0x80041024  x2:0x00000001  x7=0xc0020812
     280985.000 ns	     28097	80005b5c	a325f093	andi	x1,x11,-1486	 x11:0x00000000  x1=0x00000000
     281005.000 ns	     28099	80005b60	a10da453	feq.s	x8,f27,f16	 f27:0xffc00000 f16:0xbf800000  x8=0x00000000
     281035.000 ns	     28102	80005b64	a0bc09d3	fle.s	x19,f24,f11	 f24:0x80000000 f11:0x7fc00000 x19=0x00000000
     281065.000 ns	     28105	80005b68	286c11d3	fmax.s	f3,f24,f6	 f24:0x80000000  f6:0xceaaaf63  f3=0x80000000
     281095.000 ns	     28108	80005b6c	e00f1e53	fclass.s	x28,f30	 f30:0x441c4000 x28=0x00000040
     281115.000 ns	     28110	80005b70	00ade0b3	or	x1,x27,x10	 x27:0x7fffffff x10:0x00000000  x1=0x7fffffff
     281135.000 ns	     28112	80005b74	d0047b53	fcvt.s.w	f22,x8	  x8:0x00000000 f22=0x00000000
     281165.000 ns	     28115	80005b78	213dab53	fsgnjx.s	f22,f27,f19	 f27:0xffc00000 f19:0x4a7a1ff8 f22=0xffc00000
     281185.000 ns	     28117	80005b7c	015b6cb3	or	x25,x22,x21	 x22:0xaaa84e4e x21:0xca30eac8 x25=0xeab8eece
     281205.000 ns	     28119	80005b80	a157ac53	feq.s	x24,f15,f21	 f15:0x00000000 f21:0x441c4000 x24=0x00000000
     281575.000 ns	     28156	80005b84	02c26633	rem	x12,x4,x12	  x4:0x71851000 x12:0x00000040 x12=0x00000000
     281605.000 ns	     28159	80005b88	a16528d3	feq.s	x17,f10,f22	 f10:0x3f800000 f22:0xffc00000 x17=0x00000000
     281635.000 ns	     28162	80005b8c	c01b17d3	fcvt.wu.s	x15,f22	 f22:0xffc00000 x15=0xffffffff
     281655.000 ns	     28164	80005b90	5233b813	sltiu	x16,x7,1315	  x7:0xc0020812 x16=0x00000000
     281665.000 ns	     28165	80005b94	50012c93	slti	x25,x2,1280	  x2:0x00000001 x25=0x00000001
     281685.000 ns	     28167	80005b98	03336533	rem	x10,x6,x19	  x6:0xfb74ce07 x19:0x00000000 x10=0xfb74ce07
     281715.000 ns	     28170	80005b9c	e00b00d3	fmv.x.w	x1,f22	 f22:0xffc00000  x1=0xffc00000
     281735.000 ns	     28172	80005ba0	00433133	sltu	x2,x6,x4	  x6:0xfb74ce07  x4:0x71851000  x2=0x00000000
     282095.000 ns	     28208	80005ba4	035e4ab3	div	x21,x28,x21	 x28:0x00000040 x21:0xca30eac8 x21=0x00000000
     282115.000 ns	     28210	80005ba8	00e2ad33	slt	x26,x5,x14	  x5:0x80041024 x14:0x80040fe4 x26=0x00000000
     282135.000 ns	     28212	80005bac	e00d8853	fmv.x.w	x16,f27	 f27:0xffc00000 x16=0xffc00000
     282165.000 ns	     28215	80005bb0	c0047cd3	fcvt.w.s	x25,f8	  f8:0x7fc00000 x25=0x7fffffff
     282215.000 ns	     28220	80005bb4	09ebfe53	fsub.s	f28,f23,f30	 f23:0x4a7a1ff8 f30:0x441c4000 f28=0x4a7a1634
     282235.000 ns	     28222	80005bb8	00bfa3b3	slt	x7,x31,x11	 x31:0x0038c287 x11:0x00000000  x7=0x00000000
     282275.000 ns	     28226	80005bbc	00d77953	fadd.s	f18,f14,f13	 f14:0x3f800000 f13:0xca7a2000 f18=0xca7a1ffc
     282645.000 ns	     28263	80005bc0	02376fb3	rem	x31,x14,x3	 x14:0x80040fe4  x3:0x00000200 x31=0xffffffe4
     282675.000 ns	     28266	80005bc4	c01bf7d3	fcvt.wu.s	x15,f23	 f23:0x4a7a1ff8 x15=0x003e87fe
     282725.000 ns	     28271	80005bc8	013af053	fadd.s	f0,f21,f19	 f21:0x441c4000 f19:0x4a7a1ff8  f0=0x4a7a29bc
     282745.000 ns	     28273	80005bcc	db9af093	andi	x1,x21,-583	 x21:0x00000000  x1=0x00000000
     282755.000 ns	     28274	80005bd0	01d56ab3	or	x21,x10,x29	 x10:0xfb74ce07 x29:0xbf800000 x21=0xfff4ce07
     282775.000 ns	     28276	80005bd4	a0f4af53	feq.s	x30,f9,f15	  f9:0xd5e9c628 f15:0x00000000 x30=0x00000000
     283145.000 ns	     28313	80005bd8	02554cb3	div	x25,x10,x5	 x10:0xfb74ce07  x5:0x80041024 x25=0x00000000
     283175.000 ns	     28316	80005bdc	d014fe53	fcvt.s.wu	f28,x9	  x9:0x00000000 f28=0x00000000
     283205.000 ns	     28319	80005be0	0292a5b3	mulhsu	x11,x5,x9	  x5:0x80041024  x9:0x00000000 x11=0x00000000
     283245.000 ns	     28323	80005be4	101674d3	fmul.s	f9,f12,f1	 f12:0xffc00000  f1:0xffffff0d  f9=0x7fc00000
     283275.000 ns	     28326	80005be8	216e17d3	fsgnjn.s	f15,f28,f22	 f28:0x00000000 f22:0xffc00000 f15=0x00000000
     283295.000 ns	     28328	80005bec	01d13ab3	sltu	x21,x2,x29	  x2:0x00000000 x29:0xbf800000 x21=0x00000001
     283305.000 ns	     28329	80005bf0	004498b3	sll	x17,x9,x4	  x9:0x00000000  x4:0x71851000 x17=0x00000000
     283315.000 ns	     28330	80005bf4	cf82bf13	sltiu	x30,x5,-776	  x5:0x80041024 x30=0x00000001
     283325.000 ns	     28331	80005bf8	00606fb3	or	x31,x0,x6	  x0:0x00000000  x6:0xfb74ce07 x31=0xfb74ce07
     283345.000 ns	     28333	80005bfc	021f6eb3	rem	x29,x30,x1	 x30:0x00000000  x1:0x00000000 x29=0x00000001
     283375.000 ns	     28336	80005c00	024c9eb3	mulh	x29,x25,x4	 x25:0x00000000  x4:0x71851000 x29=0x00000000
     283405.000 ns	     28339	80005c04	d01c7fd3	fcvt.s.wu	f31,x24	 x24:0x00000000 f31=0x00000000
     283425.000 ns	     28341	80005c08	419ddd33	sra	x26,x27,x25	 x27:0x7fffffff x25:0x00000000 x26=0x7fffffff
     283445.000 ns	     28343	80005c0c	294e98d3	fmax.s	f17,f29,f20	 f29:0x00000000 f20:0x7fc00000 f17=0x00000000
     283465.000 ns	     28345	80005c10	41670033	sub	x0,x14,x22	 x14:0x80040fe4 x22:0xaaa84e4e
     283475.000 ns	     28346	80005c14	b5792493	slti	x9,x18,-1193	 x18:0x00000000  x9=0x00000000
     283835.000 ns	     28382	80005c18	030ec133	div	x2,x29,x16	 x29:0x00000000 x16:0xffc00000  x2=0x00000000
     284205.000 ns	     28419	80005c1c	03bac633	div	x12,x21,x27	 x21:0x00000001 x27:0x7fffffff x12=0x00000000
     284235.000 ns	     28422	80005c20	c00c97d3	fcvt.w.s	x15,f25	 f25:0xca7a2000 x15=0xffc17800
     284255.000 ns	     28424	80005c24	3400aa93	slti	x21,x1,832	  x1:0x00000000 x21=0x00000001
     284285.000 ns	     28427	80005c28	18588dd3	fdiv.s	f27,f17,f5	 f17:0x00000000  f5:0x7fc00000 f27=0x7fc00000
     284305.000 ns	     28429	80005c2c	0001feb3	and	x29,x3,x0	  x3:0x00000200  x0:0x00000000 x29=0x00000000
     284315.000 ns	     28430	80005c30	00be2f33	slt	x30,x28,x11	 x28:0x00000040 x11:0x00000000 x30=0x00000000
     284325.000 ns	     28431	80005c34	34d18a13	addi	x20,x3,845	  x3:0x00000200 x20=0x0000054d
     284355.000 ns	     28434	80005c38	580a0dd3	fsqrt.s	f27,f20	 f20:0x7fc00000 f27=0x7fc00000
     284385.000 ns	     28437	80005c3c	0344abb3	mulhsu	x23,x9,x20	  x9:0x00000000 x20:0x3f7e1b08 x23=0x00000000
     284425.000 ns	     28441	80005c40	102ff0d3	fmul.s	f1,f31,f2	 f31:0x00000000  f2:0x00000000  f1=0x00000000
     284455.000 ns	     28444	80005c44	a0281cd3	flt.s	x25,f16,f2	 f16:0xbf800000  f2:0x00000000 x25=0x00000001
     284825.000 ns	     28481	80005c48	0368c933	div	x18,x17,x22	 x17:0x00000000 x22:0xaaa84e4e x18=0x00000000
     284845.000 ns	     28483	80005c4c	00701433	sll	x8,x0,x7	  x0:0x00000000  x7:0x00000000  x8=0x00000000
     284865.000 ns	     28485	80005c50	c0027d53	fcvt.w.s	x26,f4	  f4:0xc41c4000 x26=0x00000271
     284905.000 ns	     28489	80005c54	101a77d3	fmul.s	f15,f20,f1	 f20:0x7fc00000  f1:0x00000000 f15=0x7fc00000
     284935.000 ns	     28492	80005c58	c007cad3	fcvt.w.s	x21,f15	 f15:0x00000000 x21=0x7fffffff
     284955.000 ns	     28494	80005c5c	008331b3	sltu	x3,x6,x8	  x6:0xfb74ce07  x8:0x00000000  x3=0x00000000
     284985.000 ns	     28497	80005c60	580a1dd3	fsqrt.s	f27,f20	 f20:0x7fc00000 f27=0x7fc00000
     285015.000 ns	     28500	80005c64	03806933	rem	x18,x0,x24	  x0:0x00000000 x24:0x00000000 x18=0x00000000
     285045.000 ns	     28503	80005c68	29f991d3	fmax.s	f3,f19,f31	 f19:0x4a7a1ff8 f31:0x00000000  f3=0x4a7a1ff8
     285075.000 ns	     28506	80005c6c	0312f533	remu	x10,x5,x17	  x5:0x80041024 x17:0x00000000 x10=0x80041024
     285095.000 ns	     28508	80005c70	000e9493	slli	x9,x29,0x0	 x29:0x00000000  x9=0x00000000
     285105.000 ns	     28509	80005c74	e2adf113	andi	x2,x27,-470	 x27:0x7fffffff  x2=0x7ffffe2a
     285115.000 ns	     28510	80005c78	1cf20f13	addi	x30,x4,463	  x4:0x71851000 x30=0x718511cf
     285135.000 ns	     28512	80005c7c	f0080b53	fmv.w.x	f22,x16	 x16:0xffc00000 f22=0xffc00000
     285165.000 ns	     28515	80005c80	d00c9553	fcvt.s.w	f10,x25	 x25:0x00000001 f10=0x3f800000
     285195.000 ns	     28518	80005c84	0330a233	mulhsu	x4,x1,x19	  x1:0x00000000 x19:0x00000000  x4=0x00000000
     285215.000 ns	     28520	80005c88	012bce33	xor	x28,x23,x18	 x23:0x00000000 x18:0x00000000 x28=0x00000000
     285225.000 ns	     28521	80005c8c	00b5c5b3	xor	x11,x11,x11	 x11:0x00000000 x11:0x00000000 x11=0x00000000
     285235.000 ns	     28522	80005c90	01949833	sll	x16,x9,x25	  x9:0x00000000 x25:0x00000001 x16=0x00000000
     285245.000 ns	     28523	80005c94	0129c433	xor	x8,x19,x18	 x19:0x00000000 x18:0x00000000  x8=0x00000000
     285255.000 ns	     28524	80005c98	00000013	addi	x0,x0,0	  x0:0x00000000
     285265.000 ns	     28525	80005c9c	40fbdc33	sra	x24,x23,x15	 x23:0x00000000 x15:0xffc17800 x24=0x00000000
     285285.000 ns	     28527	80005ca0	d012fdd3	fcvt.s.wu	f27,x5	  x5:0x80041024 f27=0x4f000410
     285315.000 ns	     28530	80005ca4	202083d3	fsgnj.s	f7,f1,f2	  f1:0x00000000  f2:0x00000000  f7=0x00000000
     285685.000 ns	     28567	80005ca8	036d5833	divu	x16,x26,x22	 x26:0x00000271 x22:0xaaa84e4e x16=0x00000000
     285715.000 ns	     28570	80005cac	023bb8b3	mulhu	x17,x23,x3	 x23:0x00000000  x3:0x00000000 x17=0x00000000
     285735.000 ns	     28572	80005cb0	91898d93	addi	x27,x19,-1768	 x19:0x00000000 x27=0xfffff918
     285745.000 ns	     28573	80005cb4	012f93b3	sll	x7,x31,x18	 x31:0xfb74ce07 x18:0x00000000  x7=0xfb74ce07
     285765.000 ns	     28575	80005cb8	c0127553	fcvt.wu.s	x10,f4	  f4:0xc41c4000 x10=0x00000271
     285785.000 ns	     28577	80005cbc	00ef2bb3	slt	x23,x30,x14	 x30:0x718511cf x14:0x80040fe4 x23=0x00000000
     285795.000 ns	     28578	80005cc0	010a9c13	slli	x24,x21,0x10	 x21:0x7fffffff x24=0xffff0000
     285815.000 ns	     28580	80005cc4	209d18d3	fsgnjn.s	f17,f26,f9	 f26:0x00000000  f9:0x7fc00000 f17=0x80000000
     285835.000 ns	     28582	80005cc8	01c62933	slt	x18,x12,x28	 x12:0x00000000 x28:0x00000000 x18=0x00000000
     285855.000 ns	     28584	80005ccc	023430b3	mulhu	x1,x8,x3	  x8:0x00000000  x3:0x00000000  x1=0x00000000
     285875.000 ns	     28586	80005cd0	0065a5b3	slt	x11,x11,x6	 x11:0x00000000  x6:0xfb74ce07 x11=0x00000000
     285895.000 ns	     28588	80005cd4	02a381b3	mul	x3,x7,x10	  x7:0xfb74ce07 x10:0x00000271  x3=0xe82aff17
     285925.000 ns	     28591	80005cd8	28f491d3	fmax.s	f3,f9,f15	  f9:0x7fc00000 f15:0x7fc00000  f3=0x7fc00000
     285955.000 ns	     28594	80005cdc	c00d1dd3	fcvt.w.s	x27,f26	 f26:0x00000000 x27=0x00000000
     285975.000 ns	     28596	80005ce0	000fca33	xor	x20,x31,x0	 x31:0xfb74ce07  x0:0x00000000 x20=0xfb74ce07
     286015.000 ns	     28600	80005ce4	012036d3	fadd.s	f13,f0,f18	  f0:0x4a7a29bc f18:0xca7a1ffc f13=0x441c0000
     286045.000 ns	     28603	80005ce8	2014a5d3	fsgnjx.s	f11,f9,f1	  f9:0x7fc00000  f1:0x00000000 f11=0x7fc00000
     286065.000 ns	     28605	80005cec	0183a6b3	slt	x13,x7,x24	  x7:0xfb74ce07 x24:0xffff0000 x13=0x00000001
     286085.000 ns	     28607	80005cf0	21721ed3	fsgnjn.s	f29,f4,f23	  f4:0xc41c4000 f23:0x4a7a1ff8 f29=0xc41c4000
     286115.000 ns	     28610	80005cf4	a06d0853	fle.s	x16,f26,f6	 f26:0x00000000  f6:0xceaaaf63 x16=0x00000000
     286155.000 ns	     28614	80005cf8	18cf7753	fdiv.s	f14,f30,f12	 f30:0x441c4000 f12:0xffc00000 f14=0x7fc00000
     286175.000 ns	     28616	80005cfc	4095dcb3	sra	x25,x11,x9	 x11:0x00000000  x9:0x00000000 x25=0x00000000
     286195.000 ns	     28618	80005d00	d00635d3	fcvt.s.w	f11,x12	 x12:0x00000000 f11=0x00000000
     286215.000 ns	     28620	80005d04	fd1bfd93	andi	x27,x23,-47	 x23:0x00000000 x27=0x00000000
     286235.000 ns	     28622	80005d08	20452d53	fsgnjx.s	f26,f10,f4	 f10:0x3f800000  f4:0xc41c4000 f26=0xbf800000
     286265.000 ns	     28625	80005d0c	f0000753	fmv.w.x	f14,x0	  x0:0x00000000 f14=0x00000000
     286285.000 ns	     28627	80005d10	01571e93	slli	x29,x14,0x15	 x14:0x80040fe4 x29=0xfc800000
     286295.000 ns	     28628	80005d14	01223ab3	sltu	x21,x4,x18	  x4:0x00000000 x18:0x00000000 x21=0x00000000
     286305.000 ns	     28629	80005d18	019e0833	add	x16,x28,x25	 x28:0x00000000 x25:0x00000000 x16=0x00000000
     286315.000 ns	     28630	80005d1c	ab762893	slti	x17,x12,-1353	 x12:0x00000000 x17=0x00000000
     286355.000 ns	     28634	80005d20	093e7e53	fsub.s	f28,f28,f19	 f28:0x00000000 f19:0x4a7a1ff8 f28=0xca7a1ff8
     286375.000 ns	     28636	80005d24	4028d693	srai	x13,x17,0x2	 x17:0x00000000 x13=0x00000000
     286395.000 ns	     28638	80005d28	03188633	mul	x12,x17,x17	 x17:0x00000000 x17:0x00000000 x12=0x00000000
     286425.000 ns	     28641	80005d2c	21df2553	fsgnjx.s	f10,f30,f29	 f30:0x441c4000 f29:0xc41c4000 f10=0xc41c4000
     286465.000 ns	     28645	80005d30	1957f053	fdiv.s	f0,f15,f21	 f15:0x7fc00000 f21:0x441c4000  f0=0x7fc00000
     286485.000 ns	     28647	80005d34	0104a0b3	slt	x1,x9,x16	  x9:0x00000000 x16:0x00000000  x1=0x00000000
     286495.000 ns	     28648	80005d38	009b5fb3	srl	x31,x22,x9	 x22:0xaaa84e4e  x9:0x00000000 x31=0xaaa84e4e
     286515.000 ns	     28650	80005d3c	a01e9cd3	flt.s	x25,f29,f1	 f29:0xc41c4000  f1:0x00000000 x25=0x00000001
     286545.000 ns	     28653	80005d40	28230d53	fmin.s	f26,f6,f2	  f6:0xceaaaf63  f2:0x00000000 f26=0xceaaaf63
     286565.000 ns	     28655	80005d44	4091d493	srai	x9,x3,0x9	  x3:0xe82aff17  x9=0xfff4157f
     286575.000 ns	     28656	80005d48	7f57a513	slti	x10,x15,2037	 x15:0xffc17800 x10=0x00000001
     286585.000 ns	     28657	80005d4c	34a6a693	slti	x13,x13,842	 x13:0x00000000 x13=0x00000001
     286595.000 ns	     28658	80005d50	00000013	addi	x0,x0,0	  x0:0x00000000
     286605.000 ns	     28659	80005d54	40730f33	sub	x30,x6,x7	  x6:0xfb74ce07  x7:0xfb74ce07 x30=0x00000000
     286615.000 ns	     28660	80005d58	50810613	addi	x12,x2,1288	  x2:0x7ffffe2a x12=0x80000332
     286625.000 ns	     28661	80005d5c	00d09813	slli	x16,x1,0xd	  x1:0x00000000 x16=0x00000000
     286645.000 ns	     28663	80005d60	a0b0a9d3	feq.s	x19,f1,f11	  f1:0x00000000 f11:0x00000000 x19=0x00000001
     286665.000 ns	     28665	80005d64	934a8d13	addi	x26,x21,-1740	 x21:0x00000000 x26=0xfffff934
     286685.000 ns	     28667	80005d68	20f508d3	fsgnj.s	f17,f10,f15	 f10:0xc41c4000 f15:0x7fc00000 f17=0x441c4000
     286705.000 ns	     28669	80005d6c	011ade33	srl	x28,x21,x17	 x21:0x00000000 x17:0x00000000 x28=0x00000000
     286725.000 ns	     28671	80005d70	a1249cd3	flt.s	x25,f9,f18	  f9:0x7fc00000 f18:0xca7a1ffc x25=0x00000000
     286745.000 ns	     28673	80005d74	41b5da13	srai	x20,x11,0x1b	 x11:0x00000000 x20=0x00000000
     286765.000 ns	     28675	80005d78	e00e8bd3	fmv.x.w	x23,f29	 f29:0xc41c4000 x23=0xc41c4000
     286785.000 ns	     28677	80005d7c	0151d7b3	srl	x15,x3,x21	  x3:0xe82aff17 x21:0x00000000 x15=0xe82aff17
     286795.000 ns	     28678	80005d80	47360193	addi	x3,x12,1139	 x12:0x80000332  x3=0x800007a5
     286805.000 ns	     28679	80005d84	016e9693	slli	x13,x29,0x16	 x29:0xfc800000 x13=0x00000000
     286815.000 ns	     28680	80005d88	1b890997	auipc	x19,0x1b890	 x19=0x9b895d88
     286835.000 ns	     28682	80005d8c	c005f253	fcvt.w.s	x4,f11	 f11:0x00000000  x4=0x00000000
     286855.000 ns	     28684	80005d90	41268db3	sub	x27,x13,x18	 x13:0x00000000 x18:0x00000000 x27=0x00000000
     286875.000 ns	     28686	80005d94	d00b27d3	fcvt.s.w	f15,x22	 x22:0xaaa84e4e f15=0xceaaaf64
     286905.000 ns	     28689	80005d98	f00f0a53	fmv.w.x	f20,x30	 x30:0x00000000 f20=0x00000000
     286935.000 ns	     28692	80005d9c	21b59453	fsgnjn.s	f8,f11,f27	 f11:0x00000000 f27:0x4f000410  f8=0x80000000
     286955.000 ns	     28694	80005da0	84170db7	lui	x27,0x84170	 x27=0x84170000
     286965.000 ns	     28695	80005da4	e8044f93	xori	x31,x8,-384	  x8:0x00000000 x31=0xfffffe80
     286975.000 ns	     28696	80005da8	da0e4f93	xori	x31,x28,-608	 x28:0x00000000 x31=0xfffffda0
     286985.000 ns	     28697	80005dac	1d6ce793	ori	x15,x25,470	 x25:0x00000000 x15=0x000001d6
     287015.000 ns	     28700	80005db0	58054fd3	fsqrt.s	f31,f10	 f10:0xc41c4000 f31=0x7fc00000
     287035.000 ns	     28702	80005db4	a1073d93	sltiu	x27,x14,-1520	 x14:0x80040fe4 x27=0x00000001
     287055.000 ns	     28704	80005db8	205ba4d3	fsgnjx.s	f9,f23,f5	 f23:0x4a7a1ff8  f5:0x7fc00000  f9=0x4a7a1ff8
     287075.000 ns	     28706	80005dbc	0016dd33	srl	x26,x13,x1	 x13:0x00000000  x1:0x00000000 x26=0x00000000
     287095.000 ns	     28708	80005dc0	a1581453	flt.s	x8,f16,f21	 f16:0xbf800000 f21:0x441c4000  x8=0x00000001
     287115.000 ns	     28710	80005dc4	005e7833	and	x16,x28,x5	 x28:0x00000000  x5:0x80041024 x16=0x00000000
     287475.000 ns	     28746	80005dc8	02a3c5b3	div	x11,x7,x10	  x7:0xfb74ce07 x10:0x00000001 x11=0xfb74ce07
     287505.000 ns	     28749	80005dcc	02bb0333	mul	x6,x22,x11	 x22:0xaaa84e4e x11:0x00000000  x6=0x0ef4e822
     287555.000 ns	     28754	80005dd0	08a17953	fsub.s	f18,f2,f10	  f2:0x00000000 f10:0xc41c4000 f18=0x441c4000
     287585.000 ns	     28757	80005dd4	036f3ab3	mulhu	x21,x30,x22	 x30:0x00000000 x22:0xaaa84e4e x21=0x00000000
     287615.000 ns	     28760	80005dd8	20229453	fsgnjn.s	f8,f5,f2	  f5:0x7fc00000  f2:0x00000000  f8=0xffc00000
     287985.000 ns	     28797	80005ddc	036d5033	divu	x0,x26,x22	 x26:0x00000000 x22:0xaaa84e4e
     288005.000 ns	     28799	80005de0	00a41bb3	sll	x23,x8,x10	  x8:0x00000001 x10:0x00000001 x23=0x00000002
     288365.000 ns	     28835	80005de4	02ec5db3	divu	x27,x24,x14	 x24:0xffff0000 x14:0x80040fe4 x27=0x00000001
     288385.000 ns	     28837	80005de8	67432d93	slti	x27,x6,1652	  x6:0x0ef4e822 x27=0x00000000
     288405.000 ns	     28839	80005dec	02238d33	mul	x26,x7,x2	  x7:0xfb74ce07  x2:0x7ffffe2a x26=0xd78dbf26
     288425.000 ns	     28841	80005df0	88c82693	slti	x13,x16,-1908	 x16:0x00000000 x13=0x00000000
     288445.000 ns	     28843	80005df4	f00b0753	fmv.w.x	f14,x22	 x22:0xaaa84e4e f14=0xaaa84e4e
     288475.000 ns	     28846	80005df8	20f20753	fsgnj.s	f14,f4,f15	  f4:0xc41c4000 f15:0xceaaaf64 f14=0xc41c4000
     288495.000 ns	     28848	80005dfc	0ff26813	ori	x16,x4,255	  x4:0x00000000 x16=0x000000ff
     288505.000 ns	     28849	80005e00	40400f33	sub	x30,x0,x4	  x0:0x00000000  x4:0x00000000 x30=0x00000000
     288525.000 ns	     28851	80005e04	a0b78bd3	fle.s	x23,f15,f11	 f15:0xceaaaf64 f11:0x00000000 x23=0x00000001
     288555.000 ns	     28854	80005e08	204e9453	fsgnjn.s	f8,f29,f4	 f29:0xc41c4000  f4:0xc41c4000  f8=0x441c4000
     288575.000 ns	     28856	80005e0c	00000013	addi	x0,x0,0	  x0:0x00000000
     288595.000 ns	     28858	80005e10	02e708b3	mul	x17,x14,x14	 x14:0x80040fe4 x14:0x80040fe4 x17=0x801c8310
     288625.000 ns	     28861	80005e14	f00d8653	fmv.w.x	f12,x27	 x27:0x00000000 f12=0x00000000
     288645.000 ns	     28863	80005e18	41385f13	srai	x30,x16,0x13	 x16:0x000000ff x30=0x00000000
     288655.000 ns	     28864	80005e1c	0cdae113	ori	x2,x21,205	 x21:0x00000000  x2=0x000000cd
     288675.000 ns	     28866	80005e20	d016f0d3	fcvt.s.wu	f1,x13	 x13:0x00000000  f1=0x00000000
     288705.000 ns	     28869	80005e24	a15e9f53	flt.s	x30,f29,f21	 f29:0xc41c4000 f21:0x441c4000 x30=0x00000001
     288725.000 ns	     28871	80005e28	010847b3	xor	x15,x16,x16	 x16:0x000000ff x16:0x000000ff x15=0x00000000
     288745.000 ns	     28873	80005e2c	a0e811d3	flt.s	x3,f16,f14	 f16:0xbf800000 f14:0xc41c4000  x3=0x00000000
     288785.000 ns	     28877	80005e30	5805f1d3	fsqrt.s	f3,f11	 f11:0x00000000  f3=0x00000000
     288815.000 ns	     28880	80005e34	298f0d53	fmin.s	f26,f30,f24	 f30:0x441c4000 f24:0x80000000 f26=0x80000000
     288845.000 ns	     28883	80005e38	a19a10d3	flt.s	x1,f20,f25	 f20:0x00000000 f25:0xca7a2000  x1=0x00000000
     288875.000 ns	     28886	80005e3c	20f3a6d3	fsgnjx.s	f13,f7,f15	  f7:0x00000000 f15:0xceaaaf64 f13=0x80000000
     288895.000 ns	     28888	80005e40	41b85e13	srai	x28,x16,0x1b	 x16:0x000000ff x28=0x00000000
     289255.000 ns	     28924	80005e44	02b0d6b3	divu	x13,x1,x11	  x1:0x00000000 x11:0xfb74ce07 x13=0x00000000
     289275.000 ns	     28926	80005e48	00291313	slli	x6,x18,0x2	 x18:0x00000000  x6=0x00000000
     289295.000 ns	     28928	80005e4c	200b2653	fsgnjx.s	f12,f22,f0	 f22:0xffc00000  f0:0x7fc00000 f12=0xffc00000
     289325.000 ns	     28931	80005e50	211313d3	fsgnjn.s	f7,f6,f17	  f6:0xceaaaf63 f17:0x441c4000  f7=0xceaaaf63
     289355.000 ns	     28934	80005e54	029fb1b3	mulhu	x3,x31,x9	 x31:0xfffffda0  x9:0xfff4157f  x3=0xfff4131f
     289375.000 ns	     28936	80005e58	00063d33	sltu	x26,x12,x0	 x12:0x80000332  x0:0x00000000 x26=0x00000000
     289395.000 ns	     28938	80005e5c	208a29d3	fsgnjx.s	f19,f20,f8	 f20:0x00000000  f8:0x441c4000 f19=0x00000000
     289425.000 ns	     28941	80005e60	0210ccb3	div	x25,x1,x1	  x1:0x00000000  x1:0x00000000 x25=0xffffffff
     289445.000 ns	     28943	80005e64	0138dcb3	srl	x25,x17,x19	 x17:0x801c8310 x19:0x9b895d88 x25=0x00801c83
     289455.000 ns	     28944	80005e68	001df833	and	x16,x27,x1	 x27:0x00000000  x1:0x00000000 x16=0x00000000
     289465.000 ns	     28945	80005e6c	0100f3b3	and	x7,x1,x16	  x1:0x00000000 x16:0x000000ff  x7=0x00000000
     289485.000 ns	     28947	80005e70	c0084cd3	fcvt.w.s	x25,f16	 f16:0xbf800000 x25=0xffffffff
     289515.000 ns	     28950	80005e74	e00489d3	fmv.x.w	x19,f9	  f9:0x4a7a1ff8 x19=0x4a7a1ff8
     289535.000 ns	     28952	80005e78	009f58b3	srl	x17,x30,x9	 x30:0x00000001  x9:0xfff4157f x17=0x00000000
     289545.000 ns	     28953	80005e7c	01596f33	or	x30,x18,x21	 x18:0x00000000 x21:0x00000000 x30=0x00000000
     289905.000 ns	     28989	80005e80	02e9e233	rem	x4,x19,x14	 x19:0x4a7a1ff8 x14:0x80040fe4  x4=0x4a7a1ff8
     289925.000 ns	     28991	80005e84	540bad13	slti	x26,x23,1344	 x23:0x00000001 x26=0x00000001
     290255.000 ns	     29024	80005e88	18eaf153	fdiv.s	f2,f21,f14	 f21:0x441c4000 f14:0xc41c4000  f2=0xbf79fbc0
     290275.000 ns	     29026	80005e8c	402adbb3	sra	x23,x21,x2	 x21:0x00000000  x2:0x000000cd x23=0x00000000
     290295.000 ns	     29028	80005e90	202a91d3	fsgnjn.s	f3,f21,f2	 f21:0x441c4000  f2:0xbf79fbc0  f3=0x441c4000
     290315.000 ns	     29030	80005e94	b8f54c93	xori	x25,x10,-1137	 x10:0x00000001 x25=0xfffffb8e
     290325.000 ns	     29031	80005e98	00000013	addi	x0,x0,0	  x0:0x00000000
     290345.000 ns	     29033	80005e9c	21c51ed3	fsgnjn.s	f29,f10,f28	 f10:0xc41c4000 f28:0xca7a1ff8 f29=0x441c4000
     290365.000 ns	     29035	80005ea0	0018d433	srl	x8,x17,x1	 x17:0x00000000  x1:0x00000000  x8=0x00000000
     290375.000 ns	     29036	80005ea4	00539c33	sll	x24,x7,x5	  x7:0x00000000  x5:0x80041024 x24=0x00000000
     290735.000 ns	     29072	80005ea8	03d065b3	rem	x11,x0,x29	  x0:0x00000000 x29:0xfc800000 x11=0x00000000
     290755.000 ns	     29074	80005eac	c9767c93	andi	x25,x12,-873	 x12:0x80000332 x25=0x80000012
     290775.000 ns	     29076	80005eb0	a004a3d3	feq.s	x7,f9,f0	  f9:0x4a7a1ff8  f0:0x7fc00000  x7=0x00000000
     290805.000 ns	     29079	80005eb4	03c94cb3	div	x25,x18,x28	 x18:0x00000000 x28:0x00000000 x25=0xffffffff
     290825.000 ns	     29081	80005eb8	f6f76693	ori	x13,x14,-145	 x14:0x80040fe4 x13=0xffffffef
     291185.000 ns	     29117	80005ebc	02c9dc33	divu	x24,x19,x12	 x19:0x4a7a1ff8 x12:0x80000332 x24=0x00000000
     291205.000 ns	     29119	80005ec0	01b71793	slli	x15,x14,0x1b	 x14:0x80040fe4 x15=0x20000000
     291215.000 ns	     29120	80005ec4	01d8c5b3	xor	x11,x17,x29	 x17:0x00000000 x29:0xfc800000 x11=0xfc800000
     291235.000 ns	     29122	80005ec8	d00ac253	fcvt.s.w	f4,x21	 x21:0x00000000  f4=0x00000000
     291265.000 ns	     29125	80005ecc	e00693d3	fclass.s	x7,f13	 f13:0x80000000  x7=0x00000008
     291285.000 ns	     29127	80005ed0	a5456593	ori	x11,x10,-1452	 x10:0x00000001 x11=0xfffffa55
     291305.000 ns	     29129	80005ed4	e0029f53	fclass.s	x30,f5	  f5:0x7fc00000 x30=0x00000200
     291325.000 ns	     29131	80005ed8	0018d913	srli	x18,x17,0x1	 x17:0x00000000 x18=0x00000000
     291335.000 ns	     29132	80005edc	013ee333	or	x6,x29,x19	 x29:0xfc800000 x19:0x4a7a1ff8  x6=0xfefa1ff8
     291355.000 ns	     29134	80005ee0	c01226d3	fcvt.wu.s	x13,f4	  f4:0x00000000 x13=0x00000000
     291375.000 ns	     29136	80005ee4	00abe6b3	or	x13,x23,x10	 x23:0x00000000 x10:0x00000001 x13=0x00000001
     291395.000 ns	     29138	80005ee8	20d20b53	fsgnj.s	f22,f4,f13	  f4:0x00000000 f13:0x80000000 f22=0x80000000
     291765.000 ns	     29175	80005eec	039f71b3	remu	x3,x30,x25	 x30:0x00000200 x25:0xffffffff  x3=0x00000200
     292135.000 ns	     29212	80005ef0	023d7fb3	remu	x31,x26,x3	 x26:0x00000001  x3:0xfff4131f x31=0x00000001
     292165.000 ns	     29215	80005ef4	a1db1053	flt.s	x0,f22,f29	 f22:0x80000000 f29:0x441c4000
     292185.000 ns	     29217	80005ef8	b6632237	lui	x4,0xb6632	  x4=0xb6632000
     292195.000 ns	     29218	80005efc	c3c66513	ori	x10,x12,-964	 x12:0x80000332 x10=0xffffff3e
     292555.000 ns	     29254	80005f00	0245cdb3	div	x27,x11,x4	 x11:0xfffffa55  x4:0x4a7a1ff8 x27=0x00000000
     292585.000 ns	     29257	80005f04	e00394d3	fclass.s	x9,f7	  f7:0xceaaaf63  x9=0x00000002
     292605.000 ns	     29259	80005f08	00674cb3	xor	x25,x14,x6	 x14:0x80040fe4  x6:0xfefa1ff8 x25=0x7efe101c
     292625.000 ns	     29261	80005f0c	03469c33	mulh	x24,x13,x20	 x13:0x00000001 x20:0x00000000 x24=0x00000000
     292655.000 ns	     29264	80005f10	d009a653	fcvt.s.w	f12,x19	 x19:0x4a7a1ff8 f12=0x4e94f440
     292695.000 ns	     29268	80005f14	5802a353	fsqrt.s	f6,f5	  f5:0x7fc00000  f6=0x7fc00000
     292735.000 ns	     29272	80005f18	1178f353	fmul.s	f6,f17,f23	 f17:0x441c4000 f23:0x4a7a1ff8  f6=0x4f18aa03
     292765.000 ns	     29275	80005f1c	c017f6d3	fcvt.wu.s	x13,f15	 f15:0xceaaaf64 x13=0x5557b200
     292785.000 ns	     29277	80005f20	00c06eb3	or	x29,x0,x12	  x0:0x00000000 x12:0x80000332 x29=0x80000332
     292815.000 ns	     29280	80005f24	1160b853	fmul.s	f16,f1,f22	  f1:0x00000000 f22:0x80000000 f16=0x80000000
     292845.000 ns	     29283	80005f28	29e681d3	fmin.s	f3,f13,f30	 f13:0x80000000 f30:0x441c4000  f3=0x80000000
     292865.000 ns	     29285	80005f2c	5f247993	andi	x19,x8,1522	  x8:0x00000000 x19=0x00000000
     292875.000 ns	     29286	80005f30	0041f7b3	and	x15,x3,x4	  x3:0x00000200  x4:0xb6632000 x15=0x00000000
     292895.000 ns	     29288	80005f34	f0070253	fmv.w.x	f4,x14	 x14:0x80040fe4  f4=0x80040fe4
     292925.000 ns	     29291	80005f38	20499ed3	fsgnjn.s	f29,f19,f4	 f19:0x00000000  f4:0x00000000 f29=0x00000000
     292955.000 ns	     29294	80005f3c	c007f453	fcvt.w.s	x8,f15	 f15:0xceaaaf64  x8=0x5557b200
     292985.000 ns	     29297	80005f40	d01b71d3	fcvt.s.wu	f3,x22	 x22:0xaaa84e4e  f3=0x4f2aa84e
     293005.000 ns	     29299	80005f44	0174ccb3	xor	x25,x9,x23	  x9:0x00000002 x23:0x00000000 x25=0x00000002
     293015.000 ns	     29300	80005f48	fa9ead93	slti	x27,x29,-87	 x29:0x80000332 x27=0x00000001
     293025.000 ns	     29301	80005f4c	002ba9b3	slt	x19,x23,x2	 x23:0x00000000  x2:0x000000cd x19=0x00000001
     293045.000 ns	     29303	80005f50	28131ad3	fmax.s	f21,f6,f1	  f6:0x4f18aa03  f1:0x00000000 f21=0x4f18aa03
     293075.000 ns	     29306	80005f54	a04209d3	fle.s	x19,f4,f4	  f4:0x80040fe4  f4:0x80040fe4 x19=0x00000001
     293095.000 ns	     29308	80005f58	01612e33	slt	x28,x2,x22	  x2:0x000000cd x22:0xaaa84e4e x28=0x00000000
     293115.000 ns	     29310	80005f5c	d01c74d3	fcvt.s.wu	f9,x24	 x24:0x00000000  f9=0x00000000
     293135.000 ns	     29312	80005f60	01839db3	sll	x27,x7,x24	  x7:0x00000008 x24:0x00000000 x27=0x00000008
     293145.000 ns	     29313	80005f64	5be4c493	xori	x9,x9,1470	  x9:0x00000002  x9=0x000005bc
     293155.000 ns	     29314	80005f68	00b19593	slli	x11,x3,0xb	  x3:0x00000200 x11=0x00100000
     293165.000 ns	     29315	80005f6c	627a6513	ori	x10,x20,1575	 x20:0x00000000 x10=0x00000627
     293175.000 ns	     29316	80005f70	00064833	xor	x16,x12,x0	 x12:0x80000332  x0:0x00000000 x16=0x80000332
     293535.000 ns	     29352	80005f74	03d8da33	divu	x20,x17,x29	 x17:0x00000000 x29:0x80000332 x20=0x00000000
     293555.000 ns	     29354	80005f78	00000013	addi	x0,x0,0	  x0:0x00000000
     293565.000 ns	     29355	80005f7c	729aca13	xori	x20,x21,1833	 x21:0x00000000 x20=0x00000729
     293575.000 ns	     29356	80005f80	01a8e633	or	x12,x17,x26	 x17:0x00000000 x26:0x00000001 x12=0x00000001
     293595.000 ns	     29358	80005f84	c00bbfd3	fcvt.w.s	x31,f23	 f23:0x4a7a1ff8 x31=0x003e87fe
     293625.000 ns	     29361	80005f88	208da153	fsgnjx.s	f2,f27,f8	 f27:0x4f000410  f8:0x441c4000  f2=0x4f000410
     293645.000 ns	     29363	80005f8c	40e3d893	srai	x17,x7,0xe	  x7:0x00000008 x17=0x00000000
     293665.000 ns	     29365	80005f90	03e10933	mul	x18,x2,x30	  x2:0x000000cd x30:0x00000200 x18=0x00019a00
     293685.000 ns	     29367	80005f94	00000013	addi	x0,x0,0	  x0:0x00000000
     293705.000 ns	     29369	80005f98	21dda253	fsgnjx.s	f4,f27,f29	 f27:0x4f000410 f29:0x00000000  f4=0x4f000410
     294075.000 ns	     29406	80005f9c	02a447b3	div	x15,x8,x10	  x8:0x5557b200 x10:0x00000627 x15=0x000ddf1e
     294105.000 ns	     29409	80005fa0	21401a53	fsgnjn.s	f20,f0,f20	  f0:0x7fc00000 f20:0x00000000 f20=0xffc00000
     294125.000 ns	     29411	80005fa4	011fe133	or	x2,x31,x17	 x31:0x003e87fe x17:0x00000000  x2=0x003e87fe
     294145.000 ns	     29413	80005fa8	c002fed3	fcvt.w.s	x29,f5	  f5:0x7fc00000 x29=0x7fffffff
     294195.000 ns	     29418	80005fac	014e8cd3	fadd.s	f25,f29,f20	 f29:0x00000000 f20:0xffc00000 f25=0x7fc00000
     294225.000 ns	     29421	80005fb0	a19baf53	feq.s	x30,f23,f25	 f23:0x4a7a1ff8 f25:0xca7a2000 x30=0x00000000
     294245.000 ns	     29423	80005fb4	00d1e233	or	x4,x3,x13	  x3:0x00000200 x13:0x5557b200  x4=0x5557b200
     294255.000 ns	     29424	80005fb8	17996f13	ori	x30,x18,377	 x18:0x00019a00 x30=0x00019b79
     294265.000 ns	     29425	80005fbc	fc801bb7	lui	x23,0xfc801	 x23=0xfc801000
     294275.000 ns	     29426	80005fc0	0ee40e17	auipc	x28,0xee40	 x28=0x8ee45fc0
     294285.000 ns	     29427	80005fc4	0046d9b3	srl	x19,x13,x4	 x13:0x5557b200  x4:0x5557b200 x19=0x5557b200
     294295.000 ns	     29428	80005fc8	17103a13	sltiu	x20,x0,369	  x0:0x00000000 x20=0x00000001
     294305.000 ns	     29429	80005fcc	00e6c3b3	xor	x7,x13,x14	 x13:0x5557b200 x14:0x80040fe4  x7=0xd553bde4
     294325.000 ns	     29431	80005fd0	c00fbdd3	fcvt.w.s	x27,f31	 f31:0x7fc00000 x27=0x7fffffff
     294345.000 ns	     29433	80005fd4	0024cd33	xor	x26,x9,x2	  x9:0x000005bc  x2:0x003e87fe x26=0x003e8242
     294355.000 ns	     29434	80005fd8	01f85313	srli	x6,x16,0x1f	 x16:0x80000332  x6=0x00000001
     294365.000 ns	     29435	80005fdc	009fde93	srli	x29,x31,0x9	 x31:0x003e87fe x29=0x00001f43
     294375.000 ns	     29436	80005fe0	4047d613	srai	x12,x15,0x4	 x15:0x000ddf1e x12=0x0000ddf1
     294735.000 ns	     29472	80005fe4	02c3c8b3	div	x17,x7,x12	  x7:0xd553bde4 x12:0x00000001 x17=0xffffcec8
     294755.000 ns	     29474	80005fe8	00107bb3	and	x23,x0,x1	  x0:0x00000000  x1:0x00000000 x23=0x00000000
     294765.000 ns	     29475	80005fec	85d5bd13	sltiu	x26,x11,-1955	 x11:0x00100000 x26=0x00000001
     294785.000 ns	     29477	80005ff0	c0044153	fcvt.w.s	x2,f8	  f8:0x441c4000  x2=0x00000271
     294805.000 ns	     29479	80005ff4	417a5493	srai	x9,x20,0x17	 x20:0x00000001  x9=0x00000000
     294825.000 ns	     29481	80005ff8	02bc3233	mulhu	x4,x24,x11	 x24:0x00000000 x11:0x00100000  x4=0x00000000
     294845.000 ns	     29483	80005ffc	00b131b3	sltu	x3,x2,x11	  x2:0x00000271 x11:0x00100000  x3=0x00000001
     294865.000 ns	     29485	80006000	a1718dd3	fle.s	x27,f3,f23	  f3:0x4f2aa84e f23:0x4a7a1ff8 x27=0x00000000
     294915.000 ns	     29490	80006004	002cbb53	fadd.s	f22,f25,f2	 f25:0x7fc00000  f2:0x4f000410 f22=0x7fc00000
     294965.000 ns	     29495	80006008	09424953	fsub.s	f18,f4,f20	  f4:0x4f000410 f20:0xffc00000 f18=0x7fc00000
     294985.000 ns	     29497	8000600c	892ce613	ori	x12,x25,-1902	 x25:0x00000002 x12=0xfffff892
     295005.000 ns	     29499	80006010	c0144353	fcvt.wu.s	x6,f8	  f8:0x441c4000  x6=0x00000271
     296185.000 ns	     29617	80006014	580f4e53	fsqrt.s	f28,f30	 f30:0x441c4000 f28=0x415cf7f0
     296205.000 ns	     29619	80006018	0042b933	sltu	x18,x5,x4	  x5:0x80041024  x4:0x00000000 x18=0x00000000
     296245.000 ns	     29623	8000601c	00999a53	fadd.s	f20,f19,f9	 f19:0x00000000  f9:0x00000000 f20=0x00000000
     296265.000 ns	     29625	80006020	6d2bf093	andi	x1,x23,1746	 x23:0x00000000  x1=0x00000000
     296285.000 ns	     29627	80006024	c016c853	fcvt.wu.s	x16,f13	 f13:0x80000000 x16=0x00000000
     296305.000 ns	     29629	80006028	ebe42593	slti	x11,x8,-322	  x8:0x5557b200 x11=0x00000000
     296315.000 ns	     29630	8000602c	00000013	addi	x0,x0,0	  x0:0x00000000
     296325.000 ns	     29631	80006030	000d03b3	add	x7,x26,x0	 x26:0x00000001  x0:0x00000000  x7=0x00000001
     296335.000 ns	     29632	80006034	01ea27b3	slt	x15,x20,x30	 x20:0x00000001 x30:0x00019b79 x15=0x00000001
     296355.000 ns	     29634	80006038	29cd83d3	fmin.s	f7,f27,f28	 f27:0x4f000410 f28:0x415cf7f0  f7=0x415cf7f0
     296385.000 ns	     29637	8000603c	28110fd3	fmin.s	f31,f2,f1	  f2:0x4f000410  f1:0x00000000 f31=0x00000000
     296415.000 ns	     29640	80006040	0251a433	mulhsu	x8,x3,x5	  x3:0x00000001  x5:0x80041024  x8=0x00000000
     296445.000 ns	     29643	80006044	284f9153	fmax.s	f2,f31,f4	 f31:0x00000000  f4:0x4f000410  f2=0x4f000410
     296475.000 ns	     29646	80006048	a0ca1f53	flt.s	x30,f20,f12	 f20:0x00000000 f12:0x4e94f440 x30=0x00000001
     296495.000 ns	     29648	8000604c	607cb193	sltiu	x3,x25,1543	 x25:0x00000002  x3=0x00000001
     296515.000 ns	     29650	80006050	28919553	fmax.s	f10,f3,f9	  f3:0x4f2aa84e  f9:0x00000000 f10=0x4f2aa84e
     296545.000 ns	     29653	80006054	a1f004d3	fle.s	x9,f0,f31	  f0:0x7fc00000 f31:0x00000000  x9=0x00000000
     296585.000 ns	     29657	80006058	580ea553	fsqrt.s	f10,f29	 f29:0x00000000 f10=0x00000000
     296605.000 ns	     29659	8000605c	01fc1913	slli	x18,x24,0x1f	 x24:0x00000000 x18=0x00000000
     296615.000 ns	     29660	80006060	010cb0b3	sltu	x1,x25,x16	 x25:0x00000002 x16:0x00000000  x1=0x00000000
     296625.000 ns	     29661	80006064	00087233	and	x4,x16,x0	 x16:0x00000000  x0:0x00000000  x4=0x00000000
     296635.000 ns	     29662	80006068	54364393	xori	x7,x12,1347	 x12:0xfffff892  x7=0xfffffdd1
     296655.000 ns	     29664	8000606c	027b9633	mulh	x12,x23,x7	 x23:0x00000000  x7:0x00000001 x12=0x00000000
     296685.000 ns	     29667	80006070	c018a4d3	fcvt.wu.s	x9,f17	 f17:0x441c4000  x9=0x00000271
     296715.000 ns	     29670	80006074	c005cad3	fcvt.w.s	x21,f11	 f11:0x00000000 x21=0x00000000
     296745.000 ns	     29673	80006078	210687d3	fsgnj.s	f15,f13,f16	 f13:0x80000000 f16:0x80000000 f15=0x80000000
     296765.000 ns	     29675	8000607c	00f3c1b3	xor	x3,x7,x15	  x7:0xfffffdd1 x15:0x00000001  x3=0xfffffdd0
     296775.000 ns	     29676	80006080	2a14f193	andi	x3,x9,673	  x9:0x00000271  x3=0x00000221
     296785.000 ns	     29677	80006084	7a473537	lui	x10,0x7a473	 x10=0x7a473000
     296795.000 ns	     29678	80006088	0124ac33	slt	x24,x9,x18	  x9:0x00000271 x18:0x00000000 x24=0x00000000
     296815.000 ns	     29680	8000608c	c00cf3d3	fcvt.w.s	x7,f25	 f25:0x7fc00000  x7=0x7fffffff
     296845.000 ns	     29683	80006090	030606b3	mul	x13,x12,x16	 x12:0x00000000 x16:0x00000000 x13=0x00000000
     296865.000 ns	     29685	80006094	06046413	ori	x8,x8,96	  x8:0x00000000  x8=0x00000060
     296875.000 ns	     29686	80006098	01d424b3	slt	x9,x8,x29	  x8:0x00000000 x29:0x00001f43  x9=0x00000001
     296885.000 ns	     29687	8000609c	00e91cb3	sll	x25,x18,x14	 x18:0x00000000 x14:0x80040fe4 x25=0x00000000
     296895.000 ns	     29688	800060a0	019646b3	xor	x13,x12,x25	 x12:0x00000000 x25:0x00000002 x13=0x00000000
     296915.000 ns	     29690	800060a4	d003f453	fcvt.s.w	f8,x7	  x7:0x7fffffff  f8=0x4effffff
     296965.000 ns	     29695	800060a8	098dfe53	fsub.s	f28,f27,f24	 f27:0x4f000410 f24:0x80000000 f28=0x4f000410
     296985.000 ns	     29697	800060ac	ed44a993	slti	x19,x9,-300	  x9:0x00000001 x19=0x00000000
     297005.000 ns	     29699	800060b0	0339bfb3	mulhu	x31,x19,x19	 x19:0x5557b200 x19:0x5557b200 x31=0x00000000
     297035.000 ns	     29702	800060b4	29441853	fmax.s	f16,f8,f20	  f8:0x4effffff f20:0x00000000 f16=0x4effffff
     297065.000 ns	     29705	800060b8	a12d0e53	fle.s	x28,f26,f18	 f26:0x80000000 f18:0x7fc00000 x28=0x00000000
     297095.000 ns	     29708	800060bc	a0a0a6d3	feq.s	x13,f1,f10	  f1:0x00000000 f10:0x00000000 x13=0x00000001
     297135.000 ns	     29712	800060c0	19897ad3	fdiv.s	f21,f18,f24	 f18:0x7fc00000 f24:0x80000000 f21=0x7fc00000
     297185.000 ns	     29717	800060c4	00258e53	fadd.s	f28,f11,f2	 f11:0x00000000  f2:0x4f000410 f28=0x4f000410
     297215.000 ns	     29720	800060c8	c0114953	fcvt.wu.s	x18,f2	  f2:0x4f000410 x18=0x80041000
     297245.000 ns	     29723	800060cc	03c7ea33	rem	x20,x15,x28	 x15:0x00000001 x28:0x00000000 x20=0x00000001
     297615.000 ns	     29760	800060d0	025e6db3	rem	x27,x28,x5	 x28:0x00000000  x5:0x80041024 x27=0x00000000
     297645.000 ns	     29763	800060d4	e0008ad3	fmv.x.w	x21,f1	  f1:0x00000000 x21=0x00000000
     297675.000 ns	     29766	800060d8	e00f0153	fmv.x.w	x2,f30	 f30:0x441c4000  x2=0x441c4000
     297695.000 ns	     29768	800060dc	012ede93	srli	x29,x29,0x12	 x29:0x00001f43 x29=0x00000000
     297715.000 ns	     29770	800060e0	a1fc1953	flt.s	x18,f24,f31	 f24:0x80000000 f31:0x00000000 x18=0x00000000
     297745.000 ns	     29773	800060e4	28ba15d3	fmax.s	f11,f20,f11	 f20:0x00000000 f11:0x00000000 f11=0x00000000
     297785.000 ns	     29777	800060e8	18fa70d3	fdiv.s	f1,f20,f15	 f20:0x00000000 f15:0x80000000  f1=0x7fc00000
     297805.000 ns	     29779	800060ec	016e17b3	sll	x15,x28,x22	 x28:0x00000000 x22:0xaaa84e4e x15=0x00000000
     297815.000 ns	     29780	800060f0	0188f033	and	x0,x17,x24	 x17:0xffffcec8 x24:0x00000000
     297825.000 ns	     29781	800060f4	0168dc13	srli	x24,x17,0x16	 x17:0xffffcec8 x24=0x000003ff
     297845.000 ns	     29783	800060f8	f00783d3	fmv.w.x	f7,x15	 x15:0x00000000  f7=0x00000000
     297865.000 ns	     29785	800060fc	41c65033	sra	x0,x12,x28	 x12:0x00000000 x28:0x00000000
     297885.000 ns	     29787	80006100	03f8cab3	div	x21,x17,x31	 x17:0xffffcec8 x31:0x00000000 x21=0xffffffff
     297925.000 ns	     29791	80006104	184b73d3	fdiv.s	f7,f22,f4	 f22:0x7fc00000  f4:0x4f000410  f7=0x7fc00000
     297945.000 ns	     29793	80006108	41990c33	sub	x24,x18,x25	 x18:0x00000000 x25:0x00000000 x24=0x00000000
     297955.000 ns	     29794	8000610c	00000013	addi	x0,x0,0	  x0:0x00000000
     297975.000 ns	     29796	80006110	283914d3	fmax.s	f9,f18,f3	 f18:0x7fc00000  f3:0x4f2aa84e  f9=0x4f2aa84e
     297995.000 ns	     29798	80006114	63e8e513	ori	x10,x17,1598	 x17:0xffffcec8 x10=0xffffcefe
     298015.000 ns	     29800	80006118	d01b2dd3	fcvt.s.wu	f27,x22	 x22:0xaaa84e4e f27=0x4f2aa84f
     298065.000 ns	     29805	8000611c	084e7d53	fsub.s	f26,f28,f4	 f28:0x4f000410  f4:0x4f000410 f26=0x80000000
     298115.000 ns	     29810	80006120	092676d3	fsub.s	f13,f12,f18	 f12:0x4e94f440 f18:0x7fc00000 f13=0x7fc00000
     298165.000 ns	     29815	80006124	00a4a4d3	fadd.s	f9,f9,f10	  f9:0x4f2aa84e f10:0x00000000  f9=0x4f2aa84e
     298185.000 ns	     29817	80006128	886b7c93	andi	x25,x22,-1914	 x22:0xaaa84e4e x25=0xaaa84806
     298195.000 ns	     29818	8000612c	01a82833	slt	x16,x16,x26	 x16:0x00000000 x26:0x00000001 x16=0x00000001
     298205.000 ns	     29819	80006130	009f7313	andi	x6,x30,9	 x30:0x00000001  x6=0x00000001
     298225.000 ns	     29821	80006134	21fe8ed3	fsgnj.s	f29,f29,f31	 f29:0x00000000 f31:0x00000000 f29=0x00000000
     298245.000 ns	     29823	80006138	358746b7	lui	x13,0x35874	 x13=0x35874000
     298265.000 ns	     29825	8000613c	e00b1553	fclass.s	x10,f22	 f22:0x7fc00000 x10=0x00000200
     298285.000 ns	     29827	80006140	40d20033	sub	x0,x4,x13	  x4:0x00000000 x13:0x00000001
     298305.000 ns	     29829	80006144	e00e9ed3	fclass.s	x29,f29	 f29:0x00000000 x29=0x00000010
     298335.000 ns	     29832	80006148	03c9b433	mulhu	x8,x19,x28	 x19:0x00000000 x28:0x00000000  x8=0x00000000
     298355.000 ns	     29834	8000614c	01103cb3	sltu	x25,x0,x17	  x0:0x00000000 x17:0xffffcec8 x25=0x00000001
     298365.000 ns	     29835	80006150	00d4c1b3	xor	x3,x9,x13	  x9:0x00000001 x13:0x35874000  x3=0x35874001
     298375.000 ns	     29836	80006154	00000013	addi	x0,x0,0	  x0:0x00000000
     298395.000 ns	     29838	80006158	c0127553	fcvt.wu.s	x10,f4	  f4:0x4f000410 x10=0x80041000
     298415.000 ns	     29840	8000615c	a9b4ea93	ori	x21,x9,-1381	  x9:0x00000001 x21=0xfffffa9b
     298435.000 ns	     29842	80006160	a0861c53	flt.s	x24,f12,f8	 f12:0x4e94f440  f8:0x4effffff x24=0x00000001
     298485.000 ns	     29847	80006164	009b3353	fadd.s	f6,f22,f9	 f22:0x7fc00000  f9:0x4f2aa84e  f6=0x7fc00000
     298515.000 ns	     29850	80006168	03ca8d33	mul	x26,x21,x28	 x21:0xfffffa9b x28:0x00000000 x26=0x00000000
     298545.000 ns	     29853	8000616c	d003fd53	fcvt.s.w	f26,x7	  x7:0x7fffffff f26=0x4effffff
     298575.000 ns	     29856	80006170	a0002153	feq.s	x2,f0,f0	  f0:0x7fc00000  f0:0x7fc00000  x2=0x00000000
     298595.000 ns	     29858	80006174	00719a13	slli	x20,x3,0x7	  x3:0x35874001 x20=0xc3a00080
     298605.000 ns	     29859	80006178	00000013	addi	x0,x0,0	  x0:0x00000000
     298615.000 ns	     29860	8000617c	0181d233	srl	x4,x3,x24	  x3:0x35874001 x24:0x00000001  x4=0x1ac3a000
     298625.000 ns	     29861	80006180	00d637b3	sltu	x15,x12,x13	 x12:0x00000000 x13:0x35874000 x15=0x00000001
     298645.000 ns	     29863	80006184	29020ed3	fmin.s	f29,f4,f16	  f4:0x4f000410 f16:0x4effffff f29=0x4effffff
     298665.000 ns	     29865	80006188	01989313	slli	x6,x17,0x19	 x17:0xffffcec8  x6=0x90000000
     298675.000 ns	     29866	8000618c	41a35813	srai	x16,x6,0x1a	  x6:0x00000001 x16=0xffffffe4
     298695.000 ns	     29868	80006190	20eaa2d3	fsgnjx.s	f5,f21,f14	 f21:0x7fc00000 f14:0xc41c4000  f5=0xffc00000
     298715.000 ns	     29870	80006194	376a0793	addi	x15,x20,886	 x20:0xc3a00080 x15=0xc3a003f6
     298735.000 ns	     29872	80006198	c00580d3	fcvt.w.s	x1,f11	 f11:0x00000000  x1=0x00000000
     298755.000 ns	     29874	8000619c	a2079ab7	lui	x21,0xa2079	 x21=0xa2079000
     298775.000 ns	     29876	800061a0	f0060553	fmv.w.x	f10,x12	 x12:0x00000000 f10=0x00000000
     298795.000 ns	     29878	800061a4	34ecec93	ori	x25,x25,846	 x25:0x00000001 x25=0x0000034f
     298815.000 ns	     29880	800061a8	031130b3	mulhu	x1,x2,x17	  x2:0x00000000 x17:0xffffcec8  x1=0x00000000
     298845.000 ns	     29883	800061ac	023b83b3	mul	x7,x23,x3	 x23:0x00000000  x3:0x35874001  x7=0x00000000
     298865.000 ns	     29885	800061b0	00c62bb3	slt	x23,x12,x12	 x12:0x00000000 x12:0x00000000 x23=0x00000000
     298885.000 ns	     29887	800061b4	d0048bd3	fcvt.s.w	f23,x9	  x9:0x00000001 f23=0x3f800000
     298915.000 ns	     29890	800061b8	29fd0fd3	fmin.s	f31,f26,f31	 f26:0x4effffff f31:0x00000000 f31=0x00000000
     298945.000 ns	     29893	800061bc	21e194d3	fsgnjn.s	f9,f3,f30	  f3:0x4f2aa84e f30:0x441c4000  f9=0xcf2aa84e
     298975.000 ns	     29896	800061c0	03c0c133	div	x2,x1,x28	  x1:0x00000000 x28:0x00000000  x2=0xffffffff
     298995.000 ns	     29898	800061c4	0065d393	srli	x7,x11,0x6	 x11:0x00000000  x7=0x00000000
     299005.000 ns	     29899	800061c8	437ec393	xori	x7,x29,1079	 x29:0x00000010  x7=0x00000427
     299025.000 ns	     29901	800061cc	037370b3	remu	x1,x6,x23	  x6:0x90000000 x23:0x00000000  x1=0x90000000
     299045.000 ns	     29903	800061d0	40675693	srai	x13,x14,0x6	 x14:0x80040fe4 x13=0xfe00103f
     299065.000 ns	     29905	800061d4	e0040953	fmv.x.w	x18,f8	  f8:0x4effffff x18=0x4effffff
     299085.000 ns	     29907	800061d8	27098d93	addi	x27,x19,624	 x19:0x00000000 x27=0x00000270
     299095.000 ns	     29908	800061dc	01abefb3	or	x31,x23,x26	 x23:0x00000000 x26:0x00000000 x31=0x00000000
     299115.000 ns	     29910	800061e0	a0ec0bd3	fle.s	x23,f24,f14	 f24:0x80000000 f14:0xc41c4000 x23=0x00000000
     299135.000 ns	     29912	800061e4	004b60b3	or	x1,x22,x4	 x22:0xaaa84e4e  x4:0x1ac3a000  x1=0xbaebee4e
     299155.000 ns	     29914	800061e8	20f50253	fsgnj.s	f4,f10,f15	 f10:0x00000000 f15:0x80000000  f4=0x80000000
     299175.000 ns	     29916	800061ec	00ec7db3	and	x27,x24,x14	 x24:0x00000001 x14:0x80040fe4 x27=0x00000000
     299195.000 ns	     29918	800061f0	03a8ae33	mulhsu	x28,x17,x26	 x17:0xffffcec8 x26:0x00000000 x28=0x00000000
     299225.000 ns	     29921	800061f4	214183d3	fsgnj.s	f7,f3,f20	  f3:0x4f2aa84e f20:0x00000000  f7=0x4f2aa84e
     299595.000 ns	     29958	800061f8	02a57bb3	remu	x23,x10,x10	 x10:0x80041000 x10:0x80041000 x23=0x00000000
     299615.000 ns	     29960	800061fc	5cfb6b93	ori	x23,x22,1487	 x22:0xaaa84e4e x23=0xaaa84fcf
     299625.000 ns	     29961	80006200	a11c8893	addi	x17,x25,-1519	 x25:0x0000034f x17=0xfffffd60
     299635.000 ns	     29962	80006204	00713fb3	sltu	x31,x2,x7	  x2:0xffffffff  x7:0x00000427 x31=0x00000000
     299645.000 ns	     29963	80006208	00d468b3	or	x17,x8,x13	  x8:0x00000000 x13:0xfe00103f x17=0xfe00103f
     299665.000 ns	     29965	8000620c	02e2a0b3	mulhsu	x1,x5,x14	  x5:0x80041024 x14:0x80040fe4  x1=0xc0000030
     299695.000 ns	     29968	80006210	a0102553	feq.s	x10,f0,f1	  f0:0x7fc00000  f1:0x7fc00000 x10=0x00000000
     299725.000 ns	     29971	80006214	28a400d3	fmin.s	f1,f8,f10	  f8:0x4effffff f10:0x00000000  f1=0x00000000
     299755.000 ns	     29974	80006218	2184add3	fsgnjx.s	f27,f9,f24	  f9:0xcf2aa84e f24:0x80000000 f27=0x4f2aa84e
     299775.000 ns	     29976	8000621c	006203b3	add	x7,x4,x6	  x4:0x1ac3a000  x6:0x90000000  x7=0xaac3a000
     299785.000 ns	     29977	80006220	39ab7493	andi	x9,x22,922	 x22:0xaaa84e4e  x9=0x0000020a
     300145.000 ns	     30013	80006224	03d277b3	remu	x15,x4,x29	  x4:0x1ac3a000 x29:0x00000010 x15=0x00000000
     300185.000 ns	     30017	80006228	1152f453	fmul.s	f8,f5,f21	  f5:0xffc00000 f21:0x7fc00000  f8=0x7fc00000
     300235.000 ns	     30022	8000622c	097d24d3	fsub.s	f9,f26,f23	 f26:0x4effffff f23:0x3f800000  f9=0x4efffffe
     300265.000 ns	     30025	80006230	03ade133	rem	x2,x27,x26	 x27:0x00000000 x26:0x00000000  x2=0x00000000
     300285.000 ns	     30027	80006234	a950b513	sltiu	x10,x1,-1387	  x1:0xc0000030 x10=0x00000001
     300645.000 ns	     30063	80006238	02a0d6b3	divu	x13,x1,x10	  x1:0xc0000030 x10:0x00000000 x13=0xc0000030
     300675.000 ns	     30066	8000623c	a0220dd3	fle.s	x27,f4,f2	  f4:0x80000000  f2:0x4f000410 x27=0x00000001
     300705.000 ns	     30069	80006240	f00787d3	fmv.w.x	f15,x15	 x15:0x00000000 f15=0x00000000
     300735.000 ns	     30072	80006244	a0798ad3	fle.s	x21,f19,f7	 f19:0x00000000  f7:0x4f2aa84e x21=0x00000001
     300765.000 ns	     30075	80006248	e0010153	fmv.x.w	x2,f2	  f2:0x4f000410  x2=0x4f000410
     300795.000 ns	     30078	8000624c	a11f9653	flt.s	x12,f31,f17	 f31:0x00000000 f17:0x441c4000 x12=0x00000001
     300815.000 ns	     30080	80006250	412204b3	sub	x9,x4,x18	  x4:0x1ac3a000 x18:0x4effffff  x9=0xcbc3a001
     300825.000 ns	     30081	80006254	8bdd2393	slti	x7,x26,-1859	 x26:0x00000000  x7=0x00000000
     300845.000 ns	     30083	80006258	207494d3	fsgnjn.s	f9,f9,f7	  f9:0x4efffffe  f7:0x4f2aa84e  f9=0xcefffffe
     300865.000 ns	     30085	8000625c	01c2f333	and	x6,x5,x28	  x5:0x80041024 x28:0x00000000  x6=0x00000000
     300885.000 ns	     30087	80006260	03781033	mulh	x0,x16,x23	 x16:0xffffffe4 x23:0xaaa84fcf
     300925.000 ns	     30091	80006264	1117a753	fmul.s	f14,f15,f17	 f15:0x00000000 f17:0x441c4000 f14=0x00000000
     300955.000 ns	     30094	80006268	a1640853	fle.s	x16,f8,f22	  f8:0x7fc00000 f22:0x7fc00000 x16=0x00000000
     300975.000 ns	     30096	8000626c	40a88f33	sub	x30,x17,x10	 x17:0xfe00103f x10:0x00000001 x30=0xfe00103e
     300995.000 ns	     30098	80006270	a04fa4d3	feq.s	x9,f31,f4	 f31:0x00000000  f4:0x80000000  x9=0x00000001
     301015.000 ns	     30100	80006274	41fc5113	srai	x2,x24,0x1f	 x24:0x00000001  x2=0x00000000
     301025.000 ns	     30101	80006278	7196adb7	lui	x27,0x7196a	 x27=0x7196a000
     301035.000 ns	     30102	8000627c	906de893	ori	x17,x27,-1786	 x27:0x00000001 x17=0xfffff906
     301045.000 ns	     30103	80006280	0f3bf113	andi	x2,x23,243	 x23:0xaaa84fcf  x2=0x000000c3
     301055.000 ns	     30104	80006284	5b2b8e13	addi	x28,x23,1458	 x23:0xaaa84fcf x28=0xaaa85581
     301415.000 ns	     30140	80006288	039a5ab3	divu	x21,x20,x25	 x20:0xc3a00080 x25:0x0000034f x21=0x003b2057
     301445.000 ns	     30143	8000628c	29279453	fmax.s	f8,f15,f18	 f15:0x00000000 f18:0x7fc00000  f8=0x00000000
     301475.000 ns	     30146	80006290	21671553	fsgnjn.s	f10,f14,f22	 f14:0x00000000 f22:0x7fc00000 f10=0x80000000
     301505.000 ns	     30149	80006294	20bf1d53	fsgnjn.s	f26,f30,f11	 f30:0x441c4000 f11:0x00000000 f26=0xc41c4000
     301525.000 ns	     30151	80006298	91746393	ori	x7,x8,-1769	  x8:0x00000000  x7=0xfffff917
     301535.000 ns	     30152	8000629c	febce193	ori	x3,x25,-21	 x25:0x0000034f  x3=0xffffffef
     301895.000 ns	     30188	800062a0	031256b3	divu	x13,x4,x17	  x4:0x1ac3a000 x17:0xfffff906 x13=0x00000000
     301925.000 ns	     30191	800062a4	c01faed3	fcvt.wu.s	x29,f31	 f31:0x00000000 x29=0x00000000
     301945.000 ns	     30193	800062a8	010800b3	add	x1,x16,x16	 x16:0x00000000 x16:0x00000000  x1=0x00000000
     301955.000 ns	     30194	800062ac	003cf033	and	x0,x25,x3	 x25:0x0000034f  x3:0xffffffef
     301975.000 ns	     30196	800062b0	d0159bd3	fcvt.s.wu	f23,x11	 x11:0x00000000 f23=0x00000000
     301995.000 ns	     30198	800062b4	408d5793	srai	x15,x26,0x8	 x26:0x00000000 x15=0x00000000
     302035.000 ns	     30202	800062b8	086d0f53	fsub.s	f30,f26,f6	 f26:0xc41c4000  f6:0x7fc00000 f30=0x7fc00000
     302065.000 ns	     30205	800062bc	033603b3	mul	x7,x12,x19	 x12:0x00000001 x19:0x00000000  x7=0x00000000
     302085.000 ns	     30207	800062c0	1d1d4113	xori	x2,x26,465	 x26:0x00000000  x2=0x000001d1
     302105.000 ns	     30209	800062c4	e00e0f53	fmv.x.w	x30,f28	 f28:0x4f000410 x30=0x4f000410
     302475.000 ns	     30246	800062c8	0242fbb3	remu	x23,x5,x4	  x5:0x80041024  x4:0x1ac3a000 x23=0x14f59024
     302845.000 ns	     30283	800062cc	025cff33	remu	x30,x25,x5	 x25:0x0000034f  x5:0x80041024 x30=0x0000034f
     302865.000 ns	     30285	800062d0	40418033	sub	x0,x3,x4	  x3:0xffffffef  x4:0x1ac3a000
     302875.000 ns	     30286	800062d4	00000013	addi	x0,x0,0	  x0:0x00000000
     302895.000 ns	     30288	800062d8	d0121253	fcvt.s.wu	f4,x4	  x4:0x1ac3a000  f4=0x4dd61d00
     302915.000 ns	     30290	800062dc	0091feb3	and	x29,x3,x9	  x3:0xffffffef  x9:0x00000001 x29=0x00000001
     302935.000 ns	     30292	800062e0	d00774d3	fcvt.s.w	f9,x14	 x14:0x80040fe4  f9=0xcefff7e0
     303305.000 ns	     30329	800062e4	02a9f833	remu	x16,x19,x10	 x19:0x00000000 x10:0x00000001 x16=0x00000000
     303325.000 ns	     30331	800062e8	40070ab3	sub	x21,x14,x0	 x14:0x80040fe4  x0:0x00000000 x21=0x80040fe4
     303355.000 ns	     30334	800062ec	58057b53	fsqrt.s	f22,f10	 f10:0x80000000 f22=0x80000000
     303385.000 ns	     30337	800062f0	29c60d53	fmin.s	f26,f12,f28	 f12:0x4e94f440 f28:0x4f000410 f26=0x4e94f440
     303415.000 ns	     30340	800062f4	a0678653	fle.s	x12,f15,f6	 f15:0x00000000  f6:0x7fc00000 x12=0x00000000
     303455.000 ns	     30344	800062f8	580cf4d3	fsqrt.s	f9,f25	 f25:0x7fc00000  f9=0x7fc00000
     303475.000 ns	     30346	800062fc	0a868113	addi	x2,x13,168	 x13:0x00000000  x2=0x000000a8
     303835.000 ns	     30382	80006300	03e07e33	remu	x28,x0,x30	  x0:0x00000000 x30:0x0000034f x28=0x00000000
     303865.000 ns	     30385	80006304	29ed9653	fmax.s	f12,f27,f30	 f27:0x4f2aa84e f30:0x7fc00000 f12=0x4f2aa84e
     303885.000 ns	     30387	80006308	41ca8333	sub	x6,x21,x28	 x21:0x80040fe4 x28:0x00000000  x6=0x80040fe4
     303905.000 ns	     30389	8000630c	c017f3d3	fcvt.wu.s	x7,f15	 f15:0x00000000  x7=0x00000000
     303935.000 ns	     30392	80006310	e00f1cd3	fclass.s	x25,f30	 f30:0x7fc00000 x25=0x00000200
     303955.000 ns	     30394	80006314	013d9eb3	sll	x29,x27,x19	 x27:0x7196a000 x19:0x00000000 x29=0x7196a000
     303965.000 ns	     30395	80006318	009fd9b3	srl	x19,x31,x9	 x31:0x00000000  x9:0x00000001 x19=0x00000000
     303995.000 ns	     30398	8000631c	1932b3d3	fdiv.s	f7,f5,f19	  f5:0xffc00000 f19:0x00000000  f7=0x7fc00000
     304015.000 ns	     30400	80006320	41378633	sub	x12,x15,x19	 x15:0x00000000 x19:0x00000000 x12=0x00000000
     304025.000 ns	     30401	80006324	d3fbf213	andi	x4,x23,-705	 x23:0x14f59024  x4=0x14f59024
     304065.000 ns	     30405	80006328	095579d3	fsub.s	f19,f10,f21	 f10:0x80000000 f21:0x7fc00000 f19=0x7fc00000
     304085.000 ns	     30407	8000632c	01409f33	sll	x30,x1,x20	  x1:0x00000000 x20:0xc3a00080 x30=0x00000000
     304095.000 ns	     30408	80006330	00034033	xor	x0,x6,x0	  x6:0x80040fe4  x0:0x00000000
     304115.000 ns	     30410	80006334	023eae33	mulhsu	x28,x29,x3	 x29:0x7196a000  x3:0xffffffef x28=0x71969ff8
     304165.000 ns	     30415	80006338	00e07b53	fadd.s	f22,f0,f14	  f0:0x7fc00000 f14:0x00000000 f22=0x7fc00000
     304195.000 ns	     30418	8000633c	02737233	remu	x4,x6,x7	  x6:0x80040fe4  x7:0x00000000  x4=0x80040fe4
     304215.000 ns	     30420	80006340	99772f93	slti	x31,x14,-1641	 x14:0x80040fe4 x31=0x00000001
     304245.000 ns	     30423	80006344	118bfa53	fmul.s	f20,f23,f24	 f23:0x00000000 f24:0x80000000 f20=0x80000000
     304265.000 ns	     30425	80006348	0086fcb3	and	x25,x13,x8	 x13:0x00000000  x8:0x00000000 x25=0x00000000
     304285.000 ns	     30427	8000634c	292b0ed3	fmin.s	f29,f22,f18	 f22:0x7fc00000 f18:0x7fc00000 f29=0x7fc00000
     304655.000 ns	     30464	80006350	02e45f33	divu	x30,x8,x14	  x8:0x00000000 x14:0x80040fe4 x30=0x00000000
     304675.000 ns	     30466	80006354	40d6ddb3	sra	x27,x13,x13	 x13:0x00000000 x13:0x00000000 x27=0x00000000
     304685.000 ns	     30467	80006358	75a24513	xori	x10,x4,1882	  x4:0x80040fe4 x10=0x800408be
     304715.000 ns	     30470	8000635c	58097853	fsqrt.s	f16,f18	 f18:0x7fc00000 f16=0x7fc00000
     304735.000 ns	     30472	80006360	01c10e33	add	x28,x2,x28	  x2:0x000000a8 x28:0x71969ff8 x28=0x7196a0a0
     305095.000 ns	     30508	80006364	02546933	rem	x18,x8,x5	  x8:0x00000000  x5:0x80041024 x18=0x00000000
     305115.000 ns	     30510	80006368	01913cb3	sltu	x25,x2,x25	  x2:0x000000a8 x25:0x00000000 x25=0x00000000
     305125.000 ns	     30511	8000636c	0141b3b3	sltu	x7,x3,x20	  x3:0xffffffef x20:0xc3a00080  x7=0x00000000
     305145.000 ns	     30513	80006370	02ca2033	mulhsu	x0,x20,x12	 x20:0xc3a00080 x12:0x00000000
     305195.000 ns	     30518	80006374	08e072d3	fsub.s	f5,f0,f14	  f0:0x7fc00000 f14:0x00000000  f5=0x7fc00000
     305215.000 ns	     30520	80006378	01ea37b3	sltu	x15,x20,x30	 x20:0xc3a00080 x30:0x00000000 x15=0x00000000
     305225.000 ns	     30521	8000637c	00db1633	sll	x12,x22,x13	 x22:0xaaa84e4e x13:0x00000000 x12=0xaaa84e4e
     305235.000 ns	     30522	80006380	79c74013	xori	x0,x14,1948	 x14:0x80040fe4
     305255.000 ns	     30524	80006384	29370bd3	fmin.s	f23,f14,f19	 f14:0x00000000 f19:0x7fc00000 f23=0x00000000
     305285.000 ns	     30527	80006388	201f93d3	fsgnjn.s	f7,f31,f1	 f31:0x00000000  f1:0x00000000  f7=0x80000000
     305315.000 ns	     30530	8000638c	c005b9d3	fcvt.w.s	x19,f11	 f11:0x00000000 x19=0x00000000
     305345.000 ns	     30533	80006390	029f1d33	mulh	x26,x30,x9	 x30:0x00000000  x9:0x00000001 x26=0x00000000
     305375.000 ns	     30536	80006394	d0020653	fcvt.s.w	f12,x4	  x4:0x80040fe4 f12=0xcefff7e0
     305395.000 ns	     30538	80006398	8cbda013	slti	x0,x27,-1845	 x27:0x00000000
     305415.000 ns	     30540	8000639c	03672633	mulhsu	x12,x14,x22	 x14:0x80040fe4 x22:0xaaa84e4e x12=0xaaae8e12
     305785.000 ns	     30577	800063a0	02654d33	div	x26,x10,x6	 x10:0x800408be  x6:0x80040fe4 x26=0x00000001
     305805.000 ns	     30579	800063a4	000369b3	or	x19,x6,x0	  x6:0x80040fe4  x0:0x00000000 x19=0x80040fe4
     305825.000 ns	     30581	800063a8	298305d3	fmin.s	f11,f6,f24	  f6:0x7fc00000 f24:0x80000000 f11=0x80000000
     305845.000 ns	     30583	800063ac	9c804f13	xori	x30,x0,-1592	  x0:0x00000000 x30=0xfffff9c8
     305855.000 ns	     30584	800063b0	01ef1093	slli	x1,x30,0x1e	 x30:0x00000000  x1=0x00000000
     305885.000 ns	     30587	800063b4	1847f653	fdiv.s	f12,f15,f4	 f15:0x00000000  f4:0x4dd61d00 f12=0x00000000
     305935.000 ns	     30592	800063b8	00962ad3	fadd.s	f21,f12,f9	 f12:0xcefff7e0  f9:0x7fc00000 f21=0x7fc00000
     305955.000 ns	     30594	800063bc	00000013	addi	x0,x0,0	  x0:0x00000000
     305965.000 ns	     30595	800063c0	22b68e13	addi	x28,x13,555	 x13:0x00000000 x28=0x0000022b
     305985.000 ns	     30597	800063c4	02d8c0b3	div	x1,x17,x13	 x17:0xfffff906 x13:0x00000000  x1=0xffffffff
     306015.000 ns	     30600	800063c8	f0080b53	fmv.w.x	f22,x16	 x16:0x00000000 f22=0x00000000
     306055.000 ns	     30604	800063cc	10021053	fmul.s	f0,f4,f0	  f4:0x4dd61d00  f0:0x7fc00000  f0=0x7fc00000
     306085.000 ns	     30607	800063d0	c01813d3	fcvt.wu.s	x7,f16	 f16:0x7fc00000  x7=0xffffffff
     306105.000 ns	     30609	800063d4	97aeb897	auipc	x17,0x97aeb	 x17=0x17af13d4
     306125.000 ns	     30611	800063d8	030d7bb3	remu	x23,x26,x16	 x26:0x00000001 x16:0x00000000 x23=0x00000001
     306145.000 ns	     30613	800063dc	0131c233	xor	x4,x3,x19	  x3:0xffffffef x19:0x80040fe4  x4=0x7ffbf00b
     306165.000 ns	     30615	800063e0	02492933	mulhsu	x18,x18,x4	 x18:0x00000000  x4:0x80040fe4 x18=0x00000000
     306185.000 ns	     30617	800063e4	2e54ae13	slti	x28,x9,741	  x9:0x00000001 x28=0x00000001
     306215.000 ns	     30620	800063e8	1033a7d3	fmul.s	f15,f7,f3	  f7:0x80000000  f3:0x4f2aa84e f15=0x80000000
     306245.000 ns	     30623	800063ec	a1d0abd3	feq.s	x23,f1,f29	  f1:0x00000000 f29:0x7fc00000 x23=0x00000000
     306265.000 ns	     30625	800063f0	01ac45b3	xor	x11,x24,x26	 x24:0x00000001 x26:0x00000001 x11=0x00000000
     306625.000 ns	     30661	800063f4	0313fbb3	remu	x23,x7,x17	  x7:0xffffffff x17:0x17af13d4 x23=0x132939b7
     306645.000 ns	     30663	800063f8	001269b3	or	x19,x4,x1	  x4:0x7ffbf00b  x1:0xffffffff x19=0xffffffff
     306655.000 ns	     30664	800063fc	8faec893	xori	x17,x29,-1798	 x29:0x7196a000 x17=0x8e6958fa
     306675.000 ns	     30666	80006400	a1de9f53	flt.s	x30,f29,f29	 f29:0x7fc00000 f29:0x7fc00000 x30=0x00000000
     306715.000 ns	     30670	80006404	58028e53	fsqrt.s	f28,f5	  f5:0x7fc00000 f28=0x7fc00000
     306735.000 ns	     30672	80006408	00e21833	sll	x16,x4,x14	  x4:0x7ffbf00b x14:0x80040fe4 x16=0xffbf00b0
     306775.000 ns	     30676	8000640c	0040f053	fadd.s	f0,f1,f4	  f1:0x00000000  f4:0x4dd61d00  f0=0x4dd61d00
     306825.000 ns	     30681	80006410	09834d53	fsub.s	f26,f6,f24	  f6:0x7fc00000 f24:0x80000000 f26=0x7fc00000
     306845.000 ns	     30683	80006414	57eb0f93	addi	x31,x22,1406	 x22:0xaaa84e4e x31=0xaaa853cc
     306865.000 ns	     30685	80006418	20998e53	fsgnj.s	f28,f19,f9	 f19:0x7fc00000  f9:0x7fc00000 f28=0x7fc00000
     306895.000 ns	     30688	8000641c	a0971553	flt.s	x10,f14,f9	 f14:0x00000000  f9:0x7fc00000 x10=0x00000000
     306915.000 ns	     30690	80006420	58dff113	andi	x2,x31,1421	 x31:0xaaa853cc  x2=0x0000018c
     306935.000 ns	     30692	80006424	a17aa653	feq.s	x12,f21,f23	 f21:0x7fc00000 f23:0x00000000 x12=0x00000000
     306955.000 ns	     30694	80006428	00785813	srli	x16,x16,0x7	 x16:0xffbf00b0 x16=0x01ff7e01
     306975.000 ns	     30696	8000642c	204cafd3	fsgnjx.s	f31,f25,f4	 f25:0x7fc00000  f4:0x4dd61d00 f31=0x7fc00000
     306995.000 ns	     30698	80006430	0123ceb3	xor	x29,x7,x18	  x7:0xffffffff x18:0x00000000 x29=0xffffffff
     307005.000 ns	     30699	80006434	00955db3	srl	x27,x10,x9	 x10:0x00000000  x9:0x00000001 x27=0x00000000
     307015.000 ns	     30700	80006438	0185d8b3	srl	x17,x11,x24	 x11:0x00000000 x24:0x00000001 x17=0x00000000
     307025.000 ns	     30701	8000643c	01b26133	or	x2,x4,x27	  x4:0x7ffbf00b x27:0x00000000  x2=0x7ffbf00b
     307385.000 ns	     30737	80006440	02657bb3	remu	x23,x10,x6	 x10:0x00000000  x6:0x80040fe4 x23=0x00000000
     307405.000 ns	     30739	80006444	408fd513	srai	x10,x31,0x8	 x31:0xaaa853cc x10=0xffaaa853
     307765.000 ns	     30775	80006448	038fc833	div	x16,x31,x24	 x31:0xaaa853cc x24:0x00000001 x16=0xaaa853cc
     307795.000 ns	     30778	8000644c	a1861353	flt.s	x6,f12,f24	 f12:0x00000000 f24:0x80000000  x6=0x00000000
     307825.000 ns	     30781	80006450	28cd9653	fmax.s	f12,f27,f12	 f27:0x4f2aa84e f12:0x00000000 f12=0x4f2aa84e
     307855.000 ns	     30784	80006454	02f14d33	div	x26,x2,x15	  x2:0x7ffbf00b x15:0x00000000 x26=0xffffffff
     307885.000 ns	     30787	80006458	291603d3	fmin.s	f7,f12,f17	 f12:0x4f2aa84e f17:0x441c4000  f7=0x441c4000
     307915.000 ns	     30790	8000645c	036c2333	mulhsu	x6,x24,x22	 x24:0x00000001 x22:0xaaa84e4e  x6=0x00000000
     307945.000 ns	     30793	80006460	e00b98d3	fclass.s	x17,f23	 f23:0x00000000 x17=0x00000010
     307965.000 ns	     30795	80006464	002ef3b3	and	x7,x29,x2	 x29:0xffffffff  x2:0x7ffbf00b  x7=0x7ffbf00b
     307985.000 ns	     30797	80006468	a0152d53	feq.s	x26,f10,f1	 f10:0x80000000  f1:0x00000000 x26=0x00000001
     308005.000 ns	     30799	8000646c	e3978013	addi	x0,x15,-455	 x15:0x00000000
     308015.000 ns	     30800	80006470	00000013	addi	x0,x0,0	  x0:0x00000000
     308025.000 ns	     30801	80006474	01009113	slli	x2,x1,0x10	  x1:0xffffffff  x2=0xffff0000
     308035.000 ns	     30802	80006478	0189e5b3	or	x11,x19,x24	 x19:0xffffffff x24:0x00000001 x11=0xffffffff
     308045.000 ns	     30803	8000647c	002c9113	slli	x2,x25,0x2	 x25:0x00000000  x2=0x00000000
     308075.000 ns	     30806	80006480	106bba53	fmul.s	f20,f23,f6	 f23:0x00000000  f6:0x7fc00000 f20=0x7fc00000
     308105.000 ns	     30809	80006484	c0057853	fcvt.w.s	x16,f10	 f10:0x80000000 x16=0x00000000
     308125.000 ns	     30811	80006488	33a85f97	auipc	x31,0x33a85	 x31=0xb3a8b488
     308165.000 ns	     30815	8000648c	00857e53	fadd.s	f28,f10,f8	 f10:0x80000000  f8:0x00000000 f28=0x00000000
     308185.000 ns	     30817	80006490	bc936613	ori	x12,x6,-1079	  x6:0x00000000 x12=0xfffffbc9
     308215.000 ns	     30820	80006494	580ffed3	fsqrt.s	f29,f31	 f31:0x7fc00000 f29=0x7fc00000
     308245.000 ns	     30823	80006498	208a1753	fsgnjn.s	f14,f20,f8	 f20:0x7fc00000  f8:0x00000000 f14=0xffc00000
     308295.000 ns	     30828	8000649c	09c87ed3	fsub.s	f29,f16,f28	 f16:0x7fc00000 f28:0x00000000 f29=0x7fc00000
     308315.000 ns	     30830	800064a0	41b65333	sra	x6,x12,x27	 x12:0xfffffbc9 x27:0x00000000  x6=0xfffffbc9
     308335.000 ns	     30832	800064a4	c01a7fd3	fcvt.wu.s	x31,f20	 f20:0x7fc00000 x31=0xffffffff
     308365.000 ns	     30835	800064a8	02f68cb3	mul	x25,x13,x15	 x13:0x00000000 x15:0x00000000 x25=0x00000000
     308395.000 ns	     30838	800064ac	20f00fd3	fsgnj.s	f31,f0,f15	  f0:0x4dd61d00 f15:0x80000000 f31=0xcdd61d00
     308425.000 ns	     30841	800064b0	20a5aad3	fsgnjx.s	f21,f11,f10	 f11:0x80000000 f10:0x80000000 f21=0x00000000
     308445.000 ns	     30843	800064b4	1a890f93	addi	x31,x18,424	 x18:0x00000000 x31=0x000001a8
     308465.000 ns	     30845	800064b8	0224f0b3	remu	x1,x9,x2	  x9:0x00000001  x2:0x00000000  x1=0x00000001
     308485.000 ns	     30847	800064bc	5a527413	andi	x8,x4,1445	  x4:0x7ffbf00b  x8=0x00000001
     308495.000 ns	     30848	800064c0	8f39b893	sltiu	x17,x19,-1805	 x19:0xffffffff x17=0x00000000
     308505.000 ns	     30849	800064c4	ddbd0a93	addi	x21,x26,-549	 x26:0x00000001 x21=0xfffffddc
     308525.000 ns	     30851	800064c8	21f5aad3	fsgnjx.s	f21,f11,f31	 f11:0x80000000 f31:0xcdd61d00 f21=0x00000000
     308575.000 ns	     30856	800064cc	08617e53	fsub.s	f28,f2,f6	  f2:0x4f000410  f6:0x7fc00000 f28=0x7fc00000
     308605.000 ns	     30859	800064d0	d014f4d3	fcvt.s.wu	f9,x9	  x9:0x00000001  f9=0x3f800000
     308655.000 ns	     30864	800064d4	00f185d3	fadd.s	f11,f3,f15	  f3:0x4f2aa84e f15:0x80000000 f11=0x4f2aa84e
     308685.000 ns	     30867	800064d8	d00efbd3	fcvt.s.w	f23,x29	 x29:0xffffffff f23=0xbf800000
     308715.000 ns	     30870	800064dc	03ac3a33	mulhu	x20,x24,x26	 x24:0x00000001 x26:0x00000001 x20=0x00000000
     308735.000 ns	     30872	800064e0	0fec8493	addi	x9,x25,254	 x25:0x00000000  x9=0x000000fe
     308755.000 ns	     30874	800064e4	282895d3	fmax.s	f11,f17,f2	 f17:0x441c4000  f2:0x4f000410 f11=0x4f000410
     308785.000 ns	     30877	800064e8	e0038353	fmv.x.w	x6,f7	  f7:0x441c4000  x6=0x441c4000
     308805.000 ns	     30879	800064ec	00b60033	add	x0,x12,x11	 x12:0xfffffbc9 x11:0xffffffff
     308825.000 ns	     30881	800064f0	292994d3	fmax.s	f9,f19,f18	 f19:0x7fc00000 f18:0x7fc00000  f9=0x7fc00000
     308845.000 ns	     30883	800064f4	00000013	addi	x0,x0,0	  x0:0x00000000
     308865.000 ns	     30885	800064f8	a0ffa653	feq.s	x12,f31,f15	 f31:0xcdd61d00 f15:0x80000000 x12=0x00000000
     308895.000 ns	     30888	800064fc	a1ad9353	flt.s	x6,f27,f26	 f27:0x4f2aa84e f26:0x7fc00000  x6=0x00000000
     308915.000 ns	     30890	80006500	6c56bb97	auipc	x23,0x6c56b	 x23=0xec571500
     308935.000 ns	     30892	80006504	202f0b53	fsgnj.s	f22,f30,f2	 f30:0x7fc00000  f2:0x4f000410 f22=0x7fc00000
     308955.000 ns	     30894	80006508	016add93	srli	x27,x21,0x16	 x21:0xfffffddc x27=0x000003ff
     308965.000 ns	     30895	8000650c	252d4e13	xori	x28,x26,594	 x26:0x00000001 x28=0x00000253
     308985.000 ns	     30897	80006510	02880433	mul	x8,x16,x8	 x16:0x00000000  x8:0x00000001  x8=0x00000000
     309005.000 ns	     30899	80006514	0067f133	and	x2,x15,x6	 x15:0x00000000  x6:0x00000000  x2=0x00000000
     309015.000 ns	     30900	80006518	011aec33	or	x24,x21,x17	 x21:0xfffffddc x17:0x00000000 x24=0xfffffddc
     309045.000 ns	     30903	8000651c	199937d3	fdiv.s	f15,f18,f25	 f18:0x7fc00000 f25:0x7fc00000 f15=0x7fc00000
     309065.000 ns	     30905	80006520	002c6e33	or	x28,x24,x2	 x24:0x00000001  x2:0x00000000 x28=0xfffffddc
     309425.000 ns	     30941	80006524	03c9d6b3	divu	x13,x19,x28	 x19:0xffffffff x28:0x00000253 x13=0x00000001
     309455.000 ns	     30944	80006528	215f98d3	fsgnjn.s	f17,f31,f21	 f31:0xcdd61d00 f21:0x00000000 f17=0xcdd61d00
     309485.000 ns	     30947	8000652c	d00578d3	fcvt.s.w	f17,x10	 x10:0xffaaa853 f17=0xcaaaaf5a
     309505.000 ns	     30949	80006530	0131dc93	srli	x25,x3,0x13	  x3:0xffffffef x25=0x00001fff
     309515.000 ns	     30950	80006534	01f32833	slt	x16,x6,x31	  x6:0x00000000 x31:0x000001a8 x16=0x00000001
     309535.000 ns	     30952	80006538	020713b3	mulh	x7,x14,x0	 x14:0x80040fe4  x0:0x00000000  x7=0x00000000
     309565.000 ns	     30955	8000653c	022db7b3	mulhu	x15,x27,x2	 x27:0x000003ff  x2:0x00000000 x15=0x00000000
     309935.000 ns	     30992	80006540	02924433	div	x8,x4,x9	  x4:0x7ffbf00b  x9:0x000000fe  x8=0x0080fdeb
     309955.000 ns	     30994	80006544	417304b3	sub	x9,x6,x23	  x6:0x00000000 x23:0xec571500  x9=0x13a8eb00
     309975.000 ns	     30996	80006548	03191db3	mulh	x27,x18,x17	 x18:0x00000000 x17:0x00000000 x27=0x00000000
     310025.000 ns	     31001	8000654c	097075d3	fsub.s	f11,f0,f23	  f0:0x4dd61d00 f23:0xbf800000 f11=0x4dd61d00
     310045.000 ns	     31003	80006550	5576a393	slti	x7,x13,1367	 x13:0x00000001  x7=0x00000001
     310055.000 ns	     31004	80006554	0fd393b7	lui	x7,0xfd39	  x7=0x0fd39000
     310065.000 ns	     31005	80006558	01d9c7b3	xor	x15,x19,x29	 x19:0xffffffff x29:0xffffffff x15=0x00000000
     310075.000 ns	     31006	8000655c	0011a1b3	slt	x3,x3,x1	  x3:0xffffffef  x1:0x00000001  x3=0x00000001
     310085.000 ns	     31007	80006560	d0986793	ori	x15,x16,-759	 x16:0x00000001 x15=0xfffffd09
     310125.000 ns	     31011	80006564	01784853	fadd.s	f16,f16,f23	 f16:0x7fc00000 f23:0xbf800000 f16=0x7fc00000
     310145.000 ns	     31013	80006568	010951b3	srl	x3,x18,x16	 x18:0x00000000 x16:0x00000001  x3=0x00000000
     310175.000 ns	     31016	8000656c	1125abd3	fmul.s	f23,f11,f18	 f11:0x4dd61d00 f18:0x7fc00000 f23=0x7fc00000
     310205.000 ns	     31019	80006570	038ab933	mulhu	x18,x21,x24	 x21:0xfffffddc x24:0xfffffddc x18=0xfffffbb8
     310235.000 ns	     31022	80006574	f0038b53	fmv.w.x	f22,x7	  x7:0x0fd39000 f22=0x0fd39000
     310265.000 ns	     31025	80006578	02d22fb3	mulhsu	x31,x4,x13	  x4:0x7ffbf00b x13:0x00000001 x31=0x00000000
     310295.000 ns	     31028	8000657c	a1cf06d3	fle.s	x13,f30,f28	 f30:0x7fc00000 f28:0x7fc00000 x13=0x00000000
     310315.000 ns	     31030	80006580	00aed613	srli	x12,x29,0xa	 x29:0xffffffff x12=0x003fffff
     310355.000 ns	     31034	80006584	00b072d3	fadd.s	f5,f0,f11	  f0:0x4dd61d00 f11:0x4dd61d00  f5=0x4e561d00
     310385.000 ns	     31037	80006588	a0efaa53	feq.s	x20,f31,f14	 f31:0xcdd61d00 f14:0xffc00000 x20=0x00000000
     310405.000 ns	     31039	8000658c	00bad793	srli	x15,x21,0xb	 x21:0xfffffddc x15=0x001fffff
     310765.000 ns	     31075	80006590	03a8d7b3	divu	x15,x17,x26	 x17:0x00000000 x26:0x00000001 x15=0x00000000
     310785.000 ns	     31077	80006594	0050b8b3	sltu	x17,x1,x5	  x1:0x00000001  x5:0x80041024 x17=0x00000001
     310795.000 ns	     31078	80006598	002b7133	and	x2,x22,x2	 x22:0xaaa84e4e  x2:0x00000000  x2=0x00000000
     310805.000 ns	     31079	8000659c	00031333	sll	x6,x6,x0	  x6:0x00000000  x0:0x00000000  x6=0x00000000
     310815.000 ns	     31080	800065a0	00000013	addi	x0,x0,0	  x0:0x00000000
     310835.000 ns	     31082	800065a4	c005a9d3	fcvt.w.s	x19,f11	 f11:0x4dd61d00 x19=0x1ac3a000
     310865.000 ns	     31085	800065a8	02decfb3	div	x31,x29,x13	 x29:0xffffffff x13:0x00000000 x31=0xffffffff
     310885.000 ns	     31087	800065ac	66a09497	auipc	x9,0x66a09	  x9=0xe6a0f5ac
     310895.000 ns	     31088	800065b0	000a87b3	add	x15,x21,x0	 x21:0xfffffddc  x0:0x00000000 x15=0xfffffddc
     310915.000 ns	     31090	800065b4	d01b83d3	fcvt.s.wu	f7,x23	 x23:0xec571500  f7=0x4f6c5715
     310935.000 ns	     31092	800065b8	72e2ba93	sltiu	x21,x5,1838	  x5:0x80041024 x21=0x00000000
     310955.000 ns	     31094	800065bc	d00f77d3	fcvt.s.w	f15,x30	 x30:0x00000000 f15=0x00000000
     310985.000 ns	     31097	800065c0	21d424d3	fsgnjx.s	f9,f8,f29	  f8:0x00000000 f29:0x7fc00000  f9=0x00000000
     311015.000 ns	     31100	800065c4	e0060ed3	fmv.x.w	x29,f12	 f12:0x4f2aa84e x29=0x4f2aa84e
     311045.000 ns	     31103	800065c8	c009f5d3	fcvt.w.s	x11,f19	 f19:0x7fc00000 x11=0x7fffffff
     311065.000 ns	     31105	800065cc	fa78ca97	auipc	x21,0xfa78c	 x21=0x7a7925cc
     311085.000 ns	     31107	800065d0	d014f8d3	fcvt.s.wu	f17,x9	  x9:0xe6a0f5ac f17=0x4f66a0f5
     311105.000 ns	     31109	800065d4	01a0da33	srl	x20,x1,x26	  x1:0x00000001 x26:0x00000001 x20=0x00000000
     311125.000 ns	     31111	800065d8	d01378d3	fcvt.s.wu	f17,x6	  x6:0x00000000 f17=0x00000000
     311145.000 ns	     31113	800065dc	00c3e4b3	or	x9,x7,x12	  x7:0x0fd39000 x12:0x003fffff  x9=0x0fffffff
     311155.000 ns	     31114	800065e0	d04bdd17	auipc	x26,0xd04bd	 x26=0x504c35e0
     311175.000 ns	     31116	800065e4	f0048fd3	fmv.w.x	f31,x9	  x9:0xe6a0f5ac f31=0x0fffffff
     311545.000 ns	     31153	800065e8	02b64a33	div	x20,x12,x11	 x12:0x003fffff x11:0x7fffffff x20=0x00000000
     311575.000 ns	     31156	800065ec	20b49653	fsgnjn.s	f12,f9,f11	  f9:0x00000000 f11:0x4dd61d00 f12=0x80000000
     311605.000 ns	     31159	800065f0	035c8c33	mul	x24,x25,x21	 x25:0x00001fff x21:0x7a7925cc x24=0xaa405a34
     311635.000 ns	     31162	800065f4	a02ba553	feq.s	x10,f23,f2	 f23:0x7fc00000  f2:0x4f000410 x10=0x00000000
     311665.000 ns	     31165	800065f8	0271aeb3	mulhsu	x29,x3,x7	  x3:0x00000000  x7:0x0fd39000 x29=0x00000000
     311685.000 ns	     31167	800065fc	40c9da33	sra	x20,x19,x12	 x19:0x1ac3a000 x12:0x003fffff x20=0x00000000
     311705.000 ns	     31169	80006600	0256a633	mulhsu	x12,x13,x5	 x13:0x00000000  x5:0x80041024 x12=0x00000000
     311745.000 ns	     31173	80006604	58067ed3	fsqrt.s	f29,f12	 f12:0x80000000 f29=0x80000000
     311785.000 ns	     31177	80006608	119f83d3	fmul.s	f7,f31,f25	 f31:0x0fffffff f25:0x7fc00000  f7=0x7fc00000
     311815.000 ns	     31180	8000660c	03e41e33	mulh	x28,x8,x30	  x8:0x0080fdeb x30:0x00000000 x28=0x00000000
     311845.000 ns	     31183	80006610	c00d81d3	fcvt.w.s	x3,f27	 f27:0x4f2aa84e  x3=0x7fffffff
     311865.000 ns	     31185	80006614	2f65e1b7	lui	x3,0x2f65e	  x3=0x2f65e000
     311875.000 ns	     31186	80006618	01661d33	sll	x26,x12,x22	 x12:0x00000000 x22:0xaaa84e4e x26=0x00000000
     311895.000 ns	     31188	8000661c	02a3bd33	mulhu	x26,x7,x10	  x7:0x0fd39000 x10:0x00000000 x26=0x00000000
     311915.000 ns	     31190	80006620	00031393	slli	x7,x6,0x0	  x6:0x00000000  x7=0x00000000
     311935.000 ns	     31192	80006624	02611fb3	mulh	x31,x2,x6	  x2:0x00000000  x6:0x00000000 x31=0x00000000
     311965.000 ns	     31195	80006628	e0049e53	fclass.s	x28,f9	  f9:0x00000000 x28=0x00000010
     311995.000 ns	     31198	8000662c	c0057dd3	fcvt.w.s	x27,f10	 f10:0x80000000 x27=0x00000000
     312025.000 ns	     31201	80006630	a0e09c53	flt.s	x24,f1,f14	  f1:0x00000000 f14:0xffc00000 x24=0x00000000
     312055.000 ns	     31204	80006634	c00b7cd3	fcvt.w.s	x25,f22	 f22:0x0fd39000 x25=0x00000000
     312075.000 ns	     31206	80006638	019d6833	or	x16,x26,x25	 x26:0x00000000 x25:0x00001fff x16=0x00000000
     312095.000 ns	     31208	8000663c	f00f8353	fmv.w.x	f6,x31	 x31:0x00000000  f6=0x00000000
     312115.000 ns	     31210	80006640	414f8bb3	sub	x23,x31,x20	 x31:0x00000000 x20:0x00000000 x23=0x00000000
     312145.000 ns	     31213	80006644	110e7ad3	fmul.s	f21,f28,f16	 f28:0x7fc00000 f16:0x7fc00000 f21=0x7fc00000
     312165.000 ns	     31215	80006648	006d6c33	or	x24,x26,x6	 x26:0x00000000  x6:0x00000000 x24=0x00000000
     312185.000 ns	     31217	8000664c	0306fe33	remu	x28,x13,x16	 x13:0x00000000 x16:0x00000000 x28=0x00000000
     312225.000 ns	     31221	80006650	58051253	fsqrt.s	f4,f10	 f10:0x80000000  f4=0x80000000
     312245.000 ns	     31223	80006654	010964b3	or	x9,x18,x16	 x18:0xfffffbb8 x16:0x00000000  x9=0xfffffbb8
     312265.000 ns	     31225	80006658	c006b153	fcvt.w.s	x2,f13	 f13:0x7fc00000  x2=0x7fffffff
     312285.000 ns	     31227	8000665c	00e32533	slt	x10,x6,x14	  x6:0x00000000 x14:0x80040fe4 x10=0x00000000
     312645.000 ns	     31263	80006660	02546933	rem	x18,x8,x5	  x8:0x0080fdeb  x5:0x80041024 x18=0x0080fdeb
     312665.000 ns	     31265	80006664	3ed24413	xori	x8,x4,1005	  x4:0x7ffbf00b  x8=0x7ffbf3e6
     312685.000 ns	     31267	80006668	c01ecdd3	fcvt.wu.s	x27,f29	 f29:0x80000000 x27=0x00000000
     312715.000 ns	     31270	8000666c	c01b76d3	fcvt.wu.s	x13,f22	 f22:0x0fd39000 x13=0x00000000
     313085.000 ns	     31307	80006670	02264433	div	x8,x12,x2	 x12:0x00000000  x2:0x7fffffff  x8=0x00000000
     313105.000 ns	     31309	80006674	01d28833	add	x16,x5,x29	  x5:0x80041024 x29:0x00000000 x16=0x80041024
     313115.000 ns	     31310	80006678	58bca413	slti	x8,x25,1419	 x25:0x00000000  x8=0x00000001
     313135.000 ns	     31312	8000667c	21cd2753	fsgnjx.s	f14,f26,f28	 f26:0x7fc00000 f28:0x7fc00000 f14=0x7fc00000
     313155.000 ns	     31314	80006680	56114613	xori	x12,x2,1377	  x2:0x7fffffff x12=0x7ffffa9e
     313175.000 ns	     31316	80006684	0204c833	div	x16,x9,x0	  x9:0xfffffbb8  x0:0x00000000 x16=0xffffffff
     313195.000 ns	     31318	80006688	4c3db897	auipc	x17,0x4c3db	 x17=0xcc3e1688
     313205.000 ns	     31319	8000668c	01bc5d13	srli	x26,x24,0x1b	 x24:0x00000000 x26=0x00000000
     313215.000 ns	     31320	80006690	412bde33	sra	x28,x23,x18	 x23:0x00000000 x18:0x0080fdeb x28=0x00000000
     313225.000 ns	     31321	80006694	40e50a33	sub	x20,x10,x14	 x10:0x00000000 x14:0x80040fe4 x20=0x7ffbf01c
     313245.000 ns	     31323	80006698	d014fe53	fcvt.s.wu	f28,x9	  x9:0xfffffbb8 f28=0x4f7ffffb
     313265.000 ns	     31325	8000669c	8a3b3497	auipc	x9,0x8a3b3	  x9=0x0a3b969c
     313285.000 ns	     31327	800066a0	a1948d53	fle.s	x26,f9,f25	  f9:0x00000000 f25:0x7fc00000 x26=0x00000000
     313315.000 ns	     31330	800066a4	c004bdd3	fcvt.w.s	x27,f9	  f9:0x00000000 x27=0x00000000
     313345.000 ns	     31333	800066a8	a0721953	flt.s	x18,f4,f7	  f4:0x80000000  f7:0x7fc00000 x18=0x00000000
     313365.000 ns	     31335	800066ac	4126dbb3	sra	x23,x13,x18	 x13:0x00000000 x18:0x0080fdeb x23=0x00000000
     313385.000 ns	     31337	800066b0	c00efdd3	fcvt.w.s	x27,f29	 f29:0x80000000 x27=0x00000000
     313405.000 ns	     31339	800066b4	014a24b3	slt	x9,x20,x20	 x20:0x7ffbf01c x20:0x7ffbf01c  x9=0x00000000
     313445.000 ns	     31343	800066b8	001a70d3	fadd.s	f1,f20,f1	 f20:0x7fc00000  f1:0x00000000  f1=0x7fc00000
     313465.000 ns	     31345	800066bc	00669c13	slli	x24,x13,0x6	 x13:0x00000000 x24=0x00000000
     313485.000 ns	     31347	800066c0	2047ac53	fsgnjx.s	f24,f15,f4	 f15:0x00000000  f4:0x80000000 f24=0x80000000
     313515.000 ns	     31350	800066c4	a1392c53	feq.s	x24,f18,f19	 f18:0x7fc00000 f19:0x7fc00000 x24=0x00000000
     313545.000 ns	     31353	800066c8	02d161b3	rem	x3,x2,x13	  x2:0x7fffffff x13:0x00000000  x3=0x7fffffff
     313575.000 ns	     31356	800066cc	288580d3	fmin.s	f1,f11,f8	 f11:0x4dd61d00  f8:0x00000000  f1=0x00000000
     313595.000 ns	     31358	800066d0	01ce1f93	slli	x31,x28,0x1c	 x28:0x00000000 x31=0x00000000
     313625.000 ns	     31361	800066d4	5800f053	fsqrt.s	f0,f1	  f1:0x00000000  f0=0x00000000
     313645.000 ns	     31363	800066d8	eeb54d93	xori	x27,x10,-277	 x10:0x00000000 x27=0xfffffeeb
     313655.000 ns	     31364	800066dc	889c6e93	ori	x29,x24,-1911	 x24:0x00000000 x29=0xfffff889
     313665.000 ns	     31365	800066e0	8f470f93	addi	x31,x14,-1804	 x14:0x80040fe4 x31=0x800408d8
     313675.000 ns	     31366	800066e4	00158ab3	add	x21,x11,x1	 x11:0x7fffffff  x1:0x00000001 x21=0x80000000
     313695.000 ns	     31368	800066e8	20429c53	fsgnjn.s	f24,f5,f4	  f5:0x4e561d00  f4:0x80000000 f24=0x4e561d00
     313725.000 ns	     31371	800066ec	20df02d3	fsgnj.s	f5,f30,f13	 f30:0x7fc00000 f13:0x7fc00000  f5=0x7fc00000
     313755.000 ns	     31374	800066f0	f00a07d3	fmv.w.x	f15,x20	 x20:0x7ffbf01c f15=0x7ffbf01c
     313775.000 ns	     31376	800066f4	69594cb7	lui	x25,0x69594	 x25=0x69594000
     313795.000 ns	     31378	800066f8	289f1653	fmax.s	f12,f30,f9	 f30:0x7fc00000  f9:0x00000000 f12=0x00000000
     313815.000 ns	     31380	800066fc	00f92eb3	slt	x29,x18,x15	 x18:0x00000000 x15:0xfffffddc x29=0x00000000
     314175.000 ns	     31416	80006700	030ce033	rem	x0,x25,x16	 x25:0x69594000 x16:0xffffffff
     314215.000 ns	     31420	80006704	19707253	fdiv.s	f4,f0,f23	  f0:0x00000000 f23:0x7fc00000  f4=0x7fc00000
     314235.000 ns	     31422	80006708	01102bb3	slt	x23,x0,x17	  x0:0x00000000 x17:0xcc3e1688 x23=0x00000000
     314245.000 ns	     31423	8000670c	017e4cb3	xor	x25,x28,x23	 x28:0x00000000 x23:0x00000000 x25=0x00000000
     314265.000 ns	     31425	80006710	e00f10d3	fclass.s	x1,f30	 f30:0x7fc00000  x1=0x00000200
     314295.000 ns	     31428	80006714	e00206d3	fmv.x.w	x13,f4	  f4:0x7fc00000 x13=0x7fc00000
     314315.000 ns	     31430	80006718	d852a593	slti	x11,x5,-635	  x5:0x80041024 x11=0x00000001
     314335.000 ns	     31432	8000671c	28ec9653	fmax.s	f12,f25,f14	 f25:0x7fc00000 f14:0x7fc00000 f12=0x7fc00000
     314365.000 ns	     31435	80006720	e0058f53	fmv.x.w	x30,f11	 f11:0x4dd61d00 x30=0x4dd61d00
     314395.000 ns	     31438	80006724	e0001bd3	fclass.s	x23,f0	  f0:0x00000000 x23=0x00000010
     314765.000 ns	     31475	80006728	02306633	rem	x12,x0,x3	  x0:0x00000000  x3:0x7fffffff x12=0x00000000
     314795.000 ns	     31478	8000672c	03ca2c33	mulhsu	x24,x20,x28	 x20:0x7ffbf01c x28:0x00000000 x24=0x00000000
     314825.000 ns	     31481	80006730	027aec33	rem	x24,x21,x7	 x21:0x80000000  x7:0x00000000 x24=0x80000000
     314845.000 ns	     31483	80006734	90c5bd13	sltiu	x26,x11,-1780	 x11:0x00000001 x26=0x00000001
     314875.000 ns	     31486	80006738	1886f5d3	fdiv.s	f11,f13,f8	 f13:0x7fc00000  f8:0x00000000 f11=0x7fc00000
     314905.000 ns	     31489	8000673c	a00e0253	fle.s	x4,f28,f0	 f28:0x4f7ffffb  f0:0x00000000  x4=0x00000000
     314925.000 ns	     31491	80006740	01881113	slli	x2,x16,0x18	 x16:0xffffffff  x2=0xff000000
     314955.000 ns	     31494	80006744	195a18d3	fdiv.s	f17,f20,f21	 f20:0x7fc00000 f21:0x7fc00000 f17=0x7fc00000
     314975.000 ns	     31496	80006748	01273033	sltu	x0,x14,x18	 x14:0x80040fe4 x18:0x00000000
     314985.000 ns	     31497	8000674c	b7ac2893	slti	x17,x24,-1158	 x24:0x80000000 x17=0x00000001
     315025.000 ns	     31501	80006750	08641353	fsub.s	f6,f8,f6	  f8:0x00000000  f6:0x00000000  f6=0x80000000
     315055.000 ns	     31504	80006754	283b9353	fmax.s	f6,f23,f3	 f23:0x7fc00000  f3:0x4f2aa84e  f6=0x4f2aa84e
     315075.000 ns	     31506	80006758	00000013	addi	x0,x0,0	  x0:0x00000000
     315115.000 ns	     31510	8000675c	0893b953	fsub.s	f18,f7,f9	  f7:0x7fc00000  f9:0x00000000 f18=0x7fc00000
     315145.000 ns	     31513	80006760	031bb9b3	mulhu	x19,x23,x17	 x23:0x00000010 x17:0x00000001 x19=0x00000000
     315165.000 ns	     31515	80006764	40ead633	sra	x12,x21,x14	 x21:0x80000000 x14:0x80040fe4 x12=0xf8000000
     315175.000 ns	     31516	80006768	01e56db3	or	x27,x10,x30	 x10:0x00000000 x30:0x4dd61d00 x27=0x4dd61d00
     315185.000 ns	     31517	8000676c	00fed693	srli	x13,x29,0xf	 x29:0x00000000 x13=0x00000000
     315545.000 ns	     31553	80006770	034a47b3	div	x15,x20,x20	 x20:0x7ffbf01c x20:0x7ffbf01c x15=0x00000001
     315565.000 ns	     31555	80006774	412807b3	sub	x15,x16,x18	 x16:0xffffffff x18:0x00000000 x15=0xffffffff
     315585.000 ns	     31557	80006778	e0028fd3	fmv.x.w	x31,f5	  f5:0x7fc00000 x31=0x7fc00000
     315605.000 ns	     31559	8000677c	009c5913	srli	x18,x24,0x9	 x24:0x80000000 x18=0x00400000
     315615.000 ns	     31560	80006780	3b6cfd97	auipc	x27,0x3b6cf	 x27=0xbb6d5780
     315635.000 ns	     31562	80006784	20c78d53	fsgnj.s	f26,f15,f12	 f15:0x7ffbf01c f12:0x7fc00000 f26=0x7ffbf01c
     315655.000 ns	     31564	80006788	01c86333	or	x6,x16,x28	 x16:0xffffffff x28:0x00000000  x6=0xffffffff
     315665.000 ns	     31565	8000678c	01e69e13	slli	x28,x13,0x1e	 x13:0x00000000 x28=0x00000000
     315685.000 ns	     31567	80006790	29ea80d3	fmin.s	f1,f21,f30	 f21:0x7fc00000 f30:0x7fc00000  f1=0x7fc00000
     315715.000 ns	     31570	80006794	03308eb3	mul	x29,x1,x19	  x1:0x00000200 x19:0x00000000 x29=0x00000000
     315735.000 ns	     31572	80006798	25762193	slti	x3,x12,599	 x12:0xf8000000  x3=0x00000001
     315745.000 ns	     31573	8000679c	2940f593	andi	x11,x1,660	  x1:0x00000200 x11=0x00000200
     315755.000 ns	     31574	800067a0	b6d3eb93	ori	x23,x7,-1171	  x7:0x00000000 x23=0xfffffb6d
     315785.000 ns	     31577	800067a4	1016aad3	fmul.s	f21,f13,f1	 f13:0x7fc00000  f1:0x7fc00000 f21=0x7fc00000
     316155.000 ns	     31614	800067a8	023376b3	remu	x13,x6,x3	  x6:0xffffffff  x3:0x00000001 x13=0x00000000
     316185.000 ns	     31617	800067ac	c01f00d3	fcvt.wu.s	x1,f30	 f30:0x7fc00000  x1=0xffffffff
     316235.000 ns	     31622	800067b0	0048a3d3	fadd.s	f7,f17,f4	 f17:0x7fc00000  f4:0x7fc00000  f7=0x7fc00000
     316265.000 ns	     31625	800067b4	038f3333	mulhu	x6,x30,x24	 x30:0x4dd61d00 x24:0x80000000  x6=0x26eb0e80
     316285.000 ns	     31627	800067b8	d0a95637	lui	x12,0xd0a95	 x12=0xd0a95000
     316295.000 ns	     31628	800067bc	00b61513	slli	x10,x12,0xb	 x12:0xf8000000 x10=0x4a800000
     316305.000 ns	     31629	800067c0	f26ac093	xori	x1,x21,-218	 x21:0x80000000  x1=0x7fffff26
     316335.000 ns	     31632	800067c4	580777d3	fsqrt.s	f15,f14	 f14:0x7fc00000 f15=0x7fc00000
     316365.000 ns	     31635	800067c8	029a2db3	mulhsu	x27,x20,x9	 x20:0x7ffbf01c  x9:0x00000000 x27=0x00000000
     316395.000 ns	     31638	800067cc	c01123d3	fcvt.wu.s	x7,f2	  f2:0x4f000410  x7=0x80041000
     316415.000 ns	     31640	800067d0	00000013	addi	x0,x0,0	  x0:0x00000000
     316425.000 ns	     31641	800067d4	00c25e33	srl	x28,x4,x12	  x4:0x00000000 x12:0xd0a95000 x28=0x00000000
     316785.000 ns	     31677	800067d8	03516833	rem	x16,x2,x21	  x2:0xff000000 x21:0x80000000 x16=0xff000000
     316805.000 ns	     31679	800067dc	00ac3f33	sltu	x30,x24,x10	 x24:0x80000000 x10:0x4a800000 x30=0x00000000
     316815.000 ns	     31680	800067e0	c763cc93	xori	x25,x7,-906	  x7:0x80041000 x25=0x7ffbec76
     316835.000 ns	     31682	800067e4	02050bb3	mul	x23,x10,x0	 x10:0x4a800000  x0:0x00000000 x23=0x00000000
     316865.000 ns	     31685	800067e8	20b31253	fsgnjn.s	f4,f6,f11	  f6:0x4f2aa84e f11:0x7fc00000  f4=0xcf2aa84e
     316885.000 ns	     31687	800067ec	01975db3	srl	x27,x14,x25	 x14:0x80040fe4 x25:0x7ffbec76 x27=0x00000200
     316915.000 ns	     31690	800067f0	19657453	fdiv.s	f8,f10,f22	 f10:0x80000000 f22:0x0fd39000  f8=0x80000000
     316965.000 ns	     31695	800067f4	01488f53	fadd.s	f30,f17,f20	 f17:0x7fc00000 f20:0x7fc00000 f30=0x7fc00000
     316985.000 ns	     31697	800067f8	01775f93	srli	x31,x14,0x17	 x14:0x80040fe4 x31=0x00000100
     317005.000 ns	     31699	800067fc	d01d74d3	fcvt.s.wu	f9,x26	 x26:0x00000001  f9=0x3f800000
     317025.000 ns	     31701	80006800	00fac4b3	xor	x9,x21,x15	 x21:0x80000000 x15:0xffffffff  x9=0x7fffffff
     317045.000 ns	     31703	80006804	03d5fe33	remu	x28,x11,x29	 x11:0x00000200 x29:0x00000000 x28=0x00000200
     317065.000 ns	     31705	80006808	505eac93	slti	x25,x29,1285	 x29:0x00000000 x25=0x00000001
     317085.000 ns	     31707	8000680c	214f95d3	fsgnjn.s	f11,f31,f20	 f31:0x0fffffff f20:0x7fc00000 f11=0x8fffffff
     317105.000 ns	     31709	80006810	3ef90c37	lui	x24,0x3ef90	 x24=0x3ef90000
     317135.000 ns	     31712	80006814	580bbb53	fsqrt.s	f22,f23	 f23:0x7fc00000 f22=0x7fc00000
     317165.000 ns	     31715	80006818	e00414d3	fclass.s	x9,f8	  f8:0x80000000  x9=0x00000008
     317185.000 ns	     31717	8000681c	5d2da413	slti	x8,x27,1490	 x27:0x00000200  x8=0x00000001
     317205.000 ns	     31719	80006820	21a99ad3	fsgnjn.s	f21,f19,f26	 f19:0x7fc00000 f26:0x7ffbf01c f21=0xffc00000
     317225.000 ns	     31721	80006824	4ab9c013	xori	x0,x19,1195	 x19:0x00000000
     317235.000 ns	     31722	80006828	00000013	addi	x0,x0,0	  x0:0x00000000
     317595.000 ns	     31758	8000682c	03f8ceb3	div	x29,x17,x31	 x17:0x00000001 x31:0x00000100 x29=0x00000000
     317625.000 ns	     31761	80006830	a1711953	flt.s	x18,f2,f23	  f2:0x4f000410 f23:0x7fc00000 x18=0x00000000
     317645.000 ns	     31763	80006834	bc6e0d93	addi	x27,x28,-1082	 x28:0x00000200 x27=0xfffffdc6
     317665.000 ns	     31765	80006838	03fcb533	mulhu	x10,x25,x31	 x25:0x00000001 x31:0x00000100 x10=0x00000000
     317685.000 ns	     31767	8000683c	1f45ee37	lui	x28,0x1f45e	 x28=0x1f45e000
     317695.000 ns	     31768	80006840	0015e4b3	or	x9,x11,x1	 x11:0x00000200  x1:0x7fffff26  x9=0x7fffff26
     317715.000 ns	     31770	80006844	02db8f33	mul	x30,x23,x13	 x23:0x00000000 x13:0x00000000 x30=0x00000000
     317745.000 ns	     31773	80006848	02ca0533	mul	x10,x20,x12	 x20:0x7ffbf01c x12:0xd0a95000 x10=0xfd84c000
     317765.000 ns	     31775	8000684c	00000013	addi	x0,x0,0	  x0:0x00000000
     317805.000 ns	     31779	80006850	08f93653	fsub.s	f12,f18,f15	 f18:0x7fc00000 f15:0x7fc00000 f12=0x7fc00000
     317835.000 ns	     31782	80006854	28021f53	fmax.s	f30,f4,f0	  f4:0xcf2aa84e  f0:0x00000000 f30=0x00000000
     317865.000 ns	     31785	80006858	e0038f53	fmv.x.w	x30,f7	  f7:0x7fc00000 x30=0x7fc00000
     317885.000 ns	     31787	8000685c	01fd95b3	sll	x11,x27,x31	 x27:0xfffffdc6 x31:0x00000100 x11=0xfffffdc6
     317895.000 ns	     31788	80006860	00000013	addi	x0,x0,0	  x0:0x00000000
     317915.000 ns	     31790	80006864	a1f811d3	flt.s	x3,f16,f31	 f16:0x7fc00000 f31:0x0fffffff  x3=0x00000000
     318285.000 ns	     31827	80006868	03907e33	remu	x28,x0,x25	  x0:0x00000000 x25:0x00000001 x28=0x00000000
     318305.000 ns	     31829	8000686c	4168da33	sra	x20,x17,x22	 x17:0x00000001 x22:0xaaa84e4e x20=0x00000000
     318315.000 ns	     31830	80006870	01708e33	add	x28,x1,x23	  x1:0x7fffff26 x23:0x00000000 x28=0x7fffff26
     318325.000 ns	     31831	80006874	0117d633	srl	x12,x15,x17	 x15:0xffffffff x17:0x00000001 x12=0x7fffffff
     318335.000 ns	     31832	80006878	1809b093	sltiu	x1,x19,384	 x19:0x00000000  x1=0x00000001
     318345.000 ns	     31833	8000687c	002b9493	slli	x9,x23,0x2	 x23:0x00000000  x9=0x00000000
     318355.000 ns	     31834	80006880	8964c793	xori	x15,x9,-1898	  x9:0x7fffff26 x15=0xfffff896
     318375.000 ns	     31836	80006884	20530353	fsgnj.s	f6,f6,f5	  f6:0x4f2aa84e  f5:0x7fc00000  f6=0x4f2aa84e
     318395.000 ns	     31838	80006888	5d03b393	sltiu	x7,x7,1488	  x7:0x80041000  x7=0x00000000
     318415.000 ns	     31840	8000688c	a1208253	fle.s	x4,f1,f18	  f1:0x7fc00000 f18:0x7fc00000  x4=0x00000000
     318435.000 ns	     31842	80006890	4029ddb3	sra	x27,x19,x2	 x19:0x00000000  x2:0xff000000 x27=0x00000000
     318445.000 ns	     31843	80006894	014a0fb3	add	x31,x20,x20	 x20:0x00000000 x20:0x00000000 x31=0x00000000
     318465.000 ns	     31845	80006898	e00e01d3	fmv.x.w	x3,f28	 f28:0x4f7ffffb  x3=0x4f7ffffb
     318485.000 ns	     31847	8000689c	40635413	srai	x8,x6,0x6	  x6:0x26eb0e80  x8=0x009bac3a
     318495.000 ns	     31848	800068a0	7c338413	addi	x8,x7,1987	  x7:0x00000000  x8=0x000007c3
     318505.000 ns	     31849	800068a4	00000013	addi	x0,x0,0	  x0:0x00000000
     318525.000 ns	     31851	800068a8	293e03d3	fmin.s	f7,f28,f19	 f28:0x4f7ffffb f19:0x7fc00000  f7=0x4f7ffffb
     318555.000 ns	     31854	800068ac	03b8b033	mulhu	x0,x17,x27	 x17:0x00000001 x27:0x00000000
     318585.000 ns	     31857	800068b0	a17b0ad3	fle.s	x21,f22,f23	 f22:0x7fc00000 f23:0x7fc00000 x21=0x00000000
     318615.000 ns	     31860	800068b4	a1942ad3	feq.s	x21,f8,f25	  f8:0x80000000 f25:0x7fc00000 x21=0x00000000
     318645.000 ns	     31863	800068b8	e00d0f53	fmv.x.w	x30,f26	 f26:0x7ffbf01c x30=0x7ffbf01c
     318675.000 ns	     31866	800068bc	d00e0553	fcvt.s.w	f10,x28	 x28:0x7fffff26 f10=0x4efffffe
     318725.000 ns	     31871	800068c0	0076fdd3	fadd.s	f27,f13,f7	 f13:0x7fc00000  f7:0x4f7ffffb f27=0x7fc00000
     318755.000 ns	     31874	800068c4	a10baed3	feq.s	x29,f23,f16	 f23:0x7fc00000 f16:0x7fc00000 x29=0x00000000
     319125.000 ns	     31911	800068c8	025a64b3	rem	x9,x20,x5	 x20:0x00000000  x5:0x80041024  x9=0x00000000
     319175.000 ns	     31916	800068cc	00f1f953	fadd.s	f18,f3,f15	  f3:0x4f2aa84e f15:0x7fc00000 f18=0x7fc00000
     319195.000 ns	     31918	800068d0	0157b833	sltu	x16,x15,x21	 x15:0xfffff896 x21:0x00000000 x16=0x00000000
     319205.000 ns	     31919	800068d4	02318f17	auipc	x30,0x2318	 x30=0x8231e8d4
     319225.000 ns	     31921	800068d8	f0008c53	fmv.w.x	f24,x1	  x1:0x00000001 f24=0x00000001
     319595.000 ns	     31958	800068dc	02576db3	rem	x27,x14,x5	 x14:0x80040fe4  x5:0x80041024 x27=0xffffffc0
     319615.000 ns	     31960	800068e0	9880a793	slti	x15,x1,-1656	  x1:0x00000001 x15=0x00000000
     319635.000 ns	     31962	800068e4	03f3d333	divu	x6,x7,x31	  x7:0x00000000 x31:0x00000000  x6=0xffffffff
     319655.000 ns	     31964	800068e8	315d2917	auipc	x18,0x315d2	 x18=0xb15d88e8
     319665.000 ns	     31965	800068ec	1b736793	ori	x15,x6,439	  x6:0xffffffff x15=0xffffffff
     319675.000 ns	     31966	800068f0	bdde6917	auipc	x18,0xbdde6	 x18=0x3ddec8f0
     320035.000 ns	     32002	800068f4	028af133	remu	x2,x21,x8	 x21:0x00000000  x8:0x000007c3  x2=0x00000000
     320055.000 ns	     32004	800068f8	0033bd33	sltu	x26,x7,x3	  x7:0x00000000  x3:0x4f7ffffb x26=0x00000001
     320065.000 ns	     32005	800068fc	4f3d6f93	ori	x31,x26,1267	 x26:0x00000001 x31=0x000004f3
     320075.000 ns	     32006	80006900	0099f0b3	and	x1,x19,x9	 x19:0x00000000  x9:0x00000000  x1=0x00000000
     320085.000 ns	     32007	80006904	00ae0833	add	x16,x28,x10	 x28:0x7fffff26 x10:0xfd84c000 x16=0x7d84bf26
     320105.000 ns	     32009	80006908	f00e0253	fmv.w.x	f4,x28	 x28:0x7fffff26  f4=0x7fffff26
     320125.000 ns	     32011	8000690c	0168e9b3	or	x19,x17,x22	 x17:0x00000001 x22:0xaaa84e4e x19=0xaaa84e4f
     320135.000 ns	     32012	80006910	01c76833	or	x16,x14,x28	 x14:0x80040fe4 x28:0x7fffff26 x16=0xffffffe6
     320145.000 ns	     32013	80006914	018b5133	srl	x2,x22,x24	 x22:0xaaa84e4e x24:0x3ef90000  x2=0xaaa84e4e
     320165.000 ns	     32015	80006918	e0098153	fmv.x.w	x2,f19	 f19:0x7fc00000  x2=0x7fc00000
     320195.000 ns	     32018	8000691c	a0588c53	fle.s	x24,f17,f5	 f17:0x7fc00000  f5:0x7fc00000 x24=0x00000000
     320225.000 ns	     32021	80006920	a0499f53	flt.s	x30,f19,f4	 f19:0x7fc00000  f4:0x7fffff26 x30=0x00000000
     320255.000 ns	     32024	80006924	219f1b53	fsgnjn.s	f22,f30,f25	 f30:0x00000000 f25:0x7fc00000 f22=0x80000000
     320275.000 ns	     32026	80006928	00738133	add	x2,x7,x7	  x7:0x00000000  x7:0x00000000  x2=0x00000000
     320295.000 ns	     32028	8000692c	213491d3	fsgnjn.s	f3,f9,f19	  f9:0x3f800000 f19:0x7fc00000  f3=0xbf800000
     320315.000 ns	     32030	80006930	41465c33	sra	x24,x12,x20	 x12:0x7fffffff x20:0x00000000 x24=0x7fffffff
     320335.000 ns	     32032	80006934	032f33b3	mulhu	x7,x30,x18	 x30:0x00000000 x18:0x3ddec8f0  x7=0x00000000
     320375.000 ns	     32036	80006938	580a15d3	fsqrt.s	f11,f20	 f20:0x7fc00000 f11=0x7fc00000
     320395.000 ns	     32038	8000693c	c7c2b3b7	lui	x7,0xc7c2b	  x7=0xc7c2b000
     320415.000 ns	     32040	80006940	a16b9553	flt.s	x10,f23,f22	 f23:0x7fc00000 f22:0x80000000 x10=0x00000000
     320445.000 ns	     32043	80006944	213aadd3	fsgnjx.s	f27,f21,f19	 f21:0xffc00000 f19:0x7fc00000 f27=0xffc00000
     320465.000 ns	     32045	80006948	c3388793	addi	x15,x17,-973	 x17:0x00000001 x15=0xfffffc34
     320825.000 ns	     32081	8000694c	028067b3	rem	x15,x0,x8	  x0:0x00000000  x8:0x000007c3 x15=0x00000000
     320855.000 ns	     32084	80006950	2157a353	fsgnjx.s	f6,f15,f21	 f15:0x7fc00000 f21:0xffc00000  f6=0xffc00000
     320875.000 ns	     32086	80006954	007ed0b3	srl	x1,x29,x7	 x29:0x00000000  x7:0xc7c2b000  x1=0x00000000
     320885.000 ns	     32087	80006958	004a2db3	slt	x27,x20,x4	 x20:0x00000000  x4:0x00000000 x27=0x00000000
     320905.000 ns	     32089	8000695c	e0009e53	fclass.s	x28,f1	  f1:0x7fc00000 x28=0x00000200
     320945.000 ns	     32093	80006960	18ba0453	fdiv.s	f8,f20,f11	 f20:0x7fc00000 f11:0x7fc00000  f8=0x7fc00000
     320975.000 ns	     32096	80006964	034f5f33	divu	x30,x30,x20	 x30:0x00000000 x20:0x00000000 x30=0xffffffff
     320995.000 ns	     32098	80006968	010b80b3	add	x1,x23,x16	 x23:0x00000000 x16:0xffffffe6  x1=0xffffffe6
     321005.000 ns	     32099	8000696c	010b6cb3	or	x25,x22,x16	 x22:0xaaa84e4e x16:0xffffffe6 x25=0xffffffee
     321025.000 ns	     32101	80006970	d00b7dd3	fcvt.s.w	f27,x22	 x22:0xaaa84e4e f27=0xceaaaf63
     321045.000 ns	     32103	80006974	01731593	slli	x11,x6,0x17	  x6:0xffffffff x11=0xff800000
     321065.000 ns	     32105	80006978	f0048ed3	fmv.w.x	f29,x9	  x9:0x00000000 f29=0x00000000
     321095.000 ns	     32108	8000697c	03f3a6b3	mulhsu	x13,x7,x31	  x7:0xc7c2b000 x31:0x000004f3 x13=0xfffffee9
     321115.000 ns	     32110	80006980	41f0d133	sra	x2,x1,x31	  x1:0xffffffe6 x31:0x000004f3  x2=0xffffffff
     321125.000 ns	     32111	80006984	ca7a7413	andi	x8,x20,-857	 x20:0x00000000  x8=0x00000000
     321135.000 ns	     32112	80006988	40aeda33	sra	x20,x29,x10	 x29:0x00000000 x10:0x00000000 x20=0x00000000
     321145.000 ns	     32113	8000698c	2ff60a93	addi	x21,x12,767	 x12:0x7fffffff x21=0x800002fe
     321505.000 ns	     32149	80006990	039a5533	divu	x10,x20,x25	 x20:0x00000000 x25:0xffffffee x10=0x00000000
     321545.000 ns	     32153	80006994	580af353	fsqrt.s	f6,f21	 f21:0xffc00000  f6=0x7fc00000
     321575.000 ns	     32156	80006998	d00e18d3	fcvt.s.w	f17,x28	 x28:0x00000200 f17=0x44000000
     321605.000 ns	     32159	8000699c	292a8dd3	fmin.s	f27,f21,f18	 f21:0xffc00000 f18:0x7fc00000 f27=0x7fc00000
     321625.000 ns	     32161	800069a0	00ed5113	srli	x2,x26,0xe	 x26:0x00000001  x2=0x00000000
     321985.000 ns	     32197	800069a4	03f7ed33	rem	x26,x15,x31	 x15:0x00000000 x31:0x000004f3 x26=0x00000000
     322005.000 ns	     32199	800069a8	004940b3	xor	x1,x18,x4	 x18:0x3ddec8f0  x4:0x00000000  x1=0x3ddec8f0
     322015.000 ns	     32200	800069ac	00b51c13	slli	x24,x10,0xb	 x10:0x00000000 x24=0x00000000
     322035.000 ns	     32202	800069b0	f0060353	fmv.w.x	f6,x12	 x12:0x7fffffff  f6=0x7fffffff
     322055.000 ns	     32204	800069b4	00aa13b3	sll	x7,x20,x10	 x20:0x00000000 x10:0x00000000  x7=0x00000000
     322075.000 ns	     32206	800069b8	29550fd3	fmin.s	f31,f10,f21	 f10:0x4efffffe f21:0xffc00000 f31=0x4efffffe
     322125.000 ns	     32211	800069bc	09b20d53	fsub.s	f26,f4,f27	  f4:0x7fffff26 f27:0x7fc00000 f26=0x7fc00000
     322155.000 ns	     32214	800069c0	e0078cd3	fmv.x.w	x25,f15	 f15:0x7fc00000 x25=0x7fc00000
     322175.000 ns	     32216	800069c4	00000013	addi	x0,x0,0	  x0:0x00000000
     322535.000 ns	     32252	800069c8	039153b3	divu	x7,x2,x25	  x2:0x00000000 x25:0x7fc00000  x7=0x00000000
     322565.000 ns	     32255	800069cc	2143a8d3	fsgnjx.s	f17,f7,f20	  f7:0x4f7ffffb f20:0x7fc00000 f17=0x4f7ffffb
     322585.000 ns	     32257	800069d0	41a85113	srai	x2,x16,0x1a	 x16:0xffffffe6  x2=0xffffffff
     322605.000 ns	     32259	800069d4	02a360b3	rem	x1,x6,x10	  x6:0xffffffff x10:0x00000000  x1=0xffffffff
     322625.000 ns	     32261	800069d8	5b7d7d13	andi	x26,x26,1463	 x26:0x00000000 x26=0x00000000
     322645.000 ns	     32263	800069dc	d01b70d3	fcvt.s.wu	f1,x22	 x22:0xaaa84e4e  f1=0x4f2aa84e
     322695.000 ns	     32268	800069e0	080285d3	fsub.s	f11,f5,f0	  f5:0x7fc00000  f0:0x00000000 f11=0x7fc00000
     322715.000 ns	     32270	800069e4	00ab91b3	sll	x3,x23,x10	 x23:0x00000000 x10:0x00000000  x3=0x00000000
     322735.000 ns	     32272	800069e8	21602ad3	fsgnjx.s	f21,f0,f22	  f0:0x00000000 f22:0x80000000 f21=0x80000000
     322755.000 ns	     32274	800069ec	7c839937	lui	x18,0x7c839	 x18=0x7c839000
     322765.000 ns	     32275	800069f0	32a63c93	sltiu	x25,x12,810	 x12:0x7fffffff x25=0x00000000
     322795.000 ns	     32278	800069f4	11e6ac53	fmul.s	f24,f13,f30	 f13:0x7fc00000 f30:0x00000000 f24=0x7fc00000
     322815.000 ns	     32280	800069f8	01a58833	add	x16,x11,x26	 x11:0xff800000 x26:0x00000000 x16=0xff800000
     322825.000 ns	     32281	800069fc	00211033	sll	x0,x2,x2	  x2:0xffffffff  x2:0xffffffff
     322845.000 ns	     32283	80006a00	28390053	fmin.s	f0,f18,f3	 f18:0x7fc00000  f3:0xbf800000  f0=0xbf800000
     322875.000 ns	     32286	80006a04	20c30bd3	fsgnj.s	f23,f6,f12	  f6:0x7fffffff f12:0x7fc00000 f23=0x7fffffff
     322915.000 ns	     32290	80006a08	580803d3	fsqrt.s	f7,f16	 f16:0x7fc00000  f7=0x7fc00000
     322935.000 ns	     32292	80006a0c	3ea00413	addi	x8,x0,1002	  x0:0x00000000  x8=0x000003ea
     323295.000 ns	     32328	80006a10	03eceab3	rem	x21,x25,x30	 x25:0x00000000 x30:0xffffffff x21=0x00000000
     323315.000 ns	     32330	80006a14	00e31cb3	sll	x25,x6,x14	  x6:0xffffffff x14:0x80040fe4 x25=0xfffffff0
     323335.000 ns	     32332	80006a18	038439b3	mulhu	x19,x8,x24	  x8:0x000003ea x24:0x00000000 x19=0x00000000
     323355.000 ns	     32334	80006a1c	2b262393	slti	x7,x12,690	 x12:0x7fffffff  x7=0x00000000
     323375.000 ns	     32336	80006a20	03459db3	mulh	x27,x11,x20	 x11:0xff800000 x20:0x00000000 x27=0x00000000
     323415.000 ns	     32340	80006a24	5802fd53	fsqrt.s	f26,f5	  f5:0x7fc00000 f26=0x7fc00000
     323445.000 ns	     32343	80006a28	e00e88d3	fmv.x.w	x17,f29	 f29:0x00000000 x17=0x00000000
     323475.000 ns	     32346	80006a2c	033e9d33	mulh	x26,x29,x19	 x29:0x00000000 x19:0x00000000 x26=0x00000000
     323505.000 ns	     32349	80006a30	02840c33	mul	x24,x8,x8	  x8:0x000003ea  x8:0x000003ea x24=0x000f51e4
     323525.000 ns	     32351	80006a34	000991b3	sll	x3,x19,x0	 x19:0x00000000  x0:0x00000000  x3=0x00000000
     323545.000 ns	     32353	80006a38	0200dfb3	divu	x31,x1,x0	  x1:0xffffffff  x0:0x00000000 x31=0xffffffff
     323575.000 ns	     32356	80006a3c	a0a78ad3	fle.s	x21,f15,f10	 f15:0x7fc00000 f10:0x4efffffe x21=0x00000000
     323595.000 ns	     32358	80006a40	011158b3	srl	x17,x2,x17	  x2:0xffffffff x17:0x00000000 x17=0xffffffff
     323605.000 ns	     32359	80006a44	3e548393	addi	x7,x9,997	  x9:0x00000000  x7=0x000003e5
     323615.000 ns	     32360	80006a48	3bf5b013	sltiu	x0,x11,959	 x11:0xff800000
     323645.000 ns	     32363	80006a4c	58037653	fsqrt.s	f12,f6	  f6:0x7fffffff f12=0x7fc00000
     323665.000 ns	     32365	80006a50	004b9013	slli	x0,x23,0x4	 x23:0x00000000
     323675.000 ns	     32366	80006a54	0fbcca93	xori	x21,x25,251	 x25:0xfffffff0 x21=0xffffff0b
     323685.000 ns	     32367	80006a58	f33da113	slti	x2,x27,-205	 x27:0x00000000  x2=0x00000000
     323695.000 ns	     32368	80006a5c	007eccb3	xor	x25,x29,x7	 x29:0x00000000  x7:0x000003e5 x25=0x000003e5
     323715.000 ns	     32370	80006a60	e0058253	fmv.x.w	x4,f11	 f11:0x7fc00000  x4=0x7fc00000
     323745.000 ns	     32373	80006a64	21ba2053	fsgnjx.s	f0,f20,f27	 f20:0x7fc00000 f27:0x7fc00000  f0=0x7fc00000
     323775.000 ns	     32376	80006a68	d01911d3	fcvt.s.wu	f3,x18	 x18:0x7c839000  f3=0x4ef90720
     323815.000 ns	     32380	80006a6c	114a0d53	fmul.s	f26,f20,f20	 f20:0x7fc00000 f20:0x7fc00000 f26=0x7fc00000
     323865.000 ns	     32385	80006a70	0109f553	fadd.s	f10,f19,f16	 f19:0x7fc00000 f16:0x7fc00000 f10=0x7fc00000
     323895.000 ns	     32388	80006a74	a0be27d3	feq.s	x15,f28,f11	 f28:0x4f7ffffb f11:0x7fc00000 x15=0x00000000
     323935.000 ns	     32392	80006a78	1080aad3	fmul.s	f21,f1,f8	  f1:0x4f2aa84e  f8:0x7fc00000 f21=0x7fc00000
     323965.000 ns	     32395	80006a7c	2038afd3	fsgnjx.s	f31,f17,f3	 f17:0x4f7ffffb  f3:0x4ef90720 f31=0x4f7ffffb
     323995.000 ns	     32398	80006a80	02306133	rem	x2,x0,x3	  x0:0x00000000  x3:0x00000000  x2=0x00000000
     324015.000 ns	     32400	80006a84	952bff13	andi	x30,x23,-1710	 x23:0x00000000 x30=0x00000000
     324035.000 ns	     32402	80006a88	03718a33	mul	x20,x3,x23	  x3:0x00000000 x23:0x00000000 x20=0x00000000
     324055.000 ns	     32404	80006a8c	01711433	sll	x8,x2,x23	  x2:0x00000000 x23:0x00000000  x8=0x00000000
     324065.000 ns	     32405	80006a90	940dce93	xori	x29,x27,-1728	 x27:0x00000000 x29=0xfffff940
     324085.000 ns	     32407	80006a94	284583d3	fmin.s	f7,f11,f4	 f11:0x7fc00000  f4:0x7fffff26  f7=0x7fc00000
     324115.000 ns	     32410	80006a98	20ab2053	fsgnjx.s	f0,f22,f10	 f22:0x80000000 f10:0x7fc00000  f0=0x80000000
     324135.000 ns	     32412	80006a9c	f125c113	xori	x2,x11,-238	 x11:0xff800000  x2=0x007fff12
     324145.000 ns	     32413	80006aa0	017acf33	xor	x30,x21,x23	 x21:0xffffff0b x23:0x00000000 x30=0xffffff0b
     324165.000 ns	     32415	80006aa4	02a20f33	mul	x30,x4,x10	  x4:0x7fc00000 x10:0x00000000 x30=0x00000000
     324205.000 ns	     32419	80006aa8	115c32d3	fmul.s	f5,f24,f21	 f24:0x7fc00000 f21:0x7fc00000  f5=0x7fc00000
     324575.000 ns	     32456	80006aac	035dca33	div	x20,x27,x21	 x27:0x00000000 x21:0xffffff0b x20=0x00000000
     324605.000 ns	     32459	80006ab0	0208eeb3	rem	x29,x17,x0	 x17:0xffffffff  x0:0x00000000 x29=0xffffffff
     324975.000 ns	     32496	80006ab4	03944cb3	div	x25,x8,x25	  x8:0x00000000 x25:0x000003e5 x25=0x00000000
     325345.000 ns	     32533	80006ab8	02d14533	div	x10,x2,x13	  x2:0x007fff12 x13:0xfffffee9 x10=0xffff8a8f
     325365.000 ns	     32535	80006abc	012c5a93	srli	x21,x24,0x12	 x24:0x000f51e4 x21=0x00000003
     325385.000 ns	     32537	80006ac0	0374deb3	divu	x29,x9,x23	  x9:0x00000000 x23:0x00000000 x29=0xffffffff
     325415.000 ns	     32540	80006ac4	29028cd3	fmin.s	f25,f5,f16	  f5:0x7fc00000 f16:0x7fc00000 f25=0x7fc00000
     325435.000 ns	     32542	80006ac8	30db3813	sltiu	x16,x22,781	 x22:0xaaa84e4e x16=0x00000000
     325445.000 ns	     32543	80006acc	00505313	srli	x6,x0,0x5	  x0:0x00000000  x6=0x00000000
     325465.000 ns	     32545	80006ad0	a1f889d3	fle.s	x19,f17,f31	 f17:0x4f7ffffb f31:0x4f7ffffb x19=0x00000001
     325495.000 ns	     32548	80006ad4	02771633	mulh	x12,x14,x7	 x14:0x80040fe4  x7:0x000003e5 x12=0xfffffe0d
     325515.000 ns	     32550	80006ad8	015e8833	add	x16,x29,x21	 x29:0xffffffff x21:0x00000003 x16=0x00000002
     325525.000 ns	     32551	80006adc	00579033	sll	x0,x15,x5	 x15:0x00000000  x5:0x80041024
     325545.000 ns	     32553	80006ae0	21c8a7d3	fsgnjx.s	f15,f17,f28	 f17:0x4f7ffffb f28:0x4f7ffffb f15=0x4f7ffffb
     325565.000 ns	     32555	80006ae4	4146dab3	sra	x21,x13,x20	 x13:0xfffffee9 x20:0x00000000 x21=0xfffffee9
     325575.000 ns	     32556	80006ae8	008a8cb3	add	x25,x21,x8	 x21:0x00000003  x8:0x00000000 x25=0xfffffee9
     325595.000 ns	     32558	80006aec	a12f01d3	fle.s	x3,f30,f18	 f30:0x00000000 f18:0x7fc00000  x3=0x00000000
     325625.000 ns	     32561	80006af0	036aa1b3	mulhsu	x3,x21,x22	 x21:0xfffffee9 x22:0xaaa84e4e  x3=0xffffff46
     325655.000 ns	     32564	80006af4	a1f606d3	fle.s	x13,f12,f31	 f12:0x7fc00000 f31:0x4f7ffffb x13=0x00000000
     326025.000 ns	     32601	80006af8	0391dc33	divu	x24,x3,x25	  x3:0xffffff46 x25:0xfffffee9 x24=0x00000001
     326045.000 ns	     32603	80006afc	38973513	sltiu	x10,x14,905	 x14:0x80040fe4 x10=0x00000000
     326405.000 ns	     32639	80006b00	0236e633	rem	x12,x13,x3	 x13:0x00000000  x3:0xffffff46 x12=0x00000000
     326435.000 ns	     32642	80006b04	c00cf153	fcvt.w.s	x2,f25	 f25:0x7fc00000  x2=0x7fffffff
     326455.000 ns	     32644	80006b08	00549013	slli	x0,x9,0x5	  x9:0x00000000
     326465.000 ns	     32645	80006b0c	01d7adb3	slt	x27,x15,x29	 x15:0x00000000 x29:0xffffffff x27=0x00000000
     326495.000 ns	     32648	80006b10	11261c53	fmul.s	f24,f12,f18	 f12:0x7fc00000 f18:0x7fc00000 f24=0x7fc00000
     326525.000 ns	     32651	80006b14	c007a053	fcvt.w.s	x0,f15	 f15:0x4f7ffffb
     326545.000 ns	     32653	80006b18	bfa45eb7	lui	x29,0xbfa45	 x29=0xbfa45000
     326565.000 ns	     32655	80006b1c	02d888b3	mul	x17,x17,x13	 x17:0xffffffff x13:0x00000000 x17=0x00000000
     326595.000 ns	     32658	80006b20	02d7fab3	remu	x21,x15,x13	 x15:0x00000000 x13:0x00000000 x21=0x00000000
     326615.000 ns	     32660	80006b24	0145dcb3	srl	x25,x11,x20	 x11:0xff800000 x20:0x00000000 x25=0xff800000
     326625.000 ns	     32661	80006b28	01462193	slti	x3,x12,20	 x12:0x00000000  x3=0x00000001
     326635.000 ns	     32662	80006b2c	8fcd0b93	addi	x23,x26,-1796	 x26:0x00000000 x23=0xfffff8fc
     326645.000 ns	     32663	80006b30	01bc1233	sll	x4,x24,x27	 x24:0x00000001 x27:0x00000000  x4=0x00000001
     326665.000 ns	     32665	80006b34	d01e8cd3	fcvt.s.wu	f25,x29	 x29:0xbfa45000 f25=0x4f3fa450
     327845.000 ns	     32783	80006b38	5807b0d3	fsqrt.s	f1,f15	 f15:0x4f7ffffb  f1=0x4735045f
     327875.000 ns	     32786	80006b3c	c00829d3	fcvt.w.s	x19,f16	 f16:0x7fc00000 x19=0x7fffffff
     327905.000 ns	     32789	80006b40	c01181d3	fcvt.wu.s	x3,f3	  f3:0x4ef90720  x3=0x7c839000
     327935.000 ns	     32792	80006b44	d0117cd3	fcvt.s.wu	f25,x2	  x2:0x7fffffff f25=0x4effffff
     327955.000 ns	     32794	80006b48	0159a333	slt	x6,x19,x21	 x19:0x7fffffff x21:0x00000000  x6=0x00000000
     327965.000 ns	     32795	80006b4c	2270e193	ori	x3,x1,551	  x1:0xffffffff  x3=0xffffffff
     328325.000 ns	     32831	80006b50	02366133	rem	x2,x12,x3	 x12:0x00000000  x3:0x7c839000  x2=0x00000000
     328345.000 ns	     32833	80006b54	00739393	slli	x7,x7,0x7	  x7:0x000003e5  x7=0x0001f280
     328355.000 ns	     32834	80006b58	00000013	addi	x0,x0,0	  x0:0x00000000
     328385.000 ns	     32837	80006b5c	186f30d3	fdiv.s	f1,f30,f6	 f30:0x00000000  f6:0x7fffffff  f1=0x7fc00000
     328435.000 ns	     32842	80006b60	01e0b3d3	fadd.s	f7,f1,f30	  f1:0x4735045f f30:0x00000000  f7=0x7fc00000
     328465.000 ns	     32845	80006b64	28af0b53	fmin.s	f22,f30,f10	 f30:0x00000000 f10:0x7fc00000 f22=0x00000000
     328495.000 ns	     32848	80006b68	29730bd3	fmin.s	f23,f6,f23	  f6:0x7fffffff f23:0x7fffffff f23=0x7fc00000
     328515.000 ns	     32850	80006b6c	4138d413	srai	x8,x17,0x13	 x17:0x00000000  x8=0x00000000
     328535.000 ns	     32852	80006b70	03febd33	mulhu	x26,x29,x31	 x29:0xbfa45000 x31:0xffffffff x26=0xbfa44fff
     328575.000 ns	     32856	80006b74	193cce53	fdiv.s	f28,f25,f19	 f25:0x4effffff f19:0x7fc00000 f28=0x7fc00000
     328615.000 ns	     32860	80006b78	19999cd3	fdiv.s	f25,f19,f25	 f19:0x7fc00000 f25:0x4effffff f25=0x7fc00000
     328635.000 ns	     32862	80006b7c	413c53b3	sra	x7,x24,x19	 x24:0x00000001 x19:0x7fffffff  x7=0x00000000
     328655.000 ns	     32864	80006b80	e00c9e53	fclass.s	x28,f25	 f25:0x7fc00000 x28=0x00000200
     328695.000 ns	     32868	80006b84	19e300d3	fdiv.s	f1,f6,f30	  f6:0x7fffffff f30:0x00000000  f1=0x7fc00000
     328725.000 ns	     32871	80006b88	e00a14d3	fclass.s	x9,f20	 f20:0x7fc00000  x9=0x00000200
     328745.000 ns	     32873	80006b8c	00b98ab3	add	x21,x19,x11	 x19:0x7fffffff x11:0xff800000 x21=0x7f7fffff
     328755.000 ns	     32874	80006b90	d6ed2593	slti	x11,x26,-658	 x26:0xbfa44fff x11=0x00000001
     328765.000 ns	     32875	80006b94	01b0d013	srli	x0,x1,0x1b	  x1:0xffffffff
     328775.000 ns	     32876	80006b98	be2ee493	ori	x9,x29,-1054	 x29:0xbfa45000  x9=0xfffffbe2
     328795.000 ns	     32878	80006b9c	d013f1d3	fcvt.s.wu	f3,x7	  x7:0x00000000  f3=0x00000000
     328815.000 ns	     32880	80006ba0	00961913	slli	x18,x12,0x9	 x12:0x00000000 x18=0x00000000
     328835.000 ns	     32882	80006ba4	a077abd3	feq.s	x23,f15,f7	 f15:0x4f7ffffb  f7:0x7fc00000 x23=0x00000000
     328855.000 ns	     32884	80006ba8	bfa17213	andi	x4,x2,-1030	  x2:0x00000000  x4=0x00000000
     328875.000 ns	     32886	80006bac	c01c7653	fcvt.wu.s	x12,f24	 f24:0x7fc00000 x12=0xffffffff
     328905.000 ns	     32889	80006bb0	21cba1d3	fsgnjx.s	f3,f23,f28	 f23:0x7fc00000 f28:0x7fc00000  f3=0x7fc00000
     328935.000 ns	     32892	80006bb4	0327d933	divu	x18,x15,x18	 x15:0x00000000 x18:0x00000000 x18=0xffffffff
     328965.000 ns	     32895	80006bb8	21a980d3	fsgnj.s	f1,f19,f26	 f19:0x7fc00000 f26:0x7fc00000  f1=0x7fc00000
     328995.000 ns	     32898	80006bbc	022206b3	mul	x13,x4,x2	  x4:0x00000000  x2:0x00000000 x13=0x00000000
     329015.000 ns	     32900	80006bc0	238c9db7	lui	x27,0x238c9	 x27=0x238c9000
     329375.000 ns	     32936	80006bc4	039278b3	remu	x17,x4,x25	  x4:0x00000000 x25:0xff800000 x17=0x00000000
     329395.000 ns	     32938	80006bc8	00683533	sltu	x10,x16,x6	 x16:0x00000002  x6:0x00000000 x10=0x00000000
     329755.000 ns	     32974	80006bcc	03f0f533	remu	x10,x1,x31	  x1:0xffffffff x31:0xffffffff x10=0x00000000
     329785.000 ns	     32977	80006bd0	026e96b3	mulh	x13,x29,x6	 x29:0xbfa45000  x6:0x00000000 x13=0x00000000
     329815.000 ns	     32980	80006bd4	e0059253	fclass.s	x4,f11	 f11:0x7fc00000  x4=0x00000200
     329835.000 ns	     32982	80006bd8	f12e0693	addi	x13,x28,-238	 x28:0x00000200 x13=0x00000112
     329855.000 ns	     32984	80006bdc	f00a8cd3	fmv.w.x	f25,x21	 x21:0x7f7fffff f25=0x7f7fffff
     329875.000 ns	     32986	80006be0	b19f0313	addi	x6,x30,-1255	 x30:0x00000000  x6=0xfffffb19
     329885.000 ns	     32987	80006be4	197e3c37	lui	x24,0x197e3	 x24=0x197e3000
     329895.000 ns	     32988	80006be8	255e7d17	auipc	x26,0x255e7	 x26=0xa55edbe8
     329915.000 ns	     32990	80006bec	c01298d3	fcvt.wu.s	x17,f5	  f5:0x7fc00000 x17=0xffffffff
     329935.000 ns	     32992	80006bf0	409e80b3	sub	x1,x29,x9	 x29:0xbfa45000  x9:0xfffffbe2  x1=0xbfa4541e
     329945.000 ns	     32993	80006bf4	00e37a33	and	x20,x6,x14	  x6:0xfffffb19 x14:0x80040fe4 x20=0x80040b00
     329985.000 ns	     32997	80006bf8	00eea8d3	fadd.s	f17,f29,f14	 f29:0x00000000 f14:0x7fc00000 f17=0x7fc00000
     330015.000 ns	     33000	80006bfc	a03c1453	flt.s	x8,f24,f3	 f24:0x7fc00000  f3:0x7fc00000  x8=0x00000000
     330045.000 ns	     33003	80006c00	214906d3	fsgnj.s	f13,f18,f20	 f18:0x7fc00000 f20:0x7fc00000 f13=0x7fc00000
     330065.000 ns	     33005	80006c04	01927e33	and	x28,x4,x25	  x4:0x00000200 x25:0xff800000 x28=0x00000000
     330075.000 ns	     33006	80006c08	cdfa7b93	andi	x23,x20,-801	 x20:0x80040b00 x23=0x80040800
     330085.000 ns	     33007	80006c0c	4077da13	srai	x20,x15,0x7	 x15:0x00000000 x20=0x00000000
     330105.000 ns	     33009	80006c10	f0018253	fmv.w.x	f4,x3	  x3:0xffffffff  f4=0xffffffff
     330475.000 ns	     33046	80006c14	021a75b3	remu	x11,x20,x1	 x20:0x80040b00  x1:0xbfa4541e x11=0x00000000
     330495.000 ns	     33048	80006c18	00ba04b3	add	x9,x20,x11	 x20:0x00000000 x11:0x00000001  x9=0x00000000
     330535.000 ns	     33052	80006c1c	0801f6d3	fsub.s	f13,f3,f0	  f3:0x7fc00000  f0:0x80000000 f13=0x7fc00000
     330555.000 ns	     33054	80006c20	a027a413	slti	x8,x15,-1534	 x15:0x00000000  x8=0x00000000
     330565.000 ns	     33055	80006c24	00801933	sll	x18,x0,x8	  x0:0x00000000  x8:0x00000000 x18=0x00000000
     330575.000 ns	     33056	80006c28	4078d033	sra	x0,x17,x7	 x17:0xffffffff  x7:0x00000000
     330585.000 ns	     33057	80006c2c	6ab1a013	slti	x0,x3,1707	  x3:0xffffffff
     330595.000 ns	     33058	80006c30	40a15e33	sra	x28,x2,x10	  x2:0x00000000 x10:0x00000000 x28=0x00000000
     330605.000 ns	     33059	80006c34	3e3a1eb7	lui	x29,0x3e3a1	 x29=0x3e3a1000
     330615.000 ns	     33060	80006c38	cccee3b7	lui	x7,0xcccee	  x7=0xcccee000
     330635.000 ns	     33062	80006c3c	20e22253	fsgnjx.s	f4,f4,f14	  f4:0xffffffff f14:0x7fc00000  f4=0xffffffff
     331005.000 ns	     33099	80006c40	0248c8b3	div	x17,x17,x4	 x17:0xffffffff  x4:0x00000200 x17=0x00000000
     331025.000 ns	     33101	80006c44	00ed40b3	xor	x1,x26,x14	 x26:0xa55edbe8 x14:0x80040fe4  x1=0x255ad40c
     331045.000 ns	     33103	80006c48	034830b3	mulhu	x1,x16,x20	 x16:0x00000002 x20:0x00000000  x1=0x00000000
     331075.000 ns	     33106	80006c4c	296512d3	fmax.s	f5,f10,f22	 f10:0x7fc00000 f22:0x00000000  f5=0x00000000
     331105.000 ns	     33109	80006c50	02552f33	mulhsu	x30,x10,x5	 x10:0x00000000  x5:0x80041024 x30=0x00000000
     331125.000 ns	     33111	80006c54	09b7cab7	lui	x21,0x9b7c	 x21=0x09b7c000
     331145.000 ns	     33113	80006c58	e0060153	fmv.x.w	x2,f12	 f12:0x7fc00000  x2=0x7fc00000
     331175.000 ns	     33116	80006c5c	d00a37d3	fcvt.s.w	f15,x20	 x20:0x00000000 f15=0x00000000
     331195.000 ns	     33118	80006c60	01e6ff33	and	x30,x13,x30	 x13:0x00000112 x30:0x00000000 x30=0x00000000
     331215.000 ns	     33120	80006c64	29dc0e53	fmin.s	f28,f24,f29	 f24:0x7fc00000 f29:0x00000000 f28=0x00000000
     331235.000 ns	     33122	80006c68	33b2b7b7	lui	x15,0x33b2b	 x15=0x33b2b000
     331255.000 ns	     33124	80006c6c	d01aced3	fcvt.s.wu	f29,x21	 x21:0x09b7c000 f29=0x4d1b7c00
     331285.000 ns	     33127	80006c70	c0007c53	fcvt.w.s	x24,f0	  f0:0x80000000 x24=0x00000000
     331305.000 ns	     33129	80006c74	00f9b3b3	sltu	x7,x19,x15	 x19:0x7fffffff x15:0x33b2b000  x7=0x00000000
     331325.000 ns	     33131	80006c78	c00f76d3	fcvt.w.s	x13,f30	 f30:0x00000000 x13=0x00000000
     331345.000 ns	     33133	80006c7c	89084c93	xori	x25,x16,-1904	 x16:0x00000002 x25=0xfffff892
     331355.000 ns	     33134	80006c80	01fe5f33	srl	x30,x28,x31	 x28:0x00000000 x31:0xffffffff x30=0x00000000
     331365.000 ns	     33135	80006c84	40520033	sub	x0,x4,x5	  x4:0x00000200  x5:0x80041024
     331375.000 ns	     33136	80006c88	411b5ab3	sra	x21,x22,x17	 x22:0xaaa84e4e x17:0x00000000 x21=0xaaa84e4e
     331395.000 ns	     33138	80006c8c	e00616d3	fclass.s	x13,f12	 f12:0x7fc00000 x13=0x00000200
     331415.000 ns	     33140	80006c90	008d2833	slt	x16,x26,x8	 x26:0xa55edbe8  x8:0x00000000 x16=0x00000001
     331425.000 ns	     33141	80006c94	017ad993	srli	x19,x21,0x17	 x21:0xaaa84e4e x19=0x00000155
     331445.000 ns	     33143	80006c98	c0077253	fcvt.w.s	x4,f14	 f14:0x7fc00000  x4=0x7fffffff
     331465.000 ns	     33145	80006c9c	79011d17	auipc	x26,0x79011	 x26=0xf9017c9c
     331475.000 ns	     33146	80006ca0	00ceba33	sltu	x20,x29,x12	 x29:0x3e3a1000 x12:0xffffffff x20=0x00000001
     331485.000 ns	     33147	80006ca4	40895a33	sra	x20,x18,x8	 x18:0x00000000  x8:0x00000000 x20=0x00000000
     331505.000 ns	     33149	80006ca8	20f01453	fsgnjn.s	f8,f0,f15	  f0:0x80000000 f15:0x00000000  f8=0x80000000
     331525.000 ns	     33151	80006cac	401fd393	srai	x7,x31,0x1	 x31:0xffffffff  x7=0xffffffff
     331535.000 ns	     33152	80006cb0	e9e04e93	xori	x29,x0,-354	  x0:0x00000000 x29=0xfffffe9e
     331545.000 ns	     33153	80006cb4	3c8f44b7	lui	x9,0x3c8f4	  x9=0x3c8f4000
     331575.000 ns	     33156	80006cb8	10f3b753	fmul.s	f14,f7,f15	  f7:0x7fc00000 f15:0x00000000 f14=0x7fc00000
     331595.000 ns	     33158	80006cbc	400987b3	sub	x15,x19,x0	 x19:0x00000155  x0:0x00000000 x15=0x00000155
     331635.000 ns	     33162	80006cc0	09fd72d3	fsub.s	f5,f26,f31	 f26:0x7fc00000 f31:0x4f7ffffb  f5=0x7fc00000
     331655.000 ns	     33164	80006cc4	56a46893	ori	x17,x8,1386	  x8:0x00000000 x17=0x0000056a
     331675.000 ns	     33166	80006cc8	a1e986d3	fle.s	x13,f19,f30	 f19:0x7fc00000 f30:0x00000000 x13=0x00000000
     331705.000 ns	     33169	80006ccc	a1e42c53	feq.s	x24,f8,f30	  f8:0x80000000 f30:0x00000000 x24=0x00000001
     331725.000 ns	     33171	80006cd0	009b1d93	slli	x27,x22,0x9	 x22:0xaaa84e4e x27=0x509c9c00
     331735.000 ns	     33172	80006cd4	40c3dd93	srai	x27,x7,0xc	  x7:0xffffffff x27=0xffffffff
     331755.000 ns	     33174	80006cd8	286e9153	fmax.s	f2,f29,f6	 f29:0x4d1b7c00  f6:0x7fffffff  f2=0x4d1b7c00
     331775.000 ns	     33176	80006cdc	0040bbb3	sltu	x23,x1,x4	  x1:0x00000000  x4:0x7fffffff x23=0x00000001
     331795.000 ns	     33178	80006ce0	03e46a33	rem	x20,x8,x30	  x8:0x00000000 x30:0x00000000 x20=0x00000000
     331815.000 ns	     33180	80006ce4	402ed233	sra	x4,x29,x2	 x29:0xfffffe9e  x2:0x7fc00000  x4=0xfffffe9e
     331835.000 ns	     33182	80006ce8	21050953	fsgnj.s	f18,f10,f16	 f10:0x7fc00000 f16:0x7fc00000 f18=0x7fc00000
     331865.000 ns	     33185	80006cec	02722bb3	mulhsu	x23,x4,x7	  x4:0x7fffffff  x7:0xffffffff x23=0xfffffe9e
     331885.000 ns	     33187	80006cf0	00161eb3	sll	x29,x12,x1	 x12:0xffffffff  x1:0x00000000 x29=0xffffffff
     331905.000 ns	     33189	80006cf4	c005f7d3	fcvt.w.s	x15,f11	 f11:0x7fc00000 x15=0x7fffffff
     331935.000 ns	     33192	80006cf8	c0198ed3	fcvt.wu.s	x29,f19	 f19:0x7fc00000 x29=0xffffffff
     331955.000 ns	     33194	80006cfc	1f9e7113	andi	x2,x28,505	 x28:0x00000000  x2=0x00000000
     331975.000 ns	     33196	80006d00	28299153	fmax.s	f2,f19,f2	 f19:0x7fc00000  f2:0x4d1b7c00  f2=0x4d1b7c00
     332345.000 ns	     33233	80006d04	03704fb3	div	x31,x0,x23	  x0:0x00000000 x23:0xfffffe9e x31=0x00000000
     332365.000 ns	     33235	80006d08	00adc5b3	xor	x11,x27,x10	 x27:0xffffffff x10:0x00000000 x11=0xffffffff
     332375.000 ns	     33236	80006d0c	46c8efb7	lui	x31,0x46c8e	 x31=0x46c8e000
     332395.000 ns	     33238	80006d10	02fa08b3	mul	x17,x20,x15	 x20:0x00000000 x15:0x7fffffff x17=0x00000000
     332765.000 ns	     33275	80006d14	03d8eeb3	rem	x29,x17,x29	 x17:0x0000056a x29:0xffffffff x29=0x00000000
     332815.000 ns	     33280	80006d18	096a26d3	fsub.s	f13,f20,f22	 f20:0x7fc00000 f22:0x00000000 f13=0x7fc00000
     332835.000 ns	     33282	80006d1c	011304b3	add	x9,x6,x17	  x6:0xfffffb19 x17:0x00000000  x9=0xfffffb19
     332855.000 ns	     33284	80006d20	0359b233	mulhu	x4,x19,x21	 x19:0x00000155 x21:0xaaa84e4e  x4=0x000000e3
     332895.000 ns	     33288	80006d24	19a1fbd3	fdiv.s	f23,f3,f26	  f3:0x7fc00000 f26:0x7fc00000 f23=0x7fc00000
     332915.000 ns	     33290	80006d28	2db0fb93	andi	x23,x1,731	  x1:0x00000000 x23=0x00000000
     332935.000 ns	     33292	80006d2c	0270a9b3	mulhsu	x19,x1,x7	  x1:0x00000000  x7:0xffffffff x19=0x00000000
     332975.000 ns	     33296	80006d30	198a7453	fdiv.s	f8,f20,f24	 f20:0x7fc00000 f24:0x7fc00000  f8=0x7fc00000
     333015.000 ns	     33300	80006d34	195cfc53	fdiv.s	f24,f25,f21	 f25:0x7f7fffff f21:0x7fc00000 f24=0x7fc00000
     333035.000 ns	     33302	80006d38	00e3c4b3	xor	x9,x7,x14	  x7:0xffffffff x14:0x80040fe4  x9=0x7ffbf01b
     333045.000 ns	     33303	80006d3c	47ddc693	xori	x13,x27,1149	 x27:0xffffffff x13=0xfffffb82
     333065.000 ns	     33305	80006d40	29da8dd3	fmin.s	f27,f21,f29	 f21:0x7fc00000 f29:0x4d1b7c00 f27=0x4d1b7c00
     333085.000 ns	     33307	80006d44	00000013	addi	x0,x0,0	  x0:0x00000000
     333105.000 ns	     33309	80006d48	a0440e53	fle.s	x28,f8,f4	  f8:0x7fc00000  f4:0xffffffff x28=0x00000000
     333135.000 ns	     33312	80006d4c	e00c0ad3	fmv.x.w	x21,f24	 f24:0x7fc00000 x21=0x7fc00000
     333155.000 ns	     33314	80006d50	64aa6cb7	lui	x25,0x64aa6	 x25=0x64aa6000
     333195.000 ns	     33318	80006d54	0115ced3	fadd.s	f29,f11,f17	 f11:0x7fc00000 f17:0x7fc00000 f29=0x7fc00000
     333225.000 ns	     33321	80006d58	215da853	fsgnjx.s	f16,f27,f21	 f27:0x4d1b7c00 f21:0x7fc00000 f16=0x4d1b7c00
     333245.000 ns	     33323	80006d5c	c4373913	sltiu	x18,x14,-957	 x14:0x80040fe4 x18=0x00000001
     333265.000 ns	     33325	80006d60	216f86d3	fsgnj.s	f13,f31,f22	 f31:0x4f7ffffb f22:0x00000000 f13=0x4f7ffffb
     333295.000 ns	     33328	80006d64	d019a4d3	fcvt.s.wu	f9,x19	 x19:0x00000000  f9=0x00000000
     333335.000 ns	     33332	80006d68	18d48253	fdiv.s	f4,f9,f13	  f9:0x3f800000 f13:0x4f7ffffb  f4=0x00000000
     333355.000 ns	     33334	80006d6c	01d67c33	and	x24,x12,x29	 x12:0xffffffff x29:0x00000000 x24=0x00000000
     333375.000 ns	     33336	80006d70	d0147253	fcvt.s.wu	f4,x8	  x8:0x00000000  f4=0x00000000
     333415.000 ns	     33340	80006d74	580909d3	fsqrt.s	f19,f18	 f18:0x7fc00000 f19=0x7fc00000
     333435.000 ns	     33342	80006d78	404d09b3	sub	x19,x26,x4	 x26:0xf9017c9c  x4:0x000000e3 x19=0xf9017bb9
     333445.000 ns	     33343	80006d7c	b3b47817	auipc	x16,0xb3b47	 x16=0x33b4dd7c
     333465.000 ns	     33345	80006d80	029237b3	mulhu	x15,x4,x9	  x4:0x000000e3  x9:0x7ffbf01b x15=0x00000071
     333835.000 ns	     33382	80006d84	02cadcb3	divu	x25,x21,x12	 x21:0x7fc00000 x12:0xffffffff x25=0x00000000
     333855.000 ns	     33384	80006d88	1b223993	sltiu	x19,x4,434	  x4:0x000000e3 x19=0x00000001
     333875.000 ns	     33386	80006d8c	a15898d3	flt.s	x17,f17,f21	 f17:0x7fc00000 f21:0x7fc00000 x17=0x00000000
     333905.000 ns	     33389	80006d90	28b99c53	fmax.s	f24,f19,f11	 f19:0x7fc00000 f11:0x7fc00000 f24=0x7fc00000
     333935.000 ns	     33392	80006d94	c010ffd3	fcvt.wu.s	x31,f1	  f1:0x7fc00000 x31=0xffffffff
     333955.000 ns	     33394	80006d98	412e80b3	sub	x1,x29,x18	 x29:0x00000000 x18:0x00000001  x1=0xffffffff
     333965.000 ns	     33395	80006d9c	c343fe13	andi	x28,x7,-972	  x7:0xffffffff x28=0xfffffc34
     333975.000 ns	     33396	80006da0	014ed193	srli	x3,x29,0x14	 x29:0x00000000  x3=0x00000000
     333995.000 ns	     33398	80006da4	20432fd3	fsgnjx.s	f31,f6,f4	  f6:0x7fffffff  f4:0x00000000 f31=0x7fffffff
     334015.000 ns	     33400	80006da8	ab7d0913	addi	x18,x26,-1353	 x26:0xf9017c9c x18=0xf9017753
     334035.000 ns	     33402	80006dac	21e59953	fsgnjn.s	f18,f11,f30	 f11:0x7fc00000 f30:0x00000000 f18=0xffc00000
     334065.000 ns	     33405	80006db0	02346233	rem	x4,x8,x3	  x8:0x00000000  x3:0x00000000  x4=0x00000000
     335245.000 ns	     33523	80006db4	5806fbd3	fsqrt.s	f23,f13	 f13:0x4f7ffffb f23=0x4735045f
     335275.000 ns	     33526	80006db8	c0122453	fcvt.wu.s	x8,f4	  f4:0x00000000  x8=0x00000000
     335305.000 ns	     33529	80006dbc	d00ea8d3	fcvt.s.w	f17,x29	 x29:0x00000000 f17=0x00000000
     335335.000 ns	     33532	80006dc0	d013a5d3	fcvt.s.wu	f11,x7	  x7:0xffffffff f11=0x4f800000
     335365.000 ns	     33535	80006dc4	c00770d3	fcvt.w.s	x1,f14	 f14:0x7fc00000  x1=0x7fffffff
     335385.000 ns	     33537	80006dc8	401fd493	srai	x9,x31,0x1	 x31:0xffffffff  x9=0xffffffff
     335405.000 ns	     33539	80006dcc	a097a0d3	feq.s	x1,f15,f9	 f15:0x00000000  f9:0x00000000  x1=0x00000001
     335425.000 ns	     33541	80006dd0	00853933	sltu	x18,x10,x8	 x10:0x00000000  x8:0x00000000 x18=0x00000000
     335435.000 ns	     33542	80006dd4	41d555b3	sra	x11,x10,x29	 x10:0x00000000 x29:0x00000000 x11=0x00000000
     335445.000 ns	     33543	80006dd8	ac224f97	auipc	x31,0xac224	 x31=0x2c22add8
     335455.000 ns	     33544	80006ddc	41928333	sub	x6,x5,x25	  x5:0x80041024 x25:0x00000000  x6=0x80041024
     335465.000 ns	     33545	80006de0	8b64cb93	xori	x23,x9,-1866	  x9:0xffffffff x23=0x00000749
     335485.000 ns	     33547	80006de4	285095d3	fmax.s	f11,f1,f5	  f1:0x7fc00000  f5:0x7fc00000 f11=0x7fc00000
     335505.000 ns	     33549	80006de8	ab36aa93	slti	x21,x13,-1357	 x13:0xfffffb82 x21=0x00000000
     335525.000 ns	     33551	80006dec	e00a1653	fclass.s	x12,f20	 f20:0x7fc00000 x12=0x00000200
     335545.000 ns	     33553	80006df0	002e9593	slli	x11,x29,0x2	 x29:0x00000000 x11=0x00000000
     335555.000 ns	     33554	80006df4	0145b433	sltu	x8,x11,x20	 x11:0x00000000 x20:0x00000000  x8=0x00000000
     335575.000 ns	     33556	80006df8	f00b0253	fmv.w.x	f4,x22	 x22:0xaaa84e4e  f4=0xaaa84e4e
     335595.000 ns	     33558	80006dfc	00000013	addi	x0,x0,0	  x0:0x00000000
     335605.000 ns	     33559	80006e00	c03a0793	addi	x15,x20,-1021	 x20:0x00000000 x15=0xfffffc03
     335615.000 ns	     33560	80006e04	41905eb3	sra	x29,x0,x25	  x0:0x00000000 x25:0x00000000 x29=0x00000000
     335625.000 ns	     33561	80006e08	01577bb3	and	x23,x14,x21	 x14:0x80040fe4 x21:0x00000000 x23=0x00000000
     335635.000 ns	     33562	80006e0c	01256db3	or	x27,x10,x18	 x10:0x00000000 x18:0x00000000 x27=0x00000000
     335655.000 ns	     33564	80006e10	a19c8453	fle.s	x8,f25,f25	 f25:0x7f7fffff f25:0x7f7fffff  x8=0x00000001
     335685.000 ns	     33567	80006e14	a0ef8253	fle.s	x4,f31,f14	 f31:0x7fffffff f14:0x7fc00000  x4=0x00000000
     335725.000 ns	     33571	80006e18	18ae76d3	fdiv.s	f13,f28,f10	 f28:0x00000000 f10:0x7fc00000 f13=0x7fc00000
     335755.000 ns	     33574	80006e1c	03df5db3	divu	x27,x30,x29	 x30:0x00000000 x29:0x00000000 x27=0xffffffff
     335785.000 ns	     33577	80006e20	e00f9253	fclass.s	x4,f31	 f31:0x7fffffff  x4=0x00000200
     335805.000 ns	     33579	80006e24	40430433	sub	x8,x6,x4	  x6:0x80041024  x4:0x00000000  x8=0x80040e24
     335815.000 ns	     33580	80006e28	6db68793	addi	x15,x13,1755	 x13:0xfffffb82 x15=0x0000025d
     335835.000 ns	     33582	80006e2c	d0111ed3	fcvt.s.wu	f29,x2	  x2:0x00000000 f29=0x00000000
     335855.000 ns	     33584	80006e30	d10aae13	slti	x28,x21,-752	 x21:0x00000000 x28=0x00000000
     335865.000 ns	     33585	80006e34	3ff03c97	auipc	x25,0x3ff03	 x25=0xbff09e34
     335875.000 ns	     33586	80006e38	00693f33	sltu	x30,x18,x6	 x18:0x00000000  x6:0x80041024 x30=0x00000001
     335885.000 ns	     33587	80006e3c	41938833	sub	x16,x7,x25	  x7:0xffffffff x25:0x00000000 x16=0x400f61cb
     335895.000 ns	     33588	80006e40	93286813	ori	x16,x16,-1742	 x16:0x33b4dd7c x16=0xfffff9fb
     335915.000 ns	     33590	80006e44	e0099c53	fclass.s	x24,f19	 f19:0x7fc00000 x24=0x00000200
     335935.000 ns	     33592	80006e48	01f574b3	and	x9,x10,x31	 x10:0x00000000 x31:0x2c22add8  x9=0x00000000
     335945.000 ns	     33593	80006e4c	418dd4b3	sra	x9,x27,x24	 x27:0xffffffff x24:0x00000200  x9=0xffffffff
     335965.000 ns	     33595	80006e50	21748ad3	fsgnj.s	f21,f9,f23	  f9:0x00000000 f23:0x4735045f f21=0x00000000
     335995.000 ns	     33598	80006e54	03da50b3	divu	x1,x20,x29	 x20:0x00000000 x29:0x00000000  x1=0xffffffff
     336365.000 ns	     33635	80006e58	03ac47b3	div	x15,x24,x26	 x24:0x00000200 x26:0xf9017c9c x15=0x00000000
     336385.000 ns	     33637	80006e5c	20b73913	sltiu	x18,x14,523	 x14:0x80040fe4 x18=0x00000000
     336415.000 ns	     33640	80006e60	108efe53	fmul.s	f28,f29,f8	 f29:0x00000000  f8:0x7fc00000 f28=0x7fc00000
     336445.000 ns	     33643	80006e64	21912c53	fsgnjx.s	f24,f2,f25	  f2:0x4d1b7c00 f25:0x7f7fffff f24=0x4d1b7c00
     336475.000 ns	     33646	80006e68	211504d3	fsgnj.s	f9,f10,f17	 f10:0x7fc00000 f17:0x00000000  f9=0x7fc00000
     336495.000 ns	     33648	80006e6c	00000013	addi	x0,x0,0	  x0:0x00000000
     336515.000 ns	     33650	80006e70	02712a33	mulhsu	x20,x2,x7	  x2:0x00000000  x7:0xffffffff x20=0x00000000
     336535.000 ns	     33652	80006e74	64a3b213	sltiu	x4,x7,1610	  x7:0xffffffff  x4=0x00000000
     336545.000 ns	     33653	80006e78	006b7ab3	and	x21,x22,x6	 x22:0xaaa84e4e  x6:0x80041024 x21=0x80000004
     336905.000 ns	     33689	80006e7c	03f0d533	divu	x10,x1,x31	  x1:0xffffffff x31:0x2c22add8 x10=0x00000005
     336935.000 ns	     33692	80006e80	c0031153	fcvt.w.s	x2,f6	  f6:0x7fffffff  x2=0x7fffffff
     336975.000 ns	     33696	80006e84	11abf753	fmul.s	f14,f23,f26	 f23:0x4735045f f26:0x7fc00000 f14=0x7fc00000
     337005.000 ns	     33699	80006e88	d00af4d3	fcvt.s.w	f9,x21	 x21:0x80000004  f9=0xceffffff
     337035.000 ns	     33702	80006e8c	d0180b53	fcvt.s.wu	f22,x16	 x16:0xfffff9fb f22=0x4f7ffffa
     337055.000 ns	     33704	80006e90	412fda13	srai	x20,x31,0x12	 x31:0x2c22add8 x20=0x00000b08
     337065.000 ns	     33705	80006e94	01789d33	sll	x26,x17,x23	 x17:0x00000000 x23:0x00000000 x26=0x00000000
     337075.000 ns	     33706	80006e98	b4809537	lui	x10,0xb4809	 x10=0xb4809000
     337085.000 ns	     33707	80006e9c	413e5413	srai	x8,x28,0x13	 x28:0x00000000  x8=0x00000000
     337095.000 ns	     33708	80006ea0	01e4b1b3	sltu	x3,x9,x30	  x9:0xffffffff x30:0x00000001  x3=0x00000000
     337115.000 ns	     33710	80006ea4	e00493d3	fclass.s	x7,f9	  f9:0xceffffff  x7=0x00000002
     337155.000 ns	     33714	80006ea8	18807553	fdiv.s	f10,f0,f8	  f0:0x80000000  f8:0x7fc00000 f10=0x7fc00000
     337525.000 ns	     33751	80006eac	03825fb3	divu	x31,x4,x24	  x4:0x00000000 x24:0x00000200 x31=0x00000000
     337555.000 ns	     33754	80006eb0	20548d53	fsgnj.s	f26,f9,f5	  f9:0xceffffff  f5:0x7fc00000 f26=0x4effffff
     337585.000 ns	     33757	80006eb4	f0078c53	fmv.w.x	f24,x15	 x15:0x00000000 f24=0x00000000
     337615.000 ns	     33760	80006eb8	294f83d3	fmin.s	f7,f31,f20	 f31:0x7fffffff f20:0x7fc00000  f7=0x7fc00000
     337635.000 ns	     33762	80006ebc	6fd54013	xori	x0,x10,1789	 x10:0xb4809000
     337675.000 ns	     33766	80006ec0	00d87dd3	fadd.s	f27,f16,f13	 f16:0x4d1b7c00 f13:0x7fc00000 f27=0x7fc00000
     337715.000 ns	     33770	80006ec4	18100f53	fdiv.s	f30,f0,f1	  f0:0x80000000  f1:0x7fc00000 f30=0x7fc00000
     337735.000 ns	     33772	80006ec8	19f40593	addi	x11,x8,415	  x8:0x00000000 x11=0x0000019f
     338095.000 ns	     33808	80006ecc	034debb3	rem	x23,x27,x20	 x27:0xffffffff x20:0x00000b08 x23=0xffffffff
     338115.000 ns	     33810	80006ed0	9e766593	ori	x11,x12,-1561	 x12:0x00000200 x11=0xfffffbe7
     338125.000 ns	     33811	80006ed4	e42b3d13	sltiu	x26,x22,-446	 x22:0xaaa84e4e x26=0x00000001
     338135.000 ns	     33812	80006ed8	0005cc33	xor	x24,x11,x0	 x11:0x0000019f  x0:0x00000000 x24=0xfffffbe7
     338155.000 ns	     33814	80006edc	c0011fd3	fcvt.w.s	x31,f2	  f2:0x4d1b7c00 x31=0x09b7c000
     338175.000 ns	     33816	80006ee0	004350b3	srl	x1,x6,x4	  x6:0x80041024  x4:0x00000000  x1=0x80041024
     338195.000 ns	     33818	80006ee4	0316f0b3	remu	x1,x13,x17	 x13:0xfffffb82 x17:0x00000000  x1=0xfffffb82
     338215.000 ns	     33820	80006ee8	a1eb5d17	auipc	x26,0xa1eb5	 x26=0x21ebbee8
     338235.000 ns	     33822	80006eec	280b8bd3	fmin.s	f23,f23,f0	 f23:0x4735045f  f0:0x80000000 f23=0x80000000
     338255.000 ns	     33824	80006ef0	69935e37	lui	x28,0x69935	 x28=0x69935000
     338265.000 ns	     33825	80006ef4	01b127b3	slt	x15,x2,x27	  x2:0x7fffffff x27:0xffffffff x15=0x00000000
     338285.000 ns	     33827	80006ef8	28131f53	fmax.s	f30,f6,f1	  f6:0x7fffffff  f1:0x7fc00000 f30=0x7fc00000
     338305.000 ns	     33829	80006efc	b79426b7	lui	x13,0xb7942	 x13=0xb7942000
     338665.000 ns	     33865	80006f00	03e050b3	divu	x1,x0,x30	  x0:0x00000000 x30:0x00000001  x1=0x00000000
     338715.000 ns	     33870	80006f04	00fd3753	fadd.s	f14,f26,f15	 f26:0x4effffff f15:0x00000000 f14=0x4effffff
     338735.000 ns	     33872	80006f08	4e7ac393	xori	x7,x21,1255	 x21:0x80000004  x7=0x800004e3
     339095.000 ns	     33908	80006f0c	02cd73b3	remu	x7,x26,x12	 x26:0x21ebbee8 x12:0x00000200  x7=0x000000e8
     339115.000 ns	     33910	80006f10	a73a3317	auipc	x6,0xa73a3	  x6=0x273a9f10
     339135.000 ns	     33912	80006f14	e0008153	fmv.x.w	x2,f1	  f1:0x7fc00000  x2=0x7fc00000
     339155.000 ns	     33914	80006f18	2ceaf013	andi	x0,x21,718	 x21:0x80000004
     339165.000 ns	     33915	80006f1c	8b3f8837	lui	x16,0x8b3f8	 x16=0x8b3f8000
     339195.000 ns	     33918	80006f20	110793d3	fmul.s	f7,f15,f16	 f15:0x00000000 f16:0x4d1b7c00  f7=0x00000000
     339225.000 ns	     33921	80006f24	e0050f53	fmv.x.w	x30,f10	 f10:0x7fc00000 x30=0x7fc00000
     339245.000 ns	     33923	80006f28	01da91b3	sll	x3,x21,x29	 x21:0x80000004 x29:0x00000000  x3=0x80000004
     339285.000 ns	     33927	80006f2c	01037fd3	fadd.s	f31,f6,f16	  f6:0x7fffffff f16:0x4d1b7c00 f31=0x7fc00000
     339305.000 ns	     33929	80006f30	01d75a13	srli	x20,x14,0x1d	 x14:0x80040fe4 x20=0x00000004
     339325.000 ns	     33931	80006f34	02871233	mulh	x4,x14,x8	 x14:0x80040fe4  x8:0x00000000  x4=0x00000000
     339345.000 ns	     33933	80006f38	5fa6f593	andi	x11,x13,1530	 x13:0xb7942000 x11=0x00000000
     339705.000 ns	     33969	80006f3c	034b5333	divu	x6,x22,x20	 x22:0xaaa84e4e x20:0x00000004  x6=0x2aaa1393
     339725.000 ns	     33971	80006f40	f6664c13	xori	x24,x12,-154	 x12:0x00000200 x24=0xfffffd66
     339735.000 ns	     33972	80006f44	402950b3	sra	x1,x18,x2	 x18:0x00000000  x2:0x7fc00000  x1=0x00000000
     339765.000 ns	     33975	80006f48	10b742d3	fmul.s	f5,f14,f11	 f14:0x4effffff f11:0x7fc00000  f5=0x7fc00000
     339795.000 ns	     33978	80006f4c	c014cdd3	fcvt.wu.s	x27,f9	  f9:0xceffffff x27=0x7fffff80
     339815.000 ns	     33980	80006f50	4095d6b3	sra	x13,x11,x9	 x11:0x00000000  x9:0xffffffff x13=0x00000000
     340175.000 ns	     34016	80006f54	035d6833	rem	x16,x26,x21	 x26:0x21ebbee8 x21:0x80000004 x16=0x21ebbee8
     340195.000 ns	     34018	80006f58	bed53193	sltiu	x3,x10,-1043	 x10:0xb4809000  x3=0x00000001
     340215.000 ns	     34020	80006f5c	020a94b3	mulh	x9,x21,x0	 x21:0x80000004  x0:0x00000000  x9=0x00000000
     340245.000 ns	     34023	80006f60	e00c9ed3	fclass.s	x29,f25	 f25:0x7f7fffff x29=0x00000040
     340265.000 ns	     34025	80006f64	dd798a93	addi	x21,x19,-553	 x19:0x00000001 x21=0xfffffdd8
     340275.000 ns	     34026	80006f68	018b03b3	add	x7,x22,x24	 x22:0xaaa84e4e x24:0xfffffd66  x7=0xaaa84bb4
     340295.000 ns	     34028	80006f6c	a1d02253	feq.s	x4,f0,f29	  f0:0x80000000 f29:0x00000000  x4=0x00000001
     340315.000 ns	     34030	80006f70	01e3a533	slt	x10,x7,x30	  x7:0x000000e8 x30:0x7fc00000 x10=0x00000001
     340335.000 ns	     34032	80006f74	e0019853	fclass.s	x16,f3	  f3:0x7fc00000 x16=0x00000200
     340355.000 ns	     34034	80006f78	0d3d0f13	addi	x30,x26,211	 x26:0x21ebbee8 x30=0x21ebbfbb
     340365.000 ns	     34035	80006f7c	419e5213	srai	x4,x28,0x19	 x28:0x69935000  x4=0x00000034
     340375.000 ns	     34036	80006f80	011143b3	xor	x7,x2,x17	  x2:0x7fc00000 x17:0x00000000  x7=0x7fc00000
     340415.000 ns	     34040	80006f84	097a7653	fsub.s	f12,f20,f23	 f20:0x7fc00000 f23:0x80000000 f12=0x7fc00000
     340435.000 ns	     34042	80006f88	01563a33	sltu	x20,x12,x21	 x12:0x00000200 x21:0xfffffdd8 x20=0x00000001
     340475.000 ns	     34046	80006f8c	09129553	fsub.s	f10,f5,f17	  f5:0x7fc00000 f17:0x00000000 f10=0x7fc00000
     340505.000 ns	     34049	80006f90	d0027cd3	fcvt.s.w	f25,x4	  x4:0x00000034 f25=0x42500000
     340555.000 ns	     34054	80006f94	017b0f53	fadd.s	f30,f22,f23	 f22:0x4f7ffffa f23:0x80000000 f30=0x4f7ffffa
     340575.000 ns	     34056	80006f98	00fb4233	xor	x4,x22,x15	 x22:0xaaa84e4e x15:0x00000000  x4=0xaaa84e4e
     340585.000 ns	     34057	80006f9c	01b29933	sll	x18,x5,x27	  x5:0x80041024 x27:0x7fffff80 x18=0x80041024
     340605.000 ns	     34059	80006fa0	a15e19d3	flt.s	x19,f28,f21	 f28:0x7fc00000 f21:0x00000000 x19=0x00000000
     340635.000 ns	     34062	80006fa4	c00af6d3	fcvt.w.s	x13,f21	 f21:0x00000000 x13=0x00000000
     341005.000 ns	     34099	80006fa8	0263ef33	rem	x30,x7,x6	  x7:0x7fc00000  x6:0x2aaa1393 x30=0x2a6bd8da
     341035.000 ns	     34102	80006fac	28c59753	fmax.s	f14,f11,f12	 f11:0x7fc00000 f12:0x7fc00000 f14=0x7fc00000
     341065.000 ns	     34105	80006fb0	02ddbab3	mulhu	x21,x27,x13	 x27:0x7fffff80 x13:0x00000000 x21=0x00000000
     341085.000 ns	     34107	80006fb4	01d3d013	srli	x0,x7,0x1d	  x7:0x7fc00000
     341115.000 ns	     34110	80006fb8	18b97c53	fdiv.s	f24,f18,f11	 f18:0xffc00000 f11:0x7fc00000 f24=0x7fc00000
     341145.000 ns	     34113	80006fbc	e0099f53	fclass.s	x30,f19	 f19:0x7fc00000 x30=0x00000200
     341175.000 ns	     34116	80006fc0	a04f07d3	fle.s	x15,f30,f4	 f30:0x4f7ffffa  f4:0xaaa84e4e x15=0x00000000
     341205.000 ns	     34119	80006fc4	03a71133	mulh	x2,x14,x26	 x14:0x80040fe4 x26:0x21ebbee8  x2=0xef0aaa56
     341225.000 ns	     34121	80006fc8	00633e33	sltu	x28,x6,x6	  x6:0x2aaa1393  x6:0x2aaa1393 x28=0x00000000
     341235.000 ns	     34122	80006fcc	002bfeb3	and	x29,x23,x2	 x23:0xffffffff  x2:0xef0aaa56 x29=0xef0aaa56
     341275.000 ns	     34126	80006fd0	0988c7d3	fsub.s	f15,f17,f24	 f17:0x00000000 f24:0x7fc00000 f15=0x7fc00000
     341295.000 ns	     34128	80006fd4	8dc42093	slti	x1,x8,-1828	  x8:0x00000000  x1=0x00000000
     341315.000 ns	     34130	80006fd8	211607d3	fsgnj.s	f15,f12,f17	 f12:0x7fc00000 f17:0x00000000 f15=0x7fc00000
     341335.000 ns	     34132	80006fdc	00cc6cb3	or	x25,x24,x12	 x24:0xfffffd66 x12:0x00000200 x25=0xffffff66
     341345.000 ns	     34133	80006fe0	7b377d13	andi	x26,x14,1971	 x14:0x80040fe4 x26=0x000007a0
     341365.000 ns	     34135	80006fe4	037b01b3	mul	x3,x22,x23	 x22:0xaaa84e4e x23:0xffffffff  x3=0x5557b1b2
     341395.000 ns	     34138	80006fe8	d00d7b53	fcvt.s.w	f22,x26	 x26:0x21ebbee8 f22=0x44f40000
     341425.000 ns	     34141	80006fec	02871a33	mulh	x20,x14,x8	 x14:0x80040fe4  x8:0x00000000 x20=0x00000000
     341445.000 ns	     34143	80006ff0	408b07b3	sub	x15,x22,x8	 x22:0xaaa84e4e  x8:0x00000000 x15=0xaaa84e4e
     341465.000 ns	     34145	80006ff4	03fa1bb3	mulh	x23,x20,x31	 x20:0x00000000 x31:0x09b7c000 x23=0x00000000
     341485.000 ns	     34147	80006ff8	0129af33	slt	x30,x19,x18	 x19:0x00000000 x18:0x80041024 x30=0x00000000
     341505.000 ns	     34149	80006ffc	036db8b3	mulhu	x17,x27,x22	 x27:0x7fffff80 x22:0xaaa84e4e x17=0x555426d1
     341555.000 ns	     34154	80007000	092d8753	fsub.s	f14,f27,f18	 f27:0x7fc00000 f18:0xffc00000 f14=0x7fc00000
     341585.000 ns	     34157	80007004	f0098bd3	fmv.w.x	f23,x19	 x19:0x00000000 f23=0x00000000
     341955.000 ns	     34194	80007008	02777fb3	remu	x31,x14,x7	 x14:0x80040fe4  x7:0x7fc00000 x31=0x00440fe4
     341985.000 ns	     34197	8000700c	c004ffd3	fcvt.w.s	x31,f9	  f9:0xceffffff x31=0x7fffff80
     342005.000 ns	     34199	80007010	017faab3	slt	x21,x31,x23	 x31:0x00440fe4 x23:0x00000000 x21=0x00000000
     342035.000 ns	     34202	80007014	580046d3	fsqrt.s	f13,f0	  f0:0x80000000 f13=0x80000000
     342055.000 ns	     34204	80007018	2e8d2993	slti	x19,x26,744	 x26:0x000007a0 x19=0x00000000
     342065.000 ns	     34205	8000701c	01945893	srli	x17,x8,0x19	  x8:0x00000000 x17=0x00000000
     342075.000 ns	     34206	80007020	cf0aff13	andi	x30,x21,-784	 x21:0x00000000 x30=0x00000000
     342085.000 ns	     34207	80007024	018e38b3	sltu	x17,x28,x24	 x28:0x00000000 x24:0xfffffd66 x17=0x00000001
     342115.000 ns	     34210	80007028	1117a953	fmul.s	f18,f15,f17	 f15:0x7fc00000 f17:0x00000000 f18=0x7fc00000
     342145.000 ns	     34213	8000702c	d00ffb53	fcvt.s.w	f22,x31	 x31:0x7fffff80 f22=0x4effffff
     342515.000 ns	     34250	80007030	030e6cb3	rem	x25,x28,x16	 x28:0x00000000 x16:0x00000200 x25=0x00000000
     342535.000 ns	     34252	80007034	44594c13	xori	x24,x18,1093	 x18:0x80041024 x24=0x80041461
     342545.000 ns	     34253	80007038	9953ac13	slti	x24,x7,-1643	  x7:0x7fc00000 x24=0x00000000
     342555.000 ns	     34254	8000703c	867bf693	andi	x13,x23,-1945	 x23:0x00000000 x13=0x00000000
     342575.000 ns	     34256	80007040	21111f53	fsgnjn.s	f30,f2,f17	  f2:0x4d1b7c00 f17:0x00000000 f30=0xcd1b7c00
     342595.000 ns	     34258	80007044	016c1093	slli	x1,x24,0x16	 x24:0x00000000  x1=0x00000000
     342605.000 ns	     34259	80007048	00000013	addi	x0,x0,0	  x0:0x00000000
     342965.000 ns	     34295	8000704c	022259b3	divu	x19,x4,x2	  x4:0xaaa84e4e  x2:0xef0aaa56 x19=0x00000000
     342995.000 ns	     34298	80007050	20ae2b53	fsgnjx.s	f22,f28,f10	 f28:0x7fc00000 f10:0x7fc00000 f22=0x7fc00000
     343015.000 ns	     34300	80007054	01bde3b3	or	x7,x27,x27	 x27:0x7fffff80 x27:0x7fffff80  x7=0x7fffff80
     343045.000 ns	     34303	80007058	18277453	fdiv.s	f8,f14,f2	 f14:0x7fc00000  f2:0x4d1b7c00  f8=0x7fc00000
     343075.000 ns	     34306	8000705c	a00e2253	feq.s	x4,f28,f0	 f28:0x7fc00000  f0:0x80000000  x4=0x00000000
     343095.000 ns	     34308	80007060	00145413	srli	x8,x8,0x1	  x8:0x00000000  x8=0x00000000
     343455.000 ns	     34344	80007064	0221ce33	div	x28,x3,x2	  x3:0x5557b1b2  x2:0xef0aaa56 x28=0xfffffffb
     343485.000 ns	     34347	80007068	e00d0053	fmv.x.w	x0,f26	 f26:0x4effffff
     343515.000 ns	     34350	8000706c	c0194dd3	fcvt.wu.s	x27,f18	 f18:0x7fc00000 x27=0xffffffff
     343535.000 ns	     34352	80007070	9114b813	sltiu	x16,x9,-1775	  x9:0x00000000 x16=0x00000001
     343545.000 ns	     34353	80007074	8b3abc13	sltiu	x24,x21,-1869	 x21:0x00000000 x24=0x00000001
     343565.000 ns	     34355	80007078	201d8853	fsgnj.s	f16,f27,f1	 f27:0x7fc00000  f1:0x7fc00000 f16=0x7fc00000
     343935.000 ns	     34392	8000707c	03d255b3	divu	x11,x4,x29	  x4:0x00000000 x29:0xef0aaa56 x11=0x00000000
     343965.000 ns	     34395	80007080	d01ff053	fcvt.s.wu	f0,x31	 x31:0x7fffff80  f0=0x4effffff
     343995.000 ns	     34398	80007084	21dc18d3	fsgnjn.s	f17,f24,f29	 f24:0x7fc00000 f29:0x00000000 f17=0xffc00000
     344015.000 ns	     34400	80007088	00530333	add	x6,x6,x5	  x6:0x2aaa1393  x5:0x80041024  x6=0xaaae23b7
     344375.000 ns	     34436	8000708c	03dec233	div	x4,x29,x29	 x29:0xef0aaa56 x29:0xef0aaa56  x4=0x00000001
     344395.000 ns	     34438	80007090	41255333	sra	x6,x10,x18	 x10:0x00000001 x18:0x80041024  x6=0x00000000
     344755.000 ns	     34474	80007094	03a7ea33	rem	x20,x15,x26	 x15:0xaaa84e4e x26:0x000007a0 x20=0xfffffc6e
     344775.000 ns	     34476	80007098	df716613	ori	x12,x2,-521	  x2:0xef0aaa56 x12=0xfffffff7
     344795.000 ns	     34478	8000709c	f00d8653	fmv.w.x	f12,x27	 x27:0xffffffff f12=0xffffffff
     344825.000 ns	     34481	800070a0	287597d3	fmax.s	f15,f11,f7	 f11:0x7fc00000  f7:0x00000000 f15=0x00000000
     344845.000 ns	     34483	800070a4	41d186b3	sub	x13,x3,x29	  x3:0x5557b1b2 x29:0xef0aaa56 x13=0x664d075c
     344855.000 ns	     34484	800070a8	00000013	addi	x0,x0,0	  x0:0x00000000
     344875.000 ns	     34486	800070ac	214487d3	fsgnj.s	f15,f9,f20	  f9:0xceffffff f20:0x7fc00000 f15=0x4effffff
     344905.000 ns	     34489	800070b0	02ad26b3	mulhsu	x13,x26,x10	 x26:0x000007a0 x10:0x00000001 x13=0x00000000
     344935.000 ns	     34492	800070b4	03879fb3	mulh	x31,x15,x24	 x15:0xaaa84e4e x24:0x00000001 x31=0xffffffff
     344955.000 ns	     34494	800070b8	40e78633	sub	x12,x15,x14	 x15:0xaaa84e4e x14:0x80040fe4 x12=0x2aa43e6a
     344965.000 ns	     34495	800070bc	70236593	ori	x11,x6,1794	  x6:0x00000000 x11=0x00000702
     344975.000 ns	     34496	800070c0	016c9db3	sll	x27,x25,x22	 x25:0x00000000 x22:0xaaa84e4e x27=0x00000000
     344985.000 ns	     34497	800070c4	01381513	slli	x10,x16,0x13	 x16:0x00000001 x10=0x00080000
     345005.000 ns	     34499	800070c8	21f0a0d3	fsgnjx.s	f1,f1,f31	  f1:0x7fc00000 f31:0x7fc00000  f1=0x7fc00000
     345025.000 ns	     34501	800070cc	80a6c893	xori	x17,x13,-2038	 x13:0x00000000 x17=0xfffff80a
     345045.000 ns	     34503	800070d0	d00b9053	fcvt.s.w	f0,x23	 x23:0x00000000  f0=0x00000000
     345075.000 ns	     34506	800070d4	c00173d3	fcvt.w.s	x7,f2	  f2:0x4d1b7c00  x7=0x09b7c000
     345095.000 ns	     34508	800070d8	00059ab3	sll	x21,x11,x0	 x11:0x00000702  x0:0x00000000 x21=0x00000702
     345455.000 ns	     34544	800070dc	0301ecb3	rem	x25,x3,x16	  x3:0x5557b1b2 x16:0x00000001 x25=0x00000000
     345475.000 ns	     34546	800070e0	00000013	addi	x0,x0,0	  x0:0x00000000
     345495.000 ns	     34548	800070e4	f00084d3	fmv.w.x	f9,x1	  x1:0x00000000  f9=0x00000000
     345525.000 ns	     34551	800070e8	020a89b3	mul	x19,x21,x0	 x21:0x00000702  x0:0x00000000 x19=0x00000000
     345545.000 ns	     34553	800070ec	c3c08413	addi	x8,x1,-964	  x1:0x00000000  x8=0xfffffc3c
     345565.000 ns	     34555	800070f0	21f926d3	fsgnjx.s	f13,f18,f31	 f18:0x7fc00000 f31:0x7fc00000 f13=0x7fc00000
     345585.000 ns	     34557	800070f4	003a77b3	and	x15,x20,x3	 x20:0xfffffc6e  x3:0x5557b1b2 x15=0x5557b022
     345595.000 ns	     34558	800070f8	b77ea993	slti	x19,x29,-1161	 x29:0xef0aaa56 x19=0x00000001
     345615.000 ns	     34560	800070fc	02553eb3	mulhu	x29,x10,x5	 x10:0x00080000  x5:0x80041024 x29=0x00040020
     345635.000 ns	     34562	80007100	01cd86b3	add	x13,x27,x28	 x27:0x00000000 x28:0xfffffffb x13=0xfffffffb
     345645.000 ns	     34563	80007104	400e0033	sub	x0,x28,x0	 x28:0xfffffffb  x0:0x00000000
     345655.000 ns	     34564	80007108	014c4833	xor	x16,x24,x20	 x24:0x00000001 x20:0xfffffc6e x16=0xfffffc6f
     345675.000 ns	     34566	8000710c	d006cf53	fcvt.s.w	f30,x13	 x13:0xfffffffb f30=0xc0a00000
     345695.000 ns	     34568	80007110	00671bb3	sll	x23,x14,x6	 x14:0x80040fe4  x6:0x00000000 x23=0x80040fe4
     345725.000 ns	     34571	80007114	10410cd3	fmul.s	f25,f2,f4	  f2:0x4d1b7c00  f4:0xaaa84e4e f25=0xb84c71de
     345755.000 ns	     34574	80007118	d017fd53	fcvt.s.wu	f26,x15	 x15:0x5557b022 f26=0x4eaaaf60
     345795.000 ns	     34578	8000711c	112af853	fmul.s	f16,f21,f18	 f21:0x00000000 f18:0x7fc00000 f16=0x7fc00000
     345825.000 ns	     34581	80007120	207d1353	fsgnjn.s	f6,f26,f7	 f26:0x4eaaaf60  f7:0x00000000  f6=0xceaaaf60
     345865.000 ns	     34585	80007124	1986c8d3	fdiv.s	f17,f13,f24	 f13:0x7fc00000 f24:0x7fc00000 f17=0x7fc00000
     345885.000 ns	     34587	80007128	00000013	addi	x0,x0,0	  x0:0x00000000
     345895.000 ns	     34588	8000712c	013154b3	srl	x9,x2,x19	  x2:0xef0aaa56 x19:0x00000001  x9=0x7785552b
     345915.000 ns	     34590	80007130	d007f353	fcvt.s.w	f6,x15	 x15:0x5557b022  f6=0x4eaaaf60
     345935.000 ns	     34592	80007134	00000013	addi	x0,x0,0	  x0:0x00000000
     345945.000 ns	     34593	80007138	01ed7d33	and	x26,x26,x30	 x26:0x000007a0 x30:0x00000000 x26=0x00000000
     345955.000 ns	     34594	8000713c	01c4d513	srli	x10,x9,0x1c	  x9:0x7785552b x10=0x00000007
     345965.000 ns	     34595	80007140	013dd993	srli	x19,x27,0x13	 x27:0x00000000 x19=0x00000000
     345975.000 ns	     34596	80007144	41168ab3	sub	x21,x13,x17	 x13:0xfffffffb x17:0xfffff80a x21=0x000007f1
     345995.000 ns	     34598	80007148	a12e8653	fle.s	x12,f29,f18	 f29:0x00000000 f18:0x7fc00000 x12=0x00000000
     346025.000 ns	     34601	8000714c	d01c8f53	fcvt.s.wu	f30,x25	 x25:0x00000000 f30=0x00000000
     346055.000 ns	     34604	80007150	d01a78d3	fcvt.s.wu	f17,x20	 x20:0xfffffc6e f17=0x4f7ffffc
     346085.000 ns	     34607	80007154	d00ef753	fcvt.s.w	f14,x29	 x29:0x00040020 f14=0x48800400
     346115.000 ns	     34610	80007158	21d3a653	fsgnjx.s	f12,f7,f29	  f7:0x00000000 f29:0x00000000 f12=0x00000000
     346145.000 ns	     34613	8000715c	a10004d3	fle.s	x9,f0,f16	  f0:0x00000000 f16:0x7fc00000  x9=0x00000000
     346515.000 ns	     34650	80007160	030d7ab3	remu	x21,x26,x16	 x26:0x00000000 x16:0xfffffc6f x21=0x00000000
     346565.000 ns	     34655	80007164	01a63cd3	fadd.s	f25,f12,f26	 f12:0x00000000 f26:0x4eaaaf60 f25=0x4eaaaf60
     346595.000 ns	     34658	80007168	c01341d3	fcvt.wu.s	x3,f6	  f6:0x4eaaaf60  x3=0x5557b000
     346625.000 ns	     34661	8000716c	c01b28d3	fcvt.wu.s	x17,f22	 f22:0x7fc00000 x17=0xffffffff
     346675.000 ns	     34666	80007170	0922f853	fsub.s	f16,f5,f18	  f5:0x7fc00000 f18:0x7fc00000 f16=0x7fc00000
     346715.000 ns	     34670	80007174	10b9fed3	fmul.s	f29,f19,f11	 f19:0x7fc00000 f11:0x7fc00000 f29=0x7fc00000
     346735.000 ns	     34672	80007178	00057a33	and	x20,x10,x0	 x10:0x00000007  x0:0x00000000 x20=0x00000000
     346745.000 ns	     34673	8000717c	0043c233	xor	x4,x7,x4	  x7:0x09b7c000  x4:0x00000001  x4=0x09b7c001
     346765.000 ns	     34675	80007180	c00ea1d3	fcvt.w.s	x3,f29	 f29:0x7fc00000  x3=0x7fffffff
     346785.000 ns	     34677	80007184	41e3d393	srai	x7,x7,0x1e	  x7:0x09b7c000  x7=0x00000000
     346805.000 ns	     34679	80007188	026ccab3	div	x21,x25,x6	 x25:0x00000000  x6:0x00000000 x21=0xffffffff
     347145.000 ns	     34713	8000718c	18f7f9d3	fdiv.s	f19,f15,f15	 f15:0x4effffff f15:0x4effffff f19=0x3f800000
     347485.000 ns	     34747	80007190	19a17ed3	fdiv.s	f29,f2,f26	  f2:0x4d1b7c00 f26:0x4eaaaf60 f29=0x3d9b7c00
     347515.000 ns	     34750	80007194	c006b5d3	fcvt.w.s	x11,f13	 f13:0x7fc00000 x11=0x7fffffff
     347565.000 ns	     34755	80007198	08418fd3	fsub.s	f31,f3,f4	  f3:0x7fc00000  f4:0xaaa84e4e f31=0x7fc00000
     347595.000 ns	     34758	8000719c	c01c1f53	fcvt.wu.s	x30,f24	 f24:0x7fc00000 x30=0xffffffff
     347625.000 ns	     34761	800071a0	036337b3	mulhu	x15,x6,x22	  x6:0x00000000 x22:0xaaa84e4e x15=0x00000000
     347655.000 ns	     34764	800071a4	a1c79053	flt.s	x0,f15,f28	 f15:0x4effffff f28:0x7fc00000
     347685.000 ns	     34767	800071a8	214d8053	fsgnj.s	f0,f27,f20	 f27:0x7fc00000 f20:0x7fc00000  f0=0x7fc00000
     347705.000 ns	     34769	800071ac	40d15893	srai	x17,x2,0xd	  x2:0xef0aaa56 x17=0xffff7855
     347725.000 ns	     34771	800071b0	214d0353	fsgnj.s	f6,f26,f20	 f26:0x4eaaaf60 f20:0x7fc00000  f6=0x4eaaaf60
     347755.000 ns	     34774	800071b4	288f8753	fmin.s	f14,f31,f8	 f31:0x7fc00000  f8:0x7fc00000 f14=0x7fc00000
     347775.000 ns	     34776	800071b8	01a2a6b7	lui	x13,0x1a2a	 x13=0x01a2a000
     347795.000 ns	     34778	800071bc	03a1d6b3	divu	x13,x3,x26	  x3:0x7fffffff x26:0x00000000 x13=0xffffffff
     347815.000 ns	     34780	800071c0	409ed3b3	sra	x7,x29,x9	 x29:0x00040020  x9:0x00000000  x7=0x00040020
     347835.000 ns	     34782	800071c4	d019fbd3	fcvt.s.wu	f23,x19	 x19:0x00000000 f23=0x00000000
     347865.000 ns	     34785	800071c8	037433b3	mulhu	x7,x8,x23	  x8:0xfffffc3c x23:0x80040fe4  x7=0x80040e01
     347895.000 ns	     34788	800071cc	207c9853	fsgnjn.s	f16,f25,f7	 f25:0x4eaaaf60  f7:0x00000000 f16=0xceaaaf60
     347915.000 ns	     34790	800071d0	e78d8d13	addi	x26,x27,-392	 x27:0x00000000 x26=0xfffffe78
     347935.000 ns	     34792	800071d4	02fcf0b3	remu	x1,x25,x15	 x25:0x00000000 x15:0x00000000  x1=0x00000000
     347965.000 ns	     34795	800071d8	c003f853	fcvt.w.s	x16,f7	  f7:0x00000000 x16=0x00000000
     347985.000 ns	     34797	800071dc	41c38eb3	sub	x29,x7,x28	  x7:0x80040e01 x28:0xfffffffb x29=0x80040e06
     347995.000 ns	     34798	800071e0	82d9b993	sltiu	x19,x19,-2003	 x19:0x00000000 x19=0x00000001
     348015.000 ns	     34800	800071e4	21b00cd3	fsgnj.s	f25,f0,f27	  f0:0x7fc00000 f27:0x7fc00000 f25=0x7fc00000
     348035.000 ns	     34802	800071e8	3c043e93	sltiu	x29,x8,960	  x8:0xfffffc3c x29=0x00000000
     348055.000 ns	     34804	800071ec	d0037dd3	fcvt.s.w	f27,x6	  x6:0x00000000 f27=0x00000000
     348075.000 ns	     34806	800071f0	40c15593	srai	x11,x2,0xc	  x2:0xef0aaa56 x11=0xfffef0aa
     348095.000 ns	     34808	800071f4	e0028ed3	fmv.x.w	x29,f5	  f5:0x7fc00000 x29=0x7fc00000
     348115.000 ns	     34810	800071f8	adb4b393	sltiu	x7,x9,-1317	  x9:0x00000000  x7=0x00000001
     348135.000 ns	     34812	800071fc	e00904d3	fmv.x.w	x9,f18	 f18:0x7fc00000  x9=0x7fc00000
     348165.000 ns	     34815	80007200	c017fa53	fcvt.wu.s	x20,f15	 f15:0x4effffff x20=0x7fffff80
     348185.000 ns	     34817	80007204	cc718093	addi	x1,x3,-825	  x3:0x7fffffff  x1=0x7ffffcc6
     348545.000 ns	     34853	80007208	02bb5cb3	divu	x25,x22,x11	 x22:0xaaa84e4e x11:0xfffef0aa x25=0x00000000
     348575.000 ns	     34856	8000720c	c0054953	fcvt.w.s	x18,f10	 f10:0x7fc00000 x18=0x7fffffff
     348595.000 ns	     34858	80007210	11306c93	ori	x25,x0,275	  x0:0x00000000 x25=0x00000113
     348615.000 ns	     34860	80007214	d00379d3	fcvt.s.w	f19,x6	  x6:0x00000000 f19=0x00000000
     348645.000 ns	     34863	80007218	e00089d3	fmv.x.w	x19,f1	  f1:0x7fc00000 x19=0x7fc00000
     348675.000 ns	     34866	8000721c	f00c8153	fmv.w.x	f2,x25	 x25:0x00000113  f2=0x00000113
     348695.000 ns	     34868	80007220	010e6fb3	or	x31,x28,x16	 x28:0xfffffffb x16:0x00000000 x31=0xfffffffb
     349055.000 ns	     34904	80007224	02a5fd33	remu	x26,x11,x10	 x11:0xfffef0aa x10:0x00000007 x26=0x00000003
     349075.000 ns	     34906	80007228	0032dab3	srl	x21,x5,x3	  x5:0x80041024  x3:0x7fffffff x21=0x00000001
     349095.000 ns	     34908	8000722c	a0fc04d3	fle.s	x9,f24,f15	 f24:0x7fc00000 f15:0x4effffff  x9=0x00000000
     349125.000 ns	     34911	80007230	c0107a53	fcvt.wu.s	x20,f0	  f0:0x7fc00000 x20=0xffffffff
     349155.000 ns	     34914	80007234	d0107853	fcvt.s.wu	f16,x0	  x0:0x00000000 f16=0x00000000
     349185.000 ns	     34917	80007238	02e827b3	mulhsu	x15,x16,x14	 x16:0x00000000 x14:0x80040fe4 x15=0x00000000
     349205.000 ns	     34919	8000723c	cb35cc93	xori	x25,x11,-845	 x11:0xfffef0aa x25=0x00010c19
     349215.000 ns	     34920	80007240	00fbd893	srli	x17,x23,0xf	 x23:0x80040fe4 x17=0x00010008
     349575.000 ns	     34956	80007244	02d5de33	divu	x28,x11,x13	 x11:0xfffef0aa x13:0xffffffff x28=0x00000000
     349605.000 ns	     34959	80007248	a0aa8ad3	fle.s	x21,f21,f10	 f21:0x00000000 f10:0x7fc00000 x21=0x00000000
     349635.000 ns	     34962	8000724c	20e38953	fsgnj.s	f18,f7,f14	  f7:0x00000000 f14:0x7fc00000 f18=0x00000000
     349665.000 ns	     34965	80007250	217d26d3	fsgnjx.s	f13,f26,f23	 f26:0x4eaaaf60 f23:0x00000000 f13=0x4eaaaf60
     349705.000 ns	     34969	80007254	580a0e53	fsqrt.s	f28,f20	 f20:0x7fc00000 f28=0x7fc00000
     349735.000 ns	     34972	80007258	213109d3	fsgnj.s	f19,f2,f19	  f2:0x00000113 f19:0x00000000 f19=0x00000113
     349775.000 ns	     34976	8000725c	18a4f253	fdiv.s	f4,f9,f10	  f9:0x00000000 f10:0x7fc00000  f4=0x7fc00000
     349795.000 ns	     34978	80007260	00000013	addi	x0,x0,0	  x0:0x00000000
     349805.000 ns	     34979	80007264	f6c67393	andi	x7,x12,-148	 x12:0x00000000  x7=0x00000000
     349815.000 ns	     34980	80007268	00000013	addi	x0,x0,0	  x0:0x00000000
     349835.000 ns	     34982	8000726c	207626d3	fsgnjx.s	f13,f12,f7	 f12:0x00000000  f7:0x00000000 f13=0x00000000
     349865.000 ns	     34985	80007270	032c0e33	mul	x28,x24,x18	 x24:0x00000001 x18:0x7fffffff x28=0x7fffffff
     349885.000 ns	     34987	80007274	40cf5b93	srai	x23,x30,0xc	 x30:0xffffffff x23=0xffffffff
     349895.000 ns	     34988	80007278	01967033	and	x0,x12,x25	 x12:0x00000000 x25:0x00010c19
     349905.000 ns	     34989	8000727c	4023d393	srai	x7,x7,0x2	  x7:0x00000000  x7=0x00000000
     349925.000 ns	     34991	80007280	20950153	fsgnj.s	f2,f10,f9	 f10:0x7fc00000  f9:0x00000000  f2=0x7fc00000
     349945.000 ns	     34993	80007284	403a0cb3	sub	x25,x20,x3	 x20:0xffffffff  x3:0x7fffffff x25=0x80000000
     349965.000 ns	     34995	80007288	20d715d3	fsgnjn.s	f11,f14,f13	 f14:0x7fc00000 f13:0x00000000 f11=0xffc00000
     349995.000 ns	     34998	8000728c	e0050653	fmv.x.w	x12,f10	 f10:0x7fc00000 x12=0x7fc00000
     350015.000 ns	     35000	80007290	e6b8be13	sltiu	x28,x17,-405	 x17:0x00010008 x28=0x00000001
     350025.000 ns	     35001	80007294	0073df33	srl	x30,x7,x7	  x7:0x00000000  x7:0x00000000 x30=0x00000000
     350035.000 ns	     35002	80007298	575cca17	auipc	x20,0x575cc	 x20=0xd75d3298
     350055.000 ns	     35004	8000729c	c00bf3d3	fcvt.w.s	x7,f23	 f23:0x00000000  x7=0x00000000
     350095.000 ns	     35008	800072a0	11c89453	fmul.s	f8,f17,f28	 f17:0x4f7ffffc f28:0x7fc00000  f8=0x7fc00000
     350125.000 ns	     35011	800072a4	d019bd53	fcvt.s.wu	f26,x19	 x19:0x7fc00000 f26=0x4eff8000
     350155.000 ns	     35014	800072a8	02f8ff33	remu	x30,x17,x15	 x17:0x00010008 x15:0x00000000 x30=0x00010008
     350185.000 ns	     35017	800072ac	e00a81d3	fmv.x.w	x3,f21	 f21:0x00000000  x3=0x00000000
     350555.000 ns	     35054	800072b0	03d4d333	divu	x6,x9,x29	  x9:0x00000000 x29:0x7fc00000  x6=0x00000000
     350575.000 ns	     35056	800072b4	98f098b7	lui	x17,0x98f09	 x17=0x98f09000
     350585.000 ns	     35057	800072b8	0079d5b3	srl	x11,x19,x7	 x19:0x7fc00000  x7:0x00000000 x11=0x7fc00000
     350625.000 ns	     35061	800072bc	0130f753	fadd.s	f14,f1,f19	  f1:0x7fc00000 f19:0x00000113 f14=0x7fc00000
     350655.000 ns	     35064	800072c0	c00f2353	fcvt.w.s	x6,f30	 f30:0x00000000  x6=0x00000000
     350675.000 ns	     35066	800072c4	ea3de813	ori	x16,x27,-349	 x27:0x00000000 x16=0xfffffea3
     350685.000 ns	     35067	800072c8	0180ae33	slt	x28,x1,x24	  x1:0x7ffffcc6 x24:0x00000001 x28=0x00000000
     350705.000 ns	     35069	800072cc	e0011853	fclass.s	x16,f2	  f2:0x7fc00000 x16=0x00000200
     350755.000 ns	     35074	800072d0	01667f53	fadd.s	f30,f12,f22	 f12:0x00000000 f22:0x7fc00000 f30=0x7fc00000
     351125.000 ns	     35111	800072d4	03117a33	remu	x20,x2,x17	  x2:0xef0aaa56 x17:0x98f09000 x20=0x561a1a56
     351145.000 ns	     35113	800072d8	00faf333	and	x6,x21,x15	 x21:0x00000000 x15:0x00000000  x6=0x00000000
     351155.000 ns	     35114	800072dc	73958393	addi	x7,x11,1849	 x11:0x7fc00000  x7=0x7fc00739
     351165.000 ns	     35115	800072e0	00000013	addi	x0,x0,0	  x0:0x00000000
     351185.000 ns	     35117	800072e4	c00ff4d3	fcvt.w.s	x9,f31	 f31:0x7fc00000  x9=0x7fffffff
     351205.000 ns	     35119	800072e8	06df0093	addi	x1,x30,109	 x30:0x00010008  x1=0x00010075
     351215.000 ns	     35120	800072ec	4144dab3	sra	x21,x9,x20	  x9:0x7fffffff x20:0x561a1a56 x21=0x000001ff
     351225.000 ns	     35121	800072f0	23362b93	slti	x23,x12,563	 x12:0x7fc00000 x23=0x00000000
     351235.000 ns	     35122	800072f4	01eb3d33	sltu	x26,x22,x30	 x22:0xaaa84e4e x30:0x00010008 x26=0x00000000
     351245.000 ns	     35123	800072f8	5368c6b7	lui	x13,0x5368c	 x13=0x5368c000
     351255.000 ns	     35124	800072fc	00fbfdb3	and	x27,x23,x15	 x23:0x00000000 x15:0x00000000 x27=0x00000000
     351615.000 ns	     35160	80007300	029c4cb3	div	x25,x24,x9	 x24:0x00000001  x9:0x7fffffff x25=0x00000000
     351635.000 ns	     35162	80007304	b1a5a613	slti	x12,x11,-1254	 x11:0x7fc00000 x12=0x00000000
     351655.000 ns	     35164	80007308	039077b3	remu	x15,x0,x25	  x0:0x00000000 x25:0x00000000 x15=0x00000000
     351685.000 ns	     35167	8000730c	21b31ed3	fsgnjn.s	f29,f6,f27	  f6:0x4eaaaf60 f27:0x00000000 f29=0xceaaaf60
     351715.000 ns	     35170	80007310	0393c333	div	x6,x7,x25	  x7:0x7fc00739 x25:0x00000000  x6=0xffffffff
     351745.000 ns	     35173	80007314	d0159153	fcvt.s.wu	f2,x11	 x11:0x7fc00000  f2=0x4eff8000
     351775.000 ns	     35176	80007318	a08b8053	fle.s	x0,f23,f8	 f23:0x00000000  f8:0x7fc00000
     351795.000 ns	     35178	8000731c	00629693	slli	x13,x5,0x6	  x5:0x80041024 x13=0x01040900
     351815.000 ns	     35180	80007320	d00a3753	fcvt.s.w	f14,x20	 x20:0x561a1a56 f14=0x4eac3435
     351835.000 ns	     35182	80007324	008d0033	add	x0,x26,x8	 x26:0x00000000  x8:0xfffffc3c
     351845.000 ns	     35183	80007328	4035d213	srai	x4,x11,0x3	 x11:0x7fc00000  x4=0x0ff80000
     351865.000 ns	     35185	8000732c	02c7eab3	rem	x21,x15,x12	 x15:0x00000000 x12:0x00000000 x21=0x00000000
     351885.000 ns	     35187	80007330	00000013	addi	x0,x0,0	  x0:0x00000000
     351895.000 ns	     35188	80007334	00940633	add	x12,x8,x9	  x8:0xfffffc3c  x9:0x7fffffff x12=0x7ffffc3b
     351915.000 ns	     35190	80007338	039f24b3	mulhsu	x9,x30,x25	 x30:0x00010008 x25:0x00000000  x9=0x00000000
     351935.000 ns	     35192	8000733c	00000013	addi	x0,x0,0	  x0:0x00000000
     351955.000 ns	     35194	80007340	d00bf053	fcvt.s.w	f0,x23	 x23:0x00000000  f0=0x00000000
     351985.000 ns	     35197	80007344	e0069dd3	fclass.s	x27,f13	 f13:0x00000000 x27=0x00000010
     352015.000 ns	     35200	80007348	20992b53	fsgnjx.s	f22,f18,f9	 f18:0x00000000  f9:0x00000000 f22=0x00000000
     352035.000 ns	     35202	8000734c	01ce6133	or	x2,x28,x28	 x28:0x00000000 x28:0x00000000  x2=0x00000000
     352055.000 ns	     35204	80007350	d0163b53	fcvt.s.wu	f22,x12	 x12:0x7ffffc3b f22=0x4efffff9
     352075.000 ns	     35206	80007354	bf986a37	lui	x20,0xbf986	 x20=0xbf986000
     352095.000 ns	     35208	80007358	e00905d3	fmv.x.w	x11,f18	 f18:0x00000000 x11=0x00000000
     352465.000 ns	     35245	8000735c	024c7233	remu	x4,x24,x4	 x24:0x00000001  x4:0x0ff80000  x4=0x00000001
     352485.000 ns	     35247	80007360	d8574bb7	lui	x23,0xd8574	 x23=0xd8574000
     352495.000 ns	     35248	80007364	c34db213	sltiu	x4,x27,-972	 x27:0x00000010  x4=0x00000001
     352505.000 ns	     35249	80007368	00000013	addi	x0,x0,0	  x0:0x00000000
     352515.000 ns	     35250	8000736c	00000013	addi	x0,x0,0	  x0:0x00000000
     352535.000 ns	     35252	80007370	f00c80d3	fmv.w.x	f1,x25	 x25:0x00000000  f1=0x00000000
     352555.000 ns	     35254	80007374	00b1d633	srl	x12,x3,x11	  x3:0x00000000 x11:0x00000000 x12=0x00000000
     352575.000 ns	     35256	80007378	a13e2c53	feq.s	x24,f28,f19	 f28:0x7fc00000 f19:0x00000113 x24=0x00000000
     352595.000 ns	     35258	8000737c	41063913	sltiu	x18,x12,1040	 x12:0x7ffffc3b x18=0x00000001
     352605.000 ns	     35259	80007380	2dce8693	addi	x13,x29,732	 x29:0x7fc00000 x13=0x7fc002dc
     352615.000 ns	     35260	80007384	00759f13	slli	x30,x11,0x7	 x11:0x00000000 x30=0x00000000
     352625.000 ns	     35261	80007388	9112cd17	auipc	x26,0x9112c	 x26=0x11133388
     352655.000 ns	     35264	8000738c	580ffed3	fsqrt.s	f29,f31	 f31:0x7fc00000 f29=0x7fc00000
     352675.000 ns	     35266	80007390	79f12c93	slti	x25,x2,1951	  x2:0x00000000 x25=0x00000001
     352685.000 ns	     35267	80007394	01160cb3	add	x25,x12,x17	 x12:0x00000000 x17:0x98f09000 x25=0x98f09000
     352705.000 ns	     35269	80007398	f00a0ad3	fmv.w.x	f21,x20	 x20:0xbf986000 f21=0xbf986000
     352735.000 ns	     35272	8000739c	a03907d3	fle.s	x15,f18,f3	 f18:0x00000000  f3:0x7fc00000 x15=0x00000000
     352765.000 ns	     35275	800073a0	03d4a233	mulhsu	x4,x9,x29	  x9:0x00000000 x29:0x7fc00000  x4=0x00000000
     352795.000 ns	     35278	800073a4	0203da33	divu	x20,x7,x0	  x7:0x7fc00739  x0:0x00000000 x20=0xffffffff
     352815.000 ns	     35280	800073a8	6d360813	addi	x16,x12,1747	 x12:0x00000000 x16=0x000006d3
     352825.000 ns	     35281	800073ac	a5d4bc13	sltiu	x24,x9,-1443	  x9:0x00000000 x24=0x00000001
     352845.000 ns	     35283	800073b0	28740c53	fmin.s	f24,f8,f7	  f8:0x7fc00000  f7:0x00000000 f24=0x00000000
     352875.000 ns	     35286	800073b4	02eb30b3	mulhu	x1,x22,x14	 x22:0xaaa84e4e x14:0x80040fe4  x1=0x5556dc60
     352905.000 ns	     35289	800073b8	d00dccd3	fcvt.s.w	f25,x27	 x27:0x00000010 f25=0x41800000
     352925.000 ns	     35291	800073bc	a2fa3f13	sltiu	x30,x20,-1489	 x20:0xffffffff x30=0x00000000
     352945.000 ns	     35293	800073c0	20ac8f53	fsgnj.s	f30,f25,f10	 f25:0x41800000 f10:0x7fc00000 f30=0x41800000
     352975.000 ns	     35296	800073c4	a02d2cd3	feq.s	x25,f26,f2	 f26:0x4eff8000  f2:0x4eff8000 x25=0x00000001
     352995.000 ns	     35298	800073c8	63603513	sltiu	x10,x0,1590	  x0:0x00000000 x10=0x00000001
     353015.000 ns	     35300	800073cc	02bfdd33	divu	x26,x31,x11	 x31:0xfffffffb x11:0x00000000 x26=0xffffffff
     353385.000 ns	     35337	800073d0	02ecfeb3	remu	x29,x25,x14	 x25:0x00000001 x14:0x80040fe4 x29=0x00000001
     353405.000 ns	     35339	800073d4	00c80333	add	x6,x16,x12	 x16:0x000006d3 x12:0x00000000  x6=0x000006d3
     353425.000 ns	     35341	800073d8	c01c7d53	fcvt.wu.s	x26,f24	 f24:0x00000000 x26=0x00000000
     353445.000 ns	     35343	800073dc	01b8ae33	slt	x28,x17,x27	 x17:0x98f09000 x27:0x00000010 x28=0x00000001
     353465.000 ns	     35345	800073e0	215daad3	fsgnjx.s	f21,f27,f21	 f27:0x00000000 f21:0xbf986000 f21=0x80000000
     353495.000 ns	     35348	800073e4	03ee44b3	div	x9,x28,x30	 x28:0x00000000 x30:0x00000000  x9=0xffffffff
     353515.000 ns	     35350	800073e8	016f5313	srli	x6,x30,0x16	 x30:0x00000000  x6=0x00000000
     353525.000 ns	     35351	800073ec	01843233	sltu	x4,x8,x24	  x8:0xfffffc3c x24:0x00000001  x4=0x00000000
     353545.000 ns	     35353	800073f0	28a604d3	fmin.s	f9,f12,f10	 f12:0x00000000 f10:0x7fc00000  f9=0x00000000
     353575.000 ns	     35356	800073f4	03af1db3	mulh	x27,x30,x26	 x30:0x00000000 x26:0x00000000 x27=0x00000000
     353605.000 ns	     35359	800073f8	02b40a33	mul	x20,x8,x11	  x8:0xfffffc3c x11:0x00000000 x20=0x00000000
     353635.000 ns	     35362	800073fc	a1491e53	flt.s	x28,f18,f20	 f18:0x00000000 f20:0x7fc00000 x28=0x00000000
     353655.000 ns	     35364	80007400	4108d533	sra	x10,x17,x16	 x17:0x98f09000 x16:0x000006d3 x10=0xfffff31e
     353675.000 ns	     35366	80007404	204d9953	fsgnjn.s	f18,f27,f4	 f27:0x00000000  f4:0x7fc00000 f18=0x80000000
     353705.000 ns	     35369	80007408	e0081cd3	fclass.s	x25,f16	 f16:0x00000000 x25=0x00000010
     353735.000 ns	     35372	8000740c	c013a6d3	fcvt.wu.s	x13,f7	  f7:0x00000000 x13=0x00000000
     353765.000 ns	     35375	80007410	d00779d3	fcvt.s.w	f19,x14	 x14:0x80040fe4 f19=0xcefff7e0
     353785.000 ns	     35377	80007414	00e7bc33	sltu	x24,x15,x14	 x15:0x00000000 x14:0x80040fe4 x24=0x00000001
     353795.000 ns	     35378	80007418	7e95ed17	auipc	x26,0x7e95e	 x26=0xfe965418
     353805.000 ns	     35379	8000741c	017a36b3	sltu	x13,x20,x23	 x20:0x00000000 x23:0xd8574000 x13=0x00000001
     353825.000 ns	     35381	80007420	c01049d3	fcvt.wu.s	x19,f0	  f0:0x00000000 x19=0x00000000
     353855.000 ns	     35384	80007424	02069f33	mulh	x30,x13,x0	 x13:0x00000000  x0:0x00000000 x30=0x00000000
     353885.000 ns	     35387	80007428	215212d3	fsgnjn.s	f5,f4,f21	  f4:0x7fc00000 f21:0x80000000  f5=0x7fc00000
     353915.000 ns	     35390	8000742c	a1049bd3	flt.s	x23,f9,f16	  f9:0x00000000 f16:0x00000000 x23=0x00000000
     353945.000 ns	     35393	80007430	02342e33	mulhsu	x28,x8,x3	  x8:0xfffffc3c  x3:0x00000000 x28=0x00000000
     353965.000 ns	     35395	80007434	00b1d933	srl	x18,x3,x11	  x3:0x00000000 x11:0x00000000 x18=0x00000000
     353985.000 ns	     35397	80007438	20049fd3	fsgnjn.s	f31,f9,f0	  f9:0x00000000  f0:0x00000000 f31=0x80000000
     354005.000 ns	     35399	8000743c	01e7be33	sltu	x28,x15,x30	 x15:0x00000000 x30:0x00000000 x28=0x00000000
     354015.000 ns	     35400	80007440	00ce5a13	srli	x20,x28,0xc	 x28:0x00000000 x20=0x00000000
     354025.000 ns	     35401	80007444	40090bb3	sub	x23,x18,x0	 x18:0x00000000  x0:0x00000000 x23=0x00000000
     354035.000 ns	     35402	80007448	01be5613	srli	x12,x28,0x1b	 x28:0x00000000 x12=0x00000000
     354395.000 ns	     35438	8000744c	021d5d33	divu	x26,x26,x1	 x26:0xfe965418  x1:0x5556dc60 x26=0x00000002
     354425.000 ns	     35441	80007450	e0041353	fclass.s	x6,f8	  f8:0x7fc00000  x6=0x00000200
     354445.000 ns	     35443	80007454	a5a2a893	slti	x17,x5,-1446	  x5:0x80041024 x17=0x00000001
     354455.000 ns	     35444	80007458	00000013	addi	x0,x0,0	  x0:0x00000000
     354465.000 ns	     35445	8000745c	01d60c33	add	x24,x12,x29	 x12:0x00000000 x29:0x00000001 x24=0x00000001
     354475.000 ns	     35446	80007460	00000013	addi	x0,x0,0	  x0:0x00000000
     354485.000 ns	     35447	80007464	08036897	auipc	x17,0x8036	 x17=0x8803d464
     354505.000 ns	     35449	80007468	a0b82453	feq.s	x8,f16,f11	 f16:0x00000000 f11:0xffc00000  x8=0x00000000
     354535.000 ns	     35452	8000746c	024a2833	mulhsu	x16,x20,x4	 x20:0x00000000  x4:0x00000000 x16=0x00000000
     354555.000 ns	     35454	80007470	1a051bb7	lui	x23,0x1a051	 x23=0x1a051000
     354575.000 ns	     35456	80007474	028375b3	remu	x11,x6,x8	  x6:0x00000200  x8:0x00000000 x11=0x00000200
     354605.000 ns	     35459	80007478	032d27b3	mulhsu	x15,x26,x18	 x26:0x00000002 x18:0x00000000 x15=0x00000000
     354635.000 ns	     35462	8000747c	283614d3	fmax.s	f9,f12,f3	 f12:0x00000000  f3:0x7fc00000  f9=0x00000000
     354665.000 ns	     35465	80007480	022a43b3	div	x7,x20,x2	 x20:0x00000000  x2:0x00000000  x7=0xffffffff
     354695.000 ns	     35468	80007484	e00e0c53	fmv.x.w	x24,f28	 f28:0x7fc00000 x24=0x7fc00000
     354725.000 ns	     35471	80007488	21f81ed3	fsgnjn.s	f29,f16,f31	 f16:0x00000000 f31:0x80000000 f29=0x00000000
     354745.000 ns	     35473	8000748c	0008a033	slt	x0,x17,x0	 x17:0x8803d464  x0:0x00000000
     354775.000 ns	     35476	80007490	10077053	fmul.s	f0,f14,f0	 f14:0x4eac3435  f0:0x00000000  f0=0x00000000
     354795.000 ns	     35478	80007494	f0ad9bb7	lui	x23,0xf0ad9	 x23=0xf0ad9000
     354815.000 ns	     35480	80007498	02223e33	mulhu	x28,x4,x2	  x4:0x00000000  x2:0x00000000 x28=0x00000000
     354855.000 ns	     35484	8000749c	5802fc53	fsqrt.s	f24,f5	  f5:0x7fc00000 f24=0x7fc00000
     354885.000 ns	     35487	800074a0	0294b4b3	mulhu	x9,x9,x9	  x9:0xffffffff  x9:0xffffffff  x9=0xfffffffe
     354935.000 ns	     35492	800074a4	092cf4d3	fsub.s	f9,f25,f18	 f25:0x41800000 f18:0x80000000  f9=0x41800000
     354965.000 ns	     35495	800074a8	c00c7d53	fcvt.w.s	x26,f24	 f24:0x7fc00000 x26=0x7fffffff
     354985.000 ns	     35497	800074ac	67848f13	addi	x30,x9,1656	  x9:0xfffffffe x30=0x00000676
     355015.000 ns	     35500	800074b0	10813c53	fmul.s	f24,f2,f8	  f2:0x4eff8000  f8:0x7fc00000 f24=0x7fc00000
     355035.000 ns	     35502	800074b4	937f7913	andi	x18,x30,-1737	 x30:0x00000000 x18=0x00000036
     355055.000 ns	     35504	800074b8	02cd5e33	divu	x28,x26,x12	 x26:0x7fffffff x12:0x00000000 x28=0xffffffff
     355085.000 ns	     35507	800074bc	2103afd3	fsgnjx.s	f31,f7,f16	  f7:0x00000000 f16:0x00000000 f31=0x00000000
     355105.000 ns	     35509	800074c0	5a804813	xori	x16,x0,1448	  x0:0x00000000 x16=0x000005a8
     355115.000 ns	     35510	800074c4	01cf5d13	srli	x26,x30,0x1c	 x30:0x00000676 x26=0x00000000
     355135.000 ns	     35512	800074c8	e00b19d3	fclass.s	x19,f22	 f22:0x4efffff9 x19=0x00000040
     355165.000 ns	     35515	800074cc	e0068053	fmv.x.w	x0,f13	 f13:0x00000000
     355185.000 ns	     35517	800074d0	f6362193	slti	x3,x12,-157	 x12:0x00000000  x3=0x00000000
     355205.000 ns	     35519	800074d4	208a12d3	fsgnjn.s	f5,f20,f8	 f20:0x7fc00000  f8:0x7fc00000  f5=0xffc00000
     355255.000 ns	     35524	800074d8	08c74853	fsub.s	f16,f14,f12	 f14:0x4eac3435 f12:0x00000000 f16=0x4eac3435
     355285.000 ns	     35527	800074dc	a02f14d3	flt.s	x9,f30,f2	 f30:0x41800000  f2:0x4eff8000  x9=0x00000001
     355315.000 ns	     35530	800074e0	e00b88d3	fmv.x.w	x17,f23	 f23:0x00000000 x17=0x00000000
     355335.000 ns	     35532	800074e4	f1f98693	addi	x13,x19,-225	 x19:0x00000040 x13=0xffffff5f
     355345.000 ns	     35533	800074e8	41bb53b3	sra	x7,x22,x27	 x22:0xaaa84e4e x27:0x00000000  x7=0xaaa84e4e
     355355.000 ns	     35534	800074ec	b8820e93	addi	x29,x4,-1144	  x4:0x00000000 x29=0xfffffb88
     355365.000 ns	     35535	800074f0	897d4813	xori	x16,x26,-1897	 x26:0x00000000 x16=0xfffff897
     355375.000 ns	     35536	800074f4	004dcd33	xor	x26,x27,x4	 x27:0x00000000  x4:0x00000000 x26=0x00000000
     355385.000 ns	     35537	800074f8	a946ca13	xori	x20,x13,-1388	 x13:0xffffff5f x20=0x000005cb
     355395.000 ns	     35538	800074fc	24834b93	xori	x23,x6,584	  x6:0x00000200 x23=0x00000048
     355415.000 ns	     35540	80007500	e0078ad3	fmv.x.w	x21,f15	 f15:0x4effffff x21=0x4effffff
     355435.000 ns	     35542	80007504	013e9193	slli	x3,x29,0x13	 x29:0xfffffb88  x3=0xdc400000
     355445.000 ns	     35543	80007508	0111d633	srl	x12,x3,x17	  x3:0x00000000 x17:0x00000000 x12=0xdc400000
     355465.000 ns	     35545	8000750c	c01570d3	fcvt.wu.s	x1,f10	 f10:0x7fc00000  x1=0xffffffff
     355485.000 ns	     35547	80007510	40a08c33	sub	x24,x1,x10	  x1:0x5556dc60 x10:0xfffff31e x24=0x00000ce1
     355505.000 ns	     35549	80007514	026d84b3	mul	x9,x27,x6	 x27:0x00000000  x6:0x00000200  x9=0x00000000
     355525.000 ns	     35551	80007518	40fddab3	sra	x21,x27,x15	 x27:0x00000000 x15:0x00000000 x21=0x00000000
     355535.000 ns	     35552	8000751c	41405a33	sra	x20,x0,x20	  x0:0x00000000 x20:0x000005cb x20=0x00000000
     355545.000 ns	     35553	80007520	46020697	auipc	x13,0x46020	 x13=0xc6027520
     355555.000 ns	     35554	80007524	98923c93	sltiu	x25,x4,-1655	  x4:0x00000000 x25=0x00000001
     355565.000 ns	     35555	80007528	01362db3	slt	x27,x12,x19	 x12:0xdc400000 x19:0x00000040 x27=0x00000001
     355585.000 ns	     35557	8000752c	20bf8bd3	fsgnj.s	f23,f31,f11	 f31:0x00000000 f11:0xffc00000 f23=0x80000000
     355605.000 ns	     35559	80007530	bdde6513	ori	x10,x28,-1059	 x28:0xffffffff x10=0xffffffff
     355615.000 ns	     35560	80007534	00000013	addi	x0,x0,0	  x0:0x00000000
     355625.000 ns	     35561	80007538	009723b3	slt	x7,x14,x9	 x14:0x80040fe4  x9:0x00000000  x7=0x00000001
     355645.000 ns	     35563	8000753c	20da8153	fsgnj.s	f2,f21,f13	 f21:0x80000000 f13:0x00000000  f2=0x00000000
     356015.000 ns	     35600	80007540	026ffbb3	remu	x23,x31,x6	 x31:0xfffffffb  x6:0x00000200 x23=0x000001fb
     356045.000 ns	     35603	80007544	0241acb3	mulhsu	x25,x3,x4	  x3:0xdc400000  x4:0x00000000 x25=0x00000000
     356065.000 ns	     35605	80007548	01818333	add	x6,x3,x24	  x3:0xdc400000 x24:0x00000ce1  x6=0xdc400ce1
     356085.000 ns	     35607	8000754c	a1bd9ad3	flt.s	x21,f27,f27	 f27:0x00000000 f27:0x00000000 x21=0x00000000
     356105.000 ns	     35609	80007550	015a1793	slli	x15,x20,0x15	 x20:0x00000000 x15=0x00000000
     356115.000 ns	     35610	80007554	9b0683b7	lui	x7,0x9b068	  x7=0x9b068000
     356135.000 ns	     35612	80007558	a1718c53	fle.s	x24,f3,f23	  f3:0x7fc00000 f23:0x80000000 x24=0x00000000
     356165.000 ns	     35615	8000755c	03723933	mulhu	x18,x4,x23	  x4:0x00000000 x23:0x000001fb x18=0x00000000
     356195.000 ns	     35618	80007560	e00115d3	fclass.s	x11,f2	  f2:0x00000000 x11=0x00000010
     356215.000 ns	     35620	80007564	41ec5793	srai	x15,x24,0x1e	 x24:0x00000000 x15=0x00000000
     356225.000 ns	     35621	80007568	4154d033	sra	x0,x9,x21	  x9:0x00000000 x21:0x00000000
     356245.000 ns	     35623	8000756c	281410d3	fmax.s	f1,f8,f1	  f8:0x7fc00000  f1:0x00000000  f1=0x00000000
     356275.000 ns	     35626	80007570	20ae9353	fsgnjn.s	f6,f29,f10	 f29:0x00000000 f10:0x7fc00000  f6=0x80000000
     356295.000 ns	     35628	80007574	00647bb3	and	x23,x8,x6	  x8:0x00000000  x6:0xdc400ce1 x23=0x00000000
     356305.000 ns	     35629	80007578	6fa0c593	xori	x11,x1,1786	  x1:0xffffffff x11=0xfffff905
     356315.000 ns	     35630	8000757c	230bfe13	andi	x28,x23,560	 x23:0x000001fb x28=0x00000000
     356335.000 ns	     35632	80007580	a15e9353	flt.s	x6,f29,f21	 f29:0x00000000 f21:0x80000000  x6=0x00000000
     356365.000 ns	     35635	80007584	03051ab3	mulh	x21,x10,x16	 x10:0xffffffff x16:0xfffff897 x21=0x00000000
     356395.000 ns	     35638	80007588	e0049f53	fclass.s	x30,f9	  f9:0x41800000 x30=0x00000040
     356415.000 ns	     35640	8000758c	01d359b3	srl	x19,x6,x29	  x6:0x00000000 x29:0xfffffb88 x19=0x00000000
     356425.000 ns	     35641	80007590	405b5313	srai	x6,x22,0x5	 x22:0xaaa84e4e  x6=0xfd554272
     356445.000 ns	     35643	80007594	28b08fd3	fmin.s	f31,f1,f11	  f1:0x00000000 f11:0xffc00000 f31=0x00000000
     356475.000 ns	     35646	80007598	f00f8d53	fmv.w.x	f26,x31	 x31:0xfffffffb f26=0xfffffffb
     356845.000 ns	     35683	8000759c	025f4133	div	x2,x30,x5	 x30:0x00000040  x5:0x80041024  x2=0x00000000
     356875.000 ns	     35686	800075a0	c01da4d3	fcvt.wu.s	x9,f27	 f27:0x00000000  x9=0x00000000
     356905.000 ns	     35689	800075a4	e00c07d3	fmv.x.w	x15,f24	 f24:0x7fc00000 x15=0x7fc00000
     356935.000 ns	     35692	800075a8	f00b0d53	fmv.w.x	f26,x22	 x22:0xaaa84e4e f26=0xaaa84e4e
     356955.000 ns	     35694	800075ac	00db3833	sltu	x16,x22,x13	 x22:0xaaa84e4e x13:0xc6027520 x16=0x00000001
     357315.000 ns	     35730	800075b0	02c7e7b3	rem	x15,x15,x12	 x15:0x7fc00000 x12:0xdc400000 x15=0x14800000
     357345.000 ns	     35733	800075b4	c016fad3	fcvt.wu.s	x21,f13	 f13:0x00000000 x21=0x00000000
     357375.000 ns	     35736	800075b8	21352653	fsgnjx.s	f12,f10,f19	 f10:0x7fc00000 f19:0xcefff7e0 f12=0xffc00000
     357405.000 ns	     35739	800075bc	02670a33	mul	x20,x14,x6	 x14:0x80040fe4  x6:0xfd554272 x20=0xa89bdb88
     357435.000 ns	     35742	800075c0	d012f7d3	fcvt.s.wu	f15,x5	  x5:0x80041024 f15=0x4f000410
     357455.000 ns	     35744	800075c4	a6662e93	slti	x29,x12,-1434	 x12:0xdc400000 x29=0x00000001
     357465.000 ns	     35745	800075c8	009263b3	or	x7,x4,x9	  x4:0x00000000  x9:0x00000000  x7=0x00000000
     357495.000 ns	     35748	800075cc	10317853	fmul.s	f16,f2,f3	  f2:0x00000000  f3:0x7fc00000 f16=0x7fc00000
     357535.000 ns	     35752	800075d0	119b7e53	fmul.s	f28,f22,f25	 f22:0x4efffff9 f25:0x41800000 f28=0x50fffffa
     357555.000 ns	     35754	800075d4	010c9333	sll	x6,x25,x16	 x25:0x00000000 x16:0x00000001  x6=0x00000000
     357575.000 ns	     35756	800075d8	d00574d3	fcvt.s.w	f9,x10	 x10:0xffffffff  f9=0xbf800000
     357605.000 ns	     35759	800075dc	e00b9ed3	fclass.s	x29,f23	 f23:0x80000000 x29=0x00000008
     357635.000 ns	     35762	800075e0	02709db3	mulh	x27,x1,x7	  x1:0xffffffff  x7:0x00000000 x27=0x00000000
     357655.000 ns	     35764	800075e4	f7532393	slti	x7,x6,-139	  x6:0x00000000  x7=0x00000000
     357675.000 ns	     35766	800075e8	a0919e53	flt.s	x28,f3,f9	  f3:0x7fc00000  f9:0xbf800000 x28=0x00000000
     357695.000 ns	     35768	800075ec	01224433	xor	x8,x4,x18	  x4:0x00000000 x18:0x00000000  x8=0x00000000
     357715.000 ns	     35770	800075f0	28fc10d3	fmax.s	f1,f24,f15	 f24:0x7fc00000 f15:0x4f000410  f1=0x4f000410
     358085.000 ns	     35807	800075f4	023fcdb3	div	x27,x31,x3	 x31:0xfffffffb  x3:0xdc400000 x27=0x00000000
     358115.000 ns	     35810	800075f8	29e21a53	fmax.s	f20,f4,f30	  f4:0x7fc00000 f30:0x41800000 f20=0x41800000
     358135.000 ns	     35812	800075fc	0017e533	or	x10,x15,x1	 x15:0x14800000  x1:0xffffffff x10=0xffffffff
     358495.000 ns	     35848	80007600	0259e9b3	rem	x19,x19,x5	 x19:0x00000000  x5:0x80041024 x19=0x00000000
     358525.000 ns	     35851	80007604	285e1753	fmax.s	f14,f28,f5	 f28:0x50fffffa  f5:0xffc00000 f14=0x50fffffa
     358565.000 ns	     35855	80007608	10777a53	fmul.s	f20,f14,f7	 f14:0x4eac3435  f7:0x00000000 f20=0x00000000
     358595.000 ns	     35858	8000760c	c0170f53	fcvt.wu.s	x30,f14	 f14:0x50fffffa x30=0xffffffff
     358615.000 ns	     35860	80007610	fd2771b7	lui	x3,0xfd277	  x3=0xfd277000
     358625.000 ns	     35861	80007614	0031fd33	and	x26,x3,x3	  x3:0xdc400000  x3:0xdc400000 x26=0xfd277000
     358645.000 ns	     35863	80007618	030f2833	mulhsu	x16,x30,x16	 x30:0xffffffff x16:0x00000001 x16=0xffffffff
     358675.000 ns	     35866	8000761c	d00f2ad3	fcvt.s.w	f21,x30	 x30:0xffffffff f21=0xbf800000
     358695.000 ns	     35868	80007620	0036a493	slti	x9,x13,3	 x13:0xc6027520  x9=0x00000001
     358705.000 ns	     35869	80007624	00bb46b3	xor	x13,x22,x11	 x22:0xaaa84e4e x11:0xfffff905 x13=0x5557b74b
     358735.000 ns	     35872	80007628	58068b53	fsqrt.s	f22,f13	 f13:0x00000000 f22=0x00000000
     358765.000 ns	     35875	8000762c	02e3bf33	mulhu	x30,x7,x14	  x7:0x00000000 x14:0x80040fe4 x30=0x00000000
     358785.000 ns	     35877	80007630	8bee0017	auipc	x0,0x8bee0	
     358805.000 ns	     35879	80007634	281f1ad3	fmax.s	f21,f30,f1	 f30:0x41800000  f1:0x4f000410 f21=0x4f000410
     358835.000 ns	     35882	80007638	d00478d3	fcvt.s.w	f17,x8	  x8:0x00000000 f17=0x00000000
     358855.000 ns	     35884	8000763c	0131db93	srli	x23,x3,0x13	  x3:0xfd277000 x23=0x00001fa4
     358875.000 ns	     35886	80007640	03f01333	mulh	x6,x0,x31	  x0:0x00000000 x31:0xfffffffb  x6=0x00000000
     358895.000 ns	     35888	80007644	0172d8b3	srl	x17,x5,x23	  x5:0x80041024 x23:0x00000000 x17=0x08004102
     358905.000 ns	     35889	80007648	41b4dc13	srai	x24,x9,0x1b	  x9:0x00000001 x24=0x00000000
     358915.000 ns	     35890	8000764c	01d02833	slt	x16,x0,x29	  x0:0x00000000 x29:0x00000008 x16=0x00000001
     358935.000 ns	     35892	80007650	e0081ad3	fclass.s	x21,f16	 f16:0x7fc00000 x21=0x00000200
     358955.000 ns	     35894	80007654	01688fb3	add	x31,x17,x22	 x17:0x08004102 x22:0xaaa84e4e x31=0xb2a88f50
     359875.000 ns	     35986	80007658	58078853	fsqrt.s	f16,f15	 f15:0x4f000410 f16=0x46b50a40
     359915.000 ns	     35990	8000765c	199bf453	fdiv.s	f8,f23,f25	 f23:0x80000000 f25:0x41800000  f8=0x80000000
     359945.000 ns	     35993	80007660	022fb533	mulhu	x10,x31,x2	 x31:0xb2a88f50  x2:0x00000000 x10=0x00000000
     359965.000 ns	     35995	80007664	410f8fb3	sub	x31,x31,x16	 x31:0xb2a88f50 x16:0x00000001 x31=0xb2a88f4f
     359975.000 ns	     35996	80007668	0116d893	srli	x17,x13,0x11	 x13:0x5557b74b x17=0x00002aab
     359995.000 ns	     35998	8000766c	21791a53	fsgnjn.s	f20,f18,f23	 f18:0x80000000 f23:0x80000000 f20=0x00000000
     360365.000 ns	     36035	80007670	0342fbb3	remu	x23,x5,x20	  x5:0x80041024 x20:0xa89bdb88 x23=0x80041024
     360385.000 ns	     36037	80007674	4004d813	srai	x16,x9,0x0	  x9:0x00000001 x16=0x00000001
     360405.000 ns	     36039	80007678	a1b49a53	flt.s	x20,f9,f27	  f9:0xbf800000 f27:0x00000000 x20=0x00000001
     360435.000 ns	     36042	8000767c	035e1d33	mulh	x26,x28,x21	 x28:0x00000000 x21:0x00000200 x26=0x00000000
     360455.000 ns	     36044	80007680	8cbb47b7	lui	x15,0x8cbb4	 x15=0x8cbb4000
     360475.000 ns	     36046	80007684	201b11d3	fsgnjn.s	f3,f22,f1	 f22:0x00000000  f1:0x4f000410  f3=0x80000000
     360515.000 ns	     36050	80007688	1992b453	fdiv.s	f8,f5,f25	  f5:0xffc00000 f25:0x41800000  f8=0x7fc00000
     360545.000 ns	     36053	8000768c	213517d3	fsgnjn.s	f15,f10,f19	 f10:0x7fc00000 f19:0xcefff7e0 f15=0x7fc00000
     360595.000 ns	     36058	80007690	09adf253	fsub.s	f4,f27,f26	 f27:0x00000000 f26:0xaaa84e4e  f4=0x2aa84e4e
     360615.000 ns	     36060	80007694	0190acb3	slt	x25,x1,x25	  x1:0xffffffff x25:0x00000000 x25=0x00000001
     360635.000 ns	     36062	80007698	d00b7753	fcvt.s.w	f14,x22	 x22:0xaaa84e4e f14=0xceaaaf63
     360675.000 ns	     36066	8000769c	10f09853	fmul.s	f16,f1,f15	  f1:0x4f000410 f15:0x7fc00000 f16=0x7fc00000
     360695.000 ns	     36068	800076a0	414204b3	sub	x9,x4,x20	  x4:0x00000000 x20:0x00000001  x9=0xffffffff
     360715.000 ns	     36070	800076a4	03171a33	mulh	x20,x14,x17	 x14:0x80040fe4 x17:0x00002aab x20=0xffffeaab
     361085.000 ns	     36107	800076a8	031975b3	remu	x11,x18,x17	 x18:0x00000000 x17:0x00002aab x11=0x00000000
     361115.000 ns	     36110	800076ac	d01b7b53	fcvt.s.wu	f22,x22	 x22:0xaaa84e4e f22=0x4f2aa84e
     361135.000 ns	     36112	800076b0	b190c497	auipc	x9,0xb190c	  x9=0x319136b0
     361145.000 ns	     36113	800076b4	00b513b3	sll	x7,x10,x11	 x10:0x00000000 x11:0x00000000  x7=0x00000000
     361155.000 ns	     36114	800076b8	400b89b3	sub	x19,x23,x0	 x23:0x80041024  x0:0x00000000 x19=0x80041024
     361165.000 ns	     36115	800076bc	a443fa93	andi	x21,x7,-1468	  x7:0x00000000 x21=0x00000000
     361175.000 ns	     36116	800076c0	00000013	addi	x0,x0,0	  x0:0x00000000
     361195.000 ns	     36118	800076c4	02bba433	mulhsu	x8,x23,x11	 x23:0x80041024 x11:0x00000000  x8=0x00000000
     361225.000 ns	     36121	800076c8	f00d0ed3	fmv.w.x	f29,x26	 x26:0x00000000 f29=0x00000000
     361255.000 ns	     36124	800076cc	a14a0bd3	fle.s	x23,f20,f20	 f20:0x00000000 f20:0x00000000 x23=0x00000001
     361285.000 ns	     36127	800076d0	e00c9453	fclass.s	x8,f25	 f25:0x41800000  x8=0x00000040
     361655.000 ns	     36164	800076d4	034c5eb3	divu	x29,x24,x20	 x24:0x00000000 x20:0xffffeaab x29=0x00000000
     361675.000 ns	     36166	800076d8	015336b3	sltu	x13,x6,x21	  x6:0x00000000 x21:0x00000000 x13=0x00000000
     361685.000 ns	     36167	800076dc	01819c33	sll	x24,x3,x24	  x3:0xfd277000 x24:0x00000000 x24=0xfd277000
     361705.000 ns	     36169	800076e0	2084a153	fsgnjx.s	f2,f9,f8	  f9:0xbf800000  f8:0x7fc00000  f2=0xbf800000
     361735.000 ns	     36172	800076e4	297697d3	fmax.s	f15,f13,f23	 f13:0x00000000 f23:0x80000000 f15=0x00000000
     361765.000 ns	     36175	800076e8	20f41253	fsgnjn.s	f4,f8,f15	  f8:0x7fc00000 f15:0x7fc00000  f4=0xffc00000
     361795.000 ns	     36178	800076ec	03e693b3	mulh	x7,x13,x30	 x13:0x00000000 x30:0x00000000  x7=0x00000000
     361825.000 ns	     36181	800076f0	282e9853	fmax.s	f16,f29,f2	 f29:0x00000000  f2:0xbf800000 f16=0x00000000
     361855.000 ns	     36184	800076f4	022dc1b3	div	x3,x27,x2	 x27:0x00000000  x2:0x00000000  x3=0xffffffff
     361875.000 ns	     36186	800076f8	41175bb3	sra	x23,x14,x17	 x14:0x80040fe4 x17:0x00002aab x23=0xfff00081
     361895.000 ns	     36188	800076fc	e00d0253	fmv.x.w	x4,f26	 f26:0xaaa84e4e  x4=0xaaa84e4e
     361945.000 ns	     36193	80007700	00d820d3	fadd.s	f1,f16,f13	 f16:0x00000000 f13:0x00000000  f1=0x00000000
     361975.000 ns	     36196	80007704	29410ed3	fmin.s	f29,f2,f20	  f2:0xbf800000 f20:0x00000000 f29=0xbf800000
     361995.000 ns	     36198	80007708	01d95313	srli	x6,x18,0x1d	 x18:0x00000000  x6=0x00000000
     362015.000 ns	     36200	8000770c	03f6b233	mulhu	x4,x13,x31	 x13:0x00000000 x31:0xb2a88f4f  x4=0x00000000
     362045.000 ns	     36203	80007710	e0020653	fmv.x.w	x12,f4	  f4:0xffc00000 x12=0xffc00000
     362065.000 ns	     36205	80007714	018e4e33	xor	x28,x28,x24	 x28:0x00000000 x24:0xfd277000 x28=0xfd277000
     362075.000 ns	     36206	80007718	81f1f417	auipc	x8,0x81f1f	  x8=0x01f26718
     362085.000 ns	     36207	8000771c	0133db93	srli	x23,x7,0x13	  x7:0x00000000 x23=0x00000000
     362095.000 ns	     36208	80007720	01bf9eb3	sll	x29,x31,x27	 x31:0xb2a88f4f x27:0x00000000 x29=0xb2a88f4f
     362455.000 ns	     36244	80007724	03ce7fb3	remu	x31,x28,x28	 x28:0xfd277000 x28:0xfd277000 x31=0x00000000
     362475.000 ns	     36246	80007728	3915ca17	auipc	x20,0x3915c	 x20=0xb9163728
     362495.000 ns	     36248	8000772c	a13d8653	fle.s	x12,f27,f19	 f27:0x00000000 f19:0xcefff7e0 x12=0x00000000
     362525.000 ns	     36251	80007730	29089253	fmax.s	f4,f17,f16	 f17:0x00000000 f16:0x00000000  f4=0x00000000
     362865.000 ns	     36285	80007734	189e96d3	fdiv.s	f13,f29,f9	 f29:0xbf800000  f9:0xbf800000 f13=0x3f045ede
     362895.000 ns	     36288	80007738	21a615d3	fsgnjn.s	f11,f12,f26	 f12:0xffc00000 f26:0xaaa84e4e f11=0x7fc00000
     362915.000 ns	     36290	8000773c	0ad9a993	slti	x19,x19,173	 x19:0x80041024 x19=0x00000001
     362925.000 ns	     36291	80007740	d3c23a17	auipc	x20,0xd3c23	 x20=0x53c2a740
     362935.000 ns	     36292	80007744	01c03333	sltu	x6,x0,x28	  x0:0x00000000 x28:0xfd277000  x6=0x00000001
     362955.000 ns	     36294	80007748	a1782953	feq.s	x18,f16,f23	 f16:0x00000000 f23:0x80000000 x18=0x00000001
     362985.000 ns	     36297	8000774c	218913d3	fsgnjn.s	f7,f18,f24	 f18:0x80000000 f24:0x7fc00000  f7=0x80000000
     363015.000 ns	     36300	80007750	a07facd3	feq.s	x25,f31,f7	 f31:0x00000000  f7:0x00000000 x25=0x00000001
     363035.000 ns	     36302	80007754	0054b433	sltu	x8,x9,x5	  x9:0x319136b0  x5:0x80041024  x8=0x00000001
     363045.000 ns	     36303	80007758	00292933	slt	x18,x18,x2	 x18:0x00000001  x2:0x00000000 x18=0x00000000
     363055.000 ns	     36304	8000775c	012c1493	slli	x9,x24,0x12	 x24:0xfd277000  x9=0xc0000000
     363065.000 ns	     36305	80007760	9cfc2c93	slti	x25,x24,-1585	 x24:0xfd277000 x25=0x00000001
     363075.000 ns	     36306	80007764	00f11fb3	sll	x31,x2,x15	  x2:0x00000000 x15:0x8cbb4000 x31=0x00000000
     363085.000 ns	     36307	80007768	403ddeb3	sra	x29,x27,x3	 x27:0x00000000  x3:0xffffffff x29=0x00000000
     363095.000 ns	     36308	8000776c	00651ab3	sll	x21,x10,x6	 x10:0x00000000  x6:0x00000001 x21=0x00000000
     363105.000 ns	     36309	80007770	350b6113	ori	x2,x22,848	 x22:0xaaa84e4e  x2=0xaaa84f5e
     363125.000 ns	     36311	80007774	02e1b0b3	mulhu	x1,x3,x14	  x3:0xffffffff x14:0x80040fe4  x1=0x80040fe3
     363165.000 ns	     36315	80007778	580d7353	fsqrt.s	f6,f26	 f26:0xaaa84e4e  f6=0x7fc00000
     363195.000 ns	     36318	8000777c	03473c33	mulhu	x24,x14,x20	 x14:0x80040fe4 x20:0x53c2a740 x24=0x29e2a7dd
     363215.000 ns	     36320	80007780	afbf4c93	xori	x25,x30,-1285	 x30:0x00000000 x25=0xfffffafb
     363235.000 ns	     36322	80007784	d00b7e53	fcvt.s.w	f28,x22	 x22:0xaaa84e4e f28=0xceaaaf63
     363255.000 ns	     36324	80007788	0807a617	auipc	x12,0x807a	 x12=0x88081788
     363275.000 ns	     36326	8000778c	a0a70e53	fle.s	x28,f14,f10	 f14:0xceaaaf63 f10:0x7fc00000 x28=0x00000000
     363305.000 ns	     36329	80007790	21c529d3	fsgnjx.s	f19,f10,f28	 f10:0x7fc00000 f28:0xceaaaf63 f19=0xffc00000
     363335.000 ns	     36332	80007794	28078ed3	fmin.s	f29,f15,f0	 f15:0x00000000  f0:0x00000000 f29=0x00000000
     363355.000 ns	     36334	80007798	0d21cc13	xori	x24,x3,210	  x3:0xffffffff x24=0xffffff2d
     363365.000 ns	     36335	8000779c	00000013	addi	x0,x0,0	  x0:0x00000000
     363375.000 ns	     36336	800077a0	01429c13	slli	x24,x5,0x14	  x5:0x80041024 x24=0x02400000
     363415.000 ns	     36340	800077a4	09360dd3	fsub.s	f27,f12,f19	 f12:0xffc00000 f19:0xffc00000 f27=0x7fc00000
     363435.000 ns	     36342	800077a8	4f7a4013	xori	x0,x20,1271	 x20:0x53c2a740
     363445.000 ns	     36343	800077ac	6a33ce13	xori	x28,x7,1699	  x7:0x00000000 x28=0x000006a3
     363465.000 ns	     36345	800077b0	032d1eb3	mulh	x29,x26,x18	 x26:0x00000000 x18:0x00000000 x29=0x00000000
     363485.000 ns	     36347	800077b4	1913c9b7	lui	x19,0x1913c	 x19=0x1913c000
     363505.000 ns	     36349	800077b8	02252cb3	mulhsu	x25,x10,x2	 x10:0x00000000  x2:0xaaa84f5e x25=0x00000000
     363525.000 ns	     36351	800077bc	69f7b693	sltiu	x13,x15,1695	 x15:0x8cbb4000 x13=0x00000000
     363545.000 ns	     36353	800077c0	a1a10953	fle.s	x18,f2,f26	  f2:0xbf800000 f26:0xaaa84e4e x18=0x00000001
     363565.000 ns	     36355	800077c4	00395eb3	srl	x29,x18,x3	 x18:0x00000000  x3:0xffffffff x29=0x00000000
     363585.000 ns	     36357	800077c8	2139abd3	fsgnjx.s	f23,f19,f19	 f19:0xffc00000 f19:0xffc00000 f23=0x7fc00000
     363615.000 ns	     36360	800077cc	a05e00d3	fle.s	x1,f28,f5	 f28:0xceaaaf63  f5:0xffc00000  x1=0x00000000
     363635.000 ns	     36362	800077d0	42314393	xori	x7,x2,1059	  x2:0xaaa84f5e  x7=0xaaa84b7d
     363655.000 ns	     36364	800077d4	214897d3	fsgnjn.s	f15,f17,f20	 f17:0x00000000 f20:0x00000000 f15=0x80000000
     363685.000 ns	     36367	800077d8	a1840ed3	fle.s	x29,f8,f24	  f8:0x7fc00000 f24:0x7fc00000 x29=0x00000000
     363715.000 ns	     36370	800077dc	0373bab3	mulhu	x21,x7,x23	  x7:0xaaa84b7d x23:0x00000000 x21=0x00000000
     363735.000 ns	     36372	800077e0	ee3e8397	auipc	x7,0xee3e8	  x7=0x6e3ef7e0
     363745.000 ns	     36373	800077e4	b765b513	sltiu	x10,x11,-1162	 x11:0x00000000 x10=0x00000001
     363765.000 ns	     36375	800077e8	c01e1153	fcvt.wu.s	x2,f28	 f28:0xceaaaf63  x2=0x5557b180
     363815.000 ns	     36380	800077ec	084a71d3	fsub.s	f3,f20,f4	 f20:0x00000000  f4:0x00000000  f3=0x80000000
     363835.000 ns	     36382	800077f0	34142493	slti	x9,x8,833	  x8:0x00000001  x9=0x00000001
     363855.000 ns	     36384	800077f4	d01f74d3	fcvt.s.wu	f9,x30	 x30:0x00000000  f9=0x00000000
     363885.000 ns	     36387	800077f8	02d4d133	divu	x2,x9,x13	  x9:0xc0000000 x13:0x00000000  x2=0xffffffff
     363905.000 ns	     36389	800077fc	00758933	add	x18,x11,x7	 x11:0x00000000  x7:0x6e3ef7e0 x18=0x6e3ef7e0
     363925.000 ns	     36391	80007800	034b8db3	mul	x27,x23,x20	 x23:0x00000000 x20:0x53c2a740 x27=0x00000000
     363955.000 ns	     36394	80007804	a0118153	fle.s	x2,f3,f1	  f3:0x80000000  f1:0x00000000  x2=0x00000001
     363985.000 ns	     36397	80007808	d009a353	fcvt.s.w	f6,x19	 x19:0x1913c000  f6=0x4dc89e00
     364015.000 ns	     36400	8000780c	200a04d3	fsgnj.s	f9,f20,f0	 f20:0x00000000  f0:0x00000000  f9=0x00000000
     364045.000 ns	     36403	80007810	c01f7153	fcvt.wu.s	x2,f30	 f30:0x41800000  x2=0x00000010
     364075.000 ns	     36406	80007814	029e8d33	mul	x26,x29,x9	 x29:0x00000000  x9:0x00000001 x26=0x00000000
     364445.000 ns	     36443	80007818	02f36933	rem	x18,x6,x15	  x6:0x00000001 x15:0x8cbb4000 x18=0x00000001
     364475.000 ns	     36446	8000781c	c006b3d3	fcvt.w.s	x7,f13	 f13:0x3f045ede  x7=0x00000001
     364505.000 ns	     36449	80007820	211a8f53	fsgnj.s	f30,f21,f17	 f21:0x4f000410 f17:0x00000000 f30=0x4f000410
     364535.000 ns	     36452	80007824	a0df2253	feq.s	x4,f30,f13	 f30:0x41800000 f13:0x3f045ede  x4=0x00000000
     364905.000 ns	     36489	80007828	031be233	rem	x4,x23,x17	 x23:0x00000000 x17:0x00002aab  x4=0x00000000
     365275.000 ns	     36526	8000782c	03c97533	remu	x10,x18,x28	 x18:0x00000001 x28:0x000006a3 x10=0x00000001
     365305.000 ns	     36529	80007830	e00d97d3	fclass.s	x15,f27	 f27:0x7fc00000 x15=0x00000200
     365325.000 ns	     36531	80007834	011c5493	srli	x9,x24,0x11	 x24:0x02400000  x9=0x00000120
     365685.000 ns	     36567	80007838	02e7cf33	div	x30,x15,x14	 x15:0x00000200 x14:0x80040fe4 x30=0x00000000
     365705.000 ns	     36569	8000783c	00467eb3	and	x29,x12,x4	 x12:0x88081788  x4:0x00000000 x29=0x00000000
     366065.000 ns	     36605	80007840	02a46933	rem	x18,x8,x10	  x8:0x00000001 x10:0x00000001 x18=0x00000000
     366085.000 ns	     36607	80007844	01c68333	add	x6,x13,x28	 x13:0x00000000 x28:0x000006a3  x6=0x000006a3
     366095.000 ns	     36608	80007848	00000013	addi	x0,x0,0	  x0:0x00000000
     366105.000 ns	     36609	8000784c	003f5933	srl	x18,x30,x3	 x30:0x00000000  x3:0xffffffff x18=0x00000000
     366135.000 ns	     36612	80007850	18c57bd3	fdiv.s	f23,f10,f12	 f10:0x7fc00000 f12:0xffc00000 f23=0x7fc00000
     366165.000 ns	     36615	80007854	0373eab3	rem	x21,x7,x23	  x7:0x00000001 x23:0x00000000 x21=0x00000001
     366185.000 ns	     36617	80007858	00651a33	sll	x20,x10,x6	 x10:0x00000001  x6:0x000006a3 x20=0x00000008
     366205.000 ns	     36619	8000785c	d016f453	fcvt.s.wu	f8,x13	 x13:0x00000000  f8=0x00000000
     366235.000 ns	     36622	80007860	034c1cb3	mulh	x25,x24,x20	 x24:0x02400000 x20:0x53c2a740 x25=0x00000000
     366265.000 ns	     36625	80007864	a01a0953	fle.s	x18,f20,f1	 f20:0x00000000  f1:0x00000000 x18=0x00000001
     366295.000 ns	     36628	80007868	20e11ed3	fsgnjn.s	f29,f2,f14	  f2:0xbf800000 f14:0xceaaaf63 f29=0x3f800000
     366325.000 ns	     36631	8000786c	0281b233	mulhu	x4,x3,x8	  x3:0xffffffff  x8:0x00000001  x4=0x00000000
     366355.000 ns	     36634	80007870	f0078353	fmv.w.x	f6,x15	 x15:0x00000200  f6=0x00000200
     366375.000 ns	     36636	80007874	010b4133	xor	x2,x22,x16	 x22:0xaaa84e4e x16:0x00000001  x2=0xaaa84e4f
     366395.000 ns	     36638	80007878	02db6fb3	rem	x31,x22,x13	 x22:0xaaa84e4e x13:0x00000000 x31=0xaaa84e4e
     366765.000 ns	     36675	8000787c	0227ea33	rem	x20,x15,x2	 x15:0x00000200  x2:0x00000010 x20=0x00000200
     366785.000 ns	     36677	80007880	00000013	addi	x0,x0,0	  x0:0x00000000
     366795.000 ns	     36678	80007884	41f7d333	sra	x6,x15,x31	 x15:0x00000200 x31:0xaaa84e4e  x6=0x00000000
     366815.000 ns	     36680	80007888	e00198d3	fclass.s	x17,f3	  f3:0x80000000 x17=0x00000008
     366845.000 ns	     36683	8000788c	a07915d3	flt.s	x11,f18,f7	 f18:0x80000000  f7:0x80000000 x11=0x00000000
     366865.000 ns	     36685	80007890	f4922493	slti	x9,x4,-183	  x4:0x00000000  x9=0x00000000
     366885.000 ns	     36687	80007894	21bb01d3	fsgnj.s	f3,f22,f27	 f22:0x4f2aa84e f27:0x7fc00000  f3=0x4f2aa84e
     366915.000 ns	     36690	80007898	293c8353	fmin.s	f6,f25,f19	 f25:0x41800000 f19:0xffc00000  f6=0x41800000
     366935.000 ns	     36692	8000789c	41f90c33	sub	x24,x18,x31	 x18:0x00000001 x31:0xaaa84e4e x24=0x5557b1b3
     366955.000 ns	     36694	800078a0	203aa453	fsgnjx.s	f8,f21,f3	 f21:0x4f000410  f3:0x4f2aa84e  f8=0x4f000410
     366985.000 ns	     36697	800078a4	a1c810d3	flt.s	x1,f16,f28	 f16:0x00000000 f28:0xceaaaf63  x1=0x00000000
     367015.000 ns	     36700	800078a8	21cf8953	fsgnj.s	f18,f31,f28	 f31:0x00000000 f28:0xceaaaf63 f18=0x80000000
     367035.000 ns	     36702	800078ac	2bb33b97	auipc	x23,0x2bb33	 x23=0xabb3a8ac
     367055.000 ns	     36704	800078b0	c01fc553	fcvt.wu.s	x10,f31	 f31:0x00000000 x10=0x00000000
     367085.000 ns	     36707	800078b4	c01e87d3	fcvt.wu.s	x15,f29	 f29:0x3f800000 x15=0x00000001
     367105.000 ns	     36709	800078b8	41198f33	sub	x30,x19,x17	 x19:0x1913c000 x17:0x00000008 x30=0x1913bff8
     367125.000 ns	     36711	800078bc	03c31cb3	mulh	x25,x6,x28	  x6:0x00000000 x28:0x000006a3 x25=0x00000000
     367155.000 ns	     36714	800078c0	21319253	fsgnjn.s	f4,f3,f19	  f3:0x4f2aa84e f19:0xffc00000  f4=0x4f2aa84e
     367185.000 ns	     36717	800078c4	a0a9a4d3	feq.s	x9,f19,f10	 f19:0xffc00000 f10:0x7fc00000  x9=0x00000000
     368365.000 ns	     36835	800078c8	580f72d3	fsqrt.s	f5,f30	 f30:0x4f000410  f5=0x46b50a40
     368395.000 ns	     36838	800078cc	a04e0c53	fle.s	x24,f28,f4	 f28:0xceaaaf63  f4:0x4f2aa84e x24=0x00000001
     368425.000 ns	     36841	800078d0	a0c30ad3	fle.s	x21,f6,f12	  f6:0x41800000 f12:0xffc00000 x21=0x00000000
     368445.000 ns	     36843	800078d4	a6e8a993	slti	x19,x17,-1426	 x17:0x00000008 x19=0x00000000
     368465.000 ns	     36845	800078d8	215e2553	fsgnjx.s	f10,f28,f21	 f28:0xceaaaf63 f21:0x4f000410 f10=0xceaaaf63
     368485.000 ns	     36847	800078dc	d8b1cdb7	lui	x27,0xd8b1c	 x27=0xd8b1c000
     368505.000 ns	     36849	800078e0	29f90453	fmin.s	f8,f18,f31	 f18:0x80000000 f31:0x00000000  f8=0x80000000
     368535.000 ns	     36852	800078e4	217c9453	fsgnjn.s	f8,f25,f23	 f25:0x41800000 f23:0x7fc00000  f8=0xc1800000
     368565.000 ns	     36855	800078e8	02fca3b3	mulhsu	x7,x25,x15	 x25:0x00000000 x15:0x00000001  x7=0x00000000
     368585.000 ns	     36857	800078ec	004f3133	sltu	x2,x30,x4	 x30:0x1913bff8  x4:0x00000000  x2=0x00000000
     368605.000 ns	     36859	800078f0	02d8a933	mulhsu	x18,x17,x13	 x17:0x00000008 x13:0x00000000 x18=0x00000000
     368635.000 ns	     36862	800078f4	e00484d3	fmv.x.w	x9,f9	  f9:0x00000000  x9=0x00000000
     368655.000 ns	     36864	800078f8	01cca5b3	slt	x11,x25,x28	 x25:0x00000000 x28:0x000006a3 x11=0x00000001
     368685.000 ns	     36867	800078fc	185974d3	fdiv.s	f9,f18,f5	 f18:0x80000000  f5:0x46b50a40  f9=0x80000000
     368705.000 ns	     36869	80007900	0186b8b3	sltu	x17,x13,x24	 x13:0x00000000 x24:0x00000001 x17=0x00000001
     368715.000 ns	     36870	80007904	e7fb6493	ori	x9,x22,-385	 x22:0xaaa84e4e  x9=0xfffffe7f
     368735.000 ns	     36872	80007908	28451753	fmax.s	f14,f10,f4	 f10:0xceaaaf63  f4:0x4f2aa84e f14=0x4f2aa84e
     368755.000 ns	     36874	8000790c	7c300a93	addi	x21,x0,1987	  x0:0x00000000 x21=0x000007c3
     368775.000 ns	     36876	80007910	025096b3	mulh	x13,x1,x5	  x1:0x00000000  x5:0x80041024 x13=0x00000000
     368795.000 ns	     36878	80007914	01774433	xor	x8,x14,x23	 x14:0x80040fe4 x23:0xabb3a8ac  x8=0x2bb7a748
     368805.000 ns	     36879	80007918	5fe3b793	sltiu	x15,x7,1534	  x7:0x00000000 x15=0x00000001
     368825.000 ns	     36881	8000791c	c00b3453	fcvt.w.s	x8,f22	 f22:0x4f2aa84e  x8=0x7fffffff
     368855.000 ns	     36884	80007920	0344b8b3	mulhu	x17,x9,x20	  x9:0xfffffe7f x20:0x00000200 x17=0x000001ff
     368875.000 ns	     36886	80007924	01f09593	slli	x11,x1,0x1f	  x1:0x00000000 x11=0x00000000
     369235.000 ns	     36922	80007928	029d5cb3	divu	x25,x26,x9	 x26:0x00000000  x9:0xfffffe7f x25=0x00000000
     369265.000 ns	     36925	8000792c	200e0053	fsgnj.s	f0,f28,f0	 f28:0xceaaaf63  f0:0x00000000  f0=0x4eaaaf63
     369285.000 ns	     36927	80007930	d9aeff13	andi	x30,x29,-614	 x29:0x00000000 x30=0x00000000
     369325.000 ns	     36931	80007934	092ef753	fsub.s	f14,f29,f18	 f29:0x3f800000 f18:0x80000000 f14=0x3f800000
     369345.000 ns	     36933	80007938	010d45b3	xor	x11,x26,x16	 x26:0x00000000 x16:0x00000001 x11=0x00000001
     369365.000 ns	     36935	8000793c	a0d11853	flt.s	x16,f2,f13	  f2:0xbf800000 f13:0x3f045ede x16=0x00000001
     369395.000 ns	     36938	80007940	d01eb253	fcvt.s.wu	f4,x29	 x29:0x00000000  f4=0x00000000
     369425.000 ns	     36941	80007944	f0020ed3	fmv.w.x	f29,x4	  x4:0x00000000 f29=0x00000000
     369445.000 ns	     36943	80007948	406ad193	srai	x3,x21,0x6	 x21:0x000007c3  x3=0x0000001f
     369455.000 ns	     36944	8000794c	0125c3b3	xor	x7,x11,x18	 x11:0x00000001 x18:0x00000000  x7=0x00000001
     369465.000 ns	     36945	80007950	00000013	addi	x0,x0,0	  x0:0x00000000
     369475.000 ns	     36946	80007954	1865bf37	lui	x30,0x1865b	 x30=0x1865b000
     369505.000 ns	     36949	80007958	11170ed3	fmul.s	f29,f14,f17	 f14:0x3f800000 f17:0x00000000 f29=0x00000000
     369525.000 ns	     36951	8000795c	015d9693	slli	x13,x27,0x15	 x27:0xd8b1c000 x13=0x00000000
     369535.000 ns	     36952	80007960	409d05b3	sub	x11,x26,x9	 x26:0x00000000  x9:0xfffffe7f x11=0x00000181
     369545.000 ns	     36953	80007964	0039abb3	slt	x23,x19,x3	 x19:0x00000000  x3:0x0000001f x23=0x00000001
     369555.000 ns	     36954	80007968	780ee697	auipc	x13,0x780ee	 x13=0xf80f5968
     369595.000 ns	     36958	8000796c	08affdd3	fsub.s	f27,f31,f10	 f31:0x00000000 f10:0xceaaaf63 f27=0x4eaaaf63
     369615.000 ns	     36960	80007970	01361bb3	sll	x23,x12,x19	 x12:0x88081788 x19:0x00000000 x23=0x88081788
     369625.000 ns	     36961	80007974	00000013	addi	x0,x0,0	  x0:0x00000000
     369635.000 ns	     36962	80007978	000a64b3	or	x9,x20,x0	 x20:0x00000200  x0:0x00000000  x9=0x00000200
     369645.000 ns	     36963	8000797c	00db5a93	srli	x21,x22,0xd	 x22:0xaaa84e4e x21=0x00055542
     369665.000 ns	     36965	80007980	21042bd3	fsgnjx.s	f23,f8,f16	  f8:0xc1800000 f16:0x00000000 f23=0xc1800000
     369695.000 ns	     36968	80007984	020e2633	mulhsu	x12,x28,x0	 x28:0x000006a3  x0:0x00000000 x12=0x00000000
     369725.000 ns	     36971	80007988	c01a7553	fcvt.wu.s	x10,f20	 f20:0x00000000 x10=0x00000000
     369745.000 ns	     36973	8000798c	26220597	auipc	x11,0x26220	 x11=0xa622798c
     369765.000 ns	     36975	80007990	29e71c53	fmax.s	f24,f14,f30	 f14:0x3f800000 f30:0x4f000410 f24=0x4f000410
     369795.000 ns	     36978	80007994	020ad8b3	divu	x17,x21,x0	 x21:0x00055542  x0:0x00000000 x17=0xffffffff
     369815.000 ns	     36980	80007998	015c35b3	sltu	x11,x24,x21	 x24:0x00000001 x21:0x00055542 x11=0x00000001
     369845.000 ns	     36983	8000799c	19167bd3	fdiv.s	f23,f12,f17	 f12:0xffc00000 f17:0x00000000 f23=0x7fc00000
     369875.000 ns	     36986	800079a0	c01ff953	fcvt.wu.s	x18,f31	 f31:0x00000000 x18=0x00000000
     369905.000 ns	     36989	800079a4	e0000553	fmv.x.w	x10,f0	  f0:0x4eaaaf63 x10=0x4eaaaf63
     369925.000 ns	     36991	800079a8	d1303093	sltiu	x1,x0,-749	  x0:0x00000000  x1=0x00000001
     369945.000 ns	     36993	800079ac	032ffa33	remu	x20,x31,x18	 x31:0xaaa84e4e x18:0x00000000 x20=0xaaa84e4e
     369965.000 ns	     36995	800079b0	0014de13	srli	x28,x9,0x1	  x9:0x00000200 x28=0x00000100
     369975.000 ns	     36996	800079b4	4fa10e13	addi	x28,x2,1274	  x2:0x00000000 x28=0x000004fa
     369985.000 ns	     36997	800079b8	4075d693	srai	x13,x11,0x7	 x11:0x00000001 x13=0x00000000
     369995.000 ns	     36998	800079bc	0053be33	sltu	x28,x7,x5	  x7:0x00000001  x5:0x80041024 x28=0x00000001
     370005.000 ns	     36999	800079c0	00dca633	slt	x12,x25,x13	 x25:0x00000000 x13:0xf80f5968 x12=0x00000000
     370015.000 ns	     37000	800079c4	00bad193	srli	x3,x21,0xb	 x21:0x00055542  x3=0x000000aa
     370025.000 ns	     37001	800079c8	aa7bb993	sltiu	x19,x23,-1369	 x23:0x88081788 x19=0x00000001
     370035.000 ns	     37002	800079cc	419f5913	srai	x18,x30,0x19	 x30:0x1865b000 x18=0x0000000c
     370055.000 ns	     37004	800079d0	c014c153	fcvt.wu.s	x2,f9	  f9:0x80000000  x2=0x00000000
     370075.000 ns	     37006	800079d4	00904bb3	xor	x23,x0,x9	  x0:0x00000000  x9:0x00000200 x23=0x00000200
     370115.000 ns	     37010	800079d8	095ef3d3	fsub.s	f7,f29,f21	 f29:0x00000000 f21:0x4f000410  f7=0xcf000410
     370145.000 ns	     37013	800079dc	e00a89d3	fmv.x.w	x19,f21	 f21:0x4f000410 x19=0x4f000410
     370165.000 ns	     37015	800079e0	36bc7c93	andi	x25,x24,875	 x24:0x00000001 x25=0x00000001
     370185.000 ns	     37017	800079e4	c01173d3	fcvt.wu.s	x7,f2	  f2:0xbf800000  x7=0x00000001
     370205.000 ns	     37019	800079e8	00000013	addi	x0,x0,0	  x0:0x00000000
     370565.000 ns	     37055	800079ec	028f7533	remu	x10,x30,x8	 x30:0x1865b000  x8:0x7fffffff x10=0x1865b000
     370605.000 ns	     37059	800079f0	118f0253	fmul.s	f4,f30,f24	 f30:0x4f000410 f24:0x4f000410  f4=0x5e800820
     370635.000 ns	     37062	800079f4	022c5fb3	divu	x31,x24,x2	 x24:0x00000001  x2:0x00000000 x31=0xffffffff
     370655.000 ns	     37064	800079f8	bcf74813	xori	x16,x14,-1073	 x14:0x80040fe4 x16=0x7ffbf42b
     370675.000 ns	     37066	800079fc	c004c4d3	fcvt.w.s	x9,f9	  f9:0x80000000  x9=0x00000000
     370695.000 ns	     37068	80007a00	011efbb3	and	x23,x29,x17	 x29:0x00000000 x17:0xffffffff x23=0x00000000
     370715.000 ns	     37070	80007a04	c00324d3	fcvt.w.s	x9,f6	  f6:0x41800000  x9=0x00000010
     370745.000 ns	     37073	80007a08	022585b3	mul	x11,x11,x2	 x11:0x00000001  x2:0x00000000 x11=0x00000000
     370775.000 ns	     37076	80007a0c	a0e586d3	fle.s	x13,f11,f14	 f11:0x7fc00000 f14:0x3f800000 x13=0x00000000
     370805.000 ns	     37079	80007a10	f00b0953	fmv.w.x	f18,x22	 x22:0xaaa84e4e f18=0xaaa84e4e
     370825.000 ns	     37081	80007a14	514b9f37	lui	x30,0x514b9	 x30=0x514b9000
     370835.000 ns	     37082	80007a18	418dd3b3	sra	x7,x27,x24	 x27:0xd8b1c000 x24:0x00000001  x7=0xec58e000
     370845.000 ns	     37083	80007a1c	00000013	addi	x0,x0,0	  x0:0x00000000
     370865.000 ns	     37085	80007a20	297d1553	fmax.s	f10,f26,f23	 f26:0xaaa84e4e f23:0x7fc00000 f10=0xaaa84e4e
     370895.000 ns	     37088	80007a24	a1d62553	feq.s	x10,f12,f29	 f12:0xffc00000 f29:0x00000000 x10=0x00000000
     370925.000 ns	     37091	80007a28	29bf1a53	fmax.s	f20,f30,f27	 f30:0x4f000410 f27:0x4eaaaf63 f20=0x4f000410
     370955.000 ns	     37094	80007a2c	d0093fd3	fcvt.s.w	f31,x18	 x18:0x0000000c f31=0x41400000
     370975.000 ns	     37096	80007a30	01de08b3	add	x17,x28,x29	 x28:0x00000001 x29:0x00000000 x17=0x00000001
     370995.000 ns	     37098	80007a34	c0122553	fcvt.wu.s	x10,f4	  f4:0x5e800820 x10=0xffffffff
     371365.000 ns	     37135	80007a38	03ec7533	remu	x10,x24,x30	 x24:0x00000001 x30:0x514b9000 x10=0x00000001
     371415.000 ns	     37140	80007a3c	08159ad3	fsub.s	f21,f11,f1	 f11:0x7fc00000  f1:0x00000000 f21=0x7fc00000
     371785.000 ns	     37177	80007a40	021a5333	divu	x6,x20,x1	 x20:0xaaa84e4e  x1:0x00000001  x6=0xaaa84e4e
     371815.000 ns	     37180	80007a44	f0030153	fmv.w.x	f2,x6	  x6:0x00000000  f2=0xaaa84e4e
     371835.000 ns	     37182	80007a48	003cd893	srli	x17,x25,0x3	 x25:0x00000001 x17=0x00000000
     371845.000 ns	     37183	80007a4c	11eee193	ori	x3,x29,286	 x29:0x00000000  x3=0x0000011e
     371865.000 ns	     37185	80007a50	02b83e33	mulhu	x28,x16,x11	 x16:0x7ffbf42b x11:0x00000000 x28=0x00000000
     371915.000 ns	     37190	80007a54	08338753	fsub.s	f14,f7,f3	  f7:0xcf000410  f3:0x4f2aa84e f14=0xcf95562f
     371945.000 ns	     37193	80007a58	206a11d3	fsgnjn.s	f3,f20,f6	 f20:0x4f000410  f6:0x41800000  f3=0xcf000410
     371965.000 ns	     37195	80007a5c	01a01093	slli	x1,x0,0x1a	  x0:0x00000000  x1=0x00000000
     371985.000 ns	     37197	80007a60	02509533	mulh	x10,x1,x5	  x1:0x00000001  x5:0x80041024 x10=0x00000000
     372015.000 ns	     37200	80007a64	d005ae53	fcvt.s.w	f28,x11	 x11:0x00000000 f28=0x00000000
     372065.000 ns	     37205	80007a68	01fff6d3	fadd.s	f13,f31,f31	 f31:0x41400000 f31:0x41400000 f13=0x41c00000
     372115.000 ns	     37210	80007a6c	0920aad3	fsub.s	f21,f1,f18	  f1:0x00000000 f18:0xaaa84e4e f21=0x2aa84e4e
     372135.000 ns	     37212	80007a70	01ae51b3	srl	x3,x28,x26	 x28:0x00000000 x26:0x00000000  x3=0x00000000
     372145.000 ns	     37213	80007a74	013d0db3	add	x27,x26,x19	 x26:0x00000000 x19:0x4f000410 x27=0x4f000410
     372155.000 ns	     37214	80007a78	01cff7b3	and	x15,x31,x28	 x31:0xffffffff x28:0x00000000 x15=0x00000000
     372175.000 ns	     37216	80007a7c	a0b32953	feq.s	x18,f6,f11	  f6:0x41800000 f11:0x7fc00000 x18=0x00000000
     372195.000 ns	     37218	80007a80	01a67633	and	x12,x12,x26	 x12:0x00000000 x26:0x00000000 x12=0x00000000
     372555.000 ns	     37254	80007a84	029bf8b3	remu	x17,x23,x9	 x23:0x00000000  x9:0x00000010 x17=0x00000000
     372585.000 ns	     37257	80007a88	0212ad33	mulhsu	x26,x5,x1	  x5:0x80041024  x1:0x00000000 x26=0x00000000
     372615.000 ns	     37260	80007a8c	03832c33	mulhsu	x24,x6,x24	  x6:0xaaa84e4e x24:0x00000001 x24=0xffffffff
     372665.000 ns	     37265	80007a90	09cf3953	fsub.s	f18,f30,f28	 f30:0x4f000410 f28:0x00000000 f18=0x4f000410
     372695.000 ns	     37268	80007a94	e0079653	fclass.s	x12,f15	 f15:0x80000000 x12=0x00000008
     372725.000 ns	     37271	80007a98	0206dfb3	divu	x31,x13,x0	 x13:0x00000000  x0:0x00000000 x31=0xffffffff
     372755.000 ns	     37274	80007a9c	a14f2853	feq.s	x16,f30,f20	 f30:0x4f000410 f20:0x4f000410 x16=0x00000001
     372775.000 ns	     37276	80007aa0	00d05613	srli	x12,x0,0xd	  x0:0x00000000 x12=0x00000000
     372795.000 ns	     37278	80007aa4	03234433	div	x8,x6,x18	  x6:0xaaa84e4e x18:0x00000000  x8=0xffffffff
     372825.000 ns	     37281	80007aa8	a17caed3	feq.s	x29,f25,f23	 f25:0x41800000 f23:0x7fc00000 x29=0x00000000
     372845.000 ns	     37283	80007aac	007770b3	and	x1,x14,x7	 x14:0x80040fe4  x7:0xec58e000  x1=0x80000000
     372855.000 ns	     37284	80007ab0	d7212e17	auipc	x28,0xd7212	 x28=0x57219ab0
     372865.000 ns	     37285	80007ab4	f3389197	auipc	x3,0xf3389	  x3=0x73390ab4
     372895.000 ns	     37288	80007ab8	580596d3	fsqrt.s	f13,f11	 f11:0x7fc00000 f13=0x7fc00000
     372945.000 ns	     37293	80007abc	003cfcd3	fadd.s	f25,f25,f3	 f25:0x41800000  f3:0xcf000410 f25=0xcf00040f
     372965.000 ns	     37295	80007ac0	00af65b3	or	x11,x30,x10	 x30:0x514b9000 x10:0x00000000 x11=0x514b9000
     372975.000 ns	     37296	80007ac4	7abb2813	slti	x16,x22,1963	 x22:0xaaa84e4e x16=0x00000001
     373015.000 ns	     37300	80007ac8	00c623d3	fadd.s	f7,f12,f12	 f12:0xffc00000 f12:0xffc00000  f7=0x7fc00000
     373035.000 ns	     37302	80007acc	41e453b3	sra	x7,x8,x30	  x8:0xffffffff x30:0x514b9000  x7=0xffffffff
     373055.000 ns	     37304	80007ad0	29bd8f53	fmin.s	f30,f27,f27	 f27:0x4eaaaf63 f27:0x4eaaaf63 f30=0x4eaaaf63
     373075.000 ns	     37306	80007ad4	bdf6c793	xori	x15,x13,-1057	 x13:0x00000000 x15=0xfffffbdf
     373085.000 ns	     37307	80007ad8	00ca5533	srl	x10,x20,x12	 x20:0xaaa84e4e x12:0x00000000 x10=0xaaa84e4e
     373105.000 ns	     37309	80007adc	d0011fd3	fcvt.s.w	f31,x2	  x2:0x00000000 f31=0x00000000
     373125.000 ns	     37311	80007ae0	0052d313	srli	x6,x5,0x5	  x5:0x80041024  x6=0x04002081
     374035.000 ns	     37402	80007ae4	580f78d3	fsqrt.s	f17,f30	 f30:0x4eaaaf63 f17=0x4713cf27
     374055.000 ns	     37404	80007ae8	41858eb3	sub	x29,x11,x24	 x11:0x514b9000 x24:0xffffffff x29=0x514b9001
     374065.000 ns	     37405	80007aec	c3c3a013	slti	x0,x7,-964	  x7:0xffffffff
     374085.000 ns	     37407	80007af0	214f8a53	fsgnj.s	f20,f31,f20	 f31:0x00000000 f20:0x4f000410 f20=0x00000000
     374125.000 ns	     37411	80007af4	1120b653	fmul.s	f12,f1,f18	  f1:0x00000000 f18:0x4f000410 f12=0x00000000
     374145.000 ns	     37413	80007af8	40310f33	sub	x30,x2,x3	  x2:0x00000000  x3:0x73390ab4 x30=0x8cc6f54c
     374165.000 ns	     37415	80007afc	02086a33	rem	x20,x16,x0	 x16:0x00000001  x0:0x00000000 x20=0x00000001
     374185.000 ns	     37417	80007b00	c2848613	addi	x12,x9,-984	  x9:0x00000010 x12=0xfffffc38
     374205.000 ns	     37419	80007b04	d00031d3	fcvt.s.w	f3,x0	  x0:0x00000000  f3=0x00000000
     374235.000 ns	     37422	80007b08	03552c33	mulhsu	x24,x10,x21	 x10:0xaaa84e4e x21:0x00055542 x24=0xfffe38dd
     374255.000 ns	     37424	80007b0c	00000013	addi	x0,x0,0	  x0:0x00000000
     374275.000 ns	     37426	80007b10	20100653	fsgnj.s	f12,f0,f1	  f0:0x4eaaaf63  f1:0x00000000 f12=0x4eaaaf63
     374295.000 ns	     37428	80007b14	01f27f33	and	x30,x4,x31	  x4:0x00000000 x31:0xffffffff x30=0x00000000
     374305.000 ns	     37429	80007b18	000b88b3	add	x17,x23,x0	 x23:0x00000000  x0:0x00000000 x17=0x00000000
     374315.000 ns	     37430	80007b1c	008fd1b3	srl	x3,x31,x8	 x31:0xffffffff  x8:0xffffffff  x3=0x00000001
     374335.000 ns	     37432	80007b20	20b62153	fsgnjx.s	f2,f12,f11	 f12:0x4eaaaf63 f11:0x7fc00000  f2=0x4eaaaf63
     374355.000 ns	     37434	80007b24	00000013	addi	x0,x0,0	  x0:0x00000000
     374365.000 ns	     37435	80007b28	419ddeb3	sra	x29,x27,x25	 x27:0x4f000410 x25:0x00000001 x29=0x27800208
     374375.000 ns	     37436	80007b2c	50e1a013	slti	x0,x3,1294	  x3:0x00000001
     374735.000 ns	     37472	80007b30	0338e033	rem	x0,x17,x19	 x17:0x00000000 x19:0x4f000410
     374755.000 ns	     37474	80007b34	00000013	addi	x0,x0,0	  x0:0x00000000
     374765.000 ns	     37475	80007b38	00ac23b3	slt	x7,x24,x10	 x24:0xfffe38dd x10:0xaaa84e4e  x7=0x00000000
     374775.000 ns	     37476	80007b3c	00cd5e33	srl	x28,x26,x12	 x26:0x00000000 x12:0xfffffc38 x28=0x00000000
     374795.000 ns	     37478	80007b40	03b639b3	mulhu	x19,x12,x27	 x12:0xfffffc38 x27:0x4f000410 x19=0x4f0002e5
     374815.000 ns	     37480	80007b44	41350833	sub	x16,x10,x19	 x10:0xaaa84e4e x19:0x4f000410 x16=0x5ba84b69
     374835.000 ns	     37482	80007b48	c01d04d3	fcvt.wu.s	x9,f26	 f26:0xaaa84e4e  x9=0x00000000
     374855.000 ns	     37484	80007b4c	7d303c13	sltiu	x24,x0,2003	  x0:0x00000000 x24=0x00000001
     374865.000 ns	     37485	80007b50	00000013	addi	x0,x0,0	  x0:0x00000000
     376035.000 ns	     37602	80007b54	580b00d3	fsqrt.s	f1,f22	 f22:0x4f2aa84e  f1=0x46f15830
     376065.000 ns	     37605	80007b58	032326b3	mulhsu	x13,x6,x18	  x6:0x04002081 x18:0x00000000 x13=0x00000000
     376085.000 ns	     37607	80007b5c	c75a2d13	slti	x26,x20,-907	 x20:0x00000001 x26=0x00000000
     376105.000 ns	     37609	80007b60	293e83d3	fmin.s	f7,f29,f19	 f29:0x00000000 f19:0xffc00000  f7=0x00000000
     376125.000 ns	     37611	80007b64	00444933	xor	x18,x8,x4	  x8:0xffffffff  x4:0x00000000 x18=0xffffffff
     376135.000 ns	     37612	80007b68	84dbb513	sltiu	x10,x23,-1971	 x23:0x00000000 x10=0x00000001
     376145.000 ns	     37613	80007b6c	00000013	addi	x0,x0,0	  x0:0x00000000
     376155.000 ns	     37614	80007b70	368ee513	ori	x10,x29,872	 x29:0x27800208 x10=0x27800368
     376175.000 ns	     37616	80007b74	c000ce53	fcvt.w.s	x28,f1	  f1:0x46f15830 x28=0x000078ac
     376205.000 ns	     37619	80007b78	21b60ad3	fsgnj.s	f21,f12,f27	 f12:0x4eaaaf63 f27:0x4eaaaf63 f21=0x4eaaaf63
     376235.000 ns	     37622	80007b7c	c007b1d3	fcvt.w.s	x3,f15	 f15:0x80000000  x3=0x00000000
     376265.000 ns	     37625	80007b80	029f6c33	rem	x24,x30,x9	 x30:0x00000000  x9:0x00000000 x24=0x00000000
     376285.000 ns	     37627	80007b84	1c18cd13	xori	x26,x17,449	 x17:0x00000000 x26=0x000001c1
     376295.000 ns	     37628	80007b88	01a9f133	and	x2,x19,x26	 x19:0x4f0002e5 x26:0x00000000  x2=0x000000c1
     376315.000 ns	     37630	80007b8c	a1381853	flt.s	x16,f16,f19	 f16:0x00000000 f19:0xffc00000 x16=0x00000000
     376345.000 ns	     37633	80007b90	02d3ceb3	div	x29,x7,x13	  x7:0x00000000 x13:0x00000000 x29=0xffffffff
     376375.000 ns	     37636	80007b94	e00713d3	fclass.s	x7,f14	 f14:0xcf95562f  x7=0x00000002
     376395.000 ns	     37638	80007b98	0026de93	srli	x29,x13,0x2	 x13:0x00000000 x29=0x00000000
     376415.000 ns	     37640	80007b9c	023ef3b3	remu	x7,x29,x3	 x29:0xffffffff  x3:0x00000000  x7=0x00000000
     376445.000 ns	     37643	80007ba0	a0260cd3	fle.s	x25,f12,f2	 f12:0x4eaaaf63  f2:0x4eaaaf63 x25=0x00000001
     376475.000 ns	     37646	80007ba4	a0e729d3	feq.s	x19,f14,f14	 f14:0xcf95562f f14:0xcf95562f x19=0x00000001
     376505.000 ns	     37649	80007ba8	03734cb3	div	x25,x6,x23	  x6:0x04002081 x23:0x00000000 x25=0xffffffff
     376535.000 ns	     37652	80007bac	c002c6d3	fcvt.w.s	x13,f5	  f5:0x46b50a40 x13=0x00005a85
     376555.000 ns	     37654	80007bb0	b0548c13	addi	x24,x9,-1275	  x9:0x00000000 x24=0xfffffb05
     376565.000 ns	     37655	80007bb4	28ee8893	addi	x17,x29,654	 x29:0x00000000 x17=0x0000028e
     376605.000 ns	     37659	80007bb8	00a2fc53	fadd.s	f24,f5,f10	  f5:0x46b50a40 f10:0xaaa84e4e f24=0x46b50a40
     376625.000 ns	     37661	80007bbc	9eef6893	ori	x17,x30,-1554	 x30:0x00000000 x17=0xfffff9ee
     376645.000 ns	     37663	80007bc0	a14601d3	fle.s	x3,f12,f20	 f12:0x4eaaaf63 f20:0x00000000  x3=0x00000000
     376675.000 ns	     37666	80007bc4	035a0bb3	mul	x23,x20,x21	 x20:0x00000001 x21:0x00055542 x23=0x00055542
     376705.000 ns	     37669	80007bc8	28b889d3	fmin.s	f19,f17,f11	 f17:0x4713cf27 f11:0x7fc00000 f19=0x4713cf27
     377075.000 ns	     37706	80007bcc	02aae633	rem	x12,x21,x10	 x21:0x00055542 x10:0x27800368 x12=0x00055542
     377105.000 ns	     37709	80007bd0	e0079dd3	fclass.s	x27,f15	 f15:0x80000000 x27=0x00000008
     377135.000 ns	     37712	80007bd4	e00b1cd3	fclass.s	x25,f22	 f22:0x4f2aa84e x25=0x00000040
     377165.000 ns	     37715	80007bd8	03cc0d33	mul	x26,x24,x28	 x24:0xfffffb05 x28:0x000078ac x26=0xfda6ff5c
     377185.000 ns	     37717	80007bdc	01884bb3	xor	x23,x16,x24	 x16:0x00000000 x24:0xfffffb05 x23=0xfffffb05
     377205.000 ns	     37719	80007be0	a1408f53	fle.s	x30,f1,f20	  f1:0x46f15830 f20:0x00000000 x30=0x00000000
     377225.000 ns	     37721	80007be4	015955b3	srl	x11,x18,x21	 x18:0xffffffff x21:0x00055542 x11=0x3fffffff
     377245.000 ns	     37723	80007be8	032089b3	mul	x19,x1,x18	  x1:0x80000000 x18:0xffffffff x19=0x80000000
     377275.000 ns	     37726	80007bec	d01319d3	fcvt.s.wu	f19,x6	  x6:0x04002081 f19=0x4c800410
     377295.000 ns	     37728	80007bf0	d8343893	sltiu	x17,x8,-637	  x8:0xffffffff x17=0x00000000
     377315.000 ns	     37730	80007bf4	c00f4dd3	fcvt.w.s	x27,f30	 f30:0x4eaaaf63 x27=0x5557b180
     377345.000 ns	     37733	80007bf8	21df1653	fsgnjn.s	f12,f30,f29	 f30:0x4eaaaf63 f29:0x00000000 f12=0xceaaaf63
     377375.000 ns	     37736	80007bfc	a1312bd3	feq.s	x23,f2,f19	  f2:0x4eaaaf63 f19:0x4c800410 x23=0x00000000
     377395.000 ns	     37738	80007c00	d78a8f17	auipc	x30,0xd78a8	 x30=0x578afc00
     377405.000 ns	     37739	80007c04	567a6593	ori	x11,x20,1383	 x20:0x00000001 x11=0x00000567
     377425.000 ns	     37741	80007c08	c01199d3	fcvt.wu.s	x19,f3	  f3:0x00000000 x19=0x00000000
     377445.000 ns	     37743	80007c0c	019c9c33	sll	x24,x25,x25	 x25:0x00000040 x25:0x00000040 x24=0x00000040
     377455.000 ns	     37744	80007c10	4168dc13	srai	x24,x17,0x16	 x17:0x00000000 x24=0x00000000
     377475.000 ns	     37746	80007c14	c00f7553	fcvt.w.s	x10,f30	 f30:0x4eaaaf63 x10=0x5557b180
     377495.000 ns	     37748	80007c18	0160a533	slt	x10,x1,x22	  x1:0x80000000 x22:0xaaa84e4e x10=0x00000001
     377505.000 ns	     37749	80007c1c	01428f33	add	x30,x5,x20	  x5:0x80041024 x20:0x00000001 x30=0x80041025
     377515.000 ns	     37750	80007c20	9c940613	addi	x12,x8,-1591	  x8:0xffffffff x12=0xfffff9c8
     377535.000 ns	     37752	80007c24	c00bc253	fcvt.w.s	x4,f23	 f23:0x7fc00000  x4=0x7fffffff
     377555.000 ns	     37754	80007c28	f8ccfb93	andi	x23,x25,-116	 x25:0x00000040 x23=0x00000000
     377565.000 ns	     37755	80007c2c	a9c4fb93	andi	x23,x9,-1380	  x9:0x00000000 x23=0x00000000
     377585.000 ns	     37757	80007c30	d01b7653	fcvt.s.wu	f12,x22	 x22:0xaaa84e4e f12=0x4f2aa84e
     377625.000 ns	     37761	80007c34	11d3cb53	fmul.s	f22,f7,f29	  f7:0x00000000 f29:0x00000000 f22=0x00000000
     377645.000 ns	     37763	80007c38	40465e13	srai	x28,x12,0x4	 x12:0xfffff9c8 x28=0xffffff9c
     377655.000 ns	     37764	80007c3c	cee6ee93	ori	x29,x13,-786	 x13:0x00005a85 x29=0xfffffeef
     377675.000 ns	     37766	80007c40	c01c7153	fcvt.wu.s	x2,f24	 f24:0x46b50a40  x2=0x00005a85
     377695.000 ns	     37768	80007c44	0193d1b3	srl	x3,x7,x25	  x7:0x00000000 x25:0x00000040  x3=0x00000000
     377705.000 ns	     37769	80007c48	00680bb3	add	x23,x16,x6	 x16:0x00000000  x6:0x04002081 x23=0x04002081
     377715.000 ns	     37770	80007c4c	009b46b3	xor	x13,x22,x9	 x22:0xaaa84e4e  x9:0x00000000 x13=0xaaa84e4e
     377735.000 ns	     37772	80007c50	d00ffcd3	fcvt.s.w	f25,x31	 x31:0xffffffff f25=0xbf800000
     377755.000 ns	     37774	80007c54	008071b3	and	x3,x0,x8	  x0:0x00000000  x8:0xffffffff  x3=0x00000000
     377765.000 ns	     37775	80007c58	00000013	addi	x0,x0,0	  x0:0x00000000
     377775.000 ns	     37776	80007c5c	00fdb1b3	sltu	x3,x27,x15	 x27:0x5557b180 x15:0xfffffbdf  x3=0x00000001
     377785.000 ns	     37777	80007c60	01699093	slli	x1,x19,0x16	 x19:0x00000000  x1=0x00000000
     377805.000 ns	     37779	80007c64	c019aad3	fcvt.wu.s	x21,f19	 f19:0x4c800410 x21=0x04002080
     377835.000 ns	     37782	80007c68	21b827d3	fsgnjx.s	f15,f16,f27	 f16:0x00000000 f27:0x4eaaaf63 f15=0x00000000
     377875.000 ns	     37786	80007c6c	18e1f453	fdiv.s	f8,f3,f14	  f3:0x00000000 f14:0xcf95562f  f8=0x80000000
     377895.000 ns	     37788	80007c70	01985793	srli	x15,x16,0x19	 x16:0x00000000 x15=0x00000000
     377915.000 ns	     37790	80007c74	02153ab3	mulhu	x21,x10,x1	 x10:0x00000001  x1:0x00000000 x21=0x00000000
     377935.000 ns	     37792	80007c78	00155213	srli	x4,x10,0x1	 x10:0x00000001  x4=0x00000000
     377945.000 ns	     37793	80007c7c	00b4d8b3	srl	x17,x9,x11	  x9:0x00000000 x11:0x00000567 x17=0x00000000
     377965.000 ns	     37795	80007c80	a13e2453	feq.s	x8,f28,f19	 f28:0x00000000 f19:0x4c800410  x8=0x00000000
     377995.000 ns	     37798	80007c84	e0019c53	fclass.s	x24,f3	  f3:0x00000000 x24=0x00000010
     378015.000 ns	     37800	80007c88	0082a433	slt	x8,x5,x8	  x5:0x80041024  x8:0x00000000  x8=0x00000001
     378035.000 ns	     37802	80007c8c	e00d04d3	fmv.x.w	x9,f26	 f26:0xaaa84e4e  x9=0xaaa84e4e
     378405.000 ns	     37839	80007c90	0261fd33	remu	x26,x3,x6	  x3:0x00000001  x6:0x04002081 x26=0x00000001
     378435.000 ns	     37842	80007c94	a1f18953	fle.s	x18,f3,f31	  f3:0x00000000 f31:0x00000000 x18=0x00000001
     378465.000 ns	     37845	80007c98	a1400ed3	fle.s	x29,f0,f20	  f0:0x4eaaaf63 f20:0x00000000 x29=0x00000000
     378495.000 ns	     37848	80007c9c	03349533	mulh	x10,x9,x19	  x9:0xaaa84e4e x19:0x00000000 x10=0x00000000
     378515.000 ns	     37850	80007ca0	00000013	addi	x0,x0,0	  x0:0x00000000
     378535.000 ns	     37852	80007ca4	e0088e53	fmv.x.w	x28,f17	 f17:0x4713cf27 x28=0x4713cf27
     378555.000 ns	     37854	80007ca8	02484d93	xori	x27,x16,36	 x16:0x00000000 x27=0x00000024
     378595.000 ns	     37858	80007cac	08edfad3	fsub.s	f21,f27,f14	 f27:0x4eaaaf63 f14:0xcf95562f f21=0x4fc00207
     378615.000 ns	     37860	80007cb0	0028d1b3	srl	x3,x17,x2	 x17:0x00000000  x2:0x00005a85  x3=0x00000000
     378625.000 ns	     37861	80007cb4	001c5633	srl	x12,x24,x1	 x24:0x00000010  x1:0x00000000 x12=0x00000010
     378635.000 ns	     37862	80007cb8	0149d093	srli	x1,x19,0x14	 x19:0x00000000  x1=0x00000000
     378655.000 ns	     37864	80007cbc	c00eb8d3	fcvt.w.s	x17,f29	 f29:0x00000000 x17=0x00000000
     378685.000 ns	     37867	80007cc0	d00b3dd3	fcvt.s.w	f27,x22	 x22:0xaaa84e4e f27=0xceaaaf64
     378705.000 ns	     37869	80007cc4	0114da93	srli	x21,x9,0x11	  x9:0xaaa84e4e x21=0x00005554
     378715.000 ns	     37870	80007cc8	40e4d513	srai	x10,x9,0xe	  x9:0xaaa84e4e x10=0xfffeaaa1
     378755.000 ns	     37874	80007ccc	08caa353	fsub.s	f6,f21,f12	 f21:0x4fc00207 f12:0x4f2aa84e  f6=0x4f555bc0
     378785.000 ns	     37877	80007cd0	d00a04d3	fcvt.s.w	f9,x20	 x20:0x00000001  f9=0x3f800000
     378805.000 ns	     37879	80007cd4	01293833	sltu	x16,x18,x18	 x18:0x00000001 x18:0x00000001 x16=0x00000000
     378815.000 ns	     37880	80007cd8	46729d37	lui	x26,0x46729	 x26=0x46729000
     378835.000 ns	     37882	80007cdc	e00010d3	fclass.s	x1,f0	  f0:0x4eaaaf63  x1=0x00000040
     378885.000 ns	     37887	80007ce0	09cf8453	fsub.s	f8,f31,f28	 f31:0x00000000 f28:0x00000000  f8=0x80000000
     378905.000 ns	     37889	80007ce4	4544f513	andi	x10,x9,1108	  x9:0xaaa84e4e x10=0x00000444
     378925.000 ns	     37891	80007ce8	29690953	fmin.s	f18,f18,f22	 f18:0x4f000410 f22:0x00000000 f18=0x00000000
     378945.000 ns	     37893	80007cec	526da813	slti	x16,x27,1318	 x27:0x00000024 x16=0x00000001
     378955.000 ns	     37894	80007cf0	012e0e33	add	x28,x28,x18	 x28:0x4713cf27 x18:0x00000001 x28=0x4713cf28
     378965.000 ns	     37895	80007cf4	66a46f37	lui	x30,0x66a46	 x30=0x66a46000
     378985.000 ns	     37897	80007cf8	d0082553	fcvt.s.w	f10,x16	 x16:0x00000001 f10=0x3f800000
     379005.000 ns	     37899	80007cfc	73bf3f13	sltiu	x30,x30,1851	 x30:0x80041025 x30=0x00000000
     379015.000 ns	     37900	80007d00	a6443413	sltiu	x8,x8,-1436	  x8:0x00000001  x8=0x00000001
     379035.000 ns	     37902	80007d04	a0b8a853	feq.s	x16,f17,f11	 f17:0x4713cf27 f11:0x7fc00000 x16=0x00000000
     379055.000 ns	     37904	80007d08	41f7dcb3	sra	x25,x15,x31	 x15:0x00000000 x31:0xffffffff x25=0x00000000
     379075.000 ns	     37906	80007d0c	03a0b3b3	mulhu	x7,x1,x26	  x1:0x00000040 x26:0x46729000  x7=0x00000011
     379105.000 ns	     37909	80007d10	c01016d3	fcvt.wu.s	x13,f0	  f0:0x4eaaaf63 x13=0x5557b180
     379125.000 ns	     37911	80007d14	002b0ab3	add	x21,x22,x2	 x22:0xaaa84e4e  x2:0x00005a85 x21=0xaaa8a8d3
     379135.000 ns	     37912	80007d18	00000013	addi	x0,x0,0	  x0:0x00000000
     379145.000 ns	     37913	80007d1c	00f56c33	or	x24,x10,x15	 x10:0x00000444 x15:0x00000000 x24=0x00000444
     379155.000 ns	     37914	80007d20	0101c9b3	xor	x19,x3,x16	  x3:0x00000000 x16:0x00000000 x19=0x00000000
     379165.000 ns	     37915	80007d24	29caa793	slti	x15,x21,668	 x21:0xaaa8a8d3 x15=0x00000001
     379175.000 ns	     37916	80007d28	00ff5eb3	srl	x29,x30,x15	 x30:0x00000000 x15:0x00000000 x29=0x00000000
     379185.000 ns	     37917	80007d2c	41a40833	sub	x16,x8,x26	  x8:0x00000001 x26:0x46729000 x16=0xb98d7001
     379195.000 ns	     37918	80007d30	01649913	slli	x18,x9,0x16	  x9:0xaaa84e4e x18=0x93800000
     379205.000 ns	     37919	80007d34	c92f8f13	addi	x30,x31,-878	 x31:0xffffffff x30=0xfffffc91
     379215.000 ns	     37920	80007d38	01045393	srli	x7,x8,0x10	  x8:0x00000001  x7=0x00000000
     379245.000 ns	     37923	80007d3c	580cf5d3	fsqrt.s	f11,f25	 f25:0xbf800000 f11=0x7fc00000
     379265.000 ns	     37925	80007d40	41e55db3	sra	x27,x10,x30	 x10:0x00000444 x30:0xfffffc91 x27=0x00000000
     379285.000 ns	     37927	80007d44	288307d3	fmin.s	f15,f6,f8	  f6:0x4f555bc0  f8:0x80000000 f15=0x80000000
     379305.000 ns	     37929	80007d48	775d0d93	addi	x27,x26,1909	 x26:0x46729000 x27=0x46729775
     379325.000 ns	     37931	80007d4c	291a8ed3	fmin.s	f29,f21,f17	 f21:0x4fc00207 f17:0x4713cf27 f29=0x4713cf27
     379355.000 ns	     37934	80007d50	03b616b3	mulh	x13,x12,x27	 x12:0x00000010 x27:0x00000000 x13=0x00000004
     379375.000 ns	     37936	80007d54	414cddb3	sra	x27,x25,x20	 x25:0x00000000 x20:0x00000001 x27=0x00000000
     379395.000 ns	     37938	80007d58	e00e0353	fmv.x.w	x6,f28	 f28:0x00000000  x6=0x00000000
     379415.000 ns	     37940	80007d5c	1b1dc813	xori	x16,x27,433	 x27:0x46729775 x16=0x000001b1
     379435.000 ns	     37942	80007d60	03621033	mulh	x0,x4,x22	  x4:0x00000000 x22:0xaaa84e4e
     379805.000 ns	     37979	80007d64	02dfeab3	rem	x21,x31,x13	 x31:0xffffffff x13:0x00000004 x21=0xffffffff
     379835.000 ns	     37982	80007d68	d00df1d3	fcvt.s.w	f3,x27	 x27:0x00000000  f3=0x00000000
     379875.000 ns	     37986	80007d6c	110f75d3	fmul.s	f11,f30,f16	 f30:0x4eaaaf63 f16:0x00000000 f11=0x00000000
     379895.000 ns	     37988	80007d70	018b5913	srli	x18,x22,0x18	 x22:0xaaa84e4e x18=0x000000aa
     379905.000 ns	     37989	80007d74	41845d93	srai	x27,x8,0x18	  x8:0x00000001 x27=0x00000000
     379915.000 ns	     37990	80007d78	40e50033	sub	x0,x10,x14	 x10:0x00000444 x14:0x80040fe4
     379925.000 ns	     37991	80007d7c	d32e6693	ori	x13,x28,-718	 x28:0x4713cf28 x13=0xffffff3a
     379935.000 ns	     37992	80007d80	008194b3	sll	x9,x3,x8	  x3:0x00000000  x8:0x00000001  x9=0x00000000
     379955.000 ns	     37994	80007d84	c00d7453	fcvt.w.s	x8,f26	 f26:0xaaa84e4e  x8=0x00000000
     380325.000 ns	     38031	80007d88	02a3e833	rem	x16,x7,x10	  x7:0x00000000 x10:0x00000444 x16=0x00000000
     380355.000 ns	     38034	80007d8c	020e76b3	remu	x13,x28,x0	 x28:0x4713cf28  x0:0x00000000 x13=0x4713cf28
     380385.000 ns	     38037	80007d90	c011f6d3	fcvt.wu.s	x13,f3	  f3:0x00000000 x13=0x00000000
     380415.000 ns	     38040	80007d94	03ad03b3	mul	x7,x26,x26	 x26:0x46729000 x26:0x46729000  x7=0x91000000
     380435.000 ns	     38042	80007d98	01e90233	add	x4,x18,x30	 x18:0x000000aa x30:0xfffffc91  x4=0xfffffd3b
     380465.000 ns	     38045	80007d9c	11629fd3	fmul.s	f31,f5,f22	  f5:0x46b50a40 f22:0x00000000 f31=0x00000000
     380485.000 ns	     38047	80007da0	00abf4b3	and	x9,x23,x10	 x23:0x04002081 x10:0x00000444  x9=0x00000000
     380505.000 ns	     38049	80007da4	a06b2ed3	feq.s	x29,f22,f6	 f22:0x00000000  f6:0x4f555bc0 x29=0x00000000
     380525.000 ns	     38051	80007da8	cb81e093	ori	x1,x3,-840	  x3:0x00000000  x1=0xfffffcb8
     380535.000 ns	     38052	80007dac	004e6e33	or	x28,x28,x4	 x28:0x4713cf28  x4:0xfffffd3b x28=0xffffff3b
     380545.000 ns	     38053	80007db0	411fd013	srai	x0,x31,0x11	 x31:0xffffffff
     380565.000 ns	     38055	80007db4	e00398d3	fclass.s	x17,f7	  f7:0x00000000 x17=0x00000010
     380585.000 ns	     38057	80007db8	00e3bbb3	sltu	x23,x7,x14	  x7:0x91000000 x14:0x80040fe4 x23=0x00000000
     380595.000 ns	     38058	80007dbc	417ad633	sra	x12,x21,x23	 x21:0xffffffff x23:0x04002081 x12=0xffffffff
     380615.000 ns	     38060	80007dc0	a1ba27d3	feq.s	x15,f20,f27	 f20:0x00000000 f27:0xceaaaf64 x15=0x00000000
     380645.000 ns	     38063	80007dc4	a1a013d3	flt.s	x7,f0,f26	  f0:0x4eaaaf63 f26:0xaaa84e4e  x7=0x00000000
     380665.000 ns	     38065	80007dc8	01c6d193	srli	x3,x13,0x1c	 x13:0x00000000  x3=0x00000000
     381025.000 ns	     38101	80007dcc	035243b3	div	x7,x4,x21	  x4:0xfffffd3b x21:0xffffffff  x7=0x000002c5
     381045.000 ns	     38103	80007dd0	01f99493	slli	x9,x19,0x1f	 x19:0x00000000  x9=0x00000000
     381055.000 ns	     38104	80007dd4	00000013	addi	x0,x0,0	  x0:0x00000000
     381075.000 ns	     38106	80007dd8	d009f553	fcvt.s.w	f10,x19	 x19:0x00000000 f10=0x00000000
     381105.000 ns	     38109	80007ddc	287506d3	fmin.s	f13,f10,f7	 f10:0x3f800000  f7:0x00000000 f13=0x00000000
     381125.000 ns	     38111	80007de0	408bce93	xori	x29,x23,1032	 x23:0x00000000 x29=0x00000408
     381135.000 ns	     38112	80007de4	00085033	srl	x0,x16,x0	 x16:0x00000000  x0:0x00000000
     381155.000 ns	     38114	80007de8	21ae95d3	fsgnjn.s	f11,f29,f26	 f29:0x4713cf27 f26:0xaaa84e4e f11=0x4713cf27
     381185.000 ns	     38117	80007dec	e00c1dd3	fclass.s	x27,f24	 f24:0x46b50a40 x27=0x00000040
     381205.000 ns	     38119	80007df0	015280b3	add	x1,x5,x21	  x5:0x80041024 x21:0xffffffff  x1=0x80041023
     381225.000 ns	     38121	80007df4	029401b3	mul	x3,x8,x9	  x8:0x00000000  x9:0x00000000  x3=0x00000000
     381255.000 ns	     38124	80007df8	a0252a53	feq.s	x20,f10,f2	 f10:0x00000000  f2:0x4eaaaf63 x20=0x00000000
     381275.000 ns	     38126	80007dfc	0b203137	lui	x2,0xb203	  x2=0x0b203000
     381285.000 ns	     38127	80007e00	00f8ecb3	or	x25,x17,x15	 x17:0x00000010 x15:0x00000000 x25=0x00000010
     381305.000 ns	     38129	80007e04	a1b09f53	flt.s	x30,f1,f27	  f1:0x46f15830 f27:0xceaaaf64 x30=0x00000000
     381335.000 ns	     38132	80007e08	e00d9ad3	fclass.s	x21,f27	 f27:0xceaaaf64 x21=0x00000002
     381365.000 ns	     38135	80007e0c	f0018553	fmv.w.x	f10,x3	  x3:0x00000000 f10=0x00000000
     381385.000 ns	     38137	80007e10	013d35b3	sltu	x11,x26,x19	 x26:0x46729000 x19:0x00000000 x11=0x00000000
     381745.000 ns	     38173	80007e14	02eed633	divu	x12,x29,x14	 x29:0x00000408 x14:0x80040fe4 x12=0x00000000
     381775.000 ns	     38176	80007e18	023cd8b3	divu	x17,x25,x3	 x25:0x00000010  x3:0x00000000 x17=0xffffffff
     381825.000 ns	     38181	80007e1c	00fb8653	fadd.s	f12,f23,f15	 f23:0x7fc00000 f15:0x80000000 f12=0x7fc00000
     381845.000 ns	     38183	80007e20	e0838893	addi	x17,x7,-504	  x7:0x000002c5 x17=0x000000cd
     381855.000 ns	     38184	80007e24	01325033	srl	x0,x4,x19	  x4:0xfffffd3b x19:0x00000000
     381875.000 ns	     38186	80007e28	021c9cb3	mulh	x25,x25,x1	 x25:0x00000010  x1:0x80041023 x25=0xfffffff8
     381905.000 ns	     38189	80007e2c	02b24d33	div	x26,x4,x11	  x4:0xfffffd3b x11:0x00000000 x26=0xffffffff
     381925.000 ns	     38191	80007e30	00712fb3	slt	x31,x2,x7	  x2:0x0b203000  x7:0x000002c5 x31=0x00000000
     381945.000 ns	     38193	80007e34	21d68ed3	fsgnj.s	f29,f13,f29	 f13:0x00000000 f29:0x4713cf27 f29=0x00000000
     381975.000 ns	     38196	80007e38	f0050253	fmv.w.x	f4,x10	 x10:0x00000444  f4=0x00000444
     381995.000 ns	     38198	80007e3c	404c5fb3	sra	x31,x24,x4	 x24:0x00000444  x4:0xfffffd3b x31=0x00000000
     382005.000 ns	     38199	80007e40	0116a933	slt	x18,x13,x17	 x13:0x00000000 x17:0x000000cd x18=0x00000001
     382015.000 ns	     38200	80007e44	00002933	slt	x18,x0,x0	  x0:0x00000000  x0:0x00000000 x18=0x00000000
     382055.000 ns	     38204	80007e48	093d7c53	fsub.s	f24,f26,f19	 f26:0xaaa84e4e f19:0x4c800410 f24=0xcc800410
     382075.000 ns	     38206	80007e4c	4e84c017	auipc	x0,0x4e84c	
     382095.000 ns	     38208	80007e50	02e327b3	mulhsu	x15,x6,x14	  x6:0x00000000 x14:0x80040fe4 x15=0x00000000
     382125.000 ns	     38211	80007e54	294f0853	fmin.s	f16,f30,f20	 f30:0x4eaaaf63 f20:0x00000000 f16=0x00000000
     382145.000 ns	     38213	80007e58	a8b72913	slti	x18,x14,-1397	 x14:0x80040fe4 x18=0x00000001
     382165.000 ns	     38215	80007e5c	0344abb3	mulhsu	x23,x9,x20	  x9:0x00000000 x20:0x00000000 x23=0x00000000
     382185.000 ns	     38217	80007e60	052eb393	sltiu	x7,x29,82	 x29:0x00000408  x7=0x00000000
     382205.000 ns	     38219	80007e64	039abd33	mulhu	x26,x21,x25	 x21:0x00000002 x25:0xfffffff8 x26=0x00000001
     382235.000 ns	     38222	80007e68	a01d93d3	flt.s	x7,f27,f1	 f27:0xceaaaf64  f1:0x46f15830  x7=0x00000001
     382265.000 ns	     38225	80007e6c	21d59553	fsgnjn.s	f10,f11,f29	 f11:0x4713cf27 f29:0x00000000 f10=0xc713cf27
     382295.000 ns	     38228	80007e70	c017a853	fcvt.wu.s	x16,f15	 f15:0x80000000 x16=0x00000000
     382315.000 ns	     38230	80007e74	4144ddb3	sra	x27,x9,x20	  x9:0x00000000 x20:0x00000000 x27=0x00000000
     382335.000 ns	     38232	80007e78	a13883d3	fle.s	x7,f17,f19	 f17:0x4713cf27 f19:0x4c800410  x7=0x00000001
     382365.000 ns	     38235	80007e7c	a1541653	flt.s	x12,f8,f21	  f8:0x80000000 f21:0x4fc00207 x12=0x00000001
     382395.000 ns	     38238	80007e80	02fbb533	mulhu	x10,x23,x15	 x23:0x00000000 x15:0x00000000 x10=0x00000000
     382415.000 ns	     38240	80007e84	014acfb3	xor	x31,x21,x20	 x21:0x00000002 x20:0x00000000 x31=0x00000002
     382435.000 ns	     38242	80007e88	d01281d3	fcvt.s.wu	f3,x5	  x5:0x80041024  f3=0x4f000410
     382455.000 ns	     38244	80007e8c	016a51b3	srl	x3,x20,x22	 x20:0x00000000 x22:0xaaa84e4e  x3=0x00000000
     382475.000 ns	     38246	80007e90	036806b3	mul	x13,x16,x22	 x16:0x00000000 x22:0xaaa84e4e x13=0x00000000
     382495.000 ns	     38248	80007e94	01111593	slli	x11,x2,0x11	  x2:0x0b203000 x11=0x60000000
     382515.000 ns	     38250	80007e98	e00600d3	fmv.x.w	x1,f12	 f12:0x7fc00000  x1=0x7fc00000
     382545.000 ns	     38253	80007e9c	02a62533	mulhsu	x10,x12,x10	 x12:0x00000001 x10:0x00000000 x10=0x00000000
     382565.000 ns	     38255	80007ea0	00015113	srli	x2,x2,0x0	  x2:0x0b203000  x2=0x0b203000
     383735.000 ns	     38372	80007ea4	5809ffd3	fsqrt.s	f31,f19	 f19:0x4c800410 f31=0x460001e0
     383765.000 ns	     38375	80007ea8	026f7633	remu	x12,x30,x6	 x30:0x00000000  x6:0x00000000 x12=0x00000000
     383785.000 ns	     38377	80007eac	00be4d33	xor	x26,x28,x11	 x28:0xffffff3b x11:0x60000000 x26=0x9fffff3b
     383825.000 ns	     38381	80007eb0	014b7753	fadd.s	f14,f22,f20	 f22:0x00000000 f20:0x00000000 f14=0x00000000
     383855.000 ns	     38384	80007eb4	28b21553	fmax.s	f10,f4,f11	  f4:0x00000444 f11:0x4713cf27 f10=0x4713cf27
     383885.000 ns	     38387	80007eb8	d0047453	fcvt.s.w	f8,x8	  x8:0x00000000  f8=0x00000000
     383905.000 ns	     38389	80007ebc	26741f37	lui	x30,0x26741	 x30=0x26741000
     383915.000 ns	     38390	80007ec0	006018b3	sll	x17,x0,x6	  x0:0x00000000  x6:0x00000000 x17=0x00000000
     384275.000 ns	     38426	80007ec4	02b6dbb3	divu	x23,x13,x11	 x13:0x00000000 x11:0x60000000 x23=0x00000000
     384295.000 ns	     38428	80007ec8	914e0493	addi	x9,x28,-1772	 x28:0xffffff3b  x9=0xfffff84f
     384315.000 ns	     38430	80007ecc	03b90eb3	mul	x29,x18,x27	 x18:0x00000001 x27:0x00000000 x29=0x00000000
     384345.000 ns	     38433	80007ed0	299c91d3	fmax.s	f3,f25,f25	 f25:0xbf800000 f25:0xbf800000  f3=0xbf800000
     384375.000 ns	     38436	80007ed4	039d01b3	mul	x3,x26,x25	 x26:0x9fffff3b x25:0xfffffff8  x3=0x00000628
     384395.000 ns	     38438	80007ed8	00749d13	slli	x26,x9,0x7	  x9:0xfffff84f x26=0xfffc2780
     384415.000 ns	     38440	80007edc	c0007053	fcvt.w.s	x0,f0	  f0:0x4eaaaf63
     384785.000 ns	     38477	80007ee0	03a4dcb3	divu	x25,x9,x26	  x9:0xfffff84f x26:0x9fffff3b x25=0x00000001
     385155.000 ns	     38514	80007ee4	0365f1b3	remu	x3,x11,x22	 x11:0x60000000 x22:0xaaa84e4e  x3=0x60000000
     385185.000 ns	     38517	80007ee8	a1199fd3	flt.s	x31,f19,f17	 f19:0x4c800410 f17:0x4713cf27 x31=0x00000000
     385205.000 ns	     38519	80007eec	011e1593	slli	x11,x28,0x11	 x28:0xffffff3b x11=0xfe760000
     385225.000 ns	     38521	80007ef0	d00774d3	fcvt.s.w	f9,x14	 x14:0x80040fe4  f9=0xcefff7e0
     385595.000 ns	     38558	80007ef4	02134d33	div	x26,x6,x1	  x6:0x00000000  x1:0x7fc00000 x26=0x00000000
     385645.000 ns	     38563	80007ef8	08f128d3	fsub.s	f17,f2,f15	  f2:0x4eaaaf63 f15:0x80000000 f17=0x4eaaaf63
     385665.000 ns	     38565	80007efc	00367833	and	x16,x12,x3	 x12:0x00000000  x3:0x60000000 x16=0x00000000
     385685.000 ns	     38567	80007f00	02c62c33	mulhsu	x24,x12,x12	 x12:0x00000000 x12:0x00000000 x24=0x00000000
     385705.000 ns	     38569	80007f04	00e35093	srli	x1,x6,0xe	  x6:0x00000000  x1=0x00000000
     385715.000 ns	     38570	80007f08	40095d13	srai	x26,x18,0x0	 x18:0x00000001 x26=0x00000001
     385735.000 ns	     38572	80007f0c	030bb5b3	mulhu	x11,x23,x16	 x23:0x00000000 x16:0x00000000 x11=0x00000000
     385755.000 ns	     38574	80007f10	7c430693	addi	x13,x6,1988	  x6:0x00000000 x13=0x000007c4
     385775.000 ns	     38576	80007f14	20f80853	fsgnj.s	f16,f16,f15	 f16:0x00000000 f15:0x80000000 f16=0x80000000
     385805.000 ns	     38579	80007f18	c01a11d3	fcvt.wu.s	x3,f20	 f20:0x00000000  x3=0x00000000
     385835.000 ns	     38582	80007f1c	c01273d3	fcvt.wu.s	x7,f4	  f4:0x00000444  x7=0x00000000
     385865.000 ns	     38585	80007f20	c000b0d3	fcvt.w.s	x1,f1	  f1:0x46f15830  x1=0x000078ad
     385915.000 ns	     38590	80007f24	08ed0053	fsub.s	f0,f26,f14	 f26:0xaaa84e4e f14:0x00000000  f0=0xaaa84e4e
     386285.000 ns	     38627	80007f28	03ccde33	divu	x28,x25,x28	 x25:0x00000001 x28:0xffffff3b x28=0x00000000
     386315.000 ns	     38630	80007f2c	c019be53	fcvt.wu.s	x28,f19	 f19:0x4c800410 x28=0x04002080
     386335.000 ns	     38632	80007f30	415cdc33	sra	x24,x25,x21	 x25:0x00000001 x21:0x00000002 x24=0x00000000
     386355.000 ns	     38634	80007f34	28258ed3	fmin.s	f29,f11,f2	 f11:0x4713cf27  f2:0x4eaaaf63 f29=0x4713cf27
     386375.000 ns	     38636	80007f38	59cae113	ori	x2,x21,1436	 x21:0x00000002  x2=0x0000059e
     386385.000 ns	     38637	80007f3c	6cdd9317	auipc	x6,0x6cdd9	  x6=0xecde0f3c
     386395.000 ns	     38638	80007f40	0000c4b3	xor	x9,x1,x0	  x1:0x000078ad  x0:0x00000000  x9=0x000078ad
     386405.000 ns	     38639	80007f44	00000013	addi	x0,x0,0	  x0:0x00000000
     386415.000 ns	     38640	80007f48	dcda8f93	addi	x31,x21,-563	 x21:0x00000002 x31=0xfffffdcf
     386425.000 ns	     38641	80007f4c	01fa5a13	srli	x20,x20,0x1f	 x20:0x00000000 x20=0x00000000
     386445.000 ns	     38643	80007f50	210c0653	fsgnj.s	f12,f24,f16	 f24:0xcc800410 f16:0x80000000 f12=0xcc800410
     386475.000 ns	     38646	80007f54	e00393d3	fclass.s	x7,f7	  f7:0x00000000  x7=0x00000010
     386495.000 ns	     38648	80007f58	a98d4493	xori	x9,x26,-1384	 x26:0x00000001  x9=0xfffffa99
     386505.000 ns	     38649	80007f5c	d961f793	andi	x15,x3,-618	  x3:0x00000000 x15=0x00000000
     386515.000 ns	     38650	80007f60	00ed98b3	sll	x17,x27,x14	 x27:0x00000000 x14:0x80040fe4 x17=0x00000000
     386525.000 ns	     38651	80007f64	00000013	addi	x0,x0,0	  x0:0x00000000
     386555.000 ns	     38654	80007f68	110a7853	fmul.s	f16,f20,f16	 f20:0x00000000 f16:0x80000000 f16=0x80000000
     386585.000 ns	     38657	80007f6c	0314beb3	mulhu	x29,x9,x17	  x9:0xfffffa99 x17:0x00000000 x29=0x00000000
     386605.000 ns	     38659	80007f70	00000013	addi	x0,x0,0	  x0:0x00000000
     386625.000 ns	     38661	80007f74	f0068853	fmv.w.x	f16,x13	 x13:0x000007c4 f16=0x000007c4
     386655.000 ns	     38664	80007f78	a08f10d3	flt.s	x1,f30,f8	 f30:0x4eaaaf63  f8:0x00000000  x1=0x00000000
     386695.000 ns	     38668	80007f7c	580b37d3	fsqrt.s	f15,f22	 f22:0x00000000 f15=0x00000000
     386725.000 ns	     38671	80007f80	21721853	fsgnjn.s	f16,f4,f23	  f4:0x00000444 f23:0x7fc00000 f16=0x80000444
     386745.000 ns	     38673	80007f84	009093b3	sll	x7,x1,x9	  x1:0x00000000  x9:0xfffffa99  x7=0x00000000
     386765.000 ns	     38675	80007f88	d00ca853	fcvt.s.w	f16,x25	 x25:0x00000001 f16=0x3f800000
     386785.000 ns	     38677	80007f8c	41bd5693	srai	x13,x26,0x1b	 x26:0x00000001 x13=0x00000000
     386795.000 ns	     38678	80007f90	015a1493	slli	x9,x20,0x15	 x20:0x00000000  x9=0x00000000
     386815.000 ns	     38680	80007f94	027358b3	divu	x17,x6,x7	  x6:0xecde0f3c  x7:0x00000000 x17=0xffffffff
     386835.000 ns	     38682	80007f98	00e60ab3	add	x21,x12,x14	 x12:0x00000000 x14:0x80040fe4 x21=0x80040fe4
     386845.000 ns	     38683	80007f9c	015c0833	add	x16,x24,x21	 x24:0x00000000 x21:0x00000002 x16=0x80040fe4
     386855.000 ns	     38684	80007fa0	00337eb3	and	x29,x6,x3	  x6:0xecde0f3c  x3:0x00000000 x29=0x00000000
     386865.000 ns	     38685	80007fa4	00000013	addi	x0,x0,0	  x0:0x00000000
     386885.000 ns	     38687	80007fa8	294b0153	fmin.s	f2,f22,f20	 f22:0x00000000 f20:0x00000000  f2=0x00000000
     386915.000 ns	     38690	80007fac	03fe99b3	mulh	x19,x29,x31	 x29:0x00000000 x31:0xfffffdcf x19=0x00000000
     386935.000 ns	     38692	80007fb0	01728633	add	x12,x5,x23	  x5:0x80041024 x23:0x00000000 x12=0x80041024
     386945.000 ns	     38693	80007fb4	a54caf93	slti	x31,x25,-1452	 x25:0x00000001 x31=0x00000000
     386955.000 ns	     38694	80007fb8	b2f5c893	xori	x17,x11,-1233	 x11:0x00000000 x17=0xfffffb2f
     386995.000 ns	     38698	80007fbc	015a7653	fadd.s	f12,f20,f21	 f20:0x00000000 f21:0x4fc00207 f12=0x4fc00207
     387025.000 ns	     38701	80007fc0	0277da33	divu	x20,x15,x7	 x15:0x00000000  x7:0x00000000 x20=0xffffffff
     387055.000 ns	     38704	80007fc4	c011f4d3	fcvt.wu.s	x9,f3	  f3:0xbf800000  x9=0x00000001
     387085.000 ns	     38707	80007fc8	21990dd3	fsgnj.s	f27,f18,f25	 f18:0x00000000 f25:0xbf800000 f27=0x80000000
     387105.000 ns	     38709	80007fcc	c8a54a13	xori	x20,x10,-886	 x10:0x00000000 x20=0xfffffc8a
     387125.000 ns	     38711	80007fd0	21e88a53	fsgnj.s	f20,f17,f30	 f17:0x4eaaaf63 f30:0x4eaaaf63 f20=0x4eaaaf63
     387145.000 ns	     38713	80007fd4	014fc7b3	xor	x15,x31,x20	 x31:0x00000000 x20:0xffffffff x15=0xfffffc8a
     387155.000 ns	     38714	80007fd8	9eeaad13	slti	x26,x21,-1554	 x21:0x80040fe4 x26=0x00000001
     387175.000 ns	     38716	80007fdc	e00494d3	fclass.s	x9,f9	  f9:0xcefff7e0  x9=0x00000002
     387205.000 ns	     38719	80007fe0	c00f9c53	fcvt.w.s	x24,f31	 f31:0x460001e0 x24=0x00002000
     387245.000 ns	     38723	80007fe4	104278d3	fmul.s	f17,f4,f4	  f4:0x00000444  f4:0x00000444 f17=0x00000000
     387265.000 ns	     38725	80007fe8	a6ab6593	ori	x11,x22,-1430	 x22:0xaaa84e4e x11=0xfffffe6e
     387285.000 ns	     38727	80007fec	294f9453	fmax.s	f8,f31,f20	 f31:0x460001e0 f20:0x4eaaaf63  f8=0x4eaaaf63
     387655.000 ns	     38764	80007ff0	03ec4a33	div	x20,x24,x30	 x24:0x00002000 x30:0x26741000 x20=0x00000000
     387685.000 ns	     38767	80007ff4	20efae53	fsgnjx.s	f28,f31,f14	 f31:0x460001e0 f14:0x00000000 f28=0x460001e0
     388865.000 ns	     38885	80007ff8	58042553	fsqrt.s	f10,f8	  f8:0x4eaaaf63 f10=0x4713cf27
     388885.000 ns	     38887	80007ffc	7c53e513	ori	x10,x7,1989	  x7:0x00000000 x10=0x000007c5
     388905.000 ns	     38889	80008000	215d8ed3	fsgnj.s	f29,f27,f21	 f27:0x80000000 f21:0x4fc00207 f29=0x00000000
     388935.000 ns	     38892	80008004	21b78653	fsgnj.s	f12,f15,f27	 f15:0x00000000 f27:0x80000000 f12=0x80000000
     388965.000 ns	     38895	80008008	20309ad3	fsgnjn.s	f21,f1,f3	  f1:0x46f15830  f3:0xbf800000 f21=0x46f15830
     389015.000 ns	     38900	8000800c	09f4bc53	fsub.s	f24,f9,f31	  f9:0xcefff7e0 f31:0x460001e0 f24=0xcefff820
     389035.000 ns	     38902	80008010	011717b3	sll	x15,x14,x17	 x14:0x80040fe4 x17:0xfffffb2f x15=0x07f20000
     389055.000 ns	     38904	80008014	21b70753	fsgnj.s	f14,f14,f27	 f14:0x00000000 f27:0x80000000 f14=0x80000000
     389085.000 ns	     38907	80008018	297a99d3	fmax.s	f19,f21,f23	 f21:0x46f15830 f23:0x7fc00000 f19=0x46f15830
     389115.000 ns	     38910	8000801c	a12a9453	flt.s	x8,f21,f18	 f21:0x46f15830 f18:0x00000000  x8=0x00000000
     389145.000 ns	     38913	80008020	29701653	fmax.s	f12,f0,f23	  f0:0xaaa84e4e f23:0x7fc00000 f12=0xaaa84e4e
     389185.000 ns	     38917	80008024	18218cd3	fdiv.s	f25,f3,f2	  f3:0xbf800000  f2:0x00000000 f25=0xff800000
     389215.000 ns	     38920	80008028	c01a3353	fcvt.wu.s	x6,f20	 f20:0x4eaaaf63  x6=0x5557b180
     389235.000 ns	     38922	8000802c	01f50233	add	x4,x10,x31	 x10:0x000007c5 x31:0x00000000  x4=0x000007c5
     389245.000 ns	     38923	80008030	00407cb3	and	x25,x0,x4	  x0:0x00000000  x4:0xfffffd3b x25=0x00000000
     389605.000 ns	     38959	80008034	03edd1b3	divu	x3,x27,x30	 x27:0x00000000 x30:0x26741000  x3=0x00000000
     389635.000 ns	     38962	80008038	e00818d3	fclass.s	x17,f16	 f16:0x3f800000 x17=0x00000040
     389655.000 ns	     38964	8000803c	d0dd2213	slti	x4,x26,-755	 x26:0x00000001  x4=0x00000000
     389675.000 ns	     38966	80008040	031d3fb3	mulhu	x31,x26,x17	 x26:0x00000001 x17:0x00000040 x31=0x00000000
     389705.000 ns	     38969	80008044	20bb8a53	fsgnj.s	f20,f23,f11	 f23:0x7fc00000 f11:0x4713cf27 f20=0x7fc00000
     389735.000 ns	     38972	80008048	20e38b53	fsgnj.s	f22,f7,f14	  f7:0x00000000 f14:0x80000000 f22=0x80000000
     389765.000 ns	     38975	8000804c	03558bb3	mul	x23,x11,x21	 x11:0xfffffe6e x21:0x80040fe4 x23=0xf99f0bf8
     389815.000 ns	     38980	80008050	09acf753	fsub.s	f14,f25,f26	 f25:0xff800000 f26:0xaaa84e4e f14=0xff800000
     389845.000 ns	     38983	80008054	21a489d3	fsgnj.s	f19,f9,f26	  f9:0xcefff7e0 f26:0xaaa84e4e f19=0xcefff7e0
     389865.000 ns	     38985	80008058	01e89133	sll	x2,x17,x30	 x17:0x00000040 x30:0x26741000  x2=0x00000040
     389875.000 ns	     38986	8000805c	b7c30693	addi	x13,x6,-1156	  x6:0x5557b180 x13=0x5557acfc
     389895.000 ns	     38988	80008060	e00f1853	fclass.s	x16,f30	 f30:0x4eaaaf63 x16=0x00000040
     389925.000 ns	     38991	80008064	a10f8853	fle.s	x16,f31,f16	 f31:0x460001e0 f16:0x3f800000 x16=0x00000000
     389945.000 ns	     38993	80008068	41a85a93	srai	x21,x16,0x1a	 x16:0x00000040 x21=0x00000000
     389955.000 ns	     38994	8000806c	40a95a13	srai	x20,x18,0xa	 x18:0x00000001 x20=0x00000000
     389975.000 ns	     38996	80008070	03f87db3	remu	x27,x16,x31	 x16:0x00000000 x31:0x00000000 x27=0x00000000
     390005.000 ns	     38999	80008074	023201b3	mul	x3,x4,x3	  x4:0x00000000  x3:0x00000000  x3=0x00000000
     390025.000 ns	     39001	80008078	44c1ed13	ori	x26,x3,1100	  x3:0x00000000 x26=0x0000044c
     390065.000 ns	     39005	8000807c	0974a053	fsub.s	f0,f9,f23	  f9:0xcefff7e0 f23:0x7fc00000  f0=0x7fc00000
     390095.000 ns	     39008	80008080	e00517d3	fclass.s	x15,f10	 f10:0x4713cf27 x15=0x00000040
     390465.000 ns	     39045	80008084	037dcf33	div	x30,x27,x23	 x27:0x00000000 x23:0xf99f0bf8 x30=0x00000000
     390485.000 ns	     39047	80008088	00ffca33	xor	x20,x31,x15	 x31:0x00000000 x15:0x00000040 x20=0x00000040
     390495.000 ns	     39048	8000808c	0cc6a493	slti	x9,x13,204	 x13:0x5557acfc  x9=0x00000000
     390505.000 ns	     39049	80008090	013eccb3	xor	x25,x29,x19	 x29:0x00000000 x19:0x00000000 x25=0x00000000
     390525.000 ns	     39051	80008094	03990a33	mul	x20,x18,x25	 x18:0x00000001 x25:0x00000000 x20=0x00000000
     390545.000 ns	     39053	80008098	07ba2893	slti	x17,x20,123	 x20:0x00000040 x17=0x00000001
     390565.000 ns	     39055	8000809c	213922d3	fsgnjx.s	f5,f18,f19	 f18:0x00000000 f19:0xcefff7e0  f5=0x80000000
     390585.000 ns	     39057	800080a0	00275c93	srli	x25,x14,0x2	 x14:0x80040fe4 x25=0x200103f9
     390595.000 ns	     39058	800080a4	41760133	sub	x2,x12,x23	 x12:0x80041024 x23:0xf99f0bf8  x2=0x8665042c
     390605.000 ns	     39059	800080a8	00e703b3	add	x7,x14,x14	 x14:0x80040fe4 x14:0x80040fe4  x7=0x00081fc8
     390625.000 ns	     39061	800080ac	a19b07d3	fle.s	x15,f22,f25	 f22:0x80000000 f25:0xff800000 x15=0x00000000
     390645.000 ns	     39063	800080b0	01adde93	srli	x29,x27,0x1a	 x27:0x00000000 x29=0x00000000
     390655.000 ns	     39064	800080b4	38802d93	slti	x27,x0,904	  x0:0x00000000 x27=0x00000001
     390675.000 ns	     39066	800080b8	284716d3	fmax.s	f13,f14,f4	 f14:0xff800000  f4:0x00000444 f13=0x00000444
     390705.000 ns	     39069	800080bc	e0008553	fmv.x.w	x10,f1	  f1:0x46f15830 x10=0x46f15830
     390735.000 ns	     39072	800080c0	03520f33	mul	x30,x4,x21	  x4:0x00000000 x21:0x00000000 x30=0x00000000
     390755.000 ns	     39074	800080c4	f4092593	slti	x11,x18,-192	 x18:0x00000001 x11=0x00000000
     390785.000 ns	     39077	800080c8	182379d3	fdiv.s	f19,f6,f2	  f6:0x4f555bc0  f2:0x00000000 f19=0x7f800000
     390805.000 ns	     39079	800080cc	a8817093	andi	x1,x2,-1400	  x2:0x8665042c  x1=0x86650008
     390835.000 ns	     39082	800080d0	19913553	fdiv.s	f10,f2,f25	  f2:0x00000000 f25:0xff800000 f10=0x80000000
     390855.000 ns	     39084	800080d4	01703bb3	sltu	x23,x0,x23	  x0:0x00000000 x23:0xf99f0bf8 x23=0x00000001
     390865.000 ns	     39085	800080d8	00913eb3	sltu	x29,x2,x9	  x2:0x8665042c  x9:0x00000000 x29=0x00000000
     390875.000 ns	     39086	800080dc	8374ac93	slti	x25,x9,-1993	  x9:0x00000000 x25=0x00000000
     390915.000 ns	     39090	800080e0	08194853	fsub.s	f16,f18,f1	 f18:0x00000000  f1:0x46f15830 f16=0xc6f15830
     391285.000 ns	     39127	800080e4	027d7233	remu	x4,x26,x7	 x26:0x0000044c  x7:0x00081fc8  x4=0x0000044c
     391655.000 ns	     39164	800080e8	03a1fbb3	remu	x23,x3,x26	  x3:0x00000000 x26:0x0000044c x23=0x00000000
     391675.000 ns	     39166	800080ec	00000013	addi	x0,x0,0	  x0:0x00000000
     391685.000 ns	     39167	800080f0	016045b3	xor	x11,x0,x22	  x0:0x00000000 x22:0xaaa84e4e x11=0xaaa84e4e
     391695.000 ns	     39168	800080f4	00fdd1b3	srl	x3,x27,x15	 x27:0x00000001 x15:0x00000000  x3=0x00000001
     391705.000 ns	     39169	800080f8	00ca0bb3	add	x23,x20,x12	 x20:0x00000000 x12:0x80041024 x23=0x80041024
     391735.000 ns	     39172	800080fc	1970af53	fdiv.s	f30,f1,f23	  f1:0x46f15830 f23:0x7fc00000 f30=0x7fc00000
     391755.000 ns	     39174	80008100	d254f0b7	lui	x1,0xd254f	  x1=0xd254f000
     391765.000 ns	     39175	80008104	02e4fd13	andi	x26,x9,46	  x9:0x00000000 x26=0x00000000
     391785.000 ns	     39177	80008108	21d7a653	fsgnjx.s	f12,f15,f29	 f15:0x00000000 f29:0x00000000 f12=0x00000000
     391805.000 ns	     39179	8000810c	119c8493	addi	x9,x25,281	 x25:0x00000000  x9=0x00000119
     391835.000 ns	     39182	80008110	194175d3	fdiv.s	f11,f2,f20	  f2:0x00000000 f20:0x7fc00000 f11=0x7fc00000
     391865.000 ns	     39185	80008114	a1011dd3	flt.s	x27,f2,f16	  f2:0x00000000 f16:0xc6f15830 x27=0x00000000
     391895.000 ns	     39188	80008118	035ab3b3	mulhu	x7,x21,x21	 x21:0x00000000 x21:0x00000000  x7=0x00000000
     391925.000 ns	     39191	8000811c	a02328d3	feq.s	x17,f6,f2	  f6:0x4f555bc0  f2:0x00000000 x17=0x00000000
     391945.000 ns	     39193	80008120	00000013	addi	x0,x0,0	  x0:0x00000000
     391965.000 ns	     39195	80008124	02b81333	mulh	x6,x16,x11	 x16:0x00000000 x11:0xaaa84e4e  x6=0x00000000
     391995.000 ns	     39198	80008128	039fea33	rem	x20,x31,x25	 x31:0x00000000 x25:0x00000000 x20=0x00000000
     392025.000 ns	     39201	8000812c	29801753	fmax.s	f14,f0,f24	  f0:0x7fc00000 f24:0xcefff820 f14=0xcefff820
     392055.000 ns	     39204	80008130	0225a133	mulhsu	x2,x11,x2	 x11:0xaaa84e4e  x2:0x8665042c  x2=0xd3326bff
     392075.000 ns	     39206	80008134	0e05b693	sltiu	x13,x11,224	 x11:0xaaa84e4e x13=0x00000000
     392085.000 ns	     39207	80008138	ca57c013	xori	x0,x15,-859	 x15:0x00000000
     392125.000 ns	     39211	8000813c	01da4453	fadd.s	f8,f20,f29	 f20:0x7fc00000 f29:0x00000000  f8=0x7fc00000
     392155.000 ns	     39214	80008140	0337e7b3	rem	x15,x15,x19	 x15:0x00000000 x19:0x00000000 x15=0x00000000
     392175.000 ns	     39216	80008144	413107b3	sub	x15,x2,x19	  x2:0xd3326bff x19:0x00000000 x15=0xd3326bff
     392185.000 ns	     39217	80008148	86293037	lui	x0,0x86293	
     392205.000 ns	     39219	8000814c	03554233	div	x4,x10,x21	 x10:0x46f15830 x21:0x00000000  x4=0xffffffff
     392235.000 ns	     39222	80008150	21ae87d3	fsgnj.s	f15,f29,f26	 f29:0x00000000 f26:0xaaa84e4e f15=0x80000000
     392255.000 ns	     39224	80008154	004f6c33	or	x24,x30,x4	 x30:0x00000000  x4:0xffffffff x24=0xffffffff
     392265.000 ns	     39225	80008158	01ec6f33	or	x30,x24,x30	 x24:0x00002000 x30:0x00000000 x30=0xffffffff
     392305.000 ns	     39229	8000815c	015c85d3	fadd.s	f11,f25,f21	 f25:0xff800000 f21:0x46f15830 f11=0xff800000
     392335.000 ns	     39232	80008160	d009ca53	fcvt.s.w	f20,x19	 x19:0x00000000 f20=0x00000000
     392355.000 ns	     39234	80008164	001987b3	add	x15,x19,x1	 x19:0x00000000  x1:0xd254f000 x15=0xd254f000
     392375.000 ns	     39236	80008168	031f5ab3	divu	x21,x30,x17	 x30:0xffffffff x17:0x00000000 x21=0xffffffff
     392395.000 ns	     39238	8000816c	01f0d3b3	srl	x7,x1,x31	  x1:0xd254f000 x31:0x00000000  x7=0xd254f000
     392415.000 ns	     39240	80008170	03e803b3	mul	x7,x16,x30	 x16:0x00000000 x30:0xffffffff  x7=0x00000000
     392445.000 ns	     39243	80008174	03031db3	mulh	x27,x6,x16	  x6:0x00000000 x16:0x00000000 x27=0x00000000
     392465.000 ns	     39245	80008178	9bf53f37	lui	x30,0x9bf53	 x30=0x9bf53000
     392475.000 ns	     39246	8000817c	415ad793	srai	x15,x21,0x15	 x21:0xffffffff x15=0xffffffff
     392485.000 ns	     39247	80008180	acbad837	lui	x16,0xacbad	 x16=0xacbad000
     392505.000 ns	     39249	80008184	292794d3	fmax.s	f9,f15,f18	 f15:0x80000000 f18:0x00000000  f9=0x00000000
     392525.000 ns	     39251	80008188	0116ca33	xor	x20,x13,x17	 x13:0x00000000 x17:0x00000000 x20=0x00000000
     392555.000 ns	     39254	8000818c	10cfa7d3	fmul.s	f15,f31,f12	 f31:0x460001e0 f12:0x00000000 f15=0x00000000
     392585.000 ns	     39257	80008190	211badd3	fsgnjx.s	f27,f23,f17	 f23:0x7fc00000 f17:0x00000000 f27=0x7fc00000
     392625.000 ns	     39261	80008194	5808f353	fsqrt.s	f6,f17	 f17:0x00000000  f6=0x00000000
     392645.000 ns	     39263	80008198	404ed893	srai	x17,x29,0x4	 x29:0x00000000 x17=0x00000000
     392655.000 ns	     39264	8000819c	00d49c13	slli	x24,x9,0xd	  x9:0x00000119 x24=0x00232000
     392665.000 ns	     39265	800081a0	0a58c513	xori	x10,x17,165	 x17:0x00000000 x10=0x000000a5
     392675.000 ns	     39266	800081a4	41858e33	sub	x28,x11,x24	 x11:0xaaa84e4e x24:0xffffffff x28=0xaa852e4e
     392695.000 ns	     39268	800081a8	c0038953	fcvt.w.s	x18,f7	  f7:0x00000000 x18=0x00000000
     392715.000 ns	     39270	800081ac	698f6d13	ori	x26,x30,1688	 x30:0x9bf53000 x26=0x9bf53698
     392755.000 ns	     39274	800081b0	082b0453	fsub.s	f8,f22,f2	 f22:0x80000000  f2:0x00000000  f8=0x80000000
     392795.000 ns	     39278	800081b4	10ea8c53	fmul.s	f24,f21,f14	 f21:0x46f15830 f14:0xcefff820 f24=0xd67150c3
     392815.000 ns	     39280	800081b8	01a653b3	srl	x7,x12,x26	 x12:0x80041024 x26:0x9bf53698  x7=0x00000080
     392845.000 ns	     39283	800081bc	580a7dd3	fsqrt.s	f27,f20	 f20:0x00000000 f27=0x00000000
     392875.000 ns	     39286	800081c0	028e4133	div	x2,x28,x8	 x28:0xaa852e4e  x8:0x00000000  x2=0xffffffff
     392925.000 ns	     39291	800081c4	015ff4d3	fadd.s	f9,f31,f21	 f31:0x460001e0 f21:0x46f15830  f9=0x4718ac90
     392945.000 ns	     39293	800081c8	177a4193	xori	x3,x20,375	 x20:0x00000000  x3=0x00000177
     392985.000 ns	     39297	800081cc	09458cd3	fsub.s	f25,f11,f20	 f11:0xff800000 f20:0x00000000 f25=0xff800000
     393005.000 ns	     39299	800081d0	00000013	addi	x0,x0,0	  x0:0x00000000
     393025.000 ns	     39301	800081d4	21b915d3	fsgnjn.s	f11,f18,f27	 f18:0x00000000 f27:0x00000000 f11=0x80000000
     394205.000 ns	     39419	800081d8	5806c853	fsqrt.s	f16,f13	 f13:0x00000444 f16=0x1f350a8e
     394235.000 ns	     39422	800081dc	e00989d3	fmv.x.w	x19,f19	 f19:0x7f800000 x19=0x7f800000
     394265.000 ns	     39425	800081e0	f00d01d3	fmv.w.x	f3,x26	 x26:0x9bf53698  f3=0x9bf53698
     394295.000 ns	     39428	800081e4	0214a933	mulhsu	x18,x9,x1	  x9:0x00000119  x1:0xd254f000 x18=0x000000e6
     394325.000 ns	     39431	800081e8	0314eeb3	rem	x29,x9,x17	  x9:0x00000119 x17:0x00000000 x29=0x00000119
     394355.000 ns	     39434	800081ec	e00284d3	fmv.x.w	x9,f5	  f5:0x80000000  x9=0x80000000
     394385.000 ns	     39437	800081f0	a0ac2dd3	feq.s	x27,f24,f10	 f24:0xd67150c3 f10:0x80000000 x27=0x00000000
     394405.000 ns	     39439	800081f4	00ef9c33	sll	x24,x31,x14	 x31:0x00000000 x14:0x80040fe4 x24=0x00000000
     394425.000 ns	     39441	800081f8	c00a16d3	fcvt.w.s	x13,f20	 f20:0x00000000 x13=0x00000000
     394445.000 ns	     39443	800081fc	0184dc13	srli	x24,x9,0x18	  x9:0x80000000 x24=0x00000080
     394465.000 ns	     39445	80008200	03ab8eb3	mul	x29,x23,x26	 x23:0x80041024 x26:0x9bf53698 x29=0x1c452d60
     394485.000 ns	     39447	80008204	01c20fb3	add	x31,x4,x28	  x4:0xffffffff x28:0xaa852e4e x31=0xaa852e4d
     394505.000 ns	     39449	80008208	f00d0bd3	fmv.w.x	f23,x26	 x26:0x9bf53698 f23=0x9bf53698
     394545.000 ns	     39453	8000820c	10ee4153	fmul.s	f2,f28,f14	 f28:0x460001e0 f14:0xcefff820  f2=0xd57ffbe0
     394915.000 ns	     39490	80008210	0331c9b3	div	x19,x3,x19	  x3:0x00000177 x19:0x7f800000 x19=0x00000000
     394945.000 ns	     39493	80008214	a0459f53	flt.s	x30,f11,f4	 f11:0x80000000  f4:0x00000444 x30=0x00000001
     394965.000 ns	     39495	80008218	e1d00d93	addi	x27,x0,-483	  x0:0x00000000 x27=0xfffffe1d
     394985.000 ns	     39497	8000821c	208c0453	fsgnj.s	f8,f24,f8	 f24:0xd67150c3  f8:0x80000000  f8=0xd67150c3
     395005.000 ns	     39499	80008220	9d13f113	andi	x2,x7,-1583	  x7:0x00000080  x2=0x00000080
     395025.000 ns	     39501	80008224	03b490b3	mulh	x1,x9,x27	  x9:0x80000000 x27:0xfffffe1d  x1=0x000000f1
     395045.000 ns	     39503	80008228	a8a63d13	sltiu	x26,x12,-1398	 x12:0x80041024 x26=0x00000001
     395065.000 ns	     39505	8000822c	02173db3	mulhu	x27,x14,x1	 x14:0x80040fe4  x1:0x000000f1 x27=0x00000078
     395115.000 ns	     39510	80008230	00fd7153	fadd.s	f2,f26,f15	 f26:0xaaa84e4e f15:0x00000000  f2=0xaaa84e4e
     395145.000 ns	     39513	80008234	c0069953	fcvt.w.s	x18,f13	 f13:0x00000444 x18=0x00000000
     395165.000 ns	     39515	80008238	770cf913	andi	x18,x25,1904	 x25:0x00000000 x18=0x00000000
     395175.000 ns	     39516	8000823c	c26e2f93	slti	x31,x28,-986	 x28:0xaa852e4e x31=0x00000001
     395185.000 ns	     39517	80008240	0092d513	srli	x10,x5,0x9	  x5:0x80041024 x10=0x00400208
     395515.000 ns	     39550	80008244	182a82d3	fdiv.s	f5,f21,f2	 f21:0x46f15830  f2:0xaaa84e4e  f5=0xdbaa5c5f
     395555.000 ns	     39554	80008248	196d7953	fdiv.s	f18,f26,f22	 f26:0xaaa84e4e f22:0x80000000 f18=0x7f800000
     395575.000 ns	     39556	8000824c	28ef7813	andi	x16,x30,654	 x30:0x00000001 x16=0x00000000
     395585.000 ns	     39557	80008250	00000013	addi	x0,x0,0	  x0:0x00000000
     395595.000 ns	     39558	80008254	01f99833	sll	x16,x19,x31	 x19:0x00000000 x31:0x00000001 x16=0x00000000
     395605.000 ns	     39559	80008258	4250f093	andi	x1,x1,1061	  x1:0x000000f1  x1=0x00000021
     395625.000 ns	     39561	8000825c	02c525b3	mulhsu	x11,x10,x12	 x10:0x00400208 x12:0x80041024 x11=0x00200208
     395645.000 ns	     39563	80008260	0106bf33	sltu	x30,x13,x16	 x13:0x00000000 x16:0x00000000 x30=0x00000000
     396005.000 ns	     39599	80008264	02a75a33	divu	x20,x14,x10	 x14:0x80040fe4 x10:0x00400208 x20=0x000001ff
     396025.000 ns	     39601	80008268	78b9a313	slti	x6,x19,1931	 x19:0x00000000  x6=0x00000001
     396035.000 ns	     39602	8000826c	d72ea393	slti	x7,x29,-654	 x29:0x1c452d60  x7=0x00000000
     396055.000 ns	     39604	80008270	030543b3	div	x7,x10,x16	 x10:0x00400208 x16:0x00000000  x7=0xffffffff
     396075.000 ns	     39606	80008274	00efbcb3	sltu	x25,x31,x14	 x31:0x00000001 x14:0x80040fe4 x25=0x00000001
     396085.000 ns	     39607	80008278	00325593	srli	x11,x4,0x3	  x4:0xffffffff x11=0x1fffffff
     396095.000 ns	     39608	8000827c	01dd1313	slli	x6,x26,0x1d	 x26:0x00000001  x6=0x20000000
     396115.000 ns	     39610	80008280	02400eb3	mul	x29,x0,x4	  x0:0x00000000  x4:0xffffffff x29=0x00000000
     396135.000 ns	     39612	80008284	735e0d93	addi	x27,x28,1845	 x28:0xaa852e4e x27=0xaa853583
     396145.000 ns	     39613	80008288	00000013	addi	x0,x0,0	  x0:0x00000000
     396505.000 ns	     39649	8000828c	03635133	divu	x2,x6,x22	  x6:0x20000000 x22:0xaaa84e4e  x2=0x00000000
     396535.000 ns	     39652	80008290	031257b3	divu	x15,x4,x17	  x4:0xffffffff x17:0x00000000 x15=0xffffffff
     396555.000 ns	     39654	80008294	b8963993	sltiu	x19,x12,-1143	 x12:0x80041024 x19=0x00000001
     396585.000 ns	     39657	80008298	5805c0d3	fsqrt.s	f1,f11	 f11:0x80000000  f1=0x80000000
     396625.000 ns	     39661	8000829c	5801f2d3	fsqrt.s	f5,f3	  f3:0x9bf53698  f5=0x7fc00000
     396655.000 ns	     39664	800082a0	e00e0e53	fmv.x.w	x28,f28	 f28:0x460001e0 x28=0x460001e0
     396685.000 ns	     39667	800082a4	206f96d3	fsgnjn.s	f13,f31,f6	 f31:0x460001e0  f6:0x00000000 f13=0xc60001e0
     396715.000 ns	     39670	800082a8	f00986d3	fmv.w.x	f13,x19	 x19:0x00000001 f13=0x00000001
     396745.000 ns	     39673	800082ac	c010fd53	fcvt.wu.s	x26,f1	  f1:0x80000000 x26=0x00000000
     397115.000 ns	     39710	800082b0	024bf233	remu	x4,x23,x4	 x23:0x80041024  x4:0xffffffff  x4=0x80041024
     397135.000 ns	     39712	800082b4	00582533	slt	x10,x16,x5	 x16:0x00000000  x5:0x80041024 x10=0x00000000
     397155.000 ns	     39714	800082b8	f00d8253	fmv.w.x	f4,x27	 x27:0xaa853583  f4=0xaa853583
     397185.000 ns	     39717	800082bc	20dd2153	fsgnjx.s	f2,f26,f13	 f26:0xaaa84e4e f13:0x00000001  f2=0xaaa84e4e
     397205.000 ns	     39719	800082c0	00564f33	xor	x30,x12,x5	 x12:0x80041024  x5:0x80041024 x30=0x00000000
     397225.000 ns	     39721	800082c4	d0082653	fcvt.s.w	f12,x16	 x16:0x00000000 f12=0x00000000
     397255.000 ns	     39724	800082c8	a16187d3	fle.s	x15,f3,f22	  f3:0x9bf53698 f22:0x80000000 x15=0x00000001
     397295.000 ns	     39728	800082cc	1805bb53	fdiv.s	f22,f11,f0	 f11:0x80000000  f0:0x7fc00000 f22=0x7fc00000
     397325.000 ns	     39731	800082d0	02dd27b3	mulhsu	x15,x26,x13	 x26:0x00000000 x13:0x00000000 x15=0x00000000
     397355.000 ns	     39734	800082d4	02a52833	mulhsu	x16,x10,x10	 x10:0x00000000 x10:0x00000000 x16=0x00000000
     397375.000 ns	     39736	800082d8	0178e3b3	or	x7,x17,x23	 x17:0x00000000 x23:0x80041024  x7=0x80041024
     397395.000 ns	     39738	800082dc	d0073253	fcvt.s.w	f4,x14	 x14:0x80040fe4  f4=0xcefff7e1
     397415.000 ns	     39740	800082e0	fb313d93	sltiu	x27,x2,-77	  x2:0x00000000 x27=0x00000001
     397435.000 ns	     39742	800082e4	02f179b3	remu	x19,x2,x15	  x2:0x00000000 x15:0x00000000 x19=0x00000000
     397465.000 ns	     39745	800082e8	d0102253	fcvt.s.wu	f4,x0	  x0:0x00000000  f4=0x00000000
     397835.000 ns	     39782	800082ec	03f554b3	divu	x9,x10,x31	 x10:0x00000000 x31:0x00000001  x9=0x00000000
     397865.000 ns	     39785	800082f0	02ae2db3	mulhsu	x27,x28,x10	 x28:0x460001e0 x10:0x00000000 x27=0x00000000
     397885.000 ns	     39787	800082f4	008fe933	or	x18,x31,x8	 x31:0x00000001  x8:0x00000000 x18=0x00000001
     397895.000 ns	     39788	800082f8	40c755b3	sra	x11,x14,x12	 x14:0x80040fe4 x12:0x80041024 x11=0xf80040fe
     397915.000 ns	     39790	800082fc	20d2ad53	fsgnjx.s	f26,f5,f13	  f5:0x7fc00000 f13:0x00000001 f26=0x7fc00000
     397945.000 ns	     39793	80008300	21671f53	fsgnjn.s	f30,f14,f22	 f14:0xcefff820 f22:0x7fc00000 f30=0xcefff820
     398315.000 ns	     39830	80008304	03c473b3	remu	x7,x8,x28	  x8:0x00000000 x28:0x460001e0  x7=0x00000000
     398345.000 ns	     39833	80008308	03118db3	mul	x27,x3,x17	  x3:0x00000177 x17:0x00000000 x27=0x00000000
     398375.000 ns	     39836	8000830c	03b4a633	mulhsu	x12,x9,x27	  x9:0x00000000 x27:0x00000000 x12=0x00000000
     398405.000 ns	     39839	80008310	02df51b3	divu	x3,x30,x13	 x30:0x00000000 x13:0x00000000  x3=0xffffffff
     398435.000 ns	     39842	80008314	a18491d3	flt.s	x3,f9,f24	  f9:0x4718ac90 f24:0xd67150c3  x3=0x00000000
     398465.000 ns	     39845	80008318	21568d53	fsgnj.s	f26,f13,f21	 f13:0x00000001 f21:0x46f15830 f26=0x00000001
     398485.000 ns	     39847	8000831c	00941c13	slli	x24,x8,0x9	  x8:0x00000000 x24=0x00000000
     398495.000 ns	     39848	80008320	00d4beb3	sltu	x29,x9,x13	  x9:0x00000000 x13:0x00000000 x29=0x00000000
     398525.000 ns	     39851	80008324	58077653	fsqrt.s	f12,f14	 f14:0xcefff820 f12=0x7fc00000
     398575.000 ns	     39856	80008328	08a0fcd3	fsub.s	f25,f1,f10	  f1:0x80000000 f10:0x80000000 f25=0x00000000
     398595.000 ns	     39858	8000832c	c7e97d13	andi	x26,x18,-898	 x18:0x00000001 x26=0x00000000
     398605.000 ns	     39859	80008330	415d08b3	sub	x17,x26,x21	 x26:0x00000000 x21:0xffffffff x17=0x00000001
     398625.000 ns	     39861	80008334	03b0efb3	rem	x31,x1,x27	  x1:0x00000021 x27:0x00000000 x31=0x00000021
     398645.000 ns	     39863	80008338	8f8f6f93	ori	x31,x30,-1800	 x30:0x00000000 x31=0xfffff8f8
     398655.000 ns	     39864	8000833c	00ccda93	srli	x21,x25,0xc	 x25:0x00000001 x21=0x00000000
     398675.000 ns	     39866	80008340	202e14d3	fsgnjn.s	f9,f28,f2	 f28:0x460001e0  f2:0xaaa84e4e  f9=0x460001e0
     398715.000 ns	     39870	80008344	58032253	fsqrt.s	f4,f6	  f6:0x00000000  f4=0x00000000
     398745.000 ns	     39873	80008348	c00816d3	fcvt.w.s	x13,f16	 f16:0x1f350a8e x13=0x00000000
     398775.000 ns	     39876	8000834c	d01fa8d3	fcvt.s.wu	f17,x31	 x31:0xfffff8f8 f17=0x4f7ffff9
     398825.000 ns	     39881	80008350	003e78d3	fadd.s	f17,f28,f3	 f28:0x460001e0  f3:0x9bf53698 f17=0x460001e0
     398855.000 ns	     39884	80008354	f00c8dd3	fmv.w.x	f27,x25	 x25:0x00000001 f27=0x00000001
     398875.000 ns	     39886	80008358	0193bf33	sltu	x30,x7,x25	  x7:0x00000000 x25:0x00000001 x30=0x00000001
     398895.000 ns	     39888	8000835c	293905d3	fmin.s	f11,f18,f19	 f18:0x7f800000 f19:0x7f800000 f11=0x7f800000
     398925.000 ns	     39891	80008360	03cfbbb3	mulhu	x23,x31,x28	 x31:0xfffff8f8 x28:0x460001e0 x23=0x45fffff3
     398945.000 ns	     39893	80008364	fc3d4213	xori	x4,x26,-61	 x26:0x00000000  x4=0xffffffc3
     398955.000 ns	     39894	80008368	41890c33	sub	x24,x18,x24	 x18:0x00000001 x24:0x00000000 x24=0x00000001
     398965.000 ns	     39895	8000836c	2398c793	xori	x15,x17,569	 x17:0x00000001 x15=0x00000238
     399325.000 ns	     39931	80008370	03236933	rem	x18,x6,x18	  x6:0x20000000 x18:0x00000001 x18=0x00000000
     399695.000 ns	     39968	80008374	02e8c1b3	div	x3,x17,x14	 x17:0x00000001 x14:0x80040fe4  x3=0x00000000
     399725.000 ns	     39971	80008378	03b0ccb3	div	x25,x1,x27	  x1:0x00000021 x27:0x00000000 x25=0xffffffff
     399755.000 ns	     39974	8000837c	28be9cd3	fmax.s	f25,f29,f11	 f29:0x00000000 f11:0x7f800000 f25=0x7f800000
     399775.000 ns	     39976	80008380	d8b05f97	auipc	x31,0xd8b05	 x31=0x58b0d380
     399795.000 ns	     39978	80008384	21fd1f53	fsgnjn.s	f30,f26,f31	 f26:0x00000001 f31:0x460001e0 f30=0x80000001
     399825.000 ns	     39981	80008388	02b68f33	mul	x30,x13,x11	 x13:0x00000000 x11:0xf80040fe x30=0x00000000
     399855.000 ns	     39984	8000838c	20110553	fsgnj.s	f10,f2,f1	  f2:0xaaa84e4e  f1:0x80000000 f10=0xaaa84e4e
     399895.000 ns	     39988	80008390	58057753	fsqrt.s	f14,f10	 f10:0x80000000 f14=0x7fc00000
     399925.000 ns	     39991	80008394	d01185d3	fcvt.s.wu	f11,x3	  x3:0x00000000 f11=0x00000000
     399945.000 ns	     39993	80008398	ff46b913	sltiu	x18,x13,-12	 x13:0x00000000 x18=0x00000001
     399965.000 ns	     39995	8000839c	e0051fd3	fclass.s	x31,f10	 f10:0xaaa84e4e x31=0x00000002
     400335.000 ns	     40032	800083a0	02494833	div	x16,x18,x4	 x18:0x00000000  x4:0xffffffc3 x16=0x00000000
     400355.000 ns	     40034	800083a4	ab078613	addi	x12,x15,-1360	 x15:0x00000238 x12=0xfffffce8
     400365.000 ns	     40035	800083a8	00028633	add	x12,x5,x0	  x5:0x80041024  x0:0x00000000 x12=0x80041024
     400395.000 ns	     40038	800083ac	19d3ca53	fdiv.s	f20,f7,f29	  f7:0x00000000 f29:0x00000000 f20=0x7fc00000
     400415.000 ns	     40040	800083b0	00e5fab3	and	x21,x11,x14	 x11:0xf80040fe x14:0x80040fe4 x21=0x800000e4
     400425.000 ns	     40041	800083b4	0014c533	xor	x10,x9,x1	  x9:0x00000000  x1:0x00000021 x10=0x00000021
     400435.000 ns	     40042	800083b8	af9e6e93	ori	x29,x28,-1287	 x28:0x460001e0 x29=0xfffffbf9
     400445.000 ns	     40043	800083bc	00e8d833	srl	x16,x17,x14	 x17:0x00000001 x14:0x80040fe4 x16=0x00000000
     400475.000 ns	     40046	800083c0	580cf553	fsqrt.s	f10,f25	 f25:0x7f800000 f10=0x7f800000
     400525.000 ns	     40051	800083c4	01d20c53	fadd.s	f24,f4,f29	  f4:0x00000000 f29:0x00000000 f24=0x00000000
     400555.000 ns	     40054	800083c8	d0082753	fcvt.s.w	f14,x16	 x16:0x00000000 f14=0x00000000
     400585.000 ns	     40057	800083cc	a00715d3	flt.s	x11,f14,f0	 f14:0x7fc00000  f0:0x7fc00000 x11=0x00000000
     400605.000 ns	     40059	800083d0	0098b3b3	sltu	x7,x17,x9	 x17:0x00000001  x9:0x00000000  x7=0x00000000
     400625.000 ns	     40061	800083d4	a1559d53	flt.s	x26,f11,f21	 f11:0x00000000 f21:0x46f15830 x26=0x00000001
     400645.000 ns	     40063	800083d8	c59aff13	andi	x30,x21,-935	 x21:0x800000e4 x30=0x80000040
     400665.000 ns	     40065	800083dc	e0089153	fclass.s	x2,f17	 f17:0x460001e0  x2=0x00000040
     400685.000 ns	     40067	800083e0	40a55f93	srai	x31,x10,0xa	 x10:0x00000021 x31=0x00000000
     400705.000 ns	     40069	800083e4	03ea29b3	mulhsu	x19,x20,x30	 x20:0x000001ff x30:0x80000040 x19=0x000000ff
     400755.000 ns	     40074	800083e8	09bff3d3	fsub.s	f7,f31,f27	 f31:0x460001e0 f27:0x00000001  f7=0x460001e0
     400775.000 ns	     40076	800083ec	4182dd93	srai	x27,x5,0x18	  x5:0x80041024 x27=0xffffff80
     400785.000 ns	     40077	800083f0	00cf0eb3	add	x29,x30,x12	 x30:0x80000040 x12:0x80041024 x29=0x00041064
     400825.000 ns	     40081	800083f4	083c7653	fsub.s	f12,f24,f3	 f24:0x00000000  f3:0x9bf53698 f12=0x1bf53698
     400875.000 ns	     40086	800083f8	01f3a153	fadd.s	f2,f7,f31	  f7:0x460001e0 f31:0x460001e0  f2=0x468001e0
     400895.000 ns	     40088	800083fc	41a2df13	srai	x30,x5,0x1a	  x5:0x80041024 x30=0xffffffe0
     401255.000 ns	     40124	80008400	03a360b3	rem	x1,x6,x26	  x6:0x20000000 x26:0x00000001  x1=0x00000000
     401285.000 ns	     40127	80008404	c00fc8d3	fcvt.w.s	x17,f31	 f31:0x460001e0 x17=0x00002000
     401335.000 ns	     40132	80008408	005bf1d3	fadd.s	f3,f23,f5	 f23:0x9bf53698  f5:0x7fc00000  f3=0x7fc00000
     401355.000 ns	     40134	8000840c	1e26ea13	ori	x20,x13,482	 x13:0x00000000 x20=0x000001e2
     401375.000 ns	     40136	80008410	21e90ed3	fsgnj.s	f29,f18,f30	 f18:0x7f800000 f30:0x80000001 f29=0xff800000
     401415.000 ns	     40140	80008414	5801a1d3	fsqrt.s	f3,f3	  f3:0x7fc00000  f3=0x7fc00000
     401445.000 ns	     40143	80008418	a0052bd3	feq.s	x23,f10,f0	 f10:0x7f800000  f0:0x7fc00000 x23=0x00000000
     401465.000 ns	     40145	8000841c	00000013	addi	x0,x0,0	  x0:0x00000000
     401485.000 ns	     40147	80008420	027cafb3	mulhsu	x31,x25,x7	 x25:0xffffffff  x7:0x00000000 x31=0x00000000
     401505.000 ns	     40149	80008424	019f1c93	slli	x25,x30,0x19	 x30:0xffffffe0 x25=0xc0000000
     401545.000 ns	     40153	80008428	0885f7d3	fsub.s	f15,f11,f8	 f11:0x00000000  f8:0xd67150c3 f15=0x567150c3
     401575.000 ns	     40156	8000842c	293b0653	fmin.s	f12,f22,f19	 f22:0x7fc00000 f19:0x7f800000 f12=0x7f800000
     401605.000 ns	     40159	80008430	02e49833	mulh	x16,x9,x14	  x9:0x00000000 x14:0x80040fe4 x16=0x00000000
     401625.000 ns	     40161	80008434	ca438a13	addi	x20,x7,-860	  x7:0x00000000 x20=0xfffffca4
     401645.000 ns	     40163	80008438	02f52133	mulhsu	x2,x10,x15	 x10:0x00000021 x15:0x00000238  x2=0x00000000
     401675.000 ns	     40166	8000843c	03b3a4b3	mulhsu	x9,x7,x27	  x7:0x00000000 x27:0xffffff80  x9=0x00000000
     401705.000 ns	     40169	80008440	02b59433	mulh	x8,x11,x11	 x11:0x00000000 x11:0x00000000  x8=0x00000000
     401725.000 ns	     40171	80008444	01b44a33	xor	x20,x8,x27	  x8:0x00000000 x27:0xffffff80 x20=0xffffff80
     402085.000 ns	     40207	80008448	0269fbb3	remu	x23,x19,x6	 x19:0x000000ff  x6:0x20000000 x23=0x000000ff
     402115.000 ns	     40210	8000844c	d016a7d3	fcvt.s.wu	f15,x13	 x13:0x00000000 f15=0x00000000
     402155.000 ns	     40214	80008450	580a36d3	fsqrt.s	f13,f20	 f20:0x7fc00000 f13=0x7fc00000
     402185.000 ns	     40217	80008454	c01301d3	fcvt.wu.s	x3,f6	  f6:0x00000000  x3=0x00000000
     402215.000 ns	     40220	80008458	037c2533	mulhsu	x10,x24,x23	 x24:0x00000001 x23:0x000000ff x10=0x00000000
     402245.000 ns	     40223	8000845c	206b9d53	fsgnjn.s	f26,f23,f6	 f23:0x9bf53698  f6:0x00000000 f26=0x9bf53698
     402265.000 ns	     40225	80008460	0007e233	or	x4,x15,x0	 x15:0x00000238  x0:0x00000000  x4=0x00000238
     402285.000 ns	     40227	80008464	a11e8bd3	fle.s	x23,f29,f17	 f29:0xff800000 f17:0x460001e0 x23=0x00000001
     402315.000 ns	     40230	80008468	c001ffd3	fcvt.w.s	x31,f3	  f3:0x7fc00000 x31=0x7fffffff
     402345.000 ns	     40233	8000846c	f0080c53	fmv.w.x	f24,x16	 x16:0x00000000 f24=0x00000000
     403295.000 ns	     40328	80008470	58010953	fsqrt.s	f18,f2	  f2:0x468001e0 f18=0x430000c9
     403315.000 ns	     40330	80008474	004ad933	srl	x18,x21,x4	 x21:0x800000e4  x4:0x00000238 x18=0x00000080
     403675.000 ns	     40366	80008478	03347db3	remu	x27,x8,x19	  x8:0x00000000 x19:0x000000ff x27=0x00000000
     403695.000 ns	     40368	8000847c	00000013	addi	x0,x0,0	  x0:0x00000000
     403705.000 ns	     40369	80008480	01bbf633	and	x12,x23,x27	 x23:0x00000001 x27:0x00000000 x12=0x00000000
     403715.000 ns	     40370	80008484	01d79f13	slli	x30,x15,0x1d	 x15:0x00000238 x30=0x00000000
     404075.000 ns	     40406	80008488	036f4533	div	x10,x30,x22	 x30:0xffffffe0 x22:0xaaa84e4e x10=0x00000000
     404095.000 ns	     40408	8000848c	402b5b93	srai	x23,x22,0x2	 x22:0xaaa84e4e x23=0xeaaa1393
     404105.000 ns	     40409	80008490	01d3e0b3	or	x1,x7,x29	  x7:0x00000000 x29:0x00041064  x1=0x00041064
     404125.000 ns	     40411	80008494	a12316d3	flt.s	x13,f6,f18	  f6:0x00000000 f18:0x430000c9 x13=0x00000001
     404155.000 ns	     40414	80008498	a1aa2153	feq.s	x2,f20,f26	 f20:0x7fc00000 f26:0x9bf53698  x2=0x00000000
     404175.000 ns	     40416	8000849c	002608b3	add	x17,x12,x2	 x12:0x00000000  x2:0x00000000 x17=0x00000000
     404195.000 ns	     40418	800084a0	03fa9233	mulh	x4,x21,x31	 x21:0x800000e4 x31:0x7fffffff  x4=0xc0000072
     404215.000 ns	     40420	800084a4	df542693	slti	x13,x8,-523	  x8:0x00000000 x13=0x00000000
     404235.000 ns	     40422	800084a8	d01c96d3	fcvt.s.wu	f13,x25	 x25:0xc0000000 f13=0x4f400000
     404275.000 ns	     40426	800084ac	197c7a53	fdiv.s	f20,f24,f23	 f24:0x00000000 f23:0x9bf53698 f20=0x80000000
     404295.000 ns	     40428	800084b0	00000013	addi	x0,x0,0	  x0:0x00000000
     404305.000 ns	     40429	800084b4	01964c33	xor	x24,x12,x25	 x12:0x00000000 x25:0xc0000000 x24=0xc0000000
     404315.000 ns	     40430	800084b8	86a04f13	xori	x30,x0,-1942	  x0:0x00000000 x30=0xfffff86a
     404325.000 ns	     40431	800084bc	01fe27b3	slt	x15,x28,x31	 x28:0x460001e0 x31:0x7fffffff x15=0x00000001
     404345.000 ns	     40433	800084c0	c01477d3	fcvt.wu.s	x15,f8	  f8:0xd67150c3 x15=0x00000000
     404365.000 ns	     40435	800084c4	92de7913	andi	x18,x28,-1747	 x28:0x460001e0 x18=0x46000120
     404375.000 ns	     40436	800084c8	cf476393	ori	x7,x14,-780	 x14:0x80040fe4  x7=0xfffffff4
     404385.000 ns	     40437	800084cc	25c32f93	slti	x31,x6,604	  x6:0x20000000 x31=0x00000000
     404405.000 ns	     40439	800084d0	f00c0e53	fmv.w.x	f28,x24	 x24:0xc0000000 f28=0xc0000000
     404435.000 ns	     40442	800084d4	28e318d3	fmax.s	f17,f6,f14	  f6:0x00000000 f14:0x00000000 f17=0x00000000
     404455.000 ns	     40444	800084d8	4000d613	srai	x12,x1,0x0	  x1:0x00041064 x12=0x00041064
     404465.000 ns	     40445	800084dc	01395833	srl	x16,x18,x19	 x18:0x46000120 x19:0x000000ff x16=0x00000000
     404485.000 ns	     40447	800084e0	d01dfbd3	fcvt.s.wu	f23,x27	 x27:0x00000000 f23=0x00000000
     404505.000 ns	     40449	800084e4	e2070413	addi	x8,x14,-480	 x14:0x80040fe4  x8=0x80040e04
     404515.000 ns	     40450	800084e8	683cb193	sltiu	x3,x25,1667	 x25:0xc0000000  x3=0x00000000
     404525.000 ns	     40451	800084ec	8779f913	andi	x18,x19,-1929	 x19:0x000000ff x18=0x00000077
     404545.000 ns	     40453	800084f0	a12887d3	fle.s	x15,f17,f18	 f17:0x00000000 f18:0x430000c9 x15=0x00000001
     404565.000 ns	     40455	800084f4	3bc15037	lui	x0,0x3bc15	
     404575.000 ns	     40456	800084f8	01dc3833	sltu	x16,x24,x29	 x24:0xc0000000 x29:0x00041064 x16=0x00000000
     404595.000 ns	     40458	800084fc	03600c33	mul	x24,x0,x22	  x0:0x00000000 x22:0xaaa84e4e x24=0x00000000
     404625.000 ns	     40461	80008500	038441b3	div	x3,x8,x24	  x8:0x80040e04 x24:0xc0000000  x3=0xffffffff
     404645.000 ns	     40463	80008504	438fb113	sltiu	x2,x31,1080	 x31:0x00000000  x2=0x00000001
     404665.000 ns	     40465	80008508	a01d96d3	flt.s	x13,f27,f1	 f27:0x00000001  f1:0x80000000 x13=0x00000000
     404715.000 ns	     40470	8000850c	002f9cd3	fadd.s	f25,f31,f2	 f31:0x460001e0  f2:0x468001e0 f25=0x46c002d0
     404735.000 ns	     40472	80008510	5b18cd93	xori	x27,x17,1457	 x17:0x00000000 x27=0x000005b1
     404755.000 ns	     40474	80008514	d00ef453	fcvt.s.w	f8,x29	 x29:0x00041064  f8=0x48820c80
     404775.000 ns	     40476	80008518	4044dfb3	sra	x31,x9,x4	  x9:0x00000000  x4:0xc0000072 x31=0x00000000
     405135.000 ns	     40512	8000851c	0215c533	div	x10,x11,x1	 x11:0x00000000  x1:0x00041064 x10=0x00000000
     405185.000 ns	     40517	80008520	002d9f53	fadd.s	f30,f27,f2	 f27:0x00000001  f2:0x468001e0 f30=0x468001e0
     405215.000 ns	     40520	80008524	02c8a433	mulhsu	x8,x17,x12	 x17:0x00000000 x12:0x00041064  x8=0x00000000
     405235.000 ns	     40522	80008528	41005633	sra	x12,x0,x16	  x0:0x00000000 x16:0x00000000 x12=0x00000000
     405255.000 ns	     40524	8000852c	a07820d3	feq.s	x1,f16,f7	 f16:0x1f350a8e  f7:0x460001e0  x1=0x00000000
     405275.000 ns	     40526	80008530	00000013	addi	x0,x0,0	  x0:0x00000000
     405295.000 ns	     40528	80008534	20bd1853	fsgnjn.s	f16,f26,f11	 f26:0x9bf53698 f11:0x00000000 f16=0x9bf53698
     405325.000 ns	     40531	80008538	d016f1d3	fcvt.s.wu	f3,x13	 x13:0x00000000  f3=0x00000000
     405345.000 ns	     40533	8000853c	95d78793	addi	x15,x15,-1699	 x15:0x00000001 x15=0xfffff95e
     405365.000 ns	     40535	80008540	030299b3	mulh	x19,x5,x16	  x5:0x80041024 x16:0x00000000 x19=0x00000000
     405735.000 ns	     40572	80008544	03a8d8b3	divu	x17,x17,x26	 x17:0x00000000 x26:0x00000001 x17=0x00000000
     405765.000 ns	     40575	80008548	29a71d53	fmax.s	f26,f14,f26	 f14:0x00000000 f26:0x9bf53698 f26=0x00000000
     405795.000 ns	     40578	8000854c	28f89753	fmax.s	f14,f17,f15	 f17:0x00000000 f15:0x00000000 f14=0x00000000
     405815.000 ns	     40580	80008550	7fb72013	slti	x0,x14,2043	 x14:0x80040fe4
     405825.000 ns	     40581	80008554	01995993	srli	x19,x18,0x19	 x18:0x00000077 x19=0x00000000
     405835.000 ns	     40582	80008558	01638eb3	add	x29,x7,x22	  x7:0xfffffff4 x22:0xaaa84e4e x29=0xaaa84e42
     405845.000 ns	     40583	8000855c	b6362f93	slti	x31,x12,-1181	 x12:0x00000000 x31=0x00000000
     405865.000 ns	     40585	80008560	022506b3	mul	x13,x10,x2	 x10:0x00000000  x2:0x00000001 x13=0x00000000
     405885.000 ns	     40587	80008564	01e7ce33	xor	x28,x15,x30	 x15:0xfffff95e x30:0xfffff86a x28=0x00000134
     405895.000 ns	     40588	80008568	41838333	sub	x6,x7,x24	  x7:0xfffffff4 x24:0x00000000  x6=0xfffffff4
     405905.000 ns	     40589	8000856c	3f7b2893	slti	x17,x22,1015	 x22:0xaaa84e4e x17=0x00000001
     405915.000 ns	     40590	80008570	faab7f13	andi	x30,x22,-86	 x22:0xaaa84e4e x30=0xaaa84e0a
     405925.000 ns	     40591	80008574	40d05013	srai	x0,x0,0xd	  x0:0x00000000
     405935.000 ns	     40592	80008578	01819233	sll	x4,x3,x24	  x3:0xffffffff x24:0x00000000  x4=0xffffffff
     405975.000 ns	     40596	8000857c	09d47353	fsub.s	f6,f8,f29	  f8:0x48820c80 f29:0xff800000  f6=0x7f800000
     405995.000 ns	     40598	80008580	00bf1b93	slli	x23,x30,0xb	 x30:0xaaa84e0a x23=0x42705000
     406015.000 ns	     40600	80008584	e00b0dd3	fmv.x.w	x27,f22	 f22:0x7fc00000 x27=0x7fc00000
     406045.000 ns	     40603	80008588	03f15cb3	divu	x25,x2,x31	  x2:0x00000001 x31:0x00000000 x25=0xffffffff
     406065.000 ns	     40605	8000858c	00c1eeb3	or	x29,x3,x12	  x3:0xffffffff x12:0x00000000 x29=0xffffffff
     406075.000 ns	     40606	80008590	01969bb3	sll	x23,x13,x25	 x13:0x00000000 x25:0xffffffff x23=0x00000000
     406085.000 ns	     40607	80008594	00000013	addi	x0,x0,0	  x0:0x00000000
     406105.000 ns	     40609	80008598	036511b3	mulh	x3,x10,x22	 x10:0x00000000 x22:0xaaa84e4e  x3=0x00000000
     406125.000 ns	     40611	8000859c	40f85593	srai	x11,x16,0xf	 x16:0x00000000 x11=0x00000000
     406145.000 ns	     40613	800085a0	03755a33	divu	x20,x10,x23	 x10:0x00000000 x23:0x00000000 x20=0xffffffff
     406165.000 ns	     40615	800085a4	01e54533	xor	x10,x10,x30	 x10:0x00000000 x30:0xaaa84e0a x10=0xaaa84e0a
     406175.000 ns	     40616	800085a8	01f27633	and	x12,x4,x31	  x4:0xffffffff x31:0x00000000 x12=0x00000000
     406195.000 ns	     40618	800085ac	02d207b3	mul	x15,x4,x13	  x4:0xffffffff x13:0x00000000 x15=0x00000000
     406225.000 ns	     40621	800085b0	026025b3	mulhsu	x11,x0,x6	  x0:0x00000000  x6:0xfffffff4 x11=0x00000000
     406245.000 ns	     40623	800085b4	40da89b3	sub	x19,x21,x13	 x21:0x800000e4 x13:0x00000000 x19=0x800000e4
     406275.000 ns	     40626	800085b8	18ee03d3	fdiv.s	f7,f28,f14	 f28:0xc0000000 f14:0x00000000  f7=0xff800000
     406295.000 ns	     40628	800085bc	00ac5fb3	srl	x31,x24,x10	 x24:0x00000000 x10:0xaaa84e0a x31=0x00000000
     406305.000 ns	     40629	800085c0	f157a593	slti	x11,x15,-235	 x15:0x00000000 x11=0x00000000
     406315.000 ns	     40630	800085c4	418f5e33	sra	x28,x30,x24	 x30:0xaaa84e0a x24:0x00000000 x28=0xaaa84e0a
     406355.000 ns	     40634	800085c8	01720c53	fadd.s	f24,f4,f23	  f4:0x00000000 f23:0x00000000 f24=0x00000000
     406375.000 ns	     40636	800085cc	003b9013	slli	x0,x23,0x3	 x23:0x00000000
     406395.000 ns	     40638	800085d0	21891fd3	fsgnjn.s	f31,f18,f24	 f18:0x430000c9 f24:0x00000000 f31=0xc30000c9
     406415.000 ns	     40640	800085d4	00085833	srl	x16,x16,x0	 x16:0x00000000  x0:0x00000000 x16=0x00000000
     406435.000 ns	     40642	800085d8	a1908453	fle.s	x8,f1,f25	  f1:0x80000000 f25:0x46c002d0  x8=0x00000001
     406465.000 ns	     40645	800085dc	0352b633	mulhu	x12,x5,x21	  x5:0x80041024 x21:0x800000e4 x12=0x40020884
     406505.000 ns	     40649	800085e0	58057e53	fsqrt.s	f28,f10	 f10:0x7f800000 f28=0x7f800000
     406525.000 ns	     40651	800085e4	412d5f93	srai	x31,x26,0x12	 x26:0x00000001 x31=0x00000000
     406545.000 ns	     40653	800085e8	205803d3	fsgnj.s	f7,f16,f5	 f16:0x9bf53698  f5:0x7fc00000  f7=0x1bf53698
     406565.000 ns	     40655	800085ec	00869eb3	sll	x29,x13,x8	 x13:0x00000000  x8:0x00000001 x29=0x00000000
     406575.000 ns	     40656	800085f0	44813e93	sltiu	x29,x2,1096	  x2:0x00000001 x29=0x00000001
     406585.000 ns	     40657	800085f4	6fe33a93	sltiu	x21,x6,1790	  x6:0xfffffff4 x21=0x00000000
     406605.000 ns	     40659	800085f8	d002f453	fcvt.s.w	f8,x5	  x5:0x80041024  f8=0xcefff7df
     406625.000 ns	     40661	800085fc	01cf57b3	srl	x15,x30,x28	 x30:0xaaa84e0a x28:0xaaa84e0a x15=0x002aaa13
     406645.000 ns	     40663	80008600	02623133	mulhu	x2,x4,x6	  x4:0xffffffff  x6:0xfffffff4  x2=0xfffffff3
     406675.000 ns	     40666	80008604	e0038353	fmv.x.w	x6,f7	  f7:0x1bf53698  x6=0x1bf53698
     406725.000 ns	     40671	80008608	093684d3	fsub.s	f9,f13,f19	 f13:0x4f400000 f19:0x7f800000  f9=0xff800000
     407095.000 ns	     40708	8000860c	03bc41b3	div	x3,x24,x27	 x24:0x00000000 x27:0x7fc00000  x3=0x00000000
     407125.000 ns	     40711	80008610	d00a7ad3	fcvt.s.w	f21,x20	 x20:0xffffffff f21=0xbf800000
     407175.000 ns	     40716	80008614	08002453	fsub.s	f8,f0,f0	  f0:0x7fc00000  f0:0x7fc00000  f8=0x7fc00000
     407205.000 ns	     40719	80008618	020e07b3	mul	x15,x28,x0	 x28:0xaaa84e0a  x0:0x00000000 x15=0x00000000
     407235.000 ns	     40722	8000861c	212890d3	fsgnjn.s	f1,f17,f18	 f17:0x00000000 f18:0x430000c9  f1=0x80000000
     407265.000 ns	     40725	80008620	035297b3	mulh	x15,x5,x21	  x5:0x80041024 x21:0x00000000 x15=0x00000000
     407285.000 ns	     40727	80008624	0178a1b3	slt	x3,x17,x23	 x17:0x00000001 x23:0x00000000  x3=0x00000000
     407305.000 ns	     40729	80008628	20db0d53	fsgnj.s	f26,f22,f13	 f22:0x7fc00000 f13:0x4f400000 f26=0x7fc00000
     407325.000 ns	     40731	8000862c	01386533	or	x10,x16,x19	 x16:0x00000000 x19:0x800000e4 x10=0x800000e4
     407355.000 ns	     40734	80008630	19a53e53	fdiv.s	f28,f10,f26	 f10:0x7f800000 f26:0x7fc00000 f28=0x7fc00000
     407385.000 ns	     40737	80008634	027d8033	mul	x0,x27,x7	 x27:0x7fc00000  x7:0xfffffff4
     407415.000 ns	     40740	80008638	21c88ad3	fsgnj.s	f21,f17,f28	 f17:0x00000000 f28:0x7fc00000 f21=0x00000000
     407435.000 ns	     40742	8000863c	aeebb993	sltiu	x19,x23,-1298	 x23:0x00000000 x19=0x00000001
     407455.000 ns	     40744	80008640	f0028cd3	fmv.w.x	f25,x5	  x5:0x80041024 f25=0x80041024
     407485.000 ns	     40747	80008644	e00791d3	fclass.s	x3,f15	 f15:0x00000000  x3=0x00000010
     407505.000 ns	     40749	80008648	d7860493	addi	x9,x12,-648	 x12:0x40020884  x9=0x400205fc
     407525.000 ns	     40751	8000864c	20a91bd3	fsgnjn.s	f23,f18,f10	 f18:0x430000c9 f10:0x7f800000 f23=0xc30000c9
     407545.000 ns	     40753	80008650	01b72933	slt	x18,x14,x27	 x14:0x80040fe4 x27:0x7fc00000 x18=0x00000001
     407555.000 ns	     40754	80008654	1e547f97	auipc	x31,0x1e547	 x31=0x9e54f654
     407915.000 ns	     40790	80008658	0396e433	rem	x8,x13,x25	 x13:0x00000000 x25:0xffffffff  x8=0x00000000
     407955.000 ns	     40794	8000865c	108aa153	fmul.s	f2,f21,f8	 f21:0x00000000  f8:0x7fc00000  f2=0x7fc00000
     407985.000 ns	     40797	80008660	03b2adb3	mulhsu	x27,x5,x27	  x5:0x80041024 x27:0x7fc00000 x27=0xc022070d
     408015.000 ns	     40800	80008664	f00883d3	fmv.w.x	f7,x17	 x17:0x00000001  f7=0x00000001
     408385.000 ns	     40837	80008668	034ed133	divu	x2,x29,x20	 x29:0x00000001 x20:0xffffffff  x2=0x00000000
     408405.000 ns	     40839	8000866c	479271b7	lui	x3,0x47927	  x3=0x47927000
     408425.000 ns	     40841	80008670	21c81d53	fsgnjn.s	f26,f16,f28	 f16:0x9bf53698 f28:0x7fc00000 f26=0x9bf53698
     408445.000 ns	     40843	80008674	41b48233	sub	x4,x9,x27	  x9:0x400205fc x27:0xc022070d  x4=0x7fdffeef
     408805.000 ns	     40879	80008678	02e146b3	div	x13,x2,x14	  x2:0x00000000 x14:0x80040fe4 x13=0x00000000
     409175.000 ns	     40916	8000867c	033fd0b3	divu	x1,x31,x19	 x31:0x9e54f654 x19:0x00000001  x1=0x9e54f654
     409545.000 ns	     40953	80008680	02c9d9b3	divu	x19,x19,x12	 x19:0x00000001 x12:0x40020884 x19=0x00000000
     409565.000 ns	     40955	80008684	4058de33	sra	x28,x17,x5	 x17:0x00000001  x5:0x80041024 x28=0x00000000
     409575.000 ns	     40956	80008688	41a8d313	srai	x6,x17,0x1a	 x17:0x00000001  x6=0x00000000
     409595.000 ns	     40958	8000868c	207f8553	fsgnj.s	f10,f31,f7	 f31:0xc30000c9  f7:0x00000001 f10=0x430000c9
     409635.000 ns	     40962	80008690	58067fd3	fsqrt.s	f31,f12	 f12:0x7f800000 f31=0x7f800000
     409655.000 ns	     40964	80008694	00000013	addi	x0,x0,0	  x0:0x00000000
     409685.000 ns	     40967	80008698	580776d3	fsqrt.s	f13,f14	 f14:0x00000000 f13=0x00000000
     409715.000 ns	     40970	8000869c	a03724d3	feq.s	x9,f14,f3	 f14:0x00000000  f3:0x00000000  x9=0x00000001
     409735.000 ns	     40972	800086a0	b3922a93	slti	x21,x4,-1223	  x4:0x7fdffeef x21=0x00000000
     409755.000 ns	     40974	800086a4	a009a253	feq.s	x4,f19,f0	 f19:0x7f800000  f0:0x7fc00000  x4=0x00000000
     409785.000 ns	     40977	800086a8	d00443d3	fcvt.s.w	f7,x8	  x8:0x00000000  f7=0x00000000
     409815.000 ns	     40980	800086ac	030831b3	mulhu	x3,x16,x16	 x16:0x00000000 x16:0x00000000  x3=0x00000000
     409835.000 ns	     40982	800086b0	169fadb7	lui	x27,0x169fa	 x27=0x169fa000
     409855.000 ns	     40984	800086b4	e0079853	fclass.s	x16,f15	 f15:0x00000000 x16=0x00000010
     409895.000 ns	     40988	800086b8	110994d3	fmul.s	f9,f19,f16	 f19:0x7f800000 f16:0x9bf53698  f9=0xff800000
     409915.000 ns	     40990	800086bc	01a3e393	ori	x7,x7,26	  x7:0xfffffff4  x7=0xfffffffe
     409925.000 ns	     40991	800086c0	00000013	addi	x0,x0,0	  x0:0x00000000
     409935.000 ns	     40992	800086c4	0072d593	srli	x11,x5,0x7	  x5:0x80041024 x11=0x01000820
     409955.000 ns	     40994	800086c8	e0050553	fmv.x.w	x10,f10	 f10:0x430000c9 x10=0x430000c9
     409975.000 ns	     40996	800086cc	ddfd7193	andi	x3,x26,-545	 x26:0x00000001  x3=0x00000001
     409995.000 ns	     40998	800086d0	f0040a53	fmv.w.x	f20,x8	  x8:0x00000000 f20=0x00000000
     410025.000 ns	     41001	800086d4	e00b1d53	fclass.s	x26,f22	 f22:0x7fc00000 x26=0x00000200
     410045.000 ns	     41003	800086d8	017a5533	srl	x10,x20,x23	 x20:0xffffffff x23:0x00000000 x10=0xffffffff
     410055.000 ns	     41004	800086dc	009f1f13	slli	x30,x30,0x9	 x30:0xaaa84e0a x30=0x509c1400
     410075.000 ns	     41006	800086e0	024f2133	mulhsu	x2,x30,x4	 x30:0xaaa84e0a  x4:0x00000000  x2=0x00000000
     410095.000 ns	     41008	800086e4	f074b513	sltiu	x10,x9,-249	  x9:0x00000001 x10=0x00000001
     410105.000 ns	     41009	800086e8	402a5133	sra	x2,x20,x2	 x20:0xffffffff  x2:0x00000000  x2=0xffffffff
     410125.000 ns	     41011	800086ec	291d1c53	fmax.s	f24,f26,f17	 f26:0x9bf53698 f17:0x00000000 f24=0x00000000
     410145.000 ns	     41013	800086f0	408ed593	srai	x11,x29,0x8	 x29:0x00000001 x11=0x00000000
     410155.000 ns	     41014	800086f4	007d96b3	sll	x13,x27,x7	 x27:0x169fa000  x7:0xfffffffe x13=0x00000000
     410175.000 ns	     41016	800086f8	03829533	mulh	x10,x5,x24	  x5:0x80041024 x24:0x00000000 x10=0x00000000
     410195.000 ns	     41018	800086fc	00d5c433	xor	x8,x11,x13	 x11:0x00000000 x13:0x00000000  x8=0x00000000
     410205.000 ns	     41019	80008700	01965913	srli	x18,x12,0x19	 x12:0x40020884 x18=0x00000020
     410215.000 ns	     41020	80008704	5cf19c97	auipc	x25,0x5cf19	 x25=0xdcf21704
     410235.000 ns	     41022	80008708	02d0e4b3	rem	x9,x1,x13	  x1:0x9e54f654 x13:0x00000000  x9=0x9e54f654
     410255.000 ns	     41024	8000870c	fc277413	andi	x8,x14,-62	 x14:0x80040fe4  x8=0x80040fc0
     410285.000 ns	     41027	80008710	190678d3	fdiv.s	f17,f12,f16	 f12:0x7f800000 f16:0x9bf53698 f17=0xff800000
     410315.000 ns	     41030	80008714	02af9133	mulh	x2,x31,x10	 x31:0x9e54f654 x10:0x00000000  x2=0x00000000
     410335.000 ns	     41032	80008718	004a5533	srl	x10,x20,x4	 x20:0xffffffff  x4:0x00000000 x10=0xffffffff
     410345.000 ns	     41033	8000871c	019aba33	sltu	x20,x21,x25	 x21:0x00000000 x25:0xdcf21704 x20=0x00000001
     410355.000 ns	     41034	80008720	0145b9b3	sltu	x19,x11,x20	 x11:0x00000000 x20:0xffffffff x19=0x00000001
     410365.000 ns	     41035	80008724	01a41233	sll	x4,x8,x26	  x8:0x80040fc0 x26:0x00000200  x4=0x80040fc0
     410375.000 ns	     41036	80008728	2e3ad037	lui	x0,0x2e3ad	
     410415.000 ns	     41040	8000872c	017bff53	fadd.s	f30,f23,f23	 f23:0xc30000c9 f23:0xc30000c9 f30=0xc38000c9
     410435.000 ns	     41042	80008730	0144c0b3	xor	x1,x9,x20	  x9:0x9e54f654 x20:0x00000001  x1=0x9e54f655
     410445.000 ns	     41043	80008734	44858617	auipc	x12,0x44858	 x12=0xc4860734
     410455.000 ns	     41044	80008738	009f7e13	andi	x28,x30,9	 x30:0x509c1400 x28=0x00000000
     410475.000 ns	     41046	8000873c	03ab1533	mulh	x10,x22,x26	 x22:0xaaa84e4e x26:0x00000200 x10=0xffffff55
     410495.000 ns	     41048	80008740	01865793	srli	x15,x12,0x18	 x12:0xc4860734 x15=0x000000c4
     410505.000 ns	     41049	80008744	00bd9ab3	sll	x21,x27,x11	 x27:0x169fa000 x11:0x00000000 x21=0x169fa000
     410865.000 ns	     41085	80008748	027d7033	remu	x0,x26,x7	 x26:0x00000200  x7:0xfffffffe
     410895.000 ns	     41088	8000874c	027faf33	mulhsu	x30,x31,x7	 x31:0x9e54f654  x7:0xfffffffe x30=0x9e54f654
     410925.000 ns	     41091	80008750	21a92ed3	fsgnjx.s	f29,f18,f26	 f18:0x430000c9 f26:0x9bf53698 f29=0xc30000c9
     410965.000 ns	     41095	80008754	108d1e53	fmul.s	f28,f26,f8	 f26:0x9bf53698  f8:0x7fc00000 f28=0x7fc00000
     410985.000 ns	     41097	80008758	01e8ae33	slt	x28,x17,x30	 x17:0x00000001 x30:0x9e54f654 x28=0x00000000
     411005.000 ns	     41099	8000875c	20b8a4d3	fsgnjx.s	f9,f17,f11	 f17:0xff800000 f11:0x00000000  f9=0xff800000
     411035.000 ns	     41102	80008760	d0024453	fcvt.s.w	f8,x4	  x4:0x80040fc0  f8=0xcefff7e1
     411065.000 ns	     41105	80008764	203b2bd3	fsgnjx.s	f23,f22,f3	 f22:0x7fc00000  f3:0x00000000 f23=0x7fc00000
     411435.000 ns	     41142	80008768	021a67b3	rem	x15,x20,x1	 x20:0x00000001  x1:0x9e54f655 x15=0x00000001
     411805.000 ns	     41179	8000876c	028e4a33	div	x20,x28,x8	 x28:0x00000000  x8:0x80040fc0 x20=0x00000000
     411825.000 ns	     41181	80008770	019e95b3	sll	x11,x29,x25	 x29:0x00000001 x25:0xdcf21704 x11=0x00000010
     411845.000 ns	     41183	80008774	e00799d3	fclass.s	x19,f15	 f15:0x00000000 x19=0x00000010
     411865.000 ns	     41185	80008778	45347d13	andi	x26,x8,1107	  x8:0x80040fc0 x26=0x00000440
     411885.000 ns	     41187	8000877c	03b78833	mul	x16,x15,x27	 x15:0x00000001 x27:0x169fa000 x16=0x169fa000
     411905.000 ns	     41189	80008780	0275e6b7	lui	x13,0x275e	 x13=0x0275e000
     411925.000 ns	     41191	80008784	a061a3d3	feq.s	x7,f3,f6	  f3:0x00000000  f6:0x7f800000  x7=0x00000000
     411955.000 ns	     41194	80008788	a0d20c53	fle.s	x24,f4,f13	  f4:0x00000000 f13:0x00000000 x24=0x00000001
     411975.000 ns	     41196	8000878c	006f97b3	sll	x15,x31,x6	 x31:0x9e54f654  x6:0x00000000 x15=0x9e54f654
     411985.000 ns	     41197	80008790	df488193	addi	x3,x17,-524	 x17:0x00000001  x3=0xfffffdf5
     412015.000 ns	     41200	80008794	18fd7e53	fdiv.s	f28,f26,f15	 f26:0x9bf53698 f15:0x00000000 f28=0xff800000
     412035.000 ns	     41202	80008798	7657ae93	slti	x29,x15,1893	 x15:0x9e54f654 x29=0x00000001
     412395.000 ns	     41238	8000879c	03e6e9b3	rem	x19,x13,x30	 x13:0x0275e000 x30:0x9e54f654 x19=0x0275e000
     412425.000 ns	     41241	800087a0	28cc8753	fmin.s	f14,f25,f12	 f25:0x80041024 f12:0x7f800000 f14=0x80041024
     412465.000 ns	     41245	800087a4	11ad9653	fmul.s	f12,f27,f26	 f27:0x00000001 f26:0x9bf53698 f12=0x80000000
     412485.000 ns	     41247	800087a8	0175bbb3	sltu	x23,x11,x23	 x11:0x00000010 x23:0x00000000 x23=0x00000000
     412505.000 ns	     41249	800087ac	e00715d3	fclass.s	x11,f14	 f14:0x80041024 x11=0x00000004
     412535.000 ns	     41252	800087b0	a06d2353	feq.s	x6,f26,f6	 f26:0x9bf53698  f6:0x7f800000  x6=0x00000000
     412565.000 ns	     41255	800087b4	21682053	fsgnjx.s	f0,f16,f22	 f16:0x9bf53698 f22:0x7fc00000  f0=0x9bf53698
     412935.000 ns	     41292	800087b8	0312f3b3	remu	x7,x5,x17	  x5:0x80041024 x17:0x00000001  x7=0x00000000
     412965.000 ns	     41295	800087bc	c018aed3	fcvt.wu.s	x29,f17	 f17:0xff800000 x29=0x00000000
     412985.000 ns	     41297	800087c0	4131d413	srai	x8,x3,0x13	  x3:0xfffffdf5  x8=0xffffffff
     413345.000 ns	     41333	800087c4	036dc333	div	x6,x27,x22	 x27:0x169fa000 x22:0xaaa84e4e  x6=0x00000000
     413375.000 ns	     41336	800087c8	e00994d3	fclass.s	x9,f19	 f19:0x7f800000  x9=0x00000080
     413395.000 ns	     41338	800087cc	00b947b3	xor	x15,x18,x11	 x18:0x00000020 x11:0x00000004 x15=0x00000024
     413405.000 ns	     41339	800087d0	7d190693	addi	x13,x18,2001	 x18:0x00000020 x13=0x000007f1
     413435.000 ns	     41342	800087d4	58001153	fsqrt.s	f2,f0	  f0:0x9bf53698  f2=0x7fc00000
     413465.000 ns	     41345	800087d8	0395b133	mulhu	x2,x11,x25	 x11:0x00000004 x25:0xdcf21704  x2=0x00000003
     413485.000 ns	     41347	800087dc	00e5f233	and	x4,x11,x14	 x11:0x00000004 x14:0x80040fe4  x4=0x00000004
     413505.000 ns	     41349	800087e0	d01ffcd3	fcvt.s.wu	f25,x31	 x31:0x9e54f654 f25=0x4f1e54f6
     413535.000 ns	     41352	800087e4	034d3233	mulhu	x4,x26,x20	 x26:0x00000440 x20:0x00000000  x4=0x00000000
     413565.000 ns	     41355	800087e8	219d2dd3	fsgnjx.s	f27,f26,f25	 f26:0x9bf53698 f25:0x4f1e54f6 f27=0x9bf53698
     413595.000 ns	     41358	800087ec	21222bd3	fsgnjx.s	f23,f4,f18	  f4:0x00000000 f18:0x430000c9 f23=0x00000000
     413625.000 ns	     41361	800087f0	c0067553	fcvt.w.s	x10,f12	 f12:0x80000000 x10=0x00000000
     413645.000 ns	     41363	800087f4	711fb013	sltiu	x0,x31,1809	 x31:0x9e54f654
     413655.000 ns	     41364	800087f8	008e4a33	xor	x20,x28,x8	 x28:0x00000000  x8:0xffffffff x20=0xffffffff
     413675.000 ns	     41366	800087fc	f00d0553	fmv.w.x	f10,x26	 x26:0x00000440 f10=0x00000440
     413695.000 ns	     41368	80008800	00000013	addi	x0,x0,0	  x0:0x00000000
     413705.000 ns	     41369	80008804	00246c33	or	x24,x8,x2	  x8:0xffffffff  x2:0x00000003 x24=0xffffffff
     413725.000 ns	     41371	80008808	209288d3	fsgnj.s	f17,f5,f9	  f5:0x7fc00000  f9:0xff800000 f17=0xffc00000
     413755.000 ns	     41374	8000880c	038a3833	mulhu	x16,x20,x24	 x20:0xffffffff x24:0x00000001 x16=0xfffffffe
     413775.000 ns	     41376	80008810	415885b3	sub	x11,x17,x21	 x17:0x00000001 x21:0x169fa000 x11=0xe9606001
     413795.000 ns	     41378	80008814	d001f4d3	fcvt.s.w	f9,x3	  x3:0xfffffdf5  f9=0xc402c000
     414165.000 ns	     41415	80008818	030a4cb3	div	x25,x20,x16	 x20:0xffffffff x16:0xfffffffe x25=0x00000000
     414205.000 ns	     41419	8000881c	580d7153	fsqrt.s	f2,f26	 f26:0x9bf53698  f2=0x7fc00000
     414225.000 ns	     41421	80008820	44681bb7	lui	x23,0x44681	 x23=0x44681000
     414235.000 ns	     41422	80008824	20a5fb93	andi	x23,x11,522	 x11:0xe9606001 x23=0x00000000
     414255.000 ns	     41424	80008828	02b4b9b3	mulhu	x19,x9,x11	  x9:0x00000080 x11:0xe9606001 x19=0x00000074
     414285.000 ns	     41427	8000882c	c00d7053	fcvt.w.s	x0,f26	 f26:0x9bf53698
     414305.000 ns	     41429	80008830	01fc19b3	sll	x19,x24,x31	 x24:0xffffffff x31:0x9e54f654 x19=0xfff00000
     414665.000 ns	     41465	80008834	03367c33	remu	x24,x12,x19	 x12:0xc4860734 x19:0x00000074 x24=0xc4860734
     414685.000 ns	     41467	80008838	27260d17	auipc	x26,0x27260	 x26=0xa7268838
     414705.000 ns	     41469	8000883c	03fb3533	mulhu	x10,x22,x31	 x22:0xaaa84e4e x31:0x9e54f654 x10=0x698c83c3
     415075.000 ns	     41506	80008840	03fe6433	rem	x8,x28,x31	 x28:0x00000000 x31:0x9e54f654  x8=0x00000000
     415105.000 ns	     41509	80008844	a05f23d3	feq.s	x7,f30,f5	 f30:0xc38000c9  f5:0x7fc00000  x7=0x00000000
     415125.000 ns	     41511	80008848	101c4f93	xori	x31,x24,257	 x24:0xc4860734 x31=0xc4860635
     415145.000 ns	     41513	8000884c	a18f9ed3	flt.s	x29,f31,f24	 f31:0x7f800000 f24:0x00000000 x29=0x00000000
     415175.000 ns	     41516	80008850	02d31633	mulh	x12,x6,x13	  x6:0x00000000 x13:0x000007f1 x12=0x00000000
     415205.000 ns	     41519	80008854	03988d33	mul	x26,x17,x25	 x17:0x00000001 x25:0x00000000 x26=0x00000000
     416385.000 ns	     41637	80008858	58050253	fsqrt.s	f4,f10	 f10:0x00000440  f4=0x1f350a86
     416405.000 ns	     41639	8000885c	005d9613	slli	x12,x27,0x5	 x27:0x169fa000 x12=0xd3f40000
     416445.000 ns	     41643	80008860	00a2cd53	fadd.s	f26,f5,f10	  f5:0x7fc00000 f10:0x00000440 f26=0x7fc00000
     416465.000 ns	     41645	80008864	07376093	ori	x1,x14,115	 x14:0x80040fe4  x1=0x80040ff7
     416485.000 ns	     41647	80008868	e00215d3	fclass.s	x11,f4	  f4:0x1f350a86 x11=0x00000040
     416505.000 ns	     41649	8000886c	410a0933	sub	x18,x20,x16	 x20:0xffffffff x16:0xfffffffe x18=0x00000001
     416515.000 ns	     41650	80008870	ebe3e393	ori	x7,x7,-322	  x7:0x00000000  x7=0xfffffebe
     416535.000 ns	     41652	80008874	e0099053	fclass.s	x0,f19	 f19:0x7f800000
     416555.000 ns	     41654	80008878	41c75a13	srai	x20,x14,0x1c	 x14:0x80040fe4 x20=0xfffffff8
     416565.000 ns	     41655	8000887c	00138d33	add	x26,x7,x1	  x7:0xfffffebe  x1:0x80040ff7 x26=0x80040eb5
     416575.000 ns	     41656	80008880	00258d33	add	x26,x11,x2	 x11:0x00000040  x2:0x00000003 x26=0x00000043
     416615.000 ns	     41660	80008884	08e43253	fsub.s	f4,f8,f14	  f8:0xcefff7e1 f14:0x80041024  f4=0xcefff7e1
     416635.000 ns	     41662	80008888	019759b3	srl	x19,x14,x25	 x14:0x80040fe4 x25:0x00000000 x19=0x80040fe4
     416655.000 ns	     41664	8000888c	d009f653	fcvt.s.w	f12,x19	 x19:0xfff00000 f12=0xcefff7e0
     416675.000 ns	     41666	80008890	89a68913	addi	x18,x13,-1894	 x13:0x000007f1 x18=0x0000008b
     416695.000 ns	     41668	80008894	e00f8053	fmv.x.w	x0,f31	 f31:0x7f800000
     416725.000 ns	     41671	80008898	f00608d3	fmv.w.x	f17,x12	 x12:0xd3f40000 f17=0xd3f40000
     416745.000 ns	     41673	8000889c	7a5a7313	andi	x6,x20,1957	 x20:0xfffffff8  x6=0x000007a0
     417105.000 ns	     41709	800088a0	0330c233	div	x4,x1,x19	  x1:0x80040ff7 x19:0x80040fe4  x4=0x00000000
     417125.000 ns	     41711	800088a4	40c80633	sub	x12,x16,x12	 x16:0xfffffffe x12:0xd3f40000 x12=0x2c0bfffe
     417155.000 ns	     41714	800088a8	11784a53	fmul.s	f20,f16,f23	 f16:0x9bf53698 f23:0x00000000 f20=0x80000000
     417185.000 ns	     41717	800088ac	f00901d3	fmv.w.x	f3,x18	 x18:0x0000008b  f3=0x0000008b
     417215.000 ns	     41720	800088b0	a0518d53	fle.s	x26,f3,f5	  f3:0x00000000  f5:0x7fc00000 x26=0x00000000
     417235.000 ns	     41722	800088b4	d2976a13	ori	x20,x14,-727	 x14:0x80040fe4 x20=0xffffffed
     417595.000 ns	     41758	800088b8	02b1c933	div	x18,x3,x11	  x3:0xfffffdf5 x11:0x00000040 x18=0xfffffff8
     417625.000 ns	     41761	800088bc	20f09953	fsgnjn.s	f18,f1,f15	  f1:0x80000000 f15:0x00000000 f18=0x80000000
     417645.000 ns	     41763	800088c0	d5723913	sltiu	x18,x4,-681	  x4:0x00000000 x18=0x00000001
     417675.000 ns	     41766	800088c4	10102153	fmul.s	f2,f0,f1	  f0:0x9bf53698  f1:0x80000000  f2=0x00000000
     417705.000 ns	     41769	800088c8	29e10753	fmin.s	f14,f2,f30	  f2:0x7fc00000 f30:0xc38000c9 f14=0xc38000c9
     417735.000 ns	     41772	800088cc	020868b3	rem	x17,x16,x0	 x16:0xfffffffe  x0:0x00000000 x17=0xfffffffe
     417785.000 ns	     41777	800088d0	08d97753	fsub.s	f14,f18,f13	 f18:0x80000000 f13:0x00000000 f14=0x80000000
     417805.000 ns	     41779	800088d4	00d0b433	sltu	x8,x1,x13	  x1:0x80040ff7 x13:0x000007f1  x8=0x00000000
     417815.000 ns	     41780	800088d8	4081deb3	sra	x29,x3,x8	  x3:0xfffffdf5  x8:0x00000000 x29=0xfffffdf5
     417835.000 ns	     41782	800088dc	c01b79d3	fcvt.wu.s	x19,f22	 f22:0x7fc00000 x19=0xffffffff
     417855.000 ns	     41784	800088e0	400b8ab3	sub	x21,x23,x0	 x23:0x00000000  x0:0x00000000 x21=0x00000000
     417865.000 ns	     41785	800088e4	1cefc893	xori	x17,x31,462	 x31:0xc4860635 x17=0xc48607fb
     417885.000 ns	     41787	800088e8	02a7b8b3	mulhu	x17,x15,x10	 x15:0x00000024 x10:0x698c83c3 x17=0x0000000e
     417905.000 ns	     41789	800088ec	00de5eb3	srl	x29,x28,x13	 x28:0x00000000 x13:0x000007f1 x29=0x00000000
     417925.000 ns	     41791	800088f0	a16b05d3	fle.s	x11,f22,f22	 f22:0x7fc00000 f22:0x7fc00000 x11=0x00000000
     417945.000 ns	     41793	800088f4	4049d3b3	sra	x7,x19,x4	 x19:0xffffffff  x4:0x00000000  x7=0xffffffff
     417955.000 ns	     41794	800088f8	00169cb3	sll	x25,x13,x1	 x13:0x000007f1  x1:0x80040ff7 x25=0xf8800000
     417975.000 ns	     41796	800088fc	205304d3	fsgnj.s	f9,f6,f5	  f6:0x7f800000  f5:0x7fc00000  f9=0x7f800000
     417995.000 ns	     41798	80008900	40815933	sra	x18,x2,x8	  x2:0x00000003  x8:0x00000000 x18=0x00000003
     418355.000 ns	     41834	80008904	02e566b3	rem	x13,x10,x14	 x10:0x698c83c3 x14:0x80040fe4 x13=0x698c83c3
     418375.000 ns	     41836	80008908	0056acb3	slt	x25,x13,x5	 x13:0x000007f1  x5:0x80041024 x25=0x00000000
     418385.000 ns	     41837	8000890c	00b82433	slt	x8,x16,x11	 x16:0xfffffffe x11:0x00000000  x8=0x00000001
     418405.000 ns	     41839	80008910	c015afd3	fcvt.wu.s	x31,f11	 f11:0x00000000 x31=0x00000000
     418425.000 ns	     41841	80008914	40c55513	srai	x10,x10,0xc	 x10:0x698c83c3 x10=0x000698c8
     418455.000 ns	     41844	80008918	580bfdd3	fsqrt.s	f27,f23	 f23:0x00000000 f27=0x00000000
     418485.000 ns	     41847	8000891c	a0e72853	feq.s	x16,f14,f14	 f14:0x80000000 f14:0x80000000 x16=0x00000001
     418515.000 ns	     41850	80008920	21789fd3	fsgnjn.s	f31,f17,f23	 f17:0xd3f40000 f23:0x00000000 f31=0xd3f40000
     418535.000 ns	     41852	80008924	f7418f13	addi	x30,x3,-140	  x3:0xfffffdf5 x30=0xfffffd69
     418545.000 ns	     41853	80008928	96394513	xori	x10,x18,-1693	 x18:0x00000003 x10=0xfffff960
     418555.000 ns	     41854	8000892c	c5798413	addi	x8,x19,-937	 x19:0xffffffff  x8=0xfffffc56
     418565.000 ns	     41855	80008930	2ede3c97	auipc	x25,0x2ede3	 x25=0xaedeb930
     418575.000 ns	     41856	80008934	014c4e33	xor	x28,x24,x20	 x24:0xc4860734 x20:0xffffffed x28=0x3b79f8d9
     418585.000 ns	     41857	80008938	24c53517	auipc	x10,0x24c53	 x10=0xa4c5b938
     418605.000 ns	     41859	8000893c	d00e7bd3	fcvt.s.w	f23,x28	 x28:0x00000000 f23=0x4e6de7e3
     418625.000 ns	     41861	80008940	00224533	xor	x10,x4,x2	  x4:0x00000000  x2:0x00000003 x10=0x00000003
     418645.000 ns	     41863	80008944	28609053	fmax.s	f0,f1,f6	  f1:0x80000000  f6:0x7f800000  f0=0x7f800000
     418675.000 ns	     41866	80008948	2062a953	fsgnjx.s	f18,f5,f6	  f5:0x7fc00000  f6:0x7f800000 f18=0x7fc00000
     418695.000 ns	     41868	8000894c	d60e6393	ori	x7,x28,-672	 x28:0x3b79f8d9  x7=0xfffffdf9
     418715.000 ns	     41870	80008950	02b2dbb3	divu	x23,x5,x11	  x5:0x80041024 x11:0x00000000 x23=0xffffffff
     418735.000 ns	     41872	80008954	17c08413	addi	x8,x1,380	  x1:0x80040ff7  x8=0x80041173
     418755.000 ns	     41874	80008958	20289953	fsgnjn.s	f18,f17,f2	 f17:0xd3f40000  f2:0x00000000 f18=0xd3f40000
     418775.000 ns	     41876	8000895c	aa0fc613	xori	x12,x31,-1376	 x31:0x00000000 x12=0xfffffaa0
     418795.000 ns	     41878	80008960	03de3833	mulhu	x16,x28,x29	 x28:0x3b79f8d9 x29:0x00000000 x16=0x00000000
     418825.000 ns	     41881	80008964	a0dd18d3	flt.s	x17,f26,f13	 f26:0x7fc00000 f13:0x00000000 x17=0x00000000
     418845.000 ns	     41883	80008968	00b18e33	add	x28,x3,x11	  x3:0xfffffdf5 x11:0x00000000 x28=0xfffffdf5
     418855.000 ns	     41884	8000896c	410edc13	srai	x24,x29,0x10	 x29:0x00000000 x24=0x00000000
     418865.000 ns	     41885	80008970	9ec64193	xori	x3,x12,-1556	 x12:0xfffffaa0  x3=0x0000034c
     418875.000 ns	     41886	80008974	41fa8033	sub	x0,x21,x31	 x21:0x00000000 x31:0x00000000
     418895.000 ns	     41888	80008978	02ac9db3	mulh	x27,x25,x10	 x25:0xaedeb930 x10:0x00000003 x27=0xffffffff
     418925.000 ns	     41891	8000897c	03851033	mulh	x0,x10,x24	 x10:0x00000003 x24:0x00000000
     418965.000 ns	     41895	80008980	11510dd3	fmul.s	f27,f2,f21	  f2:0x00000000 f21:0x00000000 f27=0x00000000
     418995.000 ns	     41898	80008984	28608d53	fmin.s	f26,f1,f6	  f1:0x80000000  f6:0x7f800000 f26=0x80000000
     419025.000 ns	     41901	80008988	e00d1f53	fclass.s	x30,f26	 f26:0x7fc00000 x30=0x00000008
     419045.000 ns	     41903	8000898c	014d7433	and	x8,x26,x20	 x26:0x00000000 x20:0xffffffed  x8=0x00000000
     419055.000 ns	     41904	80008990	000c5333	srl	x6,x24,x0	 x24:0x00000000  x0:0x00000000  x6=0x00000000
     419415.000 ns	     41940	80008994	02f15e33	divu	x28,x2,x15	  x2:0x00000003 x15:0x00000024 x28=0x00000000
     419445.000 ns	     41943	80008998	29071c53	fmax.s	f24,f14,f16	 f14:0x80000000 f16:0x9bf53698 f24=0x80000000
     419465.000 ns	     41945	8000899c	0158fcb3	and	x25,x17,x21	 x17:0x00000000 x21:0x00000000 x25=0x00000000
     419485.000 ns	     41947	800089a0	0313e433	rem	x8,x7,x17	  x7:0xfffffdf9 x17:0x00000000  x8=0xfffffdf9
     419505.000 ns	     41949	800089a4	01445833	srl	x16,x8,x20	  x8:0x00000000 x20:0xffffffed x16=0x0007ffff
     419525.000 ns	     41951	800089a8	a1c01353	flt.s	x6,f0,f28	  f0:0x7f800000 f28:0xff800000  x6=0x00000000
     419555.000 ns	     41954	800089ac	e00e1653	fclass.s	x12,f28	 f28:0xff800000 x12=0x00000001
     419575.000 ns	     41956	800089b0	de0be693	ori	x13,x23,-544	 x23:0xffffffff x13=0xffffffff
     419585.000 ns	     41957	800089b4	002555b3	srl	x11,x10,x2	 x10:0x00000003  x2:0x00000003 x11=0x00000000
     419945.000 ns	     41993	800089b8	02de5db3	divu	x27,x28,x13	 x28:0x00000000 x13:0x698c83c3 x27=0x00000000
     419975.000 ns	     41996	800089bc	03ddcab3	div	x21,x27,x29	 x27:0xffffffff x29:0x00000000 x21=0xffffffff
     419995.000 ns	     41998	800089c0	0106c8b3	xor	x17,x13,x16	 x13:0xffffffff x16:0x0007ffff x17=0xfff80000
     420015.000 ns	     42000	800089c4	03da4eb3	div	x29,x20,x29	 x20:0xffffffed x29:0x00000000 x29=0xffffffff
     420035.000 ns	     42002	800089c8	a94e7113	andi	x2,x28,-1388	 x28:0x00000000  x2=0x00000000
     420055.000 ns	     42004	800089cc	a1b78853	fle.s	x16,f15,f27	 f15:0x00000000 f27:0x00000000 x16=0x00000001
     420075.000 ns	     42006	800089d0	c5832f37	lui	x30,0xc5832	 x30=0xc5832000
     420085.000 ns	     42007	800089d4	017e0db3	add	x27,x28,x23	 x28:0x00000000 x23:0xffffffff x27=0xffffffff
     420115.000 ns	     42010	800089d8	10018a53	fmul.s	f20,f3,f0	  f3:0x0000008b  f0:0x7f800000 f20=0x7f800000
     420145.000 ns	     42013	800089dc	e0070d53	fmv.x.w	x26,f14	 f14:0x80000000 x26=0x80000000
     420165.000 ns	     42015	800089e0	b0feb493	sltiu	x9,x29,-1265	 x29:0xffffffff  x9=0x00000000
     420175.000 ns	     42016	800089e4	24fa33b7	lui	x7,0x24fa3	  x7=0x24fa3000
     420185.000 ns	     42017	800089e8	00ffa4b3	slt	x9,x31,x15	 x31:0x00000000 x15:0x00000024  x9=0x00000001
     420205.000 ns	     42019	800089ec	21312fd3	fsgnjx.s	f31,f2,f19	  f2:0x00000000 f19:0x7f800000 f31=0x00000000
     420235.000 ns	     42022	800089f0	e0031e53	fclass.s	x28,f6	  f6:0x7f800000 x28=0x00000080
     420255.000 ns	     42024	800089f4	002b7433	and	x8,x22,x2	 x22:0xaaa84e4e  x2:0x00000000  x8=0x00000000
     420285.000 ns	     42027	800089f8	580dabd3	fsqrt.s	f23,f27	 f27:0x00000000 f23=0x00000000
     420315.000 ns	     42030	800089fc	28738b53	fmin.s	f22,f7,f7	  f7:0x00000000  f7:0x00000000 f22=0x00000000
     420345.000 ns	     42033	80008a00	294f8253	fmin.s	f4,f31,f20	 f31:0x00000000 f20:0x7f800000  f4=0x00000000
     420365.000 ns	     42035	80008a04	40035c93	srai	x25,x6,0x0	  x6:0x00000000 x25=0x00000000
     420375.000 ns	     42036	80008a08	a6ba0f13	addi	x30,x20,-1429	 x20:0xffffffed x30=0xfffffa58
     420395.000 ns	     42038	80008a0c	d0107e53	fcvt.s.wu	f28,x0	  x0:0x00000000 f28=0x00000000
     420425.000 ns	     42041	80008a10	022fe6b3	rem	x13,x31,x2	 x31:0x00000000  x2:0x00000000 x13=0x00000000
     420455.000 ns	     42044	80008a14	a0401fd3	flt.s	x31,f0,f4	  f0:0x7f800000  f4:0x00000000 x31=0x00000000
     420485.000 ns	     42047	80008a18	e00d0c53	fmv.x.w	x24,f26	 f26:0x80000000 x24=0x80000000
     420855.000 ns	     42084	80008a1c	03775633	divu	x12,x14,x23	 x14:0x80040fe4 x23:0xffffffff x12=0x00000000
     420875.000 ns	     42086	80008a20	01b58cb3	add	x25,x11,x27	 x11:0x00000000 x27:0xffffffff x25=0xffffffff
     420885.000 ns	     42087	80008a24	408fdd13	srai	x26,x31,0x8	 x31:0x00000000 x26=0x00000000
     420905.000 ns	     42089	80008a28	28f286d3	fmin.s	f13,f5,f15	  f5:0x7fc00000 f15:0x00000000 f13=0x00000000
     420935.000 ns	     42092	80008a2c	d0167cd3	fcvt.s.wu	f25,x12	 x12:0x00000000 f25=0x00000000
     421305.000 ns	     42129	80008a30	037d7f33	remu	x30,x26,x23	 x26:0x00000000 x23:0xffffffff x30=0x00000000
     421335.000 ns	     42132	80008a34	216b1453	fsgnjn.s	f8,f22,f22	 f22:0x00000000 f22:0x00000000  f8=0x80000000
     421365.000 ns	     42135	80008a38	28241753	fmax.s	f14,f8,f2	  f8:0xcefff7e1  f2:0x00000000 f14=0x00000000
     421385.000 ns	     42137	80008a3c	9f3aa3b7	lui	x7,0x9f3aa	  x7=0x9f3aa000
     421405.000 ns	     42139	80008a40	031b9eb3	mulh	x29,x23,x17	 x23:0xffffffff x17:0xfff80000 x29=0x00000000
     421425.000 ns	     42141	80008a44	00279593	slli	x11,x15,0x2	 x15:0x00000024 x11=0x00000090
     421435.000 ns	     42142	80008a48	01c25333	srl	x6,x4,x28	  x4:0x00000000 x28:0x00000080  x6=0x00000000
     421455.000 ns	     42144	80008a4c	03b7ad33	mulhsu	x26,x15,x27	 x15:0x00000024 x27:0xffffffff x26=0x00000023
     421475.000 ns	     42146	80008a50	42ab47b7	lui	x15,0x42ab4	 x15=0x42ab4000
     421495.000 ns	     42148	80008a54	02d3fd33	remu	x26,x7,x13	  x7:0x9f3aa000 x13:0x00000000 x26=0x9f3aa000
     421525.000 ns	     42151	80008a58	e0001353	fclass.s	x6,f0	  f0:0x7f800000  x6=0x00000080
     421545.000 ns	     42153	80008a5c	01db4f33	xor	x30,x22,x29	 x22:0xaaa84e4e x29:0x00000000 x30=0xaaa84e4e
     421555.000 ns	     42154	80008a60	00589533	sll	x10,x17,x5	 x17:0xfff80000  x5:0x80041024 x10=0xff800000
     421575.000 ns	     42156	80008a64	d00884d3	fcvt.s.w	f9,x17	 x17:0xfff80000  f9=0xc9000000
     421605.000 ns	     42159	80008a68	029c3433	mulhu	x8,x24,x9	 x24:0x80000000  x9:0x00000001  x8=0x00000000
     421635.000 ns	     42162	80008a6c	c0107fd3	fcvt.wu.s	x31,f0	  f0:0x7f800000 x31=0xffffffff
     421665.000 ns	     42165	80008a70	a0561953	flt.s	x18,f12,f5	 f12:0xcefff7e0  f5:0x7fc00000 x18=0x00000000
     421685.000 ns	     42167	80008a74	018455b3	srl	x11,x8,x24	  x8:0x00000000 x24:0x80000000 x11=0x00000000
     421705.000 ns	     42169	80008a78	c01325d3	fcvt.wu.s	x11,f6	  f6:0x7f800000 x11=0xffffffff
     421745.000 ns	     42173	80008a7c	18f0f6d3	fdiv.s	f13,f1,f15	  f1:0x80000000 f15:0x00000000 f13=0x7fc00000
     421795.000 ns	     42178	80008a80	000271d3	fadd.s	f3,f4,f0	  f4:0x00000000  f0:0x7f800000  f3=0x7f800000
     421825.000 ns	     42181	80008a84	f00b0253	fmv.w.x	f4,x22	 x22:0xaaa84e4e  f4=0xaaa84e4e
     421845.000 ns	     42183	80008a88	01db8cb3	add	x25,x23,x29	 x23:0xffffffff x29:0x00000000 x25=0xffffffff
     421865.000 ns	     42185	80008a8c	c0130353	fcvt.wu.s	x6,f6	  f6:0x7f800000  x6=0xffffffff
     421895.000 ns	     42188	80008a90	02f4aeb3	mulhsu	x29,x9,x15	  x9:0x00000001 x15:0x42ab4000 x29=0x00000000
     421915.000 ns	     42190	80008a94	52e77117	auipc	x2,0x52e77	  x2=0xd2e7fa94
     421935.000 ns	     42192	80008a98	a17f0ed3	fle.s	x29,f30,f23	 f30:0xc38000c9 f23:0x00000000 x29=0x00000001
     421955.000 ns	     42194	80008a9c	01ba23b3	slt	x7,x20,x27	 x20:0xffffffed x27:0xffffffff  x7=0x00000001
     421975.000 ns	     42196	80008aa0	d00f78d3	fcvt.s.w	f17,x30	 x30:0xaaa84e4e f17=0xceaaaf63
     422345.000 ns	     42233	80008aa4	03e84633	div	x12,x16,x30	 x16:0x00000001 x30:0xaaa84e4e x12=0x00000000
     422375.000 ns	     42236	80008aa8	a1940ed3	fle.s	x29,f8,f25	  f8:0x80000000 f25:0x00000000 x29=0x00000001
     422405.000 ns	     42239	80008aac	28b61f53	fmax.s	f30,f12,f11	 f12:0xcefff7e0 f11:0x00000000 f30=0x00000000
     422425.000 ns	     42241	80008ab0	00c1f033	and	x0,x3,x12	  x3:0x0000034c x12:0x00000000
     422445.000 ns	     42243	80008ab4	036a08b3	mul	x17,x20,x22	 x20:0xffffffed x22:0xaaa84e4e x17=0x55823036
     422475.000 ns	     42246	80008ab8	a0b486d3	fle.s	x13,f9,f11	  f9:0xc9000000 f11:0x00000000 x13=0x00000001
     422495.000 ns	     42248	80008abc	01f08133	add	x2,x1,x31	  x1:0x80040ff7 x31:0xffffffff  x2=0x80040ff6
     422505.000 ns	     42249	80008ac0	012d33b3	sltu	x7,x26,x18	 x26:0x9f3aa000 x18:0x00000000  x7=0x00000000
     422515.000 ns	     42250	80008ac4	c1f67513	andi	x10,x12,-993	 x12:0x00000000 x10=0x00000000
     422525.000 ns	     42251	80008ac8	017c9793	slli	x15,x25,0x17	 x25:0xffffffff x15=0xff800000
     422545.000 ns	     42253	80008acc	a170a153	feq.s	x2,f1,f23	  f1:0x80000000 f23:0x00000000  x2=0x00000001
     422575.000 ns	     42256	80008ad0	216490d3	fsgnjn.s	f1,f9,f22	  f9:0xc9000000 f22:0x00000000  f1=0xc9000000
     422595.000 ns	     42258	80008ad4	7b250c93	addi	x25,x10,1970	 x10:0x00000000 x25=0x000007b2
     422605.000 ns	     42259	80008ad8	01f3fe33	and	x28,x7,x31	  x7:0x00000000 x31:0xffffffff x28=0x00000000
     422625.000 ns	     42261	80008adc	c009c053	fcvt.w.s	x0,f19	 f19:0x7f800000
     422645.000 ns	     42263	80008ae0	01489e13	slli	x28,x17,0x14	 x17:0x55823036 x28=0x03600000
     422655.000 ns	     42264	80008ae4	011990b3	sll	x1,x19,x17	 x19:0xffffffff x17:0x55823036  x1=0xffc00000
     422675.000 ns	     42266	80008ae8	c000f1d3	fcvt.w.s	x3,f1	  f1:0xc9000000  x3=0x00080000
     423045.000 ns	     42303	80008aec	033851b3	divu	x3,x16,x19	 x16:0x00000001 x19:0xffffffff  x3=0x00000000
     423065.000 ns	     42305	80008af0	009b4db3	xor	x27,x22,x9	 x22:0xaaa84e4e  x9:0x00000001 x27=0xaaa84e4f
     423085.000 ns	     42307	80008af4	d0093ed3	fcvt.s.w	f29,x18	 x18:0x00000000 f29=0x00000000
     423105.000 ns	     42309	80008af8	7be0c493	xori	x9,x1,1982	  x1:0xffc00000  x9=0xffc007be
     423145.000 ns	     42313	80008afc	0123ffd3	fadd.s	f31,f7,f18	  f7:0x00000000 f18:0xd3f40000 f31=0xd3f40000
     423165.000 ns	     42315	80008b00	71366093	ori	x1,x12,1811	 x12:0x00000000  x1=0x00000713
     423185.000 ns	     42317	80008b04	d01bffd3	fcvt.s.wu	f31,x23	 x23:0xffffffff f31=0x4f7fffff
     423215.000 ns	     42320	80008b08	e00587d3	fmv.x.w	x15,f11	 f11:0x00000000 x15=0x00000000
     423235.000 ns	     42322	80008b0c	01996333	or	x6,x18,x25	 x18:0x00000000 x25:0x000007b2  x6=0x000007b2
     423255.000 ns	     42324	80008b10	032a4033	div	x0,x20,x18	 x20:0xffffffed x18:0x00000000
     423285.000 ns	     42327	80008b14	a1dc20d3	feq.s	x1,f24,f29	 f24:0x80000000 f29:0x00000000  x1=0x00000001
     423305.000 ns	     42329	80008b18	e90a4f17	auipc	x30,0xe90a4	 x30=0x690acb18
     423315.000 ns	     42330	80008b1c	dc79bdb7	lui	x27,0xdc79b	 x27=0xdc79b000
     423335.000 ns	     42332	80008b20	a1e8ae53	feq.s	x28,f17,f30	 f17:0xceaaaf63 f30:0x00000000 x28=0x00000000
     423365.000 ns	     42335	80008b24	21fe96d3	fsgnjn.s	f13,f29,f31	 f29:0x00000000 f31:0x4f7fffff f13=0x80000000
     423395.000 ns	     42338	80008b28	035704b3	mul	x9,x14,x21	 x14:0x80040fe4 x21:0xffffffff  x9=0x7ffbf01c
     423415.000 ns	     42340	80008b2c	00ae84b3	add	x9,x29,x10	 x29:0x00000001 x10:0x00000000  x9=0x00000001
     423425.000 ns	     42341	80008b30	409bddb3	sra	x27,x23,x9	 x23:0xffffffff  x9:0x7ffbf01c x27=0xffffffff
     423435.000 ns	     42342	80008b34	019adeb3	srl	x29,x21,x25	 x21:0xffffffff x25:0x000007b2 x29=0x00003fff
     423445.000 ns	     42343	80008b38	cac38813	addi	x16,x7,-852	  x7:0x00000000 x16=0xfffffcac
     423805.000 ns	     42379	80008b3c	02b4f333	remu	x6,x9,x11	  x9:0x00000001 x11:0xffffffff  x6=0x00000001
     423825.000 ns	     42381	80008b40	00a15c93	srli	x25,x2,0xa	  x2:0x00000001 x25=0x00000000
     423835.000 ns	     42382	80008b44	3c0f7197	auipc	x3,0x3c0f7	  x3=0xbc0ffb44
     423855.000 ns	     42384	80008b48	03252c33	mulhsu	x24,x10,x18	 x10:0x00000000 x18:0x00000000 x24=0x00000000
     423885.000 ns	     42387	80008b4c	201b0553	fsgnj.s	f10,f22,f1	 f22:0x00000000  f1:0xc9000000 f10=0x80000000
     423905.000 ns	     42389	80008b50	0096d033	srl	x0,x13,x9	 x13:0x00000001  x9:0x00000001
     423915.000 ns	     42390	80008b54	00000013	addi	x0,x0,0	  x0:0x00000000
     423955.000 ns	     42394	80008b58	013978d3	fadd.s	f17,f18,f19	 f18:0xd3f40000 f19:0x7f800000 f17=0x7f800000
     423985.000 ns	     42397	80008b5c	d01a0553	fcvt.s.wu	f10,x20	 x20:0xffffffed f10=0x4f800000
     424015.000 ns	     42400	80008b60	d0052853	fcvt.s.w	f16,x10	 x10:0x00000000 f16=0x00000000
     424045.000 ns	     42403	80008b64	29771cd3	fmax.s	f25,f14,f23	 f14:0x00000000 f23:0x00000000 f25=0x00000000
     424065.000 ns	     42405	80008b68	a465fb93	andi	x23,x11,-1466	 x11:0xffffffff x23=0xfffffa46
     424075.000 ns	     42406	80008b6c	01ee1533	sll	x10,x28,x30	 x28:0x00000000 x30:0x690acb18 x10=0x00000000
     424095.000 ns	     42408	80008b70	0271b333	mulhu	x6,x3,x7	  x3:0xbc0ffb44  x7:0x00000000  x6=0x00000000
     424115.000 ns	     42410	80008b74	0a927513	andi	x10,x4,169	  x4:0x00000000 x10=0x00000000
     424135.000 ns	     42412	80008b78	c01ff553	fcvt.wu.s	x10,f31	 f31:0x4f7fffff x10=0xffffff00
     424155.000 ns	     42414	80008b7c	da111997	auipc	x19,0xda111	 x19=0x5a119b7c
     424515.000 ns	     42450	80008b80	035afc33	remu	x24,x21,x21	 x21:0xffffffff x21:0xffffffff x24=0x00000000
     424545.000 ns	     42453	80008b84	a14494d3	flt.s	x9,f9,f20	  f9:0xc9000000 f20:0x7f800000  x9=0x00000001
     424575.000 ns	     42456	80008b88	0342beb3	mulhu	x29,x5,x20	  x5:0x80041024 x20:0xffffffed x29=0x8004101a
     424595.000 ns	     42458	80008b8c	01414433	xor	x8,x2,x20	  x2:0x00000001 x20:0xffffffed  x8=0xffffffec
     424615.000 ns	     42460	80008b90	a1e681d3	fle.s	x3,f13,f30	 f13:0x80000000 f30:0x00000000  x3=0x00000001
     424635.000 ns	     42462	80008b94	01ac1f33	sll	x30,x24,x26	 x24:0x00000000 x26:0x9f3aa000 x30=0x00000000
     424645.000 ns	     42463	80008b98	00000013	addi	x0,x0,0	  x0:0x00000000
     424665.000 ns	     42465	80008b9c	03b711b3	mulh	x3,x14,x27	 x14:0x80040fe4 x27:0xffffffff  x3=0x00000000
     424695.000 ns	     42468	80008ba0	a07ba0d3	feq.s	x1,f23,f7	 f23:0x00000000  f7:0x00000000  x1=0x00000001
     424715.000 ns	     42470	80008ba4	24e78c93	addi	x25,x15,590	 x15:0x00000000 x25=0x0000024e
     424725.000 ns	     42471	80008ba8	413f8ab3	sub	x21,x31,x19	 x31:0xffffffff x19:0x5a119b7c x21=0xa5ee6483
     424735.000 ns	     42472	80008bac	628d6937	lui	x18,0x628d6	 x18=0x628d6000
     424755.000 ns	     42474	80008bb0	f0010753	fmv.w.x	f14,x2	  x2:0x00000001 f14=0x00000001
     424775.000 ns	     42476	80008bb4	00000013	addi	x0,x0,0	  x0:0x00000000
     424815.000 ns	     42480	80008bb8	080b3253	fsub.s	f4,f22,f0	 f22:0x00000000  f0:0x7f800000  f4=0xff800000
     424835.000 ns	     42482	80008bbc	01b1fcb3	and	x25,x3,x27	  x3:0x00000000 x27:0xffffffff x25=0x00000000
     424845.000 ns	     42483	80008bc0	010180b3	add	x1,x3,x16	  x3:0x00000000 x16:0xfffffcac  x1=0xfffffcac
     424855.000 ns	     42484	80008bc4	5d7ba193	slti	x3,x23,1495	 x23:0xfffffa46  x3=0x00000001
     424895.000 ns	     42488	80008bc8	08eca9d3	fsub.s	f19,f25,f14	 f25:0x00000000 f14:0x00000001 f19=0x80000001
     424915.000 ns	     42490	80008bcc	016ce8b3	or	x17,x25,x22	 x25:0x00000000 x22:0xaaa84e4e x17=0xaaa84e4e
     424925.000 ns	     42491	80008bd0	41e75533	sra	x10,x14,x30	 x14:0x80040fe4 x30:0x00000000 x10=0x80040fe4
     424945.000 ns	     42493	80008bd4	21d41bd3	fsgnjn.s	f23,f8,f29	  f8:0x80000000 f29:0x00000000 f23=0x80000000
     425315.000 ns	     42530	80008bd8	03b178b3	remu	x17,x2,x27	  x2:0x00000001 x27:0xffffffff x17=0x00000001
     425685.000 ns	     42567	80008bdc	03487db3	remu	x27,x16,x20	 x16:0xfffffcac x20:0xffffffed x27=0xfffffcac
     425705.000 ns	     42569	80008be0	7ca1f593	andi	x11,x3,1994	  x3:0x00000001 x11=0x00000000
     425715.000 ns	     42570	80008be4	00000013	addi	x0,x0,0	  x0:0x00000000
     425735.000 ns	     42572	80008be8	d0087bd3	fcvt.s.w	f23,x16	 x16:0xfffffcac f23=0xc4550000
     425765.000 ns	     42575	80008bec	c015fcd3	fcvt.wu.s	x25,f11	 f11:0x00000000 x25=0x00000000
     425815.000 ns	     42580	80008bf0	013e75d3	fadd.s	f11,f28,f19	 f28:0x00000000 f19:0x80000001 f11=0x80000001
     425835.000 ns	     42582	80008bf4	002cbab3	sltu	x21,x25,x2	 x25:0x00000000  x2:0x00000001 x21=0x00000001
     425845.000 ns	     42583	80008bf8	0126e233	or	x4,x13,x18	 x13:0x00000001 x18:0x628d6000  x4=0x628d6001
     425855.000 ns	     42584	80008bfc	0058e1b3	or	x3,x17,x5	 x17:0x00000001  x5:0x80041024  x3=0x80041025
     425865.000 ns	     42585	80008c00	01e834b3	sltu	x9,x16,x30	 x16:0xfffffcac x30:0x00000000  x9=0x00000000
     425875.000 ns	     42586	80008c04	b71f97b7	lui	x15,0xb71f9	 x15=0xb71f9000
     425895.000 ns	     42588	80008c08	027583b3	mul	x7,x11,x7	 x11:0x00000000  x7:0x00000000  x7=0x00000000
     425925.000 ns	     42591	80008c0c	d00372d3	fcvt.s.w	f5,x6	  x6:0x00000000  f5=0x00000000
     425945.000 ns	     42593	80008c10	3c484c13	xori	x24,x16,964	 x16:0xfffffcac x24=0xffffff68
     425965.000 ns	     42595	80008c14	a1fc89d3	fle.s	x19,f25,f31	 f25:0x00000000 f31:0x4f7fffff x19=0x00000001
     425985.000 ns	     42597	80008c18	00dc6fb3	or	x31,x24,x13	 x24:0x00000000 x13:0x00000001 x31=0xffffff69
     426005.000 ns	     42599	80008c1c	293f0dd3	fmin.s	f27,f30,f19	 f30:0x00000000 f19:0x80000001 f27=0x80000001
     426025.000 ns	     42601	80008c20	00710333	add	x6,x2,x7	  x2:0x00000001  x7:0x00000000  x6=0x00000001
     426035.000 ns	     42602	80008c24	014c1bb3	sll	x23,x24,x20	 x24:0xffffff68 x20:0xffffffed x23=0xffed0000
     426055.000 ns	     42604	80008c28	0277be33	mulhu	x28,x15,x7	 x15:0xb71f9000  x7:0x00000000 x28=0x00000000
     426075.000 ns	     42606	80008c2c	01d25d33	srl	x26,x4,x29	  x4:0x628d6001 x29:0x8004101a x26=0x00000018
     426095.000 ns	     42608	80008c30	28498753	fmin.s	f14,f19,f4	 f19:0x80000001  f4:0xff800000 f14=0xff800000
     426125.000 ns	     42611	80008c34	024aa9b3	mulhsu	x19,x21,x4	 x21:0x00000001  x4:0x628d6001 x19=0x00000000
     426155.000 ns	     42614	80008c38	f00d06d3	fmv.w.x	f13,x26	 x26:0x00000018 f13=0x00000018
     426185.000 ns	     42617	80008c3c	20b38353	fsgnj.s	f6,f7,f11	  f7:0x00000000 f11:0x80000001  f6=0x80000000
     426205.000 ns	     42619	80008c40	00b91db3	sll	x27,x18,x11	 x18:0x628d6000 x11:0x00000000 x27=0x628d6000
     426215.000 ns	     42620	80008c44	e3b17137	lui	x2,0xe3b17	  x2=0xe3b17000
     426235.000 ns	     42622	80008c48	211b2153	fsgnjx.s	f2,f22,f17	 f22:0x00000000 f17:0x7f800000  f2=0x00000000
     426265.000 ns	     42625	80008c4c	21878dd3	fsgnj.s	f27,f15,f24	 f15:0x00000000 f24:0x80000000 f27=0x80000000
     426295.000 ns	     42628	80008c50	e0091ed3	fclass.s	x29,f18	 f18:0xd3f40000 x29=0x00000002
     426335.000 ns	     42632	80008c54	11710cd3	fmul.s	f25,f2,f23	  f2:0x00000000 f23:0xc4550000 f25=0x80000000
     426365.000 ns	     42635	80008c58	a027a653	feq.s	x12,f15,f2	 f15:0x00000000  f2:0x00000000 x12=0x00000001
     426385.000 ns	     42637	80008c5c	fda7b313	sltiu	x6,x15,-38	 x15:0xb71f9000  x6=0x00000001
     426395.000 ns	     42638	80008c60	01f85c93	srli	x25,x16,0x1f	 x16:0xfffffcac x25=0x00000001
     426435.000 ns	     42642	80008c64	08c7f4d3	fsub.s	f9,f15,f12	 f15:0x00000000 f12:0xcefff7e0  f9=0x4efff7e0
     426455.000 ns	     42644	80008c68	ce08a313	slti	x6,x17,-800	 x17:0x00000001  x6=0x00000000
     426465.000 ns	     42645	80008c6c	93064213	xori	x4,x12,-1744	 x12:0x00000001  x4=0xfffff931
     426825.000 ns	     42681	80008c70	030349b3	div	x19,x6,x16	  x6:0x00000001 x16:0xfffffcac x19=0x00000000
     426855.000 ns	     42684	80008c74	02399db3	mulh	x27,x19,x3	 x19:0x00000000  x3:0x80041025 x27=0x00000000
     426885.000 ns	     42687	80008c78	03532ab3	mulhsu	x21,x6,x21	  x6:0x00000000 x21:0x00000001 x21=0x00000000
     426935.000 ns	     42692	80008c7c	009b3f53	fadd.s	f30,f22,f9	 f22:0x00000000  f9:0x4efff7e0 f30=0x4efff7e0
     426955.000 ns	     42694	80008c80	d94fee93	ori	x29,x31,-620	 x31:0xffffff69 x29=0xfffffffd
     426975.000 ns	     42696	80008c84	a0f680d3	fle.s	x1,f13,f15	 f13:0x00000018 f15:0x00000000  x1=0x00000000
     427005.000 ns	     42699	80008c88	29f71cd3	fmax.s	f25,f14,f31	 f14:0xff800000 f31:0x4f7fffff f25=0x4f7fffff
     427035.000 ns	     42702	80008c8c	20c38d53	fsgnj.s	f26,f7,f12	  f7:0x00000000 f12:0xcefff7e0 f26=0x80000000
     427055.000 ns	     42704	80008c90	00da80b3	add	x1,x21,x13	 x21:0x00000000 x13:0x00000001  x1=0x00000001
     427095.000 ns	     42708	80008c94	08deff53	fsub.s	f30,f29,f13	 f29:0x00000000 f13:0x00000018 f30=0x80000018
     427115.000 ns	     42710	80008c98	4e87a093	slti	x1,x15,1256	 x15:0xb71f9000  x1=0x00000001
     427135.000 ns	     42712	80008c9c	036c3433	mulhu	x8,x24,x22	 x24:0xffffff68 x22:0xaaa84e4e  x8=0xaaa84de8
     427165.000 ns	     42715	80008ca0	29aa8c53	fmin.s	f24,f21,f26	 f21:0x00000000 f26:0x80000000 f24=0x80000000
     427185.000 ns	     42717	80008ca4	019095b3	sll	x11,x1,x25	  x1:0x00000001 x25:0x00000001 x11=0x00000002
     427205.000 ns	     42719	80008ca8	21b1a0d3	fsgnjx.s	f1,f3,f27	  f3:0x7f800000 f27:0x80000000  f1=0xff800000
     427225.000 ns	     42721	80008cac	81fa43b7	lui	x7,0x81fa4	  x7=0x81fa4000
     427235.000 ns	     42722	80008cb0	01911f93	slli	x31,x2,0x19	  x2:0xe3b17000 x31=0x00000000
     427245.000 ns	     42723	80008cb4	b2c54b93	xori	x23,x10,-1236	 x10:0x80040fe4 x23=0x7ffbf4c8
     427275.000 ns	     42726	80008cb8	10c59fd3	fmul.s	f31,f11,f12	 f11:0x80000001 f12:0xcefff7e0 f31=0x047ff7e0
     427305.000 ns	     42729	80008cbc	d01476d3	fcvt.s.wu	f13,x8	  x8:0xaaa84de8 f13=0x4f2aa84d
     427325.000 ns	     42731	80008cc0	4b32bf93	sltiu	x31,x5,1203	  x5:0x80041024 x31=0x00000000
     427345.000 ns	     42733	80008cc4	026148b3	div	x17,x2,x6	  x2:0xe3b17000  x6:0x00000000 x17=0xffffffff
     427375.000 ns	     42736	80008cc8	28738353	fmin.s	f6,f7,f7	  f7:0x00000000  f7:0x00000000  f6=0x00000000
     427405.000 ns	     42739	80008ccc	c002fe53	fcvt.w.s	x28,f5	  f5:0x00000000 x28=0x00000000
     427445.000 ns	     42743	80008cd0	58044153	fsqrt.s	f2,f8	  f8:0x80000000  f2=0x80000000
     427465.000 ns	     42745	80008cd4	01f815b3	sll	x11,x16,x31	 x16:0xfffffcac x31:0x00000000 x11=0xfffffcac
     427475.000 ns	     42746	80008cd8	416800b3	sub	x1,x16,x22	 x16:0xfffffcac x22:0xaaa84e4e  x1=0x5557ae5e
     427485.000 ns	     42747	80008cdc	014d5d33	srl	x26,x26,x20	 x26:0x00000018 x20:0xffffffed x26=0x00000000
     427515.000 ns	     42750	80008ce0	102171d3	fmul.s	f3,f2,f2	  f2:0x80000000  f2:0x80000000  f3=0x00000000
     427545.000 ns	     42753	80008ce4	d00a70d3	fcvt.s.w	f1,x20	 x20:0xffffffed  f1=0xc1980000
     427585.000 ns	     42757	80008ce8	180b7b53	fdiv.s	f22,f22,f0	 f22:0x00000000  f0:0x7f800000 f22=0x00000000
     427615.000 ns	     42760	80008cec	02d820b3	mulhsu	x1,x16,x13	 x16:0xfffffcac x13:0x00000001  x1=0xffffffff
     427635.000 ns	     42762	80008cf0	8cca7613	andi	x12,x20,-1844	 x20:0xffffffed x12=0xfffff8cc
     427645.000 ns	     42763	80008cf4	e90e2f93	slti	x31,x28,-368	 x28:0x00000000 x31=0x00000000
     427655.000 ns	     42764	80008cf8	0135d013	srli	x0,x11,0x13	 x11:0xfffffcac
     427665.000 ns	     42765	80008cfc	40135613	srai	x12,x6,0x1	  x6:0x00000000 x12=0x00000000
     427675.000 ns	     42766	80008d00	24e12d13	slti	x26,x2,590	  x2:0xe3b17000 x26=0x00000001
     427695.000 ns	     42768	80008d04	029498b3	mulh	x17,x9,x9	  x9:0x00000000  x9:0x00000000 x17=0x00000000
     427725.000 ns	     42771	80008d08	022c19b3	mulh	x19,x24,x2	 x24:0xffffff68  x2:0xe3b17000 x19=0x00000010
     427755.000 ns	     42774	80008d0c	a1e017d3	flt.s	x15,f0,f30	  f0:0x7f800000 f30:0x80000018 x15=0x00000000
     427775.000 ns	     42776	80008d10	30f95bb7	lui	x23,0x30f95	 x23=0x30f95000
     427815.000 ns	     42780	80008d14	003ff353	fadd.s	f6,f31,f3	 f31:0x047ff7e0  f3:0x00000000  f6=0x047ff7e0
     427855.000 ns	     42784	80008d18	112cab53	fmul.s	f22,f25,f18	 f25:0x4f7fffff f18:0xd3f40000 f22=0xe3f40000
     427905.000 ns	     42789	80008d1c	081270d3	fsub.s	f1,f4,f1	  f4:0xff800000  f1:0xc1980000  f1=0xff800000
     427925.000 ns	     42791	80008d20	0144b833	sltu	x16,x9,x20	  x9:0x00000000 x20:0xffffffed x16=0x00000001
     427935.000 ns	     42792	80008d24	00d338b3	sltu	x17,x6,x13	  x6:0x00000000 x13:0x00000001 x17=0x00000001
     427955.000 ns	     42794	80008d28	0208a433	mulhsu	x8,x17,x0	 x17:0x00000000  x0:0x00000000  x8=0x00000000
     427985.000 ns	     42797	80008d2c	e0008e53	fmv.x.w	x28,f1	  f1:0xff800000 x28=0xff800000
     428355.000 ns	     42834	80008d30	02a3df33	divu	x30,x7,x10	  x7:0x81fa4000 x10:0x80040fe4 x30=0x00000001
     428375.000 ns	     42836	80008d34	4068dd33	sra	x26,x17,x6	 x17:0x00000001  x6:0x00000000 x26=0x00000001
     428385.000 ns	     42837	80008d38	015caeb3	slt	x29,x25,x21	 x25:0x00000001 x21:0x00000000 x29=0x00000000
     428415.000 ns	     42840	80008d3c	5803f653	fsqrt.s	f12,f7	  f7:0x00000000 f12=0x00000000
     428435.000 ns	     42842	80008d40	00de2833	slt	x16,x28,x13	 x28:0xff800000 x13:0x00000001 x16=0x00000001
     428455.000 ns	     42844	80008d44	21069053	fsgnjn.s	f0,f13,f16	 f13:0x4f2aa84d f16:0x00000000  f0=0xcf2aa84d
     428475.000 ns	     42846	80008d48	30ab2013	slti	x0,x22,778	 x22:0xaaa84e4e
     428485.000 ns	     42847	80008d4c	4041df13	srai	x30,x3,0x4	  x3:0x80041025 x30=0xf8004102
     428525.000 ns	     42851	80008d50	092395d3	fsub.s	f11,f7,f18	  f7:0x00000000 f18:0xd3f40000 f11=0x53f40000
     428555.000 ns	     42854	80008d54	294e91d3	fmax.s	f3,f29,f20	 f29:0x00000000 f20:0x7f800000  f3=0x7f800000
     428575.000 ns	     42856	80008d58	83606a93	ori	x21,x0,-1994	  x0:0x00000000 x21=0xfffff836
     428585.000 ns	     42857	80008d5c	67504a13	xori	x20,x0,1653	  x0:0x00000000 x20=0x00000675
     428605.000 ns	     42859	80008d60	02d70033	mul	x0,x14,x13	 x14:0x80040fe4 x13:0x00000001
     428625.000 ns	     42861	80008d64	5a64aa13	slti	x20,x9,1446	  x9:0x00000000 x20=0x00000001
     428635.000 ns	     42862	80008d68	00fc5213	srli	x4,x24,0xf	 x24:0xffffff68  x4=0x0001ffff
     428645.000 ns	     42863	80008d6c	0035fa33	and	x20,x11,x3	 x11:0xfffffcac  x3:0x80041025 x20=0x80041024
     429005.000 ns	     42899	80008d70	02aff833	remu	x16,x31,x10	 x31:0x00000000 x10:0x80040fe4 x16=0x00000000
     429025.000 ns	     42901	80008d74	003c65b3	or	x11,x24,x3	 x24:0xffffff68  x3:0x80041025 x11=0xffffff6d
     429035.000 ns	     42902	80008d78	00392eb3	slt	x29,x18,x3	 x18:0x628d6000  x3:0x80041025 x29=0x00000000
     429055.000 ns	     42904	80008d7c	03d85833	divu	x16,x16,x29	 x16:0x00000000 x29:0x00000000 x16=0xffffffff
     429075.000 ns	     42906	80008d80	d5c538b7	lui	x17,0xd5c53	 x17=0xd5c53000
     429095.000 ns	     42908	80008d84	02d73533	mulhu	x10,x14,x13	 x14:0x80040fe4 x13:0x00000001 x10=0x00000000
     429125.000 ns	     42911	80008d88	2163ae53	fsgnjx.s	f28,f7,f22	  f7:0x00000000 f22:0xe3f40000 f28=0x80000000
     429155.000 ns	     42914	80008d8c	a0331353	flt.s	x6,f6,f3	  f6:0x047ff7e0  f3:0x7f800000  x6=0x00000001
     429185.000 ns	     42917	80008d90	d00d77d3	fcvt.s.w	f15,x26	 x26:0x00000001 f15=0x3f800000
     429215.000 ns	     42920	80008d94	280199d3	fmax.s	f19,f3,f0	  f3:0x7f800000  f0:0xcf2aa84d f19=0x7f800000
     429235.000 ns	     42922	80008d98	0061f837	lui	x16,0x61f	 x16=0x0061f000
     429255.000 ns	     42924	80008d9c	f00f8bd3	fmv.w.x	f23,x31	 x31:0x00000000 f23=0x00000000
     429285.000 ns	     42927	80008da0	e0031ed3	fclass.s	x29,f6	  f6:0x047ff7e0 x29=0x00000040
     429335.000 ns	     42932	80008da4	08633453	fsub.s	f8,f6,f6	  f6:0x047ff7e0  f6:0x047ff7e0  f8=0x80000000
     429705.000 ns	     42969	80008da8	03d640b3	div	x1,x12,x29	 x12:0x00000000 x29:0x00000040  x1=0x00000000
     429735.000 ns	     42972	80008dac	d017ab53	fcvt.s.wu	f22,x15	 x15:0x00000000 f22=0x00000000
     429755.000 ns	     42974	80008db0	01dc31b3	sltu	x3,x24,x29	 x24:0xffffff68 x29:0x00000040  x3=0x00000000
     429775.000 ns	     42976	80008db4	02079333	mulh	x6,x15,x0	 x15:0x00000000  x0:0x00000000  x6=0x00000000
     429795.000 ns	     42978	80008db8	e3b24593	xori	x11,x4,-453	  x4:0x0001ffff x11=0xfffe01c4
     429805.000 ns	     42979	80008dbc	00000013	addi	x0,x0,0	  x0:0x00000000
     429815.000 ns	     42980	80008dc0	767b2213	slti	x4,x22,1895	 x22:0xaaa84e4e  x4=0x00000001
     429835.000 ns	     42982	80008dc4	e00610d3	fclass.s	x1,f12	 f12:0x00000000  x1=0x00000010
     429865.000 ns	     42985	80008dc8	c01771d3	fcvt.wu.s	x3,f14	 f14:0xff800000  x3=0x00000000
     429895.000 ns	     42988	80008dcc	e00b0853	fmv.x.w	x16,f22	 f22:0x00000000 x16=0x00000000
     429945.000 ns	     42993	80008dd0	0907fbd3	fsub.s	f23,f15,f16	 f15:0x3f800000 f16:0x00000000 f23=0x3f800000
     429965.000 ns	     42995	80008dd4	00d0d6b3	srl	x13,x1,x13	  x1:0x00000010 x13:0x00000001 x13=0x00000008
     430325.000 ns	     43031	80008dd8	025e6033	rem	x0,x28,x5	 x28:0xff800000  x5:0x80041024
     430365.000 ns	     43035	80008ddc	18a1bbd3	fdiv.s	f23,f3,f10	  f3:0x7f800000 f10:0x4f800000 f23=0x7f800000
     430395.000 ns	     43038	80008de0	e0011253	fclass.s	x4,f2	  f2:0x80000000  x4=0x00000008
     430445.000 ns	     43043	80008de4	013c0fd3	fadd.s	f31,f24,f19	 f24:0x80000000 f19:0x7f800000 f31=0x7f800000
     430475.000 ns	     43046	80008de8	211814d3	fsgnjn.s	f9,f16,f17	 f16:0x00000000 f17:0x7f800000  f9=0x80000000
     430505.000 ns	     43049	80008dec	28f98353	fmin.s	f6,f19,f15	 f19:0x7f800000 f15:0x3f800000  f6=0x3f800000
     430525.000 ns	     43051	80008df0	01c6ba33	sltu	x20,x13,x28	 x13:0x00000008 x28:0xff800000 x20=0x00000001
     430545.000 ns	     43053	80008df4	a1e72bd3	feq.s	x23,f14,f30	 f14:0xff800000 f30:0x80000018 x23=0x00000000
     430565.000 ns	     43055	80008df8	8ec37517	auipc	x10,0x8ec37	 x10=0x0ec3fdf8
     430575.000 ns	     43056	80008dfc	6d97b213	sltiu	x4,x15,1753	 x15:0x00000000  x4=0x00000001
     430585.000 ns	     43057	80008e00	01dd9813	slli	x16,x27,0x1d	 x27:0x00000000 x16=0x00000000
     430595.000 ns	     43058	80008e04	402254b3	sra	x9,x4,x2	  x4:0x00000008  x2:0xe3b17000  x9=0x00000001
     430605.000 ns	     43059	80008e08	8b333693	sltiu	x13,x6,-1869	  x6:0x00000000 x13=0x00000001
     430615.000 ns	     43060	80008e0c	01d6d9b3	srl	x19,x13,x29	 x13:0x00000008 x29:0x00000040 x19=0x00000001
     430625.000 ns	     43061	80008e10	009a2333	slt	x6,x20,x9	 x20:0x00000001  x9:0x00000001  x6=0x00000000
     430645.000 ns	     43063	80008e14	20d683d3	fsgnj.s	f7,f13,f13	 f13:0x4f2aa84d f13:0x4f2aa84d  f7=0x4f2aa84d
     430665.000 ns	     43065	80008e18	2f78ab93	slti	x23,x17,759	 x17:0xd5c53000 x23=0x00000001
     430685.000 ns	     43067	80008e1c	03b906b3	mul	x13,x18,x27	 x18:0x628d6000 x27:0x00000000 x13=0x00000000
     430715.000 ns	     43070	80008e20	023cdd33	divu	x26,x25,x3	 x25:0x00000001  x3:0x00000000 x26=0xffffffff
     430745.000 ns	     43073	80008e24	a09b2953	feq.s	x18,f22,f9	 f22:0x00000000  f9:0x80000000 x18=0x00000001
     430775.000 ns	     43076	80008e28	20c89c53	fsgnjn.s	f24,f17,f12	 f17:0x7f800000 f12:0x00000000 f24=0xff800000
     430795.000 ns	     43078	80008e2c	008ee4b3	or	x9,x29,x8	 x29:0x00000040  x8:0x00000000  x9=0x00000040
     430805.000 ns	     43079	80008e30	41ed5fb3	sra	x31,x26,x30	 x26:0xffffffff x30:0xf8004102 x31=0xffffffff
     430815.000 ns	     43080	80008e34	84b44e93	xori	x29,x8,-1973	  x8:0x00000000 x29=0xfffff84b
     430825.000 ns	     43081	80008e38	0187d693	srli	x13,x15,0x18	 x15:0x00000000 x13=0x00000000
     430835.000 ns	     43082	80008e3c	2180b413	sltiu	x8,x1,536	  x1:0x00000010  x8=0x00000001
     430855.000 ns	     43084	80008e40	a1239c53	flt.s	x24,f7,f18	  f7:0x4f2aa84d f18:0xd3f40000 x24=0x00000000
     430895.000 ns	     43088	80008e44	19d09cd3	fdiv.s	f25,f1,f29	  f1:0xff800000 f29:0x00000000 f25=0xff800000
     430915.000 ns	     43090	80008e48	010e31b3	sltu	x3,x28,x16	 x28:0xff800000 x16:0x00000000  x3=0x00000000
     430925.000 ns	     43091	80008e4c	e695c913	xori	x18,x11,-407	 x11:0xfffe01c4 x18=0x0001ffad
     430945.000 ns	     43093	80008e50	217001d3	fsgnj.s	f3,f0,f23	  f0:0xcf2aa84d f23:0x7f800000  f3=0x4f2aa84d
     430965.000 ns	     43095	80008e54	413c5913	srai	x18,x24,0x13	 x24:0x00000000 x18=0x00000000
     430985.000 ns	     43097	80008e58	a1c10d53	fle.s	x26,f2,f28	  f2:0x80000000 f28:0x80000000 x26=0x00000001
     431005.000 ns	     43099	80008e5c	00ed8133	add	x2,x27,x14	 x27:0x00000000 x14:0x80040fe4  x2=0x80040fe4
     431025.000 ns	     43101	80008e60	c0174c53	fcvt.wu.s	x24,f14	 f14:0xff800000 x24=0x00000000
     431055.000 ns	     43104	80008e64	21fd25d3	fsgnjx.s	f11,f26,f31	 f26:0x80000000 f31:0x7f800000 f11=0x80000000
     431075.000 ns	     43106	80008e68	0172dab3	srl	x21,x5,x23	  x5:0x80041024 x23:0x00000001 x21=0x40020812
     431085.000 ns	     43107	80008e6c	c535f193	andi	x3,x11,-941	 x11:0xfffe01c4  x3=0xfffe0040
     431105.000 ns	     43109	80008e70	d0182fd3	fcvt.s.wu	f31,x16	 x16:0x00000000 f31=0x00000000
     431135.000 ns	     43112	80008e74	025e3ab3	mulhu	x21,x28,x5	 x28:0xff800000  x5:0x80041024 x21=0x7fc40e1b
     431175.000 ns	     43116	80008e78	1033fa53	fmul.s	f20,f7,f3	  f7:0x4f2aa84d  f3:0x4f2aa84d f20=0x5ee387ea
     431195.000 ns	     43118	80008e7c	007c5b93	srli	x23,x24,0x7	 x24:0x00000000 x23=0x00000000
     431215.000 ns	     43120	80008e80	a1a719d3	flt.s	x19,f14,f26	 f14:0xff800000 f26:0x80000000 x19=0x00000001
     431245.000 ns	     43123	80008e84	02e6bc33	mulhu	x24,x13,x14	 x13:0x00000000 x14:0x80040fe4 x24=0x00000000
     431275.000 ns	     43126	80008e88	206111d3	fsgnjn.s	f3,f2,f6	  f2:0x80000000  f6:0x3f800000  f3=0x80000000
     431295.000 ns	     43128	80008e8c	68386c93	ori	x25,x16,1667	 x16:0x00000000 x25=0x00000683
     431305.000 ns	     43129	80008e90	0013a8b3	slt	x17,x7,x1	  x7:0x81fa4000  x1:0x00000010 x17=0x00000001
     431315.000 ns	     43130	80008e94	d1eb85b7	lui	x11,0xd1eb8	 x11=0xd1eb8000
     431345.000 ns	     43133	80008e98	18b1fc53	fdiv.s	f24,f3,f11	  f3:0x80000000 f11:0x80000000 f24=0x7fc00000
     431385.000 ns	     43137	80008e9c	1908abd3	fdiv.s	f23,f17,f16	 f17:0x7f800000 f16:0x00000000 f23=0x7f800000
     431425.000 ns	     43141	80008ea0	10c9a8d3	fmul.s	f17,f19,f12	 f19:0x7f800000 f12:0x00000000 f17=0x7fc00000
     431465.000 ns	     43145	80008ea4	580af1d3	fsqrt.s	f3,f21	 f21:0x00000000  f3=0x00000000
     431485.000 ns	     43147	80008ea8	0087da93	srli	x21,x15,0x8	 x15:0x00000000 x21=0x00000000
     431495.000 ns	     43148	80008eac	e97c7013	andi	x0,x24,-361	 x24:0x00000000
     431505.000 ns	     43149	80008eb0	011840b3	xor	x1,x16,x17	 x16:0x00000000 x17:0x00000001  x1=0x00000001
     431525.000 ns	     43151	80008eb4	a1500a53	fle.s	x20,f0,f21	  f0:0xcf2aa84d f21:0x00000000 x20=0x00000001
     431555.000 ns	     43154	80008eb8	a12f95d3	flt.s	x11,f31,f18	 f31:0x00000000 f18:0xd3f40000 x11=0x00000000
     431585.000 ns	     43157	80008ebc	d0077953	fcvt.s.w	f18,x14	 x14:0x80040fe4 f18=0xcefff7e0
     431605.000 ns	     43159	80008ec0	ea35f993	andi	x19,x11,-349	 x11:0x00000000 x19=0x00000000
     431625.000 ns	     43161	80008ec4	a04e9cd3	flt.s	x25,f29,f4	 f29:0x00000000  f4:0xff800000 x25=0x00000000
     431665.000 ns	     43165	80008ec8	18aeb153	fdiv.s	f2,f29,f10	 f29:0x00000000 f10:0x4f800000  f2=0x00000000
     432035.000 ns	     43202	80008ecc	02e2d3b3	divu	x7,x5,x14	  x5:0x80041024 x14:0x80040fe4  x7=0x00000001
     432055.000 ns	     43204	80008ed0	017297b3	sll	x15,x5,x23	  x5:0x80041024 x23:0x00000000 x15=0x80041024
     432065.000 ns	     43205	80008ed4	004ee833	or	x16,x29,x4	 x29:0xfffff84b  x4:0x00000001 x16=0xfffff84b
     432075.000 ns	     43206	80008ed8	e420ea17	auipc	x20,0xe420e	 x20=0x64216ed8
     432085.000 ns	     43207	80008edc	0ba77513	andi	x10,x14,186	 x14:0x80040fe4 x10=0x000000a0
     432105.000 ns	     43209	80008ee0	03b5f7b3	remu	x15,x11,x27	 x11:0x00000000 x27:0x00000000 x15=0x00000000
     432125.000 ns	     43211	80008ee4	009e3c33	sltu	x24,x28,x9	 x28:0xff800000  x9:0x00000040 x24=0x00000000
     432145.000 ns	     43213	80008ee8	20a60bd3	fsgnj.s	f23,f12,f10	 f12:0x00000000 f10:0x4f800000 f23=0x00000000
     432165.000 ns	     43215	80008eec	5e2fb093	sltiu	x1,x31,1506	 x31:0xffffffff  x1=0x00000000
     432175.000 ns	     43216	80008ef0	01297033	and	x0,x18,x18	 x18:0x00000000 x18:0x00000000
     432185.000 ns	     43217	80008ef4	1c47b013	sltiu	x0,x15,452	 x15:0x00000000
     432205.000 ns	     43219	80008ef8	03230433	mul	x8,x6,x18	  x6:0x00000000 x18:0x00000000  x8=0x00000000
     432225.000 ns	     43221	80008efc	412ad913	srai	x18,x21,0x12	 x21:0x00000000 x18=0x00000000
     432255.000 ns	     43224	80008f00	1121f353	fmul.s	f6,f3,f18	  f3:0x00000000 f18:0xcefff7e0  f6=0x80000000
     432305.000 ns	     43229	80008f04	083d7dd3	fsub.s	f27,f26,f3	 f26:0x80000000  f3:0x00000000 f27=0x80000000
     432355.000 ns	     43234	80008f08	012779d3	fadd.s	f19,f14,f18	 f14:0xff800000 f18:0xcefff7e0 f19=0xff800000
     432375.000 ns	     43236	80008f0c	0971fa97	auipc	x21,0x971f	 x21=0x89727f0c
     432385.000 ns	     43237	80008f10	01eb1b93	slli	x23,x22,0x1e	 x22:0xaaa84e4e x23=0x80000000
     432405.000 ns	     43239	80008f14	02c9c533	div	x10,x19,x12	 x19:0x00000000 x12:0x00000000 x10=0xffffffff
     432425.000 ns	     43241	80008f18	00bc43b3	xor	x7,x24,x11	 x24:0x00000000 x11:0x00000000  x7=0x00000000
     432445.000 ns	     43243	80008f1c	e0028353	fmv.x.w	x6,f5	  f5:0x00000000  x6=0x00000000
     432465.000 ns	     43245	80008f20	685a8c93	addi	x25,x21,1669	 x21:0x89727f0c x25=0x89728591
     432475.000 ns	     43246	80008f24	87caf693	andi	x13,x21,-1924	 x21:0x89727f0c x13=0x8972780c
     432495.000 ns	     43248	80008f28	d0124e53	fcvt.s.wu	f28,x4	  x4:0x00000001 f28=0x3f800000
     432865.000 ns	     43285	80008f2c	030aceb3	div	x29,x21,x16	 x21:0x89727f0c x16:0xfffff84b x29=0x000f61e5
     432895.000 ns	     43288	80008f30	f0088453	fmv.w.x	f8,x17	 x17:0x00000001  f8=0x00000001
     432925.000 ns	     43291	80008f34	d013f7d3	fcvt.s.wu	f15,x7	  x7:0x00000000 f15=0x00000000
     433295.000 ns	     43328	80008f38	02456433	rem	x8,x10,x4	 x10:0xffffffff  x4:0x00000001  x8=0x00000000
     433325.000 ns	     43331	80008f3c	a1ae9ad3	flt.s	x21,f29,f26	 f29:0x00000000 f26:0x80000000 x21=0x00000000
     433345.000 ns	     43333	80008f40	62a06f13	ori	x30,x0,1578	  x0:0x00000000 x30=0x0000062a
     433365.000 ns	     43335	80008f44	c00975d3	fcvt.w.s	x11,f18	 f18:0xcefff7e0 x11=0x7ffbf000
     433395.000 ns	     43338	80008f48	a1c89e53	flt.s	x28,f17,f28	 f17:0x7fc00000 f28:0x3f800000 x28=0x00000000
     433425.000 ns	     43341	80008f4c	c0157953	fcvt.wu.s	x18,f10	 f10:0x4f800000 x18=0x00000000
     434605.000 ns	     43459	80008f50	580478d3	fsqrt.s	f17,f8	  f8:0x00000001 f17=0x1f350483
     434655.000 ns	     43464	80008f54	012ab553	fadd.s	f10,f21,f18	 f21:0x00000000 f18:0xcefff7e0 f10=0xcefff7e0
     434675.000 ns	     43466	80008f58	14426493	ori	x9,x4,324	  x4:0x00000001  x9=0x00000145
     434685.000 ns	     43467	80008f5c	c5010693	addi	x13,x2,-944	  x2:0x80040fe4 x13=0x80040c34
     434705.000 ns	     43469	80008f60	29138d53	fmin.s	f26,f7,f17	  f7:0x4f2aa84d f17:0x1f350483 f26=0x1f350483
     434735.000 ns	     43472	80008f64	290d9f53	fmax.s	f30,f27,f16	 f27:0x80000000 f16:0x00000000 f30=0x00000000
     434765.000 ns	     43475	80008f68	f0008653	fmv.w.x	f12,x1	  x1:0x00000000 f12=0x00000000
     434795.000 ns	     43478	80008f6c	d00329d3	fcvt.s.w	f19,x6	  x6:0x00000000 f19=0x00000000
     434825.000 ns	     43481	80008f70	a0612ed3	feq.s	x29,f2,f6	  f2:0x00000000  f6:0x80000000 x29=0x00000001
     434845.000 ns	     43483	80008f74	a5508bb7	lui	x23,0xa5508	 x23=0xa5508000
     434865.000 ns	     43485	80008f78	210d8053	fsgnj.s	f0,f27,f16	 f27:0x80000000 f16:0x00000000  f0=0x00000000
     434895.000 ns	     43488	80008f7c	206389d3	fsgnj.s	f19,f7,f6	  f7:0x4f2aa84d  f6:0x80000000 f19=0xcf2aa84d
     434925.000 ns	     43491	80008f80	29b08dd3	fmin.s	f27,f1,f27	  f1:0xff800000 f27:0x80000000 f27=0xff800000
     434955.000 ns	     43494	80008f84	f00704d3	fmv.w.x	f9,x14	 x14:0x80040fe4  f9=0x80040fe4
     434985.000 ns	     43497	80008f88	f00a8ed3	fmv.w.x	f29,x21	 x21:0x00000000 f29=0x00000000
     435005.000 ns	     43499	80008f8c	adf4f113	andi	x2,x9,-1313	  x9:0x00000145  x2=0x00000045
     435025.000 ns	     43501	80008f90	02940cb3	mul	x25,x8,x9	  x8:0x00000000  x9:0x00000145 x25=0x00000000
     435055.000 ns	     43504	80008f94	035aa1b3	mulhsu	x3,x21,x21	 x21:0x00000000 x21:0x00000000  x3=0x00000000
     435075.000 ns	     43506	80008f98	7111a013	slti	x0,x3,1809	  x3:0xfffe0040
     435435.000 ns	     43542	80008f9c	02995db3	divu	x27,x18,x9	 x18:0x00000000  x9:0x00000145 x27=0x00000000
     435455.000 ns	     43544	80008fa0	2a206113	ori	x2,x0,674	  x0:0x00000000  x2=0x000002a2
     435465.000 ns	     43545	80008fa4	00e79633	sll	x12,x15,x14	 x15:0x00000000 x14:0x80040fe4 x12=0x00000000
     435485.000 ns	     43547	80008fa8	028cdcb3	divu	x25,x25,x8	 x25:0x00000000  x8:0x00000000 x25=0xffffffff
     435515.000 ns	     43550	80008fac	21e01153	fsgnjn.s	f2,f0,f30	  f0:0x00000000 f30:0x00000000  f2=0x80000000
     435535.000 ns	     43552	80008fb0	006c1a13	slli	x20,x24,0x6	 x24:0x00000000 x20=0x00000000
     435555.000 ns	     43554	80008fb4	032a6433	rem	x8,x20,x18	 x20:0x64216ed8 x18:0x00000000  x8=0x00000000
     435585.000 ns	     43557	80008fb8	a1b694d3	flt.s	x9,f13,f27	 f13:0x4f2aa84d f27:0xff800000  x9=0x00000000
     435615.000 ns	     43560	80008fbc	a04598d3	flt.s	x17,f11,f4	 f11:0x80000000  f4:0xff800000 x17=0x00000000
     435645.000 ns	     43563	80008fc0	e0031cd3	fclass.s	x25,f6	  f6:0x80000000 x25=0x00000008
     435675.000 ns	     43566	80008fc4	20802d53	fsgnjx.s	f26,f0,f8	  f0:0x00000000  f8:0x00000001 f26=0x00000000
     435695.000 ns	     43568	80008fc8	410fd513	srai	x10,x31,0x10	 x31:0xffffffff x10=0xffffffff
     436055.000 ns	     43604	80008fcc	0252c933	div	x18,x5,x5	  x5:0x80041024  x5:0x80041024 x18=0x00000001
     436425.000 ns	     43641	80008fd0	02e3cbb3	div	x23,x7,x14	  x7:0x00000000 x14:0x80040fe4 x23=0x00000000
     436455.000 ns	     43644	80008fd4	e0038c53	fmv.x.w	x24,f7	  f7:0x4f2aa84d x24=0x4f2aa84d
     436475.000 ns	     43646	80008fd8	8732bc13	sltiu	x24,x5,-1933	  x5:0x80041024 x24=0x00000001
     436495.000 ns	     43648	80008fdc	e00d0353	fmv.x.w	x6,f26	 f26:0x00000000  x6=0x00000000
     436515.000 ns	     43650	80008fe0	00335f33	srl	x30,x6,x3	  x6:0x00000000  x3:0x00000000 x30=0x00000000
     436525.000 ns	     43651	80008fe4	015d1213	slli	x4,x26,0x15	 x26:0x00000001  x4=0x00200000
     436545.000 ns	     43653	80008fe8	d00421d3	fcvt.s.w	f3,x8	  x8:0x00000000  f3=0x00000000
     436575.000 ns	     43656	80008fec	a1c30ad3	fle.s	x21,f6,f28	  f6:0x80000000 f28:0x3f800000 x21=0x00000001
     436605.000 ns	     43659	80008ff0	21680ed3	fsgnj.s	f29,f16,f22	 f16:0x00000000 f22:0x00000000 f29=0x00000000
     436975.000 ns	     43696	80008ff4	0396e533	rem	x10,x13,x25	 x13:0x80040c34 x25:0x00000008 x10=0xfffffffc
     436995.000 ns	     43698	80008ff8	22696193	ori	x3,x18,550	 x18:0x00000001  x3=0x00000227
     437005.000 ns	     43699	80008ffc	01a15a33	srl	x20,x2,x26	  x2:0x000002a2 x26:0x00000001 x20=0x00000151
     437015.000 ns	     43700	80009000	00312133	slt	x2,x2,x3	  x2:0x000002a2  x3:0x00000000  x2=0x00000000
     437025.000 ns	     43701	80009004	007f9e13	slli	x28,x31,0x7	 x31:0xffffffff x28=0xffffff80
     437045.000 ns	     43703	80009008	a07a98d3	flt.s	x17,f21,f7	 f21:0x00000000  f7:0x4f2aa84d x17=0x00000001
     437065.000 ns	     43705	8000900c	01c5b233	sltu	x4,x11,x28	 x11:0x7ffbf000 x28:0x00000000  x4=0x00000001
     437085.000 ns	     43707	80009010	e00086d3	fmv.x.w	x13,f1	  f1:0xff800000 x13=0xff800000
     437115.000 ns	     43710	80009014	03210933	mul	x18,x2,x18	  x2:0x00000000 x18:0x00000001 x18=0x00000000
     437155.000 ns	     43714	80009018	5801bad3	fsqrt.s	f21,f3	  f3:0x00000000 f21=0x00000000
     437185.000 ns	     43717	8000901c	281b9453	fmax.s	f8,f23,f1	 f23:0x00000000  f1:0xff800000  f8=0x00000000
     437215.000 ns	     43720	80009020	21168d53	fsgnj.s	f26,f13,f17	 f13:0x4f2aa84d f17:0x1f350483 f26=0x4f2aa84d
     437245.000 ns	     43723	80009024	d0137f53	fcvt.s.wu	f30,x6	  x6:0x00000000 f30=0x00000000
     437275.000 ns	     43726	80009028	21962653	fsgnjx.s	f12,f12,f25	 f12:0x00000000 f25:0xff800000 f12=0x80000000
     437305.000 ns	     43729	8000902c	a1328d53	fle.s	x26,f5,f19	  f5:0x00000000 f19:0xcf2aa84d x26=0x00000000
     437335.000 ns	     43732	80009030	a1ea28d3	feq.s	x17,f20,f30	 f20:0x5ee387ea f30:0x00000000 x17=0x00000000
     437365.000 ns	     43735	80009034	20d69e53	fsgnjn.s	f28,f13,f13	 f13:0x4f2aa84d f13:0x4f2aa84d f28=0xcf2aa84d
     437395.000 ns	     43738	80009038	03278d33	mul	x26,x15,x18	 x15:0x00000000 x18:0x00000000 x26=0x00000000
     437435.000 ns	     43742	8000903c	1960c953	fdiv.s	f18,f1,f22	  f1:0xff800000 f22:0x00000000 f18=0xff800000
     437455.000 ns	     43744	80009040	01aae133	or	x2,x21,x26	 x21:0x00000001 x26:0x00000000  x2=0x00000001
     437465.000 ns	     43745	80009044	4184de13	srai	x28,x9,0x18	  x9:0x00000000 x28=0x00000000
     437485.000 ns	     43747	80009048	d01f0153	fcvt.s.wu	f2,x30	 x30:0x00000000  f2=0x00000000
     437505.000 ns	     43749	8000904c	ac3d2593	slti	x11,x26,-1341	 x26:0x00000000 x11=0x00000000
     437525.000 ns	     43751	80009050	219d92d3	fsgnjn.s	f5,f27,f25	 f27:0xff800000 f25:0xff800000  f5=0x7f800000
     437555.000 ns	     43754	80009054	c0167253	fcvt.wu.s	x4,f12	 f12:0x80000000  x4=0x00000000
     437575.000 ns	     43756	80009058	01605bb3	srl	x23,x0,x22	  x0:0x00000000 x22:0xaaa84e4e x23=0x00000000
     437595.000 ns	     43758	8000905c	29e89a53	fmax.s	f20,f17,f30	 f17:0x1f350483 f30:0x00000000 f20=0x1f350483
     437625.000 ns	     43761	80009060	d00874d3	fcvt.s.w	f9,x16	 x16:0xfffff84b  f9=0xc4f6a000
     437645.000 ns	     43763	80009064	00d3bbb3	sltu	x23,x7,x13	  x7:0x00000000 x13:0xff800000 x23=0x00000001
     437665.000 ns	     43765	80009068	c0119853	fcvt.wu.s	x16,f3	  f3:0x00000000 x16=0x00000000
     437695.000 ns	     43768	8000906c	e00c8553	fmv.x.w	x10,f25	 f25:0xff800000 x10=0xff800000
     437715.000 ns	     43770	80009070	14a5ee93	ori	x29,x11,330	 x11:0x00000000 x29=0x0000014a
     437735.000 ns	     43772	80009074	a190aad3	feq.s	x21,f1,f25	  f1:0xff800000 f25:0xff800000 x21=0x00000001
     437755.000 ns	     43774	80009078	00dbf1b3	and	x3,x23,x13	 x23:0x00000001 x13:0xff800000  x3=0x00000000
     437775.000 ns	     43776	8000907c	29fa04d3	fmin.s	f9,f20,f31	 f20:0x1f350483 f31:0x00000000  f9=0x00000000
     437805.000 ns	     43779	80009080	e0049ed3	fclass.s	x29,f9	  f9:0xc4f6a000 x29=0x00000010
     437835.000 ns	     43782	80009084	29581853	fmax.s	f16,f16,f21	 f16:0x00000000 f21:0x00000000 f16=0x00000000
     437855.000 ns	     43784	80009088	00f24533	xor	x10,x4,x15	  x4:0x00000000 x15:0x00000000 x10=0x00000000
     437865.000 ns	     43785	8000908c	6e506c93	ori	x25,x0,1765	  x0:0x00000000 x25=0x000006e5
     437885.000 ns	     43787	80009090	d0017753	fcvt.s.w	f14,x2	  x2:0x00000001 f14=0x3f800000
     437935.000 ns	     43792	80009094	08bf7ed3	fsub.s	f29,f30,f11	 f30:0x00000000 f11:0x80000000 f29=0x00000000
     437955.000 ns	     43794	80009098	003123b3	slt	x7,x2,x3	  x2:0x00000001  x3:0x00000000  x7=0x00000000
     437965.000 ns	     43795	8000909c	fcbe2413	slti	x8,x28,-53	 x28:0x00000000  x8=0x00000000
     437985.000 ns	     43797	800090a0	208214d3	fsgnjn.s	f9,f4,f8	  f4:0xff800000  f8:0x00000000  f9=0xff800000
     438015.000 ns	     43800	800090a4	218b26d3	fsgnjx.s	f13,f22,f24	 f22:0x00000000 f24:0x7fc00000 f13=0x00000000
     438035.000 ns	     43802	800090a8	00000013	addi	x0,x0,0	  x0:0x00000000
     438075.000 ns	     43806	800090ac	00287053	fadd.s	f0,f16,f2	 f16:0x00000000  f2:0x00000000  f0=0x00000000
     438095.000 ns	     43808	800090b0	41bfd633	sra	x12,x31,x27	 x31:0xffffffff x27:0x00000000 x12=0xffffffff
     438115.000 ns	     43810	800090b4	f00c08d3	fmv.w.x	f17,x24	 x24:0x00000001 f17=0x00000001
     438165.000 ns	     43815	800090b8	003f2953	fadd.s	f18,f30,f3	 f30:0x00000000  f3:0x00000000 f18=0x00000000
     438205.000 ns	     43819	800090bc	18c9fe53	fdiv.s	f28,f19,f12	 f19:0xcf2aa84d f12:0x80000000 f28=0x7f800000
     438245.000 ns	     43823	800090c0	19182bd3	fdiv.s	f23,f16,f17	 f16:0x00000000 f17:0x00000001 f23=0x00000000
     438275.000 ns	     43826	800090c4	e0029f53	fclass.s	x30,f5	  f5:0x7f800000 x30=0x00000080
     438305.000 ns	     43829	800090c8	038185b3	mul	x11,x3,x24	  x3:0x00000000 x24:0x00000001 x11=0x00000000
     438335.000 ns	     43832	800090cc	026724b3	mulhsu	x9,x14,x6	 x14:0x80040fe4  x6:0x00000000  x9=0x00000000
     438355.000 ns	     43834	800090d0	01370fb3	add	x31,x14,x19	 x14:0x80040fe4 x19:0x00000000 x31=0x80040fe4
     438375.000 ns	     43836	800090d4	20378f53	fsgnj.s	f30,f15,f3	 f15:0x00000000  f3:0x00000000 f30=0x00000000
     438395.000 ns	     43838	800090d8	00ffdab3	srl	x21,x31,x15	 x31:0xffffffff x15:0x00000000 x21=0x80040fe4
     438435.000 ns	     43842	800090dc	00f67cd3	fadd.s	f25,f12,f15	 f12:0x80000000 f15:0x00000000 f25=0x00000000
     438465.000 ns	     43845	800090e0	e0029bd3	fclass.s	x23,f5	  f5:0x7f800000 x23=0x00000080
     438835.000 ns	     43882	800090e4	0354ffb3	remu	x31,x9,x21	  x9:0x00000000 x21:0x80040fe4 x31=0x00000000
     438855.000 ns	     43884	800090e8	5f90e693	ori	x13,x1,1529	  x1:0x00000000 x13=0x000005f9
     438895.000 ns	     43888	800090ec	0857fb53	fsub.s	f22,f15,f5	 f15:0x00000000  f5:0x7f800000 f22=0xff800000
     438935.000 ns	     43892	800090f0	1866f6d3	fdiv.s	f13,f13,f6	 f13:0x00000000  f6:0x80000000 f13=0x7fc00000
     438985.000 ns	     43897	800090f4	09ddc9d3	fsub.s	f19,f27,f29	 f27:0xff800000 f29:0x00000000 f19=0xff800000
     439005.000 ns	     43899	800090f8	cda68813	addi	x16,x13,-806	 x13:0x000005f9 x16=0x000002d3
     439025.000 ns	     43901	800090fc	f00f00d3	fmv.w.x	f1,x30	 x30:0x00000080  f1=0x00000080
     439075.000 ns	     43906	80009100	09b7be53	fsub.s	f28,f15,f27	 f15:0x00000000 f27:0xff800000 f28=0x7f800000
     439095.000 ns	     43908	80009104	ce72fb93	andi	x23,x5,-793	  x5:0x80041024 x23=0x80041024
     439115.000 ns	     43910	80009108	02b968b3	rem	x17,x18,x11	 x18:0x00000000 x11:0x00000000 x17=0x00000000
     439135.000 ns	     43912	8000910c	0116c9b3	xor	x19,x13,x17	 x13:0x000005f9 x17:0x00000000 x19=0x000005f9
     439145.000 ns	     43913	80009110	0177afb3	slt	x31,x15,x23	 x15:0x00000000 x23:0x80041024 x31=0x00000000
     439165.000 ns	     43915	80009114	a0f909d3	fle.s	x19,f18,f15	 f18:0x00000000 f15:0x00000000 x19=0x00000001
     439185.000 ns	     43917	80009118	0089e8b3	or	x17,x19,x8	 x19:0x000005f9  x8:0x00000000 x17=0x00000001
     439205.000 ns	     43919	8000911c	e0078953	fmv.x.w	x18,f15	 f15:0x00000000 x18=0x00000000
     439245.000 ns	     43923	80009120	186046d3	fdiv.s	f13,f0,f6	  f0:0x00000000  f6:0x80000000 f13=0x7fc00000
     439265.000 ns	     43925	80009124	f84d0b93	addi	x23,x26,-124	 x26:0x00000000 x23=0xffffff84
     439275.000 ns	     43926	80009128	4056d133	sra	x2,x13,x5	 x13:0x000005f9  x5:0x80041024  x2=0x0000005f
     439295.000 ns	     43928	8000912c	296a8053	fmin.s	f0,f21,f22	 f21:0x00000000 f22:0xff800000  f0=0xff800000
     439315.000 ns	     43930	80009130	40715e13	srai	x28,x2,0x7	  x2:0x00000001 x28=0x00000000
     439675.000 ns	     43966	80009134	03607bb3	remu	x23,x0,x22	  x0:0x00000000 x22:0xaaa84e4e x23=0x00000000
     439705.000 ns	     43969	80009138	d008cdd3	fcvt.s.w	f27,x17	 x17:0x00000001 f27=0x3f800000
     439735.000 ns	     43972	8000913c	292b08d3	fmin.s	f17,f22,f18	 f22:0xff800000 f18:0x00000000 f17=0xff800000
     439755.000 ns	     43974	80009140	22e3bf17	auipc	x30,0x22e3b	 x30=0xa2e44140
     439775.000 ns	     43976	80009144	20280dd3	fsgnj.s	f27,f16,f2	 f16:0x00000000  f2:0x00000000 f27=0x00000000
     439795.000 ns	     43978	80009148	0068d213	srli	x4,x17,0x6	 x17:0x00000001  x4=0x00000000
     439805.000 ns	     43979	8000914c	2e552093	slti	x1,x10,741	 x10:0x00000000  x1=0x00000001
     439815.000 ns	     43980	80009150	00ccbe33	sltu	x28,x25,x12	 x25:0x000006e5 x12:0xffffffff x28=0x00000001
     439825.000 ns	     43981	80009154	001536b3	sltu	x13,x10,x1	 x10:0x00000000  x1:0x00000000 x13=0x00000001
     439845.000 ns	     43983	80009158	28c006d3	fmin.s	f13,f0,f12	  f0:0xff800000 f12:0x80000000 f13=0xff800000
     440215.000 ns	     44020	8000915c	0318dcb3	divu	x25,x17,x17	 x17:0x00000001 x17:0x00000001 x25=0x00000001
     440235.000 ns	     44022	80009160	018755b3	srl	x11,x14,x24	 x14:0x80040fe4 x24:0x00000001 x11=0x400207f2
     440245.000 ns	     44023	80009164	b2ec04b7	lui	x9,0xb2ec0	  x9=0xb2ec0000
     440605.000 ns	     44059	80009168	03475fb3	divu	x31,x14,x20	 x14:0x80040fe4 x20:0x00000151 x31=0x00613f18
     440625.000 ns	     44061	8000916c	000ca833	slt	x16,x25,x0	 x25:0x00000001  x0:0x00000000 x16=0x00000000
     440635.000 ns	     44062	80009170	001a9d33	sll	x26,x21,x1	 x21:0x80040fe4  x1:0x00000001 x26=0x00081fc8
     440655.000 ns	     44064	80009174	a09f09d3	fle.s	x19,f30,f9	 f30:0x00000000  f9:0xff800000 x19=0x00000000
     440675.000 ns	     44066	80009178	c3507113	andi	x2,x0,-971	  x0:0x00000000  x2=0x00000000
     440705.000 ns	     44069	8000917c	580979d3	fsqrt.s	f19,f18	 f18:0x00000000 f19=0x00000000
     440735.000 ns	     44072	80009180	a0b08ad3	fle.s	x21,f1,f11	  f1:0x00000080 f11:0x80000000 x21=0x00000000
     440765.000 ns	     44075	80009184	a02d9153	flt.s	x2,f27,f2	 f27:0x00000000  f2:0x00000000  x2=0x00000000
     440795.000 ns	     44078	80009188	20a622d3	fsgnjx.s	f5,f12,f10	 f12:0x80000000 f10:0xcefff7e0  f5=0x00000000
     440825.000 ns	     44081	8000918c	037d8ab3	mul	x21,x27,x23	 x27:0x00000000 x23:0x00000000 x21=0x00000000
     440845.000 ns	     44083	80009190	01127ab3	and	x21,x4,x17	  x4:0x00000000 x17:0x00000001 x21=0x00000000
     440855.000 ns	     44084	80009194	41938d33	sub	x26,x7,x25	  x7:0x00000000 x25:0x00000001 x26=0xffffffff
     440865.000 ns	     44085	80009198	01338c33	add	x24,x7,x19	  x7:0x00000000 x19:0x00000000 x24=0x00000000
     440885.000 ns	     44087	8000919c	29c30dd3	fmin.s	f27,f6,f28	  f6:0x80000000 f28:0x7f800000 f27=0x80000000
     440905.000 ns	     44089	800091a0	6b16e493	ori	x9,x13,1713	 x13:0x00000001  x9=0x000006b1
     440925.000 ns	     44091	800091a4	0333f033	remu	x0,x7,x19	  x7:0x00000000 x19:0x00000000
     440955.000 ns	     44094	800091a8	a1d299d3	flt.s	x19,f5,f29	  f5:0x00000000 f29:0x00000000 x19=0x00000000
     440985.000 ns	     44097	800091ac	a1f800d3	fle.s	x1,f16,f31	 f16:0x00000000 f31:0x00000000  x1=0x00000001
     441015.000 ns	     44100	800091b0	c014f853	fcvt.wu.s	x16,f9	  f9:0xff800000 x16=0x00000000
     441385.000 ns	     44137	800091b4	03c57c33	remu	x24,x10,x28	 x10:0x00000000 x28:0x00000001 x24=0x00000000
     441415.000 ns	     44140	800091b8	0354dcb3	divu	x25,x9,x21	  x9:0x000006b1 x21:0x00000000 x25=0xffffffff
     441455.000 ns	     44144	800091bc	197afbd3	fdiv.s	f23,f21,f23	 f21:0x00000000 f23:0x00000000 f23=0x7fc00000
     441475.000 ns	     44146	800091c0	41a4d333	sra	x6,x9,x26	  x9:0x000006b1 x26:0xffffffff  x6=0x00000000
     441485.000 ns	     44147	800091c4	01c0fc33	and	x24,x1,x28	  x1:0x00000001 x28:0x00000001 x24=0x00000001
     441495.000 ns	     44148	800091c8	40d95eb3	sra	x29,x18,x13	 x18:0x00000000 x13:0x00000001 x29=0x00000000
     441515.000 ns	     44150	800091cc	28c41f53	fmax.s	f30,f8,f12	  f8:0x00000000 f12:0x80000000 f30=0x00000000
     441545.000 ns	     44153	800091d0	f0018653	fmv.w.x	f12,x3	  x3:0x00000000 f12=0x00000000
     441575.000 ns	     44156	800091d4	29b19d53	fmax.s	f26,f3,f27	  f3:0x00000000 f27:0x80000000 f26=0x00000000
     441605.000 ns	     44159	800091d8	e00716d3	fclass.s	x13,f14	 f14:0x3f800000 x13=0x00000040
     441655.000 ns	     44164	800091dc	084cb2d3	fsub.s	f5,f25,f4	 f25:0x00000000  f4:0xff800000  f5=0x7f800000
     441685.000 ns	     44167	800091e0	c01e8dd3	fcvt.wu.s	x27,f29	 f29:0x00000000 x27=0x00000000
     441705.000 ns	     44169	800091e4	0136b3b3	sltu	x7,x13,x19	 x13:0x00000040 x19:0x00000000  x7=0x00000000
     441715.000 ns	     44170	800091e8	00000013	addi	x0,x0,0	  x0:0x00000000
     441725.000 ns	     44171	800091ec	01c55db3	srl	x27,x10,x28	 x10:0x00000000 x28:0x00000001 x27=0x00000000
     442085.000 ns	     44207	800091f0	0311f633	remu	x12,x3,x17	  x3:0x00000000 x17:0x00000001 x12=0x00000000
     442105.000 ns	     44209	800091f4	228aae13	slti	x28,x21,552	 x21:0x00000000 x28=0x00000001
     442125.000 ns	     44211	800091f8	c00cf053	fcvt.w.s	x0,f25	 f25:0x00000000
     442145.000 ns	     44213	800091fc	0109fab3	and	x21,x19,x16	 x19:0x00000000 x16:0x00000000 x21=0x00000000
     442165.000 ns	     44215	80009200	203492d3	fsgnjn.s	f5,f9,f3	  f9:0xff800000  f3:0x00000000  f5=0xff800000
     442185.000 ns	     44217	80009204	007661b3	or	x3,x12,x7	 x12:0x00000000  x7:0x00000000  x3=0x00000000
     442205.000 ns	     44219	80009208	02253f33	mulhu	x30,x10,x2	 x10:0x00000000  x2:0x00000000 x30=0x00000000
     442225.000 ns	     44221	8000920c	40c20333	sub	x6,x4,x12	  x4:0x00000000 x12:0x00000000  x6=0x00000000
     442245.000 ns	     44223	80009210	c01484d3	fcvt.wu.s	x9,f9	  f9:0xff800000  x9=0x00000000
     442265.000 ns	     44225	80009214	6b630913	addi	x18,x6,1718	  x6:0x00000000 x18=0x000006b6
     442275.000 ns	     44226	80009218	00608db3	add	x27,x1,x6	  x1:0x00000001  x6:0x00000000 x27=0x00000001
     442635.000 ns	     44262	8000921c	021b5cb3	divu	x25,x22,x1	 x22:0xaaa84e4e  x1:0x00000001 x25=0xaaa84e4e
     442655.000 ns	     44264	80009220	5bf73813	sltiu	x16,x14,1471	 x14:0x80040fe4 x16=0x00000000
     442675.000 ns	     44266	80009224	030aac33	mulhsu	x24,x21,x16	 x21:0x00000000 x16:0x00000000 x24=0x00000000
     442705.000 ns	     44269	80009228	d0082a53	fcvt.s.w	f20,x16	 x16:0x00000000 f20=0x00000000
     442735.000 ns	     44272	8000922c	02c8e933	rem	x18,x17,x12	 x17:0x00000001 x12:0x00000000 x18=0x00000001
     442755.000 ns	     44274	80009230	014e6933	or	x18,x28,x20	 x28:0x00000001 x20:0x00000151 x18=0x00000151
     442775.000 ns	     44276	80009234	03ad38b3	mulhu	x17,x26,x26	 x26:0xffffffff x26:0xffffffff x17=0xfffffffe
     442795.000 ns	     44278	80009238	41ee8513	addi	x10,x29,1054	 x29:0x00000000 x10=0x0000041e
     442825.000 ns	     44281	8000923c	11a00c53	fmul.s	f24,f0,f26	  f0:0xff800000 f26:0x00000000 f24=0x7fc00000
     442855.000 ns	     44284	80009240	216a9953	fsgnjn.s	f18,f21,f22	 f21:0x00000000 f22:0xff800000 f18=0x00000000
     442875.000 ns	     44286	80009244	b0e1e893	ori	x17,x3,-1266	  x3:0x00000000 x17=0xfffffb0e
     442895.000 ns	     44288	80009248	e0011353	fclass.s	x6,f2	  f2:0x00000000  x6=0x00000010
     442915.000 ns	     44290	8000924c	000c9813	slli	x16,x25,0x0	 x25:0xaaa84e4e x16=0xaaa84e4e
     442945.000 ns	     44293	80009250	580e7353	fsqrt.s	f6,f28	 f28:0x7f800000  f6=0x7f800000
     442965.000 ns	     44295	80009254	40445d93	srai	x27,x8,0x4	  x8:0x00000000 x27=0x00000000
     442995.000 ns	     44298	80009258	5801b1d3	fsqrt.s	f3,f3	  f3:0x00000000  f3=0x00000000
     443015.000 ns	     44300	8000925c	0f7020b7	lui	x1,0xf702	  x1=0x0f702000
     443035.000 ns	     44302	80009260	020cbc33	mulhu	x24,x25,x0	 x25:0xaaa84e4e  x0:0x00000000 x24=0x00000000
     443055.000 ns	     44304	80009264	15519bb7	lui	x23,0x15519	 x23=0x15519000
     443065.000 ns	     44305	80009268	00acd533	srl	x10,x25,x10	 x25:0xaaa84e4e x10:0x0000041e x10=0x00000002
     443075.000 ns	     44306	8000926c	b196e593	ori	x11,x13,-1255	 x13:0x00000040 x11=0xfffffb59
     443095.000 ns	     44308	80009270	20e49dd3	fsgnjn.s	f27,f9,f14	  f9:0xff800000 f14:0x3f800000 f27=0xff800000
     443125.000 ns	     44311	80009274	e00b0a53	fmv.x.w	x20,f22	 f22:0xff800000 x20=0xff800000
     443155.000 ns	     44314	80009278	02d5abb3	mulhsu	x23,x11,x13	 x11:0xfffffb59 x13:0x00000040 x23=0xffffffff
     443185.000 ns	     44317	8000927c	c00ecfd3	fcvt.w.s	x31,f29	 f29:0x00000000 x31=0x00000000
     443225.000 ns	     44321	80009280	5806ffd3	fsqrt.s	f31,f13	 f13:0xff800000 f31=0x7fc00000
     443245.000 ns	     44323	80009284	01ca9cb3	sll	x25,x21,x28	 x21:0x00000000 x28:0x00000001 x25=0x00000000
     443265.000 ns	     44325	80009288	21ecac53	fsgnjx.s	f24,f25,f30	 f25:0x00000000 f30:0x00000000 f24=0x00000000
     443295.000 ns	     44328	8000928c	a0cea353	feq.s	x6,f29,f12	 f29:0x00000000 f12:0x00000000  x6=0x00000001
     443315.000 ns	     44330	80009290	01bf9613	slli	x12,x31,0x1b	 x31:0x00000000 x12=0x00000000
     443335.000 ns	     44332	80009294	287912d3	fmax.s	f5,f18,f7	 f18:0x00000000  f7:0x4f2aa84d  f5=0x4f2aa84d
     443375.000 ns	     44336	80009298	1053ff53	fmul.s	f30,f7,f5	  f7:0x4f2aa84d  f5:0xff800000 f30=0x5ee387ea
     443405.000 ns	     44339	8000929c	e0028fd3	fmv.x.w	x31,f5	  f5:0x4f2aa84d x31=0x4f2aa84d
     443435.000 ns	     44342	800092a0	03dce4b3	rem	x9,x25,x29	 x25:0x00000000 x29:0x00000000  x9=0x00000000
     443805.000 ns	     44379	800092a4	03205e33	divu	x28,x0,x18	  x0:0x00000000 x18:0x00000151 x28=0x00000000
     443835.000 ns	     44382	800092a8	29ba85d3	fmin.s	f11,f21,f27	 f21:0x00000000 f27:0xff800000 f11=0xff800000
     443855.000 ns	     44384	800092ac	bd93e093	ori	x1,x7,-1063	  x7:0x00000000  x1=0xfffffbd9
     443865.000 ns	     44385	800092b0	1c5be213	ori	x4,x23,453	 x23:0xffffffff  x4=0xffffffff
     444225.000 ns	     44421	800092b4	03fbffb3	remu	x31,x23,x31	 x23:0xffffffff x31:0x4f2aa84d x31=0x12800718
     444245.000 ns	     44423	800092b8	d7e82e17	auipc	x28,0xd7e82	 x28=0x57e8b2b8
     444265.000 ns	     44425	800092bc	f0030253	fmv.w.x	f4,x6	  x6:0x00000001  f4=0x00000001
     444305.000 ns	     44429	800092c0	19f18a53	fdiv.s	f20,f3,f31	  f3:0x00000000 f31:0x7fc00000 f20=0x7fc00000
     444325.000 ns	     44431	800092c4	0a76aa97	auipc	x21,0xa76a	 x21=0x8a7732c4
     444345.000 ns	     44433	800092c8	c00177d3	fcvt.w.s	x15,f2	  f2:0x00000000 x15=0x00000000
     444385.000 ns	     44437	800092cc	18eaf8d3	fdiv.s	f17,f21,f14	 f21:0x00000000 f14:0x3f800000 f17=0x00000000
     444405.000 ns	     44439	800092d0	01f5ee33	or	x28,x11,x31	 x11:0xfffffb59 x31:0x12800718 x28=0xffffff59
     444425.000 ns	     44441	800092d4	c0112253	fcvt.wu.s	x4,f2	  f2:0x00000000  x4=0x00000000
     444445.000 ns	     44443	800092d8	409c5313	srai	x6,x24,0x9	 x24:0x00000000  x6=0x00000000
     444465.000 ns	     44445	800092dc	a0ec9553	flt.s	x10,f25,f14	 f25:0x00000000 f14:0x3f800000 x10=0x00000001
     444495.000 ns	     44448	800092e0	d01e79d3	fcvt.s.wu	f19,x28	 x28:0xffffff59 f19=0x4f7fffff
     444515.000 ns	     44450	800092e4	41e7df93	srai	x31,x15,0x1e	 x15:0x00000000 x31=0x00000000
     444525.000 ns	     44451	800092e8	00270033	add	x0,x14,x2	 x14:0x80040fe4  x2:0x00000000
     444545.000 ns	     44453	800092ec	29ce0ad3	fmin.s	f21,f28,f28	 f28:0x7f800000 f28:0x7f800000 f21=0x7f800000
     444565.000 ns	     44455	800092f0	00a1ce33	xor	x28,x3,x10	  x3:0x00000000 x10:0x00000001 x28=0x00000001
     444585.000 ns	     44457	800092f4	2127a3d3	fsgnjx.s	f7,f15,f18	 f15:0x00000000 f18:0x00000000  f7=0x00000000
     444615.000 ns	     44460	800092f8	29530753	fmin.s	f14,f6,f21	  f6:0x7f800000 f21:0x7f800000 f14=0x7f800000
     444635.000 ns	     44462	800092fc	41780fb3	sub	x31,x16,x23	 x16:0xaaa84e4e x23:0xffffffff x31=0xaaa84e4f
     444995.000 ns	     44498	80009300	034cc133	div	x2,x25,x20	 x25:0x00000000 x20:0xff800000  x2=0x00000000
     445015.000 ns	     44500	80009304	007176b3	and	x13,x2,x7	  x2:0x00000000  x7:0x00000000 x13=0x00000000
     445035.000 ns	     44502	80009308	03f10233	mul	x4,x2,x31	  x2:0x00000000 x31:0xaaa84e4f  x4=0x00000000
     445055.000 ns	     44504	8000930c	99b10997	auipc	x19,0x99b10	 x19=0x19b1930c
     445065.000 ns	     44505	80009310	2816b613	sltiu	x12,x13,641	 x13:0x00000000 x12=0x00000001
     445085.000 ns	     44507	80009314	c01875d3	fcvt.wu.s	x11,f16	 f16:0x00000000 x11=0x00000000
     445115.000 ns	     44510	80009318	02bfecb3	rem	x25,x31,x11	 x31:0xaaa84e4f x11:0xfffffb59 x25=0xaaa84e4f
     445165.000 ns	     44515	8000931c	080cfdd3	fsub.s	f27,f25,f0	 f25:0x00000000  f0:0xff800000 f27=0x7f800000
     445195.000 ns	     44518	80009320	02d97d33	remu	x26,x18,x13	 x18:0x00000151 x13:0x00000000 x26=0x00000151
     445225.000 ns	     44521	80009324	29f096d3	fmax.s	f13,f1,f31	  f1:0x00000080 f31:0x7fc00000 f13=0x00000080
     445255.000 ns	     44524	80009328	027b2933	mulhsu	x18,x22,x7	 x22:0xaaa84e4e  x7:0x00000000 x18=0x00000000
     445285.000 ns	     44527	8000932c	d008fdd3	fcvt.s.w	f27,x17	 x17:0xfffffb0e f27=0xc49e4000
     445305.000 ns	     44529	80009330	00c6d613	srli	x12,x13,0xc	 x13:0x00000000 x12=0x00000000
     445325.000 ns	     44531	80009334	f0050753	fmv.w.x	f14,x10	 x10:0x00000001 f14=0x00000001
     445345.000 ns	     44533	80009338	67fd4e93	xori	x29,x26,1663	 x26:0x00000151 x29=0x0000072e
     445365.000 ns	     44535	8000933c	02984233	div	x4,x16,x9	 x16:0xaaa84e4e  x9:0x00000000  x4=0xffffffff
     445395.000 ns	     44538	80009340	c01cf953	fcvt.wu.s	x18,f25	 f25:0x00000000 x18=0x00000000
     445415.000 ns	     44540	80009344	0186c7b3	xor	x15,x13,x24	 x13:0x00000000 x24:0x00000000 x15=0x00000000
     445775.000 ns	     44576	80009348	02437f33	remu	x30,x6,x4	  x6:0x00000000  x4:0xffffffff x30=0x00000000
     445795.000 ns	     44578	8000934c	010bceb3	xor	x29,x23,x16	 x23:0xffffffff x16:0xaaa84e4e x29=0x5557b1b1
     445805.000 ns	     44579	80009350	b6586893	ori	x17,x16,-1179	 x16:0xaaa84e4e x17=0xffffff6f
     445815.000 ns	     44580	80009354	00000013	addi	x0,x0,0	  x0:0x00000000
     445825.000 ns	     44581	80009358	00dea033	slt	x0,x29,x13	 x29:0x5557b1b1 x13:0x00000000
     445845.000 ns	     44583	8000935c	29a797d3	fmax.s	f15,f15,f26	 f15:0x00000000 f26:0x00000000 f15=0x00000000
     445875.000 ns	     44586	80009360	e0031153	fclass.s	x2,f6	  f6:0x7f800000  x2=0x00000080
     445905.000 ns	     44589	80009364	0389ea33	rem	x20,x19,x24	 x19:0x19b1930c x24:0x00000000 x20=0x19b1930c
     445925.000 ns	     44591	80009368	00551093	slli	x1,x10,0x5	 x10:0x00000001  x1=0x00000020
     445935.000 ns	     44592	8000936c	755aac13	slti	x24,x21,1877	 x21:0x8a7732c4 x24=0x00000001
     445945.000 ns	     44593	80009370	0029c8b3	xor	x17,x19,x2	 x19:0x19b1930c  x2:0x00000080 x17=0x19b1938c
     445965.000 ns	     44595	80009374	032a5533	divu	x10,x20,x18	 x20:0x19b1930c x18:0x00000000 x10=0xffffffff
     445995.000 ns	     44598	80009378	c00376d3	fcvt.w.s	x13,f6	  f6:0x7f800000 x13=0x7fffffff
     446045.000 ns	     44603	8000937c	084f7853	fsub.s	f16,f30,f4	 f30:0x5ee387ea  f4:0x00000001 f16=0x5ee387ea
     446065.000 ns	     44605	80009380	008abd33	sltu	x26,x21,x8	 x21:0x8a7732c4  x8:0x00000000 x26=0x00000000
     446075.000 ns	     44606	80009384	bdfabf93	sltiu	x31,x21,-1057	 x21:0x8a7732c4 x31=0x00000001
     446115.000 ns	     44610	80009388	091dc0d3	fsub.s	f1,f27,f17	 f27:0xc49e4000 f17:0x00000000  f1=0xc49e4000
     446135.000 ns	     44612	8000938c	c692be13	sltiu	x28,x5,-919	  x5:0x80041024 x28=0x00000001
     446155.000 ns	     44614	80009390	02d4b933	mulhu	x18,x9,x13	  x9:0x00000000 x13:0x7fffffff x18=0x00000000
     446185.000 ns	     44617	80009394	d01604d3	fcvt.s.wu	f9,x12	 x12:0x00000000  f9=0x00000000
     446205.000 ns	     44619	80009398	00000013	addi	x0,x0,0	  x0:0x00000000
     446225.000 ns	     44621	8000939c	21cba953	fsgnjx.s	f18,f23,f28	 f23:0x7fc00000 f28:0x7f800000 f18=0x7fc00000
     446245.000 ns	     44623	800093a0	f4b72413	slti	x8,x14,-181	 x14:0x80040fe4  x8=0x00000001
     446275.000 ns	     44626	800093a4	19ec3653	fdiv.s	f12,f24,f30	 f24:0x00000000 f30:0x5ee387ea f12=0x00000000
     446305.000 ns	     44629	800093a8	21f62753	fsgnjx.s	f14,f12,f31	 f12:0x00000000 f31:0x7fc00000 f14=0x00000000
     446335.000 ns	     44632	800093ac	29d096d3	fmax.s	f13,f1,f29	  f1:0xc49e4000 f29:0x00000000 f13=0x00000000
     446365.000 ns	     44635	800093b0	29100153	fmin.s	f2,f0,f17	  f0:0xff800000 f17:0x00000000  f2=0xff800000
     446385.000 ns	     44637	800093b4	0175ad33	slt	x26,x11,x23	 x11:0x00000000 x23:0xffffffff x26=0x00000000
     446395.000 ns	     44638	800093b8	35490993	addi	x19,x18,852	 x18:0x00000000 x19=0x00000354
     446415.000 ns	     44640	800093bc	d01fcfd3	fcvt.s.wu	f31,x31	 x31:0x00000001 f31=0x3f800000
     446445.000 ns	     44643	800093c0	211d0553	fsgnj.s	f10,f26,f17	 f26:0x00000000 f17:0x00000000 f10=0x00000000
     446465.000 ns	     44645	800093c4	e6ea2193	slti	x3,x20,-402	 x20:0x19b1930c  x3=0x00000000
     446475.000 ns	     44646	800093c8	010bcab3	xor	x21,x23,x16	 x23:0xffffffff x16:0xaaa84e4e x21=0x5557b1b1
     446495.000 ns	     44648	800093cc	200a12d3	fsgnjn.s	f5,f20,f0	 f20:0x7fc00000  f0:0xff800000  f5=0x7fc00000
     446525.000 ns	     44651	800093d0	a19003d3	fle.s	x7,f0,f25	  f0:0xff800000 f25:0x00000000  x7=0x00000001
     446555.000 ns	     44654	800093d4	e00a83d3	fmv.x.w	x7,f21	 f21:0x7f800000  x7=0x7f800000
     446575.000 ns	     44656	800093d8	40b985b3	sub	x11,x19,x11	 x19:0x00000354 x11:0x00000000 x11=0x00000354
     446595.000 ns	     44658	800093dc	a15213d3	flt.s	x7,f4,f21	  f4:0x00000001 f21:0x7f800000  x7=0x00000001
     446965.000 ns	     44695	800093e0	03c5d5b3	divu	x11,x11,x28	 x11:0x00000000 x28:0x00000001 x11=0x00000354
     446995.000 ns	     44698	800093e4	21ae1253	fsgnjn.s	f4,f28,f26	 f28:0x7f800000 f26:0x00000000  f4=0xff800000
     447025.000 ns	     44701	800093e8	219387d3	fsgnj.s	f15,f7,f25	  f7:0x00000000 f25:0x00000000 f15=0x00000000
     447055.000 ns	     44704	800093ec	20611653	fsgnjn.s	f12,f2,f6	  f2:0xff800000  f6:0x7f800000 f12=0xff800000
     447075.000 ns	     44706	800093f0	00e7dc33	srl	x24,x15,x14	 x15:0x00000000 x14:0x80040fe4 x24=0x00000000
     447095.000 ns	     44708	800093f4	d001fd53	fcvt.s.w	f26,x3	  x3:0x00000000 f26=0x00000000
     447115.000 ns	     44710	800093f8	cd78e593	ori	x11,x17,-809	 x17:0x19b1938c x11=0xffffffdf
     447135.000 ns	     44712	800093fc	c00848d3	fcvt.w.s	x17,f16	 f16:0x5ee387ea x17=0x7fffffff
     447155.000 ns	     44714	80009400	00c60233	add	x4,x12,x12	 x12:0x00000000 x12:0x00000000  x4=0x00000000
     447165.000 ns	     44715	80009404	01d8e333	or	x6,x17,x29	 x17:0x7fffffff x29:0x5557b1b1  x6=0x7fffffff
     447185.000 ns	     44717	80009408	02b331b3	mulhu	x3,x6,x11	  x6:0x00000000 x11:0xffffffdf  x3=0x7fffffee
     447205.000 ns	     44719	8000940c	018aaeb3	slt	x29,x21,x24	 x21:0x5557b1b1 x24:0x00000000 x29=0x00000000
     447215.000 ns	     44720	80009410	08bc36b7	lui	x13,0x8bc3	 x13=0x08bc3000
     447225.000 ns	     44721	80009414	2c0ec193	xori	x3,x29,704	 x29:0x5557b1b1  x3=0x000002c0
     447245.000 ns	     44723	80009418	e0029a53	fclass.s	x20,f5	  f5:0x7fc00000 x20=0x00000200
     447275.000 ns	     44726	8000941c	02f851b3	divu	x3,x16,x15	 x16:0xaaa84e4e x15:0x00000000  x3=0xffffffff
     447325.000 ns	     44731	80009420	081ea253	fsub.s	f4,f29,f1	 f29:0x00000000  f1:0xc49e4000  f4=0x449e4000
     447355.000 ns	     44734	80009424	a0f8a5d3	feq.s	x11,f17,f15	 f17:0x00000000 f15:0x00000000 x11=0x00000001
     447405.000 ns	     44739	80009428	011c84d3	fadd.s	f9,f25,f17	 f25:0x00000000 f17:0x00000000  f9=0x00000000
     447425.000 ns	     44741	8000942c	5378b113	sltiu	x2,x17,1335	 x17:0x7fffffff  x2=0x00000000
     447435.000 ns	     44742	80009430	41d7d013	srai	x0,x15,0x1d	 x15:0x00000000
     447445.000 ns	     44743	80009434	019607b3	add	x15,x12,x25	 x12:0x00000000 x25:0xaaa84e4f x15=0xaaa84e4f
     447455.000 ns	     44744	80009438	01de9013	slli	x0,x29,0x1d	 x29:0x00000000
     447465.000 ns	     44745	8000943c	40cd8a33	sub	x20,x27,x12	 x27:0x00000000 x12:0x00000000 x20=0x00000000
     447475.000 ns	     44746	80009440	5dd2ce13	xori	x28,x5,1501	  x5:0x80041024 x28=0x800415f9
     447505.000 ns	     44749	80009444	10a57fd3	fmul.s	f31,f10,f10	 f10:0x00000000 f10:0x00000000 f31=0x00000000
     447535.000 ns	     44752	80009448	f0040ad3	fmv.w.x	f21,x8	  x8:0x00000001 f21=0x00000001
     447565.000 ns	     44755	8000944c	20da04d3	fsgnj.s	f9,f20,f13	 f20:0x7fc00000 f13:0x00000000  f9=0x7fc00000
     447595.000 ns	     44758	80009450	0323fbb3	remu	x23,x7,x18	  x7:0x00000001 x18:0x00000000 x23=0x00000001
     447635.000 ns	     44762	80009454	11c90cd3	fmul.s	f25,f18,f28	 f18:0x7fc00000 f28:0x7f800000 f25=0x7fc00000
     447655.000 ns	     44764	80009458	0023c033	xor	x0,x7,x2	  x7:0x00000001  x2:0x00000000
     447665.000 ns	     44765	8000945c	a32aa393	slti	x7,x21,-1486	 x21:0x5557b1b1  x7=0x00000000
     447685.000 ns	     44767	80009460	037f1533	mulh	x10,x30,x23	 x30:0x00000000 x23:0x00000001 x10=0x00000000
     447705.000 ns	     44769	80009464	4142d413	srai	x8,x5,0x14	  x5:0x80041024  x8=0xfffff800
     447725.000 ns	     44771	80009468	20708053	fsgnj.s	f0,f1,f7	  f1:0xc49e4000  f7:0x00000000  f0=0x449e4000
     447745.000 ns	     44773	8000946c	4010d6b3	sra	x13,x1,x1	  x1:0x00000020  x1:0x00000020 x13=0x00000020
     447755.000 ns	     44774	80009470	0f783697	auipc	x13,0xf783	 x13=0x8f78c470
     447765.000 ns	     44775	80009474	41b75cb3	sra	x25,x14,x27	 x14:0x80040fe4 x27:0x00000000 x25=0x80040fe4
     447785.000 ns	     44777	80009478	0330be33	mulhu	x28,x1,x19	  x1:0x00000020 x19:0x00000354 x28=0x00000000
     447815.000 ns	     44780	8000947c	20d10453	fsgnj.s	f8,f2,f13	  f2:0xff800000 f13:0x00000000  f8=0x7f800000
     447845.000 ns	     44783	80009480	a0398bd3	fle.s	x23,f19,f3	 f19:0x4f7fffff  f3:0x00000000 x23=0x00000000
     447865.000 ns	     44785	80009484	0052bbb3	sltu	x23,x5,x5	  x5:0x80041024  x5:0x80041024 x23=0x00000000
     447905.000 ns	     44789	80009488	003ef053	fadd.s	f0,f29,f3	 f29:0x00000000  f3:0x00000000  f0=0x00000000
     447925.000 ns	     44791	8000948c	972c1c37	lui	x24,0x972c1	 x24=0x972c1000
     447945.000 ns	     44793	80009490	d0104353	fcvt.s.wu	f6,x0	  x0:0x00000000  f6=0x00000000
     447965.000 ns	     44795	80009494	003e7033	and	x0,x28,x3	 x28:0x00000000  x3:0xffffffff
     447975.000 ns	     44796	80009498	36e14d13	xori	x26,x2,878	  x2:0x00000000 x26=0x0000036e
     447995.000 ns	     44798	8000949c	a18b9c53	flt.s	x24,f23,f24	 f23:0x7fc00000 f24:0x00000000 x24=0x00000000
     448025.000 ns	     44801	800094a0	c01738d3	fcvt.wu.s	x17,f14	 f14:0x00000000 x17=0x00000000
     448395.000 ns	     44838	800094a4	0337df33	divu	x30,x15,x19	 x15:0xaaa84e4f x19:0x00000354 x30=0x00334700
     448435.000 ns	     44842	800094a8	11a87cd3	fmul.s	f25,f16,f26	 f16:0x5ee387ea f26:0x00000000 f25=0x00000000
     448455.000 ns	     44844	800094ac	01e3fab3	and	x21,x7,x30	  x7:0x00000000 x30:0x00334700 x21=0x00000000
     448465.000 ns	     44845	800094b0	00da8e33	add	x28,x21,x13	 x21:0x5557b1b1 x13:0x8f78c470 x28=0x8f78c470
     448475.000 ns	     44846	800094b4	122a3813	sltiu	x16,x20,290	 x20:0x00000000 x16=0x00000001
     448485.000 ns	     44847	800094b8	00000013	addi	x0,x0,0	  x0:0x00000000
     448495.000 ns	     44848	800094bc	eb469417	auipc	x8,0xeb469	  x8=0x6b4724bc
     448505.000 ns	     44849	800094c0	40bddeb3	sra	x29,x27,x11	 x27:0x00000000 x11:0x00000001 x29=0x00000000
     448515.000 ns	     44850	800094c4	6b59e193	ori	x3,x19,1717	 x19:0x00000354  x3=0x000007f5
     448535.000 ns	     44852	800094c8	e00c0453	fmv.x.w	x8,f24	 f24:0x00000000  x8=0x00000000
     448565.000 ns	     44855	800094cc	c00dfe53	fcvt.w.s	x28,f27	 f27:0xc49e4000 x28=0x000004f2
     448585.000 ns	     44857	800094d0	01e00e93	addi	x29,x0,30	  x0:0x00000000 x29=0x0000001e
     448625.000 ns	     44861	800094d4	01defb53	fadd.s	f22,f29,f29	 f29:0x00000000 f29:0x00000000 f22=0x00000000
     448675.000 ns	     44866	800094d8	01b395d3	fadd.s	f11,f7,f27	  f7:0x00000000 f27:0xc49e4000 f11=0xc49e4000
     448705.000 ns	     44869	800094dc	a18110d3	flt.s	x1,f2,f24	  f2:0xff800000 f24:0x00000000  x1=0x00000001
     448755.000 ns	     44874	800094e0	091e3c53	fsub.s	f24,f28,f17	 f28:0x7f800000 f17:0x00000000 f24=0x7f800000
     448785.000 ns	     44877	800094e4	c0177cd3	fcvt.wu.s	x25,f14	 f14:0x00000000 x25=0x00000000
     448805.000 ns	     44879	800094e8	006ca333	slt	x6,x25,x6	 x25:0x80040fe4  x6:0x7fffffff  x6=0x00000001
     448815.000 ns	     44880	800094ec	c53a8f93	addi	x31,x21,-941	 x21:0x00000000 x31=0xfffffc53
     448835.000 ns	     44882	800094f0	a0c501d3	fle.s	x3,f10,f12	 f10:0x00000000 f12:0xff800000  x3=0x00000000
     449205.000 ns	     44919	800094f4	03db5d33	divu	x26,x22,x29	 x22:0xaaa84e4e x29:0x0000001e x26=0x05b046e0
     449235.000 ns	     44922	800094f8	29dc98d3	fmax.s	f17,f25,f29	 f25:0x00000000 f29:0x00000000 f17=0x00000000
     449255.000 ns	     44924	800094fc	00c540b3	xor	x1,x10,x12	 x10:0x00000000 x12:0x00000000  x1=0x00000000
     449275.000 ns	     44926	80009500	20088653	fsgnj.s	f12,f17,f0	 f17:0x00000000  f0:0x00000000 f12=0x00000000
     449305.000 ns	     44929	80009504	0228b7b3	mulhu	x15,x17,x2	 x17:0x00000000  x2:0x00000000 x15=0x00000000
     449335.000 ns	     44932	80009508	c01f16d3	fcvt.wu.s	x13,f30	 f30:0x5ee387ea x13=0xffffffff
     449365.000 ns	     44935	8000950c	03a51bb3	mulh	x23,x10,x26	 x10:0x00000000 x26:0x05b046e0 x23=0x00000000
     449385.000 ns	     44937	80009510	01ce7bb3	and	x23,x28,x28	 x28:0x000004f2 x28:0x000004f2 x23=0x000004f2
     449405.000 ns	     44939	80009514	d0098153	fcvt.s.w	f2,x19	 x19:0x00000354  f2=0x44550000
     449775.000 ns	     44976	80009518	026b4833	div	x16,x22,x6	 x22:0xaaa84e4e  x6:0x00000001 x16=0xaaa84e4e
     449795.000 ns	     44978	8000951c	c0e7ce13	xori	x28,x15,-1010	 x15:0x00000000 x28=0xfffffc0e
     449805.000 ns	     44979	80009520	00000013	addi	x0,x0,0	  x0:0x00000000
     449825.000 ns	     44981	80009524	a16b8953	fle.s	x18,f23,f22	 f23:0x7fc00000 f22:0x00000000 x18=0x00000000
     450195.000 ns	     45018	80009528	02bdc4b3	div	x9,x27,x11	 x27:0x00000000 x11:0x00000001  x9=0x00000000
     450215.000 ns	     45020	8000952c	16618c93	addi	x25,x3,358	  x3:0x00000000 x25=0x00000166
     450225.000 ns	     45021	80009530	e9970613	addi	x12,x14,-359	 x14:0x80040fe4 x12=0x80040e7d
     450235.000 ns	     45022	80009534	409b5a13	srai	x20,x22,0x9	 x22:0xaaa84e4e x20=0xffd55427
     450255.000 ns	     45024	80009538	034916b3	mulh	x13,x18,x20	 x18:0x00000000 x20:0x00000000 x13=0x00000000
     450285.000 ns	     45027	8000953c	c0003153	fcvt.w.s	x2,f0	  f0:0x00000000  x2=0x00000000
     450655.000 ns	     45064	80009540	03c54e33	div	x28,x10,x28	 x10:0x00000000 x28:0xfffffc0e x28=0x00000000
     450685.000 ns	     45067	80009544	219f18d3	fsgnjn.s	f17,f30,f25	 f30:0x5ee387ea f25:0x00000000 f17=0xdee387ea
     450715.000 ns	     45070	80009548	a07e21d3	feq.s	x3,f28,f7	 f28:0x7f800000  f7:0x00000000  x3=0x00000000
     450745.000 ns	     45073	8000954c	038f5f33	divu	x30,x30,x24	 x30:0x00334700 x24:0x00000000 x30=0xffffffff
     450775.000 ns	     45076	80009550	e0020653	fmv.x.w	x12,f4	  f4:0x449e4000 x12=0x449e4000
     450805.000 ns	     45079	80009554	a0262353	feq.s	x6,f12,f2	 f12:0x00000000  f2:0x44550000  x6=0x00000000
     450835.000 ns	     45082	80009558	217b0fd3	fsgnj.s	f31,f22,f23	 f22:0x00000000 f23:0x7fc00000 f31=0x00000000
     450865.000 ns	     45085	8000955c	c0037fd3	fcvt.w.s	x31,f6	  f6:0x00000000 x31=0x00000000
     450895.000 ns	     45088	80009560	e0091353	fclass.s	x6,f18	 f18:0x7fc00000  x6=0x00000200
     450915.000 ns	     45090	80009564	413d5993	srai	x19,x26,0x13	 x26:0x05b046e0 x19=0x000000b6
     450935.000 ns	     45092	80009568	035e9433	mulh	x8,x29,x21	 x29:0x0000001e x21:0x00000000  x8=0x00000000
     450955.000 ns	     45094	8000956c	000ea633	slt	x12,x29,x0	 x29:0x0000001e  x0:0x00000000 x12=0x00000000
     450975.000 ns	     45096	80009570	e00185d3	fmv.x.w	x11,f3	  f3:0x00000000 x11=0x00000000
     450995.000 ns	     45098	80009574	261893b7	lui	x7,0x26189	  x7=0x26189000
     451015.000 ns	     45100	80009578	21388353	fsgnj.s	f6,f17,f19	 f17:0xdee387ea f19:0x4f7fffff  f6=0x5ee387ea
     451045.000 ns	     45103	8000957c	03cbacb3	mulhsu	x25,x23,x28	 x23:0x000004f2 x28:0x00000000 x25=0x00000000
     451065.000 ns	     45105	80009580	00000013	addi	x0,x0,0	  x0:0x00000000
     451075.000 ns	     45106	80009584	0043b1b3	sltu	x3,x7,x4	  x7:0x26189000  x4:0x00000000  x3=0x00000000
     451095.000 ns	     45108	80009588	204b8253	fsgnj.s	f4,f23,f4	 f23:0x7fc00000  f4:0x449e4000  f4=0x7fc00000
     451125.000 ns	     45111	8000958c	a11286d3	fle.s	x13,f5,f17	  f5:0x7fc00000 f17:0xdee387ea x13=0x00000000
     451155.000 ns	     45114	80009590	20222bd3	fsgnjx.s	f23,f4,f2	  f4:0x7fc00000  f2:0x44550000 f23=0x7fc00000
     451175.000 ns	     45116	80009594	00b303b3	add	x7,x6,x11	  x6:0x00000200 x11:0x00000000  x7=0x00000200
     451195.000 ns	     45118	80009598	e00a0ed3	fmv.x.w	x29,f20	 f20:0x7fc00000 x29=0x7fc00000
     451215.000 ns	     45120	8000959c	d725b393	sltiu	x7,x11,-654	 x11:0x00000000  x7=0x00000001
     451235.000 ns	     45122	800095a0	d0051853	fcvt.s.w	f16,x10	 x10:0x00000000 f16=0x00000000
     451285.000 ns	     45127	800095a4	016b9ad3	fadd.s	f21,f23,f22	 f23:0x7fc00000 f22:0x00000000 f21=0x7fc00000
     451305.000 ns	     45129	800095a8	015dd593	srli	x11,x27,0x15	 x27:0x00000000 x11=0x00000000
     451315.000 ns	     45130	800095ac	0074ca33	xor	x20,x9,x7	  x9:0x00000000  x7:0x00000001 x20=0x00000001
     451325.000 ns	     45131	800095b0	d99cee93	ori	x29,x25,-615	 x25:0x00000000 x29=0xfffffd99
     451345.000 ns	     45133	800095b4	20990553	fsgnj.s	f10,f18,f9	 f18:0x7fc00000  f9:0x7fc00000 f10=0x7fc00000
     451375.000 ns	     45136	800095b8	027dba33	mulhu	x20,x27,x7	 x27:0x00000000  x7:0x00000001 x20=0x00000000
     451405.000 ns	     45139	800095bc	28fa8f53	fmin.s	f30,f21,f15	 f21:0x7fc00000 f15:0x00000000 f30=0x00000000
     451435.000 ns	     45142	800095c0	d00243d3	fcvt.s.w	f7,x4	  x4:0x00000000  f7=0x00000000
     451455.000 ns	     45144	800095c4	017eb833	sltu	x16,x29,x23	 x29:0xfffffd99 x23:0x000004f2 x16=0x00000000
     451475.000 ns	     45146	800095c8	e0018ad3	fmv.x.w	x21,f3	  f3:0x00000000 x21=0x00000000
     451495.000 ns	     45148	800095cc	00772fb3	slt	x31,x14,x7	 x14:0x80040fe4  x7:0x00000001 x31=0x00000001
     451515.000 ns	     45150	800095d0	d01839d3	fcvt.s.wu	f19,x16	 x16:0x00000000 f19=0x00000000
     451535.000 ns	     45152	800095d4	00321193	slli	x3,x4,0x3	  x4:0x00000000  x3=0x00000000
     451555.000 ns	     45154	800095d8	a19184d3	fle.s	x9,f3,f25	  f3:0x00000000 f25:0x00000000  x9=0x00000001
     451605.000 ns	     45159	800095dc	01eb2253	fadd.s	f4,f22,f30	 f22:0x00000000 f30:0x00000000  f4=0x00000000
     451635.000 ns	     45162	800095e0	29351253	fmax.s	f4,f10,f19	 f10:0x7fc00000 f19:0x00000000  f4=0x00000000
     451665.000 ns	     45165	800095e4	039b7533	remu	x10,x22,x25	 x22:0xaaa84e4e x25:0x00000000 x10=0xaaa84e4e
     451695.000 ns	     45168	800095e8	02638933	mul	x18,x7,x6	  x7:0x00000001  x6:0x00000200 x18=0x00000200
     451745.000 ns	     45173	800095ec	08f8f153	fsub.s	f2,f17,f15	 f17:0xdee387ea f15:0x00000000  f2=0xdee387ea
     452115.000 ns	     45210	800095f0	0366e833	rem	x16,x13,x22	 x13:0x00000000 x22:0xaaa84e4e x16=0x00000000
     452145.000 ns	     45213	800095f4	0389d133	divu	x2,x19,x24	 x19:0x000000b6 x24:0x00000000  x2=0xffffffff
     452175.000 ns	     45216	800095f8	02409e33	mulh	x28,x1,x4	  x1:0x00000000  x4:0x00000000 x28=0x00000000
     452205.000 ns	     45219	800095fc	29b48953	fmin.s	f18,f9,f27	  f9:0x7fc00000 f27:0xc49e4000 f18=0xc49e4000
     452225.000 ns	     45221	80009600	d83edb97	auipc	x23,0xd83ed	 x23=0x583f6600
     452265.000 ns	     45225	80009604	09c2f253	fsub.s	f4,f5,f28	  f5:0x7fc00000 f28:0x7f800000  f4=0x7fc00000
     452305.000 ns	     45229	80009608	580519d3	fsqrt.s	f19,f10	 f10:0x7fc00000 f19=0x7fc00000
     452325.000 ns	     45231	8000960c	00a91093	slli	x1,x18,0xa	 x18:0x00000200  x1=0x00080000
     452345.000 ns	     45233	80009610	20361fd3	fsgnjn.s	f31,f12,f3	 f12:0x00000000  f3:0x00000000 f31=0x80000000
     452375.000 ns	     45236	80009614	03ec17b3	mulh	x15,x24,x30	 x24:0x00000000 x30:0xffffffff x15=0x00000000
     452395.000 ns	     45238	80009618	ed07b213	sltiu	x4,x15,-304	 x15:0x00000000  x4=0x00000001
     452405.000 ns	     45239	8000961c	00442c33	slt	x24,x8,x4	  x8:0x00000000  x4:0x00000000 x24=0x00000001
     452415.000 ns	     45240	80009620	41eadb93	srai	x23,x21,0x1e	 x21:0x00000000 x23=0x00000000
     452435.000 ns	     45242	80009624	217302d3	fsgnj.s	f5,f6,f23	  f6:0x5ee387ea f23:0x7fc00000  f5=0x5ee387ea
     452465.000 ns	     45245	80009628	020ae833	rem	x16,x21,x0	 x21:0x00000000  x0:0x00000000 x16=0x00000000
     452835.000 ns	     45282	8000962c	03fa5fb3	divu	x31,x20,x31	 x20:0x00000000 x31:0x00000001 x31=0x00000000
     452865.000 ns	     45285	80009630	03c4d133	divu	x2,x9,x28	  x9:0x00000001 x28:0x00000000  x2=0xffffffff
     452885.000 ns	     45287	80009634	01d81593	slli	x11,x16,0x1d	 x16:0x00000000 x11=0x00000000
     452925.000 ns	     45291	80009638	0956f8d3	fsub.s	f17,f13,f21	 f13:0x00000000 f21:0x7fc00000 f17=0x7fc00000
     452955.000 ns	     45294	8000963c	28ed8953	fmin.s	f18,f27,f14	 f27:0xc49e4000 f14:0x00000000 f18=0xc49e4000
     452985.000 ns	     45297	80009640	c01bf653	fcvt.wu.s	x12,f23	 f23:0x7fc00000 x12=0xffffffff
     453015.000 ns	     45300	80009644	0356f0b3	remu	x1,x13,x21	 x13:0x00000000 x21:0x00000000  x1=0x00000000
     453045.000 ns	     45303	80009648	20210653	fsgnj.s	f12,f2,f2	  f2:0xdee387ea  f2:0xdee387ea f12=0xdee387ea
     453065.000 ns	     45305	8000964c	010ea333	slt	x6,x29,x16	 x29:0xfffffd99 x16:0x00000000  x6=0x00000001
     453075.000 ns	     45306	80009650	411f0533	sub	x10,x30,x17	 x30:0xffffffff x17:0x00000000 x10=0xffffffff
     453085.000 ns	     45307	80009654	0050b5b3	sltu	x11,x1,x5	  x1:0x00000000  x5:0x80041024 x11=0x00000001
     453105.000 ns	     45309	80009658	c018b9d3	fcvt.wu.s	x19,f17	 f17:0x7fc00000 x19=0xffffffff
     453135.000 ns	     45312	8000965c	c01c3c53	fcvt.wu.s	x24,f24	 f24:0x7f800000 x24=0xffffffff
     453165.000 ns	     45315	80009660	28740c53	fmin.s	f24,f8,f7	  f8:0x7f800000  f7:0x00000000 f24=0x00000000
     453185.000 ns	     45317	80009664	008ac333	xor	x6,x21,x8	 x21:0x00000000  x8:0x00000000  x6=0x00000000
     453205.000 ns	     45319	80009668	02da1e33	mulh	x28,x20,x13	 x20:0x00000000 x13:0x00000000 x28=0x00000000
     453225.000 ns	     45321	8000966c	41348833	sub	x16,x9,x19	  x9:0x00000001 x19:0xffffffff x16=0x00000002
     453245.000 ns	     45323	80009670	29fb98d3	fmax.s	f17,f23,f31	 f23:0x7fc00000 f31:0x80000000 f17=0x80000000
     453615.000 ns	     45360	80009674	022fce33	div	x28,x31,x2	 x31:0x00000000  x2:0xffffffff x28=0x00000000
     453635.000 ns	     45362	80009678	e0008913	addi	x18,x1,-512	  x1:0x00000000 x18=0xfffffe00
     453655.000 ns	     45364	8000967c	e00e1453	fclass.s	x8,f28	 f28:0x7f800000  x8=0x00000080
     453685.000 ns	     45367	80009680	02f4bc33	mulhu	x24,x9,x15	  x9:0x00000001 x15:0x00000000 x24=0x00000000
     454055.000 ns	     45404	80009684	02eb5cb3	divu	x25,x22,x14	 x22:0xaaa84e4e x14:0x80040fe4 x25=0x00000001
     454085.000 ns	     45407	80009688	03e11fb3	mulh	x31,x2,x30	  x2:0xffffffff x30:0xffffffff x31=0x00000000
     454105.000 ns	     45409	8000968c	db0a84b7	lui	x9,0xdb0a8	  x9=0xdb0a8000
     454115.000 ns	     45410	80009690	40c486b3	sub	x13,x9,x12	  x9:0x00000001 x12:0xffffffff x13=0xdb0a8001
     454135.000 ns	     45412	80009694	f0070bd3	fmv.w.x	f23,x14	 x14:0x80040fe4 f23=0x80040fe4
     454505.000 ns	     45449	80009698	02e24433	div	x8,x4,x14	  x4:0x00000001 x14:0x80040fe4  x8=0x00000000
     454875.000 ns	     45486	8000969c	03d67633	remu	x12,x12,x29	 x12:0xffffffff x29:0xfffffd99 x12=0x00000266
     454905.000 ns	     45489	800096a0	e00f84d3	fmv.x.w	x9,f31	 f31:0x80000000  x9=0x80000000
     454925.000 ns	     45491	800096a4	01f5aa33	slt	x20,x11,x31	 x11:0x00000001 x31:0x00000000 x20=0x00000000
     455285.000 ns	     45527	800096a8	03e84433	div	x8,x16,x30	 x16:0x00000002 x30:0xffffffff  x8=0xfffffffe
     455335.000 ns	     45532	800096ac	0849fcd3	fsub.s	f25,f19,f4	 f19:0x7fc00000  f4:0x7fc00000 f25=0x7fc00000
     455375.000 ns	     45536	800096b0	580844d3	fsqrt.s	f9,f16	 f16:0x00000000  f9=0x00000000
     455425.000 ns	     45541	800096b4	08e77bd3	fsub.s	f23,f14,f14	 f14:0x00000000 f14:0x00000000 f23=0x80000000
     455455.000 ns	     45544	800096b8	a1bc00d3	fle.s	x1,f24,f27	 f24:0x00000000 f27:0xc49e4000  x1=0x00000000
     455475.000 ns	     45546	800096bc	00924a33	xor	x20,x4,x9	  x4:0x00000001  x9:0x80000000 x20=0x80000001
     455485.000 ns	     45547	800096c0	5b3c0613	addi	x12,x24,1459	 x24:0x00000000 x12=0x000005b3
     455495.000 ns	     45548	800096c4	3b0456b7	lui	x13,0x3b045	 x13=0x3b045000
     455515.000 ns	     45550	800096c8	a13d9fd3	flt.s	x31,f27,f19	 f27:0xc49e4000 f19:0x7fc00000 x31=0x00000000
     455535.000 ns	     45552	800096cc	70e77b93	andi	x23,x14,1806	 x14:0x80040fe4 x23=0x00000704
     455555.000 ns	     45554	800096d0	20159a53	fsgnjn.s	f20,f11,f1	 f11:0xc49e4000  f1:0xc49e4000 f20=0x449e4000
     455575.000 ns	     45556	800096d4	0088eeb3	or	x29,x17,x8	 x17:0x00000000  x8:0xfffffffe x29=0xfffffffe
     455585.000 ns	     45557	800096d8	d1d90b93	addi	x23,x18,-739	 x18:0xfffffe00 x23=0xfffffb1d
     455595.000 ns	     45558	800096dc	010fdf13	srli	x30,x31,0x10	 x31:0x00000000 x30=0x00000000
     455615.000 ns	     45560	800096e0	29881d53	fmax.s	f26,f16,f24	 f16:0x00000000 f24:0x00000000 f26=0x00000000
     455655.000 ns	     45564	800096e4	580eb053	fsqrt.s	f0,f29	 f29:0x00000000  f0=0x00000000
     455695.000 ns	     45568	800096e8	5808a9d3	fsqrt.s	f19,f17	 f17:0x80000000 f19=0x80000000
     455715.000 ns	     45570	800096ec	64c77237	lui	x4,0x64c77	  x4=0x64c77000
     455725.000 ns	     45571	800096f0	40495d93	srai	x27,x18,0x4	 x18:0xfffffe00 x27=0xffffffe0
     455735.000 ns	     45572	800096f4	67297a93	andi	x21,x18,1650	 x18:0xfffffe00 x21=0x00000600
     456095.000 ns	     45608	800096f8	0298c8b3	div	x17,x17,x9	 x17:0x00000000  x9:0x80000000 x17=0x00000000
     456115.000 ns	     45610	800096fc	0031c333	xor	x6,x3,x3	  x3:0x00000000  x3:0x00000000  x6=0x00000000
     456135.000 ns	     45612	80009700	03f6c233	div	x4,x13,x31	 x13:0x3b045000 x31:0x00000000  x4=0xffffffff
     456165.000 ns	     45615	80009704	d005f753	fcvt.s.w	f14,x11	 x11:0x00000001 f14=0x3f800000
     456185.000 ns	     45617	80009708	01b9d233	srl	x4,x19,x27	 x19:0xffffffff x27:0xffffffe0  x4=0xffffffff
     456195.000 ns	     45618	8000970c	cb0e0e17	auipc	x28,0xcb0e0	 x28=0x4b0e970c
     456205.000 ns	     45619	80009710	00c6d333	srl	x6,x13,x12	 x13:0x3b045000 x12:0x000005b3  x6=0x00000760
     456215.000 ns	     45620	80009714	41d8d333	sra	x6,x17,x29	 x17:0x00000000 x29:0xfffffffe  x6=0x00000000
     457385.000 ns	     45737	80009718	580a7253	fsqrt.s	f4,f20	 f20:0x449e4000  f4=0x420e52a7
     457415.000 ns	     45740	8000971c	e0058ed3	fmv.x.w	x29,f11	 f11:0xc49e4000 x29=0xc49e4000
     457435.000 ns	     45742	80009720	419a8633	sub	x12,x21,x25	 x21:0x00000600 x25:0x00000001 x12=0x000005ff
     457445.000 ns	     45743	80009724	533d7e13	andi	x28,x26,1331	 x26:0x05b046e0 x28=0x00000420
     457465.000 ns	     45745	80009728	203c2ad3	fsgnjx.s	f21,f24,f3	 f24:0x00000000  f3:0x00000000 f21=0x00000000
     457485.000 ns	     45747	8000972c	9fc72813	slti	x16,x14,-1540	 x14:0x80040fe4 x16=0x00000001
     457495.000 ns	     45748	80009730	013b61b3	or	x3,x22,x19	 x22:0xaaa84e4e x19:0xffffffff  x3=0xffffffff
     457505.000 ns	     45749	80009734	97ef7b93	andi	x23,x30,-1666	 x30:0x00000000 x23=0x00000000
     457515.000 ns	     45750	80009738	01f7d633	srl	x12,x15,x31	 x15:0x00000000 x31:0x00000000 x12=0x00000000
     457525.000 ns	     45751	8000973c	4027d6b3	sra	x13,x15,x2	 x15:0x00000000  x2:0xffffffff x13=0x00000000
     457545.000 ns	     45753	80009740	29f702d3	fmin.s	f5,f14,f31	 f14:0x3f800000 f31:0x80000000  f5=0x80000000
     457915.000 ns	     45790	80009744	028d6333	rem	x6,x26,x8	 x26:0x05b046e0  x8:0xfffffffe  x6=0x00000000
     457945.000 ns	     45793	80009748	207e8753	fsgnj.s	f14,f29,f7	 f29:0x00000000  f7:0x00000000 f14=0x00000000
     458315.000 ns	     45830	8000974c	03c57f33	remu	x30,x10,x28	 x10:0xffffffff x28:0x00000420 x30=0x0000039f
     458355.000 ns	     45834	80009750	580e1b53	fsqrt.s	f22,f28	 f28:0x7f800000 f22=0x7f800000
     458375.000 ns	     45836	80009754	01cca7b3	slt	x15,x25,x28	 x25:0x00000001 x28:0x00000420 x15=0x00000001
     458385.000 ns	     45837	80009758	4193da33	sra	x20,x7,x25	  x7:0x00000001 x25:0x00000001 x20=0x00000000
     458395.000 ns	     45838	8000975c	001f1493	slli	x9,x30,0x1	 x30:0x0000039f  x9=0x0000073e
     458755.000 ns	     45874	80009760	02455db3	divu	x27,x10,x4	 x10:0xffffffff  x4:0xffffffff x27=0x00000001
     458775.000 ns	     45876	80009764	018079b3	and	x19,x0,x24	  x0:0x00000000 x24:0x00000000 x19=0x00000000
     458785.000 ns	     45877	80009768	00451d33	sll	x26,x10,x4	 x10:0xffffffff  x4:0xffffffff x26=0x80000000
     458795.000 ns	     45878	8000976c	01844ab3	xor	x21,x8,x24	  x8:0xfffffffe x24:0x00000000 x21=0xfffffffe
     458815.000 ns	     45880	80009770	216a19d3	fsgnjn.s	f19,f20,f22	 f20:0x449e4000 f22:0x7f800000 f19=0xc49e4000
     458845.000 ns	     45883	80009774	03c38bb3	mul	x23,x7,x28	  x7:0x00000001 x28:0x00000420 x23=0x00000420
     458865.000 ns	     45885	80009778	002f1193	slli	x3,x30,0x2	 x30:0x0000039f  x3=0x00000e7c
     458875.000 ns	     45886	8000977c	40fa5d33	sra	x26,x20,x15	 x20:0x00000000 x15:0x00000001 x26=0x00000000
     458895.000 ns	     45888	80009780	0396b9b3	mulhu	x19,x13,x25	 x13:0x00000000 x25:0x00000001 x19=0x00000000
     458915.000 ns	     45890	80009784	52777797	auipc	x15,0x52777	 x15=0xd2780784
     458925.000 ns	     45891	80009788	00000013	addi	x0,x0,0	  x0:0x00000000
     458945.000 ns	     45893	8000978c	e00d0053	fmv.x.w	x0,f26	 f26:0x00000000
     458965.000 ns	     45895	80009790	00000013	addi	x0,x0,0	  x0:0x00000000
     459005.000 ns	     45899	80009794	01b97153	fadd.s	f2,f18,f27	 f18:0xc49e4000 f27:0xc49e4000  f2=0xc51e4000
     459035.000 ns	     45902	80009798	d009fa53	fcvt.s.w	f20,x19	 x19:0x00000000 f20=0x00000000
     459065.000 ns	     45905	8000979c	29551a53	fmax.s	f20,f10,f21	 f10:0x7fc00000 f21:0x00000000 f20=0x00000000
     459095.000 ns	     45908	800097a0	c01bf6d3	fcvt.wu.s	x13,f23	 f23:0x80000000 x13=0x00000000
     459125.000 ns	     45911	800097a4	a1762053	feq.s	x0,f12,f23	 f12:0xdee387ea f23:0x80000000
     459145.000 ns	     45913	800097a8	2fc9a093	slti	x1,x19,764	 x19:0x00000000  x1=0x00000001
     459505.000 ns	     45949	800097ac	039b5a33	divu	x20,x22,x25	 x22:0xaaa84e4e x25:0x00000001 x20=0xaaa84e4e
     459525.000 ns	     45951	800097b0	00000013	addi	x0,x0,0	  x0:0x00000000
     459565.000 ns	     45955	800097b4	097dfad3	fsub.s	f21,f27,f23	 f27:0xc49e4000 f23:0x80000000 f21=0xc49e4000
     459585.000 ns	     45957	800097b8	40f10333	sub	x6,x2,x15	  x2:0xffffffff x15:0xd2780784  x6=0x2d87f87b
     459595.000 ns	     45958	800097bc	40a45033	sra	x0,x8,x10	  x8:0xfffffffe x10:0xffffffff
     459605.000 ns	     45959	800097c0	0048bfb3	sltu	x31,x17,x4	 x17:0x00000000  x4:0xffffffff x31=0x00000001
     459615.000 ns	     45960	800097c4	404d3213	sltiu	x4,x26,1028	 x26:0x00000000  x4=0x00000001
     459635.000 ns	     45962	800097c8	e00780d3	fmv.x.w	x1,f15	 f15:0x00000000  x1=0x00000000
     459675.000 ns	     45966	800097cc	1130fcd3	fmul.s	f25,f1,f19	  f1:0xc49e4000 f19:0xc49e4000 f25=0x49c3a620
     460045.000 ns	     46003	800097d0	028d74b3	remu	x9,x26,x8	 x26:0x00000000  x8:0xfffffffe  x9=0x00000000
     460075.000 ns	     46006	800097d4	d007a8d3	fcvt.s.w	f17,x15	 x15:0xd2780784 f17=0xce361fe2
     460105.000 ns	     46009	800097d8	0338cbb3	div	x23,x17,x19	 x17:0x00000000 x19:0x00000000 x23=0xffffffff
     460125.000 ns	     46011	800097dc	013d49b3	xor	x19,x26,x19	 x26:0x00000000 x19:0x00000000 x19=0x00000000
     460135.000 ns	     46012	800097e0	15860113	addi	x2,x12,344	 x12:0x00000000  x2=0x00000158
     460155.000 ns	     46014	800097e4	28428453	fmin.s	f8,f5,f4	  f5:0x80000000  f4:0x420e52a7  f8=0x80000000
     460185.000 ns	     46017	800097e8	c01945d3	fcvt.wu.s	x11,f18	 f18:0xc49e4000 x11=0x000004f2
     460235.000 ns	     46022	800097ec	084c7253	fsub.s	f4,f24,f4	 f24:0x00000000  f4:0x420e52a7  f4=0xc20e52a7
     460255.000 ns	     46024	800097f0	01f9c233	xor	x4,x19,x31	 x19:0x00000000 x31:0x00000001  x4=0x00000001
     460275.000 ns	     46026	800097f4	c01e06d3	fcvt.wu.s	x13,f28	 f28:0x7f800000 x13=0xffffffff
     460295.000 ns	     46028	800097f8	9faaae13	slti	x28,x21,-1542	 x21:0xfffffffe x28=0x00000000
     460305.000 ns	     46029	800097fc	00031093	slli	x1,x6,0x0	  x6:0x2d87f87b  x1=0x2d87f87b
     460315.000 ns	     46030	80009800	01970333	add	x6,x14,x25	 x14:0x80040fe4 x25:0x00000001  x6=0x80040fe5
     460675.000 ns	     46066	80009804	02164fb3	div	x31,x12,x1	 x12:0x00000000  x1:0x00000000 x31=0x00000000
     460705.000 ns	     46069	80009808	a1278953	fle.s	x18,f15,f18	 f15:0x00000000 f18:0xc49e4000 x18=0x00000000
     460735.000 ns	     46072	8000980c	21aba953	fsgnjx.s	f18,f23,f26	 f23:0x80000000 f26:0x00000000 f18=0x80000000
     460785.000 ns	     46077	80009810	013c0c53	fadd.s	f24,f24,f19	 f24:0x00000000 f19:0xc49e4000 f24=0xc49e4000
     460835.000 ns	     46082	80009814	0182ae53	fadd.s	f28,f5,f24	  f5:0x80000000 f24:0x00000000 f28=0xc49e4000
     460875.000 ns	     46086	80009818	198f8453	fdiv.s	f8,f31,f24	 f31:0x80000000 f24:0xc49e4000  f8=0x00000000
     460895.000 ns	     46088	8000981c	0f003e93	sltiu	x29,x0,240	  x0:0x00000000 x29=0x00000001
     460915.000 ns	     46090	80009820	f0028353	fmv.w.x	f6,x5	  x5:0x80041024  f6=0x80041024
     460945.000 ns	     46093	80009824	e00f9c53	fclass.s	x24,f31	 f31:0x80000000 x24=0x00000008
     460985.000 ns	     46097	80009828	5809f553	fsqrt.s	f10,f19	 f19:0xc49e4000 f10=0x7fc00000
     461005.000 ns	     46099	8000982c	789eca93	xori	x21,x29,1929	 x29:0x00000001 x21=0x00000788
     461025.000 ns	     46101	80009830	d0147fd3	fcvt.s.wu	f31,x8	  x8:0xfffffffe f31=0x4f7fffff
     461045.000 ns	     46103	80009834	cf2eda17	auipc	x20,0xcf2ed	 x20=0x4f2f6834
     461055.000 ns	     46104	80009838	0054f3b3	and	x7,x9,x5	  x9:0x00000000  x5:0x80041024  x7=0x00000000
     461075.000 ns	     46106	8000983c	03f0f8b3	remu	x17,x1,x31	  x1:0x2d87f87b x31:0x00000000 x17=0x2d87f87b
     461105.000 ns	     46109	80009840	a14b23d3	feq.s	x7,f22,f20	 f22:0x7f800000 f20:0x00000000  x7=0x00000000
     461125.000 ns	     46111	80009844	56cc8493	addi	x9,x25,1388	 x25:0x00000001  x9=0x0000056d
     461135.000 ns	     46112	80009848	00bf99b3	sll	x19,x31,x11	 x31:0x00000000 x11:0x000004f2 x19=0x00000000
     461145.000 ns	     46113	8000984c	014676b3	and	x13,x12,x20	 x12:0x00000000 x20:0x4f2f6834 x13=0x00000000
     461155.000 ns	     46114	80009850	080c3793	sltiu	x15,x24,128	 x24:0x00000008 x15=0x00000001
     461185.000 ns	     46117	80009854	5807f953	fsqrt.s	f18,f15	 f15:0x00000000 f18=0x00000000
     461205.000 ns	     46119	80009858	00000013	addi	x0,x0,0	  x0:0x00000000
     461215.000 ns	     46120	8000985c	b0200913	addi	x18,x0,-1278	  x0:0x00000000 x18=0xfffffb02
     461255.000 ns	     46124	80009860	099c8053	fsub.s	f0,f25,f25	 f25:0x49c3a620 f25:0x49c3a620  f0=0x80000000
     461285.000 ns	     46127	80009864	03209db3	mulh	x27,x1,x18	  x1:0x2d87f87b x18:0x00000000 x27=0xffffff1c
     461315.000 ns	     46130	80009868	d0160d53	fcvt.s.wu	f26,x12	 x12:0x00000000 f26=0x00000000
     461335.000 ns	     46132	8000986c	363e6f97	auipc	x31,0x363e6	 x31=0xb63ef86c
     461365.000 ns	     46135	80009870	19dd7553	fdiv.s	f10,f26,f29	 f26:0x00000000 f29:0x00000000 f10=0x7fc00000
     461395.000 ns	     46138	80009874	c01008d3	fcvt.wu.s	x17,f0	  f0:0x80000000 x17=0x00000000
     461425.000 ns	     46141	80009878	217b1753	fsgnjn.s	f14,f22,f23	 f22:0x7f800000 f23:0x80000000 f14=0x7f800000
     461455.000 ns	     46144	8000987c	c01778d3	fcvt.wu.s	x17,f14	 f14:0x00000000 x17=0xffffffff
     461475.000 ns	     46146	80009880	4173d513	srai	x10,x7,0x17	  x7:0x00000000 x10=0x00000000
     461485.000 ns	     46147	80009884	4153d793	srai	x15,x7,0x15	  x7:0x00000000 x15=0x00000000
     461495.000 ns	     46148	80009888	1a114a37	lui	x20,0x1a114	 x20=0x1a114000
     461505.000 ns	     46149	8000988c	0038a333	slt	x6,x17,x3	 x17:0xffffffff  x3:0x00000e7c  x6=0x00000001
     461525.000 ns	     46151	80009890	02abb633	mulhu	x12,x23,x10	 x23:0xffffffff x10:0x00000000 x12=0x00000000
     461555.000 ns	     46154	80009894	a0408253	fle.s	x4,f1,f4	  f1:0xc49e4000  f4:0xc20e52a7  x4=0x00000001
     461575.000 ns	     46156	80009898	e392b113	sltiu	x2,x5,-455	  x5:0x80041024  x2=0x00000001
     461585.000 ns	     46157	8000989c	e89cb693	sltiu	x13,x25,-375	 x25:0x00000001 x13=0x00000001
     461605.000 ns	     46159	800098a0	03a17bb3	remu	x23,x2,x26	  x2:0x00000158 x26:0x00000000 x23=0x00000001
     461635.000 ns	     46162	800098a4	d01d85d3	fcvt.s.wu	f11,x27	 x27:0xffffff1c f11=0x4f7fffff
     461675.000 ns	     46166	800098a8	580409d3	fsqrt.s	f19,f8	  f8:0x00000000 f19=0x00000000
     461705.000 ns	     46169	800098ac	28d28453	fmin.s	f8,f5,f13	  f5:0x80000000 f13:0x00000000  f8=0x80000000
     461725.000 ns	     46171	800098b0	009cd393	srli	x7,x25,0x9	 x25:0x00000001  x7=0x00000000
     461745.000 ns	     46173	800098b4	0384be33	mulhu	x28,x9,x24	  x9:0x0000056d x24:0x00000008 x28=0x00000000
     461775.000 ns	     46176	800098b8	02340e33	mul	x28,x8,x3	  x8:0xfffffffe  x3:0x00000e7c x28=0xffffe308
     461795.000 ns	     46178	800098bc	013fc033	xor	x0,x31,x19	 x31:0xb63ef86c x19:0x00000000
     461815.000 ns	     46180	800098c0	c0187c53	fcvt.wu.s	x24,f16	 f16:0x00000000 x24=0x00000000
     461845.000 ns	     46183	800098c4	c0179d53	fcvt.wu.s	x26,f15	 f15:0x00000000 x26=0x00000000
     461865.000 ns	     46185	800098c8	6f4ab893	sltiu	x17,x21,1780	 x21:0x00000788 x17=0x00000000
     461875.000 ns	     46186	800098cc	f5653b93	sltiu	x23,x10,-170	 x10:0x00000000 x23=0x00000001
     461895.000 ns	     46188	800098d0	29eb96d3	fmax.s	f13,f23,f30	 f23:0x80000000 f30:0x00000000 f13=0x00000000
     461915.000 ns	     46190	800098d4	00ab60b3	or	x1,x22,x10	 x22:0xaaa84e4e x10:0x00000000  x1=0xaaa84e4e
     461935.000 ns	     46192	800098d8	e0080a53	fmv.x.w	x20,f16	 f16:0x00000000 x20=0x00000000
     461955.000 ns	     46194	800098dc	01ccc6b3	xor	x13,x25,x28	 x25:0x00000001 x28:0xffffe308 x13=0xffffe309
     461985.000 ns	     46197	800098e0	5804f4d3	fsqrt.s	f9,f9	  f9:0x00000000  f9=0x00000000
     462005.000 ns	     46199	800098e4	e5297893	andi	x17,x18,-430	 x18:0xfffffb02 x17=0xfffffa02
     462015.000 ns	     46200	800098e8	ea674d93	xori	x27,x14,-346	 x14:0x80040fe4 x27=0x7ffbf142
     462035.000 ns	     46202	800098ec	e0040653	fmv.x.w	x12,f8	  f8:0x80000000 x12=0x80000000
     462065.000 ns	     46205	800098f0	020253b3	divu	x7,x4,x0	  x4:0x00000001  x0:0x00000000  x7=0xffffffff
     462095.000 ns	     46208	800098f4	0298bc33	mulhu	x24,x17,x9	 x17:0xfffffa02  x9:0x0000056d x24=0x0000056c
     462115.000 ns	     46210	800098f8	f41d3413	sltiu	x8,x26,-191	 x26:0x00000000  x8=0x00000001
     462125.000 ns	     46211	800098fc	0e6d3113	sltiu	x2,x26,230	 x26:0x00000000  x2=0x00000001
     462145.000 ns	     46213	80009900	212806d3	fsgnj.s	f13,f16,f18	 f16:0x00000000 f18:0x00000000 f13=0x00000000
     462185.000 ns	     46217	80009904	104d29d3	fmul.s	f19,f26,f4	 f26:0x00000000  f4:0xc20e52a7 f19=0x80000000
     462215.000 ns	     46220	80009908	21e428d3	fsgnjx.s	f17,f8,f30	  f8:0x80000000 f30:0x00000000 f17=0x80000000
     462245.000 ns	     46223	8000990c	03a0fa33	remu	x20,x1,x26	  x1:0xaaa84e4e x26:0x00000000 x20=0xaaa84e4e
     462275.000 ns	     46226	80009910	e00e9053	fclass.s	x0,f29	 f29:0x00000000
     462325.000 ns	     46231	80009914	08fc3253	fsub.s	f4,f24,f15	 f24:0xc49e4000 f15:0x00000000  f4=0xc49e4000
     462355.000 ns	     46234	80009918	d001f053	fcvt.s.w	f0,x3	  x3:0x00000e7c  f0=0x4567c000
     462405.000 ns	     46239	8000991c	0954a6d3	fsub.s	f13,f9,f21	  f9:0x00000000 f21:0xc49e4000 f13=0x449e4000
     462435.000 ns	     46242	80009920	a17c1dd3	flt.s	x27,f24,f23	 f24:0xc49e4000 f23:0x80000000 x27=0x00000001
     462475.000 ns	     46246	80009924	11930853	fmul.s	f16,f6,f25	  f6:0x80041024 f25:0x49c3a620 f16=0x8846bb99
     462505.000 ns	     46249	80009928	02cd2db3	mulhsu	x27,x26,x12	 x26:0x00000000 x12:0x80000000 x27=0x00000000
     462545.000 ns	     46253	8000992c	113327d3	fmul.s	f15,f6,f19	  f6:0x80041024 f19:0x80000000 f15=0x00000000
     462575.000 ns	     46256	80009930	c00f0253	fcvt.w.s	x4,f30	 f30:0x00000000  x4=0x00000000
     462595.000 ns	     46258	80009934	00274933	xor	x18,x14,x2	 x14:0x80040fe4  x2:0x00000001 x18=0x80040fe5
     462605.000 ns	     46259	80009938	824fa393	slti	x7,x31,-2012	 x31:0xb63ef86c  x7=0x00000001
     462615.000 ns	     46260	8000993c	0f844d93	xori	x27,x8,248	  x8:0x00000001 x27=0x000000f9
     462635.000 ns	     46262	80009940	28b192d3	fmax.s	f5,f3,f11	  f3:0x00000000 f11:0x4f7fffff  f5=0x4f7fffff
     462655.000 ns	     46264	80009944	c989af13	slti	x30,x19,-872	 x19:0x00000000 x30=0x00000000
     462675.000 ns	     46266	80009948	d016fb53	fcvt.s.wu	f22,x13	 x13:0xffffe309 f22=0x4f7fffe3
     462705.000 ns	     46269	8000994c	f00304d3	fmv.w.x	f9,x6	  x6:0x00000001  f9=0x00000001
     462735.000 ns	     46272	80009950	a1ee97d3	flt.s	x15,f29,f30	 f29:0x00000000 f30:0x00000000 x15=0x00000000
     462755.000 ns	     46274	80009954	9ee4b493	sltiu	x9,x9,-1554	  x9:0x0000056d  x9=0x00000001
     462775.000 ns	     46276	80009958	219e23d3	fsgnjx.s	f7,f28,f25	 f28:0xc49e4000 f25:0x49c3a620  f7=0xc49e4000
     462795.000 ns	     46278	8000995c	01141893	slli	x17,x8,0x11	  x8:0x00000001 x17=0x00020000
     462805.000 ns	     46279	80009960	55d57413	andi	x8,x10,1373	 x10:0x00000000  x8=0x00000000
     462825.000 ns	     46281	80009964	28f89853	fmax.s	f16,f17,f15	 f17:0x80000000 f15:0x00000000 f16=0x00000000
     462875.000 ns	     46286	80009968	016f78d3	fadd.s	f17,f30,f22	 f30:0x00000000 f22:0x4f7fffe3 f17=0x4f7fffe3
     462895.000 ns	     46288	8000996c	4c918913	addi	x18,x3,1225	  x3:0x00000e7c x18=0x00001345
     462905.000 ns	     46289	80009970	01b38cb3	add	x25,x7,x27	  x7:0x00000001 x27:0x000000f9 x25=0x000000fa
     462945.000 ns	     46293	80009974	08bcfc53	fsub.s	f24,f25,f11	 f25:0x49c3a620 f11:0x4f7fffff f24=0xcf7fe78a
     463315.000 ns	     46330	80009978	03f97233	remu	x4,x18,x31	 x18:0x00001345 x31:0xb63ef86c  x4=0x00001345
     463345.000 ns	     46333	8000997c	20680a53	fsgnj.s	f20,f16,f6	 f16:0x00000000  f6:0x80041024 f20=0x80000000
     463395.000 ns	     46338	80009980	01a82853	fadd.s	f16,f16,f26	 f16:0x00000000 f26:0x00000000 f16=0x00000000
     463415.000 ns	     46340	80009984	00000013	addi	x0,x0,0	  x0:0x00000000
     463435.000 ns	     46342	80009988	c0077d53	fcvt.w.s	x26,f14	 f14:0x7f800000 x26=0x7fffffff
     463455.000 ns	     46344	8000998c	010613b3	sll	x7,x12,x16	 x12:0x80000000 x16:0x00000001  x7=0x00000000
     463475.000 ns	     46346	80009990	02c28033	mul	x0,x5,x12	  x5:0x80041024 x12:0x80000000
     463505.000 ns	     46349	80009994	a09215d3	flt.s	x11,f4,f9	  f4:0xc49e4000  f9:0x00000001 x11=0x00000001
     463525.000 ns	     46351	80009998	00cf5a13	srli	x20,x30,0xc	 x30:0x00000000 x20=0x00000000
     463885.000 ns	     46387	8000999c	02dc7833	remu	x16,x24,x13	 x24:0x0000056c x13:0xffffe309 x16=0x0000056c
     463905.000 ns	     46389	800099a0	00000013	addi	x0,x0,0	  x0:0x00000000
     464265.000 ns	     46425	800099a4	02e8ecb3	rem	x25,x17,x14	 x17:0x00020000 x14:0x80040fe4 x25=0x00020000
     464285.000 ns	     46427	800099a8	01e44c33	xor	x24,x8,x30	  x8:0x00000000 x30:0x00000000 x24=0x00000000
     464305.000 ns	     46429	800099ac	a0669cd3	flt.s	x25,f13,f6	 f13:0x449e4000  f6:0x80041024 x25=0x00000000
     464675.000 ns	     46466	800099b0	02c35633	divu	x12,x6,x12	  x6:0x00000001 x12:0x80000000 x12=0x00000000
     464695.000 ns	     46468	800099b4	3b428f13	addi	x30,x5,948	  x5:0x80041024 x30=0x800413d8
     464725.000 ns	     46471	800099b8	580123d3	fsqrt.s	f7,f2	  f2:0xc51e4000  f7=0x7fc00000
     464745.000 ns	     46473	800099bc	cb577c13	andi	x24,x14,-843	 x14:0x80040fe4 x24=0x80040ca4
     464765.000 ns	     46475	800099c0	219d96d3	fsgnjn.s	f13,f27,f25	 f27:0xc49e4000 f25:0x49c3a620 f13=0xc49e4000
     465135.000 ns	     46512	800099c4	03bdceb3	div	x29,x27,x27	 x27:0x000000f9 x27:0x000000f9 x29=0x00000001
     465155.000 ns	     46514	800099c8	0139ae33	slt	x28,x19,x19	 x19:0x00000000 x19:0x00000000 x28=0x00000000
     465185.000 ns	     46517	800099cc	580efcd3	fsqrt.s	f25,f29	 f29:0x00000000 f25=0x00000000
     465555.000 ns	     46554	800099d0	03757233	remu	x4,x10,x23	 x10:0x00000000 x23:0x00000001  x4=0x00000000
     465925.000 ns	     46591	800099d4	03d76ab3	rem	x21,x14,x29	 x14:0x80040fe4 x29:0x00000001 x21=0x00000000
     465955.000 ns	     46594	800099d8	a0bb1c53	flt.s	x24,f22,f11	 f22:0x4f7fffe3 f11:0x4f7fffff x24=0x00000001
     465985.000 ns	     46597	800099dc	f0038fd3	fmv.w.x	f31,x7	  x7:0x00000000 f31=0x00000000
     466015.000 ns	     46600	800099e0	02dc1433	mulh	x8,x24,x13	 x24:0x00000001 x13:0xffffe309  x8=0xffffffff
     466035.000 ns	     46602	800099e4	018757b3	srl	x15,x14,x24	 x14:0x80040fe4 x24:0x00000001 x15=0x400207f2
     466045.000 ns	     46603	800099e8	01e05a13	srli	x20,x0,0x1e	  x0:0x00000000 x20=0x00000000
     466055.000 ns	     46604	800099ec	01fa4a33	xor	x20,x20,x31	 x20:0x00000000 x31:0xb63ef86c x20=0xb63ef86c
     466075.000 ns	     46606	800099f0	02ceac33	mulhsu	x24,x29,x12	 x29:0x00000001 x12:0x00000000 x24=0x00000000
     466095.000 ns	     46608	800099f4	018fecb3	or	x25,x31,x24	 x31:0xb63ef86c x24:0x00000001 x25=0xb63ef86c
     466115.000 ns	     46610	800099f8	e0029853	fclass.s	x16,f5	  f5:0x4f7fffff x16=0x00000040
     466135.000 ns	     46612	800099fc	41148a33	sub	x20,x9,x17	  x9:0x00000001 x17:0x00020000 x20=0xfffe0001
     466155.000 ns	     46614	80009a00	21999f53	fsgnjn.s	f30,f19,f25	 f19:0x80000000 f25:0x00000000 f30=0x80000000
     466185.000 ns	     46617	80009a04	f0078ed3	fmv.w.x	f29,x15	 x15:0x400207f2 f29=0x400207f2
     466555.000 ns	     46654	80009a08	031d66b3	rem	x13,x26,x17	 x26:0x7fffffff x17:0x00020000 x13=0x0001ffff
     466585.000 ns	     46657	80009a0c	d0117d53	fcvt.s.wu	f26,x2	  x2:0x00000001 f26=0x3f800000
     466605.000 ns	     46659	80009a10	4077d7b3	sra	x15,x15,x7	 x15:0x400207f2  x7:0x00000000 x15=0x400207f2
     466625.000 ns	     46661	80009a14	21d48953	fsgnj.s	f18,f9,f29	  f9:0x00000001 f29:0x400207f2 f18=0x00000001
     466645.000 ns	     46663	80009a18	edb28f93	addi	x31,x5,-293	  x5:0x80041024 x31=0x80040eff
     467005.000 ns	     46699	80009a1c	03d1c633	div	x12,x3,x29	  x3:0x00000e7c x29:0x00000001 x12=0x00000e7c
     467025.000 ns	     46701	80009a20	a5950393	addi	x7,x10,-1447	 x10:0x00000000  x7=0xfffffa59
     467035.000 ns	     46702	80009a24	0007fa33	and	x20,x15,x0	 x15:0x400207f2  x0:0x00000000 x20=0x00000000
     467045.000 ns	     46703	80009a28	01132bb3	slt	x23,x6,x17	  x6:0x00000001 x17:0x00020000 x23=0x00000001
     467055.000 ns	     46704	80009a2c	40010113	addi	x2,x2,1024	  x2:0x00000001  x2=0x00000401
     467065.000 ns	     46705	80009a30	eca3c493	xori	x9,x7,-310	  x7:0xfffffa59  x9=0x00000493
     467095.000 ns	     46708	80009a34	10ca94d3	fmul.s	f9,f21,f12	 f21:0xc49e4000 f12:0xdee387ea  f9=0x640ca6c4
     467135.000 ns	     46712	80009a38	18d87b53	fdiv.s	f22,f16,f13	 f16:0x00000000 f13:0xc49e4000 f22=0x80000000
     467165.000 ns	     46715	80009a3c	299c8253	fmin.s	f4,f25,f25	 f25:0x00000000 f25:0x00000000  f4=0x00000000
     467185.000 ns	     46717	80009a40	71b8c193	xori	x3,x17,1819	 x17:0x00020000  x3=0x0002071b
     467195.000 ns	     46718	80009a44	53486013	ori	x0,x16,1332	 x16:0x00000040
     467205.000 ns	     46719	80009a48	00b4bf33	sltu	x30,x9,x11	  x9:0x00000493 x11:0x00000001 x30=0x00000000
     467225.000 ns	     46721	80009a4c	d01ffbd3	fcvt.s.wu	f23,x31	 x31:0x80040eff f23=0x4f00040e
     467275.000 ns	     46726	80009a50	00bc13d3	fadd.s	f7,f24,f11	 f24:0xcf7fe78a f11:0x4f7fffff  f7=0x49c3a800
     467305.000 ns	     46729	80009a54	205e8cd3	fsgnj.s	f25,f29,f5	 f29:0x400207f2  f5:0x4f7fffff f25=0x400207f2
     467675.000 ns	     46766	80009a58	0322c7b3	div	x15,x5,x18	  x5:0x80041024 x18:0x00001345 x15=0xfff95bb4
     467695.000 ns	     46768	80009a5c	e9cc6937	lui	x18,0xe9cc6	 x18=0xe9cc6000
     467705.000 ns	     46769	80009a60	01932e33	slt	x28,x6,x25	  x6:0x00000001 x25:0xb63ef86c x28=0x00000000
     467715.000 ns	     46770	80009a64	0080a833	slt	x16,x1,x8	  x1:0xaaa84e4e  x8:0xffffffff x16=0x00000001
     467735.000 ns	     46772	80009a68	c00a1253	fcvt.w.s	x4,f20	 f20:0x80000000  x4=0x00000000
     467765.000 ns	     46775	80009a6c	20f08ad3	fsgnj.s	f21,f1,f15	  f1:0xc49e4000 f15:0x00000000 f21=0x449e4000
     467785.000 ns	     46777	80009a70	00269d33	sll	x26,x13,x2	 x13:0x0001ffff  x2:0x00000401 x26=0x0003fffe
     467795.000 ns	     46778	80009a74	01841e93	slli	x29,x8,0x18	  x8:0xffffffff x29=0xff000000
     468155.000 ns	     46814	80009a78	03d5d8b3	divu	x17,x11,x29	 x11:0x00000001 x29:0x00000001 x17=0x00000000
     468185.000 ns	     46817	80009a7c	f00801d3	fmv.w.x	f3,x16	 x16:0x00000001  f3=0x00000001
     468205.000 ns	     46819	80009a80	40fc5333	sra	x6,x24,x15	 x24:0x00000000 x15:0xfff95bb4  x6=0x00000000
     468565.000 ns	     46855	80009a84	025d7533	remu	x10,x26,x5	 x26:0x0003fffe  x5:0x80041024 x10=0x0003fffe
     468595.000 ns	     46858	80009a88	a1be2153	feq.s	x2,f28,f27	 f28:0xc49e4000 f27:0xc49e4000  x2=0x00000001
     468625.000 ns	     46861	80009a8c	216d06d3	fsgnj.s	f13,f26,f22	 f26:0x3f800000 f22:0x80000000 f13=0xbf800000
     468665.000 ns	     46865	80009a90	191475d3	fdiv.s	f11,f8,f17	  f8:0x80000000 f17:0x4f7fffe3 f11=0x80000000
     468695.000 ns	     46868	80009a94	0250a4b3	mulhsu	x9,x1,x5	  x1:0xaaa84e4e  x5:0x80041024  x9=0xd552cc66
     468715.000 ns	     46870	80009a98	f9667f13	andi	x30,x12,-106	 x12:0x00000e7c x30=0x00000e14
     468725.000 ns	     46871	80009a9c	01f52333	slt	x6,x10,x31	 x10:0x0003fffe x31:0x80040eff  x6=0x00000000
     469085.000 ns	     46907	80009aa0	0255e5b3	rem	x11,x11,x5	 x11:0x00000001  x5:0x80041024 x11=0x00000001
     469105.000 ns	     46909	80009aa4	00000013	addi	x0,x0,0	  x0:0x00000000
     469125.000 ns	     46911	80009aa8	a028af53	feq.s	x30,f17,f2	 f17:0x4f7fffe3  f2:0xc51e4000 x30=0x00000000
     469145.000 ns	     46913	80009aac	00543133	sltu	x2,x8,x5	  x8:0xffffffff  x5:0x80041024  x2=0x00000000
     469165.000 ns	     46915	80009ab0	03738133	mul	x2,x7,x23	  x7:0xfffffa59 x23:0x00000001  x2=0xfffffa59
     469195.000 ns	     46918	80009ab4	a17580d3	fle.s	x1,f11,f23	 f11:0x80000000 f23:0x4f00040e  x1=0x00000001
     469215.000 ns	     46920	80009ab8	d714ef93	ori	x31,x9,-655	  x9:0xd552cc66 x31=0xfffffd77
     469225.000 ns	     46921	80009abc	00b6f7b3	and	x15,x13,x11	 x13:0x0001ffff x11:0x00000001 x15=0x00000001
     469235.000 ns	     46922	80009ac0	40b5d813	srai	x16,x11,0xb	 x11:0x00000001 x16=0x00000000
     469275.000 ns	     46926	80009ac4	0059f053	fadd.s	f0,f19,f5	 f19:0x80000000  f5:0x4f7fffff  f0=0x4f7fffff
     469295.000 ns	     46928	80009ac8	0157de33	srl	x28,x15,x21	 x15:0x00000001 x21:0x00000000 x28=0x00000001
     469315.000 ns	     46930	80009acc	217d0953	fsgnj.s	f18,f26,f23	 f26:0x3f800000 f23:0x4f00040e f18=0x3f800000
     469335.000 ns	     46932	80009ad0	4146d313	srai	x6,x13,0x14	 x13:0x0001ffff  x6=0x00000000
     469355.000 ns	     46934	80009ad4	d01630d3	fcvt.s.wu	f1,x12	 x12:0x00000e7c  f1=0x4567c000
     469375.000 ns	     46936	80009ad8	447d0993	addi	x19,x26,1095	 x26:0x0003fffe x19=0x00040445
     469395.000 ns	     46938	80009adc	a0bea853	feq.s	x16,f29,f11	 f29:0x400207f2 f11:0x80000000 x16=0x00000000
     469415.000 ns	     46940	80009ae0	418dd9b3	sra	x19,x27,x24	 x27:0x000000f9 x24:0x00000000 x19=0x000000f9
     469435.000 ns	     46942	80009ae4	a0181cd3	flt.s	x25,f16,f1	 f16:0x00000000  f1:0x4567c000 x25=0x00000001
     469485.000 ns	     46947	80009ae8	00422353	fadd.s	f6,f4,f4	  f4:0x00000000  f4:0x00000000  f6=0x00000000
     469505.000 ns	     46949	80009aec	01065d13	srli	x26,x12,0x10	 x12:0x00000e7c x26=0x00000000
     469525.000 ns	     46951	80009af0	281d8853	fmin.s	f16,f27,f1	 f27:0xc49e4000  f1:0x4567c000 f16=0xc49e4000
     469545.000 ns	     46953	80009af4	0003e5b3	or	x11,x7,x0	  x7:0xfffffa59  x0:0x00000000 x11=0xfffffa59
     469555.000 ns	     46954	80009af8	00000013	addi	x0,x0,0	  x0:0x00000000
     469565.000 ns	     46955	80009afc	4077da13	srai	x20,x15,0x7	 x15:0x00000001 x20=0x00000000
     469575.000 ns	     46956	80009b00	00a2d633	srl	x12,x5,x10	  x5:0x80041024 x10:0x0003fffe x12=0x00000002
     469595.000 ns	     46958	80009b04	292582d3	fmin.s	f5,f11,f18	 f11:0x80000000 f18:0x3f800000  f5=0x80000000
     469625.000 ns	     46961	80009b08	0269c0b3	div	x1,x19,x6	 x19:0x000000f9  x6:0x00000000  x1=0xffffffff
     469655.000 ns	     46964	80009b0c	a08127d3	feq.s	x15,f2,f8	  f2:0xc51e4000  f8:0x80000000 x15=0x00000000
     469675.000 ns	     46966	80009b10	80ceed13	ori	x26,x29,-2036	 x29:0xff000000 x26=0xfffff80c
     469695.000 ns	     46968	80009b14	e00a1253	fclass.s	x4,f20	 f20:0x80000000  x4=0x00000008
     469725.000 ns	     46971	80009b18	03e629b3	mulhsu	x19,x12,x30	 x12:0x00000002 x30:0x00000000 x19=0x00000000
     470095.000 ns	     47008	80009b1c	03b67533	remu	x10,x12,x27	 x12:0x00000002 x27:0x000000f9 x10=0x00000002
     470465.000 ns	     47045	80009b20	032b6f33	rem	x30,x22,x18	 x22:0xaaa84e4e x18:0xe9cc6000 x30=0xed432e4e
     470495.000 ns	     47048	80009b24	f0058a53	fmv.w.x	f20,x11	 x11:0xfffffa59 f20=0xfffffa59
     470525.000 ns	     47051	80009b28	c01c28d3	fcvt.wu.s	x17,f24	 f24:0xcf7fe78a x17=0xffe78a00
     470545.000 ns	     47053	80009b2c	fe9bfc93	andi	x25,x23,-23	 x23:0x00000001 x25=0x00000001
     470565.000 ns	     47055	80009b30	e00985d3	fmv.x.w	x11,f19	 f19:0x80000000 x11=0x80000000
     470595.000 ns	     47058	80009b34	20302953	fsgnjx.s	f18,f0,f3	  f0:0x4f7fffff  f3:0x00000001 f18=0x4f7fffff
     470615.000 ns	     47060	80009b38	40745213	srai	x4,x8,0x7	  x8:0xffffffff  x4=0xffffffff
     470975.000 ns	     47096	80009b3c	0366c933	div	x18,x13,x22	 x13:0x0001ffff x22:0xaaa84e4e x18=0x00000000
     470995.000 ns	     47098	80009b40	50117593	andi	x11,x2,1281	  x2:0xfffffa59 x11=0x00000001
     471005.000 ns	     47099	80009b44	69573313	sltiu	x6,x14,1685	 x14:0x80040fe4  x6=0x00000000
     471025.000 ns	     47101	80009b48	a0ab9153	flt.s	x2,f23,f10	 f23:0x4f00040e f10:0x7fc00000  x2=0x00000000
     471055.000 ns	     47104	80009b4c	20e809d3	fsgnj.s	f19,f16,f14	 f16:0xc49e4000 f14:0x7f800000 f19=0x449e4000
     471085.000 ns	     47107	80009b50	e0021f53	fclass.s	x30,f4	  f4:0x00000000 x30=0x00000010
     471105.000 ns	     47109	80009b54	3afaed13	ori	x26,x21,943	 x21:0x00000000 x26=0x000003af
     471125.000 ns	     47111	80009b58	20002553	fsgnjx.s	f10,f0,f0	  f0:0x4f7fffff  f0:0x4f7fffff f10=0x4f7fffff
     471155.000 ns	     47114	80009b5c	21c40753	fsgnj.s	f14,f8,f28	  f8:0x80000000 f28:0xc49e4000 f14=0x80000000
     471185.000 ns	     47117	80009b60	29a79f53	fmax.s	f30,f15,f26	 f15:0x00000000 f26:0x3f800000 f30=0x3f800000
     471555.000 ns	     47154	80009b64	0319e1b3	rem	x3,x19,x17	 x19:0x00000000 x17:0xffe78a00  x3=0x00000000
     471575.000 ns	     47156	80009b68	01a3bd33	sltu	x26,x7,x26	  x7:0xfffffa59 x26:0x000003af x26=0x00000000
     471585.000 ns	     47157	80009b6c	00bad913	srli	x18,x21,0xb	 x21:0x00000000 x18=0x00000000
     471595.000 ns	     47158	80009b70	00313633	sltu	x12,x2,x3	  x2:0x00000000  x3:0x00000000 x12=0x00000000
     471615.000 ns	     47160	80009b74	d0057dd3	fcvt.s.w	f27,x10	 x10:0x00000002 f27=0x40000000
     471635.000 ns	     47162	80009b78	41de5013	srai	x0,x28,0x1d	 x28:0x00000001
     471645.000 ns	     47163	80009b7c	d9514613	xori	x12,x2,-619	  x2:0x00000000 x12=0xfffffd95
     471665.000 ns	     47165	80009b80	d007b853	fcvt.s.w	f16,x15	 x15:0x00000000 f16=0x00000000
     471695.000 ns	     47168	80009b84	023587b3	mul	x15,x11,x3	 x11:0x00000001  x3:0x00000000 x15=0x00000000
     471715.000 ns	     47170	80009b88	01b93833	sltu	x16,x18,x27	 x18:0x00000000 x27:0x000000f9 x16=0x00000001
     471725.000 ns	     47171	80009b8c	013dd513	srli	x10,x27,0x13	 x27:0x000000f9 x10=0x00000000
     471765.000 ns	     47175	80009b90	098b0ed3	fsub.s	f29,f22,f24	 f22:0x80000000 f24:0xcf7fe78a f29=0x4f7fe78a
     471785.000 ns	     47177	80009b94	409e00b3	sub	x1,x28,x9	 x28:0x00000001  x9:0xd552cc66  x1=0x2aad339b
     471805.000 ns	     47179	80009b98	a1ef9153	flt.s	x2,f31,f30	 f31:0x00000000 f30:0x3f800000  x2=0x00000001
     471835.000 ns	     47182	80009b9c	a1ec1453	flt.s	x8,f24,f30	 f24:0xcf7fe78a f30:0x3f800000  x8=0x00000001
     471855.000 ns	     47184	80009ba0	182ecb93	xori	x23,x29,386	 x29:0xff000000 x23=0xff000182
     471865.000 ns	     47185	80009ba4	6220eb93	ori	x23,x1,1570	  x1:0x2aad339b x23=0x2aad37bb
     471875.000 ns	     47186	80009ba8	00021493	slli	x9,x4,0x0	  x4:0xffffffff  x9=0xffffffff
     471895.000 ns	     47188	80009bac	c0192dd3	fcvt.wu.s	x27,f18	 f18:0x4f7fffff x27=0xffffff00
     471925.000 ns	     47191	80009bb0	e00509d3	fmv.x.w	x19,f10	 f10:0x4f7fffff x19=0x4f7fffff
     472295.000 ns	     47228	80009bb4	02c47c33	remu	x24,x8,x12	  x8:0x00000001 x12:0xfffffd95 x24=0x00000001
     472325.000 ns	     47231	80009bb8	c00bbed3	fcvt.w.s	x29,f23	 f23:0x4f00040e x29=0x7fffffff
     472355.000 ns	     47234	80009bbc	29269fd3	fmax.s	f31,f13,f18	 f13:0xbf800000 f18:0x4f7fffff f31=0x4f7fffff
     472385.000 ns	     47237	80009bc0	20c21553	fsgnjn.s	f10,f4,f12	  f4:0x00000000 f12:0xdee387ea f10=0x00000000
     472405.000 ns	     47239	80009bc4	407e0e33	sub	x28,x28,x7	 x28:0x00000001  x7:0xfffffa59 x28=0x000005a8
     472425.000 ns	     47241	80009bc8	d008fc53	fcvt.s.w	f24,x17	 x17:0xffe78a00 f24=0xc9c3b000
     472455.000 ns	     47244	80009bcc	a04c0c53	fle.s	x24,f24,f4	 f24:0xcf7fe78a  f4:0x00000000 x24=0x00000001
     472825.000 ns	     47281	80009bd0	0384fcb3	remu	x25,x9,x24	  x9:0xffffffff x24:0x00000001 x25=0x00000000
     472855.000 ns	     47284	80009bd4	c00dfc53	fcvt.w.s	x24,f27	 f27:0x40000000 x24=0x00000002
     472885.000 ns	     47287	80009bd8	e00b0c53	fmv.x.w	x24,f22	 f22:0x80000000 x24=0x80000000
     472905.000 ns	     47289	80009bdc	000f44b3	xor	x9,x30,x0	 x30:0x00000010  x0:0x00000000  x9=0x00000010
     472925.000 ns	     47291	80009be0	29650a53	fmin.s	f20,f10,f22	 f10:0x00000000 f22:0x80000000 f20=0x80000000
     472955.000 ns	     47294	80009be4	030abc33	mulhu	x24,x21,x16	 x21:0x00000000 x16:0x00000001 x24=0x00000000
     472975.000 ns	     47296	80009be8	41c38833	sub	x16,x7,x28	  x7:0xfffffa59 x28:0x000005a8 x16=0xfffff4b1
     472985.000 ns	     47297	80009bec	0070ad33	slt	x26,x1,x7	  x1:0x2aad339b  x7:0xfffffa59 x26=0x00000000
     473005.000 ns	     47299	80009bf0	02e934b3	mulhu	x9,x18,x14	 x18:0x00000000 x14:0x80040fe4  x9=0x00000000
     473035.000 ns	     47302	80009bf4	d0194453	fcvt.s.wu	f8,x18	 x18:0x00000000  f8=0x00000000
     473055.000 ns	     47304	80009bf8	27f4c213	xori	x4,x9,639	  x9:0x00000000  x4=0x0000027f
     473075.000 ns	     47306	80009bfc	a03a93d3	flt.s	x7,f21,f3	 f21:0x449e4000  f3:0x00000001  x7=0x00000000
     473105.000 ns	     47309	80009c00	286b0353	fmin.s	f6,f22,f6	 f22:0x80000000  f6:0x00000000  f6=0x80000000
     473135.000 ns	     47312	80009c04	28291ed3	fmax.s	f29,f18,f2	 f18:0x4f7fffff  f2:0xc51e4000 f29=0x4f7fffff
     473165.000 ns	     47315	80009c08	e00f8c53	fmv.x.w	x24,f31	 f31:0x4f7fffff x24=0x4f7fffff
     474345.000 ns	     47433	80009c0c	5808f6d3	fsqrt.s	f13,f17	 f17:0x4f7fffe3 f13=0x4735044f
     474395.000 ns	     47438	80009c10	09d77853	fsub.s	f16,f14,f29	 f14:0x80000000 f29:0x4f7fffff f16=0xcf7fffff
     474425.000 ns	     47441	80009c14	a0a080d3	fle.s	x1,f1,f10	  f1:0x4567c000 f10:0x00000000  x1=0x00000000
     474475.000 ns	     47446	80009c18	09337dd3	fsub.s	f27,f6,f19	  f6:0x80000000 f19:0x449e4000 f27=0xc49e4000
     474495.000 ns	     47448	80009c1c	a2392a93	slti	x21,x18,-1501	 x18:0x00000000 x21=0x00000000
     474505.000 ns	     47449	80009c20	6a524613	xori	x12,x4,1701	  x4:0x0000027f x12=0x000004da
     474515.000 ns	     47450	80009c24	00000013	addi	x0,x0,0	  x0:0x00000000
     474535.000 ns	     47452	80009c28	030b19b3	mulh	x19,x22,x16	 x22:0xaaa84e4e x16:0xfffff4b1 x19=0x000003c5
     474565.000 ns	     47455	80009c2c	29099453	fmax.s	f8,f19,f16	 f19:0x449e4000 f16:0xcf7fffff  f8=0x449e4000
     474585.000 ns	     47457	80009c30	00014e33	xor	x28,x2,x0	  x2:0x00000001  x0:0x00000000 x28=0x00000001
     474605.000 ns	     47459	80009c34	c0001f53	fcvt.w.s	x30,f0	  f0:0x4f7fffff x30=0x7fffffff
     474625.000 ns	     47461	80009c38	40328eb3	sub	x29,x5,x3	  x5:0x80041024  x3:0x00000000 x29=0x80041024
     474635.000 ns	     47462	80009c3c	4030fa93	andi	x21,x1,1027	  x1:0x00000000 x21=0x00000000
     474655.000 ns	     47464	80009c40	c0061cd3	fcvt.w.s	x25,f12	 f12:0xdee387ea x25=0x80000000
     474675.000 ns	     47466	80009c44	41db5313	srai	x6,x22,0x1d	 x22:0xaaa84e4e  x6=0xfffffffd
     474695.000 ns	     47468	80009c48	a0868253	fle.s	x4,f13,f8	 f13:0x4735044f  f8:0x449e4000  x4=0x00000000
     474725.000 ns	     47471	80009c4c	03ba81b3	mul	x3,x21,x27	 x21:0x00000000 x27:0xffffff00  x3=0x00000000
     474745.000 ns	     47473	80009c50	00be43b3	xor	x7,x28,x11	 x28:0x00000001 x11:0x00000001  x7=0x00000000
     474765.000 ns	     47475	80009c54	02a2fc33	remu	x24,x5,x10	  x5:0x80041024 x10:0x00000000 x24=0x80041024
     474785.000 ns	     47477	80009c58	013bdab3	srl	x21,x23,x19	 x23:0x2aad37bb x19:0x000003c5 x21=0x015569bd
     474795.000 ns	     47478	80009c5c	afd14e13	xori	x28,x2,-1283	  x2:0x00000001 x28=0xfffffafc
     474815.000 ns	     47480	80009c60	f00d81d3	fmv.w.x	f3,x27	 x27:0xffffff00  f3=0xffffff00
     474835.000 ns	     47482	80009c64	015eda33	srl	x20,x29,x21	 x29:0x80041024 x21:0x015569bd x20=0x00000004
     474845.000 ns	     47483	80009c68	01acc433	xor	x8,x25,x26	 x25:0x80000000 x26:0x00000000  x8=0x80000000
     474885.000 ns	     47487	80009c6c	002ef253	fadd.s	f4,f29,f2	 f29:0x4f7fffff  f2:0xc51e4000  f4=0x4f7ffff5
     474915.000 ns	     47490	80009c70	29b59a53	fmax.s	f20,f11,f27	 f11:0x80000000 f27:0xc49e4000 f20=0x80000000
     474935.000 ns	     47492	80009c74	00119213	slli	x4,x3,0x1	  x3:0x00000000  x4=0x00000000
     474945.000 ns	     47493	80009c78	015a5193	srli	x3,x20,0x15	 x20:0x00000004  x3=0x00000000
     474965.000 ns	     47495	80009c7c	026bbe33	mulhu	x28,x23,x6	 x23:0x2aad37bb  x6:0xfffffffd x28=0x2aad37ba
     474995.000 ns	     47498	80009c80	d00724d3	fcvt.s.w	f9,x14	 x14:0x80040fe4  f9=0xcefff7e1
     475015.000 ns	     47500	80009c84	00000013	addi	x0,x0,0	  x0:0x00000000
     475025.000 ns	     47501	80009c88	22c65137	lui	x2,0x22c65	  x2=0x22c65000
     475065.000 ns	     47505	80009c8c	099d8953	fsub.s	f18,f27,f25	 f27:0xc49e4000 f25:0x400207f2 f18=0xc49e8104
     475095.000 ns	     47508	80009c90	20538d53	fsgnj.s	f26,f7,f5	  f7:0x49c3a800  f5:0x80000000 f26=0xc9c3a800
     475135.000 ns	     47512	80009c94	108428d3	fmul.s	f17,f8,f8	  f8:0x449e4000  f8:0x449e4000 f17=0x49c3a620
     475475.000 ns	     47546	80009c98	18848453	fdiv.s	f8,f9,f8	  f9:0xcefff7e1  f8:0x449e4000  f8=0xc9dca44e
     475505.000 ns	     47549	80009c9c	e00d83d3	fmv.x.w	x7,f27	 f27:0xc49e4000  x7=0xc49e4000
     475535.000 ns	     47552	80009ca0	d00f2153	fcvt.s.w	f2,x30	 x30:0x7fffffff  f2=0x4f000000
     475565.000 ns	     47555	80009ca4	21589b53	fsgnjn.s	f22,f17,f21	 f17:0x49c3a620 f21:0x449e4000 f22=0xc9c3a620
     475585.000 ns	     47557	80009ca8	007219b3	sll	x19,x4,x7	  x4:0x00000000  x7:0xc49e4000 x19=0x00000000
     475595.000 ns	     47558	80009cac	00e9d7b3	srl	x15,x19,x14	 x19:0x000003c5 x14:0x80040fe4 x15=0x00000000
     475615.000 ns	     47560	80009cb0	02d5b1b3	mulhu	x3,x11,x13	 x11:0x00000001 x13:0x0001ffff  x3=0x00000000
     475635.000 ns	     47562	80009cb4	27776693	ori	x13,x14,631	 x14:0x80040fe4 x13=0x80040ff7
     475645.000 ns	     47563	80009cb8	35bc1a97	auipc	x21,0x35bc1	 x21=0xb5bcacb8
     475665.000 ns	     47565	80009cbc	f0078f53	fmv.w.x	f30,x15	 x15:0x00000000 f30=0x00000000
     475695.000 ns	     47568	80009cc0	21f3a6d3	fsgnjx.s	f13,f7,f31	  f7:0x49c3a800 f31:0x4f7fffff f13=0x49c3a800
     475715.000 ns	     47570	80009cc4	01b043b3	xor	x7,x0,x27	  x0:0x00000000 x27:0xffffff00  x7=0xffffff00
     475735.000 ns	     47572	80009cc8	02f161b3	rem	x3,x2,x15	  x2:0x22c65000 x15:0x00000000  x3=0x22c65000
     475765.000 ns	     47575	80009ccc	0321a633	mulhsu	x12,x3,x18	  x3:0x00000000 x18:0x00000000 x12=0x00000000
     475795.000 ns	     47578	80009cd0	032f2e33	mulhsu	x28,x30,x18	 x30:0x7fffffff x18:0x00000000 x28=0x00000000
     475815.000 ns	     47580	80009cd4	004c1c33	sll	x24,x24,x4	 x24:0x80041024  x4:0x00000000 x24=0x80041024
     475835.000 ns	     47582	80009cd8	e00a1853	fclass.s	x16,f20	 f20:0x80000000 x16=0x00000008
     475855.000 ns	     47584	80009cdc	00dbd593	srli	x11,x23,0xd	 x23:0x2aad37bb x11=0x00015569
     475865.000 ns	     47585	80009ce0	29720593	addi	x11,x4,663	  x4:0x00000000 x11=0x00000297
     475875.000 ns	     47586	80009ce4	0160a033	slt	x0,x1,x22	  x1:0x00000000 x22:0xaaa84e4e
     475895.000 ns	     47588	80009ce8	e00c05d3	fmv.x.w	x11,f24	 f24:0xc9c3b000 x11=0xc9c3b000
     475935.000 ns	     47592	80009cec	18f3ff53	fdiv.s	f30,f7,f15	  f7:0x49c3a800 f15:0x00000000 f30=0x7f800000
     475985.000 ns	     47597	80009cf0	089426d3	fsub.s	f13,f8,f9	  f8:0xc9dca44e  f9:0xcefff7e1 f13=0x4effc0b7
     476355.000 ns	     47634	80009cf4	03dce033	rem	x0,x25,x29	 x25:0x80000000 x29:0x80041024
     476375.000 ns	     47636	80009cf8	00deabb3	slt	x23,x29,x13	 x29:0x80041024 x13:0x80040ff7 x23=0x00000000
     476385.000 ns	     47637	80009cfc	00c163b3	or	x7,x2,x12	  x2:0x22c65000 x12:0x00000000  x7=0x22c65000
     476395.000 ns	     47638	80009d00	4ad46013	ori	x0,x8,1197	  x8:0x80000000
     476755.000 ns	     47674	80009d04	02766633	rem	x12,x12,x7	 x12:0x00000000  x7:0xffffff00 x12=0x00000000
     476775.000 ns	     47676	80009d08	01705ab3	srl	x21,x0,x23	  x0:0x00000000 x23:0x00000000 x21=0x00000000
     476795.000 ns	     47678	80009d0c	02eb1bb3	mulh	x23,x22,x14	 x22:0xaaa84e4e x14:0x80040fe4 x23=0x2aaa7e2e
     476845.000 ns	     47683	80009d10	002ffb53	fadd.s	f22,f31,f2	 f31:0x4f7fffff  f2:0x4f000000 f22=0x4fbfffff
     476875.000 ns	     47686	80009d14	02bf8033	mul	x0,x31,x11	 x31:0xfffffd77 x11:0xc9c3b000
     476915.000 ns	     47690	80009d18	580678d3	fsqrt.s	f17,f12	 f12:0xdee387ea f17=0x7fc00000
     476945.000 ns	     47693	80009d1c	a1701653	flt.s	x12,f0,f23	  f0:0x4f7fffff f23:0x4f00040e x12=0x00000000
     476975.000 ns	     47696	80009d20	02e3b833	mulhu	x16,x7,x14	  x7:0x22c65000 x14:0x80040fe4 x16=0x1163b541
     477005.000 ns	     47699	80009d24	a0ea9353	flt.s	x6,f21,f14	 f21:0x449e4000 f14:0x80000000  x6=0x00000000
     477025.000 ns	     47701	80009d28	008644b3	xor	x9,x12,x8	 x12:0x00000000  x8:0x80000000  x9=0x80000000
     477035.000 ns	     47702	80009d2c	01541813	slli	x16,x8,0x15	  x8:0x80000000 x16=0x00000000
     477055.000 ns	     47704	80009d30	030341b3	div	x3,x6,x16	  x6:0x00000000 x16:0x1163b541  x3=0xffffffff
     477085.000 ns	     47707	80009d34	f00304d3	fmv.w.x	f9,x6	  x6:0x00000000  f9=0x00000000
     477115.000 ns	     47710	80009d38	29679b53	fmax.s	f22,f15,f22	 f15:0x00000000 f22:0x4fbfffff f22=0x4fbfffff
     477145.000 ns	     47713	80009d3c	29911153	fmax.s	f2,f2,f25	  f2:0x4f000000 f25:0x400207f2  f2=0x4f000000
     477165.000 ns	     47715	80009d40	ee28c6b7	lui	x13,0xee28c	 x13=0xee28c000
     477185.000 ns	     47717	80009d44	d0162d53	fcvt.s.wu	f26,x12	 x12:0x00000000 f26=0x00000000
     477555.000 ns	     47754	80009d48	03834033	div	x0,x6,x24	  x6:0x00000000 x24:0x80041024
     477925.000 ns	     47791	80009d4c	02794933	div	x18,x18,x7	 x18:0x00000000  x7:0x22c65000 x18=0x00000000
     477975.000 ns	     47796	80009d50	09cec553	fsub.s	f10,f29,f28	 f29:0x4f7fffff f28:0xc49e4000 f10=0x4f800002
     477995.000 ns	     47798	80009d54	01bb28b3	slt	x17,x22,x27	 x22:0xaaa84e4e x27:0xffffff00 x17=0x00000001
     478015.000 ns	     47800	80009d58	f00c89d3	fmv.w.x	f19,x25	 x25:0x80000000 f19=0x80000000
     478385.000 ns	     47837	80009d5c	02bf6f33	rem	x30,x30,x11	 x30:0x7fffffff x11:0xc9c3b000 x30=0x13875fff
     478415.000 ns	     47840	80009d60	284783d3	fmin.s	f7,f15,f4	 f15:0x00000000  f4:0x4f7ffff5  f7=0x00000000
     478435.000 ns	     47842	80009d64	005297b3	sll	x15,x5,x5	  x5:0x80041024  x5:0x80041024 x15=0x00410240
     478465.000 ns	     47845	80009d68	11aaf753	fmul.s	f14,f21,f26	 f21:0x449e4000 f26:0x00000000 f14=0x00000000
     478485.000 ns	     47847	80009d6c	00e35233	srl	x4,x6,x14	  x6:0x00000000 x14:0x80040fe4  x4=0x00000000
     478505.000 ns	     47849	80009d70	a0e5a953	feq.s	x18,f11,f14	 f11:0x80000000 f14:0x00000000 x18=0x00000001
     478525.000 ns	     47851	80009d74	2e92f897	auipc	x17,0x2e92f	 x17=0xae938d74
     478555.000 ns	     47854	80009d78	58058853	fsqrt.s	f16,f11	 f11:0x80000000 f16=0x80000000
     478575.000 ns	     47856	80009d7c	f8200c37	lui	x24,0xf8200	 x24=0xf8200000
     478585.000 ns	     47857	80009d80	66933593	sltiu	x11,x6,1641	  x6:0x00000000 x11=0x00000001
     478605.000 ns	     47859	80009d84	d0129053	fcvt.s.wu	f0,x5	  x5:0x80041024  f0=0x4f000410
     478975.000 ns	     47896	80009d88	03b8ee33	rem	x28,x17,x27	 x17:0xae938d74 x27:0xffffff00 x28=0xffffff74
     479025.000 ns	     47901	80009d8c	01979053	fadd.s	f0,f15,f25	 f15:0x00000000 f25:0x400207f2  f0=0x400207f2
     479045.000 ns	     47903	80009d90	babc9fb7	lui	x31,0xbabc9	 x31=0xbabc9000
     479055.000 ns	     47904	80009d94	00708fb3	add	x31,x1,x7	  x1:0x00000000  x7:0x22c65000 x31=0x22c65000
     479065.000 ns	     47905	80009d98	00afff33	and	x30,x31,x10	 x31:0xfffffd77 x10:0x00000000 x30=0x00000000
     479085.000 ns	     47907	80009d9c	e00b9d53	fclass.s	x26,f23	 f23:0x4f00040e x26=0x00000040
     479455.000 ns	     47944	80009da0	028dd3b3	divu	x7,x27,x8	 x27:0xffffff00  x8:0x80000000  x7=0x00000001
     479825.000 ns	     47981	80009da4	0365dd33	divu	x26,x11,x22	 x11:0x00000001 x22:0xaaa84e4e x26=0x00000000
     479845.000 ns	     47983	80009da8	410ea817	auipc	x16,0x410ea	 x16=0xc10f3da8
     479865.000 ns	     47985	80009dac	29f79a53	fmax.s	f20,f15,f31	 f15:0x00000000 f31:0x4f7fffff f20=0x4f7fffff
     479905.000 ns	     47989	80009db0	18f0cc53	fdiv.s	f24,f1,f15	  f1:0x4567c000 f15:0x00000000 f24=0x7f800000
     479945.000 ns	     47993	80009db4	5805f453	fsqrt.s	f8,f11	 f11:0x80000000  f8=0x80000000
     479975.000 ns	     47996	80009db8	297315d3	fmax.s	f11,f6,f23	  f6:0x80000000 f23:0x4f00040e f11=0x4f00040e
     479995.000 ns	     47998	80009dbc	4128d0b3	sra	x1,x17,x18	 x17:0xae938d74 x18:0x00000001  x1=0xd749c6ba
     480025.000 ns	     48001	80009dc0	18b1b0d3	fdiv.s	f1,f3,f11	  f3:0xffffff00 f11:0x4f00040e  f1=0x7fc00000
     480045.000 ns	     48003	80009dc4	f4e32013	slti	x0,x6,-178	  x6:0x00000000
     480065.000 ns	     48005	80009dc8	29fa8a53	fmin.s	f20,f21,f31	 f21:0x449e4000 f31:0x4f7fffff f20=0x449e4000
     480095.000 ns	     48008	80009dcc	f00b05d3	fmv.w.x	f11,x22	 x22:0xaaa84e4e f11=0xaaa84e4e
     480115.000 ns	     48010	80009dd0	01d92c33	slt	x24,x18,x29	 x18:0x00000001 x29:0x80041024 x24=0x00000000
     480125.000 ns	     48011	80009dd4	83201837	lui	x16,0x83201	 x16=0x83201000
     480145.000 ns	     48013	80009dd8	e00d1ed3	fclass.s	x29,f26	 f26:0x00000000 x29=0x00000010
     480175.000 ns	     48016	80009ddc	03669fb3	mulh	x31,x13,x22	 x13:0xee28c000 x22:0xaaa84e4e x31=0x05f294c8
     480195.000 ns	     48018	80009de0	002e0e33	add	x28,x28,x2	 x28:0xffffff74  x2:0x22c65000 x28=0x22c64f74
     480555.000 ns	     48054	80009de4	02fad3b3	divu	x7,x21,x15	 x21:0x00000000 x15:0x00410240  x7=0x00000000
     480585.000 ns	     48057	80009de8	02a2abb3	mulhsu	x23,x5,x10	  x5:0x80041024 x10:0x00000000 x23=0x00000000
     480615.000 ns	     48060	80009dec	024074b3	remu	x9,x0,x4	  x0:0x00000000  x4:0x00000000  x9=0x00000000
     480635.000 ns	     48062	80009df0	13ad7e93	andi	x29,x26,314	 x26:0x00000000 x29=0x00000000
     481805.000 ns	     48179	80009df4	5806f4d3	fsqrt.s	f9,f13	 f13:0x4effc0b7  f9=0x4734ee4c
     481825.000 ns	     48181	80009df8	0151ba33	sltu	x20,x3,x21	  x3:0xffffffff x21:0x00000000 x20=0x00000000
     481835.000 ns	     48182	80009dfc	4143ddb3	sra	x27,x7,x20	  x7:0x00000000 x20:0x00000004 x27=0x00000000
     481845.000 ns	     48183	80009e00	22d42d13	slti	x26,x8,557	  x8:0x80000000 x26=0x00000001
     481865.000 ns	     48185	80009e04	02603fb3	mulhu	x31,x0,x6	  x0:0x00000000  x6:0x00000000 x31=0x00000000
     481885.000 ns	     48187	80009e08	d355f613	andi	x12,x11,-715	 x11:0x00000001 x12=0x00000001
     481905.000 ns	     48189	80009e0c	f00182d3	fmv.w.x	f5,x3	  x3:0xffffffff  f5=0xffffffff
     481925.000 ns	     48191	80009e10	70b60313	addi	x6,x12,1803	 x12:0x00000000  x6=0x0000070c
     481935.000 ns	     48192	80009e14	40fb04b3	sub	x9,x22,x15	 x22:0xaaa84e4e x15:0x00410240  x9=0xaa674c0e
     481945.000 ns	     48193	80009e18	b373c493	xori	x9,x7,-1225	  x7:0x00000000  x9=0xfffffb37
     481955.000 ns	     48194	80009e1c	41a601b3	sub	x3,x12,x26	 x12:0x00000001 x26:0x00000001  x3=0x00000000
     481985.000 ns	     48197	80009e20	112b13d3	fmul.s	f7,f22,f18	 f22:0x4fbfffff f18:0xc49e8104  f7=0xd4edc184
     482005.000 ns	     48199	80009e24	01968bb3	add	x23,x13,x25	 x13:0xee28c000 x25:0x80000000 x23=0x6e28c000
     482015.000 ns	     48200	80009e28	a8a0c513	xori	x10,x1,-1398	  x1:0xd749c6ba x10=0x28b63c30
     482025.000 ns	     48201	80009e2c	c69d4e93	xori	x29,x26,-919	 x26:0x00000001 x29=0xfffffc68
     482045.000 ns	     48203	80009e30	295617d3	fmax.s	f15,f12,f21	 f12:0xdee387ea f21:0x449e4000 f15=0x449e4000
     482065.000 ns	     48205	80009e34	4122ea93	ori	x21,x5,1042	  x5:0x80041024 x21=0x80041436
     482425.000 ns	     48241	80009e38	02d84033	div	x0,x16,x13	 x16:0x83201000 x13:0xee28c000
     482465.000 ns	     48245	80009e3c	102116d3	fmul.s	f13,f2,f2	  f2:0x4f000000  f2:0x4f000000 f13=0x5e800000
     482495.000 ns	     48248	80009e40	e00581d3	fmv.x.w	x3,f11	 f11:0xaaa84e4e  x3=0xaaa84e4e
     482865.000 ns	     48285	80009e44	02e5c333	div	x6,x11,x14	 x11:0x00000001 x14:0x80040fe4  x6=0x00000000
     482885.000 ns	     48287	80009e48	415cda93	srai	x21,x25,0x15	 x25:0x80000000 x21=0xfffffc00
     482905.000 ns	     48289	80009e4c	02e73533	mulhu	x10,x14,x14	 x14:0x80040fe4 x14:0x80040fe4 x10=0x40040ff4
     482925.000 ns	     48291	80009e50	00f25593	srli	x11,x4,0xf	  x4:0x00000000 x11=0x00000000
     482935.000 ns	     48292	80009e54	008b8833	add	x16,x23,x8	 x23:0x6e28c000  x8:0x80000000 x16=0xee28c000
     482945.000 ns	     48293	80009e58	01b369b3	or	x19,x6,x27	  x6:0x00000000 x27:0x00000000 x19=0x00000000
     482955.000 ns	     48294	80009e5c	0077d513	srli	x10,x15,0x7	 x15:0x00410240 x10=0x00008204
     482975.000 ns	     48296	80009e60	f00109d3	fmv.w.x	f19,x2	  x2:0x22c65000 f19=0x22c65000
     483005.000 ns	     48299	80009e64	020dea33	rem	x20,x27,x0	 x27:0x00000000  x0:0x00000000 x20=0x00000000
     483025.000 ns	     48301	80009e68	00000013	addi	x0,x0,0	  x0:0x00000000
     483045.000 ns	     48303	80009e6c	024195b3	mulh	x11,x3,x4	  x3:0xaaa84e4e  x4:0x00000000 x11=0x00000000
     483095.000 ns	     48308	80009e70	08371553	fsub.s	f10,f14,f3	 f14:0x00000000  f3:0xffffff00 f10=0x7fc00000
     483125.000 ns	     48311	80009e74	d0184753	fcvt.s.wu	f14,x16	 x16:0xee28c000 f14=0x4f6e28c0
     483155.000 ns	     48314	80009e78	e0020953	fmv.x.w	x18,f4	  f4:0x4f7ffff5 x18=0x4f7ffff5
     483175.000 ns	     48316	80009e7c	0156f5b3	and	x11,x13,x21	 x13:0xee28c000 x21:0xfffffc00 x11=0xee28c000
     483195.000 ns	     48318	80009e80	f00b0c53	fmv.w.x	f24,x22	 x22:0xaaa84e4e f24=0xaaa84e4e
     483215.000 ns	     48320	80009e84	00e158b3	srl	x17,x2,x14	  x2:0x22c65000 x14:0x80040fe4 x17=0x022c6500
     483225.000 ns	     48321	80009e88	195fbb93	sltiu	x23,x31,405	 x31:0x00000000 x23=0x00000001
     483235.000 ns	     48322	80009e8c	00b480b3	add	x1,x9,x11	  x9:0xfffffb37 x11:0xee28c000  x1=0xee28bb37
     483245.000 ns	     48323	80009e90	01a4adb3	slt	x27,x9,x26	  x9:0xfffffb37 x26:0x00000001 x27=0x00000001
     483255.000 ns	     48324	80009e94	00458cb3	add	x25,x11,x4	 x11:0xee28c000  x4:0x00000000 x25=0xee28c000
     483265.000 ns	     48325	80009e98	00504a33	xor	x20,x0,x5	  x0:0x00000000  x5:0x80041024 x20=0x80041024
     483275.000 ns	     48326	80009e9c	00000b17	auipc	x22,0x0	 x22=0x80009e9c
     483285.000 ns	     48327	80009ea0	00cb0b13	addi	x22,x22,12	 x22:0xaaa84e4e x22=0x80009ea8
     483295.000 ns	     48328	80009ea4	000b0067	jalr	x0,x22,0	 x22:0xaaa84e4e
     483345.000 ns	     48333	80009ea8	00100193	addi	x3,x0,1	  x0:0x00000000  x3=0x00000001
     483355.000 ns	     48334	80009eac	00000073	ecall	
     483365.000 ns	     48335	80009eb0	00036f17	auipc	x30,0x36	 x30=0x8003feb0
     483375.000 ns	     48336	80009eb4	143f2823	sw	x3,336(x30)	 x30:0x00000000  x3:0x00000001 PA:0xxxxxxxxx
     483395.000 ns	     48338	80009eb8	ff9ff06f	jal	x0,80009eb4	
     483445.000 ns	     48343	80009eb0	00036f17	auipc	x30,0x36	 x30=0x8003feb0
     483455.000 ns	     48344	80009eb4	143f2823	sw	x3,336(x30)	 x30:0x8003feb0  x3:0x00000001 PA:0xxxxxxxxx
     483475.000 ns	     48346	80009eb8	ff9ff06f	jal	x0,80009eb4	
     483525.000 ns	     48351	80009eb0	00036f17	auipc	x30,0x36	 x30=0x8003feb0
     483535.000 ns	     48352	80009eb4	143f2823	sw	x3,336(x30)	 x30:0x8003feb0  x3:0x00000001 PA:0xxxxxxxxx
     483555.000 ns	     48354	80009eb8	ff9ff06f	jal	x0,80009eb4	
     483605.000 ns	     48359	80009eb0	00036f17	auipc	x30,0x36	 x30=0x8003feb0
     483615.000 ns	     48360	80009eb4	143f2823	sw	x3,336(x30)	 x30:0x8003feb0  x3:0x00000001 PA:0xxxxxxxxx
     483635.000 ns	     48362	80009eb8	ff9ff06f	jal	x0,80009eb4	
     483685.000 ns	     48367	80009eb0	00036f17	auipc	x30,0x36	 x30=0x8003feb0
     483695.000 ns	     48368	80009eb4	143f2823	sw	x3,336(x30)	 x30:0x8003feb0  x3:0x00000001 PA:0xxxxxxxxx
     483715.000 ns	     48370	80009eb8	ff9ff06f	jal	x0,80009eb4	
     483765.000 ns	     48375	80009eb0	00036f17	auipc	x30,0x36	 x30=0x8003feb0
     483775.000 ns	     48376	80009eb4	143f2823	sw	x3,336(x30)	 x30:0x8003feb0  x3:0x00000001 PA:0xxxxxxxxx
     483795.000 ns	     48378	80009eb8	ff9ff06f	jal	x0,80009eb4	
     483845.000 ns	     48383	80009eb0	00036f17	auipc	x30,0x36	 x30=0x8003feb0
     483855.000 ns	     48384	80009eb4	143f2823	sw	x3,336(x30)	 x30:0x8003feb0  x3:0x00000001 PA:0xxxxxxxxx
     483875.000 ns	     48386	80009eb8	ff9ff06f	jal	x0,80009eb4	
     483925.000 ns	     48391	80009eb0	00036f17	auipc	x30,0x36	 x30=0x8003feb0
     483935.000 ns	     48392	80009eb4	143f2823	sw	x3,336(x30)	 x30:0x8003feb0  x3:0x00000001 PA:0xxxxxxxxx
     483955.000 ns	     48394	80009eb8	ff9ff06f	jal	x0,80009eb4	
     484005.000 ns	     48399	80009eb0	00036f17	auipc	x30,0x36	 x30=0x8003feb0
     484015.000 ns	     48400	80009eb4	143f2823	sw	x3,336(x30)	 x30:0x8003feb0  x3:0x00000001 PA:0xxxxxxxxx
     484035.000 ns	     48402	80009eb8	ff9ff06f	jal	x0,80009eb4	
     484085.000 ns	     48407	80009eb0	00036f17	auipc	x30,0x36	 x30=0x8003feb0
     484095.000 ns	     48408	80009eb4	143f2823	sw	x3,336(x30)	 x30:0x8003feb0  x3:0x00000001 PA:0xxxxxxxxx
     484115.000 ns	     48410	80009eb8	ff9ff06f	jal	x0,80009eb4	
     484165.000 ns	     48415	80009eb0	00036f17	auipc	x30,0x36	 x30=0x8003feb0
     484175.000 ns	     48416	80009eb4	143f2823	sw	x3,336(x30)	 x30:0x8003feb0  x3:0x00000001 PA:0xxxxxxxxx
     484195.000 ns	     48418	80009eb8	ff9ff06f	jal	x0,80009eb4	
     484245.000 ns	     48423	80009eb0	00036f17	auipc	x30,0x36	 x30=0x8003feb0
     484255.000 ns	     48424	80009eb4	143f2823	sw	x3,336(x30)	 x30:0x8003feb0  x3:0x00000001 PA:0xxxxxxxxx
     484275.000 ns	     48426	80009eb8	ff9ff06f	jal	x0,80009eb4	
     484325.000 ns	     48431	80009eb0	00036f17	auipc	x30,0x36	 x30=0x8003feb0
     484335.000 ns	     48432	80009eb4	143f2823	sw	x3,336(x30)	 x30:0x8003feb0  x3:0x00000001 PA:0xxxxxxxxx
     484355.000 ns	     48434	80009eb8	ff9ff06f	jal	x0,80009eb4	
     484405.000 ns	     48439	80009eb0	00036f17	auipc	x30,0x36	 x30=0x8003feb0
     484415.000 ns	     48440	80009eb4	143f2823	sw	x3,336(x30)	 x30:0x8003feb0  x3:0x00000001 PA:0xxxxxxxxx
     484435.000 ns	     48442	80009eb8	ff9ff06f	jal	x0,80009eb4	
     484485.000 ns	     48447	80009eb0	00036f17	auipc	x30,0x36	 x30=0x8003feb0
     484495.000 ns	     48448	80009eb4	143f2823	sw	x3,336(x30)	 x30:0x8003feb0  x3:0x00000001 PA:0xxxxxxxxx
     484515.000 ns	     48450	80009eb8	ff9ff06f	jal	x0,80009eb4	
     484565.000 ns	     48455	80009eb0	00036f17	auipc	x30,0x36	 x30=0x8003feb0
     484575.000 ns	     48456	80009eb4	143f2823	sw	x3,336(x30)	 x30:0x8003feb0  x3:0x00000001 PA:0xxxxxxxxx
     484595.000 ns	     48458	80009eb8	ff9ff06f	jal	x0,80009eb4	
     484645.000 ns	     48463	80009eb0	00036f17	auipc	x30,0x36	 x30=0x8003feb0
     484655.000 ns	     48464	80009eb4	143f2823	sw	x3,336(x30)	 x30:0x8003feb0  x3:0x00000001 PA:0xxxxxxxxx
     484675.000 ns	     48466	80009eb8	ff9ff06f	jal	x0,80009eb4	
     484725.000 ns	     48471	80009eb0	00036f17	auipc	x30,0x36	 x30=0x8003feb0
     484735.000 ns	     48472	80009eb4	143f2823	sw	x3,336(x30)	 x30:0x8003feb0  x3:0x00000001 PA:0xxxxxxxxx
     484755.000 ns	     48474	80009eb8	ff9ff06f	jal	x0,80009eb4	
     484805.000 ns	     48479	80009eb0	00036f17	auipc	x30,0x36	 x30=0x8003feb0
     484815.000 ns	     48480	80009eb4	143f2823	sw	x3,336(x30)	 x30:0x8003feb0  x3:0x00000001 PA:0xxxxxxxxx
     484835.000 ns	     48482	80009eb8	ff9ff06f	jal	x0,80009eb4	
     484885.000 ns	     48487	80009eb0	00036f17	auipc	x30,0x36	 x30=0x8003feb0
     484895.000 ns	     48488	80009eb4	143f2823	sw	x3,336(x30)	 x30:0x8003feb0  x3:0x00000001 PA:0xxxxxxxxx
     484915.000 ns	     48490	80009eb8	ff9ff06f	jal	x0,80009eb4	
     484965.000 ns	     48495	80009eb0	00036f17	auipc	x30,0x36	 x30=0x8003feb0
     484975.000 ns	     48496	80009eb4	143f2823	sw	x3,336(x30)	 x30:0x8003feb0  x3:0x00000001 PA:0xxxxxxxxx
     484995.000 ns	     48498	80009eb8	ff9ff06f	jal	x0,80009eb4	
     485045.000 ns	     48503	80009eb0	00036f17	auipc	x30,0x36	 x30=0x8003feb0
     485055.000 ns	     48504	80009eb4	143f2823	sw	x3,336(x30)	 x30:0x8003feb0  x3:0x00000001 PA:0xxxxxxxxx
     485075.000 ns	     48506	80009eb8	ff9ff06f	jal	x0,80009eb4	
     485125.000 ns	     48511	80009eb0	00036f17	auipc	x30,0x36	 x30=0x8003feb0
     485135.000 ns	     48512	80009eb4	143f2823	sw	x3,336(x30)	 x30:0x8003feb0  x3:0x00000001 PA:0xxxxxxxxx
     485155.000 ns	     48514	80009eb8	ff9ff06f	jal	x0,80009eb4	
     485205.000 ns	     48519	80009eb0	00036f17	auipc	x30,0x36	 x30=0x8003feb0
     485215.000 ns	     48520	80009eb4	143f2823	sw	x3,336(x30)	 x30:0x8003feb0  x3:0x00000001 PA:0xxxxxxxxx
     485235.000 ns	     48522	80009eb8	ff9ff06f	jal	x0,80009eb4	
     485285.000 ns	     48527	80009eb0	00036f17	auipc	x30,0x36	 x30=0x8003feb0
     485295.000 ns	     48528	80009eb4	143f2823	sw	x3,336(x30)	 x30:0x8003feb0  x3:0x00000001 PA:0xxxxxxxxx
     485315.000 ns	     48530	80009eb8	ff9ff06f	jal	x0,80009eb4	
     485365.000 ns	     48535	80009eb0	00036f17	auipc	x30,0x36	 x30=0x8003feb0
     485375.000 ns	     48536	80009eb4	143f2823	sw	x3,336(x30)	 x30:0x8003feb0  x3:0x00000001 PA:0xxxxxxxxx
     485395.000 ns	     48538	80009eb8	ff9ff06f	jal	x0,80009eb4	
     485445.000 ns	     48543	80009eb0	00036f17	auipc	x30,0x36	 x30=0x8003feb0
     485455.000 ns	     48544	80009eb4	143f2823	sw	x3,336(x30)	 x30:0x8003feb0  x3:0x00000001 PA:0xxxxxxxxx
     485475.000 ns	     48546	80009eb8	ff9ff06f	jal	x0,80009eb4	
     485525.000 ns	     48551	80009eb0	00036f17	auipc	x30,0x36	 x30=0x8003feb0
     485535.000 ns	     48552	80009eb4	143f2823	sw	x3,336(x30)	 x30:0x8003feb0  x3:0x00000001 PA:0xxxxxxxxx
     485555.000 ns	     48554	80009eb8	ff9ff06f	jal	x0,80009eb4	
     485605.000 ns	     48559	80009eb0	00036f17	auipc	x30,0x36	 x30=0x8003feb0
     485615.000 ns	     48560	80009eb4	143f2823	sw	x3,336(x30)	 x30:0x8003feb0  x3:0x00000001 PA:0xxxxxxxxx
     485635.000 ns	     48562	80009eb8	ff9ff06f	jal	x0,80009eb4	
     485685.000 ns	     48567	80009eb0	00036f17	auipc	x30,0x36	 x30=0x8003feb0
     485695.000 ns	     48568	80009eb4	143f2823	sw	x3,336(x30)	 x30:0x8003feb0  x3:0x00000001 PA:0xxxxxxxxx
     485715.000 ns	     48570	80009eb8	ff9ff06f	jal	x0,80009eb4	
     485765.000 ns	     48575	80009eb0	00036f17	auipc	x30,0x36	 x30=0x8003feb0
     485775.000 ns	     48576	80009eb4	143f2823	sw	x3,336(x30)	 x30:0x8003feb0  x3:0x00000001 PA:0xxxxxxxxx
     485795.000 ns	     48578	80009eb8	ff9ff06f	jal	x0,80009eb4	
     485845.000 ns	     48583	80009eb0	00036f17	auipc	x30,0x36	 x30=0x8003feb0
     485855.000 ns	     48584	80009eb4	143f2823	sw	x3,336(x30)	 x30:0x8003feb0  x3:0x00000001 PA:0xxxxxxxxx
     485875.000 ns	     48586	80009eb8	ff9ff06f	jal	x0,80009eb4	
     485925.000 ns	     48591	80009eb0	00036f17	auipc	x30,0x36	 x30=0x8003feb0
     485935.000 ns	     48592	80009eb4	143f2823	sw	x3,336(x30)	 x30:0x8003feb0  x3:0x00000001 PA:0xxxxxxxxx
     485955.000 ns	     48594	80009eb8	ff9ff06f	jal	x0,80009eb4	
     486005.000 ns	     48599	80009eb0	00036f17	auipc	x30,0x36	 x30=0x8003feb0
     486015.000 ns	     48600	80009eb4	143f2823	sw	x3,336(x30)	 x30:0x8003feb0  x3:0x00000001 PA:0xxxxxxxxx
     486035.000 ns	     48602	80009eb8	ff9ff06f	jal	x0,80009eb4	
     486085.000 ns	     48607	80009eb0	00036f17	auipc	x30,0x36	 x30=0x8003feb0
     486095.000 ns	     48608	80009eb4	143f2823	sw	x3,336(x30)	 x30:0x8003feb0  x3:0x00000001 PA:0xxxxxxxxx
     486115.000 ns	     48610	80009eb8	ff9ff06f	jal	x0,80009eb4	
     486165.000 ns	     48615	80009eb0	00036f17	auipc	x30,0x36	 x30=0x8003feb0
     486175.000 ns	     48616	80009eb4	143f2823	sw	x3,336(x30)	 x30:0x8003feb0  x3:0x00000001 PA:0xxxxxxxxx
     486195.000 ns	     48618	80009eb8	ff9ff06f	jal	x0,80009eb4	
     486245.000 ns	     48623	80009eb0	00036f17	auipc	x30,0x36	 x30=0x8003feb0
     486255.000 ns	     48624	80009eb4	143f2823	sw	x3,336(x30)	 x30:0x8003feb0  x3:0x00000001 PA:0xxxxxxxxx
     486275.000 ns	     48626	80009eb8	ff9ff06f	jal	x0,80009eb4	
     486325.000 ns	     48631	80009eb0	00036f17	auipc	x30,0x36	 x30=0x8003feb0
     486335.000 ns	     48632	80009eb4	143f2823	sw	x3,336(x30)	 x30:0x8003feb0  x3:0x00000001 PA:0xxxxxxxxx
     486355.000 ns	     48634	80009eb8	ff9ff06f	jal	x0,80009eb4	
     486405.000 ns	     48639	80009eb0	00036f17	auipc	x30,0x36	 x30=0x8003feb0
     486415.000 ns	     48640	80009eb4	143f2823	sw	x3,336(x30)	 x30:0x8003feb0  x3:0x00000001 PA:0xxxxxxxxx
     486435.000 ns	     48642	80009eb8	ff9ff06f	jal	x0,80009eb4	
     486485.000 ns	     48647	80009eb0	00036f17	auipc	x30,0x36	 x30=0x8003feb0
     486495.000 ns	     48648	80009eb4	143f2823	sw	x3,336(x30)	 x30:0x8003feb0  x3:0x00000001 PA:0xxxxxxxxx
     486515.000 ns	     48650	80009eb8	ff9ff06f	jal	x0,80009eb4	
     486565.000 ns	     48655	80009eb0	00036f17	auipc	x30,0x36	 x30=0x8003feb0
     486575.000 ns	     48656	80009eb4	143f2823	sw	x3,336(x30)	 x30:0x8003feb0  x3:0x00000001 PA:0xxxxxxxxx
     486595.000 ns	     48658	80009eb8	ff9ff06f	jal	x0,80009eb4	
     486645.000 ns	     48663	80009eb0	00036f17	auipc	x30,0x36	 x30=0x8003feb0
     486655.000 ns	     48664	80009eb4	143f2823	sw	x3,336(x30)	 x30:0x8003feb0  x3:0x00000001 PA:0xxxxxxxxx
     486675.000 ns	     48666	80009eb8	ff9ff06f	jal	x0,80009eb4	
     486725.000 ns	     48671	80009eb0	00036f17	auipc	x30,0x36	 x30=0x8003feb0
     486735.000 ns	     48672	80009eb4	143f2823	sw	x3,336(x30)	 x30:0x8003feb0  x3:0x00000001 PA:0xxxxxxxxx
     486755.000 ns	     48674	80009eb8	ff9ff06f	jal	x0,80009eb4	
     486805.000 ns	     48679	80009eb0	00036f17	auipc	x30,0x36	 x30=0x8003feb0
     486815.000 ns	     48680	80009eb4	143f2823	sw	x3,336(x30)	 x30:0x8003feb0  x3:0x00000001 PA:0xxxxxxxxx
     486835.000 ns	     48682	80009eb8	ff9ff06f	jal	x0,80009eb4	
     486885.000 ns	     48687	80009eb0	00036f17	auipc	x30,0x36	 x30=0x8003feb0
     486895.000 ns	     48688	80009eb4	143f2823	sw	x3,336(x30)	 x30:0x8003feb0  x3:0x00000001 PA:0xxxxxxxxx
     486915.000 ns	     48690	80009eb8	ff9ff06f	jal	x0,80009eb4	
     486965.000 ns	     48695	80009eb0	00036f17	auipc	x30,0x36	 x30=0x8003feb0
     486975.000 ns	     48696	80009eb4	143f2823	sw	x3,336(x30)	 x30:0x8003feb0  x3:0x00000001 PA:0xxxxxxxxx
     486995.000 ns	     48698	80009eb8	ff9ff06f	jal	x0,80009eb4	
     487045.000 ns	     48703	80009eb0	00036f17	auipc	x30,0x36	 x30=0x8003feb0
     487055.000 ns	     48704	80009eb4	143f2823	sw	x3,336(x30)	 x30:0x8003feb0  x3:0x00000001 PA:0xxxxxxxxx
     487075.000 ns	     48706	80009eb8	ff9ff06f	jal	x0,80009eb4	
     487125.000 ns	     48711	80009eb0	00036f17	auipc	x30,0x36	 x30=0x8003feb0
     487135.000 ns	     48712	80009eb4	143f2823	sw	x3,336(x30)	 x30:0x8003feb0  x3:0x00000001 PA:0xxxxxxxxx
     487155.000 ns	     48714	80009eb8	ff9ff06f	jal	x0,80009eb4	
     487205.000 ns	     48719	80009eb0	00036f17	auipc	x30,0x36	 x30=0x8003feb0
     487215.000 ns	     48720	80009eb4	143f2823	sw	x3,336(x30)	 x30:0x8003feb0  x3:0x00000001 PA:0xxxxxxxxx
     487235.000 ns	     48722	80009eb8	ff9ff06f	jal	x0,80009eb4	
     487285.000 ns	     48727	80009eb0	00036f17	auipc	x30,0x36	 x30=0x8003feb0
     487295.000 ns	     48728	80009eb4	143f2823	sw	x3,336(x30)	 x30:0x8003feb0  x3:0x00000001 PA:0xxxxxxxxx
     487315.000 ns	     48730	80009eb8	ff9ff06f	jal	x0,80009eb4	
     487365.000 ns	     48735	80009eb0	00036f17	auipc	x30,0x36	 x30=0x8003feb0
     487375.000 ns	     48736	80009eb4	143f2823	sw	x3,336(x30)	 x30:0x8003feb0  x3:0x00000001 PA:0xxxxxxxxx
     487395.000 ns	     48738	80009eb8	ff9ff06f	jal	x0,80009eb4	
     487445.000 ns	     48743	80009eb0	00036f17	auipc	x30,0x36	 x30=0x8003feb0
     487455.000 ns	     48744	80009eb4	143f2823	sw	x3,336(x30)	 x30:0x8003feb0  x3:0x00000001 PA:0xxxxxxxxx
     487475.000 ns	     48746	80009eb8	ff9ff06f	jal	x0,80009eb4	
     487525.000 ns	     48751	80009eb0	00036f17	auipc	x30,0x36	 x30=0x8003feb0
     487535.000 ns	     48752	80009eb4	143f2823	sw	x3,336(x30)	 x30:0x8003feb0  x3:0x00000001 PA:0xxxxxxxxx
     487555.000 ns	     48754	80009eb8	ff9ff06f	jal	x0,80009eb4	
     487605.000 ns	     48759	80009eb0	00036f17	auipc	x30,0x36	 x30=0x8003feb0
     487615.000 ns	     48760	80009eb4	143f2823	sw	x3,336(x30)	 x30:0x8003feb0  x3:0x00000001 PA:0xxxxxxxxx
     487635.000 ns	     48762	80009eb8	ff9ff06f	jal	x0,80009eb4	
     487685.000 ns	     48767	80009eb0	00036f17	auipc	x30,0x36	 x30=0x8003feb0
     487695.000 ns	     48768	80009eb4	143f2823	sw	x3,336(x30)	 x30:0x8003feb0  x3:0x00000001 PA:0xxxxxxxxx
     487715.000 ns	     48770	80009eb8	ff9ff06f	jal	x0,80009eb4	
     487765.000 ns	     48775	80009eb0	00036f17	auipc	x30,0x36	 x30=0x8003feb0
     487775.000 ns	     48776	80009eb4	143f2823	sw	x3,336(x30)	 x30:0x8003feb0  x3:0x00000001 PA:0xxxxxxxxx
     487795.000 ns	     48778	80009eb8	ff9ff06f	jal	x0,80009eb4	
     487845.000 ns	     48783	80009eb0	00036f17	auipc	x30,0x36	 x30=0x8003feb0
     487855.000 ns	     48784	80009eb4	143f2823	sw	x3,336(x30)	 x30:0x8003feb0  x3:0x00000001 PA:0xxxxxxxxx
     487875.000 ns	     48786	80009eb8	ff9ff06f	jal	x0,80009eb4	
     487925.000 ns	     48791	80009eb0	00036f17	auipc	x30,0x36	 x30=0x8003feb0
     487935.000 ns	     48792	80009eb4	143f2823	sw	x3,336(x30)	 x30:0x8003feb0  x3:0x00000001 PA:0xxxxxxxxx
     487955.000 ns	     48794	80009eb8	ff9ff06f	jal	x0,80009eb4	
     488005.000 ns	     48799	80009eb0	00036f17	auipc	x30,0x36	 x30=0x8003feb0
     488015.000 ns	     48800	80009eb4	143f2823	sw	x3,336(x30)	 x30:0x8003feb0  x3:0x00000001 PA:0xxxxxxxxx
     488035.000 ns	     48802	80009eb8	ff9ff06f	jal	x0,80009eb4	
     488085.000 ns	     48807	80009eb0	00036f17	auipc	x30,0x36	 x30=0x8003feb0
     488095.000 ns	     48808	80009eb4	143f2823	sw	x3,336(x30)	 x30:0x8003feb0  x3:0x00000001 PA:0xxxxxxxxx
     488115.000 ns	     48810	80009eb8	ff9ff06f	jal	x0,80009eb4	
     488165.000 ns	     48815	80009eb0	00036f17	auipc	x30,0x36	 x30=0x8003feb0
     488175.000 ns	     48816	80009eb4	143f2823	sw	x3,336(x30)	 x30:0x8003feb0  x3:0x00000001 PA:0xxxxxxxxx
     488195.000 ns	     48818	80009eb8	ff9ff06f	jal	x0,80009eb4	
     488245.000 ns	     48823	80009eb0	00036f17	auipc	x30,0x36	 x30=0x8003feb0
     488255.000 ns	     48824	80009eb4	143f2823	sw	x3,336(x30)	 x30:0x8003feb0  x3:0x00000001 PA:0xxxxxxxxx
     488275.000 ns	     48826	80009eb8	ff9ff06f	jal	x0,80009eb4	
     488325.000 ns	     48831	80009eb0	00036f17	auipc	x30,0x36	 x30=0x8003feb0
     488335.000 ns	     48832	80009eb4	143f2823	sw	x3,336(x30)	 x30:0x8003feb0  x3:0x00000001 PA:0xxxxxxxxx
     488355.000 ns	     48834	80009eb8	ff9ff06f	jal	x0,80009eb4	
     488405.000 ns	     48839	80009eb0	00036f17	auipc	x30,0x36	 x30=0x8003feb0
     488415.000 ns	     48840	80009eb4	143f2823	sw	x3,336(x30)	 x30:0x8003feb0  x3:0x00000001 PA:0xxxxxxxxx
     488435.000 ns	     48842	80009eb8	ff9ff06f	jal	x0,80009eb4	
     488485.000 ns	     48847	80009eb0	00036f17	auipc	x30,0x36	 x30=0x8003feb0
     488495.000 ns	     48848	80009eb4	143f2823	sw	x3,336(x30)	 x30:0x8003feb0  x3:0x00000001 PA:0xxxxxxxxx
     488515.000 ns	     48850	80009eb8	ff9ff06f	jal	x0,80009eb4	
     488565.000 ns	     48855	80009eb0	00036f17	auipc	x30,0x36	 x30=0x8003feb0
     488575.000 ns	     48856	80009eb4	143f2823	sw	x3,336(x30)	 x30:0x8003feb0  x3:0x00000001 PA:0xxxxxxxxx
     488595.000 ns	     48858	80009eb8	ff9ff06f	jal	x0,80009eb4	
     488645.000 ns	     48863	80009eb0	00036f17	auipc	x30,0x36	 x30=0x8003feb0
     488655.000 ns	     48864	80009eb4	143f2823	sw	x3,336(x30)	 x30:0x8003feb0  x3:0x00000001 PA:0xxxxxxxxx
     488675.000 ns	     48866	80009eb8	ff9ff06f	jal	x0,80009eb4	
     488725.000 ns	     48871	80009eb0	00036f17	auipc	x30,0x36	 x30=0x8003feb0
     488735.000 ns	     48872	80009eb4	143f2823	sw	x3,336(x30)	 x30:0x8003feb0  x3:0x00000001 PA:0xxxxxxxxx
     488755.000 ns	     48874	80009eb8	ff9ff06f	jal	x0,80009eb4	
     488805.000 ns	     48879	80009eb0	00036f17	auipc	x30,0x36	 x30=0x8003feb0
     488815.000 ns	     48880	80009eb4	143f2823	sw	x3,336(x30)	 x30:0x8003feb0  x3:0x00000001 PA:0xxxxxxxxx
     488835.000 ns	     48882	80009eb8	ff9ff06f	jal	x0,80009eb4	
     488885.000 ns	     48887	80009eb0	00036f17	auipc	x30,0x36	 x30=0x8003feb0
     488895.000 ns	     48888	80009eb4	143f2823	sw	x3,336(x30)	 x30:0x8003feb0  x3:0x00000001 PA:0xxxxxxxxx
     488915.000 ns	     48890	80009eb8	ff9ff06f	jal	x0,80009eb4	
     488965.000 ns	     48895	80009eb0	00036f17	auipc	x30,0x36	 x30=0x8003feb0
     488975.000 ns	     48896	80009eb4	143f2823	sw	x3,336(x30)	 x30:0x8003feb0  x3:0x00000001 PA:0xxxxxxxxx
     488995.000 ns	     48898	80009eb8	ff9ff06f	jal	x0,80009eb4	
     489045.000 ns	     48903	80009eb0	00036f17	auipc	x30,0x36	 x30=0x8003feb0
     489055.000 ns	     48904	80009eb4	143f2823	sw	x3,336(x30)	 x30:0x8003feb0  x3:0x00000001 PA:0xxxxxxxxx
     489075.000 ns	     48906	80009eb8	ff9ff06f	jal	x0,80009eb4	
     489125.000 ns	     48911	80009eb0	00036f17	auipc	x30,0x36	 x30=0x8003feb0
     489135.000 ns	     48912	80009eb4	143f2823	sw	x3,336(x30)	 x30:0x8003feb0  x3:0x00000001 PA:0xxxxxxxxx
     489155.000 ns	     48914	80009eb8	ff9ff06f	jal	x0,80009eb4	
     489205.000 ns	     48919	80009eb0	00036f17	auipc	x30,0x36	 x30=0x8003feb0
     489215.000 ns	     48920	80009eb4	143f2823	sw	x3,336(x30)	 x30:0x8003feb0  x3:0x00000001 PA:0xxxxxxxxx
     489235.000 ns	     48922	80009eb8	ff9ff06f	jal	x0,80009eb4	
     489285.000 ns	     48927	80009eb0	00036f17	auipc	x30,0x36	 x30=0x8003feb0
     489295.000 ns	     48928	80009eb4	143f2823	sw	x3,336(x30)	 x30:0x8003feb0  x3:0x00000001 PA:0xxxxxxxxx
     489315.000 ns	     48930	80009eb8	ff9ff06f	jal	x0,80009eb4	
     489365.000 ns	     48935	80009eb0	00036f17	auipc	x30,0x36	 x30=0x8003feb0
     489375.000 ns	     48936	80009eb4	143f2823	sw	x3,336(x30)	 x30:0x8003feb0  x3:0x00000001 PA:0xxxxxxxxx
     489395.000 ns	     48938	80009eb8	ff9ff06f	jal	x0,80009eb4	
     489445.000 ns	     48943	80009eb0	00036f17	auipc	x30,0x36	 x30=0x8003feb0
     489455.000 ns	     48944	80009eb4	143f2823	sw	x3,336(x30)	 x30:0x8003feb0  x3:0x00000001 PA:0xxxxxxxxx
     489475.000 ns	     48946	80009eb8	ff9ff06f	jal	x0,80009eb4	
     489525.000 ns	     48951	80009eb0	00036f17	auipc	x30,0x36	 x30=0x8003feb0
     489535.000 ns	     48952	80009eb4	143f2823	sw	x3,336(x30)	 x30:0x8003feb0  x3:0x00000001 PA:0xxxxxxxxx
     489555.000 ns	     48954	80009eb8	ff9ff06f	jal	x0,80009eb4	
     489605.000 ns	     48959	80009eb0	00036f17	auipc	x30,0x36	 x30=0x8003feb0
     489615.000 ns	     48960	80009eb4	143f2823	sw	x3,336(x30)	 x30:0x8003feb0  x3:0x00000001 PA:0xxxxxxxxx
     489635.000 ns	     48962	80009eb8	ff9ff06f	jal	x0,80009eb4	
     489685.000 ns	     48967	80009eb0	00036f17	auipc	x30,0x36	 x30=0x8003feb0
     489695.000 ns	     48968	80009eb4	143f2823	sw	x3,336(x30)	 x30:0x8003feb0  x3:0x00000001 PA:0xxxxxxxxx
     489715.000 ns	     48970	80009eb8	ff9ff06f	jal	x0,80009eb4	
     489765.000 ns	     48975	80009eb0	00036f17	auipc	x30,0x36	 x30=0x8003feb0
     489775.000 ns	     48976	80009eb4	143f2823	sw	x3,336(x30)	 x30:0x8003feb0  x3:0x00000001 PA:0xxxxxxxxx
     489795.000 ns	     48978	80009eb8	ff9ff06f	jal	x0,80009eb4	
     489845.000 ns	     48983	80009eb0	00036f17	auipc	x30,0x36	 x30=0x8003feb0
     489855.000 ns	     48984	80009eb4	143f2823	sw	x3,336(x30)	 x30:0x8003feb0  x3:0x00000001 PA:0xxxxxxxxx
     489875.000 ns	     48986	80009eb8	ff9ff06f	jal	x0,80009eb4	
     489925.000 ns	     48991	80009eb0	00036f17	auipc	x30,0x36	 x30=0x8003feb0
     489935.000 ns	     48992	80009eb4	143f2823	sw	x3,336(x30)	 x30:0x8003feb0  x3:0x00000001 PA:0xxxxxxxxx
     489955.000 ns	     48994	80009eb8	ff9ff06f	jal	x0,80009eb4	
     490005.000 ns	     48999	80009eb0	00036f17	auipc	x30,0x36	 x30=0x8003feb0
     490015.000 ns	     49000	80009eb4	143f2823	sw	x3,336(x30)	 x30:0x8003feb0  x3:0x00000001 PA:0xxxxxxxxx
     490035.000 ns	     49002	80009eb8	ff9ff06f	jal	x0,80009eb4	
     490085.000 ns	     49007	80009eb0	00036f17	auipc	x30,0x36	 x30=0x8003feb0
     490095.000 ns	     49008	80009eb4	143f2823	sw	x3,336(x30)	 x30:0x8003feb0  x3:0x00000001 PA:0xxxxxxxxx
     490115.000 ns	     49010	80009eb8	ff9ff06f	jal	x0,80009eb4	
     490165.000 ns	     49015	80009eb0	00036f17	auipc	x30,0x36	 x30=0x8003feb0
     490175.000 ns	     49016	80009eb4	143f2823	sw	x3,336(x30)	 x30:0x8003feb0  x3:0x00000001 PA:0xxxxxxxxx
     490195.000 ns	     49018	80009eb8	ff9ff06f	jal	x0,80009eb4	
     490245.000 ns	     49023	80009eb0	00036f17	auipc	x30,0x36	 x30=0x8003feb0
     490255.000 ns	     49024	80009eb4	143f2823	sw	x3,336(x30)	 x30:0x8003feb0  x3:0x00000001 PA:0xxxxxxxxx
     490275.000 ns	     49026	80009eb8	ff9ff06f	jal	x0,80009eb4	
     490325.000 ns	     49031	80009eb0	00036f17	auipc	x30,0x36	 x30=0x8003feb0
     490335.000 ns	     49032	80009eb4	143f2823	sw	x3,336(x30)	 x30:0x8003feb0  x3:0x00000001 PA:0xxxxxxxxx
     490355.000 ns	     49034	80009eb8	ff9ff06f	jal	x0,80009eb4	
     490405.000 ns	     49039	80009eb0	00036f17	auipc	x30,0x36	 x30=0x8003feb0
     490415.000 ns	     49040	80009eb4	143f2823	sw	x3,336(x30)	 x30:0x8003feb0  x3:0x00000001 PA:0xxxxxxxxx
     490435.000 ns	     49042	80009eb8	ff9ff06f	jal	x0,80009eb4	
     490485.000 ns	     49047	80009eb0	00036f17	auipc	x30,0x36	 x30=0x8003feb0
     490495.000 ns	     49048	80009eb4	143f2823	sw	x3,336(x30)	 x30:0x8003feb0  x3:0x00000001 PA:0xxxxxxxxx
     490515.000 ns	     49050	80009eb8	ff9ff06f	jal	x0,80009eb4	
     490565.000 ns	     49055	80009eb0	00036f17	auipc	x30,0x36	 x30=0x8003feb0
     490575.000 ns	     49056	80009eb4	143f2823	sw	x3,336(x30)	 x30:0x8003feb0  x3:0x00000001 PA:0xxxxxxxxx
     490595.000 ns	     49058	80009eb8	ff9ff06f	jal	x0,80009eb4	
     490645.000 ns	     49063	80009eb0	00036f17	auipc	x30,0x36	 x30=0x8003feb0
     490655.000 ns	     49064	80009eb4	143f2823	sw	x3,336(x30)	 x30:0x8003feb0  x3:0x00000001 PA:0xxxxxxxxx
     490675.000 ns	     49066	80009eb8	ff9ff06f	jal	x0,80009eb4	
     490725.000 ns	     49071	80009eb0	00036f17	auipc	x30,0x36	 x30=0x8003feb0
     490735.000 ns	     49072	80009eb4	143f2823	sw	x3,336(x30)	 x30:0x8003feb0  x3:0x00000001 PA:0xxxxxxxxx
     490755.000 ns	     49074	80009eb8	ff9ff06f	jal	x0,80009eb4	
     490805.000 ns	     49079	80009eb0	00036f17	auipc	x30,0x36	 x30=0x8003feb0
     490815.000 ns	     49080	80009eb4	143f2823	sw	x3,336(x30)	 x30:0x8003feb0  x3:0x00000001 PA:0xxxxxxxxx
     490835.000 ns	     49082	80009eb8	ff9ff06f	jal	x0,80009eb4	
     490885.000 ns	     49087	80009eb0	00036f17	auipc	x30,0x36	 x30=0x8003feb0
     490895.000 ns	     49088	80009eb4	143f2823	sw	x3,336(x30)	 x30:0x8003feb0  x3:0x00000001 PA:0xxxxxxxxx
     490915.000 ns	     49090	80009eb8	ff9ff06f	jal	x0,80009eb4	
     490965.000 ns	     49095	80009eb0	00036f17	auipc	x30,0x36	 x30=0x8003feb0
     490975.000 ns	     49096	80009eb4	143f2823	sw	x3,336(x30)	 x30:0x8003feb0  x3:0x00000001 PA:0xxxxxxxxx
     490995.000 ns	     49098	80009eb8	ff9ff06f	jal	x0,80009eb4	
     491045.000 ns	     49103	80009eb0	00036f17	auipc	x30,0x36	 x30=0x8003feb0
     491055.000 ns	     49104	80009eb4	143f2823	sw	x3,336(x30)	 x30:0x8003feb0  x3:0x00000001 PA:0xxxxxxxxx
     491075.000 ns	     49106	80009eb8	ff9ff06f	jal	x0,80009eb4	
     491125.000 ns	     49111	80009eb0	00036f17	auipc	x30,0x36	 x30=0x8003feb0
     491135.000 ns	     49112	80009eb4	143f2823	sw	x3,336(x30)	 x30:0x8003feb0  x3:0x00000001 PA:0xxxxxxxxx
     491155.000 ns	     49114	80009eb8	ff9ff06f	jal	x0,80009eb4	
     491205.000 ns	     49119	80009eb0	00036f17	auipc	x30,0x36	 x30=0x8003feb0
     491215.000 ns	     49120	80009eb4	143f2823	sw	x3,336(x30)	 x30:0x8003feb0  x3:0x00000001 PA:0xxxxxxxxx
     491235.000 ns	     49122	80009eb8	ff9ff06f	jal	x0,80009eb4	
     491285.000 ns	     49127	80009eb0	00036f17	auipc	x30,0x36	 x30=0x8003feb0
     491295.000 ns	     49128	80009eb4	143f2823	sw	x3,336(x30)	 x30:0x8003feb0  x3:0x00000001 PA:0xxxxxxxxx
     491315.000 ns	     49130	80009eb8	ff9ff06f	jal	x0,80009eb4	
     491365.000 ns	     49135	80009eb0	00036f17	auipc	x30,0x36	 x30=0x8003feb0
     491375.000 ns	     49136	80009eb4	143f2823	sw	x3,336(x30)	 x30:0x8003feb0  x3:0x00000001 PA:0xxxxxxxxx
     491395.000 ns	     49138	80009eb8	ff9ff06f	jal	x0,80009eb4	
     491445.000 ns	     49143	80009eb0	00036f17	auipc	x30,0x36	 x30=0x8003feb0
     491455.000 ns	     49144	80009eb4	143f2823	sw	x3,336(x30)	 x30:0x8003feb0  x3:0x00000001 PA:0xxxxxxxxx
     491475.000 ns	     49146	80009eb8	ff9ff06f	jal	x0,80009eb4	
     491525.000 ns	     49151	80009eb0	00036f17	auipc	x30,0x36	 x30=0x8003feb0
     491535.000 ns	     49152	80009eb4	143f2823	sw	x3,336(x30)	 x30:0x8003feb0  x3:0x00000001 PA:0xxxxxxxxx
     491555.000 ns	     49154	80009eb8	ff9ff06f	jal	x0,80009eb4	
     491605.000 ns	     49159	80009eb0	00036f17	auipc	x30,0x36	 x30=0x8003feb0
     491615.000 ns	     49160	80009eb4	143f2823	sw	x3,336(x30)	 x30:0x8003feb0  x3:0x00000001 PA:0xxxxxxxxx
     491635.000 ns	     49162	80009eb8	ff9ff06f	jal	x0,80009eb4	
     491685.000 ns	     49167	80009eb0	00036f17	auipc	x30,0x36	 x30=0x8003feb0
     491695.000 ns	     49168	80009eb4	143f2823	sw	x3,336(x30)	 x30:0x8003feb0  x3:0x00000001 PA:0xxxxxxxxx
     491715.000 ns	     49170	80009eb8	ff9ff06f	jal	x0,80009eb4	
     491765.000 ns	     49175	80009eb0	00036f17	auipc	x30,0x36	 x30=0x8003feb0
     491775.000 ns	     49176	80009eb4	143f2823	sw	x3,336(x30)	 x30:0x8003feb0  x3:0x00000001 PA:0xxxxxxxxx
     491795.000 ns	     49178	80009eb8	ff9ff06f	jal	x0,80009eb4	
     491845.000 ns	     49183	80009eb0	00036f17	auipc	x30,0x36	 x30=0x8003feb0
     491855.000 ns	     49184	80009eb4	143f2823	sw	x3,336(x30)	 x30:0x8003feb0  x3:0x00000001 PA:0xxxxxxxxx
     491875.000 ns	     49186	80009eb8	ff9ff06f	jal	x0,80009eb4	
     491925.000 ns	     49191	80009eb0	00036f17	auipc	x30,0x36	 x30=0x8003feb0
     491935.000 ns	     49192	80009eb4	143f2823	sw	x3,336(x30)	 x30:0x8003feb0  x3:0x00000001 PA:0xxxxxxxxx
     491955.000 ns	     49194	80009eb8	ff9ff06f	jal	x0,80009eb4	
     492005.000 ns	     49199	80009eb0	00036f17	auipc	x30,0x36	 x30=0x8003feb0
     492015.000 ns	     49200	80009eb4	143f2823	sw	x3,336(x30)	 x30:0x8003feb0  x3:0x00000001 PA:0xxxxxxxxx
     492035.000 ns	     49202	80009eb8	ff9ff06f	jal	x0,80009eb4	
     492085.000 ns	     49207	80009eb0	00036f17	auipc	x30,0x36	 x30=0x8003feb0
     492095.000 ns	     49208	80009eb4	143f2823	sw	x3,336(x30)	 x30:0x8003feb0  x3:0x00000001 PA:0xxxxxxxxx
     492115.000 ns	     49210	80009eb8	ff9ff06f	jal	x0,80009eb4	
     492165.000 ns	     49215	80009eb0	00036f17	auipc	x30,0x36	 x30=0x8003feb0
     492175.000 ns	     49216	80009eb4	143f2823	sw	x3,336(x30)	 x30:0x8003feb0  x3:0x00000001 PA:0xxxxxxxxx
     492195.000 ns	     49218	80009eb8	ff9ff06f	jal	x0,80009eb4	
     492245.000 ns	     49223	80009eb0	00036f17	auipc	x30,0x36	 x30=0x8003feb0
     492255.000 ns	     49224	80009eb4	143f2823	sw	x3,336(x30)	 x30:0x8003feb0  x3:0x00000001 PA:0xxxxxxxxx
     492275.000 ns	     49226	80009eb8	ff9ff06f	jal	x0,80009eb4	
     492325.000 ns	     49231	80009eb0	00036f17	auipc	x30,0x36	 x30=0x8003feb0
     492335.000 ns	     49232	80009eb4	143f2823	sw	x3,336(x30)	 x30:0x8003feb0  x3:0x00000001 PA:0xxxxxxxxx
     492355.000 ns	     49234	80009eb8	ff9ff06f	jal	x0,80009eb4	
     492405.000 ns	     49239	80009eb0	00036f17	auipc	x30,0x36	 x30=0x8003feb0
     492415.000 ns	     49240	80009eb4	143f2823	sw	x3,336(x30)	 x30:0x8003feb0  x3:0x00000001 PA:0xxxxxxxxx
     492435.000 ns	     49242	80009eb8	ff9ff06f	jal	x0,80009eb4	
     492485.000 ns	     49247	80009eb0	00036f17	auipc	x30,0x36	 x30=0x8003feb0
     492495.000 ns	     49248	80009eb4	143f2823	sw	x3,336(x30)	 x30:0x8003feb0  x3:0x00000001 PA:0xxxxxxxxx
     492515.000 ns	     49250	80009eb8	ff9ff06f	jal	x0,80009eb4	
     492565.000 ns	     49255	80009eb0	00036f17	auipc	x30,0x36	 x30=0x8003feb0
     492575.000 ns	     49256	80009eb4	143f2823	sw	x3,336(x30)	 x30:0x8003feb0  x3:0x00000001 PA:0xxxxxxxxx
     492595.000 ns	     49258	80009eb8	ff9ff06f	jal	x0,80009eb4	
     492645.000 ns	     49263	80009eb0	00036f17	auipc	x30,0x36	 x30=0x8003feb0
     492655.000 ns	     49264	80009eb4	143f2823	sw	x3,336(x30)	 x30:0x8003feb0  x3:0x00000001 PA:0xxxxxxxxx
     492675.000 ns	     49266	80009eb8	ff9ff06f	jal	x0,80009eb4	
     492725.000 ns	     49271	80009eb0	00036f17	auipc	x30,0x36	 x30=0x8003feb0
     492735.000 ns	     49272	80009eb4	143f2823	sw	x3,336(x30)	 x30:0x8003feb0  x3:0x00000001 PA:0xxxxxxxxx
     492755.000 ns	     49274	80009eb8	ff9ff06f	jal	x0,80009eb4	
     492805.000 ns	     49279	80009eb0	00036f17	auipc	x30,0x36	 x30=0x8003feb0
     492815.000 ns	     49280	80009eb4	143f2823	sw	x3,336(x30)	 x30:0x8003feb0  x3:0x00000001 PA:0xxxxxxxxx
     492835.000 ns	     49282	80009eb8	ff9ff06f	jal	x0,80009eb4	
     492885.000 ns	     49287	80009eb0	00036f17	auipc	x30,0x36	 x30=0x8003feb0
     492895.000 ns	     49288	80009eb4	143f2823	sw	x3,336(x30)	 x30:0x8003feb0  x3:0x00000001 PA:0xxxxxxxxx
     492915.000 ns	     49290	80009eb8	ff9ff06f	jal	x0,80009eb4	
     492965.000 ns	     49295	80009eb0	00036f17	auipc	x30,0x36	 x30=0x8003feb0
     492975.000 ns	     49296	80009eb4	143f2823	sw	x3,336(x30)	 x30:0x8003feb0  x3:0x00000001 PA:0xxxxxxxxx
     492995.000 ns	     49298	80009eb8	ff9ff06f	jal	x0,80009eb4	
     493045.000 ns	     49303	80009eb0	00036f17	auipc	x30,0x36	 x30=0x8003feb0
     493055.000 ns	     49304	80009eb4	143f2823	sw	x3,336(x30)	 x30:0x8003feb0  x3:0x00000001 PA:0xxxxxxxxx
     493075.000 ns	     49306	80009eb8	ff9ff06f	jal	x0,80009eb4	
     493125.000 ns	     49311	80009eb0	00036f17	auipc	x30,0x36	 x30=0x8003feb0
     493135.000 ns	     49312	80009eb4	143f2823	sw	x3,336(x30)	 x30:0x8003feb0  x3:0x00000001 PA:0xxxxxxxxx
     493155.000 ns	     49314	80009eb8	ff9ff06f	jal	x0,80009eb4	
     493205.000 ns	     49319	80009eb0	00036f17	auipc	x30,0x36	 x30=0x8003feb0
     493215.000 ns	     49320	80009eb4	143f2823	sw	x3,336(x30)	 x30:0x8003feb0  x3:0x00000001 PA:0xxxxxxxxx
     493235.000 ns	     49322	80009eb8	ff9ff06f	jal	x0,80009eb4	
     493285.000 ns	     49327	80009eb0	00036f17	auipc	x30,0x36	 x30=0x8003feb0
     493295.000 ns	     49328	80009eb4	143f2823	sw	x3,336(x30)	 x30:0x8003feb0  x3:0x00000001 PA:0xxxxxxxxx
     493315.000 ns	     49330	80009eb8	ff9ff06f	jal	x0,80009eb4	
     493365.000 ns	     49335	80009eb0	00036f17	auipc	x30,0x36	 x30=0x8003feb0
     493375.000 ns	     49336	80009eb4	143f2823	sw	x3,336(x30)	 x30:0x8003feb0  x3:0x00000001 PA:0xxxxxxxxx
     493395.000 ns	     49338	80009eb8	ff9ff06f	jal	x0,80009eb4	
     493445.000 ns	     49343	80009eb0	00036f17	auipc	x30,0x36	 x30=0x8003feb0
     493455.000 ns	     49344	80009eb4	143f2823	sw	x3,336(x30)	 x30:0x8003feb0  x3:0x00000001 PA:0xxxxxxxxx
     493475.000 ns	     49346	80009eb8	ff9ff06f	jal	x0,80009eb4	
     493525.000 ns	     49351	80009eb0	00036f17	auipc	x30,0x36	 x30=0x8003feb0
     493535.000 ns	     49352	80009eb4	143f2823	sw	x3,336(x30)	 x30:0x8003feb0  x3:0x00000001 PA:0xxxxxxxxx
     493555.000 ns	     49354	80009eb8	ff9ff06f	jal	x0,80009eb4	
     493605.000 ns	     49359	80009eb0	00036f17	auipc	x30,0x36	 x30=0x8003feb0
     493615.000 ns	     49360	80009eb4	143f2823	sw	x3,336(x30)	 x30:0x8003feb0  x3:0x00000001 PA:0xxxxxxxxx
     493635.000 ns	     49362	80009eb8	ff9ff06f	jal	x0,80009eb4	
     493685.000 ns	     49367	80009eb0	00036f17	auipc	x30,0x36	 x30=0x8003feb0
     493695.000 ns	     49368	80009eb4	143f2823	sw	x3,336(x30)	 x30:0x8003feb0  x3:0x00000001 PA:0xxxxxxxxx
     493715.000 ns	     49370	80009eb8	ff9ff06f	jal	x0,80009eb4	
     493765.000 ns	     49375	80009eb0	00036f17	auipc	x30,0x36	 x30=0x8003feb0
     493775.000 ns	     49376	80009eb4	143f2823	sw	x3,336(x30)	 x30:0x8003feb0  x3:0x00000001 PA:0xxxxxxxxx
     493795.000 ns	     49378	80009eb8	ff9ff06f	jal	x0,80009eb4	
     493845.000 ns	     49383	80009eb0	00036f17	auipc	x30,0x36	 x30=0x8003feb0
     493855.000 ns	     49384	80009eb4	143f2823	sw	x3,336(x30)	 x30:0x8003feb0  x3:0x00000001 PA:0xxxxxxxxx
     493875.000 ns	     49386	80009eb8	ff9ff06f	jal	x0,80009eb4	
     493925.000 ns	     49391	80009eb0	00036f17	auipc	x30,0x36	 x30=0x8003feb0
     493935.000 ns	     49392	80009eb4	143f2823	sw	x3,336(x30)	 x30:0x8003feb0  x3:0x00000001 PA:0xxxxxxxxx
     493955.000 ns	     49394	80009eb8	ff9ff06f	jal	x0,80009eb4	
     494005.000 ns	     49399	80009eb0	00036f17	auipc	x30,0x36	 x30=0x8003feb0
     494015.000 ns	     49400	80009eb4	143f2823	sw	x3,336(x30)	 x30:0x8003feb0  x3:0x00000001 PA:0xxxxxxxxx
     494035.000 ns	     49402	80009eb8	ff9ff06f	jal	x0,80009eb4	
     494085.000 ns	     49407	80009eb0	00036f17	auipc	x30,0x36	 x30=0x8003feb0
     494095.000 ns	     49408	80009eb4	143f2823	sw	x3,336(x30)	 x30:0x8003feb0  x3:0x00000001 PA:0xxxxxxxxx
     494115.000 ns	     49410	80009eb8	ff9ff06f	jal	x0,80009eb4	
     494165.000 ns	     49415	80009eb0	00036f17	auipc	x30,0x36	 x30=0x8003feb0
     494175.000 ns	     49416	80009eb4	143f2823	sw	x3,336(x30)	 x30:0x8003feb0  x3:0x00000001 PA:0xxxxxxxxx
     494195.000 ns	     49418	80009eb8	ff9ff06f	jal	x0,80009eb4	
     494245.000 ns	     49423	80009eb0	00036f17	auipc	x30,0x36	 x30=0x8003feb0
     494255.000 ns	     49424	80009eb4	143f2823	sw	x3,336(x30)	 x30:0x8003feb0  x3:0x00000001 PA:0xxxxxxxxx
     494275.000 ns	     49426	80009eb8	ff9ff06f	jal	x0,80009eb4	
     494325.000 ns	     49431	80009eb0	00036f17	auipc	x30,0x36	 x30=0x8003feb0
     494335.000 ns	     49432	80009eb4	143f2823	sw	x3,336(x30)	 x30:0x8003feb0  x3:0x00000001 PA:0xxxxxxxxx
     494355.000 ns	     49434	80009eb8	ff9ff06f	jal	x0,80009eb4	
     494405.000 ns	     49439	80009eb0	00036f17	auipc	x30,0x36	 x30=0x8003feb0
     494415.000 ns	     49440	80009eb4	143f2823	sw	x3,336(x30)	 x30:0x8003feb0  x3:0x00000001 PA:0xxxxxxxxx
     494435.000 ns	     49442	80009eb8	ff9ff06f	jal	x0,80009eb4	
     494485.000 ns	     49447	80009eb0	00036f17	auipc	x30,0x36	 x30=0x8003feb0
     494495.000 ns	     49448	80009eb4	143f2823	sw	x3,336(x30)	 x30:0x8003feb0  x3:0x00000001 PA:0xxxxxxxxx
     494515.000 ns	     49450	80009eb8	ff9ff06f	jal	x0,80009eb4	
     494565.000 ns	     49455	80009eb0	00036f17	auipc	x30,0x36	 x30=0x8003feb0
     494575.000 ns	     49456	80009eb4	143f2823	sw	x3,336(x30)	 x30:0x8003feb0  x3:0x00000001 PA:0xxxxxxxxx
     494595.000 ns	     49458	80009eb8	ff9ff06f	jal	x0,80009eb4	
     494645.000 ns	     49463	80009eb0	00036f17	auipc	x30,0x36	 x30=0x8003feb0
     494655.000 ns	     49464	80009eb4	143f2823	sw	x3,336(x30)	 x30:0x8003feb0  x3:0x00000001 PA:0xxxxxxxxx
     494675.000 ns	     49466	80009eb8	ff9ff06f	jal	x0,80009eb4	
     494725.000 ns	     49471	80009eb0	00036f17	auipc	x30,0x36	 x30=0x8003feb0
     494735.000 ns	     49472	80009eb4	143f2823	sw	x3,336(x30)	 x30:0x8003feb0  x3:0x00000001 PA:0xxxxxxxxx
     494755.000 ns	     49474	80009eb8	ff9ff06f	jal	x0,80009eb4	
     494805.000 ns	     49479	80009eb0	00036f17	auipc	x30,0x36	 x30=0x8003feb0
     494815.000 ns	     49480	80009eb4	143f2823	sw	x3,336(x30)	 x30:0x8003feb0  x3:0x00000001 PA:0xxxxxxxxx
     494835.000 ns	     49482	80009eb8	ff9ff06f	jal	x0,80009eb4	
     494885.000 ns	     49487	80009eb0	00036f17	auipc	x30,0x36	 x30=0x8003feb0
     494895.000 ns	     49488	80009eb4	143f2823	sw	x3,336(x30)	 x30:0x8003feb0  x3:0x00000001 PA:0xxxxxxxxx
     494915.000 ns	     49490	80009eb8	ff9ff06f	jal	x0,80009eb4	
     494965.000 ns	     49495	80009eb0	00036f17	auipc	x30,0x36	 x30=0x8003feb0
     494975.000 ns	     49496	80009eb4	143f2823	sw	x3,336(x30)	 x30:0x8003feb0  x3:0x00000001 PA:0xxxxxxxxx
     494995.000 ns	     49498	80009eb8	ff9ff06f	jal	x0,80009eb4	
     495045.000 ns	     49503	80009eb0	00036f17	auipc	x30,0x36	 x30=0x8003feb0
     495055.000 ns	     49504	80009eb4	143f2823	sw	x3,336(x30)	 x30:0x8003feb0  x3:0x00000001 PA:0xxxxxxxxx
     495075.000 ns	     49506	80009eb8	ff9ff06f	jal	x0,80009eb4	
     495125.000 ns	     49511	80009eb0	00036f17	auipc	x30,0x36	 x30=0x8003feb0
     495135.000 ns	     49512	80009eb4	143f2823	sw	x3,336(x30)	 x30:0x8003feb0  x3:0x00000001 PA:0xxxxxxxxx
     495155.000 ns	     49514	80009eb8	ff9ff06f	jal	x0,80009eb4	
     495205.000 ns	     49519	80009eb0	00036f17	auipc	x30,0x36	 x30=0x8003feb0
     495215.000 ns	     49520	80009eb4	143f2823	sw	x3,336(x30)	 x30:0x8003feb0  x3:0x00000001 PA:0xxxxxxxxx
     495235.000 ns	     49522	80009eb8	ff9ff06f	jal	x0,80009eb4	
     495285.000 ns	     49527	80009eb0	00036f17	auipc	x30,0x36	 x30=0x8003feb0
     495295.000 ns	     49528	80009eb4	143f2823	sw	x3,336(x30)	 x30:0x8003feb0  x3:0x00000001 PA:0xxxxxxxxx
     495315.000 ns	     49530	80009eb8	ff9ff06f	jal	x0,80009eb4	
     495365.000 ns	     49535	80009eb0	00036f17	auipc	x30,0x36	 x30=0x8003feb0
     495375.000 ns	     49536	80009eb4	143f2823	sw	x3,336(x30)	 x30:0x8003feb0  x3:0x00000001 PA:0xxxxxxxxx
     495395.000 ns	     49538	80009eb8	ff9ff06f	jal	x0,80009eb4	
     495445.000 ns	     49543	80009eb0	00036f17	auipc	x30,0x36	 x30=0x8003feb0
     495455.000 ns	     49544	80009eb4	143f2823	sw	x3,336(x30)	 x30:0x8003feb0  x3:0x00000001 PA:0xxxxxxxxx
     495475.000 ns	     49546	80009eb8	ff9ff06f	jal	x0,80009eb4	
     495525.000 ns	     49551	80009eb0	00036f17	auipc	x30,0x36	 x30=0x8003feb0
     495535.000 ns	     49552	80009eb4	143f2823	sw	x3,336(x30)	 x30:0x8003feb0  x3:0x00000001 PA:0xxxxxxxxx
     495555.000 ns	     49554	80009eb8	ff9ff06f	jal	x0,80009eb4	
     495605.000 ns	     49559	80009eb0	00036f17	auipc	x30,0x36	 x30=0x8003feb0
     495615.000 ns	     49560	80009eb4	143f2823	sw	x3,336(x30)	 x30:0x8003feb0  x3:0x00000001 PA:0xxxxxxxxx
     495635.000 ns	     49562	80009eb8	ff9ff06f	jal	x0,80009eb4	
     495685.000 ns	     49567	80009eb0	00036f17	auipc	x30,0x36	 x30=0x8003feb0
     495695.000 ns	     49568	80009eb4	143f2823	sw	x3,336(x30)	 x30:0x8003feb0  x3:0x00000001 PA:0xxxxxxxxx
     495715.000 ns	     49570	80009eb8	ff9ff06f	jal	x0,80009eb4	
     495765.000 ns	     49575	80009eb0	00036f17	auipc	x30,0x36	 x30=0x8003feb0
     495775.000 ns	     49576	80009eb4	143f2823	sw	x3,336(x30)	 x30:0x8003feb0  x3:0x00000001 PA:0xxxxxxxxx
     495795.000 ns	     49578	80009eb8	ff9ff06f	jal	x0,80009eb4	
     495845.000 ns	     49583	80009eb0	00036f17	auipc	x30,0x36	 x30=0x8003feb0
     495855.000 ns	     49584	80009eb4	143f2823	sw	x3,336(x30)	 x30:0x8003feb0  x3:0x00000001 PA:0xxxxxxxxx
     495875.000 ns	     49586	80009eb8	ff9ff06f	jal	x0,80009eb4	
     495925.000 ns	     49591	80009eb0	00036f17	auipc	x30,0x36	 x30=0x8003feb0
     495935.000 ns	     49592	80009eb4	143f2823	sw	x3,336(x30)	 x30:0x8003feb0  x3:0x00000001 PA:0xxxxxxxxx
     495955.000 ns	     49594	80009eb8	ff9ff06f	jal	x0,80009eb4	
     496005.000 ns	     49599	80009eb0	00036f17	auipc	x30,0x36	 x30=0x8003feb0
     496015.000 ns	     49600	80009eb4	143f2823	sw	x3,336(x30)	 x30:0x8003feb0  x3:0x00000001 PA:0xxxxxxxxx
     496035.000 ns	     49602	80009eb8	ff9ff06f	jal	x0,80009eb4	
     496085.000 ns	     49607	80009eb0	00036f17	auipc	x30,0x36	 x30=0x8003feb0
     496095.000 ns	     49608	80009eb4	143f2823	sw	x3,336(x30)	 x30:0x8003feb0  x3:0x00000001 PA:0xxxxxxxxx
     496115.000 ns	     49610	80009eb8	ff9ff06f	jal	x0,80009eb4	
     496165.000 ns	     49615	80009eb0	00036f17	auipc	x30,0x36	 x30=0x8003feb0
     496175.000 ns	     49616	80009eb4	143f2823	sw	x3,336(x30)	 x30:0x8003feb0  x3:0x00000001 PA:0xxxxxxxxx
     496195.000 ns	     49618	80009eb8	ff9ff06f	jal	x0,80009eb4	
     496245.000 ns	     49623	80009eb0	00036f17	auipc	x30,0x36	 x30=0x8003feb0
     496255.000 ns	     49624	80009eb4	143f2823	sw	x3,336(x30)	 x30:0x8003feb0  x3:0x00000001 PA:0xxxxxxxxx
     496275.000 ns	     49626	80009eb8	ff9ff06f	jal	x0,80009eb4	
     496325.000 ns	     49631	80009eb0	00036f17	auipc	x30,0x36	 x30=0x8003feb0
     496335.000 ns	     49632	80009eb4	143f2823	sw	x3,336(x30)	 x30:0x8003feb0  x3:0x00000001 PA:0xxxxxxxxx
     496355.000 ns	     49634	80009eb8	ff9ff06f	jal	x0,80009eb4	
     496405.000 ns	     49639	80009eb0	00036f17	auipc	x30,0x36	 x30=0x8003feb0
     496415.000 ns	     49640	80009eb4	143f2823	sw	x3,336(x30)	 x30:0x8003feb0  x3:0x00000001 PA:0xxxxxxxxx
     496435.000 ns	     49642	80009eb8	ff9ff06f	jal	x0,80009eb4	
     496485.000 ns	     49647	80009eb0	00036f17	auipc	x30,0x36	 x30=0x8003feb0
     496495.000 ns	     49648	80009eb4	143f2823	sw	x3,336(x30)	 x30:0x8003feb0  x3:0x00000001 PA:0xxxxxxxxx
     496515.000 ns	     49650	80009eb8	ff9ff06f	jal	x0,80009eb4	
     496565.000 ns	     49655	80009eb0	00036f17	auipc	x30,0x36	 x30=0x8003feb0
     496575.000 ns	     49656	80009eb4	143f2823	sw	x3,336(x30)	 x30:0x8003feb0  x3:0x00000001 PA:0xxxxxxxxx
     496595.000 ns	     49658	80009eb8	ff9ff06f	jal	x0,80009eb4	
     496645.000 ns	     49663	80009eb0	00036f17	auipc	x30,0x36	 x30=0x8003feb0
     496655.000 ns	     49664	80009eb4	143f2823	sw	x3,336(x30)	 x30:0x8003feb0  x3:0x00000001 PA:0xxxxxxxxx
     496675.000 ns	     49666	80009eb8	ff9ff06f	jal	x0,80009eb4	
     496725.000 ns	     49671	80009eb0	00036f17	auipc	x30,0x36	 x30=0x8003feb0
     496735.000 ns	     49672	80009eb4	143f2823	sw	x3,336(x30)	 x30:0x8003feb0  x3:0x00000001 PA:0xxxxxxxxx
     496755.000 ns	     49674	80009eb8	ff9ff06f	jal	x0,80009eb4	
     496805.000 ns	     49679	80009eb0	00036f17	auipc	x30,0x36	 x30=0x8003feb0
     496815.000 ns	     49680	80009eb4	143f2823	sw	x3,336(x30)	 x30:0x8003feb0  x3:0x00000001 PA:0xxxxxxxxx
     496835.000 ns	     49682	80009eb8	ff9ff06f	jal	x0,80009eb4	
     496885.000 ns	     49687	80009eb0	00036f17	auipc	x30,0x36	 x30=0x8003feb0
     496895.000 ns	     49688	80009eb4	143f2823	sw	x3,336(x30)	 x30:0x8003feb0  x3:0x00000001 PA:0xxxxxxxxx
     496915.000 ns	     49690	80009eb8	ff9ff06f	jal	x0,80009eb4	
     496965.000 ns	     49695	80009eb0	00036f17	auipc	x30,0x36	 x30=0x8003feb0
     496975.000 ns	     49696	80009eb4	143f2823	sw	x3,336(x30)	 x30:0x8003feb0  x3:0x00000001 PA:0xxxxxxxxx
     496995.000 ns	     49698	80009eb8	ff9ff06f	jal	x0,80009eb4	
     497045.000 ns	     49703	80009eb0	00036f17	auipc	x30,0x36	 x30=0x8003feb0
     497055.000 ns	     49704	80009eb4	143f2823	sw	x3,336(x30)	 x30:0x8003feb0  x3:0x00000001 PA:0xxxxxxxxx
     497075.000 ns	     49706	80009eb8	ff9ff06f	jal	x0,80009eb4	
     497125.000 ns	     49711	80009eb0	00036f17	auipc	x30,0x36	 x30=0x8003feb0
     497135.000 ns	     49712	80009eb4	143f2823	sw	x3,336(x30)	 x30:0x8003feb0  x3:0x00000001 PA:0xxxxxxxxx
     497155.000 ns	     49714	80009eb8	ff9ff06f	jal	x0,80009eb4	
     497205.000 ns	     49719	80009eb0	00036f17	auipc	x30,0x36	 x30=0x8003feb0
     497215.000 ns	     49720	80009eb4	143f2823	sw	x3,336(x30)	 x30:0x8003feb0  x3:0x00000001 PA:0xxxxxxxxx
     497235.000 ns	     49722	80009eb8	ff9ff06f	jal	x0,80009eb4	
     497285.000 ns	     49727	80009eb0	00036f17	auipc	x30,0x36	 x30=0x8003feb0
     497295.000 ns	     49728	80009eb4	143f2823	sw	x3,336(x30)	 x30:0x8003feb0  x3:0x00000001 PA:0xxxxxxxxx
     497315.000 ns	     49730	80009eb8	ff9ff06f	jal	x0,80009eb4	
     497365.000 ns	     49735	80009eb0	00036f17	auipc	x30,0x36	 x30=0x8003feb0
     497375.000 ns	     49736	80009eb4	143f2823	sw	x3,336(x30)	 x30:0x8003feb0  x3:0x00000001 PA:0xxxxxxxxx
     497395.000 ns	     49738	80009eb8	ff9ff06f	jal	x0,80009eb4	
     497445.000 ns	     49743	80009eb0	00036f17	auipc	x30,0x36	 x30=0x8003feb0
     497455.000 ns	     49744	80009eb4	143f2823	sw	x3,336(x30)	 x30:0x8003feb0  x3:0x00000001 PA:0xxxxxxxxx
     497475.000 ns	     49746	80009eb8	ff9ff06f	jal	x0,80009eb4	
     497525.000 ns	     49751	80009eb0	00036f17	auipc	x30,0x36	 x30=0x8003feb0
     497535.000 ns	     49752	80009eb4	143f2823	sw	x3,336(x30)	 x30:0x8003feb0  x3:0x00000001 PA:0xxxxxxxxx
     497555.000 ns	     49754	80009eb8	ff9ff06f	jal	x0,80009eb4	
     497605.000 ns	     49759	80009eb0	00036f17	auipc	x30,0x36	 x30=0x8003feb0
     497615.000 ns	     49760	80009eb4	143f2823	sw	x3,336(x30)	 x30:0x8003feb0  x3:0x00000001 PA:0xxxxxxxxx
     497635.000 ns	     49762	80009eb8	ff9ff06f	jal	x0,80009eb4	
     497685.000 ns	     49767	80009eb0	00036f17	auipc	x30,0x36	 x30=0x8003feb0
     497695.000 ns	     49768	80009eb4	143f2823	sw	x3,336(x30)	 x30:0x8003feb0  x3:0x00000001 PA:0xxxxxxxxx
     497715.000 ns	     49770	80009eb8	ff9ff06f	jal	x0,80009eb4	
     497765.000 ns	     49775	80009eb0	00036f17	auipc	x30,0x36	 x30=0x8003feb0
     497775.000 ns	     49776	80009eb4	143f2823	sw	x3,336(x30)	 x30:0x8003feb0  x3:0x00000001 PA:0xxxxxxxxx
     497795.000 ns	     49778	80009eb8	ff9ff06f	jal	x0,80009eb4	
     497845.000 ns	     49783	80009eb0	00036f17	auipc	x30,0x36	 x30=0x8003feb0
     497855.000 ns	     49784	80009eb4	143f2823	sw	x3,336(x30)	 x30:0x8003feb0  x3:0x00000001 PA:0xxxxxxxxx
     497875.000 ns	     49786	80009eb8	ff9ff06f	jal	x0,80009eb4	
     497925.000 ns	     49791	80009eb0	00036f17	auipc	x30,0x36	 x30=0x8003feb0
     497935.000 ns	     49792	80009eb4	143f2823	sw	x3,336(x30)	 x30:0x8003feb0  x3:0x00000001 PA:0xxxxxxxxx
     497955.000 ns	     49794	80009eb8	ff9ff06f	jal	x0,80009eb4	
     498005.000 ns	     49799	80009eb0	00036f17	auipc	x30,0x36	 x30=0x8003feb0
     498015.000 ns	     49800	80009eb4	143f2823	sw	x3,336(x30)	 x30:0x8003feb0  x3:0x00000001 PA:0xxxxxxxxx
     498035.000 ns	     49802	80009eb8	ff9ff06f	jal	x0,80009eb4	
     498085.000 ns	     49807	80009eb0	00036f17	auipc	x30,0x36	 x30=0x8003feb0
     498095.000 ns	     49808	80009eb4	143f2823	sw	x3,336(x30)	 x30:0x8003feb0  x3:0x00000001 PA:0xxxxxxxxx
     498115.000 ns	     49810	80009eb8	ff9ff06f	jal	x0,80009eb4	
     498165.000 ns	     49815	80009eb0	00036f17	auipc	x30,0x36	 x30=0x8003feb0
     498175.000 ns	     49816	80009eb4	143f2823	sw	x3,336(x30)	 x30:0x8003feb0  x3:0x00000001 PA:0xxxxxxxxx
     498195.000 ns	     49818	80009eb8	ff9ff06f	jal	x0,80009eb4	
     498245.000 ns	     49823	80009eb0	00036f17	auipc	x30,0x36	 x30=0x8003feb0
     498255.000 ns	     49824	80009eb4	143f2823	sw	x3,336(x30)	 x30:0x8003feb0  x3:0x00000001 PA:0xxxxxxxxx
     498275.000 ns	     49826	80009eb8	ff9ff06f	jal	x0,80009eb4	
     498325.000 ns	     49831	80009eb0	00036f17	auipc	x30,0x36	 x30=0x8003feb0
     498335.000 ns	     49832	80009eb4	143f2823	sw	x3,336(x30)	 x30:0x8003feb0  x3:0x00000001 PA:0xxxxxxxxx
     498355.000 ns	     49834	80009eb8	ff9ff06f	jal	x0,80009eb4	
     498405.000 ns	     49839	80009eb0	00036f17	auipc	x30,0x36	 x30=0x8003feb0
     498415.000 ns	     49840	80009eb4	143f2823	sw	x3,336(x30)	 x30:0x8003feb0  x3:0x00000001 PA:0xxxxxxxxx
     498435.000 ns	     49842	80009eb8	ff9ff06f	jal	x0,80009eb4	
     498485.000 ns	     49847	80009eb0	00036f17	auipc	x30,0x36	 x30=0x8003feb0
     498495.000 ns	     49848	80009eb4	143f2823	sw	x3,336(x30)	 x30:0x8003feb0  x3:0x00000001 PA:0xxxxxxxxx
     498515.000 ns	     49850	80009eb8	ff9ff06f	jal	x0,80009eb4	
     498565.000 ns	     49855	80009eb0	00036f17	auipc	x30,0x36	 x30=0x8003feb0
     498575.000 ns	     49856	80009eb4	143f2823	sw	x3,336(x30)	 x30:0x8003feb0  x3:0x00000001 PA:0xxxxxxxxx
     498595.000 ns	     49858	80009eb8	ff9ff06f	jal	x0,80009eb4	
     498645.000 ns	     49863	80009eb0	00036f17	auipc	x30,0x36	 x30=0x8003feb0
     498655.000 ns	     49864	80009eb4	143f2823	sw	x3,336(x30)	 x30:0x8003feb0  x3:0x00000001 PA:0xxxxxxxxx
     498675.000 ns	     49866	80009eb8	ff9ff06f	jal	x0,80009eb4	
     498725.000 ns	     49871	80009eb0	00036f17	auipc	x30,0x36	 x30=0x8003feb0
     498735.000 ns	     49872	80009eb4	143f2823	sw	x3,336(x30)	 x30:0x8003feb0  x3:0x00000001 PA:0xxxxxxxxx
     498755.000 ns	     49874	80009eb8	ff9ff06f	jal	x0,80009eb4	
     498805.000 ns	     49879	80009eb0	00036f17	auipc	x30,0x36	 x30=0x8003feb0
     498815.000 ns	     49880	80009eb4	143f2823	sw	x3,336(x30)	 x30:0x8003feb0  x3:0x00000001 PA:0xxxxxxxxx
     498835.000 ns	     49882	80009eb8	ff9ff06f	jal	x0,80009eb4	
     498885.000 ns	     49887	80009eb0	00036f17	auipc	x30,0x36	 x30=0x8003feb0
     498895.000 ns	     49888	80009eb4	143f2823	sw	x3,336(x30)	 x30:0x8003feb0  x3:0x00000001 PA:0xxxxxxxxx
     498915.000 ns	     49890	80009eb8	ff9ff06f	jal	x0,80009eb4	
     498965.000 ns	     49895	80009eb0	00036f17	auipc	x30,0x36	 x30=0x8003feb0
     498975.000 ns	     49896	80009eb4	143f2823	sw	x3,336(x30)	 x30:0x8003feb0  x3:0x00000001 PA:0xxxxxxxxx
     498995.000 ns	     49898	80009eb8	ff9ff06f	jal	x0,80009eb4	
     499045.000 ns	     49903	80009eb0	00036f17	auipc	x30,0x36	 x30=0x8003feb0
     499055.000 ns	     49904	80009eb4	143f2823	sw	x3,336(x30)	 x30:0x8003feb0  x3:0x00000001 PA:0xxxxxxxxx
     499075.000 ns	     49906	80009eb8	ff9ff06f	jal	x0,80009eb4	
     499125.000 ns	     49911	80009eb0	00036f17	auipc	x30,0x36	 x30=0x8003feb0
     499135.000 ns	     49912	80009eb4	143f2823	sw	x3,336(x30)	 x30:0x8003feb0  x3:0x00000001 PA:0xxxxxxxxx
     499155.000 ns	     49914	80009eb8	ff9ff06f	jal	x0,80009eb4	
     499205.000 ns	     49919	80009eb0	00036f17	auipc	x30,0x36	 x30=0x8003feb0
     499215.000 ns	     49920	80009eb4	143f2823	sw	x3,336(x30)	 x30:0x8003feb0  x3:0x00000001 PA:0xxxxxxxxx
     499235.000 ns	     49922	80009eb8	ff9ff06f	jal	x0,80009eb4	
     499285.000 ns	     49927	80009eb0	00036f17	auipc	x30,0x36	 x30=0x8003feb0
     499295.000 ns	     49928	80009eb4	143f2823	sw	x3,336(x30)	 x30:0x8003feb0  x3:0x00000001 PA:0xxxxxxxxx
     499315.000 ns	     49930	80009eb8	ff9ff06f	jal	x0,80009eb4	
     499365.000 ns	     49935	80009eb0	00036f17	auipc	x30,0x36	 x30=0x8003feb0
     499375.000 ns	     49936	80009eb4	143f2823	sw	x3,336(x30)	 x30:0x8003feb0  x3:0x00000001 PA:0xxxxxxxxx
     499395.000 ns	     49938	80009eb8	ff9ff06f	jal	x0,80009eb4	
     499445.000 ns	     49943	80009eb0	00036f17	auipc	x30,0x36	 x30=0x8003feb0
     499455.000 ns	     49944	80009eb4	143f2823	sw	x3,336(x30)	 x30:0x8003feb0  x3:0x00000001 PA:0xxxxxxxxx
     499475.000 ns	     49946	80009eb8	ff9ff06f	jal	x0,80009eb4	
     499525.000 ns	     49951	80009eb0	00036f17	auipc	x30,0x36	 x30=0x8003feb0
     499535.000 ns	     49952	80009eb4	143f2823	sw	x3,336(x30)	 x30:0x8003feb0  x3:0x00000001 PA:0xxxxxxxxx
     499555.000 ns	     49954	80009eb8	ff9ff06f	jal	x0,80009eb4	
     499605.000 ns	     49959	80009eb0	00036f17	auipc	x30,0x36	 x30=0x8003feb0
     499615.000 ns	     49960	80009eb4	143f2823	sw	x3,336(x30)	 x30:0x8003feb0  x3:0x00000001 PA:0xxxxxxxxx
     499635.000 ns	     49962	80009eb8	ff9ff06f	jal	x0,80009eb4	
     499685.000 ns	     49967	80009eb0	00036f17	auipc	x30,0x36	 x30=0x8003feb0
     499695.000 ns	     49968	80009eb4	143f2823	sw	x3,336(x30)	 x30:0x8003feb0  x3:0x00000001 PA:0xxxxxxxxx
     499715.000 ns	     49970	80009eb8	ff9ff06f	jal	x0,80009eb4	
     499765.000 ns	     49975	80009eb0	00036f17	auipc	x30,0x36	 x30=0x8003feb0
     499775.000 ns	     49976	80009eb4	143f2823	sw	x3,336(x30)	 x30:0x8003feb0  x3:0x00000001 PA:0xxxxxxxxx
     499795.000 ns	     49978	80009eb8	ff9ff06f	jal	x0,80009eb4	
     499845.000 ns	     49983	80009eb0	00036f17	auipc	x30,0x36	 x30=0x8003feb0
     499855.000 ns	     49984	80009eb4	143f2823	sw	x3,336(x30)	 x30:0x8003feb0  x3:0x00000001 PA:0xxxxxxxxx
     499875.000 ns	     49986	80009eb8	ff9ff06f	jal	x0,80009eb4	
     499925.000 ns	     49991	80009eb0	00036f17	auipc	x30,0x36	 x30=0x8003feb0
     499935.000 ns	     49992	80009eb4	143f2823	sw	x3,336(x30)	 x30:0x8003feb0  x3:0x00000001 PA:0xxxxxxxxx
     499955.000 ns	     49994	80009eb8	ff9ff06f	jal	x0,80009eb4	
